<?xml version="1.0" encoding="UTF-8"?>
<corpus lang="bg" name="test-bg" sources="wordnet-bulgarian">
   <text id="d000">
      <sentence id="d000.s000" source="wordnet-bulgarian">
         <wf lemma="воден" pos="X">воден</wf>
         <instance id="d000.s000.t000" lemma="комар" pos="NOUN">комар</instance>
         <wf lemma="." pos="X">.</wf>
      </sentence>
      <sentence id="d000.s001" source="wordnet-bulgarian">
         <wf lemma="под" pos="X">под</wf>
         <instance id="d000.s001.t000" lemma="арест" pos="NOUN">арест</instance>
         <wf lemma="." pos="X">.</wf>
      </sentence>
      <sentence id="d000.s002" source="wordnet-bulgarian">
         <wf lemma="оригинален" pos="X">оригинален</wf>
         <instance id="d000.s002.t000" lemma="текст" pos="NOUN">текст</instance>
         <wf lemma="." pos="X">.</wf>
      </sentence>
      <sentence id="d000.s003" source="wordnet-bulgarian">
         <wf lemma="нервен" pos="X">нервен</wf>
         <instance id="d000.s003.t000" lemma="тон" pos="NOUN">тон</instance>
         <wf lemma="." pos="X">.</wf>
      </sentence>
      <sentence id="d000.s004" source="wordnet-bulgarian">
         <wf lemma="В" pos="X">В</wf>
         <wf lemma="повечето" pos="X">повечето</wf>
         <instance id="d000.s004.t000" lemma="случай" pos="NOUN">случаи</instance>
         <wf lemma="вината" pos="X">вината</wf>
         <wf lemma="е" pos="X">е</wf>
         <wf lemma="наша" pos="X">наша</wf>
         <wf lemma="." pos="X">.</wf>
      </sentence>
      <sentence id="d000.s005" source="wordnet-bulgarian">
         <instance id="d000.s005.t000" lemma="стъпвам" pos="VERB">стъпвам</instance>
         <wf lemma="на" pos="X">на</wf>
         <wf lemma="земята" pos="X">земята</wf>
         <wf lemma="." pos="X">.</wf>
      </sentence>
      <sentence id="d000.s006" source="wordnet-bulgarian">
         <instance id="d000.s006.t000" lemma="липсвам" pos="VERB">липсва</instance>
         <wf lemma="ми" pos="X">ми</wf>
         <wf lemma="домът" pos="X">домът</wf>
         <wf lemma="." pos="X">.</wf>
      </sentence>
      <sentence id="d000.s007" source="wordnet-bulgarian">
         <wf lemma="второ" pos="X">второ</wf>
         <instance id="d000.s007.t000" lemma="издание" pos="NOUN">издание</instance>
         <wf lemma="на" pos="X">на</wf>
         <wf lemma="книга" pos="X">книга</wf>
         <wf lemma="." pos="X">.</wf>
      </sentence>
      <sentence id="d000.s008" source="wordnet-bulgarian">
         <wf lemma="комично" pos="X">комично</wf>
         <instance id="d000.s008.t000" lemma="положение" pos="NOUN">положение</instance>
         <wf lemma="." pos="X">.</wf>
      </sentence>
      <sentence id="d000.s009" source="wordnet-bulgarian">
         <wf lemma="Спорът" pos="X">Спорът</wf>
         <wf lemma="завърши" pos="X">завърши</wf>
         <wf lemma="с" pos="X">с</wf>
         <instance id="d000.s009.t000" lemma="бой" pos="NOUN">бой</instance>
         <wf lemma="." pos="X">.</wf>
      </sentence>
      <sentence id="d000.s010" source="wordnet-bulgarian">
         <wf lemma="Той" pos="X">Той</wf>
         <wf lemma="имаше" pos="X">имаше</wf>
         <wf lemma="страхотен" pos="X">страхотен</wf>
         <instance id="d000.s010.t000" lemma="усет" pos="NOUN">усет</instance>
         <wf lemma="за" pos="X">за</wf>
         <wf lemma="музика" pos="X">музика</wf>
         <wf lemma="." pos="X">.</wf>
      </sentence>
      <sentence id="d000.s011" source="wordnet-bulgarian">
         <wf lemma="въоръжен" pos="X">въоръжен</wf>
         <instance id="d000.s011.t000" lemma="конфликт" pos="NOUN">конфликт</instance>
         <wf lemma="." pos="X">.</wf>
      </sentence>
      <sentence id="d000.s012" source="wordnet-bulgarian">
         <wf lemma="големи" pos="X">големи</wf>
         <instance id="d000.s012.t000" lemma="разногласие" pos="NOUN">разногласия</instance>
         <wf lemma="." pos="X">.</wf>
      </sentence>
      <sentence id="d000.s013" source="wordnet-bulgarian">
         <wf lemma="рецепта" pos="X">рецепта</wf>
         <wf lemma="за" pos="X">за</wf>
         <instance id="d000.s013.t000" lemma="конфитюр" pos="NOUN">конфитюр</instance>
         <wf lemma="." pos="X">.</wf>
      </sentence>
      <sentence id="d000.s014" source="wordnet-bulgarian">
         <wf lemma="показвам" pos="X">показвам</wf>
         <instance id="d000.s014.t000" lemma="одобрение" pos="NOUN">одобрението</instance>
         <wf lemma="си" pos="X">си</wf>
         <wf lemma="." pos="X">.</wf>
      </sentence>
      <sentence id="d000.s015" source="wordnet-bulgarian">
         <wf lemma="Обед" pos="X">Обед</wf>
         <wf lemma="от" pos="X">от</wf>
         <wf lemma="две" pos="X">две</wf>
         <instance id="d000.s015.t000" lemma="ядене" pos="NOUN">яденета</instance>
         <wf lemma="." pos="X">.</wf>
      </sentence>
      <sentence id="d000.s016" source="wordnet-bulgarian">
         <wf lemma="стовариха" pos="X">стовариха</wf>
         <wf lemma="ми" pos="X">ми</wf>
         <wf lemma="се" pos="X">се</wf>
         <instance id="d000.s016.t000" lemma="грижа" pos="NOUN">грижи</instance>
         <wf lemma="на" pos="X">на</wf>
         <wf lemma="главата" pos="X">главата</wf>
         <wf lemma="." pos="X">.</wf>
      </sentence>
      <sentence id="d000.s017" source="wordnet-bulgarian">
         <wf lemma="технически" pos="X">технически</wf>
         <instance id="d000.s017.t000" lemma="персонал" pos="NOUN">персонал</instance>
         <wf lemma="." pos="X">.</wf>
      </sentence>
      <sentence id="d000.s018" source="wordnet-bulgarian">
         <instance id="d000.s018.t000" lemma="обобщение" pos="NOUN">обобщение</instance>
         <wf lemma="на" pos="X">на</wf>
         <wf lemma="." pos="X">.</wf>
      </sentence>
      <sentence id="d000.s019" source="wordnet-bulgarian">
         <instance id="d000.s019.t000" lemma="внос" pos="NOUN">внос</instance>
         <wf lemma="от" pos="X">от</wf>
         <wf lemma="Америка" pos="X">Америка</wf>
         <wf lemma="." pos="X">.</wf>
      </sentence>
      <sentence id="d000.s020" source="wordnet-bulgarian">
         <wf lemma="под" pos="X">под</wf>
         <instance id="d000.s020.t000" lemma="налягане" pos="NOUN">налягане</instance>
         <wf lemma="." pos="X">.</wf>
      </sentence>
      <sentence id="d000.s021" source="wordnet-bulgarian">
         <wf lemma="повърхностни" pos="X">повърхностни</wf>
         <instance id="d000.s021.t000" lemma="познание" pos="NOUN">познания</instance>
         <wf lemma="." pos="X">.</wf>
      </sentence>
      <sentence id="d000.s022" source="wordnet-bulgarian">
         <wf lemma="забранявам" pos="X">забранявам</wf>
         <wf lemma="нещо" pos="X">нещо</wf>
         <wf lemma="с" pos="X">с</wf>
         <instance id="d000.s022.t000" lemma="глоба" pos="NOUN">глоба</instance>
         <wf lemma="." pos="X">.</wf>
      </sentence>
      <sentence id="d000.s023" source="wordnet-bulgarian">
         <wf lemma="житейски" pos="X">житейски</wf>
         <instance id="d000.s023.t000" lemma="опит" pos="NOUN">опит</instance>
         <wf lemma="." pos="X">.</wf>
      </sentence>
      <sentence id="d000.s024" source="wordnet-bulgarian">
         <wf lemma="качвам" pos="X">качвам</wf>
         <wf lemma="се" pos="X">се</wf>
         <wf lemma="по" pos="X">по</wf>
         <instance id="d000.s024.t000" lemma="стълбище" pos="NOUN">стълбището</instance>
         <wf lemma="." pos="X">.</wf>
      </sentence>
      <sentence id="d000.s025" source="wordnet-bulgarian">
         <wf lemma="живея" pos="X">живея</wf>
         <wf lemma="на" pos="X">на</wf>
         <instance id="d000.s025.t000" lemma="село" pos="NOUN">село</instance>
         <wf lemma="." pos="X">.</wf>
      </sentence>
      <sentence id="d000.s026" source="wordnet-bulgarian">
         <instance id="d000.s026.t000" lemma="движа" pos="VERB">движа</instance>
         <wf lemma="пръсти" pos="X">пръсти</wf>
         <wf lemma="." pos="X">.</wf>
      </sentence>
      <sentence id="d000.s027" source="wordnet-bulgarian">
         <wf lemma="обичам" pos="X">обичам</wf>
         <instance id="d000.s027.t000" lemma="джаз" pos="NOUN">джаз</instance>
         <wf lemma="." pos="X">.</wf>
      </sentence>
      <sentence id="d000.s028" source="wordnet-bulgarian">
         <wf lemma="с" pos="X">с</wf>
         <instance id="d000.s028.t000" lemma="изненада" pos="NOUN">изненада</instance>
         <wf lemma="научих" pos="X">научих</wf>
         <wf lemma="," pos="X">,</wf>
         <wf lemma="че" pos="X">че</wf>
         <wf lemma="." pos="X">.</wf>
      </sentence>
      <sentence id="d000.s029" source="wordnet-bulgarian">
         <wf lemma="изразявам" pos="X">изразявам</wf>
         <instance id="d000.s029.t000" lemma="протест" pos="NOUN">протест</instance>
         <wf lemma="срещу" pos="X">срещу</wf>
         <wf lemma="." pos="X">.</wf>
      </sentence>
      <sentence id="d000.s030" source="wordnet-bulgarian">
         <wf lemma="концертна" pos="X">концертна</wf>
         <instance id="d000.s030.t000" lemma="зала" pos="NOUN">зала</instance>
         <wf lemma="." pos="X">.</wf>
      </sentence>
      <sentence id="d000.s031" source="wordnet-bulgarian">
         <wf lemma="кухненски" pos="X">кухненски</wf>
         <instance id="d000.s031.t000" lemma="нож" pos="NOUN">нож</instance>
         <wf lemma="." pos="X">.</wf>
      </sentence>
      <sentence id="d000.s032" source="wordnet-bulgarian">
         <wf lemma="правя" pos="X">правя</wf>
         <wf lemma="си" pos="X">си</wf>
         <instance id="d000.s032.t000" lemma="приспособление" pos="NOUN">приспособление</instance>
         <wf lemma="за" pos="X">за</wf>
         <wf lemma="." pos="X">.</wf>
      </sentence>
      <sentence id="d000.s033" source="wordnet-bulgarian">
         <wf lemma="дълбока" pos="X">дълбока</wf>
         <instance id="d000.s033.t000" lemma="меланхолия" pos="NOUN">меланхолия</instance>
         <wf lemma="." pos="X">.</wf>
      </sentence>
      <sentence id="d000.s034" source="wordnet-bulgarian">
         <instance id="d000.s034.t000" lemma="рисувам" pos="VERB">рисувам</instance>
         <wf lemma="с" pos="X">с</wf>
         <wf lemma="маслени" pos="X">маслени</wf>
         <wf lemma="бои" pos="X">бои</wf>
         <wf lemma="." pos="X">.</wf>
      </sentence>
      <sentence id="d000.s035" source="wordnet-bulgarian">
         <wf lemma="кафе" pos="X">кафе</wf>
         <wf lemma="със" pos="X">със</wf>
         <instance id="d000.s035.t000" lemma="захар" pos="NOUN">захар</instance>
         <wf lemma="." pos="X">.</wf>
      </sentence>
      <sentence id="d000.s036" source="wordnet-bulgarian">
         <wf lemma="планински" pos="X">планински</wf>
         <instance id="d000.s036.t000" lemma="връх" pos="NOUN">връх</instance>
         <wf lemma="." pos="X">.</wf>
      </sentence>
      <sentence id="d000.s037" source="wordnet-bulgarian">
         <wf lemma="обличам" pos="X">обличам</wf>
         <wf lemma="си" pos="X">си</wf>
         <instance id="d000.s037.t000" lemma="яке" pos="NOUN">якето</instance>
         <wf lemma="." pos="X">.</wf>
      </sentence>
      <sentence id="d000.s038" source="wordnet-bulgarian">
         <wf lemma="Ще" pos="X">Ще</wf>
         <wf lemma="посрещам" pos="X">посрещам</wf>
         <instance id="d000.s038.t000" lemma="племенник" pos="NOUN">племенника</instance>
         <wf lemma="си" pos="X">си</wf>
         <wf lemma="на" pos="X">на</wf>
         <wf lemma="аерогарата" pos="X">аерогарата</wf>
         <wf lemma="." pos="X">.</wf>
      </sentence>
      <sentence id="d000.s039" source="wordnet-bulgarian">
         <instance id="d000.s039.t000" lemma="мирис" pos="NOUN">мирис</instance>
         <wf lemma="на" pos="X">на</wf>
         <wf lemma="тамян" pos="X">тамян</wf>
         <wf lemma="." pos="X">.</wf>
      </sentence>
      <sentence id="d000.s040" source="wordnet-bulgarian">
         <wf lemma="опитен" pos="X">опитен</wf>
         <instance id="d000.s040.t000" lemma="шофьор" pos="NOUN">шофьор</instance>
         <wf lemma="." pos="X">.</wf>
      </sentence>
      <sentence id="d000.s041" source="wordnet-bulgarian">
         <instance id="d000.s041.t000" lemma="данък" pos="NOUN">данък</instance>
         <wf lemma="добавена" pos="X">добавена</wf>
         <wf lemma="стойност" pos="X">стойност</wf>
         <wf lemma="." pos="X">.</wf>
      </sentence>
      <sentence id="d000.s042" source="wordnet-bulgarian">
         <wf lemma="предварителна" pos="X">предварителна</wf>
         <instance id="d000.s042.t000" lemma="подготовка" pos="NOUN">подготовка</instance>
         <wf lemma="." pos="X">.</wf>
      </sentence>
      <sentence id="d000.s043" source="wordnet-bulgarian">
         <wf lemma="след" pos="X">след</wf>
         <wf lemma="10" pos="X">10</wf>
         <instance id="d000.s043.t000" lemma="секунда" pos="NOUN">секунди</instance>
         <wf lemma="." pos="X">.</wf>
      </sentence>
      <sentence id="d000.s044" source="wordnet-bulgarian">
         <wf lemma="изявявам" pos="X">изявявам</wf>
         <instance id="d000.s044.t000" lemma="желание" pos="NOUN">желание</instance>
         <wf lemma="да" pos="X">да</wf>
         <wf lemma="." pos="X">.</wf>
      </sentence>
      <sentence id="d000.s045" source="wordnet-bulgarian">
         <wf lemma="лунна" pos="X">лунна</wf>
         <instance id="d000.s045.t000" lemma="повърхнина" pos="NOUN">повърхнина</instance>
         <wf lemma="." pos="X">.</wf>
      </sentence>
      <sentence id="d000.s046" source="wordnet-bulgarian">
         <wf lemma="Имам" pos="X">Имам</wf>
         <wf lemma="богата" pos="X">богата</wf>
         <instance id="d000.s046.t000" lemma="колекция" pos="NOUN">колекция</instance>
         <wf lemma="от" pos="X">от</wf>
         <wf lemma="българска" pos="X">българска</wf>
         <wf lemma="художествена" pos="X">художествена</wf>
         <wf lemma="литература" pos="X">литература</wf>
         <wf lemma="." pos="X">.</wf>
      </sentence>
      <sentence id="d000.s047" source="wordnet-bulgarian">
         <wf lemma="център" pos="X">център</wf>
         <wf lemma="на" pos="X">на</wf>
         <instance id="d000.s047.t000" lemma="внимание" pos="NOUN">внимание</instance>
         <wf lemma="съм" pos="X">съм</wf>
         <wf lemma="." pos="X">.</wf>
      </sentence>
      <sentence id="d000.s048" source="wordnet-bulgarian">
         <wf lemma="уиски" pos="X">уиски</wf>
         <wf lemma="с" pos="X">с</wf>
         <instance id="d000.s048.t000" lemma="лед" pos="NOUN">лед</instance>
         <wf lemma="." pos="X">.</wf>
      </sentence>
      <sentence id="d000.s049" source="wordnet-bulgarian">
         <wf lemma="правя" pos="X">правя</wf>
         <instance id="d000.s049.t000" lemma="откритие" pos="NOUN">откритие</instance>
         <wf lemma="." pos="X">.</wf>
      </sentence>
      <sentence id="d000.s050" source="wordnet-bulgarian">
         <instance id="d000.s050.t000" lemma="предпочитам" pos="VERB">Предпочитам</instance>
         <wf lemma="зима" pos="X">зима</wf>
         <wf lemma="пред" pos="X">пред</wf>
         <wf lemma="горещо" pos="X">горещо</wf>
         <wf lemma="лято" pos="X">лято</wf>
         <wf lemma="." pos="X">.</wf>
      </sentence>
      <sentence id="d000.s051" source="wordnet-bulgarian">
         <wf lemma="билет" pos="X">билет</wf>
         <wf lemma="за" pos="X">за</wf>
         <instance id="d000.s051.t000" lemma="музей" pos="NOUN">музей</instance>
         <wf lemma="." pos="X">.</wf>
      </sentence>
      <sentence id="d000.s052" source="wordnet-bulgarian">
         <instance id="d000.s052.t000" lemma="управление" pos="NOUN">Управлението</instance>
         <wf lemma="на" pos="X">на</wf>
         <wf lemma="страната" pos="X">страната</wf>
         <wf lemma="е" pos="X">е</wf>
         <wf lemma="в" pos="X">в</wf>
         <wf lemma="здрави" pos="X">здрави</wf>
         <wf lemma="ръце" pos="X">ръце</wf>
         <wf lemma="." pos="X">.</wf>
      </sentence>
      <sentence id="d000.s053" source="wordnet-bulgarian">
         <instance id="d000.s053.t000" lemma="подарявам" pos="VERB">подарявам</instance>
         <wf lemma="букет" pos="X">букет</wf>
         <wf lemma="." pos="X">.</wf>
      </sentence>
      <sentence id="d000.s054" source="wordnet-bulgarian">
         <wf lemma="застрахователна" pos="X">застрахователна</wf>
         <instance id="d000.s054.t000" lemma="полица" pos="NOUN">полица</instance>
         <wf lemma="." pos="X">.</wf>
      </sentence>
      <sentence id="d000.s055" source="wordnet-bulgarian">
         <wf lemma="Листата" pos="X">Листата</wf>
         <wf lemma="на" pos="X">на</wf>
         <wf lemma="дървото" pos="X">дървото</wf>
         <instance id="d000.s055.t000" lemma="треперя" pos="VERB">треперят</instance>
         <wf lemma="." pos="X">.</wf>
      </sentence>
      <sentence id="d000.s056" source="wordnet-bulgarian">
         <instance id="d000.s056.t000" lemma="атмосфера" pos="NOUN">атмосфера</instance>
         <wf lemma="на" pos="X">на</wf>
         <wf lemma="сигурност" pos="X">сигурност</wf>
         <wf lemma="." pos="X">.</wf>
      </sentence>
      <sentence id="d000.s057" source="wordnet-bulgarian">
         <wf lemma="хлъзгав" pos="X">хлъзгав</wf>
         <instance id="d000.s057.t000" lemma="път" pos="NOUN">път</instance>
         <wf lemma="." pos="X">.</wf>
      </sentence>
      <sentence id="d000.s058" source="wordnet-bulgarian">
         <wf lemma="лично" pos="X">лично</wf>
         <instance id="d000.s058.t000" lemma="оръжие" pos="NOUN">оръжие</instance>
         <wf lemma="." pos="X">.</wf>
      </sentence>
      <sentence id="d000.s059" source="wordnet-bulgarian">
         <wf lemma="правя" pos="X">правя</wf>
         <instance id="d000.s059.t000" lemma="посещение" pos="NOUN">посещение</instance>
         <wf lemma="." pos="X">.</wf>
      </sentence>
      <sentence id="d000.s060" source="wordnet-bulgarian">
         <wf lemma="книга" pos="X">книга</wf>
         <wf lemma="с" pos="X">с</wf>
         <wf lemma="бележки" pos="X">бележки</wf>
         <wf lemma="по" pos="X">по</wf>
         <instance id="d000.s060.t000" lemma="поле" pos="NOUN">полето</instance>
         <wf lemma="." pos="X">.</wf>
      </sentence>
      <sentence id="d000.s061" source="wordnet-bulgarian">
         <wf lemma="прикривам" pos="X">прикривам</wf>
         <instance id="d000.s061.t000" lemma="следа" pos="NOUN">следите</instance>
         <wf lemma="си" pos="X">си</wf>
         <wf lemma="." pos="X">.</wf>
      </sentence>
      <sentence id="d000.s062" source="wordnet-bulgarian">
         <wf lemma="Чу" pos="X">Чу</wf>
         <wf lemma="се" pos="X">се</wf>
         <wf lemma="сирена" pos="X">сирена</wf>
         <wf lemma="на" pos="X">на</wf>
         <instance id="d000.s062.t000" lemma="линейка" pos="NOUN">линейка</instance>
         <wf lemma="." pos="X">.</wf>
      </sentence>
      <sentence id="d000.s063" source="wordnet-bulgarian">
         <wf lemma="Това" pos="X">Това</wf>
         <wf lemma="е" pos="X">е</wf>
         <instance id="d000.s063.t000" lemma="новина" pos="NOUN">новина</instance>
         <wf lemma="за" pos="X">за</wf>
         <wf lemma="мен" pos="X">мен</wf>
         <wf lemma="." pos="X">.</wf>
      </sentence>
      <sentence id="d000.s064" source="wordnet-bulgarian">
         <wf lemma="малък" pos="X">малък</wf>
         <instance id="d000.s064.t000" lemma="товар" pos="NOUN">товар</instance>
         <wf lemma="." pos="X">.</wf>
      </sentence>
      <sentence id="d000.s065" source="wordnet-bulgarian">
         <wf lemma="Пътеката" pos="X">Пътеката</wf>
         <wf lemma="минаваше" pos="X">минаваше</wf>
         <wf lemma="по" pos="X">по</wf>
         <instance id="d000.s065.t000" lemma="било" pos="NOUN">билото</instance>
         <wf lemma="на" pos="X">на</wf>
         <wf lemma="планината" pos="X">планината</wf>
         <wf lemma="." pos="X">.</wf>
      </sentence>
      <sentence id="d000.s066" source="wordnet-bulgarian">
         <wf lemma="Съдът" pos="X">Съдът</wf>
         <wf lemma="обяви" pos="X">обяви</wf>
         <instance id="d000.s066.t000" lemma="присъда" pos="NOUN">присъдата</instance>
         <wf lemma="." pos="X">.</wf>
      </sentence>
      <sentence id="d000.s067" source="wordnet-bulgarian">
         <instance id="d000.s067.t000" lemma="профсъюз" pos="NOUN">профсъюз</instance>
         <wf lemma="на" pos="X">на</wf>
         <wf lemma="месопреработвателите" pos="X">месопреработвателите</wf>
         <wf lemma="." pos="X">.</wf>
      </sentence>
      <sentence id="d000.s068" source="wordnet-bulgarian">
         <wf lemma="грозно" pos="X">грозно</wf>
         <instance id="d000.s068.t000" lemma="тяло" pos="NOUN">тяло</instance>
         <wf lemma="." pos="X">.</wf>
      </sentence>
      <sentence id="d000.s069" source="wordnet-bulgarian">
         <wf lemma="място" pos="X">място</wf>
         <wf lemma="на" pos="X">на</wf>
         <wf lemma="последния" pos="X">последния</wf>
         <instance id="d000.s069.t000" lemma="ред" pos="NOUN">ред</instance>
         <wf lemma="." pos="X">.</wf>
      </sentence>
      <sentence id="d000.s070" source="wordnet-bulgarian">
         <wf lemma="водя" pos="X">водя</wf>
         <wf lemma="за" pos="X">за</wf>
         <instance id="d000.s070.t000" lemma="ръка" pos="NOUN">ръка</instance>
         <wf lemma="." pos="X">.</wf>
      </sentence>
      <sentence id="d000.s071" source="wordnet-bulgarian">
         <wf lemma="бисерна" pos="X">бисерна</wf>
         <instance id="d000.s071.t000" lemma="огърлица" pos="NOUN">огърлица</instance>
         <wf lemma="." pos="X">.</wf>
      </sentence>
      <sentence id="d000.s072" source="wordnet-bulgarian">
         <wf lemma="събирам" pos="X">събирам</wf>
         <instance id="d000.s072.t000" lemma="боклук" pos="NOUN">боклук</instance>
         <wf lemma="." pos="X">.</wf>
      </sentence>
      <sentence id="d000.s073" source="wordnet-bulgarian">
         <wf lemma="Не" pos="X">Не</wf>
         <wf lemma="съм" pos="X">съм</wf>
         <wf lemma="съгласен" pos="X">съгласен</wf>
         <wf lemma="с" pos="X">с</wf>
         <instance id="d000.s073.t000" lemma="формулировка" pos="NOUN">формулировката</instance>
         <wf lemma="." pos="X">.</wf>
      </sentence>
      <sentence id="d000.s074" source="wordnet-bulgarian">
         <wf lemma="Не" pos="X">Не</wf>
         <wf lemma="съм" pos="X">съм</wf>
         <wf lemma="добре" pos="X">добре</wf>
         <wf lemma="със" pos="X">със</wf>
         <instance id="d000.s074.t000" lemma="здраве" pos="NOUN">здравето</instance>
         <wf lemma="." pos="X">.</wf>
      </sentence>
      <sentence id="d000.s075" source="wordnet-bulgarian">
         <wf lemma="ниска" pos="X">ниска</wf>
         <instance id="d000.s075.t000" lemma="възглавница" pos="NOUN">възглавница</instance>
         <wf lemma="." pos="X">.</wf>
      </sentence>
      <sentence id="d000.s076" source="wordnet-bulgarian">
         <instance id="d000.s076.t000" lemma="боядисвам" pos="VERB">боядисвам</instance>
         <wf lemma="прежда" pos="X">прежда</wf>
         <wf lemma="." pos="X">.</wf>
      </sentence>
      <sentence id="d000.s077" source="wordnet-bulgarian">
         <wf lemma="обзема" pos="X">обзема</wf>
         <wf lemma="ме" pos="X">ме</wf>
         <instance id="d000.s077.t000" lemma="меланхолия" pos="NOUN">меланхолия</instance>
         <wf lemma="." pos="X">.</wf>
      </sentence>
      <sentence id="d000.s078" source="wordnet-bulgarian">
         <wf lemma="къси" pos="X">къси</wf>
         <instance id="d000.s078.t000" lemma="чорап" pos="NOUN">чорапи</instance>
         <wf lemma="." pos="X">.</wf>
      </sentence>
      <sentence id="d000.s079" source="wordnet-bulgarian">
         <wf lemma="чешма" pos="X">чешма</wf>
         <wf lemma="от" pos="X">от</wf>
         <instance id="d000.s079.t000" lemma="мрамор" pos="NOUN">мрамор</instance>
         <wf lemma="." pos="X">.</wf>
      </sentence>
      <sentence id="d000.s080" source="wordnet-bulgarian">
         <instance id="d000.s080.t000" lemma="голям" pos="ADJ">голямо</instance>
         <wf lemma="семейство" pos="X">семейство</wf>
         <wf lemma="." pos="X">.</wf>
      </sentence>
      <sentence id="d000.s081" source="wordnet-bulgarian">
         <wf lemma="отнемам" pos="X">отнемам</wf>
         <wf lemma="депутатски" pos="X">депутатски</wf>
         <instance id="d000.s081.t000" lemma="имунитет" pos="NOUN">имунитет</instance>
         <wf lemma="." pos="X">.</wf>
      </sentence>
      <sentence id="d000.s082" source="wordnet-bulgarian">
         <wf lemma="близко" pos="X">близко</wf>
         <instance id="d000.s082.t000" lemma="сътрудничество" pos="NOUN">сътрудничество</instance>
         <wf lemma="." pos="X">.</wf>
      </sentence>
      <sentence id="d000.s083" source="wordnet-bulgarian">
         <wf lemma="теория" pos="X">теория</wf>
         <wf lemma="на" pos="X">на</wf>
         <instance id="d000.s083.t000" lemma="театър" pos="NOUN">театъра</instance>
         <wf lemma="." pos="X">.</wf>
      </sentence>
      <sentence id="d000.s084" source="wordnet-bulgarian">
         <wf lemma="В" pos="X">В</wf>
         <wf lemma="крепостта" pos="X">крепостта</wf>
         <wf lemma="са" pos="X">са</wf>
         <wf lemma="намерени" pos="X">намерени</wf>
         <wf lemma="върхове" pos="X">върхове</wf>
         <wf lemma="за" pos="X">за</wf>
         <wf lemma="стрели" pos="X">стрели</wf>
         <wf lemma="и" pos="X">и</wf>
         <wf lemma="други" pos="X">други</wf>
         <wf lemma="материали" pos="X">материали</wf>
         <wf lemma="," pos="X">,</wf>
         <wf lemma="които" pos="X">които</wf>
         <instance id="d000.s084.t000" lemma="потвърждавам" pos="NOUN">потвърждават</instance>
         <wf lemma="нейния" pos="X">нейния</wf>
         <wf lemma="средновековен" pos="X">средновековен</wf>
         <wf lemma="произход" pos="X">произход</wf>
         <wf lemma="." pos="X">.</wf>
      </sentence>
      <sentence id="d000.s085" source="wordnet-bulgarian">
         <instance id="d000.s085.t000" lemma="море" pos="NOUN">море</instance>
         <wf lemma="от" pos="X">от</wf>
         <wf lemma="хора" pos="X">хора</wf>
         <wf lemma="." pos="X">.</wf>
      </sentence>
      <sentence id="d000.s086" source="wordnet-bulgarian">
         <instance id="d000.s086.t000" lemma="асансьор" pos="NOUN">Асансьорът</instance>
         <wf lemma="не" pos="X">не</wf>
         <wf lemma="работи" pos="X">работи</wf>
         <wf lemma="." pos="X">.</wf>
      </sentence>
      <sentence id="d000.s087" source="wordnet-bulgarian">
         <wf lemma="сух" pos="X">сух</wf>
         <instance id="d000.s087.t000" lemma="климат" pos="NOUN">климат</instance>
         <wf lemma="." pos="X">.</wf>
      </sentence>
      <sentence id="d000.s088" source="wordnet-bulgarian">
         <wf lemma="На" pos="X">На</wf>
         <wf lemma="каква" pos="X">каква</wf>
         <instance id="d000.s088.t000" lemma="възраст" pos="NOUN">възраст</instance>
         <wf lemma="сте" pos="X">сте</wf>
         <wf lemma="?" pos="X">?</wf>
      </sentence>
      <sentence id="d000.s089" source="wordnet-bulgarian">
         <instance id="d000.s089.t000" lemma="предричам" pos="VERB">Предричам</instance>
         <wf lemma="бъдещето" pos="X">бъдещето</wf>
         <wf lemma="." pos="X">.</wf>
      </sentence>
      <sentence id="d000.s090" source="wordnet-bulgarian">
         <wf lemma="внушителна" pos="X">внушителна</wf>
         <instance id="d000.s090.t000" lemma="сграда" pos="NOUN">сграда</instance>
         <wf lemma="." pos="X">.</wf>
      </sentence>
      <sentence id="d000.s091" source="wordnet-bulgarian">
         <instance id="d000.s091.t000" lemma="идентифицирам" pos="VERB">идентифицирам</instance>
         <wf lemma="престъпник" pos="X">престъпник</wf>
         <wf lemma="." pos="X">.</wf>
      </sentence>
      <sentence id="d000.s092" source="wordnet-bulgarian">
         <wf lemma="получавам" pos="X">получавам</wf>
         <wf lemma="материални" pos="X">материални</wf>
         <instance id="d000.s092.t000" lemma="облага" pos="NOUN">облаги</instance>
         <wf lemma="от" pos="X">от</wf>
         <wf lemma="." pos="X">.</wf>
      </sentence>
      <sentence id="d000.s093" source="wordnet-bulgarian">
         <wf lemma="автомобилна" pos="X">автомобилна</wf>
         <instance id="d000.s093.t000" lemma="агенция" pos="NOUN">агенция</instance>
         <wf lemma="." pos="X">.</wf>
      </sentence>
      <sentence id="d000.s094" source="wordnet-bulgarian">
         <wf lemma="дежурна" pos="X">дежурна</wf>
         <instance id="d000.s094.t000" lemma="сестра" pos="NOUN">сестра</instance>
         <wf lemma="." pos="X">.</wf>
      </sentence>
      <sentence id="d000.s095" source="wordnet-bulgarian">
         <instance id="d000.s095.t000" lemma="кола" pos="NOUN">кола</instance>
         <wf lemma="с" pos="X">с</wf>
         <wf lemma="тъмни" pos="X">тъмни</wf>
         <wf lemma="стъкла" pos="X">стъкла</wf>
         <wf lemma="." pos="X">.</wf>
      </sentence>
      <sentence id="d000.s096" source="wordnet-bulgarian">
         <wf lemma="химически" pos="X">химически</wf>
         <instance id="d000.s096.t000" lemma="елемент" pos="NOUN">елемент</instance>
         <wf lemma="." pos="X">.</wf>
      </sentence>
      <sentence id="d000.s097" source="wordnet-bulgarian">
         <wf lemma="Ключът" pos="X">Ключът</wf>
         <wf lemma="не" pos="X">не</wf>
         <instance id="d000.s097.t000" lemma="ставам" pos="VERB">става</instance>
         <wf lemma="на" pos="X">на</wf>
         <wf lemma="тази" pos="X">тази</wf>
         <wf lemma="брава" pos="X">брава</wf>
         <wf lemma="." pos="X">.</wf>
      </sentence>
      <sentence id="d000.s098" source="wordnet-bulgarian">
         <instance id="d000.s098.t000" lemma="галя" pos="VERB">галя</instance>
         <wf lemma="брадата" pos="X">брадата</wf>
         <wf lemma="си" pos="X">си</wf>
         <wf lemma="." pos="X">.</wf>
      </sentence>
      <sentence id="d000.s099" source="wordnet-bulgarian">
         <wf lemma="по" pos="X">по</wf>
         <wf lemma="моя" pos="X">моя</wf>
         <instance id="d000.s099.t000" lemma="часовник" pos="NOUN">часовник</instance>
         <wf lemma="." pos="X">.</wf>
      </sentence>
      <sentence id="d000.s100" source="wordnet-bulgarian">
         <wf lemma="Жената" pos="X">Жената</wf>
         <wf lemma="беше" pos="X">беше</wf>
         <wf lemma="доста" pos="X">доста</wf>
         <instance id="d000.s100.t000" lemma="възрастен" pos="NOUN">възрастна</instance>
         <wf lemma="." pos="X">.</wf>
      </sentence>
      <sentence id="d000.s101" source="wordnet-bulgarian">
         <wf lemma="гледам" pos="X">гледам</wf>
         <instance id="d000.s101.t000" lemma="кокошка" pos="NOUN">кокошки</instance>
         <wf lemma="." pos="X">.</wf>
      </sentence>
      <sentence id="d000.s102" source="wordnet-bulgarian">
         <instance id="d000.s102.t000" lemma="курс" pos="NOUN">курс</instance>
         <wf lemma="по" pos="X">по</wf>
         <wf lemma="математика" pos="X">математика</wf>
         <wf lemma="." pos="X">.</wf>
      </sentence>
      <sentence id="d000.s103" source="wordnet-bulgarian">
         <instance id="d000.s103.t000" lemma="изход" pos="NOUN">Изходът</instance>
         <wf lemma="беше" pos="X">беше</wf>
         <wf lemma="блокиран" pos="X">блокиран</wf>
         <wf lemma="." pos="X">.</wf>
      </sentence>
      <sentence id="d000.s104" source="wordnet-bulgarian">
         <wf lemma="чертая" pos="X">чертая</wf>
         <instance id="d000.s104.t000" lemma="квадрат" pos="NOUN">квадрат</instance>
         <wf lemma="." pos="X">.</wf>
      </sentence>
      <sentence id="d000.s105" source="wordnet-bulgarian">
         <wf lemma="целият" pos="X">целият</wf>
         <instance id="d000.s105.t000" lemma="инвентар" pos="NOUN">инвентар</instance>
         <wf lemma="на" pos="X">на</wf>
         <wf lemma="." pos="X">.</wf>
      </sentence>
      <sentence id="d000.s106" source="wordnet-bulgarian">
         <wf lemma="отличен" pos="X">отличен</wf>
         <instance id="d000.s106.t000" lemma="икономист" pos="NOUN">икономист</instance>
         <wf lemma="." pos="X">.</wf>
      </sentence>
      <sentence id="d000.s107" source="wordnet-bulgarian">
         <wf lemma="първа" pos="X">първа</wf>
         <instance id="d000.s107.t000" lemma="глава" pos="NOUN">глава</instance>
         <wf lemma="." pos="X">.</wf>
      </sentence>
      <sentence id="d000.s108" source="wordnet-bulgarian">
         <wf lemma="последен" pos="X">последен</wf>
         <instance id="d000.s108.t000" lemma="етаж" pos="NOUN">етаж</instance>
         <wf lemma="." pos="X">.</wf>
      </sentence>
      <sentence id="d000.s109" source="wordnet-bulgarian">
         <instance id="d000.s109.t000" lemma="мебел" pos="NOUN">мебели</instance>
         <wf lemma="от" pos="X">от</wf>
         <wf lemma="дърво" pos="X">дърво</wf>
         <wf lemma="." pos="X">.</wf>
      </sentence>
      <sentence id="d000.s110" source="wordnet-bulgarian">
         <wf lemma="творческото" pos="X">творческото</wf>
         <instance id="d000.s110.t000" lemma="дело" pos="NOUN">дело</instance>
         <wf lemma="на" pos="X">на</wf>
         <wf lemma="." pos="X">.</wf>
      </sentence>
      <sentence id="d000.s111" source="wordnet-bulgarian">
         <wf lemma="загубвам" pos="X">загубвам</wf>
         <instance id="d000.s111.t000" lemma="представа" pos="NOUN">представа</instance>
         <wf lemma="за" pos="X">за</wf>
         <wf lemma="времето" pos="X">времето</wf>
         <wf lemma="." pos="X">.</wf>
      </sentence>
      <sentence id="d000.s112" source="wordnet-bulgarian">
         <wf lemma="електрическа" pos="X">електрическа</wf>
         <instance id="d000.s112.t000" lemma="мотриса" pos="NOUN">мотриса</instance>
         <wf lemma="." pos="X">.</wf>
      </sentence>
      <sentence id="d000.s113" source="wordnet-bulgarian">
         <instance id="d000.s113.t000" lemma="разноска" pos="NOUN">разноски</instance>
         <wf lemma="за" pos="X">за</wf>
         <wf lemma="." pos="X">.</wf>
      </sentence>
      <sentence id="d000.s114" source="wordnet-bulgarian">
         <wf lemma="отлежало" pos="X">отлежало</wf>
         <instance id="d000.s114.t000" lemma="вино" pos="NOUN">вино</instance>
         <wf lemma="." pos="X">.</wf>
      </sentence>
      <sentence id="d000.s115" source="wordnet-bulgarian">
         <wf lemma="просторно" pos="X">просторно</wf>
         <instance id="d000.s115.t000" lemma="фоайе" pos="NOUN">фоайе</instance>
         <wf lemma="." pos="X">.</wf>
      </sentence>
      <sentence id="d000.s116" source="wordnet-bulgarian">
         <instance id="d000.s116.t000" lemma="капачка" pos="NOUN">капачка</instance>
         <wf lemma="за" pos="X">за</wf>
         <wf lemma="стъклена" pos="X">стъклена</wf>
         <wf lemma="бутилка" pos="X">бутилка</wf>
         <wf lemma="." pos="X">.</wf>
      </sentence>
      <sentence id="d000.s117" source="wordnet-bulgarian">
         <wf lemma="определям" pos="X">определям</wf>
         <instance id="d000.s117.t000" lemma="среща" pos="NOUN">среща</instance>
         <wf lemma="на" pos="X">на</wf>
         <wf lemma="." pos="X">.</wf>
      </sentence>
      <sentence id="d000.s118" source="wordnet-bulgarian">
         <wf lemma="слушам" pos="X">слушам</wf>
         <instance id="d000.s118.t000" lemma="обяснение" pos="NOUN">обясненията</instance>
         <wf lemma="на" pos="X">на</wf>
         <wf lemma="." pos="X">.</wf>
      </sentence>
      <sentence id="d000.s119" source="wordnet-bulgarian">
         <wf lemma="силно" pos="X">силно</wf>
         <instance id="d000.s119.t000" lemma="желание" pos="NOUN">желание</instance>
         <wf lemma="." pos="X">.</wf>
      </sentence>
      <sentence id="d000.s120" source="wordnet-bulgarian">
         <wf lemma="Има" pos="X">Има</wf>
         <wf lemma="много" pos="X">много</wf>
         <instance id="d000.s120.t000" lemma="случай" pos="NOUN">случаи</instance>
         <wf lemma="на" pos="X">на</wf>
         <wf lemma="заболяване" pos="X">заболяване</wf>
         <wf lemma="от" pos="X">от</wf>
         <wf lemma="грип" pos="X">грип</wf>
         <wf lemma="." pos="X">.</wf>
      </sentence>
      <sentence id="d000.s121" source="wordnet-bulgarian">
         <wf lemma="Войниците" pos="X">Войниците</wf>
         <wf lemma="са" pos="X">са</wf>
         <wf lemma="строени" pos="X">строени</wf>
         <wf lemma="в" pos="X">в</wf>
         <instance id="d000.s121.t000" lemma="редица" pos="NOUN">редици</instance>
         <wf lemma="." pos="X">.</wf>
      </sentence>
      <sentence id="d000.s122" source="wordnet-bulgarian">
         <wf lemma="дебел" pos="X">дебел</wf>
         <instance id="d000.s122.t000" lemma="пласт" pos="NOUN">пласт</instance>
         <wf lemma="кал." pos="X">кал.</wf>
      </sentence>
      <sentence id="d000.s123" source="wordnet-bulgarian">
         <wf lemma="претъпкан" pos="X">претъпкан</wf>
         <instance id="d000.s123.t000" lemma="трамвай" pos="NOUN">трамвай</instance>
         <wf lemma="." pos="X">.</wf>
      </sentence>
      <sentence id="d000.s124" source="wordnet-bulgarian">
         <wf lemma="естествена" pos="X">естествена</wf>
         <instance id="d000.s124.t000" lemma="коприна" pos="NOUN">коприна</instance>
         <wf lemma="." pos="X">.</wf>
      </sentence>
      <sentence id="d000.s125" source="wordnet-bulgarian">
         <wf lemma="Той" pos="X">Той</wf>
         <wf lemma="е" pos="X">е</wf>
         <wf lemma="роден" pos="X">роден</wf>
         <instance id="d000.s125.t000" lemma="бизнесмен" pos="NOUN">бизнесмен</instance>
         <wf lemma="." pos="X">.</wf>
      </sentence>
      <sentence id="d000.s126" source="wordnet-bulgarian">
         <wf lemma="Как" pos="X">Как</wf>
         <wf lemma="ти" pos="X">ти</wf>
         <wf lemma="е" pos="X">е</wf>
         <instance id="d000.s126.t000" lemma="име" pos="NOUN">името</instance>
         <wf lemma="?" pos="X">?</wf>
      </sentence>
      <sentence id="d000.s127" source="wordnet-bulgarian">
         <wf lemma="остаряло" pos="X">остаряло</wf>
         <instance id="d000.s127.t000" lemma="оборудване" pos="NOUN">оборудване</instance>
         <wf lemma="." pos="X">.</wf>
      </sentence>
      <sentence id="d000.s128" source="wordnet-bulgarian">
         <wf lemma="на" pos="X">на</wf>
         <instance id="d000.s128.t000" lemma="власт" pos="NOUN">власт</instance>
         <wf lemma="съм" pos="X">съм</wf>
         <wf lemma="." pos="X">.</wf>
      </sentence>
      <sentence id="d000.s129" source="wordnet-bulgarian">
         <wf lemma="просторен" pos="X">просторен</wf>
         <instance id="d000.s129.t000" lemma="магазин" pos="NOUN">магазин</instance>
         <wf lemma="." pos="X">.</wf>
      </sentence>
      <sentence id="d000.s130" source="wordnet-bulgarian">
         <wf lemma="полицейски" pos="X">полицейски</wf>
         <instance id="d000.s130.t000" lemma="патрул" pos="NOUN">патрул</instance>
         <wf lemma="." pos="X">.</wf>
      </sentence>
      <sentence id="d000.s131" source="wordnet-bulgarian">
         <instance id="d000.s131.t000" lemma="плащам" pos="VERB">плащам</instance>
         <wf lemma="сметка" pos="X">сметка</wf>
         <wf lemma="." pos="X">.</wf>
      </sentence>
      <sentence id="d000.s132" source="wordnet-bulgarian">
         <wf lemma="Бъркам" pos="X">Бъркам</wf>
         <wf lemma="в" pos="X">в</wf>
         <instance id="d000.s132.t000" lemma="джоб" pos="NOUN">джоба</instance>
         <wf lemma="за" pos="X">за</wf>
         <wf lemma="пари" pos="X">пари</wf>
         <wf lemma="." pos="X">.</wf>
      </sentence>
      <sentence id="d000.s133" source="wordnet-bulgarian">
         <wf lemma="фабрично" pos="X">фабрично</wf>
         <instance id="d000.s133.t000" lemma="производство" pos="NOUN">производство</instance>
         <wf lemma="." pos="X">.</wf>
      </sentence>
      <sentence id="d000.s134" source="wordnet-bulgarian">
         <instance id="d000.s134.t000" lemma="плащам" pos="VERB">плащам</instance>
         <wf lemma="кеш" pos="X">кеш</wf>
         <wf lemma="." pos="X">.</wf>
      </sentence>
      <sentence id="d000.s135" source="wordnet-bulgarian">
         <instance id="d000.s135.t000" lemma="вълк" pos="NOUN">Вълк</instance>
         <wf lemma="куче" pos="X">куче</wf>
         <wf lemma="не" pos="X">не</wf>
         <wf lemma="става" pos="X">става</wf>
         <wf lemma="." pos="X">.</wf>
      </sentence>
      <sentence id="d000.s136" source="wordnet-bulgarian">
         <wf lemma="широка" pos="X">широка</wf>
         <instance id="d000.s136.t000" lemma="улица" pos="NOUN">улица</instance>
         <wf lemma="." pos="X">.</wf>
      </sentence>
      <sentence id="d000.s137" source="wordnet-bulgarian">
         <wf lemma="Днес" pos="X">Днес</wf>
         <instance id="d000.s137.t000" lemma="служба" pos="NOUN">службата</instance>
         <wf lemma="беше" pos="X">беше</wf>
         <wf lemma="кратка" pos="X">кратка</wf>
         <wf lemma="." pos="X">.</wf>
      </sentence>
      <sentence id="d000.s138" source="wordnet-bulgarian">
         <wf lemma="проявявам" pos="X">проявявам</wf>
         <instance id="d000.s138.t000" lemma="тенденция" pos="NOUN">тенденция</instance>
         <wf lemma="за" pos="X">за</wf>
         <wf lemma="." pos="X">.</wf>
      </sentence>
      <sentence id="d000.s139" source="wordnet-bulgarian">
         <instance id="d000.s139.t000" lemma="излизам" pos="VERB">излизам</instance>
         <wf lemma="от" pos="X">от</wf>
         <wf lemma="ресторанта" pos="X">ресторанта</wf>
         <wf lemma="." pos="X">.</wf>
      </sentence>
      <sentence id="d000.s140" source="wordnet-bulgarian">
         <instance id="d000.s140.t000" lemma="оценя" pos="VERB">Оцениха</instance>
         <wf lemma="картината" pos="X">картината</wf>
         <wf lemma="повече" pos="X">повече</wf>
         <wf lemma="от" pos="X">от</wf>
         <wf lemma="действителната" pos="X">действителната</wf>
         <wf lemma="й" pos="X">й</wf>
         <wf lemma="стойност" pos="X">стойност</wf>
         <wf lemma="." pos="X">.</wf>
      </sentence>
      <sentence id="d000.s141" source="wordnet-bulgarian">
         <wf lemma="имам" pos="X">имам</wf>
         <instance id="d000.s141.t000" lemma="навик" pos="NOUN">навик</instance>
         <wf lemma="да" pos="X">да</wf>
         <wf lemma="." pos="X">.</wf>
      </sentence>
      <sentence id="d000.s142" source="wordnet-bulgarian">
         <wf lemma="студена" pos="X">студена</wf>
         <instance id="d000.s142.t000" lemma="есен" pos="NOUN">есен</instance>
         <wf lemma="." pos="X">.</wf>
      </sentence>
      <sentence id="d000.s143" source="wordnet-bulgarian">
         <wf lemma="художествени" pos="X">художествени</wf>
         <instance id="d000.s143.t000" lemma="занаят" pos="NOUN">занаяти</instance>
         <wf lemma="." pos="X">.</wf>
      </sentence>
      <sentence id="d000.s144" source="wordnet-bulgarian">
         <wf lemma="цветен" pos="X">цветен</wf>
         <instance id="d000.s144.t000" lemma="филм" pos="NOUN">филм</instance>
         <wf lemma="." pos="X">.</wf>
      </sentence>
      <sentence id="d000.s145" source="wordnet-bulgarian">
         <wf lemma="изсипах" pos="X">изсипах</wf>
         <wf lemma="виното" pos="X">виното</wf>
         <wf lemma="от" pos="X">от</wf>
         <instance id="d000.s145.t000" lemma="чаша" pos="NOUN">чашата</instance>
         <wf lemma="." pos="X">.</wf>
      </sentence>
      <sentence id="d000.s146" source="wordnet-bulgarian">
         <wf lemma="Зад" pos="X">Зад</wf>
         <wf lemma="една" pos="X">една</wf>
         <wf lemma="голяма" pos="X">голяма</wf>
         <instance id="d000.s146.t000" lemma="витрина" pos="NOUN">витрина</instance>
         <wf lemma="в" pos="X">в</wf>
         <wf lemma="музея" pos="X">музея</wf>
         <wf lemma="бяха" pos="X">бяха</wf>
         <wf lemma="изложени" pos="X">изложени</wf>
         <wf lemma="различни" pos="X">различни</wf>
         <wf lemma="златни" pos="X">златни</wf>
         <wf lemma="предмети" pos="X">предмети</wf>
         <wf lemma="." pos="X">.</wf>
      </sentence>
      <sentence id="d000.s147" source="wordnet-bulgarian">
         <wf lemma="Готвачът" pos="X">Готвачът</wf>
         <wf lemma="на" pos="X">на</wf>
         <wf lemma="рестората" pos="X">рестората</wf>
         <wf lemma="се" pos="X">се</wf>
         <wf lemma="е" pos="X">е</wf>
         <wf lemma="специализирал" pos="X">специализирал</wf>
         <wf lemma="в" pos="X">в</wf>
         <wf lemma="приготвянето" pos="X">приготвянето</wf>
         <wf lemma="на" pos="X">на</wf>
         <instance id="d000.s147.t000" lemma="риба" pos="NOUN">риба</instance>
         <wf lemma="." pos="X">.</wf>
      </sentence>
      <sentence id="d000.s148" source="wordnet-bulgarian">
         <instance id="d000.s148.t000" lemma="издължа" pos="VERB">Издължих</instance>
         <wf lemma="част" pos="X">част</wf>
         <wf lemma="от" pos="X">от</wf>
         <wf lemma="парите" pos="X">парите</wf>
         <wf lemma="." pos="X">.</wf>
      </sentence>
      <sentence id="d000.s149" source="wordnet-bulgarian">
         <wf lemma="ожесточен" pos="X">ожесточен</wf>
         <instance id="d000.s149.t000" lemma="бой" pos="NOUN">бой</instance>
         <wf lemma="." pos="X">.</wf>
      </sentence>
      <sentence id="d000.s150" source="wordnet-bulgarian">
         <wf lemma="Братя" pos="X">Братя</wf>
         <wf lemma="сте" pos="X">сте</wf>
         <wf lemma="," pos="X">,</wf>
         <wf lemma="а" pos="X">а</wf>
         <wf lemma="няма" pos="X">няма</wf>
         <wf lemma="никаква" pos="X">никаква</wf>
         <instance id="d000.s150.t000" lemma="прилика" pos="NOUN">прилика</instance>
         <wf lemma="между" pos="X">между</wf>
         <wf lemma="вас" pos="X">вас</wf>
         <wf lemma="." pos="X">.</wf>
      </sentence>
      <sentence id="d000.s151" source="wordnet-bulgarian">
         <wf lemma="Какво" pos="X">Какво</wf>
         <instance id="d000.s151.t000" lemma="привличам" pos="VERB">привлича</instance>
         <wf lemma="любопитството" pos="X">любопитството</wf>
         <wf lemma="ви" pos="X">ви</wf>
         <wf lemma="?" pos="X">?</wf>
      </sentence>
      <sentence id="d000.s152" source="wordnet-bulgarian">
         <wf lemma="клечка" pos="X">клечка</wf>
         <wf lemma="за" pos="X">за</wf>
         <instance id="d000.s152.t000" lemma="зъб" pos="NOUN">зъби</instance>
         <wf lemma="." pos="X">.</wf>
      </sentence>
      <sentence id="d000.s153" source="wordnet-bulgarian">
         <wf lemma="дъвча" pos="X">дъвча</wf>
         <wf lemma="на" pos="X">на</wf>
         <wf lemma="задните" pos="X">задните</wf>
         <instance id="d000.s153.t000" lemma="зъб" pos="NOUN">зъби</instance>
         <wf lemma="." pos="X">.</wf>
      </sentence>
      <sentence id="d000.s154" source="wordnet-bulgarian">
         <wf lemma="човешко" pos="X">човешко</wf>
         <instance id="d000.s154.t000" lemma="жертвоприношение" pos="NOUN">жертвоприношение</instance>
         <wf lemma="." pos="X">.</wf>
      </sentence>
      <sentence id="d000.s155" source="wordnet-bulgarian">
         <wf lemma="едномесечен" pos="X">едномесечен</wf>
         <instance id="d000.s155.t000" lemma="срок" pos="NOUN">срок</instance>
         <wf lemma="." pos="X">.</wf>
      </sentence>
      <sentence id="d000.s156" source="wordnet-bulgarian">
         <wf lemma="Зарових" pos="X">Зарових</wf>
         <wf lemma="глава" pos="X">глава</wf>
         <wf lemma="във" pos="X">във</wf>
         <instance id="d000.s156.t000" lemma="възглавница" pos="NOUN">възглавницата</instance>
         <wf lemma="и" pos="X">и</wf>
         <wf lemma="заспах" pos="X">заспах</wf>
         <wf lemma="." pos="X">.</wf>
      </sentence>
      <sentence id="d000.s157" source="wordnet-bulgarian">
         <instance id="d000.s157.t000" lemma="купол" pos="NOUN">купол</instance>
         <wf lemma="на" pos="X">на</wf>
         <wf lemma="черква" pos="X">черква</wf>
         <wf lemma="." pos="X">.</wf>
      </sentence>
      <sentence id="d000.s158" source="wordnet-bulgarian">
         <wf lemma="Каква" pos="X">Каква</wf>
         <wf lemma="е" pos="X">е</wf>
         <instance id="d000.s158.t000" lemma="цена" pos="NOUN">цената</instance>
         <wf lemma="на" pos="X">на</wf>
         <wf lemma="печката" pos="X">печката</wf>
         <wf lemma="?" pos="X">?</wf>
      </sentence>
      <sentence id="d000.s159" source="wordnet-bulgarian">
         <instance id="d000.s159.t000" lemma="движение" pos="NOUN">Движението</instance>
         <wf lemma="е" pos="X">е</wf>
         <wf lemma="затруднено" pos="X">затруднено</wf>
         <wf lemma="от" pos="X">от</wf>
         <wf lemma="много" pos="X">много</wf>
         <wf lemma="превозни" pos="X">превозни</wf>
         <wf lemma="средства" pos="X">средства</wf>
         <wf lemma="." pos="X">.</wf>
      </sentence>
      <sentence id="d000.s160" source="wordnet-bulgarian">
         <instance id="d000.s160.t000" lemma="пречка" pos="NOUN">Пречка</instance>
         <wf lemma="ли" pos="X">ли</wf>
         <wf lemma="ще" pos="X">ще</wf>
         <wf lemma="е" pos="X">е</wf>
         <wf lemma="лошото" pos="X">лошото</wf>
         <wf lemma="време" pos="X">време</wf>
         <wf lemma="да" pos="X">да</wf>
         <wf lemma="тръгнем" pos="X">тръгнем</wf>
         <wf lemma="с" pos="X">с</wf>
         <wf lemma="колата" pos="X">колата</wf>
         <wf lemma="днес" pos="X">днес</wf>
         <wf lemma="?" pos="X">?</wf>
      </sentence>
      <sentence id="d000.s161" source="wordnet-bulgarian">
         <wf lemma="взимам" pos="X">взимам</wf>
         <instance id="d000.s161.t000" lemma="пакет" pos="NOUN">пакета</instance>
         <wf lemma="." pos="X">.</wf>
      </sentence>
      <sentence id="d000.s162" source="wordnet-bulgarian">
         <wf lemma="отоплителна" pos="X">отоплителна</wf>
         <instance id="d000.s162.t000" lemma="печка" pos="NOUN">печка</instance>
         <wf lemma="." pos="X">.</wf>
      </sentence>
      <sentence id="d000.s163" source="wordnet-bulgarian">
         <wf lemma="каменна" pos="X">каменна</wf>
         <instance id="d000.s163.t000" lemma="ограда" pos="NOUN">ограда</instance>
         <wf lemma="." pos="X">.</wf>
      </sentence>
      <sentence id="d000.s164" source="wordnet-bulgarian">
         <wf lemma="променливо" pos="X">променливо</wf>
         <instance id="d000.s164.t000" lemma="време" pos="NOUN">време</instance>
         <wf lemma="." pos="X">.</wf>
      </sentence>
      <sentence id="d000.s165" source="wordnet-bulgarian">
         <wf lemma="военна" pos="X">военна</wf>
         <instance id="d000.s165.t000" lemma="карта" pos="NOUN">карта</instance>
         <wf lemma="." pos="X">.</wf>
      </sentence>
      <sentence id="d000.s166" source="wordnet-bulgarian">
         <instance id="d000.s166.t000" lemma="вилица" pos="NOUN">вилица</instance>
         <wf lemma="и" pos="X">и</wf>
         <wf lemma="нож" pos="X">нож</wf>
         <wf lemma="." pos="X">.</wf>
      </sentence>
      <sentence id="d000.s167" source="wordnet-bulgarian">
         <instance id="d000.s167.t000" lemma="вагон" pos="NOUN">вагон</instance>
         <wf lemma="за" pos="X">за</wf>
         <wf lemma="непушачи" pos="X">непушачи</wf>
         <wf lemma="." pos="X">.</wf>
      </sentence>
      <sentence id="d000.s168" source="wordnet-bulgarian">
         <wf lemma="ядрено" pos="X">ядрено</wf>
         <instance id="d000.s168.t000" lemma="вещество" pos="NOUN">вещество</instance>
         <wf lemma="." pos="X">.</wf>
      </sentence>
      <sentence id="d000.s169" source="wordnet-bulgarian">
         <wf lemma="прободна" pos="X">прободна</wf>
         <instance id="d000.s169.t000" lemma="рана" pos="NOUN">рана</instance>
         <wf lemma="." pos="X">.</wf>
      </sentence>
      <sentence id="d000.s170" source="wordnet-bulgarian">
         <wf lemma="начална" pos="X">начална</wf>
         <instance id="d000.s170.t000" lemma="скорост" pos="NOUN">скорост</instance>
         <wf lemma="." pos="X">.</wf>
      </sentence>
      <sentence id="d000.s171" source="wordnet-bulgarian">
         <wf lemma="ниска" pos="X">ниска</wf>
         <instance id="d000.s171.t000" lemma="ограда" pos="NOUN">ограда</instance>
         <wf lemma="." pos="X">.</wf>
      </sentence>
      <sentence id="d000.s172" source="wordnet-bulgarian">
         <wf lemma="Режа" pos="X">Режа</wf>
         <wf lemma="си" pos="X">си</wf>
         <instance id="d000.s172.t000" lemma="нокът" pos="NOUN">ноктите</instance>
         <wf lemma="." pos="X">.</wf>
      </sentence>
      <sentence id="d000.s173" source="wordnet-bulgarian">
         <wf lemma="приемен" pos="X">приемен</wf>
         <instance id="d000.s173.t000" lemma="родител" pos="NOUN">родител</instance>
         <wf lemma="." pos="X">.</wf>
      </sentence>
      <sentence id="d000.s174" source="wordnet-bulgarian">
         <wf lemma="завъртя" pos="X">завъртя</wf>
         <instance id="d000.s174.t000" lemma="ключ" pos="NOUN">ключа</instance>
         <wf lemma="два" pos="X">два</wf>
         <wf lemma="пъти" pos="X">пъти</wf>
         <wf lemma="." pos="X">.</wf>
      </sentence>
      <sentence id="d000.s175" source="wordnet-bulgarian">
         <wf lemma="пред" pos="X">пред</wf>
         <instance id="d000.s175.t000" lemma="каса" pos="NOUN">касата</instance>
         <wf lemma="съм" pos="X">съм</wf>
         <wf lemma="." pos="X">.</wf>
      </sentence>
      <sentence id="d000.s176" source="wordnet-bulgarian">
         <instance id="d000.s176.t000" lemma="четвърт" pos="NOUN">четвърт</instance>
         <wf lemma="кило" pos="X">кило</wf>
         <wf lemma="." pos="X">.</wf>
      </sentence>
      <sentence id="d000.s177" source="wordnet-bulgarian">
         <instance id="d000.s177.t000" lemma="туризъм" pos="NOUN">туризъм</instance>
         <wf lemma="в" pos="X">в</wf>
         <wf lemma="планина" pos="X">планина</wf>
         <wf lemma="." pos="X">.</wf>
      </sentence>
      <sentence id="d000.s178" source="wordnet-bulgarian">
         <instance id="d000.s178.t000" lemma="птица" pos="NOUN">птицата</instance>
         <wf lemma="кацна" pos="X">кацна</wf>
         <wf lemma="на" pos="X">на</wf>
         <wf lemma="дървото" pos="X">дървото</wf>
         <wf lemma="." pos="X">.</wf>
      </sentence>
      <sentence id="d000.s179" source="wordnet-bulgarian">
         <wf lemma="Обичам" pos="X">Обичам</wf>
         <instance id="d000.s179.t000" lemma="играчка" pos="NOUN">играчките</instance>
         <wf lemma="си" pos="X">си</wf>
         <wf lemma="." pos="X">.</wf>
      </sentence>
      <sentence id="d000.s180" source="wordnet-bulgarian">
         <wf lemma="права" pos="X">права</wf>
         <instance id="d000.s180.t000" lemma="пола" pos="NOUN">пола</instance>
         <wf lemma="." pos="X">.</wf>
      </sentence>
      <sentence id="d000.s181" source="wordnet-bulgarian">
         <wf lemma="Настана" pos="X">Настана</wf>
         <wf lemma="голяма" pos="X">голяма</wf>
         <instance id="d000.s181.t000" lemma="паника" pos="NOUN">паника</instance>
         <wf lemma="." pos="X">.</wf>
      </sentence>
      <sentence id="d000.s182" source="wordnet-bulgarian">
         <wf lemma="надувам" pos="X">надувам</wf>
         <instance id="d000.s182.t000" lemma="буза" pos="NOUN">бузи</instance>
         <wf lemma="." pos="X">.</wf>
      </sentence>
      <sentence id="d000.s183" source="wordnet-bulgarian">
         <wf lemma="за" pos="X">за</wf>
         <wf lemma="пръв" pos="X">пръв</wf>
         <wf lemma="път" pos="X">път</wf>
         <wf lemma="влизам" pos="X">влизам</wf>
         <wf lemma="в" pos="X">в</wf>
         <instance id="d000.s183.t000" lemma="бой" pos="NOUN">бой</instance>
         <wf lemma="." pos="X">.</wf>
      </sentence>
      <sentence id="d000.s184" source="wordnet-bulgarian">
         <wf lemma="следващия" pos="X">следващия</wf>
         <instance id="d000.s184.t000" lemma="месец" pos="NOUN">месец</instance>
         <wf lemma="." pos="X">.</wf>
      </sentence>
      <sentence id="d000.s185" source="wordnet-bulgarian">
         <wf lemma="журналистически" pos="X">журналистически</wf>
         <instance id="d000.s185.t000" lemma="репортаж" pos="NOUN">репортаж</instance>
         <wf lemma="." pos="X">.</wf>
      </sentence>
      <sentence id="d000.s186" source="wordnet-bulgarian">
         <wf lemma="В" pos="X">В</wf>
         <wf lemma="центъра" pos="X">центъра</wf>
         <wf lemma="на" pos="X">на</wf>
         <wf lemma="града" pos="X">града</wf>
         <wf lemma="отваря" pos="X">отваря</wf>
         <wf lemma="врати" pos="X">врати</wf>
         <wf lemma="нов" pos="X">нов</wf>
         <instance id="d000.s186.t000" lemma="офис" pos="NOUN">офис</instance>
         <wf lemma="." pos="X">.</wf>
      </sentence>
      <sentence id="d000.s187" source="wordnet-bulgarian">
         <wf lemma="материална" pos="X">материална</wf>
         <instance id="d000.s187.t000" lemma="отговорност" pos="NOUN">отговорност</instance>
         <wf lemma="." pos="X">.</wf>
      </sentence>
      <sentence id="d000.s188" source="wordnet-bulgarian">
         <wf lemma="спортен" pos="X">спортен</wf>
         <instance id="d000.s188.t000" lemma="екип" pos="NOUN">екип</instance>
         <wf lemma="." pos="X">.</wf>
      </sentence>
      <sentence id="d000.s189" source="wordnet-bulgarian">
         <wf lemma="проявявам" pos="X">проявявам</wf>
         <instance id="d000.s189.t000" lemma="учтивост" pos="NOUN">учтивост</instance>
         <wf lemma="." pos="X">.</wf>
      </sentence>
      <sentence id="d000.s190" source="wordnet-bulgarian">
         <wf lemma="Нямам" pos="X">Нямам</wf>
         <wf lemma="време" pos="X">време</wf>
         <wf lemma="да" pos="X">да</wf>
         <instance id="d000.s190.t000" lemma="дискутирам" pos="VERB">дискутирам</instance>
         <wf lemma="положението" pos="X">положението</wf>
         <wf lemma="ти" pos="X">ти</wf>
         <wf lemma="." pos="X">.</wf>
      </sentence>
      <sentence id="d000.s191" source="wordnet-bulgarian">
         <instance id="d000.s191.t000" lemma="анонимен" pos="ADJ">анонимен</instance>
         <wf lemma="автор" pos="X">автор</wf>
         <wf lemma="." pos="X">.</wf>
      </sentence>
      <sentence id="d000.s192" source="wordnet-bulgarian">
         <wf lemma="Списанието" pos="X">Списанието</wf>
         <wf lemma="взе" pos="X">взе</wf>
         <wf lemma="повече" pos="X">повече</wf>
         <wf lemma="публицистична" pos="X">публицистична</wf>
         <instance id="d000.s192.t000" lemma="посока" pos="NOUN">посока</instance>
         <wf lemma="." pos="X">.</wf>
      </sentence>
      <sentence id="d000.s193" source="wordnet-bulgarian">
         <wf lemma="ръкавици" pos="X">ръкавици</wf>
         <wf lemma="от" pos="X">от</wf>
         <instance id="d000.s193.t000" lemma="кожа" pos="NOUN">кожа</instance>
         <wf lemma="." pos="X">.</wf>
      </sentence>
      <sentence id="d000.s194" source="wordnet-bulgarian">
         <instance id="d000.s194.t000" lemma="руло" pos="NOUN">руло</instance>
         <wf lemma="хартия" pos="X">хартия</wf>
         <wf lemma="." pos="X">.</wf>
      </sentence>
      <sentence id="d000.s195" source="wordnet-bulgarian">
         <wf lemma="буен" pos="X">буен</wf>
         <instance id="d000.s195.t000" lemma="кон" pos="NOUN">кон</instance>
         <wf lemma="." pos="X">.</wf>
      </sentence>
      <sentence id="d000.s196" source="wordnet-bulgarian">
         <wf lemma="при" pos="X">при</wf>
         <instance id="d000.s196.t000" lemma="наличие" pos="NOUN">наличие</instance>
         <wf lemma="на" pos="X">на</wf>
         <wf lemma="." pos="X">.</wf>
      </sentence>
      <sentence id="d000.s197" source="wordnet-bulgarian">
         <wf lemma="Винаги" pos="X">Винаги</wf>
         <wf lemma="нося" pos="X">нося</wf>
         <instance id="d000.s197.t000" lemma="пара" pos="NOUN">пари</instance>
         <wf lemma="в" pos="X">в</wf>
         <wf lemma="брой" pos="X">брой</wf>
         <wf lemma="." pos="X">.</wf>
      </sentence>
      <sentence id="d000.s198" source="wordnet-bulgarian">
         <wf lemma="мъртва" pos="X">мъртва</wf>
         <instance id="d000.s198.t000" lemma="клетка" pos="NOUN">клетка</instance>
         <wf lemma="." pos="X">.</wf>
      </sentence>
      <sentence id="d000.s199" source="wordnet-bulgarian">
         <wf lemma="чистя" pos="X">чистя</wf>
         <wf lemma="с" pos="X">с</wf>
         <instance id="d000.s199.t000" lemma="прахосмукачка" pos="NOUN">прахосмукачка</instance>
         <wf lemma="." pos="X">.</wf>
      </sentence>
      <sentence id="d000.s200" source="wordnet-bulgarian">
         <wf lemma="държа" pos="X">държа</wf>
         <wf lemma="в" pos="X">в</wf>
         <instance id="d000.s200.t000" lemma="невежество" pos="NOUN">невежество</instance>
         <wf lemma="." pos="X">.</wf>
      </sentence>
      <sentence id="d000.s201" source="wordnet-bulgarian">
         <wf lemma="спиртна" pos="X">спиртна</wf>
         <instance id="d000.s201.t000" lemma="лампа" pos="NOUN">лампа</instance>
         <wf lemma="." pos="X">.</wf>
      </sentence>
      <sentence id="d000.s202" source="wordnet-bulgarian">
         <instance id="d000.s202.t000" lemma="престъпление" pos="NOUN">престъпление</instance>
         <wf lemma="и" pos="X">и</wf>
         <wf lemma="наказание" pos="X">наказание</wf>
         <wf lemma="." pos="X">.</wf>
      </sentence>
      <sentence id="d000.s203" source="wordnet-bulgarian">
         <wf lemma="лична" pos="X">лична</wf>
         <instance id="d000.s203.t000" lemma="амбиция" pos="NOUN">амбиция</instance>
         <wf lemma="." pos="X">.</wf>
      </sentence>
      <sentence id="d000.s204" source="wordnet-bulgarian">
         <wf lemma="дипломатически" pos="X">дипломатически</wf>
         <instance id="d000.s204.t000" lemma="преговори" pos="NOUN">преговори</instance>
         <wf lemma="." pos="X">.</wf>
      </sentence>
      <sentence id="d000.s205" source="wordnet-bulgarian">
         <wf lemma="разрешавам" pos="X">разрешавам</wf>
         <instance id="d000.s205.t000" lemma="въпрос" pos="NOUN">въпрос</instance>
         <wf lemma="." pos="X">.</wf>
      </sentence>
      <sentence id="d000.s206" source="wordnet-bulgarian">
         <instance id="d000.s206.t000" lemma="добавка" pos="NOUN">добавка</instance>
         <wf lemma="за" pos="X">за</wf>
         <wf lemma="бетон" pos="X">бетон</wf>
         <wf lemma="." pos="X">.</wf>
      </sentence>
      <sentence id="d000.s207" source="wordnet-bulgarian">
         <wf lemma="постоянен" pos="X">постоянен</wf>
         <instance id="d000.s207.t000" lemma="страж" pos="NOUN">страж</instance>
         <wf lemma="." pos="X">.</wf>
      </sentence>
      <sentence id="d000.s208" source="wordnet-bulgarian">
         <wf lemma="строги" pos="X">строги</wf>
         <instance id="d000.s208.t000" lemma="мярка" pos="NOUN">мерки</instance>
         <wf lemma="." pos="X">.</wf>
      </sentence>
      <sentence id="d000.s209" source="wordnet-bulgarian">
         <instance id="d000.s209.t000" lemma="закон" pos="NOUN">закон</instance>
         <wf lemma="за" pos="X">за</wf>
         <wf lemma="образованието" pos="X">образованието</wf>
         <wf lemma="." pos="X">.</wf>
      </sentence>
      <sentence id="d000.s210" source="wordnet-bulgarian">
         <wf lemma="Ще" pos="X">Ще</wf>
         <wf lemma="ме" pos="X">ме</wf>
         <instance id="d000.s210.t000" lemma="заведа" pos="VERB">заведеш</instance>
         <wf lemma="ли" pos="X">ли</wf>
         <wf lemma="до" pos="X">до</wf>
         <wf lemma="изхода" pos="X">изхода</wf>
         <wf lemma="?" pos="X">?</wf>
      </sentence>
      <sentence id="d000.s211" source="wordnet-bulgarian">
         <wf lemma="сключвам" pos="X">сключвам</wf>
         <instance id="d000.s211.t000" lemma="мир" pos="NOUN">мир</instance>
         <wf lemma="." pos="X">.</wf>
      </sentence>
      <sentence id="d000.s212" source="wordnet-bulgarian">
         <instance id="d000.s212.t000" lemma="пренасям" pos="VERB">пренасям</instance>
         <wf lemma="с" pos="X">с</wf>
         <wf lemma="кола" pos="X">кола</wf>
         <wf lemma="." pos="X">.</wf>
      </sentence>
      <sentence id="d000.s213" source="wordnet-bulgarian">
         <wf lemma="Говореше" pos="X">Говореше</wf>
         <wf lemma="с" pos="X">с</wf>
         <wf lemma="разпален" pos="X">разпален</wf>
         <instance id="d000.s213.t000" lemma="тон" pos="NOUN">тон</instance>
         <wf lemma="." pos="X">.</wf>
      </sentence>
      <sentence id="d000.s214" source="wordnet-bulgarian">
         <instance id="d000.s214.t000" lemma="обект" pos="NOUN">обект</instance>
         <wf lemma="на" pos="X">на</wf>
         <wf lemma="научно" pos="X">научно</wf>
         <wf lemma="изследване" pos="X">изследване</wf>
         <wf lemma="." pos="X">.</wf>
      </sentence>
      <sentence id="d000.s215" source="wordnet-bulgarian">
         <instance id="d000.s215.t000" lemma="жертва" pos="NOUN">жертва</instance>
         <wf lemma="на" pos="X">на</wf>
         <wf lemma="." pos="X">.</wf>
      </sentence>
      <sentence id="d000.s216" source="wordnet-bulgarian">
         <wf lemma="големи" pos="X">големи</wf>
         <instance id="d000.s216.t000" lemma="буза" pos="NOUN">бузи</instance>
         <wf lemma="." pos="X">.</wf>
      </sentence>
      <sentence id="d000.s217" source="wordnet-bulgarian">
         <wf lemma="повален" pos="X">повален</wf>
         <wf lemma="от" pos="X">от</wf>
         <wf lemma="бурята" pos="X">бурята</wf>
         <instance id="d000.s217.t000" lemma="стълб" pos="NOUN">стълб</instance>
         <wf lemma="." pos="X">.</wf>
      </sentence>
      <sentence id="d000.s218" source="wordnet-bulgarian">
         <wf lemma="движа" pos="X">движа</wf>
         <wf lemma="се" pos="X">се</wf>
         <wf lemma="по" pos="X">по</wf>
         <instance id="d000.s218.t000" lemma="магистрала" pos="NOUN">магистралата</instance>
         <wf lemma="." pos="X">.</wf>
      </sentence>
      <sentence id="d000.s219" source="wordnet-bulgarian">
         <wf lemma="Сложих" pos="X">Сложих</wf>
         <wf lemma="си" pos="X">си</wf>
         <wf lemma="бонбон" pos="X">бонбон</wf>
         <wf lemma="в" pos="X">в</wf>
         <instance id="d000.s219.t000" lemma="уста" pos="NOUN">устата</instance>
         <wf lemma="." pos="X">.</wf>
      </sentence>
      <sentence id="d000.s220" source="wordnet-bulgarian">
         <wf lemma="нареждам" pos="X">нареждам</wf>
         <instance id="d000.s220.t000" lemma="карта" pos="NOUN">картите</instance>
         <wf lemma="." pos="X">.</wf>
      </sentence>
      <sentence id="d000.s221" source="wordnet-bulgarian">
         <wf lemma="средна" pos="X">средна</wf>
         <instance id="d000.s221.t000" lemma="категория" pos="NOUN">категория</instance>
         <wf lemma="." pos="X">.</wf>
      </sentence>
      <sentence id="d000.s222" source="wordnet-bulgarian">
         <wf lemma="безалкохолно" pos="X">безалкохолно</wf>
         <instance id="d000.s222.t000" lemma="питие" pos="NOUN">питие</instance>
         <wf lemma="." pos="X">.</wf>
      </sentence>
      <sentence id="d000.s223" source="wordnet-bulgarian">
         <wf lemma="модерна" pos="X">модерна</wf>
         <instance id="d000.s223.t000" lemma="фабрика" pos="NOUN">фабрика</instance>
         <wf lemma="." pos="X">.</wf>
      </sentence>
      <sentence id="d000.s224" source="wordnet-bulgarian">
         <instance id="d000.s224.t000" lemma="кожа" pos="NOUN">кожа</instance>
         <wf lemma="като" pos="X">като</wf>
         <wf lemma="шоколад" pos="X">шоколад</wf>
         <wf lemma="." pos="X">.</wf>
      </sentence>
      <sentence id="d000.s225" source="wordnet-bulgarian">
         <wf lemma="цветни" pos="X">цветни</wf>
         <instance id="d000.s225.t000" lemma="балон" pos="NOUN">балони</instance>
         <wf lemma="." pos="X">.</wf>
      </sentence>
      <sentence id="d000.s226" source="wordnet-bulgarian">
         <wf lemma="чета" pos="X">чета</wf>
         <instance id="d000.s226.t000" lemma="поща" pos="NOUN">пощата</instance>
         <wf lemma="си" pos="X">си</wf>
         <wf lemma="." pos="X">.</wf>
      </sentence>
      <sentence id="d000.s227" source="wordnet-bulgarian">
         <wf lemma="живи" pos="X">живи</wf>
         <instance id="d000.s227.t000" lemma="език" pos="NOUN">езици</instance>
         <wf lemma="." pos="X">.</wf>
      </sentence>
      <sentence id="d000.s228" source="wordnet-bulgarian">
         <instance id="d000.s228.t000" lemma="гласувам" pos="VERB">гласувам</instance>
         <wf lemma="против" pos="X">против</wf>
         <wf lemma="." pos="X">.</wf>
      </sentence>
      <sentence id="d000.s229" source="wordnet-bulgarian">
         <wf lemma="електрическа" pos="X">електрическа</wf>
         <instance id="d000.s229.t000" lemma="тенджера" pos="NOUN">тенджера</instance>
         <wf lemma="." pos="X">.</wf>
      </sentence>
      <sentence id="d000.s230" source="wordnet-bulgarian">
         <instance id="d000.s230.t000" lemma="плик" pos="NOUN">плик</instance>
         <wf lemma="за" pos="X">за</wf>
         <wf lemma="писмо" pos="X">писмо</wf>
         <wf lemma="." pos="X">.</wf>
      </sentence>
      <sentence id="d000.s231" source="wordnet-bulgarian">
         <wf lemma="тънка" pos="X">тънка</wf>
         <instance id="d000.s231.t000" lemma="папка" pos="NOUN">папка</instance>
         <wf lemma="." pos="X">.</wf>
      </sentence>
      <sentence id="d000.s232" source="wordnet-bulgarian">
         <wf lemma="взривни" pos="X">взривни</wf>
         <instance id="d000.s232.t000" lemma="вещество" pos="NOUN">вещества</instance>
         <wf lemma="." pos="X">.</wf>
      </sentence>
      <sentence id="d000.s233" source="wordnet-bulgarian">
         <wf lemma="Потъвам" pos="X">Потъвам</wf>
         <wf lemma="в" pos="X">в</wf>
         <wf lemma="дън" pos="X">дън</wf>
         <wf lemma="земята" pos="X">земята</wf>
         <wf lemma="от" pos="X">от</wf>
         <instance id="d000.s233.t000" lemma="срам" pos="NOUN">срам</instance>
         <wf lemma="." pos="X">.</wf>
      </sentence>
      <sentence id="d000.s234" source="wordnet-bulgarian">
         <wf lemma="стрелям" pos="X">стрелям</wf>
         <wf lemma="с" pos="X">с</wf>
         <instance id="d000.s234.t000" lemma="оръжие" pos="NOUN">оръжие</instance>
         <wf lemma="." pos="X">.</wf>
      </sentence>
      <sentence id="d000.s235" source="wordnet-bulgarian">
         <wf lemma="Хвалят" pos="X">Хвалят</wf>
         <wf lemma="го" pos="X">го</wf>
         <wf lemma="за" pos="X">за</wf>
         <instance id="d000.s235.t000" lemma="гостоприемство" pos="NOUN">гостоприемството</instance>
         <wf lemma="му" pos="X">му</wf>
         <wf lemma="." pos="X">.</wf>
      </sentence>
      <sentence id="d000.s236" source="wordnet-bulgarian">
         <instance id="d000.s236.t000" lemma="крило" pos="NOUN">крило</instance>
         <wf lemma="на" pos="X">на</wf>
         <wf lemma="самолет" pos="X">самолет</wf>
         <wf lemma="." pos="X">.</wf>
      </sentence>
      <sentence id="d000.s237" source="wordnet-bulgarian">
         <wf lemma="Повикай" pos="X">Повикай</wf>
         <instance id="d000.s237.t000" lemma="майка" pos="NOUN">майка</instance>
         <wf lemma="си" pos="X">си</wf>
         <wf lemma="." pos="X">.</wf>
      </sentence>
      <sentence id="d000.s238" source="wordnet-bulgarian">
         <wf lemma="Купих" pos="X">Купих</wf>
         <wf lemma="си" pos="X">си</wf>
         <wf lemma="блузка" pos="X">блузка</wf>
         <wf lemma="на" pos="X">на</wf>
         <instance id="d000.s238.t000" lemma="звезда" pos="NOUN">звезди</instance>
         <wf lemma="." pos="X">.</wf>
      </sentence>
      <sentence id="d000.s239" source="wordnet-bulgarian">
         <wf lemma="Тя" pos="X">Тя</wf>
         <wf lemma="трябва" pos="X">трябва</wf>
         <wf lemma="да" pos="X">да</wf>
         <instance id="d000.s239.t000" lemma="балансирам" pos="VERB">балансира</instance>
         <wf lemma="служебната" pos="X">служебната</wf>
         <wf lemma="работа" pos="X">работа</wf>
         <wf lemma="и" pos="X">и</wf>
         <wf lemma="домашните" pos="X">домашните</wf>
         <wf lemma="си" pos="X">си</wf>
         <wf lemma="задължения" pos="X">задължения</wf>
         <wf lemma="." pos="X">.</wf>
      </sentence>
      <sentence id="d000.s240" source="wordnet-bulgarian">
         <instance id="d000.s240.t000" lemma="излагам" pos="VERB">излагам</instance>
         <wf lemma="картини" pos="X">картини</wf>
         <wf lemma="." pos="X">.</wf>
      </sentence>
      <sentence id="d000.s241" source="wordnet-bulgarian">
         <wf lemma="завърших" pos="X">завърших</wf>
         <wf lemma="първия" pos="X">първия</wf>
         <instance id="d000.s241.t000" lemma="курс" pos="NOUN">курс</instance>
         <wf lemma="." pos="X">.</wf>
      </sentence>
      <sentence id="d000.s242" source="wordnet-bulgarian">
         <wf lemma="Грижи" pos="X">Грижи</wf>
         <wf lemma="се" pos="X">се</wf>
         <wf lemma="за" pos="X">за</wf>
         <instance id="d000.s242.t000" lemma="благополучие" pos="NOUN">благополучието</instance>
         <wf lemma="на" pos="X">на</wf>
         <wf lemma="децата" pos="X">децата</wf>
         <wf lemma="си" pos="X">си</wf>
         <wf lemma="." pos="X">.</wf>
      </sentence>
      <sentence id="d000.s243" source="wordnet-bulgarian">
         <wf lemma="ниско" pos="X">ниско</wf>
         <instance id="d000.s243.t000" lemma="мито" pos="NOUN">мито</instance>
         <wf lemma="." pos="X">.</wf>
      </sentence>
      <sentence id="d000.s244" source="wordnet-bulgarian">
         <wf lemma="ориентирам" pos="X">ориентирам</wf>
         <wf lemma="се" pos="X">се</wf>
         <wf lemma="в" pos="X">в</wf>
         <instance id="d000.s244.t000" lemma="обстановка" pos="NOUN">обстановката</instance>
         <wf lemma="." pos="X">.</wf>
      </sentence>
      <sentence id="d000.s245" source="wordnet-bulgarian">
         <wf lemma="платен" pos="X">платен</wf>
         <instance id="d000.s245.t000" lemma="паркинг" pos="NOUN">паркинг</instance>
         <wf lemma="." pos="X">.</wf>
      </sentence>
      <sentence id="d000.s246" source="wordnet-bulgarian">
         <wf lemma="диворастящи" pos="X">диворастящи</wf>
         <instance id="d000.s246.t000" lemma="плод" pos="NOUN">плодове</instance>
         <wf lemma="." pos="X">.</wf>
      </sentence>
      <sentence id="d000.s247" source="wordnet-bulgarian">
         <wf lemma="получавам" pos="X">получавам</wf>
         <instance id="d000.s247.t000" lemma="помощ" pos="NOUN">помощи</instance>
         <wf lemma="." pos="X">.</wf>
      </sentence>
      <sentence id="d000.s248" source="wordnet-bulgarian">
         <wf lemma="кварцова" pos="X">кварцова</wf>
         <instance id="d000.s248.t000" lemma="лампа" pos="NOUN">лампа</instance>
         <wf lemma="." pos="X">.</wf>
      </sentence>
      <sentence id="d000.s249" source="wordnet-bulgarian">
         <wf lemma="полицейска" pos="X">полицейска</wf>
         <instance id="d000.s249.t000" lemma="униформа" pos="NOUN">униформа</instance>
         <wf lemma="." pos="X">.</wf>
      </sentence>
      <sentence id="d000.s250" source="wordnet-bulgarian">
         <wf lemma="Не" pos="X">Не</wf>
         <instance id="d000.s250.t000" lemma="викам" pos="VERB">викай</instance>
         <wf lemma="," pos="X">,</wf>
         <wf lemma="говори" pos="X">говори</wf>
         <wf lemma="по-тихо" pos="X">по-тихо</wf>
         <wf lemma="!" pos="X">!</wf>
      </sentence>
      <sentence id="d000.s251" source="wordnet-bulgarian">
         <wf lemma="Здрав" pos="X">Здрав</wf>
         <instance id="d000.s251.t000" lemma="дух" pos="NOUN">дух</instance>
         <wf lemma="в" pos="X">в</wf>
         <wf lemma="здраво" pos="X">здраво</wf>
         <wf lemma="тяло" pos="X">тяло</wf>
         <wf lemma="." pos="X">.</wf>
      </sentence>
      <sentence id="d000.s252" source="wordnet-bulgarian">
         <wf lemma="автомобилна" pos="X">автомобилна</wf>
         <instance id="d000.s252.t000" lemma="злополука" pos="NOUN">злополука</instance>
         <wf lemma="." pos="X">.</wf>
      </sentence>
      <sentence id="d000.s253" source="wordnet-bulgarian">
         <wf lemma="дъждовна" pos="X">дъждовна</wf>
         <instance id="d000.s253.t000" lemma="есен" pos="NOUN">есен</instance>
         <wf lemma="." pos="X">.</wf>
      </sentence>
      <sentence id="d000.s254" source="wordnet-bulgarian">
         <wf lemma="нито" pos="X">нито</wf>
         <wf lemma="един" pos="X">един</wf>
         <instance id="d000.s254.t000" lemma="глас" pos="NOUN">глас</instance>
         <wf lemma="за" pos="X">за</wf>
         <wf lemma="." pos="X">.</wf>
      </sentence>
      <sentence id="d000.s255" source="wordnet-bulgarian">
         <wf lemma="неочаквана" pos="X">неочаквана</wf>
         <instance id="d000.s255.t000" lemma="пауза" pos="NOUN">пауза</instance>
         <wf lemma="." pos="X">.</wf>
      </sentence>
      <sentence id="d000.s256" source="wordnet-bulgarian">
         <wf lemma="царски" pos="X">царски</wf>
         <instance id="d000.s256.t000" lemma="дворец" pos="NOUN">дворец</instance>
         <wf lemma="." pos="X">.</wf>
      </sentence>
      <sentence id="d000.s257" source="wordnet-bulgarian">
         <wf lemma="скосен" pos="X">скосен</wf>
         <instance id="d000.s257.t000" lemma="покрив" pos="NOUN">покрив</instance>
         <wf lemma="." pos="X">.</wf>
      </sentence>
      <sentence id="d000.s258" source="wordnet-bulgarian">
         <wf lemma="трудов" pos="X">трудов</wf>
         <instance id="d000.s258.t000" lemma="доход" pos="NOUN">доход</instance>
         <wf lemma="." pos="X">.</wf>
      </sentence>
      <sentence id="d000.s259" source="wordnet-bulgarian">
         <wf lemma="Той" pos="X">Той</wf>
         <wf lemma="направи" pos="X">направи</wf>
         <wf lemma="няколко" pos="X">няколко</wf>
         <instance id="d000.s259.t000" lemma="крачка" pos="NOUN">крачки</instance>
         <wf lemma="и" pos="X">и</wf>
         <wf lemma="спря" pos="X">спря</wf>
         <wf lemma="." pos="X">.</wf>
      </sentence>
      <sentence id="d000.s260" source="wordnet-bulgarian">
         <wf lemma="купувам" pos="X">купувам</wf>
         <instance id="d000.s260.t000" lemma="апартамент" pos="NOUN">апартамент</instance>
         <wf lemma="." pos="X">.</wf>
      </sentence>
      <sentence id="d000.s261" source="wordnet-bulgarian">
         <wf lemma="Има" pos="X">Има</wf>
         <instance id="d000.s261.t000" lemma="смисъл" pos="NOUN">смисъл</instance>
         <wf lemma="да" pos="X">да</wf>
         <wf lemma="се" pos="X">се</wf>
         <wf lemma="живее" pos="X">живее</wf>
         <wf lemma="." pos="X">.</wf>
      </sentence>
      <sentence id="d000.s262" source="wordnet-bulgarian">
         <wf lemma="паническо" pos="X">паническо</wf>
         <instance id="d000.s262.t000" lemma="бягство" pos="NOUN">бягство</instance>
         <wf lemma="." pos="X">.</wf>
      </sentence>
      <sentence id="d000.s263" source="wordnet-bulgarian">
         <wf lemma="семейни" pos="X">семейни</wf>
         <instance id="d000.s263.t000" lemma="връзка" pos="NOUN">връзки</instance>
         <wf lemma="." pos="X">.</wf>
      </sentence>
      <sentence id="d000.s264" source="wordnet-bulgarian">
         <wf lemma="чувствам" pos="X">чувствам</wf>
         <instance id="d000.s264.t000" lemma="липса" pos="NOUN">липсата</instance>
         <wf lemma="на" pos="X">на</wf>
         <wf lemma="." pos="X">.</wf>
      </sentence>
      <sentence id="d000.s265" source="wordnet-bulgarian">
         <wf lemma="луксозно" pos="X">луксозно</wf>
         <instance id="d000.s265.t000" lemma="списание" pos="NOUN">списание</instance>
         <wf lemma="." pos="X">.</wf>
      </sentence>
      <sentence id="d000.s266" source="wordnet-bulgarian">
         <wf lemma="Имай" pos="X">Имай</wf>
         <instance id="d000.s266.t000" lemma="търпение" pos="NOUN">търпение</instance>
         <wf lemma="!" pos="X">!</wf>
      </sentence>
      <sentence id="d000.s267" source="wordnet-bulgarian">
         <wf lemma="излизам" pos="X">излизам</wf>
         <wf lemma="в" pos="X">в</wf>
         <instance id="d000.s267.t000" lemma="дъжд" pos="NOUN">дъжда</instance>
         <wf lemma="." pos="X">.</wf>
      </sentence>
      <sentence id="d000.s268" source="wordnet-bulgarian">
         <instance id="d000.s268.t000" lemma="размер" pos="NOUN">размер</instance>
         <wf lemma="на" pos="X">на</wf>
         <wf lemma="дреха" pos="X">дреха</wf>
         <wf lemma="." pos="X">.</wf>
      </sentence>
      <sentence id="d000.s269" source="wordnet-bulgarian">
         <wf lemma="сладък" pos="X">сладък</wf>
         <instance id="d000.s269.t000" lemma="плод" pos="NOUN">плод</instance>
         <wf lemma="." pos="X">.</wf>
      </sentence>
      <sentence id="d000.s270" source="wordnet-bulgarian">
         <wf lemma="ново" pos="X">ново</wf>
         <instance id="d000.s270.t000" lemma="оборудване" pos="NOUN">оборудване</instance>
         <wf lemma="." pos="X">.</wf>
      </sentence>
      <sentence id="d000.s271" source="wordnet-bulgarian">
         <wf lemma="глупава" pos="X">глупава</wf>
         <instance id="d000.s271.t000" lemma="реклама" pos="NOUN">реклама</instance>
         <wf lemma="." pos="X">.</wf>
      </sentence>
      <sentence id="d000.s272" source="wordnet-bulgarian">
         <wf lemma="Дойде" pos="X">Дойде</wf>
         <wf lemma="един" pos="X">един</wf>
         <wf lemma="човек" pos="X">човек</wf>
         <wf lemma="от" pos="X">от</wf>
         <instance id="d000.s272.t000" lemma="охрана" pos="NOUN">охраната</instance>
         <wf lemma="." pos="X">.</wf>
      </sentence>
      <sentence id="d000.s273" source="wordnet-bulgarian">
         <wf lemma="оторизиран" pos="X">оторизиран</wf>
         <instance id="d000.s273.t000" lemma="дистрибутор" pos="NOUN">дистрибутор</instance>
         <wf lemma="." pos="X">.</wf>
      </sentence>
      <sentence id="d000.s274" source="wordnet-bulgarian">
         <wf lemma="привлекателна" pos="X">привлекателна</wf>
         <instance id="d000.s274.t000" lemma="външност" pos="NOUN">външност</instance>
         <wf lemma="." pos="X">.</wf>
      </sentence>
      <sentence id="d000.s275" source="wordnet-bulgarian">
         <wf lemma="приемам" pos="X">приемам</wf>
         <instance id="d000.s275.t000" lemma="покана" pos="NOUN">поканата</instance>
         <wf lemma="на" pos="X">на</wf>
         <wf lemma="." pos="X">.</wf>
      </sentence>
      <sentence id="d000.s276" source="wordnet-bulgarian">
         <wf lemma="занимавам" pos="X">занимавам</wf>
         <wf lemma="се" pos="X">се</wf>
         <wf lemma="с" pos="X">с</wf>
         <instance id="d000.s276.t000" lemma="фотография" pos="NOUN">фотография</instance>
         <wf lemma="." pos="X">.</wf>
      </sentence>
      <sentence id="d000.s277" source="wordnet-bulgarian">
         <instance id="d000.s277.t000" lemma="стрък" pos="NOUN">стрък</instance>
         <wf lemma="царевица" pos="X">царевица</wf>
         <wf lemma="." pos="X">.</wf>
      </sentence>
      <sentence id="d000.s278" source="wordnet-bulgarian">
         <wf lemma="социален" pos="X">социален</wf>
         <instance id="d000.s278.t000" lemma="живот" pos="NOUN">живот</instance>
         <wf lemma="." pos="X">.</wf>
      </sentence>
      <sentence id="d000.s279" source="wordnet-bulgarian">
         <wf lemma="днешен" pos="X">днешен</wf>
         <instance id="d000.s279.t000" lemma="вестник" pos="NOUN">вестник</instance>
         <wf lemma="." pos="X">.</wf>
      </sentence>
      <sentence id="d000.s280" source="wordnet-bulgarian">
         <wf lemma="посветен" pos="X">посветен</wf>
         <wf lemma="съм" pos="X">съм</wf>
         <wf lemma="в" pos="X">в</wf>
         <instance id="d000.s280.t000" lemma="тайна" pos="NOUN">тайната</instance>
         <wf lemma="." pos="X">.</wf>
      </sentence>
      <sentence id="d000.s281" source="wordnet-bulgarian">
         <wf lemma="имам" pos="X">имам</wf>
         <wf lemma="свободен" pos="X">свободен</wf>
         <instance id="d000.s281.t000" lemma="достъп" pos="NOUN">достъп</instance>
         <wf lemma="до" pos="X">до</wf>
         <wf lemma="." pos="X">.</wf>
      </sentence>
      <sentence id="d000.s282" source="wordnet-bulgarian">
         <instance id="d000.s282.t000" lemma="отклонение" pos="NOUN">Отклонението</instance>
         <wf lemma="," pos="X">,</wf>
         <wf lemma="което" pos="X">което</wf>
         <wf lemma="направихме" pos="X">направихме</wf>
         <wf lemma="," pos="X">,</wf>
         <wf lemma="не" pos="X">не</wf>
         <wf lemma="беше" pos="X">беше</wf>
         <wf lemma="голямо" pos="X">голямо</wf>
         <wf lemma="." pos="X">.</wf>
      </sentence>
      <sentence id="d000.s283" source="wordnet-bulgarian">
         <instance id="d000.s283.t000" lemma="нож" pos="NOUN">нож</instance>
         <wf lemma="с" pos="X">с</wf>
         <wf lemma="острие" pos="X">острие</wf>
         <wf lemma="от" pos="X">от</wf>
         <wf lemma="неръждаема" pos="X">неръждаема</wf>
         <wf lemma="стомана" pos="X">стомана</wf>
         <wf lemma="." pos="X">.</wf>
      </sentence>
      <sentence id="d000.s284" source="wordnet-bulgarian">
         <instance id="d000.s284.t000" lemma="подарявам" pos="VERB">подарявам</instance>
         <wf lemma="нещо" pos="X">нещо</wf>
         <wf lemma="на" pos="X">на</wf>
         <wf lemma="." pos="X">.</wf>
      </sentence>
      <sentence id="d000.s285" source="wordnet-bulgarian">
         <instance id="d000.s285.t000" lemma="състояние" pos="NOUN">състояние</instance>
         <wf lemma="на" pos="X">на</wf>
         <wf lemma="на" pos="X">на</wf>
         <wf lemma="неизправност" pos="X">неизправност</wf>
         <wf lemma="." pos="X">.</wf>
      </sentence>
      <sentence id="d000.s286" source="wordnet-bulgarian">
         <instance id="d000.s286.t000" lemma="хармония" pos="NOUN">хармония</instance>
         <wf lemma="на" pos="X">на</wf>
         <wf lemma="цветове" pos="X">цветове</wf>
         <wf lemma="." pos="X">.</wf>
      </sentence>
      <sentence id="d000.s287" source="wordnet-bulgarian">
         <wf lemma="ям" pos="X">ям</wf>
         <instance id="d000.s287.t000" lemma="риба" pos="NOUN">риба</instance>
         <wf lemma="." pos="X">.</wf>
      </sentence>
      <sentence id="d000.s288" source="wordnet-bulgarian">
         <instance id="d000.s288.t000" lemma="викам" pos="VERB">Викам</instance>
         <wf lemma="колкото" pos="X">колкото</wf>
         <wf lemma="ми" pos="X">ми</wf>
         <wf lemma="глас" pos="X">глас</wf>
         <wf lemma="държи" pos="X">държи</wf>
         <wf lemma="." pos="X">.</wf>
      </sentence>
      <sentence id="d000.s289" source="wordnet-bulgarian">
         <instance id="d000.s289.t000" lemma="връх" pos="NOUN">връх</instance>
         <wf lemma="на" pos="X">на</wf>
         <wf lemma="игла" pos="X">игла</wf>
         <wf lemma="." pos="X">.</wf>
      </sentence>
      <sentence id="d000.s290" source="wordnet-bulgarian">
         <wf lemma="отивам" pos="X">отивам</wf>
         <wf lemma="на" pos="X">на</wf>
         <instance id="d000.s290.t000" lemma="празненство" pos="NOUN">празненство</instance>
         <wf lemma="." pos="X">.</wf>
      </sentence>
      <sentence id="d000.s291" source="wordnet-bulgarian">
         <wf lemma="главен" pos="X">главен</wf>
         <instance id="d000.s291.t000" lemma="експерт" pos="NOUN">експерт</instance>
         <wf lemma="." pos="X">.</wf>
      </sentence>
      <sentence id="d000.s292" source="wordnet-bulgarian">
         <wf lemma="тесен" pos="X">тесен</wf>
         <instance id="d000.s292.t000" lemma="панталон" pos="NOUN">панталон</instance>
         <wf lemma="." pos="X">.</wf>
      </sentence>
      <sentence id="d000.s293" source="wordnet-bulgarian">
         <wf lemma="Вавилонската" pos="X">Вавилонската</wf>
         <instance id="d000.s293.t000" lemma="кула" pos="NOUN">кула</instance>
         <wf lemma="." pos="X">.</wf>
      </sentence>
      <sentence id="d000.s294" source="wordnet-bulgarian">
         <instance id="d000.s294.t000" lemma="обект" pos="NOUN">обект</instance>
         <wf lemma="на" pos="X">на</wf>
         <wf lemma="разговор" pos="X">разговор</wf>
         <wf lemma="." pos="X">.</wf>
      </sentence>
      <sentence id="d000.s295" source="wordnet-bulgarian">
         <wf lemma="отивам" pos="X">отивам</wf>
         <wf lemma="на" pos="X">на</wf>
         <instance id="d000.s295.t000" lemma="лекция" pos="NOUN">лекции</instance>
         <wf lemma="." pos="X">.</wf>
      </sentence>
      <sentence id="d000.s296" source="wordnet-bulgarian">
         <wf lemma="дребно" pos="X">дребно</wf>
         <instance id="d000.s296.t000" lemma="земеделие" pos="NOUN">земеделие</instance>
         <wf lemma="." pos="X">.</wf>
      </sentence>
      <sentence id="d000.s297" source="wordnet-bulgarian">
         <wf lemma="имам" pos="X">имам</wf>
         <instance id="d000.s297.t000" lemma="имущество" pos="NOUN">имущество</instance>
         <wf lemma="." pos="X">.</wf>
      </sentence>
      <sentence id="d000.s298" source="wordnet-bulgarian">
         <wf lemma="довършвам" pos="X">довършвам</wf>
         <instance id="d000.s298.t000" lemma="картина" pos="NOUN">картината</instance>
         <wf lemma="." pos="X">.</wf>
      </sentence>
      <sentence id="d000.s299" source="wordnet-bulgarian">
         <wf lemma="вземам" pos="X">вземам</wf>
         <instance id="d000.s299.t000" lemma="власт" pos="NOUN">властта</instance>
         <wf lemma="." pos="X">.</wf>
      </sentence>
      <sentence id="d000.s300" source="wordnet-bulgarian">
         <wf lemma="силен" pos="X">силен</wf>
         <instance id="d000.s300.t000" lemma="характер" pos="NOUN">характер</instance>
         <wf lemma="." pos="X">.</wf>
      </sentence>
      <sentence id="d000.s301" source="wordnet-bulgarian">
         <wf lemma="получавам" pos="X">получавам</wf>
         <instance id="d000.s301.t000" lemma="стипендия" pos="NOUN">стипендия</instance>
         <wf lemma="." pos="X">.</wf>
      </sentence>
      <sentence id="d000.s302" source="wordnet-bulgarian">
         <wf lemma="получавам" pos="X">получавам</wf>
         <wf lemma="всеобщо" pos="X">всеобщо</wf>
         <instance id="d000.s302.t000" lemma="признание" pos="NOUN">признание</instance>
         <wf lemma="." pos="X">.</wf>
      </sentence>
      <sentence id="d000.s303" source="wordnet-bulgarian">
         <wf lemma="шарен" pos="X">шарен</wf>
         <instance id="d000.s303.t000" lemma="свят" pos="NOUN">свят</instance>
         <wf lemma="." pos="X">.</wf>
      </sentence>
      <sentence id="d000.s304" source="wordnet-bulgarian">
         <instance id="d000.s304.t000" lemma="ателие" pos="NOUN">Ателието</instance>
         <wf lemma="му" pos="X">му</wf>
         <wf lemma="беше" pos="X">беше</wf>
         <wf lemma="изпълнено" pos="X">изпълнено</wf>
         <wf lemma="с" pos="X">с</wf>
         <wf lemma="картини" pos="X">картини</wf>
         <wf lemma="." pos="X">.</wf>
      </sentence>
      <sentence id="d000.s305" source="wordnet-bulgarian">
         <wf lemma="откривам" pos="X">откривам</wf>
         <instance id="d000.s305.t000" lemma="заседание" pos="NOUN">заседание</instance>
         <wf lemma="." pos="X">.</wf>
      </sentence>
      <sentence id="d000.s306" source="wordnet-bulgarian">
         <instance id="d000.s306.t000" lemma="мисля" pos="VERB">Мисля</instance>
         <wf lemma="," pos="X">,</wf>
         <wf lemma="че" pos="X">че</wf>
         <wf lemma="той" pos="X">той</wf>
         <wf lemma="е" pos="X">е</wf>
         <wf lemma="нейният" pos="X">нейният</wf>
         <wf lemma="приятел" pos="X">приятел</wf>
         <wf lemma="." pos="X">.</wf>
      </sentence>
      <sentence id="d000.s307" source="wordnet-bulgarian">
         <wf lemma="тънък" pos="X">тънък</wf>
         <instance id="d000.s307.t000" lemma="врат" pos="NOUN">врат</instance>
         <wf lemma="." pos="X">.</wf>
      </sentence>
      <sentence id="d000.s308" source="wordnet-bulgarian">
         <instance id="d000.s308.t000" lemma="пропуск" pos="NOUN">пропуск</instance>
         <wf lemma="на" pos="X">на</wf>
         <wf lemma="." pos="X">.</wf>
      </sentence>
      <sentence id="d000.s309" source="wordnet-bulgarian">
         <wf lemma="Не" pos="X">Не</wf>
         <wf lemma="мога" pos="X">мога</wf>
         <wf lemma="да" pos="X">да</wf>
         <wf lemma="търпя" pos="X">търпя</wf>
         <instance id="d000.s309.t000" lemma="небрежност" pos="NOUN">небрежност</instance>
         <wf lemma="." pos="X">.</wf>
      </sentence>
      <sentence id="d000.s310" source="wordnet-bulgarian">
         <wf lemma="скучна" pos="X">скучна</wf>
         <instance id="d000.s310.t000" lemma="игра" pos="NOUN">игра</instance>
         <wf lemma="." pos="X">.</wf>
      </sentence>
      <sentence id="d000.s311" source="wordnet-bulgarian">
         <wf lemma="двойна" pos="X">двойна</wf>
         <instance id="d000.s311.t000" lemma="нишка" pos="NOUN">нишка</instance>
         <wf lemma="." pos="X">.</wf>
      </sentence>
      <sentence id="d000.s312" source="wordnet-bulgarian">
         <wf lemma="ренгенов" pos="X">ренгенов</wf>
         <instance id="d000.s312.t000" lemma="апарат" pos="NOUN">апарат</instance>
         <wf lemma="." pos="X">.</wf>
      </sentence>
      <sentence id="d000.s313" source="wordnet-bulgarian">
         <instance id="d000.s313.t000" lemma="век" pos="NOUN">век</instance>
         <wf lemma="на" pos="X">на</wf>
         <wf lemma="техниката" pos="X">техниката</wf>
         <wf lemma="." pos="X">.</wf>
      </sentence>
      <sentence id="d000.s314" source="wordnet-bulgarian">
         <wf lemma="откровен" pos="X">откровен</wf>
         <instance id="d000.s314.t000" lemma="разговор" pos="NOUN">разговор</instance>
         <wf lemma="." pos="X">.</wf>
      </sentence>
      <sentence id="d000.s315" source="wordnet-bulgarian">
         <wf lemma="Тая" pos="X">Тая</wf>
         <wf lemma="вечер" pos="X">вечер</wf>
         <wf lemma="ще" pos="X">ще</wf>
         <instance id="d000.s315.t000" lemma="отпътувам" pos="VERB">отпътувам</instance>
         <wf lemma="с" pos="X">с</wf>
         <wf lemma="автомобил" pos="X">автомобил</wf>
         <wf lemma="." pos="X">.</wf>
      </sentence>
      <sentence id="d000.s316" source="wordnet-bulgarian">
         <wf lemma="огнестрелно" pos="X">огнестрелно</wf>
         <instance id="d000.s316.t000" lemma="оръжие" pos="NOUN">оръжие</instance>
         <wf lemma="." pos="X">.</wf>
      </sentence>
      <sentence id="d000.s317" source="wordnet-bulgarian">
         <wf lemma="подчинено" pos="X">подчинено</wf>
         <instance id="d000.s317.t000" lemma="изречение" pos="NOUN">изречение</instance>
         <wf lemma="." pos="X">.</wf>
      </sentence>
      <sentence id="d000.s318" source="wordnet-bulgarian">
         <wf lemma="за" pos="X">за</wf>
         <instance id="d000.s318.t000" lemma="успокоение" pos="NOUN">успокоение</instance>
         <wf lemma="на" pos="X">на</wf>
         <wf lemma="съвестта" pos="X">съвестта</wf>
         <wf lemma="." pos="X">.</wf>
      </sentence>
      <sentence id="d000.s319" source="wordnet-bulgarian">
         <wf lemma="дълъг" pos="X">дълъг</wf>
         <wf lemma="и" pos="X">и</wf>
         <wf lemma="щастлив" pos="X">щастлив</wf>
         <instance id="d000.s319.t000" lemma="брак" pos="NOUN">брак</instance>
         <wf lemma="." pos="X">.</wf>
      </sentence>
      <sentence id="d000.s320" source="wordnet-bulgarian">
         <wf lemma="влизам" pos="X">влизам</wf>
         <wf lemma="в" pos="X">в</wf>
         <wf lemma="нов" pos="X">нов</wf>
         <instance id="d000.s320.t000" lemma="апартамент" pos="NOUN">апартамент</instance>
         <wf lemma="." pos="X">.</wf>
      </sentence>
      <sentence id="d000.s321" source="wordnet-bulgarian">
         <wf lemma="давам" pos="X">давам</wf>
         <wf lemma="висока" pos="X">висока</wf>
         <instance id="d000.s321.t000" lemma="оценка" pos="NOUN">оценка</instance>
         <wf lemma="." pos="X">.</wf>
      </sentence>
      <sentence id="d000.s322" source="wordnet-bulgarian">
         <wf lemma="граждански" pos="X">граждански</wf>
         <instance id="d000.s322.t000" lemma="договор" pos="NOUN">договор</instance>
         <wf lemma="." pos="X">.</wf>
      </sentence>
      <sentence id="d000.s323" source="wordnet-bulgarian">
         <wf lemma="Той" pos="X">Той</wf>
         <wf lemma="е" pos="X">е</wf>
         <wf lemma="на" pos="X">на</wf>
         <instance id="d000.s323.t000" lemma="работа" pos="NOUN">работа</instance>
         <wf lemma="в" pos="X">в</wf>
         <wf lemma="града" pos="X">града</wf>
         <wf lemma="." pos="X">.</wf>
      </sentence>
      <sentence id="d000.s324" source="wordnet-bulgarian">
         <instance id="d000.s324.t000" lemma="застраховка" pos="NOUN">застраховка</instance>
         <wf lemma="на" pos="X">на</wf>
         <wf lemma="имот" pos="X">имот</wf>
         <wf lemma="." pos="X">.</wf>
      </sentence>
      <sentence id="d000.s325" source="wordnet-bulgarian">
         <instance id="d000.s325.t000" lemma="орбита" pos="NOUN">орбита</instance>
         <wf lemma="на" pos="X">на</wf>
         <wf lemma="Луната" pos="X">Луната</wf>
         <wf lemma="." pos="X">.</wf>
      </sentence>
      <sentence id="d000.s326" source="wordnet-bulgarian">
         <wf lemma="прясна" pos="X">прясна</wf>
         <instance id="d000.s326.t000" lemma="риба" pos="NOUN">риба</instance>
         <wf lemma="." pos="X">.</wf>
      </sentence>
      <sentence id="d000.s327" source="wordnet-bulgarian">
         <wf lemma="противоположни" pos="X">противоположни</wf>
         <instance id="d000.s327.t000" lemma="гледище" pos="NOUN">гледища</instance>
         <wf lemma="." pos="X">.</wf>
      </sentence>
      <sentence id="d000.s328" source="wordnet-bulgarian">
         <wf lemma="специалист" pos="X">специалист</wf>
         <wf lemma="с" pos="X">с</wf>
         <instance id="d000.s328.t000" lemma="бъдеще" pos="NOUN">бъдеще</instance>
         <wf lemma="." pos="X">.</wf>
      </sentence>
      <sentence id="d000.s329" source="wordnet-bulgarian">
         <wf lemma="Тя" pos="X">Тя</wf>
         <instance id="d000.s329.t000" lemma="надмина" pos="VERB">надмина</instance>
         <wf lemma="очакванията" pos="X">очакванията</wf>
         <wf lemma="ни" pos="X">ни</wf>
         <wf lemma="." pos="X">.</wf>
      </sentence>
      <sentence id="d000.s330" source="wordnet-bulgarian">
         <wf lemma="предявявам" pos="X">предявявам</wf>
         <instance id="d000.s330.t000" lemma="претенция" pos="NOUN">претенции</instance>
         <wf lemma="към" pos="X">към</wf>
         <wf lemma="." pos="X">.</wf>
      </sentence>
      <sentence id="d000.s331" source="wordnet-bulgarian">
         <wf lemma="трудово" pos="X">трудово</wf>
         <instance id="d000.s331.t000" lemma="законодателство" pos="NOUN">законодателство</instance>
         <wf lemma="." pos="X">.</wf>
      </sentence>
      <sentence id="d000.s332" source="wordnet-bulgarian">
         <instance id="d000.s332.t000" lemma="квартал" pos="NOUN">Кварталът</instance>
         <wf lemma="ни" pos="X">ни</wf>
         <wf lemma="е" pos="X">е</wf>
         <wf lemma="спокоен" pos="X">спокоен</wf>
         <wf lemma="и" pos="X">и</wf>
         <wf lemma="отдалечен" pos="X">отдалечен</wf>
         <wf lemma="от" pos="X">от</wf>
         <wf lemma="центъра" pos="X">центъра</wf>
         <wf lemma="." pos="X">.</wf>
      </sentence>
      <sentence id="d000.s333" source="wordnet-bulgarian">
         <instance id="d000.s333.t000" lemma="следвам" pos="VERB">Следвай</instance>
         <wf lemma="инструкциите" pos="X">инструкциите</wf>
         <wf lemma="му" pos="X">му</wf>
         <wf lemma="." pos="X">.</wf>
      </sentence>
      <sentence id="d000.s334" source="wordnet-bulgarian">
         <instance id="d000.s334.t000" lemma="учебник" pos="NOUN">учебник</instance>
         <wf lemma="по." pos="X">по.</wf>
      </sentence>
      <sentence id="d000.s335" source="wordnet-bulgarian">
         <wf lemma="упражнявам" pos="X">упражнявам</wf>
         <instance id="d000.s335.t000" lemma="въздействие" pos="NOUN">въздействие</instance>
         <wf lemma="върху" pos="X">върху</wf>
         <wf lemma="." pos="X">.</wf>
      </sentence>
      <sentence id="d000.s336" source="wordnet-bulgarian">
         <wf lemma="добър" pos="X">добър</wf>
         <instance id="d000.s336.t000" lemma="професионалист" pos="NOUN">професионалист</instance>
         <wf lemma="." pos="X">.</wf>
      </sentence>
      <sentence id="d000.s337" source="wordnet-bulgarian">
         <wf lemma="всяко" pos="X">всяко</wf>
         <instance id="d000.s337.t000" lemma="сбогуване" pos="NOUN">сбогуване</instance>
         <wf lemma="носи" pos="X">носи</wf>
         <wf lemma="много" pos="X">много</wf>
         <wf lemma="тъга" pos="X">тъга</wf>
         <wf lemma="." pos="X">.</wf>
      </sentence>
      <sentence id="d000.s338" source="wordnet-bulgarian">
         <wf lemma="желязна" pos="X">желязна</wf>
         <instance id="d000.s338.t000" lemma="тел" pos="NOUN">тел</instance>
         <wf lemma="." pos="X">.</wf>
      </sentence>
      <sentence id="d000.s339" source="wordnet-bulgarian">
         <wf lemma="модерен" pos="X">модерен</wf>
         <instance id="d000.s339.t000" lemma="дом" pos="NOUN">дом</instance>
         <wf lemma="." pos="X">.</wf>
      </sentence>
      <sentence id="d000.s340" source="wordnet-bulgarian">
         <wf lemma="стъклена" pos="X">стъклена</wf>
         <instance id="d000.s340.t000" lemma="сфера" pos="NOUN">сфера</instance>
         <wf lemma="." pos="X">.</wf>
      </sentence>
      <sentence id="d000.s341" source="wordnet-bulgarian">
         <wf lemma="Разликата" pos="X">Разликата</wf>
         <wf lemma="във" pos="X">във</wf>
         <wf lemma="времето" pos="X">времето</wf>
         <wf lemma="на" pos="X">на</wf>
         <wf lemma="двамата" pos="X">двамата</wf>
         <wf lemma="състезатели" pos="X">състезатели</wf>
         <wf lemma="е" pos="X">е</wf>
         <wf lemma="няколко" pos="X">няколко</wf>
         <instance id="d000.s341.t000" lemma="секунда" pos="NOUN">секунди</instance>
         <wf lemma="." pos="X">.</wf>
      </sentence>
      <sentence id="d000.s342" source="wordnet-bulgarian">
         <wf lemma="изпадам" pos="X">изпадам</wf>
         <wf lemma="в" pos="X">в</wf>
         <instance id="d000.s342.t000" lemma="нужда" pos="NOUN">нужда</instance>
         <wf lemma="." pos="X">.</wf>
      </sentence>
      <sentence id="d000.s343" source="wordnet-bulgarian">
         <instance id="d000.s343.t000" lemma="кухня" pos="NOUN">кухня</instance>
         <wf lemma="с" pos="X">с</wf>
         <wf lemma="трапезария" pos="X">трапезария</wf>
         <wf lemma="." pos="X">.</wf>
      </sentence>
      <sentence id="d000.s344" source="wordnet-bulgarian">
         <wf lemma="има" pos="X">има</wf>
         <instance id="d000.s344.t000" lemma="дефицит" pos="NOUN">дефицит</instance>
         <wf lemma="на" pos="X">на</wf>
         <wf lemma="." pos="X">.</wf>
      </sentence>
      <sentence id="d000.s345" source="wordnet-bulgarian">
         <wf lemma="селски" pos="X">селски</wf>
         <instance id="d000.s345.t000" lemma="гробище" pos="NOUN">гробища</instance>
         <wf lemma="." pos="X">.</wf>
      </sentence>
      <sentence id="d000.s346" source="wordnet-bulgarian">
         <instance id="d000.s346.t000" lemma="изисквам" pos="VERB">изисквам</instance>
         <wf lemma="от" pos="X">от</wf>
         <wf lemma="." pos="X">.</wf>
      </sentence>
      <sentence id="d000.s347" source="wordnet-bulgarian">
         <wf lemma="медицински" pos="X">медицински</wf>
         <instance id="d000.s347.t000" lemma="хеликоптер" pos="NOUN">хеликоптер</instance>
         <wf lemma="." pos="X">.</wf>
      </sentence>
      <sentence id="d000.s348" source="wordnet-bulgarian">
         <wf lemma="голяма" pos="X">голяма</wf>
         <instance id="d000.s348.t000" lemma="уста" pos="NOUN">уста</instance>
         <wf lemma="." pos="X">.</wf>
      </sentence>
      <sentence id="d000.s349" source="wordnet-bulgarian">
         <wf lemma="греда" pos="X">греда</wf>
         <wf lemma="от" pos="X">от</wf>
         <instance id="d000.s349.t000" lemma="дърво" pos="NOUN">дърво</instance>
         <wf lemma="." pos="X">.</wf>
      </sentence>
      <sentence id="d000.s350" source="wordnet-bulgarian">
         <wf lemma="влизам" pos="X">влизам</wf>
         <wf lemma="във" pos="X">във</wf>
         <instance id="d000.s350.t000" lemma="връзка" pos="NOUN">връзка</instance>
         <wf lemma="с." pos="X">с.</wf>
      </sentence>
      <sentence id="d000.s351" source="wordnet-bulgarian">
         <wf lemma="мъртва" pos="X">мъртва</wf>
         <instance id="d000.s351.t000" lemma="кост" pos="NOUN">кост</instance>
         <wf lemma="." pos="X">.</wf>
      </sentence>
      <sentence id="d000.s352" source="wordnet-bulgarian">
         <wf lemma="Тази" pos="X">Тази</wf>
         <wf lemma="работа" pos="X">работа</wf>
         <instance id="d000.s352.t000" lemma="изисквам" pos="VERB">изисква</instance>
         <wf lemma="време" pos="X">време</wf>
         <wf lemma="." pos="X">.</wf>
      </sentence>
      <sentence id="d000.s353" source="wordnet-bulgarian">
         <wf lemma="по" pos="X">по</wf>
         <instance id="d000.s353.t000" lemma="среда" pos="NOUN">средата</instance>
         <wf lemma="на" pos="X">на</wf>
         <wf lemma="." pos="X">.</wf>
      </sentence>
      <sentence id="d000.s354" source="wordnet-bulgarian">
         <wf lemma="издавам" pos="X">издавам</wf>
         <instance id="d000.s354.t000" lemma="звук" pos="NOUN">звук</instance>
         <wf lemma="." pos="X">.</wf>
      </sentence>
      <sentence id="d000.s355" source="wordnet-bulgarian">
         <wf lemma="пазя" pos="X">пазя</wf>
         <instance id="d000.s355.t000" lemma="тайна" pos="NOUN">тайна</instance>
         <wf lemma="." pos="X">.</wf>
      </sentence>
      <sentence id="d000.s356" source="wordnet-bulgarian">
         <wf lemma="заслужавам" pos="X">заслужавам</wf>
         <instance id="d000.s356.t000" lemma="възхвала" pos="NOUN">възхвала</instance>
         <wf lemma="." pos="X">.</wf>
      </sentence>
      <sentence id="d000.s357" source="wordnet-bulgarian">
         <wf lemma="Тази" pos="X">Тази</wf>
         <wf lemma="картина" pos="X">картина</wf>
         <wf lemma="беше" pos="X">беше</wf>
         <wf lemma="негово" pos="X">негово</wf>
         <instance id="d000.s357.t000" lemma="притежание" pos="NOUN">притежание</instance>
         <wf lemma="." pos="X">.</wf>
      </sentence>
      <sentence id="d000.s358" source="wordnet-bulgarian">
         <instance id="d000.s358.t000" lemma="стока" pos="NOUN">стока</instance>
         <wf lemma="за" pos="X">за</wf>
         <wf lemma="износ" pos="X">износ</wf>
         <wf lemma="." pos="X">.</wf>
      </sentence>
      <sentence id="d000.s359" source="wordnet-bulgarian">
         <instance id="d000.s359.t000" lemma="продавам" pos="VERB">продавам</instance>
         <wf lemma="с" pos="X">с</wf>
         <wf lemma="отстъпка" pos="X">отстъпка</wf>
         <wf lemma="." pos="X">.</wf>
      </sentence>
      <sentence id="d000.s360" source="wordnet-bulgarian">
         <instance id="d000.s360.t000" lemma="резюме" pos="NOUN">резюме</instance>
         <wf lemma="от" pos="X">от</wf>
         <wf lemma="." pos="X">.</wf>
      </sentence>
      <sentence id="d000.s361" source="wordnet-bulgarian">
         <wf lemma="бял" pos="X">бял</wf>
         <instance id="d000.s361.t000" lemma="кичур" pos="NOUN">кичур</instance>
         <wf lemma="." pos="X">.</wf>
      </sentence>
      <sentence id="d000.s362" source="wordnet-bulgarian">
         <wf lemma="народен" pos="X">народен</wf>
         <instance id="d000.s362.t000" lemma="мотив" pos="NOUN">мотив</instance>
         <wf lemma="." pos="X">.</wf>
      </sentence>
      <sentence id="d000.s363" source="wordnet-bulgarian">
         <wf lemma="другата" pos="X">другата</wf>
         <instance id="d000.s363.t000" lemma="половина" pos="NOUN">половина</instance>
         <wf lemma="." pos="X">.</wf>
      </sentence>
      <sentence id="d000.s364" source="wordnet-bulgarian">
         <wf lemma="класическа" pos="X">класическа</wf>
         <instance id="d000.s364.t000" lemma="музика" pos="NOUN">музика</instance>
         <wf lemma="." pos="X">.</wf>
      </sentence>
      <sentence id="d000.s365" source="wordnet-bulgarian">
         <instance id="d000.s365.t000" lemma="посрещане" pos="NOUN">посрещане</instance>
         <wf lemma="на" pos="X">на</wf>
         <wf lemma="." pos="X">.</wf>
      </sentence>
      <sentence id="d000.s366" source="wordnet-bulgarian">
         <wf lemma="Красивата" pos="X">Красивата</wf>
         <wf lemma="градина" pos="X">градина</wf>
         <instance id="d000.s366.t000" lemma="допадам" pos="VERB">допада</instance>
         <wf lemma="на" pos="X">на</wf>
         <wf lemma="много" pos="X">много</wf>
         <wf lemma="хора" pos="X">хора</wf>
         <wf lemma="." pos="X">.</wf>
      </sentence>
      <sentence id="d000.s367" source="wordnet-bulgarian">
         <wf lemma="изказвам" pos="X">изказвам</wf>
         <instance id="d000.s367.t000" lemma="възражение" pos="NOUN">възражение</instance>
         <wf lemma="срешу" pos="X">срешу</wf>
         <wf lemma="." pos="X">.</wf>
      </sentence>
      <sentence id="d000.s368" source="wordnet-bulgarian">
         <instance id="d000.s368.t000" lemma="играя" pos="VERB">играя</instance>
         <wf lemma="спортсменски" pos="X">спортсменски</wf>
         <wf lemma="." pos="X">.</wf>
      </sentence>
      <sentence id="d000.s369" source="wordnet-bulgarian">
         <wf lemma="градинско" pos="X">градинско</wf>
         <instance id="d000.s369.t000" lemma="цвете" pos="NOUN">цвете</instance>
         <wf lemma="." pos="X">.</wf>
      </sentence>
      <sentence id="d000.s370" source="wordnet-bulgarian">
         <wf lemma="Много" pos="X">Много</wf>
         <wf lemma="е" pos="X">е</wf>
         <wf lemma="добър" pos="X">добър</wf>
         <wf lemma="в" pos="X">в</wf>
         <instance id="d000.s370.t000" lemma="област" pos="NOUN">областта</instance>
         <wf lemma="си" pos="X">си</wf>
         <wf lemma="." pos="X">.</wf>
      </sentence>
      <sentence id="d000.s371" source="wordnet-bulgarian">
         <wf lemma="песенен" pos="X">песенен</wf>
         <instance id="d000.s371.t000" lemma="композитор" pos="NOUN">композитор</instance>
         <wf lemma="." pos="X">.</wf>
      </sentence>
      <sentence id="d000.s372" source="wordnet-bulgarian">
         <wf lemma="спортна" pos="X">спортна</wf>
         <instance id="d000.s372.t000" lemma="кола" pos="NOUN">кола</instance>
         <wf lemma="." pos="X">.</wf>
      </sentence>
      <sentence id="d000.s373" source="wordnet-bulgarian">
         <wf lemma="плосък" pos="X">плосък</wf>
         <wf lemma="покрив" pos="X">покрив</wf>
         <wf lemma="с" pos="X">с</wf>
         <instance id="d000.s373.t000" lemma="купол" pos="NOUN">купол</instance>
         <wf lemma="." pos="X">.</wf>
      </sentence>
      <sentence id="d000.s374" source="wordnet-bulgarian">
         <wf lemma="пътен" pos="X">пътен</wf>
         <instance id="d000.s374.t000" lemma="участък" pos="NOUN">участък</instance>
         <wf lemma="." pos="X">.</wf>
      </sentence>
      <sentence id="d000.s375" source="wordnet-bulgarian">
         <wf lemma="имам" pos="X">имам</wf>
         <instance id="d000.s375.t000" lemma="резерва" pos="NOUN">резерви</instance>
         <wf lemma="по" pos="X">по</wf>
         <wf lemma="отношение" pos="X">отношение</wf>
         <wf lemma="на" pos="X">на</wf>
         <wf lemma="." pos="X">.</wf>
      </sentence>
      <sentence id="d000.s376" source="wordnet-bulgarian">
         <instance id="d000.s376.t000" lemma="оспорване" pos="NOUN">оспорване</instance>
         <wf lemma="на" pos="X">на</wf>
         <wf lemma="твърденията" pos="X">твърденията</wf>
         <wf lemma="на" pos="X">на</wf>
         <wf lemma="." pos="X">.</wf>
      </sentence>
      <sentence id="d000.s377" source="wordnet-bulgarian">
         <wf lemma="ремонтирам" pos="X">ремонтирам</wf>
         <instance id="d000.s377.t000" lemma="покрив" pos="NOUN">покрив</instance>
         <wf lemma="." pos="X">.</wf>
      </sentence>
      <sentence id="d000.s378" source="wordnet-bulgarian">
         <wf lemma="бащински" pos="X">бащински</wf>
         <instance id="d000.s378.t000" lemma="дълг" pos="NOUN">дълг</instance>
         <wf lemma="." pos="X">.</wf>
      </sentence>
      <sentence id="d000.s379" source="wordnet-bulgarian">
         <wf lemma="обмяна" pos="X">обмяна</wf>
         <wf lemma="на" pos="X">на</wf>
         <instance id="d000.s379.t000" lemma="опит" pos="NOUN">опит</instance>
         <wf lemma="." pos="X">.</wf>
      </sentence>
      <sentence id="d000.s380" source="wordnet-bulgarian">
         <wf lemma="определям" pos="X">определям</wf>
         <instance id="d000.s380.t000" lemma="цена" pos="NOUN">цените</instance>
         <wf lemma="." pos="X">.</wf>
      </sentence>
      <sentence id="d000.s381" source="wordnet-bulgarian">
         <wf lemma="случаен" pos="X">случаен</wf>
         <instance id="d000.s381.t000" lemma="превоз" pos="NOUN">превоз</instance>
         <wf lemma="." pos="X">.</wf>
      </sentence>
      <sentence id="d000.s382" source="wordnet-bulgarian">
         <instance id="d000.s382.t000" lemma="взаимодействие" pos="NOUN">взаимодействие</instance>
         <wf lemma="на" pos="X">на</wf>
         <wf lemma="сяра" pos="X">сяра</wf>
         <wf lemma="с" pos="X">с</wf>
         <wf lemma="вода" pos="X">вода</wf>
         <wf lemma="." pos="X">.</wf>
      </sentence>
      <sentence id="d000.s383" source="wordnet-bulgarian">
         <wf lemma="добър" pos="X">добър</wf>
         <instance id="d000.s383.t000" lemma="водач" pos="NOUN">водач</instance>
         <wf lemma="." pos="X">.</wf>
      </sentence>
      <sentence id="d000.s384" source="wordnet-bulgarian">
         <wf lemma="електрически" pos="X">електрически</wf>
         <instance id="d000.s384.t000" lemma="звънец" pos="NOUN">звънец</instance>
         <wf lemma="." pos="X">.</wf>
      </sentence>
      <sentence id="d000.s385" source="wordnet-bulgarian">
         <instance id="d000.s385.t000" lemma="връзка" pos="NOUN">връзка</instance>
         <wf lemma="лук" pos="X">лук</wf>
         <wf lemma="." pos="X">.</wf>
      </sentence>
      <sentence id="d000.s386" source="wordnet-bulgarian">
         <wf lemma="Той" pos="X">Той</wf>
         <instance id="d000.s386.t000" lemma="отстоявам" pos="VERB">отстоява</instance>
         <wf lemma="интересите" pos="X">интересите</wf>
         <wf lemma="на" pos="X">на</wf>
         <wf lemma="работниците" pos="X">работниците</wf>
         <wf lemma="си" pos="X">си</wf>
         <wf lemma="." pos="X">.</wf>
      </sentence>
      <sentence id="d000.s387" source="wordnet-bulgarian">
         <wf lemma="черен" pos="X">черен</wf>
         <instance id="d000.s387.t000" lemma="делфин" pos="NOUN">делфин</instance>
         <wf lemma="." pos="X">.</wf>
      </sentence>
      <sentence id="d000.s388" source="wordnet-bulgarian">
         <wf lemma="достоверна" pos="X">достоверна</wf>
         <instance id="d000.s388.t000" lemma="информация" pos="NOUN">информация</instance>
         <wf lemma="." pos="X">.</wf>
      </sentence>
      <sentence id="d000.s389" source="wordnet-bulgarian">
         <instance id="d000.s389.t000" lemma="извивка" pos="NOUN">извивка</instance>
         <wf lemma="на" pos="X">на</wf>
         <wf lemma="веждите" pos="X">веждите</wf>
         <wf lemma="." pos="X">.</wf>
      </sentence>
      <sentence id="d000.s390" source="wordnet-bulgarian">
         <wf lemma="полусухо" pos="X">полусухо</wf>
         <instance id="d000.s390.t000" lemma="вино" pos="NOUN">вино</instance>
         <wf lemma="." pos="X">.</wf>
      </sentence>
      <sentence id="d000.s391" source="wordnet-bulgarian">
         <wf lemma="детско" pos="X">детско</wf>
         <instance id="d000.s391.t000" lemma="тържество" pos="NOUN">тържество</instance>
         <wf lemma="." pos="X">.</wf>
      </sentence>
      <sentence id="d000.s392" source="wordnet-bulgarian">
         <wf lemma="намествам" pos="X">намествам</wf>
         <instance id="d000.s392.t000" lemma="кост" pos="NOUN">кост</instance>
         <wf lemma="." pos="X">.</wf>
      </sentence>
      <sentence id="d000.s393" source="wordnet-bulgarian">
         <instance id="d000.s393.t000" lemma="цитат" pos="NOUN">цитат</instance>
         <wf lemma="от" pos="X">от</wf>
         <wf lemma="." pos="X">.</wf>
      </sentence>
      <sentence id="d000.s394" source="wordnet-bulgarian">
         <wf lemma="икономическо" pos="X">икономическо</wf>
         <instance id="d000.s394.t000" lemma="образование" pos="NOUN">образование</instance>
         <wf lemma="." pos="X">.</wf>
      </sentence>
      <sentence id="d000.s395" source="wordnet-bulgarian">
         <wf lemma="приемен" pos="X">приемен</wf>
         <instance id="d000.s395.t000" lemma="изпит" pos="NOUN">изпит</instance>
         <wf lemma="." pos="X">.</wf>
      </sentence>
      <sentence id="d000.s396" source="wordnet-bulgarian">
         <wf lemma="климатични" pos="X">климатични</wf>
         <instance id="d000.s396.t000" lemma="промяна" pos="NOUN">промени</instance>
         <wf lemma="." pos="X">.</wf>
      </sentence>
      <sentence id="d000.s397" source="wordnet-bulgarian">
         <wf lemma="едър" pos="X">едър</wf>
         <instance id="d000.s397.t000" lemma="търговец" pos="NOUN">търговец</instance>
         <wf lemma="." pos="X">.</wf>
      </sentence>
      <sentence id="d000.s398" source="wordnet-bulgarian">
         <wf lemma="излизам" pos="X">излизам</wf>
         <wf lemma="на" pos="X">на</wf>
         <instance id="d000.s398.t000" lemma="повърхност" pos="NOUN">повърхността</instance>
         <wf lemma="." pos="X">.</wf>
      </sentence>
      <sentence id="d000.s399" source="wordnet-bulgarian">
         <wf lemma="емоционален" pos="X">емоционален</wf>
         <instance id="d000.s399.t000" lemma="подтик" pos="NOUN">подтик</instance>
         <wf lemma="." pos="X">.</wf>
      </sentence>
      <sentence id="d000.s400" source="wordnet-bulgarian">
         <wf lemma="противоположни" pos="X">противоположни</wf>
         <instance id="d000.s400.t000" lemma="тенденция" pos="NOUN">тенденции</instance>
         <wf lemma="." pos="X">.</wf>
      </sentence>
      <sentence id="d000.s401" source="wordnet-bulgarian">
         <instance id="d000.s401.t000" lemma="час" pos="NOUN">Часът</instance>
         <wf lemma="е" pos="X">е</wf>
         <wf lemma="десет" pos="X">десет</wf>
         <wf lemma="." pos="X">.</wf>
      </sentence>
      <sentence id="d000.s402" source="wordnet-bulgarian">
         <wf lemma="обичам" pos="X">обичам</wf>
         <wf lemma="да" pos="X">да</wf>
         <wf lemma="ям" pos="X">ям</wf>
         <wf lemma="вкусна" pos="X">вкусна</wf>
         <instance id="d000.s402.t000" lemma="храна" pos="NOUN">храна</instance>
         <wf lemma="." pos="X">.</wf>
      </sentence>
      <sentence id="d000.s403" source="wordnet-bulgarian">
         <wf lemma="демократически" pos="X">демократически</wf>
         <instance id="d000.s403.t000" lemma="сила" pos="NOUN">сили</instance>
         <wf lemma="." pos="X">.</wf>
      </sentence>
      <sentence id="d000.s404" source="wordnet-bulgarian">
         <wf lemma="без" pos="X">без</wf>
         <instance id="d000.s404.t000" lemma="пара" pos="NOUN">пари</instance>
         <wf lemma="съм" pos="X">съм</wf>
         <wf lemma="." pos="X">.</wf>
      </sentence>
      <sentence id="d000.s405" source="wordnet-bulgarian">
         <wf lemma="предизвикателен" pos="X">предизвикателен</wf>
         <instance id="d000.s405.t000" lemma="жест" pos="NOUN">жест</instance>
         <wf lemma="." pos="X">.</wf>
      </sentence>
      <sentence id="d000.s406" source="wordnet-bulgarian">
         <wf lemma="изпадам" pos="X">изпадам</wf>
         <wf lemma="в" pos="X">в</wf>
         <instance id="d000.s406.t000" lemma="кома" pos="NOUN">кома</instance>
         <wf lemma="." pos="X">.</wf>
      </sentence>
      <sentence id="d000.s407" source="wordnet-bulgarian">
         <wf lemma="пиша" pos="X">пиша</wf>
         <instance id="d000.s407.t000" lemma="буква" pos="NOUN">буква</instance>
         <wf lemma="по" pos="X">по</wf>
         <wf lemma="буква" pos="X">буква</wf>
         <wf lemma="." pos="X">.</wf>
      </sentence>
      <sentence id="d000.s408" source="wordnet-bulgarian">
         <instance id="d000.s408.t000" lemma="измервам" pos="VERB">измервам</instance>
         <wf lemma="температура" pos="X">температура</wf>
         <wf lemma="." pos="X">.</wf>
      </sentence>
      <sentence id="d000.s409" source="wordnet-bulgarian">
         <wf lemma="Абстрактна" pos="X">Абстрактна</wf>
         <instance id="d000.s409.t000" lemma="симетрия" pos="NOUN">симетрия</instance>
         <wf lemma="." pos="X">.</wf>
      </sentence>
      <sentence id="d000.s410" source="wordnet-bulgarian">
         <wf lemma="училищна" pos="X">училищна</wf>
         <instance id="d000.s410.t000" lemma="възраст" pos="NOUN">възраст</instance>
         <wf lemma="." pos="X">.</wf>
      </sentence>
      <sentence id="d000.s411" source="wordnet-bulgarian">
         <wf lemma="избирателно" pos="X">избирателно</wf>
         <instance id="d000.s411.t000" lemma="право" pos="NOUN">право</instance>
         <wf lemma="." pos="X">.</wf>
      </sentence>
      <sentence id="d000.s412" source="wordnet-bulgarian">
         <wf lemma="създавам" pos="X">създавам</wf>
         <instance id="d000.s412.t000" lemma="трудност" pos="NOUN">трудности</instance>
         <wf lemma="на" pos="X">на</wf>
         <wf lemma="." pos="X">.</wf>
      </sentence>
      <sentence id="d000.s413" source="wordnet-bulgarian">
         <wf lemma="Полагам" pos="X">Полагам</wf>
         <wf lemma="цветя" pos="X">цветя</wf>
         <wf lemma="на" pos="X">на</wf>
         <instance id="d000.s413.t000" lemma="гроб" pos="NOUN">гроба</instance>
         <wf lemma="." pos="X">.</wf>
      </sentence>
      <sentence id="d000.s414" source="wordnet-bulgarian">
         <wf lemma="записвам" pos="X">записвам</wf>
         <wf lemma="архитектура" pos="X">архитектура</wf>
         <wf lemma="в" pos="X">в</wf>
         <instance id="d000.s414.t000" lemma="университет" pos="NOUN">университета</instance>
         <wf lemma="." pos="X">.</wf>
      </sentence>
      <sentence id="d000.s415" source="wordnet-bulgarian">
         <wf lemma="хуманен" pos="X">хуманен</wf>
         <instance id="d000.s415.t000" lemma="акт" pos="NOUN">акт</instance>
         <wf lemma="." pos="X">.</wf>
      </sentence>
      <sentence id="d000.s416" source="wordnet-bulgarian">
         <wf lemma="предприемам" pos="X">предприемам</wf>
         <instance id="d000.s416.t000" lemma="пътуване" pos="NOUN">пътуване</instance>
         <wf lemma="." pos="X">.</wf>
      </sentence>
      <sentence id="d000.s417" source="wordnet-bulgarian">
         <wf lemma="електронен" pos="X">електронен</wf>
         <instance id="d000.s417.t000" lemma="часовник" pos="NOUN">часовник</instance>
         <wf lemma="." pos="X">.</wf>
      </sentence>
      <sentence id="d000.s418" source="wordnet-bulgarian">
         <wf lemma="взимам" pos="X">взимам</wf>
         <wf lemma="си" pos="X">си</wf>
         <instance id="d000.s418.t000" lemma="направление" pos="NOUN">направление</instance>
         <wf lemma="." pos="X">.</wf>
      </sentence>
      <sentence id="d000.s419" source="wordnet-bulgarian">
         <instance id="d000.s419.t000" lemma="стадо" pos="NOUN">Стадо</instance>
         <wf lemma="без" pos="X">без</wf>
         <wf lemma="мърша" pos="X">мърша</wf>
         <wf lemma="няма" pos="X">няма</wf>
         <wf lemma="." pos="X">.</wf>
      </sentence>
      <sentence id="d000.s420" source="wordnet-bulgarian">
         <wf lemma="подлагам" pos="X">подлагам</wf>
         <wf lemma="на" pos="X">на</wf>
         <instance id="d000.s420.t000" lemma="обсъждане" pos="NOUN">обсъждане</instance>
         <wf lemma="." pos="X">.</wf>
      </sentence>
      <sentence id="d000.s421" source="wordnet-bulgarian">
         <wf lemma="хотелска" pos="X">хотелска</wf>
         <instance id="d000.s421.t000" lemma="стая" pos="NOUN">стая</instance>
         <wf lemma="." pos="X">.</wf>
      </sentence>
      <sentence id="d000.s422" source="wordnet-bulgarian">
         <instance id="d000.s422.t000" lemma="мемориал" pos="NOUN">мемориал</instance>
         <wf lemma="в" pos="X">в</wf>
         <wf lemma="чест" pos="X">чест</wf>
         <wf lemma="на" pos="X">на</wf>
         <wf lemma="." pos="X">.</wf>
      </sentence>
      <sentence id="d000.s423" source="wordnet-bulgarian">
         <wf lemma="давам" pos="X">давам</wf>
         <wf lemma="под" pos="X">под</wf>
         <instance id="d000.s423.t000" lemma="наем" pos="NOUN">наем</instance>
         <wf lemma="." pos="X">.</wf>
      </sentence>
      <sentence id="d000.s424" source="wordnet-bulgarian">
         <wf lemma="преводна" pos="X">преводна</wf>
         <instance id="d000.s424.t000" lemma="литература" pos="NOUN">литература</instance>
         <wf lemma="." pos="X">.</wf>
      </sentence>
      <sentence id="d000.s425" source="wordnet-bulgarian">
         <wf lemma="слагам" pos="X">слагам</wf>
         <instance id="d000.s425.t000" lemma="ключ" pos="NOUN">ключа</instance>
         <wf lemma="в" pos="X">в</wf>
         <wf lemma="ключалката" pos="X">ключалката</wf>
         <wf lemma="." pos="X">.</wf>
      </sentence>
      <sentence id="d000.s426" source="wordnet-bulgarian">
         <wf lemma="самостоятелен" pos="X">самостоятелен</wf>
         <instance id="d000.s426.t000" lemma="етаж" pos="NOUN">етаж</instance>
         <wf lemma="." pos="X">.</wf>
      </sentence>
      <sentence id="d000.s427" source="wordnet-bulgarian">
         <wf lemma="Той" pos="X">Той</wf>
         <wf lemma="беше" pos="X">беше</wf>
         <wf lemma="държавен" pos="X">държавен</wf>
         <wf lemma="служител" pos="X">служител</wf>
         <wf lemma="в" pos="X">в</wf>
         <wf lemma="едно" pos="X">едно</wf>
         <instance id="d000.s427.t000" lemma="министерство" pos="NOUN">министерство</instance>
         <wf lemma="." pos="X">.</wf>
      </sentence>
      <sentence id="d000.s428" source="wordnet-bulgarian">
         <instance id="d000.s428.t000" lemma="бежанец" pos="NOUN">бежанец</instance>
         <wf lemma="от" pos="X">от</wf>
         <wf lemma="." pos="X">.</wf>
      </sentence>
      <sentence id="d000.s429" source="wordnet-bulgarian">
         <wf lemma="равна" pos="X">равна</wf>
         <instance id="d000.s429.t000" lemma="ивица" pos="NOUN">ивица</instance>
         <wf lemma="от" pos="X">от</wf>
         <wf lemma="." pos="X">.</wf>
      </sentence>
      <sentence id="d000.s430" source="wordnet-bulgarian">
         <wf lemma="тредови" pos="X">тредови</wf>
         <instance id="d000.s430.t000" lemma="постижение" pos="NOUN">постижения</instance>
         <wf lemma="." pos="X">.</wf>
      </sentence>
      <sentence id="d000.s431" source="wordnet-bulgarian">
         <wf lemma="прибирам" pos="X">прибирам</wf>
         <wf lemma="се" pos="X">се</wf>
         <wf lemma="в" pos="X">в</wf>
         <instance id="d000.s431.t000" lemma="каюта" pos="NOUN">каютата</instance>
         <wf lemma="." pos="X">.</wf>
      </sentence>
      <sentence id="d000.s432" source="wordnet-bulgarian">
         <instance id="d000.s432.t000" lemma="пълен" pos="ADJ">пълна</instance>
         <wf lemma="чаша" pos="X">чаша</wf>
         <wf lemma="." pos="X">.</wf>
      </sentence>
      <sentence id="d000.s433" source="wordnet-bulgarian">
         <wf lemma="излизам" pos="X">излизам</wf>
         <wf lemma="на" pos="X">на</wf>
         <instance id="d000.s433.t000" lemma="улица" pos="NOUN">улицата</instance>
         <wf lemma="." pos="X">.</wf>
      </sentence>
      <sentence id="d000.s434" source="wordnet-bulgarian">
         <wf lemma="седмичен" pos="X">седмичен</wf>
         <instance id="d000.s434.t000" lemma="вестник" pos="NOUN">вестник</instance>
         <wf lemma="." pos="X">.</wf>
      </sentence>
      <sentence id="d000.s435" source="wordnet-bulgarian">
         <wf lemma="хумористичен" pos="X">хумористичен</wf>
         <instance id="d000.s435.t000" lemma="вестник" pos="NOUN">вестник</instance>
         <wf lemma="." pos="X">.</wf>
      </sentence>
      <sentence id="d000.s436" source="wordnet-bulgarian">
         <instance id="d000.s436.t000" lemma="усещане" pos="NOUN">усещане</instance>
         <wf lemma="за" pos="X">за</wf>
         <wf lemma="." pos="X">.</wf>
      </sentence>
      <sentence id="d000.s437" source="wordnet-bulgarian">
         <wf lemma="Какво" pos="X">Какво</wf>
         <wf lemma="ужасно" pos="X">ужасно</wf>
         <instance id="d000.s437.t000" lemma="време" pos="NOUN">време</instance>
         <wf lemma="!" pos="X">!</wf>
      </sentence>
      <sentence id="d000.s438" source="wordnet-bulgarian">
         <wf lemma="Ще" pos="X">Ще</wf>
         <wf lemma="те" pos="X">те</wf>
         <wf lemma="чакам" pos="X">чакам</wf>
         <wf lemma="на" pos="X">на</wf>
         <instance id="d000.s438.t000" lemma="вход" pos="NOUN">входа</instance>
         <wf lemma="на" pos="X">на</wf>
         <wf lemma="градината" pos="X">градината</wf>
         <wf lemma="." pos="X">.</wf>
      </sentence>
      <sentence id="d000.s439" source="wordnet-bulgarian">
         <wf lemma="Имам" pos="X">Имам</wf>
         <instance id="d000.s439.t000" lemma="среща" pos="NOUN">среща</instance>
         <wf lemma="с" pos="X">с</wf>
         <wf lemma="колеги" pos="X">колеги</wf>
         <wf lemma="." pos="X">.</wf>
      </sentence>
      <sentence id="d000.s440" source="wordnet-bulgarian">
         <wf lemma="песъчлива" pos="X">песъчлива</wf>
         <instance id="d000.s440.t000" lemma="земя" pos="NOUN">земя</instance>
         <wf lemma="." pos="X">.</wf>
      </sentence>
      <sentence id="d000.s441" source="wordnet-bulgarian">
         <wf lemma="научна" pos="X">научна</wf>
         <instance id="d000.s441.t000" lemma="аргументация" pos="NOUN">аргументация</instance>
         <wf lemma="." pos="X">.</wf>
      </sentence>
      <sentence id="d000.s442" source="wordnet-bulgarian">
         <wf lemma="сатирична" pos="X">сатирична</wf>
         <instance id="d000.s442.t000" lemma="книга" pos="NOUN">книга</instance>
         <wf lemma="." pos="X">.</wf>
      </sentence>
      <sentence id="d000.s443" source="wordnet-bulgarian">
         <wf lemma="често" pos="X">често</wf>
         <instance id="d000.s443.t000" lemma="повторение" pos="NOUN">повторение</instance>
         <wf lemma="." pos="X">.</wf>
      </sentence>
      <sentence id="d000.s444" source="wordnet-bulgarian">
         <wf lemma="правя" pos="X">правя</wf>
         <instance id="d000.s444.t000" lemma="бартер" pos="NOUN">бартер</instance>
         <wf lemma="." pos="X">.</wf>
      </sentence>
      <sentence id="d000.s445" source="wordnet-bulgarian">
         <wf lemma="избирателна" pos="X">избирателна</wf>
         <instance id="d000.s445.t000" lemma="бюлетина" pos="NOUN">бюлетина</instance>
         <wf lemma="." pos="X">.</wf>
      </sentence>
      <sentence id="d000.s446" source="wordnet-bulgarian">
         <wf lemma="чертая" pos="X">чертая</wf>
         <wf lemma="с" pos="X">с</wf>
         <instance id="d000.s446.t000" lemma="линия" pos="NOUN">линия</instance>
         <wf lemma="." pos="X">.</wf>
      </sentence>
      <sentence id="d000.s447" source="wordnet-bulgarian">
         <wf lemma="Тя" pos="X">Тя</wf>
         <wf lemma="има" pos="X">има</wf>
         <wf lemma="красиви" pos="X">красиви</wf>
         <instance id="d000.s447.t000" lemma="пръст" pos="NOUN">пръсти</instance>
         <wf lemma="." pos="X">.</wf>
      </sentence>
      <sentence id="d000.s448" source="wordnet-bulgarian">
         <wf lemma="морски" pos="X">морски</wf>
         <instance id="d000.s448.t000" lemma="бряг" pos="NOUN">бряг</instance>
         <wf lemma="." pos="X">.</wf>
      </sentence>
      <sentence id="d000.s449" source="wordnet-bulgarian">
         <wf lemma="със" pos="X">със</wf>
         <instance id="d000.s449.t000" lemma="съзнание" pos="NOUN">съзнание</instance>
         <wf lemma="за" pos="X">за</wf>
         <wf lemma="." pos="X">.</wf>
      </sentence>
      <sentence id="d000.s450" source="wordnet-bulgarian">
         <wf lemma="неблагоприятна" pos="X">неблагоприятна</wf>
         <instance id="d000.s450.t000" lemma="обстановка" pos="NOUN">обстановка</instance>
         <wf lemma="." pos="X">.</wf>
      </sentence>
      <sentence id="d000.s451" source="wordnet-bulgarian">
         <wf lemma="печеливш" pos="X">печеливш</wf>
         <instance id="d000.s451.t000" lemma="бизнес" pos="NOUN">бизнес</instance>
         <wf lemma="." pos="X">.</wf>
      </sentence>
      <sentence id="d000.s452" source="wordnet-bulgarian">
         <wf lemma="научен" pos="X">научен</wf>
         <instance id="d000.s452.t000" lemma="център" pos="NOUN">център</instance>
         <wf lemma="." pos="X">.</wf>
      </sentence>
      <sentence id="d000.s453" source="wordnet-bulgarian">
         <wf lemma="водя" pos="X">водя</wf>
         <instance id="d000.s453.t000" lemma="дело" pos="NOUN">дело</instance>
         <wf lemma="." pos="X">.</wf>
      </sentence>
      <sentence id="d000.s454" source="wordnet-bulgarian">
         <wf lemma="колекция" pos="X">колекция</wf>
         <wf lemma="от" pos="X">от</wf>
         <instance id="d000.s454.t000" lemma="минерал" pos="NOUN">минерали</instance>
         <wf lemma="." pos="X">.</wf>
      </sentence>
      <sentence id="d000.s455" source="wordnet-bulgarian">
         <wf lemma="бинтован" pos="X">бинтован</wf>
         <instance id="d000.s455.t000" lemma="глезен" pos="NOUN">глезен</instance>
         <wf lemma="." pos="X">.</wf>
      </sentence>
      <sentence id="d000.s456" source="wordnet-bulgarian">
         <wf lemma="конкурс" pos="X">конкурс</wf>
         <wf lemma="за" pos="X">за</wf>
         <instance id="d000.s456.t000" lemma="манекен" pos="NOUN">манекени</instance>
         <wf lemma="." pos="X">.</wf>
      </sentence>
      <sentence id="d000.s457" source="wordnet-bulgarian">
         <wf lemma="гърмежи" pos="X">гърмежи</wf>
         <wf lemma="от" pos="X">от</wf>
         <instance id="d000.s457.t000" lemma="пушка" pos="NOUN">пушка</instance>
         <wf lemma="." pos="X">.</wf>
      </sentence>
      <sentence id="d000.s458" source="wordnet-bulgarian">
         <wf lemma="полагам" pos="X">полагам</wf>
         <instance id="d000.s458.t000" lemma="усилие" pos="NOUN">усилия</instance>
         <wf lemma="." pos="X">.</wf>
      </sentence>
      <sentence id="d000.s459" source="wordnet-bulgarian">
         <wf lemma="гърмяща" pos="X">гърмяща</wf>
         <instance id="d000.s459.t000" lemma="змия" pos="NOUN">змия</instance>
         <wf lemma="." pos="X">.</wf>
      </sentence>
      <sentence id="d000.s460" source="wordnet-bulgarian">
         <wf lemma="ям" pos="X">ям</wf>
         <instance id="d000.s460.t000" lemma="домат" pos="NOUN">домати</instance>
         <wf lemma="." pos="X">.</wf>
      </sentence>
      <sentence id="d000.s461" source="wordnet-bulgarian">
         <instance id="d000.s461.t000" lemma="търся" pos="VERB">търся</instance>
         <wf lemma="квартира" pos="X">квартира</wf>
         <wf lemma="." pos="X">.</wf>
      </sentence>
      <sentence id="d000.s462" source="wordnet-bulgarian">
         <wf lemma="в" pos="X">в</wf>
         <instance id="d000.s462.t000" lemma="отношение" pos="NOUN">отношение</instance>
         <wf lemma="на" pos="X">на</wf>
         <wf lemma="." pos="X">.</wf>
      </sentence>
      <sentence id="d000.s463" source="wordnet-bulgarian">
         <wf lemma="болезнен" pos="X">болезнен</wf>
         <instance id="d000.s463.t000" lemma="вик" pos="NOUN">вик</instance>
         <wf lemma="." pos="X">.</wf>
      </sentence>
      <sentence id="d000.s464" source="wordnet-bulgarian">
         <wf lemma="правя" pos="X">правя</wf>
         <instance id="d000.s464.t000" lemma="баланс" pos="NOUN">баланс</instance>
         <wf lemma="." pos="X">.</wf>
      </sentence>
      <sentence id="d000.s465" source="wordnet-bulgarian">
         <wf lemma="на" pos="X">на</wf>
         <wf lemma="сутрешното" pos="X">сутрешното</wf>
         <instance id="d000.s465.t000" lemma="заседание" pos="NOUN">заседание</instance>
         <wf lemma="." pos="X">.</wf>
      </sentence>
      <sentence id="d000.s466" source="wordnet-bulgarian">
         <wf lemma="През" pos="X">През</wf>
         <wf lemma="нощта" pos="X">нощта</wf>
         <instance id="d000.s466.t000" lemma="бродя" pos="VERB">бродех</instance>
         <wf lemma="из" pos="X">из</wf>
         <wf lemma="гората" pos="X">гората</wf>
         <wf lemma="." pos="X">.</wf>
      </sentence>
      <sentence id="d000.s467" source="wordnet-bulgarian">
         <wf lemma="дефицитна" pos="X">дефицитна</wf>
         <instance id="d000.s467.t000" lemma="стока" pos="NOUN">стока</instance>
         <wf lemma="." pos="X">.</wf>
      </sentence>
      <sentence id="d000.s468" source="wordnet-bulgarian">
         <instance id="d000.s468.t000" lemma="дължина" pos="NOUN">Дължината</instance>
         <wf lemma="на" pos="X">на</wf>
         <wf lemma="вратата" pos="X">вратата</wf>
         <wf lemma="е" pos="X">е</wf>
         <wf lemma="два" pos="X">два</wf>
         <wf lemma="метра" pos="X">метра</wf>
         <wf lemma="." pos="X">.</wf>
      </sentence>
      <sentence id="d000.s469" source="wordnet-bulgarian">
         <wf lemma="Къщата" pos="X">Къщата</wf>
         <wf lemma="е" pos="X">е</wf>
         <wf lemma="моя" pos="X">моя</wf>
         <instance id="d000.s469.t000" lemma="собственост" pos="NOUN">собственост</instance>
         <wf lemma="." pos="X">.</wf>
      </sentence>
      <sentence id="d000.s470" source="wordnet-bulgarian">
         <instance id="d000.s470.t000" lemma="такса" pos="NOUN">такса</instance>
         <wf lemma="за" pos="X">за</wf>
         <wf lemma="." pos="X">.</wf>
      </sentence>
      <sentence id="d000.s471" source="wordnet-bulgarian">
         <wf lemma="миналата" pos="X">миналата</wf>
         <instance id="d000.s471.t000" lemma="седмица" pos="NOUN">седмица</instance>
         <wf lemma="." pos="X">.</wf>
      </sentence>
      <sentence id="d000.s472" source="wordnet-bulgarian">
         <wf lemma="надежда" pos="X">надежда</wf>
         <wf lemma="за" pos="X">за</wf>
         <wf lemma="по-добро" pos="X">по-добро</wf>
         <instance id="d000.s472.t000" lemma="бъдеще" pos="NOUN">бъдеще</instance>
         <wf lemma="." pos="X">.</wf>
      </sentence>
      <sentence id="d000.s473" source="wordnet-bulgarian">
         <wf lemma="международен" pos="X">международен</wf>
         <instance id="d000.s473.t000" lemma="фестивал" pos="NOUN">фестивал</instance>
         <wf lemma="." pos="X">.</wf>
      </sentence>
      <sentence id="d000.s474" source="wordnet-bulgarian">
         <instance id="d000.s474.t000" lemma="знак" pos="NOUN">Знакът</instance>
         <wf lemma="му" pos="X">му</wf>
         <wf lemma="беше" pos="X">беше</wf>
         <wf lemma="недвусмислен" pos="X">недвусмислен</wf>
         <wf lemma="." pos="X">.</wf>
      </sentence>
      <sentence id="d000.s475" source="wordnet-bulgarian">
         <instance id="d000.s475.t000" lemma="член" pos="NOUN">член</instance>
         <wf lemma="съм" pos="X">съм</wf>
         <wf lemma="на" pos="X">на</wf>
         <wf lemma="комисия" pos="X">комисия</wf>
         <wf lemma="." pos="X">.</wf>
      </sentence>
      <sentence id="d000.s476" source="wordnet-bulgarian">
         <wf lemma="получавам" pos="X">получавам</wf>
         <instance id="d000.s476.t000" lemma="пенсия" pos="NOUN">пенсия</instance>
         <wf lemma="." pos="X">.</wf>
      </sentence>
      <sentence id="d000.s477" source="wordnet-bulgarian">
         <instance id="d000.s477.t000" lemma="рибар" pos="NOUN">Рибарите</instance>
         <wf lemma="се" pos="X">се</wf>
         <wf lemma="прибраха" pos="X">прибраха</wf>
         <wf lemma="късно" pos="X">късно</wf>
         <wf lemma="вечерта" pos="X">вечерта</wf>
         <wf lemma="от" pos="X">от</wf>
         <wf lemma="морето" pos="X">морето</wf>
         <wf lemma="с" pos="X">с</wf>
         <wf lemma="голям" pos="X">голям</wf>
         <wf lemma="улов" pos="X">улов</wf>
         <wf lemma="." pos="X">.</wf>
      </sentence>
      <sentence id="d000.s478" source="wordnet-bulgarian">
         <wf lemma="тетрална" pos="X">тетрална</wf>
         <instance id="d000.s478.t000" lemma="общественост" pos="NOUN">общественост</instance>
         <wf lemma="." pos="X">.</wf>
      </sentence>
      <sentence id="d000.s479" source="wordnet-bulgarian">
         <wf lemma="създавам" pos="X">създавам</wf>
         <instance id="d000.s479.t000" lemma="прецедент" pos="NOUN">прецедент</instance>
         <wf lemma="." pos="X">.</wf>
      </sentence>
      <sentence id="d000.s480" source="wordnet-bulgarian">
         <instance id="d000.s480.t000" lemma="бръчка" pos="NOUN">бръчки</instance>
         <wf lemma="по" pos="X">по</wf>
         <wf lemma="лицето" pos="X">лицето</wf>
         <wf lemma="." pos="X">.</wf>
      </sentence>
      <sentence id="d000.s481" source="wordnet-bulgarian">
         <wf lemma="будна" pos="X">будна</wf>
         <instance id="d000.s481.t000" lemma="кома" pos="NOUN">кома</instance>
         <wf lemma="." pos="X">.</wf>
      </sentence>
      <sentence id="d000.s482" source="wordnet-bulgarian">
         <instance id="d000.s482.t000" lemma="куршум" pos="NOUN">Куршумът</instance>
         <wf lemma="попадна" pos="X">попадна</wf>
         <wf lemma="в" pos="X">в</wf>
         <wf lemma="целта" pos="X">целта</wf>
         <wf lemma="." pos="X">.</wf>
      </sentence>
      <sentence id="d000.s483" source="wordnet-bulgarian">
         <wf lemma="сключвам" pos="X">сключвам</wf>
         <instance id="d000.s483.t000" lemma="брак" pos="NOUN">брак</instance>
         <wf lemma="." pos="X">.</wf>
      </sentence>
      <sentence id="d000.s484" source="wordnet-bulgarian">
         <instance id="d000.s484.t000" lemma="търсене" pos="NOUN">търсене</instance>
         <wf lemma="на" pos="X">на</wf>
         <wf lemma="работа" pos="X">работа</wf>
         <wf lemma="." pos="X">.</wf>
      </sentence>
      <sentence id="d000.s485" source="wordnet-bulgarian">
         <instance id="d000.s485.t000" lemma="акцент" pos="NOUN">акцент</instance>
         <wf lemma="в." pos="X">в.</wf>
      </sentence>
      <sentence id="d000.s486" source="wordnet-bulgarian">
         <wf lemma="Тази" pos="X">Тази</wf>
         <wf lemma="вечер" pos="X">вечер</wf>
         <instance id="d000.s486.t000" lemma="играя" pos="VERB">играят</instance>
         <wf lemma="нова" pos="X">нова</wf>
         <wf lemma="пиеса" pos="X">пиеса</wf>
         <wf lemma="." pos="X">.</wf>
      </sentence>
      <sentence id="d000.s487" source="wordnet-bulgarian">
         <wf lemma="Той" pos="X">Той</wf>
         <wf lemma="беше" pos="X">беше</wf>
         <wf lemma="облечен" pos="X">облечен</wf>
         <wf lemma="с" pos="X">с</wf>
         <wf lemma="дънки" pos="X">дънки</wf>
         <wf lemma="и" pos="X">и</wf>
         <wf lemma="синя" pos="X">синя</wf>
         <instance id="d000.s487.t000" lemma="тениска" pos="NOUN">тениска</instance>
         <wf lemma="." pos="X">.</wf>
      </sentence>
      <sentence id="d000.s488" source="wordnet-bulgarian">
         <wf lemma="Имам" pos="X">Имам</wf>
         <wf lemma="своя" pos="X">своя</wf>
         <instance id="d000.s488.t000" lemma="версия" pos="NOUN">версия</instance>
         <wf lemma="за" pos="X">за</wf>
         <wf lemma="станалото" pos="X">станалото</wf>
         <wf lemma="." pos="X">.</wf>
      </sentence>
      <sentence id="d000.s489" source="wordnet-bulgarian">
         <wf lemma="Страхът" pos="X">Страхът</wf>
         <wf lemma="и" pos="X">и</wf>
         <wf lemma="срамът" pos="X">срамът</wf>
         <wf lemma="от" pos="X">от</wf>
         <wf lemma="вашата" pos="X">вашата</wf>
         <instance id="d000.s489.t000" lemma="постъпка" pos="NOUN">постъпка</instance>
         <wf lemma="са" pos="X">са</wf>
         <wf lemma="на" pos="X">на</wf>
         <wf lemma="път" pos="X">път</wf>
         <wf lemma="да" pos="X">да</wf>
         <wf lemma="ви" pos="X">ви</wf>
         <wf lemma="разкаят" pos="X">разкаят</wf>
         <wf lemma="." pos="X">.</wf>
      </sentence>
      <sentence id="d000.s490" source="wordnet-bulgarian">
         <wf lemma="връчвам" pos="X">връчвам</wf>
         <instance id="d000.s490.t000" lemma="заповед" pos="NOUN">заповед</instance>
         <wf lemma="." pos="X">.</wf>
      </sentence>
      <sentence id="d000.s491" source="wordnet-bulgarian">
         <wf lemma="естествена" pos="X">естествена</wf>
         <instance id="d000.s491.t000" lemma="мутация" pos="NOUN">мутация</instance>
         <wf lemma="." pos="X">.</wf>
      </sentence>
      <sentence id="d000.s492" source="wordnet-bulgarian">
         <wf lemma="красива" pos="X">красива</wf>
         <instance id="d000.s492.t000" lemma="гледка" pos="NOUN">гледка</instance>
         <wf lemma="." pos="X">.</wf>
      </sentence>
      <sentence id="d000.s493" source="wordnet-bulgarian">
         <instance id="d000.s493.t000" lemma="изрезка" pos="NOUN">изрезка</instance>
         <wf lemma="от" pos="X">от</wf>
         <wf lemma="." pos="X">.</wf>
      </sentence>
      <sentence id="d000.s494" source="wordnet-bulgarian">
         <wf lemma="ударена" pos="X">ударена</wf>
         <instance id="d000.s494.t000" lemma="сричка" pos="NOUN">сричка</instance>
         <wf lemma="." pos="X">.</wf>
      </sentence>
      <sentence id="d000.s495" source="wordnet-bulgarian">
         <wf lemma="обичам" pos="X">обичам</wf>
         <instance id="d000.s495.t000" lemma="бекон" pos="NOUN">бекон</instance>
         <wf lemma="с" pos="X">с</wf>
         <wf lemma="яйца" pos="X">яйца</wf>
         <wf lemma="." pos="X">.</wf>
      </sentence>
      <sentence id="d000.s496" source="wordnet-bulgarian">
         <wf lemma="от" pos="X">от</wf>
         <wf lemma="сигурен" pos="X">сигурен</wf>
         <instance id="d000.s496.t000" lemma="източник" pos="NOUN">източник</instance>
         <wf lemma="." pos="X">.</wf>
      </sentence>
      <sentence id="d000.s497" source="wordnet-bulgarian">
         <wf lemma="артистична" pos="X">артистична</wf>
         <instance id="d000.s497.t000" lemma="душа" pos="NOUN">душа</instance>
         <wf lemma="." pos="X">.</wf>
      </sentence>
      <sentence id="d000.s498" source="wordnet-bulgarian">
         <wf lemma="Август" pos="X">Август</wf>
         <wf lemma="има" pos="X">има</wf>
         <wf lemma="31" pos="X">31</wf>
         <instance id="d000.s498.t000" lemma="ден" pos="NOUN">дни</instance>
         <wf lemma="." pos="X">.</wf>
      </sentence>
      <sentence id="d000.s499" source="wordnet-bulgarian">
         <instance id="d000.s499.t000" lemma="пропусна" pos="VERB">пропуснах</instance>
         <wf lemma="концерта" pos="X">концерта</wf>
         <wf lemma="." pos="X">.</wf>
      </sentence>
      <sentence id="d000.s500" source="wordnet-bulgarian">
         <wf lemma="изкарвам" pos="X">изкарвам</wf>
         <instance id="d000.s500.t000" lemma="изпит" pos="NOUN">изпит</instance>
         <wf lemma="." pos="X">.</wf>
      </sentence>
      <sentence id="d000.s501" source="wordnet-bulgarian">
         <wf lemma="Седя" pos="X">Седя</wf>
         <wf lemma="пред" pos="X">пред</wf>
         <wf lemma="отрупаното" pos="X">отрупаното</wf>
         <wf lemma="с" pos="X">с</wf>
         <wf lemma="книжа" pos="X">книжа</wf>
         <instance id="d000.s501.t000" lemma="бюро" pos="NOUN">бюро</instance>
         <wf lemma="." pos="X">.</wf>
      </sentence>
      <sentence id="d000.s502" source="wordnet-bulgarian">
         <instance id="d000.s502.t000" lemma="сапун" pos="NOUN">сапун</instance>
         <wf lemma="за" pos="X">за</wf>
         <wf lemma="пране" pos="X">пране</wf>
         <wf lemma="." pos="X">.</wf>
      </sentence>
      <sentence id="d000.s503" source="wordnet-bulgarian">
         <instance id="d000.s503.t000" lemma="приемам" pos="VERB">приемам</instance>
         <wf lemma="подарък" pos="X">подарък</wf>
         <wf lemma="." pos="X">.</wf>
      </sentence>
      <sentence id="d000.s504" source="wordnet-bulgarian">
         <wf lemma="от" pos="X">от</wf>
         <wf lemma="социално" pos="X">социално</wf>
         <instance id="d000.s504.t000" lemma="гледище" pos="NOUN">гледище</instance>
         <wf lemma="." pos="X">.</wf>
      </sentence>
      <sentence id="d000.s505" source="wordnet-bulgarian">
         <wf lemma="организирам" pos="X">организирам</wf>
         <instance id="d000.s505.t000" lemma="митинг" pos="NOUN">митинг</instance>
         <wf lemma="." pos="X">.</wf>
      </sentence>
      <sentence id="d000.s506" source="wordnet-bulgarian">
         <instance id="d000.s506.t000" lemma="лъжица" pos="NOUN">лъжица</instance>
         <wf lemma="за" pos="X">за</wf>
         <wf lemma="." pos="X">.</wf>
      </sentence>
      <sentence id="d000.s507" source="wordnet-bulgarian">
         <instance id="d000.s507.t000" lemma="родство" pos="NOUN">родство</instance>
         <wf lemma="по" pos="X">по</wf>
         <wf lemma="права" pos="X">права</wf>
         <wf lemma="линия" pos="X">линия</wf>
         <wf lemma="." pos="X">.</wf>
      </sentence>
      <sentence id="d000.s508" source="wordnet-bulgarian">
         <instance id="d000.s508.t000" lemma="сега" pos="NOUN">Сега</instance>
         <wf lemma="повече" pos="X">повече</wf>
         <wf lemma="от" pos="X">от</wf>
         <wf lemma="всякога" pos="X">всякога</wf>
         <wf lemma="." pos="X">.</wf>
      </sentence>
      <sentence id="d000.s509" source="wordnet-bulgarian">
         <wf lemma="солена" pos="X">солена</wf>
         <instance id="d000.s509.t000" lemma="риба" pos="NOUN">риба</instance>
         <wf lemma="." pos="X">.</wf>
      </sentence>
      <sentence id="d000.s510" source="wordnet-bulgarian">
         <wf lemma="орехово" pos="X">орехово</wf>
         <instance id="d000.s510.t000" lemma="бюро" pos="NOUN">бюро</instance>
         <wf lemma="." pos="X">.</wf>
      </sentence>
      <sentence id="d000.s511" source="wordnet-bulgarian">
         <instance id="d000.s511.t000" lemma="преминавам" pos="VERB">преминавам</instance>
         <wf lemma="на" pos="X">на</wf>
         <wf lemma="другия" pos="X">другия</wf>
         <wf lemma="бряг" pos="X">бряг</wf>
         <wf lemma="." pos="X">.</wf>
      </sentence>
      <sentence id="d000.s512" source="wordnet-bulgarian">
         <wf lemma="овчарска" pos="X">овчарска</wf>
         <instance id="d000.s512.t000" lemma="тояга" pos="NOUN">тояга</instance>
         <wf lemma="." pos="X">.</wf>
      </sentence>
      <sentence id="d000.s513" source="wordnet-bulgarian">
         <instance id="d000.s513.t000" lemma="колебание" pos="NOUN">колебания</instance>
         <wf lemma="в" pos="X">в</wf>
         <wf lemma="температурите" pos="X">температурите</wf>
         <wf lemma="." pos="X">.</wf>
      </sentence>
      <sentence id="d000.s514" source="wordnet-bulgarian">
         <wf lemma="На" pos="X">На</wf>
         <wf lemma="хоризонта" pos="X">хоризонта</wf>
         <wf lemma="се" pos="X">се</wf>
         <wf lemma="появи" pos="X">появи</wf>
         <wf lemma="някаква" pos="X">някаква</wf>
         <instance id="d000.s514.t000" lemma="светлина" pos="NOUN">светлина</instance>
         <wf lemma="и" pos="X">и</wf>
         <wf lemma="веднага" pos="X">веднага</wf>
         <wf lemma="изгасна" pos="X">изгасна</wf>
         <wf lemma="." pos="X">.</wf>
      </sentence>
      <sentence id="d000.s515" source="wordnet-bulgarian">
         <instance id="d000.s515.t000" lemma="каса" pos="NOUN">Касата</instance>
         <wf lemma="не" pos="X">не</wf>
         <wf lemma="работи" pos="X">работи</wf>
         <wf lemma="." pos="X">.</wf>
      </sentence>
      <sentence id="d000.s516" source="wordnet-bulgarian">
         <instance id="d000.s516.t000" lemma="изпращам" pos="VERB">изпращам</instance>
         <wf lemma="пари" pos="X">пари</wf>
         <wf lemma="." pos="X">.</wf>
      </sentence>
      <sentence id="d000.s517" source="wordnet-bulgarian">
         <instance id="d000.s517.t000" lemma="удар" pos="NOUN">ударът</instance>
         <wf lemma="попадна" pos="X">попадна</wf>
         <wf lemma="в" pos="X">в</wf>
         <wf lemma="целта" pos="X">целта</wf>
         <wf lemma="." pos="X">.</wf>
      </sentence>
      <sentence id="d000.s518" source="wordnet-bulgarian">
         <wf lemma="хавлиена" pos="X">хавлиена</wf>
         <instance id="d000.s518.t000" lemma="кърпа" pos="NOUN">кърпа</instance>
         <wf lemma="." pos="X">.</wf>
      </sentence>
      <sentence id="d000.s519" source="wordnet-bulgarian">
         <instance id="d000.s519.t000" lemma="куп" pos="NOUN">куп</instance>
         <wf lemma="камъни" pos="X">камъни</wf>
         <wf lemma="." pos="X">.</wf>
      </sentence>
      <sentence id="d000.s520" source="wordnet-bulgarian">
         <wf lemma="конска" pos="X">конска</wf>
         <instance id="d000.s520.t000" lemma="подкова" pos="NOUN">подкова</instance>
         <wf lemma="." pos="X">.</wf>
      </sentence>
      <sentence id="d000.s521" source="wordnet-bulgarian">
         <wf lemma="плюшена" pos="X">плюшена</wf>
         <instance id="d000.s521.t000" lemma="играчка" pos="NOUN">играчка</instance>
         <wf lemma="." pos="X">.</wf>
      </sentence>
      <sentence id="d000.s522" source="wordnet-bulgarian">
         <wf lemma="студентско" pos="X">студентско</wf>
         <instance id="d000.s522.t000" lemma="общежитие" pos="NOUN">общежитие</instance>
         <wf lemma="." pos="X">.</wf>
      </sentence>
      <sentence id="d000.s523" source="wordnet-bulgarian">
         <instance id="d000.s523.t000" lemma="опашка" pos="NOUN">Опашката</instance>
         <wf lemma="върви" pos="X">върви</wf>
         <wf lemma="бързо" pos="X">бързо</wf>
         <wf lemma="." pos="X">.</wf>
      </sentence>
      <sentence id="d000.s524" source="wordnet-bulgarian">
         <wf lemma="Имам" pos="X">Имам</wf>
         <wf lemma="нужда" pos="X">нужда</wf>
         <wf lemma="от" pos="X">от</wf>
         <instance id="d000.s524.t000" lemma="почивка" pos="NOUN">почивка</instance>
         <wf lemma="." pos="X">.</wf>
      </sentence>
      <sentence id="d000.s525" source="wordnet-bulgarian">
         <instance id="d000.s525.t000" lemma="разреша" pos="VERB">Разреших</instance>
         <wf lemma="загадката" pos="X">загадката</wf>
         <wf lemma="." pos="X">.</wf>
      </sentence>
      <sentence id="d000.s526" source="wordnet-bulgarian">
         <wf lemma="Пия" pos="X">Пия</wf>
         <wf lemma="горещ" pos="X">горещ</wf>
         <instance id="d000.s526.t000" lemma="чай" pos="NOUN">чай</instance>
         <wf lemma="." pos="X">.</wf>
      </sentence>
      <sentence id="d000.s527" source="wordnet-bulgarian">
         <instance id="d000.s527.t000" lemma="изпратя" pos="VERB">Изпратиха</instance>
         <wf lemma="ми" pos="X">ми</wf>
         <wf lemma="резултатите" pos="X">резултатите</wf>
         <wf lemma="от" pos="X">от</wf>
         <wf lemma="изследванията" pos="X">изследванията</wf>
         <wf lemma="." pos="X">.</wf>
      </sentence>
      <sentence id="d000.s528" source="wordnet-bulgarian">
         <wf lemma="черковно" pos="X">черковно</wf>
         <instance id="d000.s528.t000" lemma="богословие" pos="NOUN">богословие</instance>
         <wf lemma="." pos="X">.</wf>
      </sentence>
      <sentence id="d000.s529" source="wordnet-bulgarian">
         <wf lemma="плодов" pos="X">плодов</wf>
         <instance id="d000.s529.t000" lemma="сладкиш" pos="NOUN">сладкиш</instance>
         <wf lemma="." pos="X">.</wf>
      </sentence>
      <sentence id="d000.s530" source="wordnet-bulgarian">
         <wf lemma="европейска" pos="X">европейска</wf>
         <instance id="d000.s530.t000" lemma="къртица" pos="NOUN">къртица</instance>
         <wf lemma="." pos="X">.</wf>
      </sentence>
      <sentence id="d000.s531" source="wordnet-bulgarian">
         <wf lemma="положителен" pos="X">положителен</wf>
         <instance id="d000.s531.t000" lemma="отговор" pos="NOUN">отговор</instance>
         <wf lemma="." pos="X">.</wf>
      </sentence>
      <sentence id="d000.s532" source="wordnet-bulgarian">
         <wf lemma="цветен" pos="X">цветен</wf>
         <instance id="d000.s532.t000" lemma="тебешир" pos="NOUN">тебешир</instance>
         <wf lemma="." pos="X">.</wf>
      </sentence>
      <sentence id="d000.s533" source="wordnet-bulgarian">
         <wf lemma="Животът" pos="X">Животът</wf>
         <wf lemma="бавно" pos="X">бавно</wf>
         <instance id="d000.s533.t000" lemma="отминавам" pos="VERB">отминава</instance>
         <wf lemma="." pos="X">.</wf>
      </sentence>
      <sentence id="d000.s534" source="wordnet-bulgarian">
         <wf lemma="добър" pos="X">добър</wf>
         <instance id="d000.s534.t000" lemma="шеф" pos="NOUN">шеф</instance>
         <wf lemma="." pos="X">.</wf>
      </sentence>
      <sentence id="d000.s535" source="wordnet-bulgarian">
         <wf lemma="помпам" pos="X">помпам</wf>
         <instance id="d000.s535.t000" lemma="гума" pos="NOUN">гума</instance>
         <wf lemma="." pos="X">.</wf>
      </sentence>
      <sentence id="d000.s536" source="wordnet-bulgarian">
         <wf lemma="възвращаемост" pos="X">възвращаемост</wf>
         <wf lemma="на" pos="X">на</wf>
         <instance id="d000.s536.t000" lemma="инвестиция" pos="NOUN">инвестициите</instance>
         <wf lemma="." pos="X">.</wf>
      </sentence>
      <sentence id="d000.s537" source="wordnet-bulgarian">
         <wf lemma="в" pos="X">в</wf>
         <wf lemma="средата" pos="X">средата</wf>
         <wf lemma="на" pos="X">на</wf>
         <instance id="d000.s537.t000" lemma="седмица" pos="NOUN">седмицата</instance>
         <wf lemma="." pos="X">.</wf>
      </sentence>
      <sentence id="d000.s538" source="wordnet-bulgarian">
         <wf lemma="сто" pos="X">сто</wf>
         <wf lemma="километра" pos="X">километра</wf>
         <wf lemma="в" pos="X">в</wf>
         <instance id="d000.s538.t000" lemma="час" pos="NOUN">час</instance>
         <wf lemma="." pos="X">.</wf>
      </sentence>
      <sentence id="d000.s539" source="wordnet-bulgarian">
         <wf lemma="правилна" pos="X">правилна</wf>
         <instance id="d000.s539.t000" lemma="оценка" pos="NOUN">оценка</instance>
         <wf lemma="." pos="X">.</wf>
      </sentence>
      <sentence id="d000.s540" source="wordnet-bulgarian">
         <wf lemma="отлагане" pos="X">отлагане</wf>
         <wf lemma="на" pos="X">на</wf>
         <instance id="d000.s540.t000" lemma="операция" pos="NOUN">операция</instance>
         <wf lemma="." pos="X">.</wf>
      </sentence>
      <sentence id="d000.s541" source="wordnet-bulgarian">
         <wf lemma="Имаш" pos="X">Имаш</wf>
         <wf lemma="ли" pos="X">ли</wf>
         <instance id="d000.s541.t000" lemma="спомен" pos="NOUN">спомен</instance>
         <wf lemma="за" pos="X">за</wf>
         <wf lemma="случката" pos="X">случката</wf>
         <wf lemma="?" pos="X">?</wf>
      </sentence>
      <sentence id="d000.s542" source="wordnet-bulgarian">
         <wf lemma="известен" pos="X">известен</wf>
         <instance id="d000.s542.t000" lemma="философ" pos="NOUN">философ</instance>
         <wf lemma="." pos="X">.</wf>
      </sentence>
      <sentence id="d000.s543" source="wordnet-bulgarian">
         <wf lemma="Митничари" pos="X">Митничари</wf>
         <wf lemma="на" pos="X">на</wf>
         <instance id="d000.s543.t000" lemma="аерогара" pos="NOUN">аерогара</instance>
         <wf lemma="&quot;" pos="X">&quot;</wf>
         <wf lemma="София" pos="X">София</wf>
         <wf lemma="&quot;" pos="X">&quot;</wf>
         <wf lemma="са" pos="X">са</wf>
         <wf lemma="задържали" pos="X">задържали</wf>
         <wf lemma="две" pos="X">две</wf>
         <wf lemma="пратки" pos="X">пратки</wf>
         <wf lemma="с" pos="X">с</wf>
         <wf lemma="внос" pos="X">внос</wf>
         <wf lemma="на" pos="X">на</wf>
         <wf lemma="офистехника" pos="X">офистехника</wf>
         <wf lemma="и" pos="X">и</wf>
         <wf lemma="мобилни" pos="X">мобилни</wf>
         <wf lemma="телефони" pos="X">телефони</wf>
         <wf lemma="," pos="X">,</wf>
         <wf lemma="съобщиха" pos="X">съобщиха</wf>
         <wf lemma="от" pos="X">от</wf>
         <wf lemma="Главно" pos="X">Главно</wf>
         <wf lemma="управление" pos="X">управление</wf>
         <wf lemma="&quot;" pos="X">&quot;</wf>
         <wf lemma="Митници" pos="X">Митници</wf>
         <wf lemma="&quot;" pos="X">&quot;</wf>
         <wf lemma="." pos="X">.</wf>
      </sentence>
      <sentence id="d000.s544" source="wordnet-bulgarian">
         <instance id="d000.s544.t000" lemma="място" pos="NOUN">място</instance>
         <wf lemma="за" pos="X">за</wf>
         <wf lemma="паркиране" pos="X">паркиране</wf>
         <wf lemma="." pos="X">.</wf>
      </sentence>
      <sentence id="d000.s545" source="wordnet-bulgarian">
         <wf lemma="амбициозен" pos="X">амбициозен</wf>
         <instance id="d000.s545.t000" lemma="ученик" pos="NOUN">ученик</instance>
         <wf lemma="." pos="X">.</wf>
      </sentence>
      <sentence id="d000.s546" source="wordnet-bulgarian">
         <wf lemma="Ще" pos="X">Ще</wf>
         <wf lemma="остана" pos="X">остана</wf>
         <wf lemma="няколко" pos="X">няколко</wf>
         <instance id="d000.s546.t000" lemma="ден" pos="NOUN">дни</instance>
         <wf lemma="на" pos="X">на</wf>
         <wf lemma="морето" pos="X">морето</wf>
         <wf lemma="." pos="X">.</wf>
      </sentence>
      <sentence id="d000.s547" source="wordnet-bulgarian">
         <instance id="d000.s547.t000" lemma="язовир" pos="NOUN">Язовирът</instance>
         <wf lemma="преливаше" pos="X">преливаше</wf>
         <wf lemma="от" pos="X">от</wf>
         <wf lemma="вода" pos="X">вода</wf>
         <wf lemma="." pos="X">.</wf>
      </sentence>
      <sentence id="d000.s548" source="wordnet-bulgarian">
         <wf lemma="непозната" pos="X">непозната</wf>
         <instance id="d000.s548.t000" lemma="улица" pos="NOUN">улица</instance>
         <wf lemma="." pos="X">.</wf>
      </sentence>
      <sentence id="d000.s549" source="wordnet-bulgarian">
         <wf lemma="ядрено" pos="X">ядрено</wf>
         <instance id="d000.s549.t000" lemma="оръжие" pos="NOUN">оръжие</instance>
         <wf lemma="." pos="X">.</wf>
      </sentence>
      <sentence id="d000.s550" source="wordnet-bulgarian">
         <wf lemma="пиков" pos="X">пиков</wf>
         <instance id="d000.s550.t000" lemma="час" pos="NOUN">час</instance>
         <wf lemma="." pos="X">.</wf>
      </sentence>
      <sentence id="d000.s551" source="wordnet-bulgarian">
         <wf lemma="с" pos="X">с</wf>
         <wf lemma="голямо" pos="X">голямо</wf>
         <instance id="d000.s551.t000" lemma="усърдие" pos="NOUN">усърдие</instance>
         <wf lemma="." pos="X">.</wf>
      </sentence>
      <sentence id="d000.s552" source="wordnet-bulgarian">
         <instance id="d000.s552.t000" lemma="отлагам" pos="VERB">отлагам</instance>
         <wf lemma="почивка" pos="X">почивка</wf>
         <wf lemma="." pos="X">.</wf>
      </sentence>
      <sentence id="d000.s553" source="wordnet-bulgarian">
         <wf lemma="моля" pos="X">моля</wf>
         <wf lemma="за" pos="X">за</wf>
         <instance id="d000.s553.t000" lemma="отсрочка" pos="NOUN">отсрочка</instance>
         <wf lemma="." pos="X">.</wf>
      </sentence>
      <sentence id="d000.s554" source="wordnet-bulgarian">
         <wf lemma="убийствена" pos="X">убийствена</wf>
         <instance id="d000.s554.t000" lemma="ирония" pos="NOUN">ирония</instance>
         <wf lemma="." pos="X">.</wf>
      </sentence>
      <sentence id="d000.s555" source="wordnet-bulgarian">
         <wf lemma="научен" pos="X">научен</wf>
         <instance id="d000.s555.t000" lemma="семинар" pos="NOUN">семинар</instance>
         <wf lemma="." pos="X">.</wf>
      </sentence>
      <sentence id="d000.s556" source="wordnet-bulgarian">
         <wf lemma="слагам" pos="X">слагам</wf>
         <instance id="d000.s556.t000" lemma="печат" pos="NOUN">печат</instance>
         <wf lemma="върху" pos="X">върху</wf>
         <wf lemma="." pos="X">.</wf>
      </sentence>
      <sentence id="d000.s557" source="wordnet-bulgarian">
         <wf lemma="ужилване" pos="X">ужилване</wf>
         <wf lemma="от" pos="X">от</wf>
         <instance id="d000.s557.t000" lemma="насекомо" pos="NOUN">насекомо</instance>
         <wf lemma="." pos="X">.</wf>
      </sentence>
      <sentence id="d000.s558" source="wordnet-bulgarian">
         <wf lemma="веревна" pos="X">веревна</wf>
         <instance id="d000.s558.t000" lemma="пола" pos="NOUN">пола</instance>
         <wf lemma="." pos="X">.</wf>
      </sentence>
      <sentence id="d000.s559" source="wordnet-bulgarian">
         <wf lemma="не" pos="X">не</wf>
         <wf lemma="помня" pos="X">помня</wf>
         <instance id="d000.s559.t000" lemma="дума" pos="NOUN">думите</instance>
         <wf lemma="на" pos="X">на</wf>
         <wf lemma="." pos="X">.</wf>
      </sentence>
      <sentence id="d000.s560" source="wordnet-bulgarian">
         <wf lemma="тайнствено" pos="X">тайнствено</wf>
         <instance id="d000.s560.t000" lemma="жертвоприношение" pos="NOUN">жертвоприношение</instance>
         <wf lemma="." pos="X">.</wf>
      </sentence>
      <sentence id="d000.s561" source="wordnet-bulgarian">
         <wf lemma="снемам" pos="X">снемам</wf>
         <instance id="d000.s561.t000" lemma="забрана" pos="NOUN">забраната</instance>
         <wf lemma="." pos="X">.</wf>
      </sentence>
      <sentence id="d000.s562" source="wordnet-bulgarian">
         <wf lemma="боядисвам" pos="X">боядисвам</wf>
         <instance id="d000.s562.t000" lemma="стена" pos="NOUN">стена</instance>
         <wf lemma="." pos="X">.</wf>
      </sentence>
      <sentence id="d000.s563" source="wordnet-bulgarian">
         <instance id="d000.s563.t000" lemma="риба" pos="NOUN">риба</instance>
         <wf lemma="на" pos="X">на</wf>
         <wf lemma="скара" pos="X">скара</wf>
         <wf lemma="." pos="X">.</wf>
      </sentence>
      <sentence id="d000.s564" source="wordnet-bulgarian">
         <wf lemma="незаменими" pos="X">незаменими</wf>
         <instance id="d000.s564.t000" lemma="качество" pos="NOUN">качества</instance>
         <wf lemma="." pos="X">.</wf>
      </sentence>
      <sentence id="d000.s565" source="wordnet-bulgarian">
         <wf lemma="човек" pos="X">човек</wf>
         <wf lemma="без" pos="X">без</wf>
         <instance id="d000.s565.t000" lemma="влияние" pos="NOUN">влияние</instance>
         <wf lemma="." pos="X">.</wf>
      </sentence>
      <sentence id="d000.s566" source="wordnet-bulgarian">
         <wf lemma="военен" pos="X">военен</wf>
         <instance id="d000.s566.t000" lemma="конфликт" pos="NOUN">конфликт</instance>
         <wf lemma="." pos="X">.</wf>
      </sentence>
      <sentence id="d000.s567" source="wordnet-bulgarian">
         <wf lemma="разкривени" pos="X">разкривени</wf>
         <instance id="d000.s567.t000" lemma="буква" pos="NOUN">букви</instance>
         <wf lemma="." pos="X">.</wf>
      </sentence>
      <sentence id="d000.s568" source="wordnet-bulgarian">
         <wf lemma="скрити" pos="X">скрити</wf>
         <instance id="d000.s568.t000" lemma="амбиция" pos="NOUN">амбиции</instance>
         <wf lemma="." pos="X">.</wf>
      </sentence>
      <sentence id="d000.s569" source="wordnet-bulgarian">
         <wf lemma="здрав" pos="X">здрав</wf>
         <instance id="d000.s569.t000" lemma="канап" pos="NOUN">канап</instance>
         <wf lemma="." pos="X">.</wf>
      </sentence>
      <sentence id="d000.s570" source="wordnet-bulgarian">
         <wf lemma="истински" pos="X">истински</wf>
         <instance id="d000.s570.t000" lemma="приятел" pos="NOUN">приятел</instance>
         <wf lemma="." pos="X">.</wf>
      </sentence>
      <sentence id="d000.s571" source="wordnet-bulgarian">
         <wf lemma="надолу" pos="X">надолу</wf>
         <wf lemma="по" pos="X">по</wf>
         <instance id="d000.s571.t000" lemma="река" pos="NOUN">реката</instance>
         <wf lemma="." pos="X">.</wf>
      </sentence>
      <sentence id="d000.s572" source="wordnet-bulgarian">
         <wf lemma="Орлови" pos="X">Орлови</wf>
         <instance id="d000.s572.t000" lemma="нокът" pos="NOUN">нокти</instance>
         <wf lemma="." pos="X">.</wf>
      </sentence>
      <sentence id="d000.s573" source="wordnet-bulgarian">
         <wf lemma="председател" pos="X">председател</wf>
         <wf lemma="на" pos="X">на</wf>
         <instance id="d000.s573.t000" lemma="жури" pos="NOUN">жури</instance>
         <wf lemma="." pos="X">.</wf>
      </sentence>
      <sentence id="d000.s574" source="wordnet-bulgarian">
         <wf lemma="по" pos="X">по</wf>
         <instance id="d000.s574.t000" lemma="традиция" pos="NOUN">традиция</instance>
         <wf lemma="." pos="X">.</wf>
      </sentence>
      <sentence id="d000.s575" source="wordnet-bulgarian">
         <wf lemma="Тази" pos="X">Тази</wf>
         <wf lemma="вечер" pos="X">вечер</wf>
         <wf lemma="небето" pos="X">небето</wf>
         <wf lemma="е" pos="X">е</wf>
         <wf lemma="осеяно" pos="X">осеяно</wf>
         <wf lemma="със" pos="X">със</wf>
         <instance id="d000.s575.t000" lemma="звезда" pos="NOUN">звезди</instance>
         <wf lemma="." pos="X">.</wf>
      </sentence>
      <sentence id="d000.s576" source="wordnet-bulgarian">
         <wf lemma="речно" pos="X">речно</wf>
         <instance id="d000.s576.t000" lemma="пристанище" pos="NOUN">пристанище</instance>
         <wf lemma="." pos="X">.</wf>
      </sentence>
      <sentence id="d000.s577" source="wordnet-bulgarian">
         <wf lemma="Той" pos="X">Той</wf>
         <instance id="d000.s577.t000" lemma="продам" pos="VERB">продаде</instance>
         <wf lemma="къщата" pos="X">къщата</wf>
         <wf lemma="си" pos="X">си</wf>
         <wf lemma="." pos="X">.</wf>
      </sentence>
      <sentence id="d000.s578" source="wordnet-bulgarian">
         <wf lemma="дълъг" pos="X">дълъг</wf>
         <instance id="d000.s578.t000" lemma="червей" pos="NOUN">червей</instance>
         <wf lemma="." pos="X">.</wf>
      </sentence>
      <sentence id="d000.s579" source="wordnet-bulgarian">
         <instance id="d000.s579.t000" lemma="време" pos="NOUN">времето</instance>
         <wf lemma="омекна" pos="X">омекна</wf>
         <wf lemma="." pos="X">.</wf>
      </sentence>
      <sentence id="d000.s580" source="wordnet-bulgarian">
         <instance id="d000.s580.t000" lemma="бизнес" pos="NOUN">Бизнесът</instance>
         <wf lemma="си" pos="X">си</wf>
         <wf lemma="има" pos="X">има</wf>
         <wf lemma="строги" pos="X">строги</wf>
         <wf lemma="закони" pos="X">закони</wf>
         <wf lemma="и" pos="X">и</wf>
         <wf lemma="правила" pos="X">правила</wf>
         <wf lemma="." pos="X">.</wf>
      </sentence>
      <sentence id="d000.s581" source="wordnet-bulgarian">
         <wf lemma="водна" pos="X">водна</wf>
         <instance id="d000.s581.t000" lemma="жаба" pos="NOUN">жаба</instance>
         <wf lemma="." pos="X">.</wf>
      </sentence>
      <sentence id="d000.s582" source="wordnet-bulgarian">
         <instance id="d000.s582.t000" lemma="резен" pos="NOUN">резен</instance>
         <wf lemma="кашкавал" pos="X">кашкавал</wf>
         <wf lemma="." pos="X">.</wf>
      </sentence>
      <sentence id="d000.s583" source="wordnet-bulgarian">
         <wf lemma="граждански" pos="X">граждански</wf>
         <instance id="d000.s583.t000" lemma="ритуал" pos="NOUN">ритуали</instance>
         <wf lemma="." pos="X">.</wf>
      </sentence>
      <sentence id="d000.s584" source="wordnet-bulgarian">
         <wf lemma="към" pos="X">към</wf>
         <instance id="d000.s584.t000" lemma="изток" pos="NOUN">изток</instance>
         <wf lemma="." pos="X">.</wf>
      </sentence>
      <sentence id="d000.s585" source="wordnet-bulgarian">
         <wf lemma="Хиляди" pos="X">Хиляди</wf>
         <instance id="d000.s585.t000" lemma="протестирам" pos="VERB">протестират</instance>
         <wf lemma="срещу" pos="X">срещу</wf>
         <wf lemma="глобализацията" pos="X">глобализацията</wf>
         <wf lemma="по" pos="X">по</wf>
         <wf lemma="време" pos="X">време</wf>
         <wf lemma="на" pos="X">на</wf>
         <wf lemma="срещата" pos="X">срещата</wf>
         <wf lemma="на" pos="X">на</wf>
         <wf lemma="най-силните" pos="X">най-силните</wf>
         <wf lemma="икономически" pos="X">икономически</wf>
         <wf lemma="страни" pos="X">страни</wf>
         <wf lemma="в" pos="X">в</wf>
         <wf lemma="Сиатъл" pos="X">Сиатъл</wf>
         <wf lemma="." pos="X">.</wf>
      </sentence>
      <sentence id="d000.s586" source="wordnet-bulgarian">
         <wf lemma="изобразително" pos="X">изобразително</wf>
         <instance id="d000.s586.t000" lemma="изкуство" pos="NOUN">изкуство</instance>
         <wf lemma="." pos="X">.</wf>
      </sentence>
      <sentence id="d000.s587" source="wordnet-bulgarian">
         <wf lemma="Тя" pos="X">Тя</wf>
         <wf lemma="не" pos="X">не</wf>
         <wf lemma="е" pos="X">е</wf>
         <wf lemma="от" pos="X">от</wf>
         <wf lemma="благородно" pos="X">благородно</wf>
         <instance id="d000.s587.t000" lemma="коляно" pos="NOUN">коляно</instance>
         <wf lemma="." pos="X">.</wf>
      </sentence>
      <sentence id="d000.s588" source="wordnet-bulgarian">
         <wf lemma="раздрънкана" pos="X">раздрънкана</wf>
         <instance id="d000.s588.t000" lemma="кола" pos="NOUN">кола</instance>
         <wf lemma="." pos="X">.</wf>
      </sentence>
      <sentence id="d000.s589" source="wordnet-bulgarian">
         <wf lemma="Ти" pos="X">Ти</wf>
         <wf lemma="си" pos="X">си</wf>
         <wf lemma="мой" pos="X">мой</wf>
         <instance id="d000.s589.t000" lemma="човек" pos="NOUN">човек</instance>
         <wf lemma="." pos="X">.</wf>
      </sentence>
      <sentence id="d000.s590" source="wordnet-bulgarian">
         <instance id="d000.s590.t000" lemma="внос" pos="NOUN">внос</instance>
         <wf lemma="на" pos="X">на</wf>
         <wf lemma="употребявани" pos="X">употребявани</wf>
         <wf lemma="автомобили" pos="X">автомобили</wf>
         <wf lemma="." pos="X">.</wf>
      </sentence>
      <sentence id="d000.s591" source="wordnet-bulgarian">
         <wf lemma="в" pos="X">в</wf>
         <instance id="d000.s591.t000" lemma="отговор" pos="NOUN">отговор</instance>
         <wf lemma="на" pos="X">на</wf>
         <wf lemma="." pos="X">.</wf>
      </sentence>
      <sentence id="d000.s592" source="wordnet-bulgarian">
         <wf lemma="любопитна" pos="X">любопитна</wf>
         <instance id="d000.s592.t000" lemma="новина" pos="NOUN">новина</instance>
         <wf lemma="." pos="X">.</wf>
      </sentence>
      <sentence id="d000.s593" source="wordnet-bulgarian">
         <instance id="d000.s593.t000" lemma="акт" pos="NOUN">акт</instance>
         <wf lemma="на" pos="X">на</wf>
         <wf lemma="вмешателство" pos="X">вмешателство</wf>
         <wf lemma="." pos="X">.</wf>
      </sentence>
      <sentence id="d000.s594" source="wordnet-bulgarian">
         <instance id="d000.s594.t000" lemma="средство" pos="NOUN">средство</instance>
         <wf lemma="за" pos="X">за</wf>
         <wf lemma="масова" pos="X">масова</wf>
         <wf lemma="информация" pos="X">информация</wf>
         <wf lemma="." pos="X">.</wf>
      </sentence>
      <sentence id="d000.s595" source="wordnet-bulgarian">
         <wf lemma="Често" pos="X">Често</wf>
         <instance id="d000.s595.t000" lemma="дискутирам" pos="VERB">дискутирахме</instance>
         <wf lemma="важни" pos="X">важни</wf>
         <wf lemma="въпроси" pos="X">въпроси</wf>
         <wf lemma="." pos="X">.</wf>
      </sentence>
      <sentence id="d000.s596" source="wordnet-bulgarian">
         <instance id="d000.s596.t000" lemma="треперя" pos="VERB">треперя</instance>
         <wf lemma="от" pos="X">от</wf>
         <wf lemma="нерви" pos="X">нерви</wf>
         <wf lemma="." pos="X">.</wf>
      </sentence>
      <sentence id="d000.s597" source="wordnet-bulgarian">
         <wf lemma="взимам" pos="X">взимам</wf>
         <instance id="d000.s597.t000" lemma="наркотик" pos="NOUN">наркотици</instance>
         <wf lemma="." pos="X">.</wf>
      </sentence>
      <sentence id="d000.s598" source="wordnet-bulgarian">
         <instance id="d000.s598.t000" lemma="следвам" pos="VERB">Следвам</instance>
         <wf lemma="го" pos="X">го</wf>
         <wf lemma="по" pos="X">по</wf>
         <wf lemma="петите" pos="X">петите</wf>
         <wf lemma="." pos="X">.</wf>
      </sentence>
      <sentence id="d000.s599" source="wordnet-bulgarian">
         <wf lemma="Трябва" pos="X">Трябва</wf>
         <wf lemma="да" pos="X">да</wf>
         <wf lemma="се" pos="X">се</wf>
         <wf lemma="махнат" pos="X">махнат</wf>
         <instance id="d000.s599.t000" lemma="костилка" pos="NOUN">костилките</instance>
         <wf lemma="от" pos="X">от</wf>
         <wf lemma="сините" pos="X">сините</wf>
         <wf lemma="сливи" pos="X">сливи</wf>
         <wf lemma="преди" pos="X">преди</wf>
         <wf lemma="готвене" pos="X">готвене</wf>
         <wf lemma="." pos="X">.</wf>
      </sentence>
      <sentence id="d000.s600" source="wordnet-bulgarian">
         <wf lemma="получавам" pos="X">получавам</wf>
         <instance id="d000.s600.t000" lemma="поща" pos="NOUN">поща</instance>
         <wf lemma="." pos="X">.</wf>
      </sentence>
      <sentence id="d000.s601" source="wordnet-bulgarian">
         <wf lemma="детска" pos="X">детска</wf>
         <instance id="d000.s601.t000" lemma="играчка" pos="NOUN">играчка</instance>
         <wf lemma="." pos="X">.</wf>
      </sentence>
      <sentence id="d000.s602" source="wordnet-bulgarian">
         <wf lemma="интересна" pos="X">интересна</wf>
         <instance id="d000.s602.t000" lemma="формулировка" pos="NOUN">формулировка</instance>
         <wf lemma="." pos="X">.</wf>
      </sentence>
      <sentence id="d000.s603" source="wordnet-bulgarian">
         <wf lemma="В" pos="X">В</wf>
         <wf lemma="действията" pos="X">действията</wf>
         <wf lemma="му" pos="X">му</wf>
         <wf lemma="имаше" pos="X">имаше</wf>
         <wf lemma="твърде" pos="X">твърде</wf>
         <wf lemma="много" pos="X">много</wf>
         <instance id="d000.s603.t000" lemma="рутина" pos="NOUN">рутина</instance>
         <wf lemma="." pos="X">.</wf>
      </sentence>
      <sentence id="d000.s604" source="wordnet-bulgarian">
         <wf lemma="пукната" pos="X">пукната</wf>
         <instance id="d000.s604.t000" lemma="дъска" pos="NOUN">дъска</instance>
         <wf lemma="." pos="X">.</wf>
      </sentence>
      <sentence id="d000.s605" source="wordnet-bulgarian">
         <wf lemma="хубава" pos="X">хубава</wf>
         <instance id="d000.s605.t000" lemma="книга" pos="NOUN">книга</instance>
         <wf lemma="." pos="X">.</wf>
      </sentence>
      <sentence id="d000.s606" source="wordnet-bulgarian">
         <wf lemma="Тази" pos="X">Тази</wf>
         <wf lemma="вечер" pos="X">вечер</wf>
         <wf lemma="сме" pos="X">сме</wf>
         <wf lemma="на" pos="X">на</wf>
         <instance id="d000.s606.t000" lemma="дискотека" pos="NOUN">дискотека</instance>
         <wf lemma="." pos="X">.</wf>
      </sentence>
      <sentence id="d000.s607" source="wordnet-bulgarian">
         <wf lemma="главен" pos="X">главен</wf>
         <instance id="d000.s607.t000" lemma="лекар" pos="NOUN">лекар</instance>
         <wf lemma="." pos="X">.</wf>
      </sentence>
      <sentence id="d000.s608" source="wordnet-bulgarian">
         <wf lemma="чужда" pos="X">чужда</wf>
         <instance id="d000.s608.t000" lemma="валута" pos="NOUN">валута</instance>
         <wf lemma="." pos="X">.</wf>
      </sentence>
      <sentence id="d000.s609" source="wordnet-bulgarian">
         <wf lemma="След" pos="X">След</wf>
         <wf lemma="престрелката" pos="X">престрелката</wf>
         <wf lemma="улицата" pos="X">улицата</wf>
         <wf lemma="заприлича" pos="X">заприлича</wf>
         <wf lemma="на" pos="X">на</wf>
         <instance id="d000.s609.t000" lemma="полесражение" pos="NOUN">полесражение</instance>
         <wf lemma="." pos="X">.</wf>
      </sentence>
      <sentence id="d000.s610" source="wordnet-bulgarian">
         <wf lemma="луксозно" pos="X">луксозно</wf>
         <instance id="d000.s610.t000" lemma="жилище" pos="NOUN">жилище</instance>
         <wf lemma="." pos="X">.</wf>
      </sentence>
      <sentence id="d000.s611" source="wordnet-bulgarian">
         <wf lemma="Купих" pos="X">Купих</wf>
         <wf lemma="си" pos="X">си</wf>
         <wf lemma="вълнен" pos="X">вълнен</wf>
         <instance id="d000.s611.t000" lemma="плат" pos="NOUN">плат</instance>
         <wf lemma="за" pos="X">за</wf>
         <wf lemma="панталон" pos="X">панталон</wf>
         <wf lemma="." pos="X">.</wf>
      </sentence>
      <sentence id="d000.s612" source="wordnet-bulgarian">
         <wf lemma="зелен" pos="X">зелен</wf>
         <instance id="d000.s612.t000" lemma="чай" pos="NOUN">чай</instance>
         <wf lemma="." pos="X">.</wf>
      </sentence>
      <sentence id="d000.s613" source="wordnet-bulgarian">
         <instance id="d000.s613.t000" lemma="кражба" pos="NOUN">кражби</instance>
         <wf lemma="за" pos="X">за</wf>
         <wf lemma="милиони" pos="X">милиони</wf>
         <wf lemma="левове" pos="X">левове</wf>
         <wf lemma="." pos="X">.</wf>
      </sentence>
      <sentence id="d000.s614" source="wordnet-bulgarian">
         <wf lemma="без" pos="X">без</wf>
         <instance id="d000.s614.t000" lemma="съмнение" pos="NOUN">съмнение</instance>
         <wf lemma="." pos="X">.</wf>
      </sentence>
      <sentence id="d000.s615" source="wordnet-bulgarian">
         <wf lemma="по" pos="X">по</wf>
         <wf lemma="една" pos="X">една</wf>
         <wf lemma="или" pos="X">или</wf>
         <wf lemma="друга" pos="X">друга</wf>
         <instance id="d000.s615.t000" lemma="причина" pos="NOUN">причина</instance>
         <wf lemma="." pos="X">.</wf>
      </sentence>
      <sentence id="d000.s616" source="wordnet-bulgarian">
         <wf lemma="изследвам" pos="X">изследвам</wf>
         <instance id="d000.s616.t000" lemma="урина" pos="NOUN">урина</instance>
         <wf lemma="." pos="X">.</wf>
      </sentence>
      <sentence id="d000.s617" source="wordnet-bulgarian">
         <wf lemma="парижка" pos="X">парижка</wf>
         <instance id="d000.s617.t000" lemma="мода" pos="NOUN">мода</instance>
         <wf lemma="." pos="X">.</wf>
      </sentence>
      <sentence id="d000.s618" source="wordnet-bulgarian">
         <instance id="d000.s618.t000" lemma="детайл" pos="NOUN">детайл</instance>
         <wf lemma="от" pos="X">от</wf>
         <wf lemma="картина" pos="X">картина</wf>
         <wf lemma="." pos="X">.</wf>
      </sentence>
      <sentence id="d000.s619" source="wordnet-bulgarian">
         <wf lemma="плащам" pos="X">плащам</wf>
         <instance id="d000.s619.t000" lemma="мито" pos="NOUN">мито</instance>
         <wf lemma="." pos="X">.</wf>
      </sentence>
      <sentence id="d000.s620" source="wordnet-bulgarian">
         <wf lemma="практически" pos="X">практически</wf>
         <instance id="d000.s620.t000" lemma="опит" pos="NOUN">опит</instance>
         <wf lemma="." pos="X">.</wf>
      </sentence>
      <sentence id="d000.s621" source="wordnet-bulgarian">
         <wf lemma="практически" pos="X">практически</wf>
         <instance id="d000.s621.t000" lemma="семинар" pos="NOUN">семинар</instance>
         <wf lemma="." pos="X">.</wf>
      </sentence>
      <sentence id="d000.s622" source="wordnet-bulgarian">
         <wf lemma="планински" pos="X">планински</wf>
         <instance id="d000.s622.t000" lemma="въздух" pos="NOUN">въздух</instance>
         <wf lemma="." pos="X">.</wf>
      </sentence>
      <sentence id="d000.s623" source="wordnet-bulgarian">
         <wf lemma="оръжеен" pos="X">оръжеен</wf>
         <instance id="d000.s623.t000" lemma="магазин" pos="NOUN">магазин</instance>
         <wf lemma="." pos="X">.</wf>
      </sentence>
      <sentence id="d000.s624" source="wordnet-bulgarian">
         <wf lemma="От" pos="X">От</wf>
         <wf lemma="двора" pos="X">двора</wf>
         <wf lemma="се" pos="X">се</wf>
         <wf lemma="чу" pos="X">чу</wf>
         <instance id="d000.s624.t000" lemma="говор" pos="NOUN">говор</instance>
         <wf lemma="." pos="X">.</wf>
      </sentence>
      <sentence id="d000.s625" source="wordnet-bulgarian">
         <wf lemma="дълъг" pos="X">дълъг</wf>
         <instance id="d000.s625.t000" lemma="пирон" pos="NOUN">пирон</instance>
         <wf lemma="." pos="X">.</wf>
      </sentence>
      <sentence id="d000.s626" source="wordnet-bulgarian">
         <wf lemma="карам" pos="X">карам</wf>
         <instance id="d000.s626.t000" lemma="кола" pos="NOUN">кола</instance>
         <wf lemma="." pos="X">.</wf>
      </sentence>
      <sentence id="d000.s627" source="wordnet-bulgarian">
         <wf lemma="естествен" pos="X">естествен</wf>
         <instance id="d000.s627.t000" lemma="подбор" pos="NOUN">подбор</instance>
         <wf lemma="." pos="X">.</wf>
      </sentence>
      <sentence id="d000.s628" source="wordnet-bulgarian">
         <instance id="d000.s628.t000" lemma="стрък" pos="NOUN">стрък</instance>
         <wf lemma="от" pos="X">от</wf>
         <wf lemma="." pos="X">.</wf>
      </sentence>
      <sentence id="d000.s629" source="wordnet-bulgarian">
         <wf lemma="Те" pos="X">Те</wf>
         <instance id="d000.s629.t000" lemma="изглеждам" pos="VERB">изглеждаха</instance>
         <wf lemma="като" pos="X">като</wf>
         <wf lemma="хора" pos="X">хора</wf>
         <wf lemma="," pos="X">,</wf>
         <wf lemma="които" pos="X">които</wf>
         <wf lemma="не" pos="X">не</wf>
         <wf lemma="бяха" pos="X">бяха</wf>
         <wf lemma="яли" pos="X">яли</wf>
         <wf lemma="дълго" pos="X">дълго</wf>
         <wf lemma="време" pos="X">време</wf>
         <wf lemma="." pos="X">.</wf>
      </sentence>
      <sentence id="d000.s630" source="wordnet-bulgarian">
         <wf lemma="бял" pos="X">бял</wf>
         <instance id="d000.s630.t000" lemma="шоколад" pos="NOUN">шоколад</instance>
         <wf lemma="." pos="X">.</wf>
      </sentence>
      <sentence id="d000.s631" source="wordnet-bulgarian">
         <wf lemma="малка" pos="X">малка</wf>
         <instance id="d000.s631.t000" lemma="вероятност" pos="NOUN">вероятност</instance>
         <wf lemma="." pos="X">.</wf>
      </sentence>
      <sentence id="d000.s632" source="wordnet-bulgarian">
         <instance id="d000.s632.t000" lemma="извличам" pos="VERB">Извличам</instance>
         <wf lemma="нефт" pos="X">нефт</wf>
         <wf lemma="от" pos="X">от</wf>
         <wf lemma="земните" pos="X">земните</wf>
         <wf lemma="недра" pos="X">недра</wf>
         <wf lemma="." pos="X">.</wf>
      </sentence>
      <sentence id="d000.s633" source="wordnet-bulgarian">
         <wf lemma="повдигам" pos="X">повдигам</wf>
         <instance id="d000.s633.t000" lemma="дух" pos="NOUN">духа</instance>
         <wf lemma="на" pos="X">на</wf>
         <wf lemma="някого" pos="X">някого</wf>
         <wf lemma="." pos="X">.</wf>
      </sentence>
      <sentence id="d000.s634" source="wordnet-bulgarian">
         <wf lemma="пуша" pos="X">пуша</wf>
         <instance id="d000.s634.t000" lemma="цигара" pos="NOUN">цигара</instance>
         <wf lemma="." pos="X">.</wf>
      </sentence>
      <sentence id="d000.s635" source="wordnet-bulgarian">
         <wf lemma="определям" pos="X">определям</wf>
         <instance id="d000.s635.t000" lemma="условие" pos="NOUN">условията</instance>
         <wf lemma="на" pos="X">на</wf>
         <wf lemma="договора" pos="X">договора</wf>
         <wf lemma="." pos="X">.</wf>
      </sentence>
      <sentence id="d000.s636" source="wordnet-bulgarian">
         <wf lemma="силна" pos="X">силна</wf>
         <instance id="d000.s636.t000" lemma="опозиция" pos="NOUN">опозиция</instance>
         <wf lemma="." pos="X">.</wf>
      </sentence>
      <sentence id="d000.s637" source="wordnet-bulgarian">
         <wf lemma="Всички" pos="X">Всички</wf>
         <instance id="d000.s637.t000" lemma="ресурс" pos="NOUN">ресурси</instance>
         <wf lemma="са" pos="X">са</wf>
         <wf lemma="изчерпани" pos="X">изчерпани</wf>
         <wf lemma="." pos="X">.</wf>
      </sentence>
      <sentence id="d000.s638" source="wordnet-bulgarian">
         <wf lemma="циментов" pos="X">циментов</wf>
         <instance id="d000.s638.t000" lemma="под" pos="NOUN">под</instance>
         <wf lemma="." pos="X">.</wf>
      </sentence>
      <sentence id="d000.s639" source="wordnet-bulgarian">
         <wf lemma="тежък" pos="X">тежък</wf>
         <instance id="d000.s639.t000" lemma="наркотик" pos="NOUN">наркотик</instance>
         <wf lemma="." pos="X">.</wf>
      </sentence>
      <sentence id="d000.s640" source="wordnet-bulgarian">
         <instance id="d000.s640.t000" lemma="внос" pos="NOUN">внос</instance>
         <wf lemma="и" pos="X">и</wf>
         <wf lemma="износ" pos="X">износ</wf>
         <wf lemma="." pos="X">.</wf>
      </sentence>
      <sentence id="d000.s641" source="wordnet-bulgarian">
         <wf lemma="улица" pos="X">улица</wf>
         <wf lemma="без" pos="X">без</wf>
         <instance id="d000.s641.t000" lemma="изход" pos="NOUN">изход</instance>
         <wf lemma="." pos="X">.</wf>
      </sentence>
      <sentence id="d000.s642" source="wordnet-bulgarian">
         <wf lemma="фина" pos="X">фина</wf>
         <instance id="d000.s642.t000" lemma="керамика" pos="NOUN">керамика</instance>
         <wf lemma="." pos="X">.</wf>
      </sentence>
      <sentence id="d000.s643" source="wordnet-bulgarian">
         <instance id="d000.s643.t000" lemma="документ" pos="NOUN">документ</instance>
         <wf lemma="за" pos="X">за</wf>
         <wf lemma="образование" pos="X">образование</wf>
         <wf lemma="." pos="X">.</wf>
      </sentence>
      <sentence id="d000.s644" source="wordnet-bulgarian">
         <wf lemma="Това" pos="X">Това</wf>
         <wf lemma="няма" pos="X">няма</wf>
         <instance id="d000.s644.t000" lemma="отношение" pos="NOUN">отношение</instance>
         <wf lemma="към" pos="X">към</wf>
         <wf lemma="проблема" pos="X">проблема</wf>
         <wf lemma="." pos="X">.</wf>
      </sentence>
      <sentence id="d000.s645" source="wordnet-bulgarian">
         <wf lemma="роден" pos="X">роден</wf>
         <instance id="d000.s645.t000" lemma="баща" pos="NOUN">баща</instance>
         <wf lemma="." pos="X">.</wf>
      </sentence>
      <sentence id="d000.s646" source="wordnet-bulgarian">
         <instance id="d000.s646.t000" lemma="ставам" pos="VERB">ставам</instance>
         <wf lemma="от" pos="X">от</wf>
         <wf lemma="леглото" pos="X">леглото</wf>
         <wf lemma="." pos="X">.</wf>
      </sentence>
      <sentence id="d000.s647" source="wordnet-bulgarian">
         <wf lemma="правя" pos="X">правя</wf>
         <instance id="d000.s647.t000" lemma="кръст" pos="NOUN">кръст</instance>
         <wf lemma="." pos="X">.</wf>
      </sentence>
      <sentence id="d000.s648" source="wordnet-bulgarian">
         <instance id="d000.s648.t000" lemma="грижа" pos="NOUN">грижа</instance>
         <wf lemma="от" pos="X">от</wf>
         <wf lemma="сърце" pos="X">сърце</wf>
         <wf lemma="." pos="X">.</wf>
      </sentence>
      <sentence id="d000.s649" source="wordnet-bulgarian">
         <wf lemma="Днес" pos="X">Днес</wf>
         <wf lemma="си" pos="X">си</wf>
         <wf lemma="уших" pos="X">уших</wf>
         <wf lemma="нови" pos="X">нови</wf>
         <instance id="d000.s649.t000" lemma="перде" pos="NOUN">пердета</instance>
         <wf lemma="." pos="X">.</wf>
      </sentence>
      <sentence id="d000.s650" source="wordnet-bulgarian">
         <instance id="d000.s650.t000" lemma="сбогуване" pos="NOUN">сбогуване</instance>
         <wf lemma="с" pos="X">с</wf>
         <wf lemma="морето" pos="X">морето</wf>
         <wf lemma="." pos="X">.</wf>
      </sentence>
      <sentence id="d000.s651" source="wordnet-bulgarian">
         <instance id="d000.s651.t000" lemma="мисля" pos="VERB">мисля</instance>
         <wf lemma="трезво" pos="X">трезво</wf>
         <wf lemma="." pos="X">.</wf>
      </sentence>
      <sentence id="d000.s652" source="wordnet-bulgarian">
         <wf lemma="автомобилен" pos="X">автомобилен</wf>
         <instance id="d000.s652.t000" lemma="каталог" pos="NOUN">каталог</instance>
         <wf lemma="." pos="X">.</wf>
      </sentence>
      <sentence id="d000.s653" source="wordnet-bulgarian">
         <wf lemma="Ще" pos="X">Ще</wf>
         <wf lemma="изпия" pos="X">изпия</wf>
         <wf lemma="една" pos="X">една</wf>
         <instance id="d000.s653.t000" lemma="чаша" pos="NOUN">чаша</instance>
         <wf lemma="кафе" pos="X">кафе</wf>
         <wf lemma="." pos="X">.</wf>
      </sentence>
      <sentence id="d000.s654" source="wordnet-bulgarian">
         <wf lemma="пълна" pos="X">пълна</wf>
         <instance id="d000.s654.t000" lemma="противоположност" pos="NOUN">противоположност</instance>
         <wf lemma="." pos="X">.</wf>
      </sentence>
      <sentence id="d000.s655" source="wordnet-bulgarian">
         <wf lemma="обсипвам" pos="X">обсипвам</wf>
         <wf lemma="с" pos="X">с</wf>
         <instance id="d000.s655.t000" lemma="въпрос" pos="NOUN">въпроси</instance>
         <wf lemma="." pos="X">.</wf>
      </sentence>
      <sentence id="d000.s656" source="wordnet-bulgarian">
         <wf lemma="Не" pos="X">Не</wf>
         <wf lemma="оставяйте" pos="X">оставяйте</wf>
         <wf lemma="друг" pos="X">друг</wf>
         <wf lemma="да" pos="X">да</wf>
         <wf lemma="решава" pos="X">решава</wf>
         <wf lemma="вместо" pos="X">вместо</wf>
         <wf lemma="вас" pos="X">вас</wf>
         <wf lemma="и" pos="X">и</wf>
         <wf lemma="да" pos="X">да</wf>
         <wf lemma="прави" pos="X">прави</wf>
         <wf lemma="вашия" pos="X">вашия</wf>
         <instance id="d000.s656.t000" lemma="избор" pos="NOUN">избор</instance>
         <wf lemma="," pos="X">,</wf>
         <wf lemma="който" pos="X">който</wf>
         <wf lemma="ще" pos="X">ще</wf>
         <wf lemma="засяга" pos="X">засяга</wf>
         <wf lemma="не" pos="X">не</wf>
         <wf lemma="само" pos="X">само</wf>
         <wf lemma="вас" pos="X">вас</wf>
         <wf lemma="," pos="X">,</wf>
         <wf lemma="но" pos="X">но</wf>
         <wf lemma="и" pos="X">и</wf>
         <wf lemma="семейството" pos="X">семейството</wf>
         <wf lemma="ви" pos="X">ви</wf>
         <wf lemma="." pos="X">.</wf>
      </sentence>
      <sentence id="d000.s657" source="wordnet-bulgarian">
         <instance id="d000.s657.t000" lemma="апартамент" pos="NOUN">апартамент</instance>
         <wf lemma="в" pos="X">в</wf>
         <wf lemma="София" pos="X">София</wf>
         <wf lemma="." pos="X">.</wf>
      </sentence>
      <sentence id="d000.s658" source="wordnet-bulgarian">
         <wf lemma="житейска" pos="X">житейска</wf>
         <instance id="d000.s658.t000" lemma="правда" pos="NOUN">правда</instance>
         <wf lemma="." pos="X">.</wf>
      </sentence>
      <sentence id="d000.s659" source="wordnet-bulgarian">
         <wf lemma="Големите" pos="X">Големите</wf>
         <wf lemma="вълни" pos="X">вълни</wf>
         <wf lemma="подхвърляха" pos="X">подхвърляха</wf>
         <instance id="d000.s659.t000" lemma="лодка" pos="NOUN">лодката</instance>
         <wf lemma="като" pos="X">като</wf>
         <wf lemma="детска" pos="X">детска</wf>
         <wf lemma="играчка" pos="X">играчка</wf>
         <wf lemma="." pos="X">.</wf>
      </sentence>
      <sentence id="d000.s660" source="wordnet-bulgarian">
         <wf lemma="Отляво" pos="X">Отляво</wf>
         <wf lemma="се" pos="X">се</wf>
         <wf lemma="намира" pos="X">намира</wf>
         <instance id="d000.s660.t000" lemma="уред" pos="NOUN">уред</instance>
         <wf lemma="за" pos="X">за</wf>
         <wf lemma="изтезания" pos="X">изтезания</wf>
         <wf lemma="от" pos="X">от</wf>
         <wf lemma="около" pos="X">около</wf>
         <wf lemma="1540" pos="X">1540</wf>
         <wf lemma="г." pos="X">г.</wf>
      </sentence>
      <sentence id="d000.s661" source="wordnet-bulgarian">
         <instance id="d000.s661.t000" lemma="наблягам" pos="VERB">наблягам</instance>
         <wf lemma="на" pos="X">на</wf>
         <wf lemma="." pos="X">.</wf>
      </sentence>
      <sentence id="d000.s662" source="wordnet-bulgarian">
         <wf lemma="обичам" pos="X">обичам</wf>
         <instance id="d000.s662.t000" lemma="театър" pos="NOUN">театъра</instance>
         <wf lemma="." pos="X">.</wf>
      </sentence>
      <sentence id="d000.s663" source="wordnet-bulgarian">
         <wf lemma="Двама" pos="X">Двама</wf>
         <wf lemma="се" pos="X">се</wf>
         <wf lemma="карат" pos="X">карат</wf>
         <wf lemma="," pos="X">,</wf>
         <wf lemma="третият" pos="X">третият</wf>
         <instance id="d000.s663.t000" lemma="печеля" pos="VERB">печели</instance>
         <wf lemma="." pos="X">.</wf>
      </sentence>
      <sentence id="d000.s664" source="wordnet-bulgarian">
         <wf lemma="непреодолимо" pos="X">непреодолимо</wf>
         <instance id="d000.s664.t000" lemma="препятствие" pos="NOUN">препятствие</instance>
         <wf lemma="." pos="X">.</wf>
      </sentence>
      <sentence id="d000.s665" source="wordnet-bulgarian">
         <wf lemma="Разхождам" pos="X">Разхождам</wf>
         <wf lemma="се" pos="X">се</wf>
         <wf lemma="на" pos="X">на</wf>
         <instance id="d000.s665.t000" lemma="въздух" pos="NOUN">въздух</instance>
         <wf lemma="." pos="X">.</wf>
      </sentence>
      <sentence id="d000.s666" source="wordnet-bulgarian">
         <wf lemma="загадъчно" pos="X">загадъчно</wf>
         <instance id="d000.s666.t000" lemma="мълчание" pos="NOUN">мълчание</instance>
         <wf lemma="." pos="X">.</wf>
      </sentence>
      <sentence id="d000.s667" source="wordnet-bulgarian">
         <wf lemma="За" pos="X">За</wf>
         <wf lemma="това" pos="X">това</wf>
         <instance id="d000.s667.t000" lemma="свидетелствам" pos="VERB">свидетелстват</instance>
         <wf lemma="неговите" pos="X">неговите</wf>
         <wf lemma="изказвания" pos="X">изказвания</wf>
         <wf lemma="." pos="X">.</wf>
      </sentence>
      <sentence id="d000.s668" source="wordnet-bulgarian">
         <wf lemma="една" pos="X">една</wf>
         <instance id="d000.s668.t000" lemma="порция" pos="NOUN">порция</instance>
         <wf lemma="ориз" pos="X">ориз</wf>
         <wf lemma="с" pos="X">с</wf>
         <wf lemma="месо" pos="X">месо</wf>
         <wf lemma="." pos="X">.</wf>
      </sentence>
      <sentence id="d000.s669" source="wordnet-bulgarian">
         <instance id="d000.s669.t000" lemma="настройвам" pos="VERB">настройвам</instance>
         <wf lemma="часовник" pos="X">часовник</wf>
         <wf lemma="." pos="X">.</wf>
      </sentence>
      <sentence id="d000.s670" source="wordnet-bulgarian">
         <wf lemma="добра" pos="X">добра</wf>
         <instance id="d000.s670.t000" lemma="душа" pos="NOUN">душа</instance>
         <wf lemma="." pos="X">.</wf>
      </sentence>
      <sentence id="d000.s671" source="wordnet-bulgarian">
         <instance id="d000.s671.t000" lemma="крем" pos="NOUN">крем</instance>
         <wf lemma="срещу" pos="X">срещу</wf>
         <wf lemma="бръчки" pos="X">бръчки</wf>
         <wf lemma="." pos="X">.</wf>
      </sentence>
      <sentence id="d000.s672" source="wordnet-bulgarian">
         <wf lemma="От" pos="X">От</wf>
         <wf lemma="шест" pos="X">шест</wf>
         <instance id="d000.s672.t000" lemma="месец" pos="NOUN">месеца</instance>
         <wf lemma="съм" pos="X">съм</wf>
         <wf lemma="безработен" pos="X">безработен</wf>
         <wf lemma="." pos="X">.</wf>
      </sentence>
      <sentence id="d000.s673" source="wordnet-bulgarian">
         <wf lemma="голям" pos="X">голям</wf>
         <instance id="d000.s673.t000" lemma="чук" pos="NOUN">чук</instance>
         <wf lemma="." pos="X">.</wf>
      </sentence>
      <sentence id="d000.s674" source="wordnet-bulgarian">
         <wf lemma="правя" pos="X">правя</wf>
         <instance id="d000.s674.t000" lemma="формулировка" pos="NOUN">формулировка</instance>
         <wf lemma="." pos="X">.</wf>
      </sentence>
      <sentence id="d000.s675" source="wordnet-bulgarian">
         <wf lemma="пиша" pos="X">пиша</wf>
         <instance id="d000.s675.t000" lemma="статия" pos="NOUN">статия</instance>
         <wf lemma="." pos="X">.</wf>
      </sentence>
      <sentence id="d000.s676" source="wordnet-bulgarian">
         <wf lemma="топографска" pos="X">топографска</wf>
         <instance id="d000.s676.t000" lemma="карта" pos="NOUN">карта</instance>
         <wf lemma="." pos="X">.</wf>
      </sentence>
      <sentence id="d000.s677" source="wordnet-bulgarian">
         <wf lemma="хубаво" pos="X">хубаво</wf>
         <instance id="d000.s677.t000" lemma="време" pos="NOUN">време</instance>
         <wf lemma="." pos="X">.</wf>
      </sentence>
      <sentence id="d000.s678" source="wordnet-bulgarian">
         <wf lemma="Извинете" pos="X">Извинете</wf>
         <wf lemma="за" pos="X">за</wf>
         <instance id="d000.s678.t000" lemma="безпокойство" pos="NOUN">безпокойството</instance>
         <wf lemma="!" pos="X">!</wf>
      </sentence>
      <sentence id="d000.s679" source="wordnet-bulgarian">
         <wf lemma="шевни" pos="X">шевни</wf>
         <instance id="d000.s679.t000" lemma="игла" pos="NOUN">игли</instance>
         <wf lemma="." pos="X">.</wf>
      </sentence>
      <sentence id="d000.s680" source="wordnet-bulgarian">
         <wf lemma="при" pos="X">при</wf>
         <instance id="d000.s680.t000" lemma="изгаряне" pos="NOUN">изгаряне</instance>
         <wf lemma="." pos="X">.</wf>
      </sentence>
      <sentence id="d000.s681" source="wordnet-bulgarian">
         <instance id="d000.s681.t000" lemma="цена" pos="NOUN">Цените</instance>
         <wf lemma="се" pos="X">се</wf>
         <wf lemma="вдигат" pos="X">вдигат</wf>
         <wf lemma="всеки" pos="X">всеки</wf>
         <wf lemma="ден" pos="X">ден</wf>
         <wf lemma="." pos="X">.</wf>
      </sentence>
      <sentence id="d000.s682" source="wordnet-bulgarian">
         <instance id="d000.s682.t000" lemma="будка" pos="NOUN">будка</instance>
         <wf lemma="за" pos="X">за</wf>
         <wf lemma="цигари" pos="X">цигари</wf>
         <wf lemma="." pos="X">.</wf>
      </sentence>
      <sentence id="d000.s683" source="wordnet-bulgarian">
         <wf lemma="Нямам" pos="X">Нямам</wf>
         <instance id="d000.s683.t000" lemma="близък" pos="NOUN">близки</instance>
         <wf lemma="," pos="X">,</wf>
         <wf lemma="нито" pos="X">нито</wf>
         <wf lemma="роднини" pos="X">роднини</wf>
         <wf lemma="." pos="X">.</wf>
      </sentence>
      <sentence id="d000.s684" source="wordnet-bulgarian">
         <wf lemma="Направих" pos="X">Направих</wf>
         <wf lemma="всичко" pos="X">всичко</wf>
         <wf lemma="," pos="X">,</wf>
         <wf lemma="което" pos="X">което</wf>
         <instance id="d000.s684.t000" lemma="завися" pos="VERB">зависи</instance>
         <wf lemma="от" pos="X">от</wf>
         <wf lemma="мен" pos="X">мен</wf>
         <wf lemma="." pos="X">.</wf>
      </sentence>
      <sentence id="d000.s685" source="wordnet-bulgarian">
         <instance id="d000.s685.t000" lemma="предвидя" pos="VERB">Предвидих</instance>
         <wf lemma="какво" pos="X">какво</wf>
         <wf lemma="ще" pos="X">ще</wf>
         <wf lemma="се" pos="X">се</wf>
         <wf lemma="случи" pos="X">случи</wf>
         <wf lemma="." pos="X">.</wf>
      </sentence>
      <sentence id="d000.s686" source="wordnet-bulgarian">
         <wf lemma="Жената" pos="X">Жената</wf>
         <wf lemma="няма" pos="X">няма</wf>
         <instance id="d000.s686.t000" lemma="възраст" pos="NOUN">възраст</instance>
         <wf lemma="." pos="X">.</wf>
      </sentence>
      <sentence id="d000.s687" source="wordnet-bulgarian">
         <wf lemma="правя" pos="X">правя</wf>
         <instance id="d000.s687.t000" lemma="декларация" pos="NOUN">декларация</instance>
         <wf lemma="." pos="X">.</wf>
      </sentence>
      <sentence id="d000.s688" source="wordnet-bulgarian">
         <instance id="d000.s688.t000" lemma="банкрут" pos="NOUN">банкрут</instance>
         <wf lemma="на" pos="X">на</wf>
         <wf lemma="банки" pos="X">банки</wf>
         <wf lemma="." pos="X">.</wf>
      </sentence>
      <sentence id="d000.s689" source="wordnet-bulgarian">
         <instance id="d000.s689.t000" lemma="огледало" pos="NOUN">огледало</instance>
         <wf lemma="в" pos="X">в</wf>
         <wf lemma="рамка" pos="X">рамка</wf>
         <wf lemma="." pos="X">.</wf>
      </sentence>
      <sentence id="d000.s690" source="wordnet-bulgarian">
         <wf lemma="бистра" pos="X">бистра</wf>
         <instance id="d000.s690.t000" lemma="вода" pos="NOUN">вода</instance>
         <wf lemma="." pos="X">.</wf>
      </sentence>
      <sentence id="d000.s691" source="wordnet-bulgarian">
         <wf lemma="Държа" pos="X">Държа</wf>
         <wf lemma="на" pos="X">на</wf>
         <instance id="d000.s691.t000" lemma="честност" pos="NOUN">честност</instance>
         <wf lemma="в" pos="X">в</wf>
         <wf lemma="отношенията" pos="X">отношенията</wf>
         <wf lemma="." pos="X">.</wf>
      </sentence>
      <sentence id="d000.s692" source="wordnet-bulgarian">
         <instance id="d000.s692.t000" lemma="полиция" pos="NOUN">Полицията</instance>
         <wf lemma="пристигна" pos="X">пристигна</wf>
         <wf lemma="навреме" pos="X">навреме</wf>
         <wf lemma="." pos="X">.</wf>
      </sentence>
      <sentence id="d000.s693" source="wordnet-bulgarian">
         <wf lemma="работя" pos="X">работя</wf>
         <wf lemma="като" pos="X">като</wf>
         <instance id="d000.s693.t000" lemma="хамалин" pos="NOUN">хамалин</instance>
         <wf lemma="." pos="X">.</wf>
      </sentence>
      <sentence id="d000.s694" source="wordnet-bulgarian">
         <wf lemma="променям" pos="X">променям</wf>
         <instance id="d000.s694.t000" lemma="решение" pos="NOUN">решението</instance>
         <wf lemma="си" pos="X">си</wf>
         <wf lemma="." pos="X">.</wf>
      </sentence>
      <sentence id="d000.s695" source="wordnet-bulgarian">
         <instance id="d000.s695.t000" lemma="дистрибутор" pos="NOUN">дистрибутор</instance>
         <wf lemma="на" pos="X">на</wf>
         <wf lemma="лекарства" pos="X">лекарства</wf>
         <wf lemma="." pos="X">.</wf>
      </sentence>
      <sentence id="d000.s696" source="wordnet-bulgarian">
         <instance id="d000.s696.t000" lemma="печалба" pos="NOUN">печалба</instance>
         <wf lemma="от" pos="X">от</wf>
         <wf lemma="." pos="X">.</wf>
      </sentence>
      <sentence id="d000.s697" source="wordnet-bulgarian">
         <instance id="d000.s697.t000" lemma="силен" pos="ADJ">силен</instance>
         <wf lemma="чай" pos="X">чай</wf>
         <wf lemma="." pos="X">.</wf>
      </sentence>
      <sentence id="d000.s698" source="wordnet-bulgarian">
         <wf lemma="Кръвният" pos="X">Кръвният</wf>
         <wf lemma="тест" pos="X">тест</wf>
         <instance id="d000.s698.t000" lemma="свидетелствам" pos="VERB">свидетелства</instance>
         <wf lemma="," pos="X">,</wf>
         <wf lemma="че" pos="X">че</wf>
         <wf lemma="аз" pos="X">аз</wf>
         <wf lemma="съм" pos="X">съм</wf>
         <wf lemma="бащата" pos="X">бащата</wf>
         <wf lemma="на" pos="X">на</wf>
         <wf lemma="детето" pos="X">детето</wf>
         <wf lemma="." pos="X">.</wf>
      </sentence>
      <sentence id="d000.s699" source="wordnet-bulgarian">
         <wf lemma="едноредно" pos="X">едноредно</wf>
         <instance id="d000.s699.t000" lemma="палто" pos="NOUN">палто</instance>
         <wf lemma="." pos="X">.</wf>
      </sentence>
      <sentence id="d000.s700" source="wordnet-bulgarian">
         <wf lemma="нов" pos="X">нов</wf>
         <instance id="d000.s700.t000" lemma="колега" pos="NOUN">колега</instance>
         <wf lemma="." pos="X">.</wf>
      </sentence>
      <sentence id="d000.s701" source="wordnet-bulgarian">
         <wf lemma="против" pos="X">против</wf>
         <instance id="d000.s701.t000" lemma="закон" pos="NOUN">закона</instance>
         <wf lemma="." pos="X">.</wf>
      </sentence>
      <sentence id="d000.s702" source="wordnet-bulgarian">
         <wf lemma="инфекция" pos="X">инфекция</wf>
         <wf lemma="на" pos="X">на</wf>
         <instance id="d000.s702.t000" lemma="гърло" pos="NOUN">гърлото</instance>
         <wf lemma="." pos="X">.</wf>
      </sentence>
      <sentence id="d000.s703" source="wordnet-bulgarian">
         <wf lemma="Взе" pos="X">Взе</wf>
         <wf lemma="се" pos="X">се</wf>
         <wf lemma="единственото" pos="X">единственото</wf>
         <wf lemma="възможно" pos="X">възможно</wf>
         <wf lemma="решение" pos="X">решение</wf>
         <wf lemma="," pos="X">,</wf>
         <wf lemma="нямаше" pos="X">нямаше</wf>
         <wf lemma="друга" pos="X">друга</wf>
         <instance id="d000.s703.t000" lemma="алтернатива" pos="NOUN">алтернатива</instance>
         <wf lemma="," pos="X">,</wf>
         <wf lemma="каза" pos="X">каза</wf>
         <wf lemma="Иван" pos="X">Иван</wf>
         <wf lemma="Костов" pos="X">Костов</wf>
         <wf lemma="." pos="X">.</wf>
      </sentence>
      <sentence id="d000.s704" source="wordnet-bulgarian">
         <wf lemma="скъса" pos="X">скъса</wf>
         <wf lemma="ми" pos="X">ми</wf>
         <wf lemma="се" pos="X">се</wf>
         <instance id="d000.s704.t000" lemma="копче" pos="NOUN">копчето</instance>
         <wf lemma="." pos="X">.</wf>
      </sentence>
      <sentence id="d000.s705" source="wordnet-bulgarian">
         <wf lemma="Не" pos="X">Не</wf>
         <wf lemma="губя" pos="X">губя</wf>
         <wf lemma="присъствие" pos="X">присъствие</wf>
         <wf lemma="на" pos="X">на</wf>
         <instance id="d000.s705.t000" lemma="дух" pos="NOUN">духа</instance>
         <wf lemma="." pos="X">.</wf>
      </sentence>
      <sentence id="d000.s706" source="wordnet-bulgarian">
         <wf lemma="Понякога" pos="X">Понякога</wf>
         <wf lemma="търся" pos="X">търся</wf>
         <instance id="d000.s706.t000" lemma="спокойствие" pos="NOUN">спокойствие</instance>
         <wf lemma="за" pos="X">за</wf>
         <wf lemma="душата" pos="X">душата</wf>
         <wf lemma="си" pos="X">си</wf>
         <wf lemma="." pos="X">.</wf>
      </sentence>
      <sentence id="d000.s707" source="wordnet-bulgarian">
         <wf lemma="необосновано" pos="X">необосновано</wf>
         <instance id="d000.s707.t000" lemma="твърдение" pos="NOUN">твърдение</instance>
         <wf lemma="." pos="X">.</wf>
      </sentence>
      <sentence id="d000.s708" source="wordnet-bulgarian">
         <wf lemma="Спирането" pos="X">Спирането</wf>
         <wf lemma="на" pos="X">на</wf>
         <wf lemma="компютрите" pos="X">компютрите</wf>
         <instance id="d000.s708.t000" lemma="създам" pos="VERB">създаде</instance>
         <wf lemma="голям" pos="X">голям</wf>
         <wf lemma="хаос" pos="X">хаос</wf>
         <wf lemma="в" pos="X">в</wf>
         <wf lemma="офиса" pos="X">офиса</wf>
         <wf lemma="." pos="X">.</wf>
      </sentence>
      <sentence id="d000.s709" source="wordnet-bulgarian">
         <wf lemma="Порязах" pos="X">Порязах</wf>
         <wf lemma="се" pos="X">се</wf>
         <wf lemma="на" pos="X">на</wf>
         <instance id="d000.s709.t000" lemma="стъкло" pos="NOUN">стъклото</instance>
         <wf lemma="." pos="X">.</wf>
      </sentence>
      <sentence id="d000.s710" source="wordnet-bulgarian">
         <instance id="d000.s710.t000" lemma="пласт" pos="NOUN">пласт</instance>
         <wf lemma="боя" pos="X">боя</wf>
         <wf lemma="." pos="X">.</wf>
      </sentence>
      <sentence id="d000.s711" source="wordnet-bulgarian">
         <wf lemma="кратко" pos="X">кратко</wf>
         <instance id="d000.s711.t000" lemma="обяснение" pos="NOUN">обяснение</instance>
         <wf lemma="." pos="X">.</wf>
      </sentence>
      <sentence id="d000.s712" source="wordnet-bulgarian">
         <wf lemma="с" pos="X">с</wf>
         <instance id="d000.s712.t000" lemma="вълнение" pos="NOUN">вълнение</instance>
         <wf lemma="." pos="X">.</wf>
      </sentence>
      <sentence id="d000.s713" source="wordnet-bulgarian">
         <wf lemma="топли" pos="X">топли</wf>
         <instance id="d000.s713.t000" lemma="ръкавица" pos="NOUN">ръкавици</instance>
         <wf lemma="." pos="X">.</wf>
      </sentence>
      <sentence id="d000.s714" source="wordnet-bulgarian">
         <wf lemma="с" pos="X">с</wf>
         <instance id="d000.s714.t000" lemma="перспектива" pos="NOUN">перспектива</instance>
         <wf lemma="за" pos="X">за</wf>
         <wf lemma="." pos="X">.</wf>
      </sentence>
      <sentence id="d000.s715" source="wordnet-bulgarian">
         <instance id="d000.s715.t000" lemma="мятам" pos="VERB">мятам</instance>
         <wf lemma="камък" pos="X">камък</wf>
         <wf lemma="." pos="X">.</wf>
      </sentence>
      <sentence id="d000.s716" source="wordnet-bulgarian">
         <wf lemma="Коя" pos="X">Коя</wf>
         <instance id="d000.s716.t000" lemma="дата" pos="NOUN">дата</instance>
         <wf lemma="е" pos="X">е</wf>
         <wf lemma="днес" pos="X">днес</wf>
         <wf lemma="?" pos="X">?</wf>
      </sentence>
      <sentence id="d000.s717" source="wordnet-bulgarian">
         <wf lemma="приятна" pos="X">приятна</wf>
         <instance id="d000.s717.t000" lemma="изненада" pos="NOUN">изненада</instance>
         <wf lemma="." pos="X">.</wf>
      </sentence>
      <sentence id="d000.s718" source="wordnet-bulgarian">
         <wf lemma="млада" pos="X">млада</wf>
         <instance id="d000.s718.t000" lemma="генерация" pos="NOUN">генерация</instance>
         <wf lemma="." pos="X">.</wf>
      </sentence>
      <sentence id="d000.s719" source="wordnet-bulgarian">
         <wf lemma="с" pos="X">с</wf>
         <instance id="d000.s719.t000" lemma="презрение" pos="NOUN">презрение</instance>
         <wf lemma="." pos="X">.</wf>
      </sentence>
      <sentence id="d000.s720" source="wordnet-bulgarian">
         <instance id="d000.s720.t000" lemma="измина" pos="VERB">Изминахме</instance>
         <wf lemma="пътя" pos="X">пътя</wf>
         <wf lemma="за" pos="X">за</wf>
         <wf lemma="една" pos="X">една</wf>
         <wf lemma="нощ" pos="X">нощ</wf>
         <wf lemma="." pos="X">.</wf>
      </sentence>
      <sentence id="d000.s721" source="wordnet-bulgarian">
         <instance id="d000.s721.t000" lemma="свят" pos="NOUN">светът</instance>
         <wf lemma="на" pos="X">на</wf>
         <wf lemma="изкуството" pos="X">изкуството</wf>
         <wf lemma="." pos="X">.</wf>
      </sentence>
      <sentence id="d000.s722" source="wordnet-bulgarian">
         <wf lemma="сълзотворен" pos="X">сълзотворен</wf>
         <instance id="d000.s722.t000" lemma="газ" pos="NOUN">газ</instance>
         <wf lemma="." pos="X">.</wf>
      </sentence>
      <sentence id="d000.s723" source="wordnet-bulgarian">
         <instance id="d000.s723.t000" lemma="избор" pos="NOUN">избори</instance>
         <wf lemma="за" pos="X">за</wf>
         <wf lemma="." pos="X">.</wf>
      </sentence>
      <sentence id="d000.s724" source="wordnet-bulgarian">
         <wf lemma="държавен" pos="X">държавен</wf>
         <instance id="d000.s724.t000" lemma="служител" pos="NOUN">служител</instance>
         <wf lemma="." pos="X">.</wf>
      </sentence>
      <sentence id="d000.s725" source="wordnet-bulgarian">
         <instance id="d000.s725.t000" lemma="пропуск" pos="NOUN">пропуск</instance>
         <wf lemma="за" pos="X">за</wf>
         <wf lemma="." pos="X">.</wf>
      </sentence>
      <sentence id="d000.s726" source="wordnet-bulgarian">
         <wf lemma="На" pos="X">На</wf>
         <wf lemma="държавна" pos="X">държавна</wf>
         <instance id="d000.s726.t000" lemma="работа" pos="NOUN">работа</instance>
         <wf lemma="съм" pos="X">съм</wf>
         <wf lemma="." pos="X">.</wf>
      </sentence>
      <sentence id="d000.s727" source="wordnet-bulgarian">
         <instance id="d000.s727.t000" lemma="позволение" pos="NOUN">позволение</instance>
         <wf lemma="за" pos="X">за</wf>
         <wf lemma="." pos="X">.</wf>
      </sentence>
      <sentence id="d000.s728" source="wordnet-bulgarian">
         <wf lemma="Влезнахме" pos="X">Влезнахме</wf>
         <wf lemma="в" pos="X">в</wf>
         <instance id="d000.s728.t000" lemma="страноприемница" pos="NOUN">страноприемницата</instance>
         <wf lemma="да" pos="X">да</wf>
         <wf lemma="хапнем" pos="X">хапнем</wf>
         <wf lemma="и" pos="X">и</wf>
         <wf lemma="да" pos="X">да</wf>
         <wf lemma="се" pos="X">се</wf>
         <wf lemma="постоплим" pos="X">постоплим</wf>
         <wf lemma="." pos="X">.</wf>
      </sentence>
      <sentence id="d000.s729" source="wordnet-bulgarian">
         <wf lemma="богат" pos="X">богат</wf>
         <instance id="d000.s729.t000" lemma="избор" pos="NOUN">избор</instance>
         <wf lemma="на" pos="X">на</wf>
         <wf lemma="книги" pos="X">книги</wf>
         <wf lemma="." pos="X">.</wf>
      </sentence>
      <sentence id="d000.s730" source="wordnet-bulgarian">
         <instance id="d000.s730.t000" lemma="силен" pos="ADJ">силна</instance>
         <wf lemma="болка" pos="X">болка</wf>
         <wf lemma="." pos="X">.</wf>
      </sentence>
      <sentence id="d000.s731" source="wordnet-bulgarian">
         <instance id="d000.s731.t000" lemma="бера" pos="VERB">бера</instance>
         <wf lemma="круши" pos="X">круши</wf>
         <wf lemma="." pos="X">.</wf>
      </sentence>
      <sentence id="d000.s732" source="wordnet-bulgarian">
         <instance id="d000.s732.t000" lemma="диктувам" pos="VERB">диктувам</instance>
         <wf lemma="бързо" pos="X">бързо</wf>
         <wf lemma="." pos="X">.</wf>
      </sentence>
      <sentence id="d000.s733" source="wordnet-bulgarian">
         <wf lemma="кожена" pos="X">кожена</wf>
         <instance id="d000.s733.t000" lemma="пола" pos="NOUN">пола</instance>
         <wf lemma="." pos="X">.</wf>
      </sentence>
      <sentence id="d000.s734" source="wordnet-bulgarian">
         <wf lemma="плоски" pos="X">плоски</wf>
         <instance id="d000.s734.t000" lemma="мускул" pos="NOUN">мускули</instance>
         <wf lemma="." pos="X">.</wf>
      </sentence>
      <sentence id="d000.s735" source="wordnet-bulgarian">
         <wf lemma="Мия" pos="X">Мия</wf>
         <wf lemma="съдове" pos="X">съдове</wf>
         <wf lemma="на" pos="X">на</wf>
         <wf lemma="кухненската" pos="X">кухненската</wf>
         <instance id="d000.s735.t000" lemma="мивка" pos="NOUN">мивка</instance>
         <wf lemma="." pos="X">.</wf>
      </sentence>
      <sentence id="d000.s736" source="wordnet-bulgarian">
         <instance id="d000.s736.t000" lemma="магазин" pos="NOUN">магазин</instance>
         <wf lemma="за" pos="X">за</wf>
         <wf lemma="." pos="X">.</wf>
      </sentence>
      <sentence id="d000.s737" source="wordnet-bulgarian">
         <wf lemma="правя" pos="X">правя</wf>
         <wf lemma="политически" pos="X">политически</wf>
         <instance id="d000.s737.t000" lemma="коментар" pos="NOUN">коментар</instance>
         <wf lemma="." pos="X">.</wf>
      </sentence>
      <sentence id="d000.s738" source="wordnet-bulgarian">
         <instance id="d000.s738.t000" lemma="апартамент" pos="NOUN">апартамент</instance>
         <wf lemma="под" pos="X">под</wf>
         <wf lemma="наем" pos="X">наем</wf>
         <wf lemma="." pos="X">.</wf>
      </sentence>
      <sentence id="d000.s739" source="wordnet-bulgarian">
         <wf lemma="мигновена" pos="X">мигновена</wf>
         <instance id="d000.s739.t000" lemma="реакция" pos="NOUN">реакция</instance>
         <wf lemma="." pos="X">.</wf>
      </sentence>
      <sentence id="d000.s740" source="wordnet-bulgarian">
         <wf lemma="Чух" pos="X">Чух</wf>
         <wf lemma="бръмченето" pos="X">бръмченето</wf>
         <wf lemma="на" pos="X">на</wf>
         <instance id="d000.s740.t000" lemma="мотор" pos="NOUN">мотор</instance>
         <wf lemma="." pos="X">.</wf>
      </sentence>
      <sentence id="d000.s741" source="wordnet-bulgarian">
         <wf lemma="По" pos="X">По</wf>
         <wf lemma="ръката" pos="X">ръката</wf>
         <wf lemma="ми" pos="X">ми</wf>
         <instance id="d000.s741.t000" lemma="лазя" pos="VERB">лази</instance>
         <wf lemma="мравка" pos="X">мравка</wf>
         <wf lemma="." pos="X">.</wf>
      </sentence>
      <sentence id="d000.s742" source="wordnet-bulgarian">
         <wf lemma="подходяща" pos="X">подходяща</wf>
         <instance id="d000.s742.t000" lemma="идея" pos="NOUN">идея</instance>
         <wf lemma="." pos="X">.</wf>
      </sentence>
      <sentence id="d000.s743" source="wordnet-bulgarian">
         <instance id="d000.s743.t000" lemma="плач" pos="VERB">плача</instance>
         <wf lemma="от" pos="X">от</wf>
         <wf lemma="болка" pos="X">болка</wf>
         <wf lemma="." pos="X">.</wf>
      </sentence>
      <sentence id="d000.s744" source="wordnet-bulgarian">
         <wf lemma="национална" pos="X">национална</wf>
         <instance id="d000.s744.t000" lemma="телевизия" pos="NOUN">телевизия</instance>
         <wf lemma="." pos="X">.</wf>
      </sentence>
      <sentence id="d000.s745" source="wordnet-bulgarian">
         <wf lemma="получавам" pos="X">получавам</wf>
         <instance id="d000.s745.t000" lemma="информация" pos="NOUN">информация</instance>
         <wf lemma="." pos="X">.</wf>
      </sentence>
      <sentence id="d000.s746" source="wordnet-bulgarian">
         <wf lemma="надморска" pos="X">надморска</wf>
         <instance id="d000.s746.t000" lemma="височина" pos="NOUN">височина</instance>
         <wf lemma="." pos="X">.</wf>
      </sentence>
      <sentence id="d000.s747" source="wordnet-bulgarian">
         <wf lemma="тайна" pos="X">тайна</wf>
         <instance id="d000.s747.t000" lemma="кореспонденция" pos="NOUN">кореспонденция</instance>
         <wf lemma="." pos="X">.</wf>
      </sentence>
      <sentence id="d000.s748" source="wordnet-bulgarian">
         <wf lemma="вземам" pos="X">вземам</wf>
         <instance id="d000.s748.t000" lemma="мярка" pos="NOUN">мерки</instance>
         <wf lemma="." pos="X">.</wf>
      </sentence>
      <sentence id="d000.s749" source="wordnet-bulgarian">
         <instance id="d000.s749.t000" lemma="министерство" pos="NOUN">министерство</instance>
         <wf lemma="на" pos="X">на</wf>
         <wf lemma="външните" pos="X">външните</wf>
         <wf lemma="работи" pos="X">работи</wf>
         <wf lemma="." pos="X">.</wf>
      </sentence>
      <sentence id="d000.s750" source="wordnet-bulgarian">
         <instance id="d000.s750.t000" lemma="мирис" pos="NOUN">мирис</instance>
         <wf lemma="на" pos="X">на</wf>
         <wf lemma="море" pos="X">море</wf>
         <wf lemma="." pos="X">.</wf>
      </sentence>
      <sentence id="d000.s751" source="wordnet-bulgarian">
         <wf lemma="Пека" pos="X">Пека</wf>
         <wf lemma="се" pos="X">се</wf>
         <wf lemma="на" pos="X">на</wf>
         <instance id="d000.s751.t000" lemma="слънце" pos="NOUN">слънце</instance>
         <wf lemma="." pos="X">.</wf>
      </sentence>
      <sentence id="d000.s752" source="wordnet-bulgarian">
         <wf lemma="автентичен" pos="X">автентичен</wf>
         <instance id="d000.s752.t000" lemma="запис" pos="NOUN">запис</instance>
         <wf lemma="." pos="X">.</wf>
      </sentence>
      <sentence id="d000.s753" source="wordnet-bulgarian">
         <wf lemma="чистя" pos="X">чистя</wf>
         <instance id="d000.s753.t000" lemma="петно" pos="NOUN">петно</instance>
         <wf lemma="." pos="X">.</wf>
      </sentence>
      <sentence id="d000.s754" source="wordnet-bulgarian">
         <wf lemma="типичен" pos="X">типичен</wf>
         <instance id="d000.s754.t000" lemma="пример" pos="NOUN">пример</instance>
         <wf lemma="." pos="X">.</wf>
      </sentence>
      <sentence id="d000.s755" source="wordnet-bulgarian">
         <wf lemma="на" pos="X">на</wf>
         <instance id="d000.s755.t000" lemma="двор" pos="NOUN">двора</instance>
         <wf lemma="." pos="X">.</wf>
      </sentence>
      <sentence id="d000.s756" source="wordnet-bulgarian">
         <wf lemma="С" pos="X">С</wf>
         <wf lemma="един" pos="X">един</wf>
         <instance id="d000.s756.t000" lemma="удар" pos="NOUN">удар</instance>
         <wf lemma="го" pos="X">го</wf>
         <wf lemma="повалих" pos="X">повалих</wf>
         <wf lemma="." pos="X">.</wf>
      </sentence>
      <sentence id="d000.s757" source="wordnet-bulgarian">
         <wf lemma="Всеки" pos="X">Всеки</wf>
         <wf lemma="има" pos="X">има</wf>
         <wf lemma="някакви" pos="X">някакви</wf>
         <instance id="d000.s757.t000" lemma="недостатък" pos="NOUN">недостатъци</instance>
         <wf lemma="." pos="X">.</wf>
      </sentence>
      <sentence id="d000.s758" source="wordnet-bulgarian">
         <wf lemma="женска" pos="X">женска</wf>
         <instance id="d000.s758.t000" lemma="шапка" pos="NOUN">шапка</instance>
         <wf lemma="." pos="X">.</wf>
      </sentence>
      <sentence id="d000.s759" source="wordnet-bulgarian">
         <wf lemma="човешки" pos="X">човешки</wf>
         <instance id="d000.s759.t000" lemma="дълг" pos="NOUN">дълг</instance>
         <wf lemma="." pos="X">.</wf>
      </sentence>
      <sentence id="d000.s760" source="wordnet-bulgarian">
         <wf lemma="след" pos="X">след</wf>
         <instance id="d000.s760.t000" lemma="репетиция" pos="NOUN">репетиция</instance>
         <wf lemma="." pos="X">.</wf>
      </sentence>
      <sentence id="d000.s761" source="wordnet-bulgarian">
         <wf lemma="Живеем" pos="X">Живеем</wf>
         <wf lemma="в" pos="X">в</wf>
         <wf lemma="мир" pos="X">мир</wf>
         <wf lemma="и" pos="X">и</wf>
         <instance id="d000.s761.t000" lemma="съгласие" pos="NOUN">съгласие</instance>
         <wf lemma="." pos="X">.</wf>
      </sentence>
      <sentence id="d000.s762" source="wordnet-bulgarian">
         <wf lemma="стоя" pos="X">стоя</wf>
         <wf lemma="на" pos="X">на</wf>
         <instance id="d000.s762.t000" lemma="дъжд" pos="NOUN">дъжда</instance>
         <wf lemma="." pos="X">.</wf>
      </sentence>
      <sentence id="d000.s763" source="wordnet-bulgarian">
         <wf lemma="висока" pos="X">висока</wf>
         <instance id="d000.s763.t000" lemma="степен" pos="NOUN">степен</instance>
         <wf lemma="на" pos="X">на</wf>
         <wf lemma="." pos="X">.</wf>
      </sentence>
      <sentence id="d000.s764" source="wordnet-bulgarian">
         <wf lemma="маскараден" pos="X">маскараден</wf>
         <instance id="d000.s764.t000" lemma="костюм" pos="NOUN">костюм</instance>
         <wf lemma="." pos="X">.</wf>
      </sentence>
      <sentence id="d000.s765" source="wordnet-bulgarian">
         <wf lemma="чакам" pos="X">чакам</wf>
         <instance id="d000.s765.t000" lemma="ферибот" pos="NOUN">ферибота</instance>
         <wf lemma="." pos="X">.</wf>
      </sentence>
      <sentence id="d000.s766" source="wordnet-bulgarian">
         <wf lemma="Той" pos="X">Той</wf>
         <instance id="d000.s766.t000" lemma="спестявам" pos="VERB">спестява</instance>
         <wf lemma="половината" pos="X">половината</wf>
         <wf lemma="си" pos="X">си</wf>
         <wf lemma="заплата" pos="X">заплата</wf>
         <wf lemma="." pos="X">.</wf>
      </sentence>
      <sentence id="d000.s767" source="wordnet-bulgarian">
         <wf lemma="Намалих" pos="X">Намалих</wf>
         <wf lemma="скоростта" pos="X">скоростта</wf>
         <wf lemma="на" pos="X">на</wf>
         <wf lemma="колата" pos="X">колата</wf>
         <wf lemma="," pos="X">,</wf>
         <wf lemma="защото" pos="X">защото</wf>
         <wf lemma="има" pos="X">има</wf>
         <wf lemma="много" pos="X">много</wf>
         <instance id="d000.s767.t000" lemma="завой" pos="NOUN">завои</instance>
         <wf lemma="на" pos="X">на</wf>
         <wf lemma="пътя" pos="X">пътя</wf>
         <wf lemma="." pos="X">.</wf>
      </sentence>
      <sentence id="d000.s768" source="wordnet-bulgarian">
         <wf lemma="модерна" pos="X">модерна</wf>
         <instance id="d000.s768.t000" lemma="сграда" pos="NOUN">сграда</instance>
         <wf lemma="." pos="X">.</wf>
      </sentence>
      <sentence id="d000.s769" source="wordnet-bulgarian">
         <wf lemma="окачвам" pos="X">окачвам</wf>
         <instance id="d000.s769.t000" lemma="перде" pos="NOUN">перде</instance>
         <wf lemma="." pos="X">.</wf>
      </sentence>
      <sentence id="d000.s770" source="wordnet-bulgarian">
         <wf lemma="давам" pos="X">давам</wf>
         <instance id="d000.s770.t000" lemma="стая" pos="NOUN">стая</instance>
         <wf lemma="под" pos="X">под</wf>
         <wf lemma="наем" pos="X">наем</wf>
         <wf lemma="." pos="X">.</wf>
      </sentence>
      <sentence id="d000.s771" source="wordnet-bulgarian">
         <wf lemma="организирам" pos="X">организирам</wf>
         <instance id="d000.s771.t000" lemma="конференция" pos="NOUN">конференция</instance>
         <wf lemma="." pos="X">.</wf>
      </sentence>
      <sentence id="d000.s772" source="wordnet-bulgarian">
         <wf lemma="ръкополагам" pos="X">ръкополагам</wf>
         <wf lemma="за" pos="X">за</wf>
         <instance id="d000.s772.t000" lemma="епископ" pos="NOUN">епископ</instance>
         <wf lemma="." pos="X">.</wf>
      </sentence>
      <sentence id="d000.s773" source="wordnet-bulgarian">
         <wf lemma="Правя" pos="X">Правя</wf>
         <wf lemma="каквото" pos="X">каквото</wf>
         <wf lemma="си" pos="X">си</wf>
         <instance id="d000.s773.t000" lemma="искам" pos="VERB">искам</instance>
         <wf lemma="." pos="X">.</wf>
      </sentence>
      <sentence id="d000.s774" source="wordnet-bulgarian">
         <wf lemma="тъпоъгълен" pos="X">тъпоъгълен</wf>
         <instance id="d000.s774.t000" lemma="триъгълник" pos="NOUN">триъгълник</instance>
         <wf lemma="." pos="X">.</wf>
      </sentence>
      <sentence id="d000.s775" source="wordnet-bulgarian">
         <wf lemma="работя" pos="X">работя</wf>
         <wf lemma="с" pos="X">с</wf>
         <instance id="d000.s775.t000" lemma="компютър" pos="NOUN">компютър</instance>
         <wf lemma="." pos="X">.</wf>
      </sentence>
      <sentence id="d000.s776" source="wordnet-bulgarian">
         <wf lemma="Липсва" pos="X">Липсва</wf>
         <wf lemma="вторият" pos="X">вторият</wf>
         <instance id="d000.s776.t000" lemma="том" pos="NOUN">том</instance>
         <wf lemma="от" pos="X">от</wf>
         <wf lemma="съчиненията" pos="X">съчиненията</wf>
         <wf lemma="." pos="X">.</wf>
      </sentence>
      <sentence id="d000.s777" source="wordnet-bulgarian">
         <instance id="d000.s777.t000" lemma="специалист" pos="NOUN">специалист</instance>
         <wf lemma="по." pos="X">по.</wf>
      </sentence>
      <sentence id="d000.s778" source="wordnet-bulgarian">
         <wf lemma="Скъсаха" pos="X">Скъсаха</wf>
         <wf lemma="ме" pos="X">ме</wf>
         <wf lemma="на" pos="X">на</wf>
         <wf lemma="последния" pos="X">последния</wf>
         <instance id="d000.s778.t000" lemma="изпит" pos="NOUN">изпит</instance>
         <wf lemma="." pos="X">.</wf>
      </sentence>
      <sentence id="d000.s779" source="wordnet-bulgarian">
         <instance id="d000.s779.t000" lemma="имам" pos="VERB">имам</instance>
         <wf lemma="усещането" pos="X">усещането</wf>
         <wf lemma="," pos="X">,</wf>
         <wf lemma="че" pos="X">че</wf>
         <wf lemma="." pos="X">.</wf>
      </sentence>
      <sentence id="d000.s780" source="wordnet-bulgarian">
         <wf lemma="Те" pos="X">Те</wf>
         <wf lemma="са" pos="X">са</wf>
         <wf lemma="любимите" pos="X">любимите</wf>
         <wf lemma="ми" pos="X">ми</wf>
         <instance id="d000.s780.t000" lemma="гост" pos="NOUN">гости</instance>
         <wf lemma="." pos="X">.</wf>
      </sentence>
      <sentence id="d000.s781" source="wordnet-bulgarian">
         <wf lemma="Който" pos="X">Който</wf>
         <wf lemma="копае" pos="X">копае</wf>
         <instance id="d000.s781.t000" lemma="гроб" pos="NOUN">гроб</instance>
         <wf lemma="другиму" pos="X">другиму</wf>
         <wf lemma="," pos="X">,</wf>
         <wf lemma="сам" pos="X">сам</wf>
         <wf lemma="пада" pos="X">пада</wf>
         <wf lemma="в" pos="X">в</wf>
         <wf lemma="него" pos="X">него</wf>
         <wf lemma="." pos="X">.</wf>
      </sentence>
      <sentence id="d000.s782" source="wordnet-bulgarian">
         <wf lemma="засъхнала" pos="X">засъхнала</wf>
         <instance id="d000.s782.t000" lemma="кръв" pos="NOUN">кръв</instance>
         <wf lemma="." pos="X">.</wf>
      </sentence>
      <sentence id="d000.s783" source="wordnet-bulgarian">
         <wf lemma="причинявам" pos="X">причинявам</wf>
         <instance id="d000.s783.t000" lemma="вреда" pos="NOUN">вреда</instance>
         <wf lemma="." pos="X">.</wf>
      </sentence>
      <sentence id="d000.s784" source="wordnet-bulgarian">
         <wf lemma="висока" pos="X">висока</wf>
         <instance id="d000.s784.t000" lemma="цена" pos="NOUN">цена</instance>
         <wf lemma="." pos="X">.</wf>
      </sentence>
      <sentence id="d000.s785" source="wordnet-bulgarian">
         <wf lemma="Филма" pos="X">Филма</wf>
         <wf lemma="ще" pos="X">ще</wf>
         <wf lemma="го" pos="X">го</wf>
         <wf lemma="дават" pos="X">дават</wf>
         <wf lemma="по" pos="X">по</wf>
         <wf lemma="втори" pos="X">втори</wf>
         <instance id="d000.s785.t000" lemma="канал" pos="NOUN">канал</instance>
         <wf lemma="." pos="X">.</wf>
      </sentence>
      <sentence id="d000.s786" source="wordnet-bulgarian">
         <wf lemma="двойна" pos="X">двойна</wf>
         <instance id="d000.s786.t000" lemma="стая" pos="NOUN">стая</instance>
         <wf lemma="." pos="X">.</wf>
      </sentence>
      <sentence id="d000.s787" source="wordnet-bulgarian">
         <wf lemma="тънки" pos="X">тънки</wf>
         <instance id="d000.s787.t000" lemma="вежда" pos="NOUN">вежди</instance>
         <wf lemma="." pos="X">.</wf>
      </sentence>
      <sentence id="d000.s788" source="wordnet-bulgarian">
         <wf lemma="Днес" pos="X">Днес</wf>
         <wf lemma="ще" pos="X">ще</wf>
         <wf lemma="проведеме" pos="X">проведеме</wf>
         <instance id="d000.s788.t000" lemma="събрание" pos="NOUN">събранието</instance>
         <wf lemma="." pos="X">.</wf>
      </sentence>
      <sentence id="d000.s789" source="wordnet-bulgarian">
         <instance id="d000.s789.t000" lemma="образец" pos="NOUN">образец</instance>
         <wf lemma="за" pos="X">за</wf>
         <wf lemma="красота" pos="X">красота</wf>
         <wf lemma="." pos="X">.</wf>
      </sentence>
      <sentence id="d000.s790" source="wordnet-bulgarian">
         <instance id="d000.s790.t000" lemma="игра" pos="NOUN">игра</instance>
         <wf lemma="на" pos="X">на</wf>
         <wf lemma="карти" pos="X">карти</wf>
         <wf lemma="." pos="X">.</wf>
      </sentence>
      <sentence id="d000.s791" source="wordnet-bulgarian">
         <wf lemma="човек" pos="X">човек</wf>
         <wf lemma="с" pos="X">с</wf>
         <wf lemma="желязна" pos="X">желязна</wf>
         <instance id="d000.s791.t000" lemma="воля" pos="NOUN">воля</instance>
         <wf lemma="." pos="X">.</wf>
      </sentence>
      <sentence id="d000.s792" source="wordnet-bulgarian">
         <wf lemma="имам" pos="X">имам</wf>
         <instance id="d000.s792.t000" lemma="доверие" pos="NOUN">доверие</instance>
         <wf lemma="в." pos="X">в.</wf>
      </sentence>
      <sentence id="d000.s793" source="wordnet-bulgarian">
         <wf lemma="Спускаме" pos="X">Спускаме</wf>
         <wf lemma="се" pos="X">се</wf>
         <wf lemma="по" pos="X">по</wf>
         <instance id="d000.s793.t000" lemma="наклон" pos="NOUN">наклона</instance>
         <wf lemma="." pos="X">.</wf>
      </sentence>
      <sentence id="d000.s794" source="wordnet-bulgarian">
         <wf lemma="известен" pos="X">известен</wf>
         <instance id="d000.s794.t000" lemma="бизнесмен" pos="NOUN">бизнесмен</instance>
         <wf lemma="." pos="X">.</wf>
      </sentence>
      <sentence id="d000.s795" source="wordnet-bulgarian">
         <instance id="d000.s795.t000" lemma="измивам" pos="VERB">измивам</instance>
         <wf lemma="ръцете" pos="X">ръцете</wf>
         <wf lemma="си" pos="X">си</wf>
         <wf lemma="." pos="X">.</wf>
      </sentence>
      <sentence id="d000.s796" source="wordnet-bulgarian">
         <wf lemma="Срещата" pos="X">Срещата</wf>
         <wf lemma="ме" pos="X">ме</wf>
         <instance id="d000.s796.t000" lemma="устройвам" pos="VERB">устройва</instance>
         <wf lemma="." pos="X">.</wf>
      </sentence>
      <sentence id="d000.s797" source="wordnet-bulgarian">
         <wf lemma="за" pos="X">за</wf>
         <wf lemma="тази" pos="X">тази</wf>
         <instance id="d000.s797.t000" lemma="цел" pos="NOUN">цел</instance>
         <wf lemma="." pos="X">.</wf>
      </sentence>
      <sentence id="d000.s798" source="wordnet-bulgarian">
         <wf lemma="според" pos="X">според</wf>
         <instance id="d000.s798.t000" lemma="наредба" pos="NOUN">наредбата</instance>
         <wf lemma="." pos="X">.</wf>
      </sentence>
      <sentence id="d000.s799" source="wordnet-bulgarian">
         <wf lemma="в" pos="X">в</wf>
         <instance id="d000.s799.t000" lemma="баня" pos="NOUN">банята</instance>
         <wf lemma="съм" pos="X">съм</wf>
         <wf lemma="." pos="X">.</wf>
      </sentence>
      <sentence id="d000.s800" source="wordnet-bulgarian">
         <wf lemma="красиви" pos="X">красиви</wf>
         <instance id="d000.s800.t000" lemma="око" pos="NOUN">очи</instance>
         <wf lemma="." pos="X">.</wf>
      </sentence>
      <sentence id="d000.s801" source="wordnet-bulgarian">
         <wf lemma="на" pos="X">на</wf>
         <instance id="d000.s801.t000" lemma="път" pos="NOUN">пътя</instance>
         <wf lemma="." pos="X">.</wf>
      </sentence>
      <sentence id="d000.s802" source="wordnet-bulgarian">
         <wf lemma="право" pos="X">право</wf>
         <instance id="d000.s802.t000" lemma="черво" pos="NOUN">черво</instance>
         <wf lemma="." pos="X">.</wf>
      </sentence>
      <sentence id="d000.s803" source="wordnet-bulgarian">
         <wf lemma="денонощен" pos="X">денонощен</wf>
         <instance id="d000.s803.t000" lemma="магазин" pos="NOUN">магазин</instance>
         <wf lemma="." pos="X">.</wf>
      </sentence>
      <sentence id="d000.s804" source="wordnet-bulgarian">
         <instance id="d000.s804.t000" lemma="стол" pos="NOUN">стол</instance>
         <wf lemma="за" pos="X">за</wf>
         <wf lemma="трапезария" pos="X">трапезария</wf>
         <wf lemma="." pos="X">.</wf>
      </sentence>
      <sentence id="d000.s805" source="wordnet-bulgarian">
         <wf lemma="имам" pos="X">имам</wf>
         <instance id="d000.s805.t000" lemma="влияние" pos="NOUN">влияние</instance>
         <wf lemma="над" pos="X">над</wf>
         <wf lemma="." pos="X">.</wf>
      </sentence>
      <sentence id="d000.s806" source="wordnet-bulgarian">
         <wf lemma="обвинения" pos="X">обвинения</wf>
         <wf lemma="в" pos="X">в</wf>
         <instance id="d000.s806.t000" lemma="расизъм" pos="NOUN">расизъм</instance>
         <wf lemma="." pos="X">.</wf>
      </sentence>
      <sentence id="d000.s807" source="wordnet-bulgarian">
         <wf lemma="На" pos="X">На</wf>
         <wf lemma="небето" pos="X">небето</wf>
         <wf lemma="греят" pos="X">греят</wf>
         <instance id="d000.s807.t000" lemma="звезда" pos="NOUN">звезди</instance>
         <wf lemma="." pos="X">.</wf>
      </sentence>
      <sentence id="d000.s808" source="wordnet-bulgarian">
         <wf lemma="феноменална" pos="X">феноменална</wf>
         <instance id="d000.s808.t000" lemma="памет" pos="NOUN">памет</instance>
         <wf lemma="." pos="X">.</wf>
      </sentence>
      <sentence id="d000.s809" source="wordnet-bulgarian">
         <wf lemma="счупен" pos="X">счупен</wf>
         <instance id="d000.s809.t000" lemma="мотор" pos="NOUN">мотор</instance>
         <wf lemma="." pos="X">.</wf>
      </sentence>
      <sentence id="d000.s810" source="wordnet-bulgarian">
         <instance id="d000.s810.t000" lemma="вярвам" pos="VERB">Вярвам</instance>
         <wf lemma="," pos="X">,</wf>
         <wf lemma="че" pos="X">че</wf>
         <wf lemma="той" pos="X">той</wf>
         <wf lemma="е" pos="X">е</wf>
         <wf lemma="много" pos="X">много</wf>
         <wf lemma="практичен" pos="X">практичен</wf>
         <wf lemma="и" pos="X">и</wf>
         <wf lemma="ще" pos="X">ще</wf>
         <wf lemma="успее" pos="X">успее</wf>
         <wf lemma="." pos="X">.</wf>
      </sentence>
      <sentence id="d000.s811" source="wordnet-bulgarian">
         <instance id="d000.s811.t000" lemma="комбинация" pos="NOUN">комбинация</instance>
         <wf lemma="от" pos="X">от</wf>
         <wf lemma="цветове" pos="X">цветове</wf>
         <wf lemma="." pos="X">.</wf>
      </sentence>
      <sentence id="d000.s812" source="wordnet-bulgarian">
         <wf lemma="под" pos="X">под</wf>
         <instance id="d000.s812.t000" lemma="ниво" pos="NOUN">нивото</instance>
         <wf lemma="." pos="X">.</wf>
      </sentence>
      <sentence id="d000.s813" source="wordnet-bulgarian">
         <instance id="d000.s813.t000" lemma="стока" pos="NOUN">Стоката</instance>
         <wf lemma="е" pos="X">е</wf>
         <wf lemma="изработена" pos="X">изработена</wf>
         <wf lemma="от" pos="X">от</wf>
         <wf lemma="некачествени" pos="X">некачествени</wf>
         <wf lemma="материали" pos="X">материали</wf>
         <wf lemma="." pos="X">.</wf>
      </sentence>
      <sentence id="d000.s814" source="wordnet-bulgarian">
         <wf lemma="поставям" pos="X">поставям</wf>
         <instance id="d000.s814.t000" lemma="дата" pos="NOUN">дата</instance>
         <wf lemma="на" pos="X">на</wf>
         <wf lemma="." pos="X">.</wf>
      </sentence>
      <sentence id="d000.s815" source="wordnet-bulgarian">
         <wf lemma="депутат" pos="X">депутат</wf>
         <wf lemma="от" pos="X">от</wf>
         <instance id="d000.s815.t000" lemma="опозиция" pos="NOUN">опозицията</instance>
         <wf lemma="." pos="X">.</wf>
      </sentence>
      <sentence id="d000.s816" source="wordnet-bulgarian">
         <instance id="d000.s816.t000" lemma="квартал" pos="NOUN">квартал</instance>
         <wf lemma="&quot;" pos="X">&quot;</wf>
         <wf lemma="Павлово" pos="X">Павлово</wf>
         <wf lemma="&quot;" pos="X">&quot;</wf>
         <wf lemma="." pos="X">.</wf>
      </sentence>
      <sentence id="d000.s817" source="wordnet-bulgarian">
         <wf lemma="искам" pos="X">искам</wf>
         <wf lemma="за" pos="X">за</wf>
         <instance id="d000.s817.t000" lemma="заложник" pos="NOUN">заложник</instance>
         <wf lemma="." pos="X">.</wf>
      </sentence>
      <sentence id="d000.s818" source="wordnet-bulgarian">
         <wf lemma="стрелям" pos="X">стрелям</wf>
         <wf lemma="с" pos="X">с</wf>
         <instance id="d000.s818.t000" lemma="пушка" pos="NOUN">пушка</instance>
         <wf lemma="." pos="X">.</wf>
      </sentence>
      <sentence id="d000.s819" source="wordnet-bulgarian">
         <wf lemma="преди" pos="X">преди</wf>
         <instance id="d000.s819.t000" lemma="закуска" pos="NOUN">закуска</instance>
         <wf lemma="." pos="X">.</wf>
      </sentence>
      <sentence id="d000.s820" source="wordnet-bulgarian">
         <wf lemma="отключен" pos="X">отключен</wf>
         <instance id="d000.s820.t000" lemma="катинар" pos="NOUN">катинар</instance>
         <wf lemma="." pos="X">.</wf>
      </sentence>
      <sentence id="d000.s821" source="wordnet-bulgarian">
         <wf lemma="проявявам" pos="X">проявявам</wf>
         <wf lemma="се" pos="X">се</wf>
         <wf lemma="като" pos="X">като</wf>
         <instance id="d000.s821.t000" lemma="мъж" pos="NOUN">мъж</instance>
         <wf lemma="." pos="X">.</wf>
      </sentence>
      <sentence id="d000.s822" source="wordnet-bulgarian">
         <instance id="d000.s822.t000" lemma="завой" pos="NOUN">завой</instance>
         <wf lemma="на" pos="X">на</wf>
         <wf lemma="пътя" pos="X">пътя</wf>
         <wf lemma="." pos="X">.</wf>
      </sentence>
      <sentence id="d000.s823" source="wordnet-bulgarian">
         <wf lemma="Не" pos="X">Не</wf>
         <wf lemma="смея" pos="X">смея</wf>
         <wf lemma="да" pos="X">да</wf>
         <instance id="d000.s823.t000" lemma="рискувам" pos="VERB">рискувам</instance>
         <wf lemma="." pos="X">.</wf>
      </sentence>
      <sentence id="d000.s824" source="wordnet-bulgarian">
         <instance id="d000.s824.t000" lemma="култура" pos="NOUN">култура</instance>
         <wf lemma="на" pos="X">на</wf>
         <wf lemma="клетки" pos="X">клетки</wf>
         <wf lemma="." pos="X">.</wf>
      </sentence>
      <sentence id="d000.s825" source="wordnet-bulgarian">
         <wf lemma="стабилна" pos="X">стабилна</wf>
         <instance id="d000.s825.t000" lemma="икономика" pos="NOUN">икономика</instance>
         <wf lemma="." pos="X">.</wf>
      </sentence>
      <sentence id="d000.s826" source="wordnet-bulgarian">
         <wf lemma="показвам" pos="X">показвам</wf>
         <wf lemma="добри" pos="X">добри</wf>
         <instance id="d000.s826.t000" lemma="знание" pos="NOUN">знания</instance>
         <wf lemma="." pos="X">.</wf>
      </sentence>
      <sentence id="d000.s827" source="wordnet-bulgarian">
         <wf lemma="Как" pos="X">Как</wf>
         <wf lemma="сте" pos="X">сте</wf>
         <wf lemma="със" pos="X">със</wf>
         <instance id="d000.s827.t000" lemma="здраве" pos="NOUN">здравето</instance>
         <wf lemma="?" pos="X">?</wf>
      </sentence>
      <sentence id="d000.s828" source="wordnet-bulgarian">
         <wf lemma="нямам" pos="X">нямам</wf>
         <wf lemma="за" pos="X">за</wf>
         <instance id="d000.s828.t000" lemma="цел" pos="NOUN">цел</instance>
         <wf lemma="да" pos="X">да</wf>
         <wf lemma="." pos="X">.</wf>
      </sentence>
      <sentence id="d000.s829" source="wordnet-bulgarian">
         <wf lemma="Кораб" pos="X">Кораб</wf>
         <wf lemma="със" pos="X">със</wf>
         <wf lemma="свити" pos="X">свити</wf>
         <instance id="d000.s829.t000" lemma="платно" pos="NOUN">платна</instance>
         <wf lemma="." pos="X">.</wf>
      </sentence>
      <sentence id="d000.s830" source="wordnet-bulgarian">
         <instance id="d000.s830.t000" lemma="мутация" pos="NOUN">мутация</instance>
         <wf lemma="на" pos="X">на</wf>
         <wf lemma="гласа" pos="X">гласа</wf>
         <wf lemma="." pos="X">.</wf>
      </sentence>
      <sentence id="d000.s831" source="wordnet-bulgarian">
         <wf lemma="зелен" pos="X">зелен</wf>
         <instance id="d000.s831.t000" lemma="плод" pos="NOUN">плод</instance>
         <wf lemma="." pos="X">.</wf>
      </sentence>
      <sentence id="d000.s832" source="wordnet-bulgarian">
         <wf lemma="висока" pos="X">висока</wf>
         <instance id="d000.s832.t000" lemma="бележка" pos="NOUN">бележка</instance>
         <wf lemma="." pos="X">.</wf>
      </sentence>
      <sentence id="d000.s833" source="wordnet-bulgarian">
         <wf lemma="На" pos="X">На</wf>
         <wf lemma="тази" pos="X">тази</wf>
         <instance id="d000.s833.t000" lemma="снимка" pos="NOUN">снимка</instance>
         <wf lemma="е" pos="X">е</wf>
         <wf lemma="цялото" pos="X">цялото</wf>
         <wf lemma="ни" pos="X">ни</wf>
         <wf lemma="семейство" pos="X">семейство</wf>
         <wf lemma="." pos="X">.</wf>
      </sentence>
      <sentence id="d000.s834" source="wordnet-bulgarian">
         <wf lemma="овче" pos="X">овче</wf>
         <instance id="d000.s834.t000" lemma="мляко" pos="NOUN">мляко</instance>
         <wf lemma="." pos="X">.</wf>
      </sentence>
      <sentence id="d000.s835" source="wordnet-bulgarian">
         <wf lemma="На" pos="X">На</wf>
         <wf lemma="знам" pos="X">знам</wf>
         <wf lemma="къде" pos="X">къде</wf>
         <wf lemma="съм" pos="X">съм</wf>
         <wf lemma="си" pos="X">си</wf>
         <instance id="d000.s835.t000" lemma="забутам" pos="VERB">забутала</instance>
         <wf lemma="очилата" pos="X">очилата</wf>
         <wf lemma="." pos="X">.</wf>
      </sentence>
      <sentence id="d000.s836" source="wordnet-bulgarian">
         <wf lemma="пазарувам" pos="X">пазарувам</wf>
         <wf lemma="в" pos="X">в</wf>
         <instance id="d000.s836.t000" lemma="магазин" pos="NOUN">магазина</instance>
         <wf lemma="." pos="X">.</wf>
      </sentence>
      <sentence id="d000.s837" source="wordnet-bulgarian">
         <instance id="d000.s837.t000" lemma="завършек" pos="NOUN">завършек</instance>
         <wf lemma="на" pos="X">на</wf>
         <wf lemma="." pos="X">.</wf>
      </sentence>
      <sentence id="d000.s838" source="wordnet-bulgarian">
         <instance id="d000.s838.t000" lemma="отхвърлям" pos="VERB">Отхвърлям</instance>
         <wf lemma="тази" pos="X">тази</wf>
         <wf lemma="възможност" pos="X">възможност</wf>
         <wf lemma="." pos="X">.</wf>
      </sentence>
      <sentence id="d000.s839" source="wordnet-bulgarian">
         <wf lemma="Тя" pos="X">Тя</wf>
         <wf lemma="е" pos="X">е</wf>
         <instance id="d000.s839.t000" lemma="доктор" pos="NOUN">доктор</instance>
         <wf lemma="по" pos="X">по</wf>
         <wf lemma="философия" pos="X">философия</wf>
         <wf lemma="." pos="X">.</wf>
      </sentence>
      <sentence id="d000.s840" source="wordnet-bulgarian">
         <wf lemma="поправителен" pos="X">поправителен</wf>
         <instance id="d000.s840.t000" lemma="изпит" pos="NOUN">изпит</instance>
         <wf lemma="." pos="X">.</wf>
      </sentence>
      <sentence id="d000.s841" source="wordnet-bulgarian">
         <wf lemma="паса" pos="X">паса</wf>
         <instance id="d000.s841.t000" lemma="добитък" pos="NOUN">добитък</instance>
         <wf lemma="." pos="X">.</wf>
      </sentence>
      <sentence id="d000.s842" source="wordnet-bulgarian">
         <wf lemma="временно" pos="X">временно</wf>
         <instance id="d000.s842.t000" lemma="местожителство" pos="NOUN">местожителство</instance>
         <wf lemma="." pos="X">.</wf>
      </sentence>
      <sentence id="d000.s843" source="wordnet-bulgarian">
         <wf lemma="впечатляваща" pos="X">впечатляваща</wf>
         <instance id="d000.s843.t000" lemma="статуя" pos="NOUN">статуя</instance>
         <wf lemma="." pos="X">.</wf>
      </sentence>
      <sentence id="d000.s844" source="wordnet-bulgarian">
         <wf lemma="външна" pos="X">външна</wf>
         <instance id="d000.s844.t000" lemma="врата" pos="NOUN">врата</instance>
         <wf lemma="." pos="X">.</wf>
      </sentence>
      <sentence id="d000.s845" source="wordnet-bulgarian">
         <instance id="d000.s845.t000" lemma="инструмент" pos="NOUN">инструмент</instance>
         <wf lemma="на" pos="X">на</wf>
         <wf lemma="престъплението" pos="X">престъплението</wf>
         <wf lemma="." pos="X">.</wf>
      </sentence>
      <sentence id="d000.s846" source="wordnet-bulgarian">
         <wf lemma="класна" pos="X">класна</wf>
         <instance id="d000.s846.t000" lemma="стая" pos="NOUN">стая</instance>
         <wf lemma="." pos="X">.</wf>
      </sentence>
      <sentence id="d000.s847" source="wordnet-bulgarian">
         <wf lemma="слаб" pos="X">слаб</wf>
         <instance id="d000.s847.t000" lemma="характер" pos="NOUN">характер</instance>
         <wf lemma="." pos="X">.</wf>
      </sentence>
      <sentence id="d000.s848" source="wordnet-bulgarian">
         <instance id="d000.s848.t000" lemma="гадже" pos="NOUN">Гаджето</instance>
         <wf lemma="ми" pos="X">ми</wf>
         <wf lemma="е" pos="X">е</wf>
         <wf lemma="много" pos="X">много</wf>
         <wf lemma="хубаво" pos="X">хубаво</wf>
         <wf lemma="." pos="X">.</wf>
      </sentence>
      <sentence id="d000.s849" source="wordnet-bulgarian">
         <wf lemma="В" pos="X">В</wf>
         <wf lemma="стаята" pos="X">стаята</wf>
         <wf lemma="имаше" pos="X">имаше</wf>
         <instance id="d000.s849.t000" lemma="аквариум" pos="NOUN">аквариум</instance>
         <wf lemma="със" pos="X">със</wf>
         <wf lemma="златни" pos="X">златни</wf>
         <wf lemma="рибки" pos="X">рибки</wf>
         <wf lemma="." pos="X">.</wf>
      </sentence>
      <sentence id="d000.s850" source="wordnet-bulgarian">
         <wf lemma="Застанахме" pos="X">Застанахме</wf>
         <wf lemma="в" pos="X">в</wf>
         <instance id="d000.s850.t000" lemma="прикритие" pos="NOUN">прикритието</instance>
         <wf lemma="." pos="X">.</wf>
      </sentence>
      <sentence id="d000.s851" source="wordnet-bulgarian">
         <wf lemma="далечен" pos="X">далечен</wf>
         <instance id="d000.s851.t000" lemma="роднина" pos="NOUN">роднина</instance>
         <wf lemma="." pos="X">.</wf>
      </sentence>
      <sentence id="d000.s852" source="wordnet-bulgarian">
         <instance id="d000.s852.t000" lemma="опаковам" pos="VERB">опаковам</instance>
         <wf lemma="колет" pos="X">колет</wf>
         <wf lemma="." pos="X">.</wf>
      </sentence>
      <sentence id="d000.s853" source="wordnet-bulgarian">
         <wf lemma="музикална" pos="X">музикална</wf>
         <instance id="d000.s853.t000" lemma="продукция" pos="NOUN">продукция</instance>
         <wf lemma="." pos="X">.</wf>
      </sentence>
      <sentence id="d000.s854" source="wordnet-bulgarian">
         <instance id="d000.s854.t000" lemma="състезание" pos="NOUN">състезание</instance>
         <wf lemma="между" pos="X">между</wf>
         <wf lemma="." pos="X">.</wf>
      </sentence>
      <sentence id="d000.s855" source="wordnet-bulgarian">
         <instance id="d000.s855.t000" lemma="кърпа" pos="NOUN">кърпа</instance>
         <wf lemma="за" pos="X">за</wf>
         <wf lemma="лице" pos="X">лице</wf>
         <wf lemma="." pos="X">.</wf>
      </sentence>
      <sentence id="d000.s856" source="wordnet-bulgarian">
         <wf lemma="отровен" pos="X">отровен</wf>
         <instance id="d000.s856.t000" lemma="газ" pos="NOUN">газ</instance>
         <wf lemma="." pos="X">.</wf>
      </sentence>
      <sentence id="d000.s857" source="wordnet-bulgarian">
         <wf lemma="търся" pos="X">търся</wf>
         <instance id="d000.s857.t000" lemma="плячка" pos="NOUN">плячка</instance>
         <wf lemma="." pos="X">.</wf>
      </sentence>
      <sentence id="d000.s858" source="wordnet-bulgarian">
         <wf lemma="избирам" pos="X">избирам</wf>
         <wf lemma="за" pos="X">за</wf>
         <instance id="d000.s858.t000" lemma="кмет" pos="NOUN">кмет</instance>
         <wf lemma="." pos="X">.</wf>
      </sentence>
      <sentence id="d000.s859" source="wordnet-bulgarian">
         <instance id="d000.s859.t000" lemma="култивирам" pos="VERB">култивирам</instance>
         <wf lemma="домати" pos="X">домати</wf>
         <wf lemma="." pos="X">.</wf>
      </sentence>
      <sentence id="d000.s860" source="wordnet-bulgarian">
         <wf lemma="пощенска" pos="X">пощенска</wf>
         <instance id="d000.s860.t000" lemma="марка" pos="NOUN">марка</instance>
         <wf lemma="." pos="X">.</wf>
      </sentence>
      <sentence id="d000.s861" source="wordnet-bulgarian">
         <instance id="d000.s861.t000" lemma="любител" pos="NOUN">любител</instance>
         <wf lemma="на" pos="X">на</wf>
         <wf lemma="екстремни" pos="X">екстремни</wf>
         <wf lemma="преживявания" pos="X">преживявания</wf>
         <wf lemma="." pos="X">.</wf>
      </sentence>
      <sentence id="d000.s862" source="wordnet-bulgarian">
         <wf lemma="Проява" pos="X">Проява</wf>
         <wf lemma="с" pos="X">с</wf>
         <wf lemma="голяма" pos="X">голяма</wf>
         <wf lemma="обществена" pos="X">обществена</wf>
         <instance id="d000.s862.t000" lemma="стойност" pos="NOUN">стойност</instance>
         <wf lemma="." pos="X">.</wf>
      </sentence>
      <sentence id="d000.s863" source="wordnet-bulgarian">
         <instance id="d000.s863.t000" lemma="удар" pos="NOUN">Ударът</instance>
         <wf lemma="попадна" pos="X">попадна</wf>
         <wf lemma="право" pos="X">право</wf>
         <wf lemma="в" pos="X">в</wf>
         <wf lemma="целта" pos="X">целта</wf>
         <wf lemma="." pos="X">.</wf>
      </sentence>
      <sentence id="d000.s864" source="wordnet-bulgarian">
         <wf lemma="Свали" pos="X">Свали</wf>
         <wf lemma="си" pos="X">си</wf>
         <wf lemma="шапката" pos="X">шапката</wf>
         <wf lemma="за" pos="X">за</wf>
         <instance id="d000.s864.t000" lemma="поздрав" pos="NOUN">поздрав</instance>
         <wf lemma="." pos="X">.</wf>
      </sentence>
      <sentence id="d000.s865" source="wordnet-bulgarian">
         <wf lemma="викам" pos="X">викам</wf>
         <instance id="d000.s865.t000" lemma="дух" pos="NOUN">духове</instance>
         <wf lemma="." pos="X">.</wf>
      </sentence>
      <sentence id="d000.s866" source="wordnet-bulgarian">
         <instance id="d000.s866.t000" lemma="липсвам" pos="VERB">липсва</instance>
         <wf lemma="ми" pos="X">ми</wf>
         <wf lemma="спокойствие" pos="X">спокойствие</wf>
         <wf lemma="." pos="X">.</wf>
      </sentence>
      <sentence id="d000.s867" source="wordnet-bulgarian">
         <wf lemma="оперна" pos="X">оперна</wf>
         <instance id="d000.s867.t000" lemma="звезда" pos="NOUN">звезда</instance>
         <wf lemma="." pos="X">.</wf>
      </sentence>
      <sentence id="d000.s868" source="wordnet-bulgarian">
         <wf lemma="Няма" pos="X">Няма</wf>
         <wf lemma="да" pos="X">да</wf>
         <instance id="d000.s868.t000" lemma="отлагам" pos="VERB">отлагам</instance>
         <wf lemma="." pos="X">.</wf>
      </sentence>
      <sentence id="d000.s869" source="wordnet-bulgarian">
         <wf lemma="художественото" pos="X">художественото</wf>
         <instance id="d000.s869.t000" lemma="дело" pos="NOUN">дело</instance>
         <wf lemma="на" pos="X">на</wf>
         <wf lemma="." pos="X">.</wf>
      </sentence>
      <sentence id="d000.s870" source="wordnet-bulgarian">
         <instance id="d000.s870.t000" lemma="обжалвам" pos="VERB">Обжалвам</instance>
         <wf lemma="присъда" pos="X">присъда</wf>
         <wf lemma="." pos="X">.</wf>
      </sentence>
      <sentence id="d000.s871" source="wordnet-bulgarian">
         <instance id="d000.s871.t000" lemma="постъпвам" pos="VERB">Постъпвам</instance>
         <wf lemma="в" pos="X">в</wf>
         <wf lemma="университета" pos="X">университета</wf>
         <wf lemma="." pos="X">.</wf>
      </sentence>
      <sentence id="d000.s872" source="wordnet-bulgarian">
         <wf lemma="международна" pos="X">международна</wf>
         <instance id="d000.s872.t000" lemma="обстановка" pos="NOUN">обстановка</instance>
         <wf lemma="." pos="X">.</wf>
      </sentence>
      <sentence id="d000.s873" source="wordnet-bulgarian">
         <wf lemma="тържествена" pos="X">тържествена</wf>
         <instance id="d000.s873.t000" lemma="декларация" pos="NOUN">декларация</instance>
         <wf lemma="." pos="X">.</wf>
      </sentence>
      <sentence id="d000.s874" source="wordnet-bulgarian">
         <wf lemma="нова" pos="X">нова</wf>
         <instance id="d000.s874.t000" lemma="сграда" pos="NOUN">сграда</instance>
         <wf lemma="." pos="X">.</wf>
      </sentence>
      <sentence id="d000.s875" source="wordnet-bulgarian">
         <wf lemma="лош" pos="X">лош</wf>
         <instance id="d000.s875.t000" lemma="сън" pos="NOUN">сън</instance>
         <wf lemma="." pos="X">.</wf>
      </sentence>
      <sentence id="d000.s876" source="wordnet-bulgarian">
         <instance id="d000.s876.t000" lemma="допълнение" pos="NOUN">допълнение</instance>
         <wf lemma="към" pos="X">към</wf>
         <wf lemma="дреха" pos="X">дреха</wf>
         <wf lemma="." pos="X">.</wf>
      </sentence>
      <sentence id="d000.s877" source="wordnet-bulgarian">
         <wf lemma="започна" pos="X">започна</wf>
         <wf lemma="лют" pos="X">лют</wf>
         <instance id="d000.s877.t000" lemma="бой" pos="NOUN">бой</instance>
         <wf lemma="." pos="X">.</wf>
      </sentence>
      <sentence id="d000.s878" source="wordnet-bulgarian">
         <wf lemma="висока" pos="X">висока</wf>
         <instance id="d000.s878.t000" lemma="ограда" pos="NOUN">ограда</instance>
         <wf lemma="." pos="X">.</wf>
      </sentence>
      <sentence id="d000.s879" source="wordnet-bulgarian">
         <wf lemma="отличителна" pos="X">отличителна</wf>
         <instance id="d000.s879.t000" lemma="външност" pos="NOUN">външност</instance>
         <wf lemma="." pos="X">.</wf>
      </sentence>
      <sentence id="d000.s880" source="wordnet-bulgarian">
         <wf lemma="законодателна" pos="X">законодателна</wf>
         <instance id="d000.s880.t000" lemma="реформа" pos="NOUN">реформа</instance>
         <wf lemma="." pos="X">.</wf>
      </sentence>
      <sentence id="d000.s881" source="wordnet-bulgarian">
         <wf lemma="Ще" pos="X">Ще</wf>
         <wf lemma="се" pos="X">се</wf>
         <wf lemma="лекувам" pos="X">лекувам</wf>
         <wf lemma="в" pos="X">в</wf>
         <instance id="d000.s881.t000" lemma="болница" pos="NOUN">болница</instance>
         <wf lemma="." pos="X">.</wf>
      </sentence>
      <sentence id="d000.s882" source="wordnet-bulgarian">
         <instance id="d000.s882.t000" lemma="връх" pos="NOUN">връх</instance>
         <wf lemma="на" pos="X">на</wf>
         <wf lemma="кула" pos="X">кула</wf>
         <wf lemma="." pos="X">.</wf>
      </sentence>
      <sentence id="d000.s883" source="wordnet-bulgarian">
         <wf lemma="йенска" pos="X">йенска</wf>
         <instance id="d000.s883.t000" lemma="тенджера" pos="NOUN">тенджера</instance>
         <wf lemma="." pos="X">.</wf>
      </sentence>
      <sentence id="d000.s884" source="wordnet-bulgarian">
         <wf lemma="нося" pos="X">нося</wf>
         <instance id="d000.s884.t000" lemma="име" pos="NOUN">името</instance>
         <wf lemma="на" pos="X">на</wf>
         <wf lemma="." pos="X">.</wf>
      </sentence>
      <sentence id="d000.s885" source="wordnet-bulgarian">
         <wf lemma="примерно" pos="X">примерно</wf>
         <instance id="d000.s885.t000" lemma="поведение" pos="NOUN">поведение</instance>
         <wf lemma="." pos="X">.</wf>
      </sentence>
      <sentence id="d000.s886" source="wordnet-bulgarian">
         <wf lemma="По" pos="X">По</wf>
         <wf lemma="каква" pos="X">каква</wf>
         <instance id="d000.s886.t000" lemma="случайност" pos="NOUN">случайност</instance>
         <wf lemma="си" pos="X">си</wf>
         <wf lemma="бил" pos="X">бил</wf>
         <wf lemma="там" pos="X">там</wf>
         <wf lemma="?" pos="X">?</wf>
      </sentence>
      <sentence id="d000.s887" source="wordnet-bulgarian">
         <wf lemma="неочаквано" pos="X">неочаквано</wf>
         <instance id="d000.s887.t000" lemma="нападение" pos="NOUN">нападение</instance>
         <wf lemma="." pos="X">.</wf>
      </sentence>
      <sentence id="d000.s888" source="wordnet-bulgarian">
         <wf lemma="слагам" pos="X">слагам</wf>
         <instance id="d000.s888.t000" lemma="превръзка" pos="NOUN">превръзка</instance>
         <wf lemma="." pos="X">.</wf>
      </sentence>
      <sentence id="d000.s889" source="wordnet-bulgarian">
         <wf lemma="към" pos="X">към</wf>
         <instance id="d000.s889.t000" lemma="област" pos="NOUN">областта</instance>
         <wf lemma="на" pos="X">на</wf>
         <wf lemma="." pos="X">.</wf>
      </sentence>
      <sentence id="d000.s890" source="wordnet-bulgarian">
         <wf lemma="нежна" pos="X">нежна</wf>
         <instance id="d000.s890.t000" lemma="грижа" pos="NOUN">грижа</instance>
         <wf lemma="." pos="X">.</wf>
      </sentence>
      <sentence id="d000.s891" source="wordnet-bulgarian">
         <wf lemma="обръщам" pos="X">обръщам</wf>
         <wf lemma="се" pos="X">се</wf>
         <wf lemma="за" pos="X">за</wf>
         <instance id="d000.s891.t000" lemma="съвет" pos="NOUN">съвет</instance>
         <wf lemma="." pos="X">.</wf>
      </sentence>
      <sentence id="d000.s892" source="wordnet-bulgarian">
         <wf lemma="вземам" pos="X">вземам</wf>
         <wf lemma="си" pos="X">си</wf>
         <instance id="d000.s892.t000" lemma="грях" pos="NOUN">грях</instance>
         <wf lemma="на" pos="X">на</wf>
         <wf lemma="душата" pos="X">душата</wf>
         <wf lemma="." pos="X">.</wf>
      </sentence>
      <sentence id="d000.s893" source="wordnet-bulgarian">
         <wf lemma="използвам" pos="X">използвам</wf>
         <instance id="d000.s893.t000" lemma="връзка" pos="NOUN">връзките</instance>
         <wf lemma="си" pos="X">си</wf>
         <wf lemma="." pos="X">.</wf>
      </sentence>
      <sentence id="d000.s894" source="wordnet-bulgarian">
         <wf lemma="Тук" pos="X">Тук</wf>
         <wf lemma="е" pos="X">е</wf>
         <wf lemma="нашият" pos="X">нашият</wf>
         <instance id="d000.s894.t000" lemma="дом" pos="NOUN">дом</instance>
         <wf lemma="." pos="X">.</wf>
      </sentence>
      <sentence id="d000.s895" source="wordnet-bulgarian">
         <wf lemma="чертая" pos="X">чертая</wf>
         <instance id="d000.s895.t000" lemma="таблица" pos="NOUN">таблица</instance>
         <wf lemma="." pos="X">.</wf>
      </sentence>
      <sentence id="d000.s896" source="wordnet-bulgarian">
         <instance id="d000.s896.t000" lemma="предлагам" pos="VERB">Предлагат</instance>
         <wf lemma="ми" pos="X">ми</wf>
         <wf lemma="голямо" pos="X">голямо</wf>
         <wf lemma="възнаграждение" pos="X">възнаграждение</wf>
         <wf lemma="." pos="X">.</wf>
      </sentence>
      <sentence id="d000.s897" source="wordnet-bulgarian">
         <wf lemma="хващам" pos="X">хващам</wf>
         <wf lemma="за" pos="X">за</wf>
         <instance id="d000.s897.t000" lemma="ръка" pos="NOUN">ръка</instance>
         <wf lemma="." pos="X">.</wf>
      </sentence>
      <sentence id="d000.s898" source="wordnet-bulgarian">
         <wf lemma="Депутатите" pos="X">Депутатите</wf>
         <wf lemma="изгубиха" pos="X">изгубиха</wf>
         <instance id="d000.s898.t000" lemma="подкрепа" pos="NOUN">подкрепата</instance>
         <wf lemma="на" pos="X">на</wf>
         <wf lemma="своите" pos="X">своите</wf>
         <wf lemma="избиратели" pos="X">избиратели</wf>
         <wf lemma="." pos="X">.</wf>
      </sentence>
      <sentence id="d000.s899" source="wordnet-bulgarian">
         <wf lemma="продавам" pos="X">продавам</wf>
         <instance id="d000.s899.t000" lemma="стока" pos="NOUN">стока</instance>
         <wf lemma="." pos="X">.</wf>
      </sentence>
      <sentence id="d000.s900" source="wordnet-bulgarian">
         <instance id="d000.s900.t000" lemma="скрин" pos="NOUN">скрин</instance>
         <wf lemma="с" pos="X">с</wf>
         <wf lemma="четири" pos="X">четири</wf>
         <wf lemma="чекмеджета" pos="X">чекмеджета</wf>
         <wf lemma="." pos="X">.</wf>
      </sentence>
      <sentence id="d000.s901" source="wordnet-bulgarian">
         <instance id="d000.s901.t000" lemma="кукла" pos="NOUN">кукла</instance>
         <wf lemma="Барби" pos="X">Барби</wf>
         <wf lemma="." pos="X">.</wf>
      </sentence>
      <sentence id="d000.s902" source="wordnet-bulgarian">
         <wf lemma="змийска" pos="X">змийска</wf>
         <instance id="d000.s902.t000" lemma="глава" pos="NOUN">глава</instance>
         <wf lemma="." pos="X">.</wf>
      </sentence>
      <sentence id="d000.s903" source="wordnet-bulgarian">
         <wf lemma="бельо" pos="X">бельо</wf>
         <wf lemma="от" pos="X">от</wf>
         <instance id="d000.s903.t000" lemma="памук" pos="NOUN">памук</instance>
         <wf lemma="." pos="X">.</wf>
      </sentence>
      <sentence id="d000.s904" source="wordnet-bulgarian">
         <instance id="d000.s904.t000" lemma="футбол" pos="NOUN">Футболът</instance>
         <wf lemma="предизвиква" pos="X">предизвиква</wf>
         <wf lemma="много" pos="X">много</wf>
         <wf lemma="емоции" pos="X">емоции</wf>
         <wf lemma="." pos="X">.</wf>
      </sentence>
      <sentence id="d000.s905" source="wordnet-bulgarian">
         <instance id="d000.s905.t000" lemma="служител" pos="NOUN">служител</instance>
         <wf lemma="във" pos="X">във</wf>
         <wf lemma="фирма" pos="X">фирма</wf>
         <wf lemma="." pos="X">.</wf>
      </sentence>
      <sentence id="d000.s906" source="wordnet-bulgarian">
         <wf lemma="Има" pos="X">Има</wf>
         <instance id="d000.s906.t000" lemma="противоречие" pos="NOUN">противоречия</instance>
         <wf lemma="в" pos="X">в</wf>
         <wf lemma="показанията" pos="X">показанията</wf>
         <wf lemma="на" pos="X">на</wf>
         <wf lemma="свидетелите" pos="X">свидетелите</wf>
         <wf lemma="." pos="X">.</wf>
      </sentence>
      <sentence id="d000.s907" source="wordnet-bulgarian">
         <wf lemma="Този" pos="X">Този</wf>
         <wf lemma="диск" pos="X">диск</wf>
         <wf lemma="е" pos="X">е</wf>
         <wf lemma="само" pos="X">само</wf>
         <wf lemma="с" pos="X">с</wf>
         <wf lemma="готини" pos="X">готини</wf>
         <instance id="d000.s907.t000" lemma="парче" pos="NOUN">парчета</instance>
         <wf lemma="." pos="X">.</wf>
      </sentence>
      <sentence id="d000.s908" source="wordnet-bulgarian">
         <wf lemma="градски" pos="X">градски</wf>
         <instance id="d000.s908.t000" lemma="живот" pos="NOUN">живот</instance>
         <wf lemma="." pos="X">.</wf>
      </sentence>
      <sentence id="d000.s909" source="wordnet-bulgarian">
         <wf lemma="два" pos="X">два</wf>
         <instance id="d000.s909.t000" lemma="път" pos="NOUN">пътя</instance>
         <wf lemma="." pos="X">.</wf>
      </sentence>
      <sentence id="d000.s910" source="wordnet-bulgarian">
         <wf lemma="поредно" pos="X">поредно</wf>
         <instance id="d000.s910.t000" lemma="замърсяване" pos="NOUN">замърсяване</instance>
         <wf lemma="на" pos="X">на</wf>
         <wf lemma="реките" pos="X">реките</wf>
         <wf lemma="." pos="X">.</wf>
      </sentence>
      <sentence id="d000.s911" source="wordnet-bulgarian">
         <wf lemma="Лекциите" pos="X">Лекциите</wf>
         <wf lemma="ни" pos="X">ни</wf>
         <wf lemma="води" pos="X">води</wf>
         <wf lemma="един" pos="X">един</wf>
         <wf lemma="млад" pos="X">млад</wf>
         <instance id="d000.s911.t000" lemma="професор" pos="NOUN">професор</instance>
         <wf lemma="." pos="X">.</wf>
      </sentence>
      <sentence id="d000.s912" source="wordnet-bulgarian">
         <wf lemma="намалявам" pos="X">намалявам</wf>
         <instance id="d000.s912.t000" lemma="персонал" pos="NOUN">персонала</instance>
         <wf lemma="." pos="X">.</wf>
      </sentence>
      <sentence id="d000.s913" source="wordnet-bulgarian">
         <wf lemma="плащам" pos="X">плащам</wf>
         <instance id="d000.s913.t000" lemma="ипотека" pos="NOUN">ипотека</instance>
         <wf lemma="." pos="X">.</wf>
      </sentence>
      <sentence id="d000.s914" source="wordnet-bulgarian">
         <wf lemma="Не" pos="X">Не</wf>
         <wf lemma="ти" pos="X">ти</wf>
         <wf lemma="искам" pos="X">искам</wf>
         <instance id="d000.s914.t000" lemma="мнение" pos="NOUN">мнението</instance>
         <wf lemma="." pos="X">.</wf>
      </sentence>
      <sentence id="d000.s915" source="wordnet-bulgarian">
         <wf lemma="при" pos="X">при</wf>
         <wf lemma="изгрев" pos="X">изгрев</wf>
         <instance id="d000.s915.t000" lemma="слънце" pos="NOUN">слънце</instance>
         <wf lemma="." pos="X">.</wf>
      </sentence>
      <sentence id="d000.s916" source="wordnet-bulgarian">
         <wf lemma="събирам" pos="X">събирам</wf>
         <instance id="d000.s916.t000" lemma="такса" pos="NOUN">такси</instance>
         <wf lemma="." pos="X">.</wf>
      </sentence>
      <sentence id="d000.s917" source="wordnet-bulgarian">
         <wf lemma="пукна" pos="X">пукна</wf>
         <instance id="d000.s917.t000" lemma="пролет" pos="NOUN">пролет</instance>
         <wf lemma="." pos="X">.</wf>
      </sentence>
      <sentence id="d000.s918" source="wordnet-bulgarian">
         <wf lemma="правя" pos="X">правя</wf>
         <instance id="d000.s918.t000" lemma="оценка" pos="NOUN">оценка</instance>
         <wf lemma="на" pos="X">на</wf>
         <wf lemma="." pos="X">.</wf>
      </sentence>
      <sentence id="d000.s919" source="wordnet-bulgarian">
         <wf lemma="изпълнявам" pos="X">изпълнявам</wf>
         <instance id="d000.s919.t000" lemma="поръчка" pos="NOUN">поръчка</instance>
         <wf lemma="." pos="X">.</wf>
      </sentence>
      <sentence id="d000.s920" source="wordnet-bulgarian">
         <instance id="d000.s920.t000" lemma="кокошка" pos="NOUN">Кокошката</instance>
         <wf lemma="снася" pos="X">снася</wf>
         <wf lemma="всеки" pos="X">всеки</wf>
         <wf lemma="ден" pos="X">ден</wf>
         <wf lemma="по" pos="X">по</wf>
         <wf lemma="едно" pos="X">едно</wf>
         <wf lemma="яйце" pos="X">яйце</wf>
         <wf lemma="." pos="X">.</wf>
      </sentence>
      <sentence id="d000.s921" source="wordnet-bulgarian">
         <instance id="d000.s921.t000" lemma="утайка" pos="NOUN">утайка</instance>
         <wf lemma="от" pos="X">от</wf>
         <wf lemma="." pos="X">.</wf>
      </sentence>
      <sentence id="d000.s922" source="wordnet-bulgarian">
         <wf lemma="Отговорих" pos="X">Отговорих</wf>
         <wf lemma="с" pos="X">с</wf>
         <wf lemma="пресъхнало" pos="X">пресъхнало</wf>
         <instance id="d000.s922.t000" lemma="гърло" pos="NOUN">гърло</instance>
         <wf lemma="." pos="X">.</wf>
      </sentence>
      <sentence id="d000.s923" source="wordnet-bulgarian">
         <wf lemma="едноцветна" pos="X">едноцветна</wf>
         <instance id="d000.s923.t000" lemma="вратовръзка" pos="NOUN">вратовръзка</instance>
         <wf lemma="." pos="X">.</wf>
      </sentence>
      <sentence id="d000.s924" source="wordnet-bulgarian">
         <wf lemma="силен" pos="X">силен</wf>
         <instance id="d000.s924.t000" lemma="вятър" pos="NOUN">вятър</instance>
         <wf lemma="." pos="X">.</wf>
      </sentence>
      <sentence id="d000.s925" source="wordnet-bulgarian">
         <instance id="d000.s925.t000" lemma="загуба" pos="NOUN">загуба</instance>
         <wf lemma="на" pos="X">на</wf>
         <wf lemma="пари" pos="X">пари</wf>
         <wf lemma="." pos="X">.</wf>
      </sentence>
      <sentence id="d000.s926" source="wordnet-bulgarian">
         <wf lemma="водна" pos="X">водна</wf>
         <instance id="d000.s926.t000" lemma="повърхност" pos="NOUN">повърхност</instance>
         <wf lemma="." pos="X">.</wf>
      </sentence>
      <sentence id="d000.s927" source="wordnet-bulgarian">
         <wf lemma="малка" pos="X">малка</wf>
         <instance id="d000.s927.t000" lemma="пречка" pos="NOUN">пречка</instance>
         <wf lemma="." pos="X">.</wf>
      </sentence>
      <sentence id="d000.s928" source="wordnet-bulgarian">
         <wf lemma="ново" pos="X">ново</wf>
         <instance id="d000.s928.t000" lemma="обстоятелство" pos="NOUN">обстоятелство</instance>
         <wf lemma="." pos="X">.</wf>
      </sentence>
      <sentence id="d000.s929" source="wordnet-bulgarian">
         <instance id="d000.s929.t000" lemma="познавам" pos="VERB">Познаваш</instance>
         <wf lemma="ли" pos="X">ли</wf>
         <wf lemma="сестра" pos="X">сестра</wf>
         <wf lemma="ми" pos="X">ми</wf>
         <wf lemma="?" pos="X">?</wf>
      </sentence>
      <sentence id="d000.s930" source="wordnet-bulgarian">
         <wf lemma="добър" pos="X">добър</wf>
         <instance id="d000.s930.t000" lemma="кавалер" pos="NOUN">кавалер</instance>
         <wf lemma="." pos="X">.</wf>
      </sentence>
      <sentence id="d000.s931" source="wordnet-bulgarian">
         <wf lemma="напразен" pos="X">напразен</wf>
         <instance id="d000.s931.t000" lemma="труд" pos="NOUN">труд</instance>
         <wf lemma="." pos="X">.</wf>
      </sentence>
      <sentence id="d000.s932" source="wordnet-bulgarian">
         <instance id="d000.s932.t000" lemma="обсег" pos="NOUN">обсег</instance>
         <wf lemma="на" pos="X">на</wf>
         <wf lemma="действие" pos="X">действие</wf>
         <wf lemma="." pos="X">.</wf>
      </sentence>
      <sentence id="d000.s933" source="wordnet-bulgarian">
         <wf lemma="влажен" pos="X">влажен</wf>
         <wf lemma="атмосферен" pos="X">атмосферен</wf>
         <instance id="d000.s933.t000" lemma="фронт" pos="NOUN">фронт</instance>
         <wf lemma="." pos="X">.</wf>
      </sentence>
      <sentence id="d000.s934" source="wordnet-bulgarian">
         <instance id="d000.s934.t000" lemma="данък" pos="NOUN">данък</instance>
         <wf lemma="върху" pos="X">върху</wf>
         <wf lemma="общия" pos="X">общия</wf>
         <wf lemma="доход" pos="X">доход</wf>
         <wf lemma="." pos="X">.</wf>
      </sentence>
      <sentence id="d000.s935" source="wordnet-bulgarian">
         <wf lemma="Не" pos="X">Не</wf>
         <instance id="d000.s935.t000" lemma="пия" pos="VERB">пия</instance>
         <wf lemma="алкохол" pos="X">алкохол</wf>
         <wf lemma="." pos="X">.</wf>
      </sentence>
      <sentence id="d000.s936" source="wordnet-bulgarian">
         <wf lemma="нечисти" pos="X">нечисти</wf>
         <instance id="d000.s936.t000" lemma="подбуда" pos="NOUN">подбуди</instance>
         <wf lemma="." pos="X">.</wf>
      </sentence>
      <sentence id="d000.s937" source="wordnet-bulgarian">
         <wf lemma="подреждам" pos="X">подреждам</wf>
         <wf lemma="в" pos="X">в</wf>
         <instance id="d000.s937.t000" lemma="папка" pos="NOUN">папка</instance>
         <wf lemma="." pos="X">.</wf>
      </sentence>
      <sentence id="d000.s938" source="wordnet-bulgarian">
         <wf lemma="пухкав" pos="X">пухкав</wf>
         <instance id="d000.s938.t000" lemma="сняг" pos="NOUN">сняг</instance>
         <wf lemma="." pos="X">.</wf>
      </sentence>
      <sentence id="d000.s939" source="wordnet-bulgarian">
         <wf lemma="тържествена" pos="X">тържествена</wf>
         <instance id="d000.s939.t000" lemma="служба" pos="NOUN">служба</instance>
         <wf lemma="." pos="X">.</wf>
      </sentence>
      <sentence id="d000.s940" source="wordnet-bulgarian">
         <wf lemma="давам" pos="X">давам</wf>
         <instance id="d000.s940.t000" lemma="вечеря" pos="NOUN">вечеря</instance>
         <wf lemma="." pos="X">.</wf>
      </sentence>
      <sentence id="d000.s941" source="wordnet-bulgarian">
         <wf lemma="има" pos="X">има</wf>
         <wf lemma="различни" pos="X">различни</wf>
         <instance id="d000.s941.t000" lemma="средство" pos="NOUN">средства</instance>
         <wf lemma="да" pos="X">да</wf>
         <wf lemma="спечеля" pos="X">спечеля</wf>
         <wf lemma="нещо" pos="X">нещо</wf>
         <wf lemma="." pos="X">.</wf>
      </sentence>
      <sentence id="d000.s942" source="wordnet-bulgarian">
         <instance id="d000.s942.t000" lemma="кражба" pos="NOUN">Кражбата</instance>
         <wf lemma="бе" pos="X">бе</wf>
         <wf lemma="разкрита" pos="X">разкрита</wf>
         <wf lemma="." pos="X">.</wf>
      </sentence>
      <sentence id="d000.s943" source="wordnet-bulgarian">
         <wf lemma="калорична" pos="X">калорична</wf>
         <instance id="d000.s943.t000" lemma="храна" pos="NOUN">храна</instance>
         <wf lemma="." pos="X">.</wf>
      </sentence>
      <sentence id="d000.s944" source="wordnet-bulgarian">
         <wf lemma="Чуйте" pos="X">Чуйте</wf>
         <wf lemma="две" pos="X">две</wf>
         <instance id="d000.s944.t000" lemma="съобщение" pos="NOUN">съобщения</instance>
         <wf lemma="." pos="X">.</wf>
      </sentence>
      <sentence id="d000.s945" source="wordnet-bulgarian">
         <instance id="d000.s945.t000" lemma="оръжие" pos="NOUN">оръжие</instance>
         <wf lemma="за" pos="X">за</wf>
         <wf lemma="масово" pos="X">масово</wf>
         <wf lemma="унищожение" pos="X">унищожение</wf>
         <wf lemma="." pos="X">.</wf>
      </sentence>
      <sentence id="d000.s946" source="wordnet-bulgarian">
         <wf lemma="Един" pos="X">Един</wf>
         <instance id="d000.s946.t000" lemma="ред" pos="NOUN">ред</instance>
         <wf lemma="брези" pos="X">брези</wf>
         <wf lemma="." pos="X">.</wf>
      </sentence>
      <sentence id="d000.s947" source="wordnet-bulgarian">
         <instance id="d000.s947.t000" lemma="благодаря" pos="VERB">благодаря</instance>
         <wf lemma="за" pos="X">за</wf>
         <wf lemma="." pos="X">.</wf>
      </sentence>
      <sentence id="d000.s948" source="wordnet-bulgarian">
         <wf lemma="според" pos="X">според</wf>
         <instance id="d000.s948.t000" lemma="случай" pos="NOUN">случая</instance>
         <wf lemma="." pos="X">.</wf>
      </sentence>
      <sentence id="d000.s949" source="wordnet-bulgarian">
         <wf lemma="разбивам" pos="X">разбивам</wf>
         <instance id="d000.s949.t000" lemma="катинар" pos="NOUN">катинар</instance>
         <wf lemma="." pos="X">.</wf>
      </sentence>
      <sentence id="d000.s950" source="wordnet-bulgarian">
         <wf lemma="Ваканциите" pos="X">Ваканциите</wf>
         <wf lemma="прекарвам" pos="X">прекарвам</wf>
         <wf lemma="при" pos="X">при</wf>
         <instance id="d000.s950.t000" lemma="баба" pos="NOUN">баба</instance>
         <wf lemma="на" pos="X">на</wf>
         <wf lemma="село" pos="X">село</wf>
         <wf lemma="." pos="X">.</wf>
      </sentence>
      <sentence id="d000.s951" source="wordnet-bulgarian">
         <wf lemma="секретен" pos="X">секретен</wf>
         <instance id="d000.s951.t000" lemma="ключ" pos="NOUN">ключ</instance>
         <wf lemma="." pos="X">.</wf>
      </sentence>
      <sentence id="d000.s952" source="wordnet-bulgarian">
         <instance id="d000.s952.t000" lemma="назначавам" pos="VERB">назначавам</instance>
         <wf lemma="комисия" pos="X">комисия</wf>
         <wf lemma="." pos="X">.</wf>
      </sentence>
      <sentence id="d000.s953" source="wordnet-bulgarian">
         <wf lemma="изпускам" pos="X">изпускам</wf>
         <instance id="d000.s953.t000" lemma="метро" pos="NOUN">метрото</instance>
         <wf lemma="." pos="X">.</wf>
      </sentence>
      <sentence id="d000.s954" source="wordnet-bulgarian">
         <wf lemma="по" pos="X">по</wf>
         <instance id="d000.s954.t000" lemma="път" pos="NOUN">пътя</instance>
         <wf lemma="за" pos="X">за</wf>
         <wf lemma="." pos="X">.</wf>
      </sentence>
      <sentence id="d000.s955" source="wordnet-bulgarian">
         <wf lemma="Българската" pos="X">Българската</wf>
         <instance id="d000.s955.t000" lemma="железница" pos="NOUN">железница</instance>
         <wf lemma="отваря" pos="X">отваря</wf>
         <wf lemma="нова" pos="X">нова</wf>
         <wf lemma="железопътна" pos="X">железопътна</wf>
         <wf lemma="линия" pos="X">линия</wf>
         <wf lemma="." pos="X">.</wf>
      </sentence>
      <sentence id="d000.s956" source="wordnet-bulgarian">
         <instance id="d000.s956.t000" lemma="извод" pos="NOUN">Извод</instance>
         <wf lemma="за" pos="X">за</wf>
         <wf lemma="хладилник" pos="X">хладилник</wf>
         <wf lemma="." pos="X">.</wf>
      </sentence>
      <sentence id="d000.s957" source="wordnet-bulgarian">
         <wf lemma="скъпа" pos="X">скъпа</wf>
         <wf lemma="луксозна" pos="X">луксозна</wf>
         <instance id="d000.s957.t000" lemma="яхта" pos="NOUN">яхта</instance>
         <wf lemma="." pos="X">.</wf>
      </sentence>
      <sentence id="d000.s958" source="wordnet-bulgarian">
         <wf lemma="краят" pos="X">краят</wf>
         <wf lemma="на" pos="X">на</wf>
         <instance id="d000.s958.t000" lemma="свят" pos="NOUN">света</instance>
         <wf lemma="." pos="X">.</wf>
      </sentence>
      <sentence id="d000.s959" source="wordnet-bulgarian">
         <wf lemma="подреждам" pos="X">подреждам</wf>
         <instance id="d000.s959.t000" lemma="мебел" pos="NOUN">мебели</instance>
         <wf lemma="." pos="X">.</wf>
      </sentence>
      <sentence id="d000.s960" source="wordnet-bulgarian">
         <wf lemma="едро" pos="X">едро</wf>
         <instance id="d000.s960.t000" lemma="земеделие" pos="NOUN">земеделие</instance>
         <wf lemma="." pos="X">.</wf>
      </sentence>
      <sentence id="d000.s961" source="wordnet-bulgarian">
         <wf lemma="приключенски" pos="X">приключенски</wf>
         <instance id="d000.s961.t000" lemma="филм" pos="NOUN">филм</instance>
         <wf lemma="." pos="X">.</wf>
      </sentence>
      <sentence id="d000.s962" source="wordnet-bulgarian">
         <wf lemma="правя" pos="X">правя</wf>
         <instance id="d000.s962.t000" lemma="движение" pos="NOUN">движение</instance>
         <wf lemma="с." pos="X">с.</wf>
      </sentence>
      <sentence id="d000.s963" source="wordnet-bulgarian">
         <wf lemma="орехови" pos="X">орехови</wf>
         <instance id="d000.s963.t000" lemma="ядка" pos="NOUN">ядки</instance>
         <wf lemma="." pos="X">.</wf>
      </sentence>
      <sentence id="d000.s964" source="wordnet-bulgarian">
         <wf lemma="гладка" pos="X">гладка</wf>
         <instance id="d000.s964.t000" lemma="повърхнина" pos="NOUN">повърхнина</instance>
         <wf lemma="." pos="X">.</wf>
      </sentence>
      <sentence id="d000.s965" source="wordnet-bulgarian">
         <wf lemma="съсирена" pos="X">съсирена</wf>
         <instance id="d000.s965.t000" lemma="кръв" pos="NOUN">кръв</instance>
         <wf lemma="." pos="X">.</wf>
      </sentence>
      <sentence id="d000.s966" source="wordnet-bulgarian">
         <instance id="d000.s966.t000" lemma="бизнес" pos="NOUN">Бизнесът</instance>
         <wf lemma="му" pos="X">му</wf>
         <wf lemma="върви" pos="X">върви</wf>
         <wf lemma="добре" pos="X">добре</wf>
         <wf lemma="." pos="X">.</wf>
      </sentence>
      <sentence id="d000.s967" source="wordnet-bulgarian">
         <wf lemma="подреден" pos="X">подреден</wf>
         <instance id="d000.s967.t000" lemma="двор" pos="NOUN">двор</instance>
         <wf lemma="." pos="X">.</wf>
      </sentence>
      <sentence id="d000.s968" source="wordnet-bulgarian">
         <wf lemma="разкривам" pos="X">разкривам</wf>
         <instance id="d000.s968.t000" lemma="престъпление" pos="NOUN">престъпление</instance>
         <wf lemma="." pos="X">.</wf>
      </sentence>
      <sentence id="d000.s969" source="wordnet-bulgarian">
         <wf lemma="Виждам" pos="X">Виждам</wf>
         <instance id="d000.s969.t000" lemma="отражение" pos="NOUN">отражението</instance>
         <wf lemma="си" pos="X">си</wf>
         <wf lemma="във" pos="X">във</wf>
         <wf lemma="водата" pos="X">водата</wf>
         <wf lemma="." pos="X">.</wf>
      </sentence>
      <sentence id="d000.s970" source="wordnet-bulgarian">
         <wf lemma="Колата" pos="X">Колата</wf>
         <wf lemma="все" pos="X">все</wf>
         <wf lemma="още" pos="X">още</wf>
         <instance id="d000.s970.t000" lemma="работя" pos="VERB">работи</instance>
         <wf lemma="." pos="X">.</wf>
      </sentence>
      <sentence id="d000.s971" source="wordnet-bulgarian">
         <wf lemma="неоправдани" pos="X">неоправдани</wf>
         <instance id="d000.s971.t000" lemma="опасение" pos="NOUN">опасения</instance>
         <wf lemma="." pos="X">.</wf>
      </sentence>
      <sentence id="d000.s972" source="wordnet-bulgarian">
         <wf lemma="Топлите" pos="X">Топлите</wf>
         <wf lemma="дни" pos="X">дни</wf>
         <instance id="d000.s972.t000" lemma="отмина" pos="VERB">отминаха</instance>
         <wf lemma="и" pos="X">и</wf>
         <wf lemma="дойде" pos="X">дойде</wf>
         <wf lemma="зимата" pos="X">зимата</wf>
         <wf lemma="." pos="X">.</wf>
      </sentence>
      <sentence id="d000.s973" source="wordnet-bulgarian">
         <wf lemma="подкожна" pos="X">подкожна</wf>
         <instance id="d000.s973.t000" lemma="мазнина" pos="NOUN">мазнина</instance>
         <wf lemma="." pos="X">.</wf>
      </sentence>
      <sentence id="d000.s974" source="wordnet-bulgarian">
         <instance id="d000.s974.t000" lemma="конвенция" pos="NOUN">конвенция</instance>
         <wf lemma="за" pos="X">за</wf>
         <wf lemma="мир." pos="X">мир.</wf>
      </sentence>
      <sentence id="d000.s975" source="wordnet-bulgarian">
         <wf lemma="приятелска" pos="X">приятелска</wf>
         <instance id="d000.s975.t000" lemma="атмосфера" pos="NOUN">атмосфера</instance>
         <wf lemma="." pos="X">.</wf>
      </sentence>
      <sentence id="d000.s976" source="wordnet-bulgarian">
         <wf lemma="природен" pos="X">природен</wf>
         <instance id="d000.s976.t000" lemma="газ" pos="NOUN">газ</instance>
         <wf lemma="." pos="X">.</wf>
      </sentence>
      <sentence id="d000.s977" source="wordnet-bulgarian">
         <wf lemma="Отивам" pos="X">Отивам</wf>
         <wf lemma="за" pos="X">за</wf>
         <wf lemma="една" pos="X">една</wf>
         <instance id="d000.s977.t000" lemma="седмица" pos="NOUN">седмица</instance>
         <wf lemma="на" pos="X">на</wf>
         <wf lemma="море" pos="X">море</wf>
         <wf lemma="." pos="X">.</wf>
      </sentence>
      <sentence id="d000.s978" source="wordnet-bulgarian">
         <wf lemma="дебел" pos="X">дебел</wf>
         <instance id="d000.s978.t000" lemma="пласт" pos="NOUN">пласт</instance>
         <wf lemma="прах" pos="X">прах</wf>
         <wf lemma="." pos="X">.</wf>
      </sentence>
      <sentence id="d000.s979" source="wordnet-bulgarian">
         <instance id="d000.s979.t000" lemma="коментар" pos="NOUN">Коментарите</instance>
         <wf lemma="му" pos="X">му</wf>
         <wf lemma="винаги" pos="X">винаги</wf>
         <wf lemma="са" pos="X">са</wf>
         <wf lemma="точти" pos="X">точти</wf>
         <wf lemma="и" pos="X">и</wf>
         <wf lemma="ясни" pos="X">ясни</wf>
         <wf lemma="." pos="X">.</wf>
      </sentence>
      <sentence id="d000.s980" source="wordnet-bulgarian">
         <wf lemma="имам" pos="X">имам</wf>
         <instance id="d000.s980.t000" lemma="отговорност" pos="NOUN">отговорности</instance>
         <wf lemma="." pos="X">.</wf>
      </sentence>
      <sentence id="d000.s981" source="wordnet-bulgarian">
         <instance id="d000.s981.t000" lemma="яке" pos="NOUN">яке</instance>
         <wf lemma="с" pos="X">с</wf>
         <wf lemma="качулка" pos="X">качулка</wf>
         <wf lemma="." pos="X">.</wf>
      </sentence>
      <sentence id="d000.s982" source="wordnet-bulgarian">
         <wf lemma="нямам" pos="X">нямам</wf>
         <wf lemma="никакво" pos="X">никакво</wf>
         <instance id="d000.s982.t000" lemma="понятие" pos="NOUN">понятие</instance>
         <wf lemma="." pos="X">.</wf>
      </sentence>
      <sentence id="d000.s983" source="wordnet-bulgarian">
         <instance id="d000.s983.t000" lemma="хладилник" pos="NOUN">хладилник</instance>
         <wf lemma="с" pos="X">с</wf>
         <wf lemma="камера" pos="X">камера</wf>
         <wf lemma="." pos="X">.</wf>
      </sentence>
      <sentence id="d000.s984" source="wordnet-bulgarian">
         <instance id="d000.s984.t000" lemma="възраждане" pos="NOUN">възраждане</instance>
         <wf lemma="на" pos="X">на</wf>
         <wf lemma="театъра" pos="X">театъра</wf>
         <wf lemma="." pos="X">.</wf>
      </sentence>
      <sentence id="d000.s985" source="wordnet-bulgarian">
         <instance id="d000.s985.t000" lemma="кмет" pos="NOUN">кмет</instance>
         <wf lemma="на" pos="X">на</wf>
         <wf lemma="София" pos="X">София</wf>
         <wf lemma="." pos="X">.</wf>
      </sentence>
      <sentence id="d000.s986" source="wordnet-bulgarian">
         <wf lemma="безкористна" pos="X">безкористна</wf>
         <instance id="d000.s986.t000" lemma="подбуда" pos="NOUN">подбуда</instance>
         <wf lemma="." pos="X">.</wf>
      </sentence>
      <sentence id="d000.s987" source="wordnet-bulgarian">
         <instance id="d000.s987.t000" lemma="стадо" pos="NOUN">стадо</instance>
         <wf lemma="овце" pos="X">овце</wf>
         <wf lemma="." pos="X">.</wf>
      </sentence>
      <sentence id="d000.s988" source="wordnet-bulgarian">
         <wf lemma="плетен" pos="X">плетен</wf>
         <instance id="d000.s988.t000" lemma="камшик" pos="NOUN">камшик</instance>
         <wf lemma="." pos="X">.</wf>
      </sentence>
      <sentence id="d000.s989" source="wordnet-bulgarian">
         <wf lemma="нямам" pos="X">нямам</wf>
         <instance id="d000.s989.t000" lemma="чичо" pos="NOUN">чичо</instance>
         <wf lemma="." pos="X">.</wf>
      </sentence>
      <sentence id="d000.s990" source="wordnet-bulgarian">
         <wf lemma="във" pos="X">във</wf>
         <instance id="d000.s990.t000" lemma="въображение" pos="NOUN">въображението</instance>
         <wf lemma="на" pos="X">на</wf>
         <wf lemma="." pos="X">.</wf>
      </sentence>
      <sentence id="d000.s991" source="wordnet-bulgarian">
         <instance id="d000.s991.t000" lemma="унищожа" pos="VERB">Унищожих</instance>
         <wf lemma="всички" pos="X">всички</wf>
         <wf lemma="ненужни" pos="X">ненужни</wf>
         <wf lemma="документи" pos="X">документи</wf>
         <wf lemma="." pos="X">.</wf>
      </sentence>
      <sentence id="d000.s992" source="wordnet-bulgarian">
         <wf lemma="силен" pos="X">силен</wf>
         <instance id="d000.s992.t000" lemma="дъжд" pos="NOUN">дъжд</instance>
         <wf lemma="." pos="X">.</wf>
      </sentence>
      <sentence id="d000.s993" source="wordnet-bulgarian">
         <wf lemma="масов" pos="X">масов</wf>
         <instance id="d000.s993.t000" lemma="гроб" pos="NOUN">гроб</instance>
         <wf lemma="." pos="X">.</wf>
      </sentence>
      <sentence id="d000.s994" source="wordnet-bulgarian">
         <wf lemma="Министърът" pos="X">Министърът</wf>
         <wf lemma="изложи" pos="X">изложи</wf>
         <wf lemma="новите" pos="X">новите</wf>
         <wf lemma="си" pos="X">си</wf>
         <wf lemma="идеи" pos="X">идеи</wf>
         <wf lemma="за" pos="X">за</wf>
         <instance id="d000.s994.t000" lemma="образование" pos="NOUN">образованието</instance>
         <wf lemma="." pos="X">.</wf>
      </sentence>
      <sentence id="d000.s995" source="wordnet-bulgarian">
         <wf lemma="излизам" pos="X">излизам</wf>
         <wf lemma="на" pos="X">на</wf>
         <instance id="d000.s995.t000" lemma="пръст" pos="NOUN">пръсти</instance>
         <wf lemma="." pos="X">.</wf>
      </sentence>
      <sentence id="d000.s996" source="wordnet-bulgarian">
         <wf lemma="Това" pos="X">Това</wf>
         <wf lemma="никак" pos="X">никак</wf>
         <wf lemma="не" pos="X">не</wf>
         <instance id="d000.s996.t000" lemma="очаквам" pos="VERB">очаквах</instance>
         <wf lemma="от" pos="X">от</wf>
         <wf lemma="тебе" pos="X">тебе</wf>
         <wf lemma="." pos="X">.</wf>
      </sentence>
      <sentence id="d000.s997" source="wordnet-bulgarian">
         <wf lemma="красиво" pos="X">красиво</wf>
         <instance id="d000.s997.t000" lemma="тяло" pos="NOUN">тяло</instance>
         <wf lemma="." pos="X">.</wf>
      </sentence>
      <sentence id="d000.s998" source="wordnet-bulgarian">
         <wf lemma="след" pos="X">след</wf>
         <wf lemma="няколко" pos="X">няколко</wf>
         <instance id="d000.s998.t000" lemma="поколение" pos="NOUN">поколения</instance>
         <wf lemma="." pos="X">.</wf>
      </sentence>
      <sentence id="d000.s999" source="wordnet-bulgarian">
         <wf lemma="категоричен" pos="X">категоричен</wf>
         <instance id="d000.s999.t000" lemma="отказ" pos="NOUN">отказ</instance>
         <wf lemma="." pos="X">.</wf>
      </sentence>
      <sentence id="d000.s1000" source="wordnet-bulgarian">
         <wf lemma="Лицето" pos="X">Лицето</wf>
         <wf lemma="му" pos="X">му</wf>
         <wf lemma="се" pos="X">се</wf>
         <wf lemma="зачерви" pos="X">зачерви</wf>
         <wf lemma="от" pos="X">от</wf>
         <instance id="d000.s1000.t000" lemma="ярост" pos="NOUN">ярост</instance>
         <wf lemma="." pos="X">.</wf>
      </sentence>
      <sentence id="d000.s1001" source="wordnet-bulgarian">
         <wf lemma="изработвам" pos="X">изработвам</wf>
         <instance id="d000.s1001.t000" lemma="кошница" pos="NOUN">кошница</instance>
         <wf lemma="." pos="X">.</wf>
      </sentence>
      <sentence id="d000.s1002" source="wordnet-bulgarian">
         <wf lemma="птиците" pos="X">птиците</wf>
         <wf lemma="лятат" pos="X">лятат</wf>
         <wf lemma="с" pos="X">с</wf>
         <wf lemma="помощта" pos="X">помощта</wf>
         <wf lemma="на" pos="X">на</wf>
         <instance id="d000.s1002.t000" lemma="крило" pos="NOUN">крила</instance>
         <wf lemma="." pos="X">.</wf>
      </sentence>
      <sentence id="d000.s1003" source="wordnet-bulgarian">
         <wf lemma="Той" pos="X">Той</wf>
         <wf lemma="винаги" pos="X">винаги</wf>
         <wf lemma="е" pos="X">е</wf>
         <wf lemma="бил" pos="X">бил</wf>
         <wf lemma="голям" pos="X">голям</wf>
         <instance id="d000.s1003.t000" lemma="патриот" pos="NOUN">патриот</instance>
         <wf lemma="." pos="X">.</wf>
      </sentence>
      <sentence id="d000.s1004" source="wordnet-bulgarian">
         <wf lemma="чуждестранни" pos="X">чуждестранни</wf>
         <instance id="d000.s1004.t000" lemma="представител" pos="NOUN">представители</instance>
         <wf lemma="." pos="X">.</wf>
      </sentence>
      <sentence id="d000.s1005" source="wordnet-bulgarian">
         <wf lemma="в" pos="X">в</wf>
         <instance id="d000.s1005.t000" lemma="потвърждение" pos="NOUN">потвърждение</instance>
         <wf lemma="на" pos="X">на</wf>
         <wf lemma="казаното" pos="X">казаното</wf>
         <wf lemma="." pos="X">.</wf>
      </sentence>
      <sentence id="d000.s1006" source="wordnet-bulgarian">
         <instance id="d000.s1006.t000" lemma="вариант" pos="NOUN">вариант</instance>
         <wf lemma="на" pos="X">на</wf>
         <wf lemma="текст" pos="X">текст</wf>
         <wf lemma="." pos="X">.</wf>
      </sentence>
      <sentence id="d000.s1007" source="wordnet-bulgarian">
         <wf lemma="издигам" pos="X">издигам</wf>
         <wf lemma="се" pos="X">се</wf>
         <wf lemma="на" pos="X">на</wf>
         <instance id="d000.s1007.t000" lemma="повърхност" pos="NOUN">повърхността</instance>
         <wf lemma="." pos="X">.</wf>
      </sentence>
      <sentence id="d000.s1008" source="wordnet-bulgarian">
         <wf lemma="нежен" pos="X">нежен</wf>
         <instance id="d000.s1008.t000" lemma="допир" pos="NOUN">допир</instance>
         <wf lemma="." pos="X">.</wf>
      </sentence>
      <sentence id="d000.s1009" source="wordnet-bulgarian">
         <wf lemma="на" pos="X">на</wf>
         <instance id="d000.s1009.t000" lemma="търг" pos="NOUN">търг</instance>
         <wf lemma="." pos="X">.</wf>
      </sentence>
      <sentence id="d000.s1010" source="wordnet-bulgarian">
         <wf lemma="малко" pos="X">малко</wf>
         <instance id="d000.s1010.t000" lemma="предимство" pos="NOUN">предимство</instance>
         <wf lemma="." pos="X">.</wf>
      </sentence>
      <sentence id="d000.s1011" source="wordnet-bulgarian">
         <wf lemma="карам" pos="X">карам</wf>
         <instance id="d000.s1011.t000" lemma="ска" pos="NOUN">ски</instance>
         <wf lemma="." pos="X">.</wf>
      </sentence>
      <sentence id="d000.s1012" source="wordnet-bulgarian">
         <instance id="d000.s1012.t000" lemma="чадър" pos="NOUN">чадър</instance>
         <wf lemma="за" pos="X">за</wf>
         <wf lemma="слънце" pos="X">слънце</wf>
         <wf lemma="." pos="X">.</wf>
      </sentence>
      <sentence id="d000.s1013" source="wordnet-bulgarian">
         <wf lemma="прилагам" pos="X">прилагам</wf>
         <instance id="d000.s1013.t000" lemma="насилие" pos="NOUN">насилие</instance>
         <wf lemma="върху" pos="X">върху</wf>
         <wf lemma="." pos="X">.</wf>
      </sentence>
      <sentence id="d000.s1014" source="wordnet-bulgarian">
         <wf lemma="На" pos="X">На</wf>
         <wf lemma="китарата" pos="X">китарата</wf>
         <wf lemma="свиря" pos="X">свиря</wf>
         <wf lemma="само" pos="X">само</wf>
         <wf lemma="простички" pos="X">простички</wf>
         <instance id="d000.s1014.t000" lemma="мелодия" pos="NOUN">мелодии</instance>
         <wf lemma="." pos="X">.</wf>
      </sentence>
      <sentence id="d000.s1015" source="wordnet-bulgarian">
         <instance id="d000.s1015.t000" lemma="изстъргвам" pos="VERB">изстъргвам</instance>
         <wf lemma="с" pos="X">с</wf>
         <wf lemma="нож" pos="X">нож</wf>
         <wf lemma="." pos="X">.</wf>
      </sentence>
      <sentence id="d000.s1016" source="wordnet-bulgarian">
         <wf lemma="Той" pos="X">Той</wf>
         <wf lemma="нави" pos="X">нави</wf>
         <instance id="d000.s1016.t000" lemma="ръкав" pos="NOUN">ръкавите</instance>
         <wf lemma="на" pos="X">на</wf>
         <wf lemma="ризата" pos="X">ризата</wf>
         <wf lemma="си" pos="X">си</wf>
         <wf lemma="и" pos="X">и</wf>
         <wf lemma="бръкна" pos="X">бръкна</wf>
         <wf lemma="във" pos="X">във</wf>
         <wf lemma="водата" pos="X">водата</wf>
         <wf lemma="." pos="X">.</wf>
      </sentence>
      <sentence id="d000.s1017" source="wordnet-bulgarian">
         <wf lemma="модерно" pos="X">модерно</wf>
         <instance id="d000.s1017.t000" lemma="яке" pos="NOUN">яке</instance>
         <wf lemma="." pos="X">.</wf>
      </sentence>
      <sentence id="d000.s1018" source="wordnet-bulgarian">
         <wf lemma="добра" pos="X">добра</wf>
         <instance id="d000.s1018.t000" lemma="памет" pos="NOUN">памет</instance>
         <wf lemma="." pos="X">.</wf>
      </sentence>
      <sentence id="d000.s1019" source="wordnet-bulgarian">
         <wf lemma="спя" pos="X">спя</wf>
         <wf lemma="на" pos="X">на</wf>
         <wf lemma="висока" pos="X">висока</wf>
         <instance id="d000.s1019.t000" lemma="възглавница" pos="NOUN">възглавница</instance>
         <wf lemma="." pos="X">.</wf>
      </sentence>
      <sentence id="d000.s1020" source="wordnet-bulgarian">
         <wf lemma="многоклетъчни" pos="X">многоклетъчни</wf>
         <instance id="d000.s1020.t000" lemma="животно" pos="NOUN">животни</instance>
         <wf lemma="." pos="X">.</wf>
      </sentence>
      <sentence id="d000.s1021" source="wordnet-bulgarian">
         <wf lemma="проглушителен" pos="X">проглушителен</wf>
         <instance id="d000.s1021.t000" lemma="звук" pos="NOUN">звук</instance>
         <wf lemma="." pos="X">.</wf>
      </sentence>
      <sentence id="d000.s1022" source="wordnet-bulgarian">
         <wf lemma="виенска" pos="X">виенска</wf>
         <instance id="d000.s1022.t000" lemma="кифла" pos="NOUN">кифла</instance>
         <wf lemma="." pos="X">.</wf>
      </sentence>
      <sentence id="d000.s1023" source="wordnet-bulgarian">
         <wf lemma="отсядам" pos="X">отсядам</wf>
         <wf lemma="в" pos="X">в</wf>
         <instance id="d000.s1023.t000" lemma="хотел" pos="NOUN">хотел</instance>
         <wf lemma="." pos="X">.</wf>
      </sentence>
      <sentence id="d000.s1024" source="wordnet-bulgarian">
         <wf lemma="премиерно" pos="X">премиерно</wf>
         <instance id="d000.s1024.t000" lemma="представление" pos="NOUN">представление</instance>
         <wf lemma="." pos="X">.</wf>
      </sentence>
      <sentence id="d000.s1025" source="wordnet-bulgarian">
         <instance id="d000.s1025.t000" lemma="приема" pos="VERB">Приеха</instance>
         <wf lemma="ме" pos="X">ме</wf>
         <wf lemma="в" pos="X">в</wf>
         <wf lemma="групата" pos="X">групата</wf>
         <wf lemma="си" pos="X">си</wf>
         <wf lemma="." pos="X">.</wf>
      </sentence>
      <sentence id="d000.s1026" source="wordnet-bulgarian">
         <wf lemma="роман" pos="X">роман</wf>
         <wf lemma="в" pos="X">в</wf>
         <wf lemma="два" pos="X">два</wf>
         <instance id="d000.s1026.t000" lemma="том" pos="NOUN">тома</instance>
         <wf lemma="." pos="X">.</wf>
      </sentence>
      <sentence id="d000.s1027" source="wordnet-bulgarian">
         <wf lemma="Разделихме" pos="X">Разделихме</wf>
         <wf lemma="го" pos="X">го</wf>
         <wf lemma="на" pos="X">на</wf>
         <wf lemma="три" pos="X">три</wf>
         <instance id="d000.s1027.t000" lemma="дял" pos="NOUN">дяла</instance>
         <wf lemma="." pos="X">.</wf>
      </sentence>
      <sentence id="d000.s1028" source="wordnet-bulgarian">
         <wf lemma="получавам" pos="X">получавам</wf>
         <instance id="d000.s1028.t000" lemma="доверие" pos="NOUN">доверие</instance>
         <wf lemma="." pos="X">.</wf>
      </sentence>
      <sentence id="d000.s1029" source="wordnet-bulgarian">
         <instance id="d000.s1029.t000" lemma="елемент" pos="NOUN">елемент</instance>
         <wf lemma="от" pos="X">от</wf>
         <wf lemma="нещо" pos="X">нещо</wf>
         <wf lemma="." pos="X">.</wf>
      </sentence>
      <sentence id="d000.s1030" source="wordnet-bulgarian">
         <wf lemma="Кучето" pos="X">Кучето</wf>
         <instance id="d000.s1030.t000" lemma="лая" pos="VERB">лае</instance>
         <wf lemma="по" pos="X">по</wf>
         <wf lemma="цяла" pos="X">цяла</wf>
         <wf lemma="нощ" pos="X">нощ</wf>
         <wf lemma="." pos="X">.</wf>
      </sentence>
      <sentence id="d000.s1031" source="wordnet-bulgarian">
         <wf lemma="с" pos="X">с</wf>
         <wf lemma="голямо" pos="X">голямо</wf>
         <instance id="d000.s1031.t000" lemma="мнозинство" pos="NOUN">мнозинство</instance>
         <wf lemma="." pos="X">.</wf>
      </sentence>
      <sentence id="d000.s1032" source="wordnet-bulgarian">
         <wf lemma="няма" pos="X">няма</wf>
         <wf lemma="никакъв" pos="X">никакъв</wf>
         <instance id="d000.s1032.t000" lemma="вятър" pos="NOUN">вятър</instance>
         <wf lemma="." pos="X">.</wf>
      </sentence>
      <sentence id="d000.s1033" source="wordnet-bulgarian">
         <wf lemma="разкошен" pos="X">разкошен</wf>
         <instance id="d000.s1033.t000" lemma="живот" pos="NOUN">живот</instance>
         <wf lemma="." pos="X">.</wf>
      </sentence>
      <sentence id="d000.s1034" source="wordnet-bulgarian">
         <wf lemma="чувствителна" pos="X">чувствителна</wf>
         <instance id="d000.s1034.t000" lemma="кожа" pos="NOUN">кожа</instance>
         <wf lemma="." pos="X">.</wf>
      </sentence>
      <sentence id="d000.s1035" source="wordnet-bulgarian">
         <wf lemma="На" pos="X">На</wf>
         <wf lemma="пода" pos="X">пода</wf>
         <wf lemma="падна" pos="X">падна</wf>
         <instance id="d000.s1035.t000" lemma="капка" pos="NOUN">капка</instance>
         <wf lemma="от" pos="X">от</wf>
         <wf lemma="виното" pos="X">виното</wf>
         <wf lemma="." pos="X">.</wf>
      </sentence>
      <sentence id="d000.s1036" source="wordnet-bulgarian">
         <wf lemma="Целият" pos="X">Целият</wf>
         <instance id="d000.s1036.t000" lemma="треперя" pos="VERB">треперя</instance>
         <wf lemma="." pos="X">.</wf>
      </sentence>
      <sentence id="d000.s1037" source="wordnet-bulgarian">
         <wf lemma="скучна" pos="X">скучна</wf>
         <instance id="d000.s1037.t000" lemma="книга" pos="NOUN">книга</instance>
         <wf lemma="." pos="X">.</wf>
      </sentence>
      <sentence id="d000.s1038" source="wordnet-bulgarian">
         <instance id="d000.s1038.t000" lemma="освобождавам" pos="VERB">освобождавам</instance>
         <wf lemma="от" pos="X">от</wf>
         <wf lemma="." pos="X">.</wf>
      </sentence>
      <sentence id="d000.s1039" source="wordnet-bulgarian">
         <wf lemma="голямо" pos="X">голямо</wf>
         <instance id="d000.s1039.t000" lemma="старание" pos="NOUN">старание</instance>
         <wf lemma="." pos="X">.</wf>
      </sentence>
      <sentence id="d000.s1040" source="wordnet-bulgarian">
         <wf lemma="равностранен" pos="X">равностранен</wf>
         <instance id="d000.s1040.t000" lemma="триъгълник" pos="NOUN">триъгълник</instance>
         <wf lemma="." pos="X">.</wf>
      </sentence>
      <sentence id="d000.s1041" source="wordnet-bulgarian">
         <wf lemma="Една" pos="X">Една</wf>
         <wf lemma="голяма" pos="X">голяма</wf>
         <instance id="d000.s1041.t000" lemma="жаба" pos="NOUN">жаба</instance>
         <wf lemma="скочи" pos="X">скочи</wf>
         <wf lemma="в" pos="X">в</wf>
         <wf lemma="краката" pos="X">краката</wf>
         <wf lemma="ми" pos="X">ми</wf>
         <wf lemma="." pos="X">.</wf>
      </sentence>
      <sentence id="d000.s1042" source="wordnet-bulgarian">
         <wf lemma="в" pos="X">в</wf>
         <instance id="d000.s1042.t000" lemma="посолство" pos="NOUN">посолството</instance>
         <wf lemma="." pos="X">.</wf>
      </sentence>
      <sentence id="d000.s1043" source="wordnet-bulgarian">
         <wf lemma="оправдателна" pos="X">оправдателна</wf>
         <instance id="d000.s1043.t000" lemma="присъда" pos="NOUN">присъда</instance>
         <wf lemma="." pos="X">.</wf>
      </sentence>
      <sentence id="d000.s1044" source="wordnet-bulgarian">
         <wf lemma="резултатите" pos="X">резултатите</wf>
         <instance id="d000.s1044.t000" lemma="доказвам" pos="VERB">доказват</instance>
         <wf lemma="," pos="X">,</wf>
         <wf lemma="че" pos="X">че</wf>
         <wf lemma="." pos="X">.</wf>
      </sentence>
      <sentence id="d000.s1045" source="wordnet-bulgarian">
         <wf lemma="общ" pos="X">общ</wf>
         <instance id="d000.s1045.t000" lemma="доход" pos="NOUN">доход</instance>
         <wf lemma="." pos="X">.</wf>
      </sentence>
      <sentence id="d000.s1046" source="wordnet-bulgarian">
         <wf lemma="същината" pos="X">същината</wf>
         <wf lemma="на" pos="X">на</wf>
         <instance id="d000.s1046.t000" lemma="въпрос" pos="NOUN">въпроса</instance>
         <wf lemma="е" pos="X">е</wf>
         <wf lemma="." pos="X">.</wf>
      </sentence>
      <sentence id="d000.s1047" source="wordnet-bulgarian">
         <wf lemma="При" pos="X">При</wf>
         <instance id="d000.s1047.t000" lemma="среща" pos="NOUN">среща</instance>
         <wf lemma="дори" pos="X">дори</wf>
         <wf lemma="не" pos="X">не</wf>
         <wf lemma="се" pos="X">се</wf>
         <wf lemma="поздравяваме" pos="X">поздравяваме</wf>
         <wf lemma="." pos="X">.</wf>
      </sentence>
      <sentence id="d000.s1048" source="wordnet-bulgarian">
         <wf lemma="В" pos="X">В</wf>
         <instance id="d000.s1048.t000" lemma="село" pos="NOUN">селото</instance>
         <wf lemma="живеят" pos="X">живеят</wf>
         <wf lemma="само" pos="X">само</wf>
         <wf lemma="десет" pos="X">десет</wf>
         <wf lemma="човека" pos="X">човека</wf>
         <wf lemma="." pos="X">.</wf>
      </sentence>
      <sentence id="d000.s1049" source="wordnet-bulgarian">
         <wf lemma="червен" pos="X">червен</wf>
         <wf lemma="на" pos="X">на</wf>
         <instance id="d000.s1049.t000" lemma="цвят" pos="NOUN">цвят</instance>
         <wf lemma="." pos="X">.</wf>
      </sentence>
      <sentence id="d000.s1050" source="wordnet-bulgarian">
         <instance id="d000.s1050.t000" lemma="отговарям" pos="VERB">отговарям</instance>
         <wf lemma="писмено" pos="X">писмено</wf>
         <wf lemma="." pos="X">.</wf>
      </sentence>
      <sentence id="d000.s1051" source="wordnet-bulgarian">
         <wf lemma="поддавам" pos="X">поддавам</wf>
         <wf lemma="се" pos="X">се</wf>
         <wf lemma="на" pos="X">на</wf>
         <instance id="d000.s1051.t000" lemma="изкушение" pos="NOUN">изкушение</instance>
         <wf lemma="." pos="X">.</wf>
      </sentence>
      <sentence id="d000.s1052" source="wordnet-bulgarian">
         <instance id="d000.s1052.t000" lemma="предлагам" pos="VERB">Предлагам</instance>
         <wf lemma="да" pos="X">да</wf>
         <wf lemma="се" pos="X">се</wf>
         <wf lemma="гласува" pos="X">гласува</wf>
         <wf lemma="." pos="X">.</wf>
      </sentence>
      <sentence id="d000.s1053" source="wordnet-bulgarian">
         <wf lemma="Заслужавам" pos="X">Заслужавам</wf>
         <wf lemma="по-добра" pos="X">по-добра</wf>
         <instance id="d000.s1053.t000" lemma="съдба" pos="NOUN">съдба</instance>
         <wf lemma="." pos="X">.</wf>
      </sentence>
      <sentence id="d000.s1054" source="wordnet-bulgarian">
         <instance id="d000.s1054.t000" lemma="пушка" pos="NOUN">пушка</instance>
         <wf lemma="с" pos="X">с</wf>
         <wf lemma="оптичен" pos="X">оптичен</wf>
         <wf lemma="мерник" pos="X">мерник</wf>
         <wf lemma="." pos="X">.</wf>
      </sentence>
      <sentence id="d000.s1055" source="wordnet-bulgarian">
         <wf lemma="Той" pos="X">Той</wf>
         <instance id="d000.s1055.t000" lemma="предпочитам" pos="VERB">предпочита</instance>
         <wf lemma="втората" pos="X">втората</wf>
         <wf lemma="си" pos="X">си</wf>
         <wf lemma="дъщеря" pos="X">дъщеря</wf>
         <wf lemma="." pos="X">.</wf>
      </sentence>
      <sentence id="d000.s1056" source="wordnet-bulgarian">
         <wf lemma="Отивам" pos="X">Отивам</wf>
         <wf lemma="на" pos="X">на</wf>
         <wf lemma="гости" pos="X">гости</wf>
         <wf lemma="при" pos="X">при</wf>
         <instance id="d000.s1056.t000" lemma="роднина" pos="NOUN">роднини</instance>
         <wf lemma="." pos="X">.</wf>
      </sentence>
      <sentence id="d000.s1057" source="wordnet-bulgarian">
         <wf lemma="Не" pos="X">Не</wf>
         <wf lemma="нося" pos="X">нося</wf>
         <instance id="d000.s1057.t000" lemma="часовник" pos="NOUN">часовник</instance>
         <wf lemma="." pos="X">.</wf>
      </sentence>
      <sentence id="d000.s1058" source="wordnet-bulgarian">
         <wf lemma="златен" pos="X">златен</wf>
         <instance id="d000.s1058.t000" lemma="албум" pos="NOUN">албум</instance>
         <wf lemma="." pos="X">.</wf>
      </sentence>
      <sentence id="d000.s1059" source="wordnet-bulgarian">
         <wf lemma="от" pos="X">от</wf>
         <instance id="d000.s1059.t000" lemma="гледище" pos="NOUN">гледището</instance>
         <wf lemma="на" pos="X">на</wf>
         <wf lemma="." pos="X">.</wf>
      </sentence>
      <sentence id="d000.s1060" source="wordnet-bulgarian">
         <instance id="d000.s1060.t000" lemma="диригент" pos="NOUN">диригент</instance>
         <wf lemma="на" pos="X">на</wf>
         <wf lemma="симфоничен" pos="X">симфоничен</wf>
         <wf lemma="оркестър" pos="X">оркестър</wf>
         <wf lemma="." pos="X">.</wf>
      </sentence>
      <sentence id="d000.s1061" source="wordnet-bulgarian">
         <instance id="d000.s1061.t000" lemma="пропорция" pos="NOUN">пропорции</instance>
         <wf lemma="на" pos="X">на</wf>
         <wf lemma="сграда" pos="X">сграда</wf>
         <wf lemma="." pos="X">.</wf>
      </sentence>
      <sentence id="d000.s1062" source="wordnet-bulgarian">
         <wf lemma="пристигам" pos="X">пристигам</wf>
         <wf lemma="с" pos="X">с</wf>
         <instance id="d000.s1062.t000" lemma="мотор" pos="NOUN">мотор</instance>
         <wf lemma="." pos="X">.</wf>
      </sentence>
      <sentence id="d000.s1063" source="wordnet-bulgarian">
         <instance id="d000.s1063.t000" lemma="среда" pos="NOUN">среда</instance>
         <wf lemma="на" pos="X">на</wf>
         <wf lemma="път" pos="X">път</wf>
         <wf lemma="." pos="X">.</wf>
      </sentence>
      <sentence id="d000.s1064" source="wordnet-bulgarian">
         <wf lemma="напускам" pos="X">напускам</wf>
         <instance id="d000.s1064.t000" lemma="работа" pos="NOUN">работа</instance>
         <wf lemma="." pos="X">.</wf>
      </sentence>
      <sentence id="d000.s1065" source="wordnet-bulgarian">
         <wf lemma="влизам" pos="X">влизам</wf>
         <wf lemma="в" pos="X">в</wf>
         <instance id="d000.s1065.t000" lemma="антре" pos="NOUN">антрето</instance>
         <wf lemma="." pos="X">.</wf>
      </sentence>
      <sentence id="d000.s1066" source="wordnet-bulgarian">
         <wf lemma="срещам" pos="X">срещам</wf>
         <instance id="d000.s1066.t000" lemma="трудност" pos="NOUN">трудности</instance>
         <wf lemma="." pos="X">.</wf>
      </sentence>
      <sentence id="d000.s1067" source="wordnet-bulgarian">
         <wf lemma="Който" pos="X">Който</wf>
         <wf lemma="рано" pos="X">рано</wf>
         <wf lemma="става" pos="X">става</wf>
         <wf lemma="," pos="X">,</wf>
         <wf lemma="Господ" pos="X">Господ</wf>
         <wf lemma="му" pos="X">му</wf>
         <instance id="d000.s1067.t000" lemma="помагам" pos="VERB">помага</instance>
         <wf lemma="." pos="X">.</wf>
      </sentence>
      <sentence id="d000.s1068" source="wordnet-bulgarian">
         <instance id="d000.s1068.t000" lemma="издавам" pos="VERB">издавам</instance>
         <wf lemma="тайна" pos="X">тайна</wf>
         <wf lemma="." pos="X">.</wf>
      </sentence>
      <sentence id="d000.s1069" source="wordnet-bulgarian">
         <wf lemma="самолетна" pos="X">самолетна</wf>
         <instance id="d000.s1069.t000" lemma="връзка" pos="NOUN">връзка</instance>
         <wf lemma="." pos="X">.</wf>
      </sentence>
      <sentence id="d000.s1070" source="wordnet-bulgarian">
         <wf lemma="бутам" pos="X">бутам</wf>
         <instance id="d000.s1070.t000" lemma="количка" pos="NOUN">количка</instance>
         <wf lemma="." pos="X">.</wf>
      </sentence>
      <sentence id="d000.s1071" source="wordnet-bulgarian">
         <instance id="d000.s1071.t000" lemma="искам" pos="VERB">Искам</instance>
         <wf lemma="да" pos="X">да</wf>
         <wf lemma="се" pos="X">се</wf>
         <wf lemma="прибера" pos="X">прибера</wf>
         <wf lemma="вкъщи" pos="X">вкъщи</wf>
         <wf lemma="." pos="X">.</wf>
      </sentence>
      <sentence id="d000.s1072" source="wordnet-bulgarian">
         <instance id="d000.s1072.t000" lemma="понижение" pos="NOUN">понижение</instance>
         <wf lemma="нивото" pos="X">нивото</wf>
         <wf lemma="на" pos="X">на</wf>
         <wf lemma="река" pos="X">река</wf>
         <wf lemma="." pos="X">.</wf>
      </sentence>
      <sentence id="d000.s1073" source="wordnet-bulgarian">
         <instance id="d000.s1073.t000" lemma="дъвча" pos="VERB">дъвча</instance>
         <wf lemma="храна" pos="X">храна</wf>
         <wf lemma="." pos="X">.</wf>
      </sentence>
      <sentence id="d000.s1074" source="wordnet-bulgarian">
         <wf lemma="човешко" pos="X">човешко</wf>
         <instance id="d000.s1074.t000" lemma="достойнство" pos="NOUN">достойнство</instance>
         <wf lemma="." pos="X">.</wf>
      </sentence>
      <sentence id="d000.s1075" source="wordnet-bulgarian">
         <instance id="d000.s1075.t000" lemma="норма" pos="NOUN">норма</instance>
         <wf lemma="на" pos="X">на</wf>
         <wf lemma="дневна" pos="X">дневна</wf>
         <wf lemma="изработка" pos="X">изработка</wf>
         <wf lemma="." pos="X">.</wf>
      </sentence>
      <sentence id="d000.s1076" source="wordnet-bulgarian">
         <wf lemma="ако" pos="X">ако</wf>
         <wf lemma="бях" pos="X">бях</wf>
         <wf lemma="в" pos="X">в</wf>
         <wf lemma="твоето" pos="X">твоето</wf>
         <instance id="d000.s1076.t000" lemma="положение" pos="NOUN">положение</instance>
         <wf lemma="." pos="X">.</wf>
      </sentence>
      <sentence id="d000.s1077" source="wordnet-bulgarian">
         <wf lemma="разходка" pos="X">разходка</wf>
         <wf lemma="с" pos="X">с</wf>
         <instance id="d000.s1077.t000" lemma="яхта" pos="NOUN">яхта</instance>
         <wf lemma="." pos="X">.</wf>
      </sentence>
      <sentence id="d000.s1078" source="wordnet-bulgarian">
         <wf lemma="Та" pos="X">Та</wf>
         <instance id="d000.s1078.t000" lemma="играя" pos="VERB">играе</instance>
         <wf lemma="прекрасно" pos="X">прекрасно</wf>
         <wf lemma="модерни" pos="X">модерни</wf>
         <wf lemma="танци" pos="X">танци</wf>
         <wf lemma="." pos="X">.</wf>
      </sentence>
      <sentence id="d000.s1079" source="wordnet-bulgarian">
         <instance id="d000.s1079.t000" lemma="отлагам" pos="VERB">отлагам</instance>
         <wf lemma="заседание" pos="X">заседание</wf>
         <wf lemma="." pos="X">.</wf>
      </sentence>
      <sentence id="d000.s1080" source="wordnet-bulgarian">
         <wf lemma="широки" pos="X">широки</wf>
         <instance id="d000.s1080.t000" lemma="познание" pos="NOUN">познания</instance>
         <wf lemma="." pos="X">.</wf>
      </sentence>
      <sentence id="d000.s1081" source="wordnet-bulgarian">
         <wf lemma="Качих" pos="X">Качих</wf>
         <wf lemma="се" pos="X">се</wf>
         <wf lemma="в" pos="X">в</wf>
         <instance id="d000.s1081.t000" lemma="кола" pos="NOUN">колата</instance>
         <wf lemma="и" pos="X">и</wf>
         <wf lemma="я" pos="X">я</wf>
         <wf lemma="подкарах" pos="X">подкарах</wf>
         <wf lemma="." pos="X">.</wf>
      </sentence>
      <sentence id="d000.s1082" source="wordnet-bulgarian">
         <instance id="d000.s1082.t000" lemma="река" pos="NOUN">Реката</instance>
         <wf lemma="се" pos="X">се</wf>
         <wf lemma="влива" pos="X">влива</wf>
         <wf lemma="в" pos="X">в</wf>
         <wf lemma="морето" pos="X">морето</wf>
         <wf lemma="." pos="X">.</wf>
      </sentence>
      <sentence id="d000.s1083" source="wordnet-bulgarian">
         <instance id="d000.s1083.t000" lemma="хотел" pos="NOUN">хотел</instance>
         <wf lemma="с" pos="X">с</wf>
         <wf lemma="три" pos="X">три</wf>
         <wf lemma="звезди" pos="X">звезди</wf>
         <wf lemma="." pos="X">.</wf>
      </sentence>
      <sentence id="d000.s1084" source="wordnet-bulgarian">
         <wf lemma="Не" pos="X">Не</wf>
         <wf lemma="стой" pos="X">стой</wf>
         <wf lemma="на" pos="X">на</wf>
         <instance id="d000.s1084.t000" lemma="течение" pos="NOUN">течение</instance>
         <wf lemma="." pos="X">.</wf>
      </sentence>
      <sentence id="d000.s1085" source="wordnet-bulgarian">
         <wf lemma="прескачам" pos="X">прескачам</wf>
         <instance id="d000.s1085.t000" lemma="ограда" pos="NOUN">оградата</instance>
         <wf lemma="." pos="X">.</wf>
      </sentence>
      <sentence id="d000.s1086" source="wordnet-bulgarian">
         <wf lemma="силна" pos="X">силна</wf>
         <instance id="d000.s1086.t000" lemma="отрова" pos="NOUN">отрова</instance>
         <wf lemma="." pos="X">.</wf>
      </sentence>
      <sentence id="d000.s1087" source="wordnet-bulgarian">
         <wf lemma="Имам" pos="X">Имам</wf>
         <wf lemma="едно" pos="X">едно</wf>
         <instance id="d000.s1087.t000" lemma="предложение" pos="NOUN">предложение</instance>
         <wf lemma="." pos="X">.</wf>
      </sentence>
      <sentence id="d000.s1088" source="wordnet-bulgarian">
         <instance id="d000.s1088.t000" lemma="факт" pos="NOUN">факт</instance>
         <wf lemma="е" pos="X">е</wf>
         <wf lemma="," pos="X">,</wf>
         <wf lemma="че" pos="X">че</wf>
         <wf lemma="." pos="X">.</wf>
      </sentence>
      <sentence id="d000.s1089" source="wordnet-bulgarian">
         <wf lemma="Внезапно" pos="X">Внезапно</wf>
         <wf lemma="светна" pos="X">светна</wf>
         <instance id="d000.s1089.t000" lemma="мълния" pos="NOUN">мълния</instance>
         <wf lemma="." pos="X">.</wf>
      </sentence>
      <sentence id="d000.s1090" source="wordnet-bulgarian">
         <wf lemma="феодално" pos="X">феодално</wf>
         <instance id="d000.s1090.t000" lemma="общество" pos="NOUN">общество</instance>
         <wf lemma="." pos="X">.</wf>
      </sentence>
      <sentence id="d000.s1091" source="wordnet-bulgarian">
         <wf lemma="Тази" pos="X">Тази</wf>
         <wf lemma="година" pos="X">година</wf>
         <wf lemma="ще" pos="X">ще</wf>
         <wf lemma="кандидатствам" pos="X">кандидатствам</wf>
         <wf lemma="в" pos="X">в</wf>
         <instance id="d000.s1091.t000" lemma="колеж" pos="NOUN">колеж</instance>
         <wf lemma="." pos="X">.</wf>
      </sentence>
      <sentence id="d000.s1092" source="wordnet-bulgarian">
         <wf lemma="Спира" pos="X">Спира</wf>
         <wf lemma="ми" pos="X">ми</wf>
         <instance id="d000.s1092.t000" lemma="сърце" pos="NOUN">сърцето</instance>
         <wf lemma="." pos="X">.</wf>
      </sentence>
      <sentence id="d000.s1093" source="wordnet-bulgarian">
         <instance id="d000.s1093.t000" lemma="бърша" pos="VERB">бърша</instance>
         <wf lemma="под." pos="X">под.</wf>
      </sentence>
      <sentence id="d000.s1094" source="wordnet-bulgarian">
         <wf lemma="сухо" pos="X">сухо</wf>
         <instance id="d000.s1094.t000" lemma="вино" pos="NOUN">вино</instance>
         <wf lemma="." pos="X">.</wf>
      </sentence>
      <sentence id="d000.s1095" source="wordnet-bulgarian">
         <wf lemma="атомно" pos="X">атомно</wf>
         <instance id="d000.s1095.t000" lemma="ядро" pos="NOUN">ядро</instance>
         <wf lemma="." pos="X">.</wf>
      </sentence>
      <sentence id="d000.s1096" source="wordnet-bulgarian">
         <instance id="d000.s1096.t000" lemma="властвам" pos="VERB">властвам</instance>
         <wf lemma="над" pos="X">над</wf>
         <wf lemma="другите" pos="X">другите</wf>
         <wf lemma="." pos="X">.</wf>
      </sentence>
      <sentence id="d000.s1097" source="wordnet-bulgarian">
         <wf lemma="скална" pos="X">скална</wf>
         <instance id="d000.s1097.t000" lemma="цепнатина" pos="NOUN">цепнатина</instance>
         <wf lemma="." pos="X">.</wf>
      </sentence>
      <sentence id="d000.s1098" source="wordnet-bulgarian">
         <wf lemma="оказвам" pos="X">оказвам</wf>
         <instance id="d000.s1098.t000" lemma="помощ" pos="NOUN">помощ</instance>
         <wf lemma="." pos="X">.</wf>
      </sentence>
      <sentence id="d000.s1099" source="wordnet-bulgarian">
         <wf lemma="пълен" pos="X">пълен</wf>
         <instance id="d000.s1099.t000" lemma="крах" pos="NOUN">крах</instance>
         <wf lemma="." pos="X">.</wf>
      </sentence>
      <sentence id="d000.s1100" source="wordnet-bulgarian">
         <wf lemma="не" pos="X">не</wf>
         <wf lemma="подлежи" pos="X">подлежи</wf>
         <wf lemma="на" pos="X">на</wf>
         <instance id="d000.s1100.t000" lemma="съмнение" pos="NOUN">съмнение</instance>
         <wf lemma="." pos="X">.</wf>
      </sentence>
      <sentence id="d000.s1101" source="wordnet-bulgarian">
         <wf lemma="покривам" pos="X">покривам</wf>
         <wf lemma="с" pos="X">с</wf>
         <instance id="d000.s1101.t000" lemma="керемида" pos="NOUN">керемиди</instance>
         <wf lemma="." pos="X">.</wf>
      </sentence>
      <sentence id="d000.s1102" source="wordnet-bulgarian">
         <wf lemma="имам" pos="X">имам</wf>
         <instance id="d000.s1102.t000" lemma="дял" pos="NOUN">дял</instance>
         <wf lemma="от" pos="X">от</wf>
         <wf lemma="къщата" pos="X">къщата</wf>
         <wf lemma="." pos="X">.</wf>
      </sentence>
      <sentence id="d000.s1103" source="wordnet-bulgarian">
         <wf lemma="черен" pos="X">черен</wf>
         <instance id="d000.s1103.t000" lemma="чай" pos="NOUN">чай</instance>
         <wf lemma="." pos="X">.</wf>
      </sentence>
      <sentence id="d000.s1104" source="wordnet-bulgarian">
         <wf lemma="проявявам" pos="X">проявявам</wf>
         <instance id="d000.s1104.t000" lemma="вярност" pos="NOUN">вярност</instance>
         <wf lemma="." pos="X">.</wf>
      </sentence>
      <sentence id="d000.s1105" source="wordnet-bulgarian">
         <wf lemma="конна" pos="X">конна</wf>
         <instance id="d000.s1105.t000" lemma="дивизия" pos="NOUN">дивизия</instance>
         <wf lemma="." pos="X">.</wf>
      </sentence>
      <sentence id="d000.s1106" source="wordnet-bulgarian">
         <wf lemma="стрелкова" pos="X">стрелкова</wf>
         <instance id="d000.s1106.t000" lemma="дивизия" pos="NOUN">дивизия</instance>
         <wf lemma="." pos="X">.</wf>
      </sentence>
      <sentence id="d000.s1107" source="wordnet-bulgarian">
         <instance id="d000.s1107.t000" lemma="приятел" pos="NOUN">приятел</instance>
         <wf lemma="от" pos="X">от</wf>
         <wf lemma="ученическите" pos="X">ученическите</wf>
         <wf lemma="години" pos="X">години</wf>
         <wf lemma="." pos="X">.</wf>
      </sentence>
      <sentence id="d000.s1108" source="wordnet-bulgarian">
         <wf lemma="дружество" pos="X">дружество</wf>
         <wf lemma="за" pos="X">за</wf>
         <instance id="d000.s1108.t000" lemma="защита" pos="NOUN">защита</instance>
         <wf lemma="на" pos="X">на</wf>
         <wf lemma="животните" pos="X">животните</wf>
         <wf lemma="." pos="X">.</wf>
      </sentence>
      <sentence id="d000.s1109" source="wordnet-bulgarian">
         <wf lemma="шийна" pos="X">шийна</wf>
         <instance id="d000.s1109.t000" lemma="вена" pos="NOUN">вена</instance>
         <wf lemma="." pos="X">.</wf>
      </sentence>
      <sentence id="d000.s1110" source="wordnet-bulgarian">
         <wf lemma="неограничени" pos="X">неограничени</wf>
         <instance id="d000.s1110.t000" lemma="възможност" pos="NOUN">възможности</instance>
         <wf lemma="." pos="X">.</wf>
      </sentence>
      <sentence id="d000.s1111" source="wordnet-bulgarian">
         <wf lemma="международен" pos="X">международен</wf>
         <instance id="d000.s1111.t000" lemma="конгрес" pos="NOUN">конгрес</instance>
         <wf lemma="." pos="X">.</wf>
      </sentence>
      <sentence id="d000.s1112" source="wordnet-bulgarian">
         <instance id="d000.s1112.t000" lemma="пръстен" pos="NOUN">пръстен</instance>
         <wf lemma="с" pos="X">с</wf>
         <wf lemma="камък" pos="X">камък</wf>
         <wf lemma="." pos="X">.</wf>
      </sentence>
      <sentence id="d000.s1113" source="wordnet-bulgarian">
         <instance id="d000.s1113.t000" lemma="мириша" pos="VERB">мириша</instance>
         <wf lemma="парфюм" pos="X">парфюм</wf>
         <wf lemma="." pos="X">.</wf>
      </sentence>
      <sentence id="d000.s1114" source="wordnet-bulgarian">
         <wf lemma="красив" pos="X">красив</wf>
         <instance id="d000.s1114.t000" lemma="фонтан" pos="NOUN">фонтан</instance>
         <wf lemma="." pos="X">.</wf>
      </sentence>
      <sentence id="d000.s1115" source="wordnet-bulgarian">
         <wf lemma="буржоазен" pos="X">буржоазен</wf>
         <instance id="d000.s1115.t000" lemma="род" pos="NOUN">род</instance>
         <wf lemma="." pos="X">.</wf>
      </sentence>
      <sentence id="d000.s1116" source="wordnet-bulgarian">
         <wf lemma="румени" pos="X">румени</wf>
         <instance id="d000.s1116.t000" lemma="буза" pos="NOUN">бузи</instance>
         <wf lemma="." pos="X">.</wf>
      </sentence>
      <sentence id="d000.s1117" source="wordnet-bulgarian">
         <wf lemma="подлагам" pos="X">подлагам</wf>
         <wf lemma="се" pos="X">се</wf>
         <wf lemma="на" pos="X">на</wf>
         <instance id="d000.s1117.t000" lemma="операция" pos="NOUN">операция</instance>
         <wf lemma="." pos="X">.</wf>
      </sentence>
      <sentence id="d000.s1118" source="wordnet-bulgarian">
         <wf lemma="Пръстовите" pos="X">Пръстовите</wf>
         <wf lemma="отпечатъци" pos="X">отпечатъци</wf>
         <instance id="d000.s1118.t000" lemma="съответствам" pos="VERB">съответстват</instance>
         <wf lemma="на" pos="X">на</wf>
         <wf lemma="тези" pos="X">тези</wf>
         <wf lemma="от" pos="X">от</wf>
         <wf lemma="пистолета" pos="X">пистолета</wf>
         <wf lemma="." pos="X">.</wf>
      </sentence>
      <sentence id="d000.s1119" source="wordnet-bulgarian">
         <wf lemma="царевичен" pos="X">царевичен</wf>
         <instance id="d000.s1119.t000" lemma="хляб" pos="NOUN">хляб</instance>
         <wf lemma="." pos="X">.</wf>
      </sentence>
      <sentence id="d000.s1120" source="wordnet-bulgarian">
         <wf lemma="На" pos="X">На</wf>
         <wf lemma="каква" pos="X">каква</wf>
         <instance id="d000.s1120.t000" lemma="база" pos="NOUN">база</instance>
         <wf lemma="правиш" pos="X">правиш</wf>
         <wf lemma="изводи" pos="X">изводи</wf>
         <wf lemma="?" pos="X">?</wf>
      </sentence>
      <sentence id="d000.s1121" source="wordnet-bulgarian">
         <instance id="d000.s1121.t000" lemma="приспособление" pos="NOUN">приспособление</instance>
         <wf lemma="за" pos="X">за</wf>
         <wf lemma="плетене" pos="X">плетене</wf>
         <wf lemma="." pos="X">.</wf>
      </sentence>
      <sentence id="d000.s1122" source="wordnet-bulgarian">
         <wf lemma="от" pos="X">от</wf>
         <instance id="d000.s1122.t000" lemma="омраза" pos="NOUN">омраза</instance>
         <wf lemma="към" pos="X">към</wf>
         <wf lemma="." pos="X">.</wf>
      </sentence>
      <sentence id="d000.s1123" source="wordnet-bulgarian">
         <wf lemma="пея" pos="X">пея</wf>
         <instance id="d000.s1123.t000" lemma="джаз" pos="NOUN">джаз</instance>
         <wf lemma="." pos="X">.</wf>
      </sentence>
      <sentence id="d000.s1124" source="wordnet-bulgarian">
         <instance id="d000.s1124.t000" lemma="изпитвам" pos="VERB">изпитвам</instance>
         <wf lemma="огорчение" pos="X">огорчение</wf>
         <wf lemma="." pos="X">.</wf>
      </sentence>
      <sentence id="d000.s1125" source="wordnet-bulgarian">
         <instance id="d000.s1125.t000" lemma="бия" pos="VERB">бия</instance>
         <wf lemma="по" pos="X">по</wf>
         <wf lemma="лицето" pos="X">лицето</wf>
         <wf lemma="." pos="X">.</wf>
      </sentence>
      <sentence id="d000.s1126" source="wordnet-bulgarian">
         <wf lemma="светещ" pos="X">светещ</wf>
         <instance id="d000.s1126.t000" lemma="куршум" pos="NOUN">куршум</instance>
         <wf lemma="." pos="X">.</wf>
      </sentence>
      <sentence id="d000.s1127" source="wordnet-bulgarian">
         <wf lemma="Йовков" pos="X">Йовков</wf>
         <wf lemma="е" pos="X">е</wf>
         <wf lemma="писател" pos="X">писател</wf>
         <wf lemma="с" pos="X">с</wf>
         <wf lemma="подчертана" pos="X">подчертана</wf>
         <instance id="d000.s1127.t000" lemma="индивидуалност" pos="NOUN">индивидуалност</instance>
         <wf lemma="." pos="X">.</wf>
      </sentence>
      <sentence id="d000.s1128" source="wordnet-bulgarian">
         <wf lemma="откривам" pos="X">откривам</wf>
         <wf lemma="нова" pos="X">нова</wf>
         <instance id="d000.s1128.t000" lemma="сграда" pos="NOUN">сграда</instance>
         <wf lemma="." pos="X">.</wf>
      </sentence>
      <sentence id="d000.s1129" source="wordnet-bulgarian">
         <wf lemma="давам" pos="X">давам</wf>
         <instance id="d000.s1129.t000" lemma="формулировка" pos="NOUN">формулировка</instance>
         <wf lemma="на" pos="X">на</wf>
         <wf lemma="." pos="X">.</wf>
      </sentence>
      <sentence id="d000.s1130" source="wordnet-bulgarian">
         <wf lemma="Всеки" pos="X">Всеки</wf>
         <wf lemma="ден" pos="X">ден</wf>
         <wf lemma="паркирам" pos="X">паркирам</wf>
         <wf lemma="колата" pos="X">колата</wf>
         <wf lemma="на" pos="X">на</wf>
         <instance id="d000.s1130.t000" lemma="алея" pos="NOUN">алеята</instance>
         <wf lemma="пред" pos="X">пред</wf>
         <wf lemma="дома" pos="X">дома</wf>
         <wf lemma="си" pos="X">си</wf>
         <wf lemma="." pos="X">.</wf>
      </sentence>
      <sentence id="d000.s1131" source="wordnet-bulgarian">
         <wf lemma="има" pos="X">има</wf>
         <wf lemma="ли" pos="X">ли</wf>
         <wf lemma="свободно" pos="X">свободно</wf>
         <instance id="d000.s1131.t000" lemma="място" pos="NOUN">място</instance>
         <wf lemma="за" pos="X">за</wf>
         <wf lemma="още" pos="X">още</wf>
         <wf lemma="чинии" pos="X">чинии</wf>
         <wf lemma="?" pos="X">?</wf>
      </sentence>
      <sentence id="d000.s1132" source="wordnet-bulgarian">
         <wf lemma="пощенски" pos="X">пощенски</wf>
         <instance id="d000.s1132.t000" lemma="вагон" pos="NOUN">вагон</instance>
         <wf lemma="." pos="X">.</wf>
      </sentence>
      <sentence id="d000.s1133" source="wordnet-bulgarian">
         <wf lemma="маса" pos="X">маса</wf>
         <wf lemma="с" pos="X">с</wf>
         <wf lemma="къси" pos="X">къси</wf>
         <instance id="d000.s1133.t000" lemma="крак" pos="NOUN">крака</instance>
         <wf lemma="." pos="X">.</wf>
      </sentence>
      <sentence id="d000.s1134" source="wordnet-bulgarian">
         <wf lemma="научен" pos="X">научен</wf>
         <instance id="d000.s1134.t000" lemma="доклад" pos="NOUN">доклад</instance>
         <wf lemma="." pos="X">.</wf>
      </sentence>
      <sentence id="d000.s1135" source="wordnet-bulgarian">
         <wf lemma="претърпявам" pos="X">претърпявам</wf>
         <instance id="d000.s1135.t000" lemma="крах" pos="NOUN">крах</instance>
         <wf lemma="." pos="X">.</wf>
      </sentence>
      <sentence id="d000.s1136" source="wordnet-bulgarian">
         <instance id="d000.s1136.t000" lemma="карнавал" pos="NOUN">карнавал</instance>
         <wf lemma="с" pos="X">с</wf>
         <wf lemma="маски" pos="X">маски</wf>
         <wf lemma="." pos="X">.</wf>
      </sentence>
      <sentence id="d000.s1137" source="wordnet-bulgarian">
         <instance id="d000.s1137.t000" lemma="влизам" pos="VERB">Влизам</instance>
         <wf lemma="в" pos="X">в</wf>
         <wf lemma="дружество" pos="X">дружество</wf>
         <wf lemma="." pos="X">.</wf>
      </sentence>
      <sentence id="d000.s1138" source="wordnet-bulgarian">
         <wf lemma="продавам" pos="X">продавам</wf>
         <instance id="d000.s1138.t000" lemma="жилище" pos="NOUN">жилище</instance>
         <wf lemma="." pos="X">.</wf>
      </sentence>
      <sentence id="d000.s1139" source="wordnet-bulgarian">
         <wf lemma="реалистично" pos="X">реалистично</wf>
         <instance id="d000.s1139.t000" lemma="изображение" pos="NOUN">изображение</instance>
         <wf lemma="." pos="X">.</wf>
      </sentence>
      <sentence id="d000.s1140" source="wordnet-bulgarian">
         <instance id="d000.s1140.t000" lemma="процедура" pos="NOUN">процедура</instance>
         <wf lemma="за" pos="X">за</wf>
         <wf lemma="получаване" pos="X">получаване</wf>
         <wf lemma="на" pos="X">на</wf>
         <wf lemma="лиценз" pos="X">лиценз</wf>
         <wf lemma="." pos="X">.</wf>
      </sentence>
      <sentence id="d000.s1141" source="wordnet-bulgarian">
         <wf lemma="довършвам" pos="X">довършвам</wf>
         <instance id="d000.s1141.t000" lemma="подробност" pos="NOUN">подробностите</instance>
         <wf lemma="." pos="X">.</wf>
      </sentence>
      <sentence id="d000.s1142" source="wordnet-bulgarian">
         <wf lemma="вятърна" pos="X">вятърна</wf>
         <instance id="d000.s1142.t000" lemma="мелница" pos="NOUN">мелница</instance>
         <wf lemma="." pos="X">.</wf>
      </sentence>
      <sentence id="d000.s1143" source="wordnet-bulgarian">
         <instance id="d000.s1143.t000" lemma="колело" pos="NOUN">Колелото</instance>
         <wf lemma="на" pos="X">на</wf>
         <wf lemma="машината" pos="X">машината</wf>
         <wf lemma="се" pos="X">се</wf>
         <wf lemma="завъртя" pos="X">завъртя</wf>
         <wf lemma="бързо" pos="X">бързо</wf>
         <wf lemma="." pos="X">.</wf>
      </sentence>
      <sentence id="d000.s1144" source="wordnet-bulgarian">
         <wf lemma="персонален" pos="X">персонален</wf>
         <instance id="d000.s1144.t000" lemma="компютър" pos="NOUN">компютър</instance>
         <wf lemma="." pos="X">.</wf>
      </sentence>
      <sentence id="d000.s1145" source="wordnet-bulgarian">
         <wf lemma="малка" pos="X">малка</wf>
         <instance id="d000.s1145.t000" lemma="буква" pos="NOUN">буква</instance>
         <wf lemma="." pos="X">.</wf>
      </sentence>
      <sentence id="d000.s1146" source="wordnet-bulgarian">
         <wf lemma="Съседът" pos="X">Съседът</wf>
         <wf lemma="ми" pos="X">ми</wf>
         <wf lemma="е" pos="X">е</wf>
         <instance id="d000.s1146.t000" lemma="наркоман" pos="NOUN">наркоман</instance>
         <wf lemma="." pos="X">.</wf>
      </sentence>
      <sentence id="d000.s1147" source="wordnet-bulgarian">
         <instance id="d000.s1147.t000" lemma="паркирам" pos="VERB">паркирам</instance>
         <wf lemma="автомобил" pos="X">автомобил</wf>
         <wf lemma="." pos="X">.</wf>
      </sentence>
      <sentence id="d000.s1148" source="wordnet-bulgarian">
         <instance id="d000.s1148.t000" lemma="мириша" pos="VERB">мириша</instance>
         <wf lemma="хляба" pos="X">хляба</wf>
         <wf lemma="." pos="X">.</wf>
      </sentence>
      <sentence id="d000.s1149" source="wordnet-bulgarian">
         <wf lemma="по" pos="X">по</wf>
         <instance id="d000.s1149.t000" lemma="списък" pos="NOUN">списък</instance>
         <wf lemma="." pos="X">.</wf>
      </sentence>
      <sentence id="d000.s1150" source="wordnet-bulgarian">
         <instance id="d000.s1150.t000" lemma="филм" pos="NOUN">Филмът</instance>
         <wf lemma="ме" pos="X">ме</wf>
         <wf lemma="разчувства" pos="X">разчувства</wf>
         <wf lemma="." pos="X">.</wf>
      </sentence>
      <sentence id="d000.s1151" source="wordnet-bulgarian">
         <wf lemma="диво" pos="X">диво</wf>
         <instance id="d000.s1151.t000" lemma="състояние" pos="NOUN">състояние</instance>
         <wf lemma="." pos="X">.</wf>
      </sentence>
      <sentence id="d000.s1152" source="wordnet-bulgarian">
         <wf lemma="прекъсвам" pos="X">прекъсвам</wf>
         <instance id="d000.s1152.t000" lemma="връзка" pos="NOUN">връзките</instance>
         <wf lemma="си" pos="X">си</wf>
         <wf lemma="с." pos="X">с.</wf>
      </sentence>
      <sentence id="d000.s1153" source="wordnet-bulgarian">
         <wf lemma="Взех" pos="X">Взех</wf>
         <wf lemma="си" pos="X">си</wf>
         <instance id="d000.s1153.t000" lemma="завивка" pos="NOUN">завивката</instance>
         <wf lemma="и" pos="X">и</wf>
         <wf lemma="полегнах" pos="X">полегнах</wf>
         <wf lemma="да" pos="X">да</wf>
         <wf lemma="си" pos="X">си</wf>
         <wf lemma="почина" pos="X">почина</wf>
         <wf lemma="." pos="X">.</wf>
      </sentence>
      <sentence id="d000.s1154" source="wordnet-bulgarian">
         <wf lemma="полет" pos="X">полет</wf>
         <wf lemma="с" pos="X">с</wf>
         <instance id="d000.s1154.t000" lemma="хеликоптер" pos="NOUN">хеликоптер</instance>
         <wf lemma="." pos="X">.</wf>
      </sentence>
      <sentence id="d000.s1155" source="wordnet-bulgarian">
         <wf lemma="студено" pos="X">студено</wf>
         <instance id="d000.s1155.t000" lemma="време" pos="NOUN">време</instance>
         <wf lemma="." pos="X">.</wf>
      </sentence>
      <sentence id="d000.s1156" source="wordnet-bulgarian">
         <wf lemma="изпускам" pos="X">изпускам</wf>
         <instance id="d000.s1156.t000" lemma="плячка" pos="NOUN">плячката</instance>
         <wf lemma="си" pos="X">си</wf>
         <wf lemma="." pos="X">.</wf>
      </sentence>
      <sentence id="d000.s1157" source="wordnet-bulgarian">
         <wf lemma="имам" pos="X">имам</wf>
         <wf lemma="пълната" pos="X">пълната</wf>
         <instance id="d000.s1157.t000" lemma="възможност" pos="NOUN">възможност</instance>
         <wf lemma="да" pos="X">да</wf>
         <wf lemma="направя" pos="X">направя</wf>
         <wf lemma="нещо" pos="X">нещо</wf>
         <wf lemma="." pos="X">.</wf>
      </sentence>
      <sentence id="d000.s1158" source="wordnet-bulgarian">
         <instance id="d000.s1158.t000" lemma="смяна" pos="NOUN">смяна</instance>
         <wf lemma="на" pos="X">на</wf>
         <wf lemma="правителството" pos="X">правителството</wf>
         <wf lemma="." pos="X">.</wf>
      </sentence>
      <sentence id="d000.s1159" source="wordnet-bulgarian">
         <wf lemma="правя" pos="X">правя</wf>
         <instance id="d000.s1159.t000" lemma="аналогия" pos="NOUN">аналогия</instance>
         <wf lemma="с." pos="X">с.</wf>
      </sentence>
      <sentence id="d000.s1160" source="wordnet-bulgarian">
         <wf lemma="Мога" pos="X">Мога</wf>
         <wf lemma="само" pos="X">само</wf>
         <wf lemma="да" pos="X">да</wf>
         <wf lemma="гадая" pos="X">гадая</wf>
         <wf lemma="и" pos="X">и</wf>
         <instance id="d000.s1160.t000" lemma="предполагам" pos="VERB">предполагам</instance>
         <wf lemma="." pos="X">.</wf>
      </sentence>
      <sentence id="d000.s1161" source="wordnet-bulgarian">
         <instance id="d000.s1161.t000" lemma="пречка" pos="NOUN">пречка</instance>
         <wf lemma="за" pos="X">за</wf>
         <wf lemma="." pos="X">.</wf>
      </sentence>
      <sentence id="d000.s1162" source="wordnet-bulgarian">
         <wf lemma="безизразно" pos="X">безизразно</wf>
         <instance id="d000.s1162.t000" lemma="лице" pos="NOUN">лице</instance>
         <wf lemma="." pos="X">.</wf>
      </sentence>
      <sentence id="d000.s1163" source="wordnet-bulgarian">
         <instance id="d000.s1163.t000" lemma="приставка" pos="NOUN">приставка</instance>
         <wf lemma="към" pos="X">към</wf>
         <wf lemma="телевизор" pos="X">телевизор</wf>
         <wf lemma="." pos="X">.</wf>
      </sentence>
      <sentence id="d000.s1164" source="wordnet-bulgarian">
         <wf lemma="използвам" pos="X">използвам</wf>
         <wf lemma="нещо" pos="X">нещо</wf>
         <wf lemma="по" pos="X">по</wf>
         <instance id="d000.s1164.t000" lemma="предназначение" pos="NOUN">предназначение</instance>
         <wf lemma="." pos="X">.</wf>
      </sentence>
      <sentence id="d000.s1165" source="wordnet-bulgarian">
         <wf lemma="островърха" pos="X">островърха</wf>
         <instance id="d000.s1165.t000" lemma="палатка" pos="NOUN">палатка</instance>
         <wf lemma="." pos="X">.</wf>
      </sentence>
      <sentence id="d000.s1166" source="wordnet-bulgarian">
         <wf lemma="Звъни" pos="X">Звъни</wf>
         <wf lemma="ми" pos="X">ми</wf>
         <instance id="d000.s1166.t000" lemma="телефон" pos="NOUN">телефонът</instance>
         <wf lemma="." pos="X">.</wf>
      </sentence>
      <sentence id="d000.s1167" source="wordnet-bulgarian">
         <wf lemma="храня" pos="X">храня</wf>
         <wf lemma="се" pos="X">се</wf>
         <wf lemma="с" pos="X">с</wf>
         <instance id="d000.s1167.t000" lemma="вилица" pos="NOUN">вилица</instance>
         <wf lemma="." pos="X">.</wf>
      </sentence>
      <sentence id="d000.s1168" source="wordnet-bulgarian">
         <wf lemma="в" pos="X">в</wf>
         <instance id="d000.s1168.t000" lemma="област" pos="NOUN">областта</instance>
         <wf lemma="на" pos="X">на</wf>
         <wf lemma="." pos="X">.</wf>
      </sentence>
      <sentence id="d000.s1169" source="wordnet-bulgarian">
         <wf lemma="Ще" pos="X">Ще</wf>
         <instance id="d000.s1169.t000" lemma="кажа" pos="VERB">кажа</instance>
         <wf lemma="точно" pos="X">точно</wf>
         <wf lemma="думите" pos="X">думите</wf>
         <wf lemma="," pos="X">,</wf>
         <wf lemma="както" pos="X">както</wf>
         <wf lemma="бяха" pos="X">бяха</wf>
         <wf lemma="изречени" pos="X">изречени</wf>
         <wf lemma="." pos="X">.</wf>
      </sentence>
      <sentence id="d000.s1170" source="wordnet-bulgarian">
         <wf lemma="във" pos="X">във</wf>
         <instance id="d000.s1170.t000" lemma="възторг" pos="NOUN">възторг</instance>
         <wf lemma="съм" pos="X">съм</wf>
         <wf lemma="от" pos="X">от</wf>
         <wf lemma="." pos="X">.</wf>
      </sentence>
      <sentence id="d000.s1171" source="wordnet-bulgarian">
         <instance id="d000.s1171.t000" lemma="бой" pos="NOUN">боя</instance>
         <wf lemma="за" pos="X">за</wf>
         <wf lemma="рисуване" pos="X">рисуване</wf>
         <wf lemma="." pos="X">.</wf>
      </sentence>
      <sentence id="d000.s1172" source="wordnet-bulgarian">
         <wf lemma="чужд" pos="X">чужд</wf>
         <instance id="d000.s1172.t000" lemma="език" pos="NOUN">език</instance>
         <wf lemma="." pos="X">.</wf>
      </sentence>
      <sentence id="d000.s1173" source="wordnet-bulgarian">
         <instance id="d000.s1173.t000" lemma="драскам" pos="VERB">драскам</instance>
         <wf lemma="с" pos="X">с</wf>
         <wf lemma="нокти" pos="X">нокти</wf>
         <wf lemma="." pos="X">.</wf>
      </sentence>
      <sentence id="d000.s1174" source="wordnet-bulgarian">
         <wf lemma="художествена" pos="X">художествена</wf>
         <instance id="d000.s1174.t000" lemma="продукция" pos="NOUN">продукция</instance>
         <wf lemma="." pos="X">.</wf>
      </sentence>
      <sentence id="d000.s1175" source="wordnet-bulgarian">
         <wf lemma="през" pos="X">през</wf>
         <instance id="d000.s1175.t000" lemma="нощ" pos="NOUN">нощта</instance>
         <wf lemma="срещу" pos="X">срещу</wf>
         <wf lemma="вторник" pos="X">вторник</wf>
         <wf lemma="." pos="X">.</wf>
      </sentence>
      <sentence id="d000.s1176" source="wordnet-bulgarian">
         <instance id="d000.s1176.t000" lemma="пружина" pos="NOUN">пружина</instance>
         <wf lemma="на" pos="X">на</wf>
         <wf lemma="часовник" pos="X">часовник</wf>
         <wf lemma="." pos="X">.</wf>
      </sentence>
      <sentence id="d000.s1177" source="wordnet-bulgarian">
         <wf lemma="не" pos="X">не</wf>
         <wf lemma="търпя" pos="X">търпя</wf>
         <instance id="d000.s1177.t000" lemma="критика" pos="NOUN">критика</instance>
         <wf lemma="." pos="X">.</wf>
      </sentence>
      <sentence id="d000.s1178" source="wordnet-bulgarian">
         <wf lemma="ярък" pos="X">ярък</wf>
         <instance id="d000.s1178.t000" lemma="цвят" pos="NOUN">цвят</instance>
         <wf lemma="." pos="X">.</wf>
      </sentence>
      <sentence id="d000.s1179" source="wordnet-bulgarian">
         <instance id="d000.s1179.t000" lemma="одобря" pos="VERB">Одобриха</instance>
         <wf lemma="новия" pos="X">новия</wf>
         <wf lemma="проект" pos="X">проект</wf>
         <wf lemma="." pos="X">.</wf>
      </sentence>
      <sentence id="d000.s1180" source="wordnet-bulgarian">
         <wf lemma="отстранявам" pos="X">отстранявам</wf>
         <instance id="d000.s1180.t000" lemma="недостатък" pos="NOUN">недостатъците</instance>
         <wf lemma="на" pos="X">на</wf>
         <wf lemma="." pos="X">.</wf>
      </sentence>
      <sentence id="d000.s1181" source="wordnet-bulgarian">
         <wf lemma="Национален" pos="X">Национален</wf>
         <wf lemma="исторически" pos="X">исторически</wf>
         <instance id="d000.s1181.t000" lemma="музей" pos="NOUN">музей</instance>
         <wf lemma="." pos="X">.</wf>
      </sentence>
      <sentence id="d000.s1182" source="wordnet-bulgarian">
         <wf lemma="Всеки" pos="X">Всеки</wf>
         <wf lemma="има" pos="X">има</wf>
         <wf lemma="равен" pos="X">равен</wf>
         <instance id="d000.s1182.t000" lemma="дял" pos="NOUN">дял</instance>
         <wf lemma="в" pos="X">в</wf>
         <wf lemma="това" pos="X">това</wf>
         <wf lemma="предприятие" pos="X">предприятие</wf>
         <wf lemma="." pos="X">.</wf>
      </sentence>
      <sentence id="d000.s1183" source="wordnet-bulgarian">
         <wf lemma="първокласен" pos="X">първокласен</wf>
         <instance id="d000.s1183.t000" lemma="вагон" pos="NOUN">вагон</instance>
         <wf lemma="." pos="X">.</wf>
      </sentence>
      <sentence id="d000.s1184" source="wordnet-bulgarian">
         <wf lemma="мъж" pos="X">мъж</wf>
         <wf lemma="с" pos="X">с</wf>
         <instance id="d000.s1184.t000" lemma="характер" pos="NOUN">характер</instance>
         <wf lemma="." pos="X">.</wf>
      </sentence>
      <sentence id="d000.s1185" source="wordnet-bulgarian">
         <wf lemma="поставям" pos="X">поставям</wf>
         <instance id="d000.s1185.t000" lemma="пиеса" pos="NOUN">пиеса</instance>
         <wf lemma="." pos="X">.</wf>
      </sentence>
      <sentence id="d000.s1186" source="wordnet-bulgarian">
         <wf lemma="усещам" pos="X">усещам</wf>
         <wf lemma="неприятна" pos="X">неприятна</wf>
         <instance id="d000.s1186.t000" lemma="миризма" pos="NOUN">миризма</instance>
         <wf lemma="на" pos="X">на</wf>
         <wf lemma="." pos="X">.</wf>
      </sentence>
      <sentence id="d000.s1187" source="wordnet-bulgarian">
         <wf lemma="в" pos="X">в</wf>
         <wf lemma="най-кратък" pos="X">най-кратък</wf>
         <instance id="d000.s1187.t000" lemma="срок" pos="NOUN">срок</instance>
         <wf lemma="." pos="X">.</wf>
      </sentence>
      <sentence id="d000.s1188" source="wordnet-bulgarian">
         <instance id="d000.s1188.t000" lemma="пласт" pos="NOUN">пласт</instance>
         <wf lemma="от" pos="X">от</wf>
         <wf lemma="нещо" pos="X">нещо</wf>
         <wf lemma="." pos="X">.</wf>
      </sentence>
      <sentence id="d000.s1189" source="wordnet-bulgarian">
         <instance id="d000.s1189.t000" lemma="срам" pos="NOUN">Срам</instance>
         <wf lemma="ме" pos="X">ме</wf>
         <wf lemma="е" pos="X">е</wf>
         <wf lemma="." pos="X">.</wf>
      </sentence>
      <sentence id="d000.s1190" source="wordnet-bulgarian">
         <instance id="d000.s1190.t000" lemma="гънка" pos="NOUN">гънка</instance>
         <wf lemma="на" pos="X">на</wf>
         <wf lemma="мозъка" pos="X">мозъка</wf>
         <wf lemma="." pos="X">.</wf>
      </sentence>
      <sentence id="d000.s1191" source="wordnet-bulgarian">
         <instance id="d000.s1191.t000" lemma="пукнатина" pos="NOUN">пукнатини</instance>
         <wf lemma="по" pos="X">по</wf>
         <wf lemma="земята" pos="X">земята</wf>
         <wf lemma="." pos="X">.</wf>
      </sentence>
      <sentence id="d000.s1192" source="wordnet-bulgarian">
         <wf lemma="семейна" pos="X">семейна</wf>
         <instance id="d000.s1192.t000" lemma="връзка" pos="NOUN">връзка</instance>
         <wf lemma="." pos="X">.</wf>
      </sentence>
      <sentence id="d000.s1193" source="wordnet-bulgarian">
         <wf lemma="Не" pos="X">Не</wf>
         <wf lemma="ми" pos="X">ми</wf>
         <wf lemma="харесва" pos="X">харесва</wf>
         <instance id="d000.s1193.t000" lemma="тон" pos="NOUN">тонът</instance>
         <wf lemma="," pos="X">,</wf>
         <wf lemma="с" pos="X">с</wf>
         <wf lemma="който" pos="X">който</wf>
         <wf lemma="ми" pos="X">ми</wf>
         <wf lemma="говори" pos="X">говори</wf>
         <wf lemma="." pos="X">.</wf>
      </sentence>
      <sentence id="d000.s1194" source="wordnet-bulgarian">
         <wf lemma="пластична" pos="X">пластична</wf>
         <instance id="d000.s1194.t000" lemma="операция" pos="NOUN">операция</instance>
         <wf lemma="." pos="X">.</wf>
      </sentence>
      <sentence id="d000.s1195" source="wordnet-bulgarian">
         <wf lemma="искам" pos="X">искам</wf>
         <instance id="d000.s1195.t000" lemma="отсрочка" pos="NOUN">отсрочка</instance>
         <wf lemma="." pos="X">.</wf>
      </sentence>
      <sentence id="d000.s1196" source="wordnet-bulgarian">
         <wf lemma="революционна" pos="X">революционна</wf>
         <instance id="d000.s1196.t000" lemma="дейност" pos="NOUN">дейност</instance>
         <wf lemma="." pos="X">.</wf>
      </sentence>
      <sentence id="d000.s1197" source="wordnet-bulgarian">
         <wf lemma="дървен" pos="X">дървен</wf>
         <instance id="d000.s1197.t000" lemma="стълб" pos="NOUN">стълб</instance>
         <wf lemma="." pos="X">.</wf>
      </sentence>
      <sentence id="d000.s1198" source="wordnet-bulgarian">
         <wf lemma="Него" pos="X">Него</wf>
         <wf lemma="никой" pos="X">никой</wf>
         <wf lemma="не" pos="X">не</wf>
         <wf lemma="може" pos="X">може</wf>
         <wf lemma="да" pos="X">да</wf>
         <wf lemma="го" pos="X">го</wf>
         <instance id="d000.s1198.t000" lemma="командвам" pos="VERB">командва</instance>
         <wf lemma="." pos="X">.</wf>
      </sentence>
      <sentence id="d000.s1199" source="wordnet-bulgarian">
         <wf lemma="Винаги" pos="X">Винаги</wf>
         <wf lemma="оставям" pos="X">оставям</wf>
         <wf lemma="приличен" pos="X">приличен</wf>
         <instance id="d000.s1199.t000" lemma="бакшиш" pos="NOUN">бакшиш</instance>
         <wf lemma="в" pos="X">в</wf>
         <wf lemma="ресторанта" pos="X">ресторанта</wf>
         <wf lemma="." pos="X">.</wf>
      </sentence>
      <sentence id="d000.s1200" source="wordnet-bulgarian">
         <wf lemma="Борът" pos="X">Борът</wf>
         <wf lemma="има" pos="X">има</wf>
         <wf lemma="високо" pos="X">високо</wf>
         <wf lemma="и" pos="X">и</wf>
         <wf lemma="право" pos="X">право</wf>
         <instance id="d000.s1200.t000" lemma="стъбло" pos="NOUN">стъбло</instance>
         <wf lemma="." pos="X">.</wf>
      </sentence>
      <sentence id="d000.s1201" source="wordnet-bulgarian">
         <instance id="d000.s1201.t000" lemma="пропаганда" pos="NOUN">пропаганда</instance>
         <wf lemma="в" pos="X">в</wf>
         <wf lemma="полза" pos="X">полза</wf>
         <wf lemma="на" pos="X">на</wf>
         <wf lemma="." pos="X">.</wf>
      </sentence>
      <sentence id="d000.s1202" source="wordnet-bulgarian">
         <instance id="d000.s1202.t000" lemma="обучение" pos="NOUN">обучение</instance>
         <wf lemma="по" pos="X">по</wf>
         <wf lemma="история" pos="X">история</wf>
         <wf lemma="." pos="X">.</wf>
      </sentence>
      <sentence id="d000.s1203" source="wordnet-bulgarian">
         <wf lemma="Нашето" pos="X">Нашето</wf>
         <wf lemma="предприятие" pos="X">предприятие</wf>
         <wf lemma="има" pos="X">има</wf>
         <instance id="d000.s1203.t000" lemma="кредит" pos="NOUN">кредит</instance>
         <wf lemma="във" pos="X">във</wf>
         <wf lemma="всички" pos="X">всички</wf>
         <wf lemma="банки" pos="X">банки</wf>
         <wf lemma="." pos="X">.</wf>
      </sentence>
      <sentence id="d000.s1204" source="wordnet-bulgarian">
         <wf lemma="бърша" pos="X">бърша</wf>
         <wf lemma="се" pos="X">се</wf>
         <wf lemma="с" pos="X">с</wf>
         <instance id="d000.s1204.t000" lemma="кърпичка" pos="NOUN">кърпичка</instance>
         <wf lemma="." pos="X">.</wf>
      </sentence>
      <sentence id="d000.s1205" source="wordnet-bulgarian">
         <instance id="d000.s1205.t000" lemma="резултат" pos="NOUN">резултат</instance>
         <wf lemma="от" pos="X">от</wf>
         <wf lemma="." pos="X">.</wf>
      </sentence>
      <sentence id="d000.s1206" source="wordnet-bulgarian">
         <wf lemma="заден" pos="X">заден</wf>
         <instance id="d000.s1206.t000" lemma="вход" pos="NOUN">вход</instance>
         <wf lemma="." pos="X">.</wf>
      </sentence>
      <sentence id="d000.s1207" source="wordnet-bulgarian">
         <wf lemma="варя" pos="X">варя</wf>
         <instance id="d000.s1207.t000" lemma="мляко" pos="NOUN">мляко</instance>
         <wf lemma="." pos="X">.</wf>
      </sentence>
      <sentence id="d000.s1208" source="wordnet-bulgarian">
         <wf lemma="постоянен" pos="X">постоянен</wf>
         <instance id="d000.s1208.t000" lemma="обитател" pos="NOUN">обитател</instance>
         <wf lemma="." pos="X">.</wf>
      </sentence>
      <sentence id="d000.s1209" source="wordnet-bulgarian">
         <wf lemma="качвам" pos="X">качвам</wf>
         <wf lemma="се" pos="X">се</wf>
         <wf lemma="на" pos="X">на</wf>
         <instance id="d000.s1209.t000" lemma="ферибот" pos="NOUN">ферибота</instance>
         <wf lemma="." pos="X">.</wf>
      </sentence>
      <sentence id="d000.s1210" source="wordnet-bulgarian">
         <wf lemma="цветна" pos="X">цветна</wf>
         <instance id="d000.s1210.t000" lemma="снимка" pos="NOUN">снимка</instance>
         <wf lemma="." pos="X">.</wf>
      </sentence>
      <sentence id="d000.s1211" source="wordnet-bulgarian">
         <wf lemma="строя" pos="X">строя</wf>
         <wf lemma="си" pos="X">си</wf>
         <instance id="d000.s1211.t000" lemma="вила" pos="NOUN">вила</instance>
         <wf lemma="." pos="X">.</wf>
      </sentence>
      <sentence id="d000.s1212" source="wordnet-bulgarian">
         <instance id="d000.s1212.t000" lemma="заглавие" pos="NOUN">заглавие</instance>
         <wf lemma="на" pos="X">на</wf>
         <wf lemma="книга" pos="X">книга</wf>
         <wf lemma="." pos="X">.</wf>
      </sentence>
      <sentence id="d000.s1213" source="wordnet-bulgarian">
         <wf lemma="Сложи" pos="X">Сложи</wf>
         <wf lemma="палтото" pos="X">палтото</wf>
         <wf lemma="си" pos="X">си</wf>
         <wf lemma="върху" pos="X">върху</wf>
         <wf lemma="облегалката" pos="X">облегалката</wf>
         <wf lemma="на" pos="X">на</wf>
         <instance id="d000.s1213.t000" lemma="стол" pos="NOUN">стола</instance>
         <wf lemma="и" pos="X">и</wf>
         <wf lemma="седна" pos="X">седна</wf>
         <wf lemma="." pos="X">.</wf>
      </sentence>
      <sentence id="d000.s1214" source="wordnet-bulgarian">
         <wf lemma="метален" pos="X">метален</wf>
         <instance id="d000.s1214.t000" lemma="чайник" pos="NOUN">чайник</instance>
         <wf lemma="." pos="X">.</wf>
      </sentence>
      <sentence id="d000.s1215" source="wordnet-bulgarian">
         <wf lemma="дърводелска" pos="X">дърводелска</wf>
         <instance id="d000.s1215.t000" lemma="работилница" pos="NOUN">работилница</instance>
         <wf lemma="." pos="X">.</wf>
      </sentence>
      <sentence id="d000.s1216" source="wordnet-bulgarian">
         <instance id="d000.s1216.t000" lemma="заминаване" pos="NOUN">заминаване</instance>
         <wf lemma="от" pos="X">от</wf>
         <wf lemma="гара" pos="X">гара</wf>
         <wf lemma="София" pos="X">София</wf>
         <wf lemma="." pos="X">.</wf>
      </sentence>
      <sentence id="d000.s1217" source="wordnet-bulgarian">
         <wf lemma="Събрах" pos="X">Събрах</wf>
         <instance id="d000.s1217.t000" lemma="сума" pos="NOUN">сумата</instance>
         <wf lemma="и" pos="X">и</wf>
         <wf lemma="му" pos="X">му</wf>
         <wf lemma="я" pos="X">я</wf>
         <wf lemma="върнах" pos="X">върнах</wf>
         <wf lemma="." pos="X">.</wf>
      </sentence>
      <sentence id="d000.s1218" source="wordnet-bulgarian">
         <wf lemma="Електрическото" pos="X">Електрическото</wf>
         <wf lemma="осветление" pos="X">осветление</wf>
         <wf lemma="има" pos="X">има</wf>
         <wf lemma="много" pos="X">много</wf>
         <instance id="d000.s1218.t000" lemma="предимство" pos="NOUN">предимства</instance>
         <wf lemma="." pos="X">.</wf>
      </sentence>
      <sentence id="d000.s1219" source="wordnet-bulgarian">
         <wf lemma="обичам" pos="X">обичам</wf>
         <instance id="d000.s1219.t000" lemma="мед" pos="NOUN">мед</instance>
         <wf lemma="." pos="X">.</wf>
      </sentence>
      <sentence id="d000.s1220" source="wordnet-bulgarian">
         <instance id="d000.s1220.t000" lemma="търпение" pos="NOUN">Търпение</instance>
         <wf lemma="му" pos="X">му</wf>
         <wf lemma="е" pos="X">е</wf>
         <wf lemma="майката" pos="X">майката</wf>
         <wf lemma="." pos="X">.</wf>
      </sentence>
      <sentence id="d000.s1221" source="wordnet-bulgarian">
         <wf lemma="Едва" pos="X">Едва</wf>
         <instance id="d000.s1221.t000" lemma="стъпвам" pos="VERB">стъпвам</instance>
         <wf lemma="от" pos="X">от</wf>
         <wf lemma="умора" pos="X">умора</wf>
         <wf lemma="." pos="X">.</wf>
      </sentence>
      <sentence id="d000.s1222" source="wordnet-bulgarian">
         <wf lemma="Дива" pos="X">Дива</wf>
         <instance id="d000.s1222.t000" lemma="мъка" pos="NOUN">мъка</instance>
         <wf lemma="обхвана" pos="X">обхвана</wf>
         <wf lemma="цялото" pos="X">цялото</wf>
         <wf lemma="му" pos="X">му</wf>
         <wf lemma="същество" pos="X">същество</wf>
         <wf lemma="." pos="X">.</wf>
      </sentence>
      <sentence id="d000.s1223" source="wordnet-bulgarian">
         <instance id="d000.s1223.t000" lemma="наближавам" pos="VERB">наближаваме</instance>
         <wf lemma="града" pos="X">града</wf>
         <wf lemma="." pos="X">.</wf>
      </sentence>
      <sentence id="d000.s1224" source="wordnet-bulgarian">
         <wf lemma="първороден" pos="X">първороден</wf>
         <instance id="d000.s1224.t000" lemma="грях" pos="NOUN">грях</instance>
         <wf lemma="." pos="X">.</wf>
      </sentence>
      <sentence id="d000.s1225" source="wordnet-bulgarian">
         <wf lemma="разхлабвам" pos="X">разхлабвам</wf>
         <instance id="d000.s1225.t000" lemma="възел" pos="NOUN">възела</instance>
         <wf lemma="." pos="X">.</wf>
      </sentence>
      <sentence id="d000.s1226" source="wordnet-bulgarian">
         <wf lemma="Мамо" pos="X">Мамо</wf>
         <wf lemma="," pos="X">,</wf>
         <wf lemma="купи" pos="X">купи</wf>
         <wf lemma="ми" pos="X">ми</wf>
         <instance id="d000.s1226.t000" lemma="балон" pos="NOUN">балон</instance>
         <wf lemma="." pos="X">.</wf>
      </sentence>
      <sentence id="d000.s1227" source="wordnet-bulgarian">
         <wf lemma="съдебно" pos="X">съдебно</wf>
         <instance id="d000.s1227.t000" lemma="заседание" pos="NOUN">заседание</instance>
         <wf lemma="." pos="X">.</wf>
      </sentence>
      <sentence id="d000.s1228" source="wordnet-bulgarian">
         <wf lemma="ние" pos="X">ние</wf>
         <wf lemma="сме" pos="X">сме</wf>
         <instance id="d000.s1228.t000" lemma="братовчед" pos="NOUN">братовчеди</instance>
         <wf lemma="." pos="X">.</wf>
      </sentence>
      <sentence id="d000.s1229" source="wordnet-bulgarian">
         <wf lemma="в" pos="X">в</wf>
         <wf lemma="края" pos="X">края</wf>
         <wf lemma="на" pos="X">на</wf>
         <instance id="d000.s1229.t000" lemma="село" pos="NOUN">селото</instance>
         <wf lemma="." pos="X">.</wf>
      </sentence>
      <sentence id="d000.s1230" source="wordnet-bulgarian">
         <wf lemma="нося" pos="X">нося</wf>
         <instance id="d000.s1230.t000" lemma="униформа" pos="NOUN">униформа</instance>
         <wf lemma="." pos="X">.</wf>
      </sentence>
      <sentence id="d000.s1231" source="wordnet-bulgarian">
         <wf lemma="седя" pos="X">седя</wf>
         <wf lemma="във" pos="X">във</wf>
         <instance id="d000.s1231.t000" lemma="фоайе" pos="NOUN">фоайето</instance>
         <wf lemma="." pos="X">.</wf>
      </sentence>
      <sentence id="d000.s1232" source="wordnet-bulgarian">
         <instance id="d000.s1232.t000" lemma="нямам" pos="VERB">нямам</instance>
         <wf lemma="причина" pos="X">причина</wf>
         <wf lemma="да" pos="X">да</wf>
         <wf lemma="." pos="X">.</wf>
      </sentence>
      <sentence id="d000.s1233" source="wordnet-bulgarian">
         <wf lemma="Той" pos="X">Той</wf>
         <wf lemma="се" pos="X">се</wf>
         <wf lemma="остави" pos="X">остави</wf>
         <wf lemma="на" pos="X">на</wf>
         <instance id="d000.s1233.t000" lemma="милост" pos="NOUN">милостта</instance>
         <wf lemma="на" pos="X">на</wf>
         <wf lemma="съда" pos="X">съда</wf>
         <wf lemma="." pos="X">.</wf>
      </sentence>
      <sentence id="d000.s1234" source="wordnet-bulgarian">
         <wf lemma="вкусен" pos="X">вкусен</wf>
         <instance id="d000.s1234.t000" lemma="десерт" pos="NOUN">десерт</instance>
         <wf lemma="." pos="X">.</wf>
      </sentence>
      <sentence id="d000.s1235" source="wordnet-bulgarian">
         <wf lemma="тропически" pos="X">тропически</wf>
         <instance id="d000.s1235.t000" lemma="комар" pos="NOUN">комар</instance>
         <wf lemma="." pos="X">.</wf>
      </sentence>
      <sentence id="d000.s1236" source="wordnet-bulgarian">
         <wf lemma="провинциален" pos="X">провинциален</wf>
         <instance id="d000.s1236.t000" lemma="адвокат" pos="NOUN">адвокат</instance>
         <wf lemma="." pos="X">.</wf>
      </sentence>
      <sentence id="d000.s1237" source="wordnet-bulgarian">
         <wf lemma="остра" pos="X">остра</wf>
         <instance id="d000.s1237.t000" lemma="забележка" pos="NOUN">забележка</instance>
         <wf lemma="." pos="X">.</wf>
      </sentence>
      <sentence id="d000.s1238" source="wordnet-bulgarian">
         <wf lemma="голяма" pos="X">голяма</wf>
         <instance id="d000.s1238.t000" lemma="кошница" pos="NOUN">кошница</instance>
         <wf lemma="." pos="X">.</wf>
      </sentence>
      <sentence id="d000.s1239" source="wordnet-bulgarian">
         <instance id="d000.s1239.t000" lemma="надежда" pos="NOUN">Надеждата</instance>
         <wf lemma="крепи" pos="X">крепи</wf>
         <wf lemma="човека" pos="X">човека</wf>
         <wf lemma="." pos="X">.</wf>
      </sentence>
      <sentence id="d000.s1240" source="wordnet-bulgarian">
         <wf lemma="колективен" pos="X">колективен</wf>
         <instance id="d000.s1240.t000" lemma="метод" pos="NOUN">метод</instance>
         <wf lemma="." pos="X">.</wf>
      </sentence>
      <sentence id="d000.s1241" source="wordnet-bulgarian">
         <wf lemma="неочакван" pos="X">неочакван</wf>
         <instance id="d000.s1241.t000" lemma="завършек" pos="NOUN">завършек</instance>
         <wf lemma="." pos="X">.</wf>
      </sentence>
      <sentence id="d000.s1242" source="wordnet-bulgarian">
         <wf lemma="тънък" pos="X">тънък</wf>
         <instance id="d000.s1242.t000" lemma="усет" pos="NOUN">усет</instance>
         <wf lemma="." pos="X">.</wf>
      </sentence>
      <sentence id="d000.s1243" source="wordnet-bulgarian">
         <wf lemma="по" pos="X">по</wf>
         <wf lemma="време" pos="X">време</wf>
         <wf lemma="на" pos="X">на</wf>
         <instance id="d000.s1243.t000" lemma="рецесия" pos="NOUN">рецесията</instance>
         <wf lemma="." pos="X">.</wf>
      </sentence>
      <sentence id="d000.s1244" source="wordnet-bulgarian">
         <wf lemma="превантивни" pos="X">превантивни</wf>
         <instance id="d000.s1244.t000" lemma="мярка" pos="NOUN">мерки</instance>
         <wf lemma="." pos="X">.</wf>
      </sentence>
      <sentence id="d000.s1245" source="wordnet-bulgarian">
         <wf lemma="бърза" pos="X">бърза</wf>
         <instance id="d000.s1245.t000" lemma="реакция" pos="NOUN">реакция</instance>
         <wf lemma="." pos="X">.</wf>
      </sentence>
      <sentence id="d000.s1246" source="wordnet-bulgarian">
         <wf lemma="Под" pos="X">Под</wf>
         <wf lemma="понятието" pos="X">понятието</wf>
         <wf lemma="&quot;" pos="X">&quot;</wf>
         <wf lemma="престъпно" pos="X">престъпно</wf>
         <instance id="d000.s1246.t000" lemma="деяние" pos="NOUN">деяние</instance>
         <wf lemma="&quot;" pos="X">&quot;</wf>
         <wf lemma="се" pos="X">се</wf>
         <wf lemma="разбира" pos="X">разбира</wf>
         <wf lemma="прането" pos="X">прането</wf>
         <wf lemma="на" pos="X">на</wf>
         <wf lemma="пари" pos="X">пари</wf>
         <wf lemma="," pos="X">,</wf>
         <wf lemma="трафикът" pos="X">трафикът</wf>
         <wf lemma="на" pos="X">на</wf>
         <wf lemma="хора" pos="X">хора</wf>
         <wf lemma="," pos="X">,</wf>
         <wf lemma="производството" pos="X">производството</wf>
         <wf lemma="и" pos="X">и</wf>
         <wf lemma="разпространението" pos="X">разпространението</wf>
         <wf lemma="на" pos="X">на</wf>
         <wf lemma="наркотични" pos="X">наркотични</wf>
         <wf lemma="вещества" pos="X">вещества</wf>
         <wf lemma="," pos="X">,</wf>
         <wf lemma="подкупите" pos="X">подкупите</wf>
         <wf lemma="и" pos="X">и</wf>
         <wf lemma="рекетът" pos="X">рекетът</wf>
         <wf lemma="." pos="X">.</wf>
      </sentence>
      <sentence id="d000.s1247" source="wordnet-bulgarian">
         <wf lemma="имам" pos="X">имам</wf>
         <instance id="d000.s1247.t000" lemma="възможност" pos="NOUN">възможност</instance>
         <wf lemma="." pos="X">.</wf>
      </sentence>
      <sentence id="d000.s1248" source="wordnet-bulgarian">
         <instance id="d000.s1248.t000" lemma="основавам" pos="VERB">Основавам</instance>
         <wf lemma="банка" pos="X">банка</wf>
         <wf lemma="." pos="X">.</wf>
      </sentence>
      <sentence id="d000.s1249" source="wordnet-bulgarian">
         <wf lemma="изгаснал" pos="X">изгаснал</wf>
         <instance id="d000.s1249.t000" lemma="вулкан" pos="NOUN">вулкан</instance>
         <wf lemma="." pos="X">.</wf>
      </sentence>
      <sentence id="d000.s1250" source="wordnet-bulgarian">
         <wf lemma="Новите" pos="X">Новите</wf>
         <instance id="d000.s1250.t000" lemma="обувка" pos="NOUN">обувки</instance>
         <wf lemma="са" pos="X">са</wf>
         <wf lemma="ми" pos="X">ми</wf>
         <wf lemma="много" pos="X">много</wf>
         <wf lemma="неудобни" pos="X">неудобни</wf>
         <wf lemma="." pos="X">.</wf>
      </sentence>
      <sentence id="d000.s1251" source="wordnet-bulgarian">
         <wf lemma="уча" pos="X">уча</wf>
         <wf lemma="по" pos="X">по</wf>
         <instance id="d000.s1251.t000" lemma="учебник" pos="NOUN">учебник</instance>
         <wf lemma="." pos="X">.</wf>
      </sentence>
      <sentence id="d000.s1252" source="wordnet-bulgarian">
         <instance id="d000.s1252.t000" lemma="обиск" pos="NOUN">обиск</instance>
         <wf lemma="на" pos="X">на</wf>
         <wf lemma="жилище" pos="X">жилище</wf>
         <wf lemma="." pos="X">.</wf>
      </sentence>
      <sentence id="d000.s1253" source="wordnet-bulgarian">
         <wf lemma="комуникационна" pos="X">комуникационна</wf>
         <instance id="d000.s1253.t000" lemma="инфраструктура" pos="NOUN">инфраструктура</instance>
         <wf lemma="." pos="X">.</wf>
      </sentence>
      <sentence id="d000.s1254" source="wordnet-bulgarian">
         <wf lemma="кристално" pos="X">кристално</wf>
         <instance id="d000.s1254.t000" lemma="огледало" pos="NOUN">огледало</instance>
         <wf lemma="." pos="X">.</wf>
      </sentence>
      <sentence id="d000.s1255" source="wordnet-bulgarian">
         <wf lemma="намирам" pos="X">намирам</wf>
         <wf lemma="се" pos="X">се</wf>
         <wf lemma="в" pos="X">в</wf>
         <instance id="d000.s1255.t000" lemma="опасност" pos="NOUN">опасност</instance>
         <wf lemma="." pos="X">.</wf>
      </sentence>
      <sentence id="d000.s1256" source="wordnet-bulgarian">
         <instance id="d000.s1256.t000" lemma="капка" pos="NOUN">капки</instance>
         <wf lemma="за" pos="X">за</wf>
         <wf lemma="очи" pos="X">очи</wf>
         <wf lemma="." pos="X">.</wf>
      </sentence>
      <sentence id="d000.s1257" source="wordnet-bulgarian">
         <wf lemma="Дупките" pos="X">Дупките</wf>
         <wf lemma="са" pos="X">са</wf>
         <wf lemma="едни" pos="X">едни</wf>
         <wf lemma="от" pos="X">от</wf>
         <instance id="d000.s1257.t000" lemma="препятствие" pos="NOUN">препятствията</instance>
         <wf lemma="по" pos="X">по</wf>
         <wf lemma="нашите" pos="X">нашите</wf>
         <wf lemma="пътища" pos="X">пътища</wf>
         <wf lemma="." pos="X">.</wf>
      </sentence>
      <sentence id="d000.s1258" source="wordnet-bulgarian">
         <wf lemma="Новият" pos="X">Новият</wf>
         <wf lemma="президент" pos="X">президент</wf>
         <wf lemma="разшири" pos="X">разшири</wf>
         <wf lemma="властта" pos="X">властта</wf>
         <wf lemma="на" pos="X">на</wf>
         <instance id="d000.s1258.t000" lemma="президентство" pos="NOUN">президентството</instance>
         <wf lemma="." pos="X">.</wf>
      </sentence>
      <sentence id="d000.s1259" source="wordnet-bulgarian">
         <wf lemma="държавен" pos="X">държавен</wf>
         <instance id="d000.s1259.t000" lemma="печат" pos="NOUN">печат</instance>
         <wf lemma="." pos="X">.</wf>
      </sentence>
      <sentence id="d000.s1260" source="wordnet-bulgarian">
         <wf lemma="топлинен" pos="X">топлинен</wf>
         <instance id="d000.s1260.t000" lemma="баланс" pos="NOUN">баланс</instance>
         <wf lemma="на" pos="X">на</wf>
         <wf lemma="човешкото" pos="X">човешкото</wf>
         <wf lemma="тяло" pos="X">тяло</wf>
         <wf lemma="." pos="X">.</wf>
      </sentence>
      <sentence id="d000.s1261" source="wordnet-bulgarian">
         <wf lemma="обличам" pos="X">обличам</wf>
         <wf lemma="чисто" pos="X">чисто</wf>
         <instance id="d000.s1261.t000" lemma="бельо" pos="NOUN">бельо</instance>
         <wf lemma="." pos="X">.</wf>
      </sentence>
      <sentence id="d000.s1262" source="wordnet-bulgarian">
         <instance id="d000.s1262.t000" lemma="остатък" pos="NOUN">остатък</instance>
         <wf lemma="от" pos="X">от</wf>
         <wf lemma="цигара" pos="X">цигара</wf>
         <wf lemma="." pos="X">.</wf>
      </sentence>
      <sentence id="d000.s1263" source="wordnet-bulgarian">
         <wf lemma="проявявам" pos="X">проявявам</wf>
         <instance id="d000.s1263.t000" lemma="характер" pos="NOUN">характер</instance>
         <wf lemma="." pos="X">.</wf>
      </sentence>
      <sentence id="d000.s1264" source="wordnet-bulgarian">
         <wf lemma="български" pos="X">български</wf>
         <instance id="d000.s1264.t000" lemma="композитор" pos="NOUN">композитор</instance>
         <wf lemma="." pos="X">.</wf>
      </sentence>
      <sentence id="d000.s1265" source="wordnet-bulgarian">
         <wf lemma="Работата" pos="X">Работата</wf>
         <wf lemma="мина" pos="X">мина</wf>
         <wf lemma="без" pos="X">без</wf>
         <instance id="d000.s1265.t000" lemma="пауза" pos="NOUN">паузи</instance>
         <wf lemma="." pos="X">.</wf>
      </sentence>
      <sentence id="d000.s1266" source="wordnet-bulgarian">
         <wf lemma="спад" pos="X">спад</wf>
         <wf lemma="на" pos="X">на</wf>
         <wf lemma="строителната" pos="X">строителната</wf>
         <instance id="d000.s1266.t000" lemma="продукция" pos="NOUN">продукция</instance>
         <wf lemma="." pos="X">.</wf>
      </sentence>
      <sentence id="d000.s1267" source="wordnet-bulgarian">
         <wf lemma="плъзгаща" pos="X">плъзгаща</wf>
         <wf lemma="се" pos="X">се</wf>
         <instance id="d000.s1267.t000" lemma="врата" pos="NOUN">врата</instance>
         <wf lemma="." pos="X">.</wf>
      </sentence>
      <sentence id="d000.s1268" source="wordnet-bulgarian">
         <wf lemma="Тази" pos="X">Тази</wf>
         <wf lemma="година" pos="X">година</wf>
         <instance id="d000.s1268.t000" lemma="лято" pos="NOUN">лятото</instance>
         <wf lemma="беше" pos="X">беше</wf>
         <wf lemma="дъждовно" pos="X">дъждовно</wf>
         <wf lemma="." pos="X">.</wf>
      </sentence>
      <sentence id="d000.s1269" source="wordnet-bulgarian">
         <instance id="d000.s1269.t000" lemma="съдия" pos="NOUN">Съдията</instance>
         <wf lemma="изгони" pos="X">изгони</wf>
         <wf lemma="двама" pos="X">двама</wf>
         <wf lemma="футболисти" pos="X">футболисти</wf>
         <wf lemma="," pos="X">,</wf>
         <wf lemma="заради" pos="X">заради</wf>
         <wf lemma="груба" pos="X">груба</wf>
         <wf lemma="игра" pos="X">игра</wf>
         <wf lemma="." pos="X">.</wf>
      </sentence>
      <sentence id="d000.s1270" source="wordnet-bulgarian">
         <wf lemma="Липсваха" pos="X">Липсваха</wf>
         <wf lemma="му" pos="X">му</wf>
         <wf lemma="някои" pos="X">някои</wf>
         <instance id="d000.s1270.t000" lemma="инструмент" pos="NOUN">инструменти</instance>
         <wf lemma="," pos="X">,</wf>
         <wf lemma="за" pos="X">за</wf>
         <wf lemma="да" pos="X">да</wf>
         <wf lemma="свърши" pos="X">свърши</wf>
         <wf lemma="качествено" pos="X">качествено</wf>
         <wf lemma="работата" pos="X">работата</wf>
         <wf lemma="си" pos="X">си</wf>
         <wf lemma="." pos="X">.</wf>
      </sentence>
      <sentence id="d000.s1271" source="wordnet-bulgarian">
         <wf lemma="деен" pos="X">деен</wf>
         <instance id="d000.s1271.t000" lemma="участник" pos="NOUN">участник</instance>
         <wf lemma="." pos="X">.</wf>
      </sentence>
      <sentence id="d000.s1272" source="wordnet-bulgarian">
         <wf lemma="притежавам" pos="X">притежавам</wf>
         <instance id="d000.s1272.t000" lemma="способност" pos="NOUN">способността</instance>
         <wf lemma="да" pos="X">да</wf>
         <wf lemma="." pos="X">.</wf>
      </sentence>
      <sentence id="d000.s1273" source="wordnet-bulgarian">
         <wf lemma="знам" pos="X">знам</wf>
         <wf lemma="всички" pos="X">всички</wf>
         <instance id="d000.s1273.t000" lemma="клюка" pos="NOUN">клюки</instance>
         <wf lemma="." pos="X">.</wf>
      </sentence>
      <sentence id="d000.s1274" source="wordnet-bulgarian">
         <wf lemma="забравям" pos="X">забравям</wf>
         <instance id="d000.s1274.t000" lemma="парола" pos="NOUN">паролата</instance>
         <wf lemma="." pos="X">.</wf>
      </sentence>
      <sentence id="d000.s1275" source="wordnet-bulgarian">
         <wf lemma="приятна" pos="X">приятна</wf>
         <instance id="d000.s1275.t000" lemma="задача" pos="NOUN">задача</instance>
         <wf lemma="." pos="X">.</wf>
      </sentence>
      <sentence id="d000.s1276" source="wordnet-bulgarian">
         <wf lemma="Купихме" pos="X">Купихме</wf>
         <wf lemma="си" pos="X">си</wf>
         <wf lemma="нов" pos="X">нов</wf>
         <instance id="d000.s1276.t000" lemma="хладилник" pos="NOUN">хладилник</instance>
         <wf lemma="." pos="X">.</wf>
      </sentence>
      <sentence id="d000.s1277" source="wordnet-bulgarian">
         <wf lemma="садя" pos="X">садя</wf>
         <instance id="d000.s1277.t000" lemma="пипер" pos="NOUN">пипер</instance>
         <wf lemma="." pos="X">.</wf>
      </sentence>
      <sentence id="d000.s1278" source="wordnet-bulgarian">
         <wf lemma="градски" pos="X">градски</wf>
         <instance id="d000.s1278.t000" lemma="кмет" pos="NOUN">кмет</instance>
         <wf lemma="." pos="X">.</wf>
      </sentence>
      <sentence id="d000.s1279" source="wordnet-bulgarian">
         <wf lemma="студен" pos="X">студен</wf>
         <instance id="d000.s1279.t000" lemma="сос" pos="NOUN">сос</instance>
         <wf lemma="." pos="X">.</wf>
      </sentence>
      <sentence id="d000.s1280" source="wordnet-bulgarian">
         <wf lemma="кратка" pos="X">кратка</wf>
         <instance id="d000.s1280.t000" lemma="дефиниция" pos="NOUN">дефиниция</instance>
         <wf lemma="." pos="X">.</wf>
      </sentence>
      <sentence id="d000.s1281" source="wordnet-bulgarian">
         <wf lemma="поставям" pos="X">поставям</wf>
         <wf lemma="под" pos="X">под</wf>
         <instance id="d000.s1281.t000" lemma="съмнение" pos="NOUN">съмнение</instance>
         <wf lemma="." pos="X">.</wf>
      </sentence>
      <sentence id="d000.s1282" source="wordnet-bulgarian">
         <wf lemma="падам" pos="X">падам</wf>
         <wf lemma="от" pos="X">от</wf>
         <instance id="d000.s1282.t000" lemma="власт" pos="NOUN">власт</instance>
         <wf lemma="." pos="X">.</wf>
      </sentence>
      <sentence id="d000.s1283" source="wordnet-bulgarian">
         <wf lemma="цветно" pos="X">цветно</wf>
         <instance id="d000.s1283.t000" lemma="копче" pos="NOUN">копче</instance>
         <wf lemma="." pos="X">.</wf>
      </sentence>
      <sentence id="d000.s1284" source="wordnet-bulgarian">
         <wf lemma="В" pos="X">В</wf>
         <wf lemma="строя" pos="X">строя</wf>
         <wf lemma="той" pos="X">той</wf>
         <wf lemma="беше" pos="X">беше</wf>
         <wf lemma="на" pos="X">на</wf>
         <wf lemma="първия" pos="X">първия</wf>
         <instance id="d000.s1284.t000" lemma="ред" pos="NOUN">ред</instance>
         <wf lemma="." pos="X">.</wf>
      </sentence>
      <sentence id="d000.s1285" source="wordnet-bulgarian">
         <wf lemma="мокро" pos="X">мокро</wf>
         <instance id="d000.s1285.t000" lemma="петно" pos="NOUN">петно</instance>
         <wf lemma="." pos="X">.</wf>
      </sentence>
      <sentence id="d000.s1286" source="wordnet-bulgarian">
         <wf lemma="слънчево" pos="X">слънчево</wf>
         <instance id="d000.s1286.t000" lemma="изгаряне" pos="NOUN">изгаряне</instance>
         <wf lemma="." pos="X">.</wf>
      </sentence>
      <sentence id="d000.s1287" source="wordnet-bulgarian">
         <wf lemma="изпитвам" pos="X">изпитвам</wf>
         <instance id="d000.s1287.t000" lemma="омраза" pos="NOUN">омраза</instance>
         <wf lemma="към" pos="X">към</wf>
         <wf lemma="." pos="X">.</wf>
      </sentence>
      <sentence id="d000.s1288" source="wordnet-bulgarian">
         <wf lemma="правилни" pos="X">правилни</wf>
         <instance id="d000.s1288.t000" lemma="черта" pos="NOUN">черти</instance>
         <wf lemma="." pos="X">.</wf>
      </sentence>
      <sentence id="d000.s1289" source="wordnet-bulgarian">
         <wf lemma="пясъчна" pos="X">пясъчна</wf>
         <instance id="d000.s1289.t000" lemma="коприна" pos="NOUN">коприна</instance>
         <wf lemma="." pos="X">.</wf>
      </sentence>
      <sentence id="d000.s1290" source="wordnet-bulgarian">
         <wf lemma="чиста" pos="X">чиста</wf>
         <instance id="d000.s1290.t000" lemma="печалба" pos="NOUN">печалба</instance>
         <wf lemma="." pos="X">.</wf>
      </sentence>
      <sentence id="d000.s1291" source="wordnet-bulgarian">
         <instance id="d000.s1291.t000" lemma="село" pos="NOUN">Селото</instance>
         <wf lemma="се" pos="X">се</wf>
         <wf lemma="намираше" pos="X">намираше</wf>
         <wf lemma="в" pos="X">в</wf>
         <wf lemma="китна" pos="X">китна</wf>
         <wf lemma="котловина" pos="X">котловина</wf>
         <wf lemma="." pos="X">.</wf>
      </sentence>
      <sentence id="d000.s1292" source="wordnet-bulgarian">
         <instance id="d000.s1292.t000" lemma="помощ" pos="NOUN">помощ</instance>
         <wf lemma="при" pos="X">при</wf>
         <wf lemma="болест" pos="X">болест</wf>
         <wf lemma="." pos="X">.</wf>
      </sentence>
      <sentence id="d000.s1293" source="wordnet-bulgarian">
         <wf lemma="удържам" pos="X">удържам</wf>
         <instance id="d000.s1293.t000" lemma="победа" pos="NOUN">победа</instance>
         <wf lemma="." pos="X">.</wf>
      </sentence>
      <sentence id="d000.s1294" source="wordnet-bulgarian">
         <wf lemma="Той" pos="X">Той</wf>
         <wf lemma="блъсна" pos="X">блъсна</wf>
         <instance id="d000.s1294.t000" lemma="врата" pos="NOUN">вратата</instance>
         <wf lemma="и" pos="X">и</wf>
         <wf lemma="излезе" pos="X">излезе</wf>
         <wf lemma="." pos="X">.</wf>
      </sentence>
      <sentence id="d000.s1295" source="wordnet-bulgarian">
         <wf lemma="сериозна" pos="X">сериозна</wf>
         <instance id="d000.s1295.t000" lemma="пречка" pos="NOUN">пречка</instance>
         <wf lemma="." pos="X">.</wf>
      </sentence>
      <sentence id="d000.s1296" source="wordnet-bulgarian">
         <wf lemma="буржоазно" pos="X">буржоазно</wf>
         <instance id="d000.s1296.t000" lemma="общество" pos="NOUN">общество</instance>
         <wf lemma="." pos="X">.</wf>
      </sentence>
      <sentence id="d000.s1297" source="wordnet-bulgarian">
         <instance id="d000.s1297.t000" lemma="мнение" pos="NOUN">мнение</instance>
         <wf lemma="за" pos="X">за</wf>
         <wf lemma="." pos="X">.</wf>
      </sentence>
      <sentence id="d000.s1298" source="wordnet-bulgarian">
         <wf lemma="Най-после" pos="X">Най-после</wf>
         <wf lemma="настъпи" pos="X">настъпи</wf>
         <instance id="d000.s1298.t000" lemma="мир" pos="NOUN">мир</instance>
         <wf lemma="." pos="X">.</wf>
      </sentence>
      <sentence id="d000.s1299" source="wordnet-bulgarian">
         <wf lemma="второстепенен" pos="X">второстепенен</wf>
         <instance id="d000.s1299.t000" lemma="герой" pos="NOUN">герой</instance>
         <wf lemma="." pos="X">.</wf>
      </sentence>
      <sentence id="d000.s1300" source="wordnet-bulgarian">
         <wf lemma="макетен" pos="X">макетен</wf>
         <instance id="d000.s1300.t000" lemma="нож" pos="NOUN">нож</instance>
         <wf lemma="." pos="X">.</wf>
      </sentence>
      <sentence id="d000.s1301" source="wordnet-bulgarian">
         <instance id="d000.s1301.t000" lemma="боядисвам" pos="VERB">боядисвам</instance>
         <wf lemma="с" pos="X">с</wf>
         <wf lemma="блажна" pos="X">блажна</wf>
         <wf lemma="боя" pos="X">боя</wf>
         <wf lemma="." pos="X">.</wf>
      </sentence>
      <sentence id="d000.s1302" source="wordnet-bulgarian">
         <wf lemma="Всяка" pos="X">Всяка</wf>
         <wf lemma="година" pos="X">година</wf>
         <instance id="d000.s1302.t000" lemma="добив" pos="NOUN">добивът</instance>
         <wf lemma="на" pos="X">на</wf>
         <wf lemma="грозде" pos="X">грозде</wf>
         <wf lemma="от" pos="X">от</wf>
         <wf lemma="един" pos="X">един</wf>
         <wf lemma="декар" pos="X">декар</wf>
         <wf lemma="намалява" pos="X">намалява</wf>
         <wf lemma="." pos="X">.</wf>
      </sentence>
      <sentence id="d000.s1303" source="wordnet-bulgarian">
         <wf lemma="В" pos="X">В</wf>
         <wf lemma="парка" pos="X">парка</wf>
         <wf lemma="млади" pos="X">млади</wf>
         <wf lemma="майки" pos="X">майки</wf>
         <wf lemma="бутаха" pos="X">бутаха</wf>
         <wf lemma="пред" pos="X">пред</wf>
         <wf lemma="себе" pos="X">себе</wf>
         <wf lemma="си" pos="X">си</wf>
         <instance id="d000.s1303.t000" lemma="количка" pos="NOUN">колички</instance>
         <wf lemma="с" pos="X">с</wf>
         <wf lemma="бебета" pos="X">бебета</wf>
         <wf lemma="." pos="X">.</wf>
      </sentence>
      <sentence id="d000.s1304" source="wordnet-bulgarian">
         <instance id="d000.s1304.t000" lemma="оборудване" pos="NOUN">оборудване</instance>
         <wf lemma="за" pos="X">за</wf>
         <wf lemma="фитнес" pos="X">фитнес</wf>
         <wf lemma="център" pos="X">център</wf>
         <wf lemma="." pos="X">.</wf>
      </sentence>
      <sentence id="d000.s1305" source="wordnet-bulgarian">
         <wf lemma="пракрасно" pos="X">пракрасно</wf>
         <instance id="d000.s1305.t000" lemma="видение" pos="NOUN">видение</instance>
         <wf lemma="." pos="X">.</wf>
      </sentence>
      <sentence id="d000.s1306" source="wordnet-bulgarian">
         <wf lemma="ловджийски" pos="X">ловджийски</wf>
         <instance id="d000.s1306.t000" lemma="история" pos="NOUN">истории</instance>
         <wf lemma="." pos="X">.</wf>
      </sentence>
      <sentence id="d000.s1307" source="wordnet-bulgarian">
         <wf lemma="накривявам" pos="X">накривявам</wf>
         <wf lemma="си" pos="X">си</wf>
         <instance id="d000.s1307.t000" lemma="шапка" pos="NOUN">шапката</instance>
         <wf lemma="." pos="X">.</wf>
      </sentence>
      <sentence id="d000.s1308" source="wordnet-bulgarian">
         <wf lemma="Боли" pos="X">Боли</wf>
         <wf lemma="ме" pos="X">ме</wf>
         <wf lemma="главата" pos="X">главата</wf>
         <wf lemma="в" pos="X">в</wf>
         <instance id="d000.s1308.t000" lemma="слепоочие" pos="NOUN">слепоочието</instance>
         <wf lemma="." pos="X">.</wf>
      </sentence>
      <sentence id="d000.s1309" source="wordnet-bulgarian">
         <wf lemma="сексуално" pos="X">сексуално</wf>
         <instance id="d000.s1309.t000" lemma="влечение" pos="NOUN">влечение</instance>
         <wf lemma="." pos="X">.</wf>
      </sentence>
      <sentence id="d000.s1310" source="wordnet-bulgarian">
         <wf lemma="Той" pos="X">Той</wf>
         <wf lemma="е" pos="X">е</wf>
         <instance id="d000.s1310.t000" lemma="издънка" pos="NOUN">издънка</instance>
         <wf lemma="на" pos="X">на</wf>
         <wf lemma="един" pos="X">един</wf>
         <wf lemma="от" pos="X">от</wf>
         <wf lemma="най-старите" pos="X">най-старите</wf>
         <wf lemma="родове" pos="X">родове</wf>
         <wf lemma="в" pos="X">в</wf>
         <wf lemma="София" pos="X">София</wf>
         <wf lemma="." pos="X">.</wf>
      </sentence>
      <sentence id="d000.s1311" source="wordnet-bulgarian">
         <wf lemma="гипсов" pos="X">гипсов</wf>
         <instance id="d000.s1311.t000" lemma="орнамент" pos="NOUN">орнамент</instance>
         <wf lemma="." pos="X">.</wf>
      </sentence>
      <sentence id="d000.s1312" source="wordnet-bulgarian">
         <wf lemma="слънчогледово" pos="X">слънчогледово</wf>
         <instance id="d000.s1312.t000" lemma="масло" pos="NOUN">масло</instance>
         <wf lemma="." pos="X">.</wf>
      </sentence>
      <sentence id="d000.s1313" source="wordnet-bulgarian">
         <wf lemma="планова" pos="X">планова</wf>
         <instance id="d000.s1313.t000" lemma="операция" pos="NOUN">операция</instance>
         <wf lemma="." pos="X">.</wf>
      </sentence>
      <sentence id="d000.s1314" source="wordnet-bulgarian">
         <wf lemma="В" pos="X">В</wf>
         <wf lemma="тъмното" pos="X">тъмното</wf>
         <wf lemma="не" pos="X">не</wf>
         <wf lemma="видях" pos="X">видях</wf>
         <instance id="d000.s1314.t000" lemma="лице" pos="NOUN">лицето</instance>
         <wf lemma="му" pos="X">му</wf>
         <wf lemma="." pos="X">.</wf>
      </sentence>
      <sentence id="d000.s1315" source="wordnet-bulgarian">
         <wf lemma="От" pos="X">От</wf>
         <wf lemma="него" pos="X">него</wf>
         <wf lemma="няма" pos="X">няма</wf>
         <wf lemma="да" pos="X">да</wf>
         <wf lemma="излезе" pos="X">излезе</wf>
         <instance id="d000.s1315.t000" lemma="човек" pos="NOUN">човек</instance>
         <wf lemma="." pos="X">.</wf>
      </sentence>
      <sentence id="d000.s1316" source="wordnet-bulgarian">
         <instance id="d000.s1316.t000" lemma="машина" pos="NOUN">машина</instance>
         <wf lemma="за" pos="X">за</wf>
         <wf lemma="производство" pos="X">производство</wf>
         <wf lemma="на" pos="X">на</wf>
         <wf lemma="." pos="X">.</wf>
      </sentence>
      <sentence id="d000.s1317" source="wordnet-bulgarian">
         <wf lemma="Взех" pos="X">Взех</wf>
         <wf lemma="жена" pos="X">жена</wf>
         <wf lemma="от" pos="X">от</wf>
         <wf lemma="по-долно" pos="X">по-долно</wf>
         <instance id="d000.s1317.t000" lemma="коляно" pos="NOUN">коляно</instance>
         <wf lemma="." pos="X">.</wf>
      </sentence>
      <sentence id="d000.s1318" source="wordnet-bulgarian">
         <wf lemma="нежна" pos="X">нежна</wf>
         <instance id="d000.s1318.t000" lemma="душа" pos="NOUN">душа</instance>
         <wf lemma="." pos="X">.</wf>
      </sentence>
      <sentence id="d000.s1319" source="wordnet-bulgarian">
         <wf lemma="Какво" pos="X">Какво</wf>
         <wf lemma="е" pos="X">е</wf>
         <instance id="d000.s1319.t000" lemma="положение" pos="NOUN">положението</instance>
         <wf lemma="на" pos="X">на</wf>
         <wf lemma="?" pos="X">?</wf>
      </sentence>
      <sentence id="d000.s1320" source="wordnet-bulgarian">
         <wf lemma="в" pos="X">в</wf>
         <wf lemma="края" pos="X">края</wf>
         <wf lemma="на" pos="X">на</wf>
         <instance id="d000.s1320.t000" lemma="месец" pos="NOUN">месеца</instance>
         <wf lemma="." pos="X">.</wf>
      </sentence>
      <sentence id="d000.s1321" source="wordnet-bulgarian">
         <wf lemma="откривам" pos="X">откривам</wf>
         <wf lemma="си" pos="X">си</wf>
         <instance id="d000.s1321.t000" lemma="чело" pos="NOUN">челото</instance>
         <wf lemma="." pos="X">.</wf>
      </sentence>
      <sentence id="d000.s1322" source="wordnet-bulgarian">
         <wf lemma="официален" pos="X">официален</wf>
         <instance id="d000.s1322.t000" lemma="прием" pos="NOUN">прием</instance>
         <wf lemma="." pos="X">.</wf>
      </sentence>
      <sentence id="d000.s1323" source="wordnet-bulgarian">
         <wf lemma="Имам" pos="X">Имам</wf>
         <wf lemma="нова" pos="X">нова</wf>
         <instance id="d000.s1323.t000" lemma="приятелка" pos="NOUN">приятелка</instance>
         <wf lemma="." pos="X">.</wf>
      </sentence>
      <sentence id="d000.s1324" source="wordnet-bulgarian">
         <wf lemma="пиша" pos="X">пиша</wf>
         <instance id="d000.s1324.t000" lemma="текст" pos="NOUN">текст</instance>
         <wf lemma="." pos="X">.</wf>
      </sentence>
      <sentence id="d000.s1325" source="wordnet-bulgarian">
         <instance id="d000.s1325.t000" lemma="следвам" pos="VERB">Следвай</instance>
         <wf lemma="ме" pos="X">ме</wf>
         <wf lemma="!" pos="X">!</wf>
      </sentence>
      <sentence id="d000.s1326" source="wordnet-bulgarian">
         <wf lemma="получавам" pos="X">получавам</wf>
         <instance id="d000.s1326.t000" lemma="присъда" pos="NOUN">присъда</instance>
         <wf lemma="." pos="X">.</wf>
      </sentence>
      <sentence id="d000.s1327" source="wordnet-bulgarian">
         <wf lemma="в" pos="X">в</wf>
         <wf lemma="пенсионна" pos="X">пенсионна</wf>
         <instance id="d000.s1327.t000" lemma="възраст" pos="NOUN">възраст</instance>
         <wf lemma="." pos="X">.</wf>
      </sentence>
      <sentence id="d000.s1328" source="wordnet-bulgarian">
         <wf lemma="железопътен" pos="X">железопътен</wf>
         <instance id="d000.s1328.t000" lemma="възел" pos="NOUN">възел</instance>
         <wf lemma="." pos="X">.</wf>
      </sentence>
      <sentence id="d000.s1329" source="wordnet-bulgarian">
         <wf lemma="разтегателна" pos="X">разтегателна</wf>
         <instance id="d000.s1329.t000" lemma="маса" pos="NOUN">маса</instance>
         <wf lemma="." pos="X">.</wf>
      </sentence>
      <sentence id="d000.s1330" source="wordnet-bulgarian">
         <wf lemma="Откриха" pos="X">Откриха</wf>
         <instance id="d000.s1330.t000" lemma="бомба" pos="NOUN">бомба</instance>
         <wf lemma="от" pos="X">от</wf>
         <wf lemma="Втората" pos="X">Втората</wf>
         <wf lemma="световна" pos="X">световна</wf>
         <wf lemma="война" pos="X">война</wf>
         <wf lemma="." pos="X">.</wf>
      </sentence>
      <sentence id="d000.s1331" source="wordnet-bulgarian">
         <wf lemma="слушам" pos="X">слушам</wf>
         <instance id="d000.s1331.t000" lemma="радио" pos="NOUN">радио</instance>
         <wf lemma="." pos="X">.</wf>
      </sentence>
      <sentence id="d000.s1332" source="wordnet-bulgarian">
         <wf lemma="оправдавам" pos="X">оправдавам</wf>
         <instance id="d000.s1332.t000" lemma="доверие" pos="NOUN">доверието</instance>
         <wf lemma="на" pos="X">на</wf>
         <wf lemma="." pos="X">.</wf>
      </sentence>
      <sentence id="d000.s1333" source="wordnet-bulgarian">
         <wf lemma="текстилна" pos="X">текстилна</wf>
         <instance id="d000.s1333.t000" lemma="промишленост" pos="NOUN">промишленост</instance>
         <wf lemma="." pos="X">.</wf>
      </sentence>
      <sentence id="d000.s1334" source="wordnet-bulgarian">
         <wf lemma="на" pos="X">на</wf>
         <wf lemma="лов" pos="X">лов</wf>
         <wf lemma="за" pos="X">за</wf>
         <instance id="d000.s1334.t000" lemma="плячка" pos="NOUN">плячка</instance>
         <wf lemma="." pos="X">.</wf>
      </sentence>
      <sentence id="d000.s1335" source="wordnet-bulgarian">
         <wf lemma="в" pos="X">в</wf>
         <instance id="d000.s1335.t000" lemma="дух" pos="NOUN">духа</instance>
         <wf lemma="на" pos="X">на</wf>
         <wf lemma="времето" pos="X">времето</wf>
         <wf lemma="." pos="X">.</wf>
      </sentence>
      <sentence id="d000.s1336" source="wordnet-bulgarian">
         <wf lemma="После" pos="X">После</wf>
         <wf lemma="дойде" pos="X">дойде</wf>
         <wf lemma="специална" pos="X">специална</wf>
         <wf lemma="група" pos="X">група</wf>
         <wf lemma="от" pos="X">от</wf>
         <wf lemma="Германия" pos="X">Германия</wf>
         <wf lemma="," pos="X">,</wf>
         <wf lemma="която" pos="X">която</wf>
         <wf lemma="с" pos="X">с</wf>
         <wf lemma="лазерно-компютърния" pos="X">лазерно-компютърния</wf>
         <instance id="d000.s1336.t000" lemma="уред" pos="NOUN">уред</instance>
         <wf lemma="CASOB" pos="X">CASOB</wf>
         <wf lemma="направи" pos="X">направи</wf>
         <wf lemma="повторно" pos="X">повторно</wf>
         <wf lemma="измерване" pos="X">измерване</wf>
         <wf lemma="на" pos="X">на</wf>
         <wf lemma="обекта" pos="X">обекта</wf>
         <wf lemma="." pos="X">.</wf>
      </sentence>
      <sentence id="d000.s1337" source="wordnet-bulgarian">
         <wf lemma="цветна" pos="X">цветна</wf>
         <instance id="d000.s1337.t000" lemma="репродукция" pos="NOUN">репродукция</instance>
         <wf lemma="." pos="X">.</wf>
      </sentence>
      <sentence id="d000.s1338" source="wordnet-bulgarian">
         <wf lemma="вътрешна" pos="X">вътрешна</wf>
         <instance id="d000.s1338.t000" lemma="стена" pos="NOUN">стена</instance>
         <wf lemma="." pos="X">.</wf>
      </sentence>
      <sentence id="d000.s1339" source="wordnet-bulgarian">
         <wf lemma="спирам" pos="X">спирам</wf>
         <instance id="d000.s1339.t000" lemma="такса" pos="NOUN">такси</instance>
         <wf lemma="." pos="X">.</wf>
      </sentence>
      <sentence id="d000.s1340" source="wordnet-bulgarian">
         <wf lemma="сватбена" pos="X">сватбена</wf>
         <instance id="d000.s1340.t000" lemma="церемония" pos="NOUN">церемония</instance>
         <wf lemma="." pos="X">.</wf>
      </sentence>
      <sentence id="d000.s1341" source="wordnet-bulgarian">
         <wf lemma="рокля" pos="X">рокля</wf>
         <wf lemma="от" pos="X">от</wf>
         <wf lemma="памучен" pos="X">памучен</wf>
         <instance id="d000.s1341.t000" lemma="плат" pos="NOUN">плат</instance>
         <wf lemma="." pos="X">.</wf>
      </sentence>
      <sentence id="d000.s1342" source="wordnet-bulgarian">
         <wf lemma="предавам" pos="X">предавам</wf>
         <instance id="d000.s1342.t000" lemma="традиция" pos="NOUN">традицията</instance>
         <wf lemma="на" pos="X">на</wf>
         <wf lemma="някого" pos="X">някого</wf>
         <wf lemma="." pos="X">.</wf>
      </sentence>
      <sentence id="d000.s1343" source="wordnet-bulgarian">
         <wf lemma="До" pos="X">До</wf>
         <wf lemma="работата" pos="X">работата</wf>
         <wf lemma="отивам" pos="X">отивам</wf>
         <wf lemma="за" pos="X">за</wf>
         <wf lemma="десет" pos="X">десет</wf>
         <instance id="d000.s1343.t000" lemma="минута" pos="NOUN">минути</instance>
         <wf lemma="." pos="X">.</wf>
      </sentence>
      <sentence id="d000.s1344" source="wordnet-bulgarian">
         <wf lemma="криви" pos="X">криви</wf>
         <instance id="d000.s1344.t000" lemma="зъб" pos="NOUN">зъби</instance>
         <wf lemma="." pos="X">.</wf>
      </sentence>
      <sentence id="d000.s1345" source="wordnet-bulgarian">
         <wf lemma="сутрешно" pos="X">сутрешно</wf>
         <instance id="d000.s1345.t000" lemma="предаване" pos="NOUN">предаване</instance>
         <wf lemma="." pos="X">.</wf>
      </sentence>
      <sentence id="d000.s1346" source="wordnet-bulgarian">
         <wf lemma="чукам" pos="X">чукам</wf>
         <wf lemma="с" pos="X">с</wf>
         <instance id="d000.s1346.t000" lemma="чук" pos="NOUN">чук</instance>
         <wf lemma="." pos="X">.</wf>
      </sentence>
      <sentence id="d000.s1347" source="wordnet-bulgarian">
         <instance id="d000.s1347.t000" lemma="пола" pos="NOUN">пола</instance>
         <wf lemma="от" pos="X">от</wf>
         <wf lemma="костюм" pos="X">костюм</wf>
         <wf lemma="." pos="X">.</wf>
      </sentence>
      <sentence id="d000.s1348" source="wordnet-bulgarian">
         <wf lemma="Редовен" pos="X">Редовен</wf>
         <instance id="d000.s1348.t000" lemma="посетител" pos="NOUN">посетител</instance>
         <wf lemma="на" pos="X">на</wf>
         <wf lemma="театрите" pos="X">театрите</wf>
         <wf lemma="." pos="X">.</wf>
      </sentence>
      <sentence id="d000.s1349" source="wordnet-bulgarian">
         <wf lemma="печатна" pos="X">печатна</wf>
         <instance id="d000.s1349.t000" lemma="грешка" pos="NOUN">грешка</instance>
         <wf lemma="." pos="X">.</wf>
      </sentence>
      <sentence id="d000.s1350" source="wordnet-bulgarian">
         <wf lemma="налагам" pos="X">налагам</wf>
         <instance id="d000.s1350.t000" lemma="глоба" pos="NOUN">глоба</instance>
         <wf lemma="на" pos="X">на</wf>
         <wf lemma="." pos="X">.</wf>
      </sentence>
      <sentence id="d000.s1351" source="wordnet-bulgarian">
         <wf lemma="заблуден" pos="X">заблуден</wf>
         <instance id="d000.s1351.t000" lemma="куршум" pos="NOUN">куршум</instance>
         <wf lemma="." pos="X">.</wf>
      </sentence>
      <sentence id="d000.s1352" source="wordnet-bulgarian">
         <instance id="d000.s1352.t000" lemma="бут" pos="NOUN">бут</instance>
         <wf lemma="от" pos="X">от</wf>
         <wf lemma="елен" pos="X">елен</wf>
         <wf lemma="." pos="X">.</wf>
      </sentence>
      <sentence id="d000.s1353" source="wordnet-bulgarian">
         <wf lemma="Той" pos="X">Той</wf>
         <wf lemma="опъна" pos="X">опъна</wf>
         <instance id="d000.s1353.t000" lemma="палатка" pos="NOUN">палатката</instance>
         <wf lemma="си" pos="X">си</wf>
         <wf lemma="в" pos="X">в</wf>
         <wf lemma="близост" pos="X">близост</wf>
         <wf lemma="до" pos="X">до</wf>
         <wf lemma="реката" pos="X">реката</wf>
         <wf lemma="." pos="X">.</wf>
      </sentence>
      <sentence id="d000.s1354" source="wordnet-bulgarian">
         <wf lemma="имам" pos="X">имам</wf>
         <instance id="d000.s1354.t000" lemma="зависимост" pos="NOUN">зависимост</instance>
         <wf lemma="от" pos="X">от</wf>
         <wf lemma="." pos="X">.</wf>
      </sentence>
      <sentence id="d000.s1355" source="wordnet-bulgarian">
         <wf lemma="уважителна" pos="X">уважителна</wf>
         <instance id="d000.s1355.t000" lemma="причина" pos="NOUN">причина</instance>
         <wf lemma="." pos="X">.</wf>
      </sentence>
      <sentence id="d000.s1356" source="wordnet-bulgarian">
         <instance id="d000.s1356.t000" lemma="котировка" pos="NOUN">Котировката</instance>
         <wf lemma="на" pos="X">на</wf>
         <wf lemma="акциите" pos="X">акциите</wf>
         <wf lemma="варира" pos="X">варира</wf>
         <wf lemma="около" pos="X">около</wf>
         <wf lemma="номинала" pos="X">номинала</wf>
         <wf lemma="." pos="X">.</wf>
      </sentence>
      <sentence id="d000.s1357" source="wordnet-bulgarian">
         <wf lemma="самотна" pos="X">самотна</wf>
         <instance id="d000.s1357.t000" lemma="майка" pos="NOUN">майка</instance>
         <wf lemma="." pos="X">.</wf>
      </sentence>
      <sentence id="d000.s1358" source="wordnet-bulgarian">
         <instance id="d000.s1358.t000" lemma="легло" pos="NOUN">легло</instance>
         <wf lemma="с" pos="X">с</wf>
         <wf lemma="ракла" pos="X">ракла</wf>
         <wf lemma="." pos="X">.</wf>
      </sentence>
      <sentence id="d000.s1359" source="wordnet-bulgarian">
         <instance id="d000.s1359.t000" lemma="панталон" pos="NOUN">панталон</instance>
         <wf lemma="с" pos="X">с</wf>
         <wf lemma="ръб" pos="X">ръб</wf>
         <wf lemma="." pos="X">.</wf>
      </sentence>
      <sentence id="d000.s1360" source="wordnet-bulgarian">
         <wf lemma="на" pos="X">на</wf>
         <wf lemma="няколко" pos="X">няколко</wf>
         <instance id="d000.s1360.t000" lemma="етап" pos="NOUN">етапа</instance>
         <wf lemma="." pos="X">.</wf>
      </sentence>
      <sentence id="d000.s1361" source="wordnet-bulgarian">
         <instance id="d000.s1361.t000" lemma="разговор" pos="NOUN">Разговорът</instance>
         <wf lemma="беше" pos="X">беше</wf>
         <wf lemma="приятен" pos="X">приятен</wf>
         <wf lemma="и" pos="X">и</wf>
         <wf lemma="продължи" pos="X">продължи</wf>
         <wf lemma="няколко" pos="X">няколко</wf>
         <wf lemma="часа" pos="X">часа</wf>
         <wf lemma="." pos="X">.</wf>
      </sentence>
      <sentence id="d000.s1362" source="wordnet-bulgarian">
         <wf lemma="гребна" pos="X">гребна</wf>
         <instance id="d000.s1362.t000" lemma="лодка" pos="NOUN">лодка</instance>
         <wf lemma="." pos="X">.</wf>
      </sentence>
      <sentence id="d000.s1363" source="wordnet-bulgarian">
         <wf lemma="Това" pos="X">Това</wf>
         <wf lemma="е" pos="X">е</wf>
         <instance id="d000.s1363.t000" lemma="същност" pos="NOUN">същността</instance>
         <wf lemma="на" pos="X">на</wf>
         <wf lemma="въпроса" pos="X">въпроса</wf>
         <wf lemma="." pos="X">.</wf>
      </sentence>
      <sentence id="d000.s1364" source="wordnet-bulgarian">
         <instance id="d000.s1364.t000" lemma="рискувам" pos="VERB">Рискувах</instance>
         <wf lemma="живота" pos="X">живота</wf>
         <wf lemma="си" pos="X">си</wf>
         <wf lemma="." pos="X">.</wf>
      </sentence>
      <sentence id="d000.s1365" source="wordnet-bulgarian">
         <wf lemma="Имаме" pos="X">Имаме</wf>
         <wf lemma="няколко" pos="X">няколко</wf>
         <instance id="d000.s1365.t000" lemma="час" pos="NOUN">часа</instance>
         <wf lemma="път" pos="X">път</wf>
         <wf lemma="." pos="X">.</wf>
      </sentence>
      <sentence id="d000.s1366" source="wordnet-bulgarian">
         <wf lemma="Някъде" pos="X">Някъде</wf>
         <wf lemma="в" pos="X">в</wf>
         <wf lemma="далечината" pos="X">далечината</wf>
         <wf lemma="бръмчеше" pos="X">бръмчеше</wf>
         <instance id="d000.s1366.t000" lemma="автомобил" pos="NOUN">автомобил</instance>
         <wf lemma="." pos="X">.</wf>
      </sentence>
      <sentence id="d000.s1367" source="wordnet-bulgarian">
         <wf lemma="междуградски" pos="X">междуградски</wf>
         <instance id="d000.s1367.t000" lemma="път" pos="NOUN">път</instance>
         <wf lemma="." pos="X">.</wf>
      </sentence>
      <sentence id="d000.s1368" source="wordnet-bulgarian">
         <wf lemma="под" pos="X">под</wf>
         <instance id="d000.s1368.t000" lemma="вежда" pos="NOUN">вежди</instance>
         <wf lemma="." pos="X">.</wf>
      </sentence>
      <sentence id="d000.s1369" source="wordnet-bulgarian">
         <wf lemma="Мия" pos="X">Мия</wf>
         <wf lemma="си" pos="X">си</wf>
         <instance id="d000.s1369.t000" lemma="зъб" pos="NOUN">зъбите</instance>
         <wf lemma="." pos="X">.</wf>
      </sentence>
      <sentence id="d000.s1370" source="wordnet-bulgarian">
         <wf lemma="нежна" pos="X">нежна</wf>
         <instance id="d000.s1370.t000" lemma="революция" pos="NOUN">революция</instance>
         <wf lemma="." pos="X">.</wf>
      </sentence>
      <sentence id="d000.s1371" source="wordnet-bulgarian">
         <wf lemma="морски" pos="X">морски</wf>
         <instance id="d000.s1371.t000" lemma="бой" pos="NOUN">бой</instance>
         <wf lemma="." pos="X">.</wf>
      </sentence>
      <sentence id="d000.s1372" source="wordnet-bulgarian">
         <wf lemma="човешки" pos="X">човешки</wf>
         <instance id="d000.s1372.t000" lemma="ресурс" pos="NOUN">ресурси</instance>
         <wf lemma="." pos="X">.</wf>
      </sentence>
      <sentence id="d000.s1373" source="wordnet-bulgarian">
         <wf lemma="кожени" pos="X">кожени</wf>
         <instance id="d000.s1373.t000" lemma="обувка" pos="NOUN">обувки</instance>
         <wf lemma="." pos="X">.</wf>
      </sentence>
      <sentence id="d000.s1374" source="wordnet-bulgarian">
         <wf lemma="давам" pos="X">давам</wf>
         <instance id="d000.s1374.t000" lemma="хонорар" pos="NOUN">хонорар</instance>
         <wf lemma="." pos="X">.</wf>
      </sentence>
      <sentence id="d000.s1375" source="wordnet-bulgarian">
         <wf lemma="слаб" pos="X">слаб</wf>
         <instance id="d000.s1375.t000" lemma="политик" pos="NOUN">политик</instance>
         <wf lemma="." pos="X">.</wf>
      </sentence>
      <sentence id="d000.s1376" source="wordnet-bulgarian">
         <wf lemma="виждам" pos="X">виждам</wf>
         <instance id="d000.s1376.t000" lemma="мъка" pos="NOUN">мъка</instance>
         <wf lemma="по" pos="X">по</wf>
         <wf lemma="лицето" pos="X">лицето</wf>
         <wf lemma="на" pos="X">на</wf>
         <wf lemma="." pos="X">.</wf>
      </sentence>
      <sentence id="d000.s1377" source="wordnet-bulgarian">
         <wf lemma="универсална" pos="X">универсална</wf>
         <instance id="d000.s1377.t000" lemma="добавка" pos="NOUN">добавка</instance>
         <wf lemma="." pos="X">.</wf>
      </sentence>
      <sentence id="d000.s1378" source="wordnet-bulgarian">
         <wf lemma="Имам" pos="X">Имам</wf>
         <instance id="d000.s1378.t000" lemma="аргументация" pos="NOUN">аргументация</instance>
         <wf lemma="за" pos="X">за</wf>
         <wf lemma="решението" pos="X">решението</wf>
         <wf lemma="," pos="X">,</wf>
         <wf lemma="което" pos="X">което</wf>
         <wf lemma="взех" pos="X">взех</wf>
         <wf lemma="." pos="X">.</wf>
      </sentence>
      <sentence id="d000.s1379" source="wordnet-bulgarian">
         <instance id="d000.s1379.t000" lemma="скок" pos="NOUN">Скок</instance>
         <wf lemma="на" pos="X">на</wf>
         <wf lemma="цените" pos="X">цените</wf>
         <wf lemma="." pos="X">.</wf>
      </sentence>
      <sentence id="d000.s1380" source="wordnet-bulgarian">
         <instance id="d000.s1380.t000" lemma="идеал" pos="NOUN">идеал</instance>
         <wf lemma="за" pos="X">за</wf>
         <wf lemma="красота" pos="X">красота</wf>
         <wf lemma="." pos="X">.</wf>
      </sentence>
      <sentence id="d000.s1381" source="wordnet-bulgarian">
         <wf lemma="правя" pos="X">правя</wf>
         <instance id="d000.s1381.t000" lemma="репортаж" pos="NOUN">репортаж</instance>
         <wf lemma="за" pos="X">за</wf>
         <wf lemma="." pos="X">.</wf>
      </sentence>
      <sentence id="d000.s1382" source="wordnet-bulgarian">
         <wf lemma="горен" pos="X">горен</wf>
         <instance id="d000.s1382.t000" lemma="клепач" pos="NOUN">клепач</instance>
         <wf lemma="." pos="X">.</wf>
      </sentence>
      <sentence id="d000.s1383" source="wordnet-bulgarian">
         <wf lemma="изнасям" pos="X">изнасям</wf>
         <instance id="d000.s1383.t000" lemma="доклад" pos="NOUN">доклад</instance>
         <wf lemma="." pos="X">.</wf>
      </sentence>
      <sentence id="d000.s1384" source="wordnet-bulgarian">
         <wf lemma="сдържан" pos="X">сдържан</wf>
         <instance id="d000.s1384.t000" lemma="говор" pos="NOUN">говор</instance>
         <wf lemma="." pos="X">.</wf>
      </sentence>
      <sentence id="d000.s1385" source="wordnet-bulgarian">
         <instance id="d000.s1385.t000" lemma="туризъм" pos="NOUN">Туризмът</instance>
         <wf lemma="е" pos="X">е</wf>
         <wf lemma="основен" pos="X">основен</wf>
         <wf lemma="бизнес" pos="X">бизнес</wf>
         <wf lemma="в" pos="X">в</wf>
         <wf lemma="Гърция" pos="X">Гърция</wf>
         <wf lemma="." pos="X">.</wf>
      </sentence>
      <sentence id="d000.s1386" source="wordnet-bulgarian">
         <instance id="d000.s1386.t000" lemma="зърно" pos="NOUN">зърно</instance>
         <wf lemma="за" pos="X">за</wf>
         <wf lemma="посев" pos="X">посев</wf>
         <wf lemma="." pos="X">.</wf>
      </sentence>
      <sentence id="d000.s1387" source="wordnet-bulgarian">
         <wf lemma="вътрешен" pos="X">вътрешен</wf>
         <instance id="d000.s1387.t000" lemma="усет" pos="NOUN">усет</instance>
         <wf lemma="." pos="X">.</wf>
      </sentence>
      <sentence id="d000.s1388" source="wordnet-bulgarian">
         <wf lemma="ученическа" pos="X">ученическа</wf>
         <instance id="d000.s1388.t000" lemma="униформа" pos="NOUN">униформа</instance>
         <wf lemma="." pos="X">.</wf>
      </sentence>
      <sentence id="d000.s1389" source="wordnet-bulgarian">
         <instance id="d000.s1389.t000" lemma="обект" pos="NOUN">обект</instance>
         <wf lemma="на" pos="X">на</wf>
         <wf lemma="наблюдение" pos="X">наблюдение</wf>
         <wf lemma="." pos="X">.</wf>
      </sentence>
      <sentence id="d000.s1390" source="wordnet-bulgarian">
         <wf lemma="лишавам" pos="X">лишавам</wf>
         <wf lemma="от" pos="X">от</wf>
         <instance id="d000.s1390.t000" lemma="право" pos="NOUN">права</instance>
         <wf lemma="." pos="X">.</wf>
      </sentence>
      <sentence id="d000.s1391" source="wordnet-bulgarian">
         <wf lemma="затворена" pos="X">затворена</wf>
         <instance id="d000.s1391.t000" lemma="обувка" pos="NOUN">обувка</instance>
         <wf lemma="." pos="X">.</wf>
      </sentence>
      <sentence id="d000.s1392" source="wordnet-bulgarian">
         <wf lemma="празнична" pos="X">празнична</wf>
         <instance id="d000.s1392.t000" lemma="подготовка" pos="NOUN">подготовка</instance>
         <wf lemma="." pos="X">.</wf>
      </sentence>
      <sentence id="d000.s1393" source="wordnet-bulgarian">
         <wf lemma="набръчкана" pos="X">набръчкана</wf>
         <instance id="d000.s1393.t000" lemma="кожа" pos="NOUN">кожа</instance>
         <wf lemma="." pos="X">.</wf>
      </sentence>
      <sentence id="d000.s1394" source="wordnet-bulgarian">
         <wf lemma="зареждане" pos="X">зареждане</wf>
         <wf lemma="на" pos="X">на</wf>
         <instance id="d000.s1394.t000" lemma="запалка" pos="NOUN">запалка</instance>
         <wf lemma="." pos="X">.</wf>
      </sentence>
      <sentence id="d000.s1395" source="wordnet-bulgarian">
         <wf lemma="Наказаха" pos="X">Наказаха</wf>
         <wf lemma="целия" pos="X">целия</wf>
         <instance id="d000.s1395.t000" lemma="клас" pos="NOUN">клас</instance>
         <wf lemma="за" pos="X">за</wf>
         <wf lemma="лошо" pos="X">лошо</wf>
         <wf lemma="поведение" pos="X">поведение</wf>
         <wf lemma="." pos="X">.</wf>
      </sentence>
      <sentence id="d000.s1396" source="wordnet-bulgarian">
         <wf lemma="навличам" pos="X">навличам</wf>
         <wf lemma="си" pos="X">си</wf>
         <instance id="d000.s1396.t000" lemma="гняв" pos="NOUN">гнева</instance>
         <wf lemma="на" pos="X">на</wf>
         <wf lemma="." pos="X">.</wf>
      </sentence>
      <sentence id="d000.s1397" source="wordnet-bulgarian">
         <wf lemma="доволен" pos="X">доволен</wf>
         <instance id="d000.s1397.t000" lemma="вид" pos="NOUN">вид</instance>
         <wf lemma="." pos="X">.</wf>
      </sentence>
      <sentence id="d000.s1398" source="wordnet-bulgarian">
         <wf lemma="изисквам" pos="X">изисквам</wf>
         <instance id="d000.s1398.t000" lemma="вярност" pos="NOUN">вярност</instance>
         <wf lemma="." pos="X">.</wf>
      </sentence>
      <sentence id="d000.s1399" source="wordnet-bulgarian">
         <wf lemma="издържам" pos="X">издържам</wf>
         <instance id="d000.s1399.t000" lemma="изпит" pos="NOUN">изпит</instance>
         <wf lemma="." pos="X">.</wf>
      </sentence>
      <sentence id="d000.s1400" source="wordnet-bulgarian">
         <wf lemma="встъпвам" pos="X">встъпвам</wf>
         <wf lemma="в" pos="X">в</wf>
         <instance id="d000.s1400.t000" lemma="брак" pos="NOUN">брак</instance>
         <wf lemma="с." pos="X">с.</wf>
      </sentence>
      <sentence id="d000.s1401" source="wordnet-bulgarian">
         <instance id="d000.s1401.t000" lemma="причина" pos="NOUN">Причината</instance>
         <wf lemma="да" pos="X">да</wf>
         <wf lemma="съм" pos="X">съм</wf>
         <wf lemma="тук" pos="X">тук</wf>
         <wf lemma="е" pos="X">е</wf>
         <wf lemma="желанието" pos="X">желанието</wf>
         <wf lemma="ми" pos="X">ми</wf>
         <wf lemma="да" pos="X">да</wf>
         <wf lemma="те" pos="X">те</wf>
         <wf lemma="видя" pos="X">видя</wf>
         <wf lemma="." pos="X">.</wf>
      </sentence>
      <sentence id="d000.s1402" source="wordnet-bulgarian">
         <wf lemma="по" pos="X">по</wf>
         <instance id="d000.s1402.t000" lemma="стандарт" pos="NOUN">стандарт</instance>
         <wf lemma="." pos="X">.</wf>
      </sentence>
      <sentence id="d000.s1403" source="wordnet-bulgarian">
         <wf lemma="малък" pos="X">малък</wf>
         <instance id="d000.s1403.t000" lemma="апартамент" pos="NOUN">апартамент</instance>
         <wf lemma="." pos="X">.</wf>
      </sentence>
      <sentence id="d000.s1404" source="wordnet-bulgarian">
         <wf lemma="Снощи" pos="X">Снощи</wf>
         <wf lemma="сънувах" pos="X">сънувах</wf>
         <wf lemma="странен" pos="X">странен</wf>
         <instance id="d000.s1404.t000" lemma="сън" pos="NOUN">сън</instance>
         <wf lemma="." pos="X">.</wf>
      </sentence>
      <sentence id="d000.s1405" source="wordnet-bulgarian">
         <wf lemma="широк" pos="X">широк</wf>
         <instance id="d000.s1405.t000" lemma="прозорец" pos="NOUN">прозорец</instance>
         <wf lemma="." pos="X">.</wf>
      </sentence>
      <sentence id="d000.s1406" source="wordnet-bulgarian">
         <wf lemma="продавам" pos="X">продавам</wf>
         <wf lemma="на" pos="X">на</wf>
         <instance id="d000.s1406.t000" lemma="търг" pos="NOUN">търг</instance>
         <wf lemma="." pos="X">.</wf>
      </sentence>
      <sentence id="d000.s1407" source="wordnet-bulgarian">
         <wf lemma="искам" pos="X">искам</wf>
         <wf lemma="да" pos="X">да</wf>
         <instance id="d000.s1407.t000" lemma="докажа" pos="VERB">докажа</instance>
         <wf lemma="," pos="X">,</wf>
         <wf lemma="че" pos="X">че</wf>
         <wf lemma="." pos="X">.</wf>
      </sentence>
      <sentence id="d000.s1408" source="wordnet-bulgarian">
         <wf lemma="млечна" pos="X">млечна</wf>
         <instance id="d000.s1408.t000" lemma="плесен" pos="NOUN">плесен</instance>
         <wf lemma="." pos="X">.</wf>
      </sentence>
      <sentence id="d000.s1409" source="wordnet-bulgarian">
         <instance id="d000.s1409.t000" lemma="действие" pos="NOUN">Действието</instance>
         <wf lemma="в" pos="X">в</wf>
         <wf lemma="повестта" pos="X">повестта</wf>
         <wf lemma="се" pos="X">се</wf>
         <wf lemma="развива" pos="X">развива</wf>
         <wf lemma="бавно" pos="X">бавно</wf>
         <wf lemma="." pos="X">.</wf>
      </sentence>
      <sentence id="d000.s1410" source="wordnet-bulgarian">
         <wf lemma="сила" pos="X">сила</wf>
         <wf lemma="на" pos="X">на</wf>
         <instance id="d000.s1410.t000" lemma="въображение" pos="NOUN">въображението</instance>
         <wf lemma="." pos="X">.</wf>
      </sentence>
      <sentence id="d000.s1411" source="wordnet-bulgarian">
         <instance id="d000.s1411.t000" lemma="забава" pos="NOUN">забава</instance>
         <wf lemma="с" pos="X">с</wf>
         <wf lemma="викторина" pos="X">викторина</wf>
         <wf lemma="и" pos="X">и</wf>
         <wf lemma="награди" pos="X">награди</wf>
         <wf lemma="." pos="X">.</wf>
      </sentence>
      <sentence id="d000.s1412" source="wordnet-bulgarian">
         <wf lemma="вземам" pos="X">вземам</wf>
         <instance id="d000.s1412.t000" lemma="ръка" pos="NOUN">ръка</instance>
         <wf lemma="." pos="X">.</wf>
      </sentence>
      <sentence id="d000.s1413" source="wordnet-bulgarian">
         <instance id="d000.s1413.t000" lemma="услуга" pos="NOUN">услуга</instance>
         <wf lemma="за" pos="X">за</wf>
         <wf lemma="услуга" pos="X">услуга</wf>
         <wf lemma="." pos="X">.</wf>
      </sentence>
      <sentence id="d000.s1414" source="wordnet-bulgarian">
         <wf lemma="дневно" pos="X">дневно</wf>
         <instance id="d000.s1414.t000" lemma="представление" pos="NOUN">представление</instance>
         <wf lemma="." pos="X">.</wf>
      </sentence>
      <sentence id="d000.s1415" source="wordnet-bulgarian">
         <instance id="d000.s1415.t000" lemma="колело" pos="NOUN">колело</instance>
         <wf lemma="от" pos="X">от</wf>
         <wf lemma="кола" pos="X">кола</wf>
         <wf lemma="." pos="X">.</wf>
      </sentence>
      <sentence id="d000.s1416" source="wordnet-bulgarian">
         <instance id="d000.s1416.t000" lemma="магазин" pos="NOUN">магазин</instance>
         <wf lemma="на" pos="X">на</wf>
         <wf lemma="самообслужване" pos="X">самообслужване</wf>
         <wf lemma="." pos="X">.</wf>
      </sentence>
      <sentence id="d000.s1417" source="wordnet-bulgarian">
         <wf lemma="голямо" pos="X">голямо</wf>
         <instance id="d000.s1417.t000" lemma="невежество" pos="NOUN">невежество</instance>
         <wf lemma="." pos="X">.</wf>
      </sentence>
      <sentence id="d000.s1418" source="wordnet-bulgarian">
         <instance id="d000.s1418.t000" lemma="информация" pos="NOUN">Информацията</instance>
         <wf lemma="ти" pos="X">ти</wf>
         <wf lemma="е" pos="X">е</wf>
         <wf lemma="неточна" pos="X">неточна</wf>
         <wf lemma="." pos="X">.</wf>
      </sentence>
      <sentence id="d000.s1419" source="wordnet-bulgarian">
         <wf lemma="Съгласявам" pos="X">Съгласявам</wf>
         <wf lemma="се" pos="X">се</wf>
         <wf lemma="," pos="X">,</wf>
         <wf lemma="но" pos="X">но</wf>
         <wf lemma="с" pos="X">с</wf>
         <wf lemma="известни" pos="X">известни</wf>
         <instance id="d000.s1419.t000" lemma="резерва" pos="NOUN">резерви</instance>
         <wf lemma="." pos="X">.</wf>
      </sentence>
      <sentence id="d000.s1420" source="wordnet-bulgarian">
         <instance id="d000.s1420.t000" lemma="прикрепвам" pos="VERB">прикрепвам</instance>
         <wf lemma="към" pos="X">към</wf>
         <wf lemma="." pos="X">.</wf>
      </sentence>
      <sentence id="d000.s1421" source="wordnet-bulgarian">
         <wf lemma="камбанен" pos="X">камбанен</wf>
         <instance id="d000.s1421.t000" lemma="звън" pos="NOUN">звън</instance>
         <wf lemma="." pos="X">.</wf>
      </sentence>
      <sentence id="d000.s1422" source="wordnet-bulgarian">
         <wf lemma="изсъхнал" pos="X">изсъхнал</wf>
         <instance id="d000.s1422.t000" lemma="клон" pos="NOUN">клон</instance>
         <wf lemma="." pos="X">.</wf>
      </sentence>
      <sentence id="d000.s1423" source="wordnet-bulgarian">
         <wf lemma="фасадна" pos="X">фасадна</wf>
         <instance id="d000.s1423.t000" lemma="бой" pos="NOUN">боя</instance>
         <wf lemma="." pos="X">.</wf>
      </sentence>
      <sentence id="d000.s1424" source="wordnet-bulgarian">
         <wf lemma="добър" pos="X">добър</wf>
         <instance id="d000.s1424.t000" lemma="родител" pos="NOUN">родител</instance>
         <wf lemma="." pos="X">.</wf>
      </sentence>
      <sentence id="d000.s1425" source="wordnet-bulgarian">
         <instance id="d000.s1425.t000" lemma="ресторант" pos="NOUN">ресторант</instance>
         <wf lemma="с" pos="X">с</wf>
         <wf lemma="жива" pos="X">жива</wf>
         <wf lemma="музика" pos="X">музика</wf>
         <wf lemma="." pos="X">.</wf>
      </sentence>
      <sentence id="d000.s1426" source="wordnet-bulgarian">
         <wf lemma="бял" pos="X">бял</wf>
         <instance id="d000.s1426.t000" lemma="хляб" pos="NOUN">хляб</instance>
         <wf lemma="." pos="X">.</wf>
      </sentence>
      <sentence id="d000.s1427" source="wordnet-bulgarian">
         <wf lemma="ат" pos="X">ат</wf>
         <instance id="d000.s1427.t000" lemma="век" pos="NOUN">век</instance>
         <wf lemma="на" pos="X">на</wf>
         <wf lemma="век" pos="X">век</wf>
         <wf lemma="." pos="X">.</wf>
      </sentence>
      <sentence id="d000.s1428" source="wordnet-bulgarian">
         <wf lemma="добър" pos="X">добър</wf>
         <instance id="d000.s1428.t000" lemma="теоретик" pos="NOUN">теоретик</instance>
         <wf lemma="." pos="X">.</wf>
      </sentence>
      <sentence id="d000.s1429" source="wordnet-bulgarian">
         <wf lemma="къс" pos="X">къс</wf>
         <instance id="d000.s1429.t000" lemma="период" pos="NOUN">период</instance>
         <wf lemma="." pos="X">.</wf>
      </sentence>
      <sentence id="d000.s1430" source="wordnet-bulgarian">
         <wf lemma="Това" pos="X">Това</wf>
         <wf lemma="не" pos="X">не</wf>
         <wf lemma="ми" pos="X">ми</wf>
         <wf lemma="представлява" pos="X">представлява</wf>
         <instance id="d000.s1430.t000" lemma="трудност" pos="NOUN">трудност</instance>
         <wf lemma="." pos="X">.</wf>
      </sentence>
      <sentence id="d000.s1431" source="wordnet-bulgarian">
         <instance id="d000.s1431.t000" lemma="сфера" pos="NOUN">сфера</instance>
         <wf lemma="на" pos="X">на</wf>
         <wf lemma="дейност" pos="X">дейност</wf>
         <wf lemma="." pos="X">.</wf>
      </sentence>
      <sentence id="d000.s1432" source="wordnet-bulgarian">
         <wf lemma="Сърдечно" pos="X">Сърдечно</wf>
         <wf lemma="ви" pos="X">ви</wf>
         <instance id="d000.s1432.t000" lemma="поздравявам" pos="VERB">поздравявам</instance>
         <wf lemma="." pos="X">.</wf>
      </sentence>
      <sentence id="d000.s1433" source="wordnet-bulgarian">
         <wf lemma="матричен" pos="X">матричен</wf>
         <instance id="d000.s1433.t000" lemma="принтер" pos="NOUN">принтер</instance>
         <wf lemma="." pos="X">.</wf>
      </sentence>
      <sentence id="d000.s1434" source="wordnet-bulgarian">
         <wf lemma="имам" pos="X">имам</wf>
         <wf lemma="добра" pos="X">добра</wf>
         <instance id="d000.s1434.t000" lemma="основа" pos="NOUN">основа</instance>
         <wf lemma="по." pos="X">по.</wf>
      </sentence>
      <sentence id="d000.s1435" source="wordnet-bulgarian">
         <wf lemma="Ти" pos="X">Ти</wf>
         <wf lemma="си" pos="X">си</wf>
         <wf lemma="ми" pos="X">ми</wf>
         <instance id="d000.s1435.t000" lemma="любимец" pos="NOUN">любимец</instance>
         <wf lemma="." pos="X">.</wf>
      </sentence>
      <sentence id="d000.s1436" source="wordnet-bulgarian">
         <wf lemma="сок" pos="X">сок</wf>
         <wf lemma="от" pos="X">от</wf>
         <instance id="d000.s1436.t000" lemma="морков" pos="NOUN">моркови</instance>
         <wf lemma="." pos="X">.</wf>
      </sentence>
      <sentence id="d000.s1437" source="wordnet-bulgarian">
         <wf lemma="гол" pos="X">гол</wf>
         <instance id="d000.s1437.t000" lemma="корем" pos="NOUN">корем</instance>
         <wf lemma="." pos="X">.</wf>
      </sentence>
      <sentence id="d000.s1438" source="wordnet-bulgarian">
         <wf lemma="извършвам" pos="X">извършвам</wf>
         <instance id="d000.s1438.t000" lemma="арест" pos="NOUN">арест</instance>
         <wf lemma="." pos="X">.</wf>
      </sentence>
      <sentence id="d000.s1439" source="wordnet-bulgarian">
         <wf lemma="йони" pos="X">йони</wf>
         <wf lemma="с" pos="X">с</wf>
         <wf lemma="положителен" pos="X">положителен</wf>
         <instance id="d000.s1439.t000" lemma="заряд" pos="NOUN">заряд</instance>
         <wf lemma="." pos="X">.</wf>
      </sentence>
      <sentence id="d000.s1440" source="wordnet-bulgarian">
         <wf lemma="Лекарят" pos="X">Лекарят</wf>
         <wf lemma="увеличи" pos="X">увеличи</wf>
         <instance id="d000.s1440.t000" lemma="доза" pos="NOUN">дозата</instance>
         <wf lemma="на" pos="X">на</wf>
         <wf lemma="лекарството" pos="X">лекарството</wf>
         <wf lemma="." pos="X">.</wf>
      </sentence>
      <sentence id="d000.s1441" source="wordnet-bulgarian">
         <wf lemma="малка" pos="X">малка</wf>
         <instance id="d000.s1441.t000" lemma="дупка" pos="NOUN">дупка</instance>
         <wf lemma="." pos="X">.</wf>
      </sentence>
      <sentence id="d000.s1442" source="wordnet-bulgarian">
         <wf lemma="Бурята" pos="X">Бурята</wf>
         <wf lemma="помете" pos="X">помете</wf>
         <wf lemma="всичко" pos="X">всичко</wf>
         <wf lemma="по" pos="X">по</wf>
         <instance id="d000.s1442.t000" lemma="път" pos="NOUN">пътя</instance>
         <wf lemma="си" pos="X">си</wf>
         <wf lemma="." pos="X">.</wf>
      </sentence>
      <sentence id="d000.s1443" source="wordnet-bulgarian">
         <wf lemma="трасиращ" pos="X">трасиращ</wf>
         <instance id="d000.s1443.t000" lemma="куршум" pos="NOUN">куршум</instance>
         <wf lemma="." pos="X">.</wf>
      </sentence>
      <sentence id="d000.s1444" source="wordnet-bulgarian">
         <wf lemma="Доказателствата" pos="X">Доказателствата</wf>
         <instance id="d000.s1444.t000" lemma="подкрепям" pos="VERB">подкрепят</instance>
         <wf lemma="думите" pos="X">думите</wf>
         <wf lemma="му" pos="X">му</wf>
         <wf lemma="." pos="X">.</wf>
      </sentence>
      <sentence id="d000.s1445" source="wordnet-bulgarian">
         <wf lemma="реактивен" pos="X">реактивен</wf>
         <instance id="d000.s1445.t000" lemma="двигател" pos="NOUN">двигател</instance>
         <wf lemma="." pos="X">.</wf>
      </sentence>
      <sentence id="d000.s1446" source="wordnet-bulgarian">
         <wf lemma="сдружение" pos="X">сдружение</wf>
         <wf lemma="на" pos="X">на</wf>
         <instance id="d000.s1446.t000" lemma="занаятчия" pos="NOUN">занаятчиите</instance>
         <wf lemma="." pos="X">.</wf>
      </sentence>
      <sentence id="d000.s1447" source="wordnet-bulgarian">
         <wf lemma="давам" pos="X">давам</wf>
         <instance id="d000.s1447.t000" lemma="издръжка" pos="NOUN">издръжка</instance>
         <wf lemma="." pos="X">.</wf>
      </sentence>
      <sentence id="d000.s1448" source="wordnet-bulgarian">
         <wf lemma="блясък" pos="X">блясък</wf>
         <wf lemma="на" pos="X">на</wf>
         <instance id="d000.s1448.t000" lemma="мълния" pos="NOUN">мълния</instance>
         <wf lemma="." pos="X">.</wf>
      </sentence>
      <sentence id="d000.s1449" source="wordnet-bulgarian">
         <wf lemma="сменям" pos="X">сменям</wf>
         <instance id="d000.s1449.t000" lemma="крушка" pos="NOUN">крушка</instance>
         <wf lemma="." pos="X">.</wf>
      </sentence>
      <sentence id="d000.s1450" source="wordnet-bulgarian">
         <wf lemma="маркови" pos="X">маркови</wf>
         <instance id="d000.s1450.t000" lemma="обувка" pos="NOUN">обувки</instance>
         <wf lemma="." pos="X">.</wf>
      </sentence>
      <sentence id="d000.s1451" source="wordnet-bulgarian">
         <wf lemma="смесен" pos="X">смесен</wf>
         <instance id="d000.s1451.t000" lemma="хор" pos="NOUN">хор</instance>
         <wf lemma="." pos="X">.</wf>
      </sentence>
      <sentence id="d000.s1452" source="wordnet-bulgarian">
         <instance id="d000.s1452.t000" lemma="мостра" pos="NOUN">мостра</instance>
         <wf lemma="от" pos="X">от</wf>
         <wf lemma="." pos="X">.</wf>
      </sentence>
      <sentence id="d000.s1453" source="wordnet-bulgarian">
         <instance id="d000.s1453.t000" lemma="връх" pos="NOUN">връх</instance>
         <wf lemma="на" pos="X">на</wf>
         <wf lemma="куршум" pos="X">куршум</wf>
         <wf lemma="." pos="X">.</wf>
      </sentence>
      <sentence id="d000.s1454" source="wordnet-bulgarian">
         <wf lemma="неканен" pos="X">неканен</wf>
         <instance id="d000.s1454.t000" lemma="гост" pos="NOUN">гост</instance>
         <wf lemma="." pos="X">.</wf>
      </sentence>
      <sentence id="d000.s1455" source="wordnet-bulgarian">
         <wf lemma="беззаветна" pos="X">беззаветна</wf>
         <instance id="d000.s1455.t000" lemma="вярност" pos="NOUN">вярност</instance>
         <wf lemma="." pos="X">.</wf>
      </sentence>
      <sentence id="d000.s1456" source="wordnet-bulgarian">
         <wf lemma="зелена" pos="X">зелена</wf>
         <instance id="d000.s1456.t000" lemma="покривка" pos="NOUN">покривка</instance>
         <wf lemma="от" pos="X">от</wf>
         <wf lemma="трева" pos="X">трева</wf>
         <wf lemma="." pos="X">.</wf>
      </sentence>
      <sentence id="d000.s1457" source="wordnet-bulgarian">
         <wf lemma="Ще" pos="X">Ще</wf>
         <wf lemma="възстановя" pos="X">възстановя</wf>
         <instance id="d000.s1457.t000" lemma="щета" pos="NOUN">щетите</instance>
         <wf lemma="." pos="X">.</wf>
      </sentence>
      <sentence id="d000.s1458" source="wordnet-bulgarian">
         <wf lemma="от" pos="X">от</wf>
         <instance id="d000.s1458.t000" lemma="юг" pos="NOUN">юг</instance>
         <wf lemma="." pos="X">.</wf>
      </sentence>
      <sentence id="d000.s1459" source="wordnet-bulgarian">
         <wf lemma="Полагам" pos="X">Полагам</wf>
         <wf lemma="големи" pos="X">големи</wf>
         <instance id="d000.s1459.t000" lemma="грижа" pos="NOUN">грижи</instance>
         <wf lemma="за" pos="X">за</wf>
         <wf lemma="косата" pos="X">косата</wf>
         <wf lemma="си" pos="X">си</wf>
         <wf lemma="." pos="X">.</wf>
      </sentence>
      <sentence id="d000.s1460" source="wordnet-bulgarian">
         <wf lemma="бомбен" pos="X">бомбен</wf>
         <instance id="d000.s1460.t000" lemma="взрив" pos="NOUN">взрив</instance>
         <wf lemma="." pos="X">.</wf>
      </sentence>
      <sentence id="d000.s1461" source="wordnet-bulgarian">
         <wf lemma="питейна" pos="X">питейна</wf>
         <instance id="d000.s1461.t000" lemma="вода" pos="NOUN">вода</instance>
         <wf lemma="." pos="X">.</wf>
      </sentence>
      <sentence id="d000.s1462" source="wordnet-bulgarian">
         <instance id="d000.s1462.t000" lemma="възпроизвеждам" pos="VERB">възпроизвеждам</instance>
         <wf lemma="история" pos="X">история</wf>
         <wf lemma="." pos="X">.</wf>
      </sentence>
      <sentence id="d000.s1463" source="wordnet-bulgarian">
         <instance id="d000.s1463.t000" lemma="под" pos="NOUN">Подът</instance>
         <wf lemma="в" pos="X">в</wf>
         <wf lemma="кухнята" pos="X">кухнята</wf>
         <wf lemma="е" pos="X">е</wf>
         <wf lemma="покрит" pos="X">покрит</wf>
         <wf lemma="с" pos="X">с</wf>
         <wf lemma="красиви" pos="X">красиви</wf>
         <wf lemma="теракотени" pos="X">теракотени</wf>
         <wf lemma="плочки" pos="X">плочки</wf>
         <wf lemma="." pos="X">.</wf>
      </sentence>
      <sentence id="d000.s1464" source="wordnet-bulgarian">
         <wf lemma="Отивам" pos="X">Отивам</wf>
         <wf lemma="в" pos="X">в</wf>
         <instance id="d000.s1464.t000" lemma="градина" pos="NOUN">градината</instance>
         <wf lemma="." pos="X">.</wf>
      </sentence>
      <sentence id="d000.s1465" source="wordnet-bulgarian">
         <wf lemma="политика" pos="X">политика</wf>
         <wf lemma="на" pos="X">на</wf>
         <instance id="d000.s1465.t000" lemma="сътрудничество" pos="NOUN">сътрудничество</instance>
         <wf lemma="." pos="X">.</wf>
      </sentence>
      <sentence id="d000.s1466" source="wordnet-bulgarian">
         <wf lemma="против" pos="X">против</wf>
         <instance id="d000.s1466.t000" lemma="убеждение" pos="NOUN">убежденията</instance>
         <wf lemma="си" pos="X">си</wf>
         <wf lemma="." pos="X">.</wf>
      </sentence>
      <sentence id="d000.s1467" source="wordnet-bulgarian">
         <wf lemma="Вечерята" pos="X">Вечерята</wf>
         <wf lemma="завърши" pos="X">завърши</wf>
         <wf lemma="с" pos="X">с</wf>
         <instance id="d000.s1467.t000" lemma="десерт" pos="NOUN">десерт</instance>
         <wf lemma="." pos="X">.</wf>
      </sentence>
      <sentence id="d000.s1468" source="wordnet-bulgarian">
         <wf lemma="отговорен" pos="X">отговорен</wf>
         <instance id="d000.s1468.t000" lemma="политик" pos="NOUN">политик</instance>
         <wf lemma="." pos="X">.</wf>
      </sentence>
      <sentence id="d000.s1469" source="wordnet-bulgarian">
         <wf lemma="нова" pos="X">нова</wf>
         <instance id="d000.s1469.t000" lemma="реколта" pos="NOUN">реколта</instance>
         <wf lemma="." pos="X">.</wf>
      </sentence>
      <sentence id="d000.s1470" source="wordnet-bulgarian">
         <wf lemma="имам" pos="X">имам</wf>
         <instance id="d000.s1470.t000" lemma="връзка" pos="NOUN">връзка</instance>
         <wf lemma="с" pos="X">с</wf>
         <wf lemma="някого" pos="X">някого</wf>
         <wf lemma="." pos="X">.</wf>
      </sentence>
      <sentence id="d000.s1471" source="wordnet-bulgarian">
         <wf lemma="Новият" pos="X">Новият</wf>
         <wf lemma="ни" pos="X">ни</wf>
         <instance id="d000.s1471.t000" lemma="директор" pos="NOUN">директор</instance>
         <wf lemma="е" pos="X">е</wf>
         <wf lemma="изключително" pos="X">изключително</wf>
         <wf lemma="компетентен" pos="X">компетентен</wf>
         <wf lemma="и" pos="X">и</wf>
         <wf lemma="експедитивен" pos="X">експедитивен</wf>
         <wf lemma="." pos="X">.</wf>
      </sentence>
      <sentence id="d000.s1472" source="wordnet-bulgarian">
         <wf lemma="Всякакви" pos="X">Всякакви</wf>
         <instance id="d000.s1472.t000" lemma="предположение" pos="NOUN">предположения</instance>
         <wf lemma="минават" pos="X">минават</wf>
         <wf lemma="през" pos="X">през</wf>
         <wf lemma="главата" pos="X">главата</wf>
         <wf lemma="ми" pos="X">ми</wf>
         <wf lemma="." pos="X">.</wf>
      </sentence>
      <sentence id="d000.s1473" source="wordnet-bulgarian">
         <wf lemma="Ще" pos="X">Ще</wf>
         <wf lemma="има" pos="X">има</wf>
         <wf lemma="ли" pos="X">ли</wf>
         <instance id="d000.s1473.t000" lemma="сделка" pos="NOUN">сделка</instance>
         <wf lemma="или" pos="X">или</wf>
         <wf lemma="не" pos="X">не</wf>
         <wf lemma="?" pos="X">?</wf>
      </sentence>
      <sentence id="d000.s1474" source="wordnet-bulgarian">
         <wf lemma="топла" pos="X">топла</wf>
         <instance id="d000.s1474.t000" lemma="завивка" pos="NOUN">завивка</instance>
         <wf lemma="." pos="X">.</wf>
      </sentence>
      <sentence id="d000.s1475" source="wordnet-bulgarian">
         <wf lemma="пуснат" pos="X">пуснат</wf>
         <wf lemma="съм" pos="X">съм</wf>
         <wf lemma="под" pos="X">под</wf>
         <instance id="d000.s1475.t000" lemma="гаранция" pos="NOUN">гаранция</instance>
         <wf lemma="." pos="X">.</wf>
      </sentence>
      <sentence id="d000.s1476" source="wordnet-bulgarian">
         <wf lemma="отбелязвам" pos="X">отбелязвам</wf>
         <wf lemma="в" pos="X">в</wf>
         <instance id="d000.s1476.t000" lemma="поле" pos="NOUN">полето</instance>
         <wf lemma="." pos="X">.</wf>
      </sentence>
      <sentence id="d000.s1477" source="wordnet-bulgarian">
         <wf lemma="имам" pos="X">имам</wf>
         <instance id="d000.s1477.t000" lemma="забележка" pos="NOUN">забележки</instance>
         <wf lemma="." pos="X">.</wf>
      </sentence>
      <sentence id="d000.s1478" source="wordnet-bulgarian">
         <wf lemma="Детето" pos="X">Детето</wf>
         <wf lemma="вече" pos="X">вече</wf>
         <instance id="d000.s1478.t000" lemma="говоря" pos="VERB">говори</instance>
         <wf lemma="." pos="X">.</wf>
      </sentence>
      <sentence id="d000.s1479" source="wordnet-bulgarian">
         <wf lemma="Трудно" pos="X">Трудно</wf>
         <instance id="d000.s1479.t000" lemma="издържам" pos="VERB">издържам</instance>
         <wf lemma="мизерната" pos="X">мизерната</wf>
         <wf lemma="обстановка" pos="X">обстановка</wf>
         <wf lemma="вкъщи" pos="X">вкъщи</wf>
         <wf lemma="." pos="X">.</wf>
      </sentence>
      <sentence id="d000.s1480" source="wordnet-bulgarian">
         <wf lemma="Живея" pos="X">Живея</wf>
         <wf lemma="на" pos="X">на</wf>
         <wf lemma="втория" pos="X">втория</wf>
         <instance id="d000.s1480.t000" lemma="етаж" pos="NOUN">етаж</instance>
         <wf lemma="." pos="X">.</wf>
      </sentence>
      <sentence id="d000.s1481" source="wordnet-bulgarian">
         <wf lemma="празна" pos="X">празна</wf>
         <instance id="d000.s1481.t000" lemma="уста" pos="NOUN">уста</instance>
         <wf lemma="." pos="X">.</wf>
      </sentence>
      <sentence id="d000.s1482" source="wordnet-bulgarian">
         <wf lemma="с" pos="X">с</wf>
         <instance id="d000.s1482.t000" lemma="позволение" pos="NOUN">позволение</instance>
         <wf lemma="." pos="X">.</wf>
      </sentence>
      <sentence id="d000.s1483" source="wordnet-bulgarian">
         <wf lemma="задържам" pos="X">задържам</wf>
         <instance id="d000.s1483.t000" lemma="скорост" pos="NOUN">скоростта</instance>
         <wf lemma="." pos="X">.</wf>
      </sentence>
      <sentence id="d000.s1484" source="wordnet-bulgarian">
         <wf lemma="сложих" pos="X">сложих</wf>
         <wf lemma="капачката" pos="X">капачката</wf>
         <wf lemma="на" pos="X">на</wf>
         <instance id="d000.s1484.t000" lemma="шише" pos="NOUN">шишето</instance>
         <wf lemma="." pos="X">.</wf>
      </sentence>
      <sentence id="d000.s1485" source="wordnet-bulgarian">
         <instance id="d000.s1485.t000" lemma="избирам" pos="VERB">Избирам</instance>
         <wf lemma="заместник" pos="X">заместник</wf>
         <wf lemma="." pos="X">.</wf>
      </sentence>
      <sentence id="d000.s1486" source="wordnet-bulgarian">
         <instance id="d000.s1486.t000" lemma="прислужница" pos="NOUN">Прислужницата</instance>
         <wf lemma="идва" pos="X">идва</wf>
         <wf lemma="два" pos="X">два</wf>
         <wf lemma="пъти" pos="X">пъти</wf>
         <wf lemma="в" pos="X">в</wf>
         <wf lemma="седмицата" pos="X">седмицата</wf>
         <wf lemma="у" pos="X">у</wf>
         <wf lemma="дома" pos="X">дома</wf>
         <wf lemma="." pos="X">.</wf>
      </sentence>
      <sentence id="d000.s1487" source="wordnet-bulgarian">
         <instance id="d000.s1487.t000" lemma="отопление" pos="NOUN">отопление</instance>
         <wf lemma="на" pos="X">на</wf>
         <wf lemma="газ." pos="X">газ.</wf>
      </sentence>
      <sentence id="d000.s1488" source="wordnet-bulgarian">
         <instance id="d000.s1488.t000" lemma="наказвам" pos="VERB">наказвам</instance>
         <wf lemma="с" pos="X">с</wf>
         <wf lemma="глоба" pos="X">глоба</wf>
         <wf lemma="." pos="X">.</wf>
      </sentence>
      <sentence id="d000.s1489" source="wordnet-bulgarian">
         <wf lemma="отивам" pos="X">отивам</wf>
         <wf lemma="на" pos="X">на</wf>
         <instance id="d000.s1489.t000" lemma="лагер" pos="NOUN">лагер</instance>
         <wf lemma="." pos="X">.</wf>
      </sentence>
      <sentence id="d000.s1490" source="wordnet-bulgarian">
         <wf lemma="кутия" pos="X">кутия</wf>
         <instance id="d000.s1490.t000" lemma="бой" pos="NOUN">боя</instance>
         <wf lemma="." pos="X">.</wf>
      </sentence>
      <sentence id="d000.s1491" source="wordnet-bulgarian">
         <wf lemma="Не" pos="X">Не</wf>
         <wf lemma="съм" pos="X">съм</wf>
         <wf lemma="съгласен" pos="X">съгласен</wf>
         <wf lemma="с" pos="X">с</wf>
         <wf lemma="вашето" pos="X">вашето</wf>
         <instance id="d000.s1491.t000" lemma="твърдение" pos="NOUN">твърдение</instance>
         <wf lemma="." pos="X">.</wf>
      </sentence>
      <sentence id="d000.s1492" source="wordnet-bulgarian">
         <wf lemma="атомно" pos="X">атомно</wf>
         <instance id="d000.s1492.t000" lemma="гориво" pos="NOUN">гориво</instance>
         <wf lemma="." pos="X">.</wf>
      </sentence>
      <sentence id="d000.s1493" source="wordnet-bulgarian">
         <instance id="d000.s1493.t000" lemma="обувка" pos="NOUN">обувки</instance>
         <wf lemma="без" pos="X">без</wf>
         <wf lemma="връзки" pos="X">връзки</wf>
         <wf lemma="." pos="X">.</wf>
      </sentence>
      <sentence id="d000.s1494" source="wordnet-bulgarian">
         <instance id="d000.s1494.t000" lemma="пътуване" pos="NOUN">пътуване</instance>
         <wf lemma="до" pos="X">до</wf>
         <wf lemma="Лондон" pos="X">Лондон</wf>
         <wf lemma="." pos="X">.</wf>
      </sentence>
      <sentence id="d000.s1495" source="wordnet-bulgarian">
         <wf lemma="Дай" pos="X">Дай</wf>
         <wf lemma="малко" pos="X">малко</wf>
         <instance id="d000.s1495.t000" lemma="газ" pos="NOUN">газ</instance>
         <wf lemma="," pos="X">,</wf>
         <wf lemma="че" pos="X">че</wf>
         <wf lemma="колата" pos="X">колата</wf>
         <wf lemma="ще" pos="X">ще</wf>
         <wf lemma="спре" pos="X">спре</wf>
         <wf lemma="." pos="X">.</wf>
      </sentence>
      <sentence id="d000.s1496" source="wordnet-bulgarian">
         <wf lemma="театрално" pos="X">театрално</wf>
         <instance id="d000.s1496.t000" lemma="представление" pos="NOUN">представление</instance>
         <wf lemma="." pos="X">.</wf>
      </sentence>
      <sentence id="d000.s1497" source="wordnet-bulgarian">
         <instance id="d000.s1497.t000" lemma="колона" pos="NOUN">Колони</instance>
         <wf lemma="подпираха" pos="X">подпираха</wf>
         <wf lemma="тавана" pos="X">тавана</wf>
         <wf lemma="на" pos="X">на</wf>
         <wf lemma="залата" pos="X">залата</wf>
         <wf lemma="." pos="X">.</wf>
      </sentence>
      <sentence id="d000.s1498" source="wordnet-bulgarian">
         <wf lemma="високо" pos="X">високо</wf>
         <wf lemma="морско" pos="X">морско</wf>
         <instance id="d000.s1498.t000" lemma="равнище" pos="NOUN">равнище</instance>
         <wf lemma="." pos="X">.</wf>
      </sentence>
      <sentence id="d000.s1499" source="wordnet-bulgarian">
         <wf lemma="опознавам" pos="X">опознавам</wf>
         <instance id="d000.s1499.t000" lemma="обстановка" pos="NOUN">обстановката</instance>
         <wf lemma="." pos="X">.</wf>
      </sentence>
      <sentence id="d000.s1500" source="wordnet-bulgarian">
         <instance id="d000.s1500.t000" lemma="връзка" pos="NOUN">връзка</instance>
         <wf lemma="между" pos="X">между</wf>
         <wf lemma="теорията" pos="X">теорията</wf>
         <wf lemma="и" pos="X">и</wf>
         <wf lemma="практиката" pos="X">практиката</wf>
         <wf lemma="." pos="X">.</wf>
      </sentence>
      <sentence id="d000.s1501" source="wordnet-bulgarian">
         <wf lemma="През" pos="X">През</wf>
         <wf lemma="1969" pos="X">1969</wf>
         <wf lemma="год." pos="X">год.</wf>
         <wf lemma="човешки" pos="X">човешки</wf>
         <wf lemma="крак" pos="X">крак</wf>
         <wf lemma="стъпи" pos="X">стъпи</wf>
         <wf lemma="на" pos="X">на</wf>
         <instance id="d000.s1501.t000" lemma="луна" pos="NOUN">Луната</instance>
         <wf lemma="." pos="X">.</wf>
      </sentence>
      <sentence id="d000.s1502" source="wordnet-bulgarian">
         <wf lemma="В" pos="X">В</wf>
         <instance id="d000.s1502.t000" lemma="процес" pos="NOUN">процеса</instance>
         <wf lemma="на" pos="X">на</wf>
         <wf lemma="работата" pos="X">работата</wf>
         <wf lemma="." pos="X">.</wf>
      </sentence>
      <sentence id="d000.s1503" source="wordnet-bulgarian">
         <wf lemma="Международна" pos="X">Международна</wf>
         <instance id="d000.s1503.t000" lemma="харта" pos="NOUN">харта</instance>
         <wf lemma="за" pos="X">за</wf>
         <wf lemma="правата" pos="X">правата</wf>
         <wf lemma="на" pos="X">на</wf>
         <wf lemma="човека" pos="X">човека</wf>
         <wf lemma="." pos="X">.</wf>
      </sentence>
      <sentence id="d000.s1504" source="wordnet-bulgarian">
         <wf lemma="Очаквах" pos="X">Очаквах</wf>
         <wf lemma="кратко" pos="X">кратко</wf>
         <instance id="d000.s1504.t000" lemma="обяснение" pos="NOUN">обяснение</instance>
         <wf lemma="." pos="X">.</wf>
      </sentence>
      <sentence id="d000.s1505" source="wordnet-bulgarian">
         <instance id="d000.s1505.t000" lemma="име" pos="NOUN">име</instance>
         <wf lemma="на" pos="X">на</wf>
         <wf lemma="улица" pos="X">улица</wf>
         <wf lemma="." pos="X">.</wf>
      </sentence>
      <sentence id="d000.s1506" source="wordnet-bulgarian">
         <wf lemma="В" pos="X">В</wf>
         <wf lemma="три" pos="X">три</wf>
         <instance id="d000.s1506.t000" lemma="час" pos="NOUN">часа</instance>
         <wf lemma="ще" pos="X">ще</wf>
         <wf lemma="те" pos="X">те</wf>
         <wf lemma="чакам" pos="X">чакам</wf>
         <wf lemma="." pos="X">.</wf>
      </sentence>
      <sentence id="d000.s1507" source="wordnet-bulgarian">
         <wf lemma="отивам" pos="X">отивам</wf>
         <wf lemma="на" pos="X">на</wf>
         <instance id="d000.s1507.t000" lemma="кино" pos="NOUN">кино</instance>
         <wf lemma="." pos="X">.</wf>
      </sentence>
      <sentence id="d000.s1508" source="wordnet-bulgarian">
         <wf lemma="гася" pos="X">гася</wf>
         <instance id="d000.s1508.t000" lemma="огън" pos="NOUN">огън</instance>
         <wf lemma="." pos="X">.</wf>
      </sentence>
      <sentence id="d000.s1509" source="wordnet-bulgarian">
         <wf lemma="учен" pos="X">учен</wf>
         <instance id="d000.s1509.t000" lemma="човек" pos="NOUN">човек</instance>
         <wf lemma="." pos="X">.</wf>
      </sentence>
      <sentence id="d000.s1510" source="wordnet-bulgarian">
         <instance id="d000.s1510.t000" lemma="детайл" pos="NOUN">детайли</instance>
         <wf lemma="от" pos="X">от</wf>
         <wf lemma="картина" pos="X">картина</wf>
         <wf lemma="." pos="X">.</wf>
      </sentence>
      <sentence id="d000.s1511" source="wordnet-bulgarian">
         <wf lemma="до" pos="X">до</wf>
         <instance id="d000.s1511.t000" lemma="кокал" pos="NOUN">кокал</instance>
         <wf lemma="." pos="X">.</wf>
      </sentence>
      <sentence id="d000.s1512" source="wordnet-bulgarian">
         <wf lemma="лятна" pos="X">лятна</wf>
         <instance id="d000.s1512.t000" lemma="кампания" pos="NOUN">кампания</instance>
         <wf lemma="." pos="X">.</wf>
      </sentence>
      <sentence id="d000.s1513" source="wordnet-bulgarian">
         <wf lemma="Ще" pos="X">Ще</wf>
         <instance id="d000.s1513.t000" lemma="режисирам" pos="VERB">режисира</instance>
         <wf lemma="една" pos="X">една</wf>
         <wf lemma="младежка" pos="X">младежка</wf>
         <wf lemma="пиеса" pos="X">пиеса</wf>
         <wf lemma="." pos="X">.</wf>
      </sentence>
      <sentence id="d000.s1514" source="wordnet-bulgarian">
         <wf lemma="сключвам" pos="X">сключвам</wf>
         <instance id="d000.s1514.t000" lemma="договор" pos="NOUN">договор</instance>
         <wf lemma="." pos="X">.</wf>
      </sentence>
      <sentence id="d000.s1515" source="wordnet-bulgarian">
         <instance id="d000.s1515.t000" lemma="взаимодействие" pos="NOUN">взаимодействие</instance>
         <wf lemma="на" pos="X">на</wf>
         <wf lemma="гените" pos="X">гените</wf>
         <wf lemma="." pos="X">.</wf>
      </sentence>
      <sentence id="d000.s1516" source="wordnet-bulgarian">
         <wf lemma="купувам" pos="X">купувам</wf>
         <wf lemma="си" pos="X">си</wf>
         <instance id="d000.s1516.t000" lemma="костюм" pos="NOUN">костюм</instance>
         <wf lemma="." pos="X">.</wf>
      </sentence>
      <sentence id="d000.s1517" source="wordnet-bulgarian">
         <wf lemma="маркова" pos="X">маркова</wf>
         <instance id="d000.s1517.t000" lemma="запалка" pos="NOUN">запалка</instance>
         <wf lemma="." pos="X">.</wf>
      </sentence>
      <sentence id="d000.s1518" source="wordnet-bulgarian">
         <wf lemma="Израснах" pos="X">Израснах</wf>
         <wf lemma="без" pos="X">без</wf>
         <instance id="d000.s1518.t000" lemma="баща" pos="NOUN">баща</instance>
         <wf lemma="." pos="X">.</wf>
      </sentence>
      <sentence id="d000.s1519" source="wordnet-bulgarian">
         <wf lemma="Взех" pos="X">Взех</wf>
         <instance id="d000.s1519.t000" lemma="хапка" pos="NOUN">хапката</instance>
         <wf lemma="от" pos="X">от</wf>
         <wf lemma="устата" pos="X">устата</wf>
         <wf lemma="му" pos="X">му</wf>
         <wf lemma="." pos="X">.</wf>
      </sentence>
      <sentence id="d000.s1520" source="wordnet-bulgarian">
         <wf lemma="получавам" pos="X">получавам</wf>
         <instance id="d000.s1520.t000" lemma="наказание" pos="NOUN">наказание</instance>
         <wf lemma="." pos="X">.</wf>
      </sentence>
      <sentence id="d000.s1521" source="wordnet-bulgarian">
         <wf lemma="Той" pos="X">Той</wf>
         <wf lemma="нямаше" pos="X">нямаше</wf>
         <instance id="d000.s1521.t000" lemma="детство" pos="NOUN">детство</instance>
         <wf lemma="." pos="X">.</wf>
      </sentence>
      <sentence id="d000.s1522" source="wordnet-bulgarian">
         <wf lemma="труден" pos="X">труден</wf>
         <instance id="d000.s1522.t000" lemma="характер" pos="NOUN">характер</instance>
         <wf lemma="." pos="X">.</wf>
      </sentence>
      <sentence id="d000.s1523" source="wordnet-bulgarian">
         <wf lemma="жлези" pos="X">жлези</wf>
         <wf lemma="с" pos="X">с</wf>
         <wf lemma="вътрешна" pos="X">вътрешна</wf>
         <instance id="d000.s1523.t000" lemma="секреция" pos="NOUN">секреция</instance>
         <wf lemma="." pos="X">.</wf>
      </sentence>
      <sentence id="d000.s1524" source="wordnet-bulgarian">
         <wf lemma="мисля" pos="X">мисля</wf>
         <wf lemma="за" pos="X">за</wf>
         <instance id="d000.s1524.t000" lemma="последица" pos="NOUN">последиците</instance>
         <wf lemma="от" pos="X">от</wf>
         <wf lemma="." pos="X">.</wf>
      </sentence>
      <sentence id="d000.s1525" source="wordnet-bulgarian">
         <wf lemma="в" pos="X">в</wf>
         <wf lemma="света" pos="X">света</wf>
         <wf lemma="на" pos="X">на</wf>
         <instance id="d000.s1525.t000" lemma="животно" pos="NOUN">животните</instance>
         <wf lemma="." pos="X">.</wf>
      </sentence>
      <sentence id="d000.s1526" source="wordnet-bulgarian">
         <wf lemma="весела" pos="X">весела</wf>
         <instance id="d000.s1526.t000" lemma="мелодия" pos="NOUN">мелодия</instance>
         <wf lemma="." pos="X">.</wf>
      </sentence>
      <sentence id="d000.s1527" source="wordnet-bulgarian">
         <wf lemma="Нощес" pos="X">Нощес</wf>
         <wf lemma="имаше" pos="X">имаше</wf>
         <instance id="d000.s1527.t000" lemma="земетресение" pos="NOUN">земетресение</instance>
         <wf lemma="." pos="X">.</wf>
      </sentence>
      <sentence id="d000.s1528" source="wordnet-bulgarian">
         <wf lemma="Той" pos="X">Той</wf>
         <wf lemma="изгуби" pos="X">изгуби</wf>
         <instance id="d000.s1528.t000" lemma="глас" pos="NOUN">гласа</instance>
         <wf lemma="си" pos="X">си</wf>
         <wf lemma="." pos="X">.</wf>
      </sentence>
      <sentence id="d000.s1529" source="wordnet-bulgarian">
         <wf lemma="Грънчарството" pos="X">Грънчарството</wf>
         <wf lemma="е" pos="X">е</wf>
         <wf lemma="моят" pos="X">моят</wf>
         <instance id="d000.s1529.t000" lemma="живот" pos="NOUN">живот</instance>
         <wf lemma="." pos="X">.</wf>
      </sentence>
      <sentence id="d000.s1530" source="wordnet-bulgarian">
         <wf lemma="събувам" pos="X">събувам</wf>
         <wf lemma="си" pos="X">си</wf>
         <instance id="d000.s1530.t000" lemma="чорап" pos="NOUN">чорапите</instance>
         <wf lemma="." pos="X">.</wf>
      </sentence>
      <sentence id="d000.s1531" source="wordnet-bulgarian">
         <wf lemma="топъл" pos="X">топъл</wf>
         <instance id="d000.s1531.t000" lemma="въздух" pos="NOUN">въздух</instance>
         <wf lemma="." pos="X">.</wf>
      </sentence>
      <sentence id="d000.s1532" source="wordnet-bulgarian">
         <wf lemma="свивам" pos="X">свивам</wf>
         <instance id="d000.s1532.t000" lemma="цигара" pos="NOUN">цигара</instance>
         <wf lemma="." pos="X">.</wf>
      </sentence>
      <sentence id="d000.s1533" source="wordnet-bulgarian">
         <wf lemma="вражеско" pos="X">вражеско</wf>
         <instance id="d000.s1533.t000" lemma="нападение" pos="NOUN">нападение</instance>
         <wf lemma="." pos="X">.</wf>
      </sentence>
      <sentence id="d000.s1534" source="wordnet-bulgarian">
         <wf lemma="проявявам" pos="X">проявявам</wf>
         <instance id="d000.s1534.t000" lemma="доверие" pos="NOUN">доверие</instance>
         <wf lemma="към" pos="X">към</wf>
         <wf lemma="." pos="X">.</wf>
      </sentence>
      <sentence id="d000.s1535" source="wordnet-bulgarian">
         <wf lemma="голям" pos="X">голям</wf>
         <instance id="d000.s1535.t000" lemma="бизнесмен" pos="NOUN">бизнесмен</instance>
         <wf lemma="." pos="X">.</wf>
      </sentence>
      <sentence id="d000.s1536" source="wordnet-bulgarian">
         <instance id="d000.s1536.t000" lemma="ученик" pos="NOUN">ученик</instance>
         <wf lemma="в" pos="X">в</wf>
         <wf lemma="гимназията" pos="X">гимназията</wf>
         <wf lemma="." pos="X">.</wf>
      </sentence>
      <sentence id="d000.s1537" source="wordnet-bulgarian">
         <instance id="d000.s1537.t000" lemma="председател" pos="NOUN">Председателят</instance>
         <wf lemma="на" pos="X">на</wf>
         <wf lemma="събранието" pos="X">събранието</wf>
         <wf lemma="даде" pos="X">даде</wf>
         <wf lemma="думата" pos="X">думата</wf>
         <wf lemma="на" pos="X">на</wf>
         <wf lemma="." pos="X">.</wf>
      </sentence>
      <sentence id="d000.s1538" source="wordnet-bulgarian">
         <wf lemma="преди" pos="X">преди</wf>
         <wf lemma="няколко" pos="X">няколко</wf>
         <instance id="d000.s1538.t000" lemma="век" pos="NOUN">века</instance>
         <wf lemma="." pos="X">.</wf>
      </sentence>
      <sentence id="d000.s1539" source="wordnet-bulgarian">
         <wf lemma="Днес" pos="X">Днес</wf>
         <wf lemma="имам" pos="X">имам</wf>
         <instance id="d000.s1539.t000" lemma="лекция" pos="NOUN">лекции</instance>
         <wf lemma="от" pos="X">от</wf>
         <wf lemma="обяд" pos="X">обяд</wf>
         <wf lemma="." pos="X">.</wf>
      </sentence>
      <sentence id="d000.s1540" source="wordnet-bulgarian">
         <wf lemma="предстоящи" pos="X">предстоящи</wf>
         <instance id="d000.s1540.t000" lemma="избор" pos="NOUN">избори</instance>
         <wf lemma="." pos="X">.</wf>
      </sentence>
      <sentence id="d000.s1541" source="wordnet-bulgarian">
         <instance id="d000.s1541.t000" lemma="слушам" pos="VERB">слушам</instance>
         <wf lemma="музика" pos="X">музика</wf>
         <wf lemma="." pos="X">.</wf>
      </sentence>
      <sentence id="d000.s1542" source="wordnet-bulgarian">
         <instance id="d000.s1542.t000" lemma="проверявам" pos="VERB">проверявам</instance>
         <wf lemma="факти" pos="X">факти</wf>
         <wf lemma="." pos="X">.</wf>
      </sentence>
      <sentence id="d000.s1543" source="wordnet-bulgarian">
         <wf lemma="Ръката" pos="X">Ръката</wf>
         <wf lemma="му" pos="X">му</wf>
         <wf lemma="бе" pos="X">бе</wf>
         <wf lemma="стегната" pos="X">стегната</wf>
         <wf lemma="в" pos="X">в</wf>
         <instance id="d000.s1543.t000" lemma="превръзка" pos="NOUN">превръзка</instance>
         <wf lemma="." pos="X">.</wf>
      </sentence>
      <sentence id="d000.s1544" source="wordnet-bulgarian">
         <wf lemma="голямо" pos="X">голямо</wf>
         <instance id="d000.s1544.t000" lemma="фоайе" pos="NOUN">фоайе</instance>
         <wf lemma="." pos="X">.</wf>
      </sentence>
      <sentence id="d000.s1545" source="wordnet-bulgarian">
         <wf lemma="здравословно" pos="X">здравословно</wf>
         <instance id="d000.s1545.t000" lemma="състояние" pos="NOUN">състояние</instance>
         <wf lemma="." pos="X">.</wf>
      </sentence>
      <sentence id="d000.s1546" source="wordnet-bulgarian">
         <instance id="d000.s1546.t000" lemma="сражение" pos="NOUN">Сражението</instance>
         <wf lemma="продължи" pos="X">продължи</wf>
         <wf lemma="през" pos="X">през</wf>
         <wf lemma="цялата" pos="X">цялата</wf>
         <wf lemma="нощ" pos="X">нощ</wf>
         <wf lemma="." pos="X">.</wf>
      </sentence>
      <sentence id="d000.s1547" source="wordnet-bulgarian">
         <wf lemma="свободно" pos="X">свободно</wf>
         <instance id="d000.s1547.t000" lemma="място" pos="NOUN">място</instance>
         <wf lemma="." pos="X">.</wf>
      </sentence>
      <sentence id="d000.s1548" source="wordnet-bulgarian">
         <instance id="d000.s1548.t000" lemma="могъщ" pos="ADJ">могъщ</instance>
         <wf lemma="владетел" pos="X">владетел</wf>
         <wf lemma="." pos="X">.</wf>
      </sentence>
      <sentence id="d000.s1549" source="wordnet-bulgarian">
         <wf lemma="издавам" pos="X">издавам</wf>
         <instance id="d000.s1549.t000" lemma="наредба" pos="NOUN">наредба</instance>
         <wf lemma="." pos="X">.</wf>
      </sentence>
      <sentence id="d000.s1550" source="wordnet-bulgarian">
         <instance id="d000.s1550.t000" lemma="дом" pos="NOUN">дом</instance>
         <wf lemma="за" pos="X">за</wf>
         <wf lemma="възрастни" pos="X">възрастни</wf>
         <wf lemma="хора" pos="X">хора</wf>
         <wf lemma="." pos="X">.</wf>
      </sentence>
      <sentence id="d000.s1551" source="wordnet-bulgarian">
         <wf lemma="рисувам" pos="X">рисувам</wf>
         <wf lemma="с" pos="X">с</wf>
         <instance id="d000.s1551.t000" lemma="молив" pos="NOUN">молив</instance>
         <wf lemma="." pos="X">.</wf>
      </sentence>
      <sentence id="d000.s1552" source="wordnet-bulgarian">
         <wf lemma="оказвам" pos="X">оказвам</wf>
         <instance id="d000.s1552.t000" lemma="противодействие" pos="NOUN">противодействие</instance>
         <wf lemma="на" pos="X">на</wf>
         <wf lemma="." pos="X">.</wf>
      </sentence>
      <sentence id="d000.s1553" source="wordnet-bulgarian">
         <wf lemma="с" pos="X">с</wf>
         <instance id="d000.s1553.t000" lemma="ентусиазъм" pos="NOUN">ентусиазъм</instance>
         <wf lemma="." pos="X">.</wf>
      </sentence>
      <sentence id="d000.s1554" source="wordnet-bulgarian">
         <wf lemma="Колко" pos="X">Колко</wf>
         <wf lemma="е" pos="X">е</wf>
         <instance id="d000.s1554.t000" lemma="сметка" pos="NOUN">сметката</instance>
         <wf lemma="?" pos="X">?</wf>
      </sentence>
      <sentence id="d000.s1555" source="wordnet-bulgarian">
         <instance id="d000.s1555.t000" lemma="локомотив" pos="NOUN">Локомотивът</instance>
         <wf lemma="потегли" pos="X">потегли</wf>
         <wf lemma="бавно" pos="X">бавно</wf>
         <wf lemma="от" pos="X">от</wf>
         <wf lemma="гарата" pos="X">гарата</wf>
         <wf lemma="." pos="X">.</wf>
      </sentence>
      <sentence id="d000.s1556" source="wordnet-bulgarian">
         <wf lemma="На" pos="X">На</wf>
         <instance id="d000.s1556.t000" lemma="закуска" pos="NOUN">закуска</instance>
         <wf lemma="ни" pos="X">ни</wf>
         <wf lemma="дават" pos="X">дават</wf>
         <wf lemma="чай" pos="X">чай</wf>
         <wf lemma="и" pos="X">и</wf>
         <wf lemma="сирене" pos="X">сирене</wf>
         <wf lemma="." pos="X">.</wf>
      </sentence>
      <sentence id="d000.s1557" source="wordnet-bulgarian">
         <wf lemma="Чувам" pos="X">Чувам</wf>
         <instance id="d000.s1557.t000" lemma="ехо" pos="NOUN">ехото</instance>
         <wf lemma="на" pos="X">на</wf>
         <wf lemma="собствените" pos="X">собствените</wf>
         <wf lemma="си" pos="X">си</wf>
         <wf lemma="стъпки" pos="X">стъпки</wf>
         <wf lemma="." pos="X">.</wf>
      </sentence>
      <sentence id="d000.s1558" source="wordnet-bulgarian">
         <wf lemma="Два" pos="X">Два</wf>
         <wf lemma="камъка" pos="X">камъка</wf>
         <instance id="d000.s1558.t000" lemma="брашно" pos="NOUN">брашно</instance>
         <wf lemma="смилат" pos="X">смилат</wf>
         <wf lemma="," pos="X">,</wf>
         <wf lemma="един" pos="X">един</wf>
         <wf lemma="не" pos="X">не</wf>
         <wf lemma="може" pos="X">може</wf>
         <wf lemma="." pos="X">.</wf>
      </sentence>
      <sentence id="d000.s1559" source="wordnet-bulgarian">
         <wf lemma="служа" pos="X">служа</wf>
         <wf lemma="за" pos="X">за</wf>
         <instance id="d000.s1559.t000" lemma="основа" pos="NOUN">основа</instance>
         <wf lemma="на" pos="X">на</wf>
         <wf lemma="." pos="X">.</wf>
      </sentence>
      <sentence id="d000.s1560" source="wordnet-bulgarian">
         <wf lemma="Дървото" pos="X">Дървото</wf>
         <wf lemma="е" pos="X">е</wf>
         <wf lemma="лош" pos="X">лош</wf>
         <instance id="d000.s1560.t000" lemma="проводник" pos="NOUN">проводник</instance>
         <wf lemma="на" pos="X">на</wf>
         <wf lemma="топлината" pos="X">топлината</wf>
         <wf lemma="." pos="X">.</wf>
      </sentence>
      <sentence id="d000.s1561" source="wordnet-bulgarian">
         <wf lemma="шофьор" pos="X">шофьор</wf>
         <wf lemma="на" pos="X">на</wf>
         <instance id="d000.s1561.t000" lemma="камион" pos="NOUN">камион</instance>
         <wf lemma="." pos="X">.</wf>
      </sentence>
      <sentence id="d000.s1562" source="wordnet-bulgarian">
         <wf lemma="изпитвам" pos="X">изпитвам</wf>
         <instance id="d000.s1562.t000" lemma="отвращение" pos="NOUN">отвращение</instance>
         <wf lemma="." pos="X">.</wf>
      </sentence>
      <sentence id="d000.s1563" source="wordnet-bulgarian">
         <wf lemma="Той" pos="X">Той</wf>
         <wf lemma="ме" pos="X">ме</wf>
         <instance id="d000.s1563.t000" lemma="подсетя" pos="VERB">подсети</instance>
         <wf lemma="," pos="X">,</wf>
         <wf lemma="че" pos="X">че</wf>
         <wf lemma="задачата" pos="X">задачата</wf>
         <wf lemma="може" pos="X">може</wf>
         <wf lemma="да" pos="X">да</wf>
         <wf lemma="се" pos="X">се</wf>
         <wf lemma="реши" pos="X">реши</wf>
         <wf lemma="така" pos="X">така</wf>
         <wf lemma="." pos="X">.</wf>
      </sentence>
      <sentence id="d000.s1564" source="wordnet-bulgarian">
         <instance id="d000.s1564.t000" lemma="брат" pos="NOUN">Братята</instance>
         <wf lemma="в" pos="X">в</wf>
         <wf lemma="манастира" pos="X">манастира</wf>
         <wf lemma="не" pos="X">не</wf>
         <wf lemma="се" pos="X">се</wf>
         <wf lemma="погаждаха" pos="X">погаждаха</wf>
         <wf lemma="." pos="X">.</wf>
      </sentence>
      <sentence id="d000.s1565" source="wordnet-bulgarian">
         <wf lemma="в" pos="X">в</wf>
         <wf lemma="противен" pos="X">противен</wf>
         <instance id="d000.s1565.t000" lemma="случай" pos="NOUN">случай</instance>
         <wf lemma="." pos="X">.</wf>
      </sentence>
      <sentence id="d000.s1566" source="wordnet-bulgarian">
         <wf lemma="вечерно" pos="X">вечерно</wf>
         <instance id="d000.s1566.t000" lemma="облекло" pos="NOUN">облекло</instance>
         <wf lemma="." pos="X">.</wf>
      </sentence>
      <sentence id="d000.s1567" source="wordnet-bulgarian">
         <wf lemma="разтрепервам" pos="X">разтрепервам</wf>
         <wf lemma="се" pos="X">се</wf>
         <wf lemma="от" pos="X">от</wf>
         <instance id="d000.s1567.t000" lemma="гняв" pos="NOUN">гняв</instance>
         <wf lemma="." pos="X">.</wf>
      </sentence>
      <sentence id="d000.s1568" source="wordnet-bulgarian">
         <wf lemma="Ако" pos="X">Ако</wf>
         <wf lemma="искаш" pos="X">искаш</wf>
         <wf lemma="да" pos="X">да</wf>
         <wf lemma="си" pos="X">си</wf>
         <wf lemma="тръгнеш" pos="X">тръгнеш</wf>
         <wf lemma="по-рано" pos="X">по-рано</wf>
         <wf lemma="," pos="X">,</wf>
         <wf lemma="трябва" pos="X">трябва</wf>
         <wf lemma="да" pos="X">да</wf>
         <wf lemma="попиташ" pos="X">попиташ</wf>
         <instance id="d000.s1568.t000" lemma="шеф" pos="NOUN">шефа</instance>
         <wf lemma="." pos="X">.</wf>
      </sentence>
      <sentence id="d000.s1569" source="wordnet-bulgarian">
         <wf lemma="чета" pos="X">чета</wf>
         <instance id="d000.s1569.t000" lemma="лекция" pos="NOUN">лекции</instance>
         <wf lemma="по." pos="X">по.</wf>
      </sentence>
      <sentence id="d000.s1570" source="wordnet-bulgarian">
         <wf lemma="счупих" pos="X">счупих</wf>
         <wf lemma="си" pos="X">си</wf>
         <instance id="d000.s1570.t000" lemma="пръст" pos="NOUN">пръста</instance>
         <wf lemma="." pos="X">.</wf>
      </sentence>
      <sentence id="d000.s1571" source="wordnet-bulgarian">
         <wf lemma="Играем" pos="X">Играем</wf>
         <wf lemma="табла" pos="X">табла</wf>
         <wf lemma="само" pos="X">само</wf>
         <wf lemma="за" pos="X">за</wf>
         <instance id="d000.s1571.t000" lemma="развлечение" pos="NOUN">развлечение</instance>
         <wf lemma="." pos="X">.</wf>
      </sentence>
      <sentence id="d000.s1572" source="wordnet-bulgarian">
         <wf lemma="мирен" pos="X">мирен</wf>
         <instance id="d000.s1572.t000" lemma="договор" pos="NOUN">договор</instance>
         <wf lemma="." pos="X">.</wf>
      </sentence>
      <sentence id="d000.s1573" source="wordnet-bulgarian">
         <instance id="d000.s1573.t000" lemma="справедливост" pos="NOUN">справедливост</instance>
         <wf lemma="за" pos="X">за</wf>
         <wf lemma="всички" pos="X">всички</wf>
         <wf lemma="." pos="X">.</wf>
      </sentence>
      <sentence id="d000.s1574" source="wordnet-bulgarian">
         <instance id="d000.s1574.t000" lemma="вярвам" pos="VERB">Вярвай</instance>
         <wf lemma="ми" pos="X">ми</wf>
         <wf lemma="!" pos="X">!</wf>
      </sentence>
      <sentence id="d000.s1575" source="wordnet-bulgarian">
         <instance id="d000.s1575.t000" lemma="голям" pos="ADJ">голяма</instance>
         <wf lemma="къща" pos="X">къща</wf>
         <wf lemma="." pos="X">.</wf>
      </sentence>
      <sentence id="d000.s1576" source="wordnet-bulgarian">
         <instance id="d000.s1576.t000" lemma="управление" pos="NOUN">Управлението</instance>
         <wf lemma="на" pos="X">на</wf>
         <wf lemma="страната" pos="X">страната</wf>
         <wf lemma="е" pos="X">е</wf>
         <wf lemma="в" pos="X">в</wf>
         <wf lemma="добри" pos="X">добри</wf>
         <wf lemma="ръце" pos="X">ръце</wf>
         <wf lemma="." pos="X">.</wf>
      </sentence>
      <sentence id="d000.s1577" source="wordnet-bulgarian">
         <wf lemma="работя" pos="X">работя</wf>
         <wf lemma="във" pos="X">във</wf>
         <instance id="d000.s1577.t000" lemma="фабрика" pos="NOUN">фабрика</instance>
         <wf lemma="." pos="X">.</wf>
      </sentence>
      <sentence id="d000.s1578" source="wordnet-bulgarian">
         <wf lemma="бяло" pos="X">бяло</wf>
         <instance id="d000.s1578.t000" lemma="брашно" pos="NOUN">брашно</instance>
         <wf lemma="." pos="X">.</wf>
      </sentence>
      <sentence id="d000.s1579" source="wordnet-bulgarian">
         <instance id="d000.s1579.t000" lemma="луковица" pos="NOUN">луковица</instance>
         <wf lemma="от" pos="X">от</wf>
         <wf lemma="гергина" pos="X">гергина</wf>
         <wf lemma="." pos="X">.</wf>
      </sentence>
      <sentence id="d000.s1580" source="wordnet-bulgarian">
         <wf lemma="филмова" pos="X">филмова</wf>
         <instance id="d000.s1580.t000" lemma="продукция" pos="NOUN">продукция</instance>
         <wf lemma="." pos="X">.</wf>
      </sentence>
      <sentence id="d000.s1581" source="wordnet-bulgarian">
         <wf lemma="Ще" pos="X">Ще</wf>
         <wf lemma="има" pos="X">има</wf>
         <instance id="d000.s1581.t000" lemma="увеличение" pos="NOUN">увеличение</instance>
         <wf lemma="на" pos="X">на</wf>
         <wf lemma="." pos="X">.</wf>
      </sentence>
      <sentence id="d000.s1582" source="wordnet-bulgarian">
         <wf lemma="Имам" pos="X">Имам</wf>
         <wf lemma="афта" pos="X">афта</wf>
         <wf lemma="на" pos="X">на</wf>
         <instance id="d000.s1582.t000" lemma="език" pos="NOUN">езика</instance>
         <wf lemma="." pos="X">.</wf>
      </sentence>
      <sentence id="d000.s1583" source="wordnet-bulgarian">
         <instance id="d000.s1583.t000" lemma="дърпам" pos="VERB">дърпам</instance>
         <wf lemma="за" pos="X">за</wf>
         <wf lemma="косата" pos="X">косата</wf>
         <wf lemma="." pos="X">.</wf>
      </sentence>
      <sentence id="d000.s1584" source="wordnet-bulgarian">
         <wf lemma="правя" pos="X">правя</wf>
         <instance id="d000.s1584.t000" lemma="заговор" pos="NOUN">заговор</instance>
         <wf lemma="." pos="X">.</wf>
      </sentence>
      <sentence id="d000.s1585" source="wordnet-bulgarian">
         <wf lemma="виж" pos="X">виж</wf>
         <instance id="d000.s1585.t000" lemma="таблица" pos="NOUN">таблица</instance>
         <wf lemma="№" pos="X">№</wf>
         <wf lemma="3" pos="X">3</wf>
         <wf lemma="." pos="X">.</wf>
      </sentence>
      <sentence id="d000.s1586" source="wordnet-bulgarian">
         <wf lemma="тъмна" pos="X">тъмна</wf>
         <instance id="d000.s1586.t000" lemma="кожа" pos="NOUN">кожа</instance>
         <wf lemma="." pos="X">.</wf>
      </sentence>
      <sentence id="d000.s1587" source="wordnet-bulgarian">
         <wf lemma="комедиен" pos="X">комедиен</wf>
         <instance id="d000.s1587.t000" lemma="филм" pos="NOUN">филм</instance>
         <wf lemma="." pos="X">.</wf>
      </sentence>
      <sentence id="d000.s1588" source="wordnet-bulgarian">
         <instance id="d000.s1588.t000" lemma="гласувам" pos="VERB">гласувам</instance>
         <wf lemma="за" pos="X">за</wf>
         <wf lemma="." pos="X">.</wf>
      </sentence>
      <sentence id="d000.s1589" source="wordnet-bulgarian">
         <instance id="d000.s1589.t000" lemma="споделям" pos="VERB">споделям</instance>
         <wf lemma="радост" pos="X">радост</wf>
         <wf lemma="." pos="X">.</wf>
      </sentence>
      <sentence id="d000.s1590" source="wordnet-bulgarian">
         <wf lemma="Драма" pos="X">Драма</wf>
         <wf lemma="без" pos="X">без</wf>
         <wf lemma="художествена" pos="X">художествена</wf>
         <instance id="d000.s1590.t000" lemma="стойност" pos="NOUN">стойност</instance>
         <wf lemma="." pos="X">.</wf>
      </sentence>
      <sentence id="d000.s1591" source="wordnet-bulgarian">
         <wf lemma="Работи" pos="X">Работи</wf>
         <wf lemma="в" pos="X">в</wf>
         <instance id="d000.s1591.t000" lemma="област" pos="NOUN">областта</instance>
         <wf lemma="на" pos="X">на</wf>
         <wf lemma="езикознанието" pos="X">езикознанието</wf>
         <wf lemma="." pos="X">.</wf>
      </sentence>
      <sentence id="d000.s1592" source="wordnet-bulgarian">
         <wf lemma="Заседанието" pos="X">Заседанието</wf>
         <instance id="d000.s1592.t000" lemma="продължа" pos="VERB">продължи</instance>
         <wf lemma="до" pos="X">до</wf>
         <wf lemma="късно" pos="X">късно</wf>
         <wf lemma="." pos="X">.</wf>
      </sentence>
      <sentence id="d000.s1593" source="wordnet-bulgarian">
         <wf lemma="фронтална" pos="X">фронтална</wf>
         <instance id="d000.s1593.t000" lemma="атака" pos="NOUN">атака</instance>
         <wf lemma="." pos="X">.</wf>
      </sentence>
      <sentence id="d000.s1594" source="wordnet-bulgarian">
         <wf lemma="важто" pos="X">важто</wf>
         <instance id="d000.s1594.t000" lemma="съобщение" pos="NOUN">съобщение</instance>
         <wf lemma="." pos="X">.</wf>
      </sentence>
      <sentence id="d000.s1595" source="wordnet-bulgarian">
         <wf lemma="Повърхност" pos="X">Повърхност</wf>
         <wf lemma="на" pos="X">на</wf>
         <instance id="d000.s1595.t000" lemma="кръг" pos="NOUN">кръг</instance>
         <wf lemma="." pos="X">.</wf>
      </sentence>
      <sentence id="d000.s1596" source="wordnet-bulgarian">
         <instance id="d000.s1596.t000" lemma="апарат" pos="NOUN">апарат</instance>
         <wf lemma="за" pos="X">за</wf>
         <wf lemma="измерване" pos="X">измерване</wf>
         <wf lemma="на" pos="X">на</wf>
         <wf lemma="кръвно" pos="X">кръвно</wf>
         <wf lemma="налягане" pos="X">налягане</wf>
         <wf lemma="." pos="X">.</wf>
      </sentence>
      <sentence id="d000.s1597" source="wordnet-bulgarian">
         <wf lemma="правя" pos="X">правя</wf>
         <wf lemma="различни" pos="X">различни</wf>
         <instance id="d000.s1597.t000" lemma="комбинация" pos="NOUN">комбинации</instance>
         <wf lemma="." pos="X">.</wf>
      </sentence>
      <sentence id="d000.s1598" source="wordnet-bulgarian">
         <wf lemma="един" pos="X">един</wf>
         <instance id="d000.s1598.t000" lemma="миг" pos="NOUN">миг</instance>
         <wf lemma="." pos="X">.</wf>
      </sentence>
      <sentence id="d000.s1599" source="wordnet-bulgarian">
         <wf lemma="попадам" pos="X">попадам</wf>
         <wf lemma="на" pos="X">на</wf>
         <instance id="d000.s1599.t000" lemma="следа" pos="NOUN">следа</instance>
         <wf lemma="." pos="X">.</wf>
      </sentence>
      <sentence id="d000.s1600" source="wordnet-bulgarian">
         <instance id="d000.s1600.t000" lemma="изпускам" pos="VERB">изпускам</instance>
         <wf lemma="чаша" pos="X">чаша</wf>
         <wf lemma="." pos="X">.</wf>
      </sentence>
      <sentence id="d000.s1601" source="wordnet-bulgarian">
         <wf lemma="естраден" pos="X">естраден</wf>
         <instance id="d000.s1601.t000" lemma="концерт" pos="NOUN">концерт</instance>
         <wf lemma="." pos="X">.</wf>
      </sentence>
      <sentence id="d000.s1602" source="wordnet-bulgarian">
         <instance id="d000.s1602.t000" lemma="мебел" pos="NOUN">мебели</instance>
         <wf lemma="за" pos="X">за</wf>
         <wf lemma="офиса" pos="X">офиса</wf>
         <wf lemma="." pos="X">.</wf>
      </sentence>
      <sentence id="d000.s1603" source="wordnet-bulgarian">
         <instance id="d000.s1603.t000" lemma="чакам" pos="VERB">Чакам</instance>
         <wf lemma="на" pos="X">на</wf>
         <wf lemma="уреченото" pos="X">уреченото</wf>
         <wf lemma="място" pos="X">място</wf>
         <wf lemma="." pos="X">.</wf>
      </sentence>
      <sentence id="d000.s1604" source="wordnet-bulgarian">
         <wf lemma="осигурявам" pos="X">осигурявам</wf>
         <instance id="d000.s1604.t000" lemma="безопасност" pos="NOUN">безопасността</instance>
         <wf lemma="на" pos="X">на</wf>
         <wf lemma="." pos="X">.</wf>
      </sentence>
      <sentence id="d000.s1605" source="wordnet-bulgarian">
         <wf lemma="Цялото" pos="X">Цялото</wf>
         <wf lemma="му" pos="X">му</wf>
         <instance id="d000.s1605.t000" lemma="богатство" pos="NOUN">богатство</instance>
         <wf lemma="са" pos="X">са</wf>
         <wf lemma="две" pos="X">две</wf>
         <wf lemma="златни" pos="X">златни</wf>
         <wf lemma="монети" pos="X">монети</wf>
         <wf lemma="." pos="X">.</wf>
      </sentence>
      <sentence id="d000.s1606" source="wordnet-bulgarian">
         <wf lemma="твърд" pos="X">твърд</wf>
         <instance id="d000.s1606.t000" lemma="характер" pos="NOUN">характер</instance>
         <wf lemma="." pos="X">.</wf>
      </sentence>
      <sentence id="d000.s1607" source="wordnet-bulgarian">
         <instance id="d000.s1607.t000" lemma="необходимост" pos="NOUN">необходимост</instance>
         <wf lemma="от" pos="X">от</wf>
         <wf lemma="дрехи" pos="X">дрехи</wf>
         <wf lemma="." pos="X">.</wf>
      </sentence>
      <sentence id="d000.s1608" source="wordnet-bulgarian">
         <wf lemma="голям" pos="X">голям</wf>
         <instance id="d000.s1608.t000" lemma="бакшиш" pos="NOUN">бакшиш</instance>
         <wf lemma="." pos="X">.</wf>
      </sentence>
      <sentence id="d000.s1609" source="wordnet-bulgarian">
         <wf lemma="силен" pos="X">силен</wf>
         <instance id="d000.s1609.t000" lemma="натиск" pos="NOUN">натиск</instance>
         <wf lemma="." pos="X">.</wf>
      </sentence>
      <sentence id="d000.s1610" source="wordnet-bulgarian">
         <wf lemma="Юлиански" pos="X">Юлиански</wf>
         <instance id="d000.s1610.t000" lemma="календар" pos="NOUN">календар</instance>
         <wf lemma="." pos="X">.</wf>
      </sentence>
      <sentence id="d000.s1611" source="wordnet-bulgarian">
         <wf lemma="Моята" pos="X">Моята</wf>
         <instance id="d000.s1611.t000" lemma="мисъл" pos="NOUN">мисъл</instance>
         <wf lemma="е" pos="X">е</wf>
         <wf lemma="," pos="X">,</wf>
         <wf lemma="че" pos="X">че</wf>
         <wf lemma="." pos="X">.</wf>
      </sentence>
      <sentence id="d000.s1612" source="wordnet-bulgarian">
         <instance id="d000.s1612.t000" lemma="гръб" pos="NOUN">Гърбът</instance>
         <wf lemma="на" pos="X">на</wf>
         <wf lemma="книгата" pos="X">книгата</wf>
         <wf lemma="беше" pos="X">беше</wf>
         <wf lemma="изцапан" pos="X">изцапан</wf>
         <wf lemma="и" pos="X">и</wf>
         <wf lemma="надраскан" pos="X">надраскан</wf>
         <wf lemma="с" pos="X">с</wf>
         <wf lemma="химикалка" pos="X">химикалка</wf>
         <wf lemma="." pos="X">.</wf>
      </sentence>
      <sentence id="d000.s1613" source="wordnet-bulgarian">
         <wf lemma="полагам" pos="X">полагам</wf>
         <instance id="d000.s1613.t000" lemma="труд" pos="NOUN">труд</instance>
         <wf lemma="." pos="X">.</wf>
      </sentence>
      <sentence id="d000.s1614" source="wordnet-bulgarian">
         <wf lemma="сядам" pos="X">сядам</wf>
         <wf lemma="на" pos="X">на</wf>
         <instance id="d000.s1614.t000" lemma="стол" pos="NOUN">стола</instance>
         <wf lemma="." pos="X">.</wf>
      </sentence>
      <sentence id="d000.s1615" source="wordnet-bulgarian">
         <instance id="d000.s1615.t000" lemma="късче" pos="NOUN">късче</instance>
         <wf lemma="от" pos="X">от</wf>
         <wf lemma="вестник" pos="X">вестник</wf>
         <wf lemma="." pos="X">.</wf>
      </sentence>
      <sentence id="d000.s1616" source="wordnet-bulgarian">
         <instance id="d000.s1616.t000" lemma="парче" pos="NOUN">парче</instance>
         <wf lemma="плат" pos="X">плат</wf>
         <wf lemma="." pos="X">.</wf>
      </sentence>
      <sentence id="d000.s1617" source="wordnet-bulgarian">
         <wf lemma="цветен" pos="X">цветен</wf>
         <instance id="d000.s1617.t000" lemma="сън" pos="NOUN">сън</instance>
         <wf lemma="." pos="X">.</wf>
      </sentence>
      <sentence id="d000.s1618" source="wordnet-bulgarian">
         <wf lemma="Получих" pos="X">Получих</wf>
         <instance id="d000.s1618.t000" lemma="предизвестие" pos="NOUN">предизвестие</instance>
         <wf lemma="да" pos="X">да</wf>
         <wf lemma="освободя" pos="X">освободя</wf>
         <wf lemma="квартирата" pos="X">квартирата</wf>
         <wf lemma="." pos="X">.</wf>
      </sentence>
      <sentence id="d000.s1619" source="wordnet-bulgarian">
         <wf lemma="за" pos="X">за</wf>
         <wf lemma="кратък" pos="X">кратък</wf>
         <instance id="d000.s1619.t000" lemma="отдих" pos="NOUN">отдих</instance>
         <wf lemma="." pos="X">.</wf>
      </sentence>
      <sentence id="d000.s1620" source="wordnet-bulgarian">
         <instance id="d000.s1620.t000" lemma="вероятност" pos="NOUN">Вероятността</instance>
         <wf lemma="да" pos="X">да</wf>
         <wf lemma="се" pos="X">се</wf>
         <wf lemma="срещнем" pos="X">срещнем</wf>
         <wf lemma="е" pos="X">е</wf>
         <wf lemma="малка" pos="X">малка</wf>
         <wf lemma="." pos="X">.</wf>
      </sentence>
      <sentence id="d000.s1621" source="wordnet-bulgarian">
         <instance id="d000.s1621.t000" lemma="издание" pos="NOUN">издание</instance>
         <wf lemma="на" pos="X">на</wf>
         <wf lemma="." pos="X">.</wf>
      </sentence>
      <sentence id="d000.s1622" source="wordnet-bulgarian">
         <wf lemma="вече" pos="X">вече</wf>
         <wf lemma="няма" pos="X">няма</wf>
         <wf lemma="никакви" pos="X">никакви</wf>
         <instance id="d000.s1622.t000" lemma="пречка" pos="NOUN">пречки</instance>
         <wf lemma="да" pos="X">да</wf>
         <wf lemma="." pos="X">.</wf>
      </sentence>
      <sentence id="d000.s1623" source="wordnet-bulgarian">
         <wf lemma="Тук" pos="X">Тук</wf>
         <wf lemma="е" pos="X">е</wf>
         <wf lemma="пълно" pos="X">пълно</wf>
         <wf lemma="с" pos="X">с</wf>
         <instance id="d000.s1623.t000" lemma="боклук" pos="NOUN">боклуци</instance>
         <wf lemma="." pos="X">.</wf>
      </sentence>
      <sentence id="d000.s1624" source="wordnet-bulgarian">
         <instance id="d000.s1624.t000" lemma="мебел" pos="NOUN">мебели</instance>
         <wf lemma="за" pos="X">за</wf>
         <wf lemma="дома" pos="X">дома</wf>
         <wf lemma="." pos="X">.</wf>
      </sentence>
      <sentence id="d000.s1625" source="wordnet-bulgarian">
         <wf lemma="пръстен" pos="X">пръстен</wf>
         <wf lemma="от" pos="X">от</wf>
         <instance id="d000.s1625.t000" lemma="злато" pos="NOUN">злато</instance>
         <wf lemma="." pos="X">.</wf>
      </sentence>
      <sentence id="d000.s1626" source="wordnet-bulgarian">
         <wf lemma="Той" pos="X">Той</wf>
         <instance id="d000.s1626.t000" lemma="планирам" pos="VERB">планира</instance>
         <wf lemma="обира" pos="X">обира</wf>
         <wf lemma="." pos="X">.</wf>
      </sentence>
      <sentence id="d000.s1627" source="wordnet-bulgarian">
         <wf lemma="закрит" pos="X">закрит</wf>
         <instance id="d000.s1627.t000" lemma="паркинг" pos="NOUN">паркинг</instance>
         <wf lemma="." pos="X">.</wf>
      </sentence>
      <sentence id="d000.s1628" source="wordnet-bulgarian">
         <wf lemma="Орелът" pos="X">Орелът</wf>
         <wf lemma="се" pos="X">се</wf>
         <wf lemma="спусна" pos="X">спусна</wf>
         <wf lemma="да" pos="X">да</wf>
         <wf lemma="лови" pos="X">лови</wf>
         <wf lemma="дребните" pos="X">дребните</wf>
         <instance id="d000.s1628.t000" lemma="мишка" pos="NOUN">мишки</instance>
         <wf lemma="из" pos="X">из</wf>
         <wf lemma="полето" pos="X">полето</wf>
         <wf lemma="." pos="X">.</wf>
      </sentence>
      <sentence id="d000.s1629" source="wordnet-bulgarian">
         <wf lemma="бойни" pos="X">бойни</wf>
         <instance id="d000.s1629.t000" lemma="умение" pos="NOUN">умения</instance>
         <wf lemma="." pos="X">.</wf>
      </sentence>
      <sentence id="d000.s1630" source="wordnet-bulgarian">
         <wf lemma="състарен" pos="X">състарен</wf>
         <instance id="d000.s1630.t000" lemma="вид" pos="NOUN">вид</instance>
         <wf lemma="." pos="X">.</wf>
      </sentence>
      <sentence id="d000.s1631" source="wordnet-bulgarian">
         <wf lemma="археологически" pos="X">археологически</wf>
         <instance id="d000.s1631.t000" lemma="музей" pos="NOUN">музей</instance>
         <wf lemma="." pos="X">.</wf>
      </sentence>
      <sentence id="d000.s1632" source="wordnet-bulgarian">
         <wf lemma="край" pos="X">край</wf>
         <instance id="d000.s1632.t000" lemma="път" pos="NOUN">пътя</instance>
         <wf lemma="." pos="X">.</wf>
      </sentence>
      <sentence id="d000.s1633" source="wordnet-bulgarian">
         <wf lemma="недействителна" pos="X">недействителна</wf>
         <instance id="d000.s1633.t000" lemma="бюлетина" pos="NOUN">бюлетина</instance>
         <wf lemma="." pos="X">.</wf>
      </sentence>
      <sentence id="d000.s1634" source="wordnet-bulgarian">
         <instance id="d000.s1634.t000" lemma="кажа" pos="VERB">Кажи</instance>
         <wf lemma="ми" pos="X">ми</wf>
         <wf lemma="," pos="X">,</wf>
         <wf lemma="защо" pos="X">защо</wf>
         <wf lemma="ме" pos="X">ме</wf>
         <wf lemma="излъга" pos="X">излъга</wf>
         <wf lemma="?" pos="X">?</wf>
      </sentence>
      <sentence id="d000.s1635" source="wordnet-bulgarian">
         <wf lemma="Отказвам" pos="X">Отказвам</wf>
         <wf lemma="да" pos="X">да</wf>
         <wf lemma="сложа" pos="X">сложа</wf>
         <instance id="d000.s1635.t000" lemma="инициал" pos="NOUN">инициалите</instance>
         <wf lemma="си" pos="X">си</wf>
         <wf lemma="." pos="X">.</wf>
      </sentence>
      <sentence id="d000.s1636" source="wordnet-bulgarian">
         <wf lemma="нося" pos="X">нося</wf>
         <wf lemma="на" pos="X">на</wf>
         <instance id="d000.s1636.t000" lemma="ръка" pos="NOUN">ръце</instance>
         <wf lemma="." pos="X">.</wf>
      </sentence>
      <sentence id="d000.s1637" source="wordnet-bulgarian">
         <wf lemma="обща" pos="X">обща</wf>
         <wf lemma="художествена" pos="X">художествена</wf>
         <instance id="d000.s1637.t000" lemma="изложба" pos="NOUN">изложба</instance>
         <wf lemma="." pos="X">.</wf>
      </sentence>
      <sentence id="d000.s1638" source="wordnet-bulgarian">
         <wf lemma="Устройвам" pos="X">Устройвам</wf>
         <instance id="d000.s1638.t000" lemma="тържество" pos="NOUN">тържество</instance>
         <wf lemma="." pos="X">.</wf>
      </sentence>
      <sentence id="d000.s1639" source="wordnet-bulgarian">
         <wf lemma="разрушавам" pos="X">разрушавам</wf>
         <wf lemma="до" pos="X">до</wf>
         <instance id="d000.s1639.t000" lemma="основа" pos="NOUN">основи</instance>
         <wf lemma="." pos="X">.</wf>
      </sentence>
      <sentence id="d000.s1640" source="wordnet-bulgarian">
         <wf lemma="сменям" pos="X">сменям</wf>
         <instance id="d000.s1640.t000" lemma="превръзка" pos="NOUN">превръзка</instance>
         <wf lemma="." pos="X">.</wf>
      </sentence>
      <sentence id="d000.s1641" source="wordnet-bulgarian">
         <wf lemma="Желая" pos="X">Желая</wf>
         <wf lemma="ти" pos="X">ти</wf>
         <wf lemma="много" pos="X">много</wf>
         <instance id="d000.s1641.t000" lemma="късмет" pos="NOUN">късмет</instance>
         <wf lemma="." pos="X">.</wf>
      </sentence>
      <sentence id="d000.s1642" source="wordnet-bulgarian">
         <wf lemma="в" pos="X">в</wf>
         <wf lemma="началото" pos="X">началото</wf>
         <wf lemma="на" pos="X">на</wf>
         <instance id="d000.s1642.t000" lemma="март" pos="NOUN">март</instance>
         <wf lemma="." pos="X">.</wf>
      </sentence>
      <sentence id="d000.s1643" source="wordnet-bulgarian">
         <wf lemma="от" pos="X">от</wf>
         <wf lemma="друга" pos="X">друга</wf>
         <instance id="d000.s1643.t000" lemma="страна" pos="NOUN">страна</instance>
         <wf lemma="." pos="X">.</wf>
      </sentence>
      <sentence id="d000.s1644" source="wordnet-bulgarian">
         <instance id="d000.s1644.t000" lemma="последица" pos="NOUN">последици</instance>
         <wf lemma="от" pos="X">от</wf>
         <wf lemma="войната" pos="X">войната</wf>
         <wf lemma="." pos="X">.</wf>
      </sentence>
      <sentence id="d000.s1645" source="wordnet-bulgarian">
         <wf lemma="наркотична" pos="X">наркотична</wf>
         <instance id="d000.s1645.t000" lemma="зависимост" pos="NOUN">зависимост</instance>
         <wf lemma="." pos="X">.</wf>
      </sentence>
      <sentence id="d000.s1646" source="wordnet-bulgarian">
         <wf lemma="Стоя" pos="X">Стоя</wf>
         <wf lemma="пред" pos="X">пред</wf>
         <instance id="d000.s1646.t000" lemma="огледало" pos="NOUN">огледалото</instance>
         <wf lemma="с" pos="X">с</wf>
         <wf lemma="часове" pos="X">часове</wf>
         <wf lemma="." pos="X">.</wf>
      </sentence>
      <sentence id="d000.s1647" source="wordnet-bulgarian">
         <wf lemma="Тръгнахме" pos="X">Тръгнахме</wf>
         <wf lemma="на" pos="X">на</wf>
         <instance id="d000.s1647.t000" lemma="зазоряване" pos="NOUN">зазоряване</instance>
         <wf lemma="." pos="X">.</wf>
      </sentence>
      <sentence id="d000.s1648" source="wordnet-bulgarian">
         <wf lemma="Чу" pos="X">Чу</wf>
         <wf lemma="се" pos="X">се</wf>
         <wf lemma="силен" pos="X">силен</wf>
         <wf lemma="звук" pos="X">звук</wf>
         <wf lemma="на" pos="X">на</wf>
         <instance id="d000.s1648.t000" lemma="клаксон" pos="NOUN">клаксон</instance>
         <wf lemma="." pos="X">.</wf>
      </sentence>
      <sentence id="d000.s1649" source="wordnet-bulgarian">
         <instance id="d000.s1649.t000" lemma="поглеждам" pos="VERB">поглеждам</instance>
         <wf lemma="часовника" pos="X">часовника</wf>
         <wf lemma="си" pos="X">си</wf>
         <wf lemma="." pos="X">.</wf>
      </sentence>
      <sentence id="d000.s1650" source="wordnet-bulgarian">
         <wf lemma="топъл" pos="X">топъл</wf>
         <instance id="d000.s1650.t000" lemma="сос" pos="NOUN">сос</instance>
         <wf lemma="." pos="X">.</wf>
      </sentence>
      <sentence id="d000.s1651" source="wordnet-bulgarian">
         <wf lemma="следващата" pos="X">следващата</wf>
         <instance id="d000.s1651.t000" lemma="седмица" pos="NOUN">седмица</instance>
         <wf lemma="." pos="X">.</wf>
      </sentence>
      <sentence id="d000.s1652" source="wordnet-bulgarian">
         <instance id="d000.s1652.t000" lemma="стая" pos="NOUN">стая</instance>
         <wf lemma="с" pos="X">с</wf>
         <wf lemma="две" pos="X">две</wf>
         <wf lemma="легла" pos="X">легла</wf>
         <wf lemma="." pos="X">.</wf>
      </sentence>
      <sentence id="d000.s1653" source="wordnet-bulgarian">
         <instance id="d000.s1653.t000" lemma="бланка" pos="NOUN">бланка</instance>
         <wf lemma="за" pos="X">за</wf>
         <wf lemma="попълване" pos="X">попълване</wf>
         <wf lemma="." pos="X">.</wf>
      </sentence>
      <sentence id="d000.s1654" source="wordnet-bulgarian">
         <instance id="d000.s1654.t000" lemma="ръкавица" pos="NOUN">ръкавици</instance>
         <wf lemma="с" pos="X">с</wf>
         <wf lemma="един" pos="X">един</wf>
         <wf lemma="пръст" pos="X">пръст</wf>
         <wf lemma="." pos="X">.</wf>
      </sentence>
      <sentence id="d000.s1655" source="wordnet-bulgarian">
         <wf lemma="давам" pos="X">давам</wf>
         <instance id="d000.s1655.t000" lemma="роля" pos="NOUN">роля</instance>
         <wf lemma="на" pos="X">на</wf>
         <wf lemma="." pos="X">.</wf>
      </sentence>
      <sentence id="d000.s1656" source="wordnet-bulgarian">
         <wf lemma="бизнес" pos="X">бизнес</wf>
         <instance id="d000.s1656.t000" lemma="център" pos="NOUN">център</instance>
         <wf lemma="." pos="X">.</wf>
      </sentence>
      <sentence id="d000.s1657" source="wordnet-bulgarian">
         <wf lemma="безгръбначни" pos="X">безгръбначни</wf>
         <instance id="d000.s1657.t000" lemma="животно" pos="NOUN">животни</instance>
         <wf lemma="." pos="X">.</wf>
      </sentence>
      <sentence id="d000.s1658" source="wordnet-bulgarian">
         <instance id="d000.s1658.t000" lemma="връщане" pos="NOUN">връщане</instance>
         <wf lemma="на" pos="X">на</wf>
         <wf lemma="имот" pos="X">имот</wf>
         <wf lemma="." pos="X">.</wf>
      </sentence>
      <sentence id="d000.s1659" source="wordnet-bulgarian">
         <wf lemma="под" pos="X">под</wf>
         <instance id="d000.s1659.t000" lemma="земя" pos="NOUN">земята</instance>
         <wf lemma="." pos="X">.</wf>
      </sentence>
      <sentence id="d000.s1660" source="wordnet-bulgarian">
         <wf lemma="Понякога" pos="X">Понякога</wf>
         <wf lemma="между" pos="X">между</wf>
         <wf lemma="майките" pos="X">майките</wf>
         <wf lemma="и" pos="X">и</wf>
         <wf lemma="децата" pos="X">децата</wf>
         <wf lemma="съществува" pos="X">съществува</wf>
         <wf lemma="силна" pos="X">силна</wf>
         <instance id="d000.s1660.t000" lemma="връзка" pos="NOUN">връзка</instance>
         <wf lemma="." pos="X">.</wf>
      </sentence>
      <sentence id="d000.s1661" source="wordnet-bulgarian">
         <wf lemma="Домът" pos="X">Домът</wf>
         <wf lemma="и" pos="X">и</wf>
         <wf lemma="е" pos="X">е</wf>
         <wf lemma="истински" pos="X">истински</wf>
         <instance id="d000.s1661.t000" lemma="кучкарник" pos="NOUN">кучкарник</instance>
         <wf lemma="." pos="X">.</wf>
      </sentence>
      <sentence id="d000.s1662" source="wordnet-bulgarian">
         <wf lemma="нямам" pos="X">нямам</wf>
         <instance id="d000.s1662.t000" lemma="предпочитание" pos="NOUN">предпочитания</instance>
         <wf lemma="." pos="X">.</wf>
      </sentence>
      <sentence id="d000.s1663" source="wordnet-bulgarian">
         <wf lemma="тотално" pos="X">тотално</wf>
         <instance id="d000.s1663.t000" lemma="отчаяние" pos="NOUN">отчаяние</instance>
         <wf lemma="." pos="X">.</wf>
      </sentence>
      <sentence id="d000.s1664" source="wordnet-bulgarian">
         <wf lemma="минерален" pos="X">минерален</wf>
         <instance id="d000.s1664.t000" lemma="извор" pos="NOUN">извор</instance>
         <wf lemma="." pos="X">.</wf>
      </sentence>
      <sentence id="d000.s1665" source="wordnet-bulgarian">
         <wf lemma="имама" pos="X">имама</wf>
         <wf lemma="добра" pos="X">добра</wf>
         <instance id="d000.s1665.t000" lemma="подготовка" pos="NOUN">подготовка</instance>
         <wf lemma="." pos="X">.</wf>
      </sentence>
      <sentence id="d000.s1666" source="wordnet-bulgarian">
         <instance id="d000.s1666.t000" lemma="пилея" pos="VERB">пилея</instance>
         <wf lemma="време" pos="X">време</wf>
         <wf lemma="." pos="X">.</wf>
      </sentence>
      <sentence id="d000.s1667" source="wordnet-bulgarian">
         <wf lemma="получавам" pos="X">получавам</wf>
         <wf lemma="добро" pos="X">добро</wf>
         <instance id="d000.s1667.t000" lemma="образование" pos="NOUN">образование</instance>
         <wf lemma="." pos="X">.</wf>
      </sentence>
      <sentence id="d000.s1668" source="wordnet-bulgarian">
         <wf lemma="Няма" pos="X">Няма</wf>
         <wf lemma="място" pos="X">място</wf>
         <wf lemma="в" pos="X">в</wf>
         <instance id="d000.s1668.t000" lemma="багажник" pos="NOUN">багажника</instance>
         <wf lemma="." pos="X">.</wf>
      </sentence>
      <sentence id="d000.s1669" source="wordnet-bulgarian">
         <wf lemma="малък" pos="X">малък</wf>
         <instance id="d000.s1669.t000" lemma="куфар" pos="NOUN">куфар</instance>
         <wf lemma="." pos="X">.</wf>
      </sentence>
      <sentence id="d000.s1670" source="wordnet-bulgarian">
         <wf lemma="изгодно" pos="X">изгодно</wf>
         <instance id="d000.s1670.t000" lemma="предложение" pos="NOUN">предложение</instance>
         <wf lemma="." pos="X">.</wf>
      </sentence>
      <sentence id="d000.s1671" source="wordnet-bulgarian">
         <wf lemma="Засадих" pos="X">Засадих</wf>
         <wf lemma="една" pos="X">една</wf>
         <instance id="d000.s1671.t000" lemma="леха" pos="NOUN">леха</instance>
         <wf lemma="с" pos="X">с</wf>
         <wf lemma="лук" pos="X">лук</wf>
         <wf lemma="." pos="X">.</wf>
      </sentence>
      <sentence id="d000.s1672" source="wordnet-bulgarian">
         <instance id="d000.s1672.t000" lemma="треперя" pos="VERB">треперя</instance>
         <wf lemma="от" pos="X">от</wf>
         <wf lemma="страх" pos="X">страх</wf>
         <wf lemma="." pos="X">.</wf>
      </sentence>
      <sentence id="d000.s1673" source="wordnet-bulgarian">
         <wf lemma="учредителен" pos="X">учредителен</wf>
         <instance id="d000.s1673.t000" lemma="конгрес" pos="NOUN">конгрес</instance>
         <wf lemma="." pos="X">.</wf>
      </sentence>
      <sentence id="d000.s1674" source="wordnet-bulgarian">
         <wf lemma="аристократическо" pos="X">аристократическо</wf>
         <instance id="d000.s1674.t000" lemma="потекло" pos="NOUN">потекло</instance>
         <wf lemma="." pos="X">.</wf>
      </sentence>
      <sentence id="d000.s1675" source="wordnet-bulgarian">
         <wf lemma="падна" pos="X">падна</wf>
         <wf lemma="ми" pos="X">ми</wf>
         <instance id="d000.s1675.t000" lemma="шапка" pos="NOUN">шапката</instance>
         <wf lemma="." pos="X">.</wf>
      </sentence>
      <sentence id="d000.s1676" source="wordnet-bulgarian">
         <wf lemma="учебна" pos="X">учебна</wf>
         <instance id="d000.s1676.t000" lemma="такса" pos="NOUN">такса</instance>
         <wf lemma="." pos="X">.</wf>
      </sentence>
      <sentence id="d000.s1677" source="wordnet-bulgarian">
         <wf lemma="детски" pos="X">детски</wf>
         <instance id="d000.s1677.t000" lemma="лагер" pos="NOUN">лагер</instance>
         <wf lemma="." pos="X">.</wf>
      </sentence>
      <sentence id="d000.s1678" source="wordnet-bulgarian">
         <wf lemma="голяма" pos="X">голяма</wf>
         <instance id="d000.s1678.t000" lemma="безработица" pos="NOUN">безработица</instance>
         <wf lemma="." pos="X">.</wf>
      </sentence>
      <sentence id="d000.s1679" source="wordnet-bulgarian">
         <wf lemma="на" pos="X">на</wf>
         <instance id="d000.s1679.t000" lemma="заседание" pos="NOUN">заседанието</instance>
         <wf lemma="." pos="X">.</wf>
      </sentence>
      <sentence id="d000.s1680" source="wordnet-bulgarian">
         <wf lemma="бистър" pos="X">бистър</wf>
         <instance id="d000.s1680.t000" lemma="поток" pos="NOUN">поток</instance>
         <wf lemma="." pos="X">.</wf>
      </sentence>
      <sentence id="d000.s1681" source="wordnet-bulgarian">
         <wf lemma="филцова" pos="X">филцова</wf>
         <instance id="d000.s1681.t000" lemma="шапка" pos="NOUN">шапка</instance>
         <wf lemma="." pos="X">.</wf>
      </sentence>
      <sentence id="d000.s1682" source="wordnet-bulgarian">
         <wf lemma="качвам" pos="X">качвам</wf>
         <wf lemma="се" pos="X">се</wf>
         <wf lemma="в" pos="X">в</wf>
         <instance id="d000.s1682.t000" lemma="мотриса" pos="NOUN">мотриса</instance>
         <wf lemma="." pos="X">.</wf>
      </sentence>
      <sentence id="d000.s1683" source="wordnet-bulgarian">
         <wf lemma="Колко" pos="X">Колко</wf>
         <instance id="d000.s1683.t000" lemma="дете" pos="NOUN">деца</instance>
         <wf lemma="имаш" pos="X">имаш</wf>
         <wf lemma="?" pos="X">?</wf>
      </sentence>
      <sentence id="d000.s1684" source="wordnet-bulgarian">
         <wf lemma="риза" pos="X">риза</wf>
         <wf lemma="от" pos="X">от</wf>
         <instance id="d000.s1684.t000" lemma="коприна" pos="NOUN">коприна</instance>
         <wf lemma="." pos="X">.</wf>
      </sentence>
      <sentence id="d000.s1685" source="wordnet-bulgarian">
         <wf lemma="Това" pos="X">Това</wf>
         <wf lemma="лято" pos="X">лято</wf>
         <wf lemma="преживях" pos="X">преживях</wf>
         <wf lemma="силни" pos="X">силни</wf>
         <wf lemma="и" pos="X">и</wf>
         <wf lemma="запомнящи" pos="X">запомнящи</wf>
         <wf lemma="се" pos="X">се</wf>
         <instance id="d000.s1685.t000" lemma="чувство" pos="NOUN">чувства</instance>
         <wf lemma="." pos="X">.</wf>
      </sentence>
      <sentence id="d000.s1686" source="wordnet-bulgarian">
         <wf lemma="нямам" pos="X">нямам</wf>
         <instance id="d000.s1686.t000" lemma="постижение" pos="NOUN">постижения</instance>
         <wf lemma="н" pos="X">н</wf>
         <wf lemma="работата" pos="X">работата</wf>
         <wf lemma="си" pos="X">си</wf>
         <wf lemma="." pos="X">.</wf>
      </sentence>
      <sentence id="d000.s1687" source="wordnet-bulgarian">
         <wf lemma="Не" pos="X">Не</wf>
         <wf lemma="искам" pos="X">искам</wf>
         <wf lemma="да" pos="X">да</wf>
         <wf lemma="си" pos="X">си</wf>
         <wf lemma="разваляме" pos="X">разваляме</wf>
         <instance id="d000.s1687.t000" lemma="дружба" pos="NOUN">дружбата</instance>
         <wf lemma="." pos="X">.</wf>
      </sentence>
      <sentence id="d000.s1688" source="wordnet-bulgarian">
         <instance id="d000.s1688.t000" lemma="дефицит" pos="NOUN">дефицит</instance>
         <wf lemma="на" pos="X">на</wf>
         <wf lemma="стоки" pos="X">стоки</wf>
         <wf lemma="." pos="X">.</wf>
      </sentence>
      <sentence id="d000.s1689" source="wordnet-bulgarian">
         <wf lemma="яздя" pos="X">яздя</wf>
         <instance id="d000.s1689.t000" lemma="кон" pos="NOUN">кон</instance>
         <wf lemma="." pos="X">.</wf>
      </sentence>
      <sentence id="d000.s1690" source="wordnet-bulgarian">
         <wf lemma="Никой" pos="X">Никой</wf>
         <wf lemma="не" pos="X">не</wf>
         <instance id="d000.s1690.t000" lemma="наследя" pos="VERB">наследи</instance>
         <wf lemma="делото" pos="X">делото</wf>
         <wf lemma="му" pos="X">му</wf>
         <wf lemma="." pos="X">.</wf>
      </sentence>
      <sentence id="d000.s1691" source="wordnet-bulgarian">
         <instance id="d000.s1691.t000" lemma="демонстрация" pos="NOUN">демонстрация</instance>
         <wf lemma="на" pos="X">на</wf>
         <wf lemma="." pos="X">.</wf>
      </sentence>
      <sentence id="d000.s1692" source="wordnet-bulgarian">
         <wf lemma="разтрогвам" pos="X">разтрогвам</wf>
         <instance id="d000.s1692.t000" lemma="брак" pos="NOUN">брак</instance>
         <wf lemma="." pos="X">.</wf>
      </sentence>
      <sentence id="d000.s1693" source="wordnet-bulgarian">
         <wf lemma="миналия" pos="X">миналия</wf>
         <instance id="d000.s1693.t000" lemma="месец" pos="NOUN">месец</instance>
         <wf lemma="." pos="X">.</wf>
      </sentence>
      <sentence id="d000.s1694" source="wordnet-bulgarian">
         <instance id="d000.s1694.t000" lemma="търговия" pos="NOUN">търговия</instance>
         <wf lemma="с." pos="X">с.</wf>
      </sentence>
      <sentence id="d000.s1695" source="wordnet-bulgarian">
         <wf lemma="нова" pos="X">нова</wf>
         <instance id="d000.s1695.t000" lemma="регистрация" pos="NOUN">регистрация</instance>
         <wf lemma="." pos="X">.</wf>
      </sentence>
      <sentence id="d000.s1696" source="wordnet-bulgarian">
         <wf lemma="Сърфистът" pos="X">Сърфистът</wf>
         <wf lemma="яхва" pos="X">яхва</wf>
         <instance id="d000.s1696.t000" lemma="вълна" pos="NOUN">вълната</instance>
         <wf lemma="." pos="X">.</wf>
      </sentence>
      <sentence id="d000.s1697" source="wordnet-bulgarian">
         <instance id="d000.s1697.t000" lemma="свиря" pos="VERB">свиря</instance>
         <wf lemma="на" pos="X">на</wf>
         <wf lemma="тромпет" pos="X">тромпет</wf>
         <wf lemma="." pos="X">.</wf>
      </sentence>
      <sentence id="d000.s1698" source="wordnet-bulgarian">
         <wf lemma="Ще" pos="X">Ще</wf>
         <wf lemma="се" pos="X">се</wf>
         <wf lemma="женя" pos="X">женя</wf>
         <wf lemma="за" pos="X">за</wf>
         <instance id="d000.s1698.t000" lemma="чужденец" pos="NOUN">чужденец</instance>
         <wf lemma="." pos="X">.</wf>
      </sentence>
      <sentence id="d000.s1699" source="wordnet-bulgarian">
         <wf lemma="с" pos="X">с</wf>
         <instance id="d000.s1699.t000" lemma="възраст" pos="NOUN">възрастта</instance>
         <wf lemma="." pos="X">.</wf>
      </sentence>
      <sentence id="d000.s1700" source="wordnet-bulgarian">
         <wf lemma="бавно" pos="X">бавно</wf>
         <wf lemma="развитие" pos="X">развитие</wf>
         <wf lemma="на" pos="X">на</wf>
         <instance id="d000.s1700.t000" lemma="операция" pos="NOUN">операцията</instance>
         <wf lemma="." pos="X">.</wf>
      </sentence>
      <sentence id="d000.s1701" source="wordnet-bulgarian">
         <wf lemma="таен" pos="X">таен</wf>
         <instance id="d000.s1701.t000" lemma="изход" pos="NOUN">изход</instance>
         <wf lemma="." pos="X">.</wf>
      </sentence>
      <sentence id="d000.s1702" source="wordnet-bulgarian">
         <wf lemma="направен" pos="X">направен</wf>
         <wf lemma="от" pos="X">от</wf>
         <instance id="d000.s1702.t000" lemma="дърво" pos="NOUN">дърво</instance>
         <wf lemma="." pos="X">.</wf>
      </sentence>
      <sentence id="d000.s1703" source="wordnet-bulgarian">
         <wf lemma="Обземат" pos="X">Обземат</wf>
         <wf lemma="ме" pos="X">ме</wf>
         <wf lemma="лоши" pos="X">лоши</wf>
         <instance id="d000.s1703.t000" lemma="чувство" pos="NOUN">чувства</instance>
         <wf lemma="." pos="X">.</wf>
      </sentence>
      <sentence id="d000.s1704" source="wordnet-bulgarian">
         <wf lemma="имам" pos="X">имам</wf>
         <instance id="d000.s1704.t000" lemma="въпрос" pos="NOUN">въпрос</instance>
         <wf lemma="." pos="X">.</wf>
      </sentence>
      <sentence id="d000.s1705" source="wordnet-bulgarian">
         <wf lemma="участник" pos="X">участник</wf>
         <wf lemma="в" pos="X">в</wf>
         <instance id="d000.s1705.t000" lemma="маратон" pos="NOUN">маратон</instance>
         <wf lemma="." pos="X">.</wf>
      </sentence>
      <sentence id="d000.s1706" source="wordnet-bulgarian">
         <wf lemma="весела" pos="X">весела</wf>
         <instance id="d000.s1706.t000" lemma="игра" pos="NOUN">игра</instance>
         <wf lemma="." pos="X">.</wf>
      </sentence>
      <sentence id="d000.s1707" source="wordnet-bulgarian">
         <wf lemma="за" pos="X">за</wf>
         <wf lemma="моя" pos="X">моя</wf>
         <wf lemma="голяма" pos="X">голяма</wf>
         <instance id="d000.s1707.t000" lemma="изненада" pos="NOUN">изненада</instance>
         <wf lemma="." pos="X">.</wf>
      </sentence>
      <sentence id="d000.s1708" source="wordnet-bulgarian">
         <instance id="d000.s1708.t000" lemma="пълня" pos="VERB">Пълня</instance>
         <wf lemma="си" pos="X">си</wf>
         <wf lemma="устата" pos="X">устата</wf>
         <wf lemma="." pos="X">.</wf>
      </sentence>
      <sentence id="d000.s1709" source="wordnet-bulgarian">
         <wf lemma="Аз" pos="X">Аз</wf>
         <wf lemma="ще" pos="X">ще</wf>
         <wf lemma="го" pos="X">го</wf>
         <instance id="d000.s1709.t000" lemma="браня" pos="VERB">браня</instance>
         <wf lemma="като" pos="X">като</wf>
         <wf lemma="брат" pos="X">брат</wf>
         <wf lemma="." pos="X">.</wf>
      </sentence>
      <sentence id="d000.s1710" source="wordnet-bulgarian">
         <instance id="d000.s1710.t000" lemma="пример" pos="NOUN">пример</instance>
         <wf lemma="за" pos="X">за</wf>
         <wf lemma="подражание" pos="X">подражание</wf>
         <wf lemma="." pos="X">.</wf>
      </sentence>
      <sentence id="d000.s1711" source="wordnet-bulgarian">
         <wf lemma="ядивни" pos="X">ядивни</wf>
         <instance id="d000.s1711.t000" lemma="гъба" pos="NOUN">гъби</instance>
         <wf lemma="." pos="X">.</wf>
      </sentence>
      <sentence id="d000.s1712" source="wordnet-bulgarian">
         <instance id="d000.s1712.t000" lemma="слушам" pos="VERB">слушам</instance>
         <wf lemma="внимателно" pos="X">внимателно</wf>
         <wf lemma="." pos="X">.</wf>
      </sentence>
      <sentence id="d000.s1713" source="wordnet-bulgarian">
         <wf lemma="под" pos="X">под</wf>
         <instance id="d000.s1713.t000" lemma="въздействие" pos="NOUN">въздействието</instance>
         <wf lemma="на" pos="X">на</wf>
         <wf lemma="." pos="X">.</wf>
      </sentence>
      <sentence id="d000.s1714" source="wordnet-bulgarian">
         <wf lemma="бароков" pos="X">бароков</wf>
         <instance id="d000.s1714.t000" lemma="мотив" pos="NOUN">мотив</instance>
         <wf lemma="." pos="X">.</wf>
      </sentence>
      <sentence id="d000.s1715" source="wordnet-bulgarian">
         <instance id="d000.s1715.t000" lemma="папка" pos="NOUN">папка</instance>
         <wf lemma="за" pos="X">за</wf>
         <wf lemma="рисунки" pos="X">рисунки</wf>
         <wf lemma="." pos="X">.</wf>
      </sentence>
      <sentence id="d000.s1716" source="wordnet-bulgarian">
         <wf lemma="Не" pos="X">Не</wf>
         <wf lemma="трепва" pos="X">трепва</wf>
         <wf lemma="нито" pos="X">нито</wf>
         <wf lemma="един" pos="X">един</wf>
         <instance id="d000.s1716.t000" lemma="мускул" pos="NOUN">мускул</instance>
         <wf lemma="на" pos="X">на</wf>
         <wf lemma="лицето" pos="X">лицето</wf>
         <wf lemma="ми" pos="X">ми</wf>
         <wf lemma="." pos="X">.</wf>
      </sentence>
      <sentence id="d000.s1717" source="wordnet-bulgarian">
         <wf lemma="Работя" pos="X">Работя</wf>
         <wf lemma="в" pos="X">в</wf>
         <instance id="d000.s1717.t000" lemma="градина" pos="NOUN">градината</instance>
         <wf lemma="." pos="X">.</wf>
      </sentence>
      <sentence id="d000.s1718" source="wordnet-bulgarian">
         <instance id="d000.s1718.t000" lemma="изпращам" pos="VERB">изпращам</instance>
         <wf lemma="писмо" pos="X">писмо</wf>
         <wf lemma="." pos="X">.</wf>
      </sentence>
      <sentence id="d000.s1719" source="wordnet-bulgarian">
         <wf lemma="критично" pos="X">критично</wf>
         <instance id="d000.s1719.t000" lemma="положение" pos="NOUN">положение</instance>
         <wf lemma="." pos="X">.</wf>
      </sentence>
      <sentence id="d000.s1720" source="wordnet-bulgarian">
         <wf lemma="приемам" pos="X">приемам</wf>
         <instance id="d000.s1720.t000" lemma="закон" pos="NOUN">закон</instance>
         <wf lemma="." pos="X">.</wf>
      </sentence>
      <sentence id="d000.s1721" source="wordnet-bulgarian">
         <wf lemma="нямам" pos="X">нямам</wf>
         <instance id="d000.s1721.t000" lemma="родител" pos="NOUN">родители</instance>
         <wf lemma="." pos="X">.</wf>
      </sentence>
      <sentence id="d000.s1722" source="wordnet-bulgarian">
         <wf lemma="срещам" pos="X">срещам</wf>
         <instance id="d000.s1722.t000" lemma="спънка" pos="NOUN">спънки</instance>
         <wf lemma="." pos="X">.</wf>
      </sentence>
      <sentence id="d000.s1723" source="wordnet-bulgarian">
         <wf lemma="сладко" pos="X">сладко</wf>
         <wf lemma="от" pos="X">от</wf>
         <instance id="d000.s1723.t000" lemma="роза" pos="NOUN">рози</instance>
         <wf lemma="." pos="X">.</wf>
      </sentence>
      <sentence id="d000.s1724" source="wordnet-bulgarian">
         <instance id="d000.s1724.t000" lemma="тъкан" pos="NOUN">тъкан</instance>
         <wf lemma="за" pos="X">за</wf>
         <wf lemma="рокля" pos="X">рокля</wf>
         <wf lemma="." pos="X">.</wf>
      </sentence>
      <sentence id="d000.s1725" source="wordnet-bulgarian">
         <wf lemma="смело" pos="X">смело</wf>
         <instance id="d000.s1725.t000" lemma="изявление" pos="NOUN">изявление</instance>
         <wf lemma="." pos="X">.</wf>
      </sentence>
      <sentence id="d000.s1726" source="wordnet-bulgarian">
         <instance id="d000.s1726.t000" lemma="лаборатория" pos="NOUN">лаборатория</instance>
         <wf lemma="за" pos="X">за</wf>
         <wf lemma="изследване" pos="X">изследване</wf>
         <wf lemma="на" pos="X">на</wf>
         <wf lemma="." pos="X">.</wf>
      </sentence>
      <sentence id="d000.s1727" source="wordnet-bulgarian">
         <wf lemma="малка" pos="X">малка</wf>
         <instance id="d000.s1727.t000" lemma="вълна" pos="NOUN">вълна</instance>
         <wf lemma="." pos="X">.</wf>
      </sentence>
      <sentence id="d000.s1728" source="wordnet-bulgarian">
         <instance id="d000.s1728.t000" lemma="хероин" pos="NOUN">Хероинът</instance>
         <wf lemma="спада" pos="X">спада</wf>
         <wf lemma="към" pos="X">към</wf>
         <wf lemma="групата" pos="X">групата</wf>
         <wf lemma="на" pos="X">на</wf>
         <wf lemma="опиатите" pos="X">опиатите</wf>
         <wf lemma="." pos="X">.</wf>
      </sentence>
      <sentence id="d000.s1729" source="wordnet-bulgarian">
         <wf lemma="приятелски" pos="X">приятелски</wf>
         <instance id="d000.s1729.t000" lemma="взаимоотношение" pos="NOUN">взаимоотношения</instance>
         <wf lemma="." pos="X">.</wf>
      </sentence>
      <sentence id="d000.s1730" source="wordnet-bulgarian">
         <wf lemma="Автомобилът" pos="X">Автомобилът</wf>
         <wf lemma="се" pos="X">се</wf>
         <wf lemma="нуждае" pos="X">нуждае</wf>
         <wf lemma="от" pos="X">от</wf>
         <wf lemma="редовна" pos="X">редовна</wf>
         <instance id="d000.s1730.t000" lemma="поддръжка" pos="NOUN">поддръжка</instance>
         <wf lemma="." pos="X">.</wf>
      </sentence>
      <sentence id="d000.s1731" source="wordnet-bulgarian">
         <wf lemma="електрическа" pos="X">електрическа</wf>
         <instance id="d000.s1731.t000" lemma="лампа" pos="NOUN">лампа</instance>
         <wf lemma="." pos="X">.</wf>
      </sentence>
      <sentence id="d000.s1732" source="wordnet-bulgarian">
         <instance id="d000.s1732.t000" lemma="дар" pos="NOUN">дар</instance>
         <wf lemma="ти" pos="X">ти</wf>
         <wf lemma="давам" pos="X">давам</wf>
         <wf lemma="." pos="X">.</wf>
      </sentence>
      <sentence id="d000.s1733" source="wordnet-bulgarian">
         <wf lemma="развалям" pos="X">развалям</wf>
         <instance id="d000.s1733.t000" lemma="договор" pos="NOUN">договор</instance>
         <wf lemma="." pos="X">.</wf>
      </sentence>
      <sentence id="d000.s1734" source="wordnet-bulgarian">
         <instance id="d000.s1734.t000" lemma="пешеходец" pos="NOUN">Пешеходецът</instance>
         <wf lemma="претича" pos="X">претича</wf>
         <wf lemma="пред" pos="X">пред</wf>
         <wf lemma="колата" pos="X">колата</wf>
         <wf lemma="." pos="X">.</wf>
      </sentence>
      <sentence id="d000.s1735" source="wordnet-bulgarian">
         <wf lemma="добра" pos="X">добра</wf>
         <instance id="d000.s1735.t000" lemma="ориентация" pos="NOUN">ориентация</instance>
         <wf lemma="." pos="X">.</wf>
      </sentence>
      <sentence id="d000.s1736" source="wordnet-bulgarian">
         <wf lemma="Бъди" pos="X">Бъди</wf>
         <instance id="d000.s1736.t000" lemma="мъж" pos="NOUN">мъж</instance>
         <wf lemma="!" pos="X">!</wf>
      </sentence>
      <sentence id="d000.s1737" source="wordnet-bulgarian">
         <wf lemma="Имаш" pos="X">Имаш</wf>
         <wf lemma="ли" pos="X">ли</wf>
         <wf lemma="някакви" pos="X">някакви</wf>
         <instance id="d000.s1737.t000" lemma="кърпичка" pos="NOUN">кърпички</instance>
         <wf lemma="?" pos="X">?</wf>
      </sentence>
      <sentence id="d000.s1738" source="wordnet-bulgarian">
         <wf lemma="фирма" pos="X">фирма</wf>
         <wf lemma="за" pos="X">за</wf>
         <wf lemma="пренос" pos="X">пренос</wf>
         <wf lemma="и" pos="X">и</wf>
         <instance id="d000.s1738.t000" lemma="превоз" pos="NOUN">превоз</instance>
         <wf lemma="." pos="X">.</wf>
      </sentence>
      <sentence id="d000.s1739" source="wordnet-bulgarian">
         <wf lemma="почетна" pos="X">почетна</wf>
         <instance id="d000.s1739.t000" lemma="награда" pos="NOUN">награда</instance>
         <wf lemma="." pos="X">.</wf>
      </sentence>
      <sentence id="d000.s1740" source="wordnet-bulgarian">
         <instance id="d000.s1740.t000" lemma="честота" pos="NOUN">честота</instance>
         <wf lemma="на" pos="X">на</wf>
         <wf lemma="употреба" pos="X">употреба</wf>
         <wf lemma="." pos="X">.</wf>
      </sentence>
      <sentence id="d000.s1741" source="wordnet-bulgarian">
         <wf lemma="дълъг" pos="X">дълъг</wf>
         <instance id="d000.s1741.t000" lemma="чорап" pos="NOUN">чорап</instance>
         <wf lemma="." pos="X">.</wf>
      </sentence>
      <sentence id="d000.s1742" source="wordnet-bulgarian">
         <wf lemma="върховен" pos="X">върховен</wf>
         <instance id="d000.s1742.t000" lemma="съд" pos="NOUN">съд</instance>
         <wf lemma="." pos="X">.</wf>
      </sentence>
      <sentence id="d000.s1743" source="wordnet-bulgarian">
         <instance id="d000.s1743.t000" lemma="брат" pos="NOUN">Брат</instance>
         <wf lemma="ми" pos="X">ми</wf>
         <wf lemma="все" pos="X">все</wf>
         <wf lemma="още" pos="X">още</wf>
         <wf lemma="живее" pos="X">живее</wf>
         <wf lemma="с" pos="X">с</wf>
         <wf lemma="родителите" pos="X">родителите</wf>
         <wf lemma="ни" pos="X">ни</wf>
         <wf lemma="." pos="X">.</wf>
      </sentence>
      <sentence id="d000.s1744" source="wordnet-bulgarian">
         <wf lemma="състезателен" pos="X">състезателен</wf>
         <instance id="d000.s1744.t000" lemma="кон" pos="NOUN">кон</instance>
         <wf lemma="." pos="X">.</wf>
      </sentence>
      <sentence id="d000.s1745" source="wordnet-bulgarian">
         <wf lemma="удобен" pos="X">удобен</wf>
         <instance id="d000.s1745.t000" lemma="транспорт" pos="NOUN">транспорт</instance>
         <wf lemma="." pos="X">.</wf>
      </sentence>
      <sentence id="d000.s1746" source="wordnet-bulgarian">
         <wf lemma="Касата" pos="X">Касата</wf>
         <instance id="d000.s1746.t000" lemma="работя" pos="VERB">работи</instance>
         <wf lemma="до" pos="X">до</wf>
         <wf lemma="14" pos="X">14</wf>
         <wf lemma="часа" pos="X">часа</wf>
         <wf lemma="." pos="X">.</wf>
      </sentence>
      <sentence id="d000.s1747" source="wordnet-bulgarian">
         <wf lemma="истински" pos="X">истински</wf>
         <instance id="d000.s1747.t000" lemma="документ" pos="NOUN">документи</instance>
         <wf lemma="." pos="X">.</wf>
      </sentence>
      <sentence id="d000.s1748" source="wordnet-bulgarian">
         <wf lemma="Гледай" pos="X">Гледай</wf>
         <wf lemma="да" pos="X">да</wf>
         <wf lemma="не" pos="X">не</wf>
         <wf lemma="се" pos="X">се</wf>
         <wf lemma="спънеш" pos="X">спънеш</wf>
         <wf lemma="о" pos="X">о</wf>
         <instance id="d000.s1748.t000" lemma="праг" pos="NOUN">прага</instance>
         <wf lemma="." pos="X">.</wf>
      </sentence>
      <sentence id="d000.s1749" source="wordnet-bulgarian">
         <wf lemma="Един" pos="X">Един</wf>
         <instance id="d000.s1749.t000" lemma="човек" pos="NOUN">човек</instance>
         <wf lemma="те" pos="X">те</wf>
         <wf lemma="търси" pos="X">търси</wf>
         <wf lemma="." pos="X">.</wf>
      </sentence>
      <sentence id="d000.s1750" source="wordnet-bulgarian">
         <wf lemma="ябълково" pos="X">ябълково</wf>
         <instance id="d000.s1750.t000" lemma="дърво" pos="NOUN">дърво</instance>
         <wf lemma="." pos="X">.</wf>
      </sentence>
      <sentence id="d000.s1751" source="wordnet-bulgarian">
         <wf lemma="под" pos="X">под</wf>
         <instance id="d000.s1751.t000" lemma="сянка" pos="NOUN">сянка</instance>
         <wf lemma="." pos="X">.</wf>
      </sentence>
      <sentence id="d000.s1752" source="wordnet-bulgarian">
         <wf lemma="Дългът" pos="X">Дългът</wf>
         <wf lemma="ми" pos="X">ми</wf>
         <instance id="d000.s1752.t000" lemma="нарасна" pos="VERB">нарасна</instance>
         <wf lemma="двойно" pos="X">двойно</wf>
         <wf lemma="." pos="X">.</wf>
      </sentence>
      <sentence id="d000.s1753" source="wordnet-bulgarian">
         <wf lemma="малък" pos="X">малък</wf>
         <instance id="d000.s1753.t000" lemma="двор" pos="NOUN">двор</instance>
         <wf lemma="." pos="X">.</wf>
      </sentence>
      <sentence id="d000.s1754" source="wordnet-bulgarian">
         <wf lemma="за" pos="X">за</wf>
         <wf lemma="10" pos="X">10</wf>
         <instance id="d000.s1754.t000" lemma="секунда" pos="NOUN">секунди</instance>
         <wf lemma="." pos="X">.</wf>
      </sentence>
      <sentence id="d000.s1755" source="wordnet-bulgarian">
         <wf lemma="ограничен" pos="X">ограничен</wf>
         <instance id="d000.s1755.t000" lemma="бюджет" pos="NOUN">бюджет</instance>
         <wf lemma="." pos="X">.</wf>
      </sentence>
      <sentence id="d000.s1756" source="wordnet-bulgarian">
         <wf lemma="растителен" pos="X">растителен</wf>
         <instance id="d000.s1756.t000" lemma="свят" pos="NOUN">свят</instance>
         <wf lemma="." pos="X">.</wf>
      </sentence>
      <sentence id="d000.s1757" source="wordnet-bulgarian">
         <wf lemma="Големите" pos="X">Големите</wf>
         <wf lemma="ми" pos="X">ми</wf>
         <instance id="d000.s1757.t000" lemma="амбиция" pos="NOUN">амбиции</instance>
         <wf lemma="са" pos="X">са</wf>
         <wf lemma="свързани" pos="X">свързани</wf>
         <wf lemma="с" pos="X">с</wf>
         <wf lemma="музиката" pos="X">музиката</wf>
         <wf lemma="." pos="X">.</wf>
      </sentence>
      <sentence id="d000.s1758" source="wordnet-bulgarian">
         <instance id="d000.s1758.t000" lemma="любител" pos="NOUN">любител</instance>
         <wf lemma="на" pos="X">на</wf>
         <wf lemma="." pos="X">.</wf>
      </sentence>
      <sentence id="d000.s1759" source="wordnet-bulgarian">
         <wf lemma="внасям" pos="X">внасям</wf>
         <instance id="d000.s1759.t000" lemma="успокоение" pos="NOUN">успокоение</instance>
         <wf lemma="в." pos="X">в.</wf>
      </sentence>
      <sentence id="d000.s1760" source="wordnet-bulgarian">
         <instance id="d000.s1760.t000" lemma="удар" pos="NOUN">удар</instance>
         <wf lemma="по" pos="X">по</wf>
         <wf lemma="главата" pos="X">главата</wf>
         <wf lemma="." pos="X">.</wf>
      </sentence>
      <sentence id="d000.s1761" source="wordnet-bulgarian">
         <instance id="d000.s1761.t000" lemma="жури" pos="NOUN">жури</instance>
         <wf lemma="на" pos="X">на</wf>
         <wf lemma="." pos="X">.</wf>
      </sentence>
      <sentence id="d000.s1762" source="wordnet-bulgarian">
         <wf lemma="старо" pos="X">старо</wf>
         <wf lemma="раздрънкано" pos="X">раздрънкано</wf>
         <instance id="d000.s1762.t000" lemma="пиано" pos="NOUN">пиано</instance>
         <wf lemma="." pos="X">.</wf>
      </sentence>
      <sentence id="d000.s1763" source="wordnet-bulgarian">
         <wf lemma="постоянен" pos="X">постоянен</wf>
         <instance id="d000.s1763.t000" lemma="адрес" pos="NOUN">адрес</instance>
         <wf lemma="." pos="X">.</wf>
      </sentence>
      <sentence id="d000.s1764" source="wordnet-bulgarian">
         <instance id="d000.s1764.t000" lemma="дъщеря" pos="NOUN">Дъщеря</instance>
         <wf lemma="ми" pos="X">ми</wf>
         <wf lemma="ще" pos="X">ще</wf>
         <wf lemma="ме" pos="X">ме</wf>
         <wf lemma="гледа" pos="X">гледа</wf>
         <wf lemma="на" pos="X">на</wf>
         <wf lemma="старини" pos="X">старини</wf>
         <wf lemma="." pos="X">.</wf>
      </sentence>
      <sentence id="d000.s1765" source="wordnet-bulgarian">
         <wf lemma="стара" pos="X">стара</wf>
         <instance id="d000.s1765.t000" lemma="връзка" pos="NOUN">връзка</instance>
         <wf lemma="." pos="X">.</wf>
      </sentence>
      <sentence id="d000.s1766" source="wordnet-bulgarian">
         <wf lemma="Изгасна" pos="X">Изгасна</wf>
         <wf lemma="ми" pos="X">ми</wf>
         <instance id="d000.s1766.t000" lemma="мотор" pos="NOUN">моторът</instance>
         <wf lemma="." pos="X">.</wf>
      </sentence>
      <sentence id="d000.s1767" source="wordnet-bulgarian">
         <wf lemma="подарявам" pos="X">подарявам</wf>
         <instance id="d000.s1767.t000" lemma="цвете" pos="NOUN">цветя</instance>
         <wf lemma="." pos="X">.</wf>
      </sentence>
      <sentence id="d000.s1768" source="wordnet-bulgarian">
         <wf lemma="неверен" pos="X">неверен</wf>
         <instance id="d000.s1768.t000" lemma="отчет" pos="NOUN">отчет</instance>
         <wf lemma="." pos="X">.</wf>
      </sentence>
      <sentence id="d000.s1769" source="wordnet-bulgarian">
         <wf lemma="на" pos="X">на</wf>
         <wf lemma="равни" pos="X">равни</wf>
         <instance id="d000.s1769.t000" lemma="част" pos="NOUN">части</instance>
         <wf lemma="." pos="X">.</wf>
      </sentence>
      <sentence id="d000.s1770" source="wordnet-bulgarian">
         <wf lemma="бъркам" pos="X">бъркам</wf>
         <instance id="d000.s1770.t000" lemma="бетон" pos="NOUN">бетон</instance>
         <wf lemma="." pos="X">.</wf>
      </sentence>
      <sentence id="d000.s1771" source="wordnet-bulgarian">
         <wf lemma="цвете" pos="X">цвете</wf>
         <wf lemma="в" pos="X">в</wf>
         <instance id="d000.s1771.t000" lemma="саксия" pos="NOUN">саксия</instance>
         <wf lemma="." pos="X">.</wf>
      </sentence>
      <sentence id="d000.s1772" source="wordnet-bulgarian">
         <wf lemma="дизелов" pos="X">дизелов</wf>
         <instance id="d000.s1772.t000" lemma="двигател" pos="NOUN">двигател</instance>
         <wf lemma="." pos="X">.</wf>
      </sentence>
      <sentence id="d000.s1773" source="wordnet-bulgarian">
         <wf lemma="Тази" pos="X">Тази</wf>
         <wf lemma="година" pos="X">година</wf>
         <instance id="d000.s1773.t000" lemma="продажба" pos="NOUN">продажбите</instance>
         <wf lemma="на" pos="X">на</wf>
         <wf lemma="зеленчуци" pos="X">зеленчуци</wf>
         <wf lemma="скочиха" pos="X">скочиха</wf>
         <wf lemma="двойно" pos="X">двойно</wf>
         <wf lemma="." pos="X">.</wf>
      </sentence>
      <sentence id="d000.s1774" source="wordnet-bulgarian">
         <wf lemma="белег" pos="X">белег</wf>
         <wf lemma="от" pos="X">от</wf>
         <instance id="d000.s1774.t000" lemma="рана" pos="NOUN">рана</instance>
         <wf lemma="." pos="X">.</wf>
      </sentence>
      <sentence id="d000.s1775" source="wordnet-bulgarian">
         <instance id="d000.s1775.t000" lemma="травма" pos="NOUN">травма</instance>
         <wf lemma="на" pos="X">на</wf>
         <wf lemma="главата" pos="X">главата</wf>
         <wf lemma="." pos="X">.</wf>
      </sentence>
      <sentence id="d000.s1776" source="wordnet-bulgarian">
         <wf lemma="С" pos="X">С</wf>
         <wf lemma="каква" pos="X">каква</wf>
         <instance id="d000.s1776.t000" lemma="програма" pos="NOUN">програма</instance>
         <wf lemma="работиш" pos="X">работиш</wf>
         <wf lemma="?" pos="X">?</wf>
      </sentence>
      <sentence id="d000.s1777" source="wordnet-bulgarian">
         <wf lemma="Навикът" pos="X">Навикът</wf>
         <wf lemma="е" pos="X">е</wf>
         <wf lemma="втора" pos="X">втора</wf>
         <instance id="d000.s1777.t000" lemma="природа" pos="NOUN">природа</instance>
         <wf lemma="." pos="X">.</wf>
      </sentence>
      <sentence id="d000.s1778" source="wordnet-bulgarian">
         <wf lemma="футболна" pos="X">футболна</wf>
         <instance id="d000.s1778.t000" lemma="топка" pos="NOUN">топка</instance>
         <wf lemma="." pos="X">.</wf>
      </sentence>
      <sentence id="d000.s1779" source="wordnet-bulgarian">
         <wf lemma="Министерство" pos="X">Министерство</wf>
         <wf lemma="на" pos="X">на</wf>
         <instance id="d000.s1779.t000" lemma="образование" pos="NOUN">образованието</instance>
         <wf lemma="." pos="X">.</wf>
      </sentence>
      <sentence id="d000.s1780" source="wordnet-bulgarian">
         <instance id="d000.s1780.t000" lemma="ключ" pos="NOUN">ключ</instance>
         <wf lemma="за" pos="X">за</wf>
         <wf lemma="автомобил" pos="X">автомобил</wf>
         <wf lemma="." pos="X">.</wf>
      </sentence>
      <sentence id="d000.s1781" source="wordnet-bulgarian">
         <instance id="d000.s1781.t000" lemma="дъно" pos="NOUN">дъно</instance>
         <wf lemma="на" pos="X">на</wf>
         <wf lemma="тенджера" pos="X">тенджера</wf>
         <wf lemma="." pos="X">.</wf>
      </sentence>
      <sentence id="d000.s1782" source="wordnet-bulgarian">
         <wf lemma="отраслов" pos="X">отраслов</wf>
         <instance id="d000.s1782.t000" lemma="профсъюз" pos="NOUN">профсъюз</instance>
         <wf lemma="." pos="X">.</wf>
      </sentence>
      <sentence id="d000.s1783" source="wordnet-bulgarian">
         <wf lemma="праволинейни" pos="X">праволинейни</wf>
         <instance id="d000.s1783.t000" lemma="убеждение" pos="NOUN">убеждения</instance>
         <wf lemma="." pos="X">.</wf>
      </sentence>
      <sentence id="d000.s1784" source="wordnet-bulgarian">
         <wf lemma="лечебна" pos="X">лечебна</wf>
         <instance id="d000.s1784.t000" lemma="вана" pos="NOUN">вана</instance>
         <wf lemma="." pos="X">.</wf>
      </sentence>
      <sentence id="d000.s1785" source="wordnet-bulgarian">
         <instance id="d000.s1785.t000" lemma="премисля" pos="VERB">Премисли</instance>
         <wf lemma="добре" pos="X">добре</wf>
         <wf lemma="казаното" pos="X">казаното</wf>
         <wf lemma="." pos="X">.</wf>
      </sentence>
      <sentence id="d000.s1786" source="wordnet-bulgarian">
         <wf lemma="Цената" pos="X">Цената</wf>
         <wf lemma="на" pos="X">на</wf>
         <instance id="d000.s1786.t000" lemma="парцел" pos="NOUN">парцелите</instance>
         <wf lemma="на" pos="X">на</wf>
         <wf lemma="морето" pos="X">морето</wf>
         <wf lemma="е" pos="X">е</wf>
         <wf lemma="много" pos="X">много</wf>
         <wf lemma="висока" pos="X">висока</wf>
         <wf lemma="." pos="X">.</wf>
      </sentence>
      <sentence id="d000.s1787" source="wordnet-bulgarian">
         <wf lemma="Сградата" pos="X">Сградата</wf>
         <wf lemma="е" pos="X">е</wf>
         <wf lemma="направена" pos="X">направена</wf>
         <wf lemma="до" pos="X">до</wf>
         <instance id="d000.s1787.t000" lemma="покрив" pos="NOUN">покрив</instance>
         <wf lemma="." pos="X">.</wf>
      </sentence>
      <sentence id="d000.s1788" source="wordnet-bulgarian">
         <wf lemma="ставам" pos="X">ставам</wf>
         <instance id="d000.s1788.t000" lemma="майка" pos="NOUN">майка</instance>
         <wf lemma="." pos="X">.</wf>
      </sentence>
      <sentence id="d000.s1789" source="wordnet-bulgarian">
         <instance id="d000.s1789.t000" lemma="икономика" pos="NOUN">икономика</instance>
         <wf lemma="на" pos="X">на</wf>
         <wf lemma="съобщенията" pos="X">съобщенията</wf>
         <wf lemma="." pos="X">.</wf>
      </sentence>
      <sentence id="d000.s1790" source="wordnet-bulgarian">
         <wf lemma="призовавам" pos="X">призовавам</wf>
         <instance id="d000.s1790.t000" lemma="свидетел" pos="NOUN">свидетел</instance>
         <wf lemma="." pos="X">.</wf>
      </sentence>
      <sentence id="d000.s1791" source="wordnet-bulgarian">
         <wf lemma="правя" pos="X">правя</wf>
         <instance id="d000.s1791.t000" lemma="списък" pos="NOUN">списък</instance>
         <wf lemma="." pos="X">.</wf>
      </sentence>
      <sentence id="d000.s1792" source="wordnet-bulgarian">
         <wf lemma="Дървото" pos="X">Дървото</wf>
         <instance id="d000.s1792.t000" lemma="устоя" pos="VERB">устоя</instance>
         <wf lemma="на" pos="X">на</wf>
         <wf lemma="бурята" pos="X">бурята</wf>
         <wf lemma="." pos="X">.</wf>
      </sentence>
      <sentence id="d000.s1793" source="wordnet-bulgarian">
         <instance id="d000.s1793.t000" lemma="птица" pos="NOUN">птица</instance>
         <wf lemma="с" pos="X">с</wf>
         <wf lemma="красиво" pos="X">красиво</wf>
         <wf lemma="оперение" pos="X">оперение</wf>
         <wf lemma="." pos="X">.</wf>
      </sentence>
      <sentence id="d000.s1794" source="wordnet-bulgarian">
         <wf lemma="голямо" pos="X">голямо</wf>
         <instance id="d000.s1794.t000" lemma="гостоприемство" pos="NOUN">гостоприемство</instance>
         <wf lemma="." pos="X">.</wf>
      </sentence>
      <sentence id="d000.s1795" source="wordnet-bulgarian">
         <wf lemma="отивам" pos="X">отивам</wf>
         <wf lemma="на" pos="X">на</wf>
         <instance id="d000.s1795.t000" lemma="дискотека" pos="NOUN">дискотека</instance>
         <wf lemma="." pos="X">.</wf>
      </sentence>
      <sentence id="d000.s1796" source="wordnet-bulgarian">
         <instance id="d000.s1796.t000" lemma="могъщ" pos="ADJ">могъщи</instance>
         <wf lemma="ръце" pos="X">ръце</wf>
         <wf lemma="." pos="X">.</wf>
      </sentence>
      <sentence id="d000.s1797" source="wordnet-bulgarian">
         <wf lemma="голям" pos="X">голям</wf>
         <instance id="d000.s1797.t000" lemma="авторитет" pos="NOUN">авторитет</instance>
         <wf lemma="." pos="X">.</wf>
      </sentence>
      <sentence id="d000.s1798" source="wordnet-bulgarian">
         <wf lemma="Хляб" pos="X">Хляб</wf>
         <wf lemma="от" pos="X">от</wf>
         <wf lemma="новата" pos="X">новата</wf>
         <instance id="d000.s1798.t000" lemma="реколта" pos="NOUN">реколта</instance>
         <wf lemma="." pos="X">.</wf>
      </sentence>
      <sentence id="d000.s1799" source="wordnet-bulgarian">
         <instance id="d000.s1799.t000" lemma="обсъждане" pos="NOUN">обсъждане</instance>
         <wf lemma="на" pos="X">на</wf>
         <wf lemma="кандидатура" pos="X">кандидатура</wf>
         <wf lemma="." pos="X">.</wf>
      </sentence>
      <sentence id="d000.s1800" source="wordnet-bulgarian">
         <wf lemma="постилам" pos="X">постилам</wf>
         <instance id="d000.s1800.t000" lemma="килим" pos="NOUN">килим</instance>
         <wf lemma="." pos="X">.</wf>
      </sentence>
      <sentence id="d000.s1801" source="wordnet-bulgarian">
         <wf lemma="с" pos="X">с</wf>
         <instance id="d000.s1801.t000" lemma="каска" pos="NOUN">каска</instance>
         <wf lemma="." pos="X">.</wf>
      </sentence>
      <sentence id="d000.s1802" source="wordnet-bulgarian">
         <instance id="d000.s1802.t000" lemma="кон" pos="NOUN">коня</instance>
         <wf lemma="води" pos="X">води</wf>
         <wf lemma="," pos="X">,</wf>
         <wf lemma="пеша" pos="X">пеша</wf>
         <wf lemma="ходи" pos="X">ходи</wf>
         <wf lemma="." pos="X">.</wf>
      </sentence>
      <sentence id="d000.s1803" source="wordnet-bulgarian">
         <wf lemma="математически" pos="X">математически</wf>
         <instance id="d000.s1803.t000" lemma="сбор" pos="NOUN">сбор</instance>
         <wf lemma="." pos="X">.</wf>
      </sentence>
      <sentence id="d000.s1804" source="wordnet-bulgarian">
         <wf lemma="спиртна" pos="X">спиртна</wf>
         <instance id="d000.s1804.t000" lemma="напитка" pos="NOUN">напитка</instance>
         <wf lemma="." pos="X">.</wf>
      </sentence>
      <sentence id="d000.s1805" source="wordnet-bulgarian">
         <instance id="d000.s1805.t000" lemma="процъфтяване" pos="NOUN">процъфтяване</instance>
         <wf lemma="на" pos="X">на</wf>
         <wf lemma="фабрика" pos="X">фабрика</wf>
         <wf lemma="." pos="X">.</wf>
      </sentence>
      <sentence id="d000.s1806" source="wordnet-bulgarian">
         <wf lemma="лошо" pos="X">лошо</wf>
         <instance id="d000.s1806.t000" lemma="поведение" pos="NOUN">поведение</instance>
         <wf lemma="." pos="X">.</wf>
      </sentence>
      <sentence id="d000.s1807" source="wordnet-bulgarian">
         <wf lemma="снежна" pos="X">снежна</wf>
         <instance id="d000.s1807.t000" lemma="буря" pos="NOUN">буря</instance>
         <wf lemma="." pos="X">.</wf>
      </sentence>
      <sentence id="d000.s1808" source="wordnet-bulgarian">
         <instance id="d000.s1808.t000" lemma="манастир" pos="NOUN">Манастирът</instance>
         <wf lemma="се" pos="X">се</wf>
         <wf lemma="намира" pos="X">намира</wf>
         <wf lemma="в" pos="X">в</wf>
         <wf lemma="подножието" pos="X">подножието</wf>
         <wf lemma="на" pos="X">на</wf>
         <wf lemma="планината" pos="X">планината</wf>
         <wf lemma="." pos="X">.</wf>
      </sentence>
      <sentence id="d000.s1809" source="wordnet-bulgarian">
         <wf lemma="проявявам" pos="X">проявявам</wf>
         <instance id="d000.s1809.t000" lemma="агресия" pos="NOUN">агресия</instance>
         <wf lemma="срещу" pos="X">срещу</wf>
         <wf lemma="." pos="X">.</wf>
      </sentence>
      <sentence id="d000.s1810" source="wordnet-bulgarian">
         <wf lemma="кратко" pos="X">кратко</wf>
         <instance id="d000.s1810.t000" lemma="обобщение" pos="NOUN">обобщение</instance>
         <wf lemma="." pos="X">.</wf>
      </sentence>
      <sentence id="d000.s1811" source="wordnet-bulgarian">
         <wf lemma="детска" pos="X">детска</wf>
         <instance id="d000.s1811.t000" lemma="кошарка" pos="NOUN">кошарка</instance>
         <wf lemma="." pos="X">.</wf>
      </sentence>
      <sentence id="d000.s1812" source="wordnet-bulgarian">
         <instance id="d000.s1812.t000" lemma="играя" pos="VERB">играя</instance>
         <wf lemma="на" pos="X">на</wf>
         <wf lemma="табла" pos="X">табла</wf>
         <wf lemma="." pos="X">.</wf>
      </sentence>
      <sentence id="d000.s1813" source="wordnet-bulgarian">
         <wf lemma="Той" pos="X">Той</wf>
         <wf lemma="е" pos="X">е</wf>
         <wf lemma="един" pos="X">един</wf>
         <wf lemma="от" pos="X">от</wf>
         <wf lemma="старите" pos="X">старите</wf>
         <instance id="d000.s1813.t000" lemma="майстор" pos="NOUN">майстори</instance>
         <wf lemma="на" pos="X">на</wf>
         <wf lemma="дърворезба" pos="X">дърворезба</wf>
         <wf lemma="." pos="X">.</wf>
      </sentence>
      <sentence id="d000.s1814" source="wordnet-bulgarian">
         <wf lemma="приятно" pos="X">приятно</wf>
         <instance id="d000.s1814.t000" lemma="пътуване" pos="NOUN">пътуване</instance>
         <wf lemma="." pos="X">.</wf>
      </sentence>
      <sentence id="d000.s1815" source="wordnet-bulgarian">
         <instance id="d000.s1815.t000" lemma="закон" pos="NOUN">закони</instance>
         <wf lemma="на" pos="X">на</wf>
         <wf lemma="термодинамиката" pos="X">термодинамиката</wf>
         <wf lemma="." pos="X">.</wf>
      </sentence>
      <sentence id="d000.s1816" source="wordnet-bulgarian">
         <wf lemma="сушена" pos="X">сушена</wf>
         <instance id="d000.s1816.t000" lemma="фурма" pos="NOUN">фурма</instance>
         <wf lemma="." pos="X">.</wf>
      </sentence>
      <sentence id="d000.s1817" source="wordnet-bulgarian">
         <wf lemma="забавна" pos="X">забавна</wf>
         <instance id="d000.s1817.t000" lemma="игра" pos="NOUN">игра</instance>
         <wf lemma="." pos="X">.</wf>
      </sentence>
      <sentence id="d000.s1818" source="wordnet-bulgarian">
         <wf lemma="Той" pos="X">Той</wf>
         <wf lemma="прекара" pos="X">прекара</wf>
         <wf lemma="приятен" pos="X">приятен</wf>
         <instance id="d000.s1818.t000" lemma="следобед" pos="NOUN">следобед</instance>
         <wf lemma="в" pos="X">в</wf>
         <wf lemma="парка" pos="X">парка</wf>
         <wf lemma="." pos="X">.</wf>
      </sentence>
      <sentence id="d000.s1819" source="wordnet-bulgarian">
         <wf lemma="порцеланова" pos="X">порцеланова</wf>
         <instance id="d000.s1819.t000" lemma="чиния" pos="NOUN">чиния</instance>
         <wf lemma="." pos="X">.</wf>
      </sentence>
      <sentence id="d000.s1820" source="wordnet-bulgarian">
         <wf lemma="изкуствена" pos="X">изкуствена</wf>
         <instance id="d000.s1820.t000" lemma="кома" pos="NOUN">кома</instance>
         <wf lemma="." pos="X">.</wf>
      </sentence>
      <sentence id="d000.s1821" source="wordnet-bulgarian">
         <instance id="d000.s1821.t000" lemma="работя" pos="VERB">Работя</instance>
         <wf lemma="на" pos="X">на</wf>
         <wf lemma="половин" pos="X">половин</wf>
         <wf lemma="ден" pos="X">ден</wf>
         <wf lemma="." pos="X">.</wf>
      </sentence>
      <sentence id="d000.s1822" source="wordnet-bulgarian">
         <wf lemma="Стремя" pos="X">Стремя</wf>
         <wf lemma="се" pos="X">се</wf>
         <wf lemma="към" pos="X">към</wf>
         <instance id="d000.s1822.t000" lemma="слава" pos="NOUN">слава</instance>
         <wf lemma="." pos="X">.</wf>
      </sentence>
      <sentence id="d000.s1823" source="wordnet-bulgarian">
         <wf lemma="нямам" pos="X">нямам</wf>
         <instance id="d000.s1823.t000" lemma="мнение" pos="NOUN">мнение</instance>
         <wf lemma="." pos="X">.</wf>
      </sentence>
      <sentence id="d000.s1824" source="wordnet-bulgarian">
         <instance id="d000.s1824.t000" lemma="любител" pos="NOUN">любители</instance>
         <wf lemma="артисти" pos="X">артисти</wf>
         <wf lemma="." pos="X">.</wf>
      </sentence>
      <sentence id="d000.s1825" source="wordnet-bulgarian">
         <wf lemma="Най-после" pos="X">Най-после</wf>
         <wf lemma="усетихме" pos="X">усетихме</wf>
         <wf lemma="и" pos="X">и</wf>
         <wf lemma="първите" pos="X">първите</wf>
         <instance id="d000.s1825.t000" lemma="признак" pos="NOUN">признаци</instance>
         <wf lemma="на" pos="X">на</wf>
         <wf lemma="пролетта" pos="X">пролетта</wf>
         <wf lemma="." pos="X">.</wf>
      </sentence>
      <sentence id="d000.s1826" source="wordnet-bulgarian">
         <wf lemma="лош" pos="X">лош</wf>
         <instance id="d000.s1826.t000" lemma="актьор" pos="NOUN">актьор</instance>
         <wf lemma="." pos="X">.</wf>
      </sentence>
      <sentence id="d000.s1827" source="wordnet-bulgarian">
         <wf lemma="взаимно" pos="X">взаимно</wf>
         <instance id="d000.s1827.t000" lemma="доверие" pos="NOUN">доверие</instance>
         <wf lemma="." pos="X">.</wf>
      </sentence>
      <sentence id="d000.s1828" source="wordnet-bulgarian">
         <wf lemma="по" pos="X">по</wf>
         <wf lemma="даден" pos="X">даден</wf>
         <instance id="d000.s1828.t000" lemma="знак" pos="NOUN">знак</instance>
         <wf lemma="." pos="X">.</wf>
      </sentence>
      <sentence id="d000.s1829" source="wordnet-bulgarian">
         <wf lemma="преносно" pos="X">преносно</wf>
         <instance id="d000.s1829.t000" lemma="значение" pos="NOUN">значение</instance>
         <wf lemma="." pos="X">.</wf>
      </sentence>
      <sentence id="d000.s1830" source="wordnet-bulgarian">
         <wf lemma="изпращам" pos="X">изпращам</wf>
         <instance id="d000.s1830.t000" lemma="покана" pos="NOUN">покана</instance>
         <wf lemma="." pos="X">.</wf>
      </sentence>
      <sentence id="d000.s1831" source="wordnet-bulgarian">
         <wf lemma="тристаен" pos="X">тристаен</wf>
         <instance id="d000.s1831.t000" lemma="апартамент" pos="NOUN">апартамент</instance>
         <wf lemma="." pos="X">.</wf>
      </sentence>
      <sentence id="d000.s1832" source="wordnet-bulgarian">
         <wf lemma="Този" pos="X">Този</wf>
         <wf lemma="проект" pos="X">проект</wf>
         <wf lemma="няма" pos="X">няма</wf>
         <instance id="d000.s1832.t000" lemma="перспектива" pos="NOUN">перспектива</instance>
         <wf lemma="." pos="X">.</wf>
      </sentence>
      <sentence id="d000.s1833" source="wordnet-bulgarian">
         <wf lemma="извършвам" pos="X">извършвам</wf>
         <instance id="d000.s1833.t000" lemma="жертвоприношение" pos="NOUN">жертвоприношение</instance>
         <wf lemma="." pos="X">.</wf>
      </sentence>
      <sentence id="d000.s1834" source="wordnet-bulgarian">
         <wf lemma="старинен" pos="X">старинен</wf>
         <instance id="d000.s1834.t000" lemma="скрин" pos="NOUN">скрин</instance>
         <wf lemma="." pos="X">.</wf>
      </sentence>
      <sentence id="d000.s1835" source="wordnet-bulgarian">
         <wf lemma="преглед" pos="X">преглед</wf>
         <wf lemma="при" pos="X">при</wf>
         <instance id="d000.s1835.t000" lemma="зъболекар" pos="NOUN">зъболекар</instance>
         <wf lemma="." pos="X">.</wf>
      </sentence>
      <sentence id="d000.s1836" source="wordnet-bulgarian">
         <wf lemma="домашна" pos="X">домашна</wf>
         <instance id="d000.s1836.t000" lemma="консерва" pos="NOUN">консерва</instance>
         <wf lemma="." pos="X">.</wf>
      </sentence>
      <sentence id="d000.s1837" source="wordnet-bulgarian">
         <wf lemma="Не" pos="X">Не</wf>
         <wf lemma="ми" pos="X">ми</wf>
         <wf lemma="работи" pos="X">работи</wf>
         <instance id="d000.s1837.t000" lemma="мишка" pos="NOUN">мишката</instance>
         <wf lemma="." pos="X">.</wf>
      </sentence>
      <sentence id="d000.s1838" source="wordnet-bulgarian">
         <wf lemma="имам" pos="X">имам</wf>
         <instance id="d000.s1838.t000" lemma="информация" pos="NOUN">информация</instance>
         <wf lemma="," pos="X">,</wf>
         <wf lemma="че" pos="X">че</wf>
         <wf lemma="." pos="X">.</wf>
      </sentence>
      <sentence id="d000.s1839" source="wordnet-bulgarian">
         <instance id="d000.s1839.t000" lemma="подготовка" pos="NOUN">подготовката</instance>
         <wf lemma="е" pos="X">е</wf>
         <wf lemma="започнала" pos="X">започнала</wf>
         <wf lemma="." pos="X">.</wf>
      </sentence>
      <sentence id="d000.s1840" source="wordnet-bulgarian">
         <instance id="d000.s1840.t000" lemma="поддръжка" pos="NOUN">поддръжка</instance>
         <wf lemma="на" pos="X">на</wf>
         <wf lemma="машини" pos="X">машини</wf>
         <wf lemma="." pos="X">.</wf>
      </sentence>
      <sentence id="d000.s1841" source="wordnet-bulgarian">
         <wf lemma="Командирът" pos="X">Командирът</wf>
         <wf lemma="беше" pos="X">беше</wf>
         <wf lemma="ранен" pos="X">ранен</wf>
         <wf lemma="в" pos="X">в</wf>
         <wf lemma="последната" pos="X">последната</wf>
         <instance id="d000.s1841.t000" lemma="битка" pos="NOUN">битка</instance>
         <wf lemma="." pos="X">.</wf>
      </sentence>
      <sentence id="d000.s1842" source="wordnet-bulgarian">
         <wf lemma="национален" pos="X">национален</wf>
         <instance id="d000.s1842.t000" lemma="дълг" pos="NOUN">дълг</instance>
         <wf lemma="." pos="X">.</wf>
      </sentence>
      <sentence id="d000.s1843" source="wordnet-bulgarian">
         <wf lemma="липов" pos="X">липов</wf>
         <instance id="d000.s1843.t000" lemma="мед" pos="NOUN">мед</instance>
         <wf lemma="." pos="X">.</wf>
      </sentence>
      <sentence id="d000.s1844" source="wordnet-bulgarian">
         <wf lemma="победителят" pos="X">победителят</wf>
         <wf lemma="в" pos="X">в</wf>
         <instance id="d000.s1844.t000" lemma="игра" pos="NOUN">играта</instance>
         <wf lemma="е" pos="X">е</wf>
         <wf lemma="." pos="X">.</wf>
      </sentence>
      <sentence id="d000.s1845" source="wordnet-bulgarian">
         <instance id="d000.s1845.t000" lemma="фасада" pos="NOUN">Фасадата</instance>
         <wf lemma="на" pos="X">на</wf>
         <wf lemma="ресторанта" pos="X">ресторанта</wf>
         <wf lemma="е" pos="X">е</wf>
         <wf lemma="изградена" pos="X">изградена</wf>
         <wf lemma="от" pos="X">от</wf>
         <wf lemma="огледални" pos="X">огледални</wf>
         <wf lemma="стъкла" pos="X">стъкла</wf>
         <wf lemma="." pos="X">.</wf>
      </sentence>
      <sentence id="d000.s1846" source="wordnet-bulgarian">
         <wf lemma="изпитвам" pos="X">изпитвам</wf>
         <instance id="d000.s1846.t000" lemma="влечение" pos="NOUN">влечение</instance>
         <wf lemma="." pos="X">.</wf>
      </sentence>
      <sentence id="d000.s1847" source="wordnet-bulgarian">
         <wf lemma="поредно" pos="X">поредно</wf>
         <instance id="d000.s1847.t000" lemma="препятствие" pos="NOUN">препятствие</instance>
         <wf lemma="." pos="X">.</wf>
      </sentence>
      <sentence id="d000.s1848" source="wordnet-bulgarian">
         <instance id="d000.s1848.t000" lemma="риза" pos="NOUN">риза</instance>
         <wf lemma="от" pos="X">от</wf>
         <wf lemma="." pos="X">.</wf>
      </sentence>
      <sentence id="d000.s1849" source="wordnet-bulgarian">
         <wf lemma="Обожавам" pos="X">Обожавам</wf>
         <wf lemma="студено" pos="X">студено</wf>
         <wf lemma="бяло" pos="X">бяло</wf>
         <instance id="d000.s1849.t000" lemma="вино" pos="NOUN">вино</instance>
         <wf lemma="." pos="X">.</wf>
      </sentence>
      <sentence id="d000.s1850" source="wordnet-bulgarian">
         <instance id="d000.s1850.t000" lemma="царство" pos="NOUN">царството</instance>
         <wf lemma="на" pos="X">на</wf>
         <wf lemma="разума" pos="X">разума</wf>
         <wf lemma="." pos="X">.</wf>
      </sentence>
      <sentence id="d000.s1851" source="wordnet-bulgarian">
         <wf lemma="петолъчна" pos="X">петолъчна</wf>
         <instance id="d000.s1851.t000" lemma="звезда" pos="NOUN">звезда</instance>
         <wf lemma="." pos="X">.</wf>
      </sentence>
      <sentence id="d000.s1852" source="wordnet-bulgarian">
         <wf lemma="инвалидна" pos="X">инвалидна</wf>
         <instance id="d000.s1852.t000" lemma="количка" pos="NOUN">количка</instance>
         <wf lemma="." pos="X">.</wf>
      </sentence>
      <sentence id="d000.s1853" source="wordnet-bulgarian">
         <wf lemma="отварям" pos="X">отварям</wf>
         <instance id="d000.s1853.t000" lemma="буркан" pos="NOUN">буркан</instance>
         <wf lemma="." pos="X">.</wf>
      </sentence>
      <sentence id="d000.s1854" source="wordnet-bulgarian">
         <wf lemma="детско" pos="X">детско</wf>
         <instance id="d000.s1854.t000" lemma="легло" pos="NOUN">легло</instance>
         <wf lemma="." pos="X">.</wf>
      </sentence>
      <sentence id="d000.s1855" source="wordnet-bulgarian">
         <instance id="d000.s1855.t000" lemma="опасение" pos="NOUN">Опасенията</instance>
         <wf lemma="му" pos="X">му</wf>
         <wf lemma="се" pos="X">се</wf>
         <wf lemma="сбъднаха" pos="X">сбъднаха</wf>
         <wf lemma="." pos="X">.</wf>
      </sentence>
      <sentence id="d000.s1856" source="wordnet-bulgarian">
         <wf lemma="Вървя" pos="X">Вървя</wf>
         <wf lemma="през" pos="X">през</wf>
         <instance id="d000.s1856.t000" lemma="гора" pos="NOUN">гората</instance>
         <wf lemma="." pos="X">.</wf>
      </sentence>
      <sentence id="d000.s1857" source="wordnet-bulgarian">
         <instance id="d000.s1857.t000" lemma="преговори" pos="NOUN">преговори</instance>
         <wf lemma="между" pos="X">между</wf>
         <wf lemma="." pos="X">.</wf>
      </sentence>
      <sentence id="d000.s1858" source="wordnet-bulgarian">
         <wf lemma="ям" pos="X">ям</wf>
         <instance id="d000.s1858.t000" lemma="банан" pos="NOUN">банан</instance>
         <wf lemma="." pos="X">.</wf>
      </sentence>
      <sentence id="d000.s1859" source="wordnet-bulgarian">
         <instance id="d000.s1859.t000" lemma="технология" pos="NOUN">Технология</instance>
         <wf lemma="на" pos="X">на</wf>
         <wf lemma="металите" pos="X">металите</wf>
         <wf lemma="." pos="X">.</wf>
      </sentence>
      <sentence id="d000.s1860" source="wordnet-bulgarian">
         <instance id="d000.s1860.t000" lemma="почитам" pos="VERB">почитам</instance>
         <wf lemma="родителите" pos="X">родителите</wf>
         <wf lemma="си" pos="X">си</wf>
         <wf lemma="." pos="X">.</wf>
      </sentence>
      <sentence id="d000.s1861" source="wordnet-bulgarian">
         <wf lemma="Около" pos="X">Около</wf>
         <wf lemma="обяд" pos="X">обяд</wf>
         <instance id="d000.s1861.t000" lemma="мъгла" pos="NOUN">мъглата</instance>
         <wf lemma="се" pos="X">се</wf>
         <wf lemma="вдигна" pos="X">вдигна</wf>
         <wf lemma="." pos="X">.</wf>
      </sentence>
      <sentence id="d000.s1862" source="wordnet-bulgarian">
         <wf lemma="продавам" pos="X">продавам</wf>
         <wf lemma="на" pos="X">на</wf>
         <instance id="d000.s1862.t000" lemma="загуба" pos="NOUN">загуба</instance>
         <wf lemma="." pos="X">.</wf>
      </sentence>
      <sentence id="d000.s1863" source="wordnet-bulgarian">
         <instance id="d000.s1863.t000" lemma="двор" pos="NOUN">двор</instance>
         <wf lemma="на" pos="X">на</wf>
         <wf lemma="къща" pos="X">къща</wf>
         <wf lemma="." pos="X">.</wf>
      </sentence>
      <sentence id="d000.s1864" source="wordnet-bulgarian">
         <instance id="d000.s1864.t000" lemma="полагам" pos="VERB">Полагам</instance>
         <wf lemma="внимателно" pos="X">внимателно</wf>
         <wf lemma="пациента" pos="X">пациента</wf>
         <wf lemma="на" pos="X">на</wf>
         <wf lemma="леглото" pos="X">леглото</wf>
         <wf lemma="." pos="X">.</wf>
      </sentence>
      <sentence id="d000.s1865" source="wordnet-bulgarian">
         <wf lemma="изказвам" pos="X">изказвам</wf>
         <instance id="d000.s1865.t000" lemma="предположение" pos="NOUN">предположение</instance>
         <wf lemma="." pos="X">.</wf>
      </sentence>
      <sentence id="d000.s1866" source="wordnet-bulgarian">
         <wf lemma="Искам" pos="X">Искам</wf>
         <wf lemma="да" pos="X">да</wf>
         <wf lemma="защитя" pos="X">защитя</wf>
         <wf lemma="добрата" pos="X">добрата</wf>
         <wf lemma="си" pos="X">си</wf>
         <instance id="d000.s1866.t000" lemma="репутация" pos="NOUN">репутация</instance>
         <wf lemma="." pos="X">.</wf>
      </sentence>
      <sentence id="d000.s1867" source="wordnet-bulgarian">
         <wf lemma="Едно" pos="X">Едно</wf>
         <instance id="d000.s1867.t000" lemma="козле" pos="NOUN">козле</instance>
         <wf lemma="тичаше" pos="X">тичаше</wf>
         <wf lemma="по" pos="X">по</wf>
         <wf lemma="поляната" pos="X">поляната</wf>
         <wf lemma="." pos="X">.</wf>
      </sentence>
      <sentence id="d000.s1868" source="wordnet-bulgarian">
         <wf lemma="Отдавам" pos="X">Отдавам</wf>
         <instance id="d000.s1868.t000" lemma="предпочитание" pos="NOUN">предпочитание</instance>
         <wf lemma="на" pos="X">на</wf>
         <wf lemma="нещо" pos="X">нещо</wf>
         <wf lemma="." pos="X">.</wf>
      </sentence>
      <sentence id="d000.s1869" source="wordnet-bulgarian">
         <wf lemma="стоя" pos="X">стоя</wf>
         <wf lemma="на" pos="X">на</wf>
         <instance id="d000.s1869.t000" lemma="опашка" pos="NOUN">опашка</instance>
         <wf lemma="." pos="X">.</wf>
      </sentence>
      <sentence id="d000.s1870" source="wordnet-bulgarian">
         <wf lemma="главна" pos="X">главна</wf>
         <instance id="d000.s1870.t000" lemma="роля" pos="NOUN">роля</instance>
         <wf lemma="." pos="X">.</wf>
      </sentence>
      <sentence id="d000.s1871" source="wordnet-bulgarian">
         <wf lemma="майска" pos="X">майска</wf>
         <instance id="d000.s1871.t000" lemma="вечер" pos="NOUN">вечер</instance>
         <wf lemma="." pos="X">.</wf>
      </sentence>
      <sentence id="d000.s1872" source="wordnet-bulgarian">
         <wf lemma="мъчително" pos="X">мъчително</wf>
         <instance id="d000.s1872.t000" lemma="очакване" pos="NOUN">очакване</instance>
         <wf lemma="." pos="X">.</wf>
      </sentence>
      <sentence id="d000.s1873" source="wordnet-bulgarian">
         <instance id="d000.s1873.t000" lemma="мятам" pos="VERB">мятам</instance>
         <wf lemma="бомба" pos="X">бомба</wf>
         <wf lemma="." pos="X">.</wf>
      </sentence>
      <sentence id="d000.s1874" source="wordnet-bulgarian">
         <instance id="d000.s1874.t000" lemma="ставам" pos="VERB">ставам</instance>
         <wf lemma="от" pos="X">от</wf>
         <wf lemma="стола" pos="X">стола</wf>
         <wf lemma="." pos="X">.</wf>
      </sentence>
      <sentence id="d000.s1875" source="wordnet-bulgarian">
         <wf lemma="слухов" pos="X">слухов</wf>
         <instance id="d000.s1875.t000" lemma="орган" pos="NOUN">орган</instance>
         <wf lemma="." pos="X">.</wf>
      </sentence>
      <sentence id="d000.s1876" source="wordnet-bulgarian">
         <wf lemma="Ние" pos="X">Ние</wf>
         <wf lemma="сме" pos="X">сме</wf>
         <wf lemma="достойни" pos="X">достойни</wf>
         <wf lemma="синове" pos="X">синове</wf>
         <wf lemma="на" pos="X">на</wf>
         <wf lemma="славните" pos="X">славните</wf>
         <wf lemma="ни" pos="X">ни</wf>
         <instance id="d000.s1876.t000" lemma="праотец" pos="NOUN">праотци</instance>
         <wf lemma="." pos="X">.</wf>
      </sentence>
      <sentence id="d000.s1877" source="wordnet-bulgarian">
         <wf lemma="уча" pos="X">уча</wf>
         <instance id="d000.s1877.t000" lemma="богословие" pos="NOUN">богословие</instance>
         <wf lemma="." pos="X">.</wf>
      </sentence>
      <sentence id="d000.s1878" source="wordnet-bulgarian">
         <wf lemma="бели" pos="X">бели</wf>
         <instance id="d000.s1878.t000" lemma="зъб" pos="NOUN">зъби</instance>
         <wf lemma="." pos="X">.</wf>
      </sentence>
      <sentence id="d000.s1879" source="wordnet-bulgarian">
         <wf lemma="На" pos="X">На</wf>
         <wf lemma="Луната" pos="X">Луната</wf>
         <wf lemma="няма" pos="X">няма</wf>
         <instance id="d000.s1879.t000" lemma="живот" pos="NOUN">живот</instance>
         <wf lemma="." pos="X">.</wf>
      </sentence>
      <sentence id="d000.s1880" source="wordnet-bulgarian">
         <wf lemma="търговски" pos="X">търговски</wf>
         <instance id="d000.s1880.t000" lemma="обмен" pos="NOUN">обмен</instance>
         <wf lemma="." pos="X">.</wf>
      </sentence>
      <sentence id="d000.s1881" source="wordnet-bulgarian">
         <wf lemma="противникова" pos="X">противникова</wf>
         <instance id="d000.s1881.t000" lemma="врата" pos="NOUN">врата</instance>
         <wf lemma="." pos="X">.</wf>
      </sentence>
      <sentence id="d000.s1882" source="wordnet-bulgarian">
         <instance id="d000.s1882.t000" lemma="амфетамин" pos="NOUN">Амфетамините</instance>
         <wf lemma="се" pos="X">се</wf>
         <wf lemma="използват" pos="X">използват</wf>
         <wf lemma="за" pos="X">за</wf>
         <wf lemma="лечение" pos="X">лечение</wf>
         <wf lemma="на" pos="X">на</wf>
         <wf lemma="някои" pos="X">някои</wf>
         <wf lemma="форми" pos="X">форми</wf>
         <wf lemma="на" pos="X">на</wf>
         <wf lemma="депресия" pos="X">депресия</wf>
         <wf lemma="." pos="X">.</wf>
      </sentence>
      <sentence id="d000.s1883" source="wordnet-bulgarian">
         <instance id="d000.s1883.t000" lemma="училище" pos="NOUN">Училището</instance>
         <wf lemma="е" pos="X">е</wf>
         <wf lemma="построено" pos="X">построено</wf>
         <wf lemma="още" pos="X">още</wf>
         <wf lemma="миналия" pos="X">миналия</wf>
         <wf lemma="век" pos="X">век</wf>
         <wf lemma="." pos="X">.</wf>
      </sentence>
      <sentence id="d000.s1884" source="wordnet-bulgarian">
         <wf lemma="отплеснат" pos="X">отплеснат</wf>
         <instance id="d000.s1884.t000" lemma="куршум" pos="NOUN">куршум</instance>
         <wf lemma="." pos="X">.</wf>
      </sentence>
      <sentence id="d000.s1885" source="wordnet-bulgarian">
         <instance id="d000.s1885.t000" lemma="дърпам" pos="VERB">дърпам</instance>
         <wf lemma="за" pos="X">за</wf>
         <wf lemma="дрехата" pos="X">дрехата</wf>
         <wf lemma="." pos="X">.</wf>
      </sentence>
      <sentence id="d000.s1886" source="wordnet-bulgarian">
         <wf lemma="Имам" pos="X">Имам</wf>
         <instance id="d000.s1886.t000" lemma="амбиция" pos="NOUN">амбиция</instance>
         <wf lemma="да" pos="X">да</wf>
         <wf lemma="завърша" pos="X">завърша</wf>
         <wf lemma="с" pos="X">с</wf>
         <wf lemma="отличен" pos="X">отличен</wf>
         <wf lemma="успех" pos="X">успех</wf>
         <wf lemma="тази" pos="X">тази</wf>
         <wf lemma="година" pos="X">година</wf>
         <wf lemma="." pos="X">.</wf>
      </sentence>
      <sentence id="d000.s1887" source="wordnet-bulgarian">
         <wf lemma="В" pos="X">В</wf>
         <instance id="d000.s1887.t000" lemma="магазин" pos="NOUN">магазина</instance>
         <wf lemma="съм" pos="X">съм</wf>
         <wf lemma="." pos="X">.</wf>
      </sentence>
      <sentence id="d000.s1888" source="wordnet-bulgarian">
         <wf lemma="Минава" pos="X">Минава</wf>
         <wf lemma="се" pos="X">се</wf>
         <wf lemma="по" pos="X">по</wf>
         <wf lemma="съвсем" pos="X">съвсем</wf>
         <wf lemma="тясна" pos="X">тясна</wf>
         <instance id="d000.s1888.t000" lemma="уличка" pos="NOUN">уличка</instance>
         <wf lemma="с" pos="X">с</wf>
         <wf lemma="много" pos="X">много</wf>
         <wf lemma="чупки" pos="X">чупки</wf>
         <wf lemma="." pos="X">.</wf>
      </sentence>
      <sentence id="d000.s1889" source="wordnet-bulgarian">
         <instance id="d000.s1889.t000" lemma="заменя" pos="VERB">Замених</instance>
         <wf lemma="старата" pos="X">старата</wf>
         <wf lemma="кола" pos="X">кола</wf>
         <wf lemma="с" pos="X">с</wf>
         <wf lemma="нова" pos="X">нова</wf>
         <wf lemma="." pos="X">.</wf>
      </sentence>
      <sentence id="d000.s1890" source="wordnet-bulgarian">
         <instance id="d000.s1890.t000" lemma="стимул" pos="NOUN">стимул</instance>
         <wf lemma="за" pos="X">за</wf>
         <wf lemma="работа" pos="X">работа</wf>
         <wf lemma="." pos="X">.</wf>
      </sentence>
      <sentence id="d000.s1891" source="wordnet-bulgarian">
         <instance id="d000.s1891.t000" lemma="тяло" pos="NOUN">тяло</instance>
         <wf lemma="на" pos="X">на</wf>
         <wf lemma="животно" pos="X">животно</wf>
         <wf lemma="." pos="X">.</wf>
      </sentence>
      <sentence id="d000.s1892" source="wordnet-bulgarian">
         <wf lemma="Ако" pos="X">Ако</wf>
         <wf lemma="позволи" pos="X">позволи</wf>
         <instance id="d000.s1892.t000" lemma="време" pos="NOUN">времето</instance>
         <wf lemma="." pos="X">.</wf>
      </sentence>
      <sentence id="d000.s1893" source="wordnet-bulgarian">
         <instance id="d000.s1893.t000" lemma="регистрация" pos="NOUN">регистрация</instance>
         <wf lemma="на" pos="X">на</wf>
         <wf lemma="фирма" pos="X">фирма</wf>
         <wf lemma="." pos="X">.</wf>
      </sentence>
      <sentence id="d000.s1894" source="wordnet-bulgarian">
         <wf lemma="правя" pos="X">правя</wf>
         <instance id="d000.s1894.t000" lemma="предложение" pos="NOUN">предложение</instance>
         <wf lemma="." pos="X">.</wf>
      </sentence>
      <sentence id="d000.s1895" source="wordnet-bulgarian">
         <wf lemma="за" pos="X">за</wf>
         <wf lemma="няколко" pos="X">няколко</wf>
         <instance id="d000.s1895.t000" lemma="ден" pos="NOUN">дни</instance>
         <wf lemma="." pos="X">.</wf>
      </sentence>
      <sentence id="d000.s1896" source="wordnet-bulgarian">
         <wf lemma="излагам" pos="X">излагам</wf>
         <wf lemma="на" pos="X">на</wf>
         <instance id="d000.s1896.t000" lemma="позор" pos="NOUN">позор</instance>
         <wf lemma="." pos="X">.</wf>
      </sentence>
      <sentence id="d000.s1897" source="wordnet-bulgarian">
         <wf lemma="лека" pos="X">лека</wf>
         <instance id="d000.s1897.t000" lemma="смърт" pos="NOUN">смърт</instance>
         <wf lemma="." pos="X">.</wf>
      </sentence>
      <sentence id="d000.s1898" source="wordnet-bulgarian">
         <wf lemma="Те" pos="X">Те</wf>
         <wf lemma="са" pos="X">са</wf>
         <wf lemma="изложени" pos="X">изложени</wf>
         <wf lemma="на" pos="X">на</wf>
         <instance id="d000.s1898.t000" lemma="въздействие" pos="NOUN">въздействието</instance>
         <wf lemma="на" pos="X">на</wf>
         <wf lemma="дъжда" pos="X">дъжда</wf>
         <wf lemma="." pos="X">.</wf>
      </sentence>
      <sentence id="d000.s1899" source="wordnet-bulgarian">
         <wf lemma="тържествен" pos="X">тържествен</wf>
         <instance id="d000.s1899.t000" lemma="концерт" pos="NOUN">концерт</instance>
         <wf lemma="." pos="X">.</wf>
      </sentence>
      <sentence id="d000.s1900" source="wordnet-bulgarian">
         <wf lemma="хидратиращ" pos="X">хидратиращ</wf>
         <instance id="d000.s1900.t000" lemma="сапун" pos="NOUN">сапун</instance>
         <wf lemma="." pos="X">.</wf>
      </sentence>
      <sentence id="d000.s1901" source="wordnet-bulgarian">
         <wf lemma="кислороден" pos="X">кислороден</wf>
         <instance id="d000.s1901.t000" lemma="апарат" pos="NOUN">апарат</instance>
         <wf lemma="." pos="X">.</wf>
      </sentence>
      <sentence id="d000.s1902" source="wordnet-bulgarian">
         <wf lemma="международно" pos="X">международно</wf>
         <instance id="d000.s1902.t000" lemma="жури" pos="NOUN">жури</instance>
         <wf lemma="." pos="X">.</wf>
      </sentence>
      <sentence id="d000.s1903" source="wordnet-bulgarian">
         <wf lemma="Вперил" pos="X">Вперил</wf>
         <instance id="d000.s1903.t000" lemma="поглед" pos="NOUN">поглед</instance>
         <wf lemma="в" pos="X">в</wf>
         <wf lemma="книгата" pos="X">книгата</wf>
         <wf lemma="." pos="X">.</wf>
      </sentence>
      <sentence id="d000.s1904" source="wordnet-bulgarian">
         <instance id="d000.s1904.t000" lemma="слънце" pos="NOUN">слънцето</instance>
         <wf lemma="грее" pos="X">грее</wf>
         <wf lemma="." pos="X">.</wf>
      </sentence>
      <sentence id="d000.s1905" source="wordnet-bulgarian">
         <wf lemma="будя" pos="X">будя</wf>
         <instance id="d000.s1905.t000" lemma="презрение" pos="NOUN">презрение</instance>
         <wf lemma="." pos="X">.</wf>
      </sentence>
      <sentence id="d000.s1906" source="wordnet-bulgarian">
         <wf lemma="Огневата" pos="X">Огневата</wf>
         <instance id="d000.s1906.t000" lemma="подготовка" pos="NOUN">подготовка</instance>
         <wf lemma="за" pos="X">за</wf>
         <wf lemma="атаката" pos="X">атаката</wf>
         <wf lemma="беше" pos="X">беше</wf>
         <wf lemma="ефикасна" pos="X">ефикасна</wf>
         <wf lemma="." pos="X">.</wf>
      </sentence>
      <sentence id="d000.s1907" source="wordnet-bulgarian">
         <wf lemma="по" pos="X">по</wf>
         <wf lemma="тяхна" pos="X">тяхна</wf>
         <instance id="d000.s1907.t000" lemma="покана" pos="NOUN">покана</instance>
         <wf lemma="." pos="X">.</wf>
      </sentence>
      <sentence id="d000.s1908" source="wordnet-bulgarian">
         <instance id="d000.s1908.t000" lemma="развличам" pos="VERB">Развличай</instance>
         <wf lemma="го" pos="X">го</wf>
         <wf lemma="да" pos="X">да</wf>
         <wf lemma="не" pos="X">не</wf>
         <wf lemma="скучае" pos="X">скучае</wf>
         <wf lemma="!" pos="X">!</wf>
      </sentence>
      <sentence id="d000.s1909" source="wordnet-bulgarian">
         <wf lemma="огнен" pos="X">огнен</wf>
         <instance id="d000.s1909.t000" lemma="взрив" pos="NOUN">взрив</instance>
         <wf lemma="." pos="X">.</wf>
      </sentence>
      <sentence id="d000.s1910" source="wordnet-bulgarian">
         <wf lemma="Тя" pos="X">Тя</wf>
         <instance id="d000.s1910.t000" lemma="премина" pos="VERB">премина</instance>
         <wf lemma="успешно" pos="X">успешно</wf>
         <wf lemma="изпитанието" pos="X">изпитанието</wf>
         <wf lemma="." pos="X">.</wf>
      </sentence>
      <sentence id="d000.s1911" source="wordnet-bulgarian">
         <wf lemma="скрит" pos="X">скрит</wf>
         <instance id="d000.s1911.t000" lemma="резерв" pos="NOUN">резерв</instance>
         <wf lemma="." pos="X">.</wf>
      </sentence>
      <sentence id="d000.s1912" source="wordnet-bulgarian">
         <instance id="d000.s1912.t000" lemma="дървесина" pos="NOUN">Дървесината</instance>
         <wf lemma="на" pos="X">на</wf>
         <wf lemma="това" pos="X">това</wf>
         <wf lemma="дърво" pos="X">дърво</wf>
         <wf lemma="е" pos="X">е</wf>
         <wf lemma="загнила" pos="X">загнила</wf>
         <wf lemma="." pos="X">.</wf>
      </sentence>
      <sentence id="d000.s1913" source="wordnet-bulgarian">
         <wf lemma="Няма" pos="X">Няма</wf>
         <wf lemma="никакво" pos="X">никакво</wf>
         <instance id="d000.s1913.t000" lemma="подобие" pos="NOUN">подобие</instance>
         <wf lemma="между" pos="X">между</wf>
         <wf lemma="двамата" pos="X">двамата</wf>
         <wf lemma="." pos="X">.</wf>
      </sentence>
      <sentence id="d000.s1914" source="wordnet-bulgarian">
         <wf lemma="Океанът" pos="X">Океанът</wf>
         <wf lemma="кипи" pos="X">кипи</wf>
         <wf lemma="от" pos="X">от</wf>
         <instance id="d000.s1914.t000" lemma="живот" pos="NOUN">живот</instance>
         <wf lemma="." pos="X">.</wf>
      </sentence>
      <sentence id="d000.s1915" source="wordnet-bulgarian">
         <instance id="d000.s1915.t000" lemma="ангел" pos="NOUN">ангел</instance>
         <wf lemma="на" pos="X">на</wf>
         <wf lemma="смъртта" pos="X">смъртта</wf>
         <wf lemma="." pos="X">.</wf>
      </sentence>
      <sentence id="d000.s1916" source="wordnet-bulgarian">
         <wf lemma="мъжко" pos="X">мъжко</wf>
         <instance id="d000.s1916.t000" lemma="его" pos="NOUN">его</instance>
         <wf lemma="." pos="X">.</wf>
      </sentence>
      <sentence id="d000.s1917" source="wordnet-bulgarian">
         <wf lemma="пенсионната" pos="X">пенсионната</wf>
         <instance id="d000.s1917.t000" lemma="реформа" pos="NOUN">реформа</instance>
         <wf lemma="се" pos="X">се</wf>
         <wf lemma="отлага" pos="X">отлага</wf>
         <wf lemma="." pos="X">.</wf>
      </sentence>
      <sentence id="d000.s1918" source="wordnet-bulgarian">
         <wf lemma="Изчервих" pos="X">Изчервих</wf>
         <wf lemma="се" pos="X">се</wf>
         <wf lemma="от" pos="X">от</wf>
         <instance id="d000.s1918.t000" lemma="срам" pos="NOUN">срам</instance>
         <wf lemma="." pos="X">.</wf>
      </sentence>
      <sentence id="d000.s1919" source="wordnet-bulgarian">
         <instance id="d000.s1919.t000" lemma="пренасям" pos="VERB">пренасям</instance>
         <wf lemma="през" pos="X">през</wf>
         <wf lemma="реката" pos="X">реката</wf>
         <wf lemma="." pos="X">.</wf>
      </sentence>
      <sentence id="d000.s1920" source="wordnet-bulgarian">
         <wf lemma="оправдано" pos="X">оправдано</wf>
         <instance id="d000.s1920.t000" lemma="опасение" pos="NOUN">опасение</instance>
         <wf lemma="." pos="X">.</wf>
      </sentence>
      <sentence id="d000.s1921" source="wordnet-bulgarian">
         <wf lemma="обикновен" pos="X">обикновен</wf>
         <instance id="d000.s1921.t000" lemma="наблюдател" pos="NOUN">наблюдател</instance>
         <wf lemma="." pos="X">.</wf>
      </sentence>
      <sentence id="d000.s1922" source="wordnet-bulgarian">
         <wf lemma="златна" pos="X">златна</wf>
         <instance id="d000.s1922.t000" lemma="монета" pos="NOUN">монета</instance>
         <wf lemma="." pos="X">.</wf>
      </sentence>
      <sentence id="d000.s1923" source="wordnet-bulgarian">
         <instance id="d000.s1923.t000" lemma="мач" pos="NOUN">мач</instance>
         <wf lemma="по" pos="X">по</wf>
         <wf lemma="хандбал" pos="X">хандбал</wf>
         <wf lemma="." pos="X">.</wf>
      </sentence>
      <sentence id="d000.s1924" source="wordnet-bulgarian">
         <instance id="d000.s1924.t000" lemma="затворник" pos="NOUN">Затворникът</instance>
         <wf lemma="е" pos="X">е</wf>
         <wf lemma="много" pos="X">много</wf>
         <wf lemma="опасен" pos="X">опасен</wf>
         <wf lemma="и" pos="X">и</wf>
         <wf lemma="трябва" pos="X">трябва</wf>
         <wf lemma="да" pos="X">да</wf>
         <wf lemma="внимаваме" pos="X">внимаваме</wf>
         <wf lemma="." pos="X">.</wf>
      </sentence>
      <sentence id="d000.s1925" source="wordnet-bulgarian">
         <wf lemma="Пред" pos="X">Пред</wf>
         <wf lemma="мен" pos="X">мен</wf>
         <wf lemma="се" pos="X">се</wf>
         <wf lemma="откри" pos="X">откри</wf>
         <wf lemma="приказен" pos="X">приказен</wf>
         <instance id="d000.s1925.t000" lemma="пейзаж" pos="NOUN">пейзаж</instance>
         <wf lemma="." pos="X">.</wf>
      </sentence>
      <sentence id="d000.s1926" source="wordnet-bulgarian">
         <wf lemma="изгаряща" pos="X">изгаряща</wf>
         <instance id="d000.s1926.t000" lemma="мъка" pos="NOUN">мъка</instance>
         <wf lemma="." pos="X">.</wf>
      </sentence>
      <sentence id="d000.s1927" source="wordnet-bulgarian">
         <wf lemma="първа" pos="X">първа</wf>
         <instance id="d000.s1927.t000" lemma="любов" pos="NOUN">любов</instance>
         <wf lemma="." pos="X">.</wf>
      </sentence>
      <sentence id="d000.s1928" source="wordnet-bulgarian">
         <wf lemma="Бурята" pos="X">Бурята</wf>
         <wf lemma="се" pos="X">се</wf>
         <wf lemma="развихри" pos="X">развихри</wf>
         <wf lemma="с" pos="X">с</wf>
         <wf lemma="цялата" pos="X">цялата</wf>
         <wf lemma="си" pos="X">си</wf>
         <instance id="d000.s1928.t000" lemma="сила" pos="NOUN">сила</instance>
         <wf lemma="." pos="X">.</wf>
      </sentence>
      <sentence id="d000.s1929" source="wordnet-bulgarian">
         <instance id="d000.s1929.t000" lemma="отпечатък" pos="NOUN">отпечатъци</instance>
         <wf lemma="от" pos="X">от</wf>
         <wf lemma="." pos="X">.</wf>
      </sentence>
      <sentence id="d000.s1930" source="wordnet-bulgarian">
         <instance id="d000.s1930.t000" lemma="кампания" pos="NOUN">кампания</instance>
         <wf lemma="за" pos="X">за</wf>
         <wf lemma="." pos="X">.</wf>
      </sentence>
      <sentence id="d000.s1931" source="wordnet-bulgarian">
         <wf lemma="буржоазна" pos="X">буржоазна</wf>
         <instance id="d000.s1931.t000" lemma="република" pos="NOUN">република</instance>
         <wf lemma="." pos="X">.</wf>
      </sentence>
      <sentence id="d000.s1932" source="wordnet-bulgarian">
         <wf lemma="гористо" pos="X">гористо</wf>
         <instance id="d000.s1932.t000" lemma="място" pos="NOUN">място</instance>
         <wf lemma="." pos="X">.</wf>
      </sentence>
      <sentence id="d000.s1933" source="wordnet-bulgarian">
         <instance id="d000.s1933.t000" lemma="търся" pos="VERB">Търся</instance>
         <wf lemma="си" pos="X">си</wf>
         <wf lemma="другар" pos="X">другар</wf>
         <wf lemma="." pos="X">.</wf>
      </sentence>
      <sentence id="d000.s1934" source="wordnet-bulgarian">
         <instance id="d000.s1934.t000" lemma="имам" pos="VERB">имам</instance>
         <wf lemma="добро" pos="X">добро</wf>
         <wf lemma="сърце" pos="X">сърце</wf>
         <wf lemma="." pos="X">.</wf>
      </sentence>
      <sentence id="d000.s1935" source="wordnet-bulgarian">
         <wf lemma="Къде" pos="X">Къде</wf>
         <wf lemma="е" pos="X">е</wf>
         <instance id="d000.s1935.t000" lemma="уловка" pos="NOUN">уловката</instance>
         <wf lemma="?" pos="X">?</wf>
      </sentence>
      <sentence id="d000.s1936" source="wordnet-bulgarian">
         <wf lemma="кукерски" pos="X">кукерски</wf>
         <instance id="d000.s1936.t000" lemma="маска" pos="NOUN">маски</instance>
         <wf lemma="." pos="X">.</wf>
      </sentence>
      <sentence id="d000.s1937" source="wordnet-bulgarian">
         <wf lemma="въглехидратна" pos="X">въглехидратна</wf>
         <instance id="d000.s1937.t000" lemma="калория" pos="NOUN">калория</instance>
         <wf lemma="." pos="X">.</wf>
      </sentence>
      <sentence id="d000.s1938" source="wordnet-bulgarian">
         <wf lemma="автомобилна" pos="X">автомобилна</wf>
         <instance id="d000.s1938.t000" lemma="писта" pos="NOUN">писта</instance>
         <wf lemma="." pos="X">.</wf>
      </sentence>
      <sentence id="d000.s1939" source="wordnet-bulgarian">
         <instance id="d000.s1939.t000" lemma="модел" pos="NOUN">модел</instance>
         <wf lemma="на" pos="X">на</wf>
         <wf lemma="дреха" pos="X">дреха</wf>
         <wf lemma="." pos="X">.</wf>
      </sentence>
      <sentence id="d000.s1940" source="wordnet-bulgarian">
         <wf lemma="големоглав" pos="X">големоглав</wf>
         <instance id="d000.s1940.t000" lemma="изрод" pos="NOUN">изрод</instance>
         <wf lemma="." pos="X">.</wf>
      </sentence>
      <sentence id="d000.s1941" source="wordnet-bulgarian">
         <wf lemma="по" pos="X">по</wf>
         <wf lemma="всяко" pos="X">всяко</wf>
         <wf lemma="време" pos="X">време</wf>
         <wf lemma="на" pos="X">на</wf>
         <instance id="d000.s1941.t000" lemma="година" pos="NOUN">годината</instance>
         <wf lemma="." pos="X">.</wf>
      </sentence>
      <sentence id="d000.s1942" source="wordnet-bulgarian">
         <wf lemma="бейзболна" pos="X">бейзболна</wf>
         <instance id="d000.s1942.t000" lemma="шапка" pos="NOUN">шапка</instance>
         <wf lemma="." pos="X">.</wf>
      </sentence>
      <sentence id="d000.s1943" source="wordnet-bulgarian">
         <wf lemma="в" pos="X">в</wf>
         <instance id="d000.s1943.t000" lemma="лаборатория" pos="NOUN">лабораторията</instance>
         <wf lemma="." pos="X">.</wf>
      </sentence>
      <sentence id="d000.s1944" source="wordnet-bulgarian">
         <wf lemma="въздушен" pos="X">въздушен</wf>
         <instance id="d000.s1944.t000" lemma="бой" pos="NOUN">бой</instance>
         <wf lemma="." pos="X">.</wf>
      </sentence>
      <sentence id="d000.s1945" source="wordnet-bulgarian">
         <instance id="d000.s1945.t000" lemma="притежател" pos="NOUN">притежател</instance>
         <wf lemma="на" pos="X">на</wf>
         <wf lemma="имот" pos="X">имот</wf>
         <wf lemma="." pos="X">.</wf>
      </sentence>
      <sentence id="d000.s1946" source="wordnet-bulgarian">
         <wf lemma="Той" pos="X">Той</wf>
         <wf lemma="е" pos="X">е</wf>
         <wf lemma="добър" pos="X">добър</wf>
         <instance id="d000.s1946.t000" lemma="икономист" pos="NOUN">икономист</instance>
         <wf lemma="." pos="X">.</wf>
      </sentence>
      <sentence id="d000.s1947" source="wordnet-bulgarian">
         <wf lemma="многобройна" pos="X">многобройна</wf>
         <instance id="d000.s1947.t000" lemma="публика" pos="NOUN">публика</instance>
         <wf lemma="." pos="X">.</wf>
      </sentence>
      <sentence id="d000.s1948" source="wordnet-bulgarian">
         <wf lemma="държавна" pos="X">държавна</wf>
         <instance id="d000.s1948.t000" lemma="такса" pos="NOUN">такса</instance>
         <wf lemma="." pos="X">.</wf>
      </sentence>
      <sentence id="d000.s1949" source="wordnet-bulgarian">
         <wf lemma="Робството" pos="X">Робството</wf>
         <wf lemma="беше" pos="X">беше</wf>
         <instance id="d000.s1949.t000" lemma="отменя" pos="VERB">отменено</instance>
         <wf lemma="в" pos="X">в</wf>
         <wf lemma="средата" pos="X">средата</wf>
         <wf lemma="на" pos="X">на</wf>
         <wf lemma="19" pos="X">19</wf>
         <wf lemma="." pos="X">.</wf>
         <wf lemma="век" pos="X">век</wf>
         <wf lemma="в" pos="X">в</wf>
         <wf lemma="Америка" pos="X">Америка</wf>
         <wf lemma="и" pos="X">и</wf>
         <wf lemma="Русия" pos="X">Русия</wf>
         <wf lemma="." pos="X">.</wf>
      </sentence>
      <sentence id="d000.s1950" source="wordnet-bulgarian">
         <wf lemma="бързо" pos="X">бързо</wf>
         <instance id="d000.s1950.t000" lemma="разследване" pos="NOUN">разследване</instance>
         <wf lemma="." pos="X">.</wf>
      </sentence>
      <sentence id="d000.s1951" source="wordnet-bulgarian">
         <wf lemma="в" pos="X">в</wf>
         <instance id="d000.s1951.t000" lemma="двор" pos="NOUN">двора</instance>
         <wf lemma="." pos="X">.</wf>
      </sentence>
      <sentence id="d000.s1952" source="wordnet-bulgarian">
         <wf lemma="радостни" pos="X">радостни</wf>
         <instance id="d000.s1952.t000" lemma="чувство" pos="NOUN">чувства</instance>
         <wf lemma="." pos="X">.</wf>
      </sentence>
      <sentence id="d000.s1953" source="wordnet-bulgarian">
         <wf lemma="луксозна" pos="X">луксозна</wf>
         <instance id="d000.s1953.t000" lemma="мотриса" pos="NOUN">мотриса</instance>
         <wf lemma="." pos="X">.</wf>
      </sentence>
      <sentence id="d000.s1954" source="wordnet-bulgarian">
         <wf lemma="сметка" pos="X">сметка</wf>
         <wf lemma="на" pos="X">на</wf>
         <instance id="d000.s1954.t000" lemma="консуматор" pos="NOUN">консуматор</instance>
         <wf lemma="." pos="X">.</wf>
      </sentence>
      <sentence id="d000.s1955" source="wordnet-bulgarian">
         <wf lemma="отивам" pos="X">отивам</wf>
         <wf lemma="на" pos="X">на</wf>
         <instance id="d000.s1955.t000" lemma="прием" pos="NOUN">прием</instance>
         <wf lemma="." pos="X">.</wf>
      </sentence>
      <sentence id="d000.s1956" source="wordnet-bulgarian">
         <wf lemma="Селото" pos="X">Селото</wf>
         <wf lemma="е" pos="X">е</wf>
         <wf lemma="разположено" pos="X">разположено</wf>
         <wf lemma="на" pos="X">на</wf>
         <instance id="d000.s1956.t000" lemma="височина" pos="NOUN">височината</instance>
         <wf lemma="." pos="X">.</wf>
      </sentence>
      <sentence id="d000.s1957" source="wordnet-bulgarian">
         <instance id="d000.s1957.t000" lemma="картоф" pos="NOUN">Картофът</instance>
         <wf lemma="е" pos="X">е</wf>
         <wf lemma="пренесен" pos="X">пренесен</wf>
         <wf lemma="в" pos="X">в</wf>
         <wf lemma="Европа" pos="X">Европа</wf>
         <wf lemma="от" pos="X">от</wf>
         <wf lemma="Южна" pos="X">Южна</wf>
         <wf lemma="Америка" pos="X">Америка</wf>
         <wf lemma="." pos="X">.</wf>
      </sentence>
      <sentence id="d000.s1958" source="wordnet-bulgarian">
         <instance id="d000.s1958.t000" lemma="круиз" pos="NOUN">круиз</instance>
         <wf lemma="с" pos="X">с</wf>
         <wf lemma="кораб" pos="X">кораб</wf>
         <wf lemma="." pos="X">.</wf>
      </sentence>
      <sentence id="d000.s1959" source="wordnet-bulgarian">
         <wf lemma="преносима" pos="X">преносима</wf>
         <instance id="d000.s1959.t000" lemma="кошарка" pos="NOUN">кошарка</instance>
         <wf lemma="." pos="X">.</wf>
      </sentence>
      <sentence id="d000.s1960" source="wordnet-bulgarian">
         <instance id="d000.s1960.t000" lemma="история" pos="NOUN">Историята</instance>
         <wf lemma="," pos="X">,</wf>
         <wf lemma="която" pos="X">която</wf>
         <wf lemma="ми" pos="X">ми</wf>
         <wf lemma="разказа" pos="X">разказа</wf>
         <wf lemma="ме" pos="X">ме</wf>
         <wf lemma="развесели" pos="X">развесели</wf>
         <wf lemma="." pos="X">.</wf>
      </sentence>
      <sentence id="d000.s1961" source="wordnet-bulgarian">
         <instance id="d000.s1961.t000" lemma="секретар" pos="NOUN">секретар</instance>
         <wf lemma="на" pos="X">на</wf>
         <wf lemma="директор" pos="X">директор</wf>
         <wf lemma="." pos="X">.</wf>
      </sentence>
      <sentence id="d000.s1962" source="wordnet-bulgarian">
         <wf lemma="проявявам" pos="X">проявявам</wf>
         <instance id="d000.s1962.t000" lemma="воля" pos="NOUN">воля</instance>
         <wf lemma="." pos="X">.</wf>
      </sentence>
      <sentence id="d000.s1963" source="wordnet-bulgarian">
         <instance id="d000.s1963.t000" lemma="бягство" pos="NOUN">бягство</instance>
         <wf lemma="от" pos="X">от</wf>
         <wf lemma="училище" pos="X">училище</wf>
         <wf lemma="." pos="X">.</wf>
      </sentence>
      <sentence id="d000.s1964" source="wordnet-bulgarian">
         <instance id="d000.s1964.t000" lemma="търговец" pos="NOUN">търговец</instance>
         <wf lemma="на" pos="X">на</wf>
         <wf lemma="." pos="X">.</wf>
      </sentence>
      <sentence id="d000.s1965" source="wordnet-bulgarian">
         <wf lemma="ситен" pos="X">ситен</wf>
         <instance id="d000.s1965.t000" lemma="дъжд" pos="NOUN">дъжд</instance>
         <wf lemma="." pos="X">.</wf>
      </sentence>
      <sentence id="d000.s1966" source="wordnet-bulgarian">
         <wf lemma="Той" pos="X">Той</wf>
         <wf lemma="няма" pos="X">няма</wf>
         <wf lemma="да" pos="X">да</wf>
         <wf lemma="се" pos="X">се</wf>
         <wf lemma="размине" pos="X">размине</wf>
         <wf lemma="без" pos="X">без</wf>
         <instance id="d000.s1966.t000" lemma="операция" pos="NOUN">операция</instance>
         <wf lemma="." pos="X">.</wf>
      </sentence>
      <sentence id="d000.s1967" source="wordnet-bulgarian">
         <instance id="d000.s1967.t000" lemma="гадже" pos="NOUN">Гаджето</instance>
         <wf lemma="ме" pos="X">ме</wf>
         <wf lemma="чака" pos="X">чака</wf>
         <wf lemma="." pos="X">.</wf>
      </sentence>
      <sentence id="d000.s1968" source="wordnet-bulgarian">
         <wf lemma="едно" pos="X">едно</wf>
         <instance id="d000.s1968.t000" lemma="десетилетие" pos="NOUN">десетилетие</instance>
         <wf lemma="." pos="X">.</wf>
      </sentence>
      <sentence id="d000.s1969" source="wordnet-bulgarian">
         <wf lemma="учител" pos="X">учител</wf>
         <wf lemma="по" pos="X">по</wf>
         <instance id="d000.s1969.t000" lemma="музика" pos="NOUN">музика</instance>
         <wf lemma="." pos="X">.</wf>
      </sentence>
      <sentence id="d000.s1970" source="wordnet-bulgarian">
         <wf lemma="българска" pos="X">българска</wf>
         <instance id="d000.s1970.t000" lemma="граматика" pos="NOUN">граматика</instance>
         <wf lemma="." pos="X">.</wf>
      </sentence>
      <sentence id="d000.s1971" source="wordnet-bulgarian">
         <wf lemma="нервни" pos="X">нервни</wf>
         <instance id="d000.s1971.t000" lemma="жестикулация" pos="NOUN">жестикулации</instance>
         <wf lemma="с" pos="X">с</wf>
         <wf lemma="ръцете" pos="X">ръцете</wf>
         <wf lemma="." pos="X">.</wf>
      </sentence>
      <sentence id="d000.s1972" source="wordnet-bulgarian">
         <wf lemma="няма" pos="X">няма</wf>
         <wf lemma="особен" pos="X">особен</wf>
         <instance id="d000.s1972.t000" lemma="избор" pos="NOUN">избор</instance>
         <wf lemma="." pos="X">.</wf>
      </sentence>
      <sentence id="d000.s1973" source="wordnet-bulgarian">
         <wf lemma="страшна" pos="X">страшна</wf>
         <instance id="d000.s1973.t000" lemma="мъст" pos="NOUN">мъст</instance>
         <wf lemma="." pos="X">.</wf>
      </sentence>
      <sentence id="d000.s1974" source="wordnet-bulgarian">
         <wf lemma="Той" pos="X">Той</wf>
         <wf lemma="има" pos="X">има</wf>
         <wf lemma="груб" pos="X">груб</wf>
         <wf lemma="и" pos="X">и</wf>
         <wf lemma="вулгарен" pos="X">вулгарен</wf>
         <instance id="d000.s1974.t000" lemma="език" pos="NOUN">език</instance>
         <wf lemma="." pos="X">.</wf>
      </sentence>
      <sentence id="d000.s1975" source="wordnet-bulgarian">
         <instance id="d000.s1975.t000" lemma="син" pos="NOUN">синьо</instance>
         <wf lemma="море" pos="X">море</wf>
         <wf lemma="." pos="X">.</wf>
      </sentence>
      <sentence id="d000.s1976" source="wordnet-bulgarian">
         <wf lemma="опитах" pos="X">опитах</wf>
         <wf lemma="всички" pos="X">всички</wf>
         <instance id="d000.s1976.t000" lemma="вариант" pos="NOUN">варианти</instance>
         <wf lemma="." pos="X">.</wf>
      </sentence>
      <sentence id="d000.s1977" source="wordnet-bulgarian">
         <instance id="d000.s1977.t000" lemma="месо" pos="NOUN">месо</instance>
         <wf lemma="от" pos="X">от</wf>
         <wf lemma="пиле" pos="X">пиле</wf>
         <wf lemma="." pos="X">.</wf>
      </sentence>
      <sentence id="d000.s1978" source="wordnet-bulgarian">
         <wf lemma="определям" pos="X">определям</wf>
         <instance id="d000.s1978.t000" lemma="мито" pos="NOUN">мито</instance>
         <wf lemma="." pos="X">.</wf>
      </sentence>
      <sentence id="d000.s1979" source="wordnet-bulgarian">
         <wf lemma="вътрешен" pos="X">вътрешен</wf>
         <instance id="d000.s1979.t000" lemma="заем" pos="NOUN">заем</instance>
         <wf lemma="." pos="X">.</wf>
      </sentence>
      <sentence id="d000.s1980" source="wordnet-bulgarian">
         <wf lemma="правилни" pos="X">правилни</wf>
         <instance id="d000.s1980.t000" lemma="пропорция" pos="NOUN">пропорции</instance>
         <wf lemma="на" pos="X">на</wf>
         <wf lemma="тялото" pos="X">тялото</wf>
         <wf lemma="." pos="X">.</wf>
      </sentence>
      <sentence id="d000.s1981" source="wordnet-bulgarian">
         <wf lemma="приложна" pos="X">приложна</wf>
         <instance id="d000.s1981.t000" lemma="математика" pos="NOUN">математика</instance>
         <wf lemma="." pos="X">.</wf>
      </sentence>
      <sentence id="d000.s1982" source="wordnet-bulgarian">
         <instance id="d000.s1982.t000" lemma="участък" pos="NOUN">Участък</instance>
         <wf lemma="насаден" pos="X">насаден</wf>
         <wf lemma="с" pos="X">с</wf>
         <wf lemma="царевица" pos="X">царевица</wf>
         <wf lemma="." pos="X">.</wf>
      </sentence>
      <sentence id="d000.s1983" source="wordnet-bulgarian">
         <wf lemma="Цветя," pos="X">Цветя,</wf>
         <wf lemma="отгледани" pos="X">отгледани</wf>
         <wf lemma="в" pos="X">в</wf>
         <instance id="d000.s1983.t000" lemma="парник" pos="NOUN">парник</instance>
         <wf lemma="." pos="X">.</wf>
      </sentence>
      <sentence id="d000.s1984" source="wordnet-bulgarian">
         <wf lemma="Той" pos="X">Той</wf>
         <instance id="d000.s1984.t000" lemma="предпочитам" pos="VERB">предпочиташе</instance>
         <wf lemma="да" pos="X">да</wf>
         <wf lemma="мълчи" pos="X">мълчи</wf>
         <wf lemma="," pos="X">,</wf>
         <wf lemma="вместо" pos="X">вместо</wf>
         <wf lemma="да" pos="X">да</wf>
         <wf lemma="лъже" pos="X">лъже</wf>
         <wf lemma="." pos="X">.</wf>
      </sentence>
      <sentence id="d000.s1985" source="wordnet-bulgarian">
         <wf lemma="щатна" pos="X">щатна</wf>
         <instance id="d000.s1985.t000" lemma="таблица" pos="NOUN">таблица</instance>
         <wf lemma="." pos="X">.</wf>
      </sentence>
      <sentence id="d000.s1986" source="wordnet-bulgarian">
         <wf lemma="от" pos="X">от</wf>
         <wf lemma="този" pos="X">този</wf>
         <instance id="d000.s1986.t000" lemma="миг" pos="NOUN">миг</instance>
         <wf lemma="." pos="X">.</wf>
      </sentence>
      <sentence id="d000.s1987" source="wordnet-bulgarian">
         <wf lemma="запарвам" pos="X">запарвам</wf>
         <instance id="d000.s1987.t000" lemma="чай" pos="NOUN">чай</instance>
         <wf lemma="." pos="X">.</wf>
      </sentence>
      <sentence id="d000.s1988" source="wordnet-bulgarian">
         <wf lemma="национална" pos="X">национална</wf>
         <instance id="d000.s1988.t000" lemma="гордост" pos="NOUN">гордост</instance>
         <wf lemma="." pos="X">.</wf>
      </sentence>
      <sentence id="d000.s1989" source="wordnet-bulgarian">
         <wf lemma="пеещ" pos="X">пеещ</wf>
         <instance id="d000.s1989.t000" lemma="фонтан" pos="NOUN">фонтан</instance>
         <wf lemma="." pos="X">.</wf>
      </sentence>
      <sentence id="d000.s1990" source="wordnet-bulgarian">
         <wf lemma="Казана" pos="X">Казана</wf>
         <wf lemma="дума" pos="X">дума</wf>
         <wf lemma="," pos="X">,</wf>
         <wf lemma="хвърлен" pos="X">хвърлен</wf>
         <instance id="d000.s1990.t000" lemma="камък" pos="NOUN">камък</instance>
         <wf lemma="." pos="X">.</wf>
      </sentence>
      <sentence id="d000.s1991" source="wordnet-bulgarian">
         <wf lemma="едноклетъчни" pos="X">едноклетъчни</wf>
         <instance id="d000.s1991.t000" lemma="животно" pos="NOUN">животни</instance>
         <wf lemma="." pos="X">.</wf>
      </sentence>
      <sentence id="d000.s1992" source="wordnet-bulgarian">
         <wf lemma="отправям" pos="X">отправям</wf>
         <instance id="d000.s1992.t000" lemma="възражение" pos="NOUN">възражение</instance>
         <wf lemma="към" pos="X">към</wf>
         <wf lemma="." pos="X">.</wf>
      </sentence>
      <sentence id="d000.s1993" source="wordnet-bulgarian">
         <instance id="d000.s1993.t000" lemma="морков" pos="NOUN">Морковите</instance>
         <wf lemma="имат" pos="X">имат</wf>
         <wf lemma="сравнително" pos="X">сравнително</wf>
         <wf lemma="малко" pos="X">малко</wf>
         <wf lemma="целулоза" pos="X">целулоза</wf>
         <wf lemma="." pos="X">.</wf>
      </sentence>
      <sentence id="d000.s1994" source="wordnet-bulgarian">
         <wf lemma="сковано" pos="X">сковано</wf>
         <instance id="d000.s1994.t000" lemma="движение" pos="NOUN">движение</instance>
         <wf lemma="." pos="X">.</wf>
      </sentence>
      <sentence id="d000.s1995" source="wordnet-bulgarian">
         <instance id="d000.s1995.t000" lemma="оформям" pos="VERB">оформям</instance>
         <wf lemma="сладкиш" pos="X">сладкиш</wf>
         <wf lemma="." pos="X">.</wf>
      </sentence>
      <sentence id="d000.s1996" source="wordnet-bulgarian">
         <wf lemma="отивам" pos="X">отивам</wf>
         <wf lemma="на" pos="X">на</wf>
         <instance id="d000.s1996.t000" lemma="мач" pos="NOUN">мач</instance>
         <wf lemma="." pos="X">.</wf>
      </sentence>
      <sentence id="d000.s1997" source="wordnet-bulgarian">
         <wf lemma="Този" pos="X">Този</wf>
         <wf lemma="актьор" pos="X">актьор</wf>
         <wf lemma="има" pos="X">има</wf>
         <wf lemma="интересна" pos="X">интересна</wf>
         <instance id="d000.s1997.t000" lemma="маска" pos="NOUN">маска</instance>
         <wf lemma="." pos="X">.</wf>
      </sentence>
      <sentence id="d000.s1998" source="wordnet-bulgarian">
         <instance id="d000.s1998.t000" lemma="кошарка" pos="NOUN">кошарка</instance>
         <wf lemma="за" pos="X">за</wf>
         <wf lemma="игра" pos="X">игра</wf>
         <wf lemma="." pos="X">.</wf>
      </sentence>
      <sentence id="d000.s1999" source="wordnet-bulgarian">
         <instance id="d000.s1999.t000" lemma="одобрявам" pos="VERB">Одобрявам</instance>
         <wf lemma="неговата" pos="X">неговата</wf>
         <wf lemma="образователна" pos="X">образователна</wf>
         <wf lemma="политика" pos="X">политика</wf>
         <wf lemma="." pos="X">.</wf>
      </sentence>
      <sentence id="d000.s2000" source="wordnet-bulgarian">
         <wf lemma="Бързо" pos="X">Бързо</wf>
         <instance id="d000.s2000.t000" lemma="облека" pos="VERB">облякох</instance>
         <wf lemma="палтото" pos="X">палтото</wf>
         <wf lemma="си" pos="X">си</wf>
         <wf lemma="и" pos="X">и</wf>
         <wf lemma="изтичах" pos="X">изтичах</wf>
         <wf lemma="на" pos="X">на</wf>
         <wf lemma="улицата" pos="X">улицата</wf>
         <wf lemma="." pos="X">.</wf>
      </sentence>
      <sentence id="d000.s2001" source="wordnet-bulgarian">
         <instance id="d000.s2001.t000" lemma="потупвам" pos="VERB">потупвам</instance>
         <wf lemma="по" pos="X">по</wf>
         <wf lemma="рамото" pos="X">рамото</wf>
         <wf lemma="." pos="X">.</wf>
      </sentence>
      <sentence id="d000.s2002" source="wordnet-bulgarian">
         <instance id="d000.s2002.t000" lemma="вяра" pos="NOUN">вяра</instance>
         <wf lemma="в" pos="X">в</wf>
         <wf lemma="Бог" pos="X">Бог</wf>
         <wf lemma="." pos="X">.</wf>
      </sentence>
      <sentence id="d000.s2003" source="wordnet-bulgarian">
         <wf lemma="олимпийски" pos="X">олимпийски</wf>
         <instance id="d000.s2003.t000" lemma="стадион" pos="NOUN">стадион</instance>
         <wf lemma="." pos="X">.</wf>
      </sentence>
      <sentence id="d000.s2004" source="wordnet-bulgarian">
         <wf lemma="бързина" pos="X">бързина</wf>
         <wf lemma="на" pos="X">на</wf>
         <instance id="d000.s2004.t000" lemma="превоз" pos="NOUN">превоза</instance>
         <wf lemma="." pos="X">.</wf>
      </sentence>
      <sentence id="d000.s2005" source="wordnet-bulgarian">
         <wf lemma="В" pos="X">В</wf>
         <wf lemma="далечината" pos="X">далечината</wf>
         <wf lemma="един" pos="X">един</wf>
         <instance id="d000.s2005.t000" lemma="делфин" pos="NOUN">делфин</instance>
         <wf lemma="изскочи" pos="X">изскочи</wf>
         <wf lemma="над" pos="X">над</wf>
         <wf lemma="водата" pos="X">водата</wf>
         <wf lemma="." pos="X">.</wf>
      </sentence>
      <sentence id="d000.s2006" source="wordnet-bulgarian">
         <wf lemma="Стая" pos="X">Стая</wf>
         <wf lemma="с" pos="X">с</wf>
         <wf lemma="висок" pos="X">висок</wf>
         <instance id="d000.s2006.t000" lemma="таван" pos="NOUN">таван</instance>
         <wf lemma="." pos="X">.</wf>
      </sentence>
      <sentence id="d000.s2007" source="wordnet-bulgarian">
         <wf lemma="педантична" pos="X">педантична</wf>
         <instance id="d000.s2007.t000" lemma="честност" pos="NOUN">честност</instance>
         <wf lemma="." pos="X">.</wf>
      </sentence>
      <sentence id="d000.s2008" source="wordnet-bulgarian">
         <instance id="d000.s2008.t000" lemma="засягам" pos="VERB">засягам</instance>
         <wf lemma="дълбоко" pos="X">дълбоко</wf>
         <wf lemma="." pos="X">.</wf>
      </sentence>
      <sentence id="d000.s2009" source="wordnet-bulgarian">
         <wf lemma="ще" pos="X">ще</wf>
         <wf lemma="пътувам" pos="X">пътувам</wf>
         <wf lemma="със" pos="X">със</wf>
         <instance id="d000.s2009.t000" lemma="самолет" pos="NOUN">самолет</instance>
         <wf lemma="до." pos="X">до.</wf>
      </sentence>
      <sentence id="d000.s2010" source="wordnet-bulgarian">
         <wf lemma="чета" pos="X">чета</wf>
         <wf lemma="на" pos="X">на</wf>
         <instance id="d000.s2010.t000" lemma="бюро" pos="NOUN">бюрото</instance>
         <wf lemma="." pos="X">.</wf>
      </sentence>
      <sentence id="d000.s2011" source="wordnet-bulgarian">
         <wf lemma="Децата" pos="X">Децата</wf>
         <wf lemma="са" pos="X">са</wf>
         <wf lemma="моята" pos="X">моята</wf>
         <instance id="d000.s2011.t000" lemma="гордост" pos="NOUN">гордост</instance>
         <wf lemma="." pos="X">.</wf>
      </sentence>
      <sentence id="d000.s2012" source="wordnet-bulgarian">
         <wf lemma="главен" pos="X">главен</wf>
         <instance id="d000.s2012.t000" lemma="консуматор" pos="NOUN">консуматор</instance>
         <wf lemma="на" pos="X">на</wf>
         <wf lemma="." pos="X">.</wf>
      </sentence>
      <sentence id="d000.s2013" source="wordnet-bulgarian">
         <wf lemma="обличам" pos="X">обличам</wf>
         <instance id="d000.s2013.t000" lemma="тениска" pos="NOUN">тениска</instance>
         <wf lemma="." pos="X">.</wf>
      </sentence>
      <sentence id="d000.s2014" source="wordnet-bulgarian">
         <wf lemma="подправен" pos="X">подправен</wf>
         <instance id="d000.s2014.t000" lemma="отчет" pos="NOUN">отчет</instance>
         <wf lemma="." pos="X">.</wf>
      </sentence>
      <sentence id="d000.s2015" source="wordnet-bulgarian">
         <wf lemma="локално" pos="X">локално</wf>
         <instance id="d000.s2015.t000" lemma="отопление" pos="NOUN">отопление</instance>
         <wf lemma="." pos="X">.</wf>
      </sentence>
      <sentence id="d000.s2016" source="wordnet-bulgarian">
         <wf lemma="влаголюбиво" pos="X">влаголюбиво</wf>
         <instance id="d000.s2016.t000" lemma="растение" pos="NOUN">растение</instance>
         <wf lemma="." pos="X">.</wf>
      </sentence>
      <sentence id="d000.s2017" source="wordnet-bulgarian">
         <wf lemma="силно" pos="X">силно</wf>
         <instance id="d000.s2017.t000" lemma="зрение" pos="NOUN">зрение</instance>
         <wf lemma="." pos="X">.</wf>
      </sentence>
      <sentence id="d000.s2018" source="wordnet-bulgarian">
         <wf lemma="Отдавна" pos="X">Отдавна</wf>
         <wf lemma="ме" pos="X">ме</wf>
         <wf lemma="занимава" pos="X">занимава</wf>
         <wf lemma="тази" pos="X">тази</wf>
         <instance id="d000.s2018.t000" lemma="мисъл" pos="NOUN">мисъл</instance>
         <wf lemma="." pos="X">.</wf>
      </sentence>
      <sentence id="d000.s2019" source="wordnet-bulgarian">
         <wf lemma="първо" pos="X">първо</wf>
         <instance id="d000.s2019.t000" lemma="стъпало" pos="NOUN">стъпало</instance>
         <wf lemma="." pos="X">.</wf>
      </sentence>
      <sentence id="d000.s2020" source="wordnet-bulgarian">
         <wf lemma="скъпа" pos="X">скъпа</wf>
         <instance id="d000.s2020.t000" lemma="кола" pos="NOUN">кола</instance>
         <wf lemma="." pos="X">.</wf>
      </sentence>
      <sentence id="d000.s2021" source="wordnet-bulgarian">
         <wf lemma="промени" pos="X">промени</wf>
         <wf lemma="в" pos="X">в</wf>
         <instance id="d000.s2021.t000" lemma="конституция" pos="NOUN">конституцията</instance>
         <wf lemma="." pos="X">.</wf>
      </sentence>
      <sentence id="d000.s2022" source="wordnet-bulgarian">
         <wf lemma="полиран" pos="X">полиран</wf>
         <instance id="d000.s2022.t000" lemma="мрамор" pos="NOUN">мрамор</instance>
         <wf lemma="." pos="X">.</wf>
      </sentence>
      <sentence id="d000.s2023" source="wordnet-bulgarian">
         <wf lemma="Двете" pos="X">Двете</wf>
         <wf lemma="страни" pos="X">страни</wf>
         <wf lemma="постигнаха" pos="X">постигнаха</wf>
         <instance id="d000.s2023.t000" lemma="разбирателство" pos="NOUN">разбирателство</instance>
         <wf lemma="." pos="X">.</wf>
      </sentence>
      <sentence id="d000.s2024" source="wordnet-bulgarian">
         <wf lemma="диагностична" pos="X">диагностична</wf>
         <instance id="d000.s2024.t000" lemma="лаборатория" pos="NOUN">лаборатория</instance>
         <wf lemma="." pos="X">.</wf>
      </sentence>
      <sentence id="d000.s2025" source="wordnet-bulgarian">
         <wf lemma="творчески" pos="X">творчески</wf>
         <instance id="d000.s2025.t000" lemma="способност" pos="NOUN">способности</instance>
         <wf lemma="." pos="X">.</wf>
      </sentence>
      <sentence id="d000.s2026" source="wordnet-bulgarian">
         <instance id="d000.s2026.t000" lemma="голям" pos="ADJ">голям</instance>
         <wf lemma="град" pos="X">град</wf>
         <wf lemma="." pos="X">.</wf>
      </sentence>
      <sentence id="d000.s2027" source="wordnet-bulgarian">
         <wf lemma="Тя" pos="X">Тя</wf>
         <wf lemma="имаше" pos="X">имаше</wf>
         <instance id="d000.s2027.t000" lemma="петно" pos="NOUN">петно</instance>
         <wf lemma="на" pos="X">на</wf>
         <wf lemma="блузата" pos="X">блузата</wf>
         <wf lemma="." pos="X">.</wf>
      </sentence>
      <sentence id="d000.s2028" source="wordnet-bulgarian">
         <wf lemma="тържествена" pos="X">тържествена</wf>
         <instance id="d000.s2028.t000" lemma="зала" pos="NOUN">зала</instance>
         <wf lemma="." pos="X">.</wf>
      </sentence>
      <sentence id="d000.s2029" source="wordnet-bulgarian">
         <wf lemma="медицинско" pos="X">медицинско</wf>
         <instance id="d000.s2029.t000" lemma="списание" pos="NOUN">списание</instance>
         <wf lemma="." pos="X">.</wf>
      </sentence>
      <sentence id="d000.s2030" source="wordnet-bulgarian">
         <wf lemma="развивам" pos="X">развивам</wf>
         <instance id="d000.s2030.t000" lemma="бизнес" pos="NOUN">бизнес</instance>
         <wf lemma="." pos="X">.</wf>
      </sentence>
      <sentence id="d000.s2031" source="wordnet-bulgarian">
         <wf lemma="Полицията" pos="X">Полицията</wf>
         <wf lemma="предприема" pos="X">предприема</wf>
         <instance id="d000.s2031.t000" lemma="мярка" pos="NOUN">мерки</instance>
         <wf lemma="за" pos="X">за</wf>
         <wf lemma="преодоляване" pos="X">преодоляване</wf>
         <wf lemma="на" pos="X">на</wf>
         <wf lemma="престъпността" pos="X">престъпността</wf>
         <wf lemma="." pos="X">.</wf>
      </sentence>
      <sentence id="d000.s2032" source="wordnet-bulgarian">
         <wf lemma="публичен" pos="X">публичен</wf>
         <instance id="d000.s2032.t000" lemma="търг" pos="NOUN">търг</instance>
         <wf lemma="." pos="X">.</wf>
      </sentence>
      <sentence id="d000.s2033" source="wordnet-bulgarian">
         <wf lemma="Само" pos="X">Само</wf>
         <instance id="d000.s2033.t000" lemma="спомена" pos="VERB">споменах</instance>
         <wf lemma="за" pos="X">за</wf>
         <wf lemma="пътуването" pos="X">пътуването</wf>
         <wf lemma="си" pos="X">си</wf>
         <wf lemma="." pos="X">.</wf>
      </sentence>
      <sentence id="d000.s2034" source="wordnet-bulgarian">
         <wf lemma="панаирно" pos="X">панаирно</wf>
         <instance id="d000.s2034.t000" lemma="градче" pos="NOUN">градче</instance>
         <wf lemma="." pos="X">.</wf>
      </sentence>
      <sentence id="d000.s2035" source="wordnet-bulgarian">
         <wf lemma="въоръжено" pos="X">въоръжено</wf>
         <instance id="d000.s2035.t000" lemma="въстание" pos="NOUN">въстание</instance>
         <wf lemma="." pos="X">.</wf>
      </sentence>
      <sentence id="d000.s2036" source="wordnet-bulgarian">
         <wf lemma="голяма" pos="X">голяма</wf>
         <instance id="d000.s2036.t000" lemma="тежест" pos="NOUN">тежест</instance>
         <wf lemma="." pos="X">.</wf>
      </sentence>
      <sentence id="d000.s2037" source="wordnet-bulgarian">
         <wf lemma="Той" pos="X">Той</wf>
         <wf lemma="няма" pos="X">няма</wf>
         <wf lemma="нужната" pos="X">нужната</wf>
         <instance id="d000.s2037.t000" lemma="амбиция" pos="NOUN">амбиция</instance>
         <wf lemma="да" pos="X">да</wf>
         <wf lemma="победи" pos="X">победи</wf>
         <wf lemma="." pos="X">.</wf>
      </sentence>
      <sentence id="d000.s2038" source="wordnet-bulgarian">
         <wf lemma="все" pos="X">все</wf>
         <wf lemma="още" pos="X">още</wf>
         <wf lemma="е" pos="X">е</wf>
         <instance id="d000.s2038.t000" lemma="пречка" pos="NOUN">пречка</instance>
         <wf lemma="за" pos="X">за</wf>
         <wf lemma="." pos="X">.</wf>
      </sentence>
      <sentence id="d000.s2039" source="wordnet-bulgarian">
         <wf lemma="пищен" pos="X">пищен</wf>
         <instance id="d000.s2039.t000" lemma="декор" pos="NOUN">декор</instance>
         <wf lemma="." pos="X">.</wf>
      </sentence>
      <sentence id="d000.s2040" source="wordnet-bulgarian">
         <wf lemma="вадя" pos="X">вадя</wf>
         <wf lemma="документи" pos="X">документи</wf>
         <wf lemma="от" pos="X">от</wf>
         <instance id="d000.s2040.t000" lemma="бюро" pos="NOUN">бюрото</instance>
         <wf lemma="." pos="X">.</wf>
      </sentence>
      <sentence id="d000.s2041" source="wordnet-bulgarian">
         <wf lemma="В" pos="X">В</wf>
         <wf lemma="устата" pos="X">устата</wf>
         <wf lemma="си" pos="X">си</wf>
         <wf lemma="усети" pos="X">усети</wf>
         <wf lemma="горчив" pos="X">горчив</wf>
         <instance id="d000.s2041.t000" lemma="вкус" pos="NOUN">вкус</instance>
         <wf lemma="." pos="X">.</wf>
      </sentence>
      <sentence id="d000.s2042" source="wordnet-bulgarian">
         <wf lemma="Скачам" pos="X">Скачам</wf>
         <wf lemma="от" pos="X">от</wf>
         <instance id="d000.s2042.t000" lemma="въпрос" pos="NOUN">въпрос</instance>
         <wf lemma="на" pos="X">на</wf>
         <wf lemma="въпрос" pos="X">въпрос</wf>
         <wf lemma="." pos="X">.</wf>
      </sentence>
      <sentence id="d000.s2043" source="wordnet-bulgarian">
         <wf lemma="След" pos="X">След</wf>
         <wf lemma="дълги" pos="X">дълги</wf>
         <wf lemma="размисли" pos="X">размисли</wf>
         <wf lemma="достигнах" pos="X">достигнах</wf>
         <wf lemma="до" pos="X">до</wf>
         <instance id="d000.s2043.t000" lemma="обобщение" pos="NOUN">обобщение</instance>
         <wf lemma="на" pos="X">на</wf>
         <wf lemma="проблема" pos="X">проблема</wf>
         <wf lemma="." pos="X">.</wf>
      </sentence>
      <sentence id="d000.s2044" source="wordnet-bulgarian">
         <wf lemma="вземам" pos="X">вземам</wf>
         <wf lemma="си" pos="X">си</wf>
         <instance id="d000.s2044.t000" lemma="отпуск" pos="NOUN">отпуск</instance>
         <wf lemma="." pos="X">.</wf>
      </sentence>
      <sentence id="d000.s2045" source="wordnet-bulgarian">
         <wf lemma="Поведението" pos="X">Поведението</wf>
         <wf lemma="й" pos="X">й</wf>
         <instance id="d000.s2045.t000" lemma="свидетелствам" pos="VERB">свидетелства</instance>
         <wf lemma="за" pos="X">за</wf>
         <wf lemma="нейните" pos="X">нейните</wf>
         <wf lemma="намерения" pos="X">намерения</wf>
         <wf lemma="." pos="X">.</wf>
      </sentence>
      <sentence id="d000.s2046" source="wordnet-bulgarian">
         <instance id="d000.s2046.t000" lemma="служа" pos="VERB">Служа</instance>
         <wf lemma="на" pos="X">на</wf>
         <wf lemma="отечеството" pos="X">отечеството</wf>
         <wf lemma="." pos="X">.</wf>
      </sentence>
      <sentence id="d000.s2047" source="wordnet-bulgarian">
         <wf lemma="прехвърчат" pos="X">прехвърчат</wf>
         <instance id="d000.s2047.t000" lemma="пчела" pos="NOUN">пчели</instance>
         <wf lemma="." pos="X">.</wf>
      </sentence>
      <sentence id="d000.s2048" source="wordnet-bulgarian">
         <wf lemma="благоприятна" pos="X">благоприятна</wf>
         <instance id="d000.s2048.t000" lemma="позиция" pos="NOUN">позиция</instance>
         <wf lemma="в" pos="X">в</wf>
         <wf lemma="обществото" pos="X">обществото</wf>
         <wf lemma="." pos="X">.</wf>
      </sentence>
      <sentence id="d000.s2049" source="wordnet-bulgarian">
         <wf lemma="сила" pos="X">сила</wf>
         <wf lemma="на" pos="X">на</wf>
         <instance id="d000.s2049.t000" lemma="воля" pos="NOUN">волята</instance>
         <wf lemma="." pos="X">.</wf>
      </sentence>
      <sentence id="d000.s2050" source="wordnet-bulgarian">
         <wf lemma="Настане" pos="X">Настане</wf>
         <instance id="d000.s2050.t000" lemma="вечер" pos="NOUN">вечер</instance>
         <wf lemma="." pos="X">.</wf>
      </sentence>
      <sentence id="d000.s2051" source="wordnet-bulgarian">
         <wf lemma="Вашият" pos="X">Вашият</wf>
         <instance id="d000.s2051.t000" lemma="случай" pos="NOUN">случай</instance>
         <wf lemma="е" pos="X">е</wf>
         <wf lemma="друг" pos="X">друг</wf>
         <wf lemma="." pos="X">.</wf>
      </sentence>
      <sentence id="d000.s2052" source="wordnet-bulgarian">
         <instance id="d000.s2052.t000" lemma="изпитвам" pos="VERB">изпитвам</instance>
         <wf lemma="глад" pos="X">глад</wf>
         <wf lemma="." pos="X">.</wf>
      </sentence>
      <sentence id="d000.s2053" source="wordnet-bulgarian">
         <wf lemma="адресирам" pos="X">адресирам</wf>
         <instance id="d000.s2053.t000" lemma="плик" pos="NOUN">плика</instance>
         <wf lemma="." pos="X">.</wf>
      </sentence>
      <sentence id="d000.s2054" source="wordnet-bulgarian">
         <wf lemma="купувам" pos="X">купувам</wf>
         <instance id="d000.s2054.t000" lemma="стока" pos="NOUN">стока</instance>
         <wf lemma="." pos="X">.</wf>
      </sentence>
      <sentence id="d000.s2055" source="wordnet-bulgarian">
         <wf lemma="идеално" pos="X">идеално</wf>
         <instance id="d000.s2055.t000" lemma="тяло" pos="NOUN">тяло</instance>
         <wf lemma="." pos="X">.</wf>
      </sentence>
      <sentence id="d000.s2056" source="wordnet-bulgarian">
         <wf lemma="за" pos="X">за</wf>
         <wf lemma="всяка" pos="X">всяка</wf>
         <instance id="d000.s2056.t000" lemma="грешка" pos="NOUN">грешка</instance>
         <wf lemma="има" pos="X">има</wf>
         <wf lemma="прошка" pos="X">прошка</wf>
         <wf lemma="." pos="X">.</wf>
      </sentence>
      <sentence id="d000.s2057" source="wordnet-bulgarian">
         <wf lemma="машинни" pos="X">машинни</wf>
         <instance id="d000.s2057.t000" lemma="конструкция" pos="NOUN">конструкции</instance>
         <wf lemma="." pos="X">.</wf>
      </sentence>
      <sentence id="d000.s2058" source="wordnet-bulgarian">
         <wf lemma="таен" pos="X">таен</wf>
         <instance id="d000.s2058.t000" lemma="заговор" pos="NOUN">заговор</instance>
         <wf lemma="." pos="X">.</wf>
      </sentence>
      <sentence id="d000.s2059" source="wordnet-bulgarian">
         <wf lemma="откривам" pos="X">откривам</wf>
         <instance id="d000.s2059.t000" lemma="събрание" pos="NOUN">събранието</instance>
         <wf lemma="." pos="X">.</wf>
      </sentence>
      <sentence id="d000.s2060" source="wordnet-bulgarian">
         <wf lemma="трудна" pos="X">трудна</wf>
         <instance id="d000.s2060.t000" lemma="победа" pos="NOUN">победа</instance>
         <wf lemma="." pos="X">.</wf>
      </sentence>
      <sentence id="d000.s2061" source="wordnet-bulgarian">
         <wf lemma="под" pos="X">под</wf>
         <instance id="d000.s2061.t000" lemma="тежест" pos="NOUN">тежестта</instance>
         <wf lemma="на" pos="X">на</wf>
         <wf lemma="." pos="X">.</wf>
      </sentence>
      <sentence id="d000.s2062" source="wordnet-bulgarian">
         <wf lemma="плодове" pos="X">плодове</wf>
         <wf lemma="от" pos="X">от</wf>
         <instance id="d000.s2062.t000" lemma="консерва" pos="NOUN">консерва</instance>
         <wf lemma="." pos="X">.</wf>
      </sentence>
      <sentence id="d000.s2063" source="wordnet-bulgarian">
         <wf lemma="Животът" pos="X">Животът</wf>
         <wf lemma="ви" pos="X">ви</wf>
         <wf lemma="е" pos="X">е</wf>
         <wf lemma="в" pos="X">в</wf>
         <instance id="d000.s2063.t000" lemma="безопасност" pos="NOUN">безопасност</instance>
         <wf lemma="." pos="X">.</wf>
      </sentence>
      <sentence id="d000.s2064" source="wordnet-bulgarian">
         <instance id="d000.s2064.t000" lemma="чета" pos="VERB">чета</instance>
         <wf lemma="на" pos="X">на</wf>
         <wf lemma="ум." pos="X">ум.</wf>
      </sentence>
      <sentence id="d000.s2065" source="wordnet-bulgarian">
         <instance id="d000.s2065.t000" lemma="буркан" pos="NOUN">буркан</instance>
         <wf lemma="с" pos="X">с</wf>
         <wf lemma="кисели" pos="X">кисели</wf>
         <wf lemma="краставички" pos="X">краставички</wf>
         <wf lemma="." pos="X">.</wf>
      </sentence>
      <sentence id="d000.s2066" source="wordnet-bulgarian">
         <instance id="d000.s2066.t000" lemma="заседание" pos="NOUN">заседание</instance>
         <wf lemma="на" pos="X">на</wf>
         <wf lemma="Върховния" pos="X">Върховния</wf>
         <wf lemma="съд" pos="X">съд</wf>
         <wf lemma="." pos="X">.</wf>
      </sentence>
      <sentence id="d000.s2067" source="wordnet-bulgarian">
         <wf lemma="Дървата" pos="X">Дървата</wf>
         <wf lemma="в" pos="X">в</wf>
         <instance id="d000.s2067.t000" lemma="камина" pos="NOUN">камината</instance>
         <wf lemma="бавно" pos="X">бавно</wf>
         <wf lemma="догаряха" pos="X">догаряха</wf>
         <wf lemma="." pos="X">.</wf>
      </sentence>
      <sentence id="d000.s2068" source="wordnet-bulgarian">
         <wf lemma="дълъг" pos="X">дълъг</wf>
         <instance id="d000.s2068.t000" lemma="клюн" pos="NOUN">клюн</instance>
         <wf lemma="." pos="X">.</wf>
      </sentence>
      <sentence id="d000.s2069" source="wordnet-bulgarian">
         <instance id="d000.s2069.t000" lemma="инструмент" pos="NOUN">инструмент</instance>
         <wf lemma="за" pos="X">за</wf>
         <wf lemma="рязане" pos="X">рязане</wf>
         <wf lemma="." pos="X">.</wf>
      </sentence>
      <sentence id="d000.s2070" source="wordnet-bulgarian">
         <wf lemma="гладна" pos="X">гладна</wf>
         <instance id="d000.s2070.t000" lemma="стачка" pos="NOUN">стачка</instance>
         <wf lemma="." pos="X">.</wf>
      </sentence>
      <sentence id="d000.s2071" source="wordnet-bulgarian">
         <instance id="d000.s2071.t000" lemma="шише" pos="NOUN">шише</instance>
         <wf lemma="с" pos="X">с</wf>
         <wf lemma="ракия" pos="X">ракия</wf>
         <wf lemma="." pos="X">.</wf>
      </sentence>
      <sentence id="d000.s2072" source="wordnet-bulgarian">
         <wf lemma="меки" pos="X">меки</wf>
         <instance id="d000.s2072.t000" lemma="обувка" pos="NOUN">обувки</instance>
         <wf lemma="." pos="X">.</wf>
      </sentence>
      <sentence id="d000.s2073" source="wordnet-bulgarian">
         <wf lemma="спечелвам" pos="X">спечелвам</wf>
         <instance id="d000.s2073.t000" lemma="богатство" pos="NOUN">богатство</instance>
         <wf lemma="." pos="X">.</wf>
      </sentence>
      <sentence id="d000.s2074" source="wordnet-bulgarian">
         <wf lemma="любовно" pos="X">любовно</wf>
         <instance id="d000.s2074.t000" lemma="стихотворение" pos="NOUN">стихотворение</instance>
         <wf lemma="." pos="X">.</wf>
      </sentence>
      <sentence id="d000.s2075" source="wordnet-bulgarian">
         <instance id="d000.s2075.t000" lemma="път" pos="NOUN">път</instance>
         <wf lemma="с" pos="X">с</wf>
         <wf lemma="две" pos="X">две</wf>
         <wf lemma="платна" pos="X">платна</wf>
         <wf lemma="." pos="X">.</wf>
      </sentence>
      <sentence id="d000.s2076" source="wordnet-bulgarian">
         <wf lemma="търговски" pos="X">търговски</wf>
         <instance id="d000.s2076.t000" lemma="връзка" pos="NOUN">връзки</instance>
         <wf lemma="." pos="X">.</wf>
      </sentence>
      <sentence id="d000.s2077" source="wordnet-bulgarian">
         <wf lemma="оглозган" pos="X">оглозган</wf>
         <instance id="d000.s2077.t000" lemma="кокал" pos="NOUN">кокал</instance>
         <wf lemma="." pos="X">.</wf>
      </sentence>
      <sentence id="d000.s2078" source="wordnet-bulgarian">
         <wf lemma="Завърших" pos="X">Завърших</wf>
         <wf lemma="първия" pos="X">първия</wf>
         <instance id="d000.s2078.t000" lemma="срок" pos="NOUN">срок</instance>
         <wf lemma="с" pos="X">с</wf>
         <wf lemma="отличие" pos="X">отличие</wf>
         <wf lemma="." pos="X">.</wf>
      </sentence>
      <sentence id="d000.s2079" source="wordnet-bulgarian">
         <wf lemma="на" pos="X">на</wf>
         <instance id="d000.s2079.t000" lemma="изток" pos="NOUN">изток</instance>
         <wf lemma="." pos="X">.</wf>
      </sentence>
      <sentence id="d000.s2080" source="wordnet-bulgarian">
         <wf lemma="просто" pos="X">просто</wf>
         <instance id="d000.s2080.t000" lemma="изречение" pos="NOUN">изречение</instance>
         <wf lemma="." pos="X">.</wf>
      </sentence>
      <sentence id="d000.s2081" source="wordnet-bulgarian">
         <wf lemma="доказвам" pos="X">доказвам</wf>
         <instance id="d000.s2081.t000" lemma="твърдение" pos="NOUN">твърдение</instance>
         <wf lemma="." pos="X">.</wf>
      </sentence>
      <sentence id="d000.s2082" source="wordnet-bulgarian">
         <wf lemma="Минералната" pos="X">Минералната</wf>
         <wf lemma="вода" pos="X">вода</wf>
         <wf lemma="съдържа" pos="X">съдържа</wf>
         <instance id="d000.s2082.t000" lemma="желязо" pos="NOUN">желязо</instance>
         <wf lemma="." pos="X">.</wf>
      </sentence>
      <sentence id="d000.s2083" source="wordnet-bulgarian">
         <instance id="d000.s2083.t000" lemma="жител" pos="NOUN">жител</instance>
         <wf lemma="на" pos="X">на</wf>
         <wf lemma="столицата" pos="X">столицата</wf>
         <wf lemma="." pos="X">.</wf>
      </sentence>
      <sentence id="d000.s2084" source="wordnet-bulgarian">
         <instance id="d000.s2084.t000" lemma="завръщане" pos="NOUN">завръщане</instance>
         <wf lemma="вкъщи" pos="X">вкъщи</wf>
         <wf lemma="." pos="X">.</wf>
      </sentence>
      <sentence id="d000.s2085" source="wordnet-bulgarian">
         <wf lemma="лазерен" pos="X">лазерен</wf>
         <instance id="d000.s2085.t000" lemma="детектор" pos="NOUN">детектор</instance>
         <wf lemma="." pos="X">.</wf>
      </sentence>
      <sentence id="d000.s2086" source="wordnet-bulgarian">
         <wf lemma="падна" pos="X">падна</wf>
         <wf lemma="голям" pos="X">голям</wf>
         <instance id="d000.s2086.t000" lemma="майтап" pos="NOUN">майтап</instance>
         <wf lemma="." pos="X">.</wf>
      </sentence>
      <sentence id="d000.s2087" source="wordnet-bulgarian">
         <wf lemma="Северен" pos="X">Северен</wf>
         <instance id="d000.s2087.t000" lemma="полюс" pos="NOUN">полюс</instance>
         <wf lemma="." pos="X">.</wf>
      </sentence>
      <sentence id="d000.s2088" source="wordnet-bulgarian">
         <wf lemma="получавам" pos="X">получавам</wf>
         <instance id="d000.s2088.t000" lemma="мнозинство" pos="NOUN">мнозинство</instance>
         <wf lemma="." pos="X">.</wf>
      </sentence>
      <sentence id="d000.s2089" source="wordnet-bulgarian">
         <wf lemma="стискам" pos="X">стискам</wf>
         <instance id="d000.s2089.t000" lemma="палец" pos="NOUN">палци</instance>
         <wf lemma="." pos="X">.</wf>
      </sentence>
      <sentence id="d000.s2090" source="wordnet-bulgarian">
         <wf lemma="мразовита" pos="X">мразовита</wf>
         <instance id="d000.s2090.t000" lemma="нощ" pos="NOUN">нощ</instance>
         <wf lemma="." pos="X">.</wf>
      </sentence>
      <sentence id="d000.s2091" source="wordnet-bulgarian">
         <wf lemma="обложен" pos="X">обложен</wf>
         <instance id="d000.s2091.t000" lemma="език" pos="NOUN">език</instance>
         <wf lemma="." pos="X">.</wf>
      </sentence>
      <sentence id="d000.s2092" source="wordnet-bulgarian">
         <wf lemma="правителствена" pos="X">правителствена</wf>
         <instance id="d000.s2092.t000" lemma="конференция" pos="NOUN">конференция</instance>
         <wf lemma="." pos="X">.</wf>
      </sentence>
      <sentence id="d000.s2093" source="wordnet-bulgarian">
         <instance id="d000.s2093.t000" lemma="началник" pos="NOUN">началник</instance>
         <wf lemma="на" pos="X">на</wf>
         <wf lemma="." pos="X">.</wf>
      </sentence>
      <sentence id="d000.s2094" source="wordnet-bulgarian">
         <instance id="d000.s2094.t000" lemma="човек" pos="NOUN">човекът</instance>
         <wf lemma="и" pos="X">и</wf>
         <wf lemma="природата" pos="X">природата</wf>
         <wf lemma="." pos="X">.</wf>
      </sentence>
      <sentence id="d000.s2095" source="wordnet-bulgarian">
         <instance id="d000.s2095.t000" lemma="крем" pos="NOUN">крем</instance>
         <wf lemma="за" pos="X">за</wf>
         <wf lemma="ръце" pos="X">ръце</wf>
         <wf lemma="." pos="X">.</wf>
      </sentence>
      <sentence id="d000.s2096" source="wordnet-bulgarian">
         <wf lemma="мъртви" pos="X">мъртви</wf>
         <instance id="d000.s2096.t000" lemma="език" pos="NOUN">езици</instance>
         <wf lemma="." pos="X">.</wf>
      </sentence>
      <sentence id="d000.s2097" source="wordnet-bulgarian">
         <wf lemma="жаргонен" pos="X">жаргонен</wf>
         <instance id="d000.s2097.t000" lemma="израз" pos="NOUN">израз</instance>
         <wf lemma="." pos="X">.</wf>
      </sentence>
      <sentence id="d000.s2098" source="wordnet-bulgarian">
         <wf lemma="шумен" pos="X">шумен</wf>
         <instance id="d000.s2098.t000" lemma="клас" pos="NOUN">клас</instance>
         <wf lemma="." pos="X">.</wf>
      </sentence>
      <sentence id="d000.s2099" source="wordnet-bulgarian">
         <wf lemma="танцова" pos="X">танцова</wf>
         <instance id="d000.s2099.t000" lemma="забава" pos="NOUN">забава</instance>
         <wf lemma="." pos="X">.</wf>
      </sentence>
      <sentence id="d000.s2100" source="wordnet-bulgarian">
         <instance id="d000.s2100.t000" lemma="храна" pos="NOUN">храна</instance>
         <wf lemma="за" pos="X">за</wf>
         <wf lemma="вкъщи" pos="X">вкъщи</wf>
         <wf lemma="." pos="X">.</wf>
      </sentence>
      <sentence id="d000.s2101" source="wordnet-bulgarian">
         <wf lemma="нопоклатим" pos="X">нопоклатим</wf>
         <instance id="d000.s2101.t000" lemma="дух" pos="NOUN">дух</instance>
         <wf lemma="." pos="X">.</wf>
      </sentence>
      <sentence id="d000.s2102" source="wordnet-bulgarian">
         <wf lemma="научно" pos="X">научно</wf>
         <instance id="d000.s2102.t000" lemma="явление" pos="NOUN">явление</instance>
         <wf lemma="." pos="X">.</wf>
      </sentence>
      <sentence id="d000.s2103" source="wordnet-bulgarian">
         <wf lemma="Каква" pos="X">Каква</wf>
         <wf lemma="е" pos="X">е</wf>
         <instance id="d000.s2103.t000" lemma="стойност" pos="NOUN">стойността</instance>
         <wf lemma="на" pos="X">на</wf>
         <wf lemma="." pos="X">.</wf>
      </sentence>
      <sentence id="d000.s2104" source="wordnet-bulgarian">
         <instance id="d000.s2104.t000" lemma="основа" pos="NOUN">основите</instance>
         <wf lemma="подадоха" pos="X">подадоха</wf>
         <wf lemma="." pos="X">.</wf>
      </sentence>
      <sentence id="d000.s2105" source="wordnet-bulgarian">
         <wf lemma="горещо" pos="X">горещо</wf>
         <instance id="d000.s2105.t000" lemma="лято" pos="NOUN">лято</instance>
         <wf lemma="." pos="X">.</wf>
      </sentence>
      <sentence id="d000.s2106" source="wordnet-bulgarian">
         <wf lemma="последно" pos="X">последно</wf>
         <instance id="d000.s2106.t000" lemma="стъпало" pos="NOUN">стъпало</instance>
         <wf lemma="." pos="X">.</wf>
      </sentence>
      <sentence id="d000.s2107" source="wordnet-bulgarian">
         <wf lemma="правя" pos="X">правя</wf>
         <instance id="d000.s2107.t000" lemma="реклама" pos="NOUN">реклама</instance>
         <wf lemma="на" pos="X">на</wf>
         <wf lemma="." pos="X">.</wf>
      </sentence>
      <sentence id="d000.s2108" source="wordnet-bulgarian">
         <wf lemma="Стените" pos="X">Стените</wf>
         <wf lemma="на" pos="X">на</wf>
         <wf lemma="стаята" pos="X">стаята</wf>
         <wf lemma="бяха" pos="X">бяха</wf>
         <wf lemma="изпръскани" pos="X">изпръскани</wf>
         <wf lemma="с" pos="X">с</wf>
         <instance id="d000.s2108.t000" lemma="кръв" pos="NOUN">кръв</instance>
         <wf lemma="." pos="X">.</wf>
      </sentence>
      <sentence id="d000.s2109" source="wordnet-bulgarian">
         <wf lemma="с" pos="X">с</wf>
         <wf lemma="въздишка" pos="X">въздишка</wf>
         <wf lemma="на" pos="X">на</wf>
         <instance id="d000.s2109.t000" lemma="облекчение" pos="NOUN">облекчение</instance>
         <wf lemma="." pos="X">.</wf>
      </sentence>
      <sentence id="d000.s2110" source="wordnet-bulgarian">
         <wf lemma="разумно" pos="X">разумно</wf>
         <instance id="d000.s2110.t000" lemma="вложение" pos="NOUN">вложение</instance>
         <wf lemma="." pos="X">.</wf>
      </sentence>
      <sentence id="d000.s2111" source="wordnet-bulgarian">
         <wf lemma="атмосферно" pos="X">атмосферно</wf>
         <instance id="d000.s2111.t000" lemma="налягане" pos="NOUN">налягане</instance>
         <wf lemma="." pos="X">.</wf>
      </sentence>
      <sentence id="d000.s2112" source="wordnet-bulgarian">
         <wf lemma="опъната" pos="X">опъната</wf>
         <instance id="d000.s2112.t000" lemma="кожа" pos="NOUN">кожа</instance>
         <wf lemma="." pos="X">.</wf>
      </sentence>
      <sentence id="d000.s2113" source="wordnet-bulgarian">
         <wf lemma="цветен" pos="X">цветен</wf>
         <instance id="d000.s2113.t000" lemma="плик" pos="NOUN">плик</instance>
         <wf lemma="." pos="X">.</wf>
      </sentence>
      <sentence id="d000.s2114" source="wordnet-bulgarian">
         <wf lemma="поемам" pos="X">поемам</wf>
         <instance id="d000.s2114.t000" lemma="вина" pos="NOUN">вината</instance>
         <wf lemma="върху" pos="X">върху</wf>
         <wf lemma="себе" pos="X">себе</wf>
         <wf lemma="си" pos="X">си</wf>
         <wf lemma="." pos="X">.</wf>
      </sentence>
      <sentence id="d000.s2115" source="wordnet-bulgarian">
         <instance id="d000.s2115.t000" lemma="дружба" pos="NOUN">Дружбата</instance>
         <wf lemma="ни" pos="X">ни</wf>
         <wf lemma="продължи" pos="X">продължи</wf>
         <wf lemma="дълго" pos="X">дълго</wf>
         <wf lemma="." pos="X">.</wf>
      </sentence>
      <sentence id="d000.s2116" source="wordnet-bulgarian">
         <wf lemma="Вечните" pos="X">Вечните</wf>
         <wf lemma="жени" pos="X">жени</wf>
         <wf lemma="Катерина" pos="X">Катерина</wf>
         <wf lemma="Евро" pos="X">Евро</wf>
         <wf lemma="и" pos="X">и</wf>
         <wf lemma="Аня" pos="X">Аня</wf>
         <wf lemma="Пенчева" pos="X">Пенчева</wf>
         <wf lemma="показаха" pos="X">показаха</wf>
         <wf lemma="действието" pos="X">действието</wf>
         <wf lemma="на" pos="X">на</wf>
         <wf lemma="нов" pos="X">нов</wf>
         <instance id="d000.s2116.t000" lemma="уред" pos="NOUN">уред</instance>
         <wf lemma="за" pos="X">за</wf>
         <wf lemma="нежен" pos="X">нежен</wf>
         <wf lemma="пилинг" pos="X">пилинг</wf>
         <wf lemma="на" pos="X">на</wf>
         <wf lemma="лицето" pos="X">лицето</wf>
         <wf lemma="с" pos="X">с</wf>
         <wf lemma="марката" pos="X">марката</wf>
         <wf lemma="&quot;" pos="X">&quot;</wf>
         <wf lemma="Филипс" pos="X">Филипс</wf>
         <wf lemma="&quot;" pos="X">&quot;</wf>
         <wf lemma="." pos="X">.</wf>
      </sentence>
      <sentence id="d000.s2117" source="wordnet-bulgarian">
         <wf lemma="отивам" pos="X">отивам</wf>
         <wf lemma="на" pos="X">на</wf>
         <instance id="d000.s2117.t000" lemma="планина" pos="NOUN">планина</instance>
         <wf lemma="." pos="X">.</wf>
      </sentence>
      <sentence id="d000.s2118" source="wordnet-bulgarian">
         <wf lemma="издавам" pos="X">издавам</wf>
         <instance id="d000.s2118.t000" lemma="списание" pos="NOUN">списание</instance>
         <wf lemma="." pos="X">.</wf>
      </sentence>
      <sentence id="d000.s2119" source="wordnet-bulgarian">
         <wf lemma="чист" pos="X">чист</wf>
         <instance id="d000.s2119.t000" lemma="въздух" pos="NOUN">въздух</instance>
         <wf lemma="." pos="X">.</wf>
      </sentence>
      <sentence id="d000.s2120" source="wordnet-bulgarian">
         <instance id="d000.s2120.t000" lemma="кажа" pos="VERB">Кажи</instance>
         <wf lemma="ми" pos="X">ми</wf>
         <wf lemma="с" pos="X">с</wf>
         <wf lemma="какво" pos="X">какво</wf>
         <wf lemma="ви" pos="X">ви</wf>
         <wf lemma="преча" pos="X">преча</wf>
         <wf lemma="?" pos="X">?</wf>
      </sentence>
      <sentence id="d000.s2121" source="wordnet-bulgarian">
         <wf lemma="отивам" pos="X">отивам</wf>
         <wf lemma="на" pos="X">на</wf>
         <instance id="d000.s2121.t000" lemma="жътва" pos="NOUN">жътва</instance>
         <wf lemma="." pos="X">.</wf>
      </sentence>
      <sentence id="d000.s2122" source="wordnet-bulgarian">
         <instance id="d000.s2122.t000" lemma="ставам" pos="VERB">Ставаш</instance>
         <wf lemma="смешен" pos="X">смешен</wf>
         <wf lemma="." pos="X">.</wf>
      </sentence>
      <sentence id="d000.s2123" source="wordnet-bulgarian">
         <wf lemma="театрален" pos="X">театрален</wf>
         <instance id="d000.s2123.t000" lemma="афиш" pos="NOUN">афиш</instance>
         <wf lemma="." pos="X">.</wf>
      </sentence>
      <sentence id="d000.s2124" source="wordnet-bulgarian">
         <instance id="d000.s2124.t000" lemma="история" pos="NOUN">история</instance>
         <wf lemma="на" pos="X">на</wf>
         <wf lemma="България" pos="X">България</wf>
         <wf lemma="." pos="X">.</wf>
      </sentence>
      <sentence id="d000.s2125" source="wordnet-bulgarian">
         <instance id="d000.s2125.t000" lemma="шапка" pos="NOUN">шапка</instance>
         <wf lemma="невидимка" pos="X">невидимка</wf>
         <wf lemma="." pos="X">.</wf>
      </sentence>
      <sentence id="d000.s2126" source="wordnet-bulgarian">
         <wf lemma="закъсняла" pos="X">закъсняла</wf>
         <instance id="d000.s2126.t000" lemma="любов" pos="NOUN">любов</instance>
         <wf lemma="." pos="X">.</wf>
      </sentence>
      <sentence id="d000.s2127" source="wordnet-bulgarian">
         <wf lemma="обмяна" pos="X">обмяна</wf>
         <wf lemma="на" pos="X">на</wf>
         <instance id="d000.s2127.t000" lemma="вещество" pos="NOUN">веществата</instance>
         <wf lemma="." pos="X">.</wf>
      </sentence>
      <sentence id="d000.s2128" source="wordnet-bulgarian">
         <instance id="d000.s2128.t000" lemma="бебе" pos="NOUN">Бебето</instance>
         <wf lemma="започна" pos="X">започна</wf>
         <wf lemma="отново" pos="X">отново</wf>
         <wf lemma="да" pos="X">да</wf>
         <wf lemma="плаче" pos="X">плаче</wf>
         <wf lemma="." pos="X">.</wf>
      </sentence>
      <sentence id="d000.s2129" source="wordnet-bulgarian">
         <wf lemma="меря" pos="X">меря</wf>
         <instance id="d000.s2129.t000" lemma="ширина" pos="NOUN">ширината</instance>
         <wf lemma="на" pos="X">на</wf>
         <wf lemma="." pos="X">.</wf>
      </sentence>
      <sentence id="d000.s2130" source="wordnet-bulgarian">
         <wf lemma="Всяка" pos="X">Всяка</wf>
         <wf lemma="пролет" pos="X">пролет</wf>
         <wf lemma="тя" pos="X">тя</wf>
         <instance id="d000.s2130.t000" lemma="сея" pos="VERB">сееше</instance>
         <wf lemma="цветя" pos="X">цветя</wf>
         <wf lemma="в" pos="X">в</wf>
         <wf lemma="градината" pos="X">градината</wf>
         <wf lemma="." pos="X">.</wf>
      </sentence>
      <sentence id="d000.s2131" source="wordnet-bulgarian">
         <wf lemma="возя" pos="X">возя</wf>
         <wf lemma="се" pos="X">се</wf>
         <wf lemma="на" pos="X">на</wf>
         <instance id="d000.s2131.t000" lemma="мотор" pos="NOUN">мотор</instance>
         <wf lemma="." pos="X">.</wf>
      </sentence>
      <sentence id="d000.s2132" source="wordnet-bulgarian">
         <instance id="d000.s2132.t000" lemma="зала" pos="NOUN">зала</instance>
         <wf lemma="за" pos="X">за</wf>
         <wf lemma="." pos="X">.</wf>
      </sentence>
      <sentence id="d000.s2133" source="wordnet-bulgarian">
         <instance id="d000.s2133.t000" lemma="приема" pos="VERB">Приех</instance>
         <wf lemma="лошите" pos="X">лошите</wf>
         <wf lemma="условия" pos="X">условия</wf>
         <wf lemma="." pos="X">.</wf>
      </sentence>
      <sentence id="d000.s2134" source="wordnet-bulgarian">
         <wf lemma="голям" pos="X">голям</wf>
         <instance id="d000.s2134.t000" lemma="избор" pos="NOUN">избор</instance>
         <wf lemma="." pos="X">.</wf>
      </sentence>
      <sentence id="d000.s2135" source="wordnet-bulgarian">
         <wf lemma="през" pos="X">през</wf>
         <instance id="d000.s2135.t000" lemma="век" pos="NOUN">вековете</instance>
         <wf lemma="." pos="X">.</wf>
      </sentence>
      <sentence id="d000.s2136" source="wordnet-bulgarian">
         <wf lemma="икономическа" pos="X">икономическа</wf>
         <instance id="d000.s2136.t000" lemma="основа" pos="NOUN">основа</instance>
         <wf lemma="на" pos="X">на</wf>
         <wf lemma="обществото" pos="X">обществото</wf>
         <wf lemma="." pos="X">.</wf>
      </sentence>
      <sentence id="d000.s2137" source="wordnet-bulgarian">
         <wf lemma="баскетболен" pos="X">баскетболен</wf>
         <instance id="d000.s2137.t000" lemma="мач" pos="NOUN">мач</instance>
         <wf lemma="." pos="X">.</wf>
      </sentence>
      <sentence id="d000.s2138" source="wordnet-bulgarian">
         <wf lemma="не" pos="X">не</wf>
         <wf lemma="ми" pos="X">ми</wf>
         <wf lemma="пали" pos="X">пали</wf>
         <instance id="d000.s2138.t000" lemma="запалка" pos="NOUN">запалката</instance>
         <wf lemma="." pos="X">.</wf>
      </sentence>
      <sentence id="d000.s2139" source="wordnet-bulgarian">
         <wf lemma="убива" pos="X">убива</wf>
         <wf lemma="ме" pos="X">ме</wf>
         <instance id="d000.s2139.t000" lemma="обувка" pos="NOUN">обувката</instance>
         <wf lemma="." pos="X">.</wf>
      </sentence>
      <sentence id="d000.s2140" source="wordnet-bulgarian">
         <wf lemma="любовен" pos="X">любовен</wf>
         <instance id="d000.s2140.t000" lemma="роман" pos="NOUN">роман</instance>
         <wf lemma="." pos="X">.</wf>
      </sentence>
      <sentence id="d000.s2141" source="wordnet-bulgarian">
         <instance id="d000.s2141.t000" lemma="кошница" pos="NOUN">кошница</instance>
         <wf lemma="за" pos="X">за</wf>
         <wf lemma="пикник" pos="X">пикник</wf>
         <wf lemma="." pos="X">.</wf>
      </sentence>
      <sentence id="d000.s2142" source="wordnet-bulgarian">
         <wf lemma="точна" pos="X">точна</wf>
         <instance id="d000.s2142.t000" lemma="забележка" pos="NOUN">забележка</instance>
         <wf lemma="." pos="X">.</wf>
      </sentence>
      <sentence id="d000.s2143" source="wordnet-bulgarian">
         <instance id="d000.s2143.t000" lemma="нож" pos="NOUN">нож</instance>
         <wf lemma="за" pos="X">за</wf>
         <wf lemma="хляб" pos="X">хляб</wf>
         <wf lemma="." pos="X">.</wf>
      </sentence>
      <sentence id="d000.s2144" source="wordnet-bulgarian">
         <wf lemma="първа" pos="X">първа</wf>
         <instance id="d000.s2144.t000" lemma="награда" pos="NOUN">награда</instance>
         <wf lemma="." pos="X">.</wf>
      </sentence>
      <sentence id="d000.s2145" source="wordnet-bulgarian">
         <wf lemma="Осигурих" pos="X">Осигурих</wf>
         <instance id="d000.s2145.t000" lemma="бъдеще" pos="NOUN">бъдещето</instance>
         <wf lemma="на" pos="X">на</wf>
         <wf lemma="децата" pos="X">децата</wf>
         <wf lemma="си" pos="X">си</wf>
         <wf lemma="." pos="X">.</wf>
      </sentence>
      <sentence id="d000.s2146" source="wordnet-bulgarian">
         <wf lemma="монархическо" pos="X">монархическо</wf>
         <instance id="d000.s2146.t000" lemma="управление" pos="NOUN">управление</instance>
         <wf lemma="." pos="X">.</wf>
      </sentence>
      <sentence id="d000.s2147" source="wordnet-bulgarian">
         <wf lemma="провеждам" pos="X">провеждам</wf>
         <instance id="d000.s2147.t000" lemma="реформа" pos="NOUN">реформа</instance>
         <wf lemma="." pos="X">.</wf>
      </sentence>
      <sentence id="d000.s2148" source="wordnet-bulgarian">
         <wf lemma="Хубавият" pos="X">Хубавият</wf>
         <instance id="d000.s2148.t000" lemma="кон" pos="NOUN">кон</instance>
         <wf lemma="и" pos="X">и</wf>
         <wf lemma="под" pos="X">под</wf>
         <wf lemma="съдран" pos="X">съдран</wf>
         <wf lemma="чувал" pos="X">чувал</wf>
         <wf lemma="се" pos="X">се</wf>
         <wf lemma="познава" pos="X">познава</wf>
         <wf lemma="." pos="X">.</wf>
      </sentence>
      <sentence id="d000.s2149" source="wordnet-bulgarian">
         <wf lemma="в" pos="X">в</wf>
         <instance id="d000.s2149.t000" lemma="канал" pos="NOUN">канала</instance>
         <wf lemma="." pos="X">.</wf>
      </sentence>
      <sentence id="d000.s2150" source="wordnet-bulgarian">
         <wf lemma="заобикалям" pos="X">заобикалям</wf>
         <instance id="d000.s2150.t000" lemma="закон" pos="NOUN">закона</instance>
         <wf lemma="." pos="X">.</wf>
      </sentence>
      <sentence id="d000.s2151" source="wordnet-bulgarian">
         <wf lemma="конопено" pos="X">конопено</wf>
         <instance id="d000.s2151.t000" lemma="влакно" pos="NOUN">влакно</instance>
         <wf lemma="." pos="X">.</wf>
      </sentence>
      <sentence id="d000.s2152" source="wordnet-bulgarian">
         <instance id="d000.s2152.t000" lemma="зона" pos="NOUN">зона</instance>
         <wf lemma="на" pos="X">на</wf>
         <wf lemma="военни" pos="X">военни</wf>
         <wf lemma="действия" pos="X">действия</wf>
         <wf lemma="." pos="X">.</wf>
      </sentence>
      <sentence id="d000.s2153" source="wordnet-bulgarian">
         <wf lemma="синдикална" pos="X">синдикална</wf>
         <instance id="d000.s2153.t000" lemma="организация" pos="NOUN">организация</instance>
         <wf lemma="." pos="X">.</wf>
      </sentence>
      <sentence id="d000.s2154" source="wordnet-bulgarian">
         <wf lemma="тънки" pos="X">тънки</wf>
         <instance id="d000.s2154.t000" lemma="черво" pos="NOUN">черва</instance>
         <wf lemma="." pos="X">.</wf>
      </sentence>
      <sentence id="d000.s2155" source="wordnet-bulgarian">
         <instance id="d000.s2155.t000" lemma="кърпа" pos="NOUN">кърпа</instance>
         <wf lemma="за" pos="X">за</wf>
         <wf lemma="тяло" pos="X">тяло</wf>
         <wf lemma="." pos="X">.</wf>
      </sentence>
      <sentence id="d000.s2156" source="wordnet-bulgarian">
         <wf lemma="на" pos="X">на</wf>
         <instance id="d000.s2156.t000" lemma="възраст" pos="NOUN">възраст</instance>
         <wf lemma="," pos="X">,</wf>
         <wf lemma="когато" pos="X">когато</wf>
         <wf lemma="." pos="X">.</wf>
      </sentence>
      <sentence id="d000.s2157" source="wordnet-bulgarian">
         <wf lemma="главно" pos="X">главно</wf>
         <instance id="d000.s2157.t000" lemma="изречение" pos="NOUN">изречение</instance>
         <wf lemma="." pos="X">.</wf>
      </sentence>
      <sentence id="d000.s2158" source="wordnet-bulgarian">
         <wf lemma="Имам" pos="X">Имам</wf>
         <wf lemma="твърдо" pos="X">твърдо</wf>
         <wf lemma="определени" pos="X">определени</wf>
         <instance id="d000.s2158.t000" lemma="предпочитание" pos="NOUN">предпочитания</instance>
         <wf lemma="." pos="X">.</wf>
      </sentence>
      <sentence id="d000.s2159" source="wordnet-bulgarian">
         <instance id="d000.s2159.t000" lemma="мириша" pos="VERB">мириша</instance>
         <wf lemma="въздуха" pos="X">въздуха</wf>
         <wf lemma="." pos="X">.</wf>
      </sentence>
      <sentence id="d000.s2160" source="wordnet-bulgarian">
         <wf lemma="ляво" pos="X">ляво</wf>
         <instance id="d000.s2160.t000" lemma="слепоочие" pos="NOUN">слепоочие</instance>
         <wf lemma="." pos="X">.</wf>
      </sentence>
      <sentence id="d000.s2161" source="wordnet-bulgarian">
         <wf lemma="на" pos="X">на</wf>
         <instance id="d000.s2161.t000" lemma="подиум" pos="NOUN">подиума</instance>
         <wf lemma="." pos="X">.</wf>
      </sentence>
      <sentence id="d000.s2162" source="wordnet-bulgarian">
         <wf lemma="ежедневна" pos="X">ежедневна</wf>
         <instance id="d000.s2162.t000" lemma="връзка" pos="NOUN">връзка</instance>
         <wf lemma="." pos="X">.</wf>
      </sentence>
      <sentence id="d000.s2163" source="wordnet-bulgarian">
         <wf lemma="особен" pos="X">особен</wf>
         <instance id="d000.s2163.t000" lemma="характер" pos="NOUN">характер</instance>
         <wf lemma="." pos="X">.</wf>
      </sentence>
      <sentence id="d000.s2164" source="wordnet-bulgarian">
         <wf lemma="имам" pos="X">имам</wf>
         <instance id="d000.s2164.t000" lemma="грижа" pos="NOUN">грижи</instance>
         <wf lemma="." pos="X">.</wf>
      </sentence>
      <sentence id="d000.s2165" source="wordnet-bulgarian">
         <wf lemma="положителни" pos="X">положителни</wf>
         <instance id="d000.s2165.t000" lemma="отзив" pos="NOUN">отзиви</instance>
         <wf lemma="." pos="X">.</wf>
      </sentence>
      <sentence id="d000.s2166" source="wordnet-bulgarian">
         <instance id="d000.s2166.t000" lemma="аборт" pos="NOUN">аборт</instance>
         <wf lemma="по" pos="X">по</wf>
         <wf lemma="принуда" pos="X">принуда</wf>
         <wf lemma="." pos="X">.</wf>
      </sentence>
      <sentence id="d000.s2167" source="wordnet-bulgarian">
         <wf lemma="погребално" pos="X">погребално</wf>
         <instance id="d000.s2167.t000" lemma="шествие" pos="NOUN">шествие</instance>
         <wf lemma="." pos="X">.</wf>
      </sentence>
      <sentence id="d000.s2168" source="wordnet-bulgarian">
         <wf lemma="Нанесохме" pos="X">Нанесохме</wf>
         <instance id="d000.s2168.t000" lemma="удар" pos="NOUN">удар</instance>
         <wf lemma="на" pos="X">на</wf>
         <wf lemma="противника" pos="X">противника</wf>
         <wf lemma="." pos="X">.</wf>
      </sentence>
      <sentence id="d000.s2169" source="wordnet-bulgarian">
         <wf lemma="в" pos="X">в</wf>
         <wf lemma="случай" pos="X">случай</wf>
         <wf lemma="на" pos="X">на</wf>
         <instance id="d000.s2169.t000" lemma="нужда" pos="NOUN">нужда</instance>
         <wf lemma="." pos="X">.</wf>
      </sentence>
      <sentence id="d000.s2170" source="wordnet-bulgarian">
         <wf lemma="Той" pos="X">Той</wf>
         <wf lemma="често" pos="X">често</wf>
         <wf lemma="цитира" pos="X">цитира</wf>
         <instance id="d000.s2170.t000" lemma="библия" pos="NOUN">Библията</instance>
         <wf lemma="." pos="X">.</wf>
      </sentence>
      <sentence id="d000.s2171" source="wordnet-bulgarian">
         <wf lemma="Той" pos="X">Той</wf>
         <wf lemma="често" pos="X">често</wf>
         <instance id="d000.s2171.t000" lemma="малтретирам" pos="VERB">малтретира</instance>
         <wf lemma="малкото" pos="X">малкото</wf>
         <wf lemma="си" pos="X">си</wf>
         <wf lemma="братче" pos="X">братче</wf>
         <wf lemma="." pos="X">.</wf>
      </sentence>
      <sentence id="d000.s2172" source="wordnet-bulgarian">
         <wf lemma="Държавният" pos="X">Държавният</wf>
         <wf lemma="герб" pos="X">герб</wf>
         <wf lemma="съдържа" pos="X">съдържа</wf>
         <instance id="d000.s2172.t000" lemma="изображение" pos="NOUN">изображение</instance>
         <wf lemma="на" pos="X">на</wf>
         <wf lemma="лъв" pos="X">лъв</wf>
         <wf lemma="." pos="X">.</wf>
      </sentence>
      <sentence id="d000.s2173" source="wordnet-bulgarian">
         <wf lemma="Аз" pos="X">Аз</wf>
         <wf lemma="имам" pos="X">имам</wf>
         <wf lemma="най-добрата" pos="X">най-добрата</wf>
         <instance id="d000.s2173.t000" lemma="баба" pos="NOUN">баба</instance>
         <wf lemma="на" pos="X">на</wf>
         <wf lemma="света" pos="X">света</wf>
         <wf lemma="." pos="X">.</wf>
      </sentence>
      <sentence id="d000.s2174" source="wordnet-bulgarian">
         <wf lemma="трамвайна" pos="X">трамвайна</wf>
         <instance id="d000.s2174.t000" lemma="мотриса" pos="NOUN">мотриса</instance>
         <wf lemma="." pos="X">.</wf>
      </sentence>
      <sentence id="d000.s2175" source="wordnet-bulgarian">
         <wf lemma="ловна" pos="X">ловна</wf>
         <instance id="d000.s2175.t000" lemma="стрелба" pos="NOUN">стрелба</instance>
         <wf lemma="." pos="X">.</wf>
      </sentence>
      <sentence id="d000.s2176" source="wordnet-bulgarian">
         <wf lemma="притварям" pos="X">притварям</wf>
         <instance id="d000.s2176.t000" lemma="око" pos="NOUN">очи</instance>
         <wf lemma="." pos="X">.</wf>
      </sentence>
      <sentence id="d000.s2177" source="wordnet-bulgarian">
         <wf lemma="фабрична" pos="X">фабрична</wf>
         <instance id="d000.s2177.t000" lemma="продукция" pos="NOUN">продукция</instance>
         <wf lemma="." pos="X">.</wf>
      </sentence>
      <sentence id="d000.s2178" source="wordnet-bulgarian">
         <wf lemma="нося" pos="X">нося</wf>
         <instance id="d000.s2178.t000" lemma="чадър" pos="NOUN">чадър</instance>
         <wf lemma="." pos="X">.</wf>
      </sentence>
      <sentence id="d000.s2179" source="wordnet-bulgarian">
         <instance id="d000.s2179.t000" lemma="заключа" pos="VERB">Заключи</instance>
         <wf lemma="ли" pos="X">ли</wf>
         <wf lemma="вратата" pos="X">вратата</wf>
         <wf lemma="?" pos="X">?</wf>
      </sentence>
      <sentence id="d000.s2180" source="wordnet-bulgarian">
         <instance id="d000.s2180.t000" lemma="вид" pos="NOUN">видове</instance>
         <wf lemma="гъби" pos="X">гъби</wf>
         <wf lemma="." pos="X">.</wf>
      </sentence>
      <sentence id="d000.s2181" source="wordnet-bulgarian">
         <wf lemma="прожекционен" pos="X">прожекционен</wf>
         <instance id="d000.s2181.t000" lemma="апарат" pos="NOUN">апарат</instance>
         <wf lemma="." pos="X">.</wf>
      </sentence>
      <sentence id="d000.s2182" source="wordnet-bulgarian">
         <wf lemma="малък" pos="X">малък</wf>
         <instance id="d000.s2182.t000" lemma="буркан" pos="NOUN">буркан</instance>
         <wf lemma="." pos="X">.</wf>
      </sentence>
      <sentence id="d000.s2183" source="wordnet-bulgarian">
         <wf lemma="крехко" pos="X">крехко</wf>
         <instance id="d000.s2183.t000" lemma="месо" pos="NOUN">месо</instance>
         <wf lemma="." pos="X">.</wf>
      </sentence>
      <sentence id="d000.s2184" source="wordnet-bulgarian">
         <wf lemma="спечелвам" pos="X">спечелвам</wf>
         <instance id="d000.s2184.t000" lemma="търг" pos="NOUN">търг</instance>
         <wf lemma="." pos="X">.</wf>
      </sentence>
      <sentence id="d000.s2185" source="wordnet-bulgarian">
         <wf lemma="целувам" pos="X">целувам</wf>
         <wf lemma="по" pos="X">по</wf>
         <instance id="d000.s2185.t000" lemma="буза" pos="NOUN">бузата</instance>
         <wf lemma="." pos="X">.</wf>
      </sentence>
      <sentence id="d000.s2186" source="wordnet-bulgarian">
         <wf lemma="природни" pos="X">природни</wf>
         <instance id="d000.s2186.t000" lemma="ресурс" pos="NOUN">ресурси</instance>
         <wf lemma="." pos="X">.</wf>
      </sentence>
      <sentence id="d000.s2187" source="wordnet-bulgarian">
         <instance id="d000.s2187.t000" lemma="забрана" pos="NOUN">забрана</instance>
         <wf lemma="на" pos="X">на</wf>
         <wf lemma="." pos="X">.</wf>
      </sentence>
      <sentence id="d000.s2188" source="wordnet-bulgarian">
         <wf lemma="секретен" pos="X">секретен</wf>
         <instance id="d000.s2188.t000" lemma="документ" pos="NOUN">документ</instance>
         <wf lemma="." pos="X">.</wf>
      </sentence>
      <sentence id="d000.s2189" source="wordnet-bulgarian">
         <wf lemma="световно" pos="X">световно</wf>
         <instance id="d000.s2189.t000" lemma="стопанство" pos="NOUN">стопанство</instance>
         <wf lemma="." pos="X">.</wf>
      </sentence>
      <sentence id="d000.s2190" source="wordnet-bulgarian">
         <wf lemma="живея" pos="X">живея</wf>
         <wf lemma="като" pos="X">като</wf>
         <wf lemma="в" pos="X">в</wf>
         <wf lemma="истински" pos="X">истински</wf>
         <instance id="d000.s2190.t000" lemma="рай" pos="NOUN">рай</instance>
         <wf lemma="." pos="X">.</wf>
      </sentence>
      <sentence id="d000.s2191" source="wordnet-bulgarian">
         <instance id="d000.s2191.t000" lemma="тъкан" pos="NOUN">тъкан</instance>
         <wf lemma="за" pos="X">за</wf>
         <wf lemma="." pos="X">.</wf>
      </sentence>
      <sentence id="d000.s2192" source="wordnet-bulgarian">
         <wf lemma="обичам" pos="X">обичам</wf>
         <instance id="d000.s2192.t000" lemma="празник" pos="NOUN">празниците</instance>
         <wf lemma="." pos="X">.</wf>
      </sentence>
      <sentence id="d000.s2193" source="wordnet-bulgarian">
         <wf lemma="паля" pos="X">паля</wf>
         <wf lemma="с" pos="X">с</wf>
         <instance id="d000.s2193.t000" lemma="кибрит" pos="NOUN">кибрит</instance>
         <wf lemma="." pos="X">.</wf>
      </sentence>
      <sentence id="d000.s2194" source="wordnet-bulgarian">
         <instance id="d000.s2194.t000" lemma="съчетавам" pos="VERB">Съчетавам</instance>
         <wf lemma="лични" pos="X">лични</wf>
         <wf lemma="и" pos="X">и</wf>
         <wf lemma="обществени" pos="X">обществени</wf>
         <wf lemma="интереси" pos="X">интереси</wf>
         <wf lemma="." pos="X">.</wf>
      </sentence>
      <sentence id="d000.s2195" source="wordnet-bulgarian">
         <wf lemma="невербално" pos="X">невербално</wf>
         <instance id="d000.s2195.t000" lemma="общуване" pos="NOUN">общуване</instance>
         <wf lemma="." pos="X">.</wf>
      </sentence>
      <sentence id="d000.s2196" source="wordnet-bulgarian">
         <wf lemma="удрям" pos="X">удрям</wf>
         <wf lemma="с" pos="X">с</wf>
         <instance id="d000.s2196.t000" lemma="тояга" pos="NOUN">тояга</instance>
         <wf lemma="." pos="X">.</wf>
      </sentence>
      <sentence id="d000.s2197" source="wordnet-bulgarian">
         <instance id="d000.s2197.t000" lemma="молив" pos="NOUN">Моливът</instance>
         <wf lemma="ми" pos="X">ми</wf>
         <wf lemma="се" pos="X">се</wf>
         <wf lemma="счупи" pos="X">счупи</wf>
         <wf lemma="." pos="X">.</wf>
      </sentence>
      <sentence id="d000.s2198" source="wordnet-bulgarian">
         <wf lemma="лека" pos="X">лека</wf>
         <instance id="d000.s2198.t000" lemma="закуска" pos="NOUN">закуска</instance>
         <wf lemma="." pos="X">.</wf>
      </sentence>
      <sentence id="d000.s2199" source="wordnet-bulgarian">
         <instance id="d000.s2199.t000" lemma="памет" pos="NOUN">Паметта</instance>
         <wf lemma="ми" pos="X">ми</wf>
         <wf lemma="отслабва" pos="X">отслабва</wf>
         <wf lemma="с" pos="X">с</wf>
         <wf lemma="годините" pos="X">годините</wf>
         <wf lemma="." pos="X">.</wf>
      </sentence>
      <sentence id="d000.s2200" source="wordnet-bulgarian">
         <instance id="d000.s2200.t000" lemma="печеля" pos="VERB">Печеля</instance>
         <wf lemma="облога" pos="X">облога</wf>
         <wf lemma="." pos="X">.</wf>
      </sentence>
      <sentence id="d000.s2201" source="wordnet-bulgarian">
         <wf lemma="приходи" pos="X">приходи</wf>
         <wf lemma="от" pos="X">от</wf>
         <wf lemma="продажби" pos="X">продажби</wf>
         <wf lemma="на" pos="X">на</wf>
         <instance id="d000.s2201.t000" lemma="продукция" pos="NOUN">продукция</instance>
         <wf lemma="." pos="X">.</wf>
      </sentence>
      <sentence id="d000.s2202" source="wordnet-bulgarian">
         <wf lemma="автор" pos="X">автор</wf>
         <wf lemma="на" pos="X">на</wf>
         <instance id="d000.s2202.t000" lemma="памфлет" pos="NOUN">памфлети</instance>
         <wf lemma="." pos="X">.</wf>
      </sentence>
      <sentence id="d000.s2203" source="wordnet-bulgarian">
         <wf lemma="голяма" pos="X">голяма</wf>
         <instance id="d000.s2203.t000" lemma="заплата" pos="NOUN">заплата</instance>
         <wf lemma="." pos="X">.</wf>
      </sentence>
      <sentence id="d000.s2204" source="wordnet-bulgarian">
         <wf lemma="студен" pos="X">студен</wf>
         <wf lemma="атмосферен" pos="X">атмосферен</wf>
         <instance id="d000.s2204.t000" lemma="фронт" pos="NOUN">фронт</instance>
         <wf lemma="." pos="X">.</wf>
      </sentence>
      <sentence id="d000.s2205" source="wordnet-bulgarian">
         <wf lemma="уютен" pos="X">уютен</wf>
         <instance id="d000.s2205.t000" lemma="дом" pos="NOUN">дом</instance>
         <wf lemma="." pos="X">.</wf>
      </sentence>
      <sentence id="d000.s2206" source="wordnet-bulgarian">
         <wf lemma="истинско" pos="X">истинско</wf>
         <instance id="d000.s2206.t000" lemma="предизвикателство" pos="NOUN">предизвикателство</instance>
         <wf lemma="." pos="X">.</wf>
      </sentence>
      <sentence id="d000.s2207" source="wordnet-bulgarian">
         <wf lemma="лечебно" pos="X">лечебно</wf>
         <instance id="d000.s2207.t000" lemma="свойство" pos="NOUN">свойство</instance>
         <wf lemma="." pos="X">.</wf>
      </sentence>
      <sentence id="d000.s2208" source="wordnet-bulgarian">
         <wf lemma="взимат" pos="X">взимат</wf>
         <wf lemma="ми" pos="X">ми</wf>
         <instance id="d000.s2208.t000" lemma="кръв" pos="NOUN">кръв</instance>
         <wf lemma="." pos="X">.</wf>
      </sentence>
      <sentence id="d000.s2209" source="wordnet-bulgarian">
         <wf lemma="бия" pos="X">бия</wf>
         <wf lemma="с" pos="X">с</wf>
         <instance id="d000.s2209.t000" lemma="тояга" pos="NOUN">тояга</instance>
         <wf lemma="." pos="X">.</wf>
      </sentence>
      <sentence id="d000.s2210" source="wordnet-bulgarian">
         <wf lemma="неопровержими" pos="X">неопровержими</wf>
         <instance id="d000.s2210.t000" lemma="доказателство" pos="NOUN">доказателства</instance>
         <wf lemma="." pos="X">.</wf>
      </sentence>
      <sentence id="d000.s2211" source="wordnet-bulgarian">
         <wf lemma="Слънцето" pos="X">Слънцето</wf>
         <wf lemma="залезе" pos="X">залезе</wf>
         <wf lemma="в" pos="X">в</wf>
         <instance id="d000.s2211.t000" lemma="облак" pos="NOUN">облак</instance>
         <wf lemma="." pos="X">.</wf>
      </sentence>
      <sentence id="d000.s2212" source="wordnet-bulgarian">
         <instance id="d000.s2212.t000" lemma="мляко" pos="NOUN">мляко</instance>
         <wf lemma="от" pos="X">от</wf>
         <wf lemma="коза" pos="X">коза</wf>
         <wf lemma="." pos="X">.</wf>
      </sentence>
      <sentence id="d000.s2213" source="wordnet-bulgarian">
         <wf lemma="чудна" pos="X">чудна</wf>
         <instance id="d000.s2213.t000" lemma="гледка" pos="NOUN">гледка</instance>
         <wf lemma="." pos="X">.</wf>
      </sentence>
      <sentence id="d000.s2214" source="wordnet-bulgarian">
         <instance id="d000.s2214.t000" lemma="пиянство" pos="NOUN">Пиянството</instance>
         <wf lemma="го" pos="X">го</wf>
         <wf lemma="превърна" pos="X">превърна</wf>
         <wf lemma="в" pos="X">в</wf>
         <wf lemma="напълно" pos="X">напълно</wf>
         <wf lemma="деградирала" pos="X">деградирала</wf>
         <wf lemma="личност" pos="X">личност</wf>
         <wf lemma="." pos="X">.</wf>
      </sentence>
      <sentence id="d000.s2215" source="wordnet-bulgarian">
         <wf lemma="Настанихме" pos="X">Настанихме</wf>
         <wf lemma="се" pos="X">се</wf>
         <wf lemma="в" pos="X">в</wf>
         <wf lemma="една" pos="X">една</wf>
         <instance id="d000.s2215.t000" lemma="ниша" pos="NOUN">ниша</instance>
         <wf lemma="," pos="X">,</wf>
         <wf lemma="където" pos="X">където</wf>
         <wf lemma="ни" pos="X">ни</wf>
         <wf lemma="посрещна" pos="X">посрещна</wf>
         <wf lemma="отрупана" pos="X">отрупана</wf>
         <wf lemma="и" pos="X">и</wf>
         <wf lemma="красиво" pos="X">красиво</wf>
         <wf lemma="подредена" pos="X">подредена</wf>
         <wf lemma="маса" pos="X">маса</wf>
         <wf lemma="." pos="X">.</wf>
      </sentence>
      <sentence id="d000.s2216" source="wordnet-bulgarian">
         <instance id="d000.s2216.t000" lemma="обвиня" pos="VERB">Обвини</instance>
         <wf lemma="съдебните" pos="X">съдебните</wf>
         <wf lemma="заседатели" pos="X">заседатели</wf>
         <wf lemma="," pos="X">,</wf>
         <wf lemma="че" pos="X">че</wf>
         <wf lemma="са" pos="X">са</wf>
         <wf lemma="не" pos="X">не</wf>
         <wf lemma="били" pos="X">били</wf>
         <wf lemma="обективни" pos="X">обективни</wf>
         <wf lemma="." pos="X">.</wf>
      </sentence>
      <sentence id="d000.s2217" source="wordnet-bulgarian">
         <wf lemma="употребявам" pos="X">употребявам</wf>
         <instance id="d000.s2217.t000" lemma="наркотик" pos="NOUN">наркотици</instance>
         <wf lemma="." pos="X">.</wf>
      </sentence>
      <sentence id="d000.s2218" source="wordnet-bulgarian">
         <wf lemma="пресен" pos="X">пресен</wf>
         <instance id="d000.s2218.t000" lemma="гроб" pos="NOUN">гроб</instance>
         <wf lemma="." pos="X">.</wf>
      </sentence>
      <sentence id="d000.s2219" source="wordnet-bulgarian">
         <wf lemma="отминавам" pos="X">отминавам</wf>
         <wf lemma="с" pos="X">с</wf>
         <instance id="d000.s2219.t000" lemma="презрение" pos="NOUN">презрение</instance>
         <wf lemma="." pos="X">.</wf>
      </sentence>
      <sentence id="d000.s2220" source="wordnet-bulgarian">
         <wf lemma="хищна" pos="X">хищна</wf>
         <instance id="d000.s2220.t000" lemma="птица" pos="NOUN">птица</instance>
         <wf lemma="." pos="X">.</wf>
      </sentence>
      <sentence id="d000.s2221" source="wordnet-bulgarian">
         <wf lemma="тържествено" pos="X">тържествено</wf>
         <instance id="d000.s2221.t000" lemma="обещание" pos="NOUN">обещание</instance>
         <wf lemma="." pos="X">.</wf>
      </sentence>
      <sentence id="d000.s2222" source="wordnet-bulgarian">
         <instance id="d000.s2222.t000" lemma="свиря" pos="VERB">Свиря</instance>
         <wf lemma="концерт" pos="X">концерт</wf>
         <wf lemma="на" pos="X">на</wf>
         <wf lemma="пиано" pos="X">пиано</wf>
         <wf lemma="." pos="X">.</wf>
      </sentence>
      <sentence id="d000.s2223" source="wordnet-bulgarian">
         <wf lemma="спечелвам" pos="X">спечелвам</wf>
         <instance id="d000.s2223.t000" lemma="награда" pos="NOUN">награда</instance>
         <wf lemma="." pos="X">.</wf>
      </sentence>
      <sentence id="d000.s2224" source="wordnet-bulgarian">
         <wf lemma="имам" pos="X">имам</wf>
         <wf lemma="уговорена" pos="X">уговорена</wf>
         <instance id="d000.s2224.t000" lemma="среща" pos="NOUN">среща</instance>
         <wf lemma="." pos="X">.</wf>
      </sentence>
      <sentence id="d000.s2225" source="wordnet-bulgarian">
         <wf lemma="мой" pos="X">мой</wf>
         <instance id="d000.s2225.t000" lemma="дълг" pos="NOUN">дълг</instance>
         <wf lemma="е" pos="X">е</wf>
         <wf lemma="да" pos="X">да</wf>
         <wf lemma="." pos="X">.</wf>
      </sentence>
      <sentence id="d000.s2226" source="wordnet-bulgarian">
         <wf lemma="старо" pos="X">старо</wf>
         <instance id="d000.s2226.t000" lemma="стълбище" pos="NOUN">стълбище</instance>
         <wf lemma="." pos="X">.</wf>
      </sentence>
      <sentence id="d000.s2227" source="wordnet-bulgarian">
         <wf lemma="сплотен" pos="X">сплотен</wf>
         <instance id="d000.s2227.t000" lemma="екип" pos="NOUN">екип</instance>
         <wf lemma="." pos="X">.</wf>
      </sentence>
      <sentence id="d000.s2228" source="wordnet-bulgarian">
         <wf lemma="правя" pos="X">правя</wf>
         <instance id="d000.s2228.t000" lemma="превръзка" pos="NOUN">превръзка</instance>
         <wf lemma="." pos="X">.</wf>
      </sentence>
      <sentence id="d000.s2229" source="wordnet-bulgarian">
         <wf lemma="давам" pos="X">давам</wf>
         <instance id="d000.s2229.t000" lemma="оценка" pos="NOUN">оценка</instance>
         <wf lemma="." pos="X">.</wf>
      </sentence>
      <sentence id="d000.s2230" source="wordnet-bulgarian">
         <wf lemma="Футболистите" pos="X">Футболистите</wf>
         <wf lemma="все" pos="X">все</wf>
         <wf lemma="по-често" pos="X">по-често</wf>
         <wf lemma="започнаха" pos="X">започнаха</wf>
         <wf lemma="да" pos="X">да</wf>
         <wf lemma="обсаждат" pos="X">обсаждат</wf>
         <instance id="d000.s2230.t000" lemma="врата" pos="NOUN">вратата</instance>
         <wf lemma="на" pos="X">на</wf>
         <wf lemma="противника" pos="X">противника</wf>
         <wf lemma="." pos="X">.</wf>
      </sentence>
      <sentence id="d000.s2231" source="wordnet-bulgarian">
         <wf lemma="мъртва" pos="X">мъртва</wf>
         <instance id="d000.s2231.t000" lemma="природа" pos="NOUN">природа</instance>
         <wf lemma="." pos="X">.</wf>
      </sentence>
      <sentence id="d000.s2232" source="wordnet-bulgarian">
         <wf lemma="военна" pos="X">военна</wf>
         <instance id="d000.s2232.t000" lemma="операция" pos="NOUN">операция</instance>
         <wf lemma="." pos="X">.</wf>
      </sentence>
      <sentence id="d000.s2233" source="wordnet-bulgarian">
         <wf lemma="Не" pos="X">Не</wf>
         <wf lemma="членувам" pos="X">членувам</wf>
         <wf lemma="в" pos="X">в</wf>
         <wf lemma="никоя" pos="X">никоя</wf>
         <instance id="d000.s2233.t000" lemma="партия" pos="NOUN">партия</instance>
         <wf lemma="." pos="X">.</wf>
      </sentence>
      <sentence id="d000.s2234" source="wordnet-bulgarian">
         <wf lemma="дългосрочно" pos="X">дългосрочно</wf>
         <instance id="d000.s2234.t000" lemma="сътрудничество" pos="NOUN">сътрудничество</instance>
         <wf lemma="." pos="X">.</wf>
      </sentence>
      <sentence id="d000.s2235" source="wordnet-bulgarian">
         <wf lemma="Аз" pos="X">Аз</wf>
         <wf lemma="обичам" pos="X">обичам</wf>
         <instance id="d000.s2235.t000" lemma="правда" pos="NOUN">правдата</instance>
         <wf lemma="и" pos="X">и</wf>
         <wf lemma="винаги" pos="X">винаги</wf>
         <wf lemma="се" pos="X">се</wf>
         <wf lemma="боря" pos="X">боря</wf>
         <wf lemma="за" pos="X">за</wf>
         <wf lemma="нея" pos="X">нея</wf>
         <wf lemma="." pos="X">.</wf>
      </sentence>
      <sentence id="d000.s2236" source="wordnet-bulgarian">
         <wf lemma="човек" pos="X">човек</wf>
         <wf lemma="с" pos="X">с</wf>
         <instance id="d000.s2236.t000" lemma="минало" pos="NOUN">минало</instance>
         <wf lemma="." pos="X">.</wf>
      </sentence>
      <sentence id="d000.s2237" source="wordnet-bulgarian">
         <wf lemma="Джобът" pos="X">Джобът</wf>
         <wf lemma="ми" pos="X">ми</wf>
         <wf lemma="е" pos="X">е</wf>
         <wf lemma="пълен" pos="X">пълен</wf>
         <wf lemma="с" pos="X">с</wf>
         <instance id="d000.s2237.t000" lemma="монета" pos="NOUN">монети</instance>
         <wf lemma="." pos="X">.</wf>
      </sentence>
      <sentence id="d000.s2238" source="wordnet-bulgarian">
         <wf lemma="новинарска" pos="X">новинарска</wf>
         <instance id="d000.s2238.t000" lemma="емисия" pos="NOUN">емисия</instance>
         <wf lemma="." pos="X">.</wf>
      </sentence>
      <sentence id="d000.s2239" source="wordnet-bulgarian">
         <wf lemma="млада" pos="X">млада</wf>
         <instance id="d000.s2239.t000" lemma="възраст" pos="NOUN">възраст</instance>
         <wf lemma="." pos="X">.</wf>
      </sentence>
      <sentence id="d000.s2240" source="wordnet-bulgarian">
         <wf lemma="ухапване" pos="X">ухапване</wf>
         <wf lemma="от" pos="X">от</wf>
         <instance id="d000.s2240.t000" lemma="насекомо" pos="NOUN">насекомо</instance>
         <wf lemma="." pos="X">.</wf>
      </sentence>
      <sentence id="d000.s2241" source="wordnet-bulgarian">
         <instance id="d000.s2241.t000" lemma="викам" pos="VERB">Викат</instance>
         <wf lemma="ме" pos="X">ме</wf>
         <wf lemma="по" pos="X">по</wf>
         <wf lemma="телефона" pos="X">телефона</wf>
         <wf lemma="." pos="X">.</wf>
      </sentence>
      <sentence id="d000.s2242" source="wordnet-bulgarian">
         <wf lemma="точен" pos="X">точен</wf>
         <instance id="d000.s2242.t000" lemma="израз" pos="NOUN">израз</instance>
         <wf lemma="." pos="X">.</wf>
      </sentence>
      <sentence id="d000.s2243" source="wordnet-bulgarian">
         <instance id="d000.s2243.t000" lemma="прилеп" pos="NOUN">Прилепите</instance>
         <wf lemma="играят" pos="X">играят</wf>
         <wf lemma="важна" pos="X">важна</wf>
         <wf lemma="роля" pos="X">роля</wf>
         <wf lemma="в" pos="X">в</wf>
         <wf lemma="поддържането" pos="X">поддържането</wf>
         <wf lemma="на" pos="X">на</wf>
         <wf lemma="равновесието" pos="X">равновесието</wf>
         <wf lemma="в" pos="X">в</wf>
         <wf lemma="природата" pos="X">природата</wf>
         <wf lemma="." pos="X">.</wf>
      </sentence>
      <sentence id="d000.s2244" source="wordnet-bulgarian">
         <wf lemma="Въпреки" pos="X">Въпреки</wf>
         <wf lemma="светкавичната" pos="X">светкавичната</wf>
         <wf lemma="полицейска" pos="X">полицейска</wf>
         <instance id="d000.s2244.t000" lemma="акция" pos="NOUN">акция</instance>
         <wf lemma="," pos="X">,</wf>
         <wf lemma="в" pos="X">в</wf>
         <wf lemma="която" pos="X">която</wf>
         <wf lemma="били" pos="X">били</wf>
         <wf lemma="включени" pos="X">включени</wf>
         <wf lemma="и" pos="X">и</wf>
         <wf lemma="хеликоптери" pos="X">хеликоптери</wf>
         <wf lemma="," pos="X">,</wf>
         <wf lemma="престъпниците" pos="X">престъпниците</wf>
         <wf lemma="не" pos="X">не</wf>
         <wf lemma="били" pos="X">били</wf>
         <wf lemma="заловени" pos="X">заловени</wf>
         <wf lemma="." pos="X">.</wf>
      </sentence>
      <sentence id="d000.s2245" source="wordnet-bulgarian">
         <wf lemma="буржоазнодемократическа" pos="X">буржоазнодемократическа</wf>
         <instance id="d000.s2245.t000" lemma="революция" pos="NOUN">революция</instance>
         <wf lemma="." pos="X">.</wf>
      </sentence>
      <sentence id="d000.s2246" source="wordnet-bulgarian">
         <wf lemma="постъпвам" pos="X">постъпвам</wf>
         <wf lemma="в" pos="X">в</wf>
         <instance id="d000.s2246.t000" lemma="болница" pos="NOUN">болница</instance>
         <wf lemma="." pos="X">.</wf>
      </sentence>
      <sentence id="d000.s2247" source="wordnet-bulgarian">
         <wf lemma="предан" pos="X">предан</wf>
         <instance id="d000.s2247.t000" lemma="съпруг" pos="NOUN">съпруг</instance>
         <wf lemma="." pos="X">.</wf>
      </sentence>
      <sentence id="d000.s2248" source="wordnet-bulgarian">
         <wf lemma="различна" pos="X">различна</wf>
         <instance id="d000.s2248.t000" lemma="формулировка" pos="NOUN">формулировка</instance>
         <wf lemma="." pos="X">.</wf>
      </sentence>
      <sentence id="d000.s2249" source="wordnet-bulgarian">
         <instance id="d000.s2249.t000" lemma="пълен" pos="ADJ">пълен</instance>
         <wf lemma="стомах" pos="X">стомах</wf>
         <wf lemma="." pos="X">.</wf>
      </sentence>
      <sentence id="d000.s2250" source="wordnet-bulgarian">
         <wf lemma="безлихвен" pos="X">безлихвен</wf>
         <instance id="d000.s2250.t000" lemma="заем" pos="NOUN">заем</instance>
         <wf lemma="." pos="X">.</wf>
      </sentence>
      <sentence id="d000.s2251" source="wordnet-bulgarian">
         <wf lemma="по" pos="X">по</wf>
         <instance id="d000.s2251.t000" lemma="асоциация" pos="NOUN">асоциация</instance>
         <wf lemma="." pos="X">.</wf>
      </sentence>
      <sentence id="d000.s2252" source="wordnet-bulgarian">
         <wf lemma="смесен" pos="X">смесен</wf>
         <instance id="d000.s2252.t000" lemma="брак" pos="NOUN">брак</instance>
         <wf lemma="." pos="X">.</wf>
      </sentence>
      <sentence id="d000.s2253" source="wordnet-bulgarian">
         <wf lemma="засягам" pos="X">засягам</wf>
         <wf lemma="някакъв" pos="X">някакъв</wf>
         <instance id="d000.s2253.t000" lemma="въпрос" pos="NOUN">въпрос</instance>
         <wf lemma="." pos="X">.</wf>
      </sentence>
      <sentence id="d000.s2254" source="wordnet-bulgarian">
         <instance id="d000.s2254.t000" lemma="старост" pos="NOUN">Старост</instance>
         <wf lemma="нерадост" pos="X">нерадост</wf>
         <wf lemma="." pos="X">.</wf>
      </sentence>
      <sentence id="d000.s2255" source="wordnet-bulgarian">
         <wf lemma="решителен" pos="X">решителен</wf>
         <instance id="d000.s2255.t000" lemma="бой" pos="NOUN">бой</instance>
         <wf lemma="." pos="X">.</wf>
      </sentence>
      <sentence id="d000.s2256" source="wordnet-bulgarian">
         <wf lemma="вот" pos="X">вот</wf>
         <wf lemma="на" pos="X">на</wf>
         <instance id="d000.s2256.t000" lemma="доверие" pos="NOUN">доверие</instance>
         <wf lemma="." pos="X">.</wf>
      </sentence>
      <sentence id="d000.s2257" source="wordnet-bulgarian">
         <wf lemma="водя" pos="X">водя</wf>
         <instance id="d000.s2257.t000" lemma="дневник" pos="NOUN">дневник</instance>
         <wf lemma="." pos="X">.</wf>
      </sentence>
      <sentence id="d000.s2258" source="wordnet-bulgarian">
         <wf lemma="гледам" pos="X">гледам</wf>
         <instance id="d000.s2258.t000" lemma="футбол" pos="NOUN">футбол</instance>
         <wf lemma="." pos="X">.</wf>
      </sentence>
      <sentence id="d000.s2259" source="wordnet-bulgarian">
         <wf lemma="имам" pos="X">имам</wf>
         <instance id="d000.s2259.t000" lemma="предимство" pos="NOUN">предимство</instance>
         <wf lemma="пред." pos="X">пред.</wf>
      </sentence>
      <sentence id="d000.s2260" source="wordnet-bulgarian">
         <wf lemma="чертая" pos="X">чертая</wf>
         <instance id="d000.s2260.t000" lemma="триъгълник" pos="NOUN">триъгълник</instance>
         <wf lemma="." pos="X">.</wf>
      </sentence>
      <sentence id="d000.s2261" source="wordnet-bulgarian">
         <wf lemma="Кратка" pos="X">Кратка</wf>
         <instance id="d000.s2261.t000" lemma="пауза" pos="NOUN">пауза</instance>
         <wf lemma="и" pos="X">и</wf>
         <wf lemma="продължаваме" pos="X">продължаваме</wf>
         <wf lemma="." pos="X">.</wf>
      </sentence>
      <sentence id="d000.s2262" source="wordnet-bulgarian">
         <wf lemma="Какви" pos="X">Какви</wf>
         <wf lemma="са" pos="X">са</wf>
         <instance id="d000.s2262.t000" lemma="резултат" pos="NOUN">резултатите</instance>
         <wf lemma="от" pos="X">от</wf>
         <wf lemma="изборите" pos="X">изборите</wf>
         <wf lemma="?" pos="X">?</wf>
      </sentence>
      <sentence id="d000.s2263" source="wordnet-bulgarian">
         <wf lemma="вода" pos="X">вода</wf>
         <wf lemma="за" pos="X">за</wf>
         <instance id="d000.s2263.t000" lemma="уста" pos="NOUN">уста</instance>
         <wf lemma="." pos="X">.</wf>
      </sentence>
      <sentence id="d000.s2264" source="wordnet-bulgarian">
         <wf lemma="географска" pos="X">географска</wf>
         <instance id="d000.s2264.t000" lemma="карта" pos="NOUN">карта</instance>
         <wf lemma="." pos="X">.</wf>
      </sentence>
      <sentence id="d000.s2265" source="wordnet-bulgarian">
         <wf lemma="приятелска" pos="X">приятелска</wf>
         <instance id="d000.s2265.t000" lemma="среща" pos="NOUN">среща</instance>
         <wf lemma="." pos="X">.</wf>
      </sentence>
      <sentence id="d000.s2266" source="wordnet-bulgarian">
         <instance id="d000.s2266.t000" lemma="стрелба" pos="NOUN">стрелба</instance>
         <wf lemma="с" pos="X">с</wf>
         <wf lemma="пистолет" pos="X">пистолет</wf>
         <wf lemma="." pos="X">.</wf>
      </sentence>
      <sentence id="d000.s2267" source="wordnet-bulgarian">
         <wf lemma="Откриха" pos="X">Откриха</wf>
         <wf lemma="нова" pos="X">нова</wf>
         <instance id="d000.s2267.t000" lemma="магистрала" pos="NOUN">магистрала</instance>
         <wf lemma="." pos="X">.</wf>
      </sentence>
      <sentence id="d000.s2268" source="wordnet-bulgarian">
         <wf lemma="непоколебима" pos="X">непоколебима</wf>
         <instance id="d000.s2268.t000" lemma="позиция" pos="NOUN">позиция</instance>
         <wf lemma="." pos="X">.</wf>
      </sentence>
      <sentence id="d000.s2269" source="wordnet-bulgarian">
         <wf lemma="няма" pos="X">няма</wf>
         <instance id="d000.s2269.t000" lemma="пулс" pos="NOUN">пулс</instance>
         <wf lemma="." pos="X">.</wf>
      </sentence>
      <sentence id="d000.s2270" source="wordnet-bulgarian">
         <wf lemma="Капитан" pos="X">Капитан</wf>
         <wf lemma="първи" pos="X">първи</wf>
         <instance id="d000.s2270.t000" lemma="ранг" pos="NOUN">ранг</instance>
         <wf lemma="." pos="X">.</wf>
      </sentence>
      <sentence id="d000.s2271" source="wordnet-bulgarian">
         <instance id="d000.s2271.t000" lemma="лекар" pos="NOUN">Лекарят</instance>
         <wf lemma="преслуша" pos="X">преслуша</wf>
         <wf lemma="пациента" pos="X">пациента</wf>
         <wf lemma="." pos="X">.</wf>
      </sentence>
      <sentence id="d000.s2272" source="wordnet-bulgarian">
         <wf lemma="връзвам" pos="X">връзвам</wf>
         <wf lemma="на" pos="X">на</wf>
         <instance id="d000.s2272.t000" lemma="възел" pos="NOUN">възел</instance>
         <wf lemma="." pos="X">.</wf>
      </sentence>
      <sentence id="d000.s2273" source="wordnet-bulgarian">
         <instance id="d000.s2273.t000" lemma="миг" pos="NOUN">миг</instance>
         <wf lemma="след" pos="X">след</wf>
         <wf lemma="това" pos="X">това</wf>
         <wf lemma="." pos="X">.</wf>
      </sentence>
      <sentence id="d000.s2274" source="wordnet-bulgarian">
         <instance id="d000.s2274.t000" lemma="консумация" pos="NOUN">консумация</instance>
         <wf lemma="на" pos="X">на</wf>
         <wf lemma="месо" pos="X">месо</wf>
         <wf lemma="." pos="X">.</wf>
      </sentence>
      <sentence id="d000.s2275" source="wordnet-bulgarian">
         <wf lemma="топло" pos="X">топло</wf>
         <instance id="d000.s2275.t000" lemma="посрещане" pos="NOUN">посрещане</instance>
         <wf lemma="." pos="X">.</wf>
      </sentence>
      <sentence id="d000.s2276" source="wordnet-bulgarian">
         <wf lemma="Броят" pos="X">Броят</wf>
         <wf lemma="на" pos="X">на</wf>
         <wf lemma="пътеките" pos="X">пътеките</wf>
         <wf lemma="и" pos="X">и</wf>
         <wf lemma="секторите" pos="X">секторите</wf>
         <wf lemma="в" pos="X">в</wf>
         <wf lemma="една" pos="X">една</wf>
         <instance id="d000.s2276.t000" lemma="пътека" pos="NOUN">пътека</instance>
         <wf lemma="зависи" pos="X">зависи</wf>
         <wf lemma="от" pos="X">от</wf>
         <wf lemma="флопидисковото" pos="X">флопидисковото</wf>
         <wf lemma="устройство" pos="X">устройство</wf>
         <wf lemma="." pos="X">.</wf>
      </sentence>
      <sentence id="d000.s2277" source="wordnet-bulgarian">
         <instance id="d000.s2277.t000" lemma="заседание" pos="NOUN">заседание</instance>
         <wf lemma="на" pos="X">на</wf>
         <wf lemma="Управителния" pos="X">Управителния</wf>
         <wf lemma="съвет" pos="X">съвет</wf>
         <wf lemma="." pos="X">.</wf>
      </sentence>
      <sentence id="d000.s2278" source="wordnet-bulgarian">
         <wf lemma="правя" pos="X">правя</wf>
         <instance id="d000.s2278.t000" lemma="сянка" pos="NOUN">сянка</instance>
         <wf lemma="на" pos="X">на</wf>
         <wf lemma="." pos="X">.</wf>
      </sentence>
      <sentence id="d000.s2279" source="wordnet-bulgarian">
         <wf lemma="налагам" pos="X">налагам</wf>
         <instance id="d000.s2279.t000" lemma="забрана" pos="NOUN">забрана</instance>
         <wf lemma="върху" pos="X">върху</wf>
         <wf lemma="." pos="X">.</wf>
      </sentence>
      <sentence id="d000.s2280" source="wordnet-bulgarian">
         <wf lemma="парична" pos="X">парична</wf>
         <instance id="d000.s2280.t000" lemma="обмяна" pos="NOUN">обмяна</instance>
         <wf lemma="." pos="X">.</wf>
      </sentence>
      <sentence id="d000.s2281" source="wordnet-bulgarian">
         <wf lemma="Сватбата" pos="X">Сватбата</wf>
         <wf lemma="е" pos="X">е</wf>
         <wf lemma="важно" pos="X">важно</wf>
         <instance id="d000.s2281.t000" lemma="събитие" pos="NOUN">събитие</instance>
         <wf lemma="в" pos="X">в</wf>
         <wf lemma="живота" pos="X">живота</wf>
         <wf lemma="на" pos="X">на</wf>
         <wf lemma="човека" pos="X">човека</wf>
         <wf lemma="." pos="X">.</wf>
      </sentence>
      <sentence id="d000.s2282" source="wordnet-bulgarian">
         <wf lemma="неясна" pos="X">неясна</wf>
         <instance id="d000.s2282.t000" lemma="формулировка" pos="NOUN">формулировка</instance>
         <wf lemma="." pos="X">.</wf>
      </sentence>
      <sentence id="d000.s2283" source="wordnet-bulgarian">
         <wf lemma="Реших" pos="X">Реших</wf>
         <wf lemma="да" pos="X">да</wf>
         <instance id="d000.s2283.t000" lemma="игнорирам" pos="VERB">игнорирам</instance>
         <wf lemma="малките" pos="X">малките</wf>
         <wf lemma="му" pos="X">му</wf>
         <wf lemma="грешки" pos="X">грешки</wf>
         <wf lemma="." pos="X">.</wf>
      </sentence>
      <sentence id="d000.s2284" source="wordnet-bulgarian">
         <wf lemma="пресни" pos="X">пресни</wf>
         <instance id="d000.s2284.t000" lemma="отпечатък" pos="NOUN">отпечатъци</instance>
         <wf lemma="." pos="X">.</wf>
      </sentence>
      <sentence id="d000.s2285" source="wordnet-bulgarian">
         <wf lemma="граматична" pos="X">граматична</wf>
         <instance id="d000.s2285.t000" lemma="терминология" pos="NOUN">терминология</instance>
         <wf lemma="." pos="X">.</wf>
      </sentence>
      <sentence id="d000.s2286" source="wordnet-bulgarian">
         <instance id="d000.s2286.t000" lemma="маса" pos="NOUN">маса</instance>
         <wf lemma="отрупана" pos="X">отрупана</wf>
         <wf lemma="с" pos="X">с</wf>
         <wf lemma="книги" pos="X">книги</wf>
         <wf lemma="." pos="X">.</wf>
      </sentence>
      <sentence id="d000.s2287" source="wordnet-bulgarian">
         <wf lemma="получавам" pos="X">получавам</wf>
         <wf lemma="силен" pos="X">силен</wf>
         <instance id="d000.s2287.t000" lemma="отпор" pos="NOUN">отпор</instance>
         <wf lemma="от" pos="X">от</wf>
         <wf lemma="." pos="X">.</wf>
      </sentence>
      <sentence id="d000.s2288" source="wordnet-bulgarian">
         <wf lemma="пиротски" pos="X">пиротски</wf>
         <instance id="d000.s2288.t000" lemma="килим" pos="NOUN">килим</instance>
         <wf lemma="." pos="X">.</wf>
      </sentence>
      <sentence id="d000.s2289" source="wordnet-bulgarian">
         <instance id="d000.s2289.t000" lemma="наименование" pos="NOUN">наименование</instance>
         <wf lemma="на" pos="X">на</wf>
         <wf lemma="предмет" pos="X">предмет</wf>
         <wf lemma="." pos="X">.</wf>
      </sentence>
      <sentence id="d000.s2290" source="wordnet-bulgarian">
         <wf lemma="пътувам" pos="X">пътувам</wf>
         <wf lemma="по" pos="X">по</wf>
         <instance id="d000.s2290.t000" lemma="свят" pos="NOUN">света</instance>
         <wf lemma="." pos="X">.</wf>
      </sentence>
      <sentence id="d000.s2291" source="wordnet-bulgarian">
         <wf lemma="предавам" pos="X">предавам</wf>
         <instance id="d000.s2291.t000" lemma="опит" pos="NOUN">опит</instance>
         <wf lemma="на" pos="X">на</wf>
         <wf lemma="." pos="X">.</wf>
      </sentence>
      <sentence id="d000.s2292" source="wordnet-bulgarian">
         <instance id="d000.s2292.t000" lemma="жител" pos="NOUN">жител</instance>
         <wf lemma="на" pos="X">на</wf>
         <wf lemma="град" pos="X">град</wf>
         <wf lemma="София" pos="X">София</wf>
         <wf lemma="." pos="X">.</wf>
      </sentence>
      <sentence id="d000.s2293" source="wordnet-bulgarian">
         <wf lemma="любима" pos="X">любима</wf>
         <instance id="d000.s2293.t000" lemma="баба" pos="NOUN">баба</instance>
         <wf lemma="." pos="X">.</wf>
      </sentence>
      <sentence id="d000.s2294" source="wordnet-bulgarian">
         <wf lemma="годишен" pos="X">годишен</wf>
         <instance id="d000.s2294.t000" lemma="данък" pos="NOUN">данък</instance>
         <wf lemma="." pos="X">.</wf>
      </sentence>
      <sentence id="d000.s2295" source="wordnet-bulgarian">
         <wf lemma="основателна" pos="X">основателна</wf>
         <instance id="d000.s2295.t000" lemma="причина" pos="NOUN">причина</instance>
         <wf lemma="." pos="X">.</wf>
      </sentence>
      <sentence id="d000.s2296" source="wordnet-bulgarian">
         <wf lemma="Нямаме" pos="X">Нямаме</wf>
         <wf lemma="никаква" pos="X">никаква</wf>
         <instance id="d000.s2296.t000" lemma="ръка" pos="NOUN">ръка</instance>
         <wf lemma="." pos="X">.</wf>
      </sentence>
      <sentence id="d000.s2297" source="wordnet-bulgarian">
         <wf lemma="идвам" pos="X">идвам</wf>
         <wf lemma="на" pos="X">на</wf>
         <instance id="d000.s2297.t000" lemma="помощ" pos="NOUN">помощ</instance>
         <wf lemma="на" pos="X">на</wf>
         <wf lemma="." pos="X">.</wf>
      </sentence>
      <sentence id="d000.s2298" source="wordnet-bulgarian">
         <wf lemma="див" pos="X">див</wf>
         <instance id="d000.s2298.t000" lemma="селянин" pos="NOUN">селянин</instance>
         <wf lemma="." pos="X">.</wf>
      </sentence>
      <sentence id="d000.s2299" source="wordnet-bulgarian">
         <wf lemma="В" pos="X">В</wf>
         <wf lemma="България" pos="X">България</wf>
         <wf lemma="растат" pos="X">растат</wf>
         <wf lemma="около" pos="X">около</wf>
         <wf lemma="15" pos="X">15</wf>
         <wf lemma="вида" pos="X">вида</wf>
         <instance id="d000.s2299.t000" lemma="дъб" pos="NOUN">дъб</instance>
         <wf lemma="." pos="X">.</wf>
      </sentence>
      <sentence id="d000.s2300" source="wordnet-bulgarian">
         <instance id="d000.s2300.t000" lemma="участък" pos="NOUN">участък</instance>
         <wf lemma="с" pos="X">с</wf>
         <wf lemma="висока" pos="X">висока</wf>
         <wf lemma="трева" pos="X">трева</wf>
         <wf lemma="." pos="X">.</wf>
      </sentence>
      <sentence id="d000.s2301" source="wordnet-bulgarian">
         <wf lemma="според" pos="X">според</wf>
         <instance id="d000.s2301.t000" lemma="традиция" pos="NOUN">традицията</instance>
         <wf lemma="." pos="X">.</wf>
      </sentence>
      <sentence id="d000.s2302" source="wordnet-bulgarian">
         <wf lemma="панелно" pos="X">панелно</wf>
         <instance id="d000.s2302.t000" lemma="жилище" pos="NOUN">жилище</instance>
         <wf lemma="." pos="X">.</wf>
      </sentence>
      <sentence id="d000.s2303" source="wordnet-bulgarian">
         <wf lemma="шия" pos="X">шия</wf>
         <wf lemma="с" pos="X">с</wf>
         <instance id="d000.s2303.t000" lemma="игла" pos="NOUN">игла</instance>
         <wf lemma="." pos="X">.</wf>
      </sentence>
      <sentence id="d000.s2304" source="wordnet-bulgarian">
         <wf lemma="бавноразвиващи" pos="X">бавноразвиващи</wf>
         <wf lemma="се" pos="X">се</wf>
         <instance id="d000.s2304.t000" lemma="дете" pos="NOUN">деца</instance>
         <wf lemma="." pos="X">.</wf>
      </sentence>
      <sentence id="d000.s2305" source="wordnet-bulgarian">
         <wf lemma="изгарям" pos="X">изгарям</wf>
         <wf lemma="до" pos="X">до</wf>
         <instance id="d000.s2305.t000" lemma="основа" pos="NOUN">основи</instance>
         <wf lemma="." pos="X">.</wf>
      </sentence>
      <sentence id="d000.s2306" source="wordnet-bulgarian">
         <wf lemma="десетични" pos="X">десетични</wf>
         <instance id="d000.s2306.t000" lemma="логаритъм" pos="NOUN">логаритми</instance>
         <wf lemma="." pos="X">.</wf>
      </sentence>
      <sentence id="d000.s2307" source="wordnet-bulgarian">
         <wf lemma="голяма" pos="X">голяма</wf>
         <instance id="d000.s2307.t000" lemma="обърканост" pos="NOUN">обърканост</instance>
         <wf lemma="." pos="X">.</wf>
      </sentence>
      <sentence id="d000.s2308" source="wordnet-bulgarian">
         <wf lemma="Той" pos="X">Той</wf>
         <wf lemma="бе" pos="X">бе</wf>
         <wf lemma="спасен" pos="X">спасен</wf>
         <wf lemma="с" pos="X">с</wf>
         <instance id="d000.s2308.t000" lemma="инжекция" pos="NOUN">инжекции</instance>
         <wf lemma="." pos="X">.</wf>
      </sentence>
      <sentence id="d000.s2309" source="wordnet-bulgarian">
         <wf lemma="абстрактно" pos="X">абстрактно</wf>
         <instance id="d000.s2309.t000" lemma="изкуство" pos="NOUN">изкуство</instance>
         <wf lemma="." pos="X">.</wf>
      </sentence>
      <sentence id="d000.s2310" source="wordnet-bulgarian">
         <wf lemma="коварна" pos="X">коварна</wf>
         <instance id="d000.s2310.t000" lemma="болест" pos="NOUN">болест</instance>
         <wf lemma="." pos="X">.</wf>
      </sentence>
      <sentence id="d000.s2311" source="wordnet-bulgarian">
         <wf lemma="Той" pos="X">Той</wf>
         <wf lemma="никога" pos="X">никога</wf>
         <wf lemma="не" pos="X">не</wf>
         <wf lemma="е" pos="X">е</wf>
         <wf lemma="губил" pos="X">губил</wf>
         <instance id="d000.s2311.t000" lemma="самообладание" pos="NOUN">самообладание</instance>
         <wf lemma="." pos="X">.</wf>
      </sentence>
      <sentence id="d000.s2312" source="wordnet-bulgarian">
         <wf lemma="препоръчано" pos="X">препоръчано</wf>
         <instance id="d000.s2312.t000" lemma="писмо" pos="NOUN">писмо</instance>
         <wf lemma="." pos="X">.</wf>
      </sentence>
      <sentence id="d000.s2313" source="wordnet-bulgarian">
         <wf lemma="авторски" pos="X">авторски</wf>
         <instance id="d000.s2313.t000" lemma="хонорар" pos="NOUN">хонорар</instance>
         <wf lemma="." pos="X">.</wf>
      </sentence>
      <sentence id="d000.s2314" source="wordnet-bulgarian">
         <wf lemma="слаб" pos="X">слаб</wf>
         <instance id="d000.s2314.t000" lemma="екип" pos="NOUN">екип</instance>
         <wf lemma="." pos="X">.</wf>
      </sentence>
      <sentence id="d000.s2315" source="wordnet-bulgarian">
         <wf lemma="големи" pos="X">големи</wf>
         <instance id="d000.s2315.t000" lemma="трудност" pos="NOUN">трудности</instance>
         <wf lemma="." pos="X">.</wf>
      </sentence>
      <sentence id="d000.s2316" source="wordnet-bulgarian">
         <wf lemma="Аз" pos="X">Аз</wf>
         <wf lemma="съм" pos="X">съм</wf>
         <instance id="d000.s2316.t000" lemma="връстник" pos="NOUN">връстник</instance>
         <wf lemma="на" pos="X">на</wf>
         <wf lemma="тази" pos="X">тази</wf>
         <wf lemma="къща" pos="X">къща</wf>
         <wf lemma="." pos="X">.</wf>
      </sentence>
      <sentence id="d000.s2317" source="wordnet-bulgarian">
         <wf lemma="връзки" pos="X">връзки</wf>
         <wf lemma="на" pos="X">на</wf>
         <instance id="d000.s2317.t000" lemma="коляно" pos="NOUN">коляното</instance>
         <wf lemma="." pos="X">.</wf>
      </sentence>
      <sentence id="d000.s2318" source="wordnet-bulgarian">
         <wf lemma="демократична" pos="X">демократична</wf>
         <instance id="d000.s2318.t000" lemma="власт" pos="NOUN">власт</instance>
         <wf lemma="." pos="X">.</wf>
      </sentence>
      <sentence id="d000.s2319" source="wordnet-bulgarian">
         <wf lemma="Не" pos="X">Не</wf>
         <wf lemma="чувства" pos="X">чувства</wf>
         <instance id="d000.s2319.t000" lemma="подобрение" pos="NOUN">подобрение</instance>
         <wf lemma="на" pos="X">на</wf>
         <wf lemma="здравето" pos="X">здравето</wf>
         <wf lemma="си" pos="X">си</wf>
         <wf lemma="." pos="X">.</wf>
      </sentence>
      <sentence id="d000.s2320" source="wordnet-bulgarian">
         <wf lemma="настилка" pos="X">настилка</wf>
         <wf lemma="от" pos="X">от</wf>
         <instance id="d000.s2320.t000" lemma="чакъл" pos="NOUN">чакъл</instance>
         <wf lemma="." pos="X">.</wf>
      </sentence>
      <sentence id="d000.s2321" source="wordnet-bulgarian">
         <wf lemma="Детето" pos="X">Детето</wf>
         <instance id="d000.s2321.t000" lemma="приличам" pos="VERB">прилича</instance>
         <wf lemma="на" pos="X">на</wf>
         <wf lemma="баща" pos="X">баща</wf>
         <wf lemma="си" pos="X">си</wf>
         <wf lemma="." pos="X">.</wf>
      </sentence>
      <sentence id="d000.s2322" source="wordnet-bulgarian">
         <wf lemma="Той" pos="X">Той</wf>
         <wf lemma="седна" pos="X">седна</wf>
         <wf lemma="на" pos="X">на</wf>
         <instance id="d000.s2322.t000" lemma="бряг" pos="NOUN">брега</instance>
         <wf lemma="на" pos="X">на</wf>
         <wf lemma="реката" pos="X">реката</wf>
         <wf lemma="и" pos="X">и</wf>
         <wf lemma="се" pos="X">се</wf>
         <wf lemma="замечта" pos="X">замечта</wf>
         <wf lemma="." pos="X">.</wf>
      </sentence>
      <sentence id="d000.s2323" source="wordnet-bulgarian">
         <wf lemma="заравям" pos="X">заравям</wf>
         <instance id="d000.s2323.t000" lemma="изкоп" pos="NOUN">изкоп</instance>
         <wf lemma="." pos="X">.</wf>
      </sentence>
      <sentence id="d000.s2324" source="wordnet-bulgarian">
         <wf lemma="широка" pos="X">широка</wf>
         <instance id="d000.s2324.t000" lemma="усмивка" pos="NOUN">усмивка</instance>
         <wf lemma="." pos="X">.</wf>
      </sentence>
      <sentence id="d000.s2325" source="wordnet-bulgarian">
         <instance id="d000.s2325.t000" lemma="несполука" pos="NOUN">несполука</instance>
         <wf lemma="след" pos="X">след</wf>
         <wf lemma="несполука" pos="X">несполука</wf>
         <wf lemma="." pos="X">.</wf>
      </sentence>
      <sentence id="d000.s2326" source="wordnet-bulgarian">
         <wf lemma="голямо" pos="X">голямо</wf>
         <instance id="d000.s2326.t000" lemma="откритие" pos="NOUN">откритие</instance>
         <wf lemma="." pos="X">.</wf>
      </sentence>
      <sentence id="d000.s2327" source="wordnet-bulgarian">
         <wf lemma="прощално" pos="X">прощално</wf>
         <instance id="d000.s2327.t000" lemma="писмо" pos="NOUN">писмо</instance>
         <wf lemma="." pos="X">.</wf>
      </sentence>
      <sentence id="d000.s2328" source="wordnet-bulgarian">
         <instance id="d000.s2328.t000" lemma="клас" pos="NOUN">Класът</instance>
         <wf lemma="беше" pos="X">беше</wf>
         <wf lemma="притихнал" pos="X">притихнал</wf>
         <wf lemma="и" pos="X">и</wf>
         <wf lemma="слушаше" pos="X">слушаше</wf>
         <wf lemma="внимателно" pos="X">внимателно</wf>
         <wf lemma="думите" pos="X">думите</wf>
         <wf lemma="на" pos="X">на</wf>
         <wf lemma="учителката" pos="X">учителката</wf>
         <wf lemma="." pos="X">.</wf>
      </sentence>
      <sentence id="d000.s2329" source="wordnet-bulgarian">
         <wf lemma="през" pos="X">през</wf>
         <wf lemma="осемнадесети" pos="X">осемнадесети</wf>
         <instance id="d000.s2329.t000" lemma="век" pos="NOUN">век</instance>
         <wf lemma="." pos="X">.</wf>
      </sentence>
      <sentence id="d000.s2330" source="wordnet-bulgarian">
         <wf lemma="граждански" pos="X">граждански</wf>
         <instance id="d000.s2330.t000" lemma="брак" pos="NOUN">брак</instance>
         <wf lemma="." pos="X">.</wf>
      </sentence>
      <sentence id="d000.s2331" source="wordnet-bulgarian">
         <wf lemma="ясно" pos="X">ясно</wf>
         <instance id="d000.s2331.t000" lemma="небе" pos="NOUN">небе</instance>
         <wf lemma="." pos="X">.</wf>
      </sentence>
      <sentence id="d000.s2332" source="wordnet-bulgarian">
         <instance id="d000.s2332.t000" lemma="площ" pos="NOUN">площ</instance>
         <wf lemma="на" pos="X">на</wf>
         <wf lemma="маса" pos="X">маса</wf>
         <wf lemma="." pos="X">.</wf>
      </sentence>
      <sentence id="d000.s2333" source="wordnet-bulgarian">
         <wf lemma="Да" pos="X">Да</wf>
         <wf lemma="пийнем" pos="X">пийнем</wf>
         <wf lemma="по" pos="X">по</wf>
         <wf lemma="едно" pos="X">едно</wf>
         <instance id="d000.s2333.t000" lemma="питие" pos="NOUN">питие</instance>
         <wf lemma="." pos="X">.</wf>
      </sentence>
      <sentence id="d000.s2334" source="wordnet-bulgarian">
         <wf lemma="без" pos="X">без</wf>
         <instance id="d000.s2334.t000" lemma="цел" pos="NOUN">цел</instance>
         <wf lemma="." pos="X">.</wf>
      </sentence>
      <sentence id="d000.s2335" source="wordnet-bulgarian">
         <wf lemma="целувам" pos="X">целувам</wf>
         <instance id="d000.s2335.t000" lemma="ръка" pos="NOUN">ръка</instance>
         <wf lemma="." pos="X">.</wf>
      </sentence>
      <sentence id="d000.s2336" source="wordnet-bulgarian">
         <instance id="d000.s2336.t000" lemma="хора" pos="NOUN">хора</instance>
         <wf lemma="на" pos="X">на</wf>
         <wf lemma="науката" pos="X">науката</wf>
         <wf lemma="." pos="X">.</wf>
      </sentence>
      <sentence id="d000.s2337" source="wordnet-bulgarian">
         <wf lemma="давам" pos="X">давам</wf>
         <instance id="d000.s2337.t000" lemma="препоръка" pos="NOUN">препоръка</instance>
         <wf lemma="за" pos="X">за</wf>
         <wf lemma="." pos="X">.</wf>
      </sentence>
      <sentence id="d000.s2338" source="wordnet-bulgarian">
         <wf lemma="черно" pos="X">черно</wf>
         <instance id="d000.s2338.t000" lemma="кадифе" pos="NOUN">кадифе</instance>
         <wf lemma="." pos="X">.</wf>
      </sentence>
      <sentence id="d000.s2339" source="wordnet-bulgarian">
         <wf lemma="външно" pos="X">външно</wf>
         <instance id="d000.s2339.t000" lemma="стълбище" pos="NOUN">стълбище</instance>
         <wf lemma="." pos="X">.</wf>
      </sentence>
      <sentence id="d000.s2340" source="wordnet-bulgarian">
         <wf lemma="интелигентна" pos="X">интелигентна</wf>
         <instance id="d000.s2340.t000" lemma="младеж" pos="NOUN">младеж</instance>
         <wf lemma="." pos="X">.</wf>
      </sentence>
      <sentence id="d000.s2341" source="wordnet-bulgarian">
         <wf lemma="много" pos="X">много</wf>
         <wf lemma="бих" pos="X">бих</wf>
         <instance id="d000.s2341.t000" lemma="искам" pos="VERB">искал</instance>
         <wf lemma="." pos="X">.</wf>
      </sentence>
      <sentence id="d000.s2342" source="wordnet-bulgarian">
         <wf lemma="Отпуснаха" pos="X">Отпуснаха</wf>
         <wf lemma="му" pos="X">му</wf>
         <wf lemma="малък" pos="X">малък</wf>
         <instance id="d000.s2342.t000" lemma="аванс" pos="NOUN">аванс</instance>
         <wf lemma="." pos="X">.</wf>
      </sentence>
      <sentence id="d000.s2343" source="wordnet-bulgarian">
         <wf lemma="с" pos="X">с</wf>
         <instance id="d000.s2343.t000" lemma="отвращение" pos="NOUN">отвращение</instance>
         <wf lemma="." pos="X">.</wf>
      </sentence>
      <sentence id="d000.s2344" source="wordnet-bulgarian">
         <wf lemma="млечен" pos="X">млечен</wf>
         <instance id="d000.s2344.t000" lemma="шоколад" pos="NOUN">шоколад</instance>
         <wf lemma="." pos="X">.</wf>
      </sentence>
      <sentence id="d000.s2345" source="wordnet-bulgarian">
         <instance id="d000.s2345.t000" lemma="жури" pos="NOUN">жури</instance>
         <wf lemma="на" pos="X">на</wf>
         <wf lemma="конкурс" pos="X">конкурс</wf>
         <wf lemma="." pos="X">.</wf>
      </sentence>
      <sentence id="d000.s2346" source="wordnet-bulgarian">
         <wf lemma="Видях" pos="X">Видях</wf>
         <wf lemma="го" pos="X">го</wf>
         <wf lemma="с" pos="X">с</wf>
         <instance id="d000.s2346.t000" lemma="око" pos="NOUN">очите</instance>
         <wf lemma="си" pos="X">си</wf>
         <wf lemma="." pos="X">.</wf>
      </sentence>
      <sentence id="d000.s2347" source="wordnet-bulgarian">
         <wf lemma="остроъгълен" pos="X">остроъгълен</wf>
         <instance id="d000.s2347.t000" lemma="триъгълник" pos="NOUN">триъгълник</instance>
         <wf lemma="." pos="X">.</wf>
      </sentence>
      <sentence id="d000.s2348" source="wordnet-bulgarian">
         <wf lemma="ръкописна" pos="X">ръкописна</wf>
         <instance id="d000.s2348.t000" lemma="буква" pos="NOUN">буква</instance>
         <wf lemma="." pos="X">.</wf>
      </sentence>
      <sentence id="d000.s2349" source="wordnet-bulgarian">
         <wf lemma="красива" pos="X">красива</wf>
         <instance id="d000.s2349.t000" lemma="ръка" pos="NOUN">ръка</instance>
         <wf lemma="." pos="X">.</wf>
      </sentence>
      <sentence id="d000.s2350" source="wordnet-bulgarian">
         <wf lemma="нов" pos="X">нов</wf>
         <instance id="d000.s2350.t000" lemma="урок" pos="NOUN">урок</instance>
         <wf lemma="." pos="X">.</wf>
      </sentence>
      <sentence id="d000.s2351" source="wordnet-bulgarian">
         <wf lemma="трайкийско" pos="X">трайкийско</wf>
         <instance id="d000.s2351.t000" lemma="светилище" pos="NOUN">светилище</instance>
         <wf lemma="." pos="X">.</wf>
      </sentence>
      <sentence id="d000.s2352" source="wordnet-bulgarian">
         <wf lemma="Тя" pos="X">Тя</wf>
         <wf lemma="беше" pos="X">беше</wf>
         <wf lemma="в" pos="X">в</wf>
         <wf lemma="бяло" pos="X">бяло</wf>
         <instance id="d000.s2352.t000" lemma="облекло" pos="NOUN">облекло</instance>
         <wf lemma="." pos="X">.</wf>
      </sentence>
      <sentence id="d000.s2353" source="wordnet-bulgarian">
         <wf lemma="фиктивна" pos="X">фиктивна</wf>
         <instance id="d000.s2353.t000" lemma="полица" pos="NOUN">полица</instance>
         <wf lemma="." pos="X">.</wf>
      </sentence>
      <sentence id="d000.s2354" source="wordnet-bulgarian">
         <wf lemma="дарявам" pos="X">дарявам</wf>
         <instance id="d000.s2354.t000" lemma="орган" pos="NOUN">орган</instance>
         <wf lemma="." pos="X">.</wf>
      </sentence>
      <sentence id="d000.s2355" source="wordnet-bulgarian">
         <wf lemma="познавам" pos="X">познавам</wf>
         <instance id="d000.s2355.t000" lemma="буква" pos="NOUN">буквите</instance>
         <wf lemma="." pos="X">.</wf>
      </sentence>
      <sentence id="d000.s2356" source="wordnet-bulgarian">
         <wf lemma="обем" pos="X">обем</wf>
         <wf lemma="на" pos="X">на</wf>
         <instance id="d000.s2356.t000" lemma="памет" pos="NOUN">паметта</instance>
         <wf lemma="." pos="X">.</wf>
      </sentence>
      <sentence id="d000.s2357" source="wordnet-bulgarian">
         <wf lemma="телевизионна" pos="X">телевизионна</wf>
         <instance id="d000.s2357.t000" lemma="реклама" pos="NOUN">реклама</instance>
         <wf lemma="." pos="X">.</wf>
      </sentence>
      <sentence id="d000.s2358" source="wordnet-bulgarian">
         <instance id="d000.s2358.t000" lemma="лодка" pos="NOUN">лодка</instance>
         <wf lemma="с" pos="X">с</wf>
         <wf lemma="весла" pos="X">весла</wf>
         <wf lemma="." pos="X">.</wf>
      </sentence>
      <sentence id="d000.s2359" source="wordnet-bulgarian">
         <wf lemma="неловко" pos="X">неловко</wf>
         <instance id="d000.s2359.t000" lemma="положение" pos="NOUN">положение</instance>
         <wf lemma="." pos="X">.</wf>
      </sentence>
      <sentence id="d000.s2360" source="wordnet-bulgarian">
         <wf lemma="Часът" pos="X">Часът</wf>
         <instance id="d000.s2360.t000" lemma="сега" pos="NOUN">сега</instance>
         <wf lemma="е" pos="X">е</wf>
         <wf lemma="точно" pos="X">точно</wf>
         <wf lemma="два" pos="X">два</wf>
         <wf lemma="." pos="X">.</wf>
      </sentence>
      <sentence id="d000.s2361" source="wordnet-bulgarian">
         <wf lemma="нов" pos="X">нов</wf>
         <instance id="d000.s2361.t000" lemma="ред" pos="NOUN">ред</instance>
         <wf lemma="." pos="X">.</wf>
      </sentence>
      <sentence id="d000.s2362" source="wordnet-bulgarian">
         <wf lemma="вземам" pos="X">вземам</wf>
         <instance id="d000.s2362.t000" lemma="решение" pos="NOUN">решение</instance>
         <wf lemma="." pos="X">.</wf>
      </sentence>
      <sentence id="d000.s2363" source="wordnet-bulgarian">
         <instance id="d000.s2363.t000" lemma="дефицит" pos="NOUN">дефицит</instance>
         <wf lemma="на" pos="X">на</wf>
         <wf lemma="време" pos="X">време</wf>
         <wf lemma="." pos="X">.</wf>
      </sentence>
      <sentence id="d000.s2364" source="wordnet-bulgarian">
         <instance id="d000.s2364.t000" lemma="животно" pos="NOUN">животни</instance>
         <wf lemma="и" pos="X">и</wf>
         <wf lemma="растения" pos="X">растения</wf>
         <wf lemma="." pos="X">.</wf>
      </sentence>
      <sentence id="d000.s2365" source="wordnet-bulgarian">
         <wf lemma="ухапа" pos="X">ухапа</wf>
         <wf lemma="ме" pos="X">ме</wf>
         <instance id="d000.s2365.t000" lemma="змия" pos="NOUN">змия</instance>
         <wf lemma="." pos="X">.</wf>
      </sentence>
      <sentence id="d000.s2366" source="wordnet-bulgarian">
         <wf lemma="голяма" pos="X">голяма</wf>
         <instance id="d000.s2366.t000" lemma="бюрокрация" pos="NOUN">бюрокрация</instance>
         <wf lemma="." pos="X">.</wf>
      </sentence>
      <sentence id="d000.s2367" source="wordnet-bulgarian">
         <instance id="d000.s2367.t000" lemma="салата" pos="NOUN">салата</instance>
         <wf lemma="от" pos="X">от</wf>
         <wf lemma="зеле" pos="X">зеле</wf>
         <wf lemma="и" pos="X">и</wf>
         <wf lemma="моркови" pos="X">моркови</wf>
         <wf lemma="." pos="X">.</wf>
      </sentence>
      <sentence id="d000.s2368" source="wordnet-bulgarian">
         <wf lemma="много" pos="X">много</wf>
         <wf lemma="от" pos="X">от</wf>
         <instance id="d000.s2368.t000" lemma="растение" pos="NOUN">растенията</instance>
         <wf lemma="се" pos="X">се</wf>
         <wf lemma="използват" pos="X">използват</wf>
         <wf lemma="в" pos="X">в</wf>
         <wf lemma="медицината" pos="X">медицината</wf>
         <wf lemma="." pos="X">.</wf>
      </sentence>
      <sentence id="d000.s2369" source="wordnet-bulgarian">
         <instance id="d000.s2369.t000" lemma="възглавница" pos="NOUN">възглавница</instance>
         <wf lemma="пълна" pos="X">пълна</wf>
         <wf lemma="с" pos="X">с</wf>
         <wf lemma="пух" pos="X">пух</wf>
         <wf lemma="." pos="X">.</wf>
      </sentence>
      <sentence id="d000.s2370" source="wordnet-bulgarian">
         <wf lemma="южен" pos="X">южен</wf>
         <instance id="d000.s2370.t000" lemma="прозорец" pos="NOUN">прозорец</instance>
         <wf lemma="." pos="X">.</wf>
      </sentence>
      <sentence id="d000.s2371" source="wordnet-bulgarian">
         <wf lemma="уводна" pos="X">уводна</wf>
         <instance id="d000.s2371.t000" lemma="статия" pos="NOUN">статия</instance>
         <wf lemma="." pos="X">.</wf>
      </sentence>
      <sentence id="d000.s2372" source="wordnet-bulgarian">
         <wf lemma="химично" pos="X">химично</wf>
         <instance id="d000.s2372.t000" lemma="свойство" pos="NOUN">свойство</instance>
         <wf lemma="." pos="X">.</wf>
      </sentence>
      <sentence id="d000.s2373" source="wordnet-bulgarian">
         <wf lemma="под" pos="X">под</wf>
         <instance id="d000.s2373.t000" lemma="достойнство" pos="NOUN">достойнството</instance>
         <wf lemma="ми" pos="X">ми</wf>
         <wf lemma="е" pos="X">е</wf>
         <wf lemma="." pos="X">.</wf>
      </sentence>
      <sentence id="d000.s2374" source="wordnet-bulgarian">
         <wf lemma="частен" pos="X">частен</wf>
         <instance id="d000.s2374.t000" lemma="кучкарник" pos="NOUN">кучкарник</instance>
         <wf lemma="." pos="X">.</wf>
      </sentence>
      <sentence id="d000.s2375" source="wordnet-bulgarian">
         <wf lemma="часовников" pos="X">часовников</wf>
         <instance id="d000.s2375.t000" lemma="механизъм" pos="NOUN">механизъм</instance>
         <wf lemma="." pos="X">.</wf>
      </sentence>
      <sentence id="d000.s2376" source="wordnet-bulgarian">
         <instance id="d000.s2376.t000" lemma="мъка" pos="NOUN">Мъка</instance>
         <wf lemma="ми" pos="X">ми</wf>
         <wf lemma="е" pos="X">е</wf>
         <wf lemma="на" pos="X">на</wf>
         <wf lemma="душата" pos="X">душата</wf>
         <wf lemma="." pos="X">.</wf>
      </sentence>
      <sentence id="d000.s2377" source="wordnet-bulgarian">
         <wf lemma="Къща" pos="X">Къща</wf>
         <wf lemma="с" pos="X">с</wf>
         <wf lemma="хубаво" pos="X">хубаво</wf>
         <instance id="d000.s2377.t000" lemma="лице" pos="NOUN">лице</instance>
         <wf lemma="." pos="X">.</wf>
      </sentence>
      <sentence id="d000.s2378" source="wordnet-bulgarian">
         <wf lemma="професионално" pos="X">професионално</wf>
         <instance id="d000.s2378.t000" lemma="училище" pos="NOUN">училище</instance>
         <wf lemma="." pos="X">.</wf>
      </sentence>
      <sentence id="d000.s2379" source="wordnet-bulgarian">
         <wf lemma="броя" pos="X">броя</wf>
         <instance id="d000.s2379.t000" lemma="бюлетина" pos="NOUN">бюлетини</instance>
         <wf lemma="." pos="X">.</wf>
      </sentence>
      <sentence id="d000.s2380" source="wordnet-bulgarian">
         <wf lemma="световен" pos="X">световен</wf>
         <instance id="d000.s2380.t000" lemma="шампион" pos="NOUN">шампион</instance>
         <wf lemma="." pos="X">.</wf>
      </sentence>
      <sentence id="d000.s2381" source="wordnet-bulgarian">
         <wf lemma="двадесет" pos="X">двадесет</wf>
         <wf lemma="и" pos="X">и</wf>
         <wf lemma="първи" pos="X">първи</wf>
         <instance id="d000.s2381.t000" lemma="век" pos="NOUN">век</instance>
         <wf lemma="." pos="X">.</wf>
      </sentence>
      <sentence id="d000.s2382" source="wordnet-bulgarian">
         <wf lemma="нямам" pos="X">нямам</wf>
         <instance id="d000.s2382.t000" lemma="имущество" pos="NOUN">имущество</instance>
         <wf lemma="." pos="X">.</wf>
      </sentence>
      <sentence id="d000.s2383" source="wordnet-bulgarian">
         <wf lemma="цветна" pos="X">цветна</wf>
         <instance id="d000.s2383.t000" lemma="лента" pos="NOUN">лента</instance>
         <wf lemma="." pos="X">.</wf>
      </sentence>
      <sentence id="d000.s2384" source="wordnet-bulgarian">
         <instance id="d000.s2384.t000" lemma="пея" pos="VERB">пея</instance>
         <wf lemma="като" pos="X">като</wf>
         <wf lemma="славей" pos="X">славей</wf>
         <wf lemma="." pos="X">.</wf>
      </sentence>
      <sentence id="d000.s2385" source="wordnet-bulgarian">
         <wf lemma="масажираща" pos="X">масажираща</wf>
         <instance id="d000.s2385.t000" lemma="седалка" pos="NOUN">седалка</instance>
         <wf lemma="." pos="X">.</wf>
      </sentence>
      <sentence id="d000.s2386" source="wordnet-bulgarian">
         <wf lemma="златен" pos="X">златен</wf>
         <instance id="d000.s2386.t000" lemma="купол" pos="NOUN">купол</instance>
         <wf lemma="." pos="X">.</wf>
      </sentence>
      <sentence id="d000.s2387" source="wordnet-bulgarian">
         <wf lemma="увеличаване" pos="X">увеличаване</wf>
         <wf lemma="на" pos="X">на</wf>
         <instance id="d000.s2387.t000" lemma="продажба" pos="NOUN">продажбите</instance>
         <wf lemma="." pos="X">.</wf>
      </sentence>
      <sentence id="d000.s2388" source="wordnet-bulgarian">
         <wf lemma="градски" pos="X">градски</wf>
         <instance id="d000.s2388.t000" lemma="транспорт" pos="NOUN">транспорт</instance>
         <wf lemma="." pos="X">.</wf>
      </sentence>
      <sentence id="d000.s2389" source="wordnet-bulgarian">
         <wf lemma="България" pos="X">България</wf>
         <wf lemma="е" pos="X">е</wf>
         <wf lemma="с" pos="X">с</wf>
         <instance id="d000.s2389.t000" lemma="амбиция" pos="NOUN">амбиция</instance>
         <wf lemma="да" pos="X">да</wf>
         <wf lemma="усвои" pos="X">усвои</wf>
         <wf lemma="най-много" pos="X">най-много</wf>
         <wf lemma="еврофондове" pos="X">еврофондове</wf>
         <wf lemma="." pos="X">.</wf>
      </sentence>
      <sentence id="d000.s2390" source="wordnet-bulgarian">
         <wf lemma="месечен" pos="X">месечен</wf>
         <instance id="d000.s2390.t000" lemma="бюлетин" pos="NOUN">бюлетин</instance>
         <wf lemma="." pos="X">.</wf>
      </sentence>
      <sentence id="d000.s2391" source="wordnet-bulgarian">
         <wf lemma="в" pos="X">в</wf>
         <instance id="d000.s2391.t000" lemma="колона" pos="NOUN">колона</instance>
         <wf lemma="по" pos="X">по</wf>
         <wf lemma="двама" pos="X">двама</wf>
         <wf lemma="." pos="X">.</wf>
      </sentence>
      <sentence id="d000.s2392" source="wordnet-bulgarian">
         <wf lemma="влизам" pos="X">влизам</wf>
         <wf lemma="във" pos="X">във</wf>
         <instance id="d000.s2392.t000" lemma="връзка" pos="NOUN">връзка</instance>
         <wf lemma="с" pos="X">с</wf>
         <wf lemma="някого" pos="X">някого</wf>
         <wf lemma="по" pos="X">по</wf>
         <wf lemma="телефона" pos="X">телефона</wf>
         <wf lemma="." pos="X">.</wf>
      </sentence>
      <sentence id="d000.s2393" source="wordnet-bulgarian">
         <wf lemma="физическо" pos="X">физическо</wf>
         <instance id="d000.s2393.t000" lemma="насилие" pos="NOUN">насилие</instance>
         <wf lemma="." pos="X">.</wf>
      </sentence>
      <sentence id="d000.s2394" source="wordnet-bulgarian">
         <instance id="d000.s2394.t000" lemma="търговец" pos="NOUN">търговец</instance>
         <wf lemma="на" pos="X">на</wf>
         <wf lemma="дребно" pos="X">дребно</wf>
         <wf lemma="." pos="X">.</wf>
      </sentence>
      <sentence id="d000.s2395" source="wordnet-bulgarian">
         <wf lemma="стар" pos="X">стар</wf>
         <instance id="d000.s2395.t000" lemma="лук" pos="NOUN">лук</instance>
         <wf lemma="." pos="X">.</wf>
      </sentence>
      <sentence id="d000.s2396" source="wordnet-bulgarian">
         <wf lemma="Външнотърговски" pos="X">Външнотърговски</wf>
         <instance id="d000.s2396.t000" lemma="стокообмен" pos="NOUN">стокообмен</instance>
         <wf lemma="." pos="X">.</wf>
      </sentence>
      <sentence id="d000.s2397" source="wordnet-bulgarian">
         <wf lemma="разглобявам" pos="X">разглобявам</wf>
         <instance id="d000.s2397.t000" lemma="механизъм" pos="NOUN">механизмите</instance>
         <wf lemma="на" pos="X">на</wf>
         <wf lemma="." pos="X">.</wf>
      </sentence>
      <sentence id="d000.s2398" source="wordnet-bulgarian">
         <wf lemma="Лицето" pos="X">Лицето</wf>
         <wf lemma="му" pos="X">му</wf>
         <instance id="d000.s2398.t000" lemma="добия" pos="VERB">доби</instance>
         <wf lemma="червен" pos="X">червен</wf>
         <wf lemma="цвят" pos="X">цвят</wf>
         <wf lemma="." pos="X">.</wf>
      </sentence>
      <sentence id="d000.s2399" source="wordnet-bulgarian">
         <wf lemma="отказвам" pos="X">отказвам</wf>
         <wf lemma="се" pos="X">се</wf>
         <wf lemma="от" pos="X">от</wf>
         <instance id="d000.s2399.t000" lemma="идеал" pos="NOUN">идеалите</instance>
         <wf lemma="си" pos="X">си</wf>
         <wf lemma="." pos="X">.</wf>
      </sentence>
      <sentence id="d000.s2400" source="wordnet-bulgarian">
         <wf lemma="професионална" pos="X">професионална</wf>
         <instance id="d000.s2400.t000" lemma="снимка" pos="NOUN">снимка</instance>
         <wf lemma="." pos="X">.</wf>
      </sentence>
      <sentence id="d000.s2401" source="wordnet-bulgarian">
         <wf lemma="камилска" pos="X">камилска</wf>
         <instance id="d000.s2401.t000" lemma="птица" pos="NOUN">птица</instance>
         <wf lemma="." pos="X">.</wf>
      </sentence>
      <sentence id="d000.s2402" source="wordnet-bulgarian">
         <instance id="d000.s2402.t000" lemma="пукнатина" pos="NOUN">пукнатини</instance>
         <wf lemma="в" pos="X">в</wf>
         <wf lemma="леда" pos="X">леда</wf>
         <wf lemma="." pos="X">.</wf>
      </sentence>
      <sentence id="d000.s2403" source="wordnet-bulgarian">
         <wf lemma="падеж" pos="X">падеж</wf>
         <wf lemma="на" pos="X">на</wf>
         <instance id="d000.s2403.t000" lemma="полица" pos="NOUN">полица</instance>
         <wf lemma="." pos="X">.</wf>
      </sentence>
      <sentence id="d000.s2404" source="wordnet-bulgarian">
         <wf lemma="кимам" pos="X">кимам</wf>
         <wf lemma="за" pos="X">за</wf>
         <instance id="d000.s2404.t000" lemma="поздрав" pos="NOUN">поздрав</instance>
         <wf lemma="." pos="X">.</wf>
      </sentence>
      <sentence id="d000.s2405" source="wordnet-bulgarian">
         <wf lemma="По-рано" pos="X">По-рано</wf>
         <wf lemma="тия" pos="X">тия</wf>
         <wf lemma="ниви" pos="X">ниви</wf>
         <instance id="d000.s2405.t000" lemma="принадлежа" pos="VERB">принадлежаха</instance>
         <wf lemma="на" pos="X">на</wf>
         <wf lemma="съседното" pos="X">съседното</wf>
         <wf lemma="село" pos="X">село</wf>
         <wf lemma="." pos="X">.</wf>
      </sentence>
      <sentence id="d000.s2406" source="wordnet-bulgarian">
         <wf lemma="правя" pos="X">правя</wf>
         <instance id="d000.s2406.t000" lemma="дарение" pos="NOUN">дарение</instance>
         <wf lemma="." pos="X">.</wf>
      </sentence>
      <sentence id="d000.s2407" source="wordnet-bulgarian">
         <wf lemma="художествена" pos="X">художествена</wf>
         <instance id="d000.s2407.t000" lemma="изложба" pos="NOUN">изложба</instance>
         <wf lemma="." pos="X">.</wf>
      </sentence>
      <sentence id="d000.s2408" source="wordnet-bulgarian">
         <wf lemma="Предстои" pos="X">Предстои</wf>
         <wf lemma="ми" pos="X">ми</wf>
         <instance id="d000.s2408.t000" lemma="операция" pos="NOUN">операция</instance>
         <wf lemma="." pos="X">.</wf>
      </sentence>
      <sentence id="d000.s2409" source="wordnet-bulgarian">
         <wf lemma="красиво" pos="X">красиво</wf>
         <instance id="d000.s2409.t000" lemma="лице" pos="NOUN">лице</instance>
         <wf lemma="." pos="X">.</wf>
      </sentence>
      <sentence id="d000.s2410" source="wordnet-bulgarian">
         <wf lemma="точна" pos="X">точна</wf>
         <instance id="d000.s2410.t000" lemma="информация" pos="NOUN">информация</instance>
         <wf lemma="." pos="X">.</wf>
      </sentence>
      <sentence id="d000.s2411" source="wordnet-bulgarian">
         <wf lemma="намирам" pos="X">намирам</wf>
         <instance id="d000.s2411.t000" lemma="изход" pos="NOUN">изход</instance>
         <wf lemma="." pos="X">.</wf>
      </sentence>
      <sentence id="d000.s2412" source="wordnet-bulgarian">
         <wf lemma="съвестен" pos="X">съвестен</wf>
         <instance id="d000.s2412.t000" lemma="данъкоплатец" pos="NOUN">данъкоплатец</instance>
         <wf lemma="." pos="X">.</wf>
      </sentence>
      <sentence id="d000.s2413" source="wordnet-bulgarian">
         <instance id="d000.s2413.t000" lemma="тържество" pos="NOUN">Тържеството</instance>
         <wf lemma="продължи" pos="X">продължи</wf>
         <wf lemma="до" pos="X">до</wf>
         <wf lemma="сутринта" pos="X">сутринта</wf>
         <wf lemma="." pos="X">.</wf>
      </sentence>
      <sentence id="d000.s2414" source="wordnet-bulgarian">
         <instance id="d000.s2414.t000" lemma="доставям" pos="VERB">доставям</instance>
         <wf lemma="хранителни" pos="X">хранителни</wf>
         <wf lemma="продукти" pos="X">продукти</wf>
         <wf lemma="." pos="X">.</wf>
      </sentence>
      <sentence id="d000.s2415" source="wordnet-bulgarian">
         <instance id="d000.s2415.t000" lemma="балкон" pos="NOUN">балкон</instance>
         <wf lemma="," pos="X">,</wf>
         <wf lemma="отрупан" pos="X">отрупан</wf>
         <wf lemma="със" pos="X">със</wf>
         <wf lemma="саксии" pos="X">саксии</wf>
         <wf lemma="." pos="X">.</wf>
      </sentence>
      <sentence id="d000.s2416" source="wordnet-bulgarian">
         <wf lemma="аналитична" pos="X">аналитична</wf>
         <instance id="d000.s2416.t000" lemma="функция" pos="NOUN">функция</instance>
         <wf lemma="." pos="X">.</wf>
      </sentence>
      <sentence id="d000.s2417" source="wordnet-bulgarian">
         <wf lemma="първокласна" pos="X">първокласна</wf>
         <instance id="d000.s2417.t000" lemma="магистрала" pos="NOUN">магистрала</instance>
         <wf lemma="." pos="X">.</wf>
      </sentence>
      <sentence id="d000.s2418" source="wordnet-bulgarian">
         <wf lemma="политическа" pos="X">политическа</wf>
         <instance id="d000.s2418.t000" lemma="пропаганда" pos="NOUN">пропаганда</instance>
         <wf lemma="." pos="X">.</wf>
      </sentence>
      <sentence id="d000.s2419" source="wordnet-bulgarian">
         <wf lemma="благоприятна" pos="X">благоприятна</wf>
         <instance id="d000.s2419.t000" lemma="среда" pos="NOUN">среда</instance>
         <wf lemma="." pos="X">.</wf>
      </sentence>
      <sentence id="d000.s2420" source="wordnet-bulgarian">
         <wf lemma="ниска" pos="X">ниска</wf>
         <instance id="d000.s2420.t000" lemma="степен" pos="NOUN">степен</instance>
         <wf lemma="на" pos="X">на</wf>
         <wf lemma="интелигентност" pos="X">интелигентност</wf>
         <wf lemma="." pos="X">.</wf>
      </sentence>
      <sentence id="d000.s2421" source="wordnet-bulgarian">
         <wf lemma="Тръпчивият" pos="X">Тръпчивият</wf>
         <instance id="d000.s2421.t000" lemma="вкус" pos="NOUN">вкус</instance>
         <wf lemma="на" pos="X">на</wf>
         <wf lemma="дренките" pos="X">дренките</wf>
         <wf lemma="скова" pos="X">скова</wf>
         <wf lemma="челюстите" pos="X">челюстите</wf>
         <wf lemma="му" pos="X">му</wf>
         <wf lemma="." pos="X">.</wf>
      </sentence>
      <sentence id="d000.s2422" source="wordnet-bulgarian">
         <wf lemma="тежка" pos="X">тежка</wf>
         <instance id="d000.s2422.t000" lemma="операция" pos="NOUN">операция</instance>
         <wf lemma="." pos="X">.</wf>
      </sentence>
      <sentence id="d000.s2423" source="wordnet-bulgarian">
         <instance id="d000.s2423.t000" lemma="опаковам" pos="VERB">опаковам</instance>
         <wf lemma="книги" pos="X">книги</wf>
         <wf lemma="." pos="X">.</wf>
      </sentence>
      <sentence id="d000.s2424" source="wordnet-bulgarian">
         <wf lemma="домашна" pos="X">домашна</wf>
         <instance id="d000.s2424.t000" lemma="мишка" pos="NOUN">мишка</instance>
         <wf lemma="." pos="X">.</wf>
      </sentence>
      <sentence id="d000.s2425" source="wordnet-bulgarian">
         <wf lemma="в" pos="X">в</wf>
         <wf lemma="дълбока" pos="X">дълбока</wf>
         <instance id="d000.s2425.t000" lemma="нощ" pos="NOUN">нощ</instance>
         <wf lemma="." pos="X">.</wf>
      </sentence>
      <sentence id="d000.s2426" source="wordnet-bulgarian">
         <instance id="d000.s2426.t000" lemma="кошница" pos="NOUN">кошница</instance>
         <wf lemma="с" pos="X">с</wf>
         <wf lemma="плодове" pos="X">плодове</wf>
         <wf lemma="." pos="X">.</wf>
      </sentence>
      <sentence id="d000.s2427" source="wordnet-bulgarian">
         <wf lemma="волейболен" pos="X">волейболен</wf>
         <instance id="d000.s2427.t000" lemma="мач" pos="NOUN">мач</instance>
         <wf lemma="." pos="X">.</wf>
      </sentence>
      <sentence id="d000.s2428" source="wordnet-bulgarian">
         <instance id="d000.s2428.t000" lemma="възрастен" pos="NOUN">възрастен</instance>
         <wf lemma="мъж" pos="X">мъж</wf>
         <wf lemma="." pos="X">.</wf>
      </sentence>
      <sentence id="d000.s2429" source="wordnet-bulgarian">
         <wf lemma="Мога" pos="X">Мога</wf>
         <wf lemma="ли" pos="X">ли</wf>
         <wf lemma="да" pos="X">да</wf>
         <wf lemma="ви" pos="X">ви</wf>
         <instance id="d000.s2429.t000" lemma="поканя" pos="VERB">поканя</instance>
         <wf lemma="на" pos="X">на</wf>
         <wf lemma="вечеря" pos="X">вечеря</wf>
         <wf lemma="?" pos="X">?</wf>
      </sentence>
      <sentence id="d000.s2430" source="wordnet-bulgarian">
         <wf lemma="родилни" pos="X">родилни</wf>
         <instance id="d000.s2430.t000" lemma="мъка" pos="NOUN">мъки</instance>
         <wf lemma="." pos="X">.</wf>
      </sentence>
      <sentence id="d000.s2431" source="wordnet-bulgarian">
         <instance id="d000.s2431.t000" lemma="оборудване" pos="NOUN">оборудване</instance>
         <wf lemma="за" pos="X">за</wf>
         <wf lemma="кола" pos="X">кола</wf>
         <wf lemma="." pos="X">.</wf>
      </sentence>
      <sentence id="d000.s2432" source="wordnet-bulgarian">
         <wf lemma="избухна" pos="X">избухна</wf>
         <instance id="d000.s2432.t000" lemma="взрив" pos="NOUN">взрив</instance>
         <wf lemma="." pos="X">.</wf>
      </sentence>
      <sentence id="d000.s2433" source="wordnet-bulgarian">
         <instance id="d000.s2433.t000" lemma="аквариум" pos="NOUN">аквариум</instance>
         <wf lemma="за" pos="X">за</wf>
         <wf lemma="рибки" pos="X">рибки</wf>
         <wf lemma="." pos="X">.</wf>
      </sentence>
      <sentence id="d000.s2434" source="wordnet-bulgarian">
         <wf lemma="имам" pos="X">имам</wf>
         <instance id="d000.s2434.t000" lemma="сестра" pos="NOUN">сестра</instance>
         <wf lemma="." pos="X">.</wf>
      </sentence>
      <sentence id="d000.s2435" source="wordnet-bulgarian">
         <wf lemma="Затварям" pos="X">Затварям</wf>
         <wf lemma="със" pos="X">със</wf>
         <instance id="d000.s2435.t000" lemma="сила" pos="NOUN">сила</instance>
         <wf lemma="." pos="X">.</wf>
      </sentence>
      <sentence id="d000.s2436" source="wordnet-bulgarian">
         <wf lemma="доходен" pos="X">доходен</wf>
         <instance id="d000.s2436.t000" lemma="бизнес" pos="NOUN">бизнес</instance>
         <wf lemma="." pos="X">.</wf>
      </sentence>
      <sentence id="d000.s2437" source="wordnet-bulgarian">
         <wf lemma="сухопътна" pos="X">сухопътна</wf>
         <instance id="d000.s2437.t000" lemma="армия" pos="NOUN">армия</instance>
         <wf lemma="." pos="X">.</wf>
      </sentence>
      <sentence id="d000.s2438" source="wordnet-bulgarian">
         <wf lemma="Корабът" pos="X">Корабът</wf>
         <wf lemma="се" pos="X">се</wf>
         <wf lemma="носи" pos="X">носи</wf>
         <wf lemma="по" pos="X">по</wf>
         <instance id="d000.s2438.t000" lemma="вълна" pos="NOUN">вълните</instance>
         <wf lemma="." pos="X">.</wf>
      </sentence>
      <sentence id="d000.s2439" source="wordnet-bulgarian">
         <wf lemma="пътувам" pos="X">пътувам</wf>
         <wf lemma="с" pos="X">с</wf>
         <instance id="d000.s2439.t000" lemma="автобус" pos="NOUN">автобус</instance>
         <wf lemma="." pos="X">.</wf>
      </sentence>
      <sentence id="d000.s2440" source="wordnet-bulgarian">
         <wf lemma="под" pos="X">под</wf>
         <instance id="d000.s2440.t000" lemma="прикритие" pos="NOUN">прикритие</instance>
         <wf lemma="." pos="X">.</wf>
      </sentence>
      <sentence id="d000.s2441" source="wordnet-bulgarian">
         <wf lemma="държавен" pos="X">държавен</wf>
         <instance id="d000.s2441.t000" lemma="дълг" pos="NOUN">дълг</instance>
         <wf lemma="." pos="X">.</wf>
      </sentence>
      <sentence id="d000.s2442" source="wordnet-bulgarian">
         <instance id="d000.s2442.t000" lemma="дефицит" pos="NOUN">дефицит</instance>
         <wf lemma="в" pos="X">в</wf>
         <wf lemma="касата" pos="X">касата</wf>
         <wf lemma="." pos="X">.</wf>
      </sentence>
      <sentence id="d000.s2443" source="wordnet-bulgarian">
         <wf lemma="финансов" pos="X">финансов</wf>
         <instance id="d000.s2443.t000" lemma="агент" pos="NOUN">агент</instance>
         <wf lemma="." pos="X">.</wf>
      </sentence>
      <sentence id="d000.s2444" source="wordnet-bulgarian">
         <wf lemma="Открих" pos="X">Открих</wf>
         <wf lemma="лек" pos="X">лек</wf>
         <wf lemma="акцент" pos="X">акцент</wf>
         <wf lemma="в" pos="X">в</wf>
         <instance id="d000.s2444.t000" lemma="говор" pos="NOUN">говора</instance>
         <wf lemma="й" pos="X">й</wf>
         <wf lemma="." pos="X">.</wf>
      </sentence>
      <sentence id="d000.s2445" source="wordnet-bulgarian">
         <wf lemma="китайска" pos="X">китайска</wf>
         <instance id="d000.s2445.t000" lemma="фурма" pos="NOUN">фурма</instance>
         <wf lemma="." pos="X">.</wf>
      </sentence>
      <sentence id="d000.s2446" source="wordnet-bulgarian">
         <instance id="d000.s2446.t000" lemma="снимка" pos="NOUN">снимка</instance>
         <wf lemma="на" pos="X">на</wf>
         <wf lemma="." pos="X">.</wf>
      </sentence>
      <sentence id="d000.s2447" source="wordnet-bulgarian">
         <wf lemma="пълно" pos="X">пълно</wf>
         <instance id="d000.s2447.t000" lemma="доверие" pos="NOUN">доверие</instance>
         <wf lemma="." pos="X">.</wf>
      </sentence>
      <sentence id="d000.s2448" source="wordnet-bulgarian">
         <instance id="d000.s2448.t000" lemma="център" pos="NOUN">център</instance>
         <wf lemma="на" pos="X">на</wf>
         <wf lemma="окръжност" pos="X">окръжност</wf>
         <wf lemma="." pos="X">.</wf>
      </sentence>
      <sentence id="d000.s2449" source="wordnet-bulgarian">
         <wf lemma="разхлабен" pos="X">разхлабен</wf>
         <instance id="d000.s2449.t000" lemma="обръч" pos="NOUN">обръч</instance>
         <wf lemma="." pos="X">.</wf>
      </sentence>
      <sentence id="d000.s2450" source="wordnet-bulgarian">
         <wf lemma="на" pos="X">на</wf>
         <instance id="d000.s2450.t000" lemma="запад" pos="NOUN">запад</instance>
         <wf lemma="." pos="X">.</wf>
      </sentence>
      <sentence id="d000.s2451" source="wordnet-bulgarian">
         <wf lemma="Не" pos="X">Не</wf>
         <wf lemma="разбирам" pos="X">разбирам</wf>
         <wf lemma="от" pos="X">от</wf>
         <instance id="d000.s2451.t000" lemma="майтап" pos="NOUN">майтап</instance>
         <wf lemma="." pos="X">.</wf>
      </sentence>
      <sentence id="d000.s2452" source="wordnet-bulgarian">
         <instance id="d000.s2452.t000" lemma="обувка" pos="NOUN">обувки</instance>
         <wf lemma="с" pos="X">с</wf>
         <wf lemma="ток" pos="X">ток</wf>
         <wf lemma="." pos="X">.</wf>
      </sentence>
      <sentence id="d000.s2453" source="wordnet-bulgarian">
         <wf lemma="изливам" pos="X">изливам</wf>
         <instance id="d000.s2453.t000" lemma="гняв" pos="NOUN">гнева</instance>
         <wf lemma="си" pos="X">си</wf>
         <wf lemma="върху" pos="X">върху</wf>
         <wf lemma="." pos="X">.</wf>
      </sentence>
      <sentence id="d000.s2454" source="wordnet-bulgarian">
         <wf lemma="без" pos="X">без</wf>
         <instance id="d000.s2454.t000" lemma="подготовка" pos="NOUN">подготовка</instance>
         <wf lemma="." pos="X">.</wf>
      </sentence>
      <sentence id="d000.s2455" source="wordnet-bulgarian">
         <wf lemma="училищна" pos="X">училищна</wf>
         <instance id="d000.s2455.t000" lemma="власт" pos="NOUN">власт</instance>
         <wf lemma="." pos="X">.</wf>
      </sentence>
      <sentence id="d000.s2456" source="wordnet-bulgarian">
         <wf lemma="нежно" pos="X">нежно</wf>
         <instance id="d000.s2456.t000" lemma="докосване" pos="NOUN">докосване</instance>
         <wf lemma="." pos="X">.</wf>
      </sentence>
      <sentence id="d000.s2457" source="wordnet-bulgarian">
         <wf lemma="колкото" pos="X">колкото</wf>
         <wf lemma="и" pos="X">и</wf>
         <wf lemma="голямо" pos="X">голямо</wf>
         <instance id="d000.s2457.t000" lemma="желание" pos="NOUN">желание</instance>
         <wf lemma="да" pos="X">да</wf>
         <wf lemma="имам" pos="X">имам</wf>
         <wf lemma="." pos="X">.</wf>
      </sentence>
      <sentence id="d000.s2458" source="wordnet-bulgarian">
         <wf lemma="апартамент" pos="X">апартамент</wf>
         <wf lemma="на" pos="X">на</wf>
         <wf lemma="първия" pos="X">първия</wf>
         <instance id="d000.s2458.t000" lemma="етаж" pos="NOUN">етаж</instance>
         <wf lemma="." pos="X">.</wf>
      </sentence>
      <sentence id="d000.s2459" source="wordnet-bulgarian">
         <instance id="d000.s2459.t000" lemma="огледало" pos="NOUN">огледало</instance>
         <wf lemma="за" pos="X">за</wf>
         <wf lemma="задно" pos="X">задно</wf>
         <wf lemma="виждане" pos="X">виждане</wf>
         <wf lemma="." pos="X">.</wf>
      </sentence>
      <sentence id="d000.s2460" source="wordnet-bulgarian">
         <wf lemma="излагам" pos="X">излагам</wf>
         <instance id="d000.s2460.t000" lemma="версия" pos="NOUN">версията</instance>
         <wf lemma="си" pos="X">си</wf>
         <wf lemma="за" pos="X">за</wf>
         <wf lemma="." pos="X">.</wf>
      </sentence>
      <sentence id="d000.s2461" source="wordnet-bulgarian">
         <wf lemma="подово" pos="X">подово</wf>
         <instance id="d000.s2461.t000" lemma="отопление" pos="NOUN">отопление</instance>
         <wf lemma="." pos="X">.</wf>
      </sentence>
      <sentence id="d000.s2462" source="wordnet-bulgarian">
         <wf lemma="играя" pos="X">играя</wf>
         <wf lemma="си" pos="X">си</wf>
         <wf lemma="със" pos="X">със</wf>
         <instance id="d000.s2462.t000" lemma="смърт" pos="NOUN">смъртта</instance>
         <wf lemma="." pos="X">.</wf>
      </sentence>
      <sentence id="d000.s2463" source="wordnet-bulgarian">
         <wf lemma="дълъг" pos="X">дълъг</wf>
         <instance id="d000.s2463.t000" lemma="прът" pos="NOUN">прът</instance>
         <wf lemma="." pos="X">.</wf>
      </sentence>
      <sentence id="d000.s2464" source="wordnet-bulgarian">
         <wf lemma="Неговият" pos="X">Неговият</wf>
         <instance id="d000.s2464.t000" lemma="свят" pos="NOUN">свят</instance>
         <wf lemma="беше" pos="X">беше</wf>
         <wf lemma="разбит" pos="X">разбит</wf>
         <wf lemma="." pos="X">.</wf>
      </sentence>
      <sentence id="d000.s2465" source="wordnet-bulgarian">
         <wf lemma="дебели" pos="X">дебели</wf>
         <instance id="d000.s2465.t000" lemma="пръст" pos="NOUN">пръсти</instance>
         <wf lemma="." pos="X">.</wf>
      </sentence>
      <sentence id="d000.s2466" source="wordnet-bulgarian">
         <wf lemma="пречупен" pos="X">пречупен</wf>
         <instance id="d000.s2466.t000" lemma="стълб" pos="NOUN">стълб</instance>
         <wf lemma="." pos="X">.</wf>
      </sentence>
      <sentence id="d000.s2467" source="wordnet-bulgarian">
         <wf lemma="голям" pos="X">голям</wf>
         <instance id="d000.s2467.t000" lemma="площад" pos="NOUN">площад</instance>
         <wf lemma="." pos="X">.</wf>
      </sentence>
      <sentence id="d000.s2468" source="wordnet-bulgarian">
         <wf lemma="Употребата" pos="X">Употребата</wf>
         <wf lemma="на" pos="X">на</wf>
         <instance id="d000.s2468.t000" lemma="хероин" pos="NOUN">хероин</instance>
         <wf lemma="довежда" pos="X">довежда</wf>
         <wf lemma="до" pos="X">до</wf>
         <wf lemma="различни" pos="X">различни</wf>
         <wf lemma="болести" pos="X">болести</wf>
         <wf lemma="на" pos="X">на</wf>
         <wf lemma="тялото" pos="X">тялото</wf>
         <wf lemma="и" pos="X">и</wf>
         <wf lemma="психиката" pos="X">психиката</wf>
         <wf lemma="." pos="X">.</wf>
      </sentence>
      <sentence id="d000.s2469" source="wordnet-bulgarian">
         <instance id="d000.s2469.t000" lemma="излагам" pos="VERB">излагам</instance>
         <wf lemma="стока" pos="X">стока</wf>
         <wf lemma="." pos="X">.</wf>
      </sentence>
      <sentence id="d000.s2470" source="wordnet-bulgarian">
         <wf lemma="Внасям" pos="X">Внасям</wf>
         <instance id="d000.s2470.t000" lemma="изменение" pos="NOUN">изменения</instance>
         <wf lemma="в" pos="X">в</wf>
         <wf lemma="плана" pos="X">плана</wf>
         <wf lemma="." pos="X">.</wf>
      </sentence>
      <sentence id="d000.s2471" source="wordnet-bulgarian">
         <wf lemma="строителен" pos="X">строителен</wf>
         <instance id="d000.s2471.t000" lemma="инженер" pos="NOUN">инженер</instance>
         <wf lemma="." pos="X">.</wf>
      </sentence>
      <sentence id="d000.s2472" source="wordnet-bulgarian">
         <wf lemma="слагам" pos="X">слагам</wf>
         <wf lemma="глава" pos="X">глава</wf>
         <wf lemma="на" pos="X">на</wf>
         <instance id="d000.s2472.t000" lemma="възглавница" pos="NOUN">възглавницата</instance>
         <wf lemma="." pos="X">.</wf>
      </sentence>
      <sentence id="d000.s2473" source="wordnet-bulgarian">
         <wf lemma="чужда" pos="X">чужда</wf>
         <instance id="d000.s2473.t000" lemma="помощ" pos="NOUN">помощ</instance>
         <wf lemma="." pos="X">.</wf>
      </sentence>
      <sentence id="d000.s2474" source="wordnet-bulgarian">
         <wf lemma="Прехапах" pos="X">Прехапах</wf>
         <wf lemma="си" pos="X">си</wf>
         <instance id="d000.s2474.t000" lemma="език" pos="NOUN">езика</instance>
         <wf lemma="." pos="X">.</wf>
      </sentence>
      <sentence id="d000.s2475" source="wordnet-bulgarian">
         <wf lemma="разностранен" pos="X">разностранен</wf>
         <instance id="d000.s2475.t000" lemma="триъгълник" pos="NOUN">триъгълник</instance>
         <wf lemma="." pos="X">.</wf>
      </sentence>
      <sentence id="d000.s2476" source="wordnet-bulgarian">
         <instance id="d000.s2476.t000" lemma="пера" pos="VERB">пера</instance>
         <wf lemma="на" pos="X">на</wf>
         <wf lemma="ръка" pos="X">ръка</wf>
         <wf lemma="." pos="X">.</wf>
      </sentence>
      <sentence id="d000.s2477" source="wordnet-bulgarian">
         <instance id="d000.s2477.t000" lemma="училище" pos="NOUN">училище</instance>
         <wf lemma="с" pos="X">с</wf>
         <wf lemma="изучаване" pos="X">изучаване</wf>
         <wf lemma="на" pos="X">на</wf>
         <wf lemma="чужди" pos="X">чужди</wf>
         <wf lemma="езици" pos="X">езици</wf>
         <wf lemma="." pos="X">.</wf>
      </sentence>
      <sentence id="d000.s2478" source="wordnet-bulgarian">
         <instance id="d000.s2478.t000" lemma="гаранция" pos="NOUN">гаранцията</instance>
         <wf lemma="е" pos="X">е</wf>
         <wf lemma="минала" pos="X">минала</wf>
         <wf lemma="." pos="X">.</wf>
      </sentence>
      <sentence id="d000.s2479" source="wordnet-bulgarian">
         <wf lemma="Ти" pos="X">Ти</wf>
         <wf lemma="си" pos="X">си</wf>
         <wf lemma="на" pos="X">на</wf>
         <instance id="d000.s2479.t000" lemma="ред" pos="NOUN">ред</instance>
         <wf lemma="." pos="X">.</wf>
      </sentence>
      <sentence id="d000.s2480" source="wordnet-bulgarian">
         <wf lemma="хващам" pos="X">хващам</wf>
         <instance id="d000.s2480.t000" lemma="път" pos="NOUN">пътя</instance>
         <wf lemma="за" pos="X">за</wf>
         <wf lemma="." pos="X">.</wf>
      </sentence>
      <sentence id="d000.s2481" source="wordnet-bulgarian">
         <wf lemma="Дървета" pos="X">Дървета</wf>
         <instance id="d000.s2481.t000" lemma="плавам" pos="VERB">плават</instance>
         <wf lemma="по" pos="X">по</wf>
         <wf lemma="течението" pos="X">течението</wf>
         <wf lemma="." pos="X">.</wf>
      </sentence>
      <sentence id="d000.s2482" source="wordnet-bulgarian">
         <wf lemma="високи" pos="X">високи</wf>
         <instance id="d000.s2482.t000" lemma="добив" pos="NOUN">добиви</instance>
         <wf lemma="на" pos="X">на</wf>
         <wf lemma="домати" pos="X">домати</wf>
         <wf lemma="." pos="X">.</wf>
      </sentence>
      <sentence id="d000.s2483" source="wordnet-bulgarian">
         <wf lemma="Не" pos="X">Не</wf>
         <instance id="d000.s2483.t000" lemma="очаквам" pos="VERB">очаквам</instance>
         <wf lemma="кой" pos="X">кой</wf>
         <wf lemma="знае" pos="X">знае</wf>
         <wf lemma="какво" pos="X">какво</wf>
         <wf lemma="." pos="X">.</wf>
      </sentence>
      <sentence id="d000.s2484" source="wordnet-bulgarian">
         <wf lemma="неравностоен" pos="X">неравностоен</wf>
         <instance id="d000.s2484.t000" lemma="бой" pos="NOUN">бой</instance>
         <wf lemma="." pos="X">.</wf>
      </sentence>
      <sentence id="d000.s2485" source="wordnet-bulgarian">
         <wf lemma="смолисти" pos="X">смолисти</wf>
         <instance id="d000.s2485.t000" lemma="вещество" pos="NOUN">вещества</instance>
         <wf lemma="." pos="X">.</wf>
      </sentence>
      <sentence id="d000.s2486" source="wordnet-bulgarian">
         <wf lemma="хайвер" pos="X">хайвер</wf>
         <wf lemma="от" pos="X">от</wf>
         <instance id="d000.s2486.t000" lemma="сьомга" pos="NOUN">сьомга</instance>
         <wf lemma="." pos="X">.</wf>
      </sentence>
      <sentence id="d000.s2487" source="wordnet-bulgarian">
         <wf lemma="спазвам" pos="X">спазвам</wf>
         <instance id="d000.s2487.t000" lemma="процедура" pos="NOUN">процедурата</instance>
         <wf lemma="." pos="X">.</wf>
      </sentence>
      <sentence id="d000.s2488" source="wordnet-bulgarian">
         <wf lemma="с" pos="X">с</wf>
         <instance id="d000.s2488.t000" lemma="пушка" pos="NOUN">пушка</instance>
         <wf lemma="през" pos="X">през</wf>
         <wf lemma="рамо" pos="X">рамо</wf>
         <wf lemma="." pos="X">.</wf>
      </sentence>
      <sentence id="d000.s2489" source="wordnet-bulgarian">
         <wf lemma="пътна" pos="X">пътна</wf>
         <instance id="d000.s2489.t000" lemma="чанта" pos="NOUN">чанта</instance>
         <wf lemma="." pos="X">.</wf>
      </sentence>
      <sentence id="d000.s2490" source="wordnet-bulgarian">
         <instance id="d000.s2490.t000" lemma="акцент" pos="NOUN">акцент</instance>
         <wf lemma="върху" pos="X">върху</wf>
         <wf lemma="." pos="X">.</wf>
      </sentence>
      <sentence id="d000.s2491" source="wordnet-bulgarian">
         <wf lemma="Имам" pos="X">Имам</wf>
         <instance id="d000.s2491.t000" lemma="идея" pos="NOUN">идея</instance>
         <wf lemma="за" pos="X">за</wf>
         <wf lemma="тези" pos="X">тези</wf>
         <wf lemma="неща" pos="X">неща</wf>
         <wf lemma="." pos="X">.</wf>
      </sentence>
      <sentence id="d000.s2492" source="wordnet-bulgarian">
         <wf lemma="пощенска" pos="X">пощенска</wf>
         <instance id="d000.s2492.t000" lemma="картичка" pos="NOUN">картичка</instance>
         <wf lemma="." pos="X">.</wf>
      </sentence>
      <sentence id="d000.s2493" source="wordnet-bulgarian">
         <wf lemma="рохкава" pos="X">рохкава</wf>
         <instance id="d000.s2493.t000" lemma="земя" pos="NOUN">земя</instance>
         <wf lemma="." pos="X">.</wf>
      </sentence>
      <sentence id="d000.s2494" source="wordnet-bulgarian">
         <wf lemma="блестящо" pos="X">блестящо</wf>
         <instance id="d000.s2494.t000" lemma="изпълнение" pos="NOUN">изпълнение</instance>
         <wf lemma="." pos="X">.</wf>
      </sentence>
      <sentence id="d000.s2495" source="wordnet-bulgarian">
         <instance id="d000.s2495.t000" lemma="изпускам" pos="VERB">изпускам</instance>
         <wf lemma="нещо" pos="X">нещо</wf>
         <wf lemma="от" pos="X">от</wf>
         <wf lemma="ръката" pos="X">ръката</wf>
         <wf lemma="си" pos="X">си</wf>
         <wf lemma="." pos="X">.</wf>
      </sentence>
      <sentence id="d000.s2496" source="wordnet-bulgarian">
         <wf lemma="страхотна" pos="X">страхотна</wf>
         <instance id="d000.s2496.t000" lemma="публика" pos="NOUN">публика</instance>
         <wf lemma="." pos="X">.</wf>
      </sentence>
      <sentence id="d000.s2497" source="wordnet-bulgarian">
         <instance id="d000.s2497.t000" lemma="двор" pos="NOUN">Дворът</instance>
         <wf lemma="беше" pos="X">беше</wf>
         <wf lemma="потънал" pos="X">потънал</wf>
         <wf lemma="в" pos="X">в</wf>
         <wf lemma="разкошна" pos="X">разкошна</wf>
         <wf lemma="зеленина" pos="X">зеленина</wf>
         <wf lemma="." pos="X">.</wf>
      </sentence>
      <sentence id="d000.s2498" source="wordnet-bulgarian">
         <instance id="d000.s2498.t000" lemma="връщане" pos="NOUN">връщане</instance>
         <wf lemma="на" pos="X">на</wf>
         <wf lemma="пари" pos="X">пари</wf>
         <wf lemma="." pos="X">.</wf>
      </sentence>
      <sentence id="d000.s2499" source="wordnet-bulgarian">
         <instance id="d000.s2499.t000" lemma="положа" pos="VERB">Положих</instance>
         <wf lemma="пакета" pos="X">пакета</wf>
         <wf lemma="в" pos="X">в</wf>
         <wf lemma="колата" pos="X">колата</wf>
         <wf lemma="и" pos="X">и</wf>
         <wf lemma="тръгнахме" pos="X">тръгнахме</wf>
         <wf lemma="." pos="X">.</wf>
      </sentence>
      <sentence id="d000.s2500" source="wordnet-bulgarian">
         <wf lemma="връзвам" pos="X">връзвам</wf>
         <wf lemma="с" pos="X">с</wf>
         <instance id="d000.s2500.t000" lemma="канап" pos="NOUN">канап</instance>
         <wf lemma="." pos="X">.</wf>
      </sentence>
      <sentence id="d000.s2501" source="wordnet-bulgarian">
         <wf lemma="има" pos="X">има</wf>
         <wf lemma="много" pos="X">много</wf>
         <instance id="d000.s2501.t000" lemma="публика" pos="NOUN">публика</instance>
         <wf lemma="." pos="X">.</wf>
      </sentence>
      <sentence id="d000.s2502" source="wordnet-bulgarian">
         <wf lemma="викам" pos="X">викам</wf>
         <instance id="d000.s2502.t000" lemma="линейка" pos="NOUN">линейка</instance>
         <wf lemma="." pos="X">.</wf>
      </sentence>
      <sentence id="d000.s2503" source="wordnet-bulgarian">
         <wf lemma="нямам" pos="X">нямам</wf>
         <wf lemma="никакъв" pos="X">никакъв</wf>
         <instance id="d000.s2503.t000" lemma="влог" pos="NOUN">влог</instance>
         <wf lemma="." pos="X">.</wf>
      </sentence>
      <sentence id="d000.s2504" source="wordnet-bulgarian">
         <instance id="d000.s2504.t000" lemma="страдам" pos="VERB">Страдам</instance>
         <wf lemma="от" pos="X">от</wf>
         <wf lemma="крак" pos="X">крак</wf>
         <wf lemma="." pos="X">.</wf>
      </sentence>
      <sentence id="d000.s2505" source="wordnet-bulgarian">
         <wf lemma="пудра" pos="X">пудра</wf>
         <instance id="d000.s2505.t000" lemma="захар" pos="NOUN">захар</instance>
         <wf lemma="." pos="X">.</wf>
      </sentence>
      <sentence id="d000.s2506" source="wordnet-bulgarian">
         <wf lemma="оригинален" pos="X">оригинален</wf>
         <instance id="d000.s2506.t000" lemma="мислител" pos="NOUN">мислител</instance>
         <wf lemma="." pos="X">.</wf>
      </sentence>
      <sentence id="d000.s2507" source="wordnet-bulgarian">
         <wf lemma="красиво" pos="X">красиво</wf>
         <instance id="d000.s2507.t000" lemma="момче" pos="NOUN">момче</instance>
         <wf lemma="." pos="X">.</wf>
      </sentence>
      <sentence id="d000.s2508" source="wordnet-bulgarian">
         <instance id="d000.s2508.t000" lemma="четка" pos="NOUN">четка</instance>
         <wf lemma="за" pos="X">за</wf>
         <wf lemma="коса" pos="X">коса</wf>
         <wf lemma="." pos="X">.</wf>
      </sentence>
      <sentence id="d000.s2509" source="wordnet-bulgarian">
         <wf lemma="отивам" pos="X">отивам</wf>
         <wf lemma="на" pos="X">на</wf>
         <instance id="d000.s2509.t000" lemma="събрание" pos="NOUN">събрание</instance>
         <wf lemma="." pos="X">.</wf>
      </sentence>
      <sentence id="d000.s2510" source="wordnet-bulgarian">
         <wf lemma="отивам" pos="X">отивам</wf>
         <wf lemma="в" pos="X">в</wf>
         <instance id="d000.s2510.t000" lemma="ателие" pos="NOUN">ателието</instance>
         <wf lemma="на" pos="X">на</wf>
         <wf lemma="." pos="X">.</wf>
      </sentence>
      <sentence id="d000.s2511" source="wordnet-bulgarian">
         <wf lemma="Гледам" pos="X">Гледам</wf>
         <wf lemma="в" pos="X">в</wf>
         <instance id="d000.s2511.t000" lemma="карта" pos="NOUN">картите</instance>
         <wf lemma="на" pos="X">на</wf>
         <wf lemma="другия" pos="X">другия</wf>
         <wf lemma="." pos="X">.</wf>
      </sentence>
      <sentence id="d000.s2512" source="wordnet-bulgarian">
         <wf lemma="хващам" pos="X">хващам</wf>
         <instance id="d000.s2512.t000" lemma="мухъл" pos="NOUN">мухъл</instance>
         <wf lemma="." pos="X">.</wf>
      </sentence>
      <sentence id="d000.s2513" source="wordnet-bulgarian">
         <wf lemma="добър" pos="X">добър</wf>
         <instance id="d000.s2513.t000" lemma="занаятчия" pos="NOUN">занаятчия</instance>
         <wf lemma="." pos="X">.</wf>
      </sentence>
      <sentence id="d000.s2514" source="wordnet-bulgarian">
         <instance id="d000.s2514.t000" lemma="пакет" pos="NOUN">пакет</instance>
         <wf lemma="с" pos="X">с</wf>
         <wf lemma="храна" pos="X">храна</wf>
         <wf lemma="." pos="X">.</wf>
      </sentence>
      <sentence id="d000.s2515" source="wordnet-bulgarian">
         <wf lemma="седя" pos="X">седя</wf>
         <wf lemma="на" pos="X">на</wf>
         <instance id="d000.s2515.t000" lemma="ръб" pos="NOUN">ръба</instance>
         <wf lemma="на" pos="X">на</wf>
         <wf lemma="." pos="X">.</wf>
      </sentence>
      <sentence id="d000.s2516" source="wordnet-bulgarian">
         <wf lemma="оставам" pos="X">оставам</wf>
         <wf lemma="по" pos="X">по</wf>
         <instance id="d000.s2516.t000" lemma="бельо" pos="NOUN">бельо</instance>
         <wf lemma="." pos="X">.</wf>
      </sentence>
      <sentence id="d000.s2517" source="wordnet-bulgarian">
         <instance id="d000.s2517.t000" lemma="парче" pos="NOUN">Парчето</instance>
         <wf lemma="е" pos="X">е</wf>
         <wf lemma="от" pos="X">от</wf>
         <wf lemma="албума" pos="X">албума</wf>
         <wf lemma="на" pos="X">на</wf>
         <wf lemma="." pos="X">.</wf>
      </sentence>
      <sentence id="d000.s2518" source="wordnet-bulgarian">
         <wf lemma="блеене" pos="X">блеене</wf>
         <wf lemma="на" pos="X">на</wf>
         <instance id="d000.s2518.t000" lemma="агне" pos="NOUN">агне</instance>
         <wf lemma="." pos="X">.</wf>
      </sentence>
      <sentence id="d000.s2519" source="wordnet-bulgarian">
         <wf lemma="учителско" pos="X">учителско</wf>
         <instance id="d000.s2519.t000" lemma="поприще" pos="NOUN">поприще</instance>
         <wf lemma="." pos="X">.</wf>
      </sentence>
      <sentence id="d000.s2520" source="wordnet-bulgarian">
         <wf lemma="разкопан" pos="X">разкопан</wf>
         <instance id="d000.s2520.t000" lemma="участък" pos="NOUN">участък</instance>
         <wf lemma="." pos="X">.</wf>
      </sentence>
      <sentence id="d000.s2521" source="wordnet-bulgarian">
         <wf lemma="фамилно" pos="X">фамилно</wf>
         <instance id="d000.s2521.t000" lemma="име" pos="NOUN">име</instance>
         <wf lemma="." pos="X">.</wf>
      </sentence>
      <sentence id="d000.s2522" source="wordnet-bulgarian">
         <wf lemma="женски" pos="X">женски</wf>
         <instance id="d000.s2522.t000" lemma="индивид" pos="NOUN">индивид</instance>
         <wf lemma="." pos="X">.</wf>
      </sentence>
      <sentence id="d000.s2523" source="wordnet-bulgarian">
         <wf lemma="Старецът" pos="X">Старецът</wf>
         <wf lemma="вървеше" pos="X">вървеше</wf>
         <wf lemma="бавно" pos="X">бавно</wf>
         <wf lemma="като" pos="X">като</wf>
         <wf lemma="се" pos="X">се</wf>
         <wf lemma="подпираше" pos="X">подпираше</wf>
         <wf lemma="на" pos="X">на</wf>
         <instance id="d000.s2523.t000" lemma="тояга" pos="NOUN">тоягата</instance>
         <wf lemma="си" pos="X">си</wf>
         <wf lemma="." pos="X">.</wf>
      </sentence>
      <sentence id="d000.s2524" source="wordnet-bulgarian">
         <wf lemma="Купих" pos="X">Купих</wf>
         <wf lemma="си" pos="X">си</wf>
         <wf lemma="нова" pos="X">нова</wf>
         <wf lemma="електронна" pos="X">електронна</wf>
         <instance id="d000.s2524.t000" lemma="игра" pos="NOUN">игра</instance>
         <wf lemma="." pos="X">.</wf>
      </sentence>
      <sentence id="d000.s2525" source="wordnet-bulgarian">
         <wf lemma="лотариен" pos="X">лотариен</wf>
         <instance id="d000.s2525.t000" lemma="билет" pos="NOUN">билет</instance>
         <wf lemma="." pos="X">.</wf>
      </sentence>
      <sentence id="d000.s2526" source="wordnet-bulgarian">
         <wf lemma="Хванаха" pos="X">Хванаха</wf>
         <instance id="d000.s2526.t000" lemma="бомбаджия" pos="NOUN">бомбаджията</instance>
         <wf lemma="," pos="X">,</wf>
         <wf lemma="заплашил" pos="X">заплашил</wf>
         <wf lemma="училище" pos="X">училище</wf>
         <wf lemma="." pos="X">.</wf>
      </sentence>
      <sentence id="d000.s2527" source="wordnet-bulgarian">
         <instance id="d000.s2527.t000" lemma="признак" pos="NOUN">признак</instance>
         <wf lemma="на" pos="X">на</wf>
         <wf lemma="напрежение" pos="X">напрежение</wf>
         <wf lemma="." pos="X">.</wf>
      </sentence>
      <sentence id="d000.s2528" source="wordnet-bulgarian">
         <wf lemma="имам" pos="X">имам</wf>
         <instance id="d000.s2528.t000" lemma="дъщеря" pos="NOUN">дъщеря</instance>
         <wf lemma="." pos="X">.</wf>
      </sentence>
      <sentence id="d000.s2529" source="wordnet-bulgarian">
         <wf lemma="планинско" pos="X">планинско</wf>
         <instance id="d000.s2529.t000" lemma="ехо" pos="NOUN">ехо</instance>
         <wf lemma="." pos="X">.</wf>
      </sentence>
      <sentence id="d000.s2530" source="wordnet-bulgarian">
         <wf lemma="слаба" pos="X">слаба</wf>
         <instance id="d000.s2530.t000" lemma="бележка" pos="NOUN">бележка</instance>
         <wf lemma="." pos="X">.</wf>
      </sentence>
      <sentence id="d000.s2531" source="wordnet-bulgarian">
         <wf lemma="смел" pos="X">смел</wf>
         <instance id="d000.s2531.t000" lemma="мъж" pos="NOUN">мъж</instance>
         <wf lemma="." pos="X">.</wf>
      </sentence>
      <sentence id="d000.s2532" source="wordnet-bulgarian">
         <wf lemma="самият" pos="X">самият</wf>
         <instance id="d000.s2532.t000" lemma="факт" pos="NOUN">факт</instance>
         <wf lemma="," pos="X">,</wf>
         <wf lemma="че" pos="X">че</wf>
         <wf lemma="." pos="X">.</wf>
      </sentence>
      <sentence id="d000.s2533" source="wordnet-bulgarian">
         <wf lemma="сух" pos="X">сух</wf>
         <instance id="d000.s2533.t000" lemma="период" pos="NOUN">период</instance>
         <wf lemma="." pos="X">.</wf>
      </sentence>
      <sentence id="d000.s2534" source="wordnet-bulgarian">
         <instance id="d000.s2534.t000" lemma="цикъл" pos="NOUN">цикъл</instance>
         <wf lemma="от" pos="X">от</wf>
         <wf lemma="." pos="X">.</wf>
      </sentence>
      <sentence id="d000.s2535" source="wordnet-bulgarian">
         <instance id="d000.s2535.t000" lemma="светлина" pos="NOUN">Светлината</instance>
         <wf lemma="идваше" pos="X">идваше</wf>
         <wf lemma="от" pos="X">от</wf>
         <wf lemma="другия" pos="X">другия</wf>
         <wf lemma="край" pos="X">край</wf>
         <wf lemma="на" pos="X">на</wf>
         <wf lemma="улицата" pos="X">улицата</wf>
         <wf lemma="." pos="X">.</wf>
      </sentence>
      <sentence id="d000.s2536" source="wordnet-bulgarian">
         <wf lemma="страшен" pos="X">страшен</wf>
         <instance id="d000.s2536.t000" lemma="гняв" pos="NOUN">гняв</instance>
         <wf lemma="." pos="X">.</wf>
      </sentence>
      <sentence id="d000.s2537" source="wordnet-bulgarian">
         <wf lemma="мраморна" pos="X">мраморна</wf>
         <instance id="d000.s2537.t000" lemma="статуя" pos="NOUN">статуя</instance>
         <wf lemma="." pos="X">.</wf>
      </sentence>
      <sentence id="d000.s2538" source="wordnet-bulgarian">
         <wf lemma="с" pos="X">с</wf>
         <wf lemma="най-голяма" pos="X">най-голяма</wf>
         <instance id="d000.s2538.t000" lemma="вероятност" pos="NOUN">вероятност</instance>
         <wf lemma="." pos="X">.</wf>
      </sentence>
      <sentence id="d000.s2539" source="wordnet-bulgarian">
         <instance id="d000.s2539.t000" lemma="сега" pos="NOUN">сега</instance>
         <wf lemma="за" pos="X">за</wf>
         <wf lemma="сега" pos="X">сега</wf>
         <wf lemma="." pos="X">.</wf>
      </sentence>
      <sentence id="d000.s2540" source="wordnet-bulgarian">
         <wf lemma="голяма" pos="X">голяма</wf>
         <instance id="d000.s2540.t000" lemma="мъгла" pos="NOUN">мъгла</instance>
         <wf lemma="." pos="X">.</wf>
      </sentence>
      <sentence id="d000.s2541" source="wordnet-bulgarian">
         <instance id="d000.s2541.t000" lemma="стълбище" pos="NOUN">стълбище</instance>
         <wf lemma="с" pos="X">с</wf>
         <wf lemma="дървен" pos="X">дървен</wf>
         <wf lemma="парапет" pos="X">парапет</wf>
         <wf lemma="." pos="X">.</wf>
      </sentence>
      <sentence id="d000.s2542" source="wordnet-bulgarian">
         <wf lemma="Очите" pos="X">Очите</wf>
         <wf lemma="му" pos="X">му</wf>
         <wf lemma="светят" pos="X">светят</wf>
         <wf lemma="от" pos="X">от</wf>
         <instance id="d000.s2542.t000" lemma="радост" pos="NOUN">радост</instance>
         <wf lemma="." pos="X">.</wf>
      </sentence>
      <sentence id="d000.s2543" source="wordnet-bulgarian">
         <wf lemma="Оправям" pos="X">Оправям</wf>
         <instance id="d000.s2543.t000" lemma="нишка" pos="NOUN">нишките</instance>
         <wf lemma="." pos="X">.</wf>
      </sentence>
      <sentence id="d000.s2544" source="wordnet-bulgarian">
         <wf lemma="отнасям" pos="X">отнасям</wf>
         <wf lemma="се" pos="X">се</wf>
         <wf lemma="с" pos="X">с</wf>
         <instance id="d000.s2544.t000" lemma="презрение" pos="NOUN">презрение</instance>
         <wf lemma="към" pos="X">към</wf>
         <wf lemma="." pos="X">.</wf>
      </sentence>
      <sentence id="d000.s2545" source="wordnet-bulgarian">
         <wf lemma="Вземете" pos="X">Вземете</wf>
         <instance id="d000.s2545.t000" lemma="пример" pos="NOUN">пример</instance>
         <wf lemma="от" pos="X">от</wf>
         <wf lemma="по-старите" pos="X">по-старите</wf>
         <wf lemma="." pos="X">.</wf>
      </sentence>
      <sentence id="d000.s2546" source="wordnet-bulgarian">
         <instance id="d000.s2546.t000" lemma="заместник" pos="NOUN">заместник</instance>
         <wf lemma="на" pos="X">на</wf>
         <wf lemma="началника" pos="X">началника</wf>
         <wf lemma="." pos="X">.</wf>
      </sentence>
      <sentence id="d000.s2547" source="wordnet-bulgarian">
         <wf lemma="в" pos="X">в</wf>
         <wf lemma="лоши" pos="X">лоши</wf>
         <instance id="d000.s2547.t000" lemma="взаимоотношение" pos="NOUN">взаимоотношения</instance>
         <wf lemma="съм" pos="X">съм</wf>
         <wf lemma="с." pos="X">с.</wf>
      </sentence>
      <sentence id="d000.s2548" source="wordnet-bulgarian">
         <instance id="d000.s2548.t000" lemma="нямам" pos="VERB">нямам</instance>
         <wf lemma="квартира" pos="X">квартира</wf>
         <wf lemma="." pos="X">.</wf>
      </sentence>
      <sentence id="d000.s2549" source="wordnet-bulgarian">
         <wf lemma="лична" pos="X">лична</wf>
         <instance id="d000.s2549.t000" lemma="подбуда" pos="NOUN">подбуда</instance>
         <wf lemma="." pos="X">.</wf>
      </sentence>
      <sentence id="d000.s2550" source="wordnet-bulgarian">
         <wf lemma="галено" pos="X">галено</wf>
         <instance id="d000.s2550.t000" lemma="дете" pos="NOUN">дете</instance>
         <wf lemma="." pos="X">.</wf>
      </sentence>
      <sentence id="d000.s2551" source="wordnet-bulgarian">
         <wf lemma="предварителна" pos="X">предварителна</wf>
         <instance id="d000.s2551.t000" lemma="регистрация" pos="NOUN">регистрация</instance>
         <wf lemma="." pos="X">.</wf>
      </sentence>
      <sentence id="d000.s2552" source="wordnet-bulgarian">
         <wf lemma="пускам" pos="X">пускам</wf>
         <instance id="d000.s2552.t000" lemma="престъпник" pos="NOUN">престъпник</instance>
         <wf lemma="." pos="X">.</wf>
      </sentence>
      <sentence id="d000.s2553" source="wordnet-bulgarian">
         <wf lemma="Ще" pos="X">Ще</wf>
         <wf lemma="продължа" pos="X">продължа</wf>
         <wf lemma="образованието" pos="X">образованието</wf>
         <wf lemma="си" pos="X">си</wf>
         <wf lemma="в" pos="X">в</wf>
         <instance id="d000.s2553.t000" lemma="колеж" pos="NOUN">колеж</instance>
         <wf lemma="." pos="X">.</wf>
      </sentence>
      <sentence id="d000.s2554" source="wordnet-bulgarian">
         <wf lemma="явление" pos="X">явление</wf>
         <wf lemma="с" pos="X">с</wf>
         <wf lemma="подобен" pos="X">подобен</wf>
         <instance id="d000.s2554.t000" lemma="характер" pos="NOUN">характер</instance>
         <wf lemma="." pos="X">.</wf>
      </sentence>
      <sentence id="d000.s2555" source="wordnet-bulgarian">
         <wf lemma="горчива" pos="X">горчива</wf>
         <instance id="d000.s2555.t000" lemma="ирония" pos="NOUN">ирония</instance>
         <wf lemma="." pos="X">.</wf>
      </sentence>
      <sentence id="d000.s2556" source="wordnet-bulgarian">
         <wf lemma="плодородна" pos="X">плодородна</wf>
         <instance id="d000.s2556.t000" lemma="земя" pos="NOUN">земя</instance>
         <wf lemma="." pos="X">.</wf>
      </sentence>
      <sentence id="d000.s2557" source="wordnet-bulgarian">
         <wf lemma="нито" pos="X">нито</wf>
         <instance id="d000.s2557.t000" lemma="ден" pos="NOUN">ден</instance>
         <wf lemma="повече" pos="X">повече</wf>
         <wf lemma="." pos="X">.</wf>
      </sentence>
      <sentence id="d000.s2558" source="wordnet-bulgarian">
         <wf lemma="Върнаха" pos="X">Върнаха</wf>
         <wf lemma="се" pos="X">се</wf>
         <wf lemma="от" pos="X">от</wf>
         <wf lemma="града" pos="X">града</wf>
         <wf lemma="по" pos="X">по</wf>
         <instance id="d000.s2558.t000" lemma="здрач" pos="NOUN">здрач</instance>
         <wf lemma="." pos="X">.</wf>
      </sentence>
      <sentence id="d000.s2559" source="wordnet-bulgarian">
         <wf lemma="състезания" pos="X">състезания</wf>
         <wf lemma="с" pos="X">с</wf>
         <instance id="d000.s2559.t000" lemma="яхта" pos="NOUN">яхти</instance>
         <wf lemma="." pos="X">.</wf>
      </sentence>
      <sentence id="d000.s2560" source="wordnet-bulgarian">
         <wf lemma="В" pos="X">В</wf>
         <wf lemma="края" pos="X">края</wf>
         <wf lemma="на" pos="X">на</wf>
         <wf lemma="изречението" pos="X">изречението</wf>
         <wf lemma="се" pos="X">се</wf>
         <wf lemma="слага" pos="X">слага</wf>
         <instance id="d000.s2560.t000" lemma="точка" pos="NOUN">точка</instance>
         <wf lemma="." pos="X">.</wf>
      </sentence>
      <sentence id="d000.s2561" source="wordnet-bulgarian">
         <wf lemma="не" pos="X">не</wf>
         <wf lemma="без" pos="X">без</wf>
         <instance id="d000.s2561.t000" lemma="причина" pos="NOUN">причина</instance>
         <wf lemma="." pos="X">.</wf>
      </sentence>
      <sentence id="d000.s2562" source="wordnet-bulgarian">
         <wf lemma="социална" pos="X">социална</wf>
         <instance id="d000.s2562.t000" lemma="среда" pos="NOUN">среда</instance>
         <wf lemma="." pos="X">.</wf>
      </sentence>
      <sentence id="d000.s2563" source="wordnet-bulgarian">
         <wf lemma="утринен" pos="X">утринен</wf>
         <instance id="d000.s2563.t000" lemma="въздух" pos="NOUN">въздух</instance>
         <wf lemma="." pos="X">.</wf>
      </sentence>
      <sentence id="d000.s2564" source="wordnet-bulgarian">
         <wf lemma="кръвно" pos="X">кръвно</wf>
         <instance id="d000.s2564.t000" lemma="родство" pos="NOUN">родство</instance>
         <wf lemma="." pos="X">.</wf>
      </sentence>
      <sentence id="d000.s2565" source="wordnet-bulgarian">
         <wf lemma="разглеждам" pos="X">разглеждам</wf>
         <instance id="d000.s2565.t000" lemma="албум" pos="NOUN">албум</instance>
         <wf lemma="с" pos="X">с</wf>
         <wf lemma="картички" pos="X">картички</wf>
         <wf lemma="." pos="X">.</wf>
      </sentence>
      <sentence id="d000.s2566" source="wordnet-bulgarian">
         <wf lemma="постоянна" pos="X">постоянна</wf>
         <instance id="d000.s2566.t000" lemma="работа" pos="NOUN">работа</instance>
         <wf lemma="." pos="X">.</wf>
      </sentence>
      <sentence id="d000.s2567" source="wordnet-bulgarian">
         <wf lemma="продавам" pos="X">продавам</wf>
         <instance id="d000.s2567.t000" lemma="апартамент" pos="NOUN">апартамент</instance>
         <wf lemma="." pos="X">.</wf>
      </sentence>
      <sentence id="d000.s2568" source="wordnet-bulgarian">
         <instance id="d000.s2568.t000" lemma="дарение" pos="NOUN">дарение</instance>
         <wf lemma="за" pos="X">за</wf>
         <wf lemma="." pos="X">.</wf>
      </sentence>
      <sentence id="d000.s2569" source="wordnet-bulgarian">
         <wf lemma="предписвам" pos="X">предписвам</wf>
         <instance id="d000.s2569.t000" lemma="инжекция" pos="NOUN">инжекции</instance>
         <wf lemma="." pos="X">.</wf>
      </sentence>
      <sentence id="d000.s2570" source="wordnet-bulgarian">
         <wf lemma="животински" pos="X">животински</wf>
         <instance id="d000.s2570.t000" lemma="белтък" pos="NOUN">белтък</instance>
         <wf lemma="." pos="X">.</wf>
      </sentence>
      <sentence id="d000.s2571" source="wordnet-bulgarian">
         <wf lemma="бащина" pos="X">бащина</wf>
         <instance id="d000.s2571.t000" lemma="грижа" pos="NOUN">грижа</instance>
         <wf lemma="." pos="X">.</wf>
      </sentence>
      <sentence id="d000.s2572" source="wordnet-bulgarian">
         <wf lemma="Предлагам" pos="X">Предлагам</wf>
         <wf lemma="различни" pos="X">различни</wf>
         <instance id="d000.s2572.t000" lemma="мостра" pos="NOUN">мостри</instance>
         <wf lemma="." pos="X">.</wf>
      </sentence>
      <sentence id="d000.s2573" source="wordnet-bulgarian">
         <instance id="d000.s2573.t000" lemma="браня" pos="VERB">браня</instance>
         <wf lemma="от" pos="X">от</wf>
         <wf lemma="кучета" pos="X">кучета</wf>
         <wf lemma="." pos="X">.</wf>
      </sentence>
      <sentence id="d000.s2574" source="wordnet-bulgarian">
         <wf lemma="механичен" pos="X">механичен</wf>
         <instance id="d000.s2574.t000" lemma="часовник" pos="NOUN">часовник</instance>
         <wf lemma="." pos="X">.</wf>
      </sentence>
      <sentence id="d000.s2575" source="wordnet-bulgarian">
         <wf lemma="Баща" pos="X">Баща</wf>
         <wf lemma="ми" pos="X">ми</wf>
         <wf lemma="е" pos="X">е</wf>
         <instance id="d000.s2575.t000" lemma="работник" pos="NOUN">работник</instance>
         <wf lemma="." pos="X">.</wf>
      </sentence>
      <sentence id="d000.s2576" source="wordnet-bulgarian">
         <instance id="d000.s2576.t000" lemma="проектирам" pos="VERB">Проектирам</instance>
         <wf lemma="постройка" pos="X">постройка</wf>
         <wf lemma="." pos="X">.</wf>
      </sentence>
      <sentence id="d000.s2577" source="wordnet-bulgarian">
         <wf lemma="обедно" pos="X">обедно</wf>
         <instance id="d000.s2577.t000" lemma="меню" pos="NOUN">меню</instance>
         <wf lemma="." pos="X">.</wf>
      </sentence>
      <sentence id="d000.s2578" source="wordnet-bulgarian">
         <instance id="d000.s2578.t000" lemma="число" pos="NOUN">числото</instance>
         <wf lemma="пет." pos="X">пет.</wf>
      </sentence>
      <sentence id="d000.s2579" source="wordnet-bulgarian">
         <wf lemma="От" pos="X">От</wf>
         <wf lemma="силния" pos="X">силния</wf>
         <instance id="d000.s2579.t000" lemma="удар" pos="NOUN">удар</instance>
         <wf lemma="паднах" pos="X">паднах</wf>
         <wf lemma="на" pos="X">на</wf>
         <wf lemma="земята" pos="X">земята</wf>
         <wf lemma="." pos="X">.</wf>
      </sentence>
      <sentence id="d000.s2580" source="wordnet-bulgarian">
         <wf lemma="грапава" pos="X">грапава</wf>
         <instance id="d000.s2580.t000" lemma="повърхнина" pos="NOUN">повърхнина</instance>
         <wf lemma="." pos="X">.</wf>
      </sentence>
      <sentence id="d000.s2581" source="wordnet-bulgarian">
         <wf lemma="от" pos="X">от</wf>
         <wf lemma="чорбаджийско" pos="X">чорбаджийско</wf>
         <instance id="d000.s2581.t000" lemma="коляно" pos="NOUN">коляно</instance>
         <wf lemma="." pos="X">.</wf>
      </sentence>
      <sentence id="d000.s2582" source="wordnet-bulgarian">
         <wf lemma="отрупан" pos="X">отрупан</wf>
         <wf lemma="в" pos="X">в</wf>
         <instance id="d000.s2582.t000" lemma="машинария" pos="NOUN">машинарии</instance>
         <wf lemma="склад" pos="X">склад</wf>
         <wf lemma="." pos="X">.</wf>
      </sentence>
      <sentence id="d000.s2583" source="wordnet-bulgarian">
         <wf lemma="В" pos="X">В</wf>
         <wf lemma="гласа" pos="X">гласа</wf>
         <wf lemma="му" pos="X">му</wf>
         <wf lemma="прозвуча" pos="X">прозвуча</wf>
         <instance id="d000.s2583.t000" lemma="отчаяние" pos="NOUN">отчаяние</instance>
         <wf lemma="." pos="X">.</wf>
      </sentence>
      <sentence id="d000.s2584" source="wordnet-bulgarian">
         <wf lemma="Платих" pos="X">Платих</wf>
         <wf lemma="бирите" pos="X">бирите</wf>
         <wf lemma="и" pos="X">и</wf>
         <wf lemma="дадох" pos="X">дадох</wf>
         <instance id="d000.s2584.t000" lemma="депозит" pos="NOUN">депозит</instance>
         <wf lemma="за" pos="X">за</wf>
         <wf lemma="бутилките" pos="X">бутилките</wf>
         <wf lemma="." pos="X">.</wf>
      </sentence>
      <sentence id="d000.s2585" source="wordnet-bulgarian">
         <wf lemma="повтарям" pos="X">повтарям</wf>
         <instance id="d000.s2585.t000" lemma="въпрос" pos="NOUN">въпроса</instance>
         <wf lemma="." pos="X">.</wf>
      </sentence>
      <sentence id="d000.s2586" source="wordnet-bulgarian">
         <instance id="d000.s2586.t000" lemma="председател" pos="NOUN">Председател</instance>
         <wf lemma="на" pos="X">на</wf>
         <wf lemma="Народното" pos="X">Народното</wf>
         <wf lemma="събрание" pos="X">събрание</wf>
         <wf lemma="." pos="X">.</wf>
      </sentence>
      <sentence id="d000.s2587" source="wordnet-bulgarian">
         <instance id="d000.s2587.t000" lemma="мисля" pos="VERB">мисля</instance>
         <wf lemma="правилно" pos="X">правилно</wf>
         <wf lemma="." pos="X">.</wf>
      </sentence>
      <sentence id="d000.s2588" source="wordnet-bulgarian">
         <wf lemma="по" pos="X">по</wf>
         <instance id="d000.s2588.t000" lemma="стъпало" pos="NOUN">стъпала</instance>
         <wf lemma="." pos="X">.</wf>
      </sentence>
      <sentence id="d000.s2589" source="wordnet-bulgarian">
         <wf lemma="спектрална" pos="X">спектрална</wf>
         <instance id="d000.s2589.t000" lemma="диаграма" pos="NOUN">диаграма</instance>
         <wf lemma="." pos="X">.</wf>
      </sentence>
      <sentence id="d000.s2590" source="wordnet-bulgarian">
         <wf lemma="технически" pos="X">технически</wf>
         <instance id="d000.s2590.t000" lemma="експерт" pos="NOUN">експерт</instance>
         <wf lemma="." pos="X">.</wf>
      </sentence>
      <sentence id="d000.s2591" source="wordnet-bulgarian">
         <wf lemma="голям" pos="X">голям</wf>
         <instance id="d000.s2591.t000" lemma="пирон" pos="NOUN">пирон</instance>
         <wf lemma="." pos="X">.</wf>
      </sentence>
      <sentence id="d000.s2592" source="wordnet-bulgarian">
         <wf lemma="по" pos="X">по</wf>
         <instance id="d000.s2592.t000" lemma="път" pos="NOUN">пътя</instance>
         <wf lemma="към" pos="X">към</wf>
         <wf lemma="." pos="X">.</wf>
      </sentence>
      <sentence id="d000.s2593" source="wordnet-bulgarian">
         <wf lemma="дебел" pos="X">дебел</wf>
         <instance id="d000.s2593.t000" lemma="слой" pos="NOUN">слой</instance>
         <wf lemma="сланина" pos="X">сланина</wf>
         <wf lemma="." pos="X">.</wf>
      </sentence>
      <sentence id="d000.s2594" source="wordnet-bulgarian">
         <wf lemma="в" pos="X">в</wf>
         <wf lemma="остър" pos="X">остър</wf>
         <instance id="d000.s2594.t000" lemma="конфликт" pos="NOUN">конфликт</instance>
         <wf lemma="с." pos="X">с.</wf>
      </sentence>
      <sentence id="d000.s2595" source="wordnet-bulgarian">
         <wf lemma="относително" pos="X">относително</wf>
         <instance id="d000.s2595.t000" lemma="тегло" pos="NOUN">тегло</instance>
         <wf lemma="." pos="X">.</wf>
      </sentence>
      <sentence id="d000.s2596" source="wordnet-bulgarian">
         <wf lemma="изпълнявам" pos="X">изпълнявам</wf>
         <wf lemma="мисия" pos="X">мисия</wf>
         <wf lemma="с" pos="X">с</wf>
         <instance id="d000.s2596.t000" lemma="хеликоптер" pos="NOUN">хеликоптер</instance>
         <wf lemma="." pos="X">.</wf>
      </sentence>
      <sentence id="d000.s2597" source="wordnet-bulgarian">
         <wf lemma="нерв" pos="X">нерв</wf>
         <wf lemma="на" pos="X">на</wf>
         <instance id="d000.s2597.t000" lemma="зъб" pos="NOUN">зъб</instance>
         <wf lemma="." pos="X">.</wf>
      </sentence>
      <sentence id="d000.s2598" source="wordnet-bulgarian">
         <instance id="d000.s2598.t000" lemma="пуша" pos="VERB">Пуша</instance>
         <wf lemma="цигара" pos="X">цигара</wf>
         <wf lemma="от" pos="X">от</wf>
         <wf lemma="цигара" pos="X">цигара</wf>
         <wf lemma="." pos="X">.</wf>
      </sentence>
      <sentence id="d000.s2599" source="wordnet-bulgarian">
         <instance id="d000.s2599.t000" lemma="грабна" pos="VERB">Грабнах</instance>
         <wf lemma="портфейла" pos="X">портфейла</wf>
         <wf lemma="и" pos="X">и</wf>
         <wf lemma="избягах" pos="X">избягах</wf>
         <wf lemma="." pos="X">.</wf>
      </sentence>
      <sentence id="d000.s2600" source="wordnet-bulgarian">
         <instance id="d000.s2600.t000" lemma="искам" pos="VERB">Искаш</instance>
         <wf lemma="ли" pos="X">ли</wf>
         <wf lemma="нещо" pos="X">нещо</wf>
         <wf lemma="?" pos="X">?</wf>
      </sentence>
      <sentence id="d000.s2601" source="wordnet-bulgarian">
         <wf lemma="ниска" pos="X">ниска</wf>
         <instance id="d000.s2601.t000" lemma="цена" pos="NOUN">цена</instance>
         <wf lemma="." pos="X">.</wf>
      </sentence>
      <sentence id="d000.s2602" source="wordnet-bulgarian">
         <wf lemma="лек" pos="X">лек</wf>
         <instance id="d000.s2602.t000" lemma="загар" pos="NOUN">загар</instance>
         <wf lemma="." pos="X">.</wf>
      </sentence>
      <sentence id="d000.s2603" source="wordnet-bulgarian">
         <wf lemma="тясно" pos="X">тясно</wf>
         <instance id="d000.s2603.t000" lemma="стълбище" pos="NOUN">стълбище</instance>
         <wf lemma="." pos="X">.</wf>
      </sentence>
      <sentence id="d000.s2604" source="wordnet-bulgarian">
         <wf lemma="не" pos="X">не</wf>
         <wf lemma="е" pos="X">е</wf>
         <wf lemma="в" pos="X">в</wf>
         <wf lemma="моя" pos="X">моя</wf>
         <instance id="d000.s2604.t000" lemma="власт" pos="NOUN">власт</instance>
         <wf lemma="." pos="X">.</wf>
      </sentence>
      <sentence id="d000.s2605" source="wordnet-bulgarian">
         <wf lemma="Вятърът" pos="X">Вятърът</wf>
         <wf lemma="бързо" pos="X">бързо</wf>
         <wf lemma="раздуха" pos="X">раздуха</wf>
         <instance id="d000.s2605.t000" lemma="облак" pos="NOUN">облаците</instance>
         <wf lemma="и" pos="X">и</wf>
         <wf lemma="слънцето" pos="X">слънцето</wf>
         <wf lemma="весело" pos="X">весело</wf>
         <wf lemma="огря" pos="X">огря</wf>
         <wf lemma="земята" pos="X">земята</wf>
         <wf lemma="." pos="X">.</wf>
      </sentence>
      <sentence id="d000.s2606" source="wordnet-bulgarian">
         <wf lemma="клавишни" pos="X">клавишни</wf>
         <instance id="d000.s2606.t000" lemma="инструмент" pos="NOUN">инструменти</instance>
         <wf lemma="." pos="X">.</wf>
      </sentence>
      <sentence id="d000.s2607" source="wordnet-bulgarian">
         <instance id="d000.s2607.t000" lemma="гост" pos="NOUN">гост</instance>
         <wf lemma="на" pos="X">на</wf>
         <wf lemma="представлението" pos="X">представлението</wf>
         <wf lemma="." pos="X">.</wf>
      </sentence>
      <sentence id="d000.s2608" source="wordnet-bulgarian">
         <wf lemma="Акомпанимент" pos="X">Акомпанимент</wf>
         <wf lemma="на" pos="X">на</wf>
         <instance id="d000.s2608.t000" lemma="пиано" pos="NOUN">пиано</instance>
         <wf lemma="." pos="X">.</wf>
      </sentence>
      <sentence id="d000.s2609" source="wordnet-bulgarian">
         <wf lemma="взимам" pos="X">взимам</wf>
         <instance id="d000.s2609.t000" lemma="аванс" pos="NOUN">аванс</instance>
         <wf lemma="." pos="X">.</wf>
      </sentence>
      <sentence id="d000.s2610" source="wordnet-bulgarian">
         <wf lemma="под" pos="X">под</wf>
         <instance id="d000.s2610.t000" lemma="ъгъл" pos="NOUN">ъгъл</instance>
         <wf lemma="." pos="X">.</wf>
      </sentence>
      <sentence id="d000.s2611" source="wordnet-bulgarian">
         <instance id="d000.s2611.t000" lemma="удрям" pos="VERB">удрям</instance>
         <wf lemma="по" pos="X">по</wf>
         <wf lemma="масата" pos="X">масата</wf>
         <wf lemma="." pos="X">.</wf>
      </sentence>
      <sentence id="d000.s2612" source="wordnet-bulgarian">
         <wf lemma="Вечерта" pos="X">Вечерта</wf>
         <wf lemma="водата" pos="X">водата</wf>
         <wf lemma="в" pos="X">в</wf>
         <wf lemma="кофата" pos="X">кофата</wf>
         <instance id="d000.s2612.t000" lemma="замръзна" pos="VERB">замръзна</instance>
         <wf lemma="." pos="X">.</wf>
      </sentence>
      <sentence id="d000.s2613" source="wordnet-bulgarian">
         <wf lemma="Цените" pos="X">Цените</wf>
         <wf lemma="се" pos="X">се</wf>
         <wf lemma="определят" pos="X">определят</wf>
         <wf lemma="от" pos="X">от</wf>
         <instance id="d000.s2613.t000" lemma="търсене" pos="NOUN">търсенето</instance>
         <wf lemma="и" pos="X">и</wf>
         <wf lemma="предлагането" pos="X">предлагането</wf>
         <wf lemma="." pos="X">.</wf>
      </sentence>
      <sentence id="d000.s2614" source="wordnet-bulgarian">
         <instance id="d000.s2614.t000" lemma="оформям" pos="VERB">оформям</instance>
         <wf lemma="градинка" pos="X">градинка</wf>
         <wf lemma="." pos="X">.</wf>
      </sentence>
      <sentence id="d000.s2615" source="wordnet-bulgarian">
         <instance id="d000.s2615.t000" lemma="аларма" pos="NOUN">алармата</instance>
         <wf lemma="се" pos="X">се</wf>
         <wf lemma="задейства" pos="X">задейства</wf>
         <wf lemma="." pos="X">.</wf>
      </sentence>
      <sentence id="d000.s2616" source="wordnet-bulgarian">
         <instance id="d000.s2616.t000" lemma="преминавам" pos="VERB">преминавам</instance>
         <wf lemma="през" pos="X">през</wf>
         <wf lemma="ума" pos="X">ума</wf>
         <wf lemma="." pos="X">.</wf>
      </sentence>
      <sentence id="d000.s2617" source="wordnet-bulgarian">
         <wf lemma="Температурата" pos="X">Температурата</wf>
         <wf lemma="в" pos="X">в</wf>
         <wf lemma="стаята" pos="X">стаята</wf>
         <wf lemma="се" pos="X">се</wf>
         <wf lemma="покачи" pos="X">покачи</wf>
         <wf lemma="с" pos="X">с</wf>
         <wf lemma="няколко" pos="X">няколко</wf>
         <instance id="d000.s2617.t000" lemma="градус" pos="NOUN">градуса</instance>
         <wf lemma="." pos="X">.</wf>
      </sentence>
      <sentence id="d000.s2618" source="wordnet-bulgarian">
         <wf lemma="пътуване" pos="X">пътуване</wf>
         <wf lemma="с" pos="X">с</wf>
         <instance id="d000.s2618.t000" lemma="яхта" pos="NOUN">яхта</instance>
         <wf lemma="." pos="X">.</wf>
      </sentence>
      <sentence id="d000.s2619" source="wordnet-bulgarian">
         <wf lemma="За" pos="X">За</wf>
         <wf lemma="първи" pos="X">първи</wf>
         <wf lemma="път" pos="X">път</wf>
         <wf lemma="се" pos="X">се</wf>
         <wf lemma="качвам" pos="X">качвам</wf>
         <wf lemma="на" pos="X">на</wf>
         <instance id="d000.s2619.t000" lemma="ска" pos="NOUN">ски</instance>
         <wf lemma="." pos="X">.</wf>
      </sentence>
      <sentence id="d000.s2620" source="wordnet-bulgarian">
         <instance id="d000.s2620.t000" lemma="жертвоприношение" pos="NOUN">жертвоприношение</instance>
         <wf lemma="на" pos="X">на</wf>
         <wf lemma="." pos="X">.</wf>
      </sentence>
      <sentence id="d000.s2621" source="wordnet-bulgarian">
         <wf lemma="сезонна" pos="X">сезонна</wf>
         <instance id="d000.s2621.t000" lemma="разпродажба" pos="NOUN">разпродажба</instance>
         <wf lemma="." pos="X">.</wf>
      </sentence>
      <sentence id="d000.s2622" source="wordnet-bulgarian">
         <wf lemma="През" pos="X">През</wf>
         <wf lemma="главата" pos="X">главата</wf>
         <wf lemma="ми" pos="X">ми</wf>
         <wf lemma="минаваха" pos="X">минаваха</wf>
         <wf lemma="различни" pos="X">различни</wf>
         <instance id="d000.s2622.t000" lemma="предположение" pos="NOUN">предположения</instance>
         <wf lemma="." pos="X">.</wf>
      </sentence>
      <sentence id="d000.s2623" source="wordnet-bulgarian">
         <wf lemma="снимам" pos="X">снимам</wf>
         <instance id="d000.s2623.t000" lemma="филм" pos="NOUN">филм</instance>
         <wf lemma="." pos="X">.</wf>
      </sentence>
      <sentence id="d000.s2624" source="wordnet-bulgarian">
         <wf lemma="семейна" pos="X">семейна</wf>
         <instance id="d000.s2624.t000" lemma="снимка" pos="NOUN">снимка</instance>
         <wf lemma="." pos="X">.</wf>
      </sentence>
      <sentence id="d000.s2625" source="wordnet-bulgarian">
         <instance id="d000.s2625.t000" lemma="самолет" pos="NOUN">самолет</instance>
         <wf lemma="на" pos="X">на</wf>
         <wf lemma="българските" pos="X">българските</wf>
         <wf lemma="авиолинии" pos="X">авиолинии</wf>
         <wf lemma="." pos="X">.</wf>
      </sentence>
      <sentence id="d000.s2626" source="wordnet-bulgarian">
         <instance id="d000.s2626.t000" lemma="приставка" pos="NOUN">приставка</instance>
         <wf lemma="за" pos="X">за</wf>
         <wf lemma="." pos="X">.</wf>
      </sentence>
      <sentence id="d000.s2627" source="wordnet-bulgarian">
         <wf lemma="чакам" pos="X">чакам</wf>
         <instance id="d000.s2627.t000" lemma="гост" pos="NOUN">гости</instance>
         <wf lemma="." pos="X">.</wf>
      </sentence>
      <sentence id="d000.s2628" source="wordnet-bulgarian">
         <wf lemma="голям" pos="X">голям</wf>
         <instance id="d000.s2628.t000" lemma="корем" pos="NOUN">корем</instance>
         <wf lemma="." pos="X">.</wf>
      </sentence>
      <sentence id="d000.s2629" source="wordnet-bulgarian">
         <instance id="d000.s2629.t000" lemma="миризма" pos="NOUN">миризма</instance>
         <wf lemma="на" pos="X">на</wf>
         <wf lemma="пот." pos="X">пот.</wf>
      </sentence>
      <sentence id="d000.s2630" source="wordnet-bulgarian">
         <wf lemma="джобно" pos="X">джобно</wf>
         <instance id="d000.s2630.t000" lemma="фенерче" pos="NOUN">фенерче</instance>
         <wf lemma="." pos="X">.</wf>
      </sentence>
      <sentence id="d000.s2631" source="wordnet-bulgarian">
         <wf lemma="кратко" pos="X">кратко</wf>
         <instance id="d000.s2631.t000" lemma="заглавие" pos="NOUN">заглавие</instance>
         <wf lemma="." pos="X">.</wf>
      </sentence>
      <sentence id="d000.s2632" source="wordnet-bulgarian">
         <instance id="d000.s2632.t000" lemma="шкаф" pos="NOUN">шкаф</instance>
         <wf lemma="за" pos="X">за</wf>
         <wf lemma="дрехи" pos="X">дрехи</wf>
         <wf lemma="." pos="X">.</wf>
      </sentence>
      <sentence id="d000.s2633" source="wordnet-bulgarian">
         <instance id="d000.s2633.t000" lemma="предмет" pos="NOUN">предмет</instance>
         <wf lemma="на" pos="X">на</wf>
         <wf lemma="разговор" pos="X">разговор</wf>
         <wf lemma="." pos="X">.</wf>
      </sentence>
      <sentence id="d000.s2634" source="wordnet-bulgarian">
         <wf lemma="Нося" pos="X">Нося</wf>
         <wf lemma="шапка" pos="X">шапка</wf>
         <wf lemma="на" pos="X">на</wf>
         <instance id="d000.s2634.t000" lemma="глава" pos="NOUN">главата</instance>
         <wf lemma="." pos="X">.</wf>
      </sentence>
      <sentence id="d000.s2635" source="wordnet-bulgarian">
         <instance id="d000.s2635.t000" lemma="лъжа" pos="VERB">лъжа</instance>
         <wf lemma="родителите" pos="X">родителите</wf>
         <wf lemma="си" pos="X">си</wf>
         <wf lemma="." pos="X">.</wf>
      </sentence>
      <sentence id="d000.s2636" source="wordnet-bulgarian">
         <instance id="d000.s2636.t000" lemma="кръв" pos="NOUN">кръв</instance>
         <wf lemma="от" pos="X">от</wf>
         <wf lemma="човек" pos="X">човек</wf>
         <wf lemma="." pos="X">.</wf>
      </sentence>
      <sentence id="d000.s2637" source="wordnet-bulgarian">
         <wf lemma="Всеки" pos="X">Всеки</wf>
         <wf lemma="ден" pos="X">ден</wf>
         <wf lemma="се" pos="X">се</wf>
         <wf lemma="боря" pos="X">боря</wf>
         <wf lemma="с" pos="X">с</wf>
         <wf lemma="глада" pos="X">глада</wf>
         <wf lemma="и" pos="X">и</wf>
         <instance id="d000.s2637.t000" lemma="мизерия" pos="NOUN">мизерията</instance>
         <wf lemma="." pos="X">.</wf>
      </sentence>
      <sentence id="d000.s2638" source="wordnet-bulgarian">
         <instance id="d000.s2638.t000" lemma="етаж" pos="NOUN">етаж</instance>
         <wf lemma="от" pos="X">от</wf>
         <wf lemma="къща" pos="X">къща</wf>
         <wf lemma="." pos="X">.</wf>
      </sentence>
      <sentence id="d000.s2639" source="wordnet-bulgarian">
         <wf lemma="Това" pos="X">Това</wf>
         <wf lemma="е" pos="X">е</wf>
         <wf lemma="стар" pos="X">стар</wf>
         <instance id="d000.s2639.t000" lemma="вариант" pos="NOUN">вариант</instance>
         <wf lemma="." pos="X">.</wf>
      </sentence>
      <sentence id="d000.s2640" source="wordnet-bulgarian">
         <instance id="d000.s2640.t000" lemma="замърсяване" pos="NOUN">замърсяване</instance>
         <wf lemma="с" pos="X">с</wf>
         <wf lemma="вредни" pos="X">вредни</wf>
         <wf lemma="вещества" pos="X">вещества</wf>
         <wf lemma="." pos="X">.</wf>
      </sentence>
      <sentence id="d000.s2641" source="wordnet-bulgarian">
         <wf lemma="До" pos="X">До</wf>
         <wf lemma="къщата" pos="X">къщата</wf>
         <wf lemma="имаше" pos="X">имаше</wf>
         <wf lemma="половин" pos="X">половин</wf>
         <wf lemma="километър,ама" pos="X">километър,ама</wf>
         <wf lemma="страшно" pos="X">страшно</wf>
         <instance id="d000.s2641.t000" lemma="нагорнище" pos="NOUN">нагорнище</instance>
         <wf lemma="." pos="X">.</wf>
      </sentence>
      <sentence id="d000.s2642" source="wordnet-bulgarian">
         <wf lemma="в" pos="X">в</wf>
         <wf lemma="мое" pos="X">мое</wf>
         <instance id="d000.s2642.t000" lemma="присъствие" pos="NOUN">присъствие</instance>
         <wf lemma="." pos="X">.</wf>
      </sentence>
      <sentence id="d000.s2643" source="wordnet-bulgarian">
         <wf lemma="Днес" pos="X">Днес</wf>
         <wf lemma="ще" pos="X">ще</wf>
         <wf lemma="се" pos="X">се</wf>
         <wf lemma="обсъждат" pos="X">обсъждат</wf>
         <wf lemma="важни" pos="X">важни</wf>
         <instance id="d000.s2643.t000" lemma="въпрос" pos="NOUN">въпроси</instance>
         <wf lemma="." pos="X">.</wf>
      </sentence>
      <sentence id="d000.s2644" source="wordnet-bulgarian">
         <wf lemma="в" pos="X">в</wf>
         <instance id="d000.s2644.t000" lemma="настроение" pos="NOUN">настроение</instance>
         <wf lemma="съм" pos="X">съм</wf>
         <wf lemma="." pos="X">.</wf>
      </sentence>
      <sentence id="d000.s2645" source="wordnet-bulgarian">
         <wf lemma="отпечатан" pos="X">отпечатан</wf>
         <instance id="d000.s2645.t000" lemma="текст" pos="NOUN">текст</instance>
         <wf lemma="." pos="X">.</wf>
      </sentence>
      <sentence id="d000.s2646" source="wordnet-bulgarian">
         <wf lemma="малък" pos="X">малък</wf>
         <instance id="d000.s2646.t000" lemma="квартал" pos="NOUN">квартал</instance>
         <wf lemma="." pos="X">.</wf>
      </sentence>
      <sentence id="d000.s2647" source="wordnet-bulgarian">
         <instance id="d000.s2647.t000" lemma="гаранция" pos="NOUN">гаранция</instance>
         <wf lemma="две" pos="X">две</wf>
         <wf lemma="години" pos="X">години</wf>
         <wf lemma="." pos="X">.</wf>
      </sentence>
      <sentence id="d000.s2648" source="wordnet-bulgarian">
         <wf lemma="стигнах" pos="X">стигнах</wf>
         <wf lemma="до" pos="X">до</wf>
         <instance id="d000.s2648.t000" lemma="сграда" pos="NOUN">сградата</instance>
         <wf lemma="." pos="X">.</wf>
      </sentence>
      <sentence id="d000.s2649" source="wordnet-bulgarian">
         <wf lemma="остър" pos="X">остър</wf>
         <instance id="d000.s2649.t000" lemma="ъгъл" pos="NOUN">ъгъл</instance>
         <wf lemma="." pos="X">.</wf>
      </sentence>
      <sentence id="d000.s2650" source="wordnet-bulgarian">
         <wf lemma="кухненски" pos="X">кухненски</wf>
         <instance id="d000.s2650.t000" lemma="прибор" pos="NOUN">прибор</instance>
         <wf lemma="." pos="X">.</wf>
      </sentence>
      <sentence id="d000.s2651" source="wordnet-bulgarian">
         <wf lemma="голямо" pos="X">голямо</wf>
         <instance id="d000.s2651.t000" lemma="препятствие" pos="NOUN">препятствие</instance>
         <wf lemma="." pos="X">.</wf>
      </sentence>
      <sentence id="d000.s2652" source="wordnet-bulgarian">
         <wf lemma="Постъпката" pos="X">Постъпката</wf>
         <wf lemma="му" pos="X">му</wf>
         <wf lemma="ме" pos="X">ме</wf>
         <instance id="d000.s2652.t000" lemma="трогна" pos="VERB">трогна</instance>
         <wf lemma="." pos="X">.</wf>
      </sentence>
      <sentence id="d000.s2653" source="wordnet-bulgarian">
         <wf lemma="под" pos="X">под</wf>
         <instance id="d000.s2653.t000" lemma="въздействие" pos="NOUN">въздействие</instance>
         <wf lemma="на" pos="X">на</wf>
         <wf lemma="." pos="X">.</wf>
      </sentence>
      <sentence id="d000.s2654" source="wordnet-bulgarian">
         <wf lemma="студена" pos="X">студена</wf>
         <instance id="d000.s2654.t000" lemma="напитка" pos="NOUN">напитка</instance>
         <wf lemma="." pos="X">.</wf>
      </sentence>
      <sentence id="d000.s2655" source="wordnet-bulgarian">
         <wf lemma="цял" pos="X">цял</wf>
         <instance id="d000.s2655.t000" lemma="живот" pos="NOUN">живот</instance>
         <wf lemma="." pos="X">.</wf>
      </sentence>
      <sentence id="d000.s2656" source="wordnet-bulgarian">
         <wf lemma="благотворителна" pos="X">благотворителна</wf>
         <instance id="d000.s2656.t000" lemma="кампания" pos="NOUN">кампания</instance>
         <wf lemma="." pos="X">.</wf>
      </sentence>
      <sentence id="d000.s2657" source="wordnet-bulgarian">
         <wf lemma="спортен" pos="X">спортен</wf>
         <instance id="d000.s2657.t000" lemma="лък" pos="NOUN">лък</instance>
         <wf lemma="." pos="X">.</wf>
      </sentence>
      <sentence id="d000.s2658" source="wordnet-bulgarian">
         <wf lemma="седалищен" pos="X">седалищен</wf>
         <instance id="d000.s2658.t000" lemma="мускул" pos="NOUN">мускул</instance>
         <wf lemma="." pos="X">.</wf>
      </sentence>
      <sentence id="d000.s2659" source="wordnet-bulgarian">
         <instance id="d000.s2659.t000" lemma="представител" pos="NOUN">представител</instance>
         <wf lemma="на" pos="X">на</wf>
         <wf lemma="младежта" pos="X">младежта</wf>
         <wf lemma="." pos="X">.</wf>
      </sentence>
      <sentence id="d000.s2660" source="wordnet-bulgarian">
         <wf lemma="телевизионен" pos="X">телевизионен</wf>
         <instance id="d000.s2660.t000" lemma="сериал" pos="NOUN">сериал</instance>
         <wf lemma="." pos="X">.</wf>
      </sentence>
      <sentence id="d000.s2661" source="wordnet-bulgarian">
         <wf lemma="Слагам" pos="X">Слагам</wf>
         <instance id="d000.s2661.t000" lemma="сол" pos="NOUN">сол</instance>
         <wf lemma="в" pos="X">в</wf>
         <wf lemma="яденето" pos="X">яденето</wf>
         <wf lemma="." pos="X">.</wf>
      </sentence>
      <sentence id="d000.s2662" source="wordnet-bulgarian">
         <instance id="d000.s2662.t000" lemma="архив" pos="NOUN">архив</instance>
         <wf lemma="на" pos="X">на</wf>
         <wf lemma="писател" pos="X">писател</wf>
         <wf lemma="." pos="X">.</wf>
      </sentence>
      <sentence id="d000.s2663" source="wordnet-bulgarian">
         <wf lemma="слънчева" pos="X">слънчева</wf>
         <instance id="d000.s2663.t000" lemma="атмосфера" pos="NOUN">атмосфера</instance>
         <wf lemma="." pos="X">.</wf>
      </sentence>
      <sentence id="d000.s2664" source="wordnet-bulgarian">
         <instance id="d000.s2664.t000" lemma="труп" pos="NOUN">труп</instance>
         <wf lemma="на" pos="X">на</wf>
         <wf lemma="животно" pos="X">животно</wf>
         <wf lemma="." pos="X">.</wf>
      </sentence>
      <sentence id="d000.s2665" source="wordnet-bulgarian">
         <wf lemma="мрачна" pos="X">мрачна</wf>
         <instance id="d000.s2665.t000" lemma="мина" pos="NOUN">мина</instance>
         <wf lemma="." pos="X">.</wf>
      </sentence>
      <sentence id="d000.s2666" source="wordnet-bulgarian">
         <wf lemma="какъв" pos="X">какъв</wf>
         <wf lemma="сте" pos="X">сте</wf>
         <wf lemma="по" pos="X">по</wf>
         <instance id="d000.s2666.t000" lemma="професия" pos="NOUN">професия</instance>
         <wf lemma="?" pos="X">?</wf>
      </sentence>
      <sentence id="d000.s2667" source="wordnet-bulgarian">
         <wf lemma="играя" pos="X">играя</wf>
         <instance id="d000.s2667.t000" lemma="карта" pos="NOUN">карти</instance>
         <wf lemma="." pos="X">.</wf>
      </sentence>
      <sentence id="d000.s2668" source="wordnet-bulgarian">
         <wf lemma="тоалетен" pos="X">тоалетен</wf>
         <instance id="d000.s2668.t000" lemma="сапун" pos="NOUN">сапун</instance>
         <wf lemma="." pos="X">.</wf>
      </sentence>
      <sentence id="d000.s2669" source="wordnet-bulgarian">
         <wf lemma="самоделна" pos="X">самоделна</wf>
         <instance id="d000.s2669.t000" lemma="машина" pos="NOUN">машина</instance>
         <wf lemma="." pos="X">.</wf>
      </sentence>
      <sentence id="d000.s2670" source="wordnet-bulgarian">
         <wf lemma="разбивам" pos="X">разбивам</wf>
         <instance id="d000.s2670.t000" lemma="зъб" pos="NOUN">зъбите</instance>
         <wf lemma="на" pos="X">на</wf>
         <wf lemma="." pos="X">.</wf>
      </sentence>
      <sentence id="d000.s2671" source="wordnet-bulgarian">
         <instance id="d000.s2671.t000" lemma="водя" pos="VERB">Водя</instance>
         <wf lemma="си" pos="X">си</wf>
         <wf lemma="записки" pos="X">записки</wf>
         <wf lemma="." pos="X">.</wf>
      </sentence>
      <sentence id="d000.s2672" source="wordnet-bulgarian">
         <wf lemma="годишен" pos="X">годишен</wf>
         <instance id="d000.s2672.t000" lemma="отчет" pos="NOUN">отчет</instance>
         <wf lemma="." pos="X">.</wf>
      </sentence>
      <sentence id="d000.s2673" source="wordnet-bulgarian">
         <wf lemma="Текстът" pos="X">Текстът</wf>
         <wf lemma="е" pos="X">е</wf>
         <wf lemma="пълен" pos="X">пълен</wf>
         <wf lemma="с" pos="X">с</wf>
         <instance id="d000.s2673.t000" lemma="термин" pos="NOUN">термини</instance>
         <wf lemma="." pos="X">.</wf>
      </sentence>
      <sentence id="d000.s2674" source="wordnet-bulgarian">
         <instance id="d000.s2674.t000" lemma="връстник" pos="NOUN">връстник</instance>
         <wf lemma="съм" pos="X">съм</wf>
         <wf lemma="на" pos="X">на</wf>
         <wf lemma="." pos="X">.</wf>
      </sentence>
      <sentence id="d000.s2675" source="wordnet-bulgarian">
         <wf lemma="мобилен" pos="X">мобилен</wf>
         <instance id="d000.s2675.t000" lemma="телефон" pos="NOUN">телефон</instance>
         <wf lemma="." pos="X">.</wf>
      </sentence>
      <sentence id="d000.s2676" source="wordnet-bulgarian">
         <instance id="d000.s2676.t000" lemma="дружба" pos="NOUN">дружба</instance>
         <wf lemma="от" pos="X">от</wf>
         <wf lemma="детинство" pos="X">детинство</wf>
         <wf lemma="." pos="X">.</wf>
      </sentence>
      <sentence id="d000.s2677" source="wordnet-bulgarian">
         <wf lemma="разбирам" pos="X">разбирам</wf>
         <instance id="d000.s2677.t000" lemma="въпрос" pos="NOUN">въпроса</instance>
         <wf lemma="." pos="X">.</wf>
      </sentence>
      <sentence id="d000.s2678" source="wordnet-bulgarian">
         <wf lemma="очен" pos="X">очен</wf>
         <instance id="d000.s2678.t000" lemma="нерв" pos="NOUN">нерв</instance>
         <wf lemma="." pos="X">.</wf>
      </sentence>
      <sentence id="d000.s2679" source="wordnet-bulgarian">
         <instance id="d000.s2679.t000" lemma="знам" pos="VERB">Знам</instance>
         <wf lemma="да" pos="X">да</wf>
         <wf lemma="чета" pos="X">чета</wf>
         <wf lemma="." pos="X">.</wf>
      </sentence>
      <sentence id="d000.s2680" source="wordnet-bulgarian">
         <wf lemma="провя" pos="X">провя</wf>
         <instance id="d000.s2680.t000" lemma="поръчка" pos="NOUN">поръчка</instance>
         <wf lemma="." pos="X">.</wf>
      </sentence>
      <sentence id="d000.s2681" source="wordnet-bulgarian">
         <wf lemma="качвам" pos="X">качвам</wf>
         <wf lemma="се" pos="X">се</wf>
         <wf lemma="на" pos="X">на</wf>
         <instance id="d000.s2681.t000" lemma="автобус" pos="NOUN">автобус</instance>
         <wf lemma="." pos="X">.</wf>
      </sentence>
      <sentence id="d000.s2682" source="wordnet-bulgarian">
         <wf lemma="вечерен" pos="X">вечерен</wf>
         <instance id="d000.s2682.t000" lemma="мрак" pos="NOUN">мрак</instance>
         <wf lemma="." pos="X">.</wf>
      </sentence>
      <sentence id="d000.s2683" source="wordnet-bulgarian">
         <wf lemma="предварителен" pos="X">предварителен</wf>
         <instance id="d000.s2683.t000" lemma="арест" pos="NOUN">арест</instance>
         <wf lemma="." pos="X">.</wf>
      </sentence>
      <sentence id="d000.s2684" source="wordnet-bulgarian">
         <wf lemma="силен" pos="X">силен</wf>
         <instance id="d000.s2684.t000" lemma="контраст" pos="NOUN">контраст</instance>
         <wf lemma="." pos="X">.</wf>
      </sentence>
      <sentence id="d000.s2685" source="wordnet-bulgarian">
         <instance id="d000.s2685.t000" lemma="котка" pos="NOUN">Котките</instance>
         <wf lemma="преследват" pos="X">преследват</wf>
         <wf lemma="безшумно" pos="X">безшумно</wf>
         <wf lemma="плячката" pos="X">плячката</wf>
         <wf lemma="си" pos="X">си</wf>
         <wf lemma="." pos="X">.</wf>
      </sentence>
      <sentence id="d000.s2686" source="wordnet-bulgarian">
         <wf lemma="изпълнявам" pos="X">изпълнявам</wf>
         <instance id="d000.s2686.t000" lemma="норма" pos="NOUN">нормата</instance>
         <wf lemma="." pos="X">.</wf>
      </sentence>
      <sentence id="d000.s2687" source="wordnet-bulgarian">
         <instance id="d000.s2687.t000" lemma="дупка" pos="NOUN">дупки</instance>
         <wf lemma="по" pos="X">по</wf>
         <wf lemma="земята" pos="X">земята</wf>
         <wf lemma="." pos="X">.</wf>
      </sentence>
      <sentence id="d000.s2688" source="wordnet-bulgarian">
         <wf lemma="голяма" pos="X">голяма</wf>
         <instance id="d000.s2688.t000" lemma="тревога" pos="NOUN">тревога</instance>
         <wf lemma="." pos="X">.</wf>
      </sentence>
      <sentence id="d000.s2689" source="wordnet-bulgarian">
         <wf lemma="Тя" pos="X">Тя</wf>
         <wf lemma="подготви" pos="X">подготви</wf>
         <wf lemma="специално" pos="X">специално</wf>
         <instance id="d000.s2689.t000" lemma="блюдо" pos="NOUN">блюдо</instance>
         <wf lemma="за" pos="X">за</wf>
         <wf lemma="вечеря" pos="X">вечеря</wf>
         <wf lemma="." pos="X">.</wf>
      </sentence>
      <sentence id="d000.s2690" source="wordnet-bulgarian">
         <wf lemma="средна" pos="X">средна</wf>
         <instance id="d000.s2690.t000" lemma="продължителност" pos="NOUN">продължителност</instance>
         <wf lemma="на" pos="X">на</wf>
         <wf lemma="живота" pos="X">живота</wf>
         <wf lemma="." pos="X">.</wf>
      </sentence>
      <sentence id="d000.s2691" source="wordnet-bulgarian">
         <wf lemma="нареждам" pos="X">нареждам</wf>
         <instance id="d000.s2691.t000" lemma="маса" pos="NOUN">масата</instance>
         <wf lemma="." pos="X">.</wf>
      </sentence>
      <sentence id="d000.s2692" source="wordnet-bulgarian">
         <instance id="d000.s2692.t000" lemma="игра" pos="NOUN">игра</instance>
         <wf lemma="на" pos="X">на</wf>
         <wf lemma="криеница" pos="X">криеница</wf>
         <wf lemma="." pos="X">.</wf>
      </sentence>
      <sentence id="d000.s2693" source="wordnet-bulgarian">
         <wf lemma="правя" pos="X">правя</wf>
         <instance id="d000.s2693.t000" lemma="операция" pos="NOUN">операция</instance>
         <wf lemma="." pos="X">.</wf>
      </sentence>
      <sentence id="d000.s2694" source="wordnet-bulgarian">
         <instance id="d000.s2694.t000" lemma="отбелязвам" pos="VERB">Отбелязваме</instance>
         <wf lemma="годишнина" pos="X">годишнина</wf>
         <wf lemma="от" pos="X">от</wf>
         <wf lemma="Априлското" pos="X">Априлското</wf>
         <wf lemma="въстание" pos="X">въстание</wf>
         <wf lemma="." pos="X">.</wf>
      </sentence>
      <sentence id="d000.s2695" source="wordnet-bulgarian">
         <wf lemma="Влагам" pos="X">Влагам</wf>
         <wf lemma="средствата" pos="X">средствата</wf>
         <wf lemma="си" pos="X">си</wf>
         <wf lemma="в" pos="X">в</wf>
         <instance id="d000.s2695.t000" lemma="акция" pos="NOUN">акции</instance>
         <wf lemma="." pos="X">.</wf>
      </sentence>
      <sentence id="d000.s2696" source="wordnet-bulgarian">
         <wf lemma="ракета" pos="X">ракета</wf>
         <wf lemma="за" pos="X">за</wf>
         <instance id="d000.s2696.t000" lemma="тенис" pos="NOUN">тенис</instance>
         <wf lemma="." pos="X">.</wf>
      </sentence>
      <sentence id="d000.s2697" source="wordnet-bulgarian">
         <instance id="d000.s2697.t000" lemma="избирам" pos="VERB">избираме</instance>
         <wf lemma="народни" pos="X">народни</wf>
         <wf lemma="представители" pos="X">представители</wf>
         <wf lemma="." pos="X">.</wf>
      </sentence>
      <sentence id="d000.s2698" source="wordnet-bulgarian">
         <wf lemma="имам" pos="X">имам</wf>
         <wf lemma="скрити" pos="X">скрити</wf>
         <instance id="d000.s2698.t000" lemma="запас" pos="NOUN">запаси</instance>
         <wf lemma="." pos="X">.</wf>
      </sentence>
      <sentence id="d000.s2699" source="wordnet-bulgarian">
         <instance id="d000.s2699.t000" lemma="творчество" pos="NOUN">Творчеството</instance>
         <wf lemma="на" pos="X">на</wf>
         <wf lemma="Пикасо" pos="X">Пикасо</wf>
         <wf lemma="може" pos="X">може</wf>
         <wf lemma="да" pos="X">да</wf>
         <wf lemma="бъде" pos="X">бъде</wf>
         <wf lemma="разделено" pos="X">разделено</wf>
         <wf lemma="на" pos="X">на</wf>
         <wf lemma="няколко" pos="X">няколко</wf>
         <wf lemma="периода" pos="X">периода</wf>
         <wf lemma="." pos="X">.</wf>
      </sentence>
      <sentence id="d000.s2700" source="wordnet-bulgarian">
         <wf lemma="С" pos="X">С</wf>
         <instance id="d000.s2700.t000" lemma="изкуство" pos="NOUN">изкуство</instance>
         <wf lemma="се" pos="X">се</wf>
         <wf lemma="занимават" pos="X">занимават</wf>
         <wf lemma="писатели" pos="X">писатели</wf>
         <wf lemma="," pos="X">,</wf>
         <wf lemma="художници" pos="X">художници</wf>
         <wf lemma="," pos="X">,</wf>
         <wf lemma="артисти" pos="X">артисти</wf>
         <wf lemma="," pos="X">,</wf>
         <wf lemma="музиканти" pos="X">музиканти</wf>
         <wf lemma="." pos="X">.</wf>
      </sentence>
      <sentence id="d000.s2701" source="wordnet-bulgarian">
         <wf lemma="вътрешен" pos="X">вътрешен</wf>
         <instance id="d000.s2701.t000" lemma="подтик" pos="NOUN">подтик</instance>
         <wf lemma="." pos="X">.</wf>
      </sentence>
      <sentence id="d000.s2702" source="wordnet-bulgarian">
         <wf lemma="много" pos="X">много</wf>
         <instance id="d000.s2702.t000" lemma="възможност" pos="NOUN">възможности</instance>
         <wf lemma="." pos="X">.</wf>
      </sentence>
      <sentence id="d000.s2703" source="wordnet-bulgarian">
         <instance id="d000.s2703.t000" lemma="мрънкам" pos="VERB">мрънкам</instance>
         <wf lemma="си" pos="X">си</wf>
         <wf lemma="под" pos="X">под</wf>
         <wf lemma="носа" pos="X">носа</wf>
         <wf lemma="." pos="X">.</wf>
      </sentence>
      <sentence id="d000.s2704" source="wordnet-bulgarian">
         <wf lemma="Утре" pos="X">Утре</wf>
         <wf lemma="ще" pos="X">ще</wf>
         <wf lemma="обявя" pos="X">обявя</wf>
         <instance id="d000.s2704.t000" lemma="решение" pos="NOUN">решението</instance>
         <wf lemma="си" pos="X">си</wf>
         <wf lemma="." pos="X">.</wf>
      </sentence>
      <sentence id="d000.s2705" source="wordnet-bulgarian">
         <wf lemma="добър" pos="X">добър</wf>
         <instance id="d000.s2705.t000" lemma="проводник" pos="NOUN">проводник</instance>
         <wf lemma="на" pos="X">на</wf>
         <wf lemma="." pos="X">.</wf>
      </sentence>
      <sentence id="d000.s2706" source="wordnet-bulgarian">
         <wf lemma="Чу" pos="X">Чу</wf>
         <wf lemma="се" pos="X">се</wf>
         <instance id="d000.s2706.t000" lemma="звук" pos="NOUN">звук</instance>
         <wf lemma="и" pos="X">и</wf>
         <wf lemma="после" pos="X">после</wf>
         <wf lemma="заглъхна" pos="X">заглъхна</wf>
         <wf lemma="." pos="X">.</wf>
      </sentence>
      <sentence id="d000.s2707" source="wordnet-bulgarian">
         <wf lemma="Необходими" pos="X">Необходими</wf>
         <wf lemma="са" pos="X">са</wf>
         <wf lemma="следните" pos="X">следните</wf>
         <instance id="d000.s2707.t000" lemma="документ" pos="NOUN">документи</instance>
         <wf lemma="." pos="X">.</wf>
      </sentence>
      <sentence id="d000.s2708" source="wordnet-bulgarian">
         <wf lemma="входен" pos="X">входен</wf>
         <instance id="d000.s2708.t000" lemma="звънец" pos="NOUN">звънец</instance>
         <wf lemma="." pos="X">.</wf>
      </sentence>
      <sentence id="d000.s2709" source="wordnet-bulgarian">
         <instance id="d000.s2709.t000" lemma="причина" pos="NOUN">причината</instance>
         <wf lemma="за" pos="X">за</wf>
         <wf lemma="." pos="X">.</wf>
      </sentence>
      <sentence id="d000.s2710" source="wordnet-bulgarian">
         <wf lemma="изпращам" pos="X">изпращам</wf>
         <wf lemma="по" pos="X">по</wf>
         <instance id="d000.s2710.t000" lemma="поща" pos="NOUN">пощата</instance>
         <wf lemma="." pos="X">.</wf>
      </sentence>
      <sentence id="d000.s2711" source="wordnet-bulgarian">
         <wf lemma="търсена" pos="X">търсена</wf>
         <instance id="d000.s2711.t000" lemma="стока" pos="NOUN">стока</instance>
         <wf lemma="." pos="X">.</wf>
      </sentence>
      <sentence id="d000.s2712" source="wordnet-bulgarian">
         <instance id="d000.s2712.t000" lemma="вяра" pos="NOUN">вяра</instance>
         <wf lemma="в" pos="X">в</wf>
         <wf lemma="извънземни" pos="X">извънземни</wf>
         <wf lemma="същества" pos="X">същества</wf>
         <wf lemma="." pos="X">.</wf>
      </sentence>
      <sentence id="d000.s2713" source="wordnet-bulgarian">
         <wf lemma="Той" pos="X">Той</wf>
         <wf lemma="я" pos="X">я</wf>
         <wf lemma="препоръча" pos="X">препоръча</wf>
         <wf lemma="за" pos="X">за</wf>
         <wf lemma="управител" pos="X">управител</wf>
         <wf lemma="на" pos="X">на</wf>
         <wf lemma="магазина" pos="X">магазина</wf>
         <wf lemma="без" pos="X">без</wf>
         <wf lemma="никакви" pos="X">никакви</wf>
         <instance id="d000.s2713.t000" lemma="резерва" pos="NOUN">резерви</instance>
         <wf lemma="." pos="X">.</wf>
      </sentence>
      <sentence id="d000.s2714" source="wordnet-bulgarian">
         <wf lemma="на" pos="X">на</wf>
         <instance id="d000.s2714.t000" lemma="хапка" pos="NOUN">хапки</instance>
         <wf lemma="." pos="X">.</wf>
      </sentence>
      <sentence id="d000.s2715" source="wordnet-bulgarian">
         <instance id="d000.s2715.t000" lemma="самолет" pos="NOUN">Самолетът</instance>
         <wf lemma="кацна" pos="X">кацна</wf>
         <wf lemma="на" pos="X">на</wf>
         <wf lemma="летището" pos="X">летището</wf>
         <wf lemma="." pos="X">.</wf>
      </sentence>
      <sentence id="d000.s2716" source="wordnet-bulgarian">
         <instance id="d000.s2716.t000" lemma="пропускам" pos="VERB">пропускам</instance>
         <wf lemma="автобус" pos="X">автобус</wf>
         <wf lemma="." pos="X">.</wf>
      </sentence>
      <sentence id="d000.s2717" source="wordnet-bulgarian">
         <wf lemma="кристална" pos="X">кристална</wf>
         <instance id="d000.s2717.t000" lemma="захар" pos="NOUN">захар</instance>
         <wf lemma="." pos="X">.</wf>
      </sentence>
      <sentence id="d000.s2718" source="wordnet-bulgarian">
         <wf lemma="Не" pos="X">Не</wf>
         <wf lemma="газете" pos="X">газете</wf>
         <instance id="d000.s2718.t000" lemma="трева" pos="NOUN">тревата</instance>
         <wf lemma="!" pos="X">!</wf>
      </sentence>
      <sentence id="d000.s2719" source="wordnet-bulgarian">
         <instance id="d000.s2719.t000" lemma="монета" pos="NOUN">монета</instance>
         <wf lemma="от" pos="X">от</wf>
         <wf lemma="времето" pos="X">времето</wf>
         <wf lemma="на" pos="X">на</wf>
         <wf lemma="." pos="X">.</wf>
      </sentence>
      <sentence id="d000.s2720" source="wordnet-bulgarian">
         <wf lemma="Имам" pos="X">Имам</wf>
         <wf lemma="готин" pos="X">готин</wf>
         <instance id="d000.s2720.t000" lemma="шеф" pos="NOUN">шеф</instance>
         <wf lemma="." pos="X">.</wf>
      </sentence>
      <sentence id="d000.s2721" source="wordnet-bulgarian">
         <wf lemma="Розата" pos="X">Розата</wf>
         <wf lemma="е" pos="X">е</wf>
         <wf lemma="любимото" pos="X">любимото</wf>
         <wf lemma="ми" pos="X">ми</wf>
         <instance id="d000.s2721.t000" lemma="цвете" pos="NOUN">цвете</instance>
         <wf lemma="." pos="X">.</wf>
      </sentence>
      <sentence id="d000.s2722" source="wordnet-bulgarian">
         <wf lemma="зрелостен" pos="X">зрелостен</wf>
         <instance id="d000.s2722.t000" lemma="изпит" pos="NOUN">изпит</instance>
         <wf lemma="." pos="X">.</wf>
      </sentence>
      <sentence id="d000.s2723" source="wordnet-bulgarian">
         <wf lemma="контейнер" pos="X">контейнер</wf>
         <wf lemma="за" pos="X">за</wf>
         <instance id="d000.s2723.t000" lemma="боклук" pos="NOUN">боклук</instance>
         <wf lemma="." pos="X">.</wf>
      </sentence>
      <sentence id="d000.s2724" source="wordnet-bulgarian">
         <wf lemma="пепитен" pos="X">пепитен</wf>
         <instance id="d000.s2724.t000" lemma="костюм" pos="NOUN">костюм</instance>
         <wf lemma="." pos="X">.</wf>
      </sentence>
      <sentence id="d000.s2725" source="wordnet-bulgarian">
         <instance id="d000.s2725.t000" lemma="демонстрация" pos="NOUN">демонстрация</instance>
         <wf lemma="срещу" pos="X">срещу</wf>
         <wf lemma="." pos="X">.</wf>
      </sentence>
      <sentence id="d000.s2726" source="wordnet-bulgarian">
         <instance id="d000.s2726.t000" lemma="таван" pos="NOUN">таван</instance>
         <wf lemma="на" pos="X">на</wf>
         <wf lemma="къща" pos="X">къща</wf>
         <wf lemma="." pos="X">.</wf>
      </sentence>
      <sentence id="d000.s2727" source="wordnet-bulgarian">
         <wf lemma="Джунглата" pos="X">Джунглата</wf>
         <wf lemma="е" pos="X">е</wf>
         <instance id="d000.s2727.t000" lemma="рай" pos="NOUN">рай</instance>
         <wf lemma="за" pos="X">за</wf>
         <wf lemma="птиците" pos="X">птиците</wf>
         <wf lemma="." pos="X">.</wf>
      </sentence>
      <sentence id="d000.s2728" source="wordnet-bulgarian">
         <wf lemma="намирам" pos="X">намирам</wf>
         <wf lemma="се" pos="X">се</wf>
         <wf lemma="във" pos="X">във</wf>
         <instance id="d000.s2728.t000" lemma="взаимодействие" pos="NOUN">взаимодействие</instance>
         <wf lemma="с" pos="X">с</wf>
         <wf lemma="нещо" pos="X">нещо</wf>
         <wf lemma="." pos="X">.</wf>
      </sentence>
      <sentence id="d000.s2729" source="wordnet-bulgarian">
         <instance id="d000.s2729.t000" lemma="каталог" pos="NOUN">каталог</instance>
         <wf lemma="на" pos="X">на</wf>
         <wf lemma="издателство" pos="X">издателство</wf>
         <wf lemma="." pos="X">.</wf>
      </sentence>
      <sentence id="d000.s2730" source="wordnet-bulgarian">
         <wf lemma="ожесточен" pos="X">ожесточен</wf>
         <instance id="d000.s2730.t000" lemma="спор" pos="NOUN">спор</instance>
         <wf lemma="." pos="X">.</wf>
      </sentence>
      <sentence id="d000.s2731" source="wordnet-bulgarian">
         <wf lemma="Неговото" pos="X">Неговото</wf>
         <instance id="d000.s2731.t000" lemma="господство" pos="NOUN">господство</instance>
         <wf lemma="не" pos="X">не</wf>
         <wf lemma="трая" pos="X">трая</wf>
         <wf lemma="дълго" pos="X">дълго</wf>
         <wf lemma="." pos="X">.</wf>
      </sentence>
      <sentence id="d000.s2732" source="wordnet-bulgarian">
         <instance id="d000.s2732.t000" lemma="игла" pos="NOUN">игла</instance>
         <wf lemma="с" pos="X">с</wf>
         <wf lemma="малка" pos="X">малка</wf>
         <wf lemma="дупка" pos="X">дупка</wf>
         <wf lemma="." pos="X">.</wf>
      </sentence>
      <sentence id="d000.s2733" source="wordnet-bulgarian">
         <wf lemma="пускам" pos="X">пускам</wf>
         <instance id="d000.s2733.t000" lemma="майтап" pos="NOUN">майтапи</instance>
         <wf lemma="." pos="X">.</wf>
      </sentence>
      <sentence id="d000.s2734" source="wordnet-bulgarian">
         <instance id="d000.s2734.t000" lemma="вуйчо" pos="NOUN">Вуйчо</instance>
         <wf lemma="ми" pos="X">ми</wf>
         <wf lemma="живее" pos="X">живее</wf>
         <wf lemma="в" pos="X">в</wf>
         <wf lemma="чужбина" pos="X">чужбина</wf>
         <wf lemma="." pos="X">.</wf>
      </sentence>
      <sentence id="d000.s2735" source="wordnet-bulgarian">
         <instance id="d000.s2735.t000" lemma="частица" pos="NOUN">частица</instance>
         <wf lemma="земя" pos="X">земя</wf>
         <wf lemma="." pos="X">.</wf>
      </sentence>
      <sentence id="d000.s2736" source="wordnet-bulgarian">
         <wf lemma="нудистки" pos="X">нудистки</wf>
         <instance id="d000.s2736.t000" lemma="плаж" pos="NOUN">плаж</instance>
         <wf lemma="." pos="X">.</wf>
      </sentence>
      <sentence id="d000.s2737" source="wordnet-bulgarian">
         <wf lemma="Играя" pos="X">Играя</wf>
         <wf lemma="си" pos="X">си</wf>
         <wf lemma="с" pos="X">с</wf>
         <instance id="d000.s2737.t000" lemma="кукла" pos="NOUN">кукли</instance>
         <wf lemma="." pos="X">.</wf>
      </sentence>
      <sentence id="d000.s2738" source="wordnet-bulgarian">
         <wf lemma="историческа" pos="X">историческа</wf>
         <instance id="d000.s2738.t000" lemma="правдоподобност" pos="NOUN">правдоподобност</instance>
         <wf lemma="." pos="X">.</wf>
      </sentence>
      <sentence id="d000.s2739" source="wordnet-bulgarian">
         <wf lemma="вадя" pos="X">вадя</wf>
         <instance id="d000.s2739.t000" lemma="бутилка" pos="NOUN">бутилка</instance>
         <wf lemma="от" pos="X">от</wf>
         <wf lemma="." pos="X">.</wf>
      </sentence>
      <sentence id="d000.s2740" source="wordnet-bulgarian">
         <wf lemma="Строят" pos="X">Строят</wf>
         <wf lemma="нов" pos="X">нов</wf>
         <instance id="d000.s2740.t000" lemma="кучкарник" pos="NOUN">кучкарник</instance>
         <wf lemma="." pos="X">.</wf>
      </sentence>
      <sentence id="d000.s2741" source="wordnet-bulgarian">
         <instance id="d000.s2741.t000" lemma="сфера" pos="NOUN">сфера</instance>
         <wf lemma="на" pos="X">на</wf>
         <wf lemma="влияние" pos="X">влияние</wf>
         <wf lemma="." pos="X">.</wf>
      </sentence>
      <sentence id="d000.s2742" source="wordnet-bulgarian">
         <wf lemma="копринена" pos="X">копринена</wf>
         <instance id="d000.s2742.t000" lemma="панделка" pos="NOUN">панделка</instance>
         <wf lemma="." pos="X">.</wf>
      </sentence>
      <sentence id="d000.s2743" source="wordnet-bulgarian">
         <wf lemma="Той" pos="X">Той</wf>
         <wf lemma="продаде" pos="X">продаде</wf>
         <wf lemma="колата" pos="X">колата</wf>
         <wf lemma="си" pos="X">си</wf>
         <wf lemma="на" pos="X">на</wf>
         <instance id="d000.s2743.t000" lemma="загуба" pos="NOUN">загуба</instance>
         <wf lemma="." pos="X">.</wf>
      </sentence>
      <sentence id="d000.s2744" source="wordnet-bulgarian">
         <wf lemma="получавам" pos="X">получавам</wf>
         <instance id="d000.s2744.t000" lemma="привилегия" pos="NOUN">привилегии</instance>
         <wf lemma="." pos="X">.</wf>
      </sentence>
      <sentence id="d000.s2745" source="wordnet-bulgarian">
         <instance id="d000.s2745.t000" lemma="пия" pos="VERB">пия</instance>
         <wf lemma="вода" pos="X">вода</wf>
         <wf lemma="." pos="X">.</wf>
      </sentence>
      <sentence id="d000.s2746" source="wordnet-bulgarian">
         <wf lemma="имам" pos="X">имам</wf>
         <instance id="d000.s2746.t000" lemma="лиценз" pos="NOUN">лиценз</instance>
         <wf lemma="." pos="X">.</wf>
      </sentence>
      <sentence id="d000.s2747" source="wordnet-bulgarian">
         <wf lemma="спортна" pos="X">спортна</wf>
         <instance id="d000.s2747.t000" lemma="инициатива" pos="NOUN">инициатива</instance>
         <wf lemma="." pos="X">.</wf>
      </sentence>
      <sentence id="d000.s2748" source="wordnet-bulgarian">
         <wf lemma="добро" pos="X">добро</wf>
         <instance id="d000.s2748.t000" lemma="настроение" pos="NOUN">настроение</instance>
         <wf lemma="." pos="X">.</wf>
      </sentence>
      <sentence id="d000.s2749" source="wordnet-bulgarian">
         <instance id="d000.s2749.t000" lemma="пукнатина" pos="NOUN">пукнатини</instance>
         <wf lemma="в" pos="X">в</wf>
         <wf lemma="скалата" pos="X">скалата</wf>
         <wf lemma="." pos="X">.</wf>
      </sentence>
      <sentence id="d000.s2750" source="wordnet-bulgarian">
         <wf lemma="пищя" pos="X">пищя</wf>
         <wf lemma="от" pos="X">от</wf>
         <instance id="d000.s2750.t000" lemma="болка" pos="NOUN">болка</instance>
         <wf lemma="." pos="X">.</wf>
      </sentence>
      <sentence id="d000.s2751" source="wordnet-bulgarian">
         <wf lemma="дребен" pos="X">дребен</wf>
         <instance id="d000.s2751.t000" lemma="чакъл" pos="NOUN">чакъл</instance>
         <wf lemma="." pos="X">.</wf>
      </sentence>
      <sentence id="d000.s2752" source="wordnet-bulgarian">
         <wf lemma="производство" pos="X">производство</wf>
         <wf lemma="на" pos="X">на</wf>
         <instance id="d000.s2752.t000" lemma="месо" pos="NOUN">месо</instance>
         <wf lemma="." pos="X">.</wf>
      </sentence>
      <sentence id="d000.s2753" source="wordnet-bulgarian">
         <wf lemma="спортна" pos="X">спортна</wf>
         <instance id="d000.s2753.t000" lemma="организация" pos="NOUN">организация</instance>
         <wf lemma="." pos="X">.</wf>
      </sentence>
      <sentence id="d000.s2754" source="wordnet-bulgarian">
         <wf lemma="спортен" pos="X">спортен</wf>
         <instance id="d000.s2754.t000" lemma="център" pos="NOUN">център</instance>
         <wf lemma="." pos="X">.</wf>
      </sentence>
      <sentence id="d000.s2755" source="wordnet-bulgarian">
         <wf lemma="губя" pos="X">губя</wf>
         <instance id="d000.s2755.t000" lemma="сражение" pos="NOUN">сражение</instance>
         <wf lemma="." pos="X">.</wf>
      </sentence>
      <sentence id="d000.s2756" source="wordnet-bulgarian">
         <wf lemma="носталгични" pos="X">носталгични</wf>
         <instance id="d000.s2756.t000" lemma="чувство" pos="NOUN">чувства</instance>
         <wf lemma="." pos="X">.</wf>
      </sentence>
      <sentence id="d000.s2757" source="wordnet-bulgarian">
         <wf lemma="хронична" pos="X">хронична</wf>
         <instance id="d000.s2757.t000" lemma="кома" pos="NOUN">кома</instance>
         <wf lemma="." pos="X">.</wf>
      </sentence>
      <sentence id="d000.s2758" source="wordnet-bulgarian">
         <instance id="d000.s2758.t000" lemma="имам" pos="VERB">имам</instance>
         <wf lemma="желание" pos="X">желание</wf>
         <wf lemma="." pos="X">.</wf>
      </sentence>
      <sentence id="d000.s2759" source="wordnet-bulgarian">
         <wf lemma="кухненска" pos="X">кухненска</wf>
         <instance id="d000.s2759.t000" lemma="мебел" pos="NOUN">мебел</instance>
         <wf lemma="." pos="X">.</wf>
      </sentence>
      <sentence id="d000.s2760" source="wordnet-bulgarian">
         <wf lemma="давам" pos="X">давам</wf>
         <wf lemma="за" pos="X">за</wf>
         <instance id="d000.s2760.t000" lemma="жена" pos="NOUN">жена</instance>
         <wf lemma="." pos="X">.</wf>
      </sentence>
      <sentence id="d000.s2761" source="wordnet-bulgarian">
         <wf lemma="Европейско" pos="X">Европейско</wf>
         <wf lemma="първенство" pos="X">първенство</wf>
         <wf lemma="по" pos="X">по</wf>
         <instance id="d000.s2761.t000" lemma="футбол" pos="NOUN">футбол</instance>
         <wf lemma="." pos="X">.</wf>
      </sentence>
      <sentence id="d000.s2762" source="wordnet-bulgarian">
         <instance id="d000.s2762.t000" lemma="превоз" pos="NOUN">превоз</instance>
         <wf lemma="по" pos="X">по</wf>
         <wf lemma="море" pos="X">море</wf>
         <wf lemma="." pos="X">.</wf>
      </sentence>
      <sentence id="d000.s2763" source="wordnet-bulgarian">
         <instance id="d000.s2763.t000" lemma="агент" pos="NOUN">агент</instance>
         <wf lemma="на" pos="X">на</wf>
         <wf lemma="фирма" pos="X">фирма</wf>
         <wf lemma="." pos="X">.</wf>
      </sentence>
      <sentence id="d000.s2764" source="wordnet-bulgarian">
         <wf lemma="жълт" pos="X">жълт</wf>
         <instance id="d000.s2764.t000" lemma="каймак" pos="NOUN">каймак</instance>
         <wf lemma="." pos="X">.</wf>
      </sentence>
      <sentence id="d000.s2765" source="wordnet-bulgarian">
         <wf lemma="При" pos="X">При</wf>
         <wf lemma="Батак" pos="X">Батак</wf>
         <wf lemma="стана" pos="X">стана</wf>
         <wf lemma="нова" pos="X">нова</wf>
         <instance id="d000.s2765.t000" lemma="битка" pos="NOUN">битка</instance>
         <wf lemma="." pos="X">.</wf>
      </sentence>
      <sentence id="d000.s2766" source="wordnet-bulgarian">
         <instance id="d000.s2766.t000" lemma="отношение" pos="NOUN">Отношението</instance>
         <wf lemma="му" pos="X">му</wf>
         <wf lemma="към" pos="X">към</wf>
         <wf lemma="жените" pos="X">жените</wf>
         <wf lemma="е" pos="X">е</wf>
         <wf lemma="осъдително" pos="X">осъдително</wf>
         <wf lemma="." pos="X">.</wf>
      </sentence>
      <sentence id="d000.s2767" source="wordnet-bulgarian">
         <wf lemma="Не" pos="X">Не</wf>
         <wf lemma="умея" pos="X">умея</wf>
         <wf lemma="да" pos="X">да</wf>
         <wf lemma="прикривам" pos="X">прикривам</wf>
         <instance id="d000.s2767.t000" lemma="чувство" pos="NOUN">чувствата</instance>
         <wf lemma="си" pos="X">си</wf>
         <wf lemma="." pos="X">.</wf>
      </sentence>
      <sentence id="d000.s2768" source="wordnet-bulgarian">
         <wf lemma="работя" pos="X">работя</wf>
         <wf lemma="в" pos="X">в</wf>
         <instance id="d000.s2768.t000" lemma="рудник" pos="NOUN">рудника</instance>
         <wf lemma="." pos="X">.</wf>
      </sentence>
      <sentence id="d000.s2769" source="wordnet-bulgarian">
         <wf lemma="в" pos="X">в</wf>
         <wf lemma="една" pos="X">една</wf>
         <wf lemma="дъждовна" pos="X">дъждовна</wf>
         <instance id="d000.s2769.t000" lemma="нощ" pos="NOUN">нощ</instance>
         <wf lemma="." pos="X">.</wf>
      </sentence>
      <sentence id="d000.s2770" source="wordnet-bulgarian">
         <wf lemma="Навред" pos="X">Навред</wf>
         <wf lemma="цари" pos="X">цари</wf>
         <instance id="d000.s2770.t000" lemma="спокойствие" pos="NOUN">спокойствие</instance>
         <wf lemma="." pos="X">.</wf>
      </sentence>
      <sentence id="d000.s2771" source="wordnet-bulgarian">
         <wf lemma="в" pos="X">в</wf>
         <instance id="d000.s2771.t000" lemma="срок" pos="NOUN">срок</instance>
         <wf lemma="от" pos="X">от</wf>
         <wf lemma="пет" pos="X">пет</wf>
         <wf lemma="дни" pos="X">дни</wf>
         <wf lemma="." pos="X">.</wf>
      </sentence>
      <sentence id="d000.s2772" source="wordnet-bulgarian">
         <wf lemma="игрива" pos="X">игрива</wf>
         <instance id="d000.s2772.t000" lemma="мелодия" pos="NOUN">мелодия</instance>
         <wf lemma="." pos="X">.</wf>
      </sentence>
      <sentence id="d000.s2773" source="wordnet-bulgarian">
         <wf lemma="Омръзна" pos="X">Омръзна</wf>
         <wf lemma="ми" pos="X">ми</wf>
         <wf lemma="от" pos="X">от</wf>
         <wf lemma="неговите" pos="X">неговите</wf>
         <instance id="d000.s2773.t000" lemma="симулация" pos="NOUN">симулации</instance>
         <wf lemma="." pos="X">.</wf>
      </sentence>
      <sentence id="d000.s2774" source="wordnet-bulgarian">
         <wf lemma="Да" pos="X">Да</wf>
         <wf lemma="поиграем" pos="X">поиграем</wf>
         <wf lemma="с" pos="X">с</wf>
         <instance id="d000.s2774.t000" lemma="топче" pos="NOUN">топчетата</instance>
         <wf lemma="за" pos="X">за</wf>
         <wf lemma="игра" pos="X">игра</wf>
         <wf lemma="." pos="X">.</wf>
      </sentence>
      <sentence id="d000.s2775" source="wordnet-bulgarian">
         <wf lemma="домашна" pos="X">домашна</wf>
         <instance id="d000.s2775.t000" lemma="прислужница" pos="NOUN">прислужница</instance>
         <wf lemma="." pos="X">.</wf>
      </sentence>
      <sentence id="d000.s2776" source="wordnet-bulgarian">
         <wf lemma="налегнаха" pos="X">налегнаха</wf>
         <wf lemma="ме" pos="X">ме</wf>
         <instance id="d000.s2776.t000" lemma="грижа" pos="NOUN">грижи</instance>
         <wf lemma="." pos="X">.</wf>
      </sentence>
      <sentence id="d000.s2777" source="wordnet-bulgarian">
         <instance id="d000.s2777.t000" lemma="смяна" pos="NOUN">смяна</instance>
         <wf lemma="на" pos="X">на</wf>
         <wf lemma="бельото" pos="X">бельото</wf>
         <wf lemma="." pos="X">.</wf>
      </sentence>
      <sentence id="d000.s2778" source="wordnet-bulgarian">
         <wf lemma="Купихме" pos="X">Купихме</wf>
         <wf lemma="си" pos="X">си</wf>
         <wf lemma="нов" pos="X">нов</wf>
         <instance id="d000.s2778.t000" lemma="телевизор" pos="NOUN">телевизор</instance>
         <wf lemma="." pos="X">.</wf>
      </sentence>
      <sentence id="d000.s2779" source="wordnet-bulgarian">
         <wf lemma="Хвърли" pos="X">Хвърли</wf>
         <wf lemma="един" pos="X">един</wf>
         <wf lemma="бегъл" pos="X">бегъл</wf>
         <instance id="d000.s2779.t000" lemma="поглед" pos="NOUN">поглед</instance>
         <wf lemma="на" pos="X">на</wf>
         <wf lemma="вестника" pos="X">вестника</wf>
         <wf lemma="." pos="X">.</wf>
      </sentence>
      <sentence id="d000.s2780" source="wordnet-bulgarian">
         <wf lemma="напускам" pos="X">напускам</wf>
         <instance id="d000.s2780.t000" lemma="пост" pos="NOUN">поста</instance>
         <wf lemma="си" pos="X">си</wf>
         <wf lemma="." pos="X">.</wf>
      </sentence>
      <sentence id="d000.s2781" source="wordnet-bulgarian">
         <wf lemma="Как" pos="X">Как</wf>
         <wf lemma="сте" pos="X">сте</wf>
         <wf lemma="," pos="X">,</wf>
         <instance id="d000.s2781.t000" lemma="дама" pos="NOUN">дами</instance>
         <wf lemma="?" pos="X">?</wf>
      </sentence>
      <sentence id="d000.s2782" source="wordnet-bulgarian">
         <wf lemma="Акулата" pos="X">Акулата</wf>
         <wf lemma="е" pos="X">е</wf>
         <wf lemma="голяма" pos="X">голяма</wf>
         <instance id="d000.s2782.t000" lemma="риба" pos="NOUN">риба</instance>
         <wf lemma="." pos="X">.</wf>
      </sentence>
      <sentence id="d000.s2783" source="wordnet-bulgarian">
         <wf lemma="лошо" pos="X">лошо</wf>
         <instance id="d000.s2783.t000" lemma="настроение" pos="NOUN">настроение</instance>
         <wf lemma="." pos="X">.</wf>
      </sentence>
      <sentence id="d000.s2784" source="wordnet-bulgarian">
         <wf lemma="излиза" pos="X">излиза</wf>
         <instance id="d000.s2784.t000" lemma="вятър" pos="NOUN">вятър</instance>
         <wf lemma="." pos="X">.</wf>
      </sentence>
      <sentence id="d000.s2785" source="wordnet-bulgarian">
         <wf lemma="получавам" pos="X">получавам</wf>
         <instance id="d000.s2785.t000" lemma="наказание" pos="NOUN">наказание</instance>
         <wf lemma="за" pos="X">за</wf>
         <wf lemma="." pos="X">.</wf>
      </sentence>
      <sentence id="d000.s2786" source="wordnet-bulgarian">
         <wf lemma="Всяка" pos="X">Всяка</wf>
         <wf lemma="сутрин" pos="X">сутрин</wf>
         <instance id="d000.s2786.t000" lemma="ученик" pos="NOUN">учениците</instance>
         <wf lemma="тръгват" pos="X">тръгват</wf>
         <wf lemma="на" pos="X">на</wf>
         <wf lemma="училище" pos="X">училище</wf>
         <wf lemma="." pos="X">.</wf>
      </sentence>
      <sentence id="d000.s2787" source="wordnet-bulgarian">
         <instance id="d000.s2787.t000" lemma="отказ" pos="NOUN">отказ</instance>
         <wf lemma="от" pos="X">от</wf>
         <wf lemma="нещо" pos="X">нещо</wf>
         <wf lemma="." pos="X">.</wf>
      </sentence>
      <sentence id="d000.s2788" source="wordnet-bulgarian">
         <instance id="d000.s2788.t000" lemma="копие" pos="NOUN">копие</instance>
         <wf lemma="от" pos="X">от</wf>
         <wf lemma="документ" pos="X">документ</wf>
         <wf lemma="." pos="X">.</wf>
      </sentence>
      <sentence id="d000.s2789" source="wordnet-bulgarian">
         <wf lemma="В" pos="X">В</wf>
         <wf lemma="тези" pos="X">тези</wf>
         <wf lemma="цифри" pos="X">цифри</wf>
         <wf lemma="видях" pos="X">видях</wf>
         <instance id="d000.s2789.t000" lemma="знамение" pos="NOUN">знамение</instance>
         <wf lemma="за" pos="X">за</wf>
         <wf lemma="промяна" pos="X">промяна</wf>
         <wf lemma="към" pos="X">към</wf>
         <wf lemma="добро" pos="X">добро</wf>
         <wf lemma="." pos="X">.</wf>
      </sentence>
      <sentence id="d000.s2790" source="wordnet-bulgarian">
         <wf lemma="гранитен" pos="X">гранитен</wf>
         <instance id="d000.s2790.t000" lemma="камък" pos="NOUN">камък</instance>
         <wf lemma="." pos="X">.</wf>
      </sentence>
      <sentence id="d000.s2791" source="wordnet-bulgarian">
         <instance id="d000.s2791.t000" lemma="победител" pos="NOUN">победител</instance>
         <wf lemma="в" pos="X">в</wf>
         <wf lemma="конкурс" pos="X">конкурс</wf>
         <wf lemma="." pos="X">.</wf>
      </sentence>
      <sentence id="d000.s2792" source="wordnet-bulgarian">
         <instance id="d000.s2792.t000" lemma="яйце" pos="NOUN">яйце</instance>
         <wf lemma="от" pos="X">от</wf>
         <wf lemma="кокошка" pos="X">кокошка</wf>
         <wf lemma="." pos="X">.</wf>
      </sentence>
      <sentence id="d000.s2793" source="wordnet-bulgarian">
         <wf lemma="Що" pos="X">Що</wf>
         <wf lemma="за" pos="X">за</wf>
         <instance id="d000.s2793.t000" lemma="бюрокрация" pos="NOUN">бюрокрация</instance>
         <wf lemma="е" pos="X">е</wf>
         <wf lemma="това" pos="X">това</wf>
         <wf lemma="!" pos="X">!</wf>
      </sentence>
      <sentence id="d000.s2794" source="wordnet-bulgarian">
         <wf lemma="проверявам" pos="X">проверявам</wf>
         <wf lemma="как" pos="X">как</wf>
         <wf lemma="върви" pos="X">върви</wf>
         <instance id="d000.s2794.t000" lemma="подготовка" pos="NOUN">подготовката</instance>
         <wf lemma="." pos="X">.</wf>
      </sentence>
      <sentence id="d000.s2795" source="wordnet-bulgarian">
         <wf lemma="давам" pos="X">давам</wf>
         <instance id="d000.s2795.t000" lemma="прием" pos="NOUN">прием</instance>
         <wf lemma="." pos="X">.</wf>
      </sentence>
      <sentence id="d000.s2796" source="wordnet-bulgarian">
         <wf lemma="съвременна" pos="X">съвременна</wf>
         <instance id="d000.s2796.t000" lemma="литература" pos="NOUN">литература</instance>
         <wf lemma="." pos="X">.</wf>
      </sentence>
      <sentence id="d000.s2797" source="wordnet-bulgarian">
         <wf lemma="Дълго" pos="X">Дълго</wf>
         <instance id="d000.s2797.t000" lemma="дискутирам" pos="VERB">дискутирахме</instance>
         <wf lemma="какво" pos="X">какво</wf>
         <wf lemma="да" pos="X">да</wf>
         <wf lemma="правим" pos="X">правим</wf>
         <wf lemma="." pos="X">.</wf>
      </sentence>
      <sentence id="d000.s2798" source="wordnet-bulgarian">
         <wf lemma="давам" pos="X">давам</wf>
         <instance id="d000.s2798.t000" lemma="живот" pos="NOUN">живот</instance>
         <wf lemma="." pos="X">.</wf>
      </sentence>
      <sentence id="d000.s2799" source="wordnet-bulgarian">
         <wf lemma="високо" pos="X">високо</wf>
         <instance id="d000.s2799.t000" lemma="стъпало" pos="NOUN">стъпало</instance>
         <wf lemma="." pos="X">.</wf>
      </sentence>
      <sentence id="d000.s2800" source="wordnet-bulgarian">
         <wf lemma="за" pos="X">за</wf>
         <wf lemma="една" pos="X">една</wf>
         <instance id="d000.s2800.t000" lemma="година" pos="NOUN">година</instance>
         <wf lemma="." pos="X">.</wf>
      </sentence>
      <sentence id="d000.s2801" source="wordnet-bulgarian">
         <wf lemma="за" pos="X">за</wf>
         <instance id="d000.s2801.t000" lemma="наказание" pos="NOUN">наказание</instance>
         <wf lemma="." pos="X">.</wf>
      </sentence>
      <sentence id="d000.s2802" source="wordnet-bulgarian">
         <wf lemma="Впускам" pos="X">Впускам</wf>
         <wf lemma="се" pos="X">се</wf>
         <wf lemma="в" pos="X">в</wf>
         <instance id="d000.s2802.t000" lemma="обяснение" pos="NOUN">обяснения</instance>
         <wf lemma="." pos="X">.</wf>
      </sentence>
      <sentence id="d000.s2803" source="wordnet-bulgarian">
         <instance id="d000.s2803.t000" lemma="конфликт" pos="NOUN">конфликт</instance>
         <wf lemma="между" pos="X">между</wf>
         <wf lemma="." pos="X">.</wf>
      </sentence>
      <sentence id="d000.s2804" source="wordnet-bulgarian">
         <instance id="d000.s2804.t000" lemma="добавка" pos="NOUN">добавка</instance>
         <wf lemma="към" pos="X">към</wf>
         <wf lemma="заплатата" pos="X">заплатата</wf>
         <wf lemma="." pos="X">.</wf>
      </sentence>
      <sentence id="d000.s2805" source="wordnet-bulgarian">
         <wf lemma="строителни" pos="X">строителни</wf>
         <instance id="d000.s2805.t000" lemma="машина" pos="NOUN">машини</instance>
         <wf lemma="." pos="X">.</wf>
      </sentence>
      <sentence id="d000.s2806" source="wordnet-bulgarian">
         <wf lemma="два" pos="X">два</wf>
         <instance id="d000.s2806.t000" lemma="стрък" pos="NOUN">стръка</instance>
         <wf lemma="чесън" pos="X">чесън</wf>
         <wf lemma="." pos="X">.</wf>
      </sentence>
      <sentence id="d000.s2807" source="wordnet-bulgarian">
         <instance id="d000.s2807.t000" lemma="пея" pos="VERB">пея</instance>
         <wf lemma="в" pos="X">в</wf>
         <wf lemma="хор." pos="X">хор.</wf>
      </sentence>
      <sentence id="d000.s2808" source="wordnet-bulgarian">
         <wf lemma="Той" pos="X">Той</wf>
         <wf lemma="е" pos="X">е</wf>
         <wf lemma="в" pos="X">в</wf>
         <instance id="d000.s2808.t000" lemma="арест" pos="NOUN">ареста</instance>
         <wf lemma="на" pos="X">на</wf>
         <wf lemma="полицията" pos="X">полицията</wf>
         <wf lemma="." pos="X">.</wf>
      </sentence>
      <sentence id="d000.s2809" source="wordnet-bulgarian">
         <wf lemma="барокови" pos="X">барокови</wf>
         <instance id="d000.s2809.t000" lemma="мотив" pos="NOUN">мотиви</instance>
         <wf lemma="." pos="X">.</wf>
      </sentence>
      <sentence id="d000.s2810" source="wordnet-bulgarian">
         <wf lemma="Тя" pos="X">Тя</wf>
         <wf lemma="е" pos="X">е</wf>
         <wf lemma="с" pos="X">с</wf>
         <wf lemma="много" pos="X">много</wf>
         <wf lemma="хубав" pos="X">хубав</wf>
         <instance id="d000.s2810.t000" lemma="загар" pos="NOUN">загар</instance>
         <wf lemma="на" pos="X">на</wf>
         <wf lemma="кожата" pos="X">кожата</wf>
         <wf lemma="." pos="X">.</wf>
      </sentence>
      <sentence id="d000.s2811" source="wordnet-bulgarian">
         <wf lemma="Тук" pos="X">Тук</wf>
         <instance id="d000.s2811.t000" lemma="квартирувам" pos="VERB">квартируват</instance>
         <wf lemma="няколко" pos="X">няколко</wf>
         <wf lemma="семейства" pos="X">семейства</wf>
         <wf lemma="." pos="X">.</wf>
      </sentence>
      <sentence id="d000.s2812" source="wordnet-bulgarian">
         <wf lemma="честно" pos="X">честно</wf>
         <wf lemma="спечелени" pos="X">спечелени</wf>
         <instance id="d000.s2812.t000" lemma="пара" pos="NOUN">пари</instance>
         <wf lemma="." pos="X">.</wf>
      </sentence>
      <sentence id="d000.s2813" source="wordnet-bulgarian">
         <instance id="d000.s2813.t000" lemma="мляко" pos="NOUN">Млякото</instance>
         <wf lemma="се" pos="X">се</wf>
         <wf lemma="пресече" pos="X">пресече</wf>
         <wf lemma="." pos="X">.</wf>
      </sentence>
      <sentence id="d000.s2814" source="wordnet-bulgarian">
         <wf lemma="божие" pos="X">божие</wf>
         <instance id="d000.s2814.t000" lemma="възмездие" pos="NOUN">възмездие</instance>
         <wf lemma="." pos="X">.</wf>
      </sentence>
      <sentence id="d000.s2815" source="wordnet-bulgarian">
         <wf lemma="Връзвам" pos="X">Връзвам</wf>
         <wf lemma="с" pos="X">с</wf>
         <instance id="d000.s2815.t000" lemma="верига" pos="NOUN">верига</instance>
         <wf lemma="." pos="X">.</wf>
      </sentence>
      <sentence id="d000.s2816" source="wordnet-bulgarian">
         <wf lemma="снимам" pos="X">снимам</wf>
         <wf lemma="с" pos="X">с</wf>
         <instance id="d000.s2816.t000" lemma="камера" pos="NOUN">камера</instance>
         <wf lemma="." pos="X">.</wf>
      </sentence>
      <sentence id="d000.s2817" source="wordnet-bulgarian">
         <wf lemma="теоретична" pos="X">теоретична</wf>
         <instance id="d000.s2817.t000" lemma="формулировка" pos="NOUN">формулировка</instance>
         <wf lemma="." pos="X">.</wf>
      </sentence>
      <sentence id="d000.s2818" source="wordnet-bulgarian">
         <instance id="d000.s2818.t000" lemma="търся" pos="VERB">Търся</instance>
         <wf lemma="си" pos="X">си</wf>
         <wf lemma="щастието" pos="X">щастието</wf>
         <wf lemma="." pos="X">.</wf>
      </sentence>
      <sentence id="d000.s2819" source="wordnet-bulgarian">
         <wf lemma="страстен" pos="X">страстен</wf>
         <instance id="d000.s2819.t000" lemma="фен" pos="NOUN">фен</instance>
         <wf lemma="." pos="X">.</wf>
      </sentence>
      <sentence id="d000.s2820" source="wordnet-bulgarian">
         <instance id="d000.s2820.t000" lemma="настояще" pos="NOUN">Настоящето</instance>
         <wf lemma="ни" pos="X">ни</wf>
         <wf lemma="задоволява" pos="X">задоволява</wf>
         <wf lemma="." pos="X">.</wf>
      </sentence>
      <sentence id="d000.s2821" source="wordnet-bulgarian">
         <wf lemma="всякакви" pos="X">всякакви</wf>
         <instance id="d000.s2821.t000" lemma="машинария" pos="NOUN">машинарии</instance>
         <wf lemma="." pos="X">.</wf>
      </sentence>
      <sentence id="d000.s2822" source="wordnet-bulgarian">
         <wf lemma="Събранието" pos="X">Събранието</wf>
         <wf lemma="е" pos="X">е</wf>
         <wf lemma="в" pos="X">в</wf>
         <wf lemma="голямата" pos="X">голямата</wf>
         <instance id="d000.s2822.t000" lemma="зала" pos="NOUN">зала</instance>
         <wf lemma="." pos="X">.</wf>
      </sentence>
      <sentence id="d000.s2823" source="wordnet-bulgarian">
         <instance id="d000.s2823.t000" lemma="наследя" pos="VERB">Наследих</instance>
         <wf lemma="бизнеса" pos="X">бизнеса</wf>
         <wf lemma="от" pos="X">от</wf>
         <wf lemma="баща" pos="X">баща</wf>
         <wf lemma="си" pos="X">си</wf>
         <wf lemma="." pos="X">.</wf>
      </sentence>
      <sentence id="d000.s2824" source="wordnet-bulgarian">
         <instance id="d000.s2824.t000" lemma="сън" pos="NOUN">Сънят</instance>
         <wf lemma="е" pos="X">е</wf>
         <wf lemma="важен" pos="X">важен</wf>
         <wf lemma="за" pos="X">за</wf>
         <wf lemma="възстановяването" pos="X">възстановяването</wf>
         <wf lemma="на" pos="X">на</wf>
         <wf lemma="организма" pos="X">организма</wf>
         <wf lemma="." pos="X">.</wf>
      </sentence>
      <sentence id="d000.s2825" source="wordnet-bulgarian">
         <wf lemma="Болният" pos="X">Болният</wf>
         <wf lemma="се" pos="X">се</wf>
         <wf lemma="нуждае" pos="X">нуждае</wf>
         <wf lemma="спешно" pos="X">спешно</wf>
         <wf lemma="от" pos="X">от</wf>
         <wf lemma="лечение" pos="X">лечение</wf>
         <wf lemma="в" pos="X">в</wf>
         <instance id="d000.s2825.t000" lemma="болница" pos="NOUN">болница</instance>
         <wf lemma="." pos="X">.</wf>
      </sentence>
      <sentence id="d000.s2826" source="wordnet-bulgarian">
         <wf lemma="луда" pos="X">луда</wf>
         <instance id="d000.s2826.t000" lemma="паника" pos="NOUN">паника</instance>
         <wf lemma="." pos="X">.</wf>
      </sentence>
      <sentence id="d000.s2827" source="wordnet-bulgarian">
         <wf lemma="красиво" pos="X">красиво</wf>
         <instance id="d000.s2827.t000" lemma="езеро" pos="NOUN">езеро</instance>
         <wf lemma="." pos="X">.</wf>
      </sentence>
      <sentence id="d000.s2828" source="wordnet-bulgarian">
         <wf lemma="жужат" pos="X">жужат</wf>
         <instance id="d000.s2828.t000" lemma="пчела" pos="NOUN">пчели</instance>
         <wf lemma="." pos="X">.</wf>
      </sentence>
      <sentence id="d000.s2829" source="wordnet-bulgarian">
         <instance id="d000.s2829.t000" lemma="свят" pos="NOUN">Светът</instance>
         <wf lemma="гледа" pos="X">гледа</wf>
         <wf lemma="на" pos="X">на</wf>
         <wf lemma="него" pos="X">него</wf>
         <wf lemma="като" pos="X">като</wf>
         <wf lemma="на" pos="X">на</wf>
         <wf lemma="герой" pos="X">герой</wf>
         <wf lemma="." pos="X">.</wf>
      </sentence>
      <sentence id="d000.s2830" source="wordnet-bulgarian">
         <wf lemma="нередовен" pos="X">нередовен</wf>
         <instance id="d000.s2830.t000" lemma="пътник" pos="NOUN">пътник</instance>
         <wf lemma="." pos="X">.</wf>
      </sentence>
      <sentence id="d000.s2831" source="wordnet-bulgarian">
         <wf lemma="Роден" pos="X">Роден</wf>
         <wf lemma="съм" pos="X">съм</wf>
         <wf lemma="през" pos="X">през</wf>
         <instance id="d000.s2831.t000" lemma="март" pos="NOUN">март</instance>
         <wf lemma="." pos="X">.</wf>
      </sentence>
      <sentence id="d000.s2832" source="wordnet-bulgarian">
         <wf lemma="малка" pos="X">малка</wf>
         <instance id="d000.s2832.t000" lemma="сума" pos="NOUN">сума</instance>
         <wf lemma="." pos="X">.</wf>
      </sentence>
      <sentence id="d000.s2833" source="wordnet-bulgarian">
         <wf lemma="компютърен" pos="X">компютърен</wf>
         <instance id="d000.s2833.t000" lemma="хардуер" pos="NOUN">хардуер</instance>
         <wf lemma="." pos="X">.</wf>
      </sentence>
      <sentence id="d000.s2834" source="wordnet-bulgarian">
         <wf lemma="полярна" pos="X">полярна</wf>
         <instance id="d000.s2834.t000" lemma="зона" pos="NOUN">зона</instance>
         <wf lemma="." pos="X">.</wf>
      </sentence>
      <sentence id="d000.s2835" source="wordnet-bulgarian">
         <instance id="d000.s2835.t000" lemma="меню" pos="NOUN">Менюто</instance>
         <wf lemma="е" pos="X">е</wf>
         <wf lemma="на" pos="X">на</wf>
         <wf lemma="френски" pos="X">френски</wf>
         <wf lemma="език" pos="X">език</wf>
         <wf lemma="." pos="X">.</wf>
      </sentence>
      <sentence id="d000.s2836" source="wordnet-bulgarian">
         <wf lemma="Правя" pos="X">Правя</wf>
         <instance id="d000.s2836.t000" lemma="консерва" pos="NOUN">консерви</instance>
         <wf lemma="за" pos="X">за</wf>
         <wf lemma="зимата" pos="X">зимата</wf>
         <wf lemma="." pos="X">.</wf>
      </sentence>
      <sentence id="d000.s2837" source="wordnet-bulgarian">
         <instance id="d000.s2837.t000" lemma="копирам" pos="VERB">копирам</instance>
         <wf lemma="картина" pos="X">картина</wf>
         <wf lemma="." pos="X">.</wf>
      </sentence>
      <sentence id="d000.s2838" source="wordnet-bulgarian">
         <wf lemma="малък" pos="X">малък</wf>
         <instance id="d000.s2838.t000" lemma="подарък" pos="NOUN">подарък</instance>
         <wf lemma="." pos="X">.</wf>
      </sentence>
      <sentence id="d000.s2839" source="wordnet-bulgarian">
         <wf lemma="тухлен" pos="X">тухлен</wf>
         <instance id="d000.s2839.t000" lemma="апартамент" pos="NOUN">апартамент</instance>
         <wf lemma="." pos="X">.</wf>
      </sentence>
      <sentence id="d000.s2840" source="wordnet-bulgarian">
         <wf lemma="отговарям" pos="X">отговарям</wf>
         <wf lemma="на" pos="X">на</wf>
         <wf lemma="удара" pos="X">удара</wf>
         <wf lemma="с" pos="X">с</wf>
         <instance id="d000.s2840.t000" lemma="удар" pos="NOUN">удар</instance>
         <wf lemma="." pos="X">.</wf>
      </sentence>
      <sentence id="d000.s2841" source="wordnet-bulgarian">
         <wf lemma="прекъсвам" pos="X">прекъсвам</wf>
         <instance id="d000.s2841.t000" lemma="връзка" pos="NOUN">връзката</instance>
         <wf lemma="си" pos="X">си</wf>
         <wf lemma="с." pos="X">с.</wf>
      </sentence>
      <sentence id="d000.s2842" source="wordnet-bulgarian">
         <wf lemma="отводен" pos="X">отводен</wf>
         <instance id="d000.s2842.t000" lemma="канал" pos="NOUN">канал</instance>
         <wf lemma="." pos="X">.</wf>
      </sentence>
      <sentence id="d000.s2843" source="wordnet-bulgarian">
         <wf lemma="критично" pos="X">критично</wf>
         <instance id="d000.s2843.t000" lemma="отношение" pos="NOUN">отношение</instance>
         <wf lemma="." pos="X">.</wf>
      </sentence>
      <sentence id="d000.s2844" source="wordnet-bulgarian">
         <wf lemma="Ние" pos="X">Ние</wf>
         <instance id="d000.s2844.t000" lemma="изисквам" pos="VERB">изискваме</instance>
         <wf lemma="от" pos="X">от</wf>
         <wf lemma="нашия" pos="X">нашия</wf>
         <wf lemma="секретар" pos="X">секретар</wf>
         <wf lemma="да" pos="X">да</wf>
         <wf lemma="спазва" pos="X">спазва</wf>
         <wf lemma="работното" pos="X">работното</wf>
         <wf lemma="си" pos="X">си</wf>
         <wf lemma="време" pos="X">време</wf>
         <wf lemma="." pos="X">.</wf>
      </sentence>
      <sentence id="d000.s2845" source="wordnet-bulgarian">
         <wf lemma="нямам" pos="X">нямам</wf>
         <instance id="d000.s2845.t000" lemma="грижа" pos="NOUN">грижи</instance>
         <wf lemma="за" pos="X">за</wf>
         <wf lemma="." pos="X">.</wf>
      </sentence>
      <sentence id="d000.s2846" source="wordnet-bulgarian">
         <wf lemma="мисля" pos="X">мисля</wf>
         <wf lemma="само" pos="X">само</wf>
         <wf lemma="за" pos="X">за</wf>
         <instance id="d000.s2846.t000" lemma="мъст" pos="NOUN">мъст</instance>
         <wf lemma="." pos="X">.</wf>
      </sentence>
      <sentence id="d000.s2847" source="wordnet-bulgarian">
         <wf lemma="държавен" pos="X">държавен</wf>
         <instance id="d000.s2847.t000" lemma="архив" pos="NOUN">архив</instance>
         <wf lemma="." pos="X">.</wf>
      </sentence>
      <sentence id="d000.s2848" source="wordnet-bulgarian">
         <wf lemma="мажа" pos="X">мажа</wf>
         <wf lemma="се" pos="X">се</wf>
         <wf lemma="с" pos="X">с</wf>
         <instance id="d000.s2848.t000" lemma="крем" pos="NOUN">крем</instance>
         <wf lemma="." pos="X">.</wf>
      </sentence>
      <sentence id="d000.s2849" source="wordnet-bulgarian">
         <wf lemma="лош" pos="X">лош</wf>
         <instance id="d000.s2849.t000" lemma="баща" pos="NOUN">баща</instance>
         <wf lemma="." pos="X">.</wf>
      </sentence>
      <sentence id="d000.s2850" source="wordnet-bulgarian">
         <instance id="d000.s2850.t000" lemma="обяснявам" pos="VERB">обяснявам</instance>
         <wf lemma="урок" pos="X">урок</wf>
         <wf lemma="." pos="X">.</wf>
      </sentence>
      <sentence id="d000.s2851" source="wordnet-bulgarian">
         <wf lemma="Чу" pos="X">Чу</wf>
         <wf lemma="се" pos="X">се</wf>
         <wf lemma="силен" pos="X">силен</wf>
         <instance id="d000.s2851.t000" lemma="трясък" pos="NOUN">трясък</instance>
         <wf lemma="." pos="X">.</wf>
      </sentence>
      <sentence id="d000.s2852" source="wordnet-bulgarian">
         <wf lemma="открит" pos="X">открит</wf>
         <instance id="d000.s2852.t000" lemma="камион" pos="NOUN">камион</instance>
         <wf lemma="." pos="X">.</wf>
      </sentence>
      <sentence id="d000.s2853" source="wordnet-bulgarian">
         <wf lemma="интересно" pos="X">интересно</wf>
         <instance id="d000.s2853.t000" lemma="списание" pos="NOUN">списание</instance>
         <wf lemma="." pos="X">.</wf>
      </sentence>
      <sentence id="d000.s2854" source="wordnet-bulgarian">
         <wf lemma="той" pos="X">той</wf>
         <wf lemma="е" pos="X">е</wf>
         <wf lemma="човек" pos="X">човек</wf>
         <wf lemma="на" pos="X">на</wf>
         <instance id="d000.s2854.t000" lemma="действие" pos="NOUN">действието</instance>
         <wf lemma="." pos="X">.</wf>
      </sentence>
      <sentence id="d000.s2855" source="wordnet-bulgarian">
         <wf lemma="Жилище" pos="X">Жилище</wf>
         <wf lemma="от" pos="X">от</wf>
         <wf lemma="две" pos="X">две</wf>
         <instance id="d000.s2855.t000" lemma="стая" pos="NOUN">стаи</instance>
         <wf lemma="и" pos="X">и</wf>
         <wf lemma="кухня" pos="X">кухня</wf>
         <wf lemma="." pos="X">.</wf>
      </sentence>
      <sentence id="d000.s2856" source="wordnet-bulgarian">
         <wf lemma="В" pos="X">В</wf>
         <wf lemma="хола" pos="X">хола</wf>
         <wf lemma="има" pos="X">има</wf>
         <wf lemma="аквариум" pos="X">аквариум</wf>
         <wf lemma="с" pos="X">с</wf>
         <instance id="d000.s2856.t000" lemma="риба" pos="NOUN">риби</instance>
         <wf lemma="." pos="X">.</wf>
      </sentence>
      <sentence id="d000.s2857" source="wordnet-bulgarian">
         <wf lemma="цветна" pos="X">цветна</wf>
         <instance id="d000.s2857.t000" lemma="градина" pos="NOUN">градина</instance>
         <wf lemma="." pos="X">.</wf>
      </sentence>
      <sentence id="d000.s2858" source="wordnet-bulgarian">
         <wf lemma="капачка" pos="X">капачка</wf>
         <wf lemma="на" pos="X">на</wf>
         <instance id="d000.s2858.t000" lemma="коляно" pos="NOUN">коляното</instance>
         <wf lemma="." pos="X">.</wf>
      </sentence>
      <sentence id="d000.s2859" source="wordnet-bulgarian">
         <wf lemma="възвръщам" pos="X">възвръщам</wf>
         <instance id="d000.s2859.t000" lemma="индивидуалност" pos="NOUN">индивидуалността</instance>
         <wf lemma="си" pos="X">си</wf>
         <wf lemma="." pos="X">.</wf>
      </sentence>
      <sentence id="d000.s2860" source="wordnet-bulgarian">
         <instance id="d000.s2860.t000" lemma="пречка" pos="NOUN">пречка</instance>
         <wf lemma="в" pos="X">в</wf>
         <wf lemma="работата" pos="X">работата</wf>
         <wf lemma="." pos="X">.</wf>
      </sentence>
      <sentence id="d000.s2861" source="wordnet-bulgarian">
         <wf lemma="В" pos="X">В</wf>
         <wf lemma="кекса" pos="X">кекса</wf>
         <wf lemma="винаги" pos="X">винаги</wf>
         <wf lemma="слагам" pos="X">слагам</wf>
         <wf lemma="поне" pos="X">поне</wf>
         <wf lemma="една" pos="X">една</wf>
         <instance id="d000.s2861.t000" lemma="чаша" pos="NOUN">чаша</instance>
         <wf lemma="захар" pos="X">захар</wf>
         <wf lemma="." pos="X">.</wf>
      </sentence>
      <sentence id="d000.s2862" source="wordnet-bulgarian">
         <wf lemma="вдигам" pos="X">вдигам</wf>
         <instance id="d000.s2862.t000" lemma="вежда" pos="NOUN">вежди</instance>
         <wf lemma="." pos="X">.</wf>
      </sentence>
      <sentence id="d000.s2863" source="wordnet-bulgarian">
         <instance id="d000.s2863.t000" lemma="дупка" pos="NOUN">дупка</instance>
         <wf lemma="в." pos="X">в.</wf>
      </sentence>
      <sentence id="d000.s2864" source="wordnet-bulgarian">
         <wf lemma="надземни" pos="X">надземни</wf>
         <instance id="d000.s2864.t000" lemma="орган" pos="NOUN">органи</instance>
         <wf lemma="на" pos="X">на</wf>
         <wf lemma="растенията" pos="X">растенията</wf>
         <wf lemma="." pos="X">.</wf>
      </sentence>
      <sentence id="d000.s2865" source="wordnet-bulgarian">
         <wf lemma="През" pos="X">През</wf>
         <wf lemma="страната" pos="X">страната</wf>
         <wf lemma="ще" pos="X">ще</wf>
         <wf lemma="премине" pos="X">премине</wf>
         <wf lemma="топъл" pos="X">топъл</wf>
         <wf lemma="атмосферен" pos="X">атмосферен</wf>
         <instance id="d000.s2865.t000" lemma="фронт" pos="NOUN">фронт</instance>
         <wf lemma="." pos="X">.</wf>
      </sentence>
      <sentence id="d000.s2866" source="wordnet-bulgarian">
         <wf lemma="Ставам" pos="X">Ставам</wf>
         <wf lemma="за" pos="X">за</wf>
         <instance id="d000.s2866.t000" lemma="срам" pos="NOUN">срам</instance>
         <wf lemma="." pos="X">.</wf>
      </sentence>
      <sentence id="d000.s2867" source="wordnet-bulgarian">
         <instance id="d000.s2867.t000" lemma="опасение" pos="NOUN">опасения</instance>
         <wf lemma="за" pos="X">за</wf>
         <wf lemma="." pos="X">.</wf>
      </sentence>
      <sentence id="d000.s2868" source="wordnet-bulgarian">
         <wf lemma="сменям" pos="X">сменям</wf>
         <instance id="d000.s2868.t000" lemma="директор" pos="NOUN">директора</instance>
         <wf lemma="на" pos="X">на</wf>
         <wf lemma="." pos="X">.</wf>
      </sentence>
      <sentence id="d000.s2869" source="wordnet-bulgarian">
         <wf lemma="имам" pos="X">имам</wf>
         <instance id="d000.s2869.t000" lemma="наклонност" pos="NOUN">наклонност</instance>
         <wf lemma="към" pos="X">към</wf>
         <wf lemma="." pos="X">.</wf>
      </sentence>
      <sentence id="d000.s2870" source="wordnet-bulgarian">
         <instance id="d000.s2870.t000" lemma="участник" pos="NOUN">участник</instance>
         <wf lemma="в." pos="X">в.</wf>
      </sentence>
      <sentence id="d000.s2871" source="wordnet-bulgarian">
         <wf lemma="Два" pos="X">Два</wf>
         <instance id="d000.s2871.t000" lemma="ден" pos="NOUN">дни</instance>
         <wf lemma="по-късно" pos="X">по-късно</wf>
         <wf lemma="аз" pos="X">аз</wf>
         <wf lemma="заминах" pos="X">заминах</wf>
         <wf lemma="." pos="X">.</wf>
      </sentence>
      <sentence id="d000.s2872" source="wordnet-bulgarian">
         <wf lemma="ситен" pos="X">ситен</wf>
         <instance id="d000.s2872.t000" lemma="пясък" pos="NOUN">пясък</instance>
         <wf lemma="." pos="X">.</wf>
      </sentence>
      <sentence id="d000.s2873" source="wordnet-bulgarian">
         <wf lemma="изпълнявам" pos="X">изпълнявам</wf>
         <instance id="d000.s2873.t000" lemma="обещание" pos="NOUN">обещанието</instance>
         <wf lemma="си" pos="X">си</wf>
         <wf lemma="." pos="X">.</wf>
      </sentence>
      <sentence id="d000.s2874" source="wordnet-bulgarian">
         <wf lemma="връзвам" pos="X">връзвам</wf>
         <instance id="d000.s2874.t000" lemma="панделка" pos="NOUN">панделка</instance>
         <wf lemma="на" pos="X">на</wf>
         <wf lemma="." pos="X">.</wf>
      </sentence>
      <sentence id="d000.s2875" source="wordnet-bulgarian">
         <wf lemma="огледална" pos="X">огледална</wf>
         <instance id="d000.s2875.t000" lemma="повърхнина" pos="NOUN">повърхнина</instance>
         <wf lemma="." pos="X">.</wf>
      </sentence>
      <sentence id="d000.s2876" source="wordnet-bulgarian">
         <instance id="d000.s2876.t000" lemma="шише" pos="NOUN">шише</instance>
         <wf lemma="с" pos="X">с</wf>
         <wf lemma="мляко" pos="X">мляко</wf>
         <wf lemma="." pos="X">.</wf>
      </sentence>
      <sentence id="d000.s2877" source="wordnet-bulgarian">
         <wf lemma="мъжка" pos="X">мъжка</wf>
         <instance id="d000.s2877.t000" lemma="тениска" pos="NOUN">тениска</instance>
         <wf lemma="." pos="X">.</wf>
      </sentence>
      <sentence id="d000.s2878" source="wordnet-bulgarian">
         <wf lemma="нова" pos="X">нова</wf>
         <instance id="d000.s2878.t000" lemma="генерация" pos="NOUN">генерация</instance>
         <wf lemma="." pos="X">.</wf>
      </sentence>
      <sentence id="d000.s2879" source="wordnet-bulgarian">
         <wf lemma="ужасна" pos="X">ужасна</wf>
         <instance id="d000.s2879.t000" lemma="перспектива" pos="NOUN">перспектива</instance>
         <wf lemma="." pos="X">.</wf>
      </sentence>
      <sentence id="d000.s2880" source="wordnet-bulgarian">
         <wf lemma="нова" pos="X">нова</wf>
         <wf lemma="обществена" pos="X">обществена</wf>
         <instance id="d000.s2880.t000" lemma="клас" pos="NOUN">класа</instance>
         <wf lemma="." pos="X">.</wf>
      </sentence>
      <sentence id="d000.s2881" source="wordnet-bulgarian">
         <wf lemma="проявявам" pos="X">проявявам</wf>
         <instance id="d000.s2881.t000" lemma="самообладание" pos="NOUN">самообладание</instance>
         <wf lemma="." pos="X">.</wf>
      </sentence>
      <sentence id="d000.s2882" source="wordnet-bulgarian">
         <wf lemma="Имам" pos="X">Имам</wf>
         <wf lemma="двама" pos="X">двама</wf>
         <instance id="d000.s2882.t000" lemma="племенник" pos="NOUN">племенници</instance>
         <wf lemma="." pos="X">.</wf>
      </sentence>
      <sentence id="d000.s2883" source="wordnet-bulgarian">
         <wf lemma="Това" pos="X">Това</wf>
         <wf lemma="е" pos="X">е</wf>
         <wf lemma="чиста" pos="X">чиста</wf>
         <instance id="d000.s2883.t000" lemma="лъжа" pos="NOUN">лъжа</instance>
         <wf lemma="." pos="X">.</wf>
      </sentence>
      <sentence id="d000.s2884" source="wordnet-bulgarian">
         <wf lemma="живея" pos="X">живея</wf>
         <wf lemma="н" pos="X">н</wf>
         <instance id="d000.s2884.t000" lemma="апартамент" pos="NOUN">апартамент</instance>
         <wf lemma="." pos="X">.</wf>
      </sentence>
      <sentence id="d000.s2885" source="wordnet-bulgarian">
         <instance id="d000.s2885.t000" lemma="запис" pos="NOUN">Записът</instance>
         <wf lemma="," pos="X">,</wf>
         <wf lemma="който" pos="X">който</wf>
         <wf lemma="направихме" pos="X">направихме</wf>
         <wf lemma="," pos="X">,</wf>
         <wf lemma="е" pos="X">е</wf>
         <wf lemma="кристален" pos="X">кристален</wf>
         <wf lemma="." pos="X">.</wf>
      </sentence>
      <sentence id="d000.s2886" source="wordnet-bulgarian">
         <instance id="d000.s2886.t000" lemma="агент" pos="NOUN">агент</instance>
         <wf lemma="на" pos="X">на</wf>
         <wf lemma="полицията" pos="X">полицията</wf>
         <wf lemma="." pos="X">.</wf>
      </sentence>
      <sentence id="d000.s2887" source="wordnet-bulgarian">
         <wf lemma="бия" pos="X">бия</wf>
         <instance id="d000.s2887.t000" lemma="масло" pos="NOUN">масло</instance>
         <wf lemma="." pos="X">.</wf>
      </sentence>
      <sentence id="d000.s2888" source="wordnet-bulgarian">
         <instance id="d000.s2888.t000" lemma="буря" pos="NOUN">буря</instance>
         <wf lemma="в" pos="X">в</wf>
         <wf lemma="морето" pos="X">морето</wf>
         <wf lemma="." pos="X">.</wf>
      </sentence>
      <sentence id="d000.s2889" source="wordnet-bulgarian">
         <wf lemma="губя" pos="X">губя</wf>
         <instance id="d000.s2889.t000" lemma="понятие" pos="NOUN">понятие</instance>
         <wf lemma="за" pos="X">за</wf>
         <wf lemma="." pos="X">.</wf>
      </sentence>
      <sentence id="d000.s2890" source="wordnet-bulgarian">
         <wf lemma="В" pos="X">В</wf>
         <wf lemma="училище" pos="X">училище</wf>
         <wf lemma="се" pos="X">се</wf>
         <wf lemma="изучават" pos="X">изучават</wf>
         <wf lemma="много" pos="X">много</wf>
         <instance id="d000.s2890.t000" lemma="предмет" pos="NOUN">предмети</instance>
         <wf lemma="." pos="X">.</wf>
      </sentence>
      <sentence id="d000.s2891" source="wordnet-bulgarian">
         <instance id="d000.s2891.t000" lemma="оркестър" pos="NOUN">оркестър</instance>
         <wf lemma="без" pos="X">без</wf>
         <wf lemma="име" pos="X">име</wf>
         <wf lemma="." pos="X">.</wf>
      </sentence>
      <sentence id="d000.s2892" source="wordnet-bulgarian">
         <wf lemma="Поставям" pos="X">Поставям</wf>
         <wf lemma="под" pos="X">под</wf>
         <instance id="d000.s2892.t000" lemma="арест" pos="NOUN">арест</instance>
         <wf lemma="." pos="X">.</wf>
      </sentence>
      <sentence id="d000.s2893" source="wordnet-bulgarian">
         <wf lemma="Любимият" pos="X">Любимият</wf>
         <wf lemma="ми" pos="X">ми</wf>
         <instance id="d000.s2893.t000" lemma="зеленчук" pos="NOUN">зеленчук</instance>
         <wf lemma="е" pos="X">е</wf>
         <wf lemma="доматът" pos="X">доматът</wf>
         <wf lemma="." pos="X">.</wf>
      </sentence>
      <sentence id="d000.s2894" source="wordnet-bulgarian">
         <wf lemma="асфалтиран" pos="X">асфалтиран</wf>
         <instance id="d000.s2894.t000" lemma="участък" pos="NOUN">участък</instance>
         <wf lemma="." pos="X">.</wf>
      </sentence>
      <sentence id="d000.s2895" source="wordnet-bulgarian">
         <wf lemma="давам" pos="X">давам</wf>
         <instance id="d000.s2895.t000" lemma="подтик" pos="NOUN">подтик</instance>
         <wf lemma="на" pos="X">на</wf>
         <wf lemma="." pos="X">.</wf>
      </sentence>
      <sentence id="d000.s2896" source="wordnet-bulgarian">
         <wf lemma="пропаднал" pos="X">пропаднал</wf>
         <instance id="d000.s2896.t000" lemma="мост" pos="NOUN">мост</instance>
         <wf lemma="." pos="X">.</wf>
      </sentence>
      <sentence id="d000.s2897" source="wordnet-bulgarian">
         <wf lemma="дебна" pos="X">дебна</wf>
         <instance id="d000.s2897.t000" lemma="плячка" pos="NOUN">плячката</instance>
         <wf lemma="си" pos="X">си</wf>
         <wf lemma="." pos="X">.</wf>
      </sentence>
      <sentence id="d000.s2898" source="wordnet-bulgarian">
         <wf lemma="видях" pos="X">видях</wf>
         <instance id="d000.s2898.t000" lemma="дъно" pos="NOUN">дъното</instance>
         <wf lemma="на" pos="X">на</wf>
         <wf lemma="съда" pos="X">съда</wf>
         <wf lemma="." pos="X">.</wf>
      </sentence>
      <sentence id="d000.s2899" source="wordnet-bulgarian">
         <wf lemma="хлапашки" pos="X">хлапашки</wf>
         <instance id="d000.s2899.t000" lemma="лудория" pos="NOUN">лудории</instance>
         <wf lemma="." pos="X">.</wf>
      </sentence>
      <sentence id="d000.s2900" source="wordnet-bulgarian">
         <wf lemma="основно" pos="X">основно</wf>
         <instance id="d000.s2900.t000" lemma="училище" pos="NOUN">училище</instance>
         <wf lemma="." pos="X">.</wf>
      </sentence>
      <sentence id="d000.s2901" source="wordnet-bulgarian">
         <wf lemma="поправям" pos="X">поправям</wf>
         <instance id="d000.s2901.t000" lemma="грешка" pos="NOUN">грешката</instance>
         <wf lemma="си" pos="X">си</wf>
         <wf lemma="." pos="X">.</wf>
      </sentence>
      <sentence id="d000.s2902" source="wordnet-bulgarian">
         <instance id="d000.s2902.t000" lemma="презрение" pos="NOUN">Презрението</instance>
         <wf lemma="му" pos="X">му</wf>
         <wf lemma="ме" pos="X">ме</wf>
         <wf lemma="наранява" pos="X">наранява</wf>
         <wf lemma="силно" pos="X">силно</wf>
         <wf lemma="." pos="X">.</wf>
      </sentence>
      <sentence id="d000.s2903" source="wordnet-bulgarian">
         <wf lemma="нов" pos="X">нов</wf>
         <wf lemma="модел" pos="X">модел</wf>
         <instance id="d000.s2903.t000" lemma="самолет" pos="NOUN">самолет</instance>
         <wf lemma="." pos="X">.</wf>
      </sentence>
      <sentence id="d000.s2904" source="wordnet-bulgarian">
         <wf lemma="свиквам" pos="X">свиквам</wf>
         <wf lemma="с" pos="X">с</wf>
         <instance id="d000.s2904.t000" lemma="обстановка" pos="NOUN">обстановката</instance>
         <wf lemma="." pos="X">.</wf>
      </sentence>
      <sentence id="d000.s2905" source="wordnet-bulgarian">
         <wf lemma="Не" pos="X">Не</wf>
         <instance id="d000.s2905.t000" lemma="одобрявам" pos="VERB">одобрявам</instance>
         <wf lemma="постъпките" pos="X">постъпките</wf>
         <wf lemma="му" pos="X">му</wf>
         <wf lemma="." pos="X">.</wf>
      </sentence>
      <sentence id="d000.s2906" source="wordnet-bulgarian">
         <instance id="d000.s2906.t000" lemma="чаршаф" pos="NOUN">чаршаф</instance>
         <wf lemma="от" pos="X">от</wf>
         <wf lemma="коприна" pos="X">коприна</wf>
         <wf lemma="." pos="X">.</wf>
      </sentence>
      <sentence id="d000.s2907" source="wordnet-bulgarian">
         <wf lemma="Екипът" pos="X">Екипът</wf>
         <wf lemma="събрал" pos="X">събрал</wf>
         <wf lemma="данните" pos="X">данните</wf>
         <wf lemma="от" pos="X">от</wf>
         <instance id="d000.s2907.t000" lemma="уред" pos="NOUN">уред</instance>
         <wf lemma="за" pos="X">за</wf>
         <wf lemma="измерване" pos="X">измерване</wf>
         <wf lemma="на" pos="X">на</wf>
         <wf lemma="водното" pos="X">водното</wf>
         <wf lemma="налягане" pos="X">налягане</wf>
         <wf lemma="," pos="X">,</wf>
         <wf lemma="поставен" pos="X">поставен</wf>
         <wf lemma="на" pos="X">на</wf>
         <wf lemma="морското" pos="X">морското</wf>
         <wf lemma="дъно" pos="X">дъно</wf>
         <wf lemma="." pos="X">.</wf>
      </sentence>
      <sentence id="d000.s2908" source="wordnet-bulgarian">
         <wf lemma="В" pos="X">В</wf>
         <wf lemma="планината" pos="X">планината</wf>
         <instance id="d000.s2908.t000" lemma="извор" pos="NOUN">изворът</instance>
         <wf lemma="е" pos="X">е</wf>
         <wf lemma="бистър" pos="X">бистър</wf>
         <wf lemma="като" pos="X">като</wf>
         <wf lemma="сълза" pos="X">сълза</wf>
         <wf lemma="." pos="X">.</wf>
      </sentence>
      <sentence id="d000.s2909" source="wordnet-bulgarian">
         <wf lemma="медна" pos="X">медна</wf>
         <instance id="d000.s2909.t000" lemma="монета" pos="NOUN">монета</instance>
         <wf lemma="." pos="X">.</wf>
      </sentence>
      <sentence id="d000.s2910" source="wordnet-bulgarian">
         <instance id="d000.s2910.t000" lemma="сходство" pos="NOUN">сходство</instance>
         <wf lemma="между" pos="X">между</wf>
         <wf lemma="." pos="X">.</wf>
      </sentence>
      <sentence id="d000.s2911" source="wordnet-bulgarian">
         <instance id="d000.s2911.t000" lemma="сея" pos="VERB">сея</instance>
         <wf lemma="пшеница" pos="X">пшеница</wf>
         <wf lemma="." pos="X">.</wf>
      </sentence>
      <sentence id="d000.s2912" source="wordnet-bulgarian">
         <wf lemma="очаквам" pos="X">очаквам</wf>
         <instance id="d000.s2912.t000" lemma="повишение" pos="NOUN">повишение</instance>
         <wf lemma="." pos="X">.</wf>
      </sentence>
      <sentence id="d000.s2913" source="wordnet-bulgarian">
         <wf lemma="махленски" pos="X">махленски</wf>
         <instance id="d000.s2913.t000" lemma="манталитет" pos="NOUN">манталитет</instance>
         <wf lemma="." pos="X">.</wf>
      </sentence>
      <sentence id="d000.s2914" source="wordnet-bulgarian">
         <wf lemma="Машинната" pos="X">Машинната</wf>
         <wf lemma="обработка" pos="X">обработка</wf>
         <wf lemma="има" pos="X">има</wf>
         <wf lemma="големи" pos="X">големи</wf>
         <instance id="d000.s2914.t000" lemma="преимущество" pos="NOUN">преимущества</instance>
         <wf lemma="пред" pos="X">пред</wf>
         <wf lemma="ръчната" pos="X">ръчната</wf>
         <wf lemma="." pos="X">.</wf>
      </sentence>
      <sentence id="d000.s2915" source="wordnet-bulgarian">
         <instance id="d000.s2915.t000" lemma="куп" pos="NOUN">куп</instance>
         <wf lemma="пясък" pos="X">пясък</wf>
         <wf lemma="." pos="X">.</wf>
      </sentence>
      <sentence id="d000.s2916" source="wordnet-bulgarian">
         <wf lemma="Бръкнах" pos="X">Бръкнах</wf>
         <wf lemma="в" pos="X">в</wf>
         <wf lemma="джоба" pos="X">джоба</wf>
         <wf lemma="си" pos="X">си</wf>
         <wf lemma="и" pos="X">и</wf>
         <wf lemma="извадих" pos="X">извадих</wf>
         <wf lemma="една" pos="X">една</wf>
         <instance id="d000.s2916.t000" lemma="банкнота" pos="NOUN">банкнота</instance>
         <wf lemma="от" pos="X">от</wf>
         <wf lemma="петдесет" pos="X">петдесет</wf>
         <wf lemma="лева" pos="X">лева</wf>
         <wf lemma="." pos="X">.</wf>
      </sentence>
      <sentence id="d000.s2917" source="wordnet-bulgarian">
         <wf lemma="гузна" pos="X">гузна</wf>
         <instance id="d000.s2917.t000" lemma="съвест" pos="NOUN">съвест</instance>
         <wf lemma="." pos="X">.</wf>
      </sentence>
      <sentence id="d000.s2918" source="wordnet-bulgarian">
         <wf lemma="Ставам" pos="X">Ставам</wf>
         <instance id="d000.s2918.t000" lemma="плячка" pos="NOUN">плячка</instance>
         <wf lemma="на" pos="X">на</wf>
         <wf lemma="лъвовете" pos="X">лъвовете</wf>
         <wf lemma="." pos="X">.</wf>
      </sentence>
      <sentence id="d000.s2919" source="wordnet-bulgarian">
         <wf lemma="включвам" pos="X">включвам</wf>
         <instance id="d000.s2919.t000" lemma="осветление" pos="NOUN">осветлението</instance>
         <wf lemma="в" pos="X">в</wf>
         <wf lemma="стаята" pos="X">стаята</wf>
         <wf lemma="." pos="X">.</wf>
      </sentence>
      <sentence id="d000.s2920" source="wordnet-bulgarian">
         <wf lemma="Той" pos="X">Той</wf>
         <wf lemma="е" pos="X">е</wf>
         <wf lemma="настанен" pos="X">настанен</wf>
         <wf lemma="в" pos="X">в</wf>
         <wf lemma="спешното" pos="X">спешното</wf>
         <instance id="d000.s2920.t000" lemma="отделение" pos="NOUN">отделение</instance>
         <wf lemma="." pos="X">.</wf>
      </sentence>
      <sentence id="d000.s2921" source="wordnet-bulgarian">
         <instance id="d000.s2921.t000" lemma="тяло" pos="NOUN">тяло</instance>
         <wf lemma="на" pos="X">на</wf>
         <wf lemma="спортист" pos="X">спортист</wf>
         <wf lemma="." pos="X">.</wf>
      </sentence>
      <sentence id="d000.s2922" source="wordnet-bulgarian">
         <wf lemma="По" pos="X">По</wf>
         <wf lemma="улиците" pos="X">улиците</wf>
         <wf lemma="има" pos="X">има</wf>
         <wf lemma="голямо" pos="X">голямо</wf>
         <instance id="d000.s2922.t000" lemma="движение" pos="NOUN">движение</instance>
         <wf lemma="." pos="X">.</wf>
      </sentence>
      <sentence id="d000.s2923" source="wordnet-bulgarian">
         <wf lemma="дебел" pos="X">дебел</wf>
         <wf lemma="пласт" pos="X">пласт</wf>
         <instance id="d000.s2923.t000" lemma="пепел" pos="NOUN">пепел</instance>
         <wf lemma="." pos="X">.</wf>
      </sentence>
      <sentence id="d000.s2924" source="wordnet-bulgarian">
         <instance id="d000.s2924.t000" lemma="вероятност" pos="NOUN">Вероятността</instance>
         <wf lemma="да" pos="X">да</wf>
         <wf lemma="го" pos="X">го</wf>
         <wf lemma="хванат" pos="X">хванат</wf>
         <wf lemma="е" pos="X">е</wf>
         <wf lemma="нищожна" pos="X">нищожна</wf>
         <wf lemma="." pos="X">.</wf>
      </sentence>
      <sentence id="d000.s2925" source="wordnet-bulgarian">
         <wf lemma="Ще" pos="X">Ще</wf>
         <wf lemma="прекарам" pos="X">прекарам</wf>
         <instance id="d000.s2925.t000" lemma="отпуска" pos="NOUN">отпуската</instance>
         <wf lemma="на" pos="X">на</wf>
         <wf lemma="морето" pos="X">морето</wf>
         <wf lemma="." pos="X">.</wf>
      </sentence>
      <sentence id="d000.s2926" source="wordnet-bulgarian">
         <instance id="d000.s2926.t000" lemma="потупам" pos="VERB">Потупай</instance>
         <wf lemma="килима" pos="X">килима</wf>
         <wf lemma="." pos="X">.</wf>
      </sentence>
      <sentence id="d000.s2927" source="wordnet-bulgarian">
         <instance id="d000.s2927.t000" lemma="председател" pos="NOUN">Председател</instance>
         <wf lemma="на" pos="X">на</wf>
         <wf lemma="общото" pos="X">общото</wf>
         <wf lemma="събрание" pos="X">събрание</wf>
         <wf lemma="на" pos="X">на</wf>
         <wf lemma="ООН" pos="X">ООН</wf>
         <wf lemma="." pos="X">.</wf>
      </sentence>
      <sentence id="d000.s2928" source="wordnet-bulgarian">
         <wf lemma="белези" pos="X">белези</wf>
         <wf lemma="по" pos="X">по</wf>
         <instance id="d000.s2928.t000" lemma="тяло" pos="NOUN">тялото</instance>
         <wf lemma="." pos="X">.</wf>
      </sentence>
      <sentence id="d000.s2929" source="wordnet-bulgarian">
         <instance id="d000.s2929.t000" lemma="докажа" pos="VERB">Докажи</instance>
         <wf lemma="," pos="X">,</wf>
         <wf lemma="че" pos="X">че</wf>
         <wf lemma="си" pos="X">си</wf>
         <wf lemma="бил" pos="X">бил</wf>
         <wf lemma="там" pos="X">там</wf>
         <wf lemma="." pos="X">.</wf>
      </sentence>
      <sentence id="d000.s2930" source="wordnet-bulgarian">
         <wf lemma="добра" pos="X">добра</wf>
         <instance id="d000.s2930.t000" lemma="грамотност" pos="NOUN">грамотност</instance>
         <wf lemma="." pos="X">.</wf>
      </sentence>
      <sentence id="d000.s2931" source="wordnet-bulgarian">
         <instance id="d000.s2931.t000" lemma="залагам" pos="VERB">Залагам</instance>
         <wf lemma="всичко" pos="X">всичко</wf>
         <wf lemma="," pos="X">,</wf>
         <wf lemma="което" pos="X">което</wf>
         <wf lemma="имам" pos="X">имам</wf>
         <wf lemma="." pos="X">.</wf>
      </sentence>
      <sentence id="d000.s2932" source="wordnet-bulgarian">
         <instance id="d000.s2932.t000" lemma="остатък" pos="NOUN">остатък</instance>
         <wf lemma="от" pos="X">от</wf>
         <wf lemma="вино" pos="X">вино</wf>
         <wf lemma="." pos="X">.</wf>
      </sentence>
      <sentence id="d000.s2933" source="wordnet-bulgarian">
         <wf lemma="европейска" pos="X">европейска</wf>
         <instance id="d000.s2933.t000" lemma="мода" pos="NOUN">мода</instance>
         <wf lemma="." pos="X">.</wf>
      </sentence>
      <sentence id="d000.s2934" source="wordnet-bulgarian">
         <wf lemma="включвам" pos="X">включвам</wf>
         <instance id="d000.s2934.t000" lemma="аларма" pos="NOUN">аларма</instance>
         <wf lemma="." pos="X">.</wf>
      </sentence>
      <sentence id="d000.s2935" source="wordnet-bulgarian">
         <wf lemma="Ходи" pos="X">Ходи</wf>
         <wf lemma="с" pos="X">с</wf>
         <wf lemma="дъщеря" pos="X">дъщеря</wf>
         <wf lemma="ми" pos="X">ми</wf>
         <wf lemma="," pos="X">,</wf>
         <wf lemma="но" pos="X">но</wf>
         <wf lemma="още" pos="X">още</wf>
         <wf lemma="не" pos="X">не</wf>
         <wf lemma="й" pos="X">й</wf>
         <wf lemma="е" pos="X">е</wf>
         <wf lemma="направил" pos="X">направил</wf>
         <instance id="d000.s2935.t000" lemma="предложение" pos="NOUN">предложение</instance>
         <wf lemma="." pos="X">.</wf>
      </sentence>
      <sentence id="d000.s2936" source="wordnet-bulgarian">
         <instance id="d000.s2936.t000" lemma="костилка" pos="NOUN">костилка</instance>
         <wf lemma="от" pos="X">от</wf>
         <wf lemma="." pos="X">.</wf>
      </sentence>
      <sentence id="d000.s2937" source="wordnet-bulgarian">
         <wf lemma="полярна" pos="X">полярна</wf>
         <instance id="d000.s2937.t000" lemma="нощ" pos="NOUN">нощ</instance>
         <wf lemma="." pos="X">.</wf>
      </sentence>
      <sentence id="d000.s2938" source="wordnet-bulgarian">
         <wf lemma="богато" pos="X">богато</wf>
         <instance id="d000.s2938.t000" lemma="меню" pos="NOUN">меню</instance>
         <wf lemma="." pos="X">.</wf>
      </sentence>
      <sentence id="d000.s2939" source="wordnet-bulgarian">
         <wf lemma="ципя" pos="X">ципя</wf>
         <wf lemma="по" pos="X">по</wf>
         <instance id="d000.s2939.t000" lemma="буза" pos="NOUN">бузата</instance>
         <wf lemma="." pos="X">.</wf>
      </sentence>
      <sentence id="d000.s2940" source="wordnet-bulgarian">
         <instance id="d000.s2940.t000" lemma="командвам" pos="VERB">командвам</instance>
         <wf lemma="подчинените" pos="X">подчинените</wf>
         <wf lemma="си" pos="X">си</wf>
         <wf lemma="." pos="X">.</wf>
      </sentence>
      <sentence id="d000.s2941" source="wordnet-bulgarian">
         <wf lemma="втори" pos="X">втори</wf>
         <instance id="d000.s2941.t000" lemma="слой" pos="NOUN">слой</instance>
         <wf lemma="боя" pos="X">боя</wf>
         <wf lemma="." pos="X">.</wf>
      </sentence>
      <sentence id="d000.s2942" source="wordnet-bulgarian">
         <wf lemma="извинително" pos="X">извинително</wf>
         <instance id="d000.s2942.t000" lemma="писмо" pos="NOUN">писмо</instance>
         <wf lemma="." pos="X">.</wf>
      </sentence>
      <sentence id="d000.s2943" source="wordnet-bulgarian">
         <wf lemma="човек" pos="X">човек</wf>
         <wf lemma="на" pos="X">на</wf>
         <instance id="d000.s2943.t000" lemma="чест" pos="NOUN">честта</instance>
         <wf lemma="." pos="X">.</wf>
      </sentence>
      <sentence id="d000.s2944" source="wordnet-bulgarian">
         <wf lemma="съществува" pos="X">съществува</wf>
         <instance id="d000.s2944.t000" lemma="риск" pos="NOUN">риск</instance>
         <wf lemma="." pos="X">.</wf>
      </sentence>
      <sentence id="d000.s2945" source="wordnet-bulgarian">
         <wf lemma="съгласно" pos="X">съгласно</wf>
         <instance id="d000.s2945.t000" lemma="договор" pos="NOUN">договор</instance>
         <wf lemma="." pos="X">.</wf>
      </sentence>
      <sentence id="d000.s2946" source="wordnet-bulgarian">
         <wf lemma="кръгово" pos="X">кръгово</wf>
         <instance id="d000.s2946.t000" lemma="движение" pos="NOUN">движение</instance>
         <wf lemma="." pos="X">.</wf>
      </sentence>
      <sentence id="d000.s2947" source="wordnet-bulgarian">
         <wf lemma="излизам" pos="X">излизам</wf>
         <wf lemma="от" pos="X">от</wf>
         <instance id="d000.s2947.t000" lemma="търпение" pos="NOUN">търпение</instance>
         <wf lemma="." pos="X">.</wf>
      </sentence>
      <sentence id="d000.s2948" source="wordnet-bulgarian">
         <instance id="d000.s2948.t000" lemma="липса" pos="NOUN">липса</instance>
         <wf lemma="на" pos="X">на</wf>
         <wf lemma="уважение" pos="X">уважение</wf>
         <wf lemma="." pos="X">.</wf>
      </sentence>
      <sentence id="d000.s2949" source="wordnet-bulgarian">
         <wf lemma="силен" pos="X">силен</wf>
         <instance id="d000.s2949.t000" lemma="взрив" pos="NOUN">взрив</instance>
         <wf lemma="." pos="X">.</wf>
      </sentence>
      <sentence id="d000.s2950" source="wordnet-bulgarian">
         <instance id="d000.s2950.t000" lemma="окачествявам" pos="VERB">окачествявам</instance>
         <wf lemma="стока" pos="X">стока</wf>
         <wf lemma="." pos="X">.</wf>
      </sentence>
      <sentence id="d000.s2951" source="wordnet-bulgarian">
         <wf lemma="прошарена" pos="X">прошарена</wf>
         <instance id="d000.s2951.t000" lemma="сянка" pos="NOUN">сянка</instance>
         <wf lemma="." pos="X">.</wf>
      </sentence>
      <sentence id="d000.s2952" source="wordnet-bulgarian">
         <wf lemma="обземат" pos="X">обземат</wf>
         <wf lemma="ме" pos="X">ме</wf>
         <wf lemma="разни" pos="X">разни</wf>
         <instance id="d000.s2952.t000" lemma="мисъл" pos="NOUN">мисли</instance>
         <wf lemma="." pos="X">.</wf>
      </sentence>
      <sentence id="d000.s2953" source="wordnet-bulgarian">
         <wf lemma="имам" pos="X">имам</wf>
         <instance id="d000.s2953.t000" lemma="амбиция" pos="NOUN">амбиция</instance>
         <wf lemma="да" pos="X">да</wf>
         <wf lemma="." pos="X">.</wf>
      </sentence>
      <sentence id="d000.s2954" source="wordnet-bulgarian">
         <wf lemma="в" pos="X">в</wf>
         <instance id="d000.s2954.t000" lemma="заключение" pos="NOUN">заключение</instance>
         <wf lemma="искам" pos="X">искам</wf>
         <wf lemma="да" pos="X">да</wf>
         <wf lemma="кажа" pos="X">кажа</wf>
         <wf lemma="." pos="X">.</wf>
      </sentence>
      <sentence id="d000.s2955" source="wordnet-bulgarian">
         <wf lemma="не" pos="X">не</wf>
         <wf lemma="се" pos="X">се</wf>
         <wf lemma="потвърди" pos="X">потвърди</wf>
         <instance id="d000.s2955.t000" lemma="предположение" pos="NOUN">предположението</instance>
         <wf lemma="." pos="X">.</wf>
      </sentence>
      <sentence id="d000.s2956" source="wordnet-bulgarian">
         <wf lemma="Разгледахме" pos="X">Разгледахме</wf>
         <wf lemma="всички" pos="X">всички</wf>
         <instance id="d000.s2956.t000" lemma="музей" pos="NOUN">музеи</instance>
         <wf lemma="в" pos="X">в</wf>
         <wf lemma="града" pos="X">града</wf>
         <wf lemma="." pos="X">.</wf>
      </sentence>
      <sentence id="d000.s2957" source="wordnet-bulgarian">
         <instance id="d000.s2957.t000" lemma="подправям" pos="VERB">подправям</instance>
         <wf lemma="подпис" pos="X">подпис</wf>
         <wf lemma="." pos="X">.</wf>
      </sentence>
      <sentence id="d000.s2958" source="wordnet-bulgarian">
         <wf lemma="Викът" pos="X">Викът</wf>
         <wf lemma="му" pos="X">му</wf>
         <instance id="d000.s2958.t000" lemma="спадна" pos="VERB">спадна</instance>
         <wf lemma="до" pos="X">до</wf>
         <wf lemma="шепот" pos="X">шепот</wf>
         <wf lemma="." pos="X">.</wf>
      </sentence>
      <sentence id="d000.s2959" source="wordnet-bulgarian">
         <wf lemma="Приготвил" pos="X">Приготвил</wf>
         <wf lemma="съм" pos="X">съм</wf>
         <instance id="d000.s2959.t000" lemma="угощение" pos="NOUN">угощение</instance>
         <wf lemma="за" pos="X">за</wf>
         <wf lemma="гостите" pos="X">гостите</wf>
         <wf lemma="." pos="X">.</wf>
      </sentence>
      <sentence id="d000.s2960" source="wordnet-bulgarian">
         <wf lemma="пиша" pos="X">пиша</wf>
         <wf lemma="с" pos="X">с</wf>
         <instance id="d000.s2960.t000" lemma="молив" pos="NOUN">молив</instance>
         <wf lemma="." pos="X">.</wf>
      </sentence>
      <sentence id="d000.s2961" source="wordnet-bulgarian">
         <wf lemma="измъчват" pos="X">измъчват</wf>
         <wf lemma="ме" pos="X">ме</wf>
         <instance id="d000.s2961.t000" lemma="съмнение" pos="NOUN">съмнения</instance>
         <wf lemma="." pos="X">.</wf>
      </sentence>
      <sentence id="d000.s2962" source="wordnet-bulgarian">
         <wf lemma="стегната" pos="X">стегната</wf>
         <instance id="d000.s2962.t000" lemma="превръзка" pos="NOUN">превръзка</instance>
         <wf lemma="." pos="X">.</wf>
      </sentence>
      <sentence id="d000.s2963" source="wordnet-bulgarian">
         <wf lemma="от" pos="X">от</wf>
         <instance id="d000.s2963.t000" lemma="бетон" pos="NOUN">бетон</instance>
         <wf lemma="." pos="X">.</wf>
      </sentence>
      <sentence id="d000.s2964" source="wordnet-bulgarian">
         <wf lemma="на" pos="X">на</wf>
         <instance id="d000.s2964.t000" lemma="лов" pos="NOUN">лов</instance>
         <wf lemma="за" pos="X">за</wf>
         <wf lemma="." pos="X">.</wf>
      </sentence>
      <sentence id="d000.s2965" source="wordnet-bulgarian">
         <wf lemma="Понякога" pos="X">Понякога</wf>
         <wf lemma="е" pos="X">е</wf>
         <wf lemma="достатъчен" pos="X">достатъчен</wf>
         <wf lemma="само" pos="X">само</wf>
         <wf lemma="някакъв" pos="X">някакъв</wf>
         <instance id="d000.s2965.t000" lemma="миг" pos="NOUN">миг</instance>
         <wf lemma="," pos="X">,</wf>
         <wf lemma="за" pos="X">за</wf>
         <wf lemma="да" pos="X">да</wf>
         <wf lemma="осъзнаеш" pos="X">осъзнаеш</wf>
         <wf lemma="всичко" pos="X">всичко</wf>
         <wf lemma="." pos="X">.</wf>
      </sentence>
      <sentence id="d000.s2966" source="wordnet-bulgarian">
         <instance id="d000.s2966.t000" lemma="познанство" pos="NOUN">познанство</instance>
         <wf lemma="с." pos="X">с.</wf>
      </sentence>
      <sentence id="d000.s2967" source="wordnet-bulgarian">
         <wf lemma="прескачам" pos="X">прескачам</wf>
         <instance id="d000.s2967.t000" lemma="локва" pos="NOUN">локва</instance>
         <wf lemma="." pos="X">.</wf>
      </sentence>
      <sentence id="d000.s2968" source="wordnet-bulgarian">
         <wf lemma="Изкарах" pos="X">Изкарах</wf>
         <wf lemma="цялата" pos="X">цялата</wf>
         <instance id="d000.s2968.t000" lemma="служба" pos="NOUN">служба</instance>
         <wf lemma="на" pos="X">на</wf>
         <wf lemma="границата" pos="X">границата</wf>
         <wf lemma="." pos="X">.</wf>
      </sentence>
      <sentence id="d000.s2969" source="wordnet-bulgarian">
         <wf lemma="Той" pos="X">Той</wf>
         <wf lemma="е" pos="X">е</wf>
         <wf lemma="моята" pos="X">моята</wf>
         <wf lemma="голяма" pos="X">голяма</wf>
         <instance id="d000.s2969.t000" lemma="любов" pos="NOUN">любов</instance>
         <wf lemma="." pos="X">.</wf>
      </sentence>
      <sentence id="d000.s2970" source="wordnet-bulgarian">
         <wf lemma="протестно" pos="X">протестно</wf>
         <instance id="d000.s2970.t000" lemma="писмо" pos="NOUN">писмо</instance>
         <wf lemma="." pos="X">.</wf>
      </sentence>
      <sentence id="d000.s2971" source="wordnet-bulgarian">
         <wf lemma="Нова" pos="X">Нова</wf>
         <instance id="d000.s2971.t000" lemma="мотриса" pos="NOUN">мотриса</instance>
         <wf lemma="тръгна" pos="X">тръгна</wf>
         <wf lemma="по" pos="X">по</wf>
         <wf lemma="релсите" pos="X">релсите</wf>
         <wf lemma="на" pos="X">на</wf>
         <wf lemma="софийското" pos="X">софийското</wf>
         <wf lemma="метро" pos="X">метро</wf>
         <wf lemma="." pos="X">.</wf>
      </sentence>
      <sentence id="d000.s2972" source="wordnet-bulgarian">
         <wf lemma="По" pos="X">По</wf>
         <wf lemma="улицата" pos="X">улицата</wf>
         <wf lemma="вървяха" pos="X">вървяха</wf>
         <wf lemma="на" pos="X">на</wf>
         <instance id="d000.s2972.t000" lemma="двойка" pos="NOUN">двойки</instance>
         <wf lemma="мъже" pos="X">мъже</wf>
         <wf lemma="и" pos="X">и</wf>
         <wf lemma="разговаряха" pos="X">разговаряха</wf>
         <wf lemma="високо" pos="X">високо</wf>
         <wf lemma="." pos="X">.</wf>
      </sentence>
      <sentence id="d000.s2973" source="wordnet-bulgarian">
         <wf lemma="с" pos="X">с</wf>
         <instance id="d000.s2973.t000" lemma="продължение" pos="NOUN">продължение</instance>
         <wf lemma="." pos="X">.</wf>
      </sentence>
      <sentence id="d000.s2974" source="wordnet-bulgarian">
         <wf lemma="В" pos="X">В</wf>
         <wf lemma="пощенския" pos="X">пощенския</wf>
         <instance id="d000.s2974.t000" lemma="вагон" pos="NOUN">вагон</instance>
         <wf lemma="бяхме" pos="X">бяхме</wf>
         <wf lemma="се" pos="X">се</wf>
         <wf lemma="скупчили" pos="X">скупчили</wf>
         <wf lemma="тридесетина" pos="X">тридесетина</wf>
         <wf lemma="души" pos="X">души</wf>
         <wf lemma="и" pos="X">и</wf>
         <wf lemma="още" pos="X">още</wf>
         <wf lemma="толкова" pos="X">толкова</wf>
         <wf lemma="колети" pos="X">колети</wf>
         <wf lemma="и" pos="X">и</wf>
         <wf lemma="пратки" pos="X">пратки</wf>
         <wf lemma="," pos="X">,</wf>
         <wf lemma="разпръснати" pos="X">разпръснати</wf>
         <wf lemma="на" pos="X">на</wf>
         <wf lemma="купчинки" pos="X">купчинки</wf>
         <wf lemma="." pos="X">.</wf>
      </sentence>
      <sentence id="d000.s2975" source="wordnet-bulgarian">
         <wf lemma="солидно" pos="X">солидно</wf>
         <instance id="d000.s2975.t000" lemma="образование" pos="NOUN">образование</instance>
         <wf lemma="." pos="X">.</wf>
      </sentence>
      <sentence id="d000.s2976" source="wordnet-bulgarian">
         <wf lemma="Вашето" pos="X">Вашето</wf>
         <instance id="d000.s2976.t000" lemma="твърдение" pos="NOUN">твърдение</instance>
         <wf lemma="е" pos="X">е</wf>
         <wf lemma="необосновано" pos="X">необосновано</wf>
         <wf lemma="." pos="X">.</wf>
      </sentence>
      <sentence id="d000.s2977" source="wordnet-bulgarian">
         <wf lemma="дирижирам" pos="X">дирижирам</wf>
         <instance id="d000.s2977.t000" lemma="оркестър" pos="NOUN">оркестър</instance>
         <wf lemma="." pos="X">.</wf>
      </sentence>
      <sentence id="d000.s2978" source="wordnet-bulgarian">
         <wf lemma="имам" pos="X">имам</wf>
         <wf lemma="големи" pos="X">големи</wf>
         <instance id="d000.s2978.t000" lemma="разноска" pos="NOUN">разноски</instance>
         <wf lemma="." pos="X">.</wf>
      </sentence>
      <sentence id="d000.s2979" source="wordnet-bulgarian">
         <instance id="d000.s2979.t000" lemma="внос" pos="NOUN">внос</instance>
         <wf lemma="и" pos="X">и</wf>
         <wf lemma="търговия" pos="X">търговия</wf>
         <wf lemma="." pos="X">.</wf>
      </sentence>
      <sentence id="d000.s2980" source="wordnet-bulgarian">
         <wf lemma="силно" pos="X">силно</wf>
         <instance id="d000.s2980.t000" lemma="въздействие" pos="NOUN">въздействие</instance>
         <wf lemma="." pos="X">.</wf>
      </sentence>
      <sentence id="d000.s2981" source="wordnet-bulgarian">
         <instance id="d000.s2981.t000" lemma="цена" pos="NOUN">цена</instance>
         <wf lemma="на" pos="X">на</wf>
         <wf lemma="." pos="X">.</wf>
      </sentence>
      <sentence id="d000.s2982" source="wordnet-bulgarian">
         <wf lemma="загубвам" pos="X">загубвам</wf>
         <instance id="d000.s2982.t000" lemma="самообладание" pos="NOUN">самообладание</instance>
         <wf lemma="." pos="X">.</wf>
      </sentence>
      <sentence id="d000.s2983" source="wordnet-bulgarian">
         <wf lemma="имам" pos="X">имам</wf>
         <instance id="d000.s2983.t000" lemma="направление" pos="NOUN">направление</instance>
         <wf lemma="." pos="X">.</wf>
      </sentence>
      <sentence id="d000.s2984" source="wordnet-bulgarian">
         <wf lemma="дебел" pos="X">дебел</wf>
         <instance id="d000.s2984.t000" lemma="прът" pos="NOUN">прът</instance>
         <wf lemma="." pos="X">.</wf>
      </sentence>
      <sentence id="d000.s2985" source="wordnet-bulgarian">
         <instance id="d000.s2985.t000" lemma="средство" pos="NOUN">средство</instance>
         <wf lemma="за" pos="X">за</wf>
         <wf lemma="отслабване" pos="X">отслабване</wf>
         <wf lemma="." pos="X">.</wf>
      </sentence>
      <sentence id="d000.s2986" source="wordnet-bulgarian">
         <wf lemma="Такъв" pos="X">Такъв</wf>
         <wf lemma="го" pos="X">го</wf>
         <wf lemma="е" pos="X">е</wf>
         <wf lemma="създала" pos="X">създала</wf>
         <instance id="d000.s2986.t000" lemma="природа" pos="NOUN">природата</instance>
         <wf lemma="." pos="X">.</wf>
      </sentence>
      <sentence id="d000.s2987" source="wordnet-bulgarian">
         <instance id="d000.s2987.t000" lemma="дърпам" pos="VERB">дърпам</instance>
         <wf lemma="шейна" pos="X">шейна</wf>
         <wf lemma="." pos="X">.</wf>
      </sentence>
      <sentence id="d000.s2988" source="wordnet-bulgarian">
         <wf lemma="порезна" pos="X">порезна</wf>
         <instance id="d000.s2988.t000" lemma="рана" pos="NOUN">рана</instance>
         <wf lemma="." pos="X">.</wf>
      </sentence>
      <sentence id="d000.s2989" source="wordnet-bulgarian">
         <wf lemma="насочвам" pos="X">насочвам</wf>
         <instance id="d000.s2989.t000" lemma="внимание" pos="NOUN">вниманието</instance>
         <wf lemma="си" pos="X">си</wf>
         <wf lemma="към" pos="X">към</wf>
         <wf lemma="." pos="X">.</wf>
      </sentence>
      <sentence id="d000.s2990" source="wordnet-bulgarian">
         <wf lemma="предлагам" pos="X">предлагам</wf>
         <instance id="d000.s2990.t000" lemma="кандидат" pos="NOUN">кандидат</instance>
         <wf lemma="." pos="X">.</wf>
      </sentence>
      <sentence id="d000.s2991" source="wordnet-bulgarian">
         <wf lemma="изготвям" pos="X">изготвям</wf>
         <instance id="d000.s2991.t000" lemma="списък" pos="NOUN">списък</instance>
         <wf lemma="." pos="X">.</wf>
      </sentence>
      <sentence id="d000.s2992" source="wordnet-bulgarian">
         <wf lemma="уча" pos="X">уча</wf>
         <wf lemma="се" pos="X">се</wf>
         <wf lemma="да" pos="X">да</wf>
         <instance id="d000.s2992.t000" lemma="чета" pos="VERB">чета</instance>
         <wf lemma="." pos="X">.</wf>
      </sentence>
      <sentence id="d000.s2993" source="wordnet-bulgarian">
         <instance id="d000.s2993.t000" lemma="сос" pos="NOUN">сос</instance>
         <wf lemma="бешамел" pos="X">бешамел</wf>
         <wf lemma="." pos="X">.</wf>
      </sentence>
      <sentence id="d000.s2994" source="wordnet-bulgarian">
         <wf lemma="изпращам" pos="X">изпращам</wf>
         <instance id="d000.s2994.t000" lemma="отряд" pos="NOUN">отряд</instance>
         <wf lemma="в." pos="X">в.</wf>
      </sentence>
      <sentence id="d000.s2995" source="wordnet-bulgarian">
         <instance id="d000.s2995.t000" lemma="ябълка" pos="NOUN">Ябълките</instance>
         <wf lemma="са" pos="X">са</wf>
         <wf lemma="полезен" pos="X">полезен</wf>
         <wf lemma="плод" pos="X">плод</wf>
         <wf lemma="." pos="X">.</wf>
      </sentence>
      <sentence id="d000.s2996" source="wordnet-bulgarian">
         <wf lemma="Пред" pos="X">Пред</wf>
         <wf lemma="магазина" pos="X">магазина</wf>
         <wf lemma="се" pos="X">се</wf>
         <wf lemma="виеше" pos="X">виеше</wf>
         <wf lemma="дълга" pos="X">дълга</wf>
         <instance id="d000.s2996.t000" lemma="опашка" pos="NOUN">опашка</instance>
         <wf lemma="." pos="X">.</wf>
      </sentence>
      <sentence id="d000.s2997" source="wordnet-bulgarian">
         <wf lemma="Поставих" pos="X">Поставих</wf>
         <wf lemma="чашата" pos="X">чашата</wf>
         <wf lemma="на" pos="X">на</wf>
         <instance id="d000.s2997.t000" lemma="маса" pos="NOUN">масата</instance>
         <wf lemma="." pos="X">.</wf>
      </sentence>
      <sentence id="d000.s2998" source="wordnet-bulgarian">
         <instance id="d000.s2998.t000" lemma="стана" pos="VERB">Станахме</instance>
         <wf lemma="за" pos="X">за</wf>
         <wf lemma="смях" pos="X">смях</wf>
         <wf lemma="." pos="X">.</wf>
      </sentence>
      <sentence id="d000.s2999" source="wordnet-bulgarian">
         <instance id="d000.s2999.t000" lemma="къс" pos="NOUN">къс</instance>
         <wf lemma="месо" pos="X">месо</wf>
         <wf lemma="." pos="X">.</wf>
      </sentence>
      <sentence id="d000.s3000" source="wordnet-bulgarian">
         <wf lemma="вземам" pos="X">вземам</wf>
         <instance id="d000.s3000.t000" lemma="заем" pos="NOUN">заем</instance>
         <wf lemma="от" pos="X">от</wf>
         <wf lemma="." pos="X">.</wf>
      </sentence>
      <sentence id="d000.s3001" source="wordnet-bulgarian">
         <wf lemma="слагам" pos="X">слагам</wf>
         <instance id="d000.s3001.t000" lemma="отрова" pos="NOUN">отрова</instance>
         <wf lemma="в." pos="X">в.</wf>
      </sentence>
      <sentence id="d000.s3002" source="wordnet-bulgarian">
         <wf lemma="Изплашени" pos="X">Изплашени</wf>
         <wf lemma="," pos="X">,</wf>
         <wf lemma="те" pos="X">те</wf>
         <instance id="d000.s3002.t000" lemma="бягам" pos="VERB">бягаха</instance>
         <wf lemma="в" pos="X">в</wf>
         <wf lemma="разни" pos="X">разни</wf>
         <wf lemma="посоки" pos="X">посоки</wf>
         <wf lemma="." pos="X">.</wf>
      </sentence>
      <sentence id="d000.s3003" source="wordnet-bulgarian">
         <wf lemma="на" pos="X">на</wf>
         <instance id="d000.s3003.t000" lemma="таван" pos="NOUN">тавана</instance>
         <wf lemma="." pos="X">.</wf>
      </sentence>
      <sentence id="d000.s3004" source="wordnet-bulgarian">
         <wf lemma="правя" pos="X">правя</wf>
         <instance id="d000.s3004.t000" lemma="предположение" pos="NOUN">предположение</instance>
         <wf lemma="." pos="X">.</wf>
      </sentence>
      <sentence id="d000.s3005" source="wordnet-bulgarian">
         <wf lemma="порцеланова" pos="X">порцеланова</wf>
         <instance id="d000.s3005.t000" lemma="лъжица" pos="NOUN">лъжица</instance>
         <wf lemma="." pos="X">.</wf>
      </sentence>
      <sentence id="d000.s3006" source="wordnet-bulgarian">
         <wf lemma="прояви" pos="X">прояви</wf>
         <wf lemma="на" pos="X">на</wf>
         <instance id="d000.s3006.t000" lemma="расизъм" pos="NOUN">расизъм</instance>
         <wf lemma="." pos="X">.</wf>
      </sentence>
      <sentence id="d000.s3007" source="wordnet-bulgarian">
         <wf lemma="Какво" pos="X">Какво</wf>
         <instance id="d000.s3007.t000" lemma="кажа" pos="VERB">каза</instance>
         <wf lemma="?" pos="X">?</wf>
      </sentence>
      <sentence id="d000.s3008" source="wordnet-bulgarian">
         <wf lemma="сложна" pos="X">сложна</wf>
         <instance id="d000.s3008.t000" lemma="обстановка" pos="NOUN">обстановка</instance>
         <wf lemma="." pos="X">.</wf>
      </sentence>
      <sentence id="d000.s3009" source="wordnet-bulgarian">
         <wf lemma="Няма" pos="X">Няма</wf>
         <wf lemma="безплатен" pos="X">безплатен</wf>
         <wf lemma="телевизионен" pos="X">телевизионен</wf>
         <wf lemma="продукт" pos="X">продукт</wf>
         <wf lemma="е" pos="X">е</wf>
         <wf lemma="най-кратката" pos="X">най-кратката</wf>
         <instance id="d000.s3009.t000" lemma="аргументация" pos="NOUN">аргументация</instance>
         <wf lemma="на" pos="X">на</wf>
         <wf lemma="ръководството" pos="X">ръководството</wf>
         <wf lemma="на" pos="X">на</wf>
         <wf lemma="държавната" pos="X">държавната</wf>
         <wf lemma="медиа" pos="X">медиа</wf>
         <wf lemma="." pos="X">.</wf>
      </sentence>
      <sentence id="d000.s3010" source="wordnet-bulgarian">
         <wf lemma="Между" pos="X">Между</wf>
         <wf lemma="нас" pos="X">нас</wf>
         <wf lemma="няма" pos="X">няма</wf>
         <instance id="d000.s3010.t000" lemma="разбирателство" pos="NOUN">разбирателство</instance>
         <wf lemma="." pos="X">.</wf>
      </sentence>
      <sentence id="d000.s3011" source="wordnet-bulgarian">
         <wf lemma="Тази" pos="X">Тази</wf>
         <wf lemma="година" pos="X">година</wf>
         <wf lemma="за" pos="X">за</wf>
         <wf lemma="състезанието" pos="X">състезанието</wf>
         <wf lemma="се" pos="X">се</wf>
         <wf lemma="записаха" pos="X">записаха</wf>
         <wf lemma="много" pos="X">много</wf>
         <instance id="d000.s3011.t000" lemma="участник" pos="NOUN">участници</instance>
         <wf lemma="." pos="X">.</wf>
      </sentence>
      <sentence id="d000.s3012" source="wordnet-bulgarian">
         <wf lemma="скатен" pos="X">скатен</wf>
         <instance id="d000.s3012.t000" lemma="покрив" pos="NOUN">покрив</instance>
         <wf lemma="." pos="X">.</wf>
      </sentence>
      <sentence id="d000.s3013" source="wordnet-bulgarian">
         <wf lemma="тъна" pos="X">тъна</wf>
         <wf lemma="в" pos="X">в</wf>
         <instance id="d000.s3013.t000" lemma="мрак" pos="NOUN">мрак</instance>
         <wf lemma="." pos="X">.</wf>
      </sentence>
      <sentence id="d000.s3014" source="wordnet-bulgarian">
         <wf lemma="евтина" pos="X">евтина</wf>
         <instance id="d000.s3014.t000" lemma="стока" pos="NOUN">стока</instance>
         <wf lemma="." pos="X">.</wf>
      </sentence>
      <sentence id="d000.s3015" source="wordnet-bulgarian">
         <wf lemma="при" pos="X">при</wf>
         <wf lemma="така" pos="X">така</wf>
         <wf lemma="създадената" pos="X">създадената</wf>
         <instance id="d000.s3015.t000" lemma="обстановка" pos="NOUN">обстановка</instance>
         <wf lemma="." pos="X">.</wf>
      </sentence>
      <sentence id="d000.s3016" source="wordnet-bulgarian">
         <wf lemma="Трябва" pos="X">Трябва</wf>
         <wf lemma="ни" pos="X">ни</wf>
         <wf lemma="още" pos="X">още</wf>
         <wf lemma="една" pos="X">една</wf>
         <instance id="d000.s3016.t000" lemma="ръка" pos="NOUN">ръка</instance>
         <wf lemma="." pos="X">.</wf>
      </sentence>
      <sentence id="d000.s3017" source="wordnet-bulgarian">
         <wf lemma="ходя" pos="X">ходя</wf>
         <wf lemma="на" pos="X">на</wf>
         <instance id="d000.s3017.t000" lemma="театър" pos="NOUN">театър</instance>
         <wf lemma="." pos="X">.</wf>
      </sentence>
      <sentence id="d000.s3018" source="wordnet-bulgarian">
         <wf lemma="гербова" pos="X">гербова</wf>
         <instance id="d000.s3018.t000" lemma="марка" pos="NOUN">марка</instance>
         <wf lemma="." pos="X">.</wf>
      </sentence>
      <sentence id="d000.s3019" source="wordnet-bulgarian">
         <wf lemma="имам" pos="X">имам</wf>
         <instance id="d000.s3019.t000" lemma="предимство" pos="NOUN">предимство</instance>
         <wf lemma="." pos="X">.</wf>
      </sentence>
      <sentence id="d000.s3020" source="wordnet-bulgarian">
         <instance id="d000.s3020.t000" lemma="кандидат" pos="NOUN">кандидат</instance>
         <wf lemma="за" pos="X">за</wf>
         <wf lemma="." pos="X">.</wf>
      </sentence>
      <sentence id="d000.s3021" source="wordnet-bulgarian">
         <wf lemma="Джеймс" pos="X">Джеймс</wf>
         <wf lemma="Бонд" pos="X">Бонд</wf>
         <wf lemma="е" pos="X">е</wf>
         <wf lemma="мой" pos="X">мой</wf>
         <wf lemma="любим" pos="X">любим</wf>
         <instance id="d000.s3021.t000" lemma="герой" pos="NOUN">герой</instance>
         <wf lemma="." pos="X">.</wf>
      </sentence>
      <sentence id="d000.s3022" source="wordnet-bulgarian">
         <wf lemma="просташки" pos="X">просташки</wf>
         <instance id="d000.s3022.t000" lemma="израз" pos="NOUN">израз</instance>
         <wf lemma="." pos="X">.</wf>
      </sentence>
      <sentence id="d000.s3023" source="wordnet-bulgarian">
         <wf lemma="служител" pos="X">служител</wf>
         <wf lemma="в" pos="X">в</wf>
         <instance id="d000.s3023.t000" lemma="полиция" pos="NOUN">полицията</instance>
         <wf lemma="." pos="X">.</wf>
      </sentence>
      <sentence id="d000.s3024" source="wordnet-bulgarian">
         <instance id="d000.s3024.t000" lemma="секреция" pos="NOUN">секреция</instance>
         <wf lemma="от" pos="X">от</wf>
         <wf lemma="носа" pos="X">носа</wf>
         <wf lemma="." pos="X">.</wf>
      </sentence>
      <sentence id="d000.s3025" source="wordnet-bulgarian">
         <wf lemma="Бързо" pos="X">Бързо</wf>
         <wf lemma="начупих" pos="X">начупих</wf>
         <instance id="d000.s3025.t000" lemma="клечка" pos="NOUN">клечки</instance>
         <wf lemma="за" pos="X">за</wf>
         <wf lemma="подпалка" pos="X">подпалка</wf>
         <wf lemma="." pos="X">.</wf>
      </sentence>
      <sentence id="d000.s3026" source="wordnet-bulgarian">
         <wf lemma="Животът" pos="X">Животът</wf>
         <wf lemma="е" pos="X">е</wf>
         <wf lemma="пълен" pos="X">пълен</wf>
         <wf lemma="с" pos="X">с</wf>
         <instance id="d000.s3026.t000" lemma="изпитание" pos="NOUN">изпитания</instance>
         <wf lemma="." pos="X">.</wf>
      </sentence>
      <sentence id="d000.s3027" source="wordnet-bulgarian">
         <wf lemma="свеждам" pos="X">свеждам</wf>
         <instance id="d000.s3027.t000" lemma="поглед" pos="NOUN">поглед</instance>
         <wf lemma="." pos="X">.</wf>
      </sentence>
      <sentence id="d000.s3028" source="wordnet-bulgarian">
         <wf lemma="Шумът" pos="X">Шумът</wf>
         <wf lemma="в" pos="X">в</wf>
         <wf lemma="залата" pos="X">залата</wf>
         <instance id="d000.s3028.t000" lemma="нарасна" pos="VERB">нарасна</instance>
         <wf lemma="." pos="X">.</wf>
      </sentence>
      <sentence id="d000.s3029" source="wordnet-bulgarian">
         <wf lemma="Стига" pos="X">Стига</wf>
         <instance id="d000.s3029.t000" lemma="расизъм" pos="NOUN">расизъм</instance>
         <wf lemma="!" pos="X">!</wf>
      </sentence>
      <sentence id="d000.s3030" source="wordnet-bulgarian">
         <wf lemma="Такава" pos="X">Такава</wf>
         <wf lemma="му" pos="X">му</wf>
         <wf lemma="била" pos="X">била</wf>
         <instance id="d000.s3030.t000" lemma="съдба" pos="NOUN">съдбата</instance>
         <wf lemma="." pos="X">.</wf>
      </sentence>
      <sentence id="d000.s3031" source="wordnet-bulgarian">
         <instance id="d000.s3031.t000" lemma="лампа" pos="NOUN">лампа</instance>
         <wf lemma="с" pos="X">с</wf>
         <wf lemma="три" pos="X">три</wf>
         <wf lemma="крушки" pos="X">крушки</wf>
         <wf lemma="." pos="X">.</wf>
      </sentence>
      <sentence id="d000.s3032" source="wordnet-bulgarian">
         <wf lemma="пиша" pos="X">пиша</wf>
         <instance id="d000.s3032.t000" lemma="доклад" pos="NOUN">доклад</instance>
         <wf lemma="." pos="X">.</wf>
      </sentence>
      <sentence id="d000.s3033" source="wordnet-bulgarian">
         <wf lemma="динена" pos="X">динена</wf>
         <instance id="d000.s3033.t000" lemma="семка" pos="NOUN">семка</instance>
         <wf lemma="." pos="X">.</wf>
      </sentence>
      <sentence id="d000.s3034" source="wordnet-bulgarian">
         <wf lemma="зов" pos="X">зов</wf>
         <wf lemma="за" pos="X">за</wf>
         <instance id="d000.s3034.t000" lemma="помощ" pos="NOUN">помощ</instance>
         <wf lemma="." pos="X">.</wf>
      </sentence>
      <sentence id="d000.s3035" source="wordnet-bulgarian">
         <wf lemma="ръжено" pos="X">ръжено</wf>
         <instance id="d000.s3035.t000" lemma="кафе" pos="NOUN">кафе</instance>
         <wf lemma="." pos="X">.</wf>
      </sentence>
      <sentence id="d000.s3036" source="wordnet-bulgarian">
         <instance id="d000.s3036.t000" lemma="акционер" pos="NOUN">акционер</instance>
         <wf lemma="в." pos="X">в.</wf>
      </sentence>
      <sentence id="d000.s3037" source="wordnet-bulgarian">
         <wf lemma="Този" pos="X">Този</wf>
         <instance id="d000.s3037.t000" lemma="зъболекар" pos="NOUN">зъболекар</instance>
         <wf lemma="ми" pos="X">ми</wf>
         <wf lemma="съсипа" pos="X">съсипа</wf>
         <wf lemma="зъба" pos="X">зъба</wf>
         <wf lemma="." pos="X">.</wf>
      </sentence>
      <sentence id="d000.s3038" source="wordnet-bulgarian">
         <wf lemma="По" pos="X">По</wf>
         <wf lemma="улицата" pos="X">улицата</wf>
         <wf lemma="вървеше" pos="X">вървеше</wf>
         <wf lemma="строен" pos="X">строен</wf>
         <wf lemma="мъж" pos="X">мъж</wf>
         <wf lemma="в" pos="X">в</wf>
         <wf lemma="елегантен" pos="X">елегантен</wf>
         <wf lemma="черен" pos="X">черен</wf>
         <instance id="d000.s3038.t000" lemma="костюм" pos="NOUN">костюм</instance>
         <wf lemma="." pos="X">.</wf>
      </sentence>
      <sentence id="d000.s3039" source="wordnet-bulgarian">
         <instance id="d000.s3039.t000" lemma="отопление" pos="NOUN">отопление</instance>
         <wf lemma="с" pos="X">с</wf>
         <wf lemma="дърва" pos="X">дърва</wf>
         <wf lemma="." pos="X">.</wf>
      </sentence>
      <sentence id="d000.s3040" source="wordnet-bulgarian">
         <wf lemma="главен" pos="X">главен</wf>
         <instance id="d000.s3040.t000" lemma="мозък" pos="NOUN">мозък</instance>
         <wf lemma="." pos="X">.</wf>
      </sentence>
      <sentence id="d000.s3041" source="wordnet-bulgarian">
         <wf lemma="имам" pos="X">имам</wf>
         <wf lemma="право" pos="X">право</wf>
         <wf lemma="на" pos="X">на</wf>
         <instance id="d000.s3041.t000" lemma="избор" pos="NOUN">избор</instance>
         <wf lemma="." pos="X">.</wf>
      </sentence>
      <sentence id="d000.s3042" source="wordnet-bulgarian">
         <wf lemma="измачкана" pos="X">измачкана</wf>
         <instance id="d000.s3042.t000" lemma="банкнота" pos="NOUN">банкнота</instance>
         <wf lemma="." pos="X">.</wf>
      </sentence>
      <sentence id="d000.s3043" source="wordnet-bulgarian">
         <wf lemma="механична" pos="X">механична</wf>
         <instance id="d000.s3043.t000" lemma="памет" pos="NOUN">памет</instance>
         <wf lemma="." pos="X">.</wf>
      </sentence>
      <sentence id="d000.s3044" source="wordnet-bulgarian">
         <wf lemma="без" pos="X">без</wf>
         <instance id="d000.s3044.t000" lemma="капак" pos="NOUN">капак</instance>
         <wf lemma="." pos="X">.</wf>
      </sentence>
      <sentence id="d000.s3045" source="wordnet-bulgarian">
         <wf lemma="дъх" pos="X">дъх</wf>
         <wf lemma="на" pos="X">на</wf>
         <instance id="d000.s3045.t000" lemma="мухъл" pos="NOUN">мухъл</instance>
         <wf lemma="и" pos="X">и</wf>
         <wf lemma="застояло" pos="X">застояло</wf>
         <wf lemma="." pos="X">.</wf>
      </sentence>
      <sentence id="d000.s3046" source="wordnet-bulgarian">
         <wf lemma="Горе" pos="X">Горе</wf>
         <wf lemma="ръцете" pos="X">ръцете</wf>
         <wf lemma="или" pos="X">или</wf>
         <wf lemma="ще" pos="X">ще</wf>
         <instance id="d000.s3046.t000" lemma="стрелям" pos="VERB">стрелям</instance>
         <wf lemma="!" pos="X">!</wf>
      </sentence>
      <sentence id="d000.s3047" source="wordnet-bulgarian">
         <wf lemma="банкнота" pos="X">банкнота</wf>
         <wf lemma="от" pos="X">от</wf>
         <wf lemma="един" pos="X">един</wf>
         <instance id="d000.s3047.t000" lemma="долар" pos="NOUN">долар</instance>
         <wf lemma="." pos="X">.</wf>
      </sentence>
      <sentence id="d000.s3048" source="wordnet-bulgarian">
         <wf lemma="слънчево" pos="X">слънчево</wf>
         <instance id="d000.s3048.t000" lemma="време" pos="NOUN">време</instance>
         <wf lemma="." pos="X">.</wf>
      </sentence>
      <sentence id="d000.s3049" source="wordnet-bulgarian">
         <wf lemma="Имам" pos="X">Имам</wf>
         <wf lemma="важна" pos="X">важна</wf>
         <instance id="d000.s3049.t000" lemma="среща" pos="NOUN">среща</instance>
         <wf lemma="в" pos="X">в</wf>
         <wf lemma="десет" pos="X">десет</wf>
         <wf lemma="часа" pos="X">часа</wf>
         <wf lemma="." pos="X">.</wf>
      </sentence>
      <sentence id="d000.s3050" source="wordnet-bulgarian">
         <wf lemma="стоя" pos="X">стоя</wf>
         <wf lemma="на" pos="X">на</wf>
         <instance id="d000.s3050.t000" lemma="пост" pos="NOUN">пост</instance>
         <wf lemma="." pos="X">.</wf>
      </sentence>
      <sentence id="d000.s3051" source="wordnet-bulgarian">
         <wf lemma="Дигам" pos="X">Дигам</wf>
         <wf lemma="със" pos="X">със</wf>
         <instance id="d000.s3051.t000" lemma="сила" pos="NOUN">сила</instance>
         <wf lemma="." pos="X">.</wf>
      </sentence>
      <sentence id="d000.s3052" source="wordnet-bulgarian">
         <wf lemma="серия" pos="X">серия</wf>
         <wf lemma="от" pos="X">от</wf>
         <instance id="d000.s3052.t000" lemma="инжекция" pos="NOUN">инжекции</instance>
         <wf lemma="." pos="X">.</wf>
      </sentence>
      <sentence id="d000.s3053" source="wordnet-bulgarian">
         <wf lemma="ям" pos="X">ям</wf>
         <instance id="d000.s3053.t000" lemma="сандвич" pos="NOUN">сандвич</instance>
         <wf lemma="." pos="X">.</wf>
      </sentence>
      <sentence id="d000.s3054" source="wordnet-bulgarian">
         <wf lemma="симфоничен" pos="X">симфоничен</wf>
         <instance id="d000.s3054.t000" lemma="концерт" pos="NOUN">концерт</instance>
         <wf lemma="." pos="X">.</wf>
      </sentence>
      <sentence id="d000.s3055" source="wordnet-bulgarian">
         <wf lemma="неприятна" pos="X">неприятна</wf>
         <instance id="d000.s3055.t000" lemma="случка" pos="NOUN">случка</instance>
         <wf lemma="." pos="X">.</wf>
      </sentence>
      <sentence id="d000.s3056" source="wordnet-bulgarian">
         <wf lemma="ненужно" pos="X">ненужно</wf>
         <instance id="d000.s3056.t000" lemma="обяснение" pos="NOUN">обяснение</instance>
         <wf lemma="." pos="X">.</wf>
      </sentence>
      <sentence id="d000.s3057" source="wordnet-bulgarian">
         <wf lemma="ставам" pos="X">ставам</wf>
         <instance id="d000.s3057.t000" lemma="адвокат" pos="NOUN">адвокат</instance>
         <wf lemma="на" pos="X">на</wf>
         <wf lemma="." pos="X">.</wf>
      </sentence>
      <sentence id="d000.s3058" source="wordnet-bulgarian">
         <wf lemma="нерафинирана" pos="X">нерафинирана</wf>
         <instance id="d000.s3058.t000" lemma="захар" pos="NOUN">захар</instance>
         <wf lemma="." pos="X">.</wf>
      </sentence>
      <sentence id="d000.s3059" source="wordnet-bulgarian">
         <wf lemma="нелечима" pos="X">нелечима</wf>
         <instance id="d000.s3059.t000" lemma="болест" pos="NOUN">болест</instance>
         <wf lemma="." pos="X">.</wf>
      </sentence>
      <sentence id="d000.s3060" source="wordnet-bulgarian">
         <instance id="d000.s3060.t000" lemma="заминаване" pos="NOUN">заминаване</instance>
         <wf lemma="за" pos="X">за</wf>
         <wf lemma="Англия" pos="X">Англия</wf>
         <wf lemma="." pos="X">.</wf>
      </sentence>
      <sentence id="d000.s3061" source="wordnet-bulgarian">
         <wf lemma="пешеходна" pos="X">пешеходна</wf>
         <instance id="d000.s3061.t000" lemma="зона" pos="NOUN">зона</instance>
         <wf lemma="." pos="X">.</wf>
      </sentence>
      <sentence id="d000.s3062" source="wordnet-bulgarian">
         <wf lemma="груба" pos="X">груба</wf>
         <instance id="d000.s3062.t000" lemma="кожа" pos="NOUN">кожа</instance>
         <wf lemma="." pos="X">.</wf>
      </sentence>
      <sentence id="d000.s3063" source="wordnet-bulgarian">
         <instance id="d000.s3063.t000" lemma="предполагам" pos="VERB">предполагам</instance>
         <wf lemma="," pos="X">,</wf>
         <wf lemma="че" pos="X">че</wf>
         <wf lemma="." pos="X">.</wf>
      </sentence>
      <sentence id="d000.s3064" source="wordnet-bulgarian">
         <wf lemma="слаб" pos="X">слаб</wf>
         <instance id="d000.s3064.t000" lemma="пулс" pos="NOUN">пулс</instance>
         <wf lemma="." pos="X">.</wf>
      </sentence>
      <sentence id="d000.s3065" source="wordnet-bulgarian">
         <wf lemma="задълбочени" pos="X">задълбочени</wf>
         <instance id="d000.s3065.t000" lemma="знание" pos="NOUN">знания</instance>
         <wf lemma="." pos="X">.</wf>
      </sentence>
      <sentence id="d000.s3066" source="wordnet-bulgarian">
         <wf lemma="филмова" pos="X">филмова</wf>
         <instance id="d000.s3066.t000" lemma="звезда" pos="NOUN">звезда</instance>
         <wf lemma="." pos="X">.</wf>
      </sentence>
      <sentence id="d000.s3067" source="wordnet-bulgarian">
         <instance id="d000.s3067.t000" lemma="съвпадение" pos="NOUN">съвпадение</instance>
         <wf lemma="на" pos="X">на</wf>
         <wf lemma="." pos="X">.</wf>
      </sentence>
      <sentence id="d000.s3068" source="wordnet-bulgarian">
         <wf lemma="голи" pos="X">голи</wf>
         <instance id="d000.s3068.t000" lemma="обещание" pos="NOUN">обещания</instance>
         <wf lemma="." pos="X">.</wf>
      </sentence>
      <sentence id="d000.s3069" source="wordnet-bulgarian">
         <wf lemma="Напускам" pos="X">Напускам</wf>
         <wf lemma="в" pos="X">в</wf>
         <wf lemma="знак" pos="X">знак</wf>
         <wf lemma="на" pos="X">на</wf>
         <instance id="d000.s3069.t000" lemma="протест" pos="NOUN">протест</instance>
         <wf lemma="." pos="X">.</wf>
      </sentence>
      <sentence id="d000.s3070" source="wordnet-bulgarian">
         <wf lemma="писмена" pos="X">писмена</wf>
         <instance id="d000.s3070.t000" lemma="оценка" pos="NOUN">оценка</instance>
         <wf lemma="." pos="X">.</wf>
      </sentence>
      <sentence id="d000.s3071" source="wordnet-bulgarian">
         <wf lemma="електрически" pos="X">електрически</wf>
         <instance id="d000.s3071.t000" lemma="бутон" pos="NOUN">бутон</instance>
         <wf lemma="." pos="X">.</wf>
      </sentence>
      <sentence id="d000.s3072" source="wordnet-bulgarian">
         <wf lemma="обичам" pos="X">обичам</wf>
         <instance id="d000.s3072.t000" lemma="ябълка" pos="NOUN">ябълки</instance>
         <wf lemma="." pos="X">.</wf>
      </sentence>
      <sentence id="d000.s3073" source="wordnet-bulgarian">
         <wf lemma="делова" pos="X">делова</wf>
         <instance id="d000.s3073.t000" lemma="обстановка" pos="NOUN">обстановка</instance>
         <wf lemma="." pos="X">.</wf>
      </sentence>
      <sentence id="d000.s3074" source="wordnet-bulgarian">
         <wf lemma="колоездачна" pos="X">колоездачна</wf>
         <instance id="d000.s3074.t000" lemma="писта" pos="NOUN">писта</instance>
         <wf lemma="." pos="X">.</wf>
      </sentence>
      <sentence id="d000.s3075" source="wordnet-bulgarian">
         <wf lemma="Хапнах" pos="X">Хапнах</wf>
         <wf lemma="набързо" pos="X">набързо</wf>
         <wf lemma="сервирания" pos="X">сервирания</wf>
         <wf lemma="ми" pos="X">ми</wf>
         <instance id="d000.s3075.t000" lemma="пай" pos="NOUN">пай</instance>
         <wf lemma="и" pos="X">и</wf>
         <wf lemma="си" pos="X">си</wf>
         <wf lemma="тръгнах" pos="X">тръгнах</wf>
         <wf lemma="." pos="X">.</wf>
      </sentence>
      <sentence id="d000.s3076" source="wordnet-bulgarian">
         <instance id="d000.s3076.t000" lemma="конфитюр" pos="NOUN">конфитюр</instance>
         <wf lemma="от" pos="X">от</wf>
         <wf lemma="ягоди" pos="X">ягоди</wf>
         <wf lemma="." pos="X">.</wf>
      </sentence>
      <sentence id="d000.s3077" source="wordnet-bulgarian">
         <wf lemma="Той" pos="X">Той</wf>
         <instance id="d000.s3077.t000" lemma="кажа" pos="VERB">каза</instance>
         <wf lemma="," pos="X">,</wf>
         <wf lemma="че" pos="X">че</wf>
         <wf lemma="иска" pos="X">иска</wf>
         <wf lemma="да" pos="X">да</wf>
         <wf lemma="се" pos="X">се</wf>
         <wf lemma="ожени" pos="X">ожени</wf>
         <wf lemma="за" pos="X">за</wf>
         <wf lemma="нея" pos="X">нея</wf>
         <wf lemma="." pos="X">.</wf>
      </sentence>
      <sentence id="d000.s3078" source="wordnet-bulgarian">
         <instance id="d000.s3078.t000" lemma="необходимост" pos="NOUN">необходимост</instance>
         <wf lemma="от" pos="X">от</wf>
         <wf lemma="храна" pos="X">храна</wf>
         <wf lemma="." pos="X">.</wf>
      </sentence>
      <sentence id="d000.s3079" source="wordnet-bulgarian">
         <wf lemma="Разводът" pos="X">Разводът</wf>
         <wf lemma="превърна" pos="X">превърна</wf>
         <wf lemma="живота" pos="X">живота</wf>
         <wf lemma="му" pos="X">му</wf>
         <wf lemma="в" pos="X">в</wf>
         <wf lemma="пълна" pos="X">пълна</wf>
         <instance id="d000.s3079.t000" lemma="бъркотия" pos="NOUN">бъркотия</instance>
         <wf lemma="." pos="X">.</wf>
      </sentence>
      <sentence id="d000.s3080" source="wordnet-bulgarian">
         <wf lemma="Те" pos="X">Те</wf>
         <instance id="d000.s3080.t000" lemma="депортирам" pos="VERB">депортираха</instance>
         <wf lemma="беглеца" pos="X">беглеца</wf>
         <wf lemma="в" pos="X">в</wf>
         <wf lemma="родината" pos="X">родината</wf>
         <wf lemma="му" pos="X">му</wf>
         <wf lemma="," pos="X">,</wf>
         <wf lemma="за" pos="X">за</wf>
         <wf lemma="да" pos="X">да</wf>
         <wf lemma="бъде" pos="X">бъде</wf>
         <wf lemma="съден" pos="X">съден</wf>
         <wf lemma="там" pos="X">там</wf>
         <wf lemma="." pos="X">.</wf>
      </sentence>
      <sentence id="d000.s3081" source="wordnet-bulgarian">
         <wf lemma="гръмотевична" pos="X">гръмотевична</wf>
         <instance id="d000.s3081.t000" lemma="буря" pos="NOUN">буря</instance>
         <wf lemma="." pos="X">.</wf>
      </sentence>
      <sentence id="d000.s3082" source="wordnet-bulgarian">
         <wf lemma="душевно" pos="X">душевно</wf>
         <instance id="d000.s3082.t000" lemma="състояние" pos="NOUN">състояние</instance>
         <wf lemma="." pos="X">.</wf>
      </sentence>
      <sentence id="d000.s3083" source="wordnet-bulgarian">
         <instance id="d000.s3083.t000" lemma="рисунка" pos="NOUN">рисунка</instance>
         <wf lemma="с" pos="X">с</wf>
         <wf lemma="въглен" pos="X">въглен</wf>
         <wf lemma="." pos="X">.</wf>
      </sentence>
      <sentence id="d000.s3084" source="wordnet-bulgarian">
         <instance id="d000.s3084.t000" lemma="право" pos="NOUN">право</instance>
         <wf lemma="на" pos="X">на</wf>
         <wf lemma="живот" pos="X">живот</wf>
         <wf lemma="." pos="X">.</wf>
      </sentence>
      <sentence id="d000.s3085" source="wordnet-bulgarian">
         <instance id="d000.s3085.t000" lemma="възможност" pos="NOUN">възможност</instance>
         <wf lemma="за" pos="X">за</wf>
         <wf lemma="успех" pos="X">успех</wf>
         <wf lemma="." pos="X">.</wf>
      </sentence>
      <sentence id="d000.s3086" source="wordnet-bulgarian">
         <wf lemma="интелектуален" pos="X">интелектуален</wf>
         <instance id="d000.s3086.t000" lemma="потенциал" pos="NOUN">потенциал</instance>
         <wf lemma="." pos="X">.</wf>
      </sentence>
      <sentence id="d000.s3087" source="wordnet-bulgarian">
         <wf lemma="лепя" pos="X">лепя</wf>
         <instance id="d000.s3087.t000" lemma="плакат" pos="NOUN">плакат</instance>
         <wf lemma="." pos="X">.</wf>
      </sentence>
      <sentence id="d000.s3088" source="wordnet-bulgarian">
         <wf lemma="здрава" pos="X">здрава</wf>
         <instance id="d000.s3088.t000" lemma="кожа" pos="NOUN">кожа</instance>
         <wf lemma="." pos="X">.</wf>
      </sentence>
      <sentence id="d000.s3089" source="wordnet-bulgarian">
         <wf lemma="здрав" pos="X">здрав</wf>
         <instance id="d000.s3089.t000" lemma="разум" pos="NOUN">разум</instance>
         <wf lemma="." pos="X">.</wf>
      </sentence>
      <sentence id="d000.s3090" source="wordnet-bulgarian">
         <instance id="d000.s3090.t000" lemma="апарат" pos="NOUN">апаратът</instance>
         <wf lemma="не" pos="X">не</wf>
         <wf lemma="работи" pos="X">работи</wf>
         <wf lemma="." pos="X">.</wf>
      </sentence>
      <sentence id="d000.s3091" source="wordnet-bulgarian">
         <wf lemma="далечно" pos="X">далечно</wf>
         <instance id="d000.s3091.t000" lemma="минало" pos="NOUN">минало</instance>
         <wf lemma="." pos="X">.</wf>
      </sentence>
      <sentence id="d000.s3092" source="wordnet-bulgarian">
         <wf lemma="гимнастически" pos="X">гимнастически</wf>
         <instance id="d000.s3092.t000" lemma="упражнение" pos="NOUN">упражнения</instance>
         <wf lemma="." pos="X">.</wf>
      </sentence>
      <sentence id="d000.s3093" source="wordnet-bulgarian">
         <instance id="d000.s3093.t000" lemma="фасада" pos="NOUN">фасада</instance>
         <wf lemma="на" pos="X">на</wf>
         <wf lemma="къща" pos="X">къща</wf>
         <wf lemma="." pos="X">.</wf>
      </sentence>
      <sentence id="d000.s3094" source="wordnet-bulgarian">
         <wf lemma="в" pos="X">в</wf>
         <instance id="d000.s3094.t000" lemma="профил" pos="NOUN">профил</instance>
         <wf lemma="." pos="X">.</wf>
      </sentence>
      <sentence id="d000.s3095" source="wordnet-bulgarian">
         <wf lemma="обхваща" pos="X">обхваща</wf>
         <wf lemma="ме" pos="X">ме</wf>
         <instance id="d000.s3095.t000" lemma="вълнение" pos="NOUN">вълнение</instance>
         <wf lemma="." pos="X">.</wf>
      </sentence>
      <sentence id="d000.s3096" source="wordnet-bulgarian">
         <instance id="d000.s3096.t000" lemma="търся" pos="VERB">Търся</instance>
         <wf lemma="изход" pos="X">изход</wf>
         <wf lemma="от" pos="X">от</wf>
         <wf lemma="положението" pos="X">положението</wf>
         <wf lemma="." pos="X">.</wf>
      </sentence>
      <sentence id="d000.s3097" source="wordnet-bulgarian">
         <wf lemma="свалям" pos="X">свалям</wf>
         <wf lemma="си" pos="X">си</wf>
         <instance id="d000.s3097.t000" lemma="шапка" pos="NOUN">шапката</instance>
         <wf lemma="." pos="X">.</wf>
      </sentence>
      <sentence id="d000.s3098" source="wordnet-bulgarian">
         <wf lemma="от" pos="X">от</wf>
         <instance id="d000.s3098.t000" lemma="заран" pos="NOUN">заран</instance>
         <wf lemma="до" pos="X">до</wf>
         <wf lemma="вечер" pos="X">вечер</wf>
         <wf lemma="." pos="X">.</wf>
      </sentence>
      <sentence id="d000.s3099" source="wordnet-bulgarian">
         <wf lemma="В" pos="X">В</wf>
         <wf lemma="някои" pos="X">някои</wf>
         <wf lemma="страни" pos="X">страни</wf>
         <wf lemma="често" pos="X">често</wf>
         <wf lemma="стават" pos="X">стават</wf>
         <instance id="d000.s3099.t000" lemma="наводнение" pos="NOUN">наводнения</instance>
         <wf lemma="." pos="X">.</wf>
      </sentence>
      <sentence id="d000.s3100" source="wordnet-bulgarian">
         <wf lemma="тънка" pos="X">тънка</wf>
         <instance id="d000.s3100.t000" lemma="вратовръзка" pos="NOUN">вратовръзка</instance>
         <wf lemma="." pos="X">.</wf>
      </sentence>
      <sentence id="d000.s3101" source="wordnet-bulgarian">
         <wf lemma="правя" pos="X">правя</wf>
         <instance id="d000.s3101.t000" lemma="преустройство" pos="NOUN">преустройство</instance>
         <wf lemma="." pos="X">.</wf>
      </sentence>
      <sentence id="d000.s3102" source="wordnet-bulgarian">
         <wf lemma="планински" pos="X">планински</wf>
         <instance id="d000.s3102.t000" lemma="поток" pos="NOUN">поток</instance>
         <wf lemma="." pos="X">.</wf>
      </sentence>
      <sentence id="d000.s3103" source="wordnet-bulgarian">
         <instance id="d000.s3103.t000" lemma="колона" pos="NOUN">колона</instance>
         <wf lemma="от" pos="X">от</wf>
         <wf lemma="хора" pos="X">хора</wf>
         <wf lemma="." pos="X">.</wf>
      </sentence>
      <sentence id="d000.s3104" source="wordnet-bulgarian">
         <wf lemma="емайлирана" pos="X">емайлирана</wf>
         <instance id="d000.s3104.t000" lemma="тенджера" pos="NOUN">тенджера</instance>
         <wf lemma="." pos="X">.</wf>
      </sentence>
      <sentence id="d000.s3105" source="wordnet-bulgarian">
         <instance id="d000.s3105.t000" lemma="абсорбция" pos="NOUN">абсорбция</instance>
         <wf lemma="на" pos="X">на</wf>
         <wf lemma="светлина" pos="X">светлина</wf>
         <wf lemma="." pos="X">.</wf>
      </sentence>
      <sentence id="d000.s3106" source="wordnet-bulgarian">
         <wf lemma="изплащам" pos="X">изплащам</wf>
         <instance id="d000.s3106.t000" lemma="аванс" pos="NOUN">аванс</instance>
         <wf lemma="." pos="X">.</wf>
      </sentence>
      <sentence id="d000.s3107" source="wordnet-bulgarian">
         <instance id="d000.s3107.t000" lemma="белег" pos="NOUN">белег</instance>
         <wf lemma="на" pos="X">на</wf>
         <wf lemma="добро" pos="X">добро</wf>
         <wf lemma="възпитание" pos="X">възпитание</wf>
         <wf lemma="." pos="X">.</wf>
      </sentence>
      <sentence id="d000.s3108" source="wordnet-bulgarian">
         <wf lemma="залепвам" pos="X">залепвам</wf>
         <instance id="d000.s3108.t000" lemma="плик" pos="NOUN">плика</instance>
         <wf lemma="." pos="X">.</wf>
      </sentence>
      <sentence id="d000.s3109" source="wordnet-bulgarian">
         <wf lemma="Той" pos="X">Той</wf>
         <wf lemma="се" pos="X">се</wf>
         <wf lemma="намира" pos="X">намира</wf>
         <wf lemma="извън" pos="X">извън</wf>
         <instance id="d000.s3109.t000" lemma="предел" pos="NOUN">пределите</instance>
         <wf lemma="на" pos="X">на</wf>
         <wf lemma="страната" pos="X">страната</wf>
         <wf lemma="." pos="X">.</wf>
      </sentence>
      <sentence id="d000.s3110" source="wordnet-bulgarian">
         <instance id="d000.s3110.t000" lemma="готвя" pos="VERB">готвя</instance>
         <wf lemma="месо" pos="X">месо</wf>
         <wf lemma="с" pos="X">с</wf>
         <wf lemma="ориз" pos="X">ориз</wf>
         <wf lemma="." pos="X">.</wf>
      </sentence>
      <sentence id="d000.s3111" source="wordnet-bulgarian">
         <instance id="d000.s3111.t000" lemma="сдружение" pos="NOUN">сдружение</instance>
         <wf lemma="с" pos="X">с</wf>
         <wf lemma="идеална" pos="X">идеална</wf>
         <wf lemma="цел" pos="X">цел</wf>
         <wf lemma="." pos="X">.</wf>
      </sentence>
      <sentence id="d000.s3112" source="wordnet-bulgarian">
         <wf lemma="Време" pos="X">Време</wf>
         <wf lemma="е" pos="X">е</wf>
         <wf lemma="за" pos="X">за</wf>
         <instance id="d000.s3112.t000" lemma="обяд" pos="NOUN">обяд</instance>
         <wf lemma="." pos="X">.</wf>
      </sentence>
      <sentence id="d000.s3113" source="wordnet-bulgarian">
         <wf lemma="Няма" pos="X">Няма</wf>
         <wf lemma="свободни" pos="X">свободни</wf>
         <instance id="d000.s3113.t000" lemma="място" pos="NOUN">места</instance>
         <wf lemma="за" pos="X">за</wf>
         <wf lemma="самолета" pos="X">самолета</wf>
         <wf lemma="." pos="X">.</wf>
      </sentence>
      <sentence id="d000.s3114" source="wordnet-bulgarian">
         <wf lemma="В" pos="X">В</wf>
         <wf lemma="този" pos="X">този</wf>
         <instance id="d000.s3114.t000" lemma="смисъл" pos="NOUN">смисъл</instance>
         <wf lemma="всички" pos="X">всички</wf>
         <wf lemma="са" pos="X">са</wf>
         <wf lemma="виновни" pos="X">виновни</wf>
         <wf lemma="." pos="X">.</wf>
      </sentence>
      <sentence id="d000.s3115" source="wordnet-bulgarian">
         <instance id="d000.s3115.t000" lemma="магазин" pos="NOUN">Магазинът</instance>
         <wf lemma="работи" pos="X">работи</wf>
         <wf lemma="до" pos="X">до</wf>
         <wf lemma="късно" pos="X">късно</wf>
         <wf lemma="." pos="X">.</wf>
      </sentence>
      <sentence id="d000.s3116" source="wordnet-bulgarian">
         <instance id="d000.s3116.t000" lemma="дъска" pos="NOUN">дъска</instance>
         <wf lemma="за" pos="X">за</wf>
         <wf lemma="шах" pos="X">шах</wf>
         <wf lemma="." pos="X">.</wf>
      </sentence>
      <sentence id="d000.s3117" source="wordnet-bulgarian">
         <wf lemma="електронна" pos="X">електронна</wf>
         <instance id="d000.s3117.t000" lemma="таблица" pos="NOUN">таблица</instance>
         <wf lemma="." pos="X">.</wf>
      </sentence>
      <sentence id="d000.s3118" source="wordnet-bulgarian">
         <wf lemma="Бог" pos="X">Бог</wf>
         <wf lemma="да" pos="X">да</wf>
         <wf lemma="благослови" pos="X">благослови</wf>
         <wf lemma="този" pos="X">този</wf>
         <instance id="d000.s3118.t000" lemma="брак" pos="NOUN">брак</instance>
         <wf lemma="." pos="X">.</wf>
      </sentence>
      <sentence id="d000.s3119" source="wordnet-bulgarian">
         <wf lemma="в" pos="X">в</wf>
         <wf lemma="пристъп" pos="X">пристъп</wf>
         <wf lemma="на" pos="X">на</wf>
         <instance id="d000.s3119.t000" lemma="ярост" pos="NOUN">ярост</instance>
         <wf lemma="." pos="X">.</wf>
      </sentence>
      <sentence id="d000.s3120" source="wordnet-bulgarian">
         <wf lemma="обществено" pos="X">обществено</wf>
         <instance id="d000.s3120.t000" lemma="мнение" pos="NOUN">мнение</instance>
         <wf lemma="." pos="X">.</wf>
      </sentence>
      <sentence id="d000.s3121" source="wordnet-bulgarian">
         <wf lemma="мека" pos="X">мека</wf>
         <instance id="d000.s3121.t000" lemma="завивка" pos="NOUN">завивка</instance>
         <wf lemma="." pos="X">.</wf>
      </sentence>
      <sentence id="d000.s3122" source="wordnet-bulgarian">
         <instance id="d000.s3122.t000" lemma="мирис" pos="NOUN">мирис</instance>
         <wf lemma="на" pos="X">на</wf>
         <wf lemma="пролет" pos="X">пролет</wf>
         <wf lemma="." pos="X">.</wf>
      </sentence>
      <sentence id="d000.s3123" source="wordnet-bulgarian">
         <wf lemma="На" pos="X">На</wf>
         <instance id="d000.s3123.t000" lemma="събрание" pos="NOUN">събранието</instance>
         <wf lemma="присъстваха" pos="X">присъстваха</wf>
         <wf lemma="всички" pos="X">всички</wf>
         <wf lemma="членове" pos="X">членове</wf>
         <wf lemma="на" pos="X">на</wf>
         <wf lemma="колектива" pos="X">колектива</wf>
         <wf lemma="." pos="X">.</wf>
      </sentence>
      <sentence id="d000.s3124" source="wordnet-bulgarian">
         <instance id="d000.s3124.t000" lemma="схема" pos="NOUN">схема</instance>
         <wf lemma="на" pos="X">на</wf>
         <wf lemma="урок" pos="X">урок</wf>
         <wf lemma="." pos="X">.</wf>
      </sentence>
      <sentence id="d000.s3125" source="wordnet-bulgarian">
         <wf lemma="задна" pos="X">задна</wf>
         <instance id="d000.s3125.t000" lemma="седалка" pos="NOUN">седалка</instance>
         <wf lemma="на" pos="X">на</wf>
         <wf lemma="кола" pos="X">кола</wf>
         <wf lemma="." pos="X">.</wf>
      </sentence>
      <sentence id="d000.s3126" source="wordnet-bulgarian">
         <instance id="d000.s3126.t000" lemma="поминък" pos="NOUN">Поминъкът</instance>
         <wf lemma="на" pos="X">на</wf>
         <wf lemma="местното" pos="X">местното</wf>
         <wf lemma="население" pos="X">население</wf>
         <wf lemma="е" pos="X">е</wf>
         <wf lemma="земеделието" pos="X">земеделието</wf>
         <wf lemma="." pos="X">.</wf>
      </sentence>
      <sentence id="d000.s3127" source="wordnet-bulgarian">
         <wf lemma="Той" pos="X">Той</wf>
         <wf lemma="никога" pos="X">никога</wf>
         <wf lemma="не" pos="X">не</wf>
         <wf lemma="може" pos="X">може</wf>
         <wf lemma="да" pos="X">да</wf>
         <instance id="d000.s3127.t000" lemma="повторя" pos="VERB">повтори</instance>
         <wf lemma="магическия" pos="X">магическия</wf>
         <wf lemma="си" pos="X">си</wf>
         <wf lemma="трик" pos="X">трик</wf>
         <wf lemma="." pos="X">.</wf>
      </sentence>
      <sentence id="d000.s3128" source="wordnet-bulgarian">
         <wf lemma="Тази" pos="X">Тази</wf>
         <wf lemma="книга" pos="X">книга</wf>
         <instance id="d000.s3128.t000" lemma="принадлежа" pos="VERB">принадлежи</instance>
         <wf lemma="на" pos="X">на</wf>
         <wf lemma="мен" pos="X">мен</wf>
         <wf lemma="." pos="X">.</wf>
      </sentence>
      <sentence id="d000.s3129" source="wordnet-bulgarian">
         <instance id="d000.s3129.t000" lemma="петно" pos="NOUN">петно</instance>
         <wf lemma="от." pos="X">от.</wf>
      </sentence>
      <sentence id="d000.s3130" source="wordnet-bulgarian">
         <wf lemma="телешка" pos="X">телешка</wf>
         <instance id="d000.s3130.t000" lemma="супа" pos="NOUN">супа</instance>
         <wf lemma="." pos="X">.</wf>
      </sentence>
      <sentence id="d000.s3131" source="wordnet-bulgarian">
         <wf lemma="с" pos="X">с</wf>
         <instance id="d000.s3131.t000" lemma="гордост" pos="NOUN">гордост</instance>
         <wf lemma="." pos="X">.</wf>
      </sentence>
      <sentence id="d000.s3132" source="wordnet-bulgarian">
         <instance id="d000.s3132.t000" lemma="преминавам" pos="VERB">преминавам</instance>
         <wf lemma="река" pos="X">река</wf>
         <wf lemma="." pos="X">.</wf>
      </sentence>
      <sentence id="d000.s3133" source="wordnet-bulgarian">
         <wf lemma="тежки" pos="X">тежки</wf>
         <instance id="d000.s3133.t000" lemma="последица" pos="NOUN">последици</instance>
         <wf lemma="." pos="X">.</wf>
      </sentence>
      <sentence id="d000.s3134" source="wordnet-bulgarian">
         <instance id="d000.s3134.t000" lemma="център" pos="NOUN">център</instance>
         <wf lemma="за" pos="X">за</wf>
         <wf lemma="чуждоезиково" pos="X">чуждоезиково</wf>
         <wf lemma="обучение" pos="X">обучение</wf>
         <wf lemma="." pos="X">.</wf>
      </sentence>
      <sentence id="d000.s3135" source="wordnet-bulgarian">
         <wf lemma="наемен" pos="X">наемен</wf>
         <instance id="d000.s3135.t000" lemma="войник" pos="NOUN">войник</instance>
         <wf lemma="." pos="X">.</wf>
      </sentence>
      <sentence id="d000.s3136" source="wordnet-bulgarian">
         <instance id="d000.s3136.t000" lemma="предлагам" pos="VERB">предлагам</instance>
         <wf lemma="услугите" pos="X">услугите</wf>
         <wf lemma="си" pos="X">си</wf>
         <wf lemma="." pos="X">.</wf>
      </sentence>
      <sentence id="d000.s3137" source="wordnet-bulgarian">
         <wf lemma="Те" pos="X">Те</wf>
         <wf lemma="бяха" pos="X">бяха</wf>
         <instance id="d000.s3137.t000" lemma="брат" pos="NOUN">братя</instance>
         <wf lemma="по" pos="X">по</wf>
         <wf lemma="оръжие" pos="X">оръжие</wf>
         <wf lemma="." pos="X">.</wf>
      </sentence>
      <sentence id="d000.s3138" source="wordnet-bulgarian">
         <wf lemma="хващам" pos="X">хващам</wf>
         <instance id="d000.s3138.t000" lemma="топка" pos="NOUN">топката</instance>
         <wf lemma="." pos="X">.</wf>
      </sentence>
      <sentence id="d000.s3139" source="wordnet-bulgarian">
         <wf lemma="велик" pos="X">велик</wf>
         <instance id="d000.s3139.t000" lemma="учен" pos="NOUN">учен</instance>
         <wf lemma="." pos="X">.</wf>
      </sentence>
      <sentence id="d000.s3140" source="wordnet-bulgarian">
         <instance id="d000.s3140.t000" lemma="кражба" pos="NOUN">кражба</instance>
         <wf lemma="на" pos="X">на</wf>
         <wf lemma="автомобил" pos="X">автомобил</wf>
         <wf lemma="." pos="X">.</wf>
      </sentence>
      <sentence id="d000.s3141" source="wordnet-bulgarian">
         <wf lemma="красива" pos="X">красива</wf>
         <instance id="d000.s3141.t000" lemma="кошница" pos="NOUN">кошница</instance>
         <wf lemma="." pos="X">.</wf>
      </sentence>
      <sentence id="d000.s3142" source="wordnet-bulgarian">
         <instance id="d000.s3142.t000" lemma="връх" pos="NOUN">връх</instance>
         <wf lemma="на" pos="X">на</wf>
         <wf lemma="нож" pos="X">нож</wf>
         <wf lemma="." pos="X">.</wf>
      </sentence>
      <sentence id="d000.s3143" source="wordnet-bulgarian">
         <wf lemma="баровски" pos="X">баровски</wf>
         <instance id="d000.s3143.t000" lemma="квартал" pos="NOUN">квартал</instance>
         <wf lemma="." pos="X">.</wf>
      </sentence>
      <sentence id="d000.s3144" source="wordnet-bulgarian">
         <wf lemma="здрав" pos="X">здрав</wf>
         <instance id="d000.s3144.t000" lemma="плат" pos="NOUN">плат</instance>
         <wf lemma="." pos="X">.</wf>
      </sentence>
      <sentence id="d000.s3145" source="wordnet-bulgarian">
         <wf lemma="свежа" pos="X">свежа</wf>
         <instance id="d000.s3145.t000" lemma="кожа" pos="NOUN">кожа</instance>
         <wf lemma="." pos="X">.</wf>
      </sentence>
      <sentence id="d000.s3146" source="wordnet-bulgarian">
         <wf lemma="За" pos="X">За</wf>
         <wf lemma="японците" pos="X">японците</wf>
         <wf lemma="," pos="X">,</wf>
         <wf lemma="които" pos="X">които</wf>
         <wf lemma="ценят" pos="X">ценят</wf>
         <wf lemma="всеки" pos="X">всеки</wf>
         <wf lemma="миг" pos="X">миг</wf>
         <wf lemma="от" pos="X">от</wf>
         <wf lemma="земното" pos="X">земното</wf>
         <wf lemma="си" pos="X">си</wf>
         <instance id="d000.s3146.t000" lemma="битие" pos="NOUN">битие</instance>
         <wf lemma="," pos="X">,</wf>
         <wf lemma="настъпването" pos="X">настъпването</wf>
         <wf lemma="на" pos="X">на</wf>
         <wf lemma="2000" pos="X">2000</wf>
         <wf lemma="г." pos="X">г.</wf>
         <wf lemma="не" pos="X">не</wf>
         <wf lemma="е" pos="X">е</wf>
         <wf lemma="изключително" pos="X">изключително</wf>
         <wf lemma="събитие" pos="X">събитие</wf>
         <wf lemma="." pos="X">.</wf>
      </sentence>
      <sentence id="d000.s3147" source="wordnet-bulgarian">
         <wf lemma="Предадох" pos="X">Предадох</wf>
         <wf lemma="статията" pos="X">статията</wf>
         <wf lemma="в" pos="X">в</wf>
         <wf lemma="завършен" pos="X">завършен</wf>
         <instance id="d000.s3147.t000" lemma="вид" pos="NOUN">вид</instance>
         <wf lemma="." pos="X">.</wf>
      </sentence>
      <sentence id="d000.s3148" source="wordnet-bulgarian">
         <instance id="d000.s3148.t000" lemma="избера" pos="VERB">Избрахме</instance>
         <wf lemma="го" pos="X">го</wf>
         <wf lemma="за" pos="X">за</wf>
         <wf lemma="председател" pos="X">председател</wf>
         <wf lemma="на" pos="X">на</wf>
         <wf lemma="борда" pos="X">борда</wf>
         <wf lemma="на" pos="X">на</wf>
         <wf lemma="директорите" pos="X">директорите</wf>
         <wf lemma="." pos="X">.</wf>
      </sentence>
      <sentence id="d000.s3149" source="wordnet-bulgarian">
         <wf lemma="Завихме" pos="X">Завихме</wf>
         <wf lemma="се" pos="X">се</wf>
         <wf lemma="," pos="X">,</wf>
         <wf lemma="за" pos="X">за</wf>
         <wf lemma="да" pos="X">да</wf>
         <wf lemma="не" pos="X">не</wf>
         <instance id="d000.s3149.t000" lemma="замръзна" pos="VERB">замръзнем</instance>
         <wf lemma="." pos="X">.</wf>
      </sentence>
      <sentence id="d000.s3150" source="wordnet-bulgarian">
         <instance id="d000.s3150.t000" lemma="бар" pos="NOUN">бар</instance>
         <wf lemma="в" pos="X">в</wf>
         <wf lemma="центъра" pos="X">центъра</wf>
         <wf lemma="на" pos="X">на</wf>
         <wf lemma="София" pos="X">София</wf>
         <wf lemma="." pos="X">.</wf>
      </sentence>
      <sentence id="d000.s3151" source="wordnet-bulgarian">
         <wf lemma="търговска" pos="X">търговска</wf>
         <instance id="d000.s3151.t000" lemma="агенция" pos="NOUN">агенция</instance>
         <wf lemma="." pos="X">.</wf>
      </sentence>
      <sentence id="d000.s3152" source="wordnet-bulgarian">
         <wf lemma="Като" pos="X">Като</wf>
         <wf lemma="студентка" pos="X">студентка</wf>
         <wf lemma="изкарвах" pos="X">изкарвах</wf>
         <wf lemma="отлични" pos="X">отлични</wf>
         <wf lemma="оценки" pos="X">оценки</wf>
         <wf lemma="по" pos="X">по</wf>
         <wf lemma="повечено" pos="X">повечено</wf>
         <instance id="d000.s3152.t000" lemma="предмет" pos="NOUN">предмети</instance>
         <wf lemma="." pos="X">.</wf>
      </sentence>
      <sentence id="d000.s3153" source="wordnet-bulgarian">
         <wf lemma="след" pos="X">след</wf>
         <instance id="d000.s3153.t000" lemma="година" pos="NOUN">година</instance>
         <wf lemma="." pos="X">.</wf>
      </sentence>
      <sentence id="d000.s3154" source="wordnet-bulgarian">
         <wf lemma="Културата" pos="X">Културата</wf>
         <wf lemma="е" pos="X">е</wf>
         <wf lemma="резултат" pos="X">резултат</wf>
         <wf lemma="на" pos="X">на</wf>
         <wf lemma="човешката" pos="X">човешката</wf>
         <instance id="d000.s3154.t000" lemma="мисъл" pos="NOUN">мисъл</instance>
         <wf lemma="." pos="X">.</wf>
      </sentence>
      <sentence id="d000.s3155" source="wordnet-bulgarian">
         <wf lemma="бойно" pos="X">бойно</wf>
         <instance id="d000.s3155.t000" lemma="оръжие" pos="NOUN">оръжие</instance>
         <wf lemma="." pos="X">.</wf>
      </sentence>
      <sentence id="d000.s3156" source="wordnet-bulgarian">
         <wf lemma="Обзема" pos="X">Обзема</wf>
         <wf lemma="ме" pos="X">ме</wf>
         <instance id="d000.s3156.t000" lemma="паника" pos="NOUN">паника</instance>
         <wf lemma="." pos="X">.</wf>
      </sentence>
      <sentence id="d000.s3157" source="wordnet-bulgarian">
         <wf lemma="коледни" pos="X">коледни</wf>
         <instance id="d000.s3157.t000" lemma="разпродажба" pos="NOUN">разпродажби</instance>
         <wf lemma="." pos="X">.</wf>
      </sentence>
      <sentence id="d000.s3158" source="wordnet-bulgarian">
         <wf lemma="различни" pos="X">различни</wf>
         <instance id="d000.s3158.t000" lemma="вид" pos="NOUN">видове</instance>
         <wf lemma="гъби" pos="X">гъби</wf>
         <wf lemma="." pos="X">.</wf>
      </sentence>
      <sentence id="d000.s3159" source="wordnet-bulgarian">
         <wf lemma="на" pos="X">на</wf>
         <instance id="d000.s3159.t000" lemma="площад" pos="NOUN">площада</instance>
         <wf lemma="." pos="X">.</wf>
      </sentence>
      <sentence id="d000.s3160" source="wordnet-bulgarian">
         <wf lemma="усещам" pos="X">усещам</wf>
         <instance id="d000.s3160.t000" lemma="отговорност" pos="NOUN">отговорността</instance>
         <wf lemma="си" pos="X">си</wf>
         <wf lemma="." pos="X">.</wf>
      </sentence>
      <sentence id="d000.s3161" source="wordnet-bulgarian">
         <wf lemma="Къде" pos="X">Къде</wf>
         <wf lemma="тука" pos="X">тука</wf>
         <wf lemma="е" pos="X">е</wf>
         <instance id="d000.s3161.t000" lemma="правда" pos="NOUN">правдата</instance>
         <wf lemma="?" pos="X">?</wf>
      </sentence>
      <sentence id="d000.s3162" source="wordnet-bulgarian">
         <wf lemma="нетипичен" pos="X">нетипичен</wf>
         <instance id="d000.s3162.t000" lemma="белег" pos="NOUN">белег</instance>
         <wf lemma="." pos="X">.</wf>
      </sentence>
      <sentence id="d000.s3163" source="wordnet-bulgarian">
         <wf lemma="българско" pos="X">българско</wf>
         <instance id="d000.s3163.t000" lemma="вино" pos="NOUN">вино</instance>
         <wf lemma="." pos="X">.</wf>
      </sentence>
      <sentence id="d000.s3164" source="wordnet-bulgarian">
         <wf lemma="художествена" pos="X">художествена</wf>
         <instance id="d000.s3164.t000" lemma="керамика" pos="NOUN">керамика</instance>
         <wf lemma="." pos="X">.</wf>
      </sentence>
      <sentence id="d000.s3165" source="wordnet-bulgarian">
         <wf lemma="роден" pos="X">роден</wf>
         <instance id="d000.s3165.t000" lemma="език" pos="NOUN">език</instance>
         <wf lemma="." pos="X">.</wf>
      </sentence>
      <sentence id="d000.s3166" source="wordnet-bulgarian">
         <wf lemma="изпускам" pos="X">изпускам</wf>
         <instance id="d000.s3166.t000" lemma="влак" pos="NOUN">влака</instance>
         <wf lemma="." pos="X">.</wf>
      </sentence>
      <sentence id="d000.s3167" source="wordnet-bulgarian">
         <wf lemma="вървя" pos="X">вървя</wf>
         <wf lemma="по" pos="X">по</wf>
         <instance id="d000.s3167.t000" lemma="нагорнище" pos="NOUN">нагорнището</instance>
         <wf lemma="." pos="X">.</wf>
      </sentence>
      <sentence id="d000.s3168" source="wordnet-bulgarian">
         <wf lemma="От" pos="X">От</wf>
         <wf lemma="нея" pos="X">нея</wf>
         <wf lemma="получих" pos="X">получих</wf>
         <instance id="d000.s3168.t000" lemma="бележка" pos="NOUN">бележка</instance>
         <wf lemma="," pos="X">,</wf>
         <wf lemma="че" pos="X">че</wf>
         <wf lemma="ще" pos="X">ще</wf>
         <wf lemma="дойде" pos="X">дойде</wf>
         <wf lemma="." pos="X">.</wf>
      </sentence>
      <sentence id="d000.s3169" source="wordnet-bulgarian">
         <wf lemma="стадо" pos="X">стадо</wf>
         <wf lemma="овце" pos="X">овце</wf>
         <wf lemma="с" pos="X">с</wf>
         <wf lemma="малки" pos="X">малки</wf>
         <instance id="d000.s3169.t000" lemma="агне" pos="NOUN">агнета</instance>
         <wf lemma="." pos="X">.</wf>
      </sentence>
      <sentence id="d000.s3170" source="wordnet-bulgarian">
         <wf lemma="упорито" pos="X">упорито</wf>
         <instance id="d000.s3170.t000" lemma="повторение" pos="NOUN">повторение</instance>
         <wf lemma="." pos="X">.</wf>
      </sentence>
      <sentence id="d000.s3171" source="wordnet-bulgarian">
         <wf lemma="сгъваема" pos="X">сгъваема</wf>
         <instance id="d000.s3171.t000" lemma="кошарка" pos="NOUN">кошарка</instance>
         <wf lemma="." pos="X">.</wf>
      </sentence>
      <sentence id="d000.s3172" source="wordnet-bulgarian">
         <wf lemma="имам" pos="X">имам</wf>
         <instance id="d000.s3172.t000" lemma="разногласие" pos="NOUN">разногласия</instance>
         <wf lemma="с" pos="X">с</wf>
         <wf lemma="децата" pos="X">децата</wf>
         <wf lemma="си" pos="X">си</wf>
         <wf lemma="." pos="X">.</wf>
      </sentence>
      <sentence id="d000.s3173" source="wordnet-bulgarian">
         <instance id="d000.s3173.t000" lemma="усет" pos="NOUN">усет</instance>
         <wf lemma="към" pos="X">към</wf>
         <wf lemma="." pos="X">.</wf>
      </sentence>
      <sentence id="d000.s3174" source="wordnet-bulgarian">
         <wf lemma="Усещаше" pos="X">Усещаше</wf>
         <instance id="d000.s3174.t000" lemma="напрежение" pos="NOUN">напрежение</instance>
         <wf lemma="по" pos="X">по</wf>
         <wf lemma="цялото" pos="X">цялото</wf>
         <wf lemma="си" pos="X">си</wf>
         <wf lemma="тяло" pos="X">тяло</wf>
         <wf lemma="." pos="X">.</wf>
      </sentence>
      <sentence id="d000.s3175" source="wordnet-bulgarian">
         <wf lemma="голямо" pos="X">голямо</wf>
         <instance id="d000.s3175.t000" lemma="съкровище" pos="NOUN">съкровище</instance>
         <wf lemma="." pos="X">.</wf>
      </sentence>
      <sentence id="d000.s3176" source="wordnet-bulgarian">
         <wf lemma="Опитът" pos="X">Опитът</wf>
         <wf lemma="завърши" pos="X">завърши</wf>
         <wf lemma="с" pos="X">с</wf>
         <instance id="d000.s3176.t000" lemma="неуспех" pos="NOUN">неуспех</instance>
         <wf lemma="." pos="X">.</wf>
      </sentence>
      <sentence id="d000.s3177" source="wordnet-bulgarian">
         <wf lemma="учебен" pos="X">учебен</wf>
         <instance id="d000.s3177.t000" lemma="процес" pos="NOUN">процес</instance>
         <wf lemma="." pos="X">.</wf>
      </sentence>
      <sentence id="d000.s3178" source="wordnet-bulgarian">
         <instance id="d000.s3178.t000" lemma="зелен" pos="NOUN">зелена</instance>
         <wf lemma="градина" pos="X">градина</wf>
         <wf lemma="." pos="X">.</wf>
      </sentence>
      <sentence id="d000.s3179" source="wordnet-bulgarian">
         <wf lemma="Той" pos="X">Той</wf>
         <wf lemma="е" pos="X">е</wf>
         <wf lemma="цяло" pos="X">цяло</wf>
         <instance id="d000.s3179.t000" lemma="дете" pos="NOUN">дете</instance>
         <wf lemma="." pos="X">.</wf>
      </sentence>
      <sentence id="d000.s3180" source="wordnet-bulgarian">
         <wf lemma="страшен" pos="X">страшен</wf>
         <instance id="d000.s3180.t000" lemma="дух" pos="NOUN">дух</instance>
         <wf lemma="." pos="X">.</wf>
      </sentence>
      <sentence id="d000.s3181" source="wordnet-bulgarian">
         <wf lemma="на" pos="X">на</wf>
         <wf lemma="една" pos="X">една</wf>
         <instance id="d000.s3181.t000" lemma="крачка" pos="NOUN">крачка</instance>
         <wf lemma="от" pos="X">от</wf>
         <wf lemma="." pos="X">.</wf>
      </sentence>
      <sentence id="d000.s3182" source="wordnet-bulgarian">
         <wf lemma="отронен" pos="X">отронен</wf>
         <instance id="d000.s3182.t000" lemma="лист" pos="NOUN">лист</instance>
         <wf lemma="." pos="X">.</wf>
      </sentence>
      <sentence id="d000.s3183" source="wordnet-bulgarian">
         <wf lemma="структурна" pos="X">структурна</wf>
         <instance id="d000.s3183.t000" lemma="реформа" pos="NOUN">реформа</instance>
         <wf lemma="." pos="X">.</wf>
      </sentence>
      <sentence id="d000.s3184" source="wordnet-bulgarian">
         <wf lemma="за" pos="X">за</wf>
         <instance id="d000.s3184.t000" lemma="зима" pos="NOUN">зимата</instance>
         <wf lemma="." pos="X">.</wf>
      </sentence>
      <sentence id="d000.s3185" source="wordnet-bulgarian">
         <wf lemma="младежи" pos="X">младежи</wf>
         <wf lemma="младша" pos="X">младша</wf>
         <instance id="d000.s3185.t000" lemma="възраст" pos="NOUN">възраст</instance>
         <wf lemma="." pos="X">.</wf>
      </sentence>
      <sentence id="d000.s3186" source="wordnet-bulgarian">
         <wf lemma="категорична" pos="X">категорична</wf>
         <instance id="d000.s3186.t000" lemma="позиция" pos="NOUN">позиция</instance>
         <wf lemma="." pos="X">.</wf>
      </sentence>
      <sentence id="d000.s3187" source="wordnet-bulgarian">
         <instance id="d000.s3187.t000" lemma="таван" pos="NOUN">таван</instance>
         <wf lemma="на" pos="X">на</wf>
         <wf lemma="цените" pos="X">цените</wf>
         <wf lemma="." pos="X">.</wf>
      </sentence>
      <sentence id="d000.s3188" source="wordnet-bulgarian">
         <wf lemma="изказвам" pos="X">изказвам</wf>
         <instance id="d000.s3188.t000" lemma="възхищение" pos="NOUN">възхищението</instance>
         <wf lemma="си" pos="X">си</wf>
         <wf lemma="." pos="X">.</wf>
      </sentence>
      <sentence id="d000.s3189" source="wordnet-bulgarian">
         <wf lemma="Малка" pos="X">Малка</wf>
         <instance id="d000.s3189.t000" lemma="пауза" pos="NOUN">пауза</instance>
         <wf lemma="за" pos="X">за</wf>
         <wf lemma="по" pos="X">по</wf>
         <wf lemma="цигара" pos="X">цигара</wf>
         <wf lemma="." pos="X">.</wf>
      </sentence>
      <sentence id="d000.s3190" source="wordnet-bulgarian">
         <instance id="d000.s3190.t000" lemma="подправям" pos="VERB">подправям</instance>
         <wf lemma="печат" pos="X">печат</wf>
         <wf lemma="." pos="X">.</wf>
      </sentence>
      <sentence id="d000.s3191" source="wordnet-bulgarian">
         <wf lemma="пластмасова" pos="X">пластмасова</wf>
         <instance id="d000.s3191.t000" lemma="седалка" pos="NOUN">седалка</instance>
         <wf lemma="." pos="X">.</wf>
      </sentence>
      <sentence id="d000.s3192" source="wordnet-bulgarian">
         <wf lemma="изказвам" pos="X">изказвам</wf>
         <instance id="d000.s3192.t000" lemma="мнение" pos="NOUN">мнение</instance>
         <wf lemma="." pos="X">.</wf>
      </sentence>
      <sentence id="d000.s3193" source="wordnet-bulgarian">
         <instance id="d000.s3193.t000" lemma="отделение" pos="NOUN">отделение</instance>
         <wf lemma="за" pos="X">за</wf>
         <wf lemma="пари" pos="X">пари</wf>
         <wf lemma="." pos="X">.</wf>
      </sentence>
      <sentence id="d000.s3194" source="wordnet-bulgarian">
         <wf lemma="давам" pos="X">давам</wf>
         <instance id="d000.s3194.t000" lemma="насока" pos="NOUN">насоки</instance>
         <wf lemma="." pos="X">.</wf>
      </sentence>
      <sentence id="d000.s3195" source="wordnet-bulgarian">
         <wf lemma="Колата" pos="X">Колата</wf>
         <wf lemma="развива" pos="X">развива</wf>
         <wf lemma="висока" pos="X">висока</wf>
         <instance id="d000.s3195.t000" lemma="скорост" pos="NOUN">скорост</instance>
         <wf lemma="." pos="X">.</wf>
      </sentence>
      <sentence id="d000.s3196" source="wordnet-bulgarian">
         <instance id="d000.s3196.t000" lemma="виня" pos="VERB">Виня</instance>
         <wf lemma="го" pos="X">го</wf>
         <wf lemma="за" pos="X">за</wf>
         <wf lemma="много" pos="X">много</wf>
         <wf lemma="неща" pos="X">неща</wf>
         <wf lemma="." pos="X">.</wf>
      </sentence>
      <sentence id="d000.s3197" source="wordnet-bulgarian">
         <wf lemma="приятна" pos="X">приятна</wf>
         <instance id="d000.s3197.t000" lemma="външност" pos="NOUN">външност</instance>
         <wf lemma="." pos="X">.</wf>
      </sentence>
      <sentence id="d000.s3198" source="wordnet-bulgarian">
         <wf lemma="Изкачих" pos="X">Изкачих</wf>
         <wf lemma="още" pos="X">още</wf>
         <wf lemma="едно" pos="X">едно</wf>
         <instance id="d000.s3198.t000" lemma="стъпало" pos="NOUN">стъпало</instance>
         <wf lemma="." pos="X">.</wf>
      </sentence>
      <sentence id="d000.s3199" source="wordnet-bulgarian">
         <wf lemma="впервам" pos="X">впервам</wf>
         <instance id="d000.s3199.t000" lemma="поглед" pos="NOUN">поглед</instance>
         <wf lemma="в." pos="X">в.</wf>
      </sentence>
      <sentence id="d000.s3200" source="wordnet-bulgarian">
         <wf lemma="пълна" pos="X">пълна</wf>
         <instance id="d000.s3200.t000" lemma="обърканост" pos="NOUN">обърканост</instance>
         <wf lemma="." pos="X">.</wf>
      </sentence>
      <sentence id="d000.s3201" source="wordnet-bulgarian">
         <wf lemma="писмен" pos="X">писмен</wf>
         <instance id="d000.s3201.t000" lemma="език" pos="NOUN">език</instance>
         <wf lemma="." pos="X">.</wf>
      </sentence>
      <sentence id="d000.s3202" source="wordnet-bulgarian">
         <instance id="d000.s3202.t000" lemma="категория" pos="NOUN">категория</instance>
         <wf lemma="време" pos="X">време</wf>
         <wf lemma="." pos="X">.</wf>
      </sentence>
      <sentence id="d000.s3203" source="wordnet-bulgarian">
         <wf lemma="воден" pos="X">воден</wf>
         <instance id="d000.s3203.t000" lemma="разтвор" pos="NOUN">разтвор</instance>
         <wf lemma="." pos="X">.</wf>
      </sentence>
      <sentence id="d000.s3204" source="wordnet-bulgarian">
         <wf lemma="спортно" pos="X">спортно</wf>
         <instance id="d000.s3204.t000" lemma="оръжие" pos="NOUN">оръжие</instance>
         <wf lemma="." pos="X">.</wf>
      </sentence>
      <sentence id="d000.s3205" source="wordnet-bulgarian">
         <wf lemma="пълна" pos="X">пълна</wf>
         <instance id="d000.s3205.t000" lemma="солидарност" pos="NOUN">солидарност</instance>
         <wf lemma="." pos="X">.</wf>
      </sentence>
      <sentence id="d000.s3206" source="wordnet-bulgarian">
         <wf lemma="свалям" pos="X">свалям</wf>
         <instance id="d000.s3206.t000" lemma="перде" pos="NOUN">перде</instance>
         <wf lemma="." pos="X">.</wf>
      </sentence>
      <sentence id="d000.s3207" source="wordnet-bulgarian">
         <wf lemma="возя" pos="X">возя</wf>
         <wf lemma="се" pos="X">се</wf>
         <wf lemma="в" pos="X">в</wf>
         <instance id="d000.s3207.t000" lemma="асансьор" pos="NOUN">асансьор</instance>
         <wf lemma="." pos="X">.</wf>
      </sentence>
      <sentence id="d000.s3208" source="wordnet-bulgarian">
         <instance id="d000.s3208.t000" lemma="доставям" pos="VERB">доставям</instance>
         <wf lemma="строителни" pos="X">строителни</wf>
         <wf lemma="материали" pos="X">материали</wf>
         <wf lemma="." pos="X">.</wf>
      </sentence>
      <sentence id="d000.s3209" source="wordnet-bulgarian">
         <instance id="d000.s3209.t000" lemma="консерва" pos="NOUN">Консервата</instance>
         <wf lemma="," pos="X">,</wf>
         <wf lemma="която" pos="X">която</wf>
         <wf lemma="отворих" pos="X">отворих</wf>
         <wf lemma="беше" pos="X">беше</wf>
         <wf lemma="развалена" pos="X">развалена</wf>
         <wf lemma="." pos="X">.</wf>
      </sentence>
      <sentence id="d000.s3210" source="wordnet-bulgarian">
         <wf lemma="В" pos="X">В</wf>
         <instance id="d000.s3210.t000" lemma="резултат" pos="NOUN">резултат</instance>
         <wf lemma="на" pos="X">на</wf>
         <wf lemma="това" pos="X">това</wf>
         <wf lemma="всеки" pos="X">всеки</wf>
         <wf lemma="получи" pos="X">получи</wf>
         <wf lemma="своето" pos="X">своето</wf>
         <wf lemma="." pos="X">.</wf>
      </sentence>
      <sentence id="d000.s3211" source="wordnet-bulgarian">
         <wf lemma="Той" pos="X">Той</wf>
         <instance id="d000.s3211.t000" lemma="рисувам" pos="VERB">рисува</instance>
         <wf lemma="всеки" pos="X">всеки</wf>
         <wf lemma="ден" pos="X">ден</wf>
         <wf lemma="." pos="X">.</wf>
      </sentence>
      <sentence id="d000.s3212" source="wordnet-bulgarian">
         <wf lemma="Ти" pos="X">Ти</wf>
         <wf lemma="имаш" pos="X">имаш</wf>
         <wf lemma="ли" pos="X">ли</wf>
         <instance id="d000.s3212.t000" lemma="съвест" pos="NOUN">съвест</instance>
         <wf lemma="?" pos="X">?</wf>
      </sentence>
      <sentence id="d000.s3213" source="wordnet-bulgarian">
         <wf lemma="приемам" pos="X">приемам</wf>
         <instance id="d000.s3213.t000" lemma="стока" pos="NOUN">стока</instance>
         <wf lemma="." pos="X">.</wf>
      </sentence>
      <sentence id="d000.s3214" source="wordnet-bulgarian">
         <wf lemma="детски" pos="X">детски</wf>
         <instance id="d000.s3214.t000" lemma="болест" pos="NOUN">болести</instance>
         <wf lemma="." pos="X">.</wf>
      </sentence>
      <sentence id="d000.s3215" source="wordnet-bulgarian">
         <wf lemma="капиталово" pos="X">капиталово</wf>
         <instance id="d000.s3215.t000" lemma="вложение" pos="NOUN">вложение</instance>
         <wf lemma="." pos="X">.</wf>
      </sentence>
      <sentence id="d000.s3216" source="wordnet-bulgarian">
         <instance id="d000.s3216.t000" lemma="ръб" pos="NOUN">ръб</instance>
         <wf lemma="на" pos="X">на</wf>
         <wf lemma="кутия" pos="X">кутия</wf>
         <wf lemma="." pos="X">.</wf>
      </sentence>
      <sentence id="d000.s3217" source="wordnet-bulgarian">
         <wf lemma="страшни" pos="X">страшни</wf>
         <instance id="d000.s3217.t000" lemma="мъка" pos="NOUN">мъки</instance>
         <wf lemma="." pos="X">.</wf>
      </sentence>
      <sentence id="d000.s3218" source="wordnet-bulgarian">
         <wf lemma="вековна" pos="X">вековна</wf>
         <instance id="d000.s3218.t000" lemma="гора" pos="NOUN">гора</instance>
         <wf lemma="." pos="X">.</wf>
      </sentence>
      <sentence id="d000.s3219" source="wordnet-bulgarian">
         <wf lemma="пълно" pos="X">пълно</wf>
         <instance id="d000.s3219.t000" lemma="отчаяние" pos="NOUN">отчаяние</instance>
         <wf lemma="." pos="X">.</wf>
      </sentence>
      <sentence id="d000.s3220" source="wordnet-bulgarian">
         <wf lemma="Национална" pos="X">Национална</wf>
         <instance id="d000.s3220.t000" lemma="агенция" pos="NOUN">агенция</instance>
         <wf lemma="за" pos="X">за</wf>
         <wf lemma="приходите" pos="X">приходите</wf>
         <wf lemma="." pos="X">.</wf>
      </sentence>
      <sentence id="d000.s3221" source="wordnet-bulgarian">
         <instance id="d000.s3221.t000" lemma="скрин" pos="NOUN">скрин</instance>
         <wf lemma="от" pos="X">от</wf>
         <wf lemma="масив" pos="X">масив</wf>
         <wf lemma="." pos="X">.</wf>
      </sentence>
      <sentence id="d000.s3222" source="wordnet-bulgarian">
         <instance id="d000.s3222.t000" lemma="овца" pos="NOUN">Овцата</instance>
         <wf lemma="дава" pos="X">дава</wf>
         <wf lemma="мляко" pos="X">мляко</wf>
         <wf lemma="." pos="X">.</wf>
      </sentence>
      <sentence id="d000.s3223" source="wordnet-bulgarian">
         <wf lemma="давам" pos="X">давам</wf>
         <instance id="d000.s3223.t000" lemma="одобрение" pos="NOUN">одобрението</instance>
         <wf lemma="си" pos="X">си</wf>
         <wf lemma="за" pos="X">за</wf>
         <wf lemma="." pos="X">.</wf>
      </sentence>
      <sentence id="d000.s3224" source="wordnet-bulgarian">
         <wf lemma="обхванат" pos="X">обхванат</wf>
         <wf lemma="от" pos="X">от</wf>
         <instance id="d000.s3224.t000" lemma="страст" pos="NOUN">страст</instance>
         <wf lemma="." pos="X">.</wf>
      </sentence>
      <sentence id="d000.s3225" source="wordnet-bulgarian">
         <wf lemma="Някой" pos="X">Някой</wf>
         <wf lemma="ще" pos="X">ще</wf>
         <wf lemma="вдигне" pos="X">вдигне</wf>
         <wf lemma="ли" pos="X">ли</wf>
         <instance id="d000.s3225.t000" lemma="телефон" pos="NOUN">телефона</instance>
         <wf lemma="?" pos="X">?</wf>
      </sentence>
      <sentence id="d000.s3226" source="wordnet-bulgarian">
         <instance id="d000.s3226.t000" lemma="загуба" pos="NOUN">загуба</instance>
         <wf lemma="на" pos="X">на</wf>
         <wf lemma="кръв" pos="X">кръв</wf>
         <wf lemma="." pos="X">.</wf>
      </sentence>
      <sentence id="d000.s3227" source="wordnet-bulgarian">
         <wf lemma="Часът" pos="X">Часът</wf>
         <wf lemma="започна" pos="X">започна</wf>
         <wf lemma="с" pos="X">с</wf>
         <instance id="d000.s3227.t000" lemma="преговор" pos="NOUN">преговор</instance>
         <wf lemma="на" pos="X">на</wf>
         <wf lemma="стария" pos="X">стария</wf>
         <wf lemma="материал" pos="X">материал</wf>
         <wf lemma="." pos="X">.</wf>
      </sentence>
      <sentence id="d000.s3228" source="wordnet-bulgarian">
         <wf lemma="парче" pos="X">парче</wf>
         <wf lemma="от" pos="X">от</wf>
         <instance id="d000.s3228.t000" lemma="огледало" pos="NOUN">огледало</instance>
         <wf lemma="." pos="X">.</wf>
      </sentence>
      <sentence id="d000.s3229" source="wordnet-bulgarian">
         <wf lemma="обществена" pos="X">обществена</wf>
         <instance id="d000.s3229.t000" lemma="кухня" pos="NOUN">кухня</instance>
         <wf lemma="." pos="X">.</wf>
      </sentence>
      <sentence id="d000.s3230" source="wordnet-bulgarian">
         <wf lemma="товарна" pos="X">товарна</wf>
         <instance id="d000.s3230.t000" lemma="кола" pos="NOUN">кола</instance>
         <wf lemma="." pos="X">.</wf>
      </sentence>
      <sentence id="d000.s3231" source="wordnet-bulgarian">
         <wf lemma="висок" pos="X">висок</wf>
         <instance id="d000.s3231.t000" lemma="комин" pos="NOUN">комин</instance>
         <wf lemma="." pos="X">.</wf>
      </sentence>
      <sentence id="d000.s3232" source="wordnet-bulgarian">
         <wf lemma="Имаме" pos="X">Имаме</wf>
         <instance id="d000.s3232.t000" lemma="къртица" pos="NOUN">къртица</instance>
         <wf lemma="в" pos="X">в</wf>
         <wf lemma="двора" pos="X">двора</wf>
         <wf lemma="." pos="X">.</wf>
      </sentence>
      <sentence id="d000.s3233" source="wordnet-bulgarian">
         <wf lemma="Качвам" pos="X">Качвам</wf>
         <wf lemma="по" pos="X">по</wf>
         <wf lemma="две" pos="X">две</wf>
         <instance id="d000.s3233.t000" lemma="стъпало" pos="NOUN">стъпала</instance>
         <wf lemma="наведнъж" pos="X">наведнъж</wf>
         <wf lemma="." pos="X">.</wf>
      </sentence>
      <sentence id="d000.s3234" source="wordnet-bulgarian">
         <wf lemma="каменният" pos="X">каменният</wf>
         <instance id="d000.s3234.t000" lemma="век" pos="NOUN">век</instance>
         <wf lemma="." pos="X">.</wf>
      </sentence>
      <sentence id="d000.s3235" source="wordnet-bulgarian">
         <instance id="d000.s3235.t000" lemma="лист" pos="NOUN">лист</instance>
         <wf lemma="за" pos="X">за</wf>
         <wf lemma="рисуване" pos="X">рисуване</wf>
         <wf lemma="." pos="X">.</wf>
      </sentence>
      <sentence id="d000.s3236" source="wordnet-bulgarian">
         <wf lemma="любим" pos="X">любим</wf>
         <instance id="d000.s3236.t000" lemma="човек" pos="NOUN">човек</instance>
         <wf lemma="." pos="X">.</wf>
      </sentence>
      <sentence id="d000.s3237" source="wordnet-bulgarian">
         <wf lemma="Превръзки" pos="X">Превръзки</wf>
         <wf lemma="и" pos="X">и</wf>
         <wf lemma="инжекции" pos="X">инжекции</wf>
         <wf lemma="правят" pos="X">правят</wf>
         <instance id="d000.s3237.t000" lemma="сестра" pos="NOUN">сестрите</instance>
         <wf lemma="." pos="X">.</wf>
      </sentence>
      <sentence id="d000.s3238" source="wordnet-bulgarian">
         <wf lemma="пия" pos="X">пия</wf>
         <wf lemma="ог" pos="X">ог</wf>
         <instance id="d000.s3238.t000" lemma="бутилка" pos="NOUN">бутилка</instance>
         <wf lemma="." pos="X">.</wf>
      </sentence>
      <sentence id="d000.s3239" source="wordnet-bulgarian">
         <wf lemma="лека" pos="X">лека</wf>
         <instance id="d000.s3239.t000" lemma="присъда" pos="NOUN">присъда</instance>
         <wf lemma="." pos="X">.</wf>
      </sentence>
      <sentence id="d000.s3240" source="wordnet-bulgarian">
         <wf lemma="порцеланов" pos="X">порцеланов</wf>
         <instance id="d000.s3240.t000" lemma="чайник" pos="NOUN">чайник</instance>
         <wf lemma="." pos="X">.</wf>
      </sentence>
      <sentence id="d000.s3241" source="wordnet-bulgarian">
         <instance id="d000.s3241.t000" lemma="намалявам" pos="VERB">намалявам</instance>
         <wf lemma="себестойност" pos="X">себестойност</wf>
         <wf lemma="." pos="X">.</wf>
      </sentence>
      <sentence id="d000.s3242" source="wordnet-bulgarian">
         <wf lemma="моля" pos="X">моля</wf>
         <wf lemma="се" pos="X">се</wf>
         <wf lemma="в" pos="X">в</wf>
         <instance id="d000.s3242.t000" lemma="църква" pos="NOUN">църква</instance>
         <wf lemma="." pos="X">.</wf>
      </sentence>
      <sentence id="d000.s3243" source="wordnet-bulgarian">
         <wf lemma="намирам" pos="X">намирам</wf>
         <instance id="d000.s3243.t000" lemma="приют" pos="NOUN">приют</instance>
         <wf lemma="." pos="X">.</wf>
      </sentence>
      <sentence id="d000.s3244" source="wordnet-bulgarian">
         <wf lemma="безгрижно" pos="X">безгрижно</wf>
         <instance id="d000.s3244.t000" lemma="детство" pos="NOUN">детство</instance>
         <wf lemma="." pos="X">.</wf>
      </sentence>
      <sentence id="d000.s3245" source="wordnet-bulgarian">
         <instance id="d000.s3245.t000" lemma="грижа" pos="NOUN">грижи</instance>
         <wf lemma="за" pos="X">за</wf>
         <wf lemma="животните" pos="X">животните</wf>
         <wf lemma="." pos="X">.</wf>
      </sentence>
      <sentence id="d000.s3246" source="wordnet-bulgarian">
         <wf lemma="Не" pos="X">Не</wf>
         <wf lemma="стойте" pos="X">стойте</wf>
         <wf lemma="на" pos="X">на</wf>
         <wf lemma="сянка" pos="X">сянка</wf>
         <wf lemma="," pos="X">,</wf>
         <wf lemma="ами" pos="X">ами</wf>
         <wf lemma="елате" pos="X">елате</wf>
         <wf lemma="на" pos="X">на</wf>
         <instance id="d000.s3246.t000" lemma="слънце" pos="NOUN">слънце</instance>
         <wf lemma="." pos="X">.</wf>
      </sentence>
      <sentence id="d000.s3247" source="wordnet-bulgarian">
         <wf lemma="Това" pos="X">Това</wf>
         <wf lemma="е" pos="X">е</wf>
         <wf lemma="само" pos="X">само</wf>
         <instance id="d000.s3247.t000" lemma="аванс" pos="NOUN">аванс</instance>
         <wf lemma="." pos="X">.</wf>
         <wf lemma="Като" pos="X">Като</wf>
         <wf lemma="свършиш" pos="X">свършиш</wf>
         <wf lemma="работата" pos="X">работата</wf>
         <wf lemma="ще" pos="X">ще</wf>
         <wf lemma="получиш" pos="X">получиш</wf>
         <wf lemma="и" pos="X">и</wf>
         <wf lemma="останалата" pos="X">останалата</wf>
         <wf lemma="сума" pos="X">сума</wf>
         <wf lemma="." pos="X">.</wf>
      </sentence>
      <sentence id="d000.s3248" source="wordnet-bulgarian">
         <wf lemma="последна" pos="X">последна</wf>
         <instance id="d000.s3248.t000" lemma="любов" pos="NOUN">любов</instance>
         <wf lemma="." pos="X">.</wf>
      </sentence>
      <sentence id="d000.s3249" source="wordnet-bulgarian">
         <wf lemma="Обичам" pos="X">Обичам</wf>
         <wf lemma="да" pos="X">да</wf>
         <wf lemma="разглеждам" pos="X">разглеждам</wf>
         <wf lemma="стари" pos="X">стари</wf>
         <instance id="d000.s3249.t000" lemma="снимка" pos="NOUN">снимки</instance>
         <wf lemma="." pos="X">.</wf>
      </sentence>
      <sentence id="d000.s3250" source="wordnet-bulgarian">
         <wf lemma="Имам" pos="X">Имам</wf>
         <wf lemma="готов" pos="X">готов</wf>
         <instance id="d000.s3250.t000" lemma="сценарий" pos="NOUN">сценарий</instance>
         <wf lemma="при" pos="X">при</wf>
         <wf lemma="нужда" pos="X">нужда</wf>
         <wf lemma="." pos="X">.</wf>
      </sentence>
      <sentence id="d000.s3251" source="wordnet-bulgarian">
         <wf lemma="До" pos="X">До</wf>
         <wf lemma="морето" pos="X">морето</wf>
         <wf lemma="ще" pos="X">ще</wf>
         <wf lemma="пътувам" pos="X">пътувам</wf>
         <wf lemma="с" pos="X">с</wf>
         <instance id="d000.s3251.t000" lemma="влак" pos="NOUN">влак</instance>
         <wf lemma="." pos="X">.</wf>
      </sentence>
      <sentence id="d000.s3252" source="wordnet-bulgarian">
         <wf lemma="силен" pos="X">силен</wf>
         <instance id="d000.s3252.t000" lemma="удар" pos="NOUN">удар</instance>
         <wf lemma="." pos="X">.</wf>
      </sentence>
      <sentence id="d000.s3253" source="wordnet-bulgarian">
         <wf lemma="няколко" pos="X">няколко</wf>
         <instance id="d000.s3253.t000" lemma="крачка" pos="NOUN">крачки</instance>
         <wf lemma="." pos="X">.</wf>
      </sentence>
      <sentence id="d000.s3254" source="wordnet-bulgarian">
         <wf lemma="трепна" pos="X">трепна</wf>
         <wf lemma="ми" pos="X">ми</wf>
         <instance id="d000.s3254.t000" lemma="душа" pos="NOUN">душата</instance>
         <wf lemma="." pos="X">.</wf>
      </sentence>
      <sentence id="d000.s3255" source="wordnet-bulgarian">
         <wf lemma="държа" pos="X">държа</wf>
         <wf lemma="в" pos="X">в</wf>
         <instance id="d000.s3255.t000" lemma="ръка" pos="NOUN">ръцете</instance>
         <wf lemma="си" pos="X">си</wf>
         <wf lemma="." pos="X">.</wf>
      </sentence>
      <sentence id="d000.s3256" source="wordnet-bulgarian">
         <wf lemma="в" pos="X">в</wf>
         <wf lemma="началото" pos="X">началото</wf>
         <wf lemma="на" pos="X">на</wf>
         <instance id="d000.s3256.t000" lemma="месец" pos="NOUN">месеца</instance>
         <wf lemma="." pos="X">.</wf>
      </sentence>
      <sentence id="d000.s3257" source="wordnet-bulgarian">
         <wf lemma="защитна" pos="X">защитна</wf>
         <instance id="d000.s3257.t000" lemma="маска" pos="NOUN">маска</instance>
         <wf lemma="." pos="X">.</wf>
      </sentence>
      <sentence id="d000.s3258" source="wordnet-bulgarian">
         <wf lemma="дамско" pos="X">дамско</wf>
         <instance id="d000.s3258.t000" lemma="бельо" pos="NOUN">бельо</instance>
         <wf lemma="." pos="X">.</wf>
      </sentence>
      <sentence id="d000.s3259" source="wordnet-bulgarian">
         <wf lemma="давам" pos="X">давам</wf>
         <wf lemma="пълни" pos="X">пълни</wf>
         <instance id="d000.s3259.t000" lemma="право" pos="NOUN">права</instance>
         <wf lemma="на" pos="X">на</wf>
         <wf lemma="." pos="X">.</wf>
      </sentence>
      <sentence id="d000.s3260" source="wordnet-bulgarian">
         <wf lemma="сърдечна" pos="X">сърдечна</wf>
         <instance id="d000.s3260.t000" lemma="операция" pos="NOUN">операция</instance>
         <wf lemma="." pos="X">.</wf>
      </sentence>
      <sentence id="d000.s3261" source="wordnet-bulgarian">
         <instance id="d000.s3261.t000" lemma="заседание" pos="NOUN">заседание</instance>
         <wf lemma="на" pos="X">на</wf>
         <wf lemma="парламентарната" pos="X">парламентарната</wf>
         <wf lemma="група" pos="X">група</wf>
         <wf lemma="." pos="X">.</wf>
      </sentence>
      <sentence id="d000.s3262" source="wordnet-bulgarian">
         <instance id="d000.s3262.t000" lemma="светилище" pos="NOUN">светилище</instance>
         <wf lemma="на" pos="X">на</wf>
         <wf lemma="Аполон" pos="X">Аполон</wf>
         <wf lemma="." pos="X">.</wf>
      </sentence>
      <sentence id="d000.s3263" source="wordnet-bulgarian">
         <instance id="d000.s3263.t000" lemma="тека" pos="VERB">Тече</instance>
         <wf lemma="ми" pos="X">ми</wf>
         <wf lemma="кръв" pos="X">кръв</wf>
         <wf lemma="от" pos="X">от</wf>
         <wf lemma="носа" pos="X">носа</wf>
         <wf lemma="." pos="X">.</wf>
      </sentence>
      <sentence id="d000.s3264" source="wordnet-bulgarian">
         <wf lemma="Постоянен" pos="X">Постоянен</wf>
         <instance id="d000.s3264.t000" lemma="ток" pos="NOUN">ток</instance>
         <wf lemma="." pos="X">.</wf>
      </sentence>
      <sentence id="d000.s3265" source="wordnet-bulgarian">
         <wf lemma="футболна" pos="X">футболна</wf>
         <instance id="d000.s3265.t000" lemma="звезда" pos="NOUN">звезда</instance>
         <wf lemma="." pos="X">.</wf>
      </sentence>
      <sentence id="d000.s3266" source="wordnet-bulgarian">
         <wf lemma="лекувам" pos="X">лекувам</wf>
         <instance id="d000.s3266.t000" lemma="рана" pos="NOUN">раната</instance>
         <wf lemma="си" pos="X">си</wf>
         <wf lemma="." pos="X">.</wf>
      </sentence>
      <sentence id="d000.s3267" source="wordnet-bulgarian">
         <wf lemma="Един" pos="X">Един</wf>
         <wf lemma="кораб" pos="X">кораб</wf>
         <wf lemma="бавно" pos="X">бавно</wf>
         <wf lemma="премна" pos="X">премна</wf>
         <wf lemma="по" pos="X">по</wf>
         <wf lemma="тихите" pos="X">тихите</wf>
         <wf lemma="води" pos="X">води</wf>
         <wf lemma="на" pos="X">на</wf>
         <instance id="d000.s3267.t000" lemma="канал" pos="NOUN">канала</instance>
         <wf lemma="." pos="X">.</wf>
      </sentence>
      <sentence id="d000.s3268" source="wordnet-bulgarian">
         <wf lemma="широк" pos="X">широк</wf>
         <instance id="d000.s3268.t000" lemma="панталон" pos="NOUN">панталон</instance>
         <wf lemma="." pos="X">.</wf>
      </sentence>
      <sentence id="d000.s3269" source="wordnet-bulgarian">
         <instance id="d000.s3269.t000" lemma="почитам" pos="VERB">Почитаме</instance>
         <wf lemma="паметта" pos="X">паметта</wf>
         <wf lemma="на" pos="X">на</wf>
         <wf lemma="жертвите" pos="X">жертвите</wf>
         <wf lemma="на" pos="X">на</wf>
         <wf lemma="Руско-турската" pos="X">Руско-турската</wf>
         <wf lemma="освободителна" pos="X">освободителна</wf>
         <wf lemma="война" pos="X">война</wf>
         <wf lemma="." pos="X">.</wf>
      </sentence>
      <sentence id="d000.s3270" source="wordnet-bulgarian">
         <wf lemma="българско" pos="X">българско</wf>
         <instance id="d000.s3270.t000" lemma="потекло" pos="NOUN">потекло</instance>
         <wf lemma="." pos="X">.</wf>
      </sentence>
      <sentence id="d000.s3271" source="wordnet-bulgarian">
         <wf lemma="Отивам" pos="X">Отивам</wf>
         <wf lemma="у" pos="X">у</wf>
         <instance id="d000.s3271.t000" lemma="комшия" pos="NOUN">комшиите</instance>
         <wf lemma="." pos="X">.</wf>
      </sentence>
      <sentence id="d000.s3272" source="wordnet-bulgarian">
         <wf lemma="Господ" pos="X">Господ</wf>
         <wf lemma="да" pos="X">да</wf>
         <wf lemma="ми" pos="X">ми</wf>
         <wf lemma="е" pos="X">е</wf>
         <wf lemma="на" pos="X">на</wf>
         <instance id="d000.s3272.t000" lemma="помощ" pos="NOUN">помощ</instance>
         <wf lemma="!" pos="X">!</wf>
      </sentence>
      <sentence id="d000.s3273" source="wordnet-bulgarian">
         <instance id="d000.s3273.t000" lemma="свържа" pos="VERB">Свържете</instance>
         <wf lemma="двата" pos="X">двата</wf>
         <wf lemma="високоговорителя" pos="X">високоговорителя</wf>
         <wf lemma="." pos="X">.</wf>
      </sentence>
      <sentence id="d000.s3274" source="wordnet-bulgarian">
         <wf lemma="отрицателни" pos="X">отрицателни</wf>
         <instance id="d000.s3274.t000" lemma="качество" pos="NOUN">качества</instance>
         <wf lemma="." pos="X">.</wf>
      </sentence>
      <sentence id="d000.s3275" source="wordnet-bulgarian">
         <wf lemma="хромозомна" pos="X">хромозомна</wf>
         <instance id="d000.s3275.t000" lemma="мутация" pos="NOUN">мутация</instance>
         <wf lemma="." pos="X">.</wf>
      </sentence>
      <sentence id="d000.s3276" source="wordnet-bulgarian">
         <instance id="d000.s3276.t000" lemma="подтик" pos="NOUN">подтик</instance>
         <wf lemma="към" pos="X">към</wf>
         <wf lemma="работа" pos="X">работа</wf>
         <wf lemma="." pos="X">.</wf>
      </sentence>
      <sentence id="d000.s3277" source="wordnet-bulgarian">
         <instance id="d000.s3277.t000" lemma="плувам" pos="VERB">плувам</instance>
         <wf lemma="под" pos="X">под</wf>
         <wf lemma="вода" pos="X">вода</wf>
         <wf lemma="." pos="X">.</wf>
      </sentence>
      <sentence id="d000.s3278" source="wordnet-bulgarian">
         <wf lemma="необозримо" pos="X">необозримо</wf>
         <instance id="d000.s3278.t000" lemma="бъдеще" pos="NOUN">бъдеще</instance>
         <wf lemma="." pos="X">.</wf>
      </sentence>
      <sentence id="d000.s3279" source="wordnet-bulgarian">
         <wf lemma="пресно" pos="X">пресно</wf>
         <instance id="d000.s3279.t000" lemma="сирене" pos="NOUN">сирене</instance>
         <wf lemma="." pos="X">.</wf>
      </sentence>
      <sentence id="d000.s3280" source="wordnet-bulgarian">
         <wf lemma="човек" pos="X">човек</wf>
         <wf lemma="с" pos="X">с</wf>
         <wf lemma="едър" pos="X">едър</wf>
         <instance id="d000.s3280.t000" lemma="кокал" pos="NOUN">кокал</instance>
         <wf lemma="." pos="X">.</wf>
      </sentence>
      <sentence id="d000.s3281" source="wordnet-bulgarian">
         <wf lemma="паля" pos="X">паля</wf>
         <wf lemma="свещ" pos="X">свещ</wf>
         <wf lemma="в" pos="X">в</wf>
         <instance id="d000.s3281.t000" lemma="църква" pos="NOUN">църква</instance>
         <wf lemma="." pos="X">.</wf>
      </sentence>
      <sentence id="d000.s3282" source="wordnet-bulgarian">
         <wf lemma="продавам" pos="X">продавам</wf>
         <instance id="d000.s3282.t000" lemma="мебел" pos="NOUN">мебели</instance>
         <wf lemma="." pos="X">.</wf>
      </sentence>
      <sentence id="d000.s3283" source="wordnet-bulgarian">
         <instance id="d000.s3283.t000" lemma="курс" pos="NOUN">Курсът</instance>
         <wf lemma="продължи" pos="X">продължи</wf>
         <wf lemma="три" pos="X">три</wf>
         <wf lemma="месеца" pos="X">месеца</wf>
         <wf lemma="." pos="X">.</wf>
      </sentence>
      <sentence id="d000.s3284" source="wordnet-bulgarian">
         <wf lemma="Чудя" pos="X">Чудя</wf>
         <wf lemma="се" pos="X">се</wf>
         <wf lemma="на" pos="X">на</wf>
         <wf lemma="кого" pos="X">кого</wf>
         <wf lemma="да" pos="X">да</wf>
         <instance id="d000.s3284.t000" lemma="завещая" pos="VERB">завещая</instance>
         <wf lemma="къщата" pos="X">къщата</wf>
         <wf lemma="си" pos="X">си</wf>
         <wf lemma="." pos="X">.</wf>
      </sentence>
      <sentence id="d000.s3285" source="wordnet-bulgarian">
         <wf lemma="стройно" pos="X">стройно</wf>
         <instance id="d000.s3285.t000" lemma="тяло" pos="NOUN">тяло</instance>
         <wf lemma="." pos="X">.</wf>
      </sentence>
      <sentence id="d000.s3286" source="wordnet-bulgarian">
         <wf lemma="буйна" pos="X">буйна</wf>
         <instance id="d000.s3286.t000" lemma="растителност" pos="NOUN">растителност</instance>
         <wf lemma="." pos="X">.</wf>
      </sentence>
      <sentence id="d000.s3287" source="wordnet-bulgarian">
         <wf lemma="частна" pos="X">частна</wf>
         <instance id="d000.s3287.t000" lemma="собственост" pos="NOUN">собственост</instance>
         <wf lemma="." pos="X">.</wf>
      </sentence>
      <sentence id="d000.s3288" source="wordnet-bulgarian">
         <wf lemma="поемам" pos="X">поемам</wf>
         <instance id="d000.s3288.t000" lemma="отговорност" pos="NOUN">отговорност</instance>
         <wf lemma="." pos="X">.</wf>
      </sentence>
      <sentence id="d000.s3289" source="wordnet-bulgarian">
         <wf lemma="заслужено" pos="X">заслужено</wf>
         <instance id="d000.s3289.t000" lemma="наказание" pos="NOUN">наказание</instance>
         <wf lemma="." pos="X">.</wf>
      </sentence>
      <sentence id="d000.s3290" source="wordnet-bulgarian">
         <instance id="d000.s3290.t000" lemma="магазин" pos="NOUN">Магазинът</instance>
         <wf lemma="е" pos="X">е</wf>
         <wf lemma="затворен" pos="X">затворен</wf>
         <wf lemma="." pos="X">.</wf>
      </sentence>
      <sentence id="d000.s3291" source="wordnet-bulgarian">
         <wf lemma="спокоен" pos="X">спокоен</wf>
         <instance id="d000.s3291.t000" lemma="квартал" pos="NOUN">квартал</instance>
         <wf lemma="." pos="X">.</wf>
      </sentence>
      <sentence id="d000.s3292" source="wordnet-bulgarian">
         <instance id="d000.s3292.t000" lemma="овца" pos="NOUN">Овцата</instance>
         <wf lemma="блееше" pos="X">блееше</wf>
         <wf lemma="жално" pos="X">жално</wf>
         <wf lemma="." pos="X">.</wf>
      </sentence>
      <sentence id="d000.s3293" source="wordnet-bulgarian">
         <wf lemma="стара" pos="X">стара</wf>
         <instance id="d000.s3293.t000" lemma="генерация" pos="NOUN">генерация</instance>
         <wf lemma="." pos="X">.</wf>
      </sentence>
      <sentence id="d000.s3294" source="wordnet-bulgarian">
         <instance id="d000.s3294.t000" lemma="монарх" pos="NOUN">монарх</instance>
         <wf lemma="на" pos="X">на</wf>
         <wf lemma="." pos="X">.</wf>
      </sentence>
      <sentence id="d000.s3295" source="wordnet-bulgarian">
         <instance id="d000.s3295.t000" lemma="разрешавам" pos="VERB">разрешавам</instance>
         <wf lemma="спор." pos="X">спор.</wf>
      </sentence>
      <sentence id="d000.s3296" source="wordnet-bulgarian">
         <wf lemma="таен" pos="X">таен</wf>
         <instance id="d000.s3296.t000" lemma="списък" pos="NOUN">списък</instance>
         <wf lemma="." pos="X">.</wf>
      </sentence>
      <sentence id="d000.s3297" source="wordnet-bulgarian">
         <wf lemma="закон" pos="X">закон</wf>
         <wf lemma="за" pos="X">за</wf>
         <wf lemma="изменение" pos="X">изменение</wf>
         <wf lemma="и" pos="X">и</wf>
         <instance id="d000.s3297.t000" lemma="допълнение" pos="NOUN">допълнение</instance>
         <wf lemma="на" pos="X">на</wf>
         <wf lemma="." pos="X">.</wf>
      </sentence>
      <sentence id="d000.s3298" source="wordnet-bulgarian">
         <wf lemma="ниска" pos="X">ниска</wf>
         <instance id="d000.s3298.t000" lemma="нота" pos="NOUN">нота</instance>
         <wf lemma="." pos="X">.</wf>
      </sentence>
      <sentence id="d000.s3299" source="wordnet-bulgarian">
         <wf lemma="лек" pos="X">лек</wf>
         <instance id="d000.s3299.t000" lemma="характер" pos="NOUN">характер</instance>
         <wf lemma="." pos="X">.</wf>
      </sentence>
      <sentence id="d000.s3300" source="wordnet-bulgarian">
         <wf lemma="ще" pos="X">ще</wf>
         <wf lemma="държим" pos="X">държим</wf>
         <instance id="d000.s3300.t000" lemma="връзка" pos="NOUN">връзка</instance>
         <wf lemma="." pos="X">.</wf>
      </sentence>
      <sentence id="d000.s3301" source="wordnet-bulgarian">
         <wf lemma="театрален" pos="X">театрален</wf>
         <instance id="d000.s3301.t000" lemma="салон" pos="NOUN">салон</instance>
         <wf lemma="." pos="X">.</wf>
      </sentence>
      <sentence id="d000.s3302" source="wordnet-bulgarian">
         <wf lemma="голф" pos="X">голф</wf>
         <instance id="d000.s3302.t000" lemma="клуб" pos="NOUN">клуб</instance>
         <wf lemma="." pos="X">.</wf>
      </sentence>
      <sentence id="d000.s3303" source="wordnet-bulgarian">
         <instance id="d000.s3303.t000" lemma="пълня" pos="VERB">пълня</instance>
         <wf lemma="пушка" pos="X">пушка</wf>
         <wf lemma="." pos="X">.</wf>
      </sentence>
      <sentence id="d000.s3304" source="wordnet-bulgarian">
         <wf lemma="новогодишно" pos="X">новогодишно</wf>
         <instance id="d000.s3304.t000" lemma="тържество" pos="NOUN">тържество</instance>
         <wf lemma="." pos="X">.</wf>
      </sentence>
      <sentence id="d000.s3305" source="wordnet-bulgarian">
         <wf lemma="първокласен" pos="X">първокласен</wf>
         <instance id="d000.s3305.t000" lemma="артист" pos="NOUN">артист</instance>
         <wf lemma="." pos="X">.</wf>
      </sentence>
      <sentence id="d000.s3306" source="wordnet-bulgarian">
         <instance id="d000.s3306.t000" lemma="паркирам" pos="VERB">Паркирах</instance>
         <wf lemma="колата" pos="X">колата</wf>
         <wf lemma="на" pos="X">на</wf>
         <wf lemma="забранено" pos="X">забранено</wf>
         <wf lemma="място" pos="X">място</wf>
         <wf lemma="." pos="X">.</wf>
      </sentence>
      <sentence id="d000.s3307" source="wordnet-bulgarian">
         <instance id="d000.s3307.t000" lemma="край" pos="NOUN">Краят</instance>
         <wf lemma="на" pos="X">на</wf>
         <wf lemma="блатото" pos="X">блатото</wf>
         <wf lemma="се" pos="X">се</wf>
         <wf lemma="губеше" pos="X">губеше</wf>
         <wf lemma="в" pos="X">в</wf>
         <wf lemma="непрогледната" pos="X">непрогледната</wf>
         <wf lemma="тъмнина" pos="X">тъмнина</wf>
         <wf lemma="." pos="X">.</wf>
      </sentence>
      <sentence id="d000.s3308" source="wordnet-bulgarian">
         <wf lemma="Какво" pos="X">Какво</wf>
         <instance id="d000.s3308.t000" lemma="образование" pos="NOUN">образование</instance>
         <wf lemma="имаш" pos="X">имаш</wf>
         <wf lemma="?" pos="X">?</wf>
      </sentence>
      <sentence id="d000.s3309" source="wordnet-bulgarian">
         <wf lemma="през" pos="X">през</wf>
         <wf lemma="една" pos="X">една</wf>
         <wf lemma="лятна" pos="X">лятна</wf>
         <instance id="d000.s3309.t000" lemma="нощ" pos="NOUN">нощ</instance>
         <wf lemma="." pos="X">.</wf>
      </sentence>
      <sentence id="d000.s3310" source="wordnet-bulgarian">
         <wf lemma="хидроизолация" pos="X">хидроизолация</wf>
         <wf lemma="на" pos="X">на</wf>
         <instance id="d000.s3310.t000" lemma="балкон" pos="NOUN">балкон</instance>
         <wf lemma="." pos="X">.</wf>
      </sentence>
      <sentence id="d000.s3311" source="wordnet-bulgarian">
         <wf lemma="морски" pos="X">морски</wf>
         <instance id="d000.s3311.t000" lemma="пейзаж" pos="NOUN">пейзаж</instance>
         <wf lemma="." pos="X">.</wf>
      </sentence>
      <sentence id="d000.s3312" source="wordnet-bulgarian">
         <instance id="d000.s3312.t000" lemma="забутам" pos="VERB">Забутал</instance>
         <wf lemma="съм" pos="X">съм</wf>
         <wf lemma="някъде" pos="X">някъде</wf>
         <wf lemma="ножчето" pos="X">ножчето</wf>
         <wf lemma="и" pos="X">и</wf>
         <wf lemma="не" pos="X">не</wf>
         <wf lemma="мога" pos="X">мога</wf>
         <wf lemma="да" pos="X">да</wf>
         <wf lemma="го" pos="X">го</wf>
         <wf lemma="намеря" pos="X">намеря</wf>
         <wf lemma="." pos="X">.</wf>
      </sentence>
      <sentence id="d000.s3313" source="wordnet-bulgarian">
         <wf lemma="умствена" pos="X">умствена</wf>
         <instance id="d000.s3313.t000" lemma="работа" pos="NOUN">работа</instance>
         <wf lemma="." pos="X">.</wf>
      </sentence>
      <sentence id="d000.s3314" source="wordnet-bulgarian">
         <wf lemma="зла" pos="X">зла</wf>
         <instance id="d000.s3314.t000" lemma="орис" pos="NOUN">орис</instance>
         <wf lemma="." pos="X">.</wf>
      </sentence>
      <sentence id="d000.s3315" source="wordnet-bulgarian">
         <wf lemma="проявявам" pos="X">проявявам</wf>
         <instance id="d000.s3315.t000" lemma="въображение" pos="NOUN">въображение</instance>
         <wf lemma="в." pos="X">в.</wf>
      </sentence>
      <sentence id="d000.s3316" source="wordnet-bulgarian">
         <wf lemma="зависи" pos="X">зависи</wf>
         <wf lemma="от" pos="X">от</wf>
         <instance id="d000.s3316.t000" lemma="време" pos="NOUN">времето</instance>
         <wf lemma="." pos="X">.</wf>
      </sentence>
      <sentence id="d000.s3317" source="wordnet-bulgarian">
         <wf lemma="борсов" pos="X">борсов</wf>
         <instance id="d000.s3317.t000" lemma="агент" pos="NOUN">агент</instance>
         <wf lemma="." pos="X">.</wf>
      </sentence>
      <sentence id="d000.s3318" source="wordnet-bulgarian">
         <wf lemma="Един" pos="X">Един</wf>
         <wf lemma="път" pos="X">път</wf>
         <wf lemma="в" pos="X">в</wf>
         <wf lemma="седмицата" pos="X">седмицата</wf>
         <instance id="d000.s3318.t000" lemma="готвя" pos="VERB">готвя</instance>
         <wf lemma="риба" pos="X">риба</wf>
         <wf lemma="." pos="X">.</wf>
      </sentence>
      <sentence id="d000.s3319" source="wordnet-bulgarian">
         <wf lemma="разучавам" pos="X">разучавам</wf>
         <instance id="d000.s3319.t000" lemma="роля" pos="NOUN">роля</instance>
         <wf lemma="." pos="X">.</wf>
      </sentence>
      <sentence id="d000.s3320" source="wordnet-bulgarian">
         <wf lemma="близо" pos="X">близо</wf>
         <instance id="d000.s3320.t000" lemma="година" pos="NOUN">година</instance>
         <wf lemma="." pos="X">.</wf>
      </sentence>
      <sentence id="d000.s3321" source="wordnet-bulgarian">
         <wf lemma="спортна" pos="X">спортна</wf>
         <instance id="d000.s3321.t000" lemma="пушка" pos="NOUN">пушка</instance>
         <wf lemma="." pos="X">.</wf>
      </sentence>
      <sentence id="d000.s3322" source="wordnet-bulgarian">
         <instance id="d000.s3322.t000" lemma="текст" pos="NOUN">Текстът</instance>
         <wf lemma="се" pos="X">се</wf>
         <wf lemma="състоеше" pos="X">състоеше</wf>
         <wf lemma="от" pos="X">от</wf>
         <wf lemma="хиляди" pos="X">хиляди</wf>
         <wf lemma="думи" pos="X">думи</wf>
         <wf lemma="." pos="X">.</wf>
      </sentence>
      <sentence id="d000.s3323" source="wordnet-bulgarian">
         <wf lemma="смъртоносна" pos="X">смъртоносна</wf>
         <instance id="d000.s3323.t000" lemma="доза" pos="NOUN">доза</instance>
         <wf lemma="." pos="X">.</wf>
      </sentence>
      <sentence id="d000.s3324" source="wordnet-bulgarian">
         <wf lemma="дребен" pos="X">дребен</wf>
         <instance id="d000.s3324.t000" lemma="земевладелец" pos="NOUN">земевладелец</instance>
         <wf lemma="." pos="X">.</wf>
      </sentence>
      <sentence id="d000.s3325" source="wordnet-bulgarian">
         <wf lemma="изключвам" pos="X">изключвам</wf>
         <instance id="d000.s3325.t000" lemma="аларма" pos="NOUN">аларма</instance>
         <wf lemma="." pos="X">.</wf>
      </sentence>
      <sentence id="d000.s3326" source="wordnet-bulgarian">
         <instance id="d000.s3326.t000" lemma="боядисвам" pos="VERB">боядисвам</instance>
         <wf lemma="коса" pos="X">коса</wf>
         <wf lemma="." pos="X">.</wf>
      </sentence>
      <sentence id="d000.s3327" source="wordnet-bulgarian">
         <wf lemma="покривам" pos="X">покривам</wf>
         <instance id="d000.s3327.t000" lemma="разноски" pos="NOUN">разноските</instance>
         <wf lemma="по." pos="X">по.</wf>
      </sentence>
      <sentence id="d000.s3328" source="wordnet-bulgarian">
         <wf lemma="пощенски" pos="X">пощенски</wf>
         <instance id="d000.s3328.t000" lemma="плик" pos="NOUN">плик</instance>
         <wf lemma="." pos="X">.</wf>
      </sentence>
      <sentence id="d000.s3329" source="wordnet-bulgarian">
         <wf lemma="тапициран" pos="X">тапициран</wf>
         <instance id="d000.s3329.t000" lemma="стол" pos="NOUN">стол</instance>
         <wf lemma="." pos="X">.</wf>
      </sentence>
      <sentence id="d000.s3330" source="wordnet-bulgarian">
         <wf lemma="Той" pos="X">Той</wf>
         <wf lemma="рядко" pos="X">рядко</wf>
         <wf lemma="оставаше" pos="X">оставаше</wf>
         <wf lemma="без" pos="X">без</wf>
         <instance id="d000.s3330.t000" lemma="гост" pos="NOUN">гости</instance>
         <wf lemma="в" pos="X">в</wf>
         <wf lemma="събота" pos="X">събота</wf>
         <wf lemma="." pos="X">.</wf>
      </sentence>
      <sentence id="d000.s3331" source="wordnet-bulgarian">
         <wf lemma="доведен" pos="X">доведен</wf>
         <instance id="d000.s3331.t000" lemma="брат" pos="NOUN">брат</instance>
         <wf lemma="." pos="X">.</wf>
      </sentence>
      <sentence id="d000.s3332" source="wordnet-bulgarian">
         <instance id="d000.s3332.t000" lemma="чакам" pos="VERB">чакам</instance>
         <wf lemma="пред" pos="X">пред</wf>
         <wf lemma="магазина" pos="X">магазина</wf>
         <wf lemma="." pos="X">.</wf>
      </sentence>
      <sentence id="d000.s3333" source="wordnet-bulgarian">
         <wf lemma="обаждам" pos="X">обаждам</wf>
         <wf lemma="се" pos="X">се</wf>
         <wf lemma="по" pos="X">по</wf>
         <instance id="d000.s3333.t000" lemma="телефон" pos="NOUN">телефона</instance>
         <wf lemma="." pos="X">.</wf>
      </sentence>
      <sentence id="d000.s3334" source="wordnet-bulgarian">
         <wf lemma="Иска" pos="X">Иска</wf>
         <wf lemma="да" pos="X">да</wf>
         <instance id="d000.s3334.t000" lemma="привлека" pos="VERB">привлече</instance>
         <wf lemma="вниманието" pos="X">вниманието</wf>
         <wf lemma="на" pos="X">на</wf>
         <wf lemma="публиката" pos="X">публиката</wf>
         <wf lemma="." pos="X">.</wf>
      </sentence>
      <sentence id="d000.s3335" source="wordnet-bulgarian">
         <instance id="d000.s3335.t000" lemma="играя" pos="VERB">играя</instance>
         <wf lemma="на" pos="X">на</wf>
         <wf lemma="." pos="X">.</wf>
      </sentence>
      <sentence id="d000.s3336" source="wordnet-bulgarian">
         <wf lemma="задължителна" pos="X">задължителна</wf>
         <instance id="d000.s3336.t000" lemma="застраховка" pos="NOUN">застраховка</instance>
         <wf lemma="." pos="X">.</wf>
      </sentence>
      <sentence id="d000.s3337" source="wordnet-bulgarian">
         <wf lemma="прекъсвам" pos="X">прекъсвам</wf>
         <instance id="d000.s3337.t000" lemma="дейност" pos="NOUN">дейността</instance>
         <wf lemma="на" pos="X">на</wf>
         <wf lemma="." pos="X">.</wf>
      </sentence>
      <sentence id="d000.s3338" source="wordnet-bulgarian">
         <wf lemma="Станал" pos="X">Станал</wf>
         <wf lemma="съм" pos="X">съм</wf>
         <wf lemma="по-свободен" pos="X">по-свободен</wf>
         <wf lemma="в" pos="X">в</wf>
         <instance id="d000.s3338.t000" lemma="отношение" pos="NOUN">отношенията</instance>
         <wf lemma="си" pos="X">си</wf>
         <wf lemma="към" pos="X">към</wf>
         <wf lemma="хората" pos="X">хората</wf>
         <wf lemma="." pos="X">.</wf>
      </sentence>
      <sentence id="d000.s3339" source="wordnet-bulgarian">
         <instance id="d000.s3339.t000" lemma="конфликт" pos="NOUN">конфликт</instance>
         <wf lemma="между" pos="X">между</wf>
         <wf lemma="приятели" pos="X">приятели</wf>
         <wf lemma="." pos="X">.</wf>
      </sentence>
      <sentence id="d000.s3340" source="wordnet-bulgarian">
         <wf lemma="отпускам" pos="X">отпускам</wf>
         <instance id="d000.s3340.t000" lemma="пръст" pos="NOUN">пръсти</instance>
         <wf lemma="." pos="X">.</wf>
      </sentence>
      <sentence id="d000.s3341" source="wordnet-bulgarian">
         <wf lemma="Много" pos="X">Много</wf>
         <wf lemma="от" pos="X">от</wf>
         <instance id="d000.s3341.t000" lemma="керемида" pos="NOUN">керемидите</instance>
         <wf lemma="на" pos="X">на</wf>
         <wf lemma="покрива" pos="X">покрива</wf>
         <wf lemma="бяха" pos="X">бяха</wf>
         <wf lemma="изпочупени" pos="X">изпочупени</wf>
         <wf lemma="." pos="X">.</wf>
      </sentence>
      <sentence id="d000.s3342" source="wordnet-bulgarian">
         <wf lemma="гледам" pos="X">гледам</wf>
         <wf lemma="полета" pos="X">полета</wf>
         <wf lemma="на" pos="X">на</wf>
         <instance id="d000.s3342.t000" lemma="птица" pos="NOUN">птица</instance>
         <wf lemma="." pos="X">.</wf>
      </sentence>
      <sentence id="d000.s3343" source="wordnet-bulgarian">
         <wf lemma="душевен" pos="X">душевен</wf>
         <instance id="d000.s3343.t000" lemma="комфорт" pos="NOUN">комфорт</instance>
         <wf lemma="." pos="X">.</wf>
      </sentence>
      <sentence id="d000.s3344" source="wordnet-bulgarian">
         <wf lemma="Време" pos="X">Време</wf>
         <wf lemma="е" pos="X">е</wf>
         <wf lemma="за" pos="X">за</wf>
         <instance id="d000.s3344.t000" lemma="жътва" pos="NOUN">жътва</instance>
         <wf lemma="." pos="X">.</wf>
      </sentence>
      <sentence id="d000.s3345" source="wordnet-bulgarian">
         <instance id="d000.s3345.t000" lemma="ремонт" pos="NOUN">ремонт</instance>
         <wf lemma="на" pos="X">на</wf>
         <wf lemma="сграда" pos="X">сграда</wf>
         <wf lemma="." pos="X">.</wf>
      </sentence>
      <sentence id="d000.s3346" source="wordnet-bulgarian">
         <wf lemma="неустойчиво" pos="X">неустойчиво</wf>
         <instance id="d000.s3346.t000" lemma="време" pos="NOUN">време</instance>
         <wf lemma="." pos="X">.</wf>
      </sentence>
      <sentence id="d000.s3347" source="wordnet-bulgarian">
         <wf lemma="външна" pos="X">външна</wf>
         <instance id="d000.s3347.t000" lemma="търговия" pos="NOUN">търговия</instance>
         <wf lemma="." pos="X">.</wf>
      </sentence>
      <sentence id="d000.s3348" source="wordnet-bulgarian">
         <wf lemma="Цялото" pos="X">Цялото</wf>
         <instance id="d000.s3348.t000" lemma="село" pos="NOUN">село</instance>
         <wf lemma="излезе" pos="X">излезе</wf>
         <wf lemma="да" pos="X">да</wf>
         <wf lemma="посрещне" pos="X">посрещне</wf>
         <wf lemma="гостите" pos="X">гостите</wf>
         <wf lemma="." pos="X">.</wf>
      </sentence>
      <sentence id="d000.s3349" source="wordnet-bulgarian">
         <wf lemma="Не" pos="X">Не</wf>
         <instance id="d000.s3349.t000" lemma="понасям" pos="VERB">понасям</instance>
         <wf lemma="честите" pos="X">честите</wf>
         <wf lemma="му" pos="X">му</wf>
         <wf lemma="истерии" pos="X">истерии</wf>
         <wf lemma="." pos="X">.</wf>
      </sentence>
      <sentence id="d000.s3350" source="wordnet-bulgarian">
         <wf lemma="давам" pos="X">давам</wf>
         <instance id="d000.s3350.t000" lemma="оценка" pos="NOUN">оценка</instance>
         <wf lemma="на" pos="X">на</wf>
         <wf lemma="." pos="X">.</wf>
      </sentence>
      <sentence id="d000.s3351" source="wordnet-bulgarian">
         <wf lemma="рафинирана" pos="X">рафинирана</wf>
         <instance id="d000.s3351.t000" lemma="захар" pos="NOUN">захар</instance>
         <wf lemma="." pos="X">.</wf>
      </sentence>
      <sentence id="d000.s3352" source="wordnet-bulgarian">
         <wf lemma="продавам" pos="X">продавам</wf>
         <instance id="d000.s3352.t000" lemma="парцел" pos="NOUN">парцел</instance>
         <wf lemma="." pos="X">.</wf>
      </sentence>
      <sentence id="d000.s3353" source="wordnet-bulgarian">
         <instance id="d000.s3353.t000" lemma="избирам" pos="VERB">избирам</instance>
         <wf lemma="обувки" pos="X">обувки</wf>
         <wf lemma="." pos="X">.</wf>
      </sentence>
      <sentence id="d000.s3354" source="wordnet-bulgarian">
         <wf lemma="подвижна" pos="X">подвижна</wf>
         <instance id="d000.s3354.t000" lemma="сцена" pos="NOUN">сцена</instance>
         <wf lemma="." pos="X">.</wf>
      </sentence>
      <sentence id="d000.s3355" source="wordnet-bulgarian">
         <wf lemma="чета" pos="X">чета</wf>
         <instance id="d000.s3355.t000" lemma="вестник" pos="NOUN">вестник</instance>
         <wf lemma="." pos="X">.</wf>
      </sentence>
      <sentence id="d000.s3356" source="wordnet-bulgarian">
         <wf lemma="Каква" pos="X">Каква</wf>
         <wf lemma="е" pos="X">е</wf>
         <wf lemma="вашата" pos="X">вашата</wf>
         <instance id="d000.s3356.t000" lemma="роля" pos="NOUN">роля</instance>
         <wf lemma="в" pos="X">в</wf>
         <wf lemma="отбора" pos="X">отбора</wf>
         <wf lemma="?" pos="X">?</wf>
      </sentence>
      <sentence id="d000.s3357" source="wordnet-bulgarian">
         <instance id="d000.s3357.t000" lemma="заключа" pos="VERB">Заключих</instance>
         <wf lemma="го" pos="X">го</wf>
         <wf lemma="в" pos="X">в</wf>
         <wf lemma="стаята" pos="X">стаята</wf>
         <wf lemma="." pos="X">.</wf>
      </sentence>
      <sentence id="d000.s3358" source="wordnet-bulgarian">
         <wf lemma="уча" pos="X">уча</wf>
         <instance id="d000.s3358.t000" lemma="медицина" pos="NOUN">медицина</instance>
         <wf lemma="в." pos="X">в.</wf>
      </sentence>
      <sentence id="d000.s3359" source="wordnet-bulgarian">
         <wf lemma="моторизирана" pos="X">моторизирана</wf>
         <instance id="d000.s3359.t000" lemma="армия" pos="NOUN">армия</instance>
         <wf lemma="." pos="X">.</wf>
      </sentence>
      <sentence id="d000.s3360" source="wordnet-bulgarian">
         <wf lemma="известен" pos="X">известен</wf>
         <instance id="d000.s3360.t000" lemma="историк" pos="NOUN">историк</instance>
         <wf lemma="." pos="X">.</wf>
      </sentence>
      <sentence id="d000.s3361" source="wordnet-bulgarian">
         <wf lemma="правя" pos="X">правя</wf>
         <instance id="d000.s3361.t000" lemma="презентация" pos="NOUN">презентация</instance>
         <wf lemma="." pos="X">.</wf>
      </sentence>
      <sentence id="d000.s3362" source="wordnet-bulgarian">
         <wf lemma="боли" pos="X">боли</wf>
         <wf lemma="ме" pos="X">ме</wf>
         <instance id="d000.s3362.t000" lemma="пръст" pos="NOUN">пръстът</instance>
         <wf lemma="." pos="X">.</wf>
      </sentence>
      <sentence id="d000.s3363" source="wordnet-bulgarian">
         <wf lemma="Откриват" pos="X">Откриват</wf>
         <wf lemma="се" pos="X">се</wf>
         <wf lemma="широки" pos="X">широки</wf>
         <instance id="d000.s3363.t000" lemma="възможност" pos="NOUN">възможности</instance>
         <wf lemma="пред" pos="X">пред</wf>
         <wf lemma="него" pos="X">него</wf>
         <wf lemma="." pos="X">.</wf>
      </sentence>
      <sentence id="d000.s3364" source="wordnet-bulgarian">
         <wf lemma="с" pos="X">с</wf>
         <wf lemma="ограничен" pos="X">ограничен</wf>
         <instance id="d000.s3364.t000" lemma="достъп" pos="NOUN">достъп</instance>
         <wf lemma="." pos="X">.</wf>
      </sentence>
      <sentence id="d000.s3365" source="wordnet-bulgarian">
         <wf lemma="любимо" pos="X">любимо</wf>
         <instance id="d000.s3365.t000" lemma="животно" pos="NOUN">животно</instance>
         <wf lemma="." pos="X">.</wf>
      </sentence>
      <sentence id="d000.s3366" source="wordnet-bulgarian">
         <wf lemma="попадам" pos="X">попадам</wf>
         <wf lemma="в" pos="X">в</wf>
         <instance id="d000.s3366.t000" lemma="уловка" pos="NOUN">уловка</instance>
         <wf lemma="." pos="X">.</wf>
      </sentence>
      <sentence id="d000.s3367" source="wordnet-bulgarian">
         <wf lemma="Купих" pos="X">Купих</wf>
         <wf lemma="си" pos="X">си</wf>
         <wf lemma="нови" pos="X">нови</wf>
         <instance id="d000.s3367.t000" lemma="карта" pos="NOUN">карти</instance>
         <wf lemma="." pos="X">.</wf>
      </sentence>
      <sentence id="d000.s3368" source="wordnet-bulgarian">
         <wf lemma="идейна" pos="X">идейна</wf>
         <instance id="d000.s3368.t000" lemma="позиция" pos="NOUN">позиция</instance>
         <wf lemma="." pos="X">.</wf>
      </sentence>
      <sentence id="d000.s3369" source="wordnet-bulgarian">
         <wf lemma="имам" pos="X">имам</wf>
         <instance id="d000.s3369.t000" lemma="информатор" pos="NOUN">информатор</instance>
         <wf lemma="." pos="X">.</wf>
      </sentence>
      <sentence id="d000.s3370" source="wordnet-bulgarian">
         <wf lemma="ясна" pos="X">ясна</wf>
         <instance id="d000.s3370.t000" lemma="формулировка" pos="NOUN">формулировка</instance>
         <wf lemma="." pos="X">.</wf>
      </sentence>
      <sentence id="d000.s3371" source="wordnet-bulgarian">
         <wf lemma="ходя" pos="X">ходя</wf>
         <wf lemma="на" pos="X">на</wf>
         <wf lemma="работа" pos="X">работа</wf>
         <wf lemma="с" pos="X">с</wf>
         <instance id="d000.s3371.t000" lemma="колело" pos="NOUN">колело</instance>
         <wf lemma="." pos="X">.</wf>
      </sentence>
      <sentence id="d000.s3372" source="wordnet-bulgarian">
         <wf lemma="получавам" pos="X">получавам</wf>
         <instance id="d000.s3372.t000" lemma="сведение" pos="NOUN">сведения</instance>
         <wf lemma="за" pos="X">за</wf>
         <wf lemma="." pos="X">.</wf>
      </sentence>
      <sentence id="d000.s3373" source="wordnet-bulgarian">
         <wf lemma="хирургическа" pos="X">хирургическа</wf>
         <instance id="d000.s3373.t000" lemma="операция" pos="NOUN">операция</instance>
         <wf lemma="." pos="X">.</wf>
      </sentence>
      <sentence id="d000.s3374" source="wordnet-bulgarian">
         <wf lemma="Ти" pos="X">Ти</wf>
         <wf lemma="предаде" pos="X">предаде</wf>
         <instance id="d000.s3374.t000" lemma="доверие" pos="NOUN">доверието</instance>
         <wf lemma="ми" pos="X">ми</wf>
         <wf lemma="." pos="X">.</wf>
      </sentence>
      <sentence id="d000.s3375" source="wordnet-bulgarian">
         <wf lemma="произнасям" pos="X">произнасям</wf>
         <instance id="d000.s3375.t000" lemma="присъда" pos="NOUN">присъда</instance>
         <wf lemma="." pos="X">.</wf>
      </sentence>
      <sentence id="d000.s3376" source="wordnet-bulgarian">
         <instance id="d000.s3376.t000" lemma="пепел" pos="NOUN">пепел</instance>
         <wf lemma="от" pos="X">от</wf>
         <wf lemma="." pos="X">.</wf>
      </sentence>
      <sentence id="d000.s3377" source="wordnet-bulgarian">
         <wf lemma="голяма" pos="X">голяма</wf>
         <instance id="d000.s3377.t000" lemma="небрежност" pos="NOUN">небрежност</instance>
         <wf lemma="." pos="X">.</wf>
      </sentence>
      <sentence id="d000.s3378" source="wordnet-bulgarian">
         <wf lemma="Силна" pos="X">Силна</wf>
         <wf lemma="буря" pos="X">буря</wf>
         <instance id="d000.s3378.t000" lemma="клатя" pos="VERB">клатеше</instance>
         <wf lemma="дъба" pos="X">дъба</wf>
         <wf lemma="насам-нататък" pos="X">насам-нататък</wf>
         <wf lemma="." pos="X">.</wf>
      </sentence>
      <sentence id="d000.s3379" source="wordnet-bulgarian">
         <wf lemma="Той" pos="X">Той</wf>
         <wf lemma="заслужава" pos="X">заслужава</wf>
         <instance id="d000.s3379.t000" lemma="доверие" pos="NOUN">доверието</instance>
         <wf lemma="ми" pos="X">ми</wf>
         <wf lemma="." pos="X">.</wf>
      </sentence>
      <sentence id="d000.s3380" source="wordnet-bulgarian">
         <wf lemma="гъста" pos="X">гъста</wf>
         <instance id="d000.s3380.t000" lemma="трева" pos="NOUN">трева</instance>
         <wf lemma="." pos="X">.</wf>
      </sentence>
      <sentence id="d000.s3381" source="wordnet-bulgarian">
         <wf lemma="стара" pos="X">стара</wf>
         <instance id="d000.s3381.t000" lemma="монета" pos="NOUN">монета</instance>
         <wf lemma="." pos="X">.</wf>
      </sentence>
      <sentence id="d000.s3382" source="wordnet-bulgarian">
         <instance id="d000.s3382.t000" lemma="текст" pos="NOUN">текст</instance>
         <wf lemma="на" pos="X">на</wf>
         <wf lemma="песен" pos="X">песен</wf>
         <wf lemma="." pos="X">.</wf>
      </sentence>
      <sentence id="d000.s3383" source="wordnet-bulgarian">
         <wf lemma="по" pos="X">по</wf>
         <wf lemma="време" pos="X">време</wf>
         <wf lemma="на" pos="X">на</wf>
         <instance id="d000.s3383.t000" lemma="запис" pos="NOUN">запис</instance>
         <wf lemma="." pos="X">.</wf>
      </sentence>
      <sentence id="d000.s3384" source="wordnet-bulgarian">
         <wf lemma="добра" pos="X">добра</wf>
         <instance id="d000.s3384.t000" lemma="дъщеря" pos="NOUN">дъщеря</instance>
         <wf lemma="." pos="X">.</wf>
      </sentence>
      <sentence id="d000.s3385" source="wordnet-bulgarian">
         <wf lemma="хирургически" pos="X">хирургически</wf>
         <instance id="d000.s3385.t000" lemma="инструмент" pos="NOUN">инструменти</instance>
         <wf lemma="." pos="X">.</wf>
      </sentence>
      <sentence id="d000.s3386" source="wordnet-bulgarian">
         <wf lemma="огледална" pos="X">огледална</wf>
         <instance id="d000.s3386.t000" lemma="повърхност" pos="NOUN">повърхност</instance>
         <wf lemma="." pos="X">.</wf>
      </sentence>
      <sentence id="d000.s3387" source="wordnet-bulgarian">
         <instance id="d000.s3387.t000" lemma="крушка" pos="NOUN">Крушката</instance>
         <wf lemma="в" pos="X">в</wf>
         <wf lemma="антрето" pos="X">антрето</wf>
         <wf lemma="изгоря" pos="X">изгоря</wf>
         <wf lemma="." pos="X">.</wf>
      </sentence>
      <sentence id="d000.s3388" source="wordnet-bulgarian">
         <wf lemma="технологично" pos="X">технологично</wf>
         <instance id="d000.s3388.t000" lemma="явление" pos="NOUN">явление</instance>
         <wf lemma="." pos="X">.</wf>
      </sentence>
      <sentence id="d000.s3389" source="wordnet-bulgarian">
         <wf lemma="Машините" pos="X">Машините</wf>
         <instance id="d000.s3389.t000" lemma="заменя" pos="VERB">заменят</instance>
         <wf lemma="ръчния" pos="X">ръчния</wf>
         <wf lemma="труд" pos="X">труд</wf>
         <wf lemma="." pos="X">.</wf>
      </sentence>
      <sentence id="d000.s3390" source="wordnet-bulgarian">
         <wf lemma="Прочети" pos="X">Прочети</wf>
         <wf lemma="втория" pos="X">втория</wf>
         <instance id="d000.s3390.t000" lemma="параграф" pos="NOUN">параграф</instance>
         <wf lemma="на" pos="X">на</wf>
         <wf lemma="тази" pos="X">тази</wf>
         <wf lemma="страница" pos="X">страница</wf>
         <wf lemma="." pos="X">.</wf>
      </sentence>
      <sentence id="d000.s3391" source="wordnet-bulgarian">
         <wf lemma="италиански" pos="X">италиански</wf>
         <instance id="d000.s3391.t000" lemma="ресторант" pos="NOUN">ресторант</instance>
         <wf lemma="." pos="X">.</wf>
      </sentence>
      <sentence id="d000.s3392" source="wordnet-bulgarian">
         <wf lemma="имам" pos="X">имам</wf>
         <wf lemma="свое" pos="X">свое</wf>
         <instance id="d000.s3392.t000" lemma="мнение" pos="NOUN">мнение</instance>
         <wf lemma="." pos="X">.</wf>
      </sentence>
      <sentence id="d000.s3393" source="wordnet-bulgarian">
         <wf lemma="Неговата" pos="X">Неговата</wf>
         <instance id="d000.s3393.t000" lemma="версия" pos="NOUN">версия</instance>
         <wf lemma="за" pos="X">за</wf>
         <wf lemma="катастрофата" pos="X">катастрофата</wf>
         <wf lemma="е" pos="X">е</wf>
         <wf lemma="различна" pos="X">различна</wf>
         <wf lemma="от" pos="X">от</wf>
         <wf lemma="моята" pos="X">моята</wf>
         <wf lemma="." pos="X">.</wf>
      </sentence>
      <sentence id="d000.s3394" source="wordnet-bulgarian">
         <instance id="d000.s3394.t000" lemma="обичам" pos="VERB">Обичам</instance>
         <wf lemma="моята" pos="X">моята</wf>
         <wf lemma="родина" pos="X">родина</wf>
         <wf lemma="." pos="X">.</wf>
      </sentence>
      <sentence id="d000.s3395" source="wordnet-bulgarian">
         <wf lemma="хващам" pos="X">хващам</wf>
         <instance id="d000.s3395.t000" lemma="престъпник" pos="NOUN">престъпник</instance>
         <wf lemma="." pos="X">.</wf>
      </sentence>
      <sentence id="d000.s3396" source="wordnet-bulgarian">
         <wf lemma="Пушенето" pos="X">Пушенето</wf>
         <wf lemma="е" pos="X">е</wf>
         <wf lemma="една" pos="X">една</wf>
         <wf lemma="от" pos="X">от</wf>
         <instance id="d000.s3396.t000" lemma="причина" pos="NOUN">причините</instance>
         <wf lemma="за" pos="X">за</wf>
         <wf lemma="рак" pos="X">рак</wf>
         <wf lemma="на" pos="X">на</wf>
         <wf lemma="белия" pos="X">белия</wf>
         <wf lemma="дроб" pos="X">дроб</wf>
         <wf lemma="." pos="X">.</wf>
      </sentence>
      <sentence id="d000.s3397" source="wordnet-bulgarian">
         <wf lemma="безкористна" pos="X">безкористна</wf>
         <instance id="d000.s3397.t000" lemma="връзка" pos="NOUN">връзка</instance>
         <wf lemma="." pos="X">.</wf>
      </sentence>
      <sentence id="d000.s3398" source="wordnet-bulgarian">
         <wf lemma="Времето" pos="X">Времето</wf>
         <instance id="d000.s3398.t000" lemma="измина" pos="VERB">измина</instance>
         <wf lemma="неусетно" pos="X">неусетно</wf>
         <wf lemma="." pos="X">.</wf>
      </sentence>
      <sentence id="d000.s3399" source="wordnet-bulgarian">
         <wf lemma="грижа" pos="X">грижа</wf>
         <wf lemma="се" pos="X">се</wf>
         <wf lemma="за" pos="X">за</wf>
         <instance id="d000.s3399.t000" lemma="родител" pos="NOUN">родителите</instance>
         <wf lemma="си" pos="X">си</wf>
         <wf lemma="." pos="X">.</wf>
      </sentence>
      <sentence id="d000.s3400" source="wordnet-bulgarian">
         <instance id="d000.s3400.t000" lemma="победител" pos="NOUN">победител</instance>
         <wf lemma="в" pos="X">в</wf>
         <wf lemma="турнир" pos="X">турнир</wf>
         <wf lemma="." pos="X">.</wf>
      </sentence>
      <sentence id="d000.s3401" source="wordnet-bulgarian">
         <instance id="d000.s3401.t000" lemma="брат" pos="NOUN">братя</instance>
         <wf lemma="по" pos="X">по</wf>
         <wf lemma="идеи" pos="X">идеи</wf>
         <wf lemma="." pos="X">.</wf>
      </sentence>
      <sentence id="d000.s3402" source="wordnet-bulgarian">
         <wf lemma="лесна" pos="X">лесна</wf>
         <instance id="d000.s3402.t000" lemma="победа" pos="NOUN">победа</instance>
         <wf lemma="." pos="X">.</wf>
      </sentence>
      <sentence id="d000.s3403" source="wordnet-bulgarian">
         <wf lemma="натискам" pos="X">натискам</wf>
         <instance id="d000.s3403.t000" lemma="клаксон" pos="NOUN">клаксона</instance>
         <wf lemma="." pos="X">.</wf>
      </sentence>
      <sentence id="d000.s3404" source="wordnet-bulgarian">
         <wf lemma="хранителни" pos="X">хранителни</wf>
         <instance id="d000.s3404.t000" lemma="компонент" pos="NOUN">компоненти</instance>
         <wf lemma="." pos="X">.</wf>
      </sentence>
      <sentence id="d000.s3405" source="wordnet-bulgarian">
         <wf lemma="изпадам" pos="X">изпадам</wf>
         <wf lemma="в" pos="X">в</wf>
         <instance id="d000.s3405.t000" lemma="ярост" pos="NOUN">ярост</instance>
         <wf lemma="." pos="X">.</wf>
      </sentence>
      <sentence id="d000.s3406" source="wordnet-bulgarian">
         <wf lemma="това" pos="X">това</wf>
         <wf lemma="не" pos="X">не</wf>
         <wf lemma="ми" pos="X">ми</wf>
         <wf lemma="е" pos="X">е</wf>
         <wf lemma="от" pos="X">от</wf>
         <instance id="d000.s3406.t000" lemma="занаят" pos="NOUN">занаята</instance>
         <wf lemma="." pos="X">.</wf>
      </sentence>
      <sentence id="d000.s3407" source="wordnet-bulgarian">
         <instance id="d000.s3407.t000" lemma="диаметър" pos="NOUN">Диаметърът</instance>
         <wf lemma="на" pos="X">на</wf>
         <wf lemma="окръжността" pos="X">окръжността</wf>
         <wf lemma="е" pos="X">е</wf>
         <wf lemma="десет" pos="X">десет</wf>
         <wf lemma="сантиметра" pos="X">сантиметра</wf>
         <wf lemma="." pos="X">.</wf>
      </sentence>
      <sentence id="d000.s3408" source="wordnet-bulgarian">
         <instance id="d000.s3408.t000" lemma="изгонвам" pos="VERB">изгонвам</instance>
         <wf lemma="от" pos="X">от</wf>
         <wf lemma="." pos="X">.</wf>
      </sentence>
      <sentence id="d000.s3409" source="wordnet-bulgarian">
         <wf lemma="Движа" pos="X">Движа</wf>
         <wf lemma="се" pos="X">се</wf>
         <wf lemma="на" pos="X">на</wf>
         <instance id="d000.s3409.t000" lemma="изток" pos="NOUN">изток</instance>
         <wf lemma="." pos="X">.</wf>
      </sentence>
      <sentence id="d000.s3410" source="wordnet-bulgarian">
         <wf lemma="Той" pos="X">Той</wf>
         <wf lemma="има" pos="X">има</wf>
         <wf lemma="всякакви" pos="X">всякакви</wf>
         <instance id="d000.s3410.t000" lemma="инструмент" pos="NOUN">инструменти</instance>
         <wf lemma="." pos="X">.</wf>
      </sentence>
      <sentence id="d000.s3411" source="wordnet-bulgarian">
         <wf lemma="отглеждам" pos="X">отглеждам</wf>
         <instance id="d000.s3411.t000" lemma="роза" pos="NOUN">рози</instance>
         <wf lemma="." pos="X">.</wf>
      </sentence>
      <sentence id="d000.s3412" source="wordnet-bulgarian">
         <wf lemma="Децата" pos="X">Децата</wf>
         <wf lemma="обичат" pos="X">обичат</wf>
         <wf lemma="да" pos="X">да</wf>
         <wf lemma="играят" pos="X">играят</wf>
         <wf lemma="с" pos="X">с</wf>
         <instance id="d000.s3412.t000" lemma="кукла" pos="NOUN">кукли</instance>
         <wf lemma="." pos="X">.</wf>
      </sentence>
      <sentence id="d000.s3413" source="wordnet-bulgarian">
         <instance id="d000.s3413.t000" lemma="усъвършенствам" pos="VERB">усъвършенствам</instance>
         <wf lemma="машина" pos="X">машина</wf>
         <wf lemma="." pos="X">.</wf>
      </sentence>
      <sentence id="d000.s3414" source="wordnet-bulgarian">
         <wf lemma="Не" pos="X">Не</wf>
         <wf lemma="ме" pos="X">ме</wf>
         <wf lemma="е" pos="X">е</wf>
         <instance id="d000.s3414.t000" lemma="срам" pos="NOUN">срам</instance>
         <wf lemma="." pos="X">.</wf>
      </sentence>
      <sentence id="d000.s3415" source="wordnet-bulgarian">
         <wf lemma="чеснов" pos="X">чеснов</wf>
         <instance id="d000.s3415.t000" lemma="сос" pos="NOUN">сос</instance>
         <wf lemma="." pos="X">.</wf>
      </sentence>
      <sentence id="d000.s3416" source="wordnet-bulgarian">
         <instance id="d000.s3416.t000" lemma="софтуер" pos="NOUN">софтуер</instance>
         <wf lemma="за" pos="X">за</wf>
         <wf lemma="." pos="X">.</wf>
      </sentence>
      <sentence id="d000.s3417" source="wordnet-bulgarian">
         <wf lemma="ръчно" pos="X">ръчно</wf>
         <wf lemma="рисувана" pos="X">рисувана</wf>
         <instance id="d000.s3417.t000" lemma="коприна" pos="NOUN">коприна</instance>
         <wf lemma="." pos="X">.</wf>
      </sentence>
      <sentence id="d000.s3418" source="wordnet-bulgarian">
         <instance id="d000.s3418.t000" lemma="предлагам" pos="VERB">Предлагам</instance>
         <wf lemma="да" pos="X">да</wf>
         <wf lemma="отидем" pos="X">отидем</wf>
         <wf lemma="на" pos="X">на</wf>
         <wf lemma="разходка" pos="X">разходка</wf>
         <wf lemma="." pos="X">.</wf>
      </sentence>
      <sentence id="d000.s3419" source="wordnet-bulgarian">
         <instance id="d000.s3419.t000" lemma="оригинален" pos="ADJ">оригинално</instance>
         <wf lemma="бижу" pos="X">бижу</wf>
         <wf lemma="." pos="X">.</wf>
      </sentence>
      <sentence id="d000.s3420" source="wordnet-bulgarian">
         <instance id="d000.s3420.t000" lemma="заминавам" pos="VERB">заминавам</instance>
         <wf lemma="на" pos="X">на</wf>
         <wf lemma="море" pos="X">море</wf>
         <wf lemma="." pos="X">.</wf>
      </sentence>
      <sentence id="d000.s3421" source="wordnet-bulgarian">
         <wf lemma="Момчето" pos="X">Момчето</wf>
         <instance id="d000.s3421.t000" lemma="водя" pos="VERB">водеше</instance>
         <wf lemma="шествието" pos="X">шествието</wf>
         <wf lemma="." pos="X">.</wf>
      </sentence>
      <sentence id="d000.s3422" source="wordnet-bulgarian">
         <wf lemma="дебютен" pos="X">дебютен</wf>
         <instance id="d000.s3422.t000" lemma="албум" pos="NOUN">албум</instance>
         <wf lemma="." pos="X">.</wf>
      </sentence>
      <sentence id="d000.s3423" source="wordnet-bulgarian">
         <wf lemma="купувам" pos="X">купувам</wf>
         <instance id="d000.s3423.t000" lemma="мебел" pos="NOUN">мебели</instance>
         <wf lemma="." pos="X">.</wf>
      </sentence>
      <sentence id="d000.s3424" source="wordnet-bulgarian">
         <wf lemma="с" pos="X">с</wf>
         <instance id="d000.s3424.t000" lemma="помощ" pos="NOUN">помощта</instance>
         <wf lemma="на" pos="X">на</wf>
         <wf lemma="." pos="X">.</wf>
      </sentence>
      <sentence id="d000.s3425" source="wordnet-bulgarian">
         <wf lemma="дългосрочна" pos="X">дългосрочна</wf>
         <instance id="d000.s3425.t000" lemma="полица" pos="NOUN">полица</instance>
         <wf lemma="." pos="X">.</wf>
      </sentence>
      <sentence id="d000.s3426" source="wordnet-bulgarian">
         <instance id="d000.s3426.t000" lemma="звън" pos="NOUN">звън</instance>
         <wf lemma="на" pos="X">на</wf>
         <wf lemma="кристални" pos="X">кристални</wf>
         <wf lemma="чаши" pos="X">чаши</wf>
         <wf lemma="." pos="X">.</wf>
      </sentence>
      <sentence id="d000.s3427" source="wordnet-bulgarian">
         <wf lemma="съгласявам" pos="X">съгласявам</wf>
         <wf lemma="се" pos="X">се</wf>
         <wf lemma="на" pos="X">на</wf>
         <instance id="d000.s3427.t000" lemma="аборт" pos="NOUN">аборт</instance>
         <wf lemma="." pos="X">.</wf>
      </sentence>
      <sentence id="d000.s3428" source="wordnet-bulgarian">
         <wf lemma="довеждам" pos="X">довеждам</wf>
         <wf lemma="до" pos="X">до</wf>
         <instance id="d000.s3428.t000" lemma="банкрут" pos="NOUN">банкрут</instance>
         <wf lemma="." pos="X">.</wf>
      </sentence>
      <sentence id="d000.s3429" source="wordnet-bulgarian">
         <instance id="d000.s3429.t000" lemma="боядисвам" pos="VERB">боядисвам</instance>
         <wf lemma="врата" pos="X">врата</wf>
         <wf lemma="." pos="X">.</wf>
      </sentence>
      <sentence id="d000.s3430" source="wordnet-bulgarian">
         <wf lemma="антична" pos="X">антична</wf>
         <instance id="d000.s3430.t000" lemma="култура" pos="NOUN">култура</instance>
         <wf lemma="." pos="X">.</wf>
      </sentence>
      <sentence id="d000.s3431" source="wordnet-bulgarian">
         <wf lemma="повяхнала" pos="X">повяхнала</wf>
         <instance id="d000.s3431.t000" lemma="кожа" pos="NOUN">кожа</instance>
         <wf lemma="." pos="X">.</wf>
      </sentence>
      <sentence id="d000.s3432" source="wordnet-bulgarian">
         <wf lemma="бенедиктински" pos="X">бенедиктински</wf>
         <instance id="d000.s3432.t000" lemma="брат" pos="NOUN">братя</instance>
         <wf lemma="." pos="X">.</wf>
      </sentence>
      <sentence id="d000.s3433" source="wordnet-bulgarian">
         <instance id="d000.s3433.t000" lemma="потекло" pos="NOUN">потеклото</instance>
         <wf lemma="му" pos="X">му</wf>
         <wf lemma="не" pos="X">не</wf>
         <wf lemma="е" pos="X">е</wf>
         <wf lemma="известно" pos="X">известно</wf>
         <wf lemma="." pos="X">.</wf>
      </sentence>
      <sentence id="d000.s3434" source="wordnet-bulgarian">
         <instance id="d000.s3434.t000" lemma="баба" pos="NOUN">Баба</instance>
         <wf lemma="ми" pos="X">ми</wf>
         <wf lemma="много" pos="X">много</wf>
         <wf lemma="ме" pos="X">ме</wf>
         <wf lemma="обича" pos="X">обича</wf>
         <wf lemma="." pos="X">.</wf>
      </sentence>
      <sentence id="d000.s3435" source="wordnet-bulgarian">
         <wf lemma="вземам" pos="X">вземам</wf>
         <wf lemma="под" pos="X">под</wf>
         <instance id="d000.s3435.t000" lemma="наем" pos="NOUN">наем</instance>
         <wf lemma="." pos="X">.</wf>
      </sentence>
      <sentence id="d000.s3436" source="wordnet-bulgarian">
         <wf lemma="църковен" pos="X">църковен</wf>
         <instance id="d000.s3436.t000" lemma="брак" pos="NOUN">брак</instance>
         <wf lemma="." pos="X">.</wf>
      </sentence>
      <sentence id="d000.s3437" source="wordnet-bulgarian">
         <instance id="d000.s3437.t000" lemma="справедливост" pos="NOUN">Справедливостта</instance>
         <wf lemma="е" pos="X">е</wf>
         <wf lemma="висша" pos="X">висша</wf>
         <wf lemma="добродетел" pos="X">добродетел</wf>
         <wf lemma="." pos="X">.</wf>
      </sentence>
      <sentence id="d000.s3438" source="wordnet-bulgarian">
         <wf lemma="ярък" pos="X">ярък</wf>
         <instance id="d000.s3438.t000" lemma="контраст" pos="NOUN">контраст</instance>
         <wf lemma="." pos="X">.</wf>
      </sentence>
      <sentence id="d000.s3439" source="wordnet-bulgarian">
         <wf lemma="за" pos="X">за</wf>
         <instance id="d000.s3439.t000" lemma="миг" pos="NOUN">миг</instance>
         <wf lemma="." pos="X">.</wf>
      </sentence>
      <sentence id="d000.s3440" source="wordnet-bulgarian">
         <instance id="d000.s3440.t000" lemma="зала" pos="NOUN">зала</instance>
         <wf lemma="за" pos="X">за</wf>
         <wf lemma="тренировки" pos="X">тренировки</wf>
         <wf lemma="." pos="X">.</wf>
      </sentence>
      <sentence id="d000.s3441" source="wordnet-bulgarian">
         <instance id="d000.s3441.t000" lemma="доказвам" pos="VERB">доказвам</instance>
         <wf lemma="теорема" pos="X">теорема</wf>
         <wf lemma="." pos="X">.</wf>
      </sentence>
      <sentence id="d000.s3442" source="wordnet-bulgarian">
         <wf lemma="Ще" pos="X">Ще</wf>
         <instance id="d000.s3442.t000" lemma="наследя" pos="VERB">наследи</instance>
         <wf lemma="ли" pos="X">ли</wf>
         <wf lemma="Чарлз" pos="X">Чарлз</wf>
         <wf lemma="престола" pos="X">престола</wf>
         <wf lemma="?" pos="X">?</wf>
      </sentence>
      <sentence id="d000.s3443" source="wordnet-bulgarian">
         <wf lemma="Голяма" pos="X">Голяма</wf>
         <wf lemma="част" pos="X">част</wf>
         <wf lemma="от" pos="X">от</wf>
         <wf lemma="десния" pos="X">десния</wf>
         <instance id="d000.s3443.t000" lemma="електорат" pos="NOUN">електорат</instance>
         <wf lemma="не" pos="X">не</wf>
         <wf lemma="знае" pos="X">знае</wf>
         <wf lemma="за" pos="X">за</wf>
         <wf lemma="кого" pos="X">кого</wf>
         <wf lemma="да" pos="X">да</wf>
         <wf lemma="гласува" pos="X">гласува</wf>
         <wf lemma="." pos="X">.</wf>
      </sentence>
      <sentence id="d000.s3444" source="wordnet-bulgarian">
         <wf lemma="наемен" pos="X">наемен</wf>
         <instance id="d000.s3444.t000" lemma="работник" pos="NOUN">работник</instance>
         <wf lemma="." pos="X">.</wf>
      </sentence>
      <sentence id="d000.s3445" source="wordnet-bulgarian">
         <wf lemma="садя" pos="X">садя</wf>
         <instance id="d000.s3445.t000" lemma="дърво" pos="NOUN">дърво</instance>
         <wf lemma="." pos="X">.</wf>
      </sentence>
      <sentence id="d000.s3446" source="wordnet-bulgarian">
         <wf lemma="голям" pos="X">голям</wf>
         <instance id="d000.s3446.t000" lemma="пропуск" pos="NOUN">пропуск</instance>
         <wf lemma="." pos="X">.</wf>
      </sentence>
      <sentence id="d000.s3447" source="wordnet-bulgarian">
         <instance id="d000.s3447.t000" lemma="пиянство" pos="NOUN">Пиянството</instance>
         <wf lemma="е" pos="X">е</wf>
         <wf lemma="до" pos="X">до</wf>
         <wf lemma="гроб" pos="X">гроб</wf>
         <wf lemma="." pos="X">.</wf>
      </sentence>
      <sentence id="d000.s3448" source="wordnet-bulgarian">
         <wf lemma="ляво" pos="X">ляво</wf>
         <instance id="d000.s3448.t000" lemma="рамо" pos="NOUN">рамо</instance>
         <wf lemma="." pos="X">.</wf>
      </sentence>
      <sentence id="d000.s3449" source="wordnet-bulgarian">
         <wf lemma="слагам" pos="X">слагам</wf>
         <instance id="d000.s3449.t000" lemma="капак" pos="NOUN">капака</instance>
         <wf lemma="." pos="X">.</wf>
      </sentence>
      <sentence id="d000.s3450" source="wordnet-bulgarian">
         <wf lemma="изпълнявам" pos="X">изпълнявам</wf>
         <wf lemma="специална" pos="X">специална</wf>
         <instance id="d000.s3450.t000" lemma="задача" pos="NOUN">задача</instance>
         <wf lemma="." pos="X">.</wf>
      </sentence>
      <sentence id="d000.s3451" source="wordnet-bulgarian">
         <wf lemma="добър" pos="X">добър</wf>
         <instance id="d000.s3451.t000" lemma="ученик" pos="NOUN">ученик</instance>
         <wf lemma="." pos="X">.</wf>
      </sentence>
      <sentence id="d000.s3452" source="wordnet-bulgarian">
         <instance id="d000.s3452.t000" lemma="любовник" pos="NOUN">Любовникът</instance>
         <wf lemma="й" pos="X">й</wf>
         <wf lemma="е" pos="X">е</wf>
         <wf lemma="десет" pos="X">десет</wf>
         <wf lemma="години" pos="X">години</wf>
         <wf lemma="по-млад" pos="X">по-млад</wf>
         <wf lemma="от" pos="X">от</wf>
         <wf lemma="нея" pos="X">нея</wf>
         <wf lemma="." pos="X">.</wf>
      </sentence>
      <sentence id="d000.s3453" source="wordnet-bulgarian">
         <wf lemma="малка" pos="X">малка</wf>
         <instance id="d000.s3453.t000" lemma="заплата" pos="NOUN">заплата</instance>
         <wf lemma="." pos="X">.</wf>
      </sentence>
      <sentence id="d000.s3454" source="wordnet-bulgarian">
         <instance id="d000.s3454.t000" lemma="сходство" pos="NOUN">сходство</instance>
         <wf lemma="в." pos="X">в.</wf>
      </sentence>
      <sentence id="d000.s3455" source="wordnet-bulgarian">
         <wf lemma="Чу" pos="X">Чу</wf>
         <wf lemma="се" pos="X">се</wf>
         <wf lemma="приятен" pos="X">приятен</wf>
         <instance id="d000.s3455.t000" lemma="глас" pos="NOUN">глас</instance>
         <wf lemma="." pos="X">.</wf>
      </sentence>
      <sentence id="d000.s3456" source="wordnet-bulgarian">
         <instance id="d000.s3456.t000" lemma="споделям" pos="VERB">споделям</instance>
         <wf lemma="нещо" pos="X">нещо</wf>
         <wf lemma="с." pos="X">с.</wf>
      </sentence>
      <sentence id="d000.s3457" source="wordnet-bulgarian">
         <wf lemma="чрез" pos="X">чрез</wf>
         <instance id="d000.s3457.t000" lemma="допир" pos="NOUN">допир</instance>
         <wf lemma="." pos="X">.</wf>
      </sentence>
      <sentence id="d000.s3458" source="wordnet-bulgarian">
         <wf lemma="нямам" pos="X">нямам</wf>
         <instance id="d000.s3458.t000" lemma="съвест" pos="NOUN">съвест</instance>
         <wf lemma="." pos="X">.</wf>
      </sentence>
      <sentence id="d000.s3459" source="wordnet-bulgarian">
         <instance id="d000.s3459.t000" lemma="съдия" pos="NOUN">Съдията</instance>
         <wf lemma="отсъди" pos="X">отсъди</wf>
         <wf lemma="дузпа" pos="X">дузпа</wf>
         <wf lemma="в" pos="X">в</wf>
         <wf lemma="полза" pos="X">полза</wf>
         <wf lemma="на" pos="X">на</wf>
         <wf lemma="червените" pos="X">червените</wf>
         <wf lemma="." pos="X">.</wf>
      </sentence>
      <sentence id="d000.s3460" source="wordnet-bulgarian">
         <wf lemma="по" pos="X">по</wf>
         <wf lemma="каква" pos="X">каква</wf>
         <instance id="d000.s3460.t000" lemma="причина" pos="NOUN">причина</instance>
         <wf lemma="?" pos="X">?</wf>
      </sentence>
      <sentence id="d000.s3461" source="wordnet-bulgarian">
         <wf lemma="Днес" pos="X">Днес</wf>
         <wf lemma="няма" pos="X">няма</wf>
         <wf lemma="да" pos="X">да</wf>
         <wf lemma="има" pos="X">има</wf>
         <instance id="d000.s3461.t000" lemma="репетиция" pos="NOUN">репетиция</instance>
         <wf lemma="." pos="X">.</wf>
      </sentence>
      <sentence id="d000.s3462" source="wordnet-bulgarian">
         <wf lemma="Хората" pos="X">Хората</wf>
         <wf lemma="бавно" pos="X">бавно</wf>
         <wf lemma="прогресират" pos="X">прогресират</wf>
         <wf lemma="от" pos="X">от</wf>
         <wf lemma="варварство" pos="X">варварство</wf>
         <wf lemma="към" pos="X">към</wf>
         <instance id="d000.s3462.t000" lemma="цивилизация" pos="NOUN">цивилизация</instance>
         <wf lemma="." pos="X">.</wf>
      </sentence>
      <sentence id="d000.s3463" source="wordnet-bulgarian">
         <wf lemma="По" pos="X">По</wf>
         <wf lemma="шосето" pos="X">шосето</wf>
         <wf lemma="се" pos="X">се</wf>
         <wf lemma="движеше" pos="X">движеше</wf>
         <wf lemma="дълга" pos="X">дълга</wf>
         <wf lemma="колона" pos="X">колона</wf>
         <wf lemma="от" pos="X">от</wf>
         <wf lemma="вражески" pos="X">вражески</wf>
         <instance id="d000.s3463.t000" lemma="танк" pos="NOUN">танкове</instance>
         <wf lemma="." pos="X">.</wf>
      </sentence>
      <sentence id="d000.s3464" source="wordnet-bulgarian">
         <wf lemma="международен" pos="X">международен</wf>
         <instance id="d000.s3464.t000" lemma="симпозиум" pos="NOUN">симпозиум</instance>
         <wf lemma="." pos="X">.</wf>
      </sentence>
      <sentence id="d000.s3465" source="wordnet-bulgarian">
         <instance id="d000.s3465.t000" lemma="яхта" pos="NOUN">Яхтите</instance>
         <wf lemma="са" pos="X">са</wf>
         <wf lemma="много" pos="X">много</wf>
         <wf lemma="скъпо" pos="X">скъпо</wf>
         <wf lemma="удоволствие" pos="X">удоволствие</wf>
         <wf lemma="." pos="X">.</wf>
      </sentence>
      <sentence id="d000.s3466" source="wordnet-bulgarian">
         <instance id="d000.s3466.t000" lemma="параван" pos="NOUN">параван</instance>
         <wf lemma="от" pos="X">от</wf>
         <wf lemma="." pos="X">.</wf>
      </sentence>
      <sentence id="d000.s3467" source="wordnet-bulgarian">
         <wf lemma="ненаказана" pos="X">ненаказана</wf>
         <instance id="d000.s3467.t000" lemma="агресия" pos="NOUN">агресия</instance>
         <wf lemma="." pos="X">.</wf>
      </sentence>
      <sentence id="d000.s3468" source="wordnet-bulgarian">
         <instance id="d000.s3468.t000" lemma="чаша" pos="NOUN">чаша</instance>
         <wf lemma="," pos="X">,</wf>
         <wf lemma="изработена" pos="X">изработена</wf>
         <wf lemma="от" pos="X">от</wf>
         <wf lemma="." pos="X">.</wf>
      </sentence>
      <sentence id="d000.s3469" source="wordnet-bulgarian">
         <wf lemma="зелена" pos="X">зелена</wf>
         <instance id="d000.s3469.t000" lemma="гора" pos="NOUN">гора</instance>
         <wf lemma="." pos="X">.</wf>
      </sentence>
      <sentence id="d000.s3470" source="wordnet-bulgarian">
         <wf lemma="гризе" pos="X">гризе</wf>
         <wf lemma="ме" pos="X">ме</wf>
         <instance id="d000.s3470.t000" lemma="съвест" pos="NOUN">съвестта</instance>
         <wf lemma="." pos="X">.</wf>
      </sentence>
      <sentence id="d000.s3471" source="wordnet-bulgarian">
         <wf lemma="Обичам" pos="X">Обичам</wf>
         <wf lemma="да" pos="X">да</wf>
         <wf lemma="ходя" pos="X">ходя</wf>
         <wf lemma="на" pos="X">на</wf>
         <instance id="d000.s3471.t000" lemma="ресторант" pos="NOUN">ресторант</instance>
         <wf lemma="." pos="X">.</wf>
      </sentence>
      <sentence id="d000.s3472" source="wordnet-bulgarian">
         <wf lemma="не" pos="X">не</wf>
         <wf lemma="мога" pos="X">мога</wf>
         <wf lemma="да" pos="X">да</wf>
         <wf lemma="направя" pos="X">направя</wf>
         <wf lemma="и" pos="X">и</wf>
         <wf lemma="най-малкото" pos="X">най-малкото</wf>
         <instance id="d000.s3472.t000" lemma="движение" pos="NOUN">движение</instance>
         <wf lemma="." pos="X">.</wf>
      </sentence>
      <sentence id="d000.s3473" source="wordnet-bulgarian">
         <wf lemma="републикански" pos="X">републикански</wf>
         <instance id="d000.s3473.t000" lemma="шампион" pos="NOUN">шампион</instance>
         <wf lemma="." pos="X">.</wf>
      </sentence>
      <sentence id="d000.s3474" source="wordnet-bulgarian">
         <wf lemma="убивам" pos="X">убивам</wf>
         <wf lemma="с" pos="X">с</wf>
         <instance id="d000.s3474.t000" lemma="пушка" pos="NOUN">пушка</instance>
         <wf lemma="." pos="X">.</wf>
      </sentence>
      <sentence id="d000.s3475" source="wordnet-bulgarian">
         <instance id="d000.s3475.t000" lemma="грижа" pos="NOUN">грижи</instance>
         <wf lemma="за" pos="X">за</wf>
         <wf lemma="реколтата" pos="X">реколтата</wf>
         <wf lemma="." pos="X">.</wf>
      </sentence>
      <sentence id="d000.s3476" source="wordnet-bulgarian">
         <instance id="d000.s3476.t000" lemma="пръска" pos="NOUN">пръски</instance>
         <wf lemma="от" pos="X">от</wf>
         <wf lemma="вода" pos="X">вода</wf>
         <wf lemma="." pos="X">.</wf>
      </sentence>
      <sentence id="d000.s3477" source="wordnet-bulgarian">
         <wf lemma="на" pos="X">на</wf>
         <instance id="d000.s3477.t000" lemma="жътва" pos="NOUN">жътва</instance>
         <wf lemma="." pos="X">.</wf>
      </sentence>
      <sentence id="d000.s3478" source="wordnet-bulgarian">
         <wf lemma="имам" pos="X">имам</wf>
         <wf lemma="много" pos="X">много</wf>
         <instance id="d000.s3478.t000" lemma="роднина" pos="NOUN">роднини</instance>
         <wf lemma="." pos="X">.</wf>
      </sentence>
      <sentence id="d000.s3479" source="wordnet-bulgarian">
         <instance id="d000.s3479.t000" lemma="софтуер" pos="NOUN">софтуер</instance>
         <wf lemma="за" pos="X">за</wf>
         <wf lemma="подслушване" pos="X">подслушване</wf>
         <wf lemma="." pos="X">.</wf>
      </sentence>
      <sentence id="d000.s3480" source="wordnet-bulgarian">
         <instance id="d000.s3480.t000" lemma="врата" pos="NOUN">врата</instance>
         <wf lemma="от" pos="X">от</wf>
         <wf lemma="желязо" pos="X">желязо</wf>
         <wf lemma="." pos="X">.</wf>
      </sentence>
      <sentence id="d000.s3481" source="wordnet-bulgarian">
         <wf lemma="бърз" pos="X">бърз</wf>
         <instance id="d000.s3481.t000" lemma="преход" pos="NOUN">преход</instance>
         <wf lemma="." pos="X">.</wf>
      </sentence>
      <sentence id="d000.s3482" source="wordnet-bulgarian">
         <wf lemma="прано" pos="X">прано</wf>
         <instance id="d000.s3482.t000" lemma="бельо" pos="NOUN">бельо</instance>
         <wf lemma="." pos="X">.</wf>
      </sentence>
      <sentence id="d000.s3483" source="wordnet-bulgarian">
         <wf lemma="домашен" pos="X">домашен</wf>
         <instance id="d000.s3483.t000" lemma="телефон" pos="NOUN">телефон</instance>
         <wf lemma="." pos="X">.</wf>
      </sentence>
      <sentence id="d000.s3484" source="wordnet-bulgarian">
         <wf lemma="На" pos="X">На</wf>
         <wf lemma="улицата" pos="X">улицата</wf>
         <wf lemma="е" pos="X">е</wf>
         <wf lemma="пълно" pos="X">пълно</wf>
         <wf lemma="с" pos="X">с</wf>
         <instance id="d000.s3484.t000" lemma="войска" pos="NOUN">войска</instance>
         <wf lemma="." pos="X">.</wf>
      </sentence>
      <sentence id="d000.s3485" source="wordnet-bulgarian">
         <wf lemma="мека" pos="X">мека</wf>
         <instance id="d000.s3485.t000" lemma="мебел" pos="NOUN">мебел</instance>
         <wf lemma="." pos="X">.</wf>
      </sentence>
      <sentence id="d000.s3486" source="wordnet-bulgarian">
         <instance id="d000.s3486.t000" lemma="обувка" pos="NOUN">обувки</instance>
         <wf lemma="с" pos="X">с</wf>
         <wf lemma="връзки" pos="X">връзки</wf>
         <wf lemma="." pos="X">.</wf>
      </sentence>
      <sentence id="d000.s3487" source="wordnet-bulgarian">
         <wf lemma="правя" pos="X">правя</wf>
         <instance id="d000.s3487.t000" lemma="дупка" pos="NOUN">дупка</instance>
         <wf lemma="." pos="X">.</wf>
      </sentence>
      <sentence id="d000.s3488" source="wordnet-bulgarian">
         <wf lemma="На" pos="X">На</wf>
         <wf lemma="пресконференцията" pos="X">пресконференцията</wf>
         <wf lemma="ще" pos="X">ще</wf>
         <wf lemma="се" pos="X">се</wf>
         <wf lemma="извърши" pos="X">извърши</wf>
         <wf lemma="демонстрация" pos="X">демонстрация</wf>
         <wf lemma="със" pos="X">със</wf>
         <wf lemma="специален" pos="X">специален</wf>
         <wf lemma="електронен" pos="X">електронен</wf>
         <instance id="d000.s3488.t000" lemma="прибор" pos="NOUN">прибор</instance>
         <wf lemma="за" pos="X">за</wf>
         <wf lemma="откриване" pos="X">откриване</wf>
         <wf lemma="на" pos="X">на</wf>
         <wf lemma="вредните" pos="X">вредните</wf>
         <wf lemma="лъчения" pos="X">лъчения</wf>
         <wf lemma="и" pos="X">и</wf>
         <wf lemma="защита" pos="X">защита</wf>
         <wf lemma="от" pos="X">от</wf>
         <wf lemma="електросмог" pos="X">електросмог</wf>
         <wf lemma="." pos="X">.</wf>
      </sentence>
      <sentence id="d000.s3489" source="wordnet-bulgarian">
         <wf lemma="В" pos="X">В</wf>
         <wf lemma="градината" pos="X">градината</wf>
         <wf lemma="поникнаха" pos="X">поникнаха</wf>
         <instance id="d000.s3489.t000" lemma="бурен" pos="NOUN">бурени</instance>
         <wf lemma="до" pos="X">до</wf>
         <wf lemma="коленете" pos="X">коленете</wf>
         <wf lemma="." pos="X">.</wf>
      </sentence>
      <sentence id="d000.s3490" source="wordnet-bulgarian">
         <wf lemma="изпадам" pos="X">изпадам</wf>
         <wf lemma="във" pos="X">във</wf>
         <instance id="d000.s3490.t000" lemma="възторг" pos="NOUN">възторг</instance>
         <wf lemma="от" pos="X">от</wf>
         <wf lemma="." pos="X">.</wf>
      </sentence>
      <sentence id="d000.s3491" source="wordnet-bulgarian">
         <wf lemma="книги" pos="X">книги</wf>
         <wf lemma="за" pos="X">за</wf>
         <instance id="d000.s3491.t000" lemma="дете" pos="NOUN">деца</instance>
         <wf lemma="." pos="X">.</wf>
      </sentence>
      <sentence id="d000.s3492" source="wordnet-bulgarian">
         <instance id="d000.s3492.t000" lemma="слънце" pos="NOUN">слънцето</instance>
         <wf lemma="изгрява" pos="X">изгрява</wf>
         <wf lemma="." pos="X">.</wf>
      </sentence>
      <sentence id="d000.s3493" source="wordnet-bulgarian">
         <wf lemma="Съобщиха" pos="X">Съобщиха</wf>
         <wf lemma="на" pos="X">на</wf>
         <instance id="d000.s3493.t000" lemma="клас" pos="NOUN">класа</instance>
         <wf lemma="," pos="X">,</wf>
         <wf lemma="че" pos="X">че</wf>
         <wf lemma="от" pos="X">от</wf>
         <wf lemma="утре" pos="X">утре</wf>
         <wf lemma="излизат" pos="X">излизат</wf>
         <wf lemma="във" pos="X">във</wf>
         <wf lemma="ваканция" pos="X">ваканция</wf>
         <wf lemma="." pos="X">.</wf>
      </sentence>
      <sentence id="d000.s3494" source="wordnet-bulgarian">
         <wf lemma="нисък" pos="X">нисък</wf>
         <instance id="d000.s3494.t000" lemma="таван" pos="NOUN">таван</instance>
         <wf lemma="." pos="X">.</wf>
      </sentence>
      <sentence id="d000.s3495" source="wordnet-bulgarian">
         <instance id="d000.s3495.t000" lemma="мотор" pos="NOUN">мотор</instance>
         <wf lemma="с" pos="X">с</wf>
         <wf lemma="кош" pos="X">кош</wf>
         <wf lemma="." pos="X">.</wf>
      </sentence>
      <sentence id="d000.s3496" source="wordnet-bulgarian">
         <wf lemma="обичам" pos="X">обичам</wf>
         <instance id="d000.s3496.t000" lemma="банан" pos="NOUN">банани</instance>
         <wf lemma="." pos="X">.</wf>
      </sentence>
      <sentence id="d000.s3497" source="wordnet-bulgarian">
         <wf lemma="Той" pos="X">Той</wf>
         <wf lemma="гледа" pos="X">гледа</wf>
         <wf lemma="много" pos="X">много</wf>
         <instance id="d000.s3497.t000" lemma="добитък" pos="NOUN">добитък</instance>
         <wf lemma="-" pos="X">-</wf>
         <wf lemma="крави" pos="X">крави</wf>
         <wf lemma="," pos="X">,</wf>
         <wf lemma="овце" pos="X">овце</wf>
         <wf lemma="," pos="X">,</wf>
         <wf lemma="кози" pos="X">кози</wf>
         <wf lemma="." pos="X">.</wf>
      </sentence>
      <sentence id="d000.s3498" source="wordnet-bulgarian">
         <instance id="d000.s3498.t000" lemma="приятел" pos="NOUN">приятел</instance>
         <wf lemma="от" pos="X">от</wf>
         <wf lemma="детинство" pos="X">детинство</wf>
         <wf lemma="." pos="X">.</wf>
      </sentence>
      <sentence id="d000.s3499" source="wordnet-bulgarian">
         <instance id="d000.s3499.t000" lemma="празник" pos="NOUN">празник</instance>
         <wf lemma="с" pos="X">с</wf>
         <wf lemma="песни" pos="X">песни</wf>
         <wf lemma="и" pos="X">и</wf>
         <wf lemma="хора" pos="X">хора</wf>
         <wf lemma="." pos="X">.</wf>
      </sentence>
      <sentence id="d000.s3500" source="wordnet-bulgarian">
         <instance id="d000.s3500.t000" lemma="папка" pos="NOUN">папка</instance>
         <wf lemma="с" pos="X">с</wf>
         <wf lemma="доклади" pos="X">доклади</wf>
         <wf lemma="." pos="X">.</wf>
      </sentence>
      <sentence id="d000.s3501" source="wordnet-bulgarian">
         <wf lemma="работя" pos="X">работя</wf>
         <wf lemma="в" pos="X">в</wf>
         <instance id="d000.s3501.t000" lemma="учреждение" pos="NOUN">учреждение</instance>
         <wf lemma="." pos="X">.</wf>
      </sentence>
      <sentence id="d000.s3502" source="wordnet-bulgarian">
         <wf lemma="Забравихте" pos="X">Забравихте</wf>
         <wf lemma="си" pos="X">си</wf>
         <instance id="d000.s3502.t000" lemma="ресто" pos="NOUN">рестото</instance>
         <wf lemma="." pos="X">.</wf>
      </sentence>
      <sentence id="d000.s3503" source="wordnet-bulgarian">
         <wf lemma="Сключих" pos="X">Сключих</wf>
         <wf lemma="добра" pos="X">добра</wf>
         <instance id="d000.s3503.t000" lemma="сделка" pos="NOUN">сделка</instance>
         <wf lemma="." pos="X">.</wf>
      </sentence>
      <sentence id="d000.s3504" source="wordnet-bulgarian">
         <wf lemma="краткосрочен" pos="X">краткосрочен</wf>
         <instance id="d000.s3504.t000" lemma="заем" pos="NOUN">заем</instance>
         <wf lemma="." pos="X">.</wf>
      </sentence>
      <sentence id="d000.s3505" source="wordnet-bulgarian">
         <wf lemma="има" pos="X">има</wf>
         <instance id="d000.s3505.t000" lemma="изглед" pos="NOUN">изгледи</instance>
         <wf lemma="да" pos="X">да</wf>
         <wf lemma="." pos="X">.</wf>
      </sentence>
      <sentence id="d000.s3506" source="wordnet-bulgarian">
         <wf lemma="Отстъпвам" pos="X">Отстъпвам</wf>
         <wf lemma="пред" pos="X">пред</wf>
         <wf lemma="твоята" pos="X">твоята</wf>
         <instance id="d000.s3506.t000" lemma="настойчивост" pos="NOUN">настойчивост</instance>
         <wf lemma="." pos="X">.</wf>
      </sentence>
      <sentence id="d000.s3507" source="wordnet-bulgarian">
         <wf lemma="слизам" pos="X">слизам</wf>
         <wf lemma="от" pos="X">от</wf>
         <instance id="d000.s3507.t000" lemma="асансьор" pos="NOUN">асансьор</instance>
         <wf lemma="." pos="X">.</wf>
      </sentence>
      <sentence id="d000.s3508" source="wordnet-bulgarian">
         <instance id="d000.s3508.t000" lemma="продължение" pos="NOUN">продължение</instance>
         <wf lemma="на" pos="X">на</wf>
         <wf lemma="учението" pos="X">учението</wf>
         <wf lemma="." pos="X">.</wf>
      </sentence>
      <sentence id="d000.s3509" source="wordnet-bulgarian">
         <wf lemma="взет" pos="X">взет</wf>
         <wf lemma="за" pos="X">за</wf>
         <instance id="d000.s3509.t000" lemma="заложник" pos="NOUN">заложник</instance>
         <wf lemma="." pos="X">.</wf>
      </sentence>
      <sentence id="d000.s3510" source="wordnet-bulgarian">
         <wf lemma="Останах" pos="X">Останах</wf>
         <wf lemma="без" pos="X">без</wf>
         <instance id="d000.s3510.t000" lemma="работа" pos="NOUN">работа</instance>
         <wf lemma="." pos="X">.</wf>
      </sentence>
      <sentence id="d000.s3511" source="wordnet-bulgarian">
         <instance id="d000.s3511.t000" lemma="процес" pos="NOUN">процес</instance>
         <wf lemma="на" pos="X">на</wf>
         <wf lemma="производство" pos="X">производство</wf>
         <wf lemma="." pos="X">.</wf>
      </sentence>
      <sentence id="d000.s3512" source="wordnet-bulgarian">
         <wf lemma="тържествен" pos="X">тържествен</wf>
         <instance id="d000.s3512.t000" lemma="митинг" pos="NOUN">митинг</instance>
         <wf lemma="." pos="X">.</wf>
      </sentence>
      <sentence id="d000.s3513" source="wordnet-bulgarian">
         <wf lemma="календарна" pos="X">календарна</wf>
         <instance id="d000.s3513.t000" lemma="година" pos="NOUN">година</instance>
         <wf lemma="." pos="X">.</wf>
      </sentence>
      <sentence id="d000.s3514" source="wordnet-bulgarian">
         <wf lemma="забивам" pos="X">забивам</wf>
         <instance id="d000.s3514.t000" lemma="кол" pos="NOUN">кол</instance>
         <wf lemma="." pos="X">.</wf>
      </sentence>
      <sentence id="d000.s3515" source="wordnet-bulgarian">
         <wf lemma="нула" pos="X">нула</wf>
         <instance id="d000.s3515.t000" lemma="градус" pos="NOUN">градуса</instance>
         <wf lemma="." pos="X">.</wf>
      </sentence>
      <sentence id="d000.s3516" source="wordnet-bulgarian">
         <wf lemma="имам" pos="X">имам</wf>
         <instance id="d000.s3516.t000" lemma="умение" pos="NOUN">умения</instance>
         <wf lemma="за" pos="X">за</wf>
         <wf lemma="." pos="X">.</wf>
      </sentence>
      <sentence id="d000.s3517" source="wordnet-bulgarian">
         <instance id="d000.s3517.t000" lemma="сделка" pos="NOUN">Сделката</instance>
         <wf lemma="ми" pos="X">ми</wf>
         <wf lemma="се" pos="X">се</wf>
         <wf lemma="провали" pos="X">провали</wf>
         <wf lemma="." pos="X">.</wf>
      </sentence>
      <sentence id="d000.s3518" source="wordnet-bulgarian">
         <instance id="d000.s3518.t000" lemma="маса" pos="NOUN">маса</instance>
         <wf lemma="за" pos="X">за</wf>
         <wf lemma="хранене" pos="X">хранене</wf>
         <wf lemma="." pos="X">.</wf>
      </sentence>
      <sentence id="d000.s3519" source="wordnet-bulgarian">
         <wf lemma="Материалистична" pos="X">Материалистична</wf>
         <instance id="d000.s3519.t000" lemma="философия" pos="NOUN">философия</instance>
         <wf lemma="." pos="X">.</wf>
      </sentence>
      <sentence id="d000.s3520" source="wordnet-bulgarian">
         <wf lemma="откриха" pos="X">откриха</wf>
         <instance id="d000.s3520.t000" lemma="труп" pos="NOUN">труп</instance>
         <wf lemma="на" pos="X">на</wf>
         <wf lemma="." pos="X">.</wf>
      </sentence>
      <sentence id="d000.s3521" source="wordnet-bulgarian">
         <instance id="d000.s3521.t000" lemma="лазер" pos="NOUN">Лазерите</instance>
         <wf lemma="се" pos="X">се</wf>
         <wf lemma="използват" pos="X">използват</wf>
         <wf lemma="в" pos="X">в</wf>
         <wf lemma="науката" pos="X">науката</wf>
         <wf lemma="и" pos="X">и</wf>
         <wf lemma="техниката" pos="X">техниката</wf>
         <wf lemma="." pos="X">.</wf>
      </sentence>
      <sentence id="d000.s3522" source="wordnet-bulgarian">
         <instance id="d000.s3522.t000" lemma="изхарча" pos="VERB">Изхарчих</instance>
         <wf lemma="цяло" pos="X">цяло</wf>
         <wf lemma="състояние" pos="X">състояние</wf>
         <wf lemma="." pos="X">.</wf>
      </sentence>
      <sentence id="d000.s3523" source="wordnet-bulgarian">
         <wf lemma="печеля" pos="X">печеля</wf>
         <instance id="d000.s3523.t000" lemma="пара" pos="NOUN">пари</instance>
         <wf lemma="." pos="X">.</wf>
      </sentence>
      <sentence id="d000.s3524" source="wordnet-bulgarian">
         <wf lemma="широко" pos="X">широко</wf>
         <instance id="d000.s3524.t000" lemma="гърло" pos="NOUN">гърло</instance>
         <wf lemma="." pos="X">.</wf>
      </sentence>
      <sentence id="d000.s3525" source="wordnet-bulgarian">
         <instance id="d000.s3525.t000" lemma="самолет" pos="NOUN">самолет</instance>
         <wf lemma="катастрофира" pos="X">катастрофира</wf>
         <wf lemma="." pos="X">.</wf>
      </sentence>
      <sentence id="d000.s3526" source="wordnet-bulgarian">
         <wf lemma="съединителна" pos="X">съединителна</wf>
         <instance id="d000.s3526.t000" lemma="тъкан" pos="NOUN">тъкан</instance>
         <wf lemma="." pos="X">.</wf>
      </sentence>
      <sentence id="d000.s3527" source="wordnet-bulgarian">
         <wf lemma="светла" pos="X">светла</wf>
         <instance id="d000.s3527.t000" lemma="кожа" pos="NOUN">кожа</instance>
         <wf lemma="." pos="X">.</wf>
      </sentence>
      <sentence id="d000.s3528" source="wordnet-bulgarian">
         <instance id="d000.s3528.t000" lemma="предмет" pos="NOUN">Предмети</instance>
         <wf lemma="от" pos="X">от</wf>
         <wf lemma="първа" pos="X">първа</wf>
         <wf lemma="необходимост" pos="X">необходимост</wf>
         <wf lemma="." pos="X">.</wf>
      </sentence>
      <sentence id="d000.s3529" source="wordnet-bulgarian">
         <instance id="d000.s3529.t000" lemma="замръзна" pos="VERB">Замръзнах</instance>
         <wf lemma="без" pos="X">без</wf>
         <wf lemma="палто" pos="X">палто</wf>
         <wf lemma="." pos="X">.</wf>
      </sentence>
      <sentence id="d000.s3530" source="wordnet-bulgarian">
         <wf lemma="Той" pos="X">Той</wf>
         <instance id="d000.s3530.t000" lemma="изменя" pos="VERB">измени</instance>
         <wf lemma="на" pos="X">на</wf>
         <wf lemma="страната" pos="X">страната</wf>
         <wf lemma="си" pos="X">си</wf>
         <wf lemma="." pos="X">.</wf>
      </sentence>
      <sentence id="d000.s3531" source="wordnet-bulgarian">
         <wf lemma="Стига" pos="X">Стига</wf>
         <instance id="d000.s3531.t000" lemma="игра" pos="NOUN">игри</instance>
         <wf lemma="," pos="X">,</wf>
         <wf lemma="време" pos="X">време</wf>
         <wf lemma="е" pos="X">е</wf>
         <wf lemma="за" pos="X">за</wf>
         <wf lemma="спане" pos="X">спане</wf>
         <wf lemma="." pos="X">.</wf>
      </sentence>
      <sentence id="d000.s3532" source="wordnet-bulgarian">
         <wf lemma="Как" pos="X">Как</wf>
         <wf lemma="се" pos="X">се</wf>
         <wf lemma="наричаш" pos="X">наричаш</wf>
         <wf lemma="по" pos="X">по</wf>
         <instance id="d000.s3532.t000" lemma="баща" pos="NOUN">баща</instance>
         <wf lemma="?" pos="X">?</wf>
      </sentence>
      <sentence id="d000.s3533" source="wordnet-bulgarian">
         <wf lemma="крехка" pos="X">крехка</wf>
         <instance id="d000.s3533.t000" lemma="възраст" pos="NOUN">възраст</instance>
         <wf lemma="." pos="X">.</wf>
      </sentence>
      <sentence id="d000.s3534" source="wordnet-bulgarian">
         <wf lemma="Пушенето" pos="X">Пушенето</wf>
         <wf lemma="му" pos="X">му</wf>
         <wf lemma="е" pos="X">е</wf>
         <wf lemma="станало" pos="X">станало</wf>
         <instance id="d000.s3534.t000" lemma="навик" pos="NOUN">навик</instance>
         <wf lemma="." pos="X">.</wf>
      </sentence>
      <sentence id="d000.s3535" source="wordnet-bulgarian">
         <wf lemma="бърз" pos="X">бърз</wf>
         <instance id="d000.s3535.t000" lemma="поглед" pos="NOUN">поглед</instance>
         <wf lemma="." pos="X">.</wf>
      </sentence>
      <sentence id="d000.s3536" source="wordnet-bulgarian">
         <wf lemma="Децата" pos="X">Децата</wf>
         <wf lemma="са" pos="X">са</wf>
         <wf lemma="моят" pos="X">моят</wf>
         <instance id="d000.s3536.t000" lemma="живот" pos="NOUN">живот</instance>
         <wf lemma="." pos="X">.</wf>
      </sentence>
      <sentence id="d000.s3537" source="wordnet-bulgarian">
         <wf lemma="Връщам" pos="X">Връщам</wf>
         <wf lemma="се" pos="X">се</wf>
         <wf lemma="от" pos="X">от</wf>
         <instance id="d000.s3537.t000" lemma="училище" pos="NOUN">училище</instance>
         <wf lemma="около" pos="X">около</wf>
         <wf lemma="обяд" pos="X">обяд</wf>
         <wf lemma="." pos="X">.</wf>
      </sentence>
      <sentence id="d000.s3538" source="wordnet-bulgarian">
         <wf lemma="гише" pos="X">гише</wf>
         <wf lemma="за" pos="X">за</wf>
         <instance id="d000.s3538.t000" lemma="билет" pos="NOUN">билети</instance>
         <wf lemma="." pos="X">.</wf>
      </sentence>
      <sentence id="d000.s3539" source="wordnet-bulgarian">
         <wf lemma="преди" pos="X">преди</wf>
         <instance id="d000.s3539.t000" lemma="репетиция" pos="NOUN">репетиция</instance>
         <wf lemma="." pos="X">.</wf>
      </sentence>
      <sentence id="d000.s3540" source="wordnet-bulgarian">
         <wf lemma="Забравих" pos="X">Забравих</wf>
         <wf lemma="си" pos="X">си</wf>
         <wf lemma="документите" pos="X">документите</wf>
         <wf lemma="в" pos="X">в</wf>
         <instance id="d000.s3540.t000" lemma="джоб" pos="NOUN">джоба</instance>
         <wf lemma="на" pos="X">на</wf>
         <wf lemma="сакото" pos="X">сакото</wf>
         <wf lemma="." pos="X">.</wf>
      </sentence>
      <sentence id="d000.s3541" source="wordnet-bulgarian">
         <wf lemma="тежка" pos="X">тежка</wf>
         <instance id="d000.s3541.t000" lemma="фрактура" pos="NOUN">фрактура</instance>
         <wf lemma="." pos="X">.</wf>
      </sentence>
      <sentence id="d000.s3542" source="wordnet-bulgarian">
         <instance id="d000.s3542.t000" lemma="завръщане" pos="NOUN">завръщане</instance>
         <wf lemma="у" pos="X">у</wf>
         <wf lemma="дома" pos="X">дома</wf>
         <wf lemma="." pos="X">.</wf>
      </sentence>
      <sentence id="d000.s3543" source="wordnet-bulgarian">
         <wf lemma="разравям" pos="X">разравям</wf>
         <instance id="d000.s3543.t000" lemma="архив" pos="NOUN">архивите</instance>
         <wf lemma="." pos="X">.</wf>
      </sentence>
      <sentence id="d000.s3544" source="wordnet-bulgarian">
         <instance id="d000.s3544.t000" lemma="вода" pos="NOUN">вода</instance>
         <wf lemma="за" pos="X">за</wf>
         <wf lemma="пиене" pos="X">пиене</wf>
         <wf lemma="." pos="X">.</wf>
      </sentence>
      <sentence id="d000.s3545" source="wordnet-bulgarian">
         <instance id="d000.s3545.t000" lemma="нос" pos="NOUN">Носът</instance>
         <wf lemma="ми" pos="X">ми</wf>
         <wf lemma="тече" pos="X">тече</wf>
         <wf lemma="." pos="X">.</wf>
      </sentence>
      <sentence id="d000.s3546" source="wordnet-bulgarian">
         <instance id="d000.s3546.t000" lemma="сделка" pos="NOUN">Сделката</instance>
         <wf lemma="ще" pos="X">ще</wf>
         <wf lemma="се" pos="X">се</wf>
         <wf lemma="сключи" pos="X">сключи</wf>
         <wf lemma="и" pos="X">и</wf>
         <wf lemma="без" pos="X">без</wf>
         <wf lemma="него" pos="X">него</wf>
         <wf lemma="." pos="X">.</wf>
      </sentence>
      <sentence id="d000.s3547" source="wordnet-bulgarian">
         <wf lemma="искам" pos="X">искам</wf>
         <instance id="d000.s3547.t000" lemma="справедливост" pos="NOUN">справедливост</instance>
         <wf lemma="от" pos="X">от</wf>
         <wf lemma="." pos="X">.</wf>
      </sentence>
      <sentence id="d000.s3548" source="wordnet-bulgarian">
         <wf lemma="Правя" pos="X">Правя</wf>
         <instance id="d000.s3548.t000" lemma="кафе" pos="NOUN">кафе</instance>
         <wf lemma="." pos="X">.</wf>
      </sentence>
      <sentence id="d000.s3549" source="wordnet-bulgarian">
         <wf lemma="роднинска" pos="X">роднинска</wf>
         <instance id="d000.s3549.t000" lemma="връзка" pos="NOUN">връзка</instance>
         <wf lemma="." pos="X">.</wf>
      </sentence>
      <sentence id="d000.s3550" source="wordnet-bulgarian">
         <wf lemma="умирам" pos="X">умирам</wf>
         <wf lemma="от" pos="X">от</wf>
         <instance id="d000.s3550.t000" lemma="студ" pos="NOUN">студ</instance>
         <wf lemma="." pos="X">.</wf>
      </sentence>
      <sentence id="d000.s3551" source="wordnet-bulgarian">
         <instance id="d000.s3551.t000" lemma="присъствие" pos="NOUN">Присъствието</instance>
         <wf lemma="ви" pos="X">ви</wf>
         <wf lemma="е" pos="X">е</wf>
         <wf lemma="нежелателно" pos="X">нежелателно</wf>
         <wf lemma="." pos="X">.</wf>
      </sentence>
      <sentence id="d000.s3552" source="wordnet-bulgarian">
         <wf lemma="неправилно" pos="X">неправилно</wf>
         <instance id="d000.s3552.t000" lemma="изречение" pos="NOUN">изречение</instance>
         <wf lemma="." pos="X">.</wf>
      </sentence>
      <sentence id="d000.s3553" source="wordnet-bulgarian">
         <wf lemma="падна" pos="X">падна</wf>
         <wf lemma="гъста" pos="X">гъста</wf>
         <instance id="d000.s3553.t000" lemma="мъгла" pos="NOUN">мъгла</instance>
         <wf lemma="." pos="X">.</wf>
      </sentence>
      <sentence id="d000.s3554" source="wordnet-bulgarian">
         <wf lemma="международен" pos="X">международен</wf>
         <instance id="d000.s3554.t000" lemma="паспорт" pos="NOUN">паспорт</instance>
         <wf lemma="." pos="X">.</wf>
      </sentence>
      <sentence id="d000.s3555" source="wordnet-bulgarian">
         <instance id="d000.s3555.t000" lemma="екипаж" pos="NOUN">екипаж</instance>
         <wf lemma="на" pos="X">на</wf>
         <wf lemma="." pos="X">.</wf>
      </sentence>
      <sentence id="d000.s3556" source="wordnet-bulgarian">
         <wf lemma="кавалерийска" pos="X">кавалерийска</wf>
         <instance id="d000.s3556.t000" lemma="атака" pos="NOUN">атака</instance>
         <wf lemma="." pos="X">.</wf>
      </sentence>
      <sentence id="d000.s3557" source="wordnet-bulgarian">
         <wf lemma="подходяща" pos="X">подходяща</wf>
         <instance id="d000.s3557.t000" lemma="партия" pos="NOUN">партия</instance>
         <wf lemma="." pos="X">.</wf>
      </sentence>
      <sentence id="d000.s3558" source="wordnet-bulgarian">
         <wf lemma="занаятчийска" pos="X">занаятчийска</wf>
         <instance id="d000.s3558.t000" lemma="работилница" pos="NOUN">работилница</instance>
         <wf lemma="." pos="X">.</wf>
      </sentence>
      <sentence id="d000.s3559" source="wordnet-bulgarian">
         <instance id="d000.s3559.t000" lemma="купувам" pos="VERB">купувам</instance>
         <wf lemma="хляб" pos="X">хляб</wf>
         <wf lemma="." pos="X">.</wf>
      </sentence>
      <sentence id="d000.s3560" source="wordnet-bulgarian">
         <wf lemma="авариен" pos="X">авариен</wf>
         <instance id="d000.s3560.t000" lemma="изход" pos="NOUN">изход</instance>
         <wf lemma="." pos="X">.</wf>
      </sentence>
      <sentence id="d000.s3561" source="wordnet-bulgarian">
         <wf lemma="В" pos="X">В</wf>
         <wf lemma="песента" pos="X">песента</wf>
         <wf lemma="има" pos="X">има</wf>
         <instance id="d000.s3561.t000" lemma="хармония" pos="NOUN">хармония</instance>
         <wf lemma="." pos="X">.</wf>
      </sentence>
      <sentence id="d000.s3562" source="wordnet-bulgarian">
         <wf lemma="подкрепям" pos="X">подкрепям</wf>
         <instance id="d000.s3562.t000" lemma="предположение" pos="NOUN">предположението</instance>
         <wf lemma="на" pos="X">на</wf>
         <wf lemma="." pos="X">.</wf>
      </sentence>
      <sentence id="d000.s3563" source="wordnet-bulgarian">
         <wf lemma="прегърната" pos="X">прегърната</wf>
         <instance id="d000.s3563.t000" lemma="двойка" pos="NOUN">двойка</instance>
         <wf lemma="." pos="X">.</wf>
      </sentence>
      <sentence id="d000.s3564" source="wordnet-bulgarian">
         <wf lemma="Няколко" pos="X">Няколко</wf>
         <instance id="d000.s3564.t000" lemma="кокошка" pos="NOUN">кокошки</instance>
         <wf lemma="се" pos="X">се</wf>
         <wf lemma="разхождаха" pos="X">разхождаха</wf>
         <wf lemma="из" pos="X">из</wf>
         <wf lemma="двора" pos="X">двора</wf>
         <wf lemma="." pos="X">.</wf>
      </sentence>
      <sentence id="d000.s3565" source="wordnet-bulgarian">
         <wf lemma="за" pos="X">за</wf>
         <instance id="d000.s3565.t000" lemma="успокоение" pos="NOUN">успокоение</instance>
         <wf lemma="на" pos="X">на</wf>
         <wf lemma="." pos="X">.</wf>
      </sentence>
      <sentence id="d000.s3566" source="wordnet-bulgarian">
         <wf lemma="не" pos="X">не</wf>
         <wf lemma="притежавам" pos="X">притежавам</wf>
         <instance id="d000.s3566.t000" lemma="оръжие" pos="NOUN">оръжие</instance>
         <wf lemma="." pos="X">.</wf>
      </sentence>
      <sentence id="d000.s3567" source="wordnet-bulgarian">
         <wf lemma="през" pos="X">през</wf>
         <wf lemma="септември" pos="X">септември</wf>
         <wf lemma="тази" pos="X">тази</wf>
         <instance id="d000.s3567.t000" lemma="година" pos="NOUN">година</instance>
         <wf lemma="." pos="X">.</wf>
      </sentence>
      <sentence id="d000.s3568" source="wordnet-bulgarian">
         <wf lemma="Ще" pos="X">Ще</wf>
         <wf lemma="ви" pos="X">ви</wf>
         <instance id="d000.s3568.t000" lemma="кажа" pos="VERB">кажа</instance>
         <wf lemma="какви" pos="X">какви</wf>
         <wf lemma="чудни" pos="X">чудни</wf>
         <wf lemma="неща" pos="X">неща</wf>
         <wf lemma="видях" pos="X">видях</wf>
         <wf lemma="." pos="X">.</wf>
      </sentence>
      <sentence id="d000.s3569" source="wordnet-bulgarian">
         <wf lemma="Вземам" pos="X">Вземам</wf>
         <wf lemma="го" pos="X">го</wf>
         <wf lemma="под" pos="X">под</wf>
         <wf lemma="своя" pos="X">своя</wf>
         <instance id="d000.s3569.t000" lemma="закрила" pos="NOUN">закрила</instance>
         <wf lemma="." pos="X">.</wf>
      </sentence>
      <sentence id="d000.s3570" source="wordnet-bulgarian">
         <instance id="d000.s3570.t000" lemma="политик" pos="NOUN">политик</instance>
         <wf lemma="с" pos="X">с</wf>
         <wf lemma="бъдеще" pos="X">бъдеще</wf>
         <wf lemma="." pos="X">.</wf>
      </sentence>
      <sentence id="d000.s3571" source="wordnet-bulgarian">
         <wf lemma="отбивам" pos="X">отбивам</wf>
         <wf lemma="си" pos="X">си</wf>
         <instance id="d000.s3571.t000" lemma="грижа" pos="NOUN">грижата</instance>
         <wf lemma="за" pos="X">за</wf>
         <wf lemma="." pos="X">.</wf>
      </sentence>
      <sentence id="d000.s3572" source="wordnet-bulgarian">
         <wf lemma="обработвам" pos="X">обработвам</wf>
         <wf lemma="данни" pos="X">данни</wf>
         <wf lemma="с" pos="X">с</wf>
         <wf lemma="помощта" pos="X">помощта</wf>
         <wf lemma="на" pos="X">на</wf>
         <instance id="d000.s3572.t000" lemma="компютър" pos="NOUN">компютър</instance>
         <wf lemma="." pos="X">.</wf>
      </sentence>
      <sentence id="d000.s3573" source="wordnet-bulgarian">
         <wf lemma="международно" pos="X">международно</wf>
         <instance id="d000.s3573.t000" lemma="изложение" pos="NOUN">изложение</instance>
         <wf lemma="." pos="X">.</wf>
      </sentence>
      <sentence id="d000.s3574" source="wordnet-bulgarian">
         <wf lemma="здравна" pos="X">здравна</wf>
         <instance id="d000.s3574.t000" lemma="реформа" pos="NOUN">реформа</instance>
         <wf lemma="." pos="X">.</wf>
      </sentence>
      <sentence id="d000.s3575" source="wordnet-bulgarian">
         <instance id="d000.s3575.t000" lemma="пестеливост" pos="NOUN">Пестеливостта</instance>
         <wf lemma="му" pos="X">му</wf>
         <wf lemma="е" pos="X">е</wf>
         <wf lemma="пословична" pos="X">пословична</wf>
         <wf lemma="." pos="X">.</wf>
      </sentence>
      <sentence id="d000.s3576" source="wordnet-bulgarian">
         <wf lemma="на" pos="X">на</wf>
         <instance id="d000.s3576.t000" lemma="север" pos="NOUN">север</instance>
         <wf lemma="." pos="X">.</wf>
      </sentence>
      <sentence id="d000.s3577" source="wordnet-bulgarian">
         <wf lemma="изкарвам" pos="X">изкарвам</wf>
         <wf lemma="много" pos="X">много</wf>
         <instance id="d000.s3577.t000" lemma="пара" pos="NOUN">пари</instance>
         <wf lemma="." pos="X">.</wf>
      </sentence>
      <sentence id="d000.s3578" source="wordnet-bulgarian">
         <wf lemma="без" pos="X">без</wf>
         <instance id="d000.s3578.t000" lemma="забележка" pos="NOUN">забележки</instance>
         <wf lemma="." pos="X">.</wf>
      </sentence>
      <sentence id="d000.s3579" source="wordnet-bulgarian">
         <wf lemma="пухена" pos="X">пухена</wf>
         <instance id="d000.s3579.t000" lemma="възглавница" pos="NOUN">възглавница</instance>
         <wf lemma="." pos="X">.</wf>
      </sentence>
      <sentence id="d000.s3580" source="wordnet-bulgarian">
         <wf lemma="Често" pos="X">Често</wf>
         <wf lemma="за" pos="X">за</wf>
         <wf lemma="закуска" pos="X">закуска</wf>
         <wf lemma="си" pos="X">си</wf>
         <wf lemma="купувам" pos="X">купувам</wf>
         <instance id="d000.s3580.t000" lemma="хотдог" pos="NOUN">хотдог</instance>
         <wf lemma="." pos="X">.</wf>
      </sentence>
      <sentence id="d000.s3581" source="wordnet-bulgarian">
         <instance id="d000.s3581.t000" lemma="служба" pos="NOUN">служба</instance>
         <wf lemma="в" pos="X">в</wf>
         <wf lemma="памет" pos="X">памет</wf>
         <wf lemma="на" pos="X">на</wf>
         <wf lemma="мъртвите" pos="X">мъртвите</wf>
         <wf lemma="." pos="X">.</wf>
      </sentence>
      <sentence id="d000.s3582" source="wordnet-bulgarian">
         <wf lemma="избирателни" pos="X">избирателни</wf>
         <instance id="d000.s3582.t000" lemma="списък" pos="NOUN">списъци</instance>
         <wf lemma="." pos="X">.</wf>
      </sentence>
      <sentence id="d000.s3583" source="wordnet-bulgarian">
         <wf lemma="трябва" pos="X">трябва</wf>
         <wf lemma="да" pos="X">да</wf>
         <instance id="d000.s3583.t000" lemma="изтъкна" pos="VERB">изтъкна</instance>
         <wf lemma="," pos="X">,</wf>
         <wf lemma="че" pos="X">че</wf>
         <wf lemma="." pos="X">.</wf>
      </sentence>
      <sentence id="d000.s3584" source="wordnet-bulgarian">
         <wf lemma="студено" pos="X">студено</wf>
         <instance id="d000.s3584.t000" lemma="мазе" pos="NOUN">мазе</instance>
         <wf lemma="." pos="X">.</wf>
      </sentence>
      <sentence id="d000.s3585" source="wordnet-bulgarian">
         <instance id="d000.s3585.t000" lemma="пренасям" pos="VERB">пренасям</instance>
         <wf lemma="в" pos="X">в</wf>
         <wf lemma="чужбина" pos="X">чужбина</wf>
         <wf lemma="." pos="X">.</wf>
      </sentence>
      <sentence id="d000.s3586" source="wordnet-bulgarian">
         <wf lemma="От" pos="X">От</wf>
         <wf lemma="бул." pos="X">бул.</wf>
         <wf lemma="&quot;" pos="X">&quot;</wf>
         <wf lemma="Сливница" pos="X">Сливница</wf>
         <wf lemma="&quot;" pos="X">&quot;</wf>
         <wf lemma="до" pos="X">до</wf>
         <wf lemma="Централна" pos="X">Централна</wf>
         <wf lemma="гара" pos="X">гара</wf>
         <wf lemma="пък" pos="X">пък</wf>
         <wf lemma="ще" pos="X">ще</wf>
         <wf lemma="има" pos="X">има</wf>
         <wf lemma="трамвайна" pos="X">трамвайна</wf>
         <instance id="d000.s3586.t000" lemma="мотриса" pos="NOUN">мотриса</instance>
         <wf lemma="," pos="X">,</wf>
         <wf lemma="която" pos="X">която</wf>
         <wf lemma="ще" pos="X">ще</wf>
         <wf lemma="се" pos="X">се</wf>
         <wf lemma="движи" pos="X">движи</wf>
         <wf lemma="на" pos="X">на</wf>
         <wf lemma="10-минутен" pos="X">10-минутен</wf>
         <wf lemma="график" pos="X">график</wf>
         <wf lemma="." pos="X">.</wf>
      </sentence>
      <sentence id="d000.s3587" source="wordnet-bulgarian">
         <wf lemma="обгръщам" pos="X">обгръщам</wf>
         <wf lemma="с" pos="X">с</wf>
         <instance id="d000.s3587.t000" lemma="ръка" pos="NOUN">ръце</instance>
         <wf lemma="." pos="X">.</wf>
      </sentence>
      <sentence id="d000.s3588" source="wordnet-bulgarian">
         <instance id="d000.s3588.t000" lemma="упражнение" pos="NOUN">упражнения</instance>
         <wf lemma="за" pos="X">за</wf>
         <wf lemma="корема" pos="X">корема</wf>
         <wf lemma="." pos="X">.</wf>
      </sentence>
      <sentence id="d000.s3589" source="wordnet-bulgarian">
         <wf lemma="спестовен" pos="X">спестовен</wf>
         <instance id="d000.s3589.t000" lemma="влог" pos="NOUN">влог</instance>
         <wf lemma="." pos="X">.</wf>
      </sentence>
      <sentence id="d000.s3590" source="wordnet-bulgarian">
         <instance id="d000.s3590.t000" lemma="имитирам" pos="VERB">имитирам</instance>
         <wf lemma="движенията" pos="X">движенията</wf>
         <wf lemma="на" pos="X">на</wf>
         <wf lemma="." pos="X">.</wf>
      </sentence>
      <sentence id="d000.s3591" source="wordnet-bulgarian">
         <wf lemma="дебела" pos="X">дебела</wf>
         <instance id="d000.s3591.t000" lemma="папка" pos="NOUN">папка</instance>
         <wf lemma="." pos="X">.</wf>
      </sentence>
      <sentence id="d000.s3592" source="wordnet-bulgarian">
         <wf lemma="ужасна" pos="X">ужасна</wf>
         <instance id="d000.s3592.t000" lemma="бъркотия" pos="NOUN">бъркотия</instance>
         <wf lemma="." pos="X">.</wf>
      </sentence>
      <sentence id="d000.s3593" source="wordnet-bulgarian">
         <wf lemma="нямам" pos="X">нямам</wf>
         <instance id="d000.s3593.t000" lemma="чар" pos="NOUN">чар</instance>
         <wf lemma="." pos="X">.</wf>
      </sentence>
      <sentence id="d000.s3594" source="wordnet-bulgarian">
         <wf lemma="кален" pos="X">кален</wf>
         <instance id="d000.s3594.t000" lemma="път" pos="NOUN">път</instance>
         <wf lemma="." pos="X">.</wf>
      </sentence>
      <sentence id="d000.s3595" source="wordnet-bulgarian">
         <wf lemma="Слагам" pos="X">Слагам</wf>
         <wf lemma="си" pos="X">си</wf>
         <wf lemma="ръка" pos="X">ръка</wf>
         <wf lemma="на" pos="X">на</wf>
         <instance id="d000.s3595.t000" lemma="уста" pos="NOUN">устата</instance>
         <wf lemma="." pos="X">.</wf>
      </sentence>
      <sentence id="d000.s3596" source="wordnet-bulgarian">
         <instance id="d000.s3596.t000" lemma="запомням" pos="VERB">запомням</instance>
         <wf lemma="урок" pos="X">урок</wf>
         <wf lemma="." pos="X">.</wf>
      </sentence>
      <sentence id="d000.s3597" source="wordnet-bulgarian">
         <wf lemma="излъчвам" pos="X">излъчвам</wf>
         <instance id="d000.s3597.t000" lemma="репортаж" pos="NOUN">репортаж</instance>
         <wf lemma="." pos="X">.</wf>
      </sentence>
      <sentence id="d000.s3598" source="wordnet-bulgarian">
         <wf lemma="офис" pos="X">офис</wf>
         <instance id="d000.s3598.t000" lemma="стол" pos="NOUN">столове</instance>
         <wf lemma="." pos="X">.</wf>
      </sentence>
      <sentence id="d000.s3599" source="wordnet-bulgarian">
         <wf lemma="заплашителен" pos="X">заплашителен</wf>
         <instance id="d000.s3599.t000" lemma="тон" pos="NOUN">тон</instance>
         <wf lemma="." pos="X">.</wf>
      </sentence>
      <sentence id="d000.s3600" source="wordnet-bulgarian">
         <wf lemma="откривам" pos="X">откривам</wf>
         <instance id="d000.s3600.t000" lemma="стрелба" pos="NOUN">стрелба</instance>
         <wf lemma="." pos="X">.</wf>
      </sentence>
      <sentence id="d000.s3601" source="wordnet-bulgarian">
         <wf lemma="понерително" pos="X">понерително</wf>
         <instance id="d000.s3601.t000" lemma="писмо" pos="NOUN">писмо</instance>
         <wf lemma="." pos="X">.</wf>
      </sentence>
      <sentence id="d000.s3602" source="wordnet-bulgarian">
         <wf lemma="Това" pos="X">Това</wf>
         <wf lemma="ще" pos="X">ще</wf>
         <wf lemma="даде" pos="X">даде</wf>
         <wf lemma="нов" pos="X">нов</wf>
         <instance id="d000.s3602.t000" lemma="тласък" pos="NOUN">тласък</instance>
         <wf lemma="на" pos="X">на</wf>
         <wf lemma="нашите" pos="X">нашите</wf>
         <wf lemma="борби" pos="X">борби</wf>
         <wf lemma="." pos="X">.</wf>
      </sentence>
      <sentence id="d000.s3603" source="wordnet-bulgarian">
         <instance id="d000.s3603.t000" lemma="данък" pos="NOUN">данък</instance>
         <wf lemma="смет" pos="X">смет</wf>
         <wf lemma="." pos="X">.</wf>
      </sentence>
      <sentence id="d000.s3604" source="wordnet-bulgarian">
         <wf lemma="театрална" pos="X">театрална</wf>
         <instance id="d000.s3604.t000" lemma="трупа" pos="NOUN">трупа</instance>
         <wf lemma="." pos="X">.</wf>
      </sentence>
      <sentence id="d000.s3605" source="wordnet-bulgarian">
         <wf lemma="С" pos="X">С</wf>
         <wf lemma="такъв" pos="X">такъв</wf>
         <wf lemma="простак" pos="X">простак</wf>
         <wf lemma="не" pos="X">не</wf>
         <wf lemma="можеш" pos="X">можеш</wf>
         <wf lemma="да" pos="X">да</wf>
         <wf lemma="имаш" pos="X">имаш</wf>
         <wf lemma="никакво" pos="X">никакво</wf>
         <instance id="d000.s3605.t000" lemma="разбирателство" pos="NOUN">разбирателство</instance>
         <wf lemma="." pos="X">.</wf>
      </sentence>
      <sentence id="d000.s3606" source="wordnet-bulgarian">
         <wf lemma="няма" pos="X">няма</wf>
         <instance id="d000.s3606.t000" lemma="изход" pos="NOUN">изход</instance>
         <wf lemma="." pos="X">.</wf>
      </sentence>
      <sentence id="d000.s3607" source="wordnet-bulgarian">
         <wf lemma="През" pos="X">През</wf>
         <wf lemma="нощта" pos="X">нощта</wf>
         <wf lemma="му" pos="X">му</wf>
         <wf lemma="се" pos="X">се</wf>
         <wf lemma="яви" pos="X">яви</wf>
         <instance id="d000.s3607.t000" lemma="ангел" pos="NOUN">ангел</instance>
         <wf lemma="." pos="X">.</wf>
      </sentence>
      <sentence id="d000.s3608" source="wordnet-bulgarian">
         <wf lemma="български" pos="X">български</wf>
         <wf lemma="пограничен" pos="X">пограничен</wf>
         <instance id="d000.s3608.t000" lemma="пост" pos="NOUN">пост</instance>
         <wf lemma="." pos="X">.</wf>
      </sentence>
      <sentence id="d000.s3609" source="wordnet-bulgarian">
         <wf lemma="ленено" pos="X">ленено</wf>
         <instance id="d000.s3609.t000" lemma="масло" pos="NOUN">масло</instance>
         <wf lemma="." pos="X">.</wf>
      </sentence>
      <sentence id="d000.s3610" source="wordnet-bulgarian">
         <wf lemma="Дворът" pos="X">Дворът</wf>
         <wf lemma="е" pos="X">е</wf>
         <wf lemma="обрасъл" pos="X">обрасъл</wf>
         <wf lemma="с" pos="X">с</wf>
         <instance id="d000.s3610.t000" lemma="бурен" pos="NOUN">бурени</instance>
         <wf lemma="." pos="X">.</wf>
      </sentence>
      <sentence id="d000.s3611" source="wordnet-bulgarian">
         <instance id="d000.s3611.t000" lemma="трафик" pos="NOUN">Трафикът</instance>
         <wf lemma="намаля" pos="X">намаля</wf>
         <wf lemma="." pos="X">.</wf>
      </sentence>
      <sentence id="d000.s3612" source="wordnet-bulgarian">
         <wf lemma="кварцов" pos="X">кварцов</wf>
         <instance id="d000.s3612.t000" lemma="пясък" pos="NOUN">пясък</instance>
         <wf lemma="." pos="X">.</wf>
      </sentence>
      <sentence id="d000.s3613" source="wordnet-bulgarian">
         <wf lemma="голям" pos="X">голям</wf>
         <instance id="d000.s3613.t000" lemma="паяк" pos="NOUN">паяк</instance>
         <wf lemma="." pos="X">.</wf>
      </sentence>
      <sentence id="d000.s3614" source="wordnet-bulgarian">
         <wf lemma="долната" pos="X">долната</wf>
         <instance id="d000.s3614.t000" lemma="половина" pos="NOUN">половина</instance>
         <wf lemma="на" pos="X">на</wf>
         <wf lemma="." pos="X">.</wf>
      </sentence>
      <sentence id="d000.s3615" source="wordnet-bulgarian">
         <wf lemma="отървах" pos="X">отървах</wf>
         <wf lemma="се" pos="X">се</wf>
         <wf lemma="от" pos="X">от</wf>
         <instance id="d000.s3615.t000" lemma="мъка" pos="NOUN">мъките</instance>
         <wf lemma="." pos="X">.</wf>
      </sentence>
      <sentence id="d000.s3616" source="wordnet-bulgarian">
         <wf lemma="чаена" pos="X">чаена</wf>
         <instance id="d000.s3616.t000" lemma="лъжица" pos="NOUN">лъжица</instance>
         <wf lemma="." pos="X">.</wf>
      </sentence>
      <sentence id="d000.s3617" source="wordnet-bulgarian">
         <wf lemma="Работниците" pos="X">Работниците</wf>
         <instance id="d000.s3617.t000" lemma="протестирам" pos="VERB">протестират</instance>
         <wf lemma="срещу" pos="X">срещу</wf>
         <wf lemma="увеличението" pos="X">увеличението</wf>
         <wf lemma="на" pos="X">на</wf>
         <wf lemma="цените" pos="X">цените</wf>
         <wf lemma="." pos="X">.</wf>
      </sentence>
      <sentence id="d000.s3618" source="wordnet-bulgarian">
         <instance id="d000.s3618.t000" lemma="залагам" pos="VERB">залагам</instance>
         <wf lemma="апартамент" pos="X">апартамент</wf>
         <wf lemma="." pos="X">.</wf>
      </sentence>
      <sentence id="d000.s3619" source="wordnet-bulgarian">
         <instance id="d000.s3619.t000" lemma="прибавя" pos="VERB">Прибави</instance>
         <wf lemma="тази" pos="X">тази</wf>
         <wf lemma="цена" pos="X">цена</wf>
         <wf lemma="към" pos="X">към</wf>
         <wf lemma="предишната" pos="X">предишната</wf>
         <wf lemma="." pos="X">.</wf>
      </sentence>
      <sentence id="d000.s3620" source="wordnet-bulgarian">
         <instance id="d000.s3620.t000" lemma="управлявам" pos="VERB">управлявам</instance>
         <wf lemma="машина" pos="X">машина</wf>
         <wf lemma="." pos="X">.</wf>
      </sentence>
      <sentence id="d000.s3621" source="wordnet-bulgarian">
         <instance id="d000.s3621.t000" lemma="слушам" pos="VERB">Слушай</instance>
         <wf lemma="ме" pos="X">ме</wf>
         <wf lemma="какво" pos="X">какво</wf>
         <wf lemma="ти" pos="X">ти</wf>
         <wf lemma="говоря" pos="X">говоря</wf>
         <wf lemma="." pos="X">.</wf>
      </sentence>
      <sentence id="d000.s3622" source="wordnet-bulgarian">
         <instance id="d000.s3622.t000" lemma="агенция" pos="NOUN">агенция</instance>
         <wf lemma="по" pos="X">по</wf>
         <wf lemma="заетостта" pos="X">заетостта</wf>
         <wf lemma="." pos="X">.</wf>
      </sentence>
      <sentence id="d000.s3623" source="wordnet-bulgarian">
         <wf lemma="многохилядна" pos="X">многохилядна</wf>
         <instance id="d000.s3623.t000" lemma="демонстрация" pos="NOUN">демонстрация</instance>
         <wf lemma="." pos="X">.</wf>
      </sentence>
      <sentence id="d000.s3624" source="wordnet-bulgarian">
         <wf lemma="движимо" pos="X">движимо</wf>
         <instance id="d000.s3624.t000" lemma="имущество" pos="NOUN">имущество</instance>
         <wf lemma="." pos="X">.</wf>
      </sentence>
      <sentence id="d000.s3625" source="wordnet-bulgarian">
         <wf lemma="красив" pos="X">красив</wf>
         <instance id="d000.s3625.t000" lemma="пейзаж" pos="NOUN">пейзаж</instance>
         <wf lemma="." pos="X">.</wf>
      </sentence>
      <sentence id="d000.s3626" source="wordnet-bulgarian">
         <wf lemma="документален" pos="X">документален</wf>
         <instance id="d000.s3626.t000" lemma="филм" pos="NOUN">филм</instance>
         <wf lemma="." pos="X">.</wf>
      </sentence>
      <sentence id="d000.s3627" source="wordnet-bulgarian">
         <wf lemma="Живея" pos="X">Живея</wf>
         <wf lemma="в" pos="X">в</wf>
         <instance id="d000.s3627.t000" lemma="град" pos="NOUN">града</instance>
         <wf lemma="." pos="X">.</wf>
      </sentence>
      <sentence id="d000.s3628" source="wordnet-bulgarian">
         <wf lemma="детски" pos="X">детски</wf>
         <instance id="d000.s3628.t000" lemma="лекар" pos="NOUN">лекар</instance>
         <wf lemma="." pos="X">.</wf>
      </sentence>
      <sentence id="d000.s3629" source="wordnet-bulgarian">
         <instance id="d000.s3629.t000" lemma="мухъл" pos="NOUN">Мухъл</instance>
         <wf lemma="покриваше" pos="X">покриваше</wf>
         <wf lemma="стените" pos="X">стените</wf>
         <wf lemma="." pos="X">.</wf>
      </sentence>
      <sentence id="d000.s3630" source="wordnet-bulgarian">
         <wf lemma="Той" pos="X">Той</wf>
         <wf lemma="тръгна" pos="X">тръгна</wf>
         <wf lemma="в" pos="X">в</wf>
         <instance id="d000.s3630.t000" lemma="занаят" pos="NOUN">занаята</instance>
         <wf lemma="от" pos="X">от</wf>
         <wf lemma="чирак" pos="X">чирак</wf>
         <wf lemma="." pos="X">.</wf>
      </sentence>
      <sentence id="d000.s3631" source="wordnet-bulgarian">
         <instance id="d000.s3631.t000" lemma="имам" pos="VERB">имам</instance>
         <wf lemma="чувство" pos="X">чувство</wf>
         <wf lemma="за" pos="X">за</wf>
         <wf lemma="хумор" pos="X">хумор</wf>
         <wf lemma="." pos="X">.</wf>
      </sentence>
      <sentence id="d000.s3632" source="wordnet-bulgarian">
         <wf lemma="близко" pos="X">близко</wf>
         <instance id="d000.s3632.t000" lemma="минало" pos="NOUN">минало</instance>
         <wf lemma="." pos="X">.</wf>
      </sentence>
      <sentence id="d000.s3633" source="wordnet-bulgarian">
         <instance id="d000.s3633.t000" lemma="безработица" pos="NOUN">безработицата</instance>
         <wf lemma="расте" pos="X">расте</wf>
         <wf lemma="." pos="X">.</wf>
      </sentence>
      <sentence id="d000.s3634" source="wordnet-bulgarian">
         <wf lemma="тежко" pos="X">тежко</wf>
         <instance id="d000.s3634.t000" lemma="положение" pos="NOUN">положение</instance>
         <wf lemma="." pos="X">.</wf>
      </sentence>
      <sentence id="d000.s3635" source="wordnet-bulgarian">
         <wf lemma="има" pos="X">има</wf>
         <instance id="d000.s3635.t000" lemma="възмездие" pos="NOUN">възмездие</instance>
         <wf lemma="." pos="X">.</wf>
      </sentence>
      <sentence id="d000.s3636" source="wordnet-bulgarian">
         <wf lemma="положителна" pos="X">положителна</wf>
         <instance id="d000.s3636.t000" lemma="оценка" pos="NOUN">оценка</instance>
         <wf lemma="." pos="X">.</wf>
      </sentence>
      <sentence id="d000.s3637" source="wordnet-bulgarian">
         <wf lemma="цирков" pos="X">цирков</wf>
         <instance id="d000.s3637.t000" lemma="актьор" pos="NOUN">актьор</instance>
         <wf lemma="." pos="X">.</wf>
      </sentence>
      <sentence id="d000.s3638" source="wordnet-bulgarian">
         <wf lemma="три" pos="X">три</wf>
         <wf lemma="четвърти" pos="X">четвърти</wf>
         <instance id="d000.s3638.t000" lemma="чорап" pos="NOUN">чорапи</instance>
         <wf lemma="." pos="X">.</wf>
      </sentence>
      <sentence id="d000.s3639" source="wordnet-bulgarian">
         <wf lemma="Не" pos="X">Не</wf>
         <wf lemma="чете" pos="X">чете</wf>
         <wf lemma="," pos="X">,</wf>
         <wf lemma="а" pos="X">а</wf>
         <instance id="d000.s3639.t000" lemma="мрънкам" pos="VERB">мрънка</instance>
         <wf lemma="." pos="X">.</wf>
      </sentence>
      <sentence id="d000.s3640" source="wordnet-bulgarian">
         <wf lemma="непоносима" pos="X">непоносима</wf>
         <instance id="d000.s3640.t000" lemma="мъка" pos="NOUN">мъка</instance>
         <wf lemma="." pos="X">.</wf>
      </sentence>
      <sentence id="d000.s3641" source="wordnet-bulgarian">
         <wf lemma="Морето" pos="X">Морето</wf>
         <wf lemma="изхвърли" pos="X">изхвърли</wf>
         <instance id="d000.s3641.t000" lemma="тяло" pos="NOUN">тяло</instance>
         <wf lemma="на" pos="X">на</wf>
         <wf lemma="млада" pos="X">млада</wf>
         <wf lemma="жена" pos="X">жена</wf>
         <wf lemma="." pos="X">.</wf>
      </sentence>
      <sentence id="d000.s3642" source="wordnet-bulgarian">
         <wf lemma="обичам" pos="X">обичам</wf>
         <instance id="d000.s3642.t000" lemma="морков" pos="NOUN">моркови</instance>
         <wf lemma="." pos="X">.</wf>
      </sentence>
      <sentence id="d000.s3643" source="wordnet-bulgarian">
         <wf lemma="цял" pos="X">цял</wf>
         <instance id="d000.s3643.t000" lemma="месец" pos="NOUN">месец</instance>
         <wf lemma="." pos="X">.</wf>
      </sentence>
      <sentence id="d000.s3644" source="wordnet-bulgarian">
         <wf lemma="задържам" pos="X">задържам</wf>
         <wf lemma="в" pos="X">в</wf>
         <instance id="d000.s3644.t000" lemma="полиция" pos="NOUN">полицията</instance>
         <wf lemma="." pos="X">.</wf>
      </sentence>
      <sentence id="d000.s3645" source="wordnet-bulgarian">
         <wf lemma="тайна" pos="X">тайна</wf>
         <instance id="d000.s3645.t000" lemma="надежда" pos="NOUN">надежда</instance>
         <wf lemma="." pos="X">.</wf>
      </sentence>
      <sentence id="d000.s3646" source="wordnet-bulgarian">
         <wf lemma="Той" pos="X">Той</wf>
         <wf lemma="получи" pos="X">получи</wf>
         <wf lemma="цялостното" pos="X">цялостното</wf>
         <instance id="d000.s3646.t000" lemma="управление" pos="NOUN">управление</instance>
         <wf lemma="на" pos="X">на</wf>
         <wf lemma="програмата" pos="X">програмата</wf>
         <wf lemma="." pos="X">.</wf>
      </sentence>
      <sentence id="d000.s3647" source="wordnet-bulgarian">
         <wf lemma="логическа" pos="X">логическа</wf>
         <instance id="d000.s3647.t000" lemma="връзка" pos="NOUN">връзка</instance>
         <wf lemma="." pos="X">.</wf>
      </sentence>
      <sentence id="d000.s3648" source="wordnet-bulgarian">
         <wf lemma="площ" pos="X">площ</wf>
         <wf lemma="на" pos="X">на</wf>
         <instance id="d000.s3648.t000" lemma="квадрат" pos="NOUN">квадрат</instance>
         <wf lemma="." pos="X">.</wf>
      </sentence>
      <sentence id="d000.s3649" source="wordnet-bulgarian">
         <wf lemma="дълбоко" pos="X">дълбоко</wf>
         <instance id="d000.s3649.t000" lemma="въздействие" pos="NOUN">въздействие</instance>
         <wf lemma="." pos="X">.</wf>
      </sentence>
      <sentence id="d000.s3650" source="wordnet-bulgarian">
         <wf lemma="без" pos="X">без</wf>
         <instance id="d000.s3650.t000" lemma="изход" pos="NOUN">изход</instance>
         <wf lemma="." pos="X">.</wf>
      </sentence>
      <sentence id="d000.s3651" source="wordnet-bulgarian">
         <wf lemma="разрешително" pos="X">разрешително</wf>
         <wf lemma="за" pos="X">за</wf>
         <instance id="d000.s3651.t000" lemma="оръжие" pos="NOUN">оръжие</instance>
         <wf lemma="." pos="X">.</wf>
      </sentence>
      <sentence id="d000.s3652" source="wordnet-bulgarian">
         <wf lemma="дълбока" pos="X">дълбока</wf>
         <instance id="d000.s3652.t000" lemma="тишина" pos="NOUN">тишина</instance>
         <wf lemma="." pos="X">.</wf>
      </sentence>
      <sentence id="d000.s3653" source="wordnet-bulgarian">
         <wf lemma="предавам" pos="X">предавам</wf>
         <instance id="d000.s3653.t000" lemma="урок" pos="NOUN">урок</instance>
         <wf lemma="." pos="X">.</wf>
      </sentence>
      <sentence id="d000.s3654" source="wordnet-bulgarian">
         <wf lemma="явявам" pos="X">явявам</wf>
         <wf lemma="с" pos="X">с</wf>
         <wf lemma="на" pos="X">на</wf>
         <instance id="d000.s3654.t000" lemma="изпит" pos="NOUN">изпит</instance>
         <wf lemma="." pos="X">.</wf>
      </sentence>
      <sentence id="d000.s3655" source="wordnet-bulgarian">
         <wf lemma="духовна" pos="X">духовна</wf>
         <instance id="d000.s3655.t000" lemma="връзка" pos="NOUN">връзка</instance>
         <wf lemma="." pos="X">.</wf>
      </sentence>
      <sentence id="d000.s3656" source="wordnet-bulgarian">
         <wf lemma="вдигам" pos="X">вдигам</wf>
         <instance id="d000.s3656.t000" lemma="платно" pos="NOUN">платна</instance>
         <wf lemma="." pos="X">.</wf>
      </sentence>
      <sentence id="d000.s3657" source="wordnet-bulgarian">
         <wf lemma="В" pos="X">В</wf>
         <wf lemma="тази" pos="X">тази</wf>
         <wf lemma="книга" pos="X">книга</wf>
         <wf lemma="излагам" pos="X">излагам</wf>
         <wf lemma="мои" pos="X">мои</wf>
         <wf lemma="лични" pos="X">лични</wf>
         <instance id="d000.s3657.t000" lemma="наблюдение" pos="NOUN">наблюдения</instance>
         <wf lemma="." pos="X">.</wf>
      </sentence>
      <sentence id="d000.s3658" source="wordnet-bulgarian">
         <wf lemma="генна" pos="X">генна</wf>
         <instance id="d000.s3658.t000" lemma="култура" pos="NOUN">култура</instance>
         <wf lemma="." pos="X">.</wf>
      </sentence>
      <sentence id="d000.s3659" source="wordnet-bulgarian">
         <wf lemma="качествена" pos="X">качествена</wf>
         <instance id="d000.s3659.t000" lemma="продукция" pos="NOUN">продукция</instance>
         <wf lemma="." pos="X">.</wf>
      </sentence>
      <sentence id="d000.s3660" source="wordnet-bulgarian">
         <wf lemma="продоволствен" pos="X">продоволствен</wf>
         <instance id="d000.s3660.t000" lemma="данък" pos="NOUN">данък</instance>
         <wf lemma="." pos="X">.</wf>
      </sentence>
      <sentence id="d000.s3661" source="wordnet-bulgarian">
         <wf lemma="Бетовен" pos="X">Бетовен</wf>
         <wf lemma="е" pos="X">е</wf>
         <instance id="d000.s3661.t000" lemma="композирам" pos="VERB">композирал</instance>
         <wf lemma="тази" pos="X">тази</wf>
         <wf lemma="симфония" pos="X">симфония</wf>
         <wf lemma="." pos="X">.</wf>
      </sentence>
      <sentence id="d000.s3662" source="wordnet-bulgarian">
         <instance id="d000.s3662.t000" lemma="повторение" pos="NOUN">Повторението</instance>
         <wf lemma="е" pos="X">е</wf>
         <wf lemma="майка" pos="X">майка</wf>
         <wf lemma="на" pos="X">на</wf>
         <wf lemma="знанието" pos="X">знанието</wf>
         <wf lemma="." pos="X">.</wf>
      </sentence>
      <sentence id="d000.s3663" source="wordnet-bulgarian">
         <instance id="d000.s3663.t000" lemma="размяна" pos="NOUN">размяна</instance>
         <wf lemma="на" pos="X">на</wf>
         <wf lemma="мисли" pos="X">мисли</wf>
         <wf lemma="." pos="X">.</wf>
      </sentence>
      <sentence id="d000.s3664" source="wordnet-bulgarian">
         <instance id="d000.s3664.t000" lemma="отделение" pos="NOUN">отделение</instance>
         <wf lemma="за" pos="X">за</wf>
         <wf lemma="документи" pos="X">документи</wf>
         <wf lemma="." pos="X">.</wf>
      </sentence>
      <sentence id="d000.s3665" source="wordnet-bulgarian">
         <wf lemma="диви" pos="X">диви</wf>
         <instance id="d000.s3665.t000" lemma="котка" pos="NOUN">котки</instance>
         <wf lemma="." pos="X">.</wf>
      </sentence>
      <sentence id="d000.s3666" source="wordnet-bulgarian">
         <instance id="d000.s3666.t000" lemma="сметка" pos="NOUN">Сметката</instance>
         <wf lemma="," pos="X">,</wf>
         <wf lemma="ако" pos="X">ако</wf>
         <wf lemma="обичате" pos="X">обичате</wf>
         <wf lemma="!" pos="X">!</wf>
      </sentence>
      <sentence id="d000.s3667" source="wordnet-bulgarian">
         <wf lemma="заден" pos="X">заден</wf>
         <instance id="d000.s3667.t000" lemma="изход" pos="NOUN">изход</instance>
         <wf lemma="." pos="X">.</wf>
      </sentence>
      <sentence id="d000.s3668" source="wordnet-bulgarian">
         <wf lemma="часовникова" pos="X">часовникова</wf>
         <instance id="d000.s3668.t000" lemma="кула" pos="NOUN">кула</instance>
         <wf lemma="." pos="X">.</wf>
      </sentence>
      <sentence id="d000.s3669" source="wordnet-bulgarian">
         <wf lemma="чужд" pos="X">чужд</wf>
         <instance id="d000.s3669.t000" lemma="говор" pos="NOUN">говор</instance>
         <wf lemma="." pos="X">.</wf>
      </sentence>
      <sentence id="d000.s3670" source="wordnet-bulgarian">
         <wf lemma="плезя" pos="X">плезя</wf>
         <instance id="d000.s3670.t000" lemma="език" pos="NOUN">език</instance>
         <wf lemma="." pos="X">.</wf>
      </sentence>
      <sentence id="d000.s3671" source="wordnet-bulgarian">
         <wf lemma="еднообразен" pos="X">еднообразен</wf>
         <instance id="d000.s3671.t000" lemma="пейзаж" pos="NOUN">пейзаж</instance>
         <wf lemma="." pos="X">.</wf>
      </sentence>
      <sentence id="d000.s3672" source="wordnet-bulgarian">
         <wf lemma="на" pos="X">на</wf>
         <instance id="d000.s3672.t000" lemma="връх" pos="NOUN">върха</instance>
         <wf lemma="на" pos="X">на</wf>
         <wf lemma="хълма" pos="X">хълма</wf>
         <wf lemma="." pos="X">.</wf>
      </sentence>
      <sentence id="d000.s3673" source="wordnet-bulgarian">
         <wf lemma="Тук" pos="X">Тук</wf>
         <wf lemma="реката" pos="X">реката</wf>
         <wf lemma="прави" pos="X">прави</wf>
         <instance id="d000.s3673.t000" lemma="завой" pos="NOUN">завой</instance>
         <wf lemma="." pos="X">.</wf>
      </sentence>
      <sentence id="d000.s3674" source="wordnet-bulgarian">
         <wf lemma="мека" pos="X">мека</wf>
         <instance id="d000.s3674.t000" lemma="четка" pos="NOUN">четка</instance>
         <wf lemma="." pos="X">.</wf>
      </sentence>
      <sentence id="d000.s3675" source="wordnet-bulgarian">
         <wf lemma="кръгъл" pos="X">кръгъл</wf>
         <instance id="d000.s3675.t000" lemma="печат" pos="NOUN">печат</instance>
         <wf lemma="." pos="X">.</wf>
      </sentence>
      <sentence id="d000.s3676" source="wordnet-bulgarian">
         <wf lemma="добър" pos="X">добър</wf>
         <instance id="d000.s3676.t000" lemma="късмет" pos="NOUN">късмет</instance>
         <wf lemma="." pos="X">.</wf>
      </sentence>
      <sentence id="d000.s3677" source="wordnet-bulgarian">
         <instance id="d000.s3677.t000" lemma="преставам" pos="VERB">преставам</instance>
         <wf lemma="са" pos="X">са</wf>
         <wf lemma="танцувам" pos="X">танцувам</wf>
         <wf lemma="." pos="X">.</wf>
      </sentence>
      <sentence id="d000.s3678" source="wordnet-bulgarian">
         <wf lemma="След" pos="X">След</wf>
         <instance id="d000.s3678.t000" lemma="буря" pos="NOUN">бурята</instance>
         <wf lemma="изгря" pos="X">изгря</wf>
         <wf lemma="слънце" pos="X">слънце</wf>
         <wf lemma="." pos="X">.</wf>
      </sentence>
      <sentence id="d000.s3679" source="wordnet-bulgarian">
         <wf lemma="голяма" pos="X">голяма</wf>
         <instance id="d000.s3679.t000" lemma="мизерия" pos="NOUN">мизерия</instance>
         <wf lemma="." pos="X">.</wf>
      </sentence>
      <sentence id="d000.s3680" source="wordnet-bulgarian">
         <wf lemma="материална" pos="X">материална</wf>
         <instance id="d000.s3680.t000" lemma="подкрепа" pos="NOUN">подкрепа</instance>
         <wf lemma="." pos="X">.</wf>
      </sentence>
      <sentence id="d000.s3681" source="wordnet-bulgarian">
         <instance id="d000.s3681.t000" lemma="задминавам" pos="VERB">задминавам</instance>
         <wf lemma="кола" pos="X">кола</wf>
         <wf lemma="." pos="X">.</wf>
      </sentence>
      <sentence id="d000.s3682" source="wordnet-bulgarian">
         <wf lemma="Оставям" pos="X">Оставям</wf>
         <wf lemma="широко" pos="X">широко</wf>
         <instance id="d000.s3682.t000" lemma="поле" pos="NOUN">поле</instance>
         <wf lemma="." pos="X">.</wf>
      </sentence>
      <sentence id="d000.s3683" source="wordnet-bulgarian">
         <wf lemma="Той" pos="X">Той</wf>
         <wf lemma="е" pos="X">е</wf>
         <wf lemma="много" pos="X">много</wf>
         <instance id="d000.s3683.t000" lemma="голям" pos="ADJ">голям</instance>
         <wf lemma="." pos="X">.</wf>
      </sentence>
      <sentence id="d000.s3684" source="wordnet-bulgarian">
         <wf lemma="закопчавам" pos="X">закопчавам</wf>
         <wf lemma="си" pos="X">си</wf>
         <instance id="d000.s3684.t000" lemma="копче" pos="NOUN">копчето</instance>
         <wf lemma="." pos="X">.</wf>
      </sentence>
      <sentence id="d000.s3685" source="wordnet-bulgarian">
         <instance id="d000.s3685.t000" lemma="ширина" pos="NOUN">ширина</instance>
         <wf lemma="и" pos="X">и</wf>
         <wf lemma="дължина" pos="X">дължина</wf>
         <wf lemma="." pos="X">.</wf>
      </sentence>
      <sentence id="d000.s3686" source="wordnet-bulgarian">
         <wf lemma="неуспешен" pos="X">неуспешен</wf>
         <instance id="d000.s3686.t000" lemma="удар" pos="NOUN">удар</instance>
         <wf lemma="." pos="X">.</wf>
      </sentence>
      <sentence id="d000.s3687" source="wordnet-bulgarian">
         <wf lemma="качвам" pos="X">качвам</wf>
         <wf lemma="се" pos="X">се</wf>
         <wf lemma="на" pos="X">на</wf>
         <instance id="d000.s3687.t000" lemma="таван" pos="NOUN">тавана</instance>
         <wf lemma="." pos="X">.</wf>
      </sentence>
      <sentence id="d000.s3688" source="wordnet-bulgarian">
         <wf lemma="официален" pos="X">официален</wf>
         <instance id="d000.s3688.t000" lemma="курс" pos="NOUN">курс</instance>
         <wf lemma="на" pos="X">на</wf>
         <wf lemma="политиката" pos="X">политиката</wf>
         <wf lemma="." pos="X">.</wf>
      </sentence>
      <sentence id="d000.s3689" source="wordnet-bulgarian">
         <wf lemma="кратка" pos="X">кратка</wf>
         <instance id="d000.s3689.t000" lemma="отсрочка" pos="NOUN">отсрочка</instance>
         <wf lemma="." pos="X">.</wf>
      </sentence>
      <sentence id="d000.s3690" source="wordnet-bulgarian">
         <wf lemma="знатно" pos="X">знатно</wf>
         <instance id="d000.s3690.t000" lemma="потекло" pos="NOUN">потекло</instance>
         <wf lemma="." pos="X">.</wf>
      </sentence>
      <sentence id="d000.s3691" source="wordnet-bulgarian">
         <wf lemma="развинтено" pos="X">развинтено</wf>
         <instance id="d000.s3691.t000" lemma="въображение" pos="NOUN">въображение</instance>
         <wf lemma="." pos="X">.</wf>
      </sentence>
      <sentence id="d000.s3692" source="wordnet-bulgarian">
         <instance id="d000.s3692.t000" lemma="крем" pos="NOUN">крем</instance>
         <wf lemma="за" pos="X">за</wf>
         <wf lemma="суха" pos="X">суха</wf>
         <wf lemma="кожа" pos="X">кожа</wf>
         <wf lemma="." pos="X">.</wf>
      </sentence>
      <sentence id="d000.s3693" source="wordnet-bulgarian">
         <wf lemma="горната" pos="X">горната</wf>
         <instance id="d000.s3693.t000" lemma="половина" pos="NOUN">половина</instance>
         <wf lemma="на" pos="X">на</wf>
         <wf lemma="." pos="X">.</wf>
      </sentence>
      <sentence id="d000.s3694" source="wordnet-bulgarian">
         <wf lemma="взимам" pos="X">взимам</wf>
         <instance id="d000.s3694.t000" lemma="патент" pos="NOUN">патент</instance>
         <wf lemma="за" pos="X">за</wf>
         <wf lemma="." pos="X">.</wf>
      </sentence>
      <sentence id="d000.s3695" source="wordnet-bulgarian">
         <wf lemma="В" pos="X">В</wf>
         <wf lemma="една" pos="X">една</wf>
         <wf lemma="от" pos="X">от</wf>
         <instance id="d000.s3695.t000" lemma="битка" pos="NOUN">битките</instance>
         <wf lemma="загина" pos="X">загина</wf>
         <wf lemma="най-добрият" pos="X">най-добрият</wf>
         <wf lemma="ми" pos="X">ми</wf>
         <wf lemma="приятел" pos="X">приятел</wf>
         <wf lemma="." pos="X">.</wf>
      </sentence>
      <sentence id="d000.s3696" source="wordnet-bulgarian">
         <wf lemma="облагам" pos="X">облагам</wf>
         <wf lemma="с" pos="X">с</wf>
         <instance id="d000.s3696.t000" lemma="мито" pos="NOUN">мито</instance>
         <wf lemma="." pos="X">.</wf>
      </sentence>
      <sentence id="d000.s3697" source="wordnet-bulgarian">
         <wf lemma="въздушен" pos="X">въздушен</wf>
         <instance id="d000.s3697.t000" lemma="транспорт" pos="NOUN">транспорт</instance>
         <wf lemma="." pos="X">.</wf>
      </sentence>
      <sentence id="d000.s3698" source="wordnet-bulgarian">
         <wf lemma="модерен" pos="X">модерен</wf>
         <instance id="d000.s3698.t000" lemma="стадион" pos="NOUN">стадион</instance>
         <wf lemma="." pos="X">.</wf>
      </sentence>
      <sentence id="d000.s3699" source="wordnet-bulgarian">
         <instance id="d000.s3699.t000" lemma="мисля" pos="VERB">мисля</instance>
         <wf lemma="бавно" pos="X">бавно</wf>
         <wf lemma="." pos="X">.</wf>
      </sentence>
      <sentence id="d000.s3700" source="wordnet-bulgarian">
         <wf lemma="иронична" pos="X">иронична</wf>
         <instance id="d000.s3700.t000" lemma="усмивка" pos="NOUN">усмивка</instance>
         <wf lemma="." pos="X">.</wf>
      </sentence>
      <sentence id="d000.s3701" source="wordnet-bulgarian">
         <instance id="d000.s3701.t000" lemma="обичам" pos="VERB">Обичам</instance>
         <wf lemma="децата" pos="X">децата</wf>
         <wf lemma="си" pos="X">си</wf>
         <wf lemma="." pos="X">.</wf>
      </sentence>
      <sentence id="d000.s3702" source="wordnet-bulgarian">
         <wf lemma="на" pos="X">на</wf>
         <instance id="d000.s3702.t000" lemma="север" pos="NOUN">север</instance>
         <wf lemma="от" pos="X">от</wf>
         <wf lemma="." pos="X">.</wf>
      </sentence>
      <sentence id="d000.s3703" source="wordnet-bulgarian">
         <instance id="d000.s3703.t000" lemma="храна" pos="NOUN">храна</instance>
         <wf lemma="за" pos="X">за</wf>
         <wf lemma="животни" pos="X">животни</wf>
         <wf lemma="." pos="X">.</wf>
      </sentence>
      <sentence id="d000.s3704" source="wordnet-bulgarian">
         <wf lemma="имам" pos="X">имам</wf>
         <instance id="d000.s3704.t000" lemma="пропуск" pos="NOUN">пропуск</instance>
         <wf lemma="." pos="X">.</wf>
      </sentence>
      <sentence id="d000.s3705" source="wordnet-bulgarian">
         <wf lemma="протестен" pos="X">протестен</wf>
         <instance id="d000.s3705.t000" lemma="митинг" pos="NOUN">митинг</instance>
         <wf lemma="." pos="X">.</wf>
      </sentence>
      <sentence id="d000.s3706" source="wordnet-bulgarian">
         <wf lemma="По" pos="X">По</wf>
         <instance id="d000.s3706.t000" lemma="народност" pos="NOUN">народност</instance>
         <wf lemma="съм" pos="X">съм</wf>
         <wf lemma="българин" pos="X">българин</wf>
         <wf lemma="." pos="X">.</wf>
      </sentence>
      <sentence id="d000.s3707" source="wordnet-bulgarian">
         <wf lemma="Христо" pos="X">Христо</wf>
         <wf lemma="Ботев" pos="X">Ботев</wf>
         <instance id="d000.s3707.t000" lemma="превъзхождам" pos="VERB">превъзхожда</instance>
         <wf lemma="всички" pos="X">всички</wf>
         <wf lemma="наши" pos="X">наши</wf>
         <wf lemma="поети" pos="X">поети</wf>
         <wf lemma="преди" pos="X">преди</wf>
         <wf lemma="Освобождението" pos="X">Освобождението</wf>
         <wf lemma="." pos="X">.</wf>
      </sentence>
      <sentence id="d000.s3708" source="wordnet-bulgarian">
         <instance id="d000.s3708.t000" lemma="търся" pos="VERB">Търся</instance>
         <wf lemma="бърза" pos="X">бърза</wf>
         <wf lemma="печалба" pos="X">печалба</wf>
         <wf lemma="." pos="X">.</wf>
      </sentence>
      <sentence id="d000.s3709" source="wordnet-bulgarian">
         <wf lemma="филмов" pos="X">филмов</wf>
         <instance id="d000.s3709.t000" lemma="артист" pos="NOUN">артист</instance>
         <wf lemma="." pos="X">.</wf>
      </sentence>
      <sentence id="d000.s3710" source="wordnet-bulgarian">
         <wf lemma="пътнически" pos="X">пътнически</wf>
         <instance id="d000.s3710.t000" lemma="ферибот" pos="NOUN">ферибот</instance>
         <wf lemma="." pos="X">.</wf>
      </sentence>
      <sentence id="d000.s3711" source="wordnet-bulgarian">
         <wf lemma="Пия" pos="X">Пия</wf>
         <wf lemma="много" pos="X">много</wf>
         <instance id="d000.s3711.t000" lemma="течност" pos="NOUN">течности</instance>
         <wf lemma="." pos="X">.</wf>
      </sentence>
      <sentence id="d000.s3712" source="wordnet-bulgarian">
         <instance id="d000.s3712.t000" lemma="цигара" pos="NOUN">цигара</instance>
         <wf lemma="с" pos="X">с</wf>
         <wf lemma="филтър" pos="X">филтър</wf>
         <wf lemma="." pos="X">.</wf>
      </sentence>
      <sentence id="d000.s3713" source="wordnet-bulgarian">
         <instance id="d000.s3713.t000" lemma="окупация" pos="NOUN">окупация</instance>
         <wf lemma="на" pos="X">на</wf>
         <wf lemma="." pos="X">.</wf>
      </sentence>
      <sentence id="d000.s3714" source="wordnet-bulgarian">
         <wf lemma="обикновено" pos="X">обикновено</wf>
         <instance id="d000.s3714.t000" lemma="познанство" pos="NOUN">познанство</instance>
         <wf lemma="." pos="X">.</wf>
      </sentence>
      <sentence id="d000.s3715" source="wordnet-bulgarian">
         <wf lemma="необуздана" pos="X">необуздана</wf>
         <instance id="d000.s3715.t000" lemma="агресия" pos="NOUN">агресия</instance>
         <wf lemma="." pos="X">.</wf>
      </sentence>
      <sentence id="d000.s3716" source="wordnet-bulgarian">
         <wf lemma="Не" pos="X">Не</wf>
         <wf lemma="вдигай" pos="X">вдигай</wf>
         <instance id="d000.s3716.t000" lemma="прах" pos="NOUN">прах</instance>
         <wf lemma="!" pos="X">!</wf>
      </sentence>
      <sentence id="d000.s3717" source="wordnet-bulgarian">
         <instance id="d000.s3717.t000" lemma="извикам" pos="VERB">Извиках</instance>
         <wf lemma="й" pos="X">й</wf>
         <wf lemma="през" pos="X">през</wf>
         <wf lemma="прозореца" pos="X">прозореца</wf>
         <wf lemma="," pos="X">,</wf>
         <wf lemma="но" pos="X">но</wf>
         <wf lemma="тя" pos="X">тя</wf>
         <wf lemma="не" pos="X">не</wf>
         <wf lemma="ме" pos="X">ме</wf>
         <wf lemma="чу" pos="X">чу</wf>
         <wf lemma="." pos="X">.</wf>
      </sentence>
      <sentence id="d000.s3718" source="wordnet-bulgarian">
         <instance id="d000.s3718.t000" lemma="разклащам" pos="VERB">разклащам</instance>
         <wf lemma="течност" pos="X">течност</wf>
         <wf lemma="." pos="X">.</wf>
      </sentence>
      <sentence id="d000.s3719" source="wordnet-bulgarian">
         <wf lemma="дарявам" pos="X">дарявам</wf>
         <instance id="d000.s3719.t000" lemma="линейка" pos="NOUN">линейка</instance>
         <wf lemma="." pos="X">.</wf>
      </sentence>
      <sentence id="d000.s3720" source="wordnet-bulgarian">
         <wf lemma="силна" pos="X">силна</wf>
         <instance id="d000.s3720.t000" lemma="бележка" pos="NOUN">бележка</instance>
         <wf lemma="." pos="X">.</wf>
      </sentence>
      <sentence id="d000.s3721" source="wordnet-bulgarian">
         <wf lemma="Нямам" pos="X">Нямам</wf>
         <wf lemma="никаква" pos="X">никаква</wf>
         <instance id="d000.s3721.t000" lemma="собственост" pos="NOUN">собственост</instance>
         <wf lemma="." pos="X">.</wf>
      </sentence>
      <sentence id="d000.s3722" source="wordnet-bulgarian">
         <wf lemma="нощувка" pos="X">нощувка</wf>
         <wf lemma="в" pos="X">в</wf>
         <instance id="d000.s3722.t000" lemma="хотел" pos="NOUN">хотел</instance>
         <wf lemma="." pos="X">.</wf>
      </sentence>
      <sentence id="d000.s3723" source="wordnet-bulgarian">
         <instance id="d000.s3723.t000" lemma="нарушаване" pos="NOUN">нарушаване</instance>
         <wf lemma="на" pos="X">на</wf>
         <wf lemma="права" pos="X">права</wf>
         <wf lemma="." pos="X">.</wf>
      </sentence>
      <sentence id="d000.s3724" source="wordnet-bulgarian">
         <wf lemma="отчетлив" pos="X">отчетлив</wf>
         <instance id="d000.s3724.t000" lemma="говор" pos="NOUN">говор</instance>
         <wf lemma="." pos="X">.</wf>
      </sentence>
      <sentence id="d000.s3725" source="wordnet-bulgarian">
         <wf lemma="срещу" pos="X">срещу</wf>
         <instance id="d000.s3725.t000" lemma="вятър" pos="NOUN">вятъра</instance>
         <wf lemma="." pos="X">.</wf>
      </sentence>
      <sentence id="d000.s3726" source="wordnet-bulgarian">
         <wf lemma="банков" pos="X">банков</wf>
         <instance id="d000.s3726.t000" lemma="агент" pos="NOUN">агент</instance>
         <wf lemma="." pos="X">.</wf>
      </sentence>
      <sentence id="d000.s3727" source="wordnet-bulgarian">
         <wf lemma="ден" pos="X">ден</wf>
         <wf lemma="и" pos="X">и</wf>
         <instance id="d000.s3727.t000" lemma="нощ" pos="NOUN">нощ</instance>
         <wf lemma="." pos="X">.</wf>
      </sentence>
      <sentence id="d000.s3728" source="wordnet-bulgarian">
         <wf lemma="Да" pos="X">Да</wf>
         <wf lemma="ударим" pos="X">ударим</wf>
         <wf lemma="по" pos="X">по</wf>
         <wf lemma="едно" pos="X">едно</wf>
         <instance id="d000.s3728.t000" lemma="питие" pos="NOUN">питие</instance>
         <wf lemma="." pos="X">.</wf>
      </sentence>
      <sentence id="d000.s3729" source="wordnet-bulgarian">
         <wf lemma="В" pos="X">В</wf>
         <wf lemma="нашето" pos="X">нашето</wf>
         <wf lemma="училище" pos="X">училище</wf>
         <instance id="d000.s3729.t000" lemma="униформа" pos="NOUN">униформата</instance>
         <wf lemma="е" pos="X">е</wf>
         <wf lemma="задължителна" pos="X">задължителна</wf>
         <wf lemma="." pos="X">.</wf>
      </sentence>
      <sentence id="d000.s3730" source="wordnet-bulgarian">
         <wf lemma="Чудни" pos="X">Чудни</wf>
         <instance id="d000.s3730.t000" lemma="мозайка" pos="NOUN">мозайки</instance>
         <wf lemma="красяха" pos="X">красяха</wf>
         <wf lemma="стените" pos="X">стените</wf>
         <wf lemma="на" pos="X">на</wf>
         <wf lemma="църквата" pos="X">църквата</wf>
         <wf lemma="." pos="X">.</wf>
      </sentence>
      <sentence id="d000.s3731" source="wordnet-bulgarian">
         <wf lemma="изпитвам" pos="X">изпитвам</wf>
         <instance id="d000.s3731.t000" lemma="вълнение" pos="NOUN">вълнение</instance>
         <wf lemma="." pos="X">.</wf>
      </sentence>
      <sentence id="d000.s3732" source="wordnet-bulgarian">
         <wf lemma="Представям" pos="X">Представям</wf>
         <wf lemma="нови" pos="X">нови</wf>
         <instance id="d000.s3732.t000" lemma="доказателство" pos="NOUN">доказателства</instance>
         <wf lemma="пред" pos="X">пред</wf>
         <wf lemma="съда" pos="X">съда</wf>
         <wf lemma="." pos="X">.</wf>
      </sentence>
      <sentence id="d000.s3733" source="wordnet-bulgarian">
         <wf lemma="Чувам" pos="X">Чувам</wf>
         <wf lemma="грохота" pos="X">грохота</wf>
         <wf lemma="на" pos="X">на</wf>
         <instance id="d000.s3733.t000" lemma="вълна" pos="NOUN">вълните</instance>
         <wf lemma="." pos="X">.</wf>
      </sentence>
      <sentence id="d000.s3734" source="wordnet-bulgarian">
         <wf lemma="трудно" pos="X">трудно</wf>
         <instance id="d000.s3734.t000" lemma="сбогуване" pos="NOUN">сбогуване</instance>
         <wf lemma="." pos="X">.</wf>
      </sentence>
      <sentence id="d000.s3735" source="wordnet-bulgarian">
         <wf lemma="радостно" pos="X">радостно</wf>
         <instance id="d000.s3735.t000" lemma="вълнение" pos="NOUN">вълнение</instance>
         <wf lemma="." pos="X">.</wf>
      </sentence>
      <sentence id="d000.s3736" source="wordnet-bulgarian">
         <wf lemma="синтетични" pos="X">синтетични</wf>
         <instance id="d000.s3736.t000" lemma="влакно" pos="NOUN">влакна</instance>
         <wf lemma="." pos="X">.</wf>
      </sentence>
      <sentence id="d000.s3737" source="wordnet-bulgarian">
         <wf lemma="дълъг" pos="X">дълъг</wf>
         <instance id="d000.s3737.t000" lemma="ръкав" pos="NOUN">ръкав</instance>
         <wf lemma="." pos="X">.</wf>
      </sentence>
      <sentence id="d000.s3738" source="wordnet-bulgarian">
         <wf lemma="просторен" pos="X">просторен</wf>
         <instance id="d000.s3738.t000" lemma="плаж" pos="NOUN">плаж</instance>
         <wf lemma="." pos="X">.</wf>
      </sentence>
      <sentence id="d000.s3739" source="wordnet-bulgarian">
         <wf lemma="голямо" pos="X">голямо</wf>
         <instance id="d000.s3739.t000" lemma="търпение" pos="NOUN">търпение</instance>
         <wf lemma="." pos="X">.</wf>
      </sentence>
      <sentence id="d000.s3740" source="wordnet-bulgarian">
         <wf lemma="бия" pos="X">бия</wf>
         <wf lemma="с" pos="X">с</wf>
         <instance id="d000.s3740.t000" lemma="пръчка" pos="NOUN">пръчка</instance>
         <wf lemma="." pos="X">.</wf>
      </sentence>
      <sentence id="d000.s3741" source="wordnet-bulgarian">
         <wf lemma="чужда" pos="X">чужда</wf>
         <instance id="d000.s3741.t000" lemma="дума" pos="NOUN">дума</instance>
         <wf lemma="." pos="X">.</wf>
      </sentence>
      <sentence id="d000.s3742" source="wordnet-bulgarian">
         <wf lemma="несметни" pos="X">несметни</wf>
         <instance id="d000.s3742.t000" lemma="съкровище" pos="NOUN">съкровища</instance>
         <wf lemma="." pos="X">.</wf>
      </sentence>
      <sentence id="d000.s3743" source="wordnet-bulgarian">
         <wf lemma="ям" pos="X">ям</wf>
         <instance id="d000.s3743.t000" lemma="мляко" pos="NOUN">мляко</instance>
         <wf lemma="." pos="X">.</wf>
      </sentence>
      <sentence id="d000.s3744" source="wordnet-bulgarian">
         <instance id="d000.s3744.t000" lemma="лиценз" pos="NOUN">лиценз</instance>
         <wf lemma="за" pos="X">за</wf>
         <wf lemma="." pos="X">.</wf>
      </sentence>
      <sentence id="d000.s3745" source="wordnet-bulgarian">
         <wf lemma="фирмен" pos="X">фирмен</wf>
         <instance id="d000.s3745.t000" lemma="печат" pos="NOUN">печат</instance>
         <wf lemma="." pos="X">.</wf>
      </sentence>
      <sentence id="d000.s3746" source="wordnet-bulgarian">
         <wf lemma="намирам" pos="X">намирам</wf>
         <instance id="d000.s3746.t000" lemma="удоволствие" pos="NOUN">удоволствие</instance>
         <wf lemma="в." pos="X">в.</wf>
      </sentence>
      <sentence id="d000.s3747" source="wordnet-bulgarian">
         <wf lemma="приятно" pos="X">приятно</wf>
         <instance id="d000.s3747.t000" lemma="забавление" pos="NOUN">забавление</instance>
         <wf lemma="." pos="X">.</wf>
      </sentence>
      <sentence id="d000.s3748" source="wordnet-bulgarian">
         <wf lemma="металообработващи" pos="X">металообработващи</wf>
         <instance id="d000.s3748.t000" lemma="машина" pos="NOUN">машини</instance>
         <wf lemma="." pos="X">.</wf>
      </sentence>
      <sentence id="d000.s3749" source="wordnet-bulgarian">
         <wf lemma="по" pos="X">по</wf>
         <wf lemma="какви" pos="X">какви</wf>
         <instance id="d000.s3749.t000" lemma="подбуда" pos="NOUN">подбуди</instance>
         <wf lemma="." pos="X">.</wf>
      </sentence>
      <sentence id="d000.s3750" source="wordnet-bulgarian">
         <wf lemma="сформирам" pos="X">сформирам</wf>
         <instance id="d000.s3750.t000" lemma="комисия" pos="NOUN">комисия</instance>
         <wf lemma="." pos="X">.</wf>
      </sentence>
      <sentence id="d000.s3751" source="wordnet-bulgarian">
         <instance id="d000.s3751.t000" lemma="слушам" pos="VERB">Слушам</instance>
         <wf lemma="," pos="X">,</wf>
         <wf lemma="но" pos="X">но</wf>
         <wf lemma="не" pos="X">не</wf>
         <wf lemma="чувам" pos="X">чувам</wf>
         <wf lemma="." pos="X">.</wf>
      </sentence>
      <sentence id="d000.s3752" source="wordnet-bulgarian">
         <wf lemma="Цял" pos="X">Цял</wf>
         <wf lemma="живот" pos="X">живот</wf>
         <wf lemma="си" pos="X">си</wf>
         <wf lemma="мечтая" pos="X">мечтая</wf>
         <wf lemma="за" pos="X">за</wf>
         <wf lemma="собствено" pos="X">собствено</wf>
         <instance id="d000.s3752.t000" lemma="жилище" pos="NOUN">жилище</instance>
         <wf lemma="." pos="X">.</wf>
      </sentence>
      <sentence id="d000.s3753" source="wordnet-bulgarian">
         <wf lemma="отивам" pos="X">отивам</wf>
         <instance id="d000.s3753.t000" lemma="войник" pos="NOUN">войник</instance>
         <wf lemma="." pos="X">.</wf>
      </sentence>
      <sentence id="d000.s3754" source="wordnet-bulgarian">
         <instance id="d000.s3754.t000" lemma="пулс" pos="NOUN">пулс</instance>
         <wf lemma="сто" pos="X">сто</wf>
         <wf lemma="в" pos="X">в</wf>
         <wf lemma="минута" pos="X">минута</wf>
         <wf lemma="." pos="X">.</wf>
      </sentence>
      <sentence id="d000.s3755" source="wordnet-bulgarian">
         <wf lemma="изпълнявам" pos="X">изпълнявам</wf>
         <instance id="d000.s3755.t000" lemma="роля" pos="NOUN">роля</instance>
         <wf lemma="." pos="X">.</wf>
      </sentence>
      <sentence id="d000.s3756" source="wordnet-bulgarian">
         <wf lemma="тазгодишна" pos="X">тазгодишна</wf>
         <instance id="d000.s3756.t000" lemma="реколта" pos="NOUN">реколта</instance>
         <wf lemma="." pos="X">.</wf>
      </sentence>
      <sentence id="d000.s3757" source="wordnet-bulgarian">
         <wf lemma="висша" pos="X">висша</wf>
         <instance id="d000.s3757.t000" lemma="мода" pos="NOUN">мода</instance>
         <wf lemma="." pos="X">.</wf>
      </sentence>
      <sentence id="d000.s3758" source="wordnet-bulgarian">
         <wf lemma="твърдо" pos="X">твърдо</wf>
         <instance id="d000.s3758.t000" lemma="стъбло" pos="NOUN">стъбло</instance>
         <wf lemma="." pos="X">.</wf>
      </sentence>
      <sentence id="d000.s3759" source="wordnet-bulgarian">
         <wf lemma="по" pos="X">по</wf>
         <instance id="d000.s3759.t000" lemma="конвейер" pos="NOUN">конвейер</instance>
         <wf lemma="." pos="X">.</wf>
      </sentence>
      <sentence id="d000.s3760" source="wordnet-bulgarian">
         <wf lemma="показвам" pos="X">показвам</wf>
         <wf lemma="на" pos="X">на</wf>
         <instance id="d000.s3760.t000" lemma="карта" pos="NOUN">картата</instance>
         <wf lemma="." pos="X">.</wf>
      </sentence>
      <sentence id="d000.s3761" source="wordnet-bulgarian">
         <instance id="d000.s3761.t000" lemma="завършвам" pos="VERB">завършвам</instance>
         <wf lemma="университет" pos="X">университет</wf>
         <wf lemma="." pos="X">.</wf>
      </sentence>
      <sentence id="d000.s3762" source="wordnet-bulgarian">
         <wf lemma="В" pos="X">В</wf>
         <wf lemma="града" pos="X">града</wf>
         <wf lemma="живее" pos="X">живее</wf>
         <instance id="d000.s3762.t000" lemma="двойник" pos="NOUN">двойник</instance>
         <wf lemma="на" pos="X">на</wf>
         <wf lemma="Елвис" pos="X">Елвис</wf>
         <wf lemma="Пресли" pos="X">Пресли</wf>
         <wf lemma="." pos="X">.</wf>
      </sentence>
      <sentence id="d000.s3763" source="wordnet-bulgarian">
         <wf lemma="чета" pos="X">чета</wf>
         <instance id="d000.s3763.t000" lemma="стихотворение" pos="NOUN">стихотворение</instance>
         <wf lemma="." pos="X">.</wf>
      </sentence>
      <sentence id="d000.s3764" source="wordnet-bulgarian">
         <instance id="d000.s3764.t000" lemma="съвещание" pos="NOUN">Съвещание</instance>
         <wf lemma="на" pos="X">на</wf>
         <wf lemma="министрите" pos="X">министрите</wf>
         <wf lemma="на" pos="X">на</wf>
         <wf lemma="външните" pos="X">външните</wf>
         <wf lemma="работи" pos="X">работи</wf>
         <wf lemma="от" pos="X">от</wf>
         <wf lemma="Балканските" pos="X">Балканските</wf>
         <wf lemma="страни" pos="X">страни</wf>
         <wf lemma="." pos="X">.</wf>
      </sentence>
      <sentence id="d000.s3765" source="wordnet-bulgarian">
         <wf lemma="С" pos="X">С</wf>
         <instance id="d000.s3765.t000" lemma="направление" pos="NOUN">направление</instance>
         <wf lemma="съм" pos="X">съм</wf>
         <wf lemma="." pos="X">.</wf>
      </sentence>
      <sentence id="d000.s3766" source="wordnet-bulgarian">
         <wf lemma="Господ" pos="X">Господ</wf>
         <wf lemma="му" pos="X">му</wf>
         <wf lemma="прати" pos="X">прати</wf>
         <instance id="d000.s3766.t000" lemma="ангел" pos="NOUN">ангел</instance>
         <wf lemma="." pos="X">.</wf>
      </sentence>
      <sentence id="d000.s3767" source="wordnet-bulgarian">
         <instance id="d000.s3767.t000" lemma="напредвам" pos="VERB">напредвам</instance>
         <wf lemma="в" pos="X">в</wf>
         <wf lemma="учението" pos="X">учението</wf>
         <wf lemma="." pos="X">.</wf>
      </sentence>
      <sentence id="d000.s3768" source="wordnet-bulgarian">
         <wf lemma="гледам" pos="X">гледам</wf>
         <wf lemma="през" pos="X">през</wf>
         <instance id="d000.s3768.t000" lemma="пролука" pos="NOUN">пролуката</instance>
         <wf lemma="на" pos="X">на</wf>
         <wf lemma="." pos="X">.</wf>
      </sentence>
      <sentence id="d000.s3769" source="wordnet-bulgarian">
         <wf lemma="опазване" pos="X">опазване</wf>
         <wf lemma="на" pos="X">на</wf>
         <instance id="d000.s3769.t000" lemma="природа" pos="NOUN">природата</instance>
         <wf lemma="." pos="X">.</wf>
      </sentence>
      <sentence id="d000.s3770" source="wordnet-bulgarian">
         <wf lemma="изпускам" pos="X">изпускам</wf>
         <instance id="d000.s3770.t000" lemma="ферибот" pos="NOUN">ферибота</instance>
         <wf lemma="." pos="X">.</wf>
      </sentence>
      <sentence id="d000.s3771" source="wordnet-bulgarian">
         <wf lemma="младежки" pos="X">младежки</wf>
         <instance id="d000.s3771.t000" lemma="фестивал" pos="NOUN">фестивал</instance>
         <wf lemma="." pos="X">.</wf>
      </sentence>
      <sentence id="d000.s3772" source="wordnet-bulgarian">
         <wf lemma="Паркингът" pos="X">Паркингът</wf>
         <instance id="d000.s3772.t000" lemma="обхващам" pos="VERB">обхваща</instance>
         <wf lemma="цял" pos="X">цял</wf>
         <wf lemma="декар" pos="X">декар</wf>
         <wf lemma="." pos="X">.</wf>
      </sentence>
      <sentence id="d000.s3773" source="wordnet-bulgarian">
         <wf lemma="търговски" pos="X">търговски</wf>
         <instance id="d000.s3773.t000" lemma="представител" pos="NOUN">представител</instance>
         <wf lemma="." pos="X">.</wf>
      </sentence>
      <sentence id="d000.s3774" source="wordnet-bulgarian">
         <wf lemma="български" pos="X">български</wf>
         <instance id="d000.s3774.t000" lemma="актьор" pos="NOUN">актьор</instance>
         <wf lemma="." pos="X">.</wf>
      </sentence>
      <sentence id="d000.s3775" source="wordnet-bulgarian">
         <wf lemma="джобен" pos="X">джобен</wf>
         <instance id="d000.s3775.t000" lemma="бележник" pos="NOUN">бележник</instance>
         <wf lemma="." pos="X">.</wf>
      </sentence>
      <sentence id="d000.s3776" source="wordnet-bulgarian">
         <wf lemma="военен" pos="X">военен</wf>
         <instance id="d000.s3776.t000" lemma="кабинет" pos="NOUN">кабинет</instance>
         <wf lemma="." pos="X">.</wf>
      </sentence>
      <sentence id="d000.s3777" source="wordnet-bulgarian">
         <wf lemma="ехидна" pos="X">ехидна</wf>
         <instance id="d000.s3777.t000" lemma="усмивка" pos="NOUN">усмивка</instance>
         <wf lemma="." pos="X">.</wf>
      </sentence>
      <sentence id="d000.s3778" source="wordnet-bulgarian">
         <wf lemma="Днес" pos="X">Днес</wf>
         <wf lemma="ще" pos="X">ще</wf>
         <wf lemma="разгледаме" pos="X">разгледаме</wf>
         <instance id="d000.s3778.t000" lemma="град" pos="NOUN">града</instance>
         <wf lemma="." pos="X">.</wf>
      </sentence>
      <sentence id="d000.s3779" source="wordnet-bulgarian">
         <wf lemma="пълна" pos="X">пълна</wf>
         <instance id="d000.s3779.t000" lemma="хармония" pos="NOUN">хармония</instance>
         <wf lemma="." pos="X">.</wf>
      </sentence>
      <sentence id="d000.s3780" source="wordnet-bulgarian">
         <instance id="d000.s3780.t000" lemma="противоположност" pos="NOUN">противоположност</instance>
         <wf lemma="на" pos="X">на</wf>
         <wf lemma="." pos="X">.</wf>
      </sentence>
      <sentence id="d000.s3781" source="wordnet-bulgarian">
         <wf lemma="Той" pos="X">Той</wf>
         <wf lemma="винаги" pos="X">винаги</wf>
         <wf lemma="е" pos="X">е</wf>
         <wf lemma="бил" pos="X">бил</wf>
         <instance id="d000.s3781.t000" lemma="кавалер" pos="NOUN">кавалер</instance>
         <wf lemma="." pos="X">.</wf>
      </sentence>
      <sentence id="d000.s3782" source="wordnet-bulgarian">
         <instance id="d000.s3782.t000" lemma="измивам" pos="VERB">измивам</instance>
         <wf lemma="кола" pos="X">кола</wf>
         <wf lemma="." pos="X">.</wf>
      </sentence>
      <sentence id="d000.s3783" source="wordnet-bulgarian">
         <wf lemma="говорим" pos="X">говорим</wf>
         <instance id="d000.s3783.t000" lemma="език" pos="NOUN">език</instance>
         <wf lemma="." pos="X">.</wf>
      </sentence>
      <sentence id="d000.s3784" source="wordnet-bulgarian">
         <instance id="d000.s3784.t000" lemma="готвя" pos="VERB">Готвя</instance>
         <wf lemma="с" pos="X">с</wf>
         <wf lemma="много" pos="X">много</wf>
         <wf lemma="подправки" pos="X">подправки</wf>
         <wf lemma="." pos="X">.</wf>
      </sentence>
      <sentence id="d000.s3785" source="wordnet-bulgarian">
         <wf lemma="гъст" pos="X">гъст</wf>
         <instance id="d000.s3785.t000" lemma="мрак" pos="NOUN">мрак</instance>
         <wf lemma="." pos="X">.</wf>
      </sentence>
      <sentence id="d000.s3786" source="wordnet-bulgarian">
         <wf lemma="добър" pos="X">добър</wf>
         <instance id="d000.s3786.t000" lemma="изпълнител" pos="NOUN">изпълнител</instance>
         <wf lemma="." pos="X">.</wf>
      </sentence>
      <sentence id="d000.s3787" source="wordnet-bulgarian">
         <wf lemma="закрита" pos="X">закрита</wf>
         <instance id="d000.s3787.t000" lemma="писта" pos="NOUN">писта</instance>
         <wf lemma="." pos="X">.</wf>
      </sentence>
      <sentence id="d000.s3788" source="wordnet-bulgarian">
         <instance id="d000.s3788.t000" lemma="реклама" pos="NOUN">реклама</instance>
         <wf lemma="по" pos="X">по</wf>
         <wf lemma="радиото" pos="X">радиото</wf>
         <wf lemma="." pos="X">.</wf>
      </sentence>
      <sentence id="d000.s3789" source="wordnet-bulgarian">
         <wf lemma="В" pos="X">В</wf>
         <wf lemma="хотела" pos="X">хотела</wf>
         <wf lemma="ни" pos="X">ни</wf>
         <instance id="d000.s3789.t000" lemma="таксувам" pos="VERB">таксуваха</instance>
         <wf lemma="четири" pos="X">четири</wf>
         <wf lemma="нощувки" pos="X">нощувки</wf>
         <wf lemma="." pos="X">.</wf>
      </sentence>
      <sentence id="d000.s3790" source="wordnet-bulgarian">
         <instance id="d000.s3790.t000" lemma="тенденция" pos="NOUN">тенденции</instance>
         <wf lemma="в" pos="X">в</wf>
         <wf lemma="модата" pos="X">модата</wf>
         <wf lemma="." pos="X">.</wf>
      </sentence>
      <sentence id="d000.s3791" source="wordnet-bulgarian">
         <wf lemma="творческо" pos="X">творческо</wf>
         <instance id="d000.s3791.t000" lemma="вдъхновение" pos="NOUN">вдъхновение</instance>
         <wf lemma="." pos="X">.</wf>
      </sentence>
      <sentence id="d000.s3792" source="wordnet-bulgarian">
         <instance id="d000.s3792.t000" lemma="отменям" pos="VERB">отменям</instance>
         <wf lemma="ембарго" pos="X">ембарго</wf>
         <wf lemma="." pos="X">.</wf>
      </sentence>
      <sentence id="d000.s3793" source="wordnet-bulgarian">
         <wf lemma="грижовна" pos="X">грижовна</wf>
         <instance id="d000.s3793.t000" lemma="дъщеря" pos="NOUN">дъщеря</instance>
         <wf lemma="." pos="X">.</wf>
      </sentence>
      <sentence id="d000.s3794" source="wordnet-bulgarian">
         <wf lemma="голямо" pos="X">голямо</wf>
         <instance id="d000.s3794.t000" lemma="имущество" pos="NOUN">имущество</instance>
         <wf lemma="." pos="X">.</wf>
      </sentence>
      <sentence id="d000.s3795" source="wordnet-bulgarian">
         <instance id="d000.s3795.t000" lemma="афиш" pos="NOUN">афиш</instance>
         <wf lemma="за" pos="X">за</wf>
         <wf lemma="концерт" pos="X">концерт</wf>
         <wf lemma="." pos="X">.</wf>
      </sentence>
      <sentence id="d000.s3796" source="wordnet-bulgarian">
         <wf lemma="задържам" pos="X">задържам</wf>
         <wf lemma="за" pos="X">за</wf>
         <instance id="d000.s3796.t000" lemma="грабеж" pos="NOUN">грабеж</instance>
         <wf lemma="." pos="X">.</wf>
      </sentence>
      <sentence id="d000.s3797" source="wordnet-bulgarian">
         <instance id="d000.s3797.t000" lemma="цел" pos="NOUN">Целта</instance>
         <wf lemma="беше" pos="X">беше</wf>
         <wf lemma="поставена" pos="X">поставена</wf>
         <wf lemma="далече" pos="X">далече</wf>
         <wf lemma="и" pos="X">и</wf>
         <wf lemma="не" pos="X">не</wf>
         <wf lemma="можах" pos="X">можах</wf>
         <wf lemma="да" pos="X">да</wf>
         <wf lemma="я" pos="X">я</wf>
         <wf lemma="улуча" pos="X">улуча</wf>
         <wf lemma="." pos="X">.</wf>
      </sentence>
      <sentence id="d000.s3798" source="wordnet-bulgarian">
         <instance id="d000.s3798.t000" lemma="летя" pos="VERB">летя</instance>
         <wf lemma="със" pos="X">със</wf>
         <wf lemma="самолет" pos="X">самолет</wf>
         <wf lemma="." pos="X">.</wf>
      </sentence>
      <sentence id="d000.s3799" source="wordnet-bulgarian">
         <instance id="d000.s3799.t000" lemma="кореспонденция" pos="NOUN">кореспонденция</instance>
         <wf lemma="от" pos="X">от</wf>
         <wf lemma="Англия" pos="X">Англия</wf>
         <wf lemma="." pos="X">.</wf>
      </sentence>
      <sentence id="d000.s3800" source="wordnet-bulgarian">
         <wf lemma="получавам" pos="X">получавам</wf>
         <instance id="d000.s3800.t000" lemma="отказ" pos="NOUN">отказ</instance>
         <wf lemma="." pos="X">.</wf>
      </sentence>
      <sentence id="d000.s3801" source="wordnet-bulgarian">
         <wf lemma="влизам" pos="X">влизам</wf>
         <wf lemma="в" pos="X">в</wf>
         <instance id="d000.s3801.t000" lemma="коридор" pos="NOUN">коридора</instance>
         <wf lemma="." pos="X">.</wf>
      </sentence>
      <sentence id="d000.s3802" source="wordnet-bulgarian">
         <wf lemma="лозова" pos="X">лозова</wf>
         <instance id="d000.s3802.t000" lemma="пръчка" pos="NOUN">пръчка</instance>
         <wf lemma="." pos="X">.</wf>
      </sentence>
      <sentence id="d000.s3803" source="wordnet-bulgarian">
         <wf lemma="добра" pos="X">добра</wf>
         <instance id="d000.s3803.t000" lemma="вест" pos="NOUN">вест</instance>
         <wf lemma="." pos="X">.</wf>
      </sentence>
      <sentence id="d000.s3804" source="wordnet-bulgarian">
         <instance id="d000.s3804.t000" lemma="стокообмен" pos="NOUN">стокообмен</instance>
         <wf lemma="между" pos="X">между</wf>
         <wf lemma="." pos="X">.</wf>
      </sentence>
      <sentence id="d000.s3805" source="wordnet-bulgarian">
         <wf lemma="пътнически" pos="X">пътнически</wf>
         <instance id="d000.s3805.t000" lemma="влак" pos="NOUN">влак</instance>
         <wf lemma="." pos="X">.</wf>
      </sentence>
      <sentence id="d000.s3806" source="wordnet-bulgarian">
         <wf lemma="Един" pos="X">Един</wf>
         <wf lemma="от" pos="X">от</wf>
         <wf lemma="съществените" pos="X">съществените</wf>
         <wf lemma="елементи" pos="X">елементи</wf>
         <wf lemma="за" pos="X">за</wf>
         <wf lemma="едно" pos="X">едно</wf>
         <wf lemma="представление" pos="X">представление</wf>
         <wf lemma="е" pos="X">е</wf>
         <instance id="d000.s3806.t000" lemma="декор" pos="NOUN">декорът</instance>
         <wf lemma="." pos="X">.</wf>
      </sentence>
      <sentence id="d000.s3807" source="wordnet-bulgarian">
         <wf lemma="права" pos="X">права</wf>
         <instance id="d000.s3807.t000" lemma="редица" pos="NOUN">редица</instance>
         <wf lemma="." pos="X">.</wf>
      </sentence>
      <sentence id="d000.s3808" source="wordnet-bulgarian">
         <wf lemma="гола" pos="X">гола</wf>
         <instance id="d000.s3808.t000" lemma="глава" pos="NOUN">глава</instance>
         <wf lemma="." pos="X">.</wf>
      </sentence>
      <sentence id="d000.s3809" source="wordnet-bulgarian">
         <wf lemma="Не" pos="X">Не</wf>
         <wf lemma="мога" pos="X">мога</wf>
         <wf lemma="да" pos="X">да</wf>
         <wf lemma="си" pos="X">си</wf>
         <instance id="d000.s3809.t000" lemma="движа" pos="VERB">движа</instance>
         <wf lemma="ръката" pos="X">ръката</wf>
         <wf lemma="." pos="X">.</wf>
      </sentence>
      <sentence id="d000.s3810" source="wordnet-bulgarian">
         <wf lemma="данъчен" pos="X">данъчен</wf>
         <instance id="d000.s3810.t000" lemma="агент" pos="NOUN">агент</instance>
         <wf lemma="." pos="X">.</wf>
      </sentence>
      <sentence id="d000.s3811" source="wordnet-bulgarian">
         <instance id="d000.s3811.t000" lemma="кампания" pos="NOUN">кампания</instance>
         <wf lemma="за" pos="X">за</wf>
         <wf lemma="прибиране" pos="X">прибиране</wf>
         <wf lemma="на" pos="X">на</wf>
         <wf lemma="реколтата" pos="X">реколтата</wf>
         <wf lemma="." pos="X">.</wf>
      </sentence>
      <sentence id="d000.s3812" source="wordnet-bulgarian">
         <wf lemma="игрален" pos="X">игрален</wf>
         <instance id="d000.s3812.t000" lemma="филм" pos="NOUN">филм</instance>
         <wf lemma="." pos="X">.</wf>
      </sentence>
      <sentence id="d000.s3813" source="wordnet-bulgarian">
         <wf lemma="неправдоподобна" pos="X">неправдоподобна</wf>
         <instance id="d000.s3813.t000" lemma="версия" pos="NOUN">версия</instance>
         <wf lemma="." pos="X">.</wf>
      </sentence>
      <sentence id="d000.s3814" source="wordnet-bulgarian">
         <instance id="d000.s3814.t000" lemma="ученик" pos="NOUN">Ученикът</instance>
         <wf lemma="бърза" pos="X">бърза</wf>
         <wf lemma="за" pos="X">за</wf>
         <wf lemma="училище" pos="X">училище</wf>
         <wf lemma="." pos="X">.</wf>
      </sentence>
      <sentence id="d000.s3815" source="wordnet-bulgarian">
         <wf lemma="ползвам" pos="X">ползвам</wf>
         <instance id="d000.s3815.t000" lemma="вилица" pos="NOUN">вилица</instance>
         <wf lemma="." pos="X">.</wf>
      </sentence>
      <sentence id="d000.s3816" source="wordnet-bulgarian">
         <wf lemma="Умирам" pos="X">Умирам</wf>
         <wf lemma="за" pos="X">за</wf>
         <instance id="d000.s3816.t000" lemma="сън" pos="NOUN">сън</instance>
         <wf lemma="." pos="X">.</wf>
      </sentence>
      <sentence id="d000.s3817" source="wordnet-bulgarian">
         <instance id="d000.s3817.t000" lemma="власт" pos="NOUN">Властта</instance>
         <wf lemma="е" pos="X">е</wf>
         <wf lemma="в" pos="X">в</wf>
         <wf lemma="ръцете" pos="X">ръцете</wf>
         <wf lemma="на" pos="X">на</wf>
         <wf lemma="една" pos="X">една</wf>
         <wf lemma="партия" pos="X">партия</wf>
         <wf lemma="." pos="X">.</wf>
      </sentence>
      <sentence id="d000.s3818" source="wordnet-bulgarian">
         <wf lemma="кожни" pos="X">кожни</wf>
         <instance id="d000.s3818.t000" lemma="болест" pos="NOUN">болести</instance>
         <wf lemma="." pos="X">.</wf>
      </sentence>
      <sentence id="d000.s3819" source="wordnet-bulgarian">
         <instance id="d000.s3819.t000" lemma="ловец" pos="NOUN">Ловецът</instance>
         <wf lemma="стреля" pos="X">стреля</wf>
         <wf lemma="два" pos="X">два</wf>
         <wf lemma="пъти" pos="X">пъти</wf>
         <wf lemma="," pos="X">,</wf>
         <wf lemma="но" pos="X">но</wf>
         <wf lemma="не" pos="X">не</wf>
         <wf lemma="успя" pos="X">успя</wf>
         <wf lemma="да" pos="X">да</wf>
         <wf lemma="убие" pos="X">убие</wf>
         <wf lemma="сърната" pos="X">сърната</wf>
         <wf lemma="." pos="X">.</wf>
      </sentence>
      <sentence id="d000.s3820" source="wordnet-bulgarian">
         <wf lemma="виенски" pos="X">виенски</wf>
         <instance id="d000.s3820.t000" lemma="бал" pos="NOUN">бал</instance>
         <wf lemma="." pos="X">.</wf>
      </sentence>
      <sentence id="d000.s3821" source="wordnet-bulgarian">
         <instance id="d000.s3821.t000" lemma="акцент" pos="NOUN">Акцентът</instance>
         <wf lemma="в" pos="X">в</wf>
         <wf lemma="нашата" pos="X">нашата</wf>
         <wf lemma="политика" pos="X">политика</wf>
         <wf lemma="са" pos="X">са</wf>
         <wf lemma="добросъседските" pos="X">добросъседските</wf>
         <wf lemma="отношения" pos="X">отношения</wf>
         <wf lemma="." pos="X">.</wf>
      </sentence>
      <sentence id="d000.s3822" source="wordnet-bulgarian">
         <wf lemma="патентен" pos="X">патентен</wf>
         <instance id="d000.s3822.t000" lemma="лиценз" pos="NOUN">лиценз</instance>
         <wf lemma="." pos="X">.</wf>
      </sentence>
      <sentence id="d000.s3823" source="wordnet-bulgarian">
         <instance id="d000.s3823.t000" lemma="слабост" pos="NOUN">Слабост</instance>
         <wf lemma="в" pos="X">в</wf>
         <wf lemma="организацията" pos="X">организацията</wf>
         <wf lemma="." pos="X">.</wf>
      </sentence>
      <sentence id="d000.s3824" source="wordnet-bulgarian">
         <wf lemma="чиста" pos="X">чиста</wf>
         <instance id="d000.s3824.t000" lemma="столица" pos="NOUN">столица</instance>
         <wf lemma="." pos="X">.</wf>
      </sentence>
      <sentence id="d000.s3825" source="wordnet-bulgarian">
         <wf lemma="градина" pos="X">градина</wf>
         <wf lemma="с" pos="X">с</wf>
         <instance id="d000.s3825.t000" lemma="роза" pos="NOUN">рози</instance>
         <wf lemma="." pos="X">.</wf>
      </sentence>
      <sentence id="d000.s3826" source="wordnet-bulgarian">
         <wf lemma="в" pos="X">в</wf>
         <wf lemma="стаята" pos="X">стаята</wf>
         <wf lemma="имаше" pos="X">имаше</wf>
         <wf lemma="само" pos="X">само</wf>
         <wf lemma="едно" pos="X">едно</wf>
         <instance id="d000.s3826.t000" lemma="легло" pos="NOUN">легло</instance>
         <wf lemma="." pos="X">.</wf>
      </sentence>
      <sentence id="d000.s3827" source="wordnet-bulgarian">
         <wf lemma="стоя" pos="X">стоя</wf>
         <wf lemma="в" pos="X">в</wf>
         <instance id="d000.s3827.t000" lemma="редица" pos="NOUN">редица</instance>
         <wf lemma="." pos="X">.</wf>
      </sentence>
      <sentence id="d000.s3828" source="wordnet-bulgarian">
         <wf lemma="Това" pos="X">Това</wf>
         <wf lemma="схващане" pos="X">схващане</wf>
         <wf lemma="се" pos="X">се</wf>
         <wf lemma="нуждае" pos="X">нуждае</wf>
         <wf lemma="от" pos="X">от</wf>
         <instance id="d000.s3828.t000" lemma="аргументация" pos="NOUN">аргументация</instance>
         <wf lemma="." pos="X">.</wf>
      </sentence>
      <sentence id="d000.s3829" source="wordnet-bulgarian">
         <wf lemma="оттеглям" pos="X">оттеглям</wf>
         <instance id="d000.s3829.t000" lemma="обвинение" pos="NOUN">обвинение</instance>
         <wf lemma="." pos="X">.</wf>
      </sentence>
      <sentence id="d000.s3830" source="wordnet-bulgarian">
         <wf lemma="сляп" pos="X">сляп</wf>
         <instance id="d000.s3830.t000" lemma="куршум" pos="NOUN">куршум</instance>
         <wf lemma="." pos="X">.</wf>
      </sentence>
      <sentence id="d000.s3831" source="wordnet-bulgarian">
         <wf lemma="тънка" pos="X">тънка</wf>
         <instance id="d000.s3831.t000" lemma="ирония" pos="NOUN">ирония</instance>
         <wf lemma="." pos="X">.</wf>
      </sentence>
      <sentence id="d000.s3832" source="wordnet-bulgarian">
         <wf lemma="пожълтял" pos="X">пожълтял</wf>
         <instance id="d000.s3832.t000" lemma="лист" pos="NOUN">лист</instance>
         <wf lemma="." pos="X">.</wf>
      </sentence>
      <sentence id="d000.s3833" source="wordnet-bulgarian">
         <wf lemma="В" pos="X">В</wf>
         <instance id="d000.s3833.t000" lemma="контекст" pos="NOUN">контекста</instance>
         <wf lemma="се" pos="X">се</wf>
         <wf lemma="определя" pos="X">определя</wf>
         <wf lemma="значението" pos="X">значението</wf>
         <wf lemma="на" pos="X">на</wf>
         <wf lemma="думата" pos="X">думата</wf>
         <wf lemma="." pos="X">.</wf>
      </sentence>
      <sentence id="d000.s3834" source="wordnet-bulgarian">
         <wf lemma="проявявам" pos="X">проявявам</wf>
         <instance id="d000.s3834.t000" lemma="невежество" pos="NOUN">невежество</instance>
         <wf lemma="." pos="X">.</wf>
      </sentence>
      <sentence id="d000.s3835" source="wordnet-bulgarian">
         <wf lemma="отивам" pos="X">отивам</wf>
         <wf lemma="към" pos="X">към</wf>
         <instance id="d000.s3835.t000" lemma="подобрение" pos="NOUN">подобрение</instance>
         <wf lemma="." pos="X">.</wf>
      </sentence>
      <sentence id="d000.s3836" source="wordnet-bulgarian">
         <wf lemma="Майките" pos="X">Майките</wf>
         <wf lemma="обичат" pos="X">обичат</wf>
         <wf lemma="да" pos="X">да</wf>
         <instance id="d000.s3836.t000" lemma="глезя" pos="VERB">глезят</instance>
         <wf lemma="децата" pos="X">децата</wf>
         <wf lemma="си" pos="X">си</wf>
         <wf lemma="." pos="X">.</wf>
      </sentence>
      <sentence id="d000.s3837" source="wordnet-bulgarian">
         <instance id="d000.s3837.t000" lemma="птица" pos="NOUN">птицата</instance>
         <wf lemma="снася" pos="X">снася</wf>
         <wf lemma="яйца" pos="X">яйца</wf>
         <wf lemma="," pos="X">,</wf>
         <wf lemma="от" pos="X">от</wf>
         <wf lemma="които" pos="X">които</wf>
         <wf lemma="се" pos="X">се</wf>
         <wf lemma="излюпват" pos="X">излюпват</wf>
         <wf lemma="малки" pos="X">малки</wf>
         <wf lemma="пиленца" pos="X">пиленца</wf>
         <wf lemma="." pos="X">.</wf>
      </sentence>
      <sentence id="d000.s3838" source="wordnet-bulgarian">
         <wf lemma="административен" pos="X">административен</wf>
         <instance id="d000.s3838.t000" lemma="персонал" pos="NOUN">персонал</instance>
         <wf lemma="." pos="X">.</wf>
      </sentence>
      <sentence id="d000.s3839" source="wordnet-bulgarian">
         <wf lemma="Ще" pos="X">Ще</wf>
         <wf lemma="дават" pos="X">дават</wf>
         <instance id="d000.s3839.t000" lemma="мач" pos="NOUN">мач</instance>
         <wf lemma="по" pos="X">по</wf>
         <wf lemma="телевизията" pos="X">телевизията</wf>
         <wf lemma="." pos="X">.</wf>
      </sentence>
      <sentence id="d000.s3840" source="wordnet-bulgarian">
         <wf lemma="лош" pos="X">лош</wf>
         <instance id="d000.s3840.t000" lemma="дух" pos="NOUN">дух</instance>
         <wf lemma="." pos="X">.</wf>
      </sentence>
      <sentence id="d000.s3841" source="wordnet-bulgarian">
         <wf lemma="Училището" pos="X">Училището</wf>
         <wf lemma="е" pos="X">е</wf>
         <wf lemma="моето" pos="X">моето</wf>
         <instance id="d000.s3841.t000" lemma="царство" pos="NOUN">царство</instance>
         <wf lemma="." pos="X">.</wf>
      </sentence>
      <sentence id="d000.s3842" source="wordnet-bulgarian">
         <wf lemma="подай" pos="X">подай</wf>
         <wf lemma="ми" pos="X">ми</wf>
         <instance id="d000.s3842.t000" lemma="запалка" pos="NOUN">запалката</instance>
         <wf lemma="." pos="X">.</wf>
      </sentence>
      <sentence id="d000.s3843" source="wordnet-bulgarian">
         <wf lemma="тотална" pos="X">тотална</wf>
         <instance id="d000.s3843.t000" lemma="разпродажба" pos="NOUN">разпродажба</instance>
         <wf lemma="." pos="X">.</wf>
      </sentence>
      <sentence id="d000.s3844" source="wordnet-bulgarian">
         <wf lemma="давам" pos="X">давам</wf>
         <instance id="d000.s3844.t000" lemma="тласък" pos="NOUN">тласък</instance>
         <wf lemma="на" pos="X">на</wf>
         <wf lemma="." pos="X">.</wf>
      </sentence>
      <sentence id="d000.s3845" source="wordnet-bulgarian">
         <wf lemma="преди" pos="X">преди</wf>
         <instance id="d000.s3845.t000" lemma="вечеря" pos="NOUN">вечеря</instance>
         <wf lemma="." pos="X">.</wf>
      </sentence>
      <sentence id="d000.s3846" source="wordnet-bulgarian">
         <wf lemma="новоназначен" pos="X">новоназначен</wf>
         <instance id="d000.s3846.t000" lemma="кмет" pos="NOUN">кмет</instance>
         <wf lemma="." pos="X">.</wf>
      </sentence>
      <sentence id="d000.s3847" source="wordnet-bulgarian">
         <wf lemma="последна" pos="X">последна</wf>
         <instance id="d000.s3847.t000" lemma="репетиция" pos="NOUN">репетиция</instance>
         <wf lemma="." pos="X">.</wf>
      </sentence>
      <sentence id="d000.s3848" source="wordnet-bulgarian">
         <wf lemma="гвардейски" pos="X">гвардейски</wf>
         <instance id="d000.s3848.t000" lemma="взвод" pos="NOUN">взвод</instance>
         <wf lemma="." pos="X">.</wf>
      </sentence>
      <sentence id="d000.s3849" source="wordnet-bulgarian">
         <wf lemma="упражнение" pos="X">упражнение</wf>
         <wf lemma="върху" pos="X">върху</wf>
         <instance id="d000.s3849.t000" lemma="греда" pos="NOUN">греда</instance>
         <wf lemma="." pos="X">.</wf>
      </sentence>
      <sentence id="d000.s3850" source="wordnet-bulgarian">
         <instance id="d000.s3850.t000" lemma="създавам" pos="VERB">Създавам</instance>
         <wf lemma="нова" pos="X">нова</wf>
         <wf lemma="теория" pos="X">теория</wf>
         <wf lemma="." pos="X">.</wf>
      </sentence>
      <sentence id="d000.s3851" source="wordnet-bulgarian">
         <wf lemma="изпитвам" pos="X">изпитвам</wf>
         <instance id="d000.s3851.t000" lemma="затруднение" pos="NOUN">затруднение</instance>
         <wf lemma="." pos="X">.</wf>
      </sentence>
      <sentence id="d000.s3852" source="wordnet-bulgarian">
         <wf lemma="Вътрешен" pos="X">Вътрешен</wf>
         <instance id="d000.s3852.t000" lemma="ред" pos="NOUN">ред</instance>
         <wf lemma="." pos="X">.</wf>
      </sentence>
      <sentence id="d000.s3853" source="wordnet-bulgarian">
         <wf lemma="тежка" pos="X">тежка</wf>
         <instance id="d000.s3853.t000" lemma="орис" pos="NOUN">орис</instance>
         <wf lemma="." pos="X">.</wf>
      </sentence>
      <sentence id="d000.s3854" source="wordnet-bulgarian">
         <wf lemma="въдворявам" pos="X">въдворявам</wf>
         <instance id="d000.s3854.t000" lemma="тишина" pos="NOUN">тишина</instance>
         <wf lemma="." pos="X">.</wf>
      </sentence>
      <sentence id="d000.s3855" source="wordnet-bulgarian">
         <wf lemma="сериозно" pos="X">сериозно</wf>
         <instance id="d000.s3855.t000" lemma="усложнение" pos="NOUN">усложнение</instance>
         <wf lemma="." pos="X">.</wf>
      </sentence>
      <sentence id="d000.s3856" source="wordnet-bulgarian">
         <wf lemma="пилешка" pos="X">пилешка</wf>
         <instance id="d000.s3856.t000" lemma="супа" pos="NOUN">супа</instance>
         <wf lemma="." pos="X">.</wf>
      </sentence>
      <sentence id="d000.s3857" source="wordnet-bulgarian">
         <wf lemma="закон" pos="X">закон</wf>
         <wf lemma="за" pos="X">за</wf>
         <wf lemma="свободното" pos="X">свободното</wf>
         <instance id="d000.s3857.t000" lemma="падане" pos="NOUN">падане</instance>
         <wf lemma="." pos="X">.</wf>
      </sentence>
      <sentence id="d000.s3858" source="wordnet-bulgarian">
         <wf lemma="долен" pos="X">долен</wf>
         <instance id="d000.s3858.t000" lemma="чаршаф" pos="NOUN">чаршаф</instance>
         <wf lemma="." pos="X">.</wf>
      </sentence>
      <sentence id="d000.s3859" source="wordnet-bulgarian">
         <instance id="d000.s3859.t000" lemma="наказвам" pos="VERB">наказвам</instance>
         <wf lemma="немирник" pos="X">немирник</wf>
         <wf lemma="." pos="X">.</wf>
      </sentence>
      <sentence id="d000.s3860" source="wordnet-bulgarian">
         <wf lemma="обратен" pos="X">обратен</wf>
         <instance id="d000.s3860.t000" lemma="завой" pos="NOUN">завой</instance>
         <wf lemma="." pos="X">.</wf>
      </sentence>
      <sentence id="d000.s3861" source="wordnet-bulgarian">
         <wf lemma="в" pos="X">в</wf>
         <wf lemma="пълна" pos="X">пълна</wf>
         <instance id="d000.s3861.t000" lemma="безопасност" pos="NOUN">безопасност</instance>
         <wf lemma="." pos="X">.</wf>
      </sentence>
      <sentence id="d000.s3862" source="wordnet-bulgarian">
         <wf lemma="научно" pos="X">научно</wf>
         <instance id="d000.s3862.t000" lemma="обсъждане" pos="NOUN">обсъждане</instance>
         <wf lemma="." pos="X">.</wf>
      </sentence>
      <sentence id="d000.s3863" source="wordnet-bulgarian">
         <instance id="d000.s3863.t000" lemma="фрактура" pos="NOUN">Фрактурата</instance>
         <wf lemma="е" pos="X">е</wf>
         <wf lemma="причинена" pos="X">причинена</wf>
         <wf lemma="от" pos="X">от</wf>
         <wf lemma="падане" pos="X">падане</wf>
         <wf lemma="." pos="X">.</wf>
      </sentence>
      <sentence id="d000.s3864" source="wordnet-bulgarian">
         <wf lemma="покривам" pos="X">покривам</wf>
         <wf lemma="с" pos="X">с</wf>
         <instance id="d000.s3864.t000" lemma="позор" pos="NOUN">позор</instance>
         <wf lemma="." pos="X">.</wf>
      </sentence>
      <sentence id="d000.s3865" source="wordnet-bulgarian">
         <wf lemma="остъклен" pos="X">остъклен</wf>
         <instance id="d000.s3865.t000" lemma="балкон" pos="NOUN">балкон</instance>
         <wf lemma="." pos="X">.</wf>
      </sentence>
      <sentence id="d000.s3866" source="wordnet-bulgarian">
         <wf lemma="при" pos="X">при</wf>
         <wf lemma="залез" pos="X">залез</wf>
         <instance id="d000.s3866.t000" lemma="слънце" pos="NOUN">слънце</instance>
         <wf lemma="." pos="X">.</wf>
      </sentence>
      <sentence id="d000.s3867" source="wordnet-bulgarian">
         <wf lemma="Катастрофата" pos="X">Катастрофата</wf>
         <wf lemma="взе" pos="X">взе</wf>
         <wf lemma="много" pos="X">много</wf>
         <instance id="d000.s3867.t000" lemma="жертва" pos="NOUN">жертви</instance>
         <wf lemma="." pos="X">.</wf>
      </sentence>
      <sentence id="d000.s3868" source="wordnet-bulgarian">
         <wf lemma="с" pos="X">с</wf>
         <wf lemma="голяма" pos="X">голяма</wf>
         <instance id="d000.s3868.t000" lemma="стойност" pos="NOUN">стойност</instance>
         <wf lemma="." pos="X">.</wf>
      </sentence>
      <sentence id="d000.s3869" source="wordnet-bulgarian">
         <wf lemma="По" pos="X">По</wf>
         <wf lemma="законен" pos="X">законен</wf>
         <instance id="d000.s3869.t000" lemma="ред" pos="NOUN">ред</instance>
         <wf lemma="." pos="X">.</wf>
      </sentence>
      <sentence id="d000.s3870" source="wordnet-bulgarian">
         <wf lemma="нямам" pos="X">нямам</wf>
         <instance id="d000.s3870.t000" lemma="доверие" pos="NOUN">доверие</instance>
         <wf lemma="в" pos="X">в</wf>
         <wf lemma="никого" pos="X">никого</wf>
         <wf lemma="." pos="X">.</wf>
      </sentence>
      <sentence id="d000.s3871" source="wordnet-bulgarian">
         <wf lemma="изложен" pos="X">изложен</wf>
         <wf lemma="на" pos="X">на</wf>
         <instance id="d000.s3871.t000" lemma="течение" pos="NOUN">течение</instance>
         <wf lemma="." pos="X">.</wf>
      </sentence>
      <sentence id="d000.s3872" source="wordnet-bulgarian">
         <wf lemma="пътна" pos="X">пътна</wf>
         <instance id="d000.s3872.t000" lemma="врата" pos="NOUN">врата</instance>
         <wf lemma="." pos="X">.</wf>
      </sentence>
      <sentence id="d000.s3873" source="wordnet-bulgarian">
         <instance id="d000.s3873.t000" lemma="почерпка" pos="NOUN">Почерпка</instance>
         <wf lemma="за" pos="X">за</wf>
         <wf lemma="рожден" pos="X">рожден</wf>
         <wf lemma="ден" pos="X">ден</wf>
         <wf lemma="." pos="X">.</wf>
      </sentence>
      <sentence id="d000.s3874" source="wordnet-bulgarian">
         <wf lemma="свиневъдна" pos="X">свиневъдна</wf>
         <instance id="d000.s3874.t000" lemma="ферма" pos="NOUN">ферма</instance>
         <wf lemma="." pos="X">.</wf>
      </sentence>
      <sentence id="d000.s3875" source="wordnet-bulgarian">
         <wf lemma="Тази" pos="X">Тази</wf>
         <wf lemma="година" pos="X">година</wf>
         <wf lemma="ще" pos="X">ще</wf>
         <wf lemma="летуваме" pos="X">летуваме</wf>
         <wf lemma="на" pos="X">на</wf>
         <instance id="d000.s3875.t000" lemma="палатка" pos="NOUN">палатки</instance>
         <wf lemma="." pos="X">.</wf>
      </sentence>
      <sentence id="d000.s3876" source="wordnet-bulgarian">
         <wf lemma="нагоре" pos="X">нагоре</wf>
         <wf lemma="по" pos="X">по</wf>
         <instance id="d000.s3876.t000" lemma="река" pos="NOUN">реката</instance>
         <wf lemma="." pos="X">.</wf>
      </sentence>
      <sentence id="d000.s3877" source="wordnet-bulgarian">
         <wf lemma="давам" pos="X">давам</wf>
         <instance id="d000.s3877.t000" lemma="шах" pos="NOUN">шах</instance>
         <wf lemma="." pos="X">.</wf>
      </sentence>
      <sentence id="d000.s3878" source="wordnet-bulgarian">
         <wf lemma="слаба" pos="X">слаба</wf>
         <instance id="d000.s3878.t000" lemma="подготовка" pos="NOUN">подготовка</instance>
         <wf lemma="." pos="X">.</wf>
      </sentence>
      <sentence id="d000.s3879" source="wordnet-bulgarian">
         <wf lemma="на" pos="X">на</wf>
         <wf lemma="държавни" pos="X">държавни</wf>
         <instance id="d000.s3879.t000" lemma="разноска" pos="NOUN">разноски</instance>
         <wf lemma="." pos="X">.</wf>
      </sentence>
      <sentence id="d000.s3880" source="wordnet-bulgarian">
         <wf lemma="излагам" pos="X">излагам</wf>
         <wf lemma="се" pos="X">се</wf>
         <wf lemma="на" pos="X">на</wf>
         <instance id="d000.s3880.t000" lemma="риск" pos="NOUN">риск</instance>
         <wf lemma="." pos="X">.</wf>
      </sentence>
      <sentence id="d000.s3881" source="wordnet-bulgarian">
         <wf lemma="Всичко" pos="X">Всичко</wf>
         <wf lemma="е" pos="X">е</wf>
         <wf lemma="потънало" pos="X">потънало</wf>
         <wf lemma="в" pos="X">в</wf>
         <instance id="d000.s3881.t000" lemma="прах" pos="NOUN">прах</instance>
         <wf lemma="." pos="X">.</wf>
      </sentence>
      <sentence id="d000.s3882" source="wordnet-bulgarian">
         <wf lemma="не" pos="X">не</wf>
         <wf lemma="без" pos="X">без</wf>
         <instance id="d000.s3882.t000" lemma="гордост" pos="NOUN">гордост</instance>
         <wf lemma="." pos="X">.</wf>
      </sentence>
      <sentence id="d000.s3883" source="wordnet-bulgarian">
         <wf lemma="имам" pos="X">имам</wf>
         <instance id="d000.s3883.t000" lemma="предположение" pos="NOUN">предположение</instance>
         <wf lemma="." pos="X">.</wf>
      </sentence>
      <sentence id="d000.s3884" source="wordnet-bulgarian">
         <instance id="d000.s3884.t000" lemma="син" pos="NOUN">сини</instance>
         <wf lemma="очи" pos="X">очи</wf>
         <wf lemma="." pos="X">.</wf>
      </sentence>
      <sentence id="d000.s3885" source="wordnet-bulgarian">
         <wf lemma="планинска" pos="X">планинска</wf>
         <instance id="d000.s3885.t000" lemma="област" pos="NOUN">област</instance>
         <wf lemma="." pos="X">.</wf>
      </sentence>
      <sentence id="d000.s3886" source="wordnet-bulgarian">
         <wf lemma="голо" pos="X">голо</wf>
         <instance id="d000.s3886.t000" lemma="месо" pos="NOUN">месо</instance>
         <wf lemma="." pos="X">.</wf>
      </sentence>
      <sentence id="d000.s3887" source="wordnet-bulgarian">
         <wf lemma="във" pos="X">във</wf>
         <wf lemma="всеки" pos="X">всеки</wf>
         <instance id="d000.s3887.t000" lemma="случай" pos="NOUN">случай</instance>
         <wf lemma="." pos="X">.</wf>
      </sentence>
      <sentence id="d000.s3888" source="wordnet-bulgarian">
         <wf lemma="плеснах" pos="X">плеснах</wf>
         <wf lemma="се" pos="X">се</wf>
         <wf lemma="по" pos="X">по</wf>
         <instance id="d000.s3888.t000" lemma="чело" pos="NOUN">челото</instance>
         <wf lemma="." pos="X">.</wf>
      </sentence>
      <sentence id="d000.s3889" source="wordnet-bulgarian">
         <wf lemma="синьо" pos="X">синьо</wf>
         <instance id="d000.s3889.t000" lemma="сирене" pos="NOUN">сирене</instance>
         <wf lemma="." pos="X">.</wf>
      </sentence>
      <sentence id="d000.s3890" source="wordnet-bulgarian">
         <instance id="d000.s3890.t000" lemma="пакет" pos="NOUN">пакет</instance>
         <wf lemma="чай" pos="X">чай</wf>
         <wf lemma="." pos="X">.</wf>
      </sentence>
      <sentence id="d000.s3891" source="wordnet-bulgarian">
         <wf lemma="Често" pos="X">Често</wf>
         <wf lemma="сменям" pos="X">сменям</wf>
         <instance id="d000.s3891.t000" lemma="адрес" pos="NOUN">адреса</instance>
         <wf lemma="си" pos="X">си</wf>
         <wf lemma="." pos="X">.</wf>
      </sentence>
      <sentence id="d000.s3892" source="wordnet-bulgarian">
         <wf lemma="Това" pos="X">Това</wf>
         <wf lemma="е" pos="X">е</wf>
         <wf lemma="само" pos="X">само</wf>
         <instance id="d000.s3892.t000" lemma="предложение" pos="NOUN">предложение</instance>
         <wf lemma="." pos="X">.</wf>
      </sentence>
      <sentence id="d000.s3893" source="wordnet-bulgarian">
         <wf lemma="моля" pos="X">моля</wf>
         <wf lemma="за" pos="X">за</wf>
         <instance id="d000.s3893.t000" lemma="услуга" pos="NOUN">услуга</instance>
         <wf lemma="." pos="X">.</wf>
      </sentence>
      <sentence id="d000.s3894" source="wordnet-bulgarian">
         <instance id="d000.s3894.t000" lemma="звън" pos="NOUN">звън</instance>
         <wf lemma="от" pos="X">от</wf>
         <wf lemma="чанове" pos="X">чанове</wf>
         <wf lemma="." pos="X">.</wf>
      </sentence>
      <sentence id="d000.s3895" source="wordnet-bulgarian">
         <wf lemma="свиря" pos="X">свиря</wf>
         <instance id="d000.s3895.t000" lemma="джаз" pos="NOUN">джаз</instance>
         <wf lemma="." pos="X">.</wf>
      </sentence>
      <sentence id="d000.s3896" source="wordnet-bulgarian">
         <wf lemma="научна" pos="X">научна</wf>
         <instance id="d000.s3896.t000" lemma="публикация" pos="NOUN">публикация</instance>
         <wf lemma="." pos="X">.</wf>
      </sentence>
      <sentence id="d000.s3897" source="wordnet-bulgarian">
         <wf lemma="отварям" pos="X">отварям</wf>
         <instance id="d000.s3897.t000" lemma="бутилка" pos="NOUN">бутилка</instance>
         <wf lemma="." pos="X">.</wf>
      </sentence>
      <sentence id="d000.s3898" source="wordnet-bulgarian">
         <instance id="d000.s3898.t000" lemma="острие" pos="NOUN">острие</instance>
         <wf lemma="на" pos="X">на</wf>
         <wf lemma="сабя" pos="X">сабя</wf>
         <wf lemma="." pos="X">.</wf>
      </sentence>
      <sentence id="d000.s3899" source="wordnet-bulgarian">
         <wf lemma="лесен" pos="X">лесен</wf>
         <instance id="d000.s3899.t000" lemma="сладкиш" pos="NOUN">сладкиш</instance>
         <wf lemma="." pos="X">.</wf>
      </sentence>
      <sentence id="d000.s3900" source="wordnet-bulgarian">
         <wf lemma="течно" pos="X">течно</wf>
         <instance id="d000.s3900.t000" lemma="лекарство" pos="NOUN">лекарство</instance>
         <wf lemma="." pos="X">.</wf>
      </sentence>
      <sentence id="d000.s3901" source="wordnet-bulgarian">
         <wf lemma="Ще" pos="X">Ще</wf>
         <wf lemma="те" pos="X">те</wf>
         <instance id="d000.s3901.t000" lemma="чакам" pos="VERB">чакам</instance>
         <wf lemma="." pos="X">.</wf>
      </sentence>
      <sentence id="d000.s3902" source="wordnet-bulgarian">
         <wf lemma="зимен" pos="X">зимен</wf>
         <instance id="d000.s3902.t000" lemma="пейзаж" pos="NOUN">пейзаж</instance>
         <wf lemma="." pos="X">.</wf>
      </sentence>
      <sentence id="d000.s3903" source="wordnet-bulgarian">
         <wf lemma="природно" pos="X">природно</wf>
         <instance id="d000.s3903.t000" lemma="бедствие" pos="NOUN">бедствие</instance>
         <wf lemma="." pos="X">.</wf>
      </sentence>
      <sentence id="d000.s3904" source="wordnet-bulgarian">
         <wf lemma="изпадам" pos="X">изпадам</wf>
         <wf lemma="в" pos="X">в</wf>
         <instance id="d000.s3904.t000" lemma="меланхолия" pos="NOUN">меланхолия</instance>
         <wf lemma="." pos="X">.</wf>
      </sentence>
      <sentence id="d000.s3905" source="wordnet-bulgarian">
         <wf lemma="Успешно" pos="X">Успешно</wf>
         <wf lemma="преминах" pos="X">преминах</wf>
         <instance id="d000.s3905.t000" lemma="препятствие" pos="NOUN">препятствието</instance>
         <wf lemma="." pos="X">.</wf>
      </sentence>
      <sentence id="d000.s3906" source="wordnet-bulgarian">
         <wf lemma="енергичен" pos="X">енергичен</wf>
         <instance id="d000.s3906.t000" lemma="говор" pos="NOUN">говор</instance>
         <wf lemma="." pos="X">.</wf>
      </sentence>
      <sentence id="d000.s3907" source="wordnet-bulgarian">
         <wf lemma="отивам" pos="X">отивам</wf>
         <wf lemma="на" pos="X">на</wf>
         <instance id="d000.s3907.t000" lemma="работа" pos="NOUN">работа</instance>
         <wf lemma="." pos="X">.</wf>
      </sentence>
      <sentence id="d000.s3908" source="wordnet-bulgarian">
         <wf lemma="незабравимо" pos="X">незабравимо</wf>
         <instance id="d000.s3908.t000" lemma="пътуване" pos="NOUN">пътуване</instance>
         <wf lemma="." pos="X">.</wf>
      </sentence>
      <sentence id="d000.s3909" source="wordnet-bulgarian">
         <wf lemma="вдигам" pos="X">вдигам</wf>
         <instance id="d000.s3909.t000" lemma="капак" pos="NOUN">капака</instance>
         <wf lemma="." pos="X">.</wf>
      </sentence>
      <sentence id="d000.s3910" source="wordnet-bulgarian">
         <instance id="d000.s3910.t000" lemma="фон" pos="NOUN">фон</instance>
         <wf lemma="на" pos="X">на</wf>
         <wf lemma="картина" pos="X">картина</wf>
         <wf lemma="." pos="X">.</wf>
      </sentence>
      <sentence id="d000.s3911" source="wordnet-bulgarian">
         <wf lemma="правя" pos="X">правя</wf>
         <instance id="d000.s3911.t000" lemma="упражнение" pos="NOUN">упражнения</instance>
         <wf lemma="." pos="X">.</wf>
      </sentence>
      <sentence id="d000.s3912" source="wordnet-bulgarian">
         <wf lemma="заставам" pos="X">заставам</wf>
         <wf lemma="на" pos="X">на</wf>
         <instance id="d000.s3912.t000" lemma="врата" pos="NOUN">вратата</instance>
         <wf lemma="." pos="X">.</wf>
      </sentence>
      <sentence id="d000.s3913" source="wordnet-bulgarian">
         <wf lemma="железен" pos="X">железен</wf>
         <instance id="d000.s3913.t000" lemma="обръч" pos="NOUN">обръч</instance>
         <wf lemma="." pos="X">.</wf>
      </sentence>
      <sentence id="d000.s3914" source="wordnet-bulgarian">
         <instance id="d000.s3914.t000" lemma="остана" pos="VERB">Останах</instance>
         <wf lemma="невъзмутим" pos="X">невъзмутим</wf>
         <wf lemma="." pos="X">.</wf>
      </sentence>
      <sentence id="d000.s3915" source="wordnet-bulgarian">
         <wf lemma="физическа" pos="X">физическа</wf>
         <instance id="d000.s3915.t000" lemma="работа" pos="NOUN">работа</instance>
         <wf lemma="." pos="X">.</wf>
      </sentence>
      <sentence id="d000.s3916" source="wordnet-bulgarian">
         <wf lemma="Имам" pos="X">Имам</wf>
         <wf lemma="нужда" pos="X">нужда</wf>
         <wf lemma="от" pos="X">от</wf>
         <wf lemma="малко" pos="X">малко</wf>
         <wf lemma="свеж" pos="X">свеж</wf>
         <instance id="d000.s3916.t000" lemma="въздух" pos="NOUN">въздух</instance>
         <wf lemma="." pos="X">.</wf>
      </sentence>
      <sentence id="d000.s3917" source="wordnet-bulgarian">
         <instance id="d000.s3917.t000" lemma="наблюдение" pos="NOUN">наблюдения</instance>
         <wf lemma="върху" pos="X">върху</wf>
         <wf lemma="." pos="X">.</wf>
      </sentence>
      <sentence id="d000.s3918" source="wordnet-bulgarian">
         <instance id="d000.s3918.t000" lemma="понижение" pos="NOUN">понижение</instance>
         <wf lemma="на" pos="X">на</wf>
         <wf lemma="атмосферното" pos="X">атмосферното</wf>
         <wf lemma="налягане" pos="X">налягане</wf>
         <wf lemma="." pos="X">.</wf>
      </sentence>
      <sentence id="d000.s3919" source="wordnet-bulgarian">
         <wf lemma="по" pos="X">по</wf>
         <wf lemma="липса" pos="X">липса</wf>
         <wf lemma="на" pos="X">на</wf>
         <instance id="d000.s3919.t000" lemma="доказателство" pos="NOUN">доказателства</instance>
         <wf lemma="." pos="X">.</wf>
      </sentence>
      <sentence id="d000.s3920" source="wordnet-bulgarian">
         <wf lemma="променям" pos="X">променям</wf>
         <instance id="d000.s3920.t000" lemma="отношение" pos="NOUN">отношението</instance>
         <wf lemma="си" pos="X">си</wf>
         <wf lemma="към" pos="X">към</wf>
         <wf lemma="." pos="X">.</wf>
      </sentence>
      <sentence id="d000.s3921" source="wordnet-bulgarian">
         <wf lemma="курортен" pos="X">курортен</wf>
         <instance id="d000.s3921.t000" lemma="комплекс" pos="NOUN">комплекс</instance>
         <wf lemma="." pos="X">.</wf>
      </sentence>
      <sentence id="d000.s3922" source="wordnet-bulgarian">
         <instance id="d000.s3922.t000" lemma="дума" pos="NOUN">Думите</instance>
         <wf lemma="му" pos="X">му</wf>
         <wf lemma="бяха" pos="X">бяха</wf>
         <wf lemma="прости" pos="X">прости</wf>
         <wf lemma="и" pos="X">и</wf>
         <wf lemma="ясни" pos="X">ясни</wf>
         <wf lemma="." pos="X">.</wf>
      </sentence>
      <sentence id="d000.s3923" source="wordnet-bulgarian">
         <wf lemma="треперя" pos="X">треперя</wf>
         <wf lemma="от" pos="X">от</wf>
         <instance id="d000.s3923.t000" lemma="студ" pos="NOUN">студ</instance>
         <wf lemma="." pos="X">.</wf>
      </sentence>
      <sentence id="d000.s3924" source="wordnet-bulgarian">
         <wf lemma="комедиен" pos="X">комедиен</wf>
         <instance id="d000.s3924.t000" lemma="актьор" pos="NOUN">актьор</instance>
         <wf lemma="." pos="X">.</wf>
      </sentence>
      <sentence id="d000.s3925" source="wordnet-bulgarian">
         <wf lemma="хващам" pos="X">хващам</wf>
         <wf lemma="под" pos="X">под</wf>
         <instance id="d000.s3925.t000" lemma="ръка" pos="NOUN">ръка</instance>
         <wf lemma="." pos="X">.</wf>
      </sentence>
      <sentence id="d000.s3926" source="wordnet-bulgarian">
         <wf lemma="вътрешно" pos="X">вътрешно</wf>
         <instance id="d000.s3926.t000" lemma="стълбище" pos="NOUN">стълбище</instance>
         <wf lemma="." pos="X">.</wf>
      </sentence>
      <sentence id="d000.s3927" source="wordnet-bulgarian">
         <wf lemma="къс" pos="X">къс</wf>
         <instance id="d000.s3927.t000" lemma="ръкав" pos="NOUN">ръкав</instance>
         <wf lemma="." pos="X">.</wf>
      </sentence>
      <sentence id="d000.s3928" source="wordnet-bulgarian">
         <wf lemma="спъвам" pos="X">спъвам</wf>
         <wf lemma="се" pos="X">се</wf>
         <wf lemma="в" pos="X">в</wf>
         <instance id="d000.s3928.t000" lemma="камък" pos="NOUN">камък</instance>
         <wf lemma="." pos="X">.</wf>
      </sentence>
      <sentence id="d000.s3929" source="wordnet-bulgarian">
         <wf lemma="банков" pos="X">банков</wf>
         <instance id="d000.s3929.t000" lemma="магнат" pos="NOUN">магнат</instance>
         <wf lemma="." pos="X">.</wf>
      </sentence>
      <sentence id="d000.s3930" source="wordnet-bulgarian">
         <wf lemma="дантелени" pos="X">дантелени</wf>
         <instance id="d000.s3930.t000" lemma="перде" pos="NOUN">пердета</instance>
         <wf lemma="." pos="X">.</wf>
      </sentence>
      <sentence id="d000.s3931" source="wordnet-bulgarian">
         <wf lemma="блед" pos="X">блед</wf>
         <instance id="d000.s3931.t000" lemma="цвят" pos="NOUN">цвят</instance>
         <wf lemma="." pos="X">.</wf>
      </sentence>
      <sentence id="d000.s3932" source="wordnet-bulgarian">
         <wf lemma="стилистична" pos="X">стилистична</wf>
         <instance id="d000.s3932.t000" lemma="грешка" pos="NOUN">грешка</instance>
         <wf lemma="." pos="X">.</wf>
      </sentence>
      <sentence id="d000.s3933" source="wordnet-bulgarian">
         <instance id="d000.s3933.t000" lemma="разказвам" pos="VERB">разказвам</instance>
         <wf lemma="истории" pos="X">истории</wf>
         <wf lemma="." pos="X">.</wf>
      </sentence>
      <sentence id="d000.s3934" source="wordnet-bulgarian">
         <wf lemma="натрупвам" pos="X">натрупвам</wf>
         <instance id="d000.s3934.t000" lemma="капитал" pos="NOUN">капитал</instance>
         <wf lemma="." pos="X">.</wf>
      </sentence>
      <sentence id="d000.s3935" source="wordnet-bulgarian">
         <wf lemma="Орелът" pos="X">Орелът</wf>
         <wf lemma="зорко" pos="X">зорко</wf>
         <wf lemma="следи" pos="X">следи</wf>
         <instance id="d000.s3935.t000" lemma="плячка" pos="NOUN">плячката</instance>
         <wf lemma="си" pos="X">си</wf>
         <wf lemma="." pos="X">.</wf>
      </sentence>
      <sentence id="d000.s3936" source="wordnet-bulgarian">
         <wf lemma="правни" pos="X">правни</wf>
         <instance id="d000.s3936.t000" lemma="ограничение" pos="NOUN">ограничения</instance>
         <wf lemma="." pos="X">.</wf>
      </sentence>
      <sentence id="d000.s3937" source="wordnet-bulgarian">
         <wf lemma="малко" pos="X">малко</wf>
         <instance id="d000.s3937.t000" lemma="куче" pos="NOUN">куче</instance>
         <wf lemma="." pos="X">.</wf>
      </sentence>
      <sentence id="d000.s3938" source="wordnet-bulgarian">
         <instance id="d000.s3938.t000" lemma="противодействие" pos="NOUN">противодействие</instance>
         <wf lemma="на" pos="X">на</wf>
         <wf lemma="престъпността" pos="X">престъпността</wf>
         <wf lemma="." pos="X">.</wf>
      </sentence>
      <sentence id="d000.s3939" source="wordnet-bulgarian">
         <instance id="d000.s3939.t000" lemma="завися" pos="VERB">завися</instance>
         <wf lemma="от" pos="X">от</wf>
         <wf lemma="някого" pos="X">някого</wf>
         <wf lemma="." pos="X">.</wf>
      </sentence>
      <sentence id="d000.s3940" source="wordnet-bulgarian">
         <instance id="d000.s3940.t000" lemma="папка" pos="NOUN">папка</instance>
         <wf lemma="за" pos="X">за</wf>
         <wf lemma="чертежи" pos="X">чертежи</wf>
         <wf lemma="." pos="X">.</wf>
      </sentence>
      <sentence id="d000.s3941" source="wordnet-bulgarian">
         <wf lemma="Поех" pos="X">Поех</wf>
         <wf lemma="чашата" pos="X">чашата</wf>
         <wf lemma="с" pos="X">с</wf>
         <wf lemma="вода" pos="X">вода</wf>
         <wf lemma="и" pos="X">и</wf>
         <wf lemma="започнах" pos="X">започнах</wf>
         <wf lemma="да" pos="X">да</wf>
         <instance id="d000.s3941.t000" lemma="гълтам" pos="VERB">гълтам</instance>
         <wf lemma="." pos="X">.</wf>
      </sentence>
      <sentence id="d000.s3942" source="wordnet-bulgarian">
         <wf lemma="панелен" pos="X">панелен</wf>
         <instance id="d000.s3942.t000" lemma="апартамент" pos="NOUN">апартамент</instance>
         <wf lemma="." pos="X">.</wf>
      </sentence>
      <sentence id="d000.s3943" source="wordnet-bulgarian">
         <instance id="d000.s3943.t000" lemma="собственик" pos="NOUN">собственик</instance>
         <wf lemma="на" pos="X">на</wf>
         <wf lemma="фирма" pos="X">фирма</wf>
         <wf lemma="." pos="X">.</wf>
      </sentence>
      <sentence id="d000.s3944" source="wordnet-bulgarian">
         <wf lemma="добро" pos="X">добро</wf>
         <instance id="d000.s3944.t000" lemma="мнение" pos="NOUN">мнение</instance>
         <wf lemma="за" pos="X">за</wf>
         <wf lemma="." pos="X">.</wf>
      </sentence>
      <sentence id="d000.s3945" source="wordnet-bulgarian">
         <wf lemma="лазерен" pos="X">лазерен</wf>
         <instance id="d000.s3945.t000" lemma="принтер" pos="NOUN">принтер</instance>
         <wf lemma="." pos="X">.</wf>
      </sentence>
      <sentence id="d000.s3946" source="wordnet-bulgarian">
         <wf lemma="искам" pos="X">искам</wf>
         <instance id="d000.s3946.t000" lemma="отчет" pos="NOUN">отчет</instance>
         <wf lemma="за" pos="X">за</wf>
         <wf lemma="." pos="X">.</wf>
      </sentence>
      <sentence id="d000.s3947" source="wordnet-bulgarian">
         <wf lemma="сили" pos="X">сили</wf>
         <wf lemma="на" pos="X">на</wf>
         <instance id="d000.s3947.t000" lemma="взаимодействие" pos="NOUN">взаимодействие</instance>
         <wf lemma="." pos="X">.</wf>
      </sentence>
      <sentence id="d000.s3948" source="wordnet-bulgarian">
         <wf lemma="заключвам" pos="X">заключвам</wf>
         <instance id="d000.s3948.t000" lemma="катинар" pos="NOUN">катинар</instance>
         <wf lemma="." pos="X">.</wf>
      </sentence>
      <sentence id="d000.s3949" source="wordnet-bulgarian">
         <wf lemma="редовен" pos="X">редовен</wf>
         <instance id="d000.s3949.t000" lemma="войник" pos="NOUN">войник</instance>
         <wf lemma="." pos="X">.</wf>
      </sentence>
      <sentence id="d000.s3950" source="wordnet-bulgarian">
         <wf lemma="оказионен" pos="X">оказионен</wf>
         <instance id="d000.s3950.t000" lemma="магазин" pos="NOUN">магазин</instance>
         <wf lemma="." pos="X">.</wf>
      </sentence>
      <sentence id="d000.s3951" source="wordnet-bulgarian">
         <wf lemma="безпристрастен" pos="X">безпристрастен</wf>
         <instance id="d000.s3951.t000" lemma="коментар" pos="NOUN">коментар</instance>
         <wf lemma="." pos="X">.</wf>
      </sentence>
      <sentence id="d000.s3952" source="wordnet-bulgarian">
         <wf lemma="в" pos="X">в</wf>
         <instance id="d000.s3952.t000" lemma="заключение" pos="NOUN">заключение</instance>
         <wf lemma="ще" pos="X">ще</wf>
         <wf lemma="кажа" pos="X">кажа</wf>
         <wf lemma="," pos="X">,</wf>
         <wf lemma="че" pos="X">че</wf>
         <wf lemma="." pos="X">.</wf>
      </sentence>
      <sentence id="d000.s3953" source="wordnet-bulgarian">
         <instance id="d000.s3953.t000" lemma="разпродажба" pos="NOUN">разпродажба</instance>
         <wf lemma="на" pos="X">на</wf>
         <wf lemma="стоки" pos="X">стоки</wf>
         <wf lemma="втора" pos="X">втора</wf>
         <wf lemma="употреба" pos="X">употреба</wf>
         <wf lemma="." pos="X">.</wf>
      </sentence>
      <sentence id="d000.s3954" source="wordnet-bulgarian">
         <wf lemma="Имам" pos="X">Имам</wf>
         <instance id="d000.s3954.t000" lemma="навик" pos="NOUN">навик</instance>
         <wf lemma="да" pos="X">да</wf>
         <wf lemma="ставам" pos="X">ставам</wf>
         <wf lemma="рано" pos="X">рано</wf>
         <wf lemma="." pos="X">.</wf>
      </sentence>
      <sentence id="d000.s3955" source="wordnet-bulgarian">
         <wf lemma="плача" pos="X">плача</wf>
         <wf lemma="като" pos="X">като</wf>
         <instance id="d000.s3955.t000" lemma="дете" pos="NOUN">дете</instance>
         <wf lemma="." pos="X">.</wf>
      </sentence>
      <sentence id="d000.s3956" source="wordnet-bulgarian">
         <wf lemma="живея" pos="X">живея</wf>
         <wf lemma="в" pos="X">в</wf>
         <wf lemma="собствено" pos="X">собствено</wf>
         <instance id="d000.s3956.t000" lemma="жилище" pos="NOUN">жилище</instance>
         <wf lemma="." pos="X">.</wf>
      </sentence>
      <sentence id="d000.s3957" source="wordnet-bulgarian">
         <wf lemma="театрална" pos="X">театрална</wf>
         <instance id="d000.s3957.t000" lemma="репетиция" pos="NOUN">репетиция</instance>
         <wf lemma="." pos="X">.</wf>
      </sentence>
      <sentence id="d000.s3958" source="wordnet-bulgarian">
         <wf lemma="меля" pos="X">меля</wf>
         <instance id="d000.s3958.t000" lemma="брашно" pos="NOUN">брашно</instance>
         <wf lemma="." pos="X">.</wf>
      </sentence>
      <sentence id="d000.s3959" source="wordnet-bulgarian">
         <wf lemma="В" pos="X">В</wf>
         <wf lemma="България" pos="X">България</wf>
         <wf lemma="има" pos="X">има</wf>
         <wf lemma="четири" pos="X">четири</wf>
         <instance id="d000.s3959.t000" lemma="сезон" pos="NOUN">сезона</instance>
         <wf lemma="." pos="X">.</wf>
      </sentence>
      <sentence id="d000.s3960" source="wordnet-bulgarian">
         <wf lemma="хладно" pos="X">хладно</wf>
         <instance id="d000.s3960.t000" lemma="време" pos="NOUN">време</instance>
         <wf lemma="." pos="X">.</wf>
      </sentence>
      <sentence id="d000.s3961" source="wordnet-bulgarian">
         <wf lemma="Усещам" pos="X">Усещам</wf>
         <wf lemma="голямо" pos="X">голямо</wf>
         <instance id="d000.s3961.t000" lemma="отчуждение" pos="NOUN">отчуждение</instance>
         <wf lemma="между" pos="X">между</wf>
         <wf lemma="нас" pos="X">нас</wf>
         <wf lemma="." pos="X">.</wf>
      </sentence>
      <sentence id="d000.s3962" source="wordnet-bulgarian">
         <instance id="d000.s3962.t000" lemma="драскам" pos="VERB">драскам</instance>
         <wf lemma="по" pos="X">по</wf>
         <wf lemma="вратата" pos="X">вратата</wf>
         <wf lemma="." pos="X">.</wf>
      </sentence>
      <sentence id="d000.s3963" source="wordnet-bulgarian">
         <instance id="d000.s3963.t000" lemma="купчина" pos="NOUN">купчина</instance>
         <wf lemma="от" pos="X">от</wf>
         <wf lemma="." pos="X">.</wf>
      </sentence>
      <sentence id="d000.s3964" source="wordnet-bulgarian">
         <instance id="d000.s3964.t000" lemma="защитя" pos="VERB">Защити</instance>
         <wf lemma="децата" pos="X">децата</wf>
         <wf lemma="." pos="X">.</wf>
      </sentence>
      <sentence id="d000.s3965" source="wordnet-bulgarian">
         <instance id="d000.s3965.t000" lemma="мразя" pos="VERB">Мразя</instance>
         <wf lemma="политиците" pos="X">политиците</wf>
         <wf lemma="." pos="X">.</wf>
      </sentence>
      <sentence id="d000.s3966" source="wordnet-bulgarian">
         <wf lemma="надзорен" pos="X">надзорен</wf>
         <instance id="d000.s3966.t000" lemma="съвет" pos="NOUN">съвет</instance>
         <wf lemma="." pos="X">.</wf>
      </sentence>
      <sentence id="d000.s3967" source="wordnet-bulgarian">
         <instance id="d000.s3967.t000" lemma="успявам" pos="VERB">Успявам</instance>
         <wf lemma="в" pos="X">в</wf>
         <wf lemma="науката" pos="X">науката</wf>
         <wf lemma="." pos="X">.</wf>
      </sentence>
      <sentence id="d000.s3968" source="wordnet-bulgarian">
         <instance id="d000.s3968.t000" lemma="цигара" pos="NOUN">цигара</instance>
         <wf lemma="без" pos="X">без</wf>
         <wf lemma="филтър" pos="X">филтър</wf>
         <wf lemma="." pos="X">.</wf>
      </sentence>
      <sentence id="d000.s3969" source="wordnet-bulgarian">
         <wf lemma="жестока" pos="X">жестока</wf>
         <instance id="d000.s3969.t000" lemma="разправа" pos="NOUN">разправа</instance>
         <wf lemma="." pos="X">.</wf>
      </sentence>
      <sentence id="d000.s3970" source="wordnet-bulgarian">
         <wf lemma="играя" pos="X">играя</wf>
         <wf lemma="в" pos="X">в</wf>
         <instance id="d000.s3970.t000" lemma="пиеса" pos="NOUN">пиеса</instance>
         <wf lemma="." pos="X">.</wf>
      </sentence>
      <sentence id="d000.s3971" source="wordnet-bulgarian">
         <wf lemma="научна" pos="X">научна</wf>
         <instance id="d000.s3971.t000" lemma="статия" pos="NOUN">статия</instance>
         <wf lemma="." pos="X">.</wf>
      </sentence>
      <sentence id="d000.s3972" source="wordnet-bulgarian">
         <wf lemma="растителна" pos="X">растителна</wf>
         <instance id="d000.s3972.t000" lemma="мазнина" pos="NOUN">мазнина</instance>
         <wf lemma="." pos="X">.</wf>
      </sentence>
      <sentence id="d000.s3973" source="wordnet-bulgarian">
         <wf lemma="порцеланова" pos="X">порцеланова</wf>
         <instance id="d000.s3973.t000" lemma="вана" pos="NOUN">вана</instance>
         <wf lemma="." pos="X">.</wf>
      </sentence>
      <sentence id="d000.s3974" source="wordnet-bulgarian">
         <wf lemma="Животните" pos="X">Животните</wf>
         <instance id="d000.s3974.t000" lemma="бродя" pos="VERB">бродят</instance>
         <wf lemma="в" pos="X">в</wf>
         <wf lemma="прерията" pos="X">прерията</wf>
         <wf lemma="," pos="X">,</wf>
         <wf lemma="за" pos="X">за</wf>
         <wf lemma="да" pos="X">да</wf>
         <wf lemma="търсят" pos="X">търсят</wf>
         <wf lemma="храна" pos="X">храна</wf>
         <wf lemma="." pos="X">.</wf>
      </sentence>
      <sentence id="d000.s3975" source="wordnet-bulgarian">
         <wf lemma="настръхнала" pos="X">настръхнала</wf>
         <instance id="d000.s3975.t000" lemma="перушина" pos="NOUN">перушина</instance>
         <wf lemma="." pos="X">.</wf>
      </sentence>
      <sentence id="d000.s3976" source="wordnet-bulgarian">
         <wf lemma="Улучих" pos="X">Улучих</wf>
         <instance id="d000.s3976.t000" lemma="цел" pos="NOUN">целта</instance>
         <wf lemma="." pos="X">.</wf>
      </sentence>
      <sentence id="d000.s3977" source="wordnet-bulgarian">
         <wf lemma="туморен" pos="X">туморен</wf>
         <instance id="d000.s3977.t000" lemma="израстък" pos="NOUN">израстък</instance>
         <wf lemma="." pos="X">.</wf>
      </sentence>
      <sentence id="d000.s3978" source="wordnet-bulgarian">
         <wf lemma="връщам" pos="X">връщам</wf>
         <instance id="d000.s3978.t000" lemma="стока" pos="NOUN">стока</instance>
         <wf lemma="." pos="X">.</wf>
      </sentence>
      <sentence id="d000.s3979" source="wordnet-bulgarian">
         <wf lemma="театрален" pos="X">театрален</wf>
         <instance id="d000.s3979.t000" lemma="състав" pos="NOUN">състав</instance>
         <wf lemma="." pos="X">.</wf>
      </sentence>
      <sentence id="d000.s3980" source="wordnet-bulgarian">
         <wf lemma="Днес" pos="X">Днес</wf>
         <wf lemma="си" pos="X">си</wf>
         <instance id="d000.s3980.t000" lemma="купя" pos="VERB">купих</instance>
         <wf lemma="ново" pos="X">ново</wf>
         <wf lemma="палто" pos="X">палто</wf>
         <wf lemma="." pos="X">.</wf>
      </sentence>
      <sentence id="d000.s3981" source="wordnet-bulgarian">
         <instance id="d000.s3981.t000" lemma="обсъждане" pos="NOUN">обсъждане</instance>
         <wf lemma="на" pos="X">на</wf>
         <wf lemma="проект" pos="X">проект</wf>
         <wf lemma="." pos="X">.</wf>
      </sentence>
      <sentence id="d000.s3982" source="wordnet-bulgarian">
         <wf lemma="качвам" pos="X">качвам</wf>
         <wf lemma="се" pos="X">се</wf>
         <wf lemma="на" pos="X">на</wf>
         <instance id="d000.s3982.t000" lemma="покрив" pos="NOUN">покрива</instance>
         <wf lemma="." pos="X">.</wf>
      </sentence>
      <sentence id="d000.s3983" source="wordnet-bulgarian">
         <wf lemma="разгулен" pos="X">разгулен</wf>
         <instance id="d000.s3983.t000" lemma="живот" pos="NOUN">живот</instance>
         <wf lemma="." pos="X">.</wf>
      </sentence>
      <sentence id="d000.s3984" source="wordnet-bulgarian">
         <wf lemma="стъклена" pos="X">стъклена</wf>
         <instance id="d000.s3984.t000" lemma="врата" pos="NOUN">врата</instance>
         <wf lemma="." pos="X">.</wf>
      </sentence>
      <sentence id="d000.s3985" source="wordnet-bulgarian">
         <wf lemma="в" pos="X">в</wf>
         <instance id="d000.s3985.t000" lemma="наличност" pos="NOUN">наличност</instance>
         <wf lemma="." pos="X">.</wf>
      </sentence>
      <sentence id="d000.s3986" source="wordnet-bulgarian">
         <wf lemma="годежен" pos="X">годежен</wf>
         <instance id="d000.s3986.t000" lemma="пръстен" pos="NOUN">пръстен</instance>
         <wf lemma="." pos="X">.</wf>
      </sentence>
      <sentence id="d000.s3987" source="wordnet-bulgarian">
         <wf lemma="Подай" pos="X">Подай</wf>
         <wf lemma="ми" pos="X">ми</wf>
         <wf lemma="един" pos="X">един</wf>
         <instance id="d000.s3987.t000" lemma="лист" pos="NOUN">лист</instance>
         <wf lemma="." pos="X">.</wf>
      </sentence>
      <sentence id="d000.s3988" source="wordnet-bulgarian">
         <wf lemma="кратко" pos="X">кратко</wf>
         <instance id="d000.s3988.t000" lemma="продължение" pos="NOUN">продължение</instance>
         <wf lemma="." pos="X">.</wf>
      </sentence>
      <sentence id="d000.s3989" source="wordnet-bulgarian">
         <wf lemma="знам" pos="X">знам</wf>
         <instance id="d000.s3989.t000" lemma="парола" pos="NOUN">паролата</instance>
         <wf lemma="." pos="X">.</wf>
      </sentence>
      <sentence id="d000.s3990" source="wordnet-bulgarian">
         <wf lemma="добре" pos="X">добре</wf>
         <wf lemma="обезопасени" pos="X">обезопасени</wf>
         <instance id="d000.s3990.t000" lemma="рудник" pos="NOUN">рудници</instance>
         <wf lemma="." pos="X">.</wf>
      </sentence>
      <sentence id="d000.s3991" source="wordnet-bulgarian">
         <wf lemma="викам" pos="X">викам</wf>
         <instance id="d000.s3991.t000" lemma="лекар" pos="NOUN">лекар</instance>
         <wf lemma="." pos="X">.</wf>
      </sentence>
      <sentence id="d000.s3992" source="wordnet-bulgarian">
         <wf lemma="отивам" pos="X">отивам</wf>
         <wf lemma="на" pos="X">на</wf>
         <instance id="d000.s3992.t000" lemma="село" pos="NOUN">село</instance>
         <wf lemma="." pos="X">.</wf>
      </sentence>
      <sentence id="d000.s3993" source="wordnet-bulgarian">
         <wf lemma="голям" pos="X">голям</wf>
         <instance id="d000.s3993.t000" lemma="фен" pos="NOUN">фен</instance>
         <wf lemma="на" pos="X">на</wf>
         <wf lemma="." pos="X">.</wf>
      </sentence>
      <sentence id="d000.s3994" source="wordnet-bulgarian">
         <instance id="d000.s3994.t000" lemma="изоставям" pos="VERB">изоставям</instance>
         <wf lemma="децата" pos="X">децата</wf>
         <wf lemma="си" pos="X">си</wf>
         <wf lemma="." pos="X">.</wf>
      </sentence>
      <sentence id="d000.s3995" source="wordnet-bulgarian">
         <wf lemma="в" pos="X">в</wf>
         <instance id="d000.s3995.t000" lemma="резултат" pos="NOUN">резултат</instance>
         <wf lemma="на" pos="X">на</wf>
         <wf lemma="." pos="X">.</wf>
      </sentence>
      <sentence id="d000.s3996" source="wordnet-bulgarian">
         <wf lemma="телешка" pos="X">телешка</wf>
         <instance id="d000.s3996.t000" lemma="кожа" pos="NOUN">кожа</instance>
         <wf lemma="." pos="X">.</wf>
      </sentence>
      <sentence id="d000.s3997" source="wordnet-bulgarian">
         <instance id="d000.s3997.t000" lemma="чорба" pos="NOUN">чорба</instance>
         <wf lemma="от" pos="X">от</wf>
         <wf lemma="гъби" pos="X">гъби</wf>
         <wf lemma="." pos="X">.</wf>
      </sentence>
      <sentence id="d000.s3998" source="wordnet-bulgarian">
         <wf lemma="Написах" pos="X">Написах</wf>
         <instance id="d000.s3998.t000" lemma="адрес" pos="NOUN">адреса</instance>
         <wf lemma="си" pos="X">си</wf>
         <wf lemma="на" pos="X">на</wf>
         <wf lemma="листче" pos="X">листче</wf>
         <wf lemma="." pos="X">.</wf>
      </sentence>
      <sentence id="d000.s3999" source="wordnet-bulgarian">
         <wf lemma="аморфен" pos="X">аморфен</wf>
         <instance id="d000.s3999.t000" lemma="въглерод" pos="NOUN">въглерод</instance>
         <wf lemma="." pos="X">.</wf>
      </sentence>
      <sentence id="d000.s4000" source="wordnet-bulgarian">
         <wf lemma="сурово" pos="X">сурово</wf>
         <instance id="d000.s4000.t000" lemma="олово" pos="NOUN">олово</instance>
         <wf lemma="." pos="X">.</wf>
      </sentence>
      <sentence id="d000.s4001" source="wordnet-bulgarian">
         <wf lemma="Живея" pos="X">Живея</wf>
         <wf lemma="в" pos="X">в</wf>
         <wf lemma="малка" pos="X">малка</wf>
         <instance id="d000.s4001.t000" lemma="стая" pos="NOUN">стая</instance>
         <wf lemma="с" pos="X">с</wf>
         <wf lemma="изглед" pos="X">изглед</wf>
         <wf lemma="към" pos="X">към</wf>
         <wf lemma="морето" pos="X">морето</wf>
         <wf lemma="." pos="X">.</wf>
      </sentence>
      <sentence id="d000.s4002" source="wordnet-bulgarian">
         <wf lemma="фабрика" pos="X">фабрика</wf>
         <wf lemma="за" pos="X">за</wf>
         <instance id="d000.s4002.t000" lemma="шоколад" pos="NOUN">шоколад</instance>
         <wf lemma="." pos="X">.</wf>
      </sentence>
      <sentence id="d000.s4003" source="wordnet-bulgarian">
         <wf lemma="изпълнявам" pos="X">изпълнявам</wf>
         <instance id="d000.s4003.t000" lemma="заповед" pos="NOUN">заповед</instance>
         <wf lemma="." pos="X">.</wf>
      </sentence>
      <sentence id="d000.s4004" source="wordnet-bulgarian">
         <wf lemma="отстоявам" pos="X">отстоявам</wf>
         <instance id="d000.s4004.t000" lemma="възглед" pos="NOUN">възгледите</instance>
         <wf lemma="си" pos="X">си</wf>
         <wf lemma="." pos="X">.</wf>
      </sentence>
      <sentence id="d000.s4005" source="wordnet-bulgarian">
         <wf lemma="болно" pos="X">болно</wf>
         <instance id="d000.s4005.t000" lemma="гърло" pos="NOUN">гърло</instance>
         <wf lemma="." pos="X">.</wf>
      </sentence>
      <sentence id="d000.s4006" source="wordnet-bulgarian">
         <wf lemma="вземам" pos="X">вземам</wf>
         <instance id="d000.s4006.t000" lemma="лекарство" pos="NOUN">лекарство</instance>
         <wf lemma="." pos="X">.</wf>
      </sentence>
      <sentence id="d000.s4007" source="wordnet-bulgarian">
         <wf lemma="изписан" pos="X">изписан</wf>
         <instance id="d000.s4007.t000" lemma="лист" pos="NOUN">лист</instance>
         <wf lemma="." pos="X">.</wf>
      </sentence>
      <sentence id="d000.s4008" source="wordnet-bulgarian">
         <wf lemma="Под" pos="X">Под</wf>
         <instance id="d000.s4008.t000" lemma="връх" pos="NOUN">върха</instance>
         <wf lemma="на" pos="X">на</wf>
         <wf lemma="елата" pos="X">елата</wf>
         <wf lemma="се" pos="X">се</wf>
         <wf lemma="беше" pos="X">беше</wf>
         <wf lemma="сгушило" pos="X">сгушило</wf>
         <wf lemma="малко" pos="X">малко</wf>
         <wf lemma="пухкаво" pos="X">пухкаво</wf>
         <wf lemma="врабче" pos="X">врабче</wf>
         <wf lemma="." pos="X">.</wf>
      </sentence>
      <sentence id="d000.s4009" source="wordnet-bulgarian">
         <instance id="d000.s4009.t000" lemma="изпускам" pos="VERB">изпускам</instance>
         <wf lemma="дреха" pos="X">дреха</wf>
         <wf lemma="." pos="X">.</wf>
      </sentence>
      <sentence id="d000.s4010" source="wordnet-bulgarian">
         <instance id="d000.s4010.t000" lemma="поглед" pos="NOUN">Погледът</instance>
         <wf lemma="му" pos="X">му</wf>
         <wf lemma="е" pos="X">е</wf>
         <wf lemma="насочен" pos="X">насочен</wf>
         <wf lemma="към" pos="X">към</wf>
         <wf lemma="прозореца" pos="X">прозореца</wf>
         <wf lemma="." pos="X">.</wf>
      </sentence>
      <sentence id="d000.s4011" source="wordnet-bulgarian">
         <instance id="d000.s4011.t000" lemma="допускам" pos="VERB">допускам</instance>
         <wf lemma="да" pos="X">да</wf>
         <wf lemma="." pos="X">.</wf>
      </sentence>
      <sentence id="d000.s4012" source="wordnet-bulgarian">
         <wf lemma="бавен" pos="X">бавен</wf>
         <instance id="d000.s4012.t000" lemma="компютър" pos="NOUN">компютър</instance>
         <wf lemma="." pos="X">.</wf>
      </sentence>
      <sentence id="d000.s4013" source="wordnet-bulgarian">
         <wf lemma="Заповядайте" pos="X">Заповядайте</wf>
         <wf lemma="," pos="X">,</wf>
         <instance id="d000.s4013.t000" lemma="седна" pos="VERB">седнете</instance>
         <wf lemma="!" pos="X">!</wf>
      </sentence>
      <sentence id="d000.s4014" source="wordnet-bulgarian">
         <instance id="d000.s4014.t000" lemma="фрактура" pos="NOUN">фрактура</instance>
         <wf lemma="на" pos="X">на</wf>
         <wf lemma="черепа" pos="X">черепа</wf>
         <wf lemma="." pos="X">.</wf>
      </sentence>
      <sentence id="d000.s4015" source="wordnet-bulgarian">
         <wf lemma="бърз" pos="X">бърз</wf>
         <instance id="d000.s4015.t000" lemma="поток" pos="NOUN">поток</instance>
         <wf lemma="." pos="X">.</wf>
      </sentence>
      <sentence id="d000.s4016" source="wordnet-bulgarian">
         <instance id="d000.s4016.t000" lemma="апел" pos="NOUN">апел</instance>
         <wf lemma="за" pos="X">за</wf>
         <wf lemma="помощ" pos="X">помощ</wf>
         <wf lemma="." pos="X">.</wf>
      </sentence>
      <sentence id="d000.s4017" source="wordnet-bulgarian">
         <wf lemma="войник" pos="X">войник</wf>
         <wf lemma="с" pos="X">с</wf>
         <instance id="d000.s4017.t000" lemma="каска" pos="NOUN">каска</instance>
         <wf lemma="." pos="X">.</wf>
      </sentence>
      <sentence id="d000.s4018" source="wordnet-bulgarian">
         <wf lemma="Световно" pos="X">Световно</wf>
         <wf lemma="първенство" pos="X">първенство</wf>
         <wf lemma="по" pos="X">по</wf>
         <instance id="d000.s4018.t000" lemma="футбол" pos="NOUN">футбол</instance>
         <wf lemma="." pos="X">.</wf>
      </sentence>
      <sentence id="d000.s4019" source="wordnet-bulgarian">
         <instance id="d000.s4019.t000" lemma="фабрика" pos="NOUN">Фабриката</instance>
         <wf lemma="беше" pos="X">беше</wf>
         <wf lemma="сива" pos="X">сива</wf>
         <wf lemma="и" pos="X">и</wf>
         <wf lemma="неприветлива" pos="X">неприветлива</wf>
         <wf lemma="сграда" pos="X">сграда</wf>
         <wf lemma="." pos="X">.</wf>
      </sentence>
      <sentence id="d000.s4020" source="wordnet-bulgarian">
         <wf lemma="От" pos="X">От</wf>
         <wf lemma="дълбока" pos="X">дълбока</wf>
         <wf lemma="древност" pos="X">древност</wf>
         <instance id="d000.s4020.t000" lemma="огледало" pos="NOUN">огледалото</instance>
         <wf lemma="е" pos="X">е</wf>
         <wf lemma="съпътствало" pos="X">съпътствало</wf>
         <wf lemma="живота" pos="X">живота</wf>
         <wf lemma="на" pos="X">на</wf>
         <wf lemma="хората" pos="X">хората</wf>
         <wf lemma="." pos="X">.</wf>
      </sentence>
      <sentence id="d000.s4021" source="wordnet-bulgarian">
         <wf lemma="работя" pos="X">работя</wf>
         <wf lemma="на" pos="X">на</wf>
         <instance id="d000.s4021.t000" lemma="нива" pos="NOUN">нивата</instance>
         <wf lemma="." pos="X">.</wf>
      </sentence>
      <sentence id="d000.s4022" source="wordnet-bulgarian">
         <instance id="d000.s4022.t000" lemma="реорганизация" pos="NOUN">реорганизация</instance>
         <wf lemma="в." pos="X">в.</wf>
      </sentence>
      <sentence id="d000.s4023" source="wordnet-bulgarian">
         <instance id="d000.s4023.t000" lemma="предаване" pos="NOUN">предаване</instance>
         <wf lemma="от" pos="X">от</wf>
         <wf lemma="студио" pos="X">студио</wf>
         <wf lemma="." pos="X">.</wf>
      </sentence>
      <sentence id="d000.s4024" source="wordnet-bulgarian">
         <instance id="d000.s4024.t000" lemma="присъствие" pos="NOUN">Присъствието</instance>
         <wf lemma="на" pos="X">на</wf>
         <wf lemma="членовете" pos="X">членовете</wf>
         <wf lemma="е" pos="X">е</wf>
         <wf lemma="задължително" pos="X">задължително</wf>
         <wf lemma="." pos="X">.</wf>
      </sentence>
      <sentence id="d000.s4025" source="wordnet-bulgarian">
         <wf lemma="изпълнявам" pos="X">изпълнявам</wf>
         <instance id="d000.s4025.t000" lemma="обещание" pos="NOUN">обещание</instance>
         <wf lemma="." pos="X">.</wf>
      </sentence>
      <sentence id="d000.s4026" source="wordnet-bulgarian">
         <wf lemma="Той" pos="X">Той</wf>
         <wf lemma="постави" pos="X">постави</wf>
         <wf lemma="две" pos="X">две</wf>
         <instance id="d000.s4026.t000" lemma="теглилка" pos="NOUN">теглилки</instance>
         <wf lemma="на" pos="X">на</wf>
         <wf lemma="везната" pos="X">везната</wf>
         <wf lemma="." pos="X">.</wf>
      </sentence>
      <sentence id="d000.s4027" source="wordnet-bulgarian">
         <wf lemma="Прекарах" pos="X">Прекарах</wf>
         <wf lemma="в" pos="X">в</wf>
         <instance id="d000.s4027.t000" lemma="концлагер" pos="NOUN">концлагер</instance>
         <wf lemma="няколко" pos="X">няколко</wf>
         <wf lemma="години" pos="X">години</wf>
         <wf lemma="." pos="X">.</wf>
      </sentence>
      <sentence id="d000.s4028" source="wordnet-bulgarian">
         <wf lemma="несметни" pos="X">несметни</wf>
         <instance id="d000.s4028.t000" lemma="богатство" pos="NOUN">богатства</instance>
         <wf lemma="." pos="X">.</wf>
      </sentence>
      <sentence id="d000.s4029" source="wordnet-bulgarian">
         <wf lemma="речен" pos="X">речен</wf>
         <instance id="d000.s4029.t000" lemma="пясък" pos="NOUN">пясък</instance>
         <wf lemma="." pos="X">.</wf>
      </sentence>
      <sentence id="d000.s4030" source="wordnet-bulgarian">
         <wf lemma="треперя" pos="X">треперя</wf>
         <wf lemma="от" pos="X">от</wf>
         <instance id="d000.s4030.t000" lemma="ярост" pos="NOUN">ярост</instance>
         <wf lemma="." pos="X">.</wf>
      </sentence>
      <sentence id="d000.s4031" source="wordnet-bulgarian">
         <wf lemma="Гарван" pos="X">Гарван</wf>
         <wf lemma="гарвану" pos="X">гарвану</wf>
         <instance id="d000.s4031.t000" lemma="око" pos="NOUN">око</instance>
         <wf lemma="не" pos="X">не</wf>
         <wf lemma="вади" pos="X">вади</wf>
         <wf lemma="." pos="X">.</wf>
      </sentence>
      <sentence id="d000.s4032" source="wordnet-bulgarian">
         <wf lemma="лепя" pos="X">лепя</wf>
         <instance id="d000.s4032.t000" lemma="афиш" pos="NOUN">афиши</instance>
         <wf lemma="." pos="X">.</wf>
      </sentence>
      <sentence id="d000.s4033" source="wordnet-bulgarian">
         <wf lemma="доколкото" pos="X">доколкото</wf>
         <instance id="d000.s4033.t000" lemma="завися" pos="VERB">зависи</instance>
         <wf lemma="от" pos="X">от</wf>
         <wf lemma="мен" pos="X">мен</wf>
         <wf lemma="." pos="X">.</wf>
      </sentence>
      <sentence id="d000.s4034" source="wordnet-bulgarian">
         <wf lemma="малко" pos="X">малко</wf>
         <instance id="d000.s4034.t000" lemma="момче" pos="NOUN">момче</instance>
         <wf lemma="." pos="X">.</wf>
      </sentence>
      <sentence id="d000.s4035" source="wordnet-bulgarian">
         <wf lemma="изкушително" pos="X">изкушително</wf>
         <instance id="d000.s4035.t000" lemma="предложение" pos="NOUN">предложение</instance>
         <wf lemma="." pos="X">.</wf>
      </sentence>
      <sentence id="d000.s4036" source="wordnet-bulgarian">
         <wf lemma="Да" pos="X">Да</wf>
         <instance id="d000.s4036.t000" lemma="предположа" pos="VERB">предположим</instance>
         <wf lemma="," pos="X">,</wf>
         <wf lemma="че" pos="X">че</wf>
         <wf lemma="сте" pos="X">сте</wf>
         <wf lemma="прав" pos="X">прав</wf>
         <wf lemma="." pos="X">.</wf>
      </sentence>
      <sentence id="d000.s4037" source="wordnet-bulgarian">
         <wf lemma="получавам" pos="X">получавам</wf>
         <wf lemma="нещо" pos="X">нещо</wf>
         <wf lemma="чрез" pos="X">чрез</wf>
         <instance id="d000.s4037.t000" lemma="размяна" pos="NOUN">размяна</instance>
         <wf lemma="." pos="X">.</wf>
      </sentence>
      <sentence id="d000.s4038" source="wordnet-bulgarian">
         <wf lemma="газообразно" pos="X">газообразно</wf>
         <instance id="d000.s4038.t000" lemma="вещество" pos="NOUN">вещество</instance>
         <wf lemma="." pos="X">.</wf>
      </sentence>
      <sentence id="d000.s4039" source="wordnet-bulgarian">
         <instance id="d000.s4039.t000" lemma="врата" pos="NOUN">врата</instance>
         <wf lemma="на" pos="X">на</wf>
         <wf lemma="кухня" pos="X">кухня</wf>
         <wf lemma="." pos="X">.</wf>
      </sentence>
      <sentence id="d000.s4040" source="wordnet-bulgarian">
         <wf lemma="кратко" pos="X">кратко</wf>
         <instance id="d000.s4040.t000" lemma="боледуване" pos="NOUN">боледуване</instance>
         <wf lemma="." pos="X">.</wf>
      </sentence>
      <sentence id="d000.s4041" source="wordnet-bulgarian">
         <wf lemma="медицински" pos="X">медицински</wf>
         <instance id="d000.s4041.t000" lemma="персонал" pos="NOUN">персонал</instance>
         <wf lemma="." pos="X">.</wf>
      </sentence>
      <sentence id="d000.s4042" source="wordnet-bulgarian">
         <wf lemma="Затръшнах" pos="X">Затръшнах</wf>
         <instance id="d000.s4042.t000" lemma="врата" pos="NOUN">вратата</instance>
         <wf lemma="под" pos="X">под</wf>
         <wf lemma="носа" pos="X">носа</wf>
         <wf lemma="му" pos="X">му</wf>
         <wf lemma="." pos="X">.</wf>
      </sentence>
      <sentence id="d000.s4043" source="wordnet-bulgarian">
         <wf lemma="жилаво" pos="X">жилаво</wf>
         <instance id="d000.s4043.t000" lemma="месо" pos="NOUN">месо</instance>
         <wf lemma="." pos="X">.</wf>
      </sentence>
      <sentence id="d000.s4044" source="wordnet-bulgarian">
         <wf lemma="филмов" pos="X">филмов</wf>
         <instance id="d000.s4044.t000" lemma="продуцент" pos="NOUN">продуцент</instance>
         <wf lemma="." pos="X">.</wf>
      </sentence>
      <sentence id="d000.s4045" source="wordnet-bulgarian">
         <instance id="d000.s4045.t000" lemma="куп" pos="NOUN">куп</instance>
         <wf lemma="въпроси" pos="X">въпроси</wf>
         <wf lemma="." pos="X">.</wf>
      </sentence>
      <sentence id="d000.s4046" source="wordnet-bulgarian">
         <instance id="d000.s4046.t000" lemma="изложение" pos="NOUN">изложение</instance>
         <wf lemma="на" pos="X">на</wf>
         <wf lemma="автомобили" pos="X">автомобили</wf>
         <wf lemma="." pos="X">.</wf>
      </sentence>
      <sentence id="d000.s4047" source="wordnet-bulgarian">
         <wf lemma="Какъв" pos="X">Какъв</wf>
         <wf lemma="е" pos="X">е</wf>
         <wf lemma="резултатът" pos="X">резултатът</wf>
         <wf lemma="от" pos="X">от</wf>
         <instance id="d000.s4047.t000" lemma="мач" pos="NOUN">мача</instance>
         <wf lemma="?" pos="X">?</wf>
      </sentence>
      <sentence id="d000.s4048" source="wordnet-bulgarian">
         <wf lemma="Чаках" pos="X">Чаках</wf>
         <wf lemma="няколко" pos="X">няколко</wf>
         <wf lemma="дни" pos="X">дни</wf>
         <wf lemma="за" pos="X">за</wf>
         <wf lemma="неговия" pos="X">неговия</wf>
         <instance id="d000.s4048.t000" lemma="отговор" pos="NOUN">отговор</instance>
         <wf lemma="." pos="X">.</wf>
      </sentence>
      <sentence id="d000.s4049" source="wordnet-bulgarian">
         <wf lemma="от" pos="X">от</wf>
         <instance id="d000.s4049.t000" lemma="небрежност" pos="NOUN">небрежност</instance>
         <wf lemma="." pos="X">.</wf>
      </sentence>
      <sentence id="d000.s4050" source="wordnet-bulgarian">
         <wf lemma="днешна" pos="X">днешна</wf>
         <instance id="d000.s4050.t000" lemma="дата" pos="NOUN">дата</instance>
         <wf lemma="." pos="X">.</wf>
      </sentence>
      <sentence id="d000.s4051" source="wordnet-bulgarian">
         <wf lemma="Ела" pos="X">Ела</wf>
         <wf lemma="при" pos="X">при</wf>
         <wf lemma="мене" pos="X">мене</wf>
         <wf lemma="на" pos="X">на</wf>
         <wf lemma="работа" pos="X">работа</wf>
         <wf lemma="и" pos="X">и</wf>
         <wf lemma="ще" pos="X">ще</wf>
         <instance id="d000.s4051.t000" lemma="изкарам" pos="VERB">изкараш</instance>
         <wf lemma="някоя" pos="X">някоя</wf>
         <wf lemma="и" pos="X">и</wf>
         <wf lemma="друга" pos="X">друга</wf>
         <wf lemma="пара" pos="X">пара</wf>
         <wf lemma="." pos="X">.</wf>
      </sentence>
      <sentence id="d000.s4052" source="wordnet-bulgarian">
         <wf lemma="в" pos="X">в</wf>
         <wf lemma="най-лошия" pos="X">най-лошия</wf>
         <instance id="d000.s4052.t000" lemma="случай" pos="NOUN">случай</instance>
         <wf lemma="." pos="X">.</wf>
      </sentence>
      <sentence id="d000.s4053" source="wordnet-bulgarian">
         <wf lemma="правилен" pos="X">правилен</wf>
         <instance id="d000.s4053.t000" lemma="нос" pos="NOUN">нос</instance>
         <wf lemma="." pos="X">.</wf>
      </sentence>
      <sentence id="d000.s4054" source="wordnet-bulgarian">
         <wf lemma="Откриха" pos="X">Откриха</wf>
         <instance id="d000.s4054.t000" lemma="скелет" pos="NOUN">скелет</instance>
         <wf lemma="на" pos="X">на</wf>
         <wf lemma="динозавър" pos="X">динозавър</wf>
         <wf lemma="." pos="X">.</wf>
      </sentence>
      <sentence id="d000.s4055" source="wordnet-bulgarian">
         <wf lemma="университетско" pos="X">университетско</wf>
         <instance id="d000.s4055.t000" lemma="образование" pos="NOUN">образование</instance>
         <wf lemma="." pos="X">.</wf>
      </sentence>
      <sentence id="d000.s4056" source="wordnet-bulgarian">
         <wf lemma="ръждиво" pos="X">ръждиво</wf>
         <instance id="d000.s4056.t000" lemma="петно" pos="NOUN">петно</instance>
         <wf lemma="." pos="X">.</wf>
      </sentence>
      <sentence id="d000.s4057" source="wordnet-bulgarian">
         <wf lemma="Правя" pos="X">Правя</wf>
         <instance id="d000.s4057.t000" lemma="преговор" pos="NOUN">преговор</instance>
         <wf lemma="на" pos="X">на</wf>
         <wf lemma="всички" pos="X">всички</wf>
         <wf lemma="въпроси" pos="X">въпроси</wf>
         <wf lemma="от" pos="X">от</wf>
         <wf lemma="конспекта" pos="X">конспекта</wf>
         <wf lemma="." pos="X">.</wf>
      </sentence>
      <sentence id="d000.s4058" source="wordnet-bulgarian">
         <wf lemma="кратък" pos="X">кратък</wf>
         <instance id="d000.s4058.t000" lemma="полет" pos="NOUN">полет</instance>
         <wf lemma="." pos="X">.</wf>
      </sentence>
      <sentence id="d000.s4059" source="wordnet-bulgarian">
         <instance id="d000.s4059.t000" lemma="нямам" pos="VERB">нямам</instance>
         <wf lemma="нищо" pos="X">нищо</wf>
         <wf lemma="." pos="X">.</wf>
      </sentence>
      <sentence id="d000.s4060" source="wordnet-bulgarian">
         <instance id="d000.s4060.t000" lemma="син" pos="NOUN">синьо</instance>
         <wf lemma="цвете" pos="X">цвете</wf>
         <wf lemma="." pos="X">.</wf>
      </sentence>
      <sentence id="d000.s4061" source="wordnet-bulgarian">
         <instance id="d000.s4061.t000" lemma="наблюдавам" pos="VERB">Наблюдавам</instance>
         <wf lemma="как" pos="X">как</wf>
         <wf lemma="играят" pos="X">играят</wf>
         <wf lemma="децата" pos="X">децата</wf>
         <wf lemma="." pos="X">.</wf>
      </sentence>
      <sentence id="d000.s4062" source="wordnet-bulgarian">
         <wf lemma="готвя" pos="X">готвя</wf>
         <wf lemma="с" pos="X">с</wf>
         <instance id="d000.s4062.t000" lemma="масло" pos="NOUN">масло</instance>
         <wf lemma="." pos="X">.</wf>
      </sentence>
      <sentence id="d000.s4063" source="wordnet-bulgarian">
         <wf lemma="приятна" pos="X">приятна</wf>
         <instance id="d000.s4063.t000" lemma="занимавка" pos="NOUN">занимавка</instance>
         <wf lemma="." pos="X">.</wf>
      </sentence>
      <sentence id="d000.s4064" source="wordnet-bulgarian">
         <wf lemma="официално" pos="X">официално</wf>
         <instance id="d000.s4064.t000" lemma="тържество" pos="NOUN">тържество</instance>
         <wf lemma="." pos="X">.</wf>
      </sentence>
      <sentence id="d000.s4065" source="wordnet-bulgarian">
         <wf lemma="Загасих" pos="X">Загасих</wf>
         <wf lemma="нервно" pos="X">нервно</wf>
         <instance id="d000.s4065.t000" lemma="цигара" pos="NOUN">цигарата</instance>
         <wf lemma="и" pos="X">и</wf>
         <wf lemma="тръгнах" pos="X">тръгнах</wf>
         <wf lemma="." pos="X">.</wf>
      </sentence>
      <sentence id="d000.s4066" source="wordnet-bulgarian">
         <wf lemma="горящ" pos="X">горящ</wf>
         <instance id="d000.s4066.t000" lemma="факел" pos="NOUN">факел</instance>
         <wf lemma="." pos="X">.</wf>
      </sentence>
      <sentence id="d000.s4067" source="wordnet-bulgarian">
         <instance id="d000.s4067.t000" lemma="стока" pos="NOUN">стока</instance>
         <wf lemma="без" pos="X">без</wf>
         <wf lemma="етикет" pos="X">етикет</wf>
         <wf lemma="." pos="X">.</wf>
      </sentence>
      <sentence id="d000.s4068" source="wordnet-bulgarian">
         <instance id="d000.s4068.t000" lemma="травма" pos="NOUN">травма</instance>
         <wf lemma="на" pos="X">на</wf>
         <wf lemma="крака" pos="X">крака</wf>
         <wf lemma="." pos="X">.</wf>
      </sentence>
      <sentence id="d000.s4069" source="wordnet-bulgarian">
         <instance id="d000.s4069.t000" lemma="удар" pos="NOUN">удар</instance>
         <wf lemma="в" pos="X">в</wf>
         <wf lemma="гърба" pos="X">гърба</wf>
         <wf lemma="." pos="X">.</wf>
      </sentence>
      <sentence id="d000.s4070" source="wordnet-bulgarian">
         <instance id="d000.s4070.t000" lemma="стрелба" pos="NOUN">стрелба</instance>
         <wf lemma="по" pos="X">по</wf>
         <wf lemma="мишена" pos="X">мишена</wf>
         <wf lemma="." pos="X">.</wf>
      </sentence>
      <sentence id="d000.s4071" source="wordnet-bulgarian">
         <wf lemma="Приеха" pos="X">Приеха</wf>
         <wf lemma="го" pos="X">го</wf>
         <wf lemma="по" pos="X">по</wf>
         <instance id="d000.s4071.t000" lemma="спешност" pos="NOUN">спешност</instance>
         <wf lemma="в" pos="X">в</wf>
         <wf lemma="болница" pos="X">болница</wf>
         <wf lemma="." pos="X">.</wf>
      </sentence>
      <sentence id="d000.s4072" source="wordnet-bulgarian">
         <wf lemma="Оставих" pos="X">Оставих</wf>
         <wf lemma="молбата" pos="X">молбата</wf>
         <wf lemma="си" pos="X">си</wf>
         <wf lemma="на" pos="X">на</wf>
         <instance id="d000.s4072.t000" lemma="бюро" pos="NOUN">бюрото</instance>
         <wf lemma="." pos="X">.</wf>
      </sentence>
      <sentence id="d000.s4073" source="wordnet-bulgarian">
         <wf lemma="на" pos="X">на</wf>
         <wf lemma="малко" pos="X">малко</wf>
         <instance id="d000.s4073.t000" lemma="разстояние" pos="NOUN">разстояние</instance>
         <wf lemma="от" pos="X">от</wf>
         <wf lemma="." pos="X">.</wf>
      </sentence>
      <sentence id="d000.s4074" source="wordnet-bulgarian">
         <wf lemma="промишлен" pos="X">промишлен</wf>
         <instance id="d000.s4074.t000" lemma="концерн" pos="NOUN">концерн</instance>
         <wf lemma="." pos="X">.</wf>
      </sentence>
      <sentence id="d000.s4075" source="wordnet-bulgarian">
         <instance id="d000.s4075.t000" lemma="водач" pos="NOUN">водач</instance>
         <wf lemma="на" pos="X">на</wf>
         <wf lemma="." pos="X">.</wf>
      </sentence>
      <sentence id="d000.s4076" source="wordnet-bulgarian">
         <instance id="d000.s4076.t000" lemma="ключ" pos="NOUN">Ключът</instance>
         <wf lemma="ми" pos="X">ми</wf>
         <wf lemma="заяжда" pos="X">заяжда</wf>
         <wf lemma="." pos="X">.</wf>
      </sentence>
      <sentence id="d000.s4077" source="wordnet-bulgarian">
         <wf lemma="разкъсан" pos="X">разкъсан</wf>
         <instance id="d000.s4077.t000" lemma="орган" pos="NOUN">орган</instance>
         <wf lemma="." pos="X">.</wf>
      </sentence>
      <sentence id="d000.s4078" source="wordnet-bulgarian">
         <instance id="d000.s4078.t000" lemma="камион" pos="NOUN">камион</instance>
         <wf lemma="с" pos="X">с</wf>
         <wf lemma="ремарке" pos="X">ремарке</wf>
         <wf lemma="." pos="X">.</wf>
      </sentence>
      <sentence id="d000.s4079" source="wordnet-bulgarian">
         <wf lemma="като" pos="X">като</wf>
         <instance id="d000.s4079.t000" lemma="начало" pos="NOUN">начало</instance>
         <wf lemma="." pos="X">.</wf>
      </sentence>
      <sentence id="d000.s4080" source="wordnet-bulgarian">
         <wf lemma="Внасям" pos="X">Внасям</wf>
         <instance id="d000.s4080.t000" lemma="ред" pos="NOUN">ред</instance>
         <wf lemma="." pos="X">.</wf>
      </sentence>
      <sentence id="d000.s4081" source="wordnet-bulgarian">
         <wf lemma="изпълнявам" pos="X">изпълнявам</wf>
         <instance id="d000.s4081.t000" lemma="задача" pos="NOUN">задача</instance>
         <wf lemma="." pos="X">.</wf>
      </sentence>
      <sentence id="d000.s4082" source="wordnet-bulgarian">
         <wf lemma="високо" pos="X">високо</wf>
         <instance id="d000.s4082.t000" lemma="мито" pos="NOUN">мито</instance>
         <wf lemma="." pos="X">.</wf>
      </sentence>
      <sentence id="d000.s4083" source="wordnet-bulgarian">
         <wf lemma="бедрена" pos="X">бедрена</wf>
         <instance id="d000.s4083.t000" lemma="кост" pos="NOUN">кост</instance>
         <wf lemma="." pos="X">.</wf>
      </sentence>
      <sentence id="d000.s4084" source="wordnet-bulgarian">
         <wf lemma="обличам" pos="X">обличам</wf>
         <instance id="d000.s4084.t000" lemma="палто" pos="NOUN">палто</instance>
         <wf lemma="." pos="X">.</wf>
      </sentence>
      <sentence id="d000.s4085" source="wordnet-bulgarian">
         <wf lemma="На" pos="X">На</wf>
         <wf lemma="него" pos="X">него</wf>
         <wf lemma="се" pos="X">се</wf>
         <wf lemma="пада" pos="X">пада</wf>
         <instance id="d000.s4085.t000" lemma="първенство" pos="NOUN">първенството</instance>
         <wf lemma="." pos="X">.</wf>
      </sentence>
      <sentence id="d000.s4086" source="wordnet-bulgarian">
         <wf lemma="Пия" pos="X">Пия</wf>
         <wf lemma="цяла" pos="X">цяла</wf>
         <wf lemma="шепа" pos="X">шепа</wf>
         <instance id="d000.s4086.t000" lemma="лекарство" pos="NOUN">лекарства</instance>
         <wf lemma="." pos="X">.</wf>
      </sentence>
      <sentence id="d000.s4087" source="wordnet-bulgarian">
         <wf lemma="главна" pos="X">главна</wf>
         <instance id="d000.s4087.t000" lemma="функция" pos="NOUN">функция</instance>
         <wf lemma="на" pos="X">на</wf>
         <wf lemma="." pos="X">.</wf>
      </sentence>
      <sentence id="d000.s4088" source="wordnet-bulgarian">
         <wf lemma="Чуваше" pos="X">Чуваше</wf>
         <wf lemma="се" pos="X">се</wf>
         <wf lemma="зловещото" pos="X">зловещото</wf>
         <wf lemma="виене" pos="X">виене</wf>
         <wf lemma="на" pos="X">на</wf>
         <instance id="d000.s4088.t000" lemma="вълк" pos="NOUN">вълк</instance>
         <wf lemma="." pos="X">.</wf>
      </sentence>
      <sentence id="d000.s4089" source="wordnet-bulgarian">
         <wf lemma="стратегическа" pos="X">стратегическа</wf>
         <instance id="d000.s4089.t000" lemma="операция" pos="NOUN">операция</instance>
         <wf lemma="." pos="X">.</wf>
      </sentence>
      <sentence id="d000.s4090" source="wordnet-bulgarian">
         <instance id="d000.s4090.t000" lemma="поправка" pos="NOUN">поправка</instance>
         <wf lemma="на" pos="X">на</wf>
         <wf lemma="кола" pos="X">кола</wf>
         <wf lemma="." pos="X">.</wf>
      </sentence>
      <sentence id="d000.s4091" source="wordnet-bulgarian">
         <wf lemma="на" pos="X">на</wf>
         <instance id="d000.s4091.t000" lemma="каса" pos="NOUN">касата</instance>
         <wf lemma="съм" pos="X">съм</wf>
         <wf lemma="." pos="X">.</wf>
      </sentence>
      <sentence id="d000.s4092" source="wordnet-bulgarian">
         <wf lemma="Живея" pos="X">Живея</wf>
         <wf lemma="от" pos="X">от</wf>
         <instance id="d000.s4092.t000" lemma="пенсия" pos="NOUN">пенсията</instance>
         <wf lemma="си" pos="X">си</wf>
         <wf lemma="." pos="X">.</wf>
      </sentence>
      <sentence id="d000.s4093" source="wordnet-bulgarian">
         <wf lemma="Отвори" pos="X">Отвори</wf>
         <wf lemma="голяма" pos="X">голяма</wf>
         <instance id="d000.s4093.t000" lemma="уста" pos="NOUN">уста</instance>
         <wf lemma="." pos="X">.</wf>
      </sentence>
      <sentence id="d000.s4094" source="wordnet-bulgarian">
         <wf lemma="загуба" pos="X">загуба</wf>
         <wf lemma="на" pos="X">на</wf>
         <instance id="d000.s4094.t000" lemma="електорат" pos="NOUN">електорат</instance>
         <wf lemma="." pos="X">.</wf>
      </sentence>
      <sentence id="d000.s4095" source="wordnet-bulgarian">
         <wf lemma="доматен" pos="X">доматен</wf>
         <instance id="d000.s4095.t000" lemma="сос" pos="NOUN">сос</instance>
         <wf lemma="." pos="X">.</wf>
      </sentence>
      <sentence id="d000.s4096" source="wordnet-bulgarian">
         <wf lemma="Из" pos="X">Из</wf>
         <wf lemma="парка" pos="X">парка</wf>
         <wf lemma="се" pos="X">се</wf>
         <wf lemma="разхождат" pos="X">разхождат</wf>
         <wf lemma="любовни" pos="X">любовни</wf>
         <instance id="d000.s4096.t000" lemma="двойка" pos="NOUN">двойки</instance>
         <wf lemma="." pos="X">.</wf>
      </sentence>
      <sentence id="d000.s4097" source="wordnet-bulgarian">
         <wf lemma="състезания" pos="X">състезания</wf>
         <wf lemma="с" pos="X">с</wf>
         <instance id="d000.s4097.t000" lemma="мотор" pos="NOUN">мотори</instance>
         <wf lemma="." pos="X">.</wf>
      </sentence>
      <sentence id="d000.s4098" source="wordnet-bulgarian">
         <wf lemma="дървена" pos="X">дървена</wf>
         <instance id="d000.s4098.t000" lemma="конструкция" pos="NOUN">конструкция</instance>
         <wf lemma="." pos="X">.</wf>
      </sentence>
      <sentence id="d000.s4099" source="wordnet-bulgarian">
         <instance id="d000.s4099.t000" lemma="наказвам" pos="VERB">наказвам</instance>
         <wf lemma="служител" pos="X">служител</wf>
         <wf lemma="." pos="X">.</wf>
      </sentence>
      <sentence id="d000.s4100" source="wordnet-bulgarian">
         <wf lemma="излизам" pos="X">излизам</wf>
         <wf lemma="на" pos="X">на</wf>
         <instance id="d000.s4100.t000" lemma="протест" pos="NOUN">протест</instance>
         <wf lemma="." pos="X">.</wf>
      </sentence>
      <sentence id="d000.s4101" source="wordnet-bulgarian">
         <wf lemma="слизам" pos="X">слизам</wf>
         <wf lemma="по" pos="X">по</wf>
         <instance id="d000.s4101.t000" lemma="стълбище" pos="NOUN">стълбището</instance>
         <wf lemma="." pos="X">.</wf>
      </sentence>
      <sentence id="d000.s4102" source="wordnet-bulgarian">
         <wf lemma="спасителна" pos="X">спасителна</wf>
         <instance id="d000.s4102.t000" lemma="лодка" pos="NOUN">лодка</instance>
         <wf lemma="." pos="X">.</wf>
      </sentence>
      <sentence id="d000.s4103" source="wordnet-bulgarian">
         <instance id="d000.s4103.t000" lemma="свидетелство" pos="NOUN">свидетелство</instance>
         <wf lemma="за" pos="X">за</wf>
         <wf lemma="." pos="X">.</wf>
      </sentence>
      <sentence id="d000.s4104" source="wordnet-bulgarian">
         <instance id="d000.s4104.t000" lemma="кръв" pos="NOUN">кръв</instance>
         <wf lemma="ог" pos="X">ог</wf>
         <wf lemma="животно" pos="X">животно</wf>
         <wf lemma="." pos="X">.</wf>
      </sentence>
      <sentence id="d000.s4105" source="wordnet-bulgarian">
         <wf lemma="голямо" pos="X">голямо</wf>
         <instance id="d000.s4105.t000" lemma="успокоение" pos="NOUN">успокоение</instance>
         <wf lemma="." pos="X">.</wf>
      </sentence>
      <sentence id="d000.s4106" source="wordnet-bulgarian">
         <wf lemma="поливам" pos="X">поливам</wf>
         <instance id="d000.s4106.t000" lemma="цвете" pos="NOUN">цветя</instance>
         <wf lemma="." pos="X">.</wf>
      </sentence>
      <sentence id="d000.s4107" source="wordnet-bulgarian">
         <wf lemma="над" pos="X">над</wf>
         <instance id="d000.s4107.t000" lemma="норма" pos="NOUN">нормата</instance>
         <wf lemma="." pos="X">.</wf>
      </sentence>
      <sentence id="d000.s4108" source="wordnet-bulgarian">
         <wf lemma="давам" pos="X">давам</wf>
         <instance id="d000.s4108.t000" lemma="заем" pos="NOUN">заем</instance>
         <wf lemma="на" pos="X">на</wf>
         <wf lemma="." pos="X">.</wf>
      </sentence>
      <sentence id="d000.s4109" source="wordnet-bulgarian">
         <wf lemma="не" pos="X">не</wf>
         <wf lemma="си" pos="X">си</wf>
         <instance id="d000.s4109.t000" lemma="човек" pos="NOUN">човек</instance>
         <wf lemma="." pos="X">.</wf>
      </sentence>
      <sentence id="d000.s4110" source="wordnet-bulgarian">
         <instance id="d000.s4110.t000" lemma="консултация" pos="NOUN">консултации</instance>
         <wf lemma="на" pos="X">на</wf>
         <wf lemma="медицински" pos="X">медицински</wf>
         <wf lemma="специалисти" pos="X">специалисти</wf>
         <wf lemma="." pos="X">.</wf>
      </sentence>
      <sentence id="d000.s4111" source="wordnet-bulgarian">
         <wf lemma="Винаги" pos="X">Винаги</wf>
         <wf lemma="чакам" pos="X">чакам</wf>
         <wf lemma="друг" pos="X">друг</wf>
         <wf lemma="да" pos="X">да</wf>
         <wf lemma="ми" pos="X">ми</wf>
         <instance id="d000.s4111.t000" lemma="помогна" pos="VERB">помогне</instance>
         <wf lemma="." pos="X">.</wf>
      </sentence>
      <sentence id="d000.s4112" source="wordnet-bulgarian">
         <wf lemma="Заковах" pos="X">Заковах</wf>
         <wf lemma="дъската" pos="X">дъската</wf>
         <wf lemma="с" pos="X">с</wf>
         <instance id="d000.s4112.t000" lemma="пирон" pos="NOUN">пирони</instance>
         <wf lemma="." pos="X">.</wf>
      </sentence>
      <sentence id="d000.s4113" source="wordnet-bulgarian">
         <wf lemma="лична" pos="X">лична</wf>
         <instance id="d000.s4113.t000" lemma="драма" pos="NOUN">драма</instance>
         <wf lemma="." pos="X">.</wf>
      </sentence>
      <sentence id="d000.s4114" source="wordnet-bulgarian">
         <wf lemma="нищожна" pos="X">нищожна</wf>
         <instance id="d000.s4114.t000" lemma="вероятност" pos="NOUN">вероятност</instance>
         <wf lemma="." pos="X">.</wf>
      </sentence>
      <sentence id="d000.s4115" source="wordnet-bulgarian">
         <wf lemma="Певецът" pos="X">Певецът</wf>
         <wf lemma="издаде" pos="X">издаде</wf>
         <wf lemma="третия" pos="X">третия</wf>
         <wf lemma="си" pos="X">си</wf>
         <instance id="d000.s4115.t000" lemma="албум" pos="NOUN">албум</instance>
         <wf lemma="." pos="X">.</wf>
      </sentence>
      <sentence id="d000.s4116" source="wordnet-bulgarian">
         <wf lemma="Шалке" pos="X">Шалке</wf>
         <wf lemma="взе" pos="X">взе</wf>
         <instance id="d000.s4116.t000" lemma="преднина" pos="NOUN">преднина</instance>
         <wf lemma="от" pos="X">от</wf>
         <wf lemma="два" pos="X">два</wf>
         <wf lemma="гола" pos="X">гола</wf>
         <wf lemma="в" pos="X">в</wf>
         <wf lemma="София" pos="X">София</wf>
         <wf lemma="." pos="X">.</wf>
      </sentence>
      <sentence id="d000.s4117" source="wordnet-bulgarian">
         <wf lemma="Кой" pos="X">Кой</wf>
         <wf lemma="е" pos="X">е</wf>
         <wf lemma="собственикът" pos="X">собственикът</wf>
         <wf lemma="на" pos="X">на</wf>
         <wf lemma="този" pos="X">този</wf>
         <instance id="d000.s4117.t000" lemma="билборд" pos="NOUN">билборд</instance>
         <wf lemma="?" pos="X">?</wf>
      </sentence>
      <sentence id="d000.s4118" source="wordnet-bulgarian">
         <wf lemma="страшна" pos="X">страшна</wf>
         <instance id="d000.s4118.t000" lemma="маска" pos="NOUN">маска</instance>
         <wf lemma="." pos="X">.</wf>
      </sentence>
      <sentence id="d000.s4119" source="wordnet-bulgarian">
         <wf lemma="внасям" pos="X">внасям</wf>
         <instance id="d000.s4119.t000" lemma="успокоение" pos="NOUN">успокоение</instance>
         <wf lemma="." pos="X">.</wf>
      </sentence>
      <sentence id="d000.s4120" source="wordnet-bulgarian">
         <wf lemma="Пускам" pos="X">Пускам</wf>
         <instance id="d000.s4120.t000" lemma="плик" pos="NOUN">плика</instance>
         <wf lemma="в" pos="X">в</wf>
         <wf lemma="пощенската" pos="X">пощенската</wf>
         <wf lemma="кутия" pos="X">кутия</wf>
         <wf lemma="." pos="X">.</wf>
      </sentence>
      <sentence id="d000.s4121" source="wordnet-bulgarian">
         <wf lemma="На" pos="X">На</wf>
         <wf lemma="това" pos="X">това</wf>
         <wf lemma="свято" pos="X">свято</wf>
         <wf lemma="място" pos="X">място</wf>
         <wf lemma="се" pos="X">се</wf>
         <wf lemma="събраха" pos="X">събраха</wf>
         <wf lemma="всичките" pos="X">всичките</wf>
         <instance id="d000.s4121.t000" lemma="брат" pos="NOUN">братя</instance>
         <wf lemma="от" pos="X">от</wf>
         <wf lemma="манастира" pos="X">манастира</wf>
         <wf lemma="." pos="X">.</wf>
      </sentence>
      <sentence id="d000.s4122" source="wordnet-bulgarian">
         <wf lemma="ядене" pos="X">ядене</wf>
         <wf lemma="с" pos="X">с</wf>
         <wf lemma="много" pos="X">много</wf>
         <instance id="d000.s4122.t000" lemma="подправка" pos="NOUN">подправки</instance>
         <wf lemma="." pos="X">.</wf>
      </sentence>
      <sentence id="d000.s4123" source="wordnet-bulgarian">
         <wf lemma="сменям" pos="X">сменям</wf>
         <wf lemma="си" pos="X">си</wf>
         <instance id="d000.s4123.t000" lemma="перушина" pos="NOUN">перушината</instance>
         <wf lemma="." pos="X">.</wf>
      </sentence>
      <sentence id="d000.s4124" source="wordnet-bulgarian">
         <instance id="d000.s4124.t000" lemma="изливам" pos="VERB">изливам</instance>
         <wf lemma="чашата" pos="X">чашата</wf>
         <wf lemma="." pos="X">.</wf>
      </sentence>
      <sentence id="d000.s4125" source="wordnet-bulgarian">
         <wf lemma="бяла" pos="X">бяла</wf>
         <instance id="d000.s4125.t000" lemma="пепел" pos="NOUN">пепел</instance>
         <wf lemma="." pos="X">.</wf>
      </sentence>
      <sentence id="d000.s4126" source="wordnet-bulgarian">
         <wf lemma="добра" pos="X">добра</wf>
         <instance id="d000.s4126.t000" lemma="новина" pos="NOUN">новина</instance>
         <wf lemma="." pos="X">.</wf>
      </sentence>
      <sentence id="d000.s4127" source="wordnet-bulgarian">
         <wf lemma="редя" pos="X">редя</wf>
         <instance id="d000.s4127.t000" lemma="изложба" pos="NOUN">изложба</instance>
         <wf lemma="." pos="X">.</wf>
      </sentence>
      <sentence id="d000.s4128" source="wordnet-bulgarian">
         <instance id="d000.s4128.t000" lemma="публика" pos="NOUN">Публиката</instance>
         <wf lemma="го" pos="X">го</wf>
         <wf lemma="изпрати" pos="X">изпрати</wf>
         <wf lemma="на" pos="X">на</wf>
         <wf lemma="крака" pos="X">крака</wf>
         <wf lemma="." pos="X">.</wf>
      </sentence>
      <sentence id="d000.s4129" source="wordnet-bulgarian">
         <instance id="d000.s4129.t000" lemma="земевладелец" pos="NOUN">земевладелец</instance>
         <wf lemma="от" pos="X">от</wf>
         <wf lemma="." pos="X">.</wf>
      </sentence>
      <sentence id="d000.s4130" source="wordnet-bulgarian">
         <wf lemma="Плащам" pos="X">Плащам</wf>
         <instance id="d000.s4130.t000" lemma="неустойка" pos="NOUN">неустойка</instance>
         <wf lemma="." pos="X">.</wf>
      </sentence>
      <sentence id="d000.s4131" source="wordnet-bulgarian">
         <instance id="d000.s4131.t000" lemma="викам" pos="VERB">викам</instance>
         <wf lemma="като" pos="X">като</wf>
         <wf lemma="луд" pos="X">луд</wf>
         <wf lemma="." pos="X">.</wf>
      </sentence>
      <sentence id="d000.s4132" source="wordnet-bulgarian">
         <instance id="d000.s4132.t000" lemma="стъкло" pos="NOUN">стъкло</instance>
         <wf lemma="за" pos="X">за</wf>
         <wf lemma="прозорец" pos="X">прозорец</wf>
         <wf lemma="." pos="X">.</wf>
      </sentence>
      <sentence id="d000.s4133" source="wordnet-bulgarian">
         <wf lemma="държа" pos="X">държа</wf>
         <wf lemma="в" pos="X">в</wf>
         <wf lemma="ръката" pos="X">ръката</wf>
         <wf lemma="си" pos="X">си</wf>
         <instance id="d000.s4133.t000" lemma="камшик" pos="NOUN">камшик</instance>
         <wf lemma="." pos="X">.</wf>
      </sentence>
      <sentence id="d000.s4134" source="wordnet-bulgarian">
         <wf lemma="тайна" pos="X">тайна</wf>
         <instance id="d000.s4134.t000" lemma="бележка" pos="NOUN">бележка</instance>
         <wf lemma="." pos="X">.</wf>
      </sentence>
      <sentence id="d000.s4135" source="wordnet-bulgarian">
         <wf lemma="няма" pos="X">няма</wf>
         <wf lemma="никаква" pos="X">никаква</wf>
         <instance id="d000.s4135.t000" lemma="вероятност" pos="NOUN">вероятност</instance>
         <wf lemma="." pos="X">.</wf>
      </sentence>
      <sentence id="d000.s4136" source="wordnet-bulgarian">
         <wf lemma="Хванала" pos="X">Хванала</wf>
         <wf lemma="го" pos="X">го</wf>
         <wf lemma="е" pos="X">е</wf>
         <instance id="d000.s4136.t000" lemma="липса" pos="NOUN">липсата</instance>
         <wf lemma="." pos="X">.</wf>
      </sentence>
      <sentence id="d000.s4137" source="wordnet-bulgarian">
         <wf lemma="рунтава" pos="X">рунтава</wf>
         <instance id="d000.s4137.t000" lemma="опашка" pos="NOUN">опашка</instance>
         <wf lemma="." pos="X">.</wf>
      </sentence>
      <sentence id="d000.s4138" source="wordnet-bulgarian">
         <wf lemma="Той" pos="X">Той</wf>
         <wf lemma="спечели" pos="X">спечели</wf>
         <wf lemma="награда" pos="X">награда</wf>
         <wf lemma="за" pos="X">за</wf>
         <wf lemma="най-ефектен" pos="X">най-ефектен</wf>
         <instance id="d000.s4138.t000" lemma="костюм" pos="NOUN">костюм</instance>
         <wf lemma="." pos="X">.</wf>
      </sentence>
      <sentence id="d000.s4139" source="wordnet-bulgarian">
         <wf lemma="подавам" pos="X">подавам</wf>
         <instance id="d000.s4139.t000" lemma="молба" pos="NOUN">молба</instance>
         <wf lemma="за" pos="X">за</wf>
         <wf lemma="." pos="X">.</wf>
      </sentence>
      <sentence id="d000.s4140" source="wordnet-bulgarian">
         <wf lemma="неограничена" pos="X">неограничена</wf>
         <instance id="d000.s4140.t000" lemma="власт" pos="NOUN">власт</instance>
         <wf lemma="." pos="X">.</wf>
      </sentence>
      <sentence id="d000.s4141" source="wordnet-bulgarian">
         <instance id="d000.s4141.t000" lemma="дом" pos="NOUN">дом</instance>
         <wf lemma="за" pos="X">за</wf>
         <wf lemma="хора" pos="X">хора</wf>
         <wf lemma="с" pos="X">с</wf>
         <wf lemma="увреждания" pos="X">увреждания</wf>
         <wf lemma="." pos="X">.</wf>
      </sentence>
      <sentence id="d000.s4142" source="wordnet-bulgarian">
         <wf lemma="добър" pos="X">добър</wf>
         <instance id="d000.s4142.t000" lemma="комшия" pos="NOUN">комшия</instance>
         <wf lemma="." pos="X">.</wf>
      </sentence>
      <sentence id="d000.s4143" source="wordnet-bulgarian">
         <wf lemma="най-голямата" pos="X">най-голямата</wf>
         <wf lemma="ми" pos="X">ми</wf>
         <instance id="d000.s4143.t000" lemma="грешка" pos="NOUN">грешка</instance>
         <wf lemma="беше" pos="X">беше</wf>
         <wf lemma="." pos="X">.</wf>
      </sentence>
      <sentence id="d000.s4144" source="wordnet-bulgarian">
         <instance id="d000.s4144.t000" lemma="описвам" pos="VERB">описвам</instance>
         <wf lemma="ситуация" pos="X">ситуация</wf>
         <wf lemma="." pos="X">.</wf>
      </sentence>
      <sentence id="d000.s4145" source="wordnet-bulgarian">
         <wf lemma="държа" pos="X">държа</wf>
         <instance id="d000.s4145.t000" lemma="първенство" pos="NOUN">първенството</instance>
         <wf lemma="по." pos="X">по.</wf>
      </sentence>
      <sentence id="d000.s4146" source="wordnet-bulgarian">
         <wf lemma="модно" pos="X">модно</wf>
         <instance id="d000.s4146.t000" lemma="палто" pos="NOUN">палто</instance>
         <wf lemma="." pos="X">.</wf>
      </sentence>
      <sentence id="d000.s4147" source="wordnet-bulgarian">
         <wf lemma="в" pos="X">в</wf>
         <instance id="d000.s4147.t000" lemma="център" pos="NOUN">центъра</instance>
         <wf lemma="на" pos="X">на</wf>
         <wf lemma="бурята" pos="X">бурята</wf>
         <wf lemma="." pos="X">.</wf>
      </sentence>
      <sentence id="d000.s4148" source="wordnet-bulgarian">
         <wf lemma="правя" pos="X">правя</wf>
         <instance id="d000.s4148.t000" lemma="чай" pos="NOUN">чай</instance>
         <wf lemma="." pos="X">.</wf>
      </sentence>
      <sentence id="d000.s4149" source="wordnet-bulgarian">
         <wf lemma="чупя" pos="X">чупя</wf>
         <instance id="d000.s4149.t000" lemma="стъкло" pos="NOUN">стъкло</instance>
         <wf lemma="." pos="X">.</wf>
      </sentence>
      <sentence id="d000.s4150" source="wordnet-bulgarian">
         <wf lemma="сухо" pos="X">сухо</wf>
         <instance id="d000.s4150.t000" lemma="време" pos="NOUN">време</instance>
         <wf lemma="." pos="X">.</wf>
      </sentence>
      <sentence id="d000.s4151" source="wordnet-bulgarian">
         <wf lemma="исторически" pos="X">исторически</wf>
         <instance id="d000.s4151.t000" lemma="роман" pos="NOUN">роман</instance>
         <wf lemma="." pos="X">.</wf>
      </sentence>
      <sentence id="d000.s4152" source="wordnet-bulgarian">
         <wf lemma="служа" pos="X">служа</wf>
         <wf lemma="за" pos="X">за</wf>
         <instance id="d000.s4152.t000" lemma="пример" pos="NOUN">пример</instance>
         <wf lemma="." pos="X">.</wf>
      </sentence>
      <sentence id="d000.s4153" source="wordnet-bulgarian">
         <wf lemma="киселинна" pos="X">киселинна</wf>
         <instance id="d000.s4153.t000" lemma="реакция" pos="NOUN">реакция</instance>
         <wf lemma="." pos="X">.</wf>
      </sentence>
      <sentence id="d000.s4154" source="wordnet-bulgarian">
         <wf lemma="с" pos="X">с</wf>
         <wf lemma="усилия" pos="X">усилия</wf>
         <wf lemma="на" pos="X">на</wf>
         <instance id="d000.s4154.t000" lemma="воля" pos="NOUN">волята</instance>
         <wf lemma="." pos="X">.</wf>
      </sentence>
      <sentence id="d000.s4155" source="wordnet-bulgarian">
         <wf lemma="Децата" pos="X">Децата</wf>
         <instance id="d000.s4155.t000" lemma="искам" pos="VERB">искат</instance>
         <wf lemma="грижи" pos="X">грижи</wf>
         <wf lemma="." pos="X">.</wf>
      </sentence>
      <sentence id="d000.s4156" source="wordnet-bulgarian">
         <instance id="d000.s4156.t000" lemma="фурма" pos="NOUN">Фурмите</instance>
         <wf lemma="са" pos="X">са</wf>
         <wf lemma="богати" pos="X">богати</wf>
         <wf lemma="на" pos="X">на</wf>
         <wf lemma="витамини" pos="X">витамини</wf>
         <wf lemma="," pos="X">,</wf>
         <wf lemma="минерали" pos="X">минерали</wf>
         <wf lemma="и" pos="X">и</wf>
         <wf lemma="въглехидрати" pos="X">въглехидрати</wf>
         <wf lemma="." pos="X">.</wf>
      </sentence>
      <sentence id="d000.s4157" source="wordnet-bulgarian">
         <wf lemma="върховен" pos="X">върховен</wf>
         <instance id="d000.s4157.t000" lemma="съдия" pos="NOUN">съдия</instance>
         <wf lemma="." pos="X">.</wf>
      </sentence>
      <sentence id="d000.s4158" source="wordnet-bulgarian">
         <wf lemma="Не" pos="X">Не</wf>
         <wf lemma="можеш" pos="X">можеш</wf>
         <wf lemma="да" pos="X">да</wf>
         <wf lemma="се" pos="X">се</wf>
         <wf lemma="мериш" pos="X">мериш</wf>
         <wf lemma="с" pos="X">с</wf>
         <wf lemma="него" pos="X">него</wf>
         <wf lemma="," pos="X">,</wf>
         <wf lemma="той" pos="X">той</wf>
         <wf lemma="е" pos="X">е</wf>
         <instance id="d000.s4158.t000" lemma="учен" pos="NOUN">учен</instance>
         <wf lemma="." pos="X">.</wf>
      </sentence>
      <sentence id="d000.s4159" source="wordnet-bulgarian">
         <wf lemma="Момчето" pos="X">Момчето</wf>
         <instance id="d000.s4159.t000" lemma="ритна" pos="VERB">ритна</instance>
         <wf lemma="кучето" pos="X">кучето</wf>
         <wf lemma="." pos="X">.</wf>
      </sentence>
      <sentence id="d000.s4160" source="wordnet-bulgarian">
         <instance id="d000.s4160.t000" lemma="игра" pos="NOUN">игри</instance>
         <wf lemma="за" pos="X">за</wf>
         <wf lemma="развитие" pos="X">развитие</wf>
         <wf lemma="на" pos="X">на</wf>
         <wf lemma="мисълта" pos="X">мисълта</wf>
         <wf lemma="." pos="X">.</wf>
      </sentence>
      <sentence id="d000.s4161" source="wordnet-bulgarian">
         <wf lemma="синьозелена" pos="X">синьозелена</wf>
         <instance id="d000.s4161.t000" lemma="плесен" pos="NOUN">плесен</instance>
         <wf lemma="." pos="X">.</wf>
      </sentence>
      <sentence id="d000.s4162" source="wordnet-bulgarian">
         <wf lemma="средата" pos="X">средата</wf>
         <wf lemma="на" pos="X">на</wf>
         <instance id="d000.s4162.t000" lemma="век" pos="NOUN">века</instance>
         <wf lemma="." pos="X">.</wf>
      </sentence>
      <sentence id="d000.s4163" source="wordnet-bulgarian">
         <wf lemma="жестоко" pos="X">жестоко</wf>
         <instance id="d000.s4163.t000" lemma="нападение" pos="NOUN">нападение</instance>
         <wf lemma="." pos="X">.</wf>
      </sentence>
      <sentence id="d000.s4164" source="wordnet-bulgarian">
         <wf lemma="художествена" pos="X">художествена</wf>
         <instance id="d000.s4164.t000" lemma="литература" pos="NOUN">литература</instance>
         <wf lemma="." pos="X">.</wf>
      </sentence>
      <sentence id="d000.s4165" source="wordnet-bulgarian">
         <wf lemma="обзема" pos="X">обзема</wf>
         <wf lemma="ме" pos="X">ме</wf>
         <instance id="d000.s4165.t000" lemma="безпокойство" pos="NOUN">безпокойство</instance>
         <wf lemma="." pos="X">.</wf>
      </sentence>
      <sentence id="d000.s4166" source="wordnet-bulgarian">
         <wf lemma="наказателно" pos="X">наказателно</wf>
         <instance id="d000.s4166.t000" lemma="законодателство" pos="NOUN">законодателство</instance>
         <wf lemma="." pos="X">.</wf>
      </sentence>
      <sentence id="d000.s4167" source="wordnet-bulgarian">
         <wf lemma="Има" pos="X">Има</wf>
         <wf lemma="сводобни" pos="X">сводобни</wf>
         <wf lemma="места" pos="X">места</wf>
         <wf lemma="на" pos="X">на</wf>
         <instance id="d000.s4167.t000" lemma="паркинг" pos="NOUN">паркинга</instance>
         <wf lemma="." pos="X">.</wf>
      </sentence>
      <sentence id="d000.s4168" source="wordnet-bulgarian">
         <wf lemma="Събраха" pos="X">Събраха</wf>
         <wf lemma="се" pos="X">се</wf>
         <wf lemma="много" pos="X">много</wf>
         <instance id="d000.s4168.t000" lemma="хора" pos="NOUN">хора</instance>
         <wf lemma="." pos="X">.</wf>
      </sentence>
      <sentence id="d000.s4169" source="wordnet-bulgarian">
         <wf lemma="черен" pos="X">черен</wf>
         <instance id="d000.s4169.t000" lemma="път" pos="NOUN">път</instance>
         <wf lemma="." pos="X">.</wf>
      </sentence>
      <sentence id="d000.s4170" source="wordnet-bulgarian">
         <wf lemma="лепя" pos="X">лепя</wf>
         <instance id="d000.s4170.t000" lemma="марка" pos="NOUN">марка</instance>
         <wf lemma="." pos="X">.</wf>
      </sentence>
      <sentence id="d000.s4171" source="wordnet-bulgarian">
         <instance id="d000.s4171.t000" lemma="съответствам" pos="VERB">съответствам</instance>
         <wf lemma="на" pos="X">на</wf>
         <wf lemma="описанието" pos="X">описанието</wf>
         <wf lemma="." pos="X">.</wf>
      </sentence>
      <sentence id="d000.s4172" source="wordnet-bulgarian">
         <wf lemma="самолетна" pos="X">самолетна</wf>
         <instance id="d000.s4172.t000" lemma="бомба" pos="NOUN">бомба</instance>
         <wf lemma="." pos="X">.</wf>
      </sentence>
      <sentence id="d000.s4173" source="wordnet-bulgarian">
         <instance id="d000.s4173.t000" lemma="земетресение" pos="NOUN">земетресение</instance>
         <wf lemma="от" pos="X">от</wf>
         <wf lemma="четвърта" pos="X">четвърта</wf>
         <wf lemma="степен" pos="X">степен</wf>
         <wf lemma="по" pos="X">по</wf>
         <wf lemma="скалата" pos="X">скалата</wf>
         <wf lemma="на" pos="X">на</wf>
         <wf lemma="Рихтер" pos="X">Рихтер</wf>
         <wf lemma="." pos="X">.</wf>
      </sentence>
      <sentence id="d000.s4174" source="wordnet-bulgarian">
         <wf lemma="документален" pos="X">документален</wf>
         <instance id="d000.s4174.t000" lemma="текст" pos="NOUN">текст</instance>
         <wf lemma="." pos="X">.</wf>
      </sentence>
      <sentence id="d000.s4175" source="wordnet-bulgarian">
         <wf lemma="военно" pos="X">военно</wf>
         <instance id="d000.s4175.t000" lemma="разузнаване" pos="NOUN">разузнаване</instance>
         <wf lemma="." pos="X">.</wf>
      </sentence>
      <sentence id="d000.s4176" source="wordnet-bulgarian">
         <wf lemma="Той" pos="X">Той</wf>
         <wf lemma="го" pos="X">го</wf>
         <instance id="d000.s4176.t000" lemma="атакувам" pos="VERB">атакува</instance>
         <wf lemma="в" pos="X">в</wf>
         <wf lemma="гръб" pos="X">гръб</wf>
         <wf lemma="." pos="X">.</wf>
      </sentence>
      <sentence id="d000.s4177" source="wordnet-bulgarian">
         <wf lemma="хартиена" pos="X">хартиена</wf>
         <instance id="d000.s4177.t000" lemma="маса" pos="NOUN">маса</instance>
         <wf lemma="." pos="X">.</wf>
      </sentence>
      <sentence id="d000.s4178" source="wordnet-bulgarian">
         <wf lemma="исторически" pos="X">исторически</wf>
         <instance id="d000.s4178.t000" lemma="архив" pos="NOUN">архив</instance>
         <wf lemma="." pos="X">.</wf>
      </sentence>
      <sentence id="d000.s4179" source="wordnet-bulgarian">
         <instance id="d000.s4179.t000" lemma="заключа" pos="VERB">Заключих</instance>
         <wf lemma="стаята" pos="X">стаята</wf>
         <wf lemma="." pos="X">.</wf>
      </sentence>
      <sentence id="d000.s4180" source="wordnet-bulgarian">
         <wf lemma="нямам" pos="X">нямам</wf>
         <wf lemma="право" pos="X">право</wf>
         <wf lemma="на" pos="X">на</wf>
         <instance id="d000.s4180.t000" lemma="глас" pos="NOUN">глас</instance>
         <wf lemma="." pos="X">.</wf>
      </sentence>
      <sentence id="d000.s4181" source="wordnet-bulgarian">
         <instance id="d000.s4181.t000" lemma="пенсия" pos="NOUN">пенсия</instance>
         <wf lemma="за" pos="X">за</wf>
         <wf lemma="прослужени" pos="X">прослужени</wf>
         <wf lemma="години" pos="X">години</wf>
         <wf lemma="." pos="X">.</wf>
      </sentence>
      <sentence id="d000.s4182" source="wordnet-bulgarian">
         <wf lemma="Промих" pos="X">Промих</wf>
         <wf lemma="раната" pos="X">раната</wf>
         <wf lemma="и" pos="X">и</wf>
         <instance id="d000.s4182.t000" lemma="кръв" pos="NOUN">кръвта</instance>
         <wf lemma="спря" pos="X">спря</wf>
         <wf lemma="да" pos="X">да</wf>
         <wf lemma="тече" pos="X">тече</wf>
         <wf lemma="." pos="X">.</wf>
      </sentence>
      <sentence id="d000.s4183" source="wordnet-bulgarian">
         <wf lemma="криминален" pos="X">криминален</wf>
         <instance id="d000.s4183.t000" lemma="филм" pos="NOUN">филм</instance>
         <wf lemma="." pos="X">.</wf>
      </sentence>
      <sentence id="d000.s4184" source="wordnet-bulgarian">
         <instance id="d000.s4184.t000" lemma="акт" pos="NOUN">акт</instance>
         <wf lemma="на" pos="X">на</wf>
         <wf lemma="признателност" pos="X">признателност</wf>
         <wf lemma="." pos="X">.</wf>
      </sentence>
      <sentence id="d000.s4185" source="wordnet-bulgarian">
         <wf lemma="дясна" pos="X">дясна</wf>
         <instance id="d000.s4185.t000" lemma="китка" pos="NOUN">китка</instance>
         <wf lemma="." pos="X">.</wf>
      </sentence>
      <sentence id="d000.s4186" source="wordnet-bulgarian">
         <instance id="d000.s4186.t000" lemma="операция" pos="NOUN">Операция</instance>
         <wf lemma="под" pos="X">под</wf>
         <wf lemma="кодово" pos="X">кодово</wf>
         <wf lemma="название" pos="X">название</wf>
         <wf lemma="&quot;" pos="X">&quot;</wf>
         <wf lemma="Кобра" pos="X">Кобра</wf>
         <wf lemma="&quot;" pos="X">&quot;</wf>
         <wf lemma="." pos="X">.</wf>
      </sentence>
      <sentence id="d000.s4187" source="wordnet-bulgarian">
         <instance id="d000.s4187.t000" lemma="изложба" pos="NOUN">изложбата</instance>
         <wf lemma="ще" pos="X">ще</wf>
         <wf lemma="бъде" pos="X">бъде</wf>
         <wf lemma="пренесена" pos="X">пренесена</wf>
         <wf lemma="в" pos="X">в</wf>
         <wf lemma="провинцията" pos="X">провинцията</wf>
         <wf lemma="." pos="X">.</wf>
      </sentence>
      <sentence id="d000.s4188" source="wordnet-bulgarian">
         <wf lemma="автомобилна" pos="X">автомобилна</wf>
         <instance id="d000.s4188.t000" lemma="помпа" pos="NOUN">помпа</instance>
         <wf lemma="." pos="X">.</wf>
      </sentence>
      <sentence id="d000.s4189" source="wordnet-bulgarian">
         <wf lemma="запазвам" pos="X">запазвам</wf>
         <instance id="d000.s4189.t000" lemma="достойнство" pos="NOUN">достойнството</instance>
         <wf lemma="си" pos="X">си</wf>
         <wf lemma="." pos="X">.</wf>
      </sentence>
      <sentence id="d000.s4190" source="wordnet-bulgarian">
         <wf lemma="епически" pos="X">епически</wf>
         <instance id="d000.s4190.t000" lemma="герой" pos="NOUN">герой</instance>
         <wf lemma="." pos="X">.</wf>
      </sentence>
      <sentence id="d000.s4191" source="wordnet-bulgarian">
         <wf lemma="счупено" pos="X">счупено</wf>
         <instance id="d000.s4191.t000" lemma="ребро" pos="NOUN">ребро</instance>
         <wf lemma="." pos="X">.</wf>
      </sentence>
      <sentence id="d000.s4192" source="wordnet-bulgarian">
         <wf lemma="млечен" pos="X">млечен</wf>
         <instance id="d000.s4192.t000" lemma="продукт" pos="NOUN">продукт</instance>
         <wf lemma="." pos="X">.</wf>
      </sentence>
      <sentence id="d000.s4193" source="wordnet-bulgarian">
         <wf lemma="затварям" pos="X">затварям</wf>
         <instance id="d000.s4193.t000" lemma="престъпник" pos="NOUN">престъпник</instance>
         <wf lemma="." pos="X">.</wf>
      </sentence>
      <sentence id="d000.s4194" source="wordnet-bulgarian">
         <wf lemma="стръмен" pos="X">стръмен</wf>
         <instance id="d000.s4194.t000" lemma="наклон" pos="NOUN">наклон</instance>
         <wf lemma="." pos="X">.</wf>
      </sentence>
      <sentence id="d000.s4195" source="wordnet-bulgarian">
         <instance id="d000.s4195.t000" lemma="ядка" pos="NOUN">Ядките</instance>
         <wf lemma="са" pos="X">са</wf>
         <wf lemma="полезни" pos="X">полезни</wf>
         <wf lemma="за" pos="X">за</wf>
         <wf lemma="организма" pos="X">организма</wf>
         <wf lemma="и" pos="X">и</wf>
         <wf lemma="мозъка" pos="X">мозъка</wf>
         <wf lemma="." pos="X">.</wf>
      </sentence>
      <sentence id="d000.s4196" source="wordnet-bulgarian">
         <wf lemma="внасям" pos="X">внасям</wf>
         <instance id="d000.s4196.t000" lemma="живот" pos="NOUN">живот</instance>
         <wf lemma="в" pos="X">в</wf>
         <wf lemma="компанията" pos="X">компанията</wf>
         <wf lemma="." pos="X">.</wf>
      </sentence>
      <sentence id="d000.s4197" source="wordnet-bulgarian">
         <wf lemma="В" pos="X">В</wf>
         <wf lemma="копирния" pos="X">копирния</wf>
         <instance id="d000.s4197.t000" lemma="център" pos="NOUN">център</instance>
         <wf lemma="винаги" pos="X">винаги</wf>
         <wf lemma="има" pos="X">има</wf>
         <wf lemma="хора" pos="X">хора</wf>
         <wf lemma="." pos="X">.</wf>
      </sentence>
      <sentence id="d000.s4198" source="wordnet-bulgarian">
         <wf lemma="без" pos="X">без</wf>
         <instance id="d000.s4198.t000" lemma="интервал" pos="NOUN">интервал</instance>
         <wf lemma="." pos="X">.</wf>
      </sentence>
      <sentence id="d000.s4199" source="wordnet-bulgarian">
         <wf lemma="Къщата" pos="X">Къщата</wf>
         <wf lemma="е" pos="X">е</wf>
         <wf lemma="пълна" pos="X">пълна</wf>
         <wf lemma="с" pos="X">с</wf>
         <instance id="d000.s4199.t000" lemma="плъх" pos="NOUN">плъхове</instance>
         <wf lemma="." pos="X">.</wf>
      </sentence>
      <sentence id="d000.s4200" source="wordnet-bulgarian">
         <wf lemma="сурово" pos="X">сурово</wf>
         <instance id="d000.s4200.t000" lemma="лице" pos="NOUN">лице</instance>
         <wf lemma="." pos="X">.</wf>
      </sentence>
      <sentence id="d000.s4201" source="wordnet-bulgarian">
         <instance id="d000.s4201.t000" lemma="играя" pos="VERB">играя</instance>
         <wf lemma="нападател" pos="X">нападател</wf>
         <wf lemma="." pos="X">.</wf>
      </sentence>
      <sentence id="d000.s4202" source="wordnet-bulgarian">
         <wf lemma="разглеждам" pos="X">разглеждам</wf>
         <instance id="d000.s4202.t000" lemma="изложба" pos="NOUN">изложба</instance>
         <wf lemma="." pos="X">.</wf>
      </sentence>
      <sentence id="d000.s4203" source="wordnet-bulgarian">
         <wf lemma="качвам" pos="X">качвам</wf>
         <wf lemma="се" pos="X">се</wf>
         <wf lemma="в" pos="X">в</wf>
         <instance id="d000.s4203.t000" lemma="такса" pos="NOUN">такси</instance>
         <wf lemma="." pos="X">.</wf>
      </sentence>
      <sentence id="d000.s4204" source="wordnet-bulgarian">
         <wf lemma="давам" pos="X">давам</wf>
         <instance id="d000.s4204.t000" lemma="представление" pos="NOUN">представление</instance>
         <wf lemma="." pos="X">.</wf>
      </sentence>
      <sentence id="d000.s4205" source="wordnet-bulgarian">
         <wf lemma="Хиляди" pos="X">Хиляди</wf>
         <wf lemma="хора" pos="X">хора</wf>
         <wf lemma="се" pos="X">се</wf>
         <wf lemma="събраха" pos="X">събраха</wf>
         <wf lemma="на" pos="X">на</wf>
         <instance id="d000.s4205.t000" lemma="протест" pos="NOUN">протест</instance>
         <wf lemma="срещу" pos="X">срещу</wf>
         <wf lemma="властта" pos="X">властта</wf>
         <wf lemma="." pos="X">.</wf>
      </sentence>
      <sentence id="d000.s4206" source="wordnet-bulgarian">
         <wf lemma="непрогледен" pos="X">непрогледен</wf>
         <instance id="d000.s4206.t000" lemma="мрак" pos="NOUN">мрак</instance>
         <wf lemma="." pos="X">.</wf>
      </sentence>
      <sentence id="d000.s4207" source="wordnet-bulgarian">
         <instance id="d000.s4207.t000" lemma="добив" pos="NOUN">Добивът</instance>
         <wf lemma="на" pos="X">на</wf>
         <wf lemma="краставици" pos="X">краставици</wf>
         <wf lemma="се" pos="X">се</wf>
         <wf lemma="увеличи" pos="X">увеличи</wf>
         <wf lemma="." pos="X">.</wf>
      </sentence>
      <sentence id="d000.s4208" source="wordnet-bulgarian">
         <wf lemma="приливна" pos="X">приливна</wf>
         <instance id="d000.s4208.t000" lemma="вълна" pos="NOUN">вълна</instance>
         <wf lemma="." pos="X">.</wf>
      </sentence>
      <sentence id="d000.s4209" source="wordnet-bulgarian">
         <wf lemma="наличие" pos="X">наличие</wf>
         <wf lemma="на" pos="X">на</wf>
         <instance id="d000.s4209.t000" lemma="наркотик" pos="NOUN">наркотик</instance>
         <wf lemma="в." pos="X">в.</wf>
      </sentence>
      <sentence id="d000.s4210" source="wordnet-bulgarian">
         <wf lemma="накърнено" pos="X">накърнено</wf>
         <instance id="d000.s4210.t000" lemma="достойнство" pos="NOUN">достойнство</instance>
         <wf lemma="." pos="X">.</wf>
      </sentence>
      <sentence id="d000.s4211" source="wordnet-bulgarian">
         <wf lemma="губя" pos="X">губя</wf>
         <instance id="d000.s4211.t000" lemma="пара" pos="NOUN">пари</instance>
         <wf lemma="." pos="X">.</wf>
      </sentence>
      <sentence id="d000.s4212" source="wordnet-bulgarian">
         <wf lemma="морално" pos="X">морално</wf>
         <instance id="d000.s4212.t000" lemma="въздействие" pos="NOUN">въздействие</instance>
         <wf lemma="." pos="X">.</wf>
      </sentence>
      <sentence id="d000.s4213" source="wordnet-bulgarian">
         <wf lemma="честна" pos="X">честна</wf>
         <instance id="d000.s4213.t000" lemma="душа" pos="NOUN">душа</instance>
         <wf lemma="." pos="X">.</wf>
      </sentence>
      <sentence id="d000.s4214" source="wordnet-bulgarian">
         <wf lemma="търговски" pos="X">търговски</wf>
         <instance id="d000.s4214.t000" lemma="партньор" pos="NOUN">партньори</instance>
         <wf lemma="." pos="X">.</wf>
      </sentence>
      <sentence id="d000.s4215" source="wordnet-bulgarian">
         <wf lemma="нов" pos="X">нов</wf>
         <instance id="d000.s4215.t000" lemma="наемател" pos="NOUN">наемател</instance>
         <wf lemma="." pos="X">.</wf>
      </sentence>
      <sentence id="d000.s4216" source="wordnet-bulgarian">
         <instance id="d000.s4216.t000" lemma="заминавам" pos="VERB">заминавам</instance>
         <wf lemma="за" pos="X">за</wf>
         <wf lemma="чужбина" pos="X">чужбина</wf>
         <wf lemma="." pos="X">.</wf>
      </sentence>
      <sentence id="d000.s4217" source="wordnet-bulgarian">
         <wf lemma="Аз" pos="X">Аз</wf>
         <wf lemma="съм" pos="X">съм</wf>
         <instance id="d000.s4217.t000" lemma="рибар" pos="NOUN">рибар</instance>
         <wf lemma="и" pos="X">и</wf>
         <wf lemma="ловец" pos="X">ловец</wf>
         <wf lemma="." pos="X">.</wf>
      </sentence>
      <sentence id="d000.s4218" source="wordnet-bulgarian">
         <wf lemma="гладка" pos="X">гладка</wf>
         <instance id="d000.s4218.t000" lemma="повърхност" pos="NOUN">повърхност</instance>
         <wf lemma="." pos="X">.</wf>
      </sentence>
      <sentence id="d000.s4219" source="wordnet-bulgarian">
         <wf lemma="многобройни" pos="X">многобройни</wf>
         <instance id="d000.s4219.t000" lemma="комбинация" pos="NOUN">комбинации</instance>
         <wf lemma="." pos="X">.</wf>
      </sentence>
      <sentence id="d000.s4220" source="wordnet-bulgarian">
         <instance id="d000.s4220.t000" lemma="положа" pos="VERB">Положих</instance>
         <wf lemma="детето" pos="X">детето</wf>
         <wf lemma="в" pos="X">в</wf>
         <wf lemma="люлката" pos="X">люлката</wf>
         <wf lemma="." pos="X">.</wf>
      </sentence>
      <sentence id="d000.s4221" source="wordnet-bulgarian">
         <instance id="d000.s4221.t000" lemma="стъпвам" pos="VERB">стъпвам</instance>
         <wf lemma="на" pos="X">на</wf>
         <wf lemma="пръсти" pos="X">пръсти</wf>
         <wf lemma="." pos="X">.</wf>
      </sentence>
      <sentence id="d000.s4222" source="wordnet-bulgarian">
         <instance id="d000.s4222.t000" lemma="обяснявам" pos="VERB">обяснявам</instance>
         <wf lemma="задача" pos="X">задача</wf>
         <wf lemma="." pos="X">.</wf>
      </sentence>
      <sentence id="d000.s4223" source="wordnet-bulgarian">
         <instance id="d000.s4223.t000" lemma="локомотив" pos="NOUN">Локомотивът</instance>
         <wf lemma="спря" pos="X">спря</wf>
         <wf lemma="на" pos="X">на</wf>
         <wf lemma="перона" pos="X">перона</wf>
         <wf lemma="." pos="X">.</wf>
      </sentence>
      <sentence id="d000.s4224" source="wordnet-bulgarian">
         <wf lemma="Родил" pos="X">Родил</wf>
         <wf lemma="се" pos="X">се</wf>
         <wf lemma="под" pos="X">под</wf>
         <instance id="d000.s4224.t000" lemma="зодия" pos="NOUN">зодията</instance>
         <wf lemma="на" pos="X">на</wf>
         <wf lemma="Овена" pos="X">Овена</wf>
         <wf lemma="." pos="X">.</wf>
      </sentence>
      <sentence id="d000.s4225" source="wordnet-bulgarian">
         <wf lemma="нанасям" pos="X">нанасям</wf>
         <instance id="d000.s4225.t000" lemma="корекция" pos="NOUN">корекции</instance>
         <wf lemma="." pos="X">.</wf>
      </sentence>
      <sentence id="d000.s4226" source="wordnet-bulgarian">
         <wf lemma="смъртен" pos="X">смъртен</wf>
         <instance id="d000.s4226.t000" lemma="случай" pos="NOUN">случай</instance>
         <wf lemma="." pos="X">.</wf>
      </sentence>
      <sentence id="d000.s4227" source="wordnet-bulgarian">
         <wf lemma="романтична" pos="X">романтична</wf>
         <instance id="d000.s4227.t000" lemma="обстановка" pos="NOUN">обстановка</instance>
         <wf lemma="." pos="X">.</wf>
      </sentence>
      <sentence id="d000.s4228" source="wordnet-bulgarian">
         <wf lemma="безценен" pos="X">безценен</wf>
         <instance id="d000.s4228.t000" lemma="помощник" pos="NOUN">помощник</instance>
         <wf lemma="." pos="X">.</wf>
      </sentence>
      <sentence id="d000.s4229" source="wordnet-bulgarian">
         <wf lemma="голям" pos="X">голям</wf>
         <instance id="d000.s4229.t000" lemma="риск" pos="NOUN">риск</instance>
         <wf lemma="." pos="X">.</wf>
      </sentence>
      <sentence id="d000.s4230" source="wordnet-bulgarian">
         <instance id="d000.s4230.t000" lemma="флора" pos="NOUN">флора</instance>
         <wf lemma="на" pos="X">на</wf>
         <wf lemma="България" pos="X">България</wf>
         <wf lemma="." pos="X">.</wf>
      </sentence>
      <sentence id="d000.s4231" source="wordnet-bulgarian">
         <wf lemma="Ще" pos="X">Ще</wf>
         <wf lemma="стане" pos="X">стане</wf>
         <wf lemma="както" pos="X">както</wf>
         <wf lemma="си" pos="X">си</wf>
         <wf lemma="му" pos="X">му</wf>
         <wf lemma="е" pos="X">е</wf>
         <instance id="d000.s4231.t000" lemma="ред" pos="NOUN">редът</instance>
         <wf lemma="." pos="X">.</wf>
      </sentence>
      <sentence id="d000.s4232" source="wordnet-bulgarian">
         <wf lemma="ясни" pos="X">ясни</wf>
         <instance id="d000.s4232.t000" lemma="убеждение" pos="NOUN">убеждения</instance>
         <wf lemma="." pos="X">.</wf>
      </sentence>
      <sentence id="d000.s4233" source="wordnet-bulgarian">
         <wf lemma="приравнителен" pos="X">приравнителен</wf>
         <instance id="d000.s4233.t000" lemma="изпит" pos="NOUN">изпит</instance>
         <wf lemma="." pos="X">.</wf>
      </sentence>
      <sentence id="d000.s4234" source="wordnet-bulgarian">
         <wf lemma="граждански" pos="X">граждански</wf>
         <instance id="d000.s4234.t000" lemma="процес" pos="NOUN">процес</instance>
         <wf lemma="." pos="X">.</wf>
      </sentence>
      <sentence id="d000.s4235" source="wordnet-bulgarian">
         <wf lemma="ако" pos="X">ако</wf>
         <wf lemma="не" pos="X">не</wf>
         <wf lemma="ме" pos="X">ме</wf>
         <wf lemma="лъже" pos="X">лъже</wf>
         <instance id="d000.s4235.t000" lemma="памет" pos="NOUN">паметта</instance>
         <wf lemma="." pos="X">.</wf>
      </sentence>
      <sentence id="d000.s4236" source="wordnet-bulgarian">
         <wf lemma="слънчев" pos="X">слънчев</wf>
         <instance id="d000.s4236.t000" lemma="загар" pos="NOUN">загар</instance>
         <wf lemma="." pos="X">.</wf>
      </sentence>
      <sentence id="d000.s4237" source="wordnet-bulgarian">
         <wf lemma="ставам" pos="X">ставам</wf>
         <instance id="d000.s4237.t000" lemma="шампион" pos="NOUN">шампион</instance>
         <wf lemma="." pos="X">.</wf>
      </sentence>
      <sentence id="d000.s4238" source="wordnet-bulgarian">
         <instance id="d000.s4238.t000" lemma="покана" pos="NOUN">покана</instance>
         <wf lemma="за" pos="X">за</wf>
         <wf lemma="." pos="X">.</wf>
      </sentence>
      <sentence id="d000.s4239" source="wordnet-bulgarian">
         <instance id="d000.s4239.t000" lemma="изложба" pos="NOUN">изложба</instance>
         <wf lemma="на" pos="X">на</wf>
         <wf lemma="." pos="X">.</wf>
      </sentence>
      <sentence id="d000.s4240" source="wordnet-bulgarian">
         <wf lemma="вдигам" pos="X">вдигам</wf>
         <wf lemma="големи" pos="X">големи</wf>
         <instance id="d000.s4240.t000" lemma="тежест" pos="NOUN">тежести</instance>
         <wf lemma="." pos="X">.</wf>
      </sentence>
      <sentence id="d000.s4241" source="wordnet-bulgarian">
         <instance id="d000.s4241.t000" lemma="пуша" pos="VERB">Пушите</instance>
         <wf lemma="ли" pos="X">ли</wf>
         <wf lemma="?" pos="X">?</wf>
      </sentence>
      <sentence id="d000.s4242" source="wordnet-bulgarian">
         <instance id="d000.s4242.t000" lemma="кандидат" pos="NOUN">кандидат</instance>
         <wf lemma="за" pos="X">за</wf>
         <wf lemma="президент" pos="X">президент</wf>
         <wf lemma="." pos="X">.</wf>
      </sentence>
      <sentence id="d000.s4243" source="wordnet-bulgarian">
         <wf lemma="Имам" pos="X">Имам</wf>
         <wf lemma="добре" pos="X">добре</wf>
         <wf lemma="платена" pos="X">платена</wf>
         <instance id="d000.s4243.t000" lemma="работа" pos="NOUN">работа</instance>
         <wf lemma="." pos="X">.</wf>
      </sentence>
      <sentence id="d000.s4244" source="wordnet-bulgarian">
         <instance id="d000.s4244.t000" lemma="молекула" pos="NOUN">Молекулата</instance>
         <wf lemma="се" pos="X">се</wf>
         <wf lemma="състои" pos="X">състои</wf>
         <wf lemma="от" pos="X">от</wf>
         <wf lemma="атоми" pos="X">атоми</wf>
         <wf lemma="." pos="X">.</wf>
      </sentence>
      <sentence id="d000.s4245" source="wordnet-bulgarian">
         <instance id="d000.s4245.t000" lemma="следобед" pos="NOUN">Следобедът</instance>
         <wf lemma="ще" pos="X">ще</wf>
         <wf lemma="бъде" pos="X">бъде</wf>
         <wf lemma="дъждовен" pos="X">дъждовен</wf>
         <wf lemma="." pos="X">.</wf>
      </sentence>
      <sentence id="d000.s4246" source="wordnet-bulgarian">
         <wf lemma="показвам" pos="X">показвам</wf>
         <wf lemma="с" pos="X">с</wf>
         <instance id="d000.s4246.t000" lemma="пръст" pos="NOUN">пръст</instance>
         <wf lemma="." pos="X">.</wf>
      </sentence>
      <sentence id="d000.s4247" source="wordnet-bulgarian">
         <instance id="d000.s4247.t000" lemma="крах" pos="NOUN">крах</instance>
         <wf lemma="на" pos="X">на</wf>
         <wf lemma="кариерата" pos="X">кариерата</wf>
         <wf lemma="ми" pos="X">ми</wf>
         <wf lemma="." pos="X">.</wf>
      </sentence>
      <sentence id="d000.s4248" source="wordnet-bulgarian">
         <wf lemma="От" pos="X">От</wf>
         <instance id="d000.s4248.t000" lemma="месец" pos="NOUN">месеци</instance>
         <wf lemma="не" pos="X">не</wf>
         <wf lemma="съм" pos="X">съм</wf>
         <wf lemma="я" pos="X">я</wf>
         <wf lemma="виждал" pos="X">виждал</wf>
         <wf lemma="." pos="X">.</wf>
      </sentence>
      <sentence id="d000.s4249" source="wordnet-bulgarian">
         <instance id="d000.s4249.t000" lemma="снимка" pos="NOUN">снимка</instance>
         <wf lemma="за" pos="X">за</wf>
         <wf lemma="спомен" pos="X">спомен</wf>
         <wf lemma="." pos="X">.</wf>
      </sentence>
      <sentence id="d000.s4250" source="wordnet-bulgarian">
         <wf lemma="пускам" pos="X">пускам</wf>
         <instance id="d000.s4250.t000" lemma="принтер" pos="NOUN">принтера</instance>
         <wf lemma="." pos="X">.</wf>
      </sentence>
      <sentence id="d000.s4251" source="wordnet-bulgarian">
         <instance id="d000.s4251.t000" lemma="мъка" pos="NOUN">Мъка</instance>
         <wf lemma="къса" pos="X">къса</wf>
         <wf lemma="сърцето" pos="X">сърцето</wf>
         <wf lemma="ми" pos="X">ми</wf>
         <wf lemma="." pos="X">.</wf>
      </sentence>
      <sentence id="d000.s4252" source="wordnet-bulgarian">
         <instance id="d000.s4252.t000" lemma="оригинален" pos="ADJ">оригинална</instance>
         <wf lemma="музика" pos="X">музика</wf>
         <wf lemma="." pos="X">.</wf>
      </sentence>
      <sentence id="d000.s4253" source="wordnet-bulgarian">
         <wf lemma="меден" pos="X">меден</wf>
         <instance id="d000.s4253.t000" lemma="проводник" pos="NOUN">проводник</instance>
         <wf lemma="." pos="X">.</wf>
      </sentence>
      <sentence id="d000.s4254" source="wordnet-bulgarian">
         <wf lemma="хващам" pos="X">хващам</wf>
         <wf lemma="много" pos="X">много</wf>
         <instance id="d000.s4254.t000" lemma="риба" pos="NOUN">риба</instance>
         <wf lemma="." pos="X">.</wf>
      </sentence>
      <sentence id="d000.s4255" source="wordnet-bulgarian">
         <wf lemma="Цяло" pos="X">Цяло</wf>
         <wf lemma="лято" pos="X">лято</wf>
         <wf lemma="ще" pos="X">ще</wf>
         <wf lemma="живеем" pos="X">живеем</wf>
         <wf lemma="в" pos="X">в</wf>
         <instance id="d000.s4255.t000" lemma="палатка" pos="NOUN">палатки</instance>
         <wf lemma="." pos="X">.</wf>
      </sentence>
      <sentence id="d000.s4256" source="wordnet-bulgarian">
         <wf lemma="зряла" pos="X">зряла</wf>
         <instance id="d000.s4256.t000" lemma="възраст" pos="NOUN">възраст</instance>
         <wf lemma="." pos="X">.</wf>
      </sentence>
      <sentence id="d000.s4257" source="wordnet-bulgarian">
         <wf lemma="кръвни" pos="X">кръвни</wf>
         <instance id="d000.s4257.t000" lemma="клетка" pos="NOUN">клетки</instance>
         <wf lemma="." pos="X">.</wf>
      </sentence>
      <sentence id="d000.s4258" source="wordnet-bulgarian">
         <wf lemma="получавам" pos="X">получавам</wf>
         <instance id="d000.s4258.t000" lemma="дарение" pos="NOUN">дарение</instance>
         <wf lemma="." pos="X">.</wf>
      </sentence>
      <sentence id="d000.s4259" source="wordnet-bulgarian">
         <wf lemma="бръчки" pos="X">бръчки</wf>
         <wf lemma="по" pos="X">по</wf>
         <instance id="d000.s4259.t000" lemma="чело" pos="NOUN">челото</instance>
         <wf lemma="." pos="X">.</wf>
      </sentence>
      <sentence id="d000.s4260" source="wordnet-bulgarian">
         <wf lemma="голяма" pos="X">голяма</wf>
         <instance id="d000.s4260.t000" lemma="бъркотия" pos="NOUN">бъркотия</instance>
         <wf lemma="." pos="X">.</wf>
      </sentence>
      <sentence id="d000.s4261" source="wordnet-bulgarian">
         <instance id="d000.s4261.t000" lemma="възрастен" pos="NOUN">възрастна</instance>
         <wf lemma="жена" pos="X">жена</wf>
         <wf lemma="." pos="X">.</wf>
      </sentence>
      <sentence id="d000.s4262" source="wordnet-bulgarian">
         <wf lemma="гореща" pos="X">гореща</wf>
         <instance id="d000.s4262.t000" lemma="молитва" pos="NOUN">молитва</instance>
         <wf lemma="." pos="X">.</wf>
      </sentence>
      <sentence id="d000.s4263" source="wordnet-bulgarian">
         <wf lemma="принасям" pos="X">принасям</wf>
         <wf lemma="жертва" pos="X">жертва</wf>
         <wf lemma="на" pos="X">на</wf>
         <instance id="d000.s4263.t000" lemma="бог" pos="NOUN">боговете</instance>
         <wf lemma="." pos="X">.</wf>
      </sentence>
      <sentence id="d000.s4264" source="wordnet-bulgarian">
         <wf lemma="затворническа" pos="X">затворническа</wf>
         <instance id="d000.s4264.t000" lemma="килия" pos="NOUN">килия</instance>
         <wf lemma="." pos="X">.</wf>
      </sentence>
      <sentence id="d000.s4265" source="wordnet-bulgarian">
         <wf lemma="орехова" pos="X">орехова</wf>
         <instance id="d000.s4265.t000" lemma="черупка" pos="NOUN">черупка</instance>
         <wf lemma="." pos="X">.</wf>
      </sentence>
      <sentence id="d000.s4266" source="wordnet-bulgarian">
         <wf lemma="Тя" pos="X">Тя</wf>
         <wf lemma="е" pos="X">е</wf>
         <wf lemma="твърде" pos="X">твърде</wf>
         <wf lemma="дебела" pos="X">дебела</wf>
         <wf lemma="," pos="X">,</wf>
         <wf lemma="за" pos="X">за</wf>
         <wf lemma="да" pos="X">да</wf>
         <wf lemma="бъде" pos="X">бъде</wf>
         <instance id="d000.s4266.t000" lemma="манекен" pos="NOUN">манекен</instance>
         <wf lemma="." pos="X">.</wf>
      </sentence>
      <sentence id="d000.s4267" source="wordnet-bulgarian">
         <instance id="d000.s4267.t000" lemma="плувам" pos="VERB">плувам</instance>
         <wf lemma="към" pos="X">към</wf>
         <wf lemma="брега" pos="X">брега</wf>
         <wf lemma="." pos="X">.</wf>
      </sentence>
      <sentence id="d000.s4268" source="wordnet-bulgarian">
         <wf lemma="без" pos="X">без</wf>
         <wf lemma="установено" pos="X">установено</wf>
         <instance id="d000.s4268.t000" lemma="местожителство" pos="NOUN">местожителство</instance>
         <wf lemma="." pos="X">.</wf>
      </sentence>
      <sentence id="d000.s4269" source="wordnet-bulgarian">
         <wf lemma="слушам" pos="X">слушам</wf>
         <instance id="d000.s4269.t000" lemma="лекция" pos="NOUN">лекция</instance>
         <wf lemma="." pos="X">.</wf>
      </sentence>
      <sentence id="d000.s4270" source="wordnet-bulgarian">
         <wf lemma="Мирише" pos="X">Мирише</wf>
         <wf lemma="ми" pos="X">ми</wf>
         <instance id="d000.s4270.t000" lemma="уста" pos="NOUN">устата</instance>
         <wf lemma="." pos="X">.</wf>
      </sentence>
      <sentence id="d000.s4271" source="wordnet-bulgarian">
         <wf lemma="Намирам" pos="X">Намирам</wf>
         <wf lemma="се" pos="X">се</wf>
         <wf lemma="под" pos="X">под</wf>
         <instance id="d000.s4271.t000" lemma="арест" pos="NOUN">арест</instance>
         <wf lemma="." pos="X">.</wf>
      </sentence>
      <sentence id="d000.s4272" source="wordnet-bulgarian">
         <wf lemma="околна" pos="X">околна</wf>
         <instance id="d000.s4272.t000" lemma="среда" pos="NOUN">среда</instance>
         <wf lemma="." pos="X">.</wf>
      </sentence>
      <sentence id="d000.s4273" source="wordnet-bulgarian">
         <wf lemma="нови" pos="X">нови</wf>
         <instance id="d000.s4273.t000" lemma="метод" pos="NOUN">методи</instance>
         <wf lemma="в" pos="X">в</wf>
         <wf lemma="управлението" pos="X">управлението</wf>
         <wf lemma="." pos="X">.</wf>
      </sentence>
      <sentence id="d000.s4274" source="wordnet-bulgarian">
         <wf lemma="Каква" pos="X">Каква</wf>
         <wf lemma="е" pos="X">е</wf>
         <instance id="d000.s4274.t000" lemma="роля" pos="NOUN">ролята</instance>
         <wf lemma="на" pos="X">на</wf>
         <wf lemma="личността" pos="X">личността</wf>
         <wf lemma="в" pos="X">в</wf>
         <wf lemma="историята" pos="X">историята</wf>
         <wf lemma="?" pos="X">?</wf>
      </sentence>
      <sentence id="d000.s4275" source="wordnet-bulgarian">
         <wf lemma="нося" pos="X">нося</wf>
         <instance id="d000.s4275.t000" lemma="доход" pos="NOUN">доход</instance>
         <wf lemma="." pos="X">.</wf>
      </sentence>
      <sentence id="d000.s4276" source="wordnet-bulgarian">
         <wf lemma="материални" pos="X">материални</wf>
         <instance id="d000.s4276.t000" lemma="затруднение" pos="NOUN">затруднения</instance>
         <wf lemma="." pos="X">.</wf>
      </sentence>
      <sentence id="d000.s4277" source="wordnet-bulgarian">
         <wf lemma="занимавам" pos="X">занимавам</wf>
         <wf lemma="се" pos="X">се</wf>
         <wf lemma="с" pos="X">с</wf>
         <instance id="d000.s4277.t000" lemma="изкуство" pos="NOUN">изкуство</instance>
         <wf lemma="." pos="X">.</wf>
      </sentence>
      <sentence id="d000.s4278" source="wordnet-bulgarian">
         <wf lemma="Той" pos="X">Той</wf>
         <wf lemma="прекара" pos="X">прекара</wf>
         <wf lemma="дълги" pos="X">дълги</wf>
         <wf lemma="години" pos="X">години</wf>
         <wf lemma="в" pos="X">в</wf>
         <instance id="d000.s4278.t000" lemma="изгнание" pos="NOUN">изгнание</instance>
         <wf lemma="." pos="X">.</wf>
      </sentence>
      <sentence id="d000.s4279" source="wordnet-bulgarian">
         <instance id="d000.s4279.t000" lemma="съзнание" pos="NOUN">Съзнанието</instance>
         <wf lemma="отразява" pos="X">отразява</wf>
         <wf lemma="битието" pos="X">битието</wf>
         <wf lemma="." pos="X">.</wf>
      </sentence>
      <sentence id="d000.s4280" source="wordnet-bulgarian">
         <wf lemma="по" pos="X">по</wf>
         <instance id="d000.s4280.t000" lemma="съвет" pos="NOUN">съвет</instance>
         <wf lemma="на" pos="X">на</wf>
         <wf lemma="." pos="X">.</wf>
      </sentence>
      <sentence id="d000.s4281" source="wordnet-bulgarian">
         <wf lemma="мажа" pos="X">мажа</wf>
         <wf lemma="си" pos="X">си</wf>
         <instance id="d000.s4281.t000" lemma="масло" pos="NOUN">масло</instance>
         <wf lemma="." pos="X">.</wf>
      </sentence>
      <sentence id="d000.s4282" source="wordnet-bulgarian">
         <wf lemma="един" pos="X">един</wf>
         <wf lemma="ден" pos="X">ден</wf>
         <wf lemma="и" pos="X">и</wf>
         <wf lemma="една" pos="X">една</wf>
         <instance id="d000.s4282.t000" lemma="нощ" pos="NOUN">нощ</instance>
         <wf lemma="." pos="X">.</wf>
      </sentence>
      <sentence id="d000.s4283" source="wordnet-bulgarian">
         <wf lemma="материална" pos="X">материална</wf>
         <instance id="d000.s4283.t000" lemma="помощ" pos="NOUN">помощ</instance>
         <wf lemma="." pos="X">.</wf>
      </sentence>
      <sentence id="d000.s4284" source="wordnet-bulgarian">
         <wf lemma="правя" pos="X">правя</wf>
         <wf lemma="нещо" pos="X">нещо</wf>
         <wf lemma="с" pos="X">с</wf>
         <instance id="d000.s4284.t000" lemma="вещина" pos="NOUN">вещина</instance>
         <wf lemma="." pos="X">.</wf>
      </sentence>
      <sentence id="d000.s4285" source="wordnet-bulgarian">
         <wf lemma="домашен" pos="X">домашен</wf>
         <instance id="d000.s4285.t000" lemma="любимец" pos="NOUN">любимец</instance>
         <wf lemma="." pos="X">.</wf>
      </sentence>
      <sentence id="d000.s4286" source="wordnet-bulgarian">
         <wf lemma="слизам" pos="X">слизам</wf>
         <wf lemma="в" pos="X">в</wf>
         <instance id="d000.s4286.t000" lemma="рудник" pos="NOUN">рудника</instance>
         <wf lemma="." pos="X">.</wf>
      </sentence>
      <sentence id="d000.s4287" source="wordnet-bulgarian">
         <wf lemma="служебен" pos="X">служебен</wf>
         <instance id="d000.s4287.t000" lemma="автомобил" pos="NOUN">автомобил</instance>
         <wf lemma="." pos="X">.</wf>
      </sentence>
      <sentence id="d000.s4288" source="wordnet-bulgarian">
         <wf lemma="правя" pos="X">правя</wf>
         <instance id="d000.s4288.t000" lemma="боклук" pos="NOUN">боклук</instance>
         <wf lemma="." pos="X">.</wf>
      </sentence>
      <sentence id="d000.s4289" source="wordnet-bulgarian">
         <wf lemma="скрита" pos="X">скрита</wf>
         <instance id="d000.s4289.t000" lemma="амбиция" pos="NOUN">амбиция</instance>
         <wf lemma="." pos="X">.</wf>
      </sentence>
      <sentence id="d000.s4290" source="wordnet-bulgarian">
         <wf lemma="държа" pos="X">държа</wf>
         <instance id="d000.s4290.t000" lemma="факел" pos="NOUN">факел</instance>
         <wf lemma="." pos="X">.</wf>
      </sentence>
      <sentence id="d000.s4291" source="wordnet-bulgarian">
         <instance id="d000.s4291.t000" lemma="звънец" pos="NOUN">Звънецът</instance>
         <wf lemma="звънна" pos="X">звънна</wf>
         <wf lemma="и" pos="X">и</wf>
         <wf lemma="аз" pos="X">аз</wf>
         <wf lemma="станах" pos="X">станах</wf>
         <wf lemma="да" pos="X">да</wf>
         <wf lemma="отворя" pos="X">отворя</wf>
         <wf lemma="вратата" pos="X">вратата</wf>
         <wf lemma="." pos="X">.</wf>
      </sentence>
      <sentence id="d000.s4292" source="wordnet-bulgarian">
         <wf lemma="арестуван" pos="X">арестуван</wf>
         <wf lemma="за" pos="X">за</wf>
         <instance id="d000.s4292.t000" lemma="кражба" pos="NOUN">кражба</instance>
         <wf lemma="." pos="X">.</wf>
      </sentence>
      <sentence id="d000.s4293" source="wordnet-bulgarian">
         <wf lemma="нося" pos="X">нося</wf>
         <instance id="d000.s4293.t000" lemma="ядене" pos="NOUN">ядене</instance>
         <wf lemma="на" pos="X">на</wf>
         <wf lemma="болния" pos="X">болния</wf>
         <wf lemma="." pos="X">.</wf>
      </sentence>
      <sentence id="d000.s4294" source="wordnet-bulgarian">
         <wf lemma="дълъг" pos="X">дълъг</wf>
         <instance id="d000.s4294.t000" lemma="камшик" pos="NOUN">камшик</instance>
         <wf lemma="." pos="X">.</wf>
      </sentence>
      <sentence id="d000.s4295" source="wordnet-bulgarian">
         <wf lemma="Слизам" pos="X">Слизам</wf>
         <wf lemma="от" pos="X">от</wf>
         <instance id="d000.s4295.t000" lemma="балкан" pos="NOUN">балкана</instance>
         <wf lemma="." pos="X">.</wf>
      </sentence>
      <sentence id="d000.s4296" source="wordnet-bulgarian">
         <instance id="d000.s4296.t000" lemma="преместване" pos="NOUN">преместване</instance>
         <wf lemma="в" pos="X">в</wf>
         <wf lemma="друг" pos="X">друг</wf>
         <wf lemma="град" pos="X">град</wf>
         <wf lemma="." pos="X">.</wf>
      </sentence>
      <sentence id="d000.s4297" source="wordnet-bulgarian">
         <instance id="d000.s4297.t000" lemma="лента" pos="NOUN">лента</instance>
         <wf lemma="за" pos="X">за</wf>
         <wf lemma="." pos="X">.</wf>
      </sentence>
      <sentence id="d000.s4298" source="wordnet-bulgarian">
         <wf lemma="Имам" pos="X">Имам</wf>
         <wf lemma="запазено" pos="X">запазено</wf>
         <instance id="d000.s4298.t000" lemma="място" pos="NOUN">място</instance>
         <wf lemma="." pos="X">.</wf>
      </sentence>
      <sentence id="d000.s4299" source="wordnet-bulgarian">
         <instance id="d000.s4299.t000" lemma="акция" pos="NOUN">акциите</instance>
         <wf lemma="падат" pos="X">падат</wf>
         <wf lemma="." pos="X">.</wf>
      </sentence>
      <sentence id="d000.s4300" source="wordnet-bulgarian">
         <wf lemma="нескончаеми" pos="X">нескончаеми</wf>
         <instance id="d000.s4300.t000" lemma="игра" pos="NOUN">игри</instance>
         <wf lemma="." pos="X">.</wf>
      </sentence>
      <sentence id="d000.s4301" source="wordnet-bulgarian">
         <instance id="d000.s4301.t000" lemma="машина" pos="NOUN">машина</instance>
         <wf lemma="за" pos="X">за</wf>
         <wf lemma="." pos="X">.</wf>
      </sentence>
      <sentence id="d000.s4302" source="wordnet-bulgarian">
         <wf lemma="нова" pos="X">нова</wf>
         <instance id="d000.s4302.t000" lemma="епоха" pos="NOUN">епоха</instance>
         <wf lemma="в." pos="X">в.</wf>
      </sentence>
      <sentence id="d000.s4303" source="wordnet-bulgarian">
         <wf lemma="професионална" pos="X">професионална</wf>
         <instance id="d000.s4303.t000" lemma="организация" pos="NOUN">организация</instance>
         <wf lemma="." pos="X">.</wf>
      </sentence>
      <sentence id="d000.s4304" source="wordnet-bulgarian">
         <wf lemma="ръководител" pos="X">ръководител</wf>
         <instance id="d000.s4304.t000" lemma="монтаж" pos="NOUN">монтаж</instance>
         <wf lemma="на" pos="X">на</wf>
         <wf lemma="." pos="X">.</wf>
      </sentence>
      <sentence id="d000.s4305" source="wordnet-bulgarian">
         <wf lemma="сключвам" pos="X">сключвам</wf>
         <instance id="d000.s4305.t000" lemma="застраховка" pos="NOUN">застраховка</instance>
         <wf lemma="." pos="X">.</wf>
      </sentence>
      <sentence id="d000.s4306" source="wordnet-bulgarian">
         <wf lemma="Глоба" pos="X">Глоба</wf>
         <wf lemma="в" pos="X">в</wf>
         <wf lemma="троен" pos="X">троен</wf>
         <instance id="d000.s4306.t000" lemma="размер" pos="NOUN">размер</instance>
         <wf lemma="." pos="X">.</wf>
      </sentence>
      <sentence id="d000.s4307" source="wordnet-bulgarian">
         <instance id="d000.s4307.t000" lemma="обувка" pos="NOUN">обувки</instance>
         <wf lemma="от" pos="X">от</wf>
         <wf lemma="плат" pos="X">плат</wf>
         <wf lemma="." pos="X">.</wf>
      </sentence>
      <sentence id="d000.s4308" source="wordnet-bulgarian">
         <wf lemma="наситен" pos="X">наситен</wf>
         <instance id="d000.s4308.t000" lemma="цвят" pos="NOUN">цвят</instance>
         <wf lemma="." pos="X">.</wf>
      </sentence>
      <sentence id="d000.s4309" source="wordnet-bulgarian">
         <wf lemma="обичам" pos="X">обичам</wf>
         <wf lemma="да" pos="X">да</wf>
         <wf lemma="слушам" pos="X">слушам</wf>
         <instance id="d000.s4309.t000" lemma="музика" pos="NOUN">музиката</instance>
         <wf lemma="на" pos="X">на</wf>
         <wf lemma="Верди" pos="X">Верди</wf>
         <wf lemma="." pos="X">.</wf>
      </sentence>
      <sentence id="d000.s4310" source="wordnet-bulgarian">
         <wf lemma="Големият" pos="X">Големият</wf>
         <wf lemma="пост" pos="X">пост</wf>
         <wf lemma="носи" pos="X">носи</wf>
         <wf lemma="и" pos="X">и</wf>
         <wf lemma="големи" pos="X">големи</wf>
         <instance id="d000.s4310.t000" lemma="отговорност" pos="NOUN">отговорности</instance>
         <wf lemma="." pos="X">.</wf>
      </sentence>
      <sentence id="d000.s4311" source="wordnet-bulgarian">
         <wf lemma="Съществуват" pos="X">Съществуват</wf>
         <wf lemma="хиляди" pos="X">хиляди</wf>
         <wf lemma="видове" pos="X">видове</wf>
         <instance id="d000.s4311.t000" lemma="сирене" pos="NOUN">сирене</instance>
         <wf lemma="," pos="X">,</wf>
         <wf lemma="всяко" pos="X">всяко</wf>
         <wf lemma="от" pos="X">от</wf>
         <wf lemma="които" pos="X">които</wf>
         <wf lemma="има" pos="X">има</wf>
         <wf lemma="уникални" pos="X">уникални</wf>
         <wf lemma="характеристики" pos="X">характеристики</wf>
         <wf lemma="." pos="X">.</wf>
      </sentence>
      <sentence id="d000.s4312" source="wordnet-bulgarian">
         <wf lemma="малък" pos="X">малък</wf>
         <instance id="d000.s4312.t000" lemma="хладилник" pos="NOUN">хладилник</instance>
         <wf lemma="." pos="X">.</wf>
      </sentence>
      <sentence id="d000.s4313" source="wordnet-bulgarian">
         <wf lemma="Събирам" pos="X">Събирам</wf>
         <instance id="d000.s4313.t000" lemma="снимка" pos="NOUN">снимки</instance>
         <wf lemma="на" pos="X">на</wf>
         <wf lemma="артисти" pos="X">артисти</wf>
         <wf lemma="." pos="X">.</wf>
      </sentence>
      <sentence id="d000.s4314" source="wordnet-bulgarian">
         <wf lemma="Удобен" pos="X">Удобен</wf>
         <wf lemma="е" pos="X">е</wf>
         <wf lemma="еднакво" pos="X">еднакво</wf>
         <wf lemma="и" pos="X">и</wf>
         <wf lemma="на" pos="X">на</wf>
         <instance id="d000.s4314.t000" lemma="десен" pos="NOUN">десните</instance>
         <wf lemma="," pos="X">,</wf>
         <wf lemma="и" pos="X">и</wf>
         <wf lemma="на" pos="X">на</wf>
         <wf lemma="левите" pos="X">левите</wf>
         <wf lemma="." pos="X">.</wf>
      </sentence>
      <sentence id="d000.s4315" source="wordnet-bulgarian">
         <wf lemma="уморен" pos="X">уморен</wf>
         <instance id="d000.s4315.t000" lemma="вид" pos="NOUN">вид</instance>
         <wf lemma="." pos="X">.</wf>
      </sentence>
      <sentence id="d000.s4316" source="wordnet-bulgarian">
         <instance id="d000.s4316.t000" lemma="изливам" pos="VERB">изливам</instance>
         <wf lemma="кофата" pos="X">кофата</wf>
         <wf lemma="." pos="X">.</wf>
      </sentence>
      <sentence id="d000.s4317" source="wordnet-bulgarian">
         <wf lemma="придавам" pos="X">придавам</wf>
         <instance id="d000.s4317.t000" lemma="значение" pos="NOUN">значение</instance>
         <wf lemma="." pos="X">.</wf>
      </sentence>
      <sentence id="d000.s4318" source="wordnet-bulgarian">
         <wf lemma="опит" pos="X">опит</wf>
         <wf lemma="за" pos="X">за</wf>
         <instance id="d000.s4318.t000" lemma="грабеж" pos="NOUN">грабеж</instance>
         <wf lemma="." pos="X">.</wf>
      </sentence>
      <sentence id="d000.s4319" source="wordnet-bulgarian">
         <instance id="d000.s4319.t000" lemma="извор" pos="NOUN">извор</instance>
         <wf lemma="на" pos="X">на</wf>
         <wf lemma="вдъхновение" pos="X">вдъхновение</wf>
         <wf lemma="." pos="X">.</wf>
      </sentence>
      <sentence id="d000.s4320" source="wordnet-bulgarian">
         <wf lemma="борба" pos="X">борба</wf>
         <wf lemma="за" pos="X">за</wf>
         <instance id="d000.s4320.t000" lemma="справедливост" pos="NOUN">справедливост</instance>
         <wf lemma="." pos="X">.</wf>
      </sentence>
      <sentence id="d000.s4321" source="wordnet-bulgarian">
         <wf lemma="Той" pos="X">Той</wf>
         <wf lemma="няма" pos="X">няма</wf>
         <wf lemma="собствена" pos="X">собствена</wf>
         <wf lemma="къща" pos="X">къща</wf>
         <wf lemma="и" pos="X">и</wf>
         <wf lemma="живее" pos="X">живее</wf>
         <wf lemma="като" pos="X">като</wf>
         <instance id="d000.s4321.t000" lemma="наемател" pos="NOUN">наемател</instance>
         <wf lemma="при" pos="X">при</wf>
         <wf lemma="леля" pos="X">леля</wf>
         <wf lemma="си" pos="X">си</wf>
         <wf lemma="." pos="X">.</wf>
      </sentence>
      <sentence id="d000.s4322" source="wordnet-bulgarian">
         <instance id="d000.s4322.t000" lemma="вик" pos="NOUN">вик</instance>
         <wf lemma="на" pos="X">на</wf>
         <wf lemma="радост" pos="X">радост</wf>
         <wf lemma="." pos="X">.</wf>
      </sentence>
      <sentence id="d000.s4323" source="wordnet-bulgarian">
         <wf lemma="голямо" pos="X">голямо</wf>
         <instance id="d000.s4323.t000" lemma="доверие" pos="NOUN">доверие</instance>
         <wf lemma="." pos="X">.</wf>
      </sentence>
      <sentence id="d000.s4324" source="wordnet-bulgarian">
         <wf lemma="под" pos="X">под</wf>
         <wf lemma="един" pos="X">един</wf>
         <instance id="d000.s4324.t000" lemma="покрив" pos="NOUN">покрив</instance>
         <wf lemma="." pos="X">.</wf>
      </sentence>
      <sentence id="d000.s4325" source="wordnet-bulgarian">
         <wf lemma="с" pos="X">с</wf>
         <instance id="d000.s4325.t000" lemma="вдъхновение" pos="NOUN">вдъхновение</instance>
         <wf lemma="." pos="X">.</wf>
      </sentence>
      <sentence id="d000.s4326" source="wordnet-bulgarian">
         <wf lemma="Да" pos="X">Да</wf>
         <wf lemma="си" pos="X">си</wf>
         <wf lemma="измислим" pos="X">измислим</wf>
         <wf lemma="нова" pos="X">нова</wf>
         <instance id="d000.s4326.t000" lemma="игра" pos="NOUN">игра</instance>
         <wf lemma="." pos="X">.</wf>
      </sentence>
      <sentence id="d000.s4327" source="wordnet-bulgarian">
         <wf lemma="организирам" pos="X">организирам</wf>
         <instance id="d000.s4327.t000" lemma="тържество" pos="NOUN">тържество</instance>
         <wf lemma="." pos="X">.</wf>
      </sentence>
      <sentence id="d000.s4328" source="wordnet-bulgarian">
         <wf lemma="дългогодишен" pos="X">дългогодишен</wf>
         <instance id="d000.s4328.t000" lemma="опит" pos="NOUN">опит</instance>
         <wf lemma="." pos="X">.</wf>
      </sentence>
      <sentence id="d000.s4329" source="wordnet-bulgarian">
         <wf lemma="правителствена" pos="X">правителствена</wf>
         <instance id="d000.s4329.t000" lemma="делегация" pos="NOUN">делегация</instance>
         <wf lemma="." pos="X">.</wf>
      </sentence>
      <sentence id="d000.s4330" source="wordnet-bulgarian">
         <wf lemma="заразни" pos="X">заразни</wf>
         <instance id="d000.s4330.t000" lemma="болест" pos="NOUN">болести</instance>
         <wf lemma="." pos="X">.</wf>
      </sentence>
      <sentence id="d000.s4331" source="wordnet-bulgarian">
         <wf lemma="фотографско" pos="X">фотографско</wf>
         <instance id="d000.s4331.t000" lemma="ателие" pos="NOUN">ателие</instance>
         <wf lemma="." pos="X">.</wf>
      </sentence>
      <sentence id="d000.s4332" source="wordnet-bulgarian">
         <wf lemma="брутални" pos="X">брутални</wf>
         <instance id="d000.s4332.t000" lemma="метод" pos="NOUN">методи</instance>
         <wf lemma="." pos="X">.</wf>
      </sentence>
      <sentence id="d000.s4333" source="wordnet-bulgarian">
         <instance id="d000.s4333.t000" lemma="крем" pos="NOUN">крем</instance>
         <wf lemma="за" pos="X">за</wf>
         <wf lemma="лице" pos="X">лице</wf>
         <wf lemma="." pos="X">.</wf>
      </sentence>
      <sentence id="d000.s4334" source="wordnet-bulgarian">
         <wf lemma="до" pos="X">до</wf>
         <wf lemma="последния" pos="X">последния</wf>
         <wf lemma="ден" pos="X">ден</wf>
         <wf lemma="на" pos="X">на</wf>
         <instance id="d000.s4334.t000" lemma="март" pos="NOUN">март</instance>
         <wf lemma="." pos="X">.</wf>
      </sentence>
      <sentence id="d000.s4335" source="wordnet-bulgarian">
         <wf lemma="непредвидено" pos="X">непредвидено</wf>
         <instance id="d000.s4335.t000" lemma="обстоятелство" pos="NOUN">обстоятелство</instance>
         <wf lemma="." pos="X">.</wf>
      </sentence>
      <sentence id="d000.s4336" source="wordnet-bulgarian">
         <wf lemma="Навсякъде" pos="X">Навсякъде</wf>
         <wf lemma="има" pos="X">има</wf>
         <wf lemma="разхвърляни" pos="X">разхвърляни</wf>
         <instance id="d000.s4336.t000" lemma="машинария" pos="NOUN">машинарии</instance>
         <wf lemma="." pos="X">.</wf>
      </sentence>
      <sentence id="d000.s4337" source="wordnet-bulgarian">
         <wf lemma="като" pos="X">като</wf>
         <instance id="d000.s4337.t000" lemma="доказателство" pos="NOUN">доказателство</instance>
         <wf lemma="за" pos="X">за</wf>
         <wf lemma="." pos="X">.</wf>
      </sentence>
      <sentence id="d000.s4338" source="wordnet-bulgarian">
         <wf lemma="въздушна" pos="X">въздушна</wf>
         <instance id="d000.s4338.t000" lemma="поща" pos="NOUN">поща</instance>
         <wf lemma="." pos="X">.</wf>
      </sentence>
      <sentence id="d000.s4339" source="wordnet-bulgarian">
         <wf lemma="арабски" pos="X">арабски</wf>
         <instance id="d000.s4339.t000" lemma="цифра" pos="NOUN">цифри</instance>
         <wf lemma="." pos="X">.</wf>
      </sentence>
      <sentence id="d000.s4340" source="wordnet-bulgarian">
         <wf lemma="една" pos="X">една</wf>
         <instance id="d000.s4340.t000" lemma="хапка" pos="NOUN">хапка</instance>
         <wf lemma="." pos="X">.</wf>
      </sentence>
      <sentence id="d000.s4341" source="wordnet-bulgarian">
         <wf lemma="лека" pos="X">лека</wf>
         <instance id="d000.s4341.t000" lemma="кола" pos="NOUN">кола</instance>
         <wf lemma="." pos="X">.</wf>
      </sentence>
      <sentence id="d000.s4342" source="wordnet-bulgarian">
         <wf lemma="човек" pos="X">човек</wf>
         <wf lemma="без" pos="X">без</wf>
         <instance id="d000.s4342.t000" lemma="амбиция" pos="NOUN">амбиции</instance>
         <wf lemma="." pos="X">.</wf>
      </sentence>
      <sentence id="d000.s4343" source="wordnet-bulgarian">
         <wf lemma="имам" pos="X">имам</wf>
         <instance id="d000.s4343.t000" lemma="доход" pos="NOUN">доходи</instance>
         <wf lemma="." pos="X">.</wf>
      </sentence>
      <sentence id="d000.s4344" source="wordnet-bulgarian">
         <wf lemma="Трябва" pos="X">Трябва</wf>
         <wf lemma="да" pos="X">да</wf>
         <wf lemma="занеса" pos="X">занеса</wf>
         <instance id="d000.s4344.t000" lemma="ключ" pos="NOUN">ключа</instance>
         <wf lemma="на" pos="X">на</wf>
         <wf lemma="шифъра" pos="X">шифъра</wf>
         <wf lemma="." pos="X">.</wf>
      </sentence>
      <sentence id="d000.s4345" source="wordnet-bulgarian">
         <wf lemma="попивателна" pos="X">попивателна</wf>
         <instance id="d000.s4345.t000" lemma="хартия" pos="NOUN">хартия</instance>
         <wf lemma="." pos="X">.</wf>
      </sentence>
      <sentence id="d000.s4346" source="wordnet-bulgarian">
         <instance id="d000.s4346.t000" lemma="климат" pos="NOUN">Климатът</instance>
         <wf lemma="на" pos="X">на</wf>
         <wf lemma="България" pos="X">България</wf>
         <wf lemma="се" pos="X">се</wf>
         <wf lemma="променя" pos="X">променя</wf>
         <wf lemma="." pos="X">.</wf>
      </sentence>
      <sentence id="d000.s4347" source="wordnet-bulgarian">
         <wf lemma="гася" pos="X">гася</wf>
         <instance id="d000.s4347.t000" lemma="лампа" pos="NOUN">лампа</instance>
         <wf lemma="." pos="X">.</wf>
      </sentence>
      <sentence id="d000.s4348" source="wordnet-bulgarian">
         <instance id="d000.s4348.t000" lemma="знам" pos="VERB">Знам</instance>
         <wf lemma="," pos="X">,</wf>
         <wf lemma="че" pos="X">че</wf>
         <wf lemma="оставих" pos="X">оставих</wf>
         <wf lemma="ключовете" pos="X">ключовете</wf>
         <wf lemma="на" pos="X">на</wf>
         <wf lemma="масата" pos="X">масата</wf>
         <wf lemma="." pos="X">.</wf>
      </sentence>
      <sentence id="d000.s4349" source="wordnet-bulgarian">
         <wf lemma="В" pos="X">В</wf>
         <instance id="d000.s4349.t000" lemma="меню" pos="NOUN">менюто</instance>
         <wf lemma="са" pos="X">са</wf>
         <wf lemma="включени" pos="X">включени</wf>
         <wf lemma="и" pos="X">и</wf>
         <wf lemma="рибни" pos="X">рибни</wf>
         <wf lemma="деликатеси" pos="X">деликатеси</wf>
         <wf lemma="." pos="X">.</wf>
      </sentence>
      <sentence id="d000.s4350" source="wordnet-bulgarian">
         <instance id="d000.s4350.t000" lemma="болест" pos="NOUN">Болестта</instance>
         <wf lemma="бавно" pos="X">бавно</wf>
         <wf lemma="отминаваше" pos="X">отминаваше</wf>
         <wf lemma="." pos="X">.</wf>
      </sentence>
      <sentence id="d000.s4351" source="wordnet-bulgarian">
         <wf lemma="ерудирана" pos="X">ерудирана</wf>
         <instance id="d000.s4351.t000" lemma="личност" pos="NOUN">личност</instance>
         <wf lemma="." pos="X">.</wf>
      </sentence>
      <sentence id="d000.s4352" source="wordnet-bulgarian">
         <instance id="d000.s4352.t000" lemma="монтирам" pos="VERB">монтирам</instance>
         <wf lemma="контакт" pos="X">контакт</wf>
         <wf lemma="." pos="X">.</wf>
      </sentence>
      <sentence id="d000.s4353" source="wordnet-bulgarian">
         <wf lemma="доктор" pos="X">доктор</wf>
         <wf lemma="по" pos="X">по</wf>
         <instance id="d000.s4353.t000" lemma="медицина" pos="NOUN">медицина</instance>
         <wf lemma="." pos="X">.</wf>
      </sentence>
      <sentence id="d000.s4354" source="wordnet-bulgarian">
         <wf lemma="мия" pos="X">мия</wf>
         <instance id="d000.s4354.t000" lemma="лице" pos="NOUN">лицето</instance>
         <wf lemma="си" pos="X">си</wf>
         <wf lemma="." pos="X">.</wf>
      </sentence>
      <sentence id="d000.s4355" source="wordnet-bulgarian">
         <wf lemma="обществено" pos="X">обществено</wf>
         <instance id="d000.s4355.t000" lemma="съзнание" pos="NOUN">съзнание</instance>
         <wf lemma="." pos="X">.</wf>
      </sentence>
      <sentence id="d000.s4356" source="wordnet-bulgarian">
         <wf lemma="пълна" pos="X">пълна</wf>
         <instance id="d000.s4356.t000" lemma="победа" pos="NOUN">победа</instance>
         <wf lemma="." pos="X">.</wf>
      </sentence>
      <sentence id="d000.s4357" source="wordnet-bulgarian">
         <wf lemma="очаквано" pos="X">очаквано</wf>
         <instance id="d000.s4357.t000" lemma="писмо" pos="NOUN">писмо</instance>
         <wf lemma="." pos="X">.</wf>
      </sentence>
      <sentence id="d000.s4358" source="wordnet-bulgarian">
         <instance id="d000.s4358.t000" lemma="синдром" pos="NOUN">синдром</instance>
         <wf lemma="за" pos="X">за</wf>
         <wf lemma="." pos="X">.</wf>
      </sentence>
      <sentence id="d000.s4359" source="wordnet-bulgarian">
         <instance id="d000.s4359.t000" lemma="план" pos="NOUN">план</instance>
         <wf lemma="на" pos="X">на</wf>
         <wf lemma="сграда" pos="X">сграда</wf>
         <wf lemma="." pos="X">.</wf>
      </sentence>
      <sentence id="d000.s4360" source="wordnet-bulgarian">
         <instance id="d000.s4360.t000" lemma="колело" pos="NOUN">колело</instance>
         <wf lemma="от" pos="X">от</wf>
         <wf lemma="мотор" pos="X">мотор</wf>
         <wf lemma="." pos="X">.</wf>
      </sentence>
      <sentence id="d000.s4361" source="wordnet-bulgarian">
         <wf lemma="вдявам" pos="X">вдявам</wf>
         <instance id="d000.s4361.t000" lemma="игла" pos="NOUN">игла</instance>
         <wf lemma="." pos="X">.</wf>
      </sentence>
      <sentence id="d000.s4362" source="wordnet-bulgarian">
         <wf lemma="голям" pos="X">голям</wf>
         <instance id="d000.s4362.t000" lemma="учен" pos="NOUN">учен</instance>
         <wf lemma="." pos="X">.</wf>
      </sentence>
      <sentence id="d000.s4363" source="wordnet-bulgarian">
         <wf lemma="ядро" pos="X">ядро</wf>
         <wf lemma="на" pos="X">на</wf>
         <instance id="d000.s4363.t000" lemma="атом" pos="NOUN">атом</instance>
         <wf lemma="." pos="X">.</wf>
      </sentence>
      <sentence id="d000.s4364" source="wordnet-bulgarian">
         <wf lemma="букет" pos="X">букет</wf>
         <wf lemma="от" pos="X">от</wf>
         <instance id="d000.s4364.t000" lemma="лилия" pos="NOUN">лилии</instance>
         <wf lemma="." pos="X">.</wf>
      </sentence>
      <sentence id="d000.s4365" source="wordnet-bulgarian">
         <wf lemma="експериментален" pos="X">експериментален</wf>
         <instance id="d000.s4365.t000" lemma="вариант" pos="NOUN">вариант</instance>
         <wf lemma="." pos="X">.</wf>
      </sentence>
      <sentence id="d000.s4366" source="wordnet-bulgarian">
         <instance id="d000.s4366.t000" lemma="изградя" pos="VERB">изградиха</instance>
         <wf lemma="висока" pos="X">висока</wf>
         <wf lemma="стена" pos="X">стена</wf>
         <wf lemma="." pos="X">.</wf>
      </sentence>
      <sentence id="d000.s4367" source="wordnet-bulgarian">
         <wf lemma="пойна" pos="X">пойна</wf>
         <instance id="d000.s4367.t000" lemma="птица" pos="NOUN">птица</instance>
         <wf lemma="." pos="X">.</wf>
      </sentence>
      <sentence id="d000.s4368" source="wordnet-bulgarian">
         <instance id="d000.s4368.t000" lemma="резултат" pos="NOUN">резултат</instance>
         <wf lemma="от" pos="X">от</wf>
         <wf lemma="дълъг" pos="X">дълъг</wf>
         <wf lemma="труд" pos="X">труд</wf>
         <wf lemma="." pos="X">.</wf>
      </sentence>
      <sentence id="d000.s4369" source="wordnet-bulgarian">
         <instance id="d000.s4369.t000" lemma="агресия" pos="NOUN">Агресията</instance>
         <wf lemma="се" pos="X">се</wf>
         <wf lemma="среща" pos="X">среща</wf>
         <wf lemma="често" pos="X">често</wf>
         <wf lemma="при" pos="X">при</wf>
         <wf lemma="младите" pos="X">младите</wf>
         <wf lemma="хора" pos="X">хора</wf>
         <wf lemma="." pos="X">.</wf>
      </sentence>
      <sentence id="d000.s4370" source="wordnet-bulgarian">
         <wf lemma="Отивам" pos="X">Отивам</wf>
         <wf lemma="в" pos="X">в</wf>
         <wf lemma="градинския" pos="X">градинския</wf>
         <instance id="d000.s4370.t000" lemma="център" pos="NOUN">център</instance>
         <wf lemma="да" pos="X">да</wf>
         <wf lemma="си" pos="X">си</wf>
         <wf lemma="купя" pos="X">купя</wf>
         <wf lemma="цветя" pos="X">цветя</wf>
         <wf lemma="." pos="X">.</wf>
      </sentence>
      <sentence id="d000.s4371" source="wordnet-bulgarian">
         <wf lemma="хубава" pos="X">хубава</wf>
         <instance id="d000.s4371.t000" lemma="външност" pos="NOUN">външност</instance>
         <wf lemma="." pos="X">.</wf>
      </sentence>
      <sentence id="d000.s4372" source="wordnet-bulgarian">
         <wf lemma="селскостопанска" pos="X">селскостопанска</wf>
         <instance id="d000.s4372.t000" lemma="продукция" pos="NOUN">продукция</instance>
         <wf lemma="." pos="X">.</wf>
      </sentence>
      <sentence id="d000.s4373" source="wordnet-bulgarian">
         <wf lemma="през" pos="X">през</wf>
         <wf lemma="определен" pos="X">определен</wf>
         <instance id="d000.s4373.t000" lemma="период" pos="NOUN">период</instance>
         <wf lemma="." pos="X">.</wf>
      </sentence>
      <sentence id="d000.s4374" source="wordnet-bulgarian">
         <wf lemma="изложба" pos="X">изложба</wf>
         <wf lemma="на" pos="X">на</wf>
         <instance id="d000.s4374.t000" lemma="картина" pos="NOUN">картини</instance>
         <wf lemma="." pos="X">.</wf>
      </sentence>
      <sentence id="d000.s4375" source="wordnet-bulgarian">
         <wf lemma="Пицата" pos="X">Пицата</wf>
         <wf lemma="съдържа" pos="X">съдържа</wf>
         <wf lemma="твърде" pos="X">твърде</wf>
         <wf lemma="много" pos="X">много</wf>
         <instance id="d000.s4375.t000" lemma="мазнина" pos="NOUN">мазнини</instance>
         <wf lemma="." pos="X">.</wf>
      </sentence>
      <sentence id="d000.s4376" source="wordnet-bulgarian">
         <wf lemma="клони" pos="X">клони</wf>
         <wf lemma="от" pos="X">от</wf>
         <instance id="d000.s4376.t000" lemma="дърво" pos="NOUN">дърво</instance>
         <wf lemma="." pos="X">.</wf>
      </sentence>
      <sentence id="d000.s4377" source="wordnet-bulgarian">
         <wf lemma="революционно-демократична" pos="X">революционно-демократична</wf>
         <instance id="d000.s4377.t000" lemma="идеология" pos="NOUN">идеология</instance>
         <wf lemma="." pos="X">.</wf>
      </sentence>
      <sentence id="d000.s4378" source="wordnet-bulgarian">
         <wf lemma="охраняем" pos="X">охраняем</wf>
         <instance id="d000.s4378.t000" lemma="паркинг" pos="NOUN">паркинг</instance>
         <wf lemma="." pos="X">.</wf>
      </sentence>
      <sentence id="d000.s4379" source="wordnet-bulgarian">
         <wf lemma="Синът" pos="X">Синът</wf>
         <wf lemma="й" pos="X">й</wf>
         <wf lemma="тази" pos="X">тази</wf>
         <wf lemma="година" pos="X">година</wf>
         <wf lemma="е" pos="X">е</wf>
         <instance id="d000.s4379.t000" lemma="абитуриент" pos="NOUN">абитуриент</instance>
         <wf lemma="." pos="X">.</wf>
      </sentence>
      <sentence id="d000.s4380" source="wordnet-bulgarian">
         <wf lemma="хора" pos="X">хора</wf>
         <wf lemma="от" pos="X">от</wf>
         <wf lemma="различни" pos="X">различни</wf>
         <instance id="d000.s4380.t000" lemma="поколение" pos="NOUN">поколения</instance>
         <wf lemma="." pos="X">.</wf>
      </sentence>
      <sentence id="d000.s4381" source="wordnet-bulgarian">
         <wf lemma="Обичам" pos="X">Обичам</wf>
         <instance id="d000.s4381.t000" lemma="поезия" pos="NOUN">поезията</instance>
         <wf lemma="на" pos="X">на</wf>
         <wf lemma="Ботев" pos="X">Ботев</wf>
         <wf lemma="." pos="X">.</wf>
      </sentence>
      <sentence id="d000.s4382" source="wordnet-bulgarian">
         <wf lemma="съставям" pos="X">съставям</wf>
         <instance id="d000.s4382.t000" lemma="изречение" pos="NOUN">изречение</instance>
         <wf lemma="." pos="X">.</wf>
      </sentence>
      <sentence id="d000.s4383" source="wordnet-bulgarian">
         <wf lemma="касапски" pos="X">касапски</wf>
         <instance id="d000.s4383.t000" lemma="нож" pos="NOUN">нож</instance>
         <wf lemma="." pos="X">.</wf>
      </sentence>
      <sentence id="d000.s4384" source="wordnet-bulgarian">
         <wf lemma="равнобедрен" pos="X">равнобедрен</wf>
         <instance id="d000.s4384.t000" lemma="триъгълник" pos="NOUN">триъгълник</instance>
         <wf lemma="." pos="X">.</wf>
      </sentence>
      <sentence id="d000.s4385" source="wordnet-bulgarian">
         <wf lemma="Пътят" pos="X">Пътят</wf>
         <wf lemma="към" pos="X">към</wf>
         <wf lemma="ада" pos="X">ада</wf>
         <wf lemma="е" pos="X">е</wf>
         <wf lemma="постлан" pos="X">постлан</wf>
         <wf lemma="с" pos="X">с</wf>
         <wf lemma="добри" pos="X">добри</wf>
         <instance id="d000.s4385.t000" lemma="намерение" pos="NOUN">намерения</instance>
         <wf lemma="." pos="X">.</wf>
      </sentence>
      <sentence id="d000.s4386" source="wordnet-bulgarian">
         <instance id="d000.s4386.t000" lemma="фестивал" pos="NOUN">Фестивалът</instance>
         <wf lemma="се" pos="X">се</wf>
         <wf lemma="провежда" pos="X">провежда</wf>
         <wf lemma="всяка" pos="X">всяка</wf>
         <wf lemma="година" pos="X">година</wf>
         <wf lemma="." pos="X">.</wf>
      </sentence>
      <sentence id="d000.s4387" source="wordnet-bulgarian">
         <wf lemma="отхвърлям" pos="X">отхвърлям</wf>
         <instance id="d000.s4387.t000" lemma="възражение" pos="NOUN">възраженията</instance>
         <wf lemma="на" pos="X">на</wf>
         <wf lemma="." pos="X">.</wf>
      </sentence>
      <sentence id="d000.s4388" source="wordnet-bulgarian">
         <instance id="d000.s4388.t000" lemma="ресторант" pos="NOUN">ресторант</instance>
         <wf lemma="в" pos="X">в</wf>
         <wf lemma="София" pos="X">София</wf>
         <wf lemma="." pos="X">.</wf>
      </sentence>
      <sentence id="d000.s4389" source="wordnet-bulgarian">
         <wf lemma="Имам" pos="X">Имам</wf>
         <wf lemma="много" pos="X">много</wf>
         <instance id="d000.s4389.t000" lemma="враг" pos="NOUN">врагове</instance>
         <wf lemma="." pos="X">.</wf>
      </sentence>
      <sentence id="d000.s4390" source="wordnet-bulgarian">
         <wf lemma="За" pos="X">За</wf>
         <wf lemma="днес" pos="X">днес</wf>
         <wf lemma="имам" pos="X">имам</wf>
         <wf lemma="много" pos="X">много</wf>
         <instance id="d000.s4390.t000" lemma="задача" pos="NOUN">задачи</instance>
         <wf lemma="." pos="X">.</wf>
      </sentence>
      <sentence id="d000.s4391" source="wordnet-bulgarian">
         <wf lemma="ВИС-2" pos="X">ВИС-2</wf>
         <wf lemma="ще" pos="X">ще</wf>
         <wf lemma="лансира" pos="X">лансира</wf>
         <wf lemma="версията" pos="X">версията</wf>
         <wf lemma="," pos="X">,</wf>
         <wf lemma="че" pos="X">че</wf>
         <wf lemma="става" pos="X">става</wf>
         <wf lemma="въпрос" pos="X">въпрос</wf>
         <wf lemma="само" pos="X">само</wf>
         <wf lemma="за" pos="X">за</wf>
         <wf lemma="хулиганска" pos="X">хулиганска</wf>
         <instance id="d000.s4391.t000" lemma="проява" pos="NOUN">проява</instance>
         <wf lemma="," pos="X">,</wf>
         <wf lemma="за" pos="X">за</wf>
         <wf lemma="да" pos="X">да</wf>
         <wf lemma="спаси" pos="X">спаси</wf>
         <wf lemma="боса" pos="X">боса</wf>
         <wf lemma="си" pos="X">си</wf>
         <wf lemma="от" pos="X">от</wf>
         <wf lemma="изцепката" pos="X">изцепката</wf>
         <wf lemma="му" pos="X">му</wf>
         <wf lemma="." pos="X">.</wf>
      </sentence>
      <sentence id="d000.s4392" source="wordnet-bulgarian">
         <instance id="d000.s4392.t000" lemma="игра" pos="NOUN">Играта</instance>
         <wf lemma="завърши" pos="X">завърши</wf>
         <wf lemma="наравно" pos="X">наравно</wf>
         <wf lemma="." pos="X">.</wf>
      </sentence>
      <sentence id="d000.s4393" source="wordnet-bulgarian">
         <instance id="d000.s4393.t000" lemma="мисъл" pos="NOUN">Мисълта</instance>
         <wf lemma="ми" pos="X">ми</wf>
         <wf lemma="е" pos="X">е</wf>
         <wf lemma="да" pos="X">да</wf>
         <wf lemma="не" pos="X">не</wf>
         <wf lemma="избързвам" pos="X">избързвам</wf>
         <wf lemma="." pos="X">.</wf>
      </sentence>
      <sentence id="d000.s4394" source="wordnet-bulgarian">
         <wf lemma="Избърши" pos="X">Избърши</wf>
         <instance id="d000.s4394.t000" lemma="прах" pos="NOUN">прахта</instance>
         <wf lemma="от" pos="X">от</wf>
         <wf lemma="мебелите" pos="X">мебелите</wf>
         <wf lemma="." pos="X">.</wf>
      </sentence>
      <sentence id="d000.s4395" source="wordnet-bulgarian">
         <wf lemma="чупя" pos="X">чупя</wf>
         <instance id="d000.s4395.t000" lemma="чаша" pos="NOUN">чаша</instance>
         <wf lemma="." pos="X">.</wf>
      </sentence>
      <sentence id="d000.s4396" source="wordnet-bulgarian">
         <wf lemma="Не" pos="X">Не</wf>
         <wf lemma="си" pos="X">си</wf>
         <instance id="d000.s4396.t000" lemma="купя" pos="VERB">купих</instance>
         <wf lemma="нищо" pos="X">нищо</wf>
         <wf lemma="." pos="X">.</wf>
      </sentence>
      <sentence id="d000.s4397" source="wordnet-bulgarian">
         <wf lemma="далекобоен" pos="X">далекобоен</wf>
         <instance id="d000.s4397.t000" lemma="лък" pos="NOUN">лък</instance>
         <wf lemma="." pos="X">.</wf>
      </sentence>
      <sentence id="d000.s4398" source="wordnet-bulgarian">
         <wf lemma="вестникарска" pos="X">вестникарска</wf>
         <instance id="d000.s4398.t000" lemma="агенция" pos="NOUN">агенция</instance>
         <wf lemma="." pos="X">.</wf>
      </sentence>
      <sentence id="d000.s4399" source="wordnet-bulgarian">
         <wf lemma="Америка" pos="X">Америка</wf>
         <instance id="d000.s4399.t000" lemma="започна" pos="VERB">започна</instance>
         <wf lemma="война" pos="X">война</wf>
         <wf lemma="в" pos="X">в</wf>
         <wf lemma="Близкия" pos="X">Близкия</wf>
         <wf lemma="Изток" pos="X">Изток</wf>
         <wf lemma="." pos="X">.</wf>
      </sentence>
      <sentence id="d000.s4400" source="wordnet-bulgarian">
         <instance id="d000.s4400.t000" lemma="връзка" pos="NOUN">връзка</instance>
         <wf lemma="между" pos="X">между</wf>
         <wf lemma="науката" pos="X">науката</wf>
         <wf lemma="и" pos="X">и</wf>
         <wf lemma="практиката" pos="X">практиката</wf>
         <wf lemma="." pos="X">.</wf>
      </sentence>
      <sentence id="d000.s4401" source="wordnet-bulgarian">
         <wf lemma="голямо" pos="X">голямо</wf>
         <instance id="d000.s4401.t000" lemma="антре" pos="NOUN">антре</instance>
         <wf lemma="." pos="X">.</wf>
      </sentence>
      <sentence id="d000.s4402" source="wordnet-bulgarian">
         <wf lemma="къпя" pos="X">къпя</wf>
         <wf lemma="се" pos="X">се</wf>
         <wf lemma="във" pos="X">във</wf>
         <instance id="d000.s4402.t000" lemma="вана" pos="NOUN">вана</instance>
         <wf lemma="." pos="X">.</wf>
      </sentence>
      <sentence id="d000.s4403" source="wordnet-bulgarian">
         <wf lemma="Едва-една" pos="X">Едва-една</wf>
         <wf lemma="полъхва" pos="X">полъхва</wf>
         <instance id="d000.s4403.t000" lemma="ветрец" pos="NOUN">ветрец</instance>
         <wf lemma="." pos="X">.</wf>
      </sentence>
      <sentence id="d000.s4404" source="wordnet-bulgarian">
         <wf lemma="сложно" pos="X">сложно</wf>
         <instance id="d000.s4404.t000" lemma="изречение" pos="NOUN">изречение</instance>
         <wf lemma="." pos="X">.</wf>
      </sentence>
      <sentence id="d000.s4405" source="wordnet-bulgarian">
         <wf lemma="нощен" pos="X">нощен</wf>
         <instance id="d000.s4405.t000" lemma="пейзаж" pos="NOUN">пейзаж</instance>
         <wf lemma="." pos="X">.</wf>
      </sentence>
      <sentence id="d000.s4406" source="wordnet-bulgarian">
         <instance id="d000.s4406.t000" lemma="внос" pos="NOUN">внос</instance>
         <wf lemma="на" pos="X">на</wf>
         <wf lemma="суровини" pos="X">суровини</wf>
         <wf lemma="." pos="X">.</wf>
      </sentence>
      <sentence id="d000.s4407" source="wordnet-bulgarian">
         <wf lemma="силно" pos="X">силно</wf>
         <instance id="d000.s4407.t000" lemma="вълнение" pos="NOUN">вълнение</instance>
         <wf lemma="." pos="X">.</wf>
      </sentence>
      <sentence id="d000.s4408" source="wordnet-bulgarian">
         <instance id="d000.s4408.t000" lemma="карта" pos="NOUN">карти</instance>
         <wf lemma="таро" pos="X">таро</wf>
         <wf lemma="." pos="X">.</wf>
      </sentence>
      <sentence id="d000.s4409" source="wordnet-bulgarian">
         <wf lemma="Той" pos="X">Той</wf>
         <wf lemma="даде" pos="X">даде</wf>
         <wf lemma="отрицателен" pos="X">отрицателен</wf>
         <instance id="d000.s4409.t000" lemma="отговор" pos="NOUN">отговор</instance>
         <wf lemma="." pos="X">.</wf>
      </sentence>
      <sentence id="d000.s4410" source="wordnet-bulgarian">
         <wf lemma="издигам" pos="X">издигам</wf>
         <instance id="d000.s4410.t000" lemma="паметник" pos="NOUN">паметник</instance>
         <wf lemma="." pos="X">.</wf>
      </sentence>
      <sentence id="d000.s4411" source="wordnet-bulgarian">
         <wf lemma="нов" pos="X">нов</wf>
         <instance id="d000.s4411.t000" lemma="живот" pos="NOUN">живот</instance>
         <wf lemma="." pos="X">.</wf>
      </sentence>
      <sentence id="d000.s4412" source="wordnet-bulgarian">
         <wf lemma="политически" pos="X">политически</wf>
         <instance id="d000.s4412.t000" lemma="облага" pos="NOUN">облаги</instance>
         <wf lemma="." pos="X">.</wf>
      </sentence>
      <sentence id="d000.s4413" source="wordnet-bulgarian">
         <wf lemma="излизам" pos="X">излизам</wf>
         <wf lemma="от" pos="X">от</wf>
         <instance id="d000.s4413.t000" lemma="бар" pos="NOUN">бара</instance>
         <wf lemma="." pos="X">.</wf>
      </sentence>
      <sentence id="d000.s4414" source="wordnet-bulgarian">
         <wf lemma="с" pos="X">с</wf>
         <instance id="d000.s4414.t000" lemma="цена" pos="NOUN">цената</instance>
         <wf lemma="на" pos="X">на</wf>
         <wf lemma="много" pos="X">много</wf>
         <wf lemma="усилия" pos="X">усилия</wf>
         <wf lemma="." pos="X">.</wf>
      </sentence>
      <sentence id="d000.s4415" source="wordnet-bulgarian">
         <wf lemma="управляваща" pos="X">управляваща</wf>
         <instance id="d000.s4415.t000" lemma="клика" pos="NOUN">клика</instance>
         <wf lemma="." pos="X">.</wf>
      </sentence>
      <sentence id="d000.s4416" source="wordnet-bulgarian">
         <wf lemma="лични" pos="X">лични</wf>
         <instance id="d000.s4416.t000" lemma="облага" pos="NOUN">облаги</instance>
         <wf lemma="." pos="X">.</wf>
      </sentence>
      <sentence id="d000.s4417" source="wordnet-bulgarian">
         <instance id="d000.s4417.t000" lemma="излизам" pos="VERB">излизам</instance>
         <wf lemma="от" pos="X">от</wf>
         <wf lemma="." pos="X">.</wf>
      </sentence>
      <sentence id="d000.s4418" source="wordnet-bulgarian">
         <instance id="d000.s4418.t000" lemma="монтаж" pos="NOUN">монтаж</instance>
         <wf lemma="на" pos="X">на</wf>
         <wf lemma="инсталации" pos="X">инсталации</wf>
         <wf lemma="." pos="X">.</wf>
      </sentence>
      <sentence id="d000.s4419" source="wordnet-bulgarian">
         <wf lemma="Луната" pos="X">Луната</wf>
         <instance id="d000.s4419.t000" lemma="изгрея" pos="VERB">изгря</instance>
         <wf lemma="и" pos="X">и</wf>
         <wf lemma="освети" pos="X">освети</wf>
         <wf lemma="цялото" pos="X">цялото</wf>
         <wf lemma="небе" pos="X">небе</wf>
         <wf lemma="." pos="X">.</wf>
      </sentence>
      <sentence id="d000.s4420" source="wordnet-bulgarian">
         <wf lemma="На" pos="X">На</wf>
         <instance id="d000.s4420.t000" lemma="снимка" pos="NOUN">снимката</instance>
         <wf lemma="съм" pos="X">съм</wf>
         <wf lemma="излязла" pos="X">излязла</wf>
         <wf lemma="много" pos="X">много</wf>
         <wf lemma="хубаво" pos="X">хубаво</wf>
         <wf lemma="." pos="X">.</wf>
      </sentence>
      <sentence id="d000.s4421" source="wordnet-bulgarian">
         <wf lemma="вътрешен" pos="X">вътрешен</wf>
         <instance id="d000.s4421.t000" lemma="джоб" pos="NOUN">джоб</instance>
         <wf lemma="." pos="X">.</wf>
      </sentence>
      <sentence id="d000.s4422" source="wordnet-bulgarian">
         <wf lemma="двуредно" pos="X">двуредно</wf>
         <instance id="d000.s4422.t000" lemma="палто" pos="NOUN">палто</instance>
         <wf lemma="." pos="X">.</wf>
      </sentence>
      <sentence id="d000.s4423" source="wordnet-bulgarian">
         <wf lemma="плочки" pos="X">плочки</wf>
         <wf lemma="за" pos="X">за</wf>
         <instance id="d000.s4423.t000" lemma="баня" pos="NOUN">баня</instance>
         <wf lemma="." pos="X">.</wf>
      </sentence>
      <sentence id="d000.s4424" source="wordnet-bulgarian">
         <instance id="d000.s4424.t000" lemma="влошавам" pos="VERB">влошавам</instance>
         <wf lemma="настроението" pos="X">настроението</wf>
         <wf lemma="на" pos="X">на</wf>
         <wf lemma="." pos="X">.</wf>
      </sentence>
      <sentence id="d000.s4425" source="wordnet-bulgarian">
         <wf lemma="гледам" pos="X">гледам</wf>
         <wf lemma="на" pos="X">на</wf>
         <instance id="d000.s4425.t000" lemma="карта" pos="NOUN">карти</instance>
         <wf lemma="." pos="X">.</wf>
      </sentence>
      <sentence id="d000.s4426" source="wordnet-bulgarian">
         <wf lemma="Няма" pos="X">Няма</wf>
         <wf lemma="да" pos="X">да</wf>
         <instance id="d000.s4426.t000" lemma="стана" pos="VERB">станеш</instance>
         <wf lemma="човек" pos="X">човек</wf>
         <wf lemma="." pos="X">.</wf>
      </sentence>
      <sentence id="d000.s4427" source="wordnet-bulgarian">
         <instance id="d000.s4427.t000" lemma="копие" pos="NOUN">копие</instance>
         <wf lemma="от" pos="X">от</wf>
         <wf lemma="картина" pos="X">картина</wf>
         <wf lemma="." pos="X">.</wf>
      </sentence>
      <sentence id="d000.s4428" source="wordnet-bulgarian">
         <wf lemma="чета" pos="X">чета</wf>
         <instance id="d000.s4428.t000" lemma="лекция" pos="NOUN">лекция</instance>
         <wf lemma="." pos="X">.</wf>
      </sentence>
      <sentence id="d000.s4429" source="wordnet-bulgarian">
         <instance id="d000.s4429.t000" lemma="приема" pos="VERB">Приеха</instance>
         <wf lemma="ли" pos="X">ли</wf>
         <wf lemma="те" pos="X">те</wf>
         <wf lemma="в" pos="X">в</wf>
         <wf lemma="университета" pos="X">университета</wf>
         <wf lemma="?" pos="X">?</wf>
      </sentence>
      <sentence id="d000.s4430" source="wordnet-bulgarian">
         <wf lemma="На" pos="X">На</wf>
         <wf lemma="Нова" pos="X">Нова</wf>
         <wf lemma="година" pos="X">година</wf>
         <wf lemma="винаги" pos="X">винаги</wf>
         <wf lemma="се" pos="X">се</wf>
         <wf lemma="пие" pos="X">пие</wf>
         <instance id="d000.s4430.t000" lemma="шампанско" pos="NOUN">шампанско</instance>
         <wf lemma="." pos="X">.</wf>
      </sentence>
      <sentence id="d000.s4431" source="wordnet-bulgarian">
         <wf lemma="изказвам" pos="X">изказвам</wf>
         <instance id="d000.s4431.t000" lemma="твърдение" pos="NOUN">твърдение</instance>
         <wf lemma="." pos="X">.</wf>
      </sentence>
      <sentence id="d000.s4432" source="wordnet-bulgarian">
         <wf lemma="плосък" pos="X">плосък</wf>
         <instance id="d000.s4432.t000" lemma="покрив" pos="NOUN">покрив</instance>
         <wf lemma="." pos="X">.</wf>
      </sentence>
      <sentence id="d000.s4433" source="wordnet-bulgarian">
         <wf lemma="огнената" pos="X">огнената</wf>
         <wf lemma="дъга" pos="X">дъга</wf>
         <wf lemma="е" pos="X">е</wf>
         <wf lemma="едно" pos="X">едно</wf>
         <wf lemma="от" pos="X">от</wf>
         <wf lemma="най-редките" pos="X">най-редките</wf>
         <wf lemma="атмосферни" pos="X">атмосферни</wf>
         <instance id="d000.s4433.t000" lemma="явление" pos="NOUN">явления</instance>
         <wf lemma="на" pos="X">на</wf>
         <wf lemma="земята" pos="X">земята</wf>
         <wf lemma="." pos="X">.</wf>
      </sentence>
      <sentence id="d000.s4434" source="wordnet-bulgarian">
         <wf lemma="За" pos="X">За</wf>
         <instance id="d000.s4434.t000" lemma="презентация" pos="NOUN">презентацията</instance>
         <wf lemma="на" pos="X">на</wf>
         <wf lemma="новия" pos="X">новия</wf>
         <wf lemma="си" pos="X">си</wf>
         <wf lemma="продукт" pos="X">продукт</wf>
         <wf lemma="той" pos="X">той</wf>
         <wf lemma="се" pos="X">се</wf>
         <wf lemma="готви" pos="X">готви</wf>
         <wf lemma="дълго" pos="X">дълго</wf>
         <wf lemma="и" pos="X">и</wf>
         <wf lemma="сериозно" pos="X">сериозно</wf>
         <wf lemma="." pos="X">.</wf>
      </sentence>
      <sentence id="d000.s4435" source="wordnet-bulgarian">
         <instance id="d000.s4435.t000" lemma="кралство" pos="NOUN">кралство</instance>
         <wf lemma="Белгия" pos="X">Белгия</wf>
         <wf lemma="." pos="X">.</wf>
      </sentence>
      <sentence id="d000.s4436" source="wordnet-bulgarian">
         <wf lemma="с" pos="X">с</wf>
         <instance id="d000.s4436.t000" lemma="надежда" pos="NOUN">надежда</instance>
         <wf lemma="да" pos="X">да</wf>
         <wf lemma="." pos="X">.</wf>
      </sentence>
      <sentence id="d000.s4437" source="wordnet-bulgarian">
         <wf lemma="обезщетение" pos="X">обезщетение</wf>
         <wf lemma="за" pos="X">за</wf>
         <instance id="d000.s4437.t000" lemma="безработица" pos="NOUN">безработица</instance>
         <wf lemma="." pos="X">.</wf>
      </sentence>
      <sentence id="d000.s4438" source="wordnet-bulgarian">
         <wf lemma="подемна" pos="X">подемна</wf>
         <instance id="d000.s4438.t000" lemma="конструкция" pos="NOUN">конструкция</instance>
         <wf lemma="." pos="X">.</wf>
      </sentence>
      <sentence id="d000.s4439" source="wordnet-bulgarian">
         <instance id="d000.s4439.t000" lemma="формула" pos="NOUN">формула</instance>
         <wf lemma="за" pos="X">за</wf>
         <wf lemma="квадратурата" pos="X">квадратурата</wf>
         <wf lemma="на" pos="X">на</wf>
         <wf lemma="триъгълник" pos="X">триъгълник</wf>
         <wf lemma="." pos="X">.</wf>
      </sentence>
      <sentence id="d000.s4440" source="wordnet-bulgarian">
         <wf lemma="въртяща" pos="X">въртяща</wf>
         <wf lemma="се" pos="X">се</wf>
         <instance id="d000.s4440.t000" lemma="врата" pos="NOUN">врата</instance>
         <wf lemma="." pos="X">.</wf>
      </sentence>
      <sentence id="d000.s4441" source="wordnet-bulgarian">
         <wf lemma="конни" pos="X">конни</wf>
         <instance id="d000.s4441.t000" lemma="полицай" pos="NOUN">полицаи</instance>
         <wf lemma="." pos="X">.</wf>
      </sentence>
      <sentence id="d000.s4442" source="wordnet-bulgarian">
         <wf lemma="имам" pos="X">имам</wf>
         <wf lemma="специален" pos="X">специален</wf>
         <instance id="d000.s4442.t000" lemma="съд" pos="NOUN">съд</instance>
         <wf lemma="за" pos="X">за</wf>
         <wf lemma="." pos="X">.</wf>
      </sentence>
      <sentence id="d000.s4443" source="wordnet-bulgarian">
         <wf lemma="чакам" pos="X">чакам</wf>
         <wf lemma="на" pos="X">на</wf>
         <instance id="d000.s4443.t000" lemma="опашка" pos="NOUN">опашка</instance>
         <wf lemma="." pos="X">.</wf>
      </sentence>
      <sentence id="d000.s4444" source="wordnet-bulgarian">
         <wf lemma="отровни" pos="X">отровни</wf>
         <instance id="d000.s4444.t000" lemma="гъба" pos="NOUN">гъби</instance>
         <wf lemma="." pos="X">.</wf>
      </sentence>
      <sentence id="d000.s4445" source="wordnet-bulgarian">
         <wf lemma="привличам" pos="X">привличам</wf>
         <instance id="d000.s4445.t000" lemma="внимание" pos="NOUN">вниманието</instance>
         <wf lemma="." pos="X">.</wf>
      </sentence>
      <sentence id="d000.s4446" source="wordnet-bulgarian">
         <wf lemma="Шефът" pos="X">Шефът</wf>
         <wf lemma="обмисля" pos="X">обмисля</wf>
         <wf lemma="нова" pos="X">нова</wf>
         <instance id="d000.s4446.t000" lemma="посока" pos="NOUN">посока</instance>
         <wf lemma="за" pos="X">за</wf>
         <wf lemma="фирмата" pos="X">фирмата</wf>
         <wf lemma="." pos="X">.</wf>
      </sentence>
      <sentence id="d000.s4447" source="wordnet-bulgarian">
         <wf lemma="Аз" pos="X">Аз</wf>
         <wf lemma="живея" pos="X">живея</wf>
         <wf lemma="за" pos="X">за</wf>
         <instance id="d000.s4447.t000" lemma="настояще" pos="NOUN">настоящето</instance>
         <wf lemma="," pos="X">,</wf>
         <wf lemma="за" pos="X">за</wf>
         <wf lemma="всеки" pos="X">всеки</wf>
         <wf lemma="момент" pos="X">момент</wf>
         <wf lemma="от" pos="X">от</wf>
         <wf lemma="него" pos="X">него</wf>
         <wf lemma="." pos="X">.</wf>
      </sentence>
      <sentence id="d000.s4448" source="wordnet-bulgarian">
         <wf lemma="едната" pos="X">едната</wf>
         <instance id="d000.s4448.t000" lemma="половина" pos="NOUN">половина</instance>
         <wf lemma="." pos="X">.</wf>
      </sentence>
      <sentence id="d000.s4449" source="wordnet-bulgarian">
         <wf lemma="бяла" pos="X">бяла</wf>
         <instance id="d000.s4449.t000" lemma="мишка" pos="NOUN">мишка</instance>
         <wf lemma="." pos="X">.</wf>
      </sentence>
      <sentence id="d000.s4450" source="wordnet-bulgarian">
         <wf lemma="докато" pos="X">докато</wf>
         <wf lemma="има" pos="X">има</wf>
         <instance id="d000.s4450.t000" lemma="възможност" pos="NOUN">възможност</instance>
         <wf lemma="." pos="X">.</wf>
      </sentence>
      <sentence id="d000.s4451" source="wordnet-bulgarian">
         <instance id="d000.s4451.t000" lemma="измервам" pos="VERB">измервам</instance>
         <wf lemma="нещо" pos="X">нещо</wf>
         <wf lemma="с." pos="X">с.</wf>
      </sentence>
      <sentence id="d000.s4452" source="wordnet-bulgarian">
         <wf lemma="Газя" pos="X">Газя</wf>
         <wf lemma="в" pos="X">в</wf>
         <wf lemma="росната" pos="X">росната</wf>
         <instance id="d000.s4452.t000" lemma="трева" pos="NOUN">трева</instance>
         <wf lemma="." pos="X">.</wf>
      </sentence>
      <sentence id="d000.s4453" source="wordnet-bulgarian">
         <wf lemma="по" pos="X">по</wf>
         <instance id="d000.s4453.t000" lemma="изключение" pos="NOUN">изключение</instance>
         <wf lemma="." pos="X">.</wf>
      </sentence>
      <sentence id="d000.s4454" source="wordnet-bulgarian">
         <instance id="d000.s4454.t000" lemma="говорител" pos="NOUN">говорител</instance>
         <wf lemma="на" pos="X">на</wf>
         <wf lemma="правителството" pos="X">правителството</wf>
         <wf lemma="." pos="X">.</wf>
      </sentence>
      <sentence id="d000.s4455" source="wordnet-bulgarian">
         <wf lemma="с" pos="X">с</wf>
         <instance id="d000.s4455.t000" lemma="усмивка" pos="NOUN">усмивка</instance>
         <wf lemma="." pos="X">.</wf>
      </sentence>
      <sentence id="d000.s4456" source="wordnet-bulgarian">
         <wf lemma="с" pos="X">с</wf>
         <wf lemma="високо" pos="X">високо</wf>
         <wf lemma="вдигната" pos="X">вдигната</wf>
         <instance id="d000.s4456.t000" lemma="глава" pos="NOUN">глава</instance>
         <wf lemma="." pos="X">.</wf>
      </sentence>
      <sentence id="d000.s4457" source="wordnet-bulgarian">
         <instance id="d000.s4457.t000" lemma="прилепвам" pos="VERB">прилепвам</instance>
         <wf lemma="до." pos="X">до.</wf>
      </sentence>
      <sentence id="d000.s4458" source="wordnet-bulgarian">
         <wf lemma="шоколадов" pos="X">шоколадов</wf>
         <instance id="d000.s4458.t000" lemma="сладкиш" pos="NOUN">сладкиш</instance>
         <wf lemma="." pos="X">.</wf>
      </sentence>
      <sentence id="d000.s4459" source="wordnet-bulgarian">
         <wf lemma="дълъг" pos="X">дълъг</wf>
         <wf lemma="списък" pos="X">списък</wf>
         <wf lemma="от" pos="X">от</wf>
         <instance id="d000.s4459.t000" lemma="престъпление" pos="NOUN">престъпления</instance>
         <wf lemma="." pos="X">.</wf>
      </sentence>
      <sentence id="d000.s4460" source="wordnet-bulgarian">
         <wf lemma="връщам" pos="X">връщам</wf>
         <wf lemma="пари" pos="X">пари</wf>
         <wf lemma="на" pos="X">на</wf>
         <instance id="d000.s4460.t000" lemma="вноска" pos="NOUN">вноски</instance>
         <wf lemma="." pos="X">.</wf>
      </sentence>
      <sentence id="d000.s4461" source="wordnet-bulgarian">
         <wf lemma="здрав" pos="X">здрав</wf>
         <instance id="d000.s4461.t000" lemma="орган" pos="NOUN">орган</instance>
         <wf lemma="." pos="X">.</wf>
      </sentence>
      <sentence id="d000.s4462" source="wordnet-bulgarian">
         <wf lemma="квася" pos="X">квася</wf>
         <instance id="d000.s4462.t000" lemma="мляко" pos="NOUN">мляко</instance>
         <wf lemma="." pos="X">.</wf>
      </sentence>
      <sentence id="d000.s4463" source="wordnet-bulgarian">
         <instance id="d000.s4463.t000" lemma="спалня" pos="NOUN">Спалнята</instance>
         <wf lemma="им" pos="X">им</wf>
         <wf lemma="беше" pos="X">беше</wf>
         <wf lemma="малка" pos="X">малка</wf>
         <wf lemma="," pos="X">,</wf>
         <wf lemma="но" pos="X">но</wf>
         <wf lemma="много" pos="X">много</wf>
         <wf lemma="уютна" pos="X">уютна</wf>
         <wf lemma="." pos="X">.</wf>
      </sentence>
      <sentence id="d000.s4464" source="wordnet-bulgarian">
         <wf lemma="правя" pos="X">правя</wf>
         <instance id="d000.s4464.t000" lemma="грешка" pos="NOUN">грешка</instance>
         <wf lemma="." pos="X">.</wf>
      </sentence>
      <sentence id="d000.s4465" source="wordnet-bulgarian">
         <instance id="d000.s4465.t000" lemma="среда" pos="NOUN">среда</instance>
         <wf lemma="на" pos="X">на</wf>
         <wf lemma="град" pos="X">град</wf>
         <wf lemma="." pos="X">.</wf>
      </sentence>
      <sentence id="d000.s4466" source="wordnet-bulgarian">
         <wf lemma="морско" pos="X">морско</wf>
         <instance id="d000.s4466.t000" lemma="пристанище" pos="NOUN">пристанище</instance>
         <wf lemma="." pos="X">.</wf>
      </sentence>
      <sentence id="d000.s4467" source="wordnet-bulgarian">
         <wf lemma="от" pos="X">от</wf>
         <instance id="d000.s4467.t000" lemma="стъкло" pos="NOUN">стъкло</instance>
         <wf lemma="." pos="X">.</wf>
      </sentence>
      <sentence id="d000.s4468" source="wordnet-bulgarian">
         <wf lemma="записвам" pos="X">записвам</wf>
         <wf lemma="в" pos="X">в</wf>
         <instance id="d000.s4468.t000" lemma="бележник" pos="NOUN">бележника</instance>
         <wf lemma="." pos="X">.</wf>
      </sentence>
      <sentence id="d000.s4469" source="wordnet-bulgarian">
         <wf lemma="дървено" pos="X">дървено</wf>
         <instance id="d000.s4469.t000" lemma="бунгало" pos="NOUN">бунгало</instance>
         <wf lemma="." pos="X">.</wf>
      </sentence>
      <sentence id="d000.s4470" source="wordnet-bulgarian">
         <wf lemma="полови" pos="X">полови</wf>
         <instance id="d000.s4470.t000" lemma="орган" pos="NOUN">органи</instance>
         <wf lemma="." pos="X">.</wf>
      </sentence>
      <sentence id="d000.s4471" source="wordnet-bulgarian">
         <instance id="d000.s4471.t000" lemma="кола" pos="NOUN">кола</instance>
         <wf lemma="с" pos="X">с</wf>
         <wf lemma="десен" pos="X">десен</wf>
         <wf lemma="волан" pos="X">волан</wf>
         <wf lemma="." pos="X">.</wf>
      </sentence>
      <sentence id="d000.s4472" source="wordnet-bulgarian">
         <wf lemma="активен" pos="X">активен</wf>
         <instance id="d000.s4472.t000" lemma="баланс" pos="NOUN">баланс</instance>
         <wf lemma="." pos="X">.</wf>
      </sentence>
      <sentence id="d000.s4473" source="wordnet-bulgarian">
         <wf lemma="ударих" pos="X">ударих</wf>
         <wf lemma="си" pos="X">си</wf>
         <instance id="d000.s4473.t000" lemma="пръст" pos="NOUN">пръста</instance>
         <wf lemma="." pos="X">.</wf>
      </sentence>
      <sentence id="d000.s4474" source="wordnet-bulgarian">
         <wf lemma="спирам" pos="X">спирам</wf>
         <instance id="d000.s4474.t000" lemma="нападение" pos="NOUN">нападение</instance>
         <wf lemma="." pos="X">.</wf>
      </sentence>
      <sentence id="d000.s4475" source="wordnet-bulgarian">
         <wf lemma="бърша" pos="X">бърша</wf>
         <wf lemma="с" pos="X">с</wf>
         <instance id="d000.s4475.t000" lemma="кърпа" pos="NOUN">кърпа</instance>
         <wf lemma="лицето" pos="X">лицето</wf>
         <wf lemma="си" pos="X">си</wf>
         <wf lemma="." pos="X">.</wf>
      </sentence>
      <sentence id="d000.s4476" source="wordnet-bulgarian">
         <instance id="d000.s4476.t000" lemma="регистрация" pos="NOUN">регистрация</instance>
         <wf lemma="в." pos="X">в.</wf>
      </sentence>
      <sentence id="d000.s4477" source="wordnet-bulgarian">
         <wf lemma="царска" pos="X">царска</wf>
         <instance id="d000.s4477.t000" lemma="корона" pos="NOUN">корона</instance>
         <wf lemma="." pos="X">.</wf>
      </sentence>
      <sentence id="d000.s4478" source="wordnet-bulgarian">
         <instance id="d000.s4478.t000" lemma="несполука" pos="NOUN">Несполуките</instance>
         <wf lemma="често" pos="X">често</wf>
         <wf lemma="го" pos="X">го</wf>
         <wf lemma="преследват" pos="X">преследват</wf>
         <wf lemma="." pos="X">.</wf>
      </sentence>
      <sentence id="d000.s4479" source="wordnet-bulgarian">
         <wf lemma="От" pos="X">От</wf>
         <wf lemma="него" pos="X">него</wf>
         <wf lemma="лъхаше" pos="X">лъхаше</wf>
         <instance id="d000.s4479.t000" lemma="волност" pos="NOUN">волност</instance>
         <wf lemma="и" pos="X">и</wf>
         <wf lemma="сила" pos="X">сила</wf>
         <wf lemma="." pos="X">.</wf>
      </sentence>
      <sentence id="d000.s4480" source="wordnet-bulgarian">
         <wf lemma="получавам" pos="X">получавам</wf>
         <instance id="d000.s4480.t000" lemma="писмо" pos="NOUN">писмо</instance>
         <wf lemma="." pos="X">.</wf>
      </sentence>
      <sentence id="d000.s4481" source="wordnet-bulgarian">
         <wf lemma="семейна" pos="X">семейна</wf>
         <instance id="d000.s4481.t000" lemma="драма" pos="NOUN">драма</instance>
         <wf lemma="." pos="X">.</wf>
      </sentence>
      <sentence id="d000.s4482" source="wordnet-bulgarian">
         <wf lemma="откриване" pos="X">откриване</wf>
         <wf lemma="на" pos="X">на</wf>
         <instance id="d000.s4482.t000" lemma="заседание" pos="NOUN">заседанието</instance>
         <wf lemma="." pos="X">.</wf>
      </sentence>
      <sentence id="d000.s4483" source="wordnet-bulgarian">
         <wf lemma="повтарям" pos="X">повтарям</wf>
         <wf lemma="като" pos="X">като</wf>
         <instance id="d000.s4483.t000" lemma="ехо" pos="NOUN">ехо</instance>
         <wf lemma="." pos="X">.</wf>
      </sentence>
      <sentence id="d000.s4484" source="wordnet-bulgarian">
         <wf lemma="вземам" pos="X">вземам</wf>
         <wf lemma="книги" pos="X">книги</wf>
         <wf lemma="от" pos="X">от</wf>
         <instance id="d000.s4484.t000" lemma="библиотека" pos="NOUN">библиотеката</instance>
         <wf lemma="." pos="X">.</wf>
      </sentence>
      <sentence id="d000.s4485" source="wordnet-bulgarian">
         <wf lemma="затворена" pos="X">затворена</wf>
         <instance id="d000.s4485.t000" lemma="сричка" pos="NOUN">сричка</instance>
         <wf lemma="." pos="X">.</wf>
      </sentence>
      <sentence id="d000.s4486" source="wordnet-bulgarian">
         <wf lemma="жълто" pos="X">жълто</wf>
         <instance id="d000.s4486.t000" lemma="такса" pos="NOUN">такси</instance>
         <wf lemma="." pos="X">.</wf>
      </sentence>
      <sentence id="d000.s4487" source="wordnet-bulgarian">
         <instance id="d000.s4487.t000" lemma="майтап" pos="NOUN">Майтапът</instance>
         <wf lemma="настрана" pos="X">настрана</wf>
         <wf lemma="!" pos="X">!</wf>
      </sentence>
      <sentence id="d000.s4488" source="wordnet-bulgarian">
         <wf lemma="Той" pos="X">Той</wf>
         <wf lemma="не" pos="X">не</wf>
         <wf lemma="обича" pos="X">обича</wf>
         <wf lemma="да" pos="X">да</wf>
         <wf lemma="пие" pos="X">пие</wf>
         <instance id="d000.s4488.t000" lemma="лекарство" pos="NOUN">лекарства</instance>
         <wf lemma="." pos="X">.</wf>
      </sentence>
      <sentence id="d000.s4489" source="wordnet-bulgarian">
         <wf lemma="Той" pos="X">Той</wf>
         <wf lemma="удари" pos="X">удари</wf>
         <wf lemma="с" pos="X">с</wf>
         <wf lemma="цялата" pos="X">цялата</wf>
         <wf lemma="си" pos="X">си</wf>
         <instance id="d000.s4489.t000" lemma="сила" pos="NOUN">сила</instance>
         <wf lemma="по" pos="X">по</wf>
         <wf lemma="масата" pos="X">масата</wf>
         <wf lemma="." pos="X">.</wf>
      </sentence>
      <sentence id="d000.s4490" source="wordnet-bulgarian">
         <wf lemma="квадратен" pos="X">квадратен</wf>
         <instance id="d000.s4490.t000" lemma="печат" pos="NOUN">печат</instance>
         <wf lemma="." pos="X">.</wf>
      </sentence>
      <sentence id="d000.s4491" source="wordnet-bulgarian">
         <wf lemma="правдоподобна" pos="X">правдоподобна</wf>
         <instance id="d000.s4491.t000" lemma="версия" pos="NOUN">версия</instance>
         <wf lemma="." pos="X">.</wf>
      </sentence>
      <sentence id="d000.s4492" source="wordnet-bulgarian">
         <wf lemma="културен" pos="X">културен</wf>
         <instance id="d000.s4492.t000" lemma="дом" pos="NOUN">дом</instance>
         <wf lemma="." pos="X">.</wf>
      </sentence>
      <sentence id="d000.s4493" source="wordnet-bulgarian">
         <wf lemma="постъпвам" pos="X">постъпвам</wf>
         <wf lemma="на" pos="X">на</wf>
         <instance id="d000.s4493.t000" lemma="работа" pos="NOUN">работа</instance>
         <wf lemma="." pos="X">.</wf>
      </sentence>
      <sentence id="d000.s4494" source="wordnet-bulgarian">
         <wf lemma="нямам" pos="X">нямам</wf>
         <instance id="d000.s4494.t000" lemma="връзка" pos="NOUN">връзка</instance>
         <wf lemma="с." pos="X">с.</wf>
      </sentence>
      <sentence id="d000.s4495" source="wordnet-bulgarian">
         <wf lemma="буржоазна" pos="X">буржоазна</wf>
         <instance id="d000.s4495.t000" lemma="клас" pos="NOUN">класа</instance>
         <wf lemma="." pos="X">.</wf>
      </sentence>
      <sentence id="d000.s4496" source="wordnet-bulgarian">
         <wf lemma="Не" pos="X">Не</wf>
         <instance id="d000.s4496.t000" lemma="поглеждам" pos="VERB">поглеждай</instance>
         <wf lemma="така" pos="X">така</wf>
         <wf lemma="строго" pos="X">строго</wf>
         <wf lemma="." pos="X">.</wf>
      </sentence>
      <sentence id="d000.s4497" source="wordnet-bulgarian">
         <wf lemma="голяма" pos="X">голяма</wf>
         <instance id="d000.s4497.t000" lemma="дупка" pos="NOUN">дупка</instance>
         <wf lemma="." pos="X">.</wf>
      </sentence>
      <sentence id="d000.s4498" source="wordnet-bulgarian">
         <wf lemma="Това" pos="X">Това</wf>
         <wf lemma="ми" pos="X">ми</wf>
         <wf lemma="е" pos="X">е</wf>
         <wf lemma="станало" pos="X">станало</wf>
         <instance id="d000.s4498.t000" lemma="навик" pos="NOUN">навик</instance>
         <wf lemma="." pos="X">.</wf>
      </sentence>
      <sentence id="d000.s4499" source="wordnet-bulgarian">
         <wf lemma="двуетажен" pos="X">двуетажен</wf>
         <instance id="d000.s4499.t000" lemma="автобус" pos="NOUN">автобус</instance>
         <wf lemma="." pos="X">.</wf>
      </sentence>
      <sentence id="d000.s4500" source="wordnet-bulgarian">
         <wf lemma="причинна" pos="X">причинна</wf>
         <instance id="d000.s4500.t000" lemma="връзка" pos="NOUN">връзка</instance>
         <wf lemma="." pos="X">.</wf>
      </sentence>
      <sentence id="d000.s4501" source="wordnet-bulgarian">
         <wf lemma="естраден" pos="X">естраден</wf>
         <instance id="d000.s4501.t000" lemma="изпълнител" pos="NOUN">изпълнител</instance>
         <wf lemma="." pos="X">.</wf>
      </sentence>
      <sentence id="d000.s4502" source="wordnet-bulgarian">
         <wf lemma="Хвърлиха" pos="X">Хвърлиха</wf>
         <wf lemma="арестанта" pos="X">арестанта</wf>
         <wf lemma="в" pos="X">в</wf>
         <wf lemma="една" pos="X">една</wf>
         <wf lemma="мрачна" pos="X">мрачна</wf>
         <instance id="d000.s4502.t000" lemma="килия" pos="NOUN">килия</instance>
         <wf lemma="." pos="X">.</wf>
      </sentence>
      <sentence id="d000.s4503" source="wordnet-bulgarian">
         <wf lemma="от" pos="X">от</wf>
         <instance id="d000.s4503.t000" lemma="изявление" pos="NOUN">изявлението</instance>
         <wf lemma="на" pos="X">на</wf>
         <wf lemma="." pos="X">.</wf>
      </sentence>
      <sentence id="d000.s4504" source="wordnet-bulgarian">
         <instance id="d000.s4504.t000" lemma="сервирам" pos="VERB">сервирам</instance>
         <wf lemma="вечеря" pos="X">вечеря</wf>
         <wf lemma="." pos="X">.</wf>
      </sentence>
      <sentence id="d000.s4505" source="wordnet-bulgarian">
         <wf lemma="инвестирам" pos="X">инвестирам</wf>
         <instance id="d000.s4505.t000" lemma="капитал" pos="NOUN">капитала</instance>
         <wf lemma="си" pos="X">си</wf>
         <wf lemma="в." pos="X">в.</wf>
      </sentence>
      <sentence id="d000.s4506" source="wordnet-bulgarian">
         <wf lemma="воден" pos="X">воден</wf>
         <instance id="d000.s4506.t000" lemma="баланс" pos="NOUN">баланс</instance>
         <wf lemma="." pos="X">.</wf>
      </sentence>
      <sentence id="d000.s4507" source="wordnet-bulgarian">
         <instance id="d000.s4507.t000" lemma="борд" pos="NOUN">Бордът</instance>
         <wf lemma="се" pos="X">се</wf>
         <wf lemma="състои" pos="X">състои</wf>
         <wf lemma="от" pos="X">от</wf>
         <wf lemma="седем" pos="X">седем</wf>
         <wf lemma="членове" pos="X">членове</wf>
         <wf lemma="." pos="X">.</wf>
      </sentence>
      <sentence id="d000.s4508" source="wordnet-bulgarian">
         <wf lemma="Футболът" pos="X">Футболът</wf>
         <wf lemma="е" pos="X">е</wf>
         <wf lemma="най-великата" pos="X">най-великата</wf>
         <instance id="d000.s4508.t000" lemma="игра" pos="NOUN">игра</instance>
         <wf lemma="." pos="X">.</wf>
      </sentence>
      <sentence id="d000.s4509" source="wordnet-bulgarian">
         <instance id="d000.s4509.t000" lemma="запад" pos="NOUN">Западът</instance>
         <wf lemma="ни" pos="X">ни</wf>
         <wf lemma="изпреварва" pos="X">изпреварва</wf>
         <wf lemma="в" pos="X">в</wf>
         <wf lemma="икономическото" pos="X">икономическото</wf>
         <wf lemma="си" pos="X">си</wf>
         <wf lemma="развитие" pos="X">развитие</wf>
         <wf lemma="." pos="X">.</wf>
      </sentence>
      <sentence id="d000.s4510" source="wordnet-bulgarian">
         <wf lemma="вземам" pos="X">вземам</wf>
         <wf lemma="за" pos="X">за</wf>
         <instance id="d000.s4510.t000" lemma="жена" pos="NOUN">жена</instance>
         <wf lemma="." pos="X">.</wf>
      </sentence>
      <sentence id="d000.s4511" source="wordnet-bulgarian">
         <wf lemma="Корабът" pos="X">Корабът</wf>
         <wf lemma="с" pos="X">с</wf>
         <wf lemma="алените" pos="X">алените</wf>
         <instance id="d000.s4511.t000" lemma="платно" pos="NOUN">платна</instance>
         <wf lemma="." pos="X">.</wf>
      </sentence>
      <sentence id="d000.s4512" source="wordnet-bulgarian">
         <wf lemma="научна" pos="X">научна</wf>
         <instance id="d000.s4512.t000" lemma="общественост" pos="NOUN">общественост</instance>
         <wf lemma="." pos="X">.</wf>
      </sentence>
      <sentence id="d000.s4513" source="wordnet-bulgarian">
         <wf lemma="военен" pos="X">военен</wf>
         <instance id="d000.s4513.t000" lemma="марш" pos="NOUN">марш</instance>
         <wf lemma="." pos="X">.</wf>
      </sentence>
      <sentence id="d000.s4514" source="wordnet-bulgarian">
         <wf lemma="благотворителен" pos="X">благотворителен</wf>
         <instance id="d000.s4514.t000" lemma="концерт" pos="NOUN">концерт</instance>
         <wf lemma="." pos="X">.</wf>
      </sentence>
      <sentence id="d000.s4515" source="wordnet-bulgarian">
         <wf lemma="рождена" pos="X">рождена</wf>
         <instance id="d000.s4515.t000" lemma="майка" pos="NOUN">майка</instance>
         <wf lemma="." pos="X">.</wf>
      </sentence>
      <sentence id="d000.s4516" source="wordnet-bulgarian">
         <wf lemma="без" pos="X">без</wf>
         <instance id="d000.s4516.t000" lemma="чорап" pos="NOUN">чорапи</instance>
         <wf lemma="." pos="X">.</wf>
      </sentence>
      <sentence id="d000.s4517" source="wordnet-bulgarian">
         <wf lemma="Новият" pos="X">Новият</wf>
         <wf lemma="мениджър" pos="X">мениджър</wf>
         <instance id="d000.s4517.t000" lemma="създавам" pos="VERB">създава</instance>
         <wf lemma="много" pos="X">много</wf>
         <wf lemma="проблеми" pos="X">проблеми</wf>
         <wf lemma="." pos="X">.</wf>
      </sentence>
      <sentence id="d000.s4518" source="wordnet-bulgarian">
         <wf lemma="средно" pos="X">средно</wf>
         <instance id="d000.s4518.t000" lemma="образование" pos="NOUN">образование</instance>
         <wf lemma="." pos="X">.</wf>
      </sentence>
      <sentence id="d000.s4519" source="wordnet-bulgarian">
         <wf lemma="милата" pos="X">милата</wf>
         <wf lemma="ми" pos="X">ми</wf>
         <instance id="d000.s4519.t000" lemma="рожба" pos="NOUN">рожба</instance>
         <wf lemma="." pos="X">.</wf>
      </sentence>
      <sentence id="d000.s4520" source="wordnet-bulgarian">
         <wf lemma="редовна" pos="X">редовна</wf>
         <instance id="d000.s4520.t000" lemma="войска" pos="NOUN">войска</instance>
         <wf lemma="." pos="X">.</wf>
      </sentence>
      <sentence id="d000.s4521" source="wordnet-bulgarian">
         <wf lemma="докато" pos="X">докато</wf>
         <instance id="d000.s4521.t000" lemma="смърт" pos="NOUN">смъртта</instance>
         <wf lemma="ни" pos="X">ни</wf>
         <wf lemma="раздели" pos="X">раздели</wf>
         <wf lemma="." pos="X">.</wf>
      </sentence>
      <sentence id="d000.s4522" source="wordnet-bulgarian">
         <wf lemma="лъскава" pos="X">лъскава</wf>
         <wf lemma="черна" pos="X">черна</wf>
         <instance id="d000.s4522.t000" lemma="кола" pos="NOUN">кола</instance>
         <wf lemma="." pos="X">.</wf>
      </sentence>
      <sentence id="d000.s4523" source="wordnet-bulgarian">
         <wf lemma="живо" pos="X">живо</wf>
         <instance id="d000.s4523.t000" lemma="вдъхновение" pos="NOUN">вдъхновение</instance>
         <wf lemma="." pos="X">.</wf>
      </sentence>
      <sentence id="d000.s4524" source="wordnet-bulgarian">
         <wf lemma="професионална" pos="X">професионална</wf>
         <instance id="d000.s4524.t000" lemma="войска" pos="NOUN">войска</instance>
         <wf lemma="." pos="X">.</wf>
      </sentence>
      <sentence id="d000.s4525" source="wordnet-bulgarian">
         <wf lemma="Морският" pos="X">Морският</wf>
         <instance id="d000.s4525.t000" lemma="бриз" pos="NOUN">бриз</instance>
         <wf lemma="се" pos="X">се</wf>
         <wf lemma="вплете" pos="X">вплете</wf>
         <wf lemma="в" pos="X">в</wf>
         <wf lemma="топлите" pos="X">топлите</wf>
         <wf lemma="ми" pos="X">ми</wf>
         <wf lemma="коси" pos="X">коси</wf>
         <wf lemma="и" pos="X">и</wf>
         <wf lemma="нежно" pos="X">нежно</wf>
         <wf lemma="погали" pos="X">погали</wf>
         <wf lemma="лицето" pos="X">лицето</wf>
         <wf lemma="ми" pos="X">ми</wf>
         <wf lemma="." pos="X">.</wf>
      </sentence>
      <sentence id="d000.s4526" source="wordnet-bulgarian">
         <wf lemma="безкрайно" pos="X">безкрайно</wf>
         <instance id="d000.s4526.t000" lemma="очакване" pos="NOUN">очакване</instance>
         <wf lemma="." pos="X">.</wf>
      </sentence>
      <sentence id="d000.s4527" source="wordnet-bulgarian">
         <wf lemma="Скараха" pos="X">Скараха</wf>
         <wf lemma="се" pos="X">се</wf>
         <wf lemma="и" pos="X">и</wf>
         <wf lemma="стигнаха" pos="X">стигнаха</wf>
         <wf lemma="до" pos="X">до</wf>
         <instance id="d000.s4527.t000" lemma="бой" pos="NOUN">бой</instance>
         <wf lemma="." pos="X">.</wf>
      </sentence>
      <sentence id="d000.s4528" source="wordnet-bulgarian">
         <instance id="d000.s4528.t000" lemma="застраховка" pos="NOUN">застраховка</instance>
         <wf lemma="за" pos="X">за</wf>
         <wf lemma="живот" pos="X">живот</wf>
         <wf lemma="." pos="X">.</wf>
      </sentence>
      <sentence id="d000.s4529" source="wordnet-bulgarian">
         <wf lemma="горен" pos="X">горен</wf>
         <instance id="d000.s4529.t000" lemma="крайник" pos="NOUN">крайник</instance>
         <wf lemma="." pos="X">.</wf>
      </sentence>
      <sentence id="d000.s4530" source="wordnet-bulgarian">
         <wf lemma="средновековна" pos="X">средновековна</wf>
         <instance id="d000.s4530.t000" lemma="история" pos="NOUN">история</instance>
         <wf lemma="." pos="X">.</wf>
      </sentence>
      <sentence id="d000.s4531" source="wordnet-bulgarian">
         <wf lemma="лесна" pos="X">лесна</wf>
         <instance id="d000.s4531.t000" lemma="формула" pos="NOUN">формула</instance>
         <wf lemma="." pos="X">.</wf>
      </sentence>
      <sentence id="d000.s4532" source="wordnet-bulgarian">
         <instance id="d000.s4532.t000" lemma="преминавам" pos="VERB">преминавам</instance>
         <wf lemma="по" pos="X">по</wf>
         <wf lemma="мост" pos="X">мост</wf>
         <wf lemma="." pos="X">.</wf>
      </sentence>
      <sentence id="d000.s4533" source="wordnet-bulgarian">
         <wf lemma="играя" pos="X">играя</wf>
         <wf lemma="с" pos="X">с</wf>
         <instance id="d000.s4533.t000" lemma="топка" pos="NOUN">топка</instance>
         <wf lemma="." pos="X">.</wf>
      </sentence>
      <sentence id="d000.s4534" source="wordnet-bulgarian">
         <wf lemma="правя" pos="X">правя</wf>
         <instance id="d000.s4534.t000" lemma="възхвала" pos="NOUN">възхвала</instance>
         <wf lemma="." pos="X">.</wf>
      </sentence>
      <sentence id="d000.s4535" source="wordnet-bulgarian">
         <wf lemma="коалиционен" pos="X">коалиционен</wf>
         <instance id="d000.s4535.t000" lemma="кабинет" pos="NOUN">кабинет</instance>
         <wf lemma="." pos="X">.</wf>
      </sentence>
      <sentence id="d000.s4536" source="wordnet-bulgarian">
         <wf lemma="наказтелна" pos="X">наказтелна</wf>
         <instance id="d000.s4536.t000" lemma="заповед" pos="NOUN">заповед</instance>
         <wf lemma="." pos="X">.</wf>
      </sentence>
      <sentence id="d000.s4537" source="wordnet-bulgarian">
         <instance id="d000.s4537.t000" lemma="силен" pos="ADJ">силна</instance>
         <wf lemma="емоция" pos="X">емоция</wf>
         <wf lemma="." pos="X">.</wf>
      </sentence>
      <sentence id="d000.s4538" source="wordnet-bulgarian">
         <wf lemma="Вадят" pos="X">Вадят</wf>
         <wf lemma="ми" pos="X">ми</wf>
         <instance id="d000.s4538.t000" lemma="зъб" pos="NOUN">зъб</instance>
         <wf lemma="." pos="X">.</wf>
      </sentence>
      <sentence id="d000.s4539" source="wordnet-bulgarian">
         <wf lemma="Когато" pos="X">Когато</wf>
         <wf lemma="бях" pos="X">бях</wf>
         <wf lemma="малка" pos="X">малка</wf>
         <wf lemma="," pos="X">,</wf>
         <wf lemma="баща" pos="X">баща</wf>
         <wf lemma="ми" pos="X">ми</wf>
         <wf lemma="ме" pos="X">ме</wf>
         <wf lemma="научи" pos="X">научи</wf>
         <wf lemma="да" pos="X">да</wf>
         <instance id="d000.s4539.t000" lemma="плувам" pos="VERB">плувам</instance>
         <wf lemma="." pos="X">.</wf>
      </sentence>
      <sentence id="d000.s4540" source="wordnet-bulgarian">
         <wf lemma="изворна" pos="X">изворна</wf>
         <instance id="d000.s4540.t000" lemma="вода" pos="NOUN">вода</instance>
         <wf lemma="." pos="X">.</wf>
      </sentence>
      <sentence id="d000.s4541" source="wordnet-bulgarian">
         <wf lemma="Роди" pos="X">Роди</wf>
         <wf lemma="му" pos="X">му</wf>
         <wf lemma="се" pos="X">се</wf>
         <instance id="d000.s4541.t000" lemma="дъщеря" pos="NOUN">дъщеря</instance>
         <wf lemma="." pos="X">.</wf>
      </sentence>
      <sentence id="d000.s4542" source="wordnet-bulgarian">
         <instance id="d000.s4542.t000" lemma="тичам" pos="VERB">тичам</instance>
         <wf lemma="по." pos="X">по.</wf>
      </sentence>
      <sentence id="d000.s4543" source="wordnet-bulgarian">
         <wf lemma="Моят" pos="X">Моят</wf>
         <wf lemma="личен" pos="X">личен</wf>
         <wf lemma="лекар" pos="X">лекар</wf>
         <wf lemma="има" pos="X">има</wf>
         <wf lemma="много" pos="X">много</wf>
         <instance id="d000.s4543.t000" lemma="пациент" pos="NOUN">пациенти</instance>
         <wf lemma="." pos="X">.</wf>
      </sentence>
      <sentence id="d000.s4544" source="wordnet-bulgarian">
         <wf lemma="богати" pos="X">богати</wf>
         <instance id="d000.s4544.t000" lemma="дар" pos="NOUN">дарове</instance>
         <wf lemma="." pos="X">.</wf>
      </sentence>
      <sentence id="d000.s4545" source="wordnet-bulgarian">
         <wf lemma="на" pos="X">на</wf>
         <wf lemma="долния" pos="X">долния</wf>
         <instance id="d000.s4545.t000" lemma="етаж" pos="NOUN">етаж</instance>
         <wf lemma="." pos="X">.</wf>
      </sentence>
      <sentence id="d000.s4546" source="wordnet-bulgarian">
         <wf lemma="най-силното" pos="X">най-силното</wf>
         <instance id="d000.s4546.t000" lemma="насекомо" pos="NOUN">насекомо</instance>
         <wf lemma="е" pos="X">е</wf>
         <wf lemma="бръмбар" pos="X">бръмбар</wf>
         <wf lemma="." pos="X">.</wf>
      </sentence>
      <sentence id="d000.s4547" source="wordnet-bulgarian">
         <wf lemma="джобно" pos="X">джобно</wf>
         <instance id="d000.s4547.t000" lemma="огледало" pos="NOUN">огледало</instance>
         <wf lemma="." pos="X">.</wf>
      </sentence>
      <sentence id="d000.s4548" source="wordnet-bulgarian">
         <wf lemma="причинно-следствена" pos="X">причинно-следствена</wf>
         <instance id="d000.s4548.t000" lemma="асоциация" pos="NOUN">асоциация</instance>
         <wf lemma="." pos="X">.</wf>
      </sentence>
      <sentence id="d000.s4549" source="wordnet-bulgarian">
         <instance id="d000.s4549.t000" lemma="капка" pos="NOUN">Капки</instance>
         <wf lemma="пот" pos="X">пот</wf>
         <wf lemma="се" pos="X">се</wf>
         <wf lemma="стичат" pos="X">стичат</wf>
         <wf lemma="по" pos="X">по</wf>
         <wf lemma="лицето" pos="X">лицето</wf>
         <wf lemma="му" pos="X">му</wf>
         <wf lemma="." pos="X">.</wf>
      </sentence>
      <sentence id="d000.s4550" source="wordnet-bulgarian">
         <wf lemma="масово" pos="X">масово</wf>
         <instance id="d000.s4550.t000" lemma="изселване" pos="NOUN">изселване</instance>
         <wf lemma="." pos="X">.</wf>
      </sentence>
      <sentence id="d000.s4551" source="wordnet-bulgarian">
         <instance id="d000.s4551.t000" lemma="връзка" pos="NOUN">връзка</instance>
         <wf lemma="писма" pos="X">писма</wf>
         <wf lemma="." pos="X">.</wf>
      </sentence>
      <sentence id="d000.s4552" source="wordnet-bulgarian">
         <wf lemma="чисто" pos="X">чисто</wf>
         <instance id="d000.s4552.t000" lemma="кафе" pos="NOUN">кафе</instance>
         <wf lemma="." pos="X">.</wf>
      </sentence>
      <sentence id="d000.s4553" source="wordnet-bulgarian">
         <wf lemma="влизам" pos="X">влизам</wf>
         <wf lemma="през" pos="X">през</wf>
         <instance id="d000.s4553.t000" lemma="вход" pos="NOUN">входа</instance>
         <wf lemma="." pos="X">.</wf>
      </sentence>
      <sentence id="d000.s4554" source="wordnet-bulgarian">
         <wf lemma="пиша" pos="X">пиша</wf>
         <wf lemma="с" pos="X">с</wf>
         <instance id="d000.s4554.t000" lemma="вдъхновение" pos="NOUN">вдъхновение</instance>
         <wf lemma="." pos="X">.</wf>
      </sentence>
      <sentence id="d000.s4555" source="wordnet-bulgarian">
         <wf lemma="жесток" pos="X">жесток</wf>
         <instance id="d000.s4555.t000" lemma="монарх" pos="NOUN">монарх</instance>
         <wf lemma="." pos="X">.</wf>
      </sentence>
      <sentence id="d000.s4556" source="wordnet-bulgarian">
         <wf lemma="историческа" pos="X">историческа</wf>
         <instance id="d000.s4556.t000" lemma="победа" pos="NOUN">победа</instance>
         <wf lemma="." pos="X">.</wf>
      </sentence>
      <sentence id="d000.s4557" source="wordnet-bulgarian">
         <instance id="d000.s4557.t000" lemma="модел" pos="NOUN">модел</instance>
         <wf lemma="на" pos="X">на</wf>
         <wf lemma="сграда" pos="X">сграда</wf>
         <wf lemma="." pos="X">.</wf>
      </sentence>
      <sentence id="d000.s4558" source="wordnet-bulgarian">
         <wf lemma="хлабава" pos="X">хлабава</wf>
         <instance id="d000.s4558.t000" lemma="превръзка" pos="NOUN">превръзка</instance>
         <wf lemma="." pos="X">.</wf>
      </sentence>
      <sentence id="d000.s4559" source="wordnet-bulgarian">
         <wf lemma="сребърен" pos="X">сребърен</wf>
         <instance id="d000.s4559.t000" lemma="пръстен" pos="NOUN">пръстен</instance>
         <wf lemma="." pos="X">.</wf>
      </sentence>
      <sentence id="d000.s4560" source="wordnet-bulgarian">
         <wf lemma="пиша" pos="X">пиша</wf>
         <instance id="d000.s4560.t000" lemma="книга" pos="NOUN">книга</instance>
         <wf lemma="." pos="X">.</wf>
      </sentence>
      <sentence id="d000.s4561" source="wordnet-bulgarian">
         <wf lemma="тържествен" pos="X">тържествен</wf>
         <instance id="d000.s4561.t000" lemma="марш" pos="NOUN">марш</instance>
         <wf lemma="." pos="X">.</wf>
      </sentence>
      <sentence id="d000.s4562" source="wordnet-bulgarian">
         <wf lemma="Тази" pos="X">Тази</wf>
         <wf lemma="вечер" pos="X">вечер</wf>
         <instance id="d000.s4562.t000" lemma="играя" pos="VERB">играят</instance>
         <wf lemma="&quot;" pos="X">&quot;</wf>
         <wf lemma="Ревизор" pos="X">Ревизор</wf>
         <wf lemma="&quot;" pos="X">&quot;</wf>
         <wf lemma="." pos="X">.</wf>
      </sentence>
      <sentence id="d000.s4563" source="wordnet-bulgarian">
         <wf lemma="крачна" pos="X">крачна</wf>
         <instance id="d000.s4563.t000" lemma="помпа" pos="NOUN">помпа</instance>
         <wf lemma="." pos="X">.</wf>
      </sentence>
      <sentence id="d000.s4564" source="wordnet-bulgarian">
         <wf lemma="Какъв" pos="X">Какъв</wf>
         <wf lemma="е" pos="X">е</wf>
         <instance id="d000.s4564.t000" lemma="размер" pos="NOUN">размерът</instance>
         <wf lemma="на" pos="X">на</wf>
         <wf lemma="лихвата" pos="X">лихвата</wf>
         <wf lemma="в" pos="X">в</wf>
         <wf lemma="проценти" pos="X">проценти</wf>
         <wf lemma="?" pos="X">?</wf>
      </sentence>
      <sentence id="d000.s4565" source="wordnet-bulgarian">
         <instance id="d000.s4565.t000" lemma="публика" pos="NOUN">Публиката</instance>
         <wf lemma="аплодира" pos="X">аплодира</wf>
         <wf lemma="изпълнението" pos="X">изпълнението</wf>
         <wf lemma="." pos="X">.</wf>
      </sentence>
      <sentence id="d000.s4566" source="wordnet-bulgarian">
         <instance id="d000.s4566.t000" lemma="кост" pos="NOUN">кост</instance>
         <wf lemma="от" pos="X">от</wf>
         <wf lemma="човек" pos="X">човек</wf>
         <wf lemma="." pos="X">.</wf>
      </sentence>
      <sentence id="d000.s4567" source="wordnet-bulgarian">
         <wf lemma="център" pos="X">център</wf>
         <wf lemma="на" pos="X">на</wf>
         <instance id="d000.s4567.t000" lemma="тежест" pos="NOUN">тежестта</instance>
         <wf lemma="." pos="X">.</wf>
      </sentence>
      <sentence id="d000.s4568" source="wordnet-bulgarian">
         <wf lemma="две" pos="X">две</wf>
         <wf lemma="български" pos="X">български</wf>
         <instance id="d000.s4568.t000" lemma="област" pos="NOUN">области</instance>
         <wf lemma="." pos="X">.</wf>
      </sentence>
      <sentence id="d000.s4569" source="wordnet-bulgarian">
         <instance id="d000.s4569.t000" lemma="играя" pos="VERB">играя</instance>
         <wf lemma="ролята" pos="X">ролята</wf>
         <wf lemma="на" pos="X">на</wf>
         <wf lemma="." pos="X">.</wf>
      </sentence>
      <sentence id="d000.s4570" source="wordnet-bulgarian">
         <instance id="d000.s4570.t000" lemma="превеждам" pos="VERB">Превеждам</instance>
         <wf lemma="от" pos="X">от</wf>
         <wf lemma="руски" pos="X">руски</wf>
         <wf lemma="на" pos="X">на</wf>
         <wf lemma="български" pos="X">български</wf>
         <wf lemma="." pos="X">.</wf>
      </sentence>
      <sentence id="d000.s4571" source="wordnet-bulgarian">
         <wf lemma="шахматен" pos="X">шахматен</wf>
         <instance id="d000.s4571.t000" lemma="турнир" pos="NOUN">турнир</instance>
         <wf lemma="." pos="X">.</wf>
      </sentence>
      <sentence id="d000.s4572" source="wordnet-bulgarian">
         <instance id="d000.s4572.t000" lemma="бой" pos="NOUN">боя</instance>
         <wf lemma="за" pos="X">за</wf>
         <wf lemma="обувки" pos="X">обувки</wf>
         <wf lemma="." pos="X">.</wf>
      </sentence>
      <sentence id="d000.s4573" source="wordnet-bulgarian">
         <wf lemma="Получи" pos="X">Получи</wf>
         <wf lemma="се" pos="X">се</wf>
         <wf lemma="обратен" pos="X">обратен</wf>
         <instance id="d000.s4573.t000" lemma="резултат" pos="NOUN">резултат</instance>
         <wf lemma="." pos="X">.</wf>
      </sentence>
      <sentence id="d000.s4574" source="wordnet-bulgarian">
         <wf lemma="силен" pos="X">силен</wf>
         <instance id="d000.s4574.t000" lemma="мъж" pos="NOUN">мъж</instance>
         <wf lemma="." pos="X">.</wf>
      </sentence>
      <sentence id="d000.s4575" source="wordnet-bulgarian">
         <instance id="d000.s4575.t000" lemma="църква" pos="NOUN">Църквата</instance>
         <wf lemma="беше" pos="X">беше</wf>
         <wf lemma="пълна" pos="X">пълна</wf>
         <wf lemma="с" pos="X">с</wf>
         <wf lemma="хора" pos="X">хора</wf>
         <wf lemma="." pos="X">.</wf>
      </sentence>
      <sentence id="d000.s4576" source="wordnet-bulgarian">
         <wf lemma="Обичам" pos="X">Обичам</wf>
         <wf lemma="да" pos="X">да</wf>
         <wf lemma="се" pos="X">се</wf>
         <wf lemma="скитам" pos="X">скитам</wf>
         <wf lemma="по" pos="X">по</wf>
         <instance id="d000.s4576.t000" lemma="хълм" pos="NOUN">хълмовете</instance>
         <wf lemma="." pos="X">.</wf>
      </sentence>
      <sentence id="d000.s4577" source="wordnet-bulgarian">
         <wf lemma="търговско" pos="X">търговско</wf>
         <instance id="d000.s4577.t000" lemma="оборудване" pos="NOUN">оборудване</instance>
         <wf lemma="." pos="X">.</wf>
      </sentence>
      <sentence id="d000.s4578" source="wordnet-bulgarian">
         <wf lemma="военна" pos="X">военна</wf>
         <instance id="d000.s4578.t000" lemma="кампания" pos="NOUN">кампания</instance>
         <wf lemma="." pos="X">.</wf>
      </sentence>
      <sentence id="d000.s4579" source="wordnet-bulgarian">
         <instance id="d000.s4579.t000" lemma="парче" pos="NOUN">парче</instance>
         <wf lemma="от" pos="X">от</wf>
         <wf lemma="торта" pos="X">торта</wf>
         <wf lemma="." pos="X">.</wf>
      </sentence>
      <sentence id="d000.s4580" source="wordnet-bulgarian">
         <wf lemma="студена" pos="X">студена</wf>
         <instance id="d000.s4580.t000" lemma="вода" pos="NOUN">вода</instance>
         <wf lemma="." pos="X">.</wf>
      </sentence>
      <sentence id="d000.s4581" source="wordnet-bulgarian">
         <wf lemma="пазар" pos="X">пазар</wf>
         <wf lemma="на" pos="X">на</wf>
         <instance id="d000.s4581.t000" lemma="земя" pos="NOUN">земята</instance>
         <wf lemma="." pos="X">.</wf>
      </sentence>
      <sentence id="d000.s4582" source="wordnet-bulgarian">
         <wf lemma="Най-после" pos="X">Най-после</wf>
         <instance id="d000.s4582.t000" lemma="изпит" pos="NOUN">изпитът</instance>
         <wf lemma="свърши" pos="X">свърши</wf>
         <wf lemma="." pos="X">.</wf>
      </sentence>
      <sentence id="d000.s4583" source="wordnet-bulgarian">
         <wf lemma="гледам" pos="X">гледам</wf>
         <wf lemma="с" pos="X">с</wf>
         <instance id="d000.s4583.t000" lemma="възхищение" pos="NOUN">възхищение</instance>
         <wf lemma="." pos="X">.</wf>
      </sentence>
      <sentence id="d000.s4584" source="wordnet-bulgarian">
         <wf lemma="голяма" pos="X">голяма</wf>
         <instance id="d000.s4584.t000" lemma="скорост" pos="NOUN">скорост</instance>
         <wf lemma="." pos="X">.</wf>
      </sentence>
      <sentence id="d000.s4585" source="wordnet-bulgarian">
         <wf lemma="наклонен" pos="X">наклонен</wf>
         <instance id="d000.s4585.t000" lemma="цилиндър" pos="NOUN">цилиндър</instance>
         <wf lemma="." pos="X">.</wf>
      </sentence>
      <sentence id="d000.s4586" source="wordnet-bulgarian">
         <wf lemma="в" pos="X">в</wf>
         <wf lemma="пълния" pos="X">пълния</wf>
         <instance id="d000.s4586.t000" lemma="смисъл" pos="NOUN">смисъл</instance>
         <wf lemma="на" pos="X">на</wf>
         <wf lemma="думата" pos="X">думата</wf>
         <wf lemma="." pos="X">.</wf>
      </sentence>
      <sentence id="d000.s4587" source="wordnet-bulgarian">
         <instance id="d000.s4587.t000" lemma="мотив" pos="NOUN">мотиви</instance>
         <wf lemma="от" pos="X">от</wf>
         <wf lemma="растителен" pos="X">растителен</wf>
         <wf lemma="произход" pos="X">произход</wf>
         <wf lemma="." pos="X">.</wf>
      </sentence>
      <sentence id="d000.s4588" source="wordnet-bulgarian">
         <wf lemma="гърбав" pos="X">гърбав</wf>
         <instance id="d000.s4588.t000" lemma="нос" pos="NOUN">нос</instance>
         <wf lemma="." pos="X">.</wf>
      </sentence>
      <sentence id="d000.s4589" source="wordnet-bulgarian">
         <instance id="d000.s4589.t000" lemma="членство" pos="NOUN">членство</instance>
         <wf lemma="в" pos="X">в</wf>
         <wf lemma="Шенген" pos="X">Шенген</wf>
         <wf lemma="." pos="X">.</wf>
      </sentence>
      <sentence id="d000.s4590" source="wordnet-bulgarian">
         <wf lemma="плащам" pos="X">плащам</wf>
         <wf lemma="във" pos="X">във</wf>
         <instance id="d000.s4590.t000" lemma="валута" pos="NOUN">валута</instance>
         <wf lemma="." pos="X">.</wf>
      </sentence>
      <sentence id="d000.s4591" source="wordnet-bulgarian">
         <wf lemma="двуцевна" pos="X">двуцевна</wf>
         <instance id="d000.s4591.t000" lemma="пушка" pos="NOUN">пушка</instance>
         <wf lemma="." pos="X">.</wf>
      </sentence>
      <sentence id="d000.s4592" source="wordnet-bulgarian">
         <wf lemma="при" pos="X">при</wf>
         <instance id="d000.s4592.t000" lemma="взаимодействие" pos="NOUN">взаимодействие</instance>
         <wf lemma="." pos="X">.</wf>
      </sentence>
      <sentence id="d000.s4593" source="wordnet-bulgarian">
         <instance id="d000.s4593.t000" lemma="грешка" pos="NOUN">грешка</instance>
         <wf lemma="на" pos="X">на</wf>
         <wf lemma="езика" pos="X">езика</wf>
         <wf lemma="." pos="X">.</wf>
      </sentence>
      <sentence id="d000.s4594" source="wordnet-bulgarian">
         <wf lemma="хлъзгав" pos="X">хлъзгав</wf>
         <instance id="d000.s4594.t000" lemma="участък" pos="NOUN">участък</instance>
         <wf lemma="." pos="X">.</wf>
      </sentence>
      <sentence id="d000.s4595" source="wordnet-bulgarian">
         <wf lemma="с" pos="X">с</wf>
         <instance id="d000.s4595.t000" lemma="лъжица" pos="NOUN">лъжица</instance>
         <wf lemma="." pos="X">.</wf>
      </sentence>
      <sentence id="d000.s4596" source="wordnet-bulgarian">
         <wf lemma="палави" pos="X">палави</wf>
         <instance id="d000.s4596.t000" lemma="игра" pos="NOUN">игри</instance>
         <wf lemma="." pos="X">.</wf>
      </sentence>
      <sentence id="d000.s4597" source="wordnet-bulgarian">
         <wf lemma="компютърна" pos="X">компютърна</wf>
         <instance id="d000.s4597.t000" lemma="програма" pos="NOUN">програма</instance>
         <wf lemma="." pos="X">.</wf>
      </sentence>
      <sentence id="d000.s4598" source="wordnet-bulgarian">
         <wf lemma="вдъхновена" pos="X">вдъхновена</wf>
         <instance id="d000.s4598.t000" lemma="мисъл" pos="NOUN">мисъл</instance>
         <wf lemma="." pos="X">.</wf>
      </sentence>
      <sentence id="d000.s4599" source="wordnet-bulgarian">
         <wf lemma="към" pos="X">към</wf>
         <wf lemma="края" pos="X">края</wf>
         <wf lemma="на" pos="X">на</wf>
         <instance id="d000.s4599.t000" lemma="март" pos="NOUN">март</instance>
         <wf lemma="." pos="X">.</wf>
      </sentence>
      <sentence id="d000.s4600" source="wordnet-bulgarian">
         <wf lemma="по" pos="X">по</wf>
         <instance id="d000.s4600.t000" lemma="жътва" pos="NOUN">жътва</instance>
         <wf lemma="." pos="X">.</wf>
      </sentence>
      <sentence id="d000.s4601" source="wordnet-bulgarian">
         <wf lemma="написвам" pos="X">написвам</wf>
         <instance id="d000.s4601.t000" lemma="завещание" pos="NOUN">завещанието</instance>
         <wf lemma="си" pos="X">си</wf>
         <wf lemma="." pos="X">.</wf>
      </sentence>
      <sentence id="d000.s4602" source="wordnet-bulgarian">
         <wf lemma="Колко" pos="X">Колко</wf>
         <instance id="d000.s4602.t000" lemma="изкарвам" pos="VERB">изкарваш</instance>
         <wf lemma="на" pos="X">на</wf>
         <wf lemma="месец" pos="X">месец</wf>
         <wf lemma="в" pos="X">в</wf>
         <wf lemma="новата" pos="X">новата</wf>
         <wf lemma="си" pos="X">си</wf>
         <wf lemma="работа" pos="X">работа</wf>
         <wf lemma="?" pos="X">?</wf>
      </sentence>
      <sentence id="d000.s4603" source="wordnet-bulgarian">
         <wf lemma="бърча" pos="X">бърча</wf>
         <instance id="d000.s4603.t000" lemma="чело" pos="NOUN">чело</instance>
         <wf lemma="." pos="X">.</wf>
      </sentence>
      <sentence id="d000.s4604" source="wordnet-bulgarian">
         <instance id="d000.s4604.t000" lemma="клетка" pos="NOUN">клетката</instance>
         <wf lemma="е" pos="X">е</wf>
         <wf lemma="основна" pos="X">основна</wf>
         <wf lemma="единица" pos="X">единица</wf>
         <wf lemma="в" pos="X">в</wf>
         <wf lemma="живото" pos="X">живото</wf>
         <wf lemma="тяло" pos="X">тяло</wf>
         <wf lemma="." pos="X">.</wf>
      </sentence>
      <sentence id="d000.s4605" source="wordnet-bulgarian">
         <wf lemma="избухва" pos="X">избухва</wf>
         <instance id="d000.s4605.t000" lemma="взрив" pos="NOUN">взрив</instance>
         <wf lemma="." pos="X">.</wf>
      </sentence>
      <sentence id="d000.s4606" source="wordnet-bulgarian">
         <wf lemma="непростим" pos="X">непростим</wf>
         <instance id="d000.s4606.t000" lemma="грях" pos="NOUN">грях</instance>
         <wf lemma="." pos="X">.</wf>
      </sentence>
      <sentence id="d000.s4607" source="wordnet-bulgarian">
         <wf lemma="Не" pos="X">Не</wf>
         <wf lemma="мога" pos="X">мога</wf>
         <wf lemma="да" pos="X">да</wf>
         <wf lemma="се" pos="X">се</wf>
         <wf lemma="съглася" pos="X">съглася</wf>
         <wf lemma="с" pos="X">с</wf>
         <wf lemma="вашето" pos="X">вашето</wf>
         <instance id="d000.s4607.t000" lemma="твърдение" pos="NOUN">твърдение</instance>
         <wf lemma="," pos="X">,</wf>
         <wf lemma="че" pos="X">че</wf>
         <wf lemma="всички" pos="X">всички</wf>
         <wf lemma="са" pos="X">са</wf>
         <wf lemma="грешни" pos="X">грешни</wf>
         <wf lemma="." pos="X">.</wf>
      </sentence>
      <sentence id="d000.s4608" source="wordnet-bulgarian">
         <instance id="d000.s4608.t000" lemma="звезда" pos="NOUN">звезда</instance>
         <wf lemma="от" pos="X">от</wf>
         <wf lemma="първа" pos="X">първа</wf>
         <wf lemma="величина" pos="X">величина</wf>
         <wf lemma="." pos="X">.</wf>
      </sentence>
      <sentence id="d000.s4609" source="wordnet-bulgarian">
         <wf lemma="Неспокоен" pos="X">Неспокоен</wf>
         <wf lemma="е" pos="X">е</wf>
         <wf lemma="и" pos="X">и</wf>
         <wf lemma="току" pos="X">току</wf>
         <instance id="d000.s4609.t000" lemma="поглеждам" pos="VERB">поглежда</instance>
         <wf lemma="към" pos="X">към</wf>
         <wf lemma="вратата" pos="X">вратата</wf>
         <wf lemma="." pos="X">.</wf>
      </sentence>
      <sentence id="d000.s4610" source="wordnet-bulgarian">
         <instance id="d000.s4610.t000" lemma="травма" pos="NOUN">травма</instance>
         <wf lemma="на" pos="X">на</wf>
         <wf lemma="ръката" pos="X">ръката</wf>
         <wf lemma="." pos="X">.</wf>
      </sentence>
      <sentence id="d000.s4611" source="wordnet-bulgarian">
         <instance id="d000.s4611.t000" lemma="полагам" pos="VERB">Полагам</instance>
         <wf lemma="книгите" pos="X">книгите</wf>
         <wf lemma="на" pos="X">на</wf>
         <wf lemma="масата" pos="X">масата</wf>
         <wf lemma="." pos="X">.</wf>
      </sentence>
      <sentence id="d000.s4612" source="wordnet-bulgarian">
         <wf lemma="добър" pos="X">добър</wf>
         <instance id="d000.s4612.t000" lemma="приятел" pos="NOUN">приятел</instance>
         <wf lemma="." pos="X">.</wf>
      </sentence>
      <sentence id="d000.s4613" source="wordnet-bulgarian">
         <wf lemma="на" pos="X">на</wf>
         <wf lemma="тънки" pos="X">тънки</wf>
         <instance id="d000.s4613.t000" lemma="пласт" pos="NOUN">пластове</instance>
         <wf lemma="." pos="X">.</wf>
      </sentence>
      <sentence id="d000.s4614" source="wordnet-bulgarian">
         <instance id="d000.s4614.t000" lemma="обучавам" pos="VERB">Обучавам</instance>
         <wf lemma="младите" pos="X">младите</wf>
         <wf lemma="войници" pos="X">войници</wf>
         <wf lemma="." pos="X">.</wf>
      </sentence>
      <sentence id="d000.s4615" source="wordnet-bulgarian">
         <wf lemma="в" pos="X">в</wf>
         <instance id="d000.s4615.t000" lemma="багажник" pos="NOUN">багажника</instance>
         <wf lemma="." pos="X">.</wf>
      </sentence>
      <sentence id="d000.s4616" source="wordnet-bulgarian">
         <wf lemma="Най-после" pos="X">Най-после</wf>
         <instance id="d000.s4616.t000" lemma="система" pos="NOUN">системата</instance>
         <wf lemma="заработи" pos="X">заработи</wf>
         <wf lemma="." pos="X">.</wf>
      </sentence>
      <sentence id="d000.s4617" source="wordnet-bulgarian">
         <wf lemma="дневен" pos="X">дневен</wf>
         <instance id="d000.s4617.t000" lemma="влак" pos="NOUN">влак</instance>
         <wf lemma="." pos="X">.</wf>
      </sentence>
      <sentence id="d000.s4618" source="wordnet-bulgarian">
         <wf lemma="последно" pos="X">последно</wf>
         <instance id="d000.s4618.t000" lemma="препятствие" pos="NOUN">препятствие</instance>
         <wf lemma="." pos="X">.</wf>
      </sentence>
      <sentence id="d000.s4619" source="wordnet-bulgarian">
         <wf lemma="закъсняло" pos="X">закъсняло</wf>
         <instance id="d000.s4619.t000" lemma="писмо" pos="NOUN">писмо</instance>
         <wf lemma="." pos="X">.</wf>
      </sentence>
      <sentence id="d000.s4620" source="wordnet-bulgarian">
         <wf lemma="разнообразно" pos="X">разнообразно</wf>
         <instance id="d000.s4620.t000" lemma="меню" pos="NOUN">меню</instance>
         <wf lemma="." pos="X">.</wf>
      </sentence>
      <sentence id="d000.s4621" source="wordnet-bulgarian">
         <wf lemma="Колко" pos="X">Колко</wf>
         <instance id="d000.s4621.t000" lemma="минута" pos="NOUN">минути</instance>
         <wf lemma="ще" pos="X">ще</wf>
         <wf lemma="се" pos="X">се</wf>
         <wf lemma="бавиш" pos="X">бавиш</wf>
         <wf lemma="?" pos="X">?</wf>
      </sentence>
      <sentence id="d000.s4622" source="wordnet-bulgarian">
         <wf lemma="овчарско" pos="X">овчарско</wf>
         <instance id="d000.s4622.t000" lemma="куче" pos="NOUN">куче</instance>
         <wf lemma="." pos="X">.</wf>
      </sentence>
      <sentence id="d000.s4623" source="wordnet-bulgarian">
         <wf lemma="военна" pos="X">военна</wf>
         <instance id="d000.s4623.t000" lemma="кореспонденция" pos="NOUN">кореспонденция</instance>
         <wf lemma="." pos="X">.</wf>
      </sentence>
      <sentence id="d000.s4624" source="wordnet-bulgarian">
         <wf lemma="Той" pos="X">Той</wf>
         <wf lemma="пише" pos="X">пише</wf>
         <wf lemma="няколко" pos="X">няколко</wf>
         <instance id="d000.s4624.t000" lemma="пиеса" pos="NOUN">пиеси</instance>
         <wf lemma="," pos="X">,</wf>
         <wf lemma="но" pos="X">но</wf>
         <wf lemma="само" pos="X">само</wf>
         <wf lemma="една" pos="X">една</wf>
         <wf lemma="е" pos="X">е</wf>
         <wf lemma="поставена" pos="X">поставена</wf>
         <wf lemma="на" pos="X">на</wf>
         <wf lemma="сцена" pos="X">сцена</wf>
         <wf lemma="." pos="X">.</wf>
      </sentence>
      <sentence id="d000.s4625" source="wordnet-bulgarian">
         <wf lemma="Градчето" pos="X">Градчето</wf>
         <wf lemma="се" pos="X">се</wf>
         <wf lemma="намира" pos="X">намира</wf>
         <wf lemma="на" pos="X">на</wf>
         <wf lemma="няколко" pos="X">няколко</wf>
         <instance id="d000.s4625.t000" lemma="ярд" pos="NOUN">ярда</instance>
         <wf lemma="." pos="X">.</wf>
      </sentence>
      <sentence id="d000.s4626" source="wordnet-bulgarian">
         <wf lemma="атомна" pos="X">атомна</wf>
         <instance id="d000.s4626.t000" lemma="бомба" pos="NOUN">бомба</instance>
         <wf lemma="." pos="X">.</wf>
      </sentence>
      <sentence id="d000.s4627" source="wordnet-bulgarian">
         <wf lemma="овощна" pos="X">овощна</wf>
         <instance id="d000.s4627.t000" lemma="градина" pos="NOUN">градина</instance>
         <wf lemma="." pos="X">.</wf>
      </sentence>
      <sentence id="d000.s4628" source="wordnet-bulgarian">
         <instance id="d000.s4628.t000" lemma="артист" pos="NOUN">Артистът</instance>
         <wf lemma="живее" pos="X">живее</wf>
         <wf lemma="с" pos="X">с</wf>
         <wf lemma="красотата" pos="X">красотата</wf>
         <wf lemma="." pos="X">.</wf>
      </sentence>
      <sentence id="d000.s4629" source="wordnet-bulgarian">
         <wf lemma="бурни" pos="X">бурни</wf>
         <instance id="d000.s4629.t000" lemma="вълна" pos="NOUN">вълни</instance>
         <wf lemma="." pos="X">.</wf>
      </sentence>
      <sentence id="d000.s4630" source="wordnet-bulgarian">
         <wf lemma="от" pos="X">от</wf>
         <instance id="d000.s4630.t000" lemma="възхищение" pos="NOUN">възхищение</instance>
         <wf lemma="." pos="X">.</wf>
      </sentence>
      <sentence id="d000.s4631" source="wordnet-bulgarian">
         <instance id="d000.s4631.t000" lemma="творчество" pos="NOUN">Творчеството</instance>
         <wf lemma="на" pos="X">на</wf>
         <wf lemma="Иван" pos="X">Иван</wf>
         <wf lemma="Вазов" pos="X">Вазов</wf>
         <wf lemma="е" pos="X">е</wf>
         <wf lemma="обширно" pos="X">обширно</wf>
         <wf lemma="." pos="X">.</wf>
      </sentence>
      <sentence id="d000.s4632" source="wordnet-bulgarian">
         <wf lemma="музикална" pos="X">музикална</wf>
         <instance id="d000.s4632.t000" lemma="играчка" pos="NOUN">играчка</instance>
         <wf lemma="." pos="X">.</wf>
      </sentence>
      <sentence id="d000.s4633" source="wordnet-bulgarian">
         <wf lemma="диви" pos="X">диви</wf>
         <instance id="d000.s4633.t000" lemma="животно" pos="NOUN">животни</instance>
         <wf lemma="." pos="X">.</wf>
      </sentence>
      <sentence id="d000.s4634" source="wordnet-bulgarian">
         <wf lemma="отивам" pos="X">отивам</wf>
         <wf lemma="на" pos="X">на</wf>
         <instance id="d000.s4634.t000" lemma="вила" pos="NOUN">вилата</instance>
         <wf lemma="." pos="X">.</wf>
      </sentence>
      <sentence id="d000.s4635" source="wordnet-bulgarian">
         <wf lemma="лоша" pos="X">лоша</wf>
         <instance id="d000.s4635.t000" lemma="миризма" pos="NOUN">миризма</instance>
         <wf lemma="." pos="X">.</wf>
      </sentence>
      <sentence id="d000.s4636" source="wordnet-bulgarian">
         <wf lemma="Не" pos="X">Не</wf>
         <wf lemma="прави" pos="X">прави</wf>
         <instance id="d000.s4636.t000" lemma="боклук" pos="NOUN">боклук</instance>
         <wf lemma="!" pos="X">!</wf>
      </sentence>
      <sentence id="d000.s4637" source="wordnet-bulgarian">
         <wf lemma="по" pos="X">по</wf>
         <instance id="d000.s4637.t000" lemma="чорап" pos="NOUN">чорапи</instance>
         <wf lemma="." pos="X">.</wf>
      </sentence>
      <sentence id="d000.s4638" source="wordnet-bulgarian">
         <instance id="d000.s4638.t000" lemma="цена" pos="NOUN">цена</instance>
         <wf lemma="на" pos="X">на</wf>
         <wf lemma="едро" pos="X">едро</wf>
         <wf lemma="." pos="X">.</wf>
      </sentence>
      <sentence id="d000.s4639" source="wordnet-bulgarian">
         <wf lemma="Не" pos="X">Не</wf>
         <wf lemma="употребявам" pos="X">употребявам</wf>
         <instance id="d000.s4639.t000" lemma="захар" pos="NOUN">захар</instance>
         <wf lemma="." pos="X">.</wf>
      </sentence>
      <sentence id="d000.s4640" source="wordnet-bulgarian">
         <instance id="d000.s4640.t000" lemma="сандвич" pos="NOUN">сандвич</instance>
         <wf lemma="с" pos="X">с</wf>
         <wf lemma="шунка" pos="X">шунка</wf>
         <wf lemma="." pos="X">.</wf>
      </sentence>
      <sentence id="d000.s4641" source="wordnet-bulgarian">
         <instance id="d000.s4641.t000" lemma="сея" pos="VERB">сея</instance>
         <wf lemma="нива" pos="X">нива</wf>
         <wf lemma="с." pos="X">с.</wf>
      </sentence>
      <sentence id="d000.s4642" source="wordnet-bulgarian">
         <wf lemma="акционерно" pos="X">акционерно</wf>
         <instance id="d000.s4642.t000" lemma="дружество" pos="NOUN">дружество</instance>
         <wf lemma="." pos="X">.</wf>
      </sentence>
      <sentence id="d000.s4643" source="wordnet-bulgarian">
         <wf lemma="неразделна" pos="X">неразделна</wf>
         <instance id="d000.s4643.t000" lemma="двойка" pos="NOUN">двойка</instance>
         <wf lemma="." pos="X">.</wf>
      </sentence>
      <sentence id="d000.s4644" source="wordnet-bulgarian">
         <wf lemma="Преместих" pos="X">Преместих</wf>
         <instance id="d000.s4644.t000" lemma="стол" pos="NOUN">стола</instance>
         <wf lemma="до" pos="X">до</wf>
         <wf lemma="масата" pos="X">масата</wf>
         <wf lemma="." pos="X">.</wf>
      </sentence>
      <sentence id="d000.s4645" source="wordnet-bulgarian">
         <wf lemma="На" pos="X">На</wf>
         <wf lemma="заседанието" pos="X">заседанието</wf>
         <wf lemma="разгледахме" pos="X">разгледахме</wf>
         <wf lemma="два" pos="X">два</wf>
         <instance id="d000.s4645.t000" lemma="доклад" pos="NOUN">доклада</instance>
         <wf lemma="." pos="X">.</wf>
      </sentence>
      <sentence id="d000.s4646" source="wordnet-bulgarian">
         <wf lemma="цялото" pos="X">цялото</wf>
         <wf lemma="ми" pos="X">ми</wf>
         <instance id="d000.s4646.t000" lemma="богатство" pos="NOUN">богатство</instance>
         <wf lemma="е" pos="X">е</wf>
         <wf lemma="." pos="X">.</wf>
      </sentence>
      <sentence id="d000.s4647" source="wordnet-bulgarian">
         <wf lemma="Не" pos="X">Не</wf>
         <instance id="d000.s4647.t000" lemma="искам" pos="VERB">искам</instance>
         <wf lemma="и" pos="X">и</wf>
         <wf lemma="да" pos="X">да</wf>
         <wf lemma="чуя" pos="X">чуя</wf>
         <wf lemma="за" pos="X">за</wf>
         <wf lemma="него" pos="X">него</wf>
         <wf lemma="." pos="X">.</wf>
      </sentence>
      <sentence id="d000.s4648" source="wordnet-bulgarian">
         <wf lemma="с" pos="X">с</wf>
         <instance id="d000.s4648.t000" lemma="цвят" pos="NOUN">цвят</instance>
         <wf lemma="на" pos="X">на</wf>
         <wf lemma="кехлибар" pos="X">кехлибар</wf>
         <wf lemma="." pos="X">.</wf>
      </sentence>
      <sentence id="d000.s4649" source="wordnet-bulgarian">
         <wf lemma="не" pos="X">не</wf>
         <wf lemma="съм" pos="X">съм</wf>
         <wf lemma="общителен" pos="X">общителен</wf>
         <wf lemma="по" pos="X">по</wf>
         <instance id="d000.s4649.t000" lemma="характер" pos="NOUN">характер</instance>
         <wf lemma="." pos="X">.</wf>
      </sentence>
      <sentence id="d000.s4650" source="wordnet-bulgarian">
         <wf lemma="Това" pos="X">Това</wf>
         <wf lemma="ми" pos="X">ми</wf>
         <wf lemma="достави" pos="X">достави</wf>
         <wf lemma="голямо" pos="X">голямо</wf>
         <instance id="d000.s4650.t000" lemma="удоволствие" pos="NOUN">удоволствие</instance>
         <wf lemma="." pos="X">.</wf>
      </sentence>
      <sentence id="d000.s4651" source="wordnet-bulgarian">
         <wf lemma="без" pos="X">без</wf>
         <wf lemma="чужда" pos="X">чужда</wf>
         <instance id="d000.s4651.t000" lemma="помощ" pos="NOUN">помощ</instance>
         <wf lemma="." pos="X">.</wf>
      </sentence>
      <sentence id="d000.s4652" source="wordnet-bulgarian">
         <wf lemma="безвъзмездна" pos="X">безвъзмездна</wf>
         <instance id="d000.s4652.t000" lemma="помощ" pos="NOUN">помощ</instance>
         <wf lemma="." pos="X">.</wf>
      </sentence>
      <sentence id="d000.s4653" source="wordnet-bulgarian">
         <instance id="d000.s4653.t000" lemma="пласт" pos="NOUN">пласт</instance>
         <wf lemma="глина" pos="X">глина</wf>
         <wf lemma="." pos="X">.</wf>
      </sentence>
      <sentence id="d000.s4654" source="wordnet-bulgarian">
         <wf lemma="При" pos="X">При</wf>
         <wf lemma="такива" pos="X">такива</wf>
         <wf lemma="тържества" pos="X">тържества</wf>
         <wf lemma="е" pos="X">е</wf>
         <wf lemma="нужно" pos="X">нужно</wf>
         <wf lemma="да" pos="X">да</wf>
         <wf lemma="има" pos="X">има</wf>
         <instance id="d000.s4654.t000" lemma="ред" pos="NOUN">ред</instance>
         <wf lemma="." pos="X">.</wf>
      </sentence>
      <sentence id="d000.s4655" source="wordnet-bulgarian">
         <instance id="d000.s4655.t000" lemma="лимит" pos="NOUN">лимит</instance>
         <wf lemma="на" pos="X">на</wf>
         <wf lemma="разходите" pos="X">разходите</wf>
         <wf lemma="." pos="X">.</wf>
      </sentence>
      <sentence id="d000.s4656" source="wordnet-bulgarian">
         <wf lemma="многозначна" pos="X">многозначна</wf>
         <instance id="d000.s4656.t000" lemma="функция" pos="NOUN">функция</instance>
         <wf lemma="." pos="X">.</wf>
      </sentence>
      <sentence id="d000.s4657" source="wordnet-bulgarian">
         <wf lemma="Обичам" pos="X">Обичам</wf>
         <wf lemma="да" pos="X">да</wf>
         <wf lemma="се" pos="X">се</wf>
         <wf lemma="возя" pos="X">возя</wf>
         <wf lemma="на" pos="X">на</wf>
         <wf lemma="предната" pos="X">предната</wf>
         <wf lemma="седалка" pos="X">седалка</wf>
         <wf lemma="в" pos="X">в</wf>
         <instance id="d000.s4657.t000" lemma="кола" pos="NOUN">колата</instance>
         <wf lemma="." pos="X">.</wf>
      </sentence>
      <sentence id="d000.s4658" source="wordnet-bulgarian">
         <wf lemma="величествено" pos="X">величествено</wf>
         <instance id="d000.s4658.t000" lemma="видение" pos="NOUN">видение</instance>
         <wf lemma="." pos="X">.</wf>
      </sentence>
      <sentence id="d000.s4659" source="wordnet-bulgarian">
         <wf lemma="мини" pos="X">мини</wf>
         <instance id="d000.s4659.t000" lemma="парник" pos="NOUN">парник</instance>
         <wf lemma="." pos="X">.</wf>
      </sentence>
      <sentence id="d000.s4660" source="wordnet-bulgarian">
         <instance id="d000.s4660.t000" lemma="шоколад" pos="NOUN">шоколад</instance>
         <wf lemma="с" pos="X">с</wf>
         <wf lemma="фъстъци" pos="X">фъстъци</wf>
         <wf lemma="." pos="X">.</wf>
      </sentence>
      <sentence id="d000.s4661" source="wordnet-bulgarian">
         <wf lemma="купувам" pos="X">купувам</wf>
         <wf lemma="на" pos="X">на</wf>
         <instance id="d000.s4661.t000" lemma="търг" pos="NOUN">търг</instance>
         <wf lemma="." pos="X">.</wf>
      </sentence>
      <sentence id="d000.s4662" source="wordnet-bulgarian">
         <instance id="d000.s4662.t000" lemma="разрешавам" pos="VERB">разрешавам</instance>
         <wf lemma="проблем" pos="X">проблем</wf>
         <wf lemma="." pos="X">.</wf>
      </sentence>
      <sentence id="d000.s4663" source="wordnet-bulgarian">
         <wf lemma="Берлинската" pos="X">Берлинската</wf>
         <instance id="d000.s4663.t000" lemma="стена" pos="NOUN">стена</instance>
         <wf lemma="." pos="X">.</wf>
      </sentence>
      <sentence id="d000.s4664" source="wordnet-bulgarian">
         <wf lemma="любителско" pos="X">любителско</wf>
         <instance id="d000.s4664.t000" lemma="представление" pos="NOUN">представление</instance>
         <wf lemma="." pos="X">.</wf>
      </sentence>
      <sentence id="d000.s4665" source="wordnet-bulgarian">
         <instance id="d000.s4665.t000" lemma="разследване" pos="NOUN">Разследването</instance>
         <wf lemma="стигна" pos="X">стигна</wf>
         <wf lemma="до" pos="X">до</wf>
         <wf lemma="задънена" pos="X">задънена</wf>
         <wf lemma="улица" pos="X">улица</wf>
         <wf lemma="." pos="X">.</wf>
      </sentence>
      <sentence id="d000.s4666" source="wordnet-bulgarian">
         <instance id="d000.s4666.t000" lemma="стръв" pos="NOUN">стръв</instance>
         <wf lemma="на" pos="X">на</wf>
         <wf lemma="въдица" pos="X">въдица</wf>
         <wf lemma="." pos="X">.</wf>
      </sentence>
      <sentence id="d000.s4667" source="wordnet-bulgarian">
         <wf lemma="потъмняла" pos="X">потъмняла</wf>
         <instance id="d000.s4667.t000" lemma="кожа" pos="NOUN">кожа</instance>
         <wf lemma="." pos="X">.</wf>
      </sentence>
      <sentence id="d000.s4668" source="wordnet-bulgarian">
         <wf lemma="съпружеска" pos="X">съпружеска</wf>
         <instance id="d000.s4668.t000" lemma="двойка" pos="NOUN">двойка</instance>
         <wf lemma="." pos="X">.</wf>
      </sentence>
      <sentence id="d000.s4669" source="wordnet-bulgarian">
         <wf lemma="От" pos="X">От</wf>
         <wf lemma="цъфналите" pos="X">цъфналите</wf>
         <instance id="d000.s4669.t000" lemma="лилия" pos="NOUN">лилии</instance>
         <wf lemma="се" pos="X">се</wf>
         <wf lemma="носеше" pos="X">носеше</wf>
         <wf lemma="приятен" pos="X">приятен</wf>
         <wf lemma="аромат" pos="X">аромат</wf>
         <wf lemma="." pos="X">.</wf>
      </sentence>
      <sentence id="d000.s4670" source="wordnet-bulgarian">
         <instance id="d000.s4670.t000" lemma="сметка" pos="NOUN">сметка</instance>
         <wf lemma="за" pos="X">за</wf>
         <wf lemma="вода" pos="X">вода</wf>
         <wf lemma="." pos="X">.</wf>
      </sentence>
      <sentence id="d000.s4671" source="wordnet-bulgarian">
         <wf lemma="Счупих" pos="X">Счупих</wf>
         <instance id="d000.s4671.t000" lemma="ключ" pos="NOUN">ключа</instance>
         <wf lemma="в" pos="X">в</wf>
         <wf lemma="бравата" pos="X">бравата</wf>
         <wf lemma="." pos="X">.</wf>
      </sentence>
      <sentence id="d000.s4672" source="wordnet-bulgarian">
         <wf lemma="пробвам" pos="X">пробвам</wf>
         <instance id="d000.s4672.t000" lemma="костюм" pos="NOUN">костюм</instance>
         <wf lemma="." pos="X">.</wf>
      </sentence>
      <sentence id="d000.s4673" source="wordnet-bulgarian">
         <wf lemma="парламентарна" pos="X">парламентарна</wf>
         <instance id="d000.s4673.t000" lemma="процедура" pos="NOUN">процедура</instance>
         <wf lemma="." pos="X">.</wf>
      </sentence>
      <sentence id="d000.s4674" source="wordnet-bulgarian">
         <wf lemma="Чу" pos="X">Чу</wf>
         <wf lemma="с" pos="X">с</wf>
         <wf lemma="гръм" pos="X">гръм</wf>
         <wf lemma="от" pos="X">от</wf>
         <instance id="d000.s4674.t000" lemma="пушка" pos="NOUN">пушка</instance>
         <wf lemma="." pos="X">.</wf>
      </sentence>
      <sentence id="d000.s4675" source="wordnet-bulgarian">
         <wf lemma="кино" pos="X">кино</wf>
         <instance id="d000.s4675.t000" lemma="продукция" pos="NOUN">продукция</instance>
         <wf lemma="." pos="X">.</wf>
      </sentence>
      <sentence id="d000.s4676" source="wordnet-bulgarian">
         <wf lemma="скандален" pos="X">скандален</wf>
         <instance id="d000.s4676.t000" lemma="прецедент" pos="NOUN">прецедент</instance>
         <wf lemma="." pos="X">.</wf>
      </sentence>
      <sentence id="d000.s4677" source="wordnet-bulgarian">
         <wf lemma="Неговата" pos="X">Неговата</wf>
         <instance id="d000.s4677.t000" lemma="сила" pos="NOUN">сила</instance>
         <wf lemma="е" pos="X">е</wf>
         <wf lemma="математиката" pos="X">математиката</wf>
         <wf lemma="." pos="X">.</wf>
      </sentence>
      <sentence id="d000.s4678" source="wordnet-bulgarian">
         <wf lemma="възстановявам" pos="X">възстановявам</wf>
         <wf lemma="и" pos="X">и</wf>
         <wf lemma="модернизирам" pos="X">модернизирам</wf>
         <wf lemma="стара" pos="X">стара</wf>
         <instance id="d000.s4678.t000" lemma="фабрика" pos="NOUN">фабрика</instance>
         <wf lemma="." pos="X">.</wf>
      </sentence>
      <sentence id="d000.s4679" source="wordnet-bulgarian">
         <wf lemma="ниско" pos="X">ниско</wf>
         <instance id="d000.s4679.t000" lemma="чело" pos="NOUN">чело</instance>
         <wf lemma="." pos="X">.</wf>
      </sentence>
      <sentence id="d000.s4680" source="wordnet-bulgarian">
         <wf lemma="тъжна" pos="X">тъжна</wf>
         <instance id="d000.s4680.t000" lemma="вест" pos="NOUN">вест</instance>
         <wf lemma="." pos="X">.</wf>
      </sentence>
      <sentence id="d000.s4681" source="wordnet-bulgarian">
         <wf lemma="Нямам" pos="X">Нямам</wf>
         <wf lemma="никакви" pos="X">никакви</wf>
         <instance id="d000.s4681.t000" lemma="враг" pos="NOUN">врагове</instance>
         <wf lemma="." pos="X">.</wf>
      </sentence>
      <sentence id="d000.s4682" source="wordnet-bulgarian">
         <wf lemma="нямам" pos="X">нямам</wf>
         <instance id="d000.s4682.t000" lemma="обоняние" pos="NOUN">обоняние</instance>
         <wf lemma="." pos="X">.</wf>
      </sentence>
      <sentence id="d000.s4683" source="wordnet-bulgarian">
         <wf lemma="над" pos="X">над</wf>
         <instance id="d000.s4683.t000" lemma="земя" pos="NOUN">земята</instance>
         <wf lemma="." pos="X">.</wf>
      </sentence>
      <sentence id="d000.s4684" source="wordnet-bulgarian">
         <wf lemma="приятелска" pos="X">приятелска</wf>
         <instance id="d000.s4684.t000" lemma="грижа" pos="NOUN">грижа</instance>
         <wf lemma="." pos="X">.</wf>
      </sentence>
      <sentence id="d000.s4685" source="wordnet-bulgarian">
         <wf lemma="възторжен" pos="X">възторжен</wf>
         <instance id="d000.s4685.t000" lemma="вик" pos="NOUN">вик</instance>
         <wf lemma="." pos="X">.</wf>
      </sentence>
      <sentence id="d000.s4686" source="wordnet-bulgarian">
         <wf lemma="абитуриентски" pos="X">абитуриентски</wf>
         <instance id="d000.s4686.t000" lemma="костюм" pos="NOUN">костюм</instance>
         <wf lemma="." pos="X">.</wf>
      </sentence>
      <sentence id="d000.s4687" source="wordnet-bulgarian">
         <wf lemma="влизам" pos="X">влизам</wf>
         <wf lemma="в" pos="X">в</wf>
         <instance id="d000.s4687.t000" lemma="магазин" pos="NOUN">магазина</instance>
         <wf lemma="." pos="X">.</wf>
      </sentence>
      <sentence id="d000.s4688" source="wordnet-bulgarian">
         <wf lemma="тежък" pos="X">тежък</wf>
         <instance id="d000.s4688.t000" lemma="чук" pos="NOUN">чук</instance>
         <wf lemma="." pos="X">.</wf>
      </sentence>
      <sentence id="d000.s4689" source="wordnet-bulgarian">
         <instance id="d000.s4689.t000" lemma="телефонирам" pos="VERB">Телефонирах</instance>
         <wf lemma="му" pos="X">му</wf>
         <wf lemma="," pos="X">,</wf>
         <wf lemma="че" pos="X">че</wf>
         <wf lemma="ще" pos="X">ще</wf>
         <wf lemma="отида" pos="X">отида</wf>
         <wf lemma="." pos="X">.</wf>
      </sentence>
      <sentence id="d000.s4690" source="wordnet-bulgarian">
         <wf lemma="голямо" pos="X">голямо</wf>
         <instance id="d000.s4690.t000" lemma="богатство" pos="NOUN">богатство</instance>
         <wf lemma="." pos="X">.</wf>
      </sentence>
      <sentence id="d000.s4691" source="wordnet-bulgarian">
         <wf lemma="обирам" pos="X">обирам</wf>
         <instance id="d000.s4691.t000" lemma="каймак" pos="NOUN">каймака</instance>
         <wf lemma="." pos="X">.</wf>
      </sentence>
      <sentence id="d000.s4692" source="wordnet-bulgarian">
         <wf lemma="сбърчвам" pos="X">сбърчвам</wf>
         <instance id="d000.s4692.t000" lemma="вежда" pos="NOUN">вежди</instance>
         <wf lemma="." pos="X">.</wf>
      </sentence>
      <sentence id="d000.s4693" source="wordnet-bulgarian">
         <instance id="d000.s4693.t000" lemma="дух" pos="NOUN">дух</instance>
         <wf lemma="на" pos="X">на</wf>
         <wf lemma="доверие" pos="X">доверие</wf>
         <wf lemma="и" pos="X">и</wf>
         <wf lemma="разбирателство" pos="X">разбирателство</wf>
         <wf lemma="." pos="X">.</wf>
      </sentence>
      <sentence id="d000.s4694" source="wordnet-bulgarian">
         <instance id="d000.s4694.t000" lemma="албум" pos="NOUN">албум</instance>
         <wf lemma="за" pos="X">за</wf>
         <wf lemma="снимки" pos="X">снимки</wf>
         <wf lemma="." pos="X">.</wf>
      </sentence>
      <sentence id="d000.s4695" source="wordnet-bulgarian">
         <wf lemma="стегнато" pos="X">стегнато</wf>
         <instance id="d000.s4695.t000" lemma="тяло" pos="NOUN">тяло</instance>
         <wf lemma="." pos="X">.</wf>
      </sentence>
      <sentence id="d000.s4696" source="wordnet-bulgarian">
         <wf lemma="весела" pos="X">весела</wf>
         <instance id="d000.s4696.t000" lemma="усмивка" pos="NOUN">усмивка</instance>
         <wf lemma="." pos="X">.</wf>
      </sentence>
      <sentence id="d000.s4697" source="wordnet-bulgarian">
         <wf lemma="рисувам" pos="X">рисувам</wf>
         <wf lemma="с" pos="X">с</wf>
         <instance id="d000.s4697.t000" lemma="тебешир" pos="NOUN">тебешир</instance>
         <wf lemma="." pos="X">.</wf>
      </sentence>
      <sentence id="d000.s4698" source="wordnet-bulgarian">
         <wf lemma="провеждам" pos="X">провеждам</wf>
         <instance id="d000.s4698.t000" lemma="разследване" pos="NOUN">разследване</instance>
         <wf lemma="." pos="X">.</wf>
      </sentence>
      <sentence id="d000.s4699" source="wordnet-bulgarian">
         <instance id="d000.s4699.t000" lemma="крем" pos="NOUN">крем</instance>
         <wf lemma="за" pos="X">за</wf>
         <wf lemma="мазна" pos="X">мазна</wf>
         <wf lemma="кожа" pos="X">кожа</wf>
         <wf lemma="." pos="X">.</wf>
      </sentence>
      <sentence id="d000.s4700" source="wordnet-bulgarian">
         <wf lemma="Без" pos="X">Без</wf>
         <instance id="d000.s4700.t000" lemma="възражение" pos="NOUN">възражения</instance>
         <wf lemma="!" pos="X">!</wf>
      </sentence>
      <sentence id="d000.s4701" source="wordnet-bulgarian">
         <instance id="d000.s4701.t000" lemma="темпо" pos="NOUN">Темпото</instance>
         <wf lemma="е" pos="X">е</wf>
         <wf lemma="убийствено" pos="X">убийствено</wf>
         <wf lemma="." pos="X">.</wf>
      </sentence>
      <sentence id="d000.s4702" source="wordnet-bulgarian">
         <instance id="d000.s4702.t000" lemma="жилище" pos="NOUN">жилище</instance>
         <wf lemma="на" pos="X">на</wf>
         <wf lemma="първия" pos="X">първия</wf>
         <wf lemma="етаж" pos="X">етаж</wf>
         <wf lemma="." pos="X">.</wf>
      </sentence>
      <sentence id="d000.s4703" source="wordnet-bulgarian">
         <wf lemma="правя" pos="X">правя</wf>
         <instance id="d000.s4703.t000" lemma="украса" pos="NOUN">украса</instance>
         <wf lemma="за" pos="X">за</wf>
         <wf lemma="." pos="X">.</wf>
      </sentence>
      <sentence id="d000.s4704" source="wordnet-bulgarian">
         <wf lemma="ходя" pos="X">ходя</wf>
         <wf lemma="на" pos="X">на</wf>
         <instance id="d000.s4704.t000" lemma="лов" pos="NOUN">лов</instance>
         <wf lemma="." pos="X">.</wf>
      </sentence>
      <sentence id="d000.s4705" source="wordnet-bulgarian">
         <wf lemma="Аз" pos="X">Аз</wf>
         <wf lemma="продължавам" pos="X">продължавам</wf>
         <wf lemma="да" pos="X">да</wf>
         <instance id="d000.s4705.t000" lemma="изкачвам" pos="VERB">изкачвам</instance>
         <wf lemma="скалите" pos="X">скалите</wf>
         <wf lemma="." pos="X">.</wf>
      </sentence>
      <sentence id="d000.s4706" source="wordnet-bulgarian">
         <wf lemma="отивам" pos="X">отивам</wf>
         <wf lemma="на" pos="X">на</wf>
         <instance id="d000.s4706.t000" lemma="концерт" pos="NOUN">концерт</instance>
         <wf lemma="." pos="X">.</wf>
      </sentence>
      <sentence id="d000.s4707" source="wordnet-bulgarian">
         <wf lemma="организирам" pos="X">организирам</wf>
         <instance id="d000.s4707.t000" lemma="протест" pos="NOUN">протест</instance>
         <wf lemma="." pos="X">.</wf>
      </sentence>
      <sentence id="d000.s4708" source="wordnet-bulgarian">
         <wf lemma="Колко" pos="X">Колко</wf>
         <wf lemma="е" pos="X">е</wf>
         <instance id="d000.s4708.t000" lemma="час" pos="NOUN">часът</instance>
         <wf lemma="?" pos="X">?</wf>
      </sentence>
      <sentence id="d000.s4709" source="wordnet-bulgarian">
         <wf lemma="тая" pos="X">тая</wf>
         <instance id="d000.s4709.t000" lemma="мъст" pos="NOUN">мъст</instance>
         <wf lemma="в" pos="X">в</wf>
         <wf lemma="душата" pos="X">душата</wf>
         <wf lemma="си" pos="X">си</wf>
         <wf lemma="." pos="X">.</wf>
      </sentence>
      <sentence id="d000.s4710" source="wordnet-bulgarian">
         <wf lemma="открит" pos="X">открит</wf>
         <instance id="d000.s4710.t000" lemma="паркинг" pos="NOUN">паркинг</instance>
         <wf lemma="." pos="X">.</wf>
      </sentence>
      <sentence id="d000.s4711" source="wordnet-bulgarian">
         <wf lemma="здрава" pos="X">здрава</wf>
         <instance id="d000.s4711.t000" lemma="основа" pos="NOUN">основа</instance>
         <wf lemma="." pos="X">.</wf>
      </sentence>
      <sentence id="d000.s4712" source="wordnet-bulgarian">
         <wf lemma="общ" pos="X">общ</wf>
         <instance id="d000.s4712.t000" lemma="работник" pos="NOUN">работник</instance>
         <wf lemma="." pos="X">.</wf>
      </sentence>
      <sentence id="d000.s4713" source="wordnet-bulgarian">
         <wf lemma="мизерна" pos="X">мизерна</wf>
         <instance id="d000.s4713.t000" lemma="пенсия" pos="NOUN">пенсия</instance>
         <wf lemma="." pos="X">.</wf>
      </sentence>
      <sentence id="d000.s4714" source="wordnet-bulgarian">
         <wf lemma="почиствам" pos="X">почиствам</wf>
         <wf lemma="от" pos="X">от</wf>
         <instance id="d000.s4714.t000" lemma="бурен" pos="NOUN">бурени</instance>
         <wf lemma="." pos="X">.</wf>
      </sentence>
      <sentence id="d000.s4715" source="wordnet-bulgarian">
         <wf lemma="неясно" pos="X">неясно</wf>
         <instance id="d000.s4715.t000" lemma="изречение" pos="NOUN">изречение</instance>
         <wf lemma="." pos="X">.</wf>
      </sentence>
      <sentence id="d000.s4716" source="wordnet-bulgarian">
         <wf lemma="с" pos="X">с</wf>
         <wf lemma="цвета" pos="X">цвета</wf>
         <wf lemma="ня" pos="X">ня</wf>
         <instance id="d000.s4716.t000" lemma="тяло" pos="NOUN">тялото</instance>
         <wf lemma="." pos="X">.</wf>
      </sentence>
      <sentence id="d000.s4717" source="wordnet-bulgarian">
         <wf lemma="поддавам" pos="X">поддавам</wf>
         <wf lemma="се" pos="X">се</wf>
         <wf lemma="на" pos="X">на</wf>
         <instance id="d000.s4717.t000" lemma="въздействие" pos="NOUN">въздействия</instance>
         <wf lemma="." pos="X">.</wf>
      </sentence>
      <sentence id="d000.s4718" source="wordnet-bulgarian">
         <wf lemma="нанасям" pos="X">нанасям</wf>
         <instance id="d000.s4718.t000" lemma="обида" pos="NOUN">обида</instance>
         <wf lemma="на" pos="X">на</wf>
         <wf lemma="." pos="X">.</wf>
      </sentence>
      <sentence id="d000.s4719" source="wordnet-bulgarian">
         <instance id="d000.s4719.t000" lemma="изпитвам" pos="VERB">изпитвам</instance>
         <wf lemma="радост" pos="X">радост</wf>
         <wf lemma="." pos="X">.</wf>
      </sentence>
      <sentence id="d000.s4720" source="wordnet-bulgarian">
         <wf lemma="Какъв" pos="X">Какъв</wf>
         <wf lemma="е" pos="X">е</wf>
         <instance id="d000.s4720.t000" lemma="смисъл" pos="NOUN">смисълът</instance>
         <wf lemma="на" pos="X">на</wf>
         <wf lemma="това" pos="X">това</wf>
         <wf lemma="изречение" pos="X">изречение</wf>
         <wf lemma="?" pos="X">?</wf>
      </sentence>
      <sentence id="d000.s4721" source="wordnet-bulgarian">
         <instance id="d000.s4721.t000" lemma="четка" pos="NOUN">четка</instance>
         <wf lemma="за" pos="X">за</wf>
         <wf lemma="зъби" pos="X">зъби</wf>
         <wf lemma="." pos="X">.</wf>
      </sentence>
      <sentence id="d000.s4722" source="wordnet-bulgarian">
         <wf lemma="протестно" pos="X">протестно</wf>
         <instance id="d000.s4722.t000" lemma="шествие" pos="NOUN">шествие</instance>
         <wf lemma="." pos="X">.</wf>
      </sentence>
      <sentence id="d000.s4723" source="wordnet-bulgarian">
         <wf lemma="ефикасно" pos="X">ефикасно</wf>
         <instance id="d000.s4723.t000" lemma="средство" pos="NOUN">средство</instance>
         <wf lemma="." pos="X">.</wf>
      </sentence>
      <sentence id="d000.s4724" source="wordnet-bulgarian">
         <wf lemma="Прашинки" pos="X">Прашинки</wf>
         <instance id="d000.s4724.t000" lemma="плавам" pos="VERB">плават</instance>
         <wf lemma="във" pos="X">във</wf>
         <wf lemma="въздуха" pos="X">въздуха</wf>
         <wf lemma="." pos="X">.</wf>
      </sentence>
      <sentence id="d000.s4725" source="wordnet-bulgarian">
         <wf lemma="малко" pos="X">малко</wf>
         <instance id="d000.s4725.t000" lemma="ухо" pos="NOUN">ухо</instance>
         <wf lemma="." pos="X">.</wf>
      </sentence>
      <sentence id="d000.s4726" source="wordnet-bulgarian">
         <wf lemma="тържествено" pos="X">тържествено</wf>
         <instance id="d000.s4726.t000" lemma="погребение" pos="NOUN">погребение</instance>
         <wf lemma="." pos="X">.</wf>
      </sentence>
      <sentence id="d000.s4727" source="wordnet-bulgarian">
         <instance id="d000.s4727.t000" lemma="играчка" pos="NOUN">играчка</instance>
         <wf lemma=",подходяща" pos="X">,подходяща</wf>
         <wf lemma="за" pos="X">за</wf>
         <wf lemma="." pos="X">.</wf>
      </sentence>
      <sentence id="d000.s4728" source="wordnet-bulgarian">
         <wf lemma="това" pos="X">това</wf>
         <wf lemma="не" pos="X">не</wf>
         <instance id="d000.s4728.t000" lemma="знача" pos="VERB">значи</instance>
         <wf lemma="," pos="X">,</wf>
         <wf lemma="че" pos="X">че</wf>
         <wf lemma="." pos="X">.</wf>
      </sentence>
      <sentence id="d000.s4729" source="wordnet-bulgarian">
         <wf lemma="Детето" pos="X">Детето</wf>
         <instance id="d000.s4729.t000" lemma="прескоча" pos="VERB">прескочи</instance>
         <wf lemma="локвата" pos="X">локвата</wf>
         <wf lemma="." pos="X">.</wf>
      </sentence>
      <sentence id="d000.s4730" source="wordnet-bulgarian">
         <wf lemma="тънка" pos="X">тънка</wf>
         <instance id="d000.s4730.t000" lemma="игла" pos="NOUN">игла</instance>
         <wf lemma="." pos="X">.</wf>
      </sentence>
      <sentence id="d000.s4731" source="wordnet-bulgarian">
         <wf lemma="Мойта" pos="X">Мойта</wf>
         <instance id="d000.s4731.t000" lemma="майка" pos="NOUN">майка</instance>
         <wf lemma="е" pos="X">е</wf>
         <wf lemma="най-добрата" pos="X">най-добрата</wf>
         <wf lemma="." pos="X">.</wf>
      </sentence>
      <sentence id="d000.s4732" source="wordnet-bulgarian">
         <instance id="d000.s4732.t000" lemma="предпоставка" pos="NOUN">предпоставка</instance>
         <wf lemma="за" pos="X">за</wf>
         <wf lemma="успех" pos="X">успех</wf>
         <wf lemma="." pos="X">.</wf>
      </sentence>
      <sentence id="d000.s4733" source="wordnet-bulgarian">
         <instance id="d000.s4733.t000" lemma="надежда" pos="NOUN">Надеждата</instance>
         <wf lemma="умира" pos="X">умира</wf>
         <wf lemma="последна" pos="X">последна</wf>
         <wf lemma="." pos="X">.</wf>
      </sentence>
      <sentence id="d000.s4734" source="wordnet-bulgarian">
         <wf lemma="не" pos="X">не</wf>
         <wf lemma="е" pos="X">е</wf>
         <wf lemma="там" pos="X">там</wf>
         <instance id="d000.s4734.t000" lemma="въпрос" pos="NOUN">въпросът</instance>
         <wf lemma="." pos="X">.</wf>
      </sentence>
      <sentence id="d000.s4735" source="wordnet-bulgarian">
         <instance id="d000.s4735.t000" lemma="гост" pos="NOUN">гост</instance>
         <wf lemma="на" pos="X">на</wf>
         <wf lemma="хотела" pos="X">хотела</wf>
         <wf lemma="." pos="X">.</wf>
      </sentence>
      <sentence id="d000.s4736" source="wordnet-bulgarian">
         <wf lemma="твърда" pos="X">твърда</wf>
         <instance id="d000.s4736.t000" lemma="четка" pos="NOUN">четка</instance>
         <wf lemma="." pos="X">.</wf>
      </sentence>
      <sentence id="d000.s4737" source="wordnet-bulgarian">
         <instance id="d000.s4737.t000" lemma="аерогара" pos="NOUN">Аерогарата</instance>
         <wf lemma="беше" pos="X">беше</wf>
         <wf lemma="ремонтирана" pos="X">ремонтирана</wf>
         <wf lemma="." pos="X">.</wf>
      </sentence>
      <sentence id="d000.s4738" source="wordnet-bulgarian">
         <wf lemma="на" pos="X">на</wf>
         <instance id="d000.s4738.t000" lemma="руло" pos="NOUN">руло</instance>
         <wf lemma="." pos="X">.</wf>
      </sentence>
      <sentence id="d000.s4739" source="wordnet-bulgarian">
         <wf lemma="Какъв" pos="X">Какъв</wf>
         <instance id="d000.s4739.t000" lemma="цвят" pos="NOUN">цвят</instance>
         <wf lemma="е" pos="X">е</wf>
         <wf lemma="колата" pos="X">колата</wf>
         <wf lemma="?" pos="X">?</wf>
      </sentence>
      <sentence id="d000.s4740" source="wordnet-bulgarian">
         <instance id="d000.s4740.t000" lemma="поздравя" pos="VERB">Поздрави</instance>
         <wf lemma="чичо" pos="X">чичо</wf>
         <wf lemma="си" pos="X">си</wf>
         <wf lemma="от" pos="X">от</wf>
         <wf lemma="мене" pos="X">мене</wf>
         <wf lemma="." pos="X">.</wf>
      </sentence>
      <sentence id="d000.s4741" source="wordnet-bulgarian">
         <wf lemma="Подай" pos="X">Подай</wf>
         <wf lemma="ми" pos="X">ми</wf>
         <wf lemma="един" pos="X">един</wf>
         <instance id="d000.s4741.t000" lemma="болт" pos="NOUN">болт</instance>
         <wf lemma="." pos="X">.</wf>
      </sentence>
      <sentence id="d000.s4742" source="wordnet-bulgarian">
         <wf lemma="Момичето" pos="X">Момичето</wf>
         <wf lemma="грациозно" pos="X">грациозно</wf>
         <wf lemma="изви" pos="X">изви</wf>
         <wf lemma="красивия" pos="X">красивия</wf>
         <wf lemma="си" pos="X">си</wf>
         <instance id="d000.s4742.t000" lemma="врат" pos="NOUN">врат</instance>
         <wf lemma="." pos="X">.</wf>
      </sentence>
      <sentence id="d000.s4743" source="wordnet-bulgarian">
         <wf lemma="облачно" pos="X">облачно</wf>
         <instance id="d000.s4743.t000" lemma="време" pos="NOUN">време</instance>
         <wf lemma="." pos="X">.</wf>
      </sentence>
      <sentence id="d000.s4744" source="wordnet-bulgarian">
         <wf lemma="споделям" pos="X">споделям</wf>
         <instance id="d000.s4744.t000" lemma="мисъл" pos="NOUN">мисли</instance>
         <wf lemma="." pos="X">.</wf>
      </sentence>
      <sentence id="d000.s4745" source="wordnet-bulgarian">
         <wf lemma="изпълнен" pos="X">изпълнен</wf>
         <wf lemma="съм" pos="X">съм</wf>
         <wf lemma="с" pos="X">с</wf>
         <instance id="d000.s4745.t000" lemma="агресия" pos="NOUN">агресия</instance>
         <wf lemma="." pos="X">.</wf>
      </sentence>
      <sentence id="d000.s4746" source="wordnet-bulgarian">
         <instance id="d000.s4746.t000" lemma="път" pos="NOUN">път</instance>
         <wf lemma="с" pos="X">с</wf>
         <wf lemma="дупки" pos="X">дупки</wf>
         <wf lemma="." pos="X">.</wf>
      </sentence>
      <sentence id="d000.s4747" source="wordnet-bulgarian">
         <instance id="d000.s4747.t000" lemma="прилепвам" pos="VERB">прилепвам</instance>
         <wf lemma="към" pos="X">към</wf>
         <wf lemma="." pos="X">.</wf>
      </sentence>
      <sentence id="d000.s4748" source="wordnet-bulgarian">
         <instance id="d000.s4748.t000" lemma="политика" pos="NOUN">политика</instance>
         <wf lemma="на" pos="X">на</wf>
         <wf lemma="ухажване" pos="X">ухажване</wf>
         <wf lemma="." pos="X">.</wf>
      </sentence>
      <sentence id="d000.s4749" source="wordnet-bulgarian">
         <instance id="d000.s4749.t000" lemma="болест" pos="NOUN">Болестта</instance>
         <wf lemma="стопи" pos="X">стопи</wf>
         <wf lemma="тялото" pos="X">тялото</wf>
         <wf lemma="му" pos="X">му</wf>
         <wf lemma="." pos="X">.</wf>
      </sentence>
      <sentence id="d000.s4750" source="wordnet-bulgarian">
         <wf lemma="Имам" pos="X">Имам</wf>
         <wf lemma="големи" pos="X">големи</wf>
         <instance id="d000.s4750.t000" lemma="дълг" pos="NOUN">дългове</instance>
         <wf lemma="." pos="X">.</wf>
      </sentence>
      <sentence id="d000.s4751" source="wordnet-bulgarian">
         <wf lemma="област" pos="X">област</wf>
         <wf lemma="на" pos="X">на</wf>
         <instance id="d000.s4751.t000" lemma="знание" pos="NOUN">знанието</instance>
         <wf lemma="." pos="X">.</wf>
      </sentence>
      <sentence id="d000.s4752" source="wordnet-bulgarian">
         <wf lemma="Заводите" pos="X">Заводите</wf>
         <wf lemma="са" pos="X">са</wf>
         <wf lemma="държавна" pos="X">държавна</wf>
         <instance id="d000.s4752.t000" lemma="собственост" pos="NOUN">собственост</instance>
         <wf lemma="." pos="X">.</wf>
      </sentence>
      <sentence id="d000.s4753" source="wordnet-bulgarian">
         <wf lemma="на" pos="X">на</wf>
         <instance id="d000.s4753.t000" lemma="прощаване" pos="NOUN">прощаване</instance>
         <wf lemma="." pos="X">.</wf>
      </sentence>
      <sentence id="d000.s4754" source="wordnet-bulgarian">
         <wf lemma="ожулена" pos="X">ожулена</wf>
         <instance id="d000.s4754.t000" lemma="кожа" pos="NOUN">кожа</instance>
         <wf lemma="." pos="X">.</wf>
      </sentence>
      <sentence id="d000.s4755" source="wordnet-bulgarian">
         <wf lemma="На" pos="X">На</wf>
         <wf lemma="кой" pos="X">кой</wf>
         <wf lemma="мобилен" pos="X">мобилен</wf>
         <wf lemma="оператор" pos="X">оператор</wf>
         <wf lemma="сте" pos="X">сте</wf>
         <instance id="d000.s4755.t000" lemma="абонат" pos="NOUN">абонат</instance>
         <wf lemma="?" pos="X">?</wf>
      </sentence>
      <sentence id="d000.s4756" source="wordnet-bulgarian">
         <wf lemma="Утрото" pos="X">Утрото</wf>
         <wf lemma="е" pos="X">е</wf>
         <wf lemma="по-мъдро" pos="X">по-мъдро</wf>
         <wf lemma="от" pos="X">от</wf>
         <instance id="d000.s4756.t000" lemma="вечер" pos="NOUN">вечерта</instance>
         <wf lemma="." pos="X">.</wf>
      </sentence>
      <sentence id="d000.s4757" source="wordnet-bulgarian">
         <wf lemma="изпълнявам" pos="X">изпълнявам</wf>
         <wf lemma="си" pos="X">си</wf>
         <instance id="d000.s4757.t000" lemma="план" pos="NOUN">плана</instance>
         <wf lemma="." pos="X">.</wf>
      </sentence>
      <sentence id="d000.s4758" source="wordnet-bulgarian">
         <wf lemma="Целта" pos="X">Целта</wf>
         <wf lemma="на" pos="X">на</wf>
         <wf lemma="ОДС" pos="X">ОДС</wf>
         <wf lemma="е" pos="X">е</wf>
         <wf lemma="да" pos="X">да</wf>
         <wf lemma="получи" pos="X">получи</wf>
         <wf lemma="121" pos="X">121</wf>
         <wf lemma="депутатски" pos="X">депутатски</wf>
         <wf lemma="места" pos="X">места</wf>
         <wf lemma="при" pos="X">при</wf>
         <wf lemma="65" pos="X">65</wf>
         <wf lemma="%" pos="X">%</wf>
         <wf lemma="избирателна" pos="X">избирателна</wf>
         <instance id="d000.s4758.t000" lemma="активност" pos="NOUN">активност</instance>
         <wf lemma="," pos="X">,</wf>
         <wf lemma="заяви" pos="X">заяви</wf>
         <wf lemma="Васил" pos="X">Васил</wf>
         <wf lemma="Гарнизов" pos="X">Гарнизов</wf>
         <wf lemma="на" pos="X">на</wf>
         <wf lemma="семинара" pos="X">семинара</wf>
         <wf lemma="." pos="X">.</wf>
      </sentence>
      <sentence id="d000.s4759" source="wordnet-bulgarian">
         <wf lemma="купувам" pos="X">купувам</wf>
         <instance id="d000.s4759.t000" lemma="картина" pos="NOUN">картина</instance>
         <wf lemma="на" pos="X">на</wf>
         <wf lemma="изгодна" pos="X">изгодна</wf>
         <wf lemma="цена" pos="X">цена</wf>
         <wf lemma="." pos="X">.</wf>
      </sentence>
      <sentence id="d000.s4760" source="wordnet-bulgarian">
         <wf lemma="Учителите" pos="X">Учителите</wf>
         <instance id="d000.s4760.t000" lemma="изисквам" pos="VERB">изискват</instance>
         <wf lemma="от" pos="X">от</wf>
         <wf lemma="децата" pos="X">децата</wf>
         <wf lemma="повече" pos="X">повече</wf>
         <wf lemma="умения" pos="X">умения</wf>
         <wf lemma="и" pos="X">и</wf>
         <wf lemma="старание" pos="X">старание</wf>
         <wf lemma="." pos="X">.</wf>
      </sentence>
      <sentence id="d000.s4761" source="wordnet-bulgarian">
         <instance id="d000.s4761.t000" lemma="резен" pos="NOUN">резен</instance>
         <wf lemma="сирене" pos="X">сирене</wf>
         <wf lemma="." pos="X">.</wf>
      </sentence>
      <sentence id="d000.s4762" source="wordnet-bulgarian">
         <wf lemma="ученическа" pos="X">ученическа</wf>
         <instance id="d000.s4762.t000" lemma="чанта" pos="NOUN">чанта</instance>
         <wf lemma="." pos="X">.</wf>
      </sentence>
      <sentence id="d000.s4763" source="wordnet-bulgarian">
         <wf lemma="най-високо" pos="X">най-високо</wf>
         <instance id="d000.s4763.t000" lemma="ниво" pos="NOUN">ниво</instance>
         <wf lemma="." pos="X">.</wf>
      </sentence>
      <sentence id="d000.s4764" source="wordnet-bulgarian">
         <wf lemma="публична" pos="X">публична</wf>
         <instance id="d000.s4764.t000" lemma="лекция" pos="NOUN">лекция</instance>
         <wf lemma="." pos="X">.</wf>
      </sentence>
      <sentence id="d000.s4765" source="wordnet-bulgarian">
         <wf lemma="Роди" pos="X">Роди</wf>
         <wf lemma="ме" pos="X">ме</wf>
         <wf lemma="," pos="X">,</wf>
         <wf lemma="мамо" pos="X">мамо</wf>
         <wf lemma="," pos="X">,</wf>
         <wf lemma="с" pos="X">с</wf>
         <instance id="d000.s4765.t000" lemma="късмет" pos="NOUN">късмет</instance>
         <wf lemma="," pos="X">,</wf>
         <wf lemma="че" pos="X">че</wf>
         <wf lemma="ме" pos="X">ме</wf>
         <wf lemma="хвърли" pos="X">хвърли</wf>
         <wf lemma="на" pos="X">на</wf>
         <wf lemma="смет" pos="X">смет</wf>
         <wf lemma="." pos="X">.</wf>
      </sentence>
      <sentence id="d000.s4766" source="wordnet-bulgarian">
         <wf lemma="прибирам" pos="X">прибирам</wf>
         <wf lemma="се" pos="X">се</wf>
         <wf lemma="у" pos="X">у</wf>
         <instance id="d000.s4766.t000" lemma="дом" pos="NOUN">дома</instance>
         <wf lemma="." pos="X">.</wf>
      </sentence>
      <sentence id="d000.s4767" source="wordnet-bulgarian">
         <wf lemma="китна" pos="X">китна</wf>
         <instance id="d000.s4767.t000" lemma="долина" pos="NOUN">долина</instance>
         <wf lemma="." pos="X">.</wf>
      </sentence>
      <sentence id="d000.s4768" source="wordnet-bulgarian">
         <instance id="d000.s4768.t000" lemma="ресторант" pos="NOUN">ресторант</instance>
         <wf lemma="на" pos="X">на</wf>
         <wf lemma="брега" pos="X">брега</wf>
         <wf lemma="на" pos="X">на</wf>
         <wf lemma="морето" pos="X">морето</wf>
         <wf lemma="." pos="X">.</wf>
      </sentence>
      <sentence id="d000.s4769" source="wordnet-bulgarian">
         <wf lemma="Сълзи" pos="X">Сълзи</wf>
         <wf lemma="се" pos="X">се</wf>
         <wf lemma="стичаха" pos="X">стичаха</wf>
         <wf lemma="по" pos="X">по</wf>
         <instance id="d000.s4769.t000" lemma="буза" pos="NOUN">бузите</instance>
         <wf lemma="й" pos="X">й</wf>
         <wf lemma="." pos="X">.</wf>
      </sentence>
      <sentence id="d000.s4770" source="wordnet-bulgarian">
         <wf lemma="художествен" pos="X">художествен</wf>
         <instance id="d000.s4770.t000" lemma="текст" pos="NOUN">текст</instance>
         <wf lemma="." pos="X">.</wf>
      </sentence>
      <sentence id="d000.s4771" source="wordnet-bulgarian">
         <instance id="d000.s4771.t000" lemma="син" pos="NOUN">синя</instance>
         <wf lemma="боя" pos="X">боя</wf>
         <wf lemma="." pos="X">.</wf>
      </sentence>
      <sentence id="d000.s4772" source="wordnet-bulgarian">
         <wf lemma="получавам" pos="X">получавам</wf>
         <instance id="d000.s4772.t000" lemma="съобщение" pos="NOUN">съобщение</instance>
         <wf lemma="." pos="X">.</wf>
      </sentence>
      <sentence id="d000.s4773" source="wordnet-bulgarian">
         <wf lemma="телевизионна" pos="X">телевизионна</wf>
         <instance id="d000.s4773.t000" lemma="игра" pos="NOUN">игра</instance>
         <wf lemma="." pos="X">.</wf>
      </sentence>
      <sentence id="d000.s4774" source="wordnet-bulgarian">
         <wf lemma="Какъв" pos="X">Какъв</wf>
         <wf lemma="е" pos="X">е</wf>
         <instance id="d000.s4774.t000" lemma="обем" pos="NOUN">обемът</instance>
         <wf lemma="на" pos="X">на</wf>
         <wf lemma="съда" pos="X">съда</wf>
         <wf lemma="?" pos="X">?</wf>
      </sentence>
      <sentence id="d000.s4775" source="wordnet-bulgarian">
         <wf lemma="Имам" pos="X">Имам</wf>
         <wf lemma="добро" pos="X">добро</wf>
         <instance id="d000.s4775.t000" lemma="предчувствие" pos="NOUN">предчувствие</instance>
         <wf lemma="." pos="X">.</wf>
      </sentence>
      <sentence id="d000.s4776" source="wordnet-bulgarian">
         <wf lemma="стационарен" pos="X">стационарен</wf>
         <instance id="d000.s4776.t000" lemma="телефон" pos="NOUN">телефон</instance>
         <wf lemma="." pos="X">.</wf>
      </sentence>
      <sentence id="d000.s4777" source="wordnet-bulgarian">
         <wf lemma="Ще" pos="X">Ще</wf>
         <instance id="d000.s4777.t000" lemma="паркирам" pos="VERB">паркираме</instance>
         <wf lemma="колата" pos="X">колата</wf>
         <wf lemma="в" pos="X">в</wf>
         <wf lemma="дъното" pos="X">дъното</wf>
         <wf lemma="на" pos="X">на</wf>
         <wf lemma="площада" pos="X">площада</wf>
         <wf lemma="." pos="X">.</wf>
      </sentence>
      <sentence id="d000.s4778" source="wordnet-bulgarian">
         <wf lemma="поземлен" pos="X">поземлен</wf>
         <instance id="d000.s4778.t000" lemma="данък" pos="NOUN">данък</instance>
         <wf lemma="." pos="X">.</wf>
      </sentence>
      <sentence id="d000.s4779" source="wordnet-bulgarian">
         <wf lemma="пъстроцветна" pos="X">пъстроцветна</wf>
         <instance id="d000.s4779.t000" lemma="възглавница" pos="NOUN">възглавница</instance>
         <wf lemma="." pos="X">.</wf>
      </sentence>
      <sentence id="d000.s4780" source="wordnet-bulgarian">
         <instance id="d000.s4780.t000" lemma="програма" pos="NOUN">програма</instance>
         <wf lemma="за" pos="X">за</wf>
         <wf lemma="обработка" pos="X">обработка</wf>
         <wf lemma="на" pos="X">на</wf>
         <wf lemma="грешки" pos="X">грешки</wf>
         <wf lemma="." pos="X">.</wf>
      </sentence>
      <sentence id="d000.s4781" source="wordnet-bulgarian">
         <wf lemma="любовна" pos="X">любовна</wf>
         <instance id="d000.s4781.t000" lemma="драма" pos="NOUN">драма</instance>
         <wf lemma="." pos="X">.</wf>
      </sentence>
      <sentence id="d000.s4782" source="wordnet-bulgarian">
         <wf lemma="Вкарвам" pos="X">Вкарвам</wf>
         <wf lemma="някого" pos="X">някого</wf>
         <wf lemma="в" pos="X">в</wf>
         <instance id="d000.s4782.t000" lemma="разноска" pos="NOUN">разноски</instance>
         <wf lemma="." pos="X">.</wf>
      </sentence>
      <sentence id="d000.s4783" source="wordnet-bulgarian">
         <instance id="d000.s4783.t000" lemma="екипаж" pos="NOUN">екипаж</instance>
         <wf lemma="на" pos="X">на</wf>
         <wf lemma="самолет" pos="X">самолет</wf>
         <wf lemma="." pos="X">.</wf>
      </sentence>
      <sentence id="d000.s4784" source="wordnet-bulgarian">
         <wf lemma="нямам" pos="X">нямам</wf>
         <wf lemma="никави" pos="X">никави</wf>
         <instance id="d000.s4784.t000" lemma="възражение" pos="NOUN">възражения</instance>
         <wf lemma="." pos="X">.</wf>
      </sentence>
      <sentence id="d000.s4785" source="wordnet-bulgarian">
         <wf lemma="прилежен" pos="X">прилежен</wf>
         <instance id="d000.s4785.t000" lemma="клас" pos="NOUN">клас</instance>
         <wf lemma="." pos="X">.</wf>
      </sentence>
      <sentence id="d000.s4786" source="wordnet-bulgarian">
         <wf lemma="пия" pos="X">пия</wf>
         <instance id="d000.s4786.t000" lemma="лекарство" pos="NOUN">лекарство</instance>
         <wf lemma="." pos="X">.</wf>
      </sentence>
      <sentence id="d000.s4787" source="wordnet-bulgarian">
         <wf lemma="Не" pos="X">Не</wf>
         <wf lemma="ме" pos="X">ме</wf>
         <wf lemma="интересува" pos="X">интересува</wf>
         <instance id="d000.s4787.t000" lemma="мнение" pos="NOUN">мнението</instance>
         <wf lemma="ти" pos="X">ти</wf>
         <wf lemma="." pos="X">.</wf>
      </sentence>
      <sentence id="d000.s4788" source="wordnet-bulgarian">
         <wf lemma="Покривам" pos="X">Покривам</wf>
         <instance id="d000.s4788.t000" lemma="под" pos="NOUN">пода</instance>
         <wf lemma="в" pos="X">в</wf>
         <wf lemma="стаята" pos="X">стаята</wf>
         <wf lemma="с" pos="X">с</wf>
         <wf lemma="цветен" pos="X">цветен</wf>
         <wf lemma="чипровски" pos="X">чипровски</wf>
         <wf lemma="килим" pos="X">килим</wf>
         <wf lemma="." pos="X">.</wf>
      </sentence>
      <sentence id="d000.s4789" source="wordnet-bulgarian">
         <wf lemma="добър" pos="X">добър</wf>
         <instance id="d000.s4789.t000" lemma="дух" pos="NOUN">дух</instance>
         <wf lemma="." pos="X">.</wf>
      </sentence>
      <sentence id="d000.s4790" source="wordnet-bulgarian">
         <instance id="d000.s4790.t000" lemma="програма" pos="NOUN">програма</instance>
         <wf lemma="на" pos="X">на</wf>
         <wf lemma="концерт" pos="X">концерт</wf>
         <wf lemma="." pos="X">.</wf>
      </sentence>
      <sentence id="d000.s4791" source="wordnet-bulgarian">
         <wf lemma="сплави" pos="X">сплави</wf>
         <wf lemma="на" pos="X">на</wf>
         <instance id="d000.s4791.t000" lemma="желязо" pos="NOUN">желязото</instance>
         <wf lemma="." pos="X">.</wf>
      </sentence>
      <sentence id="d000.s4792" source="wordnet-bulgarian">
         <wf lemma="предизвиквам" pos="X">предизвиквам</wf>
         <instance id="d000.s4792.t000" lemma="обрат" pos="NOUN">обрат</instance>
         <wf lemma="в." pos="X">в.</wf>
      </sentence>
      <sentence id="d000.s4793" source="wordnet-bulgarian">
         <wf lemma="В" pos="X">В</wf>
         <wf lemma="малката" pos="X">малката</wf>
         <instance id="d000.s4793.t000" lemma="ниша" pos="NOUN">ниша</instance>
         <wf lemma="беше" pos="X">беше</wf>
         <wf lemma="поставена" pos="X">поставена</wf>
         <wf lemma="красива" pos="X">красива</wf>
         <wf lemma="икона" pos="X">икона</wf>
         <wf lemma="." pos="X">.</wf>
      </sentence>
      <sentence id="d000.s4794" source="wordnet-bulgarian">
         <instance id="d000.s4794.t000" lemma="имам" pos="VERB">имам</instance>
         <wf lemma="кола" pos="X">кола</wf>
         <wf lemma="." pos="X">.</wf>
      </sentence>
      <sentence id="d000.s4795" source="wordnet-bulgarian">
         <instance id="d000.s4795.t000" lemma="епоха" pos="NOUN">епоха</instance>
         <wf lemma="на" pos="X">на</wf>
         <wf lemma="Ренесанса" pos="X">Ренесанса</wf>
         <wf lemma="." pos="X">.</wf>
      </sentence>
      <sentence id="d000.s4796" source="wordnet-bulgarian">
         <wf lemma="смел" pos="X">смел</wf>
         <instance id="d000.s4796.t000" lemma="селянин" pos="NOUN">селянин</instance>
         <wf lemma="." pos="X">.</wf>
      </sentence>
      <sentence id="d000.s4797" source="wordnet-bulgarian">
         <wf lemma="сгъваем" pos="X">сгъваем</wf>
         <instance id="d000.s4797.t000" lemma="нож" pos="NOUN">нож</instance>
         <wf lemma="." pos="X">.</wf>
      </sentence>
      <sentence id="d000.s4798" source="wordnet-bulgarian">
         <instance id="d000.s4798.t000" lemma="въпрос" pos="NOUN">въпросът</instance>
         <wf lemma="може" pos="X">може</wf>
         <wf lemma="да" pos="X">да</wf>
         <wf lemma="бъде" pos="X">бъде</wf>
         <wf lemma="уреден" pos="X">уреден</wf>
         <wf lemma="чрез" pos="X">чрез</wf>
         <wf lemma="." pos="X">.</wf>
      </sentence>
      <sentence id="d000.s4799" source="wordnet-bulgarian">
         <wf lemma="тъжна" pos="X">тъжна</wf>
         <instance id="d000.s4799.t000" lemma="усмивка" pos="NOUN">усмивка</instance>
         <wf lemma="." pos="X">.</wf>
      </sentence>
      <sentence id="d000.s4800" source="wordnet-bulgarian">
         <wf lemma="силен" pos="X">силен</wf>
         <instance id="d000.s4800.t000" lemma="враг" pos="NOUN">враг</instance>
         <wf lemma="." pos="X">.</wf>
      </sentence>
      <sentence id="d000.s4801" source="wordnet-bulgarian">
         <instance id="d000.s4801.t000" lemma="снабдя" pos="VERB">Снабдихме</instance>
         <wf lemma="децата" pos="X">децата</wf>
         <wf lemma="с" pos="X">с</wf>
         <wf lemma="храна" pos="X">храна</wf>
         <wf lemma="." pos="X">.</wf>
      </sentence>
      <sentence id="d000.s4802" source="wordnet-bulgarian">
         <wf lemma="Нарязвам" pos="X">Нарязвам</wf>
         <instance id="d000.s4802.t000" lemma="хляб" pos="NOUN">хляба</instance>
         <wf lemma="на" pos="X">на</wf>
         <wf lemma="филии" pos="X">филии</wf>
         <wf lemma="." pos="X">.</wf>
      </sentence>
      <sentence id="d000.s4803" source="wordnet-bulgarian">
         <wf lemma="изоставена" pos="X">изоставена</wf>
         <instance id="d000.s4803.t000" lemma="мелница" pos="NOUN">мелница</instance>
         <wf lemma="." pos="X">.</wf>
      </sentence>
      <sentence id="d000.s4804" source="wordnet-bulgarian">
         <instance id="d000.s4804.t000" lemma="талисман" pos="NOUN">Талисманът</instance>
         <wf lemma="ми" pos="X">ми</wf>
         <wf lemma="е" pos="X">е</wf>
         <wf lemma="една" pos="X">една</wf>
         <wf lemma="малка" pos="X">малка</wf>
         <wf lemma="черна" pos="X">черна</wf>
         <wf lemma="маймунка" pos="X">маймунка</wf>
         <wf lemma="." pos="X">.</wf>
      </sentence>
      <sentence id="d000.s4805" source="wordnet-bulgarian">
         <instance id="d000.s4805.t000" lemma="желание" pos="NOUN">желание</instance>
         <wf lemma="за" pos="X">за</wf>
         <wf lemma="живот" pos="X">живот</wf>
         <wf lemma="." pos="X">.</wf>
      </sentence>
      <sentence id="d000.s4806" source="wordnet-bulgarian">
         <wf lemma="генерална" pos="X">генерална</wf>
         <instance id="d000.s4806.t000" lemma="репетиция" pos="NOUN">репетиция</instance>
         <wf lemma="." pos="X">.</wf>
      </sentence>
      <sentence id="d000.s4807" source="wordnet-bulgarian">
         <wf lemma="ръководство" pos="X">ръководство</wf>
         <wf lemma="на" pos="X">на</wf>
         <instance id="d000.s4807.t000" lemma="партия" pos="NOUN">партия</instance>
         <wf lemma="." pos="X">.</wf>
      </sentence>
      <sentence id="d000.s4808" source="wordnet-bulgarian">
         <wf lemma="Имам" pos="X">Имам</wf>
         <wf lemma="хубави" pos="X">хубави</wf>
         <instance id="d000.s4808.t000" lemma="вена" pos="NOUN">вени</instance>
         <wf lemma="." pos="X">.</wf>
      </sentence>
      <sentence id="d000.s4809" source="wordnet-bulgarian">
         <wf lemma="добър" pos="X">добър</wf>
         <instance id="d000.s4809.t000" lemma="музикант" pos="NOUN">музикант</instance>
         <wf lemma="." pos="X">.</wf>
      </sentence>
      <sentence id="d000.s4810" source="wordnet-bulgarian">
         <instance id="d000.s4810.t000" lemma="язва" pos="NOUN">язва</instance>
         <wf lemma="на" pos="X">на</wf>
         <wf lemma="стомаха" pos="X">стомаха</wf>
         <wf lemma="." pos="X">.</wf>
      </sentence>
      <sentence id="d000.s4811" source="wordnet-bulgarian">
         <wf lemma="предизборна" pos="X">предизборна</wf>
         <instance id="d000.s4811.t000" lemma="кампания" pos="NOUN">кампания</instance>
         <wf lemma="." pos="X">.</wf>
      </sentence>
      <sentence id="d000.s4812" source="wordnet-bulgarian">
         <instance id="d000.s4812.t000" lemma="температура" pos="NOUN">Температура</instance>
         <wf lemma="на" pos="X">на</wf>
         <wf lemma="кипене" pos="X">кипене</wf>
         <wf lemma="." pos="X">.</wf>
      </sentence>
      <sentence id="d000.s4813" source="wordnet-bulgarian">
         <wf lemma="български" pos="X">български</wf>
         <instance id="d000.s4813.t000" lemma="език" pos="NOUN">език</instance>
         <wf lemma="." pos="X">.</wf>
      </sentence>
      <sentence id="d000.s4814" source="wordnet-bulgarian">
         <wf lemma="конструкция" pos="X">конструкция</wf>
         <wf lemma="за" pos="X">за</wf>
         <instance id="d000.s4814.t000" lemma="парник" pos="NOUN">парник</instance>
         <wf lemma="." pos="X">.</wf>
      </sentence>
      <sentence id="d000.s4815" source="wordnet-bulgarian">
         <wf lemma="висока" pos="X">висока</wf>
         <instance id="d000.s4815.t000" lemma="температура" pos="NOUN">температура</instance>
         <wf lemma="." pos="X">.</wf>
      </sentence>
      <sentence id="d000.s4816" source="wordnet-bulgarian">
         <wf lemma="Той" pos="X">Той</wf>
         <wf lemma="върши" pos="X">върши</wf>
         <wf lemma="работата" pos="X">работата</wf>
         <wf lemma="си" pos="X">си</wf>
         <wf lemma="с" pos="X">с</wf>
         <instance id="d000.s4816.t000" lemma="вещина" pos="NOUN">вещина</instance>
         <wf lemma="." pos="X">.</wf>
      </sentence>
      <sentence id="d000.s4817" source="wordnet-bulgarian">
         <wf lemma="изграждам" pos="X">изграждам</wf>
         <instance id="d000.s4817.t000" lemma="инфраструктура" pos="NOUN">инфраструктура</instance>
         <wf lemma="." pos="X">.</wf>
      </sentence>
      <sentence id="d000.s4818" source="wordnet-bulgarian">
         <wf lemma="късам" pos="X">късам</wf>
         <wf lemma="на" pos="X">на</wf>
         <instance id="d000.s4818.t000" lemma="късче" pos="NOUN">късчета</instance>
         <wf lemma="." pos="X">.</wf>
      </sentence>
      <sentence id="d000.s4819" source="wordnet-bulgarian">
         <wf lemma="Тя" pos="X">Тя</wf>
         <instance id="d000.s4819.t000" lemma="публикувам" pos="VERB">публикува</instance>
         <wf lemma="най-новата" pos="X">най-новата</wf>
         <wf lemma="си" pos="X">си</wf>
         <wf lemma="книга" pos="X">книга</wf>
         <wf lemma="." pos="X">.</wf>
      </sentence>
      <sentence id="d000.s4820" source="wordnet-bulgarian">
         <instance id="d000.s4820.t000" lemma="плач" pos="VERB">плача</instance>
         <wf lemma="от" pos="X">от</wf>
         <wf lemma="скръб" pos="X">скръб</wf>
         <wf lemma="." pos="X">.</wf>
      </sentence>
      <sentence id="d000.s4821" source="wordnet-bulgarian">
         <wf lemma="Трябва" pos="X">Трябва</wf>
         <wf lemma="да" pos="X">да</wf>
         <wf lemma="се" pos="X">се</wf>
         <wf lemma="постави" pos="X">постави</wf>
         <instance id="d000.s4821.t000" lemma="предел" pos="NOUN">предел</instance>
         <wf lemma="." pos="X">.</wf>
      </sentence>
      <sentence id="d000.s4822" source="wordnet-bulgarian">
         <wf lemma="Той" pos="X">Той</wf>
         <wf lemma="отпусна" pos="X">отпусна</wf>
         <wf lemma="умореното" pos="X">умореното</wf>
         <wf lemma="си" pos="X">си</wf>
         <instance id="d000.s4822.t000" lemma="тяло" pos="NOUN">тяло</instance>
         <wf lemma="на" pos="X">на</wf>
         <wf lemma="стола" pos="X">стола</wf>
         <wf lemma="." pos="X">.</wf>
      </sentence>
      <sentence id="d000.s4823" source="wordnet-bulgarian">
         <wf lemma="търся" pos="X">търся</wf>
         <instance id="d000.s4823.t000" lemma="отговорност" pos="NOUN">отговорност</instance>
         <wf lemma="от" pos="X">от</wf>
         <wf lemma="." pos="X">.</wf>
      </sentence>
      <sentence id="d000.s4824" source="wordnet-bulgarian">
         <wf lemma="изпадам" pos="X">изпадам</wf>
         <wf lemma="в" pos="X">в</wf>
         <instance id="d000.s4824.t000" lemma="крайност" pos="NOUN">крайност</instance>
         <wf lemma="." pos="X">.</wf>
      </sentence>
      <sentence id="d000.s4825" source="wordnet-bulgarian">
         <wf lemma="сандвич" pos="X">сандвич</wf>
         <wf lemma="с" pos="X">с</wf>
         <instance id="d000.s4825.t000" lemma="масло" pos="NOUN">масло</instance>
         <wf lemma="и" pos="X">и</wf>
         <wf lemma="салам" pos="X">салам</wf>
         <wf lemma="." pos="X">.</wf>
      </sentence>
      <sentence id="d000.s4826" source="wordnet-bulgarian">
         <wf lemma="имам" pos="X">имам</wf>
         <instance id="d000.s4826.t000" lemma="мотив" pos="NOUN">мотив</instance>
         <wf lemma="за" pos="X">за</wf>
         <wf lemma="." pos="X">.</wf>
      </sentence>
      <sentence id="d000.s4827" source="wordnet-bulgarian">
         <instance id="d000.s4827.t000" lemma="кучкарник" pos="NOUN">Кучкарникът</instance>
         <wf lemma="беше" pos="X">беше</wf>
         <wf lemma="препълнен" pos="X">препълнен</wf>
         <wf lemma="с" pos="X">с</wf>
         <wf lemma="най-разнообразни" pos="X">най-разнообразни</wf>
         <wf lemma="кучета" pos="X">кучета</wf>
         <wf lemma="." pos="X">.</wf>
      </sentence>
      <sentence id="d000.s4828" source="wordnet-bulgarian">
         <wf lemma="хитър" pos="X">хитър</wf>
         <instance id="d000.s4828.t000" lemma="селянин" pos="NOUN">селянин</instance>
         <wf lemma="." pos="X">.</wf>
      </sentence>
      <sentence id="d000.s4829" source="wordnet-bulgarian">
         <instance id="d000.s4829.t000" lemma="замаскирам" pos="VERB">замаскирах</instance>
         <wf lemma="лицето" pos="X">лицето</wf>
         <wf lemma="си" pos="X">си</wf>
         <wf lemma="." pos="X">.</wf>
      </sentence>
      <sentence id="d000.s4830" source="wordnet-bulgarian">
         <wf lemma="поредно" pos="X">поредно</wf>
         <instance id="d000.s4830.t000" lemma="число" pos="NOUN">число</instance>
         <wf lemma="." pos="X">.</wf>
      </sentence>
      <sentence id="d000.s4831" source="wordnet-bulgarian">
         <wf lemma="Всяко" pos="X">Всяко</wf>
         <instance id="d000.s4831.t000" lemma="лято" pos="NOUN">лято</instance>
         <wf lemma="ходиме" pos="X">ходиме</wf>
         <wf lemma="на" pos="X">на</wf>
         <wf lemma="море" pos="X">море</wf>
         <wf lemma="." pos="X">.</wf>
      </sentence>
      <sentence id="d000.s4832" source="wordnet-bulgarian">
         <wf lemma="прекратявам" pos="X">прекратявам</wf>
         <instance id="d000.s4832.t000" lemma="връзка" pos="NOUN">връзките</instance>
         <wf lemma="си" pos="X">си</wf>
         <wf lemma="с." pos="X">с.</wf>
      </sentence>
      <sentence id="d000.s4833" source="wordnet-bulgarian">
         <wf lemma="Неорганична" pos="X">Неорганична</wf>
         <instance id="d000.s4833.t000" lemma="химия" pos="NOUN">химия</instance>
         <wf lemma="." pos="X">.</wf>
      </sentence>
      <sentence id="d000.s4834" source="wordnet-bulgarian">
         <instance id="d000.s4834.t000" lemma="ниво" pos="NOUN">ниво</instance>
         <wf lemma="на" pos="X">на</wf>
         <wf lemma="живота" pos="X">живота</wf>
         <wf lemma="." pos="X">.</wf>
      </sentence>
      <sentence id="d000.s4835" source="wordnet-bulgarian">
         <wf lemma="лек" pos="X">лек</wf>
         <instance id="d000.s4835.t000" lemma="наркотик" pos="NOUN">наркотик</instance>
         <wf lemma="." pos="X">.</wf>
      </sentence>
      <sentence id="d000.s4836" source="wordnet-bulgarian">
         <instance id="d000.s4836.t000" lemma="избирам" pos="VERB">избирам</instance>
         <wf lemma="мебели" pos="X">мебели</wf>
         <wf lemma="." pos="X">.</wf>
      </sentence>
      <sentence id="d000.s4837" source="wordnet-bulgarian">
         <instance id="d000.s4837.t000" lemma="изпратя" pos="VERB">Изпратиха</instance>
         <wf lemma="ме" pos="X">ме</wf>
         <wf lemma="до" pos="X">до</wf>
         <wf lemma="магазина" pos="X">магазина</wf>
         <wf lemma="за" pos="X">за</wf>
         <wf lemma="хляб" pos="X">хляб</wf>
         <wf lemma="." pos="X">.</wf>
      </sentence>
      <sentence id="d000.s4838" source="wordnet-bulgarian">
         <wf lemma="Примирих" pos="X">Примирих</wf>
         <wf lemma="се" pos="X">се</wf>
         <wf lemma="с" pos="X">с</wf>
         <instance id="d000.s4838.t000" lemma="недостатък" pos="NOUN">недостатъците</instance>
         <wf lemma="му" pos="X">му</wf>
         <wf lemma="и" pos="X">и</wf>
         <wf lemma="заживяхме" pos="X">заживяхме</wf>
         <wf lemma="спокойно" pos="X">спокойно</wf>
         <wf lemma="." pos="X">.</wf>
      </sentence>
      <sentence id="d000.s4839" source="wordnet-bulgarian">
         <instance id="d000.s4839.t000" lemma="познание" pos="NOUN">познания</instance>
         <wf lemma="за" pos="X">за</wf>
         <wf lemma="." pos="X">.</wf>
      </sentence>
      <sentence id="d000.s4840" source="wordnet-bulgarian">
         <wf lemma="официален" pos="X">официален</wf>
         <instance id="d000.s4840.t000" lemma="костюм" pos="NOUN">костюм</instance>
         <wf lemma="." pos="X">.</wf>
      </sentence>
      <sentence id="d000.s4841" source="wordnet-bulgarian">
         <wf lemma="влизам" pos="X">влизам</wf>
         <wf lemma="в" pos="X">в</wf>
         <instance id="d000.s4841.t000" lemma="баня" pos="NOUN">банята</instance>
         <wf lemma="." pos="X">.</wf>
      </sentence>
      <sentence id="d000.s4842" source="wordnet-bulgarian">
         <instance id="d000.s4842.t000" lemma="лишавам" pos="VERB">лишавам</instance>
         <wf lemma="от" pos="X">от</wf>
         <wf lemma="наследство" pos="X">наследство</wf>
         <wf lemma="." pos="X">.</wf>
      </sentence>
      <sentence id="d000.s4843" source="wordnet-bulgarian">
         <instance id="d000.s4843.t000" lemma="движение" pos="NOUN">движение</instance>
         <wf lemma="за" pos="X">за</wf>
         <wf lemma="мир" pos="X">мир</wf>
         <wf lemma="." pos="X">.</wf>
      </sentence>
      <sentence id="d000.s4844" source="wordnet-bulgarian">
         <wf lemma="епохално" pos="X">епохално</wf>
         <instance id="d000.s4844.t000" lemma="откритие" pos="NOUN">откритие</instance>
         <wf lemma="." pos="X">.</wf>
      </sentence>
      <sentence id="d000.s4845" source="wordnet-bulgarian">
         <wf lemma="искам" pos="X">искам</wf>
         <instance id="d000.s4845.t000" lemma="възмездие" pos="NOUN">възмездие</instance>
         <wf lemma="." pos="X">.</wf>
      </sentence>
      <sentence id="d000.s4846" source="wordnet-bulgarian">
         <wf lemma="очила" pos="X">очила</wf>
         <wf lemma="за" pos="X">за</wf>
         <instance id="d000.s4846.t000" lemma="компютър" pos="NOUN">компютър</instance>
         <wf lemma="." pos="X">.</wf>
      </sentence>
      <sentence id="d000.s4847" source="wordnet-bulgarian">
         <wf lemma="безглаголно" pos="X">безглаголно</wf>
         <instance id="d000.s4847.t000" lemma="изречение" pos="NOUN">изречение</instance>
         <wf lemma="." pos="X">.</wf>
      </sentence>
      <sentence id="d000.s4848" source="wordnet-bulgarian">
         <wf lemma="дървена" pos="X">дървена</wf>
         <instance id="d000.s4848.t000" lemma="колона" pos="NOUN">колона</instance>
         <wf lemma="." pos="X">.</wf>
      </sentence>
      <sentence id="d000.s4849" source="wordnet-bulgarian">
         <wf lemma="висока" pos="X">висока</wf>
         <instance id="d000.s4849.t000" lemma="степен" pos="NOUN">степен</instance>
         <wf lemma="на" pos="X">на</wf>
         <wf lemma="внимание" pos="X">внимание</wf>
         <wf lemma="." pos="X">.</wf>
      </sentence>
      <sentence id="d000.s4850" source="wordnet-bulgarian">
         <wf lemma="Уморих" pos="X">Уморих</wf>
         <wf lemma="се" pos="X">се</wf>
         <wf lemma="от" pos="X">от</wf>
         <instance id="d000.s4850.t000" lemma="амбиция" pos="NOUN">амбиции</instance>
         <wf lemma="." pos="X">.</wf>
      </sentence>
      <sentence id="d000.s4851" source="wordnet-bulgarian">
         <wf lemma="алуминиева" pos="X">алуминиева</wf>
         <instance id="d000.s4851.t000" lemma="конструкция" pos="NOUN">конструкция</instance>
         <wf lemma="." pos="X">.</wf>
      </sentence>
      <sentence id="d000.s4852" source="wordnet-bulgarian">
         <wf lemma="млечнобяла" pos="X">млечнобяла</wf>
         <instance id="d000.s4852.t000" lemma="мъгла" pos="NOUN">мъгла</instance>
         <wf lemma="." pos="X">.</wf>
      </sentence>
      <sentence id="d000.s4853" source="wordnet-bulgarian">
         <wf lemma="без" pos="X">без</wf>
         <wf lemma="специална" pos="X">специална</wf>
         <instance id="d000.s4853.t000" lemma="аргументация" pos="NOUN">аргументация</instance>
         <wf lemma="." pos="X">.</wf>
      </sentence>
      <sentence id="d000.s4854" source="wordnet-bulgarian">
         <wf lemma="комплексен" pos="X">комплексен</wf>
         <instance id="d000.s4854.t000" lemma="метод" pos="NOUN">метод</instance>
         <wf lemma="." pos="X">.</wf>
      </sentence>
      <sentence id="d000.s4855" source="wordnet-bulgarian">
         <wf lemma="римско" pos="X">римско</wf>
         <instance id="d000.s4855.t000" lemma="божество" pos="NOUN">божество</instance>
         <wf lemma="." pos="X">.</wf>
      </sentence>
      <sentence id="d000.s4856" source="wordnet-bulgarian">
         <wf lemma="насилствена" pos="X">насилствена</wf>
         <instance id="d000.s4856.t000" lemma="смърт" pos="NOUN">смърт</instance>
         <wf lemma="." pos="X">.</wf>
      </sentence>
      <sentence id="d000.s4857" source="wordnet-bulgarian">
         <wf lemma="узаконяване" pos="X">узаконяване</wf>
         <wf lemma="на" pos="X">на</wf>
         <instance id="d000.s4857.t000" lemma="сграда" pos="NOUN">сграда</instance>
         <wf lemma="." pos="X">.</wf>
      </sentence>
      <sentence id="d000.s4858" source="wordnet-bulgarian">
         <wf lemma="мъжко" pos="X">мъжко</wf>
         <instance id="d000.s4858.t000" lemma="палто" pos="NOUN">палто</instance>
         <wf lemma="." pos="X">.</wf>
      </sentence>
      <sentence id="d000.s4859" source="wordnet-bulgarian">
         <instance id="d000.s4859.t000" lemma="добавка" pos="NOUN">добавка</instance>
         <wf lemma="към" pos="X">към</wf>
         <wf lemma="пенсия" pos="X">пенсия</wf>
         <wf lemma="." pos="X">.</wf>
      </sentence>
      <sentence id="d000.s4860" source="wordnet-bulgarian">
         <wf lemma="зеленчуците" pos="X">зеленчуците</wf>
         <wf lemma="са" pos="X">са</wf>
         <wf lemma="от" pos="X">от</wf>
         <instance id="d000.s4860.t000" lemma="парник" pos="NOUN">парник</instance>
         <wf lemma="." pos="X">.</wf>
      </sentence>
      <sentence id="d000.s4861" source="wordnet-bulgarian">
         <wf lemma="Обади" pos="X">Обади</wf>
         <wf lemma="се" pos="X">се</wf>
         <wf lemma="на" pos="X">на</wf>
         <instance id="d000.s4861.t000" lemma="жена" pos="NOUN">жена</instance>
         <wf lemma="си" pos="X">си</wf>
         <wf lemma="." pos="X">.</wf>
      </sentence>
      <sentence id="d000.s4862" source="wordnet-bulgarian">
         <wf lemma="автомобилна" pos="X">автомобилна</wf>
         <instance id="d000.s4862.t000" lemma="врата" pos="NOUN">врата</instance>
         <wf lemma="." pos="X">.</wf>
      </sentence>
      <sentence id="d000.s4863" source="wordnet-bulgarian">
         <wf lemma="Ще" pos="X">Ще</wf>
         <wf lemma="ми" pos="X">ми</wf>
         <instance id="d000.s4863.t000" lemma="помогна" pos="VERB">помогнеш</instance>
         <wf lemma="ли" pos="X">ли</wf>
         <wf lemma="да" pos="X">да</wf>
         <wf lemma="пренеса" pos="X">пренеса</wf>
         <wf lemma="масата" pos="X">масата</wf>
         <wf lemma="?" pos="X">?</wf>
      </sentence>
      <sentence id="d000.s4864" source="wordnet-bulgarian">
         <wf lemma="хрупкав" pos="X">хрупкав</wf>
         <instance id="d000.s4864.t000" lemma="чипс" pos="NOUN">чипс</instance>
         <wf lemma="." pos="X">.</wf>
      </sentence>
      <sentence id="d000.s4865" source="wordnet-bulgarian">
         <wf lemma="икономически" pos="X">икономически</wf>
         <instance id="d000.s4865.t000" lemma="връзка" pos="NOUN">връзки</instance>
         <wf lemma="между" pos="X">между</wf>
         <wf lemma="две" pos="X">две</wf>
         <wf lemma="страни" pos="X">страни</wf>
         <wf lemma="." pos="X">.</wf>
      </sentence>
      <sentence id="d000.s4866" source="wordnet-bulgarian">
         <wf lemma="велика" pos="X">велика</wf>
         <instance id="d000.s4866.t000" lemma="култура" pos="NOUN">култура</instance>
         <wf lemma="." pos="X">.</wf>
      </sentence>
      <sentence id="d000.s4867" source="wordnet-bulgarian">
         <wf lemma="благоприятна" pos="X">благоприятна</wf>
         <instance id="d000.s4867.t000" lemma="атмосфера" pos="NOUN">атмосфера</instance>
         <wf lemma="." pos="X">.</wf>
      </sentence>
      <sentence id="d000.s4868" source="wordnet-bulgarian">
         <instance id="d000.s4868.t000" lemma="стремеж" pos="NOUN">стремеж</instance>
         <wf lemma="към" pos="X">към</wf>
         <wf lemma="." pos="X">.</wf>
      </sentence>
      <sentence id="d000.s4869" source="wordnet-bulgarian">
         <wf lemma="тъканни" pos="X">тъканни</wf>
         <instance id="d000.s4869.t000" lemma="орнамент" pos="NOUN">орнаменти</instance>
         <wf lemma="." pos="X">.</wf>
      </sentence>
      <sentence id="d000.s4870" source="wordnet-bulgarian">
         <wf lemma="далечен" pos="X">далечен</wf>
         <instance id="d000.s4870.t000" lemma="остров" pos="NOUN">остров</instance>
         <wf lemma="." pos="X">.</wf>
      </sentence>
      <sentence id="d000.s4871" source="wordnet-bulgarian">
         <wf lemma="превито" pos="X">превито</wf>
         <instance id="d000.s4871.t000" lemma="тяло" pos="NOUN">тяло</instance>
         <wf lemma="." pos="X">.</wf>
      </sentence>
      <sentence id="d000.s4872" source="wordnet-bulgarian">
         <instance id="d000.s4872.t000" lemma="телевизор" pos="NOUN">телевизор</instance>
         <wf lemma="с" pos="X">с</wf>
         <wf lemma="голям" pos="X">голям</wf>
         <wf lemma="екран" pos="X">екран</wf>
         <wf lemma="." pos="X">.</wf>
      </sentence>
      <sentence id="d000.s4873" source="wordnet-bulgarian">
         <wf lemma="вале" pos="X">вале</wf>
         <instance id="d000.s4873.t000" lemma="купа" pos="NOUN">купа</instance>
         <wf lemma="." pos="X">.</wf>
      </sentence>
      <sentence id="d000.s4874" source="wordnet-bulgarian">
         <wf lemma="посещавам" pos="X">посещавам</wf>
         <instance id="d000.s4874.t000" lemma="галерия" pos="NOUN">галерия</instance>
         <wf lemma="." pos="X">.</wf>
      </sentence>
      <sentence id="d000.s4875" source="wordnet-bulgarian">
         <wf lemma="Тук" pos="X">Тук</wf>
         <wf lemma="реката" pos="X">реката</wf>
         <instance id="d000.s4875.t000" lemma="тека" pos="VERB">тече</instance>
         <wf lemma="бързо" pos="X">бързо</wf>
         <wf lemma="." pos="X">.</wf>
      </sentence>
      <sentence id="d000.s4876" source="wordnet-bulgarian">
         <instance id="d000.s4876.t000" lemma="изложба" pos="NOUN">изложба</instance>
         <wf lemma="на" pos="X">на</wf>
         <wf lemma="малка" pos="X">малка</wf>
         <wf lemma="пластика" pos="X">пластика</wf>
         <wf lemma="." pos="X">.</wf>
      </sentence>
      <sentence id="d000.s4877" source="wordnet-bulgarian">
         <instance id="d000.s4877.t000" lemma="гозба" pos="NOUN">гозба</instance>
         <wf lemma="от" pos="X">от</wf>
         <wf lemma="." pos="X">.</wf>
      </sentence>
      <sentence id="d000.s4878" source="wordnet-bulgarian">
         <instance id="d000.s4878.t000" lemma="умея" pos="VERB">Умея</instance>
         <wf lemma="да" pos="X">да</wf>
         <wf lemma="готвя" pos="X">готвя</wf>
         <wf lemma="." pos="X">.</wf>
      </sentence>
      <sentence id="d000.s4879" source="wordnet-bulgarian">
         <instance id="d000.s4879.t000" lemma="гаранция" pos="NOUN">гаранция</instance>
         <wf lemma="от" pos="X">от</wf>
         <wf lemma="." pos="X">.</wf>
      </sentence>
      <sentence id="d000.s4880" source="wordnet-bulgarian">
         <wf lemma="екологични" pos="X">екологични</wf>
         <instance id="d000.s4880.t000" lemma="храна" pos="NOUN">храни</instance>
         <wf lemma="." pos="X">.</wf>
      </sentence>
      <sentence id="d000.s4881" source="wordnet-bulgarian">
         <wf lemma="връщам" pos="X">връщам</wf>
         <wf lemma="се" pos="X">се</wf>
         <wf lemma="от" pos="X">от</wf>
         <instance id="d000.s4881.t000" lemma="магазин" pos="NOUN">магазина</instance>
         <wf lemma="." pos="X">.</wf>
      </sentence>
      <sentence id="d000.s4882" source="wordnet-bulgarian">
         <wf lemma="по" pos="X">по</wf>
         <wf lemma="всички" pos="X">всички</wf>
         <wf lemma="части" pos="X">части</wf>
         <wf lemma="на" pos="X">на</wf>
         <instance id="d000.s4882.t000" lemma="свят" pos="NOUN">света</instance>
         <wf lemma="." pos="X">.</wf>
      </sentence>
      <sentence id="d000.s4883" source="wordnet-bulgarian">
         <instance id="d000.s4883.t000" lemma="отрова" pos="NOUN">отрова</instance>
         <wf lemma="за" pos="X">за</wf>
         <wf lemma="мишки" pos="X">мишки</wf>
         <wf lemma="." pos="X">.</wf>
      </sentence>
      <sentence id="d000.s4884" source="wordnet-bulgarian">
         <instance id="d000.s4884.t000" lemma="слънце" pos="NOUN">слънцето</instance>
         <wf lemma="залязва" pos="X">залязва</wf>
         <wf lemma="." pos="X">.</wf>
      </sentence>
      <sentence id="d000.s4885" source="wordnet-bulgarian">
         <wf lemma="дребен" pos="X">дребен</wf>
         <instance id="d000.s4885.t000" lemma="производител" pos="NOUN">производител</instance>
         <wf lemma="." pos="X">.</wf>
      </sentence>
      <sentence id="d000.s4886" source="wordnet-bulgarian">
         <wf lemma="ракова" pos="X">ракова</wf>
         <instance id="d000.s4886.t000" lemma="клетка" pos="NOUN">клетка</instance>
         <wf lemma="." pos="X">.</wf>
      </sentence>
      <sentence id="d000.s4887" source="wordnet-bulgarian">
         <wf lemma="изразителни" pos="X">изразителни</wf>
         <instance id="d000.s4887.t000" lemma="око" pos="NOUN">очи</instance>
         <wf lemma="." pos="X">.</wf>
      </sentence>
      <sentence id="d000.s4888" source="wordnet-bulgarian">
         <wf lemma="вулканичен" pos="X">вулканичен</wf>
         <instance id="d000.s4888.t000" lemma="връх" pos="NOUN">връх</instance>
         <wf lemma="." pos="X">.</wf>
      </sentence>
      <sentence id="d000.s4889" source="wordnet-bulgarian">
         <instance id="d000.s4889.t000" lemma="надзирател" pos="NOUN">надзирател</instance>
         <wf lemma="на" pos="X">на</wf>
         <wf lemma="пансион" pos="X">пансион</wf>
         <wf lemma="." pos="X">.</wf>
      </sentence>
      <sentence id="d000.s4890" source="wordnet-bulgarian">
         <instance id="d000.s4890.t000" lemma="пия" pos="VERB">пия</instance>
         <wf lemma="на" pos="X">на</wf>
         <wf lemma="големи" pos="X">големи</wf>
         <wf lemma="глътки" pos="X">глътки</wf>
         <wf lemma="." pos="X">.</wf>
      </sentence>
      <sentence id="d000.s4891" source="wordnet-bulgarian">
         <instance id="d000.s4891.t000" lemma="свидетел" pos="NOUN">свидетел</instance>
         <wf lemma="по" pos="X">по</wf>
         <wf lemma="дело" pos="X">дело</wf>
         <wf lemma="." pos="X">.</wf>
      </sentence>
      <sentence id="d000.s4892" source="wordnet-bulgarian">
         <wf lemma="губеща" pos="X">губеща</wf>
         <instance id="d000.s4892.t000" lemma="сделка" pos="NOUN">сделка</instance>
         <wf lemma="." pos="X">.</wf>
      </sentence>
      <sentence id="d000.s4893" source="wordnet-bulgarian">
         <wf lemma="платнен" pos="X">платнен</wf>
         <instance id="d000.s4893.t000" lemma="параван" pos="NOUN">параван</instance>
         <wf lemma="." pos="X">.</wf>
      </sentence>
      <sentence id="d000.s4894" source="wordnet-bulgarian">
         <wf lemma="непознати" pos="X">непознати</wf>
         <instance id="d000.s4894.t000" lemma="буква" pos="NOUN">букви</instance>
         <wf lemma="." pos="X">.</wf>
      </sentence>
      <sentence id="d000.s4895" source="wordnet-bulgarian">
         <wf lemma="Някои" pos="X">Някои</wf>
         <wf lemma="от" pos="X">от</wf>
         <wf lemma="най-прочутите" pos="X">най-прочутите</wf>
         <instance id="d000.s4895.t000" lemma="галерия" pos="NOUN">галерии</instance>
         <wf lemma="са" pos="X">са</wf>
         <wf lemma="Ермитажа" pos="X">Ермитажа</wf>
         <wf lemma="," pos="X">,</wf>
         <wf lemma="Лувъра" pos="X">Лувъра</wf>
         <wf lemma="," pos="X">,</wf>
         <wf lemma="Третяковската" pos="X">Третяковската</wf>
         <wf lemma="и" pos="X">и</wf>
         <wf lemma="др." pos="X">др.</wf>
      </sentence>
      <sentence id="d000.s4896" source="wordnet-bulgarian">
         <instance id="d000.s4896.t000" lemma="заседание" pos="NOUN">заседание</instance>
         <wf lemma="на" pos="X">на</wf>
         <wf lemma="бюрото" pos="X">бюрото</wf>
         <wf lemma="." pos="X">.</wf>
      </sentence>
      <sentence id="d000.s4897" source="wordnet-bulgarian">
         <wf lemma="Дълго" pos="X">Дълго</wf>
         <instance id="d000.s4897.t000" lemma="мисля" pos="VERB">мислих</instance>
         <wf lemma="над" pos="X">над</wf>
         <wf lemma="задачата" pos="X">задачата</wf>
         <wf lemma="." pos="X">.</wf>
      </sentence>
      <sentence id="d000.s4898" source="wordnet-bulgarian">
         <wf lemma="звучен" pos="X">звучен</wf>
         <instance id="d000.s4898.t000" lemma="израз" pos="NOUN">израз</instance>
         <wf lemma="от" pos="X">от</wf>
         <wf lemma="народната" pos="X">народната</wf>
         <wf lemma="реч" pos="X">реч</wf>
         <wf lemma="." pos="X">.</wf>
      </sentence>
      <sentence id="d000.s4899" source="wordnet-bulgarian">
         <wf lemma="дълбок" pos="X">дълбок</wf>
         <instance id="d000.s4899.t000" lemma="сън" pos="NOUN">сън</instance>
         <wf lemma="." pos="X">.</wf>
      </sentence>
      <sentence id="d000.s4900" source="wordnet-bulgarian">
         <wf lemma="пъхам" pos="X">пъхам</wf>
         <wf lemma="ключа" pos="X">ключа</wf>
         <wf lemma="в" pos="X">в</wf>
         <instance id="d000.s4900.t000" lemma="катинар" pos="NOUN">катинара</instance>
         <wf lemma="." pos="X">.</wf>
      </sentence>
      <sentence id="d000.s4901" source="wordnet-bulgarian">
         <wf lemma="спортна" pos="X">спортна</wf>
         <instance id="d000.s4901.t000" lemma="зала" pos="NOUN">зала</instance>
         <wf lemma="." pos="X">.</wf>
      </sentence>
      <sentence id="d000.s4902" source="wordnet-bulgarian">
         <instance id="d000.s4902.t000" lemma="място" pos="NOUN">Мястото</instance>
         <wf lemma="е" pos="X">е</wf>
         <wf lemma="хубаво" pos="X">хубаво</wf>
         <wf lemma="и" pos="X">и</wf>
         <wf lemma="романтично" pos="X">романтично</wf>
         <wf lemma="." pos="X">.</wf>
      </sentence>
      <sentence id="d000.s4903" source="wordnet-bulgarian">
         <instance id="d000.s4903.t000" lemma="подобрявам" pos="VERB">подобрявам</instance>
         <wf lemma="положението" pos="X">положението</wf>
         <wf lemma="си" pos="X">си</wf>
         <wf lemma="." pos="X">.</wf>
      </sentence>
      <sentence id="d000.s4904" source="wordnet-bulgarian">
         <wf lemma="Търся" pos="X">Търся</wf>
         <instance id="d000.s4904.t000" lemma="развлечение" pos="NOUN">развлечение</instance>
         <wf lemma="." pos="X">.</wf>
      </sentence>
      <sentence id="d000.s4905" source="wordnet-bulgarian">
         <wf lemma="частна" pos="X">частна</wf>
         <instance id="d000.s4905.t000" lemma="линейка" pos="NOUN">линейка</instance>
         <wf lemma="." pos="X">.</wf>
      </sentence>
      <sentence id="d000.s4906" source="wordnet-bulgarian">
         <wf lemma="страна" pos="X">страна</wf>
         <wf lemma="на" pos="X">на</wf>
         <instance id="d000.s4906.t000" lemma="квадрат" pos="NOUN">квадрат</instance>
         <wf lemma="." pos="X">.</wf>
      </sentence>
      <sentence id="d000.s4907" source="wordnet-bulgarian">
         <wf lemma="черен" pos="X">черен</wf>
         <instance id="d000.s4907.t000" lemma="молив" pos="NOUN">молив</instance>
         <wf lemma="." pos="X">.</wf>
      </sentence>
      <sentence id="d000.s4908" source="wordnet-bulgarian">
         <wf lemma="гланцирана" pos="X">гланцирана</wf>
         <instance id="d000.s4908.t000" lemma="снимка" pos="NOUN">снимка</instance>
         <wf lemma="." pos="X">.</wf>
      </sentence>
      <sentence id="d000.s4909" source="wordnet-bulgarian">
         <wf lemma="Утре" pos="X">Утре</wf>
         <wf lemma="ще" pos="X">ще</wf>
         <wf lemma="има" pos="X">има</wf>
         <instance id="d000.s4909.t000" lemma="промоция" pos="NOUN">промоция</instance>
         <wf lemma="на" pos="X">на</wf>
         <wf lemma="парфюми" pos="X">парфюми</wf>
         <wf lemma="." pos="X">.</wf>
      </sentence>
      <sentence id="d000.s4910" source="wordnet-bulgarian">
         <wf lemma="благородно" pos="X">благородно</wf>
         <instance id="d000.s4910.t000" lemma="начинание" pos="NOUN">начинание</instance>
         <wf lemma="." pos="X">.</wf>
      </sentence>
      <sentence id="d000.s4911" source="wordnet-bulgarian">
         <wf lemma="водно" pos="X">водно</wf>
         <instance id="d000.s4911.t000" lemma="насекомо" pos="NOUN">насекомо</instance>
         <wf lemma="." pos="X">.</wf>
      </sentence>
      <sentence id="d000.s4912" source="wordnet-bulgarian">
         <wf lemma="елипсовидна" pos="X">елипсовидна</wf>
         <instance id="d000.s4912.t000" lemma="орбита" pos="NOUN">орбита</instance>
         <wf lemma="." pos="X">.</wf>
      </sentence>
      <sentence id="d000.s4913" source="wordnet-bulgarian">
         <wf lemma="уверявам" pos="X">уверявам</wf>
         <wf lemma="се" pos="X">се</wf>
         <wf lemma="в" pos="X">в</wf>
         <instance id="d000.s4913.t000" lemma="правдоподобност" pos="NOUN">правдоподобността</instance>
         <wf lemma="на" pos="X">на</wf>
         <wf lemma="." pos="X">.</wf>
      </sentence>
      <sentence id="d000.s4914" source="wordnet-bulgarian">
         <wf lemma="телесен" pos="X">телесен</wf>
         <instance id="d000.s4914.t000" lemma="недостатък" pos="NOUN">недостатък</instance>
         <wf lemma="." pos="X">.</wf>
      </sentence>
      <sentence id="d000.s4915" source="wordnet-bulgarian">
         <wf lemma="с" pos="X">с</wf>
         <instance id="d000.s4915.t000" lemma="вещина" pos="NOUN">вещина</instance>
         <wf lemma="на" pos="X">на</wf>
         <wf lemma="стар" pos="X">стар</wf>
         <wf lemma="майстор" pos="X">майстор</wf>
         <wf lemma="." pos="X">.</wf>
      </sentence>
      <sentence id="d000.s4916" source="wordnet-bulgarian">
         <wf lemma="Ако" pos="X">Ако</wf>
         <wf lemma="не" pos="X">не</wf>
         <wf lemma="мълчиш" pos="X">мълчиш</wf>
         <wf lemma="," pos="X">,</wf>
         <wf lemma="ще" pos="X">ще</wf>
         <wf lemma="ти" pos="X">ти</wf>
         <wf lemma="откъсна" pos="X">откъсна</wf>
         <instance id="d000.s4916.t000" lemma="език" pos="NOUN">езика</instance>
         <wf lemma="." pos="X">.</wf>
      </sentence>
      <sentence id="d000.s4917" source="wordnet-bulgarian">
         <instance id="d000.s4917.t000" lemma="захар" pos="NOUN">захар</instance>
         <wf lemma="на" pos="X">на</wf>
         <wf lemma="бучки" pos="X">бучки</wf>
         <wf lemma="." pos="X">.</wf>
      </sentence>
      <sentence id="d000.s4918" source="wordnet-bulgarian">
         <wf lemma="вечерна" pos="X">вечерна</wf>
         <instance id="d000.s4918.t000" lemma="прожекция" pos="NOUN">прожекция</instance>
         <wf lemma="." pos="X">.</wf>
      </sentence>
      <sentence id="d000.s4919" source="wordnet-bulgarian">
         <wf lemma="Нов" pos="X">Нов</wf>
         <instance id="d000.s4919.t000" lemma="ферибот" pos="NOUN">ферибот</instance>
         <wf lemma="ще" pos="X">ще</wf>
         <wf lemma="свързва" pos="X">свързва</wf>
         <wf lemma="Румъния" pos="X">Румъния</wf>
         <wf lemma="и" pos="X">и</wf>
         <wf lemma="България" pos="X">България</wf>
         <wf lemma="при" pos="X">при</wf>
         <wf lemma="Свищов" pos="X">Свищов</wf>
         <wf lemma="." pos="X">.</wf>
      </sentence>
      <sentence id="d000.s4920" source="wordnet-bulgarian">
         <wf lemma="Никой" pos="X">Никой</wf>
         <wf lemma="не" pos="X">не</wf>
         <wf lemma="зачита" pos="X">зачита</wf>
         <instance id="d000.s4920.t000" lemma="мнение" pos="NOUN">мнението</instance>
         <wf lemma="ми" pos="X">ми</wf>
         <wf lemma="." pos="X">.</wf>
      </sentence>
      <sentence id="d000.s4921" source="wordnet-bulgarian">
         <instance id="d000.s4921.t000" lemma="рисунка" pos="NOUN">рисунка</instance>
         <wf lemma="с" pos="X">с</wf>
         <wf lemma="молив" pos="X">молив</wf>
         <wf lemma="." pos="X">.</wf>
      </sentence>
      <sentence id="d000.s4922" source="wordnet-bulgarian">
         <instance id="d000.s4922.t000" lemma="регистрация" pos="NOUN">регистрация</instance>
         <wf lemma="на" pos="X">на</wf>
         <wf lemma="граждански" pos="X">граждански</wf>
         <wf lemma="блак" pos="X">блак</wf>
         <wf lemma="." pos="X">.</wf>
      </sentence>
      <sentence id="d000.s4923" source="wordnet-bulgarian">
         <wf lemma="типичен" pos="X">типичен</wf>
         <instance id="d000.s4923.t000" lemma="жест" pos="NOUN">жест</instance>
         <wf lemma="." pos="X">.</wf>
      </sentence>
      <sentence id="d000.s4924" source="wordnet-bulgarian">
         <instance id="d000.s4924.t000" lemma="капитан" pos="NOUN">капитан</instance>
         <wf lemma="на" pos="X">на</wf>
         <wf lemma="кораб" pos="X">кораб</wf>
         <wf lemma="." pos="X">.</wf>
      </sentence>
      <sentence id="d000.s4925" source="wordnet-bulgarian">
         <instance id="d000.s4925.t000" lemma="племенник" pos="NOUN">Племенникът</instance>
         <wf lemma="ми" pos="X">ми</wf>
         <wf lemma="замина" pos="X">замина</wf>
         <wf lemma="за" pos="X">за</wf>
         <wf lemma="чужбина" pos="X">чужбина</wf>
         <wf lemma="." pos="X">.</wf>
      </sentence>
      <sentence id="d000.s4926" source="wordnet-bulgarian">
         <wf lemma="малко" pos="X">малко</wf>
         <instance id="d000.s4926.t000" lemma="момиче" pos="NOUN">момиче</instance>
         <wf lemma="." pos="X">.</wf>
      </sentence>
      <sentence id="d000.s4927" source="wordnet-bulgarian">
         <wf lemma="лоша" pos="X">лоша</wf>
         <instance id="d000.s4927.t000" lemma="майка" pos="NOUN">майка</instance>
         <wf lemma="." pos="X">.</wf>
      </sentence>
      <sentence id="d000.s4928" source="wordnet-bulgarian">
         <wf lemma="Той" pos="X">Той</wf>
         <wf lemma="се" pos="X">се</wf>
         <wf lemma="оказа" pos="X">оказа</wf>
         <wf lemma="изключителна" pos="X">изключителна</wf>
         <instance id="d000.s4928.t000" lemma="напаст" pos="NOUN">напаст</instance>
         <wf lemma="." pos="X">.</wf>
      </sentence>
      <sentence id="d000.s4929" source="wordnet-bulgarian">
         <wf lemma="извършвам" pos="X">извършвам</wf>
         <instance id="d000.s4929.t000" lemma="нападение" pos="NOUN">нападение</instance>
         <wf lemma="." pos="X">.</wf>
      </sentence>
      <sentence id="d000.s4930" source="wordnet-bulgarian">
         <wf lemma="домашен" pos="X">домашен</wf>
         <instance id="d000.s4930.t000" lemma="прах" pos="NOUN">прах</instance>
         <wf lemma="." pos="X">.</wf>
      </sentence>
      <sentence id="d000.s4931" source="wordnet-bulgarian">
         <wf lemma="свински" pos="X">свински</wf>
         <instance id="d000.s4931.t000" lemma="бут" pos="NOUN">бут</instance>
         <wf lemma="." pos="X">.</wf>
      </sentence>
      <sentence id="d000.s4932" source="wordnet-bulgarian">
         <wf lemma="лично" pos="X">лично</wf>
         <instance id="d000.s4932.t000" lemma="име" pos="NOUN">име</instance>
         <wf lemma="." pos="X">.</wf>
      </sentence>
      <sentence id="d000.s4933" source="wordnet-bulgarian">
         <instance id="d000.s4933.t000" lemma="човек" pos="NOUN">човек</instance>
         <wf lemma="съм" pos="X">съм</wf>
         <wf lemma="на" pos="X">на</wf>
         <wf lemma="някого" pos="X">някого</wf>
         <wf lemma="." pos="X">.</wf>
      </sentence>
      <sentence id="d000.s4934" source="wordnet-bulgarian">
         <instance id="d000.s4934.t000" lemma="комуникация" pos="NOUN">комуникациите</instance>
         <wf lemma="бяха" pos="X">бяха</wf>
         <wf lemma="възстановени" pos="X">възстановени</wf>
         <wf lemma="." pos="X">.</wf>
      </sentence>
      <sentence id="d000.s4935" source="wordnet-bulgarian">
         <wf lemma="пълна" pos="X">пълна</wf>
         <instance id="d000.s4935.t000" lemma="кофа" pos="NOUN">кофа</instance>
         <wf lemma="." pos="X">.</wf>
      </sentence>
      <sentence id="d000.s4936" source="wordnet-bulgarian">
         <wf lemma="Той" pos="X">Той</wf>
         <wf lemma="е" pos="X">е</wf>
         <wf lemma="автор" pos="X">автор</wf>
         <wf lemma="на" pos="X">на</wf>
         <wf lemma="много" pos="X">много</wf>
         <instance id="d000.s4936.t000" lemma="статия" pos="NOUN">статии</instance>
         <wf lemma="и" pos="X">и</wf>
         <wf lemma="една" pos="X">една</wf>
         <wf lemma="голяма" pos="X">голяма</wf>
         <wf lemma="студия" pos="X">студия</wf>
         <wf lemma="." pos="X">.</wf>
      </sentence>
      <sentence id="d000.s4937" source="wordnet-bulgarian">
         <wf lemma="давам" pos="X">давам</wf>
         <instance id="d000.s4937.t000" lemma="лиценз" pos="NOUN">лиценз</instance>
         <wf lemma="на" pos="X">на</wf>
         <wf lemma="." pos="X">.</wf>
      </sentence>
      <sentence id="d000.s4938" source="wordnet-bulgarian">
         <wf lemma="противопожарна" pos="X">противопожарна</wf>
         <instance id="d000.s4938.t000" lemma="защита" pos="NOUN">защита</instance>
         <wf lemma="." pos="X">.</wf>
      </sentence>
      <sentence id="d000.s4939" source="wordnet-bulgarian">
         <wf lemma="добър" pos="X">добър</wf>
         <instance id="d000.s4939.t000" lemma="човек" pos="NOUN">човек</instance>
         <wf lemma="." pos="X">.</wf>
      </sentence>
      <sentence id="d000.s4940" source="wordnet-bulgarian">
         <instance id="d000.s4940.t000" lemma="движение" pos="NOUN">движение</instance>
         <wf lemma="на" pos="X">на</wf>
         <wf lemma="главата" pos="X">главата</wf>
         <wf lemma="." pos="X">.</wf>
      </sentence>
      <sentence id="d000.s4941" source="wordnet-bulgarian">
         <wf lemma="снежна" pos="X">снежна</wf>
         <instance id="d000.s4941.t000" lemma="топка" pos="NOUN">топка</instance>
         <wf lemma="." pos="X">.</wf>
      </sentence>
      <sentence id="d000.s4942" source="wordnet-bulgarian">
         <wf lemma="имам" pos="X">имам</wf>
         <instance id="d000.s4942.t000" lemma="опасение" pos="NOUN">опасения</instance>
         <wf lemma="," pos="X">,</wf>
         <wf lemma="че" pos="X">че</wf>
         <wf lemma="." pos="X">.</wf>
      </sentence>
      <sentence id="d000.s4943" source="wordnet-bulgarian">
         <wf lemma="Какви" pos="X">Какви</wf>
         <instance id="d000.s4943.t000" lemma="въпрос" pos="NOUN">въпроси</instance>
         <wf lemma="ще" pos="X">ще</wf>
         <wf lemma="обсъждаме" pos="X">обсъждаме</wf>
         <wf lemma="?" pos="X">?</wf>
      </sentence>
      <sentence id="d000.s4944" source="wordnet-bulgarian">
         <wf lemma="гъста" pos="X">гъста</wf>
         <instance id="d000.s4944.t000" lemma="мъгла" pos="NOUN">мъгла</instance>
         <wf lemma="." pos="X">.</wf>
      </sentence>
      <sentence id="d000.s4945" source="wordnet-bulgarian">
         <wf lemma="от" pos="X">от</wf>
         <wf lemma="други" pos="X">други</wf>
         <instance id="d000.s4945.t000" lemma="източник" pos="NOUN">източници</instance>
         <wf lemma="." pos="X">.</wf>
      </sentence>
      <sentence id="d000.s4946" source="wordnet-bulgarian">
         <wf lemma="българска" pos="X">българска</wf>
         <instance id="d000.s4946.t000" lemma="литература" pos="NOUN">литература</instance>
         <wf lemma="." pos="X">.</wf>
      </sentence>
      <sentence id="d000.s4947" source="wordnet-bulgarian">
         <wf lemma="наднормено" pos="X">наднормено</wf>
         <instance id="d000.s4947.t000" lemma="тегло" pos="NOUN">тегло</instance>
         <wf lemma="." pos="X">.</wf>
      </sentence>
      <sentence id="d000.s4948" source="wordnet-bulgarian">
         <wf lemma="Хората" pos="X">Хората</wf>
         <wf lemma="се" pos="X">се</wf>
         <wf lemma="променят" pos="X">променят</wf>
         <wf lemma="с" pos="X">с</wf>
         <instance id="d000.s4948.t000" lemma="година" pos="NOUN">годините</instance>
         <wf lemma="." pos="X">.</wf>
      </sentence>
      <sentence id="d000.s4949" source="wordnet-bulgarian">
         <wf lemma="бодлива" pos="X">бодлива</wf>
         <instance id="d000.s4949.t000" lemma="тел" pos="NOUN">тел</instance>
         <wf lemma="." pos="X">.</wf>
      </sentence>
      <sentence id="d000.s4950" source="wordnet-bulgarian">
         <wf lemma="леко" pos="X">леко</wf>
         <instance id="d000.s4950.t000" lemma="престъпление" pos="NOUN">престъпление</instance>
         <wf lemma="." pos="X">.</wf>
      </sentence>
      <sentence id="d000.s4951" source="wordnet-bulgarian">
         <wf lemma="Ключовете" pos="X">Ключовете</wf>
         <wf lemma="са" pos="X">са</wf>
         <wf lemma="ми" pos="X">ми</wf>
         <wf lemma="в" pos="X">в</wf>
         <instance id="d000.s4951.t000" lemma="джоб" pos="NOUN">джоба</instance>
         <wf lemma="." pos="X">.</wf>
      </sentence>
      <sentence id="d000.s4952" source="wordnet-bulgarian">
         <wf lemma="Върша" pos="X">Върша</wf>
         <wf lemma="всичко" pos="X">всичко</wf>
         <wf lemma="с" pos="X">с</wf>
         <instance id="d000.s4952.t000" lemma="амбиция" pos="NOUN">амбиция</instance>
         <wf lemma="." pos="X">.</wf>
      </sentence>
      <sentence id="d000.s4953" source="wordnet-bulgarian">
         <wf lemma="треперя" pos="X">треперя</wf>
         <wf lemma="от" pos="X">от</wf>
         <instance id="d000.s4953.t000" lemma="вълнение" pos="NOUN">вълнение</instance>
         <wf lemma="." pos="X">.</wf>
      </sentence>
      <sentence id="d000.s4954" source="wordnet-bulgarian">
         <instance id="d000.s4954.t000" lemma="искам" pos="VERB">Искам</instance>
         <wf lemma="да" pos="X">да</wf>
         <wf lemma="имам" pos="X">имам</wf>
         <wf lemma="собствен" pos="X">собствен</wf>
         <wf lemma="дом" pos="X">дом</wf>
         <wf lemma="." pos="X">.</wf>
      </sentence>
      <sentence id="d000.s4955" source="wordnet-bulgarian">
         <wf lemma="Той" pos="X">Той</wf>
         <wf lemma="е" pos="X">е</wf>
         <wf lemma="добър" pos="X">добър</wf>
         <instance id="d000.s4955.t000" lemma="работник" pos="NOUN">работник</instance>
         <wf lemma="." pos="X">.</wf>
      </sentence>
      <sentence id="d000.s4956" source="wordnet-bulgarian">
         <wf lemma="Пропуснах" pos="X">Пропуснах</wf>
         <wf lemma="една" pos="X">една</wf>
         <instance id="d000.s4956.t000" lemma="тренировка" pos="NOUN">тренировка</instance>
         <wf lemma="." pos="X">.</wf>
      </sentence>
      <sentence id="d000.s4957" source="wordnet-bulgarian">
         <instance id="d000.s4957.t000" lemma="конфликт" pos="NOUN">конфликт</instance>
         <wf lemma="на" pos="X">на</wf>
         <wf lemma="." pos="X">.</wf>
      </sentence>
      <sentence id="d000.s4958" source="wordnet-bulgarian">
         <wf lemma="селско" pos="X">селско</wf>
         <instance id="d000.s4958.t000" lemma="потекло" pos="NOUN">потекло</instance>
         <wf lemma="." pos="X">.</wf>
      </sentence>
      <sentence id="d000.s4959" source="wordnet-bulgarian">
         <wf lemma="малък" pos="X">малък</wf>
         <instance id="d000.s4959.t000" lemma="паяк" pos="NOUN">паяк</instance>
         <wf lemma="." pos="X">.</wf>
      </sentence>
      <sentence id="d000.s4960" source="wordnet-bulgarian">
         <wf lemma="покъртен" pos="X">покъртен</wf>
         <wf lemma="от" pos="X">от</wf>
         <instance id="d000.s4960.t000" lemma="печал" pos="NOUN">печал</instance>
         <wf lemma="." pos="X">.</wf>
      </sentence>
      <sentence id="d000.s4961" source="wordnet-bulgarian">
         <wf lemma="Тази" pos="X">Тази</wf>
         <wf lemma="година" pos="X">година</wf>
         <wf lemma="не" pos="X">не</wf>
         <wf lemma="ми" pos="X">ми</wf>
         <wf lemma="отпуснаха" pos="X">отпуснаха</wf>
         <instance id="d000.s4961.t000" lemma="стипендия" pos="NOUN">стипендия</instance>
         <wf lemma="." pos="X">.</wf>
      </sentence>
      <sentence id="d000.s4962" source="wordnet-bulgarian">
         <wf lemma="Права" pos="X">Права</wf>
         <wf lemma="сте" pos="X">сте</wf>
         <wf lemma="," pos="X">,</wf>
         <instance id="d000.s4962.t000" lemma="госпожа" pos="NOUN">госпожа</instance>
         <wf lemma="!" pos="X">!</wf>
      </sentence>
      <sentence id="d000.s4963" source="wordnet-bulgarian">
         <wf lemma="къщна" pos="X">къщна</wf>
         <instance id="d000.s4963.t000" lemma="работа" pos="NOUN">работа</instance>
         <wf lemma="." pos="X">.</wf>
      </sentence>
      <sentence id="d000.s4964" source="wordnet-bulgarian">
         <wf lemma="пълна" pos="X">пълна</wf>
         <instance id="d000.s4964.t000" lemma="уста" pos="NOUN">уста</instance>
         <wf lemma="." pos="X">.</wf>
      </sentence>
      <sentence id="d000.s4965" source="wordnet-bulgarian">
         <instance id="d000.s4965.t000" lemma="продължение" pos="NOUN">продължение</instance>
         <wf lemma="на" pos="X">на</wf>
         <wf lemma="работата" pos="X">работата</wf>
         <wf lemma="." pos="X">.</wf>
      </sentence>
      <sentence id="d000.s4966" source="wordnet-bulgarian">
         <wf lemma="изправен" pos="X">изправен</wf>
         <wf lemma="съм" pos="X">съм</wf>
         <wf lemma="пред" pos="X">пред</wf>
         <instance id="d000.s4966.t000" lemma="алтернатива" pos="NOUN">алтернативата</instance>
         <wf lemma="да" pos="X">да</wf>
         <wf lemma="." pos="X">.</wf>
      </sentence>
      <sentence id="d000.s4967" source="wordnet-bulgarian">
         <wf lemma="гробна" pos="X">гробна</wf>
         <instance id="d000.s4967.t000" lemma="тишина" pos="NOUN">тишина</instance>
         <wf lemma="." pos="X">.</wf>
      </sentence>
      <sentence id="d000.s4968" source="wordnet-bulgarian">
         <wf lemma="през" pos="X">през</wf>
         <instance id="d000.s4968.t000" lemma="уикенд" pos="NOUN">уикенда</instance>
         <wf lemma="." pos="X">.</wf>
      </sentence>
      <sentence id="d000.s4969" source="wordnet-bulgarian">
         <wf lemma="Нямам" pos="X">Нямам</wf>
         <instance id="d000.s4969.t000" lemma="становище" pos="NOUN">становище</instance>
         <wf lemma="по" pos="X">по</wf>
         <wf lemma="въпроса" pos="X">въпроса</wf>
         <wf lemma="." pos="X">.</wf>
      </sentence>
      <sentence id="d000.s4970" source="wordnet-bulgarian">
         <wf lemma="микровълнова" pos="X">микровълнова</wf>
         <instance id="d000.s4970.t000" lemma="печка" pos="NOUN">печка</instance>
         <wf lemma="." pos="X">.</wf>
      </sentence>
      <sentence id="d000.s4971" source="wordnet-bulgarian">
         <wf lemma="духовита" pos="X">духовита</wf>
         <instance id="d000.s4971.t000" lemma="забележка" pos="NOUN">забележка</instance>
         <wf lemma="." pos="X">.</wf>
      </sentence>
      <sentence id="d000.s4972" source="wordnet-bulgarian">
         <wf lemma="Живеем" pos="X">Живеем</wf>
         <wf lemma="в" pos="X">в</wf>
         <wf lemma="две" pos="X">две</wf>
         <wf lemma="стаи" pos="X">стаи</wf>
         <wf lemma="и" pos="X">и</wf>
         <instance id="d000.s4972.t000" lemma="кухня" pos="NOUN">кухня</instance>
         <wf lemma="." pos="X">.</wf>
      </sentence>
      <sentence id="d000.s4973" source="wordnet-bulgarian">
         <wf lemma="Къщата" pos="X">Къщата</wf>
         <wf lemma="е" pos="X">е</wf>
         <wf lemma="във" pos="X">във</wf>
         <instance id="d000.s4973.t000" lemma="владение" pos="NOUN">владение</instance>
         <wf lemma="на" pos="X">на</wf>
         <wf lemma="наследниците" pos="X">наследниците</wf>
         <wf lemma="." pos="X">.</wf>
      </sentence>
      <sentence id="d000.s4974" source="wordnet-bulgarian">
         <wf lemma="горски" pos="X">горски</wf>
         <instance id="d000.s4974.t000" lemma="участък" pos="NOUN">участък</instance>
         <wf lemma="." pos="X">.</wf>
      </sentence>
      <sentence id="d000.s4975" source="wordnet-bulgarian">
         <wf lemma="правила" pos="X">правила</wf>
         <wf lemma="за" pos="X">за</wf>
         <instance id="d000.s4975.t000" lemma="записване" pos="NOUN">записване</instance>
         <wf lemma="." pos="X">.</wf>
      </sentence>
      <sentence id="d000.s4976" source="wordnet-bulgarian">
         <wf lemma="загубвам" pos="X">загубвам</wf>
         <instance id="d000.s4976.t000" lemma="ориентация" pos="NOUN">ориентация</instance>
         <wf lemma="." pos="X">.</wf>
      </sentence>
      <sentence id="d000.s4977" source="wordnet-bulgarian">
         <wf lemma="натрупвам" pos="X">натрупвам</wf>
         <instance id="d000.s4977.t000" lemma="състояние" pos="NOUN">състояние</instance>
         <wf lemma="." pos="X">.</wf>
      </sentence>
      <sentence id="d000.s4978" source="wordnet-bulgarian">
         <wf lemma="външно" pos="X">външно</wf>
         <instance id="d000.s4978.t000" lemma="въздействие" pos="NOUN">въздействие</instance>
         <wf lemma="." pos="X">.</wf>
      </sentence>
      <sentence id="d000.s4979" source="wordnet-bulgarian">
         <wf lemma="дипломатическа" pos="X">дипломатическа</wf>
         <instance id="d000.s4979.t000" lemma="поща" pos="NOUN">поща</instance>
         <wf lemma="." pos="X">.</wf>
      </sentence>
      <sentence id="d000.s4980" source="wordnet-bulgarian">
         <instance id="d000.s4980.t000" lemma="продукция" pos="NOUN">продукция</instance>
         <wf lemma="за" pos="X">за</wf>
         <wf lemma="вътрешния" pos="X">вътрешния</wf>
         <wf lemma="пазар" pos="X">пазар</wf>
         <wf lemma="." pos="X">.</wf>
      </sentence>
      <sentence id="d000.s4981" source="wordnet-bulgarian">
         <wf lemma="широк" pos="X">широк</wf>
         <instance id="d000.s4981.t000" lemma="поглед" pos="NOUN">поглед</instance>
         <wf lemma="върху" pos="X">върху</wf>
         <wf lemma="нещата" pos="X">нещата</wf>
         <wf lemma="." pos="X">.</wf>
      </sentence>
      <sentence id="d000.s4982" source="wordnet-bulgarian">
         <wf lemma="Подвигът" pos="X">Подвигът</wf>
         <wf lemma="беше" pos="X">беше</wf>
         <wf lemma="съвършената" pos="X">съвършената</wf>
         <wf lemma="смесица" pos="X">смесица</wf>
         <wf lemma="от" pos="X">от</wf>
         <instance id="d000.s4982.t000" lemma="приключение" pos="NOUN">приключение</instance>
         <wf lemma="и" pos="X">и</wf>
         <wf lemma="себеотрицателно" pos="X">себеотрицателно</wf>
         <wf lemma="геройство" pos="X">геройство</wf>
         <wf lemma="в" pos="X">в</wf>
         <wf lemma="името" pos="X">името</wf>
         <wf lemma="на" pos="X">на</wf>
         <wf lemma="човечеството" pos="X">човечеството</wf>
         <wf lemma="." pos="X">.</wf>
      </sentence>
      <sentence id="d000.s4983" source="wordnet-bulgarian">
         <wf lemma="любовен" pos="X">любовен</wf>
         <instance id="d000.s4983.t000" lemma="мотив" pos="NOUN">мотив</instance>
         <wf lemma="." pos="X">.</wf>
      </sentence>
      <sentence id="d000.s4984" source="wordnet-bulgarian">
         <instance id="d000.s4984.t000" lemma="изображение" pos="NOUN">изображение</instance>
         <wf lemma="на" pos="X">на</wf>
         <wf lemma="." pos="X">.</wf>
      </sentence>
      <sentence id="d000.s4985" source="wordnet-bulgarian">
         <wf lemma="северно" pos="X">северно</wf>
         <instance id="d000.s4985.t000" lemma="полукълбо" pos="NOUN">полукълбо</instance>
         <wf lemma="." pos="X">.</wf>
      </sentence>
      <sentence id="d000.s4986" source="wordnet-bulgarian">
         <instance id="d000.s4986.t000" lemma="тяло" pos="NOUN">Тялото</instance>
         <wf lemma="му" pos="X">му</wf>
         <wf lemma="беше" pos="X">беше</wf>
         <wf lemma="загубило" pos="X">загубило</wf>
         <wf lemma="младежката" pos="X">младежката</wf>
         <wf lemma="си" pos="X">си</wf>
         <wf lemma="сила" pos="X">сила</wf>
         <wf lemma="и" pos="X">и</wf>
         <wf lemma="свежест" pos="X">свежест</wf>
         <wf lemma="." pos="X">.</wf>
      </sentence>
      <sentence id="d000.s4987" source="wordnet-bulgarian">
         <wf lemma="писмен" pos="X">писмен</wf>
         <instance id="d000.s4987.t000" lemma="изпит" pos="NOUN">изпит</instance>
         <wf lemma="." pos="X">.</wf>
      </sentence>
      <sentence id="d000.s4988" source="wordnet-bulgarian">
         <wf lemma="наливно" pos="X">наливно</wf>
         <instance id="d000.s4988.t000" lemma="вино" pos="NOUN">вино</instance>
         <wf lemma="." pos="X">.</wf>
      </sentence>
      <sentence id="d000.s4989" source="wordnet-bulgarian">
         <wf lemma="Гората" pos="X">Гората</wf>
         <wf lemma="ни" pos="X">ни</wf>
         <wf lemma="служеше" pos="X">служеше</wf>
         <wf lemma="за" pos="X">за</wf>
         <instance id="d000.s4989.t000" lemma="прикритие" pos="NOUN">прикритие</instance>
         <wf lemma="от" pos="X">от</wf>
         <wf lemma="развихрилата" pos="X">развихрилата</wf>
         <wf lemma="се" pos="X">се</wf>
         <wf lemma="буря" pos="X">буря</wf>
         <wf lemma="." pos="X">.</wf>
      </sentence>
      <sentence id="d000.s4990" source="wordnet-bulgarian">
         <wf lemma="Роди" pos="X">Роди</wf>
         <wf lemma="ми" pos="X">ми</wf>
         <wf lemma="се" pos="X">се</wf>
         <instance id="d000.s4990.t000" lemma="момиче" pos="NOUN">момиче</instance>
         <wf lemma="." pos="X">.</wf>
      </sentence>
      <sentence id="d000.s4991" source="wordnet-bulgarian">
         <wf lemma="околосветско" pos="X">околосветско</wf>
         <instance id="d000.s4991.t000" lemma="пътуване" pos="NOUN">пътуване</instance>
         <wf lemma="." pos="X">.</wf>
      </sentence>
      <sentence id="d000.s4992" source="wordnet-bulgarian">
         <wf lemma="Чу" pos="X">Чу</wf>
         <wf lemma="се" pos="X">се</wf>
         <wf lemma="силен" pos="X">силен</wf>
         <wf lemma="гърмеж" pos="X">гърмеж</wf>
         <wf lemma="от" pos="X">от</wf>
         <wf lemma="оръдие" pos="X">оръдие</wf>
         <wf lemma="на" pos="X">на</wf>
         <instance id="d000.s4992.t000" lemma="танк" pos="NOUN">танк</instance>
         <wf lemma="." pos="X">.</wf>
      </sentence>
      <sentence id="d000.s4993" source="wordnet-bulgarian">
         <wf lemma="подходяща" pos="X">подходяща</wf>
         <instance id="d000.s4993.t000" lemma="кръпка" pos="NOUN">кръпка</instance>
         <wf lemma="." pos="X">.</wf>
      </sentence>
      <sentence id="d000.s4994" source="wordnet-bulgarian">
         <instance id="d000.s4994.t000" lemma="разменя" pos="VERB">Размених</instance>
         <wf lemma="си" pos="X">си</wf>
         <wf lemma="роклята" pos="X">роклята</wf>
         <wf lemma="за" pos="X">за</wf>
         <wf lemma="дънки" pos="X">дънки</wf>
         <wf lemma="." pos="X">.</wf>
      </sentence>
      <sentence id="d000.s4995" source="wordnet-bulgarian">
         <wf lemma="Оставих" pos="X">Оставих</wf>
         <wf lemma="багажа" pos="X">багажа</wf>
         <wf lemma="да" pos="X">да</wf>
         <wf lemma="го" pos="X">го</wf>
         <wf lemma="премерят" pos="X">премерят</wf>
         <wf lemma="и" pos="X">и</wf>
         <instance id="d000.s4995.t000" lemma="таксувам" pos="VERB">таксуват</instance>
         <wf lemma="." pos="X">.</wf>
      </sentence>
      <sentence id="d000.s4996" source="wordnet-bulgarian">
         <wf lemma="моторна" pos="X">моторна</wf>
         <wf lemma="речна" pos="X">речна</wf>
         <instance id="d000.s4996.t000" lemma="яхта" pos="NOUN">яхта</instance>
         <wf lemma="." pos="X">.</wf>
      </sentence>
      <sentence id="d000.s4997" source="wordnet-bulgarian">
         <wf lemma="цитирам" pos="X">цитирам</wf>
         <wf lemma="по" pos="X">по</wf>
         <instance id="d000.s4997.t000" lemma="памет" pos="NOUN">памет</instance>
         <wf lemma="." pos="X">.</wf>
      </sentence>
      <sentence id="d000.s4998" source="wordnet-bulgarian">
         <wf lemma="пращам" pos="X">пращам</wf>
         <instance id="d000.s4998.t000" lemma="поща" pos="NOUN">поща</instance>
         <wf lemma="." pos="X">.</wf>
      </sentence>
      <sentence id="d000.s4999" source="wordnet-bulgarian">
         <wf lemma="остря" pos="X">остря</wf>
         <instance id="d000.s4999.t000" lemma="молив" pos="NOUN">молив</instance>
         <wf lemma="." pos="X">.</wf>
      </sentence>
      <sentence id="d000.s5000" source="wordnet-bulgarian">
         <wf lemma="алуминиева" pos="X">алуминиева</wf>
         <instance id="d000.s5000.t000" lemma="капачка" pos="NOUN">капачка</instance>
         <wf lemma="." pos="X">.</wf>
      </sentence>
      <sentence id="d000.s5001" source="wordnet-bulgarian">
         <wf lemma="рога" pos="X">рога</wf>
         <wf lemma="от" pos="X">от</wf>
         <instance id="d000.s5001.t000" lemma="елен" pos="NOUN">елен</instance>
         <wf lemma="." pos="X">.</wf>
      </sentence>
      <sentence id="d000.s5002" source="wordnet-bulgarian">
         <instance id="d000.s5002.t000" lemma="пропаганда" pos="NOUN">пропаганда</instance>
         <wf lemma="за" pos="X">за</wf>
         <wf lemma="." pos="X">.</wf>
      </sentence>
      <sentence id="d000.s5003" source="wordnet-bulgarian">
         <wf lemma="подова" pos="X">подова</wf>
         <instance id="d000.s5003.t000" lemma="конструкция" pos="NOUN">конструкция</instance>
         <wf lemma="." pos="X">.</wf>
      </sentence>
      <sentence id="d000.s5004" source="wordnet-bulgarian">
         <instance id="d000.s5004.t000" lemma="повърхнина" pos="NOUN">повърхнина</instance>
         <wf lemma="на" pos="X">на</wf>
         <wf lemma="тяло" pos="X">тяло</wf>
         <wf lemma="." pos="X">.</wf>
      </sentence>
      <sentence id="d000.s5005" source="wordnet-bulgarian">
         <instance id="d000.s5005.t000" lemma="парче" pos="NOUN">парче</instance>
         <wf lemma="хляб" pos="X">хляб</wf>
         <wf lemma="." pos="X">.</wf>
      </sentence>
      <sentence id="d000.s5006" source="wordnet-bulgarian">
         <instance id="d000.s5006.t000" lemma="продукция" pos="NOUN">продукция</instance>
         <wf lemma="за" pos="X">за</wf>
         <wf lemma="чужбина" pos="X">чужбина</wf>
         <wf lemma="." pos="X">.</wf>
      </sentence>
      <sentence id="d000.s5007" source="wordnet-bulgarian">
         <wf lemma="конни" pos="X">конни</wf>
         <instance id="d000.s5007.t000" lemma="състезание" pos="NOUN">състезания</instance>
         <wf lemma="." pos="X">.</wf>
      </sentence>
      <sentence id="d000.s5008" source="wordnet-bulgarian">
         <wf lemma="неравен" pos="X">неравен</wf>
         <instance id="d000.s5008.t000" lemma="бой" pos="NOUN">бой</instance>
         <wf lemma="." pos="X">.</wf>
      </sentence>
      <sentence id="d000.s5009" source="wordnet-bulgarian">
         <instance id="d000.s5009.t000" lemma="политик" pos="NOUN">политик</instance>
         <wf lemma="от" pos="X">от</wf>
         <wf lemma="." pos="X">.</wf>
      </sentence>
      <sentence id="d000.s5010" source="wordnet-bulgarian">
         <wf lemma="голяма" pos="X">голяма</wf>
         <instance id="d000.s5010.t000" lemma="маса" pos="NOUN">маса</instance>
         <wf lemma="лед" pos="X">лед</wf>
         <wf lemma="." pos="X">.</wf>
      </sentence>
      <sentence id="d000.s5011" source="wordnet-bulgarian">
         <wf lemma="нежно" pos="X">нежно</wf>
         <instance id="d000.s5011.t000" lemma="парче" pos="NOUN">парче</instance>
         <wf lemma="." pos="X">.</wf>
      </sentence>
      <sentence id="d000.s5012" source="wordnet-bulgarian">
         <wf lemma="политическо" pos="X">политическо</wf>
         <instance id="d000.s5012.t000" lemma="невежество" pos="NOUN">невежество</instance>
         <wf lemma="." pos="X">.</wf>
      </sentence>
      <sentence id="d000.s5013" source="wordnet-bulgarian">
         <wf lemma="обществена" pos="X">обществена</wf>
         <instance id="d000.s5013.t000" lemma="тайна" pos="NOUN">тайна</instance>
         <wf lemma="." pos="X">.</wf>
      </sentence>
      <sentence id="d000.s5014" source="wordnet-bulgarian">
         <wf lemma="перести" pos="X">перести</wf>
         <instance id="d000.s5014.t000" lemma="облак" pos="NOUN">облаци</instance>
         <wf lemma="." pos="X">.</wf>
      </sentence>
      <sentence id="d000.s5015" source="wordnet-bulgarian">
         <wf lemma="проявявам" pos="X">проявявам</wf>
         <instance id="d000.s5015.t000" lemma="милост" pos="NOUN">милост</instance>
         <wf lemma="." pos="X">.</wf>
      </sentence>
      <sentence id="d000.s5016" source="wordnet-bulgarian">
         <wf lemma="късни" pos="X">късни</wf>
         <instance id="d000.s5016.t000" lemma="новина" pos="NOUN">новини</instance>
         <wf lemma="." pos="X">.</wf>
      </sentence>
      <sentence id="d000.s5017" source="wordnet-bulgarian">
         <wf lemma="правописна" pos="X">правописна</wf>
         <instance id="d000.s5017.t000" lemma="грешка" pos="NOUN">грешка</instance>
         <wf lemma="." pos="X">.</wf>
      </sentence>
      <sentence id="d000.s5018" source="wordnet-bulgarian">
         <wf lemma="два" pos="X">два</wf>
         <instance id="d000.s5018.t000" lemma="живот" pos="NOUN">живота</instance>
         <wf lemma="." pos="X">.</wf>
      </sentence>
      <sentence id="d000.s5019" source="wordnet-bulgarian">
         <wf lemma="културна" pos="X">културна</wf>
         <instance id="d000.s5019.t000" lemma="придобивка" pos="NOUN">придобивка</instance>
         <wf lemma="." pos="X">.</wf>
      </sentence>
      <sentence id="d000.s5020" source="wordnet-bulgarian">
         <wf lemma="правя" pos="X">правя</wf>
         <wf lemma="нещо" pos="X">нещо</wf>
         <wf lemma="без" pos="X">без</wf>
         <instance id="d000.s5020.t000" lemma="грешка" pos="NOUN">грешка</instance>
         <wf lemma="." pos="X">.</wf>
      </sentence>
      <sentence id="d000.s5021" source="wordnet-bulgarian">
         <wf lemma="електронен" pos="X">електронен</wf>
         <instance id="d000.s5021.t000" lemma="адрес" pos="NOUN">адрес</instance>
         <wf lemma="." pos="X">.</wf>
      </sentence>
      <sentence id="d000.s5022" source="wordnet-bulgarian">
         <instance id="d000.s5022.t000" lemma="спечеля" pos="VERB">Спечелих</instance>
         <wf lemma="златен" pos="X">златен</wf>
         <wf lemma="медал" pos="X">медал</wf>
         <wf lemma="." pos="X">.</wf>
      </sentence>
      <sentence id="d000.s5023" source="wordnet-bulgarian">
         <instance id="d000.s5023.t000" lemma="нямам" pos="VERB">нямам</instance>
         <wf lemma="пари" pos="X">пари</wf>
         <wf lemma="." pos="X">.</wf>
      </sentence>
      <sentence id="d000.s5024" source="wordnet-bulgarian">
         <wf lemma="вредно" pos="X">вредно</wf>
         <instance id="d000.s5024.t000" lemma="насекомо" pos="NOUN">насекомо</instance>
         <wf lemma="." pos="X">.</wf>
      </sentence>
      <sentence id="d000.s5025" source="wordnet-bulgarian">
         <wf lemma="кратък" pos="X">кратък</wf>
         <instance id="d000.s5025.t000" lemma="увод" pos="NOUN">увод</instance>
         <wf lemma="." pos="X">.</wf>
      </sentence>
      <sentence id="d000.s5026" source="wordnet-bulgarian">
         <wf lemma="правя" pos="X">правя</wf>
         <instance id="d000.s5026.t000" lemma="аборт" pos="NOUN">аборт</instance>
         <wf lemma="." pos="X">.</wf>
      </sentence>
      <sentence id="d000.s5027" source="wordnet-bulgarian">
         <wf lemma="бъдещ" pos="X">бъдещ</wf>
         <instance id="d000.s5027.t000" lemma="монарх" pos="NOUN">монарх</instance>
         <wf lemma="." pos="X">.</wf>
      </sentence>
      <sentence id="d000.s5028" source="wordnet-bulgarian">
         <instance id="d000.s5028.t000" lemma="фабрика" pos="NOUN">фабрика</instance>
         <wf lemma="за" pos="X">за</wf>
         <wf lemma="шоколади" pos="X">шоколади</wf>
         <wf lemma="." pos="X">.</wf>
      </sentence>
      <sentence id="d000.s5029" source="wordnet-bulgarian">
         <wf lemma="без" pos="X">без</wf>
         <instance id="d000.s5029.t000" lemma="изключение" pos="NOUN">изключения</instance>
         <wf lemma="." pos="X">.</wf>
      </sentence>
      <sentence id="d000.s5030" source="wordnet-bulgarian">
         <instance id="d000.s5030.t000" lemma="действие" pos="NOUN">действие</instance>
         <wf lemma="и" pos="X">и</wf>
         <wf lemma="противодействие" pos="X">противодействие</wf>
         <wf lemma="." pos="X">.</wf>
      </sentence>
      <sentence id="d000.s5031" source="wordnet-bulgarian">
         <wf lemma="православна" pos="X">православна</wf>
         <instance id="d000.s5031.t000" lemma="църква" pos="NOUN">църква</instance>
         <wf lemma="." pos="X">.</wf>
      </sentence>
      <sentence id="d000.s5032" source="wordnet-bulgarian">
         <wf lemma="Цялото" pos="X">Цялото</wf>
         <wf lemma="му" pos="X">му</wf>
         <wf lemma="същество" pos="X">същество</wf>
         <wf lemma="излъчваше" pos="X">излъчваше</wf>
         <instance id="d000.s5032.t000" lemma="агресия" pos="NOUN">агресия</instance>
         <wf lemma="и" pos="X">и</wf>
         <wf lemma="враждебност" pos="X">враждебност</wf>
         <wf lemma="." pos="X">.</wf>
      </sentence>
      <sentence id="d000.s5033" source="wordnet-bulgarian">
         <wf lemma="влагам" pos="X">влагам</wf>
         <wf lemma="цялото" pos="X">цялото</wf>
         <wf lemma="си" pos="X">си</wf>
         <instance id="d000.s5033.t000" lemma="старание" pos="NOUN">старание</instance>
         <wf lemma="в" pos="X">в</wf>
         <wf lemma="нещо" pos="X">нещо</wf>
         <wf lemma="." pos="X">.</wf>
      </sentence>
      <sentence id="d000.s5034" source="wordnet-bulgarian">
         <wf lemma="заразена" pos="X">заразена</wf>
         <instance id="d000.s5034.t000" lemma="кръв" pos="NOUN">кръв</instance>
         <wf lemma="." pos="X">.</wf>
      </sentence>
      <sentence id="d000.s5035" source="wordnet-bulgarian">
         <instance id="d000.s5035.t000" lemma="събрание" pos="NOUN">Събранието</instance>
         <wf lemma="започна" pos="X">започна</wf>
         <wf lemma="с" pos="X">с</wf>
         <wf lemma="изказване" pos="X">изказване</wf>
         <wf lemma="на" pos="X">на</wf>
         <wf lemma="председателя" pos="X">председателя</wf>
         <wf lemma="." pos="X">.</wf>
      </sentence>
      <sentence id="d000.s5036" source="wordnet-bulgarian">
         <instance id="d000.s5036.t000" lemma="легло" pos="NOUN">леглото</instance>
         <wf lemma="му" pos="X">му</wf>
         <wf lemma="стоеше" pos="X">стоеше</wf>
         <wf lemma="неоправено" pos="X">неоправено</wf>
         <wf lemma="." pos="X">.</wf>
      </sentence>
      <sentence id="d000.s5037" source="wordnet-bulgarian">
         <wf lemma="имам" pos="X">имам</wf>
         <instance id="d000.s5037.t000" lemma="връзка" pos="NOUN">връзка</instance>
         <wf lemma="с." pos="X">с.</wf>
      </sentence>
      <sentence id="d000.s5038" source="wordnet-bulgarian">
         <wf lemma="Нямам" pos="X">Нямам</wf>
         <wf lemma="нито" pos="X">нито</wf>
         <instance id="d000.s5038.t000" lemma="дядо" pos="NOUN">дядо</instance>
         <wf lemma="," pos="X">,</wf>
         <wf lemma="нито" pos="X">нито</wf>
         <wf lemma="баба" pos="X">баба</wf>
         <wf lemma="." pos="X">.</wf>
      </sentence>
      <sentence id="d000.s5039" source="wordnet-bulgarian">
         <instance id="d000.s5039.t000" lemma="нервен" pos="ADJ">нервно</instance>
         <wf lemma="окончание" pos="X">окончание</wf>
         <wf lemma="." pos="X">.</wf>
      </sentence>
      <sentence id="d000.s5040" source="wordnet-bulgarian">
         <wf lemma="десен" pos="X">десен</wf>
         <instance id="d000.s5040.t000" lemma="завой" pos="NOUN">завой</instance>
         <wf lemma="." pos="X">.</wf>
      </sentence>
      <sentence id="d000.s5041" source="wordnet-bulgarian">
         <instance id="d000.s5041.t000" lemma="изкоп" pos="NOUN">изкоп</instance>
         <wf lemma="за" pos="X">за</wf>
         <wf lemma="." pos="X">.</wf>
      </sentence>
      <sentence id="d000.s5042" source="wordnet-bulgarian">
         <wf lemma="давам" pos="X">давам</wf>
         <instance id="d000.s5042.t000" lemma="закрила" pos="NOUN">закрила</instance>
         <wf lemma="на" pos="X">на</wf>
         <wf lemma="някого" pos="X">някого</wf>
         <wf lemma="." pos="X">.</wf>
      </sentence>
      <sentence id="d000.s5043" source="wordnet-bulgarian">
         <wf lemma="в" pos="X">в</wf>
         <instance id="d000.s5043.t000" lemma="допълнение" pos="NOUN">допълнение</instance>
         <wf lemma="ще" pos="X">ще</wf>
         <wf lemma="добавя" pos="X">добавя</wf>
         <wf lemma="." pos="X">.</wf>
      </sentence>
      <sentence id="d000.s5044" source="wordnet-bulgarian">
         <wf lemma="вълшебно" pos="X">вълшебно</wf>
         <instance id="d000.s5044.t000" lemma="огледало" pos="NOUN">огледало</instance>
         <wf lemma="." pos="X">.</wf>
      </sentence>
      <sentence id="d000.s5045" source="wordnet-bulgarian">
         <wf lemma="внасям" pos="X">внасям</wf>
         <instance id="d000.s5045.t000" lemma="такса" pos="NOUN">такса</instance>
         <wf lemma="." pos="X">.</wf>
      </sentence>
      <sentence id="d000.s5046" source="wordnet-bulgarian">
         <wf lemma="хищни" pos="X">хищни</wf>
         <instance id="d000.s5046.t000" lemma="животно" pos="NOUN">животни</instance>
         <wf lemma="." pos="X">.</wf>
      </sentence>
      <sentence id="d000.s5047" source="wordnet-bulgarian">
         <instance id="d000.s5047.t000" lemma="ателие" pos="NOUN">ателие</instance>
         <wf lemma="за" pos="X">за</wf>
         <wf lemma="поправка" pos="X">поправка</wf>
         <wf lemma="на" pos="X">на</wf>
         <wf lemma="обувки" pos="X">обувки</wf>
         <wf lemma="." pos="X">.</wf>
      </sentence>
      <sentence id="d000.s5048" source="wordnet-bulgarian">
         <wf lemma="дънкова" pos="X">дънкова</wf>
         <instance id="d000.s5048.t000" lemma="пола" pos="NOUN">пола</instance>
         <wf lemma="." pos="X">.</wf>
      </sentence>
      <sentence id="d000.s5049" source="wordnet-bulgarian">
         <wf lemma="получавам" pos="X">получавам</wf>
         <instance id="d000.s5049.t000" lemma="заплата" pos="NOUN">заплата</instance>
         <wf lemma="." pos="X">.</wf>
      </sentence>
      <sentence id="d000.s5050" source="wordnet-bulgarian">
         <instance id="d000.s5050.t000" lemma="атмосфера" pos="NOUN">атмосфера</instance>
         <wf lemma="на" pos="X">на</wf>
         <wf lemma="интриги" pos="X">интриги</wf>
         <wf lemma="и" pos="X">и</wf>
         <wf lemma="на" pos="X">на</wf>
         <wf lemma="вражди" pos="X">вражди</wf>
         <wf lemma="." pos="X">.</wf>
      </sentence>
      <sentence id="d000.s5051" source="wordnet-bulgarian">
         <instance id="d000.s5051.t000" lemma="стоя" pos="VERB">стоя</instance>
         <wf lemma="мирно" pos="X">мирно</wf>
         <wf lemma="." pos="X">.</wf>
      </sentence>
      <sentence id="d000.s5052" source="wordnet-bulgarian">
         <wf lemma="по" pos="X">по</wf>
         <wf lemma="равен" pos="X">равен</wf>
         <instance id="d000.s5052.t000" lemma="дял" pos="NOUN">дял</instance>
         <wf lemma="." pos="X">.</wf>
      </sentence>
      <sentence id="d000.s5053" source="wordnet-bulgarian">
         <wf lemma="рутинна" pos="X">рутинна</wf>
         <instance id="d000.s5053.t000" lemma="операция" pos="NOUN">операция</instance>
         <wf lemma="." pos="X">.</wf>
      </sentence>
      <sentence id="d000.s5054" source="wordnet-bulgarian">
         <wf lemma="Забивам" pos="X">Забивам</wf>
         <instance id="d000.s5054.t000" lemma="поглед" pos="NOUN">поглед</instance>
         <wf lemma="в" pos="X">в</wf>
         <wf lemma="земята" pos="X">земята</wf>
         <wf lemma="." pos="X">.</wf>
      </sentence>
      <sentence id="d000.s5055" source="wordnet-bulgarian">
         <wf lemma="копринена" pos="X">копринена</wf>
         <instance id="d000.s5055.t000" lemma="тъкан" pos="NOUN">тъкан</instance>
         <wf lemma="." pos="X">.</wf>
      </sentence>
      <sentence id="d000.s5056" source="wordnet-bulgarian">
         <wf lemma="вътрешни" pos="X">вътрешни</wf>
         <instance id="d000.s5056.t000" lemma="орган" pos="NOUN">органи</instance>
         <wf lemma="." pos="X">.</wf>
      </sentence>
      <sentence id="d000.s5057" source="wordnet-bulgarian">
         <wf lemma="изгубвам" pos="X">изгубвам</wf>
         <instance id="d000.s5057.t000" lemma="дело" pos="NOUN">дело</instance>
         <wf lemma="." pos="X">.</wf>
      </sentence>
      <sentence id="d000.s5058" source="wordnet-bulgarian">
         <wf lemma="превоз" pos="X">превоз</wf>
         <wf lemma="на" pos="X">на</wf>
         <instance id="d000.s5058.t000" lemma="пътник" pos="NOUN">пътници</instance>
         <wf lemma="." pos="X">.</wf>
      </sentence>
      <sentence id="d000.s5059" source="wordnet-bulgarian">
         <instance id="d000.s5059.t000" lemma="апел" pos="NOUN">Апел</instance>
         <wf lemma="за" pos="X">за</wf>
         <wf lemma="набиране" pos="X">набиране</wf>
         <wf lemma="на" pos="X">на</wf>
         <wf lemma="средства" pos="X">средства</wf>
         <wf lemma="за" pos="X">за</wf>
         <wf lemma="гладуващите" pos="X">гладуващите</wf>
         <wf lemma="деца" pos="X">деца</wf>
         <wf lemma="." pos="X">.</wf>
      </sentence>
      <sentence id="d000.s5060" source="wordnet-bulgarian">
         <wf lemma="Успехът" pos="X">Успехът</wf>
         <wf lemma="е" pos="X">е</wf>
         <wf lemma="постигнат" pos="X">постигнат</wf>
         <wf lemma="с" pos="X">с</wf>
         <instance id="d000.s5060.t000" lemma="цена" pos="NOUN">цената</instance>
         <wf lemma="на" pos="X">на</wf>
         <wf lemma="много" pos="X">много</wf>
         <wf lemma="безсънни" pos="X">безсънни</wf>
         <wf lemma="нощи" pos="X">нощи</wf>
         <wf lemma="." pos="X">.</wf>
      </sentence>
      <sentence id="d000.s5061" source="wordnet-bulgarian">
         <wf lemma="безпризорни" pos="X">безпризорни</wf>
         <instance id="d000.s5061.t000" lemma="дете" pos="NOUN">деца</instance>
         <wf lemma="." pos="X">.</wf>
      </sentence>
      <sentence id="d000.s5062" source="wordnet-bulgarian">
         <instance id="d000.s5062.t000" lemma="издателство" pos="NOUN">Издателството</instance>
         <wf lemma="е" pos="X">е</wf>
         <wf lemma="съгласно" pos="X">съгласно</wf>
         <wf lemma="да" pos="X">да</wf>
         <wf lemma="издаде" pos="X">издаде</wf>
         <wf lemma="книгата" pos="X">книгата</wf>
         <wf lemma="ми" pos="X">ми</wf>
         <wf lemma="." pos="X">.</wf>
      </sentence>
      <sentence id="d000.s5063" source="wordnet-bulgarian">
         <wf lemma="културна" pos="X">културна</wf>
         <instance id="d000.s5063.t000" lemma="ценност" pos="NOUN">ценност</instance>
         <wf lemma="." pos="X">.</wf>
      </sentence>
      <sentence id="d000.s5064" source="wordnet-bulgarian">
         <wf lemma="механичен" pos="X">механичен</wf>
         <instance id="d000.s5064.t000" lemma="пумпал" pos="NOUN">пумпал</instance>
         <wf lemma="." pos="X">.</wf>
      </sentence>
      <sentence id="d000.s5065" source="wordnet-bulgarian">
         <wf lemma="професионална" pos="X">професионална</wf>
         <instance id="d000.s5065.t000" lemma="честност" pos="NOUN">честност</instance>
         <wf lemma="." pos="X">.</wf>
      </sentence>
      <sentence id="d000.s5066" source="wordnet-bulgarian">
         <wf lemma="Ще" pos="X">Ще</wf>
         <wf lemma="го" pos="X">го</wf>
         <wf lemma="науча" pos="X">науча</wf>
         <wf lemma="на" pos="X">на</wf>
         <instance id="d000.s5066.t000" lemma="ред" pos="NOUN">ред</instance>
         <wf lemma="." pos="X">.</wf>
      </sentence>
      <sentence id="d000.s5067" source="wordnet-bulgarian">
         <wf lemma="Днес" pos="X">Днес</wf>
         <wf lemma="има" pos="X">има</wf>
         <wf lemma="надбягвания" pos="X">надбягвания</wf>
         <wf lemma="с" pos="X">с</wf>
         <instance id="d000.s5067.t000" lemma="кон" pos="NOUN">коне</instance>
         <wf lemma="." pos="X">.</wf>
      </sentence>
      <sentence id="d000.s5068" source="wordnet-bulgarian">
         <wf lemma="диабетична" pos="X">диабетична</wf>
         <instance id="d000.s5068.t000" lemma="кома" pos="NOUN">кома</instance>
         <wf lemma="." pos="X">.</wf>
      </sentence>
      <sentence id="d000.s5069" source="wordnet-bulgarian">
         <wf lemma="отворена" pos="X">отворена</wf>
         <instance id="d000.s5069.t000" lemma="обувка" pos="NOUN">обувка</instance>
         <wf lemma="." pos="X">.</wf>
      </sentence>
      <sentence id="d000.s5070" source="wordnet-bulgarian">
         <instance id="d000.s5070.t000" lemma="любим" pos="NOUN">Любимият</instance>
         <wf lemma="ме" pos="X">ме</wf>
         <wf lemma="напусна" pos="X">напусна</wf>
         <wf lemma="." pos="X">.</wf>
      </sentence>
      <sentence id="d000.s5071" source="wordnet-bulgarian">
         <wf lemma="произнасям" pos="X">произнасям</wf>
         <instance id="d000.s5071.t000" lemma="реч" pos="NOUN">реч</instance>
         <wf lemma="." pos="X">.</wf>
      </sentence>
      <sentence id="d000.s5072" source="wordnet-bulgarian">
         <wf lemma="От" pos="X">От</wf>
         <instance id="d000.s5072.t000" lemma="комин" pos="NOUN">комина</instance>
         <wf lemma="излиза" pos="X">излиза</wf>
         <wf lemma="черен" pos="X">черен</wf>
         <wf lemma="дим" pos="X">дим</wf>
         <wf lemma="." pos="X">.</wf>
      </sentence>
      <sentence id="d000.s5073" source="wordnet-bulgarian">
         <wf lemma="атомно" pos="X">атомно</wf>
         <instance id="d000.s5073.t000" lemma="тегло" pos="NOUN">тегло</instance>
         <wf lemma="." pos="X">.</wf>
      </sentence>
      <sentence id="d000.s5074" source="wordnet-bulgarian">
         <instance id="d000.s5074.t000" lemma="кражба" pos="NOUN">кражба</instance>
         <wf lemma="на" pos="X">на</wf>
         <wf lemma="пари" pos="X">пари</wf>
         <wf lemma="." pos="X">.</wf>
      </sentence>
      <sentence id="d000.s5075" source="wordnet-bulgarian">
         <wf lemma="Солна" pos="X">Солна</wf>
         <instance id="d000.s5075.t000" lemma="киселина" pos="NOUN">киселина</instance>
         <wf lemma="." pos="X">.</wf>
      </sentence>
      <sentence id="d000.s5076" source="wordnet-bulgarian">
         <wf lemma="разнесе" pos="X">разнесе</wf>
         <wf lemma="се" pos="X">се</wf>
         <instance id="d000.s5076.t000" lemma="вест" pos="NOUN">вестта</instance>
         <wf lemma="," pos="X">,</wf>
         <wf lemma="че" pos="X">че</wf>
         <wf lemma="." pos="X">.</wf>
      </sentence>
      <sentence id="d000.s5077" source="wordnet-bulgarian">
         <wf lemma="черен" pos="X">черен</wf>
         <instance id="d000.s5077.t000" lemma="плъх" pos="NOUN">плъх</instance>
         <wf lemma="." pos="X">.</wf>
      </sentence>
      <sentence id="d000.s5078" source="wordnet-bulgarian">
         <wf lemma="средиземноморска" pos="X">средиземноморска</wf>
         <instance id="d000.s5078.t000" lemma="къртица" pos="NOUN">къртица</instance>
         <wf lemma="." pos="X">.</wf>
      </sentence>
      <sentence id="d000.s5079" source="wordnet-bulgarian">
         <wf lemma="узрял" pos="X">узрял</wf>
         <instance id="d000.s5079.t000" lemma="плод" pos="NOUN">плод</instance>
         <wf lemma="." pos="X">.</wf>
      </sentence>
      <sentence id="d000.s5080" source="wordnet-bulgarian">
         <wf lemma="прелетна" pos="X">прелетна</wf>
         <instance id="d000.s5080.t000" lemma="птица" pos="NOUN">птица</instance>
         <wf lemma="." pos="X">.</wf>
      </sentence>
      <sentence id="d000.s5081" source="wordnet-bulgarian">
         <instance id="d000.s5081.t000" lemma="брат" pos="NOUN">Брат</instance>
         <wf lemma="брата" pos="X">брата</wf>
         <wf lemma="не" pos="X">не</wf>
         <wf lemma="храни" pos="X">храни</wf>
         <wf lemma="," pos="X">,</wf>
         <wf lemma="тежко" pos="X">тежко</wf>
         <wf lemma="му" pos="X">му</wf>
         <wf lemma="," pos="X">,</wf>
         <wf lemma="който" pos="X">който</wf>
         <wf lemma="го" pos="X">го</wf>
         <wf lemma="няма" pos="X">няма</wf>
         <wf lemma="." pos="X">.</wf>
      </sentence>
      <sentence id="d000.s5082" source="wordnet-bulgarian">
         <wf lemma="При" pos="X">При</wf>
         <instance id="d000.s5082.t000" lemma="комшия" pos="NOUN">комшиите</instance>
         <wf lemma="съм" pos="X">съм</wf>
         <wf lemma="на" pos="X">на</wf>
         <wf lemma="гости" pos="X">гости</wf>
         <wf lemma="." pos="X">.</wf>
      </sentence>
      <sentence id="d000.s5083" source="wordnet-bulgarian">
         <instance id="d000.s5083.t000" lemma="конфискувам" pos="VERB">конфискувам</instance>
         <wf lemma="наркотици" pos="X">наркотици</wf>
         <wf lemma="." pos="X">.</wf>
      </sentence>
      <sentence id="d000.s5084" source="wordnet-bulgarian">
         <wf lemma="таксова" pos="X">таксова</wf>
         <instance id="d000.s5084.t000" lemma="марка" pos="NOUN">марка</instance>
         <wf lemma="." pos="X">.</wf>
      </sentence>
      <sentence id="d000.s5085" source="wordnet-bulgarian">
         <wf lemma="разкъсан" pos="X">разкъсан</wf>
         <wf lemma="от" pos="X">от</wf>
         <instance id="d000.s5085.t000" lemma="отчаяние" pos="NOUN">отчаяние</instance>
         <wf lemma="." pos="X">.</wf>
      </sentence>
      <sentence id="d000.s5086" source="wordnet-bulgarian">
         <wf lemma="капиталистическа" pos="X">капиталистическа</wf>
         <instance id="d000.s5086.t000" lemma="икономика" pos="NOUN">икономика</instance>
         <wf lemma="." pos="X">.</wf>
      </sentence>
      <sentence id="d000.s5087" source="wordnet-bulgarian">
         <instance id="d000.s5087.t000" lemma="мятам" pos="VERB">мятам</instance>
         <wf lemma="копие" pos="X">копие</wf>
         <wf lemma="." pos="X">.</wf>
      </sentence>
      <sentence id="d000.s5088" source="wordnet-bulgarian">
         <wf lemma="пълна" pos="X">пълна</wf>
         <instance id="d000.s5088.t000" lemma="подготовка" pos="NOUN">подготовка</instance>
         <wf lemma="." pos="X">.</wf>
      </sentence>
      <sentence id="d000.s5089" source="wordnet-bulgarian">
         <instance id="d000.s5089.t000" lemma="поглеждам" pos="VERB">поглеждам</instance>
         <wf lemma="уплашено" pos="X">уплашено</wf>
         <wf lemma="." pos="X">.</wf>
      </sentence>
      <sentence id="d000.s5090" source="wordnet-bulgarian">
         <wf lemma="Знам" pos="X">Знам</wf>
         <wf lemma="добре" pos="X">добре</wf>
         <wf lemma="правилата" pos="X">правилата</wf>
         <wf lemma="на" pos="X">на</wf>
         <instance id="d000.s5090.t000" lemma="игра" pos="NOUN">играта</instance>
         <wf lemma="." pos="X">.</wf>
      </sentence>
      <sentence id="d000.s5091" source="wordnet-bulgarian">
         <instance id="d000.s5091.t000" lemma="дейност" pos="NOUN">дейност</instance>
         <wf lemma="на" pos="X">на</wf>
         <wf lemma="фирма" pos="X">фирма</wf>
         <wf lemma="." pos="X">.</wf>
      </sentence>
      <sentence id="d000.s5092" source="wordnet-bulgarian">
         <instance id="d000.s5092.t000" lemma="щит" pos="NOUN">Щитът</instance>
         <wf lemma="го" pos="X">го</wf>
         <wf lemma="предпази" pos="X">предпази</wf>
         <wf lemma="от" pos="X">от</wf>
         <wf lemma="отровната" pos="X">отровната</wf>
         <wf lemma="стрела" pos="X">стрела</wf>
         <wf lemma="." pos="X">.</wf>
      </sentence>
      <sentence id="d000.s5093" source="wordnet-bulgarian">
         <wf lemma="лозе" pos="X">лозе</wf>
         <wf lemma="на" pos="X">на</wf>
         <instance id="d000.s5093.t000" lemma="баир" pos="NOUN">баир</instance>
         <wf lemma="." pos="X">.</wf>
      </sentence>
      <sentence id="d000.s5094" source="wordnet-bulgarian">
         <wf lemma="трети" pos="X">трети</wf>
         <instance id="d000.s5094.t000" lemma="етап" pos="NOUN">етап</instance>
         <wf lemma="от" pos="X">от</wf>
         <wf lemma="състезанието" pos="X">състезанието</wf>
         <wf lemma="." pos="X">.</wf>
      </sentence>
      <sentence id="d000.s5095" source="wordnet-bulgarian">
         <wf lemma="от" pos="X">от</wf>
         <instance id="d000.s5095.t000" lemma="начало" pos="NOUN">началото</instance>
         <wf lemma="до" pos="X">до</wf>
         <wf lemma="края" pos="X">края</wf>
         <wf lemma="." pos="X">.</wf>
      </sentence>
      <sentence id="d000.s5096" source="wordnet-bulgarian">
         <wf lemma="кухненска" pos="X">кухненска</wf>
         <instance id="d000.s5096.t000" lemma="маса" pos="NOUN">маса</instance>
         <wf lemma="." pos="X">.</wf>
      </sentence>
      <sentence id="d000.s5097" source="wordnet-bulgarian">
         <wf lemma="тъмен" pos="X">тъмен</wf>
         <instance id="d000.s5097.t000" lemma="таван" pos="NOUN">таван</instance>
         <wf lemma="." pos="X">.</wf>
      </sentence>
      <sentence id="d000.s5098" source="wordnet-bulgarian">
         <instance id="d000.s5098.t000" lemma="глава" pos="NOUN">глава</instance>
         <wf lemma="на" pos="X">на</wf>
         <wf lemma="костенурка" pos="X">костенурка</wf>
         <wf lemma="." pos="X">.</wf>
      </sentence>
      <sentence id="d000.s5099" source="wordnet-bulgarian">
         <wf lemma="красива" pos="X">красива</wf>
         <instance id="d000.s5099.t000" lemma="пеперуда" pos="NOUN">пеперуда</instance>
         <wf lemma="." pos="X">.</wf>
      </sentence>
      <sentence id="d000.s5100" source="wordnet-bulgarian">
         <wf lemma="кисел" pos="X">кисел</wf>
         <instance id="d000.s5100.t000" lemma="плод" pos="NOUN">плод</instance>
         <wf lemma="." pos="X">.</wf>
      </sentence>
      <sentence id="d000.s5101" source="wordnet-bulgarian">
         <wf lemma="по" pos="X">по</wf>
         <wf lemma="време" pos="X">време</wf>
         <wf lemma="на" pos="X">на</wf>
         <instance id="d000.s5101.t000" lemma="пауза" pos="NOUN">паузата</instance>
         <wf lemma="." pos="X">.</wf>
      </sentence>
      <sentence id="d000.s5102" source="wordnet-bulgarian">
         <wf lemma="По" pos="X">По</wf>
         <wf lemma="улицата" pos="X">улицата</wf>
         <wf lemma="мина" pos="X">мина</wf>
         <instance id="d000.s5102.t000" lemma="мотор" pos="NOUN">мотор</instance>
         <wf lemma="с" pos="X">с</wf>
         <wf lemma="трясък" pos="X">трясък</wf>
         <wf lemma="." pos="X">.</wf>
      </sentence>
      <sentence id="d000.s5103" source="wordnet-bulgarian">
         <wf lemma="научна" pos="X">научна</wf>
         <instance id="d000.s5103.t000" lemma="експедиция" pos="NOUN">експедиция</instance>
         <wf lemma="." pos="X">.</wf>
      </sentence>
      <sentence id="d000.s5104" source="wordnet-bulgarian">
         <wf lemma="краен" pos="X">краен</wf>
         <instance id="d000.s5104.t000" lemma="квартал" pos="NOUN">квартал</instance>
         <wf lemma="." pos="X">.</wf>
      </sentence>
      <sentence id="d000.s5105" source="wordnet-bulgarian">
         <instance id="d000.s5105.t000" lemma="устройство" pos="NOUN">устройство</instance>
         <wf lemma="на" pos="X">на</wf>
         <wf lemma="апарат" pos="X">апарат</wf>
         <wf lemma="." pos="X">.</wf>
      </sentence>
      <sentence id="d000.s5106" source="wordnet-bulgarian">
         <wf lemma="на" pos="X">на</wf>
         <wf lemma="голямо" pos="X">голямо</wf>
         <instance id="d000.s5106.t000" lemma="разстояние" pos="NOUN">разстояние</instance>
         <wf lemma="от" pos="X">от</wf>
         <wf lemma="." pos="X">.</wf>
      </sentence>
      <sentence id="d000.s5107" source="wordnet-bulgarian">
         <wf lemma="изразно" pos="X">изразно</wf>
         <instance id="d000.s5107.t000" lemma="средство" pos="NOUN">средство</instance>
         <wf lemma="." pos="X">.</wf>
      </sentence>
      <sentence id="d000.s5108" source="wordnet-bulgarian">
         <instance id="d000.s5108.t000" lemma="дружба" pos="NOUN">дружба</instance>
         <wf lemma="до" pos="X">до</wf>
         <wf lemma="живот" pos="X">живот</wf>
         <wf lemma="." pos="X">.</wf>
      </sentence>
      <sentence id="d000.s5109" source="wordnet-bulgarian">
         <wf lemma="Местата" pos="X">Местата</wf>
         <wf lemma="са" pos="X">са</wf>
         <instance id="d000.s5109.t000" lemma="резервирам" pos="VERB">резервирани</instance>
         <wf lemma="." pos="X">.</wf>
      </sentence>
      <sentence id="d000.s5110" source="wordnet-bulgarian">
         <instance id="d000.s5110.t000" lemma="изпращам" pos="VERB">изпращам</instance>
         <wf lemma="поздрави" pos="X">поздрави</wf>
         <wf lemma="на" pos="X">на</wf>
         <wf lemma="някого" pos="X">някого</wf>
         <wf lemma="." pos="X">.</wf>
      </sentence>
      <sentence id="d000.s5111" source="wordnet-bulgarian">
         <wf lemma="събирам" pos="X">събирам</wf>
         <instance id="d000.s5111.t000" lemma="платно" pos="NOUN">платна</instance>
         <wf lemma="." pos="X">.</wf>
      </sentence>
      <sentence id="d000.s5112" source="wordnet-bulgarian">
         <instance id="d000.s5112.t000" lemma="понижение" pos="NOUN">понижение</instance>
         <wf lemma="на" pos="X">на</wf>
         <wf lemma="цените" pos="X">цените</wf>
         <wf lemma="." pos="X">.</wf>
      </sentence>
      <sentence id="d000.s5113" source="wordnet-bulgarian">
         <wf lemma="Инфлацията" pos="X">Инфлацията</wf>
         <wf lemma="достигна" pos="X">достигна</wf>
         <wf lemma="страхотни" pos="X">страхотни</wf>
         <instance id="d000.s5113.t000" lemma="размер" pos="NOUN">размери</instance>
         <wf lemma="." pos="X">.</wf>
      </sentence>
      <sentence id="d000.s5114" source="wordnet-bulgarian">
         <wf lemma="творческо" pos="X">творческо</wf>
         <instance id="d000.s5114.t000" lemma="въображение" pos="NOUN">въображение</instance>
         <wf lemma="." pos="X">.</wf>
      </sentence>
      <sentence id="d000.s5115" source="wordnet-bulgarian">
         <wf lemma="правя" pos="X">правя</wf>
         <wf lemma="малки" pos="X">малки</wf>
         <instance id="d000.s5115.t000" lemma="поправка" pos="NOUN">поправки</instance>
         <wf lemma="в" pos="X">в</wf>
         <wf lemma="текста" pos="X">текста</wf>
         <wf lemma="." pos="X">.</wf>
      </sentence>
      <sentence id="d000.s5116" source="wordnet-bulgarian">
         <instance id="d000.s5116.t000" lemma="мач" pos="NOUN">Мачът</instance>
         <wf lemma="завърши" pos="X">завърши</wf>
         <wf lemma="на" pos="X">на</wf>
         <wf lemma="равно" pos="X">равно</wf>
         <wf lemma="." pos="X">.</wf>
      </sentence>
      <sentence id="d000.s5117" source="wordnet-bulgarian">
         <wf lemma="финансово" pos="X">финансово</wf>
         <instance id="d000.s5117.t000" lemma="подпомагане" pos="NOUN">подпомагане</instance>
         <wf lemma="." pos="X">.</wf>
      </sentence>
      <sentence id="d000.s5118" source="wordnet-bulgarian">
         <instance id="d000.s5118.t000" lemma="понижение" pos="NOUN">понижение</instance>
         <wf lemma="на" pos="X">на</wf>
         <wf lemma="температурата" pos="X">температурата</wf>
         <wf lemma="." pos="X">.</wf>
      </sentence>
      <sentence id="d000.s5119" source="wordnet-bulgarian">
         <wf lemma="ям" pos="X">ям</wf>
         <instance id="d000.s5119.t000" lemma="консерва" pos="NOUN">консерва</instance>
         <wf lemma="." pos="X">.</wf>
      </sentence>
      <sentence id="d000.s5120" source="wordnet-bulgarian">
         <wf lemma="липсва" pos="X">липсва</wf>
         <wf lemma="ми" pos="X">ми</wf>
         <instance id="d000.s5120.t000" lemma="воля" pos="NOUN">воля</instance>
         <wf lemma="." pos="X">.</wf>
      </sentence>
      <sentence id="d000.s5121" source="wordnet-bulgarian">
         <wf lemma="Нося" pos="X">Нося</wf>
         <wf lemma="само" pos="X">само</wf>
         <instance id="d000.s5121.t000" lemma="обувка" pos="NOUN">обувки</instance>
         <wf lemma="от" pos="X">от</wf>
         <wf lemma="истинска" pos="X">истинска</wf>
         <wf lemma="кожа" pos="X">кожа</wf>
         <wf lemma="." pos="X">.</wf>
      </sentence>
      <sentence id="d000.s5122" source="wordnet-bulgarian">
         <wf lemma="златен" pos="X">златен</wf>
         <instance id="d000.s5122.t000" lemma="пръстен" pos="NOUN">пръстен</instance>
         <wf lemma="." pos="X">.</wf>
      </sentence>
      <sentence id="d000.s5123" source="wordnet-bulgarian">
         <wf lemma="бележа" pos="X">бележа</wf>
         <wf lemma="нов" pos="X">нов</wf>
         <instance id="d000.s5123.t000" lemma="етап" pos="NOUN">етап</instance>
         <wf lemma="в" pos="X">в</wf>
         <wf lemma="развитието" pos="X">развитието</wf>
         <wf lemma="." pos="X">.</wf>
      </sentence>
      <sentence id="d000.s5124" source="wordnet-bulgarian">
         <instance id="d000.s5124.t000" lemma="сито" pos="NOUN">сито</instance>
         <wf lemma="за" pos="X">за</wf>
         <wf lemma="брашно" pos="X">брашно</wf>
         <wf lemma="." pos="X">.</wf>
      </sentence>
      <sentence id="d000.s5125" source="wordnet-bulgarian">
         <wf lemma="състезателна" pos="X">състезателна</wf>
         <instance id="d000.s5125.t000" lemma="кола" pos="NOUN">кола</instance>
         <wf lemma="." pos="X">.</wf>
      </sentence>
      <sentence id="d000.s5126" source="wordnet-bulgarian">
         <wf lemma="културна" pos="X">културна</wf>
         <instance id="d000.s5126.t000" lemma="общественост" pos="NOUN">общественост</instance>
         <wf lemma="." pos="X">.</wf>
      </sentence>
      <sentence id="d000.s5127" source="wordnet-bulgarian">
         <wf lemma="отправям" pos="X">отправям</wf>
         <instance id="d000.s5127.t000" lemma="покана" pos="NOUN">покана</instance>
         <wf lemma="." pos="X">.</wf>
      </sentence>
      <sentence id="d000.s5128" source="wordnet-bulgarian">
         <wf lemma="подписвам" pos="X">подписвам</wf>
         <instance id="d000.s5128.t000" lemma="присъда" pos="NOUN">присъда</instance>
         <wf lemma="." pos="X">.</wf>
      </sentence>
      <sentence id="d000.s5129" source="wordnet-bulgarian">
         <instance id="d000.s5129.t000" lemma="дефинирам" pos="VERB">Дефинирай</instance>
         <wf lemma="думата" pos="X">думата</wf>
         <wf lemma="радост" pos="X">радост</wf>
         <wf lemma="." pos="X">.</wf>
      </sentence>
      <sentence id="d000.s5130" source="wordnet-bulgarian">
         <wf lemma="елементи" pos="X">елементи</wf>
         <wf lemma="от" pos="X">от</wf>
         <wf lemma="езическото" pos="X">езическото</wf>
         <wf lemma="българско" pos="X">българско</wf>
         <instance id="d000.s5130.t000" lemma="изкуство" pos="NOUN">изкуство</instance>
         <wf lemma="." pos="X">.</wf>
      </sentence>
      <sentence id="d000.s5131" source="wordnet-bulgarian">
         <wf lemma="наказателен" pos="X">наказателен</wf>
         <instance id="d000.s5131.t000" lemma="процес" pos="NOUN">процес</instance>
         <wf lemma="." pos="X">.</wf>
      </sentence>
      <sentence id="d000.s5132" source="wordnet-bulgarian">
         <wf lemma="извършвам" pos="X">извършвам</wf>
         <instance id="d000.s5132.t000" lemma="грях" pos="NOUN">грях</instance>
         <wf lemma="пред" pos="X">пред</wf>
         <wf lemma="Бога" pos="X">Бога</wf>
         <wf lemma="." pos="X">.</wf>
      </sentence>
      <sentence id="d000.s5133" source="wordnet-bulgarian">
         <wf lemma="тракийско" pos="X">тракийско</wf>
         <instance id="d000.s5133.t000" lemma="съкровище" pos="NOUN">съкровище</instance>
         <wf lemma="." pos="X">.</wf>
      </sentence>
      <sentence id="d000.s5134" source="wordnet-bulgarian">
         <instance id="d000.s5134.t000" lemma="билет" pos="NOUN">билет</instance>
         <wf lemma="за" pos="X">за</wf>
         <wf lemma="отиване" pos="X">отиване</wf>
         <wf lemma="и" pos="X">и</wf>
         <wf lemma="връщане" pos="X">връщане</wf>
         <wf lemma="." pos="X">.</wf>
      </sentence>
      <sentence id="d000.s5135" source="wordnet-bulgarian">
         <wf lemma="Извличам" pos="X">Извличам</wf>
         <instance id="d000.s5135.t000" lemma="облага" pos="NOUN">облаги</instance>
         <wf lemma="от" pos="X">от</wf>
         <wf lemma="всяка" pos="X">всяка</wf>
         <wf lemma="ситуация" pos="X">ситуация</wf>
         <wf lemma="." pos="X">.</wf>
      </sentence>
      <sentence id="d000.s5136" source="wordnet-bulgarian">
         <wf lemma="тест" pos="X">тест</wf>
         <wf lemma="за" pos="X">за</wf>
         <instance id="d000.s5136.t000" lemma="грамотност" pos="NOUN">грамотност</instance>
         <wf lemma="." pos="X">.</wf>
      </sentence>
      <sentence id="d000.s5137" source="wordnet-bulgarian">
         <wf lemma="Безработицата" pos="X">Безработицата</wf>
         <wf lemma="падна" pos="X">падна</wf>
         <wf lemma="през" pos="X">през</wf>
         <wf lemma="последното" pos="X">последното</wf>
         <instance id="d000.s5137.t000" lemma="тримесечие" pos="NOUN">тримесечие</instance>
         <wf lemma="." pos="X">.</wf>
      </sentence>
      <sentence id="d000.s5138" source="wordnet-bulgarian">
         <wf lemma="Връзката" pos="X">Връзката</wf>
         <wf lemma="между" pos="X">между</wf>
         <wf lemma="двете" pos="X">двете</wf>
         <wf lemma="групи" pos="X">групи</wf>
         <wf lemma="алпинисти" pos="X">алпинисти</wf>
         <wf lemma="се" pos="X">се</wf>
         <wf lemma="осъществява" pos="X">осъществява</wf>
         <wf lemma="с" pos="X">с</wf>
         <instance id="d000.s5138.t000" lemma="радио" pos="NOUN">радио</instance>
         <wf lemma="." pos="X">.</wf>
      </sentence>
      <sentence id="d000.s5139" source="wordnet-bulgarian">
         <wf lemma="нежна" pos="X">нежна</wf>
         <instance id="d000.s5139.t000" lemma="кожа" pos="NOUN">кожа</instance>
         <wf lemma="." pos="X">.</wf>
      </sentence>
      <sentence id="d000.s5140" source="wordnet-bulgarian">
         <wf lemma="сива" pos="X">сива</wf>
         <instance id="d000.s5140.t000" lemma="пепел" pos="NOUN">пепел</instance>
         <wf lemma="." pos="X">.</wf>
      </sentence>
      <sentence id="d000.s5141" source="wordnet-bulgarian">
         <wf lemma="Електрическото" pos="X">Електрическото</wf>
         <wf lemma="осветление" pos="X">осветление</wf>
         <wf lemma="има" pos="X">има</wf>
         <wf lemma="много" pos="X">много</wf>
         <instance id="d000.s5141.t000" lemma="преимущество" pos="NOUN">преимущества</instance>
         <wf lemma="." pos="X">.</wf>
      </sentence>
      <sentence id="d000.s5142" source="wordnet-bulgarian">
         <wf lemma="имам" pos="X">имам</wf>
         <instance id="d000.s5142.t000" lemma="тревога" pos="NOUN">тревоги</instance>
         <wf lemma="." pos="X">.</wf>
      </sentence>
      <sentence id="d000.s5143" source="wordnet-bulgarian">
         <wf lemma="Ще" pos="X">Ще</wf>
         <wf lemma="пътувам" pos="X">пътувам</wf>
         <wf lemma="със" pos="X">със</wf>
         <wf lemma="следващия" pos="X">следващия</wf>
         <instance id="d000.s5143.t000" lemma="полет" pos="NOUN">полет</instance>
         <wf lemma="на" pos="X">на</wf>
         <wf lemma="същата" pos="X">същата</wf>
         <wf lemma="авиокомпания" pos="X">авиокомпания</wf>
         <wf lemma="." pos="X">.</wf>
      </sentence>
      <sentence id="d000.s5144" source="wordnet-bulgarian">
         <wf lemma="постоянно" pos="X">постоянно</wf>
         <instance id="d000.s5144.t000" lemma="местожителство" pos="NOUN">местожителство</instance>
         <wf lemma="." pos="X">.</wf>
      </sentence>
      <sentence id="d000.s5145" source="wordnet-bulgarian">
         <wf lemma="В" pos="X">В</wf>
         <instance id="d000.s5145.t000" lemma="сражение" pos="NOUN">сражението</instance>
         <wf lemma="паднаха" pos="X">паднаха</wf>
         <wf lemma="много" pos="X">много</wf>
         <wf lemma="жертви" pos="X">жертви</wf>
         <wf lemma="." pos="X">.</wf>
      </sentence>
      <sentence id="d000.s5146" source="wordnet-bulgarian">
         <instance id="d000.s5146.t000" lemma="иновация" pos="NOUN">иновация</instance>
         <wf lemma="в." pos="X">в.</wf>
      </sentence>
      <sentence id="d000.s5147" source="wordnet-bulgarian">
         <wf lemma="есенни" pos="X">есенни</wf>
         <instance id="d000.s5147.t000" lemma="култура" pos="NOUN">култури</instance>
         <wf lemma="." pos="X">.</wf>
      </sentence>
      <sentence id="d000.s5148" source="wordnet-bulgarian">
         <instance id="d000.s5148.t000" lemma="време" pos="NOUN">времето</instance>
         <wf lemma="се" pos="X">се</wf>
         <wf lemma="затопля" pos="X">затопля</wf>
         <wf lemma="." pos="X">.</wf>
      </sentence>
      <sentence id="d000.s5149" source="wordnet-bulgarian">
         <wf lemma="на" pos="X">на</wf>
         <wf lemma="самия" pos="X">самия</wf>
         <instance id="d000.s5149.t000" lemma="връх" pos="NOUN">връх</instance>
         <wf lemma="на" pos="X">на</wf>
         <wf lemma="." pos="X">.</wf>
      </sentence>
      <sentence id="d000.s5150" source="wordnet-bulgarian">
         <wf lemma="строя" pos="X">строя</wf>
         <wf lemma="нов" pos="X">нов</wf>
         <instance id="d000.s5150.t000" lemma="етаж" pos="NOUN">етаж</instance>
         <wf lemma="." pos="X">.</wf>
      </sentence>
      <sentence id="d000.s5151" source="wordnet-bulgarian">
         <wf lemma="без" pos="X">без</wf>
         <instance id="d000.s5151.t000" lemma="претенция" pos="NOUN">претенции</instance>
         <wf lemma="." pos="X">.</wf>
      </sentence>
      <sentence id="d000.s5152" source="wordnet-bulgarian">
         <wf lemma="открито" pos="X">открито</wf>
         <instance id="d000.s5152.t000" lemma="заседание" pos="NOUN">заседание</instance>
         <wf lemma="." pos="X">.</wf>
      </sentence>
      <sentence id="d000.s5153" source="wordnet-bulgarian">
         <wf lemma="скъп" pos="X">скъп</wf>
         <instance id="d000.s5153.t000" lemma="подарък" pos="NOUN">подарък</instance>
         <wf lemma="." pos="X">.</wf>
      </sentence>
      <sentence id="d000.s5154" source="wordnet-bulgarian">
         <wf lemma="Дори" pos="X">Дори</wf>
         <wf lemma="се" pos="X">се</wf>
         <wf lemma="е" pos="X">е</wf>
         <wf lemma="наложило" pos="X">наложило</wf>
         <wf lemma="областта" pos="X">областта</wf>
         <wf lemma="да" pos="X">да</wf>
         <wf lemma="прибегне" pos="X">прибегне</wf>
         <wf lemma="до" pos="X">до</wf>
         <wf lemma="рекламна" pos="X">рекламна</wf>
         <instance id="d000.s5154.t000" lemma="кампания" pos="NOUN">кампания</instance>
         <wf lemma="," pos="X">,</wf>
         <wf lemma="за" pos="X">за</wf>
         <wf lemma="да" pos="X">да</wf>
         <wf lemma="не" pos="X">не</wf>
         <wf lemma="останат" pos="X">останат</wf>
         <wf lemma="хотелите" pos="X">хотелите</wf>
         <wf lemma="празни" pos="X">празни</wf>
         <wf lemma="." pos="X">.</wf>
      </sentence>
      <sentence id="d000.s5155" source="wordnet-bulgarian">
         <wf lemma="В" pos="X">В</wf>
         <wf lemma="квартала" pos="X">квартала</wf>
         <wf lemma="ни" pos="X">ни</wf>
         <wf lemma="отвориха" pos="X">отвориха</wf>
         <wf lemma="доста" pos="X">доста</wf>
         <instance id="d000.s5155.t000" lemma="магазин" pos="NOUN">магазини</instance>
         <wf lemma="." pos="X">.</wf>
      </sentence>
      <sentence id="d000.s5156" source="wordnet-bulgarian">
         <wf lemma="отварям" pos="X">отварям</wf>
         <instance id="d000.s5156.t000" lemma="завещание" pos="NOUN">завещание</instance>
         <wf lemma="." pos="X">.</wf>
      </sentence>
      <sentence id="d000.s5157" source="wordnet-bulgarian">
         <instance id="d000.s5157.t000" lemma="нямам" pos="VERB">нямам</instance>
         <wf lemma="време" pos="X">време</wf>
         <wf lemma="." pos="X">.</wf>
      </sentence>
      <sentence id="d000.s5158" source="wordnet-bulgarian">
         <wf lemma="накърнено" pos="X">накърнено</wf>
         <instance id="d000.s5158.t000" lemma="его" pos="NOUN">его</instance>
         <wf lemma="." pos="X">.</wf>
      </sentence>
      <sentence id="d000.s5159" source="wordnet-bulgarian">
         <instance id="d000.s5159.t000" lemma="водачество" pos="NOUN">Водачеството</instance>
         <wf lemma="е" pos="X">е</wf>
         <wf lemma="в" pos="X">в</wf>
         <wf lemma="кръвта" pos="X">кръвта</wf>
         <wf lemma="му" pos="X">му</wf>
         <wf lemma="." pos="X">.</wf>
      </sentence>
      <sentence id="d000.s5160" source="wordnet-bulgarian">
         <wf lemma="вярвам" pos="X">вярвам</wf>
         <wf lemma="в" pos="X">в</wf>
         <instance id="d000.s5160.t000" lemma="сън" pos="NOUN">сънища</instance>
         <wf lemma="." pos="X">.</wf>
      </sentence>
      <sentence id="d000.s5161" source="wordnet-bulgarian">
         <wf lemma="Превеждам" pos="X">Превеждам</wf>
         <wf lemma="от" pos="X">от</wf>
         <wf lemma="английски" pos="X">английски</wf>
         <instance id="d000.s5161.t000" lemma="език" pos="NOUN">език</instance>
         <wf lemma="." pos="X">.</wf>
      </sentence>
      <sentence id="d000.s5162" source="wordnet-bulgarian">
         <wf lemma="пускам" pos="X">пускам</wf>
         <instance id="d000.s5162.t000" lemma="бюлетина" pos="NOUN">бюлетина</instance>
         <wf lemma="." pos="X">.</wf>
      </sentence>
      <sentence id="d000.s5163" source="wordnet-bulgarian">
         <instance id="d000.s5163.t000" lemma="майстор" pos="NOUN">майстор</instance>
         <wf lemma="на" pos="X">на</wf>
         <wf lemma="цигулки" pos="X">цигулки</wf>
         <wf lemma="." pos="X">.</wf>
      </sentence>
      <sentence id="d000.s5164" source="wordnet-bulgarian">
         <instance id="d000.s5164.t000" lemma="телефонирам" pos="VERB">телефонирам</instance>
         <wf lemma="на" pos="X">на</wf>
         <wf lemma="." pos="X">.</wf>
      </sentence>
      <sentence id="d000.s5165" source="wordnet-bulgarian">
         <wf lemma="вдигам" pos="X">вдигам</wf>
         <instance id="d000.s5165.t000" lemma="прах" pos="NOUN">прах</instance>
         <wf lemma="." pos="X">.</wf>
      </sentence>
      <sentence id="d000.s5166" source="wordnet-bulgarian">
         <wf lemma="Изказвам" pos="X">Изказвам</wf>
         <wf lemma="своите" pos="X">своите</wf>
         <instance id="d000.s5166.t000" lemma="съжаление" pos="NOUN">съжаления</instance>
         <wf lemma="за" pos="X">за</wf>
         <wf lemma="случилото" pos="X">случилото</wf>
         <wf lemma="се" pos="X">се</wf>
         <wf lemma="." pos="X">.</wf>
      </sentence>
      <sentence id="d000.s5167" source="wordnet-bulgarian">
         <wf lemma="Тя" pos="X">Тя</wf>
         <wf lemma="е" pos="X">е</wf>
         <wf lemma="на" pos="X">на</wf>
         <instance id="d000.s5167.t000" lemma="настроение" pos="NOUN">настроения</instance>
         <wf lemma="." pos="X">.</wf>
      </sentence>
      <sentence id="d000.s5168" source="wordnet-bulgarian">
         <wf lemma="за" pos="X">за</wf>
         <wf lemma="нищо" pos="X">нищо</wf>
         <wf lemma="на" pos="X">на</wf>
         <instance id="d000.s5168.t000" lemma="свят" pos="NOUN">света</instance>
         <wf lemma="." pos="X">.</wf>
      </sentence>
      <sentence id="d000.s5169" source="wordnet-bulgarian">
         <wf lemma="излизам" pos="X">излизам</wf>
         <instance id="d000.s5169.t000" lemma="победител" pos="NOUN">победител</instance>
         <wf lemma="от" pos="X">от</wf>
         <wf lemma="." pos="X">.</wf>
      </sentence>
      <sentence id="d000.s5170" source="wordnet-bulgarian">
         <wf lemma="обществена" pos="X">обществена</wf>
         <instance id="d000.s5170.t000" lemma="среда" pos="NOUN">среда</instance>
         <wf lemma="." pos="X">.</wf>
      </sentence>
      <sentence id="d000.s5171" source="wordnet-bulgarian">
         <wf lemma="Меля" pos="X">Меля</wf>
         <wf lemma="жито" pos="X">жито</wf>
         <wf lemma="на" pos="X">на</wf>
         <instance id="d000.s5171.t000" lemma="воденица" pos="NOUN">воденицата</instance>
         <wf lemma="." pos="X">.</wf>
      </sentence>
      <sentence id="d000.s5172" source="wordnet-bulgarian">
         <wf lemma="купувам" pos="X">купувам</wf>
         <instance id="d000.s5172.t000" lemma="акция" pos="NOUN">акции</instance>
         <wf lemma="." pos="X">.</wf>
      </sentence>
      <sentence id="d000.s5173" source="wordnet-bulgarian">
         <instance id="d000.s5173.t000" lemma="оформям" pos="VERB">оформям</instance>
         <wf lemma="характера" pos="X">характера</wf>
         <wf lemma="на" pos="X">на</wf>
         <wf lemma="." pos="X">.</wf>
      </sentence>
      <sentence id="d000.s5174" source="wordnet-bulgarian">
         <wf lemma="Сенаторът" pos="X">Сенаторът</wf>
         <wf lemma="получи" pos="X">получи</wf>
         <wf lemma="много" pos="X">много</wf>
         <instance id="d000.s5174.t000" lemma="критика" pos="NOUN">критики</instance>
         <wf lemma="от" pos="X">от</wf>
         <wf lemma="противника" pos="X">противника</wf>
         <wf lemma="си" pos="X">си</wf>
         <wf lemma="." pos="X">.</wf>
      </sentence>
      <sentence id="d000.s5175" source="wordnet-bulgarian">
         <instance id="d000.s5175.t000" lemma="гънка" pos="NOUN">гънка</instance>
         <wf lemma="на" pos="X">на</wf>
         <wf lemma="плат" pos="X">плат</wf>
         <wf lemma="." pos="X">.</wf>
      </sentence>
      <sentence id="d000.s5176" source="wordnet-bulgarian">
         <wf lemma="на" pos="X">на</wf>
         <instance id="d000.s5176.t000" lemma="край" pos="NOUN">края</instance>
         <wf lemma="на" pos="X">на</wf>
         <wf lemma="." pos="X">.</wf>
      </sentence>
      <sentence id="d000.s5177" source="wordnet-bulgarian">
         <instance id="d000.s5177.t000" lemma="пилея" pos="VERB">пилея</instance>
         <wf lemma="сили" pos="X">сили</wf>
         <wf lemma="." pos="X">.</wf>
      </sentence>
      <sentence id="d000.s5178" source="wordnet-bulgarian">
         <wf lemma="Приспах" pos="X">Приспах</wf>
         <wf lemma="детето" pos="X">детето</wf>
         <wf lemma="на" pos="X">на</wf>
         <instance id="d000.s5178.t000" lemma="скут" pos="NOUN">скута</instance>
         <wf lemma="си" pos="X">си</wf>
         <wf lemma="." pos="X">.</wf>
      </sentence>
      <sentence id="d000.s5179" source="wordnet-bulgarian">
         <instance id="d000.s5179.t000" lemma="четвърт" pos="NOUN">четвърт</instance>
         <wf lemma="от" pos="X">от</wf>
         <wf lemma="." pos="X">.</wf>
      </sentence>
      <sentence id="d000.s5180" source="wordnet-bulgarian">
         <instance id="d000.s5180.t000" lemma="трудност" pos="NOUN">трудност</instance>
         <wf lemma="след" pos="X">след</wf>
         <wf lemma="трудност" pos="X">трудност</wf>
         <wf lemma="." pos="X">.</wf>
      </sentence>
      <sentence id="d000.s5181" source="wordnet-bulgarian">
         <wf lemma="С" pos="X">С</wf>
         <wf lemma="годините" pos="X">годините</wf>
         <instance id="d000.s5181.t000" lemma="извор" pos="NOUN">изворът</instance>
         <wf lemma="се" pos="X">се</wf>
         <wf lemma="пресуши" pos="X">пресуши</wf>
         <wf lemma="." pos="X">.</wf>
      </sentence>
      <sentence id="d000.s5182" source="wordnet-bulgarian">
         <wf lemma="повърхностни" pos="X">повърхностни</wf>
         <instance id="d000.s5182.t000" lemma="знание" pos="NOUN">знания</instance>
         <wf lemma="." pos="X">.</wf>
      </sentence>
      <sentence id="d000.s5183" source="wordnet-bulgarian">
         <wf lemma="синтетичен" pos="X">синтетичен</wf>
         <instance id="d000.s5183.t000" lemma="наркотик" pos="NOUN">наркотик</instance>
         <wf lemma="." pos="X">.</wf>
      </sentence>
      <sentence id="d000.s5184" source="wordnet-bulgarian">
         <wf lemma="категорична" pos="X">категорична</wf>
         <instance id="d000.s5184.t000" lemma="забрана" pos="NOUN">забрана</instance>
         <wf lemma="." pos="X">.</wf>
      </sentence>
      <sentence id="d000.s5185" source="wordnet-bulgarian">
         <wf lemma="стари" pos="X">стари</wf>
         <instance id="d000.s5185.t000" lemma="приятел" pos="NOUN">приятели</instance>
         <wf lemma="." pos="X">.</wf>
      </sentence>
      <sentence id="d000.s5186" source="wordnet-bulgarian">
         <wf lemma="златна" pos="X">златна</wf>
         <instance id="d000.s5186.t000" lemma="валута" pos="NOUN">валута</instance>
         <wf lemma="." pos="X">.</wf>
      </sentence>
      <sentence id="d000.s5187" source="wordnet-bulgarian">
         <wf lemma="Минавам" pos="X">Минавам</wf>
         <wf lemma="в" pos="X">в</wf>
         <instance id="d000.s5187.t000" lemma="територия" pos="NOUN">територията</instance>
         <wf lemma="на" pos="X">на</wf>
         <wf lemma="чужда" pos="X">чужда</wf>
         <wf lemma="държава" pos="X">държава</wf>
         <wf lemma="." pos="X">.</wf>
      </sentence>
      <sentence id="d000.s5188" source="wordnet-bulgarian">
         <instance id="d000.s5188.t000" lemma="бой" pos="NOUN">бой</instance>
         <wf lemma="с" pos="X">с</wf>
         <wf lemma="плесници" pos="X">плесници</wf>
         <wf lemma="." pos="X">.</wf>
      </sentence>
      <sentence id="d000.s5189" source="wordnet-bulgarian">
         <instance id="d000.s5189.t000" lemma="влошавам" pos="VERB">влошавам</instance>
         <wf lemma="живота" pos="X">живота</wf>
         <wf lemma="на" pos="X">на</wf>
         <wf lemma="." pos="X">.</wf>
      </sentence>
      <sentence id="d000.s5190" source="wordnet-bulgarian">
         <wf lemma="Това" pos="X">Това</wf>
         <wf lemma="е" pos="X">е</wf>
         <wf lemma="дълга" pos="X">дълга</wf>
         <instance id="d000.s5190.t000" lemma="история" pos="NOUN">история</instance>
         <wf lemma="." pos="X">.</wf>
      </sentence>
      <sentence id="d000.s5191" source="wordnet-bulgarian">
         <wf lemma="влизам" pos="X">влизам</wf>
         <wf lemma="в" pos="X">в</wf>
         <instance id="d000.s5191.t000" lemma="бой" pos="NOUN">бой</instance>
         <wf lemma="." pos="X">.</wf>
      </sentence>
      <sentence id="d000.s5192" source="wordnet-bulgarian">
         <wf lemma="разранена" pos="X">разранена</wf>
         <instance id="d000.s5192.t000" lemma="кожа" pos="NOUN">кожа</instance>
         <wf lemma="." pos="X">.</wf>
      </sentence>
      <sentence id="d000.s5193" source="wordnet-bulgarian">
         <instance id="d000.s5193.t000" lemma="оригинален" pos="ADJ">оригинален</instance>
         <wf lemma="подход" pos="X">подход</wf>
         <wf lemma="." pos="X">.</wf>
      </sentence>
      <sentence id="d000.s5194" source="wordnet-bulgarian">
         <wf lemma="паметник" pos="X">паметник</wf>
         <wf lemma="от" pos="X">от</wf>
         <wf lemma="десети" pos="X">десети</wf>
         <instance id="d000.s5194.t000" lemma="век" pos="NOUN">век</instance>
         <wf lemma="." pos="X">.</wf>
      </sentence>
      <sentence id="d000.s5195" source="wordnet-bulgarian">
         <instance id="d000.s5195.t000" lemma="протест" pos="NOUN">протест</instance>
         <wf lemma="срещу" pos="X">срещу</wf>
         <wf lemma="замърсяването" pos="X">замърсяването</wf>
         <wf lemma="на" pos="X">на</wf>
         <wf lemma="природата" pos="X">природата</wf>
         <wf lemma="." pos="X">.</wf>
      </sentence>
      <sentence id="d000.s5196" source="wordnet-bulgarian">
         <wf lemma="Децата" pos="X">Децата</wf>
         <wf lemma="обичат" pos="X">обичат</wf>
         <wf lemma="да" pos="X">да</wf>
         <instance id="d000.s5196.t000" lemma="пия" pos="VERB">пият</instance>
         <wf lemma="газирано" pos="X">газирано</wf>
         <wf lemma="." pos="X">.</wf>
      </sentence>
      <sentence id="d000.s5197" source="wordnet-bulgarian">
         <instance id="d000.s5197.t000" lemma="значение" pos="NOUN">Значението</instance>
         <wf lemma="на" pos="X">на</wf>
         <wf lemma="тая" pos="X">тая</wf>
         <wf lemma="дума" pos="X">дума</wf>
         <wf lemma="е" pos="X">е</wf>
         <wf lemma="обидно" pos="X">обидно</wf>
         <wf lemma="." pos="X">.</wf>
      </sentence>
      <sentence id="d000.s5198" source="wordnet-bulgarian">
         <wf lemma="давам" pos="X">давам</wf>
         <instance id="d000.s5198.t000" lemma="старт" pos="NOUN">старт</instance>
         <wf lemma="на" pos="X">на</wf>
         <wf lemma="." pos="X">.</wf>
      </sentence>
      <sentence id="d000.s5199" source="wordnet-bulgarian">
         <wf lemma="минавам" pos="X">минавам</wf>
         <wf lemma="за" pos="X">за</wf>
         <instance id="d000.s5199.t000" lemma="кавалер" pos="NOUN">кавалер</instance>
         <wf lemma="." pos="X">.</wf>
      </sentence>
      <sentence id="d000.s5200" source="wordnet-bulgarian">
         <wf lemma="вечна" pos="X">вечна</wf>
         <instance id="d000.s5200.t000" lemma="младост" pos="NOUN">младост</instance>
         <wf lemma="." pos="X">.</wf>
      </sentence>
      <sentence id="d000.s5201" source="wordnet-bulgarian">
         <wf lemma="Айфеловата" pos="X">Айфеловата</wf>
         <instance id="d000.s5201.t000" lemma="кула" pos="NOUN">кула</instance>
         <wf lemma="." pos="X">.</wf>
      </sentence>
      <sentence id="d000.s5202" source="wordnet-bulgarian">
         <wf lemma="чета" pos="X">чета</wf>
         <instance id="d000.s5202.t000" lemma="бележка" pos="NOUN">бележка</instance>
         <wf lemma="." pos="X">.</wf>
      </sentence>
      <sentence id="d000.s5203" source="wordnet-bulgarian">
         <wf lemma="тъжно" pos="X">тъжно</wf>
         <instance id="d000.s5203.t000" lemma="лице" pos="NOUN">лице</instance>
         <wf lemma="." pos="X">.</wf>
      </sentence>
      <sentence id="d000.s5204" source="wordnet-bulgarian">
         <instance id="d000.s5204.t000" lemma="представител" pos="NOUN">представител</instance>
         <wf lemma="на" pos="X">на</wf>
         <wf lemma="фирма" pos="X">фирма</wf>
         <wf lemma="." pos="X">.</wf>
      </sentence>
      <sentence id="d000.s5205" source="wordnet-bulgarian">
         <wf lemma="черна" pos="X">черна</wf>
         <instance id="d000.s5205.t000" lemma="бенка" pos="NOUN">бенка</instance>
         <wf lemma="." pos="X">.</wf>
      </sentence>
      <sentence id="d000.s5206" source="wordnet-bulgarian">
         <instance id="d000.s5206.t000" lemma="изключвам" pos="VERB">изключвам</instance>
         <wf lemma="от" pos="X">от</wf>
         <wf lemma="училище" pos="X">училище</wf>
         <wf lemma="." pos="X">.</wf>
      </sentence>
      <sentence id="d000.s5207" source="wordnet-bulgarian">
         <wf lemma="официален" pos="X">официален</wf>
         <instance id="d000.s5207.t000" lemma="дистрибутор" pos="NOUN">дистрибутор</instance>
         <wf lemma="." pos="X">.</wf>
      </sentence>
      <sentence id="d000.s5208" source="wordnet-bulgarian">
         <wf lemma="пия" pos="X">пия</wf>
         <instance id="d000.s5208.t000" lemma="вино" pos="NOUN">вино</instance>
         <wf lemma="." pos="X">.</wf>
      </sentence>
      <sentence id="d000.s5209" source="wordnet-bulgarian">
         <wf lemma="Моят" pos="X">Моят</wf>
         <instance id="d000.s5209.t000" lemma="съпруг" pos="NOUN">съпруг</instance>
         <wf lemma="е" pos="X">е</wf>
         <wf lemma="на" pos="X">на</wf>
         <wf lemma="работа" pos="X">работа</wf>
         <wf lemma="." pos="X">.</wf>
      </sentence>
      <sentence id="d000.s5210" source="wordnet-bulgarian">
         <wf lemma="Той" pos="X">Той</wf>
         <wf lemma="знаеше" pos="X">знаеше</wf>
         <wf lemma="и" pos="X">и</wf>
         <wf lemma="изповядваше" pos="X">изповядваше</wf>
         <wf lemma="само" pos="X">само</wf>
         <instance id="d000.s5210.t000" lemma="истина" pos="NOUN">истината</instance>
         <wf lemma="." pos="X">.</wf>
      </sentence>
      <sentence id="d000.s5211" source="wordnet-bulgarian">
         <wf lemma="Можете" pos="X">Можете</wf>
         <wf lemma="да" pos="X">да</wf>
         <instance id="d000.s5211.t000" lemma="получа" pos="VERB">получите</instance>
         <wf lemma="резултатите" pos="X">резултатите</wf>
         <wf lemma="в" pos="X">в</wf>
         <wf lemma="понеделник" pos="X">понеделник</wf>
         <wf lemma="." pos="X">.</wf>
      </sentence>
      <sentence id="d000.s5212" source="wordnet-bulgarian">
         <instance id="d000.s5212.t000" lemma="влечение" pos="NOUN">влечение</instance>
         <wf lemma="към" pos="X">към</wf>
         <wf lemma="." pos="X">.</wf>
      </sentence>
      <sentence id="d000.s5213" source="wordnet-bulgarian">
         <wf lemma="полска" pos="X">полска</wf>
         <instance id="d000.s5213.t000" lemma="мишка" pos="NOUN">мишка</instance>
         <wf lemma="." pos="X">.</wf>
      </sentence>
      <sentence id="d000.s5214" source="wordnet-bulgarian">
         <wf lemma="отнемам" pos="X">отнемам</wf>
         <wf lemma="със" pos="X">със</wf>
         <instance id="d000.s5214.t000" lemma="сила" pos="NOUN">сила</instance>
         <wf lemma="." pos="X">.</wf>
      </sentence>
      <sentence id="d000.s5215" source="wordnet-bulgarian">
         <wf lemma="влизам" pos="X">влизам</wf>
         <wf lemma="на" pos="X">на</wf>
         <instance id="d000.s5215.t000" lemma="пръст" pos="NOUN">пръсти</instance>
         <wf lemma="." pos="X">.</wf>
      </sentence>
      <sentence id="d000.s5216" source="wordnet-bulgarian">
         <wf lemma="това" pos="X">това</wf>
         <wf lemma="е" pos="X">е</wf>
         <wf lemma="без" pos="X">без</wf>
         <instance id="d000.s5216.t000" lemma="значение" pos="NOUN">значение</instance>
         <wf lemma="за" pos="X">за</wf>
         <wf lemma="." pos="X">.</wf>
      </sentence>
      <sentence id="d000.s5217" source="wordnet-bulgarian">
         <wf lemma="Всичко" pos="X">Всичко</wf>
         <wf lemma="това" pos="X">това</wf>
         <wf lemma="," pos="X">,</wf>
         <wf lemma="което" pos="X">което</wf>
         <wf lemma="се" pos="X">се</wf>
         <wf lemma="говори" pos="X">говори</wf>
         <wf lemma="за" pos="X">за</wf>
         <wf lemma="него" pos="X">него</wf>
         <wf lemma="," pos="X">,</wf>
         <wf lemma="са" pos="X">са</wf>
         <wf lemma="хорски" pos="X">хорски</wf>
         <instance id="d000.s5217.t000" lemma="лъжа" pos="NOUN">лъжи</instance>
         <wf lemma="." pos="X">.</wf>
      </sentence>
      <sentence id="d000.s5218" source="wordnet-bulgarian">
         <wf lemma="категорично" pos="X">категорично</wf>
         <instance id="d000.s5218.t000" lemma="твърдение" pos="NOUN">твърдение</instance>
         <wf lemma="." pos="X">.</wf>
      </sentence>
      <sentence id="d000.s5219" source="wordnet-bulgarian">
         <wf lemma="улично" pos="X">улично</wf>
         <instance id="d000.s5219.t000" lemma="осветление" pos="NOUN">осветление</instance>
         <wf lemma="." pos="X">.</wf>
      </sentence>
      <sentence id="d000.s5220" source="wordnet-bulgarian">
         <wf lemma="в" pos="X">в</wf>
         <instance id="d000.s5220.t000" lemma="метро" pos="NOUN">метрото</instance>
         <wf lemma="." pos="X">.</wf>
      </sentence>
      <sentence id="d000.s5221" source="wordnet-bulgarian">
         <wf lemma="Твоята" pos="X">Твоята</wf>
         <instance id="d000.s5221.t000" lemma="любим" pos="NOUN">любима</instance>
         <wf lemma="те" pos="X">те</wf>
         <wf lemma="очаква" pos="X">очаква</wf>
         <wf lemma="." pos="X">.</wf>
      </sentence>
      <sentence id="d000.s5222" source="wordnet-bulgarian">
         <wf lemma="неотровно" pos="X">неотровно</wf>
         <instance id="d000.s5222.t000" lemma="насекомо" pos="NOUN">насекомо</instance>
         <wf lemma="." pos="X">.</wf>
      </sentence>
      <sentence id="d000.s5223" source="wordnet-bulgarian">
         <wf lemma="светло" pos="X">светло</wf>
         <instance id="d000.s5223.t000" lemma="вдъхновение" pos="NOUN">вдъхновение</instance>
         <wf lemma="." pos="X">.</wf>
      </sentence>
      <sentence id="d000.s5224" source="wordnet-bulgarian">
         <wf lemma="нощна" pos="X">нощна</wf>
         <instance id="d000.s5224.t000" lemma="смяна" pos="NOUN">смяна</instance>
         <wf lemma="." pos="X">.</wf>
      </sentence>
      <sentence id="d000.s5225" source="wordnet-bulgarian">
         <wf lemma="без" pos="X">без</wf>
         <instance id="d000.s5225.t000" lemma="отдих" pos="NOUN">отдих</instance>
         <wf lemma="." pos="X">.</wf>
      </sentence>
      <sentence id="d000.s5226" source="wordnet-bulgarian">
         <instance id="d000.s5226.t000" lemma="недостатък" pos="NOUN">недостатъци</instance>
         <wf lemma="в" pos="X">в</wf>
         <wf lemma="характера" pos="X">характера</wf>
         <wf lemma="." pos="X">.</wf>
      </sentence>
      <sentence id="d000.s5227" source="wordnet-bulgarian">
         <wf lemma="налагам" pos="X">налагам</wf>
         <wf lemma="вето" pos="X">вето</wf>
         <wf lemma="върху" pos="X">върху</wf>
         <instance id="d000.s5227.t000" lemma="закон" pos="NOUN">закона</instance>
         <wf lemma="." pos="X">.</wf>
      </sentence>
      <sentence id="d000.s5228" source="wordnet-bulgarian">
         <instance id="d000.s5228.t000" lemma="книга" pos="NOUN">книга</instance>
         <wf lemma="с" pos="X">с</wf>
         <wf lemma="пожълтели" pos="X">пожълтели</wf>
         <wf lemma="листа" pos="X">листа</wf>
         <wf lemma="." pos="X">.</wf>
      </sentence>
      <sentence id="d000.s5229" source="wordnet-bulgarian">
         <wf lemma="живея" pos="X">живея</wf>
         <wf lemma="в" pos="X">в</wf>
         <instance id="d000.s5229.t000" lemma="мизерия" pos="NOUN">мизерия</instance>
         <wf lemma="." pos="X">.</wf>
      </sentence>
      <sentence id="d000.s5230" source="wordnet-bulgarian">
         <wf lemma="отивам" pos="X">отивам</wf>
         <wf lemma="на" pos="X">на</wf>
         <instance id="d000.s5230.t000" lemma="симпозиум" pos="NOUN">симпозиум</instance>
         <wf lemma="." pos="X">.</wf>
      </sentence>
      <sentence id="d000.s5231" source="wordnet-bulgarian">
         <instance id="d000.s5231.t000" lemma="благополучие" pos="NOUN">благополучие</instance>
         <wf lemma="в" pos="X">в</wf>
         <wf lemma="къщата" pos="X">къщата</wf>
         <wf lemma="." pos="X">.</wf>
      </sentence>
      <sentence id="d000.s5232" source="wordnet-bulgarian">
         <wf lemma="научен" pos="X">научен</wf>
         <instance id="d000.s5232.t000" lemma="ръководител" pos="NOUN">ръководител</instance>
         <wf lemma="." pos="X">.</wf>
      </sentence>
      <sentence id="d000.s5233" source="wordnet-bulgarian">
         <instance id="d000.s5233.t000" lemma="плат" pos="NOUN">плат</instance>
         <wf lemma="от" pos="X">от</wf>
         <wf lemma="естествена" pos="X">естествена</wf>
         <wf lemma="материя" pos="X">материя</wf>
         <wf lemma="." pos="X">.</wf>
      </sentence>
      <sentence id="d000.s5234" source="wordnet-bulgarian">
         <wf lemma="парцалена" pos="X">парцалена</wf>
         <instance id="d000.s5234.t000" lemma="кукла" pos="NOUN">кукла</instance>
         <wf lemma="." pos="X">.</wf>
      </sentence>
      <sentence id="d000.s5235" source="wordnet-bulgarian">
         <wf lemma="минимална" pos="X">минимална</wf>
         <instance id="d000.s5235.t000" lemma="скорост" pos="NOUN">скорост</instance>
         <wf lemma="." pos="X">.</wf>
      </sentence>
      <sentence id="d000.s5236" source="wordnet-bulgarian">
         <wf lemma="правя" pos="X">правя</wf>
         <instance id="d000.s5236.t000" lemma="пауза" pos="NOUN">пауза</instance>
         <wf lemma="." pos="X">.</wf>
      </sentence>
      <sentence id="d000.s5237" source="wordnet-bulgarian">
         <instance id="d000.s5237.t000" lemma="родител" pos="NOUN">Родителите</instance>
         <wf lemma="ми" pos="X">ми</wf>
         <wf lemma="са" pos="X">са</wf>
         <wf lemma="богати" pos="X">богати</wf>
         <wf lemma="." pos="X">.</wf>
      </sentence>
      <sentence id="d000.s5238" source="wordnet-bulgarian">
         <instance id="d000.s5238.t000" lemma="повторение" pos="NOUN">повторение</instance>
         <wf lemma="на" pos="X">на</wf>
         <wf lemma="упражнение" pos="X">упражнение</wf>
         <wf lemma="." pos="X">.</wf>
      </sentence>
      <sentence id="d000.s5239" source="wordnet-bulgarian">
         <wf lemma="проливен" pos="X">проливен</wf>
         <instance id="d000.s5239.t000" lemma="дъжд" pos="NOUN">дъжд</instance>
         <wf lemma="." pos="X">.</wf>
      </sentence>
      <sentence id="d000.s5240" source="wordnet-bulgarian">
         <wf lemma="главен" pos="X">главен</wf>
         <instance id="d000.s5240.t000" lemma="герой" pos="NOUN">герой</instance>
         <wf lemma="." pos="X">.</wf>
      </sentence>
      <sentence id="d000.s5241" source="wordnet-bulgarian">
         <wf lemma="изпих" pos="X">изпих</wf>
         <wf lemma="чашата" pos="X">чашата</wf>
         <wf lemma="до" pos="X">до</wf>
         <instance id="d000.s5241.t000" lemma="дъно" pos="NOUN">дъно</instance>
         <wf lemma="." pos="X">.</wf>
      </sentence>
      <sentence id="d000.s5242" source="wordnet-bulgarian">
         <instance id="d000.s5242.t000" lemma="предложение" pos="NOUN">Предложението</instance>
         <wf lemma="беше" pos="X">беше</wf>
         <wf lemma="отхвърлено" pos="X">отхвърлено</wf>
         <wf lemma="." pos="X">.</wf>
      </sentence>
      <sentence id="d000.s5243" source="wordnet-bulgarian">
         <wf lemma="във" pos="X">във</wf>
         <instance id="d000.s5243.t000" lemma="фоайе" pos="NOUN">фоайето</instance>
         <wf lemma="." pos="X">.</wf>
      </sentence>
      <sentence id="d000.s5244" source="wordnet-bulgarian">
         <instance id="d000.s5244.t000" lemma="агенция" pos="NOUN">агенция</instance>
         <wf lemma="за" pos="X">за</wf>
         <wf lemma="подпомагане" pos="X">подпомагане</wf>
         <wf lemma="на" pos="X">на</wf>
         <wf lemma="бежанците" pos="X">бежанците</wf>
         <wf lemma="." pos="X">.</wf>
      </sentence>
      <sentence id="d000.s5245" source="wordnet-bulgarian">
         <instance id="d000.s5245.t000" lemma="търся" pos="VERB">Търся</instance>
         <wf lemma="си" pos="X">си</wf>
         <wf lemma="палтото" pos="X">палтото</wf>
         <wf lemma="." pos="X">.</wf>
      </sentence>
      <sentence id="d000.s5246" source="wordnet-bulgarian">
         <instance id="d000.s5246.t000" lemma="викам" pos="VERB">викам</instance>
         <wf lemma="с" pos="X">с</wf>
         <wf lemma="цяло" pos="X">цяло</wf>
         <wf lemma="гърло" pos="X">гърло</wf>
         <wf lemma="." pos="X">.</wf>
      </sentence>
      <sentence id="d000.s5247" source="wordnet-bulgarian">
         <wf lemma="с" pos="X">с</wf>
         <wf lemma="едва" pos="X">едва</wf>
         <wf lemma="скрито" pos="X">скрито</wf>
         <instance id="d000.s5247.t000" lemma="задоволство" pos="NOUN">задоволство</instance>
         <wf lemma="." pos="X">.</wf>
      </sentence>
      <sentence id="d000.s5248" source="wordnet-bulgarian">
         <instance id="d000.s5248.t000" lemma="украса" pos="NOUN">украса</instance>
         <wf lemma="за" pos="X">за</wf>
         <wf lemma="детско" pos="X">детско</wf>
         <wf lemma="парти" pos="X">парти</wf>
         <wf lemma="." pos="X">.</wf>
      </sentence>
      <sentence id="d000.s5249" source="wordnet-bulgarian">
         <wf lemma="гостна" pos="X">гостна</wf>
         <instance id="d000.s5249.t000" lemma="стая" pos="NOUN">стая</instance>
         <wf lemma="." pos="X">.</wf>
      </sentence>
      <sentence id="d000.s5250" source="wordnet-bulgarian">
         <wf lemma="плодова" pos="X">плодова</wf>
         <instance id="d000.s5250.t000" lemma="захар" pos="NOUN">захар</instance>
         <wf lemma="." pos="X">.</wf>
      </sentence>
      <sentence id="d000.s5251" source="wordnet-bulgarian">
         <wf lemma="избирам" pos="X">избирам</wf>
         <instance id="d000.s5251.t000" lemma="президент" pos="NOUN">президент</instance>
         <wf lemma="." pos="X">.</wf>
      </sentence>
      <sentence id="d000.s5252" source="wordnet-bulgarian">
         <wf lemma="търтих" pos="X">търтих</wf>
         <wf lemma="да" pos="X">да</wf>
         <instance id="d000.s5252.t000" lemma="бягам" pos="VERB">бягам</instance>
         <wf lemma="." pos="X">.</wf>
      </sentence>
      <sentence id="d000.s5253" source="wordnet-bulgarian">
         <wf lemma="меко" pos="X">меко</wf>
         <instance id="d000.s5253.t000" lemma="време" pos="NOUN">време</instance>
         <wf lemma="." pos="X">.</wf>
      </sentence>
      <sentence id="d000.s5254" source="wordnet-bulgarian">
         <wf lemma="Чу" pos="X">Чу</wf>
         <wf lemma="се" pos="X">се</wf>
         <wf lemma="съскане" pos="X">съскане</wf>
         <wf lemma="на" pos="X">на</wf>
         <instance id="d000.s5254.t000" lemma="прахосмукачка" pos="NOUN">прахосмукачка</instance>
         <wf lemma="." pos="X">.</wf>
      </sentence>
      <sentence id="d000.s5255" source="wordnet-bulgarian">
         <wf lemma="здрав" pos="X">здрав</wf>
         <instance id="d000.s5255.t000" lemma="възел" pos="NOUN">възел</instance>
         <wf lemma="." pos="X">.</wf>
      </sentence>
      <sentence id="d000.s5256" source="wordnet-bulgarian">
         <wf lemma="Роклята" pos="X">Роклята</wf>
         <wf lemma="ми" pos="X">ми</wf>
         <instance id="d000.s5256.t000" lemma="стана" pos="VERB">стана</instance>
         <wf lemma="." pos="X">.</wf>
      </sentence>
      <sentence id="d000.s5257" source="wordnet-bulgarian">
         <wf lemma="До" pos="X">До</wf>
         <instance id="d000.s5257.t000" lemma="бой" pos="NOUN">бой</instance>
         <wf lemma="не" pos="X">не</wf>
         <wf lemma="се" pos="X">се</wf>
         <wf lemma="стигна" pos="X">стигна</wf>
         <wf lemma="." pos="X">.</wf>
      </sentence>
      <sentence id="d000.s5258" source="wordnet-bulgarian">
         <wf lemma="брачен" pos="X">брачен</wf>
         <instance id="d000.s5258.t000" lemma="договор" pos="NOUN">договор</instance>
         <wf lemma="." pos="X">.</wf>
      </sentence>
      <sentence id="d000.s5259" source="wordnet-bulgarian">
         <wf lemma="падаща" pos="X">падаща</wf>
         <instance id="d000.s5259.t000" lemma="звезда" pos="NOUN">звезда</instance>
         <wf lemma="." pos="X">.</wf>
      </sentence>
      <sentence id="d000.s5260" source="wordnet-bulgarian">
         <instance id="d000.s5260.t000" lemma="изменение" pos="NOUN">изменение</instance>
         <wf lemma="и" pos="X">и</wf>
         <wf lemma="допълнение" pos="X">допълнение</wf>
         <wf lemma="на" pos="X">на</wf>
         <wf lemma="закона" pos="X">закона</wf>
         <wf lemma="." pos="X">.</wf>
      </sentence>
      <sentence id="d000.s5261" source="wordnet-bulgarian">
         <wf lemma="плетени" pos="X">плетени</wf>
         <instance id="d000.s5261.t000" lemma="ръкавица" pos="NOUN">ръкавици</instance>
         <wf lemma="." pos="X">.</wf>
      </sentence>
      <sentence id="d000.s5262" source="wordnet-bulgarian">
         <instance id="d000.s5262.t000" lemma="спор" pos="NOUN">Спорът</instance>
         <wf lemma="продължи" pos="X">продължи</wf>
         <wf lemma="няколко" pos="X">няколко</wf>
         <wf lemma="часа" pos="X">часа</wf>
         <wf lemma="." pos="X">.</wf>
      </sentence>
      <sentence id="d000.s5263" source="wordnet-bulgarian">
         <wf lemma="Той" pos="X">Той</wf>
         <wf lemma="се" pos="X">се</wf>
         <wf lemma="хвърли" pos="X">хвърли</wf>
         <wf lemma="на" pos="X">на</wf>
         <wf lemma="леглото" pos="X">леглото</wf>
         <wf lemma="от" pos="X">от</wf>
         <wf lemma="изтощение" pos="X">изтощение</wf>
         <wf lemma="и" pos="X">и</wf>
         <wf lemma="голяма" pos="X">голяма</wf>
         <wf lemma="физическа" pos="X">физическа</wf>
         <instance id="d000.s5263.t000" lemma="слабост" pos="NOUN">слабост</instance>
         <wf lemma="." pos="X">.</wf>
      </sentence>
      <sentence id="d000.s5264" source="wordnet-bulgarian">
         <wf lemma="извънреден" pos="X">извънреден</wf>
         <instance id="d000.s5264.t000" lemma="конгрес" pos="NOUN">конгрес</instance>
         <wf lemma="." pos="X">.</wf>
      </sentence>
      <sentence id="d000.s5265" source="wordnet-bulgarian">
         <wf lemma="сребърна" pos="X">сребърна</wf>
         <instance id="d000.s5265.t000" lemma="монета" pos="NOUN">монета</instance>
         <wf lemma="." pos="X">.</wf>
      </sentence>
      <sentence id="d000.s5266" source="wordnet-bulgarian">
         <wf lemma="победа" pos="X">победа</wf>
         <wf lemma="по" pos="X">по</wf>
         <instance id="d000.s5266.t000" lemma="точка" pos="NOUN">точки</instance>
         <wf lemma="." pos="X">.</wf>
      </sentence>
      <sentence id="d000.s5267" source="wordnet-bulgarian">
         <instance id="d000.s5267.t000" lemma="шепна" pos="VERB">шепна</instance>
         <wf lemma="на" pos="X">на</wf>
         <wf lemma="ухо" pos="X">ухо</wf>
         <wf lemma="." pos="X">.</wf>
      </sentence>
      <sentence id="d000.s5268" source="wordnet-bulgarian">
         <wf lemma="разделям" pos="X">разделям</wf>
         <wf lemma="на" pos="X">на</wf>
         <wf lemma="две" pos="X">две</wf>
         <instance id="d000.s5268.t000" lemma="половина" pos="NOUN">половини</instance>
         <wf lemma="." pos="X">.</wf>
      </sentence>
      <sentence id="d000.s5269" source="wordnet-bulgarian">
         <instance id="d000.s5269.t000" lemma="поддръжка" pos="NOUN">поддръжка</instance>
         <wf lemma="и" pos="X">и</wf>
         <wf lemma="ремонт" pos="X">ремонт</wf>
         <wf lemma="на" pos="X">на</wf>
         <wf lemma="сгради" pos="X">сгради</wf>
         <wf lemma="." pos="X">.</wf>
      </sentence>
      <sentence id="d000.s5270" source="wordnet-bulgarian">
         <wf lemma="участвам" pos="X">участвам</wf>
         <wf lemma="в" pos="X">в</wf>
         <instance id="d000.s5270.t000" lemma="грабеж" pos="NOUN">грабеж</instance>
         <wf lemma="." pos="X">.</wf>
      </sentence>
      <sentence id="d000.s5271" source="wordnet-bulgarian">
         <wf lemma="стана" pos="X">стана</wf>
         <wf lemma="голям" pos="X">голям</wf>
         <instance id="d000.s5271.t000" lemma="майтап" pos="NOUN">майтап</instance>
         <wf lemma="." pos="X">.</wf>
      </sentence>
      <sentence id="d000.s5272" source="wordnet-bulgarian">
         <wf lemma="свивам" pos="X">свивам</wf>
         <instance id="d000.s5272.t000" lemma="пръст" pos="NOUN">пръсти</instance>
         <wf lemma="." pos="X">.</wf>
      </sentence>
      <sentence id="d000.s5273" source="wordnet-bulgarian">
         <instance id="d000.s5273.t000" lemma="допълнение" pos="NOUN">допълнение</instance>
         <wf lemma="към" pos="X">към</wf>
         <wf lemma="договор" pos="X">договор</wf>
         <wf lemma="." pos="X">.</wf>
      </sentence>
      <sentence id="d000.s5274" source="wordnet-bulgarian">
         <wf lemma="заменям" pos="X">заменям</wf>
         <instance id="d000.s5274.t000" lemma="жилище" pos="NOUN">жилище</instance>
         <wf lemma="." pos="X">.</wf>
      </sentence>
      <sentence id="d000.s5275" source="wordnet-bulgarian">
         <wf lemma="крастава" pos="X">крастава</wf>
         <instance id="d000.s5275.t000" lemma="жаба" pos="NOUN">жаба</instance>
         <wf lemma="." pos="X">.</wf>
      </sentence>
      <sentence id="d000.s5276" source="wordnet-bulgarian">
         <wf lemma="слаба" pos="X">слаба</wf>
         <instance id="d000.s5276.t000" lemma="карта" pos="NOUN">карта</instance>
         <wf lemma="." pos="X">.</wf>
      </sentence>
      <sentence id="d000.s5277" source="wordnet-bulgarian">
         <wf lemma="освободителна" pos="X">освободителна</wf>
         <instance id="d000.s5277.t000" lemma="война" pos="NOUN">война</instance>
         <wf lemma="." pos="X">.</wf>
      </sentence>
      <sentence id="d000.s5278" source="wordnet-bulgarian">
         <wf lemma="всесилен" pos="X">всесилен</wf>
         <instance id="d000.s5278.t000" lemma="монарх" pos="NOUN">монарх</instance>
         <wf lemma="." pos="X">.</wf>
      </sentence>
      <sentence id="d000.s5279" source="wordnet-bulgarian">
         <instance id="d000.s5279.t000" lemma="комбинирам" pos="VERB">комбинирам</instance>
         <wf lemma="едни" pos="X">едни</wf>
         <wf lemma="факти" pos="X">факти</wf>
         <wf lemma="с" pos="X">с</wf>
         <wf lemma="други" pos="X">други</wf>
         <wf lemma="." pos="X">.</wf>
      </sentence>
      <sentence id="d000.s5280" source="wordnet-bulgarian">
         <wf lemma="похвална" pos="X">похвална</wf>
         <instance id="d000.s5280.t000" lemma="инициатива" pos="NOUN">инициатива</instance>
         <wf lemma="." pos="X">.</wf>
      </sentence>
      <sentence id="d000.s5281" source="wordnet-bulgarian">
         <wf lemma="южен" pos="X">южен</wf>
         <instance id="d000.s5281.t000" lemma="вятър" pos="NOUN">вятър</instance>
         <wf lemma="." pos="X">.</wf>
      </sentence>
      <sentence id="d000.s5282" source="wordnet-bulgarian">
         <wf lemma="ям" pos="X">ям</wf>
         <wf lemma="с" pos="X">с</wf>
         <instance id="d000.s5282.t000" lemma="лъжица" pos="NOUN">лъжица</instance>
         <wf lemma="." pos="X">.</wf>
      </sentence>
      <sentence id="d000.s5283" source="wordnet-bulgarian">
         <wf lemma="земна" pos="X">земна</wf>
         <instance id="d000.s5283.t000" lemma="повърхност" pos="NOUN">повърхност</instance>
         <wf lemma="." pos="X">.</wf>
      </sentence>
      <sentence id="d000.s5284" source="wordnet-bulgarian">
         <wf lemma="Една" pos="X">Една</wf>
         <wf lemma="моя" pos="X">моя</wf>
         <instance id="d000.s5284.t000" lemma="близък" pos="NOUN">близка</instance>
         <wf lemma="ми" pos="X">ми</wf>
         <wf lemma="услужи" pos="X">услужи</wf>
         <wf lemma="." pos="X">.</wf>
      </sentence>
      <sentence id="d000.s5285" source="wordnet-bulgarian">
         <wf lemma="Децата" pos="X">Децата</wf>
         <wf lemma="са" pos="X">са</wf>
         <wf lemma="пострадали" pos="X">пострадали</wf>
         <wf lemma="най-тежко" pos="X">най-тежко</wf>
         <wf lemma="," pos="X">,</wf>
         <wf lemma="защото" pos="X">защото</wf>
         <wf lemma="са" pos="X">са</wf>
         <wf lemma="се" pos="X">се</wf>
         <wf lemma="возили" pos="X">возили</wf>
         <wf lemma="на" pos="X">на</wf>
         <wf lemma="задната" pos="X">задната</wf>
         <instance id="d000.s5285.t000" lemma="седалка" pos="NOUN">седалка</instance>
         <wf lemma="," pos="X">,</wf>
         <wf lemma="коментират" pos="X">коментират</wf>
         <wf lemma="полицаи" pos="X">полицаи</wf>
         <wf lemma="." pos="X">.</wf>
      </sentence>
      <sentence id="d000.s5286" source="wordnet-bulgarian">
         <wf lemma="познати" pos="X">познати</wf>
         <instance id="d000.s5286.t000" lemma="черта" pos="NOUN">черти</instance>
         <wf lemma="." pos="X">.</wf>
      </sentence>
      <sentence id="d000.s5287" source="wordnet-bulgarian">
         <wf lemma="в" pos="X">в</wf>
         <instance id="d000.s5287.t000" lemma="резюме" pos="NOUN">резюме</instance>
         <wf lemma="." pos="X">.</wf>
      </sentence>
      <sentence id="d000.s5288" source="wordnet-bulgarian">
         <wf lemma="В" pos="X">В</wf>
         <wf lemma="градината" pos="X">градината</wf>
         <wf lemma="ни" pos="X">ни</wf>
         <wf lemma="имаме" pos="X">имаме</wf>
         <instance id="d000.s5288.t000" lemma="люлка" pos="NOUN">люлка</instance>
         <wf lemma="." pos="X">.</wf>
      </sentence>
      <sentence id="d000.s5289" source="wordnet-bulgarian">
         <wf lemma="изплащам" pos="X">изплащам</wf>
         <instance id="d000.s5289.t000" lemma="дълг" pos="NOUN">дълга</instance>
         <wf lemma="си" pos="X">си</wf>
         <wf lemma="." pos="X">.</wf>
      </sentence>
      <sentence id="d000.s5290" source="wordnet-bulgarian">
         <instance id="d000.s5290.t000" lemma="буря" pos="NOUN">буря</instance>
         <wf lemma="с" pos="X">с</wf>
         <wf lemma="ураганни" pos="X">ураганни</wf>
         <wf lemma="ветрове" pos="X">ветрове</wf>
         <wf lemma="." pos="X">.</wf>
      </sentence>
      <sentence id="d000.s5291" source="wordnet-bulgarian">
         <wf lemma="официални" pos="X">официални</wf>
         <instance id="d000.s5291.t000" lemma="обувка" pos="NOUN">обувки</instance>
         <wf lemma="." pos="X">.</wf>
      </sentence>
      <sentence id="d000.s5292" source="wordnet-bulgarian">
         <wf lemma="с" pos="X">с</wf>
         <instance id="d000.s5292.t000" lemma="риск" pos="NOUN">риск</instance>
         <wf lemma="за" pos="X">за</wf>
         <wf lemma="живота" pos="X">живота</wf>
         <wf lemma="си" pos="X">си</wf>
         <wf lemma="той" pos="X">той</wf>
         <wf lemma="спаси" pos="X">спаси</wf>
         <wf lemma="детето" pos="X">детето</wf>
         <wf lemma="." pos="X">.</wf>
      </sentence>
      <sentence id="d000.s5293" source="wordnet-bulgarian">
         <instance id="d000.s5293.t000" lemma="обект" pos="NOUN">обект</instance>
         <wf lemma="на" pos="X">на</wf>
         <wf lemma="внимание" pos="X">внимание</wf>
         <wf lemma="." pos="X">.</wf>
      </sentence>
      <sentence id="d000.s5294" source="wordnet-bulgarian">
         <wf lemma="електрическа" pos="X">електрическа</wf>
         <instance id="d000.s5294.t000" lemma="печка" pos="NOUN">печка</instance>
         <wf lemma="." pos="X">.</wf>
      </sentence>
      <sentence id="d000.s5295" source="wordnet-bulgarian">
         <wf lemma="няма" pos="X">няма</wf>
         <instance id="d000.s5295.t000" lemma="място" pos="NOUN">място</instance>
         <wf lemma="да" pos="X">да</wf>
         <wf lemma="се" pos="X">се</wf>
         <wf lemma="обърне" pos="X">обърне</wf>
         <wf lemma="човек" pos="X">човек</wf>
         <wf lemma="." pos="X">.</wf>
      </sentence>
      <sentence id="d000.s5296" source="wordnet-bulgarian">
         <wf lemma="дълъг" pos="X">дълъг</wf>
         <instance id="d000.s5296.t000" lemma="панталон" pos="NOUN">панталон</instance>
         <wf lemma="." pos="X">.</wf>
      </sentence>
      <sentence id="d000.s5297" source="wordnet-bulgarian">
         <wf lemma="супена" pos="X">супена</wf>
         <instance id="d000.s5297.t000" lemma="лъжица" pos="NOUN">лъжица</instance>
         <wf lemma="." pos="X">.</wf>
      </sentence>
      <sentence id="d000.s5298" source="wordnet-bulgarian">
         <wf lemma="ускорявам" pos="X">ускорявам</wf>
         <instance id="d000.s5298.t000" lemma="темпо" pos="NOUN">темпото</instance>
         <wf lemma="." pos="X">.</wf>
      </sentence>
      <sentence id="d000.s5299" source="wordnet-bulgarian">
         <instance id="d000.s5299.t000" lemma="наводнение" pos="NOUN">Наводнението</instance>
         <wf lemma="остави" pos="X">остави</wf>
         <wf lemma="много" pos="X">много</wf>
         <wf lemma="хора" pos="X">хора</wf>
         <wf lemma="без" pos="X">без</wf>
         <wf lemma="подслон" pos="X">подслон</wf>
         <wf lemma="." pos="X">.</wf>
      </sentence>
      <sentence id="d000.s5300" source="wordnet-bulgarian">
         <instance id="d000.s5300.t000" lemma="изгонвам" pos="VERB">изгонвам</instance>
         <wf lemma="от" pos="X">от</wf>
         <wf lemma="работа" pos="X">работа</wf>
         <wf lemma="." pos="X">.</wf>
      </sentence>
      <sentence id="d000.s5301" source="wordnet-bulgarian">
         <instance id="d000.s5301.t000" lemma="копая" pos="VERB">копая</instance>
         <wf lemma="ягоди" pos="X">ягоди</wf>
         <wf lemma="." pos="X">.</wf>
      </sentence>
      <sentence id="d000.s5302" source="wordnet-bulgarian">
         <wf lemma="таен" pos="X">таен</wf>
         <instance id="d000.s5302.t000" lemma="агент" pos="NOUN">агент</instance>
         <wf lemma="." pos="X">.</wf>
      </sentence>
      <sentence id="d000.s5303" source="wordnet-bulgarian">
         <wf lemma="Правя" pos="X">Правя</wf>
         <instance id="d000.s5303.t000" lemma="преговор" pos="NOUN">преговор</instance>
         <wf lemma="по" pos="X">по</wf>
         <wf lemma="история" pos="X">история</wf>
         <wf lemma="." pos="X">.</wf>
      </sentence>
      <sentence id="d000.s5304" source="wordnet-bulgarian">
         <wf lemma="Ученикът" pos="X">Ученикът</wf>
         <wf lemma="изкрещя" pos="X">изкрещя</wf>
         <wf lemma="няколко" pos="X">няколко</wf>
         <wf lemma="нецензурни" pos="X">нецензурни</wf>
         <wf lemma="думи" pos="X">думи</wf>
         <wf lemma="," pos="X">,</wf>
         <wf lemma="с" pos="X">с</wf>
         <wf lemma="които" pos="X">които</wf>
         <instance id="d000.s5304.t000" lemma="обидя" pos="VERB">обиди</instance>
         <wf lemma="учителя" pos="X">учителя</wf>
         <wf lemma="." pos="X">.</wf>
      </sentence>
      <sentence id="d000.s5305" source="wordnet-bulgarian">
         <wf lemma="меко" pos="X">меко</wf>
         <instance id="d000.s5305.t000" lemma="стъбло" pos="NOUN">стъбло</instance>
         <wf lemma="." pos="X">.</wf>
      </sentence>
      <sentence id="d000.s5306" source="wordnet-bulgarian">
         <instance id="d000.s5306.t000" lemma="продажба" pos="NOUN">продажба</instance>
         <wf lemma="на" pos="X">на</wf>
         <wf lemma="имот" pos="X">имот</wf>
         <wf lemma="." pos="X">.</wf>
      </sentence>
      <sentence id="d000.s5307" source="wordnet-bulgarian">
         <wf lemma="пристигам" pos="X">пристигам</wf>
         <wf lemma="на" pos="X">на</wf>
         <instance id="d000.s5307.t000" lemma="кон" pos="NOUN">кон</instance>
         <wf lemma="." pos="X">.</wf>
      </sentence>
      <sentence id="d000.s5308" source="wordnet-bulgarian">
         <wf lemma="Твоето" pos="X">Твоето</wf>
         <instance id="d000.s5308.t000" lemma="мнение" pos="NOUN">мнение</instance>
         <wf lemma="е" pos="X">е</wf>
         <wf lemma="важно" pos="X">важно</wf>
         <wf lemma="за" pos="X">за</wf>
         <wf lemma="мен" pos="X">мен</wf>
         <wf lemma="." pos="X">.</wf>
      </sentence>
      <sentence id="d000.s5309" source="wordnet-bulgarian">
         <wf lemma="Мебелите" pos="X">Мебелите</wf>
         <wf lemma="бяха" pos="X">бяха</wf>
         <wf lemma="покрити" pos="X">покрити</wf>
         <wf lemma="с" pos="X">с</wf>
         <instance id="d000.s5309.t000" lemma="прах" pos="NOUN">прах</instance>
         <wf lemma="." pos="X">.</wf>
      </sentence>
      <sentence id="d000.s5310" source="wordnet-bulgarian">
         <wf lemma="Гледката" pos="X">Гледката</wf>
         <wf lemma="от" pos="X">от</wf>
         <instance id="d000.s5310.t000" lemma="връх" pos="NOUN">върха</instance>
         <wf lemma="е" pos="X">е</wf>
         <wf lemma="прекрасна" pos="X">прекрасна</wf>
         <wf lemma="." pos="X">.</wf>
      </sentence>
      <sentence id="d000.s5311" source="wordnet-bulgarian">
         <wf lemma="с" pos="X">с</wf>
         <instance id="d000.s5311.t000" lemma="перушина" pos="NOUN">перушина</instance>
         <wf lemma="." pos="X">.</wf>
      </sentence>
      <sentence id="d000.s5312" source="wordnet-bulgarian">
         <wf lemma="българска" pos="X">българска</wf>
         <instance id="d000.s5312.t000" lemma="компания" pos="NOUN">компания</instance>
         <wf lemma="." pos="X">.</wf>
      </sentence>
      <sentence id="d000.s5313" source="wordnet-bulgarian">
         <wf lemma="страшен" pos="X">страшен</wf>
         <instance id="d000.s5313.t000" lemma="мрак" pos="NOUN">мрак</instance>
         <wf lemma="." pos="X">.</wf>
      </sentence>
      <sentence id="d000.s5314" source="wordnet-bulgarian">
         <wf lemma="Често" pos="X">Често</wf>
         <wf lemma="си" pos="X">си</wf>
         <wf lemma="правя" pos="X">правя</wf>
         <instance id="d000.s5314.t000" lemma="тост" pos="NOUN">тост</instance>
         <wf lemma="за" pos="X">за</wf>
         <wf lemma="закуска" pos="X">закуска</wf>
         <wf lemma="." pos="X">.</wf>
      </sentence>
      <sentence id="d000.s5315" source="wordnet-bulgarian">
         <wf lemma="костна" pos="X">костна</wf>
         <instance id="d000.s5315.t000" lemma="тъкан" pos="NOUN">тъкан</instance>
         <wf lemma="." pos="X">.</wf>
      </sentence>
      <sentence id="d000.s5316" source="wordnet-bulgarian">
         <instance id="d000.s5316.t000" lemma="прикрепя" pos="VERB">Прикрепих</instance>
         <wf lemma="джоба" pos="X">джоба</wf>
         <wf lemma="към" pos="X">към</wf>
         <wf lemma="полата" pos="X">полата</wf>
         <wf lemma="." pos="X">.</wf>
      </sentence>
      <sentence id="d000.s5317" source="wordnet-bulgarian">
         <wf lemma="стрелям" pos="X">стрелям</wf>
         <wf lemma="от" pos="X">от</wf>
         <instance id="d000.s5317.t000" lemma="прикритие" pos="NOUN">прикритие</instance>
         <wf lemma="." pos="X">.</wf>
      </sentence>
      <sentence id="d000.s5318" source="wordnet-bulgarian">
         <wf lemma="прекратявам" pos="X">прекратявам</wf>
         <instance id="d000.s5318.t000" lemma="връзка" pos="NOUN">връзката</instance>
         <wf lemma="си" pos="X">си</wf>
         <wf lemma="с." pos="X">с.</wf>
      </sentence>
      <sentence id="d000.s5319" source="wordnet-bulgarian">
         <instance id="d000.s5319.t000" lemma="амфетамин" pos="NOUN">Амфетаминът</instance>
         <wf lemma="е" pos="X">е</wf>
         <wf lemma="наркотик" pos="X">наркотик</wf>
         <wf lemma="." pos="X">.</wf>
      </sentence>
      <sentence id="d000.s5320" source="wordnet-bulgarian">
         <wf lemma="пясъчен" pos="X">пясъчен</wf>
         <instance id="d000.s5320.t000" lemma="слой" pos="NOUN">слой</instance>
         <wf lemma="." pos="X">.</wf>
      </sentence>
      <sentence id="d000.s5321" source="wordnet-bulgarian">
         <instance id="d000.s5321.t000" lemma="митинг" pos="NOUN">митинг</instance>
         <wf lemma="срещу" pos="X">срещу</wf>
         <wf lemma="." pos="X">.</wf>
      </sentence>
      <sentence id="d000.s5322" source="wordnet-bulgarian">
         <wf lemma="пилзенска" pos="X">пилзенска</wf>
         <instance id="d000.s5322.t000" lemma="бира" pos="NOUN">бира</instance>
         <wf lemma="." pos="X">.</wf>
      </sentence>
      <sentence id="d000.s5323" source="wordnet-bulgarian">
         <wf lemma="военна" pos="X">военна</wf>
         <instance id="d000.s5323.t000" lemma="полиция" pos="NOUN">полиция</instance>
         <wf lemma="." pos="X">.</wf>
      </sentence>
      <sentence id="d000.s5324" source="wordnet-bulgarian">
         <wf lemma="развалям" pos="X">развалям</wf>
         <wf lemma="си" pos="X">си</wf>
         <instance id="d000.s5324.t000" lemma="мнение" pos="NOUN">мнението</instance>
         <wf lemma="за" pos="X">за</wf>
         <wf lemma="." pos="X">.</wf>
      </sentence>
      <sentence id="d000.s5325" source="wordnet-bulgarian">
         <wf lemma="излизам" pos="X">излизам</wf>
         <wf lemma="от" pos="X">от</wf>
         <instance id="d000.s5325.t000" lemma="кома" pos="NOUN">кома</instance>
         <wf lemma="." pos="X">.</wf>
      </sentence>
      <sentence id="d000.s5326" source="wordnet-bulgarian">
         <instance id="d000.s5326.t000" lemma="взрив" pos="NOUN">Взрив</instance>
         <wf lemma="оглуши" pos="X">оглуши</wf>
         <wf lemma="въздуха" pos="X">въздуха</wf>
         <wf lemma="." pos="X">.</wf>
      </sentence>
      <sentence id="d000.s5327" source="wordnet-bulgarian">
         <wf lemma="Освобождавам" pos="X">Освобождавам</wf>
         <wf lemma="от" pos="X">от</wf>
         <instance id="d000.s5327.t000" lemma="арест" pos="NOUN">ареста</instance>
         <wf lemma="." pos="X">.</wf>
      </sentence>
      <sentence id="d000.s5328" source="wordnet-bulgarian">
         <wf lemma="морска" pos="X">морска</wf>
         <instance id="d000.s5328.t000" lemma="вода" pos="NOUN">вода</instance>
         <wf lemma="." pos="X">.</wf>
      </sentence>
      <sentence id="d000.s5329" source="wordnet-bulgarian">
         <wf lemma="Поседнах" pos="X">Поседнах</wf>
         <wf lemma="на" pos="X">на</wf>
         <wf lemma="един" pos="X">един</wf>
         <instance id="d000.s5329.t000" lemma="пън" pos="NOUN">пън</instance>
         <wf lemma="." pos="X">.</wf>
      </sentence>
      <sentence id="d000.s5330" source="wordnet-bulgarian">
         <wf lemma="телевизионна" pos="X">телевизионна</wf>
         <instance id="d000.s5330.t000" lemma="адаптация" pos="NOUN">адаптация</instance>
         <wf lemma="на" pos="X">на</wf>
         <wf lemma="роман" pos="X">роман</wf>
         <wf lemma="." pos="X">.</wf>
      </sentence>
      <sentence id="d000.s5331" source="wordnet-bulgarian">
         <wf lemma="От" pos="X">От</wf>
         <wf lemma="сградата" pos="X">сградата</wf>
         <wf lemma="бяха" pos="X">бяха</wf>
         <wf lemma="останали" pos="X">останали</wf>
         <wf lemma="само" pos="X">само</wf>
         <instance id="d000.s5331.t000" lemma="руина" pos="NOUN">руини</instance>
         <wf lemma="." pos="X">.</wf>
      </sentence>
      <sentence id="d000.s5332" source="wordnet-bulgarian">
         <wf lemma="правя" pos="X">правя</wf>
         <instance id="d000.s5332.t000" lemma="парник" pos="NOUN">парник</instance>
         <wf lemma="." pos="X">.</wf>
      </sentence>
      <sentence id="d000.s5333" source="wordnet-bulgarian">
         <wf lemma="дълга" pos="X">дълга</wf>
         <instance id="d000.s5333.t000" lemma="пола" pos="NOUN">пола</instance>
         <wf lemma="." pos="X">.</wf>
      </sentence>
      <sentence id="d000.s5334" source="wordnet-bulgarian">
         <wf lemma="създавам" pos="X">създавам</wf>
         <instance id="d000.s5334.t000" lemma="илюзия" pos="NOUN">илюзия</instance>
         <wf lemma="за" pos="X">за</wf>
         <wf lemma="." pos="X">.</wf>
      </sentence>
      <sentence id="d000.s5335" source="wordnet-bulgarian">
         <wf lemma="разхлаждам" pos="X">разхлаждам</wf>
         <wf lemma="се" pos="X">се</wf>
         <wf lemma="във" pos="X">във</wf>
         <instance id="d000.s5335.t000" lemma="фонтан" pos="NOUN">фонтан</instance>
         <wf lemma="." pos="X">.</wf>
      </sentence>
      <sentence id="d000.s5336" source="wordnet-bulgarian">
         <wf lemma="разходка" pos="X">разходка</wf>
         <wf lemma="по" pos="X">по</wf>
         <wf lemma="вода" pos="X">вода</wf>
         <wf lemma="с" pos="X">с</wf>
         <instance id="d000.s5336.t000" lemma="ферибот" pos="NOUN">ферибот</instance>
         <wf lemma="." pos="X">.</wf>
      </sentence>
      <sentence id="d000.s5337" source="wordnet-bulgarian">
         <wf lemma="Единствената" pos="X">Единствената</wf>
         <wf lemma="ми" pos="X">ми</wf>
         <instance id="d000.s5337.t000" lemma="алтернатива" pos="NOUN">алтернатива</instance>
         <wf lemma="е" pos="X">е</wf>
         <wf lemma="да" pos="X">да</wf>
         <wf lemma="откажа" pos="X">откажа</wf>
         <wf lemma="." pos="X">.</wf>
      </sentence>
      <sentence id="d000.s5338" source="wordnet-bulgarian">
         <wf lemma="Ти" pos="X">Ти</wf>
         <wf lemma="вече" pos="X">вече</wf>
         <wf lemma="не" pos="X">не</wf>
         <wf lemma="си" pos="X">си</wf>
         <wf lemma="дете" pos="X">дете</wf>
         <wf lemma="," pos="X">,</wf>
         <wf lemma="а" pos="X">а</wf>
         <wf lemma="истински" pos="X">истински</wf>
         <instance id="d000.s5338.t000" lemma="мъж" pos="NOUN">мъж</instance>
         <wf lemma="." pos="X">.</wf>
      </sentence>
      <sentence id="d000.s5339" source="wordnet-bulgarian">
         <instance id="d000.s5339.t000" lemma="зрител" pos="NOUN">Зрителите</instance>
         <wf lemma="в" pos="X">в</wf>
         <wf lemma="салона" pos="X">салона</wf>
         <wf lemma="изтръпнаха" pos="X">изтръпнаха</wf>
         <wf lemma="." pos="X">.</wf>
      </sentence>
      <sentence id="d000.s5340" source="wordnet-bulgarian">
         <wf lemma="Свикнах" pos="X">Свикнах</wf>
         <wf lemma="да" pos="X">да</wf>
         <instance id="d000.s5340.t000" lemma="понасям" pos="VERB">понасям</instance>
         <wf lemma="особеностите" pos="X">особеностите</wf>
         <wf lemma="в" pos="X">в</wf>
         <wf lemma="характера" pos="X">характера</wf>
         <wf lemma="му" pos="X">му</wf>
         <wf lemma="." pos="X">.</wf>
      </sentence>
      <sentence id="d000.s5341" source="wordnet-bulgarian">
         <wf lemma="поставям" pos="X">поставям</wf>
         <instance id="d000.s5341.t000" lemma="маска" pos="NOUN">маска</instance>
         <wf lemma="на" pos="X">на</wf>
         <wf lemma="лицето" pos="X">лицето</wf>
         <wf lemma="си" pos="X">си</wf>
         <wf lemma="." pos="X">.</wf>
      </sentence>
      <sentence id="d000.s5342" source="wordnet-bulgarian">
         <wf lemma="козуначена" pos="X">козуначена</wf>
         <instance id="d000.s5342.t000" lemma="кифла" pos="NOUN">кифла</instance>
         <wf lemma="." pos="X">.</wf>
      </sentence>
      <sentence id="d000.s5343" source="wordnet-bulgarian">
         <wf lemma="идвам" pos="X">идвам</wf>
         <wf lemma="в" pos="X">в</wf>
         <instance id="d000.s5343.t000" lemma="съзнание" pos="NOUN">съзнание</instance>
         <wf lemma="." pos="X">.</wf>
      </sentence>
      <sentence id="d000.s5344" source="wordnet-bulgarian">
         <wf lemma="текстилна" pos="X">текстилна</wf>
         <instance id="d000.s5344.t000" lemma="фабрика" pos="NOUN">фабрика</instance>
         <wf lemma="." pos="X">.</wf>
      </sentence>
      <sentence id="d000.s5345" source="wordnet-bulgarian">
         <wf lemma="бюджетен" pos="X">бюджетен</wf>
         <instance id="d000.s5345.t000" lemma="дефицит" pos="NOUN">дефицит</instance>
         <wf lemma="." pos="X">.</wf>
      </sentence>
      <sentence id="d000.s5346" source="wordnet-bulgarian">
         <wf lemma="горски" pos="X">горски</wf>
         <instance id="d000.s5346.t000" lemma="ветрец" pos="NOUN">ветрец</instance>
         <wf lemma="." pos="X">.</wf>
      </sentence>
      <sentence id="d000.s5347" source="wordnet-bulgarian">
         <wf lemma="положителни" pos="X">положителни</wf>
         <instance id="d000.s5347.t000" lemma="качество" pos="NOUN">качества</instance>
         <wf lemma="." pos="X">.</wf>
      </sentence>
      <sentence id="d000.s5348" source="wordnet-bulgarian">
         <wf lemma="без" pos="X">без</wf>
         <instance id="d000.s5348.t000" lemma="предупреждение" pos="NOUN">предупреждение</instance>
         <wf lemma="." pos="X">.</wf>
      </sentence>
      <sentence id="d000.s5349" source="wordnet-bulgarian">
         <instance id="d000.s5349.t000" lemma="тържество" pos="NOUN">тържество</instance>
         <wf lemma="на" pos="X">на</wf>
         <wf lemma="разума" pos="X">разума</wf>
         <wf lemma="." pos="X">.</wf>
      </sentence>
      <sentence id="d000.s5350" source="wordnet-bulgarian">
         <wf lemma="залежала" pos="X">залежала</wf>
         <instance id="d000.s5350.t000" lemma="стока" pos="NOUN">стока</instance>
         <wf lemma="." pos="X">.</wf>
      </sentence>
      <sentence id="d000.s5351" source="wordnet-bulgarian">
         <wf lemma="по" pos="X">по</wf>
         <wf lemma="негова" pos="X">негова</wf>
         <instance id="d000.s5351.t000" lemma="инициатива" pos="NOUN">инициатива</instance>
         <wf lemma="." pos="X">.</wf>
      </sentence>
      <sentence id="d000.s5352" source="wordnet-bulgarian">
         <instance id="d000.s5352.t000" lemma="половина" pos="NOUN">половината</instance>
         <wf lemma="от" pos="X">от</wf>
         <wf lemma="." pos="X">.</wf>
      </sentence>
      <sentence id="d000.s5353" source="wordnet-bulgarian">
         <wf lemma="плод" pos="X">плод</wf>
         <wf lemma="на" pos="X">на</wf>
         <instance id="d000.s5353.t000" lemma="въображение" pos="NOUN">въображението</instance>
         <wf lemma="." pos="X">.</wf>
      </sentence>
      <sentence id="d000.s5354" source="wordnet-bulgarian">
         <wf lemma="богата" pos="X">богата</wf>
         <instance id="d000.s5354.t000" lemma="плячка" pos="NOUN">плячка</instance>
         <wf lemma="." pos="X">.</wf>
      </sentence>
      <sentence id="d000.s5355" source="wordnet-bulgarian">
         <instance id="d000.s5355.t000" lemma="изпитвам" pos="VERB">изпитвам</instance>
         <wf lemma="гордост" pos="X">гордост</wf>
         <wf lemma="." pos="X">.</wf>
      </sentence>
      <sentence id="d000.s5356" source="wordnet-bulgarian">
         <wf lemma="благородническа" pos="X">благородническа</wf>
         <instance id="d000.s5356.t000" lemma="титла" pos="NOUN">титла</instance>
         <wf lemma="." pos="X">.</wf>
      </sentence>
      <sentence id="d000.s5357" source="wordnet-bulgarian">
         <wf lemma="гледам" pos="X">гледам</wf>
         <instance id="d000.s5357.t000" lemma="телевизия" pos="NOUN">телевизия</instance>
         <wf lemma="." pos="X">.</wf>
      </sentence>
      <sentence id="d000.s5358" source="wordnet-bulgarian">
         <wf lemma="българска" pos="X">българска</wf>
         <instance id="d000.s5358.t000" lemma="територия" pos="NOUN">територия</instance>
         <wf lemma="." pos="X">.</wf>
      </sentence>
      <sentence id="d000.s5359" source="wordnet-bulgarian">
         <wf lemma="на" pos="X">на</wf>
         <instance id="d000.s5359.t000" lemma="откъс" pos="NOUN">откъси</instance>
         <wf lemma="." pos="X">.</wf>
      </sentence>
      <sentence id="d000.s5360" source="wordnet-bulgarian">
         <wf lemma="при" pos="X">при</wf>
         <wf lemma="други" pos="X">други</wf>
         <instance id="d000.s5360.t000" lemma="обстоятелство" pos="NOUN">обстоятелства</instance>
         <wf lemma="." pos="X">.</wf>
      </sentence>
      <sentence id="d000.s5361" source="wordnet-bulgarian">
         <wf lemma="по" pos="X">по</wf>
         <instance id="d000.s5361.t000" lemma="покана" pos="NOUN">покана</instance>
         <wf lemma="на" pos="X">на</wf>
         <wf lemma="." pos="X">.</wf>
      </sentence>
      <sentence id="d000.s5362" source="wordnet-bulgarian">
         <wf lemma="изследване" pos="X">изследване</wf>
         <wf lemma="на" pos="X">на</wf>
         <instance id="d000.s5362.t000" lemma="кръв" pos="NOUN">кръвта</instance>
         <wf lemma="." pos="X">.</wf>
      </sentence>
      <sentence id="d000.s5363" source="wordnet-bulgarian">
         <wf lemma="телевизорът" pos="X">телевизорът</wf>
         <wf lemma="има" pos="X">има</wf>
         <instance id="d000.s5363.t000" lemma="гаранция" pos="NOUN">гаранция</instance>
         <wf lemma="." pos="X">.</wf>
      </sentence>
      <sentence id="d000.s5364" source="wordnet-bulgarian">
         <wf lemma="гъсти" pos="X">гъсти</wf>
         <instance id="d000.s5364.t000" lemma="вежда" pos="NOUN">вежди</instance>
         <wf lemma="." pos="X">.</wf>
      </sentence>
      <sentence id="d000.s5365" source="wordnet-bulgarian">
         <wf lemma="със" pos="X">със</wf>
         <wf lemma="запретнати" pos="X">запретнати</wf>
         <instance id="d000.s5365.t000" lemma="ръкав" pos="NOUN">ръкави</instance>
         <wf lemma="." pos="X">.</wf>
      </sentence>
      <sentence id="d000.s5366" source="wordnet-bulgarian">
         <wf lemma="давам" pos="X">давам</wf>
         <instance id="d000.s5366.t000" lemma="интервю" pos="NOUN">интервю</instance>
         <wf lemma="на" pos="X">на</wf>
         <wf lemma="." pos="X">.</wf>
      </sentence>
      <sentence id="d000.s5367" source="wordnet-bulgarian">
         <wf lemma="непристойно" pos="X">непристойно</wf>
         <instance id="d000.s5367.t000" lemma="поведение" pos="NOUN">поведение</instance>
         <wf lemma="." pos="X">.</wf>
      </sentence>
      <sentence id="d000.s5368" source="wordnet-bulgarian">
         <wf lemma="Сливенски" pos="X">Сливенски</wf>
         <instance id="d000.s5368.t000" lemma="балкан" pos="NOUN">балкан</instance>
         <wf lemma="." pos="X">.</wf>
      </sentence>
      <sentence id="d000.s5369" source="wordnet-bulgarian">
         <wf lemma="Седни" pos="X">Седни</wf>
         <wf lemma="," pos="X">,</wf>
         <wf lemma="не" pos="X">не</wf>
         <instance id="d000.s5369.t000" lemma="стоя" pos="VERB">стой</instance>
         <wf lemma="прав" pos="X">прав</wf>
         <wf lemma="." pos="X">.</wf>
      </sentence>
      <sentence id="d000.s5370" source="wordnet-bulgarian">
         <wf lemma="Изминахме" pos="X">Изминахме</wf>
         <instance id="d000.s5370.t000" lemma="половина" pos="NOUN">половината</instance>
         <wf lemma="път" pos="X">път</wf>
         <wf lemma="." pos="X">.</wf>
      </sentence>
      <sentence id="d000.s5371" source="wordnet-bulgarian">
         <instance id="d000.s5371.t000" lemma="оригинален" pos="ADJ">оригинален</instance>
         <wf lemma="проект" pos="X">проект</wf>
         <wf lemma="." pos="X">.</wf>
      </sentence>
      <sentence id="d000.s5372" source="wordnet-bulgarian">
         <wf lemma="без" pos="X">без</wf>
         <instance id="d000.s5372.t000" lemma="почивка" pos="NOUN">почивка</instance>
         <wf lemma="." pos="X">.</wf>
      </sentence>
      <sentence id="d000.s5373" source="wordnet-bulgarian">
         <wf lemma="обичам" pos="X">обичам</wf>
         <instance id="d000.s5373.t000" lemma="шампанско" pos="NOUN">шампанско</instance>
         <wf lemma="." pos="X">.</wf>
      </sentence>
      <sentence id="d000.s5374" source="wordnet-bulgarian">
         <instance id="d000.s5374.t000" lemma="салата" pos="NOUN">салата</instance>
         <wf lemma="от" pos="X">от</wf>
         <wf lemma="домати" pos="X">домати</wf>
         <wf lemma="и" pos="X">и</wf>
         <wf lemma="краставици" pos="X">краставици</wf>
         <wf lemma="." pos="X">.</wf>
      </sentence>
      <sentence id="d000.s5375" source="wordnet-bulgarian">
         <wf lemma="събирам" pos="X">събирам</wf>
         <instance id="d000.s5375.t000" lemma="доказателство" pos="NOUN">доказателства</instance>
         <wf lemma="." pos="X">.</wf>
      </sentence>
      <sentence id="d000.s5376" source="wordnet-bulgarian">
         <wf lemma="отмествам" pos="X">отмествам</wf>
         <instance id="d000.s5376.t000" lemma="поглед" pos="NOUN">погледа</instance>
         <wf lemma="си" pos="X">си</wf>
         <wf lemma="." pos="X">.</wf>
      </sentence>
      <sentence id="d000.s5377" source="wordnet-bulgarian">
         <instance id="d000.s5377.t000" lemma="чета" pos="VERB">Чел</instance>
         <wf lemma="ли" pos="X">ли</wf>
         <wf lemma="си" pos="X">си</wf>
         <wf lemma="Вазов" pos="X">Вазов</wf>
         <wf lemma="?" pos="X">?</wf>
      </sentence>
      <sentence id="d000.s5378" source="wordnet-bulgarian">
         <wf lemma="Къде" pos="X">Къде</wf>
         <wf lemma="се" pos="X">се</wf>
         <wf lemma="намира" pos="X">намира</wf>
         <wf lemma="инфекциозното" pos="X">инфекциозното</wf>
         <instance id="d000.s5378.t000" lemma="отделение" pos="NOUN">отделение</instance>
         <wf lemma="?" pos="X">?</wf>
      </sentence>
      <sentence id="d000.s5379" source="wordnet-bulgarian">
         <wf lemma="оказвам" pos="X">оказвам</wf>
         <instance id="d000.s5379.t000" lemma="съдействие" pos="NOUN">съдействие</instance>
         <wf lemma="." pos="X">.</wf>
      </sentence>
      <sentence id="d000.s5380" source="wordnet-bulgarian">
         <wf lemma="празна" pos="X">празна</wf>
         <instance id="d000.s5380.t000" lemma="кофа" pos="NOUN">кофа</instance>
         <wf lemma="." pos="X">.</wf>
      </sentence>
      <sentence id="d000.s5381" source="wordnet-bulgarian">
         <wf lemma="акрилна" pos="X">акрилна</wf>
         <instance id="d000.s5381.t000" lemma="бой" pos="NOUN">боя</instance>
         <wf lemma="." pos="X">.</wf>
      </sentence>
      <sentence id="d000.s5382" source="wordnet-bulgarian">
         <wf lemma="Имаш" pos="X">Имаш</wf>
         <wf lemma="ли" pos="X">ли</wf>
         <instance id="d000.s5382.t000" lemma="понятие" pos="NOUN">понятие</instance>
         <wf lemma="от" pos="X">от</wf>
         <wf lemma="нещо" pos="X">нещо</wf>
         <wf lemma="?" pos="X">?</wf>
      </sentence>
      <sentence id="d000.s5383" source="wordnet-bulgarian">
         <wf lemma="пътувам" pos="X">пътувам</wf>
         <wf lemma="на" pos="X">на</wf>
         <instance id="d000.s5383.t000" lemma="север" pos="NOUN">север</instance>
         <wf lemma="." pos="X">.</wf>
      </sentence>
      <sentence id="d000.s5384" source="wordnet-bulgarian">
         <wf lemma="готов" pos="X">готов</wf>
         <wf lemma="за" pos="X">за</wf>
         <wf lemma="консумация" pos="X">консумация</wf>
         <instance id="d000.s5384.t000" lemma="продукт" pos="NOUN">продукт</instance>
         <wf lemma="." pos="X">.</wf>
      </sentence>
      <sentence id="d000.s5385" source="wordnet-bulgarian">
         <wf lemma="допълнителна" pos="X">допълнителна</wf>
         <instance id="d000.s5385.t000" lemma="памет" pos="NOUN">памет</instance>
         <wf lemma="." pos="X">.</wf>
      </sentence>
      <sentence id="d000.s5386" source="wordnet-bulgarian">
         <wf lemma="вътрешто" pos="X">вътрешто</wf>
         <instance id="d000.s5386.t000" lemma="убеждение" pos="NOUN">убеждение</instance>
         <wf lemma="." pos="X">.</wf>
      </sentence>
      <sentence id="d000.s5387" source="wordnet-bulgarian">
         <wf lemma="живея" pos="X">живея</wf>
         <wf lemma="в" pos="X">в</wf>
         <instance id="d000.s5387.t000" lemma="мир" pos="NOUN">мир</instance>
         <wf lemma="." pos="X">.</wf>
      </sentence>
      <sentence id="d000.s5388" source="wordnet-bulgarian">
         <wf lemma="Той" pos="X">Той</wf>
         <wf lemma="има" pos="X">има</wf>
         <instance id="d000.s5388.t000" lemma="вид" pos="NOUN">вид</instance>
         <wf lemma="на" pos="X">на</wf>
         <wf lemma="същински" pos="X">същински</wf>
         <wf lemma="звяр" pos="X">звяр</wf>
         <wf lemma="." pos="X">.</wf>
      </sentence>
      <sentence id="d000.s5389" source="wordnet-bulgarian">
         <wf lemma="Вотът" pos="X">Вотът</wf>
         <wf lemma="в" pos="X">в</wf>
         <wf lemma="София" pos="X">София</wf>
         <instance id="d000.s5389.t000" lemma="реша" pos="VERB">реши</instance>
         <wf lemma="изборите" pos="X">изборите</wf>
         <wf lemma="." pos="X">.</wf>
      </sentence>
      <sentence id="d000.s5390" source="wordnet-bulgarian">
         <wf lemma="ръжен" pos="X">ръжен</wf>
         <instance id="d000.s5390.t000" lemma="хляб" pos="NOUN">хляб</instance>
         <wf lemma="." pos="X">.</wf>
      </sentence>
      <sentence id="d000.s5391" source="wordnet-bulgarian">
         <wf lemma="теоретически" pos="X">теоретически</wf>
         <instance id="d000.s5391.t000" lemma="аспект" pos="NOUN">аспект</instance>
         <wf lemma="." pos="X">.</wf>
      </sentence>
      <sentence id="d000.s5392" source="wordnet-bulgarian">
         <instance id="d000.s5392.t000" lemma="утайка" pos="NOUN">утайка</instance>
         <wf lemma="от" pos="X">от</wf>
         <wf lemma="мътна" pos="X">мътна</wf>
         <wf lemma="вода" pos="X">вода</wf>
         <wf lemma="." pos="X">.</wf>
      </sentence>
      <sentence id="d000.s5393" source="wordnet-bulgarian">
         <instance id="d000.s5393.t000" lemma="самолет" pos="NOUN">самолет</instance>
         <wf lemma="лесен" pos="X">лесен</wf>
         <wf lemma="за" pos="X">за</wf>
         <wf lemma="пилотиране" pos="X">пилотиране</wf>
         <wf lemma="." pos="X">.</wf>
      </sentence>
      <sentence id="d000.s5394" source="wordnet-bulgarian">
         <wf lemma="Тя" pos="X">Тя</wf>
         <wf lemma="знаеше" pos="X">знаеше</wf>
         <wf lemma="да" pos="X">да</wf>
         <wf lemma="прави" pos="X">прави</wf>
         <wf lemma="само" pos="X">само</wf>
         <instance id="d000.s5394.t000" lemma="забележка" pos="NOUN">забележки</instance>
         <wf lemma="." pos="X">.</wf>
      </sentence>
      <sentence id="d000.s5395" source="wordnet-bulgarian">
         <wf lemma="люлеещ" pos="X">люлеещ</wf>
         <wf lemma="се" pos="X">се</wf>
         <instance id="d000.s5395.t000" lemma="стол" pos="NOUN">стол</instance>
         <wf lemma="." pos="X">.</wf>
      </sentence>
      <sentence id="d000.s5396" source="wordnet-bulgarian">
         <wf lemma="професионални" pos="X">професионални</wf>
         <instance id="d000.s5396.t000" lemma="умение" pos="NOUN">умения</instance>
         <wf lemma="." pos="X">.</wf>
      </sentence>
      <sentence id="d000.s5397" source="wordnet-bulgarian">
         <wf lemma="карам" pos="X">карам</wf>
         <instance id="d000.s5397.t000" lemma="линейка" pos="NOUN">линейка</instance>
         <wf lemma="." pos="X">.</wf>
      </sentence>
      <sentence id="d000.s5398" source="wordnet-bulgarian">
         <wf lemma="търговска" pos="X">търговска</wf>
         <instance id="d000.s5398.t000" lemma="връзка" pos="NOUN">връзка</instance>
         <wf lemma="." pos="X">.</wf>
      </sentence>
      <sentence id="d000.s5399" source="wordnet-bulgarian">
         <wf lemma="жива" pos="X">жива</wf>
         <instance id="d000.s5399.t000" lemma="клетка" pos="NOUN">клетка</instance>
         <wf lemma="." pos="X">.</wf>
      </sentence>
      <sentence id="d000.s5400" source="wordnet-bulgarian">
         <wf lemma="съставяв" pos="X">съставяв</wf>
         <instance id="d000.s5400.t000" lemma="досие" pos="NOUN">досие</instance>
         <wf lemma="." pos="X">.</wf>
      </sentence>
      <sentence id="d000.s5401" source="wordnet-bulgarian">
         <wf lemma="искам" pos="X">искам</wf>
         <instance id="d000.s5401.t000" lemma="храна" pos="NOUN">храна</instance>
         <wf lemma="и" pos="X">и</wf>
         <wf lemma="вода" pos="X">вода</wf>
         <wf lemma="." pos="X">.</wf>
      </sentence>
      <sentence id="d000.s5402" source="wordnet-bulgarian">
         <wf lemma="жизнено" pos="X">жизнено</wf>
         <instance id="d000.s5402.t000" lemma="равнище" pos="NOUN">равнище</instance>
         <wf lemma="." pos="X">.</wf>
      </sentence>
      <sentence id="d000.s5403" source="wordnet-bulgarian">
         <wf lemma="еднопосочна" pos="X">еднопосочна</wf>
         <instance id="d000.s5403.t000" lemma="улица" pos="NOUN">улица</instance>
         <wf lemma="." pos="X">.</wf>
      </sentence>
      <sentence id="d000.s5404" source="wordnet-bulgarian">
         <wf lemma="с" pos="X">с</wf>
         <instance id="d000.s5404.t000" lemma="рутина" pos="NOUN">рутина</instance>
         <wf lemma="." pos="X">.</wf>
      </sentence>
      <sentence id="d000.s5405" source="wordnet-bulgarian">
         <wf lemma="имам" pos="X">имам</wf>
         <wf lemma="непоносим" pos="X">непоносим</wf>
         <instance id="d000.s5405.t000" lemma="характер" pos="NOUN">характер</instance>
         <wf lemma="." pos="X">.</wf>
      </sentence>
      <sentence id="d000.s5406" source="wordnet-bulgarian">
         <wf lemma="В" pos="X">В</wf>
         <wf lemma="шкафа" pos="X">шкафа</wf>
         <wf lemma="има" pos="X">има</wf>
         <wf lemma="специално" pos="X">специално</wf>
         <instance id="d000.s5406.t000" lemma="отделение" pos="NOUN">отделение</instance>
         <wf lemma="за" pos="X">за</wf>
         <wf lemma="брашно" pos="X">брашно</wf>
         <wf lemma="и" pos="X">и</wf>
         <wf lemma="захар" pos="X">захар</wf>
         <wf lemma="." pos="X">.</wf>
      </sentence>
      <sentence id="d000.s5407" source="wordnet-bulgarian">
         <wf lemma="чета" pos="X">чета</wf>
         <instance id="d000.s5407.t000" lemma="текст" pos="NOUN">текст</instance>
         <wf lemma="." pos="X">.</wf>
      </sentence>
      <sentence id="d000.s5408" source="wordnet-bulgarian">
         <wf lemma="в" pos="X">в</wf>
         <instance id="d000.s5408.t000" lemma="пауза" pos="NOUN">паузата</instance>
         <wf lemma="." pos="X">.</wf>
      </sentence>
      <sentence id="d000.s5409" source="wordnet-bulgarian">
         <wf lemma="невярна" pos="X">невярна</wf>
         <instance id="d000.s5409.t000" lemma="информация" pos="NOUN">информация</instance>
         <wf lemma="." pos="X">.</wf>
      </sentence>
      <sentence id="d000.s5410" source="wordnet-bulgarian">
         <instance id="d000.s5410.t000" lemma="сестра" pos="NOUN">Сестра</instance>
         <wf lemma="ми" pos="X">ми</wf>
         <wf lemma="живее" pos="X">живее</wf>
         <wf lemma="в" pos="X">в</wf>
         <wf lemma="чужбина" pos="X">чужбина</wf>
         <wf lemma="." pos="X">.</wf>
      </sentence>
      <sentence id="d000.s5411" source="wordnet-bulgarian">
         <wf lemma="Ние" pos="X">Ние</wf>
         <wf lemma="живеем" pos="X">живеем</wf>
         <wf lemma="в" pos="X">в</wf>
         <wf lemma="различни" pos="X">различни</wf>
         <instance id="d000.s5411.t000" lemma="свят" pos="NOUN">светове</instance>
         <wf lemma="." pos="X">.</wf>
      </sentence>
      <sentence id="d000.s5412" source="wordnet-bulgarian">
         <wf lemma="Имате" pos="X">Имате</wf>
         <wf lemma="ли" pos="X">ли</wf>
         <instance id="d000.s5412.t000" lemma="монета" pos="NOUN">монети</instance>
         <wf lemma="?" pos="X">?</wf>
      </sentence>
      <sentence id="d000.s5413" source="wordnet-bulgarian">
         <instance id="d000.s5413.t000" lemma="бележка" pos="NOUN">бележка</instance>
         <wf lemma="за" pos="X">за</wf>
         <wf lemma="." pos="X">.</wf>
      </sentence>
      <sentence id="d000.s5414" source="wordnet-bulgarian">
         <wf lemma="Имаше" pos="X">Имаше</wf>
         <instance id="d000.s5414.t000" lemma="объркване" pos="NOUN">объркване</instance>
         <wf lemma="в" pos="X">в</wf>
         <wf lemma="имената" pos="X">имената</wf>
         <wf lemma="на" pos="X">на</wf>
         <wf lemma="клиентите" pos="X">клиентите</wf>
         <wf lemma="." pos="X">.</wf>
      </sentence>
      <sentence id="d000.s5415" source="wordnet-bulgarian">
         <wf lemma="Отнякъде" pos="X">Отнякъде</wf>
         <wf lemma="се" pos="X">се</wf>
         <wf lemma="чуваха" pos="X">чуваха</wf>
         <wf lemma="равномерните" pos="X">равномерните</wf>
         <wf lemma="писукания" pos="X">писукания</wf>
         <wf lemma="на" pos="X">на</wf>
         <instance id="d000.s5415.t000" lemma="апарат" pos="NOUN">апарат</instance>
         <wf lemma="," pos="X">,</wf>
         <wf lemma="който" pos="X">който</wf>
         <wf lemma="следеше" pos="X">следеше</wf>
         <wf lemma="работата" pos="X">работата</wf>
         <wf lemma="на" pos="X">на</wf>
         <wf lemma="нечие" pos="X">нечие</wf>
         <wf lemma="сърце" pos="X">сърце</wf>
         <wf lemma="." pos="X">.</wf>
      </sentence>
      <sentence id="d000.s5416" source="wordnet-bulgarian">
         <wf lemma="важна" pos="X">важна</wf>
         <instance id="d000.s5416.t000" lemma="особеност" pos="NOUN">особеност</instance>
         <wf lemma="." pos="X">.</wf>
      </sentence>
      <sentence id="d000.s5417" source="wordnet-bulgarian">
         <wf lemma="редя" pos="X">редя</wf>
         <instance id="d000.s5417.t000" lemma="тухла" pos="NOUN">тухла</instance>
         <wf lemma="след" pos="X">след</wf>
         <wf lemma="тухла" pos="X">тухла</wf>
         <wf lemma="." pos="X">.</wf>
      </sentence>
      <sentence id="d000.s5418" source="wordnet-bulgarian">
         <instance id="d000.s5418.t000" lemma="петно" pos="NOUN">петно</instance>
         <wf lemma="от" pos="X">от</wf>
         <wf lemma="червило" pos="X">червило</wf>
         <wf lemma="." pos="X">.</wf>
      </sentence>
      <sentence id="d000.s5419" source="wordnet-bulgarian">
         <wf lemma="Едва" pos="X">Едва</wf>
         <wf lemma="доловим" pos="X">доловим</wf>
         <wf lemma="," pos="X">,</wf>
         <wf lemma="утринният" pos="X">утринният</wf>
         <instance id="d000.s5419.t000" lemma="бриз" pos="NOUN">бриз</instance>
         <wf lemma="прииждаше" pos="X">прииждаше</wf>
         <wf lemma="от" pos="X">от</wf>
         <wf lemma="морето" pos="X">морето</wf>
         <wf lemma="." pos="X">.</wf>
      </sentence>
      <sentence id="d000.s5420" source="wordnet-bulgarian">
         <wf lemma="ставам" pos="X">ставам</wf>
         <instance id="d000.s5420.t000" lemma="идеал" pos="NOUN">идеал</instance>
         <wf lemma="за" pos="X">за</wf>
         <wf lemma="." pos="X">.</wf>
      </sentence>
      <sentence id="d000.s5421" source="wordnet-bulgarian">
         <wf lemma="користни" pos="X">користни</wf>
         <instance id="d000.s5421.t000" lemma="подбуда" pos="NOUN">подбуди</instance>
         <wf lemma="." pos="X">.</wf>
      </sentence>
      <sentence id="d000.s5422" source="wordnet-bulgarian">
         <wf lemma="под" pos="X">под</wf>
         <instance id="d000.s5422.t000" lemma="забрана" pos="NOUN">забрана</instance>
         <wf lemma="." pos="X">.</wf>
      </sentence>
      <sentence id="d000.s5423" source="wordnet-bulgarian">
         <wf lemma="Залъкът" pos="X">Залъкът</wf>
         <wf lemma="ми" pos="X">ми</wf>
         <wf lemma="се" pos="X">се</wf>
         <wf lemma="спира" pos="X">спира</wf>
         <wf lemma="на" pos="X">на</wf>
         <instance id="d000.s5423.t000" lemma="гърло" pos="NOUN">гърлото</instance>
         <wf lemma="." pos="X">.</wf>
      </sentence>
      <sentence id="d000.s5424" source="wordnet-bulgarian">
         <wf lemma="Най-бързият" pos="X">Най-бързият</wf>
         <wf lemma="пилот" pos="X">пилот</wf>
         <instance id="d000.s5424.t000" lemma="оглавявам" pos="VERB">оглавяваше</instance>
         <wf lemma="колоната" pos="X">колоната</wf>
         <wf lemma="." pos="X">.</wf>
      </sentence>
      <sentence id="d000.s5425" source="wordnet-bulgarian">
         <wf lemma="случайно" pos="X">случайно</wf>
         <instance id="d000.s5425.t000" lemma="съвпадение" pos="NOUN">съвпадение</instance>
         <wf lemma="." pos="X">.</wf>
      </sentence>
      <sentence id="d000.s5426" source="wordnet-bulgarian">
         <wf lemma="отървахме" pos="X">отървахме</wf>
         <instance id="d000.s5426.t000" lemma="бой" pos="NOUN">боя</instance>
         <wf lemma="." pos="X">.</wf>
      </sentence>
      <sentence id="d000.s5427" source="wordnet-bulgarian">
         <wf lemma="поставям" pos="X">поставям</wf>
         <instance id="d000.s5427.t000" lemma="задача" pos="NOUN">задача</instance>
         <wf lemma="на" pos="X">на</wf>
         <wf lemma="някого" pos="X">някого</wf>
         <wf lemma="." pos="X">.</wf>
      </sentence>
      <sentence id="d000.s5428" source="wordnet-bulgarian">
         <wf lemma="официално" pos="X">официално</wf>
         <instance id="d000.s5428.t000" lemma="преброяване" pos="NOUN">преброяване</instance>
         <wf lemma="на" pos="X">на</wf>
         <wf lemma="населението" pos="X">населението</wf>
         <wf lemma="." pos="X">.</wf>
      </sentence>
      <sentence id="d000.s5429" source="wordnet-bulgarian">
         <instance id="d000.s5429.t000" lemma="заем" pos="NOUN">заем</instance>
         <wf lemma="срещу" pos="X">срещу</wf>
         <wf lemma="ипотека" pos="X">ипотека</wf>
         <wf lemma="." pos="X">.</wf>
      </sentence>
      <sentence id="d000.s5430" source="wordnet-bulgarian">
         <instance id="d000.s5430.t000" lemma="пушка" pos="NOUN">пушка</instance>
         <wf lemma="с" pos="X">с</wf>
         <wf lemma="дълга" pos="X">дълга</wf>
         <wf lemma="цев" pos="X">цев</wf>
         <wf lemma="." pos="X">.</wf>
      </sentence>
      <sentence id="d000.s5431" source="wordnet-bulgarian">
         <wf lemma="вносни" pos="X">вносни</wf>
         <instance id="d000.s5431.t000" lemma="мито" pos="NOUN">мита</instance>
         <wf lemma="." pos="X">.</wf>
      </sentence>
      <sentence id="d000.s5432" source="wordnet-bulgarian">
         <wf lemma="Обичам" pos="X">Обичам</wf>
         <wf lemma="да" pos="X">да</wf>
         <wf lemma="нося" pos="X">нося</wf>
         <wf lemma="дрехи" pos="X">дрехи</wf>
         <wf lemma="от" pos="X">от</wf>
         <instance id="d000.s5432.t000" lemma="памук" pos="NOUN">памук</instance>
         <wf lemma="." pos="X">.</wf>
      </sentence>
      <sentence id="d000.s5433" source="wordnet-bulgarian">
         <instance id="d000.s5433.t000" lemma="майсторство" pos="NOUN">Майсторството</instance>
         <wf lemma="му" pos="X">му</wf>
         <wf lemma="в" pos="X">в</wf>
         <wf lemma="правенето" pos="X">правенето</wf>
         <wf lemma="на" pos="X">на</wf>
         <wf lemma="икони" pos="X">икони</wf>
         <wf lemma="беше" pos="X">беше</wf>
         <wf lemma="видно" pos="X">видно</wf>
         <wf lemma="." pos="X">.</wf>
      </sentence>
      <sentence id="d000.s5434" source="wordnet-bulgarian">
         <wf lemma="Гражданин" pos="X">Гражданин</wf>
         <wf lemma="," pos="X">,</wf>
         <wf lemma="който" pos="X">който</wf>
         <wf lemma="е" pos="X">е</wf>
         <wf lemma="собственик" pos="X">собственик</wf>
         <wf lemma="на" pos="X">на</wf>
         <instance id="d000.s5434.t000" lemma="апартамент" pos="NOUN">апартамент</instance>
         <wf lemma="в" pos="X">в</wf>
         <wf lemma="такъв" pos="X">такъв</wf>
         <wf lemma="жилищен" pos="X">жилищен</wf>
         <wf lemma="блок" pos="X">блок</wf>
         <wf lemma="," pos="X">,</wf>
         <wf lemma="ще" pos="X">ще</wf>
         <wf lemma="декларира" pos="X">декларира</wf>
         <wf lemma="и" pos="X">и</wf>
         <wf lemma="ще" pos="X">ще</wf>
         <wf lemma="плати" pos="X">плати</wf>
         <wf lemma="данък" pos="X">данък</wf>
         <wf lemma="само" pos="X">само</wf>
         <wf lemma="за" pos="X">за</wf>
         <wf lemma="апартамента" pos="X">апартамента</wf>
         <wf lemma="." pos="X">.</wf>
      </sentence>
      <sentence id="d000.s5435" source="wordnet-bulgarian">
         <wf lemma="футболен" pos="X">футболен</wf>
         <instance id="d000.s5435.t000" lemma="фен" pos="NOUN">фен</instance>
         <wf lemma="." pos="X">.</wf>
      </sentence>
      <sentence id="d000.s5436" source="wordnet-bulgarian">
         <wf lemma="ефирна" pos="X">ефирна</wf>
         <instance id="d000.s5436.t000" lemma="телевизия" pos="NOUN">телевизия</instance>
         <wf lemma="." pos="X">.</wf>
      </sentence>
      <sentence id="d000.s5437" source="wordnet-bulgarian">
         <instance id="d000.s5437.t000" lemma="разноска" pos="NOUN">разноски</instance>
         <wf lemma="за" pos="X">за</wf>
         <wf lemma="храна" pos="X">храна</wf>
         <wf lemma="." pos="X">.</wf>
      </sentence>
      <sentence id="d000.s5438" source="wordnet-bulgarian">
         <instance id="d000.s5438.t000" lemma="сняг" pos="NOUN">Снегът</instance>
         <wf lemma="покрива" pos="X">покрива</wf>
         <wf lemma="земята" pos="X">земята</wf>
         <wf lemma="." pos="X">.</wf>
      </sentence>
      <sentence id="d000.s5439" source="wordnet-bulgarian">
         <wf lemma="колективно" pos="X">колективно</wf>
         <instance id="d000.s5439.t000" lemma="решение" pos="NOUN">решение</instance>
         <wf lemma="." pos="X">.</wf>
      </sentence>
      <sentence id="d000.s5440" source="wordnet-bulgarian">
         <wf lemma="разширено" pos="X">разширено</wf>
         <instance id="d000.s5440.t000" lemma="издание" pos="NOUN">издание</instance>
         <wf lemma="." pos="X">.</wf>
      </sentence>
      <sentence id="d000.s5441" source="wordnet-bulgarian">
         <wf lemma="Заминавам" pos="X">Заминавам</wf>
         <wf lemma="на" pos="X">на</wf>
         <wf lemma="морето" pos="X">морето</wf>
         <wf lemma="с" pos="X">с</wf>
         <instance id="d000.s5441.t000" lemma="автомобил" pos="NOUN">автомобил</instance>
         <wf lemma="." pos="X">.</wf>
      </sentence>
      <sentence id="d000.s5442" source="wordnet-bulgarian">
         <wf lemma="Човек" pos="X">Човек</wf>
         <wf lemma="с" pos="X">с</wf>
         <wf lemma="големи" pos="X">големи</wf>
         <wf lemma="умствени" pos="X">умствени</wf>
         <instance id="d000.s5442.t000" lemma="способност" pos="NOUN">способности</instance>
         <wf lemma="." pos="X">.</wf>
      </sentence>
      <sentence id="d000.s5443" source="wordnet-bulgarian">
         <wf lemma="административна" pos="X">административна</wf>
         <instance id="d000.s5443.t000" lemma="сграда" pos="NOUN">сграда</instance>
         <wf lemma="." pos="X">.</wf>
      </sentence>
      <sentence id="d000.s5444" source="wordnet-bulgarian">
         <wf lemma="къса" pos="X">къса</wf>
         <instance id="d000.s5444.t000" lemma="козина" pos="NOUN">козина</instance>
         <wf lemma="." pos="X">.</wf>
      </sentence>
      <sentence id="d000.s5445" source="wordnet-bulgarian">
         <instance id="d000.s5445.t000" lemma="обвинение" pos="NOUN">обвинение</instance>
         <wf lemma="за" pos="X">за</wf>
         <wf lemma="шофиране" pos="X">шофиране</wf>
         <wf lemma="в" pos="X">в</wf>
         <wf lemma="нетрезво" pos="X">нетрезво</wf>
         <wf lemma="състояние" pos="X">състояние</wf>
         <wf lemma="." pos="X">.</wf>
      </sentence>
      <sentence id="d000.s5446" source="wordnet-bulgarian">
         <wf lemma="шарка" pos="X">шарка</wf>
         <wf lemma="на" pos="X">на</wf>
         <instance id="d000.s5446.t000" lemma="килим" pos="NOUN">килим</instance>
         <wf lemma="." pos="X">.</wf>
      </sentence>
      <sentence id="d000.s5447" source="wordnet-bulgarian">
         <instance id="d000.s5447.t000" lemma="изглежда" pos="VERB">Изглежда</instance>
         <wf lemma="," pos="X">,</wf>
         <wf lemma="че" pos="X">че</wf>
         <wf lemma="той" pos="X">той</wf>
         <wf lemma="няма" pos="X">няма</wf>
         <wf lemma="да" pos="X">да</wf>
         <wf lemma="дойде" pos="X">дойде</wf>
         <wf lemma="." pos="X">.</wf>
      </sentence>
      <sentence id="d000.s5448" source="wordnet-bulgarian">
         <wf lemma="деление" pos="X">деление</wf>
         <wf lemma="на" pos="X">на</wf>
         <instance id="d000.s5448.t000" lemma="клетка" pos="NOUN">клетки</instance>
         <wf lemma="." pos="X">.</wf>
      </sentence>
      <sentence id="d000.s5449" source="wordnet-bulgarian">
         <wf lemma="открит" pos="X">открит</wf>
         <wf lemma="е" pos="X">е</wf>
         <instance id="d000.s5449.t000" lemma="труп" pos="NOUN">труп</instance>
         <wf lemma="на" pos="X">на</wf>
         <wf lemma="." pos="X">.</wf>
      </sentence>
      <sentence id="d000.s5450" source="wordnet-bulgarian">
         <wf lemma="тристранни" pos="X">тристранни</wf>
         <instance id="d000.s5450.t000" lemma="преговори" pos="NOUN">преговори</instance>
         <wf lemma="." pos="X">.</wf>
      </sentence>
      <sentence id="d000.s5451" source="wordnet-bulgarian">
         <wf lemma="Машините" pos="X">Машините</wf>
         <wf lemma="чакат" pos="X">чакат</wf>
         <instance id="d000.s5451.t000" lemma="монтаж" pos="NOUN">монтаж</instance>
         <wf lemma="." pos="X">.</wf>
      </sentence>
      <sentence id="d000.s5452" source="wordnet-bulgarian">
         <wf lemma="летни" pos="X">летни</wf>
         <instance id="d000.s5452.t000" lemma="обувка" pos="NOUN">обувки</instance>
         <wf lemma="." pos="X">.</wf>
      </sentence>
      <sentence id="d000.s5453" source="wordnet-bulgarian">
         <wf lemma="съгласно" pos="X">съгласно</wf>
         <instance id="d000.s5453.t000" lemma="договор" pos="NOUN">договора</instance>
         <wf lemma="." pos="X">.</wf>
      </sentence>
      <sentence id="d000.s5454" source="wordnet-bulgarian">
         <instance id="d000.s5454.t000" lemma="пръска" pos="NOUN">пръски</instance>
         <wf lemma="от" pos="X">от</wf>
         <wf lemma="морето" pos="X">морето</wf>
         <wf lemma="." pos="X">.</wf>
      </sentence>
      <sentence id="d000.s5455" source="wordnet-bulgarian">
         <instance id="d000.s5455.t000" lemma="ръб" pos="NOUN">ръбове</instance>
         <wf lemma="на" pos="X">на</wf>
         <wf lemma="тухла" pos="X">тухла</wf>
         <wf lemma="." pos="X">.</wf>
      </sentence>
      <sentence id="d000.s5456" source="wordnet-bulgarian">
         <instance id="d000.s5456.t000" lemma="анонимен" pos="ADJ">анонимно</instance>
         <wf lemma="дарение" pos="X">дарение</wf>
         <wf lemma="." pos="X">.</wf>
      </sentence>
      <sentence id="d000.s5457" source="wordnet-bulgarian">
         <wf lemma="разширена" pos="X">разширена</wf>
         <instance id="d000.s5457.t000" lemma="памет" pos="NOUN">памет</instance>
         <wf lemma="." pos="X">.</wf>
      </sentence>
      <sentence id="d000.s5458" source="wordnet-bulgarian">
         <wf lemma="интересна" pos="X">интересна</wf>
         <instance id="d000.s5458.t000" lemma="мисъл" pos="NOUN">мисъл</instance>
         <wf lemma="." pos="X">.</wf>
      </sentence>
      <sentence id="d000.s5459" source="wordnet-bulgarian">
         <wf lemma="Той" pos="X">Той</wf>
         <wf lemma="запали" pos="X">запали</wf>
         <instance id="d000.s5459.t000" lemma="мотор" pos="NOUN">мотора</instance>
         <wf lemma="и" pos="X">и</wf>
         <wf lemma="потегли" pos="X">потегли</wf>
         <wf lemma="към" pos="X">към</wf>
         <wf lemma="морето" pos="X">морето</wf>
         <wf lemma="." pos="X">.</wf>
      </sentence>
      <sentence id="d000.s5460" source="wordnet-bulgarian">
         <instance id="d000.s5460.t000" lemma="новодошъл" pos="NOUN">Новодошлите</instance>
         <wf lemma="седнаха" pos="X">седнаха</wf>
         <wf lemma="на" pos="X">на</wf>
         <wf lemma="дивана" pos="X">дивана</wf>
         <wf lemma="." pos="X">.</wf>
      </sentence>
      <sentence id="d000.s5461" source="wordnet-bulgarian">
         <wf lemma="Тук" pos="X">Тук</wf>
         <wf lemma="е" pos="X">е</wf>
         <instance id="d000.s5461.t000" lemma="край" pos="NOUN">краят</instance>
         <wf lemma="на" pos="X">на</wf>
         <wf lemma="града" pos="X">града</wf>
         <wf lemma="." pos="X">.</wf>
      </sentence>
      <sentence id="d000.s5462" source="wordnet-bulgarian">
         <wf lemma="инсценирам" pos="X">инсценирам</wf>
         <instance id="d000.s5462.t000" lemma="грабеж" pos="NOUN">грабеж</instance>
         <wf lemma="." pos="X">.</wf>
      </sentence>
      <sentence id="d000.s5463" source="wordnet-bulgarian">
         <wf lemma="на" pos="X">на</wf>
         <instance id="d000.s5463.t000" lemma="глутница" pos="NOUN">глутници</instance>
         <wf lemma="." pos="X">.</wf>
      </sentence>
      <sentence id="d000.s5464" source="wordnet-bulgarian">
         <wf lemma="пълноводна" pos="X">пълноводна</wf>
         <instance id="d000.s5464.t000" lemma="река" pos="NOUN">река</instance>
         <wf lemma="." pos="X">.</wf>
      </sentence>
      <sentence id="d000.s5465" source="wordnet-bulgarian">
         <wf lemma="Събитията" pos="X">Събитията</wf>
         <wf lemma="се" pos="X">се</wf>
         <wf lemma="развиват" pos="X">развиват</wf>
         <wf lemma="с" pos="X">с</wf>
         <wf lemma="голяма" pos="X">голяма</wf>
         <instance id="d000.s5465.t000" lemma="скорост" pos="NOUN">скорост</instance>
         <wf lemma="." pos="X">.</wf>
      </sentence>
      <sentence id="d000.s5466" source="wordnet-bulgarian">
         <wf lemma="нарушавам" pos="X">нарушавам</wf>
         <instance id="d000.s5466.t000" lemma="забрана" pos="NOUN">забрана</instance>
         <wf lemma="." pos="X">.</wf>
      </sentence>
      <sentence id="d000.s5467" source="wordnet-bulgarian">
         <wf lemma="Изложбата" pos="X">Изложбата</wf>
         <instance id="d000.s5467.t000" lemma="привличам" pos="VERB">привлича</instance>
         <wf lemma="много" pos="X">много</wf>
         <wf lemma="посетители" pos="X">посетители</wf>
         <wf lemma="." pos="X">.</wf>
      </sentence>
      <sentence id="d000.s5468" source="wordnet-bulgarian">
         <wf lemma="Споразумение" pos="X">Споразумение</wf>
         <wf lemma="на" pos="X">на</wf>
         <instance id="d000.s5468.t000" lemma="база" pos="NOUN">базата</instance>
         <wf lemma="на" pos="X">на</wf>
         <wf lemma="отстъпки" pos="X">отстъпки</wf>
         <wf lemma="." pos="X">.</wf>
      </sentence>
      <sentence id="d000.s5469" source="wordnet-bulgarian">
         <wf lemma="официална" pos="X">официална</wf>
         <instance id="d000.s5469.t000" lemma="риза" pos="NOUN">риза</instance>
         <wf lemma="." pos="X">.</wf>
      </sentence>
      <sentence id="d000.s5470" source="wordnet-bulgarian">
         <wf lemma="асо" pos="X">асо</wf>
         <instance id="d000.s5470.t000" lemma="спатия" pos="NOUN">спатия</instance>
         <wf lemma="." pos="X">.</wf>
      </sentence>
      <sentence id="d000.s5471" source="wordnet-bulgarian">
         <wf lemma="витаминозна" pos="X">витаминозна</wf>
         <instance id="d000.s5471.t000" lemma="храна" pos="NOUN">храна</instance>
         <wf lemma="." pos="X">.</wf>
      </sentence>
      <sentence id="d000.s5472" source="wordnet-bulgarian">
         <instance id="d000.s5472.t000" lemma="бягам" pos="VERB">бягам</instance>
         <wf lemma="от" pos="X">от</wf>
         <wf lemma="." pos="X">.</wf>
      </sentence>
      <sentence id="d000.s5473" source="wordnet-bulgarian">
         <instance id="d000.s5473.t000" lemma="кошарка" pos="NOUN">кошарка</instance>
         <wf lemma="за" pos="X">за</wf>
         <wf lemma="бебе" pos="X">бебе</wf>
         <wf lemma="." pos="X">.</wf>
      </sentence>
      <sentence id="d000.s5474" source="wordnet-bulgarian">
         <wf lemma="Наехме" pos="X">Наехме</wf>
         <instance id="d000.s5474.t000" lemma="помощник" pos="NOUN">помощник</instance>
         <wf lemma="," pos="X">,</wf>
         <wf lemma="за" pos="X">за</wf>
         <wf lemma="да" pos="X">да</wf>
         <wf lemma="довършим" pos="X">довършим</wf>
         <wf lemma="работата" pos="X">работата</wf>
         <wf lemma="." pos="X">.</wf>
      </sentence>
      <sentence id="d000.s5475" source="wordnet-bulgarian">
         <wf lemma="важно" pos="X">важно</wf>
         <instance id="d000.s5475.t000" lemma="обстоятелство" pos="NOUN">обстоятелство</instance>
         <wf lemma="." pos="X">.</wf>
      </sentence>
      <sentence id="d000.s5476" source="wordnet-bulgarian">
         <instance id="d000.s5476.t000" lemma="изменение" pos="NOUN">изменение</instance>
         <wf lemma="на" pos="X">на</wf>
         <wf lemma="земната" pos="X">земната</wf>
         <wf lemma="орбита" pos="X">орбита</wf>
         <wf lemma="." pos="X">.</wf>
      </sentence>
      <sentence id="d000.s5477" source="wordnet-bulgarian">
         <instance id="d000.s5477.t000" lemma="помагам" pos="VERB">помагам</instance>
         <wf lemma="на" pos="X">на</wf>
         <wf lemma="." pos="X">.</wf>
      </sentence>
      <sentence id="d000.s5478" source="wordnet-bulgarian">
         <instance id="d000.s5478.t000" lemma="право" pos="NOUN">право</instance>
         <wf lemma="на" pos="X">на</wf>
         <wf lemma="собственост" pos="X">собственост</wf>
         <wf lemma="." pos="X">.</wf>
      </sentence>
      <sentence id="d000.s5479" source="wordnet-bulgarian">
         <wf lemma="намаление" pos="X">намаление</wf>
         <wf lemma="на" pos="X">на</wf>
         <instance id="d000.s5479.t000" lemma="цена" pos="NOUN">цените</instance>
         <wf lemma="." pos="X">.</wf>
      </sentence>
      <sentence id="d000.s5480" source="wordnet-bulgarian">
         <wf lemma="разказно" pos="X">разказно</wf>
         <instance id="d000.s5480.t000" lemma="изречение" pos="NOUN">изречение</instance>
         <wf lemma="." pos="X">.</wf>
      </sentence>
      <sentence id="d000.s5481" source="wordnet-bulgarian">
         <wf lemma="интересен" pos="X">интересен</wf>
         <instance id="d000.s5481.t000" lemma="урок" pos="NOUN">урок</instance>
         <wf lemma="." pos="X">.</wf>
      </sentence>
      <sentence id="d000.s5482" source="wordnet-bulgarian">
         <wf lemma="абонирам" pos="X">абонирам</wf>
         <wf lemma="се" pos="X">се</wf>
         <wf lemma="за" pos="X">за</wf>
         <instance id="d000.s5482.t000" lemma="списание" pos="NOUN">списание</instance>
         <wf lemma="." pos="X">.</wf>
      </sentence>
      <sentence id="d000.s5483" source="wordnet-bulgarian">
         <wf lemma="в" pos="X">в</wf>
         <wf lemma="началото" pos="X">началото</wf>
         <wf lemma="на" pos="X">на</wf>
         <wf lemma="първото" pos="X">първото</wf>
         <instance id="d000.s5483.t000" lemma="десетилетие" pos="NOUN">десетилетие</instance>
         <wf lemma="на" pos="X">на</wf>
         <wf lemma="." pos="X">.</wf>
      </sentence>
      <sentence id="d000.s5484" source="wordnet-bulgarian">
         <wf lemma="човек" pos="X">човек</wf>
         <wf lemma="с" pos="X">с</wf>
         <wf lemma="високо" pos="X">високо</wf>
         <instance id="d000.s5484.t000" lemma="съзнание" pos="NOUN">съзнание</instance>
         <wf lemma="." pos="X">.</wf>
      </sentence>
      <sentence id="d000.s5485" source="wordnet-bulgarian">
         <wf lemma="пограничен" pos="X">пограничен</wf>
         <instance id="d000.s5485.t000" lemma="пост" pos="NOUN">пост</instance>
         <wf lemma="." pos="X">.</wf>
      </sentence>
      <sentence id="d000.s5486" source="wordnet-bulgarian">
         <instance id="d000.s5486.t000" lemma="завършвам" pos="VERB">завършвам</instance>
         <wf lemma="с" pos="X">с</wf>
         <wf lemma="отличие" pos="X">отличие</wf>
         <wf lemma="." pos="X">.</wf>
      </sentence>
      <sentence id="d000.s5487" source="wordnet-bulgarian">
         <instance id="d000.s5487.t000" lemma="архив" pos="NOUN">архив</instance>
         <wf lemma="на" pos="X">на</wf>
         <wf lemma="." pos="X">.</wf>
      </sentence>
      <sentence id="d000.s5488" source="wordnet-bulgarian">
         <wf lemma="в" pos="X">в</wf>
         <instance id="d000.s5488.t000" lemma="случай" pos="NOUN">случай</instance>
         <wf lemma="че" pos="X">че</wf>
         <wf lemma="." pos="X">.</wf>
      </sentence>
      <sentence id="d000.s5489" source="wordnet-bulgarian">
         <wf lemma="скъсан" pos="X">скъсан</wf>
         <instance id="d000.s5489.t000" lemma="мускул" pos="NOUN">мускул</instance>
         <wf lemma="." pos="X">.</wf>
      </sentence>
      <sentence id="d000.s5490" source="wordnet-bulgarian">
         <wf lemma="настолна" pos="X">настолна</wf>
         <instance id="d000.s5490.t000" lemma="лампа" pos="NOUN">лампа</instance>
         <wf lemma="." pos="X">.</wf>
      </sentence>
      <sentence id="d000.s5491" source="wordnet-bulgarian">
         <wf lemma="меря" pos="X">меря</wf>
         <wf lemma="с" pos="X">с</wf>
         <instance id="d000.s5491.t000" lemma="линия" pos="NOUN">линия</instance>
         <wf lemma="." pos="X">.</wf>
      </sentence>
      <sentence id="d000.s5492" source="wordnet-bulgarian">
         <wf lemma="нощна" pos="X">нощна</wf>
         <instance id="d000.s5492.t000" lemma="дискотека" pos="NOUN">дискотека</instance>
         <wf lemma="." pos="X">.</wf>
      </sentence>
      <sentence id="d000.s5493" source="wordnet-bulgarian">
         <wf lemma="Имам" pos="X">Имам</wf>
         <wf lemma="си" pos="X">си</wf>
         <instance id="d000.s5493.t000" lemma="адвокат" pos="NOUN">адвокат</instance>
         <wf lemma="." pos="X">.</wf>
      </sentence>
      <sentence id="d000.s5494" source="wordnet-bulgarian">
         <wf lemma="мъжка" pos="X">мъжка</wf>
         <instance id="d000.s5494.t000" lemma="риза" pos="NOUN">риза</instance>
         <wf lemma="." pos="X">.</wf>
      </sentence>
      <sentence id="d000.s5495" source="wordnet-bulgarian">
         <wf lemma="буйна" pos="X">буйна</wf>
         <instance id="d000.s5495.t000" lemma="река" pos="NOUN">река</instance>
         <wf lemma="." pos="X">.</wf>
      </sentence>
      <sentence id="d000.s5496" source="wordnet-bulgarian">
         <wf lemma="статистически" pos="X">статистически</wf>
         <instance id="d000.s5496.t000" lemma="метод" pos="NOUN">метод</instance>
         <wf lemma="." pos="X">.</wf>
      </sentence>
      <sentence id="d000.s5497" source="wordnet-bulgarian">
         <instance id="d000.s5497.t000" lemma="адрес" pos="NOUN">Адресът</instance>
         <wf lemma="е" pos="X">е</wf>
         <wf lemma="сбъркан" pos="X">сбъркан</wf>
         <wf lemma="." pos="X">.</wf>
      </sentence>
      <sentence id="d000.s5498" source="wordnet-bulgarian">
         <wf lemma="кратък" pos="X">кратък</wf>
         <instance id="d000.s5498.t000" lemma="обзор" pos="NOUN">обзор</instance>
         <wf lemma="на" pos="X">на</wf>
         <wf lemma="." pos="X">.</wf>
      </sentence>
      <sentence id="d000.s5499" source="wordnet-bulgarian">
         <wf lemma="равна" pos="X">равна</wf>
         <instance id="d000.s5499.t000" lemma="обувка" pos="NOUN">обувка</instance>
         <wf lemma="." pos="X">.</wf>
      </sentence>
      <sentence id="d000.s5500" source="wordnet-bulgarian">
         <instance id="d000.s5500.t000" lemma="дискутирам" pos="VERB">дискутирам</instance>
         <wf lemma="предложение" pos="X">предложение</wf>
         <wf lemma="." pos="X">.</wf>
      </sentence>
      <sentence id="d000.s5501" source="wordnet-bulgarian">
         <wf lemma="в" pos="X">в</wf>
         <instance id="d000.s5501.t000" lemma="клетка" pos="NOUN">клетка</instance>
         <wf lemma="." pos="X">.</wf>
      </sentence>
      <sentence id="d000.s5502" source="wordnet-bulgarian">
         <wf lemma="Лайпцигски" pos="X">Лайпцигски</wf>
         <instance id="d000.s5502.t000" lemma="панаир" pos="NOUN">панаир</instance>
         <wf lemma="." pos="X">.</wf>
      </sentence>
      <sentence id="d000.s5503" source="wordnet-bulgarian">
         <wf lemma="грациозна" pos="X">грациозна</wf>
         <instance id="d000.s5503.t000" lemma="ръка" pos="NOUN">ръка</instance>
         <wf lemma="." pos="X">.</wf>
      </sentence>
      <sentence id="d000.s5504" source="wordnet-bulgarian">
         <wf lemma="давам" pos="X">давам</wf>
         <instance id="d000.s5504.t000" lemma="съвет" pos="NOUN">съвет</instance>
         <wf lemma="." pos="X">.</wf>
      </sentence>
      <sentence id="d000.s5505" source="wordnet-bulgarian">
         <wf lemma="звездна" pos="X">звездна</wf>
         <instance id="d000.s5505.t000" lemma="галактика" pos="NOUN">галактика</instance>
         <wf lemma="." pos="X">.</wf>
      </sentence>
      <sentence id="d000.s5506" source="wordnet-bulgarian">
         <wf lemma="До" pos="X">До</wf>
         <wf lemma="края" pos="X">края</wf>
         <wf lemma="на" pos="X">на</wf>
         <wf lemma="месеца" pos="X">месеца</wf>
         <wf lemma="няма" pos="X">няма</wf>
         <instance id="d000.s5506.t000" lemma="направление" pos="NOUN">направления</instance>
         <wf lemma="." pos="X">.</wf>
      </sentence>
      <sentence id="d000.s5507" source="wordnet-bulgarian">
         <wf lemma="слушам" pos="X">слушам</wf>
         <wf lemma="с" pos="X">с</wf>
         <instance id="d000.s5507.t000" lemma="внимание" pos="NOUN">внимание</instance>
         <wf lemma="." pos="X">.</wf>
      </sentence>
      <sentence id="d000.s5508" source="wordnet-bulgarian">
         <wf lemma="Обхваща" pos="X">Обхваща</wf>
         <wf lemma="ме" pos="X">ме</wf>
         <instance id="d000.s5508.t000" lemma="паника" pos="NOUN">паника</instance>
         <wf lemma="." pos="X">.</wf>
      </sentence>
      <sentence id="d000.s5509" source="wordnet-bulgarian">
         <wf lemma="западно" pos="X">западно</wf>
         <instance id="d000.s5509.t000" lemma="полукълбо" pos="NOUN">полукълбо</instance>
         <wf lemma="." pos="X">.</wf>
      </sentence>
      <sentence id="d000.s5510" source="wordnet-bulgarian">
         <wf lemma="Ще" pos="X">Ще</wf>
         <wf lemma="участвам" pos="X">участвам</wf>
         <wf lemma="в" pos="X">в</wf>
         <instance id="d000.s5510.t000" lemma="семинар" pos="NOUN">семинара</instance>
         <wf lemma="." pos="X">.</wf>
      </sentence>
      <sentence id="d000.s5511" source="wordnet-bulgarian">
         <wf lemma="Болят" pos="X">Болят</wf>
         <wf lemma="ме" pos="X">ме</wf>
         <instance id="d000.s5511.t000" lemma="мускул" pos="NOUN">мускулите</instance>
         <wf lemma="." pos="X">.</wf>
      </sentence>
      <sentence id="d000.s5512" source="wordnet-bulgarian">
         <wf lemma="Не" pos="X">Не</wf>
         <instance id="d000.s5512.t000" lemma="завися" pos="VERB">завися</instance>
         <wf lemma="от" pos="X">от</wf>
         <wf lemma="никого" pos="X">никого</wf>
         <wf lemma="." pos="X">.</wf>
      </sentence>
      <sentence id="d000.s5513" source="wordnet-bulgarian">
         <wf lemma="отивам" pos="X">отивам</wf>
         <wf lemma="на" pos="X">на</wf>
         <instance id="d000.s5513.t000" lemma="палатка" pos="NOUN">палатка</instance>
         <wf lemma="." pos="X">.</wf>
      </sentence>
      <sentence id="d000.s5514" source="wordnet-bulgarian">
         <wf lemma="Тук" pos="X">Тук</wf>
         <wf lemma="се" pos="X">се</wf>
         <wf lemma="приемат" pos="X">приемат</wf>
         <instance id="d000.s5514.t000" lemma="поръчка" pos="NOUN">поръчки</instance>
         <wf lemma="." pos="X">.</wf>
      </sentence>
      <sentence id="d000.s5515" source="wordnet-bulgarian">
         <wf lemma="Той" pos="X">Той</wf>
         <wf lemma="се" pos="X">се</wf>
         <wf lemma="обърна" pos="X">обърна</wf>
         <wf lemma="към" pos="X">към</wf>
         <wf lemma="религията" pos="X">религията</wf>
         <wf lemma="в" pos="X">в</wf>
         <wf lemma="търсене" pos="X">търсене</wf>
         <wf lemma="на" pos="X">на</wf>
         <wf lemma="вечната" pos="X">вечната</wf>
         <instance id="d000.s5515.t000" lemma="истина" pos="NOUN">истина</instance>
         <wf lemma="." pos="X">.</wf>
      </sentence>
      <sentence id="d000.s5516" source="wordnet-bulgarian">
         <wf lemma="крайморски" pos="X">крайморски</wf>
         <instance id="d000.s5516.t000" lemma="булевард" pos="NOUN">булевард</instance>
         <wf lemma="." pos="X">.</wf>
      </sentence>
      <sentence id="d000.s5517" source="wordnet-bulgarian">
         <wf lemma="двуместна" pos="X">двуместна</wf>
         <instance id="d000.s5517.t000" lemma="палатка" pos="NOUN">палатка</instance>
         <wf lemma="." pos="X">.</wf>
      </sentence>
      <sentence id="d000.s5518" source="wordnet-bulgarian">
         <instance id="d000.s5518.t000" lemma="вярност" pos="NOUN">вярност</instance>
         <wf lemma="към" pos="X">към</wf>
         <wf lemma="." pos="X">.</wf>
      </sentence>
      <sentence id="d000.s5519" source="wordnet-bulgarian">
         <wf lemma="дреха" pos="X">дреха</wf>
         <wf lemma="без" pos="X">без</wf>
         <instance id="d000.s5519.t000" lemma="джоб" pos="NOUN">джоб</instance>
         <wf lemma="." pos="X">.</wf>
      </sentence>
      <sentence id="d000.s5520" source="wordnet-bulgarian">
         <wf lemma="неочаквана" pos="X">неочаквана</wf>
         <instance id="d000.s5520.t000" lemma="среща" pos="NOUN">среща</instance>
         <wf lemma="." pos="X">.</wf>
      </sentence>
      <sentence id="d000.s5521" source="wordnet-bulgarian">
         <wf lemma="Какво" pos="X">Какво</wf>
         <wf lemma="ще" pos="X">ще</wf>
         <wf lemma="ми" pos="X">ми</wf>
         <instance id="d000.s5521.t000" lemma="подаря" pos="VERB">подариш</instance>
         <wf lemma="за" pos="X">за</wf>
         <wf lemma="рождения" pos="X">рождения</wf>
         <wf lemma="ден" pos="X">ден</wf>
         <wf lemma="?" pos="X">?</wf>
      </sentence>
      <sentence id="d000.s5522" source="wordnet-bulgarian">
         <instance id="d000.s5522.t000" lemma="процъфтяване" pos="NOUN">процъфтяване</instance>
         <wf lemma="на" pos="X">на</wf>
         <wf lemma="държава" pos="X">държава</wf>
         <wf lemma="." pos="X">.</wf>
      </sentence>
      <sentence id="d000.s5523" source="wordnet-bulgarian">
         <instance id="d000.s5523.t000" lemma="отряд" pos="NOUN">отряд</instance>
         <wf lemma="за" pos="X">за</wf>
         <wf lemma="бързо" pos="X">бързо</wf>
         <wf lemma="реагиране" pos="X">реагиране</wf>
         <wf lemma="." pos="X">.</wf>
      </sentence>
      <sentence id="d000.s5524" source="wordnet-bulgarian">
         <wf lemma="през" pos="X">през</wf>
         <instance id="d000.s5524.t000" lemma="зима" pos="NOUN">зимата</instance>
         <wf lemma="." pos="X">.</wf>
      </sentence>
      <sentence id="d000.s5525" source="wordnet-bulgarian">
         <wf lemma="под" pos="X">под</wf>
         <instance id="d000.s5525.t000" lemma="пепел" pos="NOUN">пепелта</instance>
         <wf lemma="." pos="X">.</wf>
      </sentence>
      <sentence id="d000.s5526" source="wordnet-bulgarian">
         <wf lemma="Миризмата" pos="X">Миризмата</wf>
         <instance id="d000.s5526.t000" lemma="остана" pos="VERB">остана</instance>
         <wf lemma="в" pos="X">в</wf>
         <wf lemma="стаята" pos="X">стаята</wf>
         <wf lemma="." pos="X">.</wf>
      </sentence>
      <sentence id="d000.s5527" source="wordnet-bulgarian">
         <wf lemma="Моят" pos="X">Моят</wf>
         <instance id="d000.s5527.t000" lemma="баща" pos="NOUN">баща</instance>
         <wf lemma="е" pos="X">е</wf>
         <wf lemma="най-добрият" pos="X">най-добрият</wf>
         <wf lemma="на" pos="X">на</wf>
         <wf lemma="света" pos="X">света</wf>
         <wf lemma="." pos="X">.</wf>
      </sentence>
      <sentence id="d000.s5528" source="wordnet-bulgarian">
         <wf lemma="приятна" pos="X">приятна</wf>
         <instance id="d000.s5528.t000" lemma="миризма" pos="NOUN">миризма</instance>
         <wf lemma="." pos="X">.</wf>
      </sentence>
      <sentence id="d000.s5529" source="wordnet-bulgarian">
         <instance id="d000.s5529.t000" lemma="пълня" pos="VERB">пълня</instance>
         <wf lemma="чаша" pos="X">чаша</wf>
         <wf lemma="." pos="X">.</wf>
      </sentence>
      <sentence id="d000.s5530" source="wordnet-bulgarian">
         <wf lemma="слабо" pos="X">слабо</wf>
         <instance id="d000.s5530.t000" lemma="тяло" pos="NOUN">тяло</instance>
         <wf lemma="." pos="X">.</wf>
      </sentence>
      <sentence id="d000.s5531" source="wordnet-bulgarian">
         <wf lemma="Избърши" pos="X">Избърши</wf>
         <wf lemma="си" pos="X">си</wf>
         <instance id="d000.s5531.t000" lemma="уста" pos="NOUN">устата</instance>
         <wf lemma="." pos="X">.</wf>
      </sentence>
      <sentence id="d000.s5532" source="wordnet-bulgarian">
         <wf lemma="стъклена" pos="X">стъклена</wf>
         <instance id="d000.s5532.t000" lemma="маса" pos="NOUN">маса</instance>
         <wf lemma="." pos="X">.</wf>
      </sentence>
      <sentence id="d000.s5533" source="wordnet-bulgarian">
         <instance id="d000.s5533.t000" lemma="принц" pos="NOUN">принц</instance>
         <wf lemma="на" pos="X">на</wf>
         <wf lemma="." pos="X">.</wf>
      </sentence>
      <sentence id="d000.s5534" source="wordnet-bulgarian">
         <wf lemma="невиждана" pos="X">невиждана</wf>
         <instance id="d000.s5534.t000" lemma="гледка" pos="NOUN">гледка</instance>
         <wf lemma="." pos="X">.</wf>
      </sentence>
      <sentence id="d000.s5535" source="wordnet-bulgarian">
         <wf lemma="аксесоари" pos="X">аксесоари</wf>
         <wf lemma="за" pos="X">за</wf>
         <instance id="d000.s5535.t000" lemma="автомобил" pos="NOUN">автомобил</instance>
         <wf lemma="." pos="X">.</wf>
      </sentence>
      <sentence id="d000.s5536" source="wordnet-bulgarian">
         <wf lemma="новогодишна" pos="X">новогодишна</wf>
         <instance id="d000.s5536.t000" lemma="украса" pos="NOUN">украса</instance>
         <wf lemma="." pos="X">.</wf>
      </sentence>
      <sentence id="d000.s5537" source="wordnet-bulgarian">
         <wf lemma="писател" pos="X">писател</wf>
         <wf lemma="със" pos="X">със</wf>
         <wf lemma="световно" pos="X">световно</wf>
         <instance id="d000.s5537.t000" lemma="значение" pos="NOUN">значение</instance>
         <wf lemma="." pos="X">.</wf>
      </sentence>
      <sentence id="d000.s5538" source="wordnet-bulgarian">
         <wf lemma="правя" pos="X">правя</wf>
         <instance id="d000.s5538.t000" lemma="инжекция" pos="NOUN">инжекция</instance>
         <wf lemma="на" pos="X">на</wf>
         <wf lemma="." pos="X">.</wf>
      </sentence>
      <sentence id="d000.s5539" source="wordnet-bulgarian">
         <instance id="d000.s5539.t000" lemma="въпрос" pos="NOUN">въпрос</instance>
         <wf lemma="от" pos="X">от</wf>
         <wf lemma="дневен" pos="X">дневен</wf>
         <wf lemma="ред" pos="X">ред</wf>
         <wf lemma="." pos="X">.</wf>
      </sentence>
      <sentence id="d000.s5540" source="wordnet-bulgarian">
         <wf lemma="до" pos="X">до</wf>
         <instance id="d000.s5540.t000" lemma="крайност" pos="NOUN">крайност</instance>
         <wf lemma="." pos="X">.</wf>
      </sentence>
      <sentence id="d000.s5541" source="wordnet-bulgarian">
         <wf lemma="нямам" pos="X">нямам</wf>
         <instance id="d000.s5541.t000" lemma="търпение" pos="NOUN">търпение</instance>
         <wf lemma="да" pos="X">да</wf>
         <wf lemma="." pos="X">.</wf>
      </sentence>
      <sentence id="d000.s5542" source="wordnet-bulgarian">
         <instance id="d000.s5542.t000" lemma="колекция" pos="NOUN">колекция</instance>
         <wf lemma="от" pos="X">от</wf>
         <wf lemma="марки" pos="X">марки</wf>
         <wf lemma="." pos="X">.</wf>
      </sentence>
      <sentence id="d000.s5543" source="wordnet-bulgarian">
         <wf lemma="топло" pos="X">топло</wf>
         <instance id="d000.s5543.t000" lemma="мляко" pos="NOUN">мляко</instance>
         <wf lemma="с" pos="X">с</wf>
         <wf lemma="кафе" pos="X">кафе</wf>
         <wf lemma="." pos="X">.</wf>
      </sentence>
      <sentence id="d000.s5544" source="wordnet-bulgarian">
         <wf lemma="следващата" pos="X">следващата</wf>
         <instance id="d000.s5544.t000" lemma="есен" pos="NOUN">есен</instance>
         <wf lemma="." pos="X">.</wf>
      </sentence>
      <sentence id="d000.s5545" source="wordnet-bulgarian">
         <instance id="d000.s5545.t000" lemma="специалист" pos="NOUN">специалист</instance>
         <wf lemma="по" pos="X">по</wf>
         <wf lemma="нервни" pos="X">нервни</wf>
         <wf lemma="болести" pos="X">болести</wf>
         <wf lemma="." pos="X">.</wf>
      </sentence>
      <sentence id="d000.s5546" source="wordnet-bulgarian">
         <wf lemma="наблюдателен" pos="X">наблюдателен</wf>
         <instance id="d000.s5546.t000" lemma="пост" pos="NOUN">пост</instance>
         <wf lemma="." pos="X">.</wf>
      </sentence>
      <sentence id="d000.s5547" source="wordnet-bulgarian">
         <instance id="d000.s5547.t000" lemma="апартамент" pos="NOUN">апартамент</instance>
         <wf lemma="с" pos="X">с</wf>
         <wf lemma="голям" pos="X">голям</wf>
         <wf lemma="хол" pos="X">хол</wf>
         <wf lemma="." pos="X">.</wf>
      </sentence>
      <sentence id="d000.s5548" source="wordnet-bulgarian">
         <wf lemma="Сумата" pos="X">Сумата</wf>
         <wf lemma="отбелязвам" pos="X">отбелязвам</wf>
         <wf lemma="с" pos="X">с</wf>
         <instance id="d000.s5548.t000" lemma="цифра" pos="NOUN">цифри</instance>
         <wf lemma="и" pos="X">и</wf>
         <wf lemma="с" pos="X">с</wf>
         <wf lemma="думи" pos="X">думи</wf>
         <wf lemma="." pos="X">.</wf>
      </sentence>
      <sentence id="d000.s5549" source="wordnet-bulgarian">
         <wf lemma="не" pos="X">не</wf>
         <wf lemma="получавам" pos="X">получавам</wf>
         <instance id="d000.s5549.t000" lemma="стипендия" pos="NOUN">стипендия</instance>
         <wf lemma="." pos="X">.</wf>
      </sentence>
      <sentence id="d000.s5550" source="wordnet-bulgarian">
         <wf lemma="на" pos="X">на</wf>
         <instance id="d000.s5550.t000" lemma="кръстовище" pos="NOUN">кръстовището</instance>
         <wf lemma="." pos="X">.</wf>
      </sentence>
      <sentence id="d000.s5551" source="wordnet-bulgarian">
         <instance id="d000.s5551.t000" lemma="трафик" pos="NOUN">трафик</instance>
         <wf lemma="на" pos="X">на</wf>
         <wf lemma="наркотици" pos="X">наркотици</wf>
         <wf lemma="." pos="X">.</wf>
      </sentence>
      <sentence id="d000.s5552" source="wordnet-bulgarian">
         <wf lemma="Зимата" pos="X">Зимата</wf>
         <wf lemma="не" pos="X">не</wf>
         <wf lemma="е" pos="X">е</wf>
         <wf lemma="най-подходящият" pos="X">най-подходящият</wf>
         <wf lemma="сезон" pos="X">сезон</wf>
         <wf lemma="за" pos="X">за</wf>
         <instance id="d000.s5552.t000" lemma="гостуване" pos="NOUN">гостувания</instance>
         <wf lemma="." pos="X">.</wf>
      </sentence>
      <sentence id="d000.s5553" source="wordnet-bulgarian">
         <wf lemma="Той" pos="X">Той</wf>
         <wf lemma="често" pos="X">често</wf>
         <wf lemma="посещава" pos="X">посещава</wf>
         <wf lemma="един" pos="X">един</wf>
         <instance id="d000.s5553.t000" lemma="психолог" pos="NOUN">психолог</instance>
         <wf lemma="." pos="X">.</wf>
      </sentence>
      <sentence id="d000.s5554" source="wordnet-bulgarian">
         <instance id="d000.s5554.t000" lemma="операция" pos="NOUN">операция</instance>
         <wf lemma="на" pos="X">на</wf>
         <wf lemma="ръка" pos="X">ръка</wf>
         <wf lemma="." pos="X">.</wf>
      </sentence>
      <sentence id="d000.s5555" source="wordnet-bulgarian">
         <instance id="d000.s5555.t000" lemma="предпочитание" pos="NOUN">предпочитание</instance>
         <wf lemma="към" pos="X">към</wf>
         <wf lemma="скъпи" pos="X">скъпи</wf>
         <wf lemma="коли" pos="X">коли</wf>
         <wf lemma="." pos="X">.</wf>
      </sentence>
      <sentence id="d000.s5556" source="wordnet-bulgarian">
         <wf lemma="намирам" pos="X">намирам</wf>
         <instance id="d000.s5556.t000" lemma="подобие" pos="NOUN">подобие</instance>
         <wf lemma="между" pos="X">между</wf>
         <wf lemma="." pos="X">.</wf>
      </sentence>
      <sentence id="d000.s5557" source="wordnet-bulgarian">
         <wf lemma="първа" pos="X">първа</wf>
         <instance id="d000.s5557.t000" lemma="репетиция" pos="NOUN">репетиция</instance>
         <wf lemma="." pos="X">.</wf>
      </sentence>
      <sentence id="d000.s5558" source="wordnet-bulgarian">
         <wf lemma="бърз" pos="X">бърз</wf>
         <instance id="d000.s5558.t000" lemma="сладкиш" pos="NOUN">сладкиш</instance>
         <wf lemma="." pos="X">.</wf>
      </sentence>
      <sentence id="d000.s5559" source="wordnet-bulgarian">
         <wf lemma="частно" pos="X">частно</wf>
         <instance id="d000.s5559.t000" lemma="предприятие" pos="NOUN">предприятие</instance>
         <wf lemma="." pos="X">.</wf>
      </sentence>
      <sentence id="d000.s5560" source="wordnet-bulgarian">
         <instance id="d000.s5560.t000" lemma="преминавам" pos="VERB">преминавам</instance>
         <wf lemma="границата" pos="X">границата</wf>
         <wf lemma="." pos="X">.</wf>
      </sentence>
      <sentence id="d000.s5561" source="wordnet-bulgarian">
         <wf lemma="слаба" pos="X">слаба</wf>
         <instance id="d000.s5561.t000" lemma="оценка" pos="NOUN">оценка</instance>
         <wf lemma="." pos="X">.</wf>
      </sentence>
      <sentence id="d000.s5562" source="wordnet-bulgarian">
         <wf lemma="тежък" pos="X">тежък</wf>
         <instance id="d000.s5562.t000" lemma="характер" pos="NOUN">характер</instance>
         <wf lemma="." pos="X">.</wf>
      </sentence>
      <sentence id="d000.s5563" source="wordnet-bulgarian">
         <instance id="d000.s5563.t000" lemma="стремеж" pos="NOUN">Стремеж</instance>
         <wf lemma="към" pos="X">към</wf>
         <wf lemma="съвършенство" pos="X">съвършенство</wf>
         <wf lemma="." pos="X">.</wf>
      </sentence>
      <sentence id="d000.s5564" source="wordnet-bulgarian">
         <instance id="d000.s5564.t000" lemma="кафе" pos="NOUN">кафе</instance>
         <wf lemma="еспресо" pos="X">еспресо</wf>
         <wf lemma="." pos="X">.</wf>
      </sentence>
      <sentence id="d000.s5565" source="wordnet-bulgarian">
         <wf lemma="Най-важният" pos="X">Най-важният</wf>
         <wf lemma="източник" pos="X">източник</wf>
         <wf lemma="на" pos="X">на</wf>
         <wf lemma="енергия" pos="X">енергия</wf>
         <wf lemma="за" pos="X">за</wf>
         <wf lemma="съвременното" pos="X">съвременното</wf>
         <wf lemma="човечество" pos="X">човечество</wf>
         <wf lemma="са" pos="X">са</wf>
         <instance id="d000.s5565.t000" lemma="гориво" pos="NOUN">горивата</instance>
         <wf lemma="." pos="X">.</wf>
      </sentence>
      <sentence id="d000.s5566" source="wordnet-bulgarian">
         <wf lemma="В" pos="X">В</wf>
         <wf lemma="банката" pos="X">банката</wf>
         <wf lemma="ми" pos="X">ми</wf>
         <wf lemma="казаха" pos="X">казаха</wf>
         <wf lemma="," pos="X">,</wf>
         <wf lemma="че" pos="X">че</wf>
         <wf lemma="и" pos="X">и</wf>
         <wf lemma="дума" pos="X">дума</wf>
         <wf lemma="не" pos="X">не</wf>
         <wf lemma="може" pos="X">може</wf>
         <wf lemma="да" pos="X">да</wf>
         <wf lemma="става" pos="X">става</wf>
         <wf lemma="за" pos="X">за</wf>
         <instance id="d000.s5566.t000" lemma="отсрочка" pos="NOUN">отсрочка</instance>
         <wf lemma="." pos="X">.</wf>
      </sentence>
      <sentence id="d000.s5567" source="wordnet-bulgarian">
         <wf lemma="идейна" pos="X">идейна</wf>
         <instance id="d000.s5567.t000" lemma="подбуда" pos="NOUN">подбуда</instance>
         <wf lemma="." pos="X">.</wf>
      </sentence>
      <sentence id="d000.s5568" source="wordnet-bulgarian">
         <wf lemma="нарушавам" pos="X">нарушавам</wf>
         <instance id="d000.s5568.t000" lemma="тишина" pos="NOUN">тишината</instance>
         <wf lemma="." pos="X">.</wf>
      </sentence>
      <sentence id="d000.s5569" source="wordnet-bulgarian">
         <wf lemma="майчина" pos="X">майчина</wf>
         <instance id="d000.s5569.t000" lemma="сълза" pos="NOUN">сълза</instance>
         <wf lemma="." pos="X">.</wf>
      </sentence>
      <sentence id="d000.s5570" source="wordnet-bulgarian">
         <wf lemma="търговски" pos="X">търговски</wf>
         <instance id="d000.s5570.t000" lemma="баланс" pos="NOUN">баланс</instance>
         <wf lemma="." pos="X">.</wf>
      </sentence>
      <sentence id="d000.s5571" source="wordnet-bulgarian">
         <wf lemma="циганско" pos="X">циганско</wf>
         <instance id="d000.s5571.t000" lemma="лято" pos="NOUN">лято</instance>
         <wf lemma="." pos="X">.</wf>
      </sentence>
      <sentence id="d000.s5572" source="wordnet-bulgarian">
         <wf lemma="математическа" pos="X">математическа</wf>
         <instance id="d000.s5572.t000" lemma="статистика" pos="NOUN">статистика</instance>
         <wf lemma="." pos="X">.</wf>
      </sentence>
      <sentence id="d000.s5573" source="wordnet-bulgarian">
         <wf lemma="изплащам" pos="X">изплащам</wf>
         <instance id="d000.s5573.t000" lemma="застраховка" pos="NOUN">застраховка</instance>
         <wf lemma="." pos="X">.</wf>
      </sentence>
      <sentence id="d000.s5574" source="wordnet-bulgarian">
         <wf lemma="нямам" pos="X">нямам</wf>
         <instance id="d000.s5574.t000" lemma="баща" pos="NOUN">баща</instance>
         <wf lemma="." pos="X">.</wf>
      </sentence>
      <sentence id="d000.s5575" source="wordnet-bulgarian">
         <wf lemma="многохиляден" pos="X">многохиляден</wf>
         <instance id="d000.s5575.t000" lemma="митинг" pos="NOUN">митинг</instance>
         <wf lemma="." pos="X">.</wf>
      </sentence>
      <sentence id="d000.s5576" source="wordnet-bulgarian">
         <wf lemma="Вятърът" pos="X">Вятърът</wf>
         <wf lemma="ми" pos="X">ми</wf>
         <wf lemma="навява" pos="X">навява</wf>
         <wf lemma="различни" pos="X">различни</wf>
         <instance id="d000.s5576.t000" lemma="асоциация" pos="NOUN">асоциации</instance>
         <wf lemma="." pos="X">.</wf>
      </sentence>
      <sentence id="d000.s5577" source="wordnet-bulgarian">
         <wf lemma="Филмът" pos="X">Филмът</wf>
         <wf lemma="ще" pos="X">ще</wf>
         <wf lemma="има" pos="X">има</wf>
         <instance id="d000.s5577.t000" lemma="продължение" pos="NOUN">продължение</instance>
         <wf lemma="." pos="X">.</wf>
      </sentence>
      <sentence id="d000.s5578" source="wordnet-bulgarian">
         <instance id="d000.s5578.t000" lemma="работя" pos="VERB">Работя</instance>
         <wf lemma="в" pos="X">в</wf>
         <wf lemma="банка" pos="X">банка</wf>
         <wf lemma="." pos="X">.</wf>
      </sentence>
      <sentence id="d000.s5579" source="wordnet-bulgarian">
         <wf lemma="връзвам" pos="X">връзвам</wf>
         <wf lemma="косата" pos="X">косата</wf>
         <wf lemma="си" pos="X">си</wf>
         <wf lemma="с" pos="X">с</wf>
         <instance id="d000.s5579.t000" lemma="лента" pos="NOUN">лента</instance>
         <wf lemma="." pos="X">.</wf>
      </sentence>
      <sentence id="d000.s5580" source="wordnet-bulgarian">
         <wf lemma="Много" pos="X">Много</wf>
         <wf lemma="хора" pos="X">хора</wf>
         <wf lemma="посещават" pos="X">посещават</wf>
         <wf lemma="този" pos="X">този</wf>
         <instance id="d000.s5580.t000" lemma="манастир" pos="NOUN">манастир</instance>
         <wf lemma="." pos="X">.</wf>
      </sentence>
      <sentence id="d000.s5581" source="wordnet-bulgarian">
         <wf lemma="без" pos="X">без</wf>
         <wf lemma="излишни" pos="X">излишни</wf>
         <instance id="d000.s5581.t000" lemma="подробност" pos="NOUN">подробности</instance>
         <wf lemma="." pos="X">.</wf>
      </sentence>
      <sentence id="d000.s5582" source="wordnet-bulgarian">
         <wf lemma="завързвам" pos="X">завързвам</wf>
         <instance id="d000.s5582.t000" lemma="разговор" pos="NOUN">разговор</instance>
         <wf lemma="с." pos="X">с.</wf>
      </sentence>
      <sentence id="d000.s5583" source="wordnet-bulgarian">
         <wf lemma="дабел" pos="X">дабел</wf>
         <instance id="d000.s5583.t000" lemma="човек" pos="NOUN">човек</instance>
         <wf lemma="." pos="X">.</wf>
      </sentence>
      <sentence id="d000.s5584" source="wordnet-bulgarian">
         <instance id="d000.s5584.t000" lemma="оформям" pos="VERB">оформям</instance>
         <wf lemma="алея" pos="X">алея</wf>
         <wf lemma="." pos="X">.</wf>
      </sentence>
      <sentence id="d000.s5585" source="wordnet-bulgarian">
         <wf lemma="стоя" pos="X">стоя</wf>
         <wf lemma="под" pos="X">под</wf>
         <instance id="d000.s5585.t000" lemma="дъжд" pos="NOUN">дъжда</instance>
         <wf lemma="." pos="X">.</wf>
      </sentence>
      <sentence id="d000.s5586" source="wordnet-bulgarian">
         <wf lemma="семейно" pos="X">семейно</wf>
         <instance id="d000.s5586.t000" lemma="тържество" pos="NOUN">тържество</instance>
         <wf lemma="." pos="X">.</wf>
      </sentence>
      <sentence id="d000.s5587" source="wordnet-bulgarian">
         <instance id="d000.s5587.t000" lemma="вечеря" pos="NOUN">вечеря</instance>
         <wf lemma="в" pos="X">в</wf>
         <wf lemma="чест" pos="X">чест</wf>
         <wf lemma="на" pos="X">на</wf>
         <wf lemma="." pos="X">.</wf>
      </sentence>
      <sentence id="d000.s5588" source="wordnet-bulgarian">
         <wf lemma="Донесоха" pos="X">Донесоха</wf>
         <wf lemma="ли" pos="X">ли</wf>
         <instance id="d000.s5588.t000" lemma="поръчка" pos="NOUN">поръчките</instance>
         <wf lemma="?" pos="X">?</wf>
      </sentence>
      <sentence id="d000.s5589" source="wordnet-bulgarian">
         <wf lemma="очен" pos="X">очен</wf>
         <instance id="d000.s5589.t000" lemma="канал" pos="NOUN">канал</instance>
         <wf lemma="." pos="X">.</wf>
      </sentence>
      <sentence id="d000.s5590" source="wordnet-bulgarian">
         <wf lemma="изложбена" pos="X">изложбена</wf>
         <instance id="d000.s5590.t000" lemma="зала" pos="NOUN">зала</instance>
         <wf lemma="." pos="X">.</wf>
      </sentence>
      <sentence id="d000.s5591" source="wordnet-bulgarian">
         <wf lemma="ефективна" pos="X">ефективна</wf>
         <instance id="d000.s5591.t000" lemma="стачка" pos="NOUN">стачка</instance>
         <wf lemma="." pos="X">.</wf>
      </sentence>
      <sentence id="d000.s5592" source="wordnet-bulgarian">
         <wf lemma="дървен" pos="X">дървен</wf>
         <instance id="d000.s5592.t000" lemma="праг" pos="NOUN">праг</instance>
         <wf lemma="." pos="X">.</wf>
      </sentence>
      <sentence id="d000.s5593" source="wordnet-bulgarian">
         <wf lemma="течен" pos="X">течен</wf>
         <instance id="d000.s5593.t000" lemma="сапун" pos="NOUN">сапун</instance>
         <wf lemma="." pos="X">.</wf>
      </sentence>
      <sentence id="d000.s5594" source="wordnet-bulgarian">
         <wf lemma="слагам" pos="X">слагам</wf>
         <wf lemma="си" pos="X">си</wf>
         <instance id="d000.s5594.t000" lemma="ръкавица" pos="NOUN">ръкавици</instance>
         <wf lemma="." pos="X">.</wf>
      </sentence>
      <sentence id="d000.s5595" source="wordnet-bulgarian">
         <wf lemma="голям" pos="X">голям</wf>
         <instance id="d000.s5595.t000" lemma="студ" pos="NOUN">студ</instance>
         <wf lemma="." pos="X">.</wf>
      </sentence>
      <sentence id="d000.s5596" source="wordnet-bulgarian">
         <wf lemma="Навън" pos="X">Навън</wf>
         <wf lemma="се" pos="X">се</wf>
         <wf lemma="изви" pos="X">изви</wf>
         <wf lemma="силна" pos="X">силна</wf>
         <instance id="d000.s5596.t000" lemma="буря" pos="NOUN">буря</instance>
         <wf lemma="." pos="X">.</wf>
      </sentence>
      <sentence id="d000.s5597" source="wordnet-bulgarian">
         <wf lemma="използвам" pos="X">използвам</wf>
         <wf lemma="всички" pos="X">всички</wf>
         <instance id="d000.s5597.t000" lemma="възможност" pos="NOUN">възможности</instance>
         <wf lemma="." pos="X">.</wf>
      </sentence>
      <sentence id="d000.s5598" source="wordnet-bulgarian">
         <wf lemma="изгубвам" pos="X">изгубвам</wf>
         <wf lemma="всякаква" pos="X">всякаква</wf>
         <instance id="d000.s5598.t000" lemma="надежда" pos="NOUN">надежда</instance>
         <wf lemma="." pos="X">.</wf>
      </sentence>
      <sentence id="d000.s5599" source="wordnet-bulgarian">
         <wf lemma="фабричен" pos="X">фабричен</wf>
         <instance id="d000.s5599.t000" lemma="дефект" pos="NOUN">дефект</instance>
         <wf lemma="." pos="X">.</wf>
      </sentence>
      <sentence id="d000.s5600" source="wordnet-bulgarian">
         <wf lemma="футболен" pos="X">футболен</wf>
         <instance id="d000.s5600.t000" lemma="клуб" pos="NOUN">клуб</instance>
         <wf lemma="." pos="X">.</wf>
      </sentence>
      <sentence id="d000.s5601" source="wordnet-bulgarian">
         <wf lemma="Колата" pos="X">Колата</wf>
         <wf lemma="има" pos="X">има</wf>
         <wf lemma="специална" pos="X">специална</wf>
         <instance id="d000.s5601.t000" lemma="конструкция" pos="NOUN">конструкция</instance>
         <wf lemma="." pos="X">.</wf>
      </sentence>
      <sentence id="d000.s5602" source="wordnet-bulgarian">
         <wf lemma="реакционна" pos="X">реакционна</wf>
         <instance id="d000.s5602.t000" lemma="мисъл" pos="NOUN">мисъл</instance>
         <wf lemma="." pos="X">.</wf>
      </sentence>
      <sentence id="d000.s5603" source="wordnet-bulgarian">
         <wf lemma="издигам" pos="X">издигам</wf>
         <instance id="d000.s5603.t000" lemma="етаж" pos="NOUN">етаж</instance>
         <wf lemma="след" pos="X">след</wf>
         <wf lemma="етаж" pos="X">етаж</wf>
         <wf lemma="." pos="X">.</wf>
      </sentence>
      <sentence id="d000.s5604" source="wordnet-bulgarian">
         <wf lemma="кафява" pos="X">кафява</wf>
         <instance id="d000.s5604.t000" lemma="плесен" pos="NOUN">плесен</instance>
         <wf lemma="." pos="X">.</wf>
      </sentence>
      <sentence id="d000.s5605" source="wordnet-bulgarian">
         <wf lemma="голям" pos="X">голям</wf>
         <instance id="d000.s5605.t000" lemma="подарък" pos="NOUN">подарък</instance>
         <wf lemma="." pos="X">.</wf>
      </sentence>
      <sentence id="d000.s5606" source="wordnet-bulgarian">
         <wf lemma="Графитът" pos="X">Графитът</wf>
         <wf lemma="е" pos="X">е</wf>
         <wf lemma="почти" pos="X">почти</wf>
         <wf lemma="чист" pos="X">чист</wf>
         <instance id="d000.s5606.t000" lemma="въглерод" pos="NOUN">въглерод</instance>
         <wf lemma="." pos="X">.</wf>
      </sentence>
      <sentence id="d000.s5607" source="wordnet-bulgarian">
         <wf lemma="тънко" pos="X">тънко</wf>
         <instance id="d000.s5607.t000" lemma="влакно" pos="NOUN">влакно</instance>
         <wf lemma="." pos="X">.</wf>
      </sentence>
      <sentence id="d000.s5608" source="wordnet-bulgarian">
         <wf lemma="осветявам" pos="X">осветявам</wf>
         <instance id="d000.s5608.t000" lemma="филм" pos="NOUN">филм</instance>
         <wf lemma="." pos="X">.</wf>
      </sentence>
      <sentence id="d000.s5609" source="wordnet-bulgarian">
         <wf lemma="в" pos="X">в</wf>
         <instance id="d000.s5609.t000" lemma="роля" pos="NOUN">ролята</instance>
         <wf lemma="на" pos="X">на</wf>
         <wf lemma="." pos="X">.</wf>
      </sentence>
      <sentence id="d000.s5610" source="wordnet-bulgarian">
         <instance id="d000.s5610.t000" lemma="завръщане" pos="NOUN">завръщане</instance>
         <wf lemma="от" pos="X">от</wf>
         <wf lemma="ада" pos="X">ада</wf>
         <wf lemma="." pos="X">.</wf>
      </sentence>
      <sentence id="d000.s5611" source="wordnet-bulgarian">
         <wf lemma="след" pos="X">след</wf>
         <wf lemma="моето" pos="X">моето</wf>
         <instance id="d000.s5611.t000" lemma="завръщане" pos="NOUN">завръщане</instance>
         <wf lemma="." pos="X">.</wf>
      </sentence>
      <sentence id="d000.s5612" source="wordnet-bulgarian">
         <instance id="d000.s5612.t000" lemma="сръбна" pos="VERB">Сръбнах</instance>
         <wf lemma="от" pos="X">от</wf>
         <wf lemma="чая" pos="X">чая</wf>
         <wf lemma="." pos="X">.</wf>
      </sentence>
      <sentence id="d000.s5613" source="wordnet-bulgarian">
         <wf lemma="спортен" pos="X">спортен</wf>
         <instance id="d000.s5613.t000" lemma="комплекс" pos="NOUN">комплекс</instance>
         <wf lemma="." pos="X">.</wf>
      </sentence>
      <sentence id="d000.s5614" source="wordnet-bulgarian">
         <wf lemma="партиен" pos="X">партиен</wf>
         <instance id="d000.s5614.t000" lemma="секретар" pos="NOUN">секретар</instance>
         <wf lemma="." pos="X">.</wf>
      </sentence>
      <sentence id="d000.s5615" source="wordnet-bulgarian">
         <wf lemma="тънкорунна" pos="X">тънкорунна</wf>
         <instance id="d000.s5615.t000" lemma="овце" pos="NOUN">овца</instance>
         <wf lemma="." pos="X">.</wf>
      </sentence>
      <sentence id="d000.s5616" source="wordnet-bulgarian">
         <wf lemma="Като" pos="X">Като</wf>
         <wf lemma="че" pos="X">че</wf>
         <wf lemma="съзнавахме" pos="X">съзнавахме</wf>
         <wf lemma="," pos="X">,</wf>
         <wf lemma="че" pos="X">че</wf>
         <wf lemma="извършихме" pos="X">извършихме</wf>
         <wf lemma="пръв" pos="X">пръв</wf>
         <wf lemma="път" pos="X">път</wf>
         <wf lemma="в" pos="X">в</wf>
         <wf lemma="живота" pos="X">живота</wf>
         <wf lemma="си" pos="X">си</wf>
         <wf lemma="едно" pos="X">едно</wf>
         <wf lemma="добро" pos="X">добро</wf>
         <wf lemma="," pos="X">,</wf>
         <wf lemma="похвално" pos="X">похвално</wf>
         <instance id="d000.s5616.t000" lemma="дело" pos="NOUN">дело</instance>
         <wf lemma="," pos="X">,</wf>
         <wf lemma="изпълнихме" pos="X">изпълнихме</wf>
         <wf lemma="един" pos="X">един</wf>
         <wf lemma="велик" pos="X">велик</wf>
         <wf lemma="дълг" pos="X">дълг</wf>
         <wf lemma="пред" pos="X">пред</wf>
         <wf lemma="един" pos="X">един</wf>
         <wf lemma="велик" pos="X">велик</wf>
         <wf lemma="героизъм" pos="X">героизъм</wf>
         <wf lemma="." pos="X">.</wf>
      </sentence>
      <sentence id="d000.s5617" source="wordnet-bulgarian">
         <wf lemma="произход" pos="X">произход</wf>
         <wf lemma="на" pos="X">на</wf>
         <instance id="d000.s5617.t000" lemma="вид" pos="NOUN">видовете</instance>
         <wf lemma="." pos="X">.</wf>
      </sentence>
      <sentence id="d000.s5618" source="wordnet-bulgarian">
         <instance id="d000.s5618.t000" lemma="мивка" pos="NOUN">мивка</instance>
         <wf lemma="в" pos="X">в</wf>
         <wf lemma="баня" pos="X">баня</wf>
         <wf lemma="." pos="X">.</wf>
      </sentence>
      <sentence id="d000.s5619" source="wordnet-bulgarian">
         <wf lemma="пия" pos="X">пия</wf>
         <instance id="d000.s5619.t000" lemma="пунш" pos="NOUN">пунш</instance>
         <wf lemma="." pos="X">.</wf>
      </sentence>
      <sentence id="d000.s5620" source="wordnet-bulgarian">
         <wf lemma="хранителна" pos="X">хранителна</wf>
         <instance id="d000.s5620.t000" lemma="добавка" pos="NOUN">добавка</instance>
         <wf lemma="." pos="X">.</wf>
      </sentence>
      <sentence id="d000.s5621" source="wordnet-bulgarian">
         <wf lemma="чешки" pos="X">чешки</wf>
         <instance id="d000.s5621.t000" lemma="център" pos="NOUN">център</instance>
         <wf lemma="." pos="X">.</wf>
      </sentence>
      <sentence id="d000.s5622" source="wordnet-bulgarian">
         <instance id="d000.s5622.t000" lemma="сравнение" pos="NOUN">Сравнението</instance>
         <wf lemma="не" pos="X">не</wf>
         <wf lemma="е" pos="X">е</wf>
         <wf lemma="уместно" pos="X">уместно</wf>
         <wf lemma="." pos="X">.</wf>
      </sentence>
      <sentence id="d000.s5623" source="wordnet-bulgarian">
         <wf lemma="в" pos="X">в</wf>
         <instance id="d000.s5623.t000" lemma="нищета" pos="NOUN">нищета</instance>
         <wf lemma="." pos="X">.</wf>
      </sentence>
      <sentence id="d000.s5624" source="wordnet-bulgarian">
         <wf lemma="От" pos="X">От</wf>
         <instance id="d000.s5624.t000" lemma="студ" pos="NOUN">студа</instance>
         <wf lemma="цветята" pos="X">цветята</wf>
         <wf lemma="измръзнаха" pos="X">измръзнаха</wf>
         <wf lemma="." pos="X">.</wf>
      </sentence>
      <sentence id="d000.s5625" source="wordnet-bulgarian">
         <wf lemma="безух" pos="X">безух</wf>
         <instance id="d000.s5625.t000" lemma="тюлен" pos="NOUN">тюлен</instance>
         <wf lemma="." pos="X">.</wf>
      </sentence>
      <sentence id="d000.s5626" source="wordnet-bulgarian">
         <wf lemma="изкуствена" pos="X">изкуствена</wf>
         <instance id="d000.s5626.t000" lemma="коприна" pos="NOUN">коприна</instance>
         <wf lemma="." pos="X">.</wf>
      </sentence>
      <sentence id="d000.s5627" source="wordnet-bulgarian">
         <wf lemma="безгрижна" pos="X">безгрижна</wf>
         <instance id="d000.s5627.t000" lemma="младост" pos="NOUN">младост</instance>
         <wf lemma="." pos="X">.</wf>
      </sentence>
      <sentence id="d000.s5628" source="wordnet-bulgarian">
         <wf lemma="последствия" pos="X">последствия</wf>
         <wf lemma="от" pos="X">от</wf>
         <instance id="d000.s5628.t000" lemma="замърсяване" pos="NOUN">замърсяването</instance>
         <wf lemma="." pos="X">.</wf>
      </sentence>
      <sentence id="d000.s5629" source="wordnet-bulgarian">
         <instance id="d000.s5629.t000" lemma="съзвездие" pos="NOUN">Съзвездие</instance>
         <wf lemma="Голяма" pos="X">Голяма</wf>
         <wf lemma="мечка" pos="X">мечка</wf>
         <wf lemma="." pos="X">.</wf>
      </sentence>
      <sentence id="d000.s5630" source="wordnet-bulgarian">
         <instance id="d000.s5630.t000" lemma="ръкопляскам" pos="VERB">Ръкопляскаха</instance>
         <wf lemma="дълго" pos="X">дълго</wf>
         <wf lemma="след" pos="X">след</wf>
         <wf lemma="представлението" pos="X">представлението</wf>
         <wf lemma="." pos="X">.</wf>
      </sentence>
      <sentence id="d000.s5631" source="wordnet-bulgarian">
         <wf lemma="държавна" pos="X">държавна</wf>
         <instance id="d000.s5631.t000" lemma="линейка" pos="NOUN">линейка</instance>
         <wf lemma="." pos="X">.</wf>
      </sentence>
      <sentence id="d000.s5632" source="wordnet-bulgarian">
         <instance id="d000.s5632.t000" lemma="ритна" pos="VERB">Ритнах</instance>
         <wf lemma="го" pos="X">го</wf>
         <wf lemma="по" pos="X">по</wf>
         <wf lemma="крака" pos="X">крака</wf>
         <wf lemma="." pos="X">.</wf>
      </sentence>
      <sentence id="d000.s5633" source="wordnet-bulgarian">
         <wf lemma="малка" pos="X">малка</wf>
         <instance id="d000.s5633.t000" lemma="стипендия" pos="NOUN">стипендия</instance>
         <wf lemma="." pos="X">.</wf>
      </sentence>
      <sentence id="d000.s5634" source="wordnet-bulgarian">
         <instance id="d000.s5634.t000" lemma="скелет" pos="NOUN">скелет</instance>
         <wf lemma="на" pos="X">на</wf>
         <wf lemma="животно" pos="X">животно</wf>
         <wf lemma="." pos="X">.</wf>
      </sentence>
      <sentence id="d000.s5635" source="wordnet-bulgarian">
         <wf lemma="сребърна" pos="X">сребърна</wf>
         <instance id="d000.s5635.t000" lemma="лъжица" pos="NOUN">лъжица</instance>
         <wf lemma="." pos="X">.</wf>
      </sentence>
      <sentence id="d000.s5636" source="wordnet-bulgarian">
         <wf lemma="изпълнен" pos="X">изпълнен</wf>
         <wf lemma="със" pos="X">със</wf>
         <instance id="d000.s5636.t000" lemma="страст" pos="NOUN">страст</instance>
         <wf lemma="." pos="X">.</wf>
      </sentence>
      <sentence id="d000.s5637" source="wordnet-bulgarian">
         <wf lemma="обзема" pos="X">обзема</wf>
         <wf lemma="ме" pos="X">ме</wf>
         <instance id="d000.s5637.t000" lemma="гняв" pos="NOUN">гняв</instance>
         <wf lemma="." pos="X">.</wf>
      </sentence>
      <sentence id="d000.s5638" source="wordnet-bulgarian">
         <wf lemma="Утре" pos="X">Утре</wf>
         <wf lemma="метеоролозите" pos="X">метеоролозите</wf>
         <instance id="d000.s5638.t000" lemma="очаквам" pos="VERB">очакват</instance>
         <wf lemma="дъжд" pos="X">дъжд</wf>
         <wf lemma="." pos="X">.</wf>
      </sentence>
      <sentence id="d000.s5639" source="wordnet-bulgarian">
         <wf lemma="страшно" pos="X">страшно</wf>
         <instance id="d000.s5639.t000" lemma="видение" pos="NOUN">видение</instance>
         <wf lemma="." pos="X">.</wf>
      </sentence>
      <sentence id="d000.s5640" source="wordnet-bulgarian">
         <instance id="d000.s5640.t000" lemma="икономика" pos="NOUN">икономика</instance>
         <wf lemma="на" pos="X">на</wf>
         <wf lemma="промишлеността" pos="X">промишлеността</wf>
         <wf lemma="." pos="X">.</wf>
      </sentence>
      <sentence id="d000.s5641" source="wordnet-bulgarian">
         <wf lemma="Това" pos="X">Това</wf>
         <wf lemma="зависи" pos="X">зависи</wf>
         <wf lemma="от" pos="X">от</wf>
         <wf lemma="решението" pos="X">решението</wf>
         <wf lemma="на" pos="X">на</wf>
         <wf lemma="народното" pos="X">народното</wf>
         <instance id="d000.s5641.t000" lemma="представителство" pos="NOUN">представителство</instance>
         <wf lemma="." pos="X">.</wf>
      </sentence>
      <sentence id="d000.s5642" source="wordnet-bulgarian">
         <wf lemma="вървя" pos="X">вървя</wf>
         <wf lemma="към" pos="X">към</wf>
         <instance id="d000.s5642.t000" lemma="банкрут" pos="NOUN">банкрут</instance>
         <wf lemma="." pos="X">.</wf>
      </sentence>
      <sentence id="d000.s5643" source="wordnet-bulgarian">
         <wf lemma="Докараха" pos="X">Докараха</wf>
         <wf lemma="цял" pos="X">цял</wf>
         <wf lemma="камион" pos="X">камион</wf>
         <wf lemma="с" pos="X">с</wf>
         <instance id="d000.s5643.t000" lemma="тухла" pos="NOUN">тухли</instance>
         <wf lemma="." pos="X">.</wf>
      </sentence>
      <sentence id="d000.s5644" source="wordnet-bulgarian">
         <wf lemma="показвам" pos="X">показвам</wf>
         <instance id="d000.s5644.t000" lemma="характер" pos="NOUN">характер</instance>
         <wf lemma="." pos="X">.</wf>
      </sentence>
      <sentence id="d000.s5645" source="wordnet-bulgarian">
         <wf lemma="връзвам" pos="X">връзвам</wf>
         <wf lemma="с" pos="X">с</wf>
         <instance id="d000.s5645.t000" lemma="тел" pos="NOUN">тел</instance>
         <wf lemma="." pos="X">.</wf>
      </sentence>
      <sentence id="d000.s5646" source="wordnet-bulgarian">
         <wf lemma="в" pos="X">в</wf>
         <wf lemma="напреднала" pos="X">напреднала</wf>
         <instance id="d000.s5646.t000" lemma="възраст" pos="NOUN">възраст</instance>
         <wf lemma="." pos="X">.</wf>
      </sentence>
      <sentence id="d000.s5647" source="wordnet-bulgarian">
         <instance id="d000.s5647.t000" lemma="средство" pos="NOUN">средство</instance>
         <wf lemma="за" pos="X">за</wf>
         <wf lemma="производство" pos="X">производство</wf>
         <wf lemma="." pos="X">.</wf>
      </sentence>
      <sentence id="d000.s5648" source="wordnet-bulgarian">
         <wf lemma="битов" pos="X">битов</wf>
         <instance id="d000.s5648.t000" lemma="аспект" pos="NOUN">аспект</instance>
         <wf lemma="." pos="X">.</wf>
      </sentence>
      <sentence id="d000.s5649" source="wordnet-bulgarian">
         <wf lemma="Взех" pos="X">Взех</wf>
         <wf lemma="най-голямото" pos="X">най-голямото</wf>
         <instance id="d000.s5649.t000" lemma="парче" pos="NOUN">парче</instance>
         <wf lemma="от" pos="X">от</wf>
         <wf lemma="питката" pos="X">питката</wf>
         <wf lemma="." pos="X">.</wf>
      </sentence>
      <sentence id="d000.s5650" source="wordnet-bulgarian">
         <wf lemma="тържествена" pos="X">тържествена</wf>
         <instance id="d000.s5650.t000" lemma="обстановка" pos="NOUN">обстановка</instance>
         <wf lemma="." pos="X">.</wf>
      </sentence>
      <sentence id="d000.s5651" source="wordnet-bulgarian">
         <wf lemma="Ще" pos="X">Ще</wf>
         <instance id="d000.s5651.t000" lemma="доведа" pos="VERB">доведа</instance>
         <wf lemma="сестра" pos="X">сестра</wf>
         <wf lemma="си" pos="X">си</wf>
         <wf lemma="на" pos="X">на</wf>
         <wf lemma="вечерята" pos="X">вечерята</wf>
         <wf lemma="." pos="X">.</wf>
      </sentence>
      <sentence id="d000.s5652" source="wordnet-bulgarian">
         <wf lemma="имам" pos="X">имам</wf>
         <instance id="d000.s5652.t000" lemma="намерение" pos="NOUN">намерение</instance>
         <wf lemma="да" pos="X">да</wf>
         <wf lemma="." pos="X">.</wf>
      </sentence>
      <sentence id="d000.s5653" source="wordnet-bulgarian">
         <wf lemma="Рейсовете" pos="X">Рейсовете</wf>
         <wf lemma="изостават" pos="X">изостават</wf>
         <wf lemma="от" pos="X">от</wf>
         <instance id="d000.s5653.t000" lemma="разписание" pos="NOUN">разписанието</instance>
         <wf lemma="." pos="X">.</wf>
      </sentence>
      <sentence id="d000.s5654" source="wordnet-bulgarian">
         <wf lemma="твърдо" pos="X">твърдо</wf>
         <instance id="d000.s5654.t000" lemma="гориво" pos="NOUN">гориво</instance>
         <wf lemma="." pos="X">.</wf>
      </sentence>
      <sentence id="d000.s5655" source="wordnet-bulgarian">
         <wf lemma="нечакван" pos="X">нечакван</wf>
         <instance id="d000.s5655.t000" lemma="гост" pos="NOUN">гост</instance>
         <wf lemma="." pos="X">.</wf>
      </sentence>
      <sentence id="d000.s5656" source="wordnet-bulgarian">
         <wf lemma="човешко" pos="X">човешко</wf>
         <instance id="d000.s5656.t000" lemma="тяло" pos="NOUN">тяло</instance>
         <wf lemma="." pos="X">.</wf>
      </sentence>
      <sentence id="d000.s5657" source="wordnet-bulgarian">
         <wf lemma="Великденска" pos="X">Великденска</wf>
         <instance id="d000.s5657.t000" lemma="служба" pos="NOUN">служба</instance>
         <wf lemma="." pos="X">.</wf>
      </sentence>
      <sentence id="d000.s5658" source="wordnet-bulgarian">
         <instance id="d000.s5658.t000" lemma="галерия" pos="NOUN">галерия</instance>
         <wf lemma="за" pos="X">за</wf>
         <wf lemma="." pos="X">.</wf>
      </sentence>
      <sentence id="d000.s5659" source="wordnet-bulgarian">
         <wf lemma="публичен" pos="X">публичен</wf>
         <instance id="d000.s5659.t000" lemma="дом" pos="NOUN">дом</instance>
         <wf lemma="." pos="X">.</wf>
      </sentence>
      <sentence id="d000.s5660" source="wordnet-bulgarian">
         <wf lemma="в" pos="X">в</wf>
         <instance id="d000.s5660.t000" lemma="атмосфера" pos="NOUN">атмосфера</instance>
         <wf lemma="на" pos="X">на</wf>
         <wf lemma="." pos="X">.</wf>
      </sentence>
      <sentence id="d000.s5661" source="wordnet-bulgarian">
         <wf lemma="голяма" pos="X">голяма</wf>
         <instance id="d000.s5661.t000" lemma="порция" pos="NOUN">порция</instance>
         <wf lemma="." pos="X">.</wf>
      </sentence>
      <sentence id="d000.s5662" source="wordnet-bulgarian">
         <wf lemma="суша" pos="X">суша</wf>
         <instance id="d000.s5662.t000" lemma="кожа" pos="NOUN">кожа</instance>
         <wf lemma="." pos="X">.</wf>
      </sentence>
      <sentence id="d000.s5663" source="wordnet-bulgarian">
         <wf lemma="настръхнала" pos="X">настръхнала</wf>
         <instance id="d000.s5663.t000" lemma="козина" pos="NOUN">козина</instance>
         <wf lemma="." pos="X">.</wf>
      </sentence>
      <sentence id="d000.s5664" source="wordnet-bulgarian">
         <wf lemma="в" pos="X">в</wf>
         <wf lemma="полите" pos="X">полите</wf>
         <wf lemma="на" pos="X">на</wf>
         <instance id="d000.s5664.t000" lemma="планина" pos="NOUN">планината</instance>
         <wf lemma="." pos="X">.</wf>
      </sentence>
      <sentence id="d000.s5665" source="wordnet-bulgarian">
         <wf lemma="Погалих" pos="X">Погалих</wf>
         <wf lemma="нежно" pos="X">нежно</wf>
         <instance id="d000.s5665.t000" lemma="куче" pos="NOUN">кучето</instance>
         <wf lemma="и" pos="X">и</wf>
         <wf lemma="то" pos="X">то</wf>
         <wf lemma="дружелюбно" pos="X">дружелюбно</wf>
         <wf lemma="завъртя" pos="X">завъртя</wf>
         <wf lemma="опашка" pos="X">опашка</wf>
         <wf lemma="." pos="X">.</wf>
      </sentence>
      <sentence id="d000.s5666" source="wordnet-bulgarian">
         <instance id="d000.s5666.t000" lemma="възстановяване" pos="NOUN">възстановяване</instance>
         <wf lemma="на" pos="X">на</wf>
         <wf lemma="сграда" pos="X">сграда</wf>
         <wf lemma="." pos="X">.</wf>
      </sentence>
      <sentence id="d000.s5667" source="wordnet-bulgarian">
         <wf lemma="Никога" pos="X">Никога</wf>
         <wf lemma="не" pos="X">не</wf>
         <instance id="d000.s5667.t000" lemma="рискувам" pos="VERB">рискувам</instance>
         <wf lemma="." pos="X">.</wf>
      </sentence>
      <sentence id="d000.s5668" source="wordnet-bulgarian">
         <wf lemma="болен" pos="X">болен</wf>
         <instance id="d000.s5668.t000" lemma="орган" pos="NOUN">орган</instance>
         <wf lemma="." pos="X">.</wf>
      </sentence>
      <sentence id="d000.s5669" source="wordnet-bulgarian">
         <wf lemma="основен" pos="X">основен</wf>
         <instance id="d000.s5669.t000" lemma="поминък" pos="NOUN">поминък</instance>
         <wf lemma="." pos="X">.</wf>
      </sentence>
      <sentence id="d000.s5670" source="wordnet-bulgarian">
         <wf lemma="спечелвам" pos="X">спечелвам</wf>
         <instance id="d000.s5670.t000" lemma="дело" pos="NOUN">дело</instance>
         <wf lemma="." pos="X">.</wf>
      </sentence>
      <sentence id="d000.s5671" source="wordnet-bulgarian">
         <wf lemma="Той" pos="X">Той</wf>
         <wf lemma="присъства" pos="X">присъства</wf>
         <wf lemma="на" pos="X">на</wf>
         <instance id="d000.s5671.t000" lemma="лекция" pos="NOUN">лекция</instance>
         <wf lemma="за" pos="X">за</wf>
         <wf lemma="билките" pos="X">билките</wf>
         <wf lemma="." pos="X">.</wf>
      </sentence>
      <sentence id="d000.s5672" source="wordnet-bulgarian">
         <wf lemma="едно" pos="X">едно</wf>
         <instance id="d000.s5672.t000" lemma="копие" pos="NOUN">копие</instance>
         <wf lemma="." pos="X">.</wf>
      </sentence>
      <sentence id="d000.s5673" source="wordnet-bulgarian">
         <instance id="d000.s5673.t000" lemma="дървесина" pos="NOUN">дървесина</instance>
         <wf lemma="за" pos="X">за</wf>
         <wf lemma="получаване" pos="X">получаване</wf>
         <wf lemma="на" pos="X">на</wf>
         <wf lemma="хартия" pos="X">хартия</wf>
         <wf lemma="." pos="X">.</wf>
      </sentence>
      <sentence id="d000.s5674" source="wordnet-bulgarian">
         <instance id="d000.s5674.t000" lemma="ефективен" pos="ADJ">ефективни</instance>
         <wf lemma="методи" pos="X">методи</wf>
         <wf lemma="на" pos="X">на</wf>
         <wf lemma="обучение" pos="X">обучение</wf>
         <wf lemma="." pos="X">.</wf>
      </sentence>
      <sentence id="d000.s5675" source="wordnet-bulgarian">
         <wf lemma="Площадът" pos="X">Площадът</wf>
         <wf lemma="се" pos="X">се</wf>
         <wf lemma="изпълни" pos="X">изпълни</wf>
         <wf lemma="с" pos="X">с</wf>
         <instance id="d000.s5675.t000" lemma="хора" pos="NOUN">хора</instance>
         <wf lemma="." pos="X">.</wf>
      </sentence>
      <sentence id="d000.s5676" source="wordnet-bulgarian">
         <wf lemma="домашна" pos="X">домашна</wf>
         <instance id="d000.s5676.t000" lemma="овце" pos="NOUN">овца</instance>
         <wf lemma="." pos="X">.</wf>
      </sentence>
      <sentence id="d000.s5677" source="wordnet-bulgarian">
         <wf lemma="Нямам" pos="X">Нямам</wf>
         <wf lemma="почти" pos="X">почти</wf>
         <wf lemma="никакво" pos="X">никакво</wf>
         <instance id="d000.s5677.t000" lemma="имущество" pos="NOUN">имущество</instance>
         <wf lemma="." pos="X">.</wf>
      </sentence>
      <sentence id="d000.s5678" source="wordnet-bulgarian">
         <wf lemma="Пред" pos="X">Пред</wf>
         <wf lemma="магазина" pos="X">магазина</wf>
         <wf lemma="имаше" pos="X">имаше</wf>
         <instance id="d000.s5678.t000" lemma="опашка" pos="NOUN">опашка</instance>
         <wf lemma="." pos="X">.</wf>
      </sentence>
      <sentence id="d000.s5679" source="wordnet-bulgarian">
         <instance id="d000.s5679.t000" lemma="доразвивам" pos="VERB">доразвивам</instance>
         <wf lemma="дисертация" pos="X">дисертация</wf>
         <wf lemma="." pos="X">.</wf>
      </sentence>
      <sentence id="d000.s5680" source="wordnet-bulgarian">
         <wf lemma="От" pos="X">От</wf>
         <wf lemma="коя" pos="X">коя</wf>
         <instance id="d000.s5680.t000" lemma="партия" pos="NOUN">партия</instance>
         <wf lemma="си" pos="X">си</wf>
         <wf lemma="?" pos="X">?</wf>
      </sentence>
      <sentence id="d000.s5681" source="wordnet-bulgarian">
         <wf lemma="подписвам" pos="X">подписвам</wf>
         <instance id="d000.s5681.t000" lemma="присъда" pos="NOUN">присъдата</instance>
         <wf lemma="на" pos="X">на</wf>
         <wf lemma="." pos="X">.</wf>
      </sentence>
      <sentence id="d000.s5682" source="wordnet-bulgarian">
         <wf lemma="от" pos="X">от</wf>
         <instance id="d000.s5682.t000" lemma="село" pos="NOUN">село</instance>
         <wf lemma="съм" pos="X">съм</wf>
         <wf lemma="." pos="X">.</wf>
      </sentence>
      <sentence id="d000.s5683" source="wordnet-bulgarian">
         <instance id="d000.s5683.t000" lemma="опровержение" pos="NOUN">опровержение</instance>
         <wf lemma="на" pos="X">на</wf>
         <wf lemma="изнесени" pos="X">изнесени</wf>
         <wf lemma="данни" pos="X">данни</wf>
         <wf lemma="." pos="X">.</wf>
      </sentence>
      <sentence id="d000.s5684" source="wordnet-bulgarian">
         <instance id="d000.s5684.t000" lemma="вълк" pos="NOUN">Вълкът</instance>
         <wf lemma="козината" pos="X">козината</wf>
         <wf lemma="си" pos="X">си</wf>
         <wf lemma="мени" pos="X">мени</wf>
         <wf lemma="," pos="X">,</wf>
         <wf lemma="но" pos="X">но</wf>
         <wf lemma="нрава" pos="X">нрава</wf>
         <wf lemma="не" pos="X">не</wf>
         <wf lemma="." pos="X">.</wf>
      </sentence>
      <sentence id="d000.s5685" source="wordnet-bulgarian">
         <wf lemma="законите" pos="X">законите</wf>
         <wf lemma="на" pos="X">на</wf>
         <instance id="d000.s5685.t000" lemma="природа" pos="NOUN">природата</instance>
         <wf lemma="." pos="X">.</wf>
      </sentence>
      <sentence id="d000.s5686" source="wordnet-bulgarian">
         <instance id="d000.s5686.t000" lemma="паркирам" pos="VERB">паркирам</instance>
         <wf lemma="пред." pos="X">пред.</wf>
      </sentence>
      <sentence id="d000.s5687" source="wordnet-bulgarian">
         <wf lemma="От" pos="X">От</wf>
         <instance id="d000.s5687.t000" lemma="балкан" pos="NOUN">балкана</instance>
         <wf lemma="задуха" pos="X">задуха</wf>
         <wf lemma="лек" pos="X">лек</wf>
         <wf lemma="ветрец" pos="X">ветрец</wf>
         <wf lemma="." pos="X">.</wf>
      </sentence>
      <sentence id="d000.s5688" source="wordnet-bulgarian">
         <wf lemma="голям" pos="X">голям</wf>
         <instance id="d000.s5688.t000" lemma="бюджет" pos="NOUN">бюджет</instance>
         <wf lemma="." pos="X">.</wf>
      </sentence>
      <sentence id="d000.s5689" source="wordnet-bulgarian">
         <wf lemma="улично" pos="X">улично</wf>
         <instance id="d000.s5689.t000" lemma="куче" pos="NOUN">куче</instance>
         <wf lemma="." pos="X">.</wf>
      </sentence>
      <sentence id="d000.s5690" source="wordnet-bulgarian">
         <wf lemma="апелативен" pos="X">апелативен</wf>
         <instance id="d000.s5690.t000" lemma="съд" pos="NOUN">съд</instance>
         <wf lemma="." pos="X">.</wf>
      </sentence>
      <sentence id="d000.s5691" source="wordnet-bulgarian">
         <instance id="d000.s5691.t000" lemma="преглътна" pos="VERB">Преглътнах</instance>
         <wf lemma="обидата" pos="X">обидата</wf>
         <wf lemma="." pos="X">.</wf>
      </sentence>
      <sentence id="d000.s5692" source="wordnet-bulgarian">
         <wf lemma="Редакцията" pos="X">Редакцията</wf>
         <wf lemma="е" pos="X">е</wf>
         <wf lemma="разтревожена" pos="X">разтревожена</wf>
         <wf lemma="от" pos="X">от</wf>
         <wf lemma="създаването" pos="X">създаването</wf>
         <wf lemma="на" pos="X">на</wf>
         <wf lemma="атмосфера" pos="X">атмосфера</wf>
         <wf lemma="на" pos="X">на</wf>
         <instance id="d000.s5692.t000" lemma="враждебност" pos="NOUN">враждебност</instance>
         <wf lemma="," pos="X">,</wf>
         <wf lemma="заплахи" pos="X">заплахи</wf>
         <wf lemma="и" pos="X">и</wf>
         <wf lemma="посегателства" pos="X">посегателства</wf>
         <wf lemma="срещу" pos="X">срещу</wf>
         <wf lemma="български" pos="X">български</wf>
         <wf lemma="журналисти" pos="X">журналисти</wf>
         <wf lemma="." pos="X">.</wf>
      </sentence>
      <sentence id="d000.s5693" source="wordnet-bulgarian">
         <wf lemma="Прочетох" pos="X">Прочетох</wf>
         <wf lemma="внимателно" pos="X">внимателно</wf>
         <wf lemma="краткия" pos="X">краткия</wf>
         <instance id="d000.s5693.t000" lemma="текст" pos="NOUN">текст</instance>
         <wf lemma="," pos="X">,</wf>
         <wf lemma="но" pos="X">но</wf>
         <wf lemma="нищо" pos="X">нищо</wf>
         <wf lemma="не" pos="X">не</wf>
         <wf lemma="разбрах" pos="X">разбрах</wf>
         <wf lemma="." pos="X">.</wf>
      </sentence>
      <sentence id="d000.s5694" source="wordnet-bulgarian">
         <wf lemma="великденско" pos="X">великденско</wf>
         <instance id="d000.s5694.t000" lemma="яйце" pos="NOUN">яйце</instance>
         <wf lemma="." pos="X">.</wf>
      </sentence>
      <sentence id="d000.s5695" source="wordnet-bulgarian">
         <wf lemma="Трябва" pos="X">Трябва</wf>
         <wf lemma="да" pos="X">да</wf>
         <instance id="d000.s5695.t000" lemma="задраскам" pos="VERB">задраскаш</instance>
         <wf lemma="тия" pos="X">тия</wf>
         <wf lemma="думи" pos="X">думи</wf>
         <wf lemma="." pos="X">.</wf>
      </sentence>
      <sentence id="d000.s5696" source="wordnet-bulgarian">
         <wf lemma="Днес" pos="X">Днес</wf>
         <instance id="d000.s5696.t000" lemma="публикувам" pos="VERB">публикуваха</instance>
         <wf lemma="статията" pos="X">статията</wf>
         <wf lemma="ми" pos="X">ми</wf>
         <wf lemma="във" pos="X">във</wf>
         <wf lemma="вестника" pos="X">вестника</wf>
         <wf lemma="." pos="X">.</wf>
      </sentence>
      <sentence id="d000.s5697" source="wordnet-bulgarian">
         <instance id="d000.s5697.t000" lemma="подарявам" pos="VERB">подарявам</instance>
         <wf lemma="книга" pos="X">книга</wf>
         <wf lemma="." pos="X">.</wf>
      </sentence>
      <sentence id="d000.s5698" source="wordnet-bulgarian">
         <wf lemma="земна" pos="X">земна</wf>
         <instance id="d000.s5698.t000" lemma="атмосфера" pos="NOUN">атмосфера</instance>
         <wf lemma="." pos="X">.</wf>
      </sentence>
      <sentence id="d000.s5699" source="wordnet-bulgarian">
         <instance id="d000.s5699.t000" lemma="жена" pos="NOUN">Жена</instance>
         <wf lemma="му" pos="X">му</wf>
         <wf lemma="е" pos="X">е</wf>
         <wf lemma="много" pos="X">много</wf>
         <wf lemma="проклета" pos="X">проклета</wf>
         <wf lemma="." pos="X">.</wf>
      </sentence>
      <sentence id="d000.s5700" source="wordnet-bulgarian">
         <wf lemma="експериментална" pos="X">експериментална</wf>
         <instance id="d000.s5700.t000" lemma="лаборатория" pos="NOUN">лаборатория</instance>
         <wf lemma="." pos="X">.</wf>
      </sentence>
      <sentence id="d000.s5701" source="wordnet-bulgarian">
         <wf lemma="право" pos="X">право</wf>
         <wf lemma="на" pos="X">на</wf>
         <instance id="d000.s5701.t000" lemma="образование" pos="NOUN">образование</instance>
         <wf lemma="." pos="X">.</wf>
      </sentence>
      <sentence id="d000.s5702" source="wordnet-bulgarian">
         <wf lemma="обявявам" pos="X">обявявам</wf>
         <instance id="d000.s5702.t000" lemma="банкрут" pos="NOUN">банкрут</instance>
         <wf lemma="." pos="X">.</wf>
      </sentence>
      <sentence id="d000.s5703" source="wordnet-bulgarian">
         <instance id="d000.s5703.t000" lemma="бера" pos="VERB">бера</instance>
         <wf lemma="гъби" pos="X">гъби</wf>
         <wf lemma="." pos="X">.</wf>
      </sentence>
      <sentence id="d000.s5704" source="wordnet-bulgarian">
         <wf lemma="в" pos="X">в</wf>
         <instance id="d000.s5704.t000" lemma="пот" pos="NOUN">пот</instance>
         <wf lemma="." pos="X">.</wf>
      </sentence>
      <sentence id="d000.s5705" source="wordnet-bulgarian">
         <wf lemma="добра" pos="X">добра</wf>
         <instance id="d000.s5705.t000" lemma="комбинация" pos="NOUN">комбинация</instance>
         <wf lemma="." pos="X">.</wf>
      </sentence>
      <sentence id="d000.s5706" source="wordnet-bulgarian">
         <wf lemma="маслодайна" pos="X">маслодайна</wf>
         <instance id="d000.s5706.t000" lemma="роза" pos="NOUN">роза</instance>
         <wf lemma="." pos="X">.</wf>
      </sentence>
      <sentence id="d000.s5707" source="wordnet-bulgarian">
         <wf lemma="Имаме" pos="X">Имаме</wf>
         <wf lemma="нов" pos="X">нов</wf>
         <instance id="d000.s5707.t000" lemma="шеф" pos="NOUN">шеф</instance>
         <wf lemma="." pos="X">.</wf>
      </sentence>
      <sentence id="d000.s5708" source="wordnet-bulgarian">
         <wf lemma="с" pos="X">с</wf>
         <wf lemma="цената" pos="X">цената</wf>
         <wf lemma="на" pos="X">на</wf>
         <wf lemma="много" pos="X">много</wf>
         <instance id="d000.s5708.t000" lemma="жертва" pos="NOUN">жертви</instance>
         <wf lemma="." pos="X">.</wf>
      </sentence>
      <sentence id="d000.s5709" source="wordnet-bulgarian">
         <wf lemma="Нямам" pos="X">Нямам</wf>
         <wf lemma="никави" pos="X">никави</wf>
         <instance id="d000.s5709.t000" lemma="връзка" pos="NOUN">връзки</instance>
         <wf lemma="." pos="X">.</wf>
      </sentence>
      <sentence id="d000.s5710" source="wordnet-bulgarian">
         <instance id="d000.s5710.t000" lemma="концентрирам" pos="VERB">Концентрирах</instance>
         <wf lemma="всичките" pos="X">всичките</wf>
         <wf lemma="си" pos="X">си</wf>
         <wf lemma="сили" pos="X">сили</wf>
         <wf lemma="върху" pos="X">върху</wf>
         <wf lemma="обучението" pos="X">обучението</wf>
         <wf lemma="." pos="X">.</wf>
      </sentence>
      <sentence id="d000.s5711" source="wordnet-bulgarian">
         <wf lemma="юношеска" pos="X">юношеска</wf>
         <instance id="d000.s5711.t000" lemma="възраст" pos="NOUN">възраст</instance>
         <wf lemma="." pos="X">.</wf>
      </sentence>
      <sentence id="d000.s5712" source="wordnet-bulgarian">
         <wf lemma="лек" pos="X">лек</wf>
         <instance id="d000.s5712.t000" lemma="вятър" pos="NOUN">вятър</instance>
         <wf lemma="." pos="X">.</wf>
      </sentence>
      <sentence id="d000.s5713" source="wordnet-bulgarian">
         <instance id="d000.s5713.t000" lemma="зрение" pos="NOUN">Зрението</instance>
         <wf lemma="ми" pos="X">ми</wf>
         <wf lemma="отслабва" pos="X">отслабва</wf>
         <wf lemma="." pos="X">.</wf>
      </sentence>
      <sentence id="d000.s5714" source="wordnet-bulgarian">
         <wf lemma="хапя" pos="X">хапя</wf>
         <wf lemma="си" pos="X">си</wf>
         <instance id="d000.s5714.t000" lemma="устна" pos="NOUN">устните</instance>
         <wf lemma="." pos="X">.</wf>
      </sentence>
      <sentence id="d000.s5715" source="wordnet-bulgarian">
         <wf lemma="Ботев" pos="X">Ботев</wf>
         <instance id="d000.s5715.t000" lemma="победя" pos="VERB">победи</instance>
         <wf lemma="Левски" pos="X">Левски</wf>
         <wf lemma="в" pos="X">в</wf>
         <wf lemma="първия" pos="X">първия</wf>
         <wf lemma="кръг" pos="X">кръг</wf>
         <wf lemma="от" pos="X">от</wf>
         <wf lemma="футболното" pos="X">футболното</wf>
         <wf lemma="първенство" pos="X">първенство</wf>
         <wf lemma="." pos="X">.</wf>
      </sentence>
      <sentence id="d000.s5716" source="wordnet-bulgarian">
         <wf lemma="висше" pos="X">висше</wf>
         <instance id="d000.s5716.t000" lemma="образование" pos="NOUN">образование</instance>
         <wf lemma="." pos="X">.</wf>
      </sentence>
      <sentence id="d000.s5717" source="wordnet-bulgarian">
         <wf lemma="богато" pos="X">богато</wf>
         <instance id="d000.s5717.t000" lemma="въображение" pos="NOUN">въображение</instance>
         <wf lemma="." pos="X">.</wf>
      </sentence>
      <sentence id="d000.s5718" source="wordnet-bulgarian">
         <wf lemma="пламенна" pos="X">пламенна</wf>
         <instance id="d000.s5718.t000" lemma="молитва" pos="NOUN">молитва</instance>
         <wf lemma="." pos="X">.</wf>
      </sentence>
      <sentence id="d000.s5719" source="wordnet-bulgarian">
         <instance id="d000.s5719.t000" lemma="снимка" pos="NOUN">Снимките</instance>
         <wf lemma="са" pos="X">са</wf>
         <wf lemma="от" pos="X">от</wf>
         <wf lemma="морето" pos="X">морето</wf>
         <wf lemma="." pos="X">.</wf>
      </sentence>
      <sentence id="d000.s5720" source="wordnet-bulgarian">
         <wf lemma="Вдигам" pos="X">Вдигам</wf>
         <instance id="d000.s5720.t000" lemma="пушка" pos="NOUN">пушката</instance>
         <wf lemma="и" pos="X">и</wf>
         <wf lemma="стрелям" pos="X">стрелям</wf>
         <wf lemma="." pos="X">.</wf>
      </sentence>
      <sentence id="d000.s5721" source="wordnet-bulgarian">
         <wf lemma="Профсъюзите" pos="X">Профсъюзите</wf>
         <wf lemma="организират" pos="X">организират</wf>
         <instance id="d000.s5721.t000" lemma="протест" pos="NOUN">протест</instance>
         <wf lemma="в" pos="X">в</wf>
         <wf lemma="неделя" pos="X">неделя</wf>
         <wf lemma="." pos="X">.</wf>
      </sentence>
      <sentence id="d000.s5722" source="wordnet-bulgarian">
         <wf lemma="сънувам" pos="X">сънувам</wf>
         <instance id="d000.s5722.t000" lemma="сън" pos="NOUN">сън</instance>
         <wf lemma="." pos="X">.</wf>
      </sentence>
      <sentence id="d000.s5723" source="wordnet-bulgarian">
         <wf lemma="типово" pos="X">типово</wf>
         <instance id="d000.s5723.t000" lemma="брашно" pos="NOUN">брашно</instance>
         <wf lemma="." pos="X">.</wf>
      </sentence>
      <sentence id="d000.s5724" source="wordnet-bulgarian">
         <wf lemma="В" pos="X">В</wf>
         <wf lemma="огнището" pos="X">огнището</wf>
         <wf lemma="пушеха" pos="X">пушеха</wf>
         <wf lemma="последните" pos="X">последните</wf>
         <wf lemma="недогорели" pos="X">недогорели</wf>
         <instance id="d000.s5724.t000" lemma="въглен" pos="NOUN">въглени</instance>
         <wf lemma="." pos="X">.</wf>
      </sentence>
      <sentence id="d000.s5725" source="wordnet-bulgarian">
         <wf lemma="имам" pos="X">имам</wf>
         <instance id="d000.s5725.t000" lemma="задача" pos="NOUN">задача</instance>
         <wf lemma="да" pos="X">да</wf>
         <wf lemma="." pos="X">.</wf>
      </sentence>
      <sentence id="d000.s5726" source="wordnet-bulgarian">
         <wf lemma="имам" pos="X">имам</wf>
         <instance id="d000.s5726.t000" lemma="познание" pos="NOUN">познания</instance>
         <wf lemma="." pos="X">.</wf>
      </sentence>
      <sentence id="d000.s5727" source="wordnet-bulgarian">
         <wf lemma="писмена" pos="X">писмена</wf>
         <instance id="d000.s5727.t000" lemma="забележка" pos="NOUN">забележка</instance>
         <wf lemma="." pos="X">.</wf>
      </sentence>
      <sentence id="d000.s5728" source="wordnet-bulgarian">
         <wf lemma="В" pos="X">В</wf>
         <wf lemma="моя" pos="X">моя</wf>
         <instance id="d000.s5728.t000" lemma="дом" pos="NOUN">дом</instance>
         <wf lemma="има" pos="X">има</wf>
         <wf lemma="много" pos="X">много</wf>
         <wf lemma="цветя" pos="X">цветя</wf>
         <wf lemma="." pos="X">.</wf>
      </sentence>
      <sentence id="d000.s5729" source="wordnet-bulgarian">
         <wf lemma="на" pos="X">на</wf>
         <instance id="d000.s5729.t000" lemma="полюс" pos="NOUN">полюса</instance>
         <wf lemma="." pos="X">.</wf>
      </sentence>
      <sentence id="d000.s5730" source="wordnet-bulgarian">
         <instance id="d000.s5730.t000" lemma="опаковам" pos="VERB">опаковам</instance>
         <wf lemma="подарък" pos="X">подарък</wf>
         <wf lemma="." pos="X">.</wf>
      </sentence>
      <sentence id="d000.s5731" source="wordnet-bulgarian">
         <wf lemma="макаронени" pos="X">макаронени</wf>
         <instance id="d000.s5731.t000" lemma="изделие" pos="NOUN">изделия</instance>
         <wf lemma="." pos="X">.</wf>
      </sentence>
      <sentence id="d000.s5732" source="wordnet-bulgarian">
         <wf lemma="състезание" pos="X">състезание</wf>
         <wf lemma="за" pos="X">за</wf>
         <instance id="d000.s5732.t000" lemma="първенство" pos="NOUN">първенство</instance>
         <wf lemma="." pos="X">.</wf>
      </sentence>
      <sentence id="d000.s5733" source="wordnet-bulgarian">
         <wf lemma="чукам" pos="X">чукам</wf>
         <wf lemma="на" pos="X">на</wf>
         <instance id="d000.s5733.t000" lemma="врата" pos="NOUN">вратата</instance>
         <wf lemma="." pos="X">.</wf>
      </sentence>
      <sentence id="d000.s5734" source="wordnet-bulgarian">
         <wf lemma="добър" pos="X">добър</wf>
         <instance id="d000.s5734.t000" lemma="летец" pos="NOUN">летец</instance>
         <wf lemma="." pos="X">.</wf>
      </sentence>
      <sentence id="d000.s5735" source="wordnet-bulgarian">
         <wf lemma="имам" pos="X">имам</wf>
         <wf lemma="много" pos="X">много</wf>
         <instance id="d000.s5735.t000" lemma="приятел" pos="NOUN">приятели</instance>
         <wf lemma="." pos="X">.</wf>
      </sentence>
      <sentence id="d000.s5736" source="wordnet-bulgarian">
         <wf lemma="Какво" pos="X">Какво</wf>
         <instance id="d000.s5736.t000" lemma="кимам" pos="VERB">кимаш</instance>
         <wf lemma="?" pos="X">?</wf>
      </sentence>
      <sentence id="d000.s5737" source="wordnet-bulgarian">
         <wf lemma="първа" pos="X">първа</wf>
         <instance id="d000.s5737.t000" lemma="помощ" pos="NOUN">помощ</instance>
         <wf lemma="." pos="X">.</wf>
      </sentence>
      <sentence id="d000.s5738" source="wordnet-bulgarian">
         <wf lemma="дамски" pos="X">дамски</wf>
         <instance id="d000.s5738.t000" lemma="костюм" pos="NOUN">костюм</instance>
         <wf lemma="." pos="X">.</wf>
      </sentence>
      <sentence id="d000.s5739" source="wordnet-bulgarian">
         <wf lemma="цветна" pos="X">цветна</wf>
         <instance id="d000.s5739.t000" lemma="леха" pos="NOUN">леха</instance>
         <wf lemma="." pos="X">.</wf>
      </sentence>
      <sentence id="d000.s5740" source="wordnet-bulgarian">
         <wf lemma="лошо" pos="X">лошо</wf>
         <instance id="d000.s5740.t000" lemma="време" pos="NOUN">време</instance>
         <wf lemma="." pos="X">.</wf>
      </sentence>
      <sentence id="d000.s5741" source="wordnet-bulgarian">
         <wf lemma="Няма" pos="X">Няма</wf>
         <wf lemma="никакви" pos="X">никакви</wf>
         <instance id="d000.s5741.t000" lemma="остатък" pos="NOUN">остатъци</instance>
         <wf lemma="от" pos="X">от</wf>
         <wf lemma="храна" pos="X">храна</wf>
         <wf lemma="." pos="X">.</wf>
      </sentence>
      <sentence id="d000.s5742" source="wordnet-bulgarian">
         <instance id="d000.s5742.t000" lemma="потребител" pos="NOUN">Потребителите</instance>
         <wf lemma="на" pos="X">на</wf>
         <wf lemma="екохрани" pos="X">екохрани</wf>
         <wf lemma="се" pos="X">се</wf>
         <wf lemma="увеличиха" pos="X">увеличиха</wf>
         <wf lemma="значително" pos="X">значително</wf>
         <wf lemma="." pos="X">.</wf>
      </sentence>
      <sentence id="d000.s5743" source="wordnet-bulgarian">
         <wf lemma="увреден" pos="X">увреден</wf>
         <instance id="d000.s5743.t000" lemma="орган" pos="NOUN">орган</instance>
         <wf lemma="." pos="X">.</wf>
      </sentence>
      <sentence id="d000.s5744" source="wordnet-bulgarian">
         <wf lemma="Теоретична" pos="X">Теоретична</wf>
         <instance id="d000.s5744.t000" lemma="физика" pos="NOUN">физика</instance>
         <wf lemma="." pos="X">.</wf>
      </sentence>
      <sentence id="d000.s5745" source="wordnet-bulgarian">
         <wf lemma="първи" pos="X">първи</wf>
         <instance id="d000.s5745.t000" lemma="братовчед" pos="NOUN">братовчед</instance>
         <wf lemma="." pos="X">.</wf>
      </sentence>
      <sentence id="d000.s5746" source="wordnet-bulgarian">
         <wf lemma="член" pos="X">член</wf>
         <wf lemma="на" pos="X">на</wf>
         <instance id="d000.s5746.t000" lemma="кабинет" pos="NOUN">кабинета</instance>
         <wf lemma="на" pos="X">на</wf>
         <wf lemma="." pos="X">.</wf>
      </sentence>
      <sentence id="d000.s5747" source="wordnet-bulgarian">
         <wf lemma="кълбести" pos="X">кълбести</wf>
         <instance id="d000.s5747.t000" lemma="облак" pos="NOUN">облаци</instance>
         <wf lemma="." pos="X">.</wf>
      </sentence>
      <sentence id="d000.s5748" source="wordnet-bulgarian">
         <instance id="d000.s5748.t000" lemma="увеличение" pos="NOUN">увеличение</instance>
         <wf lemma="на" pos="X">на</wf>
         <wf lemma="заплатите" pos="X">заплатите</wf>
         <wf lemma="." pos="X">.</wf>
      </sentence>
      <sentence id="d000.s5749" source="wordnet-bulgarian">
         <instance id="d000.s5749.t000" lemma="природен" pos="ADJ">природна</instance>
         <wf lemma="среда" pos="X">среда</wf>
         <wf lemma="." pos="X">.</wf>
      </sentence>
      <sentence id="d000.s5750" source="wordnet-bulgarian">
         <instance id="d000.s5750.t000" lemma="жилище" pos="NOUN">жилище</instance>
         <wf lemma="в" pos="X">в</wf>
         <wf lemma="провинцията" pos="X">провинцията</wf>
         <wf lemma="." pos="X">.</wf>
      </sentence>
      <sentence id="d000.s5751" source="wordnet-bulgarian">
         <wf lemma="затварям" pos="X">затварям</wf>
         <instance id="d000.s5751.t000" lemma="буркан" pos="NOUN">буркан</instance>
         <wf lemma="." pos="X">.</wf>
      </sentence>
      <sentence id="d000.s5752" source="wordnet-bulgarian">
         <wf lemma="правя" pos="X">правя</wf>
         <instance id="d000.s5752.t000" lemma="предложение" pos="NOUN">предложение</instance>
         <wf lemma="на" pos="X">на</wf>
         <wf lemma="." pos="X">.</wf>
      </sentence>
      <sentence id="d000.s5753" source="wordnet-bulgarian">
         <wf lemma="паля" pos="X">паля</wf>
         <wf lemma="цигара" pos="X">цигара</wf>
         <wf lemma="със" pos="X">със</wf>
         <instance id="d000.s5753.t000" lemma="запалка" pos="NOUN">запалка</instance>
         <wf lemma="." pos="X">.</wf>
      </sentence>
      <sentence id="d000.s5754" source="wordnet-bulgarian">
         <wf lemma="автоматична" pos="X">автоматична</wf>
         <instance id="d000.s5754.t000" lemma="машина" pos="NOUN">машина</instance>
         <wf lemma="." pos="X">.</wf>
      </sentence>
      <sentence id="d000.s5755" source="wordnet-bulgarian">
         <wf lemma="за" pos="X">за</wf>
         <wf lemma="лична" pos="X">лична</wf>
         <instance id="d000.s5755.t000" lemma="консумация" pos="NOUN">консумация</instance>
         <wf lemma="." pos="X">.</wf>
      </sentence>
      <sentence id="d000.s5756" source="wordnet-bulgarian">
         <wf lemma="чувство" pos="X">чувство</wf>
         <wf lemma="за" pos="X">за</wf>
         <instance id="d000.s5756.t000" lemma="ориентация" pos="NOUN">ориентация</instance>
         <wf lemma="." pos="X">.</wf>
      </sentence>
      <sentence id="d000.s5757" source="wordnet-bulgarian">
         <wf lemma="товарен" pos="X">товарен</wf>
         <instance id="d000.s5757.t000" lemma="асансьор" pos="NOUN">асансьор</instance>
         <wf lemma="." pos="X">.</wf>
      </sentence>
      <sentence id="d000.s5758" source="wordnet-bulgarian">
         <instance id="d000.s5758.t000" lemma="жажда" pos="NOUN">жажда</instance>
         <wf lemma="за" pos="X">за</wf>
         <wf lemma="наука" pos="X">наука</wf>
         <wf lemma="." pos="X">.</wf>
      </sentence>
      <sentence id="d000.s5759" source="wordnet-bulgarian">
         <wf lemma="химическо" pos="X">химическо</wf>
         <instance id="d000.s5759.t000" lemma="взаимодействие" pos="NOUN">взаимодействие</instance>
         <wf lemma="." pos="X">.</wf>
      </sentence>
      <sentence id="d000.s5760" source="wordnet-bulgarian">
         <wf lemma="Отчитам" pos="X">Отчитам</wf>
         <wf lemma="всички" pos="X">всички</wf>
         <instance id="d000.s5760.t000" lemma="фактор" pos="NOUN">фактори</instance>
         <wf lemma="." pos="X">.</wf>
      </sentence>
      <sentence id="d000.s5761" source="wordnet-bulgarian">
         <instance id="d000.s5761.t000" lemma="стоя" pos="VERB">стоя</instance>
         <wf lemma="прав." pos="X">прав.</wf>
      </sentence>
      <sentence id="d000.s5762" source="wordnet-bulgarian">
         <wf lemma="отлична" pos="X">отлична</wf>
         <instance id="d000.s5762.t000" lemma="бележка" pos="NOUN">бележка</instance>
         <wf lemma="." pos="X">.</wf>
      </sentence>
      <sentence id="d000.s5763" source="wordnet-bulgarian">
         <wf lemma="смъртна" pos="X">смъртна</wf>
         <instance id="d000.s5763.t000" lemma="опасност" pos="NOUN">опасност</instance>
         <wf lemma="." pos="X">.</wf>
      </sentence>
      <sentence id="d000.s5764" source="wordnet-bulgarian">
         <instance id="d000.s5764.t000" lemma="крах" pos="NOUN">крах</instance>
         <wf lemma="на" pos="X">на</wf>
         <wf lemma="банка" pos="X">банка</wf>
         <wf lemma="." pos="X">.</wf>
      </sentence>
      <sentence id="d000.s5765" source="wordnet-bulgarian">
         <instance id="d000.s5765.t000" lemma="каруца" pos="NOUN">каруца</instance>
         <wf lemma="," pos="X">,</wf>
         <wf lemma="теглена" pos="X">теглена</wf>
         <wf lemma="от" pos="X">от</wf>
         <wf lemma="магаре" pos="X">магаре</wf>
         <wf lemma="." pos="X">.</wf>
      </sentence>
      <sentence id="d000.s5766" source="wordnet-bulgarian">
         <wf lemma="С" pos="X">С</wf>
         <instance id="d000.s5766.t000" lemma="търпение" pos="NOUN">търпение</instance>
         <wf lemma="всичко" pos="X">всичко</wf>
         <wf lemma="се" pos="X">се</wf>
         <wf lemma="постига" pos="X">постига</wf>
         <wf lemma="." pos="X">.</wf>
      </sentence>
      <sentence id="d000.s5767" source="wordnet-bulgarian">
         <wf lemma="приготвям" pos="X">приготвям</wf>
         <instance id="d000.s5767.t000" lemma="сладкиш" pos="NOUN">сладкиш</instance>
         <wf lemma="." pos="X">.</wf>
      </sentence>
      <sentence id="d000.s5768" source="wordnet-bulgarian">
         <instance id="d000.s5768.t000" lemma="касиер" pos="NOUN">касиер</instance>
         <wf lemma="в." pos="X">в.</wf>
      </sentence>
      <sentence id="d000.s5769" source="wordnet-bulgarian">
         <wf lemma="За" pos="X">За</wf>
         <wf lemma="да" pos="X">да</wf>
         <wf lemma="се" pos="X">се</wf>
         <wf lemma="претвори" pos="X">претвори</wf>
         <wf lemma="това" pos="X">това</wf>
         <wf lemma="решение" pos="X">решение</wf>
         <wf lemma="в" pos="X">в</wf>
         <wf lemma="държавническо" pos="X">държавническо</wf>
         <instance id="d000.s5769.t000" lemma="действие" pos="NOUN">действие</instance>
         <wf lemma="," pos="X">,</wf>
         <wf lemma="в" pos="X">в</wf>
         <wf lemma="което" pos="X">което</wf>
         <wf lemma="не" pos="X">не</wf>
         <wf lemma="може" pos="X">може</wf>
         <wf lemma="цялото" pos="X">цялото</wf>
         <wf lemma="общество" pos="X">общество</wf>
         <wf lemma="да" pos="X">да</wf>
         <wf lemma="участва" pos="X">участва</wf>
         <wf lemma="," pos="X">,</wf>
         <wf lemma="се" pos="X">се</wf>
         <wf lemma="поражда" pos="X">поражда</wf>
         <wf lemma="представителната" pos="X">представителната</wf>
         <wf lemma="демокрация" pos="X">демокрация</wf>
         <wf lemma="." pos="X">.</wf>
      </sentence>
      <sentence id="d000.s5770" source="wordnet-bulgarian">
         <wf lemma="получавам" pos="X">получавам</wf>
         <instance id="d000.s5770.t000" lemma="картичка" pos="NOUN">картичка</instance>
         <wf lemma="." pos="X">.</wf>
      </sentence>
      <sentence id="d000.s5771" source="wordnet-bulgarian">
         <instance id="d000.s5771.t000" lemma="рискувам" pos="VERB">Рискувам</instance>
         <wf lemma="да" pos="X">да</wf>
         <wf lemma="загубя" pos="X">загубя</wf>
         <wf lemma="." pos="X">.</wf>
      </sentence>
      <sentence id="d000.s5772" source="wordnet-bulgarian">
         <wf lemma="Какво" pos="X">Какво</wf>
         <wf lemma="ще" pos="X">ще</wf>
         <instance id="d000.s5772.t000" lemma="пия" pos="VERB">пиеш</instance>
         <wf lemma="?" pos="X">?</wf>
      </sentence>
      <sentence id="d000.s5773" source="wordnet-bulgarian">
         <wf lemma="правя" pos="X">правя</wf>
         <instance id="d000.s5773.t000" lemma="жертвоприношение" pos="NOUN">жертвоприношение</instance>
         <wf lemma="." pos="X">.</wf>
      </sentence>
      <sentence id="d000.s5774" source="wordnet-bulgarian">
         <wf lemma="самата" pos="X">самата</wf>
         <instance id="d000.s5774.t000" lemma="истина" pos="NOUN">истина</instance>
         <wf lemma="." pos="X">.</wf>
      </sentence>
      <sentence id="d000.s5775" source="wordnet-bulgarian">
         <instance id="d000.s5775.t000" lemma="повторение" pos="NOUN">повторение</instance>
         <wf lemma="на" pos="X">на</wf>
         <wf lemma="престъпление" pos="X">престъпление</wf>
         <wf lemma="." pos="X">.</wf>
      </sentence>
      <sentence id="d000.s5776" source="wordnet-bulgarian">
         <wf lemma="луксозна" pos="X">луксозна</wf>
         <instance id="d000.s5776.t000" lemma="баня" pos="NOUN">баня</instance>
         <wf lemma="." pos="X">.</wf>
      </sentence>
      <sentence id="d000.s5777" source="wordnet-bulgarian">
         <wf lemma="боксов" pos="X">боксов</wf>
         <instance id="d000.s5777.t000" lemma="ринг" pos="NOUN">ринг</instance>
         <wf lemma="." pos="X">.</wf>
      </sentence>
      <sentence id="d000.s5778" source="wordnet-bulgarian">
         <wf lemma="незараснала" pos="X">незараснала</wf>
         <instance id="d000.s5778.t000" lemma="рана" pos="NOUN">рана</instance>
         <wf lemma="." pos="X">.</wf>
      </sentence>
      <sentence id="d000.s5779" source="wordnet-bulgarian">
         <wf lemma="Тази" pos="X">Тази</wf>
         <wf lemma="старинна" pos="X">старинна</wf>
         <wf lemma="ваза" pos="X">ваза</wf>
         <wf lemma="не" pos="X">не</wf>
         <wf lemma="може" pos="X">може</wf>
         <wf lemma="да" pos="X">да</wf>
         <wf lemma="бъде" pos="X">бъде</wf>
         <instance id="d000.s5779.t000" lemma="заменя" pos="VERB">заменена</instance>
         <wf lemma="с" pos="X">с</wf>
         <wf lemma="нищо" pos="X">нищо</wf>
         <wf lemma="." pos="X">.</wf>
      </sentence>
      <sentence id="d000.s5780" source="wordnet-bulgarian">
         <wf lemma="история" pos="X">история</wf>
         <wf lemma="на" pos="X">на</wf>
         <instance id="d000.s5780.t000" lemma="изкуство" pos="NOUN">изкуството</instance>
         <wf lemma="." pos="X">.</wf>
      </sentence>
      <sentence id="d000.s5781" source="wordnet-bulgarian">
         <wf lemma="сиромашка" pos="X">сиромашка</wf>
         <instance id="d000.s5781.t000" lemma="орис" pos="NOUN">орис</instance>
         <wf lemma="." pos="X">.</wf>
      </sentence>
      <sentence id="d000.s5782" source="wordnet-bulgarian">
         <wf lemma="ползвам" pos="X">ползвам</wf>
         <wf lemma="се" pos="X">се</wf>
         <wf lemma="с" pos="X">с</wf>
         <instance id="d000.s5782.t000" lemma="имунитет" pos="NOUN">имунитет</instance>
         <wf lemma="." pos="X">.</wf>
      </sentence>
      <sentence id="d000.s5783" source="wordnet-bulgarian">
         <wf lemma="отвъд" pos="X">отвъд</wf>
         <instance id="d000.s5783.t000" lemma="граница" pos="NOUN">границата</instance>
         <wf lemma="." pos="X">.</wf>
      </sentence>
      <sentence id="d000.s5784" source="wordnet-bulgarian">
         <wf lemma="Пред" pos="X">Пред</wf>
         <wf lemma="него" pos="X">него</wf>
         <wf lemma="застана" pos="X">застана</wf>
         <wf lemma="младо" pos="X">младо</wf>
         <wf lemma="момиче" pos="X">момиче</wf>
         <wf lemma="със" pos="X">със</wf>
         <wf lemma="стройно" pos="X">стройно</wf>
         <instance id="d000.s5784.t000" lemma="тяло" pos="NOUN">тяло</instance>
         <wf lemma="и" pos="X">и</wf>
         <wf lemma="красиви" pos="X">красиви</wf>
         <wf lemma="крака" pos="X">крака</wf>
         <wf lemma="." pos="X">.</wf>
      </sentence>
      <sentence id="d000.s5785" source="wordnet-bulgarian">
         <wf lemma="свирепо" pos="X">свирепо</wf>
         <instance id="d000.s5785.t000" lemma="жертвоприношение" pos="NOUN">жертвоприношение</instance>
         <wf lemma="." pos="X">.</wf>
      </sentence>
      <sentence id="d000.s5786" source="wordnet-bulgarian">
         <wf lemma="азиатски" pos="X">азиатски</wf>
         <instance id="d000.s5786.t000" lemma="слон" pos="NOUN">слон</instance>
         <wf lemma="." pos="X">.</wf>
      </sentence>
      <sentence id="d000.s5787" source="wordnet-bulgarian">
         <instance id="d000.s5787.t000" lemma="кола" pos="NOUN">кола</instance>
         <wf lemma="с" pos="X">с</wf>
         <wf lemma="две" pos="X">две</wf>
         <wf lemma="врати" pos="X">врати</wf>
         <wf lemma="." pos="X">.</wf>
      </sentence>
      <sentence id="d000.s5788" source="wordnet-bulgarian">
         <wf lemma="помня" pos="X">помня</wf>
         <instance id="d000.s5788.t000" lemma="обещание" pos="NOUN">обещанието</instance>
         <wf lemma="си" pos="X">си</wf>
         <wf lemma="." pos="X">.</wf>
      </sentence>
      <sentence id="d000.s5789" source="wordnet-bulgarian">
         <instance id="d000.s5789.t000" lemma="пилея" pos="VERB">пилея</instance>
         <wf lemma="пари" pos="X">пари</wf>
         <wf lemma="." pos="X">.</wf>
      </sentence>
      <sentence id="d000.s5790" source="wordnet-bulgarian">
         <instance id="d000.s5790.t000" lemma="семка" pos="NOUN">семка</instance>
         <wf lemma="от" pos="X">от</wf>
         <wf lemma="ябълка" pos="X">ябълка</wf>
         <wf lemma="." pos="X">.</wf>
      </sentence>
      <sentence id="d000.s5791" source="wordnet-bulgarian">
         <wf lemma="с" pos="X">с</wf>
         <wf lemma="върха" pos="X">върха</wf>
         <wf lemma="на" pos="X">на</wf>
         <instance id="d000.s5791.t000" lemma="нож" pos="NOUN">ножа</instance>
         <wf lemma="." pos="X">.</wf>
      </sentence>
      <sentence id="d000.s5792" source="wordnet-bulgarian">
         <wf lemma="участвам" pos="X">участвам</wf>
         <wf lemma="в" pos="X">в</wf>
         <instance id="d000.s5792.t000" lemma="състезание" pos="NOUN">състезание</instance>
         <wf lemma="." pos="X">.</wf>
      </sentence>
      <sentence id="d000.s5793" source="wordnet-bulgarian">
         <wf lemma="Пеле" pos="X">Пеле</wf>
         <wf lemma="е" pos="X">е</wf>
         <instance id="d000.s5793.t000" lemma="играя" pos="VERB">играл</instance>
         <wf lemma="за" pos="X">за</wf>
         <wf lemma="бразилските" pos="X">бразилските</wf>
         <wf lemma="отбори" pos="X">отбори</wf>
         <wf lemma="в" pos="X">в</wf>
         <wf lemma="много" pos="X">много</wf>
         <wf lemma="важни" pos="X">важни</wf>
         <wf lemma="мачове" pos="X">мачове</wf>
         <wf lemma="." pos="X">.</wf>
      </sentence>
      <sentence id="d000.s5794" source="wordnet-bulgarian">
         <wf lemma="Министерски" pos="X">Министерски</wf>
         <instance id="d000.s5794.t000" lemma="съвет" pos="NOUN">съвет</instance>
         <wf lemma="." pos="X">.</wf>
      </sentence>
      <sentence id="d000.s5795" source="wordnet-bulgarian">
         <instance id="d000.s5795.t000" lemma="жилище" pos="NOUN">жилище</instance>
         <wf lemma="в" pos="X">в</wf>
         <wf lemma="краен" pos="X">краен</wf>
         <wf lemma="квартал" pos="X">квартал</wf>
         <wf lemma="." pos="X">.</wf>
      </sentence>
      <sentence id="d000.s5796" source="wordnet-bulgarian">
         <wf lemma="пълзящо" pos="X">пълзящо</wf>
         <instance id="d000.s5796.t000" lemma="растение" pos="NOUN">растение</instance>
         <wf lemma="." pos="X">.</wf>
      </sentence>
      <sentence id="d000.s5797" source="wordnet-bulgarian">
         <wf lemma="джазов" pos="X">джазов</wf>
         <instance id="d000.s5797.t000" lemma="оркестър" pos="NOUN">оркестър</instance>
         <wf lemma="." pos="X">.</wf>
      </sentence>
      <sentence id="d000.s5798" source="wordnet-bulgarian">
         <wf lemma="Една" pos="X">Една</wf>
         <wf lemma="изострена" pos="X">изострена</wf>
         <wf lemma="чувствителност" pos="X">чувствителност</wf>
         <wf lemma="изпълваше" pos="X">изпълваше</wf>
         <wf lemma="всеки" pos="X">всеки</wf>
         <instance id="d000.s5798.t000" lemma="нерв" pos="NOUN">нерв</instance>
         <wf lemma="," pos="X">,</wf>
         <wf lemma="всяка" pos="X">всяка</wf>
         <wf lemma="пора" pos="X">пора</wf>
         <wf lemma="на" pos="X">на</wf>
         <wf lemma="тялото" pos="X">тялото</wf>
         <wf lemma="ми" pos="X">ми</wf>
         <wf lemma="." pos="X">.</wf>
      </sentence>
      <sentence id="d000.s5799" source="wordnet-bulgarian">
         <wf lemma="садя" pos="X">садя</wf>
         <wf lemma="в" pos="X">в</wf>
         <instance id="d000.s5799.t000" lemma="саксия" pos="NOUN">саксия</instance>
         <wf lemma="." pos="X">.</wf>
      </sentence>
      <sentence id="d000.s5800" source="wordnet-bulgarian">
         <wf lemma="Много" pos="X">Много</wf>
         <wf lemma="фирми" pos="X">фирми</wf>
         <wf lemma="са" pos="X">са</wf>
         <wf lemma="със" pos="X">със</wf>
         <instance id="d000.s5800.t000" lemma="седалище" pos="NOUN">седалище</instance>
         <wf lemma="в" pos="X">в</wf>
         <wf lemma="София" pos="X">София</wf>
         <wf lemma="." pos="X">.</wf>
      </sentence>
      <sentence id="d000.s5801" source="wordnet-bulgarian">
         <wf lemma="Някои" pos="X">Някои</wf>
         <wf lemma="от" pos="X">от</wf>
         <instance id="d000.s5801.t000" lemma="паяк" pos="NOUN">паяците</instance>
         <wf lemma="са" pos="X">са</wf>
         <wf lemma="силно" pos="X">силно</wf>
         <wf lemma="отровни" pos="X">отровни</wf>
         <wf lemma="." pos="X">.</wf>
      </sentence>
      <sentence id="d000.s5802" source="wordnet-bulgarian">
         <wf lemma="Ще" pos="X">Ще</wf>
         <wf lemma="направим" pos="X">направим</wf>
         <wf lemma="малка" pos="X">малка</wf>
         <instance id="d000.s5802.t000" lemma="пауза" pos="NOUN">пауза</instance>
         <wf lemma="." pos="X">.</wf>
      </sentence>
      <sentence id="d000.s5803" source="wordnet-bulgarian">
         <wf lemma="дълъг" pos="X">дълъг</wf>
         <instance id="d000.s5803.t000" lemma="период" pos="NOUN">период</instance>
         <wf lemma="." pos="X">.</wf>
      </sentence>
      <sentence id="d000.s5804" source="wordnet-bulgarian">
         <wf lemma="пронизващ" pos="X">пронизващ</wf>
         <instance id="d000.s5804.t000" lemma="вятър" pos="NOUN">вятър</instance>
         <wf lemma="." pos="X">.</wf>
      </sentence>
      <sentence id="d000.s5805" source="wordnet-bulgarian">
         <instance id="d000.s5805.t000" lemma="изпит" pos="NOUN">изпит</instance>
         <wf lemma="по." pos="X">по.</wf>
      </sentence>
      <sentence id="d000.s5806" source="wordnet-bulgarian">
         <wf lemma="правя" pos="X">правя</wf>
         <instance id="d000.s5806.t000" lemma="сравнение" pos="NOUN">сравнение</instance>
         <wf lemma="." pos="X">.</wf>
      </sentence>
      <sentence id="d000.s5807" source="wordnet-bulgarian">
         <instance id="d000.s5807.t000" lemma="извор" pos="NOUN">извор</instance>
         <wf lemma="на" pos="X">на</wf>
         <wf lemma="самоувереност" pos="X">самоувереност</wf>
         <wf lemma="." pos="X">.</wf>
      </sentence>
      <sentence id="d000.s5808" source="wordnet-bulgarian">
         <wf lemma="богата" pos="X">богата</wf>
         <instance id="d000.s5808.t000" lemma="библиотека" pos="NOUN">библиотека</instance>
         <wf lemma="." pos="X">.</wf>
      </sentence>
      <sentence id="d000.s5809" source="wordnet-bulgarian">
         <wf lemma="увеличавам" pos="X">увеличавам</wf>
         <instance id="d000.s5809.t000" lemma="скорост" pos="NOUN">скоростта</instance>
         <wf lemma="." pos="X">.</wf>
      </sentence>
      <sentence id="d000.s5810" source="wordnet-bulgarian">
         <wf lemma="Този" pos="X">Този</wf>
         <wf lemma="феномен" pos="X">феномен</wf>
         <wf lemma="със" pos="X">със</wf>
         <wf lemma="сигурност" pos="X">сигурност</wf>
         <wf lemma="има" pos="X">има</wf>
         <wf lemma="своето" pos="X">своето</wf>
         <instance id="d000.s5810.t000" lemma="обяснение" pos="NOUN">обяснение</instance>
         <wf lemma="." pos="X">.</wf>
      </sentence>
      <sentence id="d000.s5811" source="wordnet-bulgarian">
         <wf lemma="изключвам" pos="X">изключвам</wf>
         <wf lemma="от" pos="X">от</wf>
         <instance id="d000.s5811.t000" lemma="партия" pos="NOUN">партия</instance>
         <wf lemma="." pos="X">.</wf>
      </sentence>
      <sentence id="d000.s5812" source="wordnet-bulgarian">
         <wf lemma="при" pos="X">при</wf>
         <wf lemma="тези" pos="X">тези</wf>
         <instance id="d000.s5812.t000" lemma="обстоятелство" pos="NOUN">обстоятелства</instance>
         <wf lemma="." pos="X">.</wf>
      </sentence>
      <sentence id="d000.s5813" source="wordnet-bulgarian">
         <wf lemma="студен" pos="X">студен</wf>
         <instance id="d000.s5813.t000" lemma="климат" pos="NOUN">климат</instance>
         <wf lemma="." pos="X">.</wf>
      </sentence>
      <sentence id="d000.s5814" source="wordnet-bulgarian">
         <instance id="d000.s5814.t000" lemma="сърце" pos="NOUN">Сърцето</instance>
         <wf lemma="му" pos="X">му</wf>
         <wf lemma="бие" pos="X">бие</wf>
         <wf lemma="силно" pos="X">силно</wf>
         <wf lemma="." pos="X">.</wf>
      </sentence>
      <sentence id="d000.s5815" source="wordnet-bulgarian">
         <wf lemma="играя" pos="X">играя</wf>
         <instance id="d000.s5815.t000" lemma="роля" pos="NOUN">роля</instance>
         <wf lemma="." pos="X">.</wf>
      </sentence>
      <sentence id="d000.s5816" source="wordnet-bulgarian">
         <instance id="d000.s5816.t000" lemma="капка" pos="NOUN">капка</instance>
         <wf lemma="дъжд" pos="X">дъжд</wf>
         <wf lemma="." pos="X">.</wf>
      </sentence>
      <sentence id="d000.s5817" source="wordnet-bulgarian">
         <wf lemma="бал" pos="X">бал</wf>
         <wf lemma="с" pos="X">с</wf>
         <instance id="d000.s5817.t000" lemma="маска" pos="NOUN">маски</instance>
         <wf lemma="." pos="X">.</wf>
      </sentence>
      <sentence id="d000.s5818" source="wordnet-bulgarian">
         <instance id="d000.s5818.t000" lemma="костюм" pos="NOUN">костюм</instance>
         <wf lemma="на" pos="X">на</wf>
         <wf lemma="Батман" pos="X">Батман</wf>
         <wf lemma="." pos="X">.</wf>
      </sentence>
      <sentence id="d000.s5819" source="wordnet-bulgarian">
         <wf lemma="без" pos="X">без</wf>
         <instance id="d000.s5819.t000" lemma="каска" pos="NOUN">каска</instance>
         <wf lemma="." pos="X">.</wf>
      </sentence>
      <sentence id="d000.s5820" source="wordnet-bulgarian">
         <instance id="d000.s5820.t000" lemma="отглеждам" pos="VERB">отглеждам</instance>
         <wf lemma="кучета" pos="X">кучета</wf>
         <wf lemma="." pos="X">.</wf>
      </sentence>
      <sentence id="d000.s5821" source="wordnet-bulgarian">
         <wf lemma="в" pos="X">в</wf>
         <wf lemma="края" pos="X">края</wf>
         <wf lemma="на" pos="X">на</wf>
         <instance id="d000.s5821.t000" lemma="седмица" pos="NOUN">седмицата</instance>
         <wf lemma="." pos="X">.</wf>
      </sentence>
      <sentence id="d000.s5822" source="wordnet-bulgarian">
         <instance id="d000.s5822.t000" lemma="посещение" pos="NOUN">посещение</instance>
         <wf lemma="при." pos="X">при.</wf>
      </sentence>
      <sentence id="d000.s5823" source="wordnet-bulgarian">
         <instance id="d000.s5823.t000" lemma="мизерия" pos="NOUN">Мизерията</instance>
         <wf lemma="в" pos="X">в</wf>
         <wf lemma="този" pos="X">този</wf>
         <wf lemma="дом" pos="X">дом</wf>
         <wf lemma="го" pos="X">го</wf>
         <wf lemma="ужаси" pos="X">ужаси</wf>
         <wf lemma="." pos="X">.</wf>
      </sentence>
      <sentence id="d000.s5824" source="wordnet-bulgarian">
         <wf lemma="чувство" pos="X">чувство</wf>
         <wf lemma="на" pos="X">на</wf>
         <instance id="d000.s5824.t000" lemma="задоволство" pos="NOUN">задоволство</instance>
         <wf lemma="." pos="X">.</wf>
      </sentence>
      <sentence id="d000.s5825" source="wordnet-bulgarian">
         <wf lemma="мелодична" pos="X">мелодична</wf>
         <instance id="d000.s5825.t000" lemma="нота" pos="NOUN">нота</instance>
         <wf lemma="." pos="X">.</wf>
      </sentence>
      <sentence id="d000.s5826" source="wordnet-bulgarian">
         <wf lemma="праисторическа" pos="X">праисторическа</wf>
         <instance id="d000.s5826.t000" lemma="епоха" pos="NOUN">епоха</instance>
         <wf lemma="." pos="X">.</wf>
      </sentence>
      <sentence id="d000.s5827" source="wordnet-bulgarian">
         <wf lemma="червена" pos="X">червена</wf>
         <wf lemma="тухлена" pos="X">тухлена</wf>
         <instance id="d000.s5827.t000" lemma="ограда" pos="NOUN">ограда</instance>
         <wf lemma="." pos="X">.</wf>
      </sentence>
      <sentence id="d000.s5828" source="wordnet-bulgarian">
         <wf lemma="танцувам" pos="X">танцувам</wf>
         <wf lemma="в" pos="X">в</wf>
         <instance id="d000.s5828.t000" lemma="дискотека" pos="NOUN">дискотека</instance>
         <wf lemma="." pos="X">.</wf>
      </sentence>
      <sentence id="d000.s5829" source="wordnet-bulgarian">
         <wf lemma="красиви" pos="X">красиви</wf>
         <instance id="d000.s5829.t000" lemma="черта" pos="NOUN">черти</instance>
         <wf lemma="." pos="X">.</wf>
      </sentence>
      <sentence id="d000.s5830" source="wordnet-bulgarian">
         <wf lemma="нов" pos="X">нов</wf>
         <instance id="d000.s5830.t000" lemma="продукт" pos="NOUN">продукт</instance>
         <wf lemma="на" pos="X">на</wf>
         <wf lemma="пазара" pos="X">пазара</wf>
         <wf lemma="." pos="X">.</wf>
      </sentence>
      <sentence id="d000.s5831" source="wordnet-bulgarian">
         <wf lemma="Солената" pos="X">Солената</wf>
         <wf lemma="вода" pos="X">вода</wf>
         <wf lemma="мъчно" pos="X">мъчно</wf>
         <instance id="d000.s5831.t000" lemma="замръзвам" pos="VERB">замръзва</instance>
         <wf lemma="." pos="X">.</wf>
      </sentence>
      <sentence id="d000.s5832" source="wordnet-bulgarian">
         <wf lemma="От" pos="X">От</wf>
         <instance id="d000.s5832.t000" lemma="болница" pos="NOUN">болницата</instance>
         <wf lemma="казаха" pos="X">казаха</wf>
         <wf lemma="," pos="X">,</wf>
         <wf lemma="че" pos="X">че</wf>
         <wf lemma="той" pos="X">той</wf>
         <wf lemma="ще" pos="X">ще</wf>
         <wf lemma="се" pos="X">се</wf>
         <wf lemma="оправи" pos="X">оправи</wf>
         <wf lemma="." pos="X">.</wf>
      </sentence>
      <sentence id="d000.s5833" source="wordnet-bulgarian">
         <wf lemma="убедителна" pos="X">убедителна</wf>
         <instance id="d000.s5833.t000" lemma="аргументация" pos="NOUN">аргументация</instance>
         <wf lemma="." pos="X">.</wf>
      </sentence>
      <sentence id="d000.s5834" source="wordnet-bulgarian">
         <wf lemma="слухова" pos="X">слухова</wf>
         <instance id="d000.s5834.t000" lemma="памет" pos="NOUN">памет</instance>
         <wf lemma="." pos="X">.</wf>
      </sentence>
      <sentence id="d000.s5835" source="wordnet-bulgarian">
         <instance id="d000.s5835.t000" lemma="принцип" pos="NOUN">принципи</instance>
         <wf lemma="на" pos="X">на</wf>
         <wf lemma="демокрацията" pos="X">демокрацията</wf>
         <wf lemma="." pos="X">.</wf>
      </sentence>
      <sentence id="d000.s5836" source="wordnet-bulgarian">
         <wf lemma="национален" pos="X">национален</wf>
         <instance id="d000.s5836.t000" lemma="маратон" pos="NOUN">маратон</instance>
         <wf lemma="." pos="X">.</wf>
      </sentence>
      <sentence id="d000.s5837" source="wordnet-bulgarian">
         <instance id="d000.s5837.t000" lemma="преход" pos="NOUN">преход</instance>
         <wf lemma="към" pos="X">към</wf>
         <wf lemma="пазарна" pos="X">пазарна</wf>
         <wf lemma="икономика" pos="X">икономика</wf>
         <wf lemma="." pos="X">.</wf>
      </sentence>
      <sentence id="d000.s5838" source="wordnet-bulgarian">
         <wf lemma="парно" pos="X">парно</wf>
         <instance id="d000.s5838.t000" lemma="отопление" pos="NOUN">отопление</instance>
         <wf lemma="." pos="X">.</wf>
      </sentence>
      <sentence id="d000.s5839" source="wordnet-bulgarian">
         <wf lemma="кръшно" pos="X">кръшно</wf>
         <instance id="d000.s5839.t000" lemma="тяло" pos="NOUN">тяло</instance>
         <wf lemma="." pos="X">.</wf>
      </sentence>
      <sentence id="d000.s5840" source="wordnet-bulgarian">
         <wf lemma="физично" pos="X">физично</wf>
         <instance id="d000.s5840.t000" lemma="явление" pos="NOUN">явление</instance>
         <wf lemma="." pos="X">.</wf>
      </sentence>
      <sentence id="d000.s5841" source="wordnet-bulgarian">
         <wf lemma="мъжко" pos="X">мъжко</wf>
         <instance id="d000.s5841.t000" lemma="бельо" pos="NOUN">бельо</instance>
         <wf lemma="." pos="X">.</wf>
      </sentence>
      <sentence id="d000.s5842" source="wordnet-bulgarian">
         <wf lemma="анонимно" pos="X">анонимно</wf>
         <instance id="d000.s5842.t000" lemma="писмо" pos="NOUN">писмо</instance>
         <wf lemma="." pos="X">.</wf>
      </sentence>
      <sentence id="d000.s5843" source="wordnet-bulgarian">
         <wf lemma="С" pos="X">С</wf>
         <wf lemma="възрастта" pos="X">възрастта</wf>
         <wf lemma="неговите" pos="X">неговите</wf>
         <instance id="d000.s5843.t000" lemma="реакция" pos="NOUN">реакции</instance>
         <wf lemma="се" pos="X">се</wf>
         <wf lemma="забавиха" pos="X">забавиха</wf>
         <wf lemma="." pos="X">.</wf>
      </sentence>
      <sentence id="d000.s5844" source="wordnet-bulgarian">
         <wf lemma="Преди" pos="X">Преди</wf>
         <wf lemma="една" pos="X">една</wf>
         <wf lemma="седмица" pos="X">седмица</wf>
         <wf lemma="се" pos="X">се</wf>
         <wf lemma="разделих" pos="X">разделих</wf>
         <wf lemma="с" pos="X">с</wf>
         <instance id="d000.s5844.t000" lemma="приятелка" pos="NOUN">приятелката</instance>
         <wf lemma="си" pos="X">си</wf>
         <wf lemma="." pos="X">.</wf>
      </sentence>
      <sentence id="d000.s5845" source="wordnet-bulgarian">
         <instance id="d000.s5845.t000" lemma="ястие" pos="NOUN">ястие</instance>
         <wf lemma="от" pos="X">от</wf>
         <wf lemma="месо" pos="X">месо</wf>
         <wf lemma="." pos="X">.</wf>
      </sentence>
      <sentence id="d000.s5846" source="wordnet-bulgarian">
         <wf lemma="протокол" pos="X">протокол</wf>
         <wf lemma="от" pos="X">от</wf>
         <instance id="d000.s5846.t000" lemma="заседание" pos="NOUN">заседание</instance>
         <wf lemma="." pos="X">.</wf>
      </sentence>
      <sentence id="d000.s5847" source="wordnet-bulgarian">
         <wf lemma="късна" pos="X">късна</wf>
         <instance id="d000.s5847.t000" lemma="нощ" pos="NOUN">нощ</instance>
         <wf lemma="." pos="X">.</wf>
      </sentence>
      <sentence id="d000.s5848" source="wordnet-bulgarian">
         <wf lemma="слънчогледова" pos="X">слънчогледова</wf>
         <instance id="d000.s5848.t000" lemma="семка" pos="NOUN">семка</instance>
         <wf lemma="." pos="X">.</wf>
      </sentence>
      <sentence id="d000.s5849" source="wordnet-bulgarian">
         <instance id="d000.s5849.t000" lemma="отменя" pos="VERB">Отмениха</instance>
         <wf lemma="смъртната" pos="X">смъртната</wf>
         <wf lemma="му" pos="X">му</wf>
         <wf lemma="присъда" pos="X">присъда</wf>
         <wf lemma="." pos="X">.</wf>
      </sentence>
      <sentence id="d000.s5850" source="wordnet-bulgarian">
         <wf lemma="консултирам" pos="X">консултирам</wf>
         <wf lemma="се" pos="X">се</wf>
         <wf lemma="с" pos="X">с</wf>
         <instance id="d000.s5850.t000" lemma="адвокат" pos="NOUN">адвокат</instance>
         <wf lemma="." pos="X">.</wf>
      </sentence>
      <sentence id="d000.s5851" source="wordnet-bulgarian">
         <instance id="d000.s5851.t000" lemma="извор" pos="NOUN">извор</instance>
         <wf lemma="на" pos="X">на</wf>
         <wf lemma="световни" pos="X">световни</wf>
         <wf lemma="злини" pos="X">злини</wf>
         <wf lemma="." pos="X">.</wf>
      </sentence>
      <sentence id="d000.s5852" source="wordnet-bulgarian">
         <wf lemma="В" pos="X">В</wf>
         <wf lemma="по-изостаналите" pos="X">по-изостаналите</wf>
         <wf lemma="страни" pos="X">страни</wf>
         <wf lemma="жените" pos="X">жените</wf>
         <wf lemma="често" pos="X">често</wf>
         <wf lemma="са" pos="X">са</wf>
         <instance id="d000.s5852.t000" lemma="дискриминирам" pos="VERB">дискриминирани</instance>
         <wf lemma="." pos="X">.</wf>
      </sentence>
      <sentence id="d000.s5853" source="wordnet-bulgarian">
         <wf lemma="магазин" pos="X">магазин</wf>
         <wf lemma="с" pos="X">с</wf>
         <wf lemma="голям" pos="X">голям</wf>
         <instance id="d000.s5853.t000" lemma="избор" pos="NOUN">избор</instance>
         <wf lemma="на" pos="X">на</wf>
         <wf lemma="обувки" pos="X">обувки</wf>
         <wf lemma="." pos="X">.</wf>
      </sentence>
      <sentence id="d000.s5854" source="wordnet-bulgarian">
         <wf lemma="нямам" pos="X">нямам</wf>
         <instance id="d000.s5854.t000" lemma="резерва" pos="NOUN">резерви</instance>
         <wf lemma="по" pos="X">по</wf>
         <wf lemma="отношение" pos="X">отношение</wf>
         <wf lemma="на" pos="X">на</wf>
         <wf lemma="." pos="X">.</wf>
      </sentence>
      <sentence id="d000.s5855" source="wordnet-bulgarian">
         <wf lemma="Огромни" pos="X">Огромни</wf>
         <instance id="d000.s5855.t000" lemma="бормашина" pos="NOUN">бормашини</instance>
         <wf lemma="къртят" pos="X">къртят</wf>
         <wf lemma="скалите" pos="X">скалите</wf>
         <wf lemma="." pos="X">.</wf>
      </sentence>
      <sentence id="d000.s5856" source="wordnet-bulgarian">
         <instance id="d000.s5856.t000" lemma="парад" pos="NOUN">парад</instance>
         <wf lemma="на" pos="X">на</wf>
         <wf lemma="военновъздушните" pos="X">военновъздушните</wf>
         <wf lemma="сили" pos="X">сили</wf>
         <wf lemma="." pos="X">.</wf>
      </sentence>
      <sentence id="d000.s5857" source="wordnet-bulgarian">
         <instance id="d000.s5857.t000" lemma="множество" pos="NOUN">множество</instance>
         <wf lemma="книги" pos="X">книги</wf>
         <wf lemma="." pos="X">.</wf>
      </sentence>
      <sentence id="d000.s5858" source="wordnet-bulgarian">
         <instance id="d000.s5858.t000" lemma="сервирам" pos="VERB">сервирам</instance>
         <wf lemma="на" pos="X">на</wf>
         <wf lemma="." pos="X">.</wf>
      </sentence>
      <sentence id="d000.s5859" source="wordnet-bulgarian">
         <wf lemma="точна" pos="X">точна</wf>
         <instance id="d000.s5859.t000" lemma="оценка" pos="NOUN">оценка</instance>
         <wf lemma="." pos="X">.</wf>
      </sentence>
      <sentence id="d000.s5860" source="wordnet-bulgarian">
         <instance id="d000.s5860.t000" lemma="страдам" pos="VERB">Страдах</instance>
         <wf lemma="дълго" pos="X">дълго</wf>
         <wf lemma="след" pos="X">след</wf>
         <wf lemma="смъртта" pos="X">смъртта</wf>
         <wf lemma="на" pos="X">на</wf>
         <wf lemma="майка" pos="X">майка</wf>
         <wf lemma="ми" pos="X">ми</wf>
         <wf lemma="." pos="X">.</wf>
      </sentence>
      <sentence id="d000.s5861" source="wordnet-bulgarian">
         <wf lemma="планинска" pos="X">планинска</wf>
         <instance id="d000.s5861.t000" lemma="повърхност" pos="NOUN">повърхност</instance>
         <wf lemma="." pos="X">.</wf>
      </sentence>
      <sentence id="d000.s5862" source="wordnet-bulgarian">
         <wf lemma="вдигам" pos="X">вдигам</wf>
         <instance id="d000.s5862.t000" lemma="гира" pos="NOUN">гири</instance>
         <wf lemma="." pos="X">.</wf>
      </sentence>
      <sentence id="d000.s5863" source="wordnet-bulgarian">
         <wf lemma="празно" pos="X">празно</wf>
         <instance id="d000.s5863.t000" lemma="място" pos="NOUN">място</instance>
         <wf lemma="." pos="X">.</wf>
      </sentence>
      <sentence id="d000.s5864" source="wordnet-bulgarian">
         <wf lemma="футболно" pos="X">футболно</wf>
         <instance id="d000.s5864.t000" lemma="игрище" pos="NOUN">игрище</instance>
         <wf lemma="." pos="X">.</wf>
      </sentence>
      <sentence id="d000.s5865" source="wordnet-bulgarian">
         <wf lemma="не" pos="X">не</wf>
         <wf lemma="се" pos="X">се</wf>
         <wf lemma="чува" pos="X">чува</wf>
         <wf lemma="никакъв" pos="X">никакъв</wf>
         <instance id="d000.s5865.t000" lemma="звук" pos="NOUN">звук</instance>
         <wf lemma="." pos="X">.</wf>
      </sentence>
      <sentence id="d000.s5866" source="wordnet-bulgarian">
         <wf lemma="ухапване" pos="X">ухапване</wf>
         <wf lemma="от" pos="X">от</wf>
         <instance id="d000.s5866.t000" lemma="комар" pos="NOUN">комар</instance>
         <wf lemma="." pos="X">.</wf>
      </sentence>
      <sentence id="d000.s5867" source="wordnet-bulgarian">
         <wf lemma="международен" pos="X">международен</wf>
         <instance id="d000.s5867.t000" lemma="шофьор" pos="NOUN">шофьор</instance>
         <wf lemma="." pos="X">.</wf>
      </sentence>
      <sentence id="d000.s5868" source="wordnet-bulgarian">
         <wf lemma="в" pos="X">в</wf>
         <wf lemma="началото" pos="X">началото</wf>
         <wf lemma="на" pos="X">на</wf>
         <instance id="d000.s5868.t000" lemma="село" pos="NOUN">селото</instance>
         <wf lemma="." pos="X">.</wf>
      </sentence>
      <sentence id="d000.s5869" source="wordnet-bulgarian">
         <wf lemma="на" pos="X">на</wf>
         <instance id="d000.s5869.t000" lemma="възел" pos="NOUN">възел</instance>
         <wf lemma="." pos="X">.</wf>
      </sentence>
      <sentence id="d000.s5870" source="wordnet-bulgarian">
         <wf lemma="режа" pos="X">режа</wf>
         <wf lemma="на" pos="X">на</wf>
         <instance id="d000.s5870.t000" lemma="парче" pos="NOUN">парчета</instance>
         <wf lemma="." pos="X">.</wf>
      </sentence>
      <sentence id="d000.s5871" source="wordnet-bulgarian">
         <wf lemma="двуетажна" pos="X">двуетажна</wf>
         <instance id="d000.s5871.t000" lemma="вила" pos="NOUN">вила</instance>
         <wf lemma="." pos="X">.</wf>
      </sentence>
      <sentence id="d000.s5872" source="wordnet-bulgarian">
         <wf lemma="вчерашен" pos="X">вчерашен</wf>
         <instance id="d000.s5872.t000" lemma="вестник" pos="NOUN">вестник</instance>
         <wf lemma="." pos="X">.</wf>
      </sentence>
      <sentence id="d000.s5873" source="wordnet-bulgarian">
         <wf lemma="пея" pos="X">пея</wf>
         <wf lemma="с" pos="X">с</wf>
         <instance id="d000.s5873.t000" lemma="микрофон" pos="NOUN">микрофон</instance>
         <wf lemma="." pos="X">.</wf>
      </sentence>
      <sentence id="d000.s5874" source="wordnet-bulgarian">
         <wf lemma="отбелязвам" pos="X">отбелязвам</wf>
         <instance id="d000.s5874.t000" lemma="гол" pos="NOUN">гол</instance>
         <wf lemma="." pos="X">.</wf>
      </sentence>
      <sentence id="d000.s5875" source="wordnet-bulgarian">
         <wf lemma="служа" pos="X">служа</wf>
         <wf lemma="в" pos="X">в</wf>
         <instance id="d000.s5875.t000" lemma="армия" pos="NOUN">армията</instance>
         <wf lemma="." pos="X">.</wf>
      </sentence>
      <sentence id="d000.s5876" source="wordnet-bulgarian">
         <wf lemma="столче" pos="X">столче</wf>
         <wf lemma="с" pos="X">с</wf>
         <wf lemma="три" pos="X">три</wf>
         <instance id="d000.s5876.t000" lemma="крак" pos="NOUN">крака</instance>
         <wf lemma="." pos="X">.</wf>
      </sentence>
      <sentence id="d000.s5877" source="wordnet-bulgarian">
         <wf lemma="На" pos="X">На</wf>
         <wf lemma="площада" pos="X">площада</wf>
         <wf lemma="гърмеше" pos="X">гърмеше</wf>
         <instance id="d000.s5877.t000" lemma="високоговорител" pos="NOUN">високоговорител</instance>
         <wf lemma="." pos="X">.</wf>
      </sentence>
      <sentence id="d000.s5878" source="wordnet-bulgarian">
         <wf lemma="дизелова" pos="X">дизелова</wf>
         <instance id="d000.s5878.t000" lemma="мотриса" pos="NOUN">мотриса</instance>
         <wf lemma="." pos="X">.</wf>
      </sentence>
      <sentence id="d000.s5879" source="wordnet-bulgarian">
         <wf lemma="познавам" pos="X">познавам</wf>
         <instance id="d000.s5879.t000" lemma="карта" pos="NOUN">картата</instance>
         <wf lemma="на" pos="X">на</wf>
         <wf lemma="." pos="X">.</wf>
      </sentence>
      <sentence id="d000.s5880" source="wordnet-bulgarian">
         <wf lemma="изпитвам" pos="X">изпитвам</wf>
         <instance id="d000.s5880.t000" lemma="гордост" pos="NOUN">гордост</instance>
         <wf lemma="от" pos="X">от</wf>
         <wf lemma="." pos="X">.</wf>
      </sentence>
      <sentence id="d000.s5881" source="wordnet-bulgarian">
         <instance id="d000.s5881.t000" lemma="плач" pos="VERB">плача</instance>
         <wf lemma="от" pos="X">от</wf>
         <wf lemma="радост" pos="X">радост</wf>
         <wf lemma="." pos="X">.</wf>
      </sentence>
      <sentence id="d000.s5882" source="wordnet-bulgarian">
         <wf lemma="освобождавам" pos="X">освобождавам</wf>
         <instance id="d000.s5882.t000" lemma="заложник" pos="NOUN">заложник</instance>
         <wf lemma="." pos="X">.</wf>
      </sentence>
      <sentence id="d000.s5883" source="wordnet-bulgarian">
         <instance id="d000.s5883.t000" lemma="поглед" pos="NOUN">Погледът</instance>
         <wf lemma="|и" pos="X">|и</wf>
         <wf lemma="го" pos="X">го</wf>
         <wf lemma="развълнува" pos="X">развълнува</wf>
         <wf lemma="." pos="X">.</wf>
      </sentence>
      <sentence id="d000.s5884" source="wordnet-bulgarian">
         <wf lemma="разказвателен" pos="X">разказвателен</wf>
         <instance id="d000.s5884.t000" lemma="предмет" pos="NOUN">предмет</instance>
         <wf lemma="." pos="X">.</wf>
      </sentence>
      <sentence id="d000.s5885" source="wordnet-bulgarian">
         <wf lemma="основна" pos="X">основна</wf>
         <instance id="d000.s5885.t000" lemma="реакция" pos="NOUN">реакция</instance>
         <wf lemma="." pos="X">.</wf>
      </sentence>
      <sentence id="d000.s5886" source="wordnet-bulgarian">
         <wf lemma="живея" pos="X">живея</wf>
         <wf lemma="в" pos="X">в</wf>
         <instance id="d000.s5886.t000" lemma="спокойствие" pos="NOUN">спокойствие</instance>
         <wf lemma="." pos="X">.</wf>
      </sentence>
      <sentence id="d000.s5887" source="wordnet-bulgarian">
         <wf lemma="нещастен" pos="X">нещастен</wf>
         <instance id="d000.s5887.t000" lemma="случай" pos="NOUN">случай</instance>
         <wf lemma="." pos="X">.</wf>
      </sentence>
      <sentence id="d000.s5888" source="wordnet-bulgarian">
         <instance id="d000.s5888.t000" lemma="продукция" pos="NOUN">продукция</instance>
         <wf lemma="на" pos="X">на</wf>
         <wf lemma="домати" pos="X">домати</wf>
         <wf lemma="." pos="X">.</wf>
      </sentence>
      <sentence id="d000.s5889" source="wordnet-bulgarian">
         <wf lemma="Нотният" pos="X">Нотният</wf>
         <instance id="d000.s5889.t000" lemma="ключ" pos="NOUN">ключ</instance>
         <wf lemma="е" pos="X">е</wf>
         <wf lemma="особен" pos="X">особен</wf>
         <wf lemma="знак" pos="X">знак</wf>
         <wf lemma="," pos="X">,</wf>
         <wf lemma="който" pos="X">който</wf>
         <wf lemma="се" pos="X">се</wf>
         <wf lemma="пише" pos="X">пише</wf>
         <wf lemma="обикновено" pos="X">обикновено</wf>
         <wf lemma="в" pos="X">в</wf>
         <wf lemma="началото" pos="X">началото</wf>
         <wf lemma="на" pos="X">на</wf>
         <wf lemma="петолинието" pos="X">петолинието</wf>
         <wf lemma="." pos="X">.</wf>
      </sentence>
      <sentence id="d000.s5890" source="wordnet-bulgarian">
         <wf lemma="изсъхнало" pos="X">изсъхнало</wf>
         <instance id="d000.s5890.t000" lemma="дърво" pos="NOUN">дърво</instance>
         <wf lemma="." pos="X">.</wf>
      </sentence>
      <sentence id="d000.s5891" source="wordnet-bulgarian">
         <instance id="d000.s5891.t000" lemma="докосвам" pos="VERB">докосвам</instance>
         <wf lemma="с" pos="X">с</wf>
         <wf lemma="пръсти" pos="X">пръсти</wf>
         <wf lemma="." pos="X">.</wf>
      </sentence>
      <sentence id="d000.s5892" source="wordnet-bulgarian">
         <wf lemma="Той" pos="X">Той</wf>
         <wf lemma="е" pos="X">е</wf>
         <wf lemma="известен" pos="X">известен</wf>
         <wf lemma="със" pos="X">със</wf>
         <wf lemma="своята" pos="X">своята</wf>
         <instance id="d000.s5892.t000" lemma="пестеливост" pos="NOUN">пестеливост</instance>
         <wf lemma="." pos="X">.</wf>
      </sentence>
      <sentence id="d000.s5893" source="wordnet-bulgarian">
         <wf lemma="обществен" pos="X">обществен</wf>
         <instance id="d000.s5893.t000" lemma="транспорт" pos="NOUN">транспорт</instance>
         <wf lemma="." pos="X">.</wf>
      </sentence>
      <sentence id="d000.s5894" source="wordnet-bulgarian">
         <wf lemma="счупени" pos="X">счупени</wf>
         <instance id="d000.s5894.t000" lemma="машинария" pos="NOUN">машинарии</instance>
         <wf lemma="." pos="X">.</wf>
      </sentence>
      <sentence id="d000.s5895" source="wordnet-bulgarian">
         <instance id="d000.s5895.t000" lemma="плащам" pos="VERB">плащам</instance>
         <wf lemma="глоба" pos="X">глоба</wf>
         <wf lemma="." pos="X">.</wf>
      </sentence>
      <sentence id="d000.s5896" source="wordnet-bulgarian">
         <wf lemma="пролетен" pos="X">пролетен</wf>
         <instance id="d000.s5896.t000" lemma="дъжд" pos="NOUN">дъжд</instance>
         <wf lemma="." pos="X">.</wf>
      </sentence>
      <sentence id="d000.s5897" source="wordnet-bulgarian">
         <wf lemma="новогодишен" pos="X">новогодишен</wf>
         <instance id="d000.s5897.t000" lemma="банкет" pos="NOUN">банкет</instance>
         <wf lemma="." pos="X">.</wf>
      </sentence>
      <sentence id="d000.s5898" source="wordnet-bulgarian">
         <wf lemma="голяма" pos="X">голяма</wf>
         <instance id="d000.s5898.t000" lemma="наслада" pos="NOUN">наслада</instance>
         <wf lemma="." pos="X">.</wf>
      </sentence>
      <sentence id="d000.s5899" source="wordnet-bulgarian">
         <wf lemma="За" pos="X">За</wf>
         <wf lemma="една" pos="X">една</wf>
         <wf lemma="седмица" pos="X">седмица</wf>
         <wf lemma="полицията" pos="X">полицията</wf>
         <wf lemma="извърши" pos="X">извърши</wf>
         <wf lemma="доста" pos="X">доста</wf>
         <instance id="d000.s5899.t000" lemma="арест" pos="NOUN">арести</instance>
         <wf lemma="." pos="X">.</wf>
      </sentence>
      <sentence id="d000.s5900" source="wordnet-bulgarian">
         <wf lemma="вземам" pos="X">вземам</wf>
         <instance id="d000.s5900.t000" lemma="вина" pos="NOUN">вината</instance>
         <wf lemma="върху" pos="X">върху</wf>
         <wf lemma="себе" pos="X">себе</wf>
         <wf lemma="си" pos="X">си</wf>
         <wf lemma="." pos="X">.</wf>
      </sentence>
      <sentence id="d000.s5901" source="wordnet-bulgarian">
         <wf lemma="с" pos="X">с</wf>
         <instance id="d000.s5901.t000" lemma="ирония" pos="NOUN">ирония</instance>
         <wf lemma="." pos="X">.</wf>
      </sentence>
      <sentence id="d000.s5902" source="wordnet-bulgarian">
         <wf lemma="неоснователно" pos="X">неоснователно</wf>
         <instance id="d000.s5902.t000" lemma="обвинение" pos="NOUN">обвинение</instance>
         <wf lemma="." pos="X">.</wf>
      </sentence>
      <sentence id="d000.s5903" source="wordnet-bulgarian">
         <wf lemma="полагам" pos="X">полагам</wf>
         <instance id="d000.s5903.t000" lemma="изпит" pos="NOUN">изпит</instance>
         <wf lemma="." pos="X">.</wf>
      </sentence>
      <sentence id="d000.s5904" source="wordnet-bulgarian">
         <wf lemma="Всяко" pos="X">Всяко</wf>
         <wf lemma="дърво" pos="X">дърво</wf>
         <instance id="d000.s5904.t000" lemma="плод" pos="NOUN">плод</instance>
         <wf lemma="не" pos="X">не</wf>
         <wf lemma="дава" pos="X">дава</wf>
         <wf lemma="." pos="X">.</wf>
      </sentence>
      <sentence id="d000.s5905" source="wordnet-bulgarian">
         <wf lemma="Не" pos="X">Не</wf>
         <wf lemma="спечелих" pos="X">спечелих</wf>
         <wf lemma="нищо" pos="X">нищо</wf>
         <wf lemma="от" pos="X">от</wf>
         <instance id="d000.s5905.t000" lemma="продажба" pos="NOUN">продажбата</instance>
         <wf lemma="." pos="X">.</wf>
      </sentence>
      <sentence id="d000.s5906" source="wordnet-bulgarian">
         <wf lemma="писмено" pos="X">писмено</wf>
         <instance id="d000.s5906.t000" lemma="позволение" pos="NOUN">позволение</instance>
         <wf lemma="." pos="X">.</wf>
      </sentence>
      <sentence id="d000.s5907" source="wordnet-bulgarian">
         <wf lemma="търговска" pos="X">търговска</wf>
         <instance id="d000.s5907.t000" lemma="кантор" pos="NOUN">кантора</instance>
         <wf lemma="." pos="X">.</wf>
      </sentence>
      <sentence id="d000.s5908" source="wordnet-bulgarian">
         <instance id="d000.s5908.t000" lemma="играя" pos="VERB">играя</instance>
         <wf lemma="танго" pos="X">танго</wf>
         <wf lemma="." pos="X">.</wf>
      </sentence>
      <sentence id="d000.s5909" source="wordnet-bulgarian">
         <wf lemma="тежък" pos="X">тежък</wf>
         <instance id="d000.s5909.t000" lemma="бомбардировач" pos="NOUN">бомбардировач</instance>
         <wf lemma="." pos="X">.</wf>
      </sentence>
      <sentence id="d000.s5910" source="wordnet-bulgarian">
         <wf lemma="получавам" pos="X">получавам</wf>
         <instance id="d000.s5910.t000" lemma="награда" pos="NOUN">награда</instance>
         <wf lemma="." pos="X">.</wf>
      </sentence>
      <sentence id="d000.s5911" source="wordnet-bulgarian">
         <wf lemma="от" pos="X">от</wf>
         <instance id="d000.s5911.t000" lemma="запад" pos="NOUN">запад</instance>
         <wf lemma="." pos="X">.</wf>
      </sentence>
      <sentence id="d000.s5912" source="wordnet-bulgarian">
         <wf lemma="под" pos="X">под</wf>
         <instance id="d000.s5912.t000" lemma="наклон" pos="NOUN">наклон</instance>
         <wf lemma="." pos="X">.</wf>
      </sentence>
      <sentence id="d000.s5913" source="wordnet-bulgarian">
         <wf lemma="силни" pos="X">силни</wf>
         <instance id="d000.s5913.t000" lemma="чувство" pos="NOUN">чувства</instance>
         <wf lemma="." pos="X">.</wf>
      </sentence>
      <sentence id="d000.s5914" source="wordnet-bulgarian">
         <wf lemma="студентски" pos="X">студентски</wf>
         <instance id="d000.s5914.t000" lemma="съвет" pos="NOUN">съвет</instance>
         <wf lemma="." pos="X">.</wf>
      </sentence>
      <sentence id="d000.s5915" source="wordnet-bulgarian">
         <instance id="d000.s5915.t000" lemma="ден" pos="NOUN">Ден</instance>
         <wf lemma="година" pos="X">година</wf>
         <wf lemma="храни" pos="X">храни</wf>
         <wf lemma="." pos="X">.</wf>
      </sentence>
      <sentence id="d000.s5916" source="wordnet-bulgarian">
         <wf lemma="селски" pos="X">селски</wf>
         <instance id="d000.s5916.t000" lemma="кмет" pos="NOUN">кмет</instance>
         <wf lemma="." pos="X">.</wf>
      </sentence>
      <sentence id="d000.s5917" source="wordnet-bulgarian">
         <wf lemma="с" pos="X">с</wf>
         <instance id="d000.s5917.t000" lemma="факел" pos="NOUN">факел</instance>
         <wf lemma="в" pos="X">в</wf>
         <wf lemma="ръка" pos="X">ръка</wf>
         <wf lemma="." pos="X">.</wf>
      </sentence>
      <sentence id="d000.s5918" source="wordnet-bulgarian">
         <wf lemma="признак" pos="X">признак</wf>
         <wf lemma="на" pos="X">на</wf>
         <instance id="d000.s5918.t000" lemma="живот" pos="NOUN">живот</instance>
         <wf lemma="." pos="X">.</wf>
      </sentence>
      <sentence id="d000.s5919" source="wordnet-bulgarian">
         <wf lemma="Тъмни" pos="X">Тъмни</wf>
         <instance id="d000.s5919.t000" lemma="облак" pos="NOUN">облаци</instance>
         <wf lemma="пълзят" pos="X">пълзят</wf>
         <wf lemma="по" pos="X">по</wf>
         <wf lemma="небето" pos="X">небето</wf>
         <wf lemma="." pos="X">.</wf>
      </sentence>
      <sentence id="d000.s5920" source="wordnet-bulgarian">
         <wf lemma="подложен" pos="X">подложен</wf>
         <wf lemma="съм" pos="X">съм</wf>
         <wf lemma="на" pos="X">на</wf>
         <wf lemma="остри" pos="X">остри</wf>
         <instance id="d000.s5920.t000" lemma="нападка" pos="NOUN">нападки</instance>
         <wf lemma="от" pos="X">от</wf>
         <wf lemma="." pos="X">.</wf>
      </sentence>
      <sentence id="d000.s5921" source="wordnet-bulgarian">
         <instance id="d000.s5921.t000" lemma="плащам" pos="VERB">плащам</instance>
         <wf lemma="такса" pos="X">такса</wf>
         <wf lemma="." pos="X">.</wf>
      </sentence>
      <sentence id="d000.s5922" source="wordnet-bulgarian">
         <wf lemma="бяла" pos="X">бяла</wf>
         <instance id="d000.s5922.t000" lemma="бюлетина" pos="NOUN">бюлетина</instance>
         <wf lemma="." pos="X">.</wf>
      </sentence>
      <sentence id="d000.s5923" source="wordnet-bulgarian">
         <wf lemma="на" pos="X">на</wf>
         <instance id="d000.s5923.t000" lemma="сянка" pos="NOUN">сянка</instance>
         <wf lemma="." pos="X">.</wf>
      </sentence>
      <sentence id="d000.s5924" source="wordnet-bulgarian">
         <wf lemma="животинска" pos="X">животинска</wf>
         <instance id="d000.s5924.t000" lemma="кост" pos="NOUN">кост</instance>
         <wf lemma="." pos="X">.</wf>
      </sentence>
      <sentence id="d000.s5925" source="wordnet-bulgarian">
         <wf lemma="курс" pos="X">курс</wf>
         <wf lemma="на" pos="X">на</wf>
         <instance id="d000.s5925.t000" lemma="долар" pos="NOUN">долара</instance>
         <wf lemma="." pos="X">.</wf>
      </sentence>
      <sentence id="d000.s5926" source="wordnet-bulgarian">
         <instance id="d000.s5926.t000" lemma="схема" pos="NOUN">схема</instance>
         <wf lemma="на" pos="X">на</wf>
         <wf lemma="доклад" pos="X">доклад</wf>
         <wf lemma="." pos="X">.</wf>
      </sentence>
      <sentence id="d000.s5927" source="wordnet-bulgarian">
         <wf lemma="От" pos="X">От</wf>
         <instance id="d000.s5927.t000" lemma="небе" pos="NOUN">небето</instance>
         <wf lemma="падаха" pos="X">падаха</wf>
         <wf lemma="едри" pos="X">едри</wf>
         <wf lemma="капки" pos="X">капки</wf>
         <wf lemma="дъжд" pos="X">дъжд</wf>
         <wf lemma="." pos="X">.</wf>
      </sentence>
      <sentence id="d000.s5928" source="wordnet-bulgarian">
         <wf lemma="плодородна" pos="X">плодородна</wf>
         <instance id="d000.s5928.t000" lemma="ниво" pos="NOUN">нива</instance>
         <wf lemma="." pos="X">.</wf>
      </sentence>
      <sentence id="d000.s5929" source="wordnet-bulgarian">
         <wf lemma="Вложих" pos="X">Вложих</wf>
         <wf lemma="всичките" pos="X">всичките</wf>
         <wf lemma="си" pos="X">си</wf>
         <instance id="d000.s5929.t000" lemma="пара" pos="NOUN">пари</instance>
         <wf lemma="в" pos="X">в</wf>
         <wf lemma="недвижими" pos="X">недвижими</wf>
         <wf lemma="имоти" pos="X">имоти</wf>
         <wf lemma="." pos="X">.</wf>
      </sentence>
      <sentence id="d000.s5930" source="wordnet-bulgarian">
         <wf lemma="допускам" pos="X">допускам</wf>
         <instance id="d000.s5930.t000" lemma="грешка" pos="NOUN">грешка</instance>
         <wf lemma="." pos="X">.</wf>
      </sentence>
      <sentence id="d000.s5931" source="wordnet-bulgarian">
         <wf lemma="готова" pos="X">готова</wf>
         <instance id="d000.s5931.t000" lemma="продукция" pos="NOUN">продукция</instance>
         <wf lemma="." pos="X">.</wf>
      </sentence>
      <sentence id="d000.s5932" source="wordnet-bulgarian">
         <instance id="d000.s5932.t000" lemma="имам" pos="VERB">имам</instance>
         <wf lemma="хубава" pos="X">хубава</wf>
         <wf lemma="работа" pos="X">работа</wf>
         <wf lemma="." pos="X">.</wf>
      </sentence>
      <sentence id="d000.s5933" source="wordnet-bulgarian">
         <instance id="d000.s5933.t000" lemma="запалка" pos="NOUN">запалка</instance>
         <wf lemma="с" pos="X">с</wf>
         <wf lemma="газ" pos="X">газ</wf>
         <wf lemma="." pos="X">.</wf>
      </sentence>
      <sentence id="d000.s5934" source="wordnet-bulgarian">
         <wf lemma="държавно" pos="X">държавно</wf>
         <instance id="d000.s5934.t000" lemma="съкровище" pos="NOUN">съкровище</instance>
         <wf lemma="." pos="X">.</wf>
      </sentence>
      <sentence id="d000.s5935" source="wordnet-bulgarian">
         <wf lemma="Без" pos="X">Без</wf>
         <wf lemma="наука" pos="X">наука</wf>
         <wf lemma="няма" pos="X">няма</wf>
         <instance id="d000.s5935.t000" lemma="сполука" pos="NOUN">сполука</instance>
         <wf lemma="." pos="X">.</wf>
      </sentence>
      <sentence id="d000.s5936" source="wordnet-bulgarian">
         <wf lemma="Нощес" pos="X">Нощес</wf>
         <wf lemma="е" pos="X">е</wf>
         <wf lemma="извършен" pos="X">извършен</wf>
         <instance id="d000.s5936.t000" lemma="грабеж" pos="NOUN">грабеж</instance>
         <wf lemma="в" pos="X">в</wf>
         <wf lemma="един" pos="X">един</wf>
         <wf lemma="магазин" pos="X">магазин</wf>
         <wf lemma="." pos="X">.</wf>
      </sentence>
      <sentence id="d000.s5937" source="wordnet-bulgarian">
         <wf lemma="тъмен" pos="X">тъмен</wf>
         <instance id="d000.s5937.t000" lemma="цвят" pos="NOUN">цвят</instance>
         <wf lemma="." pos="X">.</wf>
      </sentence>
      <sentence id="d000.s5938" source="wordnet-bulgarian">
         <wf lemma="чужда" pos="X">чужда</wf>
         <instance id="d000.s5938.t000" lemma="компания" pos="NOUN">компания</instance>
         <wf lemma="." pos="X">.</wf>
      </sentence>
      <sentence id="d000.s5939" source="wordnet-bulgarian">
         <wf lemma="чувствителна" pos="X">чувствителна</wf>
         <instance id="d000.s5939.t000" lemma="преднина" pos="NOUN">преднина</instance>
         <wf lemma="." pos="X">.</wf>
      </sentence>
      <sentence id="d000.s5940" source="wordnet-bulgarian">
         <wf lemma="Това" pos="X">Това</wf>
         <wf lemma="е" pos="X">е</wf>
         <wf lemma="само" pos="X">само</wf>
         <instance id="d000.s5940.t000" lemma="мълва" pos="NOUN">мълва</instance>
         <wf lemma="." pos="X">.</wf>
      </sentence>
      <sentence id="d000.s5941" source="wordnet-bulgarian">
         <wf lemma="стопанска" pos="X">стопанска</wf>
         <instance id="d000.s5941.t000" lemma="дейност" pos="NOUN">дейност</instance>
         <wf lemma="." pos="X">.</wf>
      </sentence>
      <sentence id="d000.s5942" source="wordnet-bulgarian">
         <wf lemma="превързочен" pos="X">превързочен</wf>
         <instance id="d000.s5942.t000" lemma="пакет" pos="NOUN">пакет</instance>
         <wf lemma="." pos="X">.</wf>
      </sentence>
      <sentence id="d000.s5943" source="wordnet-bulgarian">
         <instance id="d000.s5943.t000" lemma="шах" pos="NOUN">Шах</instance>
         <wf lemma="и" pos="X">и</wf>
         <wf lemma="мат" pos="X">мат</wf>
         <wf lemma="." pos="X">.</wf>
      </sentence>
      <sentence id="d000.s5944" source="wordnet-bulgarian">
         <instance id="d000.s5944.t000" lemma="враг" pos="NOUN">Врагът</instance>
         <wf lemma="се" pos="X">се</wf>
         <wf lemma="готви" pos="X">готви</wf>
         <wf lemma="за" pos="X">за</wf>
         <wf lemma="нападение" pos="X">нападение</wf>
         <wf lemma="." pos="X">.</wf>
      </sentence>
      <sentence id="d000.s5945" source="wordnet-bulgarian">
         <instance id="d000.s5945.t000" lemma="избирам" pos="VERB">избираме</instance>
         <wf lemma="депутати" pos="X">депутати</wf>
         <wf lemma="." pos="X">.</wf>
      </sentence>
      <sentence id="d000.s5946" source="wordnet-bulgarian">
         <wf lemma="спазвам" pos="X">спазвам</wf>
         <instance id="d000.s5946.t000" lemma="закон" pos="NOUN">законите</instance>
         <wf lemma="." pos="X">.</wf>
      </sentence>
      <sentence id="d000.s5947" source="wordnet-bulgarian">
         <instance id="d000.s5947.t000" lemma="пръст" pos="NOUN">пръсти</instance>
         <wf lemma="на" pos="X">на</wf>
         <wf lemma="крака" pos="X">крака</wf>
         <wf lemma="." pos="X">.</wf>
      </sentence>
      <sentence id="d000.s5948" source="wordnet-bulgarian">
         <wf lemma="боен" pos="X">боен</wf>
         <instance id="d000.s5948.t000" lemma="самолет" pos="NOUN">самолет</instance>
         <wf lemma="." pos="X">.</wf>
      </sentence>
      <sentence id="d000.s5949" source="wordnet-bulgarian">
         <wf lemma="няма" pos="X">няма</wf>
         <instance id="d000.s5949.t000" lemma="надежда" pos="NOUN">надежда</instance>
         <wf lemma="." pos="X">.</wf>
      </sentence>
      <sentence id="d000.s5950" source="wordnet-bulgarian">
         <wf lemma="изпълнявам" pos="X">изпълнявам</wf>
         <instance id="d000.s5950.t000" lemma="наредба" pos="NOUN">наредба</instance>
         <wf lemma="на" pos="X">на</wf>
         <wf lemma="." pos="X">.</wf>
      </sentence>
      <sentence id="d000.s5951" source="wordnet-bulgarian">
         <instance id="d000.s5951.t000" lemma="ограда" pos="NOUN">ограда</instance>
         <wf lemma="между" pos="X">между</wf>
         <wf lemma="съседи" pos="X">съседи</wf>
         <wf lemma="." pos="X">.</wf>
      </sentence>
      <sentence id="d000.s5952" source="wordnet-bulgarian">
         <wf lemma="натрупвам" pos="X">натрупвам</wf>
         <instance id="d000.s5952.t000" lemma="опит" pos="NOUN">опит</instance>
         <wf lemma="." pos="X">.</wf>
      </sentence>
      <sentence id="d000.s5953" source="wordnet-bulgarian">
         <wf lemma="сладко" pos="X">сладко</wf>
         <instance id="d000.s5953.t000" lemma="момиче" pos="NOUN">момиче</instance>
         <wf lemma="." pos="X">.</wf>
      </sentence>
      <sentence id="d000.s5954" source="wordnet-bulgarian">
         <wf lemma="по" pos="X">по</wf>
         <instance id="d000.s5954.t000" lemma="нагорнище" pos="NOUN">нагорнището</instance>
         <wf lemma="." pos="X">.</wf>
      </sentence>
      <sentence id="d000.s5955" source="wordnet-bulgarian">
         <wf lemma="Не" pos="X">Не</wf>
         <wf lemma="искам" pos="X">искам</wf>
         <wf lemma="да" pos="X">да</wf>
         <instance id="d000.s5955.t000" lemma="отговарям" pos="VERB">отговарям</instance>
         <wf lemma="." pos="X">.</wf>
      </sentence>
      <sentence id="d000.s5956" source="wordnet-bulgarian">
         <wf lemma="спонтанен" pos="X">спонтанен</wf>
         <instance id="d000.s5956.t000" lemma="аборт" pos="NOUN">аборт</instance>
         <wf lemma="." pos="X">.</wf>
      </sentence>
      <sentence id="d000.s5957" source="wordnet-bulgarian">
         <wf lemma="слагам" pos="X">слагам</wf>
         <instance id="d000.s5957.t000" lemma="акцент" pos="NOUN">акцент</instance>
         <wf lemma="върху" pos="X">върху</wf>
         <wf lemma="." pos="X">.</wf>
      </sentence>
      <sentence id="d000.s5958" source="wordnet-bulgarian">
         <wf lemma="имам" pos="X">имам</wf>
         <wf lemma="ясна" pos="X">ясна</wf>
         <instance id="d000.s5958.t000" lemma="мотивация" pos="NOUN">мотивация</instance>
         <wf lemma="." pos="X">.</wf>
      </sentence>
      <sentence id="d000.s5959" source="wordnet-bulgarian">
         <wf lemma="по" pos="X">по</wf>
         <wf lemma="две" pos="X">две</wf>
         <instance id="d000.s5959.t000" lemma="таблетка" pos="NOUN">таблетки</instance>
         <wf lemma="на" pos="X">на</wf>
         <wf lemma="ден" pos="X">ден</wf>
         <wf lemma="." pos="X">.</wf>
      </sentence>
      <sentence id="d000.s5960" source="wordnet-bulgarian">
         <wf lemma="уведомително" pos="X">уведомително</wf>
         <instance id="d000.s5960.t000" lemma="писмо" pos="NOUN">писмо</instance>
         <wf lemma="." pos="X">.</wf>
      </sentence>
      <sentence id="d000.s5961" source="wordnet-bulgarian">
         <instance id="d000.s5961.t000" lemma="защитник" pos="NOUN">защитник</instance>
         <wf lemma="на" pos="X">на</wf>
         <wf lemma="крепост" pos="X">крепост</wf>
         <wf lemma="." pos="X">.</wf>
      </sentence>
      <sentence id="d000.s5962" source="wordnet-bulgarian">
         <wf lemma="българската" pos="X">българската</wf>
         <instance id="d000.s5962.t000" lemma="граница" pos="NOUN">граница</instance>
         <wf lemma="." pos="X">.</wf>
      </sentence>
      <sentence id="d000.s5963" source="wordnet-bulgarian">
         <instance id="d000.s5963.t000" lemma="пукнатина" pos="NOUN">пукнатина</instance>
         <wf lemma="в" pos="X">в</wf>
         <wf lemma="стената" pos="X">стената</wf>
         <wf lemma="." pos="X">.</wf>
      </sentence>
      <sentence id="d000.s5964" source="wordnet-bulgarian">
         <wf lemma="Сложих" pos="X">Сложих</wf>
         <wf lemma="писмото" pos="X">писмото</wf>
         <wf lemma="в" pos="X">в</wf>
         <wf lemma="плик" pos="X">плик</wf>
         <wf lemma="и" pos="X">и</wf>
         <wf lemma="залепих" pos="X">залепих</wf>
         <instance id="d000.s5964.t000" lemma="марка" pos="NOUN">марка</instance>
         <wf lemma="." pos="X">.</wf>
      </sentence>
      <sentence id="d000.s5965" source="wordnet-bulgarian">
         <wf lemma="хвърлям" pos="X">хвърлям</wf>
         <instance id="d000.s5965.t000" lemma="бомба" pos="NOUN">бомба</instance>
         <wf lemma="." pos="X">.</wf>
      </sentence>
      <sentence id="d000.s5966" source="wordnet-bulgarian">
         <wf lemma="периодична" pos="X">периодична</wf>
         <instance id="d000.s5966.t000" lemma="система" pos="NOUN">система</instance>
         <wf lemma="на" pos="X">на</wf>
         <wf lemma="химическите" pos="X">химическите</wf>
         <wf lemma="елементи" pos="X">елементи</wf>
         <wf lemma="." pos="X">.</wf>
      </sentence>
      <sentence id="d000.s5967" source="wordnet-bulgarian">
         <wf lemma="математически" pos="X">математически</wf>
         <instance id="d000.s5967.t000" lemma="модел" pos="NOUN">модел</instance>
         <wf lemma="." pos="X">.</wf>
      </sentence>
      <sentence id="d000.s5968" source="wordnet-bulgarian">
         <wf lemma="Омръзна" pos="X">Омръзна</wf>
         <wf lemma="ми" pos="X">ми</wf>
         <wf lemma="от" pos="X">от</wf>
         <instance id="d000.s5968.t000" lemma="забележка" pos="NOUN">забележките</instance>
         <wf lemma="ти" pos="X">ти</wf>
         <wf lemma="." pos="X">.</wf>
      </sentence>
      <sentence id="d000.s5969" source="wordnet-bulgarian">
         <wf lemma="получавам" pos="X">получавам</wf>
         <instance id="d000.s5969.t000" lemma="отговор" pos="NOUN">отговор</instance>
         <wf lemma="." pos="X">.</wf>
      </sentence>
      <sentence id="d000.s5970" source="wordnet-bulgarian">
         <wf lemma="Всеки" pos="X">Всеки</wf>
         <wf lemma="ден" pos="X">ден</wf>
         <instance id="d000.s5970.t000" lemma="светилище" pos="NOUN">светилището</instance>
         <wf lemma="се" pos="X">се</wf>
         <wf lemma="посещава" pos="X">посещава</wf>
         <wf lemma="от" pos="X">от</wf>
         <wf lemma="много" pos="X">много</wf>
         <wf lemma="туристи" pos="X">туристи</wf>
         <wf lemma="." pos="X">.</wf>
      </sentence>
      <sentence id="d000.s5971" source="wordnet-bulgarian">
         <wf lemma="в" pos="X">в</wf>
         <instance id="d000.s5971.t000" lemma="изгнание" pos="NOUN">изгнание</instance>
         <wf lemma="." pos="X">.</wf>
      </sentence>
      <sentence id="d000.s5972" source="wordnet-bulgarian">
         <wf lemma="Високият" pos="X">Високият</wf>
         <wf lemma="му" pos="X">му</wf>
         <wf lemma="рейтинг" pos="X">рейтинг</wf>
         <wf lemma="се" pos="X">се</wf>
         <wf lemma="дължи" pos="X">дължи</wf>
         <wf lemma="на" pos="X">на</wf>
         <wf lemma="неговата" pos="X">неговата</wf>
         <wf lemma="изключителна" pos="X">изключителна</wf>
         <instance id="d000.s5972.t000" lemma="енергичност" pos="NOUN">енергичност</instance>
         <wf lemma="и" pos="X">и</wf>
         <wf lemma="инициативност" pos="X">инициативност</wf>
         <wf lemma="." pos="X">.</wf>
      </sentence>
      <sentence id="d000.s5973" source="wordnet-bulgarian">
         <wf lemma="през" pos="X">през</wf>
         <instance id="d000.s5973.t000" lemma="есен" pos="NOUN">есента</instance>
         <wf lemma="на" pos="X">на</wf>
         <wf lemma="." pos="X">.</wf>
      </sentence>
      <sentence id="d000.s5974" source="wordnet-bulgarian">
         <instance id="d000.s5974.t000" lemma="почитам" pos="VERB">почитам</instance>
         <wf lemma="съпруга" pos="X">съпруга</wf>
         <wf lemma="си" pos="X">си</wf>
         <wf lemma="." pos="X">.</wf>
      </sentence>
      <sentence id="d000.s5975" source="wordnet-bulgarian">
         <wf lemma="няма" pos="X">няма</wf>
         <instance id="d000.s5975.t000" lemma="публика" pos="NOUN">публика</instance>
         <wf lemma="." pos="X">.</wf>
      </sentence>
      <sentence id="d000.s5976" source="wordnet-bulgarian">
         <instance id="d000.s5976.t000" lemma="обект" pos="NOUN">обект</instance>
         <wf lemma="на" pos="X">на</wf>
         <wf lemma="проучване" pos="X">проучване</wf>
         <wf lemma="." pos="X">.</wf>
      </sentence>
      <sentence id="d000.s5977" source="wordnet-bulgarian">
         <wf lemma="Не" pos="X">Не</wf>
         <wf lemma="мога" pos="X">мога</wf>
         <wf lemma="да" pos="X">да</wf>
         <instance id="d000.s5977.t000" lemma="плувам" pos="VERB">плувам</instance>
         <wf lemma="добре" pos="X">добре</wf>
         <wf lemma="." pos="X">.</wf>
      </sentence>
      <sentence id="d000.s5978" source="wordnet-bulgarian">
         <wf lemma="красива" pos="X">красива</wf>
         <instance id="d000.s5978.t000" lemma="пещера" pos="NOUN">пещера</instance>
         <wf lemma="." pos="X">.</wf>
      </sentence>
      <sentence id="d000.s5979" source="wordnet-bulgarian">
         <instance id="d000.s5979.t000" lemma="бутон" pos="NOUN">бутон</instance>
         <wf lemma="на" pos="X">на</wf>
         <wf lemma="звънец" pos="X">звънец</wf>
         <wf lemma="." pos="X">.</wf>
      </sentence>
      <sentence id="d000.s5980" source="wordnet-bulgarian">
         <wf lemma="хокейно" pos="X">хокейно</wf>
         <instance id="d000.s5980.t000" lemma="игрище" pos="NOUN">игрище</instance>
         <wf lemma="." pos="X">.</wf>
      </sentence>
      <sentence id="d000.s5981" source="wordnet-bulgarian">
         <wf lemma="тричленно" pos="X">тричленно</wf>
         <instance id="d000.s5981.t000" lemma="жури" pos="NOUN">жури</instance>
         <wf lemma="." pos="X">.</wf>
      </sentence>
      <sentence id="d000.s5982" source="wordnet-bulgarian">
         <instance id="d000.s5982.t000" lemma="измина" pos="VERB">изминаха</instance>
         <wf lemma="няколко" pos="X">няколко</wf>
         <wf lemma="часа" pos="X">часа</wf>
         <wf lemma="." pos="X">.</wf>
      </sentence>
      <sentence id="d000.s5983" source="wordnet-bulgarian">
         <instance id="d000.s5983.t000" lemma="лъжа" pos="VERB">Лъжа</instance>
         <wf lemma="без" pos="X">без</wf>
         <wf lemma="да" pos="X">да</wf>
         <wf lemma="ми" pos="X">ми</wf>
         <wf lemma="мигне" pos="X">мигне</wf>
         <wf lemma="окото" pos="X">окото</wf>
         <wf lemma="." pos="X">.</wf>
      </sentence>
      <sentence id="d000.s5984" source="wordnet-bulgarian">
         <wf lemma="имам" pos="X">имам</wf>
         <instance id="d000.s5984.t000" lemma="настроение" pos="NOUN">настроение</instance>
         <wf lemma="за" pos="X">за</wf>
         <wf lemma="." pos="X">.</wf>
      </sentence>
      <sentence id="d000.s5985" source="wordnet-bulgarian">
         <instance id="d000.s5985.t000" lemma="предлагам" pos="VERB">предлагам</instance>
         <wf lemma="женитба" pos="X">женитба</wf>
         <wf lemma="." pos="X">.</wf>
      </sentence>
      <sentence id="d000.s5986" source="wordnet-bulgarian">
         <wf lemma="сватбени" pos="X">сватбени</wf>
         <instance id="d000.s5986.t000" lemma="снимка" pos="NOUN">снимки</instance>
         <wf lemma="." pos="X">.</wf>
      </sentence>
      <sentence id="d000.s5987" source="wordnet-bulgarian">
         <wf lemma="поемам" pos="X">поемам</wf>
         <instance id="d000.s5987.t000" lemma="издръжка" pos="NOUN">издръжката</instance>
         <wf lemma="на" pos="X">на</wf>
         <wf lemma="." pos="X">.</wf>
      </sentence>
      <sentence id="d000.s5988" source="wordnet-bulgarian">
         <wf lemma="океански" pos="X">океански</wf>
         <instance id="d000.s5988.t000" lemma="круиз" pos="NOUN">круиз</instance>
         <wf lemma="." pos="X">.</wf>
      </sentence>
      <sentence id="d000.s5989" source="wordnet-bulgarian">
         <wf lemma="концерт" pos="X">концерт</wf>
         <wf lemma="за" pos="X">за</wf>
         <instance id="d000.s5989.t000" lemma="пиано" pos="NOUN">пиано</instance>
         <wf lemma="." pos="X">.</wf>
      </sentence>
      <sentence id="d000.s5990" source="wordnet-bulgarian">
         <wf lemma="антибиотик" pos="X">антибиотик</wf>
         <wf lemma="на" pos="X">на</wf>
         <instance id="d000.s5990.t000" lemma="таблетка" pos="NOUN">таблетки</instance>
         <wf lemma="." pos="X">.</wf>
      </sentence>
      <sentence id="d000.s5991" source="wordnet-bulgarian">
         <wf lemma="доброволен" pos="X">доброволен</wf>
         <instance id="d000.s5991.t000" lemma="отряд" pos="NOUN">отряд</instance>
         <wf lemma="." pos="X">.</wf>
      </sentence>
      <sentence id="d000.s5992" source="wordnet-bulgarian">
         <wf lemma="Тук" pos="X">Тук</wf>
         <wf lemma="ще" pos="X">ще</wf>
         <wf lemma="се" pos="X">се</wf>
         <wf lemma="строи" pos="X">строи</wf>
         <wf lemma="нов" pos="X">нов</wf>
         <wf lemma="модерен" pos="X">модерен</wf>
         <instance id="d000.s5992.t000" lemma="комплекс" pos="NOUN">комплекс</instance>
         <wf lemma="." pos="X">.</wf>
      </sentence>
      <sentence id="d000.s5993" source="wordnet-bulgarian">
         <wf lemma="Усети" pos="X">Усети</wf>
         <wf lemma="ли" pos="X">ли</wf>
         <instance id="d000.s5993.t000" lemma="земетресение" pos="NOUN">земетресението</instance>
         <wf lemma="?" pos="X">?</wf>
      </sentence>
      <sentence id="d000.s5994" source="wordnet-bulgarian">
         <wf lemma="финансова" pos="X">финансова</wf>
         <instance id="d000.s5994.t000" lemma="операция" pos="NOUN">операция</instance>
         <wf lemma="." pos="X">.</wf>
      </sentence>
      <sentence id="d000.s5995" source="wordnet-bulgarian">
         <wf lemma="Работя" pos="X">Работя</wf>
         <wf lemma="по" pos="X">по</wf>
         <instance id="d000.s5995.t000" lemma="поддръжка" pos="NOUN">поддръжка</instance>
         <wf lemma="на" pos="X">на</wf>
         <wf lemma="машините" pos="X">машините</wf>
         <wf lemma="." pos="X">.</wf>
      </sentence>
      <sentence id="d000.s5996" source="wordnet-bulgarian">
         <instance id="d000.s5996.t000" lemma="наближавам" pos="VERB">наближаваме</instance>
         <wf lemma="къщата" pos="X">къщата</wf>
         <wf lemma="." pos="X">.</wf>
      </sentence>
      <sentence id="d000.s5997" source="wordnet-bulgarian">
         <wf lemma="тикам" pos="X">тикам</wf>
         <instance id="d000.s5997.t000" lemma="количка" pos="NOUN">количка</instance>
         <wf lemma="." pos="X">.</wf>
      </sentence>
      <sentence id="d000.s5998" source="wordnet-bulgarian">
         <wf lemma="силна" pos="X">силна</wf>
         <instance id="d000.s5998.t000" lemma="цигара" pos="NOUN">цигара</instance>
         <wf lemma="." pos="X">.</wf>
      </sentence>
      <sentence id="d000.s5999" source="wordnet-bulgarian">
         <wf lemma="малка" pos="X">малка</wf>
         <instance id="d000.s5999.t000" lemma="уста" pos="NOUN">уста</instance>
         <wf lemma="." pos="X">.</wf>
      </sentence>
      <sentence id="d000.s6000" source="wordnet-bulgarian">
         <wf lemma="командна" pos="X">командна</wf>
         <instance id="d000.s6000.t000" lemma="каюта" pos="NOUN">каюта</instance>
         <wf lemma="." pos="X">.</wf>
      </sentence>
      <sentence id="d000.s6001" source="wordnet-bulgarian">
         <wf lemma="Предстои" pos="X">Предстои</wf>
         <wf lemma="ни" pos="X">ни</wf>
         <instance id="d000.s6001.t000" lemma="обсъждане" pos="NOUN">обсъждане</instance>
         <wf lemma="на" pos="X">на</wf>
         <wf lemma="важен" pos="X">важен</wf>
         <wf lemma="въпрос" pos="X">въпрос</wf>
         <wf lemma="." pos="X">.</wf>
      </sentence>
      <sentence id="d000.s6002" source="wordnet-bulgarian">
         <wf lemma="чета" pos="X">чета</wf>
         <instance id="d000.s6002.t000" lemma="книга" pos="NOUN">книга</instance>
         <wf lemma="." pos="X">.</wf>
      </sentence>
      <sentence id="d000.s6003" source="wordnet-bulgarian">
         <instance id="d000.s6003.t000" lemma="обмисля" pos="VERB">Обмислихме</instance>
         <wf lemma="работата" pos="X">работата</wf>
         <wf lemma="добре" pos="X">добре</wf>
         <wf lemma="и" pos="X">и</wf>
         <wf lemma="тогава" pos="X">тогава</wf>
         <wf lemma="решихме" pos="X">решихме</wf>
         <wf lemma="да" pos="X">да</wf>
         <wf lemma="действаме" pos="X">действаме</wf>
         <wf lemma="." pos="X">.</wf>
      </sentence>
      <sentence id="d000.s6004" source="wordnet-bulgarian">
         <wf lemma="творческа" pos="X">творческа</wf>
         <instance id="d000.s6004.t000" lemma="атмосфера" pos="NOUN">атмосфера</instance>
         <wf lemma="." pos="X">.</wf>
      </sentence>
      <sentence id="d000.s6005" source="wordnet-bulgarian">
         <wf lemma="отглеждам" pos="X">отглеждам</wf>
         <instance id="d000.s6005.t000" lemma="зеленчук" pos="NOUN">зеленчуци</instance>
         <wf lemma="." pos="X">.</wf>
      </sentence>
      <sentence id="d000.s6006" source="wordnet-bulgarian">
         <wf lemma="правя" pos="X">правя</wf>
         <instance id="d000.s6006.t000" lemma="чудо" pos="NOUN">чудеса</instance>
         <wf lemma="." pos="X">.</wf>
      </sentence>
      <sentence id="d000.s6007" source="wordnet-bulgarian">
         <wf lemma="на" pos="X">на</wf>
         <instance id="d000.s6007.t000" lemma="заплата" pos="NOUN">заплата</instance>
         <wf lemma="съм" pos="X">съм</wf>
         <wf lemma="." pos="X">.</wf>
      </sentence>
      <sentence id="d000.s6008" source="wordnet-bulgarian">
         <wf lemma="Боли" pos="X">Боли</wf>
         <wf lemma="ме" pos="X">ме</wf>
         <instance id="d000.s6008.t000" lemma="корем" pos="NOUN">коремът</instance>
         <wf lemma="." pos="X">.</wf>
      </sentence>
      <sentence id="d000.s6009" source="wordnet-bulgarian">
         <wf lemma="голям" pos="X">голям</wf>
         <instance id="d000.s6009.t000" lemma="куфар" pos="NOUN">куфар</instance>
         <wf lemma="." pos="X">.</wf>
      </sentence>
      <sentence id="d000.s6010" source="wordnet-bulgarian">
         <wf lemma="добър" pos="X">добър</wf>
         <instance id="d000.s6010.t000" lemma="баща" pos="NOUN">баща</instance>
         <wf lemma="." pos="X">.</wf>
      </sentence>
      <sentence id="d000.s6011" source="wordnet-bulgarian">
         <wf lemma="сив" pos="X">сив</wf>
         <instance id="d000.s6011.t000" lemma="плъх" pos="NOUN">плъх</instance>
         <wf lemma="." pos="X">.</wf>
      </sentence>
      <sentence id="d000.s6012" source="wordnet-bulgarian">
         <wf lemma="Той" pos="X">Той</wf>
         <wf lemma="е" pos="X">е</wf>
         <wf lemma="върл" pos="X">върл</wf>
         <instance id="d000.s6012.t000" lemma="противник" pos="NOUN">противник</instance>
         <wf lemma="на" pos="X">на</wf>
         <wf lemma="тютюнопушенето" pos="X">тютюнопушенето</wf>
         <wf lemma="." pos="X">.</wf>
      </sentence>
      <sentence id="d000.s6013" source="wordnet-bulgarian">
         <wf lemma="долен" pos="X">долен</wf>
         <instance id="d000.s6013.t000" lemma="крайник" pos="NOUN">крайник</instance>
         <wf lemma="." pos="X">.</wf>
      </sentence>
      <sentence id="d000.s6014" source="wordnet-bulgarian">
         <wf lemma="с" pos="X">с</wf>
         <wf lemma="бързи" pos="X">бързи</wf>
         <instance id="d000.s6014.t000" lemma="темп" pos="NOUN">темпове</instance>
         <wf lemma="." pos="X">.</wf>
      </sentence>
      <sentence id="d000.s6015" source="wordnet-bulgarian">
         <instance id="d000.s6015.t000" lemma="влошавам" pos="VERB">влошавам</instance>
         <wf lemma="отношенията" pos="X">отношенията</wf>
         <wf lemma="си" pos="X">си</wf>
         <wf lemma="с." pos="X">с.</wf>
      </sentence>
      <sentence id="d000.s6016" source="wordnet-bulgarian">
         <wf lemma="Той" pos="X">Той</wf>
         <wf lemma="беше" pos="X">беше</wf>
         <wf lemma="пуснат" pos="X">пуснат</wf>
         <wf lemma="на" pos="X">на</wf>
         <wf lemma="свобода" pos="X">свобода</wf>
         <wf lemma="под" pos="X">под</wf>
         <instance id="d000.s6016.t000" lemma="гаранция" pos="NOUN">гаранция</instance>
         <wf lemma="." pos="X">.</wf>
      </sentence>
      <sentence id="d000.s6017" source="wordnet-bulgarian">
         <wf lemma="изгубвам" pos="X">изгубвам</wf>
         <instance id="d000.s6017.t000" lemma="здраве" pos="NOUN">здравето</instance>
         <wf lemma="си" pos="X">си</wf>
         <wf lemma="." pos="X">.</wf>
      </sentence>
      <sentence id="d000.s6018" source="wordnet-bulgarian">
         <wf lemma="Това" pos="X">Това</wf>
         <wf lemma="е" pos="X">е</wf>
         <wf lemma="моята" pos="X">моята</wf>
         <instance id="d000.s6018.t000" lemma="стая" pos="NOUN">стая</instance>
         <wf lemma="." pos="X">.</wf>
      </sentence>
      <sentence id="d000.s6019" source="wordnet-bulgarian">
         <wf lemma="Навън" pos="X">Навън</wf>
         <wf lemma="се" pos="X">се</wf>
         <wf lemma="чу" pos="X">чу</wf>
         <wf lemma="шум" pos="X">шум</wf>
         <wf lemma="и" pos="X">и</wf>
         <wf lemma="силен" pos="X">силен</wf>
         <wf lemma="лай" pos="X">лай</wf>
         <wf lemma="на" pos="X">на</wf>
         <instance id="d000.s6019.t000" lemma="куче" pos="NOUN">куче</instance>
         <wf lemma="." pos="X">.</wf>
      </sentence>
      <sentence id="d000.s6020" source="wordnet-bulgarian">
         <wf lemma="Щом" pos="X">Щом</wf>
         <wf lemma="си" pos="X">си</wf>
         <wf lemma="изплатя" pos="X">изплатя</wf>
         <instance id="d000.s6020.t000" lemma="кредит" pos="NOUN">кредита</instance>
         <wf lemma="," pos="X">,</wf>
         <wf lemma="веднага" pos="X">веднага</wf>
         <wf lemma="взимам" pos="X">взимам</wf>
         <wf lemma="друг" pos="X">друг</wf>
         <wf lemma="." pos="X">.</wf>
      </sentence>
      <sentence id="d000.s6021" source="wordnet-bulgarian">
         <instance id="d000.s6021.t000" lemma="изложба" pos="NOUN">Изложбата</instance>
         <wf lemma="премина" pos="X">премина</wf>
         <wf lemma="с" pos="X">с</wf>
         <wf lemma="голям" pos="X">голям</wf>
         <wf lemma="успех" pos="X">успех</wf>
         <wf lemma="." pos="X">.</wf>
      </sentence>
      <sentence id="d000.s6022" source="wordnet-bulgarian">
         <wf lemma="Купих" pos="X">Купих</wf>
         <wf lemma="си" pos="X">си</wf>
         <wf lemma="нова" pos="X">нова</wf>
         <instance id="d000.s6022.t000" lemma="пола" pos="NOUN">пола</instance>
         <wf lemma="." pos="X">.</wf>
      </sentence>
      <sentence id="d000.s6023" source="wordnet-bulgarian">
         <wf lemma="Ако" pos="X">Ако</wf>
         <wf lemma="ви" pos="X">ви</wf>
         <instance id="d000.s6023.t000" lemma="допадам" pos="VERB">допадам</instance>
         <wf lemma="," pos="X">,</wf>
         <wf lemma="вземете" pos="X">вземете</wf>
         <wf lemma="и" pos="X">и</wf>
         <wf lemma="мене" pos="X">мене</wf>
         <wf lemma="." pos="X">.</wf>
      </sentence>
      <sentence id="d000.s6024" source="wordnet-bulgarian">
         <wf lemma="Търся" pos="X">Търся</wf>
         <wf lemma="здрава" pos="X">здрава</wf>
         <instance id="d000.s6024.t000" lemma="вена" pos="NOUN">вена</instance>
         <wf lemma="." pos="X">.</wf>
      </sentence>
      <sentence id="d000.s6025" source="wordnet-bulgarian">
         <instance id="d000.s6025.t000" lemma="риск" pos="NOUN">риск</instance>
         <wf lemma="губи" pos="X">губи</wf>
         <wf lemma="," pos="X">,</wf>
         <wf lemma="риск" pos="X">риск</wf>
         <wf lemma="печели" pos="X">печели</wf>
         <wf lemma="." pos="X">.</wf>
      </sentence>
      <sentence id="d000.s6026" source="wordnet-bulgarian">
         <instance id="d000.s6026.t000" lemma="споделя" pos="VERB">Споделих</instance>
         <wf lemma="вечерята" pos="X">вечерята</wf>
         <wf lemma="с" pos="X">с</wf>
         <wf lemma="приятели" pos="X">приятели</wf>
         <wf lemma="." pos="X">.</wf>
      </sentence>
      <sentence id="d000.s6027" source="wordnet-bulgarian">
         <instance id="d000.s6027.t000" lemma="артикулирам" pos="VERB">Артикулирам</instance>
         <wf lemma="някои" pos="X">някои</wf>
         <wf lemma="съгласни" pos="X">съгласни</wf>
         <wf lemma="меко" pos="X">меко</wf>
         <wf lemma="." pos="X">.</wf>
      </sentence>
      <sentence id="d000.s6028" source="wordnet-bulgarian">
         <wf lemma="технически" pos="X">технически</wf>
         <instance id="d000.s6028.t000" lemma="ресурс" pos="NOUN">ресурси</instance>
         <wf lemma="." pos="X">.</wf>
      </sentence>
      <sentence id="d000.s6029" source="wordnet-bulgarian">
         <wf lemma="протестна" pos="X">протестна</wf>
         <instance id="d000.s6029.t000" lemma="кампания" pos="NOUN">кампания</instance>
         <wf lemma="за" pos="X">за</wf>
         <wf lemma="мир" pos="X">мир</wf>
         <wf lemma="." pos="X">.</wf>
      </sentence>
      <sentence id="d000.s6030" source="wordnet-bulgarian">
         <wf lemma="административен" pos="X">административен</wf>
         <instance id="d000.s6030.t000" lemma="пропуск" pos="NOUN">пропуск</instance>
         <wf lemma="." pos="X">.</wf>
      </sentence>
      <sentence id="d000.s6031" source="wordnet-bulgarian">
         <wf lemma="Тя" pos="X">Тя</wf>
         <wf lemma="е" pos="X">е</wf>
         <wf lemma="известна" pos="X">известна</wf>
         <wf lemma="актриса" pos="X">актриса</wf>
         <wf lemma="и" pos="X">и</wf>
         <wf lemma="затова" pos="X">затова</wf>
         <wf lemma="разполага" pos="X">разполага</wf>
         <wf lemma="с" pos="X">с</wf>
         <wf lemma="богат" pos="X">богат</wf>
         <instance id="d000.s6031.t000" lemma="гардероб" pos="NOUN">гардероб</instance>
         <wf lemma="." pos="X">.</wf>
      </sentence>
      <sentence id="d000.s6032" source="wordnet-bulgarian">
         <instance id="d000.s6032.t000" lemma="звезда" pos="NOUN">звезда</instance>
         <wf lemma="от" pos="X">от</wf>
         <wf lemma="съзвездието" pos="X">съзвездието</wf>
         <wf lemma="Козирог" pos="X">Козирог</wf>
         <wf lemma="." pos="X">.</wf>
      </sentence>
      <sentence id="d000.s6033" source="wordnet-bulgarian">
         <wf lemma="луксозна" pos="X">луксозна</wf>
         <instance id="d000.s6033.t000" lemma="стока" pos="NOUN">стока</instance>
         <wf lemma="." pos="X">.</wf>
      </sentence>
      <sentence id="d000.s6034" source="wordnet-bulgarian">
         <wf lemma="имам" pos="X">имам</wf>
         <wf lemma="тайни" pos="X">тайни</wf>
         <instance id="d000.s6034.t000" lemma="запас" pos="NOUN">запаси</instance>
         <wf lemma="." pos="X">.</wf>
      </sentence>
      <sentence id="d000.s6035" source="wordnet-bulgarian">
         <instance id="d000.s6035.t000" lemma="позволявам" pos="VERB">позволявам</instance>
         <wf lemma="на" pos="X">на</wf>
         <wf lemma="." pos="X">.</wf>
      </sentence>
      <sentence id="d000.s6036" source="wordnet-bulgarian">
         <wf lemma="Нямам" pos="X">Нямам</wf>
         <instance id="d000.s6036.t000" lemma="контакт" pos="NOUN">контакт</instance>
         <wf lemma="с" pos="X">с</wf>
         <wf lemma="външния" pos="X">външния</wf>
         <wf lemma="свят" pos="X">свят</wf>
         <wf lemma="." pos="X">.</wf>
      </sentence>
      <sentence id="d000.s6037" source="wordnet-bulgarian">
         <wf lemma="Той" pos="X">Той</wf>
         <wf lemma="блесна" pos="X">блесна</wf>
         <wf lemma="със" pos="X">със</wf>
         <wf lemma="своето" pos="X">своето</wf>
         <instance id="d000.s6037.t000" lemma="невежество" pos="NOUN">невежество</instance>
         <wf lemma="." pos="X">.</wf>
      </sentence>
      <sentence id="d000.s6038" source="wordnet-bulgarian">
         <wf lemma="непредвидено" pos="X">непредвидено</wf>
         <instance id="d000.s6038.t000" lemma="усложнение" pos="NOUN">усложнение</instance>
         <wf lemma="." pos="X">.</wf>
      </sentence>
      <sentence id="d000.s6039" source="wordnet-bulgarian">
         <instance id="d000.s6039.t000" lemma="наръчник" pos="NOUN">наръчник</instance>
         <wf lemma="за" pos="X">за</wf>
         <wf lemma="." pos="X">.</wf>
      </sentence>
      <sentence id="d000.s6040" source="wordnet-bulgarian">
         <instance id="d000.s6040.t000" lemma="подготовка" pos="NOUN">подготовка</instance>
         <wf lemma="за" pos="X">за</wf>
         <wf lemma="." pos="X">.</wf>
      </sentence>
      <sentence id="d000.s6041" source="wordnet-bulgarian">
         <wf lemma="по" pos="X">по</wf>
         <instance id="d000.s6041.t000" lemma="милост" pos="NOUN">милост</instance>
         <wf lemma="." pos="X">.</wf>
      </sentence>
      <sentence id="d000.s6042" source="wordnet-bulgarian">
         <wf lemma="Имам" pos="X">Имам</wf>
         <wf lemma="си" pos="X">си</wf>
         <instance id="d000.s6042.t000" lemma="момче" pos="NOUN">момче</instance>
         <wf lemma="." pos="X">.</wf>
      </sentence>
      <sentence id="d000.s6043" source="wordnet-bulgarian">
         <wf lemma="Нямате" pos="X">Нямате</wf>
         <wf lemma="повече" pos="X">повече</wf>
         <instance id="d000.s6043.t000" lemma="ръка" pos="NOUN">ръце</instance>
         <wf lemma="." pos="X">.</wf>
      </sentence>
      <sentence id="d000.s6044" source="wordnet-bulgarian">
         <wf lemma="танцова" pos="X">танцова</wf>
         <instance id="d000.s6044.t000" lemma="трупа" pos="NOUN">трупа</instance>
         <wf lemma="." pos="X">.</wf>
      </sentence>
      <sentence id="d000.s6045" source="wordnet-bulgarian">
         <wf lemma="кенарено" pos="X">кенарено</wf>
         <instance id="d000.s6045.t000" lemma="платно" pos="NOUN">платно</instance>
         <wf lemma="." pos="X">.</wf>
      </sentence>
      <sentence id="d000.s6046" source="wordnet-bulgarian">
         <wf lemma="физически" pos="X">физически</wf>
         <instance id="d000.s6046.t000" lemma="труд" pos="NOUN">труд</instance>
         <wf lemma="." pos="X">.</wf>
      </sentence>
      <sentence id="d000.s6047" source="wordnet-bulgarian">
         <wf lemma="Тя" pos="X">Тя</wf>
         <wf lemma="влезе" pos="X">влезе</wf>
         <wf lemma="в" pos="X">в</wf>
         <instance id="d000.s6047.t000" lemma="роля" pos="NOUN">ролята</instance>
         <wf lemma="си" pos="X">си</wf>
         <wf lemma="на" pos="X">на</wf>
         <wf lemma="домакиня" pos="X">домакиня</wf>
         <wf lemma="." pos="X">.</wf>
      </sentence>
      <sentence id="d000.s6048" source="wordnet-bulgarian">
         <wf lemma="стигам" pos="X">стигам</wf>
         <wf lemma="до" pos="X">до</wf>
         <wf lemma="някакво" pos="X">някакво</wf>
         <instance id="d000.s6048.t000" lemma="решение" pos="NOUN">решение</instance>
         <wf lemma="." pos="X">.</wf>
      </sentence>
      <sentence id="d000.s6049" source="wordnet-bulgarian">
         <wf lemma="поръчвам" pos="X">поръчвам</wf>
         <wf lemma="си" pos="X">си</wf>
         <instance id="d000.s6049.t000" lemma="бира" pos="NOUN">бира</instance>
         <wf lemma="." pos="X">.</wf>
      </sentence>
      <sentence id="d000.s6050" source="wordnet-bulgarian">
         <wf lemma="човекоподобни" pos="X">човекоподобни</wf>
         <instance id="d000.s6050.t000" lemma="маймуна" pos="NOUN">маймуни</instance>
         <wf lemma="." pos="X">.</wf>
      </sentence>
      <sentence id="d000.s6051" source="wordnet-bulgarian">
         <wf lemma="сеизмична" pos="X">сеизмична</wf>
         <instance id="d000.s6051.t000" lemma="активност" pos="NOUN">активност</instance>
         <wf lemma="." pos="X">.</wf>
      </sentence>
      <sentence id="d000.s6052" source="wordnet-bulgarian">
         <wf lemma="природен" pos="X">природен</wf>
         <instance id="d000.s6052.t000" lemma="брат" pos="NOUN">брат</instance>
         <wf lemma="." pos="X">.</wf>
      </sentence>
      <sentence id="d000.s6053" source="wordnet-bulgarian">
         <wf lemma="остро" pos="X">остро</wf>
         <instance id="d000.s6053.t000" lemma="зрение" pos="NOUN">зрение</instance>
         <wf lemma="." pos="X">.</wf>
      </sentence>
      <sentence id="d000.s6054" source="wordnet-bulgarian">
         <wf lemma="пъстър" pos="X">пъстър</wf>
         <instance id="d000.s6054.t000" lemma="свят" pos="NOUN">свят</instance>
         <wf lemma="." pos="X">.</wf>
      </sentence>
      <sentence id="d000.s6055" source="wordnet-bulgarian">
         <instance id="d000.s6055.t000" lemma="опаковам" pos="VERB">опаковам</instance>
         <wf lemma="сандвичи" pos="X">сандвичи</wf>
         <wf lemma="." pos="X">.</wf>
      </sentence>
      <sentence id="d000.s6056" source="wordnet-bulgarian">
         <wf lemma="Тая" pos="X">Тая</wf>
         <wf lemma="година" pos="X">година</wf>
         <instance id="d000.s6056.t000" lemma="започна" pos="VERB">започнахме</instance>
         <wf lemma="жътвата" pos="X">жътвата</wf>
         <wf lemma="по-рано" pos="X">по-рано</wf>
         <wf lemma="." pos="X">.</wf>
      </sentence>
      <sentence id="d000.s6057" source="wordnet-bulgarian">
         <wf lemma="В" pos="X">В</wf>
         <wf lemma="Япония" pos="X">Япония</wf>
         <wf lemma="повечето" pos="X">повечето</wf>
         <instance id="d000.s6057.t000" lemma="риба" pos="NOUN">риби</instance>
         <wf lemma="се" pos="X">се</wf>
         <wf lemma="консумират" pos="X">консумират</wf>
         <wf lemma="сурови" pos="X">сурови</wf>
         <wf lemma="." pos="X">.</wf>
      </sentence>
      <sentence id="d000.s6058" source="wordnet-bulgarian">
         <wf lemma="преговори" pos="X">преговори</wf>
         <wf lemma="на" pos="X">на</wf>
         <wf lemma="високо" pos="X">високо</wf>
         <instance id="d000.s6058.t000" lemma="равнище" pos="NOUN">равнище</instance>
         <wf lemma="." pos="X">.</wf>
      </sentence>
      <sentence id="d000.s6059" source="wordnet-bulgarian">
         <wf lemma="поставям" pos="X">поставям</wf>
         <instance id="d000.s6059.t000" lemma="печат" pos="NOUN">печат</instance>
         <wf lemma="." pos="X">.</wf>
      </sentence>
      <sentence id="d000.s6060" source="wordnet-bulgarian">
         <wf lemma="давам" pos="X">давам</wf>
         <instance id="d000.s6060.t000" lemma="гласност" pos="NOUN">гласност</instance>
         <wf lemma="на" pos="X">на</wf>
         <wf lemma="." pos="X">.</wf>
      </sentence>
      <sentence id="d000.s6061" source="wordnet-bulgarian">
         <wf lemma="символична" pos="X">символична</wf>
         <instance id="d000.s6061.t000" lemma="стачка" pos="NOUN">стачка</instance>
         <wf lemma="." pos="X">.</wf>
      </sentence>
      <sentence id="d000.s6062" source="wordnet-bulgarian">
         <wf lemma="Най-сетне" pos="X">Най-сетне</wf>
         <wf lemma="той" pos="X">той</wf>
         <wf lemma="получи" pos="X">получи</wf>
         <instance id="d000.s6062.t000" lemma="справедливост" pos="NOUN">справедливост</instance>
         <wf lemma="от" pos="X">от</wf>
         <wf lemma="закона" pos="X">закона</wf>
         <wf lemma="." pos="X">.</wf>
      </sentence>
      <sentence id="d000.s6063" source="wordnet-bulgarian">
         <wf lemma="ленено" pos="X">ленено</wf>
         <instance id="d000.s6063.t000" lemma="платно" pos="NOUN">платно</instance>
         <wf lemma="." pos="X">.</wf>
      </sentence>
      <sentence id="d000.s6064" source="wordnet-bulgarian">
         <instance id="d000.s6064.t000" lemma="термин" pos="NOUN">термин</instance>
         <wf lemma="от" pos="X">от</wf>
         <wf lemma="." pos="X">.</wf>
      </sentence>
      <sentence id="d000.s6065" source="wordnet-bulgarian">
         <wf lemma="Това" pos="X">Това</wf>
         <wf lemma="не" pos="X">не</wf>
         <instance id="d000.s6065.t000" lemma="завися" pos="VERB">зависи</instance>
         <wf lemma="от" pos="X">от</wf>
         <wf lemma="мене" pos="X">мене</wf>
         <wf lemma="." pos="X">.</wf>
      </sentence>
      <sentence id="d000.s6066" source="wordnet-bulgarian">
         <wf lemma="дългочакано" pos="X">дългочакано</wf>
         <instance id="d000.s6066.t000" lemma="бебе" pos="NOUN">бебе</instance>
         <wf lemma="." pos="X">.</wf>
      </sentence>
      <sentence id="d000.s6067" source="wordnet-bulgarian">
         <wf lemma="мандраджийско" pos="X">мандраджийско</wf>
         <instance id="d000.s6067.t000" lemma="масло" pos="NOUN">масло</instance>
         <wf lemma="." pos="X">.</wf>
      </sentence>
      <sentence id="d000.s6068" source="wordnet-bulgarian">
         <wf lemma="груба" pos="X">груба</wf>
         <instance id="d000.s6068.t000" lemma="грешка" pos="NOUN">грешка</instance>
         <wf lemma="." pos="X">.</wf>
      </sentence>
      <sentence id="d000.s6069" source="wordnet-bulgarian">
         <wf lemma="спящ" pos="X">спящ</wf>
         <instance id="d000.s6069.t000" lemma="вулкан" pos="NOUN">вулкан</instance>
         <wf lemma="." pos="X">.</wf>
      </sentence>
      <sentence id="d000.s6070" source="wordnet-bulgarian">
         <wf lemma="дарявам" pos="X">дарявам</wf>
         <instance id="d000.s6070.t000" lemma="парцел" pos="NOUN">парцел</instance>
         <wf lemma="." pos="X">.</wf>
      </sentence>
      <sentence id="d000.s6071" source="wordnet-bulgarian">
         <instance id="d000.s6071.t000" lemma="пренебрегвам" pos="VERB">пренебрегвам</instance>
         <wf lemma="думите" pos="X">думите</wf>
         <wf lemma="на" pos="X">на</wf>
         <wf lemma="." pos="X">.</wf>
      </sentence>
      <sentence id="d000.s6072" source="wordnet-bulgarian">
         <wf lemma="компетентно" pos="X">компетентно</wf>
         <instance id="d000.s6072.t000" lemma="мнение" pos="NOUN">мнение</instance>
         <wf lemma="." pos="X">.</wf>
      </sentence>
      <sentence id="d000.s6073" source="wordnet-bulgarian">
         <instance id="d000.s6073.t000" lemma="ръководител" pos="NOUN">ръководител</instance>
         <wf lemma="на" pos="X">на</wf>
         <wf lemma="." pos="X">.</wf>
      </sentence>
      <sentence id="d000.s6074" source="wordnet-bulgarian">
         <wf lemma="периоднична" pos="X">периоднична</wf>
         <instance id="d000.s6074.t000" lemma="таблица" pos="NOUN">таблица</instance>
         <wf lemma="." pos="X">.</wf>
      </sentence>
      <sentence id="d000.s6075" source="wordnet-bulgarian">
         <instance id="d000.s6075.t000" lemma="залагам" pos="VERB">залагам</instance>
         <wf lemma="ценни" pos="X">ценни</wf>
         <wf lemma="книжа" pos="X">книжа</wf>
         <wf lemma="." pos="X">.</wf>
      </sentence>
      <sentence id="d000.s6076" source="wordnet-bulgarian">
         <wf lemma="седмичен" pos="X">седмичен</wf>
         <instance id="d000.s6076.t000" lemma="бюлетин" pos="NOUN">бюлетин</instance>
         <wf lemma="." pos="X">.</wf>
      </sentence>
      <sentence id="d000.s6077" source="wordnet-bulgarian">
         <wf lemma="военноисторически" pos="X">военноисторически</wf>
         <instance id="d000.s6077.t000" lemma="музей" pos="NOUN">музей</instance>
         <wf lemma="." pos="X">.</wf>
      </sentence>
      <sentence id="d000.s6078" source="wordnet-bulgarian">
         <wf lemma="къс" pos="X">къс</wf>
         <instance id="d000.s6078.t000" lemma="пирон" pos="NOUN">пирон</instance>
         <wf lemma="." pos="X">.</wf>
      </sentence>
      <sentence id="d000.s6079" source="wordnet-bulgarian">
         <wf lemma="чета" pos="X">чета</wf>
         <instance id="d000.s6079.t000" lemma="библия" pos="NOUN">Библията</instance>
         <wf lemma="." pos="X">.</wf>
      </sentence>
      <sentence id="d000.s6080" source="wordnet-bulgarian">
         <wf lemma="малък" pos="X">малък</wf>
         <instance id="d000.s6080.t000" lemma="престой" pos="NOUN">престой</instance>
         <wf lemma="." pos="X">.</wf>
      </sentence>
      <sentence id="d000.s6081" source="wordnet-bulgarian">
         <wf lemma="Той" pos="X">Той</wf>
         <wf lemma="хвърли" pos="X">хвърли</wf>
         <instance id="d000.s6081.t000" lemma="камък" pos="NOUN">камък</instance>
         <wf lemma="по" pos="X">по</wf>
         <wf lemma="мен" pos="X">мен</wf>
         <wf lemma="." pos="X">.</wf>
      </sentence>
      <sentence id="d000.s6082" source="wordnet-bulgarian">
         <wf lemma="каменен" pos="X">каменен</wf>
         <instance id="d000.s6082.t000" lemma="под" pos="NOUN">под</instance>
         <wf lemma="." pos="X">.</wf>
      </sentence>
      <sentence id="d000.s6083" source="wordnet-bulgarian">
         <wf lemma="Народът" pos="X">Народът</wf>
         <instance id="d000.s6083.t000" lemma="създавам" pos="VERB">създава</instance>
         <wf lemma="всички" pos="X">всички</wf>
         <wf lemma="блага" pos="X">блага</wf>
         <wf lemma="." pos="X">.</wf>
      </sentence>
      <sentence id="d000.s6084" source="wordnet-bulgarian">
         <wf lemma="пред" pos="X">пред</wf>
         <instance id="d000.s6084.t000" lemma="банкрут" pos="NOUN">банкрут</instance>
         <wf lemma="." pos="X">.</wf>
      </sentence>
      <sentence id="d000.s6085" source="wordnet-bulgarian">
         <instance id="d000.s6085.t000" lemma="издължа" pos="VERB">Издължих</instance>
         <wf lemma="му" pos="X">му</wf>
         <wf lemma="цялата" pos="X">цялата</wf>
         <wf lemma="сума" pos="X">сума</wf>
         <wf lemma="." pos="X">.</wf>
      </sentence>
      <sentence id="d000.s6086" source="wordnet-bulgarian">
         <wf lemma="Ти" pos="X">Ти</wf>
         <wf lemma="си" pos="X">си</wf>
         <wf lemma="още" pos="X">още</wf>
         <instance id="d000.s6086.t000" lemma="ученик" pos="NOUN">ученик</instance>
         <wf lemma="," pos="X">,</wf>
         <wf lemma="питай" pos="X">питай</wf>
         <wf lemma="майстора" pos="X">майстора</wf>
         <wf lemma="." pos="X">.</wf>
      </sentence>
      <sentence id="d000.s6087" source="wordnet-bulgarian">
         <wf lemma="сладко" pos="X">сладко</wf>
         <wf lemma="от" pos="X">от</wf>
         <instance id="d000.s6087.t000" lemma="фурма" pos="NOUN">фурми</instance>
         <wf lemma="." pos="X">.</wf>
      </sentence>
      <sentence id="d000.s6088" source="wordnet-bulgarian">
         <wf lemma="готви" pos="X">готви</wf>
         <wf lemma="прекрасни" pos="X">прекрасни</wf>
         <instance id="d000.s6088.t000" lemma="ядене" pos="NOUN">яденета</instance>
         <wf lemma="." pos="X">.</wf>
      </sentence>
      <sentence id="d000.s6089" source="wordnet-bulgarian">
         <wf lemma="Той" pos="X">Той</wf>
         <wf lemma="живее" pos="X">живее</wf>
         <wf lemma="на" pos="X">на</wf>
         <instance id="d000.s6089.t000" lemma="улица" pos="NOUN">улица</instance>
         <wf lemma="&quot;" pos="X">&quot;</wf>
         <wf lemma="Здравец" pos="X">Здравец</wf>
         <wf lemma="&quot;" pos="X">&quot;</wf>
         <wf lemma="." pos="X">.</wf>
      </sentence>
      <sentence id="d000.s6090" source="wordnet-bulgarian">
         <wf lemma="чувство" pos="X">чувство</wf>
         <wf lemma="за" pos="X">за</wf>
         <instance id="d000.s6090.t000" lemma="справедливост" pos="NOUN">справедливост</instance>
         <wf lemma="." pos="X">.</wf>
      </sentence>
      <sentence id="d000.s6091" source="wordnet-bulgarian">
         <wf lemma="късна" pos="X">късна</wf>
         <instance id="d000.s6091.t000" lemma="есен" pos="NOUN">есен</instance>
         <wf lemma="." pos="X">.</wf>
      </sentence>
      <sentence id="d000.s6092" source="wordnet-bulgarian">
         <wf lemma="Смъртното" pos="X">Смъртното</wf>
         <wf lemma="наказание" pos="X">наказание</wf>
         <wf lemma="е" pos="X">е</wf>
         <instance id="d000.s6092.t000" lemma="заменя" pos="VERB">заменено</instance>
         <wf lemma="с" pos="X">с</wf>
         <wf lemma="доживотен" pos="X">доживотен</wf>
         <wf lemma="затвор" pos="X">затвор</wf>
         <wf lemma="." pos="X">.</wf>
      </sentence>
      <sentence id="d000.s6093" source="wordnet-bulgarian">
         <instance id="d000.s6093.t000" lemma="отменям" pos="VERB">отменям</instance>
         <wf lemma="заповед" pos="X">заповед</wf>
         <wf lemma="." pos="X">.</wf>
      </sentence>
      <sentence id="d000.s6094" source="wordnet-bulgarian">
         <instance id="d000.s6094.t000" lemma="порция" pos="NOUN">порция</instance>
         <wf lemma="бадеми" pos="X">бадеми</wf>
         <wf lemma="." pos="X">.</wf>
      </sentence>
      <sentence id="d000.s6095" source="wordnet-bulgarian">
         <instance id="d000.s6095.t000" lemma="благодаря" pos="VERB">благодаря</instance>
         <wf lemma="на" pos="X">на</wf>
         <wf lemma="." pos="X">.</wf>
      </sentence>
      <sentence id="d000.s6096" source="wordnet-bulgarian">
         <wf lemma="вечерно" pos="X">вечерно</wf>
         <instance id="d000.s6096.t000" lemma="представление" pos="NOUN">представление</instance>
         <wf lemma="." pos="X">.</wf>
      </sentence>
      <sentence id="d000.s6097" source="wordnet-bulgarian">
         <wf lemma="ремонт" pos="X">ремонт</wf>
         <wf lemma="на" pos="X">на</wf>
         <instance id="d000.s6097.t000" lemma="апартамент" pos="NOUN">апартамент</instance>
         <wf lemma="." pos="X">.</wf>
      </sentence>
      <sentence id="d000.s6098" source="wordnet-bulgarian">
         <instance id="d000.s6098.t000" lemma="еволюция" pos="NOUN">еволюция</instance>
         <wf lemma="на" pos="X">на</wf>
         <wf lemma="." pos="X">.</wf>
      </sentence>
      <sentence id="d000.s6099" source="wordnet-bulgarian">
         <wf lemma="въздушнодесантна" pos="X">въздушнодесантна</wf>
         <instance id="d000.s6099.t000" lemma="армия" pos="NOUN">армия</instance>
         <wf lemma="." pos="X">.</wf>
      </sentence>
      <sentence id="d000.s6100" source="wordnet-bulgarian">
         <wf lemma="в" pos="X">в</wf>
         <instance id="d000.s6100.t000" lemma="случай" pos="NOUN">случай</instance>
         <wf lemma="на" pos="X">на</wf>
         <wf lemma="." pos="X">.</wf>
      </sentence>
      <sentence id="d000.s6101" source="wordnet-bulgarian">
         <wf lemma="Ти" pos="X">Ти</wf>
         <wf lemma="нямаш" pos="X">нямаш</wf>
         <instance id="d000.s6101.t000" lemma="душа" pos="NOUN">душа</instance>
         <wf lemma="." pos="X">.</wf>
      </sentence>
      <sentence id="d000.s6102" source="wordnet-bulgarian">
         <instance id="d000.s6102.t000" lemma="директор" pos="NOUN">директор</instance>
         <wf lemma="на" pos="X">на</wf>
         <wf lemma="училище" pos="X">училище</wf>
         <wf lemma="." pos="X">.</wf>
      </sentence>
      <sentence id="d000.s6103" source="wordnet-bulgarian">
         <wf lemma="плавателна" pos="X">плавателна</wf>
         <instance id="d000.s6103.t000" lemma="река" pos="NOUN">река</instance>
         <wf lemma="." pos="X">.</wf>
      </sentence>
      <sentence id="d000.s6104" source="wordnet-bulgarian">
         <wf lemma="дългогодишно" pos="X">дългогодишно</wf>
         <instance id="d000.s6104.t000" lemma="познанство" pos="NOUN">познанство</instance>
         <wf lemma="." pos="X">.</wf>
      </sentence>
      <sentence id="d000.s6105" source="wordnet-bulgarian">
         <wf lemma="дългосрочен" pos="X">дългосрочен</wf>
         <instance id="d000.s6105.t000" lemma="заем" pos="NOUN">заем</instance>
         <wf lemma="." pos="X">.</wf>
      </sentence>
      <sentence id="d000.s6106" source="wordnet-bulgarian">
         <wf lemma="ранна" pos="X">ранна</wf>
         <instance id="d000.s6106.t000" lemma="възраст" pos="NOUN">възраст</instance>
         <wf lemma="." pos="X">.</wf>
      </sentence>
      <sentence id="d000.s6107" source="wordnet-bulgarian">
         <wf lemma="малко" pos="X">малко</wf>
         <instance id="d000.s6107.t000" lemma="отделение" pos="NOUN">отделение</instance>
         <wf lemma="." pos="X">.</wf>
      </sentence>
      <sentence id="d000.s6108" source="wordnet-bulgarian">
         <wf lemma="полски" pos="X">полски</wf>
         <instance id="d000.s6108.t000" lemma="щурец" pos="NOUN">щурец</instance>
         <wf lemma="." pos="X">.</wf>
      </sentence>
      <sentence id="d000.s6109" source="wordnet-bulgarian">
         <wf lemma="тясна" pos="X">тясна</wf>
         <instance id="d000.s6109.t000" lemma="пола" pos="NOUN">пола</instance>
         <wf lemma="." pos="X">.</wf>
      </sentence>
      <sentence id="d000.s6110" source="wordnet-bulgarian">
         <wf lemma="градоносен" pos="X">градоносен</wf>
         <instance id="d000.s6110.t000" lemma="облак" pos="NOUN">облак</instance>
         <wf lemma="." pos="X">.</wf>
      </sentence>
      <sentence id="d000.s6111" source="wordnet-bulgarian">
         <wf lemma="без" pos="X">без</wf>
         <instance id="d000.s6111.t000" lemma="регистрация" pos="NOUN">регистрация</instance>
         <wf lemma="." pos="X">.</wf>
      </sentence>
      <sentence id="d000.s6112" source="wordnet-bulgarian">
         <wf lemma="Работих" pos="X">Работих</wf>
         <wf lemma="непрекъснато" pos="X">непрекъснато</wf>
         <wf lemma="четири" pos="X">четири</wf>
         <instance id="d000.s6112.t000" lemma="час" pos="NOUN">часа</instance>
         <wf lemma="." pos="X">.</wf>
      </sentence>
      <sentence id="d000.s6113" source="wordnet-bulgarian">
         <wf lemma="музикална" pos="X">музикална</wf>
         <instance id="d000.s6113.t000" lemma="репетиция" pos="NOUN">репетиция</instance>
         <wf lemma="." pos="X">.</wf>
      </sentence>
      <sentence id="d000.s6114" source="wordnet-bulgarian">
         <wf lemma="Чета" pos="X">Чета</wf>
         <instance id="d000.s6114.t000" lemma="страница" pos="NOUN">страница</instance>
         <wf lemma="след" pos="X">след</wf>
         <wf lemma="страница" pos="X">страница</wf>
         <wf lemma="от" pos="X">от</wf>
         <wf lemma="книгата" pos="X">книгата</wf>
         <wf lemma="и" pos="X">и</wf>
         <wf lemma="не" pos="X">не</wf>
         <wf lemma="мога" pos="X">мога</wf>
         <wf lemma="да" pos="X">да</wf>
         <wf lemma="спра" pos="X">спра</wf>
         <wf lemma="." pos="X">.</wf>
      </sentence>
      <sentence id="d000.s6115" source="wordnet-bulgarian">
         <instance id="d000.s6115.t000" lemma="повереник" pos="NOUN">Повереник</instance>
         <wf lemma="на" pos="X">на</wf>
         <wf lemma="адвокат" pos="X">адвокат</wf>
         <wf lemma="." pos="X">.</wf>
      </sentence>
      <sentence id="d000.s6116" source="wordnet-bulgarian">
         <wf lemma="без" pos="X">без</wf>
         <instance id="d000.s6116.t000" lemma="гласност" pos="NOUN">гласност</instance>
         <wf lemma="." pos="X">.</wf>
      </sentence>
      <sentence id="d000.s6117" source="wordnet-bulgarian">
         <wf lemma="Болният" pos="X">Болният</wf>
         <wf lemma="трябва" pos="X">трябва</wf>
         <wf lemma="да" pos="X">да</wf>
         <instance id="d000.s6117.t000" lemma="пия" pos="VERB">пие</instance>
         <wf lemma="няколко" pos="X">няколко</wf>
         <wf lemma="литра" pos="X">литра</wf>
         <wf lemma="течности" pos="X">течности</wf>
         <wf lemma="всеки" pos="X">всеки</wf>
         <wf lemma="ден" pos="X">ден</wf>
         <wf lemma="." pos="X">.</wf>
      </sentence>
      <sentence id="d000.s6118" source="wordnet-bulgarian">
         <wf lemma="речна" pos="X">речна</wf>
         <instance id="d000.s6118.t000" lemma="риба" pos="NOUN">риба</instance>
         <wf lemma="." pos="X">.</wf>
      </sentence>
      <sentence id="d000.s6119" source="wordnet-bulgarian">
         <instance id="d000.s6119.t000" lemma="движа" pos="VERB">движа</instance>
         <wf lemma="ръце" pos="X">ръце</wf>
         <wf lemma="." pos="X">.</wf>
      </sentence>
      <sentence id="d000.s6120" source="wordnet-bulgarian">
         <wf lemma="Не" pos="X">Не</wf>
         <wf lemma="мога" pos="X">мога</wf>
         <wf lemma="да" pos="X">да</wf>
         <instance id="d000.s6120.t000" lemma="реша" pos="VERB">реша</instance>
         <wf lemma="как" pos="X">как</wf>
         <wf lemma="да" pos="X">да</wf>
         <wf lemma="постъпя" pos="X">постъпя</wf>
         <wf lemma="." pos="X">.</wf>
      </sentence>
      <sentence id="d000.s6121" source="wordnet-bulgarian">
         <wf lemma="углавно" pos="X">углавно</wf>
         <instance id="d000.s6121.t000" lemma="престъпление" pos="NOUN">престъпление</instance>
         <wf lemma="." pos="X">.</wf>
      </sentence>
      <sentence id="d000.s6122" source="wordnet-bulgarian">
         <instance id="d000.s6122.t000" lemma="разтвор" pos="NOUN">разтвор</instance>
         <wf lemma="от" pos="X">от</wf>
         <wf lemma="." pos="X">.</wf>
      </sentence>
      <sentence id="d000.s6123" source="wordnet-bulgarian">
         <instance id="d000.s6123.t000" lemma="морков" pos="NOUN">Морковът</instance>
         <wf lemma="е" pos="X">е</wf>
         <wf lemma="вкусен" pos="X">вкусен</wf>
         <wf lemma="," pos="X">,</wf>
         <wf lemma="ароматен" pos="X">ароматен</wf>
         <wf lemma="и" pos="X">и</wf>
         <wf lemma="полезен" pos="X">полезен</wf>
         <wf lemma="зеленчук" pos="X">зеленчук</wf>
         <wf lemma="." pos="X">.</wf>
      </sentence>
      <sentence id="d000.s6124" source="wordnet-bulgarian">
         <wf lemma="Всеки" pos="X">Всеки</wf>
         <wf lemma="има" pos="X">има</wf>
         <wf lemma="свои" pos="X">свои</wf>
         <wf lemma="житейски" pos="X">житейски</wf>
         <instance id="d000.s6124.t000" lemma="правило" pos="NOUN">правила</instance>
         <wf lemma="." pos="X">.</wf>
      </sentence>
      <sentence id="d000.s6125" source="wordnet-bulgarian">
         <wf lemma="удивителна" pos="X">удивителна</wf>
         <instance id="d000.s6125.t000" lemma="памет" pos="NOUN">памет</instance>
         <wf lemma="." pos="X">.</wf>
      </sentence>
      <sentence id="d000.s6126" source="wordnet-bulgarian">
         <wf lemma="съблазнителен" pos="X">съблазнителен</wf>
         <instance id="d000.s6126.t000" lemma="мирис" pos="NOUN">мирис</instance>
         <wf lemma="на" pos="X">на</wf>
         <wf lemma="печено" pos="X">печено</wf>
         <wf lemma="месо" pos="X">месо</wf>
         <wf lemma="." pos="X">.</wf>
      </sentence>
      <sentence id="d000.s6127" source="wordnet-bulgarian">
         <instance id="d000.s6127.t000" lemma="импулс" pos="NOUN">импулс</instance>
         <wf lemma="за" pos="X">за</wf>
         <wf lemma="работа" pos="X">работа</wf>
         <wf lemma="." pos="X">.</wf>
      </sentence>
      <sentence id="d000.s6128" source="wordnet-bulgarian">
         <wf lemma="Изгоних" pos="X">Изгоних</wf>
         <instance id="d000.s6128.t000" lemma="наемател" pos="NOUN">наемателя</instance>
         <wf lemma="си" pos="X">си</wf>
         <wf lemma="." pos="X">.</wf>
      </sentence>
      <sentence id="d000.s6129" source="wordnet-bulgarian">
         <wf lemma="Покупателна" pos="X">Покупателна</wf>
         <instance id="d000.s6129.t000" lemma="способност" pos="NOUN">способност</instance>
         <wf lemma="." pos="X">.</wf>
      </sentence>
      <sentence id="d000.s6130" source="wordnet-bulgarian">
         <wf lemma="През" pos="X">През</wf>
         <wf lemma="целия" pos="X">целия</wf>
         <wf lemma="си" pos="X">си</wf>
         <wf lemma="живот" pos="X">живот</wf>
         <wf lemma="съм" pos="X">съм</wf>
         <wf lemma="следвал" pos="X">следвал</wf>
         <wf lemma="едно-единствено" pos="X">едно-единствено</wf>
         <instance id="d000.s6130.t000" lemma="правило" pos="NOUN">правило</instance>
         <wf lemma=":" pos="X">:</wf>
         <wf lemma="да" pos="X">да</wf>
         <wf lemma="ме" pos="X">ме</wf>
         <wf lemma="запомнят" pos="X">запомнят</wf>
         <wf lemma="хората" pos="X">хората</wf>
         <wf lemma="с" pos="X">с</wf>
         <wf lemma="добро" pos="X">добро</wf>
         <wf lemma="." pos="X">.</wf>
      </sentence>
      <sentence id="d000.s6131" source="wordnet-bulgarian">
         <wf lemma="платежен" pos="X">платежен</wf>
         <instance id="d000.s6131.t000" lemma="баланс" pos="NOUN">баланс</instance>
         <wf lemma="." pos="X">.</wf>
      </sentence>
      <sentence id="d000.s6132" source="wordnet-bulgarian">
         <wf lemma="млад" pos="X">млад</wf>
         <instance id="d000.s6132.t000" lemma="изпълнител" pos="NOUN">изпълнител</instance>
         <wf lemma="." pos="X">.</wf>
      </sentence>
      <sentence id="d000.s6133" source="wordnet-bulgarian">
         <instance id="d000.s6133.t000" lemma="агент" pos="NOUN">агент</instance>
         <wf lemma="на" pos="X">на</wf>
         <wf lemma="." pos="X">.</wf>
      </sentence>
      <sentence id="d000.s6134" source="wordnet-bulgarian">
         <wf lemma="голяма" pos="X">голяма</wf>
         <instance id="d000.s6134.t000" lemma="грижа" pos="NOUN">грижа</instance>
         <wf lemma="." pos="X">.</wf>
      </sentence>
      <sentence id="d000.s6135" source="wordnet-bulgarian">
         <wf lemma="Честността" pos="X">Честността</wf>
         <wf lemma="е" pos="X">е</wf>
         <wf lemma="висша" pos="X">висша</wf>
         <instance id="d000.s6135.t000" lemma="добродетел" pos="NOUN">добродетел</instance>
         <wf lemma="." pos="X">.</wf>
      </sentence>
      <sentence id="d000.s6136" source="wordnet-bulgarian">
         <instance id="d000.s6136.t000" lemma="място" pos="NOUN">мястото</instance>
         <wf lemma="е" pos="X">е</wf>
         <wf lemma="малко" pos="X">малко</wf>
         <wf lemma="за" pos="X">за</wf>
         <wf lemma="масата" pos="X">масата</wf>
         <wf lemma="." pos="X">.</wf>
      </sentence>
      <sentence id="d000.s6137" source="wordnet-bulgarian">
         <instance id="d000.s6137.t000" lemma="прогрес" pos="NOUN">прогрес</instance>
         <wf lemma="на" pos="X">на</wf>
         <wf lemma="технологиите" pos="X">технологиите</wf>
         <wf lemma="." pos="X">.</wf>
      </sentence>
      <sentence id="d000.s6138" source="wordnet-bulgarian">
         <wf lemma="Часовникът" pos="X">Часовникът</wf>
         <wf lemma="е" pos="X">е</wf>
         <instance id="d000.s6138.t000" lemma="подарък" pos="NOUN">подарък</instance>
         <wf lemma="от" pos="X">от</wf>
         <wf lemma="жена" pos="X">жена</wf>
         <wf lemma="му" pos="X">му</wf>
         <wf lemma="." pos="X">.</wf>
      </sentence>
      <sentence id="d000.s6139" source="wordnet-bulgarian">
         <wf lemma="нямам" pos="X">нямам</wf>
         <wf lemma="бърза" pos="X">бърза</wf>
         <instance id="d000.s6139.t000" lemma="работа" pos="NOUN">работа</instance>
         <wf lemma="." pos="X">.</wf>
      </sentence>
      <sentence id="d000.s6140" source="wordnet-bulgarian">
         <wf lemma="спортен" pos="X">спортен</wf>
         <instance id="d000.s6140.t000" lemma="клуб" pos="NOUN">клуб</instance>
         <wf lemma="." pos="X">.</wf>
      </sentence>
      <sentence id="d000.s6141" source="wordnet-bulgarian">
         <wf lemma="Очаква" pos="X">Очаква</wf>
         <wf lemma="ни" pos="X">ни</wf>
         <wf lemma="много" pos="X">много</wf>
         <wf lemma="горещо" pos="X">горещо</wf>
         <instance id="d000.s6141.t000" lemma="време" pos="NOUN">време</instance>
         <wf lemma="." pos="X">.</wf>
      </sentence>
      <sentence id="d000.s6142" source="wordnet-bulgarian">
         <wf lemma="влизам" pos="X">влизам</wf>
         <wf lemma="в" pos="X">в</wf>
         <wf lemma="чужд" pos="X">чужд</wf>
         <instance id="d000.s6142.t000" lemma="компютър" pos="NOUN">компютър</instance>
         <wf lemma="." pos="X">.</wf>
      </sentence>
      <sentence id="d000.s6143" source="wordnet-bulgarian">
         <wf lemma="разходка" pos="X">разходка</wf>
         <wf lemma="с" pos="X">с</wf>
         <instance id="d000.s6143.t000" lemma="хеликоптер" pos="NOUN">хеликоптер</instance>
         <wf lemma="." pos="X">.</wf>
      </sentence>
      <sentence id="d000.s6144" source="wordnet-bulgarian">
         <wf lemma="имам" pos="X">имам</wf>
         <instance id="d000.s6144.t000" lemma="причина" pos="NOUN">причина</instance>
         <wf lemma="." pos="X">.</wf>
      </sentence>
      <sentence id="d000.s6145" source="wordnet-bulgarian">
         <wf lemma="нежно" pos="X">нежно</wf>
         <instance id="d000.s6145.t000" lemma="цвете" pos="NOUN">цвете</instance>
         <wf lemma="." pos="X">.</wf>
      </sentence>
      <sentence id="d000.s6146" source="wordnet-bulgarian">
         <wf lemma="отнасям" pos="X">отнасям</wf>
         <wf lemma="се" pos="X">се</wf>
         <wf lemma="с" pos="X">с</wf>
         <instance id="d000.s6146.t000" lemma="почит" pos="NOUN">почит</instance>
         <wf lemma="." pos="X">.</wf>
      </sentence>
      <sentence id="d000.s6147" source="wordnet-bulgarian">
         <wf lemma="отровата" pos="X">отровата</wf>
         <wf lemma="унищожи" pos="X">унищожи</wf>
         <instance id="d000.s6147.t000" lemma="мишка" pos="NOUN">мишките</instance>
         <wf lemma="." pos="X">.</wf>
      </sentence>
      <sentence id="d000.s6148" source="wordnet-bulgarian">
         <wf lemma="правя" pos="X">правя</wf>
         <instance id="d000.s6148.t000" lemma="жест" pos="NOUN">жест</instance>
         <wf lemma="с." pos="X">с.</wf>
      </sentence>
      <sentence id="d000.s6149" source="wordnet-bulgarian">
         <instance id="d000.s6149.t000" lemma="мечта" pos="NOUN">Мечтата</instance>
         <wf lemma="му" pos="X">му</wf>
         <wf lemma="беше" pos="X">беше</wf>
         <wf lemma="да" pos="X">да</wf>
         <wf lemma="стане" pos="X">стане</wf>
         <wf lemma="летец" pos="X">летец</wf>
         <wf lemma="." pos="X">.</wf>
      </sentence>
      <sentence id="d000.s6150" source="wordnet-bulgarian">
         <wf lemma="каубойска" pos="X">каубойска</wf>
         <instance id="d000.s6150.t000" lemma="шапка" pos="NOUN">шапка</instance>
         <wf lemma="." pos="X">.</wf>
      </sentence>
      <sentence id="d000.s6151" source="wordnet-bulgarian">
         <wf lemma="използвам" pos="X">използвам</wf>
         <instance id="d000.s6151.t000" lemma="термин" pos="NOUN">термини</instance>
         <wf lemma="." pos="X">.</wf>
      </sentence>
      <sentence id="d000.s6152" source="wordnet-bulgarian">
         <wf lemma="диетична" pos="X">диетична</wf>
         <instance id="d000.s6152.t000" lemma="храна" pos="NOUN">храна</instance>
         <wf lemma="." pos="X">.</wf>
      </sentence>
      <sentence id="d000.s6153" source="wordnet-bulgarian">
         <wf lemma="изгубих" pos="X">изгубих</wf>
         <wf lemma="си" pos="X">си</wf>
         <instance id="d000.s6153.t000" lemma="копче" pos="NOUN">копчето</instance>
         <wf lemma="на" pos="X">на</wf>
         <wf lemma="блузата" pos="X">блузата</wf>
         <wf lemma="." pos="X">.</wf>
      </sentence>
      <sentence id="d000.s6154" source="wordnet-bulgarian">
         <wf lemma="кислороден" pos="X">кислороден</wf>
         <instance id="d000.s6154.t000" lemma="атом" pos="NOUN">атом</instance>
         <wf lemma="." pos="X">.</wf>
      </sentence>
      <sentence id="d000.s6155" source="wordnet-bulgarian">
         <instance id="d000.s6155.t000" lemma="вълна" pos="NOUN">Вълните</instance>
         <wf lemma="се" pos="X">се</wf>
         <wf lemma="разбиват" pos="X">разбиват</wf>
         <wf lemma="в" pos="X">в</wf>
         <wf lemma="брега" pos="X">брега</wf>
         <wf lemma="." pos="X">.</wf>
      </sentence>
      <sentence id="d000.s6156" source="wordnet-bulgarian">
         <wf lemma="нежни" pos="X">нежни</wf>
         <instance id="d000.s6156.t000" lemma="ръка" pos="NOUN">ръце</instance>
         <wf lemma="." pos="X">.</wf>
      </sentence>
      <sentence id="d000.s6157" source="wordnet-bulgarian">
         <wf lemma="с" pos="X">с</wf>
         <instance id="d000.s6157.t000" lemma="реализъм" pos="NOUN">реализъм</instance>
         <wf lemma="." pos="X">.</wf>
      </sentence>
      <sentence id="d000.s6158" source="wordnet-bulgarian">
         <wf lemma="в" pos="X">в</wf>
         <instance id="d000.s6158.t000" lemma="потвърждение" pos="NOUN">потвърждение</instance>
         <wf lemma="на" pos="X">на</wf>
         <wf lemma="." pos="X">.</wf>
      </sentence>
      <sentence id="d000.s6159" source="wordnet-bulgarian">
         <wf lemma="втора" pos="X">втора</wf>
         <instance id="d000.s6159.t000" lemma="майка" pos="NOUN">майка</instance>
         <wf lemma="." pos="X">.</wf>
      </sentence>
      <sentence id="d000.s6160" source="wordnet-bulgarian">
         <instance id="d000.s6160.t000" lemma="вятър" pos="NOUN">вятърът</instance>
         <wf lemma="се" pos="X">се</wf>
         <wf lemma="засилва" pos="X">засилва</wf>
         <wf lemma="." pos="X">.</wf>
      </sentence>
      <sentence id="d000.s6161" source="wordnet-bulgarian">
         <wf lemma="осъден" pos="X">осъден</wf>
         <wf lemma="на" pos="X">на</wf>
         <wf lemma="вечна" pos="X">вечна</wf>
         <instance id="d000.s6161.t000" lemma="мъка" pos="NOUN">мъка</instance>
         <wf lemma="." pos="X">.</wf>
      </sentence>
      <sentence id="d000.s6162" source="wordnet-bulgarian">
         <instance id="d000.s6162.t000" lemma="грабна" pos="VERB">Грабнах</instance>
         <wf lemma="чантата" pos="X">чантата</wf>
         <wf lemma="си" pos="X">си</wf>
         <wf lemma="и" pos="X">и</wf>
         <wf lemma="излязох" pos="X">излязох</wf>
         <wf lemma="." pos="X">.</wf>
      </sentence>
      <sentence id="d000.s6163" source="wordnet-bulgarian">
         <instance id="d000.s6163.t000" lemma="пренасям" pos="VERB">пренасям</instance>
         <wf lemma="болест" pos="X">болест</wf>
         <wf lemma="." pos="X">.</wf>
      </sentence>
      <sentence id="d000.s6164" source="wordnet-bulgarian">
         <wf lemma="спечелвам" pos="X">спечелвам</wf>
         <instance id="d000.s6164.t000" lemma="победа" pos="NOUN">победа</instance>
         <wf lemma="." pos="X">.</wf>
      </sentence>
      <sentence id="d000.s6165" source="wordnet-bulgarian">
         <wf lemma="Мисълта" pos="X">Мисълта</wf>
         <wf lemma="за" pos="X">за</wf>
         <wf lemma="предстоящия" pos="X">предстоящия</wf>
         <wf lemma="изпит" pos="X">изпит</wf>
         <wf lemma="не" pos="X">не</wf>
         <wf lemma="ми" pos="X">ми</wf>
         <wf lemma="дава" pos="X">дава</wf>
         <instance id="d000.s6165.t000" lemma="спокойствие" pos="NOUN">спокойствие</instance>
         <wf lemma="." pos="X">.</wf>
      </sentence>
      <sentence id="d000.s6166" source="wordnet-bulgarian">
         <wf lemma="зашивам" pos="X">зашивам</wf>
         <instance id="d000.s6166.t000" lemma="кръпка" pos="NOUN">кръпка</instance>
         <wf lemma="на" pos="X">на</wf>
         <wf lemma="." pos="X">.</wf>
      </sentence>
      <sentence id="d000.s6167" source="wordnet-bulgarian">
         <wf lemma="счупена" pos="X">счупена</wf>
         <instance id="d000.s6167.t000" lemma="играчка" pos="NOUN">играчка</instance>
         <wf lemma="." pos="X">.</wf>
      </sentence>
      <sentence id="d000.s6168" source="wordnet-bulgarian">
         <instance id="d000.s6168.t000" lemma="пръстен" pos="NOUN">пръстен</instance>
         <wf lemma="с" pos="X">с</wf>
         <wf lemma="рубин" pos="X">рубин</wf>
         <wf lemma="." pos="X">.</wf>
      </sentence>
      <sentence id="d000.s6169" source="wordnet-bulgarian">
         <instance id="d000.s6169.t000" lemma="плач" pos="VERB">плача</instance>
         <wf lemma="с" pos="X">с</wf>
         <wf lemma="глас" pos="X">глас</wf>
         <wf lemma="." pos="X">.</wf>
      </sentence>
      <sentence id="d000.s6170" source="wordnet-bulgarian">
         <wf lemma="ръководя" pos="X">ръководя</wf>
         <wf lemma="отговорна" pos="X">отговорна</wf>
         <instance id="d000.s6170.t000" lemma="операция" pos="NOUN">операция</instance>
         <wf lemma="." pos="X">.</wf>
      </sentence>
      <sentence id="d000.s6171" source="wordnet-bulgarian">
         <wf lemma="пролетта" pos="X">пролетта</wf>
         <instance id="d000.s6171.t000" lemma="отмина" pos="VERB">отмина</instance>
         <wf lemma="." pos="X">.</wf>
      </sentence>
      <sentence id="d000.s6172" source="wordnet-bulgarian">
         <wf lemma="вдигам" pos="X">вдигам</wf>
         <instance id="d000.s6172.t000" lemma="поглед" pos="NOUN">поглед</instance>
         <wf lemma="." pos="X">.</wf>
      </sentence>
      <sentence id="d000.s6173" source="wordnet-bulgarian">
         <wf lemma="общински" pos="X">общински</wf>
         <instance id="d000.s6173.t000" lemma="печат" pos="NOUN">печат</instance>
         <wf lemma="." pos="X">.</wf>
      </sentence>
      <sentence id="d000.s6174" source="wordnet-bulgarian">
         <instance id="d000.s6174.t000" lemma="механизъм" pos="NOUN">механизъм</instance>
         <wf lemma="на" pos="X">на</wf>
         <wf lemma="действие" pos="X">действие</wf>
         <wf lemma="." pos="X">.</wf>
      </sentence>
      <sentence id="d000.s6175" source="wordnet-bulgarian">
         <wf lemma="високо" pos="X">високо</wf>
         <instance id="d000.s6175.t000" lemma="мнение" pos="NOUN">мнение</instance>
         <wf lemma="за" pos="X">за</wf>
         <wf lemma="." pos="X">.</wf>
      </sentence>
      <sentence id="d000.s6176" source="wordnet-bulgarian">
         <instance id="d000.s6176.t000" lemma="викам" pos="VERB">викам</instance>
         <wf lemma="със" pos="X">със</wf>
         <wf lemma="всички" pos="X">всички</wf>
         <wf lemma="сили" pos="X">сили</wf>
         <wf lemma="." pos="X">.</wf>
      </sentence>
      <sentence id="d000.s6177" source="wordnet-bulgarian">
         <wf lemma="не" pos="X">не</wf>
         <wf lemma="съм" pos="X">съм</wf>
         <wf lemma="завършил" pos="X">завършил</wf>
         <instance id="d000.s6177.t000" lemma="образование" pos="NOUN">образованието</instance>
         <wf lemma="си" pos="X">си</wf>
         <wf lemma="." pos="X">.</wf>
      </sentence>
      <sentence id="d000.s6178" source="wordnet-bulgarian">
         <wf lemma="започва" pos="X">започва</wf>
         <instance id="d000.s6178.t000" lemma="жътва" pos="NOUN">жътвата</instance>
         <wf lemma="на" pos="X">на</wf>
         <wf lemma="." pos="X">.</wf>
      </sentence>
      <sentence id="d000.s6179" source="wordnet-bulgarian">
         <instance id="d000.s6179.t000" lemma="понижение" pos="NOUN">понижение</instance>
         <wf lemma="на" pos="X">на</wf>
         <wf lemma="водното" pos="X">водното</wf>
         <wf lemma="равнище" pos="X">равнище</wf>
         <wf lemma="." pos="X">.</wf>
      </sentence>
      <sentence id="d000.s6180" source="wordnet-bulgarian">
         <wf lemma="печеля" pos="X">печеля</wf>
         <instance id="d000.s6180.t000" lemma="игра" pos="NOUN">играта</instance>
         <wf lemma="." pos="X">.</wf>
      </sentence>
      <sentence id="d000.s6181" source="wordnet-bulgarian">
         <wf lemma="Имам" pos="X">Имам</wf>
         <wf lemma="нужда" pos="X">нужда</wf>
         <wf lemma="от" pos="X">от</wf>
         <wf lemma="няколко" pos="X">няколко</wf>
         <wf lemma="часа" pos="X">часа</wf>
         <instance id="d000.s6181.t000" lemma="сън" pos="NOUN">сън</instance>
         <wf lemma="." pos="X">.</wf>
      </sentence>
      <sentence id="d000.s6182" source="wordnet-bulgarian">
         <wf lemma="здрав" pos="X">здрав</wf>
         <instance id="d000.s6182.t000" lemma="зъб" pos="NOUN">зъб</instance>
         <wf lemma="." pos="X">.</wf>
      </sentence>
      <sentence id="d000.s6183" source="wordnet-bulgarian">
         <wf lemma="свръхзвуков" pos="X">свръхзвуков</wf>
         <instance id="d000.s6183.t000" lemma="самолет" pos="NOUN">самолет</instance>
         <wf lemma="." pos="X">.</wf>
      </sentence>
      <sentence id="d000.s6184" source="wordnet-bulgarian">
         <instance id="d000.s6184.t000" lemma="съдия" pos="NOUN">Съдията</instance>
         <wf lemma="направи" pos="X">направи</wf>
         <wf lemma="няколко" pos="X">няколко</wf>
         <wf lemma="сериозни" pos="X">сериозни</wf>
         <wf lemma="грешки" pos="X">грешки</wf>
         <wf lemma="по" pos="X">по</wf>
         <wf lemma="време" pos="X">време</wf>
         <wf lemma="на" pos="X">на</wf>
         <wf lemma="мача" pos="X">мача</wf>
         <wf lemma="." pos="X">.</wf>
      </sentence>
      <sentence id="d000.s6185" source="wordnet-bulgarian">
         <instance id="d000.s6185.t000" lemma="браня" pos="VERB">Браниха</instance>
         <wf lemma="кулата" pos="X">кулата</wf>
         <wf lemma="два" pos="X">два</wf>
         <wf lemma="дни" pos="X">дни</wf>
         <wf lemma="." pos="X">.</wf>
      </sentence>
      <sentence id="d000.s6186" source="wordnet-bulgarian">
         <wf lemma="от" pos="X">от</wf>
         <wf lemma="такъв" pos="X">такъв</wf>
         <instance id="d000.s6186.t000" lemma="аспект" pos="NOUN">аспект</instance>
         <wf lemma="." pos="X">.</wf>
      </sentence>
      <sentence id="d000.s6187" source="wordnet-bulgarian">
         <wf lemma="Той" pos="X">Той</wf>
         <wf lemma="научи" pos="X">научи</wf>
         <wf lemma="да" pos="X">да</wf>
         <wf lemma="пише" pos="X">пише</wf>
         <instance id="d000.s6187.t000" lemma="цифра" pos="NOUN">цифрите</instance>
         <wf lemma="преди" pos="X">преди</wf>
         <wf lemma="да" pos="X">да</wf>
         <wf lemma="тръгне" pos="X">тръгне</wf>
         <wf lemma="на" pos="X">на</wf>
         <wf lemma="училище" pos="X">училище</wf>
         <wf lemma="." pos="X">.</wf>
      </sentence>
      <sentence id="d000.s6188" source="wordnet-bulgarian">
         <wf lemma="жестоко" pos="X">жестоко</wf>
         <instance id="d000.s6188.t000" lemma="наказание" pos="NOUN">наказание</instance>
         <wf lemma="." pos="X">.</wf>
      </sentence>
      <sentence id="d000.s6189" source="wordnet-bulgarian">
         <wf lemma="телевизионна" pos="X">телевизионна</wf>
         <instance id="d000.s6189.t000" lemma="кула" pos="NOUN">кула</instance>
         <wf lemma="." pos="X">.</wf>
      </sentence>
      <sentence id="d000.s6190" source="wordnet-bulgarian">
         <wf lemma="прясна" pos="X">прясна</wf>
         <instance id="d000.s6190.t000" lemma="наденица" pos="NOUN">наденица</instance>
         <wf lemma="." pos="X">.</wf>
      </sentence>
      <sentence id="d000.s6191" source="wordnet-bulgarian">
         <instance id="d000.s6191.t000" lemma="вода" pos="NOUN">вода</instance>
         <wf lemma="за" pos="X">за</wf>
         <wf lemma="миене" pos="X">миене</wf>
         <wf lemma="." pos="X">.</wf>
      </sentence>
      <sentence id="d000.s6192" source="wordnet-bulgarian">
         <wf lemma="пълни" pos="X">пълни</wf>
         <instance id="d000.s6192.t000" lemma="буза" pos="NOUN">бузи</instance>
         <wf lemma="." pos="X">.</wf>
      </sentence>
      <sentence id="d000.s6193" source="wordnet-bulgarian">
         <wf lemma="пресичам" pos="X">пресичам</wf>
         <instance id="d000.s6193.t000" lemma="улица" pos="NOUN">улицата</instance>
         <wf lemma="." pos="X">.</wf>
      </sentence>
      <sentence id="d000.s6194" source="wordnet-bulgarian">
         <wf lemma="търговски" pos="X">търговски</wf>
         <instance id="d000.s6194.t000" lemma="агент" pos="NOUN">агент</instance>
         <wf lemma="." pos="X">.</wf>
      </sentence>
      <sentence id="d000.s6195" source="wordnet-bulgarian">
         <wf lemma="играеме" pos="X">играеме</wf>
         <wf lemma="различни" pos="X">различни</wf>
         <instance id="d000.s6195.t000" lemma="игра" pos="NOUN">игри</instance>
         <wf lemma="." pos="X">.</wf>
      </sentence>
      <sentence id="d000.s6196" source="wordnet-bulgarian">
         <wf lemma="добро" pos="X">добро</wf>
         <instance id="d000.s6196.t000" lemma="отношение" pos="NOUN">отношение</instance>
         <wf lemma="." pos="X">.</wf>
      </sentence>
      <sentence id="d000.s6197" source="wordnet-bulgarian">
         <instance id="d000.s6197.t000" lemma="небе" pos="NOUN">Небето</instance>
         <wf lemma="притъмня" pos="X">притъмня</wf>
         <wf lemma="и" pos="X">и</wf>
         <wf lemma="сякаш" pos="X">сякаш</wf>
         <wf lemma="се" pos="X">се</wf>
         <wf lemma="доближи" pos="X">доближи</wf>
         <wf lemma="до" pos="X">до</wf>
         <wf lemma="земята" pos="X">земята</wf>
         <wf lemma="." pos="X">.</wf>
      </sentence>
      <sentence id="d000.s6198" source="wordnet-bulgarian">
         <instance id="d000.s6198.t000" lemma="ангел" pos="NOUN">ангел</instance>
         <wf lemma="небесен" pos="X">небесен</wf>
         <wf lemma="." pos="X">.</wf>
      </sentence>
      <sentence id="d000.s6199" source="wordnet-bulgarian">
         <wf lemma="Разведените" pos="X">Разведените</wf>
         <wf lemma="бащи" pos="X">бащи</wf>
         <wf lemma="са" pos="X">са</wf>
         <wf lemma="длъжни" pos="X">длъжни</wf>
         <wf lemma="да" pos="X">да</wf>
         <wf lemma="плащат" pos="X">плащат</wf>
         <instance id="d000.s6199.t000" lemma="издръжка" pos="NOUN">издръжка</instance>
         <wf lemma="." pos="X">.</wf>
      </sentence>
      <sentence id="d000.s6200" source="wordnet-bulgarian">
         <wf lemma="проявявам" pos="X">проявявам</wf>
         <instance id="d000.s6200.t000" lemma="разум" pos="NOUN">разум</instance>
         <wf lemma="." pos="X">.</wf>
      </sentence>
      <sentence id="d000.s6201" source="wordnet-bulgarian">
         <wf lemma="поемам" pos="X">поемам</wf>
         <instance id="d000.s6201.t000" lemma="отговорност" pos="NOUN">отговорността</instance>
         <wf lemma="." pos="X">.</wf>
      </sentence>
      <sentence id="d000.s6202" source="wordnet-bulgarian">
         <wf lemma="полезна" pos="X">полезна</wf>
         <instance id="d000.s6202.t000" lemma="инициатива" pos="NOUN">инициатива</instance>
         <wf lemma="." pos="X">.</wf>
      </sentence>
      <sentence id="d000.s6203" source="wordnet-bulgarian">
         <wf lemma="малък" pos="X">малък</wf>
         <instance id="d000.s6203.t000" lemma="бюджет" pos="NOUN">бюджет</instance>
         <wf lemma="." pos="X">.</wf>
      </sentence>
      <sentence id="d000.s6204" source="wordnet-bulgarian">
         <wf lemma="изчерпа" pos="X">изчерпа</wf>
         <wf lemma="ми" pos="X">ми</wf>
         <wf lemma="се" pos="X">се</wf>
         <instance id="d000.s6204.t000" lemma="търпение" pos="NOUN">търпението</instance>
         <wf lemma="." pos="X">.</wf>
      </sentence>
      <sentence id="d000.s6205" source="wordnet-bulgarian">
         <wf lemma="Имам" pos="X">Имам</wf>
         <wf lemma="добри" pos="X">добри</wf>
         <instance id="d000.s6205.t000" lemma="бележка" pos="NOUN">бележки</instance>
         <wf lemma="." pos="X">.</wf>
      </sentence>
      <sentence id="d000.s6206" source="wordnet-bulgarian">
         <instance id="d000.s6206.t000" lemma="стъпвам" pos="VERB">стъпвам</instance>
         <wf lemma="леко" pos="X">леко</wf>
         <wf lemma="." pos="X">.</wf>
      </sentence>
      <sentence id="d000.s6207" source="wordnet-bulgarian">
         <wf lemma="Постигнах" pos="X">Постигнах</wf>
         <wf lemma="голям" pos="X">голям</wf>
         <instance id="d000.s6207.t000" lemma="успех" pos="NOUN">успех</instance>
         <wf lemma="." pos="X">.</wf>
      </sentence>
      <sentence id="d000.s6208" source="wordnet-bulgarian">
         <wf lemma="Трябва" pos="X">Трябва</wf>
         <wf lemma="да" pos="X">да</wf>
         <instance id="d000.s6208.t000" lemma="спазвам" pos="VERB">спазваш</instance>
         <wf lemma="правилата" pos="X">правилата</wf>
         <wf lemma="в" pos="X">в</wf>
         <wf lemma="училище" pos="X">училище</wf>
         <wf lemma="." pos="X">.</wf>
      </sentence>
      <sentence id="d000.s6209" source="wordnet-bulgarian">
         <wf lemma="красиво" pos="X">красиво</wf>
         <instance id="d000.s6209.t000" lemma="цвете" pos="NOUN">цвете</instance>
         <wf lemma="." pos="X">.</wf>
      </sentence>
      <sentence id="d000.s6210" source="wordnet-bulgarian">
         <wf lemma="морска" pos="X">морска</wf>
         <instance id="d000.s6210.t000" lemma="повърхност" pos="NOUN">повърхност</instance>
         <wf lemma="." pos="X">.</wf>
      </sentence>
      <sentence id="d000.s6211" source="wordnet-bulgarian">
         <wf lemma="Той" pos="X">Той</wf>
         <wf lemma="е" pos="X">е</wf>
         <wf lemma="много" pos="X">много</wf>
         <wf lemma="умен" pos="X">умен</wf>
         <wf lemma="," pos="X">,</wf>
         <wf lemma="но" pos="X">но</wf>
         <wf lemma="не" pos="X">не</wf>
         <wf lemma="е" pos="X">е</wf>
         <instance id="d000.s6211.t000" lemma="гений" pos="NOUN">гений</instance>
         <wf lemma="." pos="X">.</wf>
      </sentence>
      <sentence id="d000.s6212" source="wordnet-bulgarian">
         <wf lemma="Изядох" pos="X">Изядох</wf>
         <wf lemma="цяла" pos="X">цяла</wf>
         <instance id="d000.s6212.t000" lemma="купа" pos="NOUN">купа</instance>
         <wf lemma="боб" pos="X">боб</wf>
         <wf lemma="." pos="X">.</wf>
      </sentence>
      <sentence id="d000.s6213" source="wordnet-bulgarian">
         <wf lemma="бяло" pos="X">бяло</wf>
         <instance id="d000.s6213.t000" lemma="палто" pos="NOUN">палто</instance>
         <wf lemma="." pos="X">.</wf>
      </sentence>
      <sentence id="d000.s6214" source="wordnet-bulgarian">
         <wf lemma="домашен" pos="X">домашен</wf>
         <instance id="d000.s6214.t000" lemma="арест" pos="NOUN">арест</instance>
         <wf lemma="." pos="X">.</wf>
      </sentence>
      <sentence id="d000.s6215" source="wordnet-bulgarian">
         <wf lemma="масивна" pos="X">масивна</wf>
         <instance id="d000.s6215.t000" lemma="сграда" pos="NOUN">сграда</instance>
         <wf lemma="." pos="X">.</wf>
      </sentence>
      <sentence id="d000.s6216" source="wordnet-bulgarian">
         <wf lemma="имам" pos="X">имам</wf>
         <instance id="d000.s6216.t000" lemma="паспорт" pos="NOUN">паспорт</instance>
         <wf lemma="." pos="X">.</wf>
      </sentence>
      <sentence id="d000.s6217" source="wordnet-bulgarian">
         <instance id="d000.s6217.t000" lemma="светлина" pos="NOUN">светлина</instance>
         <wf lemma="от" pos="X">от</wf>
         <wf lemma="." pos="X">.</wf>
      </sentence>
      <sentence id="d000.s6218" source="wordnet-bulgarian">
         <wf lemma="голямо" pos="X">голямо</wf>
         <instance id="d000.s6218.t000" lemma="чело" pos="NOUN">чело</instance>
         <wf lemma="." pos="X">.</wf>
      </sentence>
      <sentence id="d000.s6219" source="wordnet-bulgarian">
         <wf lemma="демократ" pos="X">демократ</wf>
         <wf lemma="по" pos="X">по</wf>
         <instance id="d000.s6219.t000" lemma="убеждение" pos="NOUN">убеждения</instance>
         <wf lemma="." pos="X">.</wf>
      </sentence>
      <sentence id="d000.s6220" source="wordnet-bulgarian">
         <instance id="d000.s6220.t000" lemma="мириша" pos="VERB">мириша</instance>
         <wf lemma="цветето" pos="X">цветето</wf>
         <wf lemma="." pos="X">.</wf>
      </sentence>
      <sentence id="d000.s6221" source="wordnet-bulgarian">
         <wf lemma="Трябва" pos="X">Трябва</wf>
         <wf lemma="бързо" pos="X">бързо</wf>
         <wf lemma="да" pos="X">да</wf>
         <wf lemma="открием" pos="X">открием</wf>
         <instance id="d000.s6221.t000" lemma="къртица" pos="NOUN">къртицата</instance>
         <wf lemma="." pos="X">.</wf>
      </sentence>
      <sentence id="d000.s6222" source="wordnet-bulgarian">
         <wf lemma="чергарски" pos="X">чергарски</wf>
         <instance id="d000.s6222.t000" lemma="живот" pos="NOUN">живот</instance>
         <wf lemma="." pos="X">.</wf>
      </sentence>
      <sentence id="d000.s6223" source="wordnet-bulgarian">
         <wf lemma="по" pos="X">по</wf>
         <instance id="d000.s6223.t000" lemma="спешност" pos="NOUN">спешност</instance>
         <wf lemma="." pos="X">.</wf>
      </sentence>
      <sentence id="d000.s6224" source="wordnet-bulgarian">
         <instance id="d000.s6224.t000" lemma="подарък" pos="NOUN">подарък</instance>
         <wf lemma="от" pos="X">от</wf>
         <wf lemma="сърце" pos="X">сърце</wf>
         <wf lemma="." pos="X">.</wf>
      </sentence>
      <sentence id="d000.s6225" source="wordnet-bulgarian">
         <instance id="d000.s6225.t000" lemma="разказвам" pos="VERB">разказвам</instance>
         <wf lemma="приказки" pos="X">приказки</wf>
         <wf lemma="." pos="X">.</wf>
      </sentence>
      <sentence id="d000.s6226" source="wordnet-bulgarian">
         <instance id="d000.s6226.t000" lemma="симпозиум" pos="NOUN">симпозиум</instance>
         <wf lemma="по." pos="X">по.</wf>
      </sentence>
      <sentence id="d000.s6227" source="wordnet-bulgarian">
         <wf lemma="добър" pos="X">добър</wf>
         <instance id="d000.s6227.t000" lemma="терапевт" pos="NOUN">терапевт</instance>
         <wf lemma="." pos="X">.</wf>
      </sentence>
      <sentence id="d000.s6228" source="wordnet-bulgarian">
         <wf lemma="Тази" pos="X">Тази</wf>
         <wf lemma="година" pos="X">година</wf>
         <wf lemma="ще" pos="X">ще</wf>
         <wf lemma="ходя" pos="X">ходя</wf>
         <wf lemma="с" pos="X">с</wf>
         <instance id="d000.s6228.t000" lemma="дядо" pos="NOUN">дядо</instance>
         <wf lemma="на" pos="X">на</wf>
         <wf lemma="море" pos="X">море</wf>
         <wf lemma="." pos="X">.</wf>
      </sentence>
      <sentence id="d000.s6229" source="wordnet-bulgarian">
         <wf lemma="Не" pos="X">Не</wf>
         <wf lemma="поемаме" pos="X">поемаме</wf>
         <wf lemma="никакъв" pos="X">никакъв</wf>
         <instance id="d000.s6229.t000" lemma="риск" pos="NOUN">риск</instance>
         <wf lemma="." pos="X">.</wf>
      </sentence>
      <sentence id="d000.s6230" source="wordnet-bulgarian">
         <instance id="d000.s6230.t000" lemma="сестра" pos="NOUN">Сестра</instance>
         <wf lemma="ми" pos="X">ми</wf>
         <wf lemma="се" pos="X">се</wf>
         <wf lemma="ожени" pos="X">ожени</wf>
         <wf lemma="за" pos="X">за</wf>
         <wf lemma="музикант" pos="X">музикант</wf>
         <wf lemma="." pos="X">.</wf>
      </sentence>
      <sentence id="d000.s6231" source="wordnet-bulgarian">
         <wf lemma="дават" pos="X">дават</wf>
         <instance id="d000.s6231.t000" lemma="репортаж" pos="NOUN">репортаж</instance>
         <wf lemma="за" pos="X">за</wf>
         <wf lemma="." pos="X">.</wf>
      </sentence>
      <sentence id="d000.s6232" source="wordnet-bulgarian">
         <wf lemma="оспорвано" pos="X">оспорвано</wf>
         <instance id="d000.s6232.t000" lemma="състезание" pos="NOUN">състезание</instance>
         <wf lemma="." pos="X">.</wf>
      </sentence>
      <sentence id="d000.s6233" source="wordnet-bulgarian">
         <wf lemma="давам" pos="X">давам</wf>
         <instance id="d000.s6233.t000" lemma="импулс" pos="NOUN">импулс</instance>
         <wf lemma="за" pos="X">за</wf>
         <wf lemma="." pos="X">.</wf>
      </sentence>
      <sentence id="d000.s6234" source="wordnet-bulgarian">
         <instance id="d000.s6234.t000" lemma="ръководя" pos="VERB">Ръководя</instance>
         <wf lemma="строеж" pos="X">строеж</wf>
         <wf lemma="." pos="X">.</wf>
      </sentence>
      <sentence id="d000.s6235" source="wordnet-bulgarian">
         <wf lemma="правоъгълен" pos="X">правоъгълен</wf>
         <instance id="d000.s6235.t000" lemma="триъгълник" pos="NOUN">триъгълник</instance>
         <wf lemma="." pos="X">.</wf>
      </sentence>
      <sentence id="d000.s6236" source="wordnet-bulgarian">
         <wf lemma="В" pos="X">В</wf>
         <instance id="d000.s6236.t000" lemma="езеро" pos="NOUN">езерото</instance>
         <wf lemma="се" pos="X">се</wf>
         <wf lemma="виждаха" pos="X">виждаха</wf>
         <wf lemma="няколко" pos="X">няколко</wf>
         <wf lemma="лодки" pos="X">лодки</wf>
         <wf lemma="." pos="X">.</wf>
      </sentence>
      <sentence id="d000.s6237" source="wordnet-bulgarian">
         <wf lemma="на" pos="X">на</wf>
         <instance id="d000.s6237.t000" lemma="фон" pos="NOUN">фона</instance>
         <wf lemma="на" pos="X">на</wf>
         <wf lemma="." pos="X">.</wf>
      </sentence>
      <sentence id="d000.s6238" source="wordnet-bulgarian">
         <wf lemma="Престана" pos="X">Престана</wf>
         <wf lemma="да" pos="X">да</wf>
         <wf lemma="учи" pos="X">учи</wf>
         <wf lemma="не" pos="X">не</wf>
         <wf lemma="само" pos="X">само</wf>
         <wf lemma="по" pos="X">по</wf>
         <wf lemma="математика,но" pos="X">математика,но</wf>
         <wf lemma="и" pos="X">и</wf>
         <wf lemma="по" pos="X">по</wf>
         <wf lemma="другите" pos="X">другите</wf>
         <instance id="d000.s6238.t000" lemma="предмет" pos="NOUN">предмети</instance>
         <wf lemma="." pos="X">.</wf>
      </sentence>
      <sentence id="d000.s6239" source="wordnet-bulgarian">
         <wf lemma="първа" pos="X">първа</wf>
         <instance id="d000.s6239.t000" lemma="крачка" pos="NOUN">крачка</instance>
         <wf lemma="." pos="X">.</wf>
      </sentence>
      <sentence id="d000.s6240" source="wordnet-bulgarian">
         <wf lemma="няма" pos="X">няма</wf>
         <instance id="d000.s6240.t000" lemma="безработица" pos="NOUN">безработица</instance>
         <wf lemma="." pos="X">.</wf>
      </sentence>
      <sentence id="d000.s6241" source="wordnet-bulgarian">
         <wf lemma="Купих" pos="X">Купих</wf>
         <wf lemma="две" pos="X">две</wf>
         <instance id="d000.s6241.t000" lemma="дузина" pos="NOUN">дузини</instance>
         <wf lemma="чорапи" pos="X">чорапи</wf>
         <wf lemma="." pos="X">.</wf>
      </sentence>
      <sentence id="d000.s6242" source="wordnet-bulgarian">
         <wf lemma="Тя" pos="X">Тя</wf>
         <wf lemma="не" pos="X">не</wf>
         <wf lemma="ми" pos="X">ми</wf>
         <instance id="d000.s6242.t000" lemma="отговоря" pos="VERB">отговори</instance>
         <wf lemma="." pos="X">.</wf>
      </sentence>
      <sentence id="d000.s6243" source="wordnet-bulgarian">
         <wf lemma="пращам" pos="X">пращам</wf>
         <instance id="d000.s6243.t000" lemma="издръжка" pos="NOUN">издръжка</instance>
         <wf lemma="." pos="X">.</wf>
      </sentence>
      <sentence id="d000.s6244" source="wordnet-bulgarian">
         <wf lemma="Днес" pos="X">Днес</wf>
         <wf lemma="сме" pos="X">сме</wf>
         <instance id="d000.s6244.t000" lemma="измина" pos="VERB">изминали</instance>
         <wf lemma="поне" pos="X">поне</wf>
         <wf lemma="сто" pos="X">сто</wf>
         <wf lemma="километра" pos="X">километра</wf>
         <wf lemma="." pos="X">.</wf>
      </sentence>
      <sentence id="d000.s6245" source="wordnet-bulgarian">
         <wf lemma="тежка" pos="X">тежка</wf>
         <instance id="d000.s6245.t000" lemma="кома" pos="NOUN">кома</instance>
         <wf lemma="." pos="X">.</wf>
      </sentence>
      <sentence id="d000.s6246" source="wordnet-bulgarian">
         <instance id="d000.s6246.t000" lemma="говоря" pos="VERB">Говориш</instance>
         <wf lemma="странно" pos="X">странно</wf>
         <wf lemma="." pos="X">.</wf>
      </sentence>
      <sentence id="d000.s6247" source="wordnet-bulgarian">
         <wf lemma="отивам" pos="X">отивам</wf>
         <wf lemma="на" pos="X">на</wf>
         <instance id="d000.s6247.t000" lemma="среща" pos="NOUN">среща</instance>
         <wf lemma="." pos="X">.</wf>
      </sentence>
      <sentence id="d000.s6248" source="wordnet-bulgarian">
         <wf lemma="слушам" pos="X">слушам</wf>
         <instance id="d000.s6248.t000" lemma="говор" pos="NOUN">говора</instance>
         <wf lemma="на" pos="X">на</wf>
         <wf lemma="." pos="X">.</wf>
      </sentence>
      <sentence id="d000.s6249" source="wordnet-bulgarian">
         <wf lemma="къс" pos="X">къс</wf>
         <instance id="d000.s6249.t000" lemma="врат" pos="NOUN">врат</instance>
         <wf lemma="." pos="X">.</wf>
      </sentence>
      <sentence id="d000.s6250" source="wordnet-bulgarian">
         <instance id="d000.s6250.t000" lemma="слово" pos="NOUN">Словото</instance>
         <wf lemma="му" pos="X">му</wf>
         <wf lemma="вдигна" pos="X">вдигна</wf>
         <wf lemma="залата" pos="X">залата</wf>
         <wf lemma="на" pos="X">на</wf>
         <wf lemma="крак" pos="X">крак</wf>
         <wf lemma="." pos="X">.</wf>
      </sentence>
      <sentence id="d000.s6251" source="wordnet-bulgarian">
         <wf lemma="извити" pos="X">извити</wf>
         <instance id="d000.s6251.t000" lemma="вежда" pos="NOUN">вежди</instance>
         <wf lemma="." pos="X">.</wf>
      </sentence>
      <sentence id="d000.s6252" source="wordnet-bulgarian">
         <wf lemma="любим" pos="X">любим</wf>
         <instance id="d000.s6252.t000" lemma="братовчед" pos="NOUN">братовчед</instance>
         <wf lemma="." pos="X">.</wf>
      </sentence>
      <sentence id="d000.s6253" source="wordnet-bulgarian">
         <wf lemma="спортна" pos="X">спортна</wf>
         <instance id="d000.s6253.t000" lemma="авиация" pos="NOUN">авиация</instance>
         <wf lemma="." pos="X">.</wf>
      </sentence>
      <sentence id="d000.s6254" source="wordnet-bulgarian">
         <instance id="d000.s6254.t000" lemma="покрив" pos="NOUN">покрив</instance>
         <wf lemma="на" pos="X">на</wf>
         <wf lemma="храм" pos="X">храм</wf>
         <wf lemma="." pos="X">.</wf>
      </sentence>
      <sentence id="d000.s6255" source="wordnet-bulgarian">
         <wf lemma="по" pos="X">по</wf>
         <instance id="d000.s6255.t000" lemma="наклон" pos="NOUN">наклона</instance>
         <wf lemma="." pos="X">.</wf>
      </sentence>
      <sentence id="d000.s6256" source="wordnet-bulgarian">
         <instance id="d000.s6256.t000" lemma="легна" pos="VERB">Легна</instance>
         <wf lemma="по" pos="X">по</wf>
         <wf lemma="гръб" pos="X">гръб</wf>
         <wf lemma="." pos="X">.</wf>
      </sentence>
      <sentence id="d000.s6257" source="wordnet-bulgarian">
         <instance id="d000.s6257.t000" lemma="допускам" pos="VERB">Допускам</instance>
         <wf lemma="," pos="X">,</wf>
         <wf lemma="че" pos="X">че</wf>
         <wf lemma="не" pos="X">не</wf>
         <wf lemma="му" pos="X">му</wf>
         <wf lemma="е" pos="X">е</wf>
         <wf lemma="съобщено" pos="X">съобщено</wf>
         <wf lemma="." pos="X">.</wf>
      </sentence>
      <sentence id="d000.s6258" source="wordnet-bulgarian">
         <wf lemma="Те" pos="X">Те</wf>
         <wf lemma="разработват" pos="X">разработват</wf>
         <wf lemma="алтернативи" pos="X">алтернативи</wf>
         <instance id="d000.s6258.t000" lemma="гориво" pos="NOUN">горива</instance>
         <wf lemma="за" pos="X">за</wf>
         <wf lemma="самолети" pos="X">самолети</wf>
         <wf lemma="." pos="X">.</wf>
      </sentence>
      <sentence id="d000.s6259" source="wordnet-bulgarian">
         <wf lemma="мазно" pos="X">мазно</wf>
         <instance id="d000.s6259.t000" lemma="петно" pos="NOUN">петно</instance>
         <wf lemma="." pos="X">.</wf>
      </sentence>
      <sentence id="d000.s6260" source="wordnet-bulgarian">
         <wf lemma="имам" pos="X">имам</wf>
         <wf lemma="трудности" pos="X">трудности</wf>
         <wf lemma="със" pos="X">със</wf>
         <instance id="d000.s6260.t000" lemma="заминаване" pos="NOUN">заминаването</instance>
         <wf lemma="." pos="X">.</wf>
      </sentence>
      <sentence id="d000.s6261" source="wordnet-bulgarian">
         <wf lemma="Искам" pos="X">Искам</wf>
         <wf lemma="да" pos="X">да</wf>
         <wf lemma="видя" pos="X">видя</wf>
         <instance id="d000.s6261.t000" lemma="мостра" pos="NOUN">мострите</instance>
         <wf lemma="." pos="X">.</wf>
      </sentence>
      <sentence id="d000.s6262" source="wordnet-bulgarian">
         <wf lemma="каракачанска" pos="X">каракачанска</wf>
         <instance id="d000.s6262.t000" lemma="овце" pos="NOUN">овца</instance>
         <wf lemma="." pos="X">.</wf>
      </sentence>
      <sentence id="d000.s6263" source="wordnet-bulgarian">
         <wf lemma="гледам" pos="X">гледам</wf>
         <instance id="d000.s6263.t000" lemma="филм" pos="NOUN">филм</instance>
         <wf lemma="." pos="X">.</wf>
      </sentence>
      <sentence id="d000.s6264" source="wordnet-bulgarian">
         <wf lemma="Той" pos="X">Той</wf>
         <wf lemma="ме" pos="X">ме</wf>
         <instance id="d000.s6264.t000" lemma="заплаша" pos="VERB">заплаши</instance>
         <wf lemma="," pos="X">,</wf>
         <wf lemma="когато" pos="X">когато</wf>
         <wf lemma="се" pos="X">се</wf>
         <wf lemma="опитах" pos="X">опитах</wf>
         <wf lemma="да" pos="X">да</wf>
         <wf lemma="се" pos="X">се</wf>
         <wf lemma="обадя" pos="X">обадя</wf>
         <wf lemma="в" pos="X">в</wf>
         <wf lemma="полицията" pos="X">полицията</wf>
         <wf lemma="." pos="X">.</wf>
      </sentence>
      <sentence id="d000.s6265" source="wordnet-bulgarian">
         <wf lemma="имам" pos="X">имам</wf>
         <wf lemma="свежа" pos="X">свежа</wf>
         <wf lemma="и" pos="X">и</wf>
         <wf lemma="млада" pos="X">млада</wf>
         <instance id="d000.s6265.t000" lemma="кожа" pos="NOUN">кожа</instance>
         <wf lemma="." pos="X">.</wf>
      </sentence>
      <sentence id="d000.s6266" source="wordnet-bulgarian">
         <wf lemma="железен" pos="X">железен</wf>
         <instance id="d000.s6266.t000" lemma="катинар" pos="NOUN">катинар</instance>
         <wf lemma="." pos="X">.</wf>
      </sentence>
      <sentence id="d000.s6267" source="wordnet-bulgarian">
         <wf lemma="Не" pos="X">Не</wf>
         <wf lemma="разчитам" pos="X">разчитам</wf>
         <wf lemma="на" pos="X">на</wf>
         <instance id="d000.s6267.t000" lemma="връзка" pos="NOUN">връзките</instance>
         <wf lemma="му" pos="X">му</wf>
         <wf lemma="." pos="X">.</wf>
      </sentence>
      <sentence id="d000.s6268" source="wordnet-bulgarian">
         <wf lemma="влизам" pos="X">влизам</wf>
         <wf lemma="в" pos="X">в</wf>
         <instance id="d000.s6268.t000" lemma="пещера" pos="NOUN">пещерата</instance>
         <wf lemma="." pos="X">.</wf>
      </sentence>
      <sentence id="d000.s6269" source="wordnet-bulgarian">
         <wf lemma="грижа" pos="X">грижа</wf>
         <wf lemma="се" pos="X">се</wf>
         <wf lemma="за" pos="X">за</wf>
         <instance id="d000.s6269.t000" lemma="здраве" pos="NOUN">здравето</instance>
         <wf lemma="си" pos="X">си</wf>
         <wf lemma="." pos="X">.</wf>
      </sentence>
      <sentence id="d000.s6270" source="wordnet-bulgarian">
         <wf lemma="резервен" pos="X">резервен</wf>
         <instance id="d000.s6270.t000" lemma="играч" pos="NOUN">играч</instance>
         <wf lemma="." pos="X">.</wf>
      </sentence>
      <sentence id="d000.s6271" source="wordnet-bulgarian">
         <wf lemma="издавам" pos="X">издавам</wf>
         <instance id="d000.s6271.t000" lemma="чек" pos="NOUN">чек</instance>
         <wf lemma="." pos="X">.</wf>
      </sentence>
      <sentence id="d000.s6272" source="wordnet-bulgarian">
         <instance id="d000.s6272.t000" lemma="наближавам" pos="VERB">наближаваме</instance>
         <wf lemma="улицата" pos="X">улицата</wf>
         <wf lemma="." pos="X">.</wf>
      </sentence>
      <sentence id="d000.s6273" source="wordnet-bulgarian">
         <wf lemma="епизодичен" pos="X">епизодичен</wf>
         <instance id="d000.s6273.t000" lemma="герой" pos="NOUN">герой</instance>
         <wf lemma="." pos="X">.</wf>
      </sentence>
      <sentence id="d000.s6274" source="wordnet-bulgarian">
         <wf lemma="без" pos="X">без</wf>
         <instance id="d000.s6274.t000" lemma="трудност" pos="NOUN">трудности</instance>
         <wf lemma="." pos="X">.</wf>
      </sentence>
      <sentence id="d000.s6275" source="wordnet-bulgarian">
         <wf lemma="лошо" pos="X">лошо</wf>
         <instance id="d000.s6275.t000" lemma="отношение" pos="NOUN">отношение</instance>
         <wf lemma="." pos="X">.</wf>
      </sentence>
      <sentence id="d000.s6276" source="wordnet-bulgarian">
         <instance id="d000.s6276.t000" lemma="връщане" pos="NOUN">връщане</instance>
         <wf lemma="на" pos="X">на</wf>
         <wf lemma="книги" pos="X">книги</wf>
         <wf lemma="в" pos="X">в</wf>
         <wf lemma="библиотеката" pos="X">библиотеката</wf>
         <wf lemma="." pos="X">.</wf>
      </sentence>
      <sentence id="d000.s6277" source="wordnet-bulgarian">
         <wf lemma="външен" pos="X">външен</wf>
         <instance id="d000.s6277.t000" lemma="импулс" pos="NOUN">импулс</instance>
         <wf lemma="." pos="X">.</wf>
      </sentence>
      <sentence id="d000.s6278" source="wordnet-bulgarian">
         <wf lemma="на" pos="X">на</wf>
         <instance id="d000.s6278.t000" lemma="гръб" pos="NOUN">гърба</instance>
         <wf lemma="на" pos="X">на</wf>
         <wf lemma="сградата" pos="X">сградата</wf>
         <wf lemma="." pos="X">.</wf>
      </sentence>
      <sentence id="d000.s6279" source="wordnet-bulgarian">
         <wf lemma="дясна" pos="X">дясна</wf>
         <instance id="d000.s6279.t000" lemma="гума" pos="NOUN">гума</instance>
         <wf lemma="." pos="X">.</wf>
      </sentence>
      <sentence id="d000.s6280" source="wordnet-bulgarian">
         <wf lemma="Тя" pos="X">Тя</wf>
         <instance id="d000.s6280.t000" lemma="продам" pos="VERB">продаде</instance>
         <wf lemma="няколко" pos="X">няколко</wf>
         <wf lemma="картини" pos="X">картини</wf>
         <wf lemma="." pos="X">.</wf>
      </sentence>
      <sentence id="d000.s6281" source="wordnet-bulgarian">
         <wf lemma="парен" pos="X">парен</wf>
         <instance id="d000.s6281.t000" lemma="локомотив" pos="NOUN">локомотив</instance>
         <wf lemma="." pos="X">.</wf>
      </sentence>
      <sentence id="d000.s6282" source="wordnet-bulgarian">
         <wf lemma="бойна" pos="X">бойна</wf>
         <instance id="d000.s6282.t000" lemma="операция" pos="NOUN">операция</instance>
         <wf lemma="." pos="X">.</wf>
      </sentence>
      <sentence id="d000.s6283" source="wordnet-bulgarian">
         <wf lemma="пробвам" pos="X">пробвам</wf>
         <instance id="d000.s6283.t000" lemma="палто" pos="NOUN">палто</instance>
         <wf lemma="." pos="X">.</wf>
      </sentence>
      <sentence id="d000.s6284" source="wordnet-bulgarian">
         <wf lemma="многогодишни" pos="X">многогодишни</wf>
         <instance id="d000.s6284.t000" lemma="растение" pos="NOUN">растения</instance>
         <wf lemma="." pos="X">.</wf>
      </sentence>
      <sentence id="d000.s6285" source="wordnet-bulgarian">
         <instance id="d000.s6285.t000" lemma="патент" pos="NOUN">патент</instance>
         <wf lemma="за" pos="X">за</wf>
         <wf lemma="." pos="X">.</wf>
      </sentence>
      <sentence id="d000.s6286" source="wordnet-bulgarian">
         <instance id="d000.s6286.t000" lemma="двойка" pos="NOUN">двойка</instance>
         <wf lemma="патрули" pos="X">патрули</wf>
         <wf lemma="." pos="X">.</wf>
      </sentence>
      <sentence id="d000.s6287" source="wordnet-bulgarian">
         <wf lemma="онемявам" pos="X">онемявам</wf>
         <wf lemma="от" pos="X">от</wf>
         <instance id="d000.s6287.t000" lemma="възхищение" pos="NOUN">възхищение</instance>
         <wf lemma="." pos="X">.</wf>
      </sentence>
      <sentence id="d000.s6288" source="wordnet-bulgarian">
         <wf lemma="ръчен" pos="X">ръчен</wf>
         <instance id="d000.s6288.t000" lemma="часовник" pos="NOUN">часовник</instance>
         <wf lemma="." pos="X">.</wf>
      </sentence>
      <sentence id="d000.s6289" source="wordnet-bulgarian">
         <instance id="d000.s6289.t000" lemma="противодействие" pos="NOUN">противодействие</instance>
         <wf lemma="на" pos="X">на</wf>
         <wf lemma="наркотрафика" pos="X">наркотрафика</wf>
         <wf lemma="." pos="X">.</wf>
      </sentence>
      <sentence id="d000.s6290" source="wordnet-bulgarian">
         <wf lemma="Понасям" pos="X">Понасям</wf>
         <wf lemma="с" pos="X">с</wf>
         <wf lemma="твърдост" pos="X">твърдост</wf>
         <instance id="d000.s6290.t000" lemma="обида" pos="NOUN">обидите</instance>
         <wf lemma="." pos="X">.</wf>
      </sentence>
      <sentence id="d000.s6291" source="wordnet-bulgarian">
         <wf lemma="поглъщам" pos="X">поглъщам</wf>
         <wf lemma="цялото" pos="X">цялото</wf>
         <instance id="d000.s6291.t000" lemma="внимание" pos="NOUN">внимание</instance>
         <wf lemma="на" pos="X">на</wf>
         <wf lemma="." pos="X">.</wf>
      </sentence>
      <sentence id="d000.s6292" source="wordnet-bulgarian">
         <instance id="d000.s6292.t000" lemma="сервирам" pos="VERB">сервирам</instance>
         <wf lemma="на" pos="X">на</wf>
         <wf lemma="сина" pos="X">сина</wf>
         <wf lemma="ми" pos="X">ми</wf>
         <wf lemma="." pos="X">.</wf>
      </sentence>
      <sentence id="d000.s6293" source="wordnet-bulgarian">
         <instance id="d000.s6293.t000" lemma="наказвам" pos="VERB">наказвам</instance>
         <wf lemma="престъпник" pos="X">престъпник</wf>
         <wf lemma="." pos="X">.</wf>
      </sentence>
      <sentence id="d000.s6294" source="wordnet-bulgarian">
         <instance id="d000.s6294.t000" lemma="будка" pos="NOUN">будка</instance>
         <wf lemma="за" pos="X">за</wf>
         <wf lemma="." pos="X">.</wf>
      </sentence>
      <sentence id="d000.s6295" source="wordnet-bulgarian">
         <wf lemma="ускорен" pos="X">ускорен</wf>
         <instance id="d000.s6295.t000" lemma="пулс" pos="NOUN">пулс</instance>
         <wf lemma="." pos="X">.</wf>
      </sentence>
      <sentence id="d000.s6296" source="wordnet-bulgarian">
         <wf lemma="Машинната" pos="X">Машинната</wf>
         <wf lemma="обработка" pos="X">обработка</wf>
         <wf lemma="има" pos="X">има</wf>
         <wf lemma="големи" pos="X">големи</wf>
         <instance id="d000.s6296.t000" lemma="предимство" pos="NOUN">предимства</instance>
         <wf lemma="пред" pos="X">пред</wf>
         <wf lemma="ръчната" pos="X">ръчната</wf>
         <wf lemma="." pos="X">.</wf>
      </sentence>
      <sentence id="d000.s6297" source="wordnet-bulgarian">
         <wf lemma="меки" pos="X">меки</wf>
         <instance id="d000.s6297.t000" lemma="ръкавица" pos="NOUN">ръкавици</instance>
         <wf lemma="." pos="X">.</wf>
      </sentence>
      <sentence id="d000.s6298" source="wordnet-bulgarian">
         <instance id="d000.s6298.t000" lemma="бърша" pos="VERB">бърша</instance>
         <wf lemma="прозорци" pos="X">прозорци</wf>
         <wf lemma="." pos="X">.</wf>
      </sentence>
      <sentence id="d000.s6299" source="wordnet-bulgarian">
         <wf lemma="имам" pos="X">имам</wf>
         <instance id="d000.s6299.t000" lemma="ориентация" pos="NOUN">ориентация</instance>
         <wf lemma="." pos="X">.</wf>
      </sentence>
      <sentence id="d000.s6300" source="wordnet-bulgarian">
         <wf lemma="богат" pos="X">богат</wf>
         <wf lemma="избор" pos="X">избор</wf>
         <wf lemma="на" pos="X">на</wf>
         <instance id="d000.s6300.t000" lemma="плат" pos="NOUN">платове</instance>
         <wf lemma="." pos="X">.</wf>
      </sentence>
      <sentence id="d000.s6301" source="wordnet-bulgarian">
         <instance id="d000.s6301.t000" lemma="управление" pos="NOUN">управление</instance>
         <wf lemma="на" pos="X">на</wf>
         <wf lemma="фирма" pos="X">фирма</wf>
         <wf lemma="." pos="X">.</wf>
      </sentence>
      <sentence id="d000.s6302" source="wordnet-bulgarian">
         <wf lemma="детски" pos="X">детски</wf>
         <instance id="d000.s6302.t000" lemma="писател" pos="NOUN">писател</instance>
         <wf lemma="." pos="X">.</wf>
      </sentence>
      <sentence id="d000.s6303" source="wordnet-bulgarian">
         <wf lemma="жив" pos="X">жив</wf>
         <instance id="d000.s6303.t000" lemma="модел" pos="NOUN">модел</instance>
         <wf lemma="." pos="X">.</wf>
      </sentence>
      <sentence id="d000.s6304" source="wordnet-bulgarian">
         <wf lemma="спускам" pos="X">спускам</wf>
         <wf lemma="се" pos="X">се</wf>
         <wf lemma="в" pos="X">в</wf>
         <instance id="d000.s6304.t000" lemma="пещера" pos="NOUN">пещерата</instance>
         <wf lemma="." pos="X">.</wf>
      </sentence>
      <sentence id="d000.s6305" source="wordnet-bulgarian">
         <instance id="d000.s6305.t000" lemma="възхищение" pos="NOUN">възхищение</instance>
         <wf lemma="от" pos="X">от</wf>
         <wf lemma="." pos="X">.</wf>
      </sentence>
      <sentence id="d000.s6306" source="wordnet-bulgarian">
         <instance id="d000.s6306.t000" lemma="съратник" pos="NOUN">съратници</instance>
         <wf lemma="във" pos="X">във</wf>
         <wf lemma="войната" pos="X">войната</wf>
         <wf lemma="." pos="X">.</wf>
      </sentence>
      <sentence id="d000.s6307" source="wordnet-bulgarian">
         <wf lemma="пет" pos="X">пет</wf>
         <wf lemma="минути" pos="X">минути</wf>
         <instance id="d000.s6307.t000" lemma="престой" pos="NOUN">престой</instance>
         <wf lemma="." pos="X">.</wf>
      </sentence>
      <sentence id="d000.s6308" source="wordnet-bulgarian">
         <instance id="d000.s6308.t000" lemma="ток" pos="NOUN">Ток</instance>
         <wf lemma="с" pos="X">с</wf>
         <wf lemma="високо" pos="X">високо</wf>
         <wf lemma="напрежение" pos="X">напрежение</wf>
         <wf lemma="." pos="X">.</wf>
      </sentence>
      <sentence id="d000.s6309" source="wordnet-bulgarian">
         <wf lemma="словесна" pos="X">словесна</wf>
         <instance id="d000.s6309.t000" lemma="атака" pos="NOUN">атака</instance>
         <wf lemma="." pos="X">.</wf>
      </sentence>
      <sentence id="d000.s6310" source="wordnet-bulgarian">
         <wf lemma="ценна" pos="X">ценна</wf>
         <instance id="d000.s6310.t000" lemma="препоръка" pos="NOUN">препоръка</instance>
         <wf lemma="." pos="X">.</wf>
      </sentence>
      <sentence id="d000.s6311" source="wordnet-bulgarian">
         <instance id="d000.s6311.t000" lemma="познание" pos="NOUN">познания</instance>
         <wf lemma="в" pos="X">в</wf>
         <wf lemma="областта" pos="X">областта</wf>
         <wf lemma="на" pos="X">на</wf>
         <wf lemma="." pos="X">.</wf>
      </sentence>
      <sentence id="d000.s6312" source="wordnet-bulgarian">
         <wf lemma="къща" pos="X">къща</wf>
         <wf lemma="без" pos="X">без</wf>
         <instance id="d000.s6312.t000" lemma="мазе" pos="NOUN">мазе</instance>
         <wf lemma="." pos="X">.</wf>
      </sentence>
      <sentence id="d000.s6313" source="wordnet-bulgarian">
         <wf lemma="правя" pos="X">правя</wf>
         <instance id="d000.s6313.t000" lemma="прогноза" pos="NOUN">прогноза</instance>
         <wf lemma="." pos="X">.</wf>
      </sentence>
      <sentence id="d000.s6314" source="wordnet-bulgarian">
         <instance id="d000.s6314.t000" lemma="играя" pos="VERB">играя</instance>
         <wf lemma="хоро" pos="X">хоро</wf>
         <wf lemma="." pos="X">.</wf>
      </sentence>
      <sentence id="d000.s6315" source="wordnet-bulgarian">
         <wf lemma="Мечтая" pos="X">Мечтая</wf>
         <wf lemma="да" pos="X">да</wf>
         <wf lemma="стана" pos="X">стана</wf>
         <instance id="d000.s6315.t000" lemma="инженер" pos="NOUN">инженер</instance>
         <wf lemma="." pos="X">.</wf>
      </sentence>
      <sentence id="d000.s6316" source="wordnet-bulgarian">
         <wf lemma="не" pos="X">не</wf>
         <wf lemma="влагам" pos="X">влагам</wf>
         <instance id="d000.s6316.t000" lemma="чувство" pos="NOUN">чувства</instance>
         <wf lemma="." pos="X">.</wf>
      </sentence>
      <sentence id="d000.s6317" source="wordnet-bulgarian">
         <wf lemma="съдомиялна" pos="X">съдомиялна</wf>
         <instance id="d000.s6317.t000" lemma="машина" pos="NOUN">машина</instance>
         <wf lemma="." pos="X">.</wf>
      </sentence>
      <sentence id="d000.s6318" source="wordnet-bulgarian">
         <wf lemma="белтъчни" pos="X">белтъчни</wf>
         <instance id="d000.s6318.t000" lemma="вещество" pos="NOUN">вещества</instance>
         <wf lemma="." pos="X">.</wf>
      </sentence>
      <sentence id="d000.s6319" source="wordnet-bulgarian">
         <wf lemma="правя" pos="X">правя</wf>
         <wf lemma="малки" pos="X">малки</wf>
         <instance id="d000.s6319.t000" lemma="корекция" pos="NOUN">корекции</instance>
         <wf lemma="на" pos="X">на</wf>
         <wf lemma="нещо" pos="X">нещо</wf>
         <wf lemma="." pos="X">.</wf>
      </sentence>
      <sentence id="d000.s6320" source="wordnet-bulgarian">
         <wf lemma="престъпна" pos="X">престъпна</wf>
         <instance id="d000.s6320.t000" lemma="дейност" pos="NOUN">дейност</instance>
         <wf lemma="." pos="X">.</wf>
      </sentence>
      <sentence id="d000.s6321" source="wordnet-bulgarian">
         <wf lemma="специалист" pos="X">специалист</wf>
         <wf lemma="с" pos="X">с</wf>
         <instance id="d000.s6321.t000" lemma="опит" pos="NOUN">опит</instance>
         <wf lemma="." pos="X">.</wf>
      </sentence>
      <sentence id="d000.s6322" source="wordnet-bulgarian">
         <wf lemma="партизански" pos="X">партизански</wf>
         <instance id="d000.s6322.t000" lemma="отряд" pos="NOUN">отряд</instance>
         <wf lemma="." pos="X">.</wf>
      </sentence>
      <sentence id="d000.s6323" source="wordnet-bulgarian">
         <instance id="d000.s6323.t000" lemma="куче" pos="NOUN">куче</instance>
         <wf lemma="вълча" pos="X">вълча</wf>
         <wf lemma="порода" pos="X">порода</wf>
         <wf lemma="." pos="X">.</wf>
      </sentence>
      <sentence id="d000.s6324" source="wordnet-bulgarian">
         <wf lemma="навигационна" pos="X">навигационна</wf>
         <instance id="d000.s6324.t000" lemma="карта" pos="NOUN">карта</instance>
         <wf lemma="." pos="X">.</wf>
      </sentence>
      <sentence id="d000.s6325" source="wordnet-bulgarian">
         <wf lemma="правя" pos="X">правя</wf>
         <instance id="d000.s6325.t000" lemma="знак" pos="NOUN">знак</instance>
         <wf lemma="." pos="X">.</wf>
      </sentence>
      <sentence id="d000.s6326" source="wordnet-bulgarian">
         <wf lemma="За" pos="X">За</wf>
         <wf lemma="готвене" pos="X">готвене</wf>
         <wf lemma="винаги" pos="X">винаги</wf>
         <wf lemma="използвам" pos="X">използвам</wf>
         <instance id="d000.s6326.t000" lemma="олио" pos="NOUN">олио</instance>
         <wf lemma="," pos="X">,</wf>
         <wf lemma="а" pos="X">а</wf>
         <wf lemma="за" pos="X">за</wf>
         <wf lemma="салата" pos="X">салата</wf>
         <wf lemma="-" pos="X">-</wf>
         <wf lemma="зехтин" pos="X">зехтин</wf>
         <wf lemma="." pos="X">.</wf>
      </sentence>
      <sentence id="d000.s6327" source="wordnet-bulgarian">
         <wf lemma="Тя" pos="X">Тя</wf>
         <wf lemma="беше" pos="X">беше</wf>
         <wf lemma="чужденка" pos="X">чужденка</wf>
         <wf lemma="," pos="X">,</wf>
         <wf lemma="а" pos="X">а</wf>
         <wf lemma="това" pos="X">това</wf>
         <wf lemma="не" pos="X">не</wf>
         <wf lemma="личеше" pos="X">личеше</wf>
         <wf lemma="в" pos="X">в</wf>
         <instance id="d000.s6327.t000" lemma="говор" pos="NOUN">говора</instance>
         <wf lemma="й" pos="X">й</wf>
         <wf lemma="." pos="X">.</wf>
      </sentence>
      <sentence id="d000.s6328" source="wordnet-bulgarian">
         <wf lemma="държа" pos="X">държа</wf>
         <wf lemma="се" pos="X">се</wf>
         <wf lemma="на" pos="X">на</wf>
         <instance id="d000.s6328.t000" lemma="повърхност" pos="NOUN">повърхността</instance>
         <wf lemma="." pos="X">.</wf>
      </sentence>
      <sentence id="d000.s6329" source="wordnet-bulgarian">
         <wf lemma="на" pos="X">на</wf>
         <wf lemma="свои" pos="X">свои</wf>
         <instance id="d000.s6329.t000" lemma="разноска" pos="NOUN">разноски</instance>
         <wf lemma="." pos="X">.</wf>
      </sentence>
      <sentence id="d000.s6330" source="wordnet-bulgarian">
         <instance id="d000.s6330.t000" lemma="храм" pos="NOUN">храм</instance>
         <wf lemma="Свети" pos="X">Свети</wf>
         <wf lemma="Седмочисленици" pos="X">Седмочисленици</wf>
         <wf lemma="." pos="X">.</wf>
      </sentence>
      <sentence id="d000.s6331" source="wordnet-bulgarian">
         <wf lemma="копринена" pos="X">копринена</wf>
         <instance id="d000.s6331.t000" lemma="пола" pos="NOUN">пола</instance>
         <wf lemma="." pos="X">.</wf>
      </sentence>
      <sentence id="d000.s6332" source="wordnet-bulgarian">
         <wf lemma="пращам" pos="X">пращам</wf>
         <instance id="d000.s6332.t000" lemma="картичка" pos="NOUN">картичка</instance>
         <wf lemma="." pos="X">.</wf>
      </sentence>
      <sentence id="d000.s6333" source="wordnet-bulgarian">
         <instance id="d000.s6333.t000" lemma="платно" pos="NOUN">платно</instance>
         <wf lemma="за" pos="X">за</wf>
         <wf lemma="." pos="X">.</wf>
      </sentence>
      <sentence id="d000.s6334" source="wordnet-bulgarian">
         <wf lemma="благороден" pos="X">благороден</wf>
         <instance id="d000.s6334.t000" lemma="елен" pos="NOUN">елен</instance>
         <wf lemma="." pos="X">.</wf>
      </sentence>
      <sentence id="d000.s6335" source="wordnet-bulgarian">
         <wf lemma="общопрактикуващ" pos="X">общопрактикуващ</wf>
         <instance id="d000.s6335.t000" lemma="лекар" pos="NOUN">лекар</instance>
         <wf lemma="." pos="X">.</wf>
      </sentence>
      <sentence id="d000.s6336" source="wordnet-bulgarian">
         <instance id="d000.s6336.t000" lemma="издънка" pos="NOUN">издънка</instance>
         <wf lemma="на" pos="X">на</wf>
         <wf lemma="видна" pos="X">видна</wf>
         <wf lemma="фамилия" pos="X">фамилия</wf>
         <wf lemma="." pos="X">.</wf>
      </sentence>
      <sentence id="d000.s6337" source="wordnet-bulgarian">
         <wf lemma="железопътна" pos="X">железопътна</wf>
         <instance id="d000.s6337.t000" lemma="връзка" pos="NOUN">връзка</instance>
         <wf lemma="." pos="X">.</wf>
      </sentence>
      <sentence id="d000.s6338" source="wordnet-bulgarian">
         <wf lemma="говоря" pos="X">говоря</wf>
         <wf lemma="с" pos="X">с</wf>
         <instance id="d000.s6338.t000" lemma="дух" pos="NOUN">духове</instance>
         <wf lemma="." pos="X">.</wf>
      </sentence>
      <sentence id="d000.s6339" source="wordnet-bulgarian">
         <wf lemma="непостижимо" pos="X">непостижимо</wf>
         <instance id="d000.s6339.t000" lemma="майсторство" pos="NOUN">майсторство</instance>
         <wf lemma="." pos="X">.</wf>
      </sentence>
      <sentence id="d000.s6340" source="wordnet-bulgarian">
         <wf lemma="амбалажна" pos="X">амбалажна</wf>
         <instance id="d000.s6340.t000" lemma="хартия" pos="NOUN">хартия</instance>
         <wf lemma="." pos="X">.</wf>
      </sentence>
      <sentence id="d000.s6341" source="wordnet-bulgarian">
         <wf lemma="неизлечимо" pos="X">неизлечимо</wf>
         <instance id="d000.s6341.t000" lemma="пиянство" pos="NOUN">пиянство</instance>
         <wf lemma="." pos="X">.</wf>
      </sentence>
      <sentence id="d000.s6342" source="wordnet-bulgarian">
         <wf lemma="преодолявам" pos="X">преодолявам</wf>
         <instance id="d000.s6342.t000" lemma="вълнение" pos="NOUN">вълнението</instance>
         <wf lemma="си" pos="X">си</wf>
         <wf lemma="." pos="X">.</wf>
      </sentence>
      <sentence id="d000.s6343" source="wordnet-bulgarian">
         <wf lemma="взимам" pos="X">взимам</wf>
         <wf lemma="своята" pos="X">своята</wf>
         <instance id="d000.s6343.t000" lemma="част" pos="NOUN">част</instance>
         <wf lemma="." pos="X">.</wf>
      </sentence>
      <sentence id="d000.s6344" source="wordnet-bulgarian">
         <wf lemma="имам" pos="X">имам</wf>
         <wf lemma="добро" pos="X">добро</wf>
         <instance id="d000.s6344.t000" lemma="поведение" pos="NOUN">поведение</instance>
         <wf lemma="." pos="X">.</wf>
      </sentence>
      <sentence id="d000.s6345" source="wordnet-bulgarian">
         <wf lemma="Започнах" pos="X">Започнах</wf>
         <wf lemma="работа" pos="X">работа</wf>
         <wf lemma="без" pos="X">без</wf>
         <instance id="d000.s6345.t000" lemma="връзка" pos="NOUN">връзки</instance>
         <wf lemma="." pos="X">.</wf>
      </sentence>
      <sentence id="d000.s6346" source="wordnet-bulgarian">
         <wf lemma="правя" pos="X">правя</wf>
         <wf lemma="се" pos="X">се</wf>
         <wf lemma="на" pos="X">на</wf>
         <instance id="d000.s6346.t000" lemma="маймуна" pos="NOUN">маймуна</instance>
         <wf lemma="." pos="X">.</wf>
      </sentence>
      <sentence id="d000.s6347" source="wordnet-bulgarian">
         <wf lemma="достоверен" pos="X">достоверен</wf>
         <instance id="d000.s6347.t000" lemma="източник" pos="NOUN">източник</instance>
         <wf lemma="." pos="X">.</wf>
      </sentence>
      <sentence id="d000.s6348" source="wordnet-bulgarian">
         <wf lemma="проблемна" pos="X">проблемна</wf>
         <instance id="d000.s6348.t000" lemma="кожа" pos="NOUN">кожа</instance>
         <wf lemma="." pos="X">.</wf>
      </sentence>
      <sentence id="d000.s6349" source="wordnet-bulgarian">
         <wf lemma="хвърчи" pos="X">хвърчи</wf>
         <instance id="d000.s6349.t000" lemma="перушина" pos="NOUN">перушина</instance>
         <wf lemma="." pos="X">.</wf>
      </sentence>
      <sentence id="d000.s6350" source="wordnet-bulgarian">
         <instance id="d000.s6350.t000" lemma="звън" pos="NOUN">звън</instance>
         <wf lemma="на" pos="X">на</wf>
         <wf lemma="монети" pos="X">монети</wf>
         <wf lemma="." pos="X">.</wf>
      </sentence>
      <sentence id="d000.s6351" source="wordnet-bulgarian">
         <wf lemma="позлатен" pos="X">позлатен</wf>
         <instance id="d000.s6351.t000" lemma="купол" pos="NOUN">купол</instance>
         <wf lemma="." pos="X">.</wf>
      </sentence>
      <sentence id="d000.s6352" source="wordnet-bulgarian">
         <wf lemma="буйна" pos="X">буйна</wf>
         <instance id="d000.s6352.t000" lemma="младост" pos="NOUN">младост</instance>
         <wf lemma="." pos="X">.</wf>
      </sentence>
      <sentence id="d000.s6353" source="wordnet-bulgarian">
         <wf lemma="нямам" pos="X">нямам</wf>
         <instance id="d000.s6353.t000" lemma="сила" pos="NOUN">сили</instance>
         <wf lemma="да" pos="X">да</wf>
         <wf lemma="." pos="X">.</wf>
      </sentence>
      <sentence id="d000.s6354" source="wordnet-bulgarian">
         <wf lemma="Чувства" pos="X">Чувства</wf>
         <wf lemma="се" pos="X">се</wf>
         <wf lemma="напредък" pos="X">напредък</wf>
         <wf lemma="във" pos="X">във</wf>
         <wf lemma="всички" pos="X">всички</wf>
         <instance id="d000.s6354.t000" lemma="сфера" pos="NOUN">сфери</instance>
         <wf lemma="на" pos="X">на</wf>
         <wf lemma="стопанството" pos="X">стопанството</wf>
         <wf lemma="." pos="X">.</wf>
      </sentence>
      <sentence id="d000.s6355" source="wordnet-bulgarian">
         <instance id="d000.s6355.t000" lemma="калай" pos="NOUN">Калаят</instance>
         <wf lemma="рядко" pos="X">рядко</wf>
         <wf lemma="се" pos="X">се</wf>
         <wf lemma="употребява" pos="X">употребява</wf>
         <wf lemma="чист" pos="X">чист</wf>
         <wf lemma="," pos="X">,</wf>
         <wf lemma="но" pos="X">но</wf>
         <wf lemma="качествата" pos="X">качествата</wf>
         <wf lemma="му" pos="X">му</wf>
         <wf lemma="го" pos="X">го</wf>
         <wf lemma="правят" pos="X">правят</wf>
         <wf lemma="незаменим" pos="X">незаменим</wf>
         <wf lemma="в" pos="X">в</wf>
         <wf lemma="много" pos="X">много</wf>
         <wf lemma="сплави" pos="X">сплави</wf>
         <wf lemma="." pos="X">.</wf>
      </sentence>
      <sentence id="d000.s6356" source="wordnet-bulgarian">
         <instance id="d000.s6356.t000" lemma="дължа" pos="VERB">Дължа</instance>
         <wf lemma="му" pos="X">му</wf>
         <wf lemma="много" pos="X">много</wf>
         <wf lemma="пари" pos="X">пари</wf>
         <wf lemma="." pos="X">.</wf>
      </sentence>
      <sentence id="d000.s6357" source="wordnet-bulgarian">
         <instance id="d000.s6357.t000" lemma="клиент" pos="NOUN">Клиентът</instance>
         <wf lemma="винаги" pos="X">винаги</wf>
         <wf lemma="има" pos="X">има</wf>
         <wf lemma="право" pos="X">право</wf>
         <wf lemma="." pos="X">.</wf>
      </sentence>
      <sentence id="d000.s6358" source="wordnet-bulgarian">
         <wf lemma="бяла" pos="X">бяла</wf>
         <instance id="d000.s6358.t000" lemma="риба" pos="NOUN">риба</instance>
         <wf lemma="." pos="X">.</wf>
      </sentence>
      <sentence id="d000.s6359" source="wordnet-bulgarian">
         <wf lemma="изпращам" pos="X">изпращам</wf>
         <wf lemma="по" pos="X">по</wf>
         <instance id="d000.s6359.t000" lemma="факс" pos="NOUN">факса</instance>
         <wf lemma="." pos="X">.</wf>
      </sentence>
      <sentence id="d000.s6360" source="wordnet-bulgarian">
         <instance id="d000.s6360.t000" lemma="подаря" pos="VERB">Подарих</instance>
         <wf lemma="му" pos="X">му</wf>
         <wf lemma="скъп" pos="X">скъп</wf>
         <wf lemma="парфюм" pos="X">парфюм</wf>
         <wf lemma="." pos="X">.</wf>
      </sentence>
      <sentence id="d000.s6361" source="wordnet-bulgarian">
         <wf lemma="заварен" pos="X">заварен</wf>
         <instance id="d000.s6361.t000" lemma="брат" pos="NOUN">брат</instance>
         <wf lemma="." pos="X">.</wf>
      </sentence>
      <sentence id="d000.s6362" source="wordnet-bulgarian">
         <instance id="d000.s6362.t000" lemma="преценка" pos="NOUN">преценка</instance>
         <wf lemma="за" pos="X">за</wf>
         <wf lemma="." pos="X">.</wf>
      </sentence>
      <sentence id="d000.s6363" source="wordnet-bulgarian">
         <wf lemma="отправям" pos="X">отправям</wf>
         <instance id="d000.s6363.t000" lemma="молитва" pos="NOUN">молитва</instance>
         <wf lemma="към" pos="X">към</wf>
         <wf lemma="." pos="X">.</wf>
      </sentence>
      <sentence id="d000.s6364" source="wordnet-bulgarian">
         <wf lemma="Той" pos="X">Той</wf>
         <wf lemma="е" pos="X">е</wf>
         <wf lemma="голям" pos="X">голям</wf>
         <instance id="d000.s6364.t000" lemma="чудак" pos="NOUN">чудак</instance>
         <wf lemma="." pos="X">.</wf>
      </sentence>
      <sentence id="d000.s6365" source="wordnet-bulgarian">
         <wf lemma="коз" pos="X">коз</wf>
         <instance id="d000.s6365.t000" lemma="спатия" pos="NOUN">спатия</instance>
         <wf lemma="." pos="X">.</wf>
      </sentence>
      <sentence id="d000.s6366" source="wordnet-bulgarian">
         <wf lemma="спортно" pos="X">спортно</wf>
         <instance id="d000.s6366.t000" lemma="предаване" pos="NOUN">предаване</instance>
         <wf lemma="." pos="X">.</wf>
      </sentence>
      <sentence id="d000.s6367" source="wordnet-bulgarian">
         <instance id="d000.s6367.t000" lemma="съкращавам" pos="VERB">съкращавам</instance>
         <wf lemma="статия" pos="X">статия</wf>
         <wf lemma="." pos="X">.</wf>
      </sentence>
      <sentence id="d000.s6368" source="wordnet-bulgarian">
         <instance id="d000.s6368.t000" lemma="изделие" pos="NOUN">изделия</instance>
         <wf lemma="от" pos="X">от</wf>
         <wf lemma="." pos="X">.</wf>
      </sentence>
      <sentence id="d000.s6369" source="wordnet-bulgarian">
         <wf lemma="сверявам" pos="X">сверявам</wf>
         <wf lemma="си" pos="X">си</wf>
         <instance id="d000.s6369.t000" lemma="часовник" pos="NOUN">часовника</instance>
         <wf lemma="." pos="X">.</wf>
      </sentence>
      <sentence id="d000.s6370" source="wordnet-bulgarian">
         <instance id="d000.s6370.t000" lemma="растение" pos="NOUN">растение</instance>
         <wf lemma="с" pos="X">с</wf>
         <wf lemma="красиви" pos="X">красиви</wf>
         <wf lemma="цветове" pos="X">цветове</wf>
         <wf lemma="." pos="X">.</wf>
      </sentence>
      <sentence id="d000.s6371" source="wordnet-bulgarian">
         <wf lemma="вземам" pos="X">вземам</wf>
         <wf lemma="застрашителни" pos="X">застрашителни</wf>
         <instance id="d000.s6371.t000" lemma="размер" pos="NOUN">размери</instance>
         <wf lemma="." pos="X">.</wf>
      </sentence>
      <sentence id="d000.s6372" source="wordnet-bulgarian">
         <wf lemma="основна" pos="X">основна</wf>
         <instance id="d000.s6372.t000" lemma="идея" pos="NOUN">идея</instance>
         <wf lemma="на" pos="X">на</wf>
         <wf lemma="роман" pos="X">роман</wf>
         <wf lemma="." pos="X">.</wf>
      </sentence>
      <sentence id="d000.s6373" source="wordnet-bulgarian">
         <wf lemma="специална" pos="X">специална</wf>
         <instance id="d000.s6373.t000" lemma="задача" pos="NOUN">задача</instance>
         <wf lemma="." pos="X">.</wf>
      </sentence>
      <sentence id="d000.s6374" source="wordnet-bulgarian">
         <wf lemma="Подреждам" pos="X">Подреждам</wf>
         <instance id="d000.s6374.t000" lemma="предмет" pos="NOUN">предметите</instance>
         <wf lemma="по" pos="X">по</wf>
         <wf lemma="местата" pos="X">местата</wf>
         <wf lemma="им" pos="X">им</wf>
         <wf lemma="." pos="X">.</wf>
      </sentence>
      <sentence id="d000.s6375" source="wordnet-bulgarian">
         <wf lemma="плитка" pos="X">плитка</wf>
         <instance id="d000.s6375.t000" lemma="чиния" pos="NOUN">чиния</instance>
         <wf lemma="." pos="X">.</wf>
      </sentence>
      <sentence id="d000.s6376" source="wordnet-bulgarian">
         <wf lemma="давам" pos="X">давам</wf>
         <instance id="d000.s6376.t000" lemma="банкет" pos="NOUN">банкет</instance>
         <wf lemma="." pos="X">.</wf>
      </sentence>
      <sentence id="d000.s6377" source="wordnet-bulgarian">
         <wf lemma="кучешки" pos="X">кучешки</wf>
         <instance id="d000.s6377.t000" lemma="зъб" pos="NOUN">зъби</instance>
         <wf lemma="." pos="X">.</wf>
      </sentence>
      <sentence id="d000.s6378" source="wordnet-bulgarian">
         <wf lemma="обявявам" pos="X">обявявам</wf>
         <instance id="d000.s6378.t000" lemma="война" pos="NOUN">война</instance>
         <wf lemma="." pos="X">.</wf>
      </sentence>
      <sentence id="d000.s6379" source="wordnet-bulgarian">
         <wf lemma="коренно" pos="X">коренно</wf>
         <instance id="d000.s6379.t000" lemma="изменение" pos="NOUN">изменение</instance>
         <wf lemma="." pos="X">.</wf>
      </sentence>
      <sentence id="d000.s6380" source="wordnet-bulgarian">
         <wf lemma="сменям" pos="X">сменям</wf>
         <instance id="d000.s6380.t000" lemma="керемида" pos="NOUN">керемиди</instance>
         <wf lemma="." pos="X">.</wf>
      </sentence>
      <sentence id="d000.s6381" source="wordnet-bulgarian">
         <instance id="d000.s6381.t000" lemma="резерв" pos="NOUN">резерв</instance>
         <wf lemma="от" pos="X">от</wf>
         <wf lemma="храна" pos="X">храна</wf>
         <wf lemma="." pos="X">.</wf>
      </sentence>
      <sentence id="d000.s6382" source="wordnet-bulgarian">
         <instance id="d000.s6382.t000" lemma="кожа" pos="NOUN">кожата</instance>
         <wf lemma="е" pos="X">е</wf>
         <wf lemma="снабдена" pos="X">снабдена</wf>
         <wf lemma="с" pos="X">с</wf>
         <wf lemma="нервни" pos="X">нервни</wf>
         <wf lemma="окончания" pos="X">окончания</wf>
         <wf lemma="." pos="X">.</wf>
      </sentence>
      <sentence id="d000.s6383" source="wordnet-bulgarian">
         <wf lemma="минавам" pos="X">минавам</wf>
         <wf lemma="през" pos="X">през</wf>
         <instance id="d000.s6383.t000" lemma="коридор" pos="NOUN">коридора</instance>
         <wf lemma="." pos="X">.</wf>
      </sentence>
      <sentence id="d000.s6384" source="wordnet-bulgarian">
         <wf lemma="лъскава" pos="X">лъскава</wf>
         <instance id="d000.s6384.t000" lemma="повърхност" pos="NOUN">повърхност</instance>
         <wf lemma="." pos="X">.</wf>
      </sentence>
      <sentence id="d000.s6385" source="wordnet-bulgarian">
         <wf lemma="животински" pos="X">животински</wf>
         <instance id="d000.s6385.t000" lemma="свят" pos="NOUN">свят</instance>
         <wf lemma="." pos="X">.</wf>
      </sentence>
      <sentence id="d000.s6386" source="wordnet-bulgarian">
         <wf lemma="нов" pos="X">нов</wf>
         <instance id="d000.s6386.t000" lemma="албум" pos="NOUN">албум</instance>
         <wf lemma="." pos="X">.</wf>
      </sentence>
      <sentence id="d000.s6387" source="wordnet-bulgarian">
         <wf lemma="Опитвам" pos="X">Опитвам</wf>
         <wf lemma="се" pos="X">се</wf>
         <wf lemma="да" pos="X">да</wf>
         <wf lemma="се" pos="X">се</wf>
         <wf lemma="преборя" pos="X">преборя</wf>
         <wf lemma="с" pos="X">с</wf>
         <instance id="d000.s6387.t000" lemma="бюрокрация" pos="NOUN">бюрокрацията</instance>
         <wf lemma="." pos="X">.</wf>
      </sentence>
      <sentence id="d000.s6388" source="wordnet-bulgarian">
         <wf lemma="отивам" pos="X">отивам</wf>
         <wf lemma="на" pos="X">на</wf>
         <instance id="d000.s6388.t000" lemma="забава" pos="NOUN">забава</instance>
         <wf lemma="." pos="X">.</wf>
      </sentence>
      <sentence id="d000.s6389" source="wordnet-bulgarian">
         <wf lemma="дебел" pos="X">дебел</wf>
         <instance id="d000.s6389.t000" lemma="каймак" pos="NOUN">каймак</instance>
         <wf lemma="." pos="X">.</wf>
      </sentence>
      <sentence id="d000.s6390" source="wordnet-bulgarian">
         <wf lemma="чувство" pos="X">чувство</wf>
         <wf lemma="за" pos="X">за</wf>
         <instance id="d000.s6390.t000" lemma="отговорност" pos="NOUN">отговорност</instance>
         <wf lemma="." pos="X">.</wf>
      </sentence>
      <sentence id="d000.s6391" source="wordnet-bulgarian">
         <instance id="d000.s6391.t000" lemma="глоба" pos="NOUN">глоба</instance>
         <wf lemma="за" pos="X">за</wf>
         <wf lemma="неправилно" pos="X">неправилно</wf>
         <wf lemma="паркиране" pos="X">паркиране</wf>
         <wf lemma="." pos="X">.</wf>
      </sentence>
      <sentence id="d000.s6392" source="wordnet-bulgarian">
         <wf lemma="скъпоценен" pos="X">скъпоценен</wf>
         <instance id="d000.s6392.t000" lemma="камък" pos="NOUN">камък</instance>
         <wf lemma="." pos="X">.</wf>
      </sentence>
      <sentence id="d000.s6393" source="wordnet-bulgarian">
         <instance id="d000.s6393.t000" lemma="сбогуване" pos="NOUN">сбогуване</instance>
         <wf lemma="с" pos="X">с</wf>
         <wf lemma="приятел" pos="X">приятел</wf>
         <wf lemma="." pos="X">.</wf>
      </sentence>
      <sentence id="d000.s6394" source="wordnet-bulgarian">
         <wf lemma="сплав" pos="X">сплав</wf>
         <wf lemma="от" pos="X">от</wf>
         <instance id="d000.s6394.t000" lemma="олово" pos="NOUN">олово</instance>
         <wf lemma="и" pos="X">и</wf>
         <wf lemma="калай" pos="X">калай</wf>
         <wf lemma="." pos="X">.</wf>
      </sentence>
      <sentence id="d000.s6395" source="wordnet-bulgarian">
         <wf lemma="културен" pos="X">културен</wf>
         <instance id="d000.s6395.t000" lemma="туризъм" pos="NOUN">туризъм</instance>
         <wf lemma="." pos="X">.</wf>
      </sentence>
      <sentence id="d000.s6396" source="wordnet-bulgarian">
         <wf lemma="препоръчват" pos="X">препоръчват</wf>
         <wf lemma="ми" pos="X">ми</wf>
         <instance id="d000.s6396.t000" lemma="почивка" pos="NOUN">почивка</instance>
         <wf lemma="." pos="X">.</wf>
      </sentence>
      <sentence id="d000.s6397" source="wordnet-bulgarian">
         <instance id="d000.s6397.t000" lemma="разстояние" pos="NOUN">разстояние</instance>
         <wf lemma="между" pos="X">между</wf>
         <wf lemma="редовете" pos="X">редовете</wf>
         <wf lemma="." pos="X">.</wf>
      </sentence>
      <sentence id="d000.s6398" source="wordnet-bulgarian">
         <wf lemma="Чу" pos="X">Чу</wf>
         <wf lemma="се" pos="X">се</wf>
         <wf lemma="врив" pos="X">врив</wf>
         <wf lemma="от" pos="X">от</wf>
         <instance id="d000.s6398.t000" lemma="бомба" pos="NOUN">бомба</instance>
         <wf lemma="." pos="X">.</wf>
      </sentence>
      <sentence id="d000.s6399" source="wordnet-bulgarian">
         <wf lemma="пакетче" pos="X">пакетче</wf>
         <instance id="d000.s6399.t000" lemma="чай" pos="NOUN">чай</instance>
         <wf lemma="." pos="X">.</wf>
      </sentence>
      <sentence id="d000.s6400" source="wordnet-bulgarian">
         <wf lemma="полезно" pos="X">полезно</wf>
         <instance id="d000.s6400.t000" lemma="начинание" pos="NOUN">начинание</instance>
         <wf lemma="." pos="X">.</wf>
      </sentence>
      <sentence id="d000.s6401" source="wordnet-bulgarian">
         <instance id="d000.s6401.t000" lemma="сос" pos="NOUN">сос</instance>
         <wf lemma="за" pos="X">за</wf>
         <wf lemma="спагети" pos="X">спагети</wf>
         <wf lemma="." pos="X">.</wf>
      </sentence>
      <sentence id="d000.s6402" source="wordnet-bulgarian">
         <wf lemma="земеделски" pos="X">земеделски</wf>
         <instance id="d000.s6402.t000" lemma="производител" pos="NOUN">производител</instance>
         <wf lemma="." pos="X">.</wf>
      </sentence>
      <sentence id="d000.s6403" source="wordnet-bulgarian">
         <wf lemma="Той" pos="X">Той</wf>
         <wf lemma="ми" pos="X">ми</wf>
         <wf lemma="подари" pos="X">подари</wf>
         <wf lemma="пеещо" pos="X">пеещо</wf>
         <wf lemma="плюшено" pos="X">плюшено</wf>
         <instance id="d000.s6403.t000" lemma="сърце" pos="NOUN">сърце</instance>
         <wf lemma="за" pos="X">за</wf>
         <wf lemma="свети" pos="X">свети</wf>
         <wf lemma="Валентин" pos="X">Валентин</wf>
         <wf lemma="." pos="X">.</wf>
      </sentence>
      <sentence id="d000.s6404" source="wordnet-bulgarian">
         <wf lemma="вдлъбнато" pos="X">вдлъбнато</wf>
         <instance id="d000.s6404.t000" lemma="огледало" pos="NOUN">огледало</instance>
         <wf lemma="." pos="X">.</wf>
      </sentence>
      <sentence id="d000.s6405" source="wordnet-bulgarian">
         <wf lemma="продоволствена" pos="X">продоволствена</wf>
         <instance id="d000.s6405.t000" lemma="стока" pos="NOUN">стока</instance>
         <wf lemma="." pos="X">.</wf>
      </sentence>
      <sentence id="d000.s6406" source="wordnet-bulgarian">
         <instance id="d000.s6406.t000" lemma="пея" pos="VERB">пея</instance>
         <wf lemma="фалшиво" pos="X">фалшиво</wf>
         <wf lemma="." pos="X">.</wf>
      </sentence>
      <sentence id="d000.s6407" source="wordnet-bulgarian">
         <wf lemma="предметна" pos="X">предметна</wf>
         <instance id="d000.s6407.t000" lemma="награда" pos="NOUN">награда</instance>
         <wf lemma="." pos="X">.</wf>
      </sentence>
      <sentence id="d000.s6408" source="wordnet-bulgarian">
         <instance id="d000.s6408.t000" lemma="паметник" pos="NOUN">Паметник</instance>
         <wf lemma="на" pos="X">на</wf>
         <wf lemma="незнайния" pos="X">незнайния</wf>
         <wf lemma="войн" pos="X">войн</wf>
         <wf lemma="." pos="X">.</wf>
      </sentence>
      <sentence id="d000.s6409" source="wordnet-bulgarian">
         <wf lemma="уча" pos="X">уча</wf>
         <wf lemma="на" pos="X">на</wf>
         <instance id="d000.s6409.t000" lemma="бюро" pos="NOUN">бюрото</instance>
         <wf lemma="." pos="X">.</wf>
      </sentence>
      <sentence id="d000.s6410" source="wordnet-bulgarian">
         <wf lemma="създавам" pos="X">създавам</wf>
         <instance id="d000.s6410.t000" lemma="организация" pos="NOUN">организация</instance>
         <wf lemma="." pos="X">.</wf>
      </sentence>
      <sentence id="d000.s6411" source="wordnet-bulgarian">
         <instance id="d000.s6411.t000" lemma="стока" pos="NOUN">стока</instance>
         <wf lemma="с" pos="X">с</wf>
         <wf lemma="изтекъл" pos="X">изтекъл</wf>
         <wf lemma="срок" pos="X">срок</wf>
         <wf lemma="на" pos="X">на</wf>
         <wf lemma="годност" pos="X">годност</wf>
         <wf lemma="." pos="X">.</wf>
      </sentence>
      <sentence id="d000.s6412" source="wordnet-bulgarian">
         <wf lemma="слизам" pos="X">слизам</wf>
         <wf lemma="от" pos="X">от</wf>
         <instance id="d000.s6412.t000" lemma="таван" pos="NOUN">тавана</instance>
         <wf lemma="." pos="X">.</wf>
      </sentence>
      <sentence id="d000.s6413" source="wordnet-bulgarian">
         <wf lemma="през" pos="X">през</wf>
         <wf lemma="цялата" pos="X">цялата</wf>
         <instance id="d000.s6413.t000" lemma="нощ" pos="NOUN">нощ</instance>
         <wf lemma="." pos="X">.</wf>
      </sentence>
      <sentence id="d000.s6414" source="wordnet-bulgarian">
         <instance id="d000.s6414.t000" lemma="водач" pos="NOUN">водач</instance>
         <wf lemma="на" pos="X">на</wf>
         <wf lemma="партия" pos="X">партия</wf>
         <wf lemma="." pos="X">.</wf>
      </sentence>
      <sentence id="d000.s6415" source="wordnet-bulgarian">
         <wf lemma="медицински" pos="X">медицински</wf>
         <instance id="d000.s6415.t000" lemma="център" pos="NOUN">център</instance>
         <wf lemma="." pos="X">.</wf>
      </sentence>
      <sentence id="d000.s6416" source="wordnet-bulgarian">
         <instance id="d000.s6416.t000" lemma="командвам" pos="VERB">командвам</instance>
         <wf lemma="децата" pos="X">децата</wf>
         <wf lemma="." pos="X">.</wf>
      </sentence>
      <sentence id="d000.s6417" source="wordnet-bulgarian">
         <wf lemma="Младостта" pos="X">Младостта</wf>
         <wf lemma="й" pos="X">й</wf>
         <instance id="d000.s6417.t000" lemma="изглеждам" pos="VERB">изглеждаше</instance>
         <wf lemma="като" pos="X">като</wf>
         <wf lemma="прекрасен" pos="X">прекрасен</wf>
         <wf lemma="сън" pos="X">сън</wf>
         <wf lemma="." pos="X">.</wf>
      </sentence>
      <sentence id="d000.s6418" source="wordnet-bulgarian">
         <instance id="d000.s6418.t000" lemma="малцинство" pos="NOUN">Малцинството</instance>
         <wf lemma="ще" pos="X">ще</wf>
         <wf lemma="се" pos="X">се</wf>
         <wf lemma="подчини" pos="X">подчини</wf>
         <wf lemma="на" pos="X">на</wf>
         <wf lemma="решението" pos="X">решението</wf>
         <wf lemma="на" pos="X">на</wf>
         <wf lemma="мнозинството" pos="X">мнозинството</wf>
         <wf lemma="." pos="X">.</wf>
      </sentence>
      <sentence id="d000.s6419" source="wordnet-bulgarian">
         <wf lemma="Направиха" pos="X">Направиха</wf>
         <wf lemma="малък" pos="X">малък</wf>
         <instance id="d000.s6419.t000" lemma="престой" pos="NOUN">престой</instance>
         <wf lemma="и" pos="X">и</wf>
         <wf lemma="пак" pos="X">пак</wf>
         <wf lemma="тръгнаха" pos="X">тръгнаха</wf>
         <wf lemma="." pos="X">.</wf>
      </sentence>
      <sentence id="d000.s6420" source="wordnet-bulgarian">
         <instance id="d000.s6420.t000" lemma="предупредя" pos="VERB">Предупредих</instance>
         <wf lemma="го" pos="X">го</wf>
         <wf lemma="," pos="X">,</wf>
         <wf lemma="че" pos="X">че</wf>
         <wf lemma="ще" pos="X">ще</wf>
         <wf lemma="закъснея" pos="X">закъснея</wf>
         <wf lemma="." pos="X">.</wf>
      </sentence>
      <sentence id="d000.s6421" source="wordnet-bulgarian">
         <wf lemma="пиша" pos="X">пиша</wf>
         <wf lemma="в" pos="X">в</wf>
         <instance id="d000.s6421.t000" lemma="поле" pos="NOUN">полето</instance>
         <wf lemma="." pos="X">.</wf>
      </sentence>
      <sentence id="d000.s6422" source="wordnet-bulgarian">
         <wf lemma="Мачът" pos="X">Мачът</wf>
         <wf lemma="завърши" pos="X">завърши</wf>
         <wf lemma="при" pos="X">при</wf>
         <wf lemma="равен" pos="X">равен</wf>
         <instance id="d000.s6422.t000" lemma="резултат" pos="NOUN">резултат</instance>
         <wf lemma="." pos="X">.</wf>
      </sentence>
      <sentence id="d000.s6423" source="wordnet-bulgarian">
         <wf lemma="Работата" pos="X">Работата</wf>
         <wf lemma="опря" pos="X">опря</wf>
         <wf lemma="до" pos="X">до</wf>
         <instance id="d000.s6423.t000" lemma="бой" pos="NOUN">бой</instance>
         <wf lemma="." pos="X">.</wf>
      </sentence>
      <sentence id="d000.s6424" source="wordnet-bulgarian">
         <wf lemma="претърпявам" pos="X">претърпявам</wf>
         <instance id="d000.s6424.t000" lemma="банкрут" pos="NOUN">банкрут</instance>
         <wf lemma="." pos="X">.</wf>
      </sentence>
      <sentence id="d000.s6425" source="wordnet-bulgarian">
         <wf lemma="Ще" pos="X">Ще</wf>
         <wf lemma="сложа" pos="X">сложа</wf>
         <wf lemma="няколко" pos="X">няколко</wf>
         <instance id="d000.s6425.t000" lemma="буркан" pos="NOUN">буркана</instance>
         <wf lemma="с" pos="X">с</wf>
         <wf lemma="люти" pos="X">люти</wf>
         <wf lemma="чушки" pos="X">чушки</wf>
         <wf lemma="." pos="X">.</wf>
      </sentence>
      <sentence id="d000.s6426" source="wordnet-bulgarian">
         <wf lemma="удобни" pos="X">удобни</wf>
         <instance id="d000.s6426.t000" lemma="обувка" pos="NOUN">обувки</instance>
         <wf lemma="." pos="X">.</wf>
      </sentence>
      <sentence id="d000.s6427" source="wordnet-bulgarian">
         <wf lemma="от" pos="X">от</wf>
         <instance id="d000.s6427.t000" lemma="изток" pos="NOUN">изток</instance>
         <wf lemma="." pos="X">.</wf>
      </sentence>
      <sentence id="d000.s6428" source="wordnet-bulgarian">
         <wf lemma="влизам" pos="X">влизам</wf>
         <wf lemma="в" pos="X">в</wf>
         <instance id="d000.s6428.t000" lemma="сражение" pos="NOUN">сражение</instance>
         <wf lemma="." pos="X">.</wf>
      </sentence>
      <sentence id="d000.s6429" source="wordnet-bulgarian">
         <wf lemma="танкова" pos="X">танкова</wf>
         <instance id="d000.s6429.t000" lemma="армия" pos="NOUN">армия</instance>
         <wf lemma="." pos="X">.</wf>
      </sentence>
      <sentence id="d000.s6430" source="wordnet-bulgarian">
         <instance id="d000.s6430.t000" lemma="помощник" pos="NOUN">Помощник</instance>
         <wf lemma="на" pos="X">на</wf>
         <wf lemma="баща" pos="X">баща</wf>
         <wf lemma="си" pos="X">си</wf>
         <wf lemma="." pos="X">.</wf>
      </sentence>
      <sentence id="d000.s6431" source="wordnet-bulgarian">
         <instance id="d000.s6431.t000" lemma="преуспявам" pos="VERB">преуспявам</instance>
         <wf lemma="в" pos="X">в</wf>
         <wf lemma="живота" pos="X">живота</wf>
         <wf lemma="." pos="X">.</wf>
      </sentence>
      <sentence id="d000.s6432" source="wordnet-bulgarian">
         <wf lemma="работна" pos="X">работна</wf>
         <instance id="d000.s6432.t000" lemma="диаграма" pos="NOUN">диаграма</instance>
         <wf lemma="." pos="X">.</wf>
      </sentence>
      <sentence id="d000.s6433" source="wordnet-bulgarian">
         <wf lemma="съдебна" pos="X">съдебна</wf>
         <instance id="d000.s6433.t000" lemma="заповед" pos="NOUN">заповед</instance>
         <wf lemma="." pos="X">.</wf>
      </sentence>
      <sentence id="d000.s6434" source="wordnet-bulgarian">
         <instance id="d000.s6434.t000" lemma="удар" pos="NOUN">удар</instance>
         <wf lemma="в" pos="X">в</wf>
         <wf lemma="лицето" pos="X">лицето</wf>
         <wf lemma="." pos="X">.</wf>
      </sentence>
      <sentence id="d000.s6435" source="wordnet-bulgarian">
         <wf lemma="Мъдри" pos="X">Мъдри</wf>
         <wf lemma="събират" pos="X">събират</wf>
         <wf lemma="," pos="X">,</wf>
         <wf lemma="луди" pos="X">луди</wf>
         <instance id="d000.s6435.t000" lemma="пилея" pos="VERB">пилеят</instance>
         <wf lemma="." pos="X">.</wf>
      </sentence>
      <sentence id="d000.s6436" source="wordnet-bulgarian">
         <wf lemma="голям" pos="X">голям</wf>
         <instance id="d000.s6436.t000" lemma="земевладелец" pos="NOUN">земевладелец</instance>
         <wf lemma="." pos="X">.</wf>
      </sentence>
      <sentence id="d000.s6437" source="wordnet-bulgarian">
         <instance id="d000.s6437.t000" lemma="аплодирам" pos="VERB">Аплодирахме</instance>
         <wf lemma="изпълнителя" pos="X">изпълнителя</wf>
         <wf lemma="след" pos="X">след</wf>
         <wf lemma="края" pos="X">края</wf>
         <wf lemma="на" pos="X">на</wf>
         <wf lemma="концерта" pos="X">концерта</wf>
         <wf lemma="." pos="X">.</wf>
      </sentence>
      <sentence id="d000.s6438" source="wordnet-bulgarian">
         <wf lemma="живея" pos="X">живея</wf>
         <wf lemma="в" pos="X">в</wf>
         <instance id="d000.s6438.t000" lemma="общежитие" pos="NOUN">общежитие</instance>
         <wf lemma="." pos="X">.</wf>
      </sentence>
      <sentence id="d000.s6439" source="wordnet-bulgarian">
         <wf lemma="Не" pos="X">Не</wf>
         <wf lemma="зная" pos="X">зная</wf>
         <wf lemma="какво" pos="X">какво</wf>
         <wf lemma="е" pos="X">е</wf>
         <instance id="d000.s6439.t000" lemma="почивка" pos="NOUN">почивка</instance>
         <wf lemma="." pos="X">.</wf>
      </sentence>
      <sentence id="d000.s6440" source="wordnet-bulgarian">
         <instance id="d000.s6440.t000" lemma="изпит" pos="NOUN">Изпитът</instance>
         <wf lemma="мина" pos="X">мина</wf>
         <wf lemma="бързо" pos="X">бързо</wf>
         <wf lemma="и" pos="X">и</wf>
         <wf lemma="лесно" pos="X">лесно</wf>
         <wf lemma="." pos="X">.</wf>
      </sentence>
      <sentence id="d000.s6441" source="wordnet-bulgarian">
         <wf lemma="сложен" pos="X">сложен</wf>
         <instance id="d000.s6441.t000" lemma="механизъм" pos="NOUN">механизъм</instance>
         <wf lemma="." pos="X">.</wf>
      </sentence>
      <sentence id="d000.s6442" source="wordnet-bulgarian">
         <wf lemma="пълня" pos="X">пълня</wf>
         <instance id="d000.s6442.t000" lemma="багажник" pos="NOUN">багажника</instance>
         <wf lemma="на" pos="X">на</wf>
         <wf lemma="колата" pos="X">колата</wf>
         <wf lemma="." pos="X">.</wf>
      </sentence>
      <sentence id="d000.s6443" source="wordnet-bulgarian">
         <wf lemma="официална" pos="X">официална</wf>
         <instance id="d000.s6443.t000" lemma="покана" pos="NOUN">покана</instance>
         <wf lemma="." pos="X">.</wf>
      </sentence>
      <sentence id="d000.s6444" source="wordnet-bulgarian">
         <wf lemma="ловна" pos="X">ловна</wf>
         <instance id="d000.s6444.t000" lemma="пушка" pos="NOUN">пушка</instance>
         <wf lemma="." pos="X">.</wf>
      </sentence>
      <sentence id="d000.s6445" source="wordnet-bulgarian">
         <wf lemma="внасям" pos="X">внасям</wf>
         <instance id="d000.s6445.t000" lemma="гаранция" pos="NOUN">гаранция</instance>
         <wf lemma="." pos="X">.</wf>
      </sentence>
      <sentence id="d000.s6446" source="wordnet-bulgarian">
         <wf lemma="имам" pos="X">имам</wf>
         <instance id="d000.s6446.t000" lemma="желание" pos="NOUN">желание</instance>
         <wf lemma="за" pos="X">за</wf>
         <wf lemma="." pos="X">.</wf>
      </sentence>
      <sentence id="d000.s6447" source="wordnet-bulgarian">
         <wf lemma="с" pos="X">с</wf>
         <instance id="d000.s6447.t000" lemma="мирис" pos="NOUN">мирис</instance>
         <wf lemma="на" pos="X">на</wf>
         <wf lemma="." pos="X">.</wf>
      </sentence>
      <sentence id="d000.s6448" source="wordnet-bulgarian">
         <wf lemma="държавен" pos="X">държавен</wf>
         <instance id="d000.s6448.t000" lemma="изпит" pos="NOUN">изпит</instance>
         <wf lemma="." pos="X">.</wf>
      </sentence>
      <sentence id="d000.s6449" source="wordnet-bulgarian">
         <wf lemma="Не" pos="X">Не</wf>
         <wf lemma="обичам" pos="X">обичам</wf>
         <wf lemma="да" pos="X">да</wf>
         <instance id="d000.s6449.t000" lemma="пилея" pos="VERB">пилея</instance>
         <wf lemma="напразно" pos="X">напразно</wf>
         <wf lemma="пари" pos="X">пари</wf>
         <wf lemma="." pos="X">.</wf>
      </sentence>
      <sentence id="d000.s6450" source="wordnet-bulgarian">
         <wf lemma="покупка" pos="X">покупка</wf>
         <wf lemma="на" pos="X">на</wf>
         <instance id="d000.s6450.t000" lemma="жилище" pos="NOUN">жилище</instance>
         <wf lemma="." pos="X">.</wf>
      </sentence>
      <sentence id="d000.s6451" source="wordnet-bulgarian">
         <wf lemma="сядам" pos="X">сядам</wf>
         <wf lemma="на" pos="X">на</wf>
         <instance id="d000.s6451.t000" lemma="табуретка" pos="NOUN">табуретка</instance>
         <wf lemma="." pos="X">.</wf>
      </sentence>
      <sentence id="d000.s6452" source="wordnet-bulgarian">
         <wf lemma="насочвам" pos="X">насочвам</wf>
         <instance id="d000.s6452.t000" lemma="поглед" pos="NOUN">погледа</instance>
         <wf lemma="си" pos="X">си</wf>
         <wf lemma="към" pos="X">към</wf>
         <wf lemma="." pos="X">.</wf>
      </sentence>
      <sentence id="d000.s6453" source="wordnet-bulgarian">
         <wf lemma="посещавам" pos="X">посещавам</wf>
         <instance id="d000.s6453.t000" lemma="музей" pos="NOUN">музей</instance>
         <wf lemma="." pos="X">.</wf>
      </sentence>
      <sentence id="d000.s6454" source="wordnet-bulgarian">
         <wf lemma="започвам" pos="X">започвам</wf>
         <instance id="d000.s6454.t000" lemma="курс" pos="NOUN">курс</instance>
         <wf lemma="." pos="X">.</wf>
      </sentence>
      <sentence id="d000.s6455" source="wordnet-bulgarian">
         <wf lemma="дреха" pos="X">дреха</wf>
         <wf lemma="без" pos="X">без</wf>
         <instance id="d000.s6455.t000" lemma="ръкав" pos="NOUN">ръкав</instance>
         <wf lemma="." pos="X">.</wf>
      </sentence>
      <sentence id="d000.s6456" source="wordnet-bulgarian">
         <wf lemma="отивам" pos="X">отивам</wf>
         <wf lemma="на" pos="X">на</wf>
         <instance id="d000.s6456.t000" lemma="карнавал" pos="NOUN">карнавал</instance>
         <wf lemma="." pos="X">.</wf>
      </sentence>
      <sentence id="d000.s6457" source="wordnet-bulgarian">
         <wf lemma="смазан" pos="X">смазан</wf>
         <wf lemma="от" pos="X">от</wf>
         <instance id="d000.s6457.t000" lemma="печал" pos="NOUN">печал</instance>
         <wf lemma="." pos="X">.</wf>
      </sentence>
      <sentence id="d000.s6458" source="wordnet-bulgarian">
         <instance id="d000.s6458.t000" lemma="пакет" pos="NOUN">пакет</instance>
         <wf lemma="с" pos="X">с</wf>
         <wf lemma="дрехи" pos="X">дрехи</wf>
         <wf lemma="." pos="X">.</wf>
      </sentence>
      <sentence id="d000.s6459" source="wordnet-bulgarian">
         <wf lemma="преглеждам" pos="X">преглеждам</wf>
         <instance id="d000.s6459.t000" lemma="поща" pos="NOUN">пощата</instance>
         <wf lemma="си" pos="X">си</wf>
         <wf lemma="." pos="X">.</wf>
      </sentence>
      <sentence id="d000.s6460" source="wordnet-bulgarian">
         <wf lemma="карам" pos="X">карам</wf>
         <instance id="d000.s6460.t000" lemma="мотор" pos="NOUN">мотор</instance>
         <wf lemma="." pos="X">.</wf>
      </sentence>
      <sentence id="d000.s6461" source="wordnet-bulgarian">
         <instance id="d000.s6461.t000" lemma="чанта" pos="NOUN">чанта</instance>
         <wf lemma="за" pos="X">за</wf>
         <wf lemma="пазар" pos="X">пазар</wf>
         <wf lemma="." pos="X">.</wf>
      </sentence>
      <sentence id="d000.s6462" source="wordnet-bulgarian">
         <instance id="d000.s6462.t000" lemma="зависимост" pos="NOUN">зависимост</instance>
         <wf lemma="от" pos="X">от</wf>
         <wf lemma="." pos="X">.</wf>
      </sentence>
      <sentence id="d000.s6463" source="wordnet-bulgarian">
         <instance id="d000.s6463.t000" lemma="отопление" pos="NOUN">отопление</instance>
         <wf lemma="с" pos="X">с</wf>
         <wf lemma="климатик" pos="X">климатик</wf>
         <wf lemma="." pos="X">.</wf>
      </sentence>
      <sentence id="d000.s6464" source="wordnet-bulgarian">
         <wf lemma="отстъпвам" pos="X">отстъпвам</wf>
         <instance id="d000.s6464.t000" lemma="власт" pos="NOUN">властта</instance>
         <wf lemma="." pos="X">.</wf>
      </sentence>
      <sentence id="d000.s6465" source="wordnet-bulgarian">
         <wf lemma="Градовете" pos="X">Градовете</wf>
         <wf lemma="са" pos="X">са</wf>
         <wf lemma="на" pos="X">на</wf>
         <wf lemma="20" pos="X">20</wf>
         <wf lemma="км" pos="X">км</wf>
         <instance id="d000.s6465.t000" lemma="разстояние" pos="NOUN">разстояние</instance>
         <wf lemma="." pos="X">.</wf>
      </sentence>
      <sentence id="d000.s6466" source="wordnet-bulgarian">
         <wf lemma="Нашият" pos="X">Нашият</wf>
         <wf lemma="отбор" pos="X">отбор</wf>
         <instance id="d000.s6466.t000" lemma="спечеля" pos="VERB">спечели</instance>
         <wf lemma="титлата" pos="X">титлата</wf>
         <wf lemma="." pos="X">.</wf>
      </sentence>
      <sentence id="d000.s6467" source="wordnet-bulgarian">
         <instance id="d000.s6467.t000" lemma="температура" pos="NOUN">Температурата</instance>
         <wf lemma="на" pos="X">на</wf>
         <wf lemma="детето" pos="X">детето</wf>
         <wf lemma="бавно" pos="X">бавно</wf>
         <wf lemma="почна" pos="X">почна</wf>
         <wf lemma="да" pos="X">да</wf>
         <wf lemma="спада" pos="X">спада</wf>
         <wf lemma="." pos="X">.</wf>
      </sentence>
      <sentence id="d000.s6468" source="wordnet-bulgarian">
         <wf lemma="дизелово" pos="X">дизелово</wf>
         <instance id="d000.s6468.t000" lemma="гориво" pos="NOUN">гориво</instance>
         <wf lemma="." pos="X">.</wf>
      </sentence>
      <sentence id="d000.s6469" source="wordnet-bulgarian">
         <wf lemma="завършена" pos="X">завършена</wf>
         <instance id="d000.s6469.t000" lemma="сграда" pos="NOUN">сграда</instance>
         <wf lemma="." pos="X">.</wf>
      </sentence>
      <sentence id="d000.s6470" source="wordnet-bulgarian">
         <wf lemma="месечен" pos="X">месечен</wf>
         <instance id="d000.s6470.t000" lemma="доход" pos="NOUN">доход</instance>
         <wf lemma="." pos="X">.</wf>
      </sentence>
      <sentence id="d000.s6471" source="wordnet-bulgarian">
         <instance id="d000.s6471.t000" lemma="отговарям" pos="VERB">отговарям</instance>
         <wf lemma="на" pos="X">на</wf>
         <wf lemma="писмо" pos="X">писмо</wf>
         <wf lemma="." pos="X">.</wf>
      </sentence>
      <sentence id="d000.s6472" source="wordnet-bulgarian">
         <wf lemma="следвам" pos="X">следвам</wf>
         <instance id="d000.s6472.t000" lemma="процедура" pos="NOUN">процедурата</instance>
         <wf lemma="." pos="X">.</wf>
      </sentence>
      <sentence id="d000.s6473" source="wordnet-bulgarian">
         <instance id="d000.s6473.t000" lemma="кръпка" pos="NOUN">кръпка</instance>
         <wf lemma="за" pos="X">за</wf>
         <wf lemma="дънки" pos="X">дънки</wf>
         <wf lemma="." pos="X">.</wf>
      </sentence>
      <sentence id="d000.s6474" source="wordnet-bulgarian">
         <wf lemma="седя" pos="X">седя</wf>
         <wf lemma="на" pos="X">на</wf>
         <instance id="d000.s6474.t000" lemma="камък" pos="NOUN">камък</instance>
         <wf lemma="." pos="X">.</wf>
      </sentence>
      <sentence id="d000.s6475" source="wordnet-bulgarian">
         <instance id="d000.s6475.t000" lemma="земетресение" pos="NOUN">земетресение</instance>
         <wf lemma="с" pos="X">с</wf>
         <wf lemma="магнитут" pos="X">магнитут</wf>
         <wf lemma="шест" pos="X">шест</wf>
         <wf lemma="по" pos="X">по</wf>
         <wf lemma="Рихтер" pos="X">Рихтер</wf>
         <wf lemma="." pos="X">.</wf>
      </sentence>
      <sentence id="d000.s6476" source="wordnet-bulgarian">
         <wf lemma="Той" pos="X">Той</wf>
         <wf lemma="няма" pos="X">няма</wf>
         <wf lemma="много" pos="X">много</wf>
         <instance id="d000.s6476.t000" lemma="земя" pos="NOUN">земя</instance>
         <wf lemma="." pos="X">.</wf>
      </sentence>
      <sentence id="d000.s6477" source="wordnet-bulgarian">
         <wf lemma="сок" pos="X">сок</wf>
         <wf lemma="от" pos="X">от</wf>
         <instance id="d000.s6477.t000" lemma="лимон" pos="NOUN">лимон</instance>
         <wf lemma="." pos="X">.</wf>
      </sentence>
      <sentence id="d000.s6478" source="wordnet-bulgarian">
         <wf lemma="сменям" pos="X">сменям</wf>
         <wf lemma="си" pos="X">си</wf>
         <instance id="d000.s6478.t000" lemma="жилище" pos="NOUN">жилището</instance>
         <wf lemma="." pos="X">.</wf>
      </sentence>
      <sentence id="d000.s6479" source="wordnet-bulgarian">
         <instance id="d000.s6479.t000" lemma="пренасяне" pos="NOUN">пренасяне</instance>
         <wf lemma="в" pos="X">в</wf>
         <wf lemma="по-голяма" pos="X">по-голяма</wf>
         <wf lemma="квартира" pos="X">квартира</wf>
         <wf lemma="." pos="X">.</wf>
      </sentence>
      <sentence id="d000.s6480" source="wordnet-bulgarian">
         <wf lemma="Още" pos="X">Още</wf>
         <wf lemma="една" pos="X">една</wf>
         <instance id="d000.s6480.t000" lemma="порция" pos="NOUN">порция</instance>
         <wf lemma="картофки" pos="X">картофки</wf>
         <wf lemma="." pos="X">.</wf>
      </sentence>
      <sentence id="d000.s6481" source="wordnet-bulgarian">
         <wf lemma="отивам" pos="X">отивам</wf>
         <wf lemma="на" pos="X">на</wf>
         <instance id="d000.s6481.t000" lemma="нива" pos="NOUN">нивата</instance>
         <wf lemma="." pos="X">.</wf>
      </sentence>
      <sentence id="d000.s6482" source="wordnet-bulgarian">
         <wf lemma="Слагам" pos="X">Слагам</wf>
         <instance id="d000.s6482.t000" lemma="възглавница" pos="NOUN">възглавница</instance>
         <wf lemma="под" pos="X">под</wf>
         <wf lemma="главата" pos="X">главата</wf>
         <wf lemma="си" pos="X">си</wf>
         <wf lemma="." pos="X">.</wf>
      </sentence>
      <sentence id="d000.s6483" source="wordnet-bulgarian">
         <instance id="d000.s6483.t000" lemma="резервирам" pos="VERB">Резервирах</instance>
         <wf lemma="стая" pos="X">стая</wf>
         <wf lemma="в" pos="X">в</wf>
         <wf lemma="хотела" pos="X">хотела</wf>
         <wf lemma="." pos="X">.</wf>
      </sentence>
      <sentence id="d000.s6484" source="wordnet-bulgarian">
         <wf lemma="стъклена" pos="X">стъклена</wf>
         <instance id="d000.s6484.t000" lemma="халба" pos="NOUN">халба</instance>
         <wf lemma="." pos="X">.</wf>
      </sentence>
      <sentence id="d000.s6485" source="wordnet-bulgarian">
         <wf lemma="международна" pos="X">международна</wf>
         <instance id="d000.s6485.t000" lemma="изложба" pos="NOUN">изложба</instance>
         <wf lemma="." pos="X">.</wf>
      </sentence>
      <sentence id="d000.s6486" source="wordnet-bulgarian">
         <wf lemma="изпитвам" pos="X">изпитвам</wf>
         <instance id="d000.s6486.t000" lemma="успокоение" pos="NOUN">успокоение</instance>
         <wf lemma="." pos="X">.</wf>
      </sentence>
      <sentence id="d000.s6487" source="wordnet-bulgarian">
         <instance id="d000.s6487.t000" lemma="атом" pos="NOUN">атоми</instance>
         <wf lemma="на" pos="X">на</wf>
         <wf lemma="водната" pos="X">водната</wf>
         <wf lemma="молекула" pos="X">молекула</wf>
         <wf lemma="." pos="X">.</wf>
      </sentence>
      <sentence id="d000.s6488" source="wordnet-bulgarian">
         <wf lemma="Самолетът" pos="X">Самолетът</wf>
         <wf lemma="закъсня" pos="X">закъсня</wf>
         <wf lemma="и" pos="X">и</wf>
         <wf lemma="пропуснах" pos="X">пропуснах</wf>
         <instance id="d000.s6488.t000" lemma="връзка" pos="NOUN">връзката</instance>
         <wf lemma="си" pos="X">си</wf>
         <wf lemma="с" pos="X">с</wf>
         <wf lemma="рейса" pos="X">рейса</wf>
         <wf lemma="." pos="X">.</wf>
      </sentence>
      <sentence id="d000.s6489" source="wordnet-bulgarian">
         <instance id="d000.s6489.t000" lemma="река" pos="NOUN">река</instance>
         <wf lemma="Дунав" pos="X">Дунав</wf>
         <wf lemma="." pos="X">.</wf>
      </sentence>
      <sentence id="d000.s6490" source="wordnet-bulgarian">
         <wf lemma="подкупен" pos="X">подкупен</wf>
         <instance id="d000.s6490.t000" lemma="съдия" pos="NOUN">съдия</instance>
         <wf lemma="." pos="X">.</wf>
      </sentence>
      <sentence id="d000.s6491" source="wordnet-bulgarian">
         <wf lemma="собствено" pos="X">собствено</wf>
         <instance id="d000.s6491.t000" lemma="мнение" pos="NOUN">мнение</instance>
         <wf lemma="." pos="X">.</wf>
      </sentence>
      <sentence id="d000.s6492" source="wordnet-bulgarian">
         <wf lemma="монашеска" pos="X">монашеска</wf>
         <instance id="d000.s6492.t000" lemma="килия" pos="NOUN">килия</instance>
         <wf lemma="." pos="X">.</wf>
      </sentence>
      <sentence id="d000.s6493" source="wordnet-bulgarian">
         <wf lemma="научно" pos="X">научно</wf>
         <instance id="d000.s6493.t000" lemma="поприще" pos="NOUN">поприще</instance>
         <wf lemma="." pos="X">.</wf>
      </sentence>
      <sentence id="d000.s6494" source="wordnet-bulgarian">
         <wf lemma="лесни" pos="X">лесни</wf>
         <instance id="d000.s6494.t000" lemma="упражнение" pos="NOUN">упражнения</instance>
         <wf lemma="." pos="X">.</wf>
      </sentence>
      <sentence id="d000.s6495" source="wordnet-bulgarian">
         <instance id="d000.s6495.t000" lemma="норма" pos="NOUN">норми</instance>
         <wf lemma="на" pos="X">на</wf>
         <wf lemma="поведение" pos="X">поведение</wf>
         <wf lemma="." pos="X">.</wf>
      </sentence>
      <sentence id="d000.s6496" source="wordnet-bulgarian">
         <wf lemma="Магарето" pos="X">Магарето</wf>
         <wf lemma="със" pos="X">със</wf>
         <wf lemma="сетни" pos="X">сетни</wf>
         <wf lemma="усилия" pos="X">усилия</wf>
         <wf lemma="теглеше" pos="X">теглеше</wf>
         <wf lemma="препълнената" pos="X">препълнената</wf>
         <wf lemma="с" pos="X">с</wf>
         <wf lemma="дърва" pos="X">дърва</wf>
         <instance id="d000.s6496.t000" lemma="каруца" pos="NOUN">каруца</instance>
         <wf lemma="." pos="X">.</wf>
      </sentence>
      <sentence id="d000.s6497" source="wordnet-bulgarian">
         <wf lemma="Той" pos="X">Той</wf>
         <wf lemma="е" pos="X">е</wf>
         <wf lemma="известен" pos="X">известен</wf>
         <wf lemma="с" pos="X">с</wf>
         <instance id="d000.s6497.t000" lemma="гостоприемство" pos="NOUN">гостоприемството</instance>
         <wf lemma="си" pos="X">си</wf>
         <wf lemma="." pos="X">.</wf>
      </sentence>
      <sentence id="d000.s6498" source="wordnet-bulgarian">
         <wf lemma="директен" pos="X">директен</wf>
         <instance id="d000.s6498.t000" lemma="отговор" pos="NOUN">отговор</instance>
         <wf lemma="." pos="X">.</wf>
      </sentence>
      <sentence id="d000.s6499" source="wordnet-bulgarian">
         <instance id="d000.s6499.t000" lemma="жажда" pos="NOUN">жажда</instance>
         <wf lemma="за" pos="X">за</wf>
         <wf lemma="власт" pos="X">власт</wf>
         <wf lemma="." pos="X">.</wf>
      </sentence>
      <sentence id="d000.s6500" source="wordnet-bulgarian">
         <wf lemma="Къщата" pos="X">Къщата</wf>
         <wf lemma="й" pos="X">й</wf>
         <wf lemma="беше" pos="X">беше</wf>
         <wf lemma="пълна" pos="X">пълна</wf>
         <wf lemma="с" pos="X">с</wf>
         <instance id="d000.s6500.t000" lemma="цвете" pos="NOUN">цветя</instance>
         <wf lemma="." pos="X">.</wf>
      </sentence>
      <sentence id="d000.s6501" source="wordnet-bulgarian">
         <wf lemma="нямам" pos="X">нямам</wf>
         <instance id="d000.s6501.t000" lemma="сестра" pos="NOUN">сестра</instance>
         <wf lemma="." pos="X">.</wf>
      </sentence>
      <sentence id="d000.s6502" source="wordnet-bulgarian">
         <wf lemma="слизам" pos="X">слизам</wf>
         <wf lemma="до" pos="X">до</wf>
         <instance id="d000.s6502.t000" lemma="ниво" pos="NOUN">нивото</instance>
         <wf lemma="на" pos="X">на</wf>
         <wf lemma="някого" pos="X">някого</wf>
         <wf lemma="." pos="X">.</wf>
      </sentence>
      <sentence id="d000.s6503" source="wordnet-bulgarian">
         <wf lemma="международна" pos="X">международна</wf>
         <instance id="d000.s6503.t000" lemma="дейност" pos="NOUN">дейност</instance>
         <wf lemma="." pos="X">.</wf>
      </sentence>
      <sentence id="d000.s6504" source="wordnet-bulgarian">
         <wf lemma="губя" pos="X">губя</wf>
         <instance id="d000.s6504.t000" lemma="игра" pos="NOUN">играта</instance>
         <wf lemma="." pos="X">.</wf>
      </sentence>
      <sentence id="d000.s6505" source="wordnet-bulgarian">
         <wf lemma="подкарвам" pos="X">подкарвам</wf>
         <instance id="d000.s6505.t000" lemma="стадо" pos="NOUN">стадото</instance>
         <wf lemma="." pos="X">.</wf>
      </sentence>
      <sentence id="d000.s6506" source="wordnet-bulgarian">
         <wf lemma="живея" pos="X">живея</wf>
         <wf lemma="ог" pos="X">ог</wf>
         <instance id="d000.s6506.t000" lemma="труд" pos="NOUN">труда</instance>
         <wf lemma="си" pos="X">си</wf>
         <wf lemma="." pos="X">.</wf>
      </sentence>
      <sentence id="d000.s6507" source="wordnet-bulgarian">
         <instance id="d000.s6507.t000" lemma="вяра" pos="NOUN">вяра</instance>
         <wf lemma="в" pos="X">в</wf>
         <wf lemma="духове" pos="X">духове</wf>
         <wf lemma="." pos="X">.</wf>
      </sentence>
      <sentence id="d000.s6508" source="wordnet-bulgarian">
         <wf lemma="През" pos="X">През</wf>
         <instance id="d000.s6508.t000" lemma="цепка" pos="NOUN">цепката</instance>
         <wf lemma="на" pos="X">на</wf>
         <wf lemma="стената" pos="X">стената</wf>
         <wf lemma="преминаваше" pos="X">преминаваше</wf>
         <wf lemma="малък" pos="X">малък</wf>
         <wf lemma="лъч" pos="X">лъч</wf>
         <wf lemma="светлина" pos="X">светлина</wf>
         <wf lemma="." pos="X">.</wf>
      </sentence>
      <sentence id="d000.s6509" source="wordnet-bulgarian">
         <wf lemma="Два" pos="X">Два</wf>
         <wf lemma="безпилотни" pos="X">безпилотни</wf>
         <wf lemma="космически" pos="X">космически</wf>
         <wf lemma="кораба" pos="X">кораба</wf>
         <wf lemma="успешно" pos="X">успешно</wf>
         <wf lemma="се" pos="X">се</wf>
         <wf lemma="скачиха" pos="X">скачиха</wf>
         <wf lemma="в" pos="X">в</wf>
         <instance id="d000.s6509.t000" lemma="орбита" pos="NOUN">орбита</instance>
         <wf lemma="." pos="X">.</wf>
      </sentence>
      <sentence id="d000.s6510" source="wordnet-bulgarian">
         <wf lemma="национален" pos="X">национален</wf>
         <instance id="d000.s6510.t000" lemma="конгрес" pos="NOUN">конгрес</instance>
         <wf lemma="." pos="X">.</wf>
      </sentence>
      <sentence id="d000.s6511" source="wordnet-bulgarian">
         <wf lemma="говоря" pos="X">говоря</wf>
         <wf lemma="по" pos="X">по</wf>
         <instance id="d000.s6511.t000" lemma="телефон" pos="NOUN">телефона</instance>
         <wf lemma="." pos="X">.</wf>
      </sentence>
      <sentence id="d000.s6512" source="wordnet-bulgarian">
         <wf lemma="хващам" pos="X">хващам</wf>
         <wf lemma="се" pos="X">се</wf>
         <wf lemma="на" pos="X">на</wf>
         <instance id="d000.s6512.t000" lemma="уловка" pos="NOUN">уловката</instance>
         <wf lemma="." pos="X">.</wf>
      </sentence>
      <sentence id="d000.s6513" source="wordnet-bulgarian">
         <wf lemma="циничен" pos="X">циничен</wf>
         <instance id="d000.s6513.t000" lemma="израз" pos="NOUN">израз</instance>
         <wf lemma="." pos="X">.</wf>
      </sentence>
      <sentence id="d000.s6514" source="wordnet-bulgarian">
         <wf lemma="Не" pos="X">Не</wf>
         <wf lemma="се" pos="X">се</wf>
         <wf lemma="знае" pos="X">знае</wf>
         <wf lemma="колко" pos="X">колко</wf>
         <wf lemma="ще" pos="X">ще</wf>
         <instance id="d000.s6514.t000" lemma="властвам" pos="VERB">властва</instance>
         <wf lemma="той" pos="X">той</wf>
         <wf lemma="." pos="X">.</wf>
      </sentence>
      <sentence id="d000.s6515" source="wordnet-bulgarian">
         <wf lemma="гвардейски" pos="X">гвардейски</wf>
         <instance id="d000.s6515.t000" lemma="оркестър" pos="NOUN">оркестър</instance>
         <wf lemma="." pos="X">.</wf>
      </sentence>
      <sentence id="d000.s6516" source="wordnet-bulgarian">
         <wf lemma="военен" pos="X">военен</wf>
         <instance id="d000.s6516.t000" lemma="патрул" pos="NOUN">патрул</instance>
         <wf lemma="." pos="X">.</wf>
      </sentence>
      <sentence id="d000.s6517" source="wordnet-bulgarian">
         <wf lemma="дърпам" pos="X">дърпам</wf>
         <instance id="d000.s6517.t000" lemma="опашка" pos="NOUN">опашката</instance>
         <wf lemma="на" pos="X">на</wf>
         <wf lemma="." pos="X">.</wf>
      </sentence>
      <sentence id="d000.s6518" source="wordnet-bulgarian">
         <instance id="d000.s6518.t000" lemma="връх" pos="NOUN">връх</instance>
         <wf lemma="на" pos="X">на</wf>
         <wf lemma="обувка" pos="X">обувка</wf>
         <wf lemma="." pos="X">.</wf>
      </sentence>
      <sentence id="d000.s6519" source="wordnet-bulgarian">
         <instance id="d000.s6519.t000" lemma="срок" pos="NOUN">срокът</instance>
         <wf lemma="изтече" pos="X">изтече</wf>
         <wf lemma="." pos="X">.</wf>
      </sentence>
      <sentence id="d000.s6520" source="wordnet-bulgarian">
         <instance id="d000.s6520.t000" lemma="отзив" pos="NOUN">отзив</instance>
         <wf lemma="от" pos="X">от</wf>
         <wf lemma="." pos="X">.</wf>
      </sentence>
      <sentence id="d000.s6521" source="wordnet-bulgarian">
         <wf lemma="Имам" pos="X">Имам</wf>
         <instance id="d000.s6521.t000" lemma="влечение" pos="NOUN">влечение</instance>
         <wf lemma="към" pos="X">към</wf>
         <wf lemma="музиката" pos="X">музиката</wf>
         <wf lemma="." pos="X">.</wf>
      </sentence>
      <sentence id="d000.s6522" source="wordnet-bulgarian">
         <wf lemma="За" pos="X">За</wf>
         <wf lemma="това" pos="X">това</wf>
         <wf lemma="място" pos="X">място</wf>
         <wf lemma="има" pos="X">има</wf>
         <wf lemma="много" pos="X">много</wf>
         <instance id="d000.s6522.t000" lemma="кандидат" pos="NOUN">кандидати</instance>
         <wf lemma="." pos="X">.</wf>
      </sentence>
      <sentence id="d000.s6523" source="wordnet-bulgarian">
         <wf lemma="небесна" pos="X">небесна</wf>
         <instance id="d000.s6523.t000" lemma="дъга" pos="NOUN">дъга</instance>
         <wf lemma="." pos="X">.</wf>
      </sentence>
      <sentence id="d000.s6524" source="wordnet-bulgarian">
         <wf lemma="обичам" pos="X">обичам</wf>
         <instance id="d000.s6524.t000" lemma="чипс" pos="NOUN">чипс</instance>
         <wf lemma="." pos="X">.</wf>
      </sentence>
      <sentence id="d000.s6525" source="wordnet-bulgarian">
         <wf lemma="търговска" pos="X">търговска</wf>
         <instance id="d000.s6525.t000" lemma="кореспонденция" pos="NOUN">кореспонденция</instance>
         <wf lemma="." pos="X">.</wf>
      </sentence>
      <sentence id="d000.s6526" source="wordnet-bulgarian">
         <wf lemma="плащам" pos="X">плащам</wf>
         <instance id="d000.s6526.t000" lemma="наем" pos="NOUN">наем</instance>
         <wf lemma="." pos="X">.</wf>
      </sentence>
      <sentence id="d000.s6527" source="wordnet-bulgarian">
         <wf lemma="Човек" pos="X">Човек</wf>
         <wf lemma="не" pos="X">не</wf>
         <wf lemma="може" pos="X">може</wf>
         <wf lemma="да" pos="X">да</wf>
         <instance id="d000.s6527.t000" lemma="летя" pos="VERB">лети</instance>
         <wf lemma="." pos="X">.</wf>
      </sentence>
      <sentence id="d000.s6528" source="wordnet-bulgarian">
         <wf lemma="истински" pos="X">истински</wf>
         <instance id="d000.s6528.t000" lemma="селянин" pos="NOUN">селянин</instance>
         <wf lemma="." pos="X">.</wf>
      </sentence>
      <sentence id="d000.s6529" source="wordnet-bulgarian">
         <wf lemma="Той" pos="X">Той</wf>
         <wf lemma="е" pos="X">е</wf>
         <instance id="d000.s6529.t000" lemma="човек" pos="NOUN">човек</instance>
         <wf lemma="и" pos="X">и</wf>
         <wf lemma="половина" pos="X">половина</wf>
         <wf lemma="." pos="X">.</wf>
      </sentence>
      <sentence id="d000.s6530" source="wordnet-bulgarian">
         <wf lemma="оперен" pos="X">оперен</wf>
         <instance id="d000.s6530.t000" lemma="артист" pos="NOUN">артист</instance>
         <wf lemma="." pos="X">.</wf>
      </sentence>
      <sentence id="d000.s6531" source="wordnet-bulgarian">
         <instance id="d000.s6531.t000" lemma="престъпление" pos="NOUN">Престъплението</instance>
         <wf lemma="беше" pos="X">беше</wf>
         <wf lemma="предотвратено" pos="X">предотвратено</wf>
         <wf lemma="." pos="X">.</wf>
      </sentence>
      <sentence id="d000.s6532" source="wordnet-bulgarian">
         <wf lemma="страхотна" pos="X">страхотна</wf>
         <instance id="d000.s6532.t000" lemma="реклама" pos="NOUN">реклама</instance>
         <wf lemma="." pos="X">.</wf>
      </sentence>
      <sentence id="d000.s6533" source="wordnet-bulgarian">
         <wf lemma="макова" pos="X">макова</wf>
         <instance id="d000.s6533.t000" lemma="кифла" pos="NOUN">кифла</instance>
         <wf lemma="." pos="X">.</wf>
      </sentence>
      <sentence id="d000.s6534" source="wordnet-bulgarian">
         <instance id="d000.s6534.t000" lemma="асоциация" pos="NOUN">асоциация</instance>
         <wf lemma="по" pos="X">по</wf>
         <wf lemma="сходство" pos="X">сходство</wf>
         <wf lemma="." pos="X">.</wf>
      </sentence>
      <sentence id="d000.s6535" source="wordnet-bulgarian">
         <wf lemma="кратка" pos="X">кратка</wf>
         <instance id="d000.s6535.t000" lemma="почивка" pos="NOUN">почивка</instance>
         <wf lemma="." pos="X">.</wf>
      </sentence>
      <sentence id="d000.s6536" source="wordnet-bulgarian">
         <wf lemma="критична" pos="X">критична</wf>
         <instance id="d000.s6536.t000" lemma="рецензия" pos="NOUN">рецензия</instance>
         <wf lemma="." pos="X">.</wf>
      </sentence>
      <sentence id="d000.s6537" source="wordnet-bulgarian">
         <instance id="d000.s6537.t000" lemma="вина" pos="NOUN">Вината</instance>
         <wf lemma="пада" pos="X">пада</wf>
         <wf lemma="върху" pos="X">върху</wf>
         <wf lemma="мен" pos="X">мен</wf>
         <wf lemma="." pos="X">.</wf>
      </sentence>
      <sentence id="d000.s6538" source="wordnet-bulgarian">
         <wf lemma="Нападението" pos="X">Нападението</wf>
         <wf lemma="над" pos="X">над</wf>
         <wf lemma="журналистката" pos="X">журналистката</wf>
         <wf lemma="Анна" pos="X">Анна</wf>
         <wf lemma="Заркова" pos="X">Заркова</wf>
         <wf lemma="е" pos="X">е</wf>
         <wf lemma="безпрецедентен" pos="X">безпрецедентен</wf>
         <instance id="d000.s6538.t000" lemma="акт" pos="NOUN">акт</instance>
         <wf lemma="," pos="X">,</wf>
         <wf lemma="каза" pos="X">каза</wf>
         <wf lemma="вицепремиерът" pos="X">вицепремиерът</wf>
         <wf lemma="Евгений" pos="X">Евгений</wf>
         <wf lemma="Бакърджиев" pos="X">Бакърджиев</wf>
         <wf lemma="в" pos="X">в</wf>
         <wf lemma="Търговище" pos="X">Търговище</wf>
         <wf lemma="." pos="X">.</wf>
      </sentence>
      <sentence id="d000.s6539" source="wordnet-bulgarian">
         <wf lemma="красива" pos="X">красива</wf>
         <instance id="d000.s6539.t000" lemma="роза" pos="NOUN">роза</instance>
         <wf lemma="." pos="X">.</wf>
      </sentence>
      <sentence id="d000.s6540" source="wordnet-bulgarian">
         <wf lemma="Намериха" pos="X">Намериха</wf>
         <instance id="d000.s6540.t000" lemma="тяло" pos="NOUN">тялото</instance>
         <wf lemma="в" pos="X">в</wf>
         <wf lemma="езерото" pos="X">езерото</wf>
         <wf lemma="." pos="X">.</wf>
      </sentence>
      <sentence id="d000.s6541" source="wordnet-bulgarian">
         <instance id="d000.s6541.t000" lemma="часовник" pos="NOUN">Часовникът</instance>
         <wf lemma="ми" pos="X">ми</wf>
         <wf lemma="изостава" pos="X">изостава</wf>
         <wf lemma="." pos="X">.</wf>
      </sentence>
      <sentence id="d000.s6542" source="wordnet-bulgarian">
         <wf lemma="Приемете" pos="X">Приемете</wf>
         <wf lemma="това" pos="X">това</wf>
         <wf lemma="като" pos="X">като</wf>
         <instance id="d000.s6542.t000" lemma="знак" pos="NOUN">знак</instance>
         <wf lemma="на" pos="X">на</wf>
         <wf lemma="уважение" pos="X">уважение</wf>
         <wf lemma="." pos="X">.</wf>
      </sentence>
      <sentence id="d000.s6543" source="wordnet-bulgarian">
         <wf lemma="губя" pos="X">губя</wf>
         <instance id="d000.s6543.t000" lemma="съзнание" pos="NOUN">съзнание</instance>
         <wf lemma="." pos="X">.</wf>
      </sentence>
      <sentence id="d000.s6544" source="wordnet-bulgarian">
         <instance id="d000.s6544.t000" lemma="критерий" pos="NOUN">критерий</instance>
         <wf lemma="за" pos="X">за</wf>
         <wf lemma="." pos="X">.</wf>
      </sentence>
      <sentence id="d000.s6545" source="wordnet-bulgarian">
         <wf lemma="широка" pos="X">широка</wf>
         <instance id="d000.s6545.t000" lemma="гласност" pos="NOUN">гласност</instance>
         <wf lemma="." pos="X">.</wf>
      </sentence>
      <sentence id="d000.s6546" source="wordnet-bulgarian">
         <wf lemma="Думите" pos="X">Думите</wf>
         <wf lemma="му" pos="X">му</wf>
         <instance id="d000.s6546.t000" lemma="потвърдя" pos="VERB">потвърдиха</instance>
         <wf lemma="съмненията" pos="X">съмненията</wf>
         <wf lemma="ми" pos="X">ми</wf>
         <wf lemma="." pos="X">.</wf>
      </sentence>
      <sentence id="d000.s6547" source="wordnet-bulgarian">
         <wf lemma="погасяване" pos="X">погасяване</wf>
         <wf lemma="на" pos="X">на</wf>
         <instance id="d000.s6547.t000" lemma="дълг" pos="NOUN">дълг</instance>
         <wf lemma="." pos="X">.</wf>
      </sentence>
      <sentence id="d000.s6548" source="wordnet-bulgarian">
         <wf lemma="софийски" pos="X">софийски</wf>
         <instance id="d000.s6548.t000" lemma="гробище" pos="NOUN">гробища</instance>
         <wf lemma="." pos="X">.</wf>
      </sentence>
      <sentence id="d000.s6549" source="wordnet-bulgarian">
         <wf lemma="Това" pos="X">Това</wf>
         <wf lemma="беше" pos="X">беше</wf>
         <instance id="d000.s6549.t000" lemma="изненада" pos="NOUN">изненада</instance>
         <wf lemma="за" pos="X">за</wf>
         <wf lemma="всички" pos="X">всички</wf>
         <wf lemma="." pos="X">.</wf>
      </sentence>
      <sentence id="d000.s6550" source="wordnet-bulgarian">
         <wf lemma="голям" pos="X">голям</wf>
         <instance id="d000.s6550.t000" lemma="наклон" pos="NOUN">наклон</instance>
         <wf lemma="." pos="X">.</wf>
      </sentence>
      <sentence id="d000.s6551" source="wordnet-bulgarian">
         <wf lemma="Думите" pos="X">Думите</wf>
         <wf lemma="му" pos="X">му</wf>
         <wf lemma="винаги" pos="X">винаги</wf>
         <wf lemma="ме" pos="X">ме</wf>
         <instance id="d000.s6551.t000" lemma="напрягам" pos="VERB">напрягат</instance>
         <wf lemma="." pos="X">.</wf>
      </sentence>
      <sentence id="d000.s6552" source="wordnet-bulgarian">
         <instance id="d000.s6552.t000" lemma="помощ" pos="NOUN">помощ</instance>
         <wf lemma="за" pos="X">за</wf>
         <wf lemma="безработица" pos="X">безработица</wf>
         <wf lemma="." pos="X">.</wf>
      </sentence>
      <sentence id="d000.s6553" source="wordnet-bulgarian">
         <wf lemma="зидам" pos="X">зидам</wf>
         <instance id="d000.s6553.t000" lemma="стена" pos="NOUN">стена</instance>
         <wf lemma="." pos="X">.</wf>
      </sentence>
      <sentence id="d000.s6554" source="wordnet-bulgarian">
         <instance id="d000.s6554.t000" lemma="зелен" pos="NOUN">зелена</instance>
         <wf lemma="ливада" pos="X">ливада</wf>
         <wf lemma="." pos="X">.</wf>
      </sentence>
      <sentence id="d000.s6555" source="wordnet-bulgarian">
         <wf lemma="Откривам" pos="X">Откривам</wf>
         <wf lemma="фосил" pos="X">фосил</wf>
         <wf lemma="на" pos="X">на</wf>
         <wf lemma="древно" pos="X">древно</wf>
         <instance id="d000.s6555.t000" lemma="насекомо" pos="NOUN">насекомо</instance>
         <wf lemma="." pos="X">.</wf>
      </sentence>
      <sentence id="d000.s6556" source="wordnet-bulgarian">
         <wf lemma="лежа" pos="X">лежа</wf>
         <wf lemma="на" pos="X">на</wf>
         <instance id="d000.s6556.t000" lemma="земя" pos="NOUN">земята</instance>
         <wf lemma="." pos="X">.</wf>
      </sentence>
      <sentence id="d000.s6557" source="wordnet-bulgarian">
         <wf lemma="делова" pos="X">делова</wf>
         <instance id="d000.s6557.t000" lemma="атмосфера" pos="NOUN">атмосфера</instance>
         <wf lemma="." pos="X">.</wf>
      </sentence>
      <sentence id="d000.s6558" source="wordnet-bulgarian">
         <wf lemma="къща" pos="X">къща</wf>
         <wf lemma="с" pos="X">с</wf>
         <instance id="d000.s6558.t000" lemma="балкон" pos="NOUN">балкон</instance>
         <wf lemma="към" pos="X">към</wf>
         <wf lemma="улицата" pos="X">улицата</wf>
         <wf lemma="." pos="X">.</wf>
      </sentence>
      <sentence id="d000.s6559" source="wordnet-bulgarian">
         <wf lemma="изненадващ" pos="X">изненадващ</wf>
         <instance id="d000.s6559.t000" lemma="удар" pos="NOUN">удар</instance>
         <wf lemma="." pos="X">.</wf>
      </sentence>
      <sentence id="d000.s6560" source="wordnet-bulgarian">
         <wf lemma="скъпо" pos="X">скъпо</wf>
         <instance id="d000.s6560.t000" lemma="списание" pos="NOUN">списание</instance>
         <wf lemma="." pos="X">.</wf>
      </sentence>
      <sentence id="d000.s6561" source="wordnet-bulgarian">
         <wf lemma="ефикасно" pos="X">ефикасно</wf>
         <instance id="d000.s6561.t000" lemma="лекарство" pos="NOUN">лекарство</instance>
         <wf lemma="." pos="X">.</wf>
      </sentence>
      <sentence id="d000.s6562" source="wordnet-bulgarian">
         <wf lemma="отивам" pos="X">отивам</wf>
         <wf lemma="на" pos="X">на</wf>
         <instance id="d000.s6562.t000" lemma="бал" pos="NOUN">бал</instance>
         <wf lemma="." pos="X">.</wf>
      </sentence>
      <sentence id="d000.s6563" source="wordnet-bulgarian">
         <instance id="d000.s6563.t000" lemma="организация" pos="NOUN">Организация</instance>
         <wf lemma="на" pos="X">на</wf>
         <wf lemma="обединените" pos="X">обединените</wf>
         <wf lemma="нации" pos="X">нации</wf>
         <wf lemma="." pos="X">.</wf>
      </sentence>
      <sentence id="d000.s6564" source="wordnet-bulgarian">
         <wf lemma="получавам" pos="X">получавам</wf>
         <instance id="d000.s6564.t000" lemma="издръжка" pos="NOUN">издръжка</instance>
         <wf lemma="." pos="X">.</wf>
      </sentence>
      <sentence id="d000.s6565" source="wordnet-bulgarian">
         <wf lemma="изтърбушена" pos="X">изтърбушена</wf>
         <instance id="d000.s6565.t000" lemma="седалка" pos="NOUN">седалка</instance>
         <wf lemma="." pos="X">.</wf>
      </sentence>
      <sentence id="d000.s6566" source="wordnet-bulgarian">
         <wf lemma="над" pos="X">над</wf>
         <instance id="d000.s6566.t000" lemma="повърхност" pos="NOUN">повърхността</instance>
         <wf lemma="на" pos="X">на</wf>
         <wf lemma="водата" pos="X">водата</wf>
         <wf lemma="." pos="X">.</wf>
      </sentence>
      <sentence id="d000.s6567" source="wordnet-bulgarian">
         <wf lemma="кърваво" pos="X">кърваво</wf>
         <instance id="d000.s6567.t000" lemma="жертвоприношение" pos="NOUN">жертвоприношение</instance>
         <wf lemma="." pos="X">.</wf>
      </sentence>
      <sentence id="d000.s6568" source="wordnet-bulgarian">
         <wf lemma="окончателно" pos="X">окончателно</wf>
         <instance id="d000.s6568.t000" lemma="решение" pos="NOUN">решение</instance>
         <wf lemma="." pos="X">.</wf>
      </sentence>
      <sentence id="d000.s6569" source="wordnet-bulgarian">
         <wf lemma="Той" pos="X">Той</wf>
         <wf lemma="насади" pos="X">насади</wf>
         <instance id="d000.s6569.t000" lemma="нива" pos="NOUN">нивата</instance>
         <wf lemma="с" pos="X">с</wf>
         <wf lemma="пшеница" pos="X">пшеница</wf>
         <wf lemma="." pos="X">.</wf>
      </sentence>
      <sentence id="d000.s6570" source="wordnet-bulgarian">
         <instance id="d000.s6570.t000" lemma="симптом" pos="NOUN">симптоми</instance>
         <wf lemma="на" pos="X">на</wf>
         <wf lemma="грип" pos="X">грип</wf>
         <wf lemma="." pos="X">.</wf>
      </sentence>
      <sentence id="d000.s6571" source="wordnet-bulgarian">
         <wf lemma="Колко" pos="X">Колко</wf>
         <wf lemma="книги" pos="X">книги</wf>
         <wf lemma="е" pos="X">е</wf>
         <instance id="d000.s6571.t000" lemma="публикувам" pos="VERB">публикувал</instance>
         <wf lemma="Вазов" pos="X">Вазов</wf>
         <wf lemma="?" pos="X">?</wf>
      </sentence>
      <sentence id="d000.s6572" source="wordnet-bulgarian">
         <wf lemma="Какво" pos="X">Какво</wf>
         <wf lemma="е" pos="X">е</wf>
         <wf lemma="твоето" pos="X">твоето</wf>
         <instance id="d000.s6572.t000" lemma="обяснение" pos="NOUN">обяснение</instance>
         <wf lemma="?" pos="X">?</wf>
      </sentence>
      <sentence id="d000.s6573" source="wordnet-bulgarian">
         <wf lemma="обяснявам" pos="X">обяснявам</wf>
         <wf lemma="с" pos="X">с</wf>
         <instance id="d000.s6573.t000" lemma="жест" pos="NOUN">жестове</instance>
         <wf lemma="." pos="X">.</wf>
      </sentence>
      <sentence id="d000.s6574" source="wordnet-bulgarian">
         <wf lemma="ровя" pos="X">ровя</wf>
         <wf lemma="се" pos="X">се</wf>
         <wf lemma="в" pos="X">в</wf>
         <instance id="d000.s6574.t000" lemma="архив" pos="NOUN">архивите</instance>
         <wf lemma="." pos="X">.</wf>
      </sentence>
      <sentence id="d000.s6575" source="wordnet-bulgarian">
         <wf lemma="пускам" pos="X">пускам</wf>
         <instance id="d000.s6575.t000" lemma="радио" pos="NOUN">радиото</instance>
         <wf lemma="." pos="X">.</wf>
      </sentence>
      <sentence id="d000.s6576" source="wordnet-bulgarian">
         <wf lemma="опасен" pos="X">опасен</wf>
         <instance id="d000.s6576.t000" lemma="завой" pos="NOUN">завой</instance>
         <wf lemma="." pos="X">.</wf>
      </sentence>
      <sentence id="d000.s6577" source="wordnet-bulgarian">
         <wf lemma="свиквам" pos="X">свиквам</wf>
         <instance id="d000.s6577.t000" lemma="комисия" pos="NOUN">комисия</instance>
         <wf lemma="." pos="X">.</wf>
      </sentence>
      <sentence id="d000.s6578" source="wordnet-bulgarian">
         <wf lemma="Трябва" pos="X">Трябва</wf>
         <wf lemma="да" pos="X">да</wf>
         <instance id="d000.s6578.t000" lemma="използвам" pos="VERB">използваме</instance>
         <wf lemma="водните" pos="X">водните</wf>
         <wf lemma="ресурси" pos="X">ресурси</wf>
         <wf lemma="умно" pos="X">умно</wf>
         <wf lemma="." pos="X">.</wf>
      </sentence>
      <sentence id="d000.s6579" source="wordnet-bulgarian">
         <instance id="d000.s6579.t000" lemma="лук" pos="NOUN">Лукът</instance>
         <wf lemma="люти" pos="X">люти</wf>
         <wf lemma="много" pos="X">много</wf>
         <wf lemma="." pos="X">.</wf>
      </sentence>
      <sentence id="d000.s6580" source="wordnet-bulgarian">
         <wf lemma="топла" pos="X">топла</wf>
         <instance id="d000.s6580.t000" lemma="вода" pos="NOUN">вода</instance>
         <wf lemma="." pos="X">.</wf>
      </sentence>
      <sentence id="d000.s6581" source="wordnet-bulgarian">
         <wf lemma="тухлен" pos="X">тухлен</wf>
         <instance id="d000.s6581.t000" lemma="комин" pos="NOUN">комин</instance>
         <wf lemma="." pos="X">.</wf>
      </sentence>
      <sentence id="d000.s6582" source="wordnet-bulgarian">
         <wf lemma="през" pos="X">през</wf>
         <instance id="d000.s6582.t000" lemma="вход" pos="NOUN">входа</instance>
         <wf lemma="." pos="X">.</wf>
      </sentence>
      <sentence id="d000.s6583" source="wordnet-bulgarian">
         <wf lemma="цветен" pos="X">цветен</wf>
         <instance id="d000.s6583.t000" lemma="телевизор" pos="NOUN">телевизор</instance>
         <wf lemma="." pos="X">.</wf>
      </sentence>
      <sentence id="d000.s6584" source="wordnet-bulgarian">
         <wf lemma="участвам" pos="X">участвам</wf>
         <wf lemma="в" pos="X">в</wf>
         <instance id="d000.s6584.t000" lemma="надбягване" pos="NOUN">надбягване</instance>
         <wf lemma="." pos="X">.</wf>
      </sentence>
      <sentence id="d000.s6585" source="wordnet-bulgarian">
         <wf lemma="кислородна" pos="X">кислородна</wf>
         <instance id="d000.s6585.t000" lemma="среда" pos="NOUN">среда</instance>
         <wf lemma="." pos="X">.</wf>
      </sentence>
      <sentence id="d000.s6586" source="wordnet-bulgarian">
         <instance id="d000.s6586.t000" lemma="расизъм" pos="NOUN">расизъм</instance>
         <wf lemma="срещу" pos="X">срещу</wf>
         <wf lemma="." pos="X">.</wf>
      </sentence>
      <sentence id="d000.s6587" source="wordnet-bulgarian">
         <wf lemma="Подписва" pos="X">Подписва</wf>
         <wf lemma="се" pos="X">се</wf>
         <wf lemma="само" pos="X">само</wf>
         <wf lemma="с" pos="X">с</wf>
         <instance id="d000.s6587.t000" lemma="инициал" pos="NOUN">инициали</instance>
         <wf lemma="." pos="X">.</wf>
      </sentence>
      <sentence id="d000.s6588" source="wordnet-bulgarian">
         <wf lemma="без" pos="X">без</wf>
         <instance id="d000.s6588.t000" lemma="нужда" pos="NOUN">нужда</instance>
         <wf lemma="." pos="X">.</wf>
      </sentence>
      <sentence id="d000.s6589" source="wordnet-bulgarian">
         <wf lemma="смъртна" pos="X">смъртна</wf>
         <instance id="d000.s6589.t000" lemma="заплаха" pos="NOUN">заплаха</instance>
         <wf lemma="." pos="X">.</wf>
      </sentence>
      <sentence id="d000.s6590" source="wordnet-bulgarian">
         <instance id="d000.s6590.t000" lemma="присъда" pos="NOUN">присъда</instance>
         <wf lemma="без" pos="X">без</wf>
         <wf lemma="право" pos="X">право</wf>
         <wf lemma="на" pos="X">на</wf>
         <wf lemma="обжалване" pos="X">обжалване</wf>
         <wf lemma="." pos="X">.</wf>
      </sentence>
      <sentence id="d000.s6591" source="wordnet-bulgarian">
         <wf lemma="по" pos="X">по</wf>
         <instance id="d000.s6591.t000" lemma="бельо" pos="NOUN">бельо</instance>
         <wf lemma="." pos="X">.</wf>
      </sentence>
      <sentence id="d000.s6592" source="wordnet-bulgarian">
         <wf lemma="преминавам" pos="X">преминавам</wf>
         <wf lemma="по" pos="X">по</wf>
         <instance id="d000.s6592.t000" lemma="мост" pos="NOUN">моста</instance>
         <wf lemma="." pos="X">.</wf>
      </sentence>
      <sentence id="d000.s6593" source="wordnet-bulgarian">
         <wf lemma="Селото" pos="X">Селото</wf>
         <wf lemma="не" pos="X">не</wf>
         <wf lemma="се" pos="X">се</wf>
         <wf lemma="виждаше" pos="X">виждаше</wf>
         <wf lemma="от" pos="X">от</wf>
         <instance id="d000.s6593.t000" lemma="мъгла" pos="NOUN">мъгла</instance>
         <wf lemma="." pos="X">.</wf>
      </sentence>
      <sentence id="d000.s6594" source="wordnet-bulgarian">
         <wf lemma="ям" pos="X">ям</wf>
         <instance id="d000.s6594.t000" lemma="конфитюр" pos="NOUN">конфитюр</instance>
         <wf lemma="." pos="X">.</wf>
      </sentence>
      <sentence id="d000.s6595" source="wordnet-bulgarian">
         <instance id="d000.s6595.t000" lemma="острие" pos="NOUN">острие</instance>
         <wf lemma="на" pos="X">на</wf>
         <wf lemma="нож" pos="X">нож</wf>
         <wf lemma="." pos="X">.</wf>
      </sentence>
      <sentence id="d000.s6596" source="wordnet-bulgarian">
         <wf lemma="играя" pos="X">играя</wf>
         <wf lemma="пред" pos="X">пред</wf>
         <wf lemma="пълна" pos="X">пълна</wf>
         <instance id="d000.s6596.t000" lemma="зала" pos="NOUN">зала</instance>
         <wf lemma="." pos="X">.</wf>
      </sentence>
      <sentence id="d000.s6597" source="wordnet-bulgarian">
         <wf lemma="перспективен" pos="X">перспективен</wf>
         <instance id="d000.s6597.t000" lemma="план" pos="NOUN">план</instance>
         <wf lemma="." pos="X">.</wf>
      </sentence>
      <sentence id="d000.s6598" source="wordnet-bulgarian">
         <wf lemma="пълно" pos="X">пълно</wf>
         <instance id="d000.s6598.t000" lemma="съгласие" pos="NOUN">съгласие</instance>
         <wf lemma="." pos="X">.</wf>
      </sentence>
      <sentence id="d000.s6599" source="wordnet-bulgarian">
         <wf lemma="шевна" pos="X">шевна</wf>
         <instance id="d000.s6599.t000" lemma="игла" pos="NOUN">игла</instance>
         <wf lemma="." pos="X">.</wf>
      </sentence>
      <sentence id="d000.s6600" source="wordnet-bulgarian">
         <wf lemma="изкарвам" pos="X">изкарвам</wf>
         <wf lemma="из" pos="X">из</wf>
         <instance id="d000.s6600.t000" lemma="търпение" pos="NOUN">търпение</instance>
         <wf lemma="." pos="X">.</wf>
      </sentence>
      <sentence id="d000.s6601" source="wordnet-bulgarian">
         <wf lemma="Имам" pos="X">Имам</wf>
         <wf lemma="да" pos="X">да</wf>
         <instance id="d000.s6601.t000" lemma="преведа" pos="VERB">преведа</instance>
         <wf lemma="една" pos="X">една</wf>
         <wf lemma="страница" pos="X">страница</wf>
         <wf lemma="." pos="X">.</wf>
      </sentence>
      <sentence id="d000.s6602" source="wordnet-bulgarian">
         <wf lemma="писмена" pos="X">писмена</wf>
         <instance id="d000.s6602.t000" lemma="покана" pos="NOUN">покана</instance>
         <wf lemma="." pos="X">.</wf>
      </sentence>
      <sentence id="d000.s6603" source="wordnet-bulgarian">
         <instance id="d000.s6603.t000" lemma="последователност" pos="NOUN">последователност</instance>
         <wf lemma="при" pos="X">при</wf>
         <wf lemma="приемането" pos="X">приемането</wf>
         <wf lemma="на" pos="X">на</wf>
         <wf lemma="храните" pos="X">храните</wf>
         <wf lemma="." pos="X">.</wf>
      </sentence>
      <sentence id="d000.s6604" source="wordnet-bulgarian">
         <wf lemma="нямам" pos="X">нямам</wf>
         <instance id="d000.s6604.t000" lemma="възможност" pos="NOUN">възможност</instance>
         <wf lemma="." pos="X">.</wf>
      </sentence>
      <sentence id="d000.s6605" source="wordnet-bulgarian">
         <wf lemma="мека" pos="X">мека</wf>
         <instance id="d000.s6605.t000" lemma="шапка" pos="NOUN">шапка</instance>
         <wf lemma="." pos="X">.</wf>
      </sentence>
      <sentence id="d000.s6606" source="wordnet-bulgarian">
         <instance id="d000.s6606.t000" lemma="пътуване" pos="NOUN">пътуване</instance>
         <wf lemma="из" pos="X">из</wf>
         <wf lemma="страната" pos="X">страната</wf>
         <wf lemma="." pos="X">.</wf>
      </sentence>
      <sentence id="d000.s6607" source="wordnet-bulgarian">
         <wf lemma="завеждам" pos="X">завеждам</wf>
         <instance id="d000.s6607.t000" lemma="дело" pos="NOUN">дело</instance>
         <wf lemma="срещу" pos="X">срещу</wf>
         <wf lemma="." pos="X">.</wf>
      </sentence>
      <sentence id="d000.s6608" source="wordnet-bulgarian">
         <wf lemma="Ти" pos="X">Ти</wf>
         <wf lemma="си" pos="X">си</wf>
         <instance id="d000.s6608.t000" lemma="шах" pos="NOUN">шах</instance>
         <wf lemma="." pos="X">.</wf>
      </sentence>
      <sentence id="d000.s6609" source="wordnet-bulgarian">
         <instance id="d000.s6609.t000" lemma="тел" pos="NOUN">тел</instance>
         <wf lemma="за" pos="X">за</wf>
         <wf lemma="простиране" pos="X">простиране</wf>
         <wf lemma="на" pos="X">на</wf>
         <wf lemma="дрехи" pos="X">дрехи</wf>
         <wf lemma="." pos="X">.</wf>
      </sentence>
      <sentence id="d000.s6610" source="wordnet-bulgarian">
         <wf lemma="криминална" pos="X">криминална</wf>
         <instance id="d000.s6610.t000" lemma="полиция" pos="NOUN">полиция</instance>
         <wf lemma="." pos="X">.</wf>
      </sentence>
      <sentence id="d000.s6611" source="wordnet-bulgarian">
         <wf lemma="без" pos="X">без</wf>
         <instance id="d000.s6611.t000" lemma="настроение" pos="NOUN">настроение</instance>
         <wf lemma="." pos="X">.</wf>
      </sentence>
      <sentence id="d000.s6612" source="wordnet-bulgarian">
         <instance id="d000.s6612.t000" lemma="приятел" pos="NOUN">приятел</instance>
         <wf lemma="на" pos="X">на</wf>
         <wf lemma="животните" pos="X">животните</wf>
         <wf lemma="." pos="X">.</wf>
      </sentence>
      <sentence id="d000.s6613" source="wordnet-bulgarian">
         <wf lemma="образцов" pos="X">образцов</wf>
         <instance id="d000.s6613.t000" lemma="дом" pos="NOUN">дом</instance>
         <wf lemma="." pos="X">.</wf>
      </sentence>
      <sentence id="d000.s6614" source="wordnet-bulgarian">
         <wf lemma="Доларът" pos="X">Доларът</wf>
         <wf lemma="претърпя" pos="X">претърпя</wf>
         <wf lemma="пълен" pos="X">пълен</wf>
         <instance id="d000.s6614.t000" lemma="крах" pos="NOUN">крах</instance>
         <wf lemma="." pos="X">.</wf>
      </sentence>
      <sentence id="d000.s6615" source="wordnet-bulgarian">
         <instance id="d000.s6615.t000" lemma="приемам" pos="VERB">Приемам</instance>
         <wf lemma="целувката" pos="X">целувката</wf>
         <wf lemma="ти" pos="X">ти</wf>
         <wf lemma="." pos="X">.</wf>
      </sentence>
      <sentence id="d000.s6616" source="wordnet-bulgarian">
         <instance id="d000.s6616.t000" lemma="правителство" pos="NOUN">Правителството</instance>
         <wf lemma="намали" pos="X">намали</wf>
         <wf lemma="данъците" pos="X">данъците</wf>
         <wf lemma="." pos="X">.</wf>
      </sentence>
      <sentence id="d000.s6617" source="wordnet-bulgarian">
         <wf lemma="настолен" pos="X">настолен</wf>
         <instance id="d000.s6617.t000" lemma="компютър" pos="NOUN">компютър</instance>
         <wf lemma="." pos="X">.</wf>
      </sentence>
      <sentence id="d000.s6618" source="wordnet-bulgarian">
         <wf lemma="давам" pos="X">давам</wf>
         <instance id="d000.s6618.t000" lemma="име" pos="NOUN">име</instance>
         <wf lemma="на" pos="X">на</wf>
         <wf lemma="." pos="X">.</wf>
      </sentence>
      <sentence id="d000.s6619" source="wordnet-bulgarian">
         <wf lemma="поляна" pos="X">поляна</wf>
         <wf lemma="с" pos="X">с</wf>
         <instance id="d000.s6619.t000" lemma="гъба" pos="NOUN">гъби</instance>
         <wf lemma="." pos="X">.</wf>
      </sentence>
      <sentence id="d000.s6620" source="wordnet-bulgarian">
         <wf lemma="Няма" pos="X">Няма</wf>
         <instance id="d000.s6620.t000" lemma="нужда" pos="NOUN">нужда</instance>
         <wf lemma="!" pos="X">!</wf>
      </sentence>
      <sentence id="d000.s6621" source="wordnet-bulgarian">
         <wf lemma="българското" pos="X">българското</wf>
         <instance id="d000.s6621.t000" lemma="посолство" pos="NOUN">посолство</instance>
         <wf lemma="в." pos="X">в.</wf>
      </sentence>
      <sentence id="d000.s6622" source="wordnet-bulgarian">
         <wf lemma="Имам" pos="X">Имам</wf>
         <wf lemma="богати" pos="X">богати</wf>
         <instance id="d000.s6622.t000" lemma="наблюдение" pos="NOUN">наблюдения</instance>
         <wf lemma="." pos="X">.</wf>
      </sentence>
      <sentence id="d000.s6623" source="wordnet-bulgarian">
         <wf lemma="Не" pos="X">Не</wf>
         <wf lemma="на" pos="X">на</wf>
         <instance id="d000.s6623.t000" lemma="агресия" pos="NOUN">агресията</instance>
         <wf lemma="!" pos="X">!</wf>
      </sentence>
      <sentence id="d000.s6624" source="wordnet-bulgarian">
         <instance id="d000.s6624.t000" lemma="договор" pos="NOUN">договор</instance>
         <wf lemma="за" pos="X">за</wf>
         <wf lemma="." pos="X">.</wf>
      </sentence>
      <sentence id="d000.s6625" source="wordnet-bulgarian">
         <wf lemma="след" pos="X">след</wf>
         <instance id="d000.s6625.t000" lemma="закуска" pos="NOUN">закуска</instance>
         <wf lemma="." pos="X">.</wf>
      </sentence>
      <sentence id="d000.s6626" source="wordnet-bulgarian">
         <wf lemma="иглолистно" pos="X">иглолистно</wf>
         <instance id="d000.s6626.t000" lemma="дърво" pos="NOUN">дърво</instance>
         <wf lemma="." pos="X">.</wf>
      </sentence>
      <sentence id="d000.s6627" source="wordnet-bulgarian">
         <wf lemma="Не" pos="X">Не</wf>
         <wf lemma="мога" pos="X">мога</wf>
         <wf lemma="да" pos="X">да</wf>
         <wf lemma="устоя" pos="X">устоя</wf>
         <wf lemma="на" pos="X">на</wf>
         <instance id="d000.s6627.t000" lemma="изкушение" pos="NOUN">изкушението</instance>
         <wf lemma="." pos="X">.</wf>
      </sentence>
      <sentence id="d000.s6628" source="wordnet-bulgarian">
         <wf lemma="Загаси" pos="X">Загаси</wf>
         <instance id="d000.s6628.t000" lemma="осветление" pos="NOUN">осветлението</instance>
         <wf lemma="," pos="X">,</wf>
         <wf lemma="че" pos="X">че</wf>
         <wf lemma="ми" pos="X">ми</wf>
         <wf lemma="пречи" pos="X">пречи</wf>
         <wf lemma="на" pos="X">на</wf>
         <wf lemma="очите" pos="X">очите</wf>
         <wf lemma="." pos="X">.</wf>
      </sentence>
      <sentence id="d000.s6629" source="wordnet-bulgarian">
         <wf lemma="Да" pos="X">Да</wf>
         <instance id="d000.s6629.t000" lemma="допусна" pos="VERB">допуснем</instance>
         <wf lemma="," pos="X">,</wf>
         <wf lemma="че" pos="X">че</wf>
         <wf lemma="сте" pos="X">сте</wf>
         <wf lemma="прав" pos="X">прав</wf>
         <wf lemma="." pos="X">.</wf>
      </sentence>
      <sentence id="d000.s6630" source="wordnet-bulgarian">
         <wf lemma="по" pos="X">по</wf>
         <instance id="d000.s6630.t000" lemma="двойка" pos="NOUN">двойки</instance>
         <wf lemma="." pos="X">.</wf>
      </sentence>
      <sentence id="d000.s6631" source="wordnet-bulgarian">
         <wf lemma="последен" pos="X">последен</wf>
         <instance id="d000.s6631.t000" lemma="етап" pos="NOUN">етап</instance>
         <wf lemma="." pos="X">.</wf>
      </sentence>
      <sentence id="d000.s6632" source="wordnet-bulgarian">
         <wf lemma="Обсъдихме" pos="X">Обсъдихме</wf>
         <instance id="d000.s6632.t000" lemma="истинност" pos="NOUN">истинността</instance>
         <wf lemma="на" pos="X">на</wf>
         <wf lemma="предложението" pos="X">предложението</wf>
         <wf lemma="." pos="X">.</wf>
      </sentence>
      <sentence id="d000.s6633" source="wordnet-bulgarian">
         <wf lemma="Дайте" pos="X">Дайте</wf>
         <instance id="d000.s6633.t000" lemma="кибрит" pos="NOUN">кибрит</instance>
         <wf lemma="да" pos="X">да</wf>
         <wf lemma="запалим" pos="X">запалим</wf>
         <wf lemma="огъня" pos="X">огъня</wf>
         <wf lemma="." pos="X">.</wf>
      </sentence>
      <sentence id="d000.s6634" source="wordnet-bulgarian">
         <wf lemma="жажда" pos="X">жажда</wf>
         <wf lemma="за" pos="X">за</wf>
         <instance id="d000.s6634.t000" lemma="мъст" pos="NOUN">мъст</instance>
         <wf lemma="." pos="X">.</wf>
      </sentence>
      <sentence id="d000.s6635" source="wordnet-bulgarian">
         <wf lemma="краткосрочна" pos="X">краткосрочна</wf>
         <instance id="d000.s6635.t000" lemma="полица" pos="NOUN">полица</instance>
         <wf lemma="." pos="X">.</wf>
      </sentence>
      <sentence id="d000.s6636" source="wordnet-bulgarian">
         <wf lemma="официална" pos="X">официална</wf>
         <instance id="d000.s6636.t000" lemma="версия" pos="NOUN">версия</instance>
         <wf lemma="." pos="X">.</wf>
      </sentence>
      <sentence id="d000.s6637" source="wordnet-bulgarian">
         <instance id="d000.s6637.t000" lemma="опаковам" pos="VERB">опаковам</instance>
         <wf lemma="багаж" pos="X">багаж</wf>
         <wf lemma="." pos="X">.</wf>
      </sentence>
      <sentence id="d000.s6638" source="wordnet-bulgarian">
         <instance id="d000.s6638.t000" lemma="мащаб" pos="NOUN">Мащабите</instance>
         <wf lemma="на" pos="X">на</wf>
         <wf lemma="бурята" pos="X">бурята</wf>
         <wf lemma="не" pos="X">не</wf>
         <wf lemma="могат" pos="X">могат</wf>
         <wf lemma="да" pos="X">да</wf>
         <wf lemma="се" pos="X">се</wf>
         <wf lemma="предвидят" pos="X">предвидят</wf>
         <wf lemma="." pos="X">.</wf>
      </sentence>
      <sentence id="d000.s6639" source="wordnet-bulgarian">
         <instance id="d000.s6639.t000" lemma="признак" pos="NOUN">признак</instance>
         <wf lemma="на" pos="X">на</wf>
         <wf lemma="умора" pos="X">умора</wf>
         <wf lemma="." pos="X">.</wf>
      </sentence>
      <sentence id="d000.s6640" source="wordnet-bulgarian">
         <wf lemma="краве" pos="X">краве</wf>
         <instance id="d000.s6640.t000" lemma="сирене" pos="NOUN">сирене</instance>
         <wf lemma="." pos="X">.</wf>
      </sentence>
      <sentence id="d000.s6641" source="wordnet-bulgarian">
         <wf lemma="по" pos="X">по</wf>
         <instance id="d000.s6641.t000" lemma="стълбище" pos="NOUN">стълбището</instance>
         <wf lemma="." pos="X">.</wf>
      </sentence>
      <sentence id="d000.s6642" source="wordnet-bulgarian">
         <wf lemma="бронирана" pos="X">бронирана</wf>
         <instance id="d000.s6642.t000" lemma="кола" pos="NOUN">кола</instance>
         <wf lemma="." pos="X">.</wf>
      </sentence>
      <sentence id="d000.s6643" source="wordnet-bulgarian">
         <instance id="d000.s6643.t000" lemma="билет" pos="NOUN">билет</instance>
         <wf lemma="за" pos="X">за</wf>
         <wf lemma="кино" pos="X">кино</wf>
         <wf lemma="." pos="X">.</wf>
      </sentence>
      <sentence id="d000.s6644" source="wordnet-bulgarian">
         <wf lemma="оставям" pos="X">оставям</wf>
         <wf lemma="колата" pos="X">колата</wf>
         <wf lemma="си" pos="X">си</wf>
         <wf lemma="на" pos="X">на</wf>
         <instance id="d000.s6644.t000" lemma="паркинг" pos="NOUN">паркинг</instance>
         <wf lemma="." pos="X">.</wf>
      </sentence>
      <sentence id="d000.s6645" source="wordnet-bulgarian">
         <instance id="d000.s6645.t000" lemma="застраховка" pos="NOUN">застраховка</instance>
         <wf lemma="срещу" pos="X">срещу</wf>
         <wf lemma="пожар" pos="X">пожар</wf>
         <wf lemma="." pos="X">.</wf>
      </sentence>
      <sentence id="d000.s6646" source="wordnet-bulgarian">
         <instance id="d000.s6646.t000" lemma="клуб" pos="NOUN">клуб</instance>
         <wf lemma="по" pos="X">по</wf>
         <wf lemma="състезателни" pos="X">състезателни</wf>
         <wf lemma="танци" pos="X">танци</wf>
         <wf lemma="." pos="X">.</wf>
      </sentence>
      <sentence id="d000.s6647" source="wordnet-bulgarian">
         <wf lemma="неочакван" pos="X">неочакван</wf>
         <instance id="d000.s6647.t000" lemma="удар" pos="NOUN">удар</instance>
         <wf lemma="." pos="X">.</wf>
      </sentence>
      <sentence id="d000.s6648" source="wordnet-bulgarian">
         <wf lemma="топла" pos="X">топла</wf>
         <instance id="d000.s6648.t000" lemma="кифла" pos="NOUN">кифла</instance>
         <wf lemma="." pos="X">.</wf>
      </sentence>
      <sentence id="d000.s6649" source="wordnet-bulgarian">
         <wf lemma="влизам" pos="X">влизам</wf>
         <wf lemma="в" pos="X">в</wf>
         <wf lemma="ново" pos="X">ново</wf>
         <instance id="d000.s6649.t000" lemma="жилище" pos="NOUN">жилище</instance>
         <wf lemma="." pos="X">.</wf>
      </sentence>
      <sentence id="d000.s6650" source="wordnet-bulgarian">
         <wf lemma="стая" pos="X">стая</wf>
         <wf lemma="с" pos="X">с</wf>
         <wf lemma="малко" pos="X">малко</wf>
         <instance id="d000.s6650.t000" lemma="мебел" pos="NOUN">мебели</instance>
         <wf lemma="." pos="X">.</wf>
      </sentence>
      <sentence id="d000.s6651" source="wordnet-bulgarian">
         <wf lemma="Въпросът" pos="X">Въпросът</wf>
         <wf lemma="ми" pos="X">ми</wf>
         <wf lemma="остана" pos="X">остана</wf>
         <wf lemma="без" pos="X">без</wf>
         <instance id="d000.s6651.t000" lemma="отговор" pos="NOUN">отговор</instance>
         <wf lemma="." pos="X">.</wf>
      </sentence>
      <sentence id="d000.s6652" source="wordnet-bulgarian">
         <instance id="d000.s6652.t000" lemma="изоставям" pos="VERB">изоставям</instance>
         <wf lemma="семейството" pos="X">семейството</wf>
         <wf lemma="си" pos="X">си</wf>
         <wf lemma="." pos="X">.</wf>
      </sentence>
      <sentence id="d000.s6653" source="wordnet-bulgarian">
         <instance id="d000.s6653.t000" lemma="лекция" pos="NOUN">лекцията</instance>
         <wf lemma="за" pos="X">за</wf>
         <wf lemma="." pos="X">.</wf>
      </sentence>
      <sentence id="d000.s6654" source="wordnet-bulgarian">
         <wf lemma="пазарен" pos="X">пазарен</wf>
         <instance id="d000.s6654.t000" lemma="площад" pos="NOUN">площад</instance>
         <wf lemma="." pos="X">.</wf>
      </sentence>
      <sentence id="d000.s6655" source="wordnet-bulgarian">
         <wf lemma="буквално" pos="X">буквално</wf>
         <instance id="d000.s6655.t000" lemma="значение" pos="NOUN">значение</instance>
         <wf lemma="." pos="X">.</wf>
      </sentence>
      <sentence id="d000.s6656" source="wordnet-bulgarian">
         <wf lemma="пълен" pos="X">пълен</wf>
         <wf lemma="съм" pos="X">съм</wf>
         <wf lemma="с" pos="X">с</wf>
         <instance id="d000.s6656.t000" lemma="енергия" pos="NOUN">енергия</instance>
         <wf lemma="." pos="X">.</wf>
      </sentence>
      <sentence id="d000.s6657" source="wordnet-bulgarian">
         <wf lemma="без" pos="X">без</wf>
         <instance id="d000.s6657.t000" lemma="спирачка" pos="NOUN">спирачки</instance>
         <wf lemma="." pos="X">.</wf>
      </sentence>
      <sentence id="d000.s6658" source="wordnet-bulgarian">
         <wf lemma="имам" pos="X">имам</wf>
         <wf lemma="слаба" pos="X">слаба</wf>
         <instance id="d000.s6658.t000" lemma="подготовка" pos="NOUN">подготовка</instance>
         <wf lemma="." pos="X">.</wf>
      </sentence>
      <sentence id="d000.s6659" source="wordnet-bulgarian">
         <wf lemma="Отгледал" pos="X">Отгледал</wf>
         <wf lemma="го" pos="X">го</wf>
         <wf lemma="е" pos="X">е</wf>
         <wf lemma="от" pos="X">от</wf>
         <instance id="d000.s6659.t000" lemma="парче" pos="NOUN">парче</instance>
         <wf lemma="месо" pos="X">месо</wf>
         <wf lemma="." pos="X">.</wf>
      </sentence>
      <sentence id="d000.s6660" source="wordnet-bulgarian">
         <instance id="d000.s6660.t000" lemma="произведение" pos="NOUN">Произведението</instance>
         <wf lemma="на" pos="X">на</wf>
         <wf lemma="пет" pos="X">пет</wf>
         <wf lemma="по" pos="X">по</wf>
         <wf lemma="четири" pos="X">четири</wf>
         <wf lemma="е" pos="X">е</wf>
         <wf lemma="двайсет" pos="X">двайсет</wf>
         <wf lemma="." pos="X">.</wf>
      </sentence>
      <sentence id="d000.s6661" source="wordnet-bulgarian">
         <wf lemma="набирам" pos="X">набирам</wf>
         <instance id="d000.s6661.t000" lemma="преднина" pos="NOUN">преднина</instance>
         <wf lemma="." pos="X">.</wf>
      </sentence>
      <sentence id="d000.s6662" source="wordnet-bulgarian">
         <wf lemma="излизам" pos="X">излизам</wf>
         <wf lemma="с" pos="X">с</wf>
         <instance id="d000.s6662.t000" lemma="предложение" pos="NOUN">предложение</instance>
         <wf lemma="." pos="X">.</wf>
      </sentence>
      <sentence id="d000.s6663" source="wordnet-bulgarian">
         <wf lemma="черковен" pos="X">черковен</wf>
         <instance id="d000.s6663.t000" lemma="обред" pos="NOUN">обред</instance>
         <wf lemma="." pos="X">.</wf>
      </sentence>
      <sentence id="d000.s6664" source="wordnet-bulgarian">
         <wf lemma="свити" pos="X">свити</wf>
         <instance id="d000.s6664.t000" lemma="зеница" pos="NOUN">зеници</instance>
         <wf lemma="." pos="X">.</wf>
      </sentence>
      <sentence id="d000.s6665" source="wordnet-bulgarian">
         <wf lemma="Нека" pos="X">Нека</wf>
         <instance id="d000.s6665.t000" lemma="сила" pos="NOUN">силата</instance>
         <wf lemma="бъде" pos="X">бъде</wf>
         <wf lemma="с" pos="X">с</wf>
         <wf lemma="вас" pos="X">вас</wf>
         <wf lemma="." pos="X">.</wf>
      </sentence>
      <sentence id="d000.s6666" source="wordnet-bulgarian">
         <instance id="d000.s6666.t000" lemma="вътрешност" pos="NOUN">вътрешност</instance>
         <wf lemma="на" pos="X">на</wf>
         <wf lemma="къща" pos="X">къща</wf>
         <wf lemma="." pos="X">.</wf>
      </sentence>
      <sentence id="d000.s6667" source="wordnet-bulgarian">
         <instance id="d000.s6667.t000" lemma="нишка" pos="NOUN">нишка</instance>
         <wf lemma="за" pos="X">за</wf>
         <wf lemma="тъкане" pos="X">тъкане</wf>
         <wf lemma="." pos="X">.</wf>
      </sentence>
      <sentence id="d000.s6668" source="wordnet-bulgarian">
         <wf lemma="тъжни" pos="X">тъжни</wf>
         <instance id="d000.s6668.t000" lemma="чувство" pos="NOUN">чувства</instance>
         <wf lemma="." pos="X">.</wf>
      </sentence>
      <sentence id="d000.s6669" source="wordnet-bulgarian">
         <wf lemma="топлинен" pos="X">топлинен</wf>
         <instance id="d000.s6669.t000" lemma="двигател" pos="NOUN">двигател</instance>
         <wf lemma="." pos="X">.</wf>
      </sentence>
      <sentence id="d000.s6670" source="wordnet-bulgarian">
         <wf lemma="анатомична" pos="X">анатомична</wf>
         <instance id="d000.s6670.t000" lemma="възглавница" pos="NOUN">възглавница</instance>
         <wf lemma="." pos="X">.</wf>
      </sentence>
      <sentence id="d000.s6671" source="wordnet-bulgarian">
         <wf lemma="политически" pos="X">политически</wf>
         <instance id="d000.s6671.t000" lemma="убеждение" pos="NOUN">убеждения</instance>
         <wf lemma="." pos="X">.</wf>
      </sentence>
      <sentence id="d000.s6672" source="wordnet-bulgarian">
         <wf lemma="Атаката" pos="X">Атаката</wf>
         <wf lemma="започна" pos="X">започна</wf>
         <wf lemma="по" pos="X">по</wf>
         <instance id="d000.s6672.t000" lemma="фронт" pos="NOUN">фронта</instance>
         <wf lemma="." pos="X">.</wf>
      </sentence>
      <sentence id="d000.s6673" source="wordnet-bulgarian">
         <wf lemma="публикувам" pos="X">публикувам</wf>
         <instance id="d000.s6673.t000" lemma="статия" pos="NOUN">статия</instance>
         <wf lemma="." pos="X">.</wf>
      </sentence>
      <sentence id="d000.s6674" source="wordnet-bulgarian">
         <wf lemma="реалистично" pos="X">реалистично</wf>
         <instance id="d000.s6674.t000" lemma="изкуство" pos="NOUN">изкуство</instance>
         <wf lemma="." pos="X">.</wf>
      </sentence>
      <sentence id="d000.s6675" source="wordnet-bulgarian">
         <wf lemma="насочвам" pos="X">насочвам</wf>
         <instance id="d000.s6675.t000" lemma="поглед" pos="NOUN">поглед</instance>
         <wf lemma="върху" pos="X">върху</wf>
         <wf lemma="." pos="X">.</wf>
      </sentence>
      <sentence id="d000.s6676" source="wordnet-bulgarian">
         <instance id="d000.s6676.t000" lemma="отлагам" pos="VERB">Отлагам</instance>
         <wf lemma="работата" pos="X">работата</wf>
         <wf lemma="си" pos="X">си</wf>
         <wf lemma="за" pos="X">за</wf>
         <wf lemma="утре" pos="X">утре</wf>
         <wf lemma="." pos="X">.</wf>
      </sentence>
      <sentence id="d000.s6677" source="wordnet-bulgarian">
         <wf lemma="край" pos="X">край</wf>
         <instance id="d000.s6677.t000" lemma="река" pos="NOUN">реката</instance>
         <wf lemma="." pos="X">.</wf>
      </sentence>
      <sentence id="d000.s6678" source="wordnet-bulgarian">
         <wf lemma="Българска" pos="X">Българска</wf>
         <wf lemma="телеграфна" pos="X">телеграфна</wf>
         <instance id="d000.s6678.t000" lemma="агенция" pos="NOUN">агенция</instance>
         <wf lemma="." pos="X">.</wf>
      </sentence>
      <sentence id="d000.s6679" source="wordnet-bulgarian">
         <wf lemma="бял" pos="X">бял</wf>
         <instance id="d000.s6679.t000" lemma="чаршаф" pos="NOUN">чаршаф</instance>
         <wf lemma="." pos="X">.</wf>
      </sentence>
      <sentence id="d000.s6680" source="wordnet-bulgarian">
         <wf lemma="пробивам" pos="X">пробивам</wf>
         <instance id="d000.s6680.t000" lemma="дупка" pos="NOUN">дупка</instance>
         <wf lemma="." pos="X">.</wf>
      </sentence>
      <sentence id="d000.s6681" source="wordnet-bulgarian">
         <wf lemma="мускулна" pos="X">мускулна</wf>
         <instance id="d000.s6681.t000" lemma="тъкан" pos="NOUN">тъкан</instance>
         <wf lemma="." pos="X">.</wf>
      </sentence>
      <sentence id="d000.s6682" source="wordnet-bulgarian">
         <wf lemma="бял" pos="X">бял</wf>
         <instance id="d000.s6682.t000" lemma="тебешир" pos="NOUN">тебешир</instance>
         <wf lemma="." pos="X">.</wf>
      </sentence>
      <sentence id="d000.s6683" source="wordnet-bulgarian">
         <wf lemma="тропическа" pos="X">тропическа</wf>
         <instance id="d000.s6683.t000" lemma="гора" pos="NOUN">гора</instance>
         <wf lemma="." pos="X">.</wf>
      </sentence>
      <sentence id="d000.s6684" source="wordnet-bulgarian">
         <instance id="d000.s6684.t000" lemma="хармония" pos="NOUN">хармония</instance>
         <wf lemma="в" pos="X">в</wf>
         <wf lemma="постройка" pos="X">постройка</wf>
         <wf lemma="." pos="X">.</wf>
      </sentence>
      <sentence id="d000.s6685" source="wordnet-bulgarian">
         <wf lemma="Водното" pos="X">Водното</wf>
         <wf lemma="равнище" pos="X">равнище</wf>
         <instance id="d000.s6685.t000" lemma="спадна" pos="VERB">спадна</instance>
         <wf lemma="." pos="X">.</wf>
      </sentence>
      <sentence id="d000.s6686" source="wordnet-bulgarian">
         <wf lemma="притежавам" pos="X">притежавам</wf>
         <instance id="d000.s6686.t000" lemma="съкровище" pos="NOUN">съкровище</instance>
         <wf lemma="." pos="X">.</wf>
      </sentence>
      <sentence id="d000.s6687" source="wordnet-bulgarian">
         <wf lemma="жълт" pos="X">жълт</wf>
         <instance id="d000.s6687.t000" lemma="вестник" pos="NOUN">вестник</instance>
         <wf lemma="." pos="X">.</wf>
      </sentence>
      <sentence id="d000.s6688" source="wordnet-bulgarian">
         <instance id="d000.s6688.t000" lemma="човек" pos="NOUN">Човекът</instance>
         <wf lemma="е" pos="X">е</wf>
         <wf lemma="осъден" pos="X">осъден</wf>
         <wf lemma="да" pos="X">да</wf>
         <wf lemma="бъде" pos="X">бъде</wf>
         <wf lemma="свободен" pos="X">свободен</wf>
         <wf lemma="." pos="X">.</wf>
      </sentence>
      <sentence id="d000.s6689" source="wordnet-bulgarian">
         <wf lemma="жилава" pos="X">жилава</wf>
         <instance id="d000.s6689.t000" lemma="пръчка" pos="NOUN">пръчка</instance>
         <wf lemma="." pos="X">.</wf>
      </sentence>
      <sentence id="d000.s6690" source="wordnet-bulgarian">
         <wf lemma="Мулето" pos="X">Мулето</wf>
         <wf lemma="е" pos="X">е</wf>
         <instance id="d000.s6690.t000" lemma="кръстоска" pos="NOUN">кръстоска</instance>
         <wf lemma="между" pos="X">между</wf>
         <wf lemma="кон" pos="X">кон</wf>
         <wf lemma="и" pos="X">и</wf>
         <wf lemma="магаре" pos="X">магаре</wf>
         <wf lemma="." pos="X">.</wf>
      </sentence>
      <sentence id="d000.s6691" source="wordnet-bulgarian">
         <instance id="d000.s6691.t000" lemma="наука" pos="NOUN">наука</instance>
         <wf lemma="за" pos="X">за</wf>
         <wf lemma="." pos="X">.</wf>
      </sentence>
      <sentence id="d000.s6692" source="wordnet-bulgarian">
         <wf lemma="Не" pos="X">Не</wf>
         <wf lemma="мога" pos="X">мога</wf>
         <wf lemma="да" pos="X">да</wf>
         <instance id="d000.s6692.t000" lemma="слушам" pos="VERB">слушам</instance>
         <wf lemma="повече" pos="X">повече</wf>
         <wf lemma="." pos="X">.</wf>
      </sentence>
      <sentence id="d000.s6693" source="wordnet-bulgarian">
         <wf lemma="С" pos="X">С</wf>
         <wf lemma="голямото" pos="X">голямото</wf>
         <wf lemma="си" pos="X">си</wf>
         <instance id="d000.s6693.t000" lemma="обаяние" pos="NOUN">обаяние</instance>
         <wf lemma="тя" pos="X">тя</wf>
         <wf lemma="печелеше" pos="X">печелеше</wf>
         <wf lemma="много" pos="X">много</wf>
         <wf lemma="приятели" pos="X">приятели</wf>
         <wf lemma="." pos="X">.</wf>
      </sentence>
      <sentence id="d000.s6694" source="wordnet-bulgarian">
         <wf lemma="паранормално" pos="X">паранормално</wf>
         <instance id="d000.s6694.t000" lemma="явление" pos="NOUN">явление</instance>
         <wf lemma="." pos="X">.</wf>
      </sentence>
      <sentence id="d000.s6695" source="wordnet-bulgarian">
         <wf lemma="Хвърлих" pos="X">Хвърлих</wf>
         <instance id="d000.s6695.t000" lemma="ези" pos="NOUN">ези</instance>
         <wf lemma="." pos="X">.</wf>
      </sentence>
      <sentence id="d000.s6696" source="wordnet-bulgarian">
         <wf lemma="Той" pos="X">Той</wf>
         <wf lemma="е" pos="X">е</wf>
         <instance id="d000.s6696.t000" lemma="възрастен" pos="NOUN">по-възрастен</instance>
         <wf lemma="от" pos="X">от</wf>
         <wf lemma="жена" pos="X">жена</wf>
         <wf lemma="си" pos="X">си</wf>
         <wf lemma="." pos="X">.</wf>
      </sentence>
      <sentence id="d000.s6697" source="wordnet-bulgarian">
         <wf lemma="От" pos="X">От</wf>
         <wf lemma="пушека" pos="X">пушека</wf>
         <wf lemma="ми" pos="X">ми</wf>
         <wf lemma="излязоха" pos="X">излязоха</wf>
         <instance id="d000.s6697.t000" lemma="сълза" pos="NOUN">сълзи</instance>
         <wf lemma="на" pos="X">на</wf>
         <wf lemma="очите" pos="X">очите</wf>
         <wf lemma="." pos="X">.</wf>
      </sentence>
      <sentence id="d000.s6698" source="wordnet-bulgarian">
         <wf lemma="На" pos="X">На</wf>
         <instance id="d000.s6698.t000" lemma="бой" pos="NOUN">бой</instance>
         <wf lemma="всички" pos="X">всички</wf>
         <wf lemma="не" pos="X">не</wf>
         <wf lemma="умират" pos="X">умират</wf>
         <wf lemma="и" pos="X">и</wf>
         <wf lemma="всички" pos="X">всички</wf>
         <wf lemma="юнаци" pos="X">юнаци</wf>
         <wf lemma="не" pos="X">не</wf>
         <wf lemma="биват" pos="X">биват</wf>
         <wf lemma="." pos="X">.</wf>
      </sentence>
      <sentence id="d000.s6699" source="wordnet-bulgarian">
         <wf lemma="до" pos="X">до</wf>
         <instance id="d000.s6699.t000" lemma="край" pos="NOUN">края</instance>
         <wf lemma="на" pos="X">на</wf>
         <wf lemma="." pos="X">.</wf>
      </sentence>
      <sentence id="d000.s6700" source="wordnet-bulgarian">
         <wf lemma="приеха" pos="X">приеха</wf>
         <wf lemma="ме" pos="X">ме</wf>
         <wf lemma="в" pos="X">в</wf>
         <instance id="d000.s6700.t000" lemma="колеж" pos="NOUN">колеж</instance>
         <wf lemma="." pos="X">.</wf>
      </sentence>
      <sentence id="d000.s6701" source="wordnet-bulgarian">
         <wf lemma="Днес" pos="X">Днес</wf>
         <instance id="d000.s6701.t000" lemma="тим" pos="NOUN">тимът</instance>
         <wf lemma="на" pos="X">на</wf>
         <wf lemma="Славия" pos="X">Славия</wf>
         <wf lemma="победи" pos="X">победи</wf>
         <wf lemma="." pos="X">.</wf>
      </sentence>
      <sentence id="d000.s6702" source="wordnet-bulgarian">
         <wf lemma="голям" pos="X">голям</wf>
         <instance id="d000.s6702.t000" lemma="буркан" pos="NOUN">буркан</instance>
         <wf lemma="." pos="X">.</wf>
      </sentence>
      <sentence id="d000.s6703" source="wordnet-bulgarian">
         <wf lemma="обявявам" pos="X">обявявам</wf>
         <instance id="d000.s6703.t000" lemma="въстание" pos="NOUN">въстание</instance>
         <wf lemma="." pos="X">.</wf>
      </sentence>
      <sentence id="d000.s6704" source="wordnet-bulgarian">
         <wf lemma="получавам" pos="X">получавам</wf>
         <instance id="d000.s6704.t000" lemma="хонорар" pos="NOUN">хонорар</instance>
         <wf lemma="." pos="X">.</wf>
      </sentence>
      <sentence id="d000.s6705" source="wordnet-bulgarian">
         <instance id="d000.s6705.t000" lemma="прилика" pos="NOUN">Приликата</instance>
         <wf lemma="е" pos="X">е</wf>
         <wf lemma="очевидна" pos="X">очевидна</wf>
         <wf lemma="." pos="X">.</wf>
      </sentence>
      <sentence id="d000.s6706" source="wordnet-bulgarian">
         <wf lemma="въздушен" pos="X">въздушен</wf>
         <instance id="d000.s6706.t000" lemma="път" pos="NOUN">път</instance>
         <wf lemma="." pos="X">.</wf>
      </sentence>
      <sentence id="d000.s6707" source="wordnet-bulgarian">
         <wf lemma="неорганични" pos="X">неорганични</wf>
         <instance id="d000.s6707.t000" lemma="вещество" pos="NOUN">вещества</instance>
         <wf lemma="." pos="X">.</wf>
      </sentence>
      <sentence id="d000.s6708" source="wordnet-bulgarian">
         <wf lemma="Натисни" pos="X">Натисни</wf>
         <instance id="d000.s6708.t000" lemma="бутон" pos="NOUN">бутона</instance>
         <wf lemma="." pos="X">.</wf>
      </sentence>
      <sentence id="d000.s6709" source="wordnet-bulgarian">
         <wf lemma="затварям" pos="X">затварям</wf>
         <wf lemma="си" pos="X">си</wf>
         <instance id="d000.s6709.t000" lemma="уста" pos="NOUN">устата</instance>
         <wf lemma="." pos="X">.</wf>
      </sentence>
      <sentence id="d000.s6710" source="wordnet-bulgarian">
         <wf lemma="виждам" pos="X">виждам</wf>
         <instance id="d000.s6710.t000" lemma="светлина" pos="NOUN">светлина</instance>
         <wf lemma="." pos="X">.</wf>
      </sentence>
      <sentence id="d000.s6711" source="wordnet-bulgarian">
         <wf lemma="с" pos="X">с</wf>
         <instance id="d000.s6711.t000" lemma="почит" pos="NOUN">почит</instance>
         <wf lemma="." pos="X">.</wf>
      </sentence>
      <sentence id="d000.s6712" source="wordnet-bulgarian">
         <wf lemma="изпитвам" pos="X">изпитвам</wf>
         <instance id="d000.s6712.t000" lemma="гняв" pos="NOUN">гняв</instance>
         <wf lemma="." pos="X">.</wf>
      </sentence>
      <sentence id="d000.s6713" source="wordnet-bulgarian">
         <wf lemma="Държавата" pos="X">Държавата</wf>
         <instance id="d000.s6713.t000" lemma="осигурявам" pos="VERB">осигурява</instance>
         <wf lemma="живота" pos="X">живота</wf>
         <wf lemma="и" pos="X">и</wf>
         <wf lemma="спокойствието" pos="X">спокойствието</wf>
         <wf lemma="на" pos="X">на</wf>
         <wf lemma="всички" pos="X">всички</wf>
         <wf lemma="." pos="X">.</wf>
      </sentence>
      <sentence id="d000.s6714" source="wordnet-bulgarian">
         <wf lemma="Бързо" pos="X">Бързо</wf>
         <wf lemma="измих" pos="X">измих</wf>
         <instance id="d000.s6714.t000" lemma="зеленчук" pos="NOUN">зеленчуците</instance>
         <wf lemma="и" pos="X">и</wf>
         <wf lemma="направих" pos="X">направих</wf>
         <wf lemma="салата" pos="X">салата</wf>
         <wf lemma="за" pos="X">за</wf>
         <wf lemma="обяд" pos="X">обяд</wf>
         <wf lemma="." pos="X">.</wf>
      </sentence>
      <sentence id="d000.s6715" source="wordnet-bulgarian">
         <wf lemma="висше" pos="X">висше</wf>
         <instance id="d000.s6715.t000" lemma="училище" pos="NOUN">училище</instance>
         <wf lemma="." pos="X">.</wf>
      </sentence>
      <sentence id="d000.s6716" source="wordnet-bulgarian">
         <wf lemma="проява" pos="X">проява</wf>
         <wf lemma="на" pos="X">на</wf>
         <wf lemma="здрав" pos="X">здрав</wf>
         <instance id="d000.s6716.t000" lemma="разум" pos="NOUN">разум</instance>
         <wf lemma="." pos="X">.</wf>
      </sentence>
      <sentence id="d000.s6717" source="wordnet-bulgarian">
         <wf lemma="безплатен" pos="X">безплатен</wf>
         <instance id="d000.s6717.t000" lemma="превоз" pos="NOUN">превоз</instance>
         <wf lemma="." pos="X">.</wf>
      </sentence>
      <sentence id="d000.s6718" source="wordnet-bulgarian">
         <wf lemma="влажно" pos="X">влажно</wf>
         <instance id="d000.s6718.t000" lemma="мазе" pos="NOUN">мазе</instance>
         <wf lemma="." pos="X">.</wf>
      </sentence>
      <sentence id="d000.s6719" source="wordnet-bulgarian">
         <wf lemma="ярък" pos="X">ярък</wf>
         <instance id="d000.s6719.t000" lemma="детайл" pos="NOUN">детайл</instance>
         <wf lemma="." pos="X">.</wf>
      </sentence>
      <sentence id="d000.s6720" source="wordnet-bulgarian">
         <wf lemma="вземам" pos="X">вземам</wf>
         <instance id="d000.s6720.t000" lemma="завой" pos="NOUN">завой</instance>
         <wf lemma="." pos="X">.</wf>
      </sentence>
      <sentence id="d000.s6721" source="wordnet-bulgarian">
         <wf lemma="предявявам" pos="X">предявявам</wf>
         <instance id="d000.s6721.t000" lemma="претенция" pos="NOUN">претенции</instance>
         <wf lemma="за" pos="X">за</wf>
         <wf lemma="." pos="X">.</wf>
      </sentence>
      <sentence id="d000.s6722" source="wordnet-bulgarian">
         <wf lemma="канадски" pos="X">канадски</wf>
         <instance id="d000.s6722.t000" lemma="тюлен" pos="NOUN">тюлен</instance>
         <wf lemma="." pos="X">.</wf>
      </sentence>
      <sentence id="d000.s6723" source="wordnet-bulgarian">
         <wf lemma="приемам" pos="X">приемам</wf>
         <instance id="d000.s6723.t000" lemma="молба" pos="NOUN">молба</instance>
         <wf lemma="." pos="X">.</wf>
      </sentence>
      <sentence id="d000.s6724" source="wordnet-bulgarian">
         <instance id="d000.s6724.t000" lemma="членство" pos="NOUN">членство</instance>
         <wf lemma="на" pos="X">на</wf>
         <wf lemma="България" pos="X">България</wf>
         <wf lemma="в" pos="X">в</wf>
         <wf lemma="ЕС" pos="X">ЕС</wf>
         <wf lemma="." pos="X">.</wf>
      </sentence>
      <sentence id="d000.s6725" source="wordnet-bulgarian">
         <wf lemma="през" pos="X">през</wf>
         <wf lemma="онази" pos="X">онази</wf>
         <instance id="d000.s6725.t000" lemma="нощ" pos="NOUN">нощ</instance>
         <wf lemma="." pos="X">.</wf>
      </sentence>
      <sentence id="d000.s6726" source="wordnet-bulgarian">
         <instance id="d000.s6726.t000" lemma="тяло" pos="NOUN">Тялото</instance>
         <wf lemma="му" pos="X">му</wf>
         <wf lemma="беше" pos="X">беше</wf>
         <wf lemma="отпуснато" pos="X">отпуснато</wf>
         <wf lemma="за" pos="X">за</wf>
         <wf lemma="възрастта" pos="X">възрастта</wf>
         <wf lemma="." pos="X">.</wf>
      </sentence>
      <sentence id="d000.s6727" source="wordnet-bulgarian">
         <instance id="d000.s6727.t000" lemma="импликация" pos="NOUN">Импликацията</instance>
         <wf lemma="е" pos="X">е</wf>
         <wf lemma="логическа" pos="X">логическа</wf>
         <wf lemma="операция" pos="X">операция</wf>
         <wf lemma="." pos="X">.</wf>
      </sentence>
      <sentence id="d000.s6728" source="wordnet-bulgarian">
         <instance id="d000.s6728.t000" lemma="буркан" pos="NOUN">буркан</instance>
         <wf lemma="от" pos="X">от</wf>
         <wf lemma="." pos="X">.</wf>
      </sentence>
      <sentence id="d000.s6729" source="wordnet-bulgarian">
         <wf lemma="пиша" pos="X">пиша</wf>
         <instance id="d000.s6729.t000" lemma="стихотворение" pos="NOUN">стихотворение</instance>
         <wf lemma="." pos="X">.</wf>
      </sentence>
      <sentence id="d000.s6730" source="wordnet-bulgarian">
         <wf lemma="без" pos="X">без</wf>
         <instance id="d000.s6730.t000" lemma="причина" pos="NOUN">причина</instance>
         <wf lemma="." pos="X">.</wf>
      </sentence>
      <sentence id="d000.s6731" source="wordnet-bulgarian">
         <wf lemma="жъна" pos="X">жъна</wf>
         <instance id="d000.s6731.t000" lemma="ниво" pos="NOUN">нива</instance>
         <wf lemma="." pos="X">.</wf>
      </sentence>
      <sentence id="d000.s6732" source="wordnet-bulgarian">
         <wf lemma="жива" pos="X">жива</wf>
         <instance id="d000.s6732.t000" lemma="природа" pos="NOUN">природа</instance>
         <wf lemma="." pos="X">.</wf>
      </sentence>
      <sentence id="d000.s6733" source="wordnet-bulgarian">
         <wf lemma="строева" pos="X">строева</wf>
         <instance id="d000.s6733.t000" lemma="подготовка" pos="NOUN">подготовка</instance>
         <wf lemma="." pos="X">.</wf>
      </sentence>
      <sentence id="d000.s6734" source="wordnet-bulgarian">
         <wf lemma="голо" pos="X">голо</wf>
         <instance id="d000.s6734.t000" lemma="тяло" pos="NOUN">тяло</instance>
         <wf lemma="." pos="X">.</wf>
      </sentence>
      <sentence id="d000.s6735" source="wordnet-bulgarian">
         <wf lemma="пълен" pos="X">пълен</wf>
         <instance id="d000.s6735.t000" lemma="комфорт" pos="NOUN">комфорт</instance>
         <wf lemma="." pos="X">.</wf>
      </sentence>
      <sentence id="d000.s6736" source="wordnet-bulgarian">
         <wf lemma="чувство" pos="X">чувство</wf>
         <wf lemma="за" pos="X">за</wf>
         <instance id="d000.s6736.t000" lemma="мъст" pos="NOUN">мъст</instance>
         <wf lemma="." pos="X">.</wf>
      </sentence>
      <sentence id="d000.s6737" source="wordnet-bulgarian">
         <wf lemma="рибена" pos="X">рибена</wf>
         <instance id="d000.s6737.t000" lemma="чорба" pos="NOUN">чорба</instance>
         <wf lemma="." pos="X">.</wf>
      </sentence>
      <sentence id="d000.s6738" source="wordnet-bulgarian">
         <wf lemma="ветеринарен" pos="X">ветеринарен</wf>
         <instance id="d000.s6738.t000" lemma="лекар" pos="NOUN">лекар</instance>
         <wf lemma="." pos="X">.</wf>
      </sentence>
      <sentence id="d000.s6739" source="wordnet-bulgarian">
         <instance id="d000.s6739.t000" lemma="смяна" pos="NOUN">смяна</instance>
         <wf lemma="на" pos="X">на</wf>
         <wf lemma="караула" pos="X">караула</wf>
         <wf lemma="." pos="X">.</wf>
      </sentence>
      <sentence id="d000.s6740" source="wordnet-bulgarian">
         <instance id="d000.s6740.t000" lemma="възпроизвеждам" pos="VERB">възпроизвеждам</instance>
         <wf lemma="в" pos="X">в</wf>
         <wf lemma="паметта" pos="X">паметта</wf>
         <wf lemma="си" pos="X">си</wf>
         <wf lemma="." pos="X">.</wf>
      </sentence>
      <sentence id="d000.s6741" source="wordnet-bulgarian">
         <wf lemma="шия" pos="X">шия</wf>
         <instance id="d000.s6741.t000" lemma="копче" pos="NOUN">копче</instance>
         <wf lemma="." pos="X">.</wf>
      </sentence>
      <sentence id="d000.s6742" source="wordnet-bulgarian">
         <instance id="d000.s6742.t000" lemma="репетиция" pos="NOUN">Репетицията</instance>
         <wf lemma="беше" pos="X">беше</wf>
         <wf lemma="отложена" pos="X">отложена</wf>
         <wf lemma="за" pos="X">за</wf>
         <wf lemma="другия" pos="X">другия</wf>
         <wf lemma="ден" pos="X">ден</wf>
         <wf lemma="." pos="X">.</wf>
      </sentence>
      <sentence id="d000.s6743" source="wordnet-bulgarian">
         <wf lemma="бяло" pos="X">бяло</wf>
         <instance id="d000.s6743.t000" lemma="вино" pos="NOUN">вино</instance>
         <wf lemma="." pos="X">.</wf>
      </sentence>
      <sentence id="d000.s6744" source="wordnet-bulgarian">
         <wf lemma="растителни" pos="X">растителни</wf>
         <instance id="d000.s6744.t000" lemma="вид" pos="NOUN">видове</instance>
         <wf lemma="." pos="X">.</wf>
      </sentence>
      <sentence id="d000.s6745" source="wordnet-bulgarian">
         <wf lemma="характерен" pos="X">характерен</wf>
         <instance id="d000.s6745.t000" lemma="стил" pos="NOUN">стил</instance>
         <wf lemma="." pos="X">.</wf>
      </sentence>
      <sentence id="d000.s6746" source="wordnet-bulgarian">
         <wf lemma="завеждам" pos="X">завеждам</wf>
         <instance id="d000.s6746.t000" lemma="дело" pos="NOUN">дело</instance>
         <wf lemma="." pos="X">.</wf>
      </sentence>
      <sentence id="d000.s6747" source="wordnet-bulgarian">
         <wf lemma="дълго" pos="X">дълго</wf>
         <instance id="d000.s6747.t000" lemma="заглавие" pos="NOUN">заглавие</instance>
         <wf lemma="." pos="X">.</wf>
      </sentence>
      <sentence id="d000.s6748" source="wordnet-bulgarian">
         <instance id="d000.s6748.t000" lemma="възхвала" pos="NOUN">възхвала</instance>
         <wf lemma="на" pos="X">на</wf>
         <wf lemma="." pos="X">.</wf>
      </sentence>
      <sentence id="d000.s6749" source="wordnet-bulgarian">
         <wf lemma="абитуриентски" pos="X">абитуриентски</wf>
         <instance id="d000.s6749.t000" lemma="бал" pos="NOUN">бал</instance>
         <wf lemma="." pos="X">.</wf>
      </sentence>
      <sentence id="d000.s6750" source="wordnet-bulgarian">
         <wf lemma="мъжки" pos="X">мъжки</wf>
         <instance id="d000.s6750.t000" lemma="костюм" pos="NOUN">костюм</instance>
         <wf lemma="." pos="X">.</wf>
      </sentence>
      <sentence id="d000.s6751" source="wordnet-bulgarian">
         <wf lemma="Ние" pos="X">Ние</wf>
         <wf lemma="сме" pos="X">сме</wf>
         <wf lemma="на" pos="X">на</wf>
         <wf lemma="еднаква" pos="X">еднаква</wf>
         <instance id="d000.s6751.t000" lemma="възраст" pos="NOUN">възраст</instance>
         <wf lemma="." pos="X">.</wf>
      </sentence>
      <sentence id="d000.s6752" source="wordnet-bulgarian">
         <wf lemma="чаша" pos="X">чаша</wf>
         <wf lemma="за" pos="X">за</wf>
         <instance id="d000.s6752.t000" lemma="чай" pos="NOUN">чай</instance>
         <wf lemma="." pos="X">.</wf>
      </sentence>
      <sentence id="d000.s6753" source="wordnet-bulgarian">
         <wf lemma="голяма" pos="X">голяма</wf>
         <instance id="d000.s6753.t000" lemma="пенсия" pos="NOUN">пенсия</instance>
         <wf lemma="." pos="X">.</wf>
      </sentence>
      <sentence id="d000.s6754" source="wordnet-bulgarian">
         <wf lemma="дебел" pos="X">дебел</wf>
         <instance id="d000.s6754.t000" lemma="канап" pos="NOUN">канап</instance>
         <wf lemma="." pos="X">.</wf>
      </sentence>
      <sentence id="d000.s6755" source="wordnet-bulgarian">
         <wf lemma="Осветих" pos="X">Осветих</wf>
         <wf lemma="пътя" pos="X">пътя</wf>
         <wf lemma="си" pos="X">си</wf>
         <wf lemma="с" pos="X">с</wf>
         <instance id="d000.s6755.t000" lemma="фенерче" pos="NOUN">фенерче</instance>
         <wf lemma="." pos="X">.</wf>
      </sentence>
      <sentence id="d000.s6756" source="wordnet-bulgarian">
         <wf lemma="точна" pos="X">точна</wf>
         <instance id="d000.s6756.t000" lemma="дефиниция" pos="NOUN">дефиниция</instance>
         <wf lemma="." pos="X">.</wf>
      </sentence>
      <sentence id="d000.s6757" source="wordnet-bulgarian">
         <wf lemma="свинска" pos="X">свинска</wf>
         <instance id="d000.s6757.t000" lemma="кожа" pos="NOUN">кожа</instance>
         <wf lemma="." pos="X">.</wf>
      </sentence>
      <sentence id="d000.s6758" source="wordnet-bulgarian">
         <wf lemma="положителна" pos="X">положителна</wf>
         <instance id="d000.s6758.t000" lemma="рецензия" pos="NOUN">рецензия</instance>
         <wf lemma="." pos="X">.</wf>
      </sentence>
      <sentence id="d000.s6759" source="wordnet-bulgarian">
         <instance id="d000.s6759.t000" lemma="урок" pos="NOUN">урок</instance>
         <wf lemma="по." pos="X">по.</wf>
      </sentence>
      <sentence id="d000.s6760" source="wordnet-bulgarian">
         <wf lemma="непозната" pos="X">непозната</wf>
         <instance id="d000.s6760.t000" lemma="област" pos="NOUN">област</instance>
         <wf lemma="." pos="X">.</wf>
      </sentence>
      <sentence id="d000.s6761" source="wordnet-bulgarian">
         <wf lemma="срочен" pos="X">срочен</wf>
         <instance id="d000.s6761.t000" lemma="влог" pos="NOUN">влог</instance>
         <wf lemma="." pos="X">.</wf>
      </sentence>
      <sentence id="d000.s6762" source="wordnet-bulgarian">
         <wf lemma="слабият" pos="X">слабият</wf>
         <instance id="d000.s6762.t000" lemma="пол" pos="NOUN">пол</instance>
         <wf lemma="." pos="X">.</wf>
      </sentence>
      <sentence id="d000.s6763" source="wordnet-bulgarian">
         <wf lemma="без" pos="X">без</wf>
         <wf lemma="голяма" pos="X">голяма</wf>
         <instance id="d000.s6763.t000" lemma="надежда" pos="NOUN">надежда</instance>
         <wf lemma="." pos="X">.</wf>
      </sentence>
      <sentence id="d000.s6764" source="wordnet-bulgarian">
         <wf lemma="режа" pos="X">режа</wf>
         <wf lemma="си" pos="X">си</wf>
         <instance id="d000.s6764.t000" lemma="вена" pos="NOUN">вените</instance>
         <wf lemma="." pos="X">.</wf>
      </sentence>
      <sentence id="d000.s6765" source="wordnet-bulgarian">
         <wf lemma="трамваен" pos="X">трамваен</wf>
         <instance id="d000.s6765.t000" lemma="билет" pos="NOUN">билет</instance>
         <wf lemma="." pos="X">.</wf>
      </sentence>
      <sentence id="d000.s6766" source="wordnet-bulgarian">
         <wf lemma="Това" pos="X">Това</wf>
         <wf lemma="е" pos="X">е</wf>
         <wf lemma="само" pos="X">само</wf>
         <instance id="d000.s6766.t000" lemma="предположение" pos="NOUN">предположение</instance>
         <wf lemma="." pos="X">.</wf>
      </sentence>
      <sentence id="d000.s6767" source="wordnet-bulgarian">
         <wf lemma="голям" pos="X">голям</wf>
         <instance id="d000.s6767.t000" lemma="двор" pos="NOUN">двор</instance>
         <wf lemma="." pos="X">.</wf>
      </sentence>
      <sentence id="d000.s6768" source="wordnet-bulgarian">
         <wf lemma="строителна" pos="X">строителна</wf>
         <instance id="d000.s6768.t000" lemma="организация" pos="NOUN">организация</instance>
         <wf lemma="." pos="X">.</wf>
      </sentence>
      <sentence id="d000.s6769" source="wordnet-bulgarian">
         <wf lemma="вълнен" pos="X">вълнен</wf>
         <instance id="d000.s6769.t000" lemma="панталон" pos="NOUN">панталон</instance>
         <wf lemma="." pos="X">.</wf>
      </sentence>
      <sentence id="d000.s6770" source="wordnet-bulgarian">
         <wf lemma="Трябва" pos="X">Трябва</wf>
         <wf lemma="да" pos="X">да</wf>
         <wf lemma="ми" pos="X">ми</wf>
         <instance id="d000.s6770.t000" lemma="благодаря" pos="VERB">благодариш</instance>
         <wf lemma="," pos="X">,</wf>
         <wf lemma="че" pos="X">че</wf>
         <wf lemma="ти" pos="X">ти</wf>
         <wf lemma="помогнах" pos="X">помогнах</wf>
         <wf lemma="." pos="X">.</wf>
      </sentence>
      <sentence id="d000.s6771" source="wordnet-bulgarian">
         <wf lemma="Постоянен" pos="X">Постоянен</wf>
         <instance id="d000.s6771.t000" lemma="представител" pos="NOUN">представител</instance>
         <wf lemma="в" pos="X">в</wf>
         <wf lemma="ООН" pos="X">ООН</wf>
         <wf lemma="." pos="X">.</wf>
      </sentence>
      <sentence id="d000.s6772" source="wordnet-bulgarian">
         <wf lemma="рядко" pos="X">рядко</wf>
         <wf lemma="природно" pos="X">природно</wf>
         <instance id="d000.s6772.t000" lemma="явление" pos="NOUN">явление</instance>
         <wf lemma="." pos="X">.</wf>
      </sentence>
      <sentence id="d000.s6773" source="wordnet-bulgarian">
         <instance id="d000.s6773.t000" lemma="подобрявам" pos="VERB">подобрявам</instance>
         <wf lemma="обслужването" pos="X">обслужването</wf>
         <wf lemma="." pos="X">.</wf>
      </sentence>
      <sentence id="d000.s6774" source="wordnet-bulgarian">
         <wf lemma="Двете" pos="X">Двете</wf>
         <wf lemma="правителства" pos="X">правителства</wf>
         <wf lemma="подписаха" pos="X">подписаха</wf>
         <wf lemma="споразумение" pos="X">споразумение</wf>
         <wf lemma="за" pos="X">за</wf>
         <wf lemma="намаляване" pos="X">намаляване</wf>
         <wf lemma="на" pos="X">на</wf>
         <instance id="d000.s6774.t000" lemma="мито" pos="NOUN">митата</instance>
         <wf lemma="за" pos="X">за</wf>
         <wf lemma="някои" pos="X">някои</wf>
         <wf lemma="стоки" pos="X">стоки</wf>
         <wf lemma="." pos="X">.</wf>
      </sentence>
      <sentence id="d000.s6775" source="wordnet-bulgarian">
         <wf lemma="Различни" pos="X">Различни</wf>
         <instance id="d000.s6775.t000" lemma="мрежа" pos="NOUN">мрежи</instance>
         <wf lemma="се" pos="X">се</wf>
         <wf lemma="конкурират" pos="X">конкурират</wf>
         <wf lemma="за" pos="X">за</wf>
         <wf lemma="излъчване" pos="X">излъчване</wf>
         <wf lemma="на" pos="X">на</wf>
         <wf lemma="важни" pos="X">важни</wf>
         <wf lemma="спортни" pos="X">спортни</wf>
         <wf lemma="събития" pos="X">събития</wf>
         <wf lemma="." pos="X">.</wf>
      </sentence>
      <sentence id="d000.s6776" source="wordnet-bulgarian">
         <wf lemma="преизпълнявам" pos="X">преизпълнявам</wf>
         <instance id="d000.s6776.t000" lemma="норма" pos="NOUN">нормата</instance>
         <wf lemma="." pos="X">.</wf>
      </sentence>
      <sentence id="d000.s6777" source="wordnet-bulgarian">
         <wf lemma="екстравагантен" pos="X">екстравагантен</wf>
         <instance id="d000.s6777.t000" lemma="стил" pos="NOUN">стил</instance>
         <wf lemma="." pos="X">.</wf>
      </sentence>
      <sentence id="d000.s6778" source="wordnet-bulgarian">
         <wf lemma="малък" pos="X">малък</wf>
         <instance id="d000.s6778.t000" lemma="пръст" pos="NOUN">пръст</instance>
         <wf lemma="." pos="X">.</wf>
      </sentence>
      <sentence id="d000.s6779" source="wordnet-bulgarian">
         <wf lemma="пиша" pos="X">пиша</wf>
         <wf lemma="на" pos="X">на</wf>
         <instance id="d000.s6779.t000" lemma="бюро" pos="NOUN">бюрото</instance>
         <wf lemma="." pos="X">.</wf>
      </sentence>
      <sentence id="d000.s6780" source="wordnet-bulgarian">
         <wf lemma="имам" pos="X">имам</wf>
         <instance id="d000.s6780.t000" lemma="дружба" pos="NOUN">дружба</instance>
         <wf lemma="с." pos="X">с.</wf>
      </sentence>
      <sentence id="d000.s6781" source="wordnet-bulgarian">
         <wf lemma="казвам" pos="X">казвам</wf>
         <instance id="d000.s6781.t000" lemma="молитва" pos="NOUN">молитва</instance>
         <wf lemma="." pos="X">.</wf>
      </sentence>
      <sentence id="d000.s6782" source="wordnet-bulgarian">
         <instance id="d000.s6782.t000" lemma="заплаша" pos="VERB">Заплаших</instance>
         <wf lemma="го" pos="X">го</wf>
         <wf lemma="с" pos="X">с</wf>
         <wf lemma="бой" pos="X">бой</wf>
         <wf lemma="." pos="X">.</wf>
      </sentence>
      <sentence id="d000.s6783" source="wordnet-bulgarian">
         <wf lemma="мощен" pos="X">мощен</wf>
         <instance id="d000.s6783.t000" lemma="мотор" pos="NOUN">мотор</instance>
         <wf lemma="." pos="X">.</wf>
      </sentence>
      <sentence id="d000.s6784" source="wordnet-bulgarian">
         <wf lemma="злокачествен" pos="X">злокачествен</wf>
         <instance id="d000.s6784.t000" lemma="тумор" pos="NOUN">тумор</instance>
         <wf lemma="." pos="X">.</wf>
      </sentence>
      <sentence id="d000.s6785" source="wordnet-bulgarian">
         <wf lemma="здраво" pos="X">здраво</wf>
         <instance id="d000.s6785.t000" lemma="тяло" pos="NOUN">тяло</instance>
         <wf lemma="." pos="X">.</wf>
      </sentence>
      <sentence id="d000.s6786" source="wordnet-bulgarian">
         <wf lemma="снежна" pos="X">снежна</wf>
         <instance id="d000.s6786.t000" lemma="зима" pos="NOUN">зима</instance>
         <wf lemma="." pos="X">.</wf>
      </sentence>
      <sentence id="d000.s6787" source="wordnet-bulgarian">
         <wf lemma="Имаш" pos="X">Имаш</wf>
         <wf lemma="ли" pos="X">ли</wf>
         <wf lemma="някакви" pos="X">някакви</wf>
         <instance id="d000.s6787.t000" lemma="новина" pos="NOUN">новини</instance>
         <wf lemma="?" pos="X">?</wf>
      </sentence>
      <sentence id="d000.s6788" source="wordnet-bulgarian">
         <wf lemma="купувам" pos="X">купувам</wf>
         <instance id="d000.s6788.t000" lemma="парцел" pos="NOUN">парцел</instance>
         <wf lemma="." pos="X">.</wf>
      </sentence>
      <sentence id="d000.s6789" source="wordnet-bulgarian">
         <wf lemma="икономическа" pos="X">икономическа</wf>
         <instance id="d000.s6789.t000" lemma="полиция" pos="NOUN">полиция</instance>
         <wf lemma="." pos="X">.</wf>
      </sentence>
      <sentence id="d000.s6790" source="wordnet-bulgarian">
         <wf lemma="Давам" pos="X">Давам</wf>
         <wf lemma="с" pos="X">с</wf>
         <instance id="d000.s6790.t000" lemma="кон" pos="NOUN">коня</instance>
         <wf lemma="шах" pos="X">шах</wf>
         <wf lemma="." pos="X">.</wf>
      </sentence>
      <sentence id="d000.s6791" source="wordnet-bulgarian">
         <instance id="d000.s6791.t000" lemma="чаша" pos="NOUN">чаша</instance>
         <wf lemma="за" pos="X">за</wf>
         <wf lemma="кафе" pos="X">кафе</wf>
         <wf lemma="." pos="X">.</wf>
      </sentence>
      <sentence id="d000.s6792" source="wordnet-bulgarian">
         <instance id="d000.s6792.t000" lemma="публика" pos="NOUN">Публиката</instance>
         <wf lemma="изпълни" pos="X">изпълни</wf>
         <wf lemma="салона" pos="X">салона</wf>
         <wf lemma="." pos="X">.</wf>
      </sentence>
      <sentence id="d000.s6793" source="wordnet-bulgarian">
         <wf lemma="вътрешен" pos="X">вътрешен</wf>
         <instance id="d000.s6793.t000" lemma="балкон" pos="NOUN">балкон</instance>
         <wf lemma="." pos="X">.</wf>
      </sentence>
      <sentence id="d000.s6794" source="wordnet-bulgarian">
         <wf lemma="палма" pos="X">палма</wf>
         <wf lemma="от" pos="X">от</wf>
         <wf lemma="костилка" pos="X">костилка</wf>
         <wf lemma="на" pos="X">на</wf>
         <instance id="d000.s6794.t000" lemma="фурма" pos="NOUN">фурма</instance>
         <wf lemma="." pos="X">.</wf>
      </sentence>
      <sentence id="d000.s6795" source="wordnet-bulgarian">
         <wf lemma="баскетболна" pos="X">баскетболна</wf>
         <instance id="d000.s6795.t000" lemma="топка" pos="NOUN">топка</instance>
         <wf lemma="." pos="X">.</wf>
      </sentence>
      <sentence id="d000.s6796" source="wordnet-bulgarian">
         <wf lemma="давам" pos="X">давам</wf>
         <instance id="d000.s6796.t000" lemma="знак" pos="NOUN">знак</instance>
         <wf lemma="с" pos="X">с</wf>
         <wf lemma="ръка" pos="X">ръка</wf>
         <wf lemma="." pos="X">.</wf>
      </sentence>
      <sentence id="d000.s6797" source="wordnet-bulgarian">
         <wf lemma="личен" pos="X">личен</wf>
         <instance id="d000.s6797.t000" lemma="въпрос" pos="NOUN">въпрос</instance>
         <wf lemma="." pos="X">.</wf>
      </sentence>
      <sentence id="d000.s6798" source="wordnet-bulgarian">
         <wf lemma="тухлена" pos="X">тухлена</wf>
         <instance id="d000.s6798.t000" lemma="стена" pos="NOUN">стена</instance>
         <wf lemma="." pos="X">.</wf>
      </sentence>
      <sentence id="d000.s6799" source="wordnet-bulgarian">
         <instance id="d000.s6799.t000" lemma="липса" pos="NOUN">липса</instance>
         <wf lemma="на" pos="X">на</wf>
         <wf lemma="такт" pos="X">такт</wf>
         <wf lemma="." pos="X">.</wf>
      </sentence>
      <sentence id="d000.s6800" source="wordnet-bulgarian">
         <instance id="d000.s6800.t000" lemma="ядка" pos="NOUN">ядки</instance>
         <wf lemma="от" pos="X">от</wf>
         <wf lemma="кайсии" pos="X">кайсии</wf>
         <wf lemma="." pos="X">.</wf>
      </sentence>
      <sentence id="d000.s6801" source="wordnet-bulgarian">
         <wf lemma="отровен" pos="X">отровен</wf>
         <instance id="d000.s6801.t000" lemma="химикал" pos="NOUN">химикал</instance>
         <wf lemma="." pos="X">.</wf>
      </sentence>
      <sentence id="d000.s6802" source="wordnet-bulgarian">
         <wf lemma="Той" pos="X">Той</wf>
         <wf lemma="пропусна" pos="X">пропусна</wf>
         <wf lemma="няколко" pos="X">няколко</wf>
         <instance id="d000.s6802.t000" lemma="репетиция" pos="NOUN">репетиции</instance>
         <wf lemma="." pos="X">.</wf>
      </sentence>
      <sentence id="d000.s6803" source="wordnet-bulgarian">
         <wf lemma="туристическа" pos="X">туристическа</wf>
         <instance id="d000.s6803.t000" lemma="хижа" pos="NOUN">хижа</instance>
         <wf lemma="." pos="X">.</wf>
      </sentence>
      <sentence id="d000.s6804" source="wordnet-bulgarian">
         <wf lemma="подземен" pos="X">подземен</wf>
         <instance id="d000.s6804.t000" lemma="паркинг" pos="NOUN">паркинг</instance>
         <wf lemma="." pos="X">.</wf>
      </sentence>
      <sentence id="d000.s6805" source="wordnet-bulgarian">
         <instance id="d000.s6805.t000" lemma="чета" pos="VERB">чета</instance>
         <wf lemma="буква" pos="X">буква</wf>
         <wf lemma="по" pos="X">по</wf>
         <wf lemma="буква" pos="X">буква</wf>
         <wf lemma="." pos="X">.</wf>
      </sentence>
      <sentence id="d000.s6806" source="wordnet-bulgarian">
         <wf lemma="Всичките" pos="X">Всичките</wf>
         <wf lemma="ми" pos="X">ми</wf>
         <instance id="d000.s6806.t000" lemma="роднина" pos="NOUN">роднини</instance>
         <wf lemma="са" pos="X">са</wf>
         <wf lemma="в" pos="X">в</wf>
         <wf lemma="провинцията" pos="X">провинцията</wf>
         <wf lemma="." pos="X">.</wf>
      </sentence>
      <sentence id="d000.s6807" source="wordnet-bulgarian">
         <wf lemma="декемврийска" pos="X">декемврийска</wf>
         <instance id="d000.s6807.t000" lemma="мъгла" pos="NOUN">мъгла</instance>
         <wf lemma="." pos="X">.</wf>
      </sentence>
      <sentence id="d000.s6808" source="wordnet-bulgarian">
         <wf lemma="пия" pos="X">пия</wf>
         <instance id="d000.s6808.t000" lemma="мляко" pos="NOUN">мляко</instance>
         <wf lemma="." pos="X">.</wf>
      </sentence>
      <sentence id="d000.s6809" source="wordnet-bulgarian">
         <wf lemma="рождена" pos="X">рождена</wf>
         <instance id="d000.s6809.t000" lemma="дата" pos="NOUN">дата</instance>
         <wf lemma="." pos="X">.</wf>
      </sentence>
      <sentence id="d000.s6810" source="wordnet-bulgarian">
         <wf lemma="Той" pos="X">Той</wf>
         <wf lemma="завърши" pos="X">завърши</wf>
         <instance id="d000.s6810.t000" lemma="втори" pos="NOUN">втори</instance>
         <wf lemma="." pos="X">.</wf>
      </sentence>
      <sentence id="d000.s6811" source="wordnet-bulgarian">
         <wf lemma="трилитров" pos="X">трилитров</wf>
         <instance id="d000.s6811.t000" lemma="буркан" pos="NOUN">буркан</instance>
         <wf lemma="." pos="X">.</wf>
      </sentence>
      <sentence id="d000.s6812" source="wordnet-bulgarian">
         <wf lemma="бяла" pos="X">бяла</wf>
         <instance id="d000.s6812.t000" lemma="пеперуда" pos="NOUN">пеперуда</instance>
         <wf lemma="." pos="X">.</wf>
      </sentence>
      <sentence id="d000.s6813" source="wordnet-bulgarian">
         <wf lemma="Тя" pos="X">Тя</wf>
         <wf lemma="е" pos="X">е</wf>
         <wf lemma="заклета" pos="X">заклета</wf>
         <instance id="d000.s6813.t000" lemma="феминистки" pos="NOUN">феминистка</instance>
         <wf lemma="." pos="X">.</wf>
      </sentence>
      <sentence id="d000.s6814" source="wordnet-bulgarian">
         <instance id="d000.s6814.t000" lemma="маса" pos="NOUN">маса</instance>
         <wf lemma="от" pos="X">от</wf>
         <wf lemma="дърво" pos="X">дърво</wf>
         <wf lemma="." pos="X">.</wf>
      </sentence>
      <sentence id="d000.s6815" source="wordnet-bulgarian">
         <wf lemma="изпитвам" pos="X">изпитвам</wf>
         <instance id="d000.s6815.t000" lemma="безпокойство" pos="NOUN">безпокойство</instance>
         <wf lemma="." pos="X">.</wf>
      </sentence>
      <sentence id="d000.s6816" source="wordnet-bulgarian">
         <wf lemma="желание" pos="X">желание</wf>
         <wf lemma="за" pos="X">за</wf>
         <instance id="d000.s6816.t000" lemma="действие" pos="NOUN">действие</instance>
         <wf lemma="." pos="X">.</wf>
      </sentence>
      <sentence id="d000.s6817" source="wordnet-bulgarian">
         <wf lemma="фалшив" pos="X">фалшив</wf>
         <instance id="d000.s6817.t000" lemma="паспорт" pos="NOUN">паспорт</instance>
         <wf lemma="." pos="X">.</wf>
      </sentence>
      <sentence id="d000.s6818" source="wordnet-bulgarian">
         <wf lemma="тайно" pos="X">тайно</wf>
         <instance id="d000.s6818.t000" lemma="досие" pos="NOUN">досие</instance>
         <wf lemma="." pos="X">.</wf>
      </sentence>
      <sentence id="d000.s6819" source="wordnet-bulgarian">
         <instance id="d000.s6819.t000" lemma="кражба" pos="NOUN">кражба</instance>
         <wf lemma="от" pos="X">от</wf>
         <wf lemma="жилище" pos="X">жилище</wf>
         <wf lemma="." pos="X">.</wf>
      </sentence>
      <sentence id="d000.s6820" source="wordnet-bulgarian">
         <wf lemma="в" pos="X">в</wf>
         <wf lemma="една" pos="X">една</wf>
         <wf lemma="есенна" pos="X">есенна</wf>
         <instance id="d000.s6820.t000" lemma="нощ" pos="NOUN">нощ</instance>
         <wf lemma="." pos="X">.</wf>
      </sentence>
      <sentence id="d000.s6821" source="wordnet-bulgarian">
         <wf lemma="Сините" pos="X">Сините</wf>
         <wf lemma="очи" pos="X">очи</wf>
         <wf lemma="са" pos="X">са</wf>
         <wf lemma="резултат" pos="X">резултат</wf>
         <wf lemma="от" pos="X">от</wf>
         <wf lemma="генна" pos="X">генна</wf>
         <instance id="d000.s6821.t000" lemma="мутация" pos="NOUN">мутация</instance>
         <wf lemma="." pos="X">.</wf>
      </sentence>
      <sentence id="d000.s6822" source="wordnet-bulgarian">
         <wf lemma="непоносими" pos="X">непоносими</wf>
         <instance id="d000.s6822.t000" lemma="мъка" pos="NOUN">мъки</instance>
         <wf lemma="." pos="X">.</wf>
      </sentence>
      <sentence id="d000.s6823" source="wordnet-bulgarian">
         <wf lemma="Навън" pos="X">Навън</wf>
         <wf lemma="се" pos="X">се</wf>
         <wf lemma="беше" pos="X">беше</wf>
         <wf lemma="събрала" pos="X">събрала</wf>
         <wf lemma="голяма" pos="X">голяма</wf>
         <instance id="d000.s6823.t000" lemma="тълпа" pos="NOUN">тълпа</instance>
         <wf lemma="." pos="X">.</wf>
      </sentence>
      <sentence id="d000.s6824" source="wordnet-bulgarian">
         <instance id="d000.s6824.t000" lemma="братовчед" pos="NOUN">Братовчед</instance>
         <wf lemma="ми" pos="X">ми</wf>
         <wf lemma="е" pos="X">е</wf>
         <wf lemma="женен" pos="X">женен</wf>
         <wf lemma="в" pos="X">в</wf>
         <wf lemma="чужбина" pos="X">чужбина</wf>
         <wf lemma="." pos="X">.</wf>
      </sentence>
      <sentence id="d000.s6825" source="wordnet-bulgarian">
         <wf lemma="сигнална" pos="X">сигнална</wf>
         <instance id="d000.s6825.t000" lemma="лампа" pos="NOUN">лампа</instance>
         <wf lemma="." pos="X">.</wf>
      </sentence>
      <sentence id="d000.s6826" source="wordnet-bulgarian">
         <wf lemma="напарвен" pos="X">напарвен</wf>
         <wf lemma="от" pos="X">от</wf>
         <wf lemma="някакво" pos="X">някакво</wf>
         <instance id="d000.s6826.t000" lemma="вещество" pos="NOUN">вещество</instance>
         <wf lemma="." pos="X">.</wf>
      </sentence>
      <sentence id="d000.s6827" source="wordnet-bulgarian">
         <wf lemma="обявявам" pos="X">обявявам</wf>
         <instance id="d000.s6827.t000" lemma="стачка" pos="NOUN">стачка</instance>
         <wf lemma="." pos="X">.</wf>
      </sentence>
      <sentence id="d000.s6828" source="wordnet-bulgarian">
         <wf lemma="за" pos="X">за</wf>
         <instance id="d000.s6828.t000" lemma="закуска" pos="NOUN">закуска</instance>
         <wf lemma="." pos="X">.</wf>
      </sentence>
      <sentence id="d000.s6829" source="wordnet-bulgarian">
         <wf lemma="разширени" pos="X">разширени</wf>
         <instance id="d000.s6829.t000" lemma="зеница" pos="NOUN">зеници</instance>
         <wf lemma="." pos="X">.</wf>
      </sentence>
      <sentence id="d000.s6830" source="wordnet-bulgarian">
         <wf lemma="детска" pos="X">детска</wf>
         <instance id="d000.s6830.t000" lemma="стая" pos="NOUN">стая</instance>
         <wf lemma="." pos="X">.</wf>
      </sentence>
      <sentence id="d000.s6831" source="wordnet-bulgarian">
         <wf lemma="велик" pos="X">велик</wf>
         <instance id="d000.s6831.t000" lemma="композитор" pos="NOUN">композитор</instance>
         <wf lemma="." pos="X">.</wf>
      </sentence>
      <sentence id="d000.s6832" source="wordnet-bulgarian">
         <wf lemma="разпит" pos="X">разпит</wf>
         <wf lemma="на" pos="X">на</wf>
         <instance id="d000.s6832.t000" lemma="свидетел" pos="NOUN">свидетел</instance>
         <wf lemma="." pos="X">.</wf>
      </sentence>
      <sentence id="d000.s6833" source="wordnet-bulgarian">
         <wf lemma="Обичам" pos="X">Обичам</wf>
         <instance id="d000.s6833.t000" lemma="гора" pos="NOUN">гората</instance>
         <wf lemma="през" pos="X">през</wf>
         <wf lemma="есента" pos="X">есента</wf>
         <wf lemma="." pos="X">.</wf>
      </sentence>
      <sentence id="d000.s6834" source="wordnet-bulgarian">
         <wf lemma="По" pos="X">По</wf>
         <wf lemma="4" pos="X">4</wf>
         <wf lemma="на" pos="X">на</wf>
         <wf lemma="сто" pos="X">сто</wf>
         <wf lemma="от" pos="X">от</wf>
         <wf lemma="семейните" pos="X">семейните</wf>
         <wf lemma="спестявания" pos="X">спестявания</wf>
         <wf lemma="се" pos="X">се</wf>
         <wf lemma="заделят" pos="X">заделят</wf>
         <wf lemma="за" pos="X">за</wf>
         <wf lemma="покупка" pos="X">покупка</wf>
         <wf lemma="на" pos="X">на</wf>
         <wf lemma="нови" pos="X">нови</wf>
         <wf lemma="мебели" pos="X">мебели</wf>
         <wf lemma="," pos="X">,</wf>
         <wf lemma="автомобил" pos="X">автомобил</wf>
         <wf lemma="и" pos="X">и</wf>
         <wf lemma="на" pos="X">на</wf>
         <instance id="d000.s6834.t000" lemma="апартамент" pos="NOUN">апартамент</instance>
         <wf lemma="или" pos="X">или</wf>
         <wf lemma="къща" pos="X">къща</wf>
         <wf lemma="." pos="X">.</wf>
      </sentence>
      <sentence id="d000.s6835" source="wordnet-bulgarian">
         <wf lemma="купувам" pos="X">купувам</wf>
         <instance id="d000.s6835.t000" lemma="жилище" pos="NOUN">жилище</instance>
         <wf lemma="." pos="X">.</wf>
      </sentence>
      <sentence id="d000.s6836" source="wordnet-bulgarian">
         <instance id="d000.s6836.t000" lemma="времетраене" pos="NOUN">времетраене</instance>
         <wf lemma="на" pos="X">на</wf>
         <wf lemma="полета" pos="X">полета</wf>
         <wf lemma="." pos="X">.</wf>
      </sentence>
      <sentence id="d000.s6837" source="wordnet-bulgarian">
         <wf lemma="кълба" pos="X">кълба</wf>
         <instance id="d000.s6837.t000" lemma="дим" pos="NOUN">дим</instance>
         <wf lemma="." pos="X">.</wf>
      </sentence>
      <sentence id="d000.s6838" source="wordnet-bulgarian">
         <wf lemma="На" pos="X">На</wf>
         <wf lemma="южната" pos="X">южната</wf>
         <instance id="d000.s6838.t000" lemma="стена" pos="NOUN">стена</instance>
         <wf lemma="има" pos="X">има</wf>
         <wf lemma="малък" pos="X">малък</wf>
         <wf lemma="прозорец" pos="X">прозорец</wf>
         <wf lemma="." pos="X">.</wf>
      </sentence>
      <sentence id="d000.s6839" source="wordnet-bulgarian">
         <wf lemma="единство" pos="X">единство</wf>
         <wf lemma="и" pos="X">и</wf>
         <wf lemma="борба" pos="X">борба</wf>
         <wf lemma="на" pos="X">на</wf>
         <instance id="d000.s6839.t000" lemma="противоположност" pos="NOUN">противоположностите</instance>
         <wf lemma="." pos="X">.</wf>
      </sentence>
      <sentence id="d000.s6840" source="wordnet-bulgarian">
         <instance id="d000.s6840.t000" lemma="тичам" pos="VERB">Тичай</instance>
         <wf lemma="да" pos="X">да</wf>
         <wf lemma="не" pos="X">не</wf>
         <wf lemma="закъснееш" pos="X">закъснееш</wf>
         <wf lemma="." pos="X">.</wf>
      </sentence>
      <sentence id="d000.s6841" source="wordnet-bulgarian">
         <wf lemma="меря" pos="X">меря</wf>
         <wf lemma="си" pos="X">си</wf>
         <instance id="d000.s6841.t000" lemma="температура" pos="NOUN">температурата</instance>
         <wf lemma="." pos="X">.</wf>
      </sentence>
      <sentence id="d000.s6842" source="wordnet-bulgarian">
         <wf lemma="Мачът" pos="X">Мачът</wf>
         <wf lemma="завърши" pos="X">завърши</wf>
         <wf lemma="с" pos="X">с</wf>
         <instance id="d000.s6842.t000" lemma="победа" pos="NOUN">победа</instance>
         <wf lemma="на" pos="X">на</wf>
         <wf lemma="гостите" pos="X">гостите</wf>
         <wf lemma="." pos="X">.</wf>
      </sentence>
      <sentence id="d000.s6843" source="wordnet-bulgarian">
         <instance id="d000.s6843.t000" lemma="колебание" pos="NOUN">колебания</instance>
         <wf lemma="на" pos="X">на</wf>
         <wf lemma="цените" pos="X">цените</wf>
         <wf lemma="." pos="X">.</wf>
      </sentence>
      <sentence id="d000.s6844" source="wordnet-bulgarian">
         <wf lemma="сребърна" pos="X">сребърна</wf>
         <instance id="d000.s6844.t000" lemma="валута" pos="NOUN">валута</instance>
         <wf lemma="." pos="X">.</wf>
      </sentence>
      <sentence id="d000.s6845" source="wordnet-bulgarian">
         <wf lemma="пропадам" pos="X">пропадам</wf>
         <wf lemma="на" pos="X">на</wf>
         <instance id="d000.s6845.t000" lemma="изпит" pos="NOUN">изпит</instance>
         <wf lemma="." pos="X">.</wf>
      </sentence>
      <sentence id="d000.s6846" source="wordnet-bulgarian">
         <wf lemma="Той" pos="X">Той</wf>
         <wf lemma="е" pos="X">е</wf>
         <wf lemma="с" pos="X">с</wf>
         <wf lemma="лош" pos="X">лош</wf>
         <instance id="d000.s6846.t000" lemma="характер" pos="NOUN">характер</instance>
         <wf lemma="." pos="X">.</wf>
      </sentence>
      <sentence id="d000.s6847" source="wordnet-bulgarian">
         <wf lemma="записвам" pos="X">записвам</wf>
         <wf lemma="се" pos="X">се</wf>
         <wf lemma="в" pos="X">в</wf>
         <instance id="d000.s6847.t000" lemma="университет" pos="NOUN">университета</instance>
         <wf lemma="." pos="X">.</wf>
      </sentence>
      <sentence id="d000.s6848" source="wordnet-bulgarian">
         <wf lemma="Каква" pos="X">Каква</wf>
         <wf lemma="е" pos="X">е</wf>
         <instance id="d000.s6848.t000" lemma="сума" pos="NOUN">сумата</instance>
         <wf lemma="?" pos="X">?</wf>
      </sentence>
      <sentence id="d000.s6849" source="wordnet-bulgarian">
         <instance id="d000.s6849.t000" lemma="силен" pos="ADJ">силен</instance>
         <wf lemma="човек" pos="X">човек</wf>
         <wf lemma="." pos="X">.</wf>
      </sentence>
      <sentence id="d000.s6850" source="wordnet-bulgarian">
         <wf lemma="планински" pos="X">планински</wf>
         <instance id="d000.s6850.t000" lemma="пейзаж" pos="NOUN">пейзаж</instance>
         <wf lemma="." pos="X">.</wf>
      </sentence>
      <sentence id="d000.s6851" source="wordnet-bulgarian">
         <wf lemma="Илия" pos="X">Илия</wf>
         <wf lemma="Бешков" pos="X">Бешков</wf>
         <wf lemma="е" pos="X">е</wf>
         <wf lemma="майстор" pos="X">майстор</wf>
         <wf lemma="на" pos="X">на</wf>
         <instance id="d000.s6851.t000" lemma="карикатура" pos="NOUN">карикатурата</instance>
         <wf lemma="." pos="X">.</wf>
      </sentence>
      <sentence id="d000.s6852" source="wordnet-bulgarian">
         <wf lemma="модно" pos="X">модно</wf>
         <instance id="d000.s6852.t000" lemma="ателие" pos="NOUN">ателие</instance>
         <wf lemma="." pos="X">.</wf>
      </sentence>
      <sentence id="d000.s6853" source="wordnet-bulgarian">
         <wf lemma="разнообразна" pos="X">разнообразна</wf>
         <instance id="d000.s6853.t000" lemma="храна" pos="NOUN">храна</instance>
         <wf lemma="." pos="X">.</wf>
      </sentence>
      <sentence id="d000.s6854" source="wordnet-bulgarian">
         <wf lemma="отварям" pos="X">отварям</wf>
         <instance id="d000.s6854.t000" lemma="порта" pos="NOUN">портата</instance>
         <wf lemma="." pos="X">.</wf>
      </sentence>
      <sentence id="d000.s6855" source="wordnet-bulgarian">
         <wf lemma="бетонна" pos="X">бетонна</wf>
         <instance id="d000.s6855.t000" lemma="колона" pos="NOUN">колона</instance>
         <wf lemma="." pos="X">.</wf>
      </sentence>
      <sentence id="d000.s6856" source="wordnet-bulgarian">
         <wf lemma="мотор" pos="X">мотор</wf>
         <wf lemma="с" pos="X">с</wf>
         <wf lemma="два" pos="X">два</wf>
         <instance id="d000.s6856.t000" lemma="цилиндър" pos="NOUN">цилиндъра</instance>
         <wf lemma="." pos="X">.</wf>
      </sentence>
      <sentence id="d000.s6857" source="wordnet-bulgarian">
         <wf lemma="мрачен" pos="X">мрачен</wf>
         <instance id="d000.s6857.t000" lemma="дух" pos="NOUN">дух</instance>
         <wf lemma="." pos="X">.</wf>
      </sentence>
      <sentence id="d000.s6858" source="wordnet-bulgarian">
         <instance id="d000.s6858.t000" lemma="грабна" pos="VERB">Грабнах</instance>
         <wf lemma="камък" pos="X">камък</wf>
         <wf lemma="и" pos="X">и</wf>
         <wf lemma="го" pos="X">го</wf>
         <wf lemma="подгоних" pos="X">подгоних</wf>
         <wf lemma="." pos="X">.</wf>
      </sentence>
      <sentence id="d000.s6859" source="wordnet-bulgarian">
         <instance id="d000.s6859.t000" lemma="изгаряне" pos="NOUN">изгаряне</instance>
         <wf lemma="от" pos="X">от</wf>
         <wf lemma="." pos="X">.</wf>
      </sentence>
      <sentence id="d000.s6860" source="wordnet-bulgarian">
         <wf lemma="Какво" pos="X">Какво</wf>
         <wf lemma="има" pos="X">има</wf>
         <wf lemma="за" pos="X">за</wf>
         <instance id="d000.s6860.t000" lemma="ядене" pos="NOUN">ядене</instance>
         <wf lemma="?" pos="X">?</wf>
      </sentence>
      <sentence id="d000.s6861" source="wordnet-bulgarian">
         <wf lemma="Разхождам" pos="X">Разхождам</wf>
         <wf lemma="се" pos="X">се</wf>
         <wf lemma="по" pos="X">по</wf>
         <instance id="d000.s6861.t000" lemma="бряг" pos="NOUN">брега</instance>
         <wf lemma="." pos="X">.</wf>
      </sentence>
      <sentence id="d000.s6862" source="wordnet-bulgarian">
         <wf lemma="малко" pos="X">малко</wf>
         <instance id="d000.s6862.t000" lemma="антре" pos="NOUN">антре</instance>
         <wf lemma="." pos="X">.</wf>
      </sentence>
      <sentence id="d000.s6863" source="wordnet-bulgarian">
         <wf lemma="пощенски" pos="X">пощенски</wf>
         <instance id="d000.s6863.t000" lemma="пакет" pos="NOUN">пакет</instance>
         <wf lemma="." pos="X">.</wf>
      </sentence>
      <sentence id="d000.s6864" source="wordnet-bulgarian">
         <wf lemma="четвъртит" pos="X">четвъртит</wf>
         <instance id="d000.s6864.t000" lemma="камък" pos="NOUN">камък</instance>
         <wf lemma="." pos="X">.</wf>
      </sentence>
      <sentence id="d000.s6865" source="wordnet-bulgarian">
         <instance id="d000.s6865.t000" lemma="съвпадение" pos="NOUN">съвпадение</instance>
         <wf lemma="на" pos="X">на</wf>
         <wf lemma="събития" pos="X">събития</wf>
         <wf lemma="." pos="X">.</wf>
      </sentence>
      <sentence id="d000.s6866" source="wordnet-bulgarian">
         <instance id="d000.s6866.t000" lemma="погледна" pos="VERB">Погледнах</instance>
         <wf lemma="го" pos="X">го</wf>
         <wf lemma="с" pos="X">с</wf>
         <wf lemma="любов" pos="X">любов</wf>
         <wf lemma="." pos="X">.</wf>
      </sentence>
      <sentence id="d000.s6867" source="wordnet-bulgarian">
         <wf lemma="старческа" pos="X">старческа</wf>
         <instance id="d000.s6867.t000" lemma="възраст" pos="NOUN">възраст</instance>
         <wf lemma="." pos="X">.</wf>
      </sentence>
      <sentence id="d000.s6868" source="wordnet-bulgarian">
         <wf lemma="неуспешна" pos="X">неуспешна</wf>
         <instance id="d000.s6868.t000" lemma="атака" pos="NOUN">атака</instance>
         <wf lemma="." pos="X">.</wf>
      </sentence>
      <sentence id="d000.s6869" source="wordnet-bulgarian">
         <wf lemma="нов" pos="X">нов</wf>
         <instance id="d000.s6869.t000" lemma="обитател" pos="NOUN">обитател</instance>
         <wf lemma="." pos="X">.</wf>
      </sentence>
      <sentence id="d000.s6870" source="wordnet-bulgarian">
         <wf lemma="Свърши" pos="X">Свърши</wf>
         <wf lemma="се" pos="X">се</wf>
         <wf lemma="твоето" pos="X">твоето</wf>
         <instance id="d000.s6870.t000" lemma="царство" pos="NOUN">царство</instance>
         <wf lemma="." pos="X">.</wf>
      </sentence>
      <sentence id="d000.s6871" source="wordnet-bulgarian">
         <wf lemma="пия" pos="X">пия</wf>
         <instance id="d000.s6871.t000" lemma="шампанско" pos="NOUN">шампанско</instance>
         <wf lemma="." pos="X">.</wf>
      </sentence>
      <sentence id="d000.s6872" source="wordnet-bulgarian">
         <instance id="d000.s6872.t000" lemma="удар" pos="NOUN">Ударът</instance>
         <wf lemma="срещу" pos="X">срещу</wf>
         <wf lemma="терористите" pos="X">терористите</wf>
         <wf lemma="завърши" pos="X">завърши</wf>
         <wf lemma="с" pos="X">с</wf>
         <wf lemma="пълен" pos="X">пълен</wf>
         <wf lemma="успех" pos="X">успех</wf>
         <wf lemma="." pos="X">.</wf>
      </sentence>
      <sentence id="d000.s6873" source="wordnet-bulgarian">
         <instance id="d000.s6873.t000" lemma="третирам" pos="VERB">третирам</instance>
         <wf lemma="рана" pos="X">рана</wf>
         <wf lemma="." pos="X">.</wf>
      </sentence>
      <sentence id="d000.s6874" source="wordnet-bulgarian">
         <wf lemma="Аз" pos="X">Аз</wf>
         <wf lemma="помня" pos="X">помня</wf>
         <instance id="d000.s6874.t000" lemma="обещание" pos="NOUN">обещанието</instance>
         <wf lemma="ти" pos="X">ти</wf>
         <wf lemma="." pos="X">.</wf>
      </sentence>
      <sentence id="d000.s6875" source="wordnet-bulgarian">
         <wf lemma="правя" pos="X">правя</wf>
         <instance id="d000.s6875.t000" lemma="обиск" pos="NOUN">обиск</instance>
         <wf lemma="в." pos="X">в.</wf>
      </sentence>
      <sentence id="d000.s6876" source="wordnet-bulgarian">
         <wf lemma="Развали" pos="X">Развали</wf>
         <wf lemma="ми" pos="X">ми</wf>
         <instance id="d000.s6876.t000" lemma="настроение" pos="NOUN">настроението</instance>
         <wf lemma="." pos="X">.</wf>
      </sentence>
      <sentence id="d000.s6877" source="wordnet-bulgarian">
         <wf lemma="голямо" pos="X">голямо</wf>
         <instance id="d000.s6877.t000" lemma="възхищение" pos="NOUN">възхищение</instance>
         <wf lemma="." pos="X">.</wf>
      </sentence>
      <sentence id="d000.s6878" source="wordnet-bulgarian">
         <wf lemma="изпитвам" pos="X">изпитвам</wf>
         <wf lemma="дълбока" pos="X">дълбока</wf>
         <instance id="d000.s6878.t000" lemma="мъка" pos="NOUN">мъка</instance>
         <wf lemma="." pos="X">.</wf>
      </sentence>
      <sentence id="d000.s6879" source="wordnet-bulgarian">
         <wf lemma="винено" pos="X">винено</wf>
         <instance id="d000.s6879.t000" lemma="петно" pos="NOUN">петно</instance>
         <wf lemma="." pos="X">.</wf>
      </sentence>
      <sentence id="d000.s6880" source="wordnet-bulgarian">
         <wf lemma="извършвам" pos="X">извършвам</wf>
         <instance id="d000.s6880.t000" lemma="насилие" pos="NOUN">насилие</instance>
         <wf lemma="над" pos="X">над</wf>
         <wf lemma="." pos="X">.</wf>
      </sentence>
      <sentence id="d000.s6881" source="wordnet-bulgarian">
         <wf lemma="любовна" pos="X">любовна</wf>
         <instance id="d000.s6881.t000" lemma="поезия" pos="NOUN">поезия</instance>
         <wf lemma="." pos="X">.</wf>
      </sentence>
      <sentence id="d000.s6882" source="wordnet-bulgarian">
         <instance id="d000.s6882.t000" lemma="директор" pos="NOUN">директор</instance>
         <wf lemma="на" pos="X">на</wf>
         <wf lemma="." pos="X">.</wf>
      </sentence>
      <sentence id="d000.s6883" source="wordnet-bulgarian">
         <wf lemma="онази" pos="X">онази</wf>
         <instance id="d000.s6883.t000" lemma="вечер" pos="NOUN">вечер</instance>
         <wf lemma="." pos="X">.</wf>
      </sentence>
      <sentence id="d000.s6884" source="wordnet-bulgarian">
         <wf lemma="дървена" pos="X">дървена</wf>
         <instance id="d000.s6884.t000" lemma="люлка" pos="NOUN">люлка</instance>
         <wf lemma="." pos="X">.</wf>
      </sentence>
      <sentence id="d000.s6885" source="wordnet-bulgarian">
         <instance id="d000.s6885.t000" lemma="бенка" pos="NOUN">бенка</instance>
         <wf lemma="на" pos="X">на</wf>
         <wf lemma="челото" pos="X">челото</wf>
         <wf lemma="." pos="X">.</wf>
      </sentence>
      <sentence id="d000.s6886" source="wordnet-bulgarian">
         <wf lemma="пълен" pos="X">пълен</wf>
         <instance id="d000.s6886.t000" lemma="багажник" pos="NOUN">багажник</instance>
         <wf lemma="." pos="X">.</wf>
      </sentence>
      <sentence id="d000.s6887" source="wordnet-bulgarian">
         <instance id="d000.s6887.t000" lemma="вик" pos="NOUN">вик</instance>
         <wf lemma="на" pos="X">на</wf>
         <wf lemma="уплаха" pos="X">уплаха</wf>
         <wf lemma="." pos="X">.</wf>
      </sentence>
      <sentence id="d000.s6888" source="wordnet-bulgarian">
         <wf lemma="опасна" pos="X">опасна</wf>
         <instance id="d000.s6888.t000" lemma="задача" pos="NOUN">задача</instance>
         <wf lemma="." pos="X">.</wf>
      </sentence>
      <sentence id="d000.s6889" source="wordnet-bulgarian">
         <wf lemma="На" pos="X">На</wf>
         <instance id="d000.s6889.t000" lemma="рай" pos="NOUN">рай</instance>
         <wf lemma="ще" pos="X">ще</wf>
         <wf lemma="превърна" pos="X">превърна</wf>
         <wf lemma="градчето" pos="X">градчето</wf>
         <wf lemma="ни" pos="X">ни</wf>
         <wf lemma="." pos="X">.</wf>
      </sentence>
      <sentence id="d000.s6890" source="wordnet-bulgarian">
         <wf lemma="положителни" pos="X">положителни</wf>
         <instance id="d000.s6890.t000" lemma="емоция" pos="NOUN">емоции</instance>
         <wf lemma="." pos="X">.</wf>
      </sentence>
      <sentence id="d000.s6891" source="wordnet-bulgarian">
         <wf lemma="От" pos="X">От</wf>
         <instance id="d000.s6891.t000" lemma="мъгла" pos="NOUN">мъгла</instance>
         <wf lemma="не" pos="X">не</wf>
         <wf lemma="се" pos="X">се</wf>
         <wf lemma="вижда" pos="X">вижда</wf>
         <wf lemma="на" pos="X">на</wf>
         <wf lemma="две" pos="X">две</wf>
         <wf lemma="крачки" pos="X">крачки</wf>
         <wf lemma="." pos="X">.</wf>
      </sentence>
      <sentence id="d000.s6892" source="wordnet-bulgarian">
         <wf lemma="Нейното" pos="X">Нейното</wf>
         <instance id="d000.s6892.t000" lemma="господство" pos="NOUN">господство</instance>
         <wf lemma="беше" pos="X">беше</wf>
         <wf lemma="признато" pos="X">признато</wf>
         <wf lemma="от" pos="X">от</wf>
         <wf lemma="всички" pos="X">всички</wf>
         <wf lemma="." pos="X">.</wf>
      </sentence>
      <sentence id="d000.s6893" source="wordnet-bulgarian">
         <wf lemma="аварирала" pos="X">аварирала</wf>
         <instance id="d000.s6893.t000" lemma="мотриса" pos="NOUN">мотриса</instance>
         <wf lemma="." pos="X">.</wf>
      </sentence>
      <sentence id="d000.s6894" source="wordnet-bulgarian">
         <instance id="d000.s6894.t000" lemma="къртица" pos="NOUN">Къртицата</instance>
         <wf lemma="живее" pos="X">живее</wf>
         <wf lemma="изключително" pos="X">изключително</wf>
         <wf lemma="в" pos="X">в</wf>
         <wf lemma="почвата" pos="X">почвата</wf>
         <wf lemma="." pos="X">.</wf>
      </sentence>
      <sentence id="d000.s6895" source="wordnet-bulgarian">
         <wf lemma="За" pos="X">За</wf>
         <wf lemma="истинска" pos="X">истинска</wf>
         <wf lemma="художествена" pos="X">художествена</wf>
         <instance id="d000.s6895.t000" lemma="колекция" pos="NOUN">колекция</instance>
         <wf lemma="са" pos="X">са</wf>
         <wf lemma="необходими" pos="X">необходими</wf>
         <wf lemma="не" pos="X">не</wf>
         <wf lemma="само" pos="X">само</wf>
         <wf lemma="пари" pos="X">пари</wf>
         <wf lemma="и" pos="X">и</wf>
         <wf lemma="компетентност" pos="X">компетентност</wf>
         <wf lemma="," pos="X">,</wf>
         <wf lemma="но" pos="X">но</wf>
         <wf lemma="и" pos="X">и</wf>
         <wf lemma="време" pos="X">време</wf>
         <wf lemma="и" pos="X">и</wf>
         <wf lemma="то" pos="X">то</wf>
         <wf lemma="много" pos="X">много</wf>
         <wf lemma="време" pos="X">време</wf>
         <wf lemma="." pos="X">.</wf>
      </sentence>
      <sentence id="d000.s6896" source="wordnet-bulgarian">
         <instance id="d000.s6896.t000" lemma="почитам" pos="VERB">почитам</instance>
         <wf lemma="всички" pos="X">всички</wf>
         <wf lemma="празници" pos="X">празници</wf>
         <wf lemma="." pos="X">.</wf>
      </sentence>
      <sentence id="d000.s6897" source="wordnet-bulgarian">
         <wf lemma="Учих" pos="X">Учих</wf>
         <wf lemma="два" pos="X">два</wf>
         <instance id="d000.s6897.t000" lemma="час" pos="NOUN">часа</instance>
         <wf lemma="." pos="X">.</wf>
      </sentence>
      <sentence id="d000.s6898" source="wordnet-bulgarian">
         <wf lemma="Днес" pos="X">Днес</wf>
         <wf lemma="съм" pos="X">съм</wf>
         <wf lemma="първа" pos="X">първа</wf>
         <instance id="d000.s6898.t000" lemma="смяна" pos="NOUN">смяна</instance>
         <wf lemma="." pos="X">.</wf>
      </sentence>
      <sentence id="d000.s6899" source="wordnet-bulgarian">
         <instance id="d000.s6899.t000" lemma="обект" pos="NOUN">обект</instance>
         <wf lemma="на" pos="X">на</wf>
         <wf lemma="всеобщо" pos="X">всеобщо</wf>
         <wf lemma="внимание" pos="X">внимание</wf>
         <wf lemma="." pos="X">.</wf>
      </sentence>
      <sentence id="d000.s6900" source="wordnet-bulgarian">
         <wf lemma="глутница" pos="X">глутница</wf>
         <instance id="d000.s6900.t000" lemma="куче" pos="NOUN">кучета</instance>
         <wf lemma="." pos="X">.</wf>
      </sentence>
      <sentence id="d000.s6901" source="wordnet-bulgarian">
         <wf lemma="конкурсен" pos="X">конкурсен</wf>
         <instance id="d000.s6901.t000" lemma="изпит" pos="NOUN">изпит</instance>
         <wf lemma="." pos="X">.</wf>
      </sentence>
      <sentence id="d000.s6902" source="wordnet-bulgarian">
         <wf lemma="Ръцете" pos="X">Ръцете</wf>
         <wf lemma="ми" pos="X">ми</wf>
         <instance id="d000.s6902.t000" lemma="треперя" pos="VERB">треперят</instance>
         <wf lemma="." pos="X">.</wf>
      </sentence>
      <sentence id="d000.s6903" source="wordnet-bulgarian">
         <wf lemma="причинявам" pos="X">причинявам</wf>
         <instance id="d000.s6903.t000" lemma="безпокойство" pos="NOUN">безпокойство</instance>
         <wf lemma="на" pos="X">на</wf>
         <wf lemma="." pos="X">.</wf>
      </sentence>
      <sentence id="d000.s6904" source="wordnet-bulgarian">
         <wf lemma="незабележима" pos="X">незабележима</wf>
         <instance id="d000.s6904.t000" lemma="извивка" pos="NOUN">извивка</instance>
         <wf lemma="." pos="X">.</wf>
      </sentence>
      <sentence id="d000.s6905" source="wordnet-bulgarian">
         <wf lemma="Долна" pos="X">Долна</wf>
         <instance id="d000.s6905.t000" lemma="камара" pos="NOUN">камара</instance>
         <wf lemma="." pos="X">.</wf>
      </sentence>
      <sentence id="d000.s6906" source="wordnet-bulgarian">
         <wf lemma="Той" pos="X">Той</wf>
         <wf lemma="има" pos="X">има</wf>
         <wf lemma="постоянна" pos="X">постоянна</wf>
         <instance id="d000.s6906.t000" lemma="връзка" pos="NOUN">връзка</instance>
         <wf lemma="с" pos="X">с</wf>
         <wf lemma="колегите" pos="X">колегите</wf>
         <wf lemma="си" pos="X">си</wf>
         <wf lemma="." pos="X">.</wf>
      </sentence>
      <sentence id="d000.s6907" source="wordnet-bulgarian">
         <wf lemma="празен" pos="X">празен</wf>
         <instance id="d000.s6907.t000" lemma="гроб" pos="NOUN">гроб</instance>
         <wf lemma="." pos="X">.</wf>
      </sentence>
      <sentence id="d000.s6908" source="wordnet-bulgarian">
         <instance id="d000.s6908.t000" lemma="чанта" pos="NOUN">чанта</instance>
         <wf lemma="за" pos="X">за</wf>
         <wf lemma="документи" pos="X">документи</wf>
         <wf lemma="." pos="X">.</wf>
      </sentence>
      <sentence id="d000.s6909" source="wordnet-bulgarian">
         <wf lemma="силно" pos="X">силно</wf>
         <instance id="d000.s6909.t000" lemma="земетресение" pos="NOUN">земетресение</instance>
         <wf lemma="." pos="X">.</wf>
      </sentence>
      <sentence id="d000.s6910" source="wordnet-bulgarian">
         <instance id="d000.s6910.t000" lemma="гълтам" pos="VERB">гълтам</instance>
         <wf lemma="хапче" pos="X">хапче</wf>
         <wf lemma="." pos="X">.</wf>
      </sentence>
      <sentence id="d000.s6911" source="wordnet-bulgarian">
         <wf lemma="холна" pos="X">холна</wf>
         <instance id="d000.s6911.t000" lemma="маса" pos="NOUN">маса</instance>
         <wf lemma="." pos="X">.</wf>
      </sentence>
      <sentence id="d000.s6912" source="wordnet-bulgarian">
         <wf lemma="плета" pos="X">плета</wf>
         <instance id="d000.s6912.t000" lemma="кошница" pos="NOUN">кошница</instance>
         <wf lemma="." pos="X">.</wf>
      </sentence>
      <sentence id="d000.s6913" source="wordnet-bulgarian">
         <wf lemma="в" pos="X">в</wf>
         <instance id="d000.s6913.t000" lemma="център" pos="NOUN">центъра</instance>
         <wf lemma="на" pos="X">на</wf>
         <wf lemma="града" pos="X">града</wf>
         <wf lemma="." pos="X">.</wf>
      </sentence>
      <sentence id="d000.s6914" source="wordnet-bulgarian">
         <wf lemma="предизвиквам" pos="X">предизвиквам</wf>
         <instance id="d000.s6914.t000" lemma="вълнение" pos="NOUN">вълнение</instance>
         <wf lemma="у." pos="X">у.</wf>
      </sentence>
      <sentence id="d000.s6915" source="wordnet-bulgarian">
         <wf lemma="открит" pos="X">открит</wf>
         <instance id="d000.s6915.t000" lemma="автобус" pos="NOUN">автобус</instance>
         <wf lemma="." pos="X">.</wf>
      </sentence>
      <sentence id="d000.s6916" source="wordnet-bulgarian">
         <wf lemma="Детето" pos="X">Детето</wf>
         <wf lemma="се" pos="X">се</wf>
         <wf lemma="събужда" pos="X">събужда</wf>
         <wf lemma="от" pos="X">от</wf>
         <wf lemma="най-лекото" pos="X">най-лекото</wf>
         <instance id="d000.s6916.t000" lemma="докосване" pos="NOUN">докосване</instance>
         <wf lemma="." pos="X">.</wf>
      </sentence>
      <sentence id="d000.s6917" source="wordnet-bulgarian">
         <wf lemma="високо" pos="X">високо</wf>
         <wf lemma="интелектуално" pos="X">интелектуално</wf>
         <instance id="d000.s6917.t000" lemma="ниво" pos="NOUN">ниво</instance>
         <wf lemma="." pos="X">.</wf>
      </sentence>
      <sentence id="d000.s6918" source="wordnet-bulgarian">
         <instance id="d000.s6918.t000" lemma="договор" pos="NOUN">договор</instance>
         <wf lemma="за" pos="X">за</wf>
         <wf lemma="ненападение" pos="X">ненападение</wf>
         <wf lemma="." pos="X">.</wf>
      </sentence>
      <sentence id="d000.s6919" source="wordnet-bulgarian">
         <wf lemma="алкохолна" pos="X">алкохолна</wf>
         <instance id="d000.s6919.t000" lemma="зависимост" pos="NOUN">зависимост</instance>
         <wf lemma="." pos="X">.</wf>
      </sentence>
      <sentence id="d000.s6920" source="wordnet-bulgarian">
         <instance id="d000.s6920.t000" lemma="кълцам" pos="VERB">кълцам</instance>
         <wf lemma="лук" pos="X">лук</wf>
         <wf lemma="." pos="X">.</wf>
      </sentence>
      <sentence id="d000.s6921" source="wordnet-bulgarian">
         <wf lemma="Тя" pos="X">Тя</wf>
         <wf lemma="никога" pos="X">никога</wf>
         <wf lemma="не" pos="X">не</wf>
         <instance id="d000.s6921.t000" lemma="помагам" pos="VERB">помага</instance>
         <wf lemma="на" pos="X">на</wf>
         <wf lemma="майка" pos="X">майка</wf>
         <wf lemma="си" pos="X">си</wf>
         <wf lemma="." pos="X">.</wf>
      </sentence>
      <sentence id="d000.s6922" source="wordnet-bulgarian">
         <wf lemma="откопчавам" pos="X">откопчавам</wf>
         <wf lemma="си" pos="X">си</wf>
         <instance id="d000.s6922.t000" lemma="копче" pos="NOUN">копчето</instance>
         <wf lemma="." pos="X">.</wf>
      </sentence>
      <sentence id="d000.s6923" source="wordnet-bulgarian">
         <instance id="d000.s6923.t000" lemma="лов" pos="NOUN">Ловът</instance>
         <wf lemma="е" pos="X">е</wf>
         <wf lemma="разрешен" pos="X">разрешен</wf>
         <wf lemma="." pos="X">.</wf>
      </sentence>
      <sentence id="d000.s6924" source="wordnet-bulgarian">
         <wf lemma="пълна" pos="X">пълна</wf>
         <instance id="d000.s6924.t000" lemma="концентрация" pos="NOUN">концентрация</instance>
         <wf lemma="." pos="X">.</wf>
      </sentence>
      <sentence id="d000.s6925" source="wordnet-bulgarian">
         <wf lemma="нормална" pos="X">нормална</wf>
         <instance id="d000.s6925.t000" lemma="кожа" pos="NOUN">кожа</instance>
         <wf lemma="." pos="X">.</wf>
      </sentence>
      <sentence id="d000.s6926" source="wordnet-bulgarian">
         <wf lemma="възторжена" pos="X">възторжена</wf>
         <instance id="d000.s6926.t000" lemma="възхвала" pos="NOUN">възхвала</instance>
         <wf lemma="." pos="X">.</wf>
      </sentence>
      <sentence id="d000.s6927" source="wordnet-bulgarian">
         <wf lemma="пленарно" pos="X">пленарно</wf>
         <instance id="d000.s6927.t000" lemma="заседание" pos="NOUN">заседание</instance>
         <wf lemma="." pos="X">.</wf>
      </sentence>
      <sentence id="d000.s6928" source="wordnet-bulgarian">
         <wf lemma="характерен" pos="X">характерен</wf>
         <instance id="d000.s6928.t000" lemma="белег" pos="NOUN">белег</instance>
         <wf lemma="." pos="X">.</wf>
      </sentence>
      <sentence id="d000.s6929" source="wordnet-bulgarian">
         <wf lemma="Този" pos="X">Този</wf>
         <wf lemma="папагал" pos="X">папагал</wf>
         <wf lemma="може" pos="X">може</wf>
         <wf lemma="да" pos="X">да</wf>
         <instance id="d000.s6929.t000" lemma="говоря" pos="VERB">говори</instance>
         <wf lemma="." pos="X">.</wf>
      </sentence>
      <sentence id="d000.s6930" source="wordnet-bulgarian">
         <wf lemma="недовършена" pos="X">недовършена</wf>
         <instance id="d000.s6930.t000" lemma="рисунка" pos="NOUN">рисунка</instance>
         <wf lemma="." pos="X">.</wf>
      </sentence>
      <sentence id="d000.s6931" source="wordnet-bulgarian">
         <wf lemma="разделям" pos="X">разделям</wf>
         <wf lemma="на" pos="X">на</wf>
         <instance id="d000.s6931.t000" lemma="дял" pos="NOUN">дялове</instance>
         <wf lemma="." pos="X">.</wf>
      </sentence>
      <sentence id="d000.s6932" source="wordnet-bulgarian">
         <wf lemma="Кондукторът" pos="X">Кондукторът</wf>
         <wf lemma="едвам" pos="X">едвам</wf>
         <wf lemma="успява" pos="X">успява</wf>
         <wf lemma="да" pos="X">да</wf>
         <instance id="d000.s6932.t000" lemma="таксувам" pos="VERB">таксува</instance>
         <wf lemma="пътниците" pos="X">пътниците</wf>
         <wf lemma="." pos="X">.</wf>
      </sentence>
      <sentence id="d000.s6933" source="wordnet-bulgarian">
         <wf lemma="Запознай" pos="X">Запознай</wf>
         <wf lemma="се" pos="X">се</wf>
         <wf lemma="с" pos="X">с</wf>
         <instance id="d000.s6933.t000" lemma="жена" pos="NOUN">жена</instance>
         <wf lemma="ми" pos="X">ми</wf>
         <wf lemma="." pos="X">.</wf>
      </sentence>
      <sentence id="d000.s6934" source="wordnet-bulgarian">
         <wf lemma="Чета" pos="X">Чета</wf>
         <wf lemma="само" pos="X">само</wf>
         <instance id="d000.s6934.t000" lemma="заглавие" pos="NOUN">заглавията</instance>
         <wf lemma="във" pos="X">във</wf>
         <wf lemma="вестника" pos="X">вестника</wf>
         <wf lemma="." pos="X">.</wf>
      </sentence>
      <sentence id="d000.s6935" source="wordnet-bulgarian">
         <wf lemma="ски" pos="X">ски</wf>
         <instance id="d000.s6935.t000" lemma="писта" pos="NOUN">писта</instance>
         <wf lemma="." pos="X">.</wf>
      </sentence>
      <sentence id="d000.s6936" source="wordnet-bulgarian">
         <instance id="d000.s6936.t000" lemma="тенджера" pos="NOUN">тенджера</instance>
         <wf lemma="под" pos="X">под</wf>
         <wf lemma="налягане" pos="X">налягане</wf>
         <wf lemma="." pos="X">.</wf>
      </sentence>
      <sentence id="d000.s6937" source="wordnet-bulgarian">
         <wf lemma="Орган" pos="X">Орган</wf>
         <wf lemma="на" pos="X">на</wf>
         <instance id="d000.s6937.t000" lemma="обоняние" pos="NOUN">обонянието</instance>
         <wf lemma="е" pos="X">е</wf>
         <wf lemma="носът" pos="X">носът</wf>
         <wf lemma="." pos="X">.</wf>
      </sentence>
      <sentence id="d000.s6938" source="wordnet-bulgarian">
         <instance id="d000.s6938.t000" lemma="квартал" pos="NOUN">квартал</instance>
         <wf lemma="с" pos="X">с</wf>
         <wf lemma="много" pos="X">много</wf>
         <wf lemma="зеленина" pos="X">зеленина</wf>
         <wf lemma="." pos="X">.</wf>
      </sentence>
      <sentence id="d000.s6939" source="wordnet-bulgarian">
         <wf lemma="Салът" pos="X">Салът</wf>
         <instance id="d000.s6939.t000" lemma="потъна" pos="VERB">потъна</instance>
         <wf lemma="в" pos="X">в</wf>
         <wf lemma="езерото" pos="X">езерото</wf>
         <wf lemma="и" pos="X">и</wf>
         <wf lemma="никой" pos="X">никой</wf>
         <wf lemma="не" pos="X">не</wf>
         <wf lemma="можа" pos="X">можа</wf>
         <wf lemma="да" pos="X">да</wf>
         <wf lemma="се" pos="X">се</wf>
         <wf lemma="спаси" pos="X">спаси</wf>
         <wf lemma="." pos="X">.</wf>
      </sentence>
      <sentence id="d000.s6940" source="wordnet-bulgarian">
         <wf lemma="учебен" pos="X">учебен</wf>
         <instance id="d000.s6940.t000" lemma="център" pos="NOUN">център</instance>
         <wf lemma="." pos="X">.</wf>
      </sentence>
      <sentence id="d000.s6941" source="wordnet-bulgarian">
         <wf lemma="диворастящи" pos="X">диворастящи</wf>
         <instance id="d000.s6941.t000" lemma="гъба" pos="NOUN">гъби</instance>
         <wf lemma="." pos="X">.</wf>
      </sentence>
      <sentence id="d000.s6942" source="wordnet-bulgarian">
         <wf lemma="Отворете" pos="X">Отворете</wf>
         <wf lemma="прозореца" pos="X">прозореца</wf>
         <wf lemma="да" pos="X">да</wf>
         <wf lemma="влезе" pos="X">влезе</wf>
         <wf lemma="малко" pos="X">малко</wf>
         <instance id="d000.s6942.t000" lemma="въздух" pos="NOUN">въздух</instance>
         <wf lemma="." pos="X">.</wf>
      </sentence>
      <sentence id="d000.s6943" source="wordnet-bulgarian">
         <wf lemma="тъжни" pos="X">тъжни</wf>
         <instance id="d000.s6943.t000" lemma="око" pos="NOUN">очи</instance>
         <wf lemma="." pos="X">.</wf>
      </sentence>
      <sentence id="d000.s6944" source="wordnet-bulgarian">
         <wf lemma="обективна" pos="X">обективна</wf>
         <instance id="d000.s6944.t000" lemma="действителност" pos="NOUN">действителност</instance>
         <wf lemma="." pos="X">.</wf>
      </sentence>
      <sentence id="d000.s6945" source="wordnet-bulgarian">
         <wf lemma="стари" pos="X">стари</wf>
         <instance id="d000.s6945.t000" lemma="хора" pos="NOUN">хора</instance>
         <wf lemma="." pos="X">.</wf>
      </sentence>
      <sentence id="d000.s6946" source="wordnet-bulgarian">
         <wf lemma="Сви" pos="X">Сви</wf>
         <wf lemma="по" pos="X">по</wf>
         <wf lemma="тъмната" pos="X">тъмната</wf>
         <instance id="d000.s6946.t000" lemma="уличка" pos="NOUN">уличка</instance>
         <wf lemma="и" pos="X">и</wf>
         <wf lemma="се" pos="X">се</wf>
         <wf lemma="изтегли" pos="X">изтегли</wf>
         <wf lemma="плътно" pos="X">плътно</wf>
         <wf lemma="до" pos="X">до</wf>
         <wf lemma="стената" pos="X">стената</wf>
         <wf lemma="на" pos="X">на</wf>
         <wf lemma="ъгловия" pos="X">ъгловия</wf>
         <wf lemma="жилищен" pos="X">жилищен</wf>
         <wf lemma="блок" pos="X">блок</wf>
         <wf lemma="." pos="X">.</wf>
      </sentence>
      <sentence id="d000.s6947" source="wordnet-bulgarian">
         <wf lemma="много" pos="X">много</wf>
         <instance id="d000.s6947.t000" lemma="трудност" pos="NOUN">трудности</instance>
         <wf lemma="." pos="X">.</wf>
      </sentence>
      <sentence id="d000.s6948" source="wordnet-bulgarian">
         <wf lemma="зимна" pos="X">зимна</wf>
         <instance id="d000.s6948.t000" lemma="шапка" pos="NOUN">шапка</instance>
         <wf lemma="." pos="X">.</wf>
      </sentence>
      <sentence id="d000.s6949" source="wordnet-bulgarian">
         <wf lemma="без" pos="X">без</wf>
         <instance id="d000.s6949.t000" lemma="бельо" pos="NOUN">бельо</instance>
         <wf lemma="." pos="X">.</wf>
      </sentence>
      <sentence id="d000.s6950" source="wordnet-bulgarian">
         <instance id="d000.s6950.t000" lemma="силен" pos="ADJ">силна</instance>
         <wf lemma="прегръдка" pos="X">прегръдка</wf>
         <wf lemma="." pos="X">.</wf>
      </sentence>
      <sentence id="d000.s6951" source="wordnet-bulgarian">
         <wf lemma="козметика" pos="X">козметика</wf>
         <wf lemma="за" pos="X">за</wf>
         <instance id="d000.s6951.t000" lemma="тяло" pos="NOUN">тяло</instance>
         <wf lemma="." pos="X">.</wf>
      </sentence>
      <sentence id="d000.s6952" source="wordnet-bulgarian">
         <wf lemma="впечатляващ" pos="X">впечатляващ</wf>
         <wf lemma="набор" pos="X">набор</wf>
         <wf lemma="от" pos="X">от</wf>
         <instance id="d000.s6952.t000" lemma="факт" pos="NOUN">факти</instance>
         <wf lemma="." pos="X">.</wf>
      </sentence>
      <sentence id="d000.s6953" source="wordnet-bulgarian">
         <wf lemma="частна" pos="X">частна</wf>
         <instance id="d000.s6953.t000" lemma="галерия" pos="NOUN">галерия</instance>
         <wf lemma="." pos="X">.</wf>
      </sentence>
      <sentence id="d000.s6954" source="wordnet-bulgarian">
         <wf lemma="породист" pos="X">породист</wf>
         <instance id="d000.s6954.t000" lemma="добитък" pos="NOUN">добитък</instance>
         <wf lemma="." pos="X">.</wf>
      </sentence>
      <sentence id="d000.s6955" source="wordnet-bulgarian">
         <instance id="d000.s6955.t000" lemma="разпитвам" pos="VERB">Разпитваха</instance>
         <wf lemma="го" pos="X">го</wf>
         <wf lemma="в" pos="X">в</wf>
         <wf lemma="полицията" pos="X">полицията</wf>
         <wf lemma="." pos="X">.</wf>
      </sentence>
      <sentence id="d000.s6956" source="wordnet-bulgarian">
         <wf lemma="венозна" pos="X">венозна</wf>
         <instance id="d000.s6956.t000" lemma="инжекция" pos="NOUN">инжекция</instance>
         <wf lemma="." pos="X">.</wf>
      </sentence>
      <sentence id="d000.s6957" source="wordnet-bulgarian">
         <instance id="d000.s6957.t000" lemma="огледало" pos="NOUN">огледало</instance>
         <wf lemma="за" pos="X">за</wf>
         <wf lemma="баня" pos="X">баня</wf>
         <wf lemma="." pos="X">.</wf>
      </sentence>
      <sentence id="d000.s6958" source="wordnet-bulgarian">
         <wf lemma="слагам" pos="X">слагам</wf>
         <wf lemma="учебниците" pos="X">учебниците</wf>
         <wf lemma="си" pos="X">си</wf>
         <wf lemma="в" pos="X">в</wf>
         <instance id="d000.s6958.t000" lemma="бюро" pos="NOUN">бюрото</instance>
         <wf lemma="." pos="X">.</wf>
      </sentence>
      <sentence id="d000.s6959" source="wordnet-bulgarian">
         <wf lemma="Ще" pos="X">Ще</wf>
         <wf lemma="делим" pos="X">делим</wf>
         <instance id="d000.s6959.t000" lemma="риск" pos="NOUN">риска</instance>
         <wf lemma="поравно" pos="X">поравно</wf>
         <wf lemma="." pos="X">.</wf>
      </sentence>
      <sentence id="d000.s6960" source="wordnet-bulgarian">
         <instance id="d000.s6960.t000" lemma="викам" pos="VERB">викам</instance>
         <wf lemma="по" pos="X">по</wf>
         <wf lemma="име" pos="X">име</wf>
         <wf lemma="някого" pos="X">някого</wf>
         <wf lemma="." pos="X">.</wf>
      </sentence>
      <sentence id="d000.s6961" source="wordnet-bulgarian">
         <wf lemma="отказвам" pos="X">отказвам</wf>
         <wf lemma="да" pos="X">да</wf>
         <instance id="d000.s6961.t000" lemma="вярвам" pos="VERB">вярвам</instance>
         <wf lemma="на" pos="X">на</wf>
         <wf lemma="." pos="X">.</wf>
      </sentence>
      <sentence id="d000.s6962" source="wordnet-bulgarian">
         <wf lemma="настъпи" pos="X">настъпи</wf>
         <instance id="d000.s6962.t000" lemma="обрат" pos="NOUN">обрат</instance>
         <wf lemma="в" pos="X">в</wf>
         <wf lemma="състоянието" pos="X">състоянието</wf>
         <wf lemma="на" pos="X">на</wf>
         <wf lemma="болния" pos="X">болния</wf>
         <wf lemma="." pos="X">.</wf>
      </sentence>
      <sentence id="d000.s6963" source="wordnet-bulgarian">
         <wf lemma="спира" pos="X">спира</wf>
         <wf lemma="ме" pos="X">ме</wf>
         <instance id="d000.s6963.t000" lemma="патрул" pos="NOUN">патрул</instance>
         <wf lemma="." pos="X">.</wf>
      </sentence>
      <sentence id="d000.s6964" source="wordnet-bulgarian">
         <instance id="d000.s6964.t000" lemma="връщане" pos="NOUN">връщането</instance>
         <wf lemma="му" pos="X">му</wf>
         <wf lemma="в" pos="X">в</wf>
         <wf lemma="града" pos="X">града</wf>
         <wf lemma="я" pos="X">я</wf>
         <wf lemma="зарадва" pos="X">зарадва</wf>
         <wf lemma="." pos="X">.</wf>
      </sentence>
      <sentence id="d000.s6965" source="wordnet-bulgarian">
         <wf lemma="неотровна" pos="X">неотровна</wf>
         <instance id="d000.s6965.t000" lemma="змия" pos="NOUN">змия</instance>
         <wf lemma="." pos="X">.</wf>
      </sentence>
      <sentence id="d000.s6966" source="wordnet-bulgarian">
         <instance id="d000.s6966.t000" lemma="офис" pos="NOUN">офис</instance>
         <wf lemma="на" pos="X">на</wf>
         <wf lemma="фирма" pos="X">фирма</wf>
         <wf lemma="." pos="X">.</wf>
      </sentence>
      <sentence id="d000.s6967" source="wordnet-bulgarian">
         <wf lemma="пълно" pos="X">пълно</wf>
         <instance id="d000.s6967.t000" lemma="поражение" pos="NOUN">поражение</instance>
         <wf lemma="." pos="X">.</wf>
      </sentence>
      <sentence id="d000.s6968" source="wordnet-bulgarian">
         <instance id="d000.s6968.t000" lemma="куче" pos="NOUN">куче</instance>
         <wf lemma="с" pos="X">с</wf>
         <wf lemma="дълга" pos="X">дълга</wf>
         <wf lemma="козина" pos="X">козина</wf>
         <wf lemma="." pos="X">.</wf>
      </sentence>
      <sentence id="d000.s6969" source="wordnet-bulgarian">
         <wf lemma="силен" pos="X">силен</wf>
         <instance id="d000.s6969.t000" lemma="екип" pos="NOUN">екип</instance>
         <wf lemma="." pos="X">.</wf>
      </sentence>
      <sentence id="d000.s6970" source="wordnet-bulgarian">
         <wf lemma="учебен" pos="X">учебен</wf>
         <instance id="d000.s6970.t000" lemma="предмет" pos="NOUN">предмет</instance>
         <wf lemma="." pos="X">.</wf>
      </sentence>
      <sentence id="d000.s6971" source="wordnet-bulgarian">
         <instance id="d000.s6971.t000" lemma="крива" pos="NOUN">Кривата</instance>
         <wf lemma="на" pos="X">на</wf>
         <wf lemma="производителността" pos="X">производителността</wf>
         <wf lemma="сочи" pos="X">сочи</wf>
         <wf lemma="застой" pos="X">застой</wf>
         <wf lemma="." pos="X">.</wf>
      </sentence>
      <sentence id="d000.s6972" source="wordnet-bulgarian">
         <wf lemma="говоря" pos="X">говоря</wf>
         <wf lemma="с" pos="X">с</wf>
         <instance id="d000.s6972.t000" lemma="жар" pos="NOUN">жар</instance>
         <wf lemma="." pos="X">.</wf>
      </sentence>
      <sentence id="d000.s6973" source="wordnet-bulgarian">
         <wf lemma="Аз" pos="X">Аз</wf>
         <wf lemma="съм" pos="X">съм</wf>
         <instance id="d000.s6973.t000" lemma="монах" pos="NOUN">монах</instance>
         <wf lemma="и" pos="X">и</wf>
         <wf lemma="съм" pos="X">съм</wf>
         <wf lemma="се" pos="X">се</wf>
         <wf lemma="обрекъл" pos="X">обрекъл</wf>
         <wf lemma="на" pos="X">на</wf>
         <wf lemma="бога" pos="X">бога</wf>
         <wf lemma="." pos="X">.</wf>
      </sentence>
      <sentence id="d000.s6974" source="wordnet-bulgarian">
         <wf lemma="целта" pos="X">целта</wf>
         <wf lemma="оправдава" pos="X">оправдава</wf>
         <instance id="d000.s6974.t000" lemma="средство" pos="NOUN">средствата</instance>
         <wf lemma="." pos="X">.</wf>
      </sentence>
      <sentence id="d000.s6975" source="wordnet-bulgarian">
         <wf lemma="всяко" pos="X">всяко</wf>
         <wf lemma="действие" pos="X">действие</wf>
         <wf lemma="има" pos="X">има</wf>
         <wf lemma="и" pos="X">и</wf>
         <instance id="d000.s6975.t000" lemma="противодействие" pos="NOUN">противодействие</instance>
         <wf lemma="." pos="X">.</wf>
      </sentence>
      <sentence id="d000.s6976" source="wordnet-bulgarian">
         <instance id="d000.s6976.t000" lemma="грижа" pos="NOUN">грижи</instance>
         <wf lemma="за" pos="X">за</wf>
         <wf lemma="здравето" pos="X">здравето</wf>
         <wf lemma="." pos="X">.</wf>
      </sentence>
      <sentence id="d000.s6977" source="wordnet-bulgarian">
         <wf lemma="Сигурността" pos="X">Сигурността</wf>
         <wf lemma="е" pos="X">е</wf>
         <wf lemma="национален" pos="X">национален</wf>
         <instance id="d000.s6977.t000" lemma="приоритет" pos="NOUN">приоритет</instance>
         <wf lemma="." pos="X">.</wf>
      </sentence>
      <sentence id="d000.s6978" source="wordnet-bulgarian">
         <wf lemma="млад" pos="X">млад</wf>
         <instance id="d000.s6978.t000" lemma="композитор" pos="NOUN">композитор</instance>
         <wf lemma="." pos="X">.</wf>
      </sentence>
      <sentence id="d000.s6979" source="wordnet-bulgarian">
         <wf lemma="породиста" pos="X">породиста</wf>
         <instance id="d000.s6979.t000" lemma="кучка" pos="NOUN">кучка</instance>
         <wf lemma="." pos="X">.</wf>
      </sentence>
      <sentence id="d000.s6980" source="wordnet-bulgarian">
         <instance id="d000.s6980.t000" lemma="могъщ" pos="ADJ">могъщо</instance>
         <wf lemma="дърво" pos="X">дърво</wf>
         <wf lemma="." pos="X">.</wf>
      </sentence>
      <sentence id="d000.s6981" source="wordnet-bulgarian">
         <wf lemma="първоначално" pos="X">първоначално</wf>
         <instance id="d000.s6981.t000" lemma="предназначение" pos="NOUN">предназначение</instance>
         <wf lemma="." pos="X">.</wf>
      </sentence>
      <sentence id="d000.s6982" source="wordnet-bulgarian">
         <wf lemma="хващам" pos="X">хващам</wf>
         <instance id="d000.s6982.t000" lemma="влак" pos="NOUN">влака</instance>
         <wf lemma="за" pos="X">за</wf>
         <wf lemma="." pos="X">.</wf>
      </sentence>
      <sentence id="d000.s6983" source="wordnet-bulgarian">
         <wf lemma="цветно" pos="X">цветно</wf>
         <instance id="d000.s6983.t000" lemma="стъкло" pos="NOUN">стъкло</instance>
         <wf lemma="." pos="X">.</wf>
      </sentence>
      <sentence id="d000.s6984" source="wordnet-bulgarian">
         <wf lemma="римски" pos="X">римски</wf>
         <instance id="d000.s6984.t000" lemma="руина" pos="NOUN">руини</instance>
         <wf lemma="." pos="X">.</wf>
      </sentence>
      <sentence id="d000.s6985" source="wordnet-bulgarian">
         <wf lemma="чувствителна" pos="X">чувствителна</wf>
         <instance id="d000.s6985.t000" lemma="душа" pos="NOUN">душа</instance>
         <wf lemma="." pos="X">.</wf>
      </sentence>
      <sentence id="d000.s6986" source="wordnet-bulgarian">
         <wf lemma="хукнах" pos="X">хукнах</wf>
         <wf lemma="да" pos="X">да</wf>
         <instance id="d000.s6986.t000" lemma="бягам" pos="VERB">бягам</instance>
         <wf lemma="." pos="X">.</wf>
      </sentence>
      <sentence id="d000.s6987" source="wordnet-bulgarian">
         <wf lemma="влизам" pos="X">влизам</wf>
         <wf lemma="в" pos="X">в</wf>
         <instance id="d000.s6987.t000" lemma="разговор" pos="NOUN">разговор</instance>
         <wf lemma="." pos="X">.</wf>
      </sentence>
      <sentence id="d000.s6988" source="wordnet-bulgarian">
         <wf lemma="Бързо" pos="X">Бързо</wf>
         <instance id="d000.s6988.t000" lemma="оценя" pos="VERB">оцених</instance>
         <wf lemma="събеседниците" pos="X">събеседниците</wf>
         <wf lemma="си" pos="X">си</wf>
         <wf lemma="." pos="X">.</wf>
      </sentence>
      <sentence id="d000.s6989" source="wordnet-bulgarian">
         <wf lemma="градски" pos="X">градски</wf>
         <instance id="d000.s6989.t000" lemma="площад" pos="NOUN">площад</instance>
         <wf lemma="." pos="X">.</wf>
      </sentence>
      <sentence id="d000.s6990" source="wordnet-bulgarian">
         <wf lemma="ценно" pos="X">ценно</wf>
         <instance id="d000.s6990.t000" lemma="мнение" pos="NOUN">мнение</instance>
         <wf lemma="." pos="X">.</wf>
      </sentence>
      <sentence id="d000.s6991" source="wordnet-bulgarian">
         <instance id="d000.s6991.t000" lemma="мост" pos="NOUN">мост</instance>
         <wf lemma="за" pos="X">за</wf>
         <wf lemma="пешеходци" pos="X">пешеходци</wf>
         <wf lemma="." pos="X">.</wf>
      </sentence>
      <sentence id="d000.s6992" source="wordnet-bulgarian">
         <wf lemma="Това" pos="X">Това</wf>
         <wf lemma="събитие" pos="X">събитие</wf>
         <wf lemma="няма" pos="X">няма</wf>
         <instance id="d000.s6992.t000" lemma="аналог" pos="NOUN">аналог</instance>
         <wf lemma="." pos="X">.</wf>
      </sentence>
      <sentence id="d000.s6993" source="wordnet-bulgarian">
         <wf lemma="затъвам" pos="X">затъвам</wf>
         <wf lemma="в" pos="X">в</wf>
         <instance id="d000.s6993.t000" lemma="блато" pos="NOUN">блатото</instance>
         <wf lemma="." pos="X">.</wf>
      </sentence>
      <sentence id="d000.s6994" source="wordnet-bulgarian">
         <wf lemma="пиша" pos="X">пиша</wf>
         <wf lemma="с" pos="X">с</wf>
         <instance id="d000.s6994.t000" lemma="тебешир" pos="NOUN">тебешир</instance>
         <wf lemma="." pos="X">.</wf>
      </sentence>
      <sentence id="d000.s6995" source="wordnet-bulgarian">
         <wf lemma="скъсват" pos="X">скъсват</wf>
         <wf lemma="ме" pos="X">ме</wf>
         <wf lemma="на" pos="X">на</wf>
         <instance id="d000.s6995.t000" lemma="изпит" pos="NOUN">изпит</instance>
         <wf lemma="." pos="X">.</wf>
      </sentence>
      <sentence id="d000.s6996" source="wordnet-bulgarian">
         <wf lemma="Оставам" pos="X">Оставам</wf>
         <wf lemma="без" pos="X">без</wf>
         <instance id="d000.s6996.t000" lemma="зъб" pos="NOUN">зъби</instance>
         <wf lemma="." pos="X">.</wf>
      </sentence>
      <sentence id="d000.s6997" source="wordnet-bulgarian">
         <instance id="d000.s6997.t000" lemma="мелница" pos="NOUN">мелница</instance>
         <wf lemma="за" pos="X">за</wf>
         <wf lemma="кафе" pos="X">кафе</wf>
         <wf lemma="." pos="X">.</wf>
      </sentence>
      <sentence id="d000.s6998" source="wordnet-bulgarian">
         <wf lemma="Ще" pos="X">Ще</wf>
         <instance id="d000.s6998.t000" lemma="илюстрирам" pos="VERB">илюстрирам</instance>
         <wf lemma="казаното" pos="X">казаното</wf>
         <wf lemma="с" pos="X">с</wf>
         <wf lemma="един" pos="X">един</wf>
         <wf lemma="пример" pos="X">пример</wf>
         <wf lemma="." pos="X">.</wf>
      </sentence>
      <sentence id="d000.s6999" source="wordnet-bulgarian">
         <wf lemma="мирна" pos="X">мирна</wf>
         <instance id="d000.s6999.t000" lemma="демонстрация" pos="NOUN">демонстрация</instance>
         <wf lemma="." pos="X">.</wf>
      </sentence>
      <sentence id="d000.s7000" source="wordnet-bulgarian">
         <wf lemma="ясен" pos="X">ясен</wf>
         <instance id="d000.s7000.t000" lemma="отговор" pos="NOUN">отговор</instance>
         <wf lemma="." pos="X">.</wf>
      </sentence>
      <sentence id="d000.s7001" source="wordnet-bulgarian">
         <wf lemma="здраво" pos="X">здраво</wf>
         <instance id="d000.s7001.t000" lemma="гърло" pos="NOUN">гърло</instance>
         <wf lemma="." pos="X">.</wf>
      </sentence>
      <sentence id="d000.s7002" source="wordnet-bulgarian">
         <wf lemma="енергиен" pos="X">енергиен</wf>
         <instance id="d000.s7002.t000" lemma="баланс" pos="NOUN">баланс</instance>
         <wf lemma="." pos="X">.</wf>
      </sentence>
      <sentence id="d000.s7003" source="wordnet-bulgarian">
         <instance id="d000.s7003.t000" lemma="проверявам" pos="VERB">проверявам</instance>
         <wf lemma="знания" pos="X">знания</wf>
         <wf lemma="." pos="X">.</wf>
      </sentence>
      <sentence id="d000.s7004" source="wordnet-bulgarian">
         <wf lemma="получавам" pos="X">получавам</wf>
         <instance id="d000.s7004.t000" lemma="изгаряне" pos="NOUN">изгаряне</instance>
         <wf lemma="." pos="X">.</wf>
      </sentence>
      <sentence id="d000.s7005" source="wordnet-bulgarian">
         <wf lemma="финансов" pos="X">финансов</wf>
         <instance id="d000.s7005.t000" lemma="магнат" pos="NOUN">магнат</instance>
         <wf lemma="." pos="X">.</wf>
      </sentence>
      <sentence id="d000.s7006" source="wordnet-bulgarian">
         <wf lemma="с" pos="X">с</wf>
         <instance id="d000.s7006.t000" lemma="възхищение" pos="NOUN">възхищение</instance>
         <wf lemma="." pos="X">.</wf>
      </sentence>
      <sentence id="d000.s7007" source="wordnet-bulgarian">
         <wf lemma="Сестрата" pos="X">Сестрата</wf>
         <instance id="d000.s7007.t000" lemma="придружавам" pos="VERB">придружава</instance>
         <wf lemma="старата" pos="X">старата</wf>
         <wf lemma="дама" pos="X">дама</wf>
         <wf lemma="навсъкъде" pos="X">навсъкъде</wf>
         <wf lemma="." pos="X">.</wf>
      </sentence>
      <sentence id="d000.s7008" source="wordnet-bulgarian">
         <instance id="d000.s7008.t000" lemma="човек" pos="NOUN">човек</instance>
         <wf lemma="с" pos="X">с</wf>
         <wf lemma="достойнство" pos="X">достойнство</wf>
         <wf lemma="." pos="X">.</wf>
      </sentence>
      <sentence id="d000.s7009" source="wordnet-bulgarian">
         <wf lemma="Дивите" pos="X">Дивите</wf>
         <wf lemma="цветя" pos="X">цветя</wf>
         <wf lemma="имат" pos="X">имат</wf>
         <wf lemma="едни" pos="X">едни</wf>
         <instance id="d000.s7009.t000" lemma="качество" pos="NOUN">качества</instance>
         <wf lemma="," pos="X">,</wf>
         <wf lemma="а" pos="X">а</wf>
         <wf lemma="градинските" pos="X">градинските</wf>
         <wf lemma="-" pos="X">-</wf>
         <wf lemma="други" pos="X">други</wf>
         <wf lemma="." pos="X">.</wf>
      </sentence>
      <sentence id="d000.s7010" source="wordnet-bulgarian">
         <wf lemma="бурен" pos="X">бурен</wf>
         <instance id="d000.s7010.t000" lemma="вятър" pos="NOUN">вятър</instance>
         <wf lemma="." pos="X">.</wf>
      </sentence>
      <sentence id="d000.s7011" source="wordnet-bulgarian">
         <wf lemma="в" pos="X">в</wf>
         <wf lemma="края" pos="X">края</wf>
         <wf lemma="на" pos="X">на</wf>
         <instance id="d000.s7011.t000" lemma="век" pos="NOUN">века</instance>
         <wf lemma="." pos="X">.</wf>
      </sentence>
      <sentence id="d000.s7012" source="wordnet-bulgarian">
         <wf lemma="борба" pos="X">борба</wf>
         <wf lemma="с" pos="X">с</wf>
         <instance id="d000.s7012.t000" lemma="безработица" pos="NOUN">безработицата</instance>
         <wf lemma="." pos="X">.</wf>
      </sentence>
      <sentence id="d000.s7013" source="wordnet-bulgarian">
         <wf lemma="Ядосах" pos="X">Ядосах</wf>
         <wf lemma="се" pos="X">се</wf>
         <wf lemma="и" pos="X">и</wf>
         <instance id="d000.s7013.t000" lemma="ритна" pos="VERB">ритнах</instance>
         <wf lemma="вратата" pos="X">вратата</wf>
         <wf lemma="." pos="X">.</wf>
      </sentence>
      <sentence id="d000.s7014" source="wordnet-bulgarian">
         <wf lemma="не" pos="X">не</wf>
         <instance id="d000.s7014.t000" lemma="мисля" pos="VERB">мисля</instance>
         <wf lemma="задълбочено" pos="X">задълбочено</wf>
         <wf lemma="." pos="X">.</wf>
      </sentence>
      <sentence id="d000.s7015" source="wordnet-bulgarian">
         <instance id="d000.s7015.t000" lemma="чипс" pos="NOUN">чипс</instance>
         <wf lemma="с" pos="X">с</wf>
         <wf lemma="кетчуп" pos="X">кетчуп</wf>
         <wf lemma="." pos="X">.</wf>
      </sentence>
      <sentence id="d000.s7016" source="wordnet-bulgarian">
         <instance id="d000.s7016.t000" lemma="излизам" pos="VERB">излизам</instance>
         <wf lemma="от" pos="X">от</wf>
         <wf lemma="дома" pos="X">дома</wf>
         <wf lemma="." pos="X">.</wf>
      </sentence>
      <sentence id="d000.s7017" source="wordnet-bulgarian">
         <wf lemma="строга" pos="X">строга</wf>
         <instance id="d000.s7017.t000" lemma="присъда" pos="NOUN">присъда</instance>
         <wf lemma="." pos="X">.</wf>
      </sentence>
      <sentence id="d000.s7018" source="wordnet-bulgarian">
         <instance id="d000.s7018.t000" lemma="множество" pos="NOUN">множество</instance>
         <wf lemma="преписи" pos="X">преписи</wf>
         <wf lemma="." pos="X">.</wf>
      </sentence>
      <sentence id="d000.s7019" source="wordnet-bulgarian">
         <wf lemma="По" pos="X">По</wf>
         <instance id="d000.s7019.t000" lemma="тяло" pos="NOUN">тялото</instance>
         <wf lemma="му" pos="X">му</wf>
         <wf lemma="личаха" pos="X">личаха</wf>
         <wf lemma="следи" pos="X">следи</wf>
         <wf lemma="от" pos="X">от</wf>
         <wf lemma="дълбоки" pos="X">дълбоки</wf>
         <wf lemma="рани" pos="X">рани</wf>
         <wf lemma="." pos="X">.</wf>
      </sentence>
      <sentence id="d000.s7020" source="wordnet-bulgarian">
         <wf lemma="постоянно" pos="X">постоянно</wf>
         <instance id="d000.s7020.t000" lemma="членство" pos="NOUN">членство</instance>
         <wf lemma="." pos="X">.</wf>
      </sentence>
      <sentence id="d000.s7021" source="wordnet-bulgarian">
         <wf lemma="първа" pos="X">първа</wf>
         <instance id="d000.s7021.t000" lemma="дивизия" pos="NOUN">дивизия</instance>
         <wf lemma="." pos="X">.</wf>
      </sentence>
      <sentence id="d000.s7022" source="wordnet-bulgarian">
         <wf lemma="театрален" pos="X">театрален</wf>
         <instance id="d000.s7022.t000" lemma="плакат" pos="NOUN">плакат</instance>
         <wf lemma="." pos="X">.</wf>
      </sentence>
      <sentence id="d000.s7023" source="wordnet-bulgarian">
         <wf lemma="нямам" pos="X">нямам</wf>
         <instance id="d000.s7023.t000" lemma="познание" pos="NOUN">познания</instance>
         <wf lemma="." pos="X">.</wf>
      </sentence>
      <sentence id="d000.s7024" source="wordnet-bulgarian">
         <instance id="d000.s7024.t000" lemma="колекция" pos="NOUN">колекция</instance>
         <wf lemma="от" pos="X">от</wf>
         <wf lemma="картини" pos="X">картини</wf>
         <wf lemma="." pos="X">.</wf>
      </sentence>
      <sentence id="d000.s7025" source="wordnet-bulgarian">
         <instance id="d000.s7025.t000" lemma="списание" pos="NOUN">Списанието</instance>
         <wf lemma="излиза" pos="X">излиза</wf>
         <wf lemma="всеки" pos="X">всеки</wf>
         <wf lemma="вторник" pos="X">вторник</wf>
         <wf lemma="." pos="X">.</wf>
      </sentence>
      <sentence id="d000.s7026" source="wordnet-bulgarian">
         <instance id="d000.s7026.t000" lemma="риба" pos="NOUN">риба</instance>
         <wf lemma="меч." pos="X">меч.</wf>
      </sentence>
      <sentence id="d000.s7027" source="wordnet-bulgarian">
         <instance id="d000.s7027.t000" lemma="скрин" pos="NOUN">скрин</instance>
         <wf lemma="в" pos="X">в</wf>
         <wf lemma="цвят" pos="X">цвят</wf>
         <wf lemma="череша" pos="X">череша</wf>
         <wf lemma="." pos="X">.</wf>
      </sentence>
      <sentence id="d000.s7028" source="wordnet-bulgarian">
         <wf lemma="имам" pos="X">имам</wf>
         <instance id="d000.s7028.t000" lemma="доверие" pos="NOUN">доверие</instance>
         <wf lemma="на" pos="X">на</wf>
         <wf lemma="." pos="X">.</wf>
      </sentence>
      <sentence id="d000.s7029" source="wordnet-bulgarian">
         <wf lemma="грицеринов" pos="X">грицеринов</wf>
         <instance id="d000.s7029.t000" lemma="сапун" pos="NOUN">сапун</instance>
         <wf lemma="." pos="X">.</wf>
      </sentence>
      <sentence id="d000.s7030" source="wordnet-bulgarian">
         <wf lemma="Имам" pos="X">Имам</wf>
         <instance id="d000.s7030.t000" lemma="акция" pos="NOUN">акции</instance>
         <wf lemma="в" pos="X">в</wf>
         <wf lemma="няколко" pos="X">няколко</wf>
         <wf lemma="фирми" pos="X">фирми</wf>
         <wf lemma="." pos="X">.</wf>
      </sentence>
      <sentence id="d000.s7031" source="wordnet-bulgarian">
         <wf lemma="правя" pos="X">правя</wf>
         <wf lemma="на" pos="X">на</wf>
         <instance id="d000.s7031.t000" lemma="късче" pos="NOUN">късчета</instance>
         <wf lemma="." pos="X">.</wf>
      </sentence>
      <sentence id="d000.s7032" source="wordnet-bulgarian">
         <wf lemma="получавам" pos="X">получавам</wf>
         <instance id="d000.s7032.t000" lemma="стока" pos="NOUN">стока</instance>
         <wf lemma="." pos="X">.</wf>
      </sentence>
      <sentence id="d000.s7033" source="wordnet-bulgarian">
         <wf lemma="евкалиптово" pos="X">евкалиптово</wf>
         <instance id="d000.s7033.t000" lemma="масло" pos="NOUN">масло</instance>
         <wf lemma="." pos="X">.</wf>
      </sentence>
      <sentence id="d000.s7034" source="wordnet-bulgarian">
         <wf lemma="спирам" pos="X">спирам</wf>
         <instance id="d000.s7034.t000" lemma="принтер" pos="NOUN">принтера</instance>
         <wf lemma="." pos="X">.</wf>
      </sentence>
      <sentence id="d000.s7035" source="wordnet-bulgarian">
         <wf lemma="Тази" pos="X">Тази</wf>
         <wf lemma="вечер" pos="X">вечер</wf>
         <instance id="d000.s7035.t000" lemma="отбор" pos="NOUN">отборът</instance>
         <wf lemma="ни" pos="X">ни</wf>
         <wf lemma="трябва" pos="X">трябва</wf>
         <wf lemma="да" pos="X">да</wf>
         <wf lemma="победи" pos="X">победи</wf>
         <wf lemma="." pos="X">.</wf>
      </sentence>
      <sentence id="d000.s7036" source="wordnet-bulgarian">
         <wf lemma="непочтени" pos="X">непочтени</wf>
         <instance id="d000.s7036.t000" lemma="игра" pos="NOUN">игри</instance>
         <wf lemma="." pos="X">.</wf>
      </sentence>
      <sentence id="d000.s7037" source="wordnet-bulgarian">
         <wf lemma="човек" pos="X">човек</wf>
         <wf lemma="с" pos="X">с</wf>
         <wf lemma="мек" pos="X">мек</wf>
         <instance id="d000.s7037.t000" lemma="нрав" pos="NOUN">нрав</instance>
         <wf lemma="." pos="X">.</wf>
      </sentence>
      <sentence id="d000.s7038" source="wordnet-bulgarian">
         <wf lemma="двойна" pos="X">двойна</wf>
         <instance id="d000.s7038.t000" lemma="доза" pos="NOUN">доза</instance>
         <wf lemma="." pos="X">.</wf>
      </sentence>
      <sentence id="d000.s7039" source="wordnet-bulgarian">
         <wf lemma="след" pos="X">след</wf>
         <instance id="d000.s7039.t000" lemma="бягство" pos="NOUN">бягството</instance>
         <wf lemma="си" pos="X">си</wf>
         <wf lemma="от" pos="X">от</wf>
         <wf lemma="затвора" pos="X">затвора</wf>
         <wf lemma="той" pos="X">той</wf>
         <wf lemma="се" pos="X">се</wf>
         <wf lemma="скри" pos="X">скри</wf>
         <wf lemma="." pos="X">.</wf>
      </sentence>
      <sentence id="d000.s7040" source="wordnet-bulgarian">
         <wf lemma="Никога" pos="X">Никога</wf>
         <wf lemma="не" pos="X">не</wf>
         <wf lemma="съм" pos="X">съм</wf>
         <wf lemma="се" pos="X">се</wf>
         <wf lemma="возил" pos="X">возил</wf>
         <wf lemma="на" pos="X">на</wf>
         <instance id="d000.s7040.t000" lemma="метро" pos="NOUN">метро</instance>
         <wf lemma="." pos="X">.</wf>
      </sentence>
      <sentence id="d000.s7041" source="wordnet-bulgarian">
         <wf lemma="филологическо" pos="X">филологическо</wf>
         <instance id="d000.s7041.t000" lemma="образование" pos="NOUN">образование</instance>
         <wf lemma="." pos="X">.</wf>
      </sentence>
      <sentence id="d000.s7042" source="wordnet-bulgarian">
         <instance id="d000.s7042.t000" lemma="предсказване" pos="NOUN">предсказване</instance>
         <wf lemma="на" pos="X">на</wf>
         <wf lemma="бъдещето" pos="X">бъдещето</wf>
         <wf lemma="." pos="X">.</wf>
      </sentence>
      <sentence id="d000.s7043" source="wordnet-bulgarian">
         <wf lemma="Пия" pos="X">Пия</wf>
         <wf lemma="със" pos="X">със</wf>
         <instance id="d000.s7043.t000" lemma="сламка" pos="NOUN">сламка</instance>
         <wf lemma="." pos="X">.</wf>
      </sentence>
      <sentence id="d000.s7044" source="wordnet-bulgarian">
         <wf lemma="Една" pos="X">Една</wf>
         <wf lemma="груба" pos="X">груба</wf>
         <wf lemma="дума" pos="X">дума</wf>
         <wf lemma="ще" pos="X">ще</wf>
         <wf lemma="я" pos="X">я</wf>
         <wf lemma="изпрати" pos="X">изпрати</wf>
         <wf lemma="в" pos="X">в</wf>
         <wf lemma="дълбините" pos="X">дълбините</wf>
         <wf lemma="на" pos="X">на</wf>
         <instance id="d000.s7044.t000" lemma="отчаяние" pos="NOUN">отчаянието</instance>
         <wf lemma="." pos="X">.</wf>
      </sentence>
      <sentence id="d000.s7045" source="wordnet-bulgarian">
         <instance id="d000.s7045.t000" lemma="обрат" pos="NOUN">обрат</instance>
         <wf lemma="в" pos="X">в</wf>
         <wf lemma="отношенията" pos="X">отношенията</wf>
         <wf lemma="." pos="X">.</wf>
      </sentence>
      <sentence id="d000.s7046" source="wordnet-bulgarian">
         <wf lemma="нощен" pos="X">нощен</wf>
         <instance id="d000.s7046.t000" lemma="крем" pos="NOUN">крем</instance>
         <wf lemma="." pos="X">.</wf>
      </sentence>
      <sentence id="d000.s7047" source="wordnet-bulgarian">
         <wf lemma="силни" pos="X">силни</wf>
         <instance id="d000.s7047.t000" lemma="вълна" pos="NOUN">вълни</instance>
         <wf lemma="." pos="X">.</wf>
      </sentence>
      <sentence id="d000.s7048" source="wordnet-bulgarian">
         <wf lemma="Ще" pos="X">Ще</wf>
         <wf lemma="ми" pos="X">ми</wf>
         <wf lemma="напишеш" pos="X">напишеш</wf>
         <wf lemma="ли" pos="X">ли</wf>
         <instance id="d000.s7048.t000" lemma="адрес" pos="NOUN">адреса</instance>
         <wf lemma="си" pos="X">си</wf>
         <wf lemma="?" pos="X">?</wf>
      </sentence>
      <sentence id="d000.s7049" source="wordnet-bulgarian">
         <wf lemma="девойки" pos="X">девойки</wf>
         <wf lemma="старша" pos="X">старша</wf>
         <instance id="d000.s7049.t000" lemma="възраст" pos="NOUN">възраст</instance>
         <wf lemma="." pos="X">.</wf>
      </sentence>
      <sentence id="d000.s7050" source="wordnet-bulgarian">
         <wf lemma="паричен" pos="X">паричен</wf>
         <instance id="d000.s7050.t000" lemma="дълг" pos="NOUN">дълг</instance>
         <wf lemma="." pos="X">.</wf>
      </sentence>
      <sentence id="d000.s7051" source="wordnet-bulgarian">
         <wf lemma="бял" pos="X">бял</wf>
         <instance id="d000.s7051.t000" lemma="кон" pos="NOUN">кон</instance>
         <wf lemma="." pos="X">.</wf>
      </sentence>
      <sentence id="d000.s7052" source="wordnet-bulgarian">
         <wf lemma="без" pos="X">без</wf>
         <instance id="d000.s7052.t000" lemma="привилегия" pos="NOUN">привилегии</instance>
         <wf lemma="." pos="X">.</wf>
      </sentence>
      <sentence id="d000.s7053" source="wordnet-bulgarian">
         <instance id="d000.s7053.t000" lemma="гума" pos="NOUN">гума</instance>
         <wf lemma="на" pos="X">на</wf>
         <wf lemma="колело" pos="X">колело</wf>
         <wf lemma="." pos="X">.</wf>
      </sentence>
      <sentence id="d000.s7054" source="wordnet-bulgarian">
         <instance id="d000.s7054.t000" lemma="проба" pos="NOUN">проба</instance>
         <wf lemma="на" pos="X">на</wf>
         <wf lemma="машина" pos="X">машина</wf>
         <wf lemma="." pos="X">.</wf>
      </sentence>
      <sentence id="d000.s7055" source="wordnet-bulgarian">
         <wf lemma="Вече" pos="X">Вече</wf>
         <wf lemma="познавам" pos="X">познавам</wf>
         <instance id="d000.s7055.t000" lemma="часовник" pos="NOUN">часовника</instance>
         <wf lemma="." pos="X">.</wf>
      </sentence>
      <sentence id="d000.s7056" source="wordnet-bulgarian">
         <wf lemma="втори" pos="X">втори</wf>
         <instance id="d000.s7056.t000" lemma="братовчед" pos="NOUN">братовчед</instance>
         <wf lemma="." pos="X">.</wf>
      </sentence>
      <sentence id="d000.s7057" source="wordnet-bulgarian">
         <wf lemma="Винаги" pos="X">Винаги</wf>
         <instance id="d000.s7057.t000" lemma="сервирам" pos="VERB">сервирам</instance>
         <wf lemma="кафето" pos="X">кафето</wf>
         <wf lemma="с" pos="X">с</wf>
         <wf lemma="бисквитка" pos="X">бисквитка</wf>
         <wf lemma="." pos="X">.</wf>
      </sentence>
      <sentence id="d000.s7058" source="wordnet-bulgarian">
         <wf lemma="яростни" pos="X">яростни</wf>
         <instance id="d000.s7058.t000" lemma="нападка" pos="NOUN">нападки</instance>
         <wf lemma="." pos="X">.</wf>
      </sentence>
      <sentence id="d000.s7059" source="wordnet-bulgarian">
         <wf lemma="Хората" pos="X">Хората</wf>
         <wf lemma="вървяха" pos="X">вървяха</wf>
         <wf lemma="бавно" pos="X">бавно</wf>
         <wf lemma="след" pos="X">след</wf>
         <wf lemma="дървения" pos="X">дървения</wf>
         <instance id="d000.s7059.t000" lemma="ковчег" pos="NOUN">ковчег</instance>
         <wf lemma="." pos="X">.</wf>
      </sentence>
      <sentence id="d000.s7060" source="wordnet-bulgarian">
         <wf lemma="престижен" pos="X">престижен</wf>
         <instance id="d000.s7060.t000" lemma="колеж" pos="NOUN">колеж</instance>
         <wf lemma="." pos="X">.</wf>
      </sentence>
      <sentence id="d000.s7061" source="wordnet-bulgarian">
         <instance id="d000.s7061.t000" lemma="вагон" pos="NOUN">вагон</instance>
         <wf lemma="за" pos="X">за</wf>
         <wf lemma="пушачи" pos="X">пушачи</wf>
         <wf lemma="." pos="X">.</wf>
      </sentence>
      <sentence id="d000.s7062" source="wordnet-bulgarian">
         <wf lemma="шия" pos="X">шия</wf>
         <instance id="d000.s7062.t000" lemma="плат" pos="NOUN">плат</instance>
         <wf lemma="." pos="X">.</wf>
      </sentence>
      <sentence id="d000.s7063" source="wordnet-bulgarian">
         <instance id="d000.s7063.t000" lemma="прилеп" pos="NOUN">Прилепите</instance>
         <wf lemma="са" pos="X">са</wf>
         <wf lemma="хранят" pos="X">хранят</wf>
         <wf lemma="с" pos="X">с</wf>
         <wf lemma="едни" pos="X">едни</wf>
         <wf lemma="от" pos="X">от</wf>
         <wf lemma="най-опасните" pos="X">най-опасните</wf>
         <wf lemma="вредители" pos="X">вредители</wf>
         <wf lemma="за" pos="X">за</wf>
         <wf lemma="хората" pos="X">хората</wf>
         <wf lemma="." pos="X">.</wf>
      </sentence>
      <sentence id="d000.s7064" source="wordnet-bulgarian">
         <wf lemma="злонамерена" pos="X">злонамерена</wf>
         <instance id="d000.s7064.t000" lemma="пропаганда" pos="NOUN">пропаганда</instance>
         <wf lemma="." pos="X">.</wf>
      </sentence>
      <sentence id="d000.s7065" source="wordnet-bulgarian">
         <wf lemma="парламентарна" pos="X">парламентарна</wf>
         <instance id="d000.s7065.t000" lemma="република" pos="NOUN">република</instance>
         <wf lemma="." pos="X">.</wf>
      </sentence>
      <sentence id="d000.s7066" source="wordnet-bulgarian">
         <wf lemma="Това" pos="X">Това</wf>
         <wf lemma="е" pos="X">е</wf>
         <instance id="d000.s7066.t000" lemma="позор" pos="NOUN">позор</instance>
         <wf lemma="за" pos="X">за</wf>
         <wf lemma="нашата" pos="X">нашата</wf>
         <wf lemma="къща" pos="X">къща</wf>
         <wf lemma="." pos="X">.</wf>
      </sentence>
      <sentence id="d000.s7067" source="wordnet-bulgarian">
         <wf lemma="голям" pos="X">голям</wf>
         <instance id="d000.s7067.t000" lemma="каймак" pos="NOUN">каймак</instance>
         <wf lemma="." pos="X">.</wf>
      </sentence>
      <sentence id="d000.s7068" source="wordnet-bulgarian">
         <wf lemma="Аз" pos="X">Аз</wf>
         <wf lemma="обичам" pos="X">обичам</wf>
         <instance id="d000.s7068.t000" lemma="музика" pos="NOUN">музиката</instance>
         <wf lemma="." pos="X">.</wf>
      </sentence>
      <sentence id="d000.s7069" source="wordnet-bulgarian">
         <wf lemma="добро" pos="X">добро</wf>
         <instance id="d000.s7069.t000" lemma="знамение" pos="NOUN">знамение</instance>
         <wf lemma="." pos="X">.</wf>
      </sentence>
      <sentence id="d000.s7070" source="wordnet-bulgarian">
         <wf lemma="европейски" pos="X">европейски</wf>
         <instance id="d000.s7070.t000" lemma="отбор" pos="NOUN">отбор</instance>
         <wf lemma="." pos="X">.</wf>
      </sentence>
      <sentence id="d000.s7071" source="wordnet-bulgarian">
         <wf lemma="политическа" pos="X">политическа</wf>
         <instance id="d000.s7071.t000" lemma="оценка" pos="NOUN">оценка</instance>
         <wf lemma="на" pos="X">на</wf>
         <wf lemma="момента" pos="X">момента</wf>
         <wf lemma="." pos="X">.</wf>
      </sentence>
      <sentence id="d000.s7072" source="wordnet-bulgarian">
         <wf lemma="скален" pos="X">скален</wf>
         <instance id="d000.s7072.t000" lemma="орел" pos="NOUN">орел</instance>
         <wf lemma="." pos="X">.</wf>
      </sentence>
      <sentence id="d000.s7073" source="wordnet-bulgarian">
         <wf lemma="тропическо" pos="X">тропическо</wf>
         <instance id="d000.s7073.t000" lemma="дърво" pos="NOUN">дърво</instance>
         <wf lemma="." pos="X">.</wf>
      </sentence>
      <sentence id="d000.s7074" source="wordnet-bulgarian">
         <wf lemma="имам" pos="X">имам</wf>
         <wf lemma="много" pos="X">много</wf>
         <instance id="d000.s7074.t000" lemma="публикация" pos="NOUN">публикации</instance>
         <wf lemma="." pos="X">.</wf>
      </sentence>
      <sentence id="d000.s7075" source="wordnet-bulgarian">
         <instance id="d000.s7075.t000" lemma="основа" pos="NOUN">основа</instance>
         <wf lemma="на" pos="X">на</wf>
         <wf lemma="трапец" pos="X">трапец</wf>
         <wf lemma="." pos="X">.</wf>
      </sentence>
      <sentence id="d000.s7076" source="wordnet-bulgarian">
         <wf lemma="официално" pos="X">официално</wf>
         <instance id="d000.s7076.t000" lemma="предложение" pos="NOUN">предложение</instance>
         <wf lemma="." pos="X">.</wf>
      </sentence>
      <sentence id="d000.s7077" source="wordnet-bulgarian">
         <instance id="d000.s7077.t000" lemma="завършвам" pos="VERB">завършвам</instance>
         <wf lemma="образованието" pos="X">образованието</wf>
         <wf lemma="си" pos="X">си</wf>
         <wf lemma="." pos="X">.</wf>
      </sentence>
      <sentence id="d000.s7078" source="wordnet-bulgarian">
         <wf lemma="язовирна" pos="X">язовирна</wf>
         <instance id="d000.s7078.t000" lemma="стена" pos="NOUN">стена</instance>
         <wf lemma="." pos="X">.</wf>
      </sentence>
      <sentence id="d000.s7079" source="wordnet-bulgarian">
         <wf lemma="бизнес" pos="X">бизнес</wf>
         <instance id="d000.s7079.t000" lemma="хотел" pos="NOUN">хотел</instance>
         <wf lemma="." pos="X">.</wf>
      </sentence>
      <sentence id="d000.s7080" source="wordnet-bulgarian">
         <wf lemma="Комбинацията" pos="X">Комбинацията</wf>
         <wf lemma="за" pos="X">за</wf>
         <wf lemma="сейфа" pos="X">сейфа</wf>
         <wf lemma="е" pos="X">е</wf>
         <instance id="d000.s7080.t000" lemma="тайна" pos="NOUN">тайна</instance>
         <wf lemma="." pos="X">.</wf>
      </sentence>
      <sentence id="d000.s7081" source="wordnet-bulgarian">
         <wf lemma="сериозен" pos="X">сериозен</wf>
         <instance id="d000.s7081.t000" lemma="пропуск" pos="NOUN">пропуск</instance>
         <wf lemma="в." pos="X">в.</wf>
      </sentence>
      <sentence id="d000.s7082" source="wordnet-bulgarian">
         <wf lemma="Ще" pos="X">Ще</wf>
         <wf lemma="ти" pos="X">ти</wf>
         <wf lemma="тегля" pos="X">тегля</wf>
         <instance id="d000.s7082.t000" lemma="ухо" pos="NOUN">ушите</instance>
         <wf lemma="." pos="X">.</wf>
      </sentence>
      <sentence id="d000.s7083" source="wordnet-bulgarian">
         <wf lemma="ученическо" pos="X">ученическо</wf>
         <instance id="d000.s7083.t000" lemma="бюро" pos="NOUN">бюро</instance>
         <wf lemma="." pos="X">.</wf>
      </sentence>
      <sentence id="d000.s7084" source="wordnet-bulgarian">
         <wf lemma="страшен" pos="X">страшен</wf>
         <instance id="d000.s7084.t000" lemma="таван" pos="NOUN">таван</instance>
         <wf lemma="." pos="X">.</wf>
      </sentence>
      <sentence id="d000.s7085" source="wordnet-bulgarian">
         <wf lemma="кротко" pos="X">кротко</wf>
         <instance id="d000.s7085.t000" lemma="момиче" pos="NOUN">момиче</instance>
         <wf lemma="." pos="X">.</wf>
      </sentence>
      <sentence id="d000.s7086" source="wordnet-bulgarian">
         <wf lemma="Възникнаха" pos="X">Възникнаха</wf>
         <wf lemma="известни" pos="X">известни</wf>
         <instance id="d000.s7086.t000" lemma="усложнение" pos="NOUN">усложнения</instance>
         <wf lemma="." pos="X">.</wf>
      </sentence>
      <sentence id="d000.s7087" source="wordnet-bulgarian">
         <instance id="d000.s7087.t000" lemma="празнувам" pos="VERB">Празнувам</instance>
         <wf lemma="рождения" pos="X">рождения</wf>
         <wf lemma="си" pos="X">си</wf>
         <wf lemma="ден" pos="X">ден</wf>
         <wf lemma="." pos="X">.</wf>
      </sentence>
      <sentence id="d000.s7088" source="wordnet-bulgarian">
         <wf lemma="интуитивна" pos="X">интуитивна</wf>
         <instance id="d000.s7088.t000" lemma="представа" pos="NOUN">представа</instance>
         <wf lemma="." pos="X">.</wf>
      </sentence>
      <sentence id="d000.s7089" source="wordnet-bulgarian">
         <wf lemma="Това" pos="X">Това</wf>
         <wf lemma="е" pos="X">е</wf>
         <wf lemma="в" pos="X">в</wf>
         <wf lemma="моята" pos="X">моята</wf>
         <instance id="d000.s7089.t000" lemma="власт" pos="NOUN">власт</instance>
         <wf lemma="." pos="X">.</wf>
      </sentence>
      <sentence id="d000.s7090" source="wordnet-bulgarian">
         <instance id="d000.s7090.t000" lemma="прахосмукачка" pos="NOUN">Прахосмукачката</instance>
         <wf lemma="се" pos="X">се</wf>
         <wf lemma="повреди" pos="X">повреди</wf>
         <wf lemma="още" pos="X">още</wf>
         <wf lemma="на" pos="X">на</wf>
         <wf lemma="първия" pos="X">първия</wf>
         <wf lemma="ден" pos="X">ден</wf>
         <wf lemma="." pos="X">.</wf>
      </sentence>
      <sentence id="d000.s7091" source="wordnet-bulgarian">
         <wf lemma="мирни" pos="X">мирни</wf>
         <instance id="d000.s7091.t000" lemma="преговори" pos="NOUN">преговори</instance>
         <wf lemma="." pos="X">.</wf>
      </sentence>
      <sentence id="d000.s7092" source="wordnet-bulgarian">
         <wf lemma="представен" pos="X">представен</wf>
         <wf lemma="съм" pos="X">съм</wf>
         <wf lemma="за" pos="X">за</wf>
         <instance id="d000.s7092.t000" lemma="повишение" pos="NOUN">повишение</instance>
         <wf lemma="." pos="X">.</wf>
      </sentence>
      <sentence id="d000.s7093" source="wordnet-bulgarian">
         <wf lemma="главен" pos="X">главен</wf>
         <instance id="d000.s7093.t000" lemma="обвиняем" pos="NOUN">обвиняем</instance>
         <wf lemma="." pos="X">.</wf>
      </sentence>
      <sentence id="d000.s7094" source="wordnet-bulgarian">
         <wf lemma="Заболя" pos="X">Заболя</wf>
         <wf lemma="ме" pos="X">ме</wf>
         <instance id="d000.s7094.t000" lemma="уста" pos="NOUN">устата</instance>
         <wf lemma="от" pos="X">от</wf>
         <wf lemma="говорене" pos="X">говорене</wf>
         <wf lemma="." pos="X">.</wf>
      </sentence>
      <sentence id="d000.s7095" source="wordnet-bulgarian">
         <wf lemma="селска" pos="X">селска</wf>
         <instance id="d000.s7095.t000" lemma="поща" pos="NOUN">поща</instance>
         <wf lemma="." pos="X">.</wf>
      </sentence>
      <sentence id="d000.s7096" source="wordnet-bulgarian">
         <instance id="d000.s7096.t000" lemma="завися" pos="VERB">завися</instance>
         <wf lemma="от" pos="X">от</wf>
         <wf lemma="нещо" pos="X">нещо</wf>
         <wf lemma="." pos="X">.</wf>
      </sentence>
      <sentence id="d000.s7097" source="wordnet-bulgarian">
         <wf lemma="дръпвам" pos="X">дръпвам</wf>
         <instance id="d000.s7097.t000" lemma="перде" pos="NOUN">пердето</instance>
         <wf lemma="." pos="X">.</wf>
      </sentence>
      <sentence id="d000.s7098" source="wordnet-bulgarian">
         <instance id="d000.s7098.t000" lemma="кафе" pos="NOUN">кафе</instance>
         <wf lemma="с" pos="X">с</wf>
         <wf lemma="мляко" pos="X">мляко</wf>
         <wf lemma="." pos="X">.</wf>
      </sentence>
      <sentence id="d000.s7099" source="wordnet-bulgarian">
         <wf lemma="По" pos="X">По</wf>
         <instance id="d000.s7099.t000" lemma="било" pos="NOUN">билото</instance>
         <wf lemma="на" pos="X">на</wf>
         <wf lemma="планината" pos="X">планината</wf>
         <wf lemma="се" pos="X">се</wf>
         <wf lemma="забелязва" pos="X">забелязва</wf>
         <wf lemma="сняг" pos="X">сняг</wf>
         <wf lemma="." pos="X">.</wf>
      </sentence>
      <sentence id="d000.s7100" source="wordnet-bulgarian">
         <instance id="d000.s7100.t000" lemma="прогноза" pos="NOUN">прогноза</instance>
         <wf lemma="за" pos="X">за</wf>
         <wf lemma="времето" pos="X">времето</wf>
         <wf lemma="." pos="X">.</wf>
      </sentence>
      <sentence id="d000.s7101" source="wordnet-bulgarian">
         <wf lemma="Срещнах" pos="X">Срещнах</wf>
         <wf lemma="неговия" pos="X">неговия</wf>
         <instance id="d000.s7101.t000" lemma="поглед" pos="NOUN">поглед</instance>
         <wf lemma="." pos="X">.</wf>
      </sentence>
      <sentence id="d000.s7102" source="wordnet-bulgarian">
         <instance id="d000.s7102.t000" lemma="взаимодействие" pos="NOUN">взаимодействие</instance>
         <wf lemma="между" pos="X">между</wf>
         <wf lemma="телата" pos="X">телата</wf>
         <wf lemma="." pos="X">.</wf>
      </sentence>
      <sentence id="d000.s7103" source="wordnet-bulgarian">
         <instance id="d000.s7103.t000" lemma="полет" pos="NOUN">полет</instance>
         <wf lemma="до" pos="X">до</wf>
         <wf lemma="Чикаго" pos="X">Чикаго</wf>
         <wf lemma="." pos="X">.</wf>
      </sentence>
      <sentence id="d000.s7104" source="wordnet-bulgarian">
         <wf lemma="получавам" pos="X">получавам</wf>
         <instance id="d000.s7104.t000" lemma="обезщетение" pos="NOUN">обезщетение</instance>
         <wf lemma="." pos="X">.</wf>
      </sentence>
      <sentence id="d000.s7105" source="wordnet-bulgarian">
         <wf lemma="силно" pos="X">силно</wf>
         <instance id="d000.s7105.t000" lemma="тяло" pos="NOUN">тяло</instance>
         <wf lemma="." pos="X">.</wf>
      </sentence>
      <sentence id="d000.s7106" source="wordnet-bulgarian">
         <wf lemma="услужлив" pos="X">услужлив</wf>
         <instance id="d000.s7106.t000" lemma="комшия" pos="NOUN">комшия</instance>
         <wf lemma="." pos="X">.</wf>
      </sentence>
      <sentence id="d000.s7107" source="wordnet-bulgarian">
         <wf lemma="изразително" pos="X">изразително</wf>
         <instance id="d000.s7107.t000" lemma="лице" pos="NOUN">лице</instance>
         <wf lemma="." pos="X">.</wf>
      </sentence>
      <sentence id="d000.s7108" source="wordnet-bulgarian">
         <wf lemma="спорен" pos="X">спорен</wf>
         <instance id="d000.s7108.t000" lemma="въпрос" pos="NOUN">въпрос</instance>
         <wf lemma="." pos="X">.</wf>
      </sentence>
      <sentence id="d000.s7109" source="wordnet-bulgarian">
         <wf lemma="Не" pos="X">Не</wf>
         <wf lemma="ми" pos="X">ми</wf>
         <wf lemma="остана" pos="X">остана</wf>
         <instance id="d000.s7109.t000" lemma="търпение" pos="NOUN">търпение</instance>
         <wf lemma="." pos="X">.</wf>
      </sentence>
      <sentence id="d000.s7110" source="wordnet-bulgarian">
         <wf lemma="в" pos="X">в</wf>
         <wf lemma="домашна" pos="X">домашна</wf>
         <instance id="d000.s7110.t000" lemma="обстановка" pos="NOUN">обстановка</instance>
         <wf lemma="." pos="X">.</wf>
      </sentence>
      <sentence id="d000.s7111" source="wordnet-bulgarian">
         <wf lemma="пет" pos="X">пет</wf>
         <instance id="d000.s7111.t000" lemma="процент" pos="NOUN">процента</instance>
         <wf lemma="печалба" pos="X">печалба</wf>
         <wf lemma="." pos="X">.</wf>
      </sentence>
      <sentence id="d000.s7112" source="wordnet-bulgarian">
         <wf lemma="Синът" pos="X">Синът</wf>
         <wf lemma="е" pos="X">е</wf>
         <wf lemma="пълна" pos="X">пълна</wf>
         <instance id="d000.s7112.t000" lemma="противоположност" pos="NOUN">противоположност</instance>
         <wf lemma="на" pos="X">на</wf>
         <wf lemma="баща" pos="X">баща</wf>
         <wf lemma="си" pos="X">си</wf>
         <wf lemma="." pos="X">.</wf>
      </sentence>
      <sentence id="d000.s7113" source="wordnet-bulgarian">
         <instance id="d000.s7113.t000" lemma="игрище" pos="NOUN">игрище</instance>
         <wf lemma="за" pos="X">за</wf>
         <wf lemma="голф." pos="X">голф.</wf>
      </sentence>
      <sentence id="d000.s7114" source="wordnet-bulgarian">
         <wf lemma="проявявам" pos="X">проявявам</wf>
         <instance id="d000.s7114.t000" lemma="загриженост" pos="NOUN">загриженост</instance>
         <wf lemma="към" pos="X">към</wf>
         <wf lemma="." pos="X">.</wf>
      </sentence>
      <sentence id="d000.s7115" source="wordnet-bulgarian">
         <wf lemma="Дай" pos="X">Дай</wf>
         <wf lemma="ми" pos="X">ми</wf>
         <instance id="d000.s7115.t000" lemma="чаша" pos="NOUN">чаша</instance>
         <wf lemma="вода" pos="X">вода</wf>
         <wf lemma="." pos="X">.</wf>
      </sentence>
      <sentence id="d000.s7116" source="wordnet-bulgarian">
         <wf lemma="разбирам" pos="X">разбирам</wf>
         <wf lemma="си" pos="X">си</wf>
         <wf lemma="от" pos="X">от</wf>
         <instance id="d000.s7116.t000" lemma="занаят" pos="NOUN">занаята</instance>
         <wf lemma="." pos="X">.</wf>
      </sentence>
      <sentence id="d000.s7117" source="wordnet-bulgarian">
         <wf lemma="ученик" pos="X">ученик</wf>
         <wf lemma="от" pos="X">от</wf>
         <wf lemma="първи" pos="X">първи</wf>
         <instance id="d000.s7117.t000" lemma="клас" pos="NOUN">клас</instance>
         <wf lemma="." pos="X">.</wf>
      </sentence>
      <sentence id="d000.s7118" source="wordnet-bulgarian">
         <wf lemma="дребни" pos="X">дребни</wf>
         <instance id="d000.s7118.t000" lemma="амбиция" pos="NOUN">амбиции</instance>
         <wf lemma="." pos="X">.</wf>
      </sentence>
      <sentence id="d000.s7119" source="wordnet-bulgarian">
         <wf lemma="валежи" pos="X">валежи</wf>
         <wf lemma="от" pos="X">от</wf>
         <instance id="d000.s7119.t000" lemma="дъжд" pos="NOUN">дъжд</instance>
         <wf lemma="." pos="X">.</wf>
      </sentence>
      <sentence id="d000.s7120" source="wordnet-bulgarian">
         <wf lemma="неразривна" pos="X">неразривна</wf>
         <instance id="d000.s7120.t000" lemma="връзка" pos="NOUN">връзка</instance>
         <wf lemma="." pos="X">.</wf>
      </sentence>
      <sentence id="d000.s7121" source="wordnet-bulgarian">
         <wf lemma="Пазя" pos="X">Пазя</wf>
         <instance id="d000.s7121.t000" lemma="играчка" pos="NOUN">играчките</instance>
         <wf lemma="си" pos="X">си</wf>
         <wf lemma="." pos="X">.</wf>
      </sentence>
      <sentence id="d000.s7122" source="wordnet-bulgarian">
         <wf lemma="Той" pos="X">Той</wf>
         <wf lemma="ми" pos="X">ми</wf>
         <wf lemma="е" pos="X">е</wf>
         <instance id="d000.s7122.t000" lemma="връстник" pos="NOUN">връстник</instance>
         <wf lemma="." pos="X">.</wf>
      </sentence>
      <sentence id="d000.s7123" source="wordnet-bulgarian">
         <wf lemma="ски" pos="X">ски</wf>
         <instance id="d000.s7123.t000" lemma="лифт" pos="NOUN">лифт</instance>
         <wf lemma="." pos="X">.</wf>
      </sentence>
      <sentence id="d000.s7124" source="wordnet-bulgarian">
         <wf lemma="титулярен" pos="X">титулярен</wf>
         <instance id="d000.s7124.t000" lemma="играч" pos="NOUN">играч</instance>
         <wf lemma="." pos="X">.</wf>
      </sentence>
      <sentence id="d000.s7125" source="wordnet-bulgarian">
         <wf lemma="Любовната" pos="X">Любовната</wf>
         <instance id="d000.s7125.t000" lemma="история" pos="NOUN">история</instance>
         <wf lemma="във" pos="X">във</wf>
         <wf lemma="филма" pos="X">филма</wf>
         <wf lemma="ме" pos="X">ме</wf>
         <wf lemma="разчувства" pos="X">разчувства</wf>
         <wf lemma="." pos="X">.</wf>
      </sentence>
      <sentence id="d000.s7126" source="wordnet-bulgarian">
         <instance id="d000.s7126.t000" lemma="пола" pos="NOUN">пола</instance>
         <wf lemma="на" pos="X">на</wf>
         <wf lemma="плохи" pos="X">плохи</wf>
         <wf lemma="." pos="X">.</wf>
      </sentence>
      <sentence id="d000.s7127" source="wordnet-bulgarian">
         <instance id="d000.s7127.t000" lemma="копая" pos="VERB">копая</instance>
         <wf lemma="лозе" pos="X">лозе</wf>
         <wf lemma="." pos="X">.</wf>
      </sentence>
      <sentence id="d000.s7128" source="wordnet-bulgarian">
         <wf lemma="Аладин" pos="X">Аладин</wf>
         <wf lemma="и" pos="X">и</wf>
         <wf lemma="вълшебната" pos="X">вълшебната</wf>
         <instance id="d000.s7128.t000" lemma="лампа" pos="NOUN">лампа</instance>
         <wf lemma="." pos="X">.</wf>
      </sentence>
      <sentence id="d000.s7129" source="wordnet-bulgarian">
         <wf lemma="багрилно" pos="X">багрилно</wf>
         <instance id="d000.s7129.t000" lemma="вещество" pos="NOUN">вещество</instance>
         <wf lemma="." pos="X">.</wf>
      </sentence>
      <sentence id="d000.s7130" source="wordnet-bulgarian">
         <wf lemma="явявам" pos="X">явявам</wf>
         <wf lemma="се" pos="X">се</wf>
         <wf lemma="на" pos="X">на</wf>
         <instance id="d000.s7130.t000" lemma="интервю" pos="NOUN">интервю</instance>
         <wf lemma="за" pos="X">за</wf>
         <wf lemma="работа" pos="X">работа</wf>
         <wf lemma="." pos="X">.</wf>
      </sentence>
      <sentence id="d000.s7131" source="wordnet-bulgarian">
         <instance id="d000.s7131.t000" lemma="необходимост" pos="NOUN">необходимост</instance>
         <wf lemma="от" pos="X">от</wf>
         <wf lemma="пари" pos="X">пари</wf>
         <wf lemma="." pos="X">.</wf>
      </sentence>
      <sentence id="d000.s7132" source="wordnet-bulgarian">
         <wf lemma="плавни" pos="X">плавни</wf>
         <instance id="d000.s7132.t000" lemma="движение" pos="NOUN">движения</instance>
         <wf lemma="." pos="X">.</wf>
      </sentence>
      <sentence id="d000.s7133" source="wordnet-bulgarian">
         <wf lemma="външен" pos="X">външен</wf>
         <instance id="d000.s7133.t000" lemma="белег" pos="NOUN">белег</instance>
         <wf lemma="." pos="X">.</wf>
      </sentence>
      <sentence id="d000.s7134" source="wordnet-bulgarian">
         <wf lemma="претърпявам" pos="X">претърпявам</wf>
         <instance id="d000.s7134.t000" lemma="поражение" pos="NOUN">поражение</instance>
         <wf lemma="." pos="X">.</wf>
      </sentence>
      <sentence id="d000.s7135" source="wordnet-bulgarian">
         <wf lemma="музикални" pos="X">музикални</wf>
         <instance id="d000.s7135.t000" lemma="инструмент" pos="NOUN">инструменти</instance>
         <wf lemma="." pos="X">.</wf>
      </sentence>
      <sentence id="d000.s7136" source="wordnet-bulgarian">
         <wf lemma="многостранна" pos="X">многостранна</wf>
         <instance id="d000.s7136.t000" lemma="дейност" pos="NOUN">дейност</instance>
         <wf lemma="." pos="X">.</wf>
      </sentence>
      <sentence id="d000.s7137" source="wordnet-bulgarian">
         <wf lemma="Не" pos="X">Не</wf>
         <wf lemma="стигнахме" pos="X">стигнахме</wf>
         <wf lemma="до" pos="X">до</wf>
         <wf lemma="никакво" pos="X">никакво</wf>
         <instance id="d000.s7137.t000" lemma="решение" pos="NOUN">решение</instance>
         <wf lemma="." pos="X">.</wf>
      </sentence>
      <sentence id="d000.s7138" source="wordnet-bulgarian">
         <wf lemma="генна" pos="X">генна</wf>
         <instance id="d000.s7138.t000" lemma="мутация" pos="NOUN">мутация</instance>
         <wf lemma="." pos="X">.</wf>
      </sentence>
      <sentence id="d000.s7139" source="wordnet-bulgarian">
         <wf lemma="британски" pos="X">британски</wf>
         <instance id="d000.s7139.t000" lemma="национализъм" pos="NOUN">национализъм</instance>
         <wf lemma="." pos="X">.</wf>
      </sentence>
      <sentence id="d000.s7140" source="wordnet-bulgarian">
         <wf lemma="качвам" pos="X">качвам</wf>
         <wf lemma="се" pos="X">се</wf>
         <wf lemma="на" pos="X">на</wf>
         <instance id="d000.s7140.t000" lemma="сцена" pos="NOUN">сцената</instance>
         <wf lemma="." pos="X">.</wf>
      </sentence>
      <sentence id="d000.s7141" source="wordnet-bulgarian">
         <wf lemma="бедно" pos="X">бедно</wf>
         <instance id="d000.s7141.t000" lemma="предградие" pos="NOUN">предградие</instance>
         <wf lemma="." pos="X">.</wf>
      </sentence>
      <sentence id="d000.s7142" source="wordnet-bulgarian">
         <wf lemma="мия" pos="X">мия</wf>
         <instance id="d000.s7142.t000" lemma="съд" pos="NOUN">съдове</instance>
         <wf lemma="." pos="X">.</wf>
      </sentence>
      <sentence id="d000.s7143" source="wordnet-bulgarian">
         <wf lemma="търпя" pos="X">търпя</wf>
         <instance id="d000.s7143.t000" lemma="нападка" pos="NOUN">нападките</instance>
         <wf lemma="на" pos="X">на</wf>
         <wf lemma="." pos="X">.</wf>
      </sentence>
      <sentence id="d000.s7144" source="wordnet-bulgarian">
         <wf lemma="категорична" pos="X">категорична</wf>
         <instance id="d000.s7144.t000" lemma="декларация" pos="NOUN">декларация</instance>
         <wf lemma="." pos="X">.</wf>
      </sentence>
      <sentence id="d000.s7145" source="wordnet-bulgarian">
         <wf lemma="Нещо" pos="X">Нещо</wf>
         <wf lemma="блесна" pos="X">блесна</wf>
         <wf lemma="за" pos="X">за</wf>
         <instance id="d000.s7145.t000" lemma="миг" pos="NOUN">миг</instance>
         <wf lemma="и" pos="X">и</wf>
         <wf lemma="изчезна" pos="X">изчезна</wf>
         <wf lemma="." pos="X">.</wf>
      </sentence>
      <sentence id="d000.s7146" source="wordnet-bulgarian">
         <wf lemma="спокойна" pos="X">спокойна</wf>
         <instance id="d000.s7146.t000" lemma="обстановка" pos="NOUN">обстановка</instance>
         <wf lemma="." pos="X">.</wf>
      </sentence>
      <sentence id="d000.s7147" source="wordnet-bulgarian">
         <wf lemma="мръсен" pos="X">мръсен</wf>
         <instance id="d000.s7147.t000" lemma="канал" pos="NOUN">канал</instance>
         <wf lemma="." pos="X">.</wf>
      </sentence>
      <sentence id="d000.s7148" source="wordnet-bulgarian">
         <instance id="d000.s7148.t000" lemma="въведение" pos="NOUN">въведение</instance>
         <wf lemma="в" pos="X">в</wf>
         <wf lemma="езикознанието" pos="X">езикознанието</wf>
         <wf lemma="." pos="X">.</wf>
      </sentence>
      <sentence id="d000.s7149" source="wordnet-bulgarian">
         <wf lemma="Децата" pos="X">Децата</wf>
         <wf lemma="се" pos="X">се</wf>
         <wf lemma="спуснаха" pos="X">спуснаха</wf>
         <wf lemma="на" pos="X">на</wf>
         <instance id="d000.s7149.t000" lemma="пързалка" pos="NOUN">пързалката</instance>
         <wf lemma="." pos="X">.</wf>
      </sentence>
      <sentence id="d000.s7150" source="wordnet-bulgarian">
         <instance id="d000.s7150.t000" lemma="продължение" pos="NOUN">продължение</instance>
         <wf lemma="на" pos="X">на</wf>
         <wf lemma="." pos="X">.</wf>
      </sentence>
      <sentence id="d000.s7151" source="wordnet-bulgarian">
         <wf lemma="Той" pos="X">Той</wf>
         <wf lemma="няма" pos="X">няма</wf>
         <instance id="d000.s7151.t000" lemma="равен" pos="NOUN">равен</instance>
         <wf lemma="на" pos="X">на</wf>
         <wf lemma="себе" pos="X">себе</wf>
         <wf lemma="си" pos="X">си</wf>
         <wf lemma="." pos="X">.</wf>
      </sentence>
      <sentence id="d000.s7152" source="wordnet-bulgarian">
         <wf lemma="из" pos="X">из</wf>
         <instance id="d000.s7152.t000" lemma="околност" pos="NOUN">околностите</instance>
         <wf lemma="на" pos="X">на</wf>
         <wf lemma="." pos="X">.</wf>
      </sentence>
      <sentence id="d000.s7153" source="wordnet-bulgarian">
         <instance id="d000.s7153.t000" lemma="подправям" pos="VERB">подправям</instance>
         <wf lemma="документ" pos="X">документ</wf>
         <wf lemma="." pos="X">.</wf>
      </sentence>
      <sentence id="d000.s7154" source="wordnet-bulgarian">
         <wf lemma="Тя" pos="X">Тя</wf>
         <wf lemma="плачеше" pos="X">плачеше</wf>
         <wf lemma="над" pos="X">над</wf>
         <instance id="d000.s7154.t000" lemma="нещастие" pos="NOUN">нещастието</instance>
         <wf lemma="си" pos="X">си</wf>
         <wf lemma="." pos="X">.</wf>
      </sentence>
      <sentence id="d000.s7155" source="wordnet-bulgarian">
         <wf lemma="член" pos="X">член</wf>
         <wf lemma="на" pos="X">на</wf>
         <instance id="d000.s7155.t000" lemma="парламент" pos="NOUN">парламента</instance>
         <wf lemma="." pos="X">.</wf>
      </sentence>
      <sentence id="d000.s7156" source="wordnet-bulgarian">
         <wf lemma="пред" pos="X">пред</wf>
         <instance id="d000.s7156.t000" lemma="публика" pos="NOUN">публика</instance>
         <wf lemma="." pos="X">.</wf>
      </sentence>
      <sentence id="d000.s7157" source="wordnet-bulgarian">
         <wf lemma="Ценни" pos="X">Ценни</wf>
         <instance id="d000.s7157.t000" lemma="вещ" pos="NOUN">вещи</instance>
         <wf lemma="и" pos="X">и</wf>
         <wf lemma="предмети" pos="X">предмети</wf>
         <wf lemma="." pos="X">.</wf>
      </sentence>
      <sentence id="d000.s7158" source="wordnet-bulgarian">
         <wf lemma="знойно" pos="X">знойно</wf>
         <instance id="d000.s7158.t000" lemma="лято" pos="NOUN">лято</instance>
         <wf lemma="." pos="X">.</wf>
      </sentence>
      <sentence id="d000.s7159" source="wordnet-bulgarian">
         <wf lemma="лични" pos="X">лични</wf>
         <instance id="d000.s7159.t000" lemma="наблюдение" pos="NOUN">наблюдения</instance>
         <wf lemma="." pos="X">.</wf>
      </sentence>
      <sentence id="d000.s7160" source="wordnet-bulgarian">
         <wf lemma="дата" pos="X">дата</wf>
         <wf lemma="на" pos="X">на</wf>
         <instance id="d000.s7160.t000" lemma="заминаване" pos="NOUN">заминаване</instance>
         <wf lemma="." pos="X">.</wf>
      </sentence>
      <sentence id="d000.s7161" source="wordnet-bulgarian">
         <wf lemma="имам" pos="X">имам</wf>
         <wf lemma="пълно" pos="X">пълно</wf>
         <instance id="d000.s7161.t000" lemma="доверие" pos="NOUN">доверие</instance>
         <wf lemma="на" pos="X">на</wf>
         <wf lemma="." pos="X">.</wf>
      </sentence>
      <sentence id="d000.s7162" source="wordnet-bulgarian">
         <wf lemma="Имам" pos="X">Имам</wf>
         <wf lemma="твърдо" pos="X">твърдо</wf>
         <instance id="d000.s7162.t000" lemma="становище" pos="NOUN">становище</instance>
         <wf lemma="по" pos="X">по</wf>
         <wf lemma="въпроса" pos="X">въпроса</wf>
         <wf lemma="." pos="X">.</wf>
      </sentence>
      <sentence id="d000.s7163" source="wordnet-bulgarian">
         <wf lemma="Аз" pos="X">Аз</wf>
         <wf lemma="поемам" pos="X">поемам</wf>
         <instance id="d000.s7163.t000" lemma="вина" pos="NOUN">вината</instance>
         <wf lemma="върху" pos="X">върху</wf>
         <wf lemma="себе" pos="X">себе</wf>
         <wf lemma="си" pos="X">си</wf>
         <wf lemma="." pos="X">.</wf>
      </sentence>
      <sentence id="d000.s7164" source="wordnet-bulgarian">
         <wf lemma="без" pos="X">без</wf>
         <instance id="d000.s7164.t000" lemma="стойност" pos="NOUN">стойност</instance>
         <wf lemma="." pos="X">.</wf>
      </sentence>
      <sentence id="d000.s7165" source="wordnet-bulgarian">
         <wf lemma="оказвам" pos="X">оказвам</wf>
         <instance id="d000.s7165.t000" lemma="почит" pos="NOUN">почит</instance>
         <wf lemma="." pos="X">.</wf>
      </sentence>
      <sentence id="d000.s7166" source="wordnet-bulgarian">
         <wf lemma="арабски" pos="X">арабски</wf>
         <instance id="d000.s7166.t000" lemma="кон" pos="NOUN">кон</instance>
         <wf lemma="." pos="X">.</wf>
      </sentence>
      <sentence id="d000.s7167" source="wordnet-bulgarian">
         <wf lemma="рентгенова" pos="X">рентгенова</wf>
         <instance id="d000.s7167.t000" lemma="лаборатория" pos="NOUN">лаборатория</instance>
         <wf lemma="." pos="X">.</wf>
      </sentence>
      <sentence id="d000.s7168" source="wordnet-bulgarian">
         <instance id="d000.s7168.t000" lemma="сос" pos="NOUN">сос</instance>
         <wf lemma="за" pos="X">за</wf>
         <wf lemma="салата" pos="X">салата</wf>
         <wf lemma="." pos="X">.</wf>
      </sentence>
      <sentence id="d000.s7169" source="wordnet-bulgarian">
         <wf lemma="престъпвам" pos="X">престъпвам</wf>
         <instance id="d000.s7169.t000" lemma="закон" pos="NOUN">закона</instance>
         <wf lemma="." pos="X">.</wf>
      </sentence>
      <sentence id="d000.s7170" source="wordnet-bulgarian">
         <wf lemma="Той" pos="X">Той</wf>
         <wf lemma="получи" pos="X">получи</wf>
         <wf lemma="магистърската" pos="X">магистърската</wf>
         <wf lemma="си" pos="X">си</wf>
         <instance id="d000.s7170.t000" lemma="степен" pos="NOUN">степен</instance>
         <wf lemma="в" pos="X">в</wf>
         <wf lemma="СУ" pos="X">СУ</wf>
         <wf lemma="&quot;" pos="X">&quot;</wf>
         <wf lemma="Св." pos="X">Св.</wf>
         <wf lemma="Кл." pos="X">Кл.</wf>
         <wf lemma="Охридски" pos="X">Охридски</wf>
         <wf lemma="&quot;" pos="X">&quot;</wf>
         <wf lemma="." pos="X">.</wf>
      </sentence>
      <sentence id="d000.s7171" source="wordnet-bulgarian">
         <wf lemma="изстудявам" pos="X">изстудявам</wf>
         <wf lemma="бутилките" pos="X">бутилките</wf>
         <wf lemma="в" pos="X">в</wf>
         <instance id="d000.s7171.t000" lemma="лед" pos="NOUN">лед</instance>
         <wf lemma="." pos="X">.</wf>
      </sentence>
      <sentence id="d000.s7172" source="wordnet-bulgarian">
         <wf lemma="детски" pos="X">детски</wf>
         <instance id="d000.s7172.t000" lemma="велосипед" pos="NOUN">велосипед</instance>
         <wf lemma="." pos="X">.</wf>
      </sentence>
      <sentence id="d000.s7173" source="wordnet-bulgarian">
         <wf lemma="сватбен" pos="X">сватбен</wf>
         <instance id="d000.s7173.t000" lemma="ритуал" pos="NOUN">ритуал</instance>
         <wf lemma="." pos="X">.</wf>
      </sentence>
      <sentence id="d000.s7174" source="wordnet-bulgarian">
         <instance id="d000.s7174.t000" lemma="касиер" pos="NOUN">касиер</instance>
         <wf lemma="на" pos="X">на</wf>
         <wf lemma="." pos="X">.</wf>
      </sentence>
      <sentence id="d000.s7175" source="wordnet-bulgarian">
         <wf lemma="оживен" pos="X">оживен</wf>
         <instance id="d000.s7175.t000" lemma="разговор" pos="NOUN">разговор</instance>
         <wf lemma="." pos="X">.</wf>
      </sentence>
      <sentence id="d000.s7176" source="wordnet-bulgarian">
         <wf lemma="настоящ" pos="X">настоящ</wf>
         <instance id="d000.s7176.t000" lemma="президент" pos="NOUN">президент</instance>
         <wf lemma="." pos="X">.</wf>
      </sentence>
      <sentence id="d000.s7177" source="wordnet-bulgarian">
         <wf lemma="Жълта" pos="X">Жълта</wf>
         <instance id="d000.s7177.t000" lemma="пеперуда" pos="NOUN">пеперуда</instance>
         <wf lemma="кацна" pos="X">кацна</wf>
         <wf lemma="на" pos="X">на</wf>
         <wf lemma="прозореца" pos="X">прозореца</wf>
         <wf lemma="ми" pos="X">ми</wf>
         <wf lemma="." pos="X">.</wf>
      </sentence>
      <sentence id="d000.s7178" source="wordnet-bulgarian">
         <wf lemma="ограничен" pos="X">ограничен</wf>
         <instance id="d000.s7178.t000" lemma="обхват" pos="NOUN">обхват</instance>
         <wf lemma="." pos="X">.</wf>
      </sentence>
      <sentence id="d000.s7179" source="wordnet-bulgarian">
         <instance id="d000.s7179.t000" lemma="замръзвам" pos="VERB">замръзвам</instance>
         <wf lemma="от" pos="X">от</wf>
         <wf lemma="студ" pos="X">студ</wf>
         <wf lemma="." pos="X">.</wf>
      </sentence>
      <sentence id="d000.s7180" source="wordnet-bulgarian">
         <wf lemma="нечиста" pos="X">нечиста</wf>
         <instance id="d000.s7180.t000" lemma="съвест" pos="NOUN">съвест</instance>
         <wf lemma="." pos="X">.</wf>
      </sentence>
      <sentence id="d000.s7181" source="wordnet-bulgarian">
         <wf lemma="Аз" pos="X">Аз</wf>
         <wf lemma="съм" pos="X">съм</wf>
         <wf lemma="сигурен" pos="X">сигурен</wf>
         <wf lemma="в" pos="X">в</wf>
         <instance id="d000.s7181.t000" lemma="убеждение" pos="NOUN">убежденията</instance>
         <wf lemma="си" pos="X">си</wf>
         <wf lemma="." pos="X">.</wf>
      </sentence>
      <sentence id="d000.s7182" source="wordnet-bulgarian">
         <wf lemma="политически" pos="X">политически</wf>
         <instance id="d000.s7182.t000" lemma="конфликт" pos="NOUN">конфликт</instance>
         <wf lemma="." pos="X">.</wf>
      </sentence>
      <sentence id="d000.s7183" source="wordnet-bulgarian">
         <wf lemma="дрянова" pos="X">дрянова</wf>
         <instance id="d000.s7183.t000" lemma="пръчка" pos="NOUN">пръчка</instance>
         <wf lemma="." pos="X">.</wf>
      </sentence>
      <sentence id="d000.s7184" source="wordnet-bulgarian">
         <wf lemma="втренчен" pos="X">втренчен</wf>
         <instance id="d000.s7184.t000" lemma="поглед" pos="NOUN">поглед</instance>
         <wf lemma="." pos="X">.</wf>
      </sentence>
      <sentence id="d000.s7185" source="wordnet-bulgarian">
         <wf lemma="военен" pos="X">военен</wf>
         <instance id="d000.s7185.t000" lemma="съд" pos="NOUN">съд</instance>
         <wf lemma="." pos="X">.</wf>
      </sentence>
      <sentence id="d000.s7186" source="wordnet-bulgarian">
         <instance id="d000.s7186.t000" lemma="завършвам" pos="VERB">завършвам</instance>
         <wf lemma="гимназия" pos="X">гимназия</wf>
         <wf lemma="." pos="X">.</wf>
      </sentence>
      <sentence id="d000.s7187" source="wordnet-bulgarian">
         <wf lemma="съвременна" pos="X">съвременна</wf>
         <instance id="d000.s7187.t000" lemma="действителност" pos="NOUN">действителност</instance>
         <wf lemma="." pos="X">.</wf>
      </sentence>
      <sentence id="d000.s7188" source="wordnet-bulgarian">
         <wf lemma="притежавам" pos="X">притежавам</wf>
         <instance id="d000.s7188.t000" lemma="интелект" pos="NOUN">интелект</instance>
         <wf lemma="." pos="X">.</wf>
      </sentence>
      <sentence id="d000.s7189" source="wordnet-bulgarian">
         <wf lemma="обогатявам" pos="X">обогатявам</wf>
         <instance id="d000.s7189.t000" lemma="интелект" pos="NOUN">интелекта</instance>
         <wf lemma="си" pos="X">си</wf>
         <wf lemma="." pos="X">.</wf>
      </sentence>
      <sentence id="d000.s7190" source="wordnet-bulgarian">
         <wf lemma="сухопътна" pos="X">сухопътна</wf>
         <instance id="d000.s7190.t000" lemma="мина" pos="NOUN">мина</instance>
         <wf lemma="." pos="X">.</wf>
      </sentence>
      <sentence id="d000.s7191" source="wordnet-bulgarian">
         <wf lemma="доброволна" pos="X">доброволна</wf>
         <instance id="d000.s7191.t000" lemma="застраховка" pos="NOUN">застраховка</instance>
         <wf lemma="." pos="X">.</wf>
      </sentence>
      <sentence id="d000.s7192" source="wordnet-bulgarian">
         <wf lemma="сладководно" pos="X">сладководно</wf>
         <instance id="d000.s7192.t000" lemma="езеро" pos="NOUN">езеро</instance>
         <wf lemma="." pos="X">.</wf>
      </sentence>
      <sentence id="d000.s7193" source="wordnet-bulgarian">
         <wf lemma="високи" pos="X">високи</wf>
         <instance id="d000.s7193.t000" lemma="бурен" pos="NOUN">бурени</instance>
         <wf lemma="." pos="X">.</wf>
      </sentence>
      <sentence id="d000.s7194" source="wordnet-bulgarian">
         <wf lemma="поглед" pos="X">поглед</wf>
         <wf lemma="впит" pos="X">впит</wf>
         <wf lemma="в" pos="X">в</wf>
         <instance id="d000.s7194.t000" lemma="бъдеще" pos="NOUN">бъдещето</instance>
         <wf lemma="." pos="X">.</wf>
      </sentence>
      <sentence id="d000.s7195" source="wordnet-bulgarian">
         <wf lemma="наранена" pos="X">наранена</wf>
         <instance id="d000.s7195.t000" lemma="гордост" pos="NOUN">гордост</instance>
         <wf lemma="." pos="X">.</wf>
      </sentence>
      <sentence id="d000.s7196" source="wordnet-bulgarian">
         <wf lemma="хлътнали" pos="X">хлътнали</wf>
         <instance id="d000.s7196.t000" lemma="буза" pos="NOUN">бузи</instance>
         <wf lemma="." pos="X">.</wf>
      </sentence>
      <sentence id="d000.s7197" source="wordnet-bulgarian">
         <wf lemma="нямам" pos="X">нямам</wf>
         <wf lemma="необходимите" pos="X">необходимите</wf>
         <instance id="d000.s7197.t000" lemma="знание" pos="NOUN">знания</instance>
         <wf lemma="." pos="X">.</wf>
      </sentence>
      <sentence id="d000.s7198" source="wordnet-bulgarian">
         <instance id="d000.s7198.t000" lemma="работя" pos="VERB">Работя</instance>
         <wf lemma="като" pos="X">като</wf>
         <wf lemma="инженер" pos="X">инженер</wf>
         <wf lemma="." pos="X">.</wf>
      </sentence>
      <sentence id="d000.s7199" source="wordnet-bulgarian">
         <wf lemma="свободна" pos="X">свободна</wf>
         <instance id="d000.s7199.t000" lemma="воля" pos="NOUN">воля</instance>
         <wf lemma="." pos="X">.</wf>
      </sentence>
      <sentence id="d000.s7200" source="wordnet-bulgarian">
         <instance id="d000.s7200.t000" lemma="управител" pos="NOUN">управител</instance>
         <wf lemma="на" pos="X">на</wf>
         <wf lemma="магазин" pos="X">магазин</wf>
         <wf lemma="." pos="X">.</wf>
      </sentence>
      <sentence id="d000.s7201" source="wordnet-bulgarian">
         <instance id="d000.s7201.t000" lemma="спасявам" pos="VERB">Спасявам</instance>
         <wf lemma="от" pos="X">от</wf>
         <wf lemma="пожар" pos="X">пожар</wf>
         <wf lemma="." pos="X">.</wf>
      </sentence>
      <sentence id="d000.s7202" source="wordnet-bulgarian">
         <instance id="d000.s7202.t000" lemma="бог" pos="NOUN">бог</instance>
         <wf lemma="на" pos="X">на</wf>
         <wf lemma="гръмотевиците" pos="X">гръмотевиците</wf>
         <wf lemma="." pos="X">.</wf>
      </sentence>
      <sentence id="d000.s7203" source="wordnet-bulgarian">
         <wf lemma="ползвам" pos="X">ползвам</wf>
         <wf lemma="се" pos="X">се</wf>
         <wf lemma="от" pos="X">от</wf>
         <instance id="d000.s7203.t000" lemma="услуга" pos="NOUN">услугите</instance>
         <wf lemma="на" pos="X">на</wf>
         <wf lemma="." pos="X">.</wf>
      </sentence>
      <sentence id="d000.s7204" source="wordnet-bulgarian">
         <wf lemma="млад" pos="X">млад</wf>
         <instance id="d000.s7204.t000" lemma="шофьор" pos="NOUN">шофьор</instance>
         <wf lemma="." pos="X">.</wf>
      </sentence>
      <sentence id="d000.s7205" source="wordnet-bulgarian">
         <wf lemma="Искам" pos="X">Искам</wf>
         <wf lemma="да" pos="X">да</wf>
         <wf lemma="видя" pos="X">видя</wf>
         <instance id="d000.s7205.t000" lemma="лице" pos="NOUN">лицето</instance>
         <wf lemma="ти" pos="X">ти</wf>
         <wf lemma="." pos="X">.</wf>
      </sentence>
      <sentence id="d000.s7206" source="wordnet-bulgarian">
         <wf lemma="Синът" pos="X">Синът</wf>
         <wf lemma="му" pos="X">му</wf>
         <wf lemma="е" pos="X">е</wf>
         <wf lemma="още" pos="X">още</wf>
         <instance id="d000.s7206.t000" lemma="дете" pos="NOUN">дете</instance>
         <wf lemma="." pos="X">.</wf>
      </sentence>
      <sentence id="d000.s7207" source="wordnet-bulgarian">
         <wf lemma="Него" pos="X">Него</wf>
         <wf lemma="го" pos="X">го</wf>
         <wf lemma="бива" pos="X">бива</wf>
         <wf lemma="в" pos="X">в</wf>
         <instance id="d000.s7207.t000" lemma="сделка" pos="NOUN">сделките</instance>
         <wf lemma="." pos="X">.</wf>
      </sentence>
      <sentence id="d000.s7208" source="wordnet-bulgarian">
         <wf lemma="детски" pos="X">детски</wf>
         <instance id="d000.s7208.t000" lemma="обувка" pos="NOUN">обувки</instance>
         <wf lemma="." pos="X">.</wf>
      </sentence>
      <sentence id="d000.s7209" source="wordnet-bulgarian">
         <instance id="d000.s7209.t000" lemma="поход" pos="NOUN">поход</instance>
         <wf lemma="срещу" pos="X">срещу</wf>
         <wf lemma="." pos="X">.</wf>
      </sentence>
      <sentence id="d000.s7210" source="wordnet-bulgarian">
         <wf lemma="счупена" pos="X">счупена</wf>
         <instance id="d000.s7210.t000" lemma="чаша" pos="NOUN">чаша</instance>
         <wf lemma="." pos="X">.</wf>
      </sentence>
      <sentence id="d000.s7211" source="wordnet-bulgarian">
         <instance id="d000.s7211.t000" lemma="пренебрегвам" pos="VERB">пренебрегвам</instance>
         <wf lemma="общественото" pos="X">общественото</wf>
         <wf lemma="мнение" pos="X">мнение</wf>
         <wf lemma="." pos="X">.</wf>
      </sentence>
      <sentence id="d000.s7212" source="wordnet-bulgarian">
         <wf lemma="издигам" pos="X">издигам</wf>
         <wf lemma="нова" pos="X">нова</wf>
         <instance id="d000.s7212.t000" lemma="стена" pos="NOUN">стена</instance>
         <wf lemma="." pos="X">.</wf>
      </sentence>
      <sentence id="d000.s7213" source="wordnet-bulgarian">
         <wf lemma="персийски" pos="X">персийски</wf>
         <instance id="d000.s7213.t000" lemma="килим" pos="NOUN">килим</instance>
         <wf lemma="." pos="X">.</wf>
      </sentence>
      <sentence id="d000.s7214" source="wordnet-bulgarian">
         <wf lemma="на" pos="X">на</wf>
         <instance id="d000.s7214.t000" lemma="конвейер" pos="NOUN">конвейер</instance>
         <wf lemma="." pos="X">.</wf>
      </sentence>
      <sentence id="d000.s7215" source="wordnet-bulgarian">
         <wf lemma="Има" pos="X">Има</wf>
         <wf lemma="само" pos="X">само</wf>
         <wf lemma="една" pos="X">една</wf>
         <instance id="d000.s7215.t000" lemma="възможност" pos="NOUN">възможност</instance>
         <wf lemma="." pos="X">.</wf>
      </sentence>
      <sentence id="d000.s7216" source="wordnet-bulgarian">
         <wf lemma="интересна" pos="X">интересна</wf>
         <instance id="d000.s7216.t000" lemma="книга" pos="NOUN">книга</instance>
         <wf lemma="." pos="X">.</wf>
      </sentence>
      <sentence id="d000.s7217" source="wordnet-bulgarian">
         <wf lemma="декоративна" pos="X">декоративна</wf>
         <instance id="d000.s7217.t000" lemma="възглавница" pos="NOUN">възглавница</instance>
         <wf lemma="." pos="X">.</wf>
      </sentence>
      <sentence id="d000.s7218" source="wordnet-bulgarian">
         <wf lemma="приятелски" pos="X">приятелски</wf>
         <instance id="d000.s7218.t000" lemma="съвет" pos="NOUN">съвет</instance>
         <wf lemma="." pos="X">.</wf>
      </sentence>
      <sentence id="d000.s7219" source="wordnet-bulgarian">
         <wf lemma="изящни" pos="X">изящни</wf>
         <instance id="d000.s7219.t000" lemma="черта" pos="NOUN">черти</instance>
         <wf lemma="." pos="X">.</wf>
      </sentence>
      <sentence id="d000.s7220" source="wordnet-bulgarian">
         <wf lemma="информационен" pos="X">информационен</wf>
         <instance id="d000.s7220.t000" lemma="бюлетин" pos="NOUN">бюлетин</instance>
         <wf lemma="." pos="X">.</wf>
      </sentence>
      <sentence id="d000.s7221" source="wordnet-bulgarian">
         <wf lemma="шестостенна" pos="X">шестостенна</wf>
         <instance id="d000.s7221.t000" lemma="пирамида" pos="NOUN">пирамида</instance>
         <wf lemma="." pos="X">.</wf>
      </sentence>
      <sentence id="d000.s7222" source="wordnet-bulgarian">
         <wf lemma="евентуално" pos="X">евентуално</wf>
         <instance id="d000.s7222.t000" lemma="продължение" pos="NOUN">продължение</instance>
         <wf lemma="." pos="X">.</wf>
      </sentence>
      <sentence id="d000.s7223" source="wordnet-bulgarian">
         <wf lemma="Децата" pos="X">Децата</wf>
         <wf lemma="имат" pos="X">имат</wf>
         <wf lemma="нужда" pos="X">нужда</wf>
         <wf lemma="от" pos="X">от</wf>
         <instance id="d000.s7223.t000" lemma="баща" pos="NOUN">баща</instance>
         <wf lemma="." pos="X">.</wf>
      </sentence>
      <sentence id="d000.s7224" source="wordnet-bulgarian">
         <wf lemma="назначавам" pos="X">назначавам</wf>
         <wf lemma="за" pos="X">за</wf>
         <instance id="d000.s7224.t000" lemma="управител" pos="NOUN">управител</instance>
         <wf lemma="." pos="X">.</wf>
      </sentence>
      <sentence id="d000.s7225" source="wordnet-bulgarian">
         <wf lemma="дълга" pos="X">дълга</wf>
         <instance id="d000.s7225.t000" lemma="маса" pos="NOUN">маса</instance>
         <wf lemma="." pos="X">.</wf>
      </sentence>
      <sentence id="d000.s7226" source="wordnet-bulgarian">
         <instance id="d000.s7226.t000" lemma="приятел" pos="NOUN">Приятел</instance>
         <wf lemma="в" pos="X">в</wf>
         <wf lemma="нужда" pos="X">нужда</wf>
         <wf lemma="се" pos="X">се</wf>
         <wf lemma="познава" pos="X">познава</wf>
         <wf lemma="." pos="X">.</wf>
      </sentence>
      <sentence id="d000.s7227" source="wordnet-bulgarian">
         <wf lemma="освобождавам" pos="X">освобождавам</wf>
         <instance id="d000.s7227.t000" lemma="затворник" pos="NOUN">затворник</instance>
         <wf lemma="." pos="X">.</wf>
      </sentence>
      <sentence id="d000.s7228" source="wordnet-bulgarian">
         <instance id="d000.s7228.t000" lemma="търговец" pos="NOUN">търговец</instance>
         <wf lemma="на" pos="X">на</wf>
         <wf lemma="дрехи" pos="X">дрехи</wf>
         <wf lemma="." pos="X">.</wf>
      </sentence>
      <sentence id="d000.s7229" source="wordnet-bulgarian">
         <wf lemma="използвам" pos="X">използвам</wf>
         <instance id="d000.s7229.t000" lemma="обстоятелство" pos="NOUN">обстоятелствата</instance>
         <wf lemma="." pos="X">.</wf>
      </sentence>
      <sentence id="d000.s7230" source="wordnet-bulgarian">
         <wf lemma="вяра" pos="X">вяра</wf>
         <wf lemma="в" pos="X">в</wf>
         <instance id="d000.s7230.t000" lemma="бъдеще" pos="NOUN">бъдещето</instance>
         <wf lemma="." pos="X">.</wf>
      </sentence>
      <sentence id="d000.s7231" source="wordnet-bulgarian">
         <instance id="d000.s7231.t000" lemma="мотивация" pos="NOUN">мотивация</instance>
         <wf lemma="към" pos="X">към</wf>
         <wf lemma="законопроект" pos="X">законопроект</wf>
         <wf lemma="." pos="X">.</wf>
      </sentence>
      <sentence id="d000.s7232" source="wordnet-bulgarian">
         <wf lemma="отивам" pos="X">отивам</wf>
         <wf lemma="до" pos="X">до</wf>
         <instance id="d000.s7232.t000" lemma="магазин" pos="NOUN">магазина</instance>
         <wf lemma="." pos="X">.</wf>
      </sentence>
      <sentence id="d000.s7233" source="wordnet-bulgarian">
         <wf lemma="бял" pos="X">бял</wf>
         <instance id="d000.s7233.t000" lemma="цар" pos="NOUN">цар</instance>
         <wf lemma="." pos="X">.</wf>
      </sentence>
      <sentence id="d000.s7234" source="wordnet-bulgarian">
         <instance id="d000.s7234.t000" lemma="височина" pos="NOUN">височина</instance>
         <wf lemma="на" pos="X">на</wf>
         <wf lemma="тон." pos="X">тон.</wf>
      </sentence>
      <sentence id="d000.s7235" source="wordnet-bulgarian">
         <wf lemma="почивка" pos="X">почивка</wf>
         <wf lemma="на" pos="X">на</wf>
         <instance id="d000.s7235.t000" lemma="яхта" pos="NOUN">яхта</instance>
         <wf lemma="." pos="X">.</wf>
      </sentence>
      <sentence id="d000.s7236" source="wordnet-bulgarian">
         <wf lemma="начално" pos="X">начално</wf>
         <instance id="d000.s7236.t000" lemma="училище" pos="NOUN">училище</instance>
         <wf lemma="." pos="X">.</wf>
      </sentence>
      <sentence id="d000.s7237" source="wordnet-bulgarian">
         <wf lemma="През" pos="X">През</wf>
         <wf lemma="зимните" pos="X">зимните</wf>
         <wf lemma="месеци" pos="X">месеци</wf>
         <wf lemma="са" pos="X">са</wf>
         <wf lemma="необходими" pos="X">необходими</wf>
         <wf lemma="повече" pos="X">повече</wf>
         <instance id="d000.s7237.t000" lemma="гориво" pos="NOUN">горива</instance>
         <wf lemma="." pos="X">.</wf>
      </sentence>
      <sentence id="d000.s7238" source="wordnet-bulgarian">
         <wf lemma="използвам" pos="X">използвам</wf>
         <instance id="d000.s7238.t000" lemma="възможност" pos="NOUN">възможността</instance>
         <wf lemma="." pos="X">.</wf>
      </sentence>
      <sentence id="d000.s7239" source="wordnet-bulgarian">
         <wf lemma="черноморско" pos="X">черноморско</wf>
         <instance id="d000.s7239.t000" lemma="крайбрежие" pos="NOUN">крайбрежие</instance>
         <wf lemma="." pos="X">.</wf>
      </sentence>
      <sentence id="d000.s7240" source="wordnet-bulgarian">
         <wf lemma="сезонна" pos="X">сезонна</wf>
         <instance id="d000.s7240.t000" lemma="работа" pos="NOUN">работа</instance>
         <wf lemma="." pos="X">.</wf>
      </sentence>
      <sentence id="d000.s7241" source="wordnet-bulgarian">
         <wf lemma="храня" pos="X">храня</wf>
         <wf lemma="се" pos="X">се</wf>
         <wf lemma="с" pos="X">с</wf>
         <instance id="d000.s7241.t000" lemma="лъжица" pos="NOUN">лъжица</instance>
         <wf lemma="." pos="X">.</wf>
      </sentence>
      <sentence id="d000.s7242" source="wordnet-bulgarian">
         <instance id="d000.s7242.t000" lemma="декларация" pos="NOUN">декларация</instance>
         <wf lemma="за" pos="X">за</wf>
         <wf lemma="данъчно" pos="X">данъчно</wf>
         <wf lemma="облагане" pos="X">облагане</wf>
         <wf lemma="." pos="X">.</wf>
      </sentence>
      <sentence id="d000.s7243" source="wordnet-bulgarian">
         <instance id="d000.s7243.t000" lemma="свещеник" pos="NOUN">Свещеникът</instance>
         <wf lemma="отслужи" pos="X">отслужи</wf>
         <wf lemma="литургията" pos="X">литургията</wf>
         <wf lemma="." pos="X">.</wf>
      </sentence>
      <sentence id="d000.s7244" source="wordnet-bulgarian">
         <wf lemma="Всички" pos="X">Всички</wf>
         <wf lemma="са" pos="X">са</wf>
         <instance id="d000.s7244.t000" lemma="викам" pos="VERB">викани</instance>
         <wf lemma="за" pos="X">за</wf>
         <wf lemma="свидетели" pos="X">свидетели</wf>
         <wf lemma="." pos="X">.</wf>
      </sentence>
      <sentence id="d000.s7245" source="wordnet-bulgarian">
         <wf lemma="преодолявам" pos="X">преодолявам</wf>
         <instance id="d000.s7245.t000" lemma="трудност" pos="NOUN">трудностите</instance>
         <wf lemma="." pos="X">.</wf>
      </sentence>
      <sentence id="d000.s7246" source="wordnet-bulgarian">
         <wf lemma="Компанията" pos="X">Компанията</wf>
         <wf lemma="е" pos="X">е</wf>
         <instance id="d000.s7246.t000" lemma="създам" pos="VERB">създадена</instance>
         <wf lemma="преди" pos="X">преди</wf>
         <wf lemma="20" pos="X">20</wf>
         <wf lemma="години" pos="X">години</wf>
         <wf lemma="." pos="X">.</wf>
      </sentence>
      <sentence id="d000.s7247" source="wordnet-bulgarian">
         <wf lemma="За" pos="X">За</wf>
         <wf lemma="световното" pos="X">световното</wf>
         <wf lemma="първенство" pos="X">първенство</wf>
         <wf lemma="по" pos="X">по</wf>
         <wf lemma="футбол" pos="X">футбол</wf>
         <wf lemma="в" pos="X">в</wf>
         <wf lemma="Англия" pos="X">Англия</wf>
         <wf lemma="ще" pos="X">ще</wf>
         <wf lemma="бъдат" pos="X">бъдат</wf>
         <wf lemma="построени" pos="X">построени</wf>
         <wf lemma="няколко" pos="X">няколко</wf>
         <wf lemma="нови" pos="X">нови</wf>
         <instance id="d000.s7247.t000" lemma="стадион" pos="NOUN">стадиона</instance>
         <wf lemma="." pos="X">.</wf>
      </sentence>
      <sentence id="d000.s7248" source="wordnet-bulgarian">
         <wf lemma="зная" pos="X">зная</wf>
         <wf lemma="от" pos="X">от</wf>
         <wf lemma="горчив" pos="X">горчив</wf>
         <instance id="d000.s7248.t000" lemma="опит" pos="NOUN">опит</instance>
         <wf lemma="." pos="X">.</wf>
      </sentence>
      <sentence id="d000.s7249" source="wordnet-bulgarian">
         <wf lemma="На" pos="X">На</wf>
         <wf lemma="сцената" pos="X">сцената</wf>
         <wf lemma="се" pos="X">се</wf>
         <wf lemma="появи" pos="X">появи</wf>
         <wf lemma="артист" pos="X">артист</wf>
         <wf lemma="с" pos="X">с</wf>
         <instance id="d000.s7249.t000" lemma="микрофон" pos="NOUN">микрофон</instance>
         <wf lemma="в" pos="X">в</wf>
         <wf lemma="ръка" pos="X">ръка</wf>
         <wf lemma="." pos="X">.</wf>
      </sentence>
      <sentence id="d000.s7250" source="wordnet-bulgarian">
         <wf lemma="мръсно" pos="X">мръсно</wf>
         <instance id="d000.s7250.t000" lemma="бельо" pos="NOUN">бельо</instance>
         <wf lemma="." pos="X">.</wf>
      </sentence>
      <sentence id="d000.s7251" source="wordnet-bulgarian">
         <wf lemma="с" pos="X">с</wf>
         <wf lemma="такава" pos="X">такава</wf>
         <instance id="d000.s7251.t000" lemma="неохота" pos="NOUN">неохота</instance>
         <wf lemma="," pos="X">,</wf>
         <wf lemma="че" pos="X">че</wf>
         <wf lemma="." pos="X">.</wf>
      </sentence>
      <sentence id="d000.s7252" source="wordnet-bulgarian">
         <wf lemma="домашно" pos="X">домашно</wf>
         <instance id="d000.s7252.t000" lemma="насилие" pos="NOUN">насилие</instance>
         <wf lemma="." pos="X">.</wf>
      </sentence>
      <sentence id="d000.s7253" source="wordnet-bulgarian">
         <wf lemma="млад" pos="X">млад</wf>
         <instance id="d000.s7253.t000" lemma="музикант" pos="NOUN">музикант</instance>
         <wf lemma="." pos="X">.</wf>
      </sentence>
      <sentence id="d000.s7254" source="wordnet-bulgarian">
         <wf lemma="бяло" pos="X">бяло</wf>
         <instance id="d000.s7254.t000" lemma="сирене" pos="NOUN">сирене</instance>
         <wf lemma="." pos="X">.</wf>
      </sentence>
      <sentence id="d000.s7255" source="wordnet-bulgarian">
         <instance id="d000.s7255.t000" lemma="транспортиране" pos="NOUN">транспортиране</instance>
         <wf lemma="на" pos="X">на</wf>
         <wf lemma="багаж" pos="X">багаж</wf>
         <wf lemma="." pos="X">.</wf>
      </sentence>
      <sentence id="d000.s7256" source="wordnet-bulgarian">
         <wf lemma="търговски" pos="X">търговски</wf>
         <instance id="d000.s7256.t000" lemma="регистър" pos="NOUN">регистър</instance>
         <wf lemma="." pos="X">.</wf>
      </sentence>
      <sentence id="d000.s7257" source="wordnet-bulgarian">
         <wf lemma="търговско" pos="X">търговско</wf>
         <instance id="d000.s7257.t000" lemma="предложение" pos="NOUN">предложение</instance>
         <wf lemma="." pos="X">.</wf>
      </sentence>
      <sentence id="d000.s7258" source="wordnet-bulgarian">
         <wf lemma="автомобилна" pos="X">автомобилна</wf>
         <instance id="d000.s7258.t000" lemma="аларма" pos="NOUN">аларма</instance>
         <wf lemma="." pos="X">.</wf>
      </sentence>
      <sentence id="d000.s7259" source="wordnet-bulgarian">
         <wf lemma="Лошото" pos="X">Лошото</wf>
         <wf lemma="време" pos="X">време</wf>
         <instance id="d000.s7259.t000" lemma="продължа" pos="VERB">продължи</instance>
         <wf lemma="няколко" pos="X">няколко</wf>
         <wf lemma="дни" pos="X">дни</wf>
         <wf lemma="." pos="X">.</wf>
      </sentence>
      <sentence id="d000.s7260" source="wordnet-bulgarian">
         <wf lemma="многоетажна" pos="X">многоетажна</wf>
         <instance id="d000.s7260.t000" lemma="сграда" pos="NOUN">сграда</instance>
         <wf lemma="." pos="X">.</wf>
      </sentence>
      <sentence id="d000.s7261" source="wordnet-bulgarian">
         <wf lemma="лекувам" pos="X">лекувам</wf>
         <instance id="d000.s7261.t000" lemma="болест" pos="NOUN">болест</instance>
         <wf lemma="." pos="X">.</wf>
      </sentence>
      <sentence id="d000.s7262" source="wordnet-bulgarian">
         <instance id="d000.s7262.t000" lemma="изпитвам" pos="VERB">изпитвам</instance>
         <wf lemma="срам" pos="X">срам</wf>
         <wf lemma="." pos="X">.</wf>
      </sentence>
      <sentence id="d000.s7263" source="wordnet-bulgarian">
         <wf lemma="Горна" pos="X">Горна</wf>
         <instance id="d000.s7263.t000" lemma="камара" pos="NOUN">камара</instance>
         <wf lemma="." pos="X">.</wf>
      </sentence>
      <sentence id="d000.s7264" source="wordnet-bulgarian">
         <instance id="d000.s7264.t000" lemma="посока" pos="NOUN">посока</instance>
         <wf lemma="на" pos="X">на</wf>
         <wf lemma="движение" pos="X">движение</wf>
         <wf lemma="." pos="X">.</wf>
      </sentence>
      <sentence id="d000.s7265" source="wordnet-bulgarian">
         <instance id="d000.s7265.t000" lemma="нямам" pos="VERB">нямам</instance>
         <wf lemma="късмет" pos="X">късмет</wf>
         <wf lemma="." pos="X">.</wf>
      </sentence>
      <sentence id="d000.s7266" source="wordnet-bulgarian">
         <wf lemma="чета" pos="X">чета</wf>
         <instance id="d000.s7266.t000" lemma="молитва" pos="NOUN">молитва</instance>
         <wf lemma="." pos="X">.</wf>
      </sentence>
      <sentence id="d000.s7267" source="wordnet-bulgarian">
         <instance id="d000.s7267.t000" lemma="кучка" pos="NOUN">Кучка</instance>
         <wf lemma="такава" pos="X">такава</wf>
         <wf lemma="!" pos="X">!</wf>
      </sentence>
      <sentence id="d000.s7268" source="wordnet-bulgarian">
         <wf lemma="чувство" pos="X">чувство</wf>
         <wf lemma="на" pos="X">на</wf>
         <instance id="d000.s7268.t000" lemma="волност" pos="NOUN">волност</instance>
         <wf lemma="." pos="X">.</wf>
      </sentence>
      <sentence id="d000.s7269" source="wordnet-bulgarian">
         <wf lemma="от" pos="X">от</wf>
         <instance id="d000.s7269.t000" lemma="съжаление" pos="NOUN">съжаление</instance>
         <wf lemma="." pos="X">.</wf>
      </sentence>
      <sentence id="d000.s7270" source="wordnet-bulgarian">
         <wf lemma="Тютюнопушенето" pos="X">Тютюнопушенето</wf>
         <wf lemma="нанася" pos="X">нанася</wf>
         <wf lemma="вреди" pos="X">вреди</wf>
         <wf lemma="на" pos="X">на</wf>
         <wf lemma="организма" pos="X">организма</wf>
         <wf lemma="само" pos="X">само</wf>
         <wf lemma="няколко" pos="X">няколко</wf>
         <wf lemma="минути" pos="X">минути</wf>
         <wf lemma="след" pos="X">след</wf>
         <wf lemma="първата" pos="X">първата</wf>
         <instance id="d000.s7270.t000" lemma="цигара" pos="NOUN">цигара</instance>
         <wf lemma="." pos="X">.</wf>
      </sentence>
      <sentence id="d000.s7271" source="wordnet-bulgarian">
         <wf lemma="претърпявам" pos="X">претърпявам</wf>
         <instance id="d000.s7271.t000" lemma="загуба" pos="NOUN">загуба</instance>
         <wf lemma="." pos="X">.</wf>
      </sentence>
      <sentence id="d000.s7272" source="wordnet-bulgarian">
         <wf lemma="количка" pos="X">количка</wf>
         <wf lemma="за" pos="X">за</wf>
         <instance id="d000.s7272.t000" lemma="бебе" pos="NOUN">бебе</instance>
         <wf lemma="." pos="X">.</wf>
      </sentence>
      <sentence id="d000.s7273" source="wordnet-bulgarian">
         <instance id="d000.s7273.t000" lemma="преговори" pos="NOUN">преговори</instance>
         <wf lemma="за" pos="X">за</wf>
         <wf lemma="примирие" pos="X">примирие</wf>
         <wf lemma="." pos="X">.</wf>
      </sentence>
      <sentence id="d000.s7274" source="wordnet-bulgarian">
         <wf lemma="сушени" pos="X">сушени</wf>
         <instance id="d000.s7274.t000" lemma="ябълка" pos="NOUN">ябълки</instance>
         <wf lemma="." pos="X">.</wf>
      </sentence>
      <sentence id="d000.s7275" source="wordnet-bulgarian">
         <instance id="d000.s7275.t000" lemma="корен" pos="NOUN">корен</instance>
         <wf lemma="на" pos="X">на</wf>
         <wf lemma="дърво" pos="X">дърво</wf>
         <wf lemma="." pos="X">.</wf>
      </sentence>
      <sentence id="d000.s7276" source="wordnet-bulgarian">
         <wf lemma="усещам" pos="X">усещам</wf>
         <instance id="d000.s7276.t000" lemma="допир" pos="NOUN">допир</instance>
         <wf lemma="." pos="X">.</wf>
      </sentence>
      <sentence id="d000.s7277" source="wordnet-bulgarian">
         <wf lemma="удрям" pos="X">удрям</wf>
         <wf lemma="през" pos="X">през</wf>
         <instance id="d000.s7277.t000" lemma="ръка" pos="NOUN">ръцете</instance>
         <wf lemma="." pos="X">.</wf>
      </sentence>
      <sentence id="d000.s7278" source="wordnet-bulgarian">
         <wf lemma="на" pos="X">на</wf>
         <instance id="d000.s7278.t000" lemma="юг" pos="NOUN">юг</instance>
         <wf lemma="." pos="X">.</wf>
      </sentence>
      <sentence id="d000.s7279" source="wordnet-bulgarian">
         <wf lemma="преден" pos="X">преден</wf>
         <instance id="d000.s7279.t000" lemma="зъб" pos="NOUN">зъб</instance>
         <wf lemma="." pos="X">.</wf>
      </sentence>
      <sentence id="d000.s7280" source="wordnet-bulgarian">
         <wf lemma="по" pos="X">по</wf>
         <wf lemma="силата" pos="X">силата</wf>
         <wf lemma="на" pos="X">на</wf>
         <instance id="d000.s7280.t000" lemma="закон" pos="NOUN">закона</instance>
         <wf lemma="." pos="X">.</wf>
      </sentence>
      <sentence id="d000.s7281" source="wordnet-bulgarian">
         <wf lemma="определям" pos="X">определям</wf>
         <instance id="d000.s7281.t000" lemma="критерий" pos="NOUN">критерия</instance>
         <wf lemma="за" pos="X">за</wf>
         <wf lemma="." pos="X">.</wf>
      </sentence>
      <sentence id="d000.s7282" source="wordnet-bulgarian">
         <instance id="d000.s7282.t000" lemma="джоб" pos="NOUN">джоб</instance>
         <wf lemma="на" pos="X">на</wf>
         <wf lemma="пола" pos="X">пола</wf>
         <wf lemma="." pos="X">.</wf>
      </sentence>
      <sentence id="d000.s7283" source="wordnet-bulgarian">
         <wf lemma="икономическа" pos="X">икономическа</wf>
         <instance id="d000.s7283.t000" lemma="криза" pos="NOUN">криза</instance>
         <wf lemma="." pos="X">.</wf>
      </sentence>
      <sentence id="d000.s7284" source="wordnet-bulgarian">
         <wf lemma="електрически" pos="X">електрически</wf>
         <instance id="d000.s7284.t000" lemma="локомотив" pos="NOUN">локомотив</instance>
         <wf lemma="." pos="X">.</wf>
      </sentence>
      <sentence id="d000.s7285" source="wordnet-bulgarian">
         <wf lemma="Това" pos="X">Това</wf>
         <wf lemma="е" pos="X">е</wf>
         <wf lemma="пълна" pos="X">пълна</wf>
         <instance id="d000.s7285.t000" lemma="илюзия" pos="NOUN">илюзия</instance>
         <wf lemma="." pos="X">.</wf>
      </sentence>
      <sentence id="d000.s7286" source="wordnet-bulgarian">
         <wf lemma="Ще" pos="X">Ще</wf>
         <wf lemma="имам" pos="X">имам</wf>
         <instance id="d000.s7286.t000" lemma="гост" pos="NOUN">гости</instance>
         <wf lemma="." pos="X">.</wf>
      </sentence>
      <sentence id="d000.s7287" source="wordnet-bulgarian">
         <wf lemma="сблъсквам" pos="X">сблъсквам</wf>
         <wf lemma="се" pos="X">се</wf>
         <wf lemma="с" pos="X">с</wf>
         <wf lemma="няколко" pos="X">няколко</wf>
         <instance id="d000.s7287.t000" lemma="гледище" pos="NOUN">гледища</instance>
         <wf lemma="." pos="X">.</wf>
      </sentence>
      <sentence id="d000.s7288" source="wordnet-bulgarian">
         <wf lemma="счупен" pos="X">счупен</wf>
         <instance id="d000.s7288.t000" lemma="рог" pos="NOUN">рог</instance>
         <wf lemma="." pos="X">.</wf>
      </sentence>
      <sentence id="d000.s7289" source="wordnet-bulgarian">
         <wf lemma="оказвам" pos="X">оказвам</wf>
         <instance id="d000.s7289.t000" lemma="въздействие" pos="NOUN">въздействие</instance>
         <wf lemma="върху" pos="X">върху</wf>
         <wf lemma="." pos="X">.</wf>
      </sentence>
      <sentence id="d000.s7290" source="wordnet-bulgarian">
         <wf lemma="имам" pos="X">имам</wf>
         <instance id="d000.s7290.t000" lemma="охрана" pos="NOUN">охрана</instance>
         <wf lemma="." pos="X">.</wf>
      </sentence>
      <sentence id="d000.s7291" source="wordnet-bulgarian">
         <wf lemma="чипровски" pos="X">чипровски</wf>
         <instance id="d000.s7291.t000" lemma="килим" pos="NOUN">килим</instance>
         <wf lemma="." pos="X">.</wf>
      </sentence>
      <sentence id="d000.s7292" source="wordnet-bulgarian">
         <instance id="d000.s7292.t000" lemma="скала" pos="NOUN">скала</instance>
         <wf lemma="от" pos="X">от</wf>
         <wf lemma="едно" pos="X">едно</wf>
         <wf lemma="до" pos="X">до</wf>
         <wf lemma="десет" pos="X">десет</wf>
         <wf lemma="." pos="X">.</wf>
      </sentence>
      <sentence id="d000.s7293" source="wordnet-bulgarian">
         <wf lemma="хубаво" pos="X">хубаво</wf>
         <instance id="d000.s7293.t000" lemma="тяло" pos="NOUN">тяло</instance>
         <wf lemma="." pos="X">.</wf>
      </sentence>
      <sentence id="d000.s7294" source="wordnet-bulgarian">
         <wf lemma="Няма" pos="X">Няма</wf>
         <wf lemma="никаква" pos="X">никаква</wf>
         <instance id="d000.s7294.t000" lemma="гаранция" pos="NOUN">гаранция</instance>
         <wf lemma="," pos="X">,</wf>
         <wf lemma="че" pos="X">че</wf>
         <wf lemma="ще" pos="X">ще</wf>
         <wf lemma="стане" pos="X">стане</wf>
         <wf lemma="точно" pos="X">точно</wf>
         <wf lemma="така" pos="X">така</wf>
         <wf lemma="." pos="X">.</wf>
      </sentence>
      <sentence id="d000.s7295" source="wordnet-bulgarian">
         <wf lemma="средна" pos="X">средна</wf>
         <instance id="d000.s7295.t000" lemma="скорост" pos="NOUN">скорост</instance>
         <wf lemma="." pos="X">.</wf>
      </sentence>
      <sentence id="d000.s7296" source="wordnet-bulgarian">
         <instance id="d000.s7296.t000" lemma="влак" pos="NOUN">Влакът</instance>
         <wf lemma="от" pos="X">от</wf>
         <wf lemma="София" pos="X">София</wf>
         <wf lemma="пристига" pos="X">пристига</wf>
         <wf lemma="на" pos="X">на</wf>
         <wf lemma="първи" pos="X">първи</wf>
         <wf lemma="коловоз" pos="X">коловоз</wf>
         <wf lemma="." pos="X">.</wf>
      </sentence>
      <sentence id="d000.s7297" source="wordnet-bulgarian">
         <wf lemma="Увеличава" pos="X">Увеличава</wf>
         <wf lemma="се" pos="X">се</wf>
         <instance id="d000.s7297.t000" lemma="консумация" pos="NOUN">консумацията</instance>
         <wf lemma="на" pos="X">на</wf>
         <wf lemma="електроенергия" pos="X">електроенергия</wf>
         <wf lemma="." pos="X">.</wf>
      </sentence>
      <sentence id="d000.s7298" source="wordnet-bulgarian">
         <wf lemma="заставам" pos="X">заставам</wf>
         <wf lemma="на" pos="X">на</wf>
         <instance id="d000.s7298.t000" lemma="подиум" pos="NOUN">подиума</instance>
         <wf lemma="." pos="X">.</wf>
      </sentence>
      <sentence id="d000.s7299" source="wordnet-bulgarian">
         <wf lemma="дебела" pos="X">дебела</wf>
         <instance id="d000.s7299.t000" lemma="книга" pos="NOUN">книга</instance>
         <wf lemma="." pos="X">.</wf>
      </sentence>
      <sentence id="d000.s7300" source="wordnet-bulgarian">
         <wf lemma="любителска" pos="X">любителска</wf>
         <instance id="d000.s7300.t000" lemma="авиация" pos="NOUN">авиация</instance>
         <wf lemma="." pos="X">.</wf>
      </sentence>
      <sentence id="d000.s7301" source="wordnet-bulgarian">
         <wf lemma="общински" pos="X">общински</wf>
         <instance id="d000.s7301.t000" lemma="архив" pos="NOUN">архив</instance>
         <wf lemma="." pos="X">.</wf>
      </sentence>
      <sentence id="d000.s7302" source="wordnet-bulgarian">
         <instance id="d000.s7302.t000" lemma="гаранция" pos="NOUN">гаранцията</instance>
         <wf lemma="е" pos="X">е</wf>
         <wf lemma="изтекла" pos="X">изтекла</wf>
         <wf lemma="." pos="X">.</wf>
      </sentence>
      <sentence id="d000.s7303" source="wordnet-bulgarian">
         <instance id="d000.s7303.t000" lemma="признак" pos="NOUN">Признаци</instance>
         <wf lemma="на" pos="X">на</wf>
         <wf lemma="умора" pos="X">умора</wf>
         <wf lemma="." pos="X">.</wf>
      </sentence>
      <sentence id="d000.s7304" source="wordnet-bulgarian">
         <wf lemma="отпускам" pos="X">отпускам</wf>
         <wf lemma="се" pos="X">се</wf>
         <wf lemma="във" pos="X">във</wf>
         <instance id="d000.s7304.t000" lemma="вана" pos="NOUN">ваната</instance>
         <wf lemma="." pos="X">.</wf>
      </sentence>
      <sentence id="d000.s7305" source="wordnet-bulgarian">
         <wf lemma="без" pos="X">без</wf>
         <instance id="d000.s7305.t000" lemma="позволение" pos="NOUN">позволение</instance>
         <wf lemma="." pos="X">.</wf>
      </sentence>
      <sentence id="d000.s7306" source="wordnet-bulgarian">
         <instance id="d000.s7306.t000" lemma="окачвам" pos="VERB">Окачвам</instance>
         <wf lemma="картини" pos="X">картини</wf>
         <wf lemma="по" pos="X">по</wf>
         <wf lemma="стената" pos="X">стената</wf>
         <wf lemma="." pos="X">.</wf>
      </sentence>
      <sentence id="d000.s7307" source="wordnet-bulgarian">
         <wf lemma="от" pos="X">от</wf>
         <instance id="d000.s7307.t000" lemma="вълнение" pos="NOUN">вълнение</instance>
         <wf lemma="." pos="X">.</wf>
      </sentence>
      <sentence id="d000.s7308" source="wordnet-bulgarian">
         <instance id="d000.s7308.t000" lemma="обяснявам" pos="VERB">обяснявам</instance>
         <wf lemma="устройство" pos="X">устройство</wf>
         <wf lemma="на" pos="X">на</wf>
         <wf lemma="машина" pos="X">машина</wf>
         <wf lemma="." pos="X">.</wf>
      </sentence>
      <sentence id="d000.s7309" source="wordnet-bulgarian">
         <wf lemma="Редя" pos="X">Редя</wf>
         <instance id="d000.s7309.t000" lemma="снимка" pos="NOUN">снимки</instance>
         <wf lemma="в" pos="X">в</wf>
         <wf lemma="албума" pos="X">албума</wf>
         <wf lemma="." pos="X">.</wf>
      </sentence>
      <sentence id="d000.s7310" source="wordnet-bulgarian">
         <wf lemma="Ще" pos="X">Ще</wf>
         <wf lemma="ви" pos="X">ви</wf>
         <wf lemma="разкажа" pos="X">разкажа</wf>
         <wf lemma="една" pos="X">една</wf>
         <instance id="d000.s7310.t000" lemma="история" pos="NOUN">история</instance>
         <wf lemma="." pos="X">.</wf>
      </sentence>
      <sentence id="d000.s7311" source="wordnet-bulgarian">
         <wf lemma="военен" pos="X">военен</wf>
         <instance id="d000.s7311.t000" lemma="парад" pos="NOUN">парад</instance>
         <wf lemma="." pos="X">.</wf>
      </sentence>
      <sentence id="d000.s7312" source="wordnet-bulgarian">
         <wf lemma="памучен" pos="X">памучен</wf>
         <instance id="d000.s7312.t000" lemma="плат" pos="NOUN">плат</instance>
         <wf lemma="." pos="X">.</wf>
      </sentence>
      <sentence id="d000.s7313" source="wordnet-bulgarian">
         <wf lemma="уличен" pos="X">уличен</wf>
         <instance id="d000.s7313.t000" lemma="търговец" pos="NOUN">търговец</instance>
         <wf lemma="." pos="X">.</wf>
      </sentence>
      <sentence id="d000.s7314" source="wordnet-bulgarian">
         <instance id="d000.s7314.t000" lemma="стъбло" pos="NOUN">Стъблото</instance>
         <wf lemma="на" pos="X">на</wf>
         <wf lemma="цветето" pos="X">цветето</wf>
         <wf lemma="се" pos="X">се</wf>
         <wf lemma="огъна" pos="X">огъна</wf>
         <wf lemma="от" pos="X">от</wf>
         <wf lemma="силния" pos="X">силния</wf>
         <wf lemma="вятър" pos="X">вятър</wf>
         <wf lemma="." pos="X">.</wf>
      </sentence>
      <sentence id="d000.s7315" source="wordnet-bulgarian">
         <instance id="d000.s7315.t000" lemma="членство" pos="NOUN">членство</instance>
         <wf lemma="в." pos="X">в.</wf>
      </sentence>
      <sentence id="d000.s7316" source="wordnet-bulgarian">
         <instance id="d000.s7316.t000" lemma="банкнота" pos="NOUN">Банкнотите</instance>
         <wf lemma="бяха" pos="X">бяха</wf>
         <wf lemma="по-малко" pos="X">по-малко</wf>
         <wf lemma="от" pos="X">от</wf>
         <wf lemma="уговорените" pos="X">уговорените</wf>
         <wf lemma="." pos="X">.</wf>
      </sentence>
      <sentence id="d000.s7317" source="wordnet-bulgarian">
         <wf lemma="пристрастен" pos="X">пристрастен</wf>
         <wf lemma="към" pos="X">към</wf>
         <instance id="d000.s7317.t000" lemma="наркотик" pos="NOUN">наркотиците</instance>
         <wf lemma="." pos="X">.</wf>
      </sentence>
      <sentence id="d000.s7318" source="wordnet-bulgarian">
         <wf lemma="няма" pos="X">няма</wf>
         <wf lemma="никаква" pos="X">никаква</wf>
         <instance id="d000.s7318.t000" lemma="възможност" pos="NOUN">възможност</instance>
         <wf lemma="." pos="X">.</wf>
      </sentence>
      <sentence id="d000.s7319" source="wordnet-bulgarian">
         <wf lemma="голяма" pos="X">голяма</wf>
         <instance id="d000.s7319.t000" lemma="змия" pos="NOUN">змия</instance>
         <wf lemma="." pos="X">.</wf>
      </sentence>
      <sentence id="d000.s7320" source="wordnet-bulgarian">
         <wf lemma="груб" pos="X">груб</wf>
         <instance id="d000.s7320.t000" lemma="израз" pos="NOUN">израз</instance>
         <wf lemma="." pos="X">.</wf>
      </sentence>
      <sentence id="d000.s7321" source="wordnet-bulgarian">
         <wf lemma="добър" pos="X">добър</wf>
         <instance id="d000.s7321.t000" lemma="моряк" pos="NOUN">моряк</instance>
         <wf lemma="." pos="X">.</wf>
      </sentence>
      <sentence id="d000.s7322" source="wordnet-bulgarian">
         <instance id="d000.s7322.t000" lemma="подготовка" pos="NOUN">подготовка</instance>
         <wf lemma="за" pos="X">за</wf>
         <wf lemma="изпит" pos="X">изпит</wf>
         <wf lemma="." pos="X">.</wf>
      </sentence>
      <sentence id="d000.s7323" source="wordnet-bulgarian">
         <wf lemma="равнище" pos="X">равнище</wf>
         <wf lemma="на" pos="X">на</wf>
         <instance id="d000.s7323.t000" lemma="безработица" pos="NOUN">безработица</instance>
         <wf lemma="." pos="X">.</wf>
      </sentence>
      <sentence id="d000.s7324" source="wordnet-bulgarian">
         <wf lemma="висока" pos="X">висока</wf>
         <instance id="d000.s7324.t000" lemma="степен" pos="NOUN">степен</instance>
         <wf lemma="на" pos="X">на</wf>
         <wf lemma="развитие" pos="X">развитие</wf>
         <wf lemma="." pos="X">.</wf>
      </sentence>
      <sentence id="d000.s7325" source="wordnet-bulgarian">
         <instance id="d000.s7325.t000" lemma="детство" pos="NOUN">Детството</instance>
         <wf lemma="ми" pos="X">ми</wf>
         <wf lemma="мина" pos="X">мина</wf>
         <wf lemma="на" pos="X">на</wf>
         <wf lemma="село" pos="X">село</wf>
         <wf lemma="." pos="X">.</wf>
      </sentence>
      <sentence id="d000.s7326" source="wordnet-bulgarian">
         <wf lemma="Налице" pos="X">Налице</wf>
         <wf lemma="е" pos="X">е</wf>
         <wf lemma="голям" pos="X">голям</wf>
         <instance id="d000.s7326.t000" lemma="конфликт" pos="NOUN">конфликт</instance>
         <wf lemma="." pos="X">.</wf>
      </sentence>
      <sentence id="d000.s7327" source="wordnet-bulgarian">
         <instance id="d000.s7327.t000" lemma="окачествявам" pos="VERB">окачествявам</instance>
         <wf lemma="храна" pos="X">храна</wf>
         <wf lemma="." pos="X">.</wf>
      </sentence>
      <sentence id="d000.s7328" source="wordnet-bulgarian">
         <instance id="d000.s7328.t000" lemma="близък" pos="NOUN">близък</instance>
         <wf lemma="приятел" pos="X">приятел</wf>
         <wf lemma="." pos="X">.</wf>
      </sentence>
      <sentence id="d000.s7329" source="wordnet-bulgarian">
         <instance id="d000.s7329.t000" lemma="падане" pos="NOUN">падане</instance>
         <wf lemma="и" pos="X">и</wf>
         <wf lemma="ставане" pos="X">ставане</wf>
         <wf lemma="." pos="X">.</wf>
      </sentence>
      <sentence id="d000.s7330" source="wordnet-bulgarian">
         <wf lemma="отивам" pos="X">отивам</wf>
         <wf lemma="на" pos="X">на</wf>
         <instance id="d000.s7330.t000" lemma="лекар" pos="NOUN">лекар</instance>
         <wf lemma="." pos="X">.</wf>
      </sentence>
      <sentence id="d000.s7331" source="wordnet-bulgarian">
         <wf lemma="остра" pos="X">остра</wf>
         <instance id="d000.s7331.t000" lemma="критика" pos="NOUN">критика</instance>
         <wf lemma="." pos="X">.</wf>
      </sentence>
      <sentence id="d000.s7332" source="wordnet-bulgarian">
         <wf lemma="Брат" pos="X">Брат</wf>
         <wf lemma="ми" pos="X">ми</wf>
         <instance id="d000.s7332.t000" lemma="пея" pos="VERB">пее</instance>
         <wf lemma="много" pos="X">много</wf>
         <wf lemma="добре" pos="X">добре</wf>
         <wf lemma="." pos="X">.</wf>
      </sentence>
      <sentence id="d000.s7333" source="wordnet-bulgarian">
         <wf lemma="чертая" pos="X">чертая</wf>
         <instance id="d000.s7333.t000" lemma="план" pos="NOUN">план</instance>
         <wf lemma="." pos="X">.</wf>
      </sentence>
      <sentence id="d000.s7334" source="wordnet-bulgarian">
         <wf lemma="Подсъдимият" pos="X">Подсъдимият</wf>
         <wf lemma="направи" pos="X">направи</wf>
         <wf lemma="пълни" pos="X">пълни</wf>
         <instance id="d000.s7334.t000" lemma="признание" pos="NOUN">признания</instance>
         <wf lemma="." pos="X">.</wf>
      </sentence>
      <sentence id="d000.s7335" source="wordnet-bulgarian">
         <wf lemma="спасявам" pos="X">спасявам</wf>
         <instance id="d000.s7335.t000" lemma="живот" pos="NOUN">живот</instance>
         <wf lemma="." pos="X">.</wf>
      </sentence>
      <sentence id="d000.s7336" source="wordnet-bulgarian">
         <wf lemma="бяла" pos="X">бяла</wf>
         <instance id="d000.s7336.t000" lemma="кожа" pos="NOUN">кожа</instance>
         <wf lemma="." pos="X">.</wf>
      </sentence>
      <sentence id="d000.s7337" source="wordnet-bulgarian">
         <wf lemma="получавам" pos="X">получавам</wf>
         <instance id="d000.s7337.t000" lemma="роля" pos="NOUN">роля</instance>
         <wf lemma="." pos="X">.</wf>
      </sentence>
      <sentence id="d000.s7338" source="wordnet-bulgarian">
         <wf lemma="умствен" pos="X">умствен</wf>
         <instance id="d000.s7338.t000" lemma="работник" pos="NOUN">работник</instance>
         <wf lemma="." pos="X">.</wf>
      </sentence>
      <sentence id="d000.s7339" source="wordnet-bulgarian">
         <wf lemma="без" pos="X">без</wf>
         <instance id="d000.s7339.t000" lemma="ограничение" pos="NOUN">ограничения</instance>
         <wf lemma="." pos="X">.</wf>
      </sentence>
      <sentence id="d000.s7340" source="wordnet-bulgarian">
         <wf lemma="замразяване" pos="X">замразяване</wf>
         <wf lemma="на" pos="X">на</wf>
         <instance id="d000.s7340.t000" lemma="клетка" pos="NOUN">клетки</instance>
         <wf lemma="." pos="X">.</wf>
      </sentence>
      <sentence id="d000.s7341" source="wordnet-bulgarian">
         <instance id="d000.s7341.t000" lemma="лъжа" pos="VERB">лъжа</instance>
         <wf lemma="на" pos="X">на</wf>
         <wf lemma="дребно" pos="X">дребно</wf>
         <wf lemma="." pos="X">.</wf>
      </sentence>
      <sentence id="d000.s7342" source="wordnet-bulgarian">
         <wf lemma="невинна" pos="X">невинна</wf>
         <instance id="d000.s7342.t000" lemma="лъжа" pos="NOUN">лъжа</instance>
         <wf lemma="." pos="X">.</wf>
      </sentence>
      <sentence id="d000.s7343" source="wordnet-bulgarian">
         <wf lemma="От" pos="X">От</wf>
         <wf lemma="днес" pos="X">днес</wf>
         <wf lemma="започвам" pos="X">започвам</wf>
         <wf lemma="да" pos="X">да</wf>
         <wf lemma="си" pos="X">си</wf>
         <wf lemma="правя" pos="X">правя</wf>
         <instance id="d000.s7343.t000" lemma="зъб" pos="NOUN">зъбите</instance>
         <wf lemma="." pos="X">.</wf>
      </sentence>
      <sentence id="d000.s7344" source="wordnet-bulgarian">
         <wf lemma="Чух" pos="X">Чух</wf>
         <wf lemma="че" pos="X">че</wf>
         <wf lemma="някой" pos="X">някой</wf>
         <wf lemma="ме" pos="X">ме</wf>
         <instance id="d000.s7344.t000" lemma="викам" pos="VERB">вика</instance>
         <wf lemma="." pos="X">.</wf>
      </sentence>
      <sentence id="d000.s7345" source="wordnet-bulgarian">
         <wf lemma="Който" pos="X">Който</wf>
         <instance id="d000.s7345.t000" lemma="рискувам" pos="VERB">рискува</instance>
         <wf lemma="," pos="X">,</wf>
         <wf lemma="той" pos="X">той</wf>
         <wf lemma="печели" pos="X">печели</wf>
         <wf lemma="." pos="X">.</wf>
      </sentence>
      <sentence id="d000.s7346" source="wordnet-bulgarian">
         <wf lemma="Няма" pos="X">Няма</wf>
         <instance id="d000.s7346.t000" lemma="признак" pos="NOUN">признаци</instance>
         <wf lemma="за" pos="X">за</wf>
         <wf lemma="живот" pos="X">живот</wf>
         <wf lemma="." pos="X">.</wf>
      </sentence>
      <sentence id="d000.s7347" source="wordnet-bulgarian">
         <wf lemma="Имах" pos="X">Имах</wf>
         <wf lemma="изостанал" pos="X">изостанал</wf>
         <instance id="d000.s7347.t000" lemma="плат" pos="NOUN">плат</instance>
         <wf lemma="и" pos="X">и</wf>
         <wf lemma="си" pos="X">си</wf>
         <wf lemma="уших" pos="X">уших</wf>
         <wf lemma="пердета" pos="X">пердета</wf>
         <wf lemma="." pos="X">.</wf>
      </sentence>
      <sentence id="d000.s7348" source="wordnet-bulgarian">
         <wf lemma="Между" pos="X">Между</wf>
         <wf lemma="нас" pos="X">нас</wf>
         <wf lemma="възникна" pos="X">възникна</wf>
         <wf lemma="остър" pos="X">остър</wf>
         <instance id="d000.s7348.t000" lemma="конфликт" pos="NOUN">конфликт</instance>
         <wf lemma="." pos="X">.</wf>
      </sentence>
      <sentence id="d000.s7349" source="wordnet-bulgarian">
         <instance id="d000.s7349.t000" lemma="пчела" pos="NOUN">пчела</instance>
         <wf lemma="работничка" pos="X">работничка</wf>
         <wf lemma="." pos="X">.</wf>
      </sentence>
      <sentence id="d000.s7350" source="wordnet-bulgarian">
         <wf lemma="реална" pos="X">реална</wf>
         <instance id="d000.s7350.t000" lemma="оценка" pos="NOUN">оценка</instance>
         <wf lemma="." pos="X">.</wf>
      </sentence>
      <sentence id="d000.s7351" source="wordnet-bulgarian">
         <wf lemma="малък" pos="X">малък</wf>
         <instance id="d000.s7351.t000" lemma="мозък" pos="NOUN">мозък</instance>
         <wf lemma="." pos="X">.</wf>
      </sentence>
      <sentence id="d000.s7352" source="wordnet-bulgarian">
         <wf lemma="мажа" pos="X">мажа</wf>
         <instance id="d000.s7352.t000" lemma="кожа" pos="NOUN">кожата</instance>
         <wf lemma="си" pos="X">си</wf>
         <wf lemma="с" pos="X">с</wf>
         <wf lemma="тоалетно" pos="X">тоалетно</wf>
         <wf lemma="мляко" pos="X">мляко</wf>
         <wf lemma="." pos="X">.</wf>
      </sentence>
      <sentence id="d000.s7353" source="wordnet-bulgarian">
         <instance id="d000.s7353.t000" lemma="боядисам" pos="VERB">Боядисах</instance>
         <wf lemma="стаята" pos="X">стаята</wf>
         <wf lemma="в" pos="X">в</wf>
         <wf lemma="бяло" pos="X">бяло</wf>
         <wf lemma="." pos="X">.</wf>
      </sentence>
      <sentence id="d000.s7354" source="wordnet-bulgarian">
         <wf lemma="налагам" pos="X">налагам</wf>
         <instance id="d000.s7354.t000" lemma="цензура" pos="NOUN">цензура</instance>
         <wf lemma="в." pos="X">в.</wf>
      </sentence>
      <sentence id="d000.s7355" source="wordnet-bulgarian">
         <wf lemma="изписах" pos="X">изписах</wf>
         <wf lemma="целия" pos="X">целия</wf>
         <instance id="d000.s7355.t000" lemma="лист" pos="NOUN">лист</instance>
         <wf lemma="." pos="X">.</wf>
      </sentence>
      <sentence id="d000.s7356" source="wordnet-bulgarian">
         <instance id="d000.s7356.t000" lemma="четка" pos="NOUN">четка</instance>
         <wf lemma="за" pos="X">за</wf>
         <wf lemma="рисуване" pos="X">рисуване</wf>
         <wf lemma="." pos="X">.</wf>
      </sentence>
      <sentence id="d000.s7357" source="wordnet-bulgarian">
         <wf lemma="Вали" pos="X">Вали</wf>
         <instance id="d000.s7357.t000" lemma="дъжд" pos="NOUN">дъжд</instance>
         <wf lemma="като" pos="X">като</wf>
         <wf lemma="из" pos="X">из</wf>
         <wf lemma="ведро" pos="X">ведро</wf>
         <wf lemma="." pos="X">.</wf>
      </sentence>
      <sentence id="d000.s7358" source="wordnet-bulgarian">
         <instance id="d000.s7358.t000" lemma="безработица" pos="NOUN">Безработицата</instance>
         <wf lemma="е" pos="X">е</wf>
         <wf lemma="сериозен" pos="X">сериозен</wf>
         <wf lemma="проблем" pos="X">проблем</wf>
         <wf lemma="за" pos="X">за</wf>
         <wf lemma="всяко" pos="X">всяко</wf>
         <wf lemma="общество" pos="X">общество</wf>
         <wf lemma="." pos="X">.</wf>
      </sentence>
      <sentence id="d000.s7359" source="wordnet-bulgarian">
         <wf lemma="наклонена" pos="X">наклонена</wf>
         <instance id="d000.s7359.t000" lemma="пирамида" pos="NOUN">пирамида</instance>
         <wf lemma="." pos="X">.</wf>
      </sentence>
      <sentence id="d000.s7360" source="wordnet-bulgarian">
         <wf lemma="носят" pos="X">носят</wf>
         <wf lemma="се" pos="X">се</wf>
         <wf lemma="всякакви" pos="X">всякакви</wf>
         <instance id="d000.s7360.t000" lemma="мълва" pos="NOUN">мълви</instance>
         <wf lemma="." pos="X">.</wf>
      </sentence>
      <sentence id="d000.s7361" source="wordnet-bulgarian">
         <wf lemma="без" pos="X">без</wf>
         <instance id="d000.s7361.t000" lemma="дух" pos="NOUN">дух</instance>
         <wf lemma="." pos="X">.</wf>
      </sentence>
      <sentence id="d000.s7362" source="wordnet-bulgarian">
         <wf lemma="двучленно" pos="X">двучленно</wf>
         <instance id="d000.s7362.t000" lemma="семейство" pos="NOUN">семейство</instance>
         <wf lemma="." pos="X">.</wf>
      </sentence>
      <sentence id="d000.s7363" source="wordnet-bulgarian">
         <wf lemma="експресен" pos="X">експресен</wf>
         <instance id="d000.s7363.t000" lemma="влак" pos="NOUN">влак</instance>
         <wf lemma="." pos="X">.</wf>
      </sentence>
      <sentence id="d000.s7364" source="wordnet-bulgarian">
         <wf lemma="Намалихме" pos="X">Намалихме</wf>
         <wf lemma="значително" pos="X">значително</wf>
         <instance id="d000.s7364.t000" lemma="инвентар" pos="NOUN">инвентара</instance>
         <wf lemma="на" pos="X">на</wf>
         <wf lemma="стопанството" pos="X">стопанството</wf>
         <wf lemma="." pos="X">.</wf>
      </sentence>
      <sentence id="d000.s7365" source="wordnet-bulgarian">
         <wf lemma="Какво" pos="X">Какво</wf>
         <wf lemma="е" pos="X">е</wf>
         <wf lemma="днешното" pos="X">днешното</wf>
         <instance id="d000.s7365.t000" lemma="меню" pos="NOUN">меню</instance>
         <wf lemma="?" pos="X">?</wf>
      </sentence>
      <sentence id="d000.s7366" source="wordnet-bulgarian">
         <wf lemma="летен" pos="X">летен</wf>
         <instance id="d000.s7366.t000" lemma="панталон" pos="NOUN">панталон</instance>
         <wf lemma="." pos="X">.</wf>
      </sentence>
      <sentence id="d000.s7367" source="wordnet-bulgarian">
         <wf lemma="удрям" pos="X">удрям</wf>
         <wf lemma="си" pos="X">си</wf>
         <instance id="d000.s7367.t000" lemma="глава" pos="NOUN">главата</instance>
         <wf lemma="." pos="X">.</wf>
      </sentence>
      <sentence id="d000.s7368" source="wordnet-bulgarian">
         <instance id="d000.s7368.t000" lemma="жертва" pos="NOUN">жертва</instance>
         <wf lemma="съм" pos="X">съм</wf>
         <wf lemma="на" pos="X">на</wf>
         <wf lemma="алкохола" pos="X">алкохола</wf>
         <wf lemma="." pos="X">.</wf>
      </sentence>
      <sentence id="d000.s7369" source="wordnet-bulgarian">
         <wf lemma="лек" pos="X">лек</wf>
         <instance id="d000.s7369.t000" lemma="бомбардировач" pos="NOUN">бомбардировач</instance>
         <wf lemma="." pos="X">.</wf>
      </sentence>
      <sentence id="d000.s7370" source="wordnet-bulgarian">
         <wf lemma="изпитвам" pos="X">изпитвам</wf>
         <instance id="d000.s7370.t000" lemma="смущение" pos="NOUN">смущение</instance>
         <wf lemma="." pos="X">.</wf>
      </sentence>
      <sentence id="d000.s7371" source="wordnet-bulgarian">
         <instance id="d000.s7371.t000" lemma="пия" pos="VERB">пия</instance>
         <wf lemma="до" pos="X">до</wf>
         <wf lemma="забрава" pos="X">забрава</wf>
         <wf lemma="." pos="X">.</wf>
      </sentence>
      <sentence id="d000.s7372" source="wordnet-bulgarian">
         <wf lemma="нетактичен" pos="X">нетактичен</wf>
         <instance id="d000.s7372.t000" lemma="въпрос" pos="NOUN">въпрос</instance>
         <wf lemma="." pos="X">.</wf>
      </sentence>
      <sentence id="d000.s7373" source="wordnet-bulgarian">
         <wf lemma="шарено" pos="X">шарено</wf>
         <instance id="d000.s7373.t000" lemma="теле" pos="NOUN">теле</instance>
         <wf lemma="." pos="X">.</wf>
      </sentence>
      <sentence id="d000.s7374" source="wordnet-bulgarian">
         <wf lemma="започвам" pos="X">започвам</wf>
         <wf lemma="нов" pos="X">нов</wf>
         <instance id="d000.s7374.t000" lemma="бизнес" pos="NOUN">бизнес</instance>
         <wf lemma="." pos="X">.</wf>
      </sentence>
      <sentence id="d000.s7375" source="wordnet-bulgarian">
         <wf lemma="щракам" pos="X">щракам</wf>
         <wf lemma="с" pos="X">с</wf>
         <instance id="d000.s7375.t000" lemma="мишка" pos="NOUN">мишката</instance>
         <wf lemma="." pos="X">.</wf>
      </sentence>
      <sentence id="d000.s7376" source="wordnet-bulgarian">
         <wf lemma="вдигам" pos="X">вдигам</wf>
         <instance id="d000.s7376.t000" lemma="забрана" pos="NOUN">забраната</instance>
         <wf lemma="." pos="X">.</wf>
      </sentence>
      <sentence id="d000.s7377" source="wordnet-bulgarian">
         <wf lemma="бия" pos="X">бия</wf>
         <wf lemma="с" pos="X">с</wf>
         <instance id="d000.s7377.t000" lemma="камшик" pos="NOUN">камшик</instance>
         <wf lemma="." pos="X">.</wf>
      </sentence>
      <sentence id="d000.s7378" source="wordnet-bulgarian">
         <wf lemma="преден" pos="X">преден</wf>
         <instance id="d000.s7378.t000" lemma="двор" pos="NOUN">двор</instance>
         <wf lemma="." pos="X">.</wf>
      </sentence>
      <sentence id="d000.s7379" source="wordnet-bulgarian">
         <wf lemma="горен" pos="X">горен</wf>
         <instance id="d000.s7379.t000" lemma="чаршаф" pos="NOUN">чаршаф</instance>
         <wf lemma="." pos="X">.</wf>
      </sentence>
      <sentence id="d000.s7380" source="wordnet-bulgarian">
         <wf lemma="Редовно" pos="X">Редовно</wf>
         <wf lemma="ходя" pos="X">ходя</wf>
         <wf lemma="на" pos="X">на</wf>
         <instance id="d000.s7380.t000" lemma="зъболекар" pos="NOUN">зъболекар</instance>
         <wf lemma="." pos="X">.</wf>
      </sentence>
      <sentence id="d000.s7381" source="wordnet-bulgarian">
         <wf lemma="дългоочаквано" pos="X">дългоочаквано</wf>
         <instance id="d000.s7381.t000" lemma="пътуване" pos="NOUN">пътуване</instance>
         <wf lemma="." pos="X">.</wf>
      </sentence>
      <sentence id="d000.s7382" source="wordnet-bulgarian">
         <instance id="d000.s7382.t000" lemma="вечер" pos="NOUN">Вечерите</instance>
         <wf lemma="край" pos="X">край</wf>
         <wf lemma="морето" pos="X">морето</wf>
         <wf lemma="са" pos="X">са</wf>
         <wf lemma="много" pos="X">много</wf>
         <wf lemma="хубави" pos="X">хубави</wf>
         <wf lemma="." pos="X">.</wf>
      </sentence>
      <sentence id="d000.s7383" source="wordnet-bulgarian">
         <instance id="d000.s7383.t000" lemma="усет" pos="NOUN">усет</instance>
         <wf lemma="за" pos="X">за</wf>
         <wf lemma="." pos="X">.</wf>
      </sentence>
      <sentence id="d000.s7384" source="wordnet-bulgarian">
         <wf lemma="тънък" pos="X">тънък</wf>
         <instance id="d000.s7384.t000" lemma="пласт" pos="NOUN">пласт</instance>
         <wf lemma="сняг" pos="X">сняг</wf>
         <wf lemma="." pos="X">.</wf>
      </sentence>
      <sentence id="d000.s7385" source="wordnet-bulgarian">
         <wf lemma="слаба" pos="X">слаба</wf>
         <instance id="d000.s7385.t000" lemma="воля" pos="NOUN">воля</instance>
         <wf lemma="." pos="X">.</wf>
      </sentence>
      <sentence id="d000.s7386" source="wordnet-bulgarian">
         <wf lemma="избирателна" pos="X">избирателна</wf>
         <instance id="d000.s7386.t000" lemma="кампания" pos="NOUN">кампания</instance>
         <wf lemma="." pos="X">.</wf>
      </sentence>
      <sentence id="d000.s7387" source="wordnet-bulgarian">
         <wf lemma="дъждовен" pos="X">дъждовен</wf>
         <instance id="d000.s7387.t000" lemma="червей" pos="NOUN">червей</instance>
         <wf lemma="." pos="X">.</wf>
      </sentence>
      <sentence id="d000.s7388" source="wordnet-bulgarian">
         <instance id="d000.s7388.t000" lemma="локомотив" pos="NOUN">локомотив</instance>
         <wf lemma="с" pos="X">с</wf>
         <wf lemma="пет" pos="X">пет</wf>
         <wf lemma="вагона" pos="X">вагона</wf>
         <wf lemma="." pos="X">.</wf>
      </sentence>
      <sentence id="d000.s7389" source="wordnet-bulgarian">
         <wf lemma="Предприятието" pos="X">Предприятието</wf>
         <wf lemma="е" pos="X">е</wf>
         <wf lemma="в" pos="X">в</wf>
         <instance id="d000.s7389.t000" lemma="криза" pos="NOUN">криза</instance>
         <wf lemma="и" pos="X">и</wf>
         <wf lemma="скоро" pos="X">скоро</wf>
         <wf lemma="ще" pos="X">ще</wf>
         <wf lemma="фалира" pos="X">фалира</wf>
         <wf lemma="." pos="X">.</wf>
      </sentence>
      <sentence id="d000.s7390" source="wordnet-bulgarian">
         <instance id="d000.s7390.t000" lemma="диаграма" pos="NOUN">диаграма</instance>
         <wf lemma="за" pos="X">за</wf>
         <wf lemma="развитие" pos="X">развитие</wf>
         <wf lemma="на" pos="X">на</wf>
         <wf lemma="индустрията" pos="X">индустрията</wf>
         <wf lemma="." pos="X">.</wf>
      </sentence>
      <sentence id="d000.s7391" source="wordnet-bulgarian">
         <wf lemma="картофета" pos="X">картофета</wf>
         <instance id="d000.s7391.t000" lemma="салата" pos="NOUN">салата</instance>
         <wf lemma="." pos="X">.</wf>
      </sentence>
      <sentence id="d000.s7392" source="wordnet-bulgarian">
         <wf lemma="Рояк" pos="X">Рояк</wf>
         <instance id="d000.s7392.t000" lemma="пчела" pos="NOUN">пчели</instance>
         <wf lemma="се" pos="X">се</wf>
         <wf lemma="спуснаха" pos="X">спуснаха</wf>
         <wf lemma="върху" pos="X">върху</wf>
         <wf lemma="него" pos="X">него</wf>
         <wf lemma="." pos="X">.</wf>
      </sentence>
      <sentence id="d000.s7393" source="wordnet-bulgarian">
         <wf lemma="Не" pos="X">Не</wf>
         <wf lemma="ми" pos="X">ми</wf>
         <instance id="d000.s7393.t000" lemma="изглеждам" pos="VERB">изглеждаш</instance>
         <wf lemma="добре" pos="X">добре</wf>
         <wf lemma="." pos="X">.</wf>
      </sentence>
      <sentence id="d000.s7394" source="wordnet-bulgarian">
         <wf lemma="висока" pos="X">висока</wf>
         <instance id="d000.s7394.t000" lemma="нота" pos="NOUN">нота</instance>
         <wf lemma="." pos="X">.</wf>
      </sentence>
      <sentence id="d000.s7395" source="wordnet-bulgarian">
         <wf lemma="Преизбрахме" pos="X">Преизбрахме</wf>
         <wf lemma="стария" pos="X">стария</wf>
         <instance id="d000.s7395.t000" lemma="кмет" pos="NOUN">кмет</instance>
         <wf lemma="." pos="X">.</wf>
      </sentence>
      <sentence id="d000.s7396" source="wordnet-bulgarian">
         <wf lemma="Кой" pos="X">Кой</wf>
         <wf lemma="е" pos="X">е</wf>
         <wf lemma="могъл" pos="X">могъл</wf>
         <wf lemma="да" pos="X">да</wf>
         <instance id="d000.s7396.t000" lemma="предположа" pos="VERB">предположи</instance>
         <wf lemma="," pos="X">,</wf>
         <wf lemma="че" pos="X">че</wf>
         <wf lemma="ще" pos="X">ще</wf>
         <wf lemma="стане" pos="X">стане</wf>
         <wf lemma="така" pos="X">така</wf>
         <wf lemma="?" pos="X">?</wf>
      </sentence>
      <sentence id="d000.s7397" source="wordnet-bulgarian">
         <instance id="d000.s7397.t000" lemma="долина" pos="NOUN">долината</instance>
         <wf lemma="на" pos="X">на</wf>
         <wf lemma="Марица" pos="X">Марица</wf>
         <wf lemma="." pos="X">.</wf>
      </sentence>
      <sentence id="d000.s7398" source="wordnet-bulgarian">
         <wf lemma="здрав" pos="X">здрав</wf>
         <instance id="d000.s7398.t000" lemma="торс" pos="NOUN">торс</instance>
         <wf lemma="." pos="X">.</wf>
      </sentence>
      <sentence id="d000.s7399" source="wordnet-bulgarian">
         <instance id="d000.s7399.t000" lemma="молба" pos="NOUN">молба</instance>
         <wf lemma="от" pos="X">от</wf>
         <wf lemma="." pos="X">.</wf>
      </sentence>
      <sentence id="d000.s7400" source="wordnet-bulgarian">
         <wf lemma="Целият" pos="X">Целият</wf>
         <wf lemma="кралски" pos="X">кралски</wf>
         <instance id="d000.s7400.t000" lemma="двор" pos="NOUN">двор</instance>
         <wf lemma="присъства" pos="X">присъства</wf>
         <wf lemma="на" pos="X">на</wf>
         <wf lemma="годежа" pos="X">годежа</wf>
         <wf lemma="." pos="X">.</wf>
      </sentence>
      <sentence id="d000.s7401" source="wordnet-bulgarian">
         <instance id="d000.s7401.t000" lemma="доказвам" pos="VERB">доказвам</instance>
         <wf lemma="невиността" pos="X">невиността</wf>
         <wf lemma="на" pos="X">на</wf>
         <wf lemma="някого" pos="X">някого</wf>
         <wf lemma="." pos="X">.</wf>
      </sentence>
      <sentence id="d000.s7402" source="wordnet-bulgarian">
         <wf lemma="Временно" pos="X">Временно</wf>
         <wf lemma="той" pos="X">той</wf>
         <wf lemma="ще" pos="X">ще</wf>
         <wf lemma="бъде" pos="X">бъде</wf>
         <wf lemma="мой" pos="X">мой</wf>
         <instance id="d000.s7402.t000" lemma="заместник" pos="NOUN">заместник</instance>
         <wf lemma="." pos="X">.</wf>
      </sentence>
      <sentence id="d000.s7403" source="wordnet-bulgarian">
         <wf lemma="керемиден" pos="X">керемиден</wf>
         <instance id="d000.s7403.t000" lemma="покрив" pos="NOUN">покрив</instance>
         <wf lemma="." pos="X">.</wf>
      </sentence>
      <sentence id="d000.s7404" source="wordnet-bulgarian">
         <wf lemma="неофициална" pos="X">неофициална</wf>
         <instance id="d000.s7404.t000" lemma="версия" pos="NOUN">версия</instance>
         <wf lemma="." pos="X">.</wf>
      </sentence>
      <sentence id="d000.s7405" source="wordnet-bulgarian">
         <instance id="d000.s7405.t000" lemma="хонорар" pos="NOUN">хонорар</instance>
         <wf lemma="за" pos="X">за</wf>
         <wf lemma="книга" pos="X">книга</wf>
         <wf lemma="." pos="X">.</wf>
      </sentence>
      <sentence id="d000.s7406" source="wordnet-bulgarian">
         <wf lemma="копринена" pos="X">копринена</wf>
         <instance id="d000.s7406.t000" lemma="кожа" pos="NOUN">кожа</instance>
         <wf lemma="." pos="X">.</wf>
      </sentence>
      <sentence id="d000.s7407" source="wordnet-bulgarian">
         <wf lemma="дребен" pos="X">дребен</wf>
         <instance id="d000.s7407.t000" lemma="търговец" pos="NOUN">търговец</instance>
         <wf lemma="." pos="X">.</wf>
      </sentence>
      <sentence id="d000.s7408" source="wordnet-bulgarian">
         <instance id="d000.s7408.t000" lemma="кажа" pos="VERB">Кажи</instance>
         <wf lemma="какво" pos="X">какво</wf>
         <wf lemma="беше" pos="X">беше</wf>
         <wf lemma="написано" pos="X">написано</wf>
         <wf lemma="в" pos="X">в</wf>
         <wf lemma="книгата" pos="X">книгата</wf>
         <wf lemma="." pos="X">.</wf>
      </sentence>
      <sentence id="d000.s7409" source="wordnet-bulgarian">
         <wf lemma="Ще" pos="X">Ще</wf>
         <wf lemma="се" pos="X">се</wf>
         <wf lemma="справя" pos="X">справя</wf>
         <wf lemma="и" pos="X">и</wf>
         <wf lemma="с" pos="X">с</wf>
         <wf lemma="това" pos="X">това</wf>
         <instance id="d000.s7409.t000" lemma="препятствие" pos="NOUN">препятствие</instance>
         <wf lemma="." pos="X">.</wf>
      </sentence>
      <sentence id="d000.s7410" source="wordnet-bulgarian">
         <wf lemma="стволова" pos="X">стволова</wf>
         <instance id="d000.s7410.t000" lemma="клетка" pos="NOUN">клетка</instance>
         <wf lemma="." pos="X">.</wf>
      </sentence>
      <sentence id="d000.s7411" source="wordnet-bulgarian">
         <wf lemma="растат" pos="X">растат</wf>
         <instance id="d000.s7411.t000" lemma="глас" pos="NOUN">гласовете</instance>
         <wf lemma="в" pos="X">в</wf>
         <wf lemma="защита" pos="X">защита</wf>
         <wf lemma="на" pos="X">на</wf>
         <wf lemma="." pos="X">.</wf>
      </sentence>
      <sentence id="d000.s7412" source="wordnet-bulgarian">
         <wf lemma="пресечена" pos="X">пресечена</wf>
         <instance id="d000.s7412.t000" lemma="пирамида" pos="NOUN">пирамида</instance>
         <wf lemma="." pos="X">.</wf>
      </sentence>
      <sentence id="d000.s7413" source="wordnet-bulgarian">
         <wf lemma="очен" pos="X">очен</wf>
         <instance id="d000.s7413.t000" lemma="лекар" pos="NOUN">лекар</instance>
         <wf lemma="." pos="X">.</wf>
      </sentence>
      <sentence id="d000.s7414" source="wordnet-bulgarian">
         <wf lemma="зъбчато" pos="X">зъбчато</wf>
         <instance id="d000.s7414.t000" lemma="колело" pos="NOUN">колело</instance>
         <wf lemma="." pos="X">.</wf>
      </sentence>
      <sentence id="d000.s7415" source="wordnet-bulgarian">
         <wf lemma="Трепереше" pos="X">Трепереше</wf>
         <wf lemma="от" pos="X">от</wf>
         <wf lemma="умиление" pos="X">умиление</wf>
         <wf lemma="и" pos="X">и</wf>
         <instance id="d000.s7415.t000" lemma="възторг" pos="NOUN">възторг</instance>
         <wf lemma="." pos="X">.</wf>
      </sentence>
      <sentence id="d000.s7416" source="wordnet-bulgarian">
         <wf lemma="вражеска" pos="X">вражеска</wf>
         <instance id="d000.s7416.t000" lemma="пропаганда" pos="NOUN">пропаганда</instance>
         <wf lemma="." pos="X">.</wf>
      </sentence>
      <sentence id="d000.s7417" source="wordnet-bulgarian">
         <wf lemma="производство" pos="X">производство</wf>
         <wf lemma="на" pos="X">на</wf>
         <instance id="d000.s7417.t000" lemma="автомобил" pos="NOUN">автомобили</instance>
         <wf lemma="." pos="X">.</wf>
      </sentence>
      <sentence id="d000.s7418" source="wordnet-bulgarian">
         <wf lemma="вземам" pos="X">вземам</wf>
         <instance id="d000.s7418.t000" lemma="изпит" pos="NOUN">изпит</instance>
         <wf lemma="." pos="X">.</wf>
      </sentence>
      <sentence id="d000.s7419" source="wordnet-bulgarian">
         <wf lemma="на" pos="X">на</wf>
         <instance id="d000.s7419.t000" lemma="база" pos="NOUN">базата</instance>
         <wf lemma="на" pos="X">на</wf>
         <wf lemma="." pos="X">.</wf>
      </sentence>
      <sentence id="d000.s7420" source="wordnet-bulgarian">
         <wf lemma="Той" pos="X">Той</wf>
         <wf lemma="все" pos="X">все</wf>
         <wf lemma="още" pos="X">още</wf>
         <wf lemma="помни" pos="X">помни</wf>
         <instance id="d000.s7420.t000" lemma="среща" pos="NOUN">срещата</instance>
         <wf lemma="им" pos="X">им</wf>
         <wf lemma="в" pos="X">в</wf>
         <wf lemma="Париж" pos="X">Париж</wf>
         <wf lemma="." pos="X">.</wf>
      </sentence>
      <sentence id="d000.s7421" source="wordnet-bulgarian">
         <wf lemma="реактивен" pos="X">реактивен</wf>
         <instance id="d000.s7421.t000" lemma="самолет" pos="NOUN">самолет</instance>
         <wf lemma="." pos="X">.</wf>
      </sentence>
      <sentence id="d000.s7422" source="wordnet-bulgarian">
         <wf lemma="в" pos="X">в</wf>
         <instance id="d000.s7422.t000" lemma="манталитет" pos="NOUN">манталитета</instance>
         <wf lemma="на" pos="X">на</wf>
         <wf lemma="." pos="X">.</wf>
      </sentence>
      <sentence id="d000.s7423" source="wordnet-bulgarian">
         <wf lemma="занимавам" pos="X">занимавам</wf>
         <wf lemma="се" pos="X">се</wf>
         <wf lemma="с" pos="X">с</wf>
         <instance id="d000.s7423.t000" lemma="търговия" pos="NOUN">търговия</instance>
         <wf lemma="." pos="X">.</wf>
      </sentence>
      <sentence id="d000.s7424" source="wordnet-bulgarian">
         <wf lemma="гражданска" pos="X">гражданска</wf>
         <instance id="d000.s7424.t000" lemma="война" pos="NOUN">война</instance>
         <wf lemma="." pos="X">.</wf>
      </sentence>
      <sentence id="d000.s7425" source="wordnet-bulgarian">
         <wf lemma="Сложи" pos="X">Сложи</wf>
         <wf lemma="дърва" pos="X">дърва</wf>
         <wf lemma="в" pos="X">в</wf>
         <instance id="d000.s7425.t000" lemma="камина" pos="NOUN">камината</instance>
         <wf lemma="." pos="X">.</wf>
      </sentence>
      <sentence id="d000.s7426" source="wordnet-bulgarian">
         <wf lemma="голям" pos="X">голям</wf>
         <instance id="d000.s7426.t000" lemma="страхливец" pos="NOUN">страхливец</instance>
         <wf lemma="." pos="X">.</wf>
      </sentence>
      <sentence id="d000.s7427" source="wordnet-bulgarian">
         <wf lemma="ментата" pos="X">ментата</wf>
         <wf lemma="е" pos="X">е</wf>
         <instance id="d000.s7427.t000" lemma="растение" pos="NOUN">растение</instance>
         <wf lemma="с" pos="X">с</wf>
         <wf lemma="много" pos="X">много</wf>
         <wf lemma="приложения" pos="X">приложения</wf>
         <wf lemma="." pos="X">.</wf>
      </sentence>
      <sentence id="d000.s7428" source="wordnet-bulgarian">
         <wf lemma="Това" pos="X">Това</wf>
         <wf lemma="е" pos="X">е</wf>
         <wf lemma="последната" pos="X">последната</wf>
         <wf lemma="ми" pos="X">ми</wf>
         <instance id="d000.s7428.t000" lemma="надежда" pos="NOUN">надежда</instance>
         <wf lemma="." pos="X">.</wf>
      </sentence>
      <sentence id="d000.s7429" source="wordnet-bulgarian">
         <wf lemma="спукана" pos="X">спукана</wf>
         <instance id="d000.s7429.t000" lemma="вена" pos="NOUN">вена</instance>
         <wf lemma="." pos="X">.</wf>
      </sentence>
      <sentence id="d000.s7430" source="wordnet-bulgarian">
         <wf lemma="произведение" pos="X">произведение</wf>
         <wf lemma="на" pos="X">на</wf>
         <instance id="d000.s7430.t000" lemma="изкуство" pos="NOUN">изкуството</instance>
         <wf lemma="." pos="X">.</wf>
      </sentence>
      <sentence id="d000.s7431" source="wordnet-bulgarian">
         <wf lemma="валутен" pos="X">валутен</wf>
         <instance id="d000.s7431.t000" lemma="резерв" pos="NOUN">резерв</instance>
         <wf lemma="." pos="X">.</wf>
      </sentence>
      <sentence id="d000.s7432" source="wordnet-bulgarian">
         <wf lemma="пляскам" pos="X">пляскам</wf>
         <wf lemma="с" pos="X">с</wf>
         <instance id="d000.s7432.t000" lemma="ръка" pos="NOUN">ръце</instance>
         <wf lemma="." pos="X">.</wf>
      </sentence>
      <sentence id="d000.s7433" source="wordnet-bulgarian">
         <wf lemma="оризова" pos="X">оризова</wf>
         <instance id="d000.s7433.t000" lemma="реколта" pos="NOUN">реколта</instance>
         <wf lemma="." pos="X">.</wf>
      </sentence>
      <sentence id="d000.s7434" source="wordnet-bulgarian">
         <wf lemma="красива" pos="X">красива</wf>
         <instance id="d000.s7434.t000" lemma="планина" pos="NOUN">планина</instance>
         <wf lemma="." pos="X">.</wf>
      </sentence>
      <sentence id="d000.s7435" source="wordnet-bulgarian">
         <wf lemma="обновен" pos="X">обновен</wf>
         <instance id="d000.s7435.t000" lemma="стадион" pos="NOUN">стадион</instance>
         <wf lemma="." pos="X">.</wf>
      </sentence>
      <sentence id="d000.s7436" source="wordnet-bulgarian">
         <wf lemma="ловя" pos="X">ловя</wf>
         <instance id="d000.s7436.t000" lemma="риба" pos="NOUN">риба</instance>
         <wf lemma="." pos="X">.</wf>
      </sentence>
      <sentence id="d000.s7437" source="wordnet-bulgarian">
         <instance id="d000.s7437.t000" lemma="създавам" pos="VERB">Създавам</instance>
         <wf lemma="песен" pos="X">песен</wf>
         <wf lemma="." pos="X">.</wf>
      </sentence>
      <sentence id="d000.s7438" source="wordnet-bulgarian">
         <wf lemma="Слънцето" pos="X">Слънцето</wf>
         <wf lemma="се" pos="X">се</wf>
         <wf lemma="движи" pos="X">движи</wf>
         <wf lemma="от" pos="X">от</wf>
         <wf lemma="изток" pos="X">изток</wf>
         <wf lemma="на" pos="X">на</wf>
         <instance id="d000.s7438.t000" lemma="запад" pos="NOUN">запад</instance>
         <wf lemma="." pos="X">.</wf>
      </sentence>
      <sentence id="d000.s7439" source="wordnet-bulgarian">
         <wf lemma="имам" pos="X">имам</wf>
         <instance id="d000.s7439.t000" lemma="температура" pos="NOUN">температура</instance>
         <wf lemma="." pos="X">.</wf>
      </sentence>
      <sentence id="d000.s7440" source="wordnet-bulgarian">
         <wf lemma="Страхувам" pos="X">Страхувам</wf>
         <wf lemma="се" pos="X">се</wf>
         <wf lemma="от" pos="X">от</wf>
         <instance id="d000.s7440.t000" lemma="паяк" pos="NOUN">паяци</instance>
         <wf lemma="." pos="X">.</wf>
      </sentence>
      <sentence id="d000.s7441" source="wordnet-bulgarian">
         <instance id="d000.s7441.t000" lemma="голям" pos="ADJ">голяма</instance>
         <wf lemma="група" pos="X">група</wf>
         <wf lemma="от" pos="X">от</wf>
         <wf lemma="ученици" pos="X">ученици</wf>
         <wf lemma="." pos="X">.</wf>
      </sentence>
      <sentence id="d000.s7442" source="wordnet-bulgarian">
         <wf lemma="С" pos="X">С</wf>
         <wf lemma="гордост" pos="X">гордост</wf>
         <wf lemma="изтъквам" pos="X">изтъквам</wf>
         <wf lemma="българското" pos="X">българското</wf>
         <wf lemma="си" pos="X">си</wf>
         <instance id="d000.s7442.t000" lemma="потекло" pos="NOUN">потекло</instance>
         <wf lemma="." pos="X">.</wf>
      </sentence>
      <sentence id="d000.s7443" source="wordnet-bulgarian">
         <instance id="d000.s7443.t000" lemma="бурен" pos="NOUN">Бурени</instance>
         <wf lemma="са" pos="X">са</wf>
         <wf lemma="задушили" pos="X">задушили</wf>
         <wf lemma="цветята" pos="X">цветята</wf>
         <wf lemma="." pos="X">.</wf>
      </sentence>
      <sentence id="d000.s7444" source="wordnet-bulgarian">
         <wf lemma="планинско" pos="X">планинско</wf>
         <instance id="d000.s7444.t000" lemma="растение" pos="NOUN">растения</instance>
         <wf lemma="." pos="X">.</wf>
      </sentence>
      <sentence id="d000.s7445" source="wordnet-bulgarian">
         <wf lemma="Търговски" pos="X">Търговски</wf>
         <instance id="d000.s7445.t000" lemma="посредник" pos="NOUN">посредник</instance>
         <wf lemma="." pos="X">.</wf>
      </sentence>
      <sentence id="d000.s7446" source="wordnet-bulgarian">
         <wf lemma="важен" pos="X">важен</wf>
         <instance id="d000.s7446.t000" lemma="обект" pos="NOUN">обект</instance>
         <wf lemma="за" pos="X">за</wf>
         <wf lemma="изучаване" pos="X">изучаване</wf>
         <wf lemma="." pos="X">.</wf>
      </sentence>
      <sentence id="d000.s7447" source="wordnet-bulgarian">
         <wf lemma="модерно" pos="X">модерно</wf>
         <instance id="d000.s7447.t000" lemma="жилище" pos="NOUN">жилище</instance>
         <wf lemma="." pos="X">.</wf>
      </sentence>
      <sentence id="d000.s7448" source="wordnet-bulgarian">
         <wf lemma="туристическа" pos="X">туристическа</wf>
         <instance id="d000.s7448.t000" lemma="агенция" pos="NOUN">агенция</instance>
         <wf lemma="." pos="X">.</wf>
      </sentence>
      <sentence id="d000.s7449" source="wordnet-bulgarian">
         <wf lemma="чакам" pos="X">чакам</wf>
         <instance id="d000.s7449.t000" lemma="отговор" pos="NOUN">отговор</instance>
         <wf lemma="." pos="X">.</wf>
      </sentence>
      <sentence id="d000.s7450" source="wordnet-bulgarian">
         <instance id="d000.s7450.t000" lemma="колело" pos="NOUN">Колелото</instance>
         <wf lemma="на" pos="X">на</wf>
         <wf lemma="воденицата" pos="X">воденицата</wf>
         <wf lemma="спря" pos="X">спря</wf>
         <wf lemma="да" pos="X">да</wf>
         <wf lemma="се" pos="X">се</wf>
         <wf lemma="върти" pos="X">върти</wf>
         <wf lemma="и" pos="X">и</wf>
         <wf lemma="настана" pos="X">настана</wf>
         <wf lemma="странна" pos="X">странна</wf>
         <wf lemma="тишина" pos="X">тишина</wf>
         <wf lemma="." pos="X">.</wf>
      </sentence>
      <sentence id="d000.s7451" source="wordnet-bulgarian">
         <wf lemma="скъсан" pos="X">скъсан</wf>
         <instance id="d000.s7451.t000" lemma="джоб" pos="NOUN">джоб</instance>
         <wf lemma="." pos="X">.</wf>
      </sentence>
      <sentence id="d000.s7452" source="wordnet-bulgarian">
         <wf lemma="Алкохолът" pos="X">Алкохолът</wf>
         <wf lemma="е" pos="X">е</wf>
         <wf lemma="легален" pos="X">легален</wf>
         <instance id="d000.s7452.t000" lemma="наркотик" pos="NOUN">наркотик</instance>
         <wf lemma="." pos="X">.</wf>
      </sentence>
      <sentence id="d000.s7453" source="wordnet-bulgarian">
         <wf lemma="кратер" pos="X">кратер</wf>
         <wf lemma="на" pos="X">на</wf>
         <instance id="d000.s7453.t000" lemma="вулкан" pos="NOUN">вулкан</instance>
         <wf lemma="." pos="X">.</wf>
      </sentence>
      <sentence id="d000.s7454" source="wordnet-bulgarian">
         <wf lemma="военна" pos="X">военна</wf>
         <instance id="d000.s7454.t000" lemma="интервенция" pos="NOUN">интервенция</instance>
         <wf lemma="." pos="X">.</wf>
      </sentence>
      <sentence id="d000.s7455" source="wordnet-bulgarian">
         <instance id="d000.s7455.t000" lemma="преподавател" pos="NOUN">преподавател</instance>
         <wf lemma="по" pos="X">по</wf>
         <wf lemma="математика" pos="X">математика</wf>
         <wf lemma="." pos="X">.</wf>
      </sentence>
      <sentence id="d000.s7456" source="wordnet-bulgarian">
         <wf lemma="изпитвам" pos="X">изпитвам</wf>
         <instance id="d000.s7456.t000" lemma="страст" pos="NOUN">страст</instance>
         <wf lemma="към" pos="X">към</wf>
         <wf lemma="." pos="X">.</wf>
      </sentence>
      <sentence id="d000.s7457" source="wordnet-bulgarian">
         <wf lemma="копринено" pos="X">копринено</wf>
         <instance id="d000.s7457.t000" lemma="влакно" pos="NOUN">влакно</instance>
         <wf lemma="." pos="X">.</wf>
      </sentence>
      <sentence id="d000.s7458" source="wordnet-bulgarian">
         <wf lemma="военен" pos="X">военен</wf>
         <instance id="d000.s7458.t000" lemma="завод" pos="NOUN">завод</instance>
         <wf lemma="." pos="X">.</wf>
      </sentence>
      <sentence id="d000.s7459" source="wordnet-bulgarian">
         <wf lemma="Джунглата" pos="X">Джунглата</wf>
         <wf lemma="крие" pos="X">крие</wf>
         <wf lemma="големи" pos="X">големи</wf>
         <instance id="d000.s7459.t000" lemma="опасност" pos="NOUN">опасности</instance>
         <wf lemma="." pos="X">.</wf>
      </sentence>
      <sentence id="d000.s7460" source="wordnet-bulgarian">
         <wf lemma="плисирана" pos="X">плисирана</wf>
         <instance id="d000.s7460.t000" lemma="пола" pos="NOUN">пола</instance>
         <wf lemma="." pos="X">.</wf>
      </sentence>
      <sentence id="d000.s7461" source="wordnet-bulgarian">
         <wf lemma="рисувам" pos="X">рисувам</wf>
         <instance id="d000.s7461.t000" lemma="картина" pos="NOUN">картина</instance>
         <wf lemma="." pos="X">.</wf>
      </sentence>
      <sentence id="d000.s7462" source="wordnet-bulgarian">
         <wf lemma="през" pos="X">през</wf>
         <wf lemma="цялата" pos="X">цялата</wf>
         <instance id="d000.s7462.t000" lemma="вечер" pos="NOUN">вечер</instance>
         <wf lemma="." pos="X">.</wf>
      </sentence>
      <sentence id="d000.s7463" source="wordnet-bulgarian">
         <wf lemma="от" pos="X">от</wf>
         <instance id="d000.s7463.t000" lemma="невежество" pos="NOUN">невежество</instance>
         <wf lemma="." pos="X">.</wf>
      </sentence>
      <sentence id="d000.s7464" source="wordnet-bulgarian">
         <wf lemma="мия" pos="X">мия</wf>
         <wf lemma="се" pos="X">се</wf>
         <wf lemma="на" pos="X">на</wf>
         <instance id="d000.s7464.t000" lemma="мивка" pos="NOUN">мивката</instance>
         <wf lemma="." pos="X">.</wf>
      </sentence>
      <sentence id="d000.s7465" source="wordnet-bulgarian">
         <wf lemma="Килограм" pos="X">Килограм</wf>
         <wf lemma="месо" pos="X">месо</wf>
         <wf lemma="струва" pos="X">струва</wf>
         <wf lemma="шест" pos="X">шест</wf>
         <instance id="d000.s7465.t000" lemma="долар" pos="NOUN">долара</instance>
         <wf lemma="." pos="X">.</wf>
      </sentence>
      <sentence id="d000.s7466" source="wordnet-bulgarian">
         <instance id="d000.s7466.t000" lemma="край" pos="NOUN">краят</instance>
         <wf lemma="на" pos="X">на</wf>
         <wf lemma="." pos="X">.</wf>
      </sentence>
      <sentence id="d000.s7467" source="wordnet-bulgarian">
         <wf lemma="дамска" pos="X">дамска</wf>
         <instance id="d000.s7467.t000" lemma="чанта" pos="NOUN">чанта</instance>
         <wf lemma="." pos="X">.</wf>
      </sentence>
      <sentence id="d000.s7468" source="wordnet-bulgarian">
         <wf lemma="женски" pos="X">женски</wf>
         <instance id="d000.s7468.t000" lemma="глас" pos="NOUN">глас</instance>
         <wf lemma="." pos="X">.</wf>
      </sentence>
      <sentence id="d000.s7469" source="wordnet-bulgarian">
         <instance id="d000.s7469.t000" lemma="панаир" pos="NOUN">панаир</instance>
         <wf lemma="на" pos="X">на</wf>
         <wf lemma="книгата" pos="X">книгата</wf>
         <wf lemma="." pos="X">.</wf>
      </sentence>
      <sentence id="d000.s7470" source="wordnet-bulgarian">
         <wf lemma="това" pos="X">това</wf>
         <wf lemma="не" pos="X">не</wf>
         <wf lemma="отговаря" pos="X">отговаря</wf>
         <wf lemma="на" pos="X">на</wf>
         <instance id="d000.s7470.t000" lemma="истина" pos="NOUN">истината</instance>
         <wf lemma="." pos="X">.</wf>
      </sentence>
      <sentence id="d000.s7471" source="wordnet-bulgarian">
         <instance id="d000.s7471.t000" lemma="стълбище" pos="NOUN">Стълбището</instance>
         <wf lemma="е" pos="X">е</wf>
         <wf lemma="важна" pos="X">важна</wf>
         <wf lemma="част" pos="X">част</wf>
         <wf lemma="от" pos="X">от</wf>
         <wf lemma="интериора" pos="X">интериора</wf>
         <wf lemma="на" pos="X">на</wf>
         <wf lemma="дома" pos="X">дома</wf>
         <wf lemma="." pos="X">.</wf>
      </sentence>
      <sentence id="d000.s7472" source="wordnet-bulgarian">
         <wf lemma="в" pos="X">в</wf>
         <instance id="d000.s7472.t000" lemma="очакване" pos="NOUN">очакване</instance>
         <wf lemma="на" pos="X">на</wf>
         <wf lemma="." pos="X">.</wf>
      </sentence>
      <sentence id="d000.s7473" source="wordnet-bulgarian">
         <wf lemma="В" pos="X">В</wf>
         <wf lemma="салона" pos="X">салона</wf>
         <wf lemma="има" pos="X">има</wf>
         <wf lemma="петдесет" pos="X">петдесет</wf>
         <instance id="d000.s7473.t000" lemma="място" pos="NOUN">места</instance>
         <wf lemma="." pos="X">.</wf>
      </sentence>
      <sentence id="d000.s7474" source="wordnet-bulgarian">
         <wf lemma="министерски" pos="X">министерски</wf>
         <instance id="d000.s7474.t000" lemma="печат" pos="NOUN">печат</instance>
         <wf lemma="." pos="X">.</wf>
      </sentence>
      <sentence id="d000.s7475" source="wordnet-bulgarian">
         <wf lemma="виден" pos="X">виден</wf>
         <instance id="d000.s7475.t000" lemma="учен" pos="NOUN">учен</instance>
         <wf lemma="." pos="X">.</wf>
      </sentence>
      <sentence id="d000.s7476" source="wordnet-bulgarian">
         <instance id="d000.s7476.t000" lemma="тичам" pos="VERB">тичам</instance>
         <wf lemma="презглава" pos="X">презглава</wf>
         <wf lemma="." pos="X">.</wf>
      </sentence>
      <sentence id="d000.s7477" source="wordnet-bulgarian">
         <wf lemma="втора" pos="X">втора</wf>
         <instance id="d000.s7477.t000" lemma="смяна" pos="NOUN">смяна</instance>
         <wf lemma="." pos="X">.</wf>
      </sentence>
      <sentence id="d000.s7478" source="wordnet-bulgarian">
         <wf lemma="масова" pos="X">масова</wf>
         <instance id="d000.s7478.t000" lemma="миграция" pos="NOUN">миграция</instance>
         <wf lemma="." pos="X">.</wf>
      </sentence>
      <sentence id="d000.s7479" source="wordnet-bulgarian">
         <instance id="d000.s7479.t000" lemma="стачка" pos="NOUN">Стачката</instance>
         <wf lemma="продължи" pos="X">продължи</wf>
         <wf lemma="повече" pos="X">повече</wf>
         <wf lemma="от" pos="X">от</wf>
         <wf lemma="месец" pos="X">месец</wf>
         <wf lemma="." pos="X">.</wf>
      </sentence>
      <sentence id="d000.s7480" source="wordnet-bulgarian">
         <wf lemma="от" pos="X">от</wf>
         <wf lemma="самото" pos="X">самото</wf>
         <instance id="d000.s7480.t000" lemma="начало" pos="NOUN">начало</instance>
         <wf lemma="." pos="X">.</wf>
      </sentence>
      <sentence id="d000.s7481" source="wordnet-bulgarian">
         <instance id="d000.s7481.t000" lemma="продупчвам" pos="VERB">продупчвам</instance>
         <wf lemma="дъска" pos="X">дъска</wf>
         <wf lemma="." pos="X">.</wf>
      </sentence>
      <sentence id="d000.s7482" source="wordnet-bulgarian">
         <wf lemma="минава" pos="X">минава</wf>
         <instance id="d000.s7482.t000" lemma="комисия" pos="NOUN">комисия</instance>
         <wf lemma="." pos="X">.</wf>
      </sentence>
      <sentence id="d000.s7483" source="wordnet-bulgarian">
         <wf lemma="изпускам" pos="X">изпускам</wf>
         <wf lemma="се" pos="X">се</wf>
         <wf lemma="от" pos="X">от</wf>
         <instance id="d000.s7483.t000" lemma="ръка" pos="NOUN">ръцете</instance>
         <wf lemma="на" pos="X">на</wf>
         <wf lemma="." pos="X">.</wf>
      </sentence>
      <sentence id="d000.s7484" source="wordnet-bulgarian">
         <wf lemma="без" pos="X">без</wf>
         <wf lemma="определена" pos="X">определена</wf>
         <instance id="d000.s7484.t000" lemma="цел" pos="NOUN">цел</instance>
         <wf lemma="." pos="X">.</wf>
      </sentence>
      <sentence id="d000.s7485" source="wordnet-bulgarian">
         <wf lemma="картечна" pos="X">картечна</wf>
         <instance id="d000.s7485.t000" lemma="стрелба" pos="NOUN">стрелба</instance>
         <wf lemma="." pos="X">.</wf>
      </sentence>
      <sentence id="d000.s7486" source="wordnet-bulgarian">
         <wf lemma="Полето" pos="X">Полето</wf>
         <wf lemma="беше" pos="X">беше</wf>
         <wf lemma="засято" pos="X">засято</wf>
         <wf lemma="с" pos="X">с</wf>
         <instance id="d000.s7486.t000" lemma="картоф" pos="NOUN">картофи</instance>
         <wf lemma="." pos="X">.</wf>
      </sentence>
      <sentence id="d000.s7487" source="wordnet-bulgarian">
         <instance id="d000.s7487.t000" lemma="жажда" pos="NOUN">жажда</instance>
         <wf lemma="за" pos="X">за</wf>
         <wf lemma="знания" pos="X">знания</wf>
         <wf lemma="." pos="X">.</wf>
      </sentence>
      <sentence id="d000.s7488" source="wordnet-bulgarian">
         <wf lemma="Крайният" pos="X">Крайният</wf>
         <wf lemma="скрок" pos="X">скрок</wf>
         <wf lemma="за" pos="X">за</wf>
         <wf lemma="подаване" pos="X">подаване</wf>
         <wf lemma="на" pos="X">на</wf>
         <instance id="d000.s7488.t000" lemma="молба" pos="NOUN">молбата</instance>
         <wf lemma="е" pos="X">е</wf>
         <wf lemma="." pos="X">.</wf>
      </sentence>
      <sentence id="d000.s7489" source="wordnet-bulgarian">
         <wf lemma="хващам" pos="X">хващам</wf>
         <wf lemma="за" pos="X">за</wf>
         <instance id="d000.s7489.t000" lemma="опашка" pos="NOUN">опашката</instance>
         <wf lemma="." pos="X">.</wf>
      </sentence>
      <sentence id="d000.s7490" source="wordnet-bulgarian">
         <wf lemma="отличен" pos="X">отличен</wf>
         <instance id="d000.s7490.t000" lemma="ученик" pos="NOUN">ученик</instance>
         <wf lemma="." pos="X">.</wf>
      </sentence>
      <sentence id="d000.s7491" source="wordnet-bulgarian">
         <wf lemma="Тази" pos="X">Тази</wf>
         <wf lemma="вечер" pos="X">вечер</wf>
         <wf lemma="ще" pos="X">ще</wf>
         <wf lemma="спим" pos="X">спим</wf>
         <wf lemma="в" pos="X">в</wf>
         <instance id="d000.s7491.t000" lemma="хижа" pos="NOUN">хижата</instance>
         <wf lemma="." pos="X">.</wf>
      </sentence>
      <sentence id="d000.s7492" source="wordnet-bulgarian">
         <instance id="d000.s7492.t000" lemma="пея" pos="VERB">пея</instance>
         <wf lemma="вярно" pos="X">вярно</wf>
         <wf lemma="." pos="X">.</wf>
      </sentence>
      <sentence id="d000.s7493" source="wordnet-bulgarian">
         <wf lemma="истинско" pos="X">истинско</wf>
         <instance id="d000.s7493.t000" lemma="удоволствие" pos="NOUN">удоволствие</instance>
         <wf lemma="." pos="X">.</wf>
      </sentence>
      <sentence id="d000.s7494" source="wordnet-bulgarian">
         <wf lemma="водя" pos="X">водя</wf>
         <instance id="d000.s7494.t000" lemma="потекло" pos="NOUN">потеклото</instance>
         <wf lemma="си" pos="X">си</wf>
         <wf lemma="от" pos="X">от</wf>
         <wf lemma="." pos="X">.</wf>
      </sentence>
      <sentence id="d000.s7495" source="wordnet-bulgarian">
         <wf lemma="слабо" pos="X">слабо</wf>
         <instance id="d000.s7495.t000" lemma="земетресение" pos="NOUN">земетресение</instance>
         <wf lemma="." pos="X">.</wf>
      </sentence>
      <sentence id="d000.s7496" source="wordnet-bulgarian">
         <wf lemma="Той" pos="X">Той</wf>
         <wf lemma="беше" pos="X">беше</wf>
         <wf lemma="тъй" pos="X">тъй</wf>
         <wf lemma="дребен" pos="X">дребен</wf>
         <wf lemma="на" pos="X">на</wf>
         <wf lemma="ръст" pos="X">ръст</wf>
         <wf lemma="," pos="X">,</wf>
         <wf lemma="че" pos="X">че</wf>
         <wf lemma="потъваше" pos="X">потъваше</wf>
         <wf lemma="във" pos="X">във</wf>
         <instance id="d000.s7496.t000" lemma="фотьойл" pos="NOUN">фотьойла</instance>
         <wf lemma="." pos="X">.</wf>
      </sentence>
      <sentence id="d000.s7497" source="wordnet-bulgarian">
         <wf lemma="организирам" pos="X">организирам</wf>
         <instance id="d000.s7497.t000" lemma="семинар" pos="NOUN">семинар</instance>
         <wf lemma="." pos="X">.</wf>
      </sentence>
      <sentence id="d000.s7498" source="wordnet-bulgarian">
         <wf lemma="Винаги" pos="X">Винаги</wf>
         <wf lemma="ще" pos="X">ще</wf>
         <wf lemma="си" pos="X">си</wf>
         <wf lemma="остана" pos="X">остана</wf>
         <instance id="d000.s7498.t000" lemma="чужденец" pos="NOUN">чужденец</instance>
         <wf lemma="в" pos="X">в</wf>
         <wf lemma="Германия" pos="X">Германия</wf>
         <wf lemma="." pos="X">.</wf>
      </sentence>
      <sentence id="d000.s7499" source="wordnet-bulgarian">
         <wf lemma="седя" pos="X">седя</wf>
         <wf lemma="на" pos="X">на</wf>
         <instance id="d000.s7499.t000" lemma="земя" pos="NOUN">земята</instance>
         <wf lemma="." pos="X">.</wf>
      </sentence>
      <sentence id="d000.s7500" source="wordnet-bulgarian">
         <wf lemma="има" pos="X">има</wf>
         <instance id="d000.s7500.t000" lemma="алтернатива" pos="NOUN">алтернатива</instance>
         <wf lemma="." pos="X">.</wf>
      </sentence>
      <sentence id="d000.s7501" source="wordnet-bulgarian">
         <wf lemma="без" pos="X">без</wf>
         <instance id="d000.s7501.t000" lemma="цензура" pos="NOUN">цензура</instance>
         <wf lemma="." pos="X">.</wf>
      </sentence>
      <sentence id="d000.s7502" source="wordnet-bulgarian">
         <wf lemma="лозов" pos="X">лозов</wf>
         <instance id="d000.s7502.t000" lemma="лист" pos="NOUN">лист</instance>
         <wf lemma="." pos="X">.</wf>
      </sentence>
      <sentence id="d000.s7503" source="wordnet-bulgarian">
         <wf lemma="взривно" pos="X">взривно</wf>
         <instance id="d000.s7503.t000" lemma="вещество" pos="NOUN">вещество</instance>
         <wf lemma="." pos="X">.</wf>
      </sentence>
      <sentence id="d000.s7504" source="wordnet-bulgarian">
         <wf lemma="ожесточено" pos="X">ожесточено</wf>
         <instance id="d000.s7504.t000" lemma="състезание" pos="NOUN">състезание</instance>
         <wf lemma="." pos="X">.</wf>
      </sentence>
      <sentence id="d000.s7505" source="wordnet-bulgarian">
         <wf lemma="Не" pos="X">Не</wf>
         <wf lemma="се" pos="X">се</wf>
         <wf lemma="разбра" pos="X">разбра</wf>
         <wf lemma="кой" pos="X">кой</wf>
         <wf lemma="е" pos="X">е</wf>
         <wf lemma="дал" pos="X">дал</wf>
         <wf lemma="парите" pos="X">парите</wf>
         <wf lemma="за" pos="X">за</wf>
         <instance id="d000.s7505.t000" lemma="гаранция" pos="NOUN">гаранцията</instance>
         <wf lemma="." pos="X">.</wf>
      </sentence>
      <sentence id="d000.s7506" source="wordnet-bulgarian">
         <instance id="d000.s7506.t000" lemma="късче" pos="NOUN">късче</instance>
         <wf lemma="по" pos="X">по</wf>
         <wf lemma="късче" pos="X">късче</wf>
         <wf lemma="." pos="X">.</wf>
      </sentence>
      <sentence id="d000.s7507" source="wordnet-bulgarian">
         <wf lemma="с" pos="X">с</wf>
         <wf lemma="други" pos="X">други</wf>
         <instance id="d000.s7507.t000" lemma="дума" pos="NOUN">думи</instance>
         <wf lemma="." pos="X">.</wf>
      </sentence>
      <sentence id="d000.s7508" source="wordnet-bulgarian">
         <wf lemma="измервам" pos="X">измервам</wf>
         <instance id="d000.s7508.t000" lemma="пулс" pos="NOUN">пулса</instance>
         <wf lemma="на" pos="X">на</wf>
         <wf lemma="." pos="X">.</wf>
      </sentence>
      <sentence id="d000.s7509" source="wordnet-bulgarian">
         <instance id="d000.s7509.t000" lemma="мода" pos="NOUN">мода</instance>
         <wf lemma="в" pos="X">в</wf>
         <wf lemma="литературата" pos="X">литературата</wf>
         <wf lemma="." pos="X">.</wf>
      </sentence>
      <sentence id="d000.s7510" source="wordnet-bulgarian">
         <wf lemma="От" pos="X">От</wf>
         <wf lemma="години" pos="X">години</wf>
         <wf lemma="боледува" pos="X">боледува</wf>
         <wf lemma="от" pos="X">от</wf>
         <instance id="d000.s7510.t000" lemma="сърце" pos="NOUN">сърце</instance>
         <wf lemma="." pos="X">.</wf>
      </sentence>
      <sentence id="d000.s7511" source="wordnet-bulgarian">
         <wf lemma="слизам" pos="X">слизам</wf>
         <wf lemma="в" pos="X">в</wf>
         <instance id="d000.s7511.t000" lemma="мазе" pos="NOUN">мазето</instance>
         <wf lemma="за" pos="X">за</wf>
         <wf lemma="компот" pos="X">компот</wf>
         <wf lemma="." pos="X">.</wf>
      </sentence>
      <sentence id="d000.s7512" source="wordnet-bulgarian">
         <wf lemma="дизелов" pos="X">дизелов</wf>
         <instance id="d000.s7512.t000" lemma="влак" pos="NOUN">влак</instance>
         <wf lemma="." pos="X">.</wf>
      </sentence>
      <sentence id="d000.s7513" source="wordnet-bulgarian">
         <instance id="d000.s7513.t000" lemma="гроб" pos="NOUN">гроб</instance>
         <wf lemma="на" pos="X">на</wf>
         <wf lemma="." pos="X">.</wf>
      </sentence>
      <sentence id="d000.s7514" source="wordnet-bulgarian">
         <wf lemma="закачам" pos="X">закачам</wf>
         <wf lemma="на" pos="X">на</wf>
         <instance id="d000.s7514.t000" lemma="пирон" pos="NOUN">пирон</instance>
         <wf lemma="." pos="X">.</wf>
      </sentence>
      <sentence id="d000.s7515" source="wordnet-bulgarian">
         <instance id="d000.s7515.t000" lemma="мятам" pos="VERB">мятам</instance>
         <wf lemma="диск" pos="X">диск</wf>
         <wf lemma="." pos="X">.</wf>
      </sentence>
      <sentence id="d000.s7516" source="wordnet-bulgarian">
         <wf lemma="широк" pos="X">широк</wf>
         <instance id="d000.s7516.t000" lemma="път" pos="NOUN">път</instance>
         <wf lemma="." pos="X">.</wf>
      </sentence>
      <sentence id="d000.s7517" source="wordnet-bulgarian">
         <wf lemma="бурни" pos="X">бурни</wf>
         <instance id="d000.s7517.t000" lemma="дебат" pos="NOUN">дебати</instance>
         <wf lemma="." pos="X">.</wf>
      </sentence>
      <sentence id="d000.s7518" source="wordnet-bulgarian">
         <wf lemma="чорба" pos="X">чорба</wf>
         <wf lemma="от" pos="X">от</wf>
         <instance id="d000.s7518.t000" lemma="риба" pos="NOUN">риба</instance>
         <wf lemma="." pos="X">.</wf>
      </sentence>
      <sentence id="d000.s7519" source="wordnet-bulgarian">
         <wf lemma="отивам" pos="X">отивам</wf>
         <wf lemma="си" pos="X">си</wf>
         <wf lemma="от" pos="X">от</wf>
         <wf lemma="този" pos="X">този</wf>
         <instance id="d000.s7519.t000" lemma="свят" pos="NOUN">свят</instance>
         <wf lemma="." pos="X">.</wf>
      </sentence>
      <sentence id="d000.s7520" source="wordnet-bulgarian">
         <wf lemma="живея" pos="X">живея</wf>
         <wf lemma="в" pos="X">в</wf>
         <instance id="d000.s7520.t000" lemma="нищета" pos="NOUN">нищета</instance>
         <wf lemma="." pos="X">.</wf>
      </sentence>
      <sentence id="d000.s7521" source="wordnet-bulgarian">
         <wf lemma="каменен" pos="X">каменен</wf>
         <instance id="d000.s7521.t000" lemma="праг" pos="NOUN">праг</instance>
         <wf lemma="." pos="X">.</wf>
      </sentence>
      <sentence id="d000.s7522" source="wordnet-bulgarian">
         <wf lemma="Тази" pos="X">Тази</wf>
         <wf lemma="опция" pos="X">опция</wf>
         <wf lemma="по" pos="X">по</wf>
         <instance id="d000.s7522.t000" lemma="подразбиране" pos="NOUN">подразбиране</instance>
         <wf lemma="показва" pos="X">показва</wf>
         <wf lemma="текущия" pos="X">текущия</wf>
         <wf lemma="режим" pos="X">режим</wf>
         <wf lemma="на" pos="X">на</wf>
         <wf lemma="работа" pos="X">работа</wf>
         <wf lemma="." pos="X">.</wf>
      </sentence>
      <sentence id="d000.s7523" source="wordnet-bulgarian">
         <wf lemma="голяма" pos="X">голяма</wf>
         <instance id="d000.s7523.t000" lemma="вилица" pos="NOUN">вилица</instance>
         <wf lemma="." pos="X">.</wf>
      </sentence>
      <sentence id="d000.s7524" source="wordnet-bulgarian">
         <wf lemma="влизам" pos="X">влизам</wf>
         <wf lemma="в" pos="X">в</wf>
         <instance id="d000.s7524.t000" lemma="сграда" pos="NOUN">сградата</instance>
         <wf lemma="." pos="X">.</wf>
      </sentence>
      <sentence id="d000.s7525" source="wordnet-bulgarian">
         <instance id="d000.s7525.t000" lemma="удар" pos="NOUN">удар</instance>
         <wf lemma="с" pos="X">с</wf>
         <wf lemma="юмрук" pos="X">юмрук</wf>
         <wf lemma="." pos="X">.</wf>
      </sentence>
      <sentence id="d000.s7526" source="wordnet-bulgarian">
         <wf lemma="висящ" pos="X">висящ</wf>
         <instance id="d000.s7526.t000" lemma="мост" pos="NOUN">мост</instance>
         <wf lemma="." pos="X">.</wf>
      </sentence>
      <sentence id="d000.s7527" source="wordnet-bulgarian">
         <instance id="d000.s7527.t000" lemma="битка" pos="NOUN">битката</instance>
         <wf lemma="за" pos="X">за</wf>
         <wf lemma="Берлин" pos="X">Берлин</wf>
         <wf lemma="." pos="X">.</wf>
      </sentence>
      <sentence id="d000.s7528" source="wordnet-bulgarian">
         <wf lemma="малка" pos="X">малка</wf>
         <instance id="d000.s7528.t000" lemma="бенка" pos="NOUN">бенка</instance>
         <wf lemma="." pos="X">.</wf>
      </sentence>
      <sentence id="d000.s7529" source="wordnet-bulgarian">
         <instance id="d000.s7529.t000" lemma="град" pos="NOUN">град</instance>
         <wf lemma="София" pos="X">София</wf>
         <wf lemma="." pos="X">.</wf>
      </sentence>
      <sentence id="d000.s7530" source="wordnet-bulgarian">
         <wf lemma="революционно" pos="X">революционно</wf>
         <instance id="d000.s7530.t000" lemma="движение" pos="NOUN">движение</instance>
         <wf lemma="." pos="X">.</wf>
      </sentence>
      <sentence id="d000.s7531" source="wordnet-bulgarian">
         <wf lemma="скучен" pos="X">скучен</wf>
         <instance id="d000.s7531.t000" lemma="урок" pos="NOUN">урок</instance>
         <wf lemma="." pos="X">.</wf>
      </sentence>
      <sentence id="d000.s7532" source="wordnet-bulgarian">
         <wf lemma="нямам" pos="X">нямам</wf>
         <instance id="d000.s7532.t000" lemma="доверие" pos="NOUN">доверие</instance>
         <wf lemma="на" pos="X">на</wf>
         <wf lemma="." pos="X">.</wf>
      </sentence>
      <sentence id="d000.s7533" source="wordnet-bulgarian">
         <instance id="d000.s7533.t000" lemma="залагам" pos="VERB">залагам</instance>
         <wf lemma="на" pos="X">на</wf>
         <wf lemma="." pos="X">.</wf>
      </sentence>
      <sentence id="d000.s7534" source="wordnet-bulgarian">
         <wf lemma="Той" pos="X">Той</wf>
         <wf lemma="е" pos="X">е</wf>
         <wf lemma="участвал" pos="X">участвал</wf>
         <wf lemma="във" pos="X">във</wf>
         <wf lemma="Втората" pos="X">Втората</wf>
         <wf lemma="световна" pos="X">световна</wf>
         <wf lemma="война" pos="X">война</wf>
         <wf lemma="като" pos="X">като</wf>
         <instance id="d000.s7534.t000" lemma="летец" pos="NOUN">летец</instance>
         <wf lemma="." pos="X">.</wf>
      </sentence>
      <sentence id="d000.s7535" source="wordnet-bulgarian">
         <wf lemma="зависи" pos="X">зависи</wf>
         <wf lemma="от" pos="X">от</wf>
         <instance id="d000.s7535.t000" lemma="случай" pos="NOUN">случая</instance>
         <wf lemma="." pos="X">.</wf>
      </sentence>
      <sentence id="d000.s7536" source="wordnet-bulgarian">
         <wf lemma="военна" pos="X">военна</wf>
         <instance id="d000.s7536.t000" lemma="кола" pos="NOUN">кола</instance>
         <wf lemma="." pos="X">.</wf>
      </sentence>
      <sentence id="d000.s7537" source="wordnet-bulgarian">
         <wf lemma="алпийска" pos="X">алпийска</wf>
         <instance id="d000.s7537.t000" lemma="гледка" pos="NOUN">гледка</instance>
         <wf lemma="." pos="X">.</wf>
      </sentence>
      <sentence id="d000.s7538" source="wordnet-bulgarian">
         <wf lemma="здрав" pos="X">здрав</wf>
         <instance id="d000.s7538.t000" lemma="сън" pos="NOUN">сън</instance>
         <wf lemma="." pos="X">.</wf>
      </sentence>
      <sentence id="d000.s7539" source="wordnet-bulgarian">
         <wf lemma="редседателят" pos="X">редседателят</wf>
         <wf lemma="на" pos="X">на</wf>
         <wf lemma="Народната" pos="X">Народната</wf>
         <wf lemma="партия" pos="X">партия</wf>
         <wf lemma="е" pos="X">е</wf>
         <wf lemma="уважаван" pos="X">уважаван</wf>
         <wf lemma="за" pos="X">за</wf>
         <wf lemma="смелото" pos="X">смелото</wf>
         <instance id="d000.s7539.t000" lemma="ръководство" pos="NOUN">ръководство</instance>
         <wf lemma="," pos="X">,</wf>
         <wf lemma="за" pos="X">за</wf>
         <wf lemma="икономическите" pos="X">икономическите</wf>
         <wf lemma="успехи" pos="X">успехи</wf>
         <wf lemma="," pos="X">,</wf>
         <wf lemma="но" pos="X">но</wf>
         <wf lemma="и" pos="X">и</wf>
         <wf lemma="заради" pos="X">заради</wf>
         <wf lemma="скромността" pos="X">скромността</wf>
         <wf lemma="си" pos="X">си</wf>
         <wf lemma="." pos="X">.</wf>
      </sentence>
      <sentence id="d000.s7540" source="wordnet-bulgarian">
         <wf lemma="Отивам" pos="X">Отивам</wf>
         <wf lemma="на" pos="X">на</wf>
         <wf lemma="романтична" pos="X">романтична</wf>
         <wf lemma="вечеря" pos="X">вечеря</wf>
         <wf lemma="с" pos="X">с</wf>
         <instance id="d000.s7540.t000" lemma="приятелка" pos="NOUN">приятелката</instance>
         <wf lemma="си" pos="X">си</wf>
         <wf lemma="." pos="X">.</wf>
      </sentence>
      <sentence id="d000.s7541" source="wordnet-bulgarian">
         <wf lemma="скъсан" pos="X">скъсан</wf>
         <instance id="d000.s7541.t000" lemma="афиш" pos="NOUN">афиш</instance>
         <wf lemma="." pos="X">.</wf>
      </sentence>
      <sentence id="d000.s7542" source="wordnet-bulgarian">
         <wf lemma="детска" pos="X">детска</wf>
         <instance id="d000.s7542.t000" lemma="възраст" pos="NOUN">възраст</instance>
         <wf lemma="." pos="X">.</wf>
      </sentence>
      <sentence id="d000.s7543" source="wordnet-bulgarian">
         <instance id="d000.s7543.t000" lemma="младеж" pos="NOUN">Младежта</instance>
         <wf lemma="е" pos="X">е</wf>
         <wf lemma="бъдещето" pos="X">бъдещето</wf>
         <wf lemma="на" pos="X">на</wf>
         <wf lemma="всяка" pos="X">всяка</wf>
         <wf lemma="нация" pos="X">нация</wf>
         <wf lemma="." pos="X">.</wf>
      </sentence>
      <sentence id="d000.s7544" source="wordnet-bulgarian">
         <wf lemma="поставям" pos="X">поставям</wf>
         <instance id="d000.s7544.t000" lemma="рекорд" pos="NOUN">рекорд</instance>
         <wf lemma="." pos="X">.</wf>
      </sentence>
      <sentence id="d000.s7545" source="wordnet-bulgarian">
         <wf lemma="по" pos="X">по</wf>
         <wf lemma="една" pos="X">една</wf>
         <instance id="d000.s7545.t000" lemma="случайност" pos="NOUN">случайност</instance>
         <wf lemma="." pos="X">.</wf>
      </sentence>
      <sentence id="d000.s7546" source="wordnet-bulgarian">
         <wf lemma="Моите" pos="X">Моите</wf>
         <instance id="d000.s7546.t000" lemma="поздравление" pos="NOUN">поздравления</instance>
         <wf lemma="за" pos="X">за</wf>
         <wf lemma="новия" pos="X">новия</wf>
         <wf lemma="ти" pos="X">ти</wf>
         <wf lemma="пост" pos="X">пост</wf>
         <wf lemma="!" pos="X">!</wf>
      </sentence>
      <sentence id="d000.s7547" source="wordnet-bulgarian">
         <wf lemma="поклащам" pos="X">поклащам</wf>
         <instance id="d000.s7547.t000" lemma="глава" pos="NOUN">глава</instance>
         <wf lemma="." pos="X">.</wf>
      </sentence>
      <sentence id="d000.s7548" source="wordnet-bulgarian">
         <wf lemma="граматическо" pos="X">граматическо</wf>
         <instance id="d000.s7548.t000" lemma="правило" pos="NOUN">правило</instance>
         <wf lemma="." pos="X">.</wf>
      </sentence>
      <sentence id="d000.s7549" source="wordnet-bulgarian">
         <instance id="d000.s7549.t000" lemma="ядене" pos="NOUN">яденето</instance>
         <wf lemma="е" pos="X">е</wf>
         <wf lemma="сервирано" pos="X">сервирано</wf>
         <wf lemma="." pos="X">.</wf>
      </sentence>
      <sentence id="d000.s7550" source="wordnet-bulgarian">
         <wf lemma="момиче" pos="X">момиче</wf>
         <wf lemma="с" pos="X">с</wf>
         <instance id="d000.s7550.t000" lemma="плитка" pos="NOUN">плитка</instance>
         <wf lemma="." pos="X">.</wf>
      </sentence>
      <sentence id="d000.s7551" source="wordnet-bulgarian">
         <wf lemma="Имаш" pos="X">Имаш</wf>
         <wf lemma="ли" pos="X">ли</wf>
         <instance id="d000.s7551.t000" lemma="светкавица" pos="NOUN">светкавица</instance>
         <wf lemma="на" pos="X">на</wf>
         <wf lemma="фотоапарата" pos="X">фотоапарата</wf>
         <wf lemma="?" pos="X">?</wf>
      </sentence>
      <sentence id="d000.s7552" source="wordnet-bulgarian">
         <wf lemma="Спирам" pos="X">Спирам</wf>
         <instance id="d000.s7552.t000" lemma="ток" pos="NOUN">тока</instance>
         <wf lemma="." pos="X">.</wf>
      </sentence>
      <sentence id="d000.s7553" source="wordnet-bulgarian">
         <wf lemma="имам" pos="X">имам</wf>
         <instance id="d000.s7553.t000" lemma="власт" pos="NOUN">власт</instance>
         <wf lemma="над" pos="X">над</wf>
         <wf lemma="някого" pos="X">някого</wf>
         <wf lemma="." pos="X">.</wf>
      </sentence>
      <sentence id="d000.s7554" source="wordnet-bulgarian">
         <wf lemma="приготвям" pos="X">приготвям</wf>
         <instance id="d000.s7554.t000" lemma="десерт" pos="NOUN">десерт</instance>
         <wf lemma="." pos="X">.</wf>
      </sentence>
      <sentence id="d000.s7555" source="wordnet-bulgarian">
         <wf lemma="печеливша" pos="X">печеливша</wf>
         <instance id="d000.s7555.t000" lemma="сделка" pos="NOUN">сделка</instance>
         <wf lemma="." pos="X">.</wf>
      </sentence>
      <sentence id="d000.s7556" source="wordnet-bulgarian">
         <wf lemma="върховно" pos="X">върховно</wf>
         <instance id="d000.s7556.t000" lemma="постижение" pos="NOUN">постижение</instance>
         <wf lemma="." pos="X">.</wf>
      </sentence>
      <sentence id="d000.s7557" source="wordnet-bulgarian">
         <wf lemma="неперодолимо" pos="X">неперодолимо</wf>
         <instance id="d000.s7557.t000" lemma="влечение" pos="NOUN">влечение</instance>
         <wf lemma="." pos="X">.</wf>
      </sentence>
      <sentence id="d000.s7558" source="wordnet-bulgarian">
         <instance id="d000.s7558.t000" lemma="стана" pos="VERB">Станахме</instance>
         <wf lemma="петима" pos="X">петима</wf>
         <wf lemma="." pos="X">.</wf>
      </sentence>
      <sentence id="d000.s7559" source="wordnet-bulgarian">
         <wf lemma="криво" pos="X">криво</wf>
         <instance id="d000.s7559.t000" lemma="огледало" pos="NOUN">огледало</instance>
         <wf lemma="." pos="X">.</wf>
      </sentence>
      <sentence id="d000.s7560" source="wordnet-bulgarian">
         <wf lemma="конфискувана" pos="X">конфискувана</wf>
         <instance id="d000.s7560.t000" lemma="стока" pos="NOUN">стока</instance>
         <wf lemma="." pos="X">.</wf>
      </sentence>
      <sentence id="d000.s7561" source="wordnet-bulgarian">
         <wf lemma="употребявам" pos="X">употребявам</wf>
         <instance id="d000.s7561.t000" lemma="термин" pos="NOUN">термини</instance>
         <wf lemma="." pos="X">.</wf>
      </sentence>
      <sentence id="d000.s7562" source="wordnet-bulgarian">
         <instance id="d000.s7562.t000" lemma="опит" pos="NOUN">Опитът</instance>
         <wf lemma="е" pos="X">е</wf>
         <wf lemma="най-добрият" pos="X">най-добрият</wf>
         <wf lemma="учител" pos="X">учител</wf>
         <wf lemma="." pos="X">.</wf>
      </sentence>
      <sentence id="d000.s7563" source="wordnet-bulgarian">
         <wf lemma="вземам" pos="X">вземам</wf>
         <instance id="d000.s7563.t000" lemma="проба" pos="NOUN">проба</instance>
         <wf lemma="от" pos="X">от</wf>
         <wf lemma="." pos="X">.</wf>
      </sentence>
      <sentence id="d000.s7564" source="wordnet-bulgarian">
         <wf lemma="неспокойна" pos="X">неспокойна</wf>
         <instance id="d000.s7564.t000" lemma="обстановка" pos="NOUN">обстановка</instance>
         <wf lemma="." pos="X">.</wf>
      </sentence>
      <sentence id="d000.s7565" source="wordnet-bulgarian">
         <wf lemma="неприличен" pos="X">неприличен</wf>
         <instance id="d000.s7565.t000" lemma="жест" pos="NOUN">жест</instance>
         <wf lemma="." pos="X">.</wf>
      </sentence>
      <sentence id="d000.s7566" source="wordnet-bulgarian">
         <wf lemma="отличен" pos="X">отличен</wf>
         <instance id="d000.s7566.t000" lemma="дизайн" pos="NOUN">дизайн</instance>
         <wf lemma="." pos="X">.</wf>
      </sentence>
      <sentence id="d000.s7567" source="wordnet-bulgarian">
         <wf lemma="на" pos="X">на</wf>
         <instance id="d000.s7567.t000" lemma="праг" pos="NOUN">прага</instance>
         <wf lemma="на" pos="X">на</wf>
         <wf lemma="." pos="X">.</wf>
      </sentence>
      <sentence id="d000.s7568" source="wordnet-bulgarian">
         <wf lemma="Ами" pos="X">Ами</wf>
         <instance id="d000.s7568.t000" lemma="сега" pos="NOUN">сега</instance>
         <wf lemma="?" pos="X">?</wf>
      </sentence>
      <sentence id="d000.s7569" source="wordnet-bulgarian">
         <instance id="d000.s7569.t000" lemma="артист" pos="NOUN">Артистът</instance>
         <wf lemma="твори" pos="X">твори</wf>
         <wf lemma="на" pos="X">на</wf>
         <wf lemma="сцената" pos="X">сцената</wf>
         <wf lemma="." pos="X">.</wf>
      </sentence>
      <sentence id="d000.s7570" source="wordnet-bulgarian">
         <wf lemma="след" pos="X">след</wf>
         <wf lemma="няколко" pos="X">няколко</wf>
         <instance id="d000.s7570.t000" lemma="час" pos="NOUN">часа</instance>
         <wf lemma="." pos="X">.</wf>
      </sentence>
      <sentence id="d000.s7571" source="wordnet-bulgarian">
         <wf lemma="имам" pos="X">имам</wf>
         <wf lemma="широки" pos="X">широки</wf>
         <instance id="d000.s7571.t000" lemma="знание" pos="NOUN">знания</instance>
         <wf lemma="в" pos="X">в</wf>
         <wf lemma="някаква" pos="X">някаква</wf>
         <wf lemma="област" pos="X">област</wf>
         <wf lemma="." pos="X">.</wf>
      </sentence>
      <sentence id="d000.s7572" source="wordnet-bulgarian">
         <wf lemma="религиозен" pos="X">религиозен</wf>
         <instance id="d000.s7572.t000" lemma="ритуал" pos="NOUN">ритуал</instance>
         <wf lemma="." pos="X">.</wf>
      </sentence>
      <sentence id="d000.s7573" source="wordnet-bulgarian">
         <instance id="d000.s7573.t000" lemma="роднина" pos="NOUN">роднина</instance>
         <wf lemma="по" pos="X">по</wf>
         <wf lemma="майчина" pos="X">майчина</wf>
         <wf lemma="линия" pos="X">линия</wf>
         <wf lemma="." pos="X">.</wf>
      </sentence>
      <sentence id="d000.s7574" source="wordnet-bulgarian">
         <wf lemma="колата" pos="X">колата</wf>
         <wf lemma="поднесе" pos="X">поднесе</wf>
         <wf lemma="на" pos="X">на</wf>
         <instance id="d000.s7574.t000" lemma="завой" pos="NOUN">завой</instance>
         <wf lemma="." pos="X">.</wf>
      </sentence>
      <sentence id="d000.s7575" source="wordnet-bulgarian">
         <instance id="d000.s7575.t000" lemma="потенциал" pos="NOUN">потенциал</instance>
         <wf lemma="за" pos="X">за</wf>
         <wf lemma="научни" pos="X">научни</wf>
         <wf lemma="изследвания" pos="X">изследвания</wf>
         <wf lemma="." pos="X">.</wf>
      </sentence>
      <sentence id="d000.s7576" source="wordnet-bulgarian">
         <wf lemma="военни" pos="X">военни</wf>
         <instance id="d000.s7576.t000" lemma="гробище" pos="NOUN">гробища</instance>
         <wf lemma="." pos="X">.</wf>
      </sentence>
      <sentence id="d000.s7577" source="wordnet-bulgarian">
         <wf lemma="твърда" pos="X">твърда</wf>
         <instance id="d000.s7577.t000" lemma="възглавница" pos="NOUN">възглавница</instance>
         <wf lemma="." pos="X">.</wf>
      </sentence>
      <sentence id="d000.s7578" source="wordnet-bulgarian">
         <wf lemma="свинска" pos="X">свинска</wf>
         <instance id="d000.s7578.t000" lemma="опашка" pos="NOUN">опашка</instance>
         <wf lemma="." pos="X">.</wf>
      </sentence>
      <sentence id="d000.s7579" source="wordnet-bulgarian">
         <wf lemma="тръгвам" pos="X">тръгвам</wf>
         <wf lemma="в" pos="X">в</wf>
         <instance id="d000.s7579.t000" lemma="атака" pos="NOUN">атака</instance>
         <wf lemma="." pos="X">.</wf>
      </sentence>
      <sentence id="d000.s7580" source="wordnet-bulgarian">
         <wf lemma="сгъваем" pos="X">сгъваем</wf>
         <instance id="d000.s7580.t000" lemma="чадър" pos="NOUN">чадър</instance>
         <wf lemma="." pos="X">.</wf>
      </sentence>
      <sentence id="d000.s7581" source="wordnet-bulgarian">
         <instance id="d000.s7581.t000" lemma="необходимост" pos="NOUN">необходимост</instance>
         <wf lemma="от" pos="X">от</wf>
         <wf lemma="помощ" pos="X">помощ</wf>
         <wf lemma="." pos="X">.</wf>
      </sentence>
      <sentence id="d000.s7582" source="wordnet-bulgarian">
         <wf lemma="ябълков" pos="X">ябълков</wf>
         <instance id="d000.s7582.t000" lemma="пай" pos="NOUN">пай</instance>
         <wf lemma="." pos="X">.</wf>
      </sentence>
      <sentence id="d000.s7583" source="wordnet-bulgarian">
         <wf lemma="за" pos="X">за</wf>
         <wf lemma="голямо" pos="X">голямо</wf>
         <instance id="d000.s7583.t000" lemma="съжаление" pos="NOUN">съжаление</instance>
         <wf lemma="." pos="X">.</wf>
      </sentence>
      <sentence id="d000.s7584" source="wordnet-bulgarian">
         <wf lemma="харесвам" pos="X">харесвам</wf>
         <instance id="d000.s7584.t000" lemma="лице" pos="NOUN">лицето</instance>
         <wf lemma="си" pos="X">си</wf>
         <wf lemma="." pos="X">.</wf>
      </sentence>
      <sentence id="d000.s7585" source="wordnet-bulgarian">
         <instance id="d000.s7585.t000" lemma="бой" pos="NOUN">боя</instance>
         <wf lemma="за" pos="X">за</wf>
         <wf lemma="коса" pos="X">коса</wf>
         <wf lemma="." pos="X">.</wf>
      </sentence>
      <sentence id="d000.s7586" source="wordnet-bulgarian">
         <wf lemma="дълго" pos="X">дълго</wf>
         <instance id="d000.s7586.t000" lemma="сбогуване" pos="NOUN">сбогуване</instance>
         <wf lemma="." pos="X">.</wf>
      </sentence>
      <sentence id="d000.s7587" source="wordnet-bulgarian">
         <wf lemma="Седнах" pos="X">Седнах</wf>
         <wf lemma="малко" pos="X">малко</wf>
         <wf lemma="на" pos="X">на</wf>
         <instance id="d000.s7587.t000" lemma="слънце" pos="NOUN">слънце</instance>
         <wf lemma="." pos="X">.</wf>
      </sentence>
      <sentence id="d000.s7588" source="wordnet-bulgarian">
         <wf lemma="магнитофон" pos="X">магнитофон</wf>
         <wf lemma="с" pos="X">с</wf>
         <instance id="d000.s7588.t000" lemma="касета" pos="NOUN">касети</instance>
         <wf lemma="." pos="X">.</wf>
      </sentence>
      <sentence id="d000.s7589" source="wordnet-bulgarian">
         <wf lemma="Отново" pos="X">Отново</wf>
         <wf lemma="настъпи" pos="X">настъпи</wf>
         <instance id="d000.s7589.t000" lemma="тишина" pos="NOUN">тишина</instance>
         <wf lemma="." pos="X">.</wf>
      </sentence>
      <sentence id="d000.s7590" source="wordnet-bulgarian">
         <wf lemma="пожълтяла" pos="X">пожълтяла</wf>
         <instance id="d000.s7590.t000" lemma="снимка" pos="NOUN">снимка</instance>
         <wf lemma="." pos="X">.</wf>
      </sentence>
      <sentence id="d000.s7591" source="wordnet-bulgarian">
         <wf lemma="На" pos="X">На</wf>
         <wf lemma="фигурата" pos="X">фигурата</wf>
         <wf lemma="са" pos="X">са</wf>
         <wf lemma="изобразени" pos="X">изобразени</wf>
         <wf lemma="два" pos="X">два</wf>
         <instance id="d000.s7591.t000" lemma="вектор" pos="NOUN">вектора</instance>
         <wf lemma="." pos="X">.</wf>
      </sentence>
      <sentence id="d000.s7592" source="wordnet-bulgarian">
         <wf lemma="бодра" pos="X">бодра</wf>
         <instance id="d000.s7592.t000" lemma="крачка" pos="NOUN">крачка</instance>
         <wf lemma="." pos="X">.</wf>
      </sentence>
      <sentence id="d000.s7593" source="wordnet-bulgarian">
         <instance id="d000.s7593.t000" lemma="отражение" pos="NOUN">отражение</instance>
         <wf lemma="в" pos="X">в</wf>
         <wf lemma="огледалото" pos="X">огледалото</wf>
         <wf lemma="." pos="X">.</wf>
      </sentence>
      <sentence id="d000.s7594" source="wordnet-bulgarian">
         <wf lemma="ръчна" pos="X">ръчна</wf>
         <instance id="d000.s7594.t000" lemma="воденица" pos="NOUN">воденица</instance>
         <wf lemma="." pos="X">.</wf>
      </sentence>
      <sentence id="d000.s7595" source="wordnet-bulgarian">
         <wf lemma="непосредствено" pos="X">непосредствено</wf>
         <instance id="d000.s7595.t000" lemma="въздействие" pos="NOUN">въздействие</instance>
         <wf lemma="върху" pos="X">върху</wf>
         <wf lemma="." pos="X">.</wf>
      </sentence>
      <sentence id="d000.s7596" source="wordnet-bulgarian">
         <wf lemma="организирам" pos="X">организирам</wf>
         <instance id="d000.s7596.t000" lemma="бягство" pos="NOUN">бягство</instance>
         <wf lemma="от" pos="X">от</wf>
         <wf lemma="някъде" pos="X">някъде</wf>
         <wf lemma="." pos="X">.</wf>
      </sentence>
      <sentence id="d000.s7597" source="wordnet-bulgarian">
         <wf lemma="заболяване" pos="X">заболяване</wf>
         <wf lemma="на" pos="X">на</wf>
         <instance id="d000.s7597.t000" lemma="кръв" pos="NOUN">кръвта</instance>
         <wf lemma="." pos="X">.</wf>
      </sentence>
      <sentence id="d000.s7598" source="wordnet-bulgarian">
         <wf lemma="евтина" pos="X">евтина</wf>
         <instance id="d000.s7598.t000" lemma="украса" pos="NOUN">украса</instance>
         <wf lemma="." pos="X">.</wf>
      </sentence>
      <sentence id="d000.s7599" source="wordnet-bulgarian">
         <wf lemma="иглолистна" pos="X">иглолистна</wf>
         <instance id="d000.s7599.t000" lemma="гора" pos="NOUN">гора</instance>
         <wf lemma="." pos="X">.</wf>
      </sentence>
      <sentence id="d000.s7600" source="wordnet-bulgarian">
         <instance id="d000.s7600.t000" lemma="ерозия" pos="NOUN">ерозия</instance>
         <wf lemma="на" pos="X">на</wf>
         <wf lemma="почвите" pos="X">почвите</wf>
         <wf lemma="." pos="X">.</wf>
      </sentence>
      <sentence id="d000.s7601" source="wordnet-bulgarian">
         <wf lemma="плаващи" pos="X">плаващи</wf>
         <instance id="d000.s7601.t000" lemma="ребро" pos="NOUN">ребра</instance>
         <wf lemma="." pos="X">.</wf>
      </sentence>
      <sentence id="d000.s7602" source="wordnet-bulgarian">
         <instance id="d000.s7602.t000" lemma="вила" pos="NOUN">вила</instance>
         <wf lemma="в." pos="X">в.</wf>
      </sentence>
      <sentence id="d000.s7603" source="wordnet-bulgarian">
         <wf lemma="Той" pos="X">Той</wf>
         <wf lemma="работи" pos="X">работи</wf>
         <wf lemma="под" pos="X">под</wf>
         <wf lemma="негово" pos="X">негово</wf>
         <instance id="d000.s7603.t000" lemma="ръководство" pos="NOUN">ръководство</instance>
         <wf lemma="." pos="X">.</wf>
      </sentence>
      <sentence id="d000.s7604" source="wordnet-bulgarian">
         <wf lemma="пощенска" pos="X">пощенска</wf>
         <wf lemma="кутия" pos="X">кутия</wf>
         <wf lemma="за" pos="X">за</wf>
         <instance id="d000.s7604.t000" lemma="писмо" pos="NOUN">писма</instance>
         <wf lemma="." pos="X">.</wf>
      </sentence>
      <sentence id="d000.s7605" source="wordnet-bulgarian">
         <wf lemma="дръглив" pos="X">дръглив</wf>
         <instance id="d000.s7605.t000" lemma="кон" pos="NOUN">кон</instance>
         <wf lemma="." pos="X">.</wf>
      </sentence>
      <sentence id="d000.s7606" source="wordnet-bulgarian">
         <wf lemma="Тук" pos="X">Тук</wf>
         <wf lemma="сме" pos="X">сме</wf>
         <wf lemma="в" pos="X">в</wf>
         <wf lemma="пълна" pos="X">пълна</wf>
         <instance id="d000.s7606.t000" lemma="безопасност" pos="NOUN">безопасност</instance>
         <wf lemma="." pos="X">.</wf>
      </sentence>
      <sentence id="d000.s7607" source="wordnet-bulgarian">
         <wf lemma="в" pos="X">в</wf>
         <wf lemma="подножието" pos="X">подножието</wf>
         <wf lemma="на" pos="X">на</wf>
         <instance id="d000.s7607.t000" lemma="планина" pos="NOUN">планината</instance>
         <wf lemma="." pos="X">.</wf>
      </sentence>
      <sentence id="d000.s7608" source="wordnet-bulgarian">
         <wf lemma="травма" pos="X">травма</wf>
         <wf lemma="на" pos="X">на</wf>
         <instance id="d000.s7608.t000" lemma="китка" pos="NOUN">китката</instance>
         <wf lemma="." pos="X">.</wf>
      </sentence>
      <sentence id="d000.s7609" source="wordnet-bulgarian">
         <instance id="d000.s7609.t000" lemma="време" pos="NOUN">времето</instance>
         <wf lemma="се" pos="X">се</wf>
         <wf lemma="изяснява" pos="X">изяснява</wf>
         <wf lemma="." pos="X">.</wf>
      </sentence>
      <sentence id="d000.s7610" source="wordnet-bulgarian">
         <wf lemma="широколистно" pos="X">широколистно</wf>
         <instance id="d000.s7610.t000" lemma="дърво" pos="NOUN">дърво</instance>
         <wf lemma="." pos="X">.</wf>
      </sentence>
      <sentence id="d000.s7611" source="wordnet-bulgarian">
         <wf lemma="блажна" pos="X">блажна</wf>
         <instance id="d000.s7611.t000" lemma="бой" pos="NOUN">боя</instance>
         <wf lemma="." pos="X">.</wf>
      </sentence>
      <sentence id="d000.s7612" source="wordnet-bulgarian">
         <wf lemma="Ходя" pos="X">Ходя</wf>
         <wf lemma="на" pos="X">на</wf>
         <instance id="d000.s7612.t000" lemma="курс" pos="NOUN">курсове</instance>
         <wf lemma="по" pos="X">по</wf>
         <wf lemma="английски" pos="X">английски</wf>
         <wf lemma="." pos="X">.</wf>
      </sentence>
      <sentence id="d000.s7613" source="wordnet-bulgarian">
         <wf lemma="биволско" pos="X">биволско</wf>
         <instance id="d000.s7613.t000" lemma="мляко" pos="NOUN">мляко</instance>
         <wf lemma="." pos="X">.</wf>
      </sentence>
      <sentence id="d000.s7614" source="wordnet-bulgarian">
         <wf lemma="марков" pos="X">марков</wf>
         <instance id="d000.s7614.t000" lemma="часовник" pos="NOUN">часовник</instance>
         <wf lemma="." pos="X">.</wf>
      </sentence>
      <sentence id="d000.s7615" source="wordnet-bulgarian">
         <wf lemma="Той" pos="X">Той</wf>
         <wf lemma="отмъстил" pos="X">отмъстил</wf>
         <wf lemma="за" pos="X">за</wf>
         <instance id="d000.s7615.t000" lemma="кръвопролитие" pos="NOUN">кръвопролитията</instance>
         <wf lemma="на" pos="X">на</wf>
         <wf lemma="роднините" pos="X">роднините</wf>
         <wf lemma="си" pos="X">си</wf>
         <wf lemma="." pos="X">.</wf>
      </sentence>
      <sentence id="d000.s7616" source="wordnet-bulgarian">
         <wf lemma="голям" pos="X">голям</wf>
         <instance id="d000.s7616.t000" lemma="пръст" pos="NOUN">пръст</instance>
         <wf lemma="." pos="X">.</wf>
      </sentence>
      <sentence id="d000.s7617" source="wordnet-bulgarian">
         <wf lemma="имам" pos="X">имам</wf>
         <instance id="d000.s7617.t000" lemma="воля" pos="NOUN">воля</instance>
         <wf lemma="." pos="X">.</wf>
      </sentence>
      <sentence id="d000.s7618" source="wordnet-bulgarian">
         <wf lemma="свито" pos="X">свито</wf>
         <instance id="d000.s7618.t000" lemma="тяло" pos="NOUN">тяло</instance>
         <wf lemma="." pos="X">.</wf>
      </sentence>
      <sentence id="d000.s7619" source="wordnet-bulgarian">
         <wf lemma="Една" pos="X">Една</wf>
         <wf lemma="едра" pos="X">едра</wf>
         <wf lemma="сълза" pos="X">сълза</wf>
         <wf lemma="се" pos="X">се</wf>
         <wf lemma="отрони" pos="X">отрони</wf>
         <wf lemma="от" pos="X">от</wf>
         <wf lemma="долния" pos="X">долния</wf>
         <instance id="d000.s7619.t000" lemma="клепач" pos="NOUN">клепач</instance>
         <wf lemma="на" pos="X">на</wf>
         <wf lemma="окото" pos="X">окото</wf>
         <wf lemma="му" pos="X">му</wf>
         <wf lemma="." pos="X">.</wf>
      </sentence>
      <sentence id="d000.s7620" source="wordnet-bulgarian">
         <wf lemma="шарена" pos="X">шарена</wf>
         <instance id="d000.s7620.t000" lemma="вратовръзка" pos="NOUN">вратовръзка</instance>
         <wf lemma="." pos="X">.</wf>
      </sentence>
      <sentence id="d000.s7621" source="wordnet-bulgarian">
         <wf lemma="силна" pos="X">силна</wf>
         <instance id="d000.s7621.t000" lemma="памет" pos="NOUN">памет</instance>
         <wf lemma="." pos="X">.</wf>
      </sentence>
      <sentence id="d000.s7622" source="wordnet-bulgarian">
         <wf lemma="вярно" pos="X">вярно</wf>
         <instance id="d000.s7622.t000" lemma="копие" pos="NOUN">копие</instance>
         <wf lemma="от" pos="X">от</wf>
         <wf lemma="." pos="X">.</wf>
      </sentence>
      <sentence id="d000.s7623" source="wordnet-bulgarian">
         <wf lemma="силен" pos="X">силен</wf>
         <instance id="d000.s7623.t000" lemma="звук" pos="NOUN">звук</instance>
         <wf lemma="." pos="X">.</wf>
      </sentence>
      <sentence id="d000.s7624" source="wordnet-bulgarian">
         <instance id="d000.s7624.t000" lemma="нямам" pos="VERB">нямам</instance>
         <wf lemma="смелост" pos="X">смелост</wf>
         <wf lemma="." pos="X">.</wf>
      </sentence>
      <sentence id="d000.s7625" source="wordnet-bulgarian">
         <wf lemma="правя" pos="X">правя</wf>
         <instance id="d000.s7625.t000" lemma="мускул" pos="NOUN">мускули</instance>
         <wf lemma="." pos="X">.</wf>
      </sentence>
      <sentence id="d000.s7626" source="wordnet-bulgarian">
         <wf lemma="возя" pos="X">возя</wf>
         <wf lemma="се" pos="X">се</wf>
         <wf lemma="на" pos="X">на</wf>
         <instance id="d000.s7626.t000" lemma="лодка" pos="NOUN">лодка</instance>
         <wf lemma="." pos="X">.</wf>
      </sentence>
      <sentence id="d000.s7627" source="wordnet-bulgarian">
         <wf lemma="трапезна" pos="X">трапезна</wf>
         <instance id="d000.s7627.t000" lemma="керамика" pos="NOUN">керамика</instance>
         <wf lemma="." pos="X">.</wf>
      </sentence>
      <sentence id="d000.s7628" source="wordnet-bulgarian">
         <wf lemma="крайпътен" pos="X">крайпътен</wf>
         <instance id="d000.s7628.t000" lemma="билборд" pos="NOUN">билборд</instance>
         <wf lemma="." pos="X">.</wf>
      </sentence>
      <sentence id="d000.s7629" source="wordnet-bulgarian">
         <wf lemma="парадна" pos="X">парадна</wf>
         <instance id="d000.s7629.t000" lemma="униформа" pos="NOUN">униформа</instance>
         <wf lemma="." pos="X">.</wf>
      </sentence>
      <sentence id="d000.s7630" source="wordnet-bulgarian">
         <wf lemma="мека" pos="X">мека</wf>
         <instance id="d000.s7630.t000" lemma="папка" pos="NOUN">папка</instance>
         <wf lemma="." pos="X">.</wf>
      </sentence>
      <sentence id="d000.s7631" source="wordnet-bulgarian">
         <wf lemma="свобода" pos="X">свобода</wf>
         <wf lemma="на" pos="X">на</wf>
         <instance id="d000.s7631.t000" lemma="действие" pos="NOUN">действието</instance>
         <wf lemma="." pos="X">.</wf>
      </sentence>
      <sentence id="d000.s7632" source="wordnet-bulgarian">
         <instance id="d000.s7632.t000" lemma="опасност" pos="NOUN">Опасностите</instance>
         <wf lemma="са" pos="X">са</wf>
         <wf lemma="навякъде" pos="X">навякъде</wf>
         <wf lemma="около" pos="X">около</wf>
         <wf lemma="нас" pos="X">нас</wf>
         <wf lemma="." pos="X">.</wf>
      </sentence>
      <sentence id="d000.s7633" source="wordnet-bulgarian">
         <wf lemma="Държа" pos="X">Държа</wf>
         <instance id="d000.s7633.t000" lemma="оръжие" pos="NOUN">оръжие</instance>
         <wf lemma="вкъщи" pos="X">вкъщи</wf>
         <wf lemma="." pos="X">.</wf>
      </sentence>
      <sentence id="d000.s7634" source="wordnet-bulgarian">
         <wf lemma="прекратявам" pos="X">прекратявам</wf>
         <instance id="d000.s7634.t000" lemma="връзка" pos="NOUN">връзката</instance>
         <wf lemma="си" pos="X">си</wf>
         <wf lemma="с" pos="X">с</wf>
         <wf lemma="някого" pos="X">някого</wf>
         <wf lemma="." pos="X">.</wf>
      </sentence>
      <sentence id="d000.s7635" source="wordnet-bulgarian">
         <wf lemma="пухкава" pos="X">пухкава</wf>
         <instance id="d000.s7635.t000" lemma="козина" pos="NOUN">козина</instance>
         <wf lemma="." pos="X">.</wf>
      </sentence>
      <sentence id="d000.s7636" source="wordnet-bulgarian">
         <wf lemma="правя" pos="X">правя</wf>
         <instance id="d000.s7636.t000" lemma="инвестиция" pos="NOUN">инвестиция</instance>
         <wf lemma="." pos="X">.</wf>
      </sentence>
      <sentence id="d000.s7637" source="wordnet-bulgarian">
         <wf lemma="Велико" pos="X">Велико</wf>
         <instance id="d000.s7637.t000" lemma="преселение" pos="NOUN">преселение</instance>
         <wf lemma="на" pos="X">на</wf>
         <wf lemma="народите" pos="X">народите</wf>
         <wf lemma="." pos="X">.</wf>
      </sentence>
      <sentence id="d000.s7638" source="wordnet-bulgarian">
         <wf lemma="свикнал" pos="X">свикнал</wf>
         <wf lemma="съм" pos="X">съм</wf>
         <wf lemma="с" pos="X">с</wf>
         <instance id="d000.s7638.t000" lemma="комфорт" pos="NOUN">комфорт</instance>
         <wf lemma="." pos="X">.</wf>
      </sentence>
      <sentence id="d000.s7639" source="wordnet-bulgarian">
         <wf lemma="липсва" pos="X">липсва</wf>
         <wf lemma="ми" pos="X">ми</wf>
         <instance id="d000.s7639.t000" lemma="концентрация" pos="NOUN">концентрация</instance>
         <wf lemma="." pos="X">.</wf>
      </sentence>
      <sentence id="d000.s7640" source="wordnet-bulgarian">
         <wf lemma="нечовешко" pos="X">нечовешко</wf>
         <instance id="d000.s7640.t000" lemma="насилие" pos="NOUN">насилие</instance>
         <wf lemma="." pos="X">.</wf>
      </sentence>
      <sentence id="d000.s7641" source="wordnet-bulgarian">
         <instance id="d000.s7641.t000" lemma="руло" pos="NOUN">руло</instance>
         <wf lemma="от" pos="X">от</wf>
         <wf lemma="кайма" pos="X">кайма</wf>
         <wf lemma="." pos="X">.</wf>
      </sentence>
      <sentence id="d000.s7642" source="wordnet-bulgarian">
         <wf lemma="детска" pos="X">детска</wf>
         <instance id="d000.s7642.t000" lemma="тениска" pos="NOUN">тениска</instance>
         <wf lemma="." pos="X">.</wf>
      </sentence>
      <sentence id="d000.s7643" source="wordnet-bulgarian">
         <wf lemma="пред" pos="X">пред</wf>
         <instance id="d000.s7643.t000" lemma="двор" pos="NOUN">двора</instance>
         <wf lemma="." pos="X">.</wf>
      </sentence>
      <sentence id="d000.s7644" source="wordnet-bulgarian">
         <instance id="d000.s7644.t000" lemma="буря" pos="NOUN">Бурята</instance>
         <wf lemma="ни" pos="X">ни</wf>
         <wf lemma="застигна" pos="X">застигна</wf>
         <wf lemma="всред" pos="X">всред</wf>
         <wf lemma="полето" pos="X">полето</wf>
         <wf lemma="." pos="X">.</wf>
      </sentence>
      <sentence id="d000.s7645" source="wordnet-bulgarian">
         <wf lemma="Наблюдавам" pos="X">Наблюдавам</wf>
         <wf lemma="с" pos="X">с</wf>
         <wf lemma="интерес" pos="X">интерес</wf>
         <wf lemma="сянката" pos="X">сянката</wf>
         <wf lemma="на" pos="X">на</wf>
         <instance id="d000.s7645.t000" lemma="предмет" pos="NOUN">предмет</instance>
         <wf lemma="," pos="X">,</wf>
         <wf lemma="осветен" pos="X">осветен</wf>
         <wf lemma="от" pos="X">от</wf>
         <wf lemma="слънцето" pos="X">слънцето</wf>
         <wf lemma="." pos="X">.</wf>
      </sentence>
      <sentence id="d000.s7646" source="wordnet-bulgarian">
         <wf lemma="полска" pos="X">полска</wf>
         <instance id="d000.s7646.t000" lemma="работа" pos="NOUN">работа</instance>
         <wf lemma="." pos="X">.</wf>
      </sentence>
      <sentence id="d000.s7647" source="wordnet-bulgarian">
         <wf lemma="Рязка" pos="X">Рязка</wf>
         <instance id="d000.s7647.t000" lemma="промяна" pos="NOUN">промяна</instance>
         <wf lemma="във" pos="X">във</wf>
         <wf lemma="времето" pos="X">времето</wf>
         <wf lemma="." pos="X">.</wf>
      </sentence>
      <sentence id="d000.s7648" source="wordnet-bulgarian">
         <wf lemma="притежавам" pos="X">притежавам</wf>
         <instance id="d000.s7648.t000" lemma="патент" pos="NOUN">патент</instance>
         <wf lemma="за" pos="X">за</wf>
         <wf lemma="." pos="X">.</wf>
      </sentence>
      <sentence id="d000.s7649" source="wordnet-bulgarian">
         <wf lemma="стремеж" pos="X">стремеж</wf>
         <wf lemma="за" pos="X">за</wf>
         <instance id="d000.s7649.t000" lemma="водачество" pos="NOUN">водачество</instance>
         <wf lemma="." pos="X">.</wf>
      </sentence>
      <sentence id="d000.s7650" source="wordnet-bulgarian">
         <wf lemma="получих" pos="X">получих</wf>
         <wf lemma="страхотно" pos="X">страхотно</wf>
         <instance id="d000.s7650.t000" lemma="предложение" pos="NOUN">предложение</instance>
         <wf lemma="." pos="X">.</wf>
      </sentence>
      <sentence id="d000.s7651" source="wordnet-bulgarian">
         <wf lemma="полицейски" pos="X">полицейски</wf>
         <instance id="d000.s7651.t000" lemma="хеликоптер" pos="NOUN">хеликоптер</instance>
         <wf lemma="." pos="X">.</wf>
      </sentence>
      <sentence id="d000.s7652" source="wordnet-bulgarian">
         <wf lemma="постилам" pos="X">постилам</wf>
         <instance id="d000.s7652.t000" lemma="чаршаф" pos="NOUN">чаршаф</instance>
         <wf lemma="." pos="X">.</wf>
      </sentence>
      <sentence id="d000.s7653" source="wordnet-bulgarian">
         <instance id="d000.s7653.t000" lemma="изпит" pos="NOUN">Изпитът</instance>
         <wf lemma="беше" pos="X">беше</wf>
         <wf lemma="лесен" pos="X">лесен</wf>
         <wf lemma="и" pos="X">и</wf>
         <wf lemma="мина" pos="X">мина</wf>
         <wf lemma="бързо" pos="X">бързо</wf>
         <wf lemma="." pos="X">.</wf>
      </sentence>
      <sentence id="d000.s7654" source="wordnet-bulgarian">
         <wf lemma="без" pos="X">без</wf>
         <instance id="d000.s7654.t000" lemma="коментар" pos="NOUN">коментар</instance>
         <wf lemma="." pos="X">.</wf>
      </sentence>
      <sentence id="d000.s7655" source="wordnet-bulgarian">
         <wf lemma="свободно" pos="X">свободно</wf>
         <instance id="d000.s7655.t000" lemma="такса" pos="NOUN">такси</instance>
         <wf lemma="." pos="X">.</wf>
      </sentence>
      <sentence id="d000.s7656" source="wordnet-bulgarian">
         <instance id="d000.s7656.t000" lemma="сервирам" pos="VERB">Сервирах</instance>
         <wf lemma="десерта" pos="X">десерта</wf>
         <wf lemma="и" pos="X">и</wf>
         <wf lemma="си" pos="X">си</wf>
         <wf lemma="легнах" pos="X">легнах</wf>
         <wf lemma="." pos="X">.</wf>
      </sentence>
      <sentence id="d000.s7657" source="wordnet-bulgarian">
         <wf lemma="Как" pos="X">Как</wf>
         <instance id="d000.s7657.t000" lemma="оценявам" pos="VERB">оценявате</instance>
         <wf lemma="новата" pos="X">новата</wf>
         <wf lemma="ми" pos="X">ми</wf>
         <wf lemma="рокля" pos="X">рокля</wf>
         <wf lemma="?" pos="X">?</wf>
      </sentence>
      <sentence id="d000.s7658" source="wordnet-bulgarian">
         <wf lemma="в" pos="X">в</wf>
         <instance id="d000.s7658.t000" lemma="резултат" pos="NOUN">резултат</instance>
         <wf lemma="на" pos="X">на</wf>
         <wf lemma="това" pos="X">това</wf>
         <wf lemma="." pos="X">.</wf>
      </sentence>
      <sentence id="d000.s7659" source="wordnet-bulgarian">
         <wf lemma="южно" pos="X">южно</wf>
         <instance id="d000.s7659.t000" lemma="полукълбо" pos="NOUN">полукълбо</instance>
         <wf lemma="." pos="X">.</wf>
      </sentence>
      <sentence id="d000.s7660" source="wordnet-bulgarian">
         <wf lemma="с" pos="X">с</wf>
         <instance id="d000.s7660.t000" lemma="век" pos="NOUN">векове</instance>
         <wf lemma="." pos="X">.</wf>
      </sentence>
      <sentence id="d000.s7661" source="wordnet-bulgarian">
         <wf lemma="градска" pos="X">градска</wf>
         <instance id="d000.s7661.t000" lemma="мода" pos="NOUN">мода</instance>
         <wf lemma="." pos="X">.</wf>
      </sentence>
      <sentence id="d000.s7662" source="wordnet-bulgarian">
         <wf lemma="пипам" pos="X">пипам</wf>
         <instance id="d000.s7662.t000" lemma="пулс" pos="NOUN">пулса</instance>
         <wf lemma="на" pos="X">на</wf>
         <wf lemma="." pos="X">.</wf>
      </sentence>
      <sentence id="d000.s7663" source="wordnet-bulgarian">
         <wf lemma="стигам" pos="X">стигам</wf>
         <wf lemma="до" pos="X">до</wf>
         <instance id="d000.s7663.t000" lemma="крайност" pos="NOUN">крайност</instance>
         <wf lemma="." pos="X">.</wf>
      </sentence>
      <sentence id="d000.s7664" source="wordnet-bulgarian">
         <wf lemma="Не" pos="X">Не</wf>
         <wf lemma="разбирам" pos="X">разбирам</wf>
         <instance id="d000.s7664.t000" lemma="смисъл" pos="NOUN">смисъла</instance>
         <wf lemma="на" pos="X">на</wf>
         <wf lemma="тези" pos="X">тези</wf>
         <wf lemma="разговори" pos="X">разговори</wf>
         <wf lemma="." pos="X">.</wf>
      </sentence>
      <sentence id="d000.s7665" source="wordnet-bulgarian">
         <wf lemma="овлажняващ" pos="X">овлажняващ</wf>
         <instance id="d000.s7665.t000" lemma="крем" pos="NOUN">крем</instance>
         <wf lemma="." pos="X">.</wf>
      </sentence>
      <sentence id="d000.s7666" source="wordnet-bulgarian">
         <instance id="d000.s7666.t000" lemma="подобрявам" pos="VERB">Подобрявам</instance>
         <wf lemma="битовите" pos="X">битовите</wf>
         <wf lemma="условия" pos="X">условия</wf>
         <wf lemma="." pos="X">.</wf>
      </sentence>
      <sentence id="d000.s7667" source="wordnet-bulgarian">
         <wf lemma="дъбов" pos="X">дъбов</wf>
         <instance id="d000.s7667.t000" lemma="лист" pos="NOUN">лист</instance>
         <wf lemma="." pos="X">.</wf>
      </sentence>
      <sentence id="d000.s7668" source="wordnet-bulgarian">
         <wf lemma="Още" pos="X">Още</wf>
         <wf lemma="една" pos="X">една</wf>
         <instance id="d000.s7668.t000" lemma="вноска" pos="NOUN">вноска</instance>
         <wf lemma="и" pos="X">и</wf>
         <wf lemma="ще" pos="X">ще</wf>
         <wf lemma="си" pos="X">си</wf>
         <wf lemma="изплатя" pos="X">изплатя</wf>
         <wf lemma="заема" pos="X">заема</wf>
         <wf lemma="." pos="X">.</wf>
      </sentence>
      <sentence id="d000.s7669" source="wordnet-bulgarian">
         <wf lemma="велико" pos="X">велико</wf>
         <instance id="d000.s7669.t000" lemma="откритие" pos="NOUN">откритие</instance>
         <wf lemma="." pos="X">.</wf>
      </sentence>
      <sentence id="d000.s7670" source="wordnet-bulgarian">
         <wf lemma="Имам" pos="X">Имам</wf>
         <wf lemma="си" pos="X">си</wf>
         <instance id="d000.s7670.t000" lemma="любим" pos="NOUN">любим</instance>
         <wf lemma="." pos="X">.</wf>
      </sentence>
      <sentence id="d000.s7671" source="wordnet-bulgarian">
         <wf lemma="силен" pos="X">силен</wf>
         <instance id="d000.s7671.t000" lemma="огън" pos="NOUN">огън</instance>
         <wf lemma="." pos="X">.</wf>
      </sentence>
      <sentence id="d000.s7672" source="wordnet-bulgarian">
         <wf lemma="Имам" pos="X">Имам</wf>
         <instance id="d000.s7672.t000" lemma="новина" pos="NOUN">новини</instance>
         <wf lemma="за" pos="X">за</wf>
         <wf lemma="теб" pos="X">теб</wf>
         <wf lemma="." pos="X">.</wf>
      </sentence>
      <sentence id="d000.s7673" source="wordnet-bulgarian">
         <wf lemma="разхладителна" pos="X">разхладителна</wf>
         <instance id="d000.s7673.t000" lemma="напитка" pos="NOUN">напитка</instance>
         <wf lemma="." pos="X">.</wf>
      </sentence>
      <sentence id="d000.s7674" source="wordnet-bulgarian">
         <instance id="d000.s7674.t000" lemma="дефицит" pos="NOUN">дефицит</instance>
         <wf lemma="на" pos="X">на</wf>
         <wf lemma="." pos="X">.</wf>
      </sentence>
      <sentence id="d000.s7675" source="wordnet-bulgarian">
         <wf lemma="билет" pos="X">билет</wf>
         <wf lemma="за" pos="X">за</wf>
         <instance id="d000.s7675.t000" lemma="трамвай" pos="NOUN">трамвай</instance>
         <wf lemma="." pos="X">.</wf>
      </sentence>
      <sentence id="d000.s7676" source="wordnet-bulgarian">
         <wf lemma="Не" pos="X">Не</wf>
         <wf lemma="знам" pos="X">знам</wf>
         <wf lemma="какви" pos="X">какви</wf>
         <wf lemma="са" pos="X">са</wf>
         <instance id="d000.s7676.t000" lemma="подбуда" pos="NOUN">подбудите</instance>
         <wf lemma="му" pos="X">му</wf>
         <wf lemma="." pos="X">.</wf>
      </sentence>
      <sentence id="d000.s7677" source="wordnet-bulgarian">
         <wf lemma="отварям" pos="X">отварям</wf>
         <instance id="d000.s7677.t000" lemma="консерва" pos="NOUN">консерва</instance>
         <wf lemma="." pos="X">.</wf>
      </sentence>
      <sentence id="d000.s7678" source="wordnet-bulgarian">
         <wf lemma="Всичко" pos="X">Всичко</wf>
         <wf lemma="в" pos="X">в</wf>
         <wf lemma="живота" pos="X">живота</wf>
         <wf lemma="си" pos="X">си</wf>
         <wf lemma="съм" pos="X">съм</wf>
         <wf lemma="постигнал" pos="X">постигнал</wf>
         <wf lemma="с" pos="X">с</wf>
         <wf lemma="големи" pos="X">големи</wf>
         <instance id="d000.s7678.t000" lemma="трудност" pos="NOUN">трудности</instance>
         <wf lemma="." pos="X">.</wf>
      </sentence>
      <sentence id="d000.s7679" source="wordnet-bulgarian">
         <wf lemma="В" pos="X">В</wf>
         <wf lemma="последния" pos="X">последния</wf>
         <wf lemma="мач" pos="X">мач</wf>
         <wf lemma="нашите" pos="X">нашите</wf>
         <wf lemma="футболисти" pos="X">футболисти</wf>
         <wf lemma="победиха" pos="X">победиха</wf>
         <wf lemma="с" pos="X">с</wf>
         <wf lemma="два" pos="X">два</wf>
         <instance id="d000.s7679.t000" lemma="гол" pos="NOUN">гола</instance>
         <wf lemma="разлика" pos="X">разлика</wf>
         <wf lemma="." pos="X">.</wf>
      </sentence>
      <sentence id="d000.s7680" source="wordnet-bulgarian">
         <wf lemma="продавам" pos="X">продавам</wf>
         <instance id="d000.s7680.t000" lemma="акция" pos="NOUN">акции</instance>
         <wf lemma="." pos="X">.</wf>
      </sentence>
      <sentence id="d000.s7681" source="wordnet-bulgarian">
         <wf lemma="задължен" pos="X">задължен</wf>
         <wf lemma="съм" pos="X">съм</wf>
         <wf lemma="по" pos="X">по</wf>
         <instance id="d000.s7681.t000" lemma="договор" pos="NOUN">договора</instance>
         <wf lemma="да" pos="X">да</wf>
         <wf lemma="." pos="X">.</wf>
      </sentence>
      <sentence id="d000.s7682" source="wordnet-bulgarian">
         <wf lemma="Намирам" pos="X">Намирам</wf>
         <wf lemma="се" pos="X">се</wf>
         <wf lemma="в" pos="X">в</wf>
         <wf lemma="труден" pos="X">труден</wf>
         <instance id="d000.s7682.t000" lemma="период" pos="NOUN">период</instance>
         <wf lemma="." pos="X">.</wf>
      </sentence>
      <sentence id="d000.s7683" source="wordnet-bulgarian">
         <instance id="d000.s7683.t000" lemma="отхвърляне" pos="NOUN">отхвърляне</instance>
         <wf lemma="на" pos="X">на</wf>
         <wf lemma="предложение" pos="X">предложение</wf>
         <wf lemma="." pos="X">.</wf>
      </sentence>
      <sentence id="d000.s7684" source="wordnet-bulgarian">
         <wf lemma="Правя" pos="X">Правя</wf>
         <instance id="d000.s7684.t000" lemma="преговор" pos="NOUN">преговор</instance>
         <wf lemma="на" pos="X">на</wf>
         <wf lemma="учебния" pos="X">учебния</wf>
         <wf lemma="материал" pos="X">материал</wf>
         <wf lemma="." pos="X">.</wf>
      </sentence>
      <sentence id="d000.s7685" source="wordnet-bulgarian">
         <wf lemma="Имам" pos="X">Имам</wf>
         <instance id="d000.s7685.t000" lemma="досие" pos="NOUN">досие</instance>
         <wf lemma="в" pos="X">в</wf>
         <wf lemma="полицията" pos="X">полицията</wf>
         <wf lemma="." pos="X">.</wf>
      </sentence>
      <sentence id="d000.s7686" source="wordnet-bulgarian">
         <wf lemma="Прекратяването" pos="X">Прекратяването</wf>
         <wf lemma="на" pos="X">на</wf>
         <wf lemma="войната" pos="X">войната</wf>
         <wf lemma="е" pos="X">е</wf>
         <wf lemma="въпрос" pos="X">въпрос</wf>
         <wf lemma="на" pos="X">на</wf>
         <instance id="d000.s7686.t000" lemma="ден" pos="NOUN">дни</instance>
         <wf lemma="." pos="X">.</wf>
      </sentence>
      <sentence id="d000.s7687" source="wordnet-bulgarian">
         <instance id="d000.s7687.t000" lemma="бюлетин" pos="NOUN">Бюлетин</instance>
         <wf lemma="за" pos="X">за</wf>
         <wf lemma="нивото" pos="X">нивото</wf>
         <wf lemma="на" pos="X">на</wf>
         <wf lemma="река" pos="X">река</wf>
         <wf lemma="Дунав" pos="X">Дунав</wf>
         <wf lemma="." pos="X">.</wf>
      </sentence>
      <sentence id="d000.s7688" source="wordnet-bulgarian">
         <wf lemma="премятам" pos="X">премятам</wf>
         <wf lemma="през" pos="X">през</wf>
         <instance id="d000.s7688.t000" lemma="рамо" pos="NOUN">рамото</instance>
         <wf lemma="." pos="X">.</wf>
      </sentence>
      <sentence id="d000.s7689" source="wordnet-bulgarian">
         <instance id="d000.s7689.t000" lemma="предположение" pos="NOUN">Предположението</instance>
         <wf lemma="му" pos="X">му</wf>
         <wf lemma="не" pos="X">не</wf>
         <wf lemma="се" pos="X">се</wf>
         <wf lemma="потвърди" pos="X">потвърди</wf>
         <wf lemma="." pos="X">.</wf>
      </sentence>
      <sentence id="d000.s7690" source="wordnet-bulgarian">
         <wf lemma="женска" pos="X">женска</wf>
         <instance id="d000.s7690.t000" lemma="уста" pos="NOUN">уста</instance>
         <wf lemma="." pos="X">.</wf>
      </sentence>
      <sentence id="d000.s7691" source="wordnet-bulgarian">
         <wf lemma="лятна" pos="X">лятна</wf>
         <instance id="d000.s7691.t000" lemma="заран" pos="NOUN">заран</instance>
         <wf lemma="." pos="X">.</wf>
      </sentence>
      <sentence id="d000.s7692" source="wordnet-bulgarian">
         <wf lemma="Откъде" pos="X">Откъде</wf>
         <wf lemma="духа" pos="X">духа</wf>
         <instance id="d000.s7692.t000" lemma="вятър" pos="NOUN">вятърът</instance>
         <wf lemma="?" pos="X">?</wf>
      </sentence>
      <sentence id="d000.s7693" source="wordnet-bulgarian">
         <wf lemma="Много" pos="X">Много</wf>
         <wf lemma="хора" pos="X">хора</wf>
         <wf lemma="са" pos="X">са</wf>
         <wf lemma="без" pos="X">без</wf>
         <instance id="d000.s7693.t000" lemma="работа" pos="NOUN">работа</instance>
         <wf lemma="." pos="X">.</wf>
      </sentence>
      <sentence id="d000.s7694" source="wordnet-bulgarian">
         <wf lemma="има" pos="X">има</wf>
         <instance id="d000.s7694.t000" lemma="прилика" pos="NOUN">прилика</instance>
         <wf lemma="между" pos="X">между</wf>
         <wf lemma="." pos="X">.</wf>
      </sentence>
      <sentence id="d000.s7695" source="wordnet-bulgarian">
         <wf lemma="Публиката" pos="X">Публиката</wf>
         <instance id="d000.s7695.t000" lemma="стана" pos="VERB">стана</instance>
         <wf lemma="на" pos="X">на</wf>
         <wf lemma="крака" pos="X">крака</wf>
         <wf lemma="." pos="X">.</wf>
      </sentence>
      <sentence id="d000.s7696" source="wordnet-bulgarian">
         <wf lemma="издавам" pos="X">издавам</wf>
         <instance id="d000.s7696.t000" lemma="копие" pos="NOUN">копие</instance>
         <wf lemma="." pos="X">.</wf>
      </sentence>
      <sentence id="d000.s7697" source="wordnet-bulgarian">
         <instance id="d000.s7697.t000" lemma="предградие" pos="NOUN">предградие</instance>
         <wf lemma="на" pos="X">на</wf>
         <wf lemma="София" pos="X">София</wf>
         <wf lemma="." pos="X">.</wf>
      </sentence>
      <sentence id="d000.s7698" source="wordnet-bulgarian">
         <wf lemma="университетско" pos="X">университетско</wf>
         <instance id="d000.s7698.t000" lemma="градче" pos="NOUN">градче</instance>
         <wf lemma="." pos="X">.</wf>
      </sentence>
      <sentence id="d000.s7699" source="wordnet-bulgarian">
         <wf lemma="умения" pos="X">умения</wf>
         <wf lemma="за" pos="X">за</wf>
         <instance id="d000.s7699.t000" lemma="общуване" pos="NOUN">общуване</instance>
         <wf lemma="." pos="X">.</wf>
      </sentence>
      <sentence id="d000.s7700" source="wordnet-bulgarian">
         <wf lemma="акациев" pos="X">акациев</wf>
         <instance id="d000.s7700.t000" lemma="мед" pos="NOUN">мед</instance>
         <wf lemma="." pos="X">.</wf>
      </sentence>
      <sentence id="d000.s7701" source="wordnet-bulgarian">
         <instance id="d000.s7701.t000" lemma="сапун" pos="NOUN">сапун</instance>
         <wf lemma="за" pos="X">за</wf>
         <wf lemma="тяло" pos="X">тяло</wf>
         <wf lemma="." pos="X">.</wf>
      </sentence>
      <sentence id="d000.s7702" source="wordnet-bulgarian">
         <wf lemma="фиктивен" pos="X">фиктивен</wf>
         <instance id="d000.s7702.t000" lemma="брак" pos="NOUN">брак</instance>
         <wf lemma="." pos="X">.</wf>
      </sentence>
      <sentence id="d000.s7703" source="wordnet-bulgarian">
         <instance id="d000.s7703.t000" lemma="мляко" pos="NOUN">мляко</instance>
         <wf lemma="с" pos="X">с</wf>
         <wf lemma="ориз" pos="X">ориз</wf>
         <wf lemma="." pos="X">.</wf>
      </sentence>
      <sentence id="d000.s7704" source="wordnet-bulgarian">
         <instance id="d000.s7704.t000" lemma="игра" pos="NOUN">игра</instance>
         <wf lemma="на" pos="X">на</wf>
         <wf lemma="топка" pos="X">топка</wf>
         <wf lemma="." pos="X">.</wf>
      </sentence>
      <sentence id="d000.s7705" source="wordnet-bulgarian">
         <wf lemma="Той" pos="X">Той</wf>
         <wf lemma="бе" pos="X">бе</wf>
         <wf lemma="преживял" pos="X">преживял</wf>
         <wf lemma="много" pos="X">много</wf>
         <instance id="d000.s7705.t000" lemma="изпитание" pos="NOUN">изпитания</instance>
         <wf lemma="." pos="X">.</wf>
      </sentence>
      <sentence id="d000.s7706" source="wordnet-bulgarian">
         <instance id="d000.s7706.t000" lemma="черупка" pos="NOUN">черупка</instance>
         <wf lemma="на" pos="X">на</wf>
         <wf lemma="костенурка" pos="X">костенурка</wf>
         <wf lemma="." pos="X">.</wf>
      </sentence>
      <sentence id="d000.s7707" source="wordnet-bulgarian">
         <wf lemma="надавам" pos="X">надавам</wf>
         <wf lemma="боен" pos="X">боен</wf>
         <instance id="d000.s7707.t000" lemma="вик" pos="NOUN">вик</instance>
         <wf lemma="." pos="X">.</wf>
      </sentence>
      <sentence id="d000.s7708" source="wordnet-bulgarian">
         <wf lemma="гледам" pos="X">гледам</wf>
         <instance id="d000.s7708.t000" lemma="добитък" pos="NOUN">добитък</instance>
         <wf lemma="." pos="X">.</wf>
      </sentence>
      <sentence id="d000.s7709" source="wordnet-bulgarian">
         <wf lemma="жилищен" pos="X">жилищен</wf>
         <instance id="d000.s7709.t000" lemma="комплекс" pos="NOUN">комплекс</instance>
         <wf lemma="." pos="X">.</wf>
      </sentence>
      <sentence id="d000.s7710" source="wordnet-bulgarian">
         <wf lemma="работническа" pos="X">работническа</wf>
         <instance id="d000.s7710.t000" lemma="клас" pos="NOUN">класа</instance>
         <wf lemma="." pos="X">.</wf>
      </sentence>
      <sentence id="d000.s7711" source="wordnet-bulgarian">
         <wf lemma="панталон" pos="X">панталон</wf>
         <wf lemma="от" pos="X">от</wf>
         <instance id="d000.s7711.t000" lemma="кадифе" pos="NOUN">кадифе</instance>
         <wf lemma="." pos="X">.</wf>
      </sentence>
      <sentence id="d000.s7712" source="wordnet-bulgarian">
         <wf lemma="сервирам" pos="X">сервирам</wf>
         <instance id="d000.s7712.t000" lemma="десерт" pos="NOUN">десерт</instance>
         <wf lemma="." pos="X">.</wf>
      </sentence>
      <sentence id="d000.s7713" source="wordnet-bulgarian">
         <wf lemma="дървен" pos="X">дървен</wf>
         <instance id="d000.s7713.t000" lemma="кръст" pos="NOUN">кръст</instance>
         <wf lemma="." pos="X">.</wf>
      </sentence>
      <sentence id="d000.s7714" source="wordnet-bulgarian">
         <wf lemma="не" pos="X">не</wf>
         <wf lemma="си" pos="X">си</wf>
         <wf lemma="струва" pos="X">струва</wf>
         <instance id="d000.s7714.t000" lemma="труд" pos="NOUN">трудът</instance>
         <wf lemma="." pos="X">.</wf>
      </sentence>
      <sentence id="d000.s7715" source="wordnet-bulgarian">
         <wf lemma="споделям" pos="X">споделям</wf>
         <instance id="d000.s7715.t000" lemma="мнение" pos="NOUN">мнението</instance>
         <wf lemma="на" pos="X">на</wf>
         <wf lemma="." pos="X">.</wf>
      </sentence>
      <sentence id="d000.s7716" source="wordnet-bulgarian">
         <wf lemma="вкусна" pos="X">вкусна</wf>
         <instance id="d000.s7716.t000" lemma="гозба" pos="NOUN">гозба</instance>
         <wf lemma="." pos="X">.</wf>
      </sentence>
      <sentence id="d000.s7717" source="wordnet-bulgarian">
         <wf lemma="право" pos="X">право</wf>
         <instance id="d000.s7717.t000" lemma="стълбище" pos="NOUN">стълбище</instance>
         <wf lemma="." pos="X">.</wf>
      </sentence>
      <sentence id="d000.s7718" source="wordnet-bulgarian">
         <wf lemma="На" pos="X">На</wf>
         <wf lemma="този" pos="X">този</wf>
         <instance id="d000.s7718.t000" lemma="адрес" pos="NOUN">адрес</instance>
         <wf lemma="няма" pos="X">няма</wf>
         <wf lemma="такъв" pos="X">такъв</wf>
         <wf lemma="човек" pos="X">човек</wf>
         <wf lemma="." pos="X">.</wf>
      </sentence>
      <sentence id="d000.s7719" source="wordnet-bulgarian">
         <wf lemma="неочакван" pos="X">неочакван</wf>
         <instance id="d000.s7719.t000" lemma="обрат" pos="NOUN">обрат</instance>
         <wf lemma="." pos="X">.</wf>
      </sentence>
      <sentence id="d000.s7720" source="wordnet-bulgarian">
         <wf lemma="последна" pos="X">последна</wf>
         <instance id="d000.s7720.t000" lemma="ръка" pos="NOUN">ръка</instance>
         <wf lemma="." pos="X">.</wf>
      </sentence>
      <sentence id="d000.s7721" source="wordnet-bulgarian">
         <instance id="d000.s7721.t000" lemma="ерозия" pos="NOUN">ерозия</instance>
         <wf lemma="на" pos="X">на</wf>
         <wf lemma="скалите" pos="X">скалите</wf>
         <wf lemma="." pos="X">.</wf>
      </sentence>
      <sentence id="d000.s7722" source="wordnet-bulgarian">
         <wf lemma="готварска" pos="X">готварска</wf>
         <instance id="d000.s7722.t000" lemma="печка" pos="NOUN">печка</instance>
         <wf lemma="." pos="X">.</wf>
      </sentence>
      <sentence id="d000.s7723" source="wordnet-bulgarian">
         <wf lemma="давам" pos="X">давам</wf>
         <instance id="d000.s7723.t000" lemma="декларация" pos="NOUN">декларация</instance>
         <wf lemma="." pos="X">.</wf>
      </sentence>
      <sentence id="d000.s7724" source="wordnet-bulgarian">
         <wf lemma="протестна" pos="X">протестна</wf>
         <instance id="d000.s7724.t000" lemma="демонстрация" pos="NOUN">демонстрация</instance>
         <wf lemma="." pos="X">.</wf>
      </sentence>
      <sentence id="d000.s7725" source="wordnet-bulgarian">
         <instance id="d000.s7725.t000" lemma="искам" pos="VERB">искам</instance>
         <wf lemma="вода" pos="X">вода</wf>
         <wf lemma="." pos="X">.</wf>
      </sentence>
      <sentence id="d000.s7726" source="wordnet-bulgarian">
         <instance id="d000.s7726.t000" lemma="коприна" pos="NOUN">коприна</instance>
         <wf lemma="за" pos="X">за</wf>
         <wf lemma="блуза" pos="X">блуза</wf>
         <wf lemma="." pos="X">.</wf>
      </sentence>
      <sentence id="d000.s7727" source="wordnet-bulgarian">
         <wf lemma="билети" pos="X">билети</wf>
         <wf lemma="за" pos="X">за</wf>
         <instance id="d000.s7727.t000" lemma="самолет" pos="NOUN">самолет</instance>
         <wf lemma="." pos="X">.</wf>
      </sentence>
      <sentence id="d000.s7728" source="wordnet-bulgarian">
         <wf lemma="грижовен" pos="X">грижовен</wf>
         <instance id="d000.s7728.t000" lemma="баща" pos="NOUN">баща</instance>
         <wf lemma="." pos="X">.</wf>
      </sentence>
      <sentence id="d000.s7729" source="wordnet-bulgarian">
         <wf lemma="имам" pos="X">имам</wf>
         <instance id="d000.s7729.t000" lemma="изненада" pos="NOUN">изненада</instance>
         <wf lemma="за" pos="X">за</wf>
         <wf lemma="." pos="X">.</wf>
      </sentence>
      <sentence id="d000.s7730" source="wordnet-bulgarian">
         <instance id="d000.s7730.t000" lemma="ферма" pos="NOUN">ферма</instance>
         <wf lemma="за" pos="X">за</wf>
         <wf lemma="щрауси" pos="X">щрауси</wf>
         <wf lemma="." pos="X">.</wf>
      </sentence>
      <sentence id="d000.s7731" source="wordnet-bulgarian">
         <instance id="d000.s7731.t000" lemma="отлагам" pos="VERB">отлагам</instance>
         <wf lemma="изпит" pos="X">изпит</wf>
         <wf lemma="." pos="X">.</wf>
      </sentence>
      <sentence id="d000.s7732" source="wordnet-bulgarian">
         <wf lemma="правя" pos="X">правя</wf>
         <instance id="d000.s7732.t000" lemma="оценка" pos="NOUN">оценка</instance>
         <wf lemma="на" pos="X">на</wf>
         <wf lemma="ситуацията" pos="X">ситуацията</wf>
         <wf lemma="." pos="X">.</wf>
      </sentence>
      <sentence id="d000.s7733" source="wordnet-bulgarian">
         <wf lemma="играя" pos="X">играя</wf>
         <instance id="d000.s7733.t000" lemma="тенис" pos="NOUN">тенис</instance>
         <wf lemma="." pos="X">.</wf>
      </sentence>
      <sentence id="d000.s7734" source="wordnet-bulgarian">
         <wf lemma="Една" pos="X">Една</wf>
         <instance id="d000.s7734.t000" lemma="мисъл" pos="NOUN">мисъл</instance>
         <wf lemma="ми" pos="X">ми</wf>
         <wf lemma="се" pos="X">се</wf>
         <wf lemma="върти" pos="X">върти</wf>
         <wf lemma="в" pos="X">в</wf>
         <wf lemma="главата" pos="X">главата</wf>
         <wf lemma="." pos="X">.</wf>
      </sentence>
      <sentence id="d000.s7735" source="wordnet-bulgarian">
         <wf lemma="има" pos="X">има</wf>
         <instance id="d000.s7735.t000" lemma="безработица" pos="NOUN">безработица</instance>
         <wf lemma="." pos="X">.</wf>
      </sentence>
      <sentence id="d000.s7736" source="wordnet-bulgarian">
         <instance id="d000.s7736.t000" lemma="данък" pos="NOUN">данък</instance>
         <wf lemma="сгради" pos="X">сгради</wf>
         <wf lemma="." pos="X">.</wf>
      </sentence>
      <sentence id="d000.s7737" source="wordnet-bulgarian">
         <wf lemma="белтъчно" pos="X">белтъчно</wf>
         <instance id="d000.s7737.t000" lemma="вещество" pos="NOUN">вещество</instance>
         <wf lemma="." pos="X">.</wf>
      </sentence>
      <sentence id="d000.s7738" source="wordnet-bulgarian">
         <wf lemma="убедителна" pos="X">убедителна</wf>
         <instance id="d000.s7738.t000" lemma="победа" pos="NOUN">победа</instance>
         <wf lemma="." pos="X">.</wf>
      </sentence>
      <sentence id="d000.s7739" source="wordnet-bulgarian">
         <instance id="d000.s7739.t000" lemma="щета" pos="NOUN">Щетите</instance>
         <wf lemma="не" pos="X">не</wf>
         <wf lemma="са" pos="X">са</wf>
         <wf lemma="големи" pos="X">големи</wf>
         <wf lemma="," pos="X">,</wf>
         <wf lemma="ше" pos="X">ше</wf>
         <wf lemma="ги" pos="X">ги</wf>
         <wf lemma="оправиме" pos="X">оправиме</wf>
         <wf lemma="." pos="X">.</wf>
      </sentence>
      <sentence id="d000.s7740" source="wordnet-bulgarian">
         <wf lemma="изготвям" pos="X">изготвям</wf>
         <instance id="d000.s7740.t000" lemma="досие" pos="NOUN">досие</instance>
         <wf lemma="." pos="X">.</wf>
      </sentence>
      <sentence id="d000.s7741" source="wordnet-bulgarian">
         <wf lemma="красива" pos="X">красива</wf>
         <instance id="d000.s7741.t000" lemma="усмивка" pos="NOUN">усмивка</instance>
         <wf lemma="." pos="X">.</wf>
      </sentence>
      <sentence id="d000.s7742" source="wordnet-bulgarian">
         <instance id="d000.s7742.t000" lemma="намалявам" pos="VERB">намалявам</instance>
         <wf lemma="разходите" pos="X">разходите</wf>
         <wf lemma="." pos="X">.</wf>
      </sentence>
      <sentence id="d000.s7743" source="wordnet-bulgarian">
         <wf lemma="зъболекарски" pos="X">зъболекарски</wf>
         <instance id="d000.s7743.t000" lemma="инструмент" pos="NOUN">инструменти</instance>
         <wf lemma="." pos="X">.</wf>
      </sentence>
      <sentence id="d000.s7744" source="wordnet-bulgarian">
         <instance id="d000.s7744.t000" lemma="изпитвам" pos="VERB">изпитвам</instance>
         <wf lemma="жажда" pos="X">жажда</wf>
         <wf lemma="." pos="X">.</wf>
      </sentence>
      <sentence id="d000.s7745" source="wordnet-bulgarian">
         <wf lemma="единична" pos="X">единична</wf>
         <instance id="d000.s7745.t000" lemma="тухла" pos="NOUN">тухла</instance>
         <wf lemma="." pos="X">.</wf>
      </sentence>
      <sentence id="d000.s7746" source="wordnet-bulgarian">
         <instance id="d000.s7746.t000" lemma="ампутирам" pos="VERB">ампутирам</instance>
         <wf lemma="ръка" pos="X">ръка</wf>
         <wf lemma="." pos="X">.</wf>
      </sentence>
      <sentence id="d000.s7747" source="wordnet-bulgarian">
         <instance id="d000.s7747.t000" lemma="награда" pos="NOUN">награда</instance>
         <wf lemma="за" pos="X">за</wf>
         <wf lemma="." pos="X">.</wf>
      </sentence>
      <sentence id="d000.s7748" source="wordnet-bulgarian">
         <wf lemma="под" pos="X">под</wf>
         <wf lemma="нечие" pos="X">нечие</wf>
         <instance id="d000.s7748.t000" lemma="ръководство" pos="NOUN">ръководство</instance>
         <wf lemma="." pos="X">.</wf>
      </sentence>
      <sentence id="d000.s7749" source="wordnet-bulgarian">
         <instance id="d000.s7749.t000" lemma="стрелям" pos="VERB">стрелям</instance>
         <wf lemma="по." pos="X">по.</wf>
      </sentence>
      <sentence id="d000.s7750" source="wordnet-bulgarian">
         <wf lemma="шевна" pos="X">шевна</wf>
         <instance id="d000.s7750.t000" lemma="машина" pos="NOUN">машина</instance>
         <wf lemma="." pos="X">.</wf>
      </sentence>
      <sentence id="d000.s7751" source="wordnet-bulgarian">
         <instance id="d000.s7751.t000" lemma="благодаря" pos="VERB">Благодаря</instance>
         <wf lemma="от" pos="X">от</wf>
         <wf lemma="сърце" pos="X">сърце</wf>
         <wf lemma="." pos="X">.</wf>
      </sentence>
      <sentence id="d000.s7752" source="wordnet-bulgarian">
         <wf lemma="тежко" pos="X">тежко</wf>
         <instance id="d000.s7752.t000" lemma="престъпление" pos="NOUN">престъпление</instance>
         <wf lemma="." pos="X">.</wf>
      </sentence>
      <sentence id="d000.s7753" source="wordnet-bulgarian">
         <wf lemma="галя" pos="X">галя</wf>
         <wf lemma="по" pos="X">по</wf>
         <instance id="d000.s7753.t000" lemma="буза" pos="NOUN">бузата</instance>
         <wf lemma="." pos="X">.</wf>
      </sentence>
      <sentence id="d000.s7754" source="wordnet-bulgarian">
         <wf lemma="затварям" pos="X">затварям</wf>
         <instance id="d000.s7754.t000" lemma="папка" pos="NOUN">папка</instance>
         <wf lemma="." pos="X">.</wf>
      </sentence>
      <sentence id="d000.s7755" source="wordnet-bulgarian">
         <wf lemma="човешка" pos="X">човешка</wf>
         <instance id="d000.s7755.t000" lemma="слабост" pos="NOUN">слабост</instance>
         <wf lemma="." pos="X">.</wf>
      </sentence>
      <sentence id="d000.s7756" source="wordnet-bulgarian">
         <wf lemma="Санкцията" pos="X">Санкцията</wf>
         <wf lemma="за" pos="X">за</wf>
         <wf lemma="неизправен" pos="X">неизправен</wf>
         <wf lemma="таксиметров" pos="X">таксиметров</wf>
         <instance id="d000.s7756.t000" lemma="апарат" pos="NOUN">апарат</instance>
         <wf lemma="е" pos="X">е</wf>
         <wf lemma="от" pos="X">от</wf>
         <wf lemma="100" pos="X">100</wf>
         <wf lemma="до" pos="X">до</wf>
         <wf lemma="500" pos="X">500</wf>
         <wf lemma="хиляди" pos="X">хиляди</wf>
         <wf lemma="лв." pos="X">лв.</wf>
      </sentence>
      <sentence id="d000.s7757" source="wordnet-bulgarian">
         <instance id="d000.s7757.t000" lemma="състояние" pos="NOUN">състояние</instance>
         <wf lemma="на" pos="X">на</wf>
         <wf lemma="неизвестност" pos="X">неизвестност</wf>
         <wf lemma="." pos="X">.</wf>
      </sentence>
      <sentence id="d000.s7758" source="wordnet-bulgarian">
         <wf lemma="посредствен" pos="X">посредствен</wf>
         <instance id="d000.s7758.t000" lemma="актьор" pos="NOUN">актьор</instance>
         <wf lemma="." pos="X">.</wf>
      </sentence>
      <sentence id="d000.s7759" source="wordnet-bulgarian">
         <wf lemma="правна" pos="X">правна</wf>
         <instance id="d000.s7759.t000" lemma="процедура" pos="NOUN">процедура</instance>
         <wf lemma="." pos="X">.</wf>
      </sentence>
      <sentence id="d000.s7760" source="wordnet-bulgarian">
         <wf lemma="Съществува" pos="X">Съществува</wf>
         <instance id="d000.s7760.t000" lemma="забрана" pos="NOUN">забрана</instance>
         <wf lemma="да" pos="X">да</wf>
         <wf lemma="се" pos="X">се</wf>
         <wf lemma="използва" pos="X">използва</wf>
         <wf lemma="детският" pos="X">детският</wf>
         <wf lemma="труд" pos="X">труд</wf>
         <wf lemma="." pos="X">.</wf>
      </sentence>
      <sentence id="d000.s7761" source="wordnet-bulgarian">
         <instance id="d000.s7761.t000" lemma="изменение" pos="NOUN">изменение</instance>
         <wf lemma="в" pos="X">в</wf>
         <wf lemma="характера" pos="X">характера</wf>
         <wf lemma="." pos="X">.</wf>
      </sentence>
      <sentence id="d000.s7762" source="wordnet-bulgarian">
         <instance id="d000.s7762.t000" lemma="опасност" pos="NOUN">опасност</instance>
         <wf lemma="от" pos="X">от</wf>
         <wf lemma="." pos="X">.</wf>
      </sentence>
      <sentence id="d000.s7763" source="wordnet-bulgarian">
         <wf lemma="северна" pos="X">северна</wf>
         <instance id="d000.s7763.t000" lemma="граница" pos="NOUN">граница</instance>
         <wf lemma="." pos="X">.</wf>
      </sentence>
      <sentence id="d000.s7764" source="wordnet-bulgarian">
         <wf lemma="синтетичен" pos="X">синтетичен</wf>
         <instance id="d000.s7764.t000" lemma="бензин" pos="NOUN">бензин</instance>
         <wf lemma="." pos="X">.</wf>
      </sentence>
      <sentence id="d000.s7765" source="wordnet-bulgarian">
         <wf lemma="с" pos="X">с</wf>
         <instance id="d000.s7765.t000" lemma="капак" pos="NOUN">капак</instance>
         <wf lemma="." pos="X">.</wf>
      </sentence>
      <sentence id="d000.s7766" source="wordnet-bulgarian">
         <wf lemma="основен" pos="X">основен</wf>
         <instance id="d000.s7766.t000" lemma="компонент" pos="NOUN">компонент</instance>
         <wf lemma="." pos="X">.</wf>
      </sentence>
      <sentence id="d000.s7767" source="wordnet-bulgarian">
         <wf lemma="В" pos="X">В</wf>
         <wf lemma="автобуса" pos="X">автобуса</wf>
         <wf lemma="имаше" pos="X">имаше</wf>
         <wf lemma="две" pos="X">две</wf>
         <wf lemma="жени" pos="X">жени</wf>
         <wf lemma="и" pos="X">и</wf>
         <wf lemma="двама" pos="X">двама</wf>
         <instance id="d000.s7767.t000" lemma="мъж" pos="NOUN">мъже</instance>
         <wf lemma="." pos="X">.</wf>
      </sentence>
      <sentence id="d000.s7768" source="wordnet-bulgarian">
         <wf lemma="целувам" pos="X">целувам</wf>
         <wf lemma="по" pos="X">по</wf>
         <instance id="d000.s7768.t000" lemma="чело" pos="NOUN">челото</instance>
         <wf lemma="." pos="X">.</wf>
      </sentence>
      <sentence id="d000.s7769" source="wordnet-bulgarian">
         <instance id="d000.s7769.t000" lemma="отглеждам" pos="VERB">отглеждам</instance>
         <wf lemma="цветя" pos="X">цветя</wf>
         <wf lemma="." pos="X">.</wf>
      </sentence>
      <sentence id="d000.s7770" source="wordnet-bulgarian">
         <wf lemma="мъжки" pos="X">мъжки</wf>
         <instance id="d000.s7770.t000" lemma="глас" pos="NOUN">глас</instance>
         <wf lemma="." pos="X">.</wf>
      </sentence>
      <sentence id="d000.s7771" source="wordnet-bulgarian">
         <instance id="d000.s7771.t000" lemma="кабинет" pos="NOUN">Кабинетът</instance>
         <wf lemma="падна" pos="X">падна</wf>
         <wf lemma="." pos="X">.</wf>
      </sentence>
      <sentence id="d000.s7772" source="wordnet-bulgarian">
         <instance id="d000.s7772.t000" lemma="поправка" pos="NOUN">поправка</instance>
         <wf lemma="в" pos="X">в</wf>
         <wf lemma="закона" pos="X">закона</wf>
         <wf lemma="." pos="X">.</wf>
      </sentence>
      <sentence id="d000.s7773" source="wordnet-bulgarian">
         <wf lemma="минават" pos="X">минават</wf>
         <instance id="d000.s7773.t000" lemma="век" pos="NOUN">векове</instance>
         <wf lemma="." pos="X">.</wf>
      </sentence>
      <sentence id="d000.s7774" source="wordnet-bulgarian">
         <instance id="d000.s7774.t000" lemma="възглавница" pos="NOUN">възглавницата</instance>
         <wf lemma="не" pos="X">не</wf>
         <wf lemma="ми" pos="X">ми</wf>
         <wf lemma="е" pos="X">е</wf>
         <wf lemma="удобна" pos="X">удобна</wf>
         <wf lemma="." pos="X">.</wf>
      </sentence>
      <sentence id="d000.s7775" source="wordnet-bulgarian">
         <wf lemma="нямам" pos="X">нямам</wf>
         <instance id="d000.s7775.t000" lemma="част" pos="NOUN">част</instance>
         <wf lemma="от" pos="X">от</wf>
         <wf lemma="." pos="X">.</wf>
      </sentence>
      <sentence id="d000.s7776" source="wordnet-bulgarian">
         <wf lemma="В" pos="X">В</wf>
         <wf lemma="къщата" pos="X">къщата</wf>
         <wf lemma="прииждаха" pos="X">прииждаха</wf>
         <wf lemma="все" pos="X">все</wf>
         <wf lemma="нови" pos="X">нови</wf>
         <instance id="d000.s7776.t000" lemma="гост" pos="NOUN">гости</instance>
         <wf lemma="." pos="X">.</wf>
      </sentence>
      <sentence id="d000.s7777" source="wordnet-bulgarian">
         <wf lemma="отменям" pos="X">отменям</wf>
         <instance id="d000.s7777.t000" lemma="закон" pos="NOUN">закон</instance>
         <wf lemma="." pos="X">.</wf>
      </sentence>
      <sentence id="d000.s7778" source="wordnet-bulgarian">
         <wf lemma="Децата" pos="X">Децата</wf>
         <wf lemma="се" pos="X">се</wf>
         <wf lemma="замерват" pos="X">замерват</wf>
         <wf lemma="с" pos="X">с</wf>
         <instance id="d000.s7778.t000" lemma="камък" pos="NOUN">камъни</instance>
         <wf lemma="." pos="X">.</wf>
      </sentence>
      <sentence id="d000.s7779" source="wordnet-bulgarian">
         <wf lemma="прост" pos="X">прост</wf>
         <instance id="d000.s7779.t000" lemma="механизъм" pos="NOUN">механизъм</instance>
         <wf lemma="." pos="X">.</wf>
      </sentence>
      <sentence id="d000.s7780" source="wordnet-bulgarian">
         <instance id="d000.s7780.t000" lemma="инерция" pos="NOUN">инерция</instance>
         <wf lemma="на" pos="X">на</wf>
         <wf lemma="покой" pos="X">покой</wf>
         <wf lemma="." pos="X">.</wf>
      </sentence>
      <sentence id="d000.s7781" source="wordnet-bulgarian">
         <wf lemma="Търся" pos="X">Търся</wf>
         <wf lemma="тема" pos="X">тема</wf>
         <wf lemma="за" pos="X">за</wf>
         <instance id="d000.s7781.t000" lemma="разговор" pos="NOUN">разговор</instance>
         <wf lemma="." pos="X">.</wf>
      </sentence>
      <sentence id="d000.s7782" source="wordnet-bulgarian">
         <instance id="d000.s7782.t000" lemma="чаршаф" pos="NOUN">чаршаф</instance>
         <wf lemma="на" pos="X">на</wf>
         <wf lemma="цветя" pos="X">цветя</wf>
         <wf lemma="." pos="X">.</wf>
      </sentence>
      <sentence id="d000.s7783" source="wordnet-bulgarian">
         <wf lemma="давам" pos="X">давам</wf>
         <instance id="d000.s7783.t000" lemma="кредит" pos="NOUN">кредит</instance>
         <wf lemma="." pos="X">.</wf>
      </sentence>
      <sentence id="d000.s7784" source="wordnet-bulgarian">
         <wf lemma="таванска" pos="X">таванска</wf>
         <instance id="d000.s7784.t000" lemma="стая" pos="NOUN">стая</instance>
         <wf lemma="." pos="X">.</wf>
      </sentence>
      <sentence id="d000.s7785" source="wordnet-bulgarian">
         <wf lemma="юридическа" pos="X">юридическа</wf>
         <instance id="d000.s7785.t000" lemma="терминология" pos="NOUN">терминология</instance>
         <wf lemma="." pos="X">.</wf>
      </sentence>
      <sentence id="d000.s7786" source="wordnet-bulgarian">
         <instance id="d000.s7786.t000" lemma="поданик" pos="NOUN">поданик</instance>
         <wf lemma="на" pos="X">на</wf>
         <wf lemma="Република" pos="X">Република</wf>
         <wf lemma="България" pos="X">България</wf>
         <wf lemma="." pos="X">.</wf>
      </sentence>
      <sentence id="d000.s7787" source="wordnet-bulgarian">
         <wf lemma="с" pos="X">с</wf>
         <instance id="d000.s7787.t000" lemma="ръка" pos="NOUN">ръце</instance>
         <wf lemma="отзад" pos="X">отзад</wf>
         <wf lemma="." pos="X">.</wf>
      </sentence>
      <sentence id="d000.s7788" source="wordnet-bulgarian">
         <wf lemma="силна" pos="X">силна</wf>
         <instance id="d000.s7788.t000" lemma="омраза" pos="NOUN">омраза</instance>
         <wf lemma="." pos="X">.</wf>
      </sentence>
      <sentence id="d000.s7789" source="wordnet-bulgarian">
         <wf lemma="Постъпката" pos="X">Постъпката</wf>
         <wf lemma="ти" pos="X">ти</wf>
         <wf lemma="няма" pos="X">няма</wf>
         <wf lemma="никакви" pos="X">никакви</wf>
         <instance id="d000.s7789.t000" lemma="основание" pos="NOUN">основания</instance>
         <wf lemma="." pos="X">.</wf>
      </sentence>
      <sentence id="d000.s7790" source="wordnet-bulgarian">
         <wf lemma="Дворът" pos="X">Дворът</wf>
         <wf lemma="ни" pos="X">ни</wf>
         <wf lemma="е" pos="X">е</wf>
         <wf lemma="ограден" pos="X">ограден</wf>
         <wf lemma="с" pos="X">с</wf>
         <instance id="d000.s7790.t000" lemma="плет" pos="NOUN">плет</instance>
         <wf lemma="." pos="X">.</wf>
      </sentence>
      <sentence id="d000.s7791" source="wordnet-bulgarian">
         <wf lemma="приятелски" pos="X">приятелски</wf>
         <instance id="d000.s7791.t000" lemma="връзка" pos="NOUN">връзки</instance>
         <wf lemma="." pos="X">.</wf>
      </sentence>
      <sentence id="d000.s7792" source="wordnet-bulgarian">
         <wf lemma="през" pos="X">през</wf>
         <instance id="d000.s7792.t000" lemma="есен" pos="NOUN">есента</instance>
         <wf lemma="." pos="X">.</wf>
      </sentence>
      <sentence id="d000.s7793" source="wordnet-bulgarian">
         <wf lemma="стомашна" pos="X">стомашна</wf>
         <instance id="d000.s7793.t000" lemma="секреция" pos="NOUN">секреция</instance>
         <wf lemma="." pos="X">.</wf>
      </sentence>
      <sentence id="d000.s7794" source="wordnet-bulgarian">
         <wf lemma="глава" pos="X">глава</wf>
         <instance id="d000.s7794.t000" lemma="лук" pos="NOUN">лук</instance>
         <wf lemma="." pos="X">.</wf>
      </sentence>
      <sentence id="d000.s7795" source="wordnet-bulgarian">
         <wf lemma="звяр" pos="X">звяр</wf>
         <wf lemma="в" pos="X">в</wf>
         <instance id="d000.s7795.t000" lemma="клетка" pos="NOUN">клетка</instance>
         <wf lemma="." pos="X">.</wf>
      </sentence>
      <sentence id="d000.s7796" source="wordnet-bulgarian">
         <wf lemma="Той" pos="X">Той</wf>
         <wf lemma="ще" pos="X">ще</wf>
         <wf lemma="се" pos="X">се</wf>
         <wf lemma="грижи" pos="X">грижи</wf>
         <wf lemma="за" pos="X">за</wf>
         <wf lemma="вашата" pos="X">вашата</wf>
         <instance id="d000.s7796.t000" lemma="безопасност" pos="NOUN">безопасност</instance>
         <wf lemma="." pos="X">.</wf>
      </sentence>
      <sentence id="d000.s7797" source="wordnet-bulgarian">
         <instance id="d000.s7797.t000" lemma="производител" pos="NOUN">производител</instance>
         <wf lemma="на" pos="X">на</wf>
         <wf lemma="мебели" pos="X">мебели</wf>
         <wf lemma="." pos="X">.</wf>
      </sentence>
      <sentence id="d000.s7798" source="wordnet-bulgarian">
         <instance id="d000.s7798.t000" lemma="възпроизвеждам" pos="VERB">възпроизвеждам</instance>
         <wf lemma="разговор" pos="X">разговор</wf>
         <wf lemma="." pos="X">.</wf>
      </sentence>
      <sentence id="d000.s7799" source="wordnet-bulgarian">
         <wf lemma="Отборът" pos="X">Отборът</wf>
         <wf lemma="на" pos="X">на</wf>
         <wf lemma="Барселона" pos="X">Барселона</wf>
         <wf lemma="показва" pos="X">показва</wf>
         <wf lemma="извънземен" pos="X">извънземен</wf>
         <instance id="d000.s7799.t000" lemma="футбол" pos="NOUN">футбол</instance>
         <wf lemma="." pos="X">.</wf>
      </sentence>
      <sentence id="d000.s7800" source="wordnet-bulgarian">
         <wf lemma="махам" pos="X">махам</wf>
         <wf lemma="с" pos="X">с</wf>
         <instance id="d000.s7800.t000" lemma="опашка" pos="NOUN">опашка</instance>
         <wf lemma="." pos="X">.</wf>
      </sentence>
      <sentence id="d000.s7801" source="wordnet-bulgarian">
         <wf lemma="бели" pos="X">бели</wf>
         <wf lemma="пухкави" pos="X">пухкави</wf>
         <instance id="d000.s7801.t000" lemma="облак" pos="NOUN">облаци</instance>
         <wf lemma="." pos="X">.</wf>
      </sentence>
      <sentence id="d000.s7802" source="wordnet-bulgarian">
         <wf lemma="кучешки" pos="X">кучешки</wf>
         <instance id="d000.s7802.t000" lemma="студ" pos="NOUN">студ</instance>
         <wf lemma="." pos="X">.</wf>
      </sentence>
      <sentence id="d000.s7803" source="wordnet-bulgarian">
         <instance id="d000.s7803.t000" lemma="наредба" pos="NOUN">наредба</instance>
         <wf lemma="за" pos="X">за</wf>
         <wf lemma="." pos="X">.</wf>
      </sentence>
      <sentence id="d000.s7804" source="wordnet-bulgarian">
         <wf lemma="наливам" pos="X">наливам</wf>
         <wf lemma="кола" pos="X">кола</wf>
         <wf lemma="в" pos="X">в</wf>
         <instance id="d000.s7804.t000" lemma="чаша" pos="NOUN">чашата</instance>
         <wf lemma="." pos="X">.</wf>
      </sentence>
      <sentence id="d000.s7805" source="wordnet-bulgarian">
         <wf lemma="втори" pos="X">втори</wf>
         <instance id="d000.s7805.t000" lemma="принцип" pos="NOUN">принцип</instance>
         <wf lemma="на" pos="X">на</wf>
         <wf lemma="термодинамиката" pos="X">термодинамиката</wf>
         <wf lemma="." pos="X">.</wf>
      </sentence>
      <sentence id="d000.s7806" source="wordnet-bulgarian">
         <wf lemma="Откажи" pos="X">Откажи</wf>
         <wf lemma="се" pos="X">се</wf>
         <wf lemma="от" pos="X">от</wf>
         <wf lemma="лошите" pos="X">лошите</wf>
         <wf lemma="си" pos="X">си</wf>
         <instance id="d000.s7806.t000" lemma="навик" pos="NOUN">навици</instance>
         <wf lemma="." pos="X">.</wf>
      </sentence>
      <sentence id="d000.s7807" source="wordnet-bulgarian">
         <instance id="d000.s7807.t000" lemma="ученик" pos="NOUN">ученик</instance>
         <wf lemma="от" pos="X">от</wf>
         <wf lemma="трети" pos="X">трети</wf>
         <wf lemma="клас" pos="X">клас</wf>
         <wf lemma="." pos="X">.</wf>
      </sentence>
      <sentence id="d000.s7808" source="wordnet-bulgarian">
         <instance id="d000.s7808.t000" lemma="задоволство" pos="NOUN">задоволство</instance>
         <wf lemma="от" pos="X">от</wf>
         <wf lemma="." pos="X">.</wf>
      </sentence>
      <sentence id="d000.s7809" source="wordnet-bulgarian">
         <wf lemma="византийска" pos="X">византийска</wf>
         <instance id="d000.s7809.t000" lemma="мозайка" pos="NOUN">мозайка</instance>
         <wf lemma="." pos="X">.</wf>
      </sentence>
      <sentence id="d000.s7810" source="wordnet-bulgarian">
         <instance id="d000.s7810.t000" lemma="решение" pos="NOUN">решение</instance>
         <wf lemma="на" pos="X">на</wf>
         <wf lemma="проблем" pos="X">проблем</wf>
         <wf lemma="." pos="X">.</wf>
      </sentence>
      <sentence id="d000.s7811" source="wordnet-bulgarian">
         <wf lemma="Моля" pos="X">Моля</wf>
         <wf lemma="," pos="X">,</wf>
         <wf lemma="подайте" pos="X">подайте</wf>
         <wf lemma="ми" pos="X">ми</wf>
         <instance id="d000.s7811.t000" lemma="меню" pos="NOUN">менюто</instance>
         <wf lemma="." pos="X">.</wf>
      </sentence>
      <sentence id="d000.s7812" source="wordnet-bulgarian">
         <wf lemma="дълбоко" pos="X">дълбоко</wf>
         <instance id="d000.s7812.t000" lemma="блато" pos="NOUN">блато</instance>
         <wf lemma="." pos="X">.</wf>
      </sentence>
      <sentence id="d000.s7813" source="wordnet-bulgarian">
         <instance id="d000.s7813.t000" lemma="умение" pos="NOUN">умение</instance>
         <wf lemma="за" pos="X">за</wf>
         <wf lemma="работа" pos="X">работа</wf>
         <wf lemma="с." pos="X">с.</wf>
      </sentence>
      <sentence id="d000.s7814" source="wordnet-bulgarian">
         <wf lemma="ново" pos="X">ново</wf>
         <instance id="d000.s7814.t000" lemma="парче" pos="NOUN">парче</instance>
         <wf lemma="." pos="X">.</wf>
      </sentence>
      <sentence id="d000.s7815" source="wordnet-bulgarian">
         <wf lemma="занимавам" pos="X">занимавам</wf>
         <wf lemma="се" pos="X">се</wf>
         <wf lemma="със" pos="X">със</wf>
         <instance id="d000.s7815.t000" lemma="спорт" pos="NOUN">спорт</instance>
         <wf lemma="." pos="X">.</wf>
      </sentence>
      <sentence id="d000.s7816" source="wordnet-bulgarian">
         <wf lemma="педагогически" pos="X">педагогически</wf>
         <instance id="d000.s7816.t000" lemma="семинар" pos="NOUN">семинар</instance>
         <wf lemma="." pos="X">.</wf>
      </sentence>
      <sentence id="d000.s7817" source="wordnet-bulgarian">
         <instance id="d000.s7817.t000" lemma="подтик" pos="NOUN">подтик</instance>
         <wf lemma="за" pos="X">за</wf>
         <wf lemma="действие" pos="X">действие</wf>
         <wf lemma="." pos="X">.</wf>
      </sentence>
      <sentence id="d000.s7818" source="wordnet-bulgarian">
         <wf lemma="Свий" pos="X">Свий</wf>
         <instance id="d000.s7818.t000" lemma="показалец" pos="NOUN">показалец</instance>
         <wf lemma="." pos="X">.</wf>
      </sentence>
      <sentence id="d000.s7819" source="wordnet-bulgarian">
         <wf lemma="счупена" pos="X">счупена</wf>
         <instance id="d000.s7819.t000" lemma="кост" pos="NOUN">кост</instance>
         <wf lemma="." pos="X">.</wf>
      </sentence>
      <sentence id="d000.s7820" source="wordnet-bulgarian">
         <wf lemma="краен" pos="X">краен</wf>
         <instance id="d000.s7820.t000" lemma="срок" pos="NOUN">срок</instance>
         <wf lemma="." pos="X">.</wf>
      </sentence>
      <sentence id="d000.s7821" source="wordnet-bulgarian">
         <wf lemma="На" pos="X">На</wf>
         <wf lemma="сцената" pos="X">сцената</wf>
         <wf lemma="на" pos="X">на</wf>
         <wf lemma="Народния" pos="X">Народния</wf>
         <wf lemma="театър" pos="X">театър</wf>
         <wf lemma="ще" pos="X">ще</wf>
         <instance id="d000.s7821.t000" lemma="играя" pos="VERB">играят</instance>
         <wf lemma="&quot;" pos="X">&quot;</wf>
         <wf lemma="Ревизор" pos="X">Ревизор</wf>
         <wf lemma="&quot;" pos="X">&quot;</wf>
         <wf lemma="." pos="X">.</wf>
      </sentence>
      <sentence id="d000.s7822" source="wordnet-bulgarian">
         <instance id="d000.s7822.t000" lemma="човек" pos="NOUN">човек</instance>
         <wf lemma="на" pos="X">на</wf>
         <wf lemma="изкуството" pos="X">изкуството</wf>
         <wf lemma="." pos="X">.</wf>
      </sentence>
      <sentence id="d000.s7823" source="wordnet-bulgarian">
         <wf lemma="археологическа" pos="X">археологическа</wf>
         <instance id="d000.s7823.t000" lemma="експедиция" pos="NOUN">експедиция</instance>
         <wf lemma="." pos="X">.</wf>
      </sentence>
      <sentence id="d000.s7824" source="wordnet-bulgarian">
         <wf lemma="озонов" pos="X">озонов</wf>
         <instance id="d000.s7824.t000" lemma="слой" pos="NOUN">слой</instance>
         <wf lemma="." pos="X">.</wf>
      </sentence>
      <sentence id="d000.s7825" source="wordnet-bulgarian">
         <wf lemma="на" pos="X">на</wf>
         <instance id="d000.s7825.t000" lemma="арена" pos="NOUN">арената</instance>
         <wf lemma="." pos="X">.</wf>
      </sentence>
      <sentence id="d000.s7826" source="wordnet-bulgarian">
         <wf lemma="до" pos="X">до</wf>
         <wf lemma="най-малката" pos="X">най-малката</wf>
         <instance id="d000.s7826.t000" lemma="подробност" pos="NOUN">подробност</instance>
         <wf lemma="." pos="X">.</wf>
      </sentence>
      <sentence id="d000.s7827" source="wordnet-bulgarian">
         <instance id="d000.s7827.t000" lemma="руина" pos="NOUN">Руини</instance>
         <wf lemma="от" pos="X">от</wf>
         <wf lemma="някогашни" pos="X">някогашни</wf>
         <wf lemma="замъци" pos="X">замъци</wf>
         <wf lemma="." pos="X">.</wf>
      </sentence>
      <sentence id="d000.s7828" source="wordnet-bulgarian">
         <wf lemma="Той" pos="X">Той</wf>
         <wf lemma="има" pos="X">има</wf>
         <instance id="d000.s7828.t000" lemma="вид" pos="NOUN">вид</instance>
         <wf lemma="на" pos="X">на</wf>
         <wf lemma="клоун" pos="X">клоун</wf>
         <wf lemma="." pos="X">.</wf>
      </sentence>
      <sentence id="d000.s7829" source="wordnet-bulgarian">
         <wf lemma="мирен" pos="X">мирен</wf>
         <instance id="d000.s7829.t000" lemma="преход" pos="NOUN">преход</instance>
         <wf lemma="." pos="X">.</wf>
      </sentence>
      <sentence id="d000.s7830" source="wordnet-bulgarian">
         <wf lemma="коледен" pos="X">коледен</wf>
         <instance id="d000.s7830.t000" lemma="банкет" pos="NOUN">банкет</instance>
         <wf lemma="." pos="X">.</wf>
      </sentence>
      <sentence id="d000.s7831" source="wordnet-bulgarian">
         <instance id="d000.s7831.t000" lemma="конгрес" pos="NOUN">конгрес</instance>
         <wf lemma="на" pos="X">на</wf>
         <wf lemma="." pos="X">.</wf>
      </sentence>
      <sentence id="d000.s7832" source="wordnet-bulgarian">
         <wf lemma="Той" pos="X">Той</wf>
         <wf lemma="говори" pos="X">говори</wf>
         <wf lemma="с" pos="X">с</wf>
         <wf lemma="голяма" pos="X">голяма</wf>
         <instance id="d000.s7832.t000" lemma="страст" pos="NOUN">страст</instance>
         <wf lemma="." pos="X">.</wf>
      </sentence>
      <sentence id="d000.s7833" source="wordnet-bulgarian">
         <wf lemma="вдявам" pos="X">вдявам</wf>
         <wf lemma="си" pos="X">си</wf>
         <instance id="d000.s7833.t000" lemma="игла" pos="NOUN">иглата</instance>
         <wf lemma="." pos="X">.</wf>
      </sentence>
      <sentence id="d000.s7834" source="wordnet-bulgarian">
         <wf lemma="парламентарна" pos="X">парламентарна</wf>
         <instance id="d000.s7834.t000" lemma="демокрация" pos="NOUN">демокрация</instance>
         <wf lemma="." pos="X">.</wf>
      </sentence>
      <sentence id="d000.s7835" source="wordnet-bulgarian">
         <instance id="d000.s7835.t000" lemma="лидер" pos="NOUN">Лидер</instance>
         <wf lemma="на" pos="X">на</wf>
         <wf lemma="опозицията" pos="X">опозицията</wf>
         <wf lemma="в" pos="X">в</wf>
         <wf lemma="парламента" pos="X">парламента</wf>
         <wf lemma="." pos="X">.</wf>
      </sentence>
      <sentence id="d000.s7836" source="wordnet-bulgarian">
         <wf lemma="Роди" pos="X">Роди</wf>
         <wf lemma="ми" pos="X">ми</wf>
         <wf lemma="се" pos="X">се</wf>
         <instance id="d000.s7836.t000" lemma="момче" pos="NOUN">момче</instance>
         <wf lemma="." pos="X">.</wf>
      </sentence>
      <sentence id="d000.s7837" source="wordnet-bulgarian">
         <wf lemma="грандиозен" pos="X">грандиозен</wf>
         <instance id="d000.s7837.t000" lemma="спектакъл" pos="NOUN">спектакъл</instance>
         <wf lemma="." pos="X">.</wf>
      </sentence>
      <sentence id="d000.s7838" source="wordnet-bulgarian">
         <wf lemma="търгувам" pos="X">търгувам</wf>
         <wf lemma="с" pos="X">с</wf>
         <instance id="d000.s7838.t000" lemma="картина" pos="NOUN">картини</instance>
         <wf lemma="." pos="X">.</wf>
      </sentence>
      <sentence id="d000.s7839" source="wordnet-bulgarian">
         <wf lemma="Често" pos="X">Често</wf>
         <wf lemma="чета" pos="X">чета</wf>
         <wf lemma="в" pos="X">в</wf>
         <instance id="d000.s7839.t000" lemma="библиотека" pos="NOUN">библиотеката</instance>
         <wf lemma="." pos="X">.</wf>
      </sentence>
      <sentence id="d000.s7840" source="wordnet-bulgarian">
         <instance id="d000.s7840.t000" lemma="камшик" pos="NOUN">Камшикът</instance>
         <wf lemma="изплющя" pos="X">изплющя</wf>
         <wf lemma="върху" pos="X">върху</wf>
         <wf lemma="запотения" pos="X">запотения</wf>
         <wf lemma="гръб" pos="X">гръб</wf>
         <wf lemma="на" pos="X">на</wf>
         <wf lemma="животното" pos="X">животното</wf>
         <wf lemma="и" pos="X">и</wf>
         <wf lemma="то" pos="X">то</wf>
         <wf lemma="изскимтя" pos="X">изскимтя</wf>
         <wf lemma="." pos="X">.</wf>
      </sentence>
      <sentence id="d000.s7841" source="wordnet-bulgarian">
         <instance id="d000.s7841.t000" lemma="пътуване" pos="NOUN">пътуване</instance>
         <wf lemma="с" pos="X">с</wf>
         <wf lemma="влак" pos="X">влак</wf>
         <wf lemma="." pos="X">.</wf>
      </sentence>
      <sentence id="d000.s7842" source="wordnet-bulgarian">
         <instance id="d000.s7842.t000" lemma="обитател" pos="NOUN">обитателите</instance>
         <wf lemma="на" pos="X">на</wf>
         <wf lemma="къщата" pos="X">къщата</wf>
         <wf lemma="." pos="X">.</wf>
      </sentence>
      <sentence id="d000.s7843" source="wordnet-bulgarian">
         <wf lemma="Кучетата" pos="X">Кучетата</wf>
         <instance id="d000.s7843.t000" lemma="преследвам" pos="VERB">преследват</instance>
         <wf lemma="заек" pos="X">заек</wf>
         <wf lemma="." pos="X">.</wf>
      </sentence>
      <sentence id="d000.s7844" source="wordnet-bulgarian">
         <wf lemma="отивам" pos="X">отивам</wf>
         <wf lemma="в" pos="X">в</wf>
         <instance id="d000.s7844.t000" lemma="мазе" pos="NOUN">мазето</instance>
         <wf lemma="." pos="X">.</wf>
      </sentence>
      <sentence id="d000.s7845" source="wordnet-bulgarian">
         <instance id="d000.s7845.t000" lemma="въздействие" pos="NOUN">въздействие</instance>
         <wf lemma="върху" pos="X">върху</wf>
         <wf lemma="." pos="X">.</wf>
      </sentence>
      <sentence id="d000.s7846" source="wordnet-bulgarian">
         <wf lemma="запоявам" pos="X">запоявам</wf>
         <wf lemma="с" pos="X">с</wf>
         <instance id="d000.s7846.t000" lemma="калай" pos="NOUN">калай</instance>
         <wf lemma="." pos="X">.</wf>
      </sentence>
      <sentence id="d000.s7847" source="wordnet-bulgarian">
         <instance id="d000.s7847.t000" lemma="служба" pos="NOUN">служба</instance>
         <wf lemma="в" pos="X">в</wf>
         <wf lemma="чест" pos="X">чест</wf>
         <wf lemma="на" pos="X">на</wf>
         <wf lemma="свети" pos="X">свети</wf>
         <wf lemma="Георги" pos="X">Георги</wf>
         <wf lemma="." pos="X">.</wf>
      </sentence>
      <sentence id="d000.s7848" source="wordnet-bulgarian">
         <instance id="d000.s7848.t000" lemma="халба" pos="NOUN">халба</instance>
         <wf lemma="за" pos="X">за</wf>
         <wf lemma="бира" pos="X">бира</wf>
         <wf lemma="." pos="X">.</wf>
      </sentence>
      <sentence id="d000.s7849" source="wordnet-bulgarian">
         <wf lemma="Войната" pos="X">Войната</wf>
         <wf lemma="е" pos="X">е</wf>
         <wf lemma="страшно" pos="X">страшно</wf>
         <instance id="d000.s7849.t000" lemma="бедствие" pos="NOUN">бедствие</instance>
         <wf lemma="." pos="X">.</wf>
      </sentence>
      <sentence id="d000.s7850" source="wordnet-bulgarian">
         <instance id="d000.s7850.t000" lemma="настройвам" pos="VERB">настройвам</instance>
         <wf lemma="пиано" pos="X">пиано</wf>
         <wf lemma="." pos="X">.</wf>
      </sentence>
      <sentence id="d000.s7851" source="wordnet-bulgarian">
         <instance id="d000.s7851.t000" lemma="отношение" pos="NOUN">отношение</instance>
         <wf lemma="на" pos="X">на</wf>
         <wf lemma="два" pos="X">два</wf>
         <wf lemma="предмета" pos="X">предмета</wf>
         <wf lemma="." pos="X">.</wf>
      </sentence>
      <sentence id="d000.s7852" source="wordnet-bulgarian">
         <wf lemma="тухлено" pos="X">тухлено</wf>
         <instance id="d000.s7852.t000" lemma="жилище" pos="NOUN">жилище</instance>
         <wf lemma="." pos="X">.</wf>
      </sentence>
      <sentence id="d000.s7853" source="wordnet-bulgarian">
         <wf lemma="при" pos="X">при</wf>
         <wf lemma="неговото" pos="X">неговото</wf>
         <instance id="d000.s7853.t000" lemma="управление" pos="NOUN">управление</instance>
         <wf lemma="." pos="X">.</wf>
      </sentence>
      <sentence id="d000.s7854" source="wordnet-bulgarian">
         <wf lemma="Полицията" pos="X">Полицията</wf>
         <wf lemma="работи" pos="X">работи</wf>
         <wf lemma="върху" pos="X">върху</wf>
         <wf lemma="няколко" pos="X">няколко</wf>
         <instance id="d000.s7854.t000" lemma="хипотеза" pos="NOUN">хипотези</instance>
         <wf lemma="." pos="X">.</wf>
      </sentence>
      <sentence id="d000.s7855" source="wordnet-bulgarian">
         <instance id="d000.s7855.t000" lemma="вагон" pos="NOUN">Вагонът</instance>
         <wf lemma="плавно" pos="X">плавно</wf>
         <wf lemma="се" pos="X">се</wf>
         <wf lemma="поклащаше" pos="X">поклащаше</wf>
         <wf lemma="и" pos="X">и</wf>
         <wf lemma="аз" pos="X">аз</wf>
         <wf lemma="съм" pos="X">съм</wf>
         <wf lemma="заспал" pos="X">заспал</wf>
         <wf lemma="." pos="X">.</wf>
      </sentence>
      <sentence id="d000.s7856" source="wordnet-bulgarian">
         <wf lemma="време" pos="X">време</wf>
         <wf lemma="за" pos="X">за</wf>
         <instance id="d000.s7856.t000" lemma="отдих" pos="NOUN">отдих</instance>
         <wf lemma="." pos="X">.</wf>
      </sentence>
      <sentence id="d000.s7857" source="wordnet-bulgarian">
         <wf lemma="давам" pos="X">давам</wf>
         <instance id="d000.s7857.t000" lemma="обещание" pos="NOUN">обещание</instance>
         <wf lemma="." pos="X">.</wf>
      </sentence>
      <sentence id="d000.s7858" source="wordnet-bulgarian">
         <wf lemma="Цяла" pos="X">Цяла</wf>
         <instance id="d000.s7858.t000" lemma="нощ" pos="NOUN">нощ</instance>
         <wf lemma="не" pos="X">не</wf>
         <wf lemma="съм" pos="X">съм</wf>
         <wf lemma="мигнал" pos="X">мигнал</wf>
         <wf lemma="." pos="X">.</wf>
      </sentence>
      <sentence id="d000.s7859" source="wordnet-bulgarian">
         <wf lemma="Целият" pos="X">Целият</wf>
         <wf lemma="съм" pos="X">съм</wf>
         <wf lemma="в" pos="X">в</wf>
         <instance id="d000.s7859.t000" lemma="пот" pos="NOUN">пот</instance>
         <wf lemma="." pos="X">.</wf>
      </sentence>
      <sentence id="d000.s7860" source="wordnet-bulgarian">
         <wf lemma="комплект" pos="X">комплект</wf>
         <instance id="d000.s7860.t000" lemma="нож" pos="NOUN">ножове</instance>
         <wf lemma="." pos="X">.</wf>
      </sentence>
      <sentence id="d000.s7861" source="wordnet-bulgarian">
         <wf lemma="парична" pos="X">парична</wf>
         <instance id="d000.s7861.t000" lemma="помощ" pos="NOUN">помощ</instance>
         <wf lemma="." pos="X">.</wf>
      </sentence>
      <sentence id="d000.s7862" source="wordnet-bulgarian">
         <wf lemma="Не" pos="X">Не</wf>
         <wf lemma="съм" pos="X">съм</wf>
         <wf lemma="ходил" pos="X">ходил</wf>
         <wf lemma="на" pos="X">на</wf>
         <instance id="d000.s7862.t000" lemma="светилище" pos="NOUN">светилището</instance>
         <wf lemma="при" pos="X">при</wf>
         <wf lemma="Старосел" pos="X">Старосел</wf>
         <wf lemma="." pos="X">.</wf>
      </sentence>
      <sentence id="d000.s7863" source="wordnet-bulgarian">
         <instance id="d000.s7863.t000" lemma="нос" pos="NOUN">Носът</instance>
         <wf lemma="ми" pos="X">ми</wf>
         <wf lemma="е" pos="X">е</wf>
         <wf lemma="запушен" pos="X">запушен</wf>
         <wf lemma="." pos="X">.</wf>
      </sentence>
      <sentence id="d000.s7864" source="wordnet-bulgarian">
         <wf lemma="всички" pos="X">всички</wf>
         <wf lemma="с" pos="X">с</wf>
         <instance id="d000.s7864.t000" lemma="изключение" pos="NOUN">изключение</instance>
         <wf lemma="на" pos="X">на</wf>
         <wf lemma="един" pos="X">един</wf>
         <wf lemma="." pos="X">.</wf>
      </sentence>
      <sentence id="d000.s7865" source="wordnet-bulgarian">
         <wf lemma="Медицинската" pos="X">Медицинската</wf>
         <wf lemma="сестра" pos="X">сестра</wf>
         <wf lemma="му" pos="X">му</wf>
         <wf lemma="би" pos="X">би</wf>
         <wf lemma="две" pos="X">две</wf>
         <instance id="d000.s7865.t000" lemma="инжекция" pos="NOUN">инжекции</instance>
         <wf lemma="и" pos="X">и</wf>
         <wf lemma="той" pos="X">той</wf>
         <wf lemma="се" pos="X">се</wf>
         <wf lemma="успокои" pos="X">успокои</wf>
         <wf lemma="." pos="X">.</wf>
      </sentence>
      <sentence id="d000.s7866" source="wordnet-bulgarian">
         <wf lemma="вадя" pos="X">вадя</wf>
         <instance id="d000.s7866.t000" lemma="ключ" pos="NOUN">ключа</instance>
         <wf lemma="от" pos="X">от</wf>
         <wf lemma="ключалката" pos="X">ключалката</wf>
         <wf lemma="." pos="X">.</wf>
      </sentence>
      <sentence id="d000.s7867" source="wordnet-bulgarian">
         <wf lemma="Национална" pos="X">Национална</wf>
         <wf lemma="художествена" pos="X">художествена</wf>
         <instance id="d000.s7867.t000" lemma="галерия" pos="NOUN">галерия</instance>
         <wf lemma="." pos="X">.</wf>
      </sentence>
      <sentence id="d000.s7868" source="wordnet-bulgarian">
         <wf lemma="Поставям" pos="X">Поставям</wf>
         <instance id="d000.s7868.t000" lemma="предложение" pos="NOUN">предложението</instance>
         <wf lemma="на" pos="X">на</wf>
         <wf lemma="гласуване" pos="X">гласуване</wf>
         <wf lemma="." pos="X">.</wf>
      </sentence>
      <sentence id="d000.s7869" source="wordnet-bulgarian">
         <wf lemma="проявявам" pos="X">проявявам</wf>
         <instance id="d000.s7869.t000" lemma="загриженост" pos="NOUN">загриженост</instance>
         <wf lemma="за" pos="X">за</wf>
         <wf lemma="." pos="X">.</wf>
      </sentence>
      <sentence id="d000.s7870" source="wordnet-bulgarian">
         <wf lemma="размножаване" pos="X">размножаване</wf>
         <wf lemma="на" pos="X">на</wf>
         <instance id="d000.s7870.t000" lemma="клетка" pos="NOUN">клетки</instance>
         <wf lemma="." pos="X">.</wf>
      </sentence>
      <sentence id="d000.s7871" source="wordnet-bulgarian">
         <instance id="d000.s7871.t000" lemma="допускам" pos="VERB">Допускам</instance>
         <wf lemma="," pos="X">,</wf>
         <wf lemma="че" pos="X">че</wf>
         <wf lemma="самолетът" pos="X">самолетът</wf>
         <wf lemma="ще" pos="X">ще</wf>
         <wf lemma="закъснее" pos="X">закъснее</wf>
         <wf lemma="." pos="X">.</wf>
      </sentence>
      <sentence id="d000.s7872" source="wordnet-bulgarian">
         <wf lemma="Строят" pos="X">Строят</wf>
         <wf lemma="нов" pos="X">нов</wf>
         <wf lemma="модерен" pos="X">модерен</wf>
         <instance id="d000.s7872.t000" lemma="завод" pos="NOUN">завод</instance>
         <wf lemma="." pos="X">.</wf>
      </sentence>
      <sentence id="d000.s7873" source="wordnet-bulgarian">
         <instance id="d000.s7873.t000" lemma="дъвча" pos="VERB">дъвча</instance>
         <wf lemma="дъвка" pos="X">дъвка</wf>
         <wf lemma="." pos="X">.</wf>
      </sentence>
      <sentence id="d000.s7874" source="wordnet-bulgarian">
         <wf lemma="задържам" pos="X">задържам</wf>
         <wf lemma="в" pos="X">в</wf>
         <instance id="d000.s7874.t000" lemma="арест" pos="NOUN">ареста</instance>
         <wf lemma="." pos="X">.</wf>
      </sentence>
      <sentence id="d000.s7875" source="wordnet-bulgarian">
         <wf lemma="имам" pos="X">имам</wf>
         <instance id="d000.s7875.t000" lemma="досие" pos="NOUN">досие</instance>
         <wf lemma="." pos="X">.</wf>
      </sentence>
      <sentence id="d000.s7876" source="wordnet-bulgarian">
         <instance id="d000.s7876.t000" lemma="дух" pos="NOUN">дух</instance>
         <wf lemma="на" pos="X">на</wf>
         <wf lemma="приятелство" pos="X">приятелство</wf>
         <wf lemma="." pos="X">.</wf>
      </sentence>
      <sentence id="d000.s7877" source="wordnet-bulgarian">
         <wf lemma="преодолявам" pos="X">преодолявам</wf>
         <instance id="d000.s7877.t000" lemma="затруднение" pos="NOUN">затруднения</instance>
         <wf lemma="." pos="X">.</wf>
      </sentence>
      <sentence id="d000.s7878" source="wordnet-bulgarian">
         <wf lemma="издигам" pos="X">издигам</wf>
         <instance id="d000.s7878.t000" lemma="арка" pos="NOUN">арка</instance>
         <wf lemma="." pos="X">.</wf>
      </sentence>
      <sentence id="d000.s7879" source="wordnet-bulgarian">
         <instance id="d000.s7879.t000" lemma="партия" pos="NOUN">партия</instance>
         <wf lemma="на" pos="X">на</wf>
         <wf lemma="." pos="X">.</wf>
      </sentence>
      <sentence id="d000.s7880" source="wordnet-bulgarian">
         <wf lemma="домашен" pos="X">домашен</wf>
         <instance id="d000.s7880.t000" lemma="мед" pos="NOUN">мед</instance>
         <wf lemma="." pos="X">.</wf>
      </sentence>
      <sentence id="d000.s7881" source="wordnet-bulgarian">
         <wf lemma="изречение" pos="X">изречение</wf>
         <wf lemma="от" pos="X">от</wf>
         <wf lemma="пет" pos="X">пет</wf>
         <instance id="d000.s7881.t000" lemma="дума" pos="NOUN">думи</instance>
         <wf lemma="." pos="X">.</wf>
      </sentence>
      <sentence id="d000.s7882" source="wordnet-bulgarian">
         <wf lemma="чип" pos="X">чип</wf>
         <instance id="d000.s7882.t000" lemma="нос" pos="NOUN">нос</instance>
         <wf lemma="." pos="X">.</wf>
      </sentence>
      <sentence id="d000.s7883" source="wordnet-bulgarian">
         <wf lemma="вътрешен" pos="X">вътрешен</wf>
         <instance id="d000.s7883.t000" lemma="човек" pos="NOUN">човек</instance>
         <wf lemma="." pos="X">.</wf>
      </sentence>
      <sentence id="d000.s7884" source="wordnet-bulgarian">
         <wf lemma="кулинарен" pos="X">кулинарен</wf>
         <instance id="d000.s7884.t000" lemma="наръчник" pos="NOUN">наръчник</instance>
         <wf lemma="." pos="X">.</wf>
      </sentence>
      <sentence id="d000.s7885" source="wordnet-bulgarian">
         <wf lemma="Оркестърът" pos="X">Оркестърът</wf>
         <wf lemma="подхвана" pos="X">подхвана</wf>
         <wf lemma="нова" pos="X">нова</wf>
         <instance id="d000.s7885.t000" lemma="мелодия" pos="NOUN">мелодия</instance>
         <wf lemma="." pos="X">.</wf>
      </sentence>
      <sentence id="d000.s7886" source="wordnet-bulgarian">
         <wf lemma="Тази" pos="X">Тази</wf>
         <instance id="d000.s7886.t000" lemma="опашка" pos="NOUN">опашка</instance>
         <wf lemma="е" pos="X">е</wf>
         <wf lemma="поне" pos="X">поне</wf>
         <wf lemma="от" pos="X">от</wf>
         <wf lemma="сто" pos="X">сто</wf>
         <wf lemma="души" pos="X">души</wf>
         <wf lemma="." pos="X">.</wf>
      </sentence>
      <sentence id="d000.s7887" source="wordnet-bulgarian">
         <wf lemma="търся" pos="X">търся</wf>
         <instance id="d000.s7887.t000" lemma="съвет" pos="NOUN">съвет</instance>
         <wf lemma="от" pos="X">от</wf>
         <wf lemma="." pos="X">.</wf>
      </sentence>
      <sentence id="d000.s7888" source="wordnet-bulgarian">
         <wf lemma="Това" pos="X">Това</wf>
         <wf lemma="е" pos="X">е</wf>
         <instance id="d000.s7888.t000" lemma="действителност" pos="NOUN">действителността</instance>
         <wf lemma="." pos="X">.</wf>
      </sentence>
      <sentence id="d000.s7889" source="wordnet-bulgarian">
         <wf lemma="спазвам" pos="X">спазвам</wf>
         <instance id="d000.s7889.t000" lemma="конституция" pos="NOUN">конституцията</instance>
         <wf lemma="." pos="X">.</wf>
      </sentence>
      <sentence id="d000.s7890" source="wordnet-bulgarian">
         <instance id="d000.s7890.t000" lemma="скрин" pos="NOUN">скрин</instance>
         <wf lemma="за" pos="X">за</wf>
         <wf lemma="дрехи" pos="X">дрехи</wf>
         <wf lemma="." pos="X">.</wf>
      </sentence>
      <sentence id="d000.s7891" source="wordnet-bulgarian">
         <wf lemma="проявявам" pos="X">проявявам</wf>
         <instance id="d000.s7891.t000" lemma="усърдие" pos="NOUN">усърдие</instance>
         <wf lemma="." pos="X">.</wf>
      </sentence>
      <sentence id="d000.s7892" source="wordnet-bulgarian">
         <wf lemma="На" pos="X">На</wf>
         <instance id="d000.s7892.t000" lemma="оръжие" pos="NOUN">оръжие</instance>
         <wf lemma="!" pos="X">!</wf>
      </sentence>
      <sentence id="d000.s7893" source="wordnet-bulgarian">
         <wf lemma="абстрактна" pos="X">абстрактна</wf>
         <instance id="d000.s7893.t000" lemma="картина" pos="NOUN">картина</instance>
         <wf lemma="." pos="X">.</wf>
      </sentence>
      <sentence id="d000.s7894" source="wordnet-bulgarian">
         <wf lemma="Искаха" pos="X">Искаха</wf>
         <wf lemma="да" pos="X">да</wf>
         <wf lemma="видят" pos="X">видят</wf>
         <wf lemma="някои" pos="X">някои</wf>
         <wf lemma="от" pos="X">от</wf>
         <instance id="d000.s7894.t000" lemma="представление" pos="NOUN">представленията</instance>
         <wf lemma="на" pos="X">на</wf>
         <wf lemma="Бродуей" pos="X">Бродуей</wf>
         <wf lemma="." pos="X">.</wf>
      </sentence>
      <sentence id="d000.s7895" source="wordnet-bulgarian">
         <instance id="d000.s7895.t000" lemma="тържество" pos="NOUN">тържество</instance>
         <wf lemma="по" pos="X">по</wf>
         <wf lemma="случай" pos="X">случай</wf>
         <wf lemma="." pos="X">.</wf>
      </sentence>
      <sentence id="d000.s7896" source="wordnet-bulgarian">
         <wf lemma="излизам" pos="X">излизам</wf>
         <wf lemma="от" pos="X">от</wf>
         <instance id="d000.s7896.t000" lemma="каюта" pos="NOUN">каютата</instance>
         <wf lemma="." pos="X">.</wf>
      </sentence>
      <sentence id="d000.s7897" source="wordnet-bulgarian">
         <wf lemma="Той" pos="X">Той</wf>
         <wf lemma="е" pos="X">е</wf>
         <instance id="d000.s7897.t000" lemma="загубеняк" pos="NOUN">загубеняк</instance>
         <wf lemma="и" pos="X">и</wf>
         <wf lemma="няма" pos="X">няма</wf>
         <wf lemma="да" pos="X">да</wf>
         <wf lemma="се" pos="X">се</wf>
         <wf lemma="справи" pos="X">справи</wf>
         <wf lemma="със" pos="X">със</wf>
         <wf lemma="задачата" pos="X">задачата</wf>
         <wf lemma="." pos="X">.</wf>
      </sentence>
      <sentence id="d000.s7898" source="wordnet-bulgarian">
         <wf lemma="развиваща" pos="X">развиваща</wf>
         <wf lemma="се" pos="X">се</wf>
         <instance id="d000.s7898.t000" lemma="икономика" pos="NOUN">икономика</instance>
         <wf lemma="." pos="X">.</wf>
      </sentence>
      <sentence id="d000.s7899" source="wordnet-bulgarian">
         <wf lemma="страшни" pos="X">страшни</wf>
         <instance id="d000.s7899.t000" lemma="мъчение" pos="NOUN">мъчения</instance>
         <wf lemma="." pos="X">.</wf>
      </sentence>
      <sentence id="d000.s7900" source="wordnet-bulgarian">
         <wf lemma="След" pos="X">След</wf>
         <wf lemma="вечерята" pos="X">вечерята</wf>
         <wf lemma="сервираха" pos="X">сервираха</wf>
         <wf lemma="и" pos="X">и</wf>
         <instance id="d000.s7900.t000" lemma="сладкиш" pos="NOUN">сладкиш</instance>
         <wf lemma="." pos="X">.</wf>
      </sentence>
      <sentence id="d000.s7901" source="wordnet-bulgarian">
         <wf lemma="кални" pos="X">кални</wf>
         <instance id="d000.s7901.t000" lemma="път" pos="NOUN">пътища</instance>
         <wf lemma="." pos="X">.</wf>
      </sentence>
      <sentence id="d000.s7902" source="wordnet-bulgarian">
         <wf lemma="Тя" pos="X">Тя</wf>
         <wf lemma="проявявала" pos="X">проявявала</wf>
         <wf lemma="силна" pos="X">силна</wf>
         <instance id="d000.s7902.t000" lemma="загриженост" pos="NOUN">загриженост</instance>
         <wf lemma="към" pos="X">към</wf>
         <wf lemma="бездомните" pos="X">бездомните</wf>
         <wf lemma="животни" pos="X">животни</wf>
         <wf lemma="." pos="X">.</wf>
      </sentence>
      <sentence id="d000.s7903" source="wordnet-bulgarian">
         <wf lemma="пред" pos="X">пред</wf>
         <instance id="d000.s7903.t000" lemma="фоайе" pos="NOUN">фоайето</instance>
         <wf lemma="." pos="X">.</wf>
      </sentence>
      <sentence id="d000.s7904" source="wordnet-bulgarian">
         <instance id="d000.s7904.t000" lemma="фрактура" pos="NOUN">фрактура</instance>
         <wf lemma="на" pos="X">на</wf>
         <wf lemma="ръката" pos="X">ръката</wf>
         <wf lemma="." pos="X">.</wf>
      </sentence>
      <sentence id="d000.s7905" source="wordnet-bulgarian">
         <wf lemma="любовна" pos="X">любовна</wf>
         <instance id="d000.s7905.t000" lemma="среща" pos="NOUN">среща</instance>
         <wf lemma="." pos="X">.</wf>
      </sentence>
      <sentence id="d000.s7906" source="wordnet-bulgarian">
         <wf lemma="сватбен" pos="X">сватбен</wf>
         <instance id="d000.s7906.t000" lemma="костюм" pos="NOUN">костюм</instance>
         <wf lemma="." pos="X">.</wf>
      </sentence>
      <sentence id="d000.s7907" source="wordnet-bulgarian">
         <wf lemma="красива" pos="X">красива</wf>
         <instance id="d000.s7907.t000" lemma="долина" pos="NOUN">долина</instance>
         <wf lemma="." pos="X">.</wf>
      </sentence>
      <sentence id="d000.s7908" source="wordnet-bulgarian">
         <wf lemma="Стопанството" pos="X">Стопанството</wf>
         <wf lemma="иска" pos="X">иска</wf>
         <wf lemma="много" pos="X">много</wf>
         <instance id="d000.s7908.t000" lemma="грижа" pos="NOUN">грижи</instance>
         <wf lemma="." pos="X">.</wf>
      </sentence>
      <sentence id="d000.s7909" source="wordnet-bulgarian">
         <wf lemma="благородна" pos="X">благородна</wf>
         <instance id="d000.s7909.t000" lemma="цел" pos="NOUN">цел</instance>
         <wf lemma="." pos="X">.</wf>
      </sentence>
      <sentence id="d000.s7910" source="wordnet-bulgarian">
         <instance id="d000.s7910.t000" lemma="страдам" pos="VERB">Страдам</instance>
         <wf lemma="от" pos="X">от</wf>
         <wf lemma="децата" pos="X">децата</wf>
         <wf lemma="си" pos="X">си</wf>
         <wf lemma="." pos="X">.</wf>
      </sentence>
      <sentence id="d000.s7911" source="wordnet-bulgarian">
         <instance id="d000.s7911.t000" lemma="яхта" pos="NOUN">яхта</instance>
         <wf lemma="за" pos="X">за</wf>
         <wf lemma="милиони" pos="X">милиони</wf>
         <wf lemma="." pos="X">.</wf>
      </sentence>
      <sentence id="d000.s7912" source="wordnet-bulgarian">
         <wf lemma="с" pos="X">с</wf>
         <wf lemma="най-големи" pos="X">най-големи</wf>
         <instance id="d000.s7912.t000" lemma="подробност" pos="NOUN">подробности</instance>
         <wf lemma="." pos="X">.</wf>
      </sentence>
      <sentence id="d000.s7913" source="wordnet-bulgarian">
         <wf lemma="Ние" pos="X">Ние</wf>
         <wf lemma="правихме" pos="X">правихме</wf>
         <wf lemma="рекламна" pos="X">рекламна</wf>
         <instance id="d000.s7913.t000" lemma="кампания" pos="NOUN">кампания</instance>
         <wf lemma="," pos="X">,</wf>
         <wf lemma="адекватна" pos="X">адекватна</wf>
         <wf lemma="на" pos="X">на</wf>
         <wf lemma="пътя" pos="X">пътя</wf>
         <wf lemma="," pos="X">,</wf>
         <wf lemma="който" pos="X">който</wf>
         <wf lemma="смятаме" pos="X">смятаме</wf>
         <wf lemma="да" pos="X">да</wf>
         <wf lemma="следваме" pos="X">следваме</wf>
         <wf lemma="в" pos="X">в</wf>
         <wf lemma="политиката" pos="X">политиката</wf>
         <wf lemma="." pos="X">.</wf>
      </sentence>
      <sentence id="d000.s7914" source="wordnet-bulgarian">
         <wf lemma="направо" pos="X">направо</wf>
         <wf lemma="от" pos="X">от</wf>
         <instance id="d000.s7914.t000" lemma="източник" pos="NOUN">източника</instance>
         <wf lemma="." pos="X">.</wf>
      </sentence>
      <sentence id="d000.s7915" source="wordnet-bulgarian">
         <instance id="d000.s7915.t000" lemma="намалявам" pos="VERB">намалявам</instance>
         <wf lemma="цени" pos="X">цени</wf>
         <wf lemma="." pos="X">.</wf>
      </sentence>
      <sentence id="d000.s7916" source="wordnet-bulgarian">
         <wf lemma="топъл" pos="X">топъл</wf>
         <instance id="d000.s7916.t000" lemma="хляб" pos="NOUN">хляб</instance>
         <wf lemma="." pos="X">.</wf>
      </sentence>
      <sentence id="d000.s7917" source="wordnet-bulgarian">
         <wf lemma="опъвам" pos="X">опъвам</wf>
         <instance id="d000.s7917.t000" lemma="лък" pos="NOUN">лък</instance>
         <wf lemma="." pos="X">.</wf>
      </sentence>
      <sentence id="d000.s7918" source="wordnet-bulgarian">
         <wf lemma="лична" pos="X">лична</wf>
         <instance id="d000.s7918.t000" lemma="охрана" pos="NOUN">охрана</instance>
         <wf lemma="." pos="X">.</wf>
      </sentence>
      <sentence id="d000.s7919" source="wordnet-bulgarian">
         <wf lemma="пороен" pos="X">пороен</wf>
         <instance id="d000.s7919.t000" lemma="дъжд" pos="NOUN">дъжд</instance>
         <wf lemma="." pos="X">.</wf>
      </sentence>
      <sentence id="d000.s7920" source="wordnet-bulgarian">
         <instance id="d000.s7920.t000" lemma="снимка" pos="NOUN">Снимката</instance>
         <wf lemma="е" pos="X">е</wf>
         <wf lemma="правена" pos="X">правена</wf>
         <wf lemma="преди" pos="X">преди</wf>
         <wf lemma="много" pos="X">много</wf>
         <wf lemma="години" pos="X">години</wf>
         <wf lemma="." pos="X">.</wf>
      </sentence>
      <sentence id="d000.s7921" source="wordnet-bulgarian">
         <wf lemma="многоцветни" pos="X">многоцветни</wf>
         <instance id="d000.s7921.t000" lemma="мрамор" pos="NOUN">мрамори</instance>
         <wf lemma="." pos="X">.</wf>
      </sentence>
      <sentence id="d000.s7922" source="wordnet-bulgarian">
         <wf lemma="получавам" pos="X">получавам</wf>
         <instance id="d000.s7922.t000" lemma="бележка" pos="NOUN">бележка</instance>
         <wf lemma="." pos="X">.</wf>
      </sentence>
      <sentence id="d000.s7923" source="wordnet-bulgarian">
         <wf lemma="понтонен" pos="X">понтонен</wf>
         <instance id="d000.s7923.t000" lemma="мост" pos="NOUN">мост</instance>
         <wf lemma="." pos="X">.</wf>
      </sentence>
      <sentence id="d000.s7924" source="wordnet-bulgarian">
         <wf lemma="конституционна" pos="X">конституционна</wf>
         <instance id="d000.s7924.t000" lemma="монархия" pos="NOUN">монархия</instance>
         <wf lemma="." pos="X">.</wf>
      </sentence>
      <sentence id="d000.s7925" source="wordnet-bulgarian">
         <wf lemma="висок" pos="X">висок</wf>
         <instance id="d000.s7925.t000" lemma="наем" pos="NOUN">наем</instance>
         <wf lemma="." pos="X">.</wf>
      </sentence>
      <sentence id="d000.s7926" source="wordnet-bulgarian">
         <wf lemma="заплетена" pos="X">заплетена</wf>
         <instance id="d000.s7926.t000" lemma="нишка" pos="NOUN">нишка</instance>
         <wf lemma="." pos="X">.</wf>
      </sentence>
      <sentence id="d000.s7927" source="wordnet-bulgarian">
         <wf lemma="ходя" pos="X">ходя</wf>
         <wf lemma="на" pos="X">на</wf>
         <instance id="d000.s7927.t000" lemma="село" pos="NOUN">село</instance>
         <wf lemma="." pos="X">.</wf>
      </sentence>
      <sentence id="d000.s7928" source="wordnet-bulgarian">
         <wf lemma="семеен" pos="X">семеен</wf>
         <instance id="d000.s7928.t000" lemma="банкет" pos="NOUN">банкет</instance>
         <wf lemma="." pos="X">.</wf>
      </sentence>
      <sentence id="d000.s7929" source="wordnet-bulgarian">
         <wf lemma="танкова" pos="X">танкова</wf>
         <instance id="d000.s7929.t000" lemma="дивизия" pos="NOUN">дивизия</instance>
         <wf lemma="." pos="X">.</wf>
      </sentence>
      <sentence id="d000.s7930" source="wordnet-bulgarian">
         <wf lemma="творческа" pos="X">творческа</wf>
         <instance id="d000.s7930.t000" lemma="индивидуалност" pos="NOUN">индивидуалност</instance>
         <wf lemma="." pos="X">.</wf>
      </sentence>
      <sentence id="d000.s7931" source="wordnet-bulgarian">
         <wf lemma="сред" pos="X">сред</wf>
         <instance id="d000.s7931.t000" lemma="природа" pos="NOUN">природата</instance>
         <wf lemma="." pos="X">.</wf>
      </sentence>
      <sentence id="d000.s7932" source="wordnet-bulgarian">
         <wf lemma="мръсна" pos="X">мръсна</wf>
         <instance id="d000.s7932.t000" lemma="лъжа" pos="NOUN">лъжа</instance>
         <wf lemma="." pos="X">.</wf>
      </sentence>
      <sentence id="d000.s7933" source="wordnet-bulgarian">
         <wf lemma="без" pos="X">без</wf>
         <instance id="d000.s7933.t000" lemma="перспектива" pos="NOUN">перспектива</instance>
         <wf lemma="за" pos="X">за</wf>
         <wf lemma="." pos="X">.</wf>
      </sentence>
      <sentence id="d000.s7934" source="wordnet-bulgarian">
         <wf lemma="опашка" pos="X">опашка</wf>
         <wf lemma="на" pos="X">на</wf>
         <instance id="d000.s7934.t000" lemma="риба" pos="NOUN">риба</instance>
         <wf lemma="." pos="X">.</wf>
      </sentence>
      <sentence id="d000.s7935" source="wordnet-bulgarian">
         <wf lemma="давам" pos="X">давам</wf>
         <instance id="d000.s7935.t000" lemma="дума" pos="NOUN">дума</instance>
         <wf lemma="." pos="X">.</wf>
      </sentence>
      <sentence id="d000.s7936" source="wordnet-bulgarian">
         <wf lemma="лице" pos="X">лице</wf>
         <wf lemma="на" pos="X">на</wf>
         <instance id="d000.s7936.t000" lemma="триъгълник" pos="NOUN">триъгълник</instance>
         <wf lemma="." pos="X">.</wf>
      </sentence>
      <sentence id="d000.s7937" source="wordnet-bulgarian">
         <wf lemma="през" pos="X">през</wf>
         <instance id="d000.s7937.t000" lemma="пауза" pos="NOUN">паузата</instance>
         <wf lemma="." pos="X">.</wf>
      </sentence>
      <sentence id="d000.s7938" source="wordnet-bulgarian">
         <wf lemma="Свободен" pos="X">Свободен</wf>
         <wf lemma="съм" pos="X">съм</wf>
         <wf lemma="да" pos="X">да</wf>
         <instance id="d000.s7938.t000" lemma="избирам" pos="VERB">избирам</instance>
         <wf lemma="по" pos="X">по</wf>
         <wf lemma="свое" pos="X">свое</wf>
         <wf lemma="желание" pos="X">желание</wf>
         <wf lemma="." pos="X">.</wf>
      </sentence>
      <sentence id="d000.s7939" source="wordnet-bulgarian">
         <wf lemma="от" pos="X">от</wf>
         <instance id="d000.s7939.t000" lemma="мрамор" pos="NOUN">мрамор</instance>
         <wf lemma="." pos="X">.</wf>
      </sentence>
      <sentence id="d000.s7940" source="wordnet-bulgarian">
         <wf lemma="силен" pos="X">силен</wf>
         <instance id="d000.s7940.t000" lemma="глас" pos="NOUN">глас</instance>
         <wf lemma="." pos="X">.</wf>
      </sentence>
      <sentence id="d000.s7941" source="wordnet-bulgarian">
         <wf lemma="запустяла" pos="X">запустяла</wf>
         <instance id="d000.s7941.t000" lemma="земя" pos="NOUN">земя</instance>
         <wf lemma="." pos="X">.</wf>
      </sentence>
      <sentence id="d000.s7942" source="wordnet-bulgarian">
         <wf lemma="Жена" pos="X">Жена</wf>
         <wf lemma="с" pos="X">с</wf>
         <wf lemma="красив" pos="X">красив</wf>
         <instance id="d000.s7942.t000" lemma="профил" pos="NOUN">профил</instance>
         <wf lemma="." pos="X">.</wf>
      </sentence>
      <sentence id="d000.s7943" source="wordnet-bulgarian">
         <wf lemma="мирише" pos="X">мирише</wf>
         <wf lemma="на" pos="X">на</wf>
         <instance id="d000.s7943.t000" lemma="трева" pos="NOUN">трева</instance>
         <wf lemma="." pos="X">.</wf>
      </sentence>
      <sentence id="d000.s7944" source="wordnet-bulgarian">
         <instance id="d000.s7944.t000" lemma="търся" pos="VERB">Търся</instance>
         <wf lemma="си" pos="X">си</wf>
         <wf lemma="шапката" pos="X">шапката</wf>
         <wf lemma="." pos="X">.</wf>
      </sentence>
      <sentence id="d000.s7945" source="wordnet-bulgarian">
         <wf lemma="подпирам" pos="X">подпирам</wf>
         <wf lemma="се" pos="X">се</wf>
         <wf lemma="с" pos="X">с</wf>
         <instance id="d000.s7945.t000" lemma="бастун" pos="NOUN">бастун</instance>
         <wf lemma="." pos="X">.</wf>
      </sentence>
      <sentence id="d000.s7946" source="wordnet-bulgarian">
         <wf lemma="откъсвам" pos="X">откъсвам</wf>
         <instance id="d000.s7946.t000" lemma="късче" pos="NOUN">късче</instance>
         <wf lemma="от" pos="X">от</wf>
         <wf lemma="." pos="X">.</wf>
      </sentence>
      <sentence id="d000.s7947" source="wordnet-bulgarian">
         <instance id="d000.s7947.t000" lemma="замърсяване" pos="NOUN">замърсяване</instance>
         <wf lemma="на" pos="X">на</wf>
         <wf lemma="световния" pos="X">световния</wf>
         <wf lemma="океан" pos="X">океан</wf>
         <wf lemma="." pos="X">.</wf>
      </sentence>
      <sentence id="d000.s7948" source="wordnet-bulgarian">
         <wf lemma="ковашки" pos="X">ковашки</wf>
         <instance id="d000.s7948.t000" lemma="чук" pos="NOUN">чук</instance>
         <wf lemma="." pos="X">.</wf>
      </sentence>
      <sentence id="d000.s7949" source="wordnet-bulgarian">
         <instance id="d000.s7949.t000" lemma="експлоатирам" pos="VERB">експлоатирам</instance>
         <wf lemma="съоръжение" pos="X">съоръжение</wf>
         <wf lemma="." pos="X">.</wf>
      </sentence>
      <sentence id="d000.s7950" source="wordnet-bulgarian">
         <wf lemma="здраво" pos="X">здраво</wf>
         <instance id="d000.s7950.t000" lemma="влакно" pos="NOUN">влакно</instance>
         <wf lemma="." pos="X">.</wf>
      </sentence>
      <sentence id="d000.s7951" source="wordnet-bulgarian">
         <wf lemma="говоря" pos="X">говоря</wf>
         <wf lemma="с" pos="X">с</wf>
         <instance id="d000.s7951.t000" lemma="вдъхновение" pos="NOUN">вдъхновение</instance>
         <wf lemma="." pos="X">.</wf>
      </sentence>
      <sentence id="d000.s7952" source="wordnet-bulgarian">
         <wf lemma="растителен" pos="X">растителен</wf>
         <instance id="d000.s7952.t000" lemma="белтък" pos="NOUN">белтък</instance>
         <wf lemma="." pos="X">.</wf>
      </sentence>
      <sentence id="d000.s7953" source="wordnet-bulgarian">
         <wf lemma="имам" pos="X">имам</wf>
         <instance id="d000.s7953.t000" lemma="видение" pos="NOUN">видения</instance>
         <wf lemma="." pos="X">.</wf>
      </sentence>
      <sentence id="d000.s7954" source="wordnet-bulgarian">
         <wf lemma="Колко" pos="X">Колко</wf>
         <instance id="d000.s7954.t000" lemma="ръка" pos="NOUN">ръце</instance>
         <wf lemma="имате" pos="X">имате</wf>
         <wf lemma="?" pos="X">?</wf>
      </sentence>
      <sentence id="d000.s7955" source="wordnet-bulgarian">
         <wf lemma="Какво" pos="X">Какво</wf>
         <wf lemma="беше" pos="X">беше</wf>
         <wf lemma="някога" pos="X">някога</wf>
         <wf lemma="," pos="X">,</wf>
         <wf lemma="а" pos="X">а</wf>
         <wf lemma="какво" pos="X">какво</wf>
         <wf lemma="е" pos="X">е</wf>
         <instance id="d000.s7955.t000" lemma="сега" pos="NOUN">сега</instance>
         <wf lemma="!" pos="X">!</wf>
      </sentence>
      <sentence id="d000.s7956" source="wordnet-bulgarian">
         <instance id="d000.s7956.t000" lemma="страж" pos="NOUN">страж</instance>
         <wf lemma="на" pos="X">на</wf>
         <wf lemma="законите" pos="X">законите</wf>
         <wf lemma="." pos="X">.</wf>
      </sentence>
      <sentence id="d000.s7957" source="wordnet-bulgarian">
         <wf lemma="тъмна" pos="X">тъмна</wf>
         <instance id="d000.s7957.t000" lemma="нощ" pos="NOUN">нощ</instance>
         <wf lemma="." pos="X">.</wf>
      </sentence>
      <sentence id="d000.s7958" source="wordnet-bulgarian">
         <wf lemma="установявам" pos="X">установявам</wf>
         <instance id="d000.s7958.t000" lemma="връзка" pos="NOUN">връзки</instance>
         <wf lemma="с." pos="X">с.</wf>
      </sentence>
      <sentence id="d000.s7959" source="wordnet-bulgarian">
         <wf lemma="обонятелен" pos="X">обонятелен</wf>
         <instance id="d000.s7959.t000" lemma="орган" pos="NOUN">орган</instance>
         <wf lemma="." pos="X">.</wf>
      </sentence>
      <sentence id="d000.s7960" source="wordnet-bulgarian">
         <wf lemma="делова" pos="X">делова</wf>
         <instance id="d000.s7960.t000" lemma="среща" pos="NOUN">среща</instance>
         <wf lemma="." pos="X">.</wf>
      </sentence>
      <sentence id="d000.s7961" source="wordnet-bulgarian">
         <wf lemma="Много" pos="X">Много</wf>
         <wf lemma="грехове" pos="X">грехове</wf>
         <wf lemma="му" pos="X">му</wf>
         <wf lemma="тежат" pos="X">тежат</wf>
         <wf lemma="на" pos="X">на</wf>
         <instance id="d000.s7961.t000" lemma="съвест" pos="NOUN">съвестта</instance>
         <wf lemma="." pos="X">.</wf>
      </sentence>
      <sentence id="d000.s7962" source="wordnet-bulgarian">
         <instance id="d000.s7962.t000" lemma="викам" pos="VERB">викам</instance>
         <wf lemma="до" pos="X">до</wf>
         <wf lemma="бога" pos="X">бога</wf>
         <wf lemma="." pos="X">.</wf>
      </sentence>
      <sentence id="d000.s7963" source="wordnet-bulgarian">
         <wf lemma="почивам" pos="X">почивам</wf>
         <wf lemma="на" pos="X">на</wf>
         <instance id="d000.s7963.t000" lemma="планина" pos="NOUN">планина</instance>
         <wf lemma="." pos="X">.</wf>
      </sentence>
      <sentence id="d000.s7964" source="wordnet-bulgarian">
         <instance id="d000.s7964.t000" lemma="понижение" pos="NOUN">понижение</instance>
         <wf lemma="на" pos="X">на</wf>
         <wf lemma="цени" pos="X">цени</wf>
         <wf lemma="." pos="X">.</wf>
      </sentence>
      <sentence id="d000.s7965" source="wordnet-bulgarian">
         <wf lemma="истински" pos="X">истински</wf>
         <instance id="d000.s7965.t000" lemma="герой" pos="NOUN">герой</instance>
         <wf lemma="." pos="X">.</wf>
      </sentence>
      <sentence id="d000.s7966" source="wordnet-bulgarian">
         <wf lemma="образована" pos="X">образована</wf>
         <instance id="d000.s7966.t000" lemma="младеж" pos="NOUN">младеж</instance>
         <wf lemma="." pos="X">.</wf>
      </sentence>
      <sentence id="d000.s7967" source="wordnet-bulgarian">
         <wf lemma="без" pos="X">без</wf>
         <instance id="d000.s7967.t000" lemma="предубеждение" pos="NOUN">предубеждение</instance>
         <wf lemma="." pos="X">.</wf>
      </sentence>
      <sentence id="d000.s7968" source="wordnet-bulgarian">
         <instance id="d000.s7968.t000" lemma="сходство" pos="NOUN">Сходство</instance>
         <wf lemma="в" pos="X">в</wf>
         <wf lemma="характерите" pos="X">характерите</wf>
         <wf lemma="." pos="X">.</wf>
      </sentence>
      <sentence id="d000.s7969" source="wordnet-bulgarian">
         <wf lemma="безпочвено" pos="X">безпочвено</wf>
         <instance id="d000.s7969.t000" lemma="съмнение" pos="NOUN">съмнение</instance>
         <wf lemma="." pos="X">.</wf>
      </sentence>
      <sentence id="d000.s7970" source="wordnet-bulgarian">
         <wf lemma="зрителен" pos="X">зрителен</wf>
         <instance id="d000.s7970.t000" lemma="нерв" pos="NOUN">нерв</instance>
         <wf lemma="." pos="X">.</wf>
      </sentence>
      <sentence id="d000.s7971" source="wordnet-bulgarian">
         <wf lemma="Настана" pos="X">Настана</wf>
         <wf lemma="голяма" pos="X">голяма</wf>
         <instance id="d000.s7971.t000" lemma="бъркотия" pos="NOUN">бъркотия</instance>
         <wf lemma="." pos="X">.</wf>
      </sentence>
      <sentence id="d000.s7972" source="wordnet-bulgarian">
         <instance id="d000.s7972.t000" lemma="сандвич" pos="NOUN">сандвич</instance>
         <wf lemma="с" pos="X">с</wf>
         <wf lemma="кашкавал" pos="X">кашкавал</wf>
         <wf lemma="." pos="X">.</wf>
      </sentence>
      <sentence id="d000.s7973" source="wordnet-bulgarian">
         <wf lemma="Вникнете" pos="X">Вникнете</wf>
         <wf lemma="в" pos="X">в</wf>
         <instance id="d000.s7973.t000" lemma="смисъл" pos="NOUN">смисъла</instance>
         <wf lemma="на" pos="X">на</wf>
         <wf lemma="думите" pos="X">думите</wf>
         <wf lemma="ми" pos="X">ми</wf>
         <wf lemma="." pos="X">.</wf>
      </sentence>
      <sentence id="d000.s7974" source="wordnet-bulgarian">
         <wf lemma="ясен" pos="X">ясен</wf>
         <instance id="d000.s7974.t000" lemma="глас" pos="NOUN">глас</instance>
         <wf lemma="." pos="X">.</wf>
      </sentence>
      <sentence id="d000.s7975" source="wordnet-bulgarian">
         <wf lemma="Поставих" pos="X">Поставих</wf>
         <instance id="d000.s7975.t000" lemma="аларма" pos="NOUN">аларма</instance>
         <wf lemma="на" pos="X">на</wf>
         <wf lemma="магазина" pos="X">магазина</wf>
         <wf lemma="." pos="X">.</wf>
      </sentence>
      <sentence id="d000.s7976" source="wordnet-bulgarian">
         <wf lemma="Ще" pos="X">Ще</wf>
         <wf lemma="му" pos="X">му</wf>
         <wf lemma="направя" pos="X">направя</wf>
         <instance id="d000.s7976.t000" lemma="предложение" pos="NOUN">предложение</instance>
         <wf lemma="," pos="X">,</wf>
         <wf lemma="на" pos="X">на</wf>
         <wf lemma="което" pos="X">което</wf>
         <wf lemma="не" pos="X">не</wf>
         <wf lemma="може" pos="X">може</wf>
         <wf lemma="да" pos="X">да</wf>
         <wf lemma="откаже" pos="X">откаже</wf>
         <wf lemma="." pos="X">.</wf>
      </sentence>
      <sentence id="d000.s7977" source="wordnet-bulgarian">
         <wf lemma="амбулантен" pos="X">амбулантен</wf>
         <instance id="d000.s7977.t000" lemma="търговец" pos="NOUN">търговец</instance>
         <wf lemma="." pos="X">.</wf>
      </sentence>
      <sentence id="d000.s7978" source="wordnet-bulgarian">
         <wf lemma="нямам" pos="X">нямам</wf>
         <instance id="d000.s7978.t000" lemma="дълг" pos="NOUN">дълг</instance>
         <wf lemma="." pos="X">.</wf>
      </sentence>
      <sentence id="d000.s7979" source="wordnet-bulgarian">
         <instance id="d000.s7979.t000" lemma="почитам" pos="VERB">почитам</instance>
         <wf lemma="с" pos="X">с</wf>
         <wf lemma="присъствието" pos="X">присъствието</wf>
         <wf lemma="си" pos="X">си</wf>
         <wf lemma="." pos="X">.</wf>
      </sentence>
      <sentence id="d000.s7980" source="wordnet-bulgarian">
         <wf lemma="отлична" pos="X">отлична</wf>
         <instance id="d000.s7980.t000" lemma="подготовка" pos="NOUN">подготовка</instance>
         <wf lemma="." pos="X">.</wf>
      </sentence>
      <sentence id="d000.s7981" source="wordnet-bulgarian">
         <wf lemma="захаросан" pos="X">захаросан</wf>
         <instance id="d000.s7981.t000" lemma="конфитюр" pos="NOUN">конфитюр</instance>
         <wf lemma="." pos="X">.</wf>
      </sentence>
      <sentence id="d000.s7982" source="wordnet-bulgarian">
         <wf lemma="Ще" pos="X">Ще</wf>
         <wf lemma="платя" pos="X">платя</wf>
         <wf lemma="с" pos="X">с</wf>
         <instance id="d000.s7982.t000" lemma="монета" pos="NOUN">монети</instance>
         <wf lemma="." pos="X">.</wf>
      </sentence>
      <sentence id="d000.s7983" source="wordnet-bulgarian">
         <wf lemma="любим" pos="X">любим</wf>
         <instance id="d000.s7983.t000" lemma="предмет" pos="NOUN">предмет</instance>
         <wf lemma="." pos="X">.</wf>
      </sentence>
      <sentence id="d000.s7984" source="wordnet-bulgarian">
         <wf lemma="тайно" pos="X">тайно</wf>
         <instance id="d000.s7984.t000" lemma="събрание" pos="NOUN">събрание</instance>
         <wf lemma="." pos="X">.</wf>
      </sentence>
      <sentence id="d000.s7985" source="wordnet-bulgarian">
         <wf lemma="нови" pos="X">нови</wf>
         <instance id="d000.s7985.t000" lemma="игра" pos="NOUN">игри</instance>
         <wf lemma="." pos="X">.</wf>
      </sentence>
      <sentence id="d000.s7986" source="wordnet-bulgarian">
         <wf lemma="пехотна" pos="X">пехотна</wf>
         <instance id="d000.s7986.t000" lemma="дивизия" pos="NOUN">дивизия</instance>
         <wf lemma="." pos="X">.</wf>
      </sentence>
      <sentence id="d000.s7987" source="wordnet-bulgarian">
         <instance id="d000.s7987.t000" lemma="курс" pos="NOUN">курс</instance>
         <wf lemma="на" pos="X">на</wf>
         <wf lemma="развитие" pos="X">развитие</wf>
         <wf lemma="на" pos="X">на</wf>
         <wf lemma="нещо" pos="X">нещо</wf>
         <wf lemma="." pos="X">.</wf>
      </sentence>
      <sentence id="d000.s7988" source="wordnet-bulgarian">
         <instance id="d000.s7988.t000" lemma="стълб" pos="NOUN">стълб</instance>
         <wf lemma="за" pos="X">за</wf>
         <wf lemma="улично" pos="X">улично</wf>
         <wf lemma="осветление" pos="X">осветление</wf>
         <wf lemma="." pos="X">.</wf>
      </sentence>
      <sentence id="d000.s7989" source="wordnet-bulgarian">
         <wf lemma="Мостра" pos="X">Мостра</wf>
         <wf lemma="без" pos="X">без</wf>
         <instance id="d000.s7989.t000" lemma="стойност" pos="NOUN">стойност</instance>
         <wf lemma="." pos="X">.</wf>
      </sentence>
      <sentence id="d000.s7990" source="wordnet-bulgarian">
         <wf lemma="абсолютен" pos="X">абсолютен</wf>
         <instance id="d000.s7990.t000" lemma="монарх" pos="NOUN">монарх</instance>
         <wf lemma="." pos="X">.</wf>
      </sentence>
      <sentence id="d000.s7991" source="wordnet-bulgarian">
         <instance id="d000.s7991.t000" lemma="бера" pos="VERB">бера</instance>
         <wf lemma="билки" pos="X">билки</wf>
         <wf lemma="." pos="X">.</wf>
      </sentence>
      <sentence id="d000.s7992" source="wordnet-bulgarian">
         <wf lemma="Животните" pos="X">Животните</wf>
         <wf lemma="кротко" pos="X">кротко</wf>
         <wf lemma="пладнуваха" pos="X">пладнуваха</wf>
         <wf lemma="на" pos="X">на</wf>
         <wf lemma="селското" pos="X">селското</wf>
         <instance id="d000.s7992.t000" lemma="пасище" pos="NOUN">пасище</instance>
         <wf lemma="." pos="X">.</wf>
      </sentence>
      <sentence id="d000.s7993" source="wordnet-bulgarian">
         <wf lemma="сламен" pos="X">сламен</wf>
         <instance id="d000.s7993.t000" lemma="покрив" pos="NOUN">покрив</instance>
         <wf lemma="." pos="X">.</wf>
      </sentence>
      <sentence id="d000.s7994" source="wordnet-bulgarian">
         <wf lemma="звездно" pos="X">звездно</wf>
         <instance id="d000.s7994.t000" lemma="небе" pos="NOUN">небе</instance>
         <wf lemma="." pos="X">.</wf>
      </sentence>
      <sentence id="d000.s7995" source="wordnet-bulgarian">
         <wf lemma="проявявам" pos="X">проявявам</wf>
         <instance id="d000.s7995.t000" lemma="старание" pos="NOUN">старание</instance>
         <wf lemma="." pos="X">.</wf>
      </sentence>
      <sentence id="d000.s7996" source="wordnet-bulgarian">
         <wf lemma="През" pos="X">През</wf>
         <wf lemma="зимата" pos="X">зимата</wf>
         <wf lemma="дните" pos="X">дните</wf>
         <wf lemma="започват" pos="X">започват</wf>
         <wf lemma="да" pos="X">да</wf>
         <instance id="d000.s7996.t000" lemma="нараствам" pos="VERB">нарастват</instance>
         <wf lemma="." pos="X">.</wf>
      </sentence>
      <sentence id="d000.s7997" source="wordnet-bulgarian">
         <wf lemma="купувам" pos="X">купувам</wf>
         <wf lemma="си" pos="X">си</wf>
         <instance id="d000.s7997.t000" lemma="вестник" pos="NOUN">вестник</instance>
         <wf lemma="." pos="X">.</wf>
      </sentence>
      <sentence id="d000.s7998" source="wordnet-bulgarian">
         <instance id="d000.s7998.t000" lemma="забавление" pos="NOUN">забавлението</instance>
         <wf lemma="е" pos="X">е</wf>
         <wf lemma="най-важната" pos="X">най-важната</wf>
         <wf lemma="част" pos="X">част</wf>
         <wf lemma="от" pos="X">от</wf>
         <wf lemma="детските" pos="X">детските</wf>
         <wf lemma="игри" pos="X">игри</wf>
         <wf lemma="." pos="X">.</wf>
      </sentence>
      <sentence id="d000.s7999" source="wordnet-bulgarian">
         <wf lemma="Художественото" pos="X">Художественото</wf>
         <instance id="d000.s7999.t000" lemma="ниво" pos="NOUN">ниво</instance>
         <wf lemma="на" pos="X">на</wf>
         <wf lemma="пиесата" pos="X">пиесата</wf>
         <wf lemma="е" pos="X">е</wf>
         <wf lemma="много" pos="X">много</wf>
         <wf lemma="ниско" pos="X">ниско</wf>
         <wf lemma="." pos="X">.</wf>
      </sentence>
      <sentence id="d000.s8000" source="wordnet-bulgarian">
         <wf lemma="атрофирали" pos="X">атрофирали</wf>
         <instance id="d000.s8000.t000" lemma="мускул" pos="NOUN">мускули</instance>
         <wf lemma="." pos="X">.</wf>
      </sentence>
      <sentence id="d000.s8001" source="wordnet-bulgarian">
         <wf lemma="седалков" pos="X">седалков</wf>
         <instance id="d000.s8001.t000" lemma="лифт" pos="NOUN">лифт</instance>
         <wf lemma="." pos="X">.</wf>
      </sentence>
      <sentence id="d000.s8002" source="wordnet-bulgarian">
         <instance id="d000.s8002.t000" lemma="предупреждавам" pos="VERB">предупреждавам</instance>
         <wf lemma="," pos="X">,</wf>
         <wf lemma="че" pos="X">че</wf>
         <wf lemma="." pos="X">.</wf>
      </sentence>
      <sentence id="d000.s8003" source="wordnet-bulgarian">
         <wf lemma="двустайно" pos="X">двустайно</wf>
         <instance id="d000.s8003.t000" lemma="жилище" pos="NOUN">жилище</instance>
         <wf lemma="." pos="X">.</wf>
      </sentence>
      <sentence id="d000.s8004" source="wordnet-bulgarian">
         <wf lemma="подарявам" pos="X">подарявам</wf>
         <instance id="d000.s8004.t000" lemma="кошница" pos="NOUN">кошница</instance>
         <wf lemma="." pos="X">.</wf>
      </sentence>
      <sentence id="d000.s8005" source="wordnet-bulgarian">
         <wf lemma="Сипвам" pos="X">Сипвам</wf>
         <instance id="d000.s8005.t000" lemma="бензин" pos="NOUN">бензин</instance>
         <wf lemma="в" pos="X">в</wf>
         <wf lemma="колата" pos="X">колата</wf>
         <wf lemma="." pos="X">.</wf>
      </sentence>
      <sentence id="d000.s8006" source="wordnet-bulgarian">
         <wf lemma="давам" pos="X">давам</wf>
         <instance id="d000.s8006.t000" lemma="урина" pos="NOUN">урина</instance>
         <wf lemma="." pos="X">.</wf>
      </sentence>
      <sentence id="d000.s8007" source="wordnet-bulgarian">
         <wf lemma="по" pos="X">по</wf>
         <wf lemma="простата" pos="X">простата</wf>
         <instance id="d000.s8007.t000" lemma="причина" pos="NOUN">причина</instance>
         <wf lemma="," pos="X">,</wf>
         <wf lemma="че" pos="X">че</wf>
         <wf lemma="." pos="X">.</wf>
      </sentence>
      <sentence id="d000.s8008" source="wordnet-bulgarian">
         <wf lemma="дебел" pos="X">дебел</wf>
         <instance id="d000.s8008.t000" lemma="пирон" pos="NOUN">пирон</instance>
         <wf lemma="." pos="X">.</wf>
      </sentence>
      <sentence id="d000.s8009" source="wordnet-bulgarian">
         <wf lemma="правя" pos="X">правя</wf>
         <instance id="d000.s8009.t000" lemma="бенефис" pos="NOUN">бенефис</instance>
         <wf lemma="на" pos="X">на</wf>
         <wf lemma="." pos="X">.</wf>
      </sentence>
      <sentence id="d000.s8010" source="wordnet-bulgarian">
         <instance id="d000.s8010.t000" lemma="ритам" pos="VERB">Ритам</instance>
         <wf lemma="топка" pos="X">топка</wf>
         <wf lemma="." pos="X">.</wf>
      </sentence>
      <sentence id="d000.s8011" source="wordnet-bulgarian">
         <wf lemma="съдя" pos="X">съдя</wf>
         <wf lemma="по" pos="X">по</wf>
         <instance id="d000.s8011.t000" lemma="аналогия" pos="NOUN">аналогия</instance>
         <wf lemma="." pos="X">.</wf>
      </sentence>
      <sentence id="d000.s8012" source="wordnet-bulgarian">
         <wf lemma="пускам" pos="X">пускам</wf>
         <instance id="d000.s8012.t000" lemma="осветление" pos="NOUN">осветлението</instance>
         <wf lemma="." pos="X">.</wf>
      </sentence>
      <sentence id="d000.s8013" source="wordnet-bulgarian">
         <wf lemma="петнист" pos="X">петнист</wf>
         <instance id="d000.s8013.t000" lemma="тюлен" pos="NOUN">тюлен</instance>
         <wf lemma="." pos="X">.</wf>
      </sentence>
      <sentence id="d000.s8014" source="wordnet-bulgarian">
         <wf lemma="партерен" pos="X">партерен</wf>
         <instance id="d000.s8014.t000" lemma="етаж" pos="NOUN">етаж</instance>
         <wf lemma="." pos="X">.</wf>
      </sentence>
      <sentence id="d000.s8015" source="wordnet-bulgarian">
         <wf lemma="Прекарвам" pos="X">Прекарвам</wf>
         <wf lemma="времето" pos="X">времето</wf>
         <wf lemma="си" pos="X">си</wf>
         <wf lemma="в" pos="X">в</wf>
         <instance id="d000.s8015.t000" lemma="мислене" pos="NOUN">мислене</instance>
         <wf lemma="." pos="X">.</wf>
      </sentence>
      <sentence id="d000.s8016" source="wordnet-bulgarian">
         <wf lemma="вървя" pos="X">вървя</wf>
         <wf lemma="към" pos="X">към</wf>
         <instance id="d000.s8016.t000" lemma="подобрение" pos="NOUN">подобрение</instance>
         <wf lemma="." pos="X">.</wf>
      </sentence>
      <sentence id="d000.s8017" source="wordnet-bulgarian">
         <wf lemma="откривам" pos="X">откривам</wf>
         <instance id="d000.s8017.t000" lemma="родство" pos="NOUN">родство</instance>
         <wf lemma="между" pos="X">между</wf>
         <wf lemma="." pos="X">.</wf>
      </sentence>
      <sentence id="d000.s8018" source="wordnet-bulgarian">
         <wf lemma="каменен" pos="X">каменен</wf>
         <instance id="d000.s8018.t000" lemma="мост" pos="NOUN">мост</instance>
         <wf lemma="." pos="X">.</wf>
      </sentence>
      <sentence id="d000.s8019" source="wordnet-bulgarian">
         <wf lemma="пролетен" pos="X">пролетен</wf>
         <instance id="d000.s8019.t000" lemma="ветрец" pos="NOUN">ветрец</instance>
         <wf lemma="." pos="X">.</wf>
      </sentence>
      <sentence id="d000.s8020" source="wordnet-bulgarian">
         <wf lemma="суха" pos="X">суха</wf>
         <instance id="d000.s8020.t000" lemma="храна" pos="NOUN">храна</instance>
         <wf lemma="." pos="X">.</wf>
      </sentence>
      <sentence id="d000.s8021" source="wordnet-bulgarian">
         <wf lemma="вълнуващо" pos="X">вълнуващо</wf>
         <instance id="d000.s8021.t000" lemma="изказване" pos="NOUN">изказване</instance>
         <wf lemma="." pos="X">.</wf>
      </sentence>
      <sentence id="d000.s8022" source="wordnet-bulgarian">
         <wf lemma="агнешка" pos="X">агнешка</wf>
         <instance id="d000.s8022.t000" lemma="кожа" pos="NOUN">кожа</instance>
         <wf lemma="." pos="X">.</wf>
      </sentence>
      <sentence id="d000.s8023" source="wordnet-bulgarian">
         <wf lemma="Не" pos="X">Не</wf>
         <wf lemma="искам" pos="X">искам</wf>
         <wf lemma="да" pos="X">да</wf>
         <wf lemma="имам" pos="X">имам</wf>
         <wf lemma="слаб" pos="X">слаб</wf>
         <wf lemma="успех" pos="X">успех</wf>
         <wf lemma="по" pos="X">по</wf>
         <wf lemma="нито" pos="X">нито</wf>
         <wf lemma="един" pos="X">един</wf>
         <instance id="d000.s8023.t000" lemma="предмет" pos="NOUN">предмет</instance>
         <wf lemma="." pos="X">.</wf>
      </sentence>
      <sentence id="d000.s8024" source="wordnet-bulgarian">
         <instance id="d000.s8024.t000" lemma="сцена" pos="NOUN">сцена</instance>
         <wf lemma="на" pos="X">на</wf>
         <wf lemma="ревност" pos="X">ревност</wf>
         <wf lemma="." pos="X">.</wf>
      </sentence>
      <sentence id="d000.s8025" source="wordnet-bulgarian">
         <wf lemma="зареждам" pos="X">зареждам</wf>
         <wf lemma="с" pos="X">с</wf>
         <instance id="d000.s8025.t000" lemma="гориво" pos="NOUN">гориво</instance>
         <wf lemma="." pos="X">.</wf>
      </sentence>
      <sentence id="d000.s8026" source="wordnet-bulgarian">
         <wf lemma="ниско" pos="X">ниско</wf>
         <instance id="d000.s8026.t000" lemma="качество" pos="NOUN">качество</instance>
         <wf lemma="." pos="X">.</wf>
      </sentence>
      <sentence id="d000.s8027" source="wordnet-bulgarian">
         <wf lemma="умна" pos="X">умна</wf>
         <instance id="d000.s8027.t000" lemma="кучка" pos="NOUN">кучка</instance>
         <wf lemma="." pos="X">.</wf>
      </sentence>
      <sentence id="d000.s8028" source="wordnet-bulgarian">
         <wf lemma="върша" pos="X">върша</wf>
         <instance id="d000.s8028.t000" lemma="крайност" pos="NOUN">крайности</instance>
         <wf lemma="." pos="X">.</wf>
      </sentence>
      <sentence id="d000.s8029" source="wordnet-bulgarian">
         <wf lemma="мръсно" pos="X">мръсно</wf>
         <instance id="d000.s8029.t000" lemma="петно" pos="NOUN">петно</instance>
         <wf lemma="." pos="X">.</wf>
      </sentence>
      <sentence id="d000.s8030" source="wordnet-bulgarian">
         <wf lemma="Той" pos="X">Той</wf>
         <instance id="d000.s8030.t000" lemma="артикулирам" pos="VERB">артикулираше</instance>
         <wf lemma="странни" pos="X">странни</wf>
         <wf lemma="звуци" pos="X">звуци</wf>
         <wf lemma="," pos="X">,</wf>
         <wf lemma="които" pos="X">които</wf>
         <wf lemma="никой" pos="X">никой</wf>
         <wf lemma="не" pos="X">не</wf>
         <wf lemma="можеше" pos="X">можеше</wf>
         <wf lemma="да" pos="X">да</wf>
         <wf lemma="разбере" pos="X">разбере</wf>
         <wf lemma="." pos="X">.</wf>
      </sentence>
      <sentence id="d000.s8031" source="wordnet-bulgarian">
         <wf lemma="кожен" pos="X">кожен</wf>
         <instance id="d000.s8031.t000" lemma="диван" pos="NOUN">диван</instance>
         <wf lemma="." pos="X">.</wf>
      </sentence>
      <sentence id="d000.s8032" source="wordnet-bulgarian">
         <wf lemma="русичко" pos="X">русичко</wf>
         <instance id="d000.s8032.t000" lemma="момиче" pos="NOUN">момиче</instance>
         <wf lemma="." pos="X">.</wf>
      </sentence>
      <sentence id="d000.s8033" source="wordnet-bulgarian">
         <wf lemma="Боли" pos="X">Боли</wf>
         <wf lemma="ме" pos="X">ме</wf>
         <instance id="d000.s8033.t000" lemma="глава" pos="NOUN">главата</instance>
         <wf lemma="." pos="X">.</wf>
      </sentence>
      <sentence id="d000.s8034" source="wordnet-bulgarian">
         <wf lemma="асоциативна" pos="X">асоциативна</wf>
         <instance id="d000.s8034.t000" lemma="памет" pos="NOUN">памет</instance>
         <wf lemma="." pos="X">.</wf>
      </sentence>
      <sentence id="d000.s8035" source="wordnet-bulgarian">
         <wf lemma="отправям" pos="X">отправям</wf>
         <instance id="d000.s8035.t000" lemma="предизвикателство" pos="NOUN">предизвикателство</instance>
         <wf lemma="към" pos="X">към</wf>
         <wf lemma="." pos="X">.</wf>
      </sentence>
      <sentence id="d000.s8036" source="wordnet-bulgarian">
         <instance id="d000.s8036.t000" lemma="изящество" pos="NOUN">изящество</instance>
         <wf lemma="на" pos="X">на</wf>
         <wf lemma="музикално" pos="X">музикално</wf>
         <wf lemma="изпълнение" pos="X">изпълнение</wf>
         <wf lemma="." pos="X">.</wf>
      </sentence>
      <sentence id="d000.s8037" source="wordnet-bulgarian">
         <wf lemma="голяма" pos="X">голяма</wf>
         <instance id="d000.s8037.t000" lemma="вещина" pos="NOUN">вещина</instance>
         <wf lemma="." pos="X">.</wf>
      </sentence>
      <sentence id="d000.s8038" source="wordnet-bulgarian">
         <instance id="d000.s8038.t000" lemma="обобщение" pos="NOUN">обобщение</instance>
         <wf lemma="от" pos="X">от</wf>
         <wf lemma="." pos="X">.</wf>
      </sentence>
      <sentence id="d000.s8039" source="wordnet-bulgarian">
         <wf lemma="изнасям" pos="X">изнасям</wf>
         <instance id="d000.s8039.t000" lemma="лекция" pos="NOUN">лекции</instance>
         <wf lemma="по." pos="X">по.</wf>
      </sentence>
      <sentence id="d000.s8040" source="wordnet-bulgarian">
         <instance id="d000.s8040.t000" lemma="член" pos="NOUN">член</instance>
         <wf lemma="на" pos="X">на</wf>
         <wf lemma="общински" pos="X">общински</wf>
         <wf lemma="съвет" pos="X">съвет</wf>
         <wf lemma="." pos="X">.</wf>
      </sentence>
      <sentence id="d000.s8041" source="wordnet-bulgarian">
         <wf lemma="Той" pos="X">Той</wf>
         <wf lemma="ми" pos="X">ми</wf>
         <wf lemma="е" pos="X">е</wf>
         <wf lemma="пръв" pos="X">пръв</wf>
         <instance id="d000.s8041.t000" lemma="помощник" pos="NOUN">помощник</instance>
         <wf lemma="." pos="X">.</wf>
      </sentence>
      <sentence id="d000.s8042" source="wordnet-bulgarian">
         <wf lemma="сенколюбиво" pos="X">сенколюбиво</wf>
         <instance id="d000.s8042.t000" lemma="растение" pos="NOUN">растение</instance>
         <wf lemma="." pos="X">.</wf>
      </sentence>
      <sentence id="d000.s8043" source="wordnet-bulgarian">
         <instance id="d000.s8043.t000" lemma="отклонение" pos="NOUN">отклонение</instance>
         <wf lemma="от" pos="X">от</wf>
         <wf lemma="курса" pos="X">курса</wf>
         <wf lemma="." pos="X">.</wf>
      </sentence>
      <sentence id="d000.s8044" source="wordnet-bulgarian">
         <instance id="d000.s8044.t000" lemma="епископ" pos="NOUN">епископ</instance>
         <wf lemma="на" pos="X">на</wf>
         <wf lemma="." pos="X">.</wf>
      </sentence>
      <sentence id="d000.s8045" source="wordnet-bulgarian">
         <instance id="d000.s8045.t000" lemma="хеликоптер" pos="NOUN">Хеликоптерът</instance>
         <wf lemma="летеше" pos="X">летеше</wf>
         <wf lemma="ниско" pos="X">ниско</wf>
         <wf lemma="над" pos="X">над</wf>
         <wf lemma="сградите" pos="X">сградите</wf>
         <wf lemma="." pos="X">.</wf>
      </sentence>
      <sentence id="d000.s8046" source="wordnet-bulgarian">
         <instance id="d000.s8046.t000" lemma="ужилване" pos="NOUN">ужилване</instance>
         <wf lemma="от" pos="X">от</wf>
         <wf lemma="пчела" pos="X">пчела</wf>
         <wf lemma="." pos="X">.</wf>
      </sentence>
      <sentence id="d000.s8047" source="wordnet-bulgarian">
         <wf lemma="подавам" pos="X">подавам</wf>
         <instance id="d000.s8047.t000" lemma="молба" pos="NOUN">молба</instance>
         <wf lemma="до" pos="X">до</wf>
         <wf lemma="." pos="X">.</wf>
      </sentence>
      <sentence id="d000.s8048" source="wordnet-bulgarian">
         <wf lemma="кръстоносен" pos="X">кръстоносен</wf>
         <instance id="d000.s8048.t000" lemma="поход" pos="NOUN">поход</instance>
         <wf lemma="." pos="X">.</wf>
      </sentence>
      <sentence id="d000.s8049" source="wordnet-bulgarian">
         <wf lemma="циркова" pos="X">циркова</wf>
         <instance id="d000.s8049.t000" lemma="трупа" pos="NOUN">трупа</instance>
         <wf lemma="." pos="X">.</wf>
      </sentence>
      <sentence id="d000.s8050" source="wordnet-bulgarian">
         <wf lemma="напразни" pos="X">напразни</wf>
         <instance id="d000.s8050.t000" lemma="надежда" pos="NOUN">надежди</instance>
         <wf lemma="." pos="X">.</wf>
      </sentence>
      <sentence id="d000.s8051" source="wordnet-bulgarian">
         <wf lemma="дреха" pos="X">дреха</wf>
         <wf lemma="по" pos="X">по</wf>
         <instance id="d000.s8051.t000" lemma="тяло" pos="NOUN">тялото</instance>
         <wf lemma="." pos="X">.</wf>
      </sentence>
      <sentence id="d000.s8052" source="wordnet-bulgarian">
         <wf lemma="букет" pos="X">букет</wf>
         <wf lemma="от" pos="X">от</wf>
         <instance id="d000.s8052.t000" lemma="цвете" pos="NOUN">цветя</instance>
         <wf lemma="." pos="X">.</wf>
      </sentence>
      <sentence id="d000.s8053" source="wordnet-bulgarian">
         <wf lemma="Войниците" pos="X">Войниците</wf>
         <wf lemma="се" pos="X">се</wf>
         <wf lemma="строиха" pos="X">строиха</wf>
         <wf lemma="на" pos="X">на</wf>
         <instance id="d000.s8053.t000" lemma="взвод" pos="NOUN">взводове</instance>
         <wf lemma="." pos="X">.</wf>
      </sentence>
      <sentence id="d000.s8054" source="wordnet-bulgarian">
         <wf lemma="пушен" pos="X">пушен</wf>
         <instance id="d000.s8054.t000" lemma="бут" pos="NOUN">бут</instance>
         <wf lemma="." pos="X">.</wf>
      </sentence>
      <sentence id="d000.s8055" source="wordnet-bulgarian">
         <wf lemma="Огледална" pos="X">Огледална</wf>
         <instance id="d000.s8055.t000" lemma="симетрия" pos="NOUN">симетрия</instance>
         <wf lemma="." pos="X">.</wf>
      </sentence>
      <sentence id="d000.s8056" source="wordnet-bulgarian">
         <wf lemma="Едното" pos="X">Едното</wf>
         <instance id="d000.s8056.t000" lemma="крило" pos="NOUN">крило</instance>
         <wf lemma="на" pos="X">на</wf>
         <wf lemma="болницата" pos="X">болницата</wf>
         <wf lemma="беше" pos="X">беше</wf>
         <wf lemma="в" pos="X">в</wf>
         <wf lemma="ремонт" pos="X">ремонт</wf>
         <wf lemma="." pos="X">.</wf>
      </sentence>
      <sentence id="d000.s8057" source="wordnet-bulgarian">
         <wf lemma="картинна" pos="X">картинна</wf>
         <instance id="d000.s8057.t000" lemma="галерия" pos="NOUN">галерия</instance>
         <wf lemma="." pos="X">.</wf>
      </sentence>
      <sentence id="d000.s8058" source="wordnet-bulgarian">
         <wf lemma="повишавам" pos="X">повишавам</wf>
         <instance id="d000.s8058.t000" lemma="тон" pos="NOUN">тон</instance>
         <wf lemma="на" pos="X">на</wf>
         <wf lemma="." pos="X">.</wf>
      </sentence>
      <sentence id="d000.s8059" source="wordnet-bulgarian">
         <wf lemma="От" pos="X">От</wf>
         <wf lemma="сухо" pos="X">сухо</wf>
         <wf lemma="дърво" pos="X">дърво</wf>
         <instance id="d000.s8059.t000" lemma="обръч" pos="NOUN">обръч</instance>
         <wf lemma="не" pos="X">не</wf>
         <wf lemma="става" pos="X">става</wf>
         <wf lemma="." pos="X">.</wf>
      </sentence>
      <sentence id="d000.s8060" source="wordnet-bulgarian">
         <wf lemma="депутатски" pos="X">депутатски</wf>
         <instance id="d000.s8060.t000" lemma="избор" pos="NOUN">избори</instance>
         <wf lemma="." pos="X">.</wf>
      </sentence>
      <sentence id="d000.s8061" source="wordnet-bulgarian">
         <wf lemma="играя" pos="X">играя</wf>
         <wf lemma="с" pos="X">с</wf>
         <instance id="d000.s8061.t000" lemma="играчка" pos="NOUN">играчка</instance>
         <wf lemma="." pos="X">.</wf>
      </sentence>
      <sentence id="d000.s8062" source="wordnet-bulgarian">
         <instance id="d000.s8062.t000" lemma="особеност" pos="NOUN">особености</instance>
         <wf lemma="на" pos="X">на</wf>
         <wf lemma="говора" pos="X">говора</wf>
         <wf lemma="." pos="X">.</wf>
      </sentence>
      <sentence id="d000.s8063" source="wordnet-bulgarian">
         <wf lemma="Кухнята" pos="X">Кухнята</wf>
         <wf lemma="се" pos="X">се</wf>
         <wf lemma="осветява" pos="X">осветява</wf>
         <wf lemma="само" pos="X">само</wf>
         <wf lemma="от" pos="X">от</wf>
         <wf lemma="няколко" pos="X">няколко</wf>
         <instance id="d000.s8063.t000" lemma="крушка" pos="NOUN">крушки</instance>
         <wf lemma="." pos="X">.</wf>
      </sentence>
      <sentence id="d000.s8064" source="wordnet-bulgarian">
         <wf lemma="Вилата" pos="X">Вилата</wf>
         <wf lemma="ми" pos="X">ми</wf>
         <wf lemma="е" pos="X">е</wf>
         <wf lemma="голяма" pos="X">голяма</wf>
         <instance id="d000.s8064.t000" lemma="грижа" pos="NOUN">грижа</instance>
         <wf lemma="." pos="X">.</wf>
      </sentence>
      <sentence id="d000.s8065" source="wordnet-bulgarian">
         <instance id="d000.s8065.t000" lemma="работя" pos="VERB">Работил</instance>
         <wf lemma="ли" pos="X">ли</wf>
         <wf lemma="си" pos="X">си</wf>
         <wf lemma="някога" pos="X">някога</wf>
         <wf lemma="такава" pos="X">такава</wf>
         <wf lemma="работа" pos="X">работа</wf>
         <wf lemma="?" pos="X">?</wf>
      </sentence>
      <sentence id="d000.s8066" source="wordnet-bulgarian">
         <wf lemma="Той" pos="X">Той</wf>
         <wf lemma="вдигна" pos="X">вдигна</wf>
         <wf lemma="малкото" pos="X">малкото</wf>
         <wf lemma="момиченце" pos="X">момиченце</wf>
         <wf lemma="и" pos="X">и</wf>
         <wf lemma="го" pos="X">го</wf>
         <wf lemma="сложи" pos="X">сложи</wf>
         <wf lemma="в" pos="X">в</wf>
         <instance id="d000.s8066.t000" lemma="скут" pos="NOUN">скута</instance>
         <wf lemma="си" pos="X">си</wf>
         <wf lemma="." pos="X">.</wf>
      </sentence>
      <sentence id="d000.s8067" source="wordnet-bulgarian">
         <wf lemma="историческа" pos="X">историческа</wf>
         <instance id="d000.s8067.t000" lemma="правда" pos="NOUN">правда</instance>
         <wf lemma="." pos="X">.</wf>
      </sentence>
      <sentence id="d000.s8068" source="wordnet-bulgarian">
         <wf lemma="Водя" pos="X">Водя</wf>
         <instance id="d000.s8068.t000" lemma="дебат" pos="NOUN">дебати</instance>
         <wf lemma="по" pos="X">по</wf>
         <wf lemma="законопроекта" pos="X">законопроекта</wf>
         <wf lemma="." pos="X">.</wf>
      </sentence>
      <sentence id="d000.s8069" source="wordnet-bulgarian">
         <wf lemma="част" pos="X">част</wf>
         <wf lemma="от" pos="X">от</wf>
         <instance id="d000.s8069.t000" lemma="мазе" pos="NOUN">мазе</instance>
         <wf lemma="." pos="X">.</wf>
      </sentence>
      <sentence id="d000.s8070" source="wordnet-bulgarian">
         <wf lemma="поздравителна" pos="X">поздравителна</wf>
         <instance id="d000.s8070.t000" lemma="картичка" pos="NOUN">картичка</instance>
         <wf lemma="." pos="X">.</wf>
      </sentence>
      <sentence id="d000.s8071" source="wordnet-bulgarian">
         <wf lemma="въоръжен" pos="X">въоръжен</wf>
         <instance id="d000.s8071.t000" lemma="грабеж" pos="NOUN">грабеж</instance>
         <wf lemma="." pos="X">.</wf>
      </sentence>
      <sentence id="d000.s8072" source="wordnet-bulgarian">
         <wf lemma="начално" pos="X">начално</wf>
         <instance id="d000.s8072.t000" lemma="образование" pos="NOUN">образование</instance>
         <wf lemma="." pos="X">.</wf>
      </sentence>
      <sentence id="d000.s8073" source="wordnet-bulgarian">
         <wf lemma="има" pos="X">има</wf>
         <instance id="d000.s8073.t000" lemma="предназначение" pos="NOUN">предназначение</instance>
         <wf lemma="за" pos="X">за</wf>
         <wf lemma="." pos="X">.</wf>
      </sentence>
      <sentence id="d000.s8074" source="wordnet-bulgarian">
         <wf lemma="Първо" pos="X">Първо</wf>
         <wf lemma="издигнах" pos="X">издигнах</wf>
         <instance id="d000.s8074.t000" lemma="ограда" pos="NOUN">оградата</instance>
         <wf lemma=",а" pos="X">,а</wf>
         <wf lemma="после" pos="X">после</wf>
         <wf lemma="ще" pos="X">ще</wf>
         <wf lemma="строя" pos="X">строя</wf>
         <wf lemma="къщата" pos="X">къщата</wf>
         <wf lemma="." pos="X">.</wf>
      </sentence>
      <sentence id="d000.s8075" source="wordnet-bulgarian">
         <instance id="d000.s8075.t000" lemma="гълтам" pos="VERB">Гълтах</instance>
         <wf lemma="бързо" pos="X">бързо</wf>
         <wf lemma="топлата" pos="X">топлата</wf>
         <wf lemma="храна" pos="X">храна</wf>
         <wf lemma="." pos="X">.</wf>
      </sentence>
      <sentence id="d000.s8076" source="wordnet-bulgarian">
         <wf lemma="ръчна" pos="X">ръчна</wf>
         <instance id="d000.s8076.t000" lemma="помпа" pos="NOUN">помпа</instance>
         <wf lemma="." pos="X">.</wf>
      </sentence>
      <sentence id="d000.s8077" source="wordnet-bulgarian">
         <instance id="d000.s8077.t000" lemma="частица" pos="NOUN">частица</instance>
         <wf lemma="прах" pos="X">прах</wf>
         <wf lemma="." pos="X">.</wf>
      </sentence>
      <sentence id="d000.s8078" source="wordnet-bulgarian">
         <instance id="d000.s8078.t000" lemma="състояние" pos="NOUN">състояние</instance>
         <wf lemma="на" pos="X">на</wf>
         <wf lemma="духа" pos="X">духа</wf>
         <wf lemma="." pos="X">.</wf>
      </sentence>
      <sentence id="d000.s8079" source="wordnet-bulgarian">
         <wf lemma="неприкосновен" pos="X">неприкосновен</wf>
         <instance id="d000.s8079.t000" lemma="запас" pos="NOUN">запас</instance>
         <wf lemma="." pos="X">.</wf>
      </sentence>
      <sentence id="d000.s8080" source="wordnet-bulgarian">
         <wf lemma="кратко" pos="X">кратко</wf>
         <instance id="d000.s8080.t000" lemma="интервю" pos="NOUN">интервю</instance>
         <wf lemma="." pos="X">.</wf>
      </sentence>
      <sentence id="d000.s8081" source="wordnet-bulgarian">
         <wf lemma="перфорирам" pos="X">перфорирам</wf>
         <instance id="d000.s8081.t000" lemma="билет" pos="NOUN">билет</instance>
         <wf lemma="." pos="X">.</wf>
      </sentence>
      <sentence id="d000.s8082" source="wordnet-bulgarian">
         <wf lemma="минерална" pos="X">минерална</wf>
         <instance id="d000.s8082.t000" lemma="вода" pos="NOUN">вода</instance>
         <wf lemma="." pos="X">.</wf>
      </sentence>
      <sentence id="d000.s8083" source="wordnet-bulgarian">
         <instance id="d000.s8083.t000" lemma="остров" pos="NOUN">Островът</instance>
         <wf lemma="беше" pos="X">беше</wf>
         <wf lemma="слабо" pos="X">слабо</wf>
         <wf lemma="населен" pos="X">населен</wf>
         <wf lemma="и" pos="X">и</wf>
         <wf lemma="покрит" pos="X">покрит</wf>
         <wf lemma="с" pos="X">с</wf>
         <wf lemma="буйна" pos="X">буйна</wf>
         <wf lemma="растителност" pos="X">растителност</wf>
         <wf lemma="." pos="X">.</wf>
      </sentence>
      <sentence id="d000.s8084" source="wordnet-bulgarian">
         <instance id="d000.s8084.t000" lemma="гостуване" pos="NOUN">гостуване</instance>
         <wf lemma="при" pos="X">при</wf>
         <wf lemma="роднини" pos="X">роднини</wf>
         <wf lemma="." pos="X">.</wf>
      </sentence>
      <sentence id="d000.s8085" source="wordnet-bulgarian">
         <wf lemma="Кой" pos="X">Кой</wf>
         <wf lemma="е" pos="X">е</wf>
         <instance id="d000.s8085.t000" lemma="водач" pos="NOUN">водачът</instance>
         <wf lemma="?" pos="X">?</wf>
      </sentence>
      <sentence id="d000.s8086" source="wordnet-bulgarian">
         <wf lemma="вход" pos="X">вход</wf>
         <wf lemma="и" pos="X">и</wf>
         <instance id="d000.s8086.t000" lemma="изход" pos="NOUN">изход</instance>
         <wf lemma="." pos="X">.</wf>
      </sentence>
      <sentence id="d000.s8087" source="wordnet-bulgarian">
         <wf lemma="малка" pos="X">малка</wf>
         <instance id="d000.s8087.t000" lemma="цепнатина" pos="NOUN">цепнатина</instance>
         <wf lemma="." pos="X">.</wf>
      </sentence>
      <sentence id="d000.s8088" source="wordnet-bulgarian">
         <wf lemma="При" pos="X">При</wf>
         <wf lemma="тях" pos="X">тях</wf>
         <wf lemma="насилието" pos="X">насилието</wf>
         <wf lemma="беше" pos="X">беше</wf>
         <instance id="d000.s8088.t000" lemma="правило" pos="NOUN">правило</instance>
         <wf lemma="," pos="X">,</wf>
         <wf lemma="а" pos="X">а</wf>
         <wf lemma="не" pos="X">не</wf>
         <wf lemma="изключение" pos="X">изключение</wf>
         <wf lemma="." pos="X">.</wf>
      </sentence>
      <sentence id="d000.s8089" source="wordnet-bulgarian">
         <wf lemma="През" pos="X">През</wf>
         <wf lemma="зимата" pos="X">зимата</wf>
         <wf lemma="вали" pos="X">вали</wf>
         <instance id="d000.s8089.t000" lemma="сняг" pos="NOUN">сняг</instance>
         <wf lemma="." pos="X">.</wf>
      </sentence>
      <sentence id="d000.s8090" source="wordnet-bulgarian">
         <wf lemma="остра" pos="X">остра</wf>
         <instance id="d000.s8090.t000" lemma="болка" pos="NOUN">болка</instance>
         <wf lemma="." pos="X">.</wf>
      </sentence>
      <sentence id="d000.s8091" source="wordnet-bulgarian">
         <wf lemma="нещата" pos="X">нещата</wf>
         <wf lemma="вземат" pos="X">вземат</wf>
         <wf lemma="лош" pos="X">лош</wf>
         <instance id="d000.s8091.t000" lemma="обрат" pos="NOUN">обрат</instance>
         <wf lemma="." pos="X">.</wf>
      </sentence>
      <sentence id="d000.s8092" source="wordnet-bulgarian">
         <wf lemma="на" pos="X">на</wf>
         <wf lemma="косъм" pos="X">косъм</wf>
         <wf lemma="от" pos="X">от</wf>
         <instance id="d000.s8092.t000" lemma="смърт" pos="NOUN">смъртта</instance>
         <wf lemma="." pos="X">.</wf>
      </sentence>
      <sentence id="d000.s8093" source="wordnet-bulgarian">
         <wf lemma="Обичам" pos="X">Обичам</wf>
         <instance id="d000.s8093.t000" lemma="хляб" pos="NOUN">хляб</instance>
         <wf lemma="с" pos="X">с</wf>
         <wf lemma="масло" pos="X">масло</wf>
         <wf lemma="." pos="X">.</wf>
      </sentence>
      <sentence id="d000.s8094" source="wordnet-bulgarian">
         <wf lemma="растителна" pos="X">растителна</wf>
         <instance id="d000.s8094.t000" lemma="защита" pos="NOUN">защита</instance>
         <wf lemma="." pos="X">.</wf>
      </sentence>
      <sentence id="d000.s8095" source="wordnet-bulgarian">
         <instance id="d000.s8095.t000" lemma="жилище" pos="NOUN">жилище</instance>
         <wf lemma="в" pos="X">в</wf>
         <wf lemma="центъра" pos="X">центъра</wf>
         <wf lemma="на" pos="X">на</wf>
         <wf lemma="града" pos="X">града</wf>
         <wf lemma="." pos="X">.</wf>
      </sentence>
      <sentence id="d000.s8096" source="wordnet-bulgarian">
         <instance id="d000.s8096.t000" lemma="експерт" pos="NOUN">експерт</instance>
         <wf lemma="по." pos="X">по.</wf>
      </sentence>
      <sentence id="d000.s8097" source="wordnet-bulgarian">
         <wf lemma="лоша" pos="X">лоша</wf>
         <instance id="d000.s8097.t000" lemma="подредба" pos="NOUN">подредба</instance>
         <wf lemma="на" pos="X">на</wf>
         <wf lemma="мебели" pos="X">мебели</wf>
         <wf lemma="." pos="X">.</wf>
      </sentence>
      <sentence id="d000.s8098" source="wordnet-bulgarian">
         <wf lemma="Тя" pos="X">Тя</wf>
         <wf lemma="държи" pos="X">държи</wf>
         <instance id="d000.s8098.t000" lemma="бебе" pos="NOUN">бебето</instance>
         <wf lemma="на" pos="X">на</wf>
         <wf lemma="ръце" pos="X">ръце</wf>
         <wf lemma="." pos="X">.</wf>
      </sentence>
      <sentence id="d000.s8099" source="wordnet-bulgarian">
         <wf lemma="мръсни" pos="X">мръсни</wf>
         <instance id="d000.s8099.t000" lemma="пара" pos="NOUN">пари</instance>
         <wf lemma="." pos="X">.</wf>
      </sentence>
      <sentence id="d000.s8100" source="wordnet-bulgarian">
         <instance id="d000.s8100.t000" lemma="списък" pos="NOUN">Списък</instance>
         <wf lemma="на" pos="X">на</wf>
         <wf lemma="жителите" pos="X">жителите</wf>
         <wf lemma="." pos="X">.</wf>
      </sentence>
      <sentence id="d000.s8101" source="wordnet-bulgarian">
         <wf lemma="заглавна" pos="X">заглавна</wf>
         <instance id="d000.s8101.t000" lemma="страница" pos="NOUN">страница</instance>
         <wf lemma="." pos="X">.</wf>
      </sentence>
      <sentence id="d000.s8102" source="wordnet-bulgarian">
         <wf lemma="двуглав" pos="X">двуглав</wf>
         <instance id="d000.s8102.t000" lemma="мускул" pos="NOUN">мускул</instance>
         <wf lemma="." pos="X">.</wf>
      </sentence>
      <sentence id="d000.s8103" source="wordnet-bulgarian">
         <wf lemma="правя" pos="X">правя</wf>
         <instance id="d000.s8103.t000" lemma="подарък" pos="NOUN">подарък</instance>
         <wf lemma="." pos="X">.</wf>
      </sentence>
      <sentence id="d000.s8104" source="wordnet-bulgarian">
         <instance id="d000.s8104.t000" lemma="ограничение" pos="NOUN">Ограничения</instance>
         <wf lemma="," pos="X">,</wf>
         <wf lemma="наложени" pos="X">наложени</wf>
         <wf lemma="върху" pos="X">върху</wf>
         <wf lemma="вноса" pos="X">вноса</wf>
         <wf lemma="." pos="X">.</wf>
      </sentence>
      <sentence id="d000.s8105" source="wordnet-bulgarian">
         <wf lemma="Учителката" pos="X">Учителката</wf>
         <instance id="d000.s8105.t000" lemma="диктувам" pos="VERB">диктува</instance>
         <wf lemma="диктовка" pos="X">диктовка</wf>
         <wf lemma="на" pos="X">на</wf>
         <wf lemma="учениците" pos="X">учениците</wf>
         <wf lemma="." pos="X">.</wf>
      </sentence>
      <sentence id="d000.s8106" source="wordnet-bulgarian">
         <wf lemma="Тя" pos="X">Тя</wf>
         <instance id="d000.s8106.t000" lemma="готвя" pos="VERB">готви</instance>
         <wf lemma="много" pos="X">много</wf>
         <wf lemma="вкусно" pos="X">вкусно</wf>
         <wf lemma="." pos="X">.</wf>
      </sentence>
      <sentence id="d000.s8107" source="wordnet-bulgarian">
         <instance id="d000.s8107.t000" lemma="игрище" pos="NOUN">игрище</instance>
         <wf lemma="за" pos="X">за</wf>
         <wf lemma="тенис" pos="X">тенис</wf>
         <wf lemma="." pos="X">.</wf>
      </sentence>
      <sentence id="d000.s8108" source="wordnet-bulgarian">
         <wf lemma="главен" pos="X">главен</wf>
         <instance id="d000.s8108.t000" lemma="изход" pos="NOUN">изход</instance>
         <wf lemma="." pos="X">.</wf>
      </sentence>
      <sentence id="d000.s8109" source="wordnet-bulgarian">
         <wf lemma="изгубвам" pos="X">изгубвам</wf>
         <instance id="d000.s8109.t000" lemma="съзнание" pos="NOUN">съзнание</instance>
         <wf lemma="." pos="X">.</wf>
      </sentence>
      <sentence id="d000.s8110" source="wordnet-bulgarian">
         <wf lemma="Южен" pos="X">Южен</wf>
         <instance id="d000.s8110.t000" lemma="полюс" pos="NOUN">полюс</instance>
         <wf lemma="." pos="X">.</wf>
      </sentence>
      <sentence id="d000.s8111" source="wordnet-bulgarian">
         <wf lemma="байпас" pos="X">байпас</wf>
         <wf lemma="на" pos="X">на</wf>
         <instance id="d000.s8111.t000" lemma="сърце" pos="NOUN">сърцето</instance>
         <wf lemma="." pos="X">.</wf>
      </sentence>
      <sentence id="d000.s8112" source="wordnet-bulgarian">
         <wf lemma="признат" pos="X">признат</wf>
         <instance id="d000.s8112.t000" lemma="грях" pos="NOUN">грях</instance>
         <wf lemma="не" pos="X">не</wf>
         <wf lemma="е" pos="X">е</wf>
         <wf lemma="грах" pos="X">грах</wf>
         <wf lemma="." pos="X">.</wf>
      </sentence>
      <sentence id="d000.s8113" source="wordnet-bulgarian">
         <wf lemma="слаб" pos="X">слаб</wf>
         <instance id="d000.s8113.t000" lemma="огън" pos="NOUN">огън</instance>
         <wf lemma="." pos="X">.</wf>
      </sentence>
      <sentence id="d000.s8114" source="wordnet-bulgarian">
         <wf lemma="момиченце" pos="X">момиченце</wf>
         <wf lemma="с" pos="X">с</wf>
         <instance id="d000.s8114.t000" lemma="панделка" pos="NOUN">панделка</instance>
         <wf lemma="." pos="X">.</wf>
      </sentence>
      <sentence id="d000.s8115" source="wordnet-bulgarian">
         <wf lemma="последна" pos="X">последна</wf>
         <instance id="d000.s8115.t000" lemma="реколта" pos="NOUN">реколта</instance>
         <wf lemma="." pos="X">.</wf>
      </sentence>
      <sentence id="d000.s8116" source="wordnet-bulgarian">
         <wf lemma="краен" pos="X">краен</wf>
         <instance id="d000.s8116.t000" lemma="резултат" pos="NOUN">резултат</instance>
         <wf lemma="." pos="X">.</wf>
      </sentence>
      <sentence id="d000.s8117" source="wordnet-bulgarian">
         <wf lemma="нямам" pos="X">нямам</wf>
         <wf lemma="вярна" pos="X">вярна</wf>
         <instance id="d000.s8117.t000" lemma="представа" pos="NOUN">представа</instance>
         <wf lemma="за" pos="X">за</wf>
         <wf lemma="." pos="X">.</wf>
      </sentence>
      <sentence id="d000.s8118" source="wordnet-bulgarian">
         <instance id="d000.s8118.t000" lemma="таблица" pos="NOUN">таблица</instance>
         <wf lemma="за" pos="X">за</wf>
         <wf lemma="умножение" pos="X">умножение</wf>
         <wf lemma="." pos="X">.</wf>
      </sentence>
      <sentence id="d000.s8119" source="wordnet-bulgarian">
         <wf lemma="Билет" pos="X">Билет</wf>
         <wf lemma="за" pos="X">за</wf>
         <wf lemma="място" pos="X">място</wf>
         <wf lemma="на" pos="X">на</wf>
         <wf lemma="втория" pos="X">втория</wf>
         <instance id="d000.s8119.t000" lemma="ред" pos="NOUN">ред</instance>
         <wf lemma="." pos="X">.</wf>
      </sentence>
      <sentence id="d000.s8120" source="wordnet-bulgarian">
         <wf lemma="тежък" pos="X">тежък</wf>
         <instance id="d000.s8120.t000" lemma="труд" pos="NOUN">труд</instance>
         <wf lemma="." pos="X">.</wf>
      </sentence>
      <sentence id="d000.s8121" source="wordnet-bulgarian">
         <wf lemma="интересно" pos="X">интересно</wf>
         <instance id="d000.s8121.t000" lemma="изказване" pos="NOUN">изказване</instance>
         <wf lemma="." pos="X">.</wf>
      </sentence>
      <sentence id="d000.s8122" source="wordnet-bulgarian">
         <wf lemma="борба" pos="X">борба</wf>
         <wf lemma="с" pos="X">с</wf>
         <instance id="d000.s8122.t000" lemma="ерозия" pos="NOUN">ерозията</instance>
         <wf lemma="." pos="X">.</wf>
      </sentence>
      <sentence id="d000.s8123" source="wordnet-bulgarian">
         <wf lemma="под" pos="X">под</wf>
         <instance id="d000.s8123.t000" lemma="водачество" pos="NOUN">водачеството</instance>
         <wf lemma="на" pos="X">на</wf>
         <wf lemma="." pos="X">.</wf>
      </sentence>
      <sentence id="d000.s8124" source="wordnet-bulgarian">
         <wf lemma="с" pos="X">с</wf>
         <wf lemma="ловък" pos="X">ловък</wf>
         <instance id="d000.s8124.t000" lemma="жест" pos="NOUN">жест</instance>
         <wf lemma="." pos="X">.</wf>
      </sentence>
      <sentence id="d000.s8125" source="wordnet-bulgarian">
         <wf lemma="каня" pos="X">каня</wf>
         <instance id="d000.s8125.t000" lemma="гост" pos="NOUN">гости</instance>
         <wf lemma="." pos="X">.</wf>
      </sentence>
      <sentence id="d000.s8126" source="wordnet-bulgarian">
         <wf lemma="заледен" pos="X">заледен</wf>
         <instance id="d000.s8126.t000" lemma="път" pos="NOUN">път</instance>
         <wf lemma="." pos="X">.</wf>
      </sentence>
      <sentence id="d000.s8127" source="wordnet-bulgarian">
         <wf lemma="изпитвам" pos="X">изпитвам</wf>
         <instance id="d000.s8127.t000" lemma="задоволство" pos="NOUN">задоволство</instance>
         <wf lemma="." pos="X">.</wf>
      </sentence>
      <sentence id="d000.s8128" source="wordnet-bulgarian">
         <wf lemma="умствен" pos="X">умствен</wf>
         <instance id="d000.s8128.t000" lemma="труд" pos="NOUN">труд</instance>
         <wf lemma="." pos="X">.</wf>
      </sentence>
      <sentence id="d000.s8129" source="wordnet-bulgarian">
         <instance id="d000.s8129.t000" lemma="процедура" pos="NOUN">процедура</instance>
         <wf lemma="за" pos="X">за</wf>
         <wf lemma="избор" pos="X">избор</wf>
         <wf lemma="на" pos="X">на</wf>
         <wf lemma="." pos="X">.</wf>
      </sentence>
      <sentence id="d000.s8130" source="wordnet-bulgarian">
         <wf lemma="остър" pos="X">остър</wf>
         <instance id="d000.s8130.t000" lemma="клюн" pos="NOUN">клюн</instance>
         <wf lemma="." pos="X">.</wf>
      </sentence>
      <sentence id="d000.s8131" source="wordnet-bulgarian">
         <wf lemma="Нобелова" pos="X">Нобелова</wf>
         <instance id="d000.s8131.t000" lemma="награда" pos="NOUN">награда</instance>
         <wf lemma="." pos="X">.</wf>
      </sentence>
      <sentence id="d000.s8132" source="wordnet-bulgarian">
         <instance id="d000.s8132.t000" lemma="мистерия" pos="NOUN">Мистерията</instance>
         <wf lemma="остана" pos="X">остана</wf>
         <wf lemma="неразгадана" pos="X">неразгадана</wf>
         <wf lemma="." pos="X">.</wf>
      </sentence>
      <sentence id="d000.s8133" source="wordnet-bulgarian">
         <instance id="d000.s8133.t000" lemma="подредба" pos="NOUN">подредба</instance>
         <wf lemma="на" pos="X">на</wf>
         <wf lemma="витрина" pos="X">витрина</wf>
         <wf lemma="." pos="X">.</wf>
      </sentence>
      <sentence id="d000.s8134" source="wordnet-bulgarian">
         <wf lemma="химическа" pos="X">химическа</wf>
         <instance id="d000.s8134.t000" lemma="лаборатория" pos="NOUN">лаборатория</instance>
         <wf lemma="." pos="X">.</wf>
      </sentence>
      <sentence id="d000.s8135" source="wordnet-bulgarian">
         <wf lemma="научен" pos="X">научен</wf>
         <instance id="d000.s8135.t000" lemma="спор" pos="NOUN">спор</instance>
         <wf lemma="." pos="X">.</wf>
      </sentence>
      <sentence id="d000.s8136" source="wordnet-bulgarian">
         <wf lemma="невалиден" pos="X">невалиден</wf>
         <instance id="d000.s8136.t000" lemma="паспорт" pos="NOUN">паспорт</instance>
         <wf lemma="." pos="X">.</wf>
      </sentence>
      <sentence id="d000.s8137" source="wordnet-bulgarian">
         <wf lemma="дарявам" pos="X">дарявам</wf>
         <instance id="d000.s8137.t000" lemma="кръв" pos="NOUN">кръв</instance>
         <wf lemma="." pos="X">.</wf>
      </sentence>
      <sentence id="d000.s8138" source="wordnet-bulgarian">
         <wf lemma="тоталитарна" pos="X">тоталитарна</wf>
         <instance id="d000.s8138.t000" lemma="власт" pos="NOUN">власт</instance>
         <wf lemma="." pos="X">.</wf>
      </sentence>
      <sentence id="d000.s8139" source="wordnet-bulgarian">
         <wf lemma="индустриален" pos="X">индустриален</wf>
         <instance id="d000.s8139.t000" lemma="резерв" pos="NOUN">резерв</instance>
         <wf lemma="." pos="X">.</wf>
      </sentence>
      <sentence id="d000.s8140" source="wordnet-bulgarian">
         <wf lemma="закътано" pos="X">закътано</wf>
         <instance id="d000.s8140.t000" lemma="място" pos="NOUN">място</instance>
         <wf lemma="." pos="X">.</wf>
      </sentence>
      <sentence id="d000.s8141" source="wordnet-bulgarian">
         <wf lemma="отровни" pos="X">отровни</wf>
         <instance id="d000.s8141.t000" lemma="растение" pos="NOUN">растения</instance>
         <wf lemma="." pos="X">.</wf>
      </sentence>
      <sentence id="d000.s8142" source="wordnet-bulgarian">
         <wf lemma="забележителен" pos="X">забележителен</wf>
         <instance id="d000.s8142.t000" lemma="успех" pos="NOUN">успех</instance>
         <wf lemma="." pos="X">.</wf>
      </sentence>
      <sentence id="d000.s8143" source="wordnet-bulgarian">
         <instance id="d000.s8143.t000" lemma="перфорирам" pos="VERB">перфорирам</instance>
         <wf lemma="хартия" pos="X">хартия</wf>
         <wf lemma="." pos="X">.</wf>
      </sentence>
      <sentence id="d000.s8144" source="wordnet-bulgarian">
         <wf lemma="голям" pos="X">голям</wf>
         <instance id="d000.s8144.t000" lemma="хладилник" pos="NOUN">хладилник</instance>
         <wf lemma="." pos="X">.</wf>
      </sentence>
      <sentence id="d000.s8145" source="wordnet-bulgarian">
         <wf lemma="участвам" pos="X">участвам</wf>
         <wf lemma="в" pos="X">в</wf>
         <instance id="d000.s8145.t000" lemma="карнавал" pos="NOUN">карнавал</instance>
         <wf lemma="." pos="X">.</wf>
      </sentence>
      <sentence id="d000.s8146" source="wordnet-bulgarian">
         <wf lemma="символичен" pos="X">символичен</wf>
         <instance id="d000.s8146.t000" lemma="наем" pos="NOUN">наем</instance>
         <wf lemma="." pos="X">.</wf>
      </sentence>
      <sentence id="d000.s8147" source="wordnet-bulgarian">
         <wf lemma="ясно" pos="X">ясно</wf>
         <instance id="d000.s8147.t000" lemma="време" pos="NOUN">време</instance>
         <wf lemma="." pos="X">.</wf>
      </sentence>
      <sentence id="d000.s8148" source="wordnet-bulgarian">
         <wf lemma="давам" pos="X">давам</wf>
         <instance id="d000.s8148.t000" lemma="бакшиш" pos="NOUN">бакшиш</instance>
         <wf lemma="." pos="X">.</wf>
      </sentence>
      <sentence id="d000.s8149" source="wordnet-bulgarian">
         <wf lemma="голи" pos="X">голи</wf>
         <instance id="d000.s8149.t000" lemma="факт" pos="NOUN">факти</instance>
         <wf lemma="." pos="X">.</wf>
      </sentence>
      <sentence id="d000.s8150" source="wordnet-bulgarian">
         <wf lemma="горчиво" pos="X">горчиво</wf>
         <instance id="d000.s8150.t000" lemma="лекарство" pos="NOUN">лекарство</instance>
         <wf lemma="." pos="X">.</wf>
      </sentence>
      <sentence id="d000.s8151" source="wordnet-bulgarian">
         <wf lemma="едра" pos="X">едра</wf>
         <instance id="d000.s8151.t000" lemma="пила" pos="NOUN">пила</instance>
         <wf lemma="." pos="X">.</wf>
      </sentence>
      <sentence id="d000.s8152" source="wordnet-bulgarian">
         <wf lemma="продажна" pos="X">продажна</wf>
         <instance id="d000.s8152.t000" lemma="цена" pos="NOUN">цена</instance>
         <wf lemma="." pos="X">.</wf>
      </sentence>
      <sentence id="d000.s8153" source="wordnet-bulgarian">
         <wf lemma="участвам" pos="X">участвам</wf>
         <wf lemma="в" pos="X">в</wf>
         <instance id="d000.s8153.t000" lemma="митинг" pos="NOUN">митинг</instance>
         <wf lemma="." pos="X">.</wf>
      </sentence>
      <sentence id="d000.s8154" source="wordnet-bulgarian">
         <wf lemma="вадя" pos="X">вадя</wf>
         <wf lemma="от" pos="X">от</wf>
         <instance id="d000.s8154.t000" lemma="хладилник" pos="NOUN">хладилника</instance>
         <wf lemma="." pos="X">.</wf>
      </sentence>
      <sentence id="d000.s8155" source="wordnet-bulgarian">
         <wf lemma="слагам" pos="X">слагам</wf>
         <instance id="d000.s8155.t000" lemma="перде" pos="NOUN">перде</instance>
         <wf lemma="." pos="X">.</wf>
      </sentence>
      <sentence id="d000.s8156" source="wordnet-bulgarian">
         <wf lemma="ставам" pos="X">ставам</wf>
         <instance id="d000.s8156.t000" lemma="жертва" pos="NOUN">жертва</instance>
         <wf lemma="на" pos="X">на</wf>
         <wf lemma="." pos="X">.</wf>
      </sentence>
      <sentence id="d000.s8157" source="wordnet-bulgarian">
         <wf lemma="качествена" pos="X">качествена</wf>
         <instance id="d000.s8157.t000" lemma="стока" pos="NOUN">стока</instance>
         <wf lemma="." pos="X">.</wf>
      </sentence>
      <sentence id="d000.s8158" source="wordnet-bulgarian">
         <wf lemma="етичен" pos="X">етичен</wf>
         <instance id="d000.s8158.t000" lemma="дълг" pos="NOUN">дълг</instance>
         <wf lemma="." pos="X">.</wf>
      </sentence>
      <sentence id="d000.s8159" source="wordnet-bulgarian">
         <instance id="d000.s8159.t000" lemma="пръст" pos="NOUN">пръсти</instance>
         <wf lemma="на" pos="X">на</wf>
         <wf lemma="ръката" pos="X">ръката</wf>
         <wf lemma="." pos="X">.</wf>
      </sentence>
      <sentence id="d000.s8160" source="wordnet-bulgarian">
         <instance id="d000.s8160.t000" lemma="покана" pos="NOUN">покана</instance>
         <wf lemma="за" pos="X">за</wf>
         <wf lemma="обяд" pos="X">обяд</wf>
         <wf lemma="." pos="X">.</wf>
      </sentence>
      <sentence id="d000.s8161" source="wordnet-bulgarian">
         <wf lemma="с" pos="X">с</wf>
         <instance id="d000.s8161.t000" lemma="час" pos="NOUN">часове</instance>
         <wf lemma="." pos="X">.</wf>
      </sentence>
      <sentence id="d000.s8162" source="wordnet-bulgarian">
         <instance id="d000.s8162.t000" lemma="двойка" pos="NOUN">двойки</instance>
         <wf lemma="патрули" pos="X">патрули</wf>
         <wf lemma="." pos="X">.</wf>
      </sentence>
      <sentence id="d000.s8163" source="wordnet-bulgarian">
         <instance id="d000.s8163.t000" lemma="узаконя" pos="VERB">Узакониха</instance>
         <wf lemma="еднополовите" pos="X">еднополовите</wf>
         <wf lemma="сватби" pos="X">сватби</wf>
         <wf lemma="във" pos="X">във</wf>
         <wf lemma="Франция" pos="X">Франция</wf>
         <wf lemma="." pos="X">.</wf>
      </sentence>
      <sentence id="d000.s8164" source="wordnet-bulgarian">
         <wf lemma="Променлив" pos="X">Променлив</wf>
         <instance id="d000.s8164.t000" lemma="ток" pos="NOUN">ток</instance>
         <wf lemma="." pos="X">.</wf>
      </sentence>
      <sentence id="d000.s8165" source="wordnet-bulgarian">
         <wf lemma="напрегната" pos="X">напрегната</wf>
         <instance id="d000.s8165.t000" lemma="обстановка" pos="NOUN">обстановка</instance>
         <wf lemma="." pos="X">.</wf>
      </sentence>
      <sentence id="d000.s8166" source="wordnet-bulgarian">
         <wf lemma="джобен" pos="X">джобен</wf>
         <instance id="d000.s8166.t000" lemma="часовник" pos="NOUN">часовник</instance>
         <wf lemma="." pos="X">.</wf>
      </sentence>
      <sentence id="d000.s8167" source="wordnet-bulgarian">
         <wf lemma="парламентари" pos="X">парламентари</wf>
         <instance id="d000.s8167.t000" lemma="избор" pos="NOUN">избори</instance>
         <wf lemma="." pos="X">.</wf>
      </sentence>
      <sentence id="d000.s8168" source="wordnet-bulgarian">
         <wf lemma="Щом" pos="X">Щом</wf>
         <wf lemma="се" pos="X">се</wf>
         <wf lemma="усмихна" pos="X">усмихна</wf>
         <wf lemma="," pos="X">,</wf>
         <wf lemma="тя" pos="X">тя</wf>
         <wf lemma="видя" pos="X">видя</wf>
         <wf lemma="седефения" pos="X">седефения</wf>
         <instance id="d000.s8168.t000" lemma="блясък" pos="NOUN">блясък</instance>
         <wf lemma="на" pos="X">на</wf>
         <wf lemma="белите" pos="X">белите</wf>
         <wf lemma="му" pos="X">му</wf>
         <wf lemma="зъби" pos="X">зъби</wf>
         <wf lemma="." pos="X">.</wf>
      </sentence>
      <sentence id="d000.s8169" source="wordnet-bulgarian">
         <wf lemma="стайно" pos="X">стайно</wf>
         <instance id="d000.s8169.t000" lemma="растение" pos="NOUN">растение</instance>
         <wf lemma="." pos="X">.</wf>
      </sentence>
      <sentence id="d000.s8170" source="wordnet-bulgarian">
         <wf lemma="увеличавам" pos="X">увеличавам</wf>
         <instance id="d000.s8170.t000" lemma="персонал" pos="NOUN">персонала</instance>
         <wf lemma="." pos="X">.</wf>
      </sentence>
      <sentence id="d000.s8171" source="wordnet-bulgarian">
         <wf lemma="типов" pos="X">типов</wf>
         <instance id="d000.s8171.t000" lemma="хляб" pos="NOUN">хляб</instance>
         <wf lemma="." pos="X">.</wf>
      </sentence>
      <sentence id="d000.s8172" source="wordnet-bulgarian">
         <wf lemma="изписани" pos="X">изписани</wf>
         <instance id="d000.s8172.t000" lemma="вежда" pos="NOUN">вежди</instance>
         <wf lemma="." pos="X">.</wf>
      </sentence>
      <sentence id="d000.s8173" source="wordnet-bulgarian">
         <wf lemma="преходно" pos="X">преходно</wf>
         <instance id="d000.s8173.t000" lemma="въздействие" pos="NOUN">въздействие</instance>
         <wf lemma="." pos="X">.</wf>
      </sentence>
      <sentence id="d000.s8174" source="wordnet-bulgarian">
         <wf lemma="едногодишни" pos="X">едногодишни</wf>
         <instance id="d000.s8174.t000" lemma="растение" pos="NOUN">растения</instance>
         <wf lemma="." pos="X">.</wf>
      </sentence>
      <sentence id="d000.s8175" source="wordnet-bulgarian">
         <wf lemma="социална" pos="X">социална</wf>
         <instance id="d000.s8175.t000" lemma="справедливост" pos="NOUN">справедливост</instance>
         <wf lemma="." pos="X">.</wf>
      </sentence>
      <sentence id="d000.s8176" source="wordnet-bulgarian">
         <wf lemma="През" pos="X">През</wf>
         <wf lemma="първата" pos="X">първата</wf>
         <instance id="d000.s8176.t000" lemma="половина" pos="NOUN">половина</instance>
         <wf lemma="на" pos="X">на</wf>
         <wf lemma="месеца" pos="X">месеца</wf>
         <wf lemma="времето" pos="X">времето</wf>
         <wf lemma="беше" pos="X">беше</wf>
         <wf lemma="дъждовно" pos="X">дъждовно</wf>
         <wf lemma="." pos="X">.</wf>
      </sentence>
      <sentence id="d000.s8177" source="wordnet-bulgarian">
         <wf lemma="Китай" pos="X">Китай</wf>
         <wf lemma="има" pos="X">има</wf>
         <wf lemma="много" pos="X">много</wf>
         <instance id="d000.s8177.t000" lemma="лагер" pos="NOUN">лагери</instance>
         <wf lemma="за" pos="X">за</wf>
         <wf lemma="политически" pos="X">политически</wf>
         <wf lemma="затворници" pos="X">затворници</wf>
         <wf lemma="." pos="X">.</wf>
      </sentence>
      <sentence id="d000.s8178" source="wordnet-bulgarian">
         <wf lemma="правя" pos="X">правя</wf>
         <instance id="d000.s8178.t000" lemma="завещание" pos="NOUN">завещание</instance>
         <wf lemma="." pos="X">.</wf>
      </sentence>
      <sentence id="d000.s8179" source="wordnet-bulgarian">
         <wf lemma="хранителен" pos="X">хранителен</wf>
         <instance id="d000.s8179.t000" lemma="продукт" pos="NOUN">продукт</instance>
         <wf lemma="." pos="X">.</wf>
      </sentence>
      <sentence id="d000.s8180" source="wordnet-bulgarian">
         <instance id="d000.s8180.t000" lemma="тичам" pos="VERB">тичам</instance>
         <wf lemma="като" pos="X">като</wf>
         <wf lemma="луд" pos="X">луд</wf>
         <wf lemma="." pos="X">.</wf>
      </sentence>
      <sentence id="d000.s8181" source="wordnet-bulgarian">
         <wf lemma="жизнерадостна" pos="X">жизнерадостна</wf>
         <instance id="d000.s8181.t000" lemma="усмивка" pos="NOUN">усмивка</instance>
         <wf lemma="." pos="X">.</wf>
      </sentence>
      <sentence id="d000.s8182" source="wordnet-bulgarian">
         <wf lemma="има" pos="X">има</wf>
         <wf lemma="лоша" pos="X">лоша</wf>
         <instance id="d000.s8182.t000" lemma="репутация" pos="NOUN">репутация</instance>
         <wf lemma="." pos="X">.</wf>
      </sentence>
      <sentence id="d000.s8183" source="wordnet-bulgarian">
         <wf lemma="кратка" pos="X">кратка</wf>
         <instance id="d000.s8183.t000" lemma="среща" pos="NOUN">среща</instance>
         <wf lemma="." pos="X">.</wf>
      </sentence>
      <sentence id="d000.s8184" source="wordnet-bulgarian">
         <wf lemma="големи" pos="X">големи</wf>
         <instance id="d000.s8184.t000" lemma="мускул" pos="NOUN">мускули</instance>
         <wf lemma="." pos="X">.</wf>
      </sentence>
      <sentence id="d000.s8185" source="wordnet-bulgarian">
         <wf lemma="черно-бяла" pos="X">черно-бяла</wf>
         <instance id="d000.s8185.t000" lemma="снимка" pos="NOUN">снимка</instance>
         <wf lemma="." pos="X">.</wf>
      </sentence>
      <sentence id="d000.s8186" source="wordnet-bulgarian">
         <wf lemma="по" pos="X">по</wf>
         <instance id="d000.s8186.t000" lemma="здрач" pos="NOUN">здрач</instance>
         <wf lemma="." pos="X">.</wf>
      </sentence>
      <sentence id="d000.s8187" source="wordnet-bulgarian">
         <wf lemma="от" pos="X">от</wf>
         <wf lemma="световен" pos="X">световен</wf>
         <instance id="d000.s8187.t000" lemma="мащаб" pos="NOUN">мащаб</instance>
         <wf lemma="." pos="X">.</wf>
      </sentence>
      <sentence id="d000.s8188" source="wordnet-bulgarian">
         <instance id="d000.s8188.t000" lemma="репортаж" pos="NOUN">Репортажът</instance>
         <wf lemma="е" pos="X">е</wf>
         <wf lemma="за" pos="X">за</wf>
         <wf lemma="вечерните" pos="X">вечерните</wf>
         <wf lemma="новини" pos="X">новини</wf>
         <wf lemma="." pos="X">.</wf>
      </sentence>
      <sentence id="d000.s8189" source="wordnet-bulgarian">
         <wf lemma="писателски" pos="X">писателски</wf>
         <instance id="d000.s8189.t000" lemma="хонорар" pos="NOUN">хонорар</instance>
         <wf lemma="." pos="X">.</wf>
      </sentence>
      <sentence id="d000.s8190" source="wordnet-bulgarian">
         <instance id="d000.s8190.t000" lemma="прогрес" pos="NOUN">прогрес</instance>
         <wf lemma="в." pos="X">в.</wf>
      </sentence>
      <sentence id="d000.s8191" source="wordnet-bulgarian">
         <wf lemma="обилна" pos="X">обилна</wf>
         <instance id="d000.s8191.t000" lemma="закуска" pos="NOUN">закуска</instance>
         <wf lemma="." pos="X">.</wf>
      </sentence>
      <sentence id="d000.s8192" source="wordnet-bulgarian">
         <wf lemma="правя" pos="X">правя</wf>
         <instance id="d000.s8192.t000" lemma="обобщение" pos="NOUN">обобщение</instance>
         <wf lemma="." pos="X">.</wf>
      </sentence>
      <sentence id="d000.s8193" source="wordnet-bulgarian">
         <wf lemma="гласувам" pos="X">гласувам</wf>
         <wf lemma="за" pos="X">за</wf>
         <instance id="d000.s8193.t000" lemma="президент" pos="NOUN">президент</instance>
         <wf lemma="." pos="X">.</wf>
      </sentence>
      <sentence id="d000.s8194" source="wordnet-bulgarian">
         <instance id="d000.s8194.t000" lemma="минута" pos="NOUN">Минутата</instance>
         <wf lemma="има" pos="X">има</wf>
         <wf lemma="60" pos="X">60</wf>
         <wf lemma="секунди" pos="X">секунди</wf>
         <wf lemma="." pos="X">.</wf>
      </sentence>
      <sentence id="d000.s8195" source="wordnet-bulgarian">
         <wf lemma="Баща" pos="X">Баща</wf>
         <wf lemma="ми" pos="X">ми</wf>
         <wf lemma="е" pos="X">е</wf>
         <wf lemma="от" pos="X">от</wf>
         <wf lemma="старото" pos="X">старото</wf>
         <instance id="d000.s8195.t000" lemma="поколение" pos="NOUN">поколение</instance>
         <wf lemma="." pos="X">.</wf>
      </sentence>
      <sentence id="d000.s8196" source="wordnet-bulgarian">
         <wf lemma="неделна" pos="X">неделна</wf>
         <instance id="d000.s8196.t000" lemma="служба" pos="NOUN">служба</instance>
         <wf lemma="." pos="X">.</wf>
      </sentence>
      <sentence id="d000.s8197" source="wordnet-bulgarian">
         <wf lemma="търся" pos="X">търся</wf>
         <instance id="d000.s8197.t000" lemma="изход" pos="NOUN">изход</instance>
         <wf lemma="." pos="X">.</wf>
      </sentence>
      <sentence id="d000.s8198" source="wordnet-bulgarian">
         <wf lemma="Мъглявината" pos="X">Мъглявината</wf>
         <wf lemma="Андромеда" pos="X">Андромеда</wf>
         <wf lemma="е" pos="X">е</wf>
         <wf lemma="най-близката" pos="X">най-близката</wf>
         <wf lemma="до" pos="X">до</wf>
         <wf lemma="нашата" pos="X">нашата</wf>
         <instance id="d000.s8198.t000" lemma="галактика" pos="NOUN">Галактика</instance>
         <wf lemma="спирална" pos="X">спирална</wf>
         <wf lemma="галактика" pos="X">галактика</wf>
         <wf lemma="." pos="X">.</wf>
      </sentence>
      <sentence id="d000.s8199" source="wordnet-bulgarian">
         <wf lemma="автомобилна" pos="X">автомобилна</wf>
         <instance id="d000.s8199.t000" lemma="застраховка" pos="NOUN">застраховка</instance>
         <wf lemma="." pos="X">.</wf>
      </sentence>
      <sentence id="d000.s8200" source="wordnet-bulgarian">
         <wf lemma="справям" pos="X">справям</wf>
         <wf lemma="се" pos="X">се</wf>
         <wf lemma="с" pos="X">с</wf>
         <instance id="d000.s8200.t000" lemma="положение" pos="NOUN">положението</instance>
         <wf lemma="." pos="X">.</wf>
      </sentence>
      <sentence id="d000.s8201" source="wordnet-bulgarian">
         <instance id="d000.s8201.t000" lemma="намаление" pos="NOUN">намаление</instance>
         <wf lemma="на" pos="X">на</wf>
         <wf lemma="данъците" pos="X">данъците</wf>
         <wf lemma="." pos="X">.</wf>
      </sentence>
      <sentence id="d000.s8202" source="wordnet-bulgarian">
         <instance id="d000.s8202.t000" lemma="температура" pos="NOUN">Температурата</instance>
         <wf lemma="на" pos="X">на</wf>
         <wf lemma="болния" pos="X">болния</wf>
         <wf lemma="е" pos="X">е</wf>
         <wf lemma="от" pos="X">от</wf>
         <wf lemma="силно" pos="X">силно</wf>
         <wf lemma="зачервеното" pos="X">зачервеното</wf>
         <wf lemma="гърло" pos="X">гърло</wf>
         <wf lemma="." pos="X">.</wf>
      </sentence>
      <sentence id="d000.s8203" source="wordnet-bulgarian">
         <instance id="d000.s8203.t000" lemma="човек" pos="NOUN">човек</instance>
         <wf lemma="с" pos="X">с</wf>
         <wf lemma="красиво" pos="X">красиво</wf>
         <wf lemma="тяло" pos="X">тяло</wf>
         <wf lemma="." pos="X">.</wf>
      </sentence>
      <sentence id="d000.s8204" source="wordnet-bulgarian">
         <wf lemma="дълга" pos="X">дълга</wf>
         <instance id="d000.s8204.t000" lemma="опашка" pos="NOUN">опашка</instance>
         <wf lemma="." pos="X">.</wf>
      </sentence>
      <sentence id="d000.s8205" source="wordnet-bulgarian">
         <wf lemma="предишната" pos="X">предишната</wf>
         <instance id="d000.s8205.t000" lemma="вечер" pos="NOUN">вечер</instance>
         <wf lemma="." pos="X">.</wf>
      </sentence>
      <sentence id="d000.s8206" source="wordnet-bulgarian">
         <instance id="d000.s8206.t000" lemma="каруца" pos="NOUN">каруца</instance>
         <wf lemma="," pos="X">,</wf>
         <wf lemma="теглена" pos="X">теглена</wf>
         <wf lemma="от" pos="X">от</wf>
         <wf lemma="кон" pos="X">кон</wf>
         <wf lemma="." pos="X">.</wf>
      </sentence>
      <sentence id="d000.s8207" source="wordnet-bulgarian">
         <wf lemma="По-рано" pos="X">По-рано</wf>
         <instance id="d000.s8207.t000" lemma="работя" pos="VERB">работих</instance>
         <wf lemma="в" pos="X">в</wf>
         <wf lemma="една" pos="X">една</wf>
         <wf lemma="кантора" pos="X">кантора</wf>
         <wf lemma="." pos="X">.</wf>
      </sentence>
      <sentence id="d000.s8208" source="wordnet-bulgarian">
         <wf lemma="при" pos="X">при</wf>
         <wf lemma="всякакво" pos="X">всякакво</wf>
         <instance id="d000.s8208.t000" lemma="време" pos="NOUN">време</instance>
         <wf lemma="." pos="X">.</wf>
      </sentence>
      <sentence id="d000.s8209" source="wordnet-bulgarian">
         <wf lemma="кова" pos="X">кова</wf>
         <instance id="d000.s8209.t000" lemma="дъска" pos="NOUN">дъска</instance>
         <wf lemma="след" pos="X">след</wf>
         <wf lemma="дъска" pos="X">дъска</wf>
         <wf lemma="." pos="X">.</wf>
      </sentence>
      <sentence id="d000.s8210" source="wordnet-bulgarian">
         <wf lemma="хванах" pos="X">хванах</wf>
         <instance id="d000.s8210.t000" lemma="мишка" pos="NOUN">мишката</instance>
         <wf lemma="с" pos="X">с</wf>
         <wf lemma="капан" pos="X">капан</wf>
         <wf lemma="." pos="X">.</wf>
      </sentence>
      <sentence id="d000.s8211" source="wordnet-bulgarian">
         <instance id="d000.s8211.t000" lemma="стадион" pos="NOUN">стадион</instance>
         <wf lemma="с" pos="X">с</wf>
         <wf lemma="петнадесет" pos="X">петнадесет</wf>
         <wf lemma="хиляди" pos="X">хиляди</wf>
         <wf lemma="места" pos="X">места</wf>
         <wf lemma="." pos="X">.</wf>
      </sentence>
      <sentence id="d000.s8212" source="wordnet-bulgarian">
         <wf lemma="туба" pos="X">туба</wf>
         <instance id="d000.s8212.t000" lemma="бой" pos="NOUN">боя</instance>
         <wf lemma="." pos="X">.</wf>
      </sentence>
      <sentence id="d000.s8213" source="wordnet-bulgarian">
         <wf lemma="лечебни" pos="X">лечебни</wf>
         <instance id="d000.s8213.t000" lemma="трева" pos="NOUN">треви</instance>
         <wf lemma="." pos="X">.</wf>
      </sentence>
      <sentence id="d000.s8214" source="wordnet-bulgarian">
         <wf lemma="Видях" pos="X">Видях</wf>
         <wf lemma="весел" pos="X">весел</wf>
         <wf lemma="пламък" pos="X">пламък</wf>
         <wf lemma="в" pos="X">в</wf>
         <instance id="d000.s8214.t000" lemma="око" pos="NOUN">очите</instance>
         <wf lemma="му" pos="X">му</wf>
         <wf lemma="." pos="X">.</wf>
      </sentence>
      <sentence id="d000.s8215" source="wordnet-bulgarian">
         <wf lemma="Голям" pos="X">Голям</wf>
         <instance id="d000.s8215.t000" lemma="бой" pos="NOUN">бой</instance>
         <wf lemma="беше" pos="X">беше</wf>
         <wf lemma="." pos="X">.</wf>
      </sentence>
      <sentence id="d000.s8216" source="wordnet-bulgarian">
         <wf lemma="правя" pos="X">правя</wf>
         <instance id="d000.s8216.t000" lemma="сцена" pos="NOUN">сцени</instance>
         <wf lemma="." pos="X">.</wf>
      </sentence>
      <sentence id="d000.s8217" source="wordnet-bulgarian">
         <instance id="d000.s8217.t000" lemma="изкрещя" pos="VERB">Изкрещях</instance>
         <wf lemma="от" pos="X">от</wf>
         <wf lemma="болка" pos="X">болка</wf>
         <wf lemma="." pos="X">.</wf>
      </sentence>
      <sentence id="d000.s8218" source="wordnet-bulgarian">
         <wf lemma="Това" pos="X">Това</wf>
         <wf lemma="е" pos="X">е</wf>
         <wf lemma="истинско" pos="X">истинско</wf>
         <instance id="d000.s8218.t000" lemma="чудо" pos="NOUN">чудо</instance>
         <wf lemma="." pos="X">.</wf>
      </sentence>
      <sentence id="d000.s8219" source="wordnet-bulgarian">
         <instance id="d000.s8219.t000" lemma="напускам" pos="VERB">напускам</instance>
         <wf lemma="стаята" pos="X">стаята</wf>
         <wf lemma="." pos="X">.</wf>
      </sentence>
      <sentence id="d000.s8220" source="wordnet-bulgarian">
         <wf lemma="луминисцентна" pos="X">луминисцентна</wf>
         <instance id="d000.s8220.t000" lemma="лампа" pos="NOUN">лампа</instance>
         <wf lemma="." pos="X">.</wf>
      </sentence>
      <sentence id="d000.s8221" source="wordnet-bulgarian">
         <wf lemma="щастливо" pos="X">щастливо</wf>
         <instance id="d000.s8221.t000" lemma="детство" pos="NOUN">детство</instance>
         <wf lemma="." pos="X">.</wf>
      </sentence>
      <sentence id="d000.s8222" source="wordnet-bulgarian">
         <instance id="d000.s8222.t000" lemma="опасност" pos="NOUN">опасност</instance>
         <wf lemma="за" pos="X">за</wf>
         <wf lemma="живота" pos="X">живота</wf>
         <wf lemma="." pos="X">.</wf>
      </sentence>
      <sentence id="d000.s8223" source="wordnet-bulgarian">
         <wf lemma="Сипах" pos="X">Сипах</wf>
         <wf lemma="си" pos="X">си</wf>
         <wf lemma="бира" pos="X">бира</wf>
         <wf lemma="в" pos="X">в</wf>
         <wf lemma="голяма" pos="X">голяма</wf>
         <instance id="d000.s8223.t000" lemma="халба" pos="NOUN">халба</instance>
         <wf lemma="и" pos="X">и</wf>
         <wf lemma="седнах" pos="X">седнах</wf>
         <wf lemma="пред" pos="X">пред</wf>
         <wf lemma="телевизора" pos="X">телевизора</wf>
         <wf lemma="." pos="X">.</wf>
      </sentence>
      <sentence id="d000.s8224" source="wordnet-bulgarian">
         <wf lemma="животинска" pos="X">животинска</wf>
         <instance id="d000.s8224.t000" lemma="кожа" pos="NOUN">кожа</instance>
         <wf lemma="." pos="X">.</wf>
      </sentence>
      <sentence id="d000.s8225" source="wordnet-bulgarian">
         <wf lemma="Занимава" pos="X">Занимава</wf>
         <wf lemma="се" pos="X">се</wf>
         <wf lemma="с" pos="X">с</wf>
         <instance id="d000.s8225.t000" lemma="търговия" pos="NOUN">търговия</instance>
         <wf lemma="." pos="X">.</wf>
      </sentence>
      <sentence id="d000.s8226" source="wordnet-bulgarian">
         <wf lemma="Драго" pos="X">Драго</wf>
         <wf lemma="се" pos="X">се</wf>
         <wf lemma="прочу" pos="X">прочу</wf>
         <wf lemma="около" pos="X">около</wf>
         <wf lemma="спасителната" pos="X">спасителната</wf>
         <instance id="d000.s8226.t000" lemma="акция" pos="NOUN">акция</instance>
         <wf lemma="," pos="X">,</wf>
         <wf lemma="в" pos="X">в</wf>
         <wf lemma="която" pos="X">която</wf>
         <wf lemma="участва" pos="X">участва</wf>
         <wf lemma="миналата" pos="X">миналата</wf>
         <wf lemma="година" pos="X">година</wf>
         <wf lemma="след" pos="X">след</wf>
         <wf lemma="земетресението" pos="X">земетресението</wf>
         <wf lemma="в" pos="X">в</wf>
         <wf lemma="Турция" pos="X">Турция</wf>
         <wf lemma="." pos="X">.</wf>
      </sentence>
      <sentence id="d000.s8227" source="wordnet-bulgarian">
         <wf lemma="ловджийски" pos="X">ловджийски</wf>
         <instance id="d000.s8227.t000" lemma="нож" pos="NOUN">нож</instance>
         <wf lemma="." pos="X">.</wf>
      </sentence>
      <sentence id="d000.s8228" source="wordnet-bulgarian">
         <wf lemma="повтарям" pos="X">повтарям</wf>
         <wf lemma="си" pos="X">си</wf>
         <wf lemma="един" pos="X">един</wf>
         <instance id="d000.s8228.t000" lemma="израз" pos="NOUN">израз</instance>
         <wf lemma="." pos="X">.</wf>
      </sentence>
      <sentence id="d000.s8229" source="wordnet-bulgarian">
         <instance id="d000.s8229.t000" lemma="екипаж" pos="NOUN">екипаж</instance>
         <wf lemma="на" pos="X">на</wf>
         <wf lemma="кораб" pos="X">кораб</wf>
         <wf lemma="." pos="X">.</wf>
      </sentence>
      <sentence id="d000.s8230" source="wordnet-bulgarian">
         <wf lemma="Подложен" pos="X">Подложен</wf>
         <wf lemma="съм" pos="X">съм</wf>
         <wf lemma="на" pos="X">на</wf>
         <wf lemma="жестоко" pos="X">жестоко</wf>
         <instance id="d000.s8230.t000" lemma="насилие" pos="NOUN">насилие</instance>
         <wf lemma="." pos="X">.</wf>
      </sentence>
      <sentence id="d000.s8231" source="wordnet-bulgarian">
         <wf lemma="кръвна" pos="X">кръвна</wf>
         <instance id="d000.s8231.t000" lemma="проба" pos="NOUN">проба</instance>
         <wf lemma="." pos="X">.</wf>
      </sentence>
      <sentence id="d000.s8232" source="wordnet-bulgarian">
         <wf lemma="зачервено" pos="X">зачервено</wf>
         <instance id="d000.s8232.t000" lemma="гърло" pos="NOUN">гърло</instance>
         <wf lemma="." pos="X">.</wf>
      </sentence>
      <sentence id="d000.s8233" source="wordnet-bulgarian">
         <wf lemma="говоря" pos="X">говоря</wf>
         <wf lemma="със" pos="X">със</wf>
         <instance id="d000.s8233.t000" lemma="знак" pos="NOUN">знаци</instance>
         <wf lemma="." pos="X">.</wf>
      </sentence>
      <sentence id="d000.s8234" source="wordnet-bulgarian">
         <instance id="d000.s8234.t000" lemma="обучавам" pos="VERB">обучавам</instance>
         <wf lemma="малки" pos="X">малки</wf>
         <wf lemma="ученици" pos="X">ученици</wf>
         <wf lemma="." pos="X">.</wf>
      </sentence>
      <sentence id="d000.s8235" source="wordnet-bulgarian">
         <wf lemma="монтирам" pos="X">монтирам</wf>
         <instance id="d000.s8235.t000" lemma="машина" pos="NOUN">машина</instance>
         <wf lemma="." pos="X">.</wf>
      </sentence>
      <sentence id="d000.s8236" source="wordnet-bulgarian">
         <instance id="d000.s8236.t000" lemma="хеликоптер" pos="NOUN">Хеликоптерът</instance>
         <wf lemma="кацна" pos="X">кацна</wf>
         <wf lemma="в" pos="X">в</wf>
         <wf lemma="полето" pos="X">полето</wf>
         <wf lemma="." pos="X">.</wf>
      </sentence>
      <sentence id="d000.s8237" source="wordnet-bulgarian">
         <instance id="d000.s8237.t000" lemma="чета" pos="VERB">чета</instance>
         <wf lemma="на" pos="X">на</wf>
         <wf lemma="глас" pos="X">глас</wf>
         <wf lemma="." pos="X">.</wf>
      </sentence>
      <sentence id="d000.s8238" source="wordnet-bulgarian">
         <wf lemma="запомняща" pos="X">запомняща</wf>
         <wf lemma="се" pos="X">се</wf>
         <instance id="d000.s8238.t000" lemma="личност" pos="NOUN">личност</instance>
         <wf lemma="." pos="X">.</wf>
      </sentence>
      <sentence id="d000.s8239" source="wordnet-bulgarian">
         <wf lemma="Ще" pos="X">Ще</wf>
         <wf lemma="получиш" pos="X">получиш</wf>
         <wf lemma="покана" pos="X">покана</wf>
         <wf lemma="по" pos="X">по</wf>
         <instance id="d000.s8239.t000" lemma="поща" pos="NOUN">пощата</instance>
         <wf lemma="." pos="X">.</wf>
      </sentence>
      <sentence id="d000.s8240" source="wordnet-bulgarian">
         <wf lemma="без" pos="X">без</wf>
         <instance id="d000.s8240.t000" lemma="паспорт" pos="NOUN">паспорт</instance>
         <wf lemma="." pos="X">.</wf>
      </sentence>
      <sentence id="d000.s8241" source="wordnet-bulgarian">
         <wf lemma="понасям" pos="X">понасям</wf>
         <instance id="d000.s8241.t000" lemma="загуба" pos="NOUN">загуба</instance>
         <wf lemma="." pos="X">.</wf>
      </sentence>
      <sentence id="d000.s8242" source="wordnet-bulgarian">
         <instance id="d000.s8242.t000" lemma="викам" pos="VERB">викам</instance>
         <wf lemma="за" pos="X">за</wf>
         <wf lemma="помощ" pos="X">помощ</wf>
         <wf lemma="." pos="X">.</wf>
      </sentence>
      <sentence id="d000.s8243" source="wordnet-bulgarian">
         <wf lemma="Сълзи" pos="X">Сълзи</wf>
         <instance id="d000.s8243.t000" lemma="тека" pos="VERB">текат</instance>
         <wf lemma="от" pos="X">от</wf>
         <wf lemma="очите" pos="X">очите</wf>
         <wf lemma="ми" pos="X">ми</wf>
         <wf lemma="." pos="X">.</wf>
      </sentence>
      <sentence id="d000.s8244" source="wordnet-bulgarian">
         <wf lemma="пия" pos="X">пия</wf>
         <wf lemma="от" pos="X">от</wf>
         <instance id="d000.s8244.t000" lemma="халба" pos="NOUN">халба</instance>
         <wf lemma="." pos="X">.</wf>
      </sentence>
      <sentence id="d000.s8245" source="wordnet-bulgarian">
         <instance id="d000.s8245.t000" lemma="понятие" pos="NOUN">Понятието</instance>
         <wf lemma="е" pos="X">е</wf>
         <wf lemma="резултат" pos="X">резултат</wf>
         <wf lemma="от" pos="X">от</wf>
         <wf lemma="познанието" pos="X">познанието</wf>
         <wf lemma="на" pos="X">на</wf>
         <wf lemma="даден" pos="X">даден</wf>
         <wf lemma="предмет" pos="X">предмет</wf>
         <wf lemma="или" pos="X">или</wf>
         <wf lemma="явление" pos="X">явление</wf>
         <wf lemma="." pos="X">.</wf>
      </sentence>
      <sentence id="d000.s8246" source="wordnet-bulgarian">
         <instance id="d000.s8246.t000" lemma="викам" pos="VERB">викам</instance>
         <wf lemma="от" pos="X">от</wf>
         <wf lemma="болка" pos="X">болка</wf>
         <wf lemma="." pos="X">.</wf>
      </sentence>
      <sentence id="d000.s8247" source="wordnet-bulgarian">
         <wf lemma="Отбих" pos="X">Отбих</wf>
         <wf lemma="колата" pos="X">колата</wf>
         <wf lemma="на" pos="X">на</wf>
         <wf lemma="червеникавия" pos="X">червеникавия</wf>
         <instance id="d000.s8247.t000" lemma="банкет" pos="NOUN">банкет</instance>
         <wf lemma="." pos="X">.</wf>
      </sentence>
      <sentence id="d000.s8248" source="wordnet-bulgarian">
         <wf lemma="отпускам" pos="X">отпускам</wf>
         <instance id="d000.s8248.t000" lemma="кредит" pos="NOUN">кредит</instance>
         <wf lemma="." pos="X">.</wf>
      </sentence>
      <sentence id="d000.s8249" source="wordnet-bulgarian">
         <wf lemma="въздушно" pos="X">въздушно</wf>
         <instance id="d000.s8249.t000" lemma="течение" pos="NOUN">течение</instance>
         <wf lemma="." pos="X">.</wf>
      </sentence>
      <sentence id="d000.s8250" source="wordnet-bulgarian">
         <instance id="d000.s8250.t000" lemma="жертва" pos="NOUN">жертви</instance>
         <wf lemma="на" pos="X">на</wf>
         <wf lemma="наводнението" pos="X">наводнението</wf>
         <wf lemma="." pos="X">.</wf>
      </sentence>
      <sentence id="d000.s8251" source="wordnet-bulgarian">
         <wf lemma="предложен" pos="X">предложен</wf>
         <wf lemma="за" pos="X">за</wf>
         <instance id="d000.s8251.t000" lemma="обсъждане" pos="NOUN">обсъждане</instance>
         <wf lemma="." pos="X">.</wf>
      </sentence>
      <sentence id="d000.s8252" source="wordnet-bulgarian">
         <instance id="d000.s8252.t000" lemma="дължина" pos="NOUN">Дължината</instance>
         <wf lemma="на" pos="X">на</wf>
         <wf lemma="двора" pos="X">двора</wf>
         <wf lemma="е" pos="X">е</wf>
         <wf lemma="15" pos="X">15</wf>
         <wf lemma="метра" pos="X">метра</wf>
         <wf lemma="." pos="X">.</wf>
      </sentence>
      <sentence id="d000.s8253" source="wordnet-bulgarian">
         <wf lemma="инструментална" pos="X">инструментална</wf>
         <instance id="d000.s8253.t000" lemma="стомана" pos="NOUN">стомана</instance>
         <wf lemma="." pos="X">.</wf>
      </sentence>
      <sentence id="d000.s8254" source="wordnet-bulgarian">
         <wf lemma="блуза" pos="X">блуза</wf>
         <wf lemma="от" pos="X">от</wf>
         <instance id="d000.s8254.t000" lemma="памук" pos="NOUN">памук</instance>
         <wf lemma="." pos="X">.</wf>
      </sentence>
      <sentence id="d000.s8255" source="wordnet-bulgarian">
         <wf lemma="купувам" pos="X">купувам</wf>
         <wf lemma="си" pos="X">си</wf>
         <instance id="d000.s8255.t000" lemma="списание" pos="NOUN">списание</instance>
         <wf lemma="." pos="X">.</wf>
      </sentence>
      <sentence id="d000.s8256" source="wordnet-bulgarian">
         <wf lemma="гледам" pos="X">гледам</wf>
         <instance id="d000.s8256.t000" lemma="балет" pos="NOUN">балет</instance>
         <wf lemma="." pos="X">.</wf>
      </sentence>
      <sentence id="d000.s8257" source="wordnet-bulgarian">
         <instance id="d000.s8257.t000" lemma="губернатор" pos="NOUN">губернатор</instance>
         <wf lemma="на" pos="X">на</wf>
         <wf lemma="." pos="X">.</wf>
      </sentence>
      <sentence id="d000.s8258" source="wordnet-bulgarian">
         <wf lemma="от" pos="X">от</wf>
         <instance id="d000.s8258.t000" lemma="брашно" pos="NOUN">брашно</instance>
         <wf lemma="." pos="X">.</wf>
      </sentence>
      <sentence id="d000.s8259" source="wordnet-bulgarian">
         <wf lemma="лесна" pos="X">лесна</wf>
         <instance id="d000.s8259.t000" lemma="плячка" pos="NOUN">плячка</instance>
         <wf lemma="." pos="X">.</wf>
      </sentence>
      <sentence id="d000.s8260" source="wordnet-bulgarian">
         <instance id="d000.s8260.t000" lemma="пера" pos="VERB">пера</instance>
         <wf lemma="с" pos="X">с</wf>
         <wf lemma="пералня" pos="X">пералня</wf>
         <wf lemma="." pos="X">.</wf>
      </sentence>
      <sentence id="d000.s8261" source="wordnet-bulgarian">
         <wf lemma="Гледам" pos="X">Гледам</wf>
         <wf lemma="морето" pos="X">морето</wf>
         <wf lemma="от" pos="X">от</wf>
         <instance id="d000.s8261.t000" lemma="бряг" pos="NOUN">брега</instance>
         <wf lemma="." pos="X">.</wf>
      </sentence>
      <sentence id="d000.s8262" source="wordnet-bulgarian">
         <wf lemma="родилен" pos="X">родилен</wf>
         <instance id="d000.s8262.t000" lemma="дом" pos="NOUN">дом</instance>
         <wf lemma="." pos="X">.</wf>
      </sentence>
      <sentence id="d000.s8263" source="wordnet-bulgarian">
         <wf lemma="задавам" pos="X">задавам</wf>
         <instance id="d000.s8263.t000" lemma="въпрос" pos="NOUN">въпрос</instance>
         <wf lemma="." pos="X">.</wf>
      </sentence>
      <sentence id="d000.s8264" source="wordnet-bulgarian">
         <wf lemma="течно" pos="X">течно</wf>
         <instance id="d000.s8264.t000" lemma="вещество" pos="NOUN">вещество</instance>
         <wf lemma="." pos="X">.</wf>
      </sentence>
      <sentence id="d000.s8265" source="wordnet-bulgarian">
         <wf lemma="обелих" pos="X">обелих</wf>
         <instance id="d000.s8265.t000" lemma="люспа" pos="NOUN">люспите</instance>
         <wf lemma="на" pos="X">на</wf>
         <wf lemma="шарана" pos="X">шарана</wf>
         <wf lemma="." pos="X">.</wf>
      </sentence>
      <sentence id="d000.s8266" source="wordnet-bulgarian">
         <wf lemma="копая" pos="X">копая</wf>
         <instance id="d000.s8266.t000" lemma="изкоп" pos="NOUN">изкоп</instance>
         <wf lemma="." pos="X">.</wf>
      </sentence>
      <sentence id="d000.s8267" source="wordnet-bulgarian">
         <instance id="d000.s8267.t000" lemma="завод" pos="NOUN">завод</instance>
         <wf lemma="за" pos="X">за</wf>
         <wf lemma="химически" pos="X">химически</wf>
         <wf lemma="торове" pos="X">торове</wf>
         <wf lemma="." pos="X">.</wf>
      </sentence>
      <sentence id="d000.s8268" source="wordnet-bulgarian">
         <wf lemma="справедливо" pos="X">справедливо</wf>
         <instance id="d000.s8268.t000" lemma="наказание" pos="NOUN">наказание</instance>
         <wf lemma="." pos="X">.</wf>
      </sentence>
      <sentence id="d000.s8269" source="wordnet-bulgarian">
         <wf lemma="личен" pos="X">личен</wf>
         <instance id="d000.s8269.t000" lemma="лекар" pos="NOUN">лекар</instance>
         <wf lemma="." pos="X">.</wf>
      </sentence>
      <sentence id="d000.s8270" source="wordnet-bulgarian">
         <wf lemma="набрана" pos="X">набрана</wf>
         <instance id="d000.s8270.t000" lemma="пола" pos="NOUN">пола</instance>
         <wf lemma="." pos="X">.</wf>
      </sentence>
      <sentence id="d000.s8271" source="wordnet-bulgarian">
         <instance id="d000.s8271.t000" lemma="сапун" pos="NOUN">сапун</instance>
         <wf lemma="за" pos="X">за</wf>
         <wf lemma="ръце" pos="X">ръце</wf>
         <wf lemma="." pos="X">.</wf>
      </sentence>
      <sentence id="d000.s8272" source="wordnet-bulgarian">
         <wf lemma="отварям" pos="X">отварям</wf>
         <wf lemma="си" pos="X">си</wf>
         <instance id="d000.s8272.t000" lemma="уста" pos="NOUN">устата</instance>
         <wf lemma="." pos="X">.</wf>
      </sentence>
      <sentence id="d000.s8273" source="wordnet-bulgarian">
         <wf lemma="режа" pos="X">режа</wf>
         <instance id="d000.s8273.t000" lemma="парче" pos="NOUN">парче</instance>
         <wf lemma="по" pos="X">по</wf>
         <wf lemma="парче" pos="X">парче</wf>
         <wf lemma="." pos="X">.</wf>
      </sentence>
      <sentence id="d000.s8274" source="wordnet-bulgarian">
         <wf lemma="грижи" pos="X">грижи</wf>
         <wf lemma="за" pos="X">за</wf>
         <instance id="d000.s8274.t000" lemma="тяло" pos="NOUN">тялото</instance>
         <wf lemma="." pos="X">.</wf>
      </sentence>
      <sentence id="d000.s8275" source="wordnet-bulgarian">
         <instance id="d000.s8275.t000" lemma="снимка" pos="NOUN">снимка</instance>
         <wf lemma="за" pos="X">за</wf>
         <wf lemma="лична" pos="X">лична</wf>
         <wf lemma="карта" pos="X">карта</wf>
         <wf lemma="." pos="X">.</wf>
      </sentence>
      <sentence id="d000.s8276" source="wordnet-bulgarian">
         <wf lemma="вграден" pos="X">вграден</wf>
         <instance id="d000.s8276.t000" lemma="шкаф" pos="NOUN">шкаф</instance>
         <wf lemma="." pos="X">.</wf>
      </sentence>
      <sentence id="d000.s8277" source="wordnet-bulgarian">
         <wf lemma="мия" pos="X">мия</wf>
         <instance id="d000.s8277.t000" lemma="прозорец" pos="NOUN">прозорци</instance>
         <wf lemma="." pos="X">.</wf>
      </sentence>
      <sentence id="d000.s8278" source="wordnet-bulgarian">
         <wf lemma="влизам" pos="X">влизам</wf>
         <wf lemma="във" pos="X">във</wf>
         <instance id="d000.s8278.t000" lemma="взаимодействие" pos="NOUN">взаимодействие</instance>
         <wf lemma="с" pos="X">с</wf>
         <wf lemma="нещо" pos="X">нещо</wf>
         <wf lemma="." pos="X">.</wf>
      </sentence>
      <sentence id="d000.s8279" source="wordnet-bulgarian">
         <wf lemma="На" pos="X">На</wf>
         <instance id="d000.s8279.t000" lemma="фестивал" pos="NOUN">фестивала</instance>
         <wf lemma="дойдоха" pos="X">дойдоха</wf>
         <wf lemma="много" pos="X">много</wf>
         <wf lemma="хора" pos="X">хора</wf>
         <wf lemma="." pos="X">.</wf>
      </sentence>
      <sentence id="d000.s8280" source="wordnet-bulgarian">
         <wf lemma="Изпратих" pos="X">Изпратих</wf>
         <instance id="d000.s8280.t000" lemma="картичка" pos="NOUN">картичка</instance>
         <wf lemma="за" pos="X">за</wf>
         <wf lemma="рождения" pos="X">рождения</wf>
         <wf lemma="й" pos="X">й</wf>
         <wf lemma="ден" pos="X">ден</wf>
         <wf lemma="." pos="X">.</wf>
      </sentence>
      <sentence id="d000.s8281" source="wordnet-bulgarian">
         <wf lemma="Тя" pos="X">Тя</wf>
         <wf lemma="е" pos="X">е</wf>
         <wf lemma="истинска" pos="X">истинска</wf>
         <instance id="d000.s8281.t000" lemma="магьосница" pos="NOUN">магьосница</instance>
         <wf lemma="." pos="X">.</wf>
      </sentence>
      <sentence id="d000.s8282" source="wordnet-bulgarian">
         <instance id="d000.s8282.t000" lemma="дузина" pos="NOUN">дузина</instance>
         <wf lemma="снимки" pos="X">снимки</wf>
         <wf lemma="." pos="X">.</wf>
      </sentence>
      <sentence id="d000.s8283" source="wordnet-bulgarian">
         <wf lemma="бутилка" pos="X">бутилка</wf>
         <instance id="d000.s8283.t000" lemma="вино" pos="NOUN">вино</instance>
         <wf lemma="." pos="X">.</wf>
      </sentence>
      <sentence id="d000.s8284" source="wordnet-bulgarian">
         <wf lemma="Всеки" pos="X">Всеки</wf>
         <instance id="d000.s8284.t000" lemma="помагам" pos="VERB">помага</instance>
         <wf lemma="по" pos="X">по</wf>
         <wf lemma="време" pos="X">време</wf>
         <wf lemma="на" pos="X">на</wf>
         <wf lemma="земетресение" pos="X">земетресение</wf>
         <wf lemma="." pos="X">.</wf>
      </sentence>
      <sentence id="d000.s8285" source="wordnet-bulgarian">
         <wf lemma="бия" pos="X">бия</wf>
         <instance id="d000.s8285.t000" lemma="инжекция" pos="NOUN">инжекция</instance>
         <wf lemma="." pos="X">.</wf>
      </sentence>
      <sentence id="d000.s8286" source="wordnet-bulgarian">
         <wf lemma="Съдът" pos="X">Съдът</wf>
         <wf lemma="го" pos="X">го</wf>
         <instance id="d000.s8286.t000" lemma="оневиня" pos="VERB">оневини</instance>
         <wf lemma="." pos="X">.</wf>
      </sentence>
      <sentence id="d000.s8287" source="wordnet-bulgarian">
         <wf lemma="пластмасова" pos="X">пластмасова</wf>
         <instance id="d000.s8287.t000" lemma="чаша" pos="NOUN">чаша</instance>
         <wf lemma="." pos="X">.</wf>
      </sentence>
      <sentence id="d000.s8288" source="wordnet-bulgarian">
         <wf lemma="Днес" pos="X">Днес</wf>
         <instance id="d000.s8288.t000" lemma="музей" pos="NOUN">музеят</instance>
         <wf lemma="е" pos="X">е</wf>
         <wf lemma="затворен" pos="X">затворен</wf>
         <wf lemma="." pos="X">.</wf>
      </sentence>
      <sentence id="d000.s8289" source="wordnet-bulgarian">
         <wf lemma="партийна" pos="X">партийна</wf>
         <instance id="d000.s8289.t000" lemma="организация" pos="NOUN">организация</instance>
         <wf lemma="." pos="X">.</wf>
      </sentence>
      <sentence id="d000.s8290" source="wordnet-bulgarian">
         <wf lemma="работническо" pos="X">работническо</wf>
         <instance id="d000.s8290.t000" lemma="движение" pos="NOUN">движение</instance>
         <wf lemma="." pos="X">.</wf>
      </sentence>
      <sentence id="d000.s8291" source="wordnet-bulgarian">
         <wf lemma="навърших" pos="X">навърших</wf>
         <instance id="d000.s8291.t000" lemma="пълнолетие" pos="NOUN">пълнолетие</instance>
         <wf lemma="." pos="X">.</wf>
      </sentence>
      <sentence id="d000.s8292" source="wordnet-bulgarian">
         <wf lemma="Лятната" pos="X">Лятната</wf>
         <wf lemma="ваканция" pos="X">ваканция</wf>
         <wf lemma="премина" pos="X">премина</wf>
         <wf lemma="в" pos="X">в</wf>
         <instance id="d000.s8292.t000" lemma="игра" pos="NOUN">игри</instance>
         <wf lemma="и" pos="X">и</wf>
         <wf lemma="забавления" pos="X">забавления</wf>
         <wf lemma="." pos="X">.</wf>
      </sentence>
      <sentence id="d000.s8293" source="wordnet-bulgarian">
         <instance id="d000.s8293.t000" lemma="покана" pos="NOUN">покана</instance>
         <wf lemma="за" pos="X">за</wf>
         <wf lemma="сватба" pos="X">сватба</wf>
         <wf lemma="." pos="X">.</wf>
      </sentence>
      <sentence id="d000.s8294" source="wordnet-bulgarian">
         <wf lemma="кристална" pos="X">кристална</wf>
         <instance id="d000.s8294.t000" lemma="чаша" pos="NOUN">чаша</instance>
         <wf lemma="." pos="X">.</wf>
      </sentence>
      <sentence id="d000.s8295" source="wordnet-bulgarian">
         <wf lemma="Не" pos="X">Не</wf>
         <wf lemma="се" pos="X">се</wf>
         <wf lemma="поддавай" pos="X">поддавай</wf>
         <wf lemma="на" pos="X">на</wf>
         <instance id="d000.s8295.t000" lemma="предизвикателство" pos="NOUN">предизвикателства</instance>
         <wf lemma="." pos="X">.</wf>
      </sentence>
      <sentence id="d000.s8296" source="wordnet-bulgarian">
         <wf lemma="голям" pos="X">голям</wf>
         <instance id="d000.s8296.t000" lemma="специалист" pos="NOUN">специалист</instance>
         <wf lemma="." pos="X">.</wf>
      </sentence>
      <sentence id="d000.s8297" source="wordnet-bulgarian">
         <instance id="d000.s8297.t000" lemma="въведение" pos="NOUN">въведение</instance>
         <wf lemma="в" pos="X">в</wf>
         <wf lemma="архитектурното" pos="X">архитектурното</wf>
         <wf lemma="проектиране" pos="X">проектиране</wf>
         <wf lemma="." pos="X">.</wf>
      </sentence>
      <sentence id="d000.s8298" source="wordnet-bulgarian">
         <instance id="d000.s8298.t000" lemma="залагам" pos="VERB">Залагам</instance>
         <wf lemma="пет" pos="X">пет</wf>
         <wf lemma="лева" pos="X">лева</wf>
         <wf lemma="." pos="X">.</wf>
      </sentence>
      <sentence id="d000.s8299" source="wordnet-bulgarian">
         <wf lemma="велики" pos="X">велики</wf>
         <instance id="d000.s8299.t000" lemma="постижение" pos="NOUN">постижения</instance>
         <wf lemma="на" pos="X">на</wf>
         <wf lemma="науката" pos="X">науката</wf>
         <wf lemma="и" pos="X">и</wf>
         <wf lemma="изкуството" pos="X">изкуството</wf>
         <wf lemma="." pos="X">.</wf>
      </sentence>
      <sentence id="d000.s8300" source="wordnet-bulgarian">
         <wf lemma="Чуждата" pos="X">Чуждата</wf>
         <instance id="d000.s8300.t000" lemma="кокошка" pos="NOUN">кокошка</instance>
         <wf lemma="по-едри" pos="X">по-едри</wf>
         <wf lemma="яйца" pos="X">яйца</wf>
         <wf lemma="снася" pos="X">снася</wf>
         <wf lemma="." pos="X">.</wf>
      </sentence>
      <sentence id="d000.s8301" source="wordnet-bulgarian">
         <wf lemma="няма" pos="X">няма</wf>
         <instance id="d000.s8301.t000" lemma="значение" pos="NOUN">значение</instance>
         <wf lemma="за" pos="X">за</wf>
         <wf lemma="." pos="X">.</wf>
      </sentence>
      <sentence id="d000.s8302" source="wordnet-bulgarian">
         <wf lemma="лека" pos="X">лека</wf>
         <instance id="d000.s8302.t000" lemma="промишленост" pos="NOUN">промишленост</instance>
         <wf lemma="." pos="X">.</wf>
      </sentence>
      <sentence id="d000.s8303" source="wordnet-bulgarian">
         <wf lemma="красив" pos="X">красив</wf>
         <instance id="d000.s8303.t000" lemma="детайл" pos="NOUN">детайл</instance>
         <wf lemma="." pos="X">.</wf>
      </sentence>
      <sentence id="d000.s8304" source="wordnet-bulgarian">
         <wf lemma="Смея" pos="X">Смея</wf>
         <wf lemma="да" pos="X">да</wf>
         <instance id="d000.s8304.t000" lemma="твърдя" pos="VERB">твърдя</instance>
         <wf lemma="," pos="X">,</wf>
         <wf lemma="че" pos="X">че</wf>
         <wf lemma="не" pos="X">не</wf>
         <wf lemma="си" pos="X">си</wf>
         <wf lemma="прав" pos="X">прав</wf>
         <wf lemma="." pos="X">.</wf>
      </sentence>
      <sentence id="d000.s8305" source="wordnet-bulgarian">
         <wf lemma="Имам" pos="X">Имам</wf>
         <instance id="d000.s8305.t000" lemma="вид" pos="NOUN">вид</instance>
         <wf lemma="на" pos="X">на</wf>
         <wf lemma="чужденец" pos="X">чужденец</wf>
         <wf lemma="." pos="X">.</wf>
      </sentence>
      <sentence id="d000.s8306" source="wordnet-bulgarian">
         <wf lemma="набирам" pos="X">набирам</wf>
         <instance id="d000.s8306.t000" lemma="персонал" pos="NOUN">персонал</instance>
         <wf lemma="за" pos="X">за</wf>
         <wf lemma="." pos="X">.</wf>
      </sentence>
      <sentence id="d000.s8307" source="wordnet-bulgarian">
         <wf lemma="завършвам" pos="X">завършвам</wf>
         <instance id="d000.s8307.t000" lemma="университет" pos="NOUN">университета</instance>
         <wf lemma="." pos="X">.</wf>
      </sentence>
      <sentence id="d000.s8308" source="wordnet-bulgarian">
         <wf lemma="Винаги" pos="X">Винаги</wf>
         <wf lemma="се" pos="X">се</wf>
         <wf lemma="опитвам" pos="X">опитвам</wf>
         <wf lemma="да" pos="X">да</wf>
         <wf lemma="избягвам" pos="X">избягвам</wf>
         <instance id="d000.s8308.t000" lemma="опасност" pos="NOUN">опасностите</instance>
         <wf lemma="." pos="X">.</wf>
      </sentence>
      <sentence id="d000.s8309" source="wordnet-bulgarian">
         <wf lemma="красиво" pos="X">красиво</wf>
         <wf lemma="подредена" pos="X">подредена</wf>
         <instance id="d000.s8309.t000" lemma="маса" pos="NOUN">маса</instance>
         <wf lemma="." pos="X">.</wf>
      </sentence>
      <sentence id="d000.s8310" source="wordnet-bulgarian">
         <wf lemma="закривам" pos="X">закривам</wf>
         <instance id="d000.s8310.t000" lemma="заседание" pos="NOUN">заседание</instance>
         <wf lemma="." pos="X">.</wf>
      </sentence>
      <sentence id="d000.s8311" source="wordnet-bulgarian">
         <wf lemma="както" pos="X">както</wf>
         <wf lemma="повечето" pos="X">повечето</wf>
         <instance id="d000.s8311.t000" lemma="хора" pos="NOUN">хора</instance>
         <wf lemma="." pos="X">.</wf>
      </sentence>
      <sentence id="d000.s8312" source="wordnet-bulgarian">
         <wf lemma="водя" pos="X">водя</wf>
         <instance id="d000.s8312.t000" lemma="разговор" pos="NOUN">разговор</instance>
         <wf lemma="." pos="X">.</wf>
      </sentence>
      <sentence id="d000.s8313" source="wordnet-bulgarian">
         <wf lemma="натискам" pos="X">натискам</wf>
         <instance id="d000.s8313.t000" lemma="спирачка" pos="NOUN">спирачки</instance>
         <wf lemma="." pos="X">.</wf>
      </sentence>
      <sentence id="d000.s8314" source="wordnet-bulgarian">
         <wf lemma="По" pos="X">По</wf>
         <wf lemma="време" pos="X">време</wf>
         <wf lemma="на" pos="X">на</wf>
         <instance id="d000.s8314.t000" lemma="закуска" pos="NOUN">закуската</instance>
         <wf lemma="ми" pos="X">ми</wf>
         <wf lemma="звъннаха" pos="X">звъннаха</wf>
         <wf lemma="по" pos="X">по</wf>
         <wf lemma="телефона" pos="X">телефона</wf>
         <wf lemma="." pos="X">.</wf>
      </sentence>
      <sentence id="d000.s8315" source="wordnet-bulgarian">
         <wf lemma="играя" pos="X">играя</wf>
         <instance id="d000.s8315.t000" lemma="футбол" pos="NOUN">футбол</instance>
         <wf lemma="." pos="X">.</wf>
      </sentence>
      <sentence id="d000.s8316" source="wordnet-bulgarian">
         <wf lemma="Очите" pos="X">Очите</wf>
         <wf lemma="му" pos="X">му</wf>
         <wf lemma="се" pos="X">се</wf>
         <wf lemma="напълниха" pos="X">напълниха</wf>
         <wf lemma="със" pos="X">със</wf>
         <instance id="d000.s8316.t000" lemma="сълза" pos="NOUN">сълзи</instance>
         <wf lemma="." pos="X">.</wf>
      </sentence>
      <sentence id="d000.s8317" source="wordnet-bulgarian">
         <wf lemma="Ходатайството" pos="X">Ходатайството</wf>
         <wf lemma="довежда" pos="X">довежда</wf>
         <wf lemma="и" pos="X">и</wf>
         <wf lemma="до" pos="X">до</wf>
         <instance id="d000.s8317.t000" lemma="корупция" pos="NOUN">корупция</instance>
         <wf lemma="." pos="X">.</wf>
      </sentence>
      <sentence id="d000.s8318" source="wordnet-bulgarian">
         <wf lemma="твърдо" pos="X">твърдо</wf>
         <instance id="d000.s8318.t000" lemma="вещество" pos="NOUN">вещество</instance>
         <wf lemma="." pos="X">.</wf>
      </sentence>
      <sentence id="d000.s8319" source="wordnet-bulgarian">
         <wf lemma="неоспорим" pos="X">неоспорим</wf>
         <instance id="d000.s8319.t000" lemma="факт" pos="NOUN">факт</instance>
         <wf lemma="." pos="X">.</wf>
      </sentence>
      <sentence id="d000.s8320" source="wordnet-bulgarian">
         <instance id="d000.s8320.t000" lemma="карта" pos="NOUN">карта</instance>
         <wf lemma="на" pos="X">на</wf>
         <wf lemma="." pos="X">.</wf>
      </sentence>
      <sentence id="d000.s8321" source="wordnet-bulgarian">
         <wf lemma="Съседът" pos="X">Съседът</wf>
         <wf lemma="ми" pos="X">ми</wf>
         <wf lemma="е" pos="X">е</wf>
         <wf lemma="голям" pos="X">голям</wf>
         <instance id="d000.s8321.t000" lemma="досадник" pos="NOUN">досадник</instance>
         <wf lemma="." pos="X">.</wf>
      </sentence>
      <sentence id="d000.s8322" source="wordnet-bulgarian">
         <instance id="d000.s8322.t000" lemma="дъжд" pos="NOUN">Дъждът</instance>
         <wf lemma="спря" pos="X">спря</wf>
         <wf lemma="." pos="X">.</wf>
      </sentence>
      <sentence id="d000.s8323" source="wordnet-bulgarian">
         <wf lemma="Задължително" pos="X">Задължително</wf>
         <wf lemma="ти" pos="X">ти</wf>
         <wf lemma="трябва" pos="X">трябва</wf>
         <instance id="d000.s8323.t000" lemma="адвокат" pos="NOUN">адвокат</instance>
         <wf lemma="." pos="X">.</wf>
      </sentence>
      <sentence id="d000.s8324" source="wordnet-bulgarian">
         <wf lemma="товарен" pos="X">товарен</wf>
         <instance id="d000.s8324.t000" lemma="влак" pos="NOUN">влак</instance>
         <wf lemma="." pos="X">.</wf>
      </sentence>
      <sentence id="d000.s8325" source="wordnet-bulgarian">
         <instance id="d000.s8325.t000" lemma="сърце" pos="NOUN">Сърцето</instance>
         <wf lemma="ми" pos="X">ми</wf>
         <wf lemma="принадлежи" pos="X">принадлежи</wf>
         <wf lemma="на" pos="X">на</wf>
         <wf lemma="друг" pos="X">друг</wf>
         <wf lemma="." pos="X">.</wf>
      </sentence>
      <sentence id="d000.s8326" source="wordnet-bulgarian">
         <wf lemma="лекарствена" pos="X">лекарствена</wf>
         <instance id="d000.s8326.t000" lemma="зависимост" pos="NOUN">зависимост</instance>
         <wf lemma="." pos="X">.</wf>
      </sentence>
      <sentence id="d000.s8327" source="wordnet-bulgarian">
         <instance id="d000.s8327.t000" lemma="сметка" pos="NOUN">Сметката</instance>
         <wf lemma="ни" pos="X">ни</wf>
         <wf lemma="в" pos="X">в</wf>
         <wf lemma="ресторанта" pos="X">ресторанта</wf>
         <wf lemma="излезе" pos="X">излезе</wf>
         <wf lemma="доста" pos="X">доста</wf>
         <wf lemma="голяма" pos="X">голяма</wf>
         <wf lemma="." pos="X">.</wf>
      </sentence>
      <sentence id="d000.s8328" source="wordnet-bulgarian">
         <wf lemma="изоставена" pos="X">изоставена</wf>
         <instance id="d000.s8328.t000" lemma="постройка" pos="NOUN">постройка</instance>
         <wf lemma="." pos="X">.</wf>
      </sentence>
      <sentence id="d000.s8329" source="wordnet-bulgarian">
         <wf lemma="на" pos="X">на</wf>
         <wf lemma="този" pos="X">този</wf>
         <instance id="d000.s8329.t000" lemma="етап" pos="NOUN">етап</instance>
         <wf lemma="." pos="X">.</wf>
      </sentence>
      <sentence id="d000.s8330" source="wordnet-bulgarian">
         <wf lemma="от" pos="X">от</wf>
         <wf lemma="определен" pos="X">определен</wf>
         <instance id="d000.s8330.t000" lemma="аспект" pos="NOUN">аспект</instance>
         <wf lemma="." pos="X">.</wf>
      </sentence>
      <sentence id="d000.s8331" source="wordnet-bulgarian">
         <wf lemma="има" pos="X">има</wf>
         <instance id="d000.s8331.t000" lemma="работа" pos="NOUN">работа</instance>
         <wf lemma="за" pos="X">за</wf>
         <wf lemma="всички" pos="X">всички</wf>
         <wf lemma="." pos="X">.</wf>
      </sentence>
      <sentence id="d000.s8332" source="wordnet-bulgarian">
         <wf lemma="химическа" pos="X">химическа</wf>
         <instance id="d000.s8332.t000" lemma="формула" pos="NOUN">формула</instance>
         <wf lemma="." pos="X">.</wf>
      </sentence>
      <sentence id="d000.s8333" source="wordnet-bulgarian">
         <wf lemma="личен" pos="X">личен</wf>
         <instance id="d000.s8333.t000" lemma="коментар" pos="NOUN">коментар</instance>
         <wf lemma="." pos="X">.</wf>
      </sentence>
      <sentence id="d000.s8334" source="wordnet-bulgarian">
         <wf lemma="месни" pos="X">месни</wf>
         <instance id="d000.s8334.t000" lemma="консерва" pos="NOUN">консерви</instance>
         <wf lemma="." pos="X">.</wf>
      </sentence>
      <sentence id="d000.s8335" source="wordnet-bulgarian">
         <wf lemma="ветроходна" pos="X">ветроходна</wf>
         <instance id="d000.s8335.t000" lemma="яхта" pos="NOUN">яхта</instance>
         <wf lemma="." pos="X">.</wf>
      </sentence>
      <sentence id="d000.s8336" source="wordnet-bulgarian">
         <wf lemma="магазин" pos="X">магазин</wf>
         <wf lemma="за" pos="X">за</wf>
         <instance id="d000.s8336.t000" lemma="бельо" pos="NOUN">бельо</instance>
         <wf lemma="." pos="X">.</wf>
      </sentence>
      <sentence id="d000.s8337" source="wordnet-bulgarian">
         <wf lemma="планинска" pos="X">планинска</wf>
         <instance id="d000.s8337.t000" lemma="вода" pos="NOUN">вода</instance>
         <wf lemma="." pos="X">.</wf>
      </sentence>
      <sentence id="d000.s8338" source="wordnet-bulgarian">
         <wf lemma="пред" pos="X">пред</wf>
         <instance id="d000.s8338.t000" lemma="вход" pos="NOUN">входа</instance>
         <wf lemma="." pos="X">.</wf>
      </sentence>
      <sentence id="d000.s8339" source="wordnet-bulgarian">
         <wf lemma="дъждовни" pos="X">дъждовни</wf>
         <instance id="d000.s8339.t000" lemma="облак" pos="NOUN">облаци</instance>
         <wf lemma="." pos="X">.</wf>
      </sentence>
      <sentence id="d000.s8340" source="wordnet-bulgarian">
         <instance id="d000.s8340.t000" lemma="тяло" pos="NOUN">Тялото</instance>
         <wf lemma="й" pos="X">й</wf>
         <wf lemma="се" pos="X">се</wf>
         <wf lemma="движеше" pos="X">движеше</wf>
         <wf lemma="плавно" pos="X">плавно</wf>
         <wf lemma="в" pos="X">в</wf>
         <wf lemma="такта" pos="X">такта</wf>
         <wf lemma="на" pos="X">на</wf>
         <wf lemma="музиката" pos="X">музиката</wf>
         <wf lemma="." pos="X">.</wf>
      </sentence>
      <sentence id="d000.s8341" source="wordnet-bulgarian">
         <wf lemma="пуша" pos="X">пуша</wf>
         <instance id="d000.s8341.t000" lemma="трева" pos="NOUN">трева</instance>
         <wf lemma="." pos="X">.</wf>
      </sentence>
      <sentence id="d000.s8342" source="wordnet-bulgarian">
         <wf lemma="каменна" pos="X">каменна</wf>
         <instance id="d000.s8342.t000" lemma="основа" pos="NOUN">основа</instance>
         <wf lemma="." pos="X">.</wf>
      </sentence>
      <sentence id="d000.s8343" source="wordnet-bulgarian">
         <instance id="d000.s8343.t000" lemma="имам" pos="VERB">Имам</instance>
         <wf lemma="влог" pos="X">влог</wf>
         <wf lemma="в" pos="X">в</wf>
         <wf lemma="банката" pos="X">банката</wf>
         <wf lemma="." pos="X">.</wf>
      </sentence>
      <sentence id="d000.s8344" source="wordnet-bulgarian">
         <wf lemma="учредително" pos="X">учредително</wf>
         <instance id="d000.s8344.t000" lemma="събрание" pos="NOUN">събрание</instance>
         <wf lemma="." pos="X">.</wf>
      </sentence>
      <sentence id="d000.s8345" source="wordnet-bulgarian">
         <wf lemma="нежна" pos="X">нежна</wf>
         <instance id="d000.s8345.t000" lemma="ръка" pos="NOUN">ръка</instance>
         <wf lemma="." pos="X">.</wf>
      </sentence>
      <sentence id="d000.s8346" source="wordnet-bulgarian">
         <instance id="d000.s8346.t000" lemma="вила" pos="NOUN">вила</instance>
         <wf lemma="на" pos="X">на</wf>
         <wf lemma="брега" pos="X">брега</wf>
         <wf lemma="на" pos="X">на</wf>
         <wf lemma="морето" pos="X">морето</wf>
         <wf lemma="." pos="X">.</wf>
      </sentence>
      <sentence id="d000.s8347" source="wordnet-bulgarian">
         <wf lemma="лека" pos="X">лека</wf>
         <instance id="d000.s8347.t000" lemma="цигара" pos="NOUN">цигара</instance>
         <wf lemma="." pos="X">.</wf>
      </sentence>
      <sentence id="d000.s8348" source="wordnet-bulgarian">
         <wf lemma="Започвам" pos="X">Започвам</wf>
         <wf lemma="да" pos="X">да</wf>
         <wf lemma="броя" pos="X">броя</wf>
         <instance id="d000.s8348.t000" lemma="ден" pos="NOUN">дните</instance>
         <wf lemma="от" pos="X">от</wf>
         <wf lemma="утре" pos="X">утре</wf>
         <wf lemma="." pos="X">.</wf>
      </sentence>
      <sentence id="d000.s8349" source="wordnet-bulgarian">
         <instance id="d000.s8349.t000" lemma="формула" pos="NOUN">формула</instance>
         <wf lemma="за" pos="X">за</wf>
         <wf lemma="обем" pos="X">обем</wf>
         <wf lemma="." pos="X">.</wf>
      </sentence>
      <sentence id="d000.s8350" source="wordnet-bulgarian">
         <wf lemma="оригинална" pos="X">оригинална</wf>
         <instance id="d000.s8350.t000" lemma="формулировка" pos="NOUN">формулировка</instance>
         <wf lemma="." pos="X">.</wf>
      </sentence>
      <sentence id="d000.s8351" source="wordnet-bulgarian">
         <wf lemma="тиха" pos="X">тиха</wf>
         <instance id="d000.s8351.t000" lemma="улица" pos="NOUN">улица</instance>
         <wf lemma="." pos="X">.</wf>
      </sentence>
      <sentence id="d000.s8352" source="wordnet-bulgarian">
         <instance id="d000.s8352.t000" lemma="абсорбция" pos="NOUN">абсорбция</instance>
         <wf lemma="на" pos="X">на</wf>
         <wf lemma="." pos="X">.</wf>
      </sentence>
      <sentence id="d000.s8353" source="wordnet-bulgarian">
         <wf lemma="литературен" pos="X">литературен</wf>
         <instance id="d000.s8353.t000" lemma="критик" pos="NOUN">критик</instance>
         <wf lemma="." pos="X">.</wf>
      </sentence>
      <sentence id="d000.s8354" source="wordnet-bulgarian">
         <instance id="d000.s8354.t000" lemma="завръщане" pos="NOUN">завръщане</instance>
         <wf lemma="на" pos="X">на</wf>
         <wf lemma="сцената" pos="X">сцената</wf>
         <wf lemma="." pos="X">.</wf>
      </sentence>
      <sentence id="d000.s8355" source="wordnet-bulgarian">
         <wf lemma="умствен" pos="X">умствен</wf>
         <instance id="d000.s8355.t000" lemma="потенциал" pos="NOUN">потенциал</instance>
         <wf lemma="." pos="X">.</wf>
      </sentence>
      <sentence id="d000.s8356" source="wordnet-bulgarian">
         <wf lemma="червена" pos="X">червена</wf>
         <instance id="d000.s8356.t000" lemma="роза" pos="NOUN">роза</instance>
         <wf lemma="." pos="X">.</wf>
      </sentence>
      <sentence id="d000.s8357" source="wordnet-bulgarian">
         <wf lemma="Имам" pos="X">Имам</wf>
         <wf lemma="красива" pos="X">красива</wf>
         <instance id="d000.s8357.t000" lemma="жена" pos="NOUN">жена</instance>
         <wf lemma="." pos="X">.</wf>
      </sentence>
      <sentence id="d000.s8358" source="wordnet-bulgarian">
         <instance id="d000.s8358.t000" lemma="търся" pos="VERB">търся</instance>
         <wf lemma="подарък" pos="X">подарък</wf>
         <wf lemma="." pos="X">.</wf>
      </sentence>
      <sentence id="d000.s8359" source="wordnet-bulgarian">
         <wf lemma="плавен" pos="X">плавен</wf>
         <instance id="d000.s8359.t000" lemma="преход" pos="NOUN">преход</instance>
         <wf lemma="." pos="X">.</wf>
      </sentence>
      <sentence id="d000.s8360" source="wordnet-bulgarian">
         <wf lemma="нощен" pos="X">нощен</wf>
         <instance id="d000.s8360.t000" lemma="патрул" pos="NOUN">патрул</instance>
         <wf lemma="." pos="X">.</wf>
      </sentence>
      <sentence id="d000.s8361" source="wordnet-bulgarian">
         <wf lemma="неспокоен" pos="X">неспокоен</wf>
         <instance id="d000.s8361.t000" lemma="сън" pos="NOUN">сън</instance>
         <wf lemma="." pos="X">.</wf>
      </sentence>
      <sentence id="d000.s8362" source="wordnet-bulgarian">
         <wf lemma="слаб" pos="X">слаб</wf>
         <instance id="d000.s8362.t000" lemma="чай" pos="NOUN">чай</instance>
         <wf lemma="." pos="X">.</wf>
      </sentence>
      <sentence id="d000.s8363" source="wordnet-bulgarian">
         <instance id="d000.s8363.t000" lemma="свят" pos="NOUN">Светът</instance>
         <wf lemma="ще" pos="X">ще</wf>
         <wf lemma="се" pos="X">се</wf>
         <wf lemma="почуди" pos="X">почуди</wf>
         <wf lemma="." pos="X">.</wf>
      </sentence>
      <sentence id="d000.s8364" source="wordnet-bulgarian">
         <wf lemma="добре" pos="X">добре</wf>
         <wf lemma="подготвена" pos="X">подготвена</wf>
         <wf lemma="и" pos="X">и</wf>
         <wf lemma="организирана" pos="X">организирана</wf>
         <instance id="d000.s8364.t000" lemma="кампания" pos="NOUN">кампания</instance>
         <wf lemma="." pos="X">.</wf>
      </sentence>
      <sentence id="d000.s8365" source="wordnet-bulgarian">
         <wf lemma="профсионално" pos="X">профсионално</wf>
         <instance id="d000.s8365.t000" lemma="образование" pos="NOUN">образование</instance>
         <wf lemma="." pos="X">.</wf>
      </sentence>
      <sentence id="d000.s8366" source="wordnet-bulgarian">
         <wf lemma="коремен" pos="X">коремен</wf>
         <instance id="d000.s8366.t000" lemma="мускул" pos="NOUN">мускул</instance>
         <wf lemma="." pos="X">.</wf>
      </sentence>
      <sentence id="d000.s8367" source="wordnet-bulgarian">
         <wf lemma="правя" pos="X">правя</wf>
         <wf lemma="си" pos="X">си</wf>
         <instance id="d000.s8367.t000" lemma="застраховка" pos="NOUN">застраховка</instance>
         <wf lemma="." pos="X">.</wf>
      </sentence>
      <sentence id="d000.s8368" source="wordnet-bulgarian">
         <instance id="d000.s8368.t000" lemma="дефицит" pos="NOUN">дефицит</instance>
         <wf lemma="на" pos="X">на</wf>
         <wf lemma="храна" pos="X">храна</wf>
         <wf lemma="." pos="X">.</wf>
      </sentence>
      <sentence id="d000.s8369" source="wordnet-bulgarian">
         <wf lemma="ръчна" pos="X">ръчна</wf>
         <instance id="d000.s8369.t000" lemma="количка" pos="NOUN">количка</instance>
         <wf lemma="." pos="X">.</wf>
      </sentence>
      <sentence id="d000.s8370" source="wordnet-bulgarian">
         <instance id="d000.s8370.t000" lemma="черупка" pos="NOUN">черупка</instance>
         <wf lemma="от" pos="X">от</wf>
         <wf lemma="яйце" pos="X">яйце</wf>
         <wf lemma="." pos="X">.</wf>
      </sentence>
      <sentence id="d000.s8371" source="wordnet-bulgarian">
         <wf lemma="държа" pos="X">държа</wf>
         <wf lemma="в" pos="X">в</wf>
         <instance id="d000.s8371.t000" lemma="клетка" pos="NOUN">клетка</instance>
         <wf lemma="." pos="X">.</wf>
      </sentence>
      <sentence id="d000.s8372" source="wordnet-bulgarian">
         <wf lemma="Обичам" pos="X">Обичам</wf>
         <instance id="d000.s8372.t000" lemma="планина" pos="NOUN">планината</instance>
         <wf lemma="през" pos="X">през</wf>
         <wf lemma="зимата" pos="X">зимата</wf>
         <wf lemma="." pos="X">.</wf>
      </sentence>
      <sentence id="d000.s8373" source="wordnet-bulgarian">
         <wf lemma="съвместна" pos="X">съвместна</wf>
         <instance id="d000.s8373.t000" lemma="работа" pos="NOUN">работа</instance>
         <wf lemma="." pos="X">.</wf>
      </sentence>
      <sentence id="d000.s8374" source="wordnet-bulgarian">
         <wf lemma="голяма" pos="X">голяма</wf>
         <instance id="d000.s8374.t000" lemma="река" pos="NOUN">река</instance>
         <wf lemma="." pos="X">.</wf>
      </sentence>
      <sentence id="d000.s8375" source="wordnet-bulgarian">
         <wf lemma="В" pos="X">В</wf>
         <wf lemma="далечината" pos="X">далечината</wf>
         <wf lemma="се" pos="X">се</wf>
         <wf lemma="виждаха" pos="X">виждаха</wf>
         <wf lemma="очертанията" pos="X">очертанията</wf>
         <wf lemma="на" pos="X">на</wf>
         <instance id="d000.s8375.t000" lemma="бряг" pos="NOUN">брега</instance>
         <wf lemma="." pos="X">.</wf>
      </sentence>
      <sentence id="d000.s8376" source="wordnet-bulgarian">
         <wf lemma="Често" pos="X">Често</wf>
         <wf lemma="разхождам" pos="X">разхождам</wf>
         <wf lemma="кучето" pos="X">кучето</wf>
         <wf lemma="по" pos="X">по</wf>
         <instance id="d000.s8376.t000" lemma="алея" pos="NOUN">алеята</instance>
         <wf lemma="." pos="X">.</wf>
      </sentence>
      <sentence id="d000.s8377" source="wordnet-bulgarian">
         <wf lemma="правя" pos="X">правя</wf>
         <instance id="d000.s8377.t000" lemma="опровержение" pos="NOUN">опровержение</instance>
         <wf lemma="." pos="X">.</wf>
      </sentence>
      <sentence id="d000.s8378" source="wordnet-bulgarian">
         <wf lemma="играя" pos="X">играя</wf>
         <wf lemma="в" pos="X">в</wf>
         <instance id="d000.s8378.t000" lemma="представление" pos="NOUN">представление</instance>
         <wf lemma="." pos="X">.</wf>
      </sentence>
      <sentence id="d000.s8379" source="wordnet-bulgarian">
         <wf lemma="Прескача" pos="X">Прескача</wf>
         <wf lemma="ми" pos="X">ми</wf>
         <instance id="d000.s8379.t000" lemma="сърце" pos="NOUN">сърцето</instance>
         <wf lemma="." pos="X">.</wf>
      </sentence>
      <sentence id="d000.s8380" source="wordnet-bulgarian">
         <wf lemma="музикално" pos="X">музикално</wf>
         <instance id="d000.s8380.t000" lemma="представление" pos="NOUN">представление</instance>
         <wf lemma="." pos="X">.</wf>
      </sentence>
      <sentence id="d000.s8381" source="wordnet-bulgarian">
         <instance id="d000.s8381.t000" lemma="колебание" pos="NOUN">колебания</instance>
         <wf lemma="в" pos="X">в</wf>
         <wf lemma="климата" pos="X">климата</wf>
         <wf lemma="." pos="X">.</wf>
      </sentence>
      <sentence id="d000.s8382" source="wordnet-bulgarian">
         <wf lemma="правя" pos="X">правя</wf>
         <instance id="d000.s8382.t000" lemma="резюме" pos="NOUN">резюме</instance>
         <wf lemma="на" pos="X">на</wf>
         <wf lemma="." pos="X">.</wf>
      </sentence>
      <sentence id="d000.s8383" source="wordnet-bulgarian">
         <wf lemma="синьо" pos="X">синьо</wf>
         <instance id="d000.s8383.t000" lemma="небе" pos="NOUN">небе</instance>
         <wf lemma="." pos="X">.</wf>
      </sentence>
      <sentence id="d000.s8384" source="wordnet-bulgarian">
         <wf lemma="спасявам" pos="X">спасявам</wf>
         <wf lemma="от" pos="X">от</wf>
         <instance id="d000.s8384.t000" lemma="банкрут" pos="NOUN">банкрут</instance>
         <wf lemma="." pos="X">.</wf>
      </sentence>
      <sentence id="d000.s8385" source="wordnet-bulgarian">
         <instance id="d000.s8385.t000" lemma="стачка" pos="NOUN">Стачката</instance>
         <wf lemma="бе" pos="X">бе</wf>
         <wf lemma="прекратена" pos="X">прекратена</wf>
         <wf lemma="." pos="X">.</wf>
      </sentence>
      <sentence id="d000.s8386" source="wordnet-bulgarian">
         <wf lemma="В" pos="X">В</wf>
         <wf lemma="магазина" pos="X">магазина</wf>
         <wf lemma="имаше" pos="X">имаше</wf>
         <instance id="d000.s8386.t000" lemma="витрина" pos="NOUN">витрина</instance>
         <wf lemma="с" pos="X">с</wf>
         <wf lemma="изложени" pos="X">изложени</wf>
         <wf lemma="скъпи" pos="X">скъпи</wf>
         <wf lemma="бижута" pos="X">бижута</wf>
         <wf lemma="." pos="X">.</wf>
      </sentence>
      <sentence id="d000.s8387" source="wordnet-bulgarian">
         <wf lemma="димящ" pos="X">димящ</wf>
         <instance id="d000.s8387.t000" lemma="вулкан" pos="NOUN">вулкан</instance>
         <wf lemma="." pos="X">.</wf>
      </sentence>
      <sentence id="d000.s8388" source="wordnet-bulgarian">
         <wf lemma="Трябва" pos="X">Трябва</wf>
         <wf lemma="да" pos="X">да</wf>
         <instance id="d000.s8388.t000" lemma="привлека" pos="VERB">привлечем</instance>
         <wf lemma="нови" pos="X">нови</wf>
         <wf lemma="членове" pos="X">членове</wf>
         <wf lemma="." pos="X">.</wf>
      </sentence>
      <sentence id="d000.s8389" source="wordnet-bulgarian">
         <instance id="d000.s8389.t000" lemma="предложение" pos="NOUN">предложение</instance>
         <wf lemma="за" pos="X">за</wf>
         <wf lemma="женитба" pos="X">женитба</wf>
         <wf lemma="." pos="X">.</wf>
      </sentence>
      <sentence id="d000.s8390" source="wordnet-bulgarian">
         <wf lemma="стъкла" pos="X">стъкла</wf>
         <wf lemma="за" pos="X">за</wf>
         <instance id="d000.s8390.t000" lemma="прозорец" pos="NOUN">прозорци</instance>
         <wf lemma="." pos="X">.</wf>
      </sentence>
      <sentence id="d000.s8391" source="wordnet-bulgarian">
         <wf lemma="взаимна" pos="X">взаимна</wf>
         <instance id="d000.s8391.t000" lemma="подкрепа" pos="NOUN">подкрепа</instance>
         <wf lemma="." pos="X">.</wf>
      </sentence>
      <sentence id="d000.s8392" source="wordnet-bulgarian">
         <wf lemma="Когато" pos="X">Когато</wf>
         <wf lemma="ти" pos="X">ти</wf>
         <wf lemma="си" pos="X">си</wf>
         <wf lemma="тръгна" pos="X">тръгна</wf>
         <wf lemma="," pos="X">,</wf>
         <wf lemma="около" pos="X">около</wf>
         <wf lemma="мен" pos="X">мен</wf>
         <wf lemma="сякаш" pos="X">сякаш</wf>
         <wf lemma="се" pos="X">се</wf>
         <wf lemma="образува" pos="X">образува</wf>
         <instance id="d000.s8392.t000" lemma="вакуум" pos="NOUN">вакуум</instance>
         <wf lemma="и" pos="X">и</wf>
         <wf lemma="аз" pos="X">аз</wf>
         <wf lemma="се" pos="X">се</wf>
         <wf lemma="почувствах" pos="X">почувствах</wf>
         <wf lemma="страшно" pos="X">страшно</wf>
         <wf lemma="самотна" pos="X">самотна</wf>
         <wf lemma="." pos="X">.</wf>
      </sentence>
      <sentence id="d000.s8393" source="wordnet-bulgarian">
         <wf lemma="Тя" pos="X">Тя</wf>
         <instance id="d000.s8393.t000" lemma="спелувам" pos="VERB">спелува</instance>
         <wf lemma="вярно" pos="X">вярно</wf>
         <wf lemma="тази" pos="X">тази</wf>
         <wf lemma="дума" pos="X">дума</wf>
         <wf lemma="." pos="X">.</wf>
      </sentence>
      <sentence id="d000.s8394" source="wordnet-bulgarian">
         <wf lemma="среден" pos="X">среден</wf>
         <instance id="d000.s8394.t000" lemma="бизнес" pos="NOUN">бизнес</instance>
         <wf lemma="." pos="X">.</wf>
      </sentence>
      <sentence id="d000.s8395" source="wordnet-bulgarian">
         <wf lemma="стъклен" pos="X">стъклен</wf>
         <instance id="d000.s8395.t000" lemma="купол" pos="NOUN">купол</instance>
         <wf lemma="." pos="X">.</wf>
      </sentence>
      <sentence id="d000.s8396" source="wordnet-bulgarian">
         <wf lemma="запустял" pos="X">запустял</wf>
         <instance id="d000.s8396.t000" lemma="двор" pos="NOUN">двор</instance>
         <wf lemma="." pos="X">.</wf>
      </sentence>
      <sentence id="d000.s8397" source="wordnet-bulgarian">
         <instance id="d000.s8397.t000" lemma="абонат" pos="NOUN">абонати</instance>
         <wf lemma="за" pos="X">за</wf>
         <wf lemma="списание" pos="X">списание</wf>
         <wf lemma="." pos="X">.</wf>
      </sentence>
      <sentence id="d000.s8398" source="wordnet-bulgarian">
         <wf lemma="с" pos="X">с</wf>
         <wf lemma="теб" pos="X">теб</wf>
         <wf lemma="ме" pos="X">ме</wf>
         <wf lemma="свързват" pos="X">свързват</wf>
         <wf lemma="само" pos="X">само</wf>
         <wf lemma="професионални" pos="X">професионални</wf>
         <instance id="d000.s8398.t000" lemma="връзка" pos="NOUN">връзки</instance>
         <wf lemma="." pos="X">.</wf>
      </sentence>
      <sentence id="d000.s8399" source="wordnet-bulgarian">
         <wf lemma="Движи" pos="X">Движи</wf>
         <wf lemma="се" pos="X">се</wf>
         <wf lemma="с" pos="X">с</wf>
         <wf lemma="непозволена" pos="X">непозволена</wf>
         <instance id="d000.s8399.t000" lemma="скорост" pos="NOUN">скорост</instance>
         <wf lemma="." pos="X">.</wf>
      </sentence>
      <sentence id="d000.s8400" source="wordnet-bulgarian">
         <wf lemma="Бързата" pos="X">Бързата</wf>
         <instance id="d000.s8400.t000" lemma="кучка" pos="NOUN">кучка</instance>
         <wf lemma="слепи" pos="X">слепи</wf>
         <wf lemma="ги" pos="X">ги</wf>
         <wf lemma="ражда" pos="X">ражда</wf>
         <wf lemma="." pos="X">.</wf>
      </sentence>
      <sentence id="d000.s8401" source="wordnet-bulgarian">
         <wf lemma="Довечера" pos="X">Довечера</wf>
         <wf lemma="ще" pos="X">ще</wf>
         <wf lemma="гледаме" pos="X">гледаме</wf>
         <instance id="d000.s8401.t000" lemma="мач" pos="NOUN">мач</instance>
         <wf lemma="." pos="X">.</wf>
      </sentence>
      <sentence id="d000.s8402" source="wordnet-bulgarian">
         <wf lemma="За" pos="X">За</wf>
         <wf lemma="десерт" pos="X">десерт</wf>
         <wf lemma="ще" pos="X">ще</wf>
         <wf lemma="има" pos="X">има</wf>
         <instance id="d000.s8402.t000" lemma="пудинг" pos="NOUN">пудинг</instance>
         <wf lemma="." pos="X">.</wf>
      </sentence>
      <sentence id="d000.s8403" source="wordnet-bulgarian">
         <instance id="d000.s8403.t000" lemma="позиция" pos="NOUN">Позициите</instance>
         <wf lemma="ни" pos="X">ни</wf>
         <wf lemma="на" pos="X">на</wf>
         <wf lemma="пазара" pos="X">пазара</wf>
         <wf lemma="намаляват" pos="X">намаляват</wf>
         <wf lemma="." pos="X">.</wf>
      </sentence>
      <sentence id="d000.s8404" source="wordnet-bulgarian">
         <wf lemma="средновековен" pos="X">средновековен</wf>
         <instance id="d000.s8404.t000" lemma="замък" pos="NOUN">замък</instance>
         <wf lemma="." pos="X">.</wf>
      </sentence>
      <sentence id="d000.s8405" source="wordnet-bulgarian">
         <wf lemma="оригинален" pos="X">оригинален</wf>
         <instance id="d000.s8405.t000" lemma="костюм" pos="NOUN">костюм</instance>
         <wf lemma="." pos="X">.</wf>
      </sentence>
      <sentence id="d000.s8406" source="wordnet-bulgarian">
         <wf lemma="Всяка" pos="X">Всяка</wf>
         <instance id="d000.s8406.t000" lemma="прилика" pos="NOUN">прилика</instance>
         <wf lemma="с" pos="X">с</wf>
         <wf lemma="действителна" pos="X">действителна</wf>
         <wf lemma="лица" pos="X">лица</wf>
         <wf lemma="и" pos="X">и</wf>
         <wf lemma="събития" pos="X">събития</wf>
         <wf lemma="е" pos="X">е</wf>
         <wf lemma="случайна" pos="X">случайна</wf>
         <wf lemma="." pos="X">.</wf>
      </sentence>
      <sentence id="d000.s8407" source="wordnet-bulgarian">
         <wf lemma="селскостопански" pos="X">селскостопански</wf>
         <instance id="d000.s8407.t000" lemma="машина" pos="NOUN">машини</instance>
         <wf lemma="." pos="X">.</wf>
      </sentence>
      <sentence id="d000.s8408" source="wordnet-bulgarian">
         <wf lemma="светогорски" pos="X">светогорски</wf>
         <instance id="d000.s8408.t000" lemma="брат" pos="NOUN">братя</instance>
         <wf lemma="." pos="X">.</wf>
      </sentence>
      <sentence id="d000.s8409" source="wordnet-bulgarian">
         <wf lemma="пиша" pos="X">пиша</wf>
         <instance id="d000.s8409.t000" lemma="роман" pos="NOUN">роман</instance>
         <wf lemma="." pos="X">.</wf>
      </sentence>
      <sentence id="d000.s8410" source="wordnet-bulgarian">
         <wf lemma="давам" pos="X">давам</wf>
         <instance id="d000.s8410.t000" lemma="отчет" pos="NOUN">отчет</instance>
         <wf lemma="за" pos="X">за</wf>
         <wf lemma="." pos="X">.</wf>
      </sentence>
      <sentence id="d000.s8411" source="wordnet-bulgarian">
         <wf lemma="преден" pos="X">преден</wf>
         <instance id="d000.s8411.t000" lemma="отряд" pos="NOUN">отряд</instance>
         <wf lemma="." pos="X">.</wf>
      </sentence>
      <sentence id="d000.s8412" source="wordnet-bulgarian">
         <wf lemma="танкова" pos="X">танкова</wf>
         <instance id="d000.s8412.t000" lemma="атака" pos="NOUN">атака</instance>
         <wf lemma="." pos="X">.</wf>
      </sentence>
      <sentence id="d000.s8413" source="wordnet-bulgarian">
         <instance id="d000.s8413.t000" lemma="улавям" pos="VERB">улавям</instance>
         <wf lemma="за" pos="X">за</wf>
         <wf lemma="ръката" pos="X">ръката</wf>
         <wf lemma="." pos="X">.</wf>
      </sentence>
      <sentence id="d000.s8414" source="wordnet-bulgarian">
         <wf lemma="взимам" pos="X">взимам</wf>
         <instance id="d000.s8414.t000" lemma="преднина" pos="NOUN">преднина</instance>
         <wf lemma="." pos="X">.</wf>
      </sentence>
      <sentence id="d000.s8415" source="wordnet-bulgarian">
         <wf lemma="велика" pos="X">велика</wf>
         <instance id="d000.s8415.t000" lemma="банда" pos="NOUN">банда</instance>
         <wf lemma="." pos="X">.</wf>
      </sentence>
      <sentence id="d000.s8416" source="wordnet-bulgarian">
         <wf lemma="скъп" pos="X">скъп</wf>
         <instance id="d000.s8416.t000" lemma="хотел" pos="NOUN">хотел</instance>
         <wf lemma="." pos="X">.</wf>
      </sentence>
      <sentence id="d000.s8417" source="wordnet-bulgarian">
         <wf lemma="Ще" pos="X">Ще</wf>
         <wf lemma="нося" pos="X">нося</wf>
         <wf lemma="храна" pos="X">храна</wf>
         <wf lemma="на" pos="X">на</wf>
         <instance id="d000.s8417.t000" lemma="работник" pos="NOUN">работниците</instance>
         <wf lemma="." pos="X">.</wf>
      </sentence>
      <sentence id="d000.s8418" source="wordnet-bulgarian">
         <instance id="d000.s8418.t000" lemma="сума" pos="NOUN">Сумата</instance>
         <wf lemma="беше" pos="X">беше</wf>
         <wf lemma="малка" pos="X">малка</wf>
         <wf lemma="и" pos="X">и</wf>
         <wf lemma="аз" pos="X">аз</wf>
         <wf lemma="лесно" pos="X">лесно</wf>
         <wf lemma="му" pos="X">му</wf>
         <wf lemma="я" pos="X">я</wf>
         <wf lemma="изплатих" pos="X">изплатих</wf>
         <wf lemma="." pos="X">.</wf>
      </sentence>
      <sentence id="d000.s8419" source="wordnet-bulgarian">
         <wf lemma="Вдигнаха" pos="X">Вдигнаха</wf>
         <wf lemma="златен" pos="X">златен</wf>
         <instance id="d000.s8419.t000" lemma="купол" pos="NOUN">купол</instance>
         <wf lemma="върху" pos="X">върху</wf>
         <wf lemma="камбанарията" pos="X">камбанарията</wf>
         <wf lemma="на" pos="X">на</wf>
         <wf lemma="храма" pos="X">храма</wf>
         <wf lemma="." pos="X">.</wf>
      </sentence>
      <sentence id="d000.s8420" source="wordnet-bulgarian">
         <wf lemma="храня" pos="X">храня</wf>
         <instance id="d000.s8420.t000" lemma="надежда" pos="NOUN">надежди</instance>
         <wf lemma="." pos="X">.</wf>
      </sentence>
      <sentence id="d000.s8421" source="wordnet-bulgarian">
         <wf lemma="голямо" pos="X">голямо</wf>
         <instance id="d000.s8421.t000" lemma="предизвикателство" pos="NOUN">предизвикателство</instance>
         <wf lemma="." pos="X">.</wf>
      </sentence>
      <sentence id="d000.s8422" source="wordnet-bulgarian">
         <wf lemma="излагам" pos="X">излагам</wf>
         <wf lemma="се" pos="X">се</wf>
         <wf lemma="на" pos="X">на</wf>
         <instance id="d000.s8422.t000" lemma="опасност" pos="NOUN">опасност</instance>
         <wf lemma="." pos="X">.</wf>
      </sentence>
      <sentence id="d000.s8423" source="wordnet-bulgarian">
         <wf lemma="Навлязохме" pos="X">Навлязохме</wf>
         <wf lemma="в" pos="X">в</wf>
         <instance id="d000.s8423.t000" lemma="гора" pos="NOUN">гората</instance>
         <wf lemma="и" pos="X">и</wf>
         <wf lemma="наоколо" pos="X">наоколо</wf>
         <wf lemma="ни" pos="X">ни</wf>
         <wf lemma="се" pos="X">се</wf>
         <wf lemma="откри" pos="X">откри</wf>
         <wf lemma="приказна" pos="X">приказна</wf>
         <wf lemma="гледка" pos="X">гледка</wf>
         <wf lemma="." pos="X">.</wf>
      </sentence>
      <sentence id="d000.s8424" source="wordnet-bulgarian">
         <wf lemma="дългоочаквана" pos="X">дългоочаквана</wf>
         <instance id="d000.s8424.t000" lemma="пауза" pos="NOUN">пауза</instance>
         <wf lemma="." pos="X">.</wf>
      </sentence>
      <sentence id="d000.s8425" source="wordnet-bulgarian">
         <wf lemma="Драснах" pos="X">Драснах</wf>
         <wf lemma="една" pos="X">една</wf>
         <instance id="d000.s8425.t000" lemma="картичка" pos="NOUN">картичка</instance>
         <wf lemma="от" pos="X">от</wf>
         <wf lemma="морето" pos="X">морето</wf>
         <wf lemma="." pos="X">.</wf>
      </sentence>
      <sentence id="d000.s8426" source="wordnet-bulgarian">
         <instance id="d000.s8426.t000" lemma="дистрибутор" pos="NOUN">дистрибутор</instance>
         <wf lemma="на" pos="X">на</wf>
         <wf lemma="." pos="X">.</wf>
      </sentence>
      <sentence id="d000.s8427" source="wordnet-bulgarian">
         <wf lemma="доставна" pos="X">доставна</wf>
         <instance id="d000.s8427.t000" lemma="цена" pos="NOUN">цена</instance>
         <wf lemma="." pos="X">.</wf>
      </sentence>
      <sentence id="d000.s8428" source="wordnet-bulgarian">
         <wf lemma="минен" pos="X">минен</wf>
         <instance id="d000.s8428.t000" lemma="инженер" pos="NOUN">инженер</instance>
         <wf lemma="." pos="X">.</wf>
      </sentence>
      <sentence id="d000.s8429" source="wordnet-bulgarian">
         <wf lemma="фееричен" pos="X">фееричен</wf>
         <instance id="d000.s8429.t000" lemma="плат" pos="NOUN">плат</instance>
         <wf lemma="." pos="X">.</wf>
      </sentence>
      <sentence id="d000.s8430" source="wordnet-bulgarian">
         <wf lemma="просветна" pos="X">просветна</wf>
         <instance id="d000.s8430.t000" lemma="дейност" pos="NOUN">дейност</instance>
         <wf lemma="." pos="X">.</wf>
      </sentence>
      <sentence id="d000.s8431" source="wordnet-bulgarian">
         <instance id="d000.s8431.t000" lemma="завод" pos="NOUN">завод</instance>
         <wf lemma="за" pos="X">за</wf>
         <wf lemma="селскостопанска" pos="X">селскостопанска</wf>
         <wf lemma="техника" pos="X">техника</wf>
         <wf lemma="." pos="X">.</wf>
      </sentence>
      <sentence id="d000.s8432" source="wordnet-bulgarian">
         <wf lemma="на" pos="X">на</wf>
         <instance id="d000.s8432.t000" lemma="праг" pos="NOUN">прага</instance>
         <wf lemma="." pos="X">.</wf>
      </sentence>
      <sentence id="d000.s8433" source="wordnet-bulgarian">
         <wf lemma="любима" pos="X">любима</wf>
         <instance id="d000.s8433.t000" lemma="кукла" pos="NOUN">кукла</instance>
         <wf lemma="." pos="X">.</wf>
      </sentence>
      <sentence id="d000.s8434" source="wordnet-bulgarian">
         <wf lemma="отивам" pos="X">отивам</wf>
         <wf lemma="на" pos="X">на</wf>
         <instance id="d000.s8434.t000" lemma="помощ" pos="NOUN">помощ</instance>
         <wf lemma="." pos="X">.</wf>
      </sentence>
      <sentence id="d000.s8435" source="wordnet-bulgarian">
         <wf lemma="не" pos="X">не</wf>
         <wf lemma="се" pos="X">се</wf>
         <wf lemma="ползвам" pos="X">ползвам</wf>
         <wf lemma="с" pos="X">с</wf>
         <instance id="d000.s8435.t000" lemma="подкрепа" pos="NOUN">подкрепата</instance>
         <wf lemma="на" pos="X">на</wf>
         <wf lemma="." pos="X">.</wf>
      </sentence>
      <sentence id="d000.s8436" source="wordnet-bulgarian">
         <wf lemma="общински" pos="X">общински</wf>
         <instance id="d000.s8436.t000" lemma="кучкарник" pos="NOUN">кучкарник</instance>
         <wf lemma="." pos="X">.</wf>
      </sentence>
      <sentence id="d000.s8437" source="wordnet-bulgarian">
         <instance id="d000.s8437.t000" lemma="консерва" pos="NOUN">консерва</instance>
         <wf lemma="с" pos="X">с</wf>
         <wf lemma="месо" pos="X">месо</wf>
         <wf lemma="." pos="X">.</wf>
      </sentence>
      <sentence id="d000.s8438" source="wordnet-bulgarian">
         <wf lemma="Стига" pos="X">Стига</wf>
         <wf lemma="си" pos="X">си</wf>
         <wf lemma="си" pos="X">си</wf>
         <instance id="d000.s8438.t000" lemma="измисля" pos="VERB">измислял</instance>
         <wf lemma="." pos="X">.</wf>
      </sentence>
      <sentence id="d000.s8439" source="wordnet-bulgarian">
         <instance id="d000.s8439.t000" lemma="преследвам" pos="VERB">Преследвам</instance>
         <wf lemma="крадец" pos="X">крадец</wf>
         <wf lemma="." pos="X">.</wf>
      </sentence>
      <sentence id="d000.s8440" source="wordnet-bulgarian">
         <wf lemma="въртяща" pos="X">въртяща</wf>
         <wf lemma="се" pos="X">се</wf>
         <instance id="d000.s8440.t000" lemma="конструкция" pos="NOUN">конструкция</instance>
         <wf lemma="." pos="X">.</wf>
      </sentence>
      <sentence id="d000.s8441" source="wordnet-bulgarian">
         <wf lemma="чернодробна" pos="X">чернодробна</wf>
         <instance id="d000.s8441.t000" lemma="тъкан" pos="NOUN">тъкан</instance>
         <wf lemma="." pos="X">.</wf>
      </sentence>
      <sentence id="d000.s8442" source="wordnet-bulgarian">
         <wf lemma="ледников" pos="X">ледников</wf>
         <instance id="d000.s8442.t000" lemma="нанос" pos="NOUN">нанос</instance>
         <wf lemma="." pos="X">.</wf>
      </sentence>
      <sentence id="d000.s8443" source="wordnet-bulgarian">
         <wf lemma="по" pos="X">по</wf>
         <wf lemma="цели" pos="X">цели</wf>
         <instance id="d000.s8443.t000" lemma="час" pos="NOUN">часове</instance>
         <wf lemma="." pos="X">.</wf>
      </sentence>
      <sentence id="d000.s8444" source="wordnet-bulgarian">
         <wf lemma="Цялата" pos="X">Цялата</wf>
         <wf lemma="станах" pos="X">станах</wf>
         <wf lemma="в" pos="X">в</wf>
         <wf lemma="солени" pos="X">солени</wf>
         <instance id="d000.s8444.t000" lemma="пръска" pos="NOUN">пръски</instance>
         <wf lemma="от" pos="X">от</wf>
         <wf lemma="морските" pos="X">морските</wf>
         <wf lemma="вълни" pos="X">вълни</wf>
         <wf lemma="." pos="X">.</wf>
      </sentence>
      <sentence id="d000.s8445" source="wordnet-bulgarian">
         <wf lemma="подлагам" pos="X">подлагам</wf>
         <wf lemma="на" pos="X">на</wf>
         <instance id="d000.s8445.t000" lemma="мъчение" pos="NOUN">мъчения</instance>
         <wf lemma="." pos="X">.</wf>
      </sentence>
      <sentence id="d000.s8446" source="wordnet-bulgarian">
         <wf lemma="необуздан" pos="X">необуздан</wf>
         <instance id="d000.s8446.t000" lemma="гняв" pos="NOUN">гняв</instance>
         <wf lemma="." pos="X">.</wf>
      </sentence>
      <sentence id="d000.s8447" source="wordnet-bulgarian">
         <wf lemma="Задръжте" pos="X">Задръжте</wf>
         <instance id="d000.s8447.t000" lemma="ресто" pos="NOUN">рестото</instance>
         <wf lemma="!" pos="X">!</wf>
      </sentence>
      <sentence id="d000.s8448" source="wordnet-bulgarian">
         <wf lemma="намирам" pos="X">намирам</wf>
         <wf lemma="се" pos="X">се</wf>
         <wf lemma="в" pos="X">в</wf>
         <instance id="d000.s8448.t000" lemma="безопасност" pos="NOUN">безопасност</instance>
         <wf lemma="." pos="X">.</wf>
      </sentence>
      <sentence id="d000.s8449" source="wordnet-bulgarian">
         <wf lemma="Откараха" pos="X">Откараха</wf>
         <wf lemma="го" pos="X">го</wf>
         <wf lemma="в" pos="X">в</wf>
         <instance id="d000.s8449.t000" lemma="лудница" pos="NOUN">лудницата</instance>
         <wf lemma="." pos="X">.</wf>
      </sentence>
      <sentence id="d000.s8450" source="wordnet-bulgarian">
         <instance id="d000.s8450.t000" lemma="миграция" pos="NOUN">миграция</instance>
         <wf lemma="на" pos="X">на</wf>
         <wf lemma="птиците" pos="X">птиците</wf>
         <wf lemma="." pos="X">.</wf>
      </sentence>
      <sentence id="d000.s8451" source="wordnet-bulgarian">
         <wf lemma="тясна" pos="X">тясна</wf>
         <instance id="d000.s8451.t000" lemma="баня" pos="NOUN">баня</instance>
         <wf lemma="." pos="X">.</wf>
      </sentence>
      <sentence id="d000.s8452" source="wordnet-bulgarian">
         <wf lemma="На" pos="X">На</wf>
         <wf lemma="голямо" pos="X">голямо</wf>
         <instance id="d000.s8452.t000" lemma="разстояние" pos="NOUN">разстояние</instance>
         <wf lemma="сме" pos="X">сме</wf>
         <wf lemma="един" pos="X">един</wf>
         <wf lemma="от" pos="X">от</wf>
         <wf lemma="друг" pos="X">друг</wf>
         <wf lemma="." pos="X">.</wf>
      </sentence>
      <sentence id="d000.s8453" source="wordnet-bulgarian">
         <instance id="d000.s8453.t000" lemma="шапка" pos="NOUN">шапка</instance>
         <wf lemma="с" pos="X">с</wf>
         <wf lemma="голяма" pos="X">голяма</wf>
         <wf lemma="периферия" pos="X">периферия</wf>
         <wf lemma="." pos="X">.</wf>
      </sentence>
      <sentence id="d000.s8454" source="wordnet-bulgarian">
         <wf lemma="среден" pos="X">среден</wf>
         <instance id="d000.s8454.t000" lemma="пръст" pos="NOUN">пръст</instance>
         <wf lemma="." pos="X">.</wf>
      </sentence>
      <sentence id="d000.s8455" source="wordnet-bulgarian">
         <wf lemma="С" pos="X">С</wf>
         <wf lemma="тази" pos="X">тази</wf>
         <instance id="d000.s8455.t000" lemma="уста" pos="NOUN">уста</instance>
         <wf lemma="ям" pos="X">ям</wf>
         <wf lemma="." pos="X">.</wf>
      </sentence>
      <sentence id="d000.s8456" source="wordnet-bulgarian">
         <wf lemma="Разбрах" pos="X">Разбрах</wf>
         <wf lemma="," pos="X">,</wf>
         <wf lemma="че" pos="X">че</wf>
         <wf lemma="направих" pos="X">направих</wf>
         <instance id="d000.s8456.t000" lemma="грешка" pos="NOUN">грешка</instance>
         <wf lemma="," pos="X">,</wf>
         <wf lemma="но" pos="X">но</wf>
         <wf lemma="беше" pos="X">беше</wf>
         <wf lemma="късно" pos="X">късно</wf>
         <wf lemma="." pos="X">.</wf>
      </sentence>
      <sentence id="d000.s8457" source="wordnet-bulgarian">
         <wf lemma="лош" pos="X">лош</wf>
         <instance id="d000.s8457.t000" lemma="проводник" pos="NOUN">проводник</instance>
         <wf lemma="на" pos="X">на</wf>
         <wf lemma="." pos="X">.</wf>
      </sentence>
      <sentence id="d000.s8458" source="wordnet-bulgarian">
         <instance id="d000.s8458.t000" lemma="удар" pos="NOUN">удар</instance>
         <wf lemma="с" pos="X">с</wf>
         <wf lemma="нож" pos="X">нож</wf>
         <wf lemma="." pos="X">.</wf>
      </sentence>
      <sentence id="d000.s8459" source="wordnet-bulgarian">
         <wf lemma="с" pos="X">с</wf>
         <instance id="d000.s8459.t000" lemma="настойчивост" pos="NOUN">настойчивост</instance>
         <wf lemma="." pos="X">.</wf>
      </sentence>
      <sentence id="d000.s8460" source="wordnet-bulgarian">
         <wf lemma="териториално" pos="X">териториално</wf>
         <instance id="d000.s8460.t000" lemma="единство" pos="NOUN">единство</instance>
         <wf lemma="." pos="X">.</wf>
      </sentence>
      <sentence id="d000.s8461" source="wordnet-bulgarian">
         <wf lemma="Навсякъде" pos="X">Навсякъде</wf>
         <wf lemma="в" pos="X">в</wf>
         <wf lemma="страната" pos="X">страната</wf>
         <wf lemma="се" pos="X">се</wf>
         <wf lemma="устройваха" pos="X">устройваха</wf>
         <instance id="d000.s8461.t000" lemma="митинг" pos="NOUN">митинги</instance>
         <wf lemma="." pos="X">.</wf>
      </sentence>
      <sentence id="d000.s8462" source="wordnet-bulgarian">
         <wf lemma="плача" pos="X">плача</wf>
         <wf lemma="със" pos="X">със</wf>
         <instance id="d000.s8462.t000" lemma="сълза" pos="NOUN">сълзи</instance>
         <wf lemma="." pos="X">.</wf>
      </sentence>
      <sentence id="d000.s8463" source="wordnet-bulgarian">
         <wf lemma="правя" pos="X">правя</wf>
         <wf lemma="няколко" pos="X">няколко</wf>
         <instance id="d000.s8463.t000" lemma="крачка" pos="NOUN">крачки</instance>
         <wf lemma="." pos="X">.</wf>
      </sentence>
      <sentence id="d000.s8464" source="wordnet-bulgarian">
         <wf lemma="правя" pos="X">правя</wf>
         <instance id="d000.s8464.t000" lemma="възражение" pos="NOUN">възражение</instance>
         <wf lemma="." pos="X">.</wf>
      </sentence>
      <sentence id="d000.s8465" source="wordnet-bulgarian">
         <wf lemma="умен" pos="X">умен</wf>
         <instance id="d000.s8465.t000" lemma="човек" pos="NOUN">човек</instance>
         <wf lemma="." pos="X">.</wf>
      </sentence>
      <sentence id="d000.s8466" source="wordnet-bulgarian">
         <wf lemma="дялам" pos="X">дялам</wf>
         <wf lemma="си" pos="X">си</wf>
         <instance id="d000.s8466.t000" lemma="пръчка" pos="NOUN">пръчка</instance>
         <wf lemma="от" pos="X">от</wf>
         <wf lemma="." pos="X">.</wf>
      </sentence>
      <sentence id="d000.s8467" source="wordnet-bulgarian">
         <instance id="d000.s8467.t000" lemma="повишение" pos="NOUN">повишение</instance>
         <wf lemma="в" pos="X">в</wf>
         <wf lemma="службата" pos="X">службата</wf>
         <wf lemma="." pos="X">.</wf>
      </sentence>
      <sentence id="d000.s8468" source="wordnet-bulgarian">
         <instance id="d000.s8468.t000" lemma="познавам" pos="VERB">Познавам</instance>
         <wf lemma="го" pos="X">го</wf>
         <wf lemma="много" pos="X">много</wf>
         <wf lemma="добре" pos="X">добре</wf>
         <wf lemma="." pos="X">.</wf>
      </sentence>
      <sentence id="d000.s8469" source="wordnet-bulgarian">
         <wf lemma="аксесоари" pos="X">аксесоари</wf>
         <wf lemma="за" pos="X">за</wf>
         <instance id="d000.s8469.t000" lemma="вана" pos="NOUN">вана</instance>
         <wf lemma="." pos="X">.</wf>
      </sentence>
      <sentence id="d000.s8470" source="wordnet-bulgarian">
         <wf lemma="по" pos="X">по</wf>
         <instance id="d000.s8470.t000" lemma="разписание" pos="NOUN">разписание</instance>
         <wf lemma="." pos="X">.</wf>
      </sentence>
      <sentence id="d000.s8471" source="wordnet-bulgarian">
         <wf lemma="изпълнявам" pos="X">изпълнявам</wf>
         <instance id="d000.s8471.t000" lemma="дълг" pos="NOUN">дълга</instance>
         <wf lemma="си" pos="X">си</wf>
         <wf lemma="." pos="X">.</wf>
      </sentence>
      <sentence id="d000.s8472" source="wordnet-bulgarian">
         <wf lemma="галя" pos="X">галя</wf>
         <instance id="d000.s8472.t000" lemma="его" pos="NOUN">егото</instance>
         <wf lemma="на" pos="X">на</wf>
         <wf lemma="." pos="X">.</wf>
      </sentence>
      <sentence id="d000.s8473" source="wordnet-bulgarian">
         <wf lemma="Есента" pos="X">Есента</wf>
         <wf lemma="има" pos="X">има</wf>
         <wf lemma="избори" pos="X">избори</wf>
         <wf lemma="за" pos="X">за</wf>
         <wf lemma="членове" pos="X">членове</wf>
         <wf lemma="на" pos="X">на</wf>
         <wf lemma="Камарата" pos="X">Камарата</wf>
         <wf lemma="на" pos="X">на</wf>
         <instance id="d000.s8473.t000" lemma="представител" pos="NOUN">представителите</instance>
         <wf lemma="в" pos="X">в</wf>
         <wf lemma="САЩ" pos="X">САЩ</wf>
         <wf lemma="." pos="X">.</wf>
      </sentence>
      <sentence id="d000.s8474" source="wordnet-bulgarian">
         <wf lemma="външният" pos="X">външният</wf>
         <instance id="d000.s8474.t000" lemma="свят" pos="NOUN">свят</instance>
         <wf lemma="." pos="X">.</wf>
      </sentence>
      <sentence id="d000.s8475" source="wordnet-bulgarian">
         <wf lemma="Гъста" pos="X">Гъста</wf>
         <instance id="d000.s8475.t000" lemma="течност" pos="NOUN">течност</instance>
         <wf lemma="." pos="X">.</wf>
      </sentence>
      <sentence id="d000.s8476" source="wordnet-bulgarian">
         <wf lemma="безименен" pos="X">безименен</wf>
         <instance id="d000.s8476.t000" lemma="пръст" pos="NOUN">пръст</instance>
         <wf lemma="." pos="X">.</wf>
      </sentence>
      <sentence id="d000.s8477" source="wordnet-bulgarian">
         <instance id="d000.s8477.t000" lemma="учебник" pos="NOUN">учебник</instance>
         <wf lemma="за" pos="X">за</wf>
         <wf lemma="втори" pos="X">втори</wf>
         <wf lemma="клас" pos="X">клас</wf>
         <wf lemma="." pos="X">.</wf>
      </sentence>
      <sentence id="d000.s8478" source="wordnet-bulgarian">
         <instance id="d000.s8478.t000" lemma="изход" pos="NOUN">изход</instance>
         <wf lemma="на" pos="X">на</wf>
         <wf lemma="усилвател" pos="X">усилвател</wf>
         <wf lemma="." pos="X">.</wf>
      </sentence>
      <sentence id="d000.s8479" source="wordnet-bulgarian">
         <instance id="d000.s8479.t000" lemma="ставам" pos="VERB">ставам</instance>
         <wf lemma="прав." pos="X">прав.</wf>
      </sentence>
      <sentence id="d000.s8480" source="wordnet-bulgarian">
         <wf lemma="единична" pos="X">единична</wf>
         <instance id="d000.s8480.t000" lemma="стая" pos="NOUN">стая</instance>
         <wf lemma="." pos="X">.</wf>
      </sentence>
      <sentence id="d000.s8481" source="wordnet-bulgarian">
         <wf lemma="Той" pos="X">Той</wf>
         <wf lemma="дълго" pos="X">дълго</wf>
         <instance id="d000.s8481.t000" lemma="страдам" pos="VERB">страда</instance>
         <wf lemma="след" pos="X">след</wf>
         <wf lemma="раздялата" pos="X">раздялата</wf>
         <wf lemma="с" pos="X">с</wf>
         <wf lemma="жена" pos="X">жена</wf>
         <wf lemma="си" pos="X">си</wf>
         <wf lemma="." pos="X">.</wf>
      </sentence>
      <sentence id="d000.s8482" source="wordnet-bulgarian">
         <instance id="d000.s8482.t000" lemma="офис" pos="NOUN">Офисът</instance>
         <wf lemma="е" pos="X">е</wf>
         <wf lemma="затворен" pos="X">затворен</wf>
         <wf lemma="." pos="X">.</wf>
      </sentence>
      <sentence id="d000.s8483" source="wordnet-bulgarian">
         <wf lemma="правя" pos="X">правя</wf>
         <instance id="d000.s8483.t000" lemma="пропаганда" pos="NOUN">пропаганда</instance>
         <wf lemma="." pos="X">.</wf>
      </sentence>
      <sentence id="d000.s8484" source="wordnet-bulgarian">
         <wf lemma="начин" pos="X">начин</wf>
         <wf lemma="на" pos="X">на</wf>
         <instance id="d000.s8484.t000" lemma="действие" pos="NOUN">действие</instance>
         <wf lemma="." pos="X">.</wf>
      </sentence>
      <sentence id="d000.s8485" source="wordnet-bulgarian">
         <wf lemma="главен" pos="X">главен</wf>
         <instance id="d000.s8485.t000" lemma="вход" pos="NOUN">вход</instance>
         <wf lemma="." pos="X">.</wf>
      </sentence>
      <sentence id="d000.s8486" source="wordnet-bulgarian">
         <wf lemma="Очаквам" pos="X">Очаквам</wf>
         <wf lemma="големи" pos="X">големи</wf>
         <instance id="d000.s8486.t000" lemma="изненада" pos="NOUN">изненади</instance>
         <wf lemma="." pos="X">.</wf>
      </sentence>
      <sentence id="d000.s8487" source="wordnet-bulgarian">
         <wf lemma="Работя" pos="X">Работя</wf>
         <wf lemma="като" pos="X">като</wf>
         <instance id="d000.s8487.t000" lemma="манекен" pos="NOUN">манекен</instance>
         <wf lemma="." pos="X">.</wf>
      </sentence>
      <sentence id="d000.s8488" source="wordnet-bulgarian">
         <wf lemma="на" pos="X">на</wf>
         <instance id="d000.s8488.t000" lemma="писта" pos="NOUN">пистата</instance>
         <wf lemma="." pos="X">.</wf>
      </sentence>
      <sentence id="d000.s8489" source="wordnet-bulgarian">
         <wf lemma="преуспяващ" pos="X">преуспяващ</wf>
         <instance id="d000.s8489.t000" lemma="бизнесмен" pos="NOUN">бизнесмен</instance>
         <wf lemma="." pos="X">.</wf>
      </sentence>
      <sentence id="d000.s8490" source="wordnet-bulgarian">
         <wf lemma="бързи" pos="X">бързи</wf>
         <instance id="d000.s8490.t000" lemma="мярка" pos="NOUN">мерки</instance>
         <wf lemma="." pos="X">.</wf>
      </sentence>
      <sentence id="d000.s8491" source="wordnet-bulgarian">
         <wf lemma="зла" pos="X">зла</wf>
         <instance id="d000.s8491.t000" lemma="кучка" pos="NOUN">кучка</instance>
         <wf lemma="." pos="X">.</wf>
      </sentence>
      <sentence id="d000.s8492" source="wordnet-bulgarian">
         <wf lemma="отрицателен" pos="X">отрицателен</wf>
         <instance id="d000.s8492.t000" lemma="отговор" pos="NOUN">отговор</instance>
         <wf lemma="." pos="X">.</wf>
      </sentence>
      <sentence id="d000.s8493" source="wordnet-bulgarian">
         <wf lemma="в" pos="X">в</wf>
         <wf lemma="никакъв" pos="X">никакъв</wf>
         <instance id="d000.s8493.t000" lemma="случай" pos="NOUN">случай</instance>
         <wf lemma="." pos="X">.</wf>
      </sentence>
      <sentence id="d000.s8494" source="wordnet-bulgarian">
         <wf lemma="виртуозно" pos="X">виртуозно</wf>
         <wf lemma="изпълнение" pos="X">изпълнение</wf>
         <wf lemma="на" pos="X">на</wf>
         <instance id="d000.s8494.t000" lemma="пиано" pos="NOUN">пиано</instance>
         <wf lemma="." pos="X">.</wf>
      </sentence>
      <sentence id="d000.s8495" source="wordnet-bulgarian">
         <wf lemma="безжичен" pos="X">безжичен</wf>
         <instance id="d000.s8495.t000" lemma="микрофон" pos="NOUN">микрофон</instance>
         <wf lemma="." pos="X">.</wf>
      </sentence>
      <sentence id="d000.s8496" source="wordnet-bulgarian">
         <instance id="d000.s8496.t000" lemma="нарастване" pos="NOUN">нарастване</instance>
         <wf lemma="на" pos="X">на</wf>
         <wf lemma="цените" pos="X">цените</wf>
         <wf lemma="." pos="X">.</wf>
      </sentence>
      <sentence id="d000.s8497" source="wordnet-bulgarian">
         <wf lemma="лека" pos="X">лека</wf>
         <instance id="d000.s8497.t000" lemma="операция" pos="NOUN">операция</instance>
         <wf lemma="." pos="X">.</wf>
      </sentence>
      <sentence id="d000.s8498" source="wordnet-bulgarian">
         <wf lemma="слагам" pos="X">слагам</wf>
         <instance id="d000.s8498.t000" lemma="украшение" pos="NOUN">украшение</instance>
         <wf lemma="на" pos="X">на</wf>
         <wf lemma="." pos="X">.</wf>
      </sentence>
      <sentence id="d000.s8499" source="wordnet-bulgarian">
         <wf lemma="Прозрях" pos="X">Прозрях</wf>
         <wf lemma="хитрата" pos="X">хитрата</wf>
         <wf lemma="ти" pos="X">ти</wf>
         <instance id="d000.s8499.t000" lemma="игра" pos="NOUN">игра</instance>
         <wf lemma="още" pos="X">още</wf>
         <wf lemma="от" pos="X">от</wf>
         <wf lemma="самото" pos="X">самото</wf>
         <wf lemma="начало" pos="X">начало</wf>
         <wf lemma="." pos="X">.</wf>
      </sentence>
      <sentence id="d000.s8500" source="wordnet-bulgarian">
         <wf lemma="прясно" pos="X">прясно</wf>
         <instance id="d000.s8500.t000" lemma="месо" pos="NOUN">месо</instance>
         <wf lemma="." pos="X">.</wf>
      </sentence>
      <sentence id="d000.s8501" source="wordnet-bulgarian">
         <wf lemma="Винаги" pos="X">Винаги</wf>
         <wf lemma="съчетавам" pos="X">съчетавам</wf>
         <instance id="d000.s8501.t000" lemma="риза" pos="NOUN">ризата</instance>
         <wf lemma="с" pos="X">с</wf>
         <wf lemma="подходяща" pos="X">подходяща</wf>
         <wf lemma="вратовръзка" pos="X">вратовръзка</wf>
         <wf lemma="." pos="X">.</wf>
      </sentence>
      <sentence id="d000.s8502" source="wordnet-bulgarian">
         <wf lemma="остър" pos="X">остър</wf>
         <instance id="d000.s8502.t000" lemma="завой" pos="NOUN">завой</instance>
         <wf lemma="." pos="X">.</wf>
      </sentence>
      <sentence id="d000.s8503" source="wordnet-bulgarian">
         <wf lemma="светла" pos="X">светла</wf>
         <instance id="d000.s8503.t000" lemma="бира" pos="NOUN">бира</instance>
         <wf lemma="." pos="X">.</wf>
      </sentence>
      <sentence id="d000.s8504" source="wordnet-bulgarian">
         <wf lemma="Каквито" pos="X">Каквито</wf>
         <wf lemma="пари" pos="X">пари</wf>
         <instance id="d000.s8504.t000" lemma="изкарам" pos="VERB">изкарам</instance>
         <wf lemma="гледам" pos="X">гледам</wf>
         <wf lemma="да" pos="X">да</wf>
         <wf lemma="ги" pos="X">ги</wf>
         <wf lemma="спестя" pos="X">спестя</wf>
         <wf lemma="." pos="X">.</wf>
      </sentence>
      <sentence id="d000.s8505" source="wordnet-bulgarian">
         <wf lemma="държавно" pos="X">държавно</wf>
         <instance id="d000.s8505.t000" lemma="учреждение" pos="NOUN">учреждение</instance>
         <wf lemma="." pos="X">.</wf>
      </sentence>
      <sentence id="d000.s8506" source="wordnet-bulgarian">
         <wf lemma="целувам" pos="X">целувам</wf>
         <wf lemma="по" pos="X">по</wf>
         <wf lemma="двете" pos="X">двете</wf>
         <instance id="d000.s8506.t000" lemma="буза" pos="NOUN">бузи</instance>
         <wf lemma="." pos="X">.</wf>
      </sentence>
      <sentence id="d000.s8507" source="wordnet-bulgarian">
         <wf lemma="давам" pos="X">давам</wf>
         <wf lemma="си" pos="X">си</wf>
         <wf lemma="сметка" pos="X">сметка</wf>
         <wf lemma="за" pos="X">за</wf>
         <instance id="d000.s8507.t000" lemma="последица" pos="NOUN">последиците</instance>
         <wf lemma="от" pos="X">от</wf>
         <wf lemma="." pos="X">.</wf>
      </sentence>
      <sentence id="d000.s8508" source="wordnet-bulgarian">
         <wf lemma="кожена" pos="X">кожена</wf>
         <instance id="d000.s8508.t000" lemma="раница" pos="NOUN">раница</instance>
         <wf lemma="." pos="X">.</wf>
      </sentence>
      <sentence id="d000.s8509" source="wordnet-bulgarian">
         <instance id="d000.s8509.t000" lemma="огън" pos="NOUN">Огънят</instance>
         <wf lemma="изпепели" pos="X">изпепели</wf>
         <wf lemma="всичко" pos="X">всичко</wf>
         <wf lemma="пред" pos="X">пред</wf>
         <wf lemma="себе" pos="X">себе</wf>
         <wf lemma="си" pos="X">си</wf>
         <wf lemma="-" pos="X">-</wf>
         <wf lemma="сгради" pos="X">сгради</wf>
         <wf lemma="," pos="X">,</wf>
         <wf lemma="дървета" pos="X">дървета</wf>
         <wf lemma="," pos="X">,</wf>
         <wf lemma="хора" pos="X">хора</wf>
         <wf lemma="." pos="X">.</wf>
      </sentence>
      <sentence id="d000.s8510" source="wordnet-bulgarian">
         <instance id="d000.s8510.t000" lemma="сходство" pos="NOUN">сходство</instance>
         <wf lemma="на" pos="X">на</wf>
         <wf lemma="душите" pos="X">душите</wf>
         <wf lemma="." pos="X">.</wf>
      </sentence>
      <sentence id="d000.s8511" source="wordnet-bulgarian">
         <wf lemma="ново" pos="X">ново</wf>
         <instance id="d000.s8511.t000" lemma="представление" pos="NOUN">представление</instance>
         <wf lemma="." pos="X">.</wf>
      </sentence>
      <sentence id="d000.s8512" source="wordnet-bulgarian">
         <wf lemma="при" pos="X">при</wf>
         <wf lemma="първа" pos="X">първа</wf>
         <instance id="d000.s8512.t000" lemma="възможност" pos="NOUN">възможност</instance>
         <wf lemma="." pos="X">.</wf>
      </sentence>
      <sentence id="d000.s8513" source="wordnet-bulgarian">
         <wf lemma="излизам" pos="X">излизам</wf>
         <wf lemma="на" pos="X">на</wf>
         <instance id="d000.s8513.t000" lemma="сцена" pos="NOUN">сцената</instance>
         <wf lemma="." pos="X">.</wf>
      </sentence>
      <sentence id="d000.s8514" source="wordnet-bulgarian">
         <wf lemma="билков" pos="X">билков</wf>
         <instance id="d000.s8514.t000" lemma="чай" pos="NOUN">чай</instance>
         <wf lemma="." pos="X">.</wf>
      </sentence>
      <sentence id="d000.s8515" source="wordnet-bulgarian">
         <wf lemma="варена" pos="X">варена</wf>
         <instance id="d000.s8515.t000" lemma="царевица" pos="NOUN">царевица</instance>
         <wf lemma="." pos="X">.</wf>
      </sentence>
      <sentence id="d000.s8516" source="wordnet-bulgarian">
         <instance id="d000.s8516.t000" lemma="закачвам" pos="VERB">Закачвам</instance>
         <wf lemma="си" pos="X">си</wf>
         <wf lemma="палтото" pos="X">палтото</wf>
         <wf lemma="на" pos="X">на</wf>
         <wf lemma="закачалката" pos="X">закачалката</wf>
         <wf lemma="." pos="X">.</wf>
      </sentence>
      <sentence id="d000.s8517" source="wordnet-bulgarian">
         <wf lemma="нямам" pos="X">нямам</wf>
         <wf lemma="необходимата" pos="X">необходимата</wf>
         <instance id="d000.s8517.t000" lemma="основа" pos="NOUN">основа</instance>
         <wf lemma="." pos="X">.</wf>
      </sentence>
      <sentence id="d000.s8518" source="wordnet-bulgarian">
         <wf lemma="Чета" pos="X">Чета</wf>
         <wf lemma="леки" pos="X">леки</wf>
         <wf lemma="романи" pos="X">романи</wf>
         <wf lemma="за" pos="X">за</wf>
         <instance id="d000.s8518.t000" lemma="развлечение" pos="NOUN">развлечение</instance>
         <wf lemma="." pos="X">.</wf>
      </sentence>
      <sentence id="d000.s8519" source="wordnet-bulgarian">
         <instance id="d000.s8519.t000" lemma="пиеса" pos="NOUN">Пиесата</instance>
         <wf lemma="се" pos="X">се</wf>
         <wf lemma="хареса" pos="X">хареса</wf>
         <wf lemma="на" pos="X">на</wf>
         <wf lemma="публиката" pos="X">публиката</wf>
         <wf lemma="." pos="X">.</wf>
      </sentence>
      <sentence id="d000.s8520" source="wordnet-bulgarian">
         <instance id="d000.s8520.t000" lemma="зона" pos="NOUN">зона</instance>
         <wf lemma="на" pos="X">на</wf>
         <wf lemma="." pos="X">.</wf>
      </sentence>
      <sentence id="d000.s8521" source="wordnet-bulgarian">
         <wf lemma="Нищо" pos="X">Нищо</wf>
         <wf lemma="не" pos="X">не</wf>
         <instance id="d000.s8521.t000" lemma="искам" pos="VERB">искам</instance>
         <wf lemma="." pos="X">.</wf>
      </sentence>
      <sentence id="d000.s8522" source="wordnet-bulgarian">
         <instance id="d000.s8522.t000" lemma="ужилване" pos="NOUN">ужилване</instance>
         <wf lemma="от" pos="X">от</wf>
         <wf lemma="оса" pos="X">оса</wf>
         <wf lemma="." pos="X">.</wf>
      </sentence>
      <sentence id="d000.s8523" source="wordnet-bulgarian">
         <wf lemma="намирам" pos="X">намирам</wf>
         <wf lemma="се" pos="X">се</wf>
         <wf lemma="пред" pos="X">пред</wf>
         <instance id="d000.s8523.t000" lemma="банкрут" pos="NOUN">банкрут</instance>
         <wf lemma="." pos="X">.</wf>
      </sentence>
      <sentence id="d000.s8524" source="wordnet-bulgarian">
         <wf lemma="заето" pos="X">заето</wf>
         <instance id="d000.s8524.t000" lemma="такса" pos="NOUN">такси</instance>
         <wf lemma="." pos="X">.</wf>
      </sentence>
      <sentence id="d000.s8525" source="wordnet-bulgarian">
         <instance id="d000.s8525.t000" lemma="сдружение" pos="NOUN">Сдружение</instance>
         <wf lemma="на" pos="X">на</wf>
         <wf lemma="пчеларите" pos="X">пчеларите</wf>
         <wf lemma="." pos="X">.</wf>
      </sentence>
      <sentence id="d000.s8526" source="wordnet-bulgarian">
         <wf lemma="Законът" pos="X">Законът</wf>
         <wf lemma="осигурява" pos="X">осигурява</wf>
         <wf lemma="максимална" pos="X">максимална</wf>
         <instance id="d000.s8526.t000" lemma="защитеност" pos="NOUN">защитеност</instance>
         <wf lemma="на" pos="X">на</wf>
         <wf lemma="гражданина" pos="X">гражданина</wf>
         <wf lemma="." pos="X">.</wf>
      </sentence>
      <sentence id="d000.s8527" source="wordnet-bulgarian">
         <wf lemma="имам" pos="X">имам</wf>
         <instance id="d000.s8527.t000" lemma="претенция" pos="NOUN">претенции</instance>
         <wf lemma="." pos="X">.</wf>
      </sentence>
      <sentence id="d000.s8528" source="wordnet-bulgarian">
         <wf lemma="Чашата" pos="X">Чашата</wf>
         <wf lemma="стана" pos="X">стана</wf>
         <wf lemma="на" pos="X">на</wf>
         <instance id="d000.s8528.t000" lemma="парче" pos="NOUN">парчета</instance>
         <wf lemma="." pos="X">.</wf>
      </sentence>
      <sentence id="d000.s8529" source="wordnet-bulgarian">
         <wf lemma="Не" pos="X">Не</wf>
         <wf lemma="смятам" pos="X">смятам</wf>
         <wf lemma="," pos="X">,</wf>
         <wf lemma="че" pos="X">че</wf>
         <wf lemma="той" pos="X">той</wf>
         <wf lemma="ще" pos="X">ще</wf>
         <wf lemma="промени" pos="X">промени</wf>
         <instance id="d000.s8529.t000" lemma="позиция" pos="NOUN">позицията</instance>
         <wf lemma="си" pos="X">си</wf>
         <wf lemma="." pos="X">.</wf>
      </sentence>
      <sentence id="d000.s8530" source="wordnet-bulgarian">
         <instance id="d000.s8530.t000" lemma="море" pos="NOUN">море</instance>
         <wf lemma="от" pos="X">от</wf>
         <wf lemma="." pos="X">.</wf>
      </sentence>
      <sentence id="d000.s8531" source="wordnet-bulgarian">
         <wf lemma="свиря" pos="X">свиря</wf>
         <wf lemma="по" pos="X">по</wf>
         <instance id="d000.s8531.t000" lemma="памет" pos="NOUN">памет</instance>
         <wf lemma="." pos="X">.</wf>
      </sentence>
      <sentence id="d000.s8532" source="wordnet-bulgarian">
         <instance id="d000.s8532.t000" lemma="начало" pos="NOUN">начало</instance>
         <wf lemma="на" pos="X">на</wf>
         <wf lemma="." pos="X">.</wf>
      </sentence>
      <sentence id="d000.s8533" source="wordnet-bulgarian">
         <wf lemma="изваждам" pos="X">изваждам</wf>
         <wf lemma="си" pos="X">си</wf>
         <instance id="d000.s8533.t000" lemma="паспорт" pos="NOUN">паспорт</instance>
         <wf lemma="." pos="X">.</wf>
      </sentence>
      <sentence id="d000.s8534" source="wordnet-bulgarian">
         <wf lemma="Всяка" pos="X">Всяка</wf>
         <wf lemma="вечер" pos="X">вечер</wf>
         <wf lemma="чета" pos="X">чета</wf>
         <wf lemma="по" pos="X">по</wf>
         <wf lemma="една" pos="X">една</wf>
         <instance id="d000.s8534.t000" lemma="глава" pos="NOUN">глава</instance>
         <wf lemma="от" pos="X">от</wf>
         <wf lemma="книгата" pos="X">книгата</wf>
         <wf lemma="." pos="X">.</wf>
      </sentence>
      <sentence id="d000.s8535" source="wordnet-bulgarian">
         <wf lemma="организирам" pos="X">организирам</wf>
         <instance id="d000.s8535.t000" lemma="забава" pos="NOUN">забава</instance>
         <wf lemma="." pos="X">.</wf>
      </sentence>
      <sentence id="d000.s8536" source="wordnet-bulgarian">
         <wf lemma="дневен" pos="X">дневен</wf>
         <instance id="d000.s8536.t000" lemma="крем" pos="NOUN">крем</instance>
         <wf lemma="." pos="X">.</wf>
      </sentence>
      <sentence id="d000.s8537" source="wordnet-bulgarian">
         <wf lemma="всяка" pos="X">всяка</wf>
         <instance id="d000.s8537.t000" lemma="година" pos="NOUN">година</instance>
         <wf lemma="." pos="X">.</wf>
      </sentence>
      <sentence id="d000.s8538" source="wordnet-bulgarian">
         <wf lemma="На" pos="X">На</wf>
         <instance id="d000.s8538.t000" lemma="гръб" pos="NOUN">гърба</instance>
         <wf lemma="на" pos="X">на</wf>
         <wf lemma="картината" pos="X">картината</wf>
         <wf lemma="беше" pos="X">беше</wf>
         <wf lemma="написано" pos="X">написано</wf>
         <wf lemma="посвещение" pos="X">посвещение</wf>
         <wf lemma="." pos="X">.</wf>
      </sentence>
      <sentence id="d000.s8539" source="wordnet-bulgarian">
         <wf lemma="първата" pos="X">първата</wf>
         <instance id="d000.s8539.t000" lemma="неделя" pos="NOUN">неделя</instance>
         <wf lemma="от" pos="X">от</wf>
         <wf lemma="месеца" pos="X">месеца</wf>
         <wf lemma="." pos="X">.</wf>
      </sentence>
      <sentence id="d000.s8540" source="wordnet-bulgarian">
         <wf lemma="държавно" pos="X">държавно</wf>
         <instance id="d000.s8540.t000" lemma="предприятие" pos="NOUN">предприятие</instance>
         <wf lemma="." pos="X">.</wf>
      </sentence>
      <sentence id="d000.s8541" source="wordnet-bulgarian">
         <wf lemma="дневна" pos="X">дневна</wf>
         <instance id="d000.s8541.t000" lemma="прожекция" pos="NOUN">прожекция</instance>
         <wf lemma="." pos="X">.</wf>
      </sentence>
      <sentence id="d000.s8542" source="wordnet-bulgarian">
         <wf lemma="Включих" pos="X">Включих</wf>
         <wf lemma="се" pos="X">се</wf>
         <wf lemma="в" pos="X">в</wf>
         <instance id="d000.s8542.t000" lemma="кампания" pos="NOUN">кампанията</instance>
         <wf lemma="за" pos="X">за</wf>
         <wf lemma="." pos="X">.</wf>
      </sentence>
      <sentence id="d000.s8543" source="wordnet-bulgarian">
         <wf lemma="човек" pos="X">човек</wf>
         <wf lemma="със" pos="X">със</wf>
         <wf lemma="силен" pos="X">силен</wf>
         <instance id="d000.s8543.t000" lemma="дух" pos="NOUN">дух</instance>
         <wf lemma="." pos="X">.</wf>
      </sentence>
      <sentence id="d000.s8544" source="wordnet-bulgarian">
         <wf lemma="Имаш" pos="X">Имаш</wf>
         <wf lemma="ли" pos="X">ли</wf>
         <instance id="d000.s8544.t000" lemma="часовник" pos="NOUN">часовник</instance>
         <wf lemma="?" pos="X">?</wf>
      </sentence>
      <sentence id="d000.s8545" source="wordnet-bulgarian">
         <wf lemma="Вие" pos="X">Вие</wf>
         <wf lemma="сте" pos="X">сте</wf>
         <wf lemma="в" pos="X">в</wf>
         <instance id="d000.s8545.t000" lemma="опасност" pos="NOUN">опасност</instance>
         <wf lemma="." pos="X">.</wf>
      </sentence>
      <sentence id="d000.s8546" source="wordnet-bulgarian">
         <wf lemma="престъпни" pos="X">престъпни</wf>
         <instance id="d000.s8546.t000" lemma="намерение" pos="NOUN">намерения</instance>
         <wf lemma="." pos="X">.</wf>
      </sentence>
      <sentence id="d000.s8547" source="wordnet-bulgarian">
         <wf lemma="интернет" pos="X">интернет</wf>
         <instance id="d000.s8547.t000" lemma="реклама" pos="NOUN">реклама</instance>
         <wf lemma="." pos="X">.</wf>
      </sentence>
      <sentence id="d000.s8548" source="wordnet-bulgarian">
         <wf lemma="светски" pos="X">светски</wf>
         <instance id="d000.s8548.t000" lemma="живот" pos="NOUN">живот</instance>
         <wf lemma="." pos="X">.</wf>
      </sentence>
      <sentence id="d000.s8549" source="wordnet-bulgarian">
         <wf lemma="жестоко" pos="X">жестоко</wf>
         <instance id="d000.s8549.t000" lemma="престъпление" pos="NOUN">престъпление</instance>
         <wf lemma="." pos="X">.</wf>
      </sentence>
      <sentence id="d000.s8550" source="wordnet-bulgarian">
         <wf lemma="погасявам" pos="X">погасявам</wf>
         <instance id="d000.s8550.t000" lemma="заем" pos="NOUN">заем</instance>
         <wf lemma="." pos="X">.</wf>
      </sentence>
      <sentence id="d000.s8551" source="wordnet-bulgarian">
         <wf lemma="Като" pos="X">Като</wf>
         <wf lemma="няма" pos="X">няма</wf>
         <wf lemma="кафе" pos="X">кафе</wf>
         <wf lemma="," pos="X">,</wf>
         <instance id="d000.s8551.t000" lemma="замествам" pos="VERB">заместваме</instance>
         <wf lemma="го" pos="X">го</wf>
         <wf lemma="с" pos="X">с</wf>
         <wf lemma="леблебия" pos="X">леблебия</wf>
         <wf lemma="." pos="X">.</wf>
      </sentence>
      <sentence id="d000.s8552" source="wordnet-bulgarian">
         <wf lemma="на" pos="X">на</wf>
         <instance id="d000.s8552.t000" lemma="зазоряване" pos="NOUN">зазоряване</instance>
         <wf lemma="." pos="X">.</wf>
      </sentence>
      <sentence id="d000.s8553" source="wordnet-bulgarian">
         <wf lemma="голяма" pos="X">голяма</wf>
         <instance id="d000.s8553.t000" lemma="магьосница" pos="NOUN">магьосница</instance>
         <wf lemma="." pos="X">.</wf>
      </sentence>
      <sentence id="d000.s8554" source="wordnet-bulgarian">
         <wf lemma="имам" pos="X">имам</wf>
         <instance id="d000.s8554.t000" lemma="познанство" pos="NOUN">познанство</instance>
         <wf lemma="с." pos="X">с.</wf>
      </sentence>
      <sentence id="d000.s8555" source="wordnet-bulgarian">
         <instance id="d000.s8555.t000" lemma="арестувам" pos="VERB">Арестуваха</instance>
         <wf lemma="крадеца" pos="X">крадеца</wf>
         <wf lemma="." pos="X">.</wf>
      </sentence>
      <sentence id="d000.s8556" source="wordnet-bulgarian">
         <instance id="d000.s8556.t000" lemma="звезда" pos="NOUN">звезда</instance>
         <wf lemma="гигант" pos="X">гигант</wf>
         <wf lemma="." pos="X">.</wf>
      </sentence>
      <sentence id="d000.s8557" source="wordnet-bulgarian">
         <wf lemma="Тя" pos="X">Тя</wf>
         <wf lemma="имаше" pos="X">имаше</wf>
         <instance id="d000.s8557.t000" lemma="пръстен" pos="NOUN">пръстен</instance>
         <wf lemma="на" pos="X">на</wf>
         <wf lemma="всеки" pos="X">всеки</wf>
         <wf lemma="пръст" pos="X">пръст</wf>
         <wf lemma="." pos="X">.</wf>
      </sentence>
      <sentence id="d000.s8558" source="wordnet-bulgarian">
         <wf lemma="Купих" pos="X">Купих</wf>
         <wf lemma="си" pos="X">си</wf>
         <wf lemma="нов" pos="X">нов</wf>
         <instance id="d000.s8558.t000" lemma="телефон" pos="NOUN">телефон</instance>
         <wf lemma="." pos="X">.</wf>
      </sentence>
      <sentence id="d000.s8559" source="wordnet-bulgarian">
         <instance id="d000.s8559.t000" lemma="измервам" pos="VERB">измервам</instance>
         <wf lemma="с" pos="X">с</wf>
         <wf lemma="метър" pos="X">метър</wf>
         <wf lemma="." pos="X">.</wf>
      </sentence>
      <sentence id="d000.s8560" source="wordnet-bulgarian">
         <wf lemma="Вълкът" pos="X">Вълкът</wf>
         <wf lemma="е" pos="X">е</wf>
         <wf lemma="с" pos="X">с</wf>
         <instance id="d000.s8560.t000" lemma="размер" pos="NOUN">размерите</instance>
         <wf lemma="на" pos="X">на</wf>
         <wf lemma="голямо" pos="X">голямо</wf>
         <wf lemma="куче" pos="X">куче</wf>
         <wf lemma="." pos="X">.</wf>
      </sentence>
      <sentence id="d000.s8561" source="wordnet-bulgarian">
         <instance id="d000.s8561.t000" lemma="търкалям" pos="VERB">търкалям</instance>
         <wf lemma="буре" pos="X">буре</wf>
         <wf lemma="." pos="X">.</wf>
      </sentence>
      <sentence id="d000.s8562" source="wordnet-bulgarian">
         <wf lemma="скално" pos="X">скално</wf>
         <instance id="d000.s8562.t000" lemma="светилище" pos="NOUN">светилище</instance>
         <wf lemma="." pos="X">.</wf>
      </sentence>
      <sentence id="d000.s8563" source="wordnet-bulgarian">
         <wf lemma="таен" pos="X">таен</wf>
         <instance id="d000.s8563.t000" lemma="полицай" pos="NOUN">полицай</instance>
         <wf lemma="." pos="X">.</wf>
      </sentence>
      <sentence id="d000.s8564" source="wordnet-bulgarian">
         <wf lemma="престолна" pos="X">престолна</wf>
         <instance id="d000.s8564.t000" lemma="ниша" pos="NOUN">ниша</instance>
         <wf lemma="." pos="X">.</wf>
      </sentence>
      <sentence id="d000.s8565" source="wordnet-bulgarian">
         <wf lemma="Синът" pos="X">Синът</wf>
         <wf lemma="ти" pos="X">ти</wf>
         <instance id="d000.s8565.t000" lemma="стана" pos="VERB">стана</instance>
         <wf lemma="цял" pos="X">цял</wf>
         <wf lemma="мъж" pos="X">мъж</wf>
         <wf lemma="." pos="X">.</wf>
      </sentence>
      <sentence id="d000.s8566" source="wordnet-bulgarian">
         <wf lemma="говоря" pos="X">говоря</wf>
         <wf lemma="с" pos="X">с</wf>
         <instance id="d000.s8566.t000" lemma="ентусиазъм" pos="NOUN">ентусиазъм</instance>
         <wf lemma="." pos="X">.</wf>
      </sentence>
      <sentence id="d000.s8567" source="wordnet-bulgarian">
         <wf lemma="бедна" pos="X">бедна</wf>
         <instance id="d000.s8567.t000" lemma="растителност" pos="NOUN">растителност</instance>
         <wf lemma="." pos="X">.</wf>
      </sentence>
      <sentence id="d000.s8568" source="wordnet-bulgarian">
         <wf lemma="спасявам" pos="X">спасявам</wf>
         <instance id="d000.s8568.t000" lemma="заложник" pos="NOUN">заложник</instance>
         <wf lemma="." pos="X">.</wf>
      </sentence>
      <sentence id="d000.s8569" source="wordnet-bulgarian">
         <wf lemma="укрепен" pos="X">укрепен</wf>
         <instance id="d000.s8569.t000" lemma="лагер" pos="NOUN">лагер</instance>
         <wf lemma="." pos="X">.</wf>
      </sentence>
      <sentence id="d000.s8570" source="wordnet-bulgarian">
         <wf lemma="европейски" pos="X">европейски</wf>
         <instance id="d000.s8570.t000" lemma="шампион" pos="NOUN">шампион</instance>
         <wf lemma="." pos="X">.</wf>
      </sentence>
      <sentence id="d000.s8571" source="wordnet-bulgarian">
         <instance id="d000.s8571.t000" lemma="граница" pos="NOUN">граница</instance>
         <wf lemma="с" pos="X">с</wf>
         <wf lemma="Гърция" pos="X">Гърция</wf>
         <wf lemma="." pos="X">.</wf>
      </sentence>
      <sentence id="d000.s8572" source="wordnet-bulgarian">
         <instance id="d000.s8572.t000" lemma="докосвам" pos="VERB">докосвам</instance>
         <wf lemma="с" pos="X">с</wf>
         <wf lemma="ръка" pos="X">ръка</wf>
         <wf lemma="." pos="X">.</wf>
      </sentence>
      <sentence id="d000.s8573" source="wordnet-bulgarian">
         <wf lemma="задушавам" pos="X">задушавам</wf>
         <wf lemma="се" pos="X">се</wf>
         <wf lemma="от" pos="X">от</wf>
         <instance id="d000.s8573.t000" lemma="гняв" pos="NOUN">гняв</instance>
         <wf lemma="." pos="X">.</wf>
      </sentence>
      <sentence id="d000.s8574" source="wordnet-bulgarian">
         <wf lemma="парен" pos="X">парен</wf>
         <instance id="d000.s8574.t000" lemma="двигател" pos="NOUN">двигател</instance>
         <wf lemma="." pos="X">.</wf>
      </sentence>
      <sentence id="d000.s8575" source="wordnet-bulgarian">
         <wf lemma="Каква" pos="X">Каква</wf>
         <wf lemma="е" pos="X">е</wf>
         <instance id="d000.s8575.t000" lemma="цена" pos="NOUN">цената</instance>
         <wf lemma="на" pos="X">на</wf>
         <wf lemma="." pos="X">.</wf>
         <wf lemma="..?" pos="X">..?</wf>
      </sentence>
      <sentence id="d000.s8576" source="wordnet-bulgarian">
         <instance id="d000.s8576.t000" lemma="нощ" pos="NOUN">Нощта</instance>
         <wf lemma="беше" pos="X">беше</wf>
         <wf lemma="топла" pos="X">топла</wf>
         <wf lemma="и" pos="X">и</wf>
         <wf lemma="приятна" pos="X">приятна</wf>
         <wf lemma="." pos="X">.</wf>
      </sentence>
      <sentence id="d000.s8577" source="wordnet-bulgarian">
         <instance id="d000.s8577.t000" lemma="ритна" pos="VERB">Ритнах</instance>
         <wf lemma="го" pos="X">го</wf>
         <wf lemma="в" pos="X">в</wf>
         <wf lemma="главата" pos="X">главата</wf>
         <wf lemma="." pos="X">.</wf>
      </sentence>
      <sentence id="d000.s8578" source="wordnet-bulgarian">
         <instance id="d000.s8578.t000" lemma="избера" pos="VERB">Избрах</instance>
         <wf lemma="най-достойния" pos="X">най-достойния</wf>
         <wf lemma="от" pos="X">от</wf>
         <wf lemma="всички" pos="X">всички</wf>
         <wf lemma="." pos="X">.</wf>
      </sentence>
      <sentence id="d000.s8579" source="wordnet-bulgarian">
         <wf lemma="пронизителен" pos="X">пронизителен</wf>
         <instance id="d000.s8579.t000" lemma="вик" pos="NOUN">вик</instance>
         <wf lemma="." pos="X">.</wf>
      </sentence>
      <sentence id="d000.s8580" source="wordnet-bulgarian">
         <wf lemma="телефонен" pos="X">телефонен</wf>
         <instance id="d000.s8580.t000" lemma="апарат" pos="NOUN">апарат</instance>
         <wf lemma="." pos="X">.</wf>
      </sentence>
      <sentence id="d000.s8581" source="wordnet-bulgarian">
         <wf lemma="дъждовно" pos="X">дъждовно</wf>
         <instance id="d000.s8581.t000" lemma="време" pos="NOUN">време</instance>
         <wf lemma="." pos="X">.</wf>
      </sentence>
      <sentence id="d000.s8582" source="wordnet-bulgarian">
         <wf lemma="международен" pos="X">международен</wf>
         <instance id="d000.s8582.t000" lemma="път" pos="NOUN">път</instance>
         <wf lemma="." pos="X">.</wf>
      </sentence>
      <sentence id="d000.s8583" source="wordnet-bulgarian">
         <wf lemma="Влакът" pos="X">Влакът</wf>
         <wf lemma="е" pos="X">е</wf>
         <wf lemma="претъпкан" pos="X">претъпкан</wf>
         <wf lemma="с" pos="X">с</wf>
         <instance id="d000.s8583.t000" lemma="пътник" pos="NOUN">пътници</instance>
         <wf lemma="." pos="X">.</wf>
      </sentence>
      <sentence id="d000.s8584" source="wordnet-bulgarian">
         <instance id="d000.s8584.t000" lemma="сбирка" pos="NOUN">сбирка</instance>
         <wf lemma="от" pos="X">от</wf>
         <wf lemma="пеперуди" pos="X">пеперуди</wf>
         <wf lemma="." pos="X">.</wf>
      </sentence>
      <sentence id="d000.s8585" source="wordnet-bulgarian">
         <wf lemma="спя" pos="X">спя</wf>
         <wf lemma="без" pos="X">без</wf>
         <instance id="d000.s8585.t000" lemma="възглавница" pos="NOUN">възглавница</instance>
         <wf lemma="." pos="X">.</wf>
      </sentence>
      <sentence id="d000.s8586" source="wordnet-bulgarian">
         <wf lemma="тайни" pos="X">тайни</wf>
         <instance id="d000.s8586.t000" lemma="опасение" pos="NOUN">опасения</instance>
         <wf lemma="." pos="X">.</wf>
      </sentence>
      <sentence id="d000.s8587" source="wordnet-bulgarian">
         <wf lemma="морски" pos="X">морски</wf>
         <instance id="d000.s8587.t000" lemma="пясък" pos="NOUN">пясък</instance>
         <wf lemma="." pos="X">.</wf>
      </sentence>
      <sentence id="d000.s8588" source="wordnet-bulgarian">
         <wf lemma="нося" pos="X">нося</wf>
         <instance id="d000.s8588.t000" lemma="отговорност" pos="NOUN">отговорност</instance>
         <wf lemma="за" pos="X">за</wf>
         <wf lemma="." pos="X">.</wf>
      </sentence>
      <sentence id="d000.s8589" source="wordnet-bulgarian">
         <wf lemma="Оцетна" pos="X">Оцетна</wf>
         <instance id="d000.s8589.t000" lemma="киселина" pos="NOUN">киселина</instance>
         <wf lemma="." pos="X">.</wf>
      </sentence>
      <sentence id="d000.s8590" source="wordnet-bulgarian">
         <instance id="d000.s8590.t000" lemma="пренасям" pos="VERB">пренасям</instance>
         <wf lemma="багаж" pos="X">багаж</wf>
         <wf lemma="." pos="X">.</wf>
      </sentence>
      <sentence id="d000.s8591" source="wordnet-bulgarian">
         <wf lemma="Не" pos="X">Не</wf>
         <wf lemma="мога" pos="X">мога</wf>
         <wf lemma="да" pos="X">да</wf>
         <instance id="d000.s8591.t000" lemma="запомням" pos="VERB">запомня</instance>
         <wf lemma="толкова" pos="X">толкова</wf>
         <wf lemma="много" pos="X">много</wf>
         <wf lemma="информация" pos="X">информация</wf>
         <wf lemma="." pos="X">.</wf>
      </sentence>
      <sentence id="d000.s8592" source="wordnet-bulgarian">
         <wf lemma="не" pos="X">не</wf>
         <wf lemma="обичам" pos="X">обичам</wf>
         <instance id="d000.s8592.t000" lemma="сбогуване" pos="NOUN">сбогуванията</instance>
         <wf lemma="." pos="X">.</wf>
      </sentence>
      <sentence id="d000.s8593" source="wordnet-bulgarian">
         <wf lemma="Представите" pos="X">Представите</wf>
         <wf lemma="се" pos="X">се</wf>
         <wf lemma="свързват" pos="X">свързват</wf>
         <wf lemma="и" pos="X">и</wf>
         <wf lemma="образуват" pos="X">образуват</wf>
         <instance id="d000.s8593.t000" lemma="асоциация" pos="NOUN">асоциации</instance>
         <wf lemma="." pos="X">.</wf>
      </sentence>
      <sentence id="d000.s8594" source="wordnet-bulgarian">
         <wf lemma="правя" pos="X">правя</wf>
         <instance id="d000.s8594.t000" lemma="забележка" pos="NOUN">забележки</instance>
         <wf lemma="на" pos="X">на</wf>
         <wf lemma="." pos="X">.</wf>
      </sentence>
      <sentence id="d000.s8595" source="wordnet-bulgarian">
         <wf lemma="Ще" pos="X">Ще</wf>
         <wf lemma="правя" pos="X">правя</wf>
         <wf lemma="нещо" pos="X">нещо</wf>
         <wf lemma="за" pos="X">за</wf>
         <instance id="d000.s8595.t000" lemma="ядене" pos="NOUN">ядене</instance>
         <wf lemma="." pos="X">.</wf>
      </sentence>
      <sentence id="d000.s8596" source="wordnet-bulgarian">
         <wf lemma="Омръзна" pos="X">Омръзна</wf>
         <wf lemma="ми" pos="X">ми</wf>
         <wf lemma="да" pos="X">да</wf>
         <wf lemma="се" pos="X">се</wf>
         <wf lemma="разправям" pos="X">разправям</wf>
         <wf lemma="със" pos="X">със</wf>
         <instance id="d000.s8596.t000" lemma="загубеняк" pos="NOUN">загубеняци</instance>
         <wf lemma="." pos="X">.</wf>
      </sentence>
      <sentence id="d000.s8597" source="wordnet-bulgarian">
         <wf lemma="обвинявам" pos="X">обвинявам</wf>
         <wf lemma="в" pos="X">в</wf>
         <instance id="d000.s8597.t000" lemma="корупция" pos="NOUN">корупция</instance>
         <wf lemma="и" pos="X">и</wf>
         <wf lemma="рекет" pos="X">рекет</wf>
         <wf lemma="." pos="X">.</wf>
      </sentence>
      <sentence id="d000.s8598" source="wordnet-bulgarian">
         <wf lemma="назначавам" pos="X">назначавам</wf>
         <wf lemma="за" pos="X">за</wf>
         <instance id="d000.s8598.t000" lemma="министър" pos="NOUN">министър</instance>
         <wf lemma="." pos="X">.</wf>
      </sentence>
      <sentence id="d000.s8599" source="wordnet-bulgarian">
         <instance id="d000.s8599.t000" lemma="жилище" pos="NOUN">жилище</instance>
         <wf lemma="с" pos="X">с</wf>
         <wf lemma="изглед" pos="X">изглед</wf>
         <wf lemma="към" pos="X">към</wf>
         <wf lemma="Витоша" pos="X">Витоша</wf>
         <wf lemma="." pos="X">.</wf>
      </sentence>
      <sentence id="d000.s8600" source="wordnet-bulgarian">
         <instance id="d000.s8600.t000" lemma="вход" pos="NOUN">вход</instance>
         <wf lemma="на" pos="X">на</wf>
         <wf lemma="сграда" pos="X">сграда</wf>
         <wf lemma="." pos="X">.</wf>
      </sentence>
      <sentence id="d000.s8601" source="wordnet-bulgarian">
         <instance id="d000.s8601.t000" lemma="език" pos="NOUN">Езикът</instance>
         <wf lemma="му" pos="X">му</wf>
         <wf lemma="е" pos="X">е</wf>
         <wf lemma="много" pos="X">много</wf>
         <wf lemma="образен" pos="X">образен</wf>
         <wf lemma="и" pos="X">и</wf>
         <wf lemma="експресивен" pos="X">експресивен</wf>
         <wf lemma="." pos="X">.</wf>
      </sentence>
      <sentence id="d000.s8602" source="wordnet-bulgarian">
         <wf lemma="Римската" pos="X">Римската</wf>
         <instance id="d000.s8602.t000" lemma="империя" pos="NOUN">империя</instance>
         <wf lemma="." pos="X">.</wf>
      </sentence>
      <sentence id="d000.s8603" source="wordnet-bulgarian">
         <wf lemma="домашни" pos="X">домашни</wf>
         <instance id="d000.s8603.t000" lemma="котка" pos="NOUN">котки</instance>
         <wf lemma="." pos="X">.</wf>
      </sentence>
      <sentence id="d000.s8604" source="wordnet-bulgarian">
         <instance id="d000.s8604.t000" lemma="баща" pos="NOUN">Баща</instance>
         <wf lemma="ми" pos="X">ми</wf>
         <wf lemma="е" pos="X">е</wf>
         <wf lemma="от" pos="X">от</wf>
         <wf lemma="София" pos="X">София</wf>
         <wf lemma="." pos="X">.</wf>
      </sentence>
      <sentence id="d000.s8605" source="wordnet-bulgarian">
         <wf lemma="без" pos="X">без</wf>
         <instance id="d000.s8605.t000" lemma="отзвук" pos="NOUN">отзвук</instance>
         <wf lemma="." pos="X">.</wf>
      </sentence>
      <sentence id="d000.s8606" source="wordnet-bulgarian">
         <wf lemma="в" pos="X">в</wf>
         <instance id="d000.s8606.t000" lemma="конфликт" pos="NOUN">конфликт</instance>
         <wf lemma="съм" pos="X">съм</wf>
         <wf lemma="с." pos="X">с.</wf>
      </sentence>
      <sentence id="d000.s8607" source="wordnet-bulgarian">
         <wf lemma="Ще" pos="X">Ще</wf>
         <wf lemma="ти" pos="X">ти</wf>
         <wf lemma="прочета" pos="X">прочета</wf>
         <wf lemma="само" pos="X">само</wf>
         <wf lemma="един" pos="X">един</wf>
         <wf lemma="интересен" pos="X">интересен</wf>
         <instance id="d000.s8607.t000" lemma="пасаж" pos="NOUN">пасаж</instance>
         <wf lemma="." pos="X">.</wf>
      </sentence>
      <sentence id="d000.s8608" source="wordnet-bulgarian">
         <instance id="d000.s8608.t000" lemma="липса" pos="NOUN">липса</instance>
         <wf lemma="на" pos="X">на</wf>
         <wf lemma="кафе" pos="X">кафе</wf>
         <wf lemma="." pos="X">.</wf>
      </sentence>
      <sentence id="d000.s8609" source="wordnet-bulgarian">
         <instance id="d000.s8609.t000" lemma="кичур" pos="NOUN">кичур</instance>
         <wf lemma="коса" pos="X">коса</wf>
         <wf lemma="." pos="X">.</wf>
      </sentence>
      <sentence id="d000.s8610" source="wordnet-bulgarian">
         <wf lemma="тренирам" pos="X">тренирам</wf>
         <instance id="d000.s8610.t000" lemma="атлетика" pos="NOUN">атлетика</instance>
         <wf lemma="." pos="X">.</wf>
      </sentence>
      <sentence id="d000.s8611" source="wordnet-bulgarian">
         <wf lemma="Отивам" pos="X">Отивам</wf>
         <wf lemma="да" pos="X">да</wf>
         <wf lemma="видя" pos="X">видя</wf>
         <wf lemma="своите" pos="X">своите</wf>
         <instance id="d000.s8611.t000" lemma="близък" pos="NOUN">близки</instance>
         <wf lemma="." pos="X">.</wf>
      </sentence>
      <sentence id="d000.s8612" source="wordnet-bulgarian">
         <instance id="d000.s8612.t000" lemma="импулс" pos="NOUN">импулс</instance>
         <wf lemma="за" pos="X">за</wf>
         <wf lemma="действие" pos="X">действие</wf>
         <wf lemma="." pos="X">.</wf>
      </sentence>
      <sentence id="d000.s8613" source="wordnet-bulgarian">
         <wf lemma="Аз" pos="X">Аз</wf>
         <wf lemma="не" pos="X">не</wf>
         <wf lemma="съм" pos="X">съм</wf>
         <instance id="d000.s8613.t000" lemma="страхливец" pos="NOUN">страхливец</instance>
         <wf lemma="." pos="X">.</wf>
      </sentence>
      <sentence id="d000.s8614" source="wordnet-bulgarian">
         <instance id="d000.s8614.t000" lemma="монета" pos="NOUN">монета</instance>
         <wf lemma="от" pos="X">от</wf>
         <wf lemma="един" pos="X">един</wf>
         <wf lemma="лев" pos="X">лев</wf>
         <wf lemma="." pos="X">.</wf>
      </sentence>
      <sentence id="d000.s8615" source="wordnet-bulgarian">
         <wf lemma="слагам" pos="X">слагам</wf>
         <instance id="d000.s8615.t000" lemma="приставка" pos="NOUN">приставка</instance>
         <wf lemma="." pos="X">.</wf>
      </sentence>
      <sentence id="d000.s8616" source="wordnet-bulgarian">
         <wf lemma="лекарска" pos="X">лекарска</wf>
         <instance id="d000.s8616.t000" lemma="грешка" pos="NOUN">грешка</instance>
         <wf lemma="." pos="X">.</wf>
      </sentence>
      <sentence id="d000.s8617" source="wordnet-bulgarian">
         <wf lemma="бродирам" pos="X">бродирам</wf>
         <wf lemma="с" pos="X">с</wf>
         <instance id="d000.s8617.t000" lemma="игла" pos="NOUN">игла</instance>
         <wf lemma="." pos="X">.</wf>
      </sentence>
      <sentence id="d000.s8618" source="wordnet-bulgarian">
         <wf lemma="Купих" pos="X">Купих</wf>
         <wf lemma="два" pos="X">два</wf>
         <instance id="d000.s8618.t000" lemma="шоколад" pos="NOUN">шоколада</instance>
         <wf lemma="." pos="X">.</wf>
      </sentence>
      <sentence id="d000.s8619" source="wordnet-bulgarian">
         <wf lemma="медикаментозна" pos="X">медикаментозна</wf>
         <instance id="d000.s8619.t000" lemma="кома" pos="NOUN">кома</instance>
         <wf lemma="." pos="X">.</wf>
      </sentence>
      <sentence id="d000.s8620" source="wordnet-bulgarian">
         <instance id="d000.s8620.t000" lemma="стана" pos="VERB">Стани</instance>
         <wf lemma="и" pos="X">и</wf>
         <wf lemma="върви" pos="X">върви</wf>
         <wf lemma="!" pos="X">!</wf>
      </sentence>
      <sentence id="d000.s8621" source="wordnet-bulgarian">
         <wf lemma="неръждаема" pos="X">неръждаема</wf>
         <instance id="d000.s8621.t000" lemma="стомана" pos="NOUN">стомана</instance>
         <wf lemma="." pos="X">.</wf>
      </sentence>
      <sentence id="d000.s8622" source="wordnet-bulgarian">
         <wf lemma="държа" pos="X">държа</wf>
         <instance id="d000.s8622.t000" lemma="изпит" pos="NOUN">изпит</instance>
         <wf lemma="." pos="X">.</wf>
      </sentence>
      <sentence id="d000.s8623" source="wordnet-bulgarian">
         <wf lemma="нарушавам" pos="X">нарушавам</wf>
         <instance id="d000.s8623.t000" lemma="закон" pos="NOUN">закона</instance>
         <wf lemma="." pos="X">.</wf>
      </sentence>
      <sentence id="d000.s8624" source="wordnet-bulgarian">
         <wf lemma="Слагам" pos="X">Слагам</wf>
         <wf lemma="ръката" pos="X">ръката</wf>
         <wf lemma="си" pos="X">си</wf>
         <wf lemma="в" pos="X">в</wf>
         <instance id="d000.s8624.t000" lemma="джоб" pos="NOUN">джоба</instance>
         <wf lemma="." pos="X">.</wf>
      </sentence>
      <sentence id="d000.s8625" source="wordnet-bulgarian">
         <wf lemma="бяла" pos="X">бяла</wf>
         <instance id="d000.s8625.t000" lemma="риза" pos="NOUN">риза</instance>
         <wf lemma="." pos="X">.</wf>
      </sentence>
      <sentence id="d000.s8626" source="wordnet-bulgarian">
         <wf lemma="черна" pos="X">черна</wf>
         <instance id="d000.s8626.t000" lemma="мед" pos="NOUN">мед</instance>
         <wf lemma="." pos="X">.</wf>
      </sentence>
      <sentence id="d000.s8627" source="wordnet-bulgarian">
         <instance id="d000.s8627.t000" lemma="тест" pos="NOUN">тест</instance>
         <wf lemma="за" pos="X">за</wf>
         <wf lemma="интелигентност" pos="X">интелигентност</wf>
         <wf lemma="." pos="X">.</wf>
      </sentence>
      <sentence id="d000.s8628" source="wordnet-bulgarian">
         <wf lemma="управлявам" pos="X">управлявам</wf>
         <instance id="d000.s8628.t000" lemma="ферма" pos="NOUN">ферма</instance>
         <wf lemma="." pos="X">.</wf>
      </sentence>
      <sentence id="d000.s8629" source="wordnet-bulgarian">
         <wf lemma="ляво" pos="X">ляво</wf>
         <instance id="d000.s8629.t000" lemma="крило" pos="NOUN">крило</instance>
         <wf lemma="." pos="X">.</wf>
      </sentence>
      <sentence id="d000.s8630" source="wordnet-bulgarian">
         <wf lemma="Във" pos="X">Във</wf>
         <wf lemma="всяка" pos="X">всяка</wf>
         <wf lemma="строфа" pos="X">строфа</wf>
         <wf lemma="има" pos="X">има</wf>
         <wf lemma="по" pos="X">по</wf>
         <wf lemma="четири" pos="X">четири</wf>
         <instance id="d000.s8630.t000" lemma="ред" pos="NOUN">реда</instance>
         <wf lemma="." pos="X">.</wf>
      </sentence>
      <sentence id="d000.s8631" source="wordnet-bulgarian">
         <wf lemma="прав" pos="X">прав</wf>
         <instance id="d000.s8631.t000" lemma="цилиндър" pos="NOUN">цилиндър</instance>
         <wf lemma="." pos="X">.</wf>
      </sentence>
      <sentence id="d000.s8632" source="wordnet-bulgarian">
         <wf lemma="застилам" pos="X">застилам</wf>
         <wf lemma="с" pos="X">с</wf>
         <instance id="d000.s8632.t000" lemma="чакъл" pos="NOUN">чакъл</instance>
         <wf lemma="." pos="X">.</wf>
      </sentence>
      <sentence id="d000.s8633" source="wordnet-bulgarian">
         <wf lemma="сериозни" pos="X">сериозни</wf>
         <instance id="d000.s8633.t000" lemma="намерение" pos="NOUN">намерения</instance>
         <wf lemma="." pos="X">.</wf>
      </sentence>
      <sentence id="d000.s8634" source="wordnet-bulgarian">
         <wf lemma="груба" pos="X">груба</wf>
         <instance id="d000.s8634.t000" lemma="външност" pos="NOUN">външност</instance>
         <wf lemma="." pos="X">.</wf>
      </sentence>
      <sentence id="d000.s8635" source="wordnet-bulgarian">
         <wf lemma="нечакан" pos="X">нечакан</wf>
         <instance id="d000.s8635.t000" lemma="гост" pos="NOUN">гост</instance>
         <wf lemma="." pos="X">.</wf>
      </sentence>
      <sentence id="d000.s8636" source="wordnet-bulgarian">
         <instance id="d000.s8636.t000" lemma="дъно" pos="NOUN">дъно</instance>
         <wf lemma="на" pos="X">на</wf>
         <wf lemma="чаша" pos="X">чаша</wf>
         <wf lemma="." pos="X">.</wf>
      </sentence>
      <sentence id="d000.s8637" source="wordnet-bulgarian">
         <wf lemma="режа" pos="X">режа</wf>
         <wf lemma="на" pos="X">на</wf>
         <instance id="d000.s8637.t000" lemma="резен" pos="NOUN">резени</instance>
         <wf lemma="." pos="X">.</wf>
      </sentence>
      <sentence id="d000.s8638" source="wordnet-bulgarian">
         <wf lemma="парче" pos="X">парче</wf>
         <instance id="d000.s8638.t000" lemma="пай" pos="NOUN">пай</instance>
         <wf lemma="." pos="X">.</wf>
      </sentence>
      <sentence id="d000.s8639" source="wordnet-bulgarian">
         <wf lemma="Обели" pos="X">Обели</wf>
         <wf lemma="ми" pos="X">ми</wf>
         <instance id="d000.s8639.t000" lemma="банан" pos="NOUN">банана</instance>
         <wf lemma="." pos="X">.</wf>
      </sentence>
      <sentence id="d000.s8640" source="wordnet-bulgarian">
         <instance id="d000.s8640.t000" lemma="нишка" pos="NOUN">нишка</instance>
         <wf lemma="от" pos="X">от</wf>
         <wf lemma="коприна" pos="X">коприна</wf>
         <wf lemma="." pos="X">.</wf>
      </sentence>
      <sentence id="d000.s8641" source="wordnet-bulgarian">
         <wf lemma="Давам" pos="X">Давам</wf>
         <wf lemma="пари" pos="X">пари</wf>
         <wf lemma="под" pos="X">под</wf>
         <instance id="d000.s8641.t000" lemma="лихва" pos="NOUN">лихва</instance>
         <wf lemma="." pos="X">.</wf>
      </sentence>
      <sentence id="d000.s8642" source="wordnet-bulgarian">
         <wf lemma="чуждо" pos="X">чуждо</wf>
         <instance id="d000.s8642.t000" lemma="мазе" pos="NOUN">мазе</instance>
         <wf lemma="." pos="X">.</wf>
      </sentence>
      <sentence id="d000.s8643" source="wordnet-bulgarian">
         <wf lemma="използвам" pos="X">използвам</wf>
         <instance id="d000.s8643.t000" lemma="обстоятелство" pos="NOUN">обстоятелствата</instance>
         <wf lemma="да" pos="X">да</wf>
         <wf lemma="." pos="X">.</wf>
      </sentence>
      <sentence id="d000.s8644" source="wordnet-bulgarian">
         <wf lemma="по" pos="X">по</wf>
         <instance id="d000.s8644.t000" lemma="професия" pos="NOUN">професия</instance>
         <wf lemma="съм" pos="X">съм</wf>
         <wf lemma="лекар" pos="X">лекар</wf>
         <wf lemma="." pos="X">.</wf>
      </sentence>
      <sentence id="d000.s8645" source="wordnet-bulgarian">
         <wf lemma="изразителен" pos="X">изразителен</wf>
         <instance id="d000.s8645.t000" lemma="детайл" pos="NOUN">детайл</instance>
         <wf lemma="." pos="X">.</wf>
      </sentence>
      <sentence id="d000.s8646" source="wordnet-bulgarian">
         <wf lemma="От" pos="X">От</wf>
         <wf lemma="кого" pos="X">кого</wf>
         <wf lemma="научи" pos="X">научи</wf>
         <instance id="d000.s8646.t000" lemma="дата" pos="NOUN">датата</instance>
         <wf lemma="и" pos="X">и</wf>
         <wf lemma="часа" pos="X">часа</wf>
         <wf lemma="на" pos="X">на</wf>
         <wf lemma="събирането" pos="X">събирането</wf>
         <wf lemma="?" pos="X">?</wf>
      </sentence>
      <sentence id="d000.s8647" source="wordnet-bulgarian">
         <wf lemma="по" pos="X">по</wf>
         <instance id="d000.s8647.t000" lemma="убеждение" pos="NOUN">убеждение</instance>
         <wf lemma="е" pos="X">е</wf>
         <wf lemma="." pos="X">.</wf>
      </sentence>
      <sentence id="d000.s8648" source="wordnet-bulgarian">
         <wf lemma="Спуснах" pos="X">Спуснах</wf>
         <wf lemma="се" pos="X">се</wf>
         <wf lemma="по" pos="X">по</wf>
         <instance id="d000.s8648.t000" lemma="наклон" pos="NOUN">наклона</instance>
         <wf lemma="на" pos="X">на</wf>
         <wf lemma="пътя" pos="X">пътя</wf>
         <wf lemma="." pos="X">.</wf>
      </sentence>
      <sentence id="d000.s8649" source="wordnet-bulgarian">
         <wf lemma="плясвам" pos="X">плясвам</wf>
         <wf lemma="през" pos="X">през</wf>
         <instance id="d000.s8649.t000" lemma="ръка" pos="NOUN">ръцете</instance>
         <wf lemma="." pos="X">.</wf>
      </sentence>
      <sentence id="d000.s8650" source="wordnet-bulgarian">
         <wf lemma="нисък" pos="X">нисък</wf>
         <instance id="d000.s8650.t000" lemma="човек" pos="NOUN">човек</instance>
         <wf lemma="." pos="X">.</wf>
      </sentence>
      <sentence id="d000.s8651" source="wordnet-bulgarian">
         <wf lemma="коварен" pos="X">коварен</wf>
         <instance id="d000.s8651.t000" lemma="враг" pos="NOUN">враг</instance>
         <wf lemma="." pos="X">.</wf>
      </sentence>
      <sentence id="d000.s8652" source="wordnet-bulgarian">
         <wf lemma="Стара" pos="X">Стара</wf>
         <wf lemma="планина" pos="X">планина</wf>
         <wf lemma="е" pos="X">е</wf>
         <wf lemma="разположена" pos="X">разположена</wf>
         <wf lemma="на" pos="X">на</wf>
         <instance id="d000.s8652.t000" lemma="север" pos="NOUN">север</instance>
         <wf lemma="от" pos="X">от</wf>
         <wf lemma="София" pos="X">София</wf>
         <wf lemma="." pos="X">.</wf>
      </sentence>
      <sentence id="d000.s8653" source="wordnet-bulgarian">
         <wf lemma="Получих" pos="X">Получих</wf>
         <instance id="d000.s8653.t000" lemma="пакет" pos="NOUN">пакет</instance>
         <wf lemma="книги" pos="X">книги</wf>
         <wf lemma="." pos="X">.</wf>
      </sentence>
      <sentence id="d000.s8654" source="wordnet-bulgarian">
         <instance id="d000.s8654.t000" lemma="жадувам" pos="VERB">Жадувам</instance>
         <wf lemma="да" pos="X">да</wf>
         <wf lemma="те" pos="X">те</wf>
         <wf lemma="видя" pos="X">видя</wf>
         <wf lemma="отново" pos="X">отново</wf>
         <wf lemma="." pos="X">.</wf>
      </sentence>
      <sentence id="d000.s8655" source="wordnet-bulgarian">
         <wf lemma="гледам" pos="X">гледам</wf>
         <wf lemma="от" pos="X">от</wf>
         <instance id="d000.s8655.t000" lemma="балкон" pos="NOUN">балкона</instance>
         <wf lemma="." pos="X">.</wf>
      </sentence>
      <sentence id="d000.s8656" source="wordnet-bulgarian">
         <instance id="d000.s8656.t000" lemma="клетка" pos="NOUN">клетката</instance>
         <wf lemma="е" pos="X">е</wf>
         <wf lemma="най-малката" pos="X">най-малката</wf>
         <wf lemma="единица" pos="X">единица</wf>
         <wf lemma="на" pos="X">на</wf>
         <wf lemma="живот" pos="X">живот</wf>
         <wf lemma="." pos="X">.</wf>
      </sentence>
      <sentence id="d000.s8657" source="wordnet-bulgarian">
         <wf lemma="мъжки" pos="X">мъжки</wf>
         <instance id="d000.s8657.t000" lemma="обувка" pos="NOUN">обувки</instance>
         <wf lemma="." pos="X">.</wf>
      </sentence>
      <sentence id="d000.s8658" source="wordnet-bulgarian">
         <wf lemma="природен" pos="X">природен</wf>
         <instance id="d000.s8658.t000" lemma="феномен" pos="NOUN">феномен</instance>
         <wf lemma="." pos="X">.</wf>
      </sentence>
      <sentence id="d000.s8659" source="wordnet-bulgarian">
         <wf lemma="смела" pos="X">смела</wf>
         <instance id="d000.s8659.t000" lemma="мисъл" pos="NOUN">мисъл</instance>
         <wf lemma="." pos="X">.</wf>
      </sentence>
      <sentence id="d000.s8660" source="wordnet-bulgarian">
         <wf lemma="Тя" pos="X">Тя</wf>
         <wf lemma="живее" pos="X">живее</wf>
         <wf lemma="от" pos="X">от</wf>
         <wf lemma="социални" pos="X">социални</wf>
         <instance id="d000.s8660.t000" lemma="помощ" pos="NOUN">помощи</instance>
         <wf lemma="." pos="X">.</wf>
      </sentence>
      <sentence id="d000.s8661" source="wordnet-bulgarian">
         <wf lemma="поставям" pos="X">поставям</wf>
         <wf lemma="си" pos="X">си</wf>
         <wf lemma="за" pos="X">за</wf>
         <instance id="d000.s8661.t000" lemma="цел" pos="NOUN">цел</instance>
         <wf lemma="." pos="X">.</wf>
      </sentence>
      <sentence id="d000.s8662" source="wordnet-bulgarian">
         <instance id="d000.s8662.t000" lemma="чиния" pos="NOUN">чиния</instance>
         <wf lemma="на" pos="X">на</wf>
         <wf lemma="покрива" pos="X">покрива</wf>
         <wf lemma="." pos="X">.</wf>
      </sentence>
      <sentence id="d000.s8663" source="wordnet-bulgarian">
         <instance id="d000.s8663.t000" lemma="ферибот" pos="NOUN">ферибот</instance>
         <wf lemma="до." pos="X">до.</wf>
      </sentence>
      <sentence id="d000.s8664" source="wordnet-bulgarian">
         <wf lemma="Какво" pos="X">Какво</wf>
         <instance id="d000.s8664.t000" lemma="печеля" pos="VERB">печелиш</instance>
         <wf lemma="от" pos="X">от</wf>
         <wf lemma="това" pos="X">това</wf>
         <wf lemma="?" pos="X">?</wf>
      </sentence>
      <sentence id="d000.s8665" source="wordnet-bulgarian">
         <wf lemma="санитарна" pos="X">санитарна</wf>
         <instance id="d000.s8665.t000" lemma="линейка" pos="NOUN">линейка</instance>
         <wf lemma="." pos="X">.</wf>
      </sentence>
      <sentence id="d000.s8666" source="wordnet-bulgarian">
         <wf lemma="машинен" pos="X">машинен</wf>
         <instance id="d000.s8666.t000" lemma="инженер" pos="NOUN">инженер</instance>
         <wf lemma="." pos="X">.</wf>
      </sentence>
      <sentence id="d000.s8667" source="wordnet-bulgarian">
         <wf lemma="извънреден" pos="X">извънреден</wf>
         <instance id="d000.s8667.t000" lemma="влак" pos="NOUN">влак</instance>
         <wf lemma="." pos="X">.</wf>
      </sentence>
      <sentence id="d000.s8668" source="wordnet-bulgarian">
         <instance id="d000.s8668.t000" lemma="фрактура" pos="NOUN">фрактура</instance>
         <wf lemma="на" pos="X">на</wf>
         <wf lemma="крака" pos="X">крака</wf>
         <wf lemma="." pos="X">.</wf>
      </sentence>
      <sentence id="d000.s8669" source="wordnet-bulgarian">
         <instance id="d000.s8669.t000" lemma="консуматор" pos="NOUN">консуматор</instance>
         <wf lemma="на" pos="X">на</wf>
         <wf lemma="електроенергия" pos="X">електроенергия</wf>
         <wf lemma="." pos="X">.</wf>
      </sentence>
      <sentence id="d000.s8670" source="wordnet-bulgarian">
         <wf lemma="рисувам" pos="X">рисувам</wf>
         <wf lemma="по" pos="X">по</wf>
         <instance id="d000.s8670.t000" lemma="модел" pos="NOUN">модел</instance>
         <wf lemma="." pos="X">.</wf>
      </sentence>
      <sentence id="d000.s8671" source="wordnet-bulgarian">
         <wf lemma="организирам" pos="X">организирам</wf>
         <instance id="d000.s8671.t000" lemma="заговор" pos="NOUN">заговор</instance>
         <wf lemma="." pos="X">.</wf>
      </sentence>
      <sentence id="d000.s8672" source="wordnet-bulgarian">
         <wf lemma="строителна" pos="X">строителна</wf>
         <instance id="d000.s8672.t000" lemma="работа" pos="NOUN">работа</instance>
         <wf lemma="." pos="X">.</wf>
      </sentence>
      <sentence id="d000.s8673" source="wordnet-bulgarian">
         <wf lemma="страшен" pos="X">страшен</wf>
         <instance id="d000.s8673.t000" lemma="сън" pos="NOUN">сън</instance>
         <wf lemma="." pos="X">.</wf>
      </sentence>
      <sentence id="d000.s8674" source="wordnet-bulgarian">
         <wf lemma="Отворих" pos="X">Отворих</wf>
         <instance id="d000.s8674.t000" lemma="плик" pos="NOUN">плика</instance>
         <wf lemma="и" pos="X">и</wf>
         <wf lemma="извадих" pos="X">извадих</wf>
         <wf lemma="писмото" pos="X">писмото</wf>
         <wf lemma="." pos="X">.</wf>
      </sentence>
      <sentence id="d000.s8675" source="wordnet-bulgarian">
         <wf lemma="заминавам" pos="X">заминавам</wf>
         <wf lemma="на" pos="X">на</wf>
         <instance id="d000.s8675.t000" lemma="експедиция" pos="NOUN">експедиция</instance>
         <wf lemma="." pos="X">.</wf>
      </sentence>
      <sentence id="d000.s8676" source="wordnet-bulgarian">
         <wf lemma="възпитана" pos="X">възпитана</wf>
         <instance id="d000.s8676.t000" lemma="младеж" pos="NOUN">младеж</instance>
         <wf lemma="." pos="X">.</wf>
      </sentence>
      <sentence id="d000.s8677" source="wordnet-bulgarian">
         <wf lemma="слагам" pos="X">слагам</wf>
         <instance id="d000.s8677.t000" lemma="ограда" pos="NOUN">ограда</instance>
         <wf lemma="." pos="X">.</wf>
      </sentence>
      <sentence id="d000.s8678" source="wordnet-bulgarian">
         <wf lemma="Хората" pos="X">Хората</wf>
         <wf lemma="на" pos="X">на</wf>
         <wf lemma="прощада" pos="X">прощада</wf>
         <wf lemma="като" pos="X">като</wf>
         <wf lemma="че" pos="X">че</wf>
         <wf lemma="ли" pos="X">ли</wf>
         <instance id="d000.s8678.t000" lemma="извирам" pos="VERB">извираха</instance>
         <wf lemma="." pos="X">.</wf>
      </sentence>
      <sentence id="d000.s8679" source="wordnet-bulgarian">
         <wf lemma="намушквам" pos="X">намушквам</wf>
         <wf lemma="с" pos="X">с</wf>
         <instance id="d000.s8679.t000" lemma="нож" pos="NOUN">нож</instance>
         <wf lemma="." pos="X">.</wf>
      </sentence>
      <sentence id="d000.s8680" source="wordnet-bulgarian">
         <instance id="d000.s8680.t000" lemma="лист" pos="NOUN">лист</instance>
         <wf lemma="от" pos="X">от</wf>
         <wf lemma="тетрадка" pos="X">тетрадка</wf>
         <wf lemma="." pos="X">.</wf>
      </sentence>
      <sentence id="d000.s8681" source="wordnet-bulgarian">
         <wf lemma="по" pos="X">по</wf>
         <instance id="d000.s8681.t000" lemma="инерция" pos="NOUN">инерция</instance>
         <wf lemma="." pos="X">.</wf>
      </sentence>
      <sentence id="d000.s8682" source="wordnet-bulgarian">
         <wf lemma="От" pos="X">От</wf>
         <wf lemma="уплаха" pos="X">уплаха</wf>
         <wf lemma="загубил" pos="X">загубил</wf>
         <instance id="d000.s8682.t000" lemma="способност" pos="NOUN">способността</instance>
         <wf lemma="си" pos="X">си</wf>
         <wf lemma="да" pos="X">да</wf>
         <wf lemma="говори" pos="X">говори</wf>
         <wf lemma="." pos="X">.</wf>
      </sentence>
      <sentence id="d000.s8683" source="wordnet-bulgarian">
         <wf lemma="силно" pos="X">силно</wf>
         <instance id="d000.s8683.t000" lemma="обоняние" pos="NOUN">обоняние</instance>
         <wf lemma="." pos="X">.</wf>
      </sentence>
      <sentence id="d000.s8684" source="wordnet-bulgarian">
         <wf lemma="Виждам" pos="X">Виждам</wf>
         <instance id="d000.s8684.t000" lemma="лодка" pos="NOUN">лодка</instance>
         <wf lemma="в" pos="X">в</wf>
         <wf lemma="далечината" pos="X">далечината</wf>
         <wf lemma="." pos="X">.</wf>
      </sentence>
      <sentence id="d000.s8685" source="wordnet-bulgarian">
         <instance id="d000.s8685.t000" lemma="категория" pos="NOUN">категория</instance>
         <wf lemma="на" pos="X">на</wf>
         <wf lemma="заведение" pos="X">заведение</wf>
         <wf lemma="." pos="X">.</wf>
      </sentence>
      <sentence id="d000.s8686" source="wordnet-bulgarian">
         <instance id="d000.s8686.t000" lemma="снабдявам" pos="VERB">снабдявам</instance>
         <wf lemma="с." pos="X">с.</wf>
      </sentence>
      <sentence id="d000.s8687" source="wordnet-bulgarian">
         <instance id="d000.s8687.t000" lemma="партия" pos="NOUN">Партията</instance>
         <wf lemma="се" pos="X">се</wf>
         <wf lemma="задържа" pos="X">задържа</wf>
         <wf lemma="на" pos="X">на</wf>
         <wf lemma="власт" pos="X">власт</wf>
         <wf lemma="." pos="X">.</wf>
      </sentence>
      <sentence id="d000.s8688" source="wordnet-bulgarian">
         <wf lemma="чета" pos="X">чета</wf>
         <instance id="d000.s8688.t000" lemma="роман" pos="NOUN">роман</instance>
         <wf lemma="." pos="X">.</wf>
      </sentence>
      <sentence id="d000.s8689" source="wordnet-bulgarian">
         <wf lemma="заден" pos="X">заден</wf>
         <instance id="d000.s8689.t000" lemma="двор" pos="NOUN">двор</instance>
         <wf lemma="." pos="X">.</wf>
      </sentence>
      <sentence id="d000.s8690" source="wordnet-bulgarian">
         <wf lemma="общо" pos="X">общо</wf>
         <instance id="d000.s8690.t000" lemma="нещастие" pos="NOUN">нещастие</instance>
         <wf lemma="." pos="X">.</wf>
      </sentence>
      <sentence id="d000.s8691" source="wordnet-bulgarian">
         <wf lemma="в" pos="X">в</wf>
         <instance id="d000.s8691.t000" lemma="начало" pos="NOUN">началото</instance>
         <wf lemma="." pos="X">.</wf>
      </sentence>
      <sentence id="d000.s8692" source="wordnet-bulgarian">
         <wf lemma="сухоземна" pos="X">сухоземна</wf>
         <instance id="d000.s8692.t000" lemma="жаба" pos="NOUN">жаба</instance>
         <wf lemma="." pos="X">.</wf>
      </sentence>
      <sentence id="d000.s8693" source="wordnet-bulgarian">
         <wf lemma="офицер" pos="X">офицер</wf>
         <wf lemma="от" pos="X">от</wf>
         <instance id="d000.s8693.t000" lemma="разузнаване" pos="NOUN">разузнаването</instance>
         <wf lemma="." pos="X">.</wf>
      </sentence>
      <sentence id="d000.s8694" source="wordnet-bulgarian">
         <wf lemma="дървен" pos="X">дървен</wf>
         <instance id="d000.s8694.t000" lemma="шкаф" pos="NOUN">шкаф</instance>
         <wf lemma="." pos="X">.</wf>
      </sentence>
      <sentence id="d000.s8695" source="wordnet-bulgarian">
         <wf lemma="Влакът" pos="X">Влакът</wf>
         <instance id="d000.s8695.t000" lemma="заминавам" pos="VERB">заминава</instance>
         <wf lemma="от" pos="X">от</wf>
         <wf lemma="първи" pos="X">първи</wf>
         <wf lemma="коловоз" pos="X">коловоз</wf>
         <wf lemma="." pos="X">.</wf>
      </sentence>
      <sentence id="d000.s8696" source="wordnet-bulgarian">
         <instance id="d000.s8696.t000" lemma="приспособление" pos="NOUN">приспособление</instance>
         <wf lemma="за" pos="X">за</wf>
         <wf lemma="рязане" pos="X">рязане</wf>
         <wf lemma="на" pos="X">на</wf>
         <wf lemma="дърва" pos="X">дърва</wf>
         <wf lemma="." pos="X">.</wf>
      </sentence>
      <sentence id="d000.s8697" source="wordnet-bulgarian">
         <wf lemma="генерален" pos="X">генерален</wf>
         <instance id="d000.s8697.t000" lemma="директор" pos="NOUN">директор</instance>
         <wf lemma="." pos="X">.</wf>
      </sentence>
      <sentence id="d000.s8698" source="wordnet-bulgarian">
         <wf lemma="звън" pos="X">звън</wf>
         <wf lemma="на" pos="X">на</wf>
         <instance id="d000.s8698.t000" lemma="подкова" pos="NOUN">подкови</instance>
         <wf lemma="." pos="X">.</wf>
      </sentence>
      <sentence id="d000.s8699" source="wordnet-bulgarian">
         <wf lemma="препълнена" pos="X">препълнена</wf>
         <instance id="d000.s8699.t000" lemma="количка" pos="NOUN">количка</instance>
         <wf lemma="." pos="X">.</wf>
      </sentence>
      <sentence id="d000.s8700" source="wordnet-bulgarian">
         <wf lemma="признавам" pos="X">признавам</wf>
         <instance id="d000.s8700.t000" lemma="грешка" pos="NOUN">грешката</instance>
         <wf lemma="си" pos="X">си</wf>
         <wf lemma="." pos="X">.</wf>
      </sentence>
      <sentence id="d000.s8701" source="wordnet-bulgarian">
         <wf lemma="изкарвам" pos="X">изкарвам</wf>
         <wf lemma="вода" pos="X">вода</wf>
         <wf lemma="с" pos="X">с</wf>
         <instance id="d000.s8701.t000" lemma="помпа" pos="NOUN">помпа</instance>
         <wf lemma="." pos="X">.</wf>
      </sentence>
      <sentence id="d000.s8702" source="wordnet-bulgarian">
         <wf lemma="правя" pos="X">правя</wf>
         <instance id="d000.s8702.t000" lemma="пудинг" pos="NOUN">пудинг</instance>
         <wf lemma="." pos="X">.</wf>
      </sentence>
      <sentence id="d000.s8703" source="wordnet-bulgarian">
         <wf lemma="вкарвам" pos="X">вкарвам</wf>
         <instance id="d000.s8703.t000" lemma="гол" pos="NOUN">гол</instance>
         <wf lemma="." pos="X">.</wf>
      </sentence>
      <sentence id="d000.s8704" source="wordnet-bulgarian">
         <wf lemma="Ще" pos="X">Ще</wf>
         <wf lemma="му" pos="X">му</wf>
         <instance id="d000.s8704.t000" lemma="пиша" pos="VERB">пиша</instance>
         <wf lemma="веднага" pos="X">веднага</wf>
         <wf lemma="да" pos="X">да</wf>
         <wf lemma="дойде" pos="X">дойде</wf>
         <wf lemma="." pos="X">.</wf>
      </sentence>
      <sentence id="d000.s8705" source="wordnet-bulgarian">
         <wf lemma="Партията" pos="X">Партията</wf>
         <wf lemma="беше" pos="X">беше</wf>
         <wf lemma="подкрепена" pos="X">подкрепена</wf>
         <wf lemma="с" pos="X">с</wf>
         <wf lemma="1000" pos="X">1000</wf>
         <instance id="d000.s8705.t000" lemma="глас" pos="NOUN">гласа</instance>
         <wf lemma="." pos="X">.</wf>
      </sentence>
      <sentence id="d000.s8706" source="wordnet-bulgarian">
         <wf lemma="универсално" pos="X">универсално</wf>
         <instance id="d000.s8706.t000" lemma="лекарство" pos="NOUN">лекарство</instance>
         <wf lemma="." pos="X">.</wf>
      </sentence>
      <sentence id="d000.s8707" source="wordnet-bulgarian">
         <wf lemma="добра" pos="X">добра</wf>
         <instance id="d000.s8707.t000" lemma="реколта" pos="NOUN">реколта</instance>
         <wf lemma="." pos="X">.</wf>
      </sentence>
      <sentence id="d000.s8708" source="wordnet-bulgarian">
         <wf lemma="селскостопански" pos="X">селскостопански</wf>
         <instance id="d000.s8708.t000" lemma="работник" pos="NOUN">работник</instance>
         <wf lemma="." pos="X">.</wf>
      </sentence>
      <sentence id="d000.s8709" source="wordnet-bulgarian">
         <wf lemma="давам" pos="X">давам</wf>
         <instance id="d000.s8709.t000" lemma="глас" pos="NOUN">гласа</instance>
         <wf lemma="си" pos="X">си</wf>
         <wf lemma="за" pos="X">за</wf>
         <wf lemma="." pos="X">.</wf>
      </sentence>
      <sentence id="d000.s8710" source="wordnet-bulgarian">
         <wf lemma="осуетявам" pos="X">осуетявам</wf>
         <instance id="d000.s8710.t000" lemma="заговор" pos="NOUN">заговор</instance>
         <wf lemma="." pos="X">.</wf>
      </sentence>
      <sentence id="d000.s8711" source="wordnet-bulgarian">
         <instance id="d000.s8711.t000" lemma="дебат" pos="NOUN">Дебатите</instance>
         <wf lemma="продължиха" pos="X">продължиха</wf>
         <wf lemma="до" pos="X">до</wf>
         <wf lemma="сутринта" pos="X">сутринта</wf>
         <wf lemma="." pos="X">.</wf>
      </sentence>
      <sentence id="d000.s8712" source="wordnet-bulgarian">
         <wf lemma="ловно" pos="X">ловно</wf>
         <instance id="d000.s8712.t000" lemma="оръжие" pos="NOUN">оръжие</instance>
         <wf lemma="." pos="X">.</wf>
      </sentence>
      <sentence id="d000.s8713" source="wordnet-bulgarian">
         <wf lemma="имам" pos="X">имам</wf>
         <wf lemma="важно" pos="X">важно</wf>
         <instance id="d000.s8713.t000" lemma="събрание" pos="NOUN">събрание</instance>
         <wf lemma="." pos="X">.</wf>
      </sentence>
      <sentence id="d000.s8714" source="wordnet-bulgarian">
         <wf lemma="изкачвам" pos="X">изкачвам</wf>
         <instance id="d000.s8714.t000" lemma="наклон" pos="NOUN">наклона</instance>
         <wf lemma="." pos="X">.</wf>
      </sentence>
      <sentence id="d000.s8715" source="wordnet-bulgarian">
         <wf lemma="финансов" pos="X">финансов</wf>
         <instance id="d000.s8715.t000" lemma="отчет" pos="NOUN">отчет</instance>
         <wf lemma="." pos="X">.</wf>
      </sentence>
      <sentence id="d000.s8716" source="wordnet-bulgarian">
         <wf lemma="чужд" pos="X">чужд</wf>
         <instance id="d000.s8716.t000" lemma="гражданин" pos="NOUN">гражданин</instance>
         <wf lemma="." pos="X">.</wf>
      </sentence>
      <sentence id="d000.s8717" source="wordnet-bulgarian">
         <wf lemma="Винаги" pos="X">Винаги</wf>
         <wf lemma="се" pos="X">се</wf>
         <wf lemma="съобразявам" pos="X">съобразявам</wf>
         <wf lemma="с" pos="X">с</wf>
         <wf lemma="определения" pos="X">определения</wf>
         <wf lemma="ми" pos="X">ми</wf>
         <instance id="d000.s8717.t000" lemma="бюджет" pos="NOUN">бюджет</instance>
         <wf lemma="." pos="X">.</wf>
      </sentence>
      <sentence id="d000.s8718" source="wordnet-bulgarian">
         <instance id="d000.s8718.t000" lemma="ветеран" pos="NOUN">Ветеранът</instance>
         <wf lemma="се" pos="X">се</wf>
         <wf lemma="засмя" pos="X">засмя</wf>
         <wf lemma="на" pos="X">на</wf>
         <wf lemma="новите" pos="X">новите</wf>
         <wf lemma="попълнения" pos="X">попълнения</wf>
         <wf lemma="." pos="X">.</wf>
      </sentence>
      <sentence id="d000.s8719" source="wordnet-bulgarian">
         <instance id="d000.s8719.t000" lemma="симптом" pos="NOUN">симптоми</instance>
         <wf lemma="на" pos="X">на</wf>
         <wf lemma="туберкулоза" pos="X">туберкулоза</wf>
         <wf lemma="." pos="X">.</wf>
      </sentence>
      <sentence id="d000.s8720" source="wordnet-bulgarian">
         <wf lemma="неполучено" pos="X">неполучено</wf>
         <instance id="d000.s8720.t000" lemma="писмо" pos="NOUN">писмо</instance>
         <wf lemma="." pos="X">.</wf>
      </sentence>
      <sentence id="d000.s8721" source="wordnet-bulgarian">
         <wf lemma="български" pos="X">български</wf>
         <instance id="d000.s8721.t000" lemma="писател" pos="NOUN">писател</instance>
         <wf lemma="." pos="X">.</wf>
      </sentence>
      <sentence id="d000.s8722" source="wordnet-bulgarian">
         <instance id="d000.s8722.t000" lemma="хора" pos="NOUN">хора</instance>
         <wf lemma="на" pos="X">на</wf>
         <wf lemma="средна" pos="X">средна</wf>
         <wf lemma="възраст" pos="X">възраст</wf>
         <wf lemma="." pos="X">.</wf>
      </sentence>
      <sentence id="d000.s8723" source="wordnet-bulgarian">
         <wf lemma="арестувам" pos="X">арестувам</wf>
         <wf lemma="за" pos="X">за</wf>
         <instance id="d000.s8723.t000" lemma="грабеж" pos="NOUN">грабеж</instance>
         <wf lemma="." pos="X">.</wf>
      </sentence>
      <sentence id="d000.s8724" source="wordnet-bulgarian">
         <wf lemma="Корабът" pos="X">Корабът</wf>
         <instance id="d000.s8724.t000" lemma="потъна" pos="VERB">потъна</instance>
         <wf lemma="в" pos="X">в</wf>
         <wf lemma="морето" pos="X">морето</wf>
         <wf lemma="." pos="X">.</wf>
      </sentence>
      <sentence id="d000.s8725" source="wordnet-bulgarian">
         <instance id="d000.s8725.t000" lemma="орган" pos="NOUN">орган</instance>
         <wf lemma="за" pos="X">за</wf>
         <wf lemma="трансплантация" pos="X">трансплантация</wf>
         <wf lemma="." pos="X">.</wf>
      </sentence>
      <sentence id="d000.s8726" source="wordnet-bulgarian">
         <wf lemma="Кучето" pos="X">Кучето</wf>
         <wf lemma="маха" pos="X">маха</wf>
         <instance id="d000.s8726.t000" lemma="опашка" pos="NOUN">опашка</instance>
         <wf lemma="." pos="X">.</wf>
      </sentence>
      <sentence id="d000.s8727" source="wordnet-bulgarian">
         <wf lemma="нравствени" pos="X">нравствени</wf>
         <instance id="d000.s8727.t000" lemma="качество" pos="NOUN">качества</instance>
         <wf lemma="." pos="X">.</wf>
      </sentence>
      <sentence id="d000.s8728" source="wordnet-bulgarian">
         <wf lemma="преживни" pos="X">преживни</wf>
         <instance id="d000.s8728.t000" lemma="животно" pos="NOUN">животни</instance>
         <wf lemma="." pos="X">.</wf>
      </sentence>
      <sentence id="d000.s8729" source="wordnet-bulgarian">
         <wf lemma="Напълних" pos="X">Напълних</wf>
         <instance id="d000.s8729.t000" lemma="кофа" pos="NOUN">кофата</instance>
         <wf lemma="с" pos="X">с</wf>
         <wf lemma="вода" pos="X">вода</wf>
         <wf lemma="." pos="X">.</wf>
      </sentence>
      <sentence id="d000.s8730" source="wordnet-bulgarian">
         <wf lemma="тренирам" pos="X">тренирам</wf>
         <instance id="d000.s8730.t000" lemma="тенис" pos="NOUN">тенис</instance>
         <wf lemma="." pos="X">.</wf>
      </sentence>
      <sentence id="d000.s8731" source="wordnet-bulgarian">
         <wf lemma="Непознатият" pos="X">Непознатият</wf>
         <wf lemma="изчезна" pos="X">изчезна</wf>
         <wf lemma="в" pos="X">в</wf>
         <instance id="d000.s8731.t000" lemma="мрак" pos="NOUN">мрака</instance>
         <wf lemma="." pos="X">.</wf>
      </sentence>
      <sentence id="d000.s8732" source="wordnet-bulgarian">
         <wf lemma="Потънал" pos="X">Потънал</wf>
         <wf lemma="съм" pos="X">съм</wf>
         <wf lemma="в" pos="X">в</wf>
         <instance id="d000.s8732.t000" lemma="бюрокрация" pos="NOUN">бюрокрация</instance>
         <wf lemma="." pos="X">.</wf>
      </sentence>
      <sentence id="d000.s8733" source="wordnet-bulgarian">
         <wf lemma="Това" pos="X">Това</wf>
         <wf lemma="е" pos="X">е</wf>
         <instance id="d000.s8733.t000" lemma="таван" pos="NOUN">таванът</instance>
         <wf lemma="на" pos="X">на</wf>
         <wf lemma="способностите" pos="X">способностите</wf>
         <wf lemma="му" pos="X">му</wf>
         <wf lemma="." pos="X">.</wf>
      </sentence>
      <sentence id="d000.s8734" source="wordnet-bulgarian">
         <wf lemma="тънко" pos="X">тънко</wf>
         <instance id="d000.s8734.t000" lemma="острие" pos="NOUN">острие</instance>
         <wf lemma="." pos="X">.</wf>
      </sentence>
      <sentence id="d000.s8735" source="wordnet-bulgarian">
         <wf lemma="ценно" pos="X">ценно</wf>
         <instance id="d000.s8735.t000" lemma="издание" pos="NOUN">издание</instance>
         <wf lemma="." pos="X">.</wf>
      </sentence>
      <sentence id="d000.s8736" source="wordnet-bulgarian">
         <wf lemma="разтварям" pos="X">разтварям</wf>
         <instance id="d000.s8736.t000" lemma="папка" pos="NOUN">папка</instance>
         <wf lemma="." pos="X">.</wf>
      </sentence>
      <sentence id="d000.s8737" source="wordnet-bulgarian">
         <wf lemma="давам" pos="X">давам</wf>
         <wf lemma="положителна" pos="X">положителна</wf>
         <instance id="d000.s8737.t000" lemma="оценка" pos="NOUN">оценка</instance>
         <wf lemma="." pos="X">.</wf>
      </sentence>
      <sentence id="d000.s8738" source="wordnet-bulgarian">
         <wf lemma="падам" pos="X">падам</wf>
         <wf lemma="на" pos="X">на</wf>
         <instance id="d000.s8738.t000" lemma="земя" pos="NOUN">земята</instance>
         <wf lemma="." pos="X">.</wf>
      </sentence>
      <sentence id="d000.s8739" source="wordnet-bulgarian">
         <wf lemma="стара" pos="X">стара</wf>
         <instance id="d000.s8739.t000" lemma="порта" pos="NOUN">порта</instance>
         <wf lemma="." pos="X">.</wf>
      </sentence>
      <sentence id="d000.s8740" source="wordnet-bulgarian">
         <instance id="d000.s8740.t000" lemma="начин" pos="NOUN">начини</instance>
         <wf lemma="за" pos="X">за</wf>
         <wf lemma="печелене" pos="X">печелене</wf>
         <wf lemma="на" pos="X">на</wf>
         <wf lemma="пари" pos="X">пари</wf>
         <wf lemma="." pos="X">.</wf>
      </sentence>
      <sentence id="d000.s8741" source="wordnet-bulgarian">
         <instance id="d000.s8741.t000" lemma="пия" pos="VERB">пия</instance>
         <wf lemma="алкохол" pos="X">алкохол</wf>
         <wf lemma="." pos="X">.</wf>
      </sentence>
      <sentence id="d000.s8742" source="wordnet-bulgarian">
         <wf lemma="твърд" pos="X">твърд</wf>
         <instance id="d000.s8742.t000" lemma="електорат" pos="NOUN">електорат</instance>
         <wf lemma="." pos="X">.</wf>
      </sentence>
      <sentence id="d000.s8743" source="wordnet-bulgarian">
         <instance id="d000.s8743.t000" lemma="стойност" pos="NOUN">стойност</instance>
         <wf lemma="на" pos="X">на</wf>
         <wf lemma="температурата" pos="X">температурата</wf>
         <wf lemma="." pos="X">.</wf>
      </sentence>
      <sentence id="d000.s8744" source="wordnet-bulgarian">
         <wf lemma="дреха" pos="X">дреха</wf>
         <wf lemma="от" pos="X">от</wf>
         <instance id="d000.s8744.t000" lemma="кадифе" pos="NOUN">кадифе</instance>
         <wf lemma="." pos="X">.</wf>
      </sentence>
      <sentence id="d000.s8745" source="wordnet-bulgarian">
         <wf lemma="полагам" pos="X">полагам</wf>
         <wf lemma="грижи" pos="X">грижи</wf>
         <wf lemma="за" pos="X">за</wf>
         <instance id="d000.s8745.t000" lemma="кожа" pos="NOUN">кожата</instance>
         <wf lemma="си" pos="X">си</wf>
         <wf lemma="." pos="X">.</wf>
      </sentence>
      <sentence id="d000.s8746" source="wordnet-bulgarian">
         <wf lemma="мръсни" pos="X">мръсни</wf>
         <instance id="d000.s8746.t000" lemma="игра" pos="NOUN">игри</instance>
         <wf lemma="." pos="X">.</wf>
      </sentence>
      <sentence id="d000.s8747" source="wordnet-bulgarian">
         <wf lemma="по" pos="X">по</wf>
         <instance id="d000.s8747.t000" lemma="норма" pos="NOUN">нормата</instance>
         <wf lemma="." pos="X">.</wf>
      </sentence>
      <sentence id="d000.s8748" source="wordnet-bulgarian">
         <instance id="d000.s8748.t000" lemma="стоя" pos="VERB">Стоя</instance>
         <wf lemma="без" pos="X">без</wf>
         <wf lemma="да" pos="X">да</wf>
         <wf lemma="мърдам" pos="X">мърдам</wf>
         <wf lemma="." pos="X">.</wf>
      </sentence>
      <sentence id="d000.s8749" source="wordnet-bulgarian">
         <wf lemma="вдигам" pos="X">вдигам</wf>
         <instance id="d000.s8749.t000" lemma="бариера" pos="NOUN">бариера</instance>
         <wf lemma="." pos="X">.</wf>
      </sentence>
      <sentence id="d000.s8750" source="wordnet-bulgarian">
         <instance id="d000.s8750.t000" lemma="чипс" pos="NOUN">чипс</instance>
         <wf lemma="със" pos="X">със</wf>
         <wf lemma="сол" pos="X">сол</wf>
         <wf lemma="." pos="X">.</wf>
      </sentence>
      <sentence id="d000.s8751" source="wordnet-bulgarian">
         <wf lemma="стъпвам" pos="X">стъпвам</wf>
         <wf lemma="в" pos="X">в</wf>
         <instance id="d000.s8751.t000" lemma="локва" pos="NOUN">локва</instance>
         <wf lemma="." pos="X">.</wf>
      </sentence>
      <sentence id="d000.s8752" source="wordnet-bulgarian">
         <wf lemma="В" pos="X">В</wf>
         <wf lemma="колко" pos="X">колко</wf>
         <instance id="d000.s8752.t000" lemma="час" pos="NOUN">часа</instance>
         <wf lemma="?" pos="X">?</wf>
      </sentence>
      <sentence id="d000.s8753" source="wordnet-bulgarian">
         <wf lemma="изгубвам" pos="X">изгубвам</wf>
         <instance id="d000.s8753.t000" lemma="навик" pos="NOUN">навика</instance>
         <wf lemma="да" pos="X">да</wf>
         <wf lemma="." pos="X">.</wf>
      </sentence>
      <sentence id="d000.s8754" source="wordnet-bulgarian">
         <wf lemma="подобрявам" pos="X">подобрявам</wf>
         <wf lemma="световен" pos="X">световен</wf>
         <instance id="d000.s8754.t000" lemma="рекорд" pos="NOUN">рекорд</instance>
         <wf lemma="." pos="X">.</wf>
      </sentence>
      <sentence id="d000.s8755" source="wordnet-bulgarian">
         <wf lemma="научна" pos="X">научна</wf>
         <instance id="d000.s8755.t000" lemma="методология" pos="NOUN">методология</instance>
         <wf lemma="." pos="X">.</wf>
      </sentence>
      <sentence id="d000.s8756" source="wordnet-bulgarian">
         <wf lemma="гумена" pos="X">гумена</wf>
         <instance id="d000.s8756.t000" lemma="топка" pos="NOUN">топка</instance>
         <wf lemma="." pos="X">.</wf>
      </sentence>
      <sentence id="d000.s8757" source="wordnet-bulgarian">
         <wf lemma="чертая" pos="X">чертая</wf>
         <instance id="d000.s8757.t000" lemma="кръст" pos="NOUN">кръст</instance>
         <wf lemma="." pos="X">.</wf>
      </sentence>
      <sentence id="d000.s8758" source="wordnet-bulgarian">
         <wf lemma="реализирам" pos="X">реализирам</wf>
         <instance id="d000.s8758.t000" lemma="потенциал" pos="NOUN">потенциала</instance>
         <wf lemma="си" pos="X">си</wf>
         <wf lemma="." pos="X">.</wf>
      </sentence>
      <sentence id="d000.s8759" source="wordnet-bulgarian">
         <instance id="d000.s8759.t000" lemma="пътник" pos="NOUN">пътник</instance>
         <wf lemma="без" pos="X">без</wf>
         <wf lemma="билет" pos="X">билет</wf>
         <wf lemma="." pos="X">.</wf>
      </sentence>
      <sentence id="d000.s8760" source="wordnet-bulgarian">
         <wf lemma="получавам" pos="X">получавам</wf>
         <wf lemma="на" pos="X">на</wf>
         <instance id="d000.s8760.t000" lemma="факс" pos="NOUN">факса</instance>
         <wf lemma="." pos="X">.</wf>
      </sentence>
      <sentence id="d000.s8761" source="wordnet-bulgarian">
         <wf lemma="работя" pos="X">работя</wf>
         <wf lemma="в" pos="X">в</wf>
         <instance id="d000.s8761.t000" lemma="списание" pos="NOUN">списание</instance>
         <wf lemma="." pos="X">.</wf>
      </sentence>
      <sentence id="d000.s8762" source="wordnet-bulgarian">
         <wf lemma="жена" pos="X">жена</wf>
         <wf lemma="в" pos="X">в</wf>
         <instance id="d000.s8762.t000" lemma="униформа" pos="NOUN">униформа</instance>
         <wf lemma="." pos="X">.</wf>
      </sentence>
      <sentence id="d000.s8763" source="wordnet-bulgarian">
         <wf lemma="Той" pos="X">Той</wf>
         <wf lemma="ще" pos="X">ще</wf>
         <wf lemma="стане" pos="X">стане</wf>
         <wf lemma="добър" pos="X">добър</wf>
         <instance id="d000.s8763.t000" lemma="композитор" pos="NOUN">композитор</instance>
         <wf lemma="." pos="X">.</wf>
      </sentence>
      <sentence id="d000.s8764" source="wordnet-bulgarian">
         <wf lemma="проверка" pos="X">проверка</wf>
         <wf lemma="на" pos="X">на</wf>
         <instance id="d000.s8764.t000" lemma="знание" pos="NOUN">знанията</instance>
         <wf lemma="." pos="X">.</wf>
      </sentence>
      <sentence id="d000.s8765" source="wordnet-bulgarian">
         <wf lemma="ръчна" pos="X">ръчна</wf>
         <instance id="d000.s8765.t000" lemma="бомба" pos="NOUN">бомба</instance>
         <wf lemma="." pos="X">.</wf>
      </sentence>
      <sentence id="d000.s8766" source="wordnet-bulgarian">
         <instance id="d000.s8766.t000" lemma="забава" pos="NOUN">Забавата</instance>
         <wf lemma="продължи" pos="X">продължи</wf>
         <wf lemma="до" pos="X">до</wf>
         <wf lemma="сутринта" pos="X">сутринта</wf>
         <wf lemma="." pos="X">.</wf>
      </sentence>
      <sentence id="d000.s8767" source="wordnet-bulgarian">
         <wf lemma="нетърпимо" pos="X">нетърпимо</wf>
         <instance id="d000.s8767.t000" lemma="положение" pos="NOUN">положение</instance>
         <wf lemma="." pos="X">.</wf>
      </sentence>
      <sentence id="d000.s8768" source="wordnet-bulgarian">
         <wf lemma="режа" pos="X">режа</wf>
         <instance id="d000.s8768.t000" lemma="плат" pos="NOUN">плат</instance>
         <wf lemma="." pos="X">.</wf>
      </sentence>
      <sentence id="d000.s8769" source="wordnet-bulgarian">
         <wf lemma="Сега" pos="X">Сега</wf>
         <wf lemma="ще" pos="X">ще</wf>
         <wf lemma="ви" pos="X">ви</wf>
         <wf lemma="разкажа" pos="X">разкажа</wf>
         <instance id="d000.s8769.t000" lemma="история" pos="NOUN">историята</instance>
         <wf lemma="на" pos="X">на</wf>
         <wf lemma="училището" pos="X">училището</wf>
         <wf lemma="," pos="X">,</wf>
         <wf lemma="в" pos="X">в</wf>
         <wf lemma="което" pos="X">което</wf>
         <wf lemma="ще" pos="X">ще</wf>
         <wf lemma="учите" pos="X">учите</wf>
         <wf lemma="." pos="X">.</wf>
      </sentence>
      <sentence id="d000.s8770" source="wordnet-bulgarian">
         <wf lemma="Българско" pos="X">Българско</wf>
         <instance id="d000.s8770.t000" lemma="дружество" pos="NOUN">дружество</instance>
         <wf lemma="&quot;" pos="X">&quot;</wf>
         <wf lemma="Червен" pos="X">Червен</wf>
         <wf lemma="кръст" pos="X">кръст</wf>
         <wf lemma="&quot;" pos="X">&quot;</wf>
         <wf lemma="." pos="X">.</wf>
      </sentence>
      <sentence id="d000.s8771" source="wordnet-bulgarian">
         <wf lemma="национален" pos="X">национален</wf>
         <instance id="d000.s8771.t000" lemma="празник" pos="NOUN">празник</instance>
         <wf lemma="." pos="X">.</wf>
      </sentence>
      <sentence id="d000.s8772" source="wordnet-bulgarian">
         <instance id="d000.s8772.t000" lemma="оспорване" pos="NOUN">оспорване</instance>
         <wf lemma="на" pos="X">на</wf>
         <wf lemma="думите" pos="X">думите</wf>
         <wf lemma="на" pos="X">на</wf>
         <wf lemma="." pos="X">.</wf>
      </sentence>
      <sentence id="d000.s8773" source="wordnet-bulgarian">
         <instance id="d000.s8773.t000" lemma="наказание" pos="NOUN">наказание</instance>
         <wf lemma="от" pos="X">от</wf>
         <wf lemma="Бога" pos="X">Бога</wf>
         <wf lemma="." pos="X">.</wf>
      </sentence>
      <sentence id="d000.s8774" source="wordnet-bulgarian">
         <wf lemma="ясна" pos="X">ясна</wf>
         <instance id="d000.s8774.t000" lemma="позиция" pos="NOUN">позиция</instance>
         <wf lemma="." pos="X">.</wf>
      </sentence>
      <sentence id="d000.s8775" source="wordnet-bulgarian">
         <wf lemma="противотанково" pos="X">противотанково</wf>
         <instance id="d000.s8775.t000" lemma="препятствие" pos="NOUN">препятствие</instance>
         <wf lemma="." pos="X">.</wf>
      </sentence>
      <sentence id="d000.s8776" source="wordnet-bulgarian">
         <instance id="d000.s8776.t000" lemma="лъжа" pos="VERB">лъжа</instance>
         <wf lemma="като" pos="X">като</wf>
         <wf lemma="циганин" pos="X">циганин</wf>
         <wf lemma="." pos="X">.</wf>
      </sentence>
      <sentence id="d000.s8777" source="wordnet-bulgarian">
         <wf lemma="романтични" pos="X">романтични</wf>
         <instance id="d000.s8777.t000" lemma="чувство" pos="NOUN">чувства</instance>
         <wf lemma="." pos="X">.</wf>
      </sentence>
      <sentence id="d000.s8778" source="wordnet-bulgarian">
         <wf lemma="Бихте" pos="X">Бихте</wf>
         <wf lemma="ли" pos="X">ли</wf>
         <wf lemma="ми" pos="X">ми</wf>
         <wf lemma="направили" pos="X">направили</wf>
         <wf lemma="едно" pos="X">едно</wf>
         <instance id="d000.s8778.t000" lemma="кафе" pos="NOUN">кафе</instance>
         <wf lemma="." pos="X">.</wf>
      </sentence>
      <sentence id="d000.s8779" source="wordnet-bulgarian">
         <instance id="d000.s8779.t000" lemma="крем" pos="NOUN">крем</instance>
         <wf lemma="за" pos="X">за</wf>
         <wf lemma="бръснене" pos="X">бръснене</wf>
         <wf lemma="." pos="X">.</wf>
      </sentence>
      <sentence id="d000.s8780" source="wordnet-bulgarian">
         <wf lemma="Продавам" pos="X">Продавам</wf>
         <wf lemma="част" pos="X">част</wf>
         <wf lemma="от" pos="X">от</wf>
         <instance id="d000.s8780.t000" lemma="имущество" pos="NOUN">имуществото</instance>
         <wf lemma="си" pos="X">си</wf>
         <wf lemma="." pos="X">.</wf>
      </sentence>
      <sentence id="d000.s8781" source="wordnet-bulgarian">
         <instance id="d000.s8781.t000" lemma="враг" pos="NOUN">Врагът</instance>
         <wf lemma="ни" pos="X">ни</wf>
         <wf lemma="нападна" pos="X">нападна</wf>
         <wf lemma="." pos="X">.</wf>
      </sentence>
      <sentence id="d000.s8782" source="wordnet-bulgarian">
         <wf lemma="университетски" pos="X">университетски</wf>
         <instance id="d000.s8782.t000" lemma="преподавател" pos="NOUN">преподавател</instance>
         <wf lemma="." pos="X">.</wf>
      </sentence>
      <sentence id="d000.s8783" source="wordnet-bulgarian">
         <wf lemma="Опиумът" pos="X">Опиумът</wf>
         <wf lemma="е" pos="X">е</wf>
         <wf lemma="силен" pos="X">силен</wf>
         <instance id="d000.s8783.t000" lemma="наркотик" pos="NOUN">наркотик</instance>
         <wf lemma="." pos="X">.</wf>
      </sentence>
      <sentence id="d000.s8784" source="wordnet-bulgarian">
         <wf lemma="враждебна" pos="X">враждебна</wf>
         <instance id="d000.s8784.t000" lemma="атмосфера" pos="NOUN">атмосфера</instance>
         <wf lemma="." pos="X">.</wf>
      </sentence>
      <sentence id="d000.s8785" source="wordnet-bulgarian">
         <wf lemma="имам" pos="X">имам</wf>
         <wf lemma="нужда" pos="X">нужда</wf>
         <wf lemma="от" pos="X">от</wf>
         <instance id="d000.s8785.t000" lemma="помощник" pos="NOUN">помощник</instance>
         <wf lemma="." pos="X">.</wf>
      </sentence>
      <sentence id="d000.s8786" source="wordnet-bulgarian">
         <wf lemma="бензинова" pos="X">бензинова</wf>
         <instance id="d000.s8786.t000" lemma="запалка" pos="NOUN">запалка</instance>
         <wf lemma="." pos="X">.</wf>
      </sentence>
      <sentence id="d000.s8787" source="wordnet-bulgarian">
         <wf lemma="Един" pos="X">Един</wf>
         <instance id="d000.s8787.t000" lemma="паяк" pos="NOUN">паяк</instance>
         <wf lemma="лази" pos="X">лази</wf>
         <wf lemma="по" pos="X">по</wf>
         <wf lemma="стената" pos="X">стената</wf>
         <wf lemma="." pos="X">.</wf>
      </sentence>
      <sentence id="d000.s8788" source="wordnet-bulgarian">
         <wf lemma="яхвам" pos="X">яхвам</wf>
         <instance id="d000.s8788.t000" lemma="кон" pos="NOUN">кон</instance>
         <wf lemma="." pos="X">.</wf>
      </sentence>
      <sentence id="d000.s8789" source="wordnet-bulgarian">
         <instance id="d000.s8789.t000" lemma="тема" pos="NOUN">тема</instance>
         <wf lemma="за" pos="X">за</wf>
         <wf lemma="разговор" pos="X">разговор</wf>
         <wf lemma="." pos="X">.</wf>
      </sentence>
      <sentence id="d000.s8790" source="wordnet-bulgarian">
         <wf lemma="долна" pos="X">долна</wf>
         <instance id="d000.s8790.t000" lemma="устна" pos="NOUN">устна</instance>
         <wf lemma="." pos="X">.</wf>
      </sentence>
      <sentence id="d000.s8791" source="wordnet-bulgarian">
         <wf lemma="финансови" pos="X">финансови</wf>
         <instance id="d000.s8791.t000" lemma="затруднение" pos="NOUN">затруднения</instance>
         <wf lemma="." pos="X">.</wf>
      </sentence>
      <sentence id="d000.s8792" source="wordnet-bulgarian">
         <instance id="d000.s8792.t000" lemma="натискам" pos="VERB">натискам</instance>
         <wf lemma="копче" pos="X">копче</wf>
         <wf lemma="." pos="X">.</wf>
      </sentence>
      <sentence id="d000.s8793" source="wordnet-bulgarian">
         <instance id="d000.s8793.t000" lemma="дете" pos="NOUN">дете</instance>
         <wf lemma="без" pos="X">без</wf>
         <wf lemma="родители" pos="X">родители</wf>
         <wf lemma="." pos="X">.</wf>
      </sentence>
      <sentence id="d000.s8794" source="wordnet-bulgarian">
         <wf lemma="Сметна" pos="X">Сметна</wf>
         <instance id="d000.s8794.t000" lemma="палата" pos="NOUN">палата</instance>
         <wf lemma="." pos="X">.</wf>
      </sentence>
      <sentence id="d000.s8795" source="wordnet-bulgarian">
         <wf lemma="имам" pos="X">имам</wf>
         <instance id="d000.s8795.t000" lemma="необходимост" pos="NOUN">необходимост</instance>
         <wf lemma="от" pos="X">от</wf>
         <wf lemma="." pos="X">.</wf>
      </sentence>
      <sentence id="d000.s8796" source="wordnet-bulgarian">
         <wf lemma="вряла" pos="X">вряла</wf>
         <instance id="d000.s8796.t000" lemma="вода" pos="NOUN">вода</instance>
         <wf lemma="." pos="X">.</wf>
      </sentence>
      <sentence id="d000.s8797" source="wordnet-bulgarian">
         <wf lemma="без" pos="X">без</wf>
         <instance id="d000.s8797.t000" lemma="гаранция" pos="NOUN">гаранция</instance>
         <wf lemma="." pos="X">.</wf>
      </sentence>
      <sentence id="d000.s8798" source="wordnet-bulgarian">
         <wf lemma="интересен" pos="X">интересен</wf>
         <instance id="d000.s8798.t000" lemma="архив" pos="NOUN">архив</instance>
         <wf lemma="." pos="X">.</wf>
      </sentence>
      <sentence id="d000.s8799" source="wordnet-bulgarian">
         <wf lemma="изпълнявам" pos="X">изпълнявам</wf>
         <instance id="d000.s8799.t000" lemma="условие" pos="NOUN">условията</instance>
         <wf lemma="от" pos="X">от</wf>
         <wf lemma="договора" pos="X">договора</wf>
         <wf lemma="." pos="X">.</wf>
      </sentence>
      <sentence id="d000.s8800" source="wordnet-bulgarian">
         <instance id="d000.s8800.t000" lemma="търся" pos="VERB">Търся</instance>
         <wf lemma="си" pos="X">си</wf>
         <wf lemma="гадже" pos="X">гадже</wf>
         <wf lemma="." pos="X">.</wf>
      </sentence>
      <sentence id="d000.s8801" source="wordnet-bulgarian">
         <instance id="d000.s8801.t000" lemma="възстановяване" pos="NOUN">възстановяване</instance>
         <wf lemma="на" pos="X">на</wf>
         <wf lemma="приятелство" pos="X">приятелство</wf>
         <wf lemma="." pos="X">.</wf>
      </sentence>
      <sentence id="d000.s8802" source="wordnet-bulgarian">
         <instance id="d000.s8802.t000" lemma="булевард" pos="NOUN">Булевардът</instance>
         <wf lemma="гъмжеше" pos="X">гъмжеше</wf>
         <wf lemma="от" pos="X">от</wf>
         <wf lemma="коли" pos="X">коли</wf>
         <wf lemma="." pos="X">.</wf>
      </sentence>
      <sentence id="d000.s8803" source="wordnet-bulgarian">
         <wf lemma="древна" pos="X">древна</wf>
         <instance id="d000.s8803.t000" lemma="цивилизация" pos="NOUN">цивилизация</instance>
         <wf lemma="." pos="X">.</wf>
      </sentence>
      <sentence id="d000.s8804" source="wordnet-bulgarian">
         <wf lemma="избирателен" pos="X">избирателен</wf>
         <instance id="d000.s8804.t000" lemma="окръг" pos="NOUN">окръг</instance>
         <wf lemma="." pos="X">.</wf>
      </sentence>
      <sentence id="d000.s8805" source="wordnet-bulgarian">
         <wf lemma="рафинирано" pos="X">рафинирано</wf>
         <instance id="d000.s8805.t000" lemma="олио" pos="NOUN">олио</instance>
         <wf lemma="." pos="X">.</wf>
      </sentence>
      <sentence id="d000.s8806" source="wordnet-bulgarian">
         <wf lemma="трудни" pos="X">трудни</wf>
         <instance id="d000.s8806.t000" lemma="упражнение" pos="NOUN">упражнения</instance>
         <wf lemma="." pos="X">.</wf>
      </sentence>
      <sentence id="d000.s8807" source="wordnet-bulgarian">
         <wf lemma="въздушна" pos="X">въздушна</wf>
         <instance id="d000.s8807.t000" lemma="операция" pos="NOUN">операция</instance>
         <wf lemma="." pos="X">.</wf>
      </sentence>
      <sentence id="d000.s8808" source="wordnet-bulgarian">
         <wf lemma="релефна" pos="X">релефна</wf>
         <instance id="d000.s8808.t000" lemma="карта" pos="NOUN">карта</instance>
         <wf lemma="." pos="X">.</wf>
      </sentence>
      <sentence id="d000.s8809" source="wordnet-bulgarian">
         <wf lemma="слагам" pos="X">слагам</wf>
         <wf lemma="си" pos="X">си</wf>
         <instance id="d000.s8809.t000" lemma="вратовръзка" pos="NOUN">вратовръзка</instance>
         <wf lemma="." pos="X">.</wf>
      </sentence>
      <sentence id="d000.s8810" source="wordnet-bulgarian">
         <instance id="d000.s8810.t000" lemma="покорявам" pos="VERB">Покорява</instance>
         <wf lemma="хората" pos="X">хората</wf>
         <wf lemma="с" pos="X">с</wf>
         <wf lemma="добротата" pos="X">добротата</wf>
         <wf lemma="си" pos="X">си</wf>
         <wf lemma="." pos="X">.</wf>
      </sentence>
      <sentence id="d000.s8811" source="wordnet-bulgarian">
         <instance id="d000.s8811.t000" lemma="пасаж" pos="NOUN">пасаж</instance>
         <wf lemma="от" pos="X">от</wf>
         <wf lemma="." pos="X">.</wf>
      </sentence>
      <sentence id="d000.s8812" source="wordnet-bulgarian">
         <wf lemma="гениален" pos="X">гениален</wf>
         <instance id="d000.s8812.t000" lemma="писател" pos="NOUN">писател</instance>
         <wf lemma="." pos="X">.</wf>
      </sentence>
      <sentence id="d000.s8813" source="wordnet-bulgarian">
         <instance id="d000.s8813.t000" lemma="продажба" pos="NOUN">продажба</instance>
         <wf lemma="на" pos="X">на</wf>
         <wf lemma="кола" pos="X">кола</wf>
         <wf lemma="." pos="X">.</wf>
      </sentence>
      <sentence id="d000.s8814" source="wordnet-bulgarian">
         <wf lemma="Ето" pos="X">Ето</wf>
         <wf lemma="оттук" pos="X">оттук</wf>
         <wf lemma="-" pos="X">-</wf>
         <wf lemma="тя" pos="X">тя</wf>
         <wf lemma="посочи" pos="X">посочи</wf>
         <wf lemma="една" pos="X">една</wf>
         <wf lemma="малка" pos="X">малка</wf>
         <instance id="d000.s8814.t000" lemma="уличка" pos="NOUN">уличка</instance>
         <wf lemma="в" pos="X">в</wf>
         <wf lemma="дъното" pos="X">дъното</wf>
         <wf lemma="на" pos="X">на</wf>
         <wf lemma="която" pos="X">която</wf>
         <wf lemma="," pos="X">,</wf>
         <wf lemma="доколкото" pos="X">доколкото</wf>
         <wf lemma="позволяваха" pos="X">позволяваха</wf>
         <wf lemma="дърветата" pos="X">дърветата</wf>
         <wf lemma="," pos="X">,</wf>
         <wf lemma="се" pos="X">се</wf>
         <wf lemma="виждаха" pos="X">виждаха</wf>
         <wf lemma="светлините" pos="X">светлините</wf>
         <wf lemma="на" pos="X">на</wf>
         <wf lemma="някаква" pos="X">някаква</wf>
         <wf lemma="сграда" pos="X">сграда</wf>
         <wf lemma="." pos="X">.</wf>
      </sentence>
      <sentence id="d000.s8815" source="wordnet-bulgarian">
         <instance id="d000.s8815.t000" lemma="пропаганда" pos="NOUN">пропаганда</instance>
         <wf lemma="по" pos="X">по</wf>
         <wf lemma="отношение" pos="X">отношение</wf>
         <wf lemma="на" pos="X">на</wf>
         <wf lemma="." pos="X">.</wf>
      </sentence>
      <sentence id="d000.s8816" source="wordnet-bulgarian">
         <wf lemma="справедлива" pos="X">справедлива</wf>
         <instance id="d000.s8816.t000" lemma="присъда" pos="NOUN">присъда</instance>
         <wf lemma="." pos="X">.</wf>
      </sentence>
      <sentence id="d000.s8817" source="wordnet-bulgarian">
         <wf lemma="полезен" pos="X">полезен</wf>
         <instance id="d000.s8817.t000" lemma="плод" pos="NOUN">плод</instance>
         <wf lemma="." pos="X">.</wf>
      </sentence>
      <sentence id="d000.s8818" source="wordnet-bulgarian">
         <wf lemma="борба" pos="X">борба</wf>
         <wf lemma="за" pos="X">за</wf>
         <wf lemma="запазване" pos="X">запазване</wf>
         <wf lemma="на" pos="X">на</wf>
         <instance id="d000.s8818.t000" lemma="мир" pos="NOUN">мира</instance>
         <wf lemma="." pos="X">.</wf>
      </sentence>
      <sentence id="d000.s8819" source="wordnet-bulgarian">
         <wf lemma="тържествена" pos="X">тържествена</wf>
         <instance id="d000.s8819.t000" lemma="церемония" pos="NOUN">церемония</instance>
         <wf lemma="." pos="X">.</wf>
      </sentence>
      <sentence id="d000.s8820" source="wordnet-bulgarian">
         <wf lemma="емоционална" pos="X">емоционална</wf>
         <instance id="d000.s8820.t000" lemma="връзка" pos="NOUN">връзка</instance>
         <wf lemma="." pos="X">.</wf>
      </sentence>
      <sentence id="d000.s8821" source="wordnet-bulgarian">
         <instance id="d000.s8821.t000" lemma="обличам" pos="VERB">обличам</instance>
         <wf lemma="блуза" pos="X">блуза</wf>
         <wf lemma="." pos="X">.</wf>
      </sentence>
      <sentence id="d000.s8822" source="wordnet-bulgarian">
         <wf lemma="крупен" pos="X">крупен</wf>
         <instance id="d000.s8822.t000" lemma="търговец" pos="NOUN">търговец</instance>
         <wf lemma="." pos="X">.</wf>
      </sentence>
      <sentence id="d000.s8823" source="wordnet-bulgarian">
         <wf lemma="осъждам" pos="X">осъждам</wf>
         <instance id="d000.s8823.t000" lemma="престъпник" pos="NOUN">престъпник</instance>
         <wf lemma="." pos="X">.</wf>
      </sentence>
      <sentence id="d000.s8824" source="wordnet-bulgarian">
         <wf lemma="Няма" pos="X">Няма</wf>
         <wf lemma="рязка" pos="X">рязка</wf>
         <instance id="d000.s8824.t000" lemma="граница" pos="NOUN">граница</instance>
         <wf lemma="между" pos="X">между</wf>
         <wf lemma="здравия" pos="X">здравия</wf>
         <wf lemma="разум" pos="X">разум</wf>
         <wf lemma="и" pos="X">и</wf>
         <wf lemma="лудостта" pos="X">лудостта</wf>
         <wf lemma="." pos="X">.</wf>
      </sentence>
      <sentence id="d000.s8825" source="wordnet-bulgarian">
         <wf lemma="входна" pos="X">входна</wf>
         <instance id="d000.s8825.t000" lemma="врата" pos="NOUN">врата</instance>
         <wf lemma="." pos="X">.</wf>
      </sentence>
      <sentence id="d000.s8826" source="wordnet-bulgarian">
         <wf lemma="човек" pos="X">човек</wf>
         <wf lemma="с" pos="X">с</wf>
         <instance id="d000.s8826.t000" lemma="добродетел" pos="NOUN">добродетели</instance>
         <wf lemma="." pos="X">.</wf>
      </sentence>
      <sentence id="d000.s8827" source="wordnet-bulgarian">
         <wf lemma="богата" pos="X">богата</wf>
         <instance id="d000.s8827.t000" lemma="реколта" pos="NOUN">реколта</instance>
         <wf lemma="." pos="X">.</wf>
      </sentence>
      <sentence id="d000.s8828" source="wordnet-bulgarian">
         <wf lemma="Живя" pos="X">Живя</wf>
         <wf lemma="до" pos="X">до</wf>
         <wf lemma="дълбока" pos="X">дълбока</wf>
         <instance id="d000.s8828.t000" lemma="старост" pos="NOUN">старост</instance>
         <wf lemma="." pos="X">.</wf>
      </sentence>
      <sentence id="d000.s8829" source="wordnet-bulgarian">
         <wf lemma="военна" pos="X">военна</wf>
         <instance id="d000.s8829.t000" lemma="тайна" pos="NOUN">тайна</instance>
         <wf lemma="." pos="X">.</wf>
      </sentence>
      <sentence id="d000.s8830" source="wordnet-bulgarian">
         <instance id="d000.s8830.t000" lemma="намалявам" pos="VERB">намалявам</instance>
         <wf lemma="теглото" pos="X">теглото</wf>
         <wf lemma="си" pos="X">си</wf>
         <wf lemma="." pos="X">.</wf>
      </sentence>
      <sentence id="d000.s8831" source="wordnet-bulgarian">
         <wf lemma="В" pos="X">В</wf>
         <wf lemma="момента" pos="X">момента</wf>
         <wf lemma="минаваме" pos="X">минаваме</wf>
         <instance id="d000.s8831.t000" lemma="граница" pos="NOUN">границата</instance>
         <wf lemma="." pos="X">.</wf>
      </sentence>
      <sentence id="d000.s8832" source="wordnet-bulgarian">
         <wf lemma="Всяка" pos="X">Всяка</wf>
         <wf lemma="болест" pos="X">болест</wf>
         <wf lemma="има" pos="X">има</wf>
         <instance id="d000.s8832.t000" lemma="лек" pos="NOUN">лек</instance>
         <wf lemma="," pos="X">,</wf>
         <wf lemma="но" pos="X">но</wf>
         <wf lemma="да" pos="X">да</wf>
         <wf lemma="го" pos="X">го</wf>
         <wf lemma="знае" pos="X">знае</wf>
         <wf lemma="човек" pos="X">човек</wf>
         <wf lemma="." pos="X">.</wf>
      </sentence>
      <sentence id="d000.s8833" source="wordnet-bulgarian">
         <wf lemma="бронзовият" pos="X">бронзовият</wf>
         <instance id="d000.s8833.t000" lemma="век" pos="NOUN">век</instance>
         <wf lemma="." pos="X">.</wf>
      </sentence>
      <sentence id="d000.s8834" source="wordnet-bulgarian">
         <instance id="d000.s8834.t000" lemma="горнище" pos="NOUN">горнище</instance>
         <wf lemma="на" pos="X">на</wf>
         <wf lemma="анцуг" pos="X">анцуг</wf>
         <wf lemma="." pos="X">.</wf>
      </sentence>
      <sentence id="d000.s8835" source="wordnet-bulgarian">
         <wf lemma="карам" pos="X">карам</wf>
         <instance id="d000.s8835.t000" lemma="такса" pos="NOUN">такси</instance>
         <wf lemma="." pos="X">.</wf>
      </sentence>
      <sentence id="d000.s8836" source="wordnet-bulgarian">
         <wf lemma="зрителна" pos="X">зрителна</wf>
         <instance id="d000.s8836.t000" lemma="памет" pos="NOUN">памет</instance>
         <wf lemma="." pos="X">.</wf>
      </sentence>
      <sentence id="d000.s8837" source="wordnet-bulgarian">
         <wf lemma="спортен" pos="X">спортен</wf>
         <instance id="d000.s8837.t000" lemma="репортаж" pos="NOUN">репортаж</instance>
         <wf lemma="." pos="X">.</wf>
      </sentence>
      <sentence id="d000.s8838" source="wordnet-bulgarian">
         <wf lemma="Върху" pos="X">Върху</wf>
         <wf lemma="хляба" pos="X">хляба</wf>
         <wf lemma="имаше" pos="X">имаше</wf>
         <wf lemma="малки" pos="X">малки</wf>
         <wf lemma="петна" pos="X">петна</wf>
         <wf lemma="от" pos="X">от</wf>
         <instance id="d000.s8838.t000" lemma="мухъл" pos="NOUN">мухъл</instance>
         <wf lemma="." pos="X">.</wf>
      </sentence>
      <sentence id="d000.s8839" source="wordnet-bulgarian">
         <wf lemma="има" pos="X">има</wf>
         <instance id="d000.s8839.t000" lemma="изглед" pos="NOUN">изгледи</instance>
         <wf lemma="за" pos="X">за</wf>
         <wf lemma="." pos="X">.</wf>
      </sentence>
      <sentence id="d000.s8840" source="wordnet-bulgarian">
         <wf lemma="моторна" pos="X">моторна</wf>
         <instance id="d000.s8840.t000" lemma="лодка" pos="NOUN">лодка</instance>
         <wf lemma="." pos="X">.</wf>
      </sentence>
      <sentence id="d000.s8841" source="wordnet-bulgarian">
         <instance id="d000.s8841.t000" lemma="предполагам" pos="VERB">предполагам</instance>
         <wf lemma="," pos="X">,</wf>
         <wf lemma="че" pos="X">че</wf>
         <wf lemma="е" pos="X">е</wf>
         <wf lemma="вярно" pos="X">вярно</wf>
         <wf lemma="." pos="X">.</wf>
      </sentence>
      <sentence id="d000.s8842" source="wordnet-bulgarian">
         <wf lemma="търговска" pos="X">търговска</wf>
         <instance id="d000.s8842.t000" lemma="сделка" pos="NOUN">сделка</instance>
         <wf lemma="." pos="X">.</wf>
      </sentence>
      <sentence id="d000.s8843" source="wordnet-bulgarian">
         <wf lemma="дълбока" pos="X">дълбока</wf>
         <instance id="d000.s8843.t000" lemma="рана" pos="NOUN">рана</instance>
         <wf lemma="." pos="X">.</wf>
      </sentence>
      <sentence id="d000.s8844" source="wordnet-bulgarian">
         <wf lemma="телефонен" pos="X">телефонен</wf>
         <instance id="d000.s8844.t000" lemma="звън" pos="NOUN">звън</instance>
         <wf lemma="." pos="X">.</wf>
      </sentence>
      <sentence id="d000.s8845" source="wordnet-bulgarian">
         <wf lemma="упражнявам" pos="X">упражнявам</wf>
         <instance id="d000.s8845.t000" lemma="натиск" pos="NOUN">натиск</instance>
         <wf lemma="върху" pos="X">върху</wf>
         <wf lemma="." pos="X">.</wf>
      </sentence>
      <sentence id="d000.s8846" source="wordnet-bulgarian">
         <wf lemma="нямам" pos="X">нямам</wf>
         <instance id="d000.s8846.t000" lemma="приятел" pos="NOUN">приятели</instance>
         <wf lemma="." pos="X">.</wf>
      </sentence>
      <sentence id="d000.s8847" source="wordnet-bulgarian">
         <instance id="d000.s8847.t000" lemma="турист" pos="NOUN">Туристите</instance>
         <wf lemma="се" pos="X">се</wf>
         <wf lemma="отправиха" pos="X">отправиха</wf>
         <wf lemma="към" pos="X">към</wf>
         <wf lemma="близкия" pos="X">близкия</wf>
         <wf lemma="манастир" pos="X">манастир</wf>
         <wf lemma="." pos="X">.</wf>
      </sentence>
      <sentence id="d000.s8848" source="wordnet-bulgarian">
         <wf lemma="физически" pos="X">физически</wf>
         <instance id="d000.s8848.t000" lemma="упражнение" pos="NOUN">упражнения</instance>
         <wf lemma="." pos="X">.</wf>
      </sentence>
      <sentence id="d000.s8849" source="wordnet-bulgarian">
         <wf lemma="кола" pos="X">кола</wf>
         <wf lemma="без" pos="X">без</wf>
         <instance id="d000.s8849.t000" lemma="гума" pos="NOUN">гуми</instance>
         <wf lemma="." pos="X">.</wf>
      </sentence>
      <sentence id="d000.s8850" source="wordnet-bulgarian">
         <instance id="d000.s8850.t000" lemma="обект" pos="NOUN">обект</instance>
         <wf lemma="на" pos="X">на</wf>
         <wf lemma="чувства" pos="X">чувства</wf>
         <wf lemma="." pos="X">.</wf>
      </sentence>
      <sentence id="d000.s8851" source="wordnet-bulgarian">
         <instance id="d000.s8851.t000" lemma="придобивка" pos="NOUN">придобивка</instance>
         <wf lemma="за" pos="X">за</wf>
         <wf lemma="дома" pos="X">дома</wf>
         <wf lemma="." pos="X">.</wf>
      </sentence>
      <sentence id="d000.s8852" source="wordnet-bulgarian">
         <wf lemma="Има" pos="X">Има</wf>
         <wf lemma="ли" pos="X">ли</wf>
         <instance id="d000.s8852.t000" lemma="възможност" pos="NOUN">възможност</instance>
         <wf lemma="да" pos="X">да</wf>
         <wf lemma="..?" pos="X">..?</wf>
      </sentence>
      <sentence id="d000.s8853" source="wordnet-bulgarian">
         <wf lemma="жлъчни" pos="X">жлъчни</wf>
         <instance id="d000.s8853.t000" lemma="канал" pos="NOUN">канали</instance>
         <wf lemma="." pos="X">.</wf>
      </sentence>
      <sentence id="d000.s8854" source="wordnet-bulgarian">
         <wf lemma="Отивам" pos="X">Отивам</wf>
         <wf lemma="до" pos="X">до</wf>
         <instance id="d000.s8854.t000" lemma="град" pos="NOUN">града</instance>
         <wf lemma="." pos="X">.</wf>
      </sentence>
      <sentence id="d000.s8855" source="wordnet-bulgarian">
         <wf lemma="обичам" pos="X">обичам</wf>
         <instance id="d000.s8855.t000" lemma="шоколад" pos="NOUN">шоколад</instance>
         <wf lemma="." pos="X">.</wf>
      </sentence>
      <sentence id="d000.s8856" source="wordnet-bulgarian">
         <wf lemma="По" pos="X">По</wf>
         <instance id="d000.s8856.t000" lemma="природа" pos="NOUN">природа</instance>
         <wf lemma="си" pos="X">си</wf>
         <wf lemma="е" pos="X">е</wf>
         <wf lemma="такъв" pos="X">такъв</wf>
         <wf lemma="." pos="X">.</wf>
      </sentence>
      <sentence id="d000.s8857" source="wordnet-bulgarian">
         <instance id="d000.s8857.t000" lemma="изхарча" pos="VERB">изхарчих</instance>
         <wf lemma="парите" pos="X">парите</wf>
         <wf lemma="." pos="X">.</wf>
      </sentence>
      <sentence id="d000.s8858" source="wordnet-bulgarian">
         <wf lemma="На" pos="X">На</wf>
         <wf lemma="будката" pos="X">будката</wf>
         <wf lemma="за" pos="X">за</wf>
         <wf lemma="вестници" pos="X">вестници</wf>
         <wf lemma="има" pos="X">има</wf>
         <wf lemma="всякакви" pos="X">всякакви</wf>
         <instance id="d000.s8858.t000" lemma="списание" pos="NOUN">списания</instance>
         <wf lemma="." pos="X">.</wf>
      </sentence>
      <sentence id="d000.s8859" source="wordnet-bulgarian">
         <wf lemma="Той" pos="X">Той</wf>
         <wf lemma="остави" pos="X">остави</wf>
         <wf lemma="дом" pos="X">дом</wf>
         <wf lemma="и" pos="X">и</wf>
         <instance id="d000.s8859.t000" lemma="близък" pos="NOUN">близки</instance>
         <wf lemma="и" pos="X">и</wf>
         <wf lemma="замина" pos="X">замина</wf>
         <wf lemma="в" pos="X">в</wf>
         <wf lemma="чужбина" pos="X">чужбина</wf>
         <wf lemma="." pos="X">.</wf>
      </sentence>
      <sentence id="d000.s8860" source="wordnet-bulgarian">
         <wf lemma="глух" pos="X">глух</wf>
         <instance id="d000.s8860.t000" lemma="глас" pos="NOUN">глас</instance>
         <wf lemma="." pos="X">.</wf>
      </sentence>
      <sentence id="d000.s8861" source="wordnet-bulgarian">
         <wf lemma="невръстно" pos="X">невръстно</wf>
         <instance id="d000.s8861.t000" lemma="дете" pos="NOUN">дете</instance>
         <wf lemma="." pos="X">.</wf>
      </sentence>
      <sentence id="d000.s8862" source="wordnet-bulgarian">
         <wf lemma="постигам" pos="X">постигам</wf>
         <instance id="d000.s8862.t000" lemma="победа" pos="NOUN">победа</instance>
         <wf lemma="." pos="X">.</wf>
      </sentence>
      <sentence id="d000.s8863" source="wordnet-bulgarian">
         <wf lemma="дипломатически" pos="X">дипломатически</wf>
         <instance id="d000.s8863.t000" lemma="имунитет" pos="NOUN">имунитет</instance>
         <wf lemma="." pos="X">.</wf>
      </sentence>
      <sentence id="d000.s8864" source="wordnet-bulgarian">
         <wf lemma="тази" pos="X">тази</wf>
         <instance id="d000.s8864.t000" lemma="година" pos="NOUN">година</instance>
         <wf lemma="." pos="X">.</wf>
      </sentence>
      <sentence id="d000.s8865" source="wordnet-bulgarian">
         <instance id="d000.s8865.t000" lemma="купа" pos="NOUN">купа</instance>
         <wf lemma="коз." pos="X">коз.</wf>
      </sentence>
      <sentence id="d000.s8866" source="wordnet-bulgarian">
         <instance id="d000.s8866.t000" lemma="заключа" pos="VERB">Заключих</instance>
         <wf lemma="документите" pos="X">документите</wf>
         <wf lemma="в" pos="X">в</wf>
         <wf lemma="бюрото" pos="X">бюрото</wf>
         <wf lemma="." pos="X">.</wf>
      </sentence>
      <sentence id="d000.s8867" source="wordnet-bulgarian">
         <instance id="d000.s8867.t000" lemma="остатък" pos="NOUN">остатък</instance>
         <wf lemma="от" pos="X">от</wf>
         <wf lemma="питка" pos="X">питка</wf>
         <wf lemma="." pos="X">.</wf>
      </sentence>
      <sentence id="d000.s8868" source="wordnet-bulgarian">
         <wf lemma="малък" pos="X">малък</wf>
         <instance id="d000.s8868.t000" lemma="пирон" pos="NOUN">пирон</instance>
         <wf lemma="." pos="X">.</wf>
      </sentence>
      <sentence id="d000.s8869" source="wordnet-bulgarian">
         <wf lemma="имам" pos="X">имам</wf>
         <wf lemma="право" pos="X">право</wf>
         <wf lemma="на" pos="X">на</wf>
         <instance id="d000.s8869.t000" lemma="адвокат" pos="NOUN">адвокат</instance>
         <wf lemma="." pos="X">.</wf>
      </sentence>
      <sentence id="d000.s8870" source="wordnet-bulgarian">
         <instance id="d000.s8870.t000" lemma="комплекс" pos="NOUN">комплекс</instance>
         <wf lemma="&quot;" pos="X">&quot;</wf>
         <wf lemma="Младост" pos="X">Младост</wf>
         <wf lemma="&quot;" pos="X">&quot;</wf>
         <wf lemma="." pos="X">.</wf>
      </sentence>
      <sentence id="d000.s8871" source="wordnet-bulgarian">
         <wf lemma="политически" pos="X">политически</wf>
         <instance id="d000.s8871.t000" lemma="аспект" pos="NOUN">аспект</instance>
         <wf lemma="." pos="X">.</wf>
      </sentence>
      <sentence id="d000.s8872" source="wordnet-bulgarian">
         <wf lemma="каня" pos="X">каня</wf>
         <wf lemma="на" pos="X">на</wf>
         <instance id="d000.s8872.t000" lemma="вечеря" pos="NOUN">вечеря</instance>
         <wf lemma="." pos="X">.</wf>
      </sentence>
      <sentence id="d000.s8873" source="wordnet-bulgarian">
         <wf lemma="давам" pos="X">давам</wf>
         <instance id="d000.s8873.t000" lemma="кръв" pos="NOUN">кръв</instance>
         <wf lemma="." pos="X">.</wf>
      </sentence>
      <sentence id="d000.s8874" source="wordnet-bulgarian">
         <wf lemma="Нашият" pos="X">Нашият</wf>
         <wf lemma="род" pos="X">род</wf>
         <wf lemma="има" pos="X">има</wf>
         <wf lemma="славна" pos="X">славна</wf>
         <wf lemma="и" pos="X">и</wf>
         <wf lemma="интересна" pos="X">интересна</wf>
         <instance id="d000.s8874.t000" lemma="история" pos="NOUN">история</instance>
         <wf lemma="." pos="X">.</wf>
      </sentence>
      <sentence id="d000.s8875" source="wordnet-bulgarian">
         <wf lemma="разпространявам" pos="X">разпространявам</wf>
         <instance id="d000.s8875.t000" lemma="версия" pos="NOUN">версия</instance>
         <wf lemma="." pos="X">.</wf>
      </sentence>
      <sentence id="d000.s8876" source="wordnet-bulgarian">
         <wf lemma="по" pos="X">по</wf>
         <instance id="d000.s8876.t000" lemma="аналогия" pos="NOUN">аналогия</instance>
         <wf lemma="на" pos="X">на</wf>
         <wf lemma="." pos="X">.</wf>
      </sentence>
      <sentence id="d000.s8877" source="wordnet-bulgarian">
         <wf lemma="хладно" pos="X">хладно</wf>
         <instance id="d000.s8877.t000" lemma="оръжие" pos="NOUN">оръжие</instance>
         <wf lemma="." pos="X">.</wf>
      </sentence>
      <sentence id="d000.s8878" source="wordnet-bulgarian">
         <wf lemma="подробно" pos="X">подробно</wf>
         <instance id="d000.s8878.t000" lemma="обяснение" pos="NOUN">обяснение</instance>
         <wf lemma="." pos="X">.</wf>
      </sentence>
      <sentence id="d000.s8879" source="wordnet-bulgarian">
         <wf lemma="Във" pos="X">Във</wf>
         <wf lemma="всеки" pos="X">всеки</wf>
         <wf lemma="случай" pos="X">случай</wf>
         <wf lemma="няма" pos="X">няма</wf>
         <wf lemma="да" pos="X">да</wf>
         <wf lemma="предприема" pos="X">предприема</wf>
         <instance id="d000.s8879.t000" lemma="действие" pos="NOUN">действие</instance>
         <wf lemma="," pos="X">,</wf>
         <wf lemma="което" pos="X">което</wf>
         <wf lemma="да" pos="X">да</wf>
         <wf lemma="е" pos="X">е</wf>
         <wf lemma="незаконосъобразно" pos="X">незаконосъобразно</wf>
         <wf lemma="," pos="X">,</wf>
         <wf lemma="допълни" pos="X">допълни</wf>
         <wf lemma="министър" pos="X">министър</wf>
         <wf lemma="Гоцев" pos="X">Гоцев</wf>
         <wf lemma="." pos="X">.</wf>
      </sentence>
      <sentence id="d000.s8880" source="wordnet-bulgarian">
         <instance id="d000.s8880.t000" lemma="направление" pos="NOUN">направление</instance>
         <wf lemma="за" pos="X">за</wf>
         <wf lemma="кардиолог" pos="X">кардиолог</wf>
         <wf lemma="." pos="X">.</wf>
      </sentence>
      <sentence id="d000.s8881" source="wordnet-bulgarian">
         <wf lemma="Имам" pos="X">Имам</wf>
         <wf lemma="си" pos="X">си</wf>
         <instance id="d000.s8881.t000" lemma="секретар" pos="NOUN">секретар</instance>
         <wf lemma="." pos="X">.</wf>
      </sentence>
      <sentence id="d000.s8882" source="wordnet-bulgarian">
         <wf lemma="Това" pos="X">Това</wf>
         <wf lemma="потвърждава" pos="X">потвърждава</wf>
         <instance id="d000.s8882.t000" lemma="мисъл" pos="NOUN">мисълта</instance>
         <wf lemma="," pos="X">,</wf>
         <wf lemma="че" pos="X">че</wf>
         <wf lemma="." pos="X">.</wf>
      </sentence>
      <sentence id="d000.s8883" source="wordnet-bulgarian">
         <wf lemma="След" pos="X">След</wf>
         <wf lemma="дъжда" pos="X">дъжда</wf>
         <wf lemma="по" pos="X">по</wf>
         <wf lemma="пътя" pos="X">пътя</wf>
         <wf lemma="останаха" pos="X">останаха</wf>
         <wf lemma="много" pos="X">много</wf>
         <wf lemma="кални" pos="X">кални</wf>
         <instance id="d000.s8883.t000" lemma="локва" pos="NOUN">локви</instance>
         <wf lemma="." pos="X">.</wf>
      </sentence>
      <sentence id="d000.s8884" source="wordnet-bulgarian">
         <wf lemma="любовна" pos="X">любовна</wf>
         <instance id="d000.s8884.t000" lemma="връзка" pos="NOUN">връзка</instance>
         <wf lemma="." pos="X">.</wf>
      </sentence>
      <sentence id="d000.s8885" source="wordnet-bulgarian">
         <wf lemma="наливам" pos="X">наливам</wf>
         <instance id="d000.s8885.t000" lemma="бетон" pos="NOUN">бетон</instance>
         <wf lemma="." pos="X">.</wf>
      </sentence>
      <sentence id="d000.s8886" source="wordnet-bulgarian">
         <wf lemma="Искат" pos="X">Искат</wf>
         <wf lemma="ми" pos="X">ми</wf>
         <instance id="d000.s8886.t000" lemma="оценка" pos="NOUN">оценка</instance>
         <wf lemma="за" pos="X">за</wf>
         <wf lemma="работата" pos="X">работата</wf>
         <wf lemma="ти" pos="X">ти</wf>
         <wf lemma="." pos="X">.</wf>
      </sentence>
      <sentence id="d000.s8887" source="wordnet-bulgarian">
         <wf lemma="Той" pos="X">Той</wf>
         <wf lemma="стои" pos="X">стои</wf>
         <instance id="d000.s8887.t000" lemma="отдясно" pos="NOUN">отдясно</instance>
         <wf lemma="на" pos="X">на</wf>
         <wf lemma="Бога" pos="X">Бога</wf>
         <wf lemma="." pos="X">.</wf>
      </sentence>
      <sentence id="d000.s8888" source="wordnet-bulgarian">
         <wf lemma="В" pos="X">В</wf>
         <wf lemma="книгата" pos="X">книгата</wf>
         <wf lemma="този" pos="X">този</wf>
         <wf lemma="въпрос" pos="X">въпрос</wf>
         <wf lemma="се" pos="X">се</wf>
         <instance id="d000.s8888.t000" lemma="третирам" pos="VERB">третира</instance>
         <wf lemma="по" pos="X">по</wf>
         <wf lemma="друг" pos="X">друг</wf>
         <wf lemma="начин" pos="X">начин</wf>
         <wf lemma="." pos="X">.</wf>
      </sentence>
      <sentence id="d000.s8889" source="wordnet-bulgarian">
         <wf lemma="самостоятелна" pos="X">самостоятелна</wf>
         <instance id="d000.s8889.t000" lemma="стая" pos="NOUN">стая</instance>
         <wf lemma="." pos="X">.</wf>
      </sentence>
      <sentence id="d000.s8890" source="wordnet-bulgarian">
         <instance id="d000.s8890.t000" lemma="предубеждение" pos="NOUN">предубеждение</instance>
         <wf lemma="към" pos="X">към</wf>
         <wf lemma="." pos="X">.</wf>
      </sentence>
      <sentence id="d000.s8891" source="wordnet-bulgarian">
         <wf lemma="Взеха" pos="X">Взеха</wf>
         <wf lemma="ми" pos="X">ми</wf>
         <instance id="d000.s8891.t000" lemma="статия" pos="NOUN">статията</instance>
         <wf lemma="за" pos="X">за</wf>
         <wf lemma="едно" pos="X">едно</wf>
         <wf lemma="списание" pos="X">списание</wf>
         <wf lemma="." pos="X">.</wf>
      </sentence>
      <sentence id="d000.s8892" source="wordnet-bulgarian">
         <wf lemma="големи" pos="X">големи</wf>
         <instance id="d000.s8892.t000" lemma="око" pos="NOUN">очи</instance>
         <wf lemma="." pos="X">.</wf>
      </sentence>
      <sentence id="d000.s8893" source="wordnet-bulgarian">
         <wf lemma="В" pos="X">В</wf>
         <wf lemma="лявото" pos="X">лявото</wf>
         <instance id="d000.s8893.t000" lemma="крило" pos="NOUN">крило</instance>
         <wf lemma="на" pos="X">на</wf>
         <wf lemma="Университета" pos="X">Университета</wf>
         <wf lemma="." pos="X">.</wf>
      </sentence>
      <sentence id="d000.s8894" source="wordnet-bulgarian">
         <instance id="d000.s8894.t000" lemma="лист" pos="NOUN">лист</instance>
         <wf lemma="от" pos="X">от</wf>
         <wf lemma="дърво" pos="X">дърво</wf>
         <wf lemma="." pos="X">.</wf>
      </sentence>
      <sentence id="d000.s8895" source="wordnet-bulgarian">
         <wf lemma="събличам" pos="X">събличам</wf>
         <instance id="d000.s8895.t000" lemma="палто" pos="NOUN">палто</instance>
         <wf lemma="." pos="X">.</wf>
      </sentence>
      <sentence id="d000.s8896" source="wordnet-bulgarian">
         <wf lemma="цветен" pos="X">цветен</wf>
         <instance id="d000.s8896.t000" lemma="молив" pos="NOUN">молив</instance>
         <wf lemma="." pos="X">.</wf>
      </sentence>
      <sentence id="d000.s8897" source="wordnet-bulgarian">
         <wf lemma="В" pos="X">В</wf>
         <wf lemma="морето" pos="X">морето</wf>
         <wf lemma="има" pos="X">има</wf>
         <instance id="d000.s8897.t000" lemma="вълна" pos="NOUN">вълни</instance>
         <wf lemma="." pos="X">.</wf>
      </sentence>
      <sentence id="d000.s8898" source="wordnet-bulgarian">
         <wf lemma="капитанска" pos="X">капитанска</wf>
         <instance id="d000.s8898.t000" lemma="каюта" pos="NOUN">каюта</instance>
         <wf lemma="." pos="X">.</wf>
      </sentence>
      <sentence id="d000.s8899" source="wordnet-bulgarian">
         <wf lemma="риба" pos="X">риба</wf>
         <wf lemma="в" pos="X">в</wf>
         <instance id="d000.s8899.t000" lemma="консерва" pos="NOUN">консерва</instance>
         <wf lemma="." pos="X">.</wf>
      </sentence>
      <sentence id="d000.s8900" source="wordnet-bulgarian">
         <wf lemma="плазмен" pos="X">плазмен</wf>
         <instance id="d000.s8900.t000" lemma="телевизор" pos="NOUN">телевизор</instance>
         <wf lemma="." pos="X">.</wf>
      </sentence>
      <sentence id="d000.s8901" source="wordnet-bulgarian">
         <wf lemma="двойна" pos="X">двойна</wf>
         <instance id="d000.s8901.t000" lemma="врата" pos="NOUN">врата</instance>
         <wf lemma="." pos="X">.</wf>
      </sentence>
      <sentence id="d000.s8902" source="wordnet-bulgarian">
         <wf lemma="Не" pos="X">Не</wf>
         <wf lemma="разбирам" pos="X">разбирам</wf>
         <instance id="d000.s8902.t000" lemma="същност" pos="NOUN">същността</instance>
         <wf lemma="на" pos="X">на</wf>
         <wf lemma="спора" pos="X">спора</wf>
         <wf lemma="." pos="X">.</wf>
      </sentence>
      <sentence id="d000.s8903" source="wordnet-bulgarian">
         <wf lemma="Вземете" pos="X">Вземете</wf>
         <wf lemma="си" pos="X">си</wf>
         <instance id="d000.s8903.t000" lemma="ресто" pos="NOUN">рестото</instance>
         <wf lemma="." pos="X">.</wf>
      </sentence>
      <sentence id="d000.s8904" source="wordnet-bulgarian">
         <wf lemma="продавам" pos="X">продавам</wf>
         <instance id="d000.s8904.t000" lemma="кола" pos="NOUN">кола</instance>
         <wf lemma="." pos="X">.</wf>
      </sentence>
      <sentence id="d000.s8905" source="wordnet-bulgarian">
         <wf lemma="правя" pos="X">правя</wf>
         <instance id="d000.s8905.t000" lemma="поведение" pos="NOUN">поведение</instance>
         <wf lemma="." pos="X">.</wf>
      </sentence>
      <sentence id="d000.s8906" source="wordnet-bulgarian">
         <wf lemma="начален" pos="X">начален</wf>
         <instance id="d000.s8906.t000" lemma="етап" pos="NOUN">етап</instance>
         <wf lemma="." pos="X">.</wf>
      </sentence>
      <sentence id="d000.s8907" source="wordnet-bulgarian">
         <wf lemma="краве" pos="X">краве</wf>
         <instance id="d000.s8907.t000" lemma="масло" pos="NOUN">масло</instance>
         <wf lemma="." pos="X">.</wf>
      </sentence>
      <sentence id="d000.s8908" source="wordnet-bulgarian">
         <wf lemma="предотвратявам" pos="X">предотвратявам</wf>
         <instance id="d000.s8908.t000" lemma="нападение" pos="NOUN">нападение</instance>
         <wf lemma="." pos="X">.</wf>
      </sentence>
      <sentence id="d000.s8909" source="wordnet-bulgarian">
         <wf lemma="Бъркам" pos="X">Бъркам</wf>
         <wf lemma="си" pos="X">си</wf>
         <wf lemma="с" pos="X">с</wf>
         <instance id="d000.s8909.t000" lemma="пръст" pos="NOUN">пръст</instance>
         <wf lemma="в" pos="X">в</wf>
         <wf lemma="носа" pos="X">носа</wf>
         <wf lemma="." pos="X">.</wf>
      </sentence>
      <sentence id="d000.s8910" source="wordnet-bulgarian">
         <wf lemma="дебело" pos="X">дебело</wf>
         <instance id="d000.s8910.t000" lemma="черво" pos="NOUN">черво</instance>
         <wf lemma="." pos="X">.</wf>
      </sentence>
      <sentence id="d000.s8911" source="wordnet-bulgarian">
         <instance id="d000.s8911.t000" lemma="транспортиране" pos="NOUN">транспортиране</instance>
         <wf lemma="на" pos="X">на</wf>
         <wf lemma="стоки" pos="X">стоки</wf>
         <wf lemma="." pos="X">.</wf>
      </sentence>
      <sentence id="d000.s8912" source="wordnet-bulgarian">
         <wf lemma="отговарям" pos="X">отговарям</wf>
         <wf lemma="на" pos="X">на</wf>
         <instance id="d000.s8912.t000" lemma="въпрос" pos="NOUN">въпроса</instance>
         <wf lemma="на" pos="X">на</wf>
         <wf lemma="." pos="X">.</wf>
      </sentence>
      <sentence id="d000.s8913" source="wordnet-bulgarian">
         <wf lemma="Телевизионните" pos="X">Телевизионните</wf>
         <wf lemma="камери" pos="X">камери</wf>
         <wf lemma="го" pos="X">го</wf>
         <wf lemma="хванаха" pos="X">хванаха</wf>
         <wf lemma="на" pos="X">на</wf>
         <wf lemma="автобусната" pos="X">автобусната</wf>
         <instance id="d000.s8913.t000" lemma="седалка" pos="NOUN">седалка</instance>
         <wf lemma="със" pos="X">със</wf>
         <wf lemma="стичащи" pos="X">стичащи</wf>
         <wf lemma="се" pos="X">се</wf>
         <wf lemma="по" pos="X">по</wf>
         <wf lemma="лицето" pos="X">лицето</wf>
         <wf lemma="му" pos="X">му</wf>
         <wf lemma="сълзи" pos="X">сълзи</wf>
         <wf lemma="." pos="X">.</wf>
      </sentence>
      <sentence id="d000.s8914" source="wordnet-bulgarian">
         <instance id="d000.s8914.t000" lemma="промяна" pos="NOUN">промяна</instance>
         <wf lemma="в" pos="X">в</wf>
         <wf lemma="отношенията" pos="X">отношенията</wf>
         <wf lemma="." pos="X">.</wf>
      </sentence>
      <sentence id="d000.s8915" source="wordnet-bulgarian">
         <wf lemma="неизпълним" pos="X">неизпълним</wf>
         <instance id="d000.s8915.t000" lemma="план" pos="NOUN">план</instance>
         <wf lemma="." pos="X">.</wf>
      </sentence>
      <sentence id="d000.s8916" source="wordnet-bulgarian">
         <wf lemma="имам" pos="X">имам</wf>
         <instance id="d000.s8916.t000" lemma="поглед" pos="NOUN">поглед</instance>
         <wf lemma="върху" pos="X">върху</wf>
         <wf lemma="." pos="X">.</wf>
      </sentence>
      <sentence id="d000.s8917" source="wordnet-bulgarian">
         <instance id="d000.s8917.t000" lemma="потвърждение" pos="NOUN">потвърждение</instance>
         <wf lemma="на" pos="X">на</wf>
         <wf lemma="." pos="X">.</wf>
      </sentence>
      <sentence id="d000.s8918" source="wordnet-bulgarian">
         <instance id="d000.s8918.t000" lemma="празнина" pos="NOUN">празнина</instance>
         <wf lemma="между" pos="X">между</wf>
         <wf lemma="сградите" pos="X">сградите</wf>
         <wf lemma="." pos="X">.</wf>
      </sentence>
      <sentence id="d000.s8919" source="wordnet-bulgarian">
         <wf lemma="пълня" pos="X">пълня</wf>
         <instance id="d000.s8919.t000" lemma="кошница" pos="NOUN">кошница</instance>
         <wf lemma="с." pos="X">с.</wf>
      </sentence>
      <sentence id="d000.s8920" source="wordnet-bulgarian">
         <wf lemma="ранен" pos="X">ранен</wf>
         <instance id="d000.s8920.t000" lemma="старт" pos="NOUN">старт</instance>
         <wf lemma="." pos="X">.</wf>
      </sentence>
      <sentence id="d000.s8921" source="wordnet-bulgarian">
         <wf lemma="Тя" pos="X">Тя</wf>
         <instance id="d000.s8921.t000" lemma="играя" pos="VERB">играе</instance>
         <wf lemma="в" pos="X">в</wf>
         <wf lemma="тази" pos="X">тази</wf>
         <wf lemma="пиеса" pos="X">пиеса</wf>
         <wf lemma="." pos="X">.</wf>
      </sentence>
      <sentence id="d000.s8922" source="wordnet-bulgarian">
         <wf lemma="бързата" pos="X">бързата</wf>
         <instance id="d000.s8922.t000" lemma="работа" pos="NOUN">работа</instance>
         <wf lemma="срам" pos="X">срам</wf>
         <wf lemma="за" pos="X">за</wf>
         <wf lemma="майстора" pos="X">майстора</wf>
         <wf lemma="." pos="X">.</wf>
      </sentence>
      <sentence id="d000.s8923" source="wordnet-bulgarian">
         <wf lemma="в" pos="X">в</wf>
         <wf lemma="средата" pos="X">средата</wf>
         <wf lemma="на" pos="X">на</wf>
         <instance id="d000.s8923.t000" lemma="март" pos="NOUN">март</instance>
         <wf lemma="." pos="X">.</wf>
      </sentence>
      <sentence id="d000.s8924" source="wordnet-bulgarian">
         <instance id="d000.s8924.t000" lemma="връх" pos="NOUN">връх</instance>
         <wf lemma="на" pos="X">на</wf>
         <wf lemma="стрела" pos="X">стрела</wf>
         <wf lemma="." pos="X">.</wf>
      </sentence>
      <sentence id="d000.s8925" source="wordnet-bulgarian">
         <wf lemma="Търся" pos="X">Търся</wf>
         <instance id="d000.s8925.t000" lemma="спасение" pos="NOUN">спасение</instance>
         <wf lemma="от" pos="X">от</wf>
         <wf lemma="жегата" pos="X">жегата</wf>
         <wf lemma="." pos="X">.</wf>
      </sentence>
      <sentence id="d000.s8926" source="wordnet-bulgarian">
         <wf lemma="започвам" pos="X">започвам</wf>
         <instance id="d000.s8926.t000" lemma="преговори" pos="NOUN">преговори</instance>
         <wf lemma="." pos="X">.</wf>
      </sentence>
      <sentence id="d000.s8927" source="wordnet-bulgarian">
         <wf lemma="отблъскваща" pos="X">отблъскваща</wf>
         <instance id="d000.s8927.t000" lemma="външност" pos="NOUN">външност</instance>
         <wf lemma="." pos="X">.</wf>
      </sentence>
      <sentence id="d000.s8928" source="wordnet-bulgarian">
         <instance id="d000.s8928.t000" lemma="кръпка" pos="NOUN">кръпка</instance>
         <wf lemma="до" pos="X">до</wf>
         <wf lemma="кръпка" pos="X">кръпка</wf>
         <wf lemma="." pos="X">.</wf>
      </sentence>
      <sentence id="d000.s8929" source="wordnet-bulgarian">
         <instance id="d000.s8929.t000" lemma="диктувам" pos="VERB">диктувам</instance>
         <wf lemma="бавно" pos="X">бавно</wf>
         <wf lemma="." pos="X">.</wf>
      </sentence>
      <sentence id="d000.s8930" source="wordnet-bulgarian">
         <wf lemma="културна" pos="X">културна</wf>
         <instance id="d000.s8930.t000" lemma="инициатива" pos="NOUN">инициатива</instance>
         <wf lemma="." pos="X">.</wf>
      </sentence>
      <sentence id="d000.s8931" source="wordnet-bulgarian">
         <wf lemma="забавен" pos="X">забавен</wf>
         <instance id="d000.s8931.t000" lemma="пулс" pos="NOUN">пулс</instance>
         <wf lemma="." pos="X">.</wf>
      </sentence>
      <sentence id="d000.s8932" source="wordnet-bulgarian">
         <wf lemma="През" pos="X">През</wf>
         <wf lemma="пролетта" pos="X">пролетта</wf>
         <wf lemma="нивото" pos="X">нивото</wf>
         <wf lemma="на" pos="X">на</wf>
         <instance id="d000.s8932.t000" lemma="река" pos="NOUN">реката</instance>
         <wf lemma="се" pos="X">се</wf>
         <wf lemma="повишава" pos="X">повишава</wf>
         <wf lemma="." pos="X">.</wf>
      </sentence>
      <sentence id="d000.s8933" source="wordnet-bulgarian">
         <wf lemma="различни" pos="X">различни</wf>
         <wf lemma="по" pos="X">по</wf>
         <instance id="d000.s8933.t000" lemma="външност" pos="NOUN">външност</instance>
         <wf lemma="." pos="X">.</wf>
      </sentence>
      <sentence id="d000.s8934" source="wordnet-bulgarian">
         <wf lemma="организирам" pos="X">организирам</wf>
         <instance id="d000.s8934.t000" lemma="надбягване" pos="NOUN">надбягване</instance>
         <wf lemma="." pos="X">.</wf>
      </sentence>
      <sentence id="d000.s8935" source="wordnet-bulgarian">
         <instance id="d000.s8935.t000" lemma="острие" pos="NOUN">острие</instance>
         <wf lemma="на" pos="X">на</wf>
         <wf lemma="брадва" pos="X">брадва</wf>
         <wf lemma="." pos="X">.</wf>
      </sentence>
      <sentence id="d000.s8936" source="wordnet-bulgarian">
         <wf lemma="седя" pos="X">седя</wf>
         <wf lemma="на" pos="X">на</wf>
         <wf lemma="ръба" pos="X">ръба</wf>
         <wf lemma="на" pos="X">на</wf>
         <instance id="d000.s8936.t000" lemma="легло" pos="NOUN">леглото</instance>
         <wf lemma="." pos="X">.</wf>
      </sentence>
      <sentence id="d000.s8937" source="wordnet-bulgarian">
         <wf lemma="елегантно" pos="X">елегантно</wf>
         <instance id="d000.s8937.t000" lemma="палто" pos="NOUN">палто</instance>
         <wf lemma="." pos="X">.</wf>
      </sentence>
      <sentence id="d000.s8938" source="wordnet-bulgarian">
         <wf lemma="напоителна" pos="X">напоителна</wf>
         <instance id="d000.s8938.t000" lemma="система" pos="NOUN">система</instance>
         <wf lemma="." pos="X">.</wf>
      </sentence>
      <sentence id="d000.s8939" source="wordnet-bulgarian">
         <wf lemma="Кратка" pos="X">Кратка</wf>
         <instance id="d000.s8939.t000" lemma="вечеря" pos="NOUN">вечеря</instance>
         <wf lemma="," pos="X">,</wf>
         <wf lemma="дълъг" pos="X">дълъг</wf>
         <wf lemma="живот" pos="X">живот</wf>
         <wf lemma="." pos="X">.</wf>
      </sentence>
      <sentence id="d000.s8940" source="wordnet-bulgarian">
         <wf lemma="Тъкмо" pos="X">Тъкмо</wf>
         <instance id="d000.s8940.t000" lemma="сега" pos="NOUN">сега</instance>
         <wf lemma="ли" pos="X">ли</wf>
         <wf lemma="?" pos="X">?</wf>
      </sentence>
      <sentence id="d000.s8941" source="wordnet-bulgarian">
         <wf lemma="Мъжът" pos="X">Мъжът</wf>
         <wf lemma="й" pos="X">й</wf>
         <wf lemma="обича" pos="X">обича</wf>
         <wf lemma="да" pos="X">да</wf>
         <wf lemma="я" pos="X">я</wf>
         <instance id="d000.s8941.t000" lemma="контролирам" pos="VERB">контролира</instance>
         <wf lemma="." pos="X">.</wf>
      </sentence>
      <sentence id="d000.s8942" source="wordnet-bulgarian">
         <wf lemma="живея" pos="X">живея</wf>
         <wf lemma="под" pos="X">под</wf>
         <instance id="d000.s8942.t000" lemma="наем" pos="NOUN">наем</instance>
         <wf lemma="." pos="X">.</wf>
      </sentence>
      <sentence id="d000.s8943" source="wordnet-bulgarian">
         <wf lemma="устройство" pos="X">устройство</wf>
         <wf lemma="на" pos="X">на</wf>
         <instance id="d000.s8943.t000" lemma="клетка" pos="NOUN">клетка</instance>
         <wf lemma="." pos="X">.</wf>
      </sentence>
      <sentence id="d000.s8944" source="wordnet-bulgarian">
         <wf lemma="Ще" pos="X">Ще</wf>
         <instance id="d000.s8944.t000" lemma="излъчвам" pos="VERB">излъчват</instance>
         <wf lemma="предаването" pos="X">предаването</wf>
         <wf lemma="на" pos="X">на</wf>
         <wf lemma="живо" pos="X">живо</wf>
         <wf lemma="." pos="X">.</wf>
      </sentence>
      <sentence id="d000.s8945" source="wordnet-bulgarian">
         <wf lemma="типичен" pos="X">типичен</wf>
         <instance id="d000.s8945.t000" lemma="белег" pos="NOUN">белег</instance>
         <wf lemma="." pos="X">.</wf>
      </sentence>
      <sentence id="d000.s8946" source="wordnet-bulgarian">
         <wf lemma="мокър" pos="X">мокър</wf>
         <instance id="d000.s8946.t000" lemma="сняг" pos="NOUN">сняг</instance>
         <wf lemma="." pos="X">.</wf>
      </sentence>
      <sentence id="d000.s8947" source="wordnet-bulgarian">
         <wf lemma="пломбиран" pos="X">пломбиран</wf>
         <instance id="d000.s8947.t000" lemma="зъб" pos="NOUN">зъб</instance>
         <wf lemma="." pos="X">.</wf>
      </sentence>
      <sentence id="d000.s8948" source="wordnet-bulgarian">
         <instance id="d000.s8948.t000" lemma="парче" pos="NOUN">парче</instance>
         <wf lemma="земя" pos="X">земя</wf>
         <wf lemma="." pos="X">.</wf>
      </sentence>
      <sentence id="d000.s8949" source="wordnet-bulgarian">
         <wf lemma="фактическа" pos="X">фактическа</wf>
         <instance id="d000.s8949.t000" lemma="грешка" pos="NOUN">грешка</instance>
         <wf lemma="." pos="X">.</wf>
      </sentence>
      <sentence id="d000.s8950" source="wordnet-bulgarian">
         <wf lemma="автоматична" pos="X">автоматична</wf>
         <instance id="d000.s8950.t000" lemma="пушка" pos="NOUN">пушка</instance>
         <wf lemma="." pos="X">.</wf>
      </sentence>
      <sentence id="d000.s8951" source="wordnet-bulgarian">
         <wf lemma="епителна" pos="X">епителна</wf>
         <instance id="d000.s8951.t000" lemma="тъкан" pos="NOUN">тъкан</instance>
         <wf lemma="." pos="X">.</wf>
      </sentence>
      <sentence id="d000.s8952" source="wordnet-bulgarian">
         <wf lemma="стръмен" pos="X">стръмен</wf>
         <instance id="d000.s8952.t000" lemma="баир" pos="NOUN">баир</instance>
         <wf lemma="." pos="X">.</wf>
      </sentence>
      <sentence id="d000.s8953" source="wordnet-bulgarian">
         <wf lemma="Никой" pos="X">Никой</wf>
         <wf lemma="не" pos="X">не</wf>
         <wf lemma="може" pos="X">може</wf>
         <wf lemma="да" pos="X">да</wf>
         <instance id="d000.s8953.t000" lemma="идентифицирам" pos="VERB">идентифицира</instance>
         <wf lemma="лицето" pos="X">лицето</wf>
         <wf lemma="на" pos="X">на</wf>
         <wf lemma="снимката" pos="X">снимката</wf>
         <wf lemma="." pos="X">.</wf>
      </sentence>
      <sentence id="d000.s8954" source="wordnet-bulgarian">
         <wf lemma="сива" pos="X">сива</wf>
         <instance id="d000.s8954.t000" lemma="мишка" pos="NOUN">мишка</instance>
         <wf lemma="." pos="X">.</wf>
      </sentence>
      <sentence id="d000.s8955" source="wordnet-bulgarian">
         <instance id="d000.s8955.t000" lemma="разновидност" pos="NOUN">разновидност</instance>
         <wf lemma="на" pos="X">на</wf>
         <wf lemma="." pos="X">.</wf>
      </sentence>
      <sentence id="d000.s8956" source="wordnet-bulgarian">
         <wf lemma="ям" pos="X">ям</wf>
         <wf lemma="от" pos="X">от</wf>
         <instance id="d000.s8956.t000" lemma="купа" pos="NOUN">купа</instance>
         <wf lemma="." pos="X">.</wf>
      </sentence>
      <sentence id="d000.s8957" source="wordnet-bulgarian">
         <wf lemma="с" pos="X">с</wf>
         <wf lemma="широк" pos="X">широк</wf>
         <instance id="d000.s8957.t000" lemma="обхват" pos="NOUN">обхват</instance>
         <wf lemma="." pos="X">.</wf>
      </sentence>
      <sentence id="d000.s8958" source="wordnet-bulgarian">
         <wf lemma="по" pos="X">по</wf>
         <instance id="d000.s8958.t000" lemma="въздух" pos="NOUN">въздуха</instance>
         <wf lemma="." pos="X">.</wf>
      </sentence>
      <sentence id="d000.s8959" source="wordnet-bulgarian">
         <wf lemma="автомобилна" pos="X">автомобилна</wf>
         <instance id="d000.s8959.t000" lemma="гума" pos="NOUN">гума</instance>
         <wf lemma="." pos="X">.</wf>
      </sentence>
      <sentence id="d000.s8960" source="wordnet-bulgarian">
         <wf lemma="пия" pos="X">пия</wf>
         <wf lemma="от" pos="X">от</wf>
         <instance id="d000.s8960.t000" lemma="чаша" pos="NOUN">чаша</instance>
         <wf lemma="." pos="X">.</wf>
      </sentence>
      <sentence id="d000.s8961" source="wordnet-bulgarian">
         <wf lemma="галя" pos="X">галя</wf>
         <wf lemma="с" pos="X">с</wf>
         <instance id="d000.s8961.t000" lemma="ръка" pos="NOUN">ръка</instance>
         <wf lemma="." pos="X">.</wf>
      </sentence>
      <sentence id="d000.s8962" source="wordnet-bulgarian">
         <wf lemma="телевизионен" pos="X">телевизионен</wf>
         <instance id="d000.s8962.t000" lemma="канал" pos="NOUN">канал</instance>
         <wf lemma="." pos="X">.</wf>
      </sentence>
      <sentence id="d000.s8963" source="wordnet-bulgarian">
         <wf lemma="бледа" pos="X">бледа</wf>
         <instance id="d000.s8963.t000" lemma="кожа" pos="NOUN">кожа</instance>
         <wf lemma="." pos="X">.</wf>
      </sentence>
      <sentence id="d000.s8964" source="wordnet-bulgarian">
         <instance id="d000.s8964.t000" lemma="нападение" pos="NOUN">Нападението</instance>
         <wf lemma="е" pos="X">е</wf>
         <wf lemma="най-добрата" pos="X">най-добрата</wf>
         <wf lemma="защита" pos="X">защита</wf>
         <wf lemma="." pos="X">.</wf>
      </sentence>
      <sentence id="d000.s8965" source="wordnet-bulgarian">
         <wf lemma="морска" pos="X">морска</wf>
         <instance id="d000.s8965.t000" lemma="риба" pos="NOUN">риба</instance>
         <wf lemma="." pos="X">.</wf>
      </sentence>
      <sentence id="d000.s8966" source="wordnet-bulgarian">
         <wf lemma="Какви" pos="X">Какви</wf>
         <wf lemma="са" pos="X">са</wf>
         <wf lemma="вашите" pos="X">вашите</wf>
         <instance id="d000.s8966.t000" lemma="взаимоотношение" pos="NOUN">взаимоотношения</instance>
         <wf lemma="?" pos="X">?</wf>
      </sentence>
      <sentence id="d000.s8967" source="wordnet-bulgarian">
         <instance id="d000.s8967.t000" lemma="парче" pos="NOUN">парче</instance>
         <wf lemma="хартия" pos="X">хартия</wf>
         <wf lemma="." pos="X">.</wf>
      </sentence>
      <sentence id="d000.s8968" source="wordnet-bulgarian">
         <wf lemma="специално" pos="X">специално</wf>
         <instance id="d000.s8968.t000" lemma="образование" pos="NOUN">образование</instance>
         <wf lemma="." pos="X">.</wf>
      </sentence>
      <sentence id="d000.s8969" source="wordnet-bulgarian">
         <wf lemma="феодална" pos="X">феодална</wf>
         <instance id="d000.s8969.t000" lemma="клас" pos="NOUN">класа</instance>
         <wf lemma="." pos="X">.</wf>
      </sentence>
      <sentence id="d000.s8970" source="wordnet-bulgarian">
         <wf lemma="удрям" pos="X">удрям</wf>
         <instance id="d000.s8970.t000" lemma="печат" pos="NOUN">печат</instance>
         <wf lemma="." pos="X">.</wf>
      </sentence>
      <sentence id="d000.s8971" source="wordnet-bulgarian">
         <instance id="d000.s8971.t000" lemma="пакет" pos="NOUN">пакет</instance>
         <wf lemma="цигари" pos="X">цигари</wf>
         <wf lemma="." pos="X">.</wf>
      </sentence>
      <sentence id="d000.s8972" source="wordnet-bulgarian">
         <wf lemma="Наблизо" pos="X">Наблизо</wf>
         <wf lemma="изцвърча" pos="X">изцвърча</wf>
         <instance id="d000.s8972.t000" lemma="мишка" pos="NOUN">мишка</instance>
         <wf lemma="." pos="X">.</wf>
      </sentence>
      <sentence id="d000.s8973" source="wordnet-bulgarian">
         <wf lemma="Работата" pos="X">Работата</wf>
         <wf lemma="мина" pos="X">мина</wf>
         <wf lemma="без" pos="X">без</wf>
         <instance id="d000.s8973.t000" lemma="пауза" pos="NOUN">пауза</instance>
         <wf lemma="." pos="X">.</wf>
      </sentence>
      <sentence id="d000.s8974" source="wordnet-bulgarian">
         <wf lemma="по" pos="X">по</wf>
         <wf lemma="мое" pos="X">мое</wf>
         <instance id="d000.s8974.t000" lemma="убеждение" pos="NOUN">убеждение</instance>
         <wf lemma="." pos="X">.</wf>
      </sentence>
      <sentence id="d000.s8975" source="wordnet-bulgarian">
         <wf lemma="искова" pos="X">искова</wf>
         <instance id="d000.s8975.t000" lemma="молба" pos="NOUN">молба</instance>
         <wf lemma="." pos="X">.</wf>
      </sentence>
      <sentence id="d000.s8976" source="wordnet-bulgarian">
         <wf lemma="директен" pos="X">директен</wf>
         <instance id="d000.s8976.t000" lemma="въпрос" pos="NOUN">въпрос</instance>
         <wf lemma="." pos="X">.</wf>
      </sentence>
      <sentence id="d000.s8977" source="wordnet-bulgarian">
         <wf lemma="предложение" pos="X">предложение</wf>
         <wf lemma="за" pos="X">за</wf>
         <instance id="d000.s8977.t000" lemma="допълнение" pos="NOUN">допълнение</instance>
         <wf lemma="на" pos="X">на</wf>
         <wf lemma="." pos="X">.</wf>
      </sentence>
      <sentence id="d000.s8978" source="wordnet-bulgarian">
         <instance id="d000.s8978.t000" lemma="причина" pos="NOUN">причината</instance>
         <wf lemma="," pos="X">,</wf>
         <wf lemma="поради" pos="X">поради</wf>
         <wf lemma="която" pos="X">която</wf>
         <wf lemma="." pos="X">.</wf>
      </sentence>
      <sentence id="d000.s8979" source="wordnet-bulgarian">
         <wf lemma="избирам" pos="X">избирам</wf>
         <instance id="d000.s8979.t000" lemma="кола" pos="NOUN">кола</instance>
         <wf lemma="." pos="X">.</wf>
      </sentence>
      <sentence id="d000.s8980" source="wordnet-bulgarian">
         <wf lemma="Излизам" pos="X">Излизам</wf>
         <wf lemma="с" pos="X">с</wf>
         <instance id="d000.s8980.t000" lemma="протест" pos="NOUN">протест</instance>
         <wf lemma="." pos="X">.</wf>
      </sentence>
      <sentence id="d000.s8981" source="wordnet-bulgarian">
         <wf lemma="шарена" pos="X">шарена</wf>
         <instance id="d000.s8981.t000" lemma="риза" pos="NOUN">риза</instance>
         <wf lemma="." pos="X">.</wf>
      </sentence>
      <sentence id="d000.s8982" source="wordnet-bulgarian">
         <wf lemma="първа" pos="X">първа</wf>
         <instance id="d000.s8982.t000" lemma="рожба" pos="NOUN">рожба</instance>
         <wf lemma="." pos="X">.</wf>
      </sentence>
      <sentence id="d000.s8983" source="wordnet-bulgarian">
         <wf lemma="ставам" pos="X">ставам</wf>
         <instance id="d000.s8983.t000" lemma="член" pos="NOUN">член</instance>
         <wf lemma="на" pos="X">на</wf>
         <wf lemma="." pos="X">.</wf>
      </sentence>
      <sentence id="d000.s8984" source="wordnet-bulgarian">
         <instance id="d000.s8984.t000" lemma="кола" pos="NOUN">кола</instance>
         <wf lemma="втора" pos="X">втора</wf>
         <wf lemma="употреба" pos="X">употреба</wf>
         <wf lemma="." pos="X">.</wf>
      </sentence>
      <sentence id="d000.s8985" source="wordnet-bulgarian">
         <wf lemma="купувам" pos="X">купувам</wf>
         <instance id="d000.s8985.t000" lemma="палто" pos="NOUN">палто</instance>
         <wf lemma="." pos="X">.</wf>
      </sentence>
      <sentence id="d000.s8986" source="wordnet-bulgarian">
         <wf lemma="влизам" pos="X">влизам</wf>
         <wf lemma="в" pos="X">в</wf>
         <instance id="d000.s8986.t000" lemma="университет" pos="NOUN">университета</instance>
         <wf lemma="." pos="X">.</wf>
      </sentence>
      <sentence id="d000.s8987" source="wordnet-bulgarian">
         <wf lemma="временен" pos="X">временен</wf>
         <instance id="d000.s8987.t000" lemma="приют" pos="NOUN">приют</instance>
         <wf lemma="." pos="X">.</wf>
      </sentence>
      <sentence id="d000.s8988" source="wordnet-bulgarian">
         <wf lemma="Законът" pos="X">Законът</wf>
         <wf lemma="срещу" pos="X">срещу</wf>
         <wf lemma="търговските" pos="X">търговските</wf>
         <instance id="d000.s8988.t000" lemma="верига" pos="NOUN">вериги</instance>
         <wf lemma="е" pos="X">е</wf>
         <wf lemma="готов" pos="X">готов</wf>
         <wf lemma="." pos="X">.</wf>
      </sentence>
      <sentence id="d000.s8989" source="wordnet-bulgarian">
         <instance id="d000.s8989.t000" lemma="дупча" pos="VERB">Дупча</instance>
         <wf lemma="си" pos="X">си</wf>
         <wf lemma="ушите" pos="X">ушите</wf>
         <wf lemma="." pos="X">.</wf>
      </sentence>
      <sentence id="d000.s8990" source="wordnet-bulgarian">
         <wf lemma="Болят" pos="X">Болят</wf>
         <wf lemma="ме" pos="X">ме</wf>
         <instance id="d000.s8990.t000" lemma="крайник" pos="NOUN">крайниците</instance>
         <wf lemma="." pos="X">.</wf>
      </sentence>
      <sentence id="d000.s8991" source="wordnet-bulgarian">
         <wf lemma="Кой" pos="X">Кой</wf>
         <wf lemma="поема" pos="X">поема</wf>
         <instance id="d000.s8991.t000" lemma="разноски" pos="NOUN">разноските</instance>
         <wf lemma="по" pos="X">по</wf>
         <wf lemma="транспорта" pos="X">транспорта</wf>
         <wf lemma="?" pos="X">?</wf>
      </sentence>
      <sentence id="d000.s8992" source="wordnet-bulgarian">
         <wf lemma="има" pos="X">има</wf>
         <wf lemma="няколко" pos="X">няколко</wf>
         <instance id="d000.s8992.t000" lemma="възможност" pos="NOUN">възможности</instance>
         <wf lemma="." pos="X">.</wf>
      </sentence>
      <sentence id="d000.s8993" source="wordnet-bulgarian">
         <wf lemma="шофьор" pos="X">шофьор</wf>
         <wf lemma="на" pos="X">на</wf>
         <instance id="d000.s8993.t000" lemma="такса" pos="NOUN">такси</instance>
         <wf lemma="." pos="X">.</wf>
      </sentence>
      <sentence id="d000.s8994" source="wordnet-bulgarian">
         <wf lemma="дефектна" pos="X">дефектна</wf>
         <instance id="d000.s8994.t000" lemma="стока" pos="NOUN">стока</instance>
         <wf lemma="." pos="X">.</wf>
      </sentence>
      <sentence id="d000.s8995" source="wordnet-bulgarian">
         <instance id="d000.s8995.t000" lemma="екип" pos="NOUN">екип</instance>
         <wf lemma="за" pos="X">за</wf>
         <wf lemma="планината" pos="X">планината</wf>
         <wf lemma="." pos="X">.</wf>
      </sentence>
      <sentence id="d000.s8996" source="wordnet-bulgarian">
         <wf lemma="Вятърът" pos="X">Вятърът</wf>
         <wf lemma="вдига" pos="X">вдига</wf>
         <wf lemma="облаци" pos="X">облаци</wf>
         <instance id="d000.s8996.t000" lemma="прах" pos="NOUN">прах</instance>
         <wf lemma="." pos="X">.</wf>
      </sentence>
      <sentence id="d000.s8997" source="wordnet-bulgarian">
         <wf lemma="смъртоносна" pos="X">смъртоносна</wf>
         <instance id="d000.s8997.t000" lemma="отрова" pos="NOUN">отрова</instance>
         <wf lemma="." pos="X">.</wf>
      </sentence>
      <sentence id="d000.s8998" source="wordnet-bulgarian">
         <wf lemma="слагам" pos="X">слагам</wf>
         <instance id="d000.s8998.t000" lemma="покрив" pos="NOUN">покрив</instance>
         <wf lemma="на" pos="X">на</wf>
         <wf lemma="къщата" pos="X">къщата</wf>
         <wf lemma="." pos="X">.</wf>
      </sentence>
      <sentence id="d000.s8999" source="wordnet-bulgarian">
         <wf lemma="по" pos="X">по</wf>
         <instance id="d000.s8999.t000" lemma="радио" pos="NOUN">радиото</instance>
         <wf lemma="." pos="X">.</wf>
      </sentence>
      <sentence id="d000.s9000" source="wordnet-bulgarian">
         <wf lemma="индустриален" pos="X">индустриален</wf>
         <instance id="d000.s9000.t000" lemma="магнат" pos="NOUN">магнат</instance>
         <wf lemma="." pos="X">.</wf>
      </sentence>
      <sentence id="d000.s9001" source="wordnet-bulgarian">
         <wf lemma="разнасям" pos="X">разнасям</wf>
         <instance id="d000.s9001.t000" lemma="клюка" pos="NOUN">клюки</instance>
         <wf lemma="." pos="X">.</wf>
      </sentence>
      <sentence id="d000.s9002" source="wordnet-bulgarian">
         <wf lemma="управителен" pos="X">управителен</wf>
         <instance id="d000.s9002.t000" lemma="съвет" pos="NOUN">съвет</instance>
         <wf lemma="." pos="X">.</wf>
      </sentence>
      <sentence id="d000.s9003" source="wordnet-bulgarian">
         <wf lemma="мога" pos="X">мога</wf>
         <wf lemma="да" pos="X">да</wf>
         <instance id="d000.s9003.t000" lemma="чета" pos="VERB">чета</instance>
         <wf lemma="." pos="X">.</wf>
      </sentence>
      <sentence id="d000.s9004" source="wordnet-bulgarian">
         <wf lemma="човешки" pos="X">човешки</wf>
         <instance id="d000.s9004.t000" lemma="взаимоотношение" pos="NOUN">взаимоотношения</instance>
         <wf lemma="." pos="X">.</wf>
      </sentence>
      <sentence id="d000.s9005" source="wordnet-bulgarian">
         <wf lemma="Слушам" pos="X">Слушам</wf>
         <wf lemma="внимателно" pos="X">внимателно</wf>
         <instance id="d000.s9005.t000" lemma="дума" pos="NOUN">думите</instance>
         <wf lemma="му" pos="X">му</wf>
         <wf lemma="." pos="X">.</wf>
      </sentence>
      <sentence id="d000.s9006" source="wordnet-bulgarian">
         <instance id="d000.s9006.t000" lemma="достъп" pos="NOUN">Достъпът</instance>
         <wf lemma="до" pos="X">до</wf>
         <wf lemma="залата" pos="X">залата</wf>
         <wf lemma="е" pos="X">е</wf>
         <wf lemma="забранен" pos="X">забранен</wf>
         <wf lemma="." pos="X">.</wf>
      </sentence>
      <sentence id="d000.s9007" source="wordnet-bulgarian">
         <wf lemma="политическа" pos="X">политическа</wf>
         <instance id="d000.s9007.t000" lemma="дейност" pos="NOUN">дейност</instance>
         <wf lemma="." pos="X">.</wf>
      </sentence>
      <sentence id="d000.s9008" source="wordnet-bulgarian">
         <wf lemma="правя" pos="X">правя</wf>
         <instance id="d000.s9008.t000" lemma="изказване" pos="NOUN">изказване</instance>
         <wf lemma="." pos="X">.</wf>
      </sentence>
      <sentence id="d000.s9009" source="wordnet-bulgarian">
         <wf lemma="Полицията" pos="X">Полицията</wf>
         <instance id="d000.s9009.t000" lemma="конфискувам" pos="VERB">конфискува</instance>
         <wf lemma="откраднати" pos="X">откраднати</wf>
         <wf lemma="произведения" pos="X">произведения</wf>
         <wf lemma="на" pos="X">на</wf>
         <wf lemma="изкуството" pos="X">изкуството</wf>
         <wf lemma="." pos="X">.</wf>
      </sentence>
      <sentence id="d000.s9010" source="wordnet-bulgarian">
         <instance id="d000.s9010.t000" lemma="побеждавам" pos="VERB">побеждавам</instance>
         <wf lemma="врага" pos="X">врага</wf>
         <wf lemma="." pos="X">.</wf>
      </sentence>
      <sentence id="d000.s9011" source="wordnet-bulgarian">
         <wf lemma="лява" pos="X">лява</wf>
         <instance id="d000.s9011.t000" lemma="китка" pos="NOUN">китка</instance>
         <wf lemma="." pos="X">.</wf>
      </sentence>
      <sentence id="d000.s9012" source="wordnet-bulgarian">
         <wf lemma="бяла" pos="X">бяла</wf>
         <instance id="d000.s9012.t000" lemma="раса" pos="NOUN">раса</instance>
         <wf lemma="." pos="X">.</wf>
      </sentence>
      <sentence id="d000.s9013" source="wordnet-bulgarian">
         <wf lemma="стенно" pos="X">стенно</wf>
         <instance id="d000.s9013.t000" lemma="огледало" pos="NOUN">огледало</instance>
         <wf lemma="." pos="X">.</wf>
      </sentence>
      <sentence id="d000.s9014" source="wordnet-bulgarian">
         <wf lemma="Паднаха" pos="X">Паднаха</wf>
         <wf lemma="всички" pos="X">всички</wf>
         <wf lemma="при" pos="X">при</wf>
         <wf lemma="първия" pos="X">първия</wf>
         <instance id="d000.s9014.t000" lemma="бой" pos="NOUN">бой</instance>
         <wf lemma="." pos="X">.</wf>
      </sentence>
      <sentence id="d000.s9015" source="wordnet-bulgarian">
         <wf lemma="доходна" pos="X">доходна</wf>
         <instance id="d000.s9015.t000" lemma="работа" pos="NOUN">работа</instance>
         <wf lemma="." pos="X">.</wf>
      </sentence>
      <sentence id="d000.s9016" source="wordnet-bulgarian">
         <wf lemma="заслушах" pos="X">заслушах</wf>
         <wf lemma="се" pos="X">се</wf>
         <wf lemma="в" pos="X">в</wf>
         <wf lemma="нежната" pos="X">нежната</wf>
         <wf lemma="песен" pos="X">песен</wf>
         <wf lemma="на" pos="X">на</wf>
         <instance id="d000.s9016.t000" lemma="птица" pos="NOUN">птицата</instance>
         <wf lemma="." pos="X">.</wf>
      </sentence>
      <sentence id="d000.s9017" source="wordnet-bulgarian">
         <wf lemma="пиша" pos="X">пиша</wf>
         <instance id="d000.s9017.t000" lemma="биография" pos="NOUN">биография</instance>
         <wf lemma="за" pos="X">за</wf>
         <wf lemma="." pos="X">.</wf>
      </sentence>
      <sentence id="d000.s9018" source="wordnet-bulgarian">
         <wf lemma="получавам" pos="X">получавам</wf>
         <wf lemma="своя" pos="X">своя</wf>
         <instance id="d000.s9018.t000" lemma="дял" pos="NOUN">дял</instance>
         <wf lemma="." pos="X">.</wf>
      </sentence>
      <sentence id="d000.s9019" source="wordnet-bulgarian">
         <wf lemma="по" pos="X">по</wf>
         <instance id="d000.s9019.t000" lemma="аналогия" pos="NOUN">аналогия</instance>
         <wf lemma="." pos="X">.</wf>
      </sentence>
      <sentence id="d000.s9020" source="wordnet-bulgarian">
         <wf lemma="капител,украсен" pos="X">капител,украсен</wf>
         <wf lemma="с" pos="X">с</wf>
         <instance id="d000.s9020.t000" lemma="орнамент" pos="NOUN">орнаменти</instance>
         <wf lemma="." pos="X">.</wf>
      </sentence>
      <sentence id="d000.s9021" source="wordnet-bulgarian">
         <wf lemma="Каква" pos="X">Каква</wf>
         <wf lemma="е" pos="X">е</wf>
         <wf lemma="Вашата" pos="X">Вашата</wf>
         <instance id="d000.s9021.t000" lemma="позиция" pos="NOUN">позиция</instance>
         <wf lemma="?" pos="X">?</wf>
      </sentence>
      <sentence id="d000.s9022" source="wordnet-bulgarian">
         <instance id="d000.s9022.t000" lemma="допускам" pos="VERB">допускам</instance>
         <wf lemma="," pos="X">,</wf>
         <wf lemma="че" pos="X">че</wf>
         <wf lemma="." pos="X">.</wf>
      </sentence>
      <sentence id="d000.s9023" source="wordnet-bulgarian">
         <wf lemma="секретен" pos="X">секретен</wf>
         <instance id="d000.s9023.t000" lemma="пост" pos="NOUN">пост</instance>
         <wf lemma="." pos="X">.</wf>
      </sentence>
      <sentence id="d000.s9024" source="wordnet-bulgarian">
         <wf lemma="Небето" pos="X">Небето</wf>
         <wf lemma="е" pos="X">е</wf>
         <wf lemma="покрито" pos="X">покрито</wf>
         <wf lemma="с" pos="X">с</wf>
         <instance id="d000.s9024.t000" lemma="облак" pos="NOUN">облаци</instance>
         <wf lemma="." pos="X">.</wf>
      </sentence>
      <sentence id="d000.s9025" source="wordnet-bulgarian">
         <wf lemma="Навън" pos="X">Навън</wf>
         <wf lemma="валеше" pos="X">валеше</wf>
         <wf lemma="проливен" pos="X">проливен</wf>
         <wf lemma="дъжд" pos="X">дъжд</wf>
         <wf lemma="и" pos="X">и</wf>
         <wf lemma="," pos="X">,</wf>
         <wf lemma="въпреки" pos="X">въпреки</wf>
         <wf lemma="че" pos="X">че</wf>
         <wf lemma="бях" pos="X">бях</wf>
         <wf lemma="с" pos="X">с</wf>
         <instance id="d000.s9025.t000" lemma="чадър" pos="NOUN">чадър</instance>
         <wf lemma="," pos="X">,</wf>
         <wf lemma="се" pos="X">се</wf>
         <wf lemma="прибрах" pos="X">прибрах</wf>
         <wf lemma="вир" pos="X">вир</wf>
         <wf lemma="вода" pos="X">вода</wf>
         <wf lemma="." pos="X">.</wf>
      </sentence>
      <sentence id="d000.s9026" source="wordnet-bulgarian">
         <wf lemma="свежа" pos="X">свежа</wf>
         <instance id="d000.s9026.t000" lemma="заран" pos="NOUN">заран</instance>
         <wf lemma="." pos="X">.</wf>
      </sentence>
      <sentence id="d000.s9027" source="wordnet-bulgarian">
         <wf lemma="анонимен" pos="X">анонимен</wf>
         <instance id="d000.s9027.t000" lemma="източник" pos="NOUN">източник</instance>
         <wf lemma="." pos="X">.</wf>
      </sentence>
      <sentence id="d000.s9028" source="wordnet-bulgarian">
         <wf lemma="дървена" pos="X">дървена</wf>
         <instance id="d000.s9028.t000" lemma="порта" pos="NOUN">порта</instance>
         <wf lemma="." pos="X">.</wf>
      </sentence>
      <sentence id="d000.s9029" source="wordnet-bulgarian">
         <wf lemma="избирателна" pos="X">избирателна</wf>
         <instance id="d000.s9029.t000" lemma="система" pos="NOUN">система</instance>
         <wf lemma="." pos="X">.</wf>
      </sentence>
      <sentence id="d000.s9030" source="wordnet-bulgarian">
         <wf lemma="значително" pos="X">значително</wf>
         <instance id="d000.s9030.t000" lemma="мнозинство" pos="NOUN">мнозинство</instance>
         <wf lemma="." pos="X">.</wf>
      </sentence>
      <sentence id="d000.s9031" source="wordnet-bulgarian">
         <instance id="d000.s9031.t000" lemma="мотивация" pos="NOUN">мотивация</instance>
         <wf lemma="за" pos="X">за</wf>
         <wf lemma="определено" pos="X">определено</wf>
         <wf lemma="поведение" pos="X">поведение</wf>
         <wf lemma="." pos="X">.</wf>
      </sentence>
      <sentence id="d000.s9032" source="wordnet-bulgarian">
         <wf lemma="покана" pos="X">покана</wf>
         <wf lemma="за" pos="X">за</wf>
         <instance id="d000.s9032.t000" lemma="банкет" pos="NOUN">банкет</instance>
         <wf lemma="." pos="X">.</wf>
      </sentence>
      <sentence id="d000.s9033" source="wordnet-bulgarian">
         <instance id="d000.s9033.t000" lemma="особеност" pos="NOUN">особености</instance>
         <wf lemma="на" pos="X">на</wf>
         <wf lemma="характера" pos="X">характера</wf>
         <wf lemma="." pos="X">.</wf>
      </sentence>
      <sentence id="d000.s9034" source="wordnet-bulgarian">
         <wf lemma="фатална" pos="X">фатална</wf>
         <instance id="d000.s9034.t000" lemma="последица" pos="NOUN">последица</instance>
         <wf lemma="." pos="X">.</wf>
      </sentence>
      <sentence id="d000.s9035" source="wordnet-bulgarian">
         <wf lemma="Раздели" pos="X">Раздели</wf>
         <wf lemma="любеницата" pos="X">любеницата</wf>
         <wf lemma="на" pos="X">на</wf>
         <instance id="d000.s9035.t000" lemma="резен" pos="NOUN">резени</instance>
         <wf lemma="." pos="X">.</wf>
      </sentence>
      <sentence id="d000.s9036" source="wordnet-bulgarian">
         <wf lemma="нося" pos="X">нося</wf>
         <instance id="d000.s9036.t000" lemma="куфар" pos="NOUN">куфар</instance>
         <wf lemma="." pos="X">.</wf>
      </sentence>
      <sentence id="d000.s9037" source="wordnet-bulgarian">
         <wf lemma="рипсено" pos="X">рипсено</wf>
         <instance id="d000.s9037.t000" lemma="кадифе" pos="NOUN">кадифе</instance>
         <wf lemma="." pos="X">.</wf>
      </sentence>
      <sentence id="d000.s9038" source="wordnet-bulgarian">
         <instance id="d000.s9038.t000" lemma="рак" pos="NOUN">рак</instance>
         <wf lemma="на" pos="X">на</wf>
         <wf lemma="стомаха" pos="X">стомаха</wf>
         <wf lemma="." pos="X">.</wf>
      </sentence>
      <sentence id="d000.s9039" source="wordnet-bulgarian">
         <instance id="d000.s9039.t000" lemma="колона" pos="NOUN">Колоната</instance>
         <wf lemma="от" pos="X">от</wf>
         <wf lemma="танкове" pos="X">танкове</wf>
         <wf lemma="бавно" pos="X">бавно</wf>
         <wf lemma="се" pos="X">се</wf>
         <wf lemma="изниза" pos="X">изниза</wf>
         <wf lemma="от" pos="X">от</wf>
         <wf lemma="града" pos="X">града</wf>
         <wf lemma="." pos="X">.</wf>
      </sentence>
      <sentence id="d000.s9040" source="wordnet-bulgarian">
         <wf lemma="в" pos="X">в</wf>
         <wf lemma="началото" pos="X">началото</wf>
         <wf lemma="на" pos="X">на</wf>
         <instance id="d000.s9040.t000" lemma="век" pos="NOUN">века</instance>
         <wf lemma="." pos="X">.</wf>
      </sentence>
      <sentence id="d000.s9041" source="wordnet-bulgarian">
         <wf lemma="Тя" pos="X">Тя</wf>
         <wf lemma="има" pos="X">има</wf>
         <wf lemma="идеална" pos="X">идеална</wf>
         <wf lemma="фигура" pos="X">фигура</wf>
         <wf lemma="и" pos="X">и</wf>
         <instance id="d000.s9041.t000" lemma="външност" pos="NOUN">външност</instance>
         <wf lemma="." pos="X">.</wf>
      </sentence>
      <sentence id="d000.s9042" source="wordnet-bulgarian">
         <wf lemma="разбит" pos="X">разбит</wf>
         <instance id="d000.s9042.t000" lemma="път" pos="NOUN">път</instance>
         <wf lemma="." pos="X">.</wf>
      </sentence>
      <sentence id="d000.s9043" source="wordnet-bulgarian">
         <wf lemma="отпускам" pos="X">отпускам</wf>
         <instance id="d000.s9043.t000" lemma="субсидия" pos="NOUN">субсидия</instance>
         <wf lemma="." pos="X">.</wf>
      </sentence>
      <sentence id="d000.s9044" source="wordnet-bulgarian">
         <wf lemma="слънчево" pos="X">слънчево</wf>
         <instance id="d000.s9044.t000" lemma="жилище" pos="NOUN">жилище</instance>
         <wf lemma="." pos="X">.</wf>
      </sentence>
      <sentence id="d000.s9045" source="wordnet-bulgarian">
         <instance id="d000.s9045.t000" lemma="обвиняем" pos="NOUN">Обвиняемият</instance>
         <wf lemma="започна" pos="X">започна</wf>
         <wf lemma="своя" pos="X">своя</wf>
         <wf lemma="разказ" pos="X">разказ</wf>
         <wf lemma="." pos="X">.</wf>
      </sentence>
      <sentence id="d000.s9046" source="wordnet-bulgarian">
         <wf lemma="голям" pos="X">голям</wf>
         <instance id="d000.s9046.t000" lemma="кавалер" pos="NOUN">кавалер</instance>
         <wf lemma="." pos="X">.</wf>
      </sentence>
      <sentence id="d000.s9047" source="wordnet-bulgarian">
         <wf lemma="Свивам" pos="X">Свивам</wf>
         <wf lemma="коленете" pos="X">коленете</wf>
         <wf lemma="си" pos="X">си</wf>
         <wf lemma="до" pos="X">до</wf>
         <instance id="d000.s9047.t000" lemma="брада" pos="NOUN">брадата</instance>
         <wf lemma="." pos="X">.</wf>
      </sentence>
      <sentence id="d000.s9048" source="wordnet-bulgarian">
         <wf lemma="малък" pos="X">малък</wf>
         <instance id="d000.s9048.t000" lemma="бележник" pos="NOUN">бележник</instance>
         <wf lemma="." pos="X">.</wf>
      </sentence>
      <sentence id="d000.s9049" source="wordnet-bulgarian">
         <wf lemma="кратка" pos="X">кратка</wf>
         <instance id="d000.s9049.t000" lemma="разправа" pos="NOUN">разправа</instance>
         <wf lemma="." pos="X">.</wf>
      </sentence>
      <sentence id="d000.s9050" source="wordnet-bulgarian">
         <instance id="d000.s9050.t000" lemma="представление" pos="NOUN">представление</instance>
         <wf lemma="за" pos="X">за</wf>
         <wf lemma="деца" pos="X">деца</wf>
         <wf lemma="." pos="X">.</wf>
      </sentence>
      <sentence id="d000.s9051" source="wordnet-bulgarian">
         <wf lemma="пиша" pos="X">пиша</wf>
         <instance id="d000.s9051.t000" lemma="писмо" pos="NOUN">писмо</instance>
         <wf lemma="." pos="X">.</wf>
      </sentence>
      <sentence id="d000.s9052" source="wordnet-bulgarian">
         <wf lemma="модерен" pos="X">модерен</wf>
         <instance id="d000.s9052.t000" lemma="магазин" pos="NOUN">магазин</instance>
         <wf lemma="." pos="X">.</wf>
      </sentence>
      <sentence id="d000.s9053" source="wordnet-bulgarian">
         <wf lemma="в" pos="X">в</wf>
         <instance id="d000.s9053.t000" lemma="потвърждение" pos="NOUN">потвърждение</instance>
         <wf lemma="на" pos="X">на</wf>
         <wf lemma="думите" pos="X">думите</wf>
         <wf lemma="ми" pos="X">ми</wf>
         <wf lemma="." pos="X">.</wf>
      </sentence>
      <sentence id="d000.s9054" source="wordnet-bulgarian">
         <wf lemma="стъклена" pos="X">стъклена</wf>
         <instance id="d000.s9054.t000" lemma="чаша" pos="NOUN">чаша</instance>
         <wf lemma="." pos="X">.</wf>
      </sentence>
      <sentence id="d000.s9055" source="wordnet-bulgarian">
         <wf lemma="Лежа" pos="X">Лежа</wf>
         <wf lemma="с" pos="X">с</wf>
         <wf lemma="отпуснати" pos="X">отпуснати</wf>
         <instance id="d000.s9055.t000" lemma="мускул" pos="NOUN">мускули</instance>
         <wf lemma="." pos="X">.</wf>
      </sentence>
      <sentence id="d000.s9056" source="wordnet-bulgarian">
         <wf lemma="червени" pos="X">червени</wf>
         <instance id="d000.s9056.t000" lemma="буза" pos="NOUN">бузи</instance>
         <wf lemma="." pos="X">.</wf>
      </sentence>
      <sentence id="d000.s9057" source="wordnet-bulgarian">
         <wf lemma="добър" pos="X">добър</wf>
         <instance id="d000.s9057.t000" lemma="зъболекар" pos="NOUN">зъболекар</instance>
         <wf lemma="." pos="X">.</wf>
      </sentence>
      <sentence id="d000.s9058" source="wordnet-bulgarian">
         <wf lemma="Пия" pos="X">Пия</wf>
         <instance id="d000.s9058.t000" lemma="кафе" pos="NOUN">кафе</instance>
         <wf lemma="." pos="X">.</wf>
      </sentence>
      <sentence id="d000.s9059" source="wordnet-bulgarian">
         <wf lemma="оправям" pos="X">оправям</wf>
         <wf lemma="си" pos="X">си</wf>
         <instance id="d000.s9059.t000" lemma="легло" pos="NOUN">леглото</instance>
         <wf lemma="." pos="X">.</wf>
      </sentence>
      <sentence id="d000.s9060" source="wordnet-bulgarian">
         <wf lemma="Пчелите" pos="X">Пчелите</wf>
         <wf lemma="преработват" pos="X">преработват</wf>
         <wf lemma="пренесения" pos="X">пренесения</wf>
         <wf lemma="нектар" pos="X">нектар</wf>
         <wf lemma="в" pos="X">в</wf>
         <instance id="d000.s9060.t000" lemma="мед" pos="NOUN">мед</instance>
         <wf lemma="." pos="X">.</wf>
      </sentence>
      <sentence id="d000.s9061" source="wordnet-bulgarian">
         <wf lemma="детски" pos="X">детски</wf>
         <instance id="d000.s9061.t000" lemma="панталон" pos="NOUN">панталон</instance>
         <wf lemma="." pos="X">.</wf>
      </sentence>
      <sentence id="d000.s9062" source="wordnet-bulgarian">
         <wf lemma="ценови" pos="X">ценови</wf>
         <instance id="d000.s9062.t000" lemma="колебание" pos="NOUN">колебания</instance>
         <wf lemma="." pos="X">.</wf>
      </sentence>
      <sentence id="d000.s9063" source="wordnet-bulgarian">
         <wf lemma="прелиствам" pos="X">прелиствам</wf>
         <instance id="d000.s9063.t000" lemma="бележник" pos="NOUN">бележник</instance>
         <wf lemma="." pos="X">.</wf>
      </sentence>
      <sentence id="d000.s9064" source="wordnet-bulgarian">
         <instance id="d000.s9064.t000" lemma="заем" pos="NOUN">заем</instance>
         <wf lemma="към" pos="X">към</wf>
         <wf lemma="банка" pos="X">банка</wf>
         <wf lemma="." pos="X">.</wf>
      </sentence>
      <sentence id="d000.s9065" source="wordnet-bulgarian">
         <instance id="d000.s9065.t000" lemma="температура" pos="NOUN">Температурата</instance>
         <wf lemma="пада" pos="X">пада</wf>
         <wf lemma="." pos="X">.</wf>
      </sentence>
      <sentence id="d000.s9066" source="wordnet-bulgarian">
         <wf lemma="командвам" pos="X">командвам</wf>
         <instance id="d000.s9066.t000" lemma="взвод" pos="NOUN">взвод</instance>
         <wf lemma="." pos="X">.</wf>
      </sentence>
      <sentence id="d000.s9067" source="wordnet-bulgarian">
         <wf lemma="Обичам" pos="X">Обичам</wf>
         <wf lemma="да" pos="X">да</wf>
         <instance id="d000.s9067.t000" lemma="готвя" pos="VERB">готвя</instance>
         <wf lemma="." pos="X">.</wf>
      </sentence>
      <sentence id="d000.s9068" source="wordnet-bulgarian">
         <wf lemma="Досега" pos="X">Досега</wf>
         <wf lemma="не" pos="X">не</wf>
         <wf lemma="съм" pos="X">съм</wf>
         <instance id="d000.s9068.t000" lemma="предполагам" pos="VERB">предполагал</instance>
         <wf lemma="подобно" pos="X">подобно</wf>
         <wf lemma="нещо" pos="X">нещо</wf>
         <wf lemma="." pos="X">.</wf>
      </sentence>
      <sentence id="d000.s9069" source="wordnet-bulgarian">
         <wf lemma="благородна" pos="X">благородна</wf>
         <instance id="d000.s9069.t000" lemma="амбиция" pos="NOUN">амбиция</instance>
         <wf lemma="." pos="X">.</wf>
      </sentence>
      <sentence id="d000.s9070" source="wordnet-bulgarian">
         <wf lemma="разговорен" pos="X">разговорен</wf>
         <instance id="d000.s9070.t000" lemma="език" pos="NOUN">език</instance>
         <wf lemma="." pos="X">.</wf>
      </sentence>
      <sentence id="d000.s9071" source="wordnet-bulgarian">
         <wf lemma="при" pos="X">при</wf>
         <wf lemma="добро" pos="X">добро</wf>
         <instance id="d000.s9071.t000" lemma="желание" pos="NOUN">желание</instance>
         <wf lemma="." pos="X">.</wf>
      </sentence>
      <sentence id="d000.s9072" source="wordnet-bulgarian">
         <wf lemma="Редовно" pos="X">Редовно</wf>
         <wf lemma="си" pos="X">си</wf>
         <wf lemma="плащам" pos="X">плащам</wf>
         <instance id="d000.s9072.t000" lemma="данък" pos="NOUN">данъците</instance>
         <wf lemma="." pos="X">.</wf>
      </sentence>
      <sentence id="d000.s9073" source="wordnet-bulgarian">
         <wf lemma="отворих" pos="X">отворих</wf>
         <instance id="d000.s9073.t000" lemma="кутия" pos="NOUN">кутията</instance>
         <wf lemma="." pos="X">.</wf>
      </sentence>
      <sentence id="d000.s9074" source="wordnet-bulgarian">
         <wf lemma="семе" pos="X">семе</wf>
         <wf lemma="за" pos="X">за</wf>
         <instance id="d000.s9074.t000" lemma="пипер" pos="NOUN">пипер</instance>
         <wf lemma="." pos="X">.</wf>
      </sentence>
      <sentence id="d000.s9075" source="wordnet-bulgarian">
         <wf lemma="на" pos="X">на</wf>
         <wf lemma="върха" pos="X">върха</wf>
         <wf lemma="на" pos="X">на</wf>
         <instance id="d000.s9075.t000" lemma="нож" pos="NOUN">ножа</instance>
         <wf lemma="." pos="X">.</wf>
      </sentence>
      <sentence id="d000.s9076" source="wordnet-bulgarian">
         <wf lemma="пикочен" pos="X">пикочен</wf>
         <instance id="d000.s9076.t000" lemma="канал" pos="NOUN">канал</instance>
         <wf lemma="." pos="X">.</wf>
      </sentence>
      <sentence id="d000.s9077" source="wordnet-bulgarian">
         <instance id="d000.s9077.t000" lemma="цев" pos="NOUN">цев</instance>
         <wf lemma="на" pos="X">на</wf>
         <wf lemma="пушка" pos="X">пушка</wf>
         <wf lemma="." pos="X">.</wf>
      </sentence>
      <sentence id="d000.s9078" source="wordnet-bulgarian">
         <wf lemma="Често" pos="X">Често</wf>
         <wf lemma="ходя" pos="X">ходя</wf>
         <wf lemma="на" pos="X">на</wf>
         <instance id="d000.s9078.t000" lemma="гробище" pos="NOUN">гробища</instance>
         <wf lemma="." pos="X">.</wf>
      </sentence>
      <sentence id="d000.s9079" source="wordnet-bulgarian">
         <instance id="d000.s9079.t000" lemma="курс" pos="NOUN">курс</instance>
         <wf lemma="към" pos="X">към</wf>
         <wf lemma="морето" pos="X">морето</wf>
         <wf lemma="." pos="X">.</wf>
      </sentence>
      <sentence id="d000.s9080" source="wordnet-bulgarian">
         <wf lemma="гледам" pos="X">гледам</wf>
         <wf lemma="през" pos="X">през</wf>
         <instance id="d000.s9080.t000" lemma="прозорец" pos="NOUN">прозореца</instance>
         <wf lemma="." pos="X">.</wf>
      </sentence>
      <sentence id="d000.s9081" source="wordnet-bulgarian">
         <instance id="d000.s9081.t000" lemma="човек" pos="NOUN">човек</instance>
         <wf lemma="на" pos="X">на</wf>
         <wf lemma="света" pos="X">света</wf>
         <wf lemma="." pos="X">.</wf>
      </sentence>
      <sentence id="d000.s9082" source="wordnet-bulgarian">
         <wf lemma="малък" pos="X">малък</wf>
         <instance id="d000.s9082.t000" lemma="белег" pos="NOUN">белег</instance>
         <wf lemma="." pos="X">.</wf>
      </sentence>
      <sentence id="d000.s9083" source="wordnet-bulgarian">
         <wf lemma="летен" pos="X">летен</wf>
         <instance id="d000.s9083.t000" lemma="костюм" pos="NOUN">костюм</instance>
         <wf lemma="." pos="X">.</wf>
      </sentence>
      <sentence id="d000.s9084" source="wordnet-bulgarian">
         <wf lemma="дърпам" pos="X">дърпам</wf>
         <wf lemma="си" pos="X">си</wf>
         <wf lemma="от" pos="X">от</wf>
         <instance id="d000.s9084.t000" lemma="цигара" pos="NOUN">цигарата</instance>
         <wf lemma="." pos="X">.</wf>
      </sentence>
      <sentence id="d000.s9085" source="wordnet-bulgarian">
         <wf lemma="Предадох" pos="X">Предадох</wf>
         <wf lemma="цялата" pos="X">цялата</wf>
         <instance id="d000.s9085.t000" lemma="наличност" pos="NOUN">наличност</instance>
         <wf lemma="от" pos="X">от</wf>
         <wf lemma="пари" pos="X">пари</wf>
         <wf lemma="и" pos="X">и</wf>
         <wf lemma="материали" pos="X">материали</wf>
         <wf lemma="." pos="X">.</wf>
      </sentence>
      <sentence id="d000.s9086" source="wordnet-bulgarian">
         <wf lemma="по" pos="X">по</wf>
         <instance id="d000.s9086.t000" lemma="причина" pos="NOUN">причина</instance>
         <wf lemma="на" pos="X">на</wf>
         <wf lemma="." pos="X">.</wf>
      </sentence>
      <sentence id="d000.s9087" source="wordnet-bulgarian">
         <wf lemma="почиствам" pos="X">почиствам</wf>
         <instance id="d000.s9087.t000" lemma="апартамент" pos="NOUN">апартамента</instance>
         <wf lemma="си" pos="X">си</wf>
         <wf lemma="." pos="X">.</wf>
      </sentence>
      <sentence id="d000.s9088" source="wordnet-bulgarian">
         <wf lemma="отлична" pos="X">отлична</wf>
         <instance id="d000.s9088.t000" lemma="памет" pos="NOUN">памет</instance>
         <wf lemma="." pos="X">.</wf>
      </sentence>
      <sentence id="d000.s9089" source="wordnet-bulgarian">
         <wf lemma="горчива" pos="X">горчива</wf>
         <instance id="d000.s9089.t000" lemma="истина" pos="NOUN">истина</instance>
         <wf lemma="." pos="X">.</wf>
      </sentence>
      <sentence id="d000.s9090" source="wordnet-bulgarian">
         <instance id="d000.s9090.t000" lemma="лов" pos="NOUN">Ловът</instance>
         <wf lemma="на" pos="X">на</wf>
         <wf lemma="зайци" pos="X">зайци</wf>
         <wf lemma="е" pos="X">е</wf>
         <wf lemma="забранен" pos="X">забранен</wf>
         <wf lemma="." pos="X">.</wf>
      </sentence>
      <sentence id="d000.s9091" source="wordnet-bulgarian">
         <instance id="d000.s9091.t000" lemma="снабдя" pos="VERB">Снабдих</instance>
         <wf lemma="го" pos="X">го</wf>
         <wf lemma="с" pos="X">с</wf>
         <wf lemma="дрехи" pos="X">дрехи</wf>
         <wf lemma="и" pos="X">и</wf>
         <wf lemma="обувки" pos="X">обувки</wf>
         <wf lemma="." pos="X">.</wf>
      </sentence>
      <sentence id="d000.s9092" source="wordnet-bulgarian">
         <wf lemma="дебели" pos="X">дебели</wf>
         <instance id="d000.s9092.t000" lemma="вежда" pos="NOUN">вежди</instance>
         <wf lemma="." pos="X">.</wf>
      </sentence>
      <sentence id="d000.s9093" source="wordnet-bulgarian">
         <wf lemma="пукнато" pos="X">пукнато</wf>
         <instance id="d000.s9093.t000" lemma="ребро" pos="NOUN">ребро</instance>
         <wf lemma="." pos="X">.</wf>
      </sentence>
      <sentence id="d000.s9094" source="wordnet-bulgarian">
         <wf lemma="спален" pos="X">спален</wf>
         <instance id="d000.s9094.t000" lemma="вагон" pos="NOUN">вагон</instance>
         <wf lemma="." pos="X">.</wf>
      </sentence>
      <sentence id="d000.s9095" source="wordnet-bulgarian">
         <instance id="d000.s9095.t000" lemma="проверявам" pos="VERB">проверявам</instance>
         <wf lemma="правопис" pos="X">правопис</wf>
         <wf lemma="." pos="X">.</wf>
      </sentence>
      <sentence id="d000.s9096" source="wordnet-bulgarian">
         <wf lemma="надвесвам" pos="X">надвесвам</wf>
         <wf lemma="се" pos="X">се</wf>
         <wf lemma="над" pos="X">над</wf>
         <instance id="d000.s9096.t000" lemma="балкон" pos="NOUN">балкона</instance>
         <wf lemma="." pos="X">.</wf>
      </sentence>
      <sentence id="d000.s9097" source="wordnet-bulgarian">
         <wf lemma="любезна" pos="X">любезна</wf>
         <instance id="d000.s9097.t000" lemma="покана" pos="NOUN">покана</instance>
         <wf lemma="." pos="X">.</wf>
      </sentence>
      <sentence id="d000.s9098" source="wordnet-bulgarian">
         <wf lemma="Имам" pos="X">Имам</wf>
         <instance id="d000.s9098.t000" lemma="стремеж" pos="NOUN">стремежи</instance>
         <wf lemma="." pos="X">.</wf>
      </sentence>
      <sentence id="d000.s9099" source="wordnet-bulgarian">
         <wf lemma="е" pos="X">е</wf>
         <instance id="d000.s9099.t000" lemma="причина" pos="NOUN">причина</instance>
         <wf lemma="за" pos="X">за</wf>
         <wf lemma="." pos="X">.</wf>
      </sentence>
      <sentence id="d000.s9100" source="wordnet-bulgarian">
         <instance id="d000.s9100.t000" lemma="бележка" pos="NOUN">бележка</instance>
         <wf lemma="до." pos="X">до.</wf>
      </sentence>
      <sentence id="d000.s9101" source="wordnet-bulgarian">
         <instance id="d000.s9101.t000" lemma="списък" pos="NOUN">списък</instance>
         <wf lemma="с" pos="X">с</wf>
         <wf lemma="имена" pos="X">имена</wf>
         <wf lemma="." pos="X">.</wf>
      </sentence>
      <sentence id="d000.s9102" source="wordnet-bulgarian">
         <wf lemma="Къде" pos="X">Къде</wf>
         <wf lemma="е" pos="X">е</wf>
         <instance id="d000.s9102.t000" lemma="домакиня" pos="NOUN">домакинята</instance>
         <wf lemma="?" pos="X">?</wf>
      </sentence>
      <sentence id="d000.s9103" source="wordnet-bulgarian">
         <wf lemma="затварям" pos="X">затварям</wf>
         <instance id="d000.s9103.t000" lemma="порта" pos="NOUN">портата</instance>
         <wf lemma="." pos="X">.</wf>
      </sentence>
      <sentence id="d000.s9104" source="wordnet-bulgarian">
         <wf lemma="футболен" pos="X">футболен</wf>
         <instance id="d000.s9104.t000" lemma="мач" pos="NOUN">мач</instance>
         <wf lemma="." pos="X">.</wf>
      </sentence>
      <sentence id="d000.s9105" source="wordnet-bulgarian">
         <wf lemma="сочен" pos="X">сочен</wf>
         <wf lemma="и" pos="X">и</wf>
         <wf lemma="ароматен" pos="X">ароматен</wf>
         <instance id="d000.s9105.t000" lemma="плод" pos="NOUN">плод</instance>
         <wf lemma="." pos="X">.</wf>
      </sentence>
      <sentence id="d000.s9106" source="wordnet-bulgarian">
         <wf lemma="говоря" pos="X">говоря</wf>
         <wf lemma="с" pos="X">с</wf>
         <instance id="d000.s9106.t000" lemma="жест" pos="NOUN">жестове</instance>
         <wf lemma="." pos="X">.</wf>
      </sentence>
      <sentence id="d000.s9107" source="wordnet-bulgarian">
         <wf lemma="Кимам" pos="X">Кимам</wf>
         <instance id="d000.s9107.t000" lemma="глава" pos="NOUN">глава</instance>
         <wf lemma="одобрително" pos="X">одобрително</wf>
         <wf lemma="." pos="X">.</wf>
      </sentence>
      <sentence id="d000.s9108" source="wordnet-bulgarian">
         <wf lemma="солена" pos="X">солена</wf>
         <instance id="d000.s9108.t000" lemma="вода" pos="NOUN">вода</instance>
         <wf lemma="." pos="X">.</wf>
      </sentence>
      <sentence id="d000.s9109" source="wordnet-bulgarian">
         <wf lemma="производство" pos="X">производство</wf>
         <wf lemma="на" pos="X">на</wf>
         <instance id="d000.s9109.t000" lemma="желязо" pos="NOUN">желязо</instance>
         <wf lemma="." pos="X">.</wf>
      </sentence>
      <sentence id="d000.s9110" source="wordnet-bulgarian">
         <instance id="d000.s9110.t000" lemma="пълен" pos="ADJ">пълна</instance>
         <wf lemma="зала" pos="X">зала</wf>
         <wf lemma="." pos="X">.</wf>
      </sentence>
      <sentence id="d000.s9111" source="wordnet-bulgarian">
         <wf lemma="проводяща" pos="X">проводяща</wf>
         <instance id="d000.s9111.t000" lemma="тъкан" pos="NOUN">тъкан</instance>
         <wf lemma="." pos="X">.</wf>
      </sentence>
      <sentence id="d000.s9112" source="wordnet-bulgarian">
         <wf lemma="добро" pos="X">добро</wf>
         <instance id="d000.s9112.t000" lemma="известие" pos="NOUN">известие</instance>
         <wf lemma="." pos="X">.</wf>
      </sentence>
      <sentence id="d000.s9113" source="wordnet-bulgarian">
         <wf lemma="изорана" pos="X">изорана</wf>
         <instance id="d000.s9113.t000" lemma="ниво" pos="NOUN">нива</instance>
         <wf lemma="." pos="X">.</wf>
      </sentence>
      <sentence id="d000.s9114" source="wordnet-bulgarian">
         <instance id="d000.s9114.t000" lemma="резултат" pos="NOUN">резултат</instance>
         <wf lemma="от" pos="X">от</wf>
         <wf lemma="войната" pos="X">войната</wf>
         <wf lemma="." pos="X">.</wf>
      </sentence>
      <sentence id="d000.s9115" source="wordnet-bulgarian">
         <instance id="d000.s9115.t000" lemma="пумпал" pos="NOUN">Пумпалът</instance>
         <wf lemma="е" pos="X">е</wf>
         <wf lemma="любима" pos="X">любима</wf>
         <wf lemma="играчка" pos="X">играчка</wf>
         <wf lemma="за" pos="X">за</wf>
         <wf lemma="децата" pos="X">децата</wf>
         <wf lemma="." pos="X">.</wf>
      </sentence>
      <sentence id="d000.s9116" source="wordnet-bulgarian">
         <wf lemma="културна" pos="X">културна</wf>
         <instance id="d000.s9116.t000" lemma="дейност" pos="NOUN">дейност</instance>
         <wf lemma="." pos="X">.</wf>
      </sentence>
      <sentence id="d000.s9117" source="wordnet-bulgarian">
         <wf lemma="верен" pos="X">верен</wf>
         <instance id="d000.s9117.t000" lemma="приятел" pos="NOUN">приятел</instance>
         <wf lemma="." pos="X">.</wf>
      </sentence>
      <sentence id="d000.s9118" source="wordnet-bulgarian">
         <wf lemma="Давам" pos="X">Давам</wf>
         <instance id="d000.s9118.t000" lemma="етаж" pos="NOUN">етаж</instance>
         <wf lemma="под" pos="X">под</wf>
         <wf lemma="наем" pos="X">наем</wf>
         <wf lemma="." pos="X">.</wf>
      </sentence>
      <sentence id="d000.s9119" source="wordnet-bulgarian">
         <wf lemma="с" pos="X">с</wf>
         <wf lemma="голяма" pos="X">голяма</wf>
         <instance id="d000.s9119.t000" lemma="вярност" pos="NOUN">вярност</instance>
         <wf lemma="." pos="X">.</wf>
      </sentence>
      <sentence id="d000.s9120" source="wordnet-bulgarian">
         <wf lemma="в" pos="X">в</wf>
         <instance id="d000.s9120.t000" lemma="основа" pos="NOUN">основата</instance>
         <wf lemma="на" pos="X">на</wf>
         <wf lemma="." pos="X">.</wf>
      </sentence>
      <sentence id="d000.s9121" source="wordnet-bulgarian">
         <instance id="d000.s9121.t000" lemma="вероятност" pos="NOUN">Вероятност</instance>
         <wf lemma="за" pos="X">за</wf>
         <wf lemma="успех" pos="X">успех</wf>
         <wf lemma="имаше" pos="X">имаше</wf>
         <wf lemma="и" pos="X">и</wf>
         <wf lemma="едната" pos="X">едната</wf>
         <wf lemma="," pos="X">,</wf>
         <wf lemma="и" pos="X">и</wf>
         <wf lemma="другата" pos="X">другата</wf>
         <wf lemma="страна" pos="X">страна</wf>
         <wf lemma="." pos="X">.</wf>
      </sentence>
      <sentence id="d000.s9122" source="wordnet-bulgarian">
         <wf lemma="Само" pos="X">Само</wf>
         <wf lemma="една" pos="X">една</wf>
         <instance id="d000.s9122.t000" lemma="крачка" pos="NOUN">крачка</instance>
         <wf lemma="го" pos="X">го</wf>
         <wf lemma="делеше" pos="X">делеше</wf>
         <wf lemma="от" pos="X">от</wf>
         <wf lemma="пропастта" pos="X">пропастта</wf>
         <wf lemma="." pos="X">.</wf>
      </sentence>
      <sentence id="d000.s9123" source="wordnet-bulgarian">
         <wf lemma="медицинска" pos="X">медицинска</wf>
         <instance id="d000.s9123.t000" lemma="помощ" pos="NOUN">помощ</instance>
         <wf lemma="." pos="X">.</wf>
      </sentence>
      <sentence id="d000.s9124" source="wordnet-bulgarian">
         <wf lemma="безмоторен" pos="X">безмоторен</wf>
         <instance id="d000.s9124.t000" lemma="самолет" pos="NOUN">самолет</instance>
         <wf lemma="." pos="X">.</wf>
      </sentence>
      <sentence id="d000.s9125" source="wordnet-bulgarian">
         <wf lemma="характерни" pos="X">характерни</wf>
         <instance id="d000.s9125.t000" lemma="черта" pos="NOUN">черти</instance>
         <wf lemma="." pos="X">.</wf>
      </sentence>
      <sentence id="d000.s9126" source="wordnet-bulgarian">
         <wf lemma="Няма" pos="X">Няма</wf>
         <wf lemma="място" pos="X">място</wf>
         <wf lemma="на" pos="X">на</wf>
         <instance id="d000.s9126.t000" lemma="паркинг" pos="NOUN">паркинга</instance>
         <wf lemma="." pos="X">.</wf>
      </sentence>
      <sentence id="d000.s9127" source="wordnet-bulgarian">
         <instance id="d000.s9127.t000" lemma="отпечатък" pos="NOUN">отпечатъци</instance>
         <wf lemma="от" pos="X">от</wf>
         <wf lemma="лапи" pos="X">лапи</wf>
         <wf lemma="." pos="X">.</wf>
      </sentence>
      <sentence id="d000.s9128" source="wordnet-bulgarian">
         <wf lemma="Стига" pos="X">Стига</wf>
         <wf lemma="си" pos="X">си</wf>
         <instance id="d000.s9128.t000" lemma="викам" pos="VERB">викал</instance>
         <wf lemma="." pos="X">.</wf>
      </sentence>
      <sentence id="d000.s9129" source="wordnet-bulgarian">
         <wf lemma="свята" pos="X">свята</wf>
         <instance id="d000.s9129.t000" lemma="истина" pos="NOUN">истина</instance>
         <wf lemma="." pos="X">.</wf>
      </sentence>
      <sentence id="d000.s9130" source="wordnet-bulgarian">
         <wf lemma="Бебето" pos="X">Бебето</wf>
         <wf lemma="е" pos="X">е</wf>
         <instance id="d000.s9130.t000" lemma="момиче" pos="NOUN">момиче</instance>
         <wf lemma="." pos="X">.</wf>
      </sentence>
      <sentence id="d000.s9131" source="wordnet-bulgarian">
         <instance id="d000.s9131.t000" lemma="марс" pos="NOUN">Марс</instance>
         <wf lemma="има" pos="X">има</wf>
         <wf lemma="два" pos="X">два</wf>
         <wf lemma="спътника" pos="X">спътника</wf>
         <wf lemma="." pos="X">.</wf>
      </sentence>
      <sentence id="d000.s9132" source="wordnet-bulgarian">
         <instance id="d000.s9132.t000" lemma="пчела" pos="NOUN">пчела</instance>
         <wf lemma="майка" pos="X">майка</wf>
         <wf lemma="." pos="X">.</wf>
      </sentence>
      <sentence id="d000.s9133" source="wordnet-bulgarian">
         <instance id="d000.s9133.t000" lemma="политик" pos="NOUN">политик</instance>
         <wf lemma="демократ" pos="X">демократ</wf>
         <wf lemma="." pos="X">.</wf>
      </sentence>
      <sentence id="d000.s9134" source="wordnet-bulgarian">
         <wf lemma="правя" pos="X">правя</wf>
         <instance id="d000.s9134.t000" lemma="изкуство" pos="NOUN">изкуство</instance>
         <wf lemma="." pos="X">.</wf>
      </sentence>
      <sentence id="d000.s9135" source="wordnet-bulgarian">
         <wf lemma="Събирам" pos="X">Събирам</wf>
         <instance id="d000.s9135.t000" lemma="помощ" pos="NOUN">помощи</instance>
         <wf lemma="за" pos="X">за</wf>
         <wf lemma="пострадалите" pos="X">пострадалите</wf>
         <wf lemma="от" pos="X">от</wf>
         <wf lemma="земетресението" pos="X">земетресението</wf>
         <wf lemma="." pos="X">.</wf>
      </sentence>
      <sentence id="d000.s9136" source="wordnet-bulgarian">
         <wf lemma="преди" pos="X">преди</wf>
         <instance id="d000.s9136.t000" lemma="зазоряване" pos="NOUN">зазоряване</instance>
         <wf lemma="." pos="X">.</wf>
      </sentence>
      <sentence id="d000.s9137" source="wordnet-bulgarian">
         <wf lemma="полагам" pos="X">полагам</wf>
         <instance id="d000.s9137.t000" lemma="грижа" pos="NOUN">грижи</instance>
         <wf lemma="за" pos="X">за</wf>
         <wf lemma="болния" pos="X">болния</wf>
         <wf lemma="." pos="X">.</wf>
      </sentence>
      <sentence id="d000.s9138" source="wordnet-bulgarian">
         <wf lemma="Днес" pos="X">Днес</wf>
         <wf lemma="имам" pos="X">имам</wf>
         <wf lemma="много" pos="X">много</wf>
         <instance id="d000.s9138.t000" lemma="задача" pos="NOUN">задачи</instance>
         <wf lemma="." pos="X">.</wf>
      </sentence>
      <sentence id="d000.s9139" source="wordnet-bulgarian">
         <wf lemma="Няколко" pos="X">Няколко</wf>
         <wf lemma="дена" pos="X">дена</wf>
         <instance id="d000.s9139.t000" lemma="стоя" pos="VERB">стоях</instance>
         <wf lemma="на" pos="X">на</wf>
         <wf lemma="село" pos="X">село</wf>
         <wf lemma="." pos="X">.</wf>
      </sentence>
      <sentence id="d000.s9140" source="wordnet-bulgarian">
         <wf lemma="семеен" pos="X">семеен</wf>
         <instance id="d000.s9140.t000" lemma="бизнес" pos="NOUN">бизнес</instance>
         <wf lemma="." pos="X">.</wf>
      </sentence>
      <sentence id="d000.s9141" source="wordnet-bulgarian">
         <instance id="d000.s9141.t000" lemma="оборудване" pos="NOUN">оборудване</instance>
         <wf lemma="за" pos="X">за</wf>
         <wf lemma="магазин" pos="X">магазин</wf>
         <wf lemma="." pos="X">.</wf>
      </sentence>
      <sentence id="d000.s9142" source="wordnet-bulgarian">
         <instance id="d000.s9142.t000" lemma="растеж" pos="NOUN">растеж</instance>
         <wf lemma="на" pos="X">на</wf>
         <wf lemma="производството" pos="X">производството</wf>
         <wf lemma="." pos="X">.</wf>
      </sentence>
      <sentence id="d000.s9143" source="wordnet-bulgarian">
         <wf lemma="актуална" pos="X">актуална</wf>
         <instance id="d000.s9143.t000" lemma="новина" pos="NOUN">новина</instance>
         <wf lemma="." pos="X">.</wf>
      </sentence>
      <sentence id="d000.s9144" source="wordnet-bulgarian">
         <wf lemma="закрито" pos="X">закрито</wf>
         <instance id="d000.s9144.t000" lemma="заседание" pos="NOUN">заседание</instance>
         <wf lemma="." pos="X">.</wf>
      </sentence>
      <sentence id="d000.s9145" source="wordnet-bulgarian">
         <wf lemma="Без" pos="X">Без</wf>
         <instance id="d000.s9145.t000" lemma="паника" pos="NOUN">паника</instance>
         <wf lemma="!" pos="X">!</wf>
      </sentence>
      <sentence id="d000.s9146" source="wordnet-bulgarian">
         <wf lemma="кръвопролитно" pos="X">кръвопролитно</wf>
         <instance id="d000.s9146.t000" lemma="сражение" pos="NOUN">сражение</instance>
         <wf lemma="." pos="X">.</wf>
      </sentence>
      <sentence id="d000.s9147" source="wordnet-bulgarian">
         <wf lemma="лятна" pos="X">лятна</wf>
         <instance id="d000.s9147.t000" lemma="вечер" pos="NOUN">вечер</instance>
         <wf lemma="." pos="X">.</wf>
      </sentence>
      <sentence id="d000.s9148" source="wordnet-bulgarian">
         <wf lemma="нетърпима" pos="X">нетърпима</wf>
         <instance id="d000.s9148.t000" lemma="болка" pos="NOUN">болка</instance>
         <wf lemma="." pos="X">.</wf>
      </sentence>
      <sentence id="d000.s9149" source="wordnet-bulgarian">
         <wf lemma="проблясват" pos="X">проблясват</wf>
         <instance id="d000.s9149.t000" lemma="мълния" pos="NOUN">мълнии</instance>
         <wf lemma="." pos="X">.</wf>
      </sentence>
      <sentence id="d000.s9150" source="wordnet-bulgarian">
         <wf lemma="обявявам" pos="X">обявявам</wf>
         <wf lemma="за" pos="X">за</wf>
         <instance id="d000.s9150.t000" lemma="продажба" pos="NOUN">продажба</instance>
         <wf lemma="." pos="X">.</wf>
      </sentence>
      <sentence id="d000.s9151" source="wordnet-bulgarian">
         <wf lemma="Телевизията" pos="X">Телевизията</wf>
         <wf lemma="ни" pos="X">ни</wf>
         <wf lemma="залива" pos="X">залива</wf>
         <wf lemma="с" pos="X">с</wf>
         <wf lemma="всякакви" pos="X">всякакви</wf>
         <instance id="d000.s9151.t000" lemma="реклама" pos="NOUN">реклами</instance>
         <wf lemma="." pos="X">.</wf>
      </sentence>
      <sentence id="d000.s9152" source="wordnet-bulgarian">
         <instance id="d000.s9152.t000" lemma="въздействие" pos="NOUN">въздействие</instance>
         <wf lemma="на" pos="X">на</wf>
         <wf lemma="." pos="X">.</wf>
      </sentence>
      <sentence id="d000.s9153" source="wordnet-bulgarian">
         <wf lemma="вдигам" pos="X">вдигам</wf>
         <instance id="d000.s9153.t000" lemma="бунт" pos="NOUN">бунт</instance>
         <wf lemma="." pos="X">.</wf>
      </sentence>
      <sentence id="d000.s9154" source="wordnet-bulgarian">
         <wf lemma="наказателни" pos="X">наказателни</wf>
         <instance id="d000.s9154.t000" lemma="мярка" pos="NOUN">мерки</instance>
         <wf lemma="." pos="X">.</wf>
      </sentence>
      <sentence id="d000.s9155" source="wordnet-bulgarian">
         <wf lemma="участвам" pos="X">участвам</wf>
         <wf lemma="в" pos="X">в</wf>
         <instance id="d000.s9155.t000" lemma="сражение" pos="NOUN">сражение</instance>
         <wf lemma="." pos="X">.</wf>
      </sentence>
      <sentence id="d000.s9156" source="wordnet-bulgarian">
         <instance id="d000.s9156.t000" lemma="дете" pos="NOUN">Децата</instance>
         <wf lemma="са" pos="X">са</wf>
         <wf lemma="най-хубавото" pos="X">най-хубавото</wf>
         <wf lemma="нещо" pos="X">нещо</wf>
         <wf lemma="в" pos="X">в</wf>
         <wf lemma="живота" pos="X">живота</wf>
         <wf lemma="на" pos="X">на</wf>
         <wf lemma="човека" pos="X">човека</wf>
         <wf lemma="." pos="X">.</wf>
      </sentence>
      <sentence id="d000.s9157" source="wordnet-bulgarian">
         <wf lemma="Лятно" pos="X">Лятно</wf>
         <wf lemma="време" pos="X">време</wf>
         <wf lemma="спя" pos="X">спя</wf>
         <wf lemma="на" pos="X">на</wf>
         <instance id="d000.s9157.t000" lemma="тераса" pos="NOUN">терасата</instance>
         <wf lemma="." pos="X">.</wf>
      </sentence>
      <sentence id="d000.s9158" source="wordnet-bulgarian">
         <wf lemma="дългосрочен" pos="X">дългосрочен</wf>
         <instance id="d000.s9158.t000" lemma="кредит" pos="NOUN">кредит</instance>
         <wf lemma="." pos="X">.</wf>
      </sentence>
      <sentence id="d000.s9159" source="wordnet-bulgarian">
         <wf lemma="Софийска" pos="X">Софийска</wf>
         <instance id="d000.s9159.t000" lemma="област" pos="NOUN">област</instance>
         <wf lemma="." pos="X">.</wf>
      </sentence>
      <sentence id="d000.s9160" source="wordnet-bulgarian">
         <instance id="d000.s9160.t000" lemma="атака" pos="NOUN">Атаката</instance>
         <wf lemma="започна" pos="X">започна</wf>
         <wf lemma="рано" pos="X">рано</wf>
         <wf lemma="сутринта" pos="X">сутринта</wf>
         <wf lemma="." pos="X">.</wf>
      </sentence>
      <sentence id="d000.s9161" source="wordnet-bulgarian">
         <wf lemma="Каква" pos="X">Каква</wf>
         <wf lemma="е" pos="X">е</wf>
         <wf lemma="вашата" pos="X">вашата</wf>
         <instance id="d000.s9161.t000" lemma="версия" pos="NOUN">версия</instance>
         <wf lemma="за" pos="X">за</wf>
         <wf lemma="станалото" pos="X">станалото</wf>
         <wf lemma="?" pos="X">?</wf>
      </sentence>
      <sentence id="d000.s9162" source="wordnet-bulgarian">
         <wf lemma="излагам" pos="X">излагам</wf>
         <wf lemma="на" pos="X">на</wf>
         <instance id="d000.s9162.t000" lemma="риск" pos="NOUN">риск</instance>
         <wf lemma="." pos="X">.</wf>
      </sentence>
      <sentence id="d000.s9163" source="wordnet-bulgarian">
         <wf lemma="памучен" pos="X">памучен</wf>
         <instance id="d000.s9163.t000" lemma="чаршаф" pos="NOUN">чаршаф</instance>
         <wf lemma="." pos="X">.</wf>
      </sentence>
      <sentence id="d000.s9164" source="wordnet-bulgarian">
         <wf lemma="слаба" pos="X">слаба</wf>
         <instance id="d000.s9164.t000" lemma="ръка" pos="NOUN">ръка</instance>
         <wf lemma="." pos="X">.</wf>
      </sentence>
      <sentence id="d000.s9165" source="wordnet-bulgarian">
         <wf lemma="управител" pos="X">управител</wf>
         <wf lemma="на" pos="X">на</wf>
         <instance id="d000.s9165.t000" lemma="банка" pos="NOUN">банка</instance>
         <wf lemma="." pos="X">.</wf>
      </sentence>
      <sentence id="d000.s9166" source="wordnet-bulgarian">
         <instance id="d000.s9166.t000" lemma="преминавам" pos="VERB">преминавам</instance>
         <wf lemma="шосе" pos="X">шосе</wf>
         <wf lemma="." pos="X">.</wf>
      </sentence>
      <sentence id="d000.s9167" source="wordnet-bulgarian">
         <wf lemma="голяма" pos="X">голяма</wf>
         <instance id="d000.s9167.t000" lemma="спалня" pos="NOUN">спалня</instance>
         <wf lemma="." pos="X">.</wf>
      </sentence>
      <sentence id="d000.s9168" source="wordnet-bulgarian">
         <instance id="d000.s9168.t000" lemma="защитавам" pos="VERB">Защитавам</instance>
         <wf lemma="крепост" pos="X">крепост</wf>
         <wf lemma="." pos="X">.</wf>
      </sentence>
      <sentence id="d000.s9169" source="wordnet-bulgarian">
         <wf lemma="ястие" pos="X">ястие</wf>
         <wf lemma="от" pos="X">от</wf>
         <instance id="d000.s9169.t000" lemma="риба" pos="NOUN">риба</instance>
         <wf lemma="." pos="X">.</wf>
      </sentence>
      <sentence id="d000.s9170" source="wordnet-bulgarian">
         <wf lemma="романизирана" pos="X">романизирана</wf>
         <instance id="d000.s9170.t000" lemma="биография" pos="NOUN">биография</instance>
         <wf lemma="." pos="X">.</wf>
      </sentence>
      <sentence id="d000.s9171" source="wordnet-bulgarian">
         <wf lemma="опъвам" pos="X">опъвам</wf>
         <instance id="d000.s9171.t000" lemma="палатка" pos="NOUN">палатката</instance>
         <wf lemma="." pos="X">.</wf>
      </sentence>
      <sentence id="d000.s9172" source="wordnet-bulgarian">
         <wf lemma="в" pos="X">в</wf>
         <wf lemma="началото" pos="X">началото</wf>
         <wf lemma="на" pos="X">на</wf>
         <instance id="d000.s9172.t000" lemma="седмица" pos="NOUN">седмицата</instance>
         <wf lemma="." pos="X">.</wf>
      </sentence>
      <sentence id="d000.s9173" source="wordnet-bulgarian">
         <wf lemma="кабелна" pos="X">кабелна</wf>
         <instance id="d000.s9173.t000" lemma="телевизия" pos="NOUN">телевизия</instance>
         <wf lemma="." pos="X">.</wf>
      </sentence>
      <sentence id="d000.s9174" source="wordnet-bulgarian">
         <wf lemma="изпращам" pos="X">изпращам</wf>
         <instance id="d000.s9174.t000" lemma="бележка" pos="NOUN">бележка</instance>
         <wf lemma="." pos="X">.</wf>
      </sentence>
      <sentence id="d000.s9175" source="wordnet-bulgarian">
         <wf lemma="второстепенна" pos="X">второстепенна</wf>
         <instance id="d000.s9175.t000" lemma="роля" pos="NOUN">роля</instance>
         <wf lemma="." pos="X">.</wf>
      </sentence>
      <sentence id="d000.s9176" source="wordnet-bulgarian">
         <wf lemma="Колко" pos="X">Колко</wf>
         <wf lemma="е" pos="X">е</wf>
         <instance id="d000.s9176.t000" lemma="сбор" pos="NOUN">сборът</instance>
         <wf lemma="на" pos="X">на</wf>
         <wf lemma="...." pos="X">....</wf>
         <wf lemma="?" pos="X">?</wf>
      </sentence>
      <sentence id="d000.s9177" source="wordnet-bulgarian">
         <wf lemma="От" pos="X">От</wf>
         <instance id="d000.s9177.t000" lemma="отчаяние" pos="NOUN">отчаяние</instance>
         <wf lemma="заплаках" pos="X">заплаках</wf>
         <wf lemma="." pos="X">.</wf>
      </sentence>
      <sentence id="d000.s9178" source="wordnet-bulgarian">
         <wf lemma="В" pos="X">В</wf>
         <wf lemma="спалнята" pos="X">спалнята</wf>
         <wf lemma="ще" pos="X">ще</wf>
         <wf lemma="има" pos="X">има</wf>
         <wf lemma="легло" pos="X">легло</wf>
         <wf lemma="," pos="X">,</wf>
         <instance id="d000.s9178.t000" lemma="скрин" pos="NOUN">скрин</instance>
         <wf lemma="и" pos="X">и</wf>
         <wf lemma="гардероб" pos="X">гардероб</wf>
         <wf lemma="." pos="X">.</wf>
      </sentence>
      <sentence id="d000.s9179" source="wordnet-bulgarian">
         <wf lemma="мраморно" pos="X">мраморно</wf>
         <instance id="d000.s9179.t000" lemma="стълбище" pos="NOUN">стълбище</instance>
         <wf lemma="." pos="X">.</wf>
      </sentence>
      <sentence id="d000.s9180" source="wordnet-bulgarian">
         <instance id="d000.s9180.t000" lemma="компютър" pos="NOUN">Компютърът</instance>
         <wf lemma="ми" pos="X">ми</wf>
         <wf lemma="е" pos="X">е</wf>
         <wf lemma="стар" pos="X">стар</wf>
         <wf lemma="." pos="X">.</wf>
      </sentence>
      <sentence id="d000.s9181" source="wordnet-bulgarian">
         <wf lemma="приятна" pos="X">приятна</wf>
         <instance id="d000.s9181.t000" lemma="миризма" pos="NOUN">миризма</instance>
         <wf lemma="на" pos="X">на</wf>
         <wf lemma="кафе" pos="X">кафе</wf>
         <wf lemma="." pos="X">.</wf>
      </sentence>
      <sentence id="d000.s9182" source="wordnet-bulgarian">
         <wf lemma="телеграфен" pos="X">телеграфен</wf>
         <instance id="d000.s9182.t000" lemma="стълб" pos="NOUN">стълб</instance>
         <wf lemma="." pos="X">.</wf>
      </sentence>
      <sentence id="d000.s9183" source="wordnet-bulgarian">
         <wf lemma="през" pos="X">през</wf>
         <wf lemma="този" pos="X">този</wf>
         <instance id="d000.s9183.t000" lemma="период" pos="NOUN">период</instance>
         <wf lemma="." pos="X">.</wf>
      </sentence>
      <sentence id="d000.s9184" source="wordnet-bulgarian">
         <wf lemma="малко" pos="X">малко</wf>
         <instance id="d000.s9184.t000" lemma="мазе" pos="NOUN">мазе</instance>
         <wf lemma="." pos="X">.</wf>
      </sentence>
      <sentence id="d000.s9185" source="wordnet-bulgarian">
         <wf lemma="брезентова" pos="X">брезентова</wf>
         <instance id="d000.s9185.t000" lemma="палатка" pos="NOUN">палатка</instance>
         <wf lemma="." pos="X">.</wf>
      </sentence>
      <sentence id="d000.s9186" source="wordnet-bulgarian">
         <wf lemma="Земетресенията" pos="X">Земетресенията</wf>
         <wf lemma="са" pos="X">са</wf>
         <wf lemma="постоянна" pos="X">постоянна</wf>
         <instance id="d000.s9186.t000" lemma="заплаха" pos="NOUN">заплаха</instance>
         <wf lemma="за" pos="X">за</wf>
         <wf lemma="Япония" pos="X">Япония</wf>
         <wf lemma="." pos="X">.</wf>
      </sentence>
      <sentence id="d000.s9187" source="wordnet-bulgarian">
         <wf lemma="Това" pos="X">Това</wf>
         <wf lemma="е" pos="X">е</wf>
         <wf lemma="моят" pos="X">моят</wf>
         <instance id="d000.s9187.t000" lemma="дом" pos="NOUN">дом</instance>
         <wf lemma="." pos="X">.</wf>
      </sentence>
      <sentence id="d000.s9188" source="wordnet-bulgarian">
         <wf lemma="давам" pos="X">давам</wf>
         <instance id="d000.s9188.t000" lemma="пример" pos="NOUN">пример</instance>
         <wf lemma="." pos="X">.</wf>
      </sentence>
      <sentence id="d000.s9189" source="wordnet-bulgarian">
         <wf lemma="Отпуснах" pos="X">Отпуснах</wf>
         <wf lemma="си" pos="X">си</wf>
         <instance id="d000.s9189.t000" lemma="глава" pos="NOUN">главата</instance>
         <wf lemma="и" pos="X">и</wf>
         <wf lemma="заспах" pos="X">заспах</wf>
         <wf lemma="." pos="X">.</wf>
      </sentence>
      <sentence id="d000.s9190" source="wordnet-bulgarian">
         <wf lemma="тавански" pos="X">тавански</wf>
         <instance id="d000.s9190.t000" lemma="етаж" pos="NOUN">етаж</instance>
         <wf lemma="." pos="X">.</wf>
      </sentence>
      <sentence id="d000.s9191" source="wordnet-bulgarian">
         <wf lemma="прозорец" pos="X">прозорец</wf>
         <wf lemma="на" pos="X">на</wf>
         <instance id="d000.s9191.t000" lemma="мазе" pos="NOUN">мазе</instance>
         <wf lemma="." pos="X">.</wf>
      </sentence>
      <sentence id="d000.s9192" source="wordnet-bulgarian">
         <instance id="d000.s9192.t000" lemma="делегация" pos="NOUN">Делегацията</instance>
         <wf lemma="се" pos="X">се</wf>
         <wf lemma="състоеше" pos="X">състоеше</wf>
         <wf lemma="от" pos="X">от</wf>
         <wf lemma="пет" pos="X">пет</wf>
         <wf lemma="човека" pos="X">човека</wf>
         <wf lemma="." pos="X">.</wf>
      </sentence>
      <sentence id="d000.s9193" source="wordnet-bulgarian">
         <wf lemma="Той" pos="X">Той</wf>
         <wf lemma="е" pos="X">е</wf>
         <wf lemma="в" pos="X">в</wf>
         <instance id="d000.s9193.t000" lemma="право" pos="NOUN">правото</instance>
         <wf lemma="си" pos="X">си</wf>
         <wf lemma="." pos="X">.</wf>
      </sentence>
      <sentence id="d000.s9194" source="wordnet-bulgarian">
         <wf lemma="по" pos="X">по</wf>
         <wf lemma="време" pos="X">време</wf>
         <wf lemma="на" pos="X">на</wf>
         <instance id="d000.s9194.t000" lemma="репетиция" pos="NOUN">репетицията</instance>
         <wf lemma="." pos="X">.</wf>
      </sentence>
      <sentence id="d000.s9195" source="wordnet-bulgarian">
         <wf lemma="закупена" pos="X">закупена</wf>
         <instance id="d000.s9195.t000" lemma="стока" pos="NOUN">стока</instance>
         <wf lemma="не" pos="X">не</wf>
         <wf lemma="се" pos="X">се</wf>
         <wf lemma="подменя" pos="X">подменя</wf>
         <wf lemma="." pos="X">.</wf>
      </sentence>
      <sentence id="d000.s9196" source="wordnet-bulgarian">
         <wf lemma="произвеждам" pos="X">произвеждам</wf>
         <instance id="d000.s9196.t000" lemma="мед" pos="NOUN">мед</instance>
         <wf lemma="." pos="X">.</wf>
      </sentence>
      <sentence id="d000.s9197" source="wordnet-bulgarian">
         <instance id="d000.s9197.t000" lemma="абонат" pos="NOUN">абонат</instance>
         <wf lemma="съм" pos="X">съм</wf>
         <wf lemma="на" pos="X">на</wf>
         <wf lemma="." pos="X">.</wf>
      </sentence>
      <sentence id="d000.s9198" source="wordnet-bulgarian">
         <wf lemma="силният" pos="X">силният</wf>
         <instance id="d000.s9198.t000" lemma="пол" pos="NOUN">пол</instance>
         <wf lemma="." pos="X">.</wf>
      </sentence>
      <sentence id="d000.s9199" source="wordnet-bulgarian">
         <wf lemma="писатели" pos="X">писатели</wf>
         <instance id="d000.s9199.t000" lemma="авангардист" pos="NOUN">авангардисти</instance>
         <wf lemma="." pos="X">.</wf>
      </sentence>
      <sentence id="d000.s9200" source="wordnet-bulgarian">
         <wf lemma="висока" pos="X">висока</wf>
         <instance id="d000.s9200.t000" lemma="оценка" pos="NOUN">оценка</instance>
         <wf lemma="." pos="X">.</wf>
      </sentence>
      <sentence id="d000.s9201" source="wordnet-bulgarian">
         <instance id="d000.s9201.t000" lemma="пола" pos="NOUN">Полата</instance>
         <wf lemma="й" pos="X">й</wf>
         <wf lemma="стои" pos="X">стои</wf>
         <wf lemma="страхотно" pos="X">страхотно</wf>
         <wf lemma="." pos="X">.</wf>
      </sentence>
      <sentence id="d000.s9202" source="wordnet-bulgarian">
         <wf lemma="прескачам" pos="X">прескачам</wf>
         <instance id="d000.s9202.t000" lemma="праг" pos="NOUN">прага</instance>
         <wf lemma="." pos="X">.</wf>
      </sentence>
      <sentence id="d000.s9203" source="wordnet-bulgarian">
         <wf lemma="през" pos="X">през</wf>
         <instance id="d000.s9203.t000" lemma="прозорец" pos="NOUN">прозореца</instance>
         <wf lemma="." pos="X">.</wf>
      </sentence>
      <sentence id="d000.s9204" source="wordnet-bulgarian">
         <instance id="d000.s9204.t000" lemma="тенис" pos="NOUN">тенис</instance>
         <wf lemma="на" pos="X">на</wf>
         <wf lemma="корт" pos="X">корт</wf>
         <wf lemma="." pos="X">.</wf>
      </sentence>
      <sentence id="d000.s9205" source="wordnet-bulgarian">
         <instance id="d000.s9205.t000" lemma="бия" pos="VERB">бия</instance>
         <wf lemma="по" pos="X">по</wf>
         <wf lemma="гърба" pos="X">гърба</wf>
         <wf lemma="." pos="X">.</wf>
      </sentence>
      <sentence id="d000.s9206" source="wordnet-bulgarian">
         <wf lemma="с" pos="X">с</wf>
         <wf lemma="голямо" pos="X">голямо</wf>
         <instance id="d000.s9206.t000" lemma="внимание" pos="NOUN">внимание</instance>
         <wf lemma="." pos="X">.</wf>
      </sentence>
      <sentence id="d000.s9207" source="wordnet-bulgarian">
         <wf lemma="има" pos="X">има</wf>
         <wf lemma="голяма" pos="X">голяма</wf>
         <instance id="d000.s9207.t000" lemma="вероятност" pos="NOUN">вероятност</instance>
         <wf lemma="да" pos="X">да</wf>
         <wf lemma="." pos="X">.</wf>
      </sentence>
      <sentence id="d000.s9208" source="wordnet-bulgarian">
         <wf lemma="издавам" pos="X">издавам</wf>
         <instance id="d000.s9208.t000" lemma="заповед" pos="NOUN">заповед</instance>
         <wf lemma="." pos="X">.</wf>
      </sentence>
      <sentence id="d000.s9209" source="wordnet-bulgarian">
         <wf lemma="практически" pos="X">практически</wf>
         <instance id="d000.s9209.t000" lemma="насока" pos="NOUN">насоки</instance>
         <wf lemma="." pos="X">.</wf>
      </sentence>
      <sentence id="d000.s9210" source="wordnet-bulgarian">
         <wf lemma="задни" pos="X">задни</wf>
         <instance id="d000.s9210.t000" lemma="зъб" pos="NOUN">зъби</instance>
         <wf lemma="." pos="X">.</wf>
      </sentence>
      <sentence id="d000.s9211" source="wordnet-bulgarian">
         <wf lemma="изпълнен" pos="X">изпълнен</wf>
         <wf lemma="съм" pos="X">съм</wf>
         <wf lemma="с" pos="X">с</wf>
         <instance id="d000.s9211.t000" lemma="презрение" pos="NOUN">презрение</instance>
         <wf lemma="към" pos="X">към</wf>
         <wf lemma="." pos="X">.</wf>
      </sentence>
      <sentence id="d000.s9212" source="wordnet-bulgarian">
         <wf lemma="Приятелите" pos="X">Приятелите</wf>
         <wf lemma="ми" pos="X">ми</wf>
         <wf lemma="почнаха" pos="X">почнаха</wf>
         <wf lemma="да" pos="X">да</wf>
         <wf lemma="ме" pos="X">ме</wf>
         <instance id="d000.s9212.t000" lemma="отбягвам" pos="VERB">отбягват</instance>
         <wf lemma="." pos="X">.</wf>
      </sentence>
      <sentence id="d000.s9213" source="wordnet-bulgarian">
         <instance id="d000.s9213.t000" lemma="замърсяване" pos="NOUN">замърсяването</instance>
         <wf lemma="на" pos="X">на</wf>
         <wf lemma="природата" pos="X">природата</wf>
         <wf lemma="води" pos="X">води</wf>
         <wf lemma="до" pos="X">до</wf>
         <wf lemma="екологични" pos="X">екологични</wf>
         <wf lemma="катастрофи" pos="X">катастрофи</wf>
         <wf lemma="." pos="X">.</wf>
      </sentence>
      <sentence id="d000.s9214" source="wordnet-bulgarian">
         <wf lemma="социална" pos="X">социална</wf>
         <instance id="d000.s9214.t000" lemma="роля" pos="NOUN">роля</instance>
         <wf lemma="." pos="X">.</wf>
      </sentence>
      <sentence id="d000.s9215" source="wordnet-bulgarian">
         <wf lemma="луксозна" pos="X">луксозна</wf>
         <instance id="d000.s9215.t000" lemma="вила" pos="NOUN">вила</instance>
         <wf lemma="." pos="X">.</wf>
      </sentence>
      <sentence id="d000.s9216" source="wordnet-bulgarian">
         <wf lemma="основателна" pos="X">основателна</wf>
         <instance id="d000.s9216.t000" lemma="аргументация" pos="NOUN">аргументация</instance>
         <wf lemma="." pos="X">.</wf>
      </sentence>
      <sentence id="d000.s9217" source="wordnet-bulgarian">
         <wf lemma="хуманна" pos="X">хуманна</wf>
         <instance id="d000.s9217.t000" lemma="цел" pos="NOUN">цел</instance>
         <wf lemma="." pos="X">.</wf>
      </sentence>
      <sentence id="d000.s9218" source="wordnet-bulgarian">
         <wf lemma="живея" pos="X">живея</wf>
         <wf lemma="в" pos="X">в</wf>
         <wf lemma="постоянен" pos="X">постоянен</wf>
         <instance id="d000.s9218.t000" lemma="стрес" pos="NOUN">стрес</instance>
         <wf lemma="." pos="X">.</wf>
      </sentence>
      <sentence id="d000.s9219" source="wordnet-bulgarian">
         <wf lemma="неочаквана" pos="X">неочаквана</wf>
         <instance id="d000.s9219.t000" lemma="случка" pos="NOUN">случка</instance>
         <wf lemma="." pos="X">.</wf>
      </sentence>
      <sentence id="d000.s9220" source="wordnet-bulgarian">
         <wf lemma="оперативна" pos="X">оперативна</wf>
         <instance id="d000.s9220.t000" lemma="памет" pos="NOUN">памет</instance>
         <wf lemma="." pos="X">.</wf>
      </sentence>
      <sentence id="d000.s9221" source="wordnet-bulgarian">
         <wf lemma="забавям" pos="X">забавям</wf>
         <instance id="d000.s9221.t000" lemma="скорост" pos="NOUN">скоростта</instance>
         <wf lemma="." pos="X">.</wf>
      </sentence>
      <sentence id="d000.s9222" source="wordnet-bulgarian">
         <wf lemma="по" pos="X">по</wf>
         <instance id="d000.s9222.t000" lemma="препоръка" pos="NOUN">препоръката</instance>
         <wf lemma="на" pos="X">на</wf>
         <wf lemma="." pos="X">.</wf>
      </sentence>
      <sentence id="d000.s9223" source="wordnet-bulgarian">
         <wf lemma="буржоазен" pos="X">буржоазен</wf>
         <instance id="d000.s9223.t000" lemma="манталитет" pos="NOUN">манталитет</instance>
         <wf lemma="." pos="X">.</wf>
      </sentence>
      <sentence id="d000.s9224" source="wordnet-bulgarian">
         <wf lemma="добра" pos="X">добра</wf>
         <instance id="d000.s9224.t000" lemma="партия" pos="NOUN">партия</instance>
         <wf lemma="." pos="X">.</wf>
      </sentence>
      <sentence id="d000.s9225" source="wordnet-bulgarian">
         <wf lemma="болка" pos="X">болка</wf>
         <wf lemma="в" pos="X">в</wf>
         <instance id="d000.s9225.t000" lemma="рамо" pos="NOUN">рамото</instance>
         <wf lemma="." pos="X">.</wf>
      </sentence>
      <sentence id="d000.s9226" source="wordnet-bulgarian">
         <wf lemma="отивам" pos="X">отивам</wf>
         <wf lemma="на" pos="X">на</wf>
         <instance id="d000.s9226.t000" lemma="репетиция" pos="NOUN">репетиция</instance>
         <wf lemma="." pos="X">.</wf>
      </sentence>
      <sentence id="d000.s9227" source="wordnet-bulgarian">
         <wf lemma="говореща" pos="X">говореща</wf>
         <instance id="d000.s9227.t000" lemma="кукла" pos="NOUN">кукла</instance>
         <wf lemma="." pos="X">.</wf>
      </sentence>
      <sentence id="d000.s9228" source="wordnet-bulgarian">
         <instance id="d000.s9228.t000" lemma="частица" pos="NOUN">частица</instance>
         <wf lemma="от" pos="X">от</wf>
         <wf lemma="." pos="X">.</wf>
      </sentence>
      <sentence id="d000.s9229" source="wordnet-bulgarian">
         <wf lemma="малко" pos="X">малко</wf>
         <instance id="d000.s9229.t000" lemma="парче" pos="NOUN">парче</instance>
         <wf lemma="от" pos="X">от</wf>
         <wf lemma="." pos="X">.</wf>
      </sentence>
      <sentence id="d000.s9230" source="wordnet-bulgarian">
         <wf lemma="Веднъж" pos="X">Веднъж</wf>
         <wf lemma="в" pos="X">в</wf>
         <wf lemma="годината" pos="X">годината</wf>
         <wf lemma="правехме" pos="X">правехме</wf>
         <instance id="d000.s9230.t000" lemma="баланс" pos="NOUN">баланс</instance>
         <wf lemma="," pos="X">,</wf>
         <wf lemma="за" pos="X">за</wf>
         <wf lemma="да" pos="X">да</wf>
         <wf lemma="разберем" pos="X">разберем</wf>
         <wf lemma="какви" pos="X">какви</wf>
         <wf lemma="са" pos="X">са</wf>
         <wf lemma="печалбите" pos="X">печалбите</wf>
         <wf lemma="и" pos="X">и</wf>
         <wf lemma="загубите" pos="X">загубите</wf>
         <wf lemma="." pos="X">.</wf>
      </sentence>
      <sentence id="d000.s9231" source="wordnet-bulgarian">
         <wf lemma="разтегнат" pos="X">разтегнат</wf>
         <instance id="d000.s9231.t000" lemma="мускул" pos="NOUN">мускул</instance>
         <wf lemma="." pos="X">.</wf>
      </sentence>
      <sentence id="d000.s9232" source="wordnet-bulgarian">
         <instance id="d000.s9232.t000" lemma="обмяна" pos="NOUN">обмяна</instance>
         <wf lemma="на" pos="X">на</wf>
         <wf lemma="валута" pos="X">валута</wf>
         <wf lemma="." pos="X">.</wf>
      </sentence>
      <sentence id="d000.s9233" source="wordnet-bulgarian">
         <wf lemma="по" pos="X">по</wf>
         <wf lemma="две" pos="X">две</wf>
         <instance id="d000.s9233.t000" lemma="порция" pos="NOUN">порции</instance>
         <wf lemma="за" pos="X">за</wf>
         <wf lemma="всеки" pos="X">всеки</wf>
         <wf lemma="." pos="X">.</wf>
      </sentence>
      <sentence id="d000.s9234" source="wordnet-bulgarian">
         <wf lemma="металически" pos="X">металически</wf>
         <instance id="d000.s9234.t000" lemma="блясък" pos="NOUN">блясък</instance>
         <wf lemma="." pos="X">.</wf>
      </sentence>
      <sentence id="d000.s9235" source="wordnet-bulgarian">
         <instance id="d000.s9235.t000" lemma="грижа" pos="NOUN">Грижа</instance>
         <wf lemma="ме" pos="X">ме</wf>
         <wf lemma="е" pos="X">е</wf>
         <wf lemma="за" pos="X">за</wf>
         <wf lemma="." pos="X">.</wf>
      </sentence>
      <sentence id="d000.s9236" source="wordnet-bulgarian">
         <instance id="d000.s9236.t000" lemma="изисквам" pos="VERB">Изисквам</instance>
         <wf lemma="много" pos="X">много</wf>
         <wf lemma="от" pos="X">от</wf>
         <wf lemma="подчинените" pos="X">подчинените</wf>
         <wf lemma="си" pos="X">си</wf>
         <wf lemma="." pos="X">.</wf>
      </sentence>
      <sentence id="d000.s9237" source="wordnet-bulgarian">
         <wf lemma="закачам" pos="X">закачам</wf>
         <wf lemma="на" pos="X">на</wf>
         <instance id="d000.s9237.t000" lemma="кука" pos="NOUN">кука</instance>
         <wf lemma="." pos="X">.</wf>
      </sentence>
      <sentence id="d000.s9238" source="wordnet-bulgarian">
         <wf lemma="По" pos="X">По</wf>
         <wf lemma="средата" pos="X">средата</wf>
         <wf lemma="на" pos="X">на</wf>
         <wf lemma="реката" pos="X">реката</wf>
         <wf lemma="се" pos="X">се</wf>
         <wf lemma="виждаше" pos="X">виждаше</wf>
         <wf lemma="малък" pos="X">малък</wf>
         <instance id="d000.s9238.t000" lemma="остров" pos="NOUN">остров</instance>
         <wf lemma="." pos="X">.</wf>
      </sentence>
      <sentence id="d000.s9239" source="wordnet-bulgarian">
         <wf lemma="На" pos="X">На</wf>
         <wf lemma="прозореца" pos="X">прозореца</wf>
         <wf lemma="ми" pos="X">ми</wf>
         <wf lemma="кацна" pos="X">кацна</wf>
         <wf lemma="някакво" pos="X">някакво</wf>
         <instance id="d000.s9239.t000" lemma="насекомо" pos="NOUN">насекомо</instance>
         <wf lemma="." pos="X">.</wf>
      </sentence>
      <sentence id="d000.s9240" source="wordnet-bulgarian">
         <wf lemma="поставям" pos="X">поставям</wf>
         <instance id="d000.s9240.t000" lemma="инжекция" pos="NOUN">инжекция</instance>
         <wf lemma="." pos="X">.</wf>
      </sentence>
      <sentence id="d000.s9241" source="wordnet-bulgarian">
         <wf lemma="завързвам" pos="X">завързвам</wf>
         <wf lemma="нови" pos="X">нови</wf>
         <instance id="d000.s9241.t000" lemma="познанство" pos="NOUN">познанства</instance>
         <wf lemma="." pos="X">.</wf>
      </sentence>
      <sentence id="d000.s9242" source="wordnet-bulgarian">
         <instance id="d000.s9242.t000" lemma="използвам" pos="VERB">Използвай</instance>
         <wf lemma="го" pos="X">го</wf>
         <wf lemma="за" pos="X">за</wf>
         <wf lemma="работа" pos="X">работа</wf>
         <wf lemma="." pos="X">.</wf>
      </sentence>
      <sentence id="d000.s9243" source="wordnet-bulgarian">
         <wf lemma="спускам" pos="X">спускам</wf>
         <instance id="d000.s9243.t000" lemma="бариера" pos="NOUN">бариера</instance>
         <wf lemma="." pos="X">.</wf>
      </sentence>
      <sentence id="d000.s9244" source="wordnet-bulgarian">
         <wf lemma="в" pos="X">в</wf>
         <wf lemma="края" pos="X">края</wf>
         <wf lemma="на" pos="X">на</wf>
         <wf lemma="първото" pos="X">първото</wf>
         <instance id="d000.s9244.t000" lemma="десетилетие" pos="NOUN">десетилетие</instance>
         <wf lemma="на" pos="X">на</wf>
         <wf lemma="." pos="X">.</wf>
      </sentence>
      <sentence id="d000.s9245" source="wordnet-bulgarian">
         <instance id="d000.s9245.t000" lemma="настояще" pos="NOUN">Настоящето</instance>
         <wf lemma="ни" pos="X">ни</wf>
         <wf lemma="е" pos="X">е</wf>
         <wf lemma="много" pos="X">много</wf>
         <wf lemma="еднообразно" pos="X">еднообразно</wf>
         <wf lemma="." pos="X">.</wf>
      </sentence>
      <sentence id="d000.s9246" source="wordnet-bulgarian">
         <wf lemma="спазвам" pos="X">спазвам</wf>
         <instance id="d000.s9246.t000" lemma="ритуал" pos="NOUN">ритуалите</instance>
         <wf lemma="." pos="X">.</wf>
      </sentence>
      <sentence id="d000.s9247" source="wordnet-bulgarian">
         <wf lemma="сватбено" pos="X">сватбено</wf>
         <instance id="d000.s9247.t000" lemma="празненство" pos="NOUN">празненство</instance>
         <wf lemma="." pos="X">.</wf>
      </sentence>
      <sentence id="d000.s9248" source="wordnet-bulgarian">
         <wf lemma="зимни" pos="X">зимни</wf>
         <instance id="d000.s9248.t000" lemma="обувка" pos="NOUN">обувки</instance>
         <wf lemma="." pos="X">.</wf>
      </sentence>
      <sentence id="d000.s9249" source="wordnet-bulgarian">
         <wf lemma="компютър" pos="X">компютър</wf>
         <wf lemma="с" pos="X">с</wf>
         <wf lemma="голяма" pos="X">голяма</wf>
         <instance id="d000.s9249.t000" lemma="памет" pos="NOUN">памет</instance>
         <wf lemma="." pos="X">.</wf>
      </sentence>
      <sentence id="d000.s9250" source="wordnet-bulgarian">
         <wf lemma="истински" pos="X">истински</wf>
         <instance id="d000.s9250.t000" lemma="живот" pos="NOUN">живот</instance>
         <wf lemma="." pos="X">.</wf>
      </sentence>
      <sentence id="d000.s9251" source="wordnet-bulgarian">
         <instance id="d000.s9251.t000" lemma="къс" pos="NOUN">къс</instance>
         <wf lemma="хляб" pos="X">хляб</wf>
         <wf lemma="." pos="X">.</wf>
      </sentence>
      <sentence id="d000.s9252" source="wordnet-bulgarian">
         <wf lemma="конституционен" pos="X">конституционен</wf>
         <instance id="d000.s9252.t000" lemma="монарх" pos="NOUN">монарх</instance>
         <wf lemma="." pos="X">.</wf>
      </sentence>
      <sentence id="d000.s9253" source="wordnet-bulgarian">
         <wf lemma="глух" pos="X">глух</wf>
         <instance id="d000.s9253.t000" lemma="звук" pos="NOUN">звук</instance>
         <wf lemma="." pos="X">.</wf>
      </sentence>
      <sentence id="d000.s9254" source="wordnet-bulgarian">
         <instance id="d000.s9254.t000" lemma="имам" pos="VERB">имам</instance>
         <wf lemma="големи" pos="X">големи</wf>
         <wf lemma="възможности" pos="X">възможности</wf>
         <wf lemma="." pos="X">.</wf>
      </sentence>
      <sentence id="d000.s9255" source="wordnet-bulgarian">
         <instance id="d000.s9255.t000" lemma="сложен" pos="ADJ">сложна</instance>
         <wf lemma="система" pos="X">система</wf>
         <wf lemma="от" pos="X">от</wf>
         <wf lemma="закони" pos="X">закони</wf>
         <wf lemma="и" pos="X">и</wf>
         <wf lemma="обичаи" pos="X">обичаи</wf>
         <wf lemma="." pos="X">.</wf>
      </sentence>
      <sentence id="d000.s9256" source="wordnet-bulgarian">
         <wf lemma="чужда" pos="X">чужда</wf>
         <instance id="d000.s9256.t000" lemma="окупация" pos="NOUN">окупация</instance>
         <wf lemma="." pos="X">.</wf>
      </sentence>
      <sentence id="d000.s9257" source="wordnet-bulgarian">
         <wf lemma="снежна" pos="X">снежна</wf>
         <instance id="d000.s9257.t000" lemma="покривка" pos="NOUN">покривка</instance>
         <wf lemma="." pos="X">.</wf>
      </sentence>
      <sentence id="d000.s9258" source="wordnet-bulgarian">
         <wf lemma="Мъжете" pos="X">Мъжете</wf>
         <wf lemma="и" pos="X">и</wf>
         <instance id="d000.s9258.t000" lemma="жена" pos="NOUN">жените</instance>
         <wf lemma="имат" pos="X">имат</wf>
         <wf lemma="равни" pos="X">равни</wf>
         <wf lemma="права" pos="X">права</wf>
         <wf lemma="." pos="X">.</wf>
      </sentence>
      <sentence id="d000.s9259" source="wordnet-bulgarian">
         <instance id="d000.s9259.t000" lemma="множество" pos="NOUN">множество</instance>
         <wf lemma="от" pos="X">от</wf>
         <wf lemma="цветя" pos="X">цветя</wf>
         <wf lemma="." pos="X">.</wf>
      </sentence>
      <sentence id="d000.s9260" source="wordnet-bulgarian">
         <wf lemma="участвам" pos="X">участвам</wf>
         <wf lemma="в" pos="X">в</wf>
         <instance id="d000.s9260.t000" lemma="кампания" pos="NOUN">кампанията</instance>
         <wf lemma="за" pos="X">за</wf>
         <wf lemma="." pos="X">.</wf>
      </sentence>
      <sentence id="d000.s9261" source="wordnet-bulgarian">
         <wf lemma="невалиден" pos="X">невалиден</wf>
         <instance id="d000.s9261.t000" lemma="пропуск" pos="NOUN">пропуск</instance>
         <wf lemma="." pos="X">.</wf>
      </sentence>
      <sentence id="d000.s9262" source="wordnet-bulgarian">
         <wf lemma="полегат" pos="X">полегат</wf>
         <instance id="d000.s9262.t000" lemma="баир" pos="NOUN">баир</instance>
         <wf lemma="." pos="X">.</wf>
      </sentence>
      <sentence id="d000.s9263" source="wordnet-bulgarian">
         <wf lemma="Хванаха" pos="X">Хванаха</wf>
         <wf lemma="десет" pos="X">десет</wf>
         <wf lemma="килограма" pos="X">килограма</wf>
         <instance id="d000.s9263.t000" lemma="хероин" pos="NOUN">хероин</instance>
         <wf lemma="." pos="X">.</wf>
      </sentence>
      <sentence id="d000.s9264" source="wordnet-bulgarian">
         <wf lemma="сурови" pos="X">сурови</wf>
         <instance id="d000.s9264.t000" lemma="черта" pos="NOUN">черти</instance>
         <wf lemma="." pos="X">.</wf>
      </sentence>
      <sentence id="d000.s9265" source="wordnet-bulgarian">
         <instance id="d000.s9265.t000" lemma="стъпвам" pos="VERB">Стъпвам</instance>
         <wf lemma="тихо" pos="X">тихо</wf>
         <wf lemma="да" pos="X">да</wf>
         <wf lemma="не" pos="X">не</wf>
         <wf lemma="ме" pos="X">ме</wf>
         <wf lemma="усетят" pos="X">усетят</wf>
         <wf lemma="." pos="X">.</wf>
      </sentence>
      <sentence id="d000.s9266" source="wordnet-bulgarian">
         <wf lemma="Жена" pos="X">Жена</wf>
         <wf lemma="му" pos="X">му</wf>
         <wf lemma="е" pos="X">е</wf>
         <instance id="d000.s9266.t000" lemma="кучка" pos="NOUN">кучка</instance>
         <wf lemma="." pos="X">.</wf>
      </sentence>
      <sentence id="d000.s9267" source="wordnet-bulgarian">
         <wf lemma="Ще" pos="X">Ще</wf>
         <wf lemma="отпечатам" pos="X">отпечатам</wf>
         <wf lemma="документа" pos="X">документа</wf>
         <wf lemma="на" pos="X">на</wf>
         <instance id="d000.s9267.t000" lemma="принтер" pos="NOUN">принтера</instance>
         <wf lemma="." pos="X">.</wf>
      </sentence>
      <sentence id="d000.s9268" source="wordnet-bulgarian">
         <wf lemma="Имаме" pos="X">Имаме</wf>
         <wf lemma="много" pos="X">много</wf>
         <wf lemma="добър" pos="X">добър</wf>
         <instance id="d000.s9268.t000" lemma="преподавател" pos="NOUN">преподавател</instance>
         <wf lemma="по" pos="X">по</wf>
         <wf lemma="български" pos="X">български</wf>
         <wf lemma="език" pos="X">език</wf>
         <wf lemma="." pos="X">.</wf>
      </sentence>
      <sentence id="d000.s9269" source="wordnet-bulgarian">
         <wf lemma="Мажа" pos="X">Мажа</wf>
         <wf lemma="си" pos="X">си</wf>
         <instance id="d000.s9269.t000" lemma="кожа" pos="NOUN">кожата</instance>
         <wf lemma="с" pos="X">с</wf>
         <wf lemma="крем" pos="X">крем</wf>
         <wf lemma="." pos="X">.</wf>
      </sentence>
      <sentence id="d000.s9270" source="wordnet-bulgarian">
         <wf lemma="ценни" pos="X">ценни</wf>
         <instance id="d000.s9270.t000" lemma="сведение" pos="NOUN">сведения</instance>
         <wf lemma="." pos="X">.</wf>
      </sentence>
      <sentence id="d000.s9271" source="wordnet-bulgarian">
         <wf lemma="футболен" pos="X">футболен</wf>
         <instance id="d000.s9271.t000" lemma="съдия" pos="NOUN">съдия</instance>
         <wf lemma="." pos="X">.</wf>
      </sentence>
      <sentence id="d000.s9272" source="wordnet-bulgarian">
         <wf lemma="вътрешно" pos="X">вътрешно</wf>
         <instance id="d000.s9272.t000" lemma="взаимодействие" pos="NOUN">взаимодействие</instance>
         <wf lemma="." pos="X">.</wf>
      </sentence>
      <sentence id="d000.s9273" source="wordnet-bulgarian">
         <instance id="d000.s9273.t000" lemma="рекламирам" pos="VERB">рекламирам</instance>
         <wf lemma="нови" pos="X">нови</wf>
         <wf lemma="модели" pos="X">модели</wf>
         <wf lemma="компютри" pos="X">компютри</wf>
         <wf lemma="." pos="X">.</wf>
      </sentence>
      <sentence id="d000.s9274" source="wordnet-bulgarian">
         <wf lemma="Не" pos="X">Не</wf>
         <instance id="d000.s9274.t000" lemma="сядам" pos="VERB">сядай</instance>
         <wf lemma="на" pos="X">на</wf>
         <wf lemma="камък" pos="X">камък</wf>
         <wf lemma="," pos="X">,</wf>
         <wf lemma="че" pos="X">че</wf>
         <wf lemma="ще" pos="X">ще</wf>
         <wf lemma="се" pos="X">се</wf>
         <wf lemma="простудиш" pos="X">простудиш</wf>
         <wf lemma="." pos="X">.</wf>
      </sentence>
      <sentence id="d000.s9275" source="wordnet-bulgarian">
         <instance id="d000.s9275.t000" lemma="замърсяване" pos="NOUN">замърсяване</instance>
         <wf lemma="на" pos="X">на</wf>
         <wf lemma="почвата" pos="X">почвата</wf>
         <wf lemma="и" pos="X">и</wf>
         <wf lemma="водата" pos="X">водата</wf>
         <wf lemma="." pos="X">.</wf>
      </sentence>
      <sentence id="d000.s9276" source="wordnet-bulgarian">
         <wf lemma="ново" pos="X">ново</wf>
         <instance id="d000.s9276.t000" lemma="лекарство" pos="NOUN">лекарство</instance>
         <wf lemma="за" pos="X">за</wf>
         <wf lemma="хрема" pos="X">хрема</wf>
         <wf lemma="." pos="X">.</wf>
      </sentence>
      <sentence id="d000.s9277" source="wordnet-bulgarian">
         <instance id="d000.s9277.t000" lemma="сделка" pos="NOUN">сделка</instance>
         <wf lemma="за" pos="X">за</wf>
         <wf lemma="милиони" pos="X">милиони</wf>
         <wf lemma="." pos="X">.</wf>
      </sentence>
      <sentence id="d000.s9278" source="wordnet-bulgarian">
         <wf lemma="морски" pos="X">морски</wf>
         <instance id="d000.s9278.t000" lemma="път" pos="NOUN">път</instance>
         <wf lemma="." pos="X">.</wf>
      </sentence>
      <sentence id="d000.s9279" source="wordnet-bulgarian">
         <instance id="d000.s9279.t000" lemma="устройство" pos="NOUN">устройство</instance>
         <wf lemma="на" pos="X">на</wf>
         <wf lemma="машина" pos="X">машина</wf>
         <wf lemma="." pos="X">.</wf>
      </sentence>
      <sentence id="d000.s9280" source="wordnet-bulgarian">
         <wf lemma="аксесоари" pos="X">аксесоари</wf>
         <wf lemma="за" pos="X">за</wf>
         <instance id="d000.s9280.t000" lemma="баня" pos="NOUN">баня</instance>
         <wf lemma="." pos="X">.</wf>
      </sentence>
      <sentence id="d000.s9281" source="wordnet-bulgarian">
         <wf lemma="посещавам" pos="X">посещавам</wf>
         <instance id="d000.s9281.t000" lemma="гробище" pos="NOUN">гробища</instance>
         <wf lemma="." pos="X">.</wf>
      </sentence>
      <sentence id="d000.s9282" source="wordnet-bulgarian">
         <wf lemma="ще" pos="X">ще</wf>
         <wf lemma="участвам" pos="X">участвам</wf>
         <wf lemma="в" pos="X">в</wf>
         <instance id="d000.s9282.t000" lemma="игра" pos="NOUN">играта</instance>
         <wf lemma="." pos="X">.</wf>
      </sentence>
      <sentence id="d000.s9283" source="wordnet-bulgarian">
         <wf lemma="бяла" pos="X">бяла</wf>
         <instance id="d000.s9283.t000" lemma="кокошка" pos="NOUN">кокошка</instance>
         <wf lemma="." pos="X">.</wf>
      </sentence>
      <sentence id="d000.s9284" source="wordnet-bulgarian">
         <wf lemma="кратко" pos="X">кратко</wf>
         <instance id="d000.s9284.t000" lemma="гостуване" pos="NOUN">гостуване</instance>
         <wf lemma="." pos="X">.</wf>
      </sentence>
      <sentence id="d000.s9285" source="wordnet-bulgarian">
         <wf lemma="аматьорски" pos="X">аматьорски</wf>
         <instance id="d000.s9285.t000" lemma="маратон" pos="NOUN">маратон</instance>
         <wf lemma="." pos="X">.</wf>
      </sentence>
      <sentence id="d000.s9286" source="wordnet-bulgarian">
         <instance id="d000.s9286.t000" lemma="кажа" pos="VERB">Кажи</instance>
         <wf lemma="бе" pos="X">бе</wf>
         <wf lemma="," pos="X">,</wf>
         <wf lemma="приятел" pos="X">приятел</wf>
         <wf lemma="." pos="X">.</wf>
      </sentence>
      <sentence id="d000.s9287" source="wordnet-bulgarian">
         <wf lemma="разширено" pos="X">разширено</wf>
         <instance id="d000.s9287.t000" lemma="заседание" pos="NOUN">заседание</instance>
         <wf lemma="." pos="X">.</wf>
      </sentence>
      <sentence id="d000.s9288" source="wordnet-bulgarian">
         <wf lemma="моля" pos="X">моля</wf>
         <wf lemma="за" pos="X">за</wf>
         <instance id="d000.s9288.t000" lemma="извинение" pos="NOUN">извинение</instance>
         <wf lemma="." pos="X">.</wf>
      </sentence>
      <sentence id="d000.s9289" source="wordnet-bulgarian">
         <wf lemma="Тази" pos="X">Тази</wf>
         <wf lemma="година" pos="X">година</wf>
         <instance id="d000.s9289.t000" lemma="булка" pos="NOUN">булка</instance>
         <wf lemma="," pos="X">,</wf>
         <wf lemma="догодина" pos="X">догодина</wf>
         <wf lemma="-" pos="X">-</wf>
         <wf lemma="люлка" pos="X">люлка</wf>
         <wf lemma="." pos="X">.</wf>
      </sentence>
      <sentence id="d000.s9290" source="wordnet-bulgarian">
         <wf lemma="с" pos="X">с</wf>
         <instance id="d000.s9290.t000" lemma="чук" pos="NOUN">чук</instance>
         <wf lemma="в" pos="X">в</wf>
         <wf lemma="ръка" pos="X">ръка</wf>
         <wf lemma="." pos="X">.</wf>
      </sentence>
      <sentence id="d000.s9291" source="wordnet-bulgarian">
         <instance id="d000.s9291.t000" lemma="вестник" pos="NOUN">Вестниците</instance>
         <wf lemma="свършиха" pos="X">свършиха</wf>
         <wf lemma="." pos="X">.</wf>
      </sentence>
      <sentence id="d000.s9292" source="wordnet-bulgarian">
         <instance id="d000.s9292.t000" lemma="мисля" pos="VERB">мисля</instance>
         <wf lemma="логически" pos="X">логически</wf>
         <wf lemma="." pos="X">.</wf>
      </sentence>
      <sentence id="d000.s9293" source="wordnet-bulgarian">
         <wf lemma="неблагоприятна" pos="X">неблагоприятна</wf>
         <instance id="d000.s9293.t000" lemma="среда" pos="NOUN">среда</instance>
         <wf lemma="." pos="X">.</wf>
      </sentence>
      <sentence id="d000.s9294" source="wordnet-bulgarian">
         <wf lemma="по" pos="X">по</wf>
         <wf lemma="посока" pos="X">посока</wf>
         <wf lemma="на" pos="X">на</wf>
         <instance id="d000.s9294.t000" lemma="вятър" pos="NOUN">вятъра</instance>
         <wf lemma="." pos="X">.</wf>
      </sentence>
      <sentence id="d000.s9295" source="wordnet-bulgarian">
         <instance id="d000.s9295.t000" lemma="жилище" pos="NOUN">жилище</instance>
         <wf lemma="с" pos="X">с</wf>
         <wf lemma="южно" pos="X">южно</wf>
         <wf lemma="изложение" pos="X">изложение</wf>
         <wf lemma="." pos="X">.</wf>
      </sentence>
      <sentence id="d000.s9296" source="wordnet-bulgarian">
         <wf lemma="Стига" pos="X">Стига</wf>
         <wf lemma="си" pos="X">си</wf>
         <wf lemma="го" pos="X">го</wf>
         <instance id="d000.s9296.t000" lemma="глезя" pos="VERB">глезил</instance>
         <wf lemma="." pos="X">.</wf>
      </sentence>
      <sentence id="d000.s9297" source="wordnet-bulgarian">
         <wf lemma="червено" pos="X">червено</wf>
         <instance id="d000.s9297.t000" lemma="вино" pos="NOUN">вино</instance>
         <wf lemma="." pos="X">.</wf>
      </sentence>
      <sentence id="d000.s9298" source="wordnet-bulgarian">
         <wf lemma="давам" pos="X">давам</wf>
         <instance id="d000.s9298.t000" lemma="обяснение" pos="NOUN">обяснение</instance>
         <wf lemma="." pos="X">.</wf>
      </sentence>
      <sentence id="d000.s9299" source="wordnet-bulgarian">
         <wf lemma="На" pos="X">На</wf>
         <instance id="d000.s9299.t000" lemma="поприще" pos="NOUN">попрището</instance>
         <wf lemma="жизнено" pos="X">жизнено</wf>
         <wf lemma="в" pos="X">в</wf>
         <wf lemma="средата" pos="X">средата</wf>
         <wf lemma="." pos="X">.</wf>
      </sentence>
      <sentence id="d000.s9300" source="wordnet-bulgarian">
         <instance id="d000.s9300.t000" lemma="победител" pos="NOUN">победител</instance>
         <wf lemma="в" pos="X">в</wf>
         <wf lemma="избори" pos="X">избори</wf>
         <wf lemma="." pos="X">.</wf>
      </sentence>
      <sentence id="d000.s9301" source="wordnet-bulgarian">
         <wf lemma="пръсната" pos="X">пръсната</wf>
         <instance id="d000.s9301.t000" lemma="колода" pos="NOUN">колода</instance>
         <wf lemma="карти" pos="X">карти</wf>
         <wf lemma="." pos="X">.</wf>
      </sentence>
      <sentence id="d000.s9302" source="wordnet-bulgarian">
         <wf lemma="римски" pos="X">римски</wf>
         <instance id="d000.s9302.t000" lemma="цифра" pos="NOUN">цифри</instance>
         <wf lemma="." pos="X">.</wf>
      </sentence>
      <sentence id="d000.s9303" source="wordnet-bulgarian">
         <instance id="d000.s9303.t000" lemma="похвала" pos="NOUN">похвала</instance>
         <wf lemma="за" pos="X">за</wf>
         <wf lemma="." pos="X">.</wf>
      </sentence>
      <sentence id="d000.s9304" source="wordnet-bulgarian">
         <wf lemma="главна" pos="X">главна</wf>
         <instance id="d000.s9304.t000" lemma="буква" pos="NOUN">буква</instance>
         <wf lemma="." pos="X">.</wf>
      </sentence>
      <sentence id="d000.s9305" source="wordnet-bulgarian">
         <instance id="d000.s9305.t000" lemma="размер" pos="NOUN">Размерите</instance>
         <wf lemma="на" pos="X">на</wf>
         <wf lemma="тялото" pos="X">тялото</wf>
         <wf lemma="й" pos="X">й</wf>
         <wf lemma="са" pos="X">са</wf>
         <wf lemma="перфектни" pos="X">перфектни</wf>
         <wf lemma="-" pos="X">-</wf>
         <wf lemma="размери" pos="X">размери</wf>
         <wf lemma="на" pos="X">на</wf>
         <wf lemma="манекенка" pos="X">манекенка</wf>
         <wf lemma="." pos="X">.</wf>
      </sentence>
      <sentence id="d000.s9306" source="wordnet-bulgarian">
         <wf lemma="Бялата" pos="X">Бялата</wf>
         <instance id="d000.s9306.t000" lemma="кула" pos="NOUN">кула</instance>
         <wf lemma="." pos="X">.</wf>
      </sentence>
      <sentence id="d000.s9307" source="wordnet-bulgarian">
         <instance id="d000.s9307.t000" lemma="размяна" pos="NOUN">размяна</instance>
         <wf lemma="на" pos="X">на</wf>
         <wf lemma="стоки" pos="X">стоки</wf>
         <wf lemma="." pos="X">.</wf>
      </sentence>
      <sentence id="d000.s9308" source="wordnet-bulgarian">
         <wf lemma="Естествено" pos="X">Естествено</wf>
         <wf lemma="е" pos="X">е</wf>
         <wf lemma="да" pos="X">да</wf>
         <wf lemma="очакваме" pos="X">очакваме</wf>
         <wf lemma="това" pos="X">това</wf>
         <wf lemma="безразличие" pos="X">безразличие</wf>
         <wf lemma="и" pos="X">и</wf>
         <wf lemma="дори" pos="X">дори</wf>
         <instance id="d000.s9308.t000" lemma="враждебност" pos="NOUN">враждебност</instance>
         <wf lemma="от" pos="X">от</wf>
         <wf lemma="хора" pos="X">хора</wf>
         <wf lemma="," pos="X">,</wf>
         <wf lemma="които" pos="X">които</wf>
         <wf lemma="са" pos="X">са</wf>
         <wf lemma="гласували" pos="X">гласували</wf>
         <wf lemma="за" pos="X">за</wf>
         <wf lemma="нас" pos="X">нас</wf>
         <wf lemma="." pos="X">.</wf>
      </sentence>
      <sentence id="d000.s9309" source="wordnet-bulgarian">
         <wf lemma="На" pos="X">На</wf>
         <wf lemma="гладен" pos="X">гладен</wf>
         <instance id="d000.s9309.t000" lemma="стомах" pos="NOUN">стомах</instance>
         <wf lemma="." pos="X">.</wf>
      </sentence>
      <sentence id="d000.s9310" source="wordnet-bulgarian">
         <wf lemma="срещам" pos="X">срещам</wf>
         <instance id="d000.s9310.t000" lemma="препятствие" pos="NOUN">препятствие</instance>
         <wf lemma="." pos="X">.</wf>
      </sentence>
      <sentence id="d000.s9311" source="wordnet-bulgarian">
         <wf lemma="пращам" pos="X">пращам</wf>
         <wf lemma="в" pos="X">в</wf>
         <instance id="d000.s9311.t000" lemma="изгнание" pos="NOUN">изгнание</instance>
         <wf lemma="." pos="X">.</wf>
      </sentence>
      <sentence id="d000.s9312" source="wordnet-bulgarian">
         <wf lemma="Минах" pos="X">Минах</wf>
         <wf lemma="през" pos="X">през</wf>
         <instance id="d000.s9312.t000" lemma="вход" pos="NOUN">входа</instance>
         <wf lemma="и" pos="X">и</wf>
         <wf lemma="се" pos="X">се</wf>
         <wf lemma="озовах" pos="X">озовах</wf>
         <wf lemma="в" pos="X">в</wf>
         <wf lemma="голяма" pos="X">голяма</wf>
         <wf lemma="зала" pos="X">зала</wf>
         <wf lemma="." pos="X">.</wf>
      </sentence>
      <sentence id="d000.s9313" source="wordnet-bulgarian">
         <instance id="d000.s9313.t000" lemma="бой" pos="NOUN">боя</instance>
         <wf lemma="за" pos="X">за</wf>
         <wf lemma="яйца" pos="X">яйца</wf>
         <wf lemma="." pos="X">.</wf>
      </sentence>
      <sentence id="d000.s9314" source="wordnet-bulgarian">
         <wf lemma="временен" pos="X">временен</wf>
         <instance id="d000.s9314.t000" lemma="договор" pos="NOUN">договор</instance>
         <wf lemma="." pos="X">.</wf>
      </sentence>
      <sentence id="d000.s9315" source="wordnet-bulgarian">
         <instance id="d000.s9315.t000" lemma="сервирам" pos="VERB">Сервираха</instance>
         <wf lemma="ни" pos="X">ни</wf>
         <wf lemma="бързо" pos="X">бързо</wf>
         <wf lemma="обеда" pos="X">обеда</wf>
         <wf lemma="." pos="X">.</wf>
      </sentence>
      <sentence id="d000.s9316" source="wordnet-bulgarian">
         <wf lemma="производствен" pos="X">производствен</wf>
         <instance id="d000.s9316.t000" lemma="план" pos="NOUN">план</instance>
         <wf lemma="." pos="X">.</wf>
      </sentence>
      <sentence id="d000.s9317" source="wordnet-bulgarian">
         <wf lemma="Когато" pos="X">Когато</wf>
         <wf lemma="имаш" pos="X">имаш</wf>
         <wf lemma="собствено" pos="X">собствено</wf>
         <instance id="d000.s9317.t000" lemma="бебе" pos="NOUN">бебе</instance>
         <wf lemma="светът" pos="X">светът</wf>
         <wf lemma="изглежда" pos="X">изглежда</wf>
         <wf lemma="по" pos="X">по</wf>
         <wf lemma="различен" pos="X">различен</wf>
         <wf lemma="начин" pos="X">начин</wf>
         <wf lemma="." pos="X">.</wf>
      </sentence>
      <sentence id="d000.s9318" source="wordnet-bulgarian">
         <wf lemma="Човек" pos="X">Човек</wf>
         <instance id="d000.s9318.t000" lemma="предполагам" pos="VERB">предполага</instance>
         <wf lemma="," pos="X">,</wf>
         <wf lemma="господ" pos="X">господ</wf>
         <wf lemma="разполага" pos="X">разполага</wf>
         <wf lemma="." pos="X">.</wf>
      </sentence>
      <sentence id="d000.s9319" source="wordnet-bulgarian">
         <wf lemma="води" pos="X">води</wf>
         <wf lemma="се" pos="X">се</wf>
         <instance id="d000.s9319.t000" lemma="разследване" pos="NOUN">разследване</instance>
         <wf lemma="." pos="X">.</wf>
      </sentence>
      <sentence id="d000.s9320" source="wordnet-bulgarian">
         <wf lemma="в" pos="X">в</wf>
         <instance id="d000.s9320.t000" lemma="занаят" pos="NOUN">занаята</instance>
         <wf lemma="съм" pos="X">съм</wf>
         <wf lemma="ог" pos="X">ог</wf>
         <wf lemma="много" pos="X">много</wf>
         <wf lemma="години" pos="X">години</wf>
         <wf lemma="." pos="X">.</wf>
      </sentence>
      <sentence id="d000.s9321" source="wordnet-bulgarian">
         <wf lemma="Роклята" pos="X">Роклята</wf>
         <wf lemma="е" pos="X">е</wf>
         <wf lemma="сива" pos="X">сива</wf>
         <wf lemma="с" pos="X">с</wf>
         <wf lemma="червени" pos="X">червени</wf>
         <instance id="d000.s9321.t000" lemma="акцент" pos="NOUN">акценти</instance>
         <wf lemma="по" pos="X">по</wf>
         <wf lemma="нея" pos="X">нея</wf>
         <wf lemma="." pos="X">.</wf>
      </sentence>
      <sentence id="d000.s9322" source="wordnet-bulgarian">
         <wf lemma="двоен" pos="X">двоен</wf>
         <instance id="d000.s9322.t000" lemma="зид" pos="NOUN">зид</instance>
         <wf lemma="." pos="X">.</wf>
      </sentence>
      <sentence id="d000.s9323" source="wordnet-bulgarian">
         <wf lemma="Ще" pos="X">Ще</wf>
         <wf lemma="се" pos="X">се</wf>
         <wf lemma="чуем" pos="X">чуем</wf>
         <wf lemma="по" pos="X">по</wf>
         <instance id="d000.s9323.t000" lemma="телефон" pos="NOUN">телефона</instance>
         <wf lemma="." pos="X">.</wf>
      </sentence>
      <sentence id="d000.s9324" source="wordnet-bulgarian">
         <instance id="d000.s9324.t000" lemma="връщане" pos="NOUN">връщане</instance>
         <wf lemma="в" pos="X">в</wf>
         <wf lemma="света" pos="X">света</wf>
         <wf lemma="на" pos="X">на</wf>
         <wf lemma="музиката" pos="X">музиката</wf>
         <wf lemma="." pos="X">.</wf>
      </sentence>
      <sentence id="d000.s9325" source="wordnet-bulgarian">
         <wf lemma="главен" pos="X">главен</wf>
         <instance id="d000.s9325.t000" lemma="касиер" pos="NOUN">касиер</instance>
         <wf lemma="." pos="X">.</wf>
      </sentence>
      <sentence id="d000.s9326" source="wordnet-bulgarian">
         <instance id="d000.s9326.t000" lemma="заминаване" pos="NOUN">заминаване</instance>
         <wf lemma="на" pos="X">на</wf>
         <wf lemma="бригада" pos="X">бригада</wf>
         <wf lemma="." pos="X">.</wf>
      </sentence>
      <sentence id="d000.s9327" source="wordnet-bulgarian">
         <wf lemma="връзвам" pos="X">връзвам</wf>
         <instance id="d000.s9327.t000" lemma="вратовръзка" pos="NOUN">вратовръзката</instance>
         <wf lemma="си" pos="X">си</wf>
         <wf lemma="." pos="X">.</wf>
      </sentence>
      <sentence id="d000.s9328" source="wordnet-bulgarian">
         <wf lemma="президентска" pos="X">президентска</wf>
         <instance id="d000.s9328.t000" lemma="република" pos="NOUN">република</instance>
         <wf lemma="." pos="X">.</wf>
      </sentence>
      <sentence id="d000.s9329" source="wordnet-bulgarian">
         <wf lemma="отстоявам" pos="X">отстоявам</wf>
         <instance id="d000.s9329.t000" lemma="твърдение" pos="NOUN">твърдение</instance>
         <wf lemma="." pos="X">.</wf>
      </sentence>
      <sentence id="d000.s9330" source="wordnet-bulgarian">
         <wf lemma="В" pos="X">В</wf>
         <instance id="d000.s9330.t000" lemma="неделя" pos="NOUN">неделя</instance>
         <wf lemma="ходим" pos="X">ходим</wf>
         <wf lemma="на" pos="X">на</wf>
         <wf lemma="екскурзия" pos="X">екскурзия</wf>
         <wf lemma="." pos="X">.</wf>
      </sentence>
      <sentence id="d000.s9331" source="wordnet-bulgarian">
         <wf lemma="парична" pos="X">парична</wf>
         <instance id="d000.s9331.t000" lemma="награда" pos="NOUN">награда</instance>
         <wf lemma="." pos="X">.</wf>
      </sentence>
      <sentence id="d000.s9332" source="wordnet-bulgarian">
         <wf lemma="безкрайно" pos="X">безкрайно</wf>
         <instance id="d000.s9332.t000" lemma="усилие" pos="NOUN">усилие</instance>
         <wf lemma="." pos="X">.</wf>
      </sentence>
      <sentence id="d000.s9333" source="wordnet-bulgarian">
         <wf lemma="водя" pos="X">водя</wf>
         <instance id="d000.s9333.t000" lemma="преговори" pos="NOUN">преговори</instance>
         <wf lemma="." pos="X">.</wf>
      </sentence>
      <sentence id="d000.s9334" source="wordnet-bulgarian">
         <instance id="d000.s9334.t000" lemma="заплаха" pos="NOUN">заплаха</instance>
         <wf lemma="за" pos="X">за</wf>
         <wf lemma="световния" pos="X">световния</wf>
         <wf lemma="мир" pos="X">мир</wf>
         <wf lemma="." pos="X">.</wf>
      </sentence>
      <sentence id="d000.s9335" source="wordnet-bulgarian">
         <wf lemma="Някои" pos="X">Някои</wf>
         <wf lemma="ценят" pos="X">ценят</wf>
         <wf lemma="хората" pos="X">хората</wf>
         <wf lemma="по" pos="X">по</wf>
         <wf lemma="тяхната" pos="X">тяхната</wf>
         <instance id="d000.s9335.t000" lemma="външност" pos="NOUN">външност</instance>
         <wf lemma="." pos="X">.</wf>
      </sentence>
      <sentence id="d000.s9336" source="wordnet-bulgarian">
         <wf lemma="направен" pos="X">направен</wf>
         <wf lemma="от" pos="X">от</wf>
         <wf lemma="някакво" pos="X">някакво</wf>
         <instance id="d000.s9336.t000" lemma="вещество" pos="NOUN">вещество</instance>
         <wf lemma="." pos="X">.</wf>
      </sentence>
      <sentence id="d000.s9337" source="wordnet-bulgarian">
         <wf lemma="филмов" pos="X">филмов</wf>
         <instance id="d000.s9337.t000" lemma="фестивал" pos="NOUN">фестивал</instance>
         <wf lemma="." pos="X">.</wf>
      </sentence>
      <sentence id="d000.s9338" source="wordnet-bulgarian">
         <wf lemma="присъждам" pos="X">присъждам</wf>
         <instance id="d000.s9338.t000" lemma="награда" pos="NOUN">награда</instance>
         <wf lemma="на" pos="X">на</wf>
         <wf lemma="." pos="X">.</wf>
      </sentence>
      <sentence id="d000.s9339" source="wordnet-bulgarian">
         <wf lemma="в" pos="X">в</wf>
         <instance id="d000.s9339.t000" lemma="нещастие" pos="NOUN">нещастие</instance>
         <wf lemma="." pos="X">.</wf>
      </sentence>
      <sentence id="d000.s9340" source="wordnet-bulgarian">
         <wf lemma="мъжка" pos="X">мъжка</wf>
         <instance id="d000.s9340.t000" lemma="рожба" pos="NOUN">рожба</instance>
         <wf lemma="." pos="X">.</wf>
      </sentence>
      <sentence id="d000.s9341" source="wordnet-bulgarian">
         <wf lemma="подходяща" pos="X">подходяща</wf>
         <instance id="d000.s9341.t000" lemma="обстановка" pos="NOUN">обстановка</instance>
         <wf lemma="." pos="X">.</wf>
      </sentence>
      <sentence id="d000.s9342" source="wordnet-bulgarian">
         <wf lemma="спуска" pos="X">спуска</wf>
         <wf lemma="се" pos="X">се</wf>
         <instance id="d000.s9342.t000" lemma="мъгла" pos="NOUN">мъгла</instance>
         <wf lemma="." pos="X">.</wf>
      </sentence>
      <sentence id="d000.s9343" source="wordnet-bulgarian">
         <instance id="d000.s9343.t000" lemma="слабост" pos="NOUN">слабост</instance>
         <wf lemma="в" pos="X">в</wf>
         <wf lemma="мускулите" pos="X">мускулите</wf>
         <wf lemma="." pos="X">.</wf>
      </sentence>
      <sentence id="d000.s9344" source="wordnet-bulgarian">
         <wf lemma="Търся" pos="X">Търся</wf>
         <instance id="d000.s9344.t000" lemma="игла" pos="NOUN">игла</instance>
         <wf lemma="и" pos="X">и</wf>
         <wf lemma="конец" pos="X">конец</wf>
         <wf lemma="," pos="X">,</wf>
         <wf lemma="за" pos="X">за</wf>
         <wf lemma="да" pos="X">да</wf>
         <wf lemma="си" pos="X">си</wf>
         <wf lemma="зашия" pos="X">зашия</wf>
         <wf lemma="копчето" pos="X">копчето</wf>
         <wf lemma="." pos="X">.</wf>
      </sentence>
      <sentence id="d000.s9345" source="wordnet-bulgarian">
         <wf lemma="Градът" pos="X">Градът</wf>
         <wf lemma="се" pos="X">се</wf>
         <wf lemma="изпълни" pos="X">изпълни</wf>
         <wf lemma="с" pos="X">с</wf>
         <instance id="d000.s9345.t000" lemma="войска" pos="NOUN">войска</instance>
         <wf lemma="." pos="X">.</wf>
      </sentence>
      <sentence id="d000.s9346" source="wordnet-bulgarian">
         <wf lemma="плосък" pos="X">плосък</wf>
         <instance id="d000.s9346.t000" lemma="корем" pos="NOUN">корем</instance>
         <wf lemma="." pos="X">.</wf>
      </sentence>
      <sentence id="d000.s9347" source="wordnet-bulgarian">
         <wf lemma="теория" pos="X">теория</wf>
         <wf lemma="за" pos="X">за</wf>
         <instance id="d000.s9347.t000" lemma="еволюция" pos="NOUN">еволюцията</instance>
         <wf lemma="." pos="X">.</wf>
      </sentence>
      <sentence id="d000.s9348" source="wordnet-bulgarian">
         <wf lemma="Заобиколен" pos="X">Заобиколен</wf>
         <wf lemma="съм" pos="X">съм</wf>
         <wf lemma="от" pos="X">от</wf>
         <instance id="d000.s9348.t000" lemma="досадник" pos="NOUN">досадници</instance>
         <wf lemma="." pos="X">.</wf>
      </sentence>
      <sentence id="d000.s9349" source="wordnet-bulgarian">
         <wf lemma="по" pos="X">по</wf>
         <instance id="d000.s9349.t000" lemma="договор" pos="NOUN">договора</instance>
         <wf lemma="." pos="X">.</wf>
      </sentence>
      <sentence id="d000.s9350" source="wordnet-bulgarian">
         <instance id="d000.s9350.t000" lemma="представител" pos="NOUN">представител</instance>
         <wf lemma="на" pos="X">на</wf>
         <wf lemma="неправителствена" pos="X">неправителствена</wf>
         <wf lemma="организация" pos="X">организация</wf>
         <wf lemma="." pos="X">.</wf>
      </sentence>
      <sentence id="d000.s9351" source="wordnet-bulgarian">
         <wf lemma="на" pos="X">на</wf>
         <wf lemma="чужди" pos="X">чужди</wf>
         <instance id="d000.s9351.t000" lemma="разноска" pos="NOUN">разноски</instance>
         <wf lemma="." pos="X">.</wf>
      </sentence>
      <sentence id="d000.s9352" source="wordnet-bulgarian">
         <wf lemma="гърло" pos="X">гърло</wf>
         <wf lemma="на" pos="X">на</wf>
         <instance id="d000.s9352.t000" lemma="вулкан" pos="NOUN">вулкан</instance>
         <wf lemma="." pos="X">.</wf>
      </sentence>
      <sentence id="d000.s9353" source="wordnet-bulgarian">
         <wf lemma="кадифен" pos="X">кадифен</wf>
         <instance id="d000.s9353.t000" lemma="плат" pos="NOUN">плат</instance>
         <wf lemma="." pos="X">.</wf>
      </sentence>
      <sentence id="d000.s9354" source="wordnet-bulgarian">
         <wf lemma="цяло" pos="X">цяло</wf>
         <instance id="d000.s9354.t000" lemma="число" pos="NOUN">число</instance>
         <wf lemma="." pos="X">.</wf>
      </sentence>
      <sentence id="d000.s9355" source="wordnet-bulgarian">
         <wf lemma="Някои" pos="X">Някои</wf>
         <wf lemma="хора" pos="X">хора</wf>
         <wf lemma="са" pos="X">са</wf>
         <instance id="d000.s9355.t000" lemma="комерсиализирам" pos="VERB">комерсиализирали</instance>
         <wf lemma="своя" pos="X">своя</wf>
         <wf lemma="начин" pos="X">начин</wf>
         <wf lemma="на" pos="X">на</wf>
         <wf lemma="живот" pos="X">живот</wf>
         <wf lemma="." pos="X">.</wf>
      </sentence>
      <sentence id="d000.s9356" source="wordnet-bulgarian">
         <instance id="d000.s9356.t000" lemma="обобщение" pos="NOUN">обобщение</instance>
         <wf lemma="на" pos="X">на</wf>
         <wf lemma="събитие" pos="X">събитие</wf>
         <wf lemma="." pos="X">.</wf>
      </sentence>
      <sentence id="d000.s9357" source="wordnet-bulgarian">
         <wf lemma="народен" pos="X">народен</wf>
         <instance id="d000.s9357.t000" lemma="съдия" pos="NOUN">съдия</instance>
         <wf lemma="." pos="X">.</wf>
      </sentence>
      <sentence id="d000.s9358" source="wordnet-bulgarian">
         <wf lemma="директор" pos="X">директор</wf>
         <wf lemma="на" pos="X">на</wf>
         <instance id="d000.s9358.t000" lemma="продукция" pos="NOUN">продукция</instance>
         <wf lemma="." pos="X">.</wf>
      </sentence>
      <sentence id="d000.s9359" source="wordnet-bulgarian">
         <wf lemma="широколистна" pos="X">широколистна</wf>
         <instance id="d000.s9359.t000" lemma="гора" pos="NOUN">гора</instance>
         <wf lemma="." pos="X">.</wf>
      </sentence>
      <sentence id="d000.s9360" source="wordnet-bulgarian">
         <wf lemma="духов" pos="X">духов</wf>
         <instance id="d000.s9360.t000" lemma="инструмент" pos="NOUN">инструмент</instance>
         <wf lemma="." pos="X">.</wf>
      </sentence>
      <sentence id="d000.s9361" source="wordnet-bulgarian">
         <wf lemma="Ще" pos="X">Ще</wf>
         <wf lemma="ти" pos="X">ти</wf>
         <instance id="d000.s9361.t000" lemma="дърпам" pos="VERB">дърпам</instance>
         <wf lemma="ушите" pos="X">ушите</wf>
         <wf lemma="!" pos="X">!</wf>
      </sentence>
      <sentence id="d000.s9362" source="wordnet-bulgarian">
         <wf lemma="Патетата" pos="X">Патетата</wf>
         <instance id="d000.s9362.t000" lemma="следвам" pos="VERB">следваха</instance>
         <wf lemma="майка" pos="X">майка</wf>
         <wf lemma="си" pos="X">си</wf>
         <wf lemma="в" pos="X">в</wf>
         <wf lemma="езерото" pos="X">езерото</wf>
         <wf lemma="." pos="X">.</wf>
      </sentence>
      <sentence id="d000.s9363" source="wordnet-bulgarian">
         <wf lemma="местен" pos="X">местен</wf>
         <instance id="d000.s9363.t000" lemma="жител" pos="NOUN">жител</instance>
         <wf lemma="." pos="X">.</wf>
      </sentence>
      <sentence id="d000.s9364" source="wordnet-bulgarian">
         <wf lemma="известен" pos="X">известен</wf>
         <instance id="d000.s9364.t000" lemma="атлет" pos="NOUN">атлет</instance>
         <wf lemma="." pos="X">.</wf>
      </sentence>
      <sentence id="d000.s9365" source="wordnet-bulgarian">
         <wf lemma="Удрям" pos="X">Удрям</wf>
         <wf lemma="шамар" pos="X">шамар</wf>
         <wf lemma="по" pos="X">по</wf>
         <instance id="d000.s9365.t000" lemma="буза" pos="NOUN">бузата</instance>
         <wf lemma="." pos="X">.</wf>
      </sentence>
      <sentence id="d000.s9366" source="wordnet-bulgarian">
         <wf lemma="шопска" pos="X">шопска</wf>
         <instance id="d000.s9366.t000" lemma="салата" pos="NOUN">салата</instance>
         <wf lemma="." pos="X">.</wf>
      </sentence>
      <sentence id="d000.s9367" source="wordnet-bulgarian">
         <wf lemma="след" pos="X">след</wf>
         <instance id="d000.s9367.t000" lemma="вечеря" pos="NOUN">вечеря</instance>
         <wf lemma="." pos="X">.</wf>
      </sentence>
      <sentence id="d000.s9368" source="wordnet-bulgarian">
         <wf lemma="масивно" pos="X">масивно</wf>
         <instance id="d000.s9368.t000" lemma="легло" pos="NOUN">легло</instance>
         <wf lemma="." pos="X">.</wf>
      </sentence>
      <sentence id="d000.s9369" source="wordnet-bulgarian">
         <wf lemma="чакам" pos="X">чакам</wf>
         <wf lemma="във" pos="X">във</wf>
         <instance id="d000.s9369.t000" lemma="фоайе" pos="NOUN">фоайето</instance>
         <wf lemma="." pos="X">.</wf>
      </sentence>
      <sentence id="d000.s9370" source="wordnet-bulgarian">
         <wf lemma="организирам" pos="X">организирам</wf>
         <instance id="d000.s9370.t000" lemma="бал" pos="NOUN">бал</instance>
         <wf lemma="." pos="X">.</wf>
      </sentence>
      <sentence id="d000.s9371" source="wordnet-bulgarian">
         <wf lemma="лоша" pos="X">лоша</wf>
         <instance id="d000.s9371.t000" lemma="репутация" pos="NOUN">репутация</instance>
         <wf lemma="." pos="X">.</wf>
      </sentence>
      <sentence id="d000.s9372" source="wordnet-bulgarian">
         <wf lemma="действам" pos="X">действам</wf>
         <wf lemma="съгласно" pos="X">съгласно</wf>
         <instance id="d000.s9372.t000" lemma="възглед" pos="NOUN">възгледите</instance>
         <wf lemma="си" pos="X">си</wf>
         <wf lemma="." pos="X">.</wf>
      </sentence>
      <sentence id="d000.s9373" source="wordnet-bulgarian">
         <instance id="d000.s9373.t000" lemma="имам" pos="VERB">Имаш</instance>
         <wf lemma="ли" pos="X">ли</wf>
         <wf lemma="." pos="X">.</wf>
         <wf lemma="..." pos="X">...</wf>
         <wf lemma="?" pos="X">?</wf>
      </sentence>
      <sentence id="d000.s9374" source="wordnet-bulgarian">
         <instance id="d000.s9374.t000" lemma="учен" pos="NOUN">учен</instance>
         <wf lemma="в" pos="X">в</wf>
         <wf lemma="областта" pos="X">областта</wf>
         <wf lemma="на" pos="X">на</wf>
         <wf lemma="." pos="X">.</wf>
      </sentence>
      <sentence id="d000.s9375" source="wordnet-bulgarian">
         <wf lemma="надминавам" pos="X">надминавам</wf>
         <instance id="d000.s9375.t000" lemma="рекорд" pos="NOUN">рекорд</instance>
         <wf lemma="." pos="X">.</wf>
      </sentence>
      <sentence id="d000.s9376" source="wordnet-bulgarian">
         <wf lemma="След" pos="X">След</wf>
         <wf lemma="пет" pos="X">пет</wf>
         <instance id="d000.s9376.t000" lemma="минута" pos="NOUN">минути</instance>
         <wf lemma="идвам" pos="X">идвам</wf>
         <wf lemma="." pos="X">.</wf>
      </sentence>
      <sentence id="d000.s9377" source="wordnet-bulgarian">
         <wf lemma="Законопроектът" pos="X">Законопроектът</wf>
         <wf lemma="бил" pos="X">бил</wf>
         <wf lemma="откровена" pos="X">откровена</wf>
         <wf lemma="политическа" pos="X">политическа</wf>
         <instance id="d000.s9377.t000" lemma="акция" pos="NOUN">акция</instance>
         <wf lemma="," pos="X">,</wf>
         <wf lemma="заяви" pos="X">заяви</wf>
         <wf lemma="от" pos="X">от</wf>
         <wf lemma="името" pos="X">името</wf>
         <wf lemma="на" pos="X">на</wf>
         <wf lemma="БСП" pos="X">БСП</wf>
         <wf lemma="Гиньо" pos="X">Гиньо</wf>
         <wf lemma="Ганев" pos="X">Ганев</wf>
         <wf lemma="." pos="X">.</wf>
      </sentence>
      <sentence id="d000.s9378" source="wordnet-bulgarian">
         <wf lemma="сламена" pos="X">сламена</wf>
         <instance id="d000.s9378.t000" lemma="шапка" pos="NOUN">шапка</instance>
         <wf lemma="." pos="X">.</wf>
      </sentence>
      <sentence id="d000.s9379" source="wordnet-bulgarian">
         <wf lemma="военна" pos="X">военна</wf>
         <instance id="d000.s9379.t000" lemma="организация" pos="NOUN">организация</instance>
         <wf lemma="." pos="X">.</wf>
      </sentence>
      <sentence id="d000.s9380" source="wordnet-bulgarian">
         <instance id="d000.s9380.t000" lemma="замърсяване" pos="NOUN">замърсяване</instance>
         <wf lemma="на" pos="X">на</wf>
         <wf lemma="околната" pos="X">околната</wf>
         <wf lemma="среда" pos="X">среда</wf>
         <wf lemma="." pos="X">.</wf>
      </sentence>
      <sentence id="d000.s9381" source="wordnet-bulgarian">
         <instance id="d000.s9381.t000" lemma="изпит" pos="NOUN">Изпитът</instance>
         <wf lemma="ще" pos="X">ще</wf>
         <wf lemma="приключи" pos="X">приключи</wf>
         <wf lemma="след" pos="X">след</wf>
         <wf lemma="два" pos="X">два</wf>
         <wf lemma="часа" pos="X">часа</wf>
         <wf lemma="." pos="X">.</wf>
      </sentence>
      <sentence id="d000.s9382" source="wordnet-bulgarian">
         <wf lemma="След" pos="X">След</wf>
         <instance id="d000.s9382.t000" lemma="точка" pos="NOUN">точка</instance>
         <wf lemma="обикновено" pos="X">обикновено</wf>
         <wf lemma="се" pos="X">се</wf>
         <wf lemma="пише" pos="X">пише</wf>
         <wf lemma="главна" pos="X">главна</wf>
         <wf lemma="буква" pos="X">буква</wf>
         <wf lemma="." pos="X">.</wf>
      </sentence>
      <sentence id="d000.s9383" source="wordnet-bulgarian">
         <wf lemma="наказателен" pos="X">наказателен</wf>
         <instance id="d000.s9383.t000" lemma="закон" pos="NOUN">закон</instance>
         <wf lemma="." pos="X">.</wf>
      </sentence>
      <sentence id="d000.s9384" source="wordnet-bulgarian">
         <wf lemma="падам" pos="X">падам</wf>
         <wf lemma="от" pos="X">от</wf>
         <instance id="d000.s9384.t000" lemma="ска" pos="NOUN">ски</instance>
         <wf lemma="." pos="X">.</wf>
      </sentence>
      <sentence id="d000.s9385" source="wordnet-bulgarian">
         <wf lemma="свивам" pos="X">свивам</wf>
         <wf lemma="крака" pos="X">крака</wf>
         <wf lemma="в" pos="X">в</wf>
         <instance id="d000.s9385.t000" lemma="коляно" pos="NOUN">коляното</instance>
         <wf lemma="." pos="X">.</wf>
      </sentence>
      <sentence id="d000.s9386" source="wordnet-bulgarian">
         <instance id="d000.s9386.t000" lemma="икономика" pos="NOUN">икономика</instance>
         <wf lemma="на" pos="X">на</wf>
         <wf lemma="транспорта" pos="X">транспорта</wf>
         <wf lemma="." pos="X">.</wf>
      </sentence>
      <sentence id="d000.s9387" source="wordnet-bulgarian">
         <wf lemma="Докараха" pos="X">Докараха</wf>
         <wf lemma="ранения" pos="X">ранения</wf>
         <wf lemma="с" pos="X">с</wf>
         <instance id="d000.s9387.t000" lemma="хеликоптер" pos="NOUN">хеликоптер</instance>
         <wf lemma="." pos="X">.</wf>
      </sentence>
      <sentence id="d000.s9388" source="wordnet-bulgarian">
         <wf lemma="лошо" pos="X">лошо</wf>
         <instance id="d000.s9388.t000" lemma="изгаряне" pos="NOUN">изгаряне</instance>
         <wf lemma="." pos="X">.</wf>
      </sentence>
      <sentence id="d000.s9389" source="wordnet-bulgarian">
         <wf lemma="проявявам" pos="X">проявявам</wf>
         <wf lemma="престъпна" pos="X">престъпна</wf>
         <instance id="d000.s9389.t000" lemma="небрежност" pos="NOUN">небрежност</instance>
         <wf lemma="." pos="X">.</wf>
      </sentence>
      <sentence id="d000.s9390" source="wordnet-bulgarian">
         <instance id="d000.s9390.t000" lemma="образец" pos="NOUN">образец</instance>
         <wf lemma="на" pos="X">на</wf>
         <wf lemma="съвършенство" pos="X">съвършенство</wf>
         <wf lemma="." pos="X">.</wf>
      </sentence>
      <sentence id="d000.s9391" source="wordnet-bulgarian">
         <instance id="d000.s9391.t000" lemma="издънка" pos="NOUN">издънка</instance>
         <wf lemma="на" pos="X">на</wf>
         <wf lemma="богата" pos="X">богата</wf>
         <wf lemma="фамилия" pos="X">фамилия</wf>
         <wf lemma="." pos="X">.</wf>
      </sentence>
      <sentence id="d000.s9392" source="wordnet-bulgarian">
         <instance id="d000.s9392.t000" lemma="корупция" pos="NOUN">корупция</instance>
         <wf lemma="във" pos="X">във</wf>
         <wf lemma="властта" pos="X">властта</wf>
         <wf lemma="." pos="X">.</wf>
      </sentence>
      <sentence id="d000.s9393" source="wordnet-bulgarian">
         <wf lemma="до" pos="X">до</wf>
         <instance id="d000.s9393.t000" lemma="половина" pos="NOUN">половината</instance>
         <wf lemma="." pos="X">.</wf>
      </sentence>
      <sentence id="d000.s9394" source="wordnet-bulgarian">
         <wf lemma="Влакът" pos="X">Влакът</wf>
         <wf lemma="излезе" pos="X">излезе</wf>
         <wf lemma="от" pos="X">от</wf>
         <instance id="d000.s9394.t000" lemma="линия" pos="NOUN">линията</instance>
         <wf lemma="." pos="X">.</wf>
      </sentence>
      <sentence id="d000.s9395" source="wordnet-bulgarian">
         <wf lemma="на" pos="X">на</wf>
         <instance id="d000.s9395.t000" lemma="майтап" pos="NOUN">майтап</instance>
         <wf lemma="." pos="X">.</wf>
      </sentence>
      <sentence id="d000.s9396" source="wordnet-bulgarian">
         <wf lemma="Опитвам" pos="X">Опитвам</wf>
         <wf lemma="се" pos="X">се</wf>
         <wf lemma="да" pos="X">да</wf>
         <wf lemma="възстановя" pos="X">възстановя</wf>
         <instance id="d000.s9396.t000" lemma="детайл" pos="NOUN">детайлите</instance>
         <wf lemma="." pos="X">.</wf>
      </sentence>
      <sentence id="d000.s9397" source="wordnet-bulgarian">
         <wf lemma="Мъча" pos="X">Мъча</wf>
         <wf lemma="се" pos="X">се</wf>
         <wf lemma="да" pos="X">да</wf>
         <wf lemma="устоя" pos="X">устоя</wf>
         <wf lemma="на" pos="X">на</wf>
         <instance id="d000.s9397.t000" lemma="изкушение" pos="NOUN">изкушението</instance>
         <wf lemma="." pos="X">.</wf>
      </sentence>
      <sentence id="d000.s9398" source="wordnet-bulgarian">
         <wf lemma="галантен" pos="X">галантен</wf>
         <instance id="d000.s9398.t000" lemma="кавалер" pos="NOUN">кавалер</instance>
         <wf lemma="." pos="X">.</wf>
      </sentence>
      <sentence id="d000.s9399" source="wordnet-bulgarian">
         <wf lemma="Пианистът" pos="X">Пианистът</wf>
         <wf lemma="проигра" pos="X">проигра</wf>
         <wf lemma="тази" pos="X">тази</wf>
         <wf lemma="възможност" pos="X">възможност</wf>
         <wf lemma="за" pos="X">за</wf>
         <wf lemma="музикално" pos="X">музикално</wf>
         <instance id="d000.s9399.t000" lemma="приключение" pos="NOUN">приключение</instance>
         <wf lemma="," pos="X">,</wf>
         <wf lemma="като" pos="X">като</wf>
         <wf lemma="го" pos="X">го</wf>
         <wf lemma="превърна" pos="X">превърна</wf>
         <wf lemma="в" pos="X">в</wf>
         <wf lemma="удремващ" pos="X">удремващ</wf>
         <wf lemma="маратонски" pos="X">маратонски</wf>
         <wf lemma="пробег" pos="X">пробег</wf>
         <wf lemma="." pos="X">.</wf>
      </sentence>
      <sentence id="d000.s9400" source="wordnet-bulgarian">
         <instance id="d000.s9400.t000" lemma="пия" pos="VERB">пия</instance>
         <wf lemma="на" pos="X">на</wf>
         <wf lemma="екс" pos="X">екс</wf>
         <wf lemma="." pos="X">.</wf>
      </sentence>
      <sentence id="d000.s9401" source="wordnet-bulgarian">
         <instance id="d000.s9401.t000" lemma="предмет" pos="NOUN">Предмети</instance>
         <wf lemma="за" pos="X">за</wf>
         <wf lemma="лично" pos="X">лично</wf>
         <wf lemma="ползване" pos="X">ползване</wf>
         <wf lemma="." pos="X">.</wf>
      </sentence>
      <sentence id="d000.s9402" source="wordnet-bulgarian">
         <wf lemma="цяло" pos="X">цяло</wf>
         <instance id="d000.s9402.t000" lemma="чудо" pos="NOUN">чудо</instance>
         <wf lemma="е" pos="X">е</wf>
         <wf lemma="," pos="X">,</wf>
         <wf lemma="че" pos="X">че</wf>
         <wf lemma="." pos="X">.</wf>
      </sentence>
      <sentence id="d000.s9403" source="wordnet-bulgarian">
         <wf lemma="Той" pos="X">Той</wf>
         <wf lemma="е" pos="X">е</wf>
         <instance id="d000.s9403.t000" lemma="образец" pos="NOUN">образец</instance>
         <wf lemma="на" pos="X">на</wf>
         <wf lemma="нравствена" pos="X">нравствена</wf>
         <wf lemma="чистота" pos="X">чистота</wf>
         <wf lemma="." pos="X">.</wf>
      </sentence>
      <sentence id="d000.s9404" source="wordnet-bulgarian">
         <wf lemma="олимпийски" pos="X">олимпийски</wf>
         <instance id="d000.s9404.t000" lemma="маратон" pos="NOUN">маратон</instance>
         <wf lemma="." pos="X">.</wf>
      </sentence>
      <sentence id="d000.s9405" source="wordnet-bulgarian">
         <wf lemma="опозиционна" pos="X">опозиционна</wf>
         <instance id="d000.s9405.t000" lemma="партия" pos="NOUN">партия</instance>
         <wf lemma="." pos="X">.</wf>
      </sentence>
      <sentence id="d000.s9406" source="wordnet-bulgarian">
         <wf lemma="тупам" pos="X">тупам</wf>
         <instance id="d000.s9406.t000" lemma="чаршаф" pos="NOUN">чаршаф</instance>
         <wf lemma="." pos="X">.</wf>
      </sentence>
      <sentence id="d000.s9407" source="wordnet-bulgarian">
         <wf lemma="в" pos="X">в</wf>
         <wf lemma="известен" pos="X">известен</wf>
         <instance id="d000.s9407.t000" lemma="смисъл" pos="NOUN">смисъл</instance>
         <wf lemma="." pos="X">.</wf>
      </sentence>
      <sentence id="d000.s9408" source="wordnet-bulgarian">
         <wf lemma="приятелска" pos="X">приятелска</wf>
         <instance id="d000.s9408.t000" lemma="връзка" pos="NOUN">връзка</instance>
         <wf lemma="." pos="X">.</wf>
      </sentence>
      <sentence id="d000.s9409" source="wordnet-bulgarian">
         <wf lemma="искам" pos="X">искам</wf>
         <instance id="d000.s9409.t000" lemma="извинение" pos="NOUN">извинение</instance>
         <wf lemma="от" pos="X">от</wf>
         <wf lemma="." pos="X">.</wf>
      </sentence>
      <sentence id="d000.s9410" source="wordnet-bulgarian">
         <wf lemma="Искам" pos="X">Искам</wf>
         <wf lemma="да" pos="X">да</wf>
         <wf lemma="се" pos="X">се</wf>
         <wf lemma="извиня" pos="X">извиня</wf>
         <wf lemma="за" pos="X">за</wf>
         <instance id="d000.s9410.t000" lemma="обида" pos="NOUN">обидата</instance>
         <wf lemma="," pos="X">,</wf>
         <wf lemma="която" pos="X">която</wf>
         <wf lemma="неволно" pos="X">неволно</wf>
         <wf lemma="Ви" pos="X">Ви</wf>
         <wf lemma="нанесох" pos="X">нанесох</wf>
         <wf lemma="." pos="X">.</wf>
      </sentence>
      <sentence id="d000.s9411" source="wordnet-bulgarian">
         <wf lemma="Мастни" pos="X">Мастни</wf>
         <instance id="d000.s9411.t000" lemma="киселина" pos="NOUN">киселини</instance>
         <wf lemma="." pos="X">.</wf>
      </sentence>
      <sentence id="d000.s9412" source="wordnet-bulgarian">
         <wf lemma="Не" pos="X">Не</wf>
         <wf lemma="е" pos="X">е</wf>
         <wf lemma="изучена" pos="X">изучена</wf>
         <instance id="d000.s9412.t000" lemma="природа" pos="NOUN">природата</instance>
         <wf lemma="на" pos="X">на</wf>
         <wf lemma="това" pos="X">това</wf>
         <wf lemma="заболяване" pos="X">заболяване</wf>
         <wf lemma="." pos="X">.</wf>
      </sentence>
      <sentence id="d000.s9413" source="wordnet-bulgarian">
         <wf lemma="протягам" pos="X">протягам</wf>
         <instance id="d000.s9413.t000" lemma="ръка" pos="NOUN">ръце</instance>
         <wf lemma="." pos="X">.</wf>
      </sentence>
      <sentence id="d000.s9414" source="wordnet-bulgarian">
         <wf lemma="далечен" pos="X">далечен</wf>
         <instance id="d000.s9414.t000" lemma="братовчед" pos="NOUN">братовчед</instance>
         <wf lemma="." pos="X">.</wf>
      </sentence>
      <sentence id="d000.s9415" source="wordnet-bulgarian">
         <instance id="d000.s9415.t000" lemma="инженер" pos="NOUN">инженер</instance>
         <wf lemma="химик" pos="X">химик</wf>
         <wf lemma="." pos="X">.</wf>
      </sentence>
      <sentence id="d000.s9416" source="wordnet-bulgarian">
         <wf lemma="в" pos="X">в</wf>
         <wf lemma="добро" pos="X">добро</wf>
         <instance id="d000.s9416.t000" lemma="здраве" pos="NOUN">здраве</instance>
         <wf lemma="." pos="X">.</wf>
      </sentence>
      <sentence id="d000.s9417" source="wordnet-bulgarian">
         <wf lemma="Температурни" pos="X">Температурни</wf>
         <instance id="d000.s9417.t000" lemma="характеристика" pos="NOUN">характеристики</instance>
         <wf lemma="на" pos="X">на</wf>
         <wf lemma="местността" pos="X">местността</wf>
         <wf lemma="." pos="X">.</wf>
      </sentence>
      <sentence id="d000.s9418" source="wordnet-bulgarian">
         <wf lemma="Случайно" pos="X">Случайно</wf>
         <instance id="d000.s9418.t000" lemma="чуя" pos="VERB">чух</instance>
         <wf lemma="новината" pos="X">новината</wf>
         <wf lemma="." pos="X">.</wf>
      </sentence>
      <sentence id="d000.s9419" source="wordnet-bulgarian">
         <wf lemma="пред" pos="X">пред</wf>
         <instance id="d000.s9419.t000" lemma="порта" pos="NOUN">портата</instance>
         <wf lemma="." pos="X">.</wf>
      </sentence>
      <sentence id="d000.s9420" source="wordnet-bulgarian">
         <wf lemma="на" pos="X">на</wf>
         <instance id="d000.s9420.t000" lemma="връщане" pos="NOUN">връщане</instance>
         <wf lemma="купи" pos="X">купи</wf>
         <wf lemma="мляко" pos="X">мляко</wf>
         <wf lemma="." pos="X">.</wf>
      </sentence>
      <sentence id="d000.s9421" source="wordnet-bulgarian">
         <wf lemma="заслужена" pos="X">заслужена</wf>
         <instance id="d000.s9421.t000" lemma="почивка" pos="NOUN">почивка</instance>
         <wf lemma="." pos="X">.</wf>
      </sentence>
      <sentence id="d000.s9422" source="wordnet-bulgarian">
         <wf lemma="през" pos="X">през</wf>
         <wf lemma="2010" pos="X">2010</wf>
         <instance id="d000.s9422.t000" lemma="година" pos="NOUN">година</instance>
         <wf lemma="." pos="X">.</wf>
      </sentence>
      <sentence id="d000.s9423" source="wordnet-bulgarian">
         <instance id="d000.s9423.t000" lemma="нямам" pos="VERB">нямам</instance>
         <wf lemma="право" pos="X">право</wf>
         <wf lemma="да" pos="X">да</wf>
         <wf lemma="." pos="X">.</wf>
      </sentence>
      <sentence id="d000.s9424" source="wordnet-bulgarian">
         <wf lemma="живея" pos="X">живея</wf>
         <wf lemma="в" pos="X">в</wf>
         <instance id="d000.s9424.t000" lemma="благополучие" pos="NOUN">благополучие</instance>
         <wf lemma="." pos="X">.</wf>
      </sentence>
      <sentence id="d000.s9425" source="wordnet-bulgarian">
         <wf lemma="лечебно" pos="X">лечебно</wf>
         <instance id="d000.s9425.t000" lemma="средство" pos="NOUN">средство</instance>
         <wf lemma="." pos="X">.</wf>
      </sentence>
      <sentence id="d000.s9426" source="wordnet-bulgarian">
         <wf lemma="Предстои" pos="X">Предстои</wf>
         <instance id="d000.s9426.t000" lemma="обединение" pos="NOUN">обединение</instance>
         <wf lemma="на" pos="X">на</wf>
         <wf lemma="две" pos="X">две</wf>
         <wf lemma="фирми" pos="X">фирми</wf>
         <wf lemma="." pos="X">.</wf>
      </sentence>
      <sentence id="d000.s9427" source="wordnet-bulgarian">
         <wf lemma="Думата" pos="X">Думата</wf>
         <wf lemma="има" pos="X">има</wf>
         <wf lemma="две" pos="X">две</wf>
         <instance id="d000.s9427.t000" lemma="сричка" pos="NOUN">срички</instance>
         <wf lemma="." pos="X">.</wf>
      </sentence>
      <sentence id="d000.s9428" source="wordnet-bulgarian">
         <wf lemma="изказвам" pos="X">изказвам</wf>
         <instance id="d000.s9428.t000" lemma="похвала" pos="NOUN">похвала</instance>
         <wf lemma="." pos="X">.</wf>
      </sentence>
      <sentence id="d000.s9429" source="wordnet-bulgarian">
         <wf lemma="лекарска" pos="X">лекарска</wf>
         <instance id="d000.s9429.t000" lemma="отговорност" pos="NOUN">отговорност</instance>
         <wf lemma="." pos="X">.</wf>
      </sentence>
      <sentence id="d000.s9430" source="wordnet-bulgarian">
         <instance id="d000.s9430.t000" lemma="процъфтяване" pos="NOUN">процъфтяване</instance>
         <wf lemma="на" pos="X">на</wf>
         <wf lemma="малко" pos="X">малко</wf>
         <wf lemma="градче" pos="X">градче</wf>
         <wf lemma="." pos="X">.</wf>
      </sentence>
      <sentence id="d000.s9431" source="wordnet-bulgarian">
         <instance id="d000.s9431.t000" lemma="площ" pos="NOUN">площ</instance>
         <wf lemma="на" pos="X">на</wf>
         <wf lemma="остров" pos="X">остров</wf>
         <wf lemma="." pos="X">.</wf>
      </sentence>
      <sentence id="d000.s9432" source="wordnet-bulgarian">
         <wf lemma="от" pos="X">от</wf>
         <wf lemma="цялата" pos="X">цялата</wf>
         <wf lemma="си" pos="X">си</wf>
         <instance id="d000.s9432.t000" lemma="душа" pos="NOUN">душа</instance>
         <wf lemma="." pos="X">.</wf>
      </sentence>
      <sentence id="d000.s9433" source="wordnet-bulgarian">
         <wf lemma="единствено" pos="X">единствено</wf>
         <instance id="d000.s9433.t000" lemma="изключение" pos="NOUN">изключение</instance>
         <wf lemma="е" pos="X">е</wf>
         <wf lemma="." pos="X">.</wf>
      </sentence>
      <sentence id="d000.s9434" source="wordnet-bulgarian">
         <wf lemma="автоматичен" pos="X">автоматичен</wf>
         <instance id="d000.s9434.t000" lemma="молив" pos="NOUN">молив</instance>
         <wf lemma="." pos="X">.</wf>
      </sentence>
      <sentence id="d000.s9435" source="wordnet-bulgarian">
         <instance id="d000.s9435.t000" lemma="завършвам" pos="VERB">завършвам</instance>
         <wf lemma="някаква" pos="X">някаква</wf>
         <wf lemma="работа" pos="X">работа</wf>
         <wf lemma="." pos="X">.</wf>
      </sentence>
      <sentence id="d000.s9436" source="wordnet-bulgarian">
         <instance id="d000.s9436.t000" lemma="жадувам" pos="VERB">Жадувам</instance>
         <wf lemma="за" pos="X">за</wf>
         <wf lemma="спокойствие" pos="X">спокойствие</wf>
         <wf lemma="и" pos="X">и</wf>
         <wf lemma="тишина" pos="X">тишина</wf>
         <wf lemma="." pos="X">.</wf>
      </sentence>
      <sentence id="d000.s9437" source="wordnet-bulgarian">
         <instance id="d000.s9437.t000" lemma="издавам" pos="VERB">издавам</instance>
         <wf lemma="някого" pos="X">някого</wf>
         <wf lemma="на" pos="X">на</wf>
         <wf lemma="полицията" pos="X">полицията</wf>
         <wf lemma="." pos="X">.</wf>
      </sentence>
      <sentence id="d000.s9438" source="wordnet-bulgarian">
         <wf lemma="изпитвам" pos="X">изпитвам</wf>
         <instance id="d000.s9438.t000" lemma="страх" pos="NOUN">страх</instance>
         <wf lemma="." pos="X">.</wf>
      </sentence>
      <sentence id="d000.s9439" source="wordnet-bulgarian">
         <instance id="d000.s9439.t000" lemma="луковица" pos="NOUN">луковица</instance>
         <wf lemma="от" pos="X">от</wf>
         <wf lemma="лале" pos="X">лале</wf>
         <wf lemma="." pos="X">.</wf>
      </sentence>
      <sentence id="d000.s9440" source="wordnet-bulgarian">
         <instance id="d000.s9440.t000" lemma="обвинявам" pos="VERB">Обвиняват</instance>
         <wf lemma="го" pos="X">го</wf>
         <wf lemma="в" pos="X">в</wf>
         <wf lemma="убийство" pos="X">убийство</wf>
         <wf lemma="." pos="X">.</wf>
      </sentence>
      <sentence id="d000.s9441" source="wordnet-bulgarian">
         <wf lemma="Цените" pos="X">Цените</wf>
         <wf lemma="се" pos="X">се</wf>
         <wf lemma="увеличиха" pos="X">увеличиха</wf>
         <wf lemma="с" pos="X">с</wf>
         <wf lemma="двадесет" pos="X">двадесет</wf>
         <instance id="d000.s9441.t000" lemma="процент" pos="NOUN">процента</instance>
         <wf lemma="." pos="X">.</wf>
      </sentence>
      <sentence id="d000.s9442" source="wordnet-bulgarian">
         <wf lemma="По" pos="X">По</wf>
         <wf lemma="време" pos="X">време</wf>
         <wf lemma="на" pos="X">на</wf>
         <wf lemma="гласуването" pos="X">гласуването</wf>
         <wf lemma="те" pos="X">те</wf>
         <wf lemma="останаха" pos="X">останаха</wf>
         <instance id="d000.s9442.t000" lemma="малцинство" pos="NOUN">малцинство</instance>
         <wf lemma="." pos="X">.</wf>
      </sentence>
      <sentence id="d000.s9443" source="wordnet-bulgarian">
         <wf lemma="висока" pos="X">висока</wf>
         <instance id="d000.s9443.t000" lemma="безработица" pos="NOUN">безработица</instance>
         <wf lemma="." pos="X">.</wf>
      </sentence>
      <sentence id="d000.s9444" source="wordnet-bulgarian">
         <instance id="d000.s9444.t000" lemma="член" pos="NOUN">член</instance>
         <wf lemma="на" pos="X">на</wf>
         <wf lemma="семейство" pos="X">семейство</wf>
         <wf lemma="." pos="X">.</wf>
      </sentence>
      <sentence id="d000.s9445" source="wordnet-bulgarian">
         <wf lemma="Режа" pos="X">Режа</wf>
         <wf lemma="хляба" pos="X">хляба</wf>
         <wf lemma="на" pos="X">на</wf>
         <wf lemma="равни" pos="X">равни</wf>
         <instance id="d000.s9445.t000" lemma="парче" pos="NOUN">парчета</instance>
         <wf lemma="." pos="X">.</wf>
      </sentence>
      <sentence id="d000.s9446" source="wordnet-bulgarian">
         <wf lemma="лоша" pos="X">лоша</wf>
         <instance id="d000.s9446.t000" lemma="вест" pos="NOUN">вест</instance>
         <wf lemma="." pos="X">.</wf>
      </sentence>
      <sentence id="d000.s9447" source="wordnet-bulgarian">
         <wf lemma="Вечер" pos="X">Вечер</wf>
         <wf lemma="мия" pos="X">мия</wf>
         <wf lemma="ръцете" pos="X">ръцете</wf>
         <wf lemma="и" pos="X">и</wf>
         <wf lemma="лицето" pos="X">лицето</wf>
         <wf lemma="си" pos="X">си</wf>
         <wf lemma="със" pos="X">със</wf>
         <instance id="d000.s9447.t000" lemma="сапун" pos="NOUN">сапун</instance>
         <wf lemma="." pos="X">.</wf>
      </sentence>
      <sentence id="d000.s9448" source="wordnet-bulgarian">
         <wf lemma="едър" pos="X">едър</wf>
         <instance id="d000.s9448.t000" lemma="чакъл" pos="NOUN">чакъл</instance>
         <wf lemma="." pos="X">.</wf>
      </sentence>
      <sentence id="d000.s9449" source="wordnet-bulgarian">
         <wf lemma="вечна" pos="X">вечна</wf>
         <instance id="d000.s9449.t000" lemma="любов" pos="NOUN">любов</instance>
         <wf lemma="." pos="X">.</wf>
      </sentence>
      <sentence id="d000.s9450" source="wordnet-bulgarian">
         <wf lemma="висша" pos="X">висша</wf>
         <instance id="d000.s9450.t000" lemma="математика" pos="NOUN">математика</instance>
         <wf lemma="." pos="X">.</wf>
      </sentence>
      <sentence id="d000.s9451" source="wordnet-bulgarian">
         <instance id="d000.s9451.t000" lemma="атака" pos="NOUN">атака</instance>
         <wf lemma="на" pos="X">на</wf>
         <wf lemma="широк" pos="X">широк</wf>
         <wf lemma="фронт" pos="X">фронт</wf>
         <wf lemma="." pos="X">.</wf>
      </sentence>
      <sentence id="d000.s9452" source="wordnet-bulgarian">
         <wf lemma="нетно" pos="X">нетно</wf>
         <instance id="d000.s9452.t000" lemma="тегло" pos="NOUN">тегло</instance>
         <wf lemma="." pos="X">.</wf>
      </sentence>
      <sentence id="d000.s9453" source="wordnet-bulgarian">
         <wf lemma="Каква" pos="X">Каква</wf>
         <wf lemma="е" pos="X">е</wf>
         <wf lemma="дневната" pos="X">дневната</wf>
         <wf lemma="ви" pos="X">ви</wf>
         <wf lemma="нужда" pos="X">нужда</wf>
         <wf lemma="от" pos="X">от</wf>
         <instance id="d000.s9453.t000" lemma="калория" pos="NOUN">калории</instance>
         <wf lemma="?" pos="X">?</wf>
      </sentence>
      <sentence id="d000.s9454" source="wordnet-bulgarian">
         <wf lemma="народна" pos="X">народна</wf>
         <instance id="d000.s9454.t000" lemma="музика" pos="NOUN">музика</instance>
         <wf lemma="." pos="X">.</wf>
      </sentence>
      <sentence id="d000.s9455" source="wordnet-bulgarian">
         <wf lemma="белтъчна" pos="X">белтъчна</wf>
         <instance id="d000.s9455.t000" lemma="калория" pos="NOUN">калория</instance>
         <wf lemma="." pos="X">.</wf>
      </sentence>
      <sentence id="d000.s9456" source="wordnet-bulgarian">
         <instance id="d000.s9456.t000" lemma="основа" pos="NOUN">основа</instance>
         <wf lemma="на" pos="X">на</wf>
         <wf lemma="триъгълник" pos="X">триъгълник</wf>
         <wf lemma="." pos="X">.</wf>
      </sentence>
      <sentence id="d000.s9457" source="wordnet-bulgarian">
         <instance id="d000.s9457.t000" lemma="руло" pos="NOUN">руло</instance>
         <wf lemma="с" pos="X">с</wf>
         <wf lemma="мармалад" pos="X">мармалад</wf>
         <wf lemma="." pos="X">.</wf>
      </sentence>
      <sentence id="d000.s9458" source="wordnet-bulgarian">
         <wf lemma="мълчаливо" pos="X">мълчаливо</wf>
         <instance id="d000.s9458.t000" lemma="бдение" pos="NOUN">бдение</instance>
         <wf lemma="." pos="X">.</wf>
      </sentence>
      <sentence id="d000.s9459" source="wordnet-bulgarian">
         <wf lemma="В" pos="X">В</wf>
         <wf lemma="гаража" pos="X">гаража</wf>
         <wf lemma="е" pos="X">е</wf>
         <wf lemma="пълно" pos="X">пълно</wf>
         <wf lemma="с" pos="X">с</wf>
         <instance id="d000.s9459.t000" lemma="машинария" pos="NOUN">машинарии</instance>
         <wf lemma="от" pos="X">от</wf>
         <wf lemma="коли" pos="X">коли</wf>
         <wf lemma="." pos="X">.</wf>
      </sentence>
      <sentence id="d000.s9460" source="wordnet-bulgarian">
         <wf lemma="колекционирам" pos="X">колекционирам</wf>
         <instance id="d000.s9460.t000" lemma="марка" pos="NOUN">марки</instance>
         <wf lemma="." pos="X">.</wf>
      </sentence>
      <sentence id="d000.s9461" source="wordnet-bulgarian">
         <instance id="d000.s9461.t000" lemma="стана" pos="VERB">Станал</instance>
         <wf lemma="си" pos="X">си</wf>
         <wf lemma="много" pos="X">много</wf>
         <wf lemma="добър" pos="X">добър</wf>
         <wf lemma="." pos="X">.</wf>
      </sentence>
      <sentence id="d000.s9462" source="wordnet-bulgarian">
         <wf lemma="правя" pos="X">правя</wf>
         <instance id="d000.s9462.t000" lemma="видеозапис" pos="NOUN">видеозапис</instance>
         <wf lemma="." pos="X">.</wf>
      </sentence>
      <sentence id="d000.s9463" source="wordnet-bulgarian">
         <wf lemma="кръгла" pos="X">кръгла</wf>
         <instance id="d000.s9463.t000" lemma="орбита" pos="NOUN">орбита</instance>
         <wf lemma="." pos="X">.</wf>
      </sentence>
      <sentence id="d000.s9464" source="wordnet-bulgarian">
         <wf lemma="слънчева" pos="X">слънчева</wf>
         <instance id="d000.s9464.t000" lemma="система" pos="NOUN">система</instance>
         <wf lemma="." pos="X">.</wf>
      </sentence>
      <sentence id="d000.s9465" source="wordnet-bulgarian">
         <instance id="d000.s9465.t000" lemma="заседание" pos="NOUN">заседание</instance>
         <wf lemma="на" pos="X">на</wf>
         <wf lemma="Министерския" pos="X">Министерския</wf>
         <wf lemma="съвет" pos="X">съвет</wf>
         <wf lemma="." pos="X">.</wf>
      </sentence>
      <sentence id="d000.s9466" source="wordnet-bulgarian">
         <instance id="d000.s9466.t000" lemma="сирене" pos="NOUN">Сиренето</instance>
         <wf lemma="е" pos="X">е</wf>
         <wf lemma="много" pos="X">много</wf>
         <wf lemma="полезна" pos="X">полезна</wf>
         <wf lemma="храна" pos="X">храна</wf>
         <wf lemma="." pos="X">.</wf>
      </sentence>
      <sentence id="d000.s9467" source="wordnet-bulgarian">
         <wf lemma="интелектуален" pos="X">интелектуален</wf>
         <instance id="d000.s9467.t000" lemma="труд" pos="NOUN">труд</instance>
         <wf lemma="." pos="X">.</wf>
      </sentence>
      <sentence id="d000.s9468" source="wordnet-bulgarian">
         <wf lemma="жълта" pos="X">жълта</wf>
         <instance id="d000.s9468.t000" lemma="раса" pos="NOUN">раса</instance>
         <wf lemma="." pos="X">.</wf>
      </sentence>
      <sentence id="d000.s9469" source="wordnet-bulgarian">
         <wf lemma="налагам" pos="X">налагам</wf>
         <instance id="d000.s9469.t000" lemma="наказание" pos="NOUN">наказание</instance>
         <wf lemma="на" pos="X">на</wf>
         <wf lemma="." pos="X">.</wf>
      </sentence>
      <sentence id="d000.s9470" source="wordnet-bulgarian">
         <wf lemma="Не" pos="X">Не</wf>
         <instance id="d000.s9470.t000" lemma="паркирам" pos="VERB">паркирай</instance>
         <wf lemma="!" pos="X">!</wf>
      </sentence>
      <sentence id="d000.s9471" source="wordnet-bulgarian">
         <wf lemma="купувам" pos="X">купувам</wf>
         <instance id="d000.s9471.t000" lemma="кола" pos="NOUN">кола</instance>
         <wf lemma="." pos="X">.</wf>
      </sentence>
      <sentence id="d000.s9472" source="wordnet-bulgarian">
         <instance id="d000.s9472.t000" lemma="курс" pos="NOUN">курс</instance>
         <wf lemma="на" pos="X">на</wf>
         <wf lemma="юг." pos="X">юг.</wf>
      </sentence>
      <sentence id="d000.s9473" source="wordnet-bulgarian">
         <wf lemma="пържено" pos="X">пържено</wf>
         <instance id="d000.s9473.t000" lemma="яйце" pos="NOUN">яйце</instance>
         <wf lemma="." pos="X">.</wf>
      </sentence>
      <sentence id="d000.s9474" source="wordnet-bulgarian">
         <wf lemma="разлепям" pos="X">разлепям</wf>
         <instance id="d000.s9474.t000" lemma="афиш" pos="NOUN">афиши</instance>
         <wf lemma="." pos="X">.</wf>
      </sentence>
      <sentence id="d000.s9475" source="wordnet-bulgarian">
         <wf lemma="лош" pos="X">лош</wf>
         <instance id="d000.s9475.t000" lemma="късмет" pos="NOUN">късмет</instance>
         <wf lemma="." pos="X">.</wf>
      </sentence>
      <sentence id="d000.s9476" source="wordnet-bulgarian">
         <wf lemma="Окото" pos="X">Окото</wf>
         <wf lemma="е" pos="X">е</wf>
         <instance id="d000.s9476.t000" lemma="орган" pos="NOUN">орган</instance>
         <wf lemma="за" pos="X">за</wf>
         <wf lemma="гледане" pos="X">гледане</wf>
         <wf lemma="." pos="X">.</wf>
      </sentence>
      <sentence id="d000.s9477" source="wordnet-bulgarian">
         <wf lemma="лош" pos="X">лош</wf>
         <instance id="d000.s9477.t000" lemma="прецедент" pos="NOUN">прецедент</instance>
         <wf lemma="." pos="X">.</wf>
      </sentence>
      <sentence id="d000.s9478" source="wordnet-bulgarian">
         <instance id="d000.s9478.t000" lemma="крах" pos="NOUN">крах</instance>
         <wf lemma="на" pos="X">на</wf>
         <wf lemma="." pos="X">.</wf>
      </sentence>
      <sentence id="d000.s9479" source="wordnet-bulgarian">
         <wf lemma="опит" pos="X">опит</wf>
         <wf lemma="за" pos="X">за</wf>
         <instance id="d000.s9479.t000" lemma="бягство" pos="NOUN">бягство</instance>
         <wf lemma="." pos="X">.</wf>
      </sentence>
      <sentence id="d000.s9480" source="wordnet-bulgarian">
         <wf lemma="Мирната" pos="X">Мирната</wf>
         <wf lemma="акция" pos="X">акция</wf>
         <wf lemma="взема" pos="X">взема</wf>
         <wf lemma="световен" pos="X">световен</wf>
         <instance id="d000.s9480.t000" lemma="мащаб" pos="NOUN">мащаб</instance>
         <wf lemma="." pos="X">.</wf>
      </sentence>
      <sentence id="d000.s9481" source="wordnet-bulgarian">
         <wf lemma="фатална" pos="X">фатална</wf>
         <instance id="d000.s9481.t000" lemma="дата" pos="NOUN">дата</instance>
         <wf lemma="." pos="X">.</wf>
      </sentence>
      <sentence id="d000.s9482" source="wordnet-bulgarian">
         <wf lemma="готварски" pos="X">готварски</wf>
         <instance id="d000.s9482.t000" lemma="умение" pos="NOUN">умения</instance>
         <wf lemma="." pos="X">.</wf>
      </sentence>
      <sentence id="d000.s9483" source="wordnet-bulgarian">
         <wf lemma="неприличен" pos="X">неприличен</wf>
         <instance id="d000.s9483.t000" lemma="израз" pos="NOUN">израз</instance>
         <wf lemma="." pos="X">.</wf>
      </sentence>
      <sentence id="d000.s9484" source="wordnet-bulgarian">
         <wf lemma="през" pos="X">през</wf>
         <instance id="d000.s9484.t000" lemma="лято" pos="NOUN">лятото</instance>
         <wf lemma="." pos="X">.</wf>
      </sentence>
      <sentence id="d000.s9485" source="wordnet-bulgarian">
         <instance id="d000.s9485.t000" lemma="очаквам" pos="VERB">Очаква</instance>
         <wf lemma="те" pos="X">те</wf>
         <wf lemma="приятна" pos="X">приятна</wf>
         <wf lemma="изненада" pos="X">изненада</wf>
         <wf lemma="." pos="X">.</wf>
      </sentence>
      <sentence id="d000.s9486" source="wordnet-bulgarian">
         <instance id="d000.s9486.t000" lemma="дарение" pos="NOUN">дарение</instance>
         <wf lemma="от" pos="X">от</wf>
         <wf lemma="." pos="X">.</wf>
      </sentence>
      <sentence id="d000.s9487" source="wordnet-bulgarian">
         <instance id="d000.s9487.t000" lemma="квартал" pos="NOUN">квартал</instance>
         <wf lemma="&quot;" pos="X">&quot;</wf>
         <wf lemma="Витоша" pos="X">Витоша</wf>
         <wf lemma="&quot;" pos="X">&quot;</wf>
         <wf lemma="." pos="X">.</wf>
      </sentence>
      <sentence id="d000.s9488" source="wordnet-bulgarian">
         <wf lemma="ситна" pos="X">ситна</wf>
         <instance id="d000.s9488.t000" lemma="пила" pos="NOUN">пила</instance>
         <wf lemma="." pos="X">.</wf>
      </sentence>
      <sentence id="d000.s9489" source="wordnet-bulgarian">
         <instance id="d000.s9489.t000" lemma="завещавам" pos="VERB">завещавам</instance>
         <wf lemma="имот" pos="X">имот</wf>
         <wf lemma="." pos="X">.</wf>
      </sentence>
      <sentence id="d000.s9490" source="wordnet-bulgarian">
         <wf lemma="дебел" pos="X">дебел</wf>
         <instance id="d000.s9490.t000" lemma="врат" pos="NOUN">врат</instance>
         <wf lemma="." pos="X">.</wf>
      </sentence>
      <sentence id="d000.s9491" source="wordnet-bulgarian">
         <wf lemma="карам" pos="X">карам</wf>
         <instance id="d000.s9491.t000" lemma="камион" pos="NOUN">камион</instance>
         <wf lemma="." pos="X">.</wf>
      </sentence>
      <sentence id="d000.s9492" source="wordnet-bulgarian">
         <wf lemma="чужд" pos="X">чужд</wf>
         <instance id="d000.s9492.t000" lemma="грях" pos="NOUN">грях</instance>
         <wf lemma="." pos="X">.</wf>
      </sentence>
      <sentence id="d000.s9493" source="wordnet-bulgarian">
         <wf lemma="през" pos="X">през</wf>
         <instance id="d000.s9493.t000" lemma="пролет" pos="NOUN">пролетта</instance>
         <wf lemma="." pos="X">.</wf>
      </sentence>
      <sentence id="d000.s9494" source="wordnet-bulgarian">
         <wf lemma="нося" pos="X">нося</wf>
         <wf lemma="нещо" pos="X">нещо</wf>
         <wf lemma="за" pos="X">за</wf>
         <instance id="d000.s9494.t000" lemma="поправка" pos="NOUN">поправка</instance>
         <wf lemma="." pos="X">.</wf>
      </sentence>
      <sentence id="d000.s9495" source="wordnet-bulgarian">
         <wf lemma="нефтена" pos="X">нефтена</wf>
         <instance id="d000.s9495.t000" lemma="промишленост" pos="NOUN">промишленост</instance>
         <wf lemma="." pos="X">.</wf>
      </sentence>
      <sentence id="d000.s9496" source="wordnet-bulgarian">
         <instance id="d000.s9496.t000" lemma="познание" pos="NOUN">познания</instance>
         <wf lemma="по." pos="X">по.</wf>
      </sentence>
      <sentence id="d000.s9497" source="wordnet-bulgarian">
         <wf lemma="Сразих" pos="X">Сразих</wf>
         <wf lemma="най-върлия" pos="X">най-върлия</wf>
         <wf lemma="си" pos="X">си</wf>
         <instance id="d000.s9497.t000" lemma="опонент" pos="NOUN">опонент</instance>
         <wf lemma="." pos="X">.</wf>
      </sentence>
      <sentence id="d000.s9498" source="wordnet-bulgarian">
         <instance id="d000.s9498.t000" lemma="амфетамин" pos="NOUN">Амфетамините</instance>
         <wf lemma="не" pos="X">не</wf>
         <wf lemma="успокояват" pos="X">успокояват</wf>
         <wf lemma="," pos="X">,</wf>
         <wf lemma="а" pos="X">а</wf>
         <wf lemma="стимулират" pos="X">стимулират</wf>
         <wf lemma="," pos="X">,</wf>
         <wf lemma="възбуждат" pos="X">възбуждат</wf>
         <wf lemma="човешката" pos="X">човешката</wf>
         <wf lemma="психика" pos="X">психика</wf>
         <wf lemma="." pos="X">.</wf>
      </sentence>
      <sentence id="d000.s9499" source="wordnet-bulgarian">
         <wf lemma="студена" pos="X">студена</wf>
         <instance id="d000.s9499.t000" lemma="зима" pos="NOUN">зима</instance>
         <wf lemma="." pos="X">.</wf>
      </sentence>
      <sentence id="d000.s9500" source="wordnet-bulgarian">
         <wf lemma="Все" pos="X">Все</wf>
         <wf lemma="по-често" pos="X">по-често</wf>
         <wf lemma="усещаше" pos="X">усещаше</wf>
         <instance id="d000.s9500.t000" lemma="слабост" pos="NOUN">слабост</instance>
         <wf lemma="в" pos="X">в</wf>
         <wf lemma="краката" pos="X">краката</wf>
         <wf lemma="си" pos="X">си</wf>
         <wf lemma="." pos="X">.</wf>
      </sentence>
      <sentence id="d000.s9501" source="wordnet-bulgarian">
         <wf lemma="преценявам" pos="X">преценявам</wf>
         <instance id="d000.s9501.t000" lemma="обстановка" pos="NOUN">обстановката</instance>
         <wf lemma="." pos="X">.</wf>
      </sentence>
      <sentence id="d000.s9502" source="wordnet-bulgarian">
         <instance id="d000.s9502.t000" lemma="риза" pos="NOUN">Риза</instance>
         <wf lemma="с" pos="X">с</wf>
         <wf lemma="колосана" pos="X">колосана</wf>
         <wf lemma="яка" pos="X">яка</wf>
         <wf lemma="." pos="X">.</wf>
      </sentence>
      <sentence id="d000.s9503" source="wordnet-bulgarian">
         <instance id="d000.s9503.t000" lemma="изпълнител" pos="NOUN">Изпълнители</instance>
         <wf lemma="на" pos="X">на</wf>
         <wf lemma="литературно-музикалната" pos="X">литературно-музикалната</wf>
         <wf lemma="програма" pos="X">програма</wf>
         <wf lemma="са" pos="X">са</wf>
         <wf lemma="само" pos="X">само</wf>
         <wf lemma="деца" pos="X">деца</wf>
         <wf lemma="." pos="X">.</wf>
      </sentence>
      <sentence id="d000.s9504" source="wordnet-bulgarian">
         <instance id="d000.s9504.t000" lemma="плач" pos="VERB">плача</instance>
         <wf lemma="за" pos="X">за</wf>
         <wf lemma="." pos="X">.</wf>
      </sentence>
      <sentence id="d000.s9505" source="wordnet-bulgarian">
         <wf lemma="Купих" pos="X">Купих</wf>
         <wf lemma="си" pos="X">си</wf>
         <wf lemma="балон" pos="X">балон</wf>
         <wf lemma="с" pos="X">с</wf>
         <wf lemma="форма" pos="X">форма</wf>
         <wf lemma="на" pos="X">на</wf>
         <instance id="d000.s9505.t000" lemma="сърце" pos="NOUN">сърце</instance>
         <wf lemma="." pos="X">.</wf>
      </sentence>
      <sentence id="d000.s9506" source="wordnet-bulgarian">
         <wf lemma="да" pos="X">да</wf>
         <wf lemma="минем" pos="X">минем</wf>
         <wf lemma="към" pos="X">към</wf>
         <instance id="d000.s9506.t000" lemma="обсъждане" pos="NOUN">обсъждане</instance>
         <wf lemma="на" pos="X">на</wf>
         <wf lemma="." pos="X">.</wf>
      </sentence>
      <sentence id="d000.s9507" source="wordnet-bulgarian">
         <wf lemma="Искаме" pos="X">Искаме</wf>
         <wf lemma="да" pos="X">да</wf>
         <wf lemma="има" pos="X">има</wf>
         <instance id="d000.s9507.t000" lemma="мир" pos="NOUN">мир</instance>
         <wf lemma="по" pos="X">по</wf>
         <wf lemma="целия" pos="X">целия</wf>
         <wf lemma="свят" pos="X">свят</wf>
         <wf lemma="." pos="X">.</wf>
      </sentence>
      <sentence id="d000.s9508" source="wordnet-bulgarian">
         <wf lemma="четкам" pos="X">четкам</wf>
         <instance id="d000.s9508.t000" lemma="его" pos="NOUN">егото</instance>
         <wf lemma="на" pos="X">на</wf>
         <wf lemma="." pos="X">.</wf>
      </sentence>
      <sentence id="d000.s9509" source="wordnet-bulgarian">
         <wf lemma="имам" pos="X">имам</wf>
         <wf lemma="право" pos="X">право</wf>
         <wf lemma="на" pos="X">на</wf>
         <instance id="d000.s9509.t000" lemma="глас" pos="NOUN">глас</instance>
         <wf lemma="." pos="X">.</wf>
      </sentence>
      <sentence id="d000.s9510" source="wordnet-bulgarian">
         <wf lemma="Тялото" pos="X">Тялото</wf>
         <wf lemma="й" pos="X">й</wf>
         <wf lemma="се" pos="X">се</wf>
         <wf lemma="сгърчи" pos="X">сгърчи</wf>
         <wf lemma="от" pos="X">от</wf>
         <wf lemma="силна" pos="X">силна</wf>
         <instance id="d000.s9510.t000" lemma="мъка" pos="NOUN">мъка</instance>
         <wf lemma="." pos="X">.</wf>
      </sentence>
      <sentence id="d000.s9511" source="wordnet-bulgarian">
         <wf lemma="получавам" pos="X">получавам</wf>
         <instance id="d000.s9511.t000" lemma="облага" pos="NOUN">облаги</instance>
         <wf lemma="от" pos="X">от</wf>
         <wf lemma="." pos="X">.</wf>
      </sentence>
      <sentence id="d000.s9512" source="wordnet-bulgarian">
         <wf lemma="без" pos="X">без</wf>
         <instance id="d000.s9512.t000" lemma="чувство" pos="NOUN">чувства</instance>
         <wf lemma="." pos="X">.</wf>
      </sentence>
      <sentence id="d000.s9513" source="wordnet-bulgarian">
         <wf lemma="има" pos="X">има</wf>
         <wf lemma="голяма" pos="X">голяма</wf>
         <instance id="d000.s9513.t000" lemma="възможност" pos="NOUN">възможност</instance>
         <wf lemma="." pos="X">.</wf>
      </sentence>
      <sentence id="d000.s9514" source="wordnet-bulgarian">
         <wf lemma="имам" pos="X">имам</wf>
         <wf lemma="нужда" pos="X">нужда</wf>
         <wf lemma="от" pos="X">от</wf>
         <instance id="d000.s9514.t000" lemma="подкрепа" pos="NOUN">подкрепа</instance>
         <wf lemma="." pos="X">.</wf>
      </sentence>
      <sentence id="d000.s9515" source="wordnet-bulgarian">
         <wf lemma="златарско" pos="X">златарско</wf>
         <instance id="d000.s9515.t000" lemma="ателие" pos="NOUN">ателие</instance>
         <wf lemma="." pos="X">.</wf>
      </sentence>
      <sentence id="d000.s9516" source="wordnet-bulgarian">
         <wf lemma="Каква" pos="X">Каква</wf>
         <wf lemma="е" pos="X">е</wf>
         <instance id="d000.s9516.t000" lemma="цена" pos="NOUN">цената</instance>
         <wf lemma="на" pos="X">на</wf>
         <wf lemma="славата" pos="X">славата</wf>
         <wf lemma="?" pos="X">?</wf>
      </sentence>
      <sentence id="d000.s9517" source="wordnet-bulgarian">
         <wf lemma="имам" pos="X">имам</wf>
         <wf lemma="неговото" pos="X">неговото</wf>
         <instance id="d000.s9517.t000" lemma="позволение" pos="NOUN">позволение</instance>
         <wf lemma="." pos="X">.</wf>
      </sentence>
      <sentence id="d000.s9518" source="wordnet-bulgarian">
         <wf lemma="кожена" pos="X">кожена</wf>
         <instance id="d000.s9518.t000" lemma="чанта" pos="NOUN">чанта</instance>
         <wf lemma="." pos="X">.</wf>
      </sentence>
      <sentence id="d000.s9519" source="wordnet-bulgarian">
         <wf lemma="Не" pos="X">Не</wf>
         <wf lemma="мога" pos="X">мога</wf>
         <wf lemma="да" pos="X">да</wf>
         <wf lemma="се" pos="X">се</wf>
         <wf lemma="съглася" pos="X">съглася</wf>
         <wf lemma="с" pos="X">с</wf>
         <wf lemma="вашето" pos="X">вашето</wf>
         <instance id="d000.s9519.t000" lemma="твърдение" pos="NOUN">твърдение</instance>
         <wf lemma="." pos="X">.</wf>
      </sentence>
      <sentence id="d000.s9520" source="wordnet-bulgarian">
         <wf lemma="есенен" pos="X">есенен</wf>
         <instance id="d000.s9520.t000" lemma="дъжд" pos="NOUN">дъжд</instance>
         <wf lemma="." pos="X">.</wf>
      </sentence>
      <sentence id="d000.s9521" source="wordnet-bulgarian">
         <wf lemma="развита" pos="X">развита</wf>
         <instance id="d000.s9521.t000" lemma="инфраструктура" pos="NOUN">инфраструктура</instance>
         <wf lemma="." pos="X">.</wf>
      </sentence>
      <sentence id="d000.s9522" source="wordnet-bulgarian">
         <wf lemma="предучилищна" pos="X">предучилищна</wf>
         <instance id="d000.s9522.t000" lemma="възраст" pos="NOUN">възраст</instance>
         <wf lemma="." pos="X">.</wf>
      </sentence>
      <sentence id="d000.s9523" source="wordnet-bulgarian">
         <wf lemma="болезнено" pos="X">болезнено</wf>
         <instance id="d000.s9523.t000" lemma="ужилване" pos="NOUN">ужилване</instance>
         <wf lemma="." pos="X">.</wf>
      </sentence>
      <sentence id="d000.s9524" source="wordnet-bulgarian">
         <wf lemma="износени" pos="X">износени</wf>
         <instance id="d000.s9524.t000" lemma="обувка" pos="NOUN">обувки</instance>
         <wf lemma="." pos="X">.</wf>
      </sentence>
      <sentence id="d000.s9525" source="wordnet-bulgarian">
         <wf lemma="необитаем" pos="X">необитаем</wf>
         <instance id="d000.s9525.t000" lemma="остров" pos="NOUN">остров</instance>
         <wf lemma="." pos="X">.</wf>
      </sentence>
      <sentence id="d000.s9526" source="wordnet-bulgarian">
         <wf lemma="Резултатите" pos="X">Резултатите</wf>
         <wf lemma="от" pos="X">от</wf>
         <instance id="d000.s9526.t000" lemma="избор" pos="NOUN">изборите</instance>
         <wf lemma="ще" pos="X">ще</wf>
         <wf lemma="бъдат" pos="X">бъдат</wf>
         <wf lemma="известни" pos="X">известни</wf>
         <wf lemma="тази" pos="X">тази</wf>
         <wf lemma="вечер" pos="X">вечер</wf>
         <wf lemma="." pos="X">.</wf>
      </sentence>
      <sentence id="d000.s9527" source="wordnet-bulgarian">
         <instance id="d000.s9527.t000" lemma="имиграция" pos="NOUN">имиграция</instance>
         <wf lemma="в." pos="X">в.</wf>
      </sentence>
      <sentence id="d000.s9528" source="wordnet-bulgarian">
         <wf lemma="директен" pos="X">директен</wf>
         <instance id="d000.s9528.t000" lemma="внос" pos="NOUN">внос</instance>
         <wf lemma="." pos="X">.</wf>
      </sentence>
      <sentence id="d000.s9529" source="wordnet-bulgarian">
         <instance id="d000.s9529.t000" lemma="опасност" pos="NOUN">опасност</instance>
         <wf lemma="от" pos="X">от</wf>
         <wf lemma="нападение" pos="X">нападение</wf>
         <wf lemma="." pos="X">.</wf>
      </sentence>
      <sentence id="d000.s9530" source="wordnet-bulgarian">
         <wf lemma="отивам" pos="X">отивам</wf>
         <wf lemma="на" pos="X">на</wf>
         <instance id="d000.s9530.t000" lemma="плаж" pos="NOUN">плаж</instance>
         <wf lemma="." pos="X">.</wf>
      </sentence>
      <sentence id="d000.s9531" source="wordnet-bulgarian">
         <wf lemma="Упражнявам" pos="X">Упражнявам</wf>
         <wf lemma="няколко" pos="X">няколко</wf>
         <wf lemma="вида" pos="X">вида</wf>
         <instance id="d000.s9531.t000" lemma="спорт" pos="NOUN">спорт</instance>
         <wf lemma="." pos="X">.</wf>
      </sentence>
      <sentence id="d000.s9532" source="wordnet-bulgarian">
         <wf lemma="Бенгалски" pos="X">Бенгалски</wf>
         <instance id="d000.s9532.t000" lemma="тигър" pos="NOUN">тигър</instance>
         <wf lemma="." pos="X">.</wf>
      </sentence>
      <sentence id="d000.s9533" source="wordnet-bulgarian">
         <wf lemma="лирически" pos="X">лирически</wf>
         <instance id="d000.s9533.t000" lemma="герой" pos="NOUN">герой</instance>
         <wf lemma="." pos="X">.</wf>
      </sentence>
      <sentence id="d000.s9534" source="wordnet-bulgarian">
         <wf lemma="нов" pos="X">нов</wf>
         <instance id="d000.s9534.t000" lemma="вариант" pos="NOUN">вариант</instance>
         <wf lemma="на" pos="X">на</wf>
         <wf lemma="." pos="X">.</wf>
      </sentence>
      <sentence id="d000.s9535" source="wordnet-bulgarian">
         <wf lemma="нежна" pos="X">нежна</wf>
         <instance id="d000.s9535.t000" lemma="китка" pos="NOUN">китка</instance>
         <wf lemma="." pos="X">.</wf>
      </sentence>
      <sentence id="d000.s9536" source="wordnet-bulgarian">
         <instance id="d000.s9536.t000" lemma="връзка" pos="NOUN">Връзката</instance>
         <wf lemma="вежду" pos="X">вежду</wf>
         <wf lemma="църквата" pos="X">църквата</wf>
         <wf lemma="и" pos="X">и</wf>
         <wf lemma="държавата" pos="X">държавата</wf>
         <wf lemma="е" pos="X">е</wf>
         <wf lemma="неизбежна" pos="X">неизбежна</wf>
         <wf lemma="." pos="X">.</wf>
      </sentence>
      <sentence id="d000.s9537" source="wordnet-bulgarian">
         <wf lemma="черна" pos="X">черна</wf>
         <instance id="d000.s9537.t000" lemma="раса" pos="NOUN">раса</instance>
         <wf lemma="." pos="X">.</wf>
      </sentence>
      <sentence id="d000.s9538" source="wordnet-bulgarian">
         <wf lemma="среща" pos="X">среща</wf>
         <wf lemma="с" pos="X">с</wf>
         <instance id="d000.s9538.t000" lemma="работодател" pos="NOUN">работодатели</instance>
         <wf lemma="." pos="X">.</wf>
      </sentence>
      <sentence id="d000.s9539" source="wordnet-bulgarian">
         <wf lemma="равноправни" pos="X">равноправни</wf>
         <instance id="d000.s9539.t000" lemma="партньор" pos="NOUN">партньори</instance>
         <wf lemma="." pos="X">.</wf>
      </sentence>
      <sentence id="d000.s9540" source="wordnet-bulgarian">
         <instance id="d000.s9540.t000" lemma="преуспявам" pos="VERB">преуспявам</instance>
         <wf lemma="в" pos="X">в</wf>
         <wf lemma="професията" pos="X">професията</wf>
         <wf lemma="." pos="X">.</wf>
      </sentence>
      <sentence id="d000.s9541" source="wordnet-bulgarian">
         <instance id="d000.s9541.t000" lemma="психоанализа" pos="NOUN">Психоанализата</instance>
         <wf lemma="е" pos="X">е</wf>
         <wf lemma="форма" pos="X">форма</wf>
         <wf lemma="на" pos="X">на</wf>
         <wf lemma="психотерапия" pos="X">психотерапия</wf>
         <wf lemma="." pos="X">.</wf>
      </sentence>
      <sentence id="d000.s9542" source="wordnet-bulgarian">
         <wf lemma="Той" pos="X">Той</wf>
         <wf lemma="извади" pos="X">извади</wf>
         <wf lemma="от" pos="X">от</wf>
         <wf lemma="портфейла" pos="X">портфейла</wf>
         <wf lemma="си" pos="X">си</wf>
         <wf lemma="голяма" pos="X">голяма</wf>
         <wf lemma="пачка" pos="X">пачка</wf>
         <instance id="d000.s9542.t000" lemma="банкнота" pos="NOUN">банкноти</instance>
         <wf lemma="и" pos="X">и</wf>
         <wf lemma="ме" pos="X">ме</wf>
         <wf lemma="помоли" pos="X">помоли</wf>
         <wf lemma="да" pos="X">да</wf>
         <wf lemma="ги" pos="X">ги</wf>
         <wf lemma="преброя" pos="X">преброя</wf>
         <wf lemma="." pos="X">.</wf>
      </sentence>
      <sentence id="d000.s9543" source="wordnet-bulgarian">
         <wf lemma="печено" pos="X">печено</wf>
         <instance id="d000.s9543.t000" lemma="месо" pos="NOUN">месо</instance>
         <wf lemma="." pos="X">.</wf>
      </sentence>
      <sentence id="d000.s9544" source="wordnet-bulgarian">
         <wf lemma="пряко" pos="X">пряко</wf>
         <instance id="d000.s9544.t000" lemma="значение" pos="NOUN">значение</instance>
         <wf lemma="." pos="X">.</wf>
      </sentence>
      <sentence id="d000.s9545" source="wordnet-bulgarian">
         <wf lemma="приемам" pos="X">приемам</wf>
         <instance id="d000.s9545.t000" lemma="недостатък" pos="NOUN">недостатъците</instance>
         <wf lemma="на" pos="X">на</wf>
         <wf lemma="." pos="X">.</wf>
      </sentence>
      <sentence id="d000.s9546" source="wordnet-bulgarian">
         <wf lemma="спускам" pos="X">спускам</wf>
         <instance id="d000.s9546.t000" lemma="перде" pos="NOUN">пердето</instance>
         <wf lemma="." pos="X">.</wf>
      </sentence>
      <sentence id="d000.s9547" source="wordnet-bulgarian">
         <wf lemma="месец" pos="X">месец</wf>
         <instance id="d000.s9547.t000" lemma="март" pos="NOUN">март</instance>
         <wf lemma="." pos="X">.</wf>
      </sentence>
      <sentence id="d000.s9548" source="wordnet-bulgarian">
         <wf lemma="Извадих" pos="X">Извадих</wf>
         <wf lemma="голям" pos="X">голям</wf>
         <wf lemma="късмет" pos="X">късмет</wf>
         <wf lemma="с" pos="X">с</wf>
         <wf lemma="мойта" pos="X">мойта</wf>
         <instance id="d000.s9548.t000" lemma="съпруга" pos="NOUN">съпруга</instance>
         <wf lemma="." pos="X">.</wf>
      </sentence>
      <sentence id="d000.s9549" source="wordnet-bulgarian">
         <instance id="d000.s9549.t000" lemma="опасност" pos="NOUN">опасност</instance>
         <wf lemma="от" pos="X">от</wf>
         <wf lemma="заразяване" pos="X">заразяване</wf>
         <wf lemma="." pos="X">.</wf>
      </sentence>
      <sentence id="d000.s9550" source="wordnet-bulgarian">
         <wf lemma="погранична" pos="X">погранична</wf>
         <instance id="d000.s9550.t000" lemma="област" pos="NOUN">област</instance>
         <wf lemma="." pos="X">.</wf>
      </sentence>
      <sentence id="d000.s9551" source="wordnet-bulgarian">
         <wf lemma="зърнени" pos="X">зърнени</wf>
         <instance id="d000.s9551.t000" lemma="храна" pos="NOUN">храни</instance>
         <wf lemma="." pos="X">.</wf>
      </sentence>
      <sentence id="d000.s9552" source="wordnet-bulgarian">
         <wf lemma="В" pos="X">В</wf>
         <wf lemma="този" pos="X">този</wf>
         <wf lemma="дом" pos="X">дом</wf>
         <wf lemma="няма" pos="X">няма</wf>
         <wf lemma="подходяща" pos="X">подходяща</wf>
         <instance id="d000.s9552.t000" lemma="атмосфера" pos="NOUN">атмосфера</instance>
         <wf lemma="." pos="X">.</wf>
      </sentence>
      <sentence id="d000.s9553" source="wordnet-bulgarian">
         <wf lemma="усещам" pos="X">усещам</wf>
         <instance id="d000.s9553.t000" lemma="омраза" pos="NOUN">омраза</instance>
         <wf lemma="към" pos="X">към</wf>
         <wf lemma="." pos="X">.</wf>
      </sentence>
      <sentence id="d000.s9554" source="wordnet-bulgarian">
         <wf lemma="правоъгълна" pos="X">правоъгълна</wf>
         <instance id="d000.s9554.t000" lemma="форма" pos="NOUN">форма</instance>
         <wf lemma="." pos="X">.</wf>
      </sentence>
      <sentence id="d000.s9555" source="wordnet-bulgarian">
         <wf lemma="уча" pos="X">уча</wf>
         <wf lemma="в" pos="X">в</wf>
         <instance id="d000.s9555.t000" lemma="колеж" pos="NOUN">колеж</instance>
         <wf lemma="." pos="X">.</wf>
      </sentence>
      <sentence id="d000.s9556" source="wordnet-bulgarian">
         <instance id="d000.s9556.t000" lemma="демонстрация" pos="NOUN">демонстрация</instance>
         <wf lemma="против" pos="X">против</wf>
         <wf lemma="." pos="X">.</wf>
      </sentence>
      <sentence id="d000.s9557" source="wordnet-bulgarian">
         <wf lemma="втори" pos="X">втори</wf>
         <instance id="d000.s9557.t000" lemma="баща" pos="NOUN">баща</instance>
         <wf lemma="." pos="X">.</wf>
      </sentence>
      <sentence id="d000.s9558" source="wordnet-bulgarian">
         <wf lemma="съставям" pos="X">съставям</wf>
         <wf lemma="си" pos="X">си</wf>
         <instance id="d000.s9558.t000" lemma="мнение" pos="NOUN">мнение</instance>
         <wf lemma="за" pos="X">за</wf>
         <wf lemma="." pos="X">.</wf>
      </sentence>
      <sentence id="d000.s9559" source="wordnet-bulgarian">
         <wf lemma="голям" pos="X">голям</wf>
         <instance id="d000.s9559.t000" lemma="товар" pos="NOUN">товар</instance>
         <wf lemma="." pos="X">.</wf>
      </sentence>
      <sentence id="d000.s9560" source="wordnet-bulgarian">
         <wf lemma="Останах" pos="X">Останах</wf>
         <wf lemma="при" pos="X">при</wf>
         <wf lemma="родителите" pos="X">родителите</wf>
         <wf lemma="си" pos="X">си</wf>
         <wf lemma="за" pos="X">за</wf>
         <wf lemma="през" pos="X">през</wf>
         <instance id="d000.s9560.t000" lemma="нощ" pos="NOUN">нощта</instance>
         <wf lemma="." pos="X">.</wf>
      </sentence>
      <sentence id="d000.s9561" source="wordnet-bulgarian">
         <instance id="d000.s9561.t000" lemma="плащам" pos="VERB">плащам</instance>
         <wf lemma="на" pos="X">на</wf>
         <wf lemma="части" pos="X">части</wf>
         <wf lemma="." pos="X">.</wf>
      </sentence>
      <sentence id="d000.s9562" source="wordnet-bulgarian">
         <instance id="d000.s9562.t000" lemma="таван" pos="NOUN">таван</instance>
         <wf lemma="на" pos="X">на</wf>
         <wf lemma="заплатите" pos="X">заплатите</wf>
         <wf lemma="." pos="X">.</wf>
      </sentence>
      <sentence id="d000.s9563" source="wordnet-bulgarian">
         <wf lemma="Попитай" pos="X">Попитай</wf>
         <instance id="d000.s9563.t000" lemma="жена" pos="NOUN">жена</instance>
         <wf lemma="си" pos="X">си</wf>
         <wf lemma="." pos="X">.</wf>
      </sentence>
      <sentence id="d000.s9564" source="wordnet-bulgarian">
         <instance id="d000.s9564.t000" lemma="галон" pos="NOUN">галон</instance>
         <wf lemma="уиски" pos="X">уиски</wf>
         <wf lemma="." pos="X">.</wf>
      </sentence>
      <sentence id="d000.s9565" source="wordnet-bulgarian">
         <wf lemma="военна" pos="X">военна</wf>
         <instance id="d000.s9565.t000" lemma="промишленост" pos="NOUN">промишленост</instance>
         <wf lemma="." pos="X">.</wf>
      </sentence>
      <sentence id="d000.s9566" source="wordnet-bulgarian">
         <wf lemma="случайна" pos="X">случайна</wf>
         <instance id="d000.s9566.t000" lemma="среща" pos="NOUN">среща</instance>
         <wf lemma="." pos="X">.</wf>
      </sentence>
      <sentence id="d000.s9567" source="wordnet-bulgarian">
         <wf lemma="изнасям" pos="X">изнасям</wf>
         <instance id="d000.s9567.t000" lemma="лекция" pos="NOUN">лекция</instance>
         <wf lemma="." pos="X">.</wf>
      </sentence>
      <sentence id="d000.s9568" source="wordnet-bulgarian">
         <wf lemma="без" pos="X">без</wf>
         <wf lemma="лекарско" pos="X">лекарско</wf>
         <instance id="d000.s9568.t000" lemma="предписание" pos="NOUN">предписание</instance>
         <wf lemma="." pos="X">.</wf>
      </sentence>
      <sentence id="d000.s9569" source="wordnet-bulgarian">
         <wf lemma="предварително" pos="X">предварително</wf>
         <instance id="d000.s9569.t000" lemma="решение" pos="NOUN">решение</instance>
         <wf lemma="." pos="X">.</wf>
      </sentence>
      <sentence id="d000.s9570" source="wordnet-bulgarian">
         <wf lemma="теоретична" pos="X">теоретична</wf>
         <instance id="d000.s9570.t000" lemma="база" pos="NOUN">база</instance>
         <wf lemma="." pos="X">.</wf>
      </sentence>
      <sentence id="d000.s9571" source="wordnet-bulgarian">
         <wf lemma="Мравките" pos="X">Мравките</wf>
         <wf lemma="като" pos="X">като</wf>
         <wf lemma="че" pos="X">че</wf>
         <wf lemma="ли" pos="X">ли</wf>
         <instance id="d000.s9571.t000" lemma="извирам" pos="VERB">извираха</instance>
         <wf lemma="от" pos="X">от</wf>
         <wf lemma="някъде" pos="X">някъде</wf>
         <wf lemma="." pos="X">.</wf>
      </sentence>
      <sentence id="d000.s9572" source="wordnet-bulgarian">
         <wf lemma="пълна" pos="X">пълна</wf>
         <instance id="d000.s9572.t000" lemma="пушка" pos="NOUN">пушка</instance>
         <wf lemma="." pos="X">.</wf>
      </sentence>
      <sentence id="d000.s9573" source="wordnet-bulgarian">
         <instance id="d000.s9573.t000" lemma="желание" pos="NOUN">желание</instance>
         <wf lemma="за" pos="X">за</wf>
         <wf lemma="." pos="X">.</wf>
      </sentence>
      <sentence id="d000.s9574" source="wordnet-bulgarian">
         <wf lemma="правя" pos="X">правя</wf>
         <wf lemma="си" pos="X">си</wf>
         <instance id="d000.s9574.t000" lemma="сандвич" pos="NOUN">сандвич</instance>
         <wf lemma="." pos="X">.</wf>
      </sentence>
      <sentence id="d000.s9575" source="wordnet-bulgarian">
         <wf lemma="без" pos="X">без</wf>
         <instance id="d000.s9575.t000" lemma="воля" pos="NOUN">воля</instance>
         <wf lemma="." pos="X">.</wf>
      </sentence>
      <sentence id="d000.s9576" source="wordnet-bulgarian">
         <wf lemma="Групата" pos="X">Групата</wf>
         <instance id="d000.s9576.t000" lemma="свиря" pos="VERB">свири</instance>
         <wf lemma="цяла" pos="X">цяла</wf>
         <wf lemma="нощ" pos="X">нощ</wf>
         <wf lemma="." pos="X">.</wf>
      </sentence>
      <sentence id="d000.s9577" source="wordnet-bulgarian">
         <instance id="d000.s9577.t000" lemma="книга" pos="NOUN">книга</instance>
         <wf lemma="с" pos="X">с</wf>
         <wf lemma="твърди" pos="X">твърди</wf>
         <wf lemma="корици" pos="X">корици</wf>
         <wf lemma="." pos="X">.</wf>
      </sentence>
      <sentence id="d000.s9578" source="wordnet-bulgarian">
         <wf lemma="подготвям" pos="X">подготвям</wf>
         <instance id="d000.s9578.t000" lemma="изложба" pos="NOUN">изложба</instance>
         <wf lemma="." pos="X">.</wf>
      </sentence>
      <sentence id="d000.s9579" source="wordnet-bulgarian">
         <wf lemma="без" pos="X">без</wf>
         <wf lemma="чужда" pos="X">чужда</wf>
         <instance id="d000.s9579.t000" lemma="подкрепа" pos="NOUN">подкрепа</instance>
         <wf lemma="." pos="X">.</wf>
      </sentence>
      <sentence id="d000.s9580" source="wordnet-bulgarian">
         <wf lemma="общ" pos="X">общ</wf>
         <instance id="d000.s9580.t000" lemma="сбор" pos="NOUN">сбор</instance>
         <wf lemma="." pos="X">.</wf>
      </sentence>
      <sentence id="d000.s9581" source="wordnet-bulgarian">
         <wf lemma="временен" pos="X">временен</wf>
         <instance id="d000.s9581.t000" lemma="адрес" pos="NOUN">адрес</instance>
         <wf lemma="." pos="X">.</wf>
      </sentence>
      <sentence id="d000.s9582" source="wordnet-bulgarian">
         <instance id="d000.s9582.t000" lemma="постижение" pos="NOUN">постижения</instance>
         <wf lemma="в" pos="X">в</wf>
         <wf lemma="областта" pos="X">областта</wf>
         <wf lemma="на" pos="X">на</wf>
         <wf lemma="спорта" pos="X">спорта</wf>
         <wf lemma="." pos="X">.</wf>
      </sentence>
      <sentence id="d000.s9583" source="wordnet-bulgarian">
         <wf lemma="жизнен" pos="X">жизнен</wf>
         <instance id="d000.s9583.t000" lemma="въпрос" pos="NOUN">въпрос</instance>
         <wf lemma="." pos="X">.</wf>
      </sentence>
      <sentence id="d000.s9584" source="wordnet-bulgarian">
         <wf lemma="телевизионен" pos="X">телевизионен</wf>
         <instance id="d000.s9584.t000" lemma="зрител" pos="NOUN">зрител</instance>
         <wf lemma="." pos="X">.</wf>
      </sentence>
      <sentence id="d000.s9585" source="wordnet-bulgarian">
         <wf lemma="едва" pos="X">едва</wf>
         <wf lemma="сдържам" pos="X">сдържам</wf>
         <instance id="d000.s9585.t000" lemma="гняв" pos="NOUN">гнева</instance>
         <wf lemma="си" pos="X">си</wf>
         <wf lemma="." pos="X">.</wf>
      </sentence>
      <sentence id="d000.s9586" source="wordnet-bulgarian">
         <wf lemma="държа" pos="X">държа</wf>
         <wf lemma="се" pos="X">се</wf>
         <wf lemma="на" pos="X">на</wf>
         <instance id="d000.s9586.t000" lemma="положение" pos="NOUN">положение</instance>
         <wf lemma="." pos="X">.</wf>
      </sentence>
      <sentence id="d000.s9587" source="wordnet-bulgarian">
         <wf lemma="замърсяване" pos="X">замърсяване</wf>
         <wf lemma="на" pos="X">на</wf>
         <instance id="d000.s9587.t000" lemma="въздух" pos="NOUN">въздуха</instance>
         <wf lemma="." pos="X">.</wf>
      </sentence>
      <sentence id="d000.s9588" source="wordnet-bulgarian">
         <wf lemma="галопираща" pos="X">галопираща</wf>
         <instance id="d000.s9588.t000" lemma="инфлация" pos="NOUN">инфлация</instance>
         <wf lemma="." pos="X">.</wf>
      </sentence>
      <sentence id="d000.s9589" source="wordnet-bulgarian">
         <wf lemma="повърхностна" pos="X">повърхностна</wf>
         <instance id="d000.s9589.t000" lemma="рана" pos="NOUN">рана</instance>
         <wf lemma="." pos="X">.</wf>
      </sentence>
      <sentence id="d000.s9590" source="wordnet-bulgarian">
         <instance id="d000.s9590.t000" lemma="соло" pos="NOUN">соло</instance>
         <wf lemma="за" pos="X">за</wf>
         <wf lemma="." pos="X">.</wf>
      </sentence>
      <sentence id="d000.s9591" source="wordnet-bulgarian">
         <wf lemma="Покрив" pos="X">Покрив</wf>
         <wf lemma="с" pos="X">с</wf>
         <wf lemma="голям" pos="X">голям</wf>
         <instance id="d000.s9591.t000" lemma="наклон" pos="NOUN">наклон</instance>
         <wf lemma="." pos="X">.</wf>
      </sentence>
      <sentence id="d000.s9592" source="wordnet-bulgarian">
         <wf lemma="България" pos="X">България</wf>
         <wf lemma="беше" pos="X">беше</wf>
         <instance id="d000.s9592.t000" lemma="домакин" pos="NOUN">домакин</instance>
         <wf lemma="на" pos="X">на</wf>
         <wf lemma="тази" pos="X">тази</wf>
         <wf lemma="конференция" pos="X">конференция</wf>
         <wf lemma="." pos="X">.</wf>
      </sentence>
      <sentence id="d000.s9593" source="wordnet-bulgarian">
         <instance id="d000.s9593.t000" lemma="записване" pos="NOUN">записване</instance>
         <wf lemma="за" pos="X">за</wf>
         <wf lemma="екскурзия" pos="X">екскурзия</wf>
         <wf lemma="." pos="X">.</wf>
      </sentence>
      <sentence id="d000.s9594" source="wordnet-bulgarian">
         <instance id="d000.s9594.t000" lemma="родство" pos="NOUN">родство</instance>
         <wf lemma="по" pos="X">по</wf>
         <wf lemma="съребрена" pos="X">съребрена</wf>
         <wf lemma="линия" pos="X">линия</wf>
         <wf lemma="." pos="X">.</wf>
      </sentence>
      <sentence id="d000.s9595" source="wordnet-bulgarian">
         <wf lemma="слизам" pos="X">слизам</wf>
         <wf lemma="от" pos="X">от</wf>
         <instance id="d000.s9595.t000" lemma="такса" pos="NOUN">такси</instance>
         <wf lemma="." pos="X">.</wf>
      </sentence>
      <sentence id="d000.s9596" source="wordnet-bulgarian">
         <wf lemma="няколко" pos="X">няколко</wf>
         <instance id="d000.s9596.t000" lemma="инч" pos="NOUN">инча</instance>
         <wf lemma="." pos="X">.</wf>
      </sentence>
      <sentence id="d000.s9597" source="wordnet-bulgarian">
         <wf lemma="селски" pos="X">селски</wf>
         <instance id="d000.s9597.t000" lemma="път" pos="NOUN">път</instance>
         <wf lemma="." pos="X">.</wf>
      </sentence>
      <sentence id="d000.s9598" source="wordnet-bulgarian">
         <wf lemma="имам" pos="X">имам</wf>
         <instance id="d000.s9598.t000" lemma="дял" pos="NOUN">дял</instance>
         <wf lemma="от" pos="X">от</wf>
         <wf lemma="." pos="X">.</wf>
      </sentence>
      <sentence id="d000.s9599" source="wordnet-bulgarian">
         <wf lemma="тих" pos="X">тих</wf>
         <instance id="d000.s9599.t000" lemma="булевард" pos="NOUN">булевард</instance>
         <wf lemma="." pos="X">.</wf>
      </sentence>
      <sentence id="d000.s9600" source="wordnet-bulgarian">
         <wf lemma="след" pos="X">след</wf>
         <wf lemma="няколко" pos="X">няколко</wf>
         <instance id="d000.s9600.t000" lemma="седмица" pos="NOUN">седмици</instance>
         <wf lemma="." pos="X">.</wf>
      </sentence>
      <sentence id="d000.s9601" source="wordnet-bulgarian">
         <instance id="d000.s9601.t000" lemma="култивирам" pos="VERB">култивирам</instance>
         <wf lemma="почва" pos="X">почва</wf>
         <wf lemma="." pos="X">.</wf>
      </sentence>
      <sentence id="d000.s9602" source="wordnet-bulgarian">
         <instance id="d000.s9602.t000" lemma="период" pos="NOUN">период</instance>
         <wf lemma="на" pos="X">на</wf>
         <wf lemma="промени" pos="X">промени</wf>
         <wf lemma="." pos="X">.</wf>
      </sentence>
      <sentence id="d000.s9603" source="wordnet-bulgarian">
         <wf lemma="нося" pos="X">нося</wf>
         <instance id="d000.s9603.t000" lemma="отговорност" pos="NOUN">отговорност</instance>
         <wf lemma="." pos="X">.</wf>
      </sentence>
      <sentence id="d000.s9604" source="wordnet-bulgarian">
         <wf lemma="Обичам" pos="X">Обичам</wf>
         <wf lemma="да" pos="X">да</wf>
         <instance id="d000.s9604.t000" lemma="пея" pos="VERB">пея</instance>
         <wf lemma="." pos="X">.</wf>
      </sentence>
      <sentence id="d000.s9605" source="wordnet-bulgarian">
         <wf lemma="лекарски" pos="X">лекарски</wf>
         <instance id="d000.s9605.t000" lemma="съвет" pos="NOUN">съвет</instance>
         <wf lemma="." pos="X">.</wf>
      </sentence>
      <sentence id="d000.s9606" source="wordnet-bulgarian">
         <wf lemma="правя" pos="X">правя</wf>
         <wf lemma="на" pos="X">на</wf>
         <instance id="d000.s9606.t000" lemma="руло" pos="NOUN">руло</instance>
         <wf lemma="." pos="X">.</wf>
      </sentence>
      <sentence id="d000.s9607" source="wordnet-bulgarian">
         <wf lemma="Обичам" pos="X">Обичам</wf>
         <wf lemma="да" pos="X">да</wf>
         <wf lemma="показвам" pos="X">показвам</wf>
         <wf lemma="своята" pos="X">своята</wf>
         <instance id="d000.s9607.t000" lemma="индивидуалност" pos="NOUN">индивидуалност</instance>
         <wf lemma="." pos="X">.</wf>
      </sentence>
      <sentence id="d000.s9608" source="wordnet-bulgarian">
         <wf lemma="оставям" pos="X">оставям</wf>
         <instance id="d000.s9608.t000" lemma="следа" pos="NOUN">следа</instance>
         <wf lemma="." pos="X">.</wf>
      </sentence>
      <sentence id="d000.s9609" source="wordnet-bulgarian">
         <wf lemma="обещавам" pos="X">обещавам</wf>
         <instance id="d000.s9609.t000" lemma="възмездие" pos="NOUN">възмездие</instance>
         <wf lemma="." pos="X">.</wf>
      </sentence>
      <sentence id="d000.s9610" source="wordnet-bulgarian">
         <instance id="d000.s9610.t000" lemma="избирам" pos="VERB">Избирам</instance>
         <wf lemma="да" pos="X">да</wf>
         <wf lemma="влагам" pos="X">влагам</wf>
         <wf lemma="парите" pos="X">парите</wf>
         <wf lemma="си" pos="X">си</wf>
         <wf lemma="в" pos="X">в</wf>
         <wf lemma="банка" pos="X">банка</wf>
         <wf lemma="." pos="X">.</wf>
      </sentence>
      <sentence id="d000.s9611" source="wordnet-bulgarian">
         <wf lemma="Защо" pos="X">Защо</wf>
         <wf lemma="не" pos="X">не</wf>
         <wf lemma="ми" pos="X">ми</wf>
         <instance id="d000.s9611.t000" lemma="пиша" pos="VERB">пишеш</instance>
         <wf lemma="?" pos="X">?</wf>
      </sentence>
      <sentence id="d000.s9612" source="wordnet-bulgarian">
         <instance id="d000.s9612.t000" lemma="плащам" pos="VERB">плащам</instance>
         <wf lemma="в" pos="X">в</wf>
         <wf lemma="брой" pos="X">брой</wf>
         <wf lemma="." pos="X">.</wf>
      </sentence>
      <sentence id="d000.s9613" source="wordnet-bulgarian">
         <wf lemma="сключвам" pos="X">сключвам</wf>
         <instance id="d000.s9613.t000" lemma="заем" pos="NOUN">заем</instance>
         <wf lemma="." pos="X">.</wf>
      </sentence>
      <sentence id="d000.s9614" source="wordnet-bulgarian">
         <wf lemma="износни" pos="X">износни</wf>
         <instance id="d000.s9614.t000" lemma="мито" pos="NOUN">мита</instance>
         <wf lemma="." pos="X">.</wf>
      </sentence>
      <sentence id="d000.s9615" source="wordnet-bulgarian">
         <wf lemma="тригонометрична" pos="X">тригонометрична</wf>
         <instance id="d000.s9615.t000" lemma="функция" pos="NOUN">функция</instance>
         <wf lemma="." pos="X">.</wf>
      </sentence>
      <sentence id="d000.s9616" source="wordnet-bulgarian">
         <wf lemma="Изкарай" pos="X">Изкарай</wf>
         <wf lemma="информацията" pos="X">информацията</wf>
         <wf lemma="на" pos="X">на</wf>
         <instance id="d000.s9616.t000" lemma="принтер" pos="NOUN">принтера</instance>
         <wf lemma="." pos="X">.</wf>
      </sentence>
      <sentence id="d000.s9617" source="wordnet-bulgarian">
         <wf lemma="Петър" pos="X">Петър</wf>
         <wf lemma="плет" pos="X">плет</wf>
         <wf lemma="плете" pos="X">плете</wf>
         <wf lemma="," pos="X">,</wf>
         <wf lemma="по" pos="X">по</wf>
         <wf lemma="три" pos="X">три</wf>
         <instance id="d000.s9617.t000" lemma="прът" pos="NOUN">пръта</instance>
         <wf lemma="преплита" pos="X">преплита</wf>
         <wf lemma="." pos="X">.</wf>
      </sentence>
      <sentence id="d000.s9618" source="wordnet-bulgarian">
         <wf lemma="Не" pos="X">Не</wf>
         <wf lemma="обичам" pos="X">обичам</wf>
         <wf lemma="да" pos="X">да</wf>
         <wf lemma="нося" pos="X">нося</wf>
         <instance id="d000.s9618.t000" lemma="отговорност" pos="NOUN">отговорност</instance>
         <wf lemma="." pos="X">.</wf>
      </sentence>
      <sentence id="d000.s9619" source="wordnet-bulgarian">
         <instance id="d000.s9619.t000" lemma="викам" pos="VERB">викам</instance>
         <wf lemma="колкото" pos="X">колкото</wf>
         <wf lemma="сили" pos="X">сили</wf>
         <wf lemma="имам" pos="X">имам</wf>
         <wf lemma="." pos="X">.</wf>
      </sentence>
      <sentence id="d000.s9620" source="wordnet-bulgarian">
         <wf lemma="физически" pos="X">физически</wf>
         <instance id="d000.s9620.t000" lemma="недостатък" pos="NOUN">недостатък</instance>
         <wf lemma="." pos="X">.</wf>
      </sentence>
      <sentence id="d000.s9621" source="wordnet-bulgarian">
         <instance id="d000.s9621.t000" lemma="изпит" pos="NOUN">Изпитът</instance>
         <wf lemma="едва" pos="X">едва</wf>
         <wf lemma="сега" pos="X">сега</wf>
         <wf lemma="започна" pos="X">започна</wf>
         <wf lemma="." pos="X">.</wf>
      </sentence>
      <sentence id="d000.s9622" source="wordnet-bulgarian">
         <wf lemma="ден" pos="X">ден</wf>
         <wf lemma="на" pos="X">на</wf>
         <instance id="d000.s9622.t000" lemma="изненада" pos="NOUN">изненади</instance>
         <wf lemma="." pos="X">.</wf>
      </sentence>
      <sentence id="d000.s9623" source="wordnet-bulgarian">
         <wf lemma="човешки" pos="X">човешки</wf>
         <instance id="d000.s9623.t000" lemma="скелет" pos="NOUN">скелет</instance>
         <wf lemma="." pos="X">.</wf>
      </sentence>
      <sentence id="d000.s9624" source="wordnet-bulgarian">
         <instance id="d000.s9624.t000" lemma="симпозиум" pos="NOUN">симпозиум</instance>
         <wf lemma="за" pos="X">за</wf>
         <wf lemma="." pos="X">.</wf>
      </sentence>
      <sentence id="d000.s9625" source="wordnet-bulgarian">
         <wf lemma="давам" pos="X">давам</wf>
         <instance id="d000.s9625.t000" lemma="отсрочка" pos="NOUN">отсрочка</instance>
         <wf lemma="." pos="X">.</wf>
      </sentence>
      <sentence id="d000.s9626" source="wordnet-bulgarian">
         <wf lemma="счетоводен" pos="X">счетоводен</wf>
         <instance id="d000.s9626.t000" lemma="баланс" pos="NOUN">баланс</instance>
         <wf lemma="." pos="X">.</wf>
      </sentence>
      <sentence id="d000.s9627" source="wordnet-bulgarian">
         <instance id="d000.s9627.t000" lemma="етикет" pos="NOUN">Етикетът</instance>
         <wf lemma="на" pos="X">на</wf>
         <wf lemma="стоката" pos="X">стоката</wf>
         <wf lemma="беше" pos="X">беше</wf>
         <wf lemma="паднал" pos="X">паднал</wf>
         <wf lemma="." pos="X">.</wf>
      </sentence>
      <sentence id="d000.s9628" source="wordnet-bulgarian">
         <wf lemma="купувам" pos="X">купувам</wf>
         <wf lemma="си" pos="X">си</wf>
         <instance id="d000.s9628.t000" lemma="обувка" pos="NOUN">обувки</instance>
         <wf lemma="." pos="X">.</wf>
      </sentence>
      <sentence id="d000.s9629" source="wordnet-bulgarian">
         <instance id="d000.s9629.t000" lemma="предназначение" pos="NOUN">предназначението</instance>
         <wf lemma="му" pos="X">му</wf>
         <wf lemma="е" pos="X">е</wf>
         <wf lemma="да" pos="X">да</wf>
         <wf lemma="." pos="X">.</wf>
      </sentence>
      <sentence id="d000.s9630" source="wordnet-bulgarian">
         <instance id="d000.s9630.t000" lemma="цепнатина" pos="NOUN">цепнатина</instance>
         <wf lemma="в" pos="X">в</wf>
         <wf lemma="леда" pos="X">леда</wf>
         <wf lemma="." pos="X">.</wf>
      </sentence>
      <sentence id="d000.s9631" source="wordnet-bulgarian">
         <wf lemma="радостна" pos="X">радостна</wf>
         <instance id="d000.s9631.t000" lemma="случка" pos="NOUN">случка</instance>
         <wf lemma="." pos="X">.</wf>
      </sentence>
      <sentence id="d000.s9632" source="wordnet-bulgarian">
         <wf lemma="Вкусната" pos="X">Вкусната</wf>
         <wf lemma="храна" pos="X">храна</wf>
         <wf lemma="действа" pos="X">действа</wf>
         <wf lemma="като" pos="X">като</wf>
         <instance id="d000.s9632.t000" lemma="наркотик" pos="NOUN">наркотик</instance>
         <wf lemma="." pos="X">.</wf>
      </sentence>
      <sentence id="d000.s9633" source="wordnet-bulgarian">
         <wf lemma="решаващ" pos="X">решаващ</wf>
         <instance id="d000.s9633.t000" lemma="глас" pos="NOUN">глас</instance>
         <wf lemma="." pos="X">.</wf>
      </sentence>
      <sentence id="d000.s9634" source="wordnet-bulgarian">
         <wf lemma="пускам" pos="X">пускам</wf>
         <instance id="d000.s9634.t000" lemma="прахосмукачка" pos="NOUN">прахосмукачка</instance>
         <wf lemma="." pos="X">.</wf>
      </sentence>
      <sentence id="d000.s9635" source="wordnet-bulgarian">
         <wf lemma="външи" pos="X">външи</wf>
         <instance id="d000.s9635.t000" lemma="въздействие" pos="NOUN">въздействия</instance>
         <wf lemma="." pos="X">.</wf>
      </sentence>
      <sentence id="d000.s9636" source="wordnet-bulgarian">
         <wf lemma="влиятелен" pos="X">влиятелен</wf>
         <instance id="d000.s9636.t000" lemma="политик" pos="NOUN">политик</instance>
         <wf lemma="." pos="X">.</wf>
      </sentence>
      <sentence id="d000.s9637" source="wordnet-bulgarian">
         <wf lemma="пържена" pos="X">пържена</wf>
         <instance id="d000.s9637.t000" lemma="риба" pos="NOUN">риба</instance>
         <wf lemma="." pos="X">.</wf>
      </sentence>
      <sentence id="d000.s9638" source="wordnet-bulgarian">
         <wf lemma="психически" pos="X">психически</wf>
         <instance id="d000.s9638.t000" lemma="шок" pos="NOUN">шок</instance>
         <wf lemma="." pos="X">.</wf>
      </sentence>
      <sentence id="d000.s9639" source="wordnet-bulgarian">
         <wf lemma="с" pos="X">с</wf>
         <instance id="d000.s9639.t000" lemma="изящество" pos="NOUN">изящество</instance>
         <wf lemma="." pos="X">.</wf>
      </sentence>
      <sentence id="d000.s9640" source="wordnet-bulgarian">
         <instance id="d000.s9640.t000" lemma="позор" pos="NOUN">позор</instance>
         <wf lemma="съм" pos="X">съм</wf>
         <wf lemma="за" pos="X">за</wf>
         <wf lemma="." pos="X">.</wf>
      </sentence>
      <sentence id="d000.s9641" source="wordnet-bulgarian">
         <wf lemma="давам" pos="X">давам</wf>
         <wf lemma="нещо" pos="X">нещо</wf>
         <wf lemma="на" pos="X">на</wf>
         <instance id="d000.s9641.t000" lemma="поправка" pos="NOUN">поправка</instance>
         <wf lemma="." pos="X">.</wf>
      </sentence>
      <sentence id="d000.s9642" source="wordnet-bulgarian">
         <wf lemma="пикантна" pos="X">пикантна</wf>
         <instance id="d000.s9642.t000" lemma="храна" pos="NOUN">храна</instance>
         <wf lemma="." pos="X">.</wf>
      </sentence>
      <sentence id="d000.s9643" source="wordnet-bulgarian">
         <wf lemma="Един" pos="X">Един</wf>
         <wf lemma="жълт" pos="X">жълт</wf>
         <instance id="d000.s9643.t000" lemma="балон" pos="NOUN">балон</instance>
         <wf lemma="се" pos="X">се</wf>
         <wf lemma="изплъзна" pos="X">изплъзна</wf>
         <wf lemma="от" pos="X">от</wf>
         <wf lemma="ръцете" pos="X">ръцете</wf>
         <wf lemma="на" pos="X">на</wf>
         <wf lemma="детето" pos="X">детето</wf>
         <wf lemma="и" pos="X">и</wf>
         <wf lemma="излетя" pos="X">излетя</wf>
         <wf lemma="в" pos="X">в</wf>
         <wf lemma="небето" pos="X">небето</wf>
         <wf lemma="." pos="X">.</wf>
      </sentence>
      <sentence id="d000.s9644" source="wordnet-bulgarian">
         <wf lemma="Според" pos="X">Според</wf>
         <wf lemma="вида" pos="X">вида</wf>
         <wf lemma="на" pos="X">на</wf>
         <instance id="d000.s9644.t000" lemma="стъбло" pos="NOUN">стъблото</instance>
         <wf lemma="растенията" pos="X">растенията</wf>
         <wf lemma="се" pos="X">се</wf>
         <wf lemma="делят" pos="X">делят</wf>
         <wf lemma="на" pos="X">на</wf>
         <wf lemma="треви" pos="X">треви</wf>
         <wf lemma="," pos="X">,</wf>
         <wf lemma="храсти" pos="X">храсти</wf>
         <wf lemma="," pos="X">,</wf>
         <wf lemma="дървета" pos="X">дървета</wf>
         <wf lemma="," pos="X">,</wf>
         <wf lemma="лиани" pos="X">лиани</wf>
         <wf lemma="и" pos="X">и</wf>
         <wf lemma="др." pos="X">др.</wf>
      </sentence>
      <sentence id="d000.s9645" source="wordnet-bulgarian">
         <instance id="d000.s9645.t000" lemma="бера" pos="VERB">бера</instance>
         <wf lemma="ябълки" pos="X">ябълки</wf>
         <wf lemma="." pos="X">.</wf>
      </sentence>
      <sentence id="d000.s9646" source="wordnet-bulgarian">
         <wf lemma="покъртителна" pos="X">покъртителна</wf>
         <instance id="d000.s9646.t000" lemma="история" pos="NOUN">история</instance>
         <wf lemma="за" pos="X">за</wf>
         <wf lemma="." pos="X">.</wf>
      </sentence>
      <sentence id="d000.s9647" source="wordnet-bulgarian">
         <instance id="d000.s9647.t000" lemma="създавам" pos="VERB">Създавам</instance>
         <wf lemma="добри" pos="X">добри</wf>
         <wf lemma="условия" pos="X">условия</wf>
         <wf lemma="за" pos="X">за</wf>
         <wf lemma="живот" pos="X">живот</wf>
         <wf lemma="." pos="X">.</wf>
      </sentence>
      <sentence id="d000.s9648" source="wordnet-bulgarian">
         <wf lemma="Вечерницата" pos="X">Вечерницата</wf>
         <instance id="d000.s9648.t000" lemma="изгрявам" pos="VERB">изгрява</instance>
         <wf lemma="най-рано" pos="X">най-рано</wf>
         <wf lemma="от" pos="X">от</wf>
         <wf lemma="всички" pos="X">всички</wf>
         <wf lemma="звезди" pos="X">звезди</wf>
         <wf lemma="." pos="X">.</wf>
      </sentence>
      <sentence id="d000.s9649" source="wordnet-bulgarian">
         <wf lemma="развързвам" pos="X">развързвам</wf>
         <instance id="d000.s9649.t000" lemma="възел" pos="NOUN">възел</instance>
         <wf lemma="." pos="X">.</wf>
      </sentence>
      <sentence id="d000.s9650" source="wordnet-bulgarian">
         <instance id="d000.s9650.t000" lemma="дискусия" pos="NOUN">дискусия</instance>
         <wf lemma="в" pos="X">в</wf>
         <wf lemma="печата" pos="X">печата</wf>
         <wf lemma="." pos="X">.</wf>
      </sentence>
      <sentence id="d000.s9651" source="wordnet-bulgarian">
         <instance id="d000.s9651.t000" lemma="шкаф" pos="NOUN">шкаф</instance>
         <wf lemma="за" pos="X">за</wf>
         <wf lemma="книги" pos="X">книги</wf>
         <wf lemma="." pos="X">.</wf>
      </sentence>
      <sentence id="d000.s9652" source="wordnet-bulgarian">
         <wf lemma="открито" pos="X">открито</wf>
         <instance id="d000.s9652.t000" lemma="чело" pos="NOUN">чело</instance>
         <wf lemma="." pos="X">.</wf>
      </sentence>
      <sentence id="d000.s9653" source="wordnet-bulgarian">
         <wf lemma="имам" pos="X">имам</wf>
         <instance id="d000.s9653.t000" lemma="вдъхновение" pos="NOUN">вдъхновение</instance>
         <wf lemma="." pos="X">.</wf>
      </sentence>
      <sentence id="d000.s9654" source="wordnet-bulgarian">
         <wf lemma="широк" pos="X">широк</wf>
         <instance id="d000.s9654.t000" lemma="коридор" pos="NOUN">коридор</instance>
         <wf lemma="." pos="X">.</wf>
      </sentence>
      <sentence id="d000.s9655" source="wordnet-bulgarian">
         <wf lemma="непреодолима" pos="X">непреодолима</wf>
         <instance id="d000.s9655.t000" lemma="пречка" pos="NOUN">пречка</instance>
         <wf lemma="." pos="X">.</wf>
      </sentence>
      <sentence id="d000.s9656" source="wordnet-bulgarian">
         <wf lemma="голямо" pos="X">голямо</wf>
         <instance id="d000.s9656.t000" lemma="куче" pos="NOUN">куче</instance>
         <wf lemma="." pos="X">.</wf>
      </sentence>
      <sentence id="d000.s9657" source="wordnet-bulgarian">
         <wf lemma="лоши" pos="X">лоши</wf>
         <instance id="d000.s9657.t000" lemma="намерение" pos="NOUN">намерения</instance>
         <wf lemma="." pos="X">.</wf>
      </sentence>
      <sentence id="d000.s9658" source="wordnet-bulgarian">
         <wf lemma="Нови" pos="X">Нови</wf>
         <instance id="d000.s9658.t000" lemma="тенденция" pos="NOUN">тенденции</instance>
         <wf lemma="в" pos="X">в</wf>
         <wf lemma="литературата" pos="X">литературата</wf>
         <wf lemma="." pos="X">.</wf>
      </sentence>
      <sentence id="d000.s9659" source="wordnet-bulgarian">
         <wf lemma="обувам" pos="X">обувам</wf>
         <wf lemma="си" pos="X">си</wf>
         <instance id="d000.s9659.t000" lemma="чорап" pos="NOUN">чорапите</instance>
         <wf lemma="." pos="X">.</wf>
      </sentence>
      <sentence id="d000.s9660" source="wordnet-bulgarian">
         <wf lemma="водолазен" pos="X">водолазен</wf>
         <instance id="d000.s9660.t000" lemma="екип" pos="NOUN">екип</instance>
         <wf lemma="." pos="X">.</wf>
      </sentence>
      <sentence id="d000.s9661" source="wordnet-bulgarian">
         <wf lemma="Една" pos="X">Една</wf>
         <wf lemma="от" pos="X">от</wf>
         <wf lemma="най-красивите" pos="X">най-красивите</wf>
         <instance id="d000.s9661.t000" lemma="гъба" pos="NOUN">гъби</instance>
         <wf lemma="е" pos="X">е</wf>
         <wf lemma="булката" pos="X">булката</wf>
         <wf lemma="." pos="X">.</wf>
      </sentence>
      <sentence id="d000.s9662" source="wordnet-bulgarian">
         <instance id="d000.s9662.t000" lemma="индекс" pos="NOUN">индекс</instance>
         <wf lemma="на" pos="X">на</wf>
         <wf lemma="цените" pos="X">цените</wf>
         <wf lemma="." pos="X">.</wf>
      </sentence>
      <sentence id="d000.s9663" source="wordnet-bulgarian">
         <wf lemma="Вятърът" pos="X">Вятърът</wf>
         <wf lemma="леко" pos="X">леко</wf>
         <instance id="d000.s9663.t000" lemma="клатя" pos="VERB">клатеше</instance>
         <wf lemma="листата" pos="X">листата</wf>
         <wf lemma="на" pos="X">на</wf>
         <wf lemma="ореха" pos="X">ореха</wf>
         <wf lemma="." pos="X">.</wf>
      </sentence>
      <sentence id="d000.s9664" source="wordnet-bulgarian">
         <wf lemma="индийска" pos="X">индийска</wf>
         <instance id="d000.s9664.t000" lemma="подправка" pos="NOUN">подправка</instance>
         <wf lemma="." pos="X">.</wf>
      </sentence>
      <sentence id="d000.s9665" source="wordnet-bulgarian">
         <wf lemma="чета" pos="X">чета</wf>
         <wf lemma="на" pos="X">на</wf>
         <instance id="d000.s9665.t000" lemma="лампа" pos="NOUN">лампа</instance>
         <wf lemma="." pos="X">.</wf>
      </sentence>
      <sentence id="d000.s9666" source="wordnet-bulgarian">
         <wf lemma="нанасям" pos="X">нанасям</wf>
         <instance id="d000.s9666.t000" lemma="удар" pos="NOUN">удар</instance>
         <wf lemma="на" pos="X">на</wf>
         <wf lemma="." pos="X">.</wf>
      </sentence>
      <sentence id="d000.s9667" source="wordnet-bulgarian">
         <wf lemma="имам" pos="X">имам</wf>
         <instance id="d000.s9667.t000" lemma="отвращение" pos="NOUN">отвращение</instance>
         <wf lemma="от" pos="X">от</wf>
         <wf lemma="." pos="X">.</wf>
      </sentence>
      <sentence id="d000.s9668" source="wordnet-bulgarian">
         <wf lemma="бързо" pos="X">бързо</wf>
         <instance id="d000.s9668.t000" lemma="решение" pos="NOUN">решение</instance>
         <wf lemma="." pos="X">.</wf>
      </sentence>
      <sentence id="d000.s9669" source="wordnet-bulgarian">
         <instance id="d000.s9669.t000" lemma="представител" pos="NOUN">представител</instance>
         <wf lemma="на" pos="X">на</wf>
         <wf lemma="синдикатите" pos="X">синдикатите</wf>
         <wf lemma="." pos="X">.</wf>
      </sentence>
      <sentence id="d000.s9670" source="wordnet-bulgarian">
         <wf lemma="детски" pos="X">детски</wf>
         <instance id="d000.s9670.t000" lemma="дом" pos="NOUN">дом</instance>
         <wf lemma="." pos="X">.</wf>
      </sentence>
      <sentence id="d000.s9671" source="wordnet-bulgarian">
         <wf lemma="собствена" pos="X">собствена</wf>
         <instance id="d000.s9671.t000" lemma="врата" pos="NOUN">врата</instance>
         <wf lemma="." pos="X">.</wf>
      </sentence>
      <sentence id="d000.s9672" source="wordnet-bulgarian">
         <wf lemma="лоша" pos="X">лоша</wf>
         <instance id="d000.s9672.t000" lemma="новина" pos="NOUN">новина</instance>
         <wf lemma="." pos="X">.</wf>
      </sentence>
      <sentence id="d000.s9673" source="wordnet-bulgarian">
         <wf lemma="естрадна" pos="X">естрадна</wf>
         <instance id="d000.s9673.t000" lemma="музика" pos="NOUN">музика</instance>
         <wf lemma="." pos="X">.</wf>
      </sentence>
      <sentence id="d000.s9674" source="wordnet-bulgarian">
         <wf lemma="правителствена" pos="X">правителствена</wf>
         <instance id="d000.s9674.t000" lemma="криза" pos="NOUN">криза</instance>
         <wf lemma="." pos="X">.</wf>
      </sentence>
      <sentence id="d000.s9675" source="wordnet-bulgarian">
         <wf lemma="скъп" pos="X">скъп</wf>
         <instance id="d000.s9675.t000" lemma="ресторант" pos="NOUN">ресторант</instance>
         <wf lemma="." pos="X">.</wf>
      </sentence>
      <sentence id="d000.s9676" source="wordnet-bulgarian">
         <instance id="d000.s9676.t000" lemma="копие" pos="NOUN">копие</instance>
         <wf lemma="на" pos="X">на</wf>
         <wf lemma="диплома" pos="X">диплома</wf>
         <wf lemma="." pos="X">.</wf>
      </sentence>
      <sentence id="d000.s9677" source="wordnet-bulgarian">
         <wf lemma="впечатлявам" pos="X">впечатлявам</wf>
         <wf lemma="с" pos="X">с</wf>
         <instance id="d000.s9677.t000" lemma="интелект" pos="NOUN">интелекта</instance>
         <wf lemma="си" pos="X">си</wf>
         <wf lemma="." pos="X">.</wf>
      </sentence>
      <sentence id="d000.s9678" source="wordnet-bulgarian">
         <instance id="d000.s9678.t000" lemma="крило" pos="NOUN">крило</instance>
         <wf lemma="на" pos="X">на</wf>
         <wf lemma="пеперуда" pos="X">пеперуда</wf>
         <wf lemma="." pos="X">.</wf>
      </sentence>
      <sentence id="d000.s9679" source="wordnet-bulgarian">
         <wf lemma="Той" pos="X">Той</wf>
         <wf lemma="остави" pos="X">остави</wf>
         <wf lemma="къщата" pos="X">къщата</wf>
         <wf lemma="на" pos="X">на</wf>
         <instance id="d000.s9679.t000" lemma="наследник" pos="NOUN">наследниците</instance>
         <wf lemma="си" pos="X">си</wf>
         <wf lemma="." pos="X">.</wf>
      </sentence>
      <sentence id="d000.s9680" source="wordnet-bulgarian">
         <wf lemma="лична" pos="X">лична</wf>
         <instance id="d000.s9680.t000" lemma="обида" pos="NOUN">обида</instance>
         <wf lemma="." pos="X">.</wf>
      </sentence>
      <sentence id="d000.s9681" source="wordnet-bulgarian">
         <wf lemma="описвам" pos="X">описвам</wf>
         <instance id="d000.s9681.t000" lemma="характеристика" pos="NOUN">характеристиките</instance>
         <wf lemma="на" pos="X">на</wf>
         <wf lemma="." pos="X">.</wf>
      </sentence>
      <sentence id="d000.s9682" source="wordnet-bulgarian">
         <wf lemma="прозрачна" pos="X">прозрачна</wf>
         <instance id="d000.s9682.t000" lemma="кожа" pos="NOUN">кожа</instance>
         <wf lemma="." pos="X">.</wf>
      </sentence>
      <sentence id="d000.s9683" source="wordnet-bulgarian">
         <wf lemma="нямам" pos="X">нямам</wf>
         <wf lemma="ни" pos="X">ни</wf>
         <wf lemma="най-малко" pos="X">най-малко</wf>
         <instance id="d000.s9683.t000" lemma="намерение" pos="NOUN">намерение</instance>
         <wf lemma="да" pos="X">да</wf>
         <wf lemma="." pos="X">.</wf>
      </sentence>
      <sentence id="d000.s9684" source="wordnet-bulgarian">
         <wf lemma="травма" pos="X">травма</wf>
         <wf lemma="в" pos="X">в</wf>
         <instance id="d000.s9684.t000" lemma="коляно" pos="NOUN">коляното</instance>
         <wf lemma="." pos="X">.</wf>
      </sentence>
      <sentence id="d000.s9685" source="wordnet-bulgarian">
         <wf lemma="закривам" pos="X">закривам</wf>
         <instance id="d000.s9685.t000" lemma="заседание" pos="NOUN">заседанието</instance>
         <wf lemma="." pos="X">.</wf>
      </sentence>
      <sentence id="d000.s9686" source="wordnet-bulgarian">
         <wf lemma="Той" pos="X">Той</wf>
         <wf lemma="стоеше" pos="X">стоеше</wf>
         <instance id="d000.s9686.t000" lemma="вляво" pos="NOUN">вляво</instance>
         <wf lemma="от" pos="X">от</wf>
         <wf lemma="нея" pos="X">нея</wf>
         <wf lemma="." pos="X">.</wf>
      </sentence>
      <sentence id="d000.s9687" source="wordnet-bulgarian">
         <instance id="d000.s9687.t000" lemma="оригинален" pos="ADJ">оригинален</instance>
         <wf lemma="ум" pos="X">ум</wf>
         <wf lemma="." pos="X">.</wf>
      </sentence>
      <sentence id="d000.s9688" source="wordnet-bulgarian">
         <instance id="d000.s9688.t000" lemma="липсвам" pos="VERB">Липсват</instance>
         <wf lemma="ми" pos="X">ми</wf>
         <wf lemma="приятелите" pos="X">приятелите</wf>
         <wf lemma="." pos="X">.</wf>
      </sentence>
      <sentence id="d000.s9689" source="wordnet-bulgarian">
         <wf lemma="провеждам" pos="X">провеждам</wf>
         <instance id="d000.s9689.t000" lemma="изпит" pos="NOUN">изпит</instance>
         <wf lemma="." pos="X">.</wf>
      </sentence>
      <sentence id="d000.s9690" source="wordnet-bulgarian">
         <wf lemma="В" pos="X">В</wf>
         <wf lemma="джунглата" pos="X">джунглата</wf>
         <wf lemma="се" pos="X">се</wf>
         <wf lemma="движат" pos="X">движат</wf>
         <wf lemma="различни" pos="X">различни</wf>
         <wf lemma="по" pos="X">по</wf>
         <wf lemma="цвят" pos="X">цвят</wf>
         <wf lemma="и" pos="X">и</wf>
         <wf lemma="големина" pos="X">големина</wf>
         <instance id="d000.s9690.t000" lemma="маймуна" pos="NOUN">маймуни</instance>
         <wf lemma="." pos="X">.</wf>
      </sentence>
      <sentence id="d000.s9691" source="wordnet-bulgarian">
         <wf lemma="пълен" pos="X">пълен</wf>
         <instance id="d000.s9691.t000" lemma="неуспех" pos="NOUN">неуспех</instance>
         <wf lemma="." pos="X">.</wf>
      </sentence>
      <sentence id="d000.s9692" source="wordnet-bulgarian">
         <wf lemma="тревожно" pos="X">тревожно</wf>
         <instance id="d000.s9692.t000" lemma="очакване" pos="NOUN">очакване</instance>
         <wf lemma="." pos="X">.</wf>
      </sentence>
      <sentence id="d000.s9693" source="wordnet-bulgarian">
         <wf lemma="Група" pos="X">Група</wf>
         <instance id="d000.s9693.t000" lemma="пешеходец" pos="NOUN">пешеходци</instance>
         <wf lemma="пресякоха" pos="X">пресякоха</wf>
         <wf lemma="булеварда" pos="X">булеварда</wf>
         <wf lemma="." pos="X">.</wf>
      </sentence>
      <sentence id="d000.s9694" source="wordnet-bulgarian">
         <wf lemma="каня" pos="X">каня</wf>
         <wf lemma="на" pos="X">на</wf>
         <instance id="d000.s9694.t000" lemma="обяд" pos="NOUN">обяд</instance>
         <wf lemma="." pos="X">.</wf>
      </sentence>
      <sentence id="d000.s9695" source="wordnet-bulgarian">
         <wf lemma="пътна" pos="X">пътна</wf>
         <instance id="d000.s9695.t000" lemma="полиция" pos="NOUN">полиция</instance>
         <wf lemma="." pos="X">.</wf>
      </sentence>
      <sentence id="d000.s9696" source="wordnet-bulgarian">
         <wf lemma="подкрепям" pos="X">подкрепям</wf>
         <wf lemma="чуждо" pos="X">чуждо</wf>
         <instance id="d000.s9696.t000" lemma="мнение" pos="NOUN">мнение</instance>
         <wf lemma="." pos="X">.</wf>
      </sentence>
      <sentence id="d000.s9697" source="wordnet-bulgarian">
         <wf lemma="Говорихме" pos="X">Говорихме</wf>
         <wf lemma="до" pos="X">до</wf>
         <instance id="d000.s9697.t000" lemma="зазоряване" pos="NOUN">зазоряване</instance>
         <wf lemma="." pos="X">.</wf>
      </sentence>
      <sentence id="d000.s9698" source="wordnet-bulgarian">
         <wf lemma="Често" pos="X">Често</wf>
         <wf lemma="чувствата" pos="X">чувствата</wf>
         <wf lemma="се" pos="X">се</wf>
         <wf lemma="проявяват" pos="X">проявяват</wf>
         <wf lemma="чрез" pos="X">чрез</wf>
         <instance id="d000.s9698.t000" lemma="жест" pos="NOUN">жестовете</instance>
         <wf lemma="." pos="X">.</wf>
      </sentence>
      <sentence id="d000.s9699" source="wordnet-bulgarian">
         <instance id="d000.s9699.t000" lemma="дърво" pos="NOUN">Дървото</instance>
         <wf lemma="бе" pos="X">бе</wf>
         <wf lemma="повалено" pos="X">повалено</wf>
         <wf lemma="от" pos="X">от</wf>
         <wf lemma="бурята" pos="X">бурята</wf>
         <wf lemma="." pos="X">.</wf>
      </sentence>
      <sentence id="d000.s9700" source="wordnet-bulgarian">
         <wf lemma="военна" pos="X">военна</wf>
         <instance id="d000.s9700.t000" lemma="служба" pos="NOUN">служба</instance>
         <wf lemma="." pos="X">.</wf>
      </sentence>
      <sentence id="d000.s9701" source="wordnet-bulgarian">
         <instance id="d000.s9701.t000" lemma="рипс" pos="NOUN">Рипсът</instance>
         <wf lemma="е" pos="X">е</wf>
         <wf lemma="винаги" pos="X">винаги</wf>
         <wf lemma="на" pos="X">на</wf>
         <wf lemma="мода" pos="X">мода</wf>
         <wf lemma="." pos="X">.</wf>
      </sentence>
      <sentence id="d000.s9702" source="wordnet-bulgarian">
         <wf lemma="Колкото" pos="X">Колкото</wf>
         <wf lemma="и" pos="X">и</wf>
         <wf lemma="да" pos="X">да</wf>
         <instance id="d000.s9702.t000" lemma="избирам" pos="VERB">избирам</instance>
         <wf lemma="винаги" pos="X">винаги</wf>
         <wf lemma="се" pos="X">се</wf>
         <wf lemma="връщам" pos="X">връщам</wf>
         <wf lemma="на" pos="X">на</wf>
         <wf lemma="едно" pos="X">едно</wf>
         <wf lemma="и" pos="X">и</wf>
         <wf lemma="също" pos="X">също</wf>
         <wf lemma="нещо" pos="X">нещо</wf>
         <wf lemma="." pos="X">.</wf>
      </sentence>
      <sentence id="d000.s9703" source="wordnet-bulgarian">
         <instance id="d000.s9703.t000" lemma="победител" pos="NOUN">победител</instance>
         <wf lemma="в" pos="X">в</wf>
         <wf lemma="спортно" pos="X">спортно</wf>
         <wf lemma="състезание" pos="X">състезание</wf>
         <wf lemma="." pos="X">.</wf>
      </sentence>
      <sentence id="d000.s9704" source="wordnet-bulgarian">
         <wf lemma="младежко" pos="X">младежко</wf>
         <instance id="d000.s9704.t000" lemma="предаване" pos="NOUN">предаване</instance>
         <wf lemma="." pos="X">.</wf>
      </sentence>
      <sentence id="d000.s9705" source="wordnet-bulgarian">
         <wf lemma="тъмна" pos="X">тъмна</wf>
         <instance id="d000.s9705.t000" lemma="бира" pos="NOUN">бира</instance>
         <wf lemma="." pos="X">.</wf>
      </sentence>
      <sentence id="d000.s9706" source="wordnet-bulgarian">
         <wf lemma="туристически" pos="X">туристически</wf>
         <instance id="d000.s9706.t000" lemma="екип" pos="NOUN">екип</instance>
         <wf lemma="." pos="X">.</wf>
      </sentence>
      <sentence id="d000.s9707" source="wordnet-bulgarian">
         <wf lemma="отличителен" pos="X">отличителен</wf>
         <instance id="d000.s9707.t000" lemma="белег" pos="NOUN">белег</instance>
         <wf lemma="." pos="X">.</wf>
      </sentence>
      <sentence id="d000.s9708" source="wordnet-bulgarian">
         <wf lemma="Знам" pos="X">Знам</wf>
         <wf lemma="си" pos="X">си</wf>
         <instance id="d000.s9708.t000" lemma="цена" pos="NOUN">цената</instance>
         <wf lemma="." pos="X">.</wf>
      </sentence>
      <sentence id="d000.s9709" source="wordnet-bulgarian">
         <wf lemma="валиден" pos="X">валиден</wf>
         <instance id="d000.s9709.t000" lemma="пропуск" pos="NOUN">пропуск</instance>
         <wf lemma="." pos="X">.</wf>
      </sentence>
      <sentence id="d000.s9710" source="wordnet-bulgarian">
         <wf lemma="считам" pos="X">считам</wf>
         <wf lemma="за" pos="X">за</wf>
         <wf lemma="свой" pos="X">свой</wf>
         <instance id="d000.s9710.t000" lemma="дълг" pos="NOUN">дълг</instance>
         <wf lemma="да" pos="X">да</wf>
         <wf lemma="." pos="X">.</wf>
      </sentence>
      <sentence id="d000.s9711" source="wordnet-bulgarian">
         <wf lemma="Той" pos="X">Той</wf>
         <wf lemma="винаги" pos="X">винаги</wf>
         <wf lemma="има" pos="X">има</wf>
         <wf lemma="в" pos="X">в</wf>
         <wf lemma="себе" pos="X">себе</wf>
         <wf lemma="си" pos="X">си</wf>
         <instance id="d000.s9711.t000" lemma="кибрит" pos="NOUN">кибрит</instance>
         <wf lemma="," pos="X">,</wf>
         <wf lemma="за" pos="X">за</wf>
         <wf lemma="да" pos="X">да</wf>
         <wf lemma="пали" pos="X">пали</wf>
         <wf lemma="лулата" pos="X">лулата</wf>
         <wf lemma="си" pos="X">си</wf>
         <wf lemma="." pos="X">.</wf>
      </sentence>
      <sentence id="d000.s9712" source="wordnet-bulgarian">
         <wf lemma="Забелязваш" pos="X">Забелязваш</wf>
         <wf lemma="ли" pos="X">ли</wf>
         <wf lemma="някаква" pos="X">някаква</wf>
         <instance id="d000.s9712.t000" lemma="промяна" pos="NOUN">промяна</instance>
         <wf lemma="?" pos="X">?</wf>
      </sentence>
      <sentence id="d000.s9713" source="wordnet-bulgarian">
         <instance id="d000.s9713.t000" lemma="цена" pos="NOUN">цена</instance>
         <wf lemma="на" pos="X">на</wf>
         <wf lemma="дребно" pos="X">дребно</wf>
         <wf lemma="." pos="X">.</wf>
      </sentence>
      <sentence id="d000.s9714" source="wordnet-bulgarian">
         <wf lemma="добра" pos="X">добра</wf>
         <instance id="d000.s9714.t000" lemma="подготовка" pos="NOUN">подготовка</instance>
         <wf lemma="." pos="X">.</wf>
      </sentence>
      <sentence id="d000.s9715" source="wordnet-bulgarian">
         <wf lemma="вече" pos="X">вече</wf>
         <wf lemma="не" pos="X">не</wf>
         <wf lemma="е" pos="X">е</wf>
         <instance id="d000.s9715.t000" lemma="пречка" pos="NOUN">пречка</instance>
         <wf lemma="." pos="X">.</wf>
      </sentence>
      <sentence id="d000.s9716" source="wordnet-bulgarian">
         <wf lemma="Живея" pos="X">Живея</wf>
         <wf lemma="при" pos="X">при</wf>
         <instance id="d000.s9716.t000" lemma="баба" pos="NOUN">баба</instance>
         <wf lemma="ми" pos="X">ми</wf>
         <wf lemma="." pos="X">.</wf>
      </sentence>
      <sentence id="d000.s9717" source="wordnet-bulgarian">
         <wf lemma="изгубвам" pos="X">изгубвам</wf>
         <instance id="d000.s9717.t000" lemma="доверие" pos="NOUN">доверие</instance>
         <wf lemma="." pos="X">.</wf>
      </sentence>
      <sentence id="d000.s9718" source="wordnet-bulgarian">
         <wf lemma="диалектическа" pos="X">диалектическа</wf>
         <instance id="d000.s9718.t000" lemma="връзка" pos="NOUN">връзка</instance>
         <wf lemma="." pos="X">.</wf>
      </sentence>
      <sentence id="d000.s9719" source="wordnet-bulgarian">
         <instance id="d000.s9719.t000" lemma="бог" pos="NOUN">бог</instance>
         <wf lemma="на" pos="X">на</wf>
         <wf lemma="войната" pos="X">войната</wf>
         <wf lemma="." pos="X">.</wf>
      </sentence>
      <sentence id="d000.s9720" source="wordnet-bulgarian">
         <instance id="d000.s9720.t000" lemma="доразвивам" pos="VERB">доразвивам</instance>
         <wf lemma="тема" pos="X">тема</wf>
         <wf lemma="." pos="X">.</wf>
      </sentence>
      <sentence id="d000.s9721" source="wordnet-bulgarian">
         <wf lemma="имам" pos="X">имам</wf>
         <wf lemma="положителни" pos="X">положителни</wf>
         <instance id="d000.s9721.t000" lemma="черта" pos="NOUN">черти</instance>
         <wf lemma="." pos="X">.</wf>
      </sentence>
      <sentence id="d000.s9722" source="wordnet-bulgarian">
         <wf lemma="Стоя" pos="X">Стоя</wf>
         <wf lemma="на" pos="X">на</wf>
         <instance id="d000.s9722.t000" lemma="тераса" pos="NOUN">терасата</instance>
         <wf lemma="с" pos="X">с</wf>
         <wf lemma="часове" pos="X">часове</wf>
         <wf lemma="." pos="X">.</wf>
      </sentence>
      <sentence id="d000.s9723" source="wordnet-bulgarian">
         <wf lemma="на" pos="X">на</wf>
         <instance id="d000.s9723.t000" lemma="гръб" pos="NOUN">гърба</instance>
         <wf lemma="на" pos="X">на</wf>
         <wf lemma="снимката" pos="X">снимката</wf>
         <wf lemma="." pos="X">.</wf>
      </sentence>
      <sentence id="d000.s9724" source="wordnet-bulgarian">
         <wf lemma="снимам" pos="X">снимам</wf>
         <wf lemma="се" pos="X">се</wf>
         <wf lemma="във" pos="X">във</wf>
         <instance id="d000.s9724.t000" lemma="филм" pos="NOUN">филм</instance>
         <wf lemma="." pos="X">.</wf>
      </sentence>
      <sentence id="d000.s9725" source="wordnet-bulgarian">
         <wf lemma="загубвам" pos="X">загубвам</wf>
         <wf lemma="всякаква" pos="X">всякаква</wf>
         <instance id="d000.s9725.t000" lemma="връзка" pos="NOUN">връзка</instance>
         <wf lemma="с" pos="X">с</wf>
         <wf lemma="някого" pos="X">някого</wf>
         <wf lemma="." pos="X">.</wf>
      </sentence>
      <sentence id="d000.s9726" source="wordnet-bulgarian">
         <wf lemma="правилно" pos="X">правилно</wf>
         <instance id="d000.s9726.t000" lemma="становище" pos="NOUN">становище</instance>
         <wf lemma="." pos="X">.</wf>
      </sentence>
      <sentence id="d000.s9727" source="wordnet-bulgarian">
         <wf lemma="учителски" pos="X">учителски</wf>
         <instance id="d000.s9727.t000" lemma="съвет" pos="NOUN">съвет</instance>
         <wf lemma="." pos="X">.</wf>
      </sentence>
      <sentence id="d000.s9728" source="wordnet-bulgarian">
         <instance id="d000.s9728.t000" lemma="източвам" pos="VERB">източвам</instance>
         <wf lemma="бойлер" pos="X">бойлер</wf>
         <wf lemma="." pos="X">.</wf>
      </sentence>
      <sentence id="d000.s9729" source="wordnet-bulgarian">
         <instance id="d000.s9729.t000" lemma="споделям" pos="VERB">споделям</instance>
         <wf lemma="мъка" pos="X">мъка</wf>
         <wf lemma="." pos="X">.</wf>
      </sentence>
      <sentence id="d000.s9730" source="wordnet-bulgarian">
         <instance id="d000.s9730.t000" lemma="заминаване" pos="NOUN">заминаване</instance>
         <wf lemma="в" pos="X">в</wf>
         <wf lemma="чужбина" pos="X">чужбина</wf>
         <wf lemma="." pos="X">.</wf>
      </sentence>
      <sentence id="d000.s9731" source="wordnet-bulgarian">
         <wf lemma="застоял" pos="X">застоял</wf>
         <instance id="d000.s9731.t000" lemma="въздух" pos="NOUN">въздух</instance>
         <wf lemma="." pos="X">.</wf>
      </sentence>
      <sentence id="d000.s9732" source="wordnet-bulgarian">
         <wf lemma="голяма" pos="X">голяма</wf>
         <wf lemma="и" pos="X">и</wf>
         <wf lemma="модерна" pos="X">модерна</wf>
         <instance id="d000.s9732.t000" lemma="аерогара" pos="NOUN">аерогара</instance>
         <wf lemma="." pos="X">.</wf>
      </sentence>
      <sentence id="d000.s9733" source="wordnet-bulgarian">
         <wf lemma="Коледна" pos="X">Коледна</wf>
         <instance id="d000.s9733.t000" lemma="картичка" pos="NOUN">картичка</instance>
         <wf lemma="." pos="X">.</wf>
      </sentence>
      <sentence id="d000.s9734" source="wordnet-bulgarian">
         <wf lemma="дълбока" pos="X">дълбока</wf>
         <instance id="d000.s9734.t000" lemma="чиния" pos="NOUN">чиния</instance>
         <wf lemma="." pos="X">.</wf>
      </sentence>
      <sentence id="d000.s9735" source="wordnet-bulgarian">
         <instance id="d000.s9735.t000" lemma="завърша" pos="VERB">Завърших</instance>
         <wf lemma="последен" pos="X">последен</wf>
         <wf lemma="в" pos="X">в</wf>
         <wf lemma="състезанието" pos="X">състезанието</wf>
         <wf lemma="." pos="X">.</wf>
      </sentence>
      <sentence id="d000.s9736" source="wordnet-bulgarian">
         <wf lemma="интимна" pos="X">интимна</wf>
         <instance id="d000.s9736.t000" lemma="връзка" pos="NOUN">връзка</instance>
         <wf lemma="." pos="X">.</wf>
      </sentence>
      <sentence id="d000.s9737" source="wordnet-bulgarian">
         <wf lemma="Правя" pos="X">Правя</wf>
         <instance id="d000.s9737.t000" lemma="оценка" pos="NOUN">оценка</instance>
         <wf lemma="на" pos="X">на</wf>
         <wf lemma="имот" pos="X">имот</wf>
         <wf lemma="." pos="X">.</wf>
      </sentence>
      <sentence id="d000.s9738" source="wordnet-bulgarian">
         <wf lemma="Високо" pos="X">Високо</wf>
         <wf lemma="в" pos="X">в</wf>
         <wf lemma="небето" pos="X">небето</wf>
         <wf lemma="се" pos="X">се</wf>
         <wf lemma="рееше" pos="X">рееше</wf>
         <instance id="d000.s9738.t000" lemma="орел" pos="NOUN">орел</instance>
         <wf lemma="." pos="X">.</wf>
      </sentence>
      <sentence id="d000.s9739" source="wordnet-bulgarian">
         <wf lemma="пластмасова" pos="X">пластмасова</wf>
         <instance id="d000.s9739.t000" lemma="саксия" pos="NOUN">саксия</instance>
         <wf lemma="." pos="X">.</wf>
      </sentence>
      <sentence id="d000.s9740" source="wordnet-bulgarian">
         <wf lemma="домашен" pos="X">домашен</wf>
         <instance id="d000.s9740.t000" lemma="прислужник" pos="NOUN">прислужник</instance>
         <wf lemma="." pos="X">.</wf>
      </sentence>
      <sentence id="d000.s9741" source="wordnet-bulgarian">
         <instance id="d000.s9741.t000" lemma="бягам" pos="VERB">бягам</instance>
         <wf lemma="бързо" pos="X">бързо</wf>
         <wf lemma="." pos="X">.</wf>
      </sentence>
      <sentence id="d000.s9742" source="wordnet-bulgarian">
         <instance id="d000.s9742.t000" lemma="реша" pos="VERB">Реших</instance>
         <wf lemma="да" pos="X">да</wf>
         <wf lemma="продължа" pos="X">продължа</wf>
         <wf lemma="образованието" pos="X">образованието</wf>
         <wf lemma="си" pos="X">си</wf>
         <wf lemma="." pos="X">.</wf>
      </sentence>
      <sentence id="d000.s9743" source="wordnet-bulgarian">
         <instance id="d000.s9743.t000" lemma="връщане" pos="NOUN">връщане</instance>
         <wf lemma="от" pos="X">от</wf>
         <wf lemma="пазар" pos="X">пазар</wf>
         <wf lemma="." pos="X">.</wf>
      </sentence>
      <sentence id="d000.s9744" source="wordnet-bulgarian">
         <wf lemma="с" pos="X">с</wf>
         <wf lemma="цвета" pos="X">цвета</wf>
         <wf lemma="на" pos="X">на</wf>
         <instance id="d000.s9744.t000" lemma="тяло" pos="NOUN">тялото</instance>
         <wf lemma="." pos="X">.</wf>
      </sentence>
      <sentence id="d000.s9745" source="wordnet-bulgarian">
         <wf lemma="събирам" pos="X">събирам</wf>
         <instance id="d000.s9745.t000" lemma="помощ" pos="NOUN">помощи</instance>
         <wf lemma="за" pos="X">за</wf>
         <wf lemma="." pos="X">.</wf>
      </sentence>
      <sentence id="d000.s9746" source="wordnet-bulgarian">
         <wf lemma="нова" pos="X">нова</wf>
         <instance id="d000.s9746.t000" lemma="мотриса" pos="NOUN">мотриса</instance>
         <wf lemma="." pos="X">.</wf>
      </sentence>
      <sentence id="d000.s9747" source="wordnet-bulgarian">
         <instance id="d000.s9747.t000" lemma="замърсяване" pos="NOUN">замърсяване</instance>
         <wf lemma="на" pos="X">на</wf>
         <wf lemma="въздуха" pos="X">въздуха</wf>
         <wf lemma="с" pos="X">с</wf>
         <wf lemma="отровни" pos="X">отровни</wf>
         <wf lemma="газове" pos="X">газове</wf>
         <wf lemma="." pos="X">.</wf>
      </sentence>
      <sentence id="d000.s9748" source="wordnet-bulgarian">
         <wf lemma="шарен" pos="X">шарен</wf>
         <instance id="d000.s9748.t000" lemma="пумпал" pos="NOUN">пумпал</instance>
         <wf lemma="." pos="X">.</wf>
      </sentence>
      <sentence id="d000.s9749" source="wordnet-bulgarian">
         <instance id="d000.s9749.t000" lemma="право" pos="NOUN">право</instance>
         <wf lemma="на" pos="X">на</wf>
         <wf lemma="глас" pos="X">глас</wf>
         <wf lemma="." pos="X">.</wf>
      </sentence>
      <sentence id="d000.s9750" source="wordnet-bulgarian">
         <wf lemma="Не" pos="X">Не</wf>
         <wf lemma="ми" pos="X">ми</wf>
         <wf lemma="говорете" pos="X">говорете</wf>
         <wf lemma="с" pos="X">с</wf>
         <wf lemma="такъв" pos="X">такъв</wf>
         <instance id="d000.s9750.t000" lemma="тон" pos="NOUN">тон</instance>
         <wf lemma="!" pos="X">!</wf>
      </sentence>
      <sentence id="d000.s9751" source="wordnet-bulgarian">
         <wf lemma="търговски" pos="X">търговски</wf>
         <instance id="d000.s9751.t000" lemma="преговори" pos="NOUN">преговори</instance>
         <wf lemma="." pos="X">.</wf>
      </sentence>
      <sentence id="d000.s9752" source="wordnet-bulgarian">
         <wf lemma="необходими" pos="X">необходими</wf>
         <wf lemma="документи" pos="X">документи</wf>
         <wf lemma="за" pos="X">за</wf>
         <instance id="d000.s9752.t000" lemma="заминаване" pos="NOUN">заминаване</instance>
         <wf lemma="." pos="X">.</wf>
      </sentence>
      <sentence id="d000.s9753" source="wordnet-bulgarian">
         <instance id="d000.s9753.t000" lemma="предвиждане" pos="NOUN">предвиждане</instance>
         <wf lemma="на" pos="X">на</wf>
         <wf lemma="бъдещето" pos="X">бъдещето</wf>
         <wf lemma="." pos="X">.</wf>
      </sentence>
      <sentence id="d000.s9754" source="wordnet-bulgarian">
         <wf lemma="Какво" pos="X">Какво</wf>
         <wf lemma="е" pos="X">е</wf>
         <instance id="d000.s9754.t000" lemma="отношение" pos="NOUN">отношението</instance>
         <wf lemma="ти" pos="X">ти</wf>
         <wf lemma="към" pos="X">към</wf>
         <wf lemma="нея" pos="X">нея</wf>
         <wf lemma="?" pos="X">?</wf>
      </sentence>
      <sentence id="d000.s9755" source="wordnet-bulgarian">
         <wf lemma="обзема" pos="X">обзема</wf>
         <wf lemma="ме" pos="X">ме</wf>
         <instance id="d000.s9755.t000" lemma="отчаяние" pos="NOUN">отчаяние</instance>
         <wf lemma="." pos="X">.</wf>
      </sentence>
      <sentence id="d000.s9756" source="wordnet-bulgarian">
         <wf lemma="любителска" pos="X">любителска</wf>
         <instance id="d000.s9756.t000" lemma="снимка" pos="NOUN">снимка</instance>
         <wf lemma="." pos="X">.</wf>
      </sentence>
      <sentence id="d000.s9757" source="wordnet-bulgarian">
         <wf lemma="обувам" pos="X">обувам</wf>
         <instance id="d000.s9757.t000" lemma="обувка" pos="NOUN">обувки</instance>
         <wf lemma="." pos="X">.</wf>
      </sentence>
      <sentence id="d000.s9758" source="wordnet-bulgarian">
         <instance id="d000.s9758.t000" lemma="подредба" pos="NOUN">подредба</instance>
         <wf lemma="на" pos="X">на</wf>
         <wf lemma="жилище" pos="X">жилище</wf>
         <wf lemma="." pos="X">.</wf>
      </sentence>
      <sentence id="d000.s9759" source="wordnet-bulgarian">
         <wf lemma="поради" pos="X">поради</wf>
         <instance id="d000.s9759.t000" lemma="липса" pos="NOUN">липса</instance>
         <wf lemma="на" pos="X">на</wf>
         <wf lemma="време" pos="X">време</wf>
         <wf lemma="." pos="X">.</wf>
      </sentence>
      <sentence id="d000.s9760" source="wordnet-bulgarian">
         <wf lemma="стачно" pos="X">стачно</wf>
         <instance id="d000.s9760.t000" lemma="движение" pos="NOUN">движение</instance>
         <wf lemma="." pos="X">.</wf>
      </sentence>
      <sentence id="d000.s9761" source="wordnet-bulgarian">
         <wf lemma="Една" pos="X">Една</wf>
         <instance id="d000.s9761.t000" lemma="каруца" pos="NOUN">каруца</instance>
         <wf lemma="се" pos="X">се</wf>
         <wf lemma="движеше" pos="X">движеше</wf>
         <wf lemma="бавно" pos="X">бавно</wf>
         <wf lemma="по" pos="X">по</wf>
         <wf lemma="шосето" pos="X">шосето</wf>
         <wf lemma="." pos="X">.</wf>
      </sentence>
      <sentence id="d000.s9762" source="wordnet-bulgarian">
         <wf lemma="преодолявам" pos="X">преодолявам</wf>
         <wf lemma="собствената" pos="X">собствената</wf>
         <wf lemma="си" pos="X">си</wf>
         <instance id="d000.s9762.t000" lemma="обърканост" pos="NOUN">обърканост</instance>
         <wf lemma="." pos="X">.</wf>
      </sentence>
      <sentence id="d000.s9763" source="wordnet-bulgarian">
         <wf lemma="футболен" pos="X">футболен</wf>
         <instance id="d000.s9763.t000" lemma="отбор" pos="NOUN">отбор</instance>
         <wf lemma="." pos="X">.</wf>
      </sentence>
      <sentence id="d000.s9764" source="wordnet-bulgarian">
         <wf lemma="лека" pos="X">лека</wf>
         <instance id="d000.s9764.t000" lemma="вечеря" pos="NOUN">вечеря</instance>
         <wf lemma="." pos="X">.</wf>
      </sentence>
      <sentence id="d000.s9765" source="wordnet-bulgarian">
         <wf lemma="шия" pos="X">шия</wf>
         <wf lemma="си" pos="X">си</wf>
         <instance id="d000.s9765.t000" lemma="палто" pos="NOUN">палто</instance>
         <wf lemma="." pos="X">.</wf>
      </sentence>
      <sentence id="d000.s9766" source="wordnet-bulgarian">
         <wf lemma="мек" pos="X">мек</wf>
         <instance id="d000.s9766.t000" lemma="нанос" pos="NOUN">нанос</instance>
         <wf lemma="." pos="X">.</wf>
      </sentence>
      <sentence id="d000.s9767" source="wordnet-bulgarian">
         <instance id="d000.s9767.t000" lemma="цепка" pos="NOUN">цепка</instance>
         <wf lemma="на" pos="X">на</wf>
         <wf lemma="обувка" pos="X">обувка</wf>
         <wf lemma="." pos="X">.</wf>
      </sentence>
      <sentence id="d000.s9768" source="wordnet-bulgarian">
         <wf lemma="отивам" pos="X">отивам</wf>
         <wf lemma="на" pos="X">на</wf>
         <instance id="d000.s9768.t000" lemma="изпит" pos="NOUN">изпит</instance>
         <wf lemma="." pos="X">.</wf>
      </sentence>
      <sentence id="d000.s9769" source="wordnet-bulgarian">
         <instance id="d000.s9769.t000" lemma="пионер" pos="NOUN">пионери</instance>
         <wf lemma="на" pos="X">на</wf>
         <wf lemma="." pos="X">.</wf>
      </sentence>
      <sentence id="d000.s9770" source="wordnet-bulgarian">
         <wf lemma="отлично" pos="X">отлично</wf>
         <instance id="d000.s9770.t000" lemma="обоняние" pos="NOUN">обоняние</instance>
         <wf lemma="." pos="X">.</wf>
      </sentence>
      <sentence id="d000.s9771" source="wordnet-bulgarian">
         <wf lemma="валутен" pos="X">валутен</wf>
         <instance id="d000.s9771.t000" lemma="касиер" pos="NOUN">касиер</instance>
         <wf lemma="." pos="X">.</wf>
      </sentence>
      <sentence id="d000.s9772" source="wordnet-bulgarian">
         <wf lemma="Моят" pos="X">Моят</wf>
         <instance id="d000.s9772.t000" lemma="дом" pos="NOUN">дом</instance>
         <wf lemma="е" pos="X">е</wf>
         <wf lemma="моята" pos="X">моята</wf>
         <wf lemma="крепост" pos="X">крепост</wf>
         <wf lemma="." pos="X">.</wf>
      </sentence>
      <sentence id="d000.s9773" source="wordnet-bulgarian">
         <wf lemma="капризен" pos="X">капризен</wf>
         <instance id="d000.s9773.t000" lemma="клиент" pos="NOUN">клиент</instance>
         <wf lemma="." pos="X">.</wf>
      </sentence>
      <sentence id="d000.s9774" source="wordnet-bulgarian">
         <instance id="d000.s9774.t000" lemma="пея" pos="VERB">Пее</instance>
         <wf lemma="стари" pos="X">стари</wf>
         <wf lemma="песни" pos="X">песни</wf>
         <wf lemma="." pos="X">.</wf>
      </sentence>
      <sentence id="d000.s9775" source="wordnet-bulgarian">
         <instance id="d000.s9775.t000" lemma="поп" pos="NOUN">поп</instance>
         <wf lemma="каро" pos="X">каро</wf>
         <wf lemma="." pos="X">.</wf>
      </sentence>
      <sentence id="d000.s9776" source="wordnet-bulgarian">
         <wf lemma="сам" pos="X">сам</wf>
         <wf lemma="не" pos="X">не</wf>
         <wf lemma="си" pos="X">си</wf>
         <instance id="d000.s9776.t000" lemma="вярвам" pos="VERB">вярвам</instance>
         <wf lemma="." pos="X">.</wf>
      </sentence>
      <sentence id="d000.s9777" source="wordnet-bulgarian">
         <wf lemma="мигновен" pos="X">мигновен</wf>
         <instance id="d000.s9777.t000" lemma="ефект" pos="NOUN">ефект</instance>
         <wf lemma="." pos="X">.</wf>
      </sentence>
      <sentence id="d000.s9778" source="wordnet-bulgarian">
         <wf lemma="Минавам" pos="X">Минавам</wf>
         <wf lemma="от" pos="X">от</wf>
         <wf lemma="единия" pos="X">единия</wf>
         <instance id="d000.s9778.t000" lemma="бряг" pos="NOUN">бряг</instance>
         <wf lemma="на" pos="X">на</wf>
         <wf lemma="реката" pos="X">реката</wf>
         <wf lemma="на" pos="X">на</wf>
         <wf lemma="другия" pos="X">другия</wf>
         <wf lemma="." pos="X">.</wf>
      </sentence>
      <sentence id="d000.s9779" source="wordnet-bulgarian">
         <wf lemma="ниска" pos="X">ниска</wf>
         <instance id="d000.s9779.t000" lemma="безработица" pos="NOUN">безработица</instance>
         <wf lemma="." pos="X">.</wf>
      </sentence>
      <sentence id="d000.s9780" source="wordnet-bulgarian">
         <wf lemma="Получавам" pos="X">Получавам</wf>
         <wf lemma="ценни" pos="X">ценни</wf>
         <instance id="d000.s9780.t000" lemma="сведение" pos="NOUN">сведения</instance>
         <wf lemma="." pos="X">.</wf>
      </sentence>
      <sentence id="d000.s9781" source="wordnet-bulgarian">
         <wf lemma="орлов" pos="X">орлов</wf>
         <instance id="d000.s9781.t000" lemma="нос" pos="NOUN">нос</instance>
         <wf lemma="." pos="X">.</wf>
      </sentence>
      <sentence id="d000.s9782" source="wordnet-bulgarian">
         <wf lemma="Тази" pos="X">Тази</wf>
         <wf lemma="нива" pos="X">нива</wf>
         <wf lemma="е" pos="X">е</wf>
         <wf lemma="цялото" pos="X">цялото</wf>
         <wf lemma="ми" pos="X">ми</wf>
         <instance id="d000.s9782.t000" lemma="богатство" pos="NOUN">богатство</instance>
         <wf lemma="." pos="X">.</wf>
      </sentence>
      <sentence id="d000.s9783" source="wordnet-bulgarian">
         <wf lemma="гръбначни" pos="X">гръбначни</wf>
         <instance id="d000.s9783.t000" lemma="животно" pos="NOUN">животни</instance>
         <wf lemma="." pos="X">.</wf>
      </sentence>
      <sentence id="d000.s9784" source="wordnet-bulgarian">
         <instance id="d000.s9784.t000" lemma="ядене" pos="NOUN">яденето</instance>
         <wf lemma="е" pos="X">е</wf>
         <wf lemma="готово" pos="X">готово</wf>
         <wf lemma="." pos="X">.</wf>
      </sentence>
      <sentence id="d000.s9785" source="wordnet-bulgarian">
         <wf lemma="другарска" pos="X">другарска</wf>
         <instance id="d000.s9785.t000" lemma="среща" pos="NOUN">среща</instance>
         <wf lemma="." pos="X">.</wf>
      </sentence>
      <sentence id="d000.s9786" source="wordnet-bulgarian">
         <instance id="d000.s9786.t000" lemma="напредвам" pos="VERB">напредвам</instance>
         <wf lemma="в" pos="X">в</wf>
         <wf lemma="работата" pos="X">работата</wf>
         <wf lemma="." pos="X">.</wf>
      </sentence>
      <sentence id="d000.s9787" source="wordnet-bulgarian">
         <wf lemma="максимална" pos="X">максимална</wf>
         <instance id="d000.s9787.t000" lemma="скорост" pos="NOUN">скорост</instance>
         <wf lemma="." pos="X">.</wf>
      </sentence>
      <sentence id="d000.s9788" source="wordnet-bulgarian">
         <wf lemma="Има" pos="X">Има</wf>
         <instance id="d000.s9788.t000" lemma="липса" pos="NOUN">липси</instance>
         <wf lemma="в" pos="X">в</wf>
         <wf lemma="касата" pos="X">касата</wf>
         <wf lemma="." pos="X">.</wf>
      </sentence>
      <sentence id="d000.s9789" source="wordnet-bulgarian">
         <wf lemma="гласувам" pos="X">гласувам</wf>
         <instance id="d000.s9789.t000" lemma="доверие" pos="NOUN">доверие</instance>
         <wf lemma="на" pos="X">на</wf>
         <wf lemma="." pos="X">.</wf>
      </sentence>
      <sentence id="d000.s9790" source="wordnet-bulgarian">
         <wf lemma="при" pos="X">при</wf>
         <instance id="d000.s9790.t000" lemma="падане" pos="NOUN">падане</instance>
         <wf lemma="." pos="X">.</wf>
      </sentence>
      <sentence id="d000.s9791" source="wordnet-bulgarian">
         <wf lemma="пълнозърнест" pos="X">пълнозърнест</wf>
         <instance id="d000.s9791.t000" lemma="хляб" pos="NOUN">хляб</instance>
         <wf lemma="." pos="X">.</wf>
      </sentence>
      <sentence id="d000.s9792" source="wordnet-bulgarian">
         <wf lemma="мека" pos="X">мека</wf>
         <instance id="d000.s9792.t000" lemma="възглавница" pos="NOUN">възглавница</instance>
         <wf lemma="." pos="X">.</wf>
      </sentence>
      <sentence id="d000.s9793" source="wordnet-bulgarian">
         <instance id="d000.s9793.t000" lemma="копие" pos="NOUN">копие</instance>
         <wf lemma="на" pos="X">на</wf>
         <wf lemma="." pos="X">.</wf>
      </sentence>
      <sentence id="d000.s9794" source="wordnet-bulgarian">
         <wf lemma="правя" pos="X">правя</wf>
         <instance id="d000.s9794.t000" lemma="обзор" pos="NOUN">обзор</instance>
         <wf lemma="на" pos="X">на</wf>
         <wf lemma="събитията" pos="X">събитията</wf>
         <wf lemma="." pos="X">.</wf>
      </sentence>
      <sentence id="d000.s9795" source="wordnet-bulgarian">
         <wf lemma="асфалтиран" pos="X">асфалтиран</wf>
         <instance id="d000.s9795.t000" lemma="път" pos="NOUN">път</instance>
         <wf lemma="." pos="X">.</wf>
      </sentence>
      <sentence id="d000.s9796" source="wordnet-bulgarian">
         <wf lemma="единичен" pos="X">единичен</wf>
         <instance id="d000.s9796.t000" lemma="чаршаф" pos="NOUN">чаршаф</instance>
         <wf lemma="." pos="X">.</wf>
      </sentence>
      <sentence id="d000.s9797" source="wordnet-bulgarian">
         <instance id="d000.s9797.t000" lemma="имам" pos="VERB">имам</instance>
         <wf lemma="къща" pos="X">къща</wf>
         <wf lemma="." pos="X">.</wf>
      </sentence>
      <sentence id="d000.s9798" source="wordnet-bulgarian">
         <instance id="d000.s9798.t000" lemma="труп" pos="NOUN">труп</instance>
         <wf lemma="на" pos="X">на</wf>
         <wf lemma="човек" pos="X">човек</wf>
         <wf lemma="." pos="X">.</wf>
      </sentence>
      <sentence id="d000.s9799" source="wordnet-bulgarian">
         <wf lemma="избрани" pos="X">избрани</wf>
         <instance id="d000.s9799.t000" lemma="стихотворение" pos="NOUN">стихотворения</instance>
         <wf lemma="." pos="X">.</wf>
      </sentence>
      <sentence id="d000.s9800" source="wordnet-bulgarian">
         <wf lemma="Кучето" pos="X">Кучето</wf>
         <wf lemma="държеше" pos="X">държеше</wf>
         <wf lemma="голям" pos="X">голям</wf>
         <instance id="d000.s9800.t000" lemma="кокал" pos="NOUN">кокал</instance>
         <wf lemma="в" pos="X">в</wf>
         <wf lemma="устата" pos="X">устата</wf>
         <wf lemma="си" pos="X">си</wf>
         <wf lemma="." pos="X">.</wf>
      </sentence>
      <sentence id="d000.s9801" source="wordnet-bulgarian">
         <wf lemma="Чу" pos="X">Чу</wf>
         <wf lemma="се" pos="X">се</wf>
         <wf lemma="силен" pos="X">силен</wf>
         <instance id="d000.s9801.t000" lemma="взрив" pos="NOUN">взрив</instance>
         <wf lemma="." pos="X">.</wf>
      </sentence>
      <sentence id="d000.s9802" source="wordnet-bulgarian">
         <wf lemma="вода" pos="X">вода</wf>
         <wf lemma="в" pos="X">в</wf>
         <instance id="d000.s9802.t000" lemma="коляно" pos="NOUN">коляното</instance>
         <wf lemma="." pos="X">.</wf>
      </sentence>
      <sentence id="d000.s9803" source="wordnet-bulgarian">
         <wf lemma="написвам" pos="X">написвам</wf>
         <instance id="d000.s9803.t000" lemma="чек" pos="NOUN">чек</instance>
         <wf lemma="." pos="X">.</wf>
      </sentence>
      <sentence id="d000.s9804" source="wordnet-bulgarian">
         <wf lemma="с" pos="X">с</wf>
         <instance id="d000.s9804.t000" lemma="вещина" pos="NOUN">вещина</instance>
         <wf lemma="." pos="X">.</wf>
      </sentence>
      <sentence id="d000.s9805" source="wordnet-bulgarian">
         <wf lemma="крайно" pos="X">крайно</wf>
         <instance id="d000.s9805.t000" lemma="мнение" pos="NOUN">мнение</instance>
         <wf lemma="." pos="X">.</wf>
      </sentence>
      <sentence id="d000.s9806" source="wordnet-bulgarian">
         <wf lemma="предизборен" pos="X">предизборен</wf>
         <instance id="d000.s9806.t000" lemma="прецедент" pos="NOUN">прецедент</instance>
         <wf lemma="." pos="X">.</wf>
      </sentence>
      <sentence id="d000.s9807" source="wordnet-bulgarian">
         <wf lemma="Приятелят" pos="X">Приятелят</wf>
         <wf lemma="ми" pos="X">ми</wf>
         <wf lemma="е" pos="X">е</wf>
         <instance id="d000.s9807.t000" lemma="чужденец" pos="NOUN">чужденец</instance>
         <wf lemma="." pos="X">.</wf>
      </sentence>
      <sentence id="d000.s9808" source="wordnet-bulgarian">
         <instance id="d000.s9808.t000" lemma="мъка" pos="NOUN">мъка</instance>
         <wf lemma="в" pos="X">в</wf>
         <wf lemma="очите" pos="X">очите</wf>
         <wf lemma="му" pos="X">му</wf>
         <wf lemma="." pos="X">.</wf>
      </sentence>
      <sentence id="d000.s9809" source="wordnet-bulgarian">
         <instance id="d000.s9809.t000" lemma="ателие" pos="NOUN">ателие</instance>
         <wf lemma="на" pos="X">на</wf>
         <wf lemma="художник" pos="X">художник</wf>
         <wf lemma="." pos="X">.</wf>
      </sentence>
      <sentence id="d000.s9810" source="wordnet-bulgarian">
         <wf lemma="планинска" pos="X">планинска</wf>
         <instance id="d000.s9810.t000" lemma="повърхнина" pos="NOUN">повърхнина</instance>
         <wf lemma="." pos="X">.</wf>
      </sentence>
      <sentence id="d000.s9811" source="wordnet-bulgarian">
         <instance id="d000.s9811.t000" lemma="пия" pos="VERB">пия</instance>
         <wf lemma="на" pos="X">на</wf>
         <wf lemma="един" pos="X">един</wf>
         <wf lemma="дъх" pos="X">дъх</wf>
         <wf lemma="." pos="X">.</wf>
      </sentence>
      <sentence id="d000.s9812" source="wordnet-bulgarian">
         <instance id="d000.s9812.t000" lemma="запознавам" pos="VERB">Запознавам</instance>
         <wf lemma="жена" pos="X">жена</wf>
         <wf lemma="си" pos="X">си</wf>
         <wf lemma="с" pos="X">с</wf>
         <wf lemma="мои" pos="X">мои</wf>
         <wf lemma="приятели" pos="X">приятели</wf>
         <wf lemma="." pos="X">.</wf>
      </sentence>
      <sentence id="d000.s9813" source="wordnet-bulgarian">
         <wf lemma="хомеопатично" pos="X">хомеопатично</wf>
         <instance id="d000.s9813.t000" lemma="лекарство" pos="NOUN">лекарство</instance>
         <wf lemma="." pos="X">.</wf>
      </sentence>
      <sentence id="d000.s9814" source="wordnet-bulgarian">
         <wf lemma="естествена" pos="X">естествена</wf>
         <instance id="d000.s9814.t000" lemma="смърт" pos="NOUN">смърт</instance>
         <wf lemma="." pos="X">.</wf>
      </sentence>
      <sentence id="d000.s9815" source="wordnet-bulgarian">
         <wf lemma="лош" pos="X">лош</wf>
         <instance id="d000.s9815.t000" lemma="запис" pos="NOUN">запис</instance>
         <wf lemma="." pos="X">.</wf>
      </sentence>
      <sentence id="d000.s9816" source="wordnet-bulgarian">
         <wf lemma="по" pos="X">по</wf>
         <wf lemma="време" pos="X">време</wf>
         <wf lemma="на" pos="X">на</wf>
         <wf lemma="неговото" pos="X">неговото</wf>
         <instance id="d000.s9816.t000" lemma="управление" pos="NOUN">управление</instance>
         <wf lemma="." pos="X">.</wf>
      </sentence>
      <sentence id="d000.s9817" source="wordnet-bulgarian">
         <instance id="d000.s9817.t000" lemma="чакам" pos="VERB">чакам</instance>
         <wf lemma="на" pos="X">на</wf>
         <wf lemma="перона" pos="X">перона</wf>
         <wf lemma="." pos="X">.</wf>
      </sentence>
      <sentence id="d000.s9818" source="wordnet-bulgarian">
         <instance id="d000.s9818.t000" lemma="стая" pos="NOUN">Стаята</instance>
         <wf lemma="е" pos="X">е</wf>
         <wf lemma="просторна" pos="X">просторна</wf>
         <wf lemma="и" pos="X">и</wf>
         <wf lemma="много" pos="X">много</wf>
         <wf lemma="топла" pos="X">топла</wf>
         <wf lemma="." pos="X">.</wf>
      </sentence>
      <sentence id="d000.s9819" source="wordnet-bulgarian">
         <instance id="d000.s9819.t000" lemma="резюме" pos="NOUN">резюме</instance>
         <wf lemma="от" pos="X">от</wf>
         <wf lemma="реч" pos="X">реч</wf>
         <wf lemma="." pos="X">.</wf>
      </sentence>
      <sentence id="d000.s9820" source="wordnet-bulgarian">
         <wf lemma="закрит" pos="X">закрит</wf>
         <instance id="d000.s9820.t000" lemma="камион" pos="NOUN">камион</instance>
         <wf lemma="." pos="X">.</wf>
      </sentence>
      <sentence id="d000.s9821" source="wordnet-bulgarian">
         <instance id="d000.s9821.t000" lemma="скорост" pos="NOUN">скорост</instance>
         <wf lemma="от" pos="X">от</wf>
         <wf lemma="100" pos="X">100</wf>
         <wf lemma="км" pos="X">км</wf>
         <wf lemma="в" pos="X">в</wf>
         <wf lemma="час" pos="X">час</wf>
         <wf lemma="." pos="X">.</wf>
      </sentence>
      <sentence id="d000.s9822" source="wordnet-bulgarian">
         <instance id="d000.s9822.t000" lemma="магазин" pos="NOUN">магазин</instance>
         <wf lemma="за" pos="X">за</wf>
         <wf lemma="хранителни" pos="X">хранителни</wf>
         <wf lemma="стоки" pos="X">стоки</wf>
         <wf lemma="." pos="X">.</wf>
      </sentence>
      <sentence id="d000.s9823" source="wordnet-bulgarian">
         <wf lemma="търговски" pos="X">търговски</wf>
         <instance id="d000.s9823.t000" lemma="закон" pos="NOUN">закон</instance>
         <wf lemma="." pos="X">.</wf>
      </sentence>
      <sentence id="d000.s9824" source="wordnet-bulgarian">
         <wf lemma="петно" pos="X">петно</wf>
         <wf lemma="от" pos="X">от</wf>
         <instance id="d000.s9824.t000" lemma="кръв" pos="NOUN">кръв</instance>
         <wf lemma="." pos="X">.</wf>
      </sentence>
      <sentence id="d000.s9825" source="wordnet-bulgarian">
         <wf lemma="занимавам" pos="X">занимавам</wf>
         <wf lemma="се" pos="X">се</wf>
         <wf lemma="с" pos="X">с</wf>
         <instance id="d000.s9825.t000" lemma="бизнес" pos="NOUN">бизнес</instance>
         <wf lemma="." pos="X">.</wf>
      </sentence>
      <sentence id="d000.s9826" source="wordnet-bulgarian">
         <wf lemma="изпадам" pos="X">изпадам</wf>
         <wf lemma="в" pos="X">в</wf>
         <instance id="d000.s9826.t000" lemma="нищета" pos="NOUN">нищета</instance>
         <wf lemma="." pos="X">.</wf>
      </sentence>
      <sentence id="d000.s9827" source="wordnet-bulgarian">
         <wf lemma="бяло" pos="X">бяло</wf>
         <instance id="d000.s9827.t000" lemma="месо" pos="NOUN">месо</instance>
         <wf lemma="." pos="X">.</wf>
      </sentence>
      <sentence id="d000.s9828" source="wordnet-bulgarian">
         <wf lemma="Цените" pos="X">Цените</wf>
         <wf lemma="рязко" pos="X">рязко</wf>
         <instance id="d000.s9828.t000" lemma="нарасна" pos="VERB">нараснаха</instance>
         <wf lemma="." pos="X">.</wf>
      </sentence>
      <sentence id="d000.s9829" source="wordnet-bulgarian">
         <instance id="d000.s9829.t000" lemma="натискам" pos="VERB">натискам</instance>
         <wf lemma="звънец" pos="X">звънец</wf>
         <wf lemma="." pos="X">.</wf>
      </sentence>
      <sentence id="d000.s9830" source="wordnet-bulgarian">
         <wf lemma="морска" pos="X">морска</wf>
         <instance id="d000.s9830.t000" lemma="граница" pos="NOUN">граница</instance>
         <wf lemma="." pos="X">.</wf>
      </sentence>
      <sentence id="d000.s9831" source="wordnet-bulgarian">
         <wf lemma="внедрен" pos="X">внедрен</wf>
         <instance id="d000.s9831.t000" lemma="шпионин" pos="NOUN">шпионин</instance>
         <wf lemma="в." pos="X">в.</wf>
      </sentence>
      <sentence id="d000.s9832" source="wordnet-bulgarian">
         <instance id="d000.s9832.t000" lemma="неуспех" pos="NOUN">неуспех</instance>
         <wf lemma="на" pos="X">на</wf>
         <wf lemma="филм" pos="X">филм</wf>
         <wf lemma="." pos="X">.</wf>
      </sentence>
      <sentence id="d000.s9833" source="wordnet-bulgarian">
         <wf lemma="По" pos="X">По</wf>
         <wf lemma="полето" pos="X">полето</wf>
         <wf lemma="кипи" pos="X">кипи</wf>
         <instance id="d000.s9833.t000" lemma="живот" pos="NOUN">живот</instance>
         <wf lemma="." pos="X">.</wf>
      </sentence>
      <sentence id="d000.s9834" source="wordnet-bulgarian">
         <wf lemma="по" pos="X">по</wf>
         <wf lemma="английски" pos="X">английски</wf>
         <instance id="d000.s9834.t000" lemma="образец" pos="NOUN">образец</instance>
         <wf lemma="." pos="X">.</wf>
      </sentence>
      <sentence id="d000.s9835" source="wordnet-bulgarian">
         <wf lemma="скачам" pos="X">скачам</wf>
         <wf lemma="от" pos="X">от</wf>
         <instance id="d000.s9835.t000" lemma="мост" pos="NOUN">мост</instance>
         <wf lemma="." pos="X">.</wf>
      </sentence>
      <sentence id="d000.s9836" source="wordnet-bulgarian">
         <instance id="d000.s9836.t000" lemma="отговарям" pos="VERB">отговарям</instance>
         <wf lemma="устно" pos="X">устно</wf>
         <wf lemma="." pos="X">.</wf>
      </sentence>
      <sentence id="d000.s9837" source="wordnet-bulgarian">
         <wf lemma="В" pos="X">В</wf>
         <instance id="d000.s9837.t000" lemma="семейство" pos="NOUN">семейството</instance>
         <wf lemma="ни" pos="X">ни</wf>
         <wf lemma="цари" pos="X">цари</wf>
         <wf lemma="разбирателство" pos="X">разбирателство</wf>
         <wf lemma="." pos="X">.</wf>
      </sentence>
      <sentence id="d000.s9838" source="wordnet-bulgarian">
         <wf lemma="размяна" pos="X">размяна</wf>
         <wf lemma="на" pos="X">на</wf>
         <instance id="d000.s9838.t000" lemma="учтивост" pos="NOUN">учтивости</instance>
         <wf lemma="." pos="X">.</wf>
      </sentence>
      <sentence id="d000.s9839" source="wordnet-bulgarian">
         <wf lemma="Това" pos="X">Това</wf>
         <wf lemma="е" pos="X">е</wf>
         <wf lemma="от" pos="X">от</wf>
         <wf lemma="времето" pos="X">времето</wf>
         <wf lemma="на" pos="X">на</wf>
         <wf lemma="нашата" pos="X">нашата</wf>
         <instance id="d000.s9839.t000" lemma="младост" pos="NOUN">младост</instance>
         <wf lemma="." pos="X">.</wf>
      </sentence>
      <sentence id="d000.s9840" source="wordnet-bulgarian">
         <wf lemma="въздушна" pos="X">въздушна</wf>
         <instance id="d000.s9840.t000" lemma="пушка" pos="NOUN">пушка</instance>
         <wf lemma="." pos="X">.</wf>
      </sentence>
      <sentence id="d000.s9841" source="wordnet-bulgarian">
         <wf lemma="сключени" pos="X">сключени</wf>
         <instance id="d000.s9841.t000" lemma="вежда" pos="NOUN">вежди</instance>
         <wf lemma="." pos="X">.</wf>
      </sentence>
      <sentence id="d000.s9842" source="wordnet-bulgarian">
         <instance id="d000.s9842.t000" lemma="увод" pos="NOUN">увод</instance>
         <wf lemma="към" pos="X">към</wf>
         <wf lemma="." pos="X">.</wf>
      </sentence>
      <sentence id="d000.s9843" source="wordnet-bulgarian">
         <wf lemma="хващам" pos="X">хващам</wf>
         <instance id="d000.s9843.t000" lemma="път" pos="NOUN">пътя</instance>
         <wf lemma="за" pos="X">за</wf>
         <wf lemma="София" pos="X">София</wf>
         <wf lemma="." pos="X">.</wf>
      </sentence>
      <sentence id="d000.s9844" source="wordnet-bulgarian">
         <wf lemma="звукове" pos="X">звукове</wf>
         <wf lemma="с" pos="X">с</wf>
         <wf lemma="различна" pos="X">различна</wf>
         <instance id="d000.s9844.t000" lemma="височина" pos="NOUN">височина</instance>
         <wf lemma="." pos="X">.</wf>
      </sentence>
      <sentence id="d000.s9845" source="wordnet-bulgarian">
         <instance id="d000.s9845.t000" lemma="канал" pos="NOUN">канал</instance>
         <wf lemma="за" pos="X">за</wf>
         <wf lemma="." pos="X">.</wf>
      </sentence>
      <sentence id="d000.s9846" source="wordnet-bulgarian">
         <wf lemma="тясно" pos="X">тясно</wf>
         <instance id="d000.s9846.t000" lemma="жилище" pos="NOUN">жилище</instance>
         <wf lemma="." pos="X">.</wf>
      </sentence>
      <sentence id="d000.s9847" source="wordnet-bulgarian">
         <wf lemma="кучешка" pos="X">кучешка</wf>
         <instance id="d000.s9847.t000" lemma="каишка" pos="NOUN">каишка</instance>
         <wf lemma="." pos="X">.</wf>
      </sentence>
      <sentence id="d000.s9848" source="wordnet-bulgarian">
         <wf lemma="влажен" pos="X">влажен</wf>
         <instance id="d000.s9848.t000" lemma="климат" pos="NOUN">климат</instance>
         <wf lemma="." pos="X">.</wf>
      </sentence>
      <sentence id="d000.s9849" source="wordnet-bulgarian">
         <wf lemma="любима" pos="X">любима</wf>
         <instance id="d000.s9849.t000" lemma="играчка" pos="NOUN">играчка</instance>
         <wf lemma="." pos="X">.</wf>
      </sentence>
      <sentence id="d000.s9850" source="wordnet-bulgarian">
         <wf lemma="колода" pos="X">колода</wf>
         <instance id="d000.s9850.t000" lemma="карта" pos="NOUN">карти</instance>
         <wf lemma="." pos="X">.</wf>
      </sentence>
      <sentence id="d000.s9851" source="wordnet-bulgarian">
         <instance id="d000.s9851.t000" lemma="знание" pos="NOUN">знанието</instance>
         <wf lemma="е" pos="X">е</wf>
         <wf lemma="сила" pos="X">сила</wf>
         <wf lemma="." pos="X">.</wf>
      </sentence>
      <sentence id="d000.s9852" source="wordnet-bulgarian">
         <instance id="d000.s9852.t000" lemma="река" pos="NOUN">Реката</instance>
         <wf lemma="извира" pos="X">извира</wf>
         <wf lemma="от" pos="X">от</wf>
         <wf lemma="планината" pos="X">планината</wf>
         <wf lemma="." pos="X">.</wf>
      </sentence>
      <sentence id="d000.s9853" source="wordnet-bulgarian">
         <wf lemma="Помещението" pos="X">Помещението</wf>
         <wf lemma="има" pos="X">има</wf>
         <wf lemma="три" pos="X">три</wf>
         <instance id="d000.s9853.t000" lemma="отделение" pos="NOUN">отделения</instance>
         <wf lemma="." pos="X">.</wf>
      </sentence>
      <sentence id="d000.s9854" source="wordnet-bulgarian">
         <wf lemma="носна" pos="X">носна</wf>
         <instance id="d000.s9854.t000" lemma="кърпичка" pos="NOUN">кърпичка</instance>
         <wf lemma="." pos="X">.</wf>
      </sentence>
      <sentence id="d000.s9855" source="wordnet-bulgarian">
         <wf lemma="голяма" pos="X">голяма</wf>
         <instance id="d000.s9855.t000" lemma="бенка" pos="NOUN">бенка</instance>
         <wf lemma="." pos="X">.</wf>
      </sentence>
      <sentence id="d000.s9856" source="wordnet-bulgarian">
         <wf lemma="медицинска" pos="X">медицинска</wf>
         <instance id="d000.s9856.t000" lemma="застраховка" pos="NOUN">застраховка</instance>
         <wf lemma="." pos="X">.</wf>
      </sentence>
      <sentence id="d000.s9857" source="wordnet-bulgarian">
         <wf lemma="Хвърли" pos="X">Хвърли</wf>
         <wf lemma="ми" pos="X">ми</wf>
         <instance id="d000.s9857.t000" lemma="топка" pos="NOUN">топката</instance>
         <wf lemma="." pos="X">.</wf>
      </sentence>
      <sentence id="d000.s9858" source="wordnet-bulgarian">
         <wf lemma="заповед" pos="X">заповед</wf>
         <wf lemma="за" pos="X">за</wf>
         <instance id="d000.s9858.t000" lemma="възстановяване" pos="NOUN">възстановяване</instance>
         <wf lemma="на" pos="X">на</wf>
         <wf lemma="владение" pos="X">владение</wf>
         <wf lemma="." pos="X">.</wf>
      </sentence>
      <sentence id="d000.s9859" source="wordnet-bulgarian">
         <wf lemma="бърз" pos="X">бърз</wf>
         <instance id="d000.s9859.t000" lemma="ефект" pos="NOUN">ефект</instance>
         <wf lemma="." pos="X">.</wf>
      </sentence>
      <sentence id="d000.s9860" source="wordnet-bulgarian">
         <instance id="d000.s9860.t000" lemma="гърло" pos="NOUN">гърло</instance>
         <wf lemma="с" pos="X">с</wf>
         <wf lemma="гнойни" pos="X">гнойни</wf>
         <wf lemma="налепи" pos="X">налепи</wf>
         <wf lemma="." pos="X">.</wf>
      </sentence>
      <sentence id="d000.s9861" source="wordnet-bulgarian">
         <wf lemma="слаб" pos="X">слаб</wf>
         <instance id="d000.s9861.t000" lemma="ученик" pos="NOUN">ученик</instance>
         <wf lemma="." pos="X">.</wf>
      </sentence>
      <sentence id="d000.s9862" source="wordnet-bulgarian">
         <wf lemma="Отчет" pos="X">Отчет</wf>
         <wf lemma="за" pos="X">за</wf>
         <wf lemma="първото" pos="X">първото</wf>
         <instance id="d000.s9862.t000" lemma="тримесечие" pos="NOUN">тримесечие</instance>
         <wf lemma="." pos="X">.</wf>
      </sentence>
      <sentence id="d000.s9863" source="wordnet-bulgarian">
         <wf lemma="Ще" pos="X">Ще</wf>
         <wf lemma="ви" pos="X">ви</wf>
         <wf lemma="науча" pos="X">науча</wf>
         <wf lemma="на" pos="X">на</wf>
         <wf lemma="много" pos="X">много</wf>
         <wf lemma="интересни" pos="X">интересни</wf>
         <instance id="d000.s9863.t000" lemma="игра" pos="NOUN">игри</instance>
         <wf lemma="." pos="X">.</wf>
      </sentence>
      <sentence id="d000.s9864" source="wordnet-bulgarian">
         <wf lemma="парче" pos="X">парче</wf>
         <instance id="d000.s9864.t000" lemma="тебешир" pos="NOUN">тебешир</instance>
         <wf lemma="." pos="X">.</wf>
      </sentence>
      <sentence id="d000.s9865" source="wordnet-bulgarian">
         <wf lemma="детски" pos="X">детски</wf>
         <instance id="d000.s9865.t000" lemma="глас" pos="NOUN">глас</instance>
         <wf lemma="." pos="X">.</wf>
      </sentence>
      <sentence id="d000.s9866" source="wordnet-bulgarian">
         <wf lemma="вечерни" pos="X">вечерни</wf>
         <instance id="d000.s9866.t000" lemma="новина" pos="NOUN">новини</instance>
         <wf lemma="." pos="X">.</wf>
      </sentence>
      <sentence id="d000.s9867" source="wordnet-bulgarian">
         <wf lemma="мъжки" pos="X">мъжки</wf>
         <instance id="d000.s9867.t000" lemma="панталон" pos="NOUN">панталон</instance>
         <wf lemma="." pos="X">.</wf>
      </sentence>
      <sentence id="d000.s9868" source="wordnet-bulgarian">
         <wf lemma="Излезе" pos="X">Излезе</wf>
         <wf lemma="от" pos="X">от</wf>
         <wf lemma="печат" pos="X">печат</wf>
         <instance id="d000.s9868.t000" lemma="поредица" pos="NOUN">поредица</instance>
         <wf lemma="книжки" pos="X">книжки</wf>
         <wf lemma="с" pos="X">с</wf>
         <wf lemma="научно-популярен" pos="X">научно-популярен</wf>
         <wf lemma="характер" pos="X">характер</wf>
         <wf lemma="." pos="X">.</wf>
      </sentence>
      <sentence id="d000.s9869" source="wordnet-bulgarian">
         <instance id="d000.s9869.t000" lemma="майстор" pos="NOUN">майстор</instance>
         <wf lemma="на" pos="X">на</wf>
         <wf lemma="перото" pos="X">перото</wf>
         <wf lemma="." pos="X">.</wf>
      </sentence>
      <sentence id="d000.s9870" source="wordnet-bulgarian">
         <instance id="d000.s9870.t000" lemma="имам" pos="VERB">имам</instance>
         <wf lemma="вяра" pos="X">вяра</wf>
         <wf lemma="в" pos="X">в</wf>
         <wf lemma="някого" pos="X">някого</wf>
         <wf lemma="." pos="X">.</wf>
      </sentence>
      <sentence id="d000.s9871" source="wordnet-bulgarian">
         <wf lemma="Хората" pos="X">Хората</wf>
         <wf lemma="от" pos="X">от</wf>
         <wf lemma="селото" pos="X">селото</wf>
         <wf lemma="бяха" pos="X">бяха</wf>
         <wf lemma="настанени" pos="X">настанени</wf>
         <wf lemma="в" pos="X">в</wf>
         <instance id="d000.s9871.t000" lemma="лагер" pos="NOUN">лагер</instance>
         <wf lemma="." pos="X">.</wf>
      </sentence>
      <sentence id="d000.s9872" source="wordnet-bulgarian">
         <wf lemma="упражнявам" pos="X">упражнявам</wf>
         <instance id="d000.s9872.t000" lemma="насилие" pos="NOUN">насилие</instance>
         <wf lemma="над" pos="X">над</wf>
         <wf lemma="." pos="X">.</wf>
      </sentence>
      <sentence id="d000.s9873" source="wordnet-bulgarian">
         <instance id="d000.s9873.t000" lemma="ръб" pos="NOUN">ръб</instance>
         <wf lemma="на" pos="X">на</wf>
         <wf lemma="панталон" pos="X">панталон</wf>
         <wf lemma="." pos="X">.</wf>
      </sentence>
      <sentence id="d000.s9874" source="wordnet-bulgarian">
         <wf lemma="Хората" pos="X">Хората</wf>
         <wf lemma="се" pos="X">се</wf>
         <wf lemma="делят" pos="X">делят</wf>
         <wf lemma="на" pos="X">на</wf>
         <wf lemma="две" pos="X">две</wf>
         <instance id="d000.s9874.t000" lemma="категория" pos="NOUN">категории</instance>
         <wf lemma="-" pos="X">-</wf>
         <wf lemma="добри" pos="X">добри</wf>
         <wf lemma="и" pos="X">и</wf>
         <wf lemma="лоши" pos="X">лоши</wf>
         <wf lemma="." pos="X">.</wf>
      </sentence>
      <sentence id="d000.s9875" source="wordnet-bulgarian">
         <wf lemma="официален" pos="X">официален</wf>
         <instance id="d000.s9875.t000" lemma="бюлетин" pos="NOUN">бюлетин</instance>
         <wf lemma="." pos="X">.</wf>
      </sentence>
      <sentence id="d000.s9876" source="wordnet-bulgarian">
         <wf lemma="нарушавам" pos="X">нарушавам</wf>
         <instance id="d000.s9876.t000" lemma="баланс" pos="NOUN">баланса</instance>
         <wf lemma="." pos="X">.</wf>
      </sentence>
      <sentence id="d000.s9877" source="wordnet-bulgarian">
         <wf lemma="модерно" pos="X">модерно</wf>
         <instance id="d000.s9877.t000" lemma="фоайе" pos="NOUN">фоайе</instance>
         <wf lemma="." pos="X">.</wf>
      </sentence>
      <sentence id="d000.s9878" source="wordnet-bulgarian">
         <wf lemma="парламентарен" pos="X">парламентарен</wf>
         <instance id="d000.s9878.t000" lemma="имунитет" pos="NOUN">имунитет</instance>
         <wf lemma="." pos="X">.</wf>
      </sentence>
      <sentence id="d000.s9879" source="wordnet-bulgarian">
         <wf lemma="има" pos="X">има</wf>
         <wf lemma="обратен" pos="X">обратен</wf>
         <instance id="d000.s9879.t000" lemma="резултат" pos="NOUN">резултат</instance>
         <wf lemma="." pos="X">.</wf>
      </sentence>
      <sentence id="d000.s9880" source="wordnet-bulgarian">
         <instance id="d000.s9880.t000" lemma="племенник" pos="NOUN">Племенникът</instance>
         <wf lemma="ми" pos="X">ми</wf>
         <wf lemma="още" pos="X">още</wf>
         <wf lemma="не" pos="X">не</wf>
         <wf lemma="ходи" pos="X">ходи</wf>
         <wf lemma="на" pos="X">на</wf>
         <wf lemma="училище" pos="X">училище</wf>
         <wf lemma="." pos="X">.</wf>
      </sentence>
      <sentence id="d000.s9881" source="wordnet-bulgarian">
         <instance id="d000.s9881.t000" lemma="зъб" pos="NOUN">Зъбите</instance>
         <wf lemma="й" pos="X">й</wf>
         <wf lemma="бяха" pos="X">бяха</wf>
         <wf lemma="красиво" pos="X">красиво</wf>
         <wf lemma="подредени" pos="X">подредени</wf>
         <wf lemma="като" pos="X">като</wf>
         <wf lemma="мъниста" pos="X">мъниста</wf>
         <wf lemma="." pos="X">.</wf>
      </sentence>
      <sentence id="d000.s9882" source="wordnet-bulgarian">
         <instance id="d000.s9882.t000" lemma="чаша" pos="NOUN">чаша</instance>
         <wf lemma="за" pos="X">за</wf>
         <wf lemma="уиски" pos="X">уиски</wf>
         <wf lemma="." pos="X">.</wf>
      </sentence>
      <sentence id="d000.s9883" source="wordnet-bulgarian">
         <wf lemma="рак" pos="X">рак</wf>
         <wf lemma="на" pos="X">на</wf>
         <instance id="d000.s9883.t000" lemma="кожа" pos="NOUN">кожата</instance>
         <wf lemma="." pos="X">.</wf>
      </sentence>
      <sentence id="d000.s9884" source="wordnet-bulgarian">
         <wf lemma="размахвам" pos="X">размахвам</wf>
         <instance id="d000.s9884.t000" lemma="пръст" pos="NOUN">пръст</instance>
         <wf lemma="." pos="X">.</wf>
      </sentence>
      <sentence id="d000.s9885" source="wordnet-bulgarian">
         <instance id="d000.s9885.t000" lemma="кожа" pos="NOUN">кожата</instance>
         <wf lemma="ми" pos="X">ми</wf>
         <wf lemma="се" pos="X">се</wf>
         <wf lemma="бели" pos="X">бели</wf>
         <wf lemma="." pos="X">.</wf>
      </sentence>
      <sentence id="d000.s9886" source="wordnet-bulgarian">
         <instance id="d000.s9886.t000" lemma="гордост" pos="NOUN">Гордост</instance>
         <wf lemma="изпълва" pos="X">изпълва</wf>
         <wf lemma="душата" pos="X">душата</wf>
         <wf lemma="ми" pos="X">ми</wf>
         <wf lemma="." pos="X">.</wf>
      </sentence>
      <sentence id="d000.s9887" source="wordnet-bulgarian">
         <instance id="d000.s9887.t000" lemma="огън" pos="NOUN">Огънят</instance>
         <wf lemma="обхвана" pos="X">обхвана</wf>
         <wf lemma="цялата" pos="X">цялата</wf>
         <wf lemma="гора" pos="X">гора</wf>
         <wf lemma="." pos="X">.</wf>
      </sentence>
      <sentence id="d000.s9888" source="wordnet-bulgarian">
         <wf lemma="мъжко" pos="X">мъжко</wf>
         <instance id="d000.s9888.t000" lemma="тяло" pos="NOUN">тяло</instance>
         <wf lemma="." pos="X">.</wf>
      </sentence>
      <sentence id="d000.s9889" source="wordnet-bulgarian">
         <instance id="d000.s9889.t000" lemma="превоз" pos="NOUN">превоз</instance>
         <wf lemma="на" pos="X">на</wf>
         <wf lemma="дървен" pos="X">дървен</wf>
         <wf lemma="материал" pos="X">материал</wf>
         <wf lemma="." pos="X">.</wf>
      </sentence>
      <sentence id="d000.s9890" source="wordnet-bulgarian">
         <wf lemma="мека" pos="X">мека</wf>
         <instance id="d000.s9890.t000" lemma="кожа" pos="NOUN">кожа</instance>
         <wf lemma="." pos="X">.</wf>
      </sentence>
      <sentence id="d000.s9891" source="wordnet-bulgarian">
         <wf lemma="няколко" pos="X">няколко</wf>
         <instance id="d000.s9891.t000" lemma="месец" pos="NOUN">месеца</instance>
         <wf lemma="." pos="X">.</wf>
      </sentence>
      <sentence id="d000.s9892" source="wordnet-bulgarian">
         <wf lemma="дебела" pos="X">дебела</wf>
         <instance id="d000.s9892.t000" lemma="сянка" pos="NOUN">сянка</instance>
         <wf lemma="." pos="X">.</wf>
      </sentence>
      <sentence id="d000.s9893" source="wordnet-bulgarian">
         <instance id="d000.s9893.t000" lemma="отвращение" pos="NOUN">отвращение</instance>
         <wf lemma="към" pos="X">към</wf>
         <wf lemma="." pos="X">.</wf>
      </sentence>
      <sentence id="d000.s9894" source="wordnet-bulgarian">
         <wf lemma="брат" pos="X">брат</wf>
         <wf lemma="и" pos="X">и</wf>
         <instance id="d000.s9894.t000" lemma="сестра" pos="NOUN">сестра</instance>
         <wf lemma="." pos="X">.</wf>
      </sentence>
      <sentence id="d000.s9895" source="wordnet-bulgarian">
         <wf lemma="дневна" pos="X">дневна</wf>
         <instance id="d000.s9895.t000" lemma="дажба" pos="NOUN">дажба</instance>
         <wf lemma="." pos="X">.</wf>
      </sentence>
      <sentence id="d000.s9896" source="wordnet-bulgarian">
         <wf lemma="мокри" pos="X">мокри</wf>
         <instance id="d000.s9896.t000" lemma="кърпичка" pos="NOUN">кърпички</instance>
         <wf lemma="." pos="X">.</wf>
      </sentence>
      <sentence id="d000.s9897" source="wordnet-bulgarian">
         <wf lemma="Пловдивски" pos="X">Пловдивски</wf>
         <instance id="d000.s9897.t000" lemma="окръг" pos="NOUN">окръг</instance>
         <wf lemma="." pos="X">.</wf>
      </sentence>
      <sentence id="d000.s9898" source="wordnet-bulgarian">
         <wf lemma="ярко" pos="X">ярко</wf>
         <wf lemma="червен" pos="X">червен</wf>
         <instance id="d000.s9898.t000" lemma="пумпал" pos="NOUN">пумпал</instance>
         <wf lemma="." pos="X">.</wf>
      </sentence>
      <sentence id="d000.s9899" source="wordnet-bulgarian">
         <instance id="d000.s9899.t000" lemma="бутилка" pos="NOUN">бутилката</instance>
         <wf lemma="падна" pos="X">падна</wf>
         <wf lemma="и" pos="X">и</wf>
         <wf lemma="се" pos="X">се</wf>
         <wf lemma="счупи" pos="X">счупи</wf>
         <wf lemma="." pos="X">.</wf>
      </sentence>
      <sentence id="d000.s9900" source="wordnet-bulgarian">
         <instance id="d000.s9900.t000" lemma="основа" pos="NOUN">основа</instance>
         <wf lemma="на" pos="X">на</wf>
         <wf lemma="." pos="X">.</wf>
      </sentence>
      <sentence id="d000.s9901" source="wordnet-bulgarian">
         <wf lemma="Органична" pos="X">Органична</wf>
         <instance id="d000.s9901.t000" lemma="химия" pos="NOUN">химия</instance>
         <wf lemma="." pos="X">.</wf>
      </sentence>
      <sentence id="d000.s9902" source="wordnet-bulgarian">
         <instance id="d000.s9902.t000" lemma="фирма" pos="NOUN">фирма</instance>
         <wf lemma="за" pos="X">за</wf>
         <wf lemma="недвижими" pos="X">недвижими</wf>
         <wf lemma="имоти" pos="X">имоти</wf>
         <wf lemma="." pos="X">.</wf>
      </sentence>
      <sentence id="d000.s9903" source="wordnet-bulgarian">
         <wf lemma="Оглеждам" pos="X">Оглеждам</wf>
         <wf lemma="се" pos="X">се</wf>
         <wf lemma="в" pos="X">в</wf>
         <instance id="d000.s9903.t000" lemma="огледало" pos="NOUN">огледалото</instance>
         <wf lemma="." pos="X">.</wf>
      </sentence>
      <sentence id="d000.s9904" source="wordnet-bulgarian">
         <wf lemma="следобедна" pos="X">следобедна</wf>
         <instance id="d000.s9904.t000" lemma="закуска" pos="NOUN">закуска</instance>
         <wf lemma="." pos="X">.</wf>
      </sentence>
      <sentence id="d000.s9905" source="wordnet-bulgarian">
         <wf lemma="Войникът" pos="X">Войникът</wf>
         <wf lemma="трябва" pos="X">трябва</wf>
         <wf lemma="да" pos="X">да</wf>
         <wf lemma="е" pos="X">е</wf>
         <wf lemma="готов" pos="X">готов</wf>
         <wf lemma="да" pos="X">да</wf>
         <wf lemma="убива" pos="X">убива</wf>
         <instance id="d000.s9905.t000" lemma="враг" pos="NOUN">враговете</instance>
         <wf lemma="си" pos="X">си</wf>
         <wf lemma="." pos="X">.</wf>
      </sentence>
      <sentence id="d000.s9906" source="wordnet-bulgarian">
         <wf lemma="питомни" pos="X">питомни</wf>
         <instance id="d000.s9906.t000" lemma="животно" pos="NOUN">животни</instance>
         <wf lemma="." pos="X">.</wf>
      </sentence>
      <sentence id="d000.s9907" source="wordnet-bulgarian">
         <wf lemma="качвам" pos="X">качвам</wf>
         <wf lemma="се" pos="X">се</wf>
         <wf lemma="по" pos="X">по</wf>
         <instance id="d000.s9907.t000" lemma="стълбище" pos="NOUN">стълбище</instance>
         <wf lemma="." pos="X">.</wf>
      </sentence>
      <sentence id="d000.s9908" source="wordnet-bulgarian">
         <instance id="d000.s9908.t000" lemma="рекорд" pos="NOUN">рекорд</instance>
         <wf lemma="в" pos="X">в</wf>
         <wf lemma="добив" pos="X">добив</wf>
         <wf lemma="на" pos="X">на</wf>
         <wf lemma="нещо" pos="X">нещо</wf>
         <wf lemma="." pos="X">.</wf>
      </sentence>
      <sentence id="d000.s9909" source="wordnet-bulgarian">
         <wf lemma="спортни" pos="X">спортни</wf>
         <instance id="d000.s9909.t000" lemma="обувка" pos="NOUN">обувки</instance>
         <wf lemma="." pos="X">.</wf>
      </sentence>
      <sentence id="d000.s9910" source="wordnet-bulgarian">
         <wf lemma="Той" pos="X">Той</wf>
         <wf lemma="обикна" pos="X">обикна</wf>
         <wf lemma="природата" pos="X">природата</wf>
         <wf lemma="и" pos="X">и</wf>
         <instance id="d000.s9910.t000" lemma="волност" pos="NOUN">волността</instance>
         <wf lemma="." pos="X">.</wf>
      </sentence>
      <sentence id="d000.s9911" source="wordnet-bulgarian">
         <instance id="d000.s9911.t000" lemma="бележка" pos="NOUN">бележка</instance>
         <wf lemma="от" pos="X">от</wf>
         <wf lemma="." pos="X">.</wf>
      </sentence>
      <sentence id="d000.s9912" source="wordnet-bulgarian">
         <wf lemma="мека" pos="X">мека</wf>
         <instance id="d000.s9912.t000" lemma="седалка" pos="NOUN">седалка</instance>
         <wf lemma="." pos="X">.</wf>
      </sentence>
      <sentence id="d000.s9913" source="wordnet-bulgarian">
         <wf lemma="ям" pos="X">ям</wf>
         <instance id="d000.s9913.t000" lemma="мед" pos="NOUN">мед</instance>
         <wf lemma="." pos="X">.</wf>
      </sentence>
      <sentence id="d000.s9914" source="wordnet-bulgarian">
         <instance id="d000.s9914.t000" lemma="легло" pos="NOUN">легло</instance>
         <wf lemma="с" pos="X">с</wf>
         <wf lemma="матрак" pos="X">матрак</wf>
         <wf lemma="." pos="X">.</wf>
      </sentence>
      <sentence id="d000.s9915" source="wordnet-bulgarian">
         <instance id="d000.s9915.t000" lemma="въстание" pos="NOUN">въстанието</instance>
         <wf lemma="на" pos="X">на</wf>
         <wf lemma="Спартак" pos="X">Спартак</wf>
         <wf lemma="." pos="X">.</wf>
      </sentence>
      <sentence id="d000.s9916" source="wordnet-bulgarian">
         <wf lemma="средиземноморски" pos="X">средиземноморски</wf>
         <instance id="d000.s9916.t000" lemma="климат" pos="NOUN">климат</instance>
         <wf lemma="." pos="X">.</wf>
      </sentence>
      <sentence id="d000.s9917" source="wordnet-bulgarian">
         <wf lemma="мъжка" pos="X">мъжка</wf>
         <instance id="d000.s9917.t000" lemma="гордост" pos="NOUN">гордост</instance>
         <wf lemma="." pos="X">.</wf>
      </sentence>
      <sentence id="d000.s9918" source="wordnet-bulgarian">
         <instance id="d000.s9918.t000" lemma="заговор" pos="NOUN">заговор</instance>
         <wf lemma="срещу" pos="X">срещу</wf>
         <wf lemma="." pos="X">.</wf>
      </sentence>
      <sentence id="d000.s9919" source="wordnet-bulgarian">
         <wf lemma="безсмислен" pos="X">безсмислен</wf>
         <instance id="d000.s9919.t000" lemma="спор" pos="NOUN">спор</instance>
         <wf lemma="." pos="X">.</wf>
      </sentence>
      <sentence id="d000.s9920" source="wordnet-bulgarian">
         <wf lemma="спускам" pos="X">спускам</wf>
         <instance id="d000.s9920.t000" lemma="лодка" pos="NOUN">лодката</instance>
         <wf lemma="във" pos="X">във</wf>
         <wf lemma="водата" pos="X">водата</wf>
         <wf lemma="." pos="X">.</wf>
      </sentence>
      <sentence id="d000.s9921" source="wordnet-bulgarian">
         <wf lemma="забавни" pos="X">забавни</wf>
         <instance id="d000.s9921.t000" lemma="история" pos="NOUN">истории</instance>
         <wf lemma="." pos="X">.</wf>
      </sentence>
      <sentence id="d000.s9922" source="wordnet-bulgarian">
         <instance id="d000.s9922.t000" lemma="копче" pos="NOUN">копче</instance>
         <wf lemma="за" pos="X">за</wf>
         <wf lemma="." pos="X">.</wf>
      </sentence>
      <sentence id="d000.s9923" source="wordnet-bulgarian">
         <wf lemma="Ренесансът" pos="X">Ренесансът</wf>
         <instance id="d000.s9923.t000" lemma="обхващам" pos="VERB">обхваща</instance>
         <wf lemma="дълъг" pos="X">дълъг</wf>
         <wf lemma="период" pos="X">период</wf>
         <wf lemma="от" pos="X">от</wf>
         <wf lemma="време" pos="X">време</wf>
         <wf lemma="." pos="X">.</wf>
      </sentence>
      <sentence id="d000.s9924" source="wordnet-bulgarian">
         <instance id="d000.s9924.t000" lemma="размер" pos="NOUN">размер</instance>
         <wf lemma="на" pos="X">на</wf>
         <wf lemma="маса" pos="X">маса</wf>
         <wf lemma="." pos="X">.</wf>
      </sentence>
      <sentence id="d000.s9925" source="wordnet-bulgarian">
         <wf lemma="попадам" pos="X">попадам</wf>
         <wf lemma="под" pos="X">под</wf>
         <instance id="d000.s9925.t000" lemma="влияние" pos="NOUN">влияние</instance>
         <wf lemma="на" pos="X">на</wf>
         <wf lemma="." pos="X">.</wf>
      </sentence>
      <sentence id="d000.s9926" source="wordnet-bulgarian">
         <wf lemma="висок" pos="X">висок</wf>
         <instance id="d000.s9926.t000" lemma="говор" pos="NOUN">говор</instance>
         <wf lemma="." pos="X">.</wf>
      </sentence>
      <sentence id="d000.s9927" source="wordnet-bulgarian">
         <wf lemma="любовно" pos="X">любовно</wf>
         <instance id="d000.s9927.t000" lemma="писмо" pos="NOUN">писмо</instance>
         <wf lemma="." pos="X">.</wf>
      </sentence>
      <sentence id="d000.s9928" source="wordnet-bulgarian">
         <instance id="d000.s9928.t000" lemma="работя" pos="VERB">Работя</instance>
         <wf lemma="като" pos="X">като</wf>
         <wf lemma="сервитьорка" pos="X">сервитьорка</wf>
         <wf lemma="." pos="X">.</wf>
      </sentence>
      <sentence id="d000.s9929" source="wordnet-bulgarian">
         <wf lemma="Болестта" pos="X">Болестта</wf>
         <wf lemma="даде" pos="X">даде</wf>
         <wf lemma="тежки" pos="X">тежки</wf>
         <instance id="d000.s9929.t000" lemma="последица" pos="NOUN">последици</instance>
         <wf lemma="." pos="X">.</wf>
      </sentence>
      <sentence id="d000.s9930" source="wordnet-bulgarian">
         <wf lemma="Той" pos="X">Той</wf>
         <wf lemma="ще" pos="X">ще</wf>
         <wf lemma="се" pos="X">се</wf>
         <wf lemma="грижи" pos="X">грижи</wf>
         <wf lemma="за" pos="X">за</wf>
         <wf lemma="вашата" pos="X">вашата</wf>
         <instance id="d000.s9930.t000" lemma="сигурност" pos="NOUN">сигурност</instance>
         <wf lemma="." pos="X">.</wf>
      </sentence>
      <sentence id="d000.s9931" source="wordnet-bulgarian">
         <wf lemma="спортно" pos="X">спортно</wf>
         <instance id="d000.s9931.t000" lemma="облекло" pos="NOUN">облекло</instance>
         <wf lemma="." pos="X">.</wf>
      </sentence>
      <sentence id="d000.s9932" source="wordnet-bulgarian">
         <instance id="d000.s9932.t000" lemma="дума" pos="NOUN">Думите</instance>
         <wf lemma="му" pos="X">му</wf>
         <wf lemma="ме" pos="X">ме</wf>
         <wf lemma="трогнаха" pos="X">трогнаха</wf>
         <wf lemma="." pos="X">.</wf>
      </sentence>
      <sentence id="d000.s9933" source="wordnet-bulgarian">
         <wf lemma="Национален" pos="X">Национален</wf>
         <instance id="d000.s9933.t000" lemma="стадион" pos="NOUN">стадион</instance>
         <wf lemma="&quot;" pos="X">&quot;</wf>
         <wf lemma="Васил" pos="X">Васил</wf>
         <wf lemma="Левски" pos="X">Левски</wf>
         <wf lemma="&quot;" pos="X">&quot;</wf>
         <wf lemma="." pos="X">.</wf>
      </sentence>
      <sentence id="d000.s9934" source="wordnet-bulgarian">
         <wf lemma="хуманен" pos="X">хуманен</wf>
         <instance id="d000.s9934.t000" lemma="дълг" pos="NOUN">дълг</instance>
         <wf lemma="." pos="X">.</wf>
      </sentence>
      <sentence id="d000.s9935" source="wordnet-bulgarian">
         <wf lemma="нова" pos="X">нова</wf>
         <instance id="d000.s9935.t000" lemma="перушина" pos="NOUN">перушина</instance>
         <wf lemma="." pos="X">.</wf>
      </sentence>
      <sentence id="d000.s9936" source="wordnet-bulgarian">
         <wf lemma="морски" pos="X">морски</wf>
         <instance id="d000.s9936.t000" lemma="въздух" pos="NOUN">въздух</instance>
         <wf lemma="." pos="X">.</wf>
      </sentence>
      <sentence id="d000.s9937" source="wordnet-bulgarian">
         <wf lemma="работен" pos="X">работен</wf>
         <instance id="d000.s9937.t000" lemma="кабинет" pos="NOUN">кабинет</instance>
         <wf lemma="." pos="X">.</wf>
      </sentence>
      <sentence id="d000.s9938" source="wordnet-bulgarian">
         <wf lemma="облагаем" pos="X">облагаем</wf>
         <instance id="d000.s9938.t000" lemma="доход" pos="NOUN">доход</instance>
         <wf lemma="." pos="X">.</wf>
      </sentence>
      <sentence id="d000.s9939" source="wordnet-bulgarian">
         <wf lemma="Въвжедам" pos="X">Въвжедам</wf>
         <wf lemma="данни" pos="X">данни</wf>
         <wf lemma="в" pos="X">в</wf>
         <instance id="d000.s9939.t000" lemma="таблица" pos="NOUN">таблица</instance>
         <wf lemma="." pos="X">.</wf>
      </sentence>
      <sentence id="d000.s9940" source="wordnet-bulgarian">
         <wf lemma="държа" pos="X">държа</wf>
         <wf lemma="за" pos="X">за</wf>
         <instance id="d000.s9940.t000" lemma="ръка" pos="NOUN">ръка</instance>
         <wf lemma="." pos="X">.</wf>
      </sentence>
      <sentence id="d000.s9941" source="wordnet-bulgarian">
         <instance id="d000.s9941.t000" lemma="душа" pos="NOUN">душата</instance>
         <wf lemma="на" pos="X">на</wf>
         <wf lemma="дете" pos="X">дете</wf>
         <wf lemma="." pos="X">.</wf>
      </sentence>
      <sentence id="d000.s9942" source="wordnet-bulgarian">
         <wf lemma="Баща" pos="X">Баща</wf>
         <wf lemma="им" pos="X">им</wf>
         <wf lemma="е" pos="X">е</wf>
         <wf lemma="строг" pos="X">строг</wf>
         <wf lemma="и" pos="X">и</wf>
         <wf lemma="ги" pos="X">ги</wf>
         <instance id="d000.s9942.t000" lemma="потупвам" pos="VERB">потупва</instance>
         <wf lemma="." pos="X">.</wf>
      </sentence>
      <sentence id="d000.s9943" source="wordnet-bulgarian">
         <wf lemma="поставям" pos="X">поставям</wf>
         <wf lemma="венци" pos="X">венци</wf>
         <wf lemma="пред" pos="X">пред</wf>
         <instance id="d000.s9943.t000" lemma="паметник" pos="NOUN">паметника</instance>
         <wf lemma="на" pos="X">на</wf>
         <wf lemma="." pos="X">.</wf>
      </sentence>
      <sentence id="d000.s9944" source="wordnet-bulgarian">
         <wf lemma="шия" pos="X">шия</wf>
         <wf lemma="си" pos="X">си</wf>
         <instance id="d000.s9944.t000" lemma="пола" pos="NOUN">пола</instance>
         <wf lemma="." pos="X">.</wf>
      </sentence>
      <sentence id="d000.s9945" source="wordnet-bulgarian">
         <instance id="d000.s9945.t000" lemma="плащам" pos="VERB">плащам</instance>
         <wf lemma="н" pos="X">н</wf>
         <wf lemma="магазина" pos="X">магазина</wf>
         <wf lemma="." pos="X">.</wf>
      </sentence>
      <sentence id="d000.s9946" source="wordnet-bulgarian">
         <wf lemma="Затвори" pos="X">Затвори</wf>
         <wf lemma="прозореца" pos="X">прозореца</wf>
         <wf lemma="," pos="X">,</wf>
         <wf lemma="че" pos="X">че</wf>
         <wf lemma="става" pos="X">става</wf>
         <instance id="d000.s9946.t000" lemma="течение" pos="NOUN">течение</instance>
         <wf lemma="." pos="X">.</wf>
      </sentence>
      <sentence id="d000.s9947" source="wordnet-bulgarian">
         <instance id="d000.s9947.t000" lemma="карта" pos="NOUN">карти</instance>
         <wf lemma="за" pos="X">за</wf>
         <wf lemma="бридж" pos="X">бридж</wf>
         <wf lemma="." pos="X">.</wf>
      </sentence>
      <sentence id="d000.s9948" source="wordnet-bulgarian">
         <wf lemma="Вземете" pos="X">Вземете</wf>
         <instance id="d000.s9948.t000" lemma="размер" pos="NOUN">размерите</instance>
         <wf lemma="на" pos="X">на</wf>
         <wf lemma="стаята" pos="X">стаята</wf>
         <wf lemma="." pos="X">.</wf>
      </sentence>
      <sentence id="d000.s9949" source="wordnet-bulgarian">
         <wf lemma="вътрешна" pos="X">вътрешна</wf>
         <instance id="d000.s9949.t000" lemma="архитектура" pos="NOUN">архитектура</instance>
         <wf lemma="." pos="X">.</wf>
      </sentence>
      <sentence id="d000.s9950" source="wordnet-bulgarian">
         <wf lemma="морална" pos="X">морална</wf>
         <instance id="d000.s9950.t000" lemma="подкрепа" pos="NOUN">подкрепа</instance>
         <wf lemma="." pos="X">.</wf>
      </sentence>
      <sentence id="d000.s9951" source="wordnet-bulgarian">
         <wf lemma="по" pos="X">по</wf>
         <wf lemma="последна" pos="X">последна</wf>
         <instance id="d000.s9951.t000" lemma="мода" pos="NOUN">мода</instance>
         <wf lemma="." pos="X">.</wf>
      </sentence>
      <sentence id="d000.s9952" source="wordnet-bulgarian">
         <wf lemma="диванът" pos="X">диванът</wf>
         <wf lemma="заема" pos="X">заема</wf>
         <wf lemma="много" pos="X">много</wf>
         <instance id="d000.s9952.t000" lemma="място" pos="NOUN">място</instance>
         <wf lemma="." pos="X">.</wf>
      </sentence>
      <sentence id="d000.s9953" source="wordnet-bulgarian">
         <instance id="d000.s9953.t000" lemma="дизайн" pos="NOUN">Дизайнът</instance>
         <wf lemma="на" pos="X">на</wf>
         <wf lemma="колата" pos="X">колата</wf>
         <wf lemma="е" pos="X">е</wf>
         <wf lemma="впечатляващ" pos="X">впечатляващ</wf>
         <wf lemma="." pos="X">.</wf>
      </sentence>
      <sentence id="d000.s9954" source="wordnet-bulgarian">
         <wf lemma="билети" pos="X">билети</wf>
         <wf lemma="за" pos="X">за</wf>
         <instance id="d000.s9954.t000" lemma="ферибот" pos="NOUN">ферибот</instance>
         <wf lemma="." pos="X">.</wf>
      </sentence>
      <sentence id="d000.s9955" source="wordnet-bulgarian">
         <wf lemma="държа" pos="X">държа</wf>
         <instance id="d000.s9955.t000" lemma="проповед" pos="NOUN">проповед</instance>
         <wf lemma="." pos="X">.</wf>
      </sentence>
      <sentence id="d000.s9956" source="wordnet-bulgarian">
         <wf lemma="пролетно" pos="X">пролетно</wf>
         <instance id="d000.s9956.t000" lemma="цвете" pos="NOUN">цвете</instance>
         <wf lemma="." pos="X">.</wf>
      </sentence>
      <sentence id="d000.s9957" source="wordnet-bulgarian">
         <wf lemma="Имате" pos="X">Имате</wf>
         <wf lemma="ли" pos="X">ли</wf>
         <wf lemma="желание" pos="X">желание</wf>
         <wf lemma="да" pos="X">да</wf>
         <instance id="d000.s9957.t000" lemma="посетя" pos="VERB">посетите</instance>
         <wf lemma="Париж" pos="X">Париж</wf>
         <wf lemma="?" pos="X">?</wf>
      </sentence>
      <sentence id="d000.s9958" source="wordnet-bulgarian">
         <wf lemma="кабинков" pos="X">кабинков</wf>
         <instance id="d000.s9958.t000" lemma="лифт" pos="NOUN">лифт</instance>
         <wf lemma="." pos="X">.</wf>
      </sentence>
      <sentence id="d000.s9959" source="wordnet-bulgarian">
         <instance id="d000.s9959.t000" lemma="илюзия" pos="NOUN">илюзия</instance>
         <wf lemma="за" pos="X">за</wf>
         <wf lemma="." pos="X">.</wf>
      </sentence>
      <sentence id="d000.s9960" source="wordnet-bulgarian">
         <wf lemma="на" pos="X">на</wf>
         <instance id="d000.s9960.t000" lemma="палатка" pos="NOUN">палатка</instance>
         <wf lemma="в" pos="X">в</wf>
         <wf lemma="планината" pos="X">планината</wf>
         <wf lemma="." pos="X">.</wf>
      </sentence>
      <sentence id="d000.s9961" source="wordnet-bulgarian">
         <wf lemma="Слънцето" pos="X">Слънцето</wf>
         <wf lemma="хвърляше" pos="X">хвърляше</wf>
         <wf lemma="ослепителната" pos="X">ослепителната</wf>
         <wf lemma="си" pos="X">си</wf>
         <instance id="d000.s9961.t000" lemma="светлина" pos="NOUN">светлина</instance>
         <wf lemma="върху" pos="X">върху</wf>
         <wf lemma="пожълтелите" pos="X">пожълтелите</wf>
         <wf lemma="полета" pos="X">полета</wf>
         <wf lemma="." pos="X">.</wf>
      </sentence>
      <sentence id="d000.s9962" source="wordnet-bulgarian">
         <wf lemma="главна" pos="X">главна</wf>
         <instance id="d000.s9962.t000" lemma="улица" pos="NOUN">улица</instance>
         <wf lemma="." pos="X">.</wf>
      </sentence>
      <sentence id="d000.s9963" source="wordnet-bulgarian">
         <wf lemma="въжена" pos="X">въжена</wf>
         <instance id="d000.s9963.t000" lemma="люлка" pos="NOUN">люлка</instance>
         <wf lemma="." pos="X">.</wf>
      </sentence>
      <sentence id="d000.s9964" source="wordnet-bulgarian">
         <instance id="d000.s9964.t000" lemma="чудо" pos="NOUN">чудо</instance>
         <wf lemma="на" pos="X">на</wf>
         <wf lemma="природата" pos="X">природата</wf>
         <wf lemma="." pos="X">.</wf>
      </sentence>
      <sentence id="d000.s9965" source="wordnet-bulgarian">
         <wf lemma="устна" pos="X">устна</wf>
         <instance id="d000.s9965.t000" lemma="покана" pos="NOUN">покана</instance>
         <wf lemma="." pos="X">.</wf>
      </sentence>
      <sentence id="d000.s9966" source="wordnet-bulgarian">
         <wf lemma="вярна" pos="X">вярна</wf>
         <instance id="d000.s9966.t000" lemma="съпруга" pos="NOUN">съпруга</instance>
         <wf lemma="." pos="X">.</wf>
      </sentence>
      <sentence id="d000.s9967" source="wordnet-bulgarian">
         <wf lemma="свързващ" pos="X">свързващ</wf>
         <instance id="d000.s9967.t000" lemma="компонент" pos="NOUN">компонент</instance>
         <wf lemma="." pos="X">.</wf>
      </sentence>
   </text>
</corpus>
