<?xml version="1.0" encoding="UTF-8"?>
<corpus lang="fr" name="test-fr" sources="semeval2013-fr">
   <text id="d000">
      <sentence id="d000.s000" source="semeval2013-fr">
         <wf lemma="Casillas" pos="NOUN">Casillas</wf>
         <wf lemma="jouer" pos="VERB">jouera</wf>
         <wf lemma="aujourd'" pos="NOUN">aujourd'</wf>
         <wf lemma="hui" pos="VERB">hui</wf>
         <wf lemma="contre" pos="X">contre</wf>
         <wf lemma="le" pos="X">la</wf>
         <wf lemma="Tricolore" pos="NOUN">Tricolore</wf>
         <wf lemma="et" pos="X">et</wf>
         <wf lemma="il" pos="X">ils</wf>
         <wf lemma="imposer" pos="VERB">imposeront</wf>
         <wf lemma="un" pos="X">un</wf>
         <wf lemma="nouveau" pos="ADJ">nouveau</wf>
         <wf lemma="record" pos="NOUN">record</wf>
         <wf lemma="pour" pos="X">pour</wf>
         <wf lemma="le" pos="X">l'</wf>
         <wf lemma="Espagne" pos="NOUN">Espagne</wf>
         <wf lemma="," pos="X">,</wf>
         <wf lemma="de" pos="X">de</wf>
         <wf lemma="@card@" pos="NOUN">120</wf>
         <instance id="d000.s000.t000" lemma="jeu" pos="NOUN">jeux</instance>
         <wf lemma="international" pos="ADJ">internationaux</wf>
         <wf lemma="." pos="X">.</wf>
      </sentence>
      <sentence id="d000.s001" source="semeval2013-fr">
         <wf lemma="le" pos="X">Le</wf>
         <instance id="d000.s001.t000" lemma="soutien" pos="NOUN">soutien</instance>
         <wf lemma="à" pos="X">à</wf>
         <wf lemma="le" pos="X">la</wf>
         <instance id="d000.s001.t001" lemma="démocratie" pos="NOUN">démocratie</instance>
         <wf lemma="avoir" pos="VERB">a</wf>
         <wf lemma="augmenter" pos="VERB">augmenté</wf>
         <wf lemma="sensiblement" pos="ADV">sensiblement</wf>
         <wf lemma="dans" pos="X">dans</wf>
         <wf lemma="plusieurs" pos="X">plusieurs</wf>
         <instance id="d000.s001.t002" lemma="pays" pos="NOUN">pays</instance>
         <wf lemma="sur" pos="X">sur</wf>
         <wf lemma="le" pos="X">le</wf>
         <wf lemma="pourtour" pos="NOUN">pourtour</wf>
         <wf lemma="du" pos="X">du</wf>
         <wf lemma="Pacifique" pos="NOUN">Pacifique</wf>
         <wf lemma="de" pos="X">d'</wf>
         <instance id="d000.s001.t003" lemma="Amérique_du_Sud" pos="NOUN">Amérique_du_Sud</instance>
         <wf lemma="(" pos="X">(</wf>
         <wf lemma="voir" pos="VERB">voir</wf>
         <instance id="d000.s001.t004" lemma="tableau" pos="NOUN">tableau</instance>
         <wf lemma="@card@" pos="NOUN">1</wf>
         <wf lemma=")" pos="X">)</wf>
         <wf lemma="." pos="X">.</wf>
      </sentence>
      <sentence id="d000.s002" source="semeval2013-fr">
         <wf lemma="du" pos="X">Des</wf>
         <wf lemma="responsable" pos="ADJ">responsables</wf>
         <wf lemma="de" pos="X">de</wf>
         <wf lemma="haut" pos="ADJ">haut</wf>
         <instance id="d000.s002.t000" lemma="niveau" pos="NOUN">niveau</instance>
         <wf lemma="tel" pos="X">tels</wf>
         <wf lemma="que" pos="X">que</wf>
         <wf lemma="le" pos="X">le</wf>
         <wf lemma="Ministre" pos="NOUN">Ministre</wf>
         <wf lemma="de" pos="X">de</wf>
         <wf lemma="le" pos="X">l'</wf>
         <wf lemma="environnement" pos="NOUN">environnement</wf>
         <wf lemma="indien" pos="ADJ">indien</wf>
         <wf lemma="," pos="X">,</wf>
         <wf lemma="jairam_ramesh" pos="NOUN">Jairam_Ramesh</wf>
         <wf lemma="et" pos="X">et</wf>
         <wf lemma="le" pos="X">le</wf>
         <wf lemma="Vice-ministre" pos="NOUN">Vice-ministre</wf>
         <wf lemma="chinois" pos="ADJ">chinois</wf>
         <wf lemma="être" pos="VERB">sont</wf>
         <wf lemma="descendre" pos="VERB">descendus</wf>
         <wf lemma="de" pos="X">de</wf>
         <wf lemma="leur" pos="X">leur</wf>
         <instance id="d000.s002.t001" lemma="avion" pos="NOUN">avion</instance>
         <wf lemma="et" pos="X">et</wf>
         <wf lemma="se" pos="X">se</wf>
         <wf lemma="être" pos="VERB">sont</wf>
         <wf lemma="précipiter" pos="VERB">précipités</wf>
         <wf lemma="dans" pos="X">dans</wf>
         <wf lemma="le" pos="X">l'</wf>
         <wf lemma="immeuble" pos="NOUN">immeuble</wf>
         <wf lemma="du" pos="X">du</wf>
         <wf lemma="Bella" pos="NOUN">Bella</wf>
         <wf lemma="Center" pos="NOUN">Center</wf>
         <wf lemma="pour" pos="X">pour</wf>
         <wf lemma="assister" pos="VERB">assister</wf>
         <wf lemma="à" pos="X">à</wf>
         <wf lemma="du" pos="X">des</wf>
         <instance id="d000.s002.t002" lemma="réunion" pos="NOUN">réunions</instance>
         <wf lemma="en" pos="X">en</wf>
         <wf lemma="huis-clos" pos="NOUN">huis-clos</wf>
         <wf lemma="et" pos="X">et</wf>
         <wf lemma="à" pos="X">à</wf>
         <wf lemma="du" pos="X">des</wf>
         <instance id="d000.s002.t003" lemma="conférence" pos="NOUN">conférences</instance>
         <wf lemma="de" pos="X">d'</wf>
         <instance id="d000.s002.t004" lemma="information" pos="NOUN">informations</instance>
         <wf lemma="," pos="X">,</wf>
         <wf lemma="afin" pos="X">afin</wf>
         <wf lemma="de" pos="X">de</wf>
         <wf lemma="pouvoir" pos="VERB">pouvoir</wf>
         <wf lemma="faire" pos="VERB">faire</wf>
         <wf lemma="du" pos="X">des</wf>
         <instance id="d000.s002.t005" lemma="réclamation" pos="NOUN">réclamations</instance>
         <wf lemma="qui" pos="X">qui</wf>
         <wf lemma="être" pos="VERB">seront</wf>
         <wf lemma="étudier" pos="VERB">étudiées</wf>
         <wf lemma="au" pos="X">au</wf>
         <wf lemma="cour" pos="X">cours</wf>
         <wf lemma="de" pos="X">de</wf>
         <wf lemma="le" pos="X">la</wf>
         <instance id="d000.s002.t006" lemma="semaine" pos="NOUN">semaine</instance>
         <wf lemma="suivant" pos="ADJ">suivante</wf>
         <wf lemma="." pos="X">.</wf>
      </sentence>
      <sentence id="d000.s003" source="semeval2013-fr">
         <wf lemma="ce" pos="X">C'</wf>
         <wf lemma="être" pos="VERB">est</wf>
         <wf lemma="vraiment" pos="ADV">vraiment</wf>
         <wf lemma="un" pos="X">un</wf>
         <wf lemma="jeu" pos="NOUN">jeu</wf>
         <wf lemma="dans" pos="X">dans</wf>
         <wf lemma="lequel" pos="X">lequel</wf>
         <wf lemma="être" pos="VERB">est</wf>
         <wf lemma="développer" pos="VERB">développée</wf>
         <wf lemma="un" pos="X">une</wf>
         <wf lemma="nouveau" pos="ADJ">nouvelle</wf>
         <instance id="d000.s003.t000" lemma="hégémonie" pos="NOUN">hégémonie</instance>
         <wf lemma="économique" pos="ADJ">économique</wf>
         <wf lemma="," pos="X">,</wf>
         <wf lemma="avoir" pos="VERB">a</wf>
         <wf lemma="dire" pos="VERB">dit</wf>
         <wf lemma="Ulate" pos="NOUN">Ulate</wf>
         <wf lemma="," pos="X">,</wf>
         <wf lemma="qui" pos="X">qui</wf>
         <wf lemma="être" pos="VERB">est</wf>
         <wf lemma="également" pos="ADV">également</wf>
         <wf lemma="conseiller" pos="VERB">Conseiller</wf>
         <wf lemma="sur" pos="X">sur</wf>
         <wf lemma="le" pos="X">le</wf>
         <instance id="d000.s003.t001" lemma="climat" pos="NOUN">climat</instance>
         <wf lemma="pour" pos="X">pour</wf>
         <wf lemma="le" pos="X">le</wf>
         <wf lemma="Mexique" pos="NOUN">Mexique</wf>
         <wf lemma="et" pos="X">et</wf>
         <wf lemma="le" pos="X">l'</wf>
         <instance id="d000.s003.t002" lemma="amérique_centrale" pos="NOUN">Amérique_Centrale</instance>
         <wf lemma="pour" pos="X">pour</wf>
         <wf lemma="conservation_international" pos="NOUN">Conservation_International</wf>
         <wf lemma="." pos="X">.</wf>
      </sentence>
      <sentence id="d000.s004" source="semeval2013-fr">
         <wf lemma="le" pos="X">L'</wf>
         <instance id="d000.s004.t000" lemma="organisation" pos="NOUN">Organisation</instance>
         <wf lemma="mondial" pos="ADJ">mondiale</wf>
         <wf lemma="du" pos="X">du</wf>
         <wf lemma="travail" pos="NOUN">travail</wf>
         <wf lemma="estimer" pos="VERB">estime</wf>
         <wf lemma="par" pos="X">par</wf>
         <instance id="d000.s004.t001" lemma="exemple" pos="NOUN">exemple</instance>
         <wf lemma="que" pos="X">que</wf>
         <wf lemma="," pos="X">,</wf>
         <wf lemma="en" pos="X">en</wf>
         <wf lemma="Allemagne" pos="NOUN">Allemagne</wf>
         <wf lemma="," pos="X">,</wf>
         <wf lemma="un" pos="X">un</wf>
         <instance id="d000.s004.t002" lemma="immigrant" pos="NOUN">immigrant</instance>
         <wf lemma="arriver" pos="VERB">arrivant</wf>
         <wf lemma="à" pos="X">à</wf>
         <wf lemma="le" pos="X">l'</wf>
         <instance id="d000.s004.t003" lemma="âge" pos="NOUN">âge</instance>
         <wf lemma="de" pos="X">de</wf>
         <wf lemma="@card@" pos="NOUN">30</wf>
         <instance id="d000.s004.t004" lemma="an" pos="NOUN">ans</instance>
         <wf lemma="apporter" pos="VERB">apportera</wf>
         <wf lemma="un" pos="X">une</wf>
         <instance id="d000.s004.t005" lemma="contribution" pos="NOUN">contribution</instance>
         <wf lemma="net" pos="ADJ">nette</wf>
         <wf lemma="(" pos="X">(</wf>
         <instance id="d000.s004.t006" lemma="recette" pos="NOUN">recettes</instance>
         <wf lemma="moins" pos="ADV">moins</wf>
         <wf lemma="dépense" pos="NOUN">dépenses</wf>
         <wf lemma=")" pos="X">)</wf>
         <wf lemma="de" pos="X">de</wf>
         <wf lemma="@card@" pos="NOUN">150000</wf>
         <instance id="d000.s004.t007" lemma="euro" pos="NOUN">euros</instance>
         <wf lemma="au" pos="X">aux</wf>
         <instance id="d000.s004.t008" lemma="budget" pos="NOUN">budgets</instance>
         <wf lemma="public" pos="ADJ">publics</wf>
         <wf lemma="en" pos="X">en</wf>
         <wf lemma="moyen" pos="ADJ">moyenne</wf>
         <wf lemma="sur" pos="X">sur</wf>
         <wf lemma="le" pos="X">l'</wf>
         <wf lemma="ensemble" pos="NOUN">ensemble</wf>
         <wf lemma="de" pos="X">de</wf>
         <wf lemma="son" pos="X">sa</wf>
         <instance id="d000.s004.t009" lemma="vie" pos="NOUN">vie</instance>
         <wf lemma="." pos="X">.</wf>
      </sentence>
      <sentence id="d000.s005" source="semeval2013-fr">
         <wf lemma="le" pos="X">Le</wf>
         <instance id="d000.s005.t000" lemma="dîner" pos="NOUN">dîner</instance>
         <wf lemma="se" pos="X">s'</wf>
         <wf lemma="être" pos="VERB">est</wf>
         <wf lemma="tenir" pos="VERB">tenu</wf>
         <wf lemma="à" pos="X">à</wf>
         <wf lemma="un" pos="X">un</wf>
         <instance id="d000.s005.t001" lemma="hôtel" pos="NOUN">hôtel</instance>
         <wf lemma="Washington" pos="NOUN">Washington</wf>
         <wf lemma="quelque" pos="X">quelques</wf>
         <instance id="d000.s005.t002" lemma="heure" pos="NOUN">heures</instance>
         <wf lemma="après" pos="X">après</wf>
         <wf lemma="le" pos="X">la</wf>
         <instance id="d000.s005.t003" lemma="conférence" pos="NOUN">conférence</instance>
         <wf lemma="du" pos="X">du</wf>
         <instance id="d000.s005.t004" lemma="tribunal" pos="NOUN">tribunal</instance>
         <wf lemma="sur" pos="X">sur</wf>
         <wf lemma="le" pos="X">l'</wf>
         <instance id="d000.s005.t005" lemma="affaire" pos="NOUN">affaire</instance>
         <wf lemma="." pos="X">.</wf>
      </sentence>
      <sentence id="d000.s006" source="semeval2013-fr">
         <wf lemma="le" pos="X">Les</wf>
         <wf lemma="migrant" pos="NOUN">migrants</wf>
         <wf lemma="être" pos="VERB">sont</wf>
         <wf lemma="aussi" pos="ADV">aussi</wf>
         <wf lemma="contributeurs" pos="NOUN">contributeurs</wf>
         <wf lemma="net" pos="ADJ">nets</wf>
         <wf lemma="du" pos="X">des</wf>
         <instance id="d000.s006.t000" lemma="système" pos="NOUN">systèmes</instance>
         <wf lemma="social" pos="ADJ">sociaux</wf>
         <wf lemma="," pos="X">,</wf>
         <wf lemma="en" pos="X">en</wf>
         <instance id="d000.s006.t001" lemma="moyenne" pos="NOUN">moyenne</instance>
         <wf lemma="à" pos="X">à</wf>
         <wf lemma="hauteur" pos="NOUN">hauteur</wf>
         <wf lemma="de" pos="X">de</wf>
         <wf lemma="@card@" pos="NOUN">1</wf>
         <wf lemma="%" pos="X">%</wf>
         <wf lemma="du" pos="X">du</wf>
         <instance id="d000.s006.t002" lemma="budget" pos="NOUN">budget</instance>
         <wf lemma="total" pos="ADJ">total</wf>
         <wf lemma="dans" pos="X">dans</wf>
         <wf lemma="le" pos="X">les</wf>
         <instance id="d000.s006.t003" lemma="pays" pos="NOUN">pays</instance>
         <wf lemma="européen" pos="ADJ">européens</wf>
         <wf lemma="." pos="X">.</wf>
      </sentence>
      <sentence id="d000.s007" source="semeval2013-fr">
         <wf lemma="le" pos="X">Le</wf>
         <instance id="d000.s007.t000" lemma="ministère" pos="NOUN">ministère</instance>
         <wf lemma="du" pos="X">du</wf>
         <instance id="d000.s007.t001" lemma="pétrole" pos="NOUN">pétrole</instance>
         <wf lemma="irakien" pos="ADJ">irakien</wf>
         <wf lemma="obtenir" pos="VERB">obtient</wf>
         <wf lemma="du" pos="X">des</wf>
         <instance id="d000.s007.t002" lemma="accord" pos="NOUN">accords</instance>
         <wf lemma="avec" pos="X">avec</wf>
         <wf lemma="@card@" pos="NOUN">10</wf>
         <instance id="d000.s007.t003" lemma="société" pos="NOUN">sociétés</instance>
         <wf lemma="pétrolier" pos="ADJ">pétrolières</wf>
         <wf lemma="étranger" pos="ADJ">étrangères</wf>
      </sentence>
      <sentence id="d000.s008" source="semeval2013-fr">
         <wf lemma="le" pos="X">La</wf>
         <instance id="d000.s008.t000" lemma="découverte" pos="NOUN">découverte</instance>
         <wf lemma="être" pos="VERB">est</wf>
         <wf lemma="important" pos="ADJ">importante</wf>
         <wf lemma="en" pos="X">en</wf>
         <wf pos="NOUN">matière</wf>
         <wf lemma="de" pos="X">de</wf>
         <instance id="d000.s008.t001" lemma="recherche" pos="NOUN">recherche</instance>
         <wf lemma="de" pos="X">de</wf>
         <wf lemma="le" pos="X">la</wf>
         <instance id="d000.s008.t002" lemma="vie" pos="NOUN">vie</instance>
         <wf lemma="au-delà" pos="ADV">au-delà</wf>
         <wf lemma="de" pos="X">de</wf>
         <wf lemma="le" pos="X">la</wf>
         <instance id="d000.s008.t003" lemma="terre" pos="NOUN">Terre</instance>
         <wf lemma="parce" pos="X">parce</wf>
         <wf lemma="que" pos="X">que</wf>
         <wf lemma="le" pos="X">les</wf>
         <instance id="d000.s008.t004" lemma="chercheur" pos="NOUN">chercheurs</instance>
         <wf lemma="devoir" pos="VERB">doivent</wf>
         <wf lemma="être" pos="VERB">être</wf>
         <wf lemma="en" pos="X">en</wf>
         <wf lemma="mesure" pos="NOUN">mesure</wf>
         <wf lemma="de" pos="X">de</wf>
         <wf lemma="reconnaître" pos="VERB">reconnaître</wf>
         <wf lemma="le" pos="X">la</wf>
         <instance id="d000.s008.t005" lemma="vie" pos="NOUN">vie</instance>
         <wf lemma="," pos="X">,</wf>
         <wf lemma="de" pos="X">de</wf>
         <wf lemma="savoir" pos="VERB">savoir</wf>
         <wf lemma="ce" pos="X">ce</wf>
         <wf lemma="à" pos="X">à</wf>
         <wf lemma="quoi" pos="X">quoi</wf>
         <wf lemma="le" pos="X">la</wf>
         <instance id="d000.s008.t006" lemma="vie" pos="NOUN">vie</instance>
         <wf lemma="ressembler" pos="VERB">ressemble</wf>
         <wf lemma="," pos="X">,</wf>
         <wf lemma="dire" pos="VERB">dit</wf>
         <wf lemma="Anbar" pos="NOUN">Anbar</wf>
         <wf lemma="." pos="X">.</wf>
      </sentence>
      <sentence id="d000.s009" source="semeval2013-fr">
         <instance id="d000.s009.t000" lemma="jeudi" pos="NOUN">Jeudi</instance>
         <wf lemma="," pos="X">,</wf>
         <wf lemma="le" pos="X">le</wf>
         <instance id="d000.s009.t001" lemma="procès" pos="NOUN">procès</instance>
         <wf lemma="largement" pos="ADV">largement</wf>
         <wf lemma="suivre" pos="VERB">suivi</wf>
         <wf lemma="de" pos="X">de</wf>
         <wf lemma="Steven" pos="NOUN">Steven</wf>
         <wf lemma="J." pos="NOUN">J.</wf>
         <wf lemma="Hayes" pos="NOUN">Hayes</wf>
         <wf lemma="," pos="X">,</wf>
         <wf lemma="qui" pos="X">qui</wf>
         <wf lemma="avoir" pos="VERB">a</wf>
         <wf lemma="être" pos="VERB">été</wf>
         <wf lemma="reconnaître" pos="VERB">reconnu</wf>
         <wf lemma="coupable" pos="ADJ">coupable</wf>
         <wf lemma="du" pos="X">du</wf>
         <instance id="d000.s009.t002" lemma="meurtre" pos="NOUN">meurtre</instance>
         <wf lemma="de" pos="X">de</wf>
         <wf lemma="trois" pos="NOUN">trois</wf>
         <instance id="d000.s009.t003" lemma="membre" pos="NOUN">membres</instance>
         <wf lemma="de" pos="X">de</wf>
         <wf lemma="le" pos="X">la</wf>
         <instance id="d000.s009.t004" lemma="famille" pos="NOUN">famille</instance>
         <wf lemma="Cheshire" pos="NOUN">Cheshire</wf>
         <wf lemma="," pos="X">,</wf>
         <wf lemma="dans" pos="X">dans</wf>
         <wf lemma="le" pos="X">le</wf>
         <instance id="d000.s009.t005" lemma="Connecticut" pos="NOUN">Connecticut</instance>
         <wf lemma="," pos="X">,</wf>
         <wf lemma="devoir" pos="VERB">devrait</wf>
         <wf lemma="déboucher" pos="VERB">déboucher</wf>
         <wf lemma="sur" pos="X">sur</wf>
         <wf lemma="un" pos="X">une</wf>
         <instance id="d000.s009.t006" lemma="fin" pos="NOUN">fin</instance>
         <wf lemma="officiel" pos="ADJ">officielle</wf>
         <wf lemma="où" pos="X">où</wf>
         <wf lemma="le" pos="X">le</wf>
         <instance id="d000.s009.t007" lemma="juge" pos="NOUN">juge</instance>
         <wf lemma="imposer" pos="VERB">imposerait</wf>
         <wf lemma="le" pos="X">la</wf>
         <instance id="d000.s009.t008" lemma="peine_de_mort" pos="NOUN">peine_de_mort</instance>
         <wf lemma="," pos="X">,</wf>
         <wf lemma="voter" pos="VERB">votée</wf>
         <wf lemma="par" pos="X">par</wf>
         <wf lemma="le" pos="X">le</wf>
         <instance id="d000.s009.t009" lemma="jury" pos="NOUN">jury</instance>
         <wf lemma="." pos="X">.</wf>
      </sentence>
      <sentence id="d000.s010" source="semeval2013-fr">
         <wf lemma="autre" pos="ADJ">Autres</wf>
         <instance id="d000.s010.t000" lemma="difficulté" pos="NOUN">difficultés</instance>
      </sentence>
      <sentence id="d000.s011" source="semeval2013-fr">
         <wf lemma="elle" pos="X">Elle</wf>
         <wf lemma="reprocher" pos="VERB">reproche</wf>
         <wf lemma="à" pos="X">à</wf>
         <wf lemma="@card@" pos="NOUN">18</wf>
         <wf lemma="grand" pos="ADJ">grandes</wf>
         <instance id="d000.s011.t000" lemma="banque" pos="NOUN">banques</instance>
         <wf lemma="international" pos="ADJ">internationales</wf>
         <wf lemma="," pos="X">,</wf>
         <wf lemma="au" pos="X">aux</wf>
         <wf lemma="deux" pos="NOUN">deux</wf>
         <instance id="d000.s011.t001" lemma="financier" pos="NOUN">financiers</instance>
         <wf lemma="de" pos="X">de</wf>
         <wf lemma="le" pos="X">l'</wf>
         <instance id="d000.s011.t002" lemma="immobilier" pos="NOUN">immobilier</instance>
         <wf lemma="d" pos="ADJ">d</wf>
         <wf lemma="&quot;" pos="X">&quot;</wf>
         <instance id="d000.s011.t003" lemma="état" pos="NOUN">état</instance>
         <wf lemma="américain" pos="ADJ">américains</wf>
         <instance id="d000.s011.t004" lemma="fannie_mae" pos="NOUN">Fannie_Mae</instance>
         <wf lemma="et" pos="X">et</wf>
         <instance id="d000.s011.t005" lemma="freddie_mac" pos="NOUN">Freddie_Mac</instance>
         <wf lemma="de" pos="X">de</wf>
         <wf lemma="s" pos="NOUN">s</wf>
         <wf lemma="&quot;" pos="X">&quot;</wf>
         <wf lemma="être" pos="VERB">être</wf>
         <wf lemma="avantager" pos="VERB">avantagé</wf>
         <wf lemma="en" pos="X">en</wf>
         <wf lemma="nature" pos="NOUN">nature</wf>
         <wf lemma="lors" pos="ADV">lors</wf>
         <wf lemma="de" pos="X">d'</wf>
         <wf lemma="affaire" pos="NOUN">affaires</wf>
         <wf lemma="de" pos="X">d'</wf>
         <instance id="d000.s011.t006" lemma="hypothèque" pos="NOUN">hypothèques</instance>
         <wf lemma="de" pos="X">d'</wf>
         <wf lemma="environ" pos="ADV">environ</wf>
         <wf lemma="@card@" pos="NOUN">200</wf>
         <instance id="d000.s011.t007" lemma="milliard" pos="NOUN">milliards</instance>
         <wf lemma="de" pos="X">de</wf>
         <instance id="d000.s011.t008" lemma="dollar" pos="NOUN">dollars</instance>
         <wf lemma="." pos="X">.</wf>
      </sentence>
      <sentence id="d000.s012" source="semeval2013-fr">
         <wf lemma="par" pos="X">Par</wf>
         <wf lemma="ailleurs" pos="ADV">ailleurs</wf>
         <wf lemma="," pos="X">,</wf>
         <wf lemma="le" pos="X">les</wf>
         <instance id="d000.s012.t000" lemma="conservateur" pos="NOUN">conservateurs</instance>
         <wf lemma="prétendre" pos="VERB">prétendent</wf>
         <wf lemma="que" pos="X">que</wf>
         <wf lemma="ce" pos="X">c'</wf>
         <wf lemma="être" pos="VERB">est</wf>
         <wf lemma="le" pos="X">le</wf>
         <instance id="d000.s012.t001" lemma="juge" pos="NOUN">juge</instance>
         <wf lemma="elena_kagan" pos="NOUN">Elena_Kagan</wf>
         <wf lemma="qui" pos="X">qui</wf>
         <wf lemma="avoir" pos="VERB">a</wf>
         <wf lemma="un" pos="X">un</wf>
         <instance id="d000.s012.t002" lemma="problème" pos="NOUN">problème</instance>
         <wf lemma="de" pos="X">d'</wf>
         <instance id="d000.s012.t003" lemma="éthique" pos="NOUN">éthique</instance>
         <wf lemma="," pos="X">,</wf>
         <wf lemma="et" pos="X">et</wf>
         <wf lemma="non" pos="ADV">non</wf>
         <wf lemma="Scalia" pos="NOUN">Scalia</wf>
         <wf lemma="et" pos="X">et</wf>
         <wf lemma="Thomas" pos="NOUN">Thomas</wf>
         <wf lemma="." pos="X">.</wf>
      </sentence>
      <sentence id="d000.s013" source="semeval2013-fr">
         <wf lemma="&quot;" pos="X">&quot;</wf>
         <wf lemma="ce" pos="X">Cette</wf>
         <instance id="d000.s013.t000" lemma="violation" pos="NOUN">violation</instance>
         <wf lemma="de" pos="X">de</wf>
         <wf lemma="le" pos="X">l'</wf>
         <wf lemma="éthique" pos="ADJ">éthique</wf>
         <wf lemma="et" pos="X">et</wf>
         <wf lemma="superbe" pos="ADJ">superbe</wf>
         <wf lemma="indifférence" pos="NOUN">indifférence</wf>
         <wf lemma="à" pos="X">à</wf>
         <wf lemma="le" pos="X">l'</wf>
         <instance id="d000.s013.t001" lemma="égard" pos="NOUN">égard</instance>
         <wf lemma="du" pos="X">du</wf>
         <instance id="d000.s013.t002" lemma="code" pos="NOUN">code</instance>
         <wf lemma="contredire" pos="VERB">contredit</wf>
         <wf lemma="le" pos="X">les</wf>
         <instance id="d000.s013.t003" lemma="déclaration" pos="NOUN">déclarations</instance>
         <wf lemma="de" pos="X">de</wf>
         <wf lemma="plusieurs" pos="X">plusieurs</wf>
         <instance id="d000.s013.t004" lemma="juge" pos="NOUN">juges</instance>
         <wf lemma="que" pos="X">que</wf>
         <wf lemma="le" pos="X">la</wf>
         <wf lemma="Cour" pos="NOUN">Cour</wf>
         <wf lemma="respecter" pos="VERB">respecte</wf>
         <wf lemma="le" pos="X">les</wf>
         <wf lemma="même" pos="ADJ">mêmes</wf>
         <instance id="d000.s013.t005" lemma="règle" pos="NOUN">règles</instance>
         <wf lemma="applicable" pos="ADJ">applicables</wf>
         <wf lemma="à" pos="X">à</wf>
         <wf lemma="tout" pos="X">tous</wf>
         <wf lemma="le" pos="X">les</wf>
         <wf lemma="autre" pos="ADJ">autres</wf>
         <instance id="d000.s013.t006" lemma="juge" pos="NOUN">juges</instance>
         <wf lemma="fédéral" pos="ADJ">fédéraux</wf>
         <wf lemma="&quot;" pos="X">&quot;</wf>
         <wf lemma="," pos="X">,</wf>
         <wf lemma="avoir" pos="VERB">a</wf>
         <wf lemma="déclarer" pos="VERB">déclaré</wf>
         <wf lemma="Bob" pos="NOUN">Bob</wf>
         <wf lemma="Edgar" pos="NOUN">Edgar</wf>
         <wf lemma="," pos="X">,</wf>
         <instance id="d000.s013.t007" lemma="président" pos="NOUN">président</instance>
         <wf lemma="de" pos="X">de</wf>
         <wf lemma="Common" pos="NOUN">Common</wf>
         <wf lemma="Cause" pos="NOUN">Cause</wf>
         <wf lemma="." pos="X">.</wf>
      </sentence>
      <sentence id="d000.s014" source="semeval2013-fr">
         <wf lemma="en" pos="X">En</wf>
         <wf lemma="@card@" pos="NOUN">2005</wf>
         <wf lemma="," pos="X">,</wf>
         <wf lemma="le" pos="X">la</wf>
         <instance id="d000.s014.t000" lemma="peur" pos="NOUN">peur</instance>
         <wf lemma="de" pos="X">de</wf>
         <wf lemma="le" pos="X">l'</wf>
         <instance id="d000.s014.t001" lemma="invasion" pos="NOUN">invasion</instance>
         <wf lemma="du" pos="X">du</wf>
         <wf lemma="territoire" pos="NOUN">territoire</wf>
         <wf lemma="national" pos="ADJ">national</wf>
         <wf lemma="par" pos="X">par</wf>
         <wf lemma="du" pos="X">des</wf>
         <wf lemma="horde" pos="NOUN">hordes</wf>
         <wf lemma="de" pos="X">de</wf>
         <instance id="d000.s014.t002" lemma="plombier" pos="NOUN">plombiers</instance>
         <wf lemma="polonais" pos="ADJ">polonais</wf>
         <wf lemma="être" pos="VERB">était</wf>
         <wf lemma="partager" pos="VERB">partagée</wf>
         <wf lemma="à" pos="X">à</wf>
         <wf lemma="gauche" pos="NOUN">gauche</wf>
         <wf lemma="comme" pos="X">comme</wf>
         <wf lemma="à" pos="X">à</wf>
         <instance id="d000.s014.t003" lemma="droite" pos="NOUN">droite</instance>
         <wf lemma="." pos="X">.</wf>
      </sentence>
      <sentence id="d000.s015" source="semeval2013-fr">
         <wf lemma="en" pos="X">En</wf>
         <instance id="d000.s015.t000" lemma="juin" pos="NOUN">juin</instance>
         <wf lemma="le" pos="X">les</wf>
         <instance id="d000.s015.t001" lemma="banque" pos="NOUN">banques</instance>
         <wf lemma="goldman_sachs" pos="NOUN">Goldman_Sachs</wf>
         <wf lemma="," pos="X">,</wf>
         <wf lemma="jp_morgan_chase" pos="NOUN">JP_Morgan_Chase</wf>
         <wf lemma="et" pos="X">et</wf>
         <wf lemma="morgan_stanley" pos="NOUN">Morgan_Stanley</wf>
         <wf lemma="avoir" pos="VERB">avaient</wf>
         <wf lemma="rembourser" pos="VERB">remboursé</wf>
         <wf lemma="le" pos="X">les</wf>
         <wf lemma="fond" pos="NOUN">fonds</wf>
         <wf lemma="public" pos="ADJ">publics</wf>
         <wf lemma="dont" pos="X">dont</wf>
         <wf lemma="il" pos="X">ils</wf>
         <wf lemma="avoir" pos="VERB">avaient</wf>
         <wf lemma="bénéficier" pos="VERB">bénéficié</wf>
         <wf lemma="." pos="X">.</wf>
      </sentence>
      <sentence id="d000.s016" source="semeval2013-fr">
         <wf lemma="le" pos="X">La</wf>
         <instance id="d000.s016.t000" lemma="conférence" pos="NOUN">conférence</instance>
         <wf lemma="sur" pos="X">sur</wf>
         <wf lemma="le" pos="X">le</wf>
         <instance id="d000.s016.t001" lemma="climat" pos="NOUN">climat</instance>
         <wf lemma="," pos="X">,</wf>
         <wf lemma="sponsoriser" pos="VERB">sponsorisée</wf>
         <wf lemma="par" pos="X">par</wf>
         <wf lemma="le" pos="X">l'</wf>
         <wf lemma="ONU" pos="X">ONU</wf>
         <wf lemma="--" pos="X">--</wf>
         <wf lemma="caractériser" pos="VERB">caractérisée</wf>
         <wf lemma="jusque" pos="X">jusqu'</wf>
         <wf lemma="à" pos="X">à</wf>
         <wf lemma="présent" pos="ADJ">présent</wf>
         <wf lemma="par" pos="X">par</wf>
         <wf lemma="du" pos="X">des</wf>
         <wf lemma="affectation" pos="NOUN">affectations</wf>
         <wf lemma="désorganiser" pos="VERB">désorganisées</wf>
         <wf lemma="et" pos="X">et</wf>
         <wf lemma="du" pos="X">des</wf>
         <instance id="d000.s016.t002" lemma="récrimination" pos="NOUN">récriminations</instance>
         <wf lemma="mutuel" pos="ADJ">mutuelles</wf>
         <wf lemma="--" pos="X">--</wf>
         <wf lemma="être" pos="VERB">est</wf>
         <wf lemma="revenir" pos="VERB">revenue</wf>
         <wf lemma="sous" pos="X">sous</wf>
         <wf lemma="le" pos="X">les</wf>
         <wf lemma="feu_de_la_rampe" pos="NOUN">feux_de_la_rampe</wf>
         <instance id="d000.s016.t003" lemma="vendredi" pos="NOUN">vendredi</instance>
         <wf lemma="," pos="X">,</wf>
         <wf lemma="en" pos="X">en</wf>
         <wf lemma="raison" pos="NOUN">raison</wf>
         <wf lemma="de" pos="X">de</wf>
         <wf lemma="le" pos="X">la</wf>
         <wf lemma="publication" pos="NOUN">publication</wf>
         <wf lemma="de" pos="X">d'</wf>
         <wf lemma="un" pos="X">un</wf>
         <instance id="d000.s016.t004" lemma="document" pos="NOUN">document</instance>
         <wf lemma="souligner" pos="VERB">soulignant</wf>
         <wf lemma="le" pos="X">les</wf>
         <instance id="d000.s016.t005" lemma="réduction" pos="NOUN">réductions</instance>
         <wf lemma="ambitieux" pos="ADJ">ambitieuses</wf>
         <wf lemma="du" pos="X">des</wf>
         <instance id="d000.s016.t006" lemma="gaz_à_effet_de_serre" pos="NOUN">gaz_à_effet_de_serre</instance>
         <wf lemma="au" pos="X">au</wf>
         <wf lemma="cours" pos="NOUN">cours</wf>
         <wf lemma="du" pos="X">des</wf>
         <wf lemma="@card@" pos="NOUN">40</wf>
         <wf lemma="prochain" pos="ADJ">prochaines</wf>
         <instance id="d000.s016.t007" lemma="année" pos="NOUN">années</instance>
         <wf lemma="," pos="X">,</wf>
         <wf lemma="avec" pos="X">avec</wf>
         <wf lemma="le" pos="X">les</wf>
         <instance id="d000.s016.t008" lemma="nation" pos="NOUN">nations</instance>
         <wf lemma="industrialiser" pos="VERB">industrialisées</wf>
         <wf lemma="épauler" pos="VERB">épaulant</wf>
         <wf lemma="le" pos="X">la</wf>
         <wf lemma="plupart" pos="NOUN">plupart</wf>
         <wf lemma="de" pos="X">de</wf>
         <wf lemma="le" pos="X">la</wf>
         <instance id="d000.s016.t009" lemma="charge" pos="NOUN">charge</instance>
         <wf lemma="," pos="X">,</wf>
         <wf lemma="dans" pos="X">dans</wf>
         <wf lemma="le" pos="X">les</wf>
         <wf lemma="prochain" pos="ADJ">prochains</wf>
         <instance id="d000.s016.t010" lemma="temps" pos="NOUN">temps</instance>
         <wf lemma="." pos="X">.</wf>
      </sentence>
      <sentence id="d000.s017" source="semeval2013-fr">
         <wf lemma="&quot;" pos="X">&quot;</wf>
         <wf lemma="nous" pos="X">Nous</wf>
         <wf lemma="sommer" pos="VERB">sommes</wf>
         <wf lemma="satisfaire" pos="VERB">satisfaits</wf>
         <wf lemma="," pos="X">,</wf>
         <wf lemma="de" pos="X">d'</wf>
         <wf lemma="avoir" pos="VERB">avoir</wf>
         <wf lemma="pouvoir" pos="VERB">pu</wf>
         <wf lemma="trouver" pos="VERB">trouver</wf>
         <wf lemma="un" pos="X">une</wf>
         <instance id="d000.s017.t000" lemma="solution" pos="NOUN">solution</instance>
         <wf lemma="à" pos="X">à</wf>
         <wf lemma="ce" pos="X">ce</wf>
         <instance id="d000.s017.t001" lemma="sujet" pos="NOUN">sujet</instance>
         <wf lemma="," pos="X">,</wf>
         <wf lemma="sans" pos="X">sans</wf>
         <wf lemma="que" pos="X">que</wf>
         <wf lemma="le" pos="X">les</wf>
         <instance id="d000.s017.t002" lemma="partie" pos="NOUN">parties</instance>
         <wf lemma="entamer" pos="VERB">entament</wf>
         <wf lemma="un" pos="X">une</wf>
         <instance id="d000.s017.t003" lemma="procédure" pos="NOUN">procédure</instance>
         <wf lemma="au" pos="X">au</wf>
         <instance id="d000.s017.t004" lemma="tribunal" pos="NOUN">tribunal</instance>
         <wf lemma="&quot;" pos="X">&quot;</wf>
         <wf lemma="," pos="X">,</wf>
         <wf lemma="avoir" pos="VERB">a</wf>
         <wf lemma="dire" pos="VERB">dit</wf>
         <wf lemma="un" pos="X">un</wf>
         <wf lemma="interlocuteur" pos="NOUN">interlocuteur</wf>
         <wf lemma="de" pos="X">de</wf>
         <wf lemma="le" pos="X">la</wf>
         <wf lemma="deutsche_bank" pos="NOUN">Deutsche_Bank</wf>
         <wf lemma="à" pos="X">à</wf>
         <instance id="d000.s017.t005" lemma="new_york" pos="NOUN">New_York</instance>
         <wf lemma="." pos="X">.</wf>
      </sentence>
      <sentence id="d000.s018" source="semeval2013-fr">
         <wf lemma="le" pos="X">Les</wf>
         <instance id="d000.s018.t000" lemma="avocat" pos="NOUN">avocats</instance>
         <wf lemma="de" pos="X">de</wf>
         <wf lemma="le" pos="X">la</wf>
         <instance id="d000.s018.t001" lemma="défense" pos="NOUN">défense</instance>
         <wf lemma="affirmer" pos="VERB">affirment</wf>
         <wf lemma="également" pos="ADV">également</wf>
         <wf lemma="," pos="X">,</wf>
         <wf lemma="par" pos="X">par</wf>
         <instance id="d000.s018.t002" lemma="exemple" pos="NOUN">exemple</instance>
         <wf lemma="," pos="X">,</wf>
         <wf lemma="que" pos="X">que</wf>
         <wf lemma="monsieur" pos="NOUN">M.</wf>
         <wf lemma="Hayes" pos="NOUN">Hayes</wf>
         <wf lemma="avoir" pos="VERB">aurait</wf>
         <wf lemma="subir" pos="VERB">subi</wf>
         <wf lemma="un" pos="X">un</wf>
         <instance id="d000.s018.t003" lemma="préjudice" pos="NOUN">préjudice</instance>
         <wf lemma="lorsque" pos="X">lorsque</wf>
         <wf lemma="le" pos="X">le</wf>
         <instance id="d000.s018.t004" lemma="juge" pos="NOUN">juge</instance>
         <wf lemma="Blue" pos="NOUN">Blue</wf>
         <wf lemma="avoir" pos="VERB">a</wf>
         <wf lemma="refuser" pos="VERB">refusé</wf>
         <wf lemma="de" pos="X">de</wf>
         <wf lemma="lui" pos="X">leur</wf>
         <wf lemma="permettre" pos="VERB">permettre</wf>
         <wf lemma="de" pos="X">de</wf>
         <wf lemma="mettre" pos="VERB">mettre</wf>
         <wf lemma="à" pos="X">à</wf>
         <wf lemma="le" pos="X">l'</wf>
         <wf lemma="épreuve" pos="NOUN">épreuve</wf>
         <wf lemma="le" pos="X">les</wf>
         <instance id="d000.s018.t005" lemma="réaction" pos="NOUN">réactions</instance>
         <wf lemma="du" pos="X">des</wf>
         <instance id="d000.s018.t006" lemma="juré" pos="NOUN">jurés</instance>
         <wf lemma="potentiel" pos="ADJ">potentiels</wf>
         <wf lemma="en" pos="X">en</wf>
         <wf lemma="lui" pos="X">leur</wf>
         <wf lemma="montrer" pos="VERB">montrant</wf>
         <wf lemma="du" pos="X">des</wf>
         <instance id="d000.s018.t007" lemma="photo" pos="NOUN">photos</instance>
         <wf lemma="macabre" pos="ADJ">macabres</wf>
         <wf lemma="de" pos="X">de</wf>
         <instance id="d000.s018.t008" lemma="scène" pos="NOUN">scènes</instance>
         <wf lemma="criminel" pos="ADJ">criminelles</wf>
         <wf lemma="lors" pos="ADV">lors</wf>
         <wf lemma="de" pos="X">de</wf>
         <wf lemma="le" pos="X">la</wf>
         <instance id="d000.s018.t009" lemma="sélection" pos="NOUN">sélection</instance>
         <wf lemma="du" pos="X">du</wf>
         <instance id="d000.s018.t010" lemma="jury" pos="NOUN">jury</instance>
         <wf lemma="." pos="X">.</wf>
      </sentence>
      <sentence id="d000.s019" source="semeval2013-fr">
         <wf lemma="de" pos="X">De</wf>
         <wf lemma="sorte" pos="NOUN">sorte</wf>
         <wf lemma="que" pos="X">que</wf>
         <wf lemma="," pos="X">,</wf>
         <wf lemma="gravir" pos="VERB">gravir</wf>
         <wf lemma="le" pos="X">les</wf>
         <wf lemma="échelon" pos="NOUN">échelons</wf>
         <wf lemma="," pos="X">,</wf>
         <wf lemma="ce" pos="X">ce</wf>
         <wf lemma="ne" pos="ADV">n'</wf>
         <wf lemma="être" pos="VERB">est</wf>
         <wf lemma="pas" pos="ADV">pas</wf>
         <wf lemma="si" pos="ADV">si</wf>
         <wf lemma="clair" pos="ADJ">clair</wf>
         <wf lemma="que" pos="X">que</wf>
         <wf lemma="cela" pos="X">cela</wf>
         <wf lemma="être" pos="VERB">soit</wf>
         <wf lemma="un" pos="X">un</wf>
         <instance id="d000.s019.t000" lemma="avantage" pos="NOUN">avantage</instance>
         <wf lemma="." pos="X">.</wf>
      </sentence>
      <sentence id="d000.s020" source="semeval2013-fr">
         <wf lemma="le" pos="X">Les</wf>
         <instance id="d000.s020.t000" lemma="société" pos="NOUN">sociétés</instance>
         <wf lemma="pré-sélectionnées" pos="VERB">pré-sélectionnées</wf>
         <wf lemma="pour" pos="X">pour</wf>
         <wf lemma="soumettre" pos="VERB">soumettre</wf>
         <wf lemma="du" pos="X">des</wf>
         <instance id="d000.s020.t001" lemma="enchère" pos="NOUN">enchères</instance>
         <wf lemma="avoir" pos="VERB">ont</wf>
         <wf lemma="faire" pos="VERB">fait</wf>
         <wf lemma="du" pos="X">des</wf>
         <wf lemma="offre" pos="NOUN">offres</wf>
         <wf lemma="qui" pos="X">qui</wf>
         <wf lemma="avoir" pos="VERB">ont</wf>
         <wf lemma="ensuite" pos="ADV">ensuite</wf>
         <wf lemma="être" pos="VERB">été</wf>
         <wf lemma="comparer" pos="VERB">comparées</wf>
         <wf lemma="au" pos="X">au</wf>
         <instance id="d000.s020.t002" lemma="tarif" pos="NOUN">tarif</instance>
         <wf lemma="par" pos="X">par</wf>
         <instance id="d000.s020.t003" lemma="baril" pos="NOUN">baril</instance>
         <wf lemma="que" pos="X">que</wf>
         <wf lemma="le" pos="X">le</wf>
         <instance id="d000.s020.t004" lemma="ministère" pos="NOUN">ministère</instance>
         <wf lemma="être" pos="VERB">était</wf>
         <wf lemma="de" pos="X">d'</wf>
         <instance id="d000.s020.t005" lemma="accord" pos="NOUN">accord</instance>
         <wf lemma="de" pos="X">de</wf>
         <wf lemma="verser" pos="VERB">verser</wf>
         <wf lemma="pour" pos="X">pour</wf>
         <wf lemma="motiver" pos="VERB">motiver</wf>
         <wf lemma="le" pos="X">la</wf>
         <instance id="d000.s020.t006" lemma="production" pos="NOUN">production</instance>
         <wf lemma="au-dessus" pos="ADV">au-dessus</wf>
         <wf lemma="du" pos="X">des</wf>
         <instance id="d000.s020.t007" lemma="niveau" pos="NOUN">niveaux</instance>
         <wf lemma="actuel" pos="ADJ">actuels</wf>
         <wf lemma="pour" pos="X">pour</wf>
         <wf lemma="chaque" pos="X">chaque</wf>
         <instance id="d000.s020.t008" lemma="champ" pos="NOUN">champ</instance>
         <wf lemma="." pos="X">.</wf>
      </sentence>
      <sentence id="d000.s021" source="semeval2013-fr">
         <wf lemma="pendant" pos="X">Pendant</wf>
         <wf lemma="que" pos="X">que</wf>
         <wf lemma="Nacho" pos="NOUN">Nacho</wf>
         <wf lemma="Moreal" pos="NOUN">Moreal</wf>
         <wf lemma="seulement" pos="ADV">seulement</wf>
         <wf lemma="avoir" pos="VERB">a</wf>
         <wf lemma="quatre" pos="NOUN">quatre</wf>
         <instance id="d000.s021.t000" lemma="jeu" pos="NOUN">jeux</instance>
         <wf lemma="et" pos="X">et</wf>
         <wf lemma="jordi_alba" pos="NOUN">Jordi_Alba</wf>
         <wf lemma="deux" pos="NOUN">deux</wf>
         <wf lemma="," pos="X">,</wf>
         <wf lemma="à" pos="X">à</wf>
         <instance id="d000.s021.t001" lemma="costa_rica" pos="NOUN">Costa_Rica</instance>
         <wf lemma="Víctor" pos="NOUN">Víctor</wf>
         <wf lemma="Bolívar" pos="NOUN">Bolívar</wf>
         <wf lemma="en" pos="X">en</wf>
         <wf lemma="avoir" pos="VERB">a</wf>
         <wf lemma="seulement" pos="ADV">seulement</wf>
         <wf lemma="un" pos="NOUN">un</wf>
         <wf lemma="et" pos="X">et</wf>
         <wf lemma="Ólman" pos="NOUN">Ólman</wf>
         <wf lemma="Vargas" pos="NOUN">Vargas</wf>
         <wf lemma="et" pos="X">et</wf>
         <wf lemma="Edder" pos="NOUN">Edder</wf>
         <wf lemma="Nelson" pos="NOUN">Nelson</wf>
         <wf lemma="ne" pos="ADV">ne</wf>
         <wf lemma="débuter" pos="VERB">débutent</wf>
         <wf lemma="encore" pos="ADV">encore</wf>
         <wf lemma="." pos="X">.</wf>
      </sentence>
      <sentence id="d000.s022" source="semeval2013-fr">
         <wf lemma="en" pos="X">En</wf>
         <wf lemma="définitif" pos="ADJ">définitive</wf>
         <wf lemma="," pos="X">,</wf>
         <wf lemma="ce" pos="X">ces</wf>
         <instance id="d000.s022.t000" lemma="action" pos="NOUN">actions</instance>
         <wf lemma="ne" pos="ADV">ne</wf>
         <wf lemma="être" pos="VERB">sont</wf>
         <wf lemma="pas" pos="ADV">pas</wf>
         <wf lemma="contraire" pos="ADJ">contraires</wf>
         <wf lemma="à" pos="X">à</wf>
         <wf lemma="le" pos="X">l'</wf>
         <instance id="d000.s022.t001" lemma="esprit" pos="NOUN">esprit</instance>
         <wf lemma="sportif" pos="ADJ">sportif</wf>
         <wf lemma="," pos="X">,</wf>
         <wf lemma="duquel" pos="X">duquel</wf>
         <wf lemma="faire" pos="VERB">fait</wf>
         <wf lemma="quand" pos="ADV">quand</wf>
         <wf lemma="même" pos="ADJ">même</wf>
         <instance id="d000.s022.t002" lemma="partie" pos="NOUN">partie</instance>
         <wf lemma="le" pos="X">la</wf>
         <instance id="d000.s022.t003" lemma="prise_de_décision" pos="NOUN">prise_de_décision</instance>
         <wf lemma="stratégique" pos="ADJ">stratégiques</wf>
         <wf lemma="qui" pos="X">qui</wf>
         <wf lemma="favoriser" pos="VERB">favorisent</wf>
         <wf lemma="le" pos="X">le</wf>
         <wf lemma="profit" pos="NOUN">profit</wf>
         <wf lemma="au" pos="X">au</wf>
         <instance id="d000.s022.t004" lemma="maximum" pos="NOUN">maximum</instance>
         <wf lemma="de" pos="X">de</wf>
         <wf lemma="ce" pos="X">ce</wf>
         <wf lemma="que" pos="X">que</wf>
         <wf lemma="le" pos="X">les</wf>
         <instance id="d000.s022.t005" lemma="règle" pos="NOUN">règles</instance>
         <wf lemma="permettre" pos="VERB">permettent</wf>
         <wf lemma="." pos="X">.</wf>
      </sentence>
      <sentence id="d000.s023" source="semeval2013-fr">
         <wf lemma="un" pos="X">Une</wf>
         <wf lemma="demi-douzaine" pos="NOUN">demi-douzaine</wf>
         <wf lemma="de" pos="X">d'</wf>
         <wf lemma="entre" pos="X">entre</wf>
         <wf lemma="eux" pos="X">eux</wf>
         <wf lemma="être" pos="VERB">étaient</wf>
         <wf lemma="en" pos="X">en</wf>
         <wf lemma="train" pos="X">train</wf>
         <wf lemma="de" pos="X">de</wf>
         <wf lemma="taper" pos="VERB">taper</wf>
         <wf lemma="au" pos="X">au</wf>
         <wf lemma="loin" pos="ADV">loin</wf>
         <wf lemma="dans" pos="X">dans</wf>
         <wf lemma="le" pos="X">les</wf>
         <instance id="d000.s023.t000" lemma="rangée" pos="NOUN">rangées</instance>
         <wf lemma="de" pos="X">de</wf>
         <wf lemma="le" pos="X">la</wf>
         <instance id="d000.s023.t001" lemma="salle_d'audience" pos="NOUN">salle_d'audience</instance>
         <wf lemma="." pos="X">.</wf>
      </sentence>
      <sentence id="d000.s024" source="semeval2013-fr">
         <wf lemma="et" pos="X">Et</wf>
         <wf lemma="il" pos="X">il</wf>
         <wf lemma="offrir" pos="VERB">offre</wf>
         <wf lemma="un" pos="X">une</wf>
         <wf lemma="large" pos="ADJ">large</wf>
         <instance id="d000.s024.t000" lemma="gamme" pos="NOUN">gamme</instance>
         <wf lemma="de" pos="X">d'</wf>
         <wf lemma="option" pos="NOUN">options</wf>
         <wf lemma="pour" pos="X">pour</wf>
         <wf lemma="le" pos="X">les</wf>
         <instance id="d000.s024.t001" lemma="question" pos="NOUN">questions</instance>
         <wf lemma="clé" pos="NOUN">clés</wf>
         <wf lemma="," pos="X">,</wf>
         <wf lemma="comprendre" pos="VERB">comprenant</wf>
         <wf lemma="le" pos="X">la</wf>
         <instance id="d000.s024.t002" lemma="façon" pos="NOUN">façon</instance>
         <wf lemma="dont" pos="X">dont</wf>
         <wf lemma="le" pos="X">les</wf>
         <instance id="d000.s024.t003" lemma="économie" pos="NOUN">économies</instance>
         <wf lemma="développer" pos="VERB">développées</wf>
         <wf lemma="et" pos="X">et</wf>
         <wf lemma="le" pos="X">les</wf>
         <instance id="d000.s024.t004" lemma="économie" pos="NOUN">économies</instance>
         <wf lemma="émergeantes" pos="ADJ">émergeantes</wf>
         <wf lemma="nouvelle" pos="NOUN">nouvelles</wf>
         <wf lemma="pouvoir" pos="VERB">pourraient</wf>
         <wf lemma="diminuer" pos="VERB">diminuer</wf>
         <wf lemma="leur" pos="X">leur</wf>
         <instance id="d000.s024.t005" lemma="production" pos="NOUN">production</instance>
         <wf lemma="de" pos="X">de</wf>
         <instance id="d000.s024.t006" lemma="carbone" pos="NOUN">carbone</instance>
         <wf lemma="et" pos="X">et</wf>
         <wf lemma="quel" pos="X">quelle</wf>
         <wf lemma="être" pos="VERB">serait</wf>
         <wf lemma="le" pos="X">la</wf>
         <instance id="d000.s024.t007" lemma="limite" pos="NOUN">limite</instance>
         <wf lemma="supérieur" pos="ADJ">supérieure</wf>
         <wf lemma="de" pos="X">de</wf>
         <wf lemma="le" pos="X">l'</wf>
         <instance id="d000.s024.t008" lemma="augmentation" pos="NOUN">augmentation</instance>
         <wf lemma="de" pos="X">de</wf>
         <wf lemma="le" pos="X">la</wf>
         <instance id="d000.s024.t009" lemma="température" pos="NOUN">température</instance>
         <wf lemma="mondial" pos="ADJ">mondiale</wf>
         <wf lemma="que" pos="X">que</wf>
         <wf lemma="le" pos="X">les</wf>
         <wf lemma="responsable" pos="ADJ">responsables</wf>
         <wf lemma="être" pos="VERB">seraient</wf>
         <wf lemma="prêt" pos="ADJ">prêts</wf>
         <wf lemma="à" pos="X">à</wf>
         <wf lemma="tolérer" pos="VERB">tolérer</wf>
         <wf lemma="." pos="X">.</wf>
      </sentence>
      <sentence id="d000.s025" source="semeval2013-fr">
         <wf lemma="après" pos="X">Après</wf>
         <wf lemma="le" pos="X">l'</wf>
         <wf lemma="affaire" pos="NOUN">affaire</wf>
         <wf lemma="du" pos="X">du</wf>
         <wf lemma="chef" pos="NOUN">chef</wf>
         <wf lemma="josef_ackermann" pos="NOUN">Josef_Ackermann</wf>
         <wf lemma="il" pos="X">il</wf>
         <wf lemma="y" pos="X">y</wf>
         <wf lemma="avoir" pos="VERB">a</wf>
         <wf lemma="du" pos="X">du</wf>
         <wf lemma="nouveau" pos="ADJ">nouveau</wf>
         <wf lemma="au" pos="X">aux</wf>
         <wf lemma="USA" pos="NOUN">USA</wf>
         <wf lemma=":" pos="X">:</wf>
         <wf lemma="le" pos="X">la</wf>
         <instance id="d000.s025.t000" lemma="banque" pos="NOUN">banque</instance>
         <wf lemma="allemand" pos="ADJ">allemande</wf>
         <wf lemma="&quot;" pos="X">&quot;</wf>
         <wf lemma="deutsche_bank" pos="NOUN">Deutsche_Bank</wf>
         <wf lemma="&quot;" pos="X">&quot;</wf>
         <wf lemma="devoir" pos="VERB">doit</wf>
         <wf lemma="payer" pos="VERB">payer</wf>
         <wf lemma="un" pos="X">une</wf>
         <instance id="d000.s025.t001" lemma="amende" pos="NOUN">amende</instance>
         <wf lemma="s" pos="ADJ">s</wf>
         <wf lemma="&quot;" pos="X">&quot;</wf>
         <wf lemma="élever" pos="VERB">élevant</wf>
         <wf lemma="à" pos="X">à</wf>
         <wf lemma="du" pos="X">des</wf>
         <instance id="d000.s025.t002" lemma="million" pos="NOUN">millions</instance>
         <wf lemma="." pos="X">.</wf>
      </sentence>
      <sentence id="d000.s026" source="semeval2013-fr">
         <wf lemma="le" pos="X">Le</wf>
         <wf lemma="second" pos="NOUN">second</wf>
         <wf lemma="être" pos="VERB">est</wf>
         <wf lemma="le" pos="X">la</wf>
         <wf lemma="croissant" pos="ADJ">croissante</wf>
         <instance id="d000.s026.t000" lemma="stabilité" pos="NOUN">stabilité</instance>
         <wf lemma="du" pos="X">des</wf>
         <instance id="d000.s026.t001" lemma="attitude" pos="NOUN">attitudes</instance>
         <wf lemma="envers" pos="X">envers</wf>
         <wf lemma="le" pos="X">la</wf>
         <instance id="d000.s026.t002" lemma="démocratie" pos="NOUN">démocratie</instance>
         <wf lemma="et" pos="X">et</wf>
         <wf lemma="son" pos="X">ses</wf>
         <instance id="d000.s026.t003" lemma="institution" pos="NOUN">institutions</instance>
         <wf lemma="principal" pos="ADJ">principales</wf>
         <wf lemma="." pos="X">.</wf>
      </sentence>
      <sentence id="d000.s027" source="semeval2013-fr">
         <wf lemma="leur" pos="X">Leur</wf>
         <instance id="d000.s027.t000" lemma="accent" pos="NOUN">accent</instance>
         <wf lemma="sur" pos="X">sur</wf>
         <wf lemma="le" pos="X">la</wf>
         <wf lemma="couverture" pos="NOUN">couverture</wf>
         <wf lemma="du" pos="X">du</wf>
         <instance id="d000.s027.t001" lemma="système" pos="NOUN">système</instance>
         <wf lemma="Twitter" pos="NOUN">Twitter</wf>
         <wf lemma="être" pos="VERB">est</wf>
         <wf lemma="controverser" pos="VERB">controversé</wf>
         <wf lemma="." pos="X">.</wf>
      </sentence>
      <sentence id="d000.s028" source="semeval2013-fr">
         <wf lemma="un" pos="X">Un</wf>
         <instance id="d000.s028.t000" lemma="contraste" pos="NOUN">contraste</instance>
         <wf lemma="énorme" pos="ADJ">énorme</wf>
         <wf lemma="à" pos="X">à</wf>
         <wf lemma="celui" pos="X">celui</wf>
         <wf lemma="de" pos="X">de</wf>
         <instance id="d000.s028.t001" lemma="costa_rica" pos="NOUN">Costa_Rica</instance>
         <wf lemma="," pos="X">,</wf>
         <wf lemma="si" pos="X">si</wf>
         <wf lemma="la" pos="X">l'</wf>
         <wf lemma="on" pos="X">on</wf>
         <wf lemma="comparer" pos="VERB">compare</wf>
         <wf lemma="le" pos="X">les</wf>
         <wf lemma="@card@" pos="NOUN">22</wf>
         <wf lemma="convoquer" pos="VERB">convoqués</wf>
         <wf lemma="par" pos="X">par</wf>
         <wf lemma="le" pos="X">les</wf>
         <wf lemma="deux" pos="NOUN">deux</wf>
         <instance id="d000.s028.t002" lemma="pays" pos="NOUN">pays</instance>
         <wf lemma="pour" pos="X">pour</wf>
         <wf lemma="le" pos="X">l'</wf>
         <wf lemma="amical" pos="ADJ">amicale</wf>
         <wf lemma="de" pos="X">d'</wf>
         <wf lemma="aujourd'hui" pos="ADV">aujourd'hui</wf>
         <wf lemma="," pos="X">,</wf>
         <wf lemma="à" pos="X">à</wf>
         <wf lemma="@card@" pos="NOUN">15</wf>
         <wf lemma=":" pos="X">:</wf>
         <wf lemma="@card@" pos="NOUN">05</wf>
         <instance id="d000.s028.t003" lemma="heure" pos="NOUN">heures</instance>
         <wf lemma="," pos="X">,</wf>
         <wf lemma="au" pos="X">au</wf>
         <wf lemma="stade_national" pos="NOUN">Stade_National</wf>
         <wf lemma="de" pos="X">de</wf>
         <instance id="d000.s028.t004" lemma="san_josé" pos="NOUN">San_José</instance>
         <wf lemma="." pos="X">.</wf>
      </sentence>
      <sentence id="d000.s029" source="semeval2013-fr">
         <wf lemma="il" pos="X">Il</wf>
         <wf lemma="rester" pos="VERB">reste</wf>
         <wf lemma="dans" pos="X">dans</wf>
         <wf lemma="du" pos="X">des</wf>
         <instance id="d000.s029.t000" lemma="marge" pos="NOUN">marges</instance>
         <wf lemma="étroit" pos="ADJ">étroites</wf>
         <wf lemma="," pos="X">,</wf>
         <wf lemma="le" pos="X">le</wf>
         <instance id="d000.s029.t001" lemma="volume" pos="NOUN">volume</instance>
         <wf lemma="de" pos="X">d'</wf>
         <instance id="d000.s029.t002" lemma="échange" pos="NOUN">échanges</instance>
         <wf lemma="être" pos="VERB">est</wf>
         <wf lemma="devenir" pos="VERB">devenu</wf>
         <wf lemma="très" pos="ADV">très</wf>
         <wf lemma="faible" pos="ADJ">faible</wf>
         <wf lemma="et" pos="X">et</wf>
         <wf lemma="je" pos="X">je</wf>
         <wf lemma="penser" pos="VERB">pense</wf>
         <wf lemma="que" pos="X">que</wf>
         <wf lemma="cela" pos="X">cela</wf>
         <wf lemma="aller" pos="VERB">va</wf>
         <wf lemma="rester" pos="VERB">rester</wf>
         <wf lemma="le" pos="X">le</wf>
         <instance id="d000.s029.t003" lemma="cas" pos="NOUN">cas</instance>
         <wf lemma="jusque" pos="X">jusqu'</wf>
         <wf lemma="à" pos="X">à</wf>
         <wf lemma="le" pos="X">la</wf>
         <instance id="d000.s029.t004" lemma="fin" pos="NOUN">fin</instance>
         <wf lemma="de" pos="X">de</wf>
         <wf lemma="le" pos="X">l'</wf>
         <instance id="d000.s029.t005" lemma="année" pos="NOUN">année</instance>
         <wf lemma="." pos="X">.</wf>
      </sentence>
      <sentence id="d000.s030" source="semeval2013-fr">
         <wf lemma="deux" pos="NOUN">Deux</wf>
         <instance id="d000.s030.t000" lemma="société" pos="NOUN">sociétés</instance>
         <wf lemma="américain" pos="ADJ">américaines</wf>
         <wf lemma="avoir" pos="VERB">ont</wf>
         <wf lemma="obtenir" pos="VERB">obtenu</wf>
         <wf lemma="du" pos="X">des</wf>
         <instance id="d000.s030.t001" lemma="contrat" pos="NOUN">contrats</instance>
         <wf lemma="pour" pos="X">pour</wf>
         <wf lemma="le" pos="X">les</wf>
         <wf lemma="champ" pos="NOUN">champs</wf>
         <wf lemma="mettre" pos="VERB">mis</wf>
         <wf lemma="au" pos="X">aux</wf>
         <instance id="d000.s030.t002" lemma="enchère" pos="NOUN">enchères</instance>
         <wf lemma="en" pos="X">en</wf>
         <instance id="d000.s030.t003" lemma="juin" pos="NOUN">juin</instance>
         <wf lemma="." pos="X">.</wf>
      </sentence>
      <sentence id="d000.s031" source="semeval2013-fr">
         <wf lemma="de" pos="X">De</wf>
         <wf lemma="le" pos="X">la</wf>
         <wf lemma="part" pos="NOUN">part</wf>
         <wf lemma="costaricienne" pos="ADJ">costaricienne</wf>
         <wf lemma="," pos="X">,</wf>
         <wf lemma="et" pos="X">et</wf>
         <wf lemma="près" pos="ADV">près</wf>
         <wf lemma="de" pos="X">de</wf>
         <wf lemma="michael_umana" pos="NOUN">Michael_Umana</wf>
         <wf lemma="se" pos="X">se</wf>
         <wf lemma="trouver" pos="VERB">trouvent</wf>
         <wf lemma="le" pos="X">le</wf>
         <wf lemma="latéral" pos="ADJ">latéral</wf>
         <wf lemma="gauche" pos="ADJ">gauche</wf>
         <wf lemma="júnior_díaz" pos="NOUN">Júnior_Díaz</wf>
         <wf lemma="," pos="X">,</wf>
         <wf lemma="avec" pos="X">avec</wf>
         <wf lemma="@card@" pos="NOUN">48</wf>
         <instance id="d000.s031.t000" lemma="présence" pos="NOUN">présences</instance>
         <wf lemma="et" pos="X">et</wf>
         <wf lemma="le" pos="X">le</wf>
         <wf lemma="buteur" pos="NOUN">buteur</wf>
         <wf lemma="bryan_ruiz" pos="NOUN">Bryan_Ruiz</wf>
         <wf lemma="," pos="X">,</wf>
         <wf lemma="avec" pos="X">avec</wf>
         <wf lemma="@card@" pos="NOUN">45</wf>
         <wf lemma="." pos="X">.</wf>
      </sentence>
      <sentence id="d000.s032" source="semeval2013-fr">
         <wf lemma="ce" pos="X">Cette</wf>
         <instance id="d000.s032.t000" lemma="idée" pos="NOUN">idée</instance>
         <wf lemma="de" pos="X">de</wf>
         <wf lemma="le" pos="X">l'</wf>
         <instance id="d000.s032.t001" lemma="immigration" pos="NOUN">immigration</instance>
         <wf lemma="comme" pos="X">comme</wf>
         <wf lemma="un" pos="X">une</wf>
         <instance id="d000.s032.t002" lemma="charge" pos="NOUN">charge</instance>
         <wf lemma="," pos="X">,</wf>
         <wf lemma="un" pos="X">un</wf>
         <instance id="d000.s032.t003" lemma="problème" pos="NOUN">problème</instance>
         <wf lemma="," pos="X">,</wf>
         <wf lemma="être" pos="VERB">est</wf>
         <wf lemma="peut-être" pos="ADV">peut-être</wf>
         <wf lemma="payant" pos="ADJ">payante</wf>
         <wf lemma="électoralement" pos="ADV">électoralement</wf>
         <wf lemma=";" pos="X">;</wf>
         <wf lemma="mais" pos="X">mais</wf>
         <wf lemma="elle" pos="X">elle</wf>
         <wf lemma="être" pos="VERB">est</wf>
         <wf lemma="économiquement" pos="ADV">économiquement</wf>
         <wf lemma="très" pos="ADV">très</wf>
         <wf lemma="coûteux" pos="ADJ">coûteuse</wf>
         <wf lemma="." pos="X">.</wf>
      </sentence>
      <sentence id="d000.s033" source="semeval2013-fr">
         <wf lemma="le" pos="X">Le</wf>
         <wf lemma="cabinet" pos="NOUN">cabinet</wf>
         <wf lemma="juridique" pos="ADJ">juridique</wf>
         <wf lemma="de" pos="X">de</wf>
         <wf lemma="Clément" pos="NOUN">Clément</wf>
         <wf lemma="," pos="X">,</wf>
         <wf lemma="PLLC" pos="NOUN">PLLC</wf>
         <wf lemma="Bancroft" pos="NOUN">Bancroft</wf>
         <wf lemma="," pos="X">,</wf>
         <wf lemma="avoir" pos="VERB">a</wf>
         <wf lemma="faire" pos="VERB">fait</wf>
         <instance id="d000.s033.t000" lemma="partie" pos="NOUN">partie</instance>
         <wf lemma="du" pos="X">des</wf>
         <wf lemma="deux" pos="NOUN">deux</wf>
         <instance id="d000.s033.t001" lemma="douzaine" pos="NOUN">douzaines</instance>
         <wf lemma="de" pos="X">de</wf>
         <wf lemma="cabinet" pos="NOUN">cabinets</wf>
         <wf lemma="qui" pos="X">qui</wf>
         <wf lemma="avoir" pos="VERB">ont</wf>
         <wf lemma="aider" pos="VERB">aidé</wf>
         <wf lemma="à" pos="X">à</wf>
         <wf lemma="parrainer" pos="VERB">parrainer</wf>
         <wf lemma="le" pos="X">le</wf>
         <instance id="d000.s033.t002" lemma="dîner" pos="NOUN">dîner</instance>
         <wf lemma="annuel" pos="ADJ">annuel</wf>
         <wf lemma="de" pos="X">de</wf>
         <wf lemma="le" pos="X">la</wf>
         <wf lemma="Société" pos="NOUN">Société</wf>
         <wf lemma="Fédéraliste" pos="NOUN">Fédéraliste</wf>
         <wf lemma="(" pos="X">(</wf>
         <wf lemma="Federalist" pos="NOUN">Federalist</wf>
         <wf lemma="Society" pos="NOUN">Society</wf>
         <wf lemma=")" pos="X">)</wf>
         <wf lemma="," pos="X">,</wf>
         <wf lemma="un" pos="X">un</wf>
         <wf lemma="groupe" pos="NOUN">groupe</wf>
         <wf lemma="de" pos="X">de</wf>
         <wf lemma="longue" pos="ADJ">longue</wf>
         <wf lemma="date" pos="NOUN">date</wf>
         <wf lemma="dédier" pos="VERB">dédié</wf>
         <wf lemma="à" pos="X">à</wf>
         <wf lemma="défendre" pos="VERB">défendre</wf>
         <wf lemma="le" pos="X">les</wf>
         <instance id="d000.s033.t003" lemma="principe" pos="NOUN">principes</instance>
         <wf lemma="juridique" pos="ADJ">juridiques</wf>
         <wf lemma="conservateur" pos="ADJ">conservateurs</wf>
         <wf lemma="." pos="X">.</wf>
      </sentence>
      <sentence id="d000.s034" source="semeval2013-fr">
         <wf lemma="le" pos="X">Le</wf>
         <instance id="d000.s034.t000" lemma="porte-parole" pos="NOUN">porte-parole</instance>
         <wf lemma="de" pos="X">de</wf>
         <wf lemma="Citigroup" pos="NOUN">Citigroup</wf>
         <wf lemma="ne" pos="ADV">ne</wf>
         <wf lemma="souhaiter" pos="VERB">souhaitait</wf>
         <wf lemma="pas" pos="ADV">pas</wf>
         <wf lemma="commenter" pos="VERB">commenter</wf>
         <wf lemma="ce" pos="X">cette</wf>
         <instance id="d000.s034.t001" lemma="information" pos="NOUN">information</instance>
         <wf lemma="." pos="X">.</wf>
      </sentence>
      <sentence id="d000.s035" source="semeval2013-fr">
         <wf lemma="Eidson" pos="NOUN">Eidson</wf>
         <wf lemma="et" pos="X">et</wf>
         <wf lemma="Pnini" pos="NOUN">Pnini</wf>
         <wf lemma="contribuer" pos="VERB">contribuèrent</wf>
         <wf lemma="de" pos="X">de</wf>
         <instance id="d000.s035.t000" lemma="manière" pos="NOUN">manière</instance>
         <wf lemma="décisif" pos="ADJ">décisive</wf>
         <wf lemma="à" pos="X">à</wf>
         <wf lemma="ce" pos="X">ce</wf>
         <wf lemma="que" pos="X">que</wf>
         <wf lemma="le" pos="X">les</wf>
         <instance id="d000.s035.t001" lemma="jaune" pos="NOUN">jaunes</instance>
         <wf lemma="prendre" pos="VERB">prennent</wf>
         <wf lemma="l" pos="VERB">l</wf>
         <wf lemma="’" pos="X">’</wf>
         <instance id="d000.s035.t002" lemma="avantage" pos="NOUN">avantage</instance>
         <wf lemma="sur" pos="X">sur</wf>
         <wf lemma="le" pos="X">le</wf>
         <wf lemma="lumineux" pos="NOUN">lumineux</wf>
         <wf lemma="(" pos="X">(</wf>
         <wf lemma="@card@" pos="NOUN">50-49</wf>
         <wf lemma=")" pos="X">)</wf>
         <wf lemma="." pos="X">.</wf>
      </sentence>
      <sentence id="d000.s036" source="semeval2013-fr">
         <wf lemma="lorsque" pos="X">Lorsque</wf>
         <wf lemma="le" pos="X">la</wf>
         <wf lemma="bulle_immobilière" pos="NOUN">bulle_immobilière</wf>
         <wf lemma="américain" pos="ADJ">américaine</wf>
         <wf lemma="avoir" pos="VERB">a</wf>
         <wf lemma="éclater" pos="VERB">éclaté</wf>
         <wf lemma="en" pos="X">en</wf>
         <wf lemma="@card@" pos="NOUN">2007</wf>
         <wf lemma="," pos="X">,</wf>
         <wf lemma="Ceci" pos="NOUN">Ceci</wf>
         <wf lemma="avoir" pos="VERB">a</wf>
         <wf lemma="être" pos="VERB">été</wf>
         <wf lemma="fatal" pos="ADJ">fatal</wf>
         <wf lemma="pour" pos="X">pour</wf>
         <wf lemma="un" pos="X">un</wf>
         <wf lemma="grand" pos="ADJ">grand</wf>
         <instance id="d000.s036.t000" lemma="nombre" pos="NOUN">nombre</instance>
         <wf lemma="de" pos="X">de</wf>
         <instance id="d000.s036.t001" lemma="société_bancaire" pos="NOUN">sociétés_bancaires</instance>
         <wf lemma="." pos="X">.</wf>
      </sentence>
      <sentence id="d000.s037" source="semeval2013-fr">
         <wf lemma="comme" pos="ADV">Comme</wf>
         <wf lemma="si" pos="X">si</wf>
         <wf lemma="le" pos="X">les</wf>
         <instance id="d000.s037.t000" lemma="problème" pos="NOUN">problèmes</instance>
         <wf lemma="de" pos="X">de</wf>
         <wf lemma="le" pos="X">la</wf>
         <wf lemma="deutsche_bank" pos="NOUN">Deutsche_Bank</wf>
         <wf lemma="ne" pos="ADV">n'</wf>
         <wf lemma="être" pos="VERB">étaient</wf>
         <wf lemma="pas" pos="ADV">pas</wf>
         <wf lemma="déjà" pos="ADV">déjà</wf>
         <wf lemma="suffisant" pos="ADJ">suffisants</wf>
         <wf lemma="," pos="X">,</wf>
         <wf lemma="le" pos="X">le</wf>
         <instance id="d000.s037.t001" lemma="passé" pos="NOUN">passé</instance>
         <wf lemma="de" pos="X">de</wf>
         <wf lemma="ce" pos="X">ce</wf>
         <wf lemma="géant" pos="NOUN">géant</wf>
         <wf lemma="du" pos="X">du</wf>
         <wf lemma="secteur" pos="NOUN">secteur</wf>
         <wf lemma="le" pos="X">le</wf>
         <wf lemma="rattraper" pos="VERB">rattrape</wf>
         <wf lemma="en" pos="X">en</wf>
         <wf lemma="plus" pos="ADV">plus</wf>
         <wf lemma="au" pos="X">aux</wf>
         <instance id="d000.s037.t002" lemma="USA" pos="NOUN">USA</instance>
         <wf lemma=":" pos="X">:</wf>
         <wf lemma="le" pos="X">l'</wf>
         <instance id="d000.s037.t003" lemma="institut" pos="NOUN">institut</instance>
         <wf lemma="de" pos="X">de</wf>
         <wf lemma="Francfort" pos="NOUN">Francfort</wf>
         <wf lemma="payer" pos="VERB">paie</wf>
         <wf lemma="en" pos="X">en</wf>
         <wf lemma="comparaison" pos="X">comparaison</wf>
         <wf lemma="@card@" pos="NOUN">145</wf>
         <instance id="d000.s037.t004" lemma="million" pos="NOUN">millions</instance>
         <wf lemma="de" pos="X">de</wf>
         <instance id="d000.s037.t005" lemma="dollar" pos="NOUN">dollars</instance>
         <wf lemma="(" pos="X">(</wf>
         <wf lemma="@card@" pos="NOUN">106</wf>
         <instance id="d000.s037.t006" lemma="million" pos="NOUN">millions</instance>
         <wf lemma="de" pos="X">d'</wf>
         <instance id="d000.s037.t007" lemma="euro" pos="NOUN">euros</instance>
         <wf lemma=")" pos="X">)</wf>
         <wf lemma="," pos="X">,</wf>
         <wf lemma="pour" pos="X">pour</wf>
         <wf lemma="régler" pos="VERB">régler</wf>
         <wf lemma="un" pos="X">un</wf>
         <instance id="d000.s037.t008" lemma="différend" pos="NOUN">différend</instance>
         <wf lemma="en" pos="X">en</wf>
         <wf lemma="raison" pos="X">raison</wf>
         <wf lemma="de" pos="X">de</wf>
         <wf lemma="le" pos="X">la</wf>
         <instance id="d000.s037.t009" lemma="faillite" pos="NOUN">faillite</instance>
         <wf lemma="de" pos="X">de</wf>
         <wf lemma="cinq" pos="NOUN">cinq</wf>
         <wf lemma="grand" pos="ADJ">grandes</wf>
         <instance id="d000.s037.t010" lemma="banque" pos="NOUN">banques</instance>
         <wf lemma="coopératif" pos="ADJ">coopératives</wf>
         <wf lemma="pendant" pos="X">pendant</wf>
         <wf lemma="le" pos="X">la</wf>
         <wf lemma="crise_financière" pos="NOUN">crise_financière</wf>
         <wf lemma="." pos="X">.</wf>
      </sentence>
      <sentence id="d000.s038" source="semeval2013-fr">
         <wf lemma="mais" pos="X">Mais</wf>
         <wf lemma="seulement" pos="ADV">seulement</wf>
         <wf lemma="environ" pos="ADV">environ</wf>
         <wf lemma="le" pos="X">la</wf>
         <instance id="d000.s038.t000" lemma="moitié" pos="NOUN">moitié</instance>
         <wf lemma="du" pos="X">des</wf>
         <wf lemma="répondant" pos="NOUN">répondants</wf>
         <wf lemma="au" pos="X">au</wf>
         <wf lemma="Mexique" pos="NOUN">Mexique</wf>
         <wf lemma="et" pos="X">et</wf>
         <wf lemma="au" pos="X">au</wf>
         <wf lemma="Brésil" pos="NOUN">Brésil</wf>
         <wf lemma="," pos="X">,</wf>
         <wf lemma="le" pos="X">les</wf>
         <wf lemma="deux" pos="NOUN">deux</wf>
         <instance id="d000.s038.t001" lemma="pays" pos="NOUN">pays</instance>
         <wf lemma="le" pos="X">les</wf>
         <wf lemma="plus" pos="ADV">plus</wf>
         <wf lemma="peupler" pos="VERB">peuplés</wf>
         <wf lemma="de" pos="X">de</wf>
         <wf lemma="le" pos="X">la</wf>
         <instance id="d000.s038.t002" lemma="région" pos="NOUN">région</instance>
         <wf lemma="," pos="X">,</wf>
         <wf lemma="être" pos="VERB">sont</wf>
         <wf lemma="du" pos="X">des</wf>
         <instance id="d000.s038.t003" lemma="démocrate" pos="NOUN">démocrates</instance>
         <wf lemma="convaincre" pos="VERB">convaincus</wf>
         <wf lemma="," pos="X">,</wf>
         <wf lemma="ce" pos="X">ce</wf>
         <wf lemma="qui" pos="X">qui</wf>
         <wf lemma="faire" pos="VERB">fait</wf>
         <wf lemma="baisser" pos="VERB">baisser</wf>
         <wf lemma="le" pos="X">la</wf>
         <instance id="d000.s038.t004" lemma="moyenne" pos="NOUN">moyenne</instance>
         <wf lemma="régional" pos="ADJ">régionale</wf>
         <wf lemma="(" pos="X">(</wf>
         <wf lemma="voir" pos="VERB">voir</wf>
         <instance id="d000.s038.t005" lemma="tableau" pos="NOUN">tableau</instance>
         <wf lemma="@card@" pos="NOUN">2</wf>
         <wf lemma=")" pos="X">)</wf>
         <wf lemma="." pos="X">.</wf>
      </sentence>
      <sentence id="d000.s039" source="semeval2013-fr">
         <wf lemma="le" pos="X">L'</wf>
         <wf lemma="institution" pos="NOUN">institution</wf>
         <wf lemma="bancaire" pos="ADJ">bancaire</wf>
         <wf lemma="avoir" pos="VERB">avait</wf>
         <wf lemma="présumer" pos="VERB">présumé</wf>
         <wf lemma="de" pos="X">de</wf>
         <wf lemma="son" pos="X">ses</wf>
         <instance id="d000.s039.t000" lemma="capacité" pos="NOUN">capacités</instance>
         <wf lemma="en" pos="X">en</wf>
         <wf lemma="racheter" pos="VERB">rachetant</wf>
         <wf lemma="le" pos="X">la</wf>
         <instance id="d000.s039.t001" lemma="banque_d'investissement" pos="NOUN">banque_d'investissement</instance>
         <wf lemma="merrill_lynch" pos="NOUN">Merrill_Lynch</wf>
         <wf lemma="au" pos="X">au</wf>
         <wf lemma="plus" pos="ADV">plus</wf>
         <wf lemma="fort" pos="ADJ">fort</wf>
         <wf lemma="de" pos="X">de</wf>
         <wf lemma="le" pos="X">la</wf>
         <instance id="d000.s039.t002" lemma="tourmente" pos="NOUN">tourmente</instance>
         <wf lemma="financier" pos="ADJ">financière</wf>
         <wf lemma="." pos="X">.</wf>
      </sentence>
      <sentence id="d000.s040" source="semeval2013-fr">
         <wf lemma="le" pos="X">Les</wf>
         <instance id="d000.s040.t000" lemma="footballeur" pos="NOUN">footballeurs</instance>
         <wf lemma="espagnol" pos="ADJ">espagnols</wf>
         <wf lemma="qui" pos="X">qui</wf>
         <wf lemma="jouer" pos="VERB">jouent</wf>
         <wf lemma="dans" pos="X">dans</wf>
         <wf lemma="le" pos="X">la</wf>
         <wf lemma="ligue" pos="NOUN">Ligue</wf>
         <wf lemma="du" pos="X">des</wf>
         <wf lemma="étoile" pos="NOUN">étoiles</wf>
         <wf lemma="et" pos="X">et</wf>
         <wf lemma="dans" pos="X">dans</wf>
         <wf lemma="du" pos="X">des</wf>
         <wf lemma="puissant" pos="ADJ">puissant</wf>
         <instance id="d000.s040.t001" lemma="club" pos="NOUN">clubs</instance>
         <wf lemma="de" pos="X">de</wf>
         <wf lemma="le" pos="X">la</wf>
         <wf lemma="premier_league" pos="NOUN">Premier_League</wf>
         <wf lemma="de" pos="X">d'</wf>
         <wf lemma="Angleterre" pos="NOUN">Angleterre</wf>
         <wf lemma="," pos="X">,</wf>
         <wf lemma="maintenir" pos="VERB">maintiennent</wf>
         <wf lemma="à" pos="X">à</wf>
         <wf lemma="le" pos="X">l'</wf>
         <instance id="d000.s040.t002" lemma="an" pos="NOUN">an</instance>
         <wf lemma="un" pos="X">une</wf>
         <wf lemma="intense" pos="ADJ">intense</wf>
         <instance id="d000.s040.t003" lemma="activité" pos="NOUN">activités</instance>
         <wf lemma="dans" pos="X">dans</wf>
         <wf lemma="du" pos="X">des</wf>
         <instance id="d000.s040.t004" lemma="championnat" pos="NOUN">championnats</instance>
         <wf lemma="de" pos="X">de</wf>
         <instance id="d000.s040.t005" lemma="ligue" pos="NOUN">ligue</instance>
         <wf lemma="et" pos="X">et</wf>
         <wf lemma="couper" pos="VERB">coupe</wf>
         <wf lemma="national" pos="ADJ">nationaux</wf>
         <wf lemma="et" pos="X">et</wf>
         <wf lemma="du" pos="X">des</wf>
         <wf lemma="dispute" pos="NOUN">disputes</wf>
         <wf lemma="dans" pos="X">dans</wf>
         <wf lemma="coupe" pos="NOUN">coupes</wf>
         <wf lemma="européen" pos="ADJ">européennes</wf>
         <wf lemma="comme" pos="X">comme</wf>
         <wf lemma="le" pos="X">la</wf>
         <wf lemma="champions_league" pos="NOUN">Champions_League</wf>
         <wf lemma="." pos="X">.</wf>
      </sentence>
      <sentence id="d000.s041" source="semeval2013-fr">
         <wf lemma="comme" pos="X">Comme</wf>
         <wf lemma="le" pos="X">le</wf>
         <wf lemma="rappeler" pos="VERB">rappellent</wf>
         <wf lemma="le" pos="X">les</wf>
         <instance id="d000.s041.t000" lemma="économiste" pos="NOUN">économistes</instance>
         <wf lemma="Ian" pos="NOUN">Ian</wf>
         <wf lemma="Goldin" pos="NOUN">Goldin</wf>
         <wf lemma="et" pos="X">et</wf>
         <wf lemma="Geoffrey" pos="NOUN">Geoffrey</wf>
         <wf lemma="Cameron" pos="NOUN">Cameron</wf>
         <wf lemma="dans" pos="X">dans</wf>
         <wf lemma="un" pos="X">un</wf>
         <wf lemma="récent" pos="ADJ">récent</wf>
         <wf lemma="ouvrage" pos="NOUN">ouvrage</wf>
         <wf lemma="synthétiser" pos="VERB">synthétisant</wf>
         <wf lemma="le" pos="X">les</wf>
         <instance id="d000.s041.t001" lemma="connaissance" pos="NOUN">connaissances</instance>
         <wf lemma="le" pos="X">les</wf>
         <wf lemma="plus" pos="ADV">plus</wf>
         <wf lemma="récent" pos="ADJ">récentes</wf>
         <wf lemma="sur" pos="X">sur</wf>
         <wf lemma="le" pos="X">l'</wf>
         <instance id="d000.s041.t002" lemma="immigration" pos="NOUN">immigration</instance>
         <wf lemma="(" pos="X">(</wf>
         <wf lemma="Exceptional" pos="NOUN">Exceptional</wf>
         <wf lemma="People" pos="NOUN">People</wf>
         <wf lemma=":" pos="X">:</wf>
         <wf lemma="How" pos="NOUN">How</wf>
         <wf lemma="Migration" pos="NOUN">Migration</wf>
         <wf lemma="Shaped" pos="NOUN">Shaped</wf>
         <wf lemma="Our" pos="VERB">Our</wf>
         <wf lemma="World" pos="NOUN">World</wf>
         <wf lemma="and" pos="VERB">and</wf>
         <wf lemma="Will" pos="NOUN">Will</wf>
         <wf lemma="Define" pos="NOUN">Define</wf>
         <wf lemma="Our" pos="VERB">Our</wf>
         <wf lemma="Future" pos="NOUN">Future</wf>
         <wf lemma="," pos="X">,</wf>
         <instance id="d000.s041.t003" lemma="mai" pos="NOUN">mai</instance>
         <wf lemma="@card@" pos="NOUN">2011</wf>
         <wf lemma="," pos="X">,</wf>
         <wf lemma="princeton_university_press" pos="NOUN">Princeton_University_Press</wf>
         <wf lemma="," pos="X">,</wf>
         <wf lemma="@card@" pos="NOUN">352</wf>
         <wf lemma="pp." pos="X">pp.</wf>
         <wf lemma=")" pos="X">)</wf>
         <wf lemma="," pos="X">,</wf>
         <wf lemma="il" pos="X">il</wf>
         <wf lemma="exister" pos="VERB">existe</wf>
         <wf lemma="un" pos="X">un</wf>
         <wf lemma="large" pos="ADJ">large</wf>
         <instance id="d000.s041.t004" lemma="consensus" pos="NOUN">consensus</instance>
         <wf lemma="parmi" pos="X">parmi</wf>
         <wf lemma="le" pos="X">les</wf>
         <instance id="d000.s041.t005" lemma="spécialiste" pos="NOUN">spécialistes</instance>
         <wf lemma="sur" pos="X">sur</wf>
         <wf lemma="le" pos="X">l'</wf>
         <instance id="d000.s041.t006" lemma="impact" pos="NOUN">impact</instance>
         <wf lemma="positif" pos="ADJ">positif</wf>
         <wf lemma="du" pos="X">des</wf>
         <wf lemma="flux_migratoires" pos="NOUN">flux_migratoires</wf>
         <wf lemma="sur" pos="X">sur</wf>
         <wf lemma="le" pos="X">la</wf>
         <instance id="d000.s041.t007" lemma="croissance_économique" pos="NOUN">croissance_économique</instance>
         <wf lemma="," pos="X">,</wf>
         <wf lemma="le" pos="X">les</wf>
         <instance id="d000.s041.t008" lemma="salaire" pos="NOUN">salaires</instance>
         <wf lemma="et" pos="X">et</wf>
         <wf lemma="le" pos="X">l'</wf>
         <instance id="d000.s041.t009" lemma="emploi" pos="NOUN">emploi</instance>
         <wf lemma="dans" pos="X">dans</wf>
         <wf lemma="le" pos="X">les</wf>
         <instance id="d000.s041.t010" lemma="pays" pos="NOUN">pays</instance>
         <wf lemma="qui" pos="X">qui</wf>
         <wf lemma="recevoir" pos="VERB">reçoivent</wf>
         <wf lemma="du" pos="X">des</wf>
         <instance id="d000.s041.t011" lemma="immigrant" pos="NOUN">immigrants</instance>
         <wf lemma="." pos="X">.</wf>
      </sentence>
      <sentence id="d000.s042" source="semeval2013-fr">
         <wf lemma="et" pos="X">Et</wf>
         <wf lemma="il" pos="X">il</wf>
         <wf lemma="ne" pos="ADV">n'</wf>
         <wf lemma="y" pos="X">y</wf>
         <wf lemma="avoir" pos="VERB">a</wf>
         <instance id="d000.s042.t000" lemma="rien" pos="NOUN">rien</instance>
         <wf lemma="qui" pos="X">qui</wf>
         <wf lemma="ailler" pos="VERB">aille</wf>
         <wf lemma="à" pos="X">à</wf>
         <wf lemma="le" pos="X">l'</wf>
         <wf lemma="encontre" pos="ADV">encontre</wf>
         <wf lemma="du" pos="X">des</wf>
         <instance id="d000.s042.t001" lemma="règle" pos="NOUN">règles</instance>
         <wf lemma="de" pos="X">de</wf>
         <wf lemma="déontologie" pos="NOUN">déontologie</wf>
         <wf lemma="." pos="X">.</wf>
      </sentence>
      <sentence id="d000.s043" source="semeval2013-fr">
         <wf lemma="un" pos="X">Un</wf>
         <instance id="d000.s043.t000" lemma="effet" pos="NOUN">effet</instance>
         <wf lemma="positif" pos="ADJ">positif</wf>
         <wf lemma="sur" pos="X">sur</wf>
         <wf lemma="le" pos="X">les</wf>
         <instance id="d000.s043.t001" lemma="salaire" pos="NOUN">salaires</instance>
      </sentence>
      <sentence id="d000.s044" source="semeval2013-fr">
         <wf lemma="ici" pos="ADV">Ici</wf>
         <wf lemma="il" pos="X">il</wf>
         <wf lemma="sembler" pos="VERB">semble</wf>
         <wf lemma="nécessaire" pos="ADJ">nécessaire</wf>
         <wf lemma="de" pos="X">de</wf>
         <wf lemma="constater" pos="VERB">constater</wf>
         <wf lemma="que" pos="X">que</wf>
         <wf lemma="la" pos="X">l'</wf>
         <wf lemma="on" pos="X">on</wf>
         <wf lemma="ne" pos="ADV">ne</wf>
         <wf lemma="mettre" pos="VERB">met</wf>
         <wf lemma="pas" pos="ADV">pas</wf>
         <wf lemma="dans" pos="X">dans</wf>
         <wf lemma="un" pos="X">une</wf>
         <instance id="d000.s044.t000" lemma="situation" pos="NOUN">situation</instance>
         <wf lemma="de" pos="X">de</wf>
         <instance id="d000.s044.t001" lemma="désavantage" pos="NOUN">désavantage</instance>
         <wf lemma="au" pos="X">au</wf>
         <instance id="d000.s044.t002" lemma="rival" pos="NOUN">rival</instance>
         <wf lemma="et" pos="X">et</wf>
         <wf lemma="le" pos="X">l'</wf>
         <wf lemma="on" pos="X">on</wf>
         <wf lemma="ne" pos="ADV">n'</wf>
         <wf lemma="obtenir" pos="VERB">obtient</wf>
         <wf lemma="un" pos="X">un</wf>
         <instance id="d000.s044.t003" lemma="avantage" pos="NOUN">avantage</instance>
         <wf lemma="dans" pos="X">dans</wf>
         <wf lemma="le" pos="X">le</wf>
         <wf lemma="même" pos="ADJ">même</wf>
         <wf lemma="match" pos="NOUN">match</wf>
         <wf lemma="non" pos="ADV">non</wf>
         <wf lemma="plus" pos="ADV">plus</wf>
         <wf lemma="," pos="X">,</wf>
         <wf lemma="car" pos="X">car</wf>
         <wf lemma="évidemment" pos="ADV">évidemment</wf>
         <wf lemma="le" pos="X">le</wf>
         <instance id="d000.s044.t004" lemma="résultat" pos="NOUN">résultat</instance>
         <wf lemma="de" pos="X">de</wf>
         <wf lemma="le" pos="X">l'</wf>
         <instance id="d000.s044.t005" lemma="action" pos="NOUN">action</instance>
         <wf lemma="supposer" pos="VERB">suppose</wf>
         <wf lemma="le" pos="X">le</wf>
         <instance id="d000.s044.t006" lemma="fait" pos="NOUN">fait</instance>
         <wf lemma="de" pos="X">de</wf>
         <wf lemma="laisser" pos="VERB">laisser</wf>
         <wf lemma="leur" pos="X">leur</wf>
         <wf lemma="propre" pos="ADJ">propre</wf>
         <instance id="d000.s044.t007" lemma="équipe" pos="NOUN">équipe</instance>
         <wf lemma="avec" pos="X">avec</wf>
         <wf lemma="moins" pos="ADV">moins</wf>
         <wf lemma="de" pos="X">de</wf>
         <wf lemma="joueur" pos="NOUN">joueurs</wf>
         <wf lemma="." pos="X">.</wf>
      </sentence>
      <sentence id="d000.s045" source="semeval2013-fr">
         <wf lemma="il" pos="X">Il</wf>
         <wf lemma="donner" pos="VERB">donne</wf>
         <wf lemma="un" pos="X">une</wf>
         <wf lemma="grand" pos="ADJ">grande</wf>
         <wf lemma="flexibilité" pos="NOUN">flexibilité</wf>
         <wf lemma="au" pos="X">au</wf>
         <instance id="d000.s045.t000" lemma="processus" pos="NOUN">processus</instance>
         <wf lemma="," pos="X">,</wf>
         <wf lemma="avoir" pos="VERB">a</wf>
         <wf lemma="dire" pos="VERB">dit</wf>
         <wf lemma="John" pos="NOUN">John</wf>
         <wf lemma="Coequyt" pos="NOUN">Coequyt</wf>
         <wf lemma="," pos="X">,</wf>
         <wf lemma="représenter" pos="VERB">Représentant</wf>
         <wf lemma="à" pos="X">à</wf>
         <instance id="d000.s045.t001" lemma="Washington" pos="NOUN">Washington</instance>
         <wf lemma="du" pos="X">du</wf>
         <wf lemma="sierra_club" pos="NOUN">Sierra_Club</wf>
         <wf lemma="." pos="X">.</wf>
      </sentence>
      <sentence id="d000.s046" source="semeval2013-fr">
         <wf lemma="ce" pos="X">Ce</wf>
         <wf lemma="ne" pos="ADV">n'</wf>
         <wf lemma="être" pos="VERB">était</wf>
         <wf lemma="pas" pos="ADV">pas</wf>
         <wf lemma="un" pos="X">une</wf>
         <instance id="d000.s046.t000" lemma="découverte" pos="NOUN">découverte</instance>
         <wf lemma="fortuit" pos="ADJ">fortuite</wf>
         <wf lemma="." pos="X">.</wf>
      </sentence>
      <sentence id="d000.s047" source="semeval2013-fr">
         <wf lemma="le" pos="X">L'</wf>
         <instance id="d000.s047.t000" lemma="intensité" pos="NOUN">intensité</instance>
         <wf lemma="ne" pos="ADV">ne</wf>
         <wf lemma="faire" pos="VERB">fait</wf>
         <wf lemma="que" pos="X">que</wf>
         <wf lemma="se" pos="X">s'</wf>
         <wf lemma="accroître" pos="VERB">accroître</wf>
         <wf lemma=":" pos="X">:</wf>
         <wf lemma="presque" pos="ADV">presque</wf>
         <wf lemma="tout" pos="X">tous</wf>
         <wf lemma="le" pos="X">les</wf>
         <instance id="d000.s047.t001" lemma="ministre" pos="NOUN">ministres</instance>
         <wf lemma="important" pos="ADJ">importants</wf>
         <wf lemma="être" pos="VERB">sont</wf>
         <wf lemma="ici" pos="ADV">ici</wf>
         <wf lemma="et" pos="X">et</wf>
         <wf lemma="pas" pos="ADV">pas</wf>
         <wf lemma="plus" pos="ADV">plus</wf>
         <wf lemma="tard" pos="ADV">tard</wf>
         <wf lemma="que" pos="X">que</wf>
         <instance id="d000.s047.t002" lemma="mercredi" pos="NOUN">mercredi</instance>
         <wf lemma="," pos="X">,</wf>
         <wf lemma="@card@" pos="NOUN">60</wf>
         <wf lemma="chef_de_gouvernement" pos="NOUN">chefs_de_gouvernement</wf>
         <wf lemma="être" pos="VERB">seront</wf>
         <wf lemma="à" pos="X">à</wf>
         <wf lemma="Copenhague" pos="NOUN">Copenhague</wf>
         <wf lemma="." pos="X">.</wf>
      </sentence>
      <sentence id="d000.s048" source="semeval2013-fr">
         <wf lemma="près" pos="ADV">Près</wf>
         <wf lemma="du" pos="X">du</wf>
         <instance id="d000.s048.t000" lemma="chiffre" pos="NOUN">chiffre</instance>
         <wf lemma="centenaire" pos="ADJ">centenaire</wf>
         <wf lemma="se" pos="X">se</wf>
         <wf lemma="trouver" pos="VERB">trouve</wf>
         <wf lemma="carles_puyol" pos="NOUN">Carles_Puyol</wf>
         <wf lemma="," pos="X">,</wf>
         <wf lemma="avec" pos="X">avec</wf>
         <wf lemma="@card@" pos="NOUN">97</wf>
         <instance id="d000.s048.t001" lemma="jeu" pos="NOUN">jeux</instance>
         <wf lemma="." pos="X">.</wf>
      </sentence>
      <sentence id="d000.s049" source="semeval2013-fr">
         <wf lemma="de" pos="X">De</wf>
         <wf lemma="le" pos="X">la</wf>
         <wf lemma="part" pos="X">part</wf>
         <wf lemma="de" pos="X">de</wf>
         <instance id="d000.s049.t000" lemma="costa_rica" pos="NOUN">Costa_Rica</instance>
         <wf lemma="," pos="X">,</wf>
         <wf lemma="seulement" pos="ADV">seulement</wf>
         <wf lemma="un" pos="NOUN">un</wf>
         <wf lemma="du" pos="X">des</wf>
         <wf lemma="@card@" pos="NOUN">22</wf>
         <wf lemma="convoquer" pos="VERB">convoqués</wf>
         <wf lemma="avoir" pos="VERB">a</wf>
         <wf lemma="participer" pos="VERB">participé</wf>
         <wf lemma="à" pos="X">à</wf>
         <wf lemma="@card@" pos="NOUN">50</wf>
         <instance id="d000.s049.t001" lemma="rencontre" pos="NOUN">rencontres</instance>
         <wf lemma="." pos="X">.</wf>
      </sentence>
      <sentence id="d000.s050" source="semeval2013-fr">
         <wf lemma="le" pos="X">La</wf>
         <wf lemma="deutsche_bank" pos="NOUN">Deutsche_Bank</wf>
         <wf lemma="devoir" pos="VERB">doit</wf>
         <wf lemma="aussi" pos="ADV">aussi</wf>
         <wf lemma="déposer" pos="VERB">déposer</wf>
         <wf lemma="un" pos="X">un</wf>
         <wf lemma="recours" pos="NOUN">recours</wf>
         <wf lemma="auprès" pos="ADV">auprès</wf>
         <wf lemma="de" pos="X">de</wf>
         <wf lemma="le" pos="X">la</wf>
         <wf lemma="FHFA" pos="NOUN">FHFA</wf>
         <wf lemma="," pos="X">,</wf>
         <wf lemma="il" pos="X">il</wf>
         <wf lemma="se" pos="X">s'</wf>
         <wf lemma="agir" pos="VERB">agit</wf>
         <wf lemma="ici" pos="ADV">ici</wf>
         <wf lemma="de" pos="X">de</wf>
         <wf lemma="plusieurs" pos="X">plusieurs</wf>
         <instance id="d000.s050.t000" lemma="opération" pos="NOUN">opérations</instance>
         <wf lemma="de" pos="X">d'</wf>
         <wf lemma="un" pos="X">un</wf>
         <instance id="d000.s050.t001" lemma="montant" pos="NOUN">montant</instance>
         <wf lemma="total" pos="ADJ">total</wf>
         <wf lemma="de" pos="X">de</wf>
         <wf lemma="@card@" pos="NOUN">14,2</wf>
         <instance id="d000.s050.t002" lemma="milliard" pos="NOUN">milliards</instance>
         <wf lemma="de" pos="X">de</wf>
         <instance id="d000.s050.t003" lemma="dollar" pos="NOUN">dollars</instance>
         <wf lemma="pour" pos="X">pour</wf>
         <wf lemma="le" pos="X">les</wf>
         <instance id="d000.s050.t004" lemma="année" pos="NOUN">années</instance>
         <wf lemma="@card@" pos="NOUN">2005</wf>
         <wf lemma="à" pos="X">à</wf>
         <wf lemma="@card@" pos="NOUN">2007</wf>
         <wf lemma="." pos="X">.</wf>
      </sentence>
      <sentence id="d000.s051" source="semeval2013-fr">
         <wf lemma="Giovanni" pos="NOUN">Giovanni</wf>
         <wf lemma="Peri" pos="NOUN">Peri</wf>
         <wf lemma="avoir" pos="VERB">a</wf>
         <wf lemma="ainsi" pos="ADV">ainsi</wf>
         <wf lemma="calculer" pos="VERB">calculé</wf>
         <wf lemma="que" pos="X">qu'</wf>
         <wf lemma="un" pos="X">une</wf>
         <wf lemma="hausse" pos="NOUN">hausse</wf>
         <wf lemma="de" pos="X">de</wf>
         <wf lemma="@card@" pos="NOUN">1</wf>
         <wf lemma="%" pos="X">%</wf>
         <wf lemma="du" pos="X">des</wf>
         <wf lemma="flux" pos="NOUN">flux</wf>
         <wf lemma="migratoire" pos="ADJ">migratoires</wf>
         <wf lemma="entraîner" pos="VERB">entraîne</wf>
         <wf lemma="un" pos="X">une</wf>
         <instance id="d000.s051.t000" lemma="augmentation" pos="NOUN">augmentation</instance>
         <wf lemma="comprendre" pos="VERB">comprise</wf>
         <wf lemma="entre" pos="X">entre</wf>
         <wf lemma="@card@" pos="NOUN">0,6</wf>
         <wf lemma="et" pos="X">et</wf>
         <wf lemma="@card@" pos="NOUN">0,9</wf>
         <wf lemma="%" pos="X">%</wf>
         <wf lemma="du" pos="X">des</wf>
         <instance id="d000.s051.t001" lemma="salaire" pos="NOUN">salaires</instance>
         <wf lemma="réel" pos="ADJ">réels</wf>
         <wf lemma="à" pos="X">à</wf>
         <instance id="d000.s051.t002" lemma="long_terme" pos="NOUN">long_terme</instance>
         <wf lemma="." pos="X">.</wf>
      </sentence>
      <sentence id="d000.s052" source="semeval2013-fr">
         <wf lemma="Etant" pos="VERB">Etant</wf>
         <wf lemma="donner" pos="VERB">donné</wf>
         <wf lemma="que" pos="X">que</wf>
         <wf lemma="le" pos="X">le</wf>
         <wf lemma="sondage" pos="NOUN">sondage</wf>
         <wf lemma="avoir" pos="VERB">a</wf>
         <wf lemma="être" pos="VERB">été</wf>
         <wf lemma="réaliser" pos="VERB">réalisé</wf>
         <wf lemma="de" pos="X">de</wf>
         <instance id="d000.s052.t000" lemma="façon" pos="NOUN">façon</instance>
         <wf lemma="régulier" pos="ADJ">régulière</wf>
         <wf lemma="depuis" pos="X">depuis</wf>
         <wf lemma="@card@" pos="NOUN">1995</wf>
         <wf lemma="," pos="X">,</wf>
         <wf lemma="il" pos="X">il</wf>
         <wf lemma="suivre" pos="VERB">suit</wf>
         <wf lemma="le" pos="X">les</wf>
         <instance id="d000.s052.t001" lemma="changement" pos="NOUN">changements</instance>
         <wf lemma="de" pos="X">d'</wf>
         <instance id="d000.s052.t002" lemma="attitude" pos="NOUN">attitude</instance>
         <wf lemma="dans" pos="X">dans</wf>
         <wf lemma="le" pos="X">la</wf>
         <instance id="d000.s052.t003" lemma="région" pos="NOUN">région</instance>
         <wf lemma="." pos="X">.</wf>
      </sentence>
      <sentence id="d000.s053" source="semeval2013-fr">
         <wf lemma="ce" pos="X">Ces</wf>
         <instance id="d000.s053.t000" lemma="document" pos="NOUN">documents</instance>
         <wf lemma="avoir" pos="VERB">ont</wf>
         <wf lemma="perdre" pos="VERB">perdu</wf>
         <wf lemma="énormément" pos="ADV">énormément</wf>
         <wf lemma="de" pos="X">de</wf>
         <instance id="d000.s053.t001" lemma="valeur" pos="NOUN">valeur</instance>
         <wf lemma="au" pos="X">au</wf>
         <wf lemma="cour" pos="X">cours</wf>
         <wf lemma="de" pos="X">de</wf>
         <wf lemma="le" pos="X">la</wf>
         <wf lemma="crise_financière" pos="NOUN">crise_financière</wf>
         <wf lemma="et" pos="X">et</wf>
         <wf lemma="avoir" pos="VERB">ont</wf>
         <wf lemma="entraîner" pos="VERB">entraîné</wf>
         <wf lemma="le" pos="X">les</wf>
         <instance id="d000.s053.t002" lemma="banque" pos="NOUN">banques</instance>
         <wf lemma="vers" pos="X">vers</wf>
         <wf lemma="le" pos="X">le</wf>
         <instance id="d000.s053.t003" lemma="bas" pos="NOUN">bas</instance>
         <wf lemma="." pos="X">.</wf>
      </sentence>
      <sentence id="d000.s054" source="semeval2013-fr">
         <wf lemma="le" pos="X">Les</wf>
         <instance id="d000.s054.t000" lemma="inquiétude" pos="NOUN">inquiétudes</instance>
         <wf lemma="sur" pos="X">sur</wf>
         <wf lemma="le" pos="X">la</wf>
         <instance id="d000.s054.t001" lemma="sécurité" pos="NOUN">sécurité</instance>
         <wf lemma="," pos="X">,</wf>
         <wf lemma="corroborer" pos="VERB">corroborées</wf>
         <wf lemma="par" pos="X">par</wf>
         <wf lemma="du" pos="X">des</wf>
         <instance id="d000.s054.t002" lemma="bombardement" pos="NOUN">bombardements</instance>
         <wf lemma="coordonner" pos="VERB">coordonnés</wf>
         <wf lemma="massif" pos="ADJ">massifs</wf>
         <wf lemma="," pos="X">,</wf>
         <instance id="d000.s054.t003" lemma="mardi" pos="NOUN">mardi</instance>
         <wf lemma="," pos="X">,</wf>
         <wf lemma="et" pos="X">et</wf>
         <wf lemma="le" pos="X">l'</wf>
         <instance id="d000.s054.t004" lemma="instabilité" pos="NOUN">instabilité</instance>
         <wf lemma="politique" pos="ADJ">politique</wf>
         <wf lemma="alors" pos="ADV">alors</wf>
         <wf lemma="que" pos="X">que</wf>
         <wf lemma="le" pos="X">les</wf>
         <instance id="d000.s054.t005" lemma="troupe" pos="NOUN">troupes</instance>
         <wf lemma="militaire" pos="ADJ">militaires</wf>
         <wf lemma="américain" pos="ADJ">américaines</wf>
         <wf lemma="se" pos="X">se</wf>
         <wf lemma="retirer" pos="VERB">retirent</wf>
         <wf lemma="avoir" pos="VERB">ont</wf>
         <wf lemma="freiner" pos="VERB">freiné</wf>
         <wf lemma="le" pos="X">les</wf>
         <instance id="d000.s054.t006" lemma="société" pos="NOUN">sociétés</instance>
         <wf lemma="pétrolier" pos="ADJ">pétrolières</wf>
         <wf lemma="américain" pos="ADJ">américaines</wf>
         <wf lemma="," pos="X">,</wf>
         <wf lemma="la" pos="X">les</wf>
         <wf lemma="empêcher" pos="VERB">empêchant</wf>
         <wf lemma="de" pos="X">d'</wf>
         <wf lemma="entrer" pos="VERB">entrer</wf>
         <wf lemma="avec" pos="X">avec</wf>
         <wf lemma="plus" pos="ADV">plus</wf>
         <wf lemma="de" pos="X">de</wf>
         <instance id="d000.s054.t007" lemma="force" pos="NOUN">force</instance>
         <wf lemma="en" pos="X">en</wf>
         <instance id="d000.s054.t008" lemma="Irak" pos="NOUN">Irak</instance>
         <wf lemma="qui" pos="X">qui</wf>
         <wf lemma="posséder" pos="VERB">possède</wf>
         <wf lemma="le" pos="X">la</wf>
         <wf lemma="troisième" pos="NOUN">troisième</wf>
         <wf lemma="plus" pos="ADV">plus</wf>
         <wf lemma="grand" pos="ADJ">grande</wf>
         <wf lemma="réserve" pos="NOUN">réserve</wf>
         <wf lemma="de" pos="X">de</wf>
         <instance id="d000.s054.t009" lemma="pétrole" pos="NOUN">pétrole</instance>
         <wf lemma="brut" pos="ADJ">brute</wf>
         <wf lemma="du" pos="X">du</wf>
         <instance id="d000.s054.t010" lemma="monde" pos="NOUN">monde</instance>
         <wf lemma="," pos="X">,</wf>
         <wf lemma="dire" pos="VERB">disent</wf>
         <wf lemma="le" pos="X">les</wf>
         <instance id="d000.s054.t011" lemma="analyste" pos="NOUN">analystes</instance>
         <wf lemma="." pos="X">.</wf>
      </sentence>
      <sentence id="d000.s055" source="semeval2013-fr">
         <wf lemma="le" pos="X">Le</wf>
         <wf lemma="second" pos="NOUN">second</wf>
         <wf lemma="quart-temps" pos="NOUN">quart-temps</wf>
         <wf lemma="être" pos="VERB">fut</wf>
         <wf lemma="sur" pos="X">sur</wf>
         <wf lemma="le" pos="X">le</wf>
         <wf lemma="même" pos="ADJ">même</wf>
         <instance id="d000.s055.t000" lemma="ton" pos="NOUN">ton</instance>
         <wf lemma="," pos="X">,</wf>
         <wf lemma="mais" pos="X">mais</wf>
         <wf lemma="l" pos="VERB">l</wf>
         <wf lemma="’" pos="X">’</wf>
         <instance id="d000.s055.t001" lemma="équipe" pos="NOUN">équipe</instance>
         <wf lemma="d" pos="VERB">d</wf>
         <wf lemma="’" pos="X">’</wf>
         <wf lemma="Alava" pos="NOUN">Alava</wf>
         <wf lemma="avoir" pos="VERB">a</wf>
         <wf lemma="choisir" pos="VERB">choisi</wf>
         <wf lemma="le" pos="X">le</wf>
         <instance id="d000.s055.t002" lemma="jeu" pos="NOUN">jeu</instance>
         <wf lemma="intérieur" pos="ADJ">intérieur</wf>
         <wf lemma="de" pos="X">de</wf>
         <wf lemma="Barac" pos="NOUN">Barac</wf>
         <wf lemma="et" pos="X">et</wf>
         <wf lemma="le" pos="X">le</wf>
         <instance id="d000.s055.t003" lemma="travail" pos="NOUN">travail</instance>
         <wf lemma="d" pos="VERB">d</wf>
         <wf lemma="’" pos="X">’</wf>
         <wf lemma="Eliyahu" pos="NOUN">Eliyahu</wf>
         <wf lemma="," pos="X">,</wf>
         <wf lemma="qui" pos="X">qui</wf>
         <wf lemma="avoir" pos="VERB">a</wf>
         <wf lemma="être" pos="VERB">été</wf>
         <wf lemma="recevoir" pos="VERB">reçu</wf>
         <wf lemma="par" pos="X">par</wf>
         <wf lemma="du" pos="X">des</wf>
         <instance id="d000.s055.t004" lemma="acclamation" pos="NOUN">acclamations</instance>
         <wf lemma="et" pos="X">et</wf>
         <wf lemma="du" pos="X">des</wf>
         <instance id="d000.s055.t005" lemma="applaudissement" pos="NOUN">applaudissements</instance>
         <wf lemma="de" pos="X">de</wf>
         <instance id="d000.s055.t006" lemma="retour" pos="NOUN">retour</instance>
         <wf lemma="à" pos="X">à</wf>
         <wf lemma="son" pos="X">son</wf>
         <wf lemma="ancien" pos="ADJ">ancienne</wf>
         <instance id="d000.s055.t007" lemma="maison" pos="NOUN">maison</instance>
         <wf lemma="," pos="X">,</wf>
         <wf lemma="pour" pos="X">pour</wf>
         <wf lemma="accroître" pos="VERB">accroître</wf>
         <wf lemma="leur" pos="X">leur</wf>
         <instance id="d000.s055.t008" lemma="avantage" pos="NOUN">avantage</instance>
         <wf lemma="à" pos="X">à</wf>
         <wf lemma="le" pos="X">la</wf>
         <instance id="d000.s055.t009" lemma="pause" pos="NOUN">pause</instance>
         <wf lemma="(" pos="X">(</wf>
         <wf lemma="@card@" pos="NOUN">34-43</wf>
         <wf lemma=")" pos="X">)</wf>
         <wf lemma="." pos="X">.</wf>
      </sentence>
      <sentence id="d000.s056" source="semeval2013-fr">
         <wf lemma="cela" pos="X">Cela</wf>
         <wf lemma="être" pos="VERB">est</wf>
         <wf lemma="valable" pos="ADJ">valable</wf>
         <wf lemma="aussi" pos="ADV">aussi</wf>
         <wf lemma="pour" pos="X">pour</wf>
         <wf lemma="le" pos="X">le</wf>
         <wf lemma="Citigroup" pos="NOUN">Citigroup</wf>
         <wf lemma="," pos="X">,</wf>
         <wf lemma="qui" pos="X">qui</wf>
         <wf lemma="se" pos="X">s'</wf>
         <wf lemma="être" pos="VERB">est</wf>
         <wf lemma="engager" pos="VERB">engagé</wf>
         <wf lemma="à" pos="X">à</wf>
         <wf lemma="un" pos="X">un</wf>
         <instance id="d000.s056.t000" lemma="paiement" pos="NOUN">paiement</instance>
         <wf lemma="de" pos="X">d'</wf>
         <wf lemma="un" pos="X">un</wf>
         <instance id="d000.s056.t001" lemma="montant" pos="NOUN">montant</instance>
         <wf lemma="de" pos="X">de</wf>
         <wf lemma="@card@" pos="NOUN">20,5</wf>
         <instance id="d000.s056.t002" lemma="million" pos="NOUN">millions</instance>
         <wf lemma="de" pos="X">de</wf>
         <instance id="d000.s056.t003" lemma="dollar" pos="NOUN">dollars</instance>
         <wf lemma="." pos="X">.</wf>
      </sentence>
      <sentence id="d000.s057" source="semeval2013-fr">
         <wf lemma="il" pos="X">Ils</wf>
         <wf lemma="envoyer" pos="VERB">envoyaient</wf>
         <wf lemma="tout" pos="X">toutes</wf>
         <wf lemma="le" pos="X">les</wf>
         <instance id="d000.s057.t000" lemma="minute" pos="NOUN">minutes</instance>
         <wf lemma="du" pos="X">des</wf>
         <instance id="d000.s057.t001" lemma="rapport" pos="NOUN">rapports</instance>
         <wf lemma="de" pos="X">de</wf>
         <instance id="d000.s057.t002" lemma="témoignage" pos="NOUN">témoignages</instance>
         <wf lemma="horrible" pos="ADJ">horribles</wf>
         <wf lemma="via" pos="X">via</wf>
         <wf lemma="Twitter" pos="NOUN">Twitter</wf>
         <wf lemma="." pos="X">.</wf>
      </sentence>
      <sentence id="d000.s058" source="semeval2013-fr">
         <wf lemma="quelque" pos="X">Quelque</wf>
         <wf lemma="@card@" pos="NOUN">58</wf>
         <wf lemma="%" pos="X">%</wf>
         <wf lemma="estimer" pos="VERB">estiment</wf>
         <wf lemma="que" pos="X">que</wf>
         <wf lemma="le" pos="X">l'</wf>
         <instance id="d000.s058.t000" lemma="économie_de_marché" pos="NOUN">économie_de_marché</instance>
         <wf lemma="être" pos="VERB">est</wf>
         <wf lemma="le" pos="X">le</wf>
         <wf lemma="seul" pos="ADJ">seul</wf>
         <instance id="d000.s058.t001" lemma="système" pos="NOUN">système</instance>
         <wf lemma="qui" pos="X">qui</wf>
         <wf lemma="rendre" pos="VERB">rendra</wf>
         <wf lemma="leur" pos="X">leur</wf>
         <instance id="d000.s058.t002" lemma="pays" pos="NOUN">pays</instance>
         <wf lemma="développer" pos="VERB">développé</wf>
         <wf lemma="," pos="X">,</wf>
         <wf lemma="contre" pos="X">contre</wf>
         <wf lemma="@card@" pos="NOUN">47</wf>
         <wf lemma="%" pos="X">%</wf>
         <wf lemma="le" pos="X">l'</wf>
         <instance id="d000.s058.t003" lemma="an" pos="NOUN">an</instance>
         <wf lemma="dernier" pos="ADJ">dernier</wf>
         <wf lemma="." pos="X">.</wf>
      </sentence>
      <sentence id="d000.s059" source="semeval2013-fr">
         <wf lemma="Casillas" pos="NOUN">Casillas</wf>
         <wf lemma="et" pos="X">et</wf>
         <wf lemma="Xavi" pos="NOUN">Xavi</wf>
         <wf lemma="avoir" pos="VERB">ont</wf>
         <wf lemma="être" pos="VERB">été</wf>
         <wf lemma="même" pos="ADV">même</wf>
         <wf lemma="reconnaître" pos="VERB">reconnus</wf>
         <wf lemma="le" pos="X">la</wf>
         <instance id="d000.s059.t000" lemma="semaine" pos="NOUN">semaine</instance>
         <wf lemma="antérieur" pos="ADJ">antérieure</wf>
         <wf lemma="par" pos="X">par</wf>
         <wf lemma="UEFA" pos="NOUN">UEFA</wf>
         <wf lemma="à" pos="X">à</wf>
         <wf lemma="coter" pos="VERB">coté</wf>
         <wf lemma="du" pos="X">des</wf>
         <wf lemma="autre" pos="ADJ">autres</wf>
         <wf lemma="centenaire" pos="NOUN">centenaires</wf>
         <wf lemma="de" pos="X">de</wf>
         <wf lemma="le" pos="X">l'</wf>
         <instance id="d000.s059.t001" lemma="équipe" pos="NOUN">équipe</instance>
         <wf lemma="ibérien" pos="ADJ">ibérienne</wf>
         <wf lemma="," pos="X">,</wf>
         <wf lemma="Zubizarreta" pos="VERB">Zubizarreta</wf>
         <wf lemma="mentionner" pos="VERB">mentionné</wf>
         <wf lemma="ci-dessus" pos="ADV">ci-dessus</wf>
         <wf lemma="avec" pos="X">avec</wf>
         <wf lemma="@card@" pos="NOUN">126</wf>
         <wf lemma="et" pos="X">et</wf>
         <wf lemma="le" pos="X">l'</wf>
         <wf lemma="avant-centre" pos="NOUN">avant-centre</wf>
         <wf lemma="du" pos="X">du</wf>
         <wf lemma="Schalke" pos="NOUN">Schalke</wf>
         <wf lemma="," pos="X">,</wf>
         <wf lemma="raúl_gonzález" pos="NOUN">Raúl_González</wf>
         <wf lemma="," pos="X">,</wf>
         <wf lemma="avec" pos="X">avec</wf>
         <wf lemma="@card@" pos="NOUN">102</wf>
         <wf lemma="." pos="X">.</wf>
      </sentence>
      <sentence id="d000.s060" source="semeval2013-fr">
         <wf lemma="le" pos="X">Les</wf>
         <wf lemma="institution" pos="NOUN">institutions</wf>
         <wf lemma="bancaire" pos="ADJ">bancaires</wf>
         <wf lemma="chercher" pos="VERB">cherchent</wf>
         <wf lemma="ainsi" pos="ADV">ainsi</wf>
         <wf lemma="à" pos="X">à</wf>
         <wf lemma="se" pos="X">se</wf>
         <wf lemma="débarrasser" pos="VERB">débarrasser</wf>
         <wf lemma="du" pos="X">des</wf>
         <wf lemma="restriction" pos="NOUN">restrictions</wf>
         <wf lemma="imposer" pos="VERB">imposées</wf>
         <wf lemma="," pos="X">,</wf>
         <wf lemma="qui" pos="X">qui</wf>
         <wf lemma="accompagner" pos="VERB">accompagnaient</wf>
         <wf lemma="le" pos="X">l'</wf>
         <instance id="d000.s060.t000" lemma="acceptation" pos="NOUN">acceptation</instance>
         <wf lemma="du" pos="X">des</wf>
         <instance id="d000.s060.t001" lemma="somme" pos="NOUN">sommes</instance>
         <wf lemma="," pos="X">,</wf>
         <wf lemma="comme" pos="ADV">comme</wf>
         <wf lemma="par" pos="X">par</wf>
         <instance id="d000.s060.t002" lemma="exemple" pos="NOUN">exemple</instance>
         <wf lemma="le" pos="X">la</wf>
         <wf lemma="limitation" pos="NOUN">limitation</wf>
         <wf lemma="du" pos="X">des</wf>
         <wf lemma="bonus" pos="NOUN">bonus</wf>
         <wf lemma="attribuer" pos="VERB">attribués</wf>
         <wf lemma="au" pos="X">aux</wf>
         <wf lemma="dirigeant" pos="NOUN">dirigeants</wf>
         <wf lemma="ainsi" pos="X">ainsi</wf>
         <wf lemma="que" pos="X">que</wf>
         <wf lemma="le" pos="X">le</wf>
         <wf lemma="règlement" pos="NOUN">règlement</wf>
         <wf lemma="de" pos="X">de</wf>
         <instance id="d000.s060.t003" lemma="frais" pos="NOUN">frais</instance>
         <wf lemma="plus" pos="ADV">plus</wf>
         <wf lemma="élever" pos="VERB">élevés</wf>
         <wf lemma="." pos="X">.</wf>
      </sentence>
      <sentence id="d000.s061" source="semeval2013-fr">
         <wf lemma="le" pos="X">Le</wf>
         <wf lemma="match" pos="NOUN">match</wf>
         <wf lemma="avoir" pos="VERB">a</wf>
         <wf lemma="commencer" pos="VERB">commencé</wf>
         <wf lemma="rapidement" pos="ADV">rapidement</wf>
         <wf lemma="pour" pos="X">pour</wf>
         <wf lemma="le" pos="X">les</wf>
         <wf lemma="bleu" pos="ADJ">bleus</wf>
         <wf lemma="et" pos="X">et</wf>
         <wf lemma="rouge" pos="ADJ">rouge</wf>
         <wf lemma="," pos="X">,</wf>
         <wf lemma="qui" pos="X">qui</wf>
         <wf lemma="prendre" pos="VERB">prirent</wf>
         <wf lemma="l" pos="VERB">l</wf>
         <wf lemma="’" pos="X">’</wf>
         <instance id="d000.s061.t000" lemma="avantage" pos="NOUN">avantage</instance>
         <wf lemma="dès" pos="X">dès</wf>
         <wf lemma="le" pos="X">le</wf>
         <instance id="d000.s061.t001" lemma="début" pos="NOUN">début</instance>
         <wf lemma="." pos="X">.</wf>
      </sentence>
      <sentence id="d000.s062" source="semeval2013-fr">
         <wf lemma="nous" pos="X">Nous</wf>
         <wf lemma="voir" pos="VERB">voyons</wf>
         <wf lemma="que" pos="X">que</wf>
         <wf lemma="le" pos="X">le</wf>
         <wf lemma="record" pos="NOUN">record</wf>
         <wf lemma="plus" pos="ADV">plus</wf>
         <wf lemma="grand" pos="ADJ">grand</wf>
         <wf lemma="de" pos="X">de</wf>
         <wf lemma="le" pos="X">la</wf>
         <wf lemma="sélection" pos="NOUN">Sélection</wf>
         <wf lemma="espagnol" pos="ADJ">espagnole</wf>
         <wf lemma="être" pos="VERB">est</wf>
         <wf lemma="celui" pos="X">celui</wf>
         <wf lemma="du" pos="X">du</wf>
         <instance id="d000.s062.t000" lemma="gardien_de_but" pos="NOUN">gardien_de_but</instance>
         <wf lemma="íker_casillas" pos="NOUN">Íker_Casillas</wf>
         <wf lemma="," pos="X">,</wf>
         <wf lemma="qui" pos="X">qui</wf>
         <wf lemma="le" pos="X">le</wf>
         <instance id="d000.s062.t001" lemma="samedi" pos="NOUN">samedi</instance>
         <wf lemma="antérieur" pos="ADJ">antérieur</wf>
         <wf lemma="contre" pos="X">contre</wf>
         <wf lemma="le" pos="X">l'</wf>
         <wf lemma="Angleterre" pos="NOUN">Angleterre</wf>
         <wf lemma="(" pos="X">(</wf>
         <wf lemma="défense" pos="NOUN">défense</wf>
         <wf lemma="@card@" pos="NOUN">0-1</wf>
         <wf lemma="à" pos="X">à</wf>
         <wf lemma="Londres" pos="NOUN">Londres</wf>
         <wf lemma=")" pos="X">)</wf>
         <wf lemma="avoir" pos="VERB">a</wf>
         <wf lemma="égaler" pos="VERB">égalé</wf>
         <wf lemma="le" pos="X">le</wf>
         <wf lemma="record" pos="NOUN">record</wf>
         <wf lemma="de" pos="X">de</wf>
         <wf lemma="le" pos="X">l'</wf>
         <wf lemma="ancien" pos="ADJ">ancien</wf>
         <instance id="d000.s062.t002" lemma="gardien_de_but" pos="NOUN">gardien_de_but</instance>
         <wf lemma="andoni_zubizarreta" pos="NOUN">Andoni_Zubizarreta</wf>
         <wf lemma="," pos="X">,</wf>
         <wf lemma="avec" pos="X">avec</wf>
         <wf lemma="@card@" pos="NOUN">126</wf>
         <instance id="d000.s062.t003" lemma="rencontre" pos="NOUN">rencontres</instance>
         <wf lemma="international" pos="ADJ">internationales</wf>
         <wf lemma="." pos="X">.</wf>
      </sentence>
      <sentence id="d000.s063" source="semeval2013-fr">
         <wf lemma="malgré" pos="X">Malgré</wf>
         <wf lemma="cela" pos="X">cela</wf>
         <wf lemma="," pos="X">,</wf>
         <wf lemma="et" pos="X">et</wf>
         <wf lemma="avec" pos="X">avec</wf>
         <wf lemma="Splitter" pos="VERB">Splitter</wf>
         <wf lemma="éliminer" pos="VERB">éliminé</wf>
         <wf lemma="pour" pos="X">pour</wf>
         <wf lemma="faute" pos="NOUN">fautes</wf>
         <wf lemma="," pos="X">,</wf>
         <wf lemma="le" pos="X">les</wf>
         <wf lemma="joueur" pos="NOUN">joueurs</wf>
         <wf lemma="d" pos="VERB">d</wf>
         <wf lemma="’" pos="X">’</wf>
         <wf lemma="Ivanovic" pos="NOUN">Ivanovic</wf>
         <wf lemma="ne" pos="ADV">ne</wf>
         <wf lemma="se" pos="X">se</wf>
         <wf lemma="précipiter" pos="VERB">précipitèrent</wf>
         <wf lemma="pas" pos="ADV">pas</wf>
         <wf lemma="," pos="X">,</wf>
         <wf lemma="défendre" pos="VERB">défendirent</wf>
         <wf lemma="bien" pos="ADV">bien</wf>
         <wf lemma="," pos="X">,</wf>
         <wf lemma="et" pos="X">et</wf>
         <wf lemma="bien" pos="ADV">bien</wf>
         <wf lemma="que" pos="X">que</wf>
         <wf lemma="le" pos="X">les</wf>
         <instance id="d000.s063.t000" lemma="israélien" pos="NOUN">israéliens</instance>
         <wf lemma="se" pos="X">se</wf>
         <wf lemma="être" pos="VERB">soient</wf>
         <wf lemma="rapprocher" pos="VERB">rapprochés</wf>
         <wf lemma="lors" pos="ADV">lors</wf>
         <wf lemma="de" pos="X">de</wf>
         <wf lemma="le" pos="X">la</wf>
         <wf lemma="dernier" pos="ADJ">dernière</wf>
         <instance id="d000.s063.t001" lemma="minute" pos="NOUN">minute</instance>
         <wf lemma="(" pos="X">(</wf>
         <wf lemma="@card@" pos="NOUN">80-85</wf>
         <wf lemma=")" pos="X">)</wf>
         <wf lemma="," pos="X">,</wf>
         <wf lemma="le" pos="X">la</wf>
         <wf lemma="partie" pos="NOUN">partie</wf>
         <wf lemma="être" pos="VERB">était</wf>
         <wf lemma="déjà" pos="ADV">déjà</wf>
         <wf lemma="jouer" pos="VERB">jouée</wf>
         <wf lemma="et" pos="X">et</wf>
         <wf lemma="le" pos="X">la</wf>
         <instance id="d000.s063.t002" lemma="victoire" pos="NOUN">victoire</instance>
         <wf lemma="échapper" pos="VERB">échappait</wf>
         <wf lemma="à" pos="X">à</wf>
         <instance id="d000.s063.t003" lemma="tel_aviv" pos="NOUN">Tel_Aviv</instance>
         <wf lemma="pour" pos="X">pour</wf>
         <wf lemma="le" pos="X">la</wf>
         <wf lemma="premier" pos="NOUN">première</wf>
         <instance id="d000.s063.t004" lemma="fois" pos="NOUN">fois</instance>
         <wf lemma="de" pos="X">de</wf>
         <wf lemma="le" pos="X">la</wf>
         <instance id="d000.s063.t005" lemma="saison" pos="NOUN">saison</instance>
         <wf lemma="." pos="X">.</wf>
      </sentence>
      <sentence id="d000.s064" source="semeval2013-fr">
         <wf lemma="rédiger" pos="VERB">Rédigé</wf>
         <wf lemma="par" pos="X">par</wf>
         <wf lemma="un" pos="X">un</wf>
         <instance id="d000.s064.t000" lemma="groupe_de_travail" pos="NOUN">groupe_de_travail</instance>
         <wf lemma="spécial" pos="ADJ">spécial</wf>
         <wf lemma="de" pos="X">de</wf>
         <wf lemma="le" pos="X">l'</wf>
         <wf lemma="ONU" pos="X">ONU</wf>
         <wf lemma="," pos="X">,</wf>
         <wf lemma="le" pos="X">le</wf>
         <instance id="d000.s064.t001" lemma="texte" pos="NOUN">texte</instance>
         <wf lemma="ne" pos="ADV">ne</wf>
         <wf lemma="dire" pos="VERB">dit</wf>
         <wf lemma="pas" pos="ADV">pas</wf>
         <wf lemma="combien" pos="ADV">combien</wf>
         <wf lemma="le" pos="X">les</wf>
         <instance id="d000.s064.t002" lemma="pays" pos="NOUN">pays</instance>
         <wf lemma="riche" pos="NOUN">riches</wf>
         <wf lemma="donner" pos="VERB">donneraient</wf>
         <wf lemma="au" pos="X">aux</wf>
         <wf lemma="pauvre" pos="NOUN">pauvres</wf>
         <wf lemma="pour" pos="X">pour</wf>
         <wf lemma="supporter" pos="VERB">supporter</wf>
         <wf lemma="le" pos="X">le</wf>
         <wf lemma="réchauffement" pos="NOUN">réchauffement</wf>
         <wf lemma="climatique" pos="ADJ">climatique</wf>
         <wf lemma="," pos="X">,</wf>
         <wf lemma="à" pos="X">à</wf>
         <wf lemma="court" pos="ADJ">court</wf>
         <wf lemma="et" pos="X">et</wf>
         <wf lemma="à" pos="X">à</wf>
         <wf lemma="long" pos="ADJ">long</wf>
         <instance id="d000.s064.t003" lemma="terme" pos="NOUN">terme</instance>
         <wf lemma="." pos="X">.</wf>
      </sentence>
      <sentence id="d000.s065" source="semeval2013-fr">
         <wf lemma="&quot;" pos="X">&quot;</wf>
         <wf lemma="ce" pos="X">Cet</wf>
         <instance id="d000.s065.t000" lemma="organisme" pos="NOUN">organisme</instance>
         <wf lemma="avoir" pos="VERB">a</wf>
         <wf lemma="un" pos="X">une</wf>
         <instance id="d000.s065.t001" lemma="capacité" pos="NOUN">capacité</instance>
         <wf lemma="double" pos="ADJ">double</wf>
         <wf lemma="." pos="X">.</wf>
         <wf lemma="&quot;" pos="X">&quot;</wf>
      </sentence>
      <sentence id="d000.s066" source="semeval2013-fr">
         <wf lemma="Kagan" pos="NOUN">Kagan</wf>
         <wf lemma="ne" pos="ADV">n'</wf>
         <wf lemma="avoir" pos="VERB">a</wf>
         <wf lemma="donner" pos="VERB">donné</wf>
         <wf lemma="aucun" pos="X">aucune</wf>
         <instance id="d000.s066.t000" lemma="indication" pos="NOUN">indication</instance>
         <wf lemma="que" pos="X">qu'</wf>
         <wf lemma="elle" pos="X">elle</wf>
         <wf lemma="le" pos="X">le</wf>
         <wf lemma="faire" pos="VERB">ferait</wf>
         <wf lemma="." pos="X">.</wf>
      </sentence>
      <sentence id="d000.s067" source="semeval2013-fr">
         <wf lemma="le" pos="X">Les</wf>
         <instance id="d000.s067.t000" lemma="avocat" pos="NOUN">avocats</instance>
         <wf lemma="de" pos="X">de</wf>
         <wf lemma="le" pos="X">la</wf>
         <instance id="d000.s067.t001" lemma="défense" pos="NOUN">défense</instance>
         <wf lemma="affirmer" pos="VERB">affirment</wf>
         <wf lemma="que" pos="X">qu'</wf>
         <wf lemma="il" pos="X">ils</wf>
         <wf lemma="aller" pos="VERB">vont</wf>
         <wf lemma="également" pos="ADV">également</wf>
         <wf lemma="contester" pos="VERB">contester</wf>
         <wf lemma="le" pos="X">la</wf>
         <wf lemma="constitutionnalité" pos="NOUN">constitutionnalité</wf>
         <wf lemma="de" pos="X">de</wf>
         <wf lemma="le" pos="X">la</wf>
         <instance id="d000.s067.t002" lemma="peine_de_mort" pos="NOUN">peine_de_mort</instance>
         <wf lemma="et" pos="X">et</wf>
         <wf lemma="que" pos="X">qu'</wf>
         <wf lemma="il" pos="X">ils</wf>
         <wf lemma="soutenir" pos="VERB">soutiendront</wf>
         <wf lemma="que" pos="X">que</wf>
         <wf lemma="le" pos="X">le</wf>
         <instance id="d000.s067.t003" lemma="juge" pos="NOUN">juge</instance>
         <wf lemma="avoir" pos="VERB">a</wf>
         <wf lemma="injustement" pos="ADV">injustement</wf>
         <wf lemma="expulser" pos="VERB">expulsé</wf>
         <wf lemma="le" pos="X">l'</wf>
         <wf lemma="un" pos="NOUN">un</wf>
         <wf lemma="du" pos="X">des</wf>
         <instance id="d000.s067.t004" lemma="juré" pos="NOUN">juré</instance>
         <wf lemma="," pos="X">,</wf>
         <wf lemma="qui" pos="X">qui</wf>
         <wf lemma="avoir" pos="VERB">avait</wf>
         <wf lemma="être" pos="VERB">été</wf>
         <wf lemma="critique" pos="ADJ">critique</wf>
         <wf lemma="devant" pos="X">devant</wf>
         <wf lemma="le" pos="X">les</wf>
         <instance id="d000.s067.t005" lemma="procureur" pos="NOUN">procureurs</instance>
         <wf lemma="," pos="X">,</wf>
         <wf lemma="et" pos="X">et</wf>
         <wf lemma="que" pos="X">qu'</wf>
         <wf lemma="il" pos="X">il</wf>
         <wf lemma="avoir" pos="VERB">a</wf>
         <wf lemma="abusivement" pos="ADV">abusivement</wf>
         <wf lemma="mettre" pos="VERB">mis</wf>
         <wf lemma="le" pos="X">la</wf>
         <instance id="d000.s067.t006" lemma="pression" pos="NOUN">pression</instance>
         <wf lemma="pour" pos="X">pour</wf>
         <wf lemma="un" pos="X">un</wf>
         <instance id="d000.s067.t007" lemma="verdict" pos="NOUN">verdict</instance>
         <wf lemma="en" pos="X">en</wf>
         <wf lemma="prendre" pos="VERB">prenant</wf>
         <wf lemma="le" pos="X">la</wf>
         <instance id="d000.s067.t008" lemma="décision" pos="NOUN">décision</instance>
         <wf lemma="inhabituel" pos="ADJ">inhabituelle</wf>
         <wf lemma="de" pos="X">d'</wf>
         <wf lemma="amener" pos="VERB">amener</wf>
         <wf lemma="le" pos="X">le</wf>
         <instance id="d000.s067.t009" lemma="jury" pos="NOUN">jury</instance>
         <wf lemma="à" pos="X">à</wf>
         <wf lemma="délibérer" pos="VERB">délibérer</wf>
         <wf lemma="en" pos="X">en</wf>
         <wf lemma="un" pos="X">un</wf>
         <instance id="d000.s067.t010" lemma="week-end" pos="NOUN">week-end</instance>
         <wf lemma="." pos="X">.</wf>
      </sentence>
      <sentence id="d000.s068" source="semeval2013-fr">
         <wf lemma="ensemble" pos="ADV">Ensemble</wf>
         <wf lemma="," pos="X">,</wf>
         <wf lemma="le" pos="X">les</wf>
         <instance id="d000.s068.t000" lemma="pays" pos="NOUN">pays</instance>
         <wf lemma="réduire" pos="VERB">réduiraient</wf>
         <wf lemma="le" pos="X">les</wf>
         <instance id="d000.s068.t001" lemma="émission" pos="NOUN">émissions</instance>
         <wf lemma="entre" pos="X">entre</wf>
         <wf lemma="@card@" pos="NOUN">50</wf>
         <wf lemma="et" pos="X">et</wf>
         <wf lemma="@card@" pos="NOUN">95</wf>
         <wf lemma="pour" pos="X">pour</wf>
         <wf lemma="cent" pos="NOUN">cent</wf>
         <wf lemma="pour" pos="X">pour</wf>
         <wf lemma="@card@" pos="NOUN">2050</wf>
         <wf lemma="." pos="X">.</wf>
      </sentence>
      <sentence id="d000.s069" source="semeval2013-fr">
         <wf lemma="le" pos="X">L'</wf>
         <instance id="d000.s069.t000" lemma="expulsion" pos="NOUN">expulsion</instance>
         <wf lemma="ourdir" pos="VERB">ourdie</wf>
         <wf lemma="en" pos="X">en</wf>
         <instance id="d000.s069.t001" lemma="principe" pos="NOUN">principe</instance>
         <wf lemma="par" pos="X">par</wf>
         <wf lemma="deux" pos="NOUN">deux</wf>
         <instance id="d000.s069.t002" lemma="joueur" pos="NOUN">joueurs</instance>
         <wf lemma="de" pos="X">de</wf>
         <wf lemma="real_madrid" pos="NOUN">Real_Madrid</wf>
         <wf lemma="(" pos="X">(</wf>
         <wf lemma="xabi_alonso" pos="NOUN">Xabi_Alonso</wf>
         <wf lemma="et" pos="X">et</wf>
         <wf lemma="sergio_ramos" pos="NOUN">Sergio_Ramos</wf>
         <wf lemma=")" pos="X">)</wf>
         <wf lemma="pendant" pos="X">pendant</wf>
         <wf lemma="le" pos="X">le</wf>
         <wf lemma="match" pos="NOUN">match</wf>
         <wf lemma="du" pos="X">du</wf>
         <wf lemma="@card@" pos="NOUN">23</wf>
         <instance id="d000.s069.t003" lemma="novembre" pos="NOUN">novembre</instance>
         <wf lemma="contre" pos="X">contre</wf>
         <wf lemma="Ajax" pos="NOUN">Ajax</wf>
         <wf lemma="dans" pos="X">dans</wf>
         <wf lemma="la_ligue_des_champions" pos="NOUN">la_Ligue_des_Champions</wf>
         <wf lemma="avoir" pos="VERB">a</wf>
         <wf lemma="faire" pos="VERB">fait</wf>
         <wf lemma="couler" pos="VERB">couler</wf>
         <wf lemma="beaucoup" pos="ADV">beaucoup</wf>
         <wf lemma="de" pos="X">d'</wf>
         <instance id="d000.s069.t004" lemma="encre" pos="NOUN">encre</instance>
         <wf lemma="sur" pos="X">sur</wf>
         <wf lemma="le" pos="X">le</wf>
         <instance id="d000.s069.t005" lemma="caractère" pos="NOUN">caractère</instance>
         <wf lemma="anti-sportif" pos="ADJ">anti-sportif</wf>
         <wf lemma="de" pos="X">de</wf>
         <wf lemma="tel" pos="X">tel</wf>
         <instance id="d000.s069.t006" lemma="comportement" pos="NOUN">comportement</instance>
         <wf lemma="et" pos="X">et</wf>
         <wf lemma="si" pos="X">si</wf>
         <wf lemma="le" pos="X">les</wf>
         <wf lemma="deux" pos="NOUN">deux</wf>
         <wf lemma="joueur" pos="NOUN">joueurs</wf>
         <wf lemma="devoir" pos="VERB">devraient</wf>
         <wf lemma="être" pos="VERB">être</wf>
         <wf lemma="sanctionner" pos="VERB">sanctionnés</wf>
         <wf lemma="par" pos="X">par</wf>
         <wf lemma="le" pos="X">l'</wf>
         <wf lemma="UEFA" pos="NOUN">UEFA</wf>
         <wf lemma="." pos="X">.</wf>
      </sentence>
      <sentence id="d000.s070" source="semeval2013-fr">
         <wf lemma="six" pos="NOUN">Six</wf>
         <instance id="d000.s070.t000" lemma="élément" pos="NOUN">éléments</instance>
         <wf lemma="majeur" pos="ADJ">majeurs</wf>
         <wf lemma="avoir" pos="VERB">ont</wf>
         <wf lemma="longtemps" pos="ADV">longtemps</wf>
         <wf lemma="être" pos="VERB">été</wf>
         <wf lemma="considérer" pos="VERB">considérés</wf>
         <wf lemma="comme" pos="ADV">comme</wf>
         <wf lemma="essentiel" pos="ADJ">essentiels</wf>
         <wf lemma="pour" pos="X">pour</wf>
         <wf lemma="le" pos="X">la</wf>
         <instance id="d000.s070.t001" lemma="vie" pos="NOUN">vie</instance>
         <wf lemma=":" pos="X">:</wf>
         <wf lemma="le" pos="X">le</wf>
         <instance id="d000.s070.t002" lemma="carbone" pos="NOUN">carbone</instance>
         <wf lemma="," pos="X">,</wf>
         <wf lemma="le" pos="X">l'</wf>
         <instance id="d000.s070.t003" lemma="hydrogène" pos="NOUN">hydrogène</instance>
         <wf lemma="," pos="X">,</wf>
         <wf lemma="le" pos="X">l'</wf>
         <instance id="d000.s070.t004" lemma="azote" pos="NOUN">azote</instance>
         <wf lemma="," pos="X">,</wf>
         <wf lemma="le" pos="X">l'</wf>
         <instance id="d000.s070.t005" lemma="oxygène" pos="NOUN">oxygène</instance>
         <wf lemma="," pos="X">,</wf>
         <wf lemma="le" pos="X">le</wf>
         <instance id="d000.s070.t006" lemma="phosphore" pos="NOUN">phosphore</instance>
         <wf lemma="et" pos="X">et</wf>
         <wf lemma="le" pos="X">le</wf>
         <instance id="d000.s070.t007" lemma="soufre" pos="NOUN">soufre</instance>
         <wf lemma="." pos="X">.</wf>
      </sentence>
      <sentence id="d000.s071" source="semeval2013-fr">
         <wf lemma="le" pos="X">La</wf>
         <instance id="d000.s071.t000" lemma="découverte" pos="NOUN">découverte</instance>
         <wf lemma="de" pos="X">d'</wf>
         <wf lemma="un" pos="X">une</wf>
         <instance id="d000.s071.t001" lemma="bactérie" pos="NOUN">bactérie</instance>
         <wf lemma="étrange" pos="ADJ">étrange</wf>
         <wf lemma="," pos="X">,</wf>
         <wf lemma="qui" pos="X">qui</wf>
         <wf lemma="pouvoir" pos="VERB">peut</wf>
         <wf lemma="utiliser" pos="VERB">utiliser</wf>
         <wf lemma="le" pos="X">l'</wf>
         <instance id="d000.s071.t002" lemma="arsenic" pos="NOUN">arsenic</instance>
         <wf lemma="comme" pos="X">comme</wf>
         <wf lemma="le" pos="X">l'</wf>
         <wf lemma="un" pos="NOUN">un</wf>
         <wf lemma="de" pos="X">de</wf>
         <wf lemma="son" pos="X">ses</wf>
         <instance id="d000.s071.t003" lemma="élément" pos="NOUN">éléments</instance>
         <wf lemma="nutritif" pos="ADJ">nutritifs</wf>
         <wf lemma="," pos="X">,</wf>
         <wf lemma="élargir" pos="VERB">élargit</wf>
         <wf lemma="le" pos="X">le</wf>
         <wf lemma="champ" pos="NOUN">champ</wf>
         <wf lemma="pour" pos="X">pour</wf>
         <wf lemma="trouver" pos="VERB">trouver</wf>
         <wf lemma="de" pos="X">de</wf>
         <wf lemma="nouveau" pos="ADJ">nouvelles</wf>
         <instance id="d000.s071.t004" lemma="forme_de_vie" pos="NOUN">formes_de_vie</instance>
         <wf lemma="sur" pos="X">sur</wf>
         <wf lemma="Terre" pos="NOUN">Terre</wf>
         <wf lemma="et" pos="X">et</wf>
         <wf lemma="peut-être" pos="ADV">peut-être</wf>
         <wf lemma="au-delà" pos="ADV">au-delà</wf>
         <wf lemma="." pos="X">.</wf>
      </sentence>
      <sentence id="d000.s072" source="semeval2013-fr">
         <wf lemma="le" pos="X">Le</wf>
         <instance id="d000.s072.t000" lemma="microbe" pos="NOUN">microbe</instance>
         <wf lemma="croître" pos="VERB">croît</wf>
         <wf lemma="mieux" pos="ADV">mieux</wf>
         <wf lemma="avec" pos="X">avec</wf>
         <wf lemma="le" pos="X">le</wf>
         <instance id="d000.s072.t001" lemma="phosphore" pos="NOUN">phosphore</instance>
         <wf lemma="mais" pos="X">mais</wf>
         <wf lemma="le" pos="X">le</wf>
         <instance id="d000.s072.t002" lemma="fait" pos="NOUN">fait</instance>
         <wf lemma="que" pos="X">qu'</wf>
         <wf lemma="il" pos="X">il</wf>
         <wf lemma="pouvoir" pos="VERB">peut</wf>
         <wf lemma="vivre" pos="VERB">vivre</wf>
         <wf lemma="avec" pos="X">avec</wf>
         <wf lemma="le" pos="X">l'</wf>
         <instance id="d000.s072.t003" lemma="arsenic" pos="NOUN">arsenic</instance>
         <wf lemma="à" pos="X">à</wf>
         <wf lemma="le" pos="X">la</wf>
         <wf lemma="place" pos="NOUN">place</wf>
         <wf lemma="soulever" pos="VERB">soulève</wf>
         <wf lemma="le" pos="X">la</wf>
         <instance id="d000.s072.t004" lemma="possibilité" pos="NOUN">possibilité</instance>
         <wf lemma="que" pos="X">qu'</wf>
         <wf lemma="un" pos="X">une</wf>
         <instance id="d000.s072.t005" lemma="forme_de_vie" pos="NOUN">forme_de_vie</instance>
         <wf lemma="utiliser" pos="VERB">utilisant</wf>
         <wf lemma="le" pos="X">l'</wf>
         <instance id="d000.s072.t006" lemma="arsenic" pos="NOUN">arsenic</instance>
         <wf lemma="pouvoir" pos="VERB">peut</wf>
         <wf lemma="se" pos="X">se</wf>
         <wf lemma="produire" pos="VERB">produire</wf>
         <wf lemma="naturellement" pos="ADV">naturellement</wf>
         <wf lemma="," pos="X">,</wf>
         <wf lemma="soit" pos="X">soit</wf>
         <wf lemma="ailleurs" pos="ADV">ailleurs</wf>
         <wf lemma="sur" pos="X">sur</wf>
         <wf lemma="Terre" pos="NOUN">Terre</wf>
         <wf lemma="ou" pos="X">ou</wf>
         <wf lemma="sur" pos="X">sur</wf>
         <wf lemma="un" pos="X">une</wf>
         <wf lemma="autre" pos="ADJ">autre</wf>
         <instance id="d000.s072.t007" lemma="planète" pos="NOUN">planète</instance>
         <wf lemma="ou" pos="X">ou</wf>
         <wf lemma="le" pos="X">la</wf>
         <instance id="d000.s072.t008" lemma="lune" pos="NOUN">lune</instance>
         <wf lemma="où" pos="X">où</wf>
         <wf lemma="le" pos="X">l'</wf>
         <wf lemma="arsenic" pos="NOUN">arsenic</wf>
         <wf lemma="être" pos="VERB">est</wf>
         <wf lemma="plus" pos="ADV">plus</wf>
         <wf lemma="fréquent" pos="ADJ">fréquent</wf>
         <wf lemma="." pos="X">.</wf>
      </sentence>
      <sentence id="d000.s073" source="semeval2013-fr">
         <wf lemma="le" pos="X">La</wf>
         <wf lemma="Federal" pos="NOUN">Federal</wf>
         <wf lemma="Housing" pos="NOUN">Housing</wf>
         <wf lemma="Finance" pos="NOUN">Finance</wf>
         <wf lemma="Agency" pos="NOUN">Agency</wf>
         <wf lemma="(" pos="X">(</wf>
         <wf lemma="FHFA" pos="NOUN">FHFA</wf>
         <wf lemma=")" pos="X">)</wf>
         <wf lemma="avoir" pos="VERB">a</wf>
         <wf lemma="déclencher" pos="VERB">déclenché</wf>
         <wf lemma="le" pos="X">la</wf>
         <wf lemma="plus" pos="ADV">plus</wf>
         <wf lemma="grand" pos="ADJ">grande</wf>
         <instance id="d000.s073.t000" lemma="vague" pos="NOUN">vague</instance>
         <wf lemma="de" pos="X">de</wf>
         <instance id="d000.s073.t001" lemma="plainte" pos="NOUN">plaintes</instance>
         <wf lemma="." pos="X">.</wf>
      </sentence>
      <sentence id="d000.s074" source="semeval2013-fr">
         <wf lemma="un" pos="X">Un</wf>
         <wf lemma="autre" pos="ADJ">autre</wf>
         <wf lemma="promoteur" pos="NOUN">promoteur</wf>
         <wf lemma="avoir" pos="VERB">a</wf>
         <wf lemma="être" pos="VERB">été</wf>
         <wf lemma="le" pos="X">le</wf>
         <wf lemma="géant" pos="NOUN">géant</wf>
         <wf lemma="pharmaceutique" pos="ADJ">pharmaceutique</wf>
         <wf lemma="Pfizer" pos="NOUN">Pfizer</wf>
         <wf lemma="Inc" pos="NOUN">Inc</wf>
         <wf lemma="," pos="X">,</wf>
         <wf lemma="qui" pos="X">qui</wf>
         <wf lemma="présenter" pos="VERB">présente</wf>
         <wf lemma="un" pos="X">un</wf>
         <wf lemma="énorme" pos="ADJ">énorme</wf>
         <wf lemma="enjeu" pos="NOUN">enjeu</wf>
         <wf lemma="financier" pos="ADJ">financier</wf>
         <wf lemma="dans" pos="X">dans</wf>
         <wf lemma="le" pos="X">le</wf>
         <instance id="d000.s074.t000" lemma="résultat" pos="NOUN">résultat</instance>
         <wf lemma="du" pos="X">du</wf>
         <instance id="d000.s074.t001" lemma="litige" pos="NOUN">litige</instance>
         <wf lemma="." pos="X">.</wf>
      </sentence>
      <sentence id="d000.s075" source="semeval2013-fr">
         <wf lemma="le" pos="X">Le</wf>
         <instance id="d000.s075.t000" lemma="crime" pos="NOUN">crime</instance>
         <wf lemma="être" pos="VERB">est</wf>
         <wf lemma="considérer" pos="VERB">considéré</wf>
         <wf lemma="par" pos="X">par</wf>
         <wf lemma="certain" pos="X">certains</wf>
         <wf lemma="de" pos="X">d'</wf>
         <wf lemma="avoir" pos="VERB">avoir</wf>
         <wf lemma="être" pos="VERB">été</wf>
         <wf lemma="le" pos="X">l'</wf>
         <wf lemma="inspiration" pos="NOUN">inspiration</wf>
         <wf lemma="pour" pos="X">pour</wf>
         <wf lemma="le" pos="X">l'</wf>
         <wf lemma="émission" pos="NOUN">émission</wf>
         <wf lemma="de" pos="X">de</wf>
         <instance id="d000.s075.t001" lemma="télévision" pos="NOUN">télévision</instance>
         <wf lemma="et" pos="X">et</wf>
         <wf lemma="le" pos="X">le</wf>
         <instance id="d000.s075.t002" lemma="film" pos="NOUN">film</instance>
         <wf lemma="&quot;" pos="X">&quot;</wf>
         <wf lemma="le" pos="X">Le</wf>
         <wf lemma="fugitif" pos="ADJ">fugitif</wf>
         <wf lemma="&quot;" pos="X">&quot;</wf>
         <wf lemma="." pos="X">.</wf>
      </sentence>
      <sentence id="d000.s076" source="semeval2013-fr">
         <wf lemma="le" pos="X">Le</wf>
         <wf lemma="Brésil" pos="NOUN">Brésil</wf>
         <wf lemma="être" pos="VERB">est</wf>
         <wf lemma="le" pos="X">le</wf>
         <wf lemma="plus" pos="ADV">plus</wf>
         <wf lemma="grand" pos="ADJ">grand</wf>
         <wf lemma="meneur" pos="NOUN">meneur</wf>
         <wf lemma="dans" pos="X">dans</wf>
         <wf lemma="le" pos="X">la</wf>
         <instance id="d000.s076.t000" lemma="région" pos="NOUN">région</instance>
         <wf lemma="," pos="X">,</wf>
         <wf lemma="mentionner" pos="VERB">mentionné</wf>
         <wf lemma="par" pos="X">par</wf>
         <wf lemma="@card@" pos="NOUN">19</wf>
         <wf lemma="%" pos="X">%</wf>
         <wf lemma="du" pos="X">des</wf>
         <instance id="d000.s076.t001" lemma="personne" pos="NOUN">personnes</instance>
         <wf lemma="interroger" pos="VERB">interrogées</wf>
         <wf lemma="(" pos="X">(</wf>
         <wf lemma="contre" pos="X">contre</wf>
         <wf lemma="@card@" pos="NOUN">18</wf>
         <wf lemma="%" pos="X">%</wf>
         <wf lemma="le" pos="X">l'</wf>
         <instance id="d000.s076.t002" lemma="an" pos="NOUN">an</instance>
         <wf lemma="dernier" pos="ADJ">dernier</wf>
         <wf lemma=")" pos="X">)</wf>
         <wf lemma="," pos="X">,</wf>
         <wf lemma="suivre" pos="VERB">suivie</wf>
         <wf lemma="par" pos="X">par</wf>
         <wf lemma="le" pos="X">les</wf>
         <instance id="d000.s076.t003" lemma="états-unis" pos="NOUN">Etats-Unis</instance>
         <wf lemma="(" pos="X">(</wf>
         <wf lemma="@card@" pos="NOUN">9</wf>
         <wf lemma="%" pos="X">%</wf>
         <wf lemma="," pos="X">,</wf>
         <wf lemma="inchangé" pos="ADJ">inchangé</wf>
         <wf lemma="par" pos="X">par</wf>
         <wf lemma="rapport" pos="X">rapport</wf>
         <wf lemma="à" pos="X">à</wf>
         <wf lemma="le" pos="X">l'</wf>
         <instance id="d000.s076.t004" lemma="an" pos="NOUN">an</instance>
         <wf lemma="dernier" pos="ADJ">dernier</wf>
         <wf lemma=")" pos="X">)</wf>
         <wf lemma="et" pos="X">et</wf>
         <wf lemma="le" pos="X">le</wf>
         <instance id="d000.s076.t005" lemma="Venezuela" pos="NOUN">Venezuela</instance>
         <wf lemma="(" pos="X">(</wf>
         <wf lemma="@card@" pos="NOUN">9</wf>
         <wf lemma="%" pos="X">%</wf>
         <wf lemma="," pos="X">,</wf>
         <wf lemma="en" pos="X">en</wf>
         <wf lemma="baisser" pos="VERB">baisse</wf>
         <wf lemma="de" pos="X">de</wf>
         <wf lemma="@card@" pos="NOUN">11</wf>
         <wf lemma="%" pos="X">%</wf>
         <wf lemma="depuis" pos="X">depuis</wf>
         <wf lemma="le" pos="X">l'</wf>
         <instance id="d000.s076.t006" lemma="an" pos="NOUN">an</instance>
         <wf lemma="dernier" pos="ADJ">dernier</wf>
         <wf lemma=")" pos="X">)</wf>
      </sentence>
      <sentence id="d000.s077" source="semeval2013-fr">
         <wf lemma="de" pos="X">De</wf>
         <wf lemma="plus" pos="ADV">plus</wf>
         <wf lemma="," pos="X">,</wf>
         <wf lemma="le" pos="X">la</wf>
         <wf lemma="grand" pos="ADJ">grande</wf>
         <wf lemma="habileté" pos="NOUN">habileté</wf>
         <wf lemma="depuis" pos="X">depuis</wf>
         <wf lemma="le" pos="X">le</wf>
         <wf lemma="périmètre" pos="NOUN">périmètre</wf>
         <wf lemma="," pos="X">,</wf>
         <wf lemma="avec" pos="X">avec</wf>
         <wf lemma="@card@" pos="NOUN">16</wf>
         <wf lemma="panier" pos="NOUN">paniers</wf>
         <wf lemma="à" pos="X">à</wf>
         <wf lemma="trois" pos="NOUN">trois</wf>
         <instance id="d000.s077.t000" lemma="point" pos="NOUN">points</instance>
         <wf lemma="marquer" pos="VERB">marqués</wf>
         <wf lemma="," pos="X">,</wf>
         <wf lemma="déterminer" pos="VERB">détermina</wf>
         <wf lemma="largement" pos="ADV">largement</wf>
         <wf lemma="le" pos="X">la</wf>
         <instance id="d000.s077.t001" lemma="victoire" pos="NOUN">victoire</instance>
         <wf lemma="final" pos="ADJ">finale</wf>
         <wf lemma="." pos="X">.</wf>
      </sentence>
      <sentence id="d000.s078" source="semeval2013-fr">
         <wf lemma="le" pos="X">Le</wf>
         <wf lemma="régulateur" pos="ADJ">régulateur</wf>
         <wf lemma="avoir" pos="VERB">a</wf>
         <wf lemma="aussi" pos="ADV">aussi</wf>
         <wf lemma="prendre" pos="VERB">pris</wf>
         <wf lemma="de" pos="X">d'</wf>
         <wf lemma="autre" pos="ADJ">autres</wf>
         <wf lemma="grand" pos="ADJ">grandes</wf>
         <instance id="d000.s078.t000" lemma="banque" pos="NOUN">banques</instance>
         <wf lemma="à" pos="X">à</wf>
         <wf lemma="partie" pos="NOUN">partie</wf>
         <wf lemma="et" pos="X">et</wf>
         <wf lemma="en" pos="X">en</wf>
         <instance id="d000.s078.t001" lemma="été" pos="NOUN">été</instance>
         <wf lemma="il" pos="X">il</wf>
         <wf lemma="avoir" pos="VERB">a</wf>
         <wf lemma="assigner" pos="VERB">assigné</wf>
         <wf lemma="devant" pos="X">devant</wf>
         <wf lemma="le" pos="X">la</wf>
         <wf lemma="Cour" pos="NOUN">Cour</wf>
         <wf lemma="jp_morgan_chase" pos="NOUN">JP_Morgan_Chase</wf>
         <wf lemma="," pos="X">,</wf>
         <wf lemma="le" pos="X">la</wf>
         <wf lemma="royal_bank_of_scotland" pos="NOUN">Royal_Bank_of_Scotland</wf>
         <wf lemma="et" pos="X">et</wf>
         <wf lemma="goldman_sachs" pos="NOUN">Goldman_Sachs</wf>
         <wf lemma="." pos="X">.</wf>
      </sentence>
      <sentence id="d000.s079" source="semeval2013-fr">
         <wf lemma="le" pos="X">La</wf>
         <wf lemma="deutsche_bank" pos="NOUN">Deutsche_Bank</wf>
         <wf lemma="avoir" pos="VERB">avait</wf>
         <wf lemma="rejeter" pos="VERB">rejeté</wf>
         <wf lemma="le" pos="X">les</wf>
         <instance id="d000.s079.t000" lemma="demande" pos="NOUN">demandes</instance>
         <wf lemma="comme" pos="ADV">comme</wf>
         <wf lemma="être" pos="VERB">étant</wf>
         <wf lemma="injustifié" pos="ADJ">injustifiées</wf>
         <wf lemma="et" pos="X">et</wf>
         <wf lemma="déclarer" pos="VERB">déclare</wf>
         <wf lemma="vouloir" pos="VERB">vouloir</wf>
         <wf lemma="se" pos="X">se</wf>
         <wf lemma="défendre" pos="VERB">défendre</wf>
         <wf lemma="." pos="X">.</wf>
      </sentence>
      <sentence id="d000.s080" source="semeval2013-fr">
         <wf lemma="le" pos="X">Les</wf>
         <instance id="d000.s080.t000" lemma="société" pos="NOUN">sociétés</instance>
         <wf lemma="américain" pos="ADJ">américaines</wf>
         <wf lemma="être" pos="VERB">étaient</wf>
         <wf lemma="," pos="X">,</wf>
         <wf lemma="dans" pos="X">dans</wf>
         <wf lemma="certain" pos="X">certains</wf>
         <instance id="d000.s080.t001" lemma="cas" pos="NOUN">cas</instance>
         <wf lemma="," pos="X">,</wf>
         <wf lemma="désavantager" pos="VERB">désavantagées</wf>
         <wf lemma="en" pos="X">en</wf>
         <wf lemma="raison" pos="NOUN">raison</wf>
         <wf lemma="de" pos="X">de</wf>
         <wf lemma="leur" pos="X">leurs</wf>
         <instance id="d000.s080.t002" lemma="rival" pos="NOUN">rivaux</instance>
         <wf lemma="," pos="X">,</wf>
         <wf lemma="en" pos="X">en</wf>
         <wf lemma="particulier" pos="ADJ">particulier</wf>
         <wf lemma="le" pos="X">les</wf>
         <wf lemma="Chinois" pos="NOUN">Chinois</wf>
         <wf lemma="et" pos="X">et</wf>
         <wf lemma="le" pos="X">les</wf>
         <wf lemma="autre" pos="ADJ">autres</wf>
         <instance id="d000.s080.t003" lemma="société" pos="NOUN">sociétés</instance>
         <wf lemma="énergétique" pos="ADJ">énergétiques</wf>
         <wf lemma="contrôler" pos="VERB">contrôlées</wf>
         <wf lemma="par" pos="X">par</wf>
         <wf lemma="un" pos="X">un</wf>
         <instance id="d000.s080.t004" lemma="gouvernement" pos="NOUN">gouvernement</instance>
         <wf lemma="," pos="X">,</wf>
         <wf lemma="dont" pos="X">dont</wf>
         <wf lemma="le" pos="X">les</wf>
         <instance id="d000.s080.t005" lemma="coût" pos="NOUN">coûts</instance>
         <wf lemma="de" pos="X">de</wf>
         <instance id="d000.s080.t006" lemma="main_d'oeuvre" pos="NOUN">main_d'oeuvre</instance>
         <wf lemma="être" pos="VERB">étaient</wf>
         <wf lemma="notablement" pos="ADV">notablement</wf>
         <wf lemma="inférieur" pos="ADJ">inférieurs</wf>
         <wf lemma="et" pos="X">et</wf>
         <wf lemma="qui" pos="X">qui</wf>
         <wf lemma="être" pos="VERB">étaient</wf>
         <wf lemma="davantage" pos="ADV">davantage</wf>
         <wf lemma="prêt" pos="ADJ">prêtes</wf>
         <wf lemma="à" pos="X">à</wf>
         <wf lemma="prendre" pos="VERB">prendre</wf>
         <wf lemma="du" pos="X">des</wf>
         <instance id="d000.s080.t007" lemma="risque" pos="NOUN">risques</instance>
         <wf lemma="car" pos="X">car</wf>
         <wf lemma="elle" pos="X">elles</wf>
         <wf lemma="ne" pos="ADV">n'</wf>
         <wf lemma="avoir" pos="VERB">avaient</wf>
         <wf lemma="pas" pos="ADV">pas</wf>
         <wf lemma="à" pos="X">à</wf>
         <wf lemma="rendre" pos="VERB">rendre</wf>
         <wf lemma="compte" pos="NOUN">compte</wf>
         <wf lemma="à" pos="X">à</wf>
         <wf lemma="du" pos="X">des</wf>
         <instance id="d000.s080.t008" lemma="actionnaire" pos="NOUN">actionnaires</instance>
         <wf lemma="." pos="X">.</wf>
      </sentence>
      <sentence id="d000.s081" source="semeval2013-fr">
         <wf lemma="&quot;" pos="X">&quot;</wf>
         <wf lemma="mais" pos="X">Mais</wf>
         <wf lemma="le" pos="X">l'</wf>
         <instance id="d000.s081.t000" lemma="arsenic" pos="NOUN">arsenic</instance>
         <wf lemma="être" pos="VERB">est</wf>
         <wf lemma="suffisamment" pos="ADV">suffisamment</wf>
         <wf lemma="différent" pos="ADJ">différent</wf>
         <wf lemma="pour" pos="X">pour</wf>
         <wf lemma="que" pos="X">qu'</wf>
         <wf lemma="il" pos="X">il</wf>
         <wf lemma="ne" pos="ADV">ne</wf>
         <wf lemma="fonctionner" pos="VERB">fonctionne</wf>
         <wf lemma="pas" pos="ADV">pas</wf>
         <wf lemma="exactement" pos="ADV">exactement</wf>
         <wf lemma="comme" pos="ADV">comme</wf>
         <wf lemma="le" pos="X">le</wf>
         <instance id="d000.s081.t001" lemma="phosphore" pos="NOUN">phosphore</instance>
         <wf lemma=";" pos="X">;</wf>
         <wf lemma="il" pos="X">il</wf>
         <wf lemma="pénétrer" pos="VERB">pénètre</wf>
         <wf lemma="à" pos="X">à</wf>
         <wf lemma="le" pos="X">l'</wf>
         <instance id="d000.s081.t002" lemma="intérieur" pos="NOUN">intérieur</instance>
         <wf lemma="et" pos="X">et</wf>
         <wf lemma="," pos="X">,</wf>
         <wf lemma="en" pos="X">en</wf>
         <wf lemma="quelque" pos="X">quelque</wf>
         <wf lemma="sorte" pos="NOUN">sorte</wf>
         <wf lemma="," pos="X">,</wf>
         <wf lemma="gommer" pos="VERB">gomme</wf>
         <wf lemma="le" pos="X">l'</wf>
         <wf lemma="œuvre" pos="NOUN">œuvre</wf>
         <wf lemma="de" pos="X">de</wf>
         <wf lemma="notre" pos="X">notre</wf>
         <instance id="d000.s081.t003" lemma="machine" pos="NOUN">machine</instance>
         <wf lemma="biochimique" pos="ADJ">biochimique</wf>
         <wf lemma="&quot;" pos="X">&quot;</wf>
         <wf lemma="," pos="X">,</wf>
         <wf lemma="avoir" pos="VERB">a</wf>
         <wf lemma="expliquer" pos="VERB">expliqué</wf>
         <wf lemma="Anbar" pos="NOUN">Anbar</wf>
         <wf lemma="." pos="X">.</wf>
      </sentence>
      <sentence id="d000.s082" source="semeval2013-fr">
         <wf lemma="de" pos="X">De</wf>
         <wf lemma="le" pos="X">la</wf>
         <wf lemma="même" pos="ADJ">même</wf>
         <instance id="d000.s082.t000" lemma="façon" pos="NOUN">façon</instance>
         <wf lemma="que" pos="X">qu'</wf>
         <wf lemma="un" pos="X">un</wf>
         <instance id="d000.s082.t001" lemma="chirurgien" pos="NOUN">chirurgien</instance>
         <wf lemma="avoir" pos="VERB">aura</wf>
         <wf lemma="du" pos="X">du</wf>
         <instance id="d000.s082.t002" lemma="mal" pos="NOUN">mal</instance>
         <wf lemma="à" pos="X">à</wf>
         <wf lemma="travailler" pos="VERB">travailler</wf>
         <wf lemma="dans" pos="X">dans</wf>
         <wf lemma="un" pos="X">un</wf>
         <instance id="d000.s082.t003" lemma="pays" pos="NOUN">pays</instance>
         <wf lemma="qui" pos="X">qui</wf>
         <wf lemma="connaître" pos="VERB">connaît</wf>
         <wf lemma="un" pos="X">une</wf>
         <instance id="d000.s082.t004" lemma="pénurie" pos="NOUN">pénurie</instance>
         <wf lemma="de" pos="X">d'</wf>
         <instance id="d000.s082.t005" lemma="anesthésiste" pos="NOUN">anesthésistes</instance>
         <wf lemma="," pos="X">,</wf>
         <wf lemma="ce" pos="X">ces</wf>
         <wf lemma="complémentarité" pos="NOUN">complémentarités</wf>
         <wf lemma="entre" pos="X">entre</wf>
         <wf lemma="national" pos="NOUN">nationaux</wf>
         <wf lemma="et" pos="X">et</wf>
         <wf lemma="migrant" pos="NOUN">migrants</wf>
         <wf lemma="faire" pos="VERB">font</wf>
         <wf lemma="que" pos="X">que</wf>
         <wf lemma="le" pos="X">les</wf>
         <wf lemma="arrivé" pos="NOUN">arrivées</wf>
         <wf lemma="de" pos="X">d'</wf>
         <instance id="d000.s082.t006" lemma="immigrant" pos="NOUN">immigrants</instance>
         <wf lemma="avoir" pos="VERB">ont</wf>
         <wf lemma="un" pos="X">un</wf>
         <instance id="d000.s082.t007" lemma="effet" pos="NOUN">effet</instance>
         <wf lemma="positif" pos="ADJ">positif</wf>
         <wf lemma="sur" pos="X">sur</wf>
         <wf lemma="le" pos="X">les</wf>
         <instance id="d000.s082.t008" lemma="salaire" pos="NOUN">salaires</instance>
         <wf lemma="et" pos="X">et</wf>
         <wf lemma="le" pos="X">l'</wf>
         <instance id="d000.s082.t009" lemma="emploi" pos="NOUN">emploi</instance>
         <wf lemma="du" pos="X">des</wf>
         <wf lemma="national" pos="NOUN">nationaux</wf>
         <wf lemma="." pos="X">.</wf>
      </sentence>
      <sentence id="d000.s083" source="semeval2013-fr">
         <wf lemma="le" pos="X">La</wf>
         <instance id="d000.s083.t000" lemma="confiance" pos="NOUN">confiance</instance>
         <wf lemma="du" pos="X">des</wf>
         <instance id="d000.s083.t001" lemma="consommateur" pos="NOUN">consommateurs</instance>
         <wf lemma="américain" pos="ADJ">américains</wf>
         <wf lemma="se" pos="X">s'</wf>
         <wf lemma="être" pos="VERB">est</wf>
         <wf lemma="en" pos="X">en</wf>
         <wf lemma="outre" pos="ADV">outre</wf>
         <wf lemma="nettement" pos="ADV">nettement</wf>
         <wf lemma="redresser" pos="VERB">redressée</wf>
         <wf lemma="en" pos="X">en</wf>
         <instance id="d000.s083.t002" lemma="décembre" pos="NOUN">décembre</instance>
         <wf lemma="," pos="X">,</wf>
         <wf lemma="à" pos="X">à</wf>
         <wf lemma="@card@" pos="NOUN">73,4</wf>
         <wf lemma="contre" pos="X">contre</wf>
         <wf lemma="@card@" pos="NOUN">67,4</wf>
         <wf lemma="le" pos="X">le</wf>
         <instance id="d000.s083.t003" lemma="mois" pos="NOUN">mois</instance>
         <wf lemma="précédent" pos="ADJ">précédent</wf>
         <wf lemma="," pos="X">,</wf>
         <wf lemma="selon" pos="X">selon</wf>
         <wf lemma="le" pos="X">l'</wf>
         <instance id="d000.s083.t004" lemma="estimation" pos="NOUN">estimation</instance>
         <wf lemma="préliminaire" pos="ADJ">préliminaire</wf>
         <wf lemma="de" pos="X">de</wf>
         <wf lemma="le" pos="X">l'</wf>
         <instance id="d000.s083.t005" lemma="indice" pos="NOUN">indice</instance>
         <wf lemma="de" pos="X">de</wf>
         <wf lemma="le" pos="X">l'</wf>
         <instance id="d000.s083.t006" lemma="université_du_michigan" pos="NOUN">Université_du_Michigan</instance>
         <wf lemma="." pos="X">.</wf>
      </sentence>
      <sentence id="d000.s084" source="semeval2013-fr">
         <wf lemma="le" pos="X">L'</wf>
         <instance id="d000.s084.t000" lemma="arsenic" pos="NOUN">arsenic</instance>
         <wf lemma="être" pos="VERB">était</wf>
         <wf lemma="plus" pos="ADV">plus</wf>
         <wf lemma="fréquent" pos="ADJ">fréquent</wf>
         <wf lemma="au" pos="X">au</wf>
         <instance id="d000.s084.t001" lemma="début" pos="NOUN">début</instance>
         <wf lemma="de" pos="X">de</wf>
         <wf lemma="le" pos="X">l'</wf>
         <instance id="d000.s084.t002" lemma="existence" pos="NOUN">existence</instance>
         <wf lemma="de" pos="X">de</wf>
         <wf lemma="le" pos="X">la</wf>
         <instance id="d000.s084.t003" lemma="terre" pos="NOUN">Terre</instance>
         <wf lemma="," pos="X">,</wf>
         <wf lemma="dit-elle" pos="NOUN">dit-elle</wf>
         <wf lemma=";" pos="X">;</wf>
         <wf lemma="ainsi" pos="ADV">ainsi</wf>
         <wf lemma="," pos="X">,</wf>
         <wf lemma="le" pos="X">les</wf>
         <instance id="d000.s084.t004" lemma="chercheur" pos="NOUN">chercheurs</instance>
         <wf lemma="avoir" pos="VERB">ont</wf>
         <wf lemma="émettre" pos="VERB">émis</wf>
         <wf lemma="le" pos="X">l'</wf>
         <instance id="d000.s084.t005" lemma="hypothèse" pos="NOUN">hypothèse</instance>
         <wf lemma="que" pos="X">que</wf>
         <wf lemma="le" pos="X">les</wf>
         <wf lemma="premier" pos="NOUN">premières</wf>
         <instance id="d000.s084.t006" lemma="forme_de_vie" pos="NOUN">formes_de_vie</instance>
         <wf lemma="avoir" pos="VERB">aurait</wf>
         <wf lemma="pouvoir" pos="VERB">pu</wf>
         <wf lemma="la" pos="X">l'</wf>
         <wf lemma="utiliser" pos="VERB">utiliser</wf>
         <wf lemma="." pos="X">.</wf>
      </sentence>
      <sentence id="d000.s085" source="semeval2013-fr">
         <wf lemma="le" pos="X">Le</wf>
         <wf lemma="régulateur" pos="NOUN">régulateur</wf>
         <wf lemma="du" pos="X">des</wf>
         <instance id="d000.s085.t000" lemma="marché_financier" pos="NOUN">marchés_financiers</instance>
         <wf lemma="NCUA" pos="VERB">NCUA</wf>
         <wf lemma="porte" pos="ADJ">porte</wf>
         <wf lemma="au" pos="X">aux</wf>
         <wf lemma="grand" pos="ADJ">grandes</wf>
         <instance id="d000.s085.t001" lemma="banque" pos="NOUN">banques</instance>
         <wf lemma="tout" pos="X">toute</wf>
         <wf lemma="un" pos="X">une</wf>
         <instance id="d000.s085.t002" lemma="série" pos="NOUN">série</instance>
         <wf lemma="de" pos="X">d'</wf>
         <wf lemma="accusation" pos="NOUN">accusations</wf>
         <wf lemma="," pos="X">,</wf>
         <wf lemma="et" pos="X">et</wf>
         <wf lemma="ce" pos="X">ce</wf>
         <wf lemma="de" pos="X">d'</wf>
         <wf lemma="avoir" pos="VERB">avoir</wf>
         <wf lemma="inciter" pos="VERB">inciter</wf>
         <wf lemma="le" pos="X">les</wf>
         <instance id="d000.s085.t003" lemma="banque_coopérative" pos="NOUN">banques_coopératives</instance>
         <wf lemma="à" pos="X">à</wf>
         <wf lemma="faire" pos="VERB">faire</wf>
         <wf lemma="de" pos="X">de</wf>
         <wf lemma="faux" pos="ADJ">fausses</wf>
         <instance id="d000.s085.t004" lemma="promesse" pos="NOUN">promesses</instance>
         <wf lemma="concerner" pos="VERB">concernant</wf>
         <wf lemma="le" pos="X">l'</wf>
         <instance id="d000.s085.t005" lemma="achat" pos="NOUN">achat</instance>
         <wf lemma="de" pos="X">de</wf>
         <instance id="d000.s085.t006" lemma="produit" pos="NOUN">produits</instance>
         <wf lemma="financier" pos="ADJ">financiers</wf>
         <wf lemma=";" pos="X">;</wf>
         <wf lemma="elle" pos="X">elles</wf>
         <wf lemma="avoir" pos="VERB">auraient</wf>
         <wf lemma="minimiser" pos="VERB">minimisé</wf>
         <wf lemma="le" pos="X">les</wf>
         <instance id="d000.s085.t007" lemma="risque" pos="NOUN">risques</instance>
         <wf lemma="." pos="X">.</wf>
      </sentence>
      <sentence id="d000.s086" source="semeval2013-fr">
         <wf lemma="finalement" pos="ADV">Finalement</wf>
         <wf lemma="," pos="X">,</wf>
         <wf lemma="le" pos="X">le</wf>
         <instance id="d000.s086.t000" lemma="comité" pos="NOUN">comité</instance>
         <wf lemma="de" pos="X">de</wf>
         <instance id="d000.s086.t001" lemma="discipline" pos="NOUN">discipline</instance>
         <wf lemma="de" pos="X">d'</wf>
         <wf lemma="UEFA" pos="NOUN">UEFA</wf>
         <wf lemma="avoir" pos="VERB">a</wf>
         <wf lemma="sanctionner" pos="VERB">sanctionné</wf>
         <wf lemma="avec" pos="X">avec</wf>
         <wf lemma="deux" pos="NOUN">deux</wf>
         <wf lemma="match" pos="NOUN">matchs</wf>
         <wf lemma="le" pos="X">l'</wf>
         <instance id="d000.s086.t002" lemma="entraîneur" pos="NOUN">entraîneur</instance>
         <wf lemma="de" pos="X">de</wf>
         <wf lemma="le" pos="X">l'</wf>
         <instance id="d000.s086.t003" lemma="équipe" pos="NOUN">équipe</instance>
         <wf lemma="," pos="X">,</wf>
         <wf lemma="josé_mourinho" pos="NOUN">José_Mourinho</wf>
         <wf lemma="et" pos="X">et</wf>
         <wf lemma="de" pos="X">de</wf>
         <wf lemma="différent" pos="ADJ">différentes</wf>
         <instance id="d000.s086.t004" lemma="somme" pos="NOUN">sommes</instance>
         <wf lemma="économique" pos="ADJ">économiques</wf>
         <wf lemma="au" pos="X">aux</wf>
         <instance id="d000.s086.t005" lemma="joueur" pos="NOUN">joueurs</instance>
         <wf lemma="impliquer" pos="VERB">impliqués</wf>
         <wf lemma="." pos="X">.</wf>
      </sentence>
      <sentence id="d000.s087" source="semeval2013-fr">
         <wf lemma="cependant" pos="ADV">Cependant</wf>
         <wf lemma="," pos="X">,</wf>
         <wf lemma="le" pos="X">le</wf>
         <instance id="d000.s087.t000" lemma="fait" pos="NOUN">fait</instance>
         <wf lemma="paradoxal" pos="ADJ">paradoxale</wf>
         <wf lemma="de" pos="X">de</wf>
         <wf lemma="le" pos="X">l'</wf>
         <instance id="d000.s087.t001" lemma="action" pos="NOUN">action</instance>
         <wf lemma="du" pos="X">des</wf>
         <wf lemma="joueur" pos="NOUN">joueurs</wf>
         <wf lemma="du" pos="X">du</wf>
         <wf lemma="real_madrid" pos="NOUN">Real_Madrid</wf>
         <wf lemma="être" pos="VERB">est</wf>
         <wf lemma="que" pos="X">qu'</wf>
         <wf lemma="elle" pos="X">elle</wf>
         <wf lemma="ne" pos="ADV">ne</wf>
         <wf lemma="se" pos="X">s'</wf>
         <wf lemma="accommoder" pos="VERB">accommode</wf>
         <wf lemma="pas" pos="ADV">pas</wf>
         <wf lemma="à" pos="X">à</wf>
         <wf lemma="ce" pos="X">ce</wf>
         <wf lemma="que" pos="X">que</wf>
         <wf lemma="le" pos="X">l'</wf>
         <wf lemma="on" pos="X">on</wf>
         <wf lemma="caractériser" pos="VERB">caractérise</wf>
         <wf lemma="normalement" pos="ADV">normalement</wf>
         <wf lemma="comme" pos="ADV">comme</wf>
         <instance id="d000.s087.t002" lemma="tricherie" pos="NOUN">tricherie</instance>
         <wf lemma="o" pos="VERB">o</wf>
         <instance id="d000.s087.t003" lemma="fraude" pos="NOUN">fraude</instance>
         <wf lemma="de" pos="X">de</wf>
         <wf lemma="le" pos="X">la</wf>
         <instance id="d000.s087.t004" lemma="loi" pos="NOUN">loi</instance>
         <wf lemma="," pos="X">,</wf>
         <wf lemma="car" pos="X">car</wf>
         <wf lemma="son" pos="X">sa</wf>
         <instance id="d000.s087.t005" lemma="violation" pos="NOUN">violation</instance>
         <wf lemma="du" pos="X">des</wf>
         <instance id="d000.s087.t006" lemma="règle" pos="NOUN">règles</instance>
         <wf lemma="ne" pos="ADV">n'</wf>
         <wf lemma="avoir" pos="VERB">a</wf>
         <wf lemma="pas" pos="ADV">pas</wf>
         <wf lemma="être" pos="VERB">été</wf>
         <wf lemma="réaliser" pos="VERB">réalisée</wf>
         <wf lemma="en" pos="X">en</wf>
         <instance id="d000.s087.t007" lemma="cachette" pos="NOUN">cachette</instance>
         <wf lemma="pour" pos="X">pour</wf>
         <wf lemma="essayer" pos="VERB">essayer</wf>
         <wf lemma="de" pos="X">d'</wf>
         <wf lemma="éviter" pos="VERB">éviter</wf>
         <wf lemma="le" pos="X">la</wf>
         <wf lemma="sanction" pos="NOUN">sanction</wf>
         <wf lemma="," pos="X">,</wf>
         <wf lemma="mais" pos="X">mais</wf>
         <wf lemma="leur" pos="X">leur</wf>
         <instance id="d000.s087.t008" lemma="action" pos="NOUN">action</instance>
         <wf lemma="avoir" pos="VERB">a</wf>
         <wf lemma="précisément" pos="ADV">précisément</wf>
         <wf lemma="essayer" pos="VERB">essayé</wf>
         <wf lemma="de" pos="X">d'</wf>
         <wf lemma="être" pos="VERB">être</wf>
         <wf lemma="le" pos="X">le</wf>
         <wf lemma="plus" pos="ADV">plus</wf>
         <wf lemma="évident" pos="ADJ">évidente</wf>
         <wf lemma="possible" pos="ADJ">possible</wf>
         <wf lemma="pour" pos="X">pour</wf>
         <wf lemma="recevoir" pos="VERB">recevoir</wf>
         <wf lemma="le" pos="X">la</wf>
         <instance id="d000.s087.t009" lemma="pénalisation" pos="NOUN">pénalisation</instance>
         <wf lemma="de" pos="X">de</wf>
         <wf lemma="le" pos="X">l'</wf>
         <wf lemma="arbitre" pos="NOUN">arbitre</wf>
         <wf lemma="." pos="X">.</wf>
      </sentence>
      <sentence id="d000.s088" source="semeval2013-fr">
         <wf lemma="il" pos="X">Il</wf>
         <wf lemma="avoir" pos="VERB">a</wf>
         <wf lemma="également" pos="ADV">également</wf>
         <wf lemma="augmenter" pos="VERB">augmenté</wf>
         <wf lemma="au" pos="X">au</wf>
         <wf lemma="Mexique" pos="NOUN">Mexique</wf>
         <wf lemma="," pos="X">,</wf>
         <wf lemma="où" pos="X">où</wf>
         <wf lemma="le" pos="X">l'</wf>
         <instance id="d000.s088.t000" lemma="économie" pos="NOUN">économie</instance>
         <wf lemma="se" pos="X">s'</wf>
         <wf lemma="être" pos="VERB">est</wf>
         <wf lemma="redresser" pos="VERB">redressée</wf>
         <wf lemma="après" pos="X">après</wf>
         <wf lemma="avoir" pos="VERB">avoir</wf>
         <wf lemma="subir" pos="VERB">subi</wf>
         <wf lemma="un" pos="X">une</wf>
         <wf lemma="fort" pos="ADJ">forte</wf>
         <wf lemma="baisse" pos="NOUN">baisse</wf>
         <wf lemma="de" pos="X">de</wf>
         <wf lemma="le" pos="X">la</wf>
         <instance id="d000.s088.t001" lemma="production" pos="NOUN">production</instance>
         <wf lemma="le" pos="X">l'</wf>
         <instance id="d000.s088.t002" lemma="an" pos="NOUN">an</instance>
         <wf lemma="dernier" pos="ADJ">dernier</wf>
         <wf lemma="." pos="X">.</wf>
      </sentence>
      <sentence id="d000.s089" source="semeval2013-fr">
         <wf lemma="le" pos="X">La</wf>
         <instance id="d000.s089.t000" lemma="chaine_de_télévision" pos="NOUN">chaine_de_télévision</instance>
         <wf lemma="américain" pos="ADJ">américaine</wf>
         <wf lemma="CNBC" pos="NOUN">CNBC</wf>
         <wf lemma="avoir" pos="VERB">a</wf>
         <wf lemma="faire" pos="VERB">fait</wf>
         <wf lemma="savoir" pos="VERB">savoir</wf>
         <wf lemma="lors" pos="ADV">lors</wf>
         <wf lemma="de" pos="X">d'</wf>
         <wf lemma="un" pos="X">un</wf>
         <instance id="d000.s089.t001" lemma="reportage" pos="NOUN">reportage</instance>
         <wf lemma="que" pos="X">que</wf>
         <wf lemma="Citigroup" pos="NOUN">Citigroup</wf>
         <wf lemma="envisager" pos="VERB">envisageait</wf>
         <wf lemma="également" pos="ADV">également</wf>
         <wf lemma="de" pos="X">de</wf>
         <wf lemma="rembourser" pos="VERB">rembourser</wf>
         <wf lemma="le" pos="X">l'</wf>
         <instance id="d000.s089.t002" lemma="aide" pos="NOUN">aide</instance>
         <wf lemma="reçu" pos="ADJ">reçue</wf>
         <wf lemma="." pos="X">.</wf>
      </sentence>
      <sentence id="d000.s090" source="semeval2013-fr">
         <wf lemma="le" pos="X">Les</wf>
         <instance id="d000.s090.t000" lemma="ruse" pos="NOUN">ruses</instance>
         <wf lemma="similaire" pos="ADJ">similaires</wf>
         <wf lemma="à" pos="X">à</wf>
         <wf lemma="celui" pos="X">celle</wf>
         <wf lemma="de" pos="X">d'</wf>
         <wf lemma="Alonso" pos="NOUN">Alonso</wf>
         <wf lemma="et" pos="X">et</wf>
         <wf lemma="Ramos" pos="NOUN">Ramos</wf>
         <wf lemma="contre" pos="X">contre</wf>
         <wf lemma="Ajax" pos="NOUN">Ajax</wf>
         <wf lemma="démontrer" pos="VERB">démontrent</wf>
         <wf lemma="le" pos="X">l'</wf>
         <instance id="d000.s090.t001" lemma="ingéniosité" pos="NOUN">ingéniosité</instance>
         <wf lemma="mais" pos="X">mais</wf>
         <wf lemma="non" pos="ADV">non</wf>
         <wf lemma="le" pos="X">la</wf>
         <instance id="d000.s090.t002" lemma="volonté" pos="NOUN">volonté</instance>
         <wf lemma="de" pos="X">d'</wf>
         <wf lemma="échapper" pos="VERB">échapper</wf>
         <wf lemma="à" pos="X">à</wf>
         <wf lemma="un" pos="X">une</wf>
         <wf lemma="sanction" pos="NOUN">sanction</wf>
         <wf lemma="." pos="X">.</wf>
      </sentence>
      <sentence id="d000.s091" source="semeval2013-fr">
         <wf lemma="le" pos="X">Le</wf>
         <instance id="d000.s091.t000" lemma="fait" pos="NOUN">fait</instance>
         <wf lemma="que" pos="X">que</wf>
         <wf lemma="le" pos="X">les</wf>
         <wf lemma="quatre" pos="NOUN">quatre</wf>
         <wf lemma="premier" pos="NOUN">premiers</wf>
         <wf lemma="panier" pos="NOUN">paniers</wf>
         <wf lemma="de" pos="X">de</wf>
         <wf lemma="l" pos="NOUN">l</wf>
         <wf lemma="’" pos="X">’</wf>
         <instance id="d000.s091.t001" lemma="équipe" pos="NOUN">équipe</instance>
         <wf lemma="de" pos="X">de</wf>
         <wf lemma="Vitoria" pos="NOUN">Vitoria</wf>
         <wf lemma="être" pos="VERB">soient</wf>
         <wf lemma="marquer" pos="VERB">marqués</wf>
         <wf lemma="depuis" pos="X">depuis</wf>
         <wf lemma="le" pos="X">le</wf>
         <wf lemma="périmètre" pos="NOUN">périmètre</wf>
         <wf lemma="," pos="X">,</wf>
         <wf lemma="laisser" pos="VERB">laissait</wf>
         <wf lemma="présager" pos="VERB">présager</wf>
         <wf lemma="qu" pos="VERB">qu</wf>
         <wf lemma="’" pos="X">’</wf>
         <wf lemma="il" pos="X">ils</wf>
         <wf lemma="avoir" pos="VERB">avaient</wf>
         <wf lemma="sauter" pos="VERB">sauté</wf>
         <wf lemma="sur" pos="X">sur</wf>
         <wf lemma="le" pos="X">le</wf>
         <instance id="d000.s091.t002" lemma="terrain" pos="NOUN">terrain</instance>
         <wf lemma="israélien" pos="ADJ">israélien</wf>
         <wf lemma="avec" pos="X">avec</wf>
         <wf lemma="le" pos="X">les</wf>
         <instance id="d000.s091.t003" lemma="poignet" pos="NOUN">poignets</instance>
         <wf lemma="chaud" pos="ADJ">chauds</wf>
         <wf lemma="." pos="X">.</wf>
      </sentence>
      <sentence id="d000.s092" source="semeval2013-fr">
         <wf lemma="le" pos="X">L'</wf>
         <wf lemma="alliance_des_petits_états_insulaires" pos="NOUN">Alliance_des_Petits_Etats_Insulaires</wf>
         <wf lemma="qui" pos="X">qui</wf>
         <wf lemma="réunir" pos="VERB">réunit</wf>
         <wf lemma="@card@" pos="NOUN">43</wf>
         <instance id="d000.s092.t000" lemma="membre" pos="NOUN">membres</instance>
         <wf lemma="," pos="X">,</wf>
         <wf lemma="avoir" pos="VERB">a</wf>
         <wf lemma="rédiger" pos="VERB">rédigé</wf>
         <wf lemma="un" pos="X">une</wf>
         <instance id="d000.s092.t001" lemma="proposition" pos="NOUN">proposition</instance>
         <wf lemma="de" pos="X">de</wf>
         <instance id="d000.s092.t002" lemma="traité" pos="NOUN">traité</instance>
         <wf lemma="de" pos="X">de</wf>
         <wf lemma="@card@" pos="NOUN">24</wf>
         <instance id="d000.s092.t003" lemma="page" pos="NOUN">pages</instance>
         <wf lemma="," pos="X">,</wf>
         <wf lemma="tôt" pos="ADV">tôt</wf>
         <instance id="d000.s092.t004" lemma="vendredi" pos="NOUN">vendredi</instance>
         <instance id="d000.s092.t005" lemma="matin" pos="NOUN">matin</instance>
         <wf lemma="." pos="X">.</wf>
      </sentence>
      <sentence id="d000.s093" source="semeval2013-fr">
         <wf lemma="le" pos="X">La</wf>
         <wf lemma="Chinese" pos="NOUN">Chinese</wf>
         <wf lemma="National" pos="NOUN">National</wf>
         <wf lemma="Petroleum" pos="NOUN">Petroleum</wf>
         <wf lemma="Corp" pos="NOUN">Corp</wf>
         <wf lemma="." pos="X">.</wf>
         <wf lemma="," pos="X">,</wf>
         <wf lemma="détenir" pos="VERB">détenue</wf>
         <wf lemma="par" pos="X">par</wf>
         <wf lemma="le" pos="X">l'</wf>
         <wf lemma="Etat" pos="NOUN">Etat</wf>
         <wf lemma="," pos="X">,</wf>
         <wf lemma="avoir" pos="VERB">a</wf>
         <wf lemma="plus" pos="ADV">plus</wf>
         <wf lemma="enchérir" pos="VERB">enchéri</wf>
         <wf lemma="sur" pos="X">sur</wf>
         <wf lemma="du" pos="X">des</wf>
         <instance id="d000.s093.t000" lemma="contrat" pos="NOUN">contrats</instance>
         <wf lemma="que" pos="X">que</wf>
         <wf lemma="de" pos="X">d'</wf>
         <wf lemma="autre" pos="ADJ">autres</wf>
         <instance id="d000.s093.t001" lemma="société" pos="NOUN">sociétés</instance>
         <wf lemma="et" pos="X">et</wf>
         <wf lemma="être" pos="VERB">est</wf>
         <wf lemma="repartir" pos="VERB">repartie</wf>
         <wf lemma="avec" pos="X">avec</wf>
         <wf lemma="du" pos="X">des</wf>
         <instance id="d000.s093.t002" lemma="participation" pos="NOUN">participations</instance>
         <wf lemma="important" pos="ADJ">importantes</wf>
         <wf lemma="dans" pos="X">dans</wf>
         <wf lemma="du" pos="X">des</wf>
         <instance id="d000.s093.t003" lemma="contrat" pos="NOUN">contrats</instance>
         <wf lemma="pour" pos="X">pour</wf>
         <wf lemma="deux" pos="NOUN">deux</wf>
         <wf lemma="champ" pos="NOUN">champs</wf>
         <wf lemma="principal" pos="ADJ">principaux</wf>
         <wf lemma="." pos="X">.</wf>
      </sentence>
      <sentence id="d000.s094" source="semeval2013-fr">
         <wf lemma="le" pos="X">La</wf>
         <wf lemma="seul" pos="ADJ">seule</wf>
         <wf lemma="qui" pos="X">qui</wf>
         <wf lemma="avoir" pos="VERB">avait</wf>
         <wf lemma="mettre" pos="VERB">mis</wf>
         <wf lemma="un" pos="X">une</wf>
         <instance id="d000.s094.t000" lemma="enchère" pos="NOUN">enchère</instance>
         <wf lemma="avoir" pos="VERB">a</wf>
         <wf lemma="perdre" pos="VERB">perdu</wf>
         <wf lemma="." pos="X">.</wf>
      </sentence>
      <sentence id="d000.s095" source="semeval2013-fr">
         <wf lemma="le" pos="X">La</wf>
         <instance id="d000.s095.t000" lemma="banque" pos="NOUN">banque</instance>
         <wf lemma="américain" pos="ADJ">américaine</wf>
         <wf lemma="pouvoir" pos="VERB">pourrait</wf>
         <wf lemma="ainsi" pos="ADV">ainsi</wf>
         <wf lemma="lancer" pos="VERB">lancer</wf>
         <wf lemma="dès" pos="X">dès</wf>
         <instance id="d000.s095.t001" lemma="jeudi" pos="NOUN">jeudi</instance>
         <wf lemma="un" pos="X">une</wf>
         <instance id="d000.s095.t002" lemma="augmentation" pos="NOUN">augmentation</instance>
         <wf lemma="de" pos="X">de</wf>
         <instance id="d000.s095.t003" lemma="capital" pos="NOUN">capital</instance>
         <wf lemma="de" pos="X">de</wf>
         <wf lemma="@card@" pos="NOUN">20</wf>
         <instance id="d000.s095.t004" lemma="milliard" pos="NOUN">milliards</instance>
         <wf lemma="de" pos="X">de</wf>
         <instance id="d000.s095.t005" lemma="dollar" pos="NOUN">dollars</instance>
         <wf lemma="," pos="X">,</wf>
         <wf lemma="rapporter" pos="VERB">rapportait</wf>
         <wf lemma="le" pos="X">la</wf>
         <instance id="d000.s095.t006" lemma="chaîne" pos="NOUN">chaîne</instance>
         <wf lemma="CNBC" pos="NOUN">CNBC</wf>
         <wf lemma="citer" pos="VERB">citant</wf>
         <wf lemma="le" pos="X">les</wf>
         <wf lemma="milieu" pos="NOUN">milieux</wf>
         <wf lemma="bancaire" pos="ADJ">bancaires</wf>
         <wf lemma="." pos="X">.</wf>
      </sentence>
      <sentence id="d000.s096" source="semeval2013-fr">
         <wf lemma="ainsi" pos="ADV">Ainsi</wf>
         <wf lemma="," pos="X">,</wf>
         <wf lemma="et" pos="X">et</wf>
         <wf lemma="voir" pos="VERB">vu</wf>
         <wf lemma="que" pos="X">que</wf>
         <wf lemma="real_madrid" pos="NOUN">Real_Madrid</wf>
         <wf lemma="finir" pos="VERB">finira</wf>
         <wf lemma="par" pos="X">par</wf>
         <wf lemma="être" pos="VERB">être</wf>
         <instance id="d000.s096.t000" lemma="leader" pos="NOUN">leader</instance>
         <wf lemma="de" pos="X">de</wf>
         <wf lemma="son" pos="X">son</wf>
         <instance id="d000.s096.t001" lemma="groupe" pos="NOUN">groupe</instance>
         <wf lemma="," pos="X">,</wf>
         <wf lemma="le" pos="X">les</wf>
         <wf lemma="deux" pos="NOUN">deux</wf>
         <wf lemma="joueur" pos="NOUN">joueurs</wf>
         <wf lemma="accomplir" pos="VERB">accompliront</wf>
         <wf lemma="le" pos="X">la</wf>
         <wf lemma="sanction" pos="NOUN">sanction</wf>
         <wf lemma="réglementaire" pos="ADJ">réglementaire</wf>
         <wf lemma="pendant" pos="X">pendant</wf>
         <wf lemma="le" pos="X">le</wf>
         <wf lemma="match" pos="NOUN">match</wf>
         <wf lemma="prochain" pos="ADJ">prochain</wf>
         <wf lemma="du" pos="X">du</wf>
         <wf lemma="match" pos="NOUN">match</wf>
         <wf lemma="de" pos="X">de</wf>
         <wf lemma="barrage" pos="NOUN">barrage</wf>
         <wf lemma="contre" pos="X">contre</wf>
         <wf lemma="Auxerre" pos="NOUN">Auxerre</wf>
         <wf lemma="et" pos="X">et</wf>
         <wf lemma="pouvoir" pos="VERB">pourront</wf>
         <wf lemma="passer" pos="VERB">passer</wf>
         <wf lemma="sans" pos="X">sans</wf>
         <instance id="d000.s096.t002" lemma="carton" pos="NOUN">cartons</instance>
         <wf lemma="à" pos="X">à</wf>
         <wf lemma="le" pos="X">la</wf>
         <wf lemma="prochain" pos="ADJ">prochaine</wf>
         <instance id="d000.s096.t003" lemma="phase" pos="NOUN">phase</instance>
         <wf lemma="." pos="X">.</wf>
      </sentence>
      <sentence id="d000.s097" source="semeval2013-fr">
         <wf lemma="plus" pos="ADV">Plus</wf>
         <wf lemma="récemment" pos="ADV">récemment</wf>
         <wf lemma="," pos="X">,</wf>
         <wf lemma="ce" pos="X">c'</wf>
         <wf lemma="être" pos="VERB">est</wf>
         <wf lemma="le" pos="X">le</wf>
         <instance id="d000.s097.t000" lemma="harcèlement" pos="NOUN">harcèlement</instance>
         <wf lemma="administratif" pos="ADJ">administratif</wf>
         <wf lemma="dont" pos="X">dont</wf>
         <wf lemma="faire" pos="VERB">font</wf>
         <wf lemma="le" pos="X">l'</wf>
         <wf lemma="objet" pos="NOUN">objet</wf>
         <wf lemma="le" pos="X">les</wf>
         <instance id="d000.s097.t001" lemma="étudiant" pos="NOUN">étudiants</instance>
         <wf lemma="étranger" pos="ADJ">étrangers</wf>
         <wf lemma="qui" pos="X">qui</wf>
         <wf lemma="avoir" pos="VERB">a</wf>
         <wf lemma="faire" pos="VERB">fait</wf>
         <wf lemma="le" pos="X">l'</wf>
         <instance id="d000.s097.t002" lemma="actualité" pos="NOUN">actualité</instance>
         <wf lemma="," pos="X">,</wf>
         <wf lemma="le" pos="X">le</wf>
         <wf lemma="ministre_de_l'Intérieur" pos="NOUN">ministre_de_l'Intérieur</wf>
         <wf lemma="(" pos="X">(</wf>
         <wf lemma="lire" pos="VERB">lire</wf>
         <wf lemma="libération" pos="NOUN">Libération</wf>
         <wf lemma="du" pos="X">du</wf>
         <wf lemma="@card@" pos="NOUN">23</wf>
         <instance id="d000.s097.t003" lemma="mai" pos="NOUN">mai</instance>
         <wf lemma=")" pos="X">)</wf>
         <wf lemma="proclamer" pos="VERB">proclamant</wf>
         <wf lemma="au" pos="X">au</wf>
         <wf lemma="passage" pos="NOUN">passage</wf>
         <wf lemma="que" pos="X">que</wf>
         <wf lemma="le" pos="X">la</wf>
         <instance id="d000.s097.t004" lemma="france" pos="NOUN">France</instance>
         <wf lemma="&quot;" pos="X">&quot;</wf>
         <wf lemma="ne" pos="ADV">n'</wf>
         <wf lemma="avoir" pos="VERB">a</wf>
         <wf lemma="pas" pos="ADV">pas</wf>
         <instance id="d000.s097.t005" lemma="besoin" pos="NOUN">besoin</instance>
         <wf lemma="de" pos="X">de</wf>
         <wf lemma="talent" pos="NOUN">talents</wf>
         <wf lemma="étranger" pos="ADJ">étrangers</wf>
         <wf lemma="," pos="X">,</wf>
         <wf lemma="de" pos="X">de</wf>
         <instance id="d000.s097.t006" lemma="maçon" pos="NOUN">maçons</instance>
         <wf lemma="et" pos="X">et</wf>
         <wf lemma="de" pos="X">de</wf>
         <instance id="d000.s097.t007" lemma="serveur" pos="NOUN">serveurs</instance>
         <wf lemma="de" pos="X">de</wf>
         <instance id="d000.s097.t008" lemma="restaurant" pos="NOUN">restaurant</instance>
         <wf lemma="&quot;" pos="X">&quot;</wf>
         <wf lemma="." pos="X">.</wf>
      </sentence>
      <sentence id="d000.s098" source="semeval2013-fr">
         <wf lemma="le" pos="X">Le</wf>
         <wf lemma="mal" pos="NOUN">mal</wf>
         <wf lemma="provoquer" pos="VERB">provoqué</wf>
         <wf lemma="au" pos="X">aux</wf>
         <instance id="d000.s098.t000" lemma="principe" pos="NOUN">principes</instance>
         <wf lemma="du" pos="X">du</wf>
         <instance id="d000.s098.t001" lemma="sport" pos="NOUN">sport</instance>
         <wf lemma="par" pos="X">par</wf>
         <wf lemma="ce" pos="X">ces</wf>
         <instance id="d000.s098.t002" lemma="action" pos="NOUN">actions</instance>
         <wf lemma="ne" pos="ADV">n'</wf>
         <wf lemma="être" pos="VERB">est</wf>
         <wf lemma="pas" pos="ADV">pas</wf>
         <wf lemma="autant" pos="ADV">autant</wf>
         <wf lemma="éthique" pos="ADJ">éthique</wf>
         <wf lemma="comme" pos="X">comme</wf>
         <wf lemma="esthétique" pos="ADJ">esthétique</wf>
         <wf lemma="." pos="X">.</wf>
      </sentence>
      <sentence id="d000.s099" source="semeval2013-fr">
         <wf lemma="Scalia" pos="NOUN">Scalia</wf>
         <wf lemma="et" pos="X">et</wf>
         <wf lemma="Thomas" pos="NOUN">Thomas</wf>
         <wf lemma="dîner" pos="VERB">dînent</wf>
         <wf lemma="avec" pos="X">avec</wf>
         <wf lemma="du" pos="X">des</wf>
         <instance id="d000.s099.t000" lemma="adversaire" pos="NOUN">adversaires</instance>
         <wf lemma="du" pos="X">du</wf>
         <wf lemma="droit_de_la_santé" pos="NOUN">droit_de_la_santé</wf>
         <wf lemma="alors" pos="ADV">alors</wf>
         <wf lemma="que" pos="X">que</wf>
         <wf lemma="le" pos="X">la</wf>
         <wf lemma="cour" pos="NOUN">cour</wf>
         <wf lemma="se" pos="X">se</wf>
         <wf lemma="réunir" pos="VERB">réunit</wf>
      </sentence>
      <sentence id="d000.s100" source="semeval2013-fr">
         <wf lemma="le" pos="X">Les</wf>
         <wf lemma="bon" pos="ADJ">bonnes</wf>
         <instance id="d000.s100.t000" lemma="performance" pos="NOUN">performances</instance>
         <wf lemma="économique" pos="ADJ">économiques</wf>
         <wf lemma="du" pos="X">du</wf>
         <wf lemma="Brésil" pos="NOUN">Brésil</wf>
         <wf lemma="et" pos="X">et</wf>
         <wf lemma="le" pos="X">la</wf>
         <instance id="d000.s100.t001" lemma="popularité" pos="NOUN">popularité</instance>
         <wf lemma="de" pos="X">de</wf>
         <wf lemma="son" pos="X">son</wf>
         <instance id="d000.s100.t002" lemma="président" pos="NOUN">président</instance>
         <wf lemma="sortant" pos="ADJ">sortant</wf>
         <wf lemma="," pos="X">,</wf>
         <wf lemma="luiz_inácio_lula_da_silva" pos="NOUN">Luiz_Inácio_Lula_da_Silva</wf>
         <wf lemma="," pos="X">,</wf>
         <wf lemma="se" pos="X">se</wf>
         <wf lemma="traduire" pos="VERB">traduit</wf>
         <wf lemma="par" pos="X">par</wf>
         <wf lemma="un" pos="X">un</wf>
         <instance id="d000.s100.t003" lemma="sentiment" pos="NOUN">sentiment</instance>
         <wf lemma="largement" pos="ADV">largement</wf>
         <wf lemma="partager" pos="VERB">partagé</wf>
         <wf lemma="de" pos="X">de</wf>
         <instance id="d000.s100.t004" lemma="progrès" pos="NOUN">progrès</instance>
      </sentence>
      <sentence id="d000.s101" source="semeval2013-fr">
         <wf lemma="mais" pos="X">Mais</wf>
         <wf lemma="certain" pos="X">certains</wf>
         <instance id="d000.s101.t000" lemma="avocat" pos="NOUN">avocats</instance>
         <wf lemma="avoir" pos="VERB">ont</wf>
         <wf lemma="déclarer" pos="VERB">déclaré</wf>
         <wf lemma="que" pos="X">que</wf>
         <wf lemma="le" pos="X">les</wf>
         <instance id="d000.s101.t001" lemma="cours_d'appel" pos="NOUN">cours_d'appel</instance>
         <wf lemma="étaitent" pos="VERB">étaitent</wf>
         <wf lemma="souvent" pos="ADV">souvent</wf>
         <wf lemma="attirer" pos="VERB">attirées</wf>
         <wf lemma="par" pos="X">par</wf>
         <wf lemma="le" pos="X">les</wf>
         <instance id="d000.s101.t002" lemma="argument" pos="NOUN">arguments</instance>
         <wf lemma="selon" pos="X">selon</wf>
         <wf lemma="lequel" pos="X">lesquelles</wf>
         <wf lemma="le" pos="X">les</wf>
         <instance id="d000.s101.t003" lemma="changement" pos="NOUN">changements</instance>
         <wf lemma="social" pos="ADJ">sociaux</wf>
         <wf lemma="et" pos="X">et</wf>
         <wf lemma="technologique" pos="ADJ">technologiques</wf>
         <wf lemma="nécessiter" pos="VERB">nécessitaient</wf>
         <wf lemma="un" pos="X">une</wf>
         <instance id="d000.s101.t004" lemma="adaptation" pos="NOUN">adaptation</instance>
         <wf lemma="par" pos="X">par</wf>
         <wf lemma="le" pos="X">les</wf>
         <instance id="d000.s101.t005" lemma="tribunal" pos="NOUN">tribunaux</instance>
         <wf lemma="." pos="X">.</wf>
      </sentence>
      <sentence id="d000.s102" source="semeval2013-fr">
         <wf lemma="et" pos="X">Et</wf>
         <wf lemma="le" pos="X">la</wf>
         <instance id="d000.s102.t000" lemma="femme" pos="NOUN">femme</instance>
         <wf lemma="de" pos="X">de</wf>
         <wf lemma="Thomas" pos="NOUN">Thomas</wf>
         <wf lemma="," pos="X">,</wf>
         <wf lemma="Ginni" pos="NOUN">Ginni</wf>
         <wf lemma="," pos="X">,</wf>
         <wf lemma="être" pos="VERB">est</wf>
         <wf lemma="un" pos="X">une</wf>
         <wf lemma="militant" pos="ADJ">militante</wf>
         <instance id="d000.s102.t001" lemma="conservateur" pos="NOUN">conservatrice</instance>
         <wf lemma="de" pos="X">de</wf>
         <wf lemma="haut-profil" pos="NOUN">haut-profil</wf>
         <wf lemma="." pos="X">.</wf>
      </sentence>
      <sentence id="d000.s103" source="semeval2013-fr">
         <wf lemma="le" pos="X">Le</wf>
         <instance id="d000.s103.t000" lemma="cas" pos="NOUN">cas</instance>
         <wf lemma="de" pos="X">de</wf>
         <wf lemma="Twitter" pos="NOUN">Twitter</wf>
         <wf lemma="ne" pos="ADV">n'</wf>
         <wf lemma="en" pos="X">en</wf>
         <wf lemma="être" pos="VERB">est</wf>
         <wf lemma="que" pos="X">qu'</wf>
         <wf lemma="un" pos="X">un</wf>
         <wf lemma="parmi" pos="X">parmi</wf>
         <wf lemma="de" pos="X">de</wf>
         <wf lemma="nombreux" pos="ADJ">nombreux</wf>
         <wf lemma="autre" pos="ADJ">autres</wf>
         <wf lemma="décrire" pos="VERB">décrits</wf>
         <wf lemma="par" pos="X">par</wf>
         <wf lemma="le" pos="X">les</wf>
         <instance id="d000.s103.t001" lemma="avocat" pos="NOUN">avocats</instance>
         <wf lemma="de" pos="X">de</wf>
         <wf lemma="monsieur" pos="X">M.</wf>
         <wf lemma="Hayes" pos="NOUN">Hayes</wf>
         <wf lemma="," pos="X">,</wf>
         <wf lemma="susceptible" pos="ADJ">susceptible</wf>
         <wf lemma="de" pos="X">d'</wf>
         <wf lemma="être" pos="VERB">être</wf>
         <wf lemma="discuter" pos="VERB">discuté</wf>
         <wf lemma="pendant" pos="X">pendant</wf>
         <wf lemma="du" pos="X">des</wf>
         <instance id="d000.s103.t002" lemma="année" pos="NOUN">années</instance>
         <wf lemma=";" pos="X">;</wf>
         <wf lemma="ce" pos="X">ce</wf>
         <wf lemma="qui" pos="X">qui</wf>
         <wf lemma="retarder" pos="VERB">retarde</wf>
         <wf lemma="le" pos="X">l'</wf>
         <instance id="d000.s103.t003" lemma="exécution" pos="NOUN">exécution</instance>
         <wf lemma="." pos="X">.</wf>
      </sentence>
      <sentence id="d000.s104" source="semeval2013-fr">
         <wf lemma="le" pos="X">L'</wf>
         <instance id="d000.s104.t000" lemma="Union_Européenne" pos="NOUN">Union_Européenne</instance>
         <wf lemma="avoir" pos="VERB">a</wf>
         <wf lemma="également" pos="ADV">également</wf>
         <wf lemma="relancer" pos="VERB">relancé</wf>
         <wf lemma="le" pos="X">les</wf>
         <instance id="d000.s104.t001" lemma="négociation" pos="NOUN">négociations</instance>
         <wf lemma="," pos="X">,</wf>
         <instance id="d000.s104.t002" lemma="vendredi" pos="NOUN">vendredi</instance>
         <wf lemma="," pos="X">,</wf>
         <wf lemma="en" pos="X">en</wf>
         <wf lemma="promettre" pos="VERB">promettant</wf>
         <wf lemma="de" pos="X">de</wf>
         <wf lemma="fournir" pos="VERB">fournir</wf>
         <instance id="d000.s104.t003" lemma="$" pos="NOUN">$</instance>
         <wf lemma="@card@" pos="NOUN">3.6</wf>
         <instance id="d000.s104.t004" lemma="milliard" pos="NOUN">milliards</instance>
         <wf lemma="par" pos="X">par</wf>
         <instance id="d000.s104.t005" lemma="an" pos="NOUN">an</instance>
         <wf lemma="pendant" pos="X">pendant</wf>
         <wf lemma="le" pos="X">les</wf>
         <wf lemma="trois" pos="NOUN">trois</wf>
         <wf lemma="prochain" pos="ADJ">prochaines</wf>
         <instance id="d000.s104.t006" lemma="année" pos="NOUN">années</instance>
         <wf lemma="pour" pos="X">pour</wf>
         <wf lemma="aider" pos="VERB">aider</wf>
         <wf lemma="le" pos="X">les</wf>
         <instance id="d000.s104.t007" lemma="pays" pos="NOUN">pays</instance>
         <wf lemma="le" pos="X">les</wf>
         <wf lemma="plus" pos="ADV">plus</wf>
         <wf lemma="pauvre" pos="ADJ">pauvres</wf>
         <wf lemma="à" pos="X">à</wf>
         <wf lemma="se" pos="X">s'</wf>
         <wf lemma="adapter" pos="VERB">adapter</wf>
         <wf lemma="à" pos="X">à</wf>
         <wf lemma="le" pos="X">l'</wf>
         <instance id="d000.s104.t008" lemma="impact" pos="NOUN">impact</instance>
         <wf lemma="du" pos="X">du</wf>
         <instance id="d000.s104.t009" lemma="changement_climatique" pos="NOUN">changement_climatique</instance>
         <wf lemma="--" pos="X">--</wf>
         <wf lemma="pour" pos="X">pour</wf>
         <wf lemma="supporter" pos="VERB">supporter</wf>
         <wf lemma="le" pos="X">les</wf>
         <instance id="d000.s104.t010" lemma="inondation" pos="NOUN">inondations</instance>
         <wf lemma="et" pos="X">et</wf>
         <wf lemma="le" pos="X">la</wf>
         <instance id="d000.s104.t011" lemma="sécheresse" pos="NOUN">sécheresse</instance>
         <wf lemma="ou" pos="X">ou</wf>
         <wf lemma="pour" pos="X">pour</wf>
         <wf lemma="éviter" pos="VERB">éviter</wf>
         <wf lemma="le" pos="X">la</wf>
         <instance id="d000.s104.t012" lemma="déforestation" pos="NOUN">déforestation</instance>
         <wf lemma="." pos="X">.</wf>
      </sentence>
      <sentence id="d000.s105" source="semeval2013-fr">
         <wf lemma="nous" pos="X">Nous</wf>
         <wf lemma="sommer" pos="VERB">sommes</wf>
         <wf lemma="confiant" pos="ADJ">confiants</wf>
         <wf lemma="que" pos="X">que</wf>
         <wf lemma="le" pos="X">la</wf>
         <instance id="d000.s105.t000" lemma="société" pos="NOUN">société</instance>
         <wf lemma="chinois" pos="ADJ">chinoise</wf>
         <wf lemma="être" pos="VERB">sera</wf>
         <wf lemma="à" pos="X">à</wf>
         <wf lemma="égalité" pos="NOUN">égalité</wf>
         <wf lemma="avec" pos="X">avec</wf>
         <wf lemma="son" pos="X">ses</wf>
         <wf lemma="compétiteur" pos="NOUN">compétiteurs</wf>
         <wf lemma="et" pos="X">et</wf>
         <wf lemma="réaliser" pos="VERB">réalisera</wf>
         <wf lemma="son" pos="X">ses</wf>
         <wf lemma="engagement" pos="NOUN">engagements</wf>
         <wf lemma="en" pos="X">en</wf>
         <instance id="d000.s105.t001" lemma="Irak" pos="NOUN">Irak</instance>
         <wf lemma="." pos="X">.</wf>
      </sentence>
      <sentence id="d000.s106" source="semeval2013-fr">
         <wf lemma="cela" pos="X">Cela</wf>
         <wf lemma="ne" pos="ADV">n'</wf>
         <wf lemma="avoir" pos="VERB">a</wf>
         <wf lemma="pas" pos="ADV">pas</wf>
         <wf lemma="être" pos="VERB">été</wf>
         <wf lemma="le" pos="X">le</wf>
         <instance id="d000.s106.t000" lemma="cas" pos="NOUN">cas</instance>
         <wf lemma="." pos="X">.</wf>
      </sentence>
      <sentence id="d000.s107" source="semeval2013-fr">
         <wf lemma="Michael" pos="NOUN">Michael</wf>
         <wf lemma="Zammit" pos="NOUN">Zammit</wf>
         <wf lemma="Cutajar" pos="NOUN">Cutajar</wf>
         <wf lemma="," pos="X">,</wf>
         <wf lemma="qui" pos="X">qui</wf>
         <wf lemma="avoir" pos="VERB">a</wf>
         <wf lemma="rédiger" pos="VERB">rédigé</wf>
         <wf lemma="six" pos="NOUN">six</wf>
         <instance id="d000.s107.t000" lemma="page" pos="NOUN">pages</instance>
         <wf lemma="du" pos="X">du</wf>
         <instance id="d000.s107.t001" lemma="document" pos="NOUN">document</instance>
         <wf lemma="," pos="X">,</wf>
         <wf lemma="avoir" pos="VERB">a</wf>
         <wf lemma="étudier" pos="VERB">étudié</wf>
         <wf lemma="un" pos="X">un</wf>
         <instance id="d000.s107.t002" lemma="texte" pos="NOUN">texte</instance>
         <wf lemma="de" pos="X">de</wf>
         <instance id="d000.s107.t003" lemma="négociation" pos="NOUN">négociations</instance>
         <wf lemma="de" pos="X">de</wf>
         <wf lemma="@card@" pos="NOUN">180</wf>
         <instance id="d000.s107.t004" lemma="page" pos="NOUN">pages</instance>
         <wf lemma="pour" pos="X">pour</wf>
         <wf lemma="se" pos="X">se</wf>
         <wf lemma="concentrer" pos="VERB">concentrer</wf>
         <wf lemma="sur" pos="X">sur</wf>
         <wf lemma="ce" pos="X">ce</wf>
         <wf lemma="que" pos="X">qu'</wf>
         <wf lemma="avoir" pos="VERB">a</wf>
         <wf lemma="décrire" pos="VERB">décrit</wf>
         <wf lemma="le" pos="X">le</wf>
         <instance id="d000.s107.t005" lemma="secrétaire" pos="NOUN">Secrétaire</instance>
         <wf lemma="général" pos="ADJ">général</wf>
         <wf lemma="exécutif" pos="ADJ">exécutif</wf>
         <wf lemma="sur" pos="X">sur</wf>
         <wf lemma="le" pos="X">le</wf>
         <instance id="d000.s107.t006" lemma="changement_climatique" pos="NOUN">changement_climatique</instance>
         <wf lemma="de" pos="X">de</wf>
         <wf lemma="le" pos="X">l'</wf>
         <wf lemma="ONU" pos="X">ONU</wf>
         <wf lemma="," pos="X">,</wf>
         <wf lemma="Yvo_de_boer" pos="NOUN">Yvo_de_Boer</wf>
         <wf lemma="," pos="X">,</wf>
         <wf lemma="comme" pos="X">comme</wf>
         <wf lemma="être" pos="VERB">étant</wf>
         <wf lemma="&quot;" pos="X">&quot;</wf>
         <wf lemma="le" pos="X">l'</wf>
         <instance id="d000.s107.t007" lemma="image" pos="NOUN">image</instance>
         <wf lemma="complet" pos="ADJ">complète</wf>
         <wf lemma="&quot;" pos="X">&quot;</wf>
         <wf lemma="." pos="X">.</wf>
      </sentence>
      <sentence id="d000.s108" source="semeval2013-fr">
         <wf lemma="L" pos="NOUN">L</wf>
         <wf lemma="’" pos="X">’</wf>
         <instance id="d000.s108.t000" lemma="équipe" pos="NOUN">équipe</instance>
         <wf lemma="de" pos="X">de</wf>
         <wf lemma="Vitoria" pos="NOUN">Vitoria</wf>
         <wf lemma="avoir" pos="VERB">a</wf>
         <wf lemma="savoir" pos="VERB">su</wf>
         <wf lemma="combler" pos="VERB">combler</wf>
         <wf lemma="le" pos="X">les</wf>
         <instance id="d000.s108.t001" lemma="absence" pos="NOUN">absences</instance>
         <wf lemma="important" pos="ADJ">importantes</wf>
         <wf lemma="de" pos="X">de</wf>
         <wf lemma="Herrmann" pos="NOUN">Herrmann</wf>
         <wf lemma="," pos="X">,</wf>
         <wf lemma="Oleson" pos="NOUN">Oleson</wf>
         <wf lemma="," pos="X">,</wf>
         <wf lemma="Huertas" pos="NOUN">Huertas</wf>
         <wf lemma="ou" pos="X">ou</wf>
         <wf lemma="Micov" pos="NOUN">Micov</wf>
         <wf lemma="par" pos="X">par</wf>
         <wf lemma="un" pos="X">une</wf>
         <wf lemma="grand" pos="ADJ">grande</wf>
         <instance id="d000.s108.t002" lemma="dose" pos="NOUN">dose</instance>
         <wf lemma="de" pos="X">d'</wf>
         <wf lemma="engagement" pos="NOUN">engagement</wf>
         <wf lemma="et" pos="X">et</wf>
         <wf lemma="de" pos="X">de</wf>
         <instance id="d000.s108.t003" lemma="travail" pos="NOUN">travail</instance>
         <wf lemma="collectif" pos="ADJ">collectif</wf>
         <wf lemma="," pos="X">,</wf>
         <wf lemma="même" pos="ADV">même</wf>
         <wf lemma="si" pos="X">si</wf>
         <wf lemma="elle" pos="X">elle</wf>
         <wf lemma="avoir" pos="VERB">a</wf>
         <wf lemma="devoir" pos="VERB">dû</wf>
         <wf lemma="attendre" pos="VERB">attendre</wf>
         <wf lemma="jusqu" pos="NOUN">jusqu</wf>
         <wf lemma="’" pos="X">’</wf>
         <wf lemma="à" pos="X">à</wf>
         <wf lemma="le" pos="X">la</wf>
         <instance id="d000.s108.t004" lemma="fin" pos="NOUN">fin</instance>
         <wf lemma="pour" pos="X">pour</wf>
         <wf lemma="remporter" pos="VERB">remporter</wf>
         <wf lemma="le" pos="X">la</wf>
         <instance id="d000.s108.t005" lemma="victoire" pos="NOUN">victoire</instance>
         <wf lemma="." pos="X">.</wf>
      </sentence>
      <sentence id="d000.s109" source="semeval2013-fr">
         <wf lemma="&quot;" pos="X">&quot;</wf>
         <wf lemma="ce" pos="X">C'</wf>
         <wf lemma="être" pos="VERB">est</wf>
         <wf lemma="pourquoi" pos="ADV">pourquoi</wf>
         <wf lemma="elle" pos="X">elle</wf>
         <wf lemma="être" pos="VERB">est</wf>
         <wf lemma="très" pos="ADV">très</wf>
         <wf lemma="particulier" pos="ADJ">particulière</wf>
         <wf lemma="," pos="X">,</wf>
         <wf lemma="même" pos="ADV">même</wf>
         <wf lemma="si" pos="X">si</wf>
         <wf lemma="elle" pos="X">elle</wf>
         <wf lemma="être" pos="VERB">est</wf>
         <wf lemma="loin" pos="ADV">loin</wf>
         <wf lemma="de" pos="X">d'</wf>
         <wf lemma="être" pos="VERB">être</wf>
         <wf lemma="un" pos="X">une</wf>
         <instance id="d000.s109.t000" lemma="forme_de_vie" pos="NOUN">forme_de_vie</instance>
         <wf lemma="vraiment" pos="ADV">vraiment</wf>
         <wf lemma="&quot;" pos="X">&quot;</wf>
         <wf lemma="étranger" pos="ADJ">étrangère</wf>
         <wf lemma="&quot;" pos="X">&quot;</wf>
         <wf lemma="," pos="X">,</wf>
         <wf lemma="avoir" pos="VERB">a</wf>
         <wf lemma="commenter" pos="VERB">commenté</wf>
         <wf lemma="paul_davies" pos="NOUN">Paul_Davies</wf>
         <wf lemma="C." pos="X">C.</wf>
         <wf lemma="W." pos="X">W.</wf>
         <wf lemma="de" pos="X">de</wf>
         <wf lemma="le" pos="X">la</wf>
         <wf lemma="le" pos="X">l'</wf>
         <wf lemma="University" pos="NOUN">University</wf>
         <wf lemma="de" pos="X">d'</wf>
         <wf lemma="Etat" pos="NOUN">Etat</wf>
         <wf lemma="de" pos="X">d'</wf>
         <instance id="d000.s109.t001" lemma="Arizona" pos="NOUN">Arizona</instance>
         <wf lemma="," pos="X">,</wf>
         <instance id="d000.s109.t002" lemma="co-auteur" pos="NOUN">co-auteur</instance>
         <wf lemma="du" pos="X">du</wf>
         <instance id="d000.s109.t003" lemma="rapport" pos="NOUN">rapport</instance>
         <wf lemma="figurer" pos="VERB">figurant</wf>
         <wf lemma="dans" pos="X">dans</wf>
         <wf lemma="le" pos="X">l'</wf>
         <instance id="d000.s109.t004" lemma="édition" pos="NOUN">édition</instance>
         <wf lemma="en" pos="X">en</wf>
         <wf lemma="ligne" pos="NOUN">ligne</wf>
         <wf lemma="de" pos="X">de</wf>
         <instance id="d000.s109.t005" lemma="jeudi" pos="NOUN">jeudi</instance>
         <wf lemma="du" pos="X">du</wf>
         <wf lemma="journal_science" pos="NOUN">journal_Science</wf>
         <wf lemma="." pos="X">.</wf>
      </sentence>
      <sentence id="d000.s110" source="semeval2013-fr">
         <wf lemma="le" pos="X">Le</wf>
         <instance id="d000.s110.t000" lemma="professeur" pos="NOUN">professeur</instance>
         <wf lemma="Donohue" pos="NOUN">Donohue</wf>
         <wf lemma="affirmer" pos="VERB">affirme</wf>
         <wf lemma="que" pos="X">que</wf>
         <wf lemma="certain" pos="X">certains</wf>
         <instance id="d000.s110.t001" lemma="juge" pos="NOUN">juges</instance>
         <wf lemma="de" pos="X">d'</wf>
         <instance id="d000.s110.t002" lemma="appel" pos="NOUN">appel</instance>
         <wf lemma="pouvoir" pos="VERB">pourraient</wf>
         <wf lemma="être" pos="VERB">être</wf>
         <wf lemma="intriguer" pos="VERB">intrigués</wf>
         <wf lemma="par" pos="X">par</wf>
         <wf lemma="le" pos="X">l'</wf>
         <instance id="d000.s110.t003" lemma="idée" pos="NOUN">idée</instance>
         <wf lemma="selon" pos="X">selon</wf>
         <wf lemma="lequel" pos="X">laquelle</wf>
         <wf lemma="le" pos="X">la</wf>
         <wf lemma="limitation" pos="NOUN">limitation</wf>
         <wf lemma="de" pos="X">de</wf>
         <wf lemma="le" pos="X">la</wf>
         <instance id="d000.s110.t004" lemma="communication" pos="NOUN">communication</instance>
         <wf lemma="instantané" pos="ADJ">instantanée</wf>
         <wf lemma="à" pos="X">à</wf>
         <wf lemma="partir" pos="VERB">partir</wf>
         <wf lemma="du" pos="X">des</wf>
         <instance id="d000.s110.t005" lemma="salle_d'audience" pos="NOUN">salles_d'audience</instance>
         <wf lemma="pouvoir" pos="VERB">pourrait</wf>
         <wf lemma="permettre" pos="VERB">permettre</wf>
         <wf lemma="du" pos="X">des</wf>
         <instance id="d000.s110.t006" lemma="procès" pos="NOUN">procès</instance>
         <wf lemma="plus" pos="ADV">plus</wf>
         <wf lemma="juste" pos="ADJ">juste</wf>
         <wf lemma="." pos="X">.</wf>
      </sentence>
      <sentence id="d000.s111" source="semeval2013-fr">
         <wf lemma="certain" pos="X">Certains</wf>
         <wf lemma="du" pos="X">des</wf>
         <instance id="d000.s111.t000" lemma="juré" pos="NOUN">jurés</instance>
         <wf lemma="avoir" pos="VERB">ont</wf>
         <wf lemma="déclarer" pos="VERB">déclaré</wf>
         <wf lemma="avoir" pos="VERB">avoir</wf>
         <wf lemma="être" pos="VERB">été</wf>
         <wf lemma="horrifier" pos="VERB">horrifiés</wf>
         <wf lemma="par" pos="X">par</wf>
         <wf lemma="le" pos="X">les</wf>
         <instance id="d000.s111.t001" lemma="photo" pos="NOUN">photos</instance>
         <wf lemma="du" pos="X">des</wf>
         <instance id="d000.s111.t002" lemma="victime" pos="NOUN">victimes</instance>
         <wf lemma="," pos="X">,</wf>
         <wf lemma="Jennifer" pos="NOUN">Jennifer</wf>
         <wf lemma="Hawke-Petit" pos="NOUN">Hawke-Petit</wf>
         <wf lemma="," pos="X">,</wf>
         <wf lemma="@card@" pos="NOUN">48</wf>
         <instance id="d000.s111.t003" lemma="an" pos="NOUN">ans</instance>
         <wf lemma="," pos="X">,</wf>
         <wf lemma="et" pos="X">et</wf>
         <wf lemma="son" pos="X">ses</wf>
         <instance id="d000.s111.t004" lemma="fille" pos="NOUN">filles</instance>
         <wf lemma="," pos="X">,</wf>
         <wf lemma="Hayley" pos="NOUN">Hayley</wf>
         <wf lemma="," pos="X">,</wf>
         <wf lemma="@card@" pos="NOUN">17</wf>
         <instance id="d000.s111.t005" lemma="an" pos="NOUN">ans</instance>
         <wf lemma="," pos="X">,</wf>
         <wf lemma="et" pos="X">et</wf>
         <wf lemma="Michaela" pos="NOUN">Michaela</wf>
         <wf lemma="," pos="X">,</wf>
         <wf lemma="@card@" pos="NOUN">11</wf>
         <instance id="d000.s111.t006" lemma="an" pos="NOUN">ans</instance>
         <wf lemma="." pos="X">.</wf>
      </sentence>
      <sentence id="d000.s112" source="semeval2013-fr">
         <wf lemma="la" pos="X">L'</wf>
         <wf lemma="indicer" pos="VERB">indice</wf>
         <wf lemma="élargir" pos="VERB">élargi</wf>
         <wf lemma="Standard" pos="NOUN">Standard</wf>
         <wf lemma="&amp;" pos="X">&amp;</wf>
         <wf lemma="Poor'" pos="NOUN">Poor'</wf>
         <wf lemma="s" pos="VERB">s</wf>
         <wf lemma="@card@" pos="NOUN">500</wf>
         <wf lemma="avoir" pos="VERB">a</wf>
         <wf lemma="lui" pos="X">lui</wf>
         <wf lemma="progresser" pos="VERB">progressé</wf>
         <wf lemma="de" pos="X">de</wf>
         <wf lemma="@card@" pos="NOUN">0,37</wf>
         <wf lemma="%" pos="X">%</wf>
         <wf lemma="(" pos="X">(</wf>
         <wf lemma="@card@" pos="NOUN">4,06</wf>
         <instance id="d000.s112.t000" lemma="point" pos="NOUN">points</instance>
         <wf lemma=")" pos="X">)</wf>
         <wf lemma="à" pos="X">à</wf>
         <wf lemma="@card@" pos="NOUN">1.106,41</wf>
         <instance id="d000.s112.t001" lemma="point" pos="NOUN">points</instance>
         <wf lemma="." pos="X">.</wf>
      </sentence>
      <sentence id="d000.s113" source="semeval2013-fr">
         <wf lemma="ce" pos="X">Ce</wf>
         <wf lemma="ne" pos="ADV">n'</wf>
         <wf lemma="être" pos="VERB">est</wf>
         <wf lemma="que" pos="X">que</wf>
         <wf lemma="pour" pos="X">pour</wf>
         <wf lemma="le" pos="X">la</wf>
         <wf lemma="deuxième" pos="NOUN">deuxième</wf>
         <instance id="d000.s113.t000" lemma="fois" pos="NOUN">fois</instance>
         <wf lemma="depuis" pos="X">depuis</wf>
         <wf lemma="que" pos="X">que</wf>
         <wf lemma="le" pos="X">le</wf>
         <wf lemma="sondage" pos="NOUN">sondage</wf>
         <wf lemma="avoir" pos="VERB">a</wf>
         <wf lemma="commencer" pos="VERB">commencé</wf>
         <wf lemma="que" pos="X">que</wf>
         <wf lemma="plus" pos="ADV">plus</wf>
         <wf lemma="de" pos="X">de</wf>
         <wf lemma="répondant" pos="NOUN">répondants</wf>
         <wf lemma="à" pos="X">à</wf>
         <wf lemma="travers" pos="X">travers</wf>
         <wf lemma="le" pos="X">l'</wf>
         <wf lemma="Amérique" pos="NOUN">Amérique</wf>
         <wf lemma="latin" pos="ADJ">latine</wf>
         <wf lemma="dans" pos="X">dans</wf>
         <wf lemma="son" pos="X">son</wf>
         <instance id="d000.s113.t001" lemma="ensemble" pos="NOUN">ensemble</instance>
         <wf lemma="avoir" pos="VERB">ont</wf>
         <wf lemma="citer" pos="VERB">cité</wf>
         <wf lemma="le" pos="X">le</wf>
         <instance id="d000.s113.t002" lemma="crime" pos="NOUN">crime</instance>
         <wf lemma="plutôt" pos="ADV">plutôt</wf>
         <wf lemma="que" pos="X">que</wf>
         <wf lemma="le" pos="X">le</wf>
         <instance id="d000.s113.t003" lemma="chômage" pos="NOUN">chômage</instance>
         <wf lemma="comme" pos="X">comme</wf>
         <wf lemma="être" pos="VERB">étant</wf>
         <wf lemma="le" pos="X">le</wf>
         <instance id="d000.s113.t004" lemma="problème" pos="NOUN">problème</instance>
         <wf lemma="le" pos="X">le</wf>
         <wf lemma="plus" pos="ADV">plus</wf>
         <wf lemma="important" pos="ADJ">important</wf>
         <wf lemma="pour" pos="X">pour</wf>
         <wf lemma="leur" pos="X">leur</wf>
         <instance id="d000.s113.t005" lemma="pays" pos="NOUN">pays</instance>
         <wf lemma="(" pos="X">(</wf>
         <wf lemma="voir" pos="VERB">voir</wf>
         <instance id="d000.s113.t006" lemma="tableau" pos="NOUN">tableau</instance>
         <wf lemma="@card@" pos="NOUN">5</wf>
         <wf lemma=")" pos="X">)</wf>
         <wf lemma="." pos="X">.</wf>
      </sentence>
      <sentence id="d000.s114" source="semeval2013-fr">
         <wf lemma="du" pos="X">Du</wf>
         <instance id="d000.s114.t000" lemma="côté" pos="NOUN">côté</instance>
         <wf lemma="national" pos="ADJ">national</wf>
         <wf lemma="," pos="X">,</wf>
         <wf lemma="avec" pos="X">avec</wf>
         <wf lemma="moins" pos="ADV">moins</wf>
         <wf lemma="de" pos="X">de</wf>
         <wf lemma="@card@" pos="NOUN">30</wf>
         <instance id="d000.s114.t001" lemma="présence" pos="NOUN">présences</instance>
         <wf lemma="," pos="X">,</wf>
         <wf lemma="apparaître" pos="VERB">apparaissent</wf>
         <wf lemma="roy_miller" pos="NOUN">Roy_Miller</wf>
         <wf lemma="avec" pos="X">avec</wf>
         <wf lemma="@card@" pos="NOUN">26</wf>
         <wf lemma="," pos="X">,</wf>
         <wf lemma="winston_parks" pos="NOUN">Winston_Parks</wf>
         <wf lemma="avec" pos="X">avec</wf>
         <wf lemma="@card@" pos="NOUN">26</wf>
         <wf lemma="," pos="X">,</wf>
         <wf lemma="gabriel_badilla" pos="NOUN">Gabriel_Badilla</wf>
         <wf lemma="avec" pos="X">avec</wf>
         <wf lemma="@card@" pos="NOUN">25</wf>
         <wf lemma="et" pos="X">et</wf>
         <wf lemma="roy_myrie" pos="NOUN">Roy_Myrie</wf>
         <wf lemma="avec" pos="X">avec</wf>
         <wf lemma="@card@" pos="NOUN">23</wf>
         <wf lemma="." pos="X">.</wf>
      </sentence>
      <sentence id="d000.s115" source="semeval2013-fr">
         <wf lemma="le" pos="X">L'</wf>
         <instance id="d000.s115.t000" lemma="avocat" pos="NOUN">avocat</instance>
         <wf lemma="qui" pos="X">qui</wf>
         <wf lemma="se" pos="X">se</wf>
         <wf lemma="tenir" pos="VERB">tiendra</wf>
         <wf lemma="devant" pos="X">devant</wf>
         <wf lemma="le" pos="X">le</wf>
         <instance id="d000.s115.t001" lemma="tribunal" pos="NOUN">tribunal</instance>
         <wf lemma="et" pos="X">et</wf>
         <wf lemma="argumenter" pos="VERB">argumentera</wf>
         <wf lemma="sur" pos="X">sur</wf>
         <wf lemma="le" pos="X">le</wf>
         <wf lemma="rejet" pos="NOUN">rejet</wf>
         <wf lemma="de" pos="X">de</wf>
         <wf lemma="le" pos="X">la</wf>
         <instance id="d000.s115.t002" lemma="loi" pos="NOUN">loi</instance>
         <wf lemma="," pos="X">,</wf>
         <wf lemma="être" pos="VERB">sera</wf>
         <wf lemma="vraisemblablement" pos="ADV">vraisemblablement</wf>
         <wf lemma="Paul" pos="NOUN">Paul</wf>
         <wf lemma="Clement" pos="NOUN">Clement</wf>
         <wf lemma="," pos="X">,</wf>
         <wf lemma="qui" pos="X">qui</wf>
         <wf lemma="avoir" pos="VERB">a</wf>
         <wf lemma="servir" pos="VERB">servi</wf>
         <wf lemma="comme" pos="ADV">comme</wf>
         <wf lemma="solliciteur" pos="NOUN">solliciteur</wf>
         <wf lemma="général" pos="ADJ">général</wf>
         <wf lemma="du" pos="X">des</wf>
         <wf lemma="États-Unis" pos="NOUN">États-Unis</wf>
         <wf lemma="durant" pos="X">durant</wf>
         <wf lemma="le" pos="X">l'</wf>
         <instance id="d000.s115.t003" lemma="administration" pos="NOUN">administration</instance>
         <wf lemma="de" pos="X">de</wf>
         <instance id="d000.s115.t004" lemma="george_w._bush" pos="NOUN">George_W._Bush</instance>
         <wf lemma="." pos="X">.</wf>
      </sentence>
      <sentence id="d000.s116" source="semeval2013-fr">
         <wf lemma="le" pos="X">Les</wf>
         <instance id="d000.s116.t000" lemma="juge" pos="NOUN">juges</instance>
         <wf lemma="avoir" pos="VERB">ont</wf>
         <wf lemma="convenir" pos="VERB">convenu</wf>
         <wf lemma="de" pos="X">d'</wf>
         <wf lemma="entendre" pos="VERB">entendre</wf>
         <wf lemma="le" pos="X">la</wf>
         <instance id="d000.s116.t001" lemma="plainte" pos="NOUN">plainte</instance>
         <wf lemma="," pos="X">,</wf>
         <wf lemma="en" pos="X">en</wf>
         <wf lemma="effet" pos="X">effet</wf>
         <wf lemma="," pos="X">,</wf>
         <wf lemma="un" pos="X">un</wf>
         <instance id="d000.s116.t002" lemma="argument" pos="NOUN">argument</instance>
         <wf lemma="monumental" pos="ADJ">monumental</wf>
         <wf lemma="de" pos="X">de</wf>
         <wf lemma="5h30" pos="NOUN">5h30</wf>
         <wf lemma="être" pos="VERB">est</wf>
         <wf lemma="attendre" pos="VERB">attendu</wf>
         <wf lemma="en" pos="X">en</wf>
         <instance id="d000.s116.t003" lemma="mars" pos="NOUN">mars</instance>
         <wf lemma="prochain" pos="ADJ">prochain</wf>
         <wf lemma="," pos="X">,</wf>
         <wf lemma="et" pos="X">et</wf>
         <wf lemma="le" pos="X">le</wf>
         <instance id="d000.s116.t004" lemma="résultat" pos="NOUN">résultat</instance>
         <wf lemma="être" pos="VERB">sera</wf>
         <wf lemma="probablement" pos="ADV">probablement</wf>
         <wf lemma="de" pos="X">de</wf>
         <instance id="d000.s116.t005" lemma="nature" pos="NOUN">nature</instance>
         <wf lemma="à" pos="X">à</wf>
         <wf lemma="favoriser" pos="VERB">favoriser</wf>
         <wf lemma="le" pos="X">la</wf>
         <instance id="d000.s116.t006" lemma="déstabilisation" pos="NOUN">déstabilisation</instance>
         <wf lemma="de" pos="X">de</wf>
         <wf lemma="le" pos="X">la</wf>
         <instance id="d000.s116.t007" lemma="course" pos="NOUN">course</instance>
         <wf lemma="présidentiel" pos="ADJ">présidentielle</wf>
         <wf lemma="de" pos="X">de</wf>
         <wf lemma="@card@" pos="NOUN">2012</wf>
         <wf lemma="," pos="X">,</wf>
         <wf lemma="qui" pos="X">qui</wf>
         <wf lemma="être" pos="VERB">sera</wf>
         <wf lemma="en" pos="X">en</wf>
         <wf lemma="plein" pos="ADJ">plein</wf>
         <wf lemma="essor" pos="NOUN">essor</wf>
         <wf lemma="au" pos="X">au</wf>
         <instance id="d000.s116.t008" lemma="moment" pos="NOUN">moment</instance>
         <wf lemma="où" pos="X">où</wf>
         <wf lemma="le" pos="X">la</wf>
         <instance id="d000.s116.t009" lemma="décision" pos="NOUN">décision</instance>
         <wf lemma="du" pos="X">du</wf>
         <instance id="d000.s116.t010" lemma="tribunal" pos="NOUN">tribunal</instance>
         <wf lemma="être" pos="VERB">sera</wf>
         <wf lemma="rendre" pos="VERB">rendue</wf>
         <wf lemma="." pos="X">.</wf>
      </sentence>
      <sentence id="d000.s117" source="semeval2013-fr">
         <wf lemma="un" pos="X">Un</wf>
         <wf lemma="autre" pos="ADJ">autre</wf>
         <wf lemma="de" pos="X">de</wf>
         <wf lemma="ce" pos="X">ces</wf>
         <instance id="d000.s117.t000" lemma="bien" pos="NOUN">biens</instance>
         <wf lemma="auquel" pos="X">auquel</wf>
         <wf lemma="on" pos="X">on</wf>
         <wf lemma="faire" pos="VERB">fait</wf>
         <instance id="d000.s117.t001" lemma="allusion" pos="NOUN">allusion</instance>
         <wf lemma="avec" pos="X">avec</wf>
         <wf lemma="le" pos="X">le</wf>
         <instance id="d000.s117.t002" lemma="jeu" pos="NOUN">jeu</instance>
         <wf lemma="correct" pos="ADJ">correct</wf>
         <wf lemma="être" pos="VERB">est</wf>
         <wf lemma="éviter" pos="VERB">éviter</wf>
         <wf lemma="que" pos="X">que</wf>
         <wf lemma="le" pos="X">l'</wf>
         <instance id="d000.s117.t003" lemma="équipe" pos="NOUN">équipe</instance>
         <wf lemma="du" pos="X">des</wf>
         <wf lemma="joueur" pos="NOUN">joueurs</wf>
         <wf lemma="infracteur" pos="NOUN">infracteurs</wf>
         <wf lemma="profiter" pos="VERB">profite</wf>
         <wf lemma="de" pos="X">d'</wf>
         <wf lemma="un" pos="X">une</wf>
         <instance id="d000.s117.t004" lemma="manière" pos="NOUN">manière</instance>
         <wf lemma="injuste" pos="ADJ">injuste</wf>
         <wf lemma="de" pos="X">de</wf>
         <wf lemma="le" pos="X">l'</wf>
         <instance id="d000.s117.t005" lemma="équipe" pos="NOUN">équipe</instance>
         <wf lemma="contraire" pos="ADJ">contraire</wf>
         <wf lemma="," pos="X">,</wf>
         <wf lemma="ce" pos="X">ce</wf>
         <wf lemma="qui" pos="X">qui</wf>
         <wf lemma="ne" pos="ADV">n'</wf>
         <wf lemma="être" pos="VERB">est</wf>
         <wf lemma="pas" pos="ADV">pas</wf>
         <wf lemma="le" pos="X">le</wf>
         <instance id="d000.s117.t006" lemma="cas" pos="NOUN">cas</instance>
         <wf lemma="non" pos="ADV">non</wf>
         <wf lemma="plus" pos="ADV">plus</wf>
         <wf lemma="." pos="X">.</wf>
      </sentence>
      <sentence id="d000.s118" source="semeval2013-fr">
         <wf lemma="quelque" pos="X">Quelque</wf>
         <wf lemma="@card@" pos="NOUN">34</wf>
         <wf lemma="%" pos="X">%</wf>
         <wf lemma="avoir" pos="VERB">ont</wf>
         <wf lemma="dire" pos="VERB">dit</wf>
         <wf lemma="que" pos="X">qu'</wf>
         <wf lemma="il" pos="X">ils</wf>
         <wf lemma="avoir" pos="VERB">avaient</wf>
         <instance id="d000.s118.t000" lemma="confiance" pos="NOUN">confiance</instance>
         <wf lemma="dans" pos="X">dans</wf>
         <wf lemma="le" pos="X">le</wf>
         <instance id="d000.s118.t001" lemma="parlement" pos="NOUN">Parlement</instance>
         <wf lemma="de" pos="X">de</wf>
         <wf lemma="leur" pos="X">leur</wf>
         <instance id="d000.s118.t002" lemma="pays" pos="NOUN">pays</instance>
         <wf lemma="et" pos="X">et</wf>
         <wf lemma="@card@" pos="NOUN">45</wf>
         <wf lemma="%" pos="X">%</wf>
         <wf lemma="dans" pos="X">dans</wf>
         <wf lemma="leur" pos="X">leur</wf>
         <instance id="d000.s118.t003" lemma="gouvernement" pos="NOUN">gouvernement</instance>
         <wf lemma="," pos="X">,</wf>
         <wf lemma="le" pos="X">les</wf>
         <wf lemma="même" pos="ADJ">mêmes</wf>
         <wf lemma="que" pos="X">que</wf>
         <wf lemma="le" pos="X">l'</wf>
         <instance id="d000.s118.t004" lemma="an" pos="NOUN">an</instance>
         <wf lemma="dernier" pos="ADJ">dernier</wf>
         <wf lemma="dans" pos="X">dans</wf>
         <wf lemma="le" pos="X">les</wf>
         <wf lemma="deux" pos="NOUN">deux</wf>
         <instance id="d000.s118.t005" lemma="cas" pos="NOUN">cas</instance>
         <wf lemma=";" pos="X">;</wf>
         <wf lemma="mais" pos="X">mais</wf>
         <wf lemma="en" pos="X">en</wf>
         <wf lemma="fort" pos="ADJ">forte</wf>
         <wf lemma="hausse" pos="NOUN">hausse</wf>
         <wf lemma="par" pos="X">par</wf>
         <wf lemma="rapport" pos="X">rapport</wf>
         <wf lemma="à" pos="X">à</wf>
         <wf lemma="@card@" pos="NOUN">2003</wf>
         <wf lemma="(" pos="X">(</wf>
         <wf lemma="respectivement" pos="ADV">respectivement</wf>
         <wf lemma="@card@" pos="NOUN">17</wf>
         <wf lemma="%" pos="X">%</wf>
         <wf lemma="et" pos="X">et</wf>
         <wf lemma="@card@" pos="NOUN">24</wf>
         <wf lemma="%" pos="X">%</wf>
         <wf lemma=")" pos="X">)</wf>
         <wf lemma="." pos="X">.</wf>
      </sentence>
      <sentence id="d000.s119" source="semeval2013-fr">
         <wf lemma="le" pos="X">La</wf>
         <instance id="d000.s119.t000" lemma="banque" pos="NOUN">banque</instance>
         <wf lemma="allemand" pos="ADJ">allemande</wf>
         <wf lemma="&quot;" pos="X">&quot;</wf>
         <wf lemma="deutsche_bank" pos="NOUN">Deutsche_Bank</wf>
         <wf lemma="&quot;" pos="X">&quot;</wf>
         <wf lemma="payer" pos="NOUN">paie</wf>
         <wf lemma="du" pos="X">des</wf>
         <instance id="d000.s119.t001" lemma="million" pos="NOUN">millions</instance>
         <wf lemma="de" pos="X">de</wf>
         <wf lemma="pénalité" pos="NOUN">pénalités</wf>
         <wf lemma="au" pos="X">aux</wf>
         <instance id="d000.s119.t002" lemma="USA" pos="NOUN">USA</instance>
         <wf lemma="." pos="X">.</wf>
      </sentence>
      <sentence id="d000.s120" source="semeval2013-fr">
         <wf lemma="un" pos="X">Un</wf>
         <wf lemma="autre" pos="ADJ">autre</wf>
         <wf lemma="cabinet" pos="NOUN">cabinet</wf>
         <wf lemma="qui" pos="X">qui</wf>
         <wf lemma="avoir" pos="VERB">a</wf>
         <wf lemma="parrainer" pos="VERB">parrainé</wf>
         <wf lemma="le" pos="X">le</wf>
         <instance id="d000.s120.t000" lemma="dîner" pos="NOUN">dîner</instance>
         <wf lemma="," pos="X">,</wf>
         <wf lemma="Jones" pos="NOUN">Jones</wf>
         <wf lemma="Day" pos="NOUN">Day</wf>
         <wf lemma="," pos="X">,</wf>
         <wf lemma="représenter" pos="VERB">représente</wf>
         <wf lemma="le" pos="X">l'</wf>
         <wf lemma="un" pos="NOUN">une</wf>
         <wf lemma="du" pos="X">des</wf>
         <instance id="d000.s120.t001" lemma="association" pos="NOUN">associations</instance>
         <wf lemma="commercial" pos="ADJ">commerciales</wf>
         <wf lemma="qui" pos="X">qui</wf>
         <wf lemma="avoir" pos="VERB">ont</wf>
         <wf lemma="contester" pos="VERB">contesté</wf>
         <wf lemma="le" pos="X">la</wf>
         <instance id="d000.s120.t002" lemma="loi" pos="NOUN">loi</instance>
         <wf lemma="," pos="X">,</wf>
         <wf lemma="le" pos="X">la</wf>
         <wf lemma="fédération" pos="NOUN">Fédération</wf>
         <wf lemma="national" pos="ADJ">nationale</wf>
         <wf lemma="du" pos="X">des</wf>
         <wf lemma="entreprise" pos="NOUN">entreprises</wf>
         <wf lemma="indépendant" pos="ADJ">indépendantes</wf>
         <wf lemma="(" pos="X">(</wf>
         <wf lemma="National" pos="NOUN">National</wf>
         <wf lemma="Federation" pos="NOUN">Federation</wf>
         <wf lemma="of" pos="VERB">of</wf>
         <wf lemma="Independent" pos="NOUN">Independent</wf>
         <wf lemma="Business" pos="NOUN">Business</wf>
         <wf lemma=")" pos="X">)</wf>
         <wf lemma="." pos="X">.</wf>
      </sentence>
      <sentence id="d000.s121" source="semeval2013-fr">
         <wf lemma="le" pos="X">L'</wf>
         <wf lemma="un" pos="NOUN">une</wf>
         <wf lemma="du" pos="X">des</wf>
         <instance id="d000.s121.t000" lemma="affaire" pos="NOUN">affaires</instance>
         <wf lemma="en" pos="X">en</wf>
         <instance id="d000.s121.t001" lemma="question" pos="NOUN">question</instance>
         <wf lemma="concerner" pos="VERB">concernait</wf>
         <wf lemma="un" pos="X">un</wf>
         <instance id="d000.s121.t002" lemma="procès" pos="NOUN">procès</instance>
         <wf lemma="intenter" pos="VERB">intenté</wf>
         <wf lemma="par" pos="X">par</wf>
         <wf lemma="@card@" pos="NOUN">26</wf>
         <wf lemma="États" pos="NOUN">États</wf>
         <wf lemma="contester" pos="VERB">contestant</wf>
         <wf lemma="le" pos="X">la</wf>
         <instance id="d000.s121.t003" lemma="réforme" pos="NOUN">réforme</instance>
         <wf lemma="du" pos="X">des</wf>
         <instance id="d000.s121.t004" lemma="soins_de_santé" pos="NOUN">soins_de_santé</instance>
         <wf lemma="ambitieux" pos="ADJ">ambitieuse</wf>
         <wf lemma="voter" pos="VERB">votée</wf>
         <wf lemma="par" pos="X">par</wf>
         <wf lemma="le" pos="X">le</wf>
         <instance id="d000.s121.t005" lemma="congrès" pos="NOUN">Congrès</instance>
         <wf lemma="le" pos="X">l'</wf>
         <instance id="d000.s121.t006" lemma="année" pos="NOUN">année</instance>
         <wf lemma="dernier" pos="ADJ">dernière</wf>
         <wf lemma="," pos="X">,</wf>
         <wf lemma="un" pos="X">une</wf>
         <instance id="d000.s121.t007" lemma="loi" pos="NOUN">loi</instance>
         <wf lemma="qui" pos="X">qui</wf>
         <wf lemma="avoir" pos="VERB">a</wf>
         <wf lemma="être" pos="VERB">été</wf>
         <wf lemma="un" pos="X">un</wf>
         <instance id="d000.s121.t008" lemma="point_de_ralliement" pos="NOUN">point_de_ralliement</instance>
         <wf lemma="pour" pos="X">pour</wf>
         <wf lemma="le" pos="X">les</wf>
         <wf lemma="militant" pos="ADJ">militants</wf>
         <instance id="d000.s121.t009" lemma="conservateur" pos="NOUN">conservateurs</instance>
         <wf lemma="à" pos="X">à</wf>
         <wf lemma="le" pos="X">l'</wf>
         <wf lemma="échelle" pos="NOUN">échelle</wf>
         <wf lemma="national" pos="ADJ">nationale</wf>
         <wf lemma="." pos="X">.</wf>
      </sentence>
      <sentence id="d000.s122" source="semeval2013-fr">
         <wf lemma="dans" pos="X">Dans</wf>
         <wf lemma="un" pos="X">un</wf>
         <instance id="d000.s122.t000" lemma="jugement" pos="NOUN">jugement</instance>
         <wf lemma="de" pos="X">de</wf>
         <wf lemma="@card@" pos="NOUN">1966</wf>
         <wf lemma="qui" pos="X">qui</wf>
         <wf lemma="avoir" pos="VERB">a</wf>
         <wf lemma="faire" pos="VERB">fait</wf>
         <wf lemma="date" pos="NOUN">date</wf>
         <wf lemma="," pos="X">,</wf>
         <wf lemma="le" pos="X">la</wf>
         <instance id="d000.s122.t001" lemma="cour_suprême_des_états-unis" pos="NOUN">Cour_suprême_des_États-Unis</instance>
         <wf lemma="avoir" pos="VERB">a</wf>
         <wf lemma="annuler" pos="VERB">annulé</wf>
         <wf lemma="le" pos="X">la</wf>
         <instance id="d000.s122.t002" lemma="condamnation" pos="NOUN">condamnation</instance>
         <wf lemma="de" pos="X">d'</wf>
         <wf lemma="un" pos="X">un</wf>
         <instance id="d000.s122.t003" lemma="ostéopathe" pos="NOUN">ostéopathe</instance>
         <wf lemma="de" pos="X">de</wf>
         <instance id="d000.s122.t004" lemma="Cleveland" pos="NOUN">Cleveland</instance>
         <wf lemma="," pos="X">,</wf>
         <wf lemma="le" pos="X">le</wf>
         <wf lemma="Dr" pos="NOUN">Dr</wf>
         <wf lemma="Sam" pos="NOUN">Sam</wf>
         <wf lemma="Sheppard" pos="NOUN">Sheppard</wf>
         <wf lemma="," pos="X">,</wf>
         <wf lemma="pour" pos="X">pour</wf>
         <wf lemma="le" pos="X">l'</wf>
         <instance id="d000.s122.t005" lemma="assassinat" pos="NOUN">assassinat</instance>
         <wf lemma="de" pos="X">de</wf>
         <wf lemma="son" pos="X">sa</wf>
         <instance id="d000.s122.t006" lemma="femme" pos="NOUN">femme</instance>
         <wf lemma="," pos="X">,</wf>
         <wf lemma="soutenir" pos="VERB">soutenant</wf>
         <wf lemma="dans" pos="X">dans</wf>
         <wf lemma="son" pos="X">sa</wf>
         <instance id="d000.s122.t007" lemma="décision" pos="NOUN">décision</instance>
         <wf lemma="que" pos="X">qu'</wf>
         <wf lemma="il" pos="X">il</wf>
         <wf lemma="y" pos="X">y</wf>
         <wf lemma="avoir" pos="VERB">avait</wf>
         <wf lemma="un" pos="X">une</wf>
         <wf lemma="&quot;" pos="X">&quot;</wf>
         <instance id="d000.s122.t008" lemma="atmosphère" pos="NOUN">atmosphère</instance>
         <wf lemma="de" pos="X">de</wf>
         <instance id="d000.s122.t009" lemma="carnaval" pos="NOUN">carnaval</instance>
         <wf lemma="au" pos="X">au</wf>
         <instance id="d000.s122.t010" lemma="procès" pos="NOUN">procès</instance>
         <wf lemma="&quot;" pos="X">&quot;</wf>
         <wf lemma="à" pos="X">à</wf>
         <wf lemma="cause" pos="NOUN">cause</wf>
         <wf lemma="du" pos="X">des</wf>
         <instance id="d000.s122.t011" lemma="médias" pos="NOUN">médias</instance>
         <wf lemma="." pos="X">.</wf>
      </sentence>
      <sentence id="d000.s123" source="semeval2013-fr">
         <wf lemma="comme" pos="X">Comme</wf>
         <wf lemma="on" pos="X">on</wf>
         <wf lemma="le" pos="X">le</wf>
         <wf lemma="savoir" pos="VERB">sait</wf>
         <wf lemma="," pos="X">,</wf>
         <wf lemma="quelque" pos="X">quelques</wf>
         <instance id="d000.s123.t000" lemma="minute" pos="NOUN">minutes</instance>
         <wf lemma="avant" pos="X">avant</wf>
         <wf lemma="de" pos="X">de</wf>
         <wf lemma="terminer" pos="VERB">terminer</wf>
         <wf lemma="le" pos="X">le</wf>
         <wf lemma="match" pos="NOUN">match</wf>
         <wf lemma="(" pos="X">(</wf>
         <wf lemma="que" pos="X">que</wf>
         <wf lemma="leur" pos="X">leur</wf>
         <instance id="d000.s123.t001" lemma="équipe" pos="NOUN">équipe</instance>
         <wf lemma="déjà" pos="ADV">déjà</wf>
         <wf lemma="gagner" pos="VERB">gagnait</wf>
         <wf lemma="clairement" pos="ADV">clairement</wf>
         <wf lemma=")" pos="X">)</wf>
         <wf lemma="," pos="X">,</wf>
         <wf lemma="le" pos="X">les</wf>
         <wf lemma="deux" pos="NOUN">deux</wf>
         <wf lemma="joueur" pos="NOUN">joueurs</wf>
         <wf lemma="avoir" pos="VERB">ont</wf>
         <wf lemma="délibérément" pos="ADV">délibérément</wf>
         <wf lemma="perdre" pos="VERB">perdu</wf>
         <wf lemma="le" pos="X">le</wf>
         <instance id="d000.s123.t002" lemma="temps" pos="NOUN">temps</instance>
         <wf lemma="lorsque" pos="X">lorsqu'</wf>
         <wf lemma="il" pos="X">ils</wf>
         <wf lemma="avoir" pos="VERB">ont</wf>
         <wf lemma="commettre" pos="VERB">commis</wf>
         <wf lemma="du" pos="X">des</wf>
         <instance id="d000.s123.t003" lemma="faute" pos="NOUN">fautes</instance>
         <wf lemma="pour" pos="X">pour</wf>
         <wf lemma="déterminer" pos="VERB">déterminer</wf>
         <wf lemma="le" pos="X">l'</wf>
         <wf lemma="arbitre" pos="NOUN">arbitre</wf>
         <wf lemma="de" pos="X">de</wf>
         <wf lemma="lui" pos="X">leur</wf>
         <wf lemma="montrer" pos="VERB">montrer</wf>
         <wf lemma="le" pos="X">le</wf>
         <wf lemma="deuxième" pos="NOUN">deuxième</wf>
         <instance id="d000.s123.t004" lemma="carton" pos="NOUN">carton</instance>
         <wf lemma="jaune" pos="ADJ">jaune</wf>
         <wf lemma="." pos="X">.</wf>
      </sentence>
      <sentence id="d000.s124" source="semeval2013-fr">
         <wf lemma="le" pos="X">Le</wf>
         <instance id="d000.s124.t000" lemma="jour" pos="NOUN">jour</instance>
         <wf lemma="où" pos="X">où</wf>
         <wf lemma="le" pos="X">la</wf>
         <wf lemma="Cour" pos="NOUN">Cour</wf>
         <wf lemma="suprême" pos="ADJ">suprême</wf>
         <wf lemma="se" pos="X">se</wf>
         <wf lemma="réunir" pos="VERB">réunit</wf>
         <wf lemma="à" pos="X">à</wf>
         <wf lemma="huis-clos" pos="NOUN">huis-clos</wf>
         <wf lemma="pour" pos="X">pour</wf>
         <wf lemma="examiner" pos="VERB">examiner</wf>
         <wf lemma="le" pos="X">la</wf>
         <instance id="d000.s124.t001" lemma="question" pos="NOUN">question</instance>
         <wf lemma="de" pos="X">de</wf>
         <wf lemma="discorde" pos="NOUN">discorde</wf>
         <wf lemma="politique" pos="ADJ">politique</wf>
         <wf lemma="," pos="X">,</wf>
         <wf lemma="à" pos="X">à</wf>
         <wf lemma="savoir" pos="VERB">savoir</wf>
         <wf lemma="si" pos="X">si</wf>
         <wf lemma="le" pos="X">l'</wf>
         <instance id="d000.s124.t002" lemma="opposition" pos="NOUN">opposition</instance>
         <wf lemma="à" pos="X">à</wf>
         <wf lemma="le" pos="X">la</wf>
         <instance id="d000.s124.t003" lemma="loi" pos="NOUN">loi</instance>
         <wf lemma="du" pos="X">du</wf>
         <instance id="d000.s124.t004" lemma="Président" pos="NOUN">Président</instance>
         <wf lemma="Obama" pos="NOUN">Obama</wf>
         <wf lemma="de" pos="X">de</wf>
         <wf lemma="le" pos="X">la</wf>
         <instance id="d000.s124.t005" lemma="santé" pos="NOUN">santé</instance>
         <wf lemma="être" pos="VERB">sera</wf>
         <wf lemma="entendre" pos="VERB">entendue</wf>
         <wf lemma="," pos="X">,</wf>
         <wf lemma="deux" pos="NOUN">deux</wf>
         <wf lemma="de" pos="X">de</wf>
         <wf lemma="son" pos="X">ses</wf>
         <instance id="d000.s124.t006" lemma="juge" pos="NOUN">juges</instance>
         <wf lemma="," pos="X">,</wf>
         <wf lemma="antonin_scalia" pos="NOUN">Antonin_Scalia</wf>
         <wf lemma="et" pos="X">et</wf>
         <wf lemma="clarence_thomas" pos="NOUN">Clarence_Thomas</wf>
         <wf lemma="," pos="X">,</wf>
         <wf lemma="avoir" pos="VERB">ont</wf>
         <wf lemma="être" pos="VERB">été</wf>
         <wf lemma="remarquer" pos="VERB">remarqués</wf>
         <wf lemma="lors" pos="ADV">lors</wf>
         <wf lemma="de" pos="X">d'</wf>
         <wf lemma="un" pos="X">un</wf>
         <instance id="d000.s124.t007" lemma="dîner" pos="NOUN">dîner</instance>
         <wf lemma="parrainer" pos="VERB">parrainé</wf>
         <wf lemma="par" pos="X">par</wf>
         <wf lemma="le" pos="X">le</wf>
         <instance id="d000.s124.t008" lemma="cabinet_d'avocats" pos="NOUN">cabinet_d'avocats</instance>
         <wf lemma="qui" pos="X">qui</wf>
         <wf lemma="défendre" pos="VERB">défendra</wf>
         <wf lemma="le" pos="X">l'</wf>
         <instance id="d000.s124.t009" lemma="affaire" pos="NOUN">affaire</instance>
         <wf lemma="devant" pos="X">devant</wf>
         <wf lemma="le" pos="X">la</wf>
         <instance id="d000.s124.t010" lemma="haute_cour" pos="NOUN">haute_cour</instance>
         <wf lemma="." pos="X">.</wf>
      </sentence>
      <sentence id="d000.s125" source="semeval2013-fr">
         <wf lemma="ce" pos="X">Ce</wf>
         <instance id="d000.s125.t000" lemma="chiffre" pos="NOUN">chiffre</instance>
         <wf lemma="avoir" pos="VERB">a</wf>
         <wf lemma="être" pos="VERB">été</wf>
         <wf lemma="atteindre" pos="VERB">atteint</wf>
         <wf lemma="le" pos="X">le</wf>
         <instance id="d000.s125.t001" lemma="vendredi" pos="NOUN">vendredi</instance>
         <wf lemma="passer" pos="VERB">passé</wf>
         <wf lemma="dans" pos="X">dans</wf>
         <wf lemma="le" pos="X">le</wf>
         <wf lemma="match" pos="NOUN">match</wf>
         <wf lemma="contre" pos="X">contre</wf>
         <instance id="d000.s125.t002" lemma="Panama" pos="NOUN">Panama</instance>
         <wf lemma="(" pos="X">(</wf>
         <wf lemma="@card@" pos="NOUN">0-2</wf>
         <wf lemma=")" pos="X">)</wf>
         <wf lemma="sur" pos="X">sur</wf>
         <wf lemma="Rommel" pos="NOUN">Rommel</wf>
         <wf lemma="Fernández" pos="NOUN">Fernández</wf>
         <wf lemma="." pos="X">.</wf>
      </sentence>
      <sentence id="d000.s126" source="semeval2013-fr">
         <wf lemma="&quot;" pos="X">&quot;</wf>
         <wf lemma="on" pos="X">On</wf>
         <wf lemma="se" pos="X">se</wf>
         <wf lemma="demander" pos="VERB">demande</wf>
         <wf lemma="ce" pos="X">ce</wf>
         <wf lemma="qui" pos="X">qui</wf>
         <wf lemma="être" pos="VERB">est</wf>
         <wf lemma="encore" pos="ADV">encore</wf>
         <wf lemma="possible" pos="ADJ">possible</wf>
         <wf lemma="&quot;" pos="X">&quot;</wf>
         <wf lemma="," pos="X">,</wf>
         <wf lemma="avoir" pos="VERB">a</wf>
         <wf lemma="déclarer" pos="VERB">déclaré</wf>
         <wf lemma="Ariel" pos="NOUN">Ariel</wf>
         <wf lemma="Anbar" pos="NOUN">Anbar</wf>
         <wf lemma="D." pos="X">D.</wf>
         <wf lemma="de" pos="X">de</wf>
         <wf lemma="le" pos="X">l'</wf>
         <instance id="d000.s126.t000" lemma="université" pos="NOUN">Université</instance>
         <wf lemma="de" pos="X">d'</wf>
         <wf lemma="Etat" pos="NOUN">Etat</wf>
         <wf lemma="de" pos="X">d'</wf>
         <instance id="d000.s126.t001" lemma="Arizona" pos="NOUN">Arizona</instance>
         <wf lemma="," pos="X">,</wf>
         <instance id="d000.s126.t002" lemma="co-auteur" pos="NOUN">co-auteur</instance>
         <wf lemma="du" pos="X">du</wf>
         <instance id="d000.s126.t003" lemma="rapport" pos="NOUN">rapport</instance>
         <wf lemma="." pos="X">.</wf>
      </sentence>
      <sentence id="d000.s127" source="semeval2013-fr">
         <wf lemma="&quot;" pos="X">&quot;</wf>
         <wf lemma="je" pos="X">J'</wf>
         <wf lemma="en" pos="X">en</wf>
         <wf lemma="avoir" pos="VERB">ai</wf>
         <wf lemma="faire" pos="VERB">fait</wf>
         <wf lemma="le" pos="X">l'</wf>
         <wf lemma="expérience" pos="NOUN">expérience</wf>
         <wf lemma="lors" pos="ADV">lors</wf>
         <wf lemma="de" pos="X">de</wf>
         <wf lemma="ce" pos="X">ce</wf>
         <wf lemma="procès" pos="NOUN">procès</wf>
         <wf lemma=";" pos="X">;</wf>
         <wf lemma="je" pos="X">je</wf>
         <wf lemma="penser" pos="VERB">pense</wf>
         <wf lemma="que" pos="X">qu'</wf>
         <wf lemma="il" pos="X">il</wf>
         <wf lemma="y" pos="X">y</wf>
         <wf lemma="avoir" pos="VERB">a</wf>
         <wf lemma="un" pos="X">un</wf>
         <wf lemma="réel" pos="ADJ">réel</wf>
         <instance id="d000.s127.t000" lemma="danger" pos="NOUN">danger</instance>
         <wf lemma="," pos="X">,</wf>
         <wf lemma="le" pos="X">l'</wf>
         <wf lemma="introduction" pos="NOUN">introduction</wf>
         <wf lemma="du" pos="X">des</wf>
         <wf lemma="nouveau" pos="ADJ">nouvelles</wf>
         <wf lemma="technologie" pos="NOUN">technologies</wf>
         <wf lemma="dans" pos="X">dans</wf>
         <wf lemma="le" pos="X">les</wf>
         <instance id="d000.s127.t001" lemma="salle_d'audience" pos="NOUN">salles_d'audience</instance>
         <wf lemma="porter" pos="VERB">porte</wf>
         <wf lemma="atteindre" pos="VERB">atteinte</wf>
         <wf lemma="au" pos="X">aux</wf>
         <instance id="d000.s127.t002" lemma="droit" pos="NOUN">droits</instance>
         <wf lemma="de" pos="X">de</wf>
         <wf lemma="le" pos="X">la</wf>
         <instance id="d000.s127.t003" lemma="personne" pos="NOUN">personne</instance>
         <wf lemma="à" pos="X">à</wf>
         <wf lemma="un" pos="X">un</wf>
         <instance id="d000.s127.t004" lemma="procès" pos="NOUN">procès</instance>
         <wf lemma="équitable" pos="ADJ">équitable</wf>
         <wf lemma="&quot;" pos="X">&quot;</wf>
         <wf lemma="," pos="X">,</wf>
         <wf lemma="avoir" pos="VERB">a</wf>
         <wf lemma="déclarer" pos="VERB">déclaré</wf>
         <wf lemma="Thomas" pos="NOUN">Thomas</wf>
         <wf lemma="J." pos="NOUN">J.</wf>
         <wf lemma="Ullmann" pos="NOUN">Ullmann</wf>
         <wf lemma="," pos="X">,</wf>
         <instance id="d000.s127.t005" lemma="avocat" pos="NOUN">avocat</instance>
         <wf lemma="de" pos="X">de</wf>
         <wf lemma="monsieur" pos="NOUN">M.</wf>
         <wf lemma="Hayes" pos="NOUN">Hayes</wf>
         <wf lemma="," pos="X">,</wf>
         <instance id="d000.s127.t006" lemma="chef" pos="NOUN">chef</instance>
         <instance id="d000.s127.t007" lemma="avocat" pos="NOUN">avocat</instance>
         <wf lemma="." pos="X">.</wf>
      </sentence>
      <sentence id="d000.s128" source="semeval2013-fr">
         <wf lemma="Cockell" pos="NOUN">Cockell</wf>
         <wf lemma="ne" pos="ADV">ne</wf>
         <wf lemma="faire" pos="VERB">faisait</wf>
         <wf lemma="pas" pos="ADV">pas</wf>
         <wf lemma="partir" pos="VERB">partie</wf>
         <wf lemma="de" pos="X">de</wf>
         <wf lemma="le" pos="X">l'</wf>
         <instance id="d000.s128.t000" lemma="équipe" pos="NOUN">équipe</instance>
         <wf lemma="de" pos="X">de</wf>
         <instance id="d000.s128.t001" lemma="recherche" pos="NOUN">recherche</instance>
         <wf lemma="." pos="X">.</wf>
      </sentence>
      <sentence id="d000.s129" source="semeval2013-fr">
         <wf lemma="au" pos="X">Aux</wf>
         <wf lemma="Etats-Unis" pos="NOUN">Etats-Unis</wf>
         <wf lemma="," pos="X">,</wf>
         <wf lemma="le" pos="X">les</wf>
         <instance id="d000.s129.t000" lemma="vente" pos="NOUN">ventes</instance>
         <wf lemma="de" pos="X">de</wf>
         <instance id="d000.s129.t001" lemma="détail" pos="NOUN">détail</instance>
         <wf lemma="avoir" pos="VERB">ont</wf>
         <wf lemma="augmenter" pos="VERB">augmenté</wf>
         <wf lemma="de" pos="X">de</wf>
         <wf lemma="@card@" pos="NOUN">1,3</wf>
         <wf lemma="%" pos="X">%</wf>
         <wf lemma="en" pos="X">en</wf>
         <instance id="d000.s129.t002" lemma="novembre" pos="NOUN">novembre</instance>
         <wf lemma="pour" pos="X">pour</wf>
         <wf lemma="le" pos="X">le</wf>
         <wf lemma="deuxième" pos="NOUN">deuxième</wf>
         <instance id="d000.s129.t003" lemma="mois" pos="NOUN">mois</instance>
         <wf lemma="de" pos="X">d'</wf>
         <wf lemma="affilée" pos="ADV">affilée</wf>
         <wf lemma="et" pos="X">et</wf>
         <wf lemma="bien" pos="ADV">bien</wf>
         <wf lemma="plus" pos="ADV">plus</wf>
         <wf lemma="que" pos="ADV">que</wf>
         <wf lemma="prévoir" pos="VERB">prévu</wf>
         <wf lemma="." pos="X">.</wf>
      </sentence>
      <sentence id="d000.s130" source="semeval2013-fr">
         <wf lemma="un" pos="X">Une</wf>
         <wf lemma="autre" pos="ADJ">autre</wf>
         <instance id="d000.s130.t000" lemma="question" pos="NOUN">question</instance>
         <wf lemma="être" pos="VERB">est</wf>
         <wf lemma="le" pos="X">le</wf>
         <instance id="d000.s130.t001" lemma="type" pos="NOUN">type</instance>
         <wf lemma="de" pos="X">d'</wf>
         <instance id="d000.s130.t002" lemma="avantage" pos="NOUN">avantage</instance>
         <wf lemma="que" pos="X">que</wf>
         <wf lemma="le" pos="X">les</wf>
         <wf lemma="infracteur" pos="NOUN">infracteurs</wf>
         <wf lemma="obtenir" pos="VERB">obtiennent</wf>
         <wf lemma="du" pos="X">des</wf>
         <wf lemma="le" pos="X">les</wf>
         <instance id="d000.s130.t003" lemma="faute" pos="NOUN">fautes</instance>
         <wf lemma="intentionné" pos="ADJ">intentionnées</wf>
         <wf lemma="examiner" pos="VERB">examinées</wf>
         <wf lemma="." pos="X">.</wf>
      </sentence>
      <sentence id="d000.s131" source="semeval2013-fr">
         <wf lemma="le" pos="X">La</wf>
         <wf lemma="bank_of_america" pos="NOUN">Bank_of_America</wf>
         <wf lemma="avoir" pos="VERB">a</wf>
         <wf lemma="annoncer" pos="VERB">annoncé</wf>
         <instance id="d000.s131.t000" lemma="mercredi" pos="NOUN">mercredi</instance>
         <wf lemma="que" pos="X">qu'</wf>
         <wf lemma="elle" pos="X">elle</wf>
         <wf lemma="avoir" pos="VERB">avait</wf>
         <wf lemma="rembourser" pos="VERB">remboursé</wf>
         <wf lemma="intégralement" pos="ADV">intégralement</wf>
         <wf lemma="au" pos="X">au</wf>
         <wf lemma="Trésor" pos="NOUN">Trésor</wf>
         <wf lemma="@card@" pos="NOUN">45</wf>
         <instance id="d000.s131.t001" lemma="milliard" pos="NOUN">milliards</instance>
         <wf lemma="de" pos="X">de</wf>
         <instance id="d000.s131.t002" lemma="dollar" pos="NOUN">dollars</instance>
         <wf lemma="(" pos="X">(</wf>
         <wf lemma="plus" pos="ADV">plus</wf>
         <wf lemma="de" pos="X">de</wf>
         <wf lemma="@card@" pos="NOUN">30</wf>
         <instance id="d000.s131.t003" lemma="milliard" pos="NOUN">milliards</instance>
         <wf lemma="de" pos="X">d'</wf>
         <wf lemma="Euros" pos="NOUN">Euros</wf>
         <wf lemma=")" pos="X">)</wf>
         <wf lemma="," pos="X">,</wf>
         <wf lemma="correspondre" pos="VERB">correspondant</wf>
         <wf lemma="à" pos="X">à</wf>
         <wf lemma="le" pos="X">l'</wf>
         <instance id="d000.s131.t004" lemma="aide" pos="NOUN">aide</instance>
         <wf lemma="accorder" pos="VERB">accordée</wf>
         <wf lemma="dans" pos="X">dans</wf>
         <wf lemma="le" pos="X">le</wf>
         <instance id="d000.s131.t005" lemma="cadre" pos="NOUN">cadre</instance>
         <wf lemma="du" pos="X">du</wf>
         <instance id="d000.s131.t006" lemma="plan" pos="NOUN">plan</instance>
         <wf lemma="de" pos="X">de</wf>
         <instance id="d000.s131.t007" lemma="sauvetage" pos="NOUN">sauvetage</instance>
         <wf lemma="Tarp" pos="NOUN">Tarp</wf>
         <wf lemma="." pos="X">.</wf>
      </sentence>
      <sentence id="d000.s132" source="semeval2013-fr">
         <wf lemma="nous" pos="X">Nous</wf>
         <wf lemma="entrer" pos="VERB">entrons</wf>
         <wf lemma="dans" pos="X">dans</wf>
         <wf lemma="le" pos="X">la</wf>
         <instance id="d000.s132.t000" lemma="cour" pos="NOUN">cour</instance>
         <wf lemma="du" pos="X">des</wf>
         <wf lemma="grand" pos="ADJ">grands</wf>
         <wf lemma="," pos="X">,</wf>
         <wf lemma="avoir" pos="VERB">a</wf>
         <wf lemma="déclarer" pos="VERB">déclaré</wf>
         <wf lemma="carlos_manuel" pos="NOUN">Carlos_Manuel</wf>
         <wf lemma="Rodriguez" pos="NOUN">Rodriguez</wf>
         <wf lemma="," pos="X">,</wf>
         <instance id="d000.s132.t001" lemma="vice-président" pos="NOUN">vice-président</instance>
         <wf lemma="pour" pos="X">pour</wf>
         <wf lemma="le" pos="X">la</wf>
         <wf lemma="politique_mondiale" pos="NOUN">politique_mondiale</wf>
         <wf lemma="de" pos="X">de</wf>
         <wf lemma="conservation_international" pos="NOUN">Conservation_International</wf>
         <wf lemma="." pos="X">.</wf>
      </sentence>
      <sentence id="d000.s133" source="semeval2013-fr">
         <wf lemma="le" pos="X">La</wf>
         <instance id="d000.s133.t000" lemma="question" pos="NOUN">question</instance>
         <wf lemma="être" pos="VERB">est</wf>
         <wf lemma="de" pos="X">d'</wf>
         <wf lemma="examiner" pos="VERB">examiner</wf>
         <wf lemma="le" pos="X">le</wf>
         <instance id="d000.s133.t001" lemma="type" pos="NOUN">type</instance>
         <wf lemma="de" pos="X">de</wf>
         <wf lemma="préjudice" pos="NOUN">préjudice</wf>
         <wf lemma="que" pos="X">qu'</wf>
         <wf lemma="il" pos="X">ils</wf>
         <wf lemma="provoquer" pos="VERB">provoquent</wf>
         <wf lemma="à" pos="X">à</wf>
         <wf lemma="le" pos="X">l'</wf>
         <instance id="d000.s133.t002" lemma="esprit" pos="NOUN">esprit</instance>
         <wf lemma="sportif" pos="ADJ">sportif</wf>
         <wf lemma="." pos="X">.</wf>
      </sentence>
      <sentence id="d000.s134" source="semeval2013-fr">
         <wf lemma="selon" pos="X">Selon</wf>
         <wf lemma="le" pos="X">les</wf>
         <instance id="d000.s134.t000" lemma="chiffre" pos="NOUN">chiffres</instance>
         <wf lemma="définitif" pos="ADJ">définitifs</wf>
         <wf lemma="de" pos="X">de</wf>
         <wf lemma="clôture" pos="NOUN">clôture</wf>
         <wf lemma="," pos="X">,</wf>
         <wf lemma="le" pos="X">le</wf>
         <instance id="d000.s134.t001" lemma="dow_jones_industrial_average" pos="NOUN">Dow_Jones_Industrial_Average</instance>
         <wf lemma="être" pos="VERB">est</wf>
         <wf lemma="monter" pos="VERB">monté</wf>
         <wf lemma="de" pos="X">de</wf>
         <wf lemma="@card@" pos="NOUN">65,67</wf>
         <instance id="d000.s134.t002" lemma="point" pos="NOUN">points</instance>
         <wf lemma="à" pos="X">à</wf>
         <wf lemma="@card@" pos="NOUN">10.471,50</wf>
         <instance id="d000.s134.t003" lemma="point" pos="NOUN">points</instance>
         <wf lemma="," pos="X">,</wf>
         <wf lemma="tandis" pos="X">tandis</wf>
         <wf lemma="que" pos="X">que</wf>
         <wf lemma="le" pos="X">le</wf>
         <instance id="d000.s134.t004" lemma="Nasdaq" pos="NOUN">Nasdaq</instance>
         <wf lemma="," pos="X">,</wf>
         <wf lemma="à" pos="X">à</wf>
         <wf lemma="dominant" pos="ADJ">dominante</wf>
         <wf lemma="technologique" pos="ADJ">technologique</wf>
         <wf lemma="," pos="X">,</wf>
         <wf lemma="avoir" pos="VERB">a</wf>
         <wf lemma="abandonner" pos="VERB">abandonné</wf>
         <wf lemma="@card@" pos="NOUN">0,55</wf>
         <instance id="d000.s134.t005" lemma="point" pos="NOUN">point</instance>
         <wf lemma="à" pos="X">à</wf>
         <wf lemma="@card@" pos="NOUN">2.190,31</wf>
         <instance id="d000.s134.t006" lemma="point" pos="NOUN">points</instance>
         <wf lemma="." pos="X">.</wf>
      </sentence>
      <sentence id="d000.s135" source="semeval2013-fr">
         <wf lemma="en" pos="X">En</wf>
         <wf lemma="tout" pos="X">tout</wf>
         <wf lemma="cas" pos="NOUN">cas</wf>
         <wf lemma="," pos="X">,</wf>
         <wf lemma="le" pos="X">le</wf>
         <instance id="d000.s135.t000" lemma="débat" pos="NOUN">débat</instance>
         <wf lemma="demander" pos="VERB">demande</wf>
         <wf lemma="si" pos="X">si</wf>
         <wf lemma="ce" pos="X">ce</wf>
         <instance id="d000.s135.t001" lemma="type" pos="NOUN">type</instance>
         <wf lemma="de" pos="X">de</wf>
         <instance id="d000.s135.t002" lemma="comportement" pos="NOUN">comportement</instance>
         <wf lemma="pas" pos="ADV">pas</wf>
         <wf lemma="interdire" pos="VERB">interdit</wf>
         <wf lemma="expressément" pos="ADV">expressément</wf>
         <wf lemma="par" pos="X">par</wf>
         <wf lemma="le" pos="X">le</wf>
         <wf lemma="règlement" pos="NOUN">règlement</wf>
         <wf lemma="contredire" pos="VERB">contredit</wf>
         <wf lemma="le" pos="X">les</wf>
         <instance id="d000.s135.t003" lemma="principe" pos="NOUN">principes</instance>
         <wf lemma="du" pos="X">du</wf>
         <instance id="d000.s135.t004" lemma="sport" pos="NOUN">sport</instance>
         <wf lemma="," pos="X">,</wf>
         <wf lemma="ce" pos="X">c'</wf>
         <wf lemma="est-à-dire" pos="ADV">est-à-dire</wf>
         <wf lemma="," pos="X">,</wf>
         <wf lemma="si" pos="X">si</wf>
         <wf lemma="avec" pos="X">avec</wf>
         <wf lemma="ce" pos="X">ces</wf>
         <instance id="d000.s135.t005" lemma="action" pos="NOUN">actions</instance>
         <wf lemma="la" pos="X">l'</wf>
         <wf lemma="on" pos="X">on</wf>
         <wf lemma="commettre" pos="VERB">commet</wf>
         <wf lemma="un" pos="X">un</wf>
         <instance id="d000.s135.t006" lemma="fraude" pos="NOUN">fraude</instance>
         <wf lemma="de" pos="X">de</wf>
         <instance id="d000.s135.t007" lemma="loi" pos="NOUN">loi</instance>
         <wf lemma=";" pos="X">;</wf>
         <wf lemma="car" pos="X">car</wf>
         <wf lemma="," pos="X">,</wf>
         <wf lemma="en" pos="X">en</wf>
         <wf lemma="effet" pos="X">effet</wf>
         <wf lemma="," pos="X">,</wf>
         <wf lemma="elle" pos="X">elles</wf>
         <wf lemma="être" pos="VERB">sont</wf>
         <wf lemma="du" pos="X">des</wf>
         <instance id="d000.s135.t008" lemma="action" pos="NOUN">actions</instance>
         <wf lemma="respectueux" pos="ADJ">respectueuses</wf>
         <wf lemma="avec" pos="X">avec</wf>
         <wf lemma="le" pos="X">le</wf>
         <wf lemma="règlement" pos="NOUN">règlement</wf>
         <wf lemma="sportif" pos="ADJ">sportif</wf>
         <wf lemma="," pos="X">,</wf>
         <wf lemma="mais" pos="X">mais</wf>
         <wf lemma="sembler" pos="VERB">semblent</wf>
         <wf lemma="éluder" pos="VERB">éluder</wf>
         <wf lemma="son" pos="X">son</wf>
         <instance id="d000.s135.t009" lemma="sens" pos="NOUN">sens</instance>
         <wf lemma="." pos="X">.</wf>
      </sentence>
      <sentence id="d000.s136" source="semeval2013-fr">
         <wf lemma="et" pos="X">Et</wf>
         <wf lemma="ce" pos="X">ce</wf>
         <wf lemma="sans" pos="X">sans</wf>
         <wf lemma="prendre_en_compte" pos="NOUN">prendre_en_compte</wf>
         <wf lemma="le" pos="X">le</wf>
         <instance id="d000.s136.t000" lemma="fait" pos="NOUN">fait</instance>
         <wf lemma="que" pos="X">que</wf>
         <wf lemma="le" pos="X">la</wf>
         <wf lemma="diversité" pos="NOUN">diversité</wf>
         <wf lemma="apporter" pos="VERB">apportée</wf>
         <wf lemma="par" pos="X">par</wf>
         <wf lemma="le" pos="X">les</wf>
         <instance id="d000.s136.t001" lemma="immigrant" pos="NOUN">immigrants</instance>
         <wf lemma="contribuer" pos="VERB">contribue</wf>
         <wf lemma="à" pos="X">à</wf>
         <wf lemma="le" pos="X">la</wf>
         <instance id="d000.s136.t002" lemma="création" pos="NOUN">création</instance>
         <wf lemma="de" pos="X">d'</wf>
         <instance id="d000.s136.t003" lemma="idée" pos="NOUN">idées</instance>
         <wf lemma="et" pos="X">et</wf>
         <wf lemma="à" pos="X">à</wf>
         <wf lemma="le" pos="X">la</wf>
         <instance id="d000.s136.t004" lemma="croissance_économique" pos="NOUN">croissance_économique</instance>
         <wf lemma="(" pos="X">(</wf>
         <wf lemma="fort" pos="ADJ">forte</wf>
         <instance id="d000.s136.t005" lemma="proportion" pos="NOUN">proportion</instance>
         <wf lemma="de" pos="X">d'</wf>
         <instance id="d000.s136.t006" lemma="immigrant" pos="NOUN">immigrants</instance>
         <wf lemma="naturaliser" pos="VERB">naturalisés</wf>
         <wf lemma="parmi" pos="X">parmi</wf>
         <wf lemma="le" pos="X">les</wf>
         <instance id="d000.s136.t007" lemma="prix_nobel" pos="NOUN">prix_Nobel</instance>
         <wf lemma="américain" pos="ADJ">américains</wf>
         <wf lemma=";" pos="X">;</wf>
         <instance id="d000.s136.t008" lemma="Google" pos="NOUN">Google</instance>
         <wf lemma="," pos="X">,</wf>
         <wf lemma="Intel" pos="NOUN">Intel</wf>
         <wf lemma="," pos="X">,</wf>
         <wf lemma="Paypal" pos="NOUN">Paypal</wf>
         <wf lemma="," pos="X">,</wf>
         <wf lemma="eBay" pos="NOUN">eBay</wf>
         <wf lemma="et" pos="X">et</wf>
         <instance id="d000.s136.t009" lemma="Yahoo" pos="NOUN">Yahoo</instance>
         <wf lemma="avoir" pos="VERB">ont</wf>
         <wf lemma="être" pos="VERB">été</wf>
         <wf lemma="fonder" pos="VERB">fondées</wf>
         <wf lemma="par" pos="X">par</wf>
         <wf lemma="du" pos="X">des</wf>
         <instance id="d000.s136.t010" lemma="immigrant" pos="NOUN">immigrants</instance>
         <wf lemma=")" pos="X">)</wf>
         <wf lemma="." pos="X">.</wf>
      </sentence>
      <sentence id="d000.s137" source="semeval2013-fr">
         <wf lemma="le" pos="X">Le</wf>
         <instance id="d000.s137.t000" lemma="groupe" pos="NOUN">groupe</instance>
         <wf lemma="du" pos="X">des</wf>
         <instance id="d000.s137.t001" lemma="nations_unies" pos="NOUN">Nations_Unies</instance>
         <wf lemma="avoir" pos="VERB">a</wf>
         <wf lemma="du" pos="X">des</wf>
         <wf lemma="projet" pos="NOUN">projets</wf>
         <wf lemma="de" pos="X">de</wf>
         <instance id="d000.s137.t002" lemma="plan" pos="NOUN">plans</instance>
         <wf lemma="pour" pos="X">pour</wf>
         <wf lemma="le" pos="X">la</wf>
         <instance id="d000.s137.t003" lemma="réduction" pos="NOUN">réduction</instance>
         <wf lemma="du" pos="X">des</wf>
         <instance id="d000.s137.t004" lemma="émission" pos="NOUN">émissions</instance>
      </sentence>
      <sentence id="d000.s138" source="semeval2013-fr">
         <wf lemma="pour" pos="X">Pour</wf>
         <instance id="d000.s138.t000" lemma="costa_rica" pos="NOUN">Costa_Rica</instance>
         <wf lemma="," pos="X">,</wf>
         <wf lemma="bryan_ruiz" pos="NOUN">Bryan_Ruiz</wf>
         <wf lemma="être" pos="VERB">est</wf>
         <wf lemma="celui" pos="X">celui</wf>
         <wf lemma="qui" pos="X">qui</wf>
         <wf lemma="en" pos="X">en</wf>
         <wf lemma="enregistrer" pos="VERB">enregistre</wf>
         <wf lemma="le" pos="X">le</wf>
         <wf lemma="plus" pos="ADV">plus</wf>
         <wf lemma="," pos="X">,</wf>
         <wf lemma="avec" pos="X">avec</wf>
         <wf lemma="neuf" pos="NOUN">neuf</wf>
         <wf lemma="," pos="X">,</wf>
         <wf lemma="deux" pos="NOUN">deux</wf>
         <wf lemma="plus" pos="ADV">plus</wf>
         <wf lemma="que" pos="X">que</wf>
         <wf lemma="carlos_hernández" pos="NOUN">Carlos_Hernández</wf>
         <wf lemma="et" pos="X">et</wf>
         <wf lemma="trois" pos="NOUN">trois</wf>
         <wf lemma="plus" pos="ADV">plus</wf>
         <wf lemma="que" pos="X">que</wf>
         <wf lemma="roy_myrie" pos="NOUN">Roy_Myrie</wf>
         <wf lemma="et" pos="X">et</wf>
         <wf lemma="Parks" pos="NOUN">Parks</wf>
         <wf lemma="." pos="X">.</wf>
      </sentence>
      <sentence id="d000.s139" source="semeval2013-fr">
         <wf lemma="le" pos="X">L'</wf>
         <instance id="d000.s139.t000" lemma="immigration" pos="NOUN">immigration</instance>
         <wf lemma="est-elle" pos="ADJ">est-elle</wf>
         <wf lemma="un" pos="X">une</wf>
         <instance id="d000.s139.t001" lemma="charge" pos="NOUN">charge</instance>
         <wf lemma="ou" pos="X">ou</wf>
         <wf lemma="un" pos="X">une</wf>
         <instance id="d000.s139.t002" lemma="chance" pos="NOUN">chance</instance>
         <wf lemma="pour" pos="X">pour</wf>
         <wf lemma="le" pos="X">l'</wf>
         <instance id="d000.s139.t003" lemma="économie" pos="NOUN">économie</instance>
         <wf lemma="?" pos="X">?</wf>
      </sentence>
      <sentence id="d000.s140" source="semeval2013-fr">
         <wf lemma="le" pos="X">La</wf>
         <wf lemma="NCUA" pos="NOUN">NCUA</wf>
         <wf lemma="essayer" pos="VERB">essaie</wf>
         <wf lemma="de" pos="X">de</wf>
         <wf lemma="réparer" pos="VERB">réparer</wf>
         <wf lemma="le" pos="X">les</wf>
         <instance id="d000.s140.t000" lemma="dommage" pos="NOUN">dommages</instance>
         <wf lemma="encourir" pos="VERB">encourus</wf>
         <wf lemma="de" pos="X">de</wf>
         <wf lemma="plusieurs" pos="X">plusieurs</wf>
         <instance id="d000.s140.t001" lemma="milliard" pos="NOUN">milliards</instance>
         <wf lemma="de" pos="X">de</wf>
         <instance id="d000.s140.t002" lemma="dollar" pos="NOUN">dollars</instance>
         <wf lemma="." pos="X">.</wf>
      </sentence>
      <sentence id="d000.s141" source="semeval2013-fr">
         <wf lemma="le" pos="X">La</wf>
         <wf lemma="seul" pos="ADJ">seule</wf>
         <instance id="d000.s141.t000" lemma="différence" pos="NOUN">différence</instance>
         <wf lemma="tenir" pos="VERB">tient</wf>
         <wf lemma="au" pos="X">au</wf>
         <instance id="d000.s141.t001" lemma="degré" pos="NOUN">degré</instance>
         <wf lemma="de" pos="X">de</wf>
         <instance id="d000.s141.t002" lemma="générosité" pos="NOUN">générosité</instance>
         <wf lemma="que" pos="X">que</wf>
         <wf lemma="le" pos="X">l'</wf>
         <wf lemma="on" pos="X">on</wf>
         <wf lemma="daigner" pos="VERB">daignera</wf>
         <wf lemma="accorder" pos="VERB">accorder</wf>
         <wf lemma="vis-à-vis" pos="ADV">vis-à-vis</wf>
         <wf lemma="du" pos="X">des</wf>
         <wf lemma="immigrer" pos="VERB">immigrés</wf>
         <wf lemma="." pos="X">.</wf>
      </sentence>
      <sentence id="d000.s142" source="semeval2013-fr">
         <wf lemma="le" pos="X">La</wf>
         <instance id="d000.s142.t000" lemma="politique" pos="NOUN">politique</instance>
         <wf lemma="en" pos="X">en</wf>
         <wf lemma="matière" pos="NOUN">matière</wf>
         <wf lemma="de" pos="X">d'</wf>
         <instance id="d000.s142.t001" lemma="immigration" pos="NOUN">immigration</instance>
         <wf lemma="mener" pos="VERB">menée</wf>
         <wf lemma="sous" pos="X">sous</wf>
         <wf lemma="nicolas_sarkozy" pos="NOUN">Nicolas_Sarkozy</wf>
         <wf lemma="avoir" pos="VERB">a</wf>
         <wf lemma="être" pos="VERB">été</wf>
         <wf lemma="critiquer" pos="VERB">critiquée</wf>
         <wf lemma="sous" pos="X">sous</wf>
         <wf lemma="divers" pos="ADJ">divers</wf>
         <wf lemma="angle" pos="NOUN">angles</wf>
         <wf lemma="-engorgement" pos="ADJ">-engorgement</wf>
         <wf lemma="du" pos="X">des</wf>
         <instance id="d000.s142.t002" lemma="service" pos="NOUN">services</instance>
         <wf lemma="policier" pos="ADJ">policiers</wf>
         <wf lemma="," pos="X">,</wf>
         <wf lemma="judiciaire" pos="ADJ">judiciaires</wf>
         <wf lemma="et" pos="X">et</wf>
         <wf lemma="administratif" pos="ADJ">administratifs</wf>
         <wf lemma="soumettre" pos="VERB">soumis</wf>
         <wf lemma="à" pos="X">à</wf>
         <wf lemma="le" pos="X">la</wf>
         <instance id="d000.s142.t003" lemma="politique" pos="NOUN">politique</instance>
         <wf lemma="du" pos="X">du</wf>
         <wf lemma="chiffre" pos="NOUN">chiffre</wf>
         <wf lemma="," pos="X">,</wf>
         <wf lemma="compatibilité" pos="NOUN">compatibilité</wf>
         <wf lemma="de" pos="X">de</wf>
         <wf lemma="ce" pos="X">cette</wf>
         <instance id="d000.s142.t004" lemma="politique" pos="NOUN">politique</instance>
         <wf lemma="avec" pos="X">avec</wf>
         <wf lemma="le" pos="X">le</wf>
         <instance id="d000.s142.t005" lemma="statut" pos="NOUN">statut</instance>
         <wf lemma="autoproclamé" pos="VERB">autoproclamé</wf>
         <wf lemma="de" pos="X">de</wf>
         <wf lemma="&quot;" pos="X">&quot;</wf>
         <instance id="d000.s142.t006" lemma="pays" pos="NOUN">pays</instance>
         <wf lemma="du" pos="X">des</wf>
         <instance id="d000.s142.t007" lemma="droits_de_l'homme" pos="NOUN">droits_de_l'homme</instance>
         <wf lemma="&quot;" pos="X">&quot;</wf>
         <wf lemma="de" pos="X">de</wf>
         <wf lemma="le" pos="X">la</wf>
         <wf lemma="france" pos="NOUN">France</wf>
         <wf lemma="." pos="X">.</wf>
      </sentence>
      <sentence id="d000.s143" source="semeval2013-fr">
         <wf lemma="le" pos="X">L'</wf>
         <instance id="d000.s143.t000" lemma="appel" pos="NOUN">appel</instance>
         <wf lemma="de" pos="X">de</wf>
         <wf lemma="Cheshire" pos="NOUN">Cheshire</wf>
         <wf lemma="pointer" pos="VERB">pointera</wf>
         <wf lemma="vers" pos="X">vers</wf>
         <wf lemma="Twitter" pos="NOUN">Twitter</wf>
      </sentence>
      <sentence id="d000.s144" source="semeval2013-fr">
         <wf lemma="en" pos="X">En</wf>
         <wf lemma="outre" pos="ADV">outre</wf>
         <wf lemma="," pos="X">,</wf>
         <wf lemma="un" pos="X">un</wf>
         <instance id="d000.s144.t000" lemma="réseau" pos="NOUN">réseau</instance>
         <wf lemma="de" pos="X">de</wf>
         <instance id="d000.s144.t001" lemma="sécurité_sociale" pos="NOUN">sécurité_sociale</instance>
         <wf lemma="avoir" pos="VERB">a</wf>
         <wf lemma="contribuer" pos="VERB">contribué</wf>
         <wf lemma="à" pos="X">à</wf>
         <wf lemma="protéger" pos="VERB">protéger</wf>
         <wf lemma="le" pos="X">les</wf>
         <instance id="d000.s144.t002" lemma="pauvre" pos="NOUN">pauvres</instance>
         <wf lemma="." pos="X">.</wf>
      </sentence>
      <sentence id="d000.s145" source="semeval2013-fr">
         <wf lemma="le" pos="X">La</wf>
         <instance id="d000.s145.t000" lemma="routine" pos="NOUN">routine</instance>
         <wf lemma="démocratique" pos="ADJ">démocratique</wf>
      </sentence>
      <sentence id="d000.s146" source="semeval2013-fr">
         <wf lemma="le" pos="X">Le</wf>
         <wf lemma="Caja_Laboral" pos="NOUN">Caja_Laboral</wf>
         <wf lemma="avoir" pos="VERB">a</wf>
         <wf lemma="obtenir" pos="VERB">obtenu</wf>
         <wf lemma="un" pos="X">un</wf>
         <instance id="d000.s146.t000" lemma="triomphe" pos="NOUN">triomphe</instance>
         <wf lemma="éclater" pos="VERB">éclatant</wf>
         <wf lemma="à" pos="X">à</wf>
         <wf lemma="@card@" pos="NOUN">91-82</wf>
         <wf lemma="lors" pos="ADV">lors</wf>
         <wf lemma="de" pos="X">de</wf>
         <wf lemma="son" pos="X">sa</wf>
         <instance id="d000.s146.t001" lemma="visite" pos="NOUN">visite</instance>
         <wf lemma="sur" pos="X">sur</wf>
         <wf lemma="le" pos="X">le</wf>
         <instance id="d000.s146.t002" lemma="terrain" pos="NOUN">terrain</instance>
         <wf lemma="ardu" pos="ADJ">ardu</wf>
         <wf lemma="du" pos="X">du</wf>
         <wf lemma="Maccabi" pos="NOUN">Maccabi</wf>
         <wf lemma="Electra" pos="NOUN">Electra</wf>
         <wf lemma="," pos="X">,</wf>
         <wf lemma="malgré" pos="X">malgré</wf>
         <wf lemma="le" pos="X">les</wf>
         <wf lemma="nombreux" pos="ADJ">nombreuses</wf>
         <instance id="d000.s146.t003" lemma="absence" pos="NOUN">absences</instance>
         <wf lemma="dont" pos="X">dont</wf>
         <wf lemma="souffrir" pos="VERB">souffrait</wf>
         <wf lemma="l" pos="VERB">l</wf>
         <wf lemma="’" pos="X">’</wf>
         <instance id="d000.s146.t004" lemma="équipe" pos="NOUN">équipe</instance>
         <wf lemma="de" pos="X">de</wf>
         <wf lemma="dusko_ivanovic" pos="NOUN">Dusko_Ivanovic</wf>
         <wf lemma="." pos="X">.</wf>
         <wf lemma="elle" pos="X">Elle</wf>
         <wf lemma="se" pos="X">se</wf>
         <wf lemma="situer" pos="VERB">situe</wf>
         <wf lemma="ainsi" pos="ADV">ainsi</wf>
         <wf lemma="en" pos="X">en</wf>
         <wf lemma="tête" pos="NOUN">tête</wf>
         <wf lemma="de" pos="X">de</wf>
         <wf lemma="son" pos="X">son</wf>
         <instance id="d000.s146.t005" lemma="groupe" pos="NOUN">groupe</instance>
         <wf lemma="," pos="X">,</wf>
         <wf lemma="après" pos="X">après</wf>
         <wf lemma="le" pos="X">le</wf>
         <wf lemma="grand" pos="ADJ">grand</wf>
         <instance id="d000.s146.t006" lemma="spectacle" pos="NOUN">spectacle</instance>
         <wf lemma="de" pos="X">de</wf>
         <wf lemma="mirza_teletovic" pos="NOUN">Mirza_Teletovic</wf>
         <wf lemma="qui" pos="X">qui</wf>
         <wf lemma="," pos="X">,</wf>
         <wf lemma="avec" pos="X">avec</wf>
         <wf lemma="huit" pos="NOUN">huit</wf>
         <wf lemma="panier" pos="NOUN">paniers</wf>
         <wf lemma="à" pos="X">à</wf>
         <wf lemma="trois" pos="NOUN">trois</wf>
         <instance id="d000.s146.t007" lemma="point" pos="NOUN">points</instance>
         <wf lemma="avoir" pos="VERB">a</wf>
         <wf lemma="être" pos="VERB">été</wf>
         <wf lemma="le" pos="X">le</wf>
         <wf lemma="meilleur" pos="ADJ">meilleur</wf>
         <wf lemma="de" pos="X">de</wf>
         <wf lemma="son" pos="X">son</wf>
         <instance id="d000.s146.t008" lemma="équipe" pos="NOUN">équipe</instance>
         <wf lemma="(" pos="X">(</wf>
         <wf lemma="@card@" pos="NOUN">29</wf>
         <wf lemma="de" pos="X">d'</wf>
         <wf lemma="évaluation" pos="NOUN">évaluation</wf>
         <wf lemma=")" pos="X">)</wf>
         <wf lemma="." pos="X">.</wf>
      </sentence>
      <sentence id="d000.s147" source="semeval2013-fr">
         <wf lemma="le" pos="X">Le</wf>
         <instance id="d000.s147.t000" lemma="texte" pos="NOUN">texte</instance>
         <wf lemma="qui" pos="X">qui</wf>
         <wf lemma="pouvoir" pos="VERB">pourrait</wf>
         <wf lemma="fournir" pos="VERB">fournir</wf>
         <wf lemma="le" pos="X">les</wf>
         <instance id="d000.s147.t001" lemma="base" pos="NOUN">bases</instance>
         <wf lemma="de" pos="X">d'</wf>
         <wf lemma="un" pos="X">un</wf>
         <instance id="d000.s147.t002" lemma="accord" pos="NOUN">accord</instance>
         <wf lemma="politique" pos="ADJ">politique</wf>
         <wf lemma="final" pos="ADJ">final</wf>
         <wf lemma="pour" pos="X">pour</wf>
         <wf lemma="réguler" pos="VERB">réguler</wf>
         <wf lemma="le" pos="X">les</wf>
         <instance id="d000.s147.t003" lemma="gaz_à_effet_de_serre" pos="NOUN">gaz_à_effet_de_serre</instance>
         <wf lemma="," pos="X">,</wf>
         <wf lemma="avoir" pos="VERB">a</wf>
         <wf lemma="souligner" pos="VERB">souligné</wf>
         <wf lemma="le" pos="X">les</wf>
         <instance id="d000.s147.t004" lemma="obstacle" pos="NOUN">obstacles</instance>
         <wf lemma="restant" pos="ADJ">restants</wf>
         <wf lemma="," pos="X">,</wf>
         <wf lemma="autant" pos="ADV">autant</wf>
         <wf lemma="que" pos="X">qu'</wf>
         <wf lemma="il" pos="X">il</wf>
         <wf lemma="avoir" pos="VERB">a</wf>
         <wf lemma="éclairer" pos="VERB">éclairé</wf>
         <wf lemma="le" pos="X">le</wf>
         <instance id="d000.s147.t005" lemma="chemin" pos="NOUN">chemin</instance>
         <wf lemma="à" pos="X">à</wf>
         <wf lemma="prendre" pos="VERB">prendre</wf>
         <wf lemma="." pos="X">.</wf>
      </sentence>
      <sentence id="d000.s148" source="semeval2013-fr">
         <wf lemma="avoir" pos="VERB">A</wf>
         <wf lemma="droit" pos="ADJ">droite</wf>
         <wf lemma="," pos="X">,</wf>
         <wf lemma="le" pos="X">le</wf>
         <instance id="d000.s148.t000" lemma="ton" pos="NOUN">ton</instance>
         <wf lemma="avoir" pos="VERB">a</wf>
         <wf lemma="être" pos="VERB">été</wf>
         <wf lemma="donner" pos="VERB">donné</wf>
         <wf lemma="par" pos="X">par</wf>
         <wf lemma="jacques_chirac" pos="NOUN">Jacques_Chirac</wf>
         <wf lemma="qui" pos="X">qui</wf>
         <wf lemma="déclarer" pos="VERB">déclarait</wf>
         <wf lemma="en" pos="X">en</wf>
         <wf lemma="@card@" pos="NOUN">1976</wf>
         <wf lemma="que" pos="X">que</wf>
         <wf lemma="&quot;" pos="X">&quot;</wf>
         <wf lemma="@card@" pos="NOUN">900000</wf>
         <instance id="d000.s148.t001" lemma="chômeur" pos="NOUN">chômeurs</instance>
         <wf lemma="ne" pos="ADV">ne</wf>
         <wf lemma="devoir" pos="VERB">devraient</wf>
         <wf lemma="pas" pos="ADV">pas</wf>
         <wf lemma="être" pos="VERB">être</wf>
         <wf lemma="un" pos="X">un</wf>
         <instance id="d000.s148.t002" lemma="problème" pos="NOUN">problème</instance>
         <wf lemma="dans" pos="X">dans</wf>
         <wf lemma="un" pos="X">un</wf>
         <instance id="d000.s148.t003" lemma="pays" pos="NOUN">pays</instance>
         <wf lemma="comprendre" pos="VERB">comprenant</wf>
         <wf lemma="près" pos="ADV">près</wf>
         <wf lemma="de" pos="X">de</wf>
         <wf lemma="@card@" pos="NOUN">2</wf>
         <instance id="d000.s148.t004" lemma="million" pos="NOUN">millions</instance>
         <wf lemma="de" pos="X">de</wf>
         <instance id="d000.s148.t005" lemma="travailleur" pos="NOUN">travailleurs</instance>
         <wf lemma="immigrer" pos="VERB">immigrés</wf>
         <wf lemma="&quot;" pos="X">&quot;</wf>
         <wf lemma="," pos="X">,</wf>
         <wf lemma="et" pos="X">et</wf>
         <wf lemma="à" pos="X">à</wf>
         <wf lemma="gauche" pos="ADJ">gauche</wf>
         <wf lemma="," pos="X">,</wf>
         <wf lemma="par" pos="X">par</wf>
         <wf lemma="michel_rocard" pos="NOUN">Michel_Rocard</wf>
         <wf lemma="expliquer" pos="VERB">expliquant</wf>
         <wf lemma="que" pos="X">que</wf>
         <wf lemma="le" pos="X">la</wf>
         <instance id="d000.s148.t006" lemma="france" pos="NOUN">France</instance>
         <wf lemma="&quot;" pos="X">&quot;</wf>
         <wf lemma="ne" pos="ADV">ne</wf>
         <wf lemma="pouvoir" pos="VERB">peut</wf>
         <wf lemma="pas" pos="ADV">pas</wf>
         <wf lemma="accueillir" pos="VERB">accueillir</wf>
         <wf lemma="tout" pos="X">toute</wf>
         <wf lemma="le" pos="X">la</wf>
         <instance id="d000.s148.t007" lemma="misère" pos="NOUN">misère</instance>
         <wf lemma="du" pos="X">du</wf>
         <instance id="d000.s148.t008" lemma="monde" pos="NOUN">monde</instance>
         <wf lemma="&quot;" pos="X">&quot;</wf>
         <wf lemma="en" pos="X">en</wf>
         <wf lemma="@card@" pos="NOUN">1990</wf>
         <wf lemma="." pos="X">.</wf>
      </sentence>
      <sentence id="d000.s149" source="semeval2013-fr">
         <wf lemma="il" pos="X">Il</wf>
         <wf lemma="falloir" pos="VERB">faudra</wf>
         <wf lemma="beaucoup" pos="ADV">beaucoup</wf>
         <wf lemma="de" pos="X">de</wf>
         <instance id="d000.s149.t000" lemma="temps" pos="NOUN">temps</instance>
         <wf lemma="avant" pos="X">avant</wf>
         <wf lemma="que" pos="X">qu'</wf>
         <wf lemma="un" pos="X">une</wf>
         <wf lemma="autre" pos="ADJ">autre</wf>
         <wf lemma="offre" pos="NOUN">offre</wf>
         <wf lemma="être" pos="VERB">soit</wf>
         <wf lemma="faire" pos="VERB">faite</wf>
         <wf lemma="en" pos="X">en</wf>
         <instance id="d000.s149.t001" lemma="Irak" pos="NOUN">Irak</instance>
         <wf lemma="." pos="X">.</wf>
      </sentence>
      <sentence id="d000.s150" source="semeval2013-fr">
         <wf lemma="en" pos="X">En</wf>
         <instance id="d000.s150.t000" lemma="septembre" pos="NOUN">septembre</instance>
         <wf lemma="@card@" pos="NOUN">2008</wf>
         <wf lemma="," pos="X">,</wf>
         <wf lemma="au" pos="X">au</wf>
         <wf lemma="sommet" pos="NOUN">sommet</wf>
         <wf lemma="de" pos="X">de</wf>
         <wf lemma="le" pos="X">la</wf>
         <wf lemma="crise_financière" pos="NOUN">crise_financière</wf>
         <wf lemma="," pos="X">,</wf>
         <wf lemma="le" pos="X">la</wf>
         <instance id="d000.s150.t001" lemma="banque_d'investissement" pos="NOUN">banque_d'investissement</instance>
         <wf lemma="du" pos="X">des</wf>
         <instance id="d000.s150.t002" lemma="USA" pos="NOUN">USA</instance>
         <wf lemma="lehman_brothers" pos="NOUN">Lehman_Brothers</wf>
         <wf lemma="se" pos="X">s'</wf>
         <wf lemma="être" pos="VERB">est</wf>
         <wf lemma="écrouler" pos="VERB">écroulée</wf>
         <wf lemma="." pos="X">.</wf>
      </sentence>
      <sentence id="d000.s151" source="semeval2013-fr">
         <wf lemma="le" pos="X">La</wf>
         <wf lemma="National" pos="NOUN">National</wf>
         <wf lemma="Credit" pos="VERB">Credit</wf>
         <wf lemma="union" pos="NOUN">Union</wf>
         <wf lemma="Administration" pos="NOUN">Administration</wf>
         <wf lemma="(" pos="X">(</wf>
         <wf lemma="NCUA" pos="NOUN">NCUA</wf>
         <wf lemma=")" pos="X">)</wf>
         <wf lemma="responsable" pos="ADJ">responsable</wf>
         <wf lemma="du" pos="X">des</wf>
         <instance id="d000.s151.t000" lemma="banque_coopérative" pos="NOUN">banques_coopératives</instance>
         <wf lemma="du" pos="X">des</wf>
         <instance id="d000.s151.t001" lemma="USA" pos="NOUN">USA</instance>
         <wf lemma="et" pos="X">et</wf>
         <wf lemma="il" pos="X">il</wf>
         <wf lemma="intervenir" pos="VERB">intervient</wf>
         <wf lemma="en" pos="X">en</wf>
         <wf lemma="cas" pos="X">cas</wf>
         <wf lemma="de" pos="X">de</wf>
         <instance id="d000.s151.t002" lemma="faillite" pos="NOUN">faillite</instance>
         <wf lemma="," pos="X">,</wf>
         <wf lemma="afin" pos="X">afin</wf>
         <wf lemma="de" pos="X">de</wf>
         <wf lemma="protéger" pos="VERB">protéger</wf>
         <wf lemma="le" pos="X">les</wf>
         <instance id="d000.s151.t003" lemma="dépôt" pos="NOUN">dépôts</instance>
         <wf lemma="de" pos="X">de</wf>
         <instance id="d000.s151.t004" lemma="clientèle" pos="NOUN">clientèle</instance>
         <wf lemma="." pos="X">.</wf>
      </sentence>
      <sentence id="d000.s152" source="semeval2013-fr">
         <wf lemma="toutefois" pos="ADV">Toutefois</wf>
         <wf lemma="," pos="X">,</wf>
         <wf lemma="le" pos="X">l'</wf>
         <instance id="d000.s152.t000" lemma="annonce" pos="NOUN">annonce</instance>
         <wf lemma="de" pos="X">d'</wf>
         <wf lemma="un" pos="X">une</wf>
         <instance id="d000.s152.t001" lemma="conférence_de_presse" pos="NOUN">conférence_de_presse</instance>
         <wf lemma="pour" pos="X">pour</wf>
         <wf lemma="en" pos="X">en</wf>
         <wf lemma="discuter" pos="VERB">discuter</wf>
         <wf lemma="," pos="X">,</wf>
         <wf lemma="qui" pos="X">qui</wf>
         <wf lemma="ne" pos="ADV">n'</wf>
         <wf lemma="avoir" pos="VERB">a</wf>
         <wf lemma="pas" pos="ADV">pas</wf>
         <wf lemma="divulguer" pos="VERB">divulgué</wf>
         <wf lemma="le" pos="X">les</wf>
         <instance id="d000.s152.t002" lemma="détail" pos="NOUN">détails</instance>
         <wf lemma="de" pos="X">de</wf>
         <wf lemma="le" pos="X">la</wf>
         <wf lemma="trouvaille" pos="NOUN">trouvaille</wf>
         <wf lemma="," pos="X">,</wf>
         <wf lemma="avoir" pos="VERB">a</wf>
         <wf lemma="générer" pos="VERB">généré</wf>
         <wf lemma="du" pos="X">des</wf>
         <wf lemma="spéculation" pos="NOUN">spéculations</wf>
         <wf lemma="répandre" pos="VERB">répandues</wf>
         <wf lemma="sur" pos="X">sur</wf>
         <wf lemma="le" pos="X">l'</wf>
         <instance id="d000.s152.t003" lemma="Internet" pos="NOUN">Internet</instance>
         <wf lemma="selon" pos="X">selon</wf>
         <wf lemma="lequel" pos="X">lesquelles</wf>
         <wf lemma="le" pos="X">le</wf>
         <instance id="d000.s152.t004" lemma="rapport" pos="NOUN">rapport</instance>
         <wf lemma="pouvoir" pos="VERB">pourrait</wf>
         <wf lemma="divulguer" pos="VERB">divulguer</wf>
         <wf lemma="le" pos="X">la</wf>
         <instance id="d000.s152.t005" lemma="découverte" pos="NOUN">découverte</instance>
         <wf lemma="de" pos="X">d'</wf>
         <wf lemma="un" pos="X">une</wf>
         <instance id="d000.s152.t006" lemma="vie" pos="NOUN">vie</instance>
         <wf lemma="extraterrestre" pos="ADJ">extraterrestre</wf>
         <wf lemma="." pos="X">.</wf>
      </sentence>
      <sentence id="d000.s153" source="semeval2013-fr">
         <wf lemma="le" pos="X">L'</wf>
         <instance id="d000.s153.t000" lemma="événement" pos="NOUN">événement</instance>
         <wf lemma="se" pos="X">se</wf>
         <wf lemma="situer" pos="VERB">situait</wf>
         <instance id="d000.s153.t001" lemma="jeudi" pos="NOUN">jeudi</instance>
         <wf lemma="dernier" pos="ADJ">dernier</wf>
         <wf lemma="," pos="X">,</wf>
         <wf lemma="lorsque" pos="X">lorsque</wf>
         <wf lemma="le" pos="X">les</wf>
         <wf lemma="neuf" pos="ADJ">neuf</wf>
         <instance id="d000.s153.t002" lemma="juge" pos="NOUN">juges</instance>
         <wf lemma="se" pos="X">se</wf>
         <wf lemma="être" pos="VERB">sont</wf>
         <wf lemma="réunir" pos="VERB">réunis</wf>
         <wf lemma="pour" pos="X">pour</wf>
         <wf lemma="un" pos="X">une</wf>
         <instance id="d000.s153.t003" lemma="conférence" pos="NOUN">conférence</instance>
         <wf lemma="viser" pos="VERB">visant</wf>
         <wf lemma="à" pos="X">à</wf>
         <wf lemma="discuter" pos="VERB">discuter</wf>
         <wf lemma="du" pos="X">des</wf>
         <instance id="d000.s153.t004" lemma="pétition" pos="NOUN">pétitions</instance>
         <wf lemma="pour" pos="X">pour</wf>
         <instance id="d000.s153.t005" lemma="examen" pos="NOUN">examen</instance>
         <wf lemma="." pos="X">.</wf>
      </sentence>
      <sentence id="d000.s154" source="semeval2013-fr">
         <wf lemma="le" pos="X">Les</wf>
         <instance id="d000.s154.t000" lemma="cours_d'appel" pos="NOUN">cours_d'appel</instance>
         <wf lemma="reconnaître" pos="VERB">reconnaissent</wf>
         <wf lemma="depuis" pos="X">depuis</wf>
         <wf lemma="du" pos="X">des</wf>
         <instance id="d000.s154.t001" lemma="décennie" pos="NOUN">décennies</instance>
         <wf lemma="que" pos="X">que</wf>
         <wf lemma="le" pos="X">la</wf>
         <instance id="d000.s154.t002" lemma="couverture_médiatique" pos="NOUN">couverture_médiatique</instance>
         <wf lemma="du" pos="X">des</wf>
         <instance id="d000.s154.t003" lemma="cas" pos="NOUN">cas</instance>
         <wf lemma="notoire" pos="ADJ">notoires</wf>
         <wf lemma="pouvoir" pos="VERB">peuvent</wf>
         <wf lemma="soulever" pos="VERB">soulever</wf>
         <wf lemma="du" pos="X">des</wf>
         <instance id="d000.s154.t004" lemma="question" pos="NOUN">questions</instance>
         <wf lemma="sur" pos="X">sur</wf>
         <wf lemma="le" pos="X">l'</wf>
         <instance id="d000.s154.t005" lemma="équité" pos="NOUN">équité</instance>
         <wf lemma="de" pos="X">d'</wf>
         <wf lemma="un" pos="X">un</wf>
         <instance id="d000.s154.t006" lemma="procès" pos="NOUN">procès</instance>
         <wf lemma="." pos="X">.</wf>
      </sentence>
      <sentence id="d000.s155" source="semeval2013-fr">
         <wf lemma="si" pos="X">Si</wf>
         <wf lemma="cela" pos="X">cela</wf>
         <wf lemma="avoir" pos="VERB">a</wf>
         <wf lemma="tenir" pos="VERB">tenu</wf>
         <wf lemma="bon" pos="ADJ">bon</wf>
         <wf lemma="pendant" pos="X">pendant</wf>
         <wf lemma="le" pos="X">la</wf>
         <wf lemma="crise_financière_mondiale" pos="NOUN">crise_financière_mondiale</wf>
         <wf lemma="," pos="X">,</wf>
         <wf lemma="ce" pos="X">c'</wf>
         <wf lemma="être" pos="VERB">est</wf>
         <wf lemma="certainement" pos="ADV">certainement</wf>
         <wf lemma="devoir" pos="VERB">dû</wf>
         <wf lemma="au" pos="X">au</wf>
         <instance id="d000.s155.t000" lemma="fait" pos="NOUN">fait</instance>
         <wf lemma="que" pos="X">que</wf>
         <wf lemma="de" pos="X">de</wf>
         <wf lemma="nombreux" pos="ADJ">nombreux</wf>
         <wf lemma="de" pos="X">de</wf>
         <instance id="d000.s155.t001" lemma="pays" pos="NOUN">pays</instance>
         <wf lemma="de" pos="X">d'</wf>
         <wf lemma="Amérique" pos="NOUN">Amérique</wf>
         <wf lemma="ne" pos="ADV">n'</wf>
         <wf lemma="avoir" pos="VERB">ont</wf>
         <wf lemma="subir" pos="VERB">subi</wf>
         <wf lemma="que" pos="X">qu'</wf>
         <wf lemma="un" pos="X">une</wf>
         <wf lemma="brève" pos="ADJ">brève</wf>
         <instance id="d000.s155.t002" lemma="récession" pos="NOUN">récession</instance>
         <wf lemma="et" pos="X">et</wf>
         <wf lemma="avoir" pos="VERB">ont</wf>
         <wf lemma="bénéficier" pos="VERB">bénéficié</wf>
         <wf lemma="de" pos="X">d'</wf>
         <wf lemma="un" pos="X">une</wf>
         <wf lemma="fort" pos="ADJ">forte</wf>
         <instance id="d000.s155.t003" lemma="reprise" pos="NOUN">reprise</instance>
         <wf lemma="." pos="X">.</wf>
      </sentence>
      <sentence id="d000.s156" source="semeval2013-fr">
         <wf lemma="mais" pos="X">Mais</wf>
         <wf lemma="le" pos="X">les</wf>
         <instance id="d000.s156.t000" lemma="chercheur" pos="NOUN">chercheurs</instance>
         <wf lemma="avoir" pos="VERB">ont</wf>
         <wf lemma="découvrir" pos="VERB">découvert</wf>
         <wf lemma="que" pos="X">que</wf>
         <wf lemma="le" pos="X">la</wf>
         <instance id="d000.s156.t001" lemma="bactérie" pos="NOUN">bactérie</instance>
         <wf lemma="," pos="X">,</wf>
         <wf lemma="découvrir" pos="VERB">découverte</wf>
         <wf lemma="dans" pos="X">dans</wf>
         <wf lemma="le" pos="X">le</wf>
         <wf lemma="lac_mono" pos="NOUN">lac_Mono</wf>
         <wf lemma="," pos="X">,</wf>
         <wf lemma="en" pos="X">en</wf>
         <wf lemma="Californie" pos="NOUN">Californie</wf>
         <wf lemma="," pos="X">,</wf>
         <wf lemma="être" pos="VERB">est</wf>
         <wf lemma="en" pos="X">en</wf>
         <wf lemma="mesure" pos="NOUN">mesure</wf>
         <wf lemma="de" pos="X">de</wf>
         <wf lemma="continuer" pos="VERB">continuer</wf>
         <wf lemma="à" pos="X">à</wf>
         <wf lemma="se" pos="X">se</wf>
         <wf lemma="développer" pos="VERB">développer</wf>
         <wf lemma="après" pos="X">après</wf>
         <wf lemma="avoir" pos="VERB">avoir</wf>
         <wf lemma="remplacer" pos="VERB">remplacé</wf>
         <wf lemma="le" pos="X">le</wf>
         <instance id="d000.s156.t002" lemma="phosphore" pos="NOUN">phosphore</instance>
         <wf lemma="par" pos="X">par</wf>
         <wf lemma="le" pos="X">l'</wf>
         <instance id="d000.s156.t003" lemma="arsenic" pos="NOUN">arsenic</instance>
         <wf lemma="." pos="X">.</wf>
      </sentence>
      <sentence id="d000.s157" source="semeval2013-fr">
         <wf lemma="le" pos="X">Les</wf>
         <instance id="d000.s157.t000" lemma="juré" pos="NOUN">jurés</instance>
         <wf lemma="ne" pos="ADV">n'</wf>
         <wf lemma="avoir" pos="VERB">ont</wf>
         <wf lemma="pas" pos="ADV">pas</wf>
         <wf lemma="être" pos="VERB">été</wf>
         <wf lemma="séquestrer" pos="VERB">séquestrés</wf>
         <wf lemma="." pos="X">.</wf>
      </sentence>
      <sentence id="d000.s158" source="semeval2013-fr">
         <wf lemma="L" pos="NOUN">L</wf>
         <wf lemma="’" pos="X">’</wf>
         <instance id="d000.s158.t000" lemma="équipe" pos="NOUN">équipe</instance>
         <wf lemma="d" pos="VERB">d</wf>
         <wf lemma="’" pos="X">’</wf>
         <wf lemma="Avala" pos="NOUN">Avala</wf>
         <wf lemma="sortir" pos="VERB">sortit</wf>
         <wf lemma="pour" pos="X">pour</wf>
         <wf lemma="jouer" pos="VERB">jouer</wf>
         <wf lemma="le" pos="X">le</wf>
         <wf lemma="tout" pos="NOUN">tout</wf>
         <wf lemma="pour" pos="X">pour</wf>
         <wf lemma="le" pos="X">le</wf>
         <wf lemma="tout" pos="ADV">tout</wf>
         <wf lemma="lors" pos="ADV">lors</wf>
         <wf lemma="de" pos="X">de</wf>
         <wf lemma="le" pos="X">la</wf>
         <wf lemma="dernier" pos="ADJ">dernière</wf>
         <wf lemma="période" pos="NOUN">période</wf>
         <wf lemma="et" pos="X">et</wf>
         <wf lemma="English" pos="NOUN">English</wf>
         <wf lemma="et" pos="X">et</wf>
         <wf lemma="San" pos="NOUN">San</wf>
         <wf lemma="Emeterio" pos="NOUN">Emeterio</wf>
         <wf lemma="(" pos="X">(</wf>
         <wf lemma="@card@" pos="NOUN">60-75</wf>
         <wf lemma=")" pos="X">)</wf>
         <wf lemma="aviser" pos="VERB">avisèrent</wf>
         <wf lemma="qu" pos="VERB">qu</wf>
         <wf lemma="’" pos="X">’</wf>
         <wf lemma="il" pos="X">ils</wf>
         <wf lemma="n" pos="VERB">n</wf>
         <wf lemma="’" pos="X">’</wf>
         <wf lemma="aller" pos="VERB">allaient</wf>
         <wf lemma="lasser" pos="VERB">lasser</wf>
         <wf lemma="personne" pos="ADV">personne</wf>
         <wf lemma="lui" pos="X">leur</wf>
         <wf lemma="prendre" pos="VERB">prendre</wf>
         <wf lemma="ce" pos="X">ce</wf>
         <wf lemma="qu" pos="NOUN">qu</wf>
         <wf lemma="’" pos="X">’</wf>
         <wf lemma="il" pos="X">ils</wf>
         <wf lemma="avoir" pos="VERB">avaient</wf>
         <wf lemma="mériter" pos="VERB">mérité</wf>
         <wf lemma="pendant" pos="X">pendant</wf>
         <wf lemma="le" pos="X">les</wf>
         <wf lemma="trente" pos="NOUN">trente</wf>
         <wf lemma="premier" pos="NOUN">première</wf>
         <instance id="d000.s158.t001" lemma="minute" pos="NOUN">minutes</instance>
         <wf lemma="." pos="X">.</wf>
      </sentence>
      <sentence id="d000.s159" source="semeval2013-fr">
         <wf lemma="le" pos="X">Les</wf>
         <wf lemma="joueur" pos="NOUN">joueurs</wf>
         <wf lemma="d" pos="VERB">d</wf>
         <wf lemma="’" pos="X">’</wf>
         <wf lemma="Ivanovic" pos="NOUN">Ivanovic</wf>
         <wf lemma="," pos="X">,</wf>
         <wf lemma="blesser" pos="VERB">blessés</wf>
         <wf lemma="mais" pos="X">mais</wf>
         <wf lemma="loin" pos="ADV">loin</wf>
         <wf lemma="d" pos="VERB">d</wf>
         <wf lemma="’" pos="X">’</wf>
         <wf lemma="être" pos="VERB">être</wf>
         <wf lemma="mourir" pos="VERB">morts</wf>
         <wf lemma="," pos="X">,</wf>
         <wf lemma="avoir" pos="VERB">avaient</wf>
         <instance id="d000.s159.t000" lemma="besoin" pos="NOUN">besoin</instance>
         <wf lemma="d" pos="VERB">d</wf>
         <wf lemma="’" pos="X">’</wf>
         <wf lemma="enchaîner" pos="VERB">enchaîner</wf>
         <wf lemma="quelque" pos="X">quelques</wf>
         <instance id="d000.s159.t001" lemma="action" pos="NOUN">actions</instance>
         <wf lemma="habile" pos="ADJ">habiles</wf>
         <wf lemma="pour" pos="X">pour</wf>
         <wf lemma="prendre" pos="VERB">prendre</wf>
         <wf lemma="l" pos="VERB">l</wf>
         <wf lemma="’" pos="X">’</wf>
         <instance id="d000.s159.t002" lemma="air" pos="NOUN">air</instance>
         <wf lemma="," pos="X">,</wf>
         <wf lemma="et" pos="X">et</wf>
         <wf lemma="c" pos="VERB">c</wf>
         <wf lemma="’" pos="X">’</wf>
         <wf lemma="être" pos="VERB">est</wf>
         <wf lemma="à" pos="X">à</wf>
         <wf lemma="ce" pos="X">ce</wf>
         <instance id="d000.s159.t003" lemma="moment" pos="NOUN">moment</instance>
         <wf lemma="que" pos="X">que</wf>
         <wf lemma="surgir" pos="VERB">surgit</wf>
         <wf lemma="le" pos="X">la</wf>
         <wf lemma="mitraillette" pos="NOUN">mitraillette</wf>
         <wf lemma="de" pos="X">de</wf>
         <wf lemma="mirza_teletovic" pos="NOUN">Mirza_Teletovic</wf>
         <wf lemma="qui" pos="X">qui</wf>
         <wf lemma="," pos="X">,</wf>
         <wf lemma="avec" pos="X">avec</wf>
         <wf lemma="trois" pos="NOUN">trois</wf>
         <wf lemma="panier" pos="NOUN">paniers</wf>
         <wf lemma="à" pos="X">à</wf>
         <wf lemma="trois" pos="NOUN">trois</wf>
         <instance id="d000.s159.t004" lemma="point" pos="NOUN">points</instance>
         <wf lemma="consécutif" pos="ADJ">consécutifs</wf>
         <wf lemma="et" pos="X">et</wf>
         <wf lemma="l" pos="ADJ">l</wf>
         <wf lemma="’" pos="X">’</wf>
         <instance id="d000.s159.t005" lemma="aide" pos="NOUN">aide</instance>
         <wf lemma="d" pos="ADJ">d</wf>
         <wf lemma="’" pos="X">’</wf>
         <wf lemma="English" pos="NOUN">English</wf>
         <wf lemma="et" pos="X">et</wf>
         <wf lemma="de" pos="X">de</wf>
         <wf lemma="Ribas" pos="NOUN">Ribas</wf>
         <wf lemma="remettre" pos="VERB">remit</wf>
         <wf lemma="le" pos="X">le</wf>
         <instance id="d000.s159.t006" lemma="compteur" pos="NOUN">compteur</instance>
         <wf lemma="à" pos="X">à</wf>
         <wf lemma="un" pos="X">un</wf>
         <instance id="d000.s159.t007" lemma="score" pos="NOUN">score</instance>
         <wf lemma="rassurant" pos="ADJ">rassurant</wf>
         <wf lemma="(" pos="X">(</wf>
         <wf lemma="@card@" pos="NOUN">54-67</wf>
         <wf lemma=")" pos="X">)</wf>
         <wf lemma="," pos="X">,</wf>
         <wf lemma="et" pos="X">et</wf>
         <wf lemma="que" pos="X">que</wf>
         <wf lemma="le" pos="X">les</wf>
         <wf lemma="local" pos="NOUN">locaux</wf>
         <wf lemma="réussir" pos="VERB">réussirent</wf>
         <wf lemma="à" pos="X">à</wf>
         <wf lemma="accentuer" pos="VERB">accentuer</wf>
         <wf lemma="à" pos="X">à</wf>
         <wf lemma="le" pos="X">la</wf>
         <instance id="d000.s159.t008" lemma="fin" pos="NOUN">fin</instance>
         <wf lemma="du" pos="X">du</wf>
         <wf lemma="troisième" pos="NOUN">troisième</wf>
         <wf lemma="quart-temps" pos="NOUN">quart-temps</wf>
         <wf lemma="(" pos="X">(</wf>
         <wf lemma="@card@" pos="NOUN">57-67</wf>
         <wf lemma=")" pos="X">)</wf>
         <wf lemma="." pos="X">.</wf>
      </sentence>
      <sentence id="d000.s160" source="semeval2013-fr">
         <wf lemma="le" pos="X">Le</wf>
         <wf lemma="Baskonia" pos="NOUN">Baskonia</wf>
         <wf lemma="s" pos="ADJ">s</wf>
         <wf lemma="’" pos="X">’</wf>
         <wf lemma="offrir" pos="VERB">offre</wf>
         <wf lemma="un" pos="X">une</wf>
         <instance id="d000.s160.t000" lemma="victoire" pos="NOUN">victoire</instance>
         <wf lemma="en" pos="X">en</wf>
         <wf lemma="Israël" pos="NOUN">Israël</wf>
      </sentence>
      <sentence id="d000.s161" source="semeval2013-fr">
         <wf lemma="le" pos="X">Les</wf>
         <instance id="d000.s161.t000" lemma="autorité" pos="NOUN">autorités</instance>
         <wf lemma="de" pos="X">de</wf>
         <instance id="d000.s161.t001" lemma="surveillance" pos="NOUN">surveillance</instance>
         <wf lemma="demander" pos="VERB">demandent</wf>
         <wf lemma="," pos="X">,</wf>
         <wf lemma="que" pos="X">que</wf>
         <wf lemma="le" pos="X">la</wf>
         <wf lemma="Frankfurter" pos="NOUN">Frankfurter</wf>
         <wf lemma="répondre" pos="VERB">réponde</wf>
         <wf lemma="du" pos="X">des</wf>
         <wf lemma="&quot;" pos="X">&quot;</wf>
         <instance id="d000.s161.t002" lemma="perte" pos="NOUN">pertes</instance>
         <wf lemma="substantiel" pos="ADJ">substantielles</wf>
         <wf lemma="&quot;" pos="X">&quot;</wf>
         <wf lemma="mais" pos="X">mais</wf>
         <wf lemma="cependant" pos="ADV">cependant</wf>
         <wf lemma="sans" pos="X">sans</wf>
         <wf lemma="citer" pos="VERB">citer</wf>
         <wf lemma="un" pos="X">une</wf>
         <instance id="d000.s161.t003" lemma="somme" pos="NOUN">somme</instance>
         <wf lemma="précis" pos="ADJ">précise</wf>
         <wf lemma="." pos="X">.</wf>
      </sentence>
      <sentence id="d000.s162" source="semeval2013-fr">
         <wf lemma="le" pos="X">Les</wf>
         <instance id="d000.s162.t000" lemma="débat" pos="NOUN">débats</instance>
         <wf lemma="être" pos="VERB">sont</wf>
         <wf lemma="devenir" pos="VERB">devenus</wf>
         <wf lemma="un" pos="X">une</wf>
         <wf lemma="affaire" pos="NOUN">affaire</wf>
         <wf lemma="urgent" pos="ADJ">urgente</wf>
         <wf lemma="," pos="X">,</wf>
         <wf lemma="alors" pos="ADV">alors</wf>
         <wf lemma="que" pos="X">que</wf>
         <wf lemma="le" pos="X">les</wf>
         <instance id="d000.s162.t001" lemma="délégué" pos="NOUN">délégués</instance>
         <wf lemma="se" pos="X">se</wf>
         <wf lemma="concentrer" pos="VERB">concentraient</wf>
         <wf lemma="sur" pos="X">sur</wf>
         <wf lemma="le" pos="X">le</wf>
         <instance id="d000.s162.t002" lemma="fait" pos="NOUN">fait</instance>
         <wf lemma="que" pos="X">qu'</wf>
         <wf lemma="il" pos="X">ils</wf>
         <wf lemma="devoir" pos="VERB">devaient</wf>
         <wf lemma="résoudre" pos="VERB">résoudre</wf>
         <wf lemma="le" pos="X">la</wf>
         <wf lemma="plupart" pos="NOUN">plupart</wf>
         <wf lemma="du" pos="X">des</wf>
         <instance id="d000.s162.t003" lemma="problème" pos="NOUN">problèmes</instance>
         <wf lemma="en" pos="X">en</wf>
         <wf lemma="instance" pos="NOUN">instance</wf>
         <wf lemma="avant" pos="X">avant</wf>
         <wf lemma="que" pos="X">que</wf>
         <wf lemma="le" pos="X">les</wf>
         <wf lemma="chef_de_gouvernement" pos="NOUN">chefs_de_gouvernement</wf>
         <wf lemma="arriver" pos="VERB">arrivent</wf>
         <wf lemma="à" pos="X">à</wf>
         <wf lemma="un" pos="X">un</wf>
         <instance id="d000.s162.t004" lemma="accord" pos="NOUN">accord</instance>
         <wf lemma="." pos="X">.</wf>
      </sentence>
      <sentence id="d000.s163" source="semeval2013-fr">
         <wf lemma="elle" pos="X">Elle</wf>
         <wf lemma="être" pos="VERB">est</wf>
         <wf lemma="si" pos="ADV">si</wf>
         <wf lemma="répandre" pos="VERB">répandue</wf>
         <wf lemma="que" pos="X">qu'</wf>
         <wf lemma="elle" pos="X">elle</wf>
         <wf lemma="faire" pos="VERB">fait</wf>
         <wf lemma="partir" pos="VERB">parti</wf>
         <wf lemma="de" pos="X">de</wf>
         <wf lemma="le" pos="X">l'</wf>
         <instance id="d000.s163.t000" lemma="ethos" pos="NOUN">ethos</instance>
         <wf lemma="," pos="X">,</wf>
         <wf lemma="du" pos="X">des</wf>
         <instance id="d000.s163.t001" lemma="règle" pos="NOUN">règles</instance>
         <wf lemma="non-écrit" pos="ADJ">non-écrites</wf>
         <wf lemma="," pos="X">,</wf>
         <wf lemma="mais" pos="X">mais</wf>
         <wf lemma="suivre" pos="VERB">suivies</wf>
         <wf lemma="," pos="X">,</wf>
         <wf lemma="de" pos="X">de</wf>
         <wf lemma="ce" pos="X">ce</wf>
         <instance id="d000.s163.t002" lemma="sport" pos="NOUN">sport</instance>
         <wf lemma="." pos="X">.</wf>
      </sentence>
      <sentence id="d000.s164" source="semeval2013-fr">
         <wf lemma="un" pos="NOUN">Un</wf>
         <wf lemma="du" pos="X">des</wf>
         <instance id="d000.s164.t000" lemma="bien" pos="NOUN">biens</instance>
         <wf lemma="qui" pos="X">qui</wf>
         <wf lemma="comprendre" pos="VERB">comprend</wf>
         <wf lemma="le" pos="X">l'</wf>
         <instance id="d000.s164.t001" lemma="esprit" pos="NOUN">esprit</instance>
         <wf lemma="sportif" pos="ADJ">sportif</wf>
         <wf lemma="être" pos="VERB">est</wf>
         <wf lemma="le" pos="X">l'</wf>
         <instance id="d000.s164.t002" lemma="intégrité" pos="NOUN">intégrité</instance>
         <wf lemma="physique" pos="ADJ">physique</wf>
         <wf lemma="du" pos="X">des</wf>
         <wf lemma="joueur" pos="NOUN">joueurs</wf>
         <wf lemma="adverse" pos="ADJ">adverses</wf>
         <wf lemma="," pos="X">,</wf>
         <wf lemma="un" pos="X">un</wf>
         <instance id="d000.s164.t003" lemma="aspect" pos="NOUN">aspect</instance>
         <wf lemma="que" pos="X">qu'</wf>
         <wf lemma="avec" pos="X">avec</wf>
         <wf lemma="ce" pos="X">ces</wf>
         <instance id="d000.s164.t004" lemma="action" pos="NOUN">actions</instance>
         <wf lemma="ne" pos="ADV">n'</wf>
         <wf lemma="avoir" pos="VERB">a</wf>
         <wf lemma="pas" pos="ADV">pas</wf>
         <wf lemma="être" pos="VERB">été</wf>
         <wf lemma="mettre" pos="VERB">met</wf>
         <wf lemma="en" pos="X">en</wf>
         <instance id="d000.s164.t005" lemma="danger" pos="NOUN">danger</instance>
         <wf lemma="," pos="X">,</wf>
         <wf lemma="ce" pos="X">c'</wf>
         <wf lemma="est-à-dire" pos="ADV">est-à-dire</wf>
         <wf lemma="il" pos="X">il</wf>
         <wf lemma="ne" pos="ADV">n'</wf>
         <wf lemma="y" pos="X">y</wf>
         <wf lemma="avoir" pos="VERB">a</wf>
         <wf lemma="pas" pos="ADV">pas</wf>
         <wf lemma="avoir" pos="VERB">eu</wf>
         <wf lemma="de" pos="X">de</wf>
         <instance id="d000.s164.t006" lemma="jeu" pos="NOUN">jeu</instance>
         <wf lemma="violent" pos="ADJ">violent</wf>
         <wf lemma="." pos="X">.</wf>
      </sentence>
      <sentence id="d000.s165" source="semeval2013-fr">
         <wf lemma="mais" pos="X">Mais</wf>
         <wf lemma="le" pos="X">les</wf>
         <instance id="d000.s165.t000" lemma="états-unis" pos="NOUN">États-Unis</instance>
         <wf lemma="être" pos="VERB">sont</wf>
         <wf lemma="considérer" pos="VERB">considérés</wf>
         <wf lemma="comme" pos="ADV">comme</wf>
         <wf lemma="le" pos="X">le</wf>
         <instance id="d000.s165.t001" lemma="pays" pos="NOUN">pays</instance>
         <wf lemma="le" pos="X">le</wf>
         <wf lemma="plus" pos="ADV">plus</wf>
         <wf lemma="influent" pos="ADJ">influent</wf>
         <wf lemma="par" pos="X">par</wf>
         <wf lemma="le" pos="X">les</wf>
         <wf lemma="répondant" pos="NOUN">répondants</wf>
         <wf lemma="au" pos="X">au</wf>
         <wf lemma="Mexique" pos="NOUN">Mexique</wf>
         <wf lemma="et" pos="X">et</wf>
         <wf lemma="dans" pos="X">dans</wf>
         <wf lemma="le" pos="X">la</wf>
         <wf lemma="plus" pos="ADV">plus</wf>
         <wf lemma="grand" pos="ADJ">grande</wf>
         <instance id="d000.s165.t002" lemma="partie" pos="NOUN">partie</instance>
         <wf lemma="de" pos="X">de</wf>
         <wf lemma="le" pos="X">l'</wf>
         <wf lemma="Amérique" pos="NOUN">Amérique</wf>
         <wf lemma="central" pos="ADJ">centrale</wf>
         <wf lemma="," pos="X">,</wf>
         <wf lemma="tandis" pos="X">tandis</wf>
         <wf lemma="que" pos="X">que</wf>
         <wf lemma="le" pos="X">le</wf>
         <instance id="d000.s165.t003" lemma="Venezuela" pos="NOUN">Venezuela</instance>
         <wf lemma="jouir" pos="VERB">jouit</wf>
         <wf lemma="de" pos="X">de</wf>
         <wf lemma="ce" pos="X">cette</wf>
         <instance id="d000.s165.t004" lemma="distinction" pos="NOUN">distinction</instance>
         <wf lemma="en" pos="X">en</wf>
         <wf lemma="Équateur" pos="NOUN">Équateur</wf>
         <wf lemma="," pos="X">,</wf>
         <wf lemma="en" pos="X">en</wf>
         <instance id="d000.s165.t005" lemma="République_dominicaine" pos="NOUN">République_dominicaine</instance>
         <wf lemma="et" pos="X">et</wf>
         <wf lemma="au" pos="X">au</wf>
         <instance id="d000.s165.t006" lemma="Nicaragua" pos="NOUN">Nicaragua</instance>
         <wf lemma="." pos="X">.</wf>
      </sentence>
      <sentence id="d000.s166" source="semeval2013-fr">
         <wf lemma="faire" pos="VERB">Fait</wf>
         <wf lemma="intéressant" pos="ADJ">intéressant</wf>
         <wf lemma="," pos="X">,</wf>
         <wf lemma="@card@" pos="NOUN">62</wf>
         <wf lemma="%" pos="X">%</wf>
         <wf lemma="du" pos="X">des</wf>
         <wf lemma="répondant" pos="NOUN">répondants</wf>
         <wf lemma="au" pos="X">au</wf>
         <instance id="d000.s166.t000" lemma="Venezuela" pos="NOUN">Venezuela</instance>
         <wf lemma="être" pos="VERB">sont</wf>
         <wf lemma="de" pos="X">de</wf>
         <wf lemma="ce" pos="X">cet</wf>
         <instance id="d000.s166.t001" lemma="avis" pos="NOUN">avis</instance>
         <wf lemma="(" pos="X">(</wf>
         <wf lemma="et" pos="X">et</wf>
         <wf lemma="@card@" pos="NOUN">80</wf>
         <wf lemma="%" pos="X">%</wf>
         <wf lemma="soutenir" pos="VERB">soutiennent</wf>
         <wf lemma="le" pos="X">l'</wf>
         <wf lemma="entreprise_privée" pos="NOUN">entreprise_privée</wf>
         <wf lemma=")" pos="X">)</wf>
         <wf lemma=";" pos="X">;</wf>
         <wf lemma="même" pos="ADV">même</wf>
         <wf lemma="si" pos="X">si</wf>
         <wf lemma="leur" pos="X">leur</wf>
         <instance id="d000.s166.t002" lemma="président" pos="NOUN">président</instance>
         <wf lemma="de" pos="X">de</wf>
         <instance id="d000.s166.t003" lemma="gauche" pos="NOUN">gauche</instance>
         <wf lemma="," pos="X">,</wf>
         <wf lemma="hugo_chavez" pos="NOUN">Hugo_Chavez</wf>
         <wf lemma="," pos="X">,</wf>
         <wf lemma="exproprier" pos="VERB">exproprie</wf>
         <wf lemma="de" pos="X">de</wf>
         <wf lemma="nombreux" pos="ADJ">nombreuses</wf>
         <wf lemma="entreprise_privée" pos="NOUN">entreprises_privées</wf>
         <wf lemma="." pos="X">.</wf>
      </sentence>
      <sentence id="d000.s167" source="semeval2013-fr">
         <wf lemma="le" pos="X">Le</wf>
         <instance id="d000.s167.t000" lemma="reste" pos="NOUN">reste</instance>
         <wf lemma="ne" pos="ADV">n'</wf>
         <wf lemma="arriver" pos="VERB">arrive</wf>
         <wf lemma="même" pos="ADV">même</wf>
         <wf lemma="pas" pos="ADV">pas</wf>
         <wf lemma="à" pos="X">à</wf>
         <wf lemma="@card@" pos="NOUN">20</wf>
         <wf lemma="." pos="X">.</wf>
      </sentence>
      <sentence id="d000.s168" source="semeval2013-fr">
         <wf lemma="(" pos="X">(</wf>
         <wf lemma="le" pos="X">La</wf>
         <instance id="d000.s168.t000" lemma="commission" pos="NOUN">Commission</instance>
         <wf lemma="économique" pos="ADJ">économique</wf>
         <wf lemma="du" pos="X">des</wf>
         <instance id="d000.s168.t001" lemma="nations_unies" pos="NOUN">Nations_Unies</instance>
         <wf lemma="pour" pos="X">pour</wf>
         <wf lemma="le" pos="X">l'</wf>
         <wf lemma="Amérique" pos="NOUN">Amérique</wf>
         <wf lemma="latin" pos="ADJ">latine</wf>
         <wf lemma="avoir" pos="VERB">a</wf>
         <wf lemma="rapporter" pos="VERB">rapporté</wf>
         <wf lemma="ce" pos="X">cette</wf>
         <instance id="d000.s168.t002" lemma="semaine" pos="NOUN">semaine</instance>
         <wf lemma="que" pos="X">que</wf>
         <wf lemma="le" pos="X">la</wf>
         <instance id="d000.s168.t003" lemma="proportion" pos="NOUN">proportion</instance>
         <wf lemma="du" pos="X">des</wf>
         <wf lemma="Latino-Américains" pos="NOUN">Latino-Américains</wf>
         <wf lemma="vivre" pos="VERB">vivant</wf>
         <wf lemma="dans" pos="X">dans</wf>
         <wf lemma="le" pos="X">la</wf>
         <instance id="d000.s168.t004" lemma="pauvreté" pos="NOUN">pauvreté</instance>
         <wf lemma="ne" pos="ADV">n'</wf>
         <wf lemma="avoir" pos="VERB">ont</wf>
         <wf lemma="augmenter" pos="VERB">augmenté</wf>
         <wf lemma="que" pos="X">que</wf>
         <wf lemma="légèrement" pos="ADV">légèrement</wf>
         <wf lemma="en" pos="X">en</wf>
         <wf lemma="@card@" pos="NOUN">2009</wf>
         <wf lemma="et" pos="X">et</wf>
         <wf lemma="avoir" pos="VERB">a</wf>
         <wf lemma="de" pos="X">de</wf>
         <wf lemma="nouveau" pos="ADJ">nouveau</wf>
         <wf lemma="baisser" pos="VERB">baissé</wf>
         <wf lemma="ce" pos="X">cette</wf>
         <instance id="d000.s168.t005" lemma="année" pos="NOUN">année</instance>
         <wf lemma="," pos="X">,</wf>
         <wf lemma="à" pos="X">à</wf>
         <wf lemma="@card@" pos="NOUN">32</wf>
         <wf lemma="%" pos="X">%</wf>
         <wf lemma="." pos="X">.</wf>
         <wf lemma=")" pos="X">)</wf>
      </sentence>
      <sentence id="d000.s169" source="semeval2013-fr">
         <wf lemma="pendant" pos="X">Pendant</wf>
         <wf lemma="que" pos="X">que</wf>
         <wf lemma="le" pos="X">les</wf>
         <instance id="d000.s169.t000" lemma="champion" pos="NOUN">champions</instance>
         <wf lemma="national" pos="ADJ">nationaux</wf>
         <wf lemma="et" pos="X">et</wf>
         <wf lemma="de" pos="X">de</wf>
         <wf lemma="le" pos="X">l'</wf>
         <instance id="d000.s169.t001" lemma="Europe" pos="NOUN">Europe</instance>
         <wf lemma="," pos="X">,</wf>
         <wf lemma="le" pos="X">le</wf>
         <wf lemma="numéro" pos="NOUN">numéro</wf>
         <wf lemma="un" pos="NOUN">un</wf>
         <wf lemma="du" pos="X">du</wf>
         <instance id="d000.s169.t002" lemma="classement" pos="NOUN">classement</instance>
         <wf lemma="mensuel" pos="ADJ">mensuel</wf>
         <wf lemma="de" pos="X">de</wf>
         <wf lemma="le" pos="X">la</wf>
         <wf lemma="FIFA" pos="NOUN">FIFA</wf>
         <wf lemma="," pos="X">,</wf>
         <wf lemma="comptabiliser" pos="VERB">comptabilisent</wf>
         <wf lemma="un" pos="X">un</wf>
         <wf lemma="ample" pos="ADJ">ample</wf>
         <wf lemma="registre" pos="NOUN">registre</wf>
         <wf lemma="de" pos="X">de</wf>
         <instance id="d000.s169.t003" lemma="jeu" pos="NOUN">jeux</instance>
         <wf lemma="inter-sélectionnes" pos="VERB">inter-sélectionnes</wf>
         <wf lemma="de" pos="X">de</wf>
         <instance id="d000.s169.t004" lemma="classe" pos="NOUN">classe</instance>
         <wf lemma="à" pos="X">A</wf>
         <wf lemma="," pos="X">,</wf>
         <wf lemma="le" pos="X">la</wf>
         <wf lemma="Tricolore" pos="NOUN">Tricolore</wf>
         <wf lemma="seulement" pos="ADV">seulement</wf>
         <wf lemma="avoir" pos="VERB">a</wf>
         <wf lemma="le" pos="X">le</wf>
         <instance id="d000.s169.t005" lemma="défenseur" pos="NOUN">défenseur</instance>
         <wf lemma="michael_umana" pos="NOUN">Michael_Umana</wf>
         <wf lemma="comme" pos="X">comme</wf>
         <wf lemma="le" pos="X">le</wf>
         <wf lemma="seul" pos="NOUN">seul</wf>
         <wf lemma="à" pos="X">à</wf>
         <wf lemma="avoir" pos="VERB">avoir</wf>
         <wf lemma="le" pos="X">les</wf>
         <wf lemma="@card@" pos="NOUN">50</wf>
         <wf lemma="match" pos="NOUN">matchs</wf>
         <wf lemma="international" pos="ADJ">internationaux</wf>
         <wf lemma="." pos="X">.</wf>
      </sentence>
      <sentence id="d000.s170" source="semeval2013-fr">
         <wf lemma="mais" pos="X">Mais</wf>
         <wf lemma="leur" pos="X">leurs</wf>
         <instance id="d000.s170.t000" lemma="argument" pos="NOUN">arguments</instance>
         <wf lemma="sur" pos="X">sur</wf>
         <wf lemma="le" pos="X">l'</wf>
         <instance id="d000.s170.t001" lemma="effet" pos="NOUN">effet</instance>
         <wf lemma="de" pos="X">de</wf>
         <wf lemma="le" pos="X">l'</wf>
         <wf lemma="intense" pos="ADJ">intense</wf>
         <wf lemma="couverture" pos="NOUN">couverture</wf>
         <wf lemma="médiatique" pos="ADJ">médiatique</wf>
         <wf lemma="du" pos="X">du</wf>
         <instance id="d000.s170.t002" lemma="procès" pos="NOUN">procès</instance>
         <wf lemma="pouvoir" pos="VERB">pourraient</wf>
         <wf lemma="être" pos="VERB">être</wf>
         <wf lemma="le" pos="X">la</wf>
         <wf lemma="plus" pos="ADV">plus</wf>
         <wf lemma="grand" pos="ADJ">grande</wf>
         <wf lemma="source" pos="NOUN">source</wf>
         <wf lemma="de" pos="X">d'</wf>
         <instance id="d000.s170.t003" lemma="intérêt" pos="NOUN">intérêt</instance>
         <wf lemma="." pos="X">.</wf>
      </sentence>
      <sentence id="d000.s171" source="semeval2013-fr">
         <wf lemma="&quot;" pos="X">&quot;</wf>
         <wf lemma="elle" pos="X">Elle</wf>
         <wf lemma="pouvoir" pos="VERB">peut</wf>
         <wf lemma="se" pos="X">se</wf>
         <wf lemma="développer" pos="VERB">développé</wf>
         <wf lemma="soit" pos="X">soit</wf>
         <wf lemma="avec" pos="X">avec</wf>
         <wf lemma="du" pos="X">du</wf>
         <instance id="d000.s171.t000" lemma="phosphore" pos="NOUN">phosphore</instance>
         <wf lemma="," pos="X">,</wf>
         <wf lemma="soit" pos="X">soit</wf>
         <wf lemma="avec" pos="X">avec</wf>
         <wf lemma="de" pos="X">de</wf>
         <wf lemma="le" pos="X">l'</wf>
         <instance id="d000.s171.t001" lemma="arsenic" pos="NOUN">arsenic</instance>
         <wf lemma="." pos="X">.</wf>
         <wf lemma="&quot;" pos="X">&quot;</wf>
      </sentence>
      <sentence id="d000.s172" source="semeval2013-fr">
         <wf lemma="ce" pos="X">Ce</wf>
         <wf lemma="être" pos="VERB">sont</wf>
         <wf lemma="là" pos="ADV">là</wf>
         <wf lemma="certain" pos="X">certaines</wf>
         <wf lemma="du" pos="X">des</wf>
         <instance id="d000.s172.t000" lemma="conclusion" pos="NOUN">conclusions</instance>
         <wf lemma="du" pos="X">du</wf>
         <wf lemma="dernier" pos="ADJ">dernier</wf>
         <wf lemma="sondage" pos="NOUN">sondage</wf>
         <wf lemma="Latinobarómetro" pos="NOUN">Latinobarómetro</wf>
         <wf lemma="prendre" pos="VERB">prises</wf>
         <wf lemma="dans" pos="X">dans</wf>
         <wf lemma="@card@" pos="NOUN">18</wf>
         <instance id="d000.s172.t001" lemma="pays" pos="NOUN">pays</instance>
         <wf lemma="et" pos="X">et</wf>
         <wf lemma="publier" pos="VERB">publiée</wf>
         <wf lemma="en" pos="X">en</wf>
         <wf lemma="exclusivité" pos="NOUN">exclusivité</wf>
         <wf lemma="par" pos="X">par</wf>
         <wf lemma="The_Economist" pos="NOUN">The_Economist</wf>
         <wf lemma="." pos="X">.</wf>
      </sentence>
      <sentence id="d000.s173" source="semeval2013-fr">
         <wf lemma="mais" pos="X">Mais</wf>
         <wf lemma="cela" pos="X">cela</wf>
         <wf lemma="être" pos="VERB">est</wf>
         <wf lemma="un" pos="X">un</wf>
         <instance id="d000.s173.t000" lemma="avantage" pos="NOUN">avantage</instance>
         <wf lemma="à" pos="X">à</wf>
         <instance id="d000.s173.t001" lemma="long_terme" pos="NOUN">long_terme</instance>
         <wf lemma="," pos="X">,</wf>
         <wf lemma="avec" pos="X">avec</wf>
         <wf lemma="un" pos="X">un</wf>
         <wf lemma="certain" pos="X">certain</wf>
         <instance id="d000.s173.t002" lemma="degré" pos="NOUN">degré</instance>
         <wf lemma="de" pos="X">d'</wf>
         <instance id="d000.s173.t003" lemma="indétermination" pos="NOUN">indétermination</instance>
         <wf lemma="," pos="X">,</wf>
         <wf lemma="car" pos="X">car</wf>
         <wf lemma="le" pos="X">l'</wf>
         <instance id="d000.s173.t004" lemma="équipe" pos="NOUN">équipe</instance>
         <wf lemma="pouvoir" pos="VERB">pourrait</wf>
         <wf lemma="être" pos="VERB">être</wf>
         <wf lemma="éliminer" pos="VERB">éliminé</wf>
         <wf lemma="tout" pos="ADV">tout</wf>
         <wf lemma="à" pos="X">à</wf>
         <wf lemma="coup" pos="NOUN">coup</wf>
         <wf lemma="et" pos="X">et</wf>
         <wf lemma="à" pos="X">à</wf>
         <wf lemma="part" pos="NOUN">part</wf>
         <wf lemma="cela" pos="X">cela</wf>
         <wf lemma="," pos="X">,</wf>
         <wf lemma="avec" pos="X">avec</wf>
         <wf lemma="ce" pos="X">cette</wf>
         <instance id="d000.s173.t005" lemma="action" pos="NOUN">action</instance>
         <wf lemma="le" pos="X">les</wf>
         <wf lemma="joueur" pos="NOUN">joueurs</wf>
         <wf lemma="accomplir" pos="VERB">accomplissent</wf>
         <wf lemma="un" pos="X">un</wf>
         <wf lemma="match" pos="NOUN">match</wf>
         <wf lemma="de" pos="X">de</wf>
         <wf lemma="sanction" pos="NOUN">sanction</wf>
         <wf lemma="et" pos="X">et</wf>
         <wf lemma="passer" pos="VERB">passent</wf>
         <wf lemma="au" pos="X">au</wf>
         <wf lemma="second" pos="NOUN">second</wf>
         <wf lemma="cycle" pos="NOUN">cycle</wf>
         <wf lemma="de" pos="X">de</wf>
         <instance id="d000.s173.t006" lemma="carton" pos="NOUN">cartons</instance>
         <wf lemma="," pos="X">,</wf>
         <wf lemma="dans" pos="X">dans</wf>
         <wf lemma="lequel" pos="X">lequel</wf>
         <wf lemma="le" pos="X">la</wf>
         <wf lemma="suspension" pos="NOUN">suspension</wf>
         <wf lemma="devoir" pos="VERB">due</wf>
         <wf lemma="à" pos="X">à</wf>
         <wf lemma="le" pos="X">l'</wf>
         <instance id="d000.s173.t007" lemma="accumulation" pos="NOUN">accumulation</instance>
         <wf lemma="du" pos="X">des</wf>
         <instance id="d000.s173.t008" lemma="carton" pos="NOUN">cartons</instance>
         <wf lemma="se" pos="X">se</wf>
         <wf lemma="produire" pos="VERB">produit</wf>
         <wf lemma="avec" pos="X">avec</wf>
         <wf lemma="un" pos="NOUN">un</wf>
         <wf lemma="de" pos="X">de</wf>
         <wf lemma="moins" pos="ADV">moins</wf>
         <wf lemma="que" pos="X">qu'</wf>
         <wf lemma="au" pos="X">au</wf>
         <wf lemma="premier" pos="NOUN">premier</wf>
         <wf lemma="cycle" pos="NOUN">cycle</wf>
         <wf lemma="." pos="X">.</wf>
      </sentence>
      <sentence id="d000.s174" source="semeval2013-fr">
         <wf lemma="le" pos="X">La</wf>
         <instance id="d000.s174.t000" lemma="polémique" pos="NOUN">polémique</instance>
         <wf lemma="," pos="X">,</wf>
         <wf lemma="me" pos="X">me</wf>
         <wf lemma="semble-t-il" pos="NOUN">semble-t-il</wf>
         <wf lemma="," pos="X">,</wf>
         <wf lemma="apparaître" pos="VERB">apparaît</wf>
         <wf lemma="à" pos="X">à</wf>
         <wf lemma="cause" pos="NOUN">cause</wf>
         <wf lemma="de" pos="X">de</wf>
         <wf lemma="deux" pos="NOUN">deux</wf>
         <instance id="d000.s174.t001" lemma="facteur" pos="NOUN">facteurs</instance>
         <wf lemma=":" pos="X">:</wf>
         <wf lemma="car" pos="X">car</wf>
         <wf lemma="il" pos="X">il</wf>
         <wf lemma="y" pos="X">y</wf>
         <wf lemma="avoir" pos="VERB">a</wf>
         <wf lemma="avoir" pos="VERB">eu</wf>
         <wf lemma="deux" pos="NOUN">deux</wf>
         <wf lemma="auto-expulsions" pos="NOUN">auto-expulsions</wf>
         <wf lemma="et" pos="X">et</wf>
         <wf lemma="à" pos="X">à</wf>
         <wf lemma="cause" pos="X">cause</wf>
         <wf lemma="de" pos="X">de</wf>
         <wf lemma="le" pos="X">la</wf>
         <instance id="d000.s174.t002" lemma="manière" pos="NOUN">manière</instance>
         <wf lemma="de" pos="X">de</wf>
         <wf lemma="transmettre" pos="VERB">transmettre</wf>
         <wf lemma="le" pos="X">la</wf>
         <wf lemma="directrice" pos="NOUN">directrice</wf>
         <wf lemma="pour" pos="X">pour</wf>
         <wf lemma="la" pos="X">les</wf>
         <wf lemma="provoquer" pos="VERB">provoquer</wf>
         <wf lemma="." pos="X">.</wf>
      </sentence>
      <sentence id="d000.s175" source="semeval2013-fr">
         <wf lemma="dans" pos="X">Dans</wf>
         <wf lemma="son" pos="X">son</wf>
         <instance id="d000.s175.t000" lemma="programme" pos="NOUN">programme</instance>
         <wf lemma="," pos="X">,</wf>
         <wf lemma="françois_hollande" pos="NOUN">François_Hollande</wf>
         <wf lemma="se" pos="X">se</wf>
         <wf lemma="cantonner" pos="VERB">cantonne</wf>
         <wf lemma="à" pos="X">à</wf>
         <wf lemma="du" pos="X">des</wf>
         <instance id="d000.s175.t001" lemma="banalité" pos="NOUN">banalités</instance>
         <wf lemma="," pos="X">,</wf>
         <wf lemma="indiquer" pos="VERB">indiquant</wf>
         <wf lemma="que" pos="X">que</wf>
         <wf lemma="le" pos="X">le</wf>
         <wf lemma="codéveloppement" pos="NOUN">codéveloppement</wf>
         <wf lemma="permettre" pos="VERB">permettra</wf>
         <wf lemma="de" pos="X">de</wf>
         <wf lemma="résoudre" pos="VERB">résoudre</wf>
         <wf lemma="notre" pos="X">notre</wf>
         <wf lemma="&quot;" pos="X">&quot;</wf>
         <instance id="d000.s175.t002" lemma="problème" pos="NOUN">problème</instance>
         <wf lemma="migratoire" pos="ADJ">migratoire</wf>
         <wf lemma="&quot;" pos="X">&quot;</wf>
         <wf lemma="." pos="X">.</wf>
      </sentence>
      <sentence id="d000.s176" source="semeval2013-fr">
         <wf lemma="Teletovic" pos="NOUN">Teletovic</wf>
         <wf lemma="commencer" pos="VERB">commençait</wf>
         <wf lemma="déjà" pos="ADV">déjà</wf>
         <wf lemma="à" pos="X">à</wf>
         <wf lemma="se" pos="X">se</wf>
         <wf lemma="faire" pos="VERB">faire</wf>
         <wf lemma="remarquer" pos="VERB">remarquer</wf>
         <wf lemma="comme" pos="ADV">comme</wf>
         <wf lemma="le" pos="X">le</wf>
         <wf lemma="meilleur" pos="ADJ">meilleur</wf>
         <wf lemma="joueur" pos="NOUN">joueur</wf>
         <wf lemma="de" pos="X">de</wf>
         <wf lemma="son" pos="X">son</wf>
         <instance id="d000.s176.t000" lemma="équipe" pos="NOUN">équipe</instance>
         <wf lemma="," pos="X">,</wf>
         <wf lemma="avec" pos="X">avec</wf>
         <wf lemma="@card@" pos="NOUN">13</wf>
         <instance id="d000.s176.t001" lemma="point" pos="NOUN">points</instance>
         <wf lemma="marquer" pos="VERB">marqués</wf>
         <wf lemma="," pos="X">,</wf>
         <wf lemma="bien" pos="ADV">bien</wf>
         <wf lemma="que" pos="X">que</wf>
         <wf lemma="le" pos="X">le</wf>
         <wf lemma="«" pos="X">«</wf>
         <wf lemma="moins" pos="ADV">moins</wf>
         <wf lemma="six" pos="NOUN">six</wf>
         <wf lemma="»" pos="X">»</wf>
         <wf lemma="d" pos="ADJ">d</wf>
         <wf lemma="’" pos="X">’</wf>
         <wf lemma="évaluation" pos="NOUN">évaluation</wf>
         <wf lemma="de" pos="X">de</wf>
         <wf lemma="Splitter" pos="NOUN">Splitter</wf>
         <wf lemma="laisser" pos="VERB">laissait</wf>
         <wf lemma="déjà" pos="ADV">déjà</wf>
         <wf lemma="présager" pos="VERB">présager</wf>
         <wf lemma="que" pos="X">que</wf>
         <wf lemma="ce" pos="X">cette</wf>
         <instance id="d000.s176.t002" lemma="nuit" pos="NOUN">nuit</instance>
         <wf lemma="n" pos="ADJ">n</wf>
         <wf lemma="’" pos="X">’</wf>
         <wf lemma="aller" pos="VERB">allait</wf>
         <wf lemma="pas" pos="ADV">pas</wf>
         <wf lemma="être" pos="VERB">être</wf>
         <wf lemma="le" pos="X">la</wf>
         <wf lemma="meilleur" pos="ADJ">meilleure</wf>
         <wf lemma="du" pos="X">du</wf>
         <wf lemma="brésilien" pos="ADJ">brésilien</wf>
         <wf lemma="." pos="X">.</wf>
      </sentence>
      <sentence id="d000.s177" source="semeval2013-fr">
         <wf lemma="ExxonMobil" pos="NOUN">ExxonMobil</wf>
         <wf lemma="et" pos="X">et</wf>
         <wf lemma="occidental_petroleum" pos="NOUN">Occidental_Petroleum</wf>
         <wf lemma="Inc." pos="X">Inc.</wf>
         <wf lemma="avoir" pos="VERB">ont</wf>
         <wf lemma="être" pos="VERB">été</wf>
         <wf lemma="le" pos="X">les</wf>
         <wf lemma="seul" pos="ADJ">seules</wf>
         <instance id="d000.s177.t000" lemma="société" pos="NOUN">sociétés</instance>
         <wf lemma="américain" pos="ADJ">américaines</wf>
         <wf lemma="à" pos="X">à</wf>
         <wf lemma="obtenir" pos="VERB">obtenir</wf>
         <wf lemma="du" pos="X">des</wf>
         <instance id="d000.s177.t001" lemma="contrat" pos="NOUN">contrats</instance>
         <wf lemma="avec" pos="X">avec</wf>
         <wf lemma="le" pos="X">le</wf>
         <wf lemma="Ministère" pos="NOUN">Ministère</wf>
         <wf lemma="." pos="X">.</wf>
      </sentence>
      <sentence id="d000.s178" source="semeval2013-fr">
         <wf lemma="mais" pos="X">Mais</wf>
         <wf lemma="dans" pos="X">dans</wf>
         <wf lemma="ce" pos="X">ce</wf>
         <wf lemma="match" pos="NOUN">match</wf>
         <wf lemma="," pos="X">,</wf>
         <wf lemma="malgré" pos="X">malgré</wf>
         <wf lemma="le" pos="X">le</wf>
         <instance id="d000.s178.t000" lemma="fait" pos="NOUN">fait</instance>
         <wf lemma="qu" pos="VERB">qu</wf>
         <wf lemma="’" pos="X">’</wf>
         <wf lemma="il" pos="X">ils</wf>
         <wf lemma="être" pos="VERB">étaient</wf>
         <wf lemma="sur" pos="X">sur</wf>
         <wf lemma="le" pos="X">la</wf>
         <wf lemma="bon" pos="ADJ">bonne</wf>
         <wf lemma="voie" pos="NOUN">voie</wf>
         <wf lemma="à" pos="X">à</wf>
         <wf lemma="le" pos="X">la</wf>
         <instance id="d000.s178.t001" lemma="pause" pos="NOUN">pause</instance>
         <wf lemma="," pos="X">,</wf>
         <instance id="d000.s178.t002" lemma="rien" pos="NOUN">rien</instance>
         <wf lemma="n" pos="ADJ">n</wf>
         <wf lemma="’" pos="X">’</wf>
         <wf lemma="être" pos="VERB">était</wf>
         <wf lemma="jouer" pos="VERB">joué</wf>
         <wf lemma="," pos="X">,</wf>
         <wf lemma="loin" pos="ADV">loin</wf>
         <wf lemma="de" pos="X">de</wf>
         <wf lemma="là" pos="ADV">là</wf>
         <wf lemma="," pos="X">,</wf>
         <wf lemma="et" pos="X">et</wf>
         <wf lemma="l" pos="VERB">l</wf>
         <wf lemma="’" pos="X">’</wf>
         <instance id="d000.s178.t003" lemma="équipe" pos="NOUN">équipe</instance>
         <wf lemma="d" pos="VERB">d</wf>
         <wf lemma="’" pos="X">’</wf>
         <wf lemma="Avala" pos="NOUN">Avala</wf>
         <wf lemma="vouloir" pos="VERB">voulut</wf>
         <wf lemma="rappeler" pos="VERB">rappeler</wf>
         <wf lemma="à" pos="X">à</wf>
         <wf lemma="celui" pos="X">celle</wf>
         <wf lemma="de" pos="X">de</wf>
         <wf lemma="Vitoria" pos="NOUN">Vitoria</wf>
         <wf lemma="que" pos="X">qu'</wf>
         <wf lemma="on" pos="X">on</wf>
         <wf lemma="ne" pos="ADV">ne</wf>
         <wf lemma="gagner" pos="VERB">gagne</wf>
         <wf lemma="pas" pos="ADV">pas</wf>
         <wf lemma="si" pos="ADV">si</wf>
         <wf lemma="facilement" pos="ADV">facilement</wf>
         <wf lemma="sur" pos="X">sur</wf>
         <wf lemma="leur" pos="X">leur</wf>
         <instance id="d000.s178.t004" lemma="terrain" pos="NOUN">terrain</instance>
         <wf lemma="," pos="X">,</wf>
         <wf lemma="et" pos="X">et</wf>
         <wf lemma="grâce" pos="X">grâce</wf>
         <wf lemma="à" pos="X">à</wf>
         <wf lemma="«" pos="X">«</wf>
         <wf lemma="le" pos="X">la</wf>
         <instance id="d000.s178.t005" lemma="main" pos="NOUN">main</instance>
         <wf lemma="d" pos="VERB">d</wf>
         <wf lemma="’" pos="X">’</wf>
         <wf lemma="Elias" pos="NOUN">Elias</wf>
         <wf lemma="»" pos="X">»</wf>
         <wf lemma="," pos="X">,</wf>
         <wf lemma="il" pos="X">ils</wf>
         <wf lemma="réussir" pos="VERB">réussirent</wf>
         <wf lemma="à" pos="X">à</wf>
         <wf lemma="entrer" pos="VERB">entrer</wf>
         <wf lemma="dans" pos="X">dans</wf>
         <wf lemma="le" pos="X">le</wf>
         <wf lemma="match" pos="NOUN">match</wf>
         <wf lemma="." pos="X">.</wf>
      </sentence>
      <sentence id="d000.s179" source="semeval2013-fr">
         <wf lemma="dans" pos="X">Dans</wf>
         <wf lemma="leur" pos="X">leur</wf>
         <instance id="d000.s179.t000" lemma="dossier" pos="NOUN">dossier</instance>
         <wf lemma="," pos="X">,</wf>
         <wf lemma="il" pos="X">ils</wf>
         <wf lemma="faire" pos="VERB">font</wf>
         <wf lemma="un" pos="X">une</wf>
         <instance id="d000.s179.t001" lemma="référence" pos="NOUN">référence</instance>
         <wf lemma="à" pos="X">à</wf>
         <wf lemma="le" pos="X">la</wf>
         <instance id="d000.s179.t002" lemma="décision" pos="NOUN">décision</instance>
         <wf lemma="de" pos="X">de</wf>
         <wf lemma="le" pos="X">la</wf>
         <wf lemma="Cour" pos="NOUN">Cour</wf>
         <wf lemma="suprême" pos="ADJ">suprême</wf>
         <wf lemma="de" pos="X">de</wf>
         <wf lemma="@card@" pos="NOUN">1966</wf>
         <wf lemma="qui" pos="X">qui</wf>
         <wf lemma="avoir" pos="VERB">avait</wf>
         <wf lemma="renverser" pos="VERB">renversé</wf>
         <wf lemma="le" pos="X">la</wf>
         <instance id="d000.s179.t003" lemma="condamnation" pos="NOUN">condamnation</instance>
         <wf lemma="du" pos="X">du</wf>
         <wf lemma="dr_sheppard" pos="NOUN">Dr_Sheppard</wf>
         <wf lemma="en" pos="X">en</wf>
         <wf lemma="raison" pos="NOUN">raison</wf>
         <wf lemma="de" pos="X">de</wf>
         <wf lemma="le" pos="X">la</wf>
         <instance id="d000.s179.t004" lemma="couverture_médiatique" pos="NOUN">couverture_médiatique</instance>
         <wf lemma="du" pos="X">du</wf>
         <instance id="d000.s179.t005" lemma="procès" pos="NOUN">procès</instance>
         <wf lemma="et" pos="X">et</wf>
         <wf lemma="il" pos="X">ils</wf>
         <wf lemma="avoir" pos="VERB">ont</wf>
         <wf lemma="préciser" pos="VERB">précisé</wf>
         <wf lemma="que" pos="X">qu'</wf>
         <wf lemma="il" pos="X">ils</wf>
         <wf lemma="invoquer" pos="VERB">invoqueraient</wf>
         <wf lemma="le" pos="X">le</wf>
         <instance id="d000.s179.t006" lemma="besoin" pos="NOUN">besoin</instance>
         <wf lemma="de" pos="X">de</wf>
         <wf lemma="nouveau" pos="ADJ">nouvelles</wf>
         <instance id="d000.s179.t007" lemma="règle" pos="NOUN">règles</instance>
         <wf lemma="pour" pos="X">pour</wf>
         <wf lemma="le" pos="X">les</wf>
         <wf lemma="nouveau" pos="ADJ">nouveaux</wf>
         <instance id="d000.s179.t008" lemma="médias" pos="NOUN">médias</instance>
         <wf lemma="." pos="X">.</wf>
      </sentence>
      <sentence id="d000.s180" source="semeval2013-fr">
         <wf lemma="&quot;" pos="X">&quot;</wf>
         <wf lemma="le" pos="X">L'</wf>
         <instance id="d000.s180.t000" lemma="arsenic" pos="NOUN">arsenic</instance>
         <wf lemma="être" pos="VERB">est</wf>
         <wf lemma="toxique" pos="ADJ">toxique</wf>
         <wf lemma="principalement" pos="ADV">principalement</wf>
         <wf lemma="parce" pos="X">parce</wf>
         <wf lemma="que" pos="X">que</wf>
         <wf lemma="son" pos="X">son</wf>
         <instance id="d000.s180.t001" lemma="comportement" pos="NOUN">comportement</instance>
         <wf lemma="chimique" pos="ADJ">chimique</wf>
         <wf lemma="être" pos="VERB">est</wf>
         <wf lemma="vraiment" pos="ADV">vraiment</wf>
         <wf lemma="semblable" pos="ADJ">semblable</wf>
         <wf lemma="à" pos="X">à</wf>
         <wf lemma="celui" pos="X">celui</wf>
         <wf lemma="du" pos="X">du</wf>
         <instance id="d000.s180.t002" lemma="phosphore" pos="NOUN">phosphore</instance>
         <wf lemma="." pos="X">.</wf>
         <wf lemma="&quot;" pos="X">&quot;</wf>
      </sentence>
      <sentence id="d000.s181" source="semeval2013-fr">
         <wf lemma="le" pos="X">La</wf>
         <instance id="d000.s181.t000" lemma="banque" pos="NOUN">Banque</instance>
         <wf lemma="ne" pos="ADV">n'</wf>
         <wf lemma="avoir" pos="VERB">a</wf>
         <wf lemma="reconnaître" pos="VERB">reconnu</wf>
         <wf lemma="en" pos="X">en</wf>
         <wf lemma="comparaison" pos="X">comparaison</wf>
         <wf lemma="aucun" pos="X">aucune</wf>
         <wf lemma="faute" pos="NOUN">faute</wf>
         <wf lemma="." pos="X">.</wf>
      </sentence>
      <sentence id="d000.s182" source="semeval2013-fr">
         <wf lemma="un" pos="X">Une</wf>
         <instance id="d000.s182.t000" lemma="partie" pos="NOUN">partie</instance>
         <wf lemma="du" pos="X">du</wf>
         <instance id="d000.s182.t001" lemma="débat" pos="NOUN">débat</instance>
         <wf lemma="apparaître" pos="VERB">apparu</wf>
         <wf lemma="dans" pos="X">dans</wf>
         <wf lemma="le" pos="X">le</wf>
         <instance id="d000.s182.t002" lemma="cas" pos="NOUN">cas</instance>
         <wf lemma="relater" pos="VERB">relaté</wf>
         <wf lemma="se" pos="X">se</wf>
         <wf lemma="devoir" pos="VERB">doit</wf>
         <wf lemma="au" pos="X">au</wf>
         <instance id="d000.s182.t003" lemma="fait" pos="NOUN">fait</instance>
         <wf lemma="que" pos="X">que</wf>
         <wf lemma="ceci" pos="X">ceci</wf>
         <wf lemma="avoir" pos="VERB">a</wf>
         <wf lemma="avoir" pos="VERB">eu</wf>
         <wf lemma="comme" pos="ADV">comme</wf>
         <instance id="d000.s182.t004" lemma="protagoniste" pos="NOUN">protagoniste</instance>
         <wf lemma="un" pos="X">une</wf>
         <instance id="d000.s182.t005" lemma="équipe" pos="NOUN">équipe</instance>
         <wf lemma="de" pos="X">de</wf>
         <wf lemma="le" pos="X">l'</wf>
         <wf lemma="entité" pos="NOUN">entité</wf>
         <wf lemma="de" pos="X">de</wf>
         <wf lemma="real_madrid" pos="NOUN">Real_Madrid</wf>
         <wf lemma="(" pos="X">(</wf>
         <wf lemma="qui" pos="X">qui</wf>
         <wf lemma="dans" pos="X">dans</wf>
         <wf lemma="son" pos="X">son</wf>
         <instance id="d000.s182.t006" lemma="hymne" pos="NOUN">hymne</instance>
         <wf lemma="afficher" pos="VERB">affiche</wf>
         <wf lemma="le" pos="X">la</wf>
         <instance id="d000.s182.t007" lemma="noblesse" pos="NOUN">noblesse</instance>
         <wf lemma="et" pos="X">et</wf>
         <wf lemma="le" pos="X">l'</wf>
         <instance id="d000.s182.t008" lemma="honneur" pos="NOUN">honneur</instance>
         <wf lemma="et" pos="X">et</wf>
         <wf lemma="qui" pos="X">qui</wf>
         <wf lemma="dans" pos="X">dans</wf>
         <wf lemma="du" pos="X">des</wf>
         <instance id="d000.s182.t009" lemma="occasion" pos="NOUN">occasions</instance>
         <wf lemma="passer" pos="VERB">passées</wf>
         <wf lemma="avoir" pos="VERB">a</wf>
         <wf lemma="condamner" pos="VERB">condamné</wf>
         <wf lemma="à" pos="X">à</wf>
         <wf lemma="un" pos="X">une</wf>
         <instance id="d000.s182.t010" lemma="amende" pos="NOUN">amende</instance>
         <wf lemma="à" pos="X">à</wf>
         <wf lemma="son" pos="X">ses</wf>
         <wf lemma="joueur" pos="NOUN">joueurs</wf>
         <wf lemma="pour" pos="X">pour</wf>
         <wf lemma="du" pos="X">des</wf>
         <instance id="d000.s182.t011" lemma="acte" pos="NOUN">actes</instance>
         <wf lemma="analogue" pos="ADJ">analogues</wf>
         <wf lemma=")" pos="X">)</wf>
         <wf lemma="et" pos="X">et</wf>
         <wf lemma="à" pos="X">à</wf>
         <wf lemma="le" pos="X">la</wf>
         <wf lemma="dramatisation" pos="NOUN">dramatisation</wf>
         <wf lemma="orchestrer" pos="VERB">orchestrée</wf>
         <wf lemma="," pos="X">,</wf>
         <wf lemma="semble-t-il" pos="NOUN">semble-t-il</wf>
         <wf lemma="," pos="X">,</wf>
         <wf lemma="par" pos="X">par</wf>
         <wf lemma="Mourinho" pos="NOUN">Mourinho</wf>
         <wf lemma="," pos="X">,</wf>
         <wf lemma="qui" pos="X">qui</wf>
         <wf lemma="ajouter" pos="VERB">ajoute</wf>
         <wf lemma="un" pos="X">un</wf>
         <wf lemma="épisode" pos="NOUN">épisode</wf>
         <wf lemma="de" pos="X">de</wf>
         <wf lemma="plus" pos="ADV">plus</wf>
         <wf lemma="à" pos="X">à</wf>
         <wf lemma="son" pos="X">son</wf>
         <wf lemma="dilater" pos="VERB">dilatée</wf>
         <instance id="d000.s182.t012" lemma="histoire" pos="NOUN">histoire</instance>
         <wf lemma="de" pos="X">de</wf>
         <instance id="d000.s182.t013" lemma="technicien" pos="NOUN">technicien</instance>
         <wf lemma="histrionique" pos="ADJ">histrionique</wf>
         <wf lemma="et" pos="X">et</wf>
         <wf lemma="provocateur" pos="ADJ">provocateur</wf>
         <wf lemma="." pos="X">.</wf>
      </sentence>
      <sentence id="d000.s183" source="semeval2013-fr">
         <wf lemma="le" pos="X">Les</wf>
         <instance id="d000.s183.t000" lemma="chercheur" pos="NOUN">chercheurs</instance>
         <wf lemma="avoir" pos="VERB">ont</wf>
         <wf lemma="recueillir" pos="VERB">recueilli</wf>
         <wf lemma="le" pos="X">la</wf>
         <instance id="d000.s183.t001" lemma="bactérie" pos="NOUN">bactérie</instance>
         <wf lemma="connaître" pos="VERB">connue</wf>
         <wf lemma="sous" pos="X">sous</wf>
         <wf lemma="le" pos="X">le</wf>
         <instance id="d000.s183.t002" lemma="nom" pos="NOUN">nom</instance>
         <wf lemma="de" pos="X">de</wf>
         <wf lemma="GFAJ-1" pos="NOUN">GFAJ-1</wf>
         <wf lemma="et" pos="X">et</wf>
         <wf lemma="la" pos="X">l'</wf>
         <wf lemma="avoir" pos="VERB">ont</wf>
         <wf lemma="exposer" pos="VERB">exposée</wf>
         <wf lemma="à" pos="X">à</wf>
         <wf lemma="du" pos="X">des</wf>
         <instance id="d000.s183.t003" lemma="concentration" pos="NOUN">concentrations</instance>
         <wf lemma="croissant" pos="ADJ">croissantes</wf>
         <wf lemma="de" pos="X">d'</wf>
         <instance id="d000.s183.t004" lemma="arsenic" pos="NOUN">arsenic</instance>
         <wf lemma="auquel" pos="X">auquel</wf>
         <wf lemma="elle" pos="X">elle</wf>
         <wf lemma="avoir" pos="VERB">a</wf>
         <wf lemma="pouvoir" pos="VERB">pu</wf>
         <wf lemma="se" pos="X">s'</wf>
         <wf lemma="adapter" pos="VERB">adapter</wf>
         <wf lemma="et" pos="X">et</wf>
         <wf lemma="croître" pos="VERB">croître</wf>
         <wf lemma="." pos="X">.</wf>
      </sentence>
      <sentence id="d000.s184" source="semeval2013-fr">
         <wf lemma="il" pos="X">Il</wf>
         <wf lemma="y" pos="X">y</wf>
         <wf lemma="avoir" pos="VERB">a</wf>
         <wf lemma="dix" pos="NOUN">dix</wf>
         <wf lemma="an" pos="NOUN">ans</wf>
         <wf lemma="," pos="X">,</wf>
         <wf lemma="le" pos="X">les</wf>
         <instance id="d000.s184.t000" lemma="problème" pos="NOUN">problèmes</instance>
         <wf lemma="économique" pos="ADJ">économiques</wf>
         <wf lemma="en" pos="X">en</wf>
         <wf lemma="Amérique" pos="NOUN">Amérique</wf>
         <wf lemma="latin" pos="ADJ">latine</wf>
         <wf lemma="avoir" pos="VERB">ont</wf>
         <wf lemma="ébranler" pos="VERB">ébranlé</wf>
         <wf lemma="le" pos="X">le</wf>
         <instance id="d000.s184.t001" lemma="soutien" pos="NOUN">soutien</instance>
         <wf lemma="à" pos="X">à</wf>
         <wf lemma="le" pos="X">la</wf>
         <instance id="d000.s184.t002" lemma="démocratie" pos="NOUN">démocratie</instance>
         <wf lemma="." pos="X">.</wf>
      </sentence>
      <sentence id="d000.s185" source="semeval2013-fr">
         <wf lemma="mais" pos="X">Mais</wf>
         <wf lemma="le" pos="X">l'</wf>
         <instance id="d000.s185.t000" lemma="humeur" pos="NOUN">humeur</instance>
         <wf lemma="varier" pos="VERB">varie</wf>
         <wf lemma="considérablement" pos="ADV">considérablement</wf>
         <wf lemma="de" pos="X">d'</wf>
         <wf lemma="un" pos="X">un</wf>
         <instance id="d000.s185.t001" lemma="pays" pos="NOUN">pays</instance>
         <wf lemma="à" pos="X">à</wf>
         <wf lemma="le" pos="X">l'</wf>
         <wf lemma="autre" pos="ADJ">autre</wf>
         <wf lemma="(" pos="X">(</wf>
         <wf lemma="cf." pos="X">cf.</wf>
         <instance id="d000.s185.t002" lemma="graphique" pos="NOUN">graphique</instance>
         <wf lemma="@card@" pos="NOUN">4</wf>
         <wf lemma=")" pos="X">)</wf>
         <wf lemma="." pos="X">.</wf>
      </sentence>
      <sentence id="d000.s186" source="semeval2013-fr">
         <wf lemma="mais" pos="X">Mais</wf>
         <wf lemma="le" pos="X">l'</wf>
         <instance id="d000.s186.t000" lemma="expérience" pos="NOUN">expérience</instance>
         <wf lemma="montrer" pos="VERB">montre</wf>
         <wf lemma="que" pos="X">que</wf>
         <wf lemma="," pos="X">,</wf>
         <wf lemma="en" pos="X">en</wf>
         <instance id="d000.s186.t001" lemma="réalité" pos="NOUN">réalité</instance>
         <wf lemma="," pos="X">,</wf>
         <wf lemma="le" pos="X">les</wf>
         <instance id="d000.s186.t002" lemma="immigrant" pos="NOUN">immigrants</instance>
         <wf lemma="être" pos="VERB">sont</wf>
         <wf lemma="beaucoup" pos="ADV">beaucoup</wf>
         <wf lemma="plus" pos="ADV">plus</wf>
         <wf lemma="complémentaire" pos="ADJ">complémentaires</wf>
         <wf lemma="que" pos="X">que</wf>
         <instance id="d000.s186.t003" lemma="substitut" pos="NOUN">substituts</instance>
         <wf lemma="au" pos="X">aux</wf>
         <instance id="d000.s186.t004" lemma="salarié" pos="NOUN">salariés</instance>
         <wf lemma="national" pos="ADJ">nationaux</wf>
         <wf lemma="," pos="X">,</wf>
         <wf lemma="exercer" pos="VERB">exerçant</wf>
         <wf lemma="pour" pos="X">pour</wf>
         <wf lemma="le" pos="X">l'</wf>
         <wf lemma="essentiel" pos="NOUN">essentiel</wf>
         <wf lemma="du" pos="X">des</wf>
         <instance id="d000.s186.t005" lemma="métier" pos="NOUN">métiers</instance>
         <wf lemma="dans" pos="X">dans</wf>
         <wf lemma="du" pos="X">des</wf>
         <wf lemma="secteur" pos="NOUN">secteurs</wf>
         <wf lemma="en" pos="X">en</wf>
         <instance id="d000.s186.t006" lemma="pénurie" pos="NOUN">pénurie</instance>
         <wf lemma="de" pos="X">d'</wf>
         <instance id="d000.s186.t007" lemma="emploi" pos="NOUN">emploi</instance>
         <wf lemma="." pos="X">.</wf>
      </sentence>
      <sentence id="d000.s187" source="semeval2013-fr">
         <wf lemma="un" pos="X">Un</wf>
         <instance id="d000.s187.t000" lemma="microbe" pos="NOUN">microbe</instance>
         <wf lemma="tolérer" pos="VERB">tolérant</wf>
         <wf lemma="le" pos="X">l'</wf>
         <instance id="d000.s187.t001" lemma="arsenic" pos="NOUN">arsenic</instance>
         <wf lemma="soulever" pos="VERB">soulève</wf>
         <wf lemma="le" pos="X">la</wf>
         <instance id="d000.s187.t002" lemma="possibilité" pos="NOUN">possibilité</instance>
         <wf lemma="de" pos="X">de</wf>
         <wf lemma="nouveau" pos="ADJ">nouveaux</wf>
         <instance id="d000.s187.t003" lemma="type" pos="NOUN">types</instance>
         <wf lemma="de" pos="X">de</wf>
         <instance id="d000.s187.t004" lemma="vie" pos="NOUN">vies</instance>
         <wf lemma="sur" pos="X">sur</wf>
         <wf lemma="Terre" pos="NOUN">Terre</wf>
         <wf lemma="," pos="X">,</wf>
         <wf lemma="ou" pos="X">ou</wf>
         <wf lemma="ailleurs" pos="ADV">ailleurs</wf>
         <wf lemma="." pos="X">.</wf>
      </sentence>
      <sentence id="d000.s188" source="semeval2013-fr">
         <wf lemma="le" pos="X">Le</wf>
         <wf lemma="rendement" pos="NOUN">rendement</wf>
         <wf lemma="du" pos="X">du</wf>
         <wf lemma="bon_du_trésor" pos="NOUN">bon_du_Trésor</wf>
         <wf lemma="à" pos="X">à</wf>
         <wf lemma="@card@" pos="NOUN">10</wf>
         <instance id="d000.s188.t000" lemma="an" pos="NOUN">ans</instance>
         <wf lemma="avoir" pos="VERB">a</wf>
         <wf lemma="progresser" pos="VERB">progressé</wf>
         <wf lemma="à" pos="X">à</wf>
         <wf lemma="@card@" pos="NOUN">3,540</wf>
         <wf lemma="%" pos="X">%</wf>
         <wf lemma="contre" pos="X">contre</wf>
         <wf lemma="@card@" pos="NOUN">3,482</wf>
         <wf lemma="%" pos="X">%</wf>
         <instance id="d000.s188.t001" lemma="mercredi" pos="NOUN">mercredi</instance>
         <instance id="d000.s188.t002" lemma="soir" pos="NOUN">soir</instance>
         <wf lemma="et" pos="X">et</wf>
         <wf lemma="celui" pos="X">celui</wf>
         <wf lemma="du" pos="X">du</wf>
         <wf lemma="bon" pos="ADJ">bon</wf>
         <wf lemma="à" pos="X">à</wf>
         <wf lemma="@card@" pos="NOUN">30</wf>
         <instance id="d000.s188.t003" lemma="an" pos="NOUN">ans</instance>
         <wf lemma="à" pos="X">à</wf>
         <wf lemma="@card@" pos="NOUN">4,497</wf>
         <wf lemma="%" pos="X">%</wf>
         <wf lemma="contre" pos="X">contre</wf>
         <wf lemma="@card@" pos="NOUN">4,492</wf>
         <wf lemma="%" pos="X">%</wf>
         <wf lemma="le" pos="X">la</wf>
         <wf lemma="veille" pos="NOUN">veille</wf>
         <wf lemma="." pos="X">.</wf>
      </sentence>
      <sentence id="d000.s189" source="semeval2013-fr">
         <wf lemma="en" pos="X">En</wf>
         <wf lemma="ce" pos="X">ce</wf>
         <wf lemma="qui" pos="X">qui</wf>
         <wf lemma="concerner" pos="VERB">concerne</wf>
         <wf lemma="le" pos="X">la</wf>
         <instance id="d000.s189.t000" lemma="question" pos="NOUN">question</instance>
         <wf lemma="du" pos="X">des</wf>
         <instance id="d000.s189.t001" lemma="document" pos="NOUN">documents</instance>
         <wf lemma="de" pos="X">d'</wf>
         <instance id="d000.s189.t002" lemma="hypothèque" pos="NOUN">hypothèque</instance>
         <wf lemma="il" pos="X">il</wf>
         <wf lemma="se" pos="X">s'</wf>
         <wf lemma="agir" pos="VERB">agit</wf>
         <wf lemma="de" pos="X">de</wf>
         <wf lemma="&quot;" pos="X">&quot;</wf>
         <wf lemma="Mortgage-backed" pos="NOUN">Mortgage-backed</wf>
         <wf lemma="Securities" pos="NOUN">Securities</wf>
         <wf lemma="&quot;" pos="X">&quot;</wf>
         <wf lemma="." pos="X">.</wf>
      </sentence>
      <sentence id="d000.s190" source="semeval2013-fr">
         <wf lemma="se" pos="X">S'</wf>
         <wf lemma="il" pos="X">ils</wf>
         <wf lemma="la" pos="X">l'</wf>
         <wf lemma="être" pos="VERB">étaient</wf>
         <wf lemma="," pos="X">,</wf>
         <wf lemma="il" pos="X">ils</wf>
         <wf lemma="argumenter" pos="VERB">argumenteraient</wf>
         <wf lemma="sans" pos="X">sans</wf>
         <instance id="d000.s190.t000" lemma="doute" pos="NOUN">doute</instance>
         <wf lemma="par" pos="X">par</wf>
         <wf lemma="le" pos="X">le</wf>
         <instance id="d000.s190.t001" lemma="code" pos="NOUN">code</instance>
         <wf lemma="de" pos="X">de</wf>
         <wf lemma="Canon" pos="NOUN">Canon</wf>
         <wf lemma="4C" pos="NOUN">4C</wf>
         <wf lemma="," pos="X">,</wf>
         <wf lemma="qui" pos="X">qui</wf>
         <wf lemma="stipuler" pos="VERB">stipule</wf>
         <wf lemma=":" pos="X">:</wf>
         <wf lemma="&quot;" pos="X">&quot;</wf>
         <wf lemma="un" pos="X">Un</wf>
         <instance id="d000.s190.t002" lemma="juge" pos="NOUN">juge</instance>
         <wf lemma="pouvoir" pos="VERB">peut</wf>
         <wf lemma="assister" pos="VERB">assister</wf>
         <wf lemma="à" pos="X">à</wf>
         <wf lemma="du" pos="X">des</wf>
         <wf lemma="collecte" pos="NOUN">collectes</wf>
         <wf lemma="de" pos="X">de</wf>
         <wf lemma="fond" pos="NOUN">fonds</wf>
         <wf lemma="du" pos="X">des</wf>
         <instance id="d000.s190.t003" lemma="organisation" pos="NOUN">organisations</instance>
         <wf lemma="lier" pos="VERB">liées</wf>
         <wf lemma="au" pos="X">au</wf>
         <instance id="d000.s190.t004" lemma="droit" pos="NOUN">droit</instance>
         <wf lemma="et" pos="X">et</wf>
         <wf lemma="autre" pos="ADJ">autres</wf>
         <wf lemma="bien" pos="ADV">bien</wf>
         <wf lemma="que" pos="X">que</wf>
         <wf lemma="le" pos="X">le</wf>
         <instance id="d000.s190.t005" lemma="juge" pos="NOUN">juge</instance>
         <wf lemma="ne" pos="ADV">ne</wf>
         <wf lemma="pouvoir" pos="VERB">puisse</wf>
         <wf lemma="pas" pos="ADV">pas</wf>
         <wf lemma="être" pos="VERB">être</wf>
         <wf lemma="un" pos="X">un</wf>
         <wf lemma="intervenant" pos="NOUN">intervenant</wf>
         <wf lemma="," pos="X">,</wf>
         <wf lemma="un" pos="X">un</wf>
         <instance id="d000.s190.t006" lemma="invité_d'honneur" pos="NOUN">invité_d'honneur</instance>
         <wf lemma="," pos="X">,</wf>
         <wf lemma="ou" pos="X">ou</wf>
         <wf lemma="figurer" pos="VERB">figurant</wf>
         <wf lemma="sur" pos="X">sur</wf>
         <wf lemma="le" pos="X">le</wf>
         <instance id="d000.s190.t007" lemma="programme" pos="NOUN">programme</instance>
         <wf lemma="de" pos="X">d'</wf>
         <wf lemma="un" pos="X">un</wf>
         <wf lemma="tel" pos="X">tel</wf>
         <instance id="d000.s190.t008" lemma="événement" pos="NOUN">évènement</instance>
         <wf lemma="&quot;" pos="X">&quot;</wf>
         <wf lemma="." pos="X">.</wf>
      </sentence>
      <sentence id="d000.s191" source="semeval2013-fr">
         <wf lemma="&quot;" pos="X">&quot;</wf>
         <wf lemma="il" pos="X">Il</wf>
         <wf lemma="y" pos="X">y</wf>
         <wf lemma="avoir" pos="VERB">a</wf>
         <wf lemma="un" pos="X">une</wf>
         <instance id="d000.s191.t000" lemma="raison" pos="NOUN">raison</instance>
         <wf lemma="général" pos="ADJ">générale</wf>
         <wf lemma="de" pos="X">de</wf>
         <wf lemma="se" pos="X">s'</wf>
         <wf lemma="inquiéter" pos="VERB">inquiéter</wf>
         <wf lemma="de" pos="X">de</wf>
         <wf lemma="le" pos="X">l'</wf>
         <instance id="d000.s191.t001" lemma="impact" pos="NOUN">impact</instance>
         <wf lemma="du" pos="X">des</wf>
         <wf lemma="nouveau" pos="ADJ">nouveaux</wf>
         <instance id="d000.s191.t002" lemma="médias" pos="NOUN">médias</instance>
         <wf lemma="&quot;" pos="X">&quot;</wf>
         <wf lemma="dans" pos="X">dans</wf>
         <wf lemma="le" pos="X">les</wf>
         <instance id="d000.s191.t003" lemma="procès" pos="NOUN">procès</instance>
         <wf lemma="de" pos="X">de</wf>
         <wf lemma="grand" pos="ADJ">grande</wf>
         <wf lemma="envergure" pos="NOUN">envergure</wf>
         <wf lemma="," pos="X">,</wf>
         <wf lemma="avoir" pos="VERB">a</wf>
         <wf lemma="déclarer" pos="VERB">déclaré</wf>
         <wf lemma="John" pos="NOUN">John</wf>
         <wf lemma="J." pos="X">J.</wf>
         <wf lemma="Donohue" pos="NOUN">Donohue</wf>
         <wf lemma="III" pos="NOUN">III</wf>
         <wf lemma="," pos="X">,</wf>
         <wf lemma="un" pos="X">un</wf>
         <instance id="d000.s191.t004" lemma="professeur" pos="NOUN">professeur</instance>
         <wf lemma="à" pos="X">à</wf>
         <wf lemma="le" pos="X">l'</wf>
         <instance id="d000.s191.t005" lemma="école" pos="NOUN">école</instance>
         <wf lemma="de" pos="X">de</wf>
         <wf lemma="Droit" pos="NOUN">Droit</wf>
         <wf lemma="de" pos="X">de</wf>
         <wf lemma="Stanford" pos="NOUN">Stanford</wf>
         <wf lemma="qui" pos="X">qui</wf>
         <wf lemma="avoir" pos="VERB">a</wf>
         <wf lemma="étudier" pos="VERB">étudié</wf>
         <wf lemma="le" pos="X">la</wf>
         <instance id="d000.s191.t006" lemma="peine_de_mort" pos="NOUN">peine_de_mort</instance>
         <wf lemma="au" pos="X">au</wf>
         <instance id="d000.s191.t007" lemma="Connecticut" pos="NOUN">Connecticut</instance>
         <wf lemma="et" pos="X">et</wf>
         <wf lemma="avoir" pos="VERB">a</wf>
         <wf lemma="écrire" pos="VERB">écrit</wf>
         <wf lemma="un" pos="X">un</wf>
         <instance id="d000.s191.t008" lemma="rapport" pos="NOUN">rapport</instance>
         <wf lemma="selon" pos="X">selon</wf>
         <wf lemma="lequel" pos="X">lequel</wf>
         <wf lemma="elle" pos="X">elle</wf>
         <wf lemma="avoir" pos="VERB">a</wf>
         <wf lemma="être" pos="VERB">été</wf>
         <wf lemma="arbitrairement" pos="ADV">arbitrairement</wf>
         <wf lemma="appliquer" pos="VERB">appliquée</wf>
         <wf lemma="." pos="X">.</wf>
      </sentence>
      <sentence id="d000.s192" source="semeval2013-fr">
         <wf lemma="le" pos="X">Le</wf>
         <instance id="d000.s192.t000" lemma="reste" pos="NOUN">reste</instance>
         <wf lemma="de" pos="X">de</wf>
         <wf lemma="le" pos="X">la</wf>
         <instance id="d000.s192.t001" lemma="somme" pos="NOUN">somme</instance>
         <wf lemma="provenir" pos="VERB">provient</wf>
         <wf lemma="du" pos="X">des</wf>
         <wf lemma="caisse" pos="NOUN">caisses</wf>
         <wf lemma="de" pos="X">de</wf>
         <wf lemma="le" pos="X">la</wf>
         <instance id="d000.s192.t002" lemma="banque" pos="NOUN">banque</instance>
         <wf lemma="qui" pos="X">qui</wf>
         <wf lemma="être" pos="VERB">sont</wf>
         <wf lemma="bien" pos="ADV">bien</wf>
         <wf lemma="remplir" pos="VERB">remplies</wf>
         <wf lemma="grâce" pos="X">grâce</wf>
         <wf lemma="à" pos="X">à</wf>
         <wf lemma="le" pos="X">la</wf>
         <instance id="d000.s192.t003" lemma="vente" pos="NOUN">vente</instance>
         <wf lemma="de" pos="X">de</wf>
         <wf lemma="plusieurs" pos="X">plusieurs</wf>
         <wf lemma="branche" pos="NOUN">branches</wf>
         <wf lemma="de" pos="X">d'</wf>
         <wf lemma="autre" pos="ADJ">autres</wf>
         <wf lemma="secteur" pos="NOUN">secteurs</wf>
         <wf lemma="." pos="X">.</wf>
      </sentence>
      <sentence id="d000.s193" source="semeval2013-fr">
         <wf lemma="il" pos="X">Il</wf>
         <wf lemma="montrer" pos="VERB">montre</wf>
         <wf lemma="le" pos="X">les</wf>
         <wf lemma="ligne" pos="NOUN">lignes</wf>
         <wf lemma="directeur" pos="ADJ">directrices</wf>
         <wf lemma="de" pos="X">d'</wf>
         <wf lemma="un" pos="X">un</wf>
         <instance id="d000.s193.t000" lemma="accord" pos="NOUN">accord</instance>
         <wf lemma="possible" pos="ADJ">possible</wf>
         <wf lemma="dans" pos="X">dans</wf>
         <wf lemma="lequel" pos="X">lequel</wf>
         <wf lemma="le" pos="X">les</wf>
         <wf lemma="nation_industrielle" pos="NOUN">nations_industrielles</wf>
         <wf lemma="réduire" pos="VERB">réduiraient</wf>
         <wf lemma="collectivement" pos="ADV">collectivement</wf>
         <wf lemma="leur" pos="X">leurs</wf>
         <instance id="d000.s193.t001" lemma="émission" pos="NOUN">émissions</instance>
         <wf lemma="en" pos="X">en</wf>
         <wf lemma="@card@" pos="NOUN">2020</wf>
         <wf lemma="," pos="X">,</wf>
         <wf lemma="de" pos="X">de</wf>
         <wf lemma="@card@" pos="NOUN">25</wf>
         <wf lemma="à" pos="X">à</wf>
         <wf lemma="@card@" pos="NOUN">45</wf>
         <wf lemma="pour" pos="X">pour</wf>
         <wf lemma="cent" pos="NOUN">cent</wf>
         <wf lemma="par" pos="X">par</wf>
         <wf lemma="rapport" pos="NOUN">rapport</wf>
         <wf lemma="au" pos="X">aux</wf>
         <instance id="d000.s193.t002" lemma="niveau" pos="NOUN">niveaux</instance>
         <wf lemma="de" pos="X">de</wf>
         <wf lemma="@card@" pos="NOUN">1990</wf>
         <wf lemma="," pos="X">,</wf>
         <wf lemma="alors" pos="ADV">alors</wf>
         <wf lemma="que" pos="X">que</wf>
         <wf lemma="le" pos="X">les</wf>
         <wf lemma="principal" pos="ADJ">principaux</wf>
         <instance id="d000.s193.t003" lemma="pays" pos="NOUN">pays</instance>
         <wf lemma="en" pos="X">en</wf>
         <instance id="d000.s193.t004" lemma="voie" pos="NOUN">voie</instance>
         <wf lemma="de" pos="X">de</wf>
         <instance id="d000.s193.t005" lemma="développement" pos="NOUN">développement</instance>
         <wf lemma="," pos="X">,</wf>
         <wf lemma="au" pos="X">au</wf>
         <wf lemma="cours" pos="X">cours</wf>
         <wf lemma="de" pos="X">de</wf>
         <wf lemma="le" pos="X">la</wf>
         <wf lemma="même" pos="ADJ">même</wf>
         <instance id="d000.s193.t006" lemma="période" pos="NOUN">période</instance>
         <wf lemma="," pos="X">,</wf>
         <wf lemma="réduire" pos="VERB">réduiraient</wf>
         <wf lemma="la" pos="X">les</wf>
         <wf lemma="leur" pos="X">leurs</wf>
         <wf lemma="de" pos="X">de</wf>
         <wf lemma="@card@" pos="NOUN">15</wf>
         <wf lemma="à" pos="X">à</wf>
         <wf lemma="@card@" pos="NOUN">30</wf>
         <wf lemma="pour" pos="X">pour</wf>
         <wf lemma="cent" pos="NOUN">cent</wf>
         <wf lemma="." pos="X">.</wf>
      </sentence>
      <sentence id="d000.s194" source="semeval2013-fr">
         <wf lemma="pour" pos="X">Pour</wf>
         <wf lemma="le" pos="X">les</wf>
         <wf lemma="deux" pos="NOUN">deux</wf>
         <wf lemma="bord" pos="NOUN">bords</wf>
         <wf lemma="," pos="X">,</wf>
         <wf lemma="le" pos="X">les</wf>
         <instance id="d000.s194.t000" lemma="immigrant" pos="NOUN">immigrants</instance>
         <wf lemma="être" pos="VERB">sont</wf>
         <wf lemma="percevoir" pos="VERB">perçus</wf>
         <wf lemma="comme" pos="ADV">comme</wf>
         <wf lemma="un" pos="X">une</wf>
         <instance id="d000.s194.t001" lemma="charge" pos="NOUN">charge</instance>
         <wf lemma="pour" pos="X">pour</wf>
         <wf lemma="le" pos="X">l'</wf>
         <instance id="d000.s194.t002" lemma="économie" pos="NOUN">économie</instance>
         <wf lemma="et" pos="X">et</wf>
         <wf lemma="le" pos="X">la</wf>
         <instance id="d000.s194.t003" lemma="société" pos="NOUN">société</instance>
         <wf lemma="français" pos="ADJ">française</wf>
         <wf lemma="." pos="X">.</wf>
      </sentence>
      <sentence id="d000.s195" source="semeval2013-fr">
         <wf lemma="les" pos="X">Les</wf>
         <instance id="d000.s195.t000" lemma="etats-unis" pos="NOUN">Etats-Unis</instance>
         <wf lemma="ne" pos="ADV">ne</wf>
         <wf lemma="aller" pos="VERB">vont</wf>
         <wf lemma="pas" pos="ADV">pas</wf>
         <wf lemma="signer" pos="VERB">signer</wf>
         <wf lemma="un" pos="X">un</wf>
         <instance id="d000.s195.t001" lemma="accord" pos="NOUN">accord</instance>
         <wf lemma="sans" pos="X">sans</wf>
         <instance id="d000.s195.t002" lemma="effort" pos="NOUN">efforts</instance>
         <wf lemma="et" pos="X">et</wf>
         <instance id="d000.s195.t003" lemma="action" pos="NOUN">actions</instance>
         <wf lemma="du" pos="X">des</wf>
         <wf lemma="principal" pos="ADJ">principaux</wf>
         <instance id="d000.s195.t004" lemma="pays" pos="NOUN">pays</instance>
         <wf lemma="en" pos="X">en</wf>
         <instance id="d000.s195.t005" lemma="voie" pos="NOUN">voie</instance>
         <wf lemma="de" pos="X">de</wf>
         <instance id="d000.s195.t006" lemma="développement" pos="NOUN">développement</instance>
         <wf lemma="," pos="X">,</wf>
         <wf lemma="dire" pos="VERB">dit</wf>
         <wf lemma="Stern" pos="NOUN">Stern</wf>
         <wf lemma="qui" pos="X">qui</wf>
         <wf lemma="regretter" pos="VERB">regrettait</wf>
         <wf lemma="également" pos="ADV">également</wf>
         <wf lemma="que" pos="X">que</wf>
         <wf lemma="le" pos="X">le</wf>
         <instance id="d000.s195.t007" lemma="texte" pos="NOUN">texte</instance>
         <wf lemma="ne" pos="ADV">n'</wf>
         <wf lemma="insister" pos="VERB">insiste</wf>
         <wf lemma="pas" pos="ADV">pas</wf>
         <wf lemma="assez" pos="ADV">assez</wf>
         <wf lemma="pour" pos="X">pour</wf>
         <wf lemma="se" pos="X">s'</wf>
         <wf lemma="assurer" pos="VERB">assurer</wf>
         <wf lemma="que" pos="X">que</wf>
         <wf lemma="le" pos="X">les</wf>
         <instance id="d000.s195.t008" lemma="réduction" pos="NOUN">réductions</instance>
         <wf lemma="pouvoir" pos="VERB">pourraient</wf>
         <wf lemma="être" pos="VERB">être</wf>
         <wf lemma="vérifier" pos="VERB">vérifiées</wf>
         <wf lemma="par" pos="X">par</wf>
         <wf lemma="du" pos="X">des</wf>
         <instance id="d000.s195.t009" lemma="observateur" pos="NOUN">observateurs</instance>
         <wf lemma="extérieur" pos="ADJ">extérieurs</wf>
         <wf lemma="." pos="X">.</wf>
      </sentence>
      <sentence id="d000.s196" source="semeval2013-fr">
         <wf lemma="environ" pos="X">Environ</wf>
         <wf lemma="@card@" pos="NOUN">31</wf>
         <wf lemma="%" pos="X">%</wf>
         <wf lemma="dire" pos="VERB">disent</wf>
         <wf lemma="que" pos="X">qu'</wf>
         <wf lemma="lui-même" pos="X">eux-mêmes</wf>
         <wf lemma="ou" pos="X">ou</wf>
         <wf lemma="un" pos="X">un</wf>
         <wf lemma="de" pos="X">de</wf>
         <wf lemma="leur" pos="X">leur</wf>
         <wf lemma="proche" pos="NOUN">proche</wf>
         <wf lemma="avoir" pos="VERB">ont</wf>
         <wf lemma="être" pos="VERB">été</wf>
         <instance id="d000.s196.t000" lemma="victime" pos="NOUN">victime</instance>
         <wf lemma="de" pos="X">d'</wf>
         <wf lemma="un" pos="X">un</wf>
         <wf lemma="acte_criminel" pos="NOUN">acte_criminel</wf>
         <wf lemma="criminel" pos="ADJ">criminel</wf>
         <wf lemma="au" pos="X">au</wf>
         <wf lemma="cour" pos="X">cours</wf>
         <wf lemma="de" pos="X">de</wf>
         <wf lemma="le" pos="X">l'</wf>
         <instance id="d000.s196.t001" lemma="année" pos="NOUN">année</instance>
         <wf lemma="écouler" pos="VERB">écoulée</wf>
         <wf lemma=";" pos="X">;</wf>
         <wf lemma="néanmoins" pos="ADV">néanmoins</wf>
         <wf lemma="," pos="X">,</wf>
         <wf lemma="ce" pos="X">ce</wf>
         <instance id="d000.s196.t002" lemma="chiffre" pos="NOUN">chiffre</instance>
         <wf lemma="être" pos="VERB">est</wf>
         <wf lemma="en" pos="X">en</wf>
         <wf lemma="baisse" pos="NOUN">baisse</wf>
         <wf lemma="par" pos="X">par</wf>
         <wf lemma="rapport" pos="X">rapport</wf>
         <wf lemma="au" pos="X">au</wf>
         <wf lemma="@card@" pos="NOUN">38</wf>
         <wf lemma="%" pos="X">%</wf>
         <wf lemma="le" pos="X">l'</wf>
         <instance id="d000.s196.t003" lemma="année" pos="NOUN">année</instance>
         <wf lemma="dernier" pos="ADJ">dernière</wf>
         <wf lemma="et" pos="X">et</wf>
         <wf lemma="être" pos="VERB">est</wf>
         <wf lemma="le" pos="X">le</wf>
         <wf lemma="plus" pos="ADV">plus</wf>
         <wf lemma="bas" pos="ADJ">bas</wf>
         <wf lemma="depuis" pos="X">depuis</wf>
         <wf lemma="@card@" pos="NOUN">1995</wf>
         <wf lemma="." pos="X">.</wf>
      </sentence>
      <sentence id="d000.s197" source="semeval2013-fr">
         <wf lemma="le" pos="X">La</wf>
         <wf lemma="Citigroup" pos="NOUN">Citigroup</wf>
         <wf lemma="envisager" pos="VERB">envisage</wf>
         <wf lemma="également" pos="ADV">également</wf>
         <wf lemma="de" pos="X">de</wf>
         <wf lemma="se" pos="X">se</wf>
         <wf lemma="procurer" pos="VERB">procurer</wf>
         <wf lemma="de" pos="X">de</wf>
         <wf lemma="le" pos="X">l'</wf>
         <instance id="d000.s197.t000" lemma="argent" pos="NOUN">argent</instance>
         <wf lemma="sur" pos="X">sur</wf>
         <wf lemma="le" pos="X">les</wf>
         <instance id="d000.s197.t001" lemma="marché" pos="NOUN">marchés</instance>
         <wf lemma="financier" pos="ADJ">financiers</wf>
         <wf lemma="afin" pos="X">afin</wf>
         <wf lemma="de" pos="X">de</wf>
         <wf lemma="se" pos="X">se</wf>
         <wf lemma="libérer" pos="VERB">libérer</wf>
         <wf lemma="de" pos="X">de</wf>
         <wf lemma="le" pos="X">la</wf>
         <instance id="d000.s197.t002" lemma="tutelle" pos="NOUN">tutelle</instance>
         <wf lemma="de" pos="X">de</wf>
         <wf lemma="le" pos="X">l'</wf>
         <wf lemma="Etat" pos="NOUN">Etat</wf>
         <wf lemma="." pos="X">.</wf>
      </sentence>
      <sentence id="d000.s198" source="semeval2013-fr">
         <wf lemma="le" pos="X">Le</wf>
         <instance id="d000.s198.t000" lemma="crime" pos="NOUN">crime</instance>
         <wf lemma="être" pos="VERB">est</wf>
         <wf lemma="devenir" pos="VERB">devenu</wf>
         <wf lemma="un" pos="X">une</wf>
         <wf lemma="plus" pos="ADV">plus</wf>
         <wf lemma="grand" pos="ADJ">grande</wf>
         <instance id="d000.s198.t001" lemma="inquiétude" pos="NOUN">inquiétude</instance>
         <wf lemma="que" pos="X">que</wf>
         <wf lemma="le" pos="X">le</wf>
         <instance id="d000.s198.t002" lemma="chômage" pos="NOUN">chômage</instance>
         <wf lemma="." pos="X">.</wf>
      </sentence>
      <sentence id="d000.s199" source="semeval2013-fr">
         <wf lemma="malgré" pos="X">Malgré</wf>
         <wf lemma="le" pos="X">les</wf>
         <instance id="d000.s199.t000" lemma="inquiétude" pos="NOUN">inquiétudes</instance>
         <wf lemma="sur" pos="X">sur</wf>
         <wf lemma="le" pos="X">la</wf>
         <wf lemma="violence" pos="NOUN">violence</wf>
         <wf lemma="et" pos="X">et</wf>
         <wf lemma="le" pos="X">l'</wf>
         <wf lemma="instabilité" pos="NOUN">instabilité</wf>
         <wf lemma="politique" pos="ADJ">politique</wf>
         <wf lemma="," pos="X">,</wf>
         <wf lemma="le" pos="X">le</wf>
         <instance id="d000.s199.t001" lemma="gouvernement" pos="NOUN">gouvernement</instance>
         <wf lemma="iraquien" pos="ADJ">iraquien</wf>
         <wf lemma="avoir" pos="VERB">a</wf>
         <wf lemma="réussir" pos="VERB">réussi</wf>
         <wf lemma="à" pos="X">à</wf>
         <wf lemma="attirer" pos="VERB">attirer</wf>
         <wf lemma="du" pos="X">des</wf>
         <instance id="d000.s199.t002" lemma="société" pos="NOUN">sociétés</instance>
         <wf lemma="pétrolier" pos="ADJ">pétrolières</wf>
         <wf lemma="important" pos="ADJ">importantes</wf>
         <wf lemma="afin" pos="X">afin</wf>
         <wf lemma="de" pos="X">de</wf>
         <wf lemma="reconstruire" pos="VERB">reconstruire</wf>
         <wf lemma="son" pos="X">son</wf>
         <instance id="d000.s199.t003" lemma="infrastructure" pos="NOUN">infrastructure</instance>
         <wf lemma="en" pos="X">en</wf>
         <instance id="d000.s199.t004" lemma="difficulté" pos="NOUN">difficulté</instance>
         <wf lemma="au" pos="X">au</wf>
         <wf lemma="cours" pos="X">cours</wf>
         <wf lemma="de" pos="X">de</wf>
         <wf lemma="deux" pos="NOUN">deux</wf>
         <instance id="d000.s199.t005" lemma="enchère" pos="NOUN">enchères</instance>
         <wf lemma="qui" pos="X">qui</wf>
         <wf lemma="se" pos="X">se</wf>
         <wf lemma="être" pos="VERB">sont</wf>
         <wf lemma="terminer" pos="VERB">terminées</wf>
         <instance id="d000.s199.t006" lemma="samedi" pos="NOUN">samedi</instance>
         <wf lemma="." pos="X">.</wf>
      </sentence>
      <sentence id="d000.s200" source="semeval2013-fr">
         <wf lemma="nicolas_sarkozy" pos="NOUN">Nicolas_Sarkozy</wf>
         <wf lemma="souhaiter" pos="VERB">souhaitait</wf>
         <wf lemma="," pos="X">,</wf>
         <wf lemma="en" pos="X">en</wf>
         <instance id="d000.s200.t000" lemma="début" pos="NOUN">début</instance>
         <wf lemma="de" pos="X">de</wf>
         <instance id="d000.s200.t001" lemma="mandat" pos="NOUN">mandat</instance>
         <wf lemma="," pos="X">,</wf>
         <wf lemma="aller" pos="VERB">aller</wf>
         <wf lemma="chercher" pos="VERB">chercher</wf>
         <wf lemma="le" pos="X">les</wf>
         <instance id="d000.s200.t002" lemma="point" pos="NOUN">points</instance>
         <wf lemma="de" pos="X">de</wf>
         <instance id="d000.s200.t003" lemma="croissance" pos="NOUN">croissance</instance>
         <wf lemma="manquant" pos="ADJ">manquants</wf>
         <wf lemma="&quot;" pos="X">&quot;</wf>
         <wf lemma="avec" pos="X">avec</wf>
         <wf lemma="le" pos="X">les</wf>
         <instance id="d000.s200.t004" lemma="dent" pos="NOUN">dents</instance>
         <wf lemma="&quot;" pos="X">&quot;</wf>
         <wf lemma="." pos="X">.</wf>
      </sentence>
      <sentence id="d000.s201" source="semeval2013-fr">
         <wf lemma="le" pos="X">Les</wf>
         <instance id="d000.s201.t000" lemma="crainte" pos="NOUN">craintes</instance>
         <wf lemma="vis-à-vis" pos="ADV">vis-à-vis</wf>
         <wf lemma="de" pos="X">de</wf>
         <wf lemma="le" pos="X">l'</wf>
         <instance id="d000.s201.t001" lemma="impact" pos="NOUN">impact</instance>
         <wf lemma="du" pos="X">des</wf>
         <wf lemma="migrant" pos="NOUN">migrants</wf>
         <wf lemma="être" pos="VERB">sont</wf>
         <wf lemma="fonder" pos="VERB">fondées</wf>
         <wf lemma="sur" pos="X">sur</wf>
         <wf lemma="le" pos="X">l'</wf>
         <instance id="d000.s201.t002" lemma="idée" pos="NOUN">idée</instance>
         <wf lemma="que" pos="X">que</wf>
         <wf lemma="ceux-ci" pos="VERB">ceux-ci</wf>
         <wf lemma="risquer" pos="VERB">risquent</wf>
         <wf lemma="de" pos="X">de</wf>
         <wf lemma="se" pos="X">se</wf>
         <wf lemma="substituer" pos="VERB">substituer</wf>
         <wf lemma="au" pos="X">aux</wf>
         <instance id="d000.s201.t003" lemma="travailleur" pos="NOUN">travailleurs</instance>
         <wf lemma="national" pos="ADJ">nationaux</wf>
         <wf lemma="," pos="X">,</wf>
         <wf lemma="tout" pos="ADV">tout</wf>
         <wf lemma="particulièrement" pos="ADV">particulièrement</wf>
         <wf lemma="le" pos="X">les</wf>
         <wf lemma="peu" pos="ADV">peu</wf>
         <wf lemma="qualifier" pos="VERB">qualifiés</wf>
         <wf lemma="," pos="X">,</wf>
         <wf lemma="exercer" pos="VERB">exerçant</wf>
         <wf lemma="un" pos="X">une</wf>
         <instance id="d000.s201.t004" lemma="pression" pos="NOUN">pression</instance>
         <wf lemma="à" pos="X">à</wf>
         <wf lemma="le" pos="X">la</wf>
         <wf lemma="baisse" pos="NOUN">baisse</wf>
         <wf lemma="sur" pos="X">sur</wf>
         <wf lemma="leur" pos="X">leurs</wf>
         <instance id="d000.s201.t005" lemma="salaire" pos="NOUN">salaires</instance>
         <wf lemma="." pos="X">.</wf>
      </sentence>
      <sentence id="d000.s202" source="semeval2013-fr">
         <wf lemma="le" pos="X">L'</wf>
         <instance id="d000.s202.t000" lemma="arsenic" pos="NOUN">arsenic</instance>
         <wf lemma="et" pos="X">et</wf>
         <wf lemma="le" pos="X">le</wf>
         <instance id="d000.s202.t001" lemma="phosphore" pos="NOUN">phosphore</instance>
         <wf lemma="être" pos="VERB">sont</wf>
         <wf lemma="chimiquement" pos="ADV">chimiquement</wf>
         <wf lemma="similaire" pos="ADJ">similaires</wf>
         <wf lemma=";" pos="X">;</wf>
         <wf lemma="ainsi" pos="ADV">ainsi</wf>
         <wf lemma="," pos="X">,</wf>
         <wf lemma="elle" pos="X">elle</wf>
         <wf lemma="avoir" pos="VERB">a</wf>
         <wf lemma="spéculer" pos="VERB">spéculé</wf>
         <wf lemma="que" pos="X">qu'</wf>
         <wf lemma="un" pos="X">un</wf>
         <instance id="d000.s202.t002" lemma="microbe" pos="NOUN">microbe</instance>
         <wf lemma="exposer" pos="VERB">exposé</wf>
         <wf lemma="au" pos="X">aux</wf>
         <wf lemma="deux" pos="NOUN">deux</wf>
         <instance id="d000.s202.t003" lemma="substance" pos="NOUN">substances</instance>
         <wf lemma="pouvoir" pos="VERB">pourrait</wf>
         <wf lemma="être" pos="VERB">être</wf>
         <wf lemma="en" pos="X">en</wf>
         <wf lemma="mesure" pos="NOUN">mesure</wf>
         <wf lemma="de" pos="X">de</wf>
         <wf lemma="substituer" pos="VERB">substituer</wf>
         <wf lemma="le" pos="X">l'</wf>
         <wf lemma="un" pos="NOUN">un</wf>
         <wf lemma="à" pos="X">à</wf>
         <wf lemma="le" pos="X">l'</wf>
         <wf lemma="autre" pos="ADJ">autre</wf>
         <wf lemma="." pos="X">.</wf>
      </sentence>
      <sentence id="d000.s203" source="semeval2013-fr">
         <wf lemma="le" pos="X">Les</wf>
         <instance id="d000.s203.t000" lemma="société" pos="NOUN">sociétés</instance>
         <wf lemma="russe" pos="ADJ">russes</wf>
         <wf lemma="Lukoil" pos="NOUN">Lukoil</wf>
         <wf lemma="et" pos="X">et</wf>
         <wf lemma="Gazprom" pos="NOUN">Gazprom</wf>
         <wf lemma="avoir" pos="VERB">ont</wf>
         <wf lemma="être" pos="VERB">été</wf>
         <wf lemma="le" pos="X">les</wf>
         <wf lemma="deux" pos="NOUN">deux</wf>
         <instance id="d000.s203.t001" lemma="actionnaire" pos="NOUN">actionnaires</instance>
         <wf lemma="principal" pos="ADJ">principaux</wf>
         <wf lemma="dans" pos="X">dans</wf>
         <wf lemma="deux" pos="NOUN">deux</wf>
         <wf lemma="du" pos="X">des</wf>
         <instance id="d000.s203.t002" lemma="contrat" pos="NOUN">contrats</instance>
         <wf lemma="attribuer" pos="VERB">attribués</wf>
         <wf lemma="ce" pos="X">ce</wf>
         <instance id="d000.s203.t003" lemma="week-end" pos="NOUN">week-end</instance>
         <wf lemma="." pos="X">.</wf>
      </sentence>
      <sentence id="d000.s204" source="semeval2013-fr">
         <wf lemma="le" pos="X">L'</wf>
         <instance id="d000.s204.t000" lemma="expérience" pos="NOUN">expérience</instance>
         <wf lemma="du" pos="X">des</wf>
         <instance id="d000.s204.t001" lemma="espagnol" pos="NOUN">espagnols</instance>
         <wf lemma="être" pos="VERB">est</wf>
         <wf lemma="supérieur" pos="ADJ">supérieure</wf>
         <wf lemma="à" pos="X">à</wf>
         <wf lemma="celui" pos="X">celle</wf>
         <wf lemma="du" pos="X">des</wf>
         <wf lemma="costariciens" pos="NOUN">costariciens</wf>
      </sentence>
      <sentence id="d000.s205" source="semeval2013-fr">
         <wf lemma="&quot;" pos="X">&quot;</wf>
         <wf lemma="ce" pos="X">Cette</wf>
         <instance id="d000.s205.t000" lemma="affaire" pos="NOUN">affaire</instance>
         <wf lemma="&quot;" pos="X">&quot;</wf>
         <wf lemma="," pos="X">,</wf>
         <wf lemma="écrivaient-ils" pos="NOUN">écrivaient-ils</wf>
         <wf lemma="&quot;" pos="X">&quot;</wf>
         <wf lemma="," pos="X">,</wf>
         <wf lemma="représenter" pos="VERB">représente</wf>
         <wf lemma="celui" pos="X">celui</wf>
         <wf lemma="de" pos="X">de</wf>
         <wf lemma="Sheppard" pos="NOUN">Sheppard</wf>
         <wf lemma="v." pos="X">v.</wf>
         <wf lemma="Maxwell" pos="NOUN">Maxwell</wf>
         <wf lemma="du" pos="X">du</wf>
         <wf lemma="21e" pos="NOUN">21e</wf>
         <instance id="d000.s205.t001" lemma="siècle" pos="NOUN">siècle</instance>
         <wf lemma="." pos="X">.</wf>
         <wf lemma="&quot;" pos="X">&quot;</wf>
      </sentence>
      <sentence id="d000.s206" source="semeval2013-fr">
         <wf lemma="Scalia" pos="NOUN">Scalia</wf>
         <wf lemma="et" pos="X">et</wf>
         <wf lemma="Thomas" pos="NOUN">Thomas</wf>
         <wf lemma="avoir" pos="VERB">ont</wf>
         <wf lemma="montrer" pos="VERB">montré</wf>
         <wf lemma="peu" pos="ADV">peu</wf>
         <wf lemma="de" pos="X">d'</wf>
         <wf lemma="égard" pos="NOUN">égard</wf>
         <wf lemma="pour" pos="X">pour</wf>
         <wf lemma="le" pos="X">les</wf>
         <instance id="d000.s206.t000" lemma="critique" pos="NOUN">critiques</instance>
         <wf lemma="affirmant" pos="ADJ">affirmant</wf>
         <wf lemma="que" pos="X">qu'</wf>
         <wf lemma="il" pos="X">ils</wf>
         <wf lemma="mélanger" pos="VERB">mélangent</wf>
         <wf lemma="trop" pos="ADV">trop</wf>
         <wf lemma="facilement" pos="ADV">facilement</wf>
         <wf lemma="le" pos="X">les</wf>
         <instance id="d000.s206.t001" lemma="affaire" pos="NOUN">affaires</instance>
         <wf lemma="de" pos="X">de</wf>
         <wf lemma="le" pos="X">la</wf>
         <wf lemma="cour" pos="NOUN">cour</wf>
         <wf lemma="avec" pos="X">avec</wf>
         <wf lemma="le" pos="X">l'</wf>
         <wf lemma="agenda" pos="NOUN">agenda</wf>
         <wf lemma="de" pos="X">de</wf>
         <instance id="d000.s206.t002" lemma="groupe" pos="NOUN">groupes</instance>
         <wf lemma="tel" pos="X">tels</wf>
         <wf lemma="que" pos="X">que</wf>
         <wf lemma="le" pos="X">la</wf>
         <wf lemma="Société" pos="NOUN">Société</wf>
         <wf lemma="Fédéraliste" pos="NOUN">Fédéraliste</wf>
         <wf lemma="." pos="X">.</wf>
      </sentence>
      <sentence id="d000.s207" source="semeval2013-fr">
         <wf lemma="le" pos="X">La</wf>
         <wf lemma="faible" pos="ADJ">faible</wf>
         <wf lemma="représentation" pos="NOUN">représentation</wf>
         <wf lemma="du" pos="X">des</wf>
         <wf lemma="géant" pos="NOUN">géants</wf>
         <wf lemma="pétrolier" pos="ADJ">pétroliers</wf>
         <wf lemma="américain" pos="ADJ">américains</wf>
         <wf lemma="dans" pos="X">dans</wf>
         <wf lemma="le" pos="X">l'</wf>
         <wf lemma="ouverture" pos="NOUN">ouverture</wf>
         <wf lemma="du" pos="X">du</wf>
         <instance id="d000.s207.t000" lemma="secteur_pétrolier" pos="NOUN">secteur_pétrolier</instance>
         <wf lemma="en" pos="X">en</wf>
         <instance id="d000.s207.t001" lemma="Irak" pos="NOUN">Irak</instance>
         <wf lemma="avoir" pos="VERB">a</wf>
         <wf lemma="surprendre" pos="VERB">surpris</wf>
         <wf lemma="le" pos="X">les</wf>
         <instance id="d000.s207.t002" lemma="analyste" pos="NOUN">analystes</instance>
         <wf lemma="." pos="X">.</wf>
      </sentence>
      <sentence id="d000.s208" source="semeval2013-fr">
         <wf lemma="quelque" pos="X">Quelque</wf>
         <wf lemma="@card@" pos="NOUN">44</wf>
         <wf lemma="%" pos="X">%</wf>
         <wf lemma="du" pos="X">des</wf>
         <wf lemma="répondant" pos="NOUN">répondants</wf>
         <wf lemma="de" pos="X">de</wf>
         <wf lemma="le" pos="X">la</wf>
         <instance id="d000.s208.t000" lemma="région" pos="NOUN">région</instance>
         <wf lemma="se" pos="X">se</wf>
         <wf lemma="être" pos="VERB">sont</wf>
         <wf lemma="déclarer" pos="VERB">déclarés</wf>
         <wf lemma="satisfaire" pos="VERB">satisfaits</wf>
         <wf lemma="de" pos="X">de</wf>
         <wf lemma="le" pos="X">la</wf>
         <instance id="d000.s208.t001" lemma="façon" pos="NOUN">façon</instance>
         <wf lemma="dont" pos="X">dont</wf>
         <wf lemma="le" pos="X">la</wf>
         <instance id="d000.s208.t002" lemma="démocratie" pos="NOUN">démocratie</instance>
         <wf lemma="de" pos="X">de</wf>
         <wf lemma="leur" pos="X">leur</wf>
         <instance id="d000.s208.t003" lemma="pays" pos="NOUN">pays</instance>
         <wf lemma="fonctionner" pos="VERB">fonctionnait</wf>
         <wf lemma="dans" pos="X">dans</wf>
         <wf lemma="le" pos="X">la</wf>
         <instance id="d000.s208.t004" lemma="pratique" pos="NOUN">pratique</instance>
         <wf lemma=";" pos="X">;</wf>
         <wf lemma="il" pos="X">il</wf>
         <wf lemma="se" pos="X">s'</wf>
         <wf lemma="agir" pos="VERB">agit</wf>
         <wf lemma="du" pos="X">du</wf>
         <wf lemma="même" pos="ADJ">même</wf>
         <instance id="d000.s208.t005" lemma="chiffre" pos="NOUN">chiffre</instance>
         <wf lemma="que" pos="X">que</wf>
         <wf lemma="le" pos="X">l'</wf>
         <instance id="d000.s208.t006" lemma="an" pos="NOUN">an</instance>
         <wf lemma="dernier" pos="ADJ">dernier</wf>
         <wf lemma="mais" pos="X">mais</wf>
         <wf lemma="avec" pos="X">avec</wf>
         <wf lemma="un" pos="X">une</wf>
         <wf lemma="fort" pos="ADJ">forte</wf>
         <instance id="d000.s208.t007" lemma="augmentation" pos="NOUN">augmentation</instance>
         <wf lemma="sur" pos="X">sur</wf>
         <wf lemma="le" pos="X">les</wf>
         <wf lemma="@card@" pos="NOUN">25</wf>
         <wf lemma="%" pos="X">%</wf>
         <wf lemma="en" pos="X">en</wf>
         <wf lemma="@card@" pos="NOUN">2001</wf>
         <wf lemma="(" pos="X">(</wf>
         <instance id="d000.s208.t008" lemma="graphique" pos="NOUN">graphique</instance>
         <wf lemma="@card@" pos="NOUN">3</wf>
         <wf lemma=")" pos="X">)</wf>
      </sentence>
      <sentence id="d000.s209" source="semeval2013-fr">
         <wf lemma="évidemment" pos="ADV">Évidemment</wf>
         <wf lemma="le" pos="X">l'</wf>
         <instance id="d000.s209.t000" lemma="avantage" pos="NOUN">avantage</instance>
         <wf lemma="consister" pos="VERB">consiste</wf>
         <wf lemma="dans" pos="X">dans</wf>
         <wf lemma="le" pos="X">le</wf>
         <instance id="d000.s209.t001" lemma="fait" pos="NOUN">fait</instance>
         <wf lemma="que" pos="X">que</wf>
         <wf lemma="le" pos="X">les</wf>
         <wf lemma="joueur" pos="NOUN">joueurs</wf>
         <wf lemma="commencer" pos="VERB">commenceront</wf>
         <wf lemma="le" pos="X">la</wf>
         <wf lemma="prochain" pos="ADJ">prochaine</wf>
         <instance id="d000.s209.t002" lemma="phase" pos="NOUN">phase</instance>
         <wf lemma="de" pos="X">de</wf>
         <wf lemma="la_ligue_des_champions" pos="NOUN">la_Ligue_des_Champions</wf>
         <wf lemma="sans" pos="X">sans</wf>
         <wf lemma="du" pos="X">des</wf>
         <instance id="d000.s209.t003" lemma="carton" pos="NOUN">cartons</instance>
         <wf lemma="qui" pos="X">qui</wf>
         <wf lemma="pouvoir" pos="VERB">puissent</wf>
         <wf lemma="menacer" pos="VERB">menacer</wf>
         <wf lemma="leur" pos="X">leur</wf>
         <instance id="d000.s209.t004" lemma="participation" pos="NOUN">participation</instance>
         <wf lemma="à" pos="X">à</wf>
         <wf lemma="un" pos="X">un</wf>
         <wf lemma="futur" pos="ADJ">futur</wf>
         <wf lemma="match" pos="NOUN">match</wf>
         <wf lemma="." pos="X">.</wf>
      </sentence>
      <sentence id="d000.s210" source="semeval2013-fr">
         <wf lemma="wall_street" pos="NOUN">Wall_Street</wf>
         <wf lemma="finir" pos="VERB">finit</wf>
         <wf lemma="sans" pos="X">sans</wf>
         <instance id="d000.s210.t000" lemma="direction" pos="NOUN">direction</instance>
         <wf lemma="," pos="X">,</wf>
         <wf lemma="freiner" pos="VERB">freinée</wf>
         <wf lemma="par" pos="X">par</wf>
         <wf lemma="le" pos="X">la</wf>
         <wf lemma="hausse" pos="NOUN">hausse</wf>
         <wf lemma="du" pos="X">du</wf>
         <instance id="d000.s210.t001" lemma="dollar" pos="NOUN">dollar</instance>
      </sentence>
      <sentence id="d000.s211" source="semeval2013-fr">
         <wf lemma="Kagan" pos="NOUN">Kagan</wf>
         <wf lemma="avoir" pos="VERB">a</wf>
         <wf lemma="être" pos="VERB">été</wf>
         <wf lemma="solliciteur" pos="NOUN">solliciteur</wf>
         <wf lemma="général" pos="ADJ">général</wf>
         <wf lemma="de" pos="X">de</wf>
         <wf lemma="le" pos="X">l'</wf>
         <instance id="d000.s211.t000" lemma="administration" pos="NOUN">administration</instance>
         <wf lemma="de" pos="X">d'</wf>
         <wf lemma="Obama" pos="NOUN">Obama</wf>
         <wf lemma="quand" pos="X">quand</wf>
         <wf lemma="le" pos="X">les</wf>
         <wf lemma="premier" pos="NOUN">premières</wf>
         <wf lemma="opposition" pos="NOUN">oppositions</wf>
         <wf lemma="à" pos="X">à</wf>
         <wf lemma="le" pos="X">la</wf>
         <instance id="d000.s211.t001" lemma="loi" pos="NOUN">loi</instance>
         <wf lemma="avoir" pos="VERB">ont</wf>
         <wf lemma="être" pos="VERB">été</wf>
         <wf lemma="porter" pos="VERB">portées</wf>
         <wf lemma="au" pos="X">au</wf>
         <instance id="d000.s211.t002" lemma="niveau" pos="NOUN">niveau</instance>
         <wf lemma="du" pos="X">du</wf>
         <instance id="d000.s211.t003" lemma="tribunal_de_première_instance" pos="NOUN">tribunal_de_première_instance</instance>
         <wf lemma="." pos="X">.</wf>
      </sentence>
      <sentence id="d000.s212" source="semeval2013-fr">
         <wf lemma="le" pos="X">L'</wf>
         <instance id="d000.s212.t000" lemma="étude" pos="NOUN">étude</instance>
         <wf lemma="se" pos="X">se</wf>
         <wf lemma="concentrer" pos="VERB">concentre</wf>
         <wf lemma="sur" pos="X">sur</wf>
         <wf lemma="un" pos="X">un</wf>
         <instance id="d000.s212.t001" lemma="microbe" pos="NOUN">microbe</instance>
         <wf lemma="trouver" pos="VERB">trouvé</wf>
         <wf lemma="sur" pos="X">sur</wf>
         <wf lemma="Terre" pos="NOUN">Terre</wf>
         <wf lemma="." pos="X">.</wf>
      </sentence>
      <sentence id="d000.s213" source="semeval2013-fr">
         <wf lemma="Ricardo" pos="NOUN">Ricardo</wf>
         <wf lemma="Ulate" pos="NOUN">Ulate</wf>
         <wf lemma="," pos="X">,</wf>
         <wf lemma="un" pos="X">un</wf>
         <instance id="d000.s213.t000" lemma="délégué" pos="NOUN">délégué</instance>
         <wf lemma="du" pos="X">du</wf>
         <instance id="d000.s213.t001" lemma="costa_rica" pos="NOUN">Costa_Rica</instance>
         <wf lemma="," pos="X">,</wf>
         <wf lemma="avoir" pos="VERB">a</wf>
         <wf lemma="déclarer" pos="VERB">déclaré</wf>
         <wf lemma="que" pos="X">qu'</wf>
         <wf lemma="il" pos="X">il</wf>
         <wf lemma="ne" pos="ADV">n'</wf>
         <wf lemma="être" pos="VERB">était</wf>
         <wf lemma="pas" pos="ADV">pas</wf>
         <wf lemma="surprenant" pos="ADJ">surprenant</wf>
         <wf lemma="que" pos="X">que</wf>
         <wf lemma="le" pos="X">les</wf>
         <wf lemma="principal" pos="ADJ">principales</wf>
         <instance id="d000.s213.t002" lemma="puissance" pos="NOUN">puissances</instance>
         <wf lemma="se" pos="X">se</wf>
         <wf lemma="battre" pos="VERB">battent</wf>
         <wf lemma="pour" pos="X">pour</wf>
         <wf lemma="savoir" pos="VERB">savoir</wf>
         <wf lemma="qui" pos="X">qui</wf>
         <wf lemma="devoir" pos="VERB">devrait</wf>
         <wf lemma="subir" pos="VERB">subir</wf>
         <wf lemma="le" pos="X">les</wf>
         <instance id="d000.s213.t003" lemma="coût" pos="NOUN">coûts</instance>
         <wf lemma="de" pos="X">de</wf>
         <wf lemma="le" pos="X">la</wf>
         <instance id="d000.s213.t004" lemma="diminution" pos="NOUN">diminution</instance>
         <wf lemma="du" pos="X">des</wf>
         <instance id="d000.s213.t005" lemma="gaz_à_effet_de_serre" pos="NOUN">gaz_à_effet_de_serre</instance>
         <wf lemma="," pos="X">,</wf>
         <wf lemma="même" pos="ADV">même</wf>
         <wf lemma="si" pos="X">si</wf>
         <wf lemma="le" pos="X">les</wf>
         <instance id="d000.s213.t006" lemma="pays" pos="NOUN">pays</instance>
         <wf lemma="vulnérable" pos="ADJ">vulnérables</wf>
         <wf lemma="être" pos="VERB">étaient</wf>
         <wf lemma="devenir" pos="VERB">devenus</wf>
         <wf lemma="plus" pos="ADV">plus</wf>
         <wf lemma="agressif" pos="ADJ">agressifs</wf>
         <wf lemma="dans" pos="X">dans</wf>
         <wf lemma="leur" pos="X">leur</wf>
         <wf lemma="tentative" pos="NOUN">tentative</wf>
         <wf lemma="de" pos="X">de</wf>
         <wf lemma="rendre" pos="VERB">rendre</wf>
         <wf lemma="le" pos="X">les</wf>
         <wf lemma="grand" pos="ADJ">grands</wf>
         <wf lemma="émetteur" pos="NOUN">émetteurs</wf>
         <wf lemma="responsable" pos="ADJ">responsables</wf>
         <wf lemma="de" pos="X">de</wf>
         <wf lemma="leur" pos="X">leurs</wf>
         <instance id="d000.s213.t007" lemma="action" pos="NOUN">actions</instance>
         <wf lemma="." pos="X">.</wf>
      </sentence>
      <sentence id="d000.s214" source="semeval2013-fr">
         <wf lemma="&quot;" pos="X">&quot;</wf>
         <wf lemma="en" pos="X">En</wf>
         <wf lemma="conséquence" pos="NOUN">conséquence</wf>
         <wf lemma="," pos="X">,</wf>
         <wf lemma="le" pos="X">les</wf>
         <instance id="d000.s214.t000" lemma="organisme" pos="NOUN">organismes</instance>
         <wf lemma="avoir" pos="VERB">ont</wf>
         <wf lemma="du" pos="X">du</wf>
         <instance id="d000.s214.t001" lemma="mal" pos="NOUN">mal</instance>
         <wf lemma="à" pos="X">à</wf>
         <wf lemma="distinguer" pos="VERB">distinguer</wf>
         <wf lemma="ce" pos="X">ces</wf>
         <instance id="d000.s214.t002" lemma="élément" pos="NOUN">éléments</instance>
         <wf lemma="séparément" pos="ADV">séparément</wf>
         <wf lemma="." pos="X">.</wf>
         <wf lemma="&quot;" pos="X">&quot;</wf>
      </sentence>
      <sentence id="d000.s215" source="semeval2013-fr">
         <wf lemma="le" pos="X">Les</wf>
         <instance id="d000.s215.t000" lemma="dent" pos="NOUN">dents</instance>
         <wf lemma="en" pos="X">en</wf>
         <instance id="d000.s215.t001" lemma="question" pos="NOUN">question</instance>
         <wf lemma="," pos="X">,</wf>
         <wf lemma="en" pos="X">en</wf>
         <wf lemma="servir" pos="VERB">servant</wf>
         <wf lemma="à" pos="X">à</wf>
         <wf lemma="dissuader" pos="VERB">dissuader</wf>
         <wf lemma="le" pos="X">les</wf>
         <instance id="d000.s215.t002" lemma="immigrant" pos="NOUN">immigrants</instance>
         <wf lemma="," pos="X">,</wf>
         <wf lemma="avoir" pos="VERB">ont</wf>
         <wf lemma="avoir" pos="VERB">eu</wf>
         <wf lemma="le" pos="X">l'</wf>
         <wf lemma="exact" pos="ADJ">exact</wf>
         <instance id="d000.s215.t003" lemma="effet" pos="NOUN">effet</instance>
         <wf lemma="inverse" pos="ADJ">inverse</wf>
         <wf lemma="." pos="X">.</wf>
      </sentence>
      <sentence id="d000.s216" source="semeval2013-fr">
         <wf lemma="deux" pos="NOUN">Deux</wf>
         <instance id="d000.s216.t000" lemma="élément" pos="NOUN">éléments</instance>
         <wf lemma="lier" pos="VERB">liés</wf>
         <wf lemma="ressortir" pos="VERB">ressortent</wf>
         <wf lemma="du" pos="X">des</wf>
         <instance id="d000.s216.t001" lemma="résultat" pos="NOUN">résultats</instance>
         <wf lemma="du" pos="X">du</wf>
         <wf lemma="sondage" pos="NOUN">sondage</wf>
         <wf lemma="de" pos="X">de</wf>
         <wf lemma="ce" pos="X">cette</wf>
         <instance id="d000.s216.t002" lemma="année" pos="NOUN">année</instance>
         <wf lemma="," pos="X">,</wf>
         <wf lemma="effectuer" pos="VERB">effectué</wf>
         <wf lemma="en" pos="X">en</wf>
         <instance id="d000.s216.t003" lemma="septembre" pos="NOUN">septembre</instance>
         <wf lemma="et" pos="X">et</wf>
         <wf lemma="au" pos="X">au</wf>
         <instance id="d000.s216.t004" lemma="début" pos="NOUN">début</instance>
         <wf lemma="de" pos="X">d'</wf>
         <instance id="d000.s216.t005" lemma="octobre" pos="NOUN">octobre</instance>
         <wf lemma="." pos="X">.</wf>
      </sentence>
      <sentence id="d000.s217" source="semeval2013-fr">
         <wf lemma="le" pos="X">Les</wf>
         <instance id="d000.s217.t000" lemma="société" pos="NOUN">sociétés</instance>
         <wf lemma="américain" pos="ADJ">américaines</wf>
         <wf lemma="le" pos="X">les</wf>
         <wf lemma="plus" pos="ADV">plus</wf>
         <wf lemma="important" pos="ADJ">importantes</wf>
         <wf lemma="," pos="X">,</wf>
         <wf lemma="tel" pos="X">telles</wf>
         <wf lemma="que" pos="X">que</wf>
         <wf lemma="Chevron" pos="NOUN">Chevron</wf>
         <wf lemma="et" pos="X">et</wf>
         <wf lemma="ConocoPhillips" pos="NOUN">ConocoPhillips</wf>
         <wf lemma="," pos="X">,</wf>
         <wf lemma="qui" pos="X">qui</wf>
         <wf lemma="avoir" pos="VERB">ont</wf>
         <wf lemma="entretenir" pos="VERB">entretenu</wf>
         <wf lemma="du" pos="X">des</wf>
         <wf lemma="lien" pos="NOUN">liens</wf>
         <wf lemma="fort" pos="ADJ">forts</wf>
         <wf lemma="avec" pos="X">avec</wf>
         <wf lemma="le" pos="X">le</wf>
         <wf lemma="Ministère" pos="NOUN">Ministère</wf>
         <wf lemma="du" pos="X">du</wf>
         <instance id="d000.s217.t001" lemma="pétrole" pos="NOUN">pétrole</instance>
         <wf lemma="iraquien" pos="ADJ">iraquien</wf>
         <wf lemma="et" pos="X">et</wf>
         <wf lemma="lui" pos="X">lui</wf>
         <wf lemma="avoir" pos="VERB">ont</wf>
         <wf lemma="apporter" pos="VERB">apporté</wf>
         <wf lemma="leur" pos="X">leurs</wf>
         <instance id="d000.s217.t002" lemma="conseil" pos="NOUN">conseils</instance>
         <wf lemma="technique" pos="ADJ">techniques</wf>
         <wf lemma="," pos="X">,</wf>
         <wf lemma="être" pos="VERB">sont</wf>
         <wf lemma="repartir" pos="VERB">reparties</wf>
         <wf lemma="le" pos="X">les</wf>
         <instance id="d000.s217.t003" lemma="main" pos="NOUN">mains</instance>
         <wf lemma="vide" pos="ADJ">vides</wf>
         <wf lemma="." pos="X">.</wf>
      </sentence>
      <sentence id="d000.s218" source="semeval2013-fr">
         <wf lemma="cela" pos="X">Cela</wf>
         <wf lemma="suggérer" pos="VERB">suggère</wf>
         <wf lemma="que" pos="X">qu'</wf>
         <wf lemma="il" pos="X">il</wf>
         <wf lemma="pouvoir" pos="VERB">pourrait</wf>
         <wf lemma="y" pos="X">y</wf>
         <wf lemma="avoir" pos="VERB">avoir</wf>
         <wf lemma="de" pos="X">d'</wf>
         <wf lemma="autre" pos="ADJ">autres</wf>
         <instance id="d000.s218.t000" lemma="façon" pos="NOUN">façons</instance>
         <wf lemma="de" pos="X">de</wf>
         <wf lemma="former" pos="VERB">former</wf>
         <wf lemma="le" pos="X">la</wf>
         <instance id="d000.s218.t001" lemma="vie" pos="NOUN">vie</instance>
         <wf lemma="," pos="X">,</wf>
         <wf lemma="pas" pos="ADV">pas</wf>
         <wf lemma="seulement" pos="ADV">seulement</wf>
         <wf lemma="le" pos="X">la</wf>
         <instance id="d000.s218.t002" lemma="manière" pos="NOUN">manière</instance>
         <wf lemma="dont" pos="X">dont</wf>
         <wf lemma="le" pos="X">la</wf>
         <instance id="d000.s218.t003" lemma="vie" pos="NOUN">vie</instance>
         <wf lemma="sur" pos="X">sur</wf>
         <wf lemma="Terre" pos="NOUN">Terre</wf>
         <wf lemma="avoir" pos="VERB">a</wf>
         <wf lemma="être" pos="VERB">été</wf>
         <wf lemma="former" pos="VERB">formée</wf>
         <wf lemma="au" pos="X">au</wf>
         <instance id="d000.s218.t004" lemma="début" pos="NOUN">début</instance>
         <wf lemma="&quot;" pos="X">&quot;</wf>
         <wf lemma="," pos="X">,</wf>
         <wf lemma="avoir" pos="VERB">a</wf>
         <wf lemma="Foster" pos="NOUN">Foster</wf>
         <wf lemma="," pos="X">,</wf>
         <wf lemma="qui" pos="X">qui</wf>
         <wf lemma="ne" pos="ADV">ne</wf>
         <wf lemma="faire" pos="VERB">faisait</wf>
         <wf lemma="pas" pos="ADV">pas</wf>
         <wf lemma="partir" pos="VERB">partie</wf>
         <wf lemma="de" pos="X">de</wf>
         <wf lemma="le" pos="X">l'</wf>
         <instance id="d000.s218.t005" lemma="équipe" pos="NOUN">équipe</instance>
         <wf lemma="de" pos="X">de</wf>
         <instance id="d000.s218.t006" lemma="recherche" pos="NOUN">recherche</instance>
         <wf lemma="de" pos="X">de</wf>
         <wf lemma="Wolfe-Simon" pos="NOUN">Wolfe-Simon</wf>
         <wf lemma="." pos="X">.</wf>
      </sentence>
      <sentence id="d000.s219" source="semeval2013-fr">
         <wf lemma="le" pos="X">Les</wf>
         <instance id="d000.s219.t000" lemma="valeur" pos="NOUN">valeurs</instance>
         <wf lemma="technologique" pos="ADJ">technologiques</wf>
         <wf lemma="avoir" pos="VERB">ont</wf>
         <wf lemma="ainsi" pos="ADV">ainsi</wf>
         <wf lemma="perdre" pos="VERB">perdu</wf>
         <wf lemma="du" pos="X">du</wf>
         <wf lemma="terrain" pos="NOUN">terrain</wf>
         <wf lemma="." pos="X">.</wf>
      </sentence>
      <sentence id="d000.s220" source="semeval2013-fr">
         <wf lemma="à" pos="X">A</wf>
         <wf lemma="le" pos="X">la</wf>
         <instance id="d000.s220.t000" lemma="fin" pos="NOUN">fin</instance>
         <wf lemma="," pos="X">,</wf>
         <wf lemma="le" pos="X">la</wf>
         <instance id="d000.s220.t001" lemma="défense" pos="NOUN">défense</instance>
         <wf lemma="avoir" pos="VERB">a</wf>
         <wf lemma="dire" pos="VERB">dit</wf>
         <wf lemma="que" pos="X">qu'</wf>
         <wf lemma="il" pos="X">il</wf>
         <wf lemma="y" pos="X">y</wf>
         <wf lemma="avoir" pos="VERB">avait</wf>
         <wf lemma="plus" pos="ADV">plus</wf>
         <wf lemma="de" pos="X">de</wf>
         <wf lemma="@card@" pos="NOUN">140</wf>
         <wf lemma="@card@" pos="NOUN">000</wf>
         <instance id="d000.s220.t002" lemma="message" pos="NOUN">messages</instance>
         <wf lemma="sur" pos="X">sur</wf>
         <wf lemma="le" pos="X">le</wf>
         <instance id="d000.s220.t003" lemma="procès" pos="NOUN">procès</instance>
         <wf lemma="de" pos="X">de</wf>
         <wf lemma="le" pos="X">l'</wf>
         <wf lemma="affaire" pos="NOUN">affaire</wf>
         <wf lemma="de" pos="X">de</wf>
         <instance id="d000.s220.t004" lemma="viol" pos="NOUN">viol</instance>
         <wf lemma="et" pos="X">et</wf>
         <wf lemma="le" pos="X">les</wf>
         <instance id="d000.s220.t005" lemma="enfant" pos="NOUN">enfants</instance>
         <wf lemma="attacher" pos="VERB">attachés</wf>
         <wf lemma="à" pos="X">à</wf>
         <wf lemma="leur" pos="X">leur</wf>
         <instance id="d000.s220.t006" lemma="lit" pos="NOUN">lit</instance>
         <wf lemma="dans" pos="X">dans</wf>
         <wf lemma="un" pos="X">une</wf>
         <instance id="d000.s220.t007" lemma="maison" pos="NOUN">maison</instance>
         <wf lemma="qui" pos="X">qui</wf>
         <wf lemma="avoir" pos="VERB">a</wf>
         <wf lemma="être" pos="VERB">été</wf>
         <wf lemma="incendier" pos="VERB">incendiée</wf>
         <wf lemma="." pos="X">.</wf>
      </sentence>
      <sentence id="d000.s221" source="semeval2013-fr">
         <wf lemma="le" pos="X">La</wf>
         <wf lemma="demande" pos="NOUN">demande</wf>
         <wf lemma="pouvoir" pos="VERB">pourrait</wf>
         <wf lemma="pousser" pos="VERB">pousser</wf>
         <wf lemma="le" pos="X">les</wf>
         <instance id="d000.s221.t000" lemma="juge" pos="NOUN">juges</instance>
         <wf lemma="de" pos="X">d'</wf>
         <instance id="d000.s221.t001" lemma="appel" pos="NOUN">appel</instance>
         <wf lemma="à" pos="X">à</wf>
         <wf lemma="débattre" pos="VERB">débattre</wf>
         <wf lemma="sur" pos="X">sur</wf>
         <wf lemma="le" pos="X">la</wf>
         <instance id="d000.s221.t002" lemma="question" pos="NOUN">question</instance>
         <wf lemma="de" pos="X">de</wf>
         <wf lemma="savoir" pos="VERB">savoir</wf>
         <wf lemma="si" pos="X">si</wf>
         <wf lemma="le" pos="X">les</wf>
         <wf lemma="nouveau" pos="ADJ">nouvelles</wf>
         <wf lemma="technologie" pos="NOUN">technologies</wf>
         <wf lemma="exiger" pos="VERB">exigent</wf>
         <wf lemma="du" pos="X">des</wf>
         <wf lemma="nouveau" pos="ADJ">nouvelles</wf>
         <instance id="d000.s221.t003" lemma="règle" pos="NOUN">règles</instance>
         <wf lemma="dans" pos="X">dans</wf>
         <wf lemma="le" pos="X">les</wf>
         <wf lemma="salle" pos="NOUN">salles</wf>
         <wf lemma="de" pos="X">d'</wf>
         <wf lemma="audience" pos="NOUN">audience</wf>
         <wf lemma="." pos="X">.</wf>
      </sentence>
      <sentence id="d000.s222" source="semeval2013-fr">
         <wf lemma="néanmoins" pos="ADV">Néanmoins</wf>
         <wf lemma="," pos="X">,</wf>
         <wf lemma="Pnini" pos="VERB">Pnini</wf>
         <wf lemma="y" pos="X">y</wf>
         <wf lemma="Eidson" pos="NOUN">Eidson</wf>
         <wf lemma="," pos="X">,</wf>
         <wf lemma="le" pos="X">les</wf>
         <wf lemma="meilleur" pos="ADJ">meilleurs</wf>
         <wf lemma="de" pos="X">de</wf>
         <wf lemma="leur" pos="X">leur</wf>
         <instance id="d000.s222.t000" lemma="équipe" pos="NOUN">équipe</instance>
         <wf lemma="," pos="X">,</wf>
         <wf lemma="ne" pos="ADV">ne</wf>
         <wf lemma="se" pos="X">se</wf>
         <wf lemma="résigner" pos="VERB">résignèrent</wf>
         <wf lemma="pas" pos="ADV">pas</wf>
         <wf lemma="et" pos="X">et</wf>
         <wf lemma="essayer" pos="VERB">essayèrent</wf>
         <wf lemma="de" pos="X">de</wf>
         <wf lemma="la" pos="X">la</wf>
         <wf lemma="soutenir" pos="VERB">soutenir</wf>
         <wf lemma="depuis" pos="X">depuis</wf>
         <wf lemma="le" pos="X">la</wf>
         <instance id="d000.s222.t001" lemma="ligne" pos="NOUN">ligne</instance>
         <wf lemma="du" pos="X">des</wf>
         <wf lemma="trois" pos="NOUN">trois</wf>
         <instance id="d000.s222.t002" lemma="point" pos="NOUN">points</instance>
         <wf lemma="(" pos="X">(</wf>
         <wf lemma="@card@" pos="NOUN">70-77</wf>
         <wf lemma=")" pos="X">)</wf>
         <wf lemma="." pos="X">.</wf>
      </sentence>
      <sentence id="d000.s223" source="semeval2013-fr">
         <wf lemma="ce" pos="X">Ce</wf>
         <wf lemma="qui" pos="X">qui</wf>
         <wf lemma="être" pos="VERB">est</wf>
         <wf lemma="provocant" pos="ADJ">provocant</wf>
         <wf lemma="," pos="X">,</wf>
         <wf lemma="ce" pos="X">c'</wf>
         <wf lemma="être" pos="VERB">est</wf>
         <wf lemma="que" pos="X">que</wf>
         <wf lemma="le" pos="X">les</wf>
         <wf lemma="intense" pos="ADJ">intenses</wf>
         <instance id="d000.s223.t000" lemma="reportage" pos="NOUN">reportages</instance>
         <wf lemma="sur" pos="X">sur</wf>
         <wf lemma="le" pos="X">le</wf>
         <instance id="d000.s223.t001" lemma="procès" pos="NOUN">procès</instance>
         <wf lemma="-" pos="X">-</wf>
         <wf lemma="ainsi" pos="X">ainsi</wf>
         <wf lemma="que" pos="X">que</wf>
         <wf lemma="le" pos="X">l'</wf>
         <instance id="d000.s223.t002" lemma="utilisation" pos="NOUN">utilisation</instance>
         <wf lemma="généraliser" pos="VERB">généralisée</wf>
         <wf lemma="et" pos="X">et</wf>
         <wf lemma="étendre" pos="VERB">étendue</wf>
         <wf lemma="par" pos="X">par</wf>
         <wf lemma="le" pos="X">les</wf>
         <instance id="d000.s223.t003" lemma="journaliste" pos="NOUN">journalistes</instance>
         <wf lemma="du" pos="X">du</wf>
         <wf lemma="Twitter" pos="NOUN">Twitter</wf>
         <wf lemma="-" pos="X">-</wf>
         <wf lemma="avoir" pos="VERB">ont</wf>
         <wf lemma="créer" pos="VERB">créé</wf>
         <wf lemma="un" pos="X">une</wf>
         <wf lemma="&quot;" pos="X">&quot;</wf>
         <instance id="d000.s223.t004" lemma="atmosphère" pos="NOUN">atmosphère</instance>
         <wf lemma="de" pos="X">de</wf>
         <instance id="d000.s223.t005" lemma="cirque" pos="NOUN">cirque</instance>
         <wf lemma="&quot;" pos="X">&quot;</wf>
         <wf lemma="," pos="X">,</wf>
         <wf lemma="un" pos="X">une</wf>
         <wf lemma="saturation" pos="NOUN">saturation</wf>
         <wf lemma="si" pos="ADV">si</wf>
         <wf lemma="répandre" pos="VERB">répandue</wf>
         <wf lemma="et" pos="X">et</wf>
         <wf lemma="instantané" pos="ADJ">instantanée</wf>
         <wf lemma="avec" pos="X">avec</wf>
         <wf lemma="du" pos="X">des</wf>
         <instance id="d000.s223.t006" lemma="détail" pos="NOUN">détails</instance>
         <wf lemma="incendiaire" pos="ADJ">incendiaires</wf>
         <wf lemma="que" pos="X">que</wf>
         <wf lemma="le" pos="X">le</wf>
         <instance id="d000.s223.t007" lemma="jury" pos="NOUN">jury</instance>
         <wf lemma="avoir" pos="VERB">a</wf>
         <wf lemma="être" pos="VERB">été</wf>
         <wf lemma="mal" pos="ADV">mal</wf>
         <wf lemma="influencer" pos="VERB">influencé</wf>
         <wf lemma="par" pos="X">par</wf>
         <wf lemma="le" pos="X">les</wf>
         <instance id="d000.s223.t008" lemma="passion" pos="NOUN">passions</instance>
         <wf lemma="du" pos="X">du</wf>
         <instance id="d000.s223.t009" lemma="public" pos="NOUN">public</instance>
         <wf lemma="." pos="X">.</wf>
      </sentence>
      <sentence id="d000.s224" source="semeval2013-fr">
         <wf lemma="le" pos="X">Les</wf>
         <wf lemma="invité" pos="ADJ">invités</wf>
         <wf lemma="vedette" pos="NOUN">vedette</wf>
         <wf lemma="au" pos="X">au</wf>
         <instance id="d000.s224.t000" lemma="dîner" pos="NOUN">dîner</instance>
         <wf lemma="?" pos="X">?</wf>
         <wf lemma="Scalia" pos="NOUN">Scalia</wf>
         <wf lemma="et" pos="X">et</wf>
         <wf lemma="Thomas" pos="NOUN">Thomas</wf>
         <wf lemma="." pos="X">.</wf>
      </sentence>
      <sentence id="d000.s225" source="semeval2013-fr">
         <wf lemma="felisa_wolfe-simon" pos="NOUN">Felisa_Wolfe-Simon</wf>
         <wf lemma="de" pos="X">de</wf>
         <wf lemma="le" pos="X">l'</wf>
         <instance id="d000.s225.t000" lemma="institut" pos="NOUN">Institut</instance>
         <wf lemma="de" pos="X">d'</wf>
         <wf lemma="astrologie" pos="NOUN">Astrologie</wf>
         <wf lemma="de" pos="X">de</wf>
         <wf lemma="le" pos="X">la</wf>
         <instance id="d000.s225.t001" lemma="NASA" pos="NOUN">NASA</instance>
         <wf lemma="," pos="X">,</wf>
         <wf lemma="qui" pos="X">qui</wf>
         <wf lemma="avoir" pos="VERB">a</wf>
         <wf lemma="diriger" pos="VERB">dirigé</wf>
         <wf lemma="le" pos="X">l'</wf>
         <instance id="d000.s225.t002" lemma="étude" pos="NOUN">étude</instance>
         <wf lemma="," pos="X">,</wf>
         <wf lemma="avoir" pos="VERB">a</wf>
         <wf lemma="choisir" pos="VERB">choisi</wf>
         <wf lemma="le" pos="X">le</wf>
         <wf lemma="lac_mono" pos="NOUN">lac_Mono</wf>
         <wf lemma="car" pos="X">car</wf>
         <wf lemma="il" pos="X">il</wf>
         <wf lemma="être" pos="VERB">est</wf>
         <wf lemma="doter" pos="VERB">doté</wf>
         <wf lemma="de" pos="X">de</wf>
         <instance id="d000.s225.t003" lemma="niveau" pos="NOUN">niveaux</instance>
         <wf lemma="élever" pos="VERB">élevés</wf>
         <wf lemma="de" pos="X">d'</wf>
         <instance id="d000.s225.t004" lemma="arsenic" pos="NOUN">arsenic</instance>
         <wf lemma="." pos="X">.</wf>
      </sentence>
      <sentence id="d000.s226" source="semeval2013-fr">
         <wf lemma="le" pos="X">Les</wf>
         <instance id="d000.s226.t000" lemma="avocat" pos="NOUN">avocats</instance>
         <wf lemma="de" pos="X">de</wf>
         <wf lemma="monsieur" pos="NOUN">M.</wf>
         <wf lemma="Hayes" pos="NOUN">Hayes</wf>
         <wf lemma="insister" pos="VERB">insistent</wf>
         <wf lemma="sur" pos="X">sur</wf>
         <wf lemma="ce" pos="X">cette</wf>
         <wf lemma="revendication" pos="NOUN">revendication</wf>
         <wf lemma="." pos="X">.</wf>
      </sentence>
      <sentence id="d000.s227" source="semeval2013-fr">
         <wf lemma="le" pos="X">Les</wf>
         <instance id="d000.s227.t000" lemma="investisseur" pos="NOUN">investisseurs</instance>
         <wf lemma="et" pos="X">et</wf>
         <wf lemma="le" pos="X">les</wf>
         <instance id="d000.s227.t001" lemma="autorité" pos="NOUN">autorités</instance>
         <wf lemma="de" pos="X">de</wf>
         <instance id="d000.s227.t002" lemma="surveillance" pos="NOUN">surveillance</instance>
         <wf lemma="avoir" pos="VERB">ont</wf>
         <wf lemma="intenter" pos="VERB">intenté</wf>
         <wf lemma="de" pos="X">de</wf>
         <wf lemma="nombreux" pos="ADJ">nombreux</wf>
         <wf lemma="recours" pos="NOUN">recours</wf>
         <wf lemma="pour" pos="X">pour</wf>
         <wf lemma="obtenir" pos="VERB">obtenir</wf>
         <wf lemma="réparation" pos="NOUN">réparation</wf>
         <wf lemma="ou" pos="X">ou</wf>
         <wf lemma="pour" pos="X">pour</wf>
         <wf lemma="sanctionner" pos="VERB">sanctionner</wf>
         <wf lemma="du" pos="X">des</wf>
         <wf lemma="manquement" pos="NOUN">manquements</wf>
         <wf lemma="." pos="X">.</wf>
      </sentence>
      <sentence id="d000.s228" source="semeval2013-fr">
         <wf lemma="mais" pos="X">Mais</wf>
         <wf lemma="cela" pos="X">cela</wf>
         <wf lemma="ne" pos="ADV">ne</wf>
         <wf lemma="sembler" pos="VERB">semble</wf>
         <wf lemma="pas" pos="ADV">pas</wf>
         <wf lemma="être" pos="VERB">être</wf>
         <wf lemma="le" pos="X">le</wf>
         <wf lemma="dernier" pos="ADJ">dernier</wf>
         <instance id="d000.s228.t000" lemma="mot" pos="NOUN">mot</instance>
         <wf lemma="sur" pos="X">sur</wf>
         <wf lemma="le" pos="X">la</wf>
         <instance id="d000.s228.t001" lemma="question" pos="NOUN">question</instance>
         <wf lemma="." pos="X">.</wf>
      </sentence>
      <sentence id="d000.s229" source="semeval2013-fr">
         <wf lemma="le" pos="X">La</wf>
         <wf lemma="vrai" pos="ADJ">vraie</wf>
         <instance id="d000.s229.t000" lemma="image" pos="NOUN">image</instance>
         <wf lemma="du" pos="X">du</wf>
         <wf lemma="rassemblement" pos="NOUN">rassemblement</wf>
         <wf lemma="--" pos="X">--</wf>
         <wf lemma="au" pos="X">au</wf>
         <wf lemma="cour" pos="X">cours</wf>
         <wf lemma="duquel" pos="X">duquel</wf>
         <wf lemma="@card@" pos="NOUN">13</wf>
         <wf lemma="@card@" pos="NOUN">000</wf>
         <instance id="d000.s229.t001" lemma="personne" pos="NOUN">personnes</instance>
         <wf lemma="entrer" pos="VERB">entrent</wf>
         <wf lemma="et" pos="X">et</wf>
         <wf lemma="sortir" pos="VERB">sortent</wf>
         <wf lemma="du" pos="X">du</wf>
         <instance id="d000.s229.t002" lemma="Palais_des_congrès" pos="NOUN">Palais_des_congrès</instance>
         <wf lemma="chaque" pos="X">chaque</wf>
         <instance id="d000.s229.t003" lemma="jour" pos="NOUN">jour</instance>
         <wf lemma="--" pos="X">--</wf>
         <wf lemma="du" pos="X">des</wf>
         <wf lemma="activiste" pos="ADJ">activistes</wf>
         <instance id="d000.s229.t004" lemma="joueur" pos="NOUN">joueurs</instance>
         <wf lemma="de" pos="X">de</wf>
         <instance id="d000.s229.t005" lemma="guitare" pos="NOUN">guitare</instance>
         <wf lemma="présenter" pos="VERB">présentent</wf>
         <wf lemma="du" pos="X">des</wf>
         <instance id="d000.s229.t006" lemma="spectacle" pos="NOUN">spectacles</instance>
         <wf lemma="nocturne" pos="ADJ">nocturnes</wf>
         <wf lemma="se" pos="X">se</wf>
         <wf lemma="moquer" pos="VERB">moquant</wf>
         <wf lemma="du" pos="X">des</wf>
         <instance id="d000.s229.t007" lemma="pays" pos="NOUN">pays</instance>
         <wf lemma="qui" pos="X">qui</wf>
         <wf lemma="selon" pos="X">selon</wf>
         <wf lemma="eux" pos="X">eux</wf>
         <wf lemma="," pos="X">,</wf>
         <wf lemma="se" pos="X">se</wf>
         <wf lemma="trahir" pos="VERB">trahissent</wf>
         <wf lemma="et" pos="X">et</wf>
         <wf lemma="que" pos="X">que</wf>
         <wf lemma="du" pos="X">des</wf>
         <instance id="d000.s229.t008" lemma="proposition" pos="NOUN">propositions</instance>
         <wf lemma="être" pos="VERB">sont</wf>
         <wf lemma="rédiger" pos="VERB">rédigées</wf>
         <wf lemma="et" pos="X">et</wf>
         <wf lemma="distribuer" pos="VERB">distribuées</wf>
         <wf lemma="sur" pos="X">sur</wf>
         <instance id="d000.s229.t009" lemma="papier" pos="NOUN">papier</instance>
         <wf lemma="plutôt" pos="ADV">plutôt</wf>
         <wf lemma="que" pos="X">que</wf>
         <wf lemma="par" pos="X">par</wf>
         <wf lemma="emails" pos="NOUN">emails</wf>
         <wf lemma="--" pos="X">--</wf>
         <wf lemma="constituer" pos="VERB">constitue</wf>
         <wf lemma="un" pos="X">un</wf>
         <wf lemma="vrai" pos="ADJ">vrai</wf>
         <wf lemma="défi" pos="NOUN">défi</wf>
         <wf lemma="." pos="X">.</wf>
      </sentence>
      <sentence id="d000.s230" source="semeval2013-fr">
         <wf lemma="leur" pos="X">Leur</wf>
         <wf lemma="présence" pos="NOUN">présence</wf>
         <wf lemma="et" pos="X">et</wf>
         <wf lemma="leur" pos="X">leur</wf>
         <instance id="d000.s230.t000" lemma="participation" pos="NOUN">participation</instance>
         <wf lemma="à" pos="X">à</wf>
         <wf lemma="le" pos="X">la</wf>
         <instance id="d000.s230.t001" lemma="collecte_de_fonds" pos="NOUN">collecte_de_fonds</instance>
         <wf lemma="de" pos="X">de</wf>
         <wf lemma="ce" pos="X">cet</wf>
         <instance id="d000.s230.t002" lemma="événement" pos="NOUN">évènement</instance>
         <wf lemma="démonter" pos="VERB">démonte</wf>
         <wf lemma="tout" pos="X">toute</wf>
         <instance id="d000.s230.t003" lemma="réclamation" pos="NOUN">réclamation</instance>
         <wf lemma="de" pos="X">d'</wf>
         <instance id="d000.s230.t004" lemma="impartialité" pos="NOUN">impartialité</instance>
         <wf lemma="," pos="X">,</wf>
         <wf lemma="et" pos="X">et</wf>
         <wf lemma="être" pos="VERB">est</wf>
         <wf lemma="inacceptable" pos="ADJ">inacceptable</wf>
         <wf lemma="." pos="X">.</wf>
      </sentence>
      <sentence id="d000.s231" source="semeval2013-fr">
         <wf lemma="sept" pos="NOUN">Sept</wf>
         <instance id="d000.s231.t000" lemma="société" pos="NOUN">sociétés</instance>
         <wf lemma="américain" pos="ADJ">américaines</wf>
         <wf lemma="avoir" pos="VERB">avaient</wf>
         <wf lemma="payer" pos="VERB">payé</wf>
         <wf lemma="pour" pos="X">pour</wf>
         <wf lemma="participer" pos="VERB">participer</wf>
         <wf lemma="à" pos="X">à</wf>
         <wf lemma="le" pos="X">la</wf>
         <wf lemma="deuxième" pos="NOUN">deuxième</wf>
         <instance id="d000.s231.t001" lemma="enchère" pos="NOUN">enchère</instance>
         <wf lemma="qui" pos="X">qui</wf>
         <wf lemma="avoir" pos="VERB">a</wf>
         <wf lemma="commencer" pos="VERB">commencé</wf>
         <instance id="d000.s231.t002" lemma="vendredi" pos="NOUN">vendredi</instance>
         <wf lemma="." pos="X">.</wf>
      </sentence>
      <sentence id="d000.s232" source="semeval2013-fr">
         <wf lemma="néanmoins" pos="ADV">Néanmoins</wf>
         <wf lemma="," pos="X">,</wf>
         <wf lemma="le" pos="X">la</wf>
         <wf lemma="simple" pos="ADJ">simple</wf>
         <instance id="d000.s232.t000" lemma="présence" pos="NOUN">présence</instance>
         <wf lemma="de" pos="X">de</wf>
         <wf lemma="Scalia" pos="NOUN">Scalia</wf>
         <wf lemma="et" pos="X">et</wf>
         <wf lemma="Thomas" pos="NOUN">Thomas</wf>
         <wf lemma="à" pos="X">à</wf>
         <instance id="d000.s232.t001" lemma="proximité" pos="NOUN">proximité</instance>
         <wf lemma="de" pos="X">de</wf>
         <wf lemma="deux" pos="NOUN">deux</wf>
         <wf lemma="du" pos="X">des</wf>
         <instance id="d000.s232.t002" lemma="cabinet_d'avocats" pos="NOUN">cabinets_d'avocats</instance>
         <wf lemma="de" pos="X">de</wf>
         <wf lemma="le" pos="X">l'</wf>
         <instance id="d000.s232.t003" lemma="affaire" pos="NOUN">affaire</instance>
         <wf lemma="," pos="X">,</wf>
         <wf lemma="ainsi" pos="X">ainsi</wf>
         <wf lemma="que" pos="X">qu'</wf>
         <wf lemma="à" pos="X">à</wf>
         <wf lemma="un" pos="X">une</wf>
         <instance id="d000.s232.t004" lemma="entreprise" pos="NOUN">entreprise</instance>
         <wf lemma="avoir" pos="VERB">ayant</wf>
         <wf lemma="un" pos="X">un</wf>
         <instance id="d000.s232.t005" lemma="intérêt" pos="NOUN">intérêt</instance>
         <wf lemma="financier" pos="ADJ">financier</wf>
         <wf lemma="massif" pos="ADJ">massif</wf>
         <wf lemma="," pos="X">,</wf>
         <wf lemma="avoir" pos="VERB">a</wf>
         <wf lemma="suffire" pos="VERB">suffi</wf>
         <wf lemma="à" pos="X">à</wf>
         <wf lemma="alarmer" pos="VERB">alarmer</wf>
         <wf lemma="le" pos="X">les</wf>
         <wf lemma="activiste" pos="NOUN">activistes</wf>
         <wf lemma="de" pos="X">de</wf>
         <wf lemma="le" pos="X">l'</wf>
         <instance id="d000.s232.t006" lemma="éthique" pos="NOUN">éthique</instance>
         <wf lemma="gouvernemental" pos="ADJ">gouvernementale</wf>
         <wf lemma="." pos="X">.</wf>
      </sentence>
      <sentence id="d000.s233" source="semeval2013-fr">
         <wf lemma="le" pos="X">La</wf>
         <wf lemma="seul" pos="ADJ">seule</wf>
         <instance id="d000.s233.t000" lemma="différence" pos="NOUN">différence</instance>
         <wf lemma="," pos="X">,</wf>
         <wf lemma="le" pos="X">le</wf>
         <instance id="d000.s233.t001" lemma="degré" pos="NOUN">degré</instance>
         <wf lemma="de" pos="X">de</wf>
         <instance id="d000.s233.t002" lemma="générosité" pos="NOUN">générosité</instance>
      </sentence>
      <sentence id="d000.s234" source="semeval2013-fr">
         <wf lemma="le" pos="X">Les</wf>
         <instance id="d000.s234.t000" lemma="banque" pos="NOUN">banques</instance>
         <wf lemma="américain" pos="ADJ">américaines</wf>
         <wf lemma="rembourser" pos="VERB">remboursent</wf>
         <wf lemma="le" pos="X">l'</wf>
         <instance id="d000.s234.t001" lemma="aide" pos="NOUN">aide</instance>
         <wf lemma="alloué" pos="ADJ">allouée</wf>
      </sentence>
      <sentence id="d000.s235" source="semeval2013-fr">
         <wf lemma="un" pos="X">Une</wf>
         <instance id="d000.s235.t000" lemma="performance" pos="NOUN">performance</instance>
         <wf lemma="économique" pos="ADJ">économique</wf>
         <wf lemma="plus" pos="ADV">plus</wf>
         <wf lemma="robuste" pos="ADJ">robuste</wf>
         <wf lemma="se" pos="X">se</wf>
         <wf lemma="refléter" pos="VERB">reflète</wf>
         <wf lemma="dans" pos="X">dans</wf>
         <wf lemma="le" pos="X">la</wf>
         <wf lemma="hausse" pos="NOUN">hausse</wf>
         <wf lemma="de" pos="X">de</wf>
         <instance id="d000.s235.t001" lemma="soutien" pos="NOUN">soutien</instance>
         <wf lemma="à" pos="X">à</wf>
         <wf lemma="le" pos="X">l'</wf>
         <wf lemma="entreprise_privée" pos="NOUN">entreprise_privée</wf>
         <wf lemma="et" pos="X">et</wf>
         <wf lemma="le" pos="X">l'</wf>
         <instance id="d000.s235.t002" lemma="économie_de_marché" pos="NOUN">économie_de_marché</instance>
         <wf lemma=":" pos="X">:</wf>
         <wf lemma="environ" pos="X">environ</wf>
         <wf lemma="@card@" pos="NOUN">71</wf>
         <wf lemma="%" pos="X">%</wf>
         <wf lemma="du" pos="X">des</wf>
         <wf lemma="répondant" pos="NOUN">répondants</wf>
         <wf lemma="de" pos="X">de</wf>
         <wf lemma="le" pos="X">la</wf>
         <instance id="d000.s235.t003" lemma="région" pos="NOUN">région</instance>
         <wf lemma="dire" pos="VERB">disent</wf>
         <wf lemma="que" pos="X">que</wf>
         <wf lemma="le" pos="X">l'</wf>
         <wf lemma="entreprise_privée" pos="NOUN">entreprise_privée</wf>
         <wf lemma="être" pos="VERB">est</wf>
         <wf lemma="indispensable" pos="ADJ">indispensable</wf>
         <wf lemma="pour" pos="X">pour</wf>
         <wf lemma="le" pos="X">le</wf>
         <instance id="d000.s235.t004" lemma="développement" pos="NOUN">développement</instance>
         <wf lemma="," pos="X">,</wf>
         <wf lemma="contre" pos="X">contre</wf>
         <wf lemma="@card@" pos="NOUN">56</wf>
         <wf lemma="%" pos="X">%</wf>
         <wf lemma="en" pos="X">en</wf>
         <wf lemma="@card@" pos="NOUN">2007</wf>
         <wf lemma="(" pos="X">(</wf>
         <wf lemma="cf." pos="X">cf.</wf>
         <instance id="d000.s235.t005" lemma="graphique" pos="NOUN">graphique</instance>
         <wf lemma="@card@" pos="NOUN">6</wf>
         <wf lemma=")" pos="X">)</wf>
         <wf lemma="." pos="X">.</wf>
      </sentence>
   </text>
</corpus>
