<?xml version="1.0" encoding="UTF-8"?>
<corpus lang="ja" name="test-ja" sources="wordnet-japanese">
   <text id="d000">
      <sentence id="d000.s000" source="wordnet-japanese">
         <wf lemma="彼女" pos="X">彼女</wf>
         <wf lemma="の" pos="X">の</wf>
         <wf lemma="一日" pos="X">一日</wf>
         <wf lemma="は" pos="X">は</wf>
         <wf lemma="、" pos="X">、</wf>
         <wf lemma="トレーニング" pos="X">トレーニング</wf>
         <wf lemma="から" pos="X">から</wf>
         <instance id="d000.s000.t000" lemma="始まる" pos="VERB">始まる</instance>
         <wf lemma="." pos="X">.</wf>
      </sentence>
      <sentence id="d000.s001" source="wordnet-japanese">
         <wf lemma="慈悲" pos="X">慈悲</wf>
         <wf lemma="の" pos="X">の</wf>
         <instance id="d000.s001.t000" lemma="質" pos="NOUN">質</instance>
         <wf lemma="は" pos="X">は</wf>
         <wf lemma="、" pos="X">、</wf>
         <wf lemma="緊張" pos="X">緊張</wf>
         <wf lemma="し" pos="X">し</wf>
         <wf lemma="て" pos="X">て</wf>
         <wf lemma="い" pos="X">い</wf>
         <wf lemma="ない" pos="X">ない</wf>
         <wf lemma="−" pos="X">−</wf>
         <wf lemma="シェークスピア" pos="X">シェークスピア</wf>
         <wf lemma="." pos="X">.</wf>
      </sentence>
      <sentence id="d000.s002" source="wordnet-japanese">
         <wf lemma="作家" pos="X">作家</wf>
         <wf lemma="は" pos="X">は</wf>
         <wf lemma="、" pos="X">、</wf>
         <wf lemma="歴史" pos="X">歴史</wf>
         <wf lemma="を" pos="X">を</wf>
         <wf lemma="見る" pos="X">見る</wf>
         <wf lemma="こと" pos="X">こと</wf>
         <wf lemma="が" pos="X">が</wf>
         <wf lemma="できる" pos="X">できる</wf>
         <instance id="d000.s002.t000" lemma="レンズ" pos="NOUN">レンズ</instance>
         <wf lemma="である" pos="X">である</wf>
         <wf lemma="." pos="X">.</wf>
      </sentence>
      <sentence id="d000.s003" source="wordnet-japanese">
         <wf lemma="監視" pos="X">監視</wf>
         <wf lemma="に" pos="X">に</wf>
         <wf lemma="新しい" pos="X">新しい</wf>
         <wf lemma="機能" pos="X">機能</wf>
         <wf lemma="を" pos="X">を</wf>
         <wf lemma="要求" pos="X">要求</wf>
         <wf lemma="する" pos="X">する</wf>
         <wf lemma="の" pos="X">の</wf>
         <wf lemma="は" pos="X">は</wf>
         <wf lemma="、" pos="X">、</wf>
         <wf lemma="彼ら" pos="X">彼ら</wf>
         <wf lemma="の" pos="X">の</wf>
         <wf lemma="失敗" pos="X">失敗</wf>
         <wf lemma="を" pos="X">を</wf>
         <wf lemma="隠す" pos="X">隠す</wf>
         <wf lemma="ため" pos="X">ため</wf>
         <wf lemma="の" pos="X">の</wf>
         <instance id="d000.s003.t000" lemma="煙幕" pos="NOUN">煙幕</instance>
         <wf lemma="で" pos="X">で</wf>
         <wf lemma="しか" pos="X">しか</wf>
         <wf lemma="ない" pos="X">ない</wf>
         <wf lemma="." pos="X">.</wf>
      </sentence>
      <sentence id="d000.s004" source="wordnet-japanese">
         <wf lemma="彼" pos="X">彼</wf>
         <wf lemma="は" pos="X">は</wf>
         <instance id="d000.s004.t000" lemma="出口" pos="NOUN">出口</instance>
         <wf lemma="を" pos="X">を</wf>
         <wf lemma="閉鎖" pos="X">閉鎖</wf>
         <wf lemma="し" pos="X">し</wf>
         <wf lemma="た" pos="X">た</wf>
         <wf lemma="." pos="X">.</wf>
      </sentence>
      <sentence id="d000.s005" source="wordnet-japanese">
         <wf lemma="手ぬぐい" pos="X">手ぬぐい</wf>
         <wf lemma="を" pos="X">を</wf>
         <instance id="d000.s005.t000" lemma="絞る" pos="VERB">絞る</instance>
         <wf lemma="." pos="X">.</wf>
      </sentence>
      <sentence id="d000.s006" source="wordnet-japanese">
         <wf lemma="彼" pos="X">彼</wf>
         <wf lemma="の" pos="X">の</wf>
         <instance id="d000.s006.t000" lemma="父親" pos="NOUN">父親</instance>
         <wf lemma="は" pos="X">は</wf>
         <wf lemma="アトランタ" pos="X">アトランタ</wf>
         <wf lemma="で" pos="X">で</wf>
         <wf lemma="生まれ" pos="X">生まれ</wf>
         <wf lemma="た" pos="X">た</wf>
         <wf lemma="." pos="X">.</wf>
      </sentence>
      <sentence id="d000.s007" source="wordnet-japanese">
         <wf lemma="ラバ" pos="X">ラバ</wf>
         <wf lemma="は" pos="X">は</wf>
         <wf lemma="馬" pos="X">馬</wf>
         <wf lemma="と" pos="X">と</wf>
         <wf lemma="ロバ" pos="X">ロバ</wf>
         <wf lemma="の" pos="X">の</wf>
         <instance id="d000.s007.t000" lemma="雑種" pos="NOUN">雑種</instance>
         <wf lemma="である" pos="X">である</wf>
         <wf lemma="." pos="X">.</wf>
      </sentence>
      <sentence id="d000.s008" source="wordnet-japanese">
         <instance id="d000.s008.t000" lemma="ある" pos="ADJ">ある</instance>
         <wf lemma="メンバー" pos="X">メンバー</wf>
         <wf lemma="は" pos="X">は</wf>
         <wf lemma="経験" pos="X">経験</wf>
         <wf lemma="を" pos="X">を</wf>
         <wf lemma="積ん" pos="X">積ん</wf>
         <wf lemma="で" pos="X">で</wf>
         <wf lemma="い" pos="X">い</wf>
         <wf lemma="ない" pos="X">ない</wf>
         <wf lemma="." pos="X">.</wf>
      </sentence>
      <sentence id="d000.s009" source="wordnet-japanese">
         <wf lemma="彼" pos="X">彼</wf>
         <wf lemma="は" pos="X">は</wf>
         <wf lemma="おぼつか" pos="X">おぼつか</wf>
         <wf lemma="ない" pos="X">ない</wf>
         <instance id="d000.s009.t000" lemma="足取り" pos="NOUN">足取り</instance>
         <wf lemma="で" pos="X">で</wf>
         <wf lemma="歩い" pos="X">歩い</wf>
         <wf lemma="た" pos="X">た</wf>
         <wf lemma="." pos="X">.</wf>
      </sentence>
      <sentence id="d000.s010" source="wordnet-japanese">
         <wf lemma="ハイジャック犯" pos="X">ハイジャック犯</wf>
         <wf lemma="から" pos="X">から</wf>
         <wf lemma="銃" pos="X">銃</wf>
         <wf lemma="を" pos="X">を</wf>
         <wf lemma="押収" pos="X">押収</wf>
         <wf lemma="し" pos="X">し</wf>
         <wf lemma="よう" pos="X">よう</wf>
         <wf lemma="する" pos="X">する</wf>
         <wf lemma="ほど" pos="X">ほど</wf>
         <instance id="d000.s010.t000" lemma="無鉄砲" pos="ADJ">無鉄砲</instance>
         <wf lemma="である" pos="X">である</wf>
         <wf lemma="." pos="X">.</wf>
      </sentence>
      <sentence id="d000.s011" source="wordnet-japanese">
         <instance id="d000.s011.t000" lemma="哲学的" pos="ADJ">哲学的</instance>
         <wf lemma="な" pos="X">な</wf>
         <wf lemma="放棄" pos="X">放棄</wf>
         <wf lemma="." pos="X">.</wf>
      </sentence>
      <sentence id="d000.s012" source="wordnet-japanese">
         <wf lemma="この" pos="X">この</wf>
         <wf lemma="ソース" pos="X">ソース</wf>
         <wf lemma="は" pos="X">は</wf>
         <wf lemma="肉" pos="X">肉</wf>
         <wf lemma="の" pos="X">の</wf>
         <wf lemma="風味" pos="X">風味</wf>
         <wf lemma="を" pos="X">を</wf>
         <instance id="d000.s012.t000" lemma="高める" pos="VERB">高める</instance>
         <wf lemma="だろ" pos="X">だろ</wf>
         <wf lemma="う" pos="X">う</wf>
         <wf lemma="." pos="X">.</wf>
      </sentence>
      <sentence id="d000.s013" source="wordnet-japanese">
         <wf lemma="その" pos="X">その</wf>
         <wf lemma="波" pos="X">波</wf>
         <wf lemma="は" pos="X">は</wf>
         <wf lemma="建物" pos="X">建物</wf>
         <wf lemma="の" pos="X">の</wf>
         <wf lemma="先端" pos="X">先端</wf>
         <wf lemma="まで" pos="X">まで</wf>
         <instance id="d000.s013.t000" lemma="響き渡る" pos="VERB">響き渡る</instance>
         <wf lemma="." pos="X">.</wf>
      </sentence>
      <sentence id="d000.s014" source="wordnet-japanese">
         <wf lemma="私たち" pos="X">私たち</wf>
         <wf lemma="は" pos="X">は</wf>
         <wf lemma="、" pos="X">、</wf>
         <wf lemma="岸" pos="X">岸</wf>
         <wf lemma="に" pos="X">に</wf>
         <wf lemma="到着" pos="X">到着</wf>
         <wf lemma="する" pos="X">する</wf>
         <wf lemma="ため" pos="X">ため</wf>
         <wf lemma="に" pos="X">に</wf>
         <wf lemma="、" pos="X">、</wf>
         <wf lemma="20" pos="X">20</wf>
         <wf lemma="分間" pos="X">分間</wf>
         <instance id="d000.s014.t000" lemma="泳ぐ" pos="VERB">泳ぐ</instance>
         <wf lemma="必要" pos="X">必要</wf>
         <wf lemma="が" pos="X">が</wf>
         <wf lemma="あっ" pos="X">あっ</wf>
         <wf lemma="た" pos="X">た</wf>
         <wf lemma="." pos="X">.</wf>
      </sentence>
      <sentence id="d000.s015" source="wordnet-japanese">
         <wf lemma="薬物" pos="X">薬物</wf>
         <wf lemma="に対する" pos="X">に対する</wf>
         <wf lemma="悪" pos="X">悪</wf>
         <instance id="d000.s015.t000" lemma="反応" pos="NOUN">反応</instance>
         <wf lemma="." pos="X">.</wf>
      </sentence>
      <sentence id="d000.s016" source="wordnet-japanese">
         <wf lemma="その" pos="X">その</wf>
         <instance id="d000.s016.t000" lemma="仕事" pos="NOUN">仕事</instance>
         <wf lemma="に関する" pos="X">に関する</wf>
         <wf lemma="都市" pos="X">都市</wf>
         <wf lemma="の" pos="X">の</wf>
         <wf lemma="損失" pos="X">損失</wf>
         <wf lemma="の" pos="X">の</wf>
         <wf lemma="予想" pos="X">予想</wf>
         <wf lemma="は" pos="X">は</wf>
         <wf lemma="、" pos="X">、</wf>
         <wf lemma="100" pos="X">100</wf>
         <wf lemma="万" pos="X">万</wf>
         <wf lemma="ドル" pos="X">ドル</wf>
         <wf lemma="と" pos="X">と</wf>
         <wf lemma="同じ" pos="X">同じ</wf>
         <wf lemma="くらい" pos="X">くらい</wf>
         <wf lemma="高額" pos="X">高額</wf>
         <wf lemma="に" pos="X">に</wf>
         <wf lemma="及ん" pos="X">及ん</wf>
         <wf lemma="だ" pos="X">だ</wf>
         <wf lemma="." pos="X">.</wf>
      </sentence>
      <sentence id="d000.s017" source="wordnet-japanese">
         <wf lemma="そこ" pos="X">そこ</wf>
         <wf lemma="は" pos="X">は</wf>
         <wf lemma="山岳" pos="X">山岳</wf>
         <instance id="d000.s017.t000" lemma="地帯" pos="NOUN">地帯</instance>
         <wf lemma="だっ" pos="X">だっ</wf>
         <wf lemma="た" pos="X">た</wf>
         <wf lemma="." pos="X">.</wf>
      </sentence>
      <sentence id="d000.s018" source="wordnet-japanese">
         <instance id="d000.s018.t000" lemma="初演" pos="NOUN">初演</instance>
         <wf lemma="は" pos="X">は</wf>
         <wf lemma="好評" pos="X">好評</wf>
         <wf lemma="を" pos="X">を</wf>
         <wf lemma="博し" pos="X">博し</wf>
         <wf lemma="た" pos="X">た</wf>
         <wf lemma="." pos="X">.</wf>
      </sentence>
      <sentence id="d000.s019" source="wordnet-japanese">
         <wf lemma="てっぺん" pos="X">てっぺん</wf>
         <wf lemma="部分" pos="X">部分</wf>
         <wf lemma="を" pos="X">を</wf>
         <instance id="d000.s019.t000" lemma="取り除く" pos="VERB">取り除い</instance>
         <wf lemma="て" pos="X">て</wf>
         <wf lemma="ください" pos="X">ください</wf>
         <wf lemma="." pos="X">.</wf>
      </sentence>
      <sentence id="d000.s020" source="wordnet-japanese">
         <instance id="d000.s020.t000" lemma="特別" pos="ADJ">特別</instance>
         <wf lemma="な" pos="X">な</wf>
         <wf lemma="種類" pos="X">種類</wf>
         <wf lemma="の" pos="X">の</wf>
         <wf lemma="ペンキ" pos="X">ペンキ</wf>
         <wf lemma="." pos="X">.</wf>
      </sentence>
      <sentence id="d000.s021" source="wordnet-japanese">
         <wf lemma="赤い" pos="X">赤い</wf>
         <instance id="d000.s021.t000" lemma="タブ" pos="NOUN">タブ</instance>
         <wf lemma="が" pos="X">が</wf>
         <wf lemma="ある" pos="X">ある</wf>
         <wf lemma="ファイル" pos="X">ファイル</wf>
         <wf lemma="は" pos="X">は</wf>
         <wf lemma="別々" pos="X">別々</wf>
         <wf lemma="に" pos="X">に</wf>
         <wf lemma="格納" pos="X">格納</wf>
         <wf lemma="さ" pos="X">さ</wf>
         <wf lemma="れる" pos="X">れる</wf>
         <wf lemma="でしょ" pos="X">でしょ</wf>
         <wf lemma="う" pos="X">う</wf>
         <wf lemma="." pos="X">.</wf>
      </sentence>
      <sentence id="d000.s022" source="wordnet-japanese">
         <wf lemma="草" pos="X">草</wf>
         <wf lemma="を" pos="X">を</wf>
         <instance id="d000.s022.t000" lemma="刈る" pos="VERB">刈っ</instance>
         <wf lemma="て" pos="X">て</wf>
         <wf lemma="ください" pos="X">ください</wf>
         <wf lemma="." pos="X">.</wf>
      </sentence>
      <sentence id="d000.s023" source="wordnet-japanese">
         <wf lemma="私" pos="X">私</wf>
         <wf lemma="の" pos="X">の</wf>
         <wf lemma="祖父" pos="X">祖父</wf>
         <wf lemma="は" pos="X">は</wf>
         <wf lemma="全" pos="X">全</wf>
         <wf lemma="財産" pos="X">財産</wf>
         <wf lemma="を" pos="X">を</wf>
         <wf lemma="私" pos="X">私</wf>
         <wf lemma="に" pos="X">に</wf>
         <instance id="d000.s023.t000" lemma="残す" pos="VERB">残し</instance>
         <wf lemma="た" pos="X">た</wf>
         <wf lemma="." pos="X">.</wf>
      </sentence>
      <sentence id="d000.s024" source="wordnet-japanese">
         <wf lemma="心" pos="X">心</wf>
         <wf lemma="が" pos="X">が</wf>
         <wf lemma="若く" pos="X">若く</wf>
         <wf lemma="て" pos="X">て</wf>
         <instance id="d000.s024.t000" lemma="陽気" pos="ADJ">陽気</instance>
         <wf lemma="だっ" pos="X">だっ</wf>
         <wf lemma="た" pos="X">た</wf>
         <wf lemma="とき" pos="X">とき</wf>
         <wf lemma="." pos="X">.</wf>
      </sentence>
      <sentence id="d000.s025" source="wordnet-japanese">
         <wf lemma="『" pos="X">『</wf>
         <wf lemma="o'clock" pos="X">o'clock</wf>
         <wf lemma="』" pos="X">』</wf>
         <wf lemma="は" pos="X">は</wf>
         <wf lemma="『" pos="X">『</wf>
         <wf lemma="of" pos="X">of</wf>
         <wf lemma="the" pos="X">the</wf>
         <wf lemma="clock" pos="X">clock</wf>
         <wf lemma="』" pos="X">』</wf>
         <wf lemma="の" pos="X">の</wf>
         <instance id="d000.s025.t000" lemma="短縮" pos="NOUN">短縮</instance>
         <wf lemma="である" pos="X">である</wf>
         <wf lemma="." pos="X">.</wf>
      </sentence>
      <sentence id="d000.s026" source="wordnet-japanese">
         <wf lemma="良心" pos="X">良心</wf>
         <wf lemma="の" pos="X">の</wf>
         <wf lemma="小さな" pos="X">小さな</wf>
         <instance id="d000.s026.t000" lemma="声" pos="NOUN">声</instance>
         <wf lemma="." pos="X">.</wf>
      </sentence>
      <sentence id="d000.s027" source="wordnet-japanese">
         <wf lemma="彼ら" pos="X">彼ら</wf>
         <wf lemma="は" pos="X">は</wf>
         <instance id="d000.s027.t000" lemma="集会" pos="NOUN">集会</instance>
         <wf lemma="の" pos="X">の</wf>
         <wf lemma="権利" pos="X">権利</wf>
         <wf lemma="を" pos="X">を</wf>
         <wf lemma="要求" pos="X">要求</wf>
         <wf lemma="し" pos="X">し</wf>
         <wf lemma="た" pos="X">た</wf>
         <wf lemma="." pos="X">.</wf>
      </sentence>
      <sentence id="d000.s028" source="wordnet-japanese">
         <wf lemma="雷" pos="X">雷</wf>
         <wf lemma="が" pos="X">が</wf>
         <instance id="d000.s028.t000" lemma="鳴る" pos="VERB">鳴る</instance>
         <wf lemma="とき" pos="X">とき</wf>
         <wf lemma="は" pos="X">は</wf>
         <wf lemma="いつも" pos="X">いつも</wf>
         <wf lemma="、" pos="X">、</wf>
         <wf lemma="私" pos="X">私</wf>
         <wf lemma="の" pos="X">の</wf>
         <wf lemma="犬" pos="X">犬</wf>
         <wf lemma="は" pos="X">は</wf>
         <wf lemma="ベッド" pos="X">ベッド</wf>
         <wf lemma="の" pos="X">の</wf>
         <wf lemma="下" pos="X">下</wf>
         <wf lemma="へ" pos="X">へ</wf>
         <wf lemma="もぐる" pos="X">もぐる</wf>
         <wf lemma="." pos="X">.</wf>
      </sentence>
      <sentence id="d000.s029" source="wordnet-japanese">
         <wf lemma="ハムレット" pos="X">ハムレット</wf>
         <wf lemma="と" pos="X">と</wf>
         <wf lemma="し" pos="X">し</wf>
         <wf lemma="て" pos="X">て</wf>
         <wf lemma="の" pos="X">の</wf>
         <wf lemma="彼" pos="X">彼</wf>
         <wf lemma="の" pos="X">の</wf>
         <instance id="d000.s029.t000" lemma="復帰" pos="NOUN">復帰</instance>
         <wf lemma="は" pos="X">は</wf>
         <wf lemma="長い" pos="X">長い</wf>
         <wf lemma="間" pos="X">間</wf>
         <wf lemma="、" pos="X">、</wf>
         <wf lemma="待た" pos="X">待た</wf>
         <wf lemma="れ" pos="X">れ</wf>
         <wf lemma="て" pos="X">て</wf>
         <wf lemma="いる" pos="X">いる</wf>
         <wf lemma="." pos="X">.</wf>
      </sentence>
      <sentence id="d000.s030" source="wordnet-japanese">
         <instance id="d000.s030.t000" lemma="不可知論" pos="NOUN">不可知論</instance>
         <wf lemma="は" pos="X">は</wf>
         <wf lemma="、" pos="X">、</wf>
         <wf lemma="神" pos="X">神</wf>
         <wf lemma="の" pos="X">の</wf>
         <wf lemma="存在" pos="X">存在</wf>
         <wf lemma="を" pos="X">を</wf>
         <wf lemma="証明" pos="X">証明</wf>
         <wf lemma="も" pos="X">も</wf>
         <wf lemma="でき" pos="X">でき</wf>
         <wf lemma="ない" pos="X">ない</wf>
         <wf lemma="し" pos="X">し</wf>
         <wf lemma="、" pos="X">、</wf>
         <wf lemma="反証" pos="X">反証</wf>
         <wf lemma="を" pos="X">を</wf>
         <wf lemma="あげる" pos="X">あげる</wf>
         <wf lemma="こと" pos="X">こと</wf>
         <wf lemma="も" pos="X">も</wf>
         <wf lemma="でき" pos="X">でき</wf>
         <wf lemma="ない" pos="X">ない</wf>
         <wf lemma="と" pos="X">と</wf>
         <wf lemma="する" pos="X">する</wf>
         <wf lemma="." pos="X">.</wf>
      </sentence>
      <sentence id="d000.s031" source="wordnet-japanese">
         <wf lemma="破損" pos="X">破損</wf>
         <instance id="d000.s031.t000" lemma="状態" pos="NOUN">状態</instance>
         <wf lemma="（" pos="X">（</wf>
         <wf lemma="また" pos="X">また</wf>
         <wf lemma="は" pos="X">は</wf>
         <wf lemma="状況" pos="X">状況</wf>
         <wf lemma="）" pos="X">）</wf>
         <wf lemma="." pos="X">.</wf>
      </sentence>
      <sentence id="d000.s032" source="wordnet-japanese">
         <wf lemma="女性" pos="X">女性</wf>
         <wf lemma="機械工" pos="X">機械工</wf>
         <wf lemma="と" pos="X">と</wf>
         <wf lemma="会う" pos="X">会う</wf>
         <wf lemma="と" pos="X">と</wf>
         <wf lemma="、" pos="X">、</wf>
         <wf lemma="新鮮" pos="X">新鮮</wf>
         <wf lemma="で" pos="X">で</wf>
         <wf lemma="快い" pos="X">快い</wf>
         <wf lemma="気分" pos="X">気分</wf>
         <instance id="d000.s032.t000" lemma="転換" pos="NOUN">転換</instance>
         <wf lemma="に" pos="X">に</wf>
         <wf lemma="なる" pos="X">なる</wf>
         <wf lemma="." pos="X">.</wf>
      </sentence>
      <sentence id="d000.s033" source="wordnet-japanese">
         <wf lemma="彼ら" pos="X">彼ら</wf>
         <wf lemma="は" pos="X">は</wf>
         <wf lemma="ローマ" pos="X">ローマ</wf>
         <wf lemma="の" pos="X">の</wf>
         <wf lemma="船団" pos="X">船団</wf>
         <wf lemma="を" pos="X">を</wf>
         <instance id="d000.s033.t000" lemma="追い抜く" pos="VERB">追い抜い</instance>
         <wf lemma="た" pos="X">た</wf>
         <wf lemma="." pos="X">.</wf>
      </sentence>
      <sentence id="d000.s034" source="wordnet-japanese">
         <wf lemma="長い" pos="X">長い</wf>
         <instance id="d000.s034.t000" lemma="無様" pos="ADJ">無様</instance>
         <wf lemma="な" pos="X">な</wf>
         <wf lemma="足" pos="X">足</wf>
         <wf lemma="を" pos="X">を</wf>
         <wf lemma="もつ体" pos="X">もつ体</wf>
         <wf lemma="ばかり" pos="X">ばかり</wf>
         <wf lemma="大きく" pos="X">大きく</wf>
         <wf lemma="て" pos="X">て</wf>
         <wf lemma="ぐず" pos="X">ぐず</wf>
         <wf lemma="の" pos="X">の</wf>
         <wf lemma="若者" pos="X">若者</wf>
         <wf lemma="." pos="X">.</wf>
      </sentence>
      <sentence id="d000.s035" source="wordnet-japanese">
         <wf lemma="彼" pos="X">彼</wf>
         <wf lemma="は" pos="X">は</wf>
         <wf lemma="急" pos="X">急</wf>
         <wf lemma="な" pos="X">な</wf>
         <instance id="d000.s035.t000" lemma="斜面" pos="NOUN">斜面</instance>
         <wf lemma="を" pos="X">を</wf>
         <wf lemma="登っ" pos="X">登っ</wf>
         <wf lemma="た" pos="X">た</wf>
         <wf lemma="." pos="X">.</wf>
      </sentence>
      <sentence id="d000.s036" source="wordnet-japanese">
         <wf lemma="ダンサー" pos="X">ダンサー</wf>
         <wf lemma="は" pos="X">は</wf>
         <wf lemma="、" pos="X">、</wf>
         <instance id="d000.s036.t000" lemma="軽い" pos="ADJ">軽く</instance>
         <wf lemma="て" pos="X">て</wf>
         <wf lemma="、" pos="X">、</wf>
         <wf lemma="優雅" pos="X">優雅</wf>
         <wf lemma="だっ" pos="X">だっ</wf>
         <wf lemma="た" pos="X">た</wf>
         <wf lemma="." pos="X">.</wf>
      </sentence>
      <sentence id="d000.s037" source="wordnet-japanese">
         <wf lemma="本" pos="X">本</wf>
         <wf lemma="は" pos="X">は</wf>
         <wf lemma="その" pos="X">その</wf>
         <wf lemma="俳優" pos="X">俳優</wf>
         <wf lemma="を" pos="X">を</wf>
         <wf lemma="利己的" pos="X">利己的</wf>
         <wf lemma="な" pos="X">な</wf>
         <wf lemma="人物" pos="X">人物</wf>
         <wf lemma="と" pos="X">と</wf>
         <wf lemma="し" pos="X">し</wf>
         <wf lemma="て" pos="X">て</wf>
         <instance id="d000.s037.t000" lemma="描く" pos="VERB">描い</instance>
         <wf lemma="て" pos="X">て</wf>
         <wf lemma="いる" pos="X">いる</wf>
         <wf lemma="." pos="X">.</wf>
      </sentence>
      <sentence id="d000.s038" source="wordnet-japanese">
         <wf lemma="「" pos="X">「</wf>
         <wf lemma="ピーピー" pos="X">ピーピー</wf>
         <wf lemma="」" pos="X">」</wf>
         <wf lemma="は" pos="X">は</wf>
         <wf lemma="共通" pos="X">共通</wf>
         <wf lemma="の" pos="X">の</wf>
         <instance id="d000.s038.t000" lemma="婉曲" pos="ADJ">婉曲</instance>
         <wf lemma="表現" pos="X">表現</wf>
         <wf lemma="用語" pos="X">用語</wf>
         <wf lemma="である" pos="X">である</wf>
         <wf lemma="." pos="X">.</wf>
      </sentence>
      <sentence id="d000.s039" source="wordnet-japanese">
         <wf lemma="魅力的" pos="X">魅力的</wf>
         <wf lemma="だ" pos="X">だ</wf>
         <wf lemma="が" pos="X">が</wf>
         <wf lemma="完全" pos="X">完全</wf>
         <wf lemma="に" pos="X">に</wf>
         <instance id="d000.s039.t000" lemma="不誠実" pos="ADJ">不誠実</instance>
         <wf lemma="な" pos="X">な</wf>
         <wf lemma="女." pos="X">女.</wf>
      </sentence>
      <sentence id="d000.s040" source="wordnet-japanese">
         <wf lemma="深く" pos="X">深く</wf>
         <wf lemma="息" pos="X">息</wf>
         <wf lemma="を" pos="X">を</wf>
         <instance id="d000.s040.t000" lemma="吸う" pos="VERB">吸う</instance>
         <wf lemma="." pos="X">.</wf>
      </sentence>
      <sentence id="d000.s041" source="wordnet-japanese">
         <wf lemma="貨幣" pos="X">貨幣</wf>
         <wf lemma="を" pos="X">を</wf>
         <instance id="d000.s041.t000" lemma="造る" pos="VERB">造る</instance>
         <wf lemma="." pos="X">.</wf>
      </sentence>
      <sentence id="d000.s042" source="wordnet-japanese">
         <wf lemma="心臓病" pos="X">心臓病</wf>
         <wf lemma="は" pos="X">は</wf>
         <wf lemma="、" pos="X">、</wf>
         <wf lemma="米国" pos="X">米国</wf>
         <wf lemma="で" pos="X">で</wf>
         <wf lemma="最も" pos="X">最も</wf>
         <wf lemma="大きな" pos="X">大きな</wf>
         <instance id="d000.s042.t000" lemma="死因" pos="NOUN">死因</instance>
         <wf lemma="である" pos="X">である</wf>
         <wf lemma="." pos="X">.</wf>
      </sentence>
      <sentence id="d000.s043" source="wordnet-japanese">
         <wf lemma="より" pos="X">より</wf>
         <instance id="d000.s043.t000" lemma="清潔" pos="ADJ">清潔</instance>
         <wf lemma="でより" pos="X">でより</wf>
         <wf lemma="効率的" pos="X">効率的</wf>
         <wf lemma="な" pos="X">な</wf>
         <wf lemma="エンジン" pos="X">エンジン</wf>
         <wf lemma="." pos="X">.</wf>
      </sentence>
      <sentence id="d000.s044" source="wordnet-japanese">
         <wf lemma="寛大" pos="X">寛大</wf>
         <wf lemma="さ" pos="X">さ</wf>
         <wf lemma="の" pos="X">の</wf>
         <instance id="d000.s044.t000" lemma="報酬" pos="NOUN">報酬</instance>
         <wf lemma="に" pos="X">に</wf>
         <wf lemma="あずかる" pos="X">あずかる</wf>
         <wf lemma="." pos="X">.</wf>
      </sentence>
      <sentence id="d000.s045" source="wordnet-japanese">
         <wf lemma="彼" pos="X">彼</wf>
         <wf lemma="の" pos="X">の</wf>
         <wf lemma="主張" pos="X">主張</wf>
         <wf lemma="は" pos="X">は</wf>
         <wf lemma="ルソー" pos="X">ルソー</wf>
         <wf lemma="の" pos="X">の</wf>
         <instance id="d000.s045.t000" lemma="エコー" pos="NOUN">エコー</instance>
         <wf lemma="以上" pos="X">以上</wf>
         <wf lemma="を" pos="X">を</wf>
         <wf lemma="含ん" pos="X">含ん</wf>
         <wf lemma="で" pos="X">で</wf>
         <wf lemma="い" pos="X">い</wf>
         <wf lemma="ます" pos="X">ます</wf>
         <wf lemma="." pos="X">.</wf>
      </sentence>
      <sentence id="d000.s046" source="wordnet-japanese">
         <wf lemma="あなた" pos="X">あなた</wf>
         <wf lemma="の" pos="X">の</wf>
         <wf lemma="1850" pos="X">1850</wf>
         <wf lemma="の" pos="X">の</wf>
         <wf lemma="教会" pos="X">教会</wf>
         <wf lemma="で" pos="X">で</wf>
         <wf lemma="、" pos="X">、</wf>
         <wf lemma="高価" pos="X">高価</wf>
         <wf lemma="な" pos="X">な</wf>
         <wf lemma="設備" pos="X">設備</wf>
         <wf lemma="の" pos="X">の</wf>
         <wf lemma="建築" pos="X">建築</wf>
         <wf lemma="その" pos="X">その</wf>
         <wf lemma="もの" pos="X">もの</wf>
         <wf lemma="と" pos="X">と</wf>
         <wf lemma="非" pos="X">非</wf>
         <wf lemma="人間的" pos="X">人間的</wf>
         <wf lemma="な" pos="X">な</wf>
         <wf lemma="バラック" pos="X">バラック</wf>
         <wf lemma="の" pos="X">の</wf>
         <wf lemma="ような" pos="X">ような</wf>
         <wf lemma="生活" pos="X">生活</wf>
         <wf lemma="状況" pos="X">状況</wf>
         <wf lemma="と" pos="X">と</wf>
         <wf lemma="の" pos="X">の</wf>
         <wf lemma="劇的" pos="X">劇的</wf>
         <wf lemma="な" pos="X">な</wf>
         <wf lemma="対比" pos="X">対比</wf>
         <wf lemma="を" pos="X">を</wf>
         <wf lemma="教会" pos="X">教会</wf>
         <wf lemma="の" pos="X">の</wf>
         <wf lemma="部屋" pos="X">部屋</wf>
         <wf lemma="で" pos="X">で</wf>
         <wf lemma="見つける" pos="X">見つける</wf>
         <wf lemma="こと" pos="X">こと</wf>
         <wf lemma="は" pos="X">は</wf>
         <instance id="d000.s046.t000" lemma="まれ" pos="ADV">まれ</instance>
         <wf lemma="で" pos="X">で</wf>
         <wf lemma="は" pos="X">は</wf>
         <wf lemma="ない" pos="X">ない</wf>
         <wf lemma="." pos="X">.</wf>
      </sentence>
      <sentence id="d000.s047" source="wordnet-japanese">
         <wf lemma="テロリスト" pos="X">テロリスト</wf>
         <wf lemma="は" pos="X">は</wf>
         <wf lemma="、" pos="X">、</wf>
         <wf lemma="政治家" pos="X">政治家</wf>
         <wf lemma="を" pos="X">を</wf>
         <instance id="d000.s047.t000" lemma="捕まえる" pos="VERB">捕まえ</instance>
         <wf lemma="た" pos="X">た</wf>
         <wf lemma="." pos="X">.</wf>
      </sentence>
      <sentence id="d000.s048" source="wordnet-japanese">
         <wf lemma="もし" pos="X">もし</wf>
         <instance id="d000.s048.t000" lemma="欠陥" pos="NOUN">欠陥</instance>
         <wf lemma="が" pos="X">が</wf>
         <wf lemma="あれ" pos="X">あれ</wf>
         <wf lemma="ば" pos="X">ば</wf>
         <wf lemma="、" pos="X">、</wf>
         <wf lemma="製造業者" pos="X">製造業者</wf>
         <wf lemma="に" pos="X">に</wf>
         <wf lemma="それ" pos="X">それ</wf>
         <wf lemma="を" pos="X">を</wf>
         <wf lemma="送り返す" pos="X">送り返す</wf>
         <wf lemma="べき" pos="X">べき</wf>
         <wf lemma="である" pos="X">である</wf>
         <wf lemma="." pos="X">.</wf>
      </sentence>
      <sentence id="d000.s049" source="wordnet-japanese">
         <wf lemma="糖尿病" pos="X">糖尿病</wf>
         <wf lemma="が" pos="X">が</wf>
         <wf lemma="しばしば" pos="X">しばしば</wf>
         <wf lemma="他の" pos="X">他の</wf>
         <wf lemma="慢性" pos="X">慢性</wf>
         <wf lemma="疾患" pos="X">疾患</wf>
         <wf lemma="と" pos="X">と</wf>
         <wf lemma="共存" pos="X">共存</wf>
         <wf lemma="する" pos="X">する</wf>
         <wf lemma="という" pos="X">という</wf>
         <instance id="d000.s049.t000" lemma="認知" pos="NOUN">認知</instance>
         <wf lemma="を" pos="X">を</wf>
         <wf lemma="増加" pos="X">増加</wf>
         <wf lemma="する" pos="X">する</wf>
         <wf lemma="こと" pos="X">こと</wf>
         <wf lemma="." pos="X">.</wf>
      </sentence>
      <sentence id="d000.s050" source="wordnet-japanese">
         <wf lemma="あくび" pos="X">あくび</wf>
         <wf lemma="を" pos="X">を</wf>
         <instance id="d000.s050.t000" lemma="かみ殺す" pos="VERB">かみ殺す</instance>
         <wf lemma="." pos="X">.</wf>
      </sentence>
      <sentence id="d000.s051" source="wordnet-japanese">
         <wf lemma="2" pos="X">2</wf>
         <wf lemma="つ" pos="X">つ</wf>
         <wf lemma="の" pos="X">の</wf>
         <wf lemma="ユニット" pos="X">ユニット</wf>
         <wf lemma="は" pos="X">は</wf>
         <instance id="d000.s051.t000" lemma="機能的" pos="ADV">機能的</instance>
         <wf lemma="に" pos="X">に</wf>
         <wf lemma="相互" pos="X">相互</wf>
         <wf lemma="依存" pos="X">依存</wf>
         <wf lemma="し" pos="X">し</wf>
         <wf lemma="て" pos="X">て</wf>
         <wf lemma="いる" pos="X">いる</wf>
         <wf lemma="." pos="X">.</wf>
      </sentence>
      <sentence id="d000.s052" source="wordnet-japanese">
         <instance id="d000.s052.t000" lemma="住民" pos="NOUN">住民</instance>
         <wf lemma="の" pos="X">の</wf>
         <wf lemma="衣食" pos="X">衣食</wf>
         <wf lemma="は" pos="X">は</wf>
         <wf lemma="足り" pos="X">足り</wf>
         <wf lemma="て" pos="X">て</wf>
         <wf lemma="いる" pos="X">いる</wf>
         <wf lemma="ようだ" pos="X">ようだ</wf>
         <wf lemma="." pos="X">.</wf>
      </sentence>
      <sentence id="d000.s053" source="wordnet-japanese">
         <wf lemma="その" pos="X">その</wf>
         <wf lemma="会社" pos="X">会社</wf>
         <wf lemma="は" pos="X">は</wf>
         <wf lemma="愛他的" pos="X">愛他的</wf>
         <wf lemma="な" pos="X">な</wf>
         <instance id="d000.s053.t000" lemma="イメージ" pos="NOUN">イメージ</instance>
         <wf lemma="を" pos="X">を</wf>
         <wf lemma="打ち出そ" pos="X">打ち出そ</wf>
         <wf lemma="う" pos="X">う</wf>
         <wf lemma="と" pos="X">と</wf>
         <wf lemma="し" pos="X">し</wf>
         <wf lemma="た" pos="X">た</wf>
         <wf lemma="." pos="X">.</wf>
      </sentence>
      <sentence id="d000.s054" source="wordnet-japanese">
         <wf lemma="その" pos="X">その</wf>
         <wf lemma="相違" pos="X">相違</wf>
         <wf lemma="に関する" pos="X">に関する</wf>
         <wf lemma="最終的" pos="X">最終的</wf>
         <wf lemma="な" pos="X">な</wf>
         <instance id="d000.s054.t000" lemma="解決" pos="NOUN">解決</instance>
         <wf lemma="に" pos="X">に</wf>
         <wf lemma="達し" pos="X">達し</wf>
         <wf lemma="なかっ" pos="X">なかっ</wf>
         <wf lemma="た" pos="X">た</wf>
         <wf lemma="." pos="X">.</wf>
      </sentence>
      <sentence id="d000.s055" source="wordnet-japanese">
         <instance id="d000.s055.t000" lemma="芸術" pos="NOUN">芸術</instance>
         <wf lemma="の" pos="X">の</wf>
         <wf lemma="素晴" pos="X">素晴</wf>
         <wf lemma="らしい" pos="X">らしい</wf>
         <wf lemma="コレクション" pos="X">コレクション</wf>
         <wf lemma="." pos="X">.</wf>
      </sentence>
      <sentence id="d000.s056" source="wordnet-japanese">
         <wf lemma="まだ" pos="X">まだ</wf>
         <wf lemma="タイタニック" pos="X">タイタニック</wf>
         <wf lemma="号" pos="X">号</wf>
         <instance id="d000.s056.t000" lemma="沈没" pos="NOUN">沈没</instance>
         <wf lemma="の" pos="X">の</wf>
         <wf lemma="話" pos="X">話</wf>
         <wf lemma="を" pos="X">を</wf>
         <wf lemma="し" pos="X">し</wf>
         <wf lemma="て" pos="X">て</wf>
         <wf lemma="いる" pos="X">いる</wf>
         <wf lemma="." pos="X">.</wf>
      </sentence>
      <sentence id="d000.s057" source="wordnet-japanese">
         <wf lemma="彼" pos="X">彼</wf>
         <wf lemma="は" pos="X">は</wf>
         <wf lemma="会社法" pos="X">会社法</wf>
         <wf lemma="の" pos="X">の</wf>
         <instance id="d000.s057.t000" lemma="権威" pos="NOUN">権威</instance>
         <wf lemma="だ" pos="X">だ</wf>
         <wf lemma="." pos="X">.</wf>
      </sentence>
      <sentence id="d000.s058" source="wordnet-japanese">
         <wf lemma="薄い" pos="X">薄い</wf>
         <wf lemma="氷" pos="X">氷</wf>
         <wf lemma="の" pos="X">の</wf>
         <instance id="d000.s058.t000" lemma="斑紋" pos="NOUN">斑紋</instance>
         <wf lemma="." pos="X">.</wf>
      </sentence>
      <sentence id="d000.s059" source="wordnet-japanese">
         <wf lemma="誰" pos="X">誰</wf>
         <wf lemma="も" pos="X">も</wf>
         <wf lemma="、" pos="X">、</wf>
         <instance id="d000.s059.t000" lemma="階上" pos="NOUN">階上</instance>
         <wf lemma="を" pos="X">を</wf>
         <wf lemma="見る" pos="X">見る</wf>
         <wf lemma="こと" pos="X">こと</wf>
         <wf lemma="が" pos="X">が</wf>
         <wf lemma="でき" pos="X">でき</wf>
         <wf lemma="なかっ" pos="X">なかっ</wf>
         <wf lemma="た" pos="X">た</wf>
         <wf lemma="." pos="X">.</wf>
      </sentence>
      <sentence id="d000.s060" source="wordnet-japanese">
         <wf lemma="私" pos="X">私</wf>
         <wf lemma="が" pos="X">が</wf>
         <wf lemma="着い" pos="X">着い</wf>
         <wf lemma="た" pos="X">た</wf>
         <wf lemma="とき" pos="X">とき</wf>
         <wf lemma="に" pos="X">に</wf>
         <wf lemma="は" pos="X">は</wf>
         <wf lemma="、" pos="X">、</wf>
         <wf lemma="家" pos="X">家</wf>
         <wf lemma="の" pos="X">の</wf>
         <wf lemma="中" pos="X">中</wf>
         <wf lemma="は" pos="X">は</wf>
         <instance id="d000.s060.t000" lemma="客" pos="NOUN">客</instance>
         <wf lemma="で" pos="X">で</wf>
         <wf lemma="いっぱい" pos="X">いっぱい</wf>
         <wf lemma="だっ" pos="X">だっ</wf>
         <wf lemma="た" pos="X">た</wf>
         <wf lemma="." pos="X">.</wf>
      </sentence>
      <sentence id="d000.s061" source="wordnet-japanese">
         <instance id="d000.s061.t000" lemma="ずるい" pos="ADJ">ずるい</instance>
         <wf lemma="男性" pos="X">男性</wf>
         <wf lemma="は" pos="X">は</wf>
         <wf lemma="賢い" pos="X">賢い</wf>
         <wf lemma="と" pos="X">と</wf>
         <wf lemma="み" pos="X">み</wf>
         <wf lemma="なさ" pos="X">なさ</wf>
         <wf lemma="れる" pos="X">れる</wf>
         <wf lemma="こと" pos="X">こと</wf>
         <wf lemma="が" pos="X">が</wf>
         <wf lemma="よく" pos="X">よく</wf>
         <wf lemma="ある" pos="X">ある</wf>
         <wf lemma="." pos="X">.</wf>
      </sentence>
      <sentence id="d000.s062" source="wordnet-japanese">
         <wf lemma="その" pos="X">その</wf>
         <wf lemma="戦い" pos="X">戦い</wf>
         <wf lemma="は" pos="X">は</wf>
         <wf lemma="騎兵" pos="X">騎兵</wf>
         <wf lemma="隊" pos="X">隊</wf>
         <wf lemma="の" pos="X">の</wf>
         <instance id="d000.s062.t000" lemma="突撃" pos="NOUN">突撃</instance>
         <wf lemma="で" pos="X">で</wf>
         <wf lemma="始まっ" pos="X">始まっ</wf>
         <wf lemma="た" pos="X">た</wf>
         <wf lemma="." pos="X">.</wf>
      </sentence>
      <sentence id="d000.s063" source="wordnet-japanese">
         <wf lemma="同様" pos="X">同様</wf>
         <wf lemma="の" pos="X">の</wf>
         <wf lemma="ひどく" pos="X">ひどく</wf>
         <wf lemma="生気" pos="X">生気</wf>
         <wf lemma="の" pos="X">の</wf>
         <wf lemma="ない" pos="X">ない</wf>
         <instance id="d000.s063.t000" lemma="蒼白" pos="ADJ">蒼白</instance>
         <wf lemma="な" pos="X">な</wf>
         <wf lemma="、" pos="X">、</wf>
         <wf lemma="貧相" pos="X">貧相</wf>
         <wf lemma="な" pos="X">な</wf>
         <wf lemma="顔" pos="X">顔</wf>
         <wf lemma="−" pos="X">−</wf>
         <wf lemma="ブラム" pos="X">ブラム</wf>
         <wf lemma="・" pos="X">・</wf>
         <wf lemma="ストーカー" pos="X">ストーカー</wf>
         <wf lemma="." pos="X">.</wf>
      </sentence>
      <sentence id="d000.s064" source="wordnet-japanese">
         <wf lemma="それ" pos="X">それ</wf>
         <wf lemma="は" pos="X">は</wf>
         <wf lemma="頑丈" pos="X">頑丈</wf>
         <wf lemma="な" pos="X">な</wf>
         <instance id="d000.s064.t000" lemma="テーブル" pos="NOUN">テーブル</instance>
         <wf lemma="だっ" pos="X">だっ</wf>
         <wf lemma="た" pos="X">た</wf>
         <wf lemma="." pos="X">.</wf>
      </sentence>
      <sentence id="d000.s065" source="wordnet-japanese">
         <wf lemma="彼ら" pos="X">彼ら</wf>
         <wf lemma="の" pos="X">の</wf>
         <wf lemma="作曲" pos="X">作曲</wf>
         <wf lemma="の" pos="X">の</wf>
         <instance id="d000.s065.t000" lemma="原則" pos="NOUN">原則</instance>
         <wf lemma="が" pos="X">が</wf>
         <wf lemma="、" pos="X">、</wf>
         <wf lemma="すべて" pos="X">すべて</wf>
         <wf lemma="の" pos="X">の</wf>
         <wf lemma="曲" pos="X">曲</wf>
         <wf lemma="に" pos="X">に</wf>
         <wf lemma="現れ" pos="X">現れ</wf>
         <wf lemma="て" pos="X">て</wf>
         <wf lemma="い" pos="X">い</wf>
         <wf lemma="た" pos="X">た</wf>
         <wf lemma="." pos="X">.</wf>
      </sentence>
      <sentence id="d000.s066" source="wordnet-japanese">
         <wf lemma="貧しい" pos="X">貧しい</wf>
         <wf lemma="人" pos="X">人</wf>
         <wf lemma="を" pos="X">を</wf>
         <wf lemma="援助" pos="X">援助</wf>
         <wf lemma="する" pos="X">する</wf>
         <wf lemma="ため" pos="X">ため</wf>
         <wf lemma="の" pos="X">の</wf>
         <instance id="d000.s066.t000" lemma="献金" pos="NOUN">献金</instance>
         <wf lemma="." pos="X">.</wf>
      </sentence>
      <sentence id="d000.s067" source="wordnet-japanese">
         <wf lemma="私" pos="X">私</wf>
         <wf lemma="にとって" pos="X">にとって</wf>
         <wf lemma="それ" pos="X">それ</wf>
         <wf lemma="は" pos="X">は</wf>
         <instance id="d000.s067.t000" lemma="初耳" pos="NOUN">初耳</instance>
         <wf lemma="だっ" pos="X">だっ</wf>
         <wf lemma="た" pos="X">た</wf>
         <wf lemma="." pos="X">.</wf>
      </sentence>
      <sentence id="d000.s068" source="wordnet-japanese">
         <wf lemma="東方" pos="X">東方</wf>
         <wf lemma="に" pos="X">に</wf>
         <wf lemma="旅" pos="X">旅</wf>
         <wf lemma="する" pos="X">する</wf>
         <wf lemma="とき" pos="X">とき</wf>
         <wf lemma="、" pos="X">、</wf>
         <wf lemma="私たち" pos="X">私たち</wf>
         <wf lemma="は" pos="X">は</wf>
         <wf lemma="、" pos="X">、</wf>
         <wf lemma="時計" pos="X">時計</wf>
         <wf lemma="と" pos="X">と</wf>
         <wf lemma="腕" pos="X">腕</wf>
         <wf lemma="時計" pos="X">時計</wf>
         <wf lemma="を" pos="X">を</wf>
         <instance id="d000.s068.t000" lemma="進める" pos="VERB">進め</instance>
         <wf lemma="なければ" pos="X">なければ</wf>
         <wf lemma="なら" pos="X">なら</wf>
         <wf lemma="ない" pos="X">ない</wf>
         <wf lemma="." pos="X">.</wf>
      </sentence>
      <sentence id="d000.s069" source="wordnet-japanese">
         <wf lemma="彼" pos="X">彼</wf>
         <wf lemma="の" pos="X">の</wf>
         <wf lemma="ズボン" pos="X">ズボン</wf>
         <wf lemma="の" pos="X">の</wf>
         <instance id="d000.s069.t000" lemma="折り" pos="NOUN">折り</instance>
         <wf lemma="目" pos="X">目</wf>
         <wf lemma="." pos="X">.</wf>
      </sentence>
      <sentence id="d000.s070" source="wordnet-japanese">
         <wf lemma="切り株" pos="X">切り株</wf>
         <wf lemma="は" pos="X">は</wf>
         <wf lemma="、" pos="X">、</wf>
         <instance id="d000.s070.t000" lemma="奇怪" pos="ADJ">奇怪</instance>
         <wf lemma="な" pos="X">な</wf>
         <wf lemma="生き物" pos="X">生き物</wf>
         <wf lemma="の" pos="X">の</wf>
         <wf lemma="ような" pos="X">ような</wf>
         <wf lemma="不思議" pos="X">不思議</wf>
         <wf lemma="な" pos="X">な</wf>
         <wf lemma="形" pos="X">形</wf>
         <wf lemma="を" pos="X">を</wf>
         <wf lemma="し" pos="X">し</wf>
         <wf lemma="て" pos="X">て</wf>
         <wf lemma="い" pos="X">い</wf>
         <wf lemma="た" pos="X">た</wf>
         <wf lemma="−" pos="X">−</wf>
         <wf lemma="ジョン" pos="X">ジョン</wf>
         <wf lemma="・" pos="X">・</wf>
         <wf lemma="ゴールズワージー" pos="X">ゴールズワージー</wf>
         <wf lemma="." pos="X">.</wf>
      </sentence>
      <sentence id="d000.s071" source="wordnet-japanese">
         <instance id="d000.s071.t000" lemma="先細" pos="ADJ">先細</instance>
         <wf lemma="の" pos="X">の</wf>
         <wf lemma="長い" pos="X">長い</wf>
         <wf lemma="指." pos="X">指.</wf>
      </sentence>
      <sentence id="d000.s072" source="wordnet-japanese">
         <wf lemma="火星" pos="X">火星</wf>
         <wf lemma="探検" pos="X">探検</wf>
         <wf lemma="の" pos="X">の</wf>
         <wf lemma="ため" pos="X">ため</wf>
         <wf lemma="に" pos="X">に</wf>
         <instance id="d000.s072.t000" lemma="遠征隊" pos="NOUN">遠征隊</instance>
         <wf lemma="が" pos="X">が</wf>
         <wf lemma="送ら" pos="X">送ら</wf>
         <wf lemma="れ" pos="X">れ</wf>
         <wf lemma="た" pos="X">た</wf>
         <wf lemma="." pos="X">.</wf>
      </sentence>
      <sentence id="d000.s073" source="wordnet-japanese">
         <wf lemma="角" pos="X">角</wf>
         <wf lemma="の" pos="X">の</wf>
         <wf lemma="間" pos="X">間</wf>
         <wf lemma="の" pos="X">の</wf>
         <wf lemma="骨" pos="X">骨</wf>
         <wf lemma="が" pos="X">が</wf>
         <wf lemma="多い" pos="X">多い</wf>
         <instance id="d000.s073.t000" lemma="突出物" pos="NOUN">突出物</instance>
         <wf lemma="." pos="X">.</wf>
      </sentence>
      <sentence id="d000.s074" source="wordnet-japanese">
         <wf lemma="細く" pos="X">細く</wf>
         <instance id="d000.s074.t000" lemma="柔軟" pos="ADJ">柔軟</instance>
         <wf lemma="な樺" pos="X">な樺</wf>
         <wf lemma="." pos="X">.</wf>
      </sentence>
      <sentence id="d000.s075" source="wordnet-japanese">
         <instance id="d000.s075.t000" lemma="本格的" pos="ADJ">本格的</instance>
         <wf lemma="な" pos="X">な</wf>
         <wf lemma="金融" pos="X">金融</wf>
         <wf lemma="恐慌" pos="X">恐慌</wf>
         <wf lemma="." pos="X">.</wf>
      </sentence>
      <sentence id="d000.s076" source="wordnet-japanese">
         <wf lemma="冷たい" pos="X">冷たい</wf>
         <wf lemma="ほど" pos="X">ほど</wf>
         <instance id="d000.s076.t000" lemma="知的" pos="ADJ">知的</instance>
         <wf lemma="で" pos="X">で</wf>
         <wf lemma="ある" pos="X">ある</wf>
         <wf lemma="." pos="X">.</wf>
      </sentence>
      <sentence id="d000.s077" source="wordnet-japanese">
         <wf lemma="地震" pos="X">地震</wf>
         <wf lemma="は" pos="X">は</wf>
         <wf lemma="日本" pos="X">日本</wf>
         <wf lemma="における" pos="X">における</wf>
         <wf lemma="不変" pos="X">不変</wf>
         <wf lemma="の" pos="X">の</wf>
         <instance id="d000.s077.t000" lemma="脅威" pos="NOUN">脅威</instance>
         <wf lemma="だ" pos="X">だ</wf>
         <wf lemma="." pos="X">.</wf>
      </sentence>
      <sentence id="d000.s078" source="wordnet-japanese">
         <wf lemma="赤ん坊" pos="X">赤ん坊</wf>
         <wf lemma="を" pos="X">を</wf>
         <wf lemma="外" pos="X">外</wf>
         <wf lemma="に" pos="X">に</wf>
         <wf lemma="連れ出す" pos="X">連れ出す</wf>
         <wf lemma="前" pos="X">前</wf>
         <wf lemma="に" pos="X">に</wf>
         <wf lemma="彼女" pos="X">彼女</wf>
         <wf lemma="を" pos="X">を</wf>
         <instance id="d000.s078.t000" lemma="包む" pos="VERB">包む</instance>
         <wf lemma="." pos="X">.</wf>
      </sentence>
      <sentence id="d000.s079" source="wordnet-japanese">
         <wf lemma="カウボーイ" pos="X">カウボーイ</wf>
         <wf lemma="は" pos="X">は</wf>
         <wf lemma="、" pos="X">、</wf>
         <instance id="d000.s079.t000" lemma="拍車" pos="NOUN">拍車</instance>
         <wf lemma="を" pos="X">を</wf>
         <wf lemma="つけ" pos="X">つけ</wf>
         <wf lemma="た" pos="X">た</wf>
         <wf lemma="まましゃがん" pos="X">まましゃがん</wf>
         <wf lemma="で" pos="X">で</wf>
         <wf lemma="は" pos="X">は</wf>
         <wf lemma="いけ" pos="X">いけ</wf>
         <wf lemma="ない" pos="X">ない</wf>
         <wf lemma="こと" pos="X">こと</wf>
         <wf lemma="を" pos="X">を</wf>
         <wf lemma="知っ" pos="X">知っ</wf>
         <wf lemma="て" pos="X">て</wf>
         <wf lemma="いる" pos="X">いる</wf>
         <wf lemma="." pos="X">.</wf>
      </sentence>
      <sentence id="d000.s080" source="wordnet-japanese">
         <wf lemma="彼ら" pos="X">彼ら</wf>
         <wf lemma="の" pos="X">の</wf>
         <instance id="d000.s080.t000" lemma="軍隊" pos="NOUN">軍隊</instance>
         <wf lemma="は" pos="X">は</wf>
         <wf lemma="、" pos="X">、</wf>
         <wf lemma="地域" pos="X">地域</wf>
         <wf lemma="で" pos="X">で</wf>
         <wf lemma="最も" pos="X">最も</wf>
         <wf lemma="大きい" pos="X">大きい</wf>
         <wf lemma="." pos="X">.</wf>
      </sentence>
      <sentence id="d000.s081" source="wordnet-japanese">
         <wf lemma="彼" pos="X">彼</wf>
         <wf lemma="は" pos="X">は</wf>
         <wf lemma="、" pos="X">、</wf>
         <wf lemma="彼" pos="X">彼</wf>
         <wf lemma="の" pos="X">の</wf>
         <wf lemma="一" pos="X">一</wf>
         <wf lemma="生涯" pos="X">生涯</wf>
         <wf lemma="が" pos="X">が</wf>
         <instance id="d000.s081.t000" lemma="失敗" pos="NOUN">失敗</instance>
         <wf lemma="であっ" pos="X">であっ</wf>
         <wf lemma="た" pos="X">た</wf>
         <wf lemma="と" pos="X">と</wf>
         <wf lemma="感じ" pos="X">感じ</wf>
         <wf lemma="た" pos="X">た</wf>
         <wf lemma="." pos="X">.</wf>
      </sentence>
      <sentence id="d000.s082" source="wordnet-japanese">
         <instance id="d000.s082.t000" lemma="優美" pos="ADJ">優美</instance>
         <wf lemma="な" pos="X">な</wf>
         <wf lemma="字体" pos="X">字体</wf>
         <wf lemma="." pos="X">.</wf>
      </sentence>
      <sentence id="d000.s083" source="wordnet-japanese">
         <instance id="d000.s083.t000" lemma="アルコール" pos="NOUN">アルコール</instance>
         <wf lemma="（" pos="X">（</wf>
         <wf lemma="または" pos="X">または</wf>
         <wf lemma="酒類" pos="X">酒類</wf>
         <wf lemma="）" pos="X">）</wf>
         <wf lemma="が" pos="X">が</wf>
         <wf lemma="彼" pos="X">彼</wf>
         <wf lemma="を" pos="X">を</wf>
         <wf lemma="だめ" pos="X">だめ</wf>
         <wf lemma="に" pos="X">に</wf>
         <wf lemma="し" pos="X">し</wf>
         <wf lemma="た" pos="X">た</wf>
         <wf lemma="." pos="X">.</wf>
      </sentence>
      <sentence id="d000.s084" source="wordnet-japanese">
         <wf lemma="彼ら" pos="X">彼ら</wf>
         <wf lemma="は" pos="X">は</wf>
         <wf lemma="、" pos="X">、</wf>
         <instance id="d000.s084.t000" lemma="中心" pos="NOUN">中心</instance>
         <wf lemma="を" pos="X">を</wf>
         <wf lemma="補強" pos="X">補強</wf>
         <wf lemma="し" pos="X">し</wf>
         <wf lemma="なければ" pos="X">なければ</wf>
         <wf lemma="なら" pos="X">なら</wf>
         <wf lemma="なかっ" pos="X">なかっ</wf>
         <wf lemma="た" pos="X">た</wf>
         <wf lemma="." pos="X">.</wf>
      </sentence>
      <sentence id="d000.s085" source="wordnet-japanese">
         <instance id="d000.s085.t000" lemma="ひどい" pos="ADJ">ひどい</instance>
         <wf lemma="混乱" pos="X">混乱</wf>
         <wf lemma="." pos="X">.</wf>
      </sentence>
      <sentence id="d000.s086" source="wordnet-japanese">
         <wf lemma="彼" pos="X">彼</wf>
         <wf lemma="は" pos="X">は</wf>
         <wf lemma="この" pos="X">この</wf>
         <wf lemma="事" pos="X">事</wf>
         <wf lemma="で" pos="X">で</wf>
         <wf lemma="主演" pos="X">主演</wf>
         <instance id="d000.s086.t000" lemma="俳優" pos="NOUN">俳優</instance>
         <wf lemma="である" pos="X">である</wf>
         <wf lemma="." pos="X">.</wf>
      </sentence>
      <sentence id="d000.s087" source="wordnet-japanese">
         <instance id="d000.s087.t000" lemma="レース" pos="NOUN">レース</instance>
         <wf lemma="は" pos="X">は</wf>
         <wf lemma="速い" pos="X">速い</wf>
         <wf lemma="人" pos="X">人</wf>
         <wf lemma="たち向き" pos="X">たち向き</wf>
         <wf lemma="だ" pos="X">だ</wf>
         <wf lemma="." pos="X">.</wf>
      </sentence>
      <sentence id="d000.s088" source="wordnet-japanese">
         <instance id="d000.s088.t000" lemma="完璧" pos="ADJ">完璧</instance>
         <wf lemma="な" pos="X">な</wf>
         <wf lemma="記録" pos="X">記録</wf>
         <wf lemma="." pos="X">.</wf>
      </sentence>
      <sentence id="d000.s089" source="wordnet-japanese">
         <wf lemma="破裂" pos="X">破裂</wf>
         <wf lemma="する" pos="X">する</wf>
         <instance id="d000.s089.t000" lemma="性質" pos="NOUN">性質</instance>
         <wf lemma="の" pos="X">の</wf>
         <wf lemma="ある" pos="X">ある</wf>
         <wf lemma="はれ" pos="X">はれ</wf>
         <wf lemma="もの" pos="X">もの</wf>
         <wf lemma="." pos="X">.</wf>
      </sentence>
      <sentence id="d000.s090" source="wordnet-japanese">
         <instance id="d000.s090.t000" lemma="適切" pos="ADJ">適切</instance>
         <wf lemma="な" pos="X">な</wf>
         <wf lemma="返事" pos="X">返事</wf>
         <wf lemma="." pos="X">.</wf>
      </sentence>
      <sentence id="d000.s091" source="wordnet-japanese">
         <instance id="d000.s091.t000" lemma="間接的" pos="ADJ">間接的</instance>
         <wf lemma="な" pos="X">な</wf>
         <wf lemma="侮辱" pos="X">侮辱</wf>
         <wf lemma="." pos="X">.</wf>
      </sentence>
      <sentence id="d000.s092" source="wordnet-japanese">
         <wf lemma="そして" pos="X">そして</wf>
         <wf lemma="夢" pos="X">夢</wf>
         <wf lemma="に" pos="X">に</wf>
         <instance id="d000.s092.t000" lemma="夢中" pos="ADJ">夢中</instance>
         <wf lemma="である" pos="X">である</wf>
         <wf lemma="." pos="X">.</wf>
      </sentence>
      <sentence id="d000.s093" source="wordnet-japanese">
         <wf lemma="データ" pos="X">データ</wf>
         <wf lemma="を" pos="X">を</wf>
         <instance id="d000.s093.t000" lemma="流す" pos="VERB">流す</instance>
         <wf lemma="." pos="X">.</wf>
      </sentence>
      <sentence id="d000.s094" source="wordnet-japanese">
         <wf lemma="当惑" pos="X">当惑</wf>
         <wf lemma="さ" pos="X">さ</wf>
         <wf lemma="せる" pos="X">せる</wf>
         <wf lemma="質問" pos="X">質問</wf>
         <wf lemma="へ" pos="X">へ</wf>
         <wf lemma="の" pos="X">の</wf>
         <instance id="d000.s094.t000" lemma="あいまい" pos="ADJ">あいまい</instance>
         <wf lemma="な" pos="X">な</wf>
         <wf lemma="応答" pos="X">応答</wf>
         <wf lemma="." pos="X">.</wf>
      </sentence>
      <sentence id="d000.s095" source="wordnet-japanese">
         <wf lemma="太陽" pos="X">太陽</wf>
         <wf lemma="の" pos="X">の</wf>
         <wf lemma="周り" pos="X">周り</wf>
         <wf lemma="の" pos="X">の</wf>
         <wf lemma="地球" pos="X">地球</wf>
         <wf lemma="の" pos="X">の</wf>
         <instance id="d000.s095.t000" lemma="公転" pos="NOUN">公転</instance>
         <wf lemma="周期" pos="X">周期</wf>
         <wf lemma="に" pos="X">に</wf>
         <wf lemma="は" pos="X">は</wf>
         <wf lemma="、" pos="X">、</wf>
         <wf lemma="1" pos="X">1</wf>
         <wf lemma="年" pos="X">年</wf>
         <wf lemma="かかる" pos="X">かかる</wf>
         <wf lemma="." pos="X">.</wf>
      </sentence>
      <sentence id="d000.s096" source="wordnet-japanese">
         <wf lemma="事象" pos="X">事象</wf>
         <wf lemma="は" pos="X">は</wf>
         <wf lemma="、" pos="X">、</wf>
         <wf lemma="説明" pos="X">説明</wf>
         <wf lemma="を" pos="X">を</wf>
         <instance id="d000.s096.t000" lemma="避ける" pos="VERB">避ける</instance>
         <wf lemma="." pos="X">.</wf>
      </sentence>
      <sentence id="d000.s097" source="wordnet-japanese">
         <wf lemma="平野" pos="X">平野</wf>
         <wf lemma="は" pos="X">は</wf>
         <instance id="d000.s097.t000" lemma="山脈" pos="NOUN">山脈</instance>
         <wf lemma="を" pos="X">を</wf>
         <wf lemma="超え" pos="X">超え</wf>
         <wf lemma="た" pos="X">た</wf>
         <wf lemma="すぐ" pos="X">すぐ</wf>
         <wf lemma="の" pos="X">の</wf>
         <wf lemma="ところ" pos="X">ところ</wf>
         <wf lemma="に" pos="X">に</wf>
         <wf lemma="広がっ" pos="X">広がっ</wf>
         <wf lemma="て" pos="X">て</wf>
         <wf lemma="い" pos="X">い</wf>
         <wf lemma="た" pos="X">た</wf>
         <wf lemma="." pos="X">.</wf>
      </sentence>
      <sentence id="d000.s098" source="wordnet-japanese">
         <wf lemma="ここ" pos="X">ここ</wf>
         <wf lemma="に" pos="X">に</wf>
         <wf lemma="下り" pos="X">下り</wf>
         <wf lemma="て" pos="X">て</wf>
         <instance id="d000.s098.t000" lemma="来る" pos="VERB">き</instance>
         <wf lemma="て" pos="X">て</wf>
         <wf lemma="ください" pos="X">ください</wf>
         <wf lemma="！" pos="X">！</wf>
         <wf lemma="." pos="X">.</wf>
      </sentence>
      <sentence id="d000.s099" source="wordnet-japanese">
         <wf lemma="穴" pos="X">穴</wf>
         <wf lemma="を" pos="X">を</wf>
         <instance id="d000.s099.t000" lemma="詰める" pos="VERB">詰める</instance>
         <wf lemma="." pos="X">.</wf>
      </sentence>
      <sentence id="d000.s100" source="wordnet-japanese">
         <wf lemma="方程式" pos="X">方程式</wf>
         <wf lemma="を" pos="X">を</wf>
         <instance id="d000.s100.t000" lemma="解く" pos="VERB">解く</instance>
         <wf lemma="." pos="X">.</wf>
      </sentence>
      <sentence id="d000.s101" source="wordnet-japanese">
         <wf lemma="英国" pos="X">英国</wf>
         <wf lemma="は" pos="X">は</wf>
         <wf lemma="真に" pos="X">真に</wf>
         <instance id="d000.s101.t000" lemma="流動的" pos="ADJ">流動的</instance>
         <wf lemma="な" pos="X">な</wf>
         <wf lemma="社会" pos="X">社会</wf>
         <wf lemma="で" pos="X">で</wf>
         <wf lemma="は" pos="X">は</wf>
         <wf lemma="ない" pos="X">ない</wf>
         <wf lemma="." pos="X">.</wf>
      </sentence>
      <sentence id="d000.s102" source="wordnet-japanese">
         <wf lemma="南部" pos="X">南部</wf>
         <wf lemma="連合" pos="X">連合</wf>
         <instance id="d000.s102.t000" lemma="側" pos="NOUN">側</instance>
         <wf lemma="は" pos="X">は</wf>
         <wf lemma="攻撃" pos="X">攻撃</wf>
         <wf lemma="に" pos="X">に</wf>
         <wf lemma="備え" pos="X">備え</wf>
         <wf lemma="た" pos="X">た</wf>
         <wf lemma="." pos="X">.</wf>
      </sentence>
      <sentence id="d000.s103" source="wordnet-japanese">
         <wf lemma="愛情" pos="X">愛情</wf>
         <wf lemma="を" pos="X">を</wf>
         <instance id="d000.s103.t000" lemma="渇望" pos="NOUN">渇望</instance>
         <wf lemma="する" pos="X">する</wf>
         <wf lemma="." pos="X">.</wf>
      </sentence>
      <sentence id="d000.s104" source="wordnet-japanese">
         <wf lemma="彼" pos="X">彼</wf>
         <wf lemma="は" pos="X">は</wf>
         <wf lemma="箱" pos="X">箱</wf>
         <wf lemma="の" pos="X">の</wf>
         <instance id="d000.s104.t000" lemma="角" pos="NOUN">角</instance>
         <wf lemma="を" pos="X">を</wf>
         <wf lemma="丸くし" pos="X">丸くし</wf>
         <wf lemma="た" pos="X">た</wf>
         <wf lemma="." pos="X">.</wf>
      </sentence>
      <sentence id="d000.s105" source="wordnet-japanese">
         <instance id="d000.s105.t000" lemma="無骨" pos="ADJ">無骨</instance>
         <wf lemma="で" pos="X">で</wf>
         <wf lemma="無神経" pos="X">無神経</wf>
         <wf lemma="であっ" pos="X">であっ</wf>
         <wf lemma="た" pos="X">た</wf>
         <wf lemma="." pos="X">.</wf>
      </sentence>
      <sentence id="d000.s106" source="wordnet-japanese">
         <instance id="d000.s106.t000" lemma="正しい" pos="ADJ">正しい</instance>
         <wf lemma="記述" pos="X">記述</wf>
         <wf lemma="." pos="X">.</wf>
      </sentence>
      <sentence id="d000.s107" source="wordnet-japanese">
         <instance id="d000.s107.t000" lemma="強力" pos="ADJ">強力</instance>
         <wf lemma="な" pos="X">な</wf>
         <wf lemma="洗剤" pos="X">洗剤</wf>
         <wf lemma="." pos="X">.</wf>
      </sentence>
      <sentence id="d000.s108" source="wordnet-japanese">
         <wf lemma="感じ" pos="X">感じ</wf>
         <wf lemma="の" pos="X">の</wf>
         <wf lemma="よい" pos="X">よい</wf>
         <instance id="d000.s108.t000" lemma="顔つき" pos="NOUN">顔つき</instance>
         <wf lemma="." pos="X">.</wf>
      </sentence>
      <sentence id="d000.s109" source="wordnet-japanese">
         <instance id="d000.s109.t000" lemma="遺憾" pos="ADJ">遺憾</instance>
         <wf lemma="な" pos="X">な</wf>
         <wf lemma="言葉" pos="X">言葉</wf>
         <wf lemma="." pos="X">.</wf>
      </sentence>
      <sentence id="d000.s110" source="wordnet-japanese">
         <wf lemma="あなた" pos="X">あなた</wf>
         <wf lemma="の" pos="X">の</wf>
         <wf lemma="足" pos="X">足</wf>
         <wf lemma="の" pos="X">の</wf>
         <wf lemma="痛み" pos="X">痛み</wf>
         <wf lemma="を" pos="X">を</wf>
         <instance id="d000.s110.t000" lemma="和らげる" pos="VERB">和らげ</instance>
         <wf lemma="て" pos="X">て</wf>
         <wf lemma="ください" pos="X">ください</wf>
         <wf lemma="." pos="X">.</wf>
      </sentence>
      <sentence id="d000.s111" source="wordnet-japanese">
         <instance id="d000.s111.t000" lemma="改修" pos="NOUN">改修</instance>
         <wf lemma="により" pos="X">により</wf>
         <wf lemma="財産" pos="X">財産</wf>
         <wf lemma="価値" pos="X">価値</wf>
         <wf lemma="が" pos="X">が</wf>
         <wf lemma="高まっ" pos="X">高まっ</wf>
         <wf lemma="た" pos="X">た</wf>
         <wf lemma="." pos="X">.</wf>
      </sentence>
      <sentence id="d000.s112" source="wordnet-japanese">
         <instance id="d000.s112.t000" lemma="大事" pos="ADJ">大事</instance>
         <wf lemma="に" pos="X">に</wf>
         <wf lemma="し" pos="X">し</wf>
         <wf lemma="て" pos="X">て</wf>
         <wf lemma="き" pos="X">き</wf>
         <wf lemma="た" pos="X">た</wf>
         <wf lemma="友人" pos="X">友人</wf>
         <wf lemma="." pos="X">.</wf>
      </sentence>
      <sentence id="d000.s113" source="wordnet-japanese">
         <instance id="d000.s113.t000" lemma="永続的" pos="ADJ">永続的</instance>
         <wf lemma="な" pos="X">な</wf>
         <wf lemma="平和" pos="X">平和</wf>
         <wf lemma="の" pos="X">の</wf>
         <wf lemma="ため" pos="X">ため</wf>
         <wf lemma="の" pos="X">の</wf>
         <wf lemma="希望" pos="X">希望</wf>
         <wf lemma="." pos="X">.</wf>
      </sentence>
      <sentence id="d000.s114" source="wordnet-japanese">
         <instance id="d000.s114.t000" lemma="無防備" pos="ADJ">無防備</instance>
         <wf lemma="の" pos="X">の</wf>
         <wf lemma="子供" pos="X">子供</wf>
         <wf lemma="." pos="X">.</wf>
      </sentence>
      <sentence id="d000.s115" source="wordnet-japanese">
         <wf lemma="根本主義者" pos="X">根本主義者</wf>
         <wf lemma="から" pos="X">から</wf>
         <wf lemma="の" pos="X">の</wf>
         <wf lemma="危険" pos="X">危険</wf>
         <wf lemma="に" pos="X">に</wf>
         <wf lemma="注意" pos="X">注意</wf>
         <wf lemma="を" pos="X">を</wf>
         <instance id="d000.s115.t000" lemma="向け直す" pos="VERB">向け直し</instance>
         <wf lemma="て" pos="X">て</wf>
         <wf lemma="ください" pos="X">ください</wf>
         <wf lemma="." pos="X">.</wf>
      </sentence>
      <sentence id="d000.s116" source="wordnet-japanese">
         <instance id="d000.s116.t000" lemma="圧倒的" pos="ADJ">圧倒的</instance>
         <wf lemma="な" pos="X">な</wf>
         <wf lemma="喜び" pos="X">喜び</wf>
         <wf lemma="." pos="X">.</wf>
      </sentence>
      <sentence id="d000.s117" source="wordnet-japanese">
         <wf lemma="彼" pos="X">彼</wf>
         <wf lemma="の" pos="X">の</wf>
         <wf lemma="議論" pos="X">議論</wf>
         <wf lemma="の" pos="X">の</wf>
         <instance id="d000.s117.t000" lemma="説得力" pos="NOUN">説得力</instance>
         <wf lemma="が" pos="X">が</wf>
         <wf lemma="その" pos="X">その</wf>
         <wf lemma="問題" pos="X">問題</wf>
         <wf lemma="を" pos="X">を</wf>
         <wf lemma="解決" pos="X">解決</wf>
         <wf lemma="し" pos="X">し</wf>
         <wf lemma="た" pos="X">た</wf>
         <wf lemma="." pos="X">.</wf>
      </sentence>
      <sentence id="d000.s118" source="wordnet-japanese">
         <wf lemma="その" pos="X">その</wf>
         <wf lemma="部屋" pos="X">部屋</wf>
         <wf lemma="に" pos="X">に</wf>
         <wf lemma="は" pos="X">は</wf>
         <instance id="d000.s118.t000" lemma="ベッド" pos="NOUN">ベッド</instance>
         <wf lemma="と" pos="X">と</wf>
         <wf lemma="椅子" pos="X">椅子</wf>
         <wf lemma="しか" pos="X">しか</wf>
         <wf lemma="なかっ" pos="X">なかっ</wf>
         <wf lemma="た" pos="X">た</wf>
         <wf lemma="." pos="X">.</wf>
      </sentence>
      <sentence id="d000.s119" source="wordnet-japanese">
         <instance id="d000.s119.t000" lemma="教育" pos="NOUN">教育</instance>
         <wf lemma="の" pos="X">の</wf>
         <wf lemma="ある" pos="X">ある</wf>
         <wf lemma="洗練" pos="X">洗練</wf>
         <wf lemma="さ" pos="X">さ</wf>
         <wf lemma="れ" pos="X">れ</wf>
         <wf lemma="た" pos="X">た</wf>
         <wf lemma="女性" pos="X">女性</wf>
         <wf lemma="." pos="X">.</wf>
      </sentence>
      <sentence id="d000.s120" source="wordnet-japanese">
         <wf lemma="彼ら" pos="X">彼ら</wf>
         <wf lemma="は" pos="X">は</wf>
         <wf lemma="、" pos="X">、</wf>
         <wf lemma="非実用的" pos="X">非実用的</wf>
         <wf lemma="な" pos="X">な</wf>
         <wf lemma="選択肢" pos="X">選択肢</wf>
         <wf lemma="の" pos="X">の</wf>
         <instance id="d000.s120.t000" lemma="導入" pos="NOUN">導入</instance>
         <wf lemma="に" pos="X">に</wf>
         <wf lemma="抵抗" pos="X">抵抗</wf>
         <wf lemma="し" pos="X">し</wf>
         <wf lemma="た" pos="X">た</wf>
         <wf lemma="." pos="X">.</wf>
      </sentence>
      <sentence id="d000.s121" source="wordnet-japanese">
         <wf lemma="エルサレム" pos="X">エルサレム</wf>
         <wf lemma="の" pos="X">の</wf>
         <instance id="d000.s121.t000" lemma="神聖" pos="ADJ">神聖</instance>
         <wf lemma="な" pos="X">な</wf>
         <wf lemma="土." pos="X">土.</wf>
      </sentence>
      <sentence id="d000.s122" source="wordnet-japanese">
         <wf lemma="あんな" pos="X">あんな</wf>
         <wf lemma="こと" pos="X">こと</wf>
         <wf lemma="を" pos="X">を</wf>
         <wf lemma="する" pos="X">する</wf>
         <wf lemma="なんて" pos="X">なんて</wf>
         <wf lemma="、" pos="X">、</wf>
         <wf lemma="雄牛" pos="X">雄牛</wf>
         <wf lemma="の" pos="X">の</wf>
         <wf lemma="前" pos="X">前</wf>
         <wf lemma="で" pos="X">で</wf>
         <instance id="d000.s122.t000" lemma="赤旗" pos="NOUN">赤旗</instance>
         <wf lemma="を" pos="X">を</wf>
         <wf lemma="振っ" pos="X">振っ</wf>
         <wf lemma="て" pos="X">て</wf>
         <wf lemma="いる" pos="X">いる</wf>
         <wf lemma="ような" pos="X">ような</wf>
         <wf lemma="もの" pos="X">もの</wf>
         <wf lemma="だ" pos="X">だ</wf>
         <wf lemma="." pos="X">.</wf>
      </sentence>
      <sentence id="d000.s123" source="wordnet-japanese">
         <wf lemma="その" pos="X">その</wf>
         <wf lemma="子供" pos="X">子供</wf>
         <wf lemma="たち" pos="X">たち</wf>
         <wf lemma="は" pos="X">は</wf>
         <wf lemma="都合" pos="X">都合</wf>
         <instance id="d000.s123.t000" lemma="よく" pos="ADV">よく</instance>
         <wf lemma="シアトル" pos="X">シアトル</wf>
         <wf lemma="に" pos="X">に</wf>
         <wf lemma="落ち着い" pos="X">落ち着い</wf>
         <wf lemma="た" pos="X">た</wf>
         <wf lemma="." pos="X">.</wf>
      </sentence>
      <sentence id="d000.s124" source="wordnet-japanese">
         <instance id="d000.s124.t000" lemma="有望" pos="ADJ">有望</instance>
         <wf lemma="な" pos="X">な</wf>
         <wf lemma="若者" pos="X">若者</wf>
         <wf lemma="." pos="X">.</wf>
      </sentence>
      <sentence id="d000.s125" source="wordnet-japanese">
         <wf lemma="再会" pos="X">再会</wf>
         <wf lemma="における" pos="X">における</wf>
         <instance id="d000.s125.t000" lemma="陽気" pos="ADJ">陽気</instance>
         <wf lemma="な" pos="X">な</wf>
         <wf lemma="雰囲気" pos="X">雰囲気</wf>
         <wf lemma="." pos="X">.</wf>
      </sentence>
      <sentence id="d000.s126" source="wordnet-japanese">
         <wf lemma="良い" pos="X">良い</wf>
         <wf lemma="プレーヤー" pos="X">プレーヤー</wf>
         <wf lemma="は" pos="X">は</wf>
         <wf lemma="、" pos="X">、</wf>
         <wf lemma="ボール" pos="X">ボール</wf>
         <wf lemma="を" pos="X">を</wf>
         <wf lemma="直角" pos="X">直角</wf>
         <wf lemma="に" pos="X">に</wf>
         <wf lemma="打つ" pos="X">打つ</wf>
         <wf lemma="ため" pos="X">ため</wf>
         <wf lemma="に" pos="X">に</wf>
         <wf lemma="彼" pos="X">彼</wf>
         <wf lemma="の" pos="X">の</wf>
         <wf lemma="スウィング" pos="X">スウィング</wf>
         <wf lemma="の" pos="X">の</wf>
         <wf lemma="時間" pos="X">時間</wf>
         <wf lemma="を" pos="X">を</wf>
         <instance id="d000.s126.t000" lemma="計る" pos="VERB">計る</instance>
         <wf lemma="." pos="X">.</wf>
      </sentence>
      <sentence id="d000.s127" source="wordnet-japanese">
         <wf lemma="厳しい" pos="X">厳しい</wf>
         <instance id="d000.s127.t000" lemma="面持ち" pos="NOUN">面持ち</instance>
         <wf lemma="." pos="X">.</wf>
      </sentence>
      <sentence id="d000.s128" source="wordnet-japanese">
         <wf lemma="私" pos="X">私</wf>
         <wf lemma="は" pos="X">は</wf>
         <instance id="d000.s128.t000" lemma="健康" pos="ADJ">健康</instance>
         <wf lemma="だ" pos="X">だ</wf>
         <wf lemma="と" pos="X">と</wf>
         <wf lemma="思う" pos="X">思う</wf>
         <wf lemma="；" pos="X">；</wf>
         <wf lemma="少なく" pos="X">少なく</wf>
         <wf lemma="とも" pos="X">とも</wf>
         <wf lemma="気分" pos="X">気分</wf>
         <wf lemma="は" pos="X">は</wf>
         <wf lemma="良い" pos="X">良い</wf>
         <wf lemma="." pos="X">.</wf>
      </sentence>
      <sentence id="d000.s129" source="wordnet-japanese">
         <wf lemma="彼" pos="X">彼</wf>
         <wf lemma="の" pos="X">の</wf>
         <instance id="d000.s129.t000" lemma="熱心" pos="ADJ">熱心</instance>
         <wf lemma="な" pos="X">な</wf>
         <wf lemma="燃え" pos="X">燃え</wf>
         <wf lemma="て" pos="X">て</wf>
         <wf lemma="いる" pos="X">いる</wf>
         <wf lemma="目" pos="X">目</wf>
         <wf lemma="によって" pos="X">によって</wf>
         <wf lemma="おびえる" pos="X">おびえる</wf>
         <wf lemma="." pos="X">.</wf>
      </sentence>
      <sentence id="d000.s130" source="wordnet-japanese">
         <wf lemma="彼" pos="X">彼</wf>
         <wf lemma="は" pos="X">は</wf>
         <wf lemma="、" pos="X">、</wf>
         <wf lemma="瓶" pos="X">瓶</wf>
         <wf lemma="の" pos="X">の</wf>
         <wf lemma="中" pos="X">中</wf>
         <wf lemma="に" pos="X">に</wf>
         <wf lemma="ある" pos="X">ある</wf>
         <wf lemma="豆" pos="X">豆</wf>
         <wf lemma="の" pos="X">の</wf>
         <wf lemma="数" pos="X">数</wf>
         <wf lemma="を" pos="X">を</wf>
         <instance id="d000.s130.t000" lemma="当てる" pos="VERB">当て</instance>
         <wf lemma="、" pos="X">、</wf>
         <wf lemma="賞" pos="X">賞</wf>
         <wf lemma="を" pos="X">を</wf>
         <wf lemma="勝ち取っ" pos="X">勝ち取っ</wf>
         <wf lemma="た" pos="X">た</wf>
         <wf lemma="." pos="X">.</wf>
      </sentence>
      <sentence id="d000.s131" source="wordnet-japanese">
         <instance id="d000.s131.t000" lemma="不吉" pos="ADJ">不吉</instance>
         <wf lemma="な" pos="X">な</wf>
         <wf lemma="雷鳴" pos="X">雷鳴</wf>
         <wf lemma="の" pos="X">の</wf>
         <wf lemma="うような" pos="X">うような</wf>
         <wf lemma="私" pos="X">私</wf>
         <wf lemma="の" pos="X">の</wf>
         <wf lemma="言葉" pos="X">言葉</wf>
         <wf lemma="は" pos="X">は</wf>
         <wf lemma="天に" pos="X">天に</wf>
         <wf lemma="衝撃" pos="X">衝撃</wf>
         <wf lemma="を" pos="X">を</wf>
         <wf lemma="与え" pos="X">与え</wf>
         <wf lemma="た" pos="X">た</wf>
         <wf lemma="−" pos="X">−</wf>
         <wf lemma="P.B" pos="X">P.B</wf>
         <wf lemma="." pos="X">.</wf>
         <wf lemma="シェリー" pos="X">シェリー</wf>
         <wf lemma="." pos="X">.</wf>
      </sentence>
      <sentence id="d000.s132" source="wordnet-japanese">
         <instance id="d000.s132.t000" lemma="高価" pos="ADJ">高価</instance>
         <wf lemma="な" pos="X">な</wf>
         <wf lemma="商品" pos="X">商品</wf>
         <wf lemma="." pos="X">.</wf>
      </sentence>
      <sentence id="d000.s133" source="wordnet-japanese">
         <wf lemma="彼" pos="X">彼</wf>
         <wf lemma="が" pos="X">が</wf>
         <wf lemma="役割" pos="X">役割</wf>
         <wf lemma="と" pos="X">と</wf>
         <wf lemma="し" pos="X">し</wf>
         <wf lemma="て" pos="X">て</wf>
         <wf lemma="名前" pos="X">名前</wf>
         <wf lemma="を" pos="X">を</wf>
         <wf lemma="呼び" pos="X">呼び</wf>
         <wf lemma="、" pos="X">、</wf>
         <wf lemma="各" pos="X">各</wf>
         <wf lemma="学生" pos="X">学生</wf>
         <wf lemma="の" pos="X">の</wf>
         <wf lemma="名前" pos="X">名前</wf>
         <wf lemma="に" pos="X">に</wf>
         <instance id="d000.s133.t000" lemma="チェックマーク" pos="NOUN">チェックマーク</instance>
         <wf lemma="を" pos="X">を</wf>
         <wf lemma="記し" pos="X">記し</wf>
         <wf lemma="た" pos="X">た</wf>
         <wf lemma="." pos="X">.</wf>
      </sentence>
      <sentence id="d000.s134" source="wordnet-japanese">
         <wf lemma="古典的" pos="X">古典的</wf>
         <wf lemma="主題" pos="X">主題</wf>
         <wf lemma="から" pos="X">から</wf>
         <wf lemma="の" pos="X">の</wf>
         <instance id="d000.s134.t000" lemma="借用" pos="NOUN">借用</instance>
         <wf lemma="が" pos="X">が</wf>
         <wf lemma="きわめ" pos="X">きわめ</wf>
         <wf lemma="て" pos="X">て</wf>
         <wf lemma="明白" pos="X">明白</wf>
         <wf lemma="だっ" pos="X">だっ</wf>
         <wf lemma="た" pos="X">た</wf>
         <wf lemma="." pos="X">.</wf>
      </sentence>
      <sentence id="d000.s135" source="wordnet-japanese">
         <wf lemma="1" pos="X">1</wf>
         <wf lemma="家族" pos="X">家族</wf>
         <wf lemma="あたり" pos="X">あたり</wf>
         <wf lemma="子供" pos="X">子供</wf>
         <wf lemma="2" pos="X">2</wf>
         <wf lemma="人" pos="X">人</wf>
         <wf lemma="という" pos="X">という</wf>
         <wf lemma="現在" pos="X">現在</wf>
         <wf lemma="の" pos="X">の</wf>
         <wf lemma="中産" pos="X">中産</wf>
         <wf lemma="階級" pos="X">階級</wf>
         <wf lemma="の" pos="X">の</wf>
         <instance id="d000.s135.t000" lemma="標準" pos="NOUN">標準</instance>
         <wf lemma="." pos="X">.</wf>
      </sentence>
      <sentence id="d000.s136" source="wordnet-japanese">
         <wf lemma="プロジェクト" pos="X">プロジェクト</wf>
         <wf lemma="に" pos="X">に</wf>
         <wf lemma="興味" pos="X">興味</wf>
         <wf lemma="が" pos="X">が</wf>
         <wf lemma="ある" pos="X">ある</wf>
         <wf lemma="人" pos="X">人</wf>
         <wf lemma="を" pos="X">を</wf>
         <wf lemma="全て" pos="X">全て</wf>
         <instance id="d000.s136.t000" lemma="集める" pos="VERB">集め</instance>
         <wf lemma="て" pos="X">て</wf>
         <wf lemma="ください" pos="X">ください</wf>
         <wf lemma="." pos="X">.</wf>
      </sentence>
      <sentence id="d000.s137" source="wordnet-japanese">
         <wf lemma="私" pos="X">私</wf>
         <wf lemma="たち" pos="X">たち</wf>
         <wf lemma="は" pos="X">は</wf>
         <instance id="d000.s137.t000" lemma="遠い" pos="ADJ">遠い</instance>
         <wf lemma="国" pos="X">国</wf>
         <wf lemma="の" pos="X">の</wf>
         <wf lemma="出身" pos="X">出身</wf>
         <wf lemma="である" pos="X">である</wf>
         <wf lemma="." pos="X">.</wf>
      </sentence>
      <sentence id="d000.s138" source="wordnet-japanese">
         <instance id="d000.s138.t000" lemma="ボス" pos="NOUN">ボス</instance>
         <wf lemma="は" pos="X">は</wf>
         <wf lemma="新しい" pos="X">新しい</wf>
         <wf lemma="仕事" pos="X">仕事</wf>
         <wf lemma="の" pos="X">の</wf>
         <wf lemma="ため" pos="X">ため</wf>
         <wf lemma="に" pos="X">に</wf>
         <wf lemma="更に" pos="X">更に</wf>
         <wf lemma="3" pos="X">3</wf>
         <wf lemma="人" pos="X">人</wf>
         <wf lemma="を" pos="X">を</wf>
         <wf lemma="採用" pos="X">採用</wf>
         <wf lemma="し" pos="X">し</wf>
         <wf lemma="た" pos="X">た</wf>
         <wf lemma="." pos="X">.</wf>
      </sentence>
      <sentence id="d000.s139" source="wordnet-japanese">
         <wf lemma="彼" pos="X">彼</wf>
         <wf lemma="の" pos="X">の</wf>
         <instance id="d000.s139.t000" lemma="指名" pos="NOUN">指名</instance>
         <wf lemma="は" pos="X">は</wf>
         <wf lemma="激しく" pos="X">激しく</wf>
         <wf lemma="抗議" pos="X">抗議</wf>
         <wf lemma="さ" pos="X">さ</wf>
         <wf lemma="れ" pos="X">れ</wf>
         <wf lemma="た" pos="X">た</wf>
         <wf lemma="." pos="X">.</wf>
      </sentence>
      <sentence id="d000.s140" source="wordnet-japanese">
         <wf lemma="この" pos="X">この</wf>
         <wf lemma="辺" pos="X">辺</wf>
         <wf lemma="の" pos="X">の</wf>
         <instance id="d000.s140.t000" lemma="人々" pos="NOUN">人々</instance>
         <wf lemma="は" pos="X">は</wf>
         <wf lemma="密造酒" pos="X">密造酒</wf>
         <wf lemma="を" pos="X">を</wf>
         <wf lemma="飲む" pos="X">飲む</wf>
         <wf lemma="." pos="X">.</wf>
      </sentence>
      <sentence id="d000.s141" source="wordnet-japanese">
         <wf lemma="彼" pos="X">彼</wf>
         <wf lemma="は" pos="X">は</wf>
         <instance id="d000.s141.t000" lemma="真相" pos="NOUN">真相</instance>
         <wf lemma="を" pos="X">を</wf>
         <wf lemma="知ら" pos="X">知ら</wf>
         <wf lemma="なかっ" pos="X">なかっ</wf>
         <wf lemma="た" pos="X">た</wf>
         <wf lemma="." pos="X">.</wf>
      </sentence>
      <sentence id="d000.s142" source="wordnet-japanese">
         <wf lemma="彼" pos="X">彼</wf>
         <wf lemma="は" pos="X">は</wf>
         <wf lemma="高価" pos="X">高価</wf>
         <wf lemma="な" pos="X">な</wf>
         <instance id="d000.s142.t000" lemma="証券" pos="NOUN">証券</instance>
         <wf lemma="の" pos="X">の</wf>
         <wf lemma="いくつか" pos="X">いくつか</wf>
         <wf lemma="を" pos="X">を</wf>
         <wf lemma="保有" pos="X">保有</wf>
         <wf lemma="し" pos="X">し</wf>
         <wf lemma="て" pos="X">て</wf>
         <wf lemma="い" pos="X">い</wf>
         <wf lemma="た" pos="X">た</wf>
         <wf lemma="." pos="X">.</wf>
      </sentence>
      <sentence id="d000.s143" source="wordnet-japanese">
         <instance id="d000.s143.t000" lemma="理想的" pos="ADV">理想的</instance>
         <wf lemma="に" pos="X">に</wf>
         <wf lemma="は" pos="X">は</wf>
         <wf lemma="、" pos="X">、</wf>
         <wf lemma="これ" pos="X">これ</wf>
         <wf lemma="は" pos="X">は</wf>
         <wf lemma="すべて" pos="X">すべて</wf>
         <wf lemma="の" pos="X">の</wf>
         <wf lemma="問題" pos="X">問題</wf>
         <wf lemma="を" pos="X">を</wf>
         <wf lemma="解消" pos="X">解消</wf>
         <wf lemma="する" pos="X">する</wf>
         <wf lemma="だろ" pos="X">だろ</wf>
         <wf lemma="う" pos="X">う</wf>
         <wf lemma="." pos="X">.</wf>
      </sentence>
      <sentence id="d000.s144" source="wordnet-japanese">
         <wf lemma="要点" pos="X">要点</wf>
         <wf lemma="の" pos="X">の</wf>
         <instance id="d000.s144.t000" lemma="標準化" pos="NOUN">標準化</instance>
         <wf lemma="は" pos="X">は</wf>
         <wf lemma="、" pos="X">、</wf>
         <wf lemma="工業" pos="X">工業</wf>
         <wf lemma="にとって" pos="X">にとって</wf>
         <wf lemma="何" pos="X">何</wf>
         <wf lemma="百万" pos="X">百万</wf>
         <wf lemma="ドル" pos="X">ドル</wf>
         <wf lemma="の" pos="X">の</wf>
         <wf lemma="節約" pos="X">節約</wf>
         <wf lemma="に" pos="X">に</wf>
         <wf lemma="なっ" pos="X">なっ</wf>
         <wf lemma="た" pos="X">た</wf>
         <wf lemma="." pos="X">.</wf>
      </sentence>
      <sentence id="d000.s145" source="wordnet-japanese">
         <wf lemma="彼ら" pos="X">彼ら</wf>
         <wf lemma="は" pos="X">は</wf>
         <instance id="d000.s145.t000" lemma="市場" pos="NOUN">市場</instance>
         <wf lemma="から" pos="X">から</wf>
         <wf lemma="追い出さ" pos="X">追い出さ</wf>
         <wf lemma="れ" pos="X">れ</wf>
         <wf lemma="た" pos="X">た</wf>
         <wf lemma="." pos="X">.</wf>
      </sentence>
      <sentence id="d000.s146" source="wordnet-japanese">
         <wf lemma="最も" pos="X">最も</wf>
         <instance id="d000.s146.t000" lemma="近く" pos="ADV">近く</instance>
         <wf lemma="関係" pos="X">関係</wf>
         <wf lemma="する" pos="X">する</wf>
         <wf lemma="人" pos="X">人</wf>
         <wf lemma="." pos="X">.</wf>
      </sentence>
      <sentence id="d000.s147" source="wordnet-japanese">
         <wf lemma="彼" pos="X">彼</wf>
         <wf lemma="の" pos="X">の</wf>
         <wf lemma="幾分" pos="X">幾分</wf>
         <instance id="d000.s147.t000" lemma="不安定" pos="ADJ">不安定</instance>
         <wf lemma="な" pos="X">な</wf>
         <wf lemma="宗教" pos="X">宗教</wf>
         <wf lemma="信念" pos="X">信念</wf>
         <wf lemma="." pos="X">.</wf>
      </sentence>
      <sentence id="d000.s148" source="wordnet-japanese">
         <wf lemma="立方体" pos="X">立方体</wf>
         <wf lemma="の" pos="X">の</wf>
         <instance id="d000.s148.t000" lemma="角" pos="NOUN">角</instance>
         <wf lemma="." pos="X">.</wf>
      </sentence>
      <sentence id="d000.s149" source="wordnet-japanese">
         <wf lemma="彼" pos="X">彼</wf>
         <wf lemma="の" pos="X">の</wf>
         <wf lemma="最初" pos="X">最初</wf>
         <wf lemma="の" pos="X">の</wf>
         <instance id="d000.s149.t000" lemma="衝動" pos="NOUN">衝動</instance>
         <wf lemma="は" pos="X">は</wf>
         <wf lemma="彼ら" pos="X">彼ら</wf>
         <wf lemma="を" pos="X">を</wf>
         <wf lemma="糾弾" pos="X">糾弾</wf>
         <wf lemma="する" pos="X">する</wf>
         <wf lemma="こと" pos="X">こと</wf>
         <wf lemma="だっ" pos="X">だっ</wf>
         <wf lemma="た" pos="X">た</wf>
         <wf lemma="." pos="X">.</wf>
      </sentence>
      <sentence id="d000.s150" source="wordnet-japanese">
         <wf lemma="戦い" pos="X">戦い</wf>
         <wf lemma="の" pos="X">の</wf>
         <instance id="d000.s150.t000" lemma="衝撃" pos="NOUN">衝撃</instance>
         <wf lemma="に" pos="X">に</wf>
         <wf lemma="会っ" pos="X">会っ</wf>
         <wf lemma="た" pos="X">た</wf>
         <wf lemma="軍隊" pos="X">軍隊</wf>
         <wf lemma="." pos="X">.</wf>
      </sentence>
      <sentence id="d000.s151" source="wordnet-japanese">
         <wf lemma="良い" pos="X">良い</wf>
         <wf lemma="写真" pos="X">写真</wf>
         <wf lemma="を" pos="X">を</wf>
         <wf lemma="とる" pos="X">とる</wf>
         <wf lemma="に" pos="X">に</wf>
         <wf lemma="は" pos="X">は</wf>
         <wf lemma="あまり" pos="X">あまり</wf>
         <wf lemma="に" pos="X">に</wf>
         <wf lemma="も" pos="X">も</wf>
         <instance id="d000.s151.t000" lemma="影" pos="NOUN">影</instance>
         <wf lemma="が" pos="X">が</wf>
         <wf lemma="強すぎる" pos="X">強すぎる</wf>
         <wf lemma="." pos="X">.</wf>
      </sentence>
      <sentence id="d000.s152" source="wordnet-japanese">
         <wf lemma="彼ら" pos="X">彼ら</wf>
         <wf lemma="の" pos="X">の</wf>
         <wf lemma="異なっ" pos="X">異なっ</wf>
         <wf lemma="た" pos="X">た</wf>
         <wf lemma="反応" pos="X">反応</wf>
         <wf lemma="は" pos="X">は</wf>
         <wf lemma="、" pos="X">、</wf>
         <wf lemma="彼ら" pos="X">彼ら</wf>
         <wf lemma="の" pos="X">の</wf>
         <wf lemma="非常" pos="X">非常</wf>
         <wf lemma="に" pos="X">に</wf>
         <wf lemma="異る" pos="X">異る</wf>
         <instance id="d000.s152.t000" lemma="個性" pos="NOUN">個性</instance>
         <wf lemma="を" pos="X">を</wf>
         <wf lemma="反映" pos="X">反映</wf>
         <wf lemma="し" pos="X">し</wf>
         <wf lemma="た" pos="X">た</wf>
         <wf lemma="." pos="X">.</wf>
      </sentence>
      <sentence id="d000.s153" source="wordnet-japanese">
         <wf lemma="彼" pos="X">彼</wf>
         <wf lemma="の" pos="X">の</wf>
         <instance id="d000.s153.t000" lemma="筆跡" pos="NOUN">筆跡</instance>
         <wf lemma="は" pos="X">は</wf>
         <wf lemma="読み" pos="X">読み</wf>
         <wf lemma="にくい" pos="X">にくい</wf>
         <wf lemma="." pos="X">.</wf>
      </sentence>
      <sentence id="d000.s154" source="wordnet-japanese">
         <wf lemma="景気" pos="X">景気</wf>
         <wf lemma="後退" pos="X">後退</wf>
         <wf lemma="の" pos="X">の</wf>
         <instance id="d000.s154.t000" lemma="ピンチ" pos="NOUN">ピンチ</instance>
         <wf lemma="." pos="X">.</wf>
      </sentence>
      <sentence id="d000.s155" source="wordnet-japanese">
         <instance id="d000.s155.t000" lemma="無関係" pos="ADJ">無関係</instance>
         <wf lemma="な" pos="X">な</wf>
         <wf lemma="申し立て" pos="X">申し立て</wf>
         <wf lemma="." pos="X">.</wf>
      </sentence>
      <sentence id="d000.s156" source="wordnet-japanese">
         <wf lemma="道路" pos="X">道路</wf>
         <wf lemma="の" pos="X">の</wf>
         <wf lemma="最後" pos="X">最後</wf>
         <wf lemma="の" pos="X">の</wf>
         <instance id="d000.s156.t000" lemma="部分" pos="NOUN">部分</instance>
         <wf lemma="が" pos="X">が</wf>
         <wf lemma="仕上がっ" pos="X">仕上がっ</wf>
         <wf lemma="た" pos="X">た</wf>
         <wf lemma="." pos="X">.</wf>
      </sentence>
      <sentence id="d000.s157" source="wordnet-japanese">
         <wf lemma="彼" pos="X">彼</wf>
         <wf lemma="は" pos="X">は</wf>
         <wf lemma="何か" pos="X">何か</wf>
         <wf lemma="月" pos="X">月</wf>
         <wf lemma="も" pos="X">も</wf>
         <instance id="d000.s157.t000" lemma="セックス" pos="NOUN">セックス</instance>
         <wf lemma="を" pos="X">を</wf>
         <wf lemma="し" pos="X">し</wf>
         <wf lemma="て" pos="X">て</wf>
         <wf lemma="い" pos="X">い</wf>
         <wf lemma="なかっ" pos="X">なかっ</wf>
         <wf lemma="た" pos="X">た</wf>
         <wf lemma="." pos="X">.</wf>
      </sentence>
      <sentence id="d000.s158" source="wordnet-japanese">
         <wf lemma="非常" pos="X">非常</wf>
         <wf lemma="に" pos="X">に</wf>
         <instance id="d000.s158.t000" lemma="忙しい" pos="ADJ">忙しい</instance>
         <wf lemma="週." pos="X">週.</wf>
      </sentence>
      <sentence id="d000.s159" source="wordnet-japanese">
         <wf lemma="私" pos="X">私</wf>
         <wf lemma="は" pos="X">は</wf>
         <wf lemma="コンサート" pos="X">コンサート</wf>
         <wf lemma="を" pos="X">を</wf>
         <instance id="d000.s159.t000" lemma="逃す" pos="VERB">逃し</instance>
         <wf lemma="た" pos="X">た</wf>
         <wf lemma="." pos="X">.</wf>
      </sentence>
      <sentence id="d000.s160" source="wordnet-japanese">
         <wf lemma="それら" pos="X">それら</wf>
         <wf lemma="は" pos="X">は</wf>
         <wf lemma="同じ物" pos="X">同じ物</wf>
         <wf lemma="を" pos="X">を</wf>
         <wf lemma="表す" pos="X">表す</wf>
         <wf lemma="2" pos="X">2</wf>
         <wf lemma="つ" pos="X">つ</wf>
         <wf lemma="の" pos="X">の</wf>
         <instance id="d000.s160.t000" lemma="名前" pos="NOUN">名前</instance>
         <wf lemma="である" pos="X">である</wf>
         <wf lemma="." pos="X">.</wf>
      </sentence>
      <sentence id="d000.s161" source="wordnet-japanese">
         <wf lemma="その" pos="X">その</wf>
         <wf lemma="犬" pos="X">犬</wf>
         <wf lemma="は" pos="X">は</wf>
         <instance id="d000.s161.t000" lemma="驚異的" pos="ADJ">驚異的</instance>
         <wf lemma="な" pos="X">な</wf>
         <wf lemma="芸" pos="X">芸</wf>
         <wf lemma="が" pos="X">が</wf>
         <wf lemma="でき" pos="X">でき</wf>
         <wf lemma="た" pos="X">た</wf>
         <wf lemma="." pos="X">.</wf>
      </sentence>
      <sentence id="d000.s162" source="wordnet-japanese">
         <instance id="d000.s162.t000" lemma="正確" pos="ADJ">正確</instance>
         <wf lemma="な" pos="X">な</wf>
         <wf lemma="スケール" pos="X">スケール</wf>
         <wf lemma="." pos="X">.</wf>
      </sentence>
      <sentence id="d000.s163" source="wordnet-japanese">
         <wf lemma="彼" pos="X">彼</wf>
         <wf lemma="が" pos="X">が</wf>
         <wf lemma="無実" pos="X">無実</wf>
         <wf lemma="だっ" pos="X">だっ</wf>
         <wf lemma="た" pos="X">た</wf>
         <wf lemma="という" pos="X">という</wf>
         <wf lemma="彼" pos="X">彼</wf>
         <wf lemma="の" pos="X">の</wf>
         <instance id="d000.s163.t000" lemma="主張" pos="NOUN">主張</instance>
         <wf lemma="." pos="X">.</wf>
      </sentence>
      <sentence id="d000.s164" source="wordnet-japanese">
         <wf lemma="DNA" pos="X">DNA</wf>
         <wf lemma="は" pos="X">は</wf>
         <wf lemma="私" pos="X">私</wf>
         <wf lemma="たち" pos="X">たち</wf>
         <wf lemma="の" pos="X">の</wf>
         <wf lemma="遺伝子" pos="X">遺伝子</wf>
         <wf lemma="の" pos="X">の</wf>
         <instance id="d000.s164.t000" lemma="物質" pos="NOUN">物質</instance>
         <wf lemma="である" pos="X">である</wf>
         <wf lemma="." pos="X">.</wf>
      </sentence>
      <sentence id="d000.s165" source="wordnet-japanese">
         <wf lemma="厚い" pos="X">厚い</wf>
         <wf lemma="カーテン" pos="X">カーテン</wf>
         <wf lemma="は" pos="X">は</wf>
         <wf lemma="、" pos="X">、</wf>
         <wf lemma="ステージ" pos="X">ステージ</wf>
         <wf lemma="の" pos="X">の</wf>
         <wf lemma="動作" pos="X">動作</wf>
         <wf lemma="を" pos="X">を</wf>
         <instance id="d000.s165.t000" lemma="妨げる" pos="VERB">妨げ</instance>
         <wf lemma="た" pos="X">た</wf>
         <wf lemma="." pos="X">.</wf>
      </sentence>
      <sentence id="d000.s166" source="wordnet-japanese">
         <wf lemma="彼女" pos="X">彼女</wf>
         <wf lemma="は" pos="X">は</wf>
         <instance id="d000.s166.t000" lemma="確か" pos="ADV">確か</instance>
         <wf lemma="に" pos="X">に</wf>
         <wf lemma="働き者" pos="X">働き者</wf>
         <wf lemma="である" pos="X">である</wf>
         <wf lemma="." pos="X">.</wf>
      </sentence>
      <sentence id="d000.s167" source="wordnet-japanese">
         <wf lemma="共同体" pos="X">共同体</wf>
         <wf lemma="の" pos="X">の</wf>
         <instance id="d000.s167.t000" lemma="立派" pos="ADJ">立派</instance>
         <wf lemma="な" pos="X">な</wf>
         <wf lemma="一員" pos="X">一員</wf>
         <wf lemma="." pos="X">.</wf>
      </sentence>
      <sentence id="d000.s168" source="wordnet-japanese">
         <wf lemma="彼女" pos="X">彼女</wf>
         <wf lemma="が" pos="X">が</wf>
         <instance id="d000.s168.t000" lemma="買い物" pos="NOUN">買い物</instance>
         <wf lemma="を" pos="X">を</wf>
         <wf lemma="車" pos="X">車</wf>
         <wf lemma="に" pos="X">に</wf>
         <wf lemma="積み込ん" pos="X">積み込ん</wf>
         <wf lemma="で" pos="X">で</wf>
         <wf lemma="い" pos="X">い</wf>
         <wf lemma="た" pos="X">た</wf>
         <wf lemma="." pos="X">.</wf>
      </sentence>
      <sentence id="d000.s169" source="wordnet-japanese">
         <wf lemma="彼" pos="X">彼</wf>
         <wf lemma="は" pos="X">は</wf>
         <wf lemma="子供" pos="X">子供</wf>
         <wf lemma="の" pos="X">の</wf>
         <wf lemma="骨" pos="X">骨</wf>
         <wf lemma="の" pos="X">の</wf>
         <instance id="d000.s169.t000" lemma="成長" pos="NOUN">成長</instance>
         <wf lemma="の" pos="X">の</wf>
         <wf lemma="指標" pos="X">指標</wf>
         <wf lemma="を" pos="X">を</wf>
         <wf lemma="提案" pos="X">提案</wf>
         <wf lemma="し" pos="X">し</wf>
         <wf lemma="た" pos="X">た</wf>
         <wf lemma="." pos="X">.</wf>
      </sentence>
      <sentence id="d000.s170" source="wordnet-japanese">
         <wf lemma="最速" pos="X">最速</wf>
         <wf lemma="の" pos="X">の</wf>
         <wf lemma="レール" pos="X">レール</wf>
         <wf lemma="は" pos="X">は</wf>
         <wf lemma="、" pos="X">、</wf>
         <wf lemma="ちょうど" pos="X">ちょうど</wf>
         <wf lemma="2" pos="X">2</wf>
         <wf lemma="時間" pos="X">時間</wf>
         <wf lemma="以上" pos="X">以上</wf>
         <wf lemma="で" pos="X">で</wf>
         <wf lemma="人種" pos="X">人種</wf>
         <wf lemma="を" pos="X">を</wf>
         <instance id="d000.s170.t000" lemma="終える" pos="VERB">終え</instance>
         <wf lemma="まし" pos="X">まし</wf>
         <wf lemma="た" pos="X">た</wf>
         <wf lemma="；" pos="X">；</wf>
         <wf lemma="4" pos="X">4</wf>
         <wf lemma="時間" pos="X">時間</wf>
         <wf lemma="以上" pos="X">以上</wf>
         <wf lemma="で" pos="X">で</wf>
         <wf lemma="終え" pos="X">終え</wf>
         <wf lemma="られる" pos="X">られる</wf>
         <wf lemma="他" pos="X">他</wf>
         <wf lemma="." pos="X">.</wf>
      </sentence>
      <sentence id="d000.s171" source="wordnet-japanese">
         <wf lemma="彼" pos="X">彼</wf>
         <wf lemma="は" pos="X">は</wf>
         <wf lemma="続ける" pos="X">続ける</wf>
         <wf lemma="前" pos="X">前</wf>
         <wf lemma="に" pos="X">に</wf>
         <wf lemma="、" pos="X">、</wf>
         <instance id="d000.s171.t000" lemma="仲間" pos="NOUN">仲間</instance>
         <wf lemma="に" pos="X">に</wf>
         <wf lemma="相談" pos="X">相談</wf>
         <wf lemma="し" pos="X">し</wf>
         <wf lemma="なければ" pos="X">なければ</wf>
         <wf lemma="なら" pos="X">なら</wf>
         <wf lemma="なかっ" pos="X">なかっ</wf>
         <wf lemma="た" pos="X">た</wf>
         <wf lemma="." pos="X">.</wf>
      </sentence>
      <sentence id="d000.s172" source="wordnet-japanese">
         <wf lemma="鋼" pos="X">鋼</wf>
         <wf lemma="を" pos="X">を</wf>
         <instance id="d000.s172.t000" lemma="鍛える" pos="VERB">鍛える</instance>
         <wf lemma="." pos="X">.</wf>
      </sentence>
      <sentence id="d000.s173" source="wordnet-japanese">
         <wf lemma="彼" pos="X">彼</wf>
         <wf lemma="は" pos="X">は</wf>
         <wf lemma="余り" pos="X">余り</wf>
         <wf lemma="に" pos="X">に</wf>
         <wf lemma="も" pos="X">も</wf>
         <wf lemma="多く" pos="X">多く</wf>
         <wf lemma="の" pos="X">の</wf>
         <instance id="d000.s173.t000" lemma="リハーサル" pos="NOUN">リハーサル</instance>
         <wf lemma="を" pos="X">を</wf>
         <wf lemma="逃し" pos="X">逃し</wf>
         <wf lemma="た" pos="X">た</wf>
         <wf lemma="." pos="X">.</wf>
      </sentence>
      <sentence id="d000.s174" source="wordnet-japanese">
         <wf lemma="彼" pos="X">彼</wf>
         <wf lemma="の" pos="X">の</wf>
         <wf lemma="60" pos="X">60</wf>
         <wf lemma="回" pos="X">回</wf>
         <wf lemma="目" pos="X">目</wf>
         <wf lemma="の" pos="X">の</wf>
         <wf lemma="誕生日" pos="X">誕生日</wf>
         <wf lemma="の" pos="X">の</wf>
         <instance id="d000.s174.t000" lemma="時" pos="NOUN">時</instance>
         <wf lemma="に" pos="X">に</wf>
         <wf lemma="." pos="X">.</wf>
      </sentence>
      <sentence id="d000.s175" source="wordnet-japanese">
         <wf lemma="彼" pos="X">彼</wf>
         <wf lemma="は" pos="X">は</wf>
         <wf lemma="、" pos="X">、</wf>
         <wf lemma="1" pos="X">1</wf>
         <wf lemma="を" pos="X">を</wf>
         <wf lemma="選ぶ" pos="X">選ぶ</wf>
         <wf lemma="前" pos="X">前</wf>
         <wf lemma="に" pos="X">に</wf>
         <wf lemma="、" pos="X">、</wf>
         <wf lemma="いくつか" pos="X">いくつか</wf>
         <wf lemma="の" pos="X">の</wf>
         <instance id="d000.s175.t000" lemma="変化" pos="NOUN">変化</instance>
         <wf lemma="を" pos="X">を</wf>
         <wf lemma="調べ" pos="X">調べ</wf>
         <wf lemma="た" pos="X">た</wf>
         <wf lemma="." pos="X">.</wf>
      </sentence>
      <sentence id="d000.s176" source="wordnet-japanese">
         <wf lemma="1" pos="X">1</wf>
         <wf lemma="分" pos="X">分</wf>
         <wf lemma="以内" pos="X">以内</wf>
         <wf lemma="しか" pos="X">しか</wf>
         <wf lemma="残っ" pos="X">残っ</wf>
         <wf lemma="て" pos="X">て</wf>
         <wf lemma="い" pos="X">い</wf>
         <wf lemma="ない" pos="X">ない</wf>
         <wf lemma="ゲーム" pos="X">ゲーム</wf>
         <wf lemma="で" pos="X">で</wf>
         <wf lemma="勝利" pos="X">勝利</wf>
         <wf lemma="の" pos="X">の</wf>
         <instance id="d000.s176.t000" lemma="ゴール" pos="NOUN">ゴール</instance>
         <wf lemma="を" pos="X">を</wf>
         <wf lemma="あげる" pos="X">あげる</wf>
         <wf lemma="." pos="X">.</wf>
      </sentence>
      <sentence id="d000.s177" source="wordnet-japanese">
         <wf lemma="10" pos="X">10</wf>
         <wf lemma="番" pos="X">番</wf>
         <wf lemma="目" pos="X">目</wf>
         <wf lemma="の" pos="X">の</wf>
         <wf lemma="フレーム" pos="X">フレーム</wf>
         <wf lemma="に" pos="X">に</wf>
         <instance id="d000.s177.t000" lemma="スプリット" pos="NOUN">スプリット</instance>
         <wf lemma="に" pos="X">に</wf>
         <wf lemma="なる" pos="X">なる</wf>
         <wf lemma="まで" pos="X">まで</wf>
         <wf lemma="彼" pos="X">彼</wf>
         <wf lemma="は" pos="X">は</wf>
         <wf lemma="勝ち" pos="X">勝ち</wf>
         <wf lemma="続け" pos="X">続け</wf>
         <wf lemma="た" pos="X">た</wf>
         <wf lemma="." pos="X">.</wf>
      </sentence>
      <sentence id="d000.s178" source="wordnet-japanese">
         <wf lemma="そこ" pos="X">そこ</wf>
         <wf lemma="に" pos="X">に</wf>
         <wf lemma="は" pos="X">は</wf>
         <wf lemma="どんな" pos="X">どんな</wf>
         <instance id="d000.s178.t000" lemma="種類" pos="NOUN">種類</instance>
         <wf lemma="の" pos="X">の</wf>
         <wf lemma="デザート" pos="X">デザート</wf>
         <wf lemma="が" pos="X">が</wf>
         <wf lemma="あり" pos="X">あり</wf>
         <wf lemma="ます" pos="X">ます</wf>
         <wf lemma="か" pos="X">か</wf>
         <wf lemma="？" pos="X">？</wf>
         <wf lemma="." pos="X">.</wf>
      </sentence>
      <sentence id="d000.s179" source="wordnet-japanese">
         <wf lemma="彼" pos="X">彼</wf>
         <wf lemma="は" pos="X">は</wf>
         <wf lemma="サンダル" pos="X">サンダル</wf>
         <wf lemma="の" pos="X">の</wf>
         <instance id="d000.s179.t000" lemma="バリエーション" pos="NOUN">バリエーション</instance>
         <wf lemma="の" pos="X">の</wf>
         <wf lemma="特許" pos="X">特許</wf>
         <wf lemma="を" pos="X">を</wf>
         <wf lemma="取得" pos="X">取得</wf>
         <wf lemma="し" pos="X">し</wf>
         <wf lemma="た" pos="X">た</wf>
         <wf lemma="." pos="X">.</wf>
      </sentence>
      <sentence id="d000.s180" source="wordnet-japanese">
         <wf lemma="彼女" pos="X">彼女</wf>
         <wf lemma="の" pos="X">の</wf>
         <wf lemma="ドレス" pos="X">ドレス</wf>
         <wf lemma="は" pos="X">は</wf>
         <instance id="d000.s180.t000" lemma="どぎつい" pos="ADJ">どぎつい</instance>
         <wf lemma="赤" pos="X">赤</wf>
         <wf lemma="であっ" pos="X">であっ</wf>
         <wf lemma="た" pos="X">た</wf>
         <wf lemma="." pos="X">.</wf>
      </sentence>
      <sentence id="d000.s181" source="wordnet-japanese">
         <wf lemma="広告" pos="X">広告</wf>
         <wf lemma="は" pos="X">は</wf>
         <wf lemma="、" pos="X">、</wf>
         <wf lemma="多く" pos="X">多く</wf>
         <wf lemma="の" pos="X">の</wf>
         <wf lemma="見込み" pos="X">見込み</wf>
         <wf lemma="客" pos="X">客</wf>
         <wf lemma="を" pos="X">を</wf>
         <instance id="d000.s181.t000" lemma="引きつける" pos="VERB">引きつけ</instance>
         <wf lemma="た" pos="X">た</wf>
         <wf lemma="." pos="X">.</wf>
      </sentence>
      <sentence id="d000.s182" source="wordnet-japanese">
         <instance id="d000.s182.t000" lemma="恨み" pos="NOUN">恨み</instance>
         <wf lemma="を" pos="X">を</wf>
         <wf lemma="抱く" pos="X">抱く</wf>
         <wf lemma="こと" pos="X">こと</wf>
         <wf lemma="." pos="X">.</wf>
      </sentence>
      <sentence id="d000.s183" source="wordnet-japanese">
         <instance id="d000.s183.t000" lemma="合併" pos="NOUN">合併</instance>
         <wf lemma="後" pos="X">後</wf>
         <wf lemma="、" pos="X">、</wf>
         <wf lemma="2" pos="X">2</wf>
         <wf lemma="つ" pos="X">つ</wf>
         <wf lemma="の" pos="X">の</wf>
         <wf lemma="法案" pos="X">法案</wf>
         <wf lemma="は" pos="X">は</wf>
         <wf lemma="満場" pos="X">満場</wf>
         <wf lemma="一致" pos="X">一致</wf>
         <wf lemma="で" pos="X">で</wf>
         <wf lemma="可決" pos="X">可決</wf>
         <wf lemma="さ" pos="X">さ</wf>
         <wf lemma="れ" pos="X">れ</wf>
         <wf lemma="た" pos="X">た</wf>
         <wf lemma="." pos="X">.</wf>
      </sentence>
      <sentence id="d000.s184" source="wordnet-japanese">
         <instance id="d000.s184.t000" lemma="無表情" pos="ADJ">無表情</instance>
         <wf lemma="の" pos="X">の</wf>
         <wf lemma="ユーモア" pos="X">ユーモア</wf>
         <wf lemma="." pos="X">.</wf>
      </sentence>
      <sentence id="d000.s185" source="wordnet-japanese">
         <wf lemma="田舎" pos="X">田舎</wf>
         <wf lemma="生活" pos="X">生活</wf>
         <wf lemma="の" pos="X">の</wf>
         <instance id="d000.s185.t000" lemma="理想化" pos="NOUN">理想化</instance>
         <wf lemma="は" pos="X">は</wf>
         <wf lemma="大きな" pos="X">大きな</wf>
         <wf lemma="間違い" pos="X">間違い</wf>
         <wf lemma="起こす" pos="X">起こす</wf>
         <wf lemma="." pos="X">.</wf>
      </sentence>
      <sentence id="d000.s186" source="wordnet-japanese">
         <instance id="d000.s186.t000" lemma="違法" pos="ADJ">違法</instance>
         <wf lemma="な" pos="X">な</wf>
         <wf lemma="権力" pos="X">権力</wf>
         <wf lemma="奪取" pos="X">奪取</wf>
         <wf lemma="." pos="X">.</wf>
      </sentence>
      <sentence id="d000.s187" source="wordnet-japanese">
         <wf lemma="我々" pos="X">我々</wf>
         <wf lemma="の" pos="X">の</wf>
         <wf lemma="大使" pos="X">大使</wf>
         <wf lemma="の" pos="X">の</wf>
         <instance id="d000.s187.t000" lemma="召還" pos="NOUN">召還</instance>
         <wf lemma="." pos="X">.</wf>
      </sentence>
      <sentence id="d000.s188" source="wordnet-japanese">
         <wf lemma="彼" pos="X">彼</wf>
         <wf lemma="は" pos="X">は</wf>
         <wf lemma="10" pos="X">10</wf>
         <wf lemma="番" pos="X">番</wf>
         <wf lemma="目" pos="X">目</wf>
         <wf lemma="の" pos="X">の</wf>
         <wf lemma="フレーム" pos="X">フレーム</wf>
         <wf lemma="で" pos="X">で</wf>
         <wf lemma="合計" pos="X">合計</wf>
         <wf lemma="3" pos="X">3</wf>
         <wf lemma="つ" pos="X">つ</wf>
         <wf lemma="の" pos="X">の</wf>
         <instance id="d000.s188.t000" lemma="ストライク" pos="NOUN">ストライク</instance>
         <wf lemma="を" pos="X">を</wf>
         <wf lemma="出し" pos="X">出し</wf>
         <wf lemma="た" pos="X">た</wf>
         <wf lemma="." pos="X">.</wf>
      </sentence>
      <sentence id="d000.s189" source="wordnet-japanese">
         <wf lemma="この" pos="X">この</wf>
         <instance id="d000.s189.t000" lemma="物事" pos="NOUN">物事</instance>
         <wf lemma="は" pos="X">は</wf>
         <wf lemma="終わら" pos="X">終わら</wf>
         <wf lemma="なければ" pos="X">なければ</wf>
         <wf lemma="なら" pos="X">なら</wf>
         <wf lemma="ない" pos="X">ない</wf>
         <wf lemma="." pos="X">.</wf>
      </sentence>
      <sentence id="d000.s190" source="wordnet-japanese">
         <instance id="d000.s190.t000" lemma="継続的" pos="ADJ">継続的</instance>
         <wf lemma="な" pos="X">な</wf>
         <wf lemma="恐怖" pos="X">恐怖</wf>
         <wf lemma="で" pos="X">で</wf>
         <wf lemma="生活" pos="X">生活</wf>
         <wf lemma="する" pos="X">する</wf>
         <wf lemma="." pos="X">.</wf>
      </sentence>
      <sentence id="d000.s191" source="wordnet-japanese">
         <wf lemma="水" pos="X">水</wf>
         <wf lemma="と" pos="X">と</wf>
         <wf lemma="燃料" pos="X">燃料</wf>
         <wf lemma="と" pos="X">と</wf>
         <wf lemma="飼料" pos="X">飼料</wf>
         <wf lemma="という" pos="X">という</wf>
         <instance id="d000.s191.t000" lemma="必需品" pos="NOUN">必需品</instance>
         <wf lemma="を" pos="X">を</wf>
         <wf lemma="手に入れる" pos="X">手に入れる</wf>
         <wf lemma="こと" pos="X">こと</wf>
         <wf lemma="が" pos="X">が</wf>
         <wf lemma="できる" pos="X">できる</wf>
         <wf lemma="場所" pos="X">場所</wf>
         <wf lemma="." pos="X">.</wf>
      </sentence>
      <sentence id="d000.s192" source="wordnet-japanese">
         <wf lemma="クイーン" pos="X">クイーン</wf>
         <wf lemma="を" pos="X">を</wf>
         <instance id="d000.s192.t000" lemma="交換" pos="NOUN">交換</instance>
         <wf lemma="し" pos="X">し</wf>
         <wf lemma="た" pos="X">た</wf>
         <wf lemma="後" pos="X">後</wf>
         <wf lemma="、" pos="X">、</wf>
         <wf lemma="チェス" pos="X">チェス</wf>
         <wf lemma="の" pos="X">の</wf>
         <wf lemma="終盤" pos="X">終盤</wf>
         <wf lemma="が" pos="X">が</wf>
         <wf lemma="始まっ" pos="X">始まっ</wf>
         <wf lemma="た" pos="X">た</wf>
         <wf lemma="." pos="X">.</wf>
      </sentence>
      <sentence id="d000.s193" source="wordnet-japanese">
         <wf lemma="それ" pos="X">それ</wf>
         <wf lemma="が" pos="X">が</wf>
         <wf lemma="微積分学" pos="X">微積分学</wf>
         <wf lemma="を" pos="X">を</wf>
         <wf lemma="含ん" pos="X">含ん</wf>
         <wf lemma="で" pos="X">で</wf>
         <wf lemma="いる" pos="X">いる</wf>
         <wf lemma="ため" pos="X">ため</wf>
         <wf lemma="、" pos="X">、</wf>
         <wf lemma="我々" pos="X">我々</wf>
         <wf lemma="は" pos="X">は</wf>
         <wf lemma="項" pos="X">項</wf>
         <wf lemma="の" pos="X">の</wf>
         <instance id="d000.s193.t000" lemma="終わり" pos="NOUN">終わり</instance>
         <wf lemma="に" pos="X">に</wf>
         <wf lemma="それ" pos="X">それ</wf>
         <wf lemma="を" pos="X">を</wf>
         <wf lemma="与え" pos="X">与え</wf>
         <wf lemma="た" pos="X">た</wf>
         <wf lemma="." pos="X">.</wf>
      </sentence>
      <sentence id="d000.s194" source="wordnet-japanese">
         <instance id="d000.s194.t000" lemma="回避的" pos="ADJ">回避的</instance>
         <wf lemma="な" pos="X">な</wf>
         <wf lemma="声明" pos="X">声明</wf>
         <wf lemma="." pos="X">.</wf>
      </sentence>
      <sentence id="d000.s195" source="wordnet-japanese">
         <instance id="d000.s195.t000" lemma="馬鹿" pos="ADJ">馬鹿</instance>
         <wf lemma="な" pos="X">な</wf>
         <wf lemma="公務員" pos="X">公務員</wf>
         <wf lemma="は" pos="X">は</wf>
         <wf lemma="いくつか" pos="X">いくつか</wf>
         <wf lemma="の" pos="X">の</wf>
         <wf lemma="本当に" pos="X">本当に</wf>
         <wf lemma="馬鹿" pos="X">馬鹿</wf>
         <wf lemma="な" pos="X">な</wf>
         <wf lemma="決定" pos="X">決定</wf>
         <wf lemma="を" pos="X">を</wf>
         <wf lemma="する" pos="X">する</wf>
         <wf lemma="." pos="X">.</wf>
      </sentence>
      <sentence id="d000.s196" source="wordnet-japanese">
         <wf lemma="映画" pos="X">映画</wf>
         <wf lemma="と" pos="X">と</wf>
         <wf lemma="文学" pos="X">文学</wf>
         <wf lemma="の" pos="X">の</wf>
         <wf lemma="新しい" pos="X">新しい</wf>
         <instance id="d000.s196.t000" lemma="自由" pos="NOUN">自由</instance>
         <wf lemma="." pos="X">.</wf>
      </sentence>
      <sentence id="d000.s197" source="wordnet-japanese">
         <wf lemma="状況" pos="X">状況</wf>
         <wf lemma="は" pos="X">は</wf>
         <instance id="d000.s197.t000" lemma="絶望的" pos="ADJ">絶望的</instance>
         <wf lemma="で" pos="X">で</wf>
         <wf lemma="ある" pos="X">ある</wf>
         <wf lemma="." pos="X">.</wf>
      </sentence>
      <sentence id="d000.s198" source="wordnet-japanese">
         <wf lemma="人間" pos="X">人間</wf>
         <wf lemma="の" pos="X">の</wf>
         <instance id="d000.s198.t000" lemma="状況" pos="NOUN">状況</instance>
         <wf lemma="は" pos="X">は</wf>
         <wf lemma="単純" pos="X">単純</wf>
         <wf lemma="で" pos="X">で</wf>
         <wf lemma="は" pos="X">は</wf>
         <wf lemma="ない" pos="X">ない</wf>
         <wf lemma="." pos="X">.</wf>
      </sentence>
      <sentence id="d000.s199" source="wordnet-japanese">
         <wf lemma="彼" pos="X">彼</wf>
         <wf lemma="の" pos="X">の</wf>
         <wf lemma="名前" pos="X">名前</wf>
         <wf lemma="が" pos="X">が</wf>
         <wf lemma="決し" pos="X">決し</wf>
         <wf lemma="て" pos="X">て</wf>
         <wf lemma="言及" pos="X">言及</wf>
         <wf lemma="さ" pos="X">さ</wf>
         <wf lemma="れ" pos="X">れ</wf>
         <wf lemma="ない" pos="X">ない</wf>
         <wf lemma="の" pos="X">の</wf>
         <wf lemma="は" pos="X">は</wf>
         <wf lemma="、" pos="X">、</wf>
         <instance id="d000.s199.t000" lemma="変" pos="ADJ">変</instance>
         <wf lemma="である" pos="X">である</wf>
         <wf lemma="." pos="X">.</wf>
      </sentence>
      <sentence id="d000.s200" source="wordnet-japanese">
         <wf lemma="彼" pos="X">彼</wf>
         <wf lemma="は" pos="X">は</wf>
         <wf lemma="弁護士" pos="X">弁護士</wf>
         <wf lemma="に" pos="X">に</wf>
         <wf lemma="囚人" pos="X">囚人</wf>
         <wf lemma="を" pos="X">を</wf>
         <instance id="d000.s200.t000" lemma="引き渡す" pos="VERB">引き渡し</instance>
         <wf lemma="た" pos="X">た</wf>
         <wf lemma="." pos="X">.</wf>
      </sentence>
      <sentence id="d000.s201" source="wordnet-japanese">
         <instance id="d000.s201.t000" lemma="有名" pos="ADJ">有名</instance>
         <wf lemma="な" pos="X">な</wf>
         <wf lemma="音楽家" pos="X">音楽家</wf>
         <wf lemma="." pos="X">.</wf>
      </sentence>
      <sentence id="d000.s202" source="wordnet-japanese">
         <instance id="d000.s202.t000" lemma="もっと" pos="ADV">もっと</instance>
         <wf lemma="美しい" pos="X">美しい</wf>
         <wf lemma="." pos="X">.</wf>
      </sentence>
      <sentence id="d000.s203" source="wordnet-japanese">
         <wf lemma="彼" pos="X">彼</wf>
         <wf lemma="の" pos="X">の</wf>
         <wf lemma="弁護士" pos="X">弁護士</wf>
         <wf lemma="と" pos="X">と</wf>
         <wf lemma="の" pos="X">の</wf>
         <wf lemma="頻繁" pos="X">頻繁</wf>
         <wf lemma="な" pos="X">な</wf>
         <instance id="d000.s203.t000" lemma="相談" pos="NOUN">相談</instance>
         <wf lemma="." pos="X">.</wf>
      </sentence>
      <sentence id="d000.s204" source="wordnet-japanese">
         <wf lemma="日本人" pos="X">日本人</wf>
         <wf lemma="は" pos="X">は</wf>
         <instance id="d000.s204.t000" lemma="敬語" pos="NOUN">敬語</instance>
         <wf lemma="を" pos="X">を</wf>
         <wf lemma="多く" pos="X">多く</wf>
         <wf lemma="使用" pos="X">使用</wf>
         <wf lemma="する" pos="X">する</wf>
         <wf lemma="." pos="X">.</wf>
      </sentence>
      <sentence id="d000.s205" source="wordnet-japanese">
         <wf lemma="私" pos="X">私</wf>
         <wf lemma="の" pos="X">の</wf>
         <wf lemma="飲み物" pos="X">飲み物</wf>
         <wf lemma="を" pos="X">を</wf>
         <wf lemma="かき" pos="X">かき</wf>
         <instance id="d000.s205.t000" lemma="混ぜる" pos="VERB">混ぜる</instance>
         <wf lemma="." pos="X">.</wf>
      </sentence>
      <sentence id="d000.s206" source="wordnet-japanese">
         <wf lemma="各" pos="X">各</wf>
         <instance id="d000.s206.t000" lemma="コア" pos="NOUN">コア</instance>
         <wf lemma="は" pos="X">は</wf>
         <wf lemma="それ" pos="X">それ</wf>
         <wf lemma="を" pos="X">を</wf>
         <wf lemma="通過" pos="X">通過</wf>
         <wf lemma="し" pos="X">し</wf>
         <wf lemma="て" pos="X">て</wf>
         <wf lemma="いる" pos="X">いる</wf>
         <wf lemma="3" pos="X">3</wf>
         <wf lemma="つ" pos="X">つ</wf>
         <wf lemma="の" pos="X">の</wf>
         <wf lemma="ワイヤー" pos="X">ワイヤー</wf>
         <wf lemma="を" pos="X">を</wf>
         <wf lemma="有し" pos="X">有し</wf>
         <wf lemma="、" pos="X">、</wf>
         <wf lemma="各" pos="X">各</wf>
         <wf lemma="ビット" pos="X">ビット</wf>
         <wf lemma="の" pos="X">の</wf>
         <wf lemma="内容" pos="X">内容</wf>
         <wf lemma="を" pos="X">を</wf>
         <wf lemma="選択" pos="X">選択</wf>
         <wf lemma="し" pos="X">し</wf>
         <wf lemma="、" pos="X">、</wf>
         <wf lemma="見つける" pos="X">見つける</wf>
         <wf lemma="手段" pos="X">手段</wf>
         <wf lemma="を" pos="X">を</wf>
         <wf lemma="提供" pos="X">提供</wf>
         <wf lemma="する" pos="X">する</wf>
         <wf lemma="." pos="X">.</wf>
      </sentence>
      <sentence id="d000.s207" source="wordnet-japanese">
         <wf lemma="彼ら" pos="X">彼ら</wf>
         <wf lemma="は" pos="X">は</wf>
         <instance id="d000.s207.t000" lemma="電気" pos="NOUN">電気</instance>
         <wf lemma="で" pos="X">で</wf>
         <wf lemma="動く" pos="X">動く</wf>
         <wf lemma="車" pos="X">車</wf>
         <wf lemma="を" pos="X">を</wf>
         <wf lemma="造っ" pos="X">造っ</wf>
         <wf lemma="た" pos="X">た</wf>
         <wf lemma="." pos="X">.</wf>
      </sentence>
      <sentence id="d000.s208" source="wordnet-japanese">
         <wf lemma="流刑" pos="X">流刑</wf>
         <wf lemma="植民地" pos="X">植民地</wf>
         <wf lemma="へ" pos="X">へ</wf>
         <wf lemma="彼" pos="X">彼</wf>
         <wf lemma="を" pos="X">を</wf>
         <instance id="d000.s208.t000" lemma="追放" pos="NOUN">追放</instance>
         <wf lemma="する" pos="X">する</wf>
         <wf lemma="こと" pos="X">こと</wf>
         <wf lemma="." pos="X">.</wf>
      </sentence>
      <sentence id="d000.s209" source="wordnet-japanese">
         <instance id="d000.s209.t000" lemma="活発" pos="ADJ">活発</instance>
         <wf lemma="な" pos="X">な</wf>
         <wf lemma="足取り" pos="X">足取り</wf>
         <wf lemma="." pos="X">.</wf>
      </sentence>
      <sentence id="d000.s210" source="wordnet-japanese">
         <instance id="d000.s210.t000" lemma="しっかり" pos="ADV">しっかり</instance>
         <wf lemma="つかまっ" pos="X">つかまっ</wf>
         <wf lemma="た" pos="X">た</wf>
         <wf lemma="." pos="X">.</wf>
      </sentence>
      <sentence id="d000.s211" source="wordnet-japanese">
         <wf lemma="合理性" pos="X">合理性</wf>
         <wf lemma="より" pos="X">より</wf>
         <wf lemma="も" pos="X">も</wf>
         <wf lemma="創造力" pos="X">創造力</wf>
         <wf lemma="と" pos="X">と</wf>
         <wf lemma="感情" pos="X">感情</wf>
         <wf lemma="を" pos="X">を</wf>
         <wf lemma="重ん" pos="X">重ん</wf>
         <wf lemma="じる" pos="X">じる</wf>
         <instance id="d000.s211.t000" lemma="ロマンチシズム" pos="NOUN">ロマンチシズム</instance>
         <wf lemma="." pos="X">.</wf>
      </sentence>
      <sentence id="d000.s212" source="wordnet-japanese">
         <wf lemma="祭り" pos="X">祭り</wf>
         <wf lemma="の" pos="X">の</wf>
         <wf lemma="最後" pos="X">最後</wf>
         <wf lemma="の" pos="X">の</wf>
         <wf lemma="花火" pos="X">花火</wf>
         <wf lemma="の" pos="X">の</wf>
         <wf lemma="間" pos="X">間</wf>
         <wf lemma="、" pos="X">、</wf>
         <instance id="d000.s212.t000" lemma="雑音" pos="NOUN">雑音</instance>
         <wf lemma="は" pos="X">は</wf>
         <wf lemma="98" pos="X">98</wf>
         <wf lemma="デシベル" pos="X">デシベル</wf>
         <wf lemma="に" pos="X">に</wf>
         <wf lemma="達し" pos="X">達し</wf>
         <wf lemma="た" pos="X">た</wf>
         <wf lemma="." pos="X">.</wf>
      </sentence>
      <sentence id="d000.s213" source="wordnet-japanese">
         <instance id="d000.s213.t000" lemma="残忍" pos="ADJ">残忍</instance>
         <wf lemma="な" pos="X">な</wf>
         <wf lemma="むち打ち" pos="X">むち打ち</wf>
         <wf lemma="." pos="X">.</wf>
      </sentence>
      <sentence id="d000.s214" source="wordnet-japanese">
         <wf lemma="彼" pos="X">彼</wf>
         <wf lemma="は" pos="X">は</wf>
         <instance id="d000.s214.t000" lemma="機嫌" pos="NOUN">機嫌</instance>
         <wf lemma="が" pos="X">が</wf>
         <wf lemma="悪かっ" pos="X">悪かっ</wf>
         <wf lemma="た" pos="X">た</wf>
         <wf lemma="." pos="X">.</wf>
      </sentence>
      <sentence id="d000.s215" source="wordnet-japanese">
         <instance id="d000.s215.t000" lemma="厳しい" pos="ADJ">厳しい</instance>
         <wf lemma="批評家" pos="X">批評家</wf>
         <wf lemma="." pos="X">.</wf>
      </sentence>
      <sentence id="d000.s216" source="wordnet-japanese">
         <wf lemma="アメリカ" pos="X">アメリカ</wf>
         <wf lemma="の" pos="X">の</wf>
         <instance id="d000.s216.t000" lemma="産業" pos="NOUN">産業</instance>
         <wf lemma="は" pos="X">は</wf>
         <wf lemma="生産" pos="X">生産</wf>
         <wf lemma="を" pos="X">を</wf>
         <wf lemma="管理" pos="X">管理</wf>
         <wf lemma="する" pos="X">する</wf>
         <wf lemma="ため" pos="X">ため</wf>
         <wf lemma="に" pos="X">に</wf>
         <wf lemma="、" pos="X">、</wf>
         <wf lemma="ますます" pos="X">ますます</wf>
         <wf lemma="コンピュータ" pos="X">コンピュータ</wf>
         <wf lemma="を" pos="X">を</wf>
         <wf lemma="使用" pos="X">使用</wf>
         <wf lemma="する" pos="X">する</wf>
         <wf lemma="ように" pos="X">ように</wf>
         <wf lemma="なっ" pos="X">なっ</wf>
         <wf lemma="て" pos="X">て</wf>
         <wf lemma="いる" pos="X">いる</wf>
         <wf lemma="." pos="X">.</wf>
      </sentence>
      <sentence id="d000.s217" source="wordnet-japanese">
         <wf lemma="我々" pos="X">我々</wf>
         <wf lemma="は" pos="X">は</wf>
         <wf lemma="常に" pos="X">常に</wf>
         <wf lemma="隣人" pos="X">隣人</wf>
         <wf lemma="を" pos="X">を</wf>
         <wf lemma="招待" pos="X">招待</wf>
         <wf lemma="する" pos="X">する</wf>
         <wf lemma="が" pos="X">が</wf>
         <wf lemma="、" pos="X">、</wf>
         <wf lemma="彼ら" pos="X">彼ら</wf>
         <wf lemma="は" pos="X">は</wf>
         <wf lemma="決して" pos="X">決して</wf>
         <wf lemma="それ" pos="X">それ</wf>
         <wf lemma="に" pos="X">に</wf>
         <instance id="d000.s217.t000" lemma="報いる" pos="VERB">報い</instance>
         <wf lemma="ない" pos="X">ない</wf>
         <wf lemma="！" pos="X">！</wf>
         <wf lemma="." pos="X">.</wf>
      </sentence>
      <sentence id="d000.s218" source="wordnet-japanese">
         <wf lemma="シャッター" pos="X">シャッター</wf>
         <wf lemma="は" pos="X">は</wf>
         <wf lemma="、" pos="X">、</wf>
         <wf lemma="家" pos="X">家</wf>
         <wf lemma="で" pos="X">で</wf>
         <instance id="d000.s218.t000" lemma="ガタガタ" pos="NOUN">ガタガタ</instance>
         <wf lemma="と" pos="X">と</wf>
         <wf lemma="音" pos="X">音</wf>
         <wf lemma="を" pos="X">を</wf>
         <wf lemma="たて" pos="X">たて</wf>
         <wf lemma="た" pos="X">た</wf>
         <wf lemma="." pos="X">.</wf>
      </sentence>
      <sentence id="d000.s219" source="wordnet-japanese">
         <wf lemma="蚊の" pos="X">蚊の</wf>
         <wf lemma="除" pos="X">除</wf>
         <wf lemma="の" pos="X">の</wf>
         <wf lemma="称賛" pos="X">称賛</wf>
         <wf lemma="に" pos="X">に</wf>
         <instance id="d000.s219.t000" lemma="満足" pos="ADJ">満足</instance>
         <wf lemma="し" pos="X">し</wf>
         <wf lemma="た" pos="X">た</wf>
         <wf lemma="." pos="X">.</wf>
      </sentence>
      <sentence id="d000.s220" source="wordnet-japanese">
         <wf lemma="地震" pos="X">地震</wf>
         <wf lemma="の" pos="X">の</wf>
         <wf lemma="損失" pos="X">損失</wf>
         <wf lemma="の" pos="X">の</wf>
         <wf lemma="見積り" pos="X">見積り</wf>
         <wf lemma="は" pos="X">は</wf>
         <wf lemma="20" pos="X">20</wf>
         <wf lemma="億" pos="X">億</wf>
         <wf lemma="ドル" pos="X">ドル</wf>
         <wf lemma="に" pos="X">に</wf>
         <instance id="d000.s220.t000" lemma="及ぶ" pos="VERB">及ぶ</instance>
         <wf lemma="." pos="X">.</wf>
      </sentence>
      <sentence id="d000.s221" source="wordnet-japanese">
         <instance id="d000.s221.t000" lemma="高い" pos="ADJ">高い</instance>
         <wf lemma="山" pos="X">山</wf>
         <wf lemma="." pos="X">.</wf>
      </sentence>
      <sentence id="d000.s222" source="wordnet-japanese">
         <wf lemma="子供" pos="X">子供</wf>
         <wf lemma="たち" pos="X">たち</wf>
         <wf lemma="を" pos="X">を</wf>
         <wf lemma="育てる" pos="X">育てる</wf>
         <wf lemma="こと" pos="X">こと</wf>
         <wf lemma="は" pos="X">は</wf>
         <instance id="d000.s222.t000" lemma="決して" pos="ADV">決して</instance>
         <wf lemma="容易" pos="X">容易</wf>
         <wf lemma="で" pos="X">で</wf>
         <wf lemma="は" pos="X">は</wf>
         <wf lemma="ない" pos="X">ない</wf>
         <wf lemma="." pos="X">.</wf>
      </sentence>
      <sentence id="d000.s223" source="wordnet-japanese">
         <wf lemma="貧困" pos="X">貧困</wf>
         <wf lemma="の" pos="X">の</wf>
         <instance id="d000.s223.t000" lemma="泥沼" pos="NOUN">泥沼</instance>
         <wf lemma="に" pos="X">に</wf>
         <wf lemma="陥る" pos="X">陥る</wf>
         <wf lemma="." pos="X">.</wf>
      </sentence>
      <sentence id="d000.s224" source="wordnet-japanese">
         <wf lemma="彼女" pos="X">彼女</wf>
         <wf lemma="は" pos="X">は</wf>
         <wf lemma="その" pos="X">その</wf>
         <wf lemma="問題" pos="X">問題</wf>
         <wf lemma="を" pos="X">を</wf>
         <instance id="d000.s224.t000" lemma="避ける" pos="VERB">避け</instance>
         <wf lemma="て" pos="X">て</wf>
         <wf lemma="通っ" pos="X">通っ</wf>
         <wf lemma="た" pos="X">た</wf>
         <wf lemma="." pos="X">.</wf>
      </sentence>
      <sentence id="d000.s225" source="wordnet-japanese">
         <wf lemma="木" pos="X">木</wf>
         <wf lemma="は" pos="X">は</wf>
         <wf lemma="川岸" pos="X">川岸</wf>
         <wf lemma="に" pos="X">に</wf>
         <instance id="d000.s225.t000" lemma="立ち並ぶ" pos="VERB">立ち並ん</instance>
         <wf lemma="で" pos="X">で</wf>
         <wf lemma="いる" pos="X">いる</wf>
         <wf lemma="." pos="X">.</wf>
      </sentence>
      <sentence id="d000.s226" source="wordnet-japanese">
         <wf lemma="彼" pos="X">彼</wf>
         <wf lemma="は" pos="X">は</wf>
         <wf lemma="裏切り" pos="X">裏切り</wf>
         <wf lemma="者" pos="X">者</wf>
         <wf lemma="に" pos="X">に</wf>
         <instance id="d000.s226.t000" lemma="なる" pos="VERB">なっ</instance>
         <wf lemma="た" pos="X">た</wf>
         <wf lemma="." pos="X">.</wf>
      </sentence>
      <sentence id="d000.s227" source="wordnet-japanese">
         <instance id="d000.s227.t000" lemma="健康" pos="ADJ">健康</instance>
         <wf lemma="によい" pos="X">によい</wf>
         <wf lemma="食物" pos="X">食物</wf>
         <wf lemma="." pos="X">.</wf>
      </sentence>
      <sentence id="d000.s228" source="wordnet-japanese">
         <wf lemma="あなた" pos="X">あなた</wf>
         <wf lemma="が" pos="X">が</wf>
         <wf lemma="賭け" pos="X">賭け</wf>
         <wf lemma="られる" pos="X">られる</wf>
         <wf lemma="額" pos="X">額</wf>
         <wf lemma="に" pos="X">に</wf>
         <wf lemma="は" pos="X">は</wf>
         <instance id="d000.s228.t000" lemma="限度" pos="NOUN">限度</instance>
         <wf lemma="が" pos="X">が</wf>
         <wf lemma="ある" pos="X">ある</wf>
         <wf lemma="." pos="X">.</wf>
      </sentence>
      <sentence id="d000.s229" source="wordnet-japanese">
         <wf lemma="彼ら" pos="X">彼ら</wf>
         <wf lemma="は" pos="X">は</wf>
         <instance id="d000.s229.t000" lemma="廃棄物" pos="NOUN">廃棄物</instance>
         <wf lemma="を" pos="X">を</wf>
         <wf lemma="週" pos="X">週</wf>
         <wf lemma="に" pos="X">に</wf>
         <wf lemma="1" pos="X">1</wf>
         <wf lemma="度" pos="X">度</wf>
         <wf lemma="集める" pos="X">集める</wf>
         <wf lemma="." pos="X">.</wf>
      </sentence>
      <sentence id="d000.s230" source="wordnet-japanese">
         <wf lemma="彼" pos="X">彼</wf>
         <wf lemma="は" pos="X">は</wf>
         <wf lemma="ビジネス" pos="X">ビジネス</wf>
         <wf lemma="の" pos="X">の</wf>
         <wf lemma="購買" pos="X">購買</wf>
         <instance id="d000.s230.t000" lemma="側" pos="NOUN">側</instance>
         <wf lemma="に" pos="X">に</wf>
         <wf lemma="いる" pos="X">いる</wf>
         <wf lemma="." pos="X">.</wf>
      </sentence>
      <sentence id="d000.s231" source="wordnet-japanese">
         <instance id="d000.s231.t000" lemma="後悔" pos="NOUN">後悔</instance>
         <wf lemma="し" pos="X">し</wf>
         <wf lemma="た" pos="X">た</wf>
         <wf lemma="こと" pos="X">こと</wf>
         <wf lemma="に" pos="X">に</wf>
         <wf lemma="は" pos="X">は</wf>
         <wf lemma="、" pos="X">、</wf>
         <wf lemma="間違い" pos="X">間違い</wf>
         <wf lemma="が" pos="X">が</wf>
         <wf lemma="彼" pos="X">彼</wf>
         <wf lemma="の" pos="X">の</wf>
         <wf lemma="ゲーム" pos="X">ゲーム</wf>
         <wf lemma="を" pos="X">を</wf>
         <wf lemma="ダメ" pos="X">ダメ</wf>
         <wf lemma="に" pos="X">に</wf>
         <wf lemma="し" pos="X">し</wf>
         <wf lemma="た" pos="X">た</wf>
         <wf lemma="." pos="X">.</wf>
      </sentence>
      <sentence id="d000.s232" source="wordnet-japanese">
         <wf lemma="この" pos="X">この</wf>
         <wf lemma="テーブル" pos="X">テーブル</wf>
         <wf lemma="は" pos="X">は</wf>
         <wf lemma="非常" pos="X">非常</wf>
         <wf lemma="によく" pos="X">によく</wf>
         <instance id="d000.s232.t000" lemma="役立つ" pos="VERB">役立つ</instance>
         <wf lemma="だろ" pos="X">だろ</wf>
         <wf lemma="う" pos="X">う</wf>
         <wf lemma="." pos="X">.</wf>
      </sentence>
      <sentence id="d000.s233" source="wordnet-japanese">
         <wf lemma="ステージ" pos="X">ステージ</wf>
         <wf lemma="と" pos="X">と</wf>
         <wf lemma="スクリーン" pos="X">スクリーン</wf>
         <wf lemma="の" pos="X">の</wf>
         <instance id="d000.s233.t000" lemma="明るい" pos="ADJ">明るい</instance>
         <wf lemma="星" pos="X">星</wf>
         <wf lemma="." pos="X">.</wf>
      </sentence>
      <sentence id="d000.s234" source="wordnet-japanese">
         <instance id="d000.s234.t000" lemma="簡潔" pos="ADJ">簡潔</instance>
         <wf lemma="な" pos="X">な</wf>
         <wf lemma="比較" pos="X">比較</wf>
         <wf lemma="." pos="X">.</wf>
      </sentence>
      <sentence id="d000.s235" source="wordnet-japanese">
         <instance id="d000.s235.t000" lemma="残り" pos="NOUN">残り</instance>
         <wf lemma="は" pos="X">は</wf>
         <wf lemma="何も" pos="X">何も</wf>
         <wf lemma="なかっ" pos="X">なかっ</wf>
         <wf lemma="た" pos="X">た</wf>
         <wf lemma="." pos="X">.</wf>
      </sentence>
      <sentence id="d000.s236" source="wordnet-japanese">
         <wf lemma="腸の" pos="X">腸の</wf>
         <instance id="d000.s236.t000" lemma="内腔" pos="NOUN">内腔</instance>
         <wf lemma="." pos="X">.</wf>
      </sentence>
      <sentence id="d000.s237" source="wordnet-japanese">
         <instance id="d000.s237.t000" lemma="感傷的" pos="ADJ">感傷的</instance>
         <wf lemma="に" pos="X">に</wf>
         <wf lemma="感情" pos="X">感情</wf>
         <wf lemma="を" pos="X">を</wf>
         <wf lemma="あらわ" pos="X">あらわ</wf>
         <wf lemma="に" pos="X">に</wf>
         <wf lemma="する" pos="X">する</wf>
         <wf lemma="こと" pos="X">こと</wf>
         <wf lemma="." pos="X">.</wf>
      </sentence>
      <sentence id="d000.s238" source="wordnet-japanese">
         <wf lemma="彼ら" pos="X">彼ら</wf>
         <wf lemma="は" pos="X">は</wf>
         <wf lemma="盗品" pos="X">盗品</wf>
         <wf lemma="を" pos="X">を</wf>
         <instance id="d000.s238.t000" lemma="埋める" pos="VERB">埋め</instance>
         <wf lemma="た" pos="X">た</wf>
         <wf lemma="." pos="X">.</wf>
      </sentence>
      <sentence id="d000.s239" source="wordnet-japanese">
         <wf lemma="鋭く" pos="X">鋭く</wf>
         <instance id="d000.s239.t000" lemma="分析的" pos="ADJ">分析的</instance>
         <wf lemma="な" pos="X">な</wf>
         <wf lemma="男性" pos="X">男性</wf>
         <wf lemma="." pos="X">.</wf>
      </sentence>
      <sentence id="d000.s240" source="wordnet-japanese">
         <wf lemma="仕事" pos="X">仕事</wf>
         <wf lemma="を" pos="X">を</wf>
         <wf lemma="数日" pos="X">数日</wf>
         <wf lemma="に" pos="X">に</wf>
         <wf lemma="休む" pos="X">休む</wf>
         <wf lemma="許可" pos="X">許可</wf>
         <wf lemma="を" pos="X">を</wf>
         <instance id="d000.s240.t000" lemma="得る" pos="VERB">得</instance>
         <wf lemma="て" pos="X">て</wf>
         <wf lemma="ください" pos="X">ください</wf>
         <wf lemma="." pos="X">.</wf>
      </sentence>
      <sentence id="d000.s241" source="wordnet-japanese">
         <wf lemma="しばらく" pos="X">しばらく</wf>
         <wf lemma="の" pos="X">の</wf>
         <wf lemma="間" pos="X">間</wf>
         <wf lemma="、" pos="X">、</wf>
         <wf lemma="反抗" pos="X">反抗</wf>
         <wf lemma="は" pos="X">は</wf>
         <instance id="d000.s241.t000" lemma="可能性" pos="NOUN">可能性</instance>
         <wf lemma="の" pos="X">の</wf>
         <wf lemma="よう" pos="X">よう</wf>
         <wf lemma="だっ" pos="X">だっ</wf>
         <wf lemma="た" pos="X">た</wf>
         <wf lemma="." pos="X">.</wf>
      </sentence>
      <sentence id="d000.s242" source="wordnet-japanese">
         <wf lemma="お気に入り" pos="X">お気に入り</wf>
         <wf lemma="の" pos="X">の</wf>
         <wf lemma="レストラン" pos="X">レストラン</wf>
         <wf lemma="に" pos="X">に</wf>
         <instance id="d000.s242.t000" lemma="テーブル" pos="NOUN">テーブル</instance>
         <wf lemma="を" pos="X">を</wf>
         <wf lemma="予約" pos="X">予約</wf>
         <wf lemma="し" pos="X">し</wf>
         <wf lemma="た" pos="X">た</wf>
         <wf lemma="." pos="X">.</wf>
      </sentence>
      <sentence id="d000.s243" source="wordnet-japanese">
         <wf lemma="新聞" pos="X">新聞</wf>
         <wf lemma="は" pos="X">は</wf>
         <wf lemma="ジョーンズ" pos="X">ジョーンズ</wf>
         <wf lemma="が" pos="X">が</wf>
         <wf lemma="飲酒" pos="X">飲酒</wf>
         <wf lemma="運転" pos="X">運転</wf>
         <wf lemma="の" pos="X">の</wf>
         <wf lemma="罪" pos="X">罪</wf>
         <wf lemma="を" pos="X">を</wf>
         <wf lemma="犯し" pos="X">犯し</wf>
         <wf lemma="た" pos="X">た</wf>
         <wf lemma="という" pos="X">という</wf>
         <instance id="d000.s243.t000" lemma="告発" pos="NOUN">告発</instance>
         <wf lemma="を" pos="X">を</wf>
         <wf lemma="掲載" pos="X">掲載</wf>
         <wf lemma="し" pos="X">し</wf>
         <wf lemma="た" pos="X">た</wf>
         <wf lemma="." pos="X">.</wf>
      </sentence>
      <sentence id="d000.s244" source="wordnet-japanese">
         <wf lemma="証券" pos="X">証券</wf>
         <wf lemma="市場" pos="X">市場</wf>
         <wf lemma="について" pos="X">について</wf>
         <wf lemma="の" pos="X">の</wf>
         <instance id="d000.s244.t000" lemma="神秘的" pos="ADJ">神秘的</instance>
         <wf lemma="な" pos="X">な</wf>
         <wf lemma="理論" pos="X">理論</wf>
         <wf lemma="." pos="X">.</wf>
      </sentence>
      <sentence id="d000.s245" source="wordnet-japanese">
         <wf lemma="車" pos="X">車</wf>
         <wf lemma="に" pos="X">に</wf>
         <instance id="d000.s245.t000" lemma="積み込む" pos="VERB">積み込む</instance>
         <wf lemma="." pos="X">.</wf>
      </sentence>
      <sentence id="d000.s246" source="wordnet-japanese">
         <instance id="d000.s246.t000" lemma="普通" pos="ADJ">普通</instance>
         <wf lemma="の" pos="X">の</wf>
         <wf lemma="日常的" pos="X">日常的</wf>
         <wf lemma="な" pos="X">な</wf>
         <wf lemma="物" pos="X">物</wf>
         <wf lemma="." pos="X">.</wf>
      </sentence>
      <sentence id="d000.s247" source="wordnet-japanese">
         <wf lemma="木幹" pos="X">木幹</wf>
         <wf lemma="は" pos="X">は</wf>
         <wf lemma="テーブル" pos="X">テーブル</wf>
         <wf lemma="と" pos="X">と</wf>
         <wf lemma="し" pos="X">し</wf>
         <wf lemma="て" pos="X">て</wf>
         <instance id="d000.s247.t000" lemma="役立つ" pos="VERB">役立つ</instance>
         <wf lemma="." pos="X">.</wf>
      </sentence>
      <sentence id="d000.s248" source="wordnet-japanese">
         <instance id="d000.s248.t000" lemma="まったく" pos="ADV">まったく</instance>
         <wf lemma="正" pos="X">正</wf>
         <wf lemma="反対" pos="X">反対</wf>
         <wf lemma="." pos="X">.</wf>
      </sentence>
      <sentence id="d000.s249" source="wordnet-japanese">
         <wf lemma="ジェシー" pos="X">ジェシー</wf>
         <wf lemma="・" pos="X">・</wf>
         <wf lemma="ジェイムス" pos="X">ジェイムス</wf>
         <wf lemma="の" pos="X">の</wf>
         <instance id="d000.s249.t000" lemma="伝説的" pos="ADJ">伝説的</instance>
         <wf lemma="な" pos="X">な</wf>
         <wf lemma="偉業" pos="X">偉業</wf>
         <wf lemma="." pos="X">.</wf>
      </sentence>
      <sentence id="d000.s250" source="wordnet-japanese">
         <wf lemma="壁" pos="X">壁</wf>
         <wf lemma="が" pos="X">が</wf>
         <instance id="d000.s250.t000" lemma="壊れる" pos="VERB">壊れ</instance>
         <wf lemma="た" pos="X">た</wf>
         <wf lemma="." pos="X">.</wf>
      </sentence>
      <sentence id="d000.s251" source="wordnet-japanese">
         <wf lemma="彼" pos="X">彼</wf>
         <wf lemma="の" pos="X">の</wf>
         <instance id="d000.s251.t000" lemma="意図" pos="NOUN">意図</instance>
         <wf lemma="は" pos="X">は</wf>
         <wf lemma="新しい" pos="X">新しい</wf>
         <wf lemma="解釈" pos="X">解釈</wf>
         <wf lemma="を" pos="X">を</wf>
         <wf lemma="規定" pos="X">規定</wf>
         <wf lemma="する" pos="X">する</wf>
         <wf lemma="こと" pos="X">こと</wf>
         <wf lemma="だっ" pos="X">だっ</wf>
         <wf lemma="た" pos="X">た</wf>
         <wf lemma="." pos="X">.</wf>
      </sentence>
      <sentence id="d000.s252" source="wordnet-japanese">
         <wf lemma="彼" pos="X">彼</wf>
         <wf lemma="は" pos="X">は</wf>
         <wf lemma="、" pos="X">、</wf>
         <wf lemma="それら" pos="X">それら</wf>
         <wf lemma="が" pos="X">が</wf>
         <wf lemma="トラブル" pos="X">トラブル</wf>
         <wf lemma="を" pos="X">を</wf>
         <wf lemma="起こし" pos="X">起こし</wf>
         <wf lemma="た" pos="X">た</wf>
         <wf lemma="という" pos="X">という</wf>
         <instance id="d000.s252.t000" lemma="報告" pos="NOUN">報告</instance>
         <wf lemma="を" pos="X">を</wf>
         <wf lemma="聞い" pos="X">聞い</wf>
         <wf lemma="た" pos="X">た</wf>
         <wf lemma="." pos="X">.</wf>
      </sentence>
      <sentence id="d000.s253" source="wordnet-japanese">
         <wf lemma="イデオロギー" pos="X">イデオロギー</wf>
         <wf lemma="で" pos="X">で</wf>
         <wf lemma="は" pos="X">は</wf>
         <wf lemma="なく" pos="X">なく</wf>
         <wf lemma="、" pos="X">、</wf>
         <instance id="d000.s253.t000" lemma="実践的" pos="ADJ">実践的</instance>
         <wf lemma="な" pos="X">な</wf>
         <wf lemma="政治" pos="X">政治</wf>
         <wf lemma="." pos="X">.</wf>
      </sentence>
      <sentence id="d000.s254" source="wordnet-japanese">
         <wf lemma="金利" pos="X">金利</wf>
         <wf lemma="は" pos="X">は</wf>
         <wf lemma="、" pos="X">、</wf>
         <wf lemma="5" pos="X">5</wf>
         <wf lemma="から" pos="X">から</wf>
         <wf lemma="10" pos="X">10</wf>
         <wf lemma="パーセント" pos="X">パーセント</wf>
         <wf lemma="の" pos="X">の</wf>
         <wf lemma="範囲" pos="X">範囲</wf>
         <wf lemma="に" pos="X">に</wf>
         <instance id="d000.s254.t000" lemma="及ぶ" pos="VERB">及ぶ</instance>
         <wf lemma="." pos="X">.</wf>
      </sentence>
      <sentence id="d000.s255" source="wordnet-japanese">
         <wf lemma="落下" pos="X">落下</wf>
         <wf lemma="によって" pos="X">によって</wf>
         <wf lemma="彼" pos="X">彼</wf>
         <wf lemma="は" pos="X">は</wf>
         <instance id="d000.s255.t000" lemma="背骨" pos="NOUN">背骨</instance>
         <wf lemma="を" pos="X">を</wf>
         <wf lemma="折っ" pos="X">折っ</wf>
         <wf lemma="た" pos="X">た</wf>
         <wf lemma="." pos="X">.</wf>
      </sentence>
      <sentence id="d000.s256" source="wordnet-japanese">
         <wf lemma="死者" pos="X">死者</wf>
         <wf lemma="に対する" pos="X">に対する</wf>
         <wf lemma="中国" pos="X">中国</wf>
         <wf lemma="の" pos="X">の</wf>
         <instance id="d000.s256.t000" lemma="崇敬" pos="NOUN">崇敬</instance>
         <wf lemma="." pos="X">.</wf>
      </sentence>
      <sentence id="d000.s257" source="wordnet-japanese">
         <wf lemma="どんな" pos="X">どんな</wf>
         <instance id="d000.s257.t000" lemma="段階" pos="NOUN">段階</instance>
         <wf lemma="で" pos="X">で</wf>
         <wf lemma="、" pos="X">、</wf>
         <wf lemma="社会的" pos="X">社会的</wf>
         <wf lemma="な" pos="X">な</wf>
         <wf lemma="科学" pos="X">科学</wf>
         <wf lemma="が" pos="X">が</wf>
         <wf lemma="あり" pos="X">あり</wf>
         <wf lemma="ます" pos="X">ます</wf>
         <wf lemma="か" pos="X">か</wf>
         <wf lemma="?" pos="X">?</wf>
      </sentence>
      <sentence id="d000.s258" source="wordnet-japanese">
         <wf lemma="彼" pos="X">彼</wf>
         <wf lemma="は" pos="X">は</wf>
         <instance id="d000.s258.t000" lemma="評判" pos="NOUN">評判</instance>
         <wf lemma="の" pos="X">の</wf>
         <wf lemma="よくない" pos="X">よくない</wf>
         <wf lemma="人物" pos="X">人物</wf>
         <wf lemma="だっ" pos="X">だっ</wf>
         <wf lemma="た" pos="X">た</wf>
         <wf lemma="." pos="X">.</wf>
      </sentence>
      <sentence id="d000.s259" source="wordnet-japanese">
         <instance id="d000.s259.t000" lemma="小規模" pos="ADJ">小規模</instance>
         <wf lemma="な" pos="X">な</wf>
         <wf lemma="流通" pos="X">流通</wf>
         <wf lemma="し" pos="X">し</wf>
         <wf lemma="か" pos="X">か</wf>
         <wf lemma="ない" pos="X">ない</wf>
         <wf lemma="新聞" pos="X">新聞</wf>
         <wf lemma="." pos="X">.</wf>
      </sentence>
      <sentence id="d000.s260" source="wordnet-japanese">
         <wf lemma="ある" pos="X">ある</wf>
         <wf lemma="平面上" pos="X">平面上</wf>
         <wf lemma="の" pos="X">の</wf>
         <wf lemma="2" pos="X">2</wf>
         <wf lemma="点" pos="X">点</wf>
         <wf lemma="を" pos="X">を</wf>
         <wf lemma="結ぶ" pos="X">結ぶ</wf>
         <wf lemma="あらゆる" pos="X">あらゆる</wf>
         <wf lemma="線" pos="X">線</wf>
         <wf lemma="は" pos="X">は</wf>
         <wf lemma="、" pos="X">、</wf>
         <wf lemma="その" pos="X">その</wf>
         <instance id="d000.s260.t000" lemma="平面" pos="NOUN">平面</instance>
         <wf lemma="上" pos="X">上</wf>
         <wf lemma="に" pos="X">に</wf>
         <wf lemma="完全" pos="X">完全</wf>
         <wf lemma="に" pos="X">に</wf>
         <wf lemma="存在" pos="X">存在</wf>
         <wf lemma="する" pos="X">する</wf>
         <wf lemma="." pos="X">.</wf>
      </sentence>
      <sentence id="d000.s261" source="wordnet-japanese">
         <wf lemma="経済" pos="X">経済</wf>
         <wf lemma="に" pos="X">に</wf>
         <instance id="d000.s261.t000" lemma="破壊的" pos="ADJ">破壊的</instance>
         <wf lemma="な" pos="X">な</wf>
         <wf lemma="政策" pos="X">政策</wf>
         <wf lemma="." pos="X">.</wf>
      </sentence>
      <sentence id="d000.s262" source="wordnet-japanese">
         <wf lemma="社会" pos="X">社会</wf>
         <wf lemma="統制" pos="X">統制</wf>
         <wf lemma="の" pos="X">の</wf>
         <instance id="d000.s262.t000" lemma="メカニズム" pos="NOUN">メカニズム</instance>
         <wf lemma="." pos="X">.</wf>
      </sentence>
      <sentence id="d000.s263" source="wordnet-japanese">
         <wf lemma="彼" pos="X">彼</wf>
         <wf lemma="は" pos="X">は</wf>
         <wf lemma="非常" pos="X">非常</wf>
         <wf lemma="に" pos="X">に</wf>
         <instance id="d000.s263.t000" lemma="間接的" pos="ADV">間接的</instance>
         <wf lemma="に" pos="X">に</wf>
         <wf lemma="答え" pos="X">答え</wf>
         <wf lemma="た" pos="X">た</wf>
         <wf lemma="." pos="X">.</wf>
      </sentence>
      <sentence id="d000.s264" source="wordnet-japanese">
         <wf lemma="それ" pos="X">それ</wf>
         <wf lemma="は" pos="X">は</wf>
         <wf lemma="悪" pos="X">悪</wf>
         <wf lemma="の" pos="X">の</wf>
         <instance id="d000.s264.t000" lemma="温床" pos="NOUN">温床</instance>
         <wf lemma="だっ" pos="X">だっ</wf>
         <wf lemma="た" pos="X">た</wf>
         <wf lemma="." pos="X">.</wf>
      </sentence>
      <sentence id="d000.s265" source="wordnet-japanese">
         <wf lemma="私" pos="X">私</wf>
         <wf lemma="は" pos="X">は</wf>
         <wf lemma="クリスマス" pos="X">クリスマス</wf>
         <wf lemma="が" pos="X">が</wf>
         <wf lemma="ある" pos="X">ある</wf>
         <wf lemma="こと" pos="X">こと</wf>
         <wf lemma="を" pos="X">を</wf>
         <instance id="d000.s265.t000" lemma="願う" pos="VERB">願う</instance>
         <wf lemma="." pos="X">.</wf>
      </sentence>
      <sentence id="d000.s266" source="wordnet-japanese">
         <wf lemma="この" pos="X">この</wf>
         <wf lemma="道" pos="X">道</wf>
         <wf lemma="は" pos="X">は</wf>
         <wf lemma="、" pos="X">、</wf>
         <wf lemma="我々" pos="X">我々</wf>
         <wf lemma="が" pos="X">が</wf>
         <wf lemma="昨日" pos="X">昨日</wf>
         <wf lemma="い" pos="X">い</wf>
         <wf lemma="た" pos="X">た</wf>
         <wf lemma="ところ" pos="X">ところ</wf>
         <wf lemma="と" pos="X">と</wf>
         <instance id="d000.s266.t000" lemma="同じ" pos="ADJ">同じ</instance>
         <wf lemma="だ" pos="X">だ</wf>
         <wf lemma="." pos="X">.</wf>
      </sentence>
      <sentence id="d000.s267" source="wordnet-japanese">
         <instance id="d000.s267.t000" lemma="残酷" pos="ADJ">残酷</instance>
         <wf lemma="な" pos="X">な</wf>
         <wf lemma="拷問" pos="X">拷問</wf>
         <wf lemma="." pos="X">.</wf>
      </sentence>
      <sentence id="d000.s268" source="wordnet-japanese">
         <instance id="d000.s268.t000" lemma="官能的" pos="ADJ">官能的</instance>
         <wf lemma="な" pos="X">な</wf>
         <wf lemma="表情" pos="X">表情</wf>
         <wf lemma="." pos="X">.</wf>
      </sentence>
      <sentence id="d000.s269" source="wordnet-japanese">
         <instance id="d000.s269.t000" lemma="愚か" pos="ADJ">愚か</instance>
         <wf lemma="な" pos="X">な</wf>
         <wf lemma="考え" pos="X">考え</wf>
         <wf lemma="." pos="X">.</wf>
      </sentence>
      <sentence id="d000.s270" source="wordnet-japanese">
         <wf lemma="B" pos="X">B</wf>
         <instance id="d000.s270.t000" lemma="ナチュラル" pos="ADJ">ナチュラル</instance>
         <wf lemma="." pos="X">.</wf>
      </sentence>
      <sentence id="d000.s271" source="wordnet-japanese">
         <wf lemma="彼" pos="X">彼</wf>
         <wf lemma="は" pos="X">は</wf>
         <wf lemma="王" pos="X">王</wf>
         <wf lemma="へ" pos="X">へ</wf>
         <wf lemma="の" pos="X">の</wf>
         <instance id="d000.s271.t000" lemma="主張者" pos="NOUN">主張者</instance>
         <wf lemma="だっ" pos="X">だっ</wf>
         <wf lemma="た" pos="X">た</wf>
         <wf lemma="." pos="X">.</wf>
      </sentence>
      <sentence id="d000.s272" source="wordnet-japanese">
         <wf lemma="彼" pos="X">彼</wf>
         <wf lemma="は" pos="X">は</wf>
         <wf lemma="髪" pos="X">髪</wf>
         <wf lemma="に" pos="X">に</wf>
         <wf lemma="さっと" pos="X">さっと</wf>
         <instance id="d000.s272.t000" lemma="ブラシ" pos="NOUN">ブラシ</instance>
         <wf lemma="を" pos="X">を</wf>
         <wf lemma="かけ" pos="X">かけ</wf>
         <wf lemma="た" pos="X">た</wf>
         <wf lemma="." pos="X">.</wf>
      </sentence>
      <sentence id="d000.s273" source="wordnet-japanese">
         <wf lemma="あなた" pos="X">あなた</wf>
         <wf lemma="は" pos="X">は</wf>
         <wf lemma="、" pos="X">、</wf>
         <wf lemma="米国" pos="X">米国</wf>
         <wf lemma="の" pos="X">の</wf>
         <wf lemma="海兵隊員" pos="X">海兵隊員</wf>
         <wf lemma="の" pos="X">の</wf>
         <instance id="d000.s273.t000" lemma="素質" pos="NOUN">素質</instance>
         <wf lemma="を" pos="X">を</wf>
         <wf lemma="持っ" pos="X">持っ</wf>
         <wf lemma="て" pos="X">て</wf>
         <wf lemma="い" pos="X">い</wf>
         <wf lemma="ない" pos="X">ない</wf>
         <wf lemma="." pos="X">.</wf>
      </sentence>
      <sentence id="d000.s274" source="wordnet-japanese">
         <wf lemma="子供" pos="X">子供</wf>
         <wf lemma="は" pos="X">は</wf>
         <instance id="d000.s274.t000" lemma="一見" pos="ADV">一見</instance>
         <wf lemma="し" pos="X">し</wf>
         <wf lemma="た" pos="X">た</wf>
         <wf lemma="ところ" pos="X">ところ</wf>
         <wf lemma="健康" pos="X">健康</wf>
         <wf lemma="である" pos="X">である</wf>
         <wf lemma="けれど" pos="X">けれど</wf>
         <wf lemma="も" pos="X">も</wf>
         <wf lemma="、" pos="X">、</wf>
         <wf lemma="医師" pos="X">医師</wf>
         <wf lemma="は" pos="X">は</wf>
         <wf lemma="心配" pos="X">心配</wf>
         <wf lemma="し" pos="X">し</wf>
         <wf lemma="て" pos="X">て</wf>
         <wf lemma="いる" pos="X">いる</wf>
         <wf lemma="." pos="X">.</wf>
      </sentence>
      <sentence id="d000.s275" source="wordnet-japanese">
         <instance id="d000.s275.t000" lemma="指向性" pos="NOUN">指向性</instance>
         <wf lemma="の" pos="X">の</wf>
         <wf lemma="ない" pos="X">ない</wf>
         <wf lemma="アンテナ" pos="X">アンテナ</wf>
         <wf lemma="受信" pos="X">受信</wf>
         <wf lemma="信号" pos="X">信号</wf>
         <wf lemma="." pos="X">.</wf>
      </sentence>
      <sentence id="d000.s276" source="wordnet-japanese">
         <wf lemma="数学" pos="X">数学</wf>
         <wf lemma="の" pos="X">の</wf>
         <wf lemma="クラス" pos="X">クラス</wf>
         <wf lemma="で" pos="X">で</wf>
         <wf lemma="の" pos="X">の</wf>
         <instance id="d000.s276.t000" lemma="欠席" pos="NOUN">欠席</instance>
         <wf lemma="が" pos="X">が</wf>
         <wf lemma="多すぎる" pos="X">多すぎる</wf>
         <wf lemma="ため" pos="X">ため</wf>
         <wf lemma="に" pos="X">に</wf>
         <wf lemma="彼" pos="X">彼</wf>
         <wf lemma="は" pos="X">は</wf>
         <wf lemma="罰" pos="X">罰</wf>
         <wf lemma="を" pos="X">を</wf>
         <wf lemma="受け" pos="X">受け</wf>
         <wf lemma="た" pos="X">た</wf>
         <wf lemma="." pos="X">.</wf>
      </sentence>
      <sentence id="d000.s277" source="wordnet-japanese">
         <wf lemma="彼" pos="X">彼</wf>
         <wf lemma="は" pos="X">は</wf>
         <instance id="d000.s277.t000" lemma="すぐ" pos="ADV">すぐ</instance>
         <wf lemma="に" pos="X">に</wf>
         <wf lemma="答え" pos="X">答え</wf>
         <wf lemma="た" pos="X">た</wf>
         <wf lemma="." pos="X">.</wf>
      </sentence>
      <sentence id="d000.s278" source="wordnet-japanese">
         <wf lemma="私" pos="X">私</wf>
         <wf lemma="の" pos="X">の</wf>
         <wf lemma="耳" pos="X">耳</wf>
         <wf lemma="は" pos="X">は</wf>
         <wf lemma="そのよう" pos="X">そのよう</wf>
         <wf lemma="な" pos="X">な</wf>
         <wf lemma="乱暴" pos="X">乱暴</wf>
         <wf lemma="な" pos="X">な</wf>
         <instance id="d000.s278.t000" lemma="アッチェレランド" pos="NOUN">アッチェレランド</instance>
         <wf lemma="を" pos="X">を</wf>
         <wf lemma="認め" pos="X">認め</wf>
         <wf lemma="ない" pos="X">ない</wf>
         <wf lemma="." pos="X">.</wf>
      </sentence>
      <sentence id="d000.s279" source="wordnet-japanese">
         <wf lemma="貴族" pos="X">貴族</wf>
         <wf lemma="家系" pos="X">家系</wf>
         <wf lemma="；" pos="X">；</wf>
         <instance id="d000.s279.t000" lemma="貴族的" pos="ADJ">貴族的</instance>
         <wf lemma="な" pos="X">な</wf>
         <wf lemma="特徴" pos="X">特徴</wf>
         <wf lemma="；" pos="X">；</wf>
         <wf lemma="貴族的" pos="X">貴族的</wf>
         <wf lemma="な" pos="X">な</wf>
         <wf lemma="嗜好" pos="X">嗜好</wf>
         <wf lemma="." pos="X">.</wf>
      </sentence>
      <sentence id="d000.s280" source="wordnet-japanese">
         <wf lemma="それ" pos="X">それ</wf>
         <wf lemma="は" pos="X">は</wf>
         <instance id="d000.s280.t000" lemma="尊重" pos="NOUN">尊重</instance>
         <wf lemma="さ" pos="X">さ</wf>
         <wf lemma="れ" pos="X">れ</wf>
         <wf lemma="て" pos="X">て</wf>
         <wf lemma="いる" pos="X">いる</wf>
         <wf lemma="." pos="X">.</wf>
      </sentence>
      <sentence id="d000.s281" source="wordnet-japanese">
         <wf lemma="好奇心" pos="X">好奇心</wf>
         <wf lemma="を" pos="X">を</wf>
         <instance id="d000.s281.t000" lemma="抑える" pos="VERB">抑え</instance>
         <wf lemma="て" pos="X">て</wf>
         <wf lemma="ください" pos="X">ください</wf>
         <wf lemma="." pos="X">.</wf>
      </sentence>
      <sentence id="d000.s282" source="wordnet-japanese">
         <instance id="d000.s282.t000" lemma="貪欲" pos="ADJ">貪欲</instance>
         <wf lemma="な" pos="X">な</wf>
         <wf lemma="商業主義" pos="X">商業主義</wf>
         <wf lemma="." pos="X">.</wf>
      </sentence>
      <sentence id="d000.s283" source="wordnet-japanese">
         <wf lemma="気温" pos="X">気温</wf>
         <wf lemma="が" pos="X">が</wf>
         <instance id="d000.s283.t000" lemma="下がる" pos="VERB">下がっ</instance>
         <wf lemma="て" pos="X">て</wf>
         <wf lemma="いる" pos="X">いる</wf>
         <wf lemma="." pos="X">.</wf>
      </sentence>
      <sentence id="d000.s284" source="wordnet-japanese">
         <wf lemma="トランプ" pos="X">トランプ</wf>
         <wf lemma="を" pos="X">を</wf>
         <wf lemma="一" pos="X">一</wf>
         <wf lemma="枚" pos="X">枚</wf>
         <instance id="d000.s284.t000" lemma="引く" pos="VERB">引く</instance>
         <wf lemma="." pos="X">.</wf>
      </sentence>
      <sentence id="d000.s285" source="wordnet-japanese">
         <wf lemma="シュールレアリスト" pos="X">シュールレアリスト</wf>
         <wf lemma="により" pos="X">により</wf>
         <wf lemma="描か" pos="X">描か</wf>
         <wf lemma="れる" pos="X">れる</wf>
         <wf lemma="曖" pos="X">曖</wf>
         <wf lemma="昧" pos="X">昧</wf>
         <wf lemma="な" pos="X">な</wf>
         <wf lemma="（" pos="X">（</wf>
         <wf lemma="または" pos="X">または</wf>
         <instance id="d000.s285.t000" lemma="不確定" pos="ADJ">不確定</instance>
         <wf lemma="の" pos="X">の</wf>
         <wf lemma="）物体" pos="X">）物体</wf>
         <wf lemma="." pos="X">.</wf>
      </sentence>
      <sentence id="d000.s286" source="wordnet-japanese">
         <wf lemma="彼" pos="X">彼</wf>
         <wf lemma="は" pos="X">は</wf>
         <wf lemma="緊急" pos="X">緊急</wf>
         <wf lemma="事態" pos="X">事態</wf>
         <wf lemma="に" pos="X">に</wf>
         <wf lemma="備え" pos="X">備え</wf>
         <wf lemma="て" pos="X">て</wf>
         <wf lemma="、" pos="X">、</wf>
         <wf lemma="常に" pos="X">常に</wf>
         <wf lemma="いつも" pos="X">いつも</wf>
         <instance id="d000.s286.t000" lemma="余分" pos="NOUN">余分</instance>
         <wf lemma="に" pos="X">に</wf>
         <wf lemma="持っ" pos="X">持っ</wf>
         <wf lemma="て" pos="X">て</wf>
         <wf lemma="い" pos="X">い</wf>
         <wf lemma="た" pos="X">た</wf>
         <wf lemma="." pos="X">.</wf>
      </sentence>
      <sentence id="d000.s287" source="wordnet-japanese">
         <wf lemma="彼女" pos="X">彼女</wf>
         <wf lemma="は" pos="X">は</wf>
         <instance id="d000.s287.t000" lemma="提議" pos="NOUN">提議</instance>
         <wf lemma="を" pos="X">を</wf>
         <wf lemma="要求" pos="X">要求</wf>
         <wf lemma="し" pos="X">し</wf>
         <wf lemma="た" pos="X">た</wf>
         <wf lemma="." pos="X">.</wf>
      </sentence>
      <sentence id="d000.s288" source="wordnet-japanese">
         <wf lemma="彼" pos="X">彼</wf>
         <wf lemma="は" pos="X">は</wf>
         <wf lemma="針" pos="X">針</wf>
         <wf lemma="で" pos="X">で</wf>
         <wf lemma="布" pos="X">布</wf>
         <wf lemma="を" pos="X">を</wf>
         <instance id="d000.s288.t000" lemma="刺す" pos="VERB">刺し</instance>
         <wf lemma="た" pos="X">た</wf>
         <wf lemma="." pos="X">.</wf>
      </sentence>
      <sentence id="d000.s289" source="wordnet-japanese">
         <wf lemma="万国" pos="X">万国</wf>
         <wf lemma="の" pos="X">の</wf>
         <instance id="d000.s289.t000" lemma="労働者" pos="NOUN">労働者</instance>
         <wf lemma="よ−" pos="X">よ−</wf>
         <wf lemma="一致" pos="X">一致</wf>
         <wf lemma="団結" pos="X">団結</wf>
         <wf lemma="し" pos="X">し</wf>
         <wf lemma="よう" pos="X">よう</wf>
         <wf lemma="！" pos="X">！</wf>
         <wf lemma="." pos="X">.</wf>
      </sentence>
      <sentence id="d000.s290" source="wordnet-japanese">
         <wf lemma="へぼ" pos="X">へぼ</wf>
         <instance id="d000.s290.t000" lemma="射手" pos="NOUN">射手</instance>
         <wf lemma="." pos="X">.</wf>
      </sentence>
      <sentence id="d000.s291" source="wordnet-japanese">
         <wf lemma="借金" pos="X">借金</wf>
         <wf lemma="を" pos="X">を</wf>
         <instance id="d000.s291.t000" lemma="払う" pos="VERB">払う</instance>
         <wf lemma="." pos="X">.</wf>
      </sentence>
      <sentence id="d000.s292" source="wordnet-japanese">
         <wf lemma="彼女" pos="X">彼女</wf>
         <wf lemma="は" pos="X">は</wf>
         <wf lemma="彼" pos="X">彼</wf>
         <wf lemma="の" pos="X">の</wf>
         <instance id="d000.s292.t000" lemma="進歩" pos="NOUN">進歩</instance>
         <wf lemma="を" pos="X">を</wf>
         <wf lemma="拒絶" pos="X">拒絶</wf>
         <wf lemma="し" pos="X">し</wf>
         <wf lemma="た" pos="X">た</wf>
         <wf lemma="." pos="X">.</wf>
      </sentence>
      <sentence id="d000.s293" source="wordnet-japanese">
         <instance id="d000.s293.t000" lemma="単一" pos="ADJ">単一</instance>
         <wf lemma="の" pos="X">の</wf>
         <wf lemma="厚み" pos="X">厚み</wf>
         <wf lemma="." pos="X">.</wf>
      </sentence>
      <sentence id="d000.s294" source="wordnet-japanese">
         <wf lemma="私" pos="X">私</wf>
         <wf lemma="は" pos="X">は</wf>
         <wf lemma="彼" pos="X">彼</wf>
         <wf lemma="に" pos="X">に</wf>
         <wf lemma="薬" pos="X">薬</wf>
         <wf lemma="を" pos="X">を</wf>
         <instance id="d000.s294.t000" lemma="与える" pos="VERB">与え</instance>
         <wf lemma="た" pos="X">た</wf>
         <wf lemma="." pos="X">.</wf>
      </sentence>
      <sentence id="d000.s295" source="wordnet-japanese">
         <wf lemma="彼" pos="X">彼</wf>
         <wf lemma="は" pos="X">は</wf>
         <wf lemma="、" pos="X">、</wf>
         <instance id="d000.s295.t000" lemma="現在" pos="ADV">現在</instance>
         <wf lemma="新しい" pos="X">新しい</wf>
         <wf lemma="小説" pos="X">小説</wf>
         <wf lemma="を" pos="X">を</wf>
         <wf lemma="書く" pos="X">書く</wf>
         <wf lemma="こと" pos="X">こと</wf>
         <wf lemma="で" pos="X">で</wf>
         <wf lemma="忙しい" pos="X">忙しい</wf>
         <wf lemma="." pos="X">.</wf>
      </sentence>
      <sentence id="d000.s296" source="wordnet-japanese">
         <wf lemma="彼" pos="X">彼</wf>
         <wf lemma="は" pos="X">は</wf>
         <instance id="d000.s296.t000" lemma="断固" pos="ADV">断固</instance>
         <wf lemma="と" pos="X">と</wf>
         <wf lemma="し" pos="X">し</wf>
         <wf lemma="て" pos="X">て</wf>
         <wf lemma="過去" pos="X">過去</wf>
         <wf lemma="に" pos="X">に</wf>
         <wf lemma="し" pos="X">し</wf>
         <wf lemma="が" pos="X">が</wf>
         <wf lemma="みつい" pos="X">みつい</wf>
         <wf lemma="た" pos="X">た</wf>
         <wf lemma="." pos="X">.</wf>
      </sentence>
      <sentence id="d000.s297" source="wordnet-japanese">
         <wf lemma="彼" pos="X">彼</wf>
         <wf lemma="が" pos="X">が</wf>
         <wf lemma="失敗" pos="X">失敗</wf>
         <wf lemma="する" pos="X">する</wf>
         <wf lemma="の" pos="X">の</wf>
         <wf lemma="は" pos="X">は</wf>
         <instance id="d000.s297.t000" lemma="確実" pos="ADJ">確実</instance>
         <wf lemma="だっ" pos="X">だっ</wf>
         <wf lemma="た" pos="X">た</wf>
         <wf lemma="." pos="X">.</wf>
      </sentence>
      <sentence id="d000.s298" source="wordnet-japanese">
         <wf lemma="彼" pos="X">彼</wf>
         <wf lemma="は" pos="X">は</wf>
         <wf lemma="、" pos="X">、</wf>
         <wf lemma="スムーズ" pos="X">スムーズ</wf>
         <wf lemma="に" pos="X">に</wf>
         <wf lemma="片足" pos="X">片足</wf>
         <wf lemma="で" pos="X">で</wf>
         <instance id="d000.s298.t000" lemma="クラッチ" pos="NOUN">クラッチ</instance>
         <wf lemma="を" pos="X">を</wf>
         <wf lemma="離し" pos="X">離し</wf>
         <wf lemma="、" pos="X">、</wf>
         <wf lemma="もう" pos="X">もう</wf>
         <wf lemma="一方" pos="X">一方</wf>
         <wf lemma="の" pos="X">の</wf>
         <wf lemma="足" pos="X">足</wf>
         <wf lemma="で" pos="X">で</wf>
         <wf lemma="アクセル" pos="X">アクセル</wf>
         <wf lemma="を" pos="X">を</wf>
         <wf lemma="踏ん" pos="X">踏ん</wf>
         <wf lemma="だ" pos="X">だ</wf>
         <wf lemma="." pos="X">.</wf>
      </sentence>
      <sentence id="d000.s299" source="wordnet-japanese">
         <instance id="d000.s299.t000" lemma="高い" pos="ADJ">高い</instance>
         <wf lemma="建物" pos="X">建物</wf>
         <wf lemma="." pos="X">.</wf>
      </sentence>
      <sentence id="d000.s300" source="wordnet-japanese">
         <wf lemma="私" pos="X">私</wf>
         <wf lemma="たち" pos="X">たち</wf>
         <wf lemma="の" pos="X">の</wf>
         <wf lemma="要求" pos="X">要求</wf>
         <wf lemma="の" pos="X">の</wf>
         <wf lemma="過激" pos="X">過激</wf>
         <wf lemma="な" pos="X">な</wf>
         <instance id="d000.s300.t000" lemma="性質" pos="NOUN">性質</instance>
         <wf lemma="." pos="X">.</wf>
      </sentence>
      <sentence id="d000.s301" source="wordnet-japanese">
         <wf lemma="映画" pos="X">映画</wf>
         <wf lemma="は" pos="X">は</wf>
         <instance id="d000.s301.t000" lemma="楽しい" pos="ADJ">楽しく</instance>
         <wf lemma="なく" pos="X">なく</wf>
         <wf lemma="て" pos="X">て</wf>
         <wf lemma="は" pos="X">は</wf>
         <wf lemma="なら" pos="X">なら</wf>
         <wf lemma="ない" pos="X">ない</wf>
         <wf lemma="." pos="X">.</wf>
      </sentence>
      <sentence id="d000.s302" source="wordnet-japanese">
         <instance id="d000.s302.t000" lemma="教育" pos="NOUN">教育</instance>
         <wf lemma="は" pos="X">は</wf>
         <wf lemma="人生" pos="X">人生</wf>
         <wf lemma="の" pos="X">の</wf>
         <wf lemma="準備" pos="X">準備</wf>
         <wf lemma="だ" pos="X">だ</wf>
         <wf lemma="." pos="X">.</wf>
      </sentence>
      <sentence id="d000.s303" source="wordnet-japanese">
         <wf lemma="その" pos="X">その</wf>
         <wf lemma="映画" pos="X">映画</wf>
         <wf lemma="は" pos="X">は</wf>
         <wf lemma="むしろ" pos="X">むしろ</wf>
         <wf lemma="面白い" pos="X">面白い</wf>
         <wf lemma="と" pos="X">と</wf>
         <instance id="d000.s303.t000" lemma="思う" pos="VERB">思っ</instance>
         <wf lemma="た" pos="X">た</wf>
         <wf lemma="." pos="X">.</wf>
      </sentence>
      <sentence id="d000.s304" source="wordnet-japanese">
         <wf lemma="彼" pos="X">彼</wf>
         <wf lemma="は" pos="X">は</wf>
         <wf lemma="、" pos="X">、</wf>
         <wf lemma="インタビュー" pos="X">インタビュー</wf>
         <wf lemma="を" pos="X">を</wf>
         <wf lemma="記録" pos="X">記録</wf>
         <wf lemma="する" pos="X">する</wf>
         <wf lemma="ため" pos="X">ため</wf>
         <wf lemma="に" pos="X">に</wf>
         <wf lemma="、" pos="X">、</wf>
         <wf lemma="1" pos="X">1</wf>
         <wf lemma="ダース" pos="X">ダース</wf>
         <wf lemma="の" pos="X">の</wf>
         <instance id="d000.s304.t000" lemma="テープ" pos="NOUN">テープ</instance>
         <wf lemma="を" pos="X">を</wf>
         <wf lemma="持っ" pos="X">持っ</wf>
         <wf lemma="て" pos="X">て</wf>
         <wf lemma="来" pos="X">来</wf>
         <wf lemma="た" pos="X">た</wf>
         <wf lemma="." pos="X">.</wf>
      </sentence>
      <sentence id="d000.s305" source="wordnet-japanese">
         <wf lemma="塩基性" pos="X">塩基性</wf>
         <wf lemma="染料" pos="X">染料</wf>
         <wf lemma="は" pos="X">は</wf>
         <wf lemma="ウール" pos="X">ウール</wf>
         <wf lemma="や" pos="X">や</wf>
         <wf lemma="シルク" pos="X">シルク</wf>
         <wf lemma="と" pos="X">と</wf>
         <instance id="d000.s305.t000" lemma="相性" pos="NOUN">相性</instance>
         <wf lemma="が" pos="X">が</wf>
         <wf lemma="よい." pos="X">よい.</wf>
      </sentence>
      <sentence id="d000.s306" source="wordnet-japanese">
         <wf lemma="彼ら" pos="X">彼ら</wf>
         <wf lemma="は" pos="X">は</wf>
         <wf lemma="ベートーベン" pos="X">ベートーベン</wf>
         <wf lemma="によって" pos="X">によって</wf>
         <wf lemma="作曲" pos="X">作曲</wf>
         <wf lemma="さ" pos="X">さ</wf>
         <wf lemma="れ" pos="X">れ</wf>
         <wf lemma="た" pos="X">た</wf>
         <instance id="d000.s306.t000" lemma="ミサ" pos="NOUN">ミサ</instance>
         <wf lemma="を" pos="X">を</wf>
         <wf lemma="演奏" pos="X">演奏</wf>
         <wf lemma="し" pos="X">し</wf>
         <wf lemma="た" pos="X">た</wf>
         <wf lemma="." pos="X">.</wf>
      </sentence>
      <sentence id="d000.s307" source="wordnet-japanese">
         <instance id="d000.s307.t000" lemma="従順" pos="ADJ">従順</instance>
         <wf lemma="な" pos="X">な</wf>
         <wf lemma="兵士" pos="X">兵士</wf>
         <wf lemma="." pos="X">.</wf>
      </sentence>
      <sentence id="d000.s308" source="wordnet-japanese">
         <wf lemma="私" pos="X">私</wf>
         <wf lemma="の" pos="X">の</wf>
         <wf lemma="妻" pos="X">妻</wf>
         <wf lemma="は" pos="X">は</wf>
         <wf lemma="決して" pos="X">決して</wf>
         <instance id="d000.s308.t000" lemma="働く" pos="VERB">働か</instance>
         <wf lemma="なかっ" pos="X">なかっ</wf>
         <wf lemma="た" pos="X">た</wf>
         <wf lemma="." pos="X">.</wf>
      </sentence>
      <sentence id="d000.s309" source="wordnet-japanese">
         <instance id="d000.s309.t000" lemma="静か" pos="ADJ">静か</instance>
         <wf lemma="な" pos="X">な</wf>
         <wf lemma="良い" pos="X">良い</wf>
         <wf lemma="味覚" pos="X">味覚</wf>
         <wf lemma="の" pos="X">の</wf>
         <wf lemma="服" pos="X">服</wf>
         <wf lemma="." pos="X">.</wf>
      </sentence>
      <sentence id="d000.s310" source="wordnet-japanese">
         <wf lemma="彼ら" pos="X">彼ら</wf>
         <wf lemma="は" pos="X">は</wf>
         <instance id="d000.s310.t000" lemma="野生" pos="NOUN">野生</instance>
         <wf lemma="の" pos="X">の</wf>
         <wf lemma="地" pos="X">地</wf>
         <wf lemma="でき" pos="X">でき</wf>
         <wf lemma="の" pos="X">の</wf>
         <wf lemma="こ" pos="X">こ</wf>
         <wf lemma="を" pos="X">を</wf>
         <wf lemma="採集" pos="X">採集</wf>
         <wf lemma="し" pos="X">し</wf>
         <wf lemma="た" pos="X">た</wf>
         <wf lemma="." pos="X">.</wf>
      </sentence>
      <sentence id="d000.s311" source="wordnet-japanese">
         <instance id="d000.s311.t000" lemma="頑丈" pos="ADJ">頑丈</instance>
         <wf lemma="な" pos="X">な</wf>
         <wf lemma="若い" pos="X">若い</wf>
         <wf lemma="スポーツ" pos="X">スポーツ</wf>
         <wf lemma="選手" pos="X">選手</wf>
         <wf lemma="." pos="X">.</wf>
      </sentence>
      <sentence id="d000.s312" source="wordnet-japanese">
         <wf lemma="彼" pos="X">彼</wf>
         <wf lemma="は" pos="X">は</wf>
         <instance id="d000.s312.t000" lemma="ドア" pos="NOUN">ドア</instance>
         <wf lemma="を" pos="X">を</wf>
         <wf lemma="ノック" pos="X">ノック</wf>
         <wf lemma="し" pos="X">し</wf>
         <wf lemma="た" pos="X">た</wf>
         <wf lemma="." pos="X">.</wf>
      </sentence>
      <sentence id="d000.s313" source="wordnet-japanese">
         <wf lemma="彼" pos="X">彼</wf>
         <wf lemma="は" pos="X">は</wf>
         <wf lemma="他の" pos="X">他の</wf>
         <wf lemma="ランナー" pos="X">ランナー</wf>
         <wf lemma="を" pos="X">を</wf>
         <instance id="d000.s313.t000" lemma="引き離す" pos="VERB">引き離し</instance>
         <wf lemma="た" pos="X">た</wf>
         <wf lemma="." pos="X">.</wf>
      </sentence>
      <sentence id="d000.s314" source="wordnet-japanese">
         <wf lemma="不安" pos="X">不安</wf>
         <wf lemma="の" pos="X">の</wf>
         <instance id="d000.s314.t000" lemma="周期的" pos="ADJ">周期的</instance>
         <wf lemma="な" pos="X">な</wf>
         <wf lemma="感情" pos="X">感情</wf>
         <wf lemma="." pos="X">.</wf>
      </sentence>
      <sentence id="d000.s315" source="wordnet-japanese">
         <instance id="d000.s315.t000" lemma="濃厚" pos="ADJ">濃厚</instance>
         <wf lemma="な" pos="X">な</wf>
         <wf lemma="スープ" pos="X">スープ</wf>
         <wf lemma="." pos="X">.</wf>
      </sentence>
      <sentence id="d000.s316" source="wordnet-japanese">
         <wf lemma="この" pos="X">この</wf>
         <wf lemma="コース" pos="X">コース</wf>
         <wf lemma="の" pos="X">の</wf>
         <instance id="d000.s316.t000" lemma="パー" pos="NOUN">パー</instance>
         <wf lemma="は" pos="X">は</wf>
         <wf lemma="72" pos="X">72</wf>
         <wf lemma="である" pos="X">である</wf>
         <wf lemma="." pos="X">.</wf>
      </sentence>
      <sentence id="d000.s317" source="wordnet-japanese">
         <wf lemma="傷" pos="X">傷</wf>
         <wf lemma="は" pos="X">は</wf>
         <instance id="d000.s317.t000" lemma="打撲傷" pos="NOUN">打撲傷</instance>
         <wf lemma="によった" pos="X">によった</wf>
         <wf lemma="." pos="X">.</wf>
      </sentence>
      <sentence id="d000.s318" source="wordnet-japanese">
         <wf lemma="スタイル" pos="X">スタイル</wf>
         <wf lemma="の" pos="X">の</wf>
         <instance id="d000.s318.t000" lemma="奇抜" pos="ADJ">奇抜</instance>
         <wf lemma="な" pos="X">な</wf>
         <wf lemma="組み合わせ" pos="X">組み合わせ</wf>
         <wf lemma="." pos="X">.</wf>
      </sentence>
      <sentence id="d000.s319" source="wordnet-japanese">
         <wf lemma="疫病" pos="X">疫病</wf>
         <wf lemma="の" pos="X">の</wf>
         <instance id="d000.s319.t000" lemma="毒性" pos="NOUN">毒性</instance>
         <wf lemma="." pos="X">.</wf>
      </sentence>
      <sentence id="d000.s320" source="wordnet-japanese">
         <wf lemma="彼" pos="X">彼</wf>
         <wf lemma="は" pos="X">は</wf>
         <wf lemma="大学" pos="X">大学</wf>
         <wf lemma="で" pos="X">で</wf>
         <wf lemma="一番" pos="X">一番</wf>
         <wf lemma="の" pos="X">の</wf>
         <instance id="d000.s320.t000" lemma="友人" pos="NOUN">友人</instance>
         <wf lemma="だっ" pos="X">だっ</wf>
         <wf lemma="た" pos="X">た</wf>
         <wf lemma="." pos="X">.</wf>
      </sentence>
      <sentence id="d000.s321" source="wordnet-japanese">
         <wf lemma="彼" pos="X">彼</wf>
         <wf lemma="は" pos="X">は</wf>
         <wf lemma="学術" pos="X">学術</wf>
         <wf lemma="の" pos="X">の</wf>
         <wf lemma="世界" pos="X">世界</wf>
         <wf lemma="に" pos="X">に</wf>
         <wf lemma="自分" pos="X">自分</wf>
         <wf lemma="の" pos="X">の</wf>
         <instance id="d000.s321.t000" lemma="適所" pos="NOUN">適所</instance>
         <wf lemma="を" pos="X">を</wf>
         <wf lemma="見つけ" pos="X">見つけ</wf>
         <wf lemma="た" pos="X">た</wf>
         <wf lemma="." pos="X">.</wf>
      </sentence>
      <sentence id="d000.s322" source="wordnet-japanese">
         <wf lemma="良い" pos="X">良い</wf>
         <wf lemma="ボクサー" pos="X">ボクサー</wf>
         <wf lemma="に" pos="X">に</wf>
         <wf lemma="は" pos="X">は</wf>
         <wf lemma="、" pos="X">、</wf>
         <wf lemma="良い" pos="X">良い</wf>
         <instance id="d000.s322.t000" lemma="防御" pos="NOUN">防御</instance>
         <wf lemma="が" pos="X">が</wf>
         <wf lemma="必要" pos="X">必要</wf>
         <wf lemma="で" pos="X">で</wf>
         <wf lemma="ある" pos="X">ある</wf>
         <wf lemma="." pos="X">.</wf>
      </sentence>
      <sentence id="d000.s323" source="wordnet-japanese">
         <wf lemma="スカイダイビング" pos="X">スカイダイビング</wf>
         <wf lemma="は" pos="X">は</wf>
         <instance id="d000.s323.t000" lemma="危険" pos="ADJ">危険</instance>
         <wf lemma="な" pos="X">な</wf>
         <wf lemma="スポーツ" pos="X">スポーツ</wf>
         <wf lemma="である" pos="X">である</wf>
         <wf lemma="." pos="X">.</wf>
      </sentence>
      <sentence id="d000.s324" source="wordnet-japanese">
         <wf lemma="何世紀" pos="X">何世紀</wf>
         <wf lemma="もの間" pos="X">もの間</wf>
         <wf lemma="、" pos="X">、</wf>
         <wf lemma="特に" pos="X">特に</wf>
         <wf lemma="お" pos="X">お</wf>
         <wf lemma="祝い" pos="X">祝い</wf>
         <wf lemma="の" pos="X">の</wf>
         <wf lemma="出来事" pos="X">出来事</wf>
         <wf lemma="に" pos="X">に</wf>
         <wf lemma="、" pos="X">、</wf>
         <wf lemma="ゼリー" pos="X">ゼリー</wf>
         <wf lemma="は" pos="X">は</wf>
         <wf lemma="英国" pos="X">英国</wf>
         <wf lemma="の" pos="X">の</wf>
         <wf lemma="デザート" pos="X">デザート</wf>
         <wf lemma="の" pos="X">の</wf>
         <wf lemma="間" pos="X">間</wf>
         <wf lemma="で" pos="X">で</wf>
         <instance id="d000.s324.t000" lemma="重要" pos="ADV">重要</instance>
         <wf lemma="な" pos="X">な</wf>
         <wf lemma="こと" pos="X">こと</wf>
         <wf lemma="を" pos="X">を</wf>
         <wf lemma="あらわし" pos="X">あらわし</wf>
         <wf lemma="た" pos="X">た</wf>
         <wf lemma="." pos="X">.</wf>
      </sentence>
      <sentence id="d000.s325" source="wordnet-japanese">
         <wf lemma="社会的" pos="X">社会的</wf>
         <wf lemma="動物" pos="X">動物</wf>
         <wf lemma="の" pos="X">の</wf>
         <wf lemma="利他的" pos="X">利他的</wf>
         <instance id="d000.s325.t000" lemma="本能" pos="NOUN">本能</instance>
         <wf lemma="." pos="X">.</wf>
      </sentence>
      <sentence id="d000.s326" source="wordnet-japanese">
         <wf lemma="討論" pos="X">討論</wf>
         <wf lemma="に" pos="X">に</wf>
         <instance id="d000.s326.t000" lemma="無関係" pos="ADJ">無関係</instance>
         <wf lemma="の" pos="X">の</wf>
         <wf lemma="問題" pos="X">問題</wf>
         <wf lemma="." pos="X">.</wf>
      </sentence>
      <sentence id="d000.s327" source="wordnet-japanese">
         <wf lemma="イスラム教徒" pos="X">イスラム教徒</wf>
         <wf lemma="の" pos="X">の</wf>
         <wf lemma="女性" pos="X">女性</wf>
         <wf lemma="は" pos="X">は</wf>
         <wf lemma="顔" pos="X">顔</wf>
         <wf lemma="を" pos="X">を</wf>
         <instance id="d000.s327.t000" lemma="隠す" pos="VERB">隠す</instance>
         <wf lemma="." pos="X">.</wf>
      </sentence>
      <sentence id="d000.s328" source="wordnet-japanese">
         <instance id="d000.s328.t000" lemma="単語" pos="NOUN">単語</instance>
         <wf lemma="は" pos="X">は</wf>
         <wf lemma="文" pos="X">文</wf>
         <wf lemma="を" pos="X">を</wf>
         <wf lemma="作る" pos="X">作る</wf>
         <wf lemma="単位" pos="X">単位</wf>
         <wf lemma="だ" pos="X">だ</wf>
         <wf lemma="." pos="X">.</wf>
      </sentence>
      <sentence id="d000.s329" source="wordnet-japanese">
         <wf lemma="彼" pos="X">彼</wf>
         <wf lemma="は" pos="X">は</wf>
         <wf lemma="コンピュータゲーム" pos="X">コンピュータゲーム</wf>
         <wf lemma="を" pos="X">を</wf>
         <wf lemma="し" pos="X">し</wf>
         <wf lemma="て" pos="X">て</wf>
         <wf lemma="い" pos="X">い</wf>
         <wf lemma="て" pos="X">て</wf>
         <wf lemma="、" pos="X">、</wf>
         <instance id="d000.s329.t000" lemma="仕事" pos="NOUN">仕事</instance>
         <wf lemma="の" pos="X">の</wf>
         <wf lemma="ベル" pos="X">ベル</wf>
         <wf lemma="を" pos="X">を</wf>
         <wf lemma="聞き逃し" pos="X">聞き逃し</wf>
         <wf lemma="た" pos="X">た</wf>
         <wf lemma="." pos="X">.</wf>
      </sentence>
      <sentence id="d000.s330" source="wordnet-japanese">
         <wf lemma="死" pos="X">死</wf>
         <wf lemma="と" pos="X">と</wf>
         <wf lemma="絶望" pos="X">絶望</wf>
         <wf lemma="の" pos="X">の</wf>
         <instance id="d000.s330.t000" lemma="悲しい" pos="ADJ">悲しい</instance>
         <wf lemma="物語" pos="X">物語</wf>
         <wf lemma="." pos="X">.</wf>
      </sentence>
      <sentence id="d000.s331" source="wordnet-japanese">
         <wf lemma="彼ら" pos="X">彼ら</wf>
         <wf lemma="の" pos="X">の</wf>
         <wf lemma="宣言" pos="X">宣言</wf>
         <wf lemma="の" pos="X">の</wf>
         <instance id="d000.s331.t000" lemma="根拠" pos="NOUN">根拠</instance>
         <wf lemma="." pos="X">.</wf>
      </sentence>
      <sentence id="d000.s332" source="wordnet-japanese">
         <wf lemma="その" pos="X">その</wf>
         <wf lemma="バスケット" pos="X">バスケット</wf>
         <wf lemma="ボール" pos="X">ボール</wf>
         <wf lemma="選手" pos="X">選手</wf>
         <wf lemma="は" pos="X">は</wf>
         <wf lemma="ある" pos="X">ある</wf>
         <wf lemma="チーム" pos="X">チーム</wf>
         <wf lemma="から" pos="X">から</wf>
         <wf lemma="別" pos="X">別</wf>
         <wf lemma="の" pos="X">の</wf>
         <wf lemma="チーム" pos="X">チーム</wf>
         <wf lemma="に" pos="X">に</wf>
         <instance id="d000.s332.t000" lemma="移る" pos="VERB">移っ</instance>
         <wf lemma="た" pos="X">た</wf>
         <wf lemma="." pos="X">.</wf>
      </sentence>
      <sentence id="d000.s333" source="wordnet-japanese">
         <wf lemma="ビル" pos="X">ビル</wf>
         <wf lemma="は" pos="X">は</wf>
         <wf lemma="きちんと" pos="X">きちんと</wf>
         <wf lemma="すべ" pos="X">すべ</wf>
         <wf lemma="て" pos="X">て</wf>
         <instance id="d000.s333.t000" lemma="並ぶ" pos="VERB">並ぶ</instance>
         <wf lemma="." pos="X">.</wf>
      </sentence>
      <sentence id="d000.s334" source="wordnet-japanese">
         <wf lemma="彼女" pos="X">彼女</wf>
         <wf lemma="は" pos="X">は</wf>
         <wf lemma="足" pos="X">足</wf>
         <wf lemma="を" pos="X">を</wf>
         <instance id="d000.s334.t000" lemma="組む" pos="VERB">組ん</instance>
         <wf lemma="だ" pos="X">だ</wf>
         <wf lemma="." pos="X">.</wf>
      </sentence>
      <sentence id="d000.s335" source="wordnet-japanese">
         <instance id="d000.s335.t000" lemma="良い" pos="ADJ">良い</instance>
         <wf lemma="音楽" pos="X">音楽</wf>
         <wf lemma="." pos="X">.</wf>
      </sentence>
      <sentence id="d000.s336" source="wordnet-japanese">
         <wf lemma="パン" pos="X">パン</wf>
         <wf lemma="の" pos="X">の</wf>
         <wf lemma="価格" pos="X">価格</wf>
         <wf lemma="を" pos="X">を</wf>
         <instance id="d000.s336.t000" lemma="上げる" pos="VERB">上げ</instance>
         <wf lemma="て" pos="X">て</wf>
         <wf lemma="ください" pos="X">ください</wf>
         <wf lemma="." pos="X">.</wf>
      </sentence>
      <sentence id="d000.s337" source="wordnet-japanese">
         <wf lemma="気候" pos="X">気候</wf>
         <wf lemma="は" pos="X">は</wf>
         <instance id="d000.s337.t000" lemma="穏やか" pos="ADJ">穏やか</instance>
         <wf lemma="で" pos="X">で</wf>
         <wf lemma="生命" pos="X">生命</wf>
         <wf lemma="または" pos="X">または</wf>
         <wf lemma="成長" pos="X">成長</wf>
         <wf lemma="の" pos="X">の</wf>
         <wf lemma="助け" pos="X">助け</wf>
         <wf lemma="に" pos="X">に</wf>
         <wf lemma="なっ" pos="X">なっ</wf>
         <wf lemma="た" pos="X">た</wf>
         <wf lemma="." pos="X">.</wf>
      </sentence>
      <sentence id="d000.s338" source="wordnet-japanese">
         <wf lemma="その" pos="X">その</wf>
         <wf lemma="問題" pos="X">問題</wf>
         <wf lemma="を" pos="X">を</wf>
         <wf lemma="解決" pos="X">解決</wf>
         <wf lemma="し" pos="X">し</wf>
         <wf lemma="た" pos="X">た</wf>
         <instance id="d000.s338.t000" lemma="バイオテクノロジー" pos="NOUN">バイオテクノロジー</instance>
         <wf lemma="によって" pos="X">によって</wf>
         <wf lemma="作ら" pos="X">作ら</wf>
         <wf lemma="れ" pos="X">れ</wf>
         <wf lemma="た" pos="X">た</wf>
         <wf lemma="遺伝的" pos="X">遺伝的</wf>
         <wf lemma="に" pos="X">に</wf>
         <wf lemma="変質" pos="X">変質</wf>
         <wf lemma="さ" pos="X">さ</wf>
         <wf lemma="れ" pos="X">れ</wf>
         <wf lemma="た" pos="X">た</wf>
         <wf lemma="バクテリア" pos="X">バクテリア</wf>
         <wf lemma="." pos="X">.</wf>
      </sentence>
      <sentence id="d000.s339" source="wordnet-japanese">
         <instance id="d000.s339.t000" lemma="細い" pos="ADJ">細い</instance>
         <wf lemma="糸" pos="X">糸</wf>
         <wf lemma="." pos="X">.</wf>
      </sentence>
      <sentence id="d000.s340" source="wordnet-japanese">
         <wf lemma="彼" pos="X">彼</wf>
         <wf lemma="は" pos="X">は</wf>
         <wf lemma="子供" pos="X">子供</wf>
         <wf lemma="を" pos="X">を</wf>
         <wf lemma="田舎" pos="X">田舎</wf>
         <wf lemma="に" pos="X">に</wf>
         <instance id="d000.s340.t000" lemma="移す" pos="VERB">移し</instance>
         <wf lemma="た" pos="X">た</wf>
         <wf lemma="." pos="X">.</wf>
      </sentence>
      <sentence id="d000.s341" source="wordnet-japanese">
         <instance id="d000.s341.t000" lemma="超常的" pos="ADJ">超常的</instance>
         <wf lemma="な" pos="X">な</wf>
         <wf lemma="顕示" pos="X">顕示</wf>
         <wf lemma="に" pos="X">に</wf>
         <wf lemma="見え" pos="X">見え</wf>
         <wf lemma="た" pos="X">た</wf>
         <wf lemma="もの" pos="X">もの</wf>
         <wf lemma="." pos="X">.</wf>
      </sentence>
      <sentence id="d000.s342" source="wordnet-japanese">
         <wf lemma="彼" pos="X">彼</wf>
         <wf lemma="は" pos="X">は</wf>
         <instance id="d000.s342.t000" lemma="誇らしげ" pos="ADV">誇らしげ</instance>
         <wf lemma="に" pos="X">に</wf>
         <wf lemma="町" pos="X">町</wf>
         <wf lemma="に" pos="X">に</wf>
         <wf lemma="入っ" pos="X">入っ</wf>
         <wf lemma="た" pos="X">た</wf>
         <wf lemma="." pos="X">.</wf>
      </sentence>
      <sentence id="d000.s343" source="wordnet-japanese">
         <wf lemma="逃亡者" pos="X">逃亡者</wf>
         <wf lemma="は" pos="X">は</wf>
         <wf lemma="国" pos="X">国</wf>
         <wf lemma="を" pos="X">を</wf>
         <instance id="d000.s343.t000" lemma="去る" pos="VERB">去っ</instance>
         <wf lemma="た" pos="X">た</wf>
         <wf lemma="." pos="X">.</wf>
      </sentence>
      <sentence id="d000.s344" source="wordnet-japanese">
         <wf lemma="この" pos="X">この</wf>
         <wf lemma="人生" pos="X">人生</wf>
         <wf lemma="において" pos="X">において</wf>
         <wf lemma="、" pos="X">、</wf>
         <instance id="d000.s344.t000" lemma="確か" pos="ADJ">確か</instance>
         <wf lemma="な" pos="X">な</wf>
         <wf lemma="もの" pos="X">もの</wf>
         <wf lemma="は" pos="X">は</wf>
         <wf lemma="何も" pos="X">何も</wf>
         <wf lemma="ない" pos="X">ない</wf>
         <wf lemma="、" pos="X">、</wf>
         <wf lemma="死" pos="X">死</wf>
         <wf lemma="と" pos="X">と</wf>
         <wf lemma="税金" pos="X">税金</wf>
         <wf lemma="を" pos="X">を</wf>
         <wf lemma="除い" pos="X">除い</wf>
         <wf lemma="て" pos="X">て</wf>
         <wf lemma="は" pos="X">は</wf>
         <wf lemma="−ベンジャミン" pos="X">−ベンジャミン</wf>
         <wf lemma="・" pos="X">・</wf>
         <wf lemma="フランクリン" pos="X">フランクリン</wf>
         <wf lemma="." pos="X">.</wf>
      </sentence>
      <sentence id="d000.s345" source="wordnet-japanese">
         <instance id="d000.s345.t000" lemma="風刺" pos="NOUN">風刺</instance>
         <wf lemma="は" pos="X">は</wf>
         <wf lemma="、" pos="X">、</wf>
         <wf lemma="見る" pos="X">見る</wf>
         <wf lemma="人" pos="X">人</wf>
         <wf lemma="が" pos="X">が</wf>
         <wf lemma="通常" pos="X">通常</wf>
         <wf lemma="、" pos="X">、</wf>
         <wf lemma="彼ら" pos="X">彼ら</wf>
         <wf lemma="自身" pos="X">自身</wf>
         <wf lemma="の" pos="X">の</wf>
         <wf lemma="もの" pos="X">もの</wf>
         <wf lemma="以外" pos="X">以外</wf>
         <wf lemma="の" pos="X">の</wf>
         <wf lemma="みんな" pos="X">みんな</wf>
         <wf lemma="の" pos="X">の</wf>
         <wf lemma="顔" pos="X">顔</wf>
         <wf lemma="を" pos="X">を</wf>
         <wf lemma="発見" pos="X">発見</wf>
         <wf lemma="する" pos="X">する</wf>
         <wf lemma="一" pos="X">一</wf>
         <wf lemma="種" pos="X">種</wf>
         <wf lemma="の" pos="X">の</wf>
         <wf lemma="ガラス" pos="X">ガラス</wf>
         <wf lemma="である" pos="X">である</wf>
         <wf lemma="−" pos="X">−</wf>
         <wf lemma="ジョナサ" pos="X">ジョナサ</wf>
         <wf lemma="・" pos="X">・</wf>
         <wf lemma="スウィフト" pos="X">スウィフト</wf>
         <wf lemma="." pos="X">.</wf>
      </sentence>
      <sentence id="d000.s346" source="wordnet-japanese">
         <instance id="d000.s346.t000" lemma="全血" pos="NOUN">全血</instance>
         <wf lemma="は" pos="X">は</wf>
         <wf lemma="、" pos="X">、</wf>
         <wf lemma="通常" pos="X">通常</wf>
         <wf lemma="、" pos="X">、</wf>
         <wf lemma="輸血" pos="X">輸血</wf>
         <wf lemma="に" pos="X">に</wf>
         <wf lemma="使用" pos="X">使用</wf>
         <wf lemma="さ" pos="X">さ</wf>
         <wf lemma="れる" pos="X">れる</wf>
         <wf lemma="." pos="X">.</wf>
      </sentence>
      <sentence id="d000.s347" source="wordnet-japanese">
         <instance id="d000.s347.t000" lemma="建設的" pos="ADJ">建設的</instance>
         <wf lemma="な" pos="X">な</wf>
         <wf lemma="態度" pos="X">態度</wf>
         <wf lemma="." pos="X">.</wf>
      </sentence>
      <sentence id="d000.s348" source="wordnet-japanese">
         <instance id="d000.s348.t000" lemma="速い" pos="ADJ">速い</instance>
         <wf lemma="道路" pos="X">道路</wf>
         <wf lemma="." pos="X">.</wf>
      </sentence>
      <sentence id="d000.s349" source="wordnet-japanese">
         <wf lemma="彼" pos="X">彼</wf>
         <wf lemma="は" pos="X">は</wf>
         <wf lemma="仲間" pos="X">仲間</wf>
         <wf lemma="の" pos="X">の</wf>
         <instance id="d000.s349.t000" lemma="前" pos="NOUN">前</instance>
         <wf lemma="で" pos="X">で</wf>
         <wf lemma="は" pos="X">は</wf>
         <wf lemma="行儀" pos="X">行儀</wf>
         <wf lemma="が" pos="X">が</wf>
         <wf lemma="良かっ" pos="X">良かっ</wf>
         <wf lemma="た" pos="X">た</wf>
         <wf lemma="." pos="X">.</wf>
      </sentence>
      <sentence id="d000.s350" source="wordnet-japanese">
         <wf lemma="増大" pos="X">増大</wf>
         <wf lemma="し" pos="X">し</wf>
         <wf lemma="た" pos="X">た</wf>
         <instance id="d000.s350.t000" lemma="移民" pos="NOUN">移民</instance>
         <wf lemma="が" pos="X">が</wf>
         <wf lemma="植民地" pos="X">植民地</wf>
         <wf lemma="を" pos="X">を</wf>
         <wf lemma="強化" pos="X">強化</wf>
         <wf lemma="し" pos="X">し</wf>
         <wf lemma="た" pos="X">た</wf>
         <wf lemma="." pos="X">.</wf>
      </sentence>
      <sentence id="d000.s351" source="wordnet-japanese">
         <instance id="d000.s351.t000" lemma="自動人形" pos="NOUN">自動人形</instance>
         <wf lemma="で" pos="X">で</wf>
         <wf lemma="も" pos="X">も</wf>
         <wf lemma="なけれ" pos="X">なけれ</wf>
         <wf lemma="ば" pos="X">ば</wf>
         <wf lemma="、" pos="X">、</wf>
         <wf lemma="気" pos="X">気</wf>
         <wf lemma="が" pos="X">が</wf>
         <wf lemma="つい" pos="X">つい</wf>
         <wf lemma="た" pos="X">た</wf>
         <wf lemma="は" pos="X">は</wf>
         <wf lemma="ずだ." pos="X">ずだ.</wf>
      </sentence>
      <sentence id="d000.s352" source="wordnet-japanese">
         <wf lemma="シャッター" pos="X">シャッター</wf>
         <wf lemma="が" pos="X">が</wf>
         <wf lemma="開い" pos="X">開い</wf>
         <wf lemma="て" pos="X">て</wf>
         <wf lemma="いる" pos="X">いる</wf>
         <wf lemma="時" pos="X">時</wf>
         <wf lemma="に" pos="X">に</wf>
         <instance id="d000.s352.t000" lemma="明るい" pos="ADJ">明るい</instance>
         <wf lemma="部屋" pos="X">部屋</wf>
         <wf lemma="." pos="X">.</wf>
      </sentence>
      <sentence id="d000.s353" source="wordnet-japanese">
         <wf lemma="否定" pos="X">否定</wf>
         <wf lemma="の" pos="X">の</wf>
         <instance id="d000.s353.t000" lemma="プロセス" pos="NOUN">プロセス</instance>
         <wf lemma="." pos="X">.</wf>
      </sentence>
      <sentence id="d000.s354" source="wordnet-japanese">
         <instance id="d000.s354.t000" lemma="憂鬱" pos="ADJ">憂鬱</instance>
         <wf lemma="な" pos="X">な</wf>
         <wf lemma="気分" pos="X">気分</wf>
         <wf lemma="." pos="X">.</wf>
      </sentence>
      <sentence id="d000.s355" source="wordnet-japanese">
         <wf lemma="私" pos="X">私</wf>
         <wf lemma="は" pos="X">は</wf>
         <instance id="d000.s355.t000" lemma="十分" pos="ADV">十分</instance>
         <wf lemma="に" pos="X">に</wf>
         <wf lemma="食べ" pos="X">食べ</wf>
         <wf lemma="まし" pos="X">まし</wf>
         <wf lemma="た" pos="X">た</wf>
         <wf lemma="か" pos="X">か</wf>
         <wf lemma="？" pos="X">？</wf>
         <wf lemma="." pos="X">.</wf>
      </sentence>
      <sentence id="d000.s356" source="wordnet-japanese">
         <wf lemma="都市" pos="X">都市</wf>
         <wf lemma="計画" pos="X">計画</wf>
         <wf lemma="委員会" pos="X">委員会</wf>
         <wf lemma="は" pos="X">は</wf>
         <wf lemma="新しい" pos="X">新しい</wf>
         <wf lemma="開発" pos="X">開発</wf>
         <wf lemma="の" pos="X">の</wf>
         <wf lemma="ため" pos="X">ため</wf>
         <wf lemma="の" pos="X">の</wf>
         <instance id="d000.s356.t000" lemma="マスタープラン" pos="NOUN">マスタープラン</instance>
         <wf lemma="を" pos="X">を</wf>
         <wf lemma="採用" pos="X">採用</wf>
         <wf lemma="し" pos="X">し</wf>
         <wf lemma="た" pos="X">た</wf>
         <wf lemma="." pos="X">.</wf>
      </sentence>
      <sentence id="d000.s357" source="wordnet-japanese">
         <wf lemma="豆" pos="X">豆</wf>
         <wf lemma="の" pos="X">の</wf>
         <instance id="d000.s357.t000" lemma="畑" pos="NOUN">畑</instance>
         <wf lemma="." pos="X">.</wf>
      </sentence>
      <sentence id="d000.s358" source="wordnet-japanese">
         <instance id="d000.s358.t000" lemma="柔軟" pos="ADJ">柔軟</instance>
         <wf lemma="な" pos="X">な</wf>
         <wf lemma="想像" pos="X">想像</wf>
         <wf lemma="." pos="X">.</wf>
      </sentence>
      <sentence id="d000.s359" source="wordnet-japanese">
         <wf lemma="その" pos="X">その</wf>
         <wf lemma="布告" pos="X">布告</wf>
         <wf lemma="に" pos="X">に</wf>
         <wf lemma="多く" pos="X">多く</wf>
         <wf lemma="の" pos="X">の</wf>
         <instance id="d000.s359.t000" lemma="解釈" pos="NOUN">解釈</instance>
         <wf lemma="が" pos="X">が</wf>
         <wf lemma="なさ" pos="X">なさ</wf>
         <wf lemma="れ" pos="X">れ</wf>
         <wf lemma="た" pos="X">た</wf>
         <wf lemma="." pos="X">.</wf>
      </sentence>
      <sentence id="d000.s360" source="wordnet-japanese">
         <wf lemma="にんに" pos="X">にんに</wf>
         <wf lemma="く" pos="X">く</wf>
         <wf lemma="を" pos="X">を</wf>
         <instance id="d000.s360.t000" lemma="刻む" pos="VERB">刻む</instance>
         <wf lemma="." pos="X">.</wf>
      </sentence>
      <sentence id="d000.s361" source="wordnet-japanese">
         <wf lemma="混乱" pos="X">混乱</wf>
         <wf lemma="によって" pos="X">によって</wf>
         <wf lemma="、" pos="X">、</wf>
         <wf lemma="彼" pos="X">彼</wf>
         <wf lemma="の" pos="X">の</wf>
         <wf lemma="不幸" pos="X">不幸</wf>
         <wf lemma="な" pos="X">な</wf>
         <instance id="d000.s361.t000" lemma="過失" pos="NOUN">過失</instance>
         <wf lemma="が" pos="X">が</wf>
         <wf lemma="引き起こ" pos="X">引き起こ</wf>
         <wf lemma="さ" pos="X">さ</wf>
         <wf lemma="れ" pos="X">れ</wf>
         <wf lemma="た" pos="X">た</wf>
         <wf lemma="." pos="X">.</wf>
      </sentence>
      <sentence id="d000.s362" source="wordnet-japanese">
         <wf lemma="彼女" pos="X">彼女</wf>
         <wf lemma="は" pos="X">は</wf>
         <wf lemma="最初" pos="X">最初</wf>
         <wf lemma="に" pos="X">に</wf>
         <wf lemma="いつも" pos="X">いつも</wf>
         <wf lemma="子供" pos="X">子供</wf>
         <wf lemma="の" pos="X">の</wf>
         <wf lemma="こと" pos="X">こと</wf>
         <wf lemma="を" pos="X">を</wf>
         <instance id="d000.s362.t000" lemma="考える" pos="VERB">考え</instance>
         <wf lemma="て" pos="X">て</wf>
         <wf lemma="いる" pos="X">いる</wf>
         <wf lemma="." pos="X">.</wf>
      </sentence>
      <sentence id="d000.s363" source="wordnet-japanese">
         <wf lemma="彼" pos="X">彼</wf>
         <wf lemma="の" pos="X">の</wf>
         <wf lemma="変装" pos="X">変装</wf>
         <wf lemma="は" pos="X">は</wf>
         <wf lemma="多く" pos="X">多く</wf>
         <instance id="d000.s363.t000" lemma="さまざま" pos="ADJ">さまざま</instance>
         <wf lemma="で" pos="X">で</wf>
         <wf lemma="ある" pos="X">ある</wf>
         <wf lemma="." pos="X">.</wf>
      </sentence>
      <sentence id="d000.s364" source="wordnet-japanese">
         <instance id="d000.s364.t000" lemma="赤ちゃん" pos="NOUN">赤ちゃん</instance>
         <wf lemma="ウサギ" pos="X">ウサギ</wf>
         <wf lemma="." pos="X">.</wf>
      </sentence>
      <sentence id="d000.s365" source="wordnet-japanese">
         <instance id="d000.s365.t000" lemma="典型的" pos="ADJ">典型的</instance>
         <wf lemma="な" pos="X">な</wf>
         <wf lemma="アメリカ" pos="X">アメリカ</wf>
         <wf lemma="の" pos="X">の</wf>
         <wf lemma="女の子" pos="X">女の子</wf>
         <wf lemma="." pos="X">.</wf>
      </sentence>
      <sentence id="d000.s366" source="wordnet-japanese">
         <wf lemma="警報" pos="X">警報</wf>
         <wf lemma="が" pos="X">が</wf>
         <wf lemma="聞こえ" pos="X">聞こえ</wf>
         <wf lemma="た" pos="X">た</wf>
         <wf lemma="とき" pos="X">とき</wf>
         <wf lemma="、" pos="X">、</wf>
         <wf lemma="赤ちゃん" pos="X">赤ちゃん</wf>
         <wf lemma="は" pos="X">は</wf>
         <instance id="d000.s366.t000" lemma="ほとんど" pos="ADV">ほとんど</instance>
         <wf lemma="眠っ" pos="X">眠っ</wf>
         <wf lemma="て" pos="X">て</wf>
         <wf lemma="い" pos="X">い</wf>
         <wf lemma="た" pos="X">た</wf>
         <wf lemma="." pos="X">.</wf>
      </sentence>
      <sentence id="d000.s367" source="wordnet-japanese">
         <instance id="d000.s367.t000" lemma="本当" pos="ADJ">本当</instance>
         <wf lemma="の" pos="X">の</wf>
         <wf lemma="悲しみ" pos="X">悲しみ</wf>
         <wf lemma="." pos="X">.</wf>
      </sentence>
      <sentence id="d000.s368" source="wordnet-japanese">
         <wf lemma="ストロー" pos="X">ストロー</wf>
         <wf lemma="で" pos="X">で</wf>
         <instance id="d000.s368.t000" lemma="吸う" pos="VERB">吸う</instance>
         <wf lemma="." pos="X">.</wf>
      </sentence>
      <sentence id="d000.s369" source="wordnet-japanese">
         <wf lemma="彼ら" pos="X">彼ら</wf>
         <wf lemma="は" pos="X">は</wf>
         <instance id="d000.s369.t000" lemma="毎年" pos="ADV">毎年</instance>
         <wf lemma="中国" pos="X">中国</wf>
         <wf lemma="に" pos="X">に</wf>
         <wf lemma="旅行" pos="X">旅行</wf>
         <wf lemma="する" pos="X">する</wf>
         <wf lemma="." pos="X">.</wf>
      </sentence>
      <sentence id="d000.s370" source="wordnet-japanese">
         <wf lemma="ふざけ" pos="X">ふざけ</wf>
         <wf lemma="て" pos="X">て</wf>
         <wf lemma="いる" pos="X">いる</wf>
         <wf lemma="男" pos="X">男</wf>
         <wf lemma="は" pos="X">は</wf>
         <wf lemma="、" pos="X">、</wf>
         <wf lemma="若い" pos="X">若い</wf>
         <wf lemma="女性" pos="X">女性</wf>
         <wf lemma="を" pos="X">を</wf>
         <instance id="d000.s370.t000" lemma="からかう" pos="VERB">からかっ</instance>
         <wf lemma="た" pos="X">た</wf>
         <wf lemma="." pos="X">.</wf>
      </sentence>
      <sentence id="d000.s371" source="wordnet-japanese">
         <wf lemma="細気" pos="X">細気</wf>
         <wf lemma="管支" pos="X">管支</wf>
         <wf lemma="は" pos="X">は</wf>
         <wf lemma="毛" pos="X">毛</wf>
         <wf lemma="細血" pos="X">細血</wf>
         <wf lemma="管床" pos="X">管床</wf>
         <wf lemma="で" pos="X">で</wf>
         <instance id="d000.s371.t000" lemma="終わる" pos="VERB">終わる</instance>
         <wf lemma="." pos="X">.</wf>
      </sentence>
      <sentence id="d000.s372" source="wordnet-japanese">
         <instance id="d000.s372.t000" lemma="宇宙" pos="NOUN">宇宙</instance>
         <wf lemma="探査" pos="X">探査</wf>
         <wf lemma="の" pos="X">の</wf>
         <wf lemma="初" pos="X">初</wf>
         <wf lemma="と" pos="X">と</wf>
         <wf lemma="なる" pos="X">なる</wf>
         <wf lemma="主要" pos="X">主要</wf>
         <wf lemma="な" pos="X">な</wf>
         <wf lemma="画期的" pos="X">画期的</wf>
         <wf lemma="事件" pos="X">事件</wf>
         <wf lemma="は" pos="X">は</wf>
         <wf lemma="1957" pos="X">1957</wf>
         <wf lemma="年" pos="X">年</wf>
         <wf lemma="の" pos="X">の</wf>
         <wf lemma="、" pos="X">、</wf>
         <wf lemma="ソ連" pos="X">ソ連</wf>
         <wf lemma="の" pos="X">の</wf>
         <wf lemma="スプートニク" pos="X">スプートニク</wf>
         <wf lemma="1" pos="X">1</wf>
         <wf lemma="号" pos="X">号</wf>
         <wf lemma="が" pos="X">が</wf>
         <wf lemma="地球" pos="X">地球</wf>
         <wf lemma="を" pos="X">を</wf>
         <wf lemma="軌道" pos="X">軌道</wf>
         <wf lemma="に" pos="X">に</wf>
         <wf lemma="乗っ" pos="X">乗っ</wf>
         <wf lemma="て" pos="X">て</wf>
         <wf lemma="回っ" pos="X">回っ</wf>
         <wf lemma="た" pos="X">た</wf>
         <wf lemma="時" pos="X">時</wf>
         <wf lemma="だっ" pos="X">だっ</wf>
         <wf lemma="た" pos="X">た</wf>
         <wf lemma="." pos="X">.</wf>
      </sentence>
      <sentence id="d000.s373" source="wordnet-japanese">
         <wf lemma="賞賛者" pos="X">賞賛者</wf>
         <wf lemma="の" pos="X">の</wf>
         <instance id="d000.s373.t000" lemma="群れ" pos="NOUN">群れ</instance>
         <wf lemma="." pos="X">.</wf>
      </sentence>
      <sentence id="d000.s374" source="wordnet-japanese">
         <wf lemma="不満" pos="X">不満</wf>
         <wf lemma="な" pos="X">な</wf>
         <wf lemma="メンバー" pos="X">メンバー</wf>
         <wf lemma="による" pos="X">による</wf>
         <instance id="d000.s374.t000" lemma="離脱" pos="NOUN">離脱</instance>
         <wf lemma="が" pos="X">が</wf>
         <wf lemma="あっ" pos="X">あっ</wf>
         <wf lemma="た" pos="X">た</wf>
         <wf lemma="." pos="X">.</wf>
      </sentence>
      <sentence id="d000.s375" source="wordnet-japanese">
         <wf lemma="彼ら" pos="X">彼ら</wf>
         <wf lemma="が" pos="X">が</wf>
         <wf lemma="仲直り" pos="X">仲直り</wf>
         <wf lemma="し" pos="X">し</wf>
         <wf lemma="た" pos="X">た</wf>
         <wf lemma="ずっと" pos="X">ずっと</wf>
         <wf lemma="後" pos="X">後</wf>
         <wf lemma="に" pos="X">に</wf>
         <wf lemma="、" pos="X">、</wf>
         <wf lemma="敵意" pos="X">敵意</wf>
         <wf lemma="は" pos="X">は</wf>
         <instance id="d000.s375.t000" lemma="残る" pos="VERB">残っ</instance>
         <wf lemma="て" pos="X">て</wf>
         <wf lemma="い" pos="X">い</wf>
         <wf lemma="た" pos="X">た</wf>
         <wf lemma="." pos="X">.</wf>
      </sentence>
      <sentence id="d000.s376" source="wordnet-japanese">
         <wf lemma="棒" pos="X">棒</wf>
         <wf lemma="は" pos="X">は</wf>
         <instance id="d000.s376.t000" lemma="曲がる" pos="VERB">曲がら</instance>
         <wf lemma="ない" pos="X">ない</wf>
         <wf lemma="." pos="X">.</wf>
      </sentence>
      <sentence id="d000.s377" source="wordnet-japanese">
         <wf lemma="富と" pos="X">富と</wf>
         <wf lemma="力" pos="X">力</wf>
         <wf lemma="の" pos="X">の</wf>
         <instance id="d000.s377.t000" lemma="優勢" pos="NOUN">優勢</instance>
         <wf lemma="." pos="X">.</wf>
      </sentence>
      <sentence id="d000.s378" source="wordnet-japanese">
         <wf lemma="平静" pos="X">平静</wf>
         <wf lemma="を" pos="X">を</wf>
         <wf lemma="保つ" pos="X">保つ</wf>
         <wf lemma="公衆" pos="X">公衆</wf>
         <wf lemma="へ" pos="X">へ</wf>
         <wf lemma="の" pos="X">の</wf>
         <instance id="d000.s378.t000" lemma="懇願" pos="NOUN">懇願</instance>
         <wf lemma="." pos="X">.</wf>
      </sentence>
      <sentence id="d000.s379" source="wordnet-japanese">
         <wf lemma="音楽家" pos="X">音楽家</wf>
         <wf lemma="の" pos="X">の</wf>
         <wf lemma="間" pos="X">間</wf>
         <wf lemma="で" pos="X">で</wf>
         <instance id="d000.s379.t000" lemma="最高" pos="ADJ">最高</instance>
         <wf lemma="の" pos="X">の</wf>
         <wf lemma="." pos="X">.</wf>
      </sentence>
      <sentence id="d000.s380" source="wordnet-japanese">
         <wf lemma="1992" pos="X">1992</wf>
         <wf lemma="年" pos="X">年</wf>
         <wf lemma="に" pos="X">に</wf>
         <wf lemma="、" pos="X">、</wf>
         <wf lemma="ペロー" pos="X">ペロー</wf>
         <wf lemma="は" pos="X">は</wf>
         <wf lemma="、" pos="X">、</wf>
         <wf lemma="全国" pos="X">全国</wf>
         <wf lemma="レベル" pos="X">レベル</wf>
         <wf lemma="で" pos="X">で</wf>
         <wf lemma="、" pos="X">、</wf>
         <wf lemma="第" pos="X">第</wf>
         <wf lemma="三" pos="X">三</wf>
         <instance id="d000.s380.t000" lemma="党" pos="NOUN">党</instance>
         <wf lemma="を" pos="X">を</wf>
         <wf lemma="結成" pos="X">結成</wf>
         <wf lemma="し" pos="X">し</wf>
         <wf lemma="よう" pos="X">よう</wf>
         <wf lemma="と" pos="X">と</wf>
         <wf lemma="し" pos="X">し</wf>
         <wf lemma="た" pos="X">た</wf>
         <wf lemma="." pos="X">.</wf>
      </sentence>
      <sentence id="d000.s381" source="wordnet-japanese">
         <wf lemma="木" pos="X">木</wf>
         <wf lemma="のよう" pos="X">のよう</wf>
         <wf lemma="な" pos="X">な</wf>
         <instance id="d000.s381.t000" lemma="具体的" pos="ADJ">具体的</instance>
         <wf lemma="対象" pos="X">対象</wf>
         <wf lemma="." pos="X">.</wf>
      </sentence>
      <sentence id="d000.s382" source="wordnet-japanese">
         <wf lemma="彼ら" pos="X">彼ら</wf>
         <wf lemma="は" pos="X">は</wf>
         <wf lemma="ブロードウェイ" pos="X">ブロードウェイ</wf>
         <wf lemma="の" pos="X">の</wf>
         <instance id="d000.s382.t000" lemma="ショー" pos="NOUN">ショー</instance>
         <wf lemma="を" pos="X">を</wf>
         <wf lemma="いくつか" pos="X">いくつか</wf>
         <wf lemma="見" pos="X">見</wf>
         <wf lemma="たかっ" pos="X">たかっ</wf>
         <wf lemma="た" pos="X">た</wf>
         <wf lemma="." pos="X">.</wf>
      </sentence>
      <sentence id="d000.s383" source="wordnet-japanese">
         <wf lemma="バンカー" pos="X">バンカー</wf>
         <wf lemma="から" pos="X">から</wf>
         <wf lemma="出る" pos="X">出る</wf>
         <wf lemma="の" pos="X">の</wf>
         <wf lemma="に" pos="X">に</wf>
         <wf lemma="2" pos="X">2</wf>
         <instance id="d000.s383.t000" lemma="ストローク" pos="NOUN">ストローク</instance>
         <wf lemma="を" pos="X">を</wf>
         <wf lemma="要し" pos="X">要し</wf>
         <wf lemma="た" pos="X">た</wf>
         <wf lemma="." pos="X">.</wf>
      </sentence>
      <sentence id="d000.s384" source="wordnet-japanese">
         <wf lemma="テニス" pos="X">テニス</wf>
         <wf lemma="界" pos="X">界</wf>
         <wf lemma="の" pos="X">の</wf>
         <instance id="d000.s384.t000" lemma="長老" pos="NOUN">長老</instance>
         <wf lemma="たち" pos="X">たち</wf>
         <wf lemma="が" pos="X">が</wf>
         <wf lemma="彼女" pos="X">彼女</wf>
         <wf lemma="に" pos="X">に</wf>
         <wf lemma="有利" pos="X">有利</wf>
         <wf lemma="な" pos="X">な</wf>
         <wf lemma="判断" pos="X">判断</wf>
         <wf lemma="を" pos="X">を</wf>
         <wf lemma="下し" pos="X">下し</wf>
         <wf lemma="た" pos="X">た</wf>
         <wf lemma="." pos="X">.</wf>
      </sentence>
      <sentence id="d000.s385" source="wordnet-japanese">
         <wf lemma="アルコール" pos="X">アルコール</wf>
         <wf lemma="飲料" pos="X">飲料</wf>
         <wf lemma="の" pos="X">の</wf>
         <wf lemma="医療的" pos="X">医療的</wf>
         <wf lemma="な" pos="X">な</wf>
         <instance id="d000.s385.t000" lemma="抑制" pos="NOUN">抑制</instance>
         <wf lemma="." pos="X">.</wf>
      </sentence>
      <sentence id="d000.s386" source="wordnet-japanese">
         <wf lemma="方言" pos="X">方言</wf>
         <wf lemma="と" pos="X">と</wf>
         <wf lemma="キャラクター" pos="X">キャラクター</wf>
         <wf lemma="に対して" pos="X">に対して</wf>
         <wf lemma="たくさん" pos="X">たくさん</wf>
         <wf lemma="の" pos="X">の</wf>
         <instance id="d000.s386.t000" lemma="レパートリー" pos="NOUN">レパートリー</instance>
         <wf lemma="を" pos="X">を</wf>
         <wf lemma="持っ" pos="X">持っ</wf>
         <wf lemma="て" pos="X">て</wf>
         <wf lemma="いる" pos="X">いる</wf>
         <wf lemma="." pos="X">.</wf>
      </sentence>
      <sentence id="d000.s387" source="wordnet-japanese">
         <wf lemma="麻痺" pos="X">麻痺</wf>
         <wf lemma="は" pos="X">は</wf>
         <wf lemma="小児" pos="X">小児</wf>
         <wf lemma="麻痺" pos="X">麻痺</wf>
         <wf lemma="の" pos="X">の</wf>
         <instance id="d000.s387.t000" lemma="後遺症" pos="NOUN">後遺症</instance>
         <wf lemma="の" pos="X">の</wf>
         <wf lemma="1" pos="X">1</wf>
         <wf lemma="つ" pos="X">つ</wf>
         <wf lemma="だ" pos="X">だ</wf>
         <wf lemma="." pos="X">.</wf>
      </sentence>
      <sentence id="d000.s388" source="wordnet-japanese">
         <instance id="d000.s388.t000" lemma="騒々しい" pos="ADJ">騒々しい</instance>
         <wf lemma="群衆" pos="X">群衆</wf>
         <wf lemma="." pos="X">.</wf>
      </sentence>
      <sentence id="d000.s389" source="wordnet-japanese">
         <wf lemma="彼ら" pos="X">彼ら</wf>
         <wf lemma="は" pos="X">は</wf>
         <wf lemma="握手" pos="X">握手</wf>
         <wf lemma="で" pos="X">で</wf>
         <instance id="d000.s389.t000" lemma="購入" pos="NOUN">購入</instance>
         <wf lemma="を" pos="X">を</wf>
         <wf lemma="終え" pos="X">終え</wf>
         <wf lemma="た" pos="X">た</wf>
         <wf lemma="." pos="X">.</wf>
      </sentence>
      <sentence id="d000.s390" source="wordnet-japanese">
         <wf lemma="猫" pos="X">猫</wf>
         <wf lemma="は" pos="X">は</wf>
         <instance id="d000.s390.t000" lemma="清潔" pos="ADJ">清潔</instance>
         <wf lemma="な" pos="X">な</wf>
         <wf lemma="動物" pos="X">動物</wf>
         <wf lemma="である" pos="X">である</wf>
         <wf lemma="." pos="X">.</wf>
      </sentence>
      <sentence id="d000.s391" source="wordnet-japanese">
         <instance id="d000.s391.t000" lemma="特別" pos="ADJ">特別</instance>
         <wf lemma="な" pos="X">な</wf>
         <wf lemma="休日" pos="X">休日</wf>
         <wf lemma="飛行便" pos="X">飛行便</wf>
         <wf lemma="." pos="X">.</wf>
      </sentence>
      <sentence id="d000.s392" source="wordnet-japanese">
         <instance id="d000.s392.t000" lemma="十分" pos="ADJ">十分</instance>
         <wf lemma="な" pos="X">な</wf>
         <wf lemma="食物" pos="X">食物</wf>
         <wf lemma="." pos="X">.</wf>
      </sentence>
      <sentence id="d000.s393" source="wordnet-japanese">
         <wf lemma="個人的" pos="X">個人的</wf>
         <wf lemma="な" pos="X">な</wf>
         <instance id="d000.s393.t000" lemma="性質" pos="NOUN">性質</instance>
         <wf lemma="の" pos="X">の</wf>
         <wf lemma="問題" pos="X">問題</wf>
         <wf lemma="." pos="X">.</wf>
      </sentence>
      <sentence id="d000.s394" source="wordnet-japanese">
         <wf lemma="先入" pos="X">先入</wf>
         <wf lemma="観" pos="X">観</wf>
         <wf lemma="の" pos="X">の</wf>
         <instance id="d000.s394.t000" lemma="壁" pos="NOUN">壁</instance>
         <wf lemma="." pos="X">.</wf>
      </sentence>
      <sentence id="d000.s395" source="wordnet-japanese">
         <wf lemma="朝" pos="X">朝</wf>
         <wf lemma="に" pos="X">に</wf>
         <wf lemma="なる" pos="X">なる</wf>
         <wf lemma="と" pos="X">と</wf>
         <wf lemma="、" pos="X">、</wf>
         <wf lemma="葉" pos="X">葉</wf>
         <wf lemma="は" pos="X">は</wf>
         <instance id="d000.s395.t000" lemma="露" pos="NOUN">露</instance>
         <wf lemma="で" pos="X">で</wf>
         <wf lemma="濡れ" pos="X">濡れ</wf>
         <wf lemma="て" pos="X">て</wf>
         <wf lemma="い" pos="X">い</wf>
         <wf lemma="た" pos="X">た</wf>
         <wf lemma="." pos="X">.</wf>
      </sentence>
      <sentence id="d000.s396" source="wordnet-japanese">
         <instance id="d000.s396.t000" lemma="つねに" pos="ADV">つねに</instance>
         <wf lemma="忙しい" pos="X">忙しい</wf>
         <wf lemma="." pos="X">.</wf>
      </sentence>
      <sentence id="d000.s397" source="wordnet-japanese">
         <wf lemma="私" pos="X">私</wf>
         <wf lemma="は" pos="X">は</wf>
         <wf lemma="その" pos="X">その</wf>
         <wf lemma="責任" pos="X">責任</wf>
         <wf lemma="を" pos="X">を</wf>
         <instance id="d000.s397.t000" lemma="引き受ける" pos="VERB">引き受ける</instance>
         <wf lemma="." pos="X">.</wf>
      </sentence>
      <sentence id="d000.s398" source="wordnet-japanese">
         <wf lemma="カメラマン" pos="X">カメラマン</wf>
         <wf lemma="は" pos="X">は</wf>
         <wf lemma="、" pos="X">、</wf>
         <wf lemma="優れ" pos="X">優れ</wf>
         <wf lemma="た" pos="X">た</wf>
         <instance id="d000.s398.t000" lemma="肖像" pos="NOUN">肖像</instance>
         <wf lemma="を" pos="X">を</wf>
         <wf lemma="製作" pos="X">製作</wf>
         <wf lemma="し" pos="X">し</wf>
         <wf lemma="た" pos="X">た</wf>
         <wf lemma="." pos="X">.</wf>
      </sentence>
      <sentence id="d000.s399" source="wordnet-japanese">
         <instance id="d000.s399.t000" lemma="シミュレーション" pos="NOUN">シミュレーション</instance>
         <wf lemma="は" pos="X">は</wf>
         <wf lemma="内部" pos="X">内部</wf>
         <wf lemma="の" pos="X">の</wf>
         <wf lemma="過程" pos="X">過程</wf>
         <wf lemma="を" pos="X">を</wf>
         <wf lemma="模倣" pos="X">模倣</wf>
         <wf lemma="する" pos="X">する</wf>
         <wf lemma="べき" pos="X">べき</wf>
         <wf lemma="で" pos="X">で</wf>
         <wf lemma="、" pos="X">、</wf>
         <wf lemma="単にまね" pos="X">単にまね</wf>
         <wf lemma="た" pos="X">た</wf>
         <wf lemma="." pos="X">.</wf>
      </sentence>
      <sentence id="d000.s400" source="wordnet-japanese">
         <wf lemma="彼" pos="X">彼</wf>
         <wf lemma="は" pos="X">は</wf>
         <wf lemma="肘" pos="X">肘</wf>
         <wf lemma="で" pos="X">で</wf>
         <wf lemma="テーブル" pos="X">テーブル</wf>
         <wf lemma="を" pos="X">を</wf>
         <instance id="d000.s400.t000" lemma="打つ" pos="VERB">打っ</instance>
         <wf lemma="た" pos="X">た</wf>
         <wf lemma="." pos="X">.</wf>
      </sentence>
      <sentence id="d000.s401" source="wordnet-japanese">
         <wf lemma="従業員" pos="X">従業員</wf>
         <wf lemma="に" pos="X">に</wf>
         <wf lemma="わずか" pos="X">わずか</wf>
         <wf lemma="な" pos="X">な</wf>
         <wf lemma="昇給" pos="X">昇給</wf>
         <wf lemma="しかさ" pos="X">しかさ</wf>
         <wf lemma="せ" pos="X">せ</wf>
         <wf lemma="ない" pos="X">ない</wf>
         <instance id="d000.s401.t000" lemma="欲深い" pos="ADJ">欲深い</instance>
         <wf lemma="雇い主" pos="X">雇い主</wf>
         <wf lemma="." pos="X">.</wf>
      </sentence>
      <sentence id="d000.s402" source="wordnet-japanese">
         <wf lemma="縮む" pos="X">縮む</wf>
         <instance id="d000.s402.t000" lemma="傾向" pos="NOUN">傾向</instance>
         <wf lemma="の" pos="X">の</wf>
         <wf lemma="ある" pos="X">ある</wf>
         <wf lemma="布地" pos="X">布地</wf>
         <wf lemma="." pos="X">.</wf>
      </sentence>
      <sentence id="d000.s403" source="wordnet-japanese">
         <wf lemma="彼女" pos="X">彼女</wf>
         <wf lemma="の" pos="X">の</wf>
         <wf lemma="意味" pos="X">意味</wf>
         <wf lemma="を" pos="X">を</wf>
         <instance id="d000.s403.t000" lemma="誤解" pos="NOUN">誤解</instance>
         <wf lemma="する" pos="X">する</wf>
         <wf lemma="こと" pos="X">こと</wf>
         <wf lemma="が" pos="X">が</wf>
         <wf lemma="なかっ" pos="X">なかっ</wf>
         <wf lemma="た" pos="X">た</wf>
         <wf lemma="." pos="X">.</wf>
      </sentence>
      <sentence id="d000.s404" source="wordnet-japanese">
         <wf lemma="われわれ" pos="X">われわれ</wf>
         <wf lemma="は" pos="X">は</wf>
         <wf lemma="彼" pos="X">彼</wf>
         <wf lemma="の" pos="X">の</wf>
         <instance id="d000.s404.t000" lemma="動機" pos="NOUN">動機</instance>
         <wf lemma="が" pos="X">が</wf>
         <wf lemma="理解" pos="X">理解</wf>
         <wf lemma="でき" pos="X">でき</wf>
         <wf lemma="なかっ" pos="X">なかっ</wf>
         <wf lemma="た" pos="X">た</wf>
         <wf lemma="." pos="X">.</wf>
      </sentence>
      <sentence id="d000.s405" source="wordnet-japanese">
         <wf lemma="同僚" pos="X">同僚</wf>
         <wf lemma="を" pos="X">を</wf>
         <instance id="d000.s405.t000" lemma="集める" pos="VERB">集め</instance>
         <wf lemma="て" pos="X">て</wf>
         <wf lemma="ください" pos="X">ください</wf>
         <wf lemma="." pos="X">.</wf>
      </sentence>
      <sentence id="d000.s406" source="wordnet-japanese">
         <wf lemma="彼女" pos="X">彼女</wf>
         <wf lemma="の" pos="X">の</wf>
         <wf lemma="年齢" pos="X">年齢</wf>
         <wf lemma="に" pos="X">に</wf>
         <wf lemma="し" pos="X">し</wf>
         <wf lemma="て" pos="X">て</wf>
         <wf lemma="は" pos="X">は</wf>
         <wf lemma="少し" pos="X">少し</wf>
         <instance id="d000.s406.t000" lemma="派手" pos="ADJ">派手</instance>
         <wf lemma="な" pos="X">な</wf>
         <wf lemma="ドレス" pos="X">ドレス</wf>
         <wf lemma="." pos="X">.</wf>
      </sentence>
      <sentence id="d000.s407" source="wordnet-japanese">
         <instance id="d000.s407.t000" lemma="分析的" pos="ADV">分析的</instance>
         <wf lemma="に" pos="X">に</wf>
         <wf lemma="優先か" pos="X">優先か</wf>
         <wf lemma="れる" pos="X">れる</wf>
         <wf lemma="か" pos="X">か</wf>
         <wf lemma="を" pos="X">を</wf>
         <wf lemma="尋ねる" pos="X">尋ねる</wf>
         <wf lemma="こと" pos="X">こと</wf>
         <wf lemma="が" pos="X">が</wf>
         <wf lemma="できる" pos="X">できる</wf>
         <wf lemma="かもしれ" pos="X">かもしれ</wf>
         <wf lemma="ない" pos="X">ない</wf>
         <wf lemma="ひとつ" pos="X">ひとつ</wf>
         <wf lemma="が" pos="X">が</wf>
         <wf lemma="区別" pos="X">区別</wf>
         <wf lemma="さ" pos="X">さ</wf>
         <wf lemma="れる" pos="X">れる</wf>
         <wf lemma="と" pos="X">と</wf>
         <wf lemma="仮定" pos="X">仮定</wf>
         <wf lemma="する" pos="X">する</wf>
         <wf lemma="こと" pos="X">こと</wf>
         <wf lemma="." pos="X">.</wf>
      </sentence>
      <sentence id="d000.s408" source="wordnet-japanese">
         <instance id="d000.s408.t000" lemma="正しい" pos="ADJ">正しい</instance>
         <wf lemma="道" pos="X">道</wf>
         <wf lemma="を" pos="X">を</wf>
         <wf lemma="選択" pos="X">選択</wf>
         <wf lemma="し" pos="X">し</wf>
         <wf lemma="た" pos="X">た</wf>
         <wf lemma="." pos="X">.</wf>
      </sentence>
      <sentence id="d000.s409" source="wordnet-japanese">
         <wf lemma="視覚" pos="X">視覚</wf>
         <instance id="d000.s409.t000" lemma="パターン" pos="NOUN">パターン</instance>
         <wf lemma="は" pos="X">は</wf>
         <wf lemma="物体" pos="X">物体</wf>
         <wf lemma="だけ" pos="X">だけ</wf>
         <wf lemma="で" pos="X">で</wf>
         <wf lemma="は" pos="X">は</wf>
         <wf lemma="なく" pos="X">なく</wf>
         <wf lemma="、" pos="X">、</wf>
         <wf lemma="それら" pos="X">それら</wf>
         <wf lemma="の" pos="X">の</wf>
         <wf lemma="間" pos="X">間</wf>
         <wf lemma="の" pos="X">の</wf>
         <wf lemma="空間" pos="X">空間</wf>
         <wf lemma="も" pos="X">も</wf>
         <wf lemma="含ま" pos="X">含ま</wf>
         <wf lemma="なければ" pos="X">なければ</wf>
         <wf lemma="なら" pos="X">なら</wf>
         <wf lemma="ない" pos="X">ない</wf>
         <wf lemma="." pos="X">.</wf>
      </sentence>
      <sentence id="d000.s410" source="wordnet-japanese">
         <wf lemma="迫害" pos="X">迫害</wf>
         <wf lemma="さ" pos="X">さ</wf>
         <wf lemma="れ" pos="X">れ</wf>
         <wf lemma="た" pos="X">た</wf>
         <wf lemma="人々" pos="X">人々</wf>
         <wf lemma="へ" pos="X">へ</wf>
         <wf lemma="異常" pos="X">異常</wf>
         <wf lemma="な" pos="X">な</wf>
         <wf lemma="ほど" pos="X">ほど</wf>
         <instance id="d000.s410.t000" lemma="理知的" pos="ADJ">理知的</instance>
         <wf lemma="な" pos="X">な</wf>
         <wf lemma="共感" pos="X">共感</wf>
         <wf lemma="を" pos="X">を</wf>
         <wf lemma="持つ" pos="X">持つ</wf>
         <wf lemma="." pos="X">.</wf>
      </sentence>
      <sentence id="d000.s411" source="wordnet-japanese">
         <wf lemma="炎" pos="X">炎</wf>
         <wf lemma="は" pos="X">は</wf>
         <wf lemma="天井" pos="X">天井</wf>
         <wf lemma="を" pos="X">を</wf>
         <instance id="d000.s411.t000" lemma="焦がす" pos="VERB">焦がし</instance>
         <wf lemma="た" pos="X">た</wf>
         <wf lemma="." pos="X">.</wf>
      </sentence>
      <sentence id="d000.s412" source="wordnet-japanese">
         <instance id="d000.s412.t000" lemma="明瞭" pos="ADJ">明瞭</instance>
         <wf lemma="な" pos="X">な</wf>
         <wf lemma="改善" pos="X">改善</wf>
         <wf lemma="に" pos="X">に</wf>
         <wf lemma="気づい" pos="X">気づい</wf>
         <wf lemma="た" pos="X">た</wf>
         <wf lemma="." pos="X">.</wf>
      </sentence>
      <sentence id="d000.s413" source="wordnet-japanese">
         <instance id="d000.s413.t000" lemma="新しい" pos="ADJ">新しい</instance>
         <wf lemma="法律" pos="X">法律</wf>
         <wf lemma="." pos="X">.</wf>
      </sentence>
      <sentence id="d000.s414" source="wordnet-japanese">
         <wf lemma="医者" pos="X">医者</wf>
         <wf lemma="−" pos="X">−</wf>
         <wf lemma="患者" pos="X">患者</wf>
         <wf lemma="関係" pos="X">関係</wf>
         <wf lemma="は" pos="X">は</wf>
         <instance id="d000.s414.t000" lemma="信頼" pos="NOUN">信頼</instance>
         <wf lemma="に" pos="X">に</wf>
         <wf lemma="基づく" pos="X">基づく</wf>
         <wf lemma="." pos="X">.</wf>
      </sentence>
      <sentence id="d000.s415" source="wordnet-japanese">
         <wf lemma="・・・" pos="X">・・・</wf>
         <wf lemma="名声" pos="X">名声</wf>
         <wf lemma="の" pos="X">の</wf>
         <instance id="d000.s415.t000" lemma="頂点" pos="NOUN">頂点</instance>
         <wf lemma="へ" pos="X">へ</wf>
         <wf lemma="勢い" pos="X">勢い</wf>
         <wf lemma="よく" pos="X">よく</wf>
         <wf lemma="登り詰め" pos="X">登り詰め</wf>
         <wf lemma="た" pos="X">た</wf>
         <wf lemma="−" pos="X">−</wf>
         <wf lemma="アインシュタイン" pos="X">アインシュタイン</wf>
         <wf lemma="." pos="X">.</wf>
      </sentence>
      <sentence id="d000.s416" source="wordnet-japanese">
         <wf lemma="鍋" pos="X">鍋</wf>
         <wf lemma="釜類" pos="X">釜類</wf>
         <wf lemma="の" pos="X">の</wf>
         <instance id="d000.s416.t000" lemma="成形" pos="NOUN">成形</instance>
         <wf lemma="." pos="X">.</wf>
      </sentence>
      <sentence id="d000.s417" source="wordnet-japanese">
         <wf lemma="その" pos="X">その</wf>
         <wf lemma="講師" pos="X">講師</wf>
         <wf lemma="は" pos="X">は</wf>
         <wf lemma="、" pos="X">、</wf>
         <wf lemma="驚愕" pos="X">驚愕</wf>
         <wf lemma="反応" pos="X">反応</wf>
         <wf lemma="の" pos="X">の</wf>
         <instance id="d000.s417.t000" lemma="デモ" pos="NOUN">デモ</instance>
         <wf lemma="と" pos="X">と</wf>
         <wf lemma="し" pos="X">し</wf>
         <wf lemma="て" pos="X">て</wf>
         <wf lemma="、" pos="X">、</wf>
         <wf lemma="ピストル" pos="X">ピストル</wf>
         <wf lemma="を" pos="X">を</wf>
         <wf lemma="撃ち落し" pos="X">撃ち落し</wf>
         <wf lemma="た" pos="X">た</wf>
         <wf lemma="." pos="X">.</wf>
      </sentence>
      <sentence id="d000.s418" source="wordnet-japanese">
         <wf lemma="この" pos="X">この</wf>
         <wf lemma="投手" pos="X">投手</wf>
         <wf lemma="は" pos="X">は</wf>
         <wf lemma="ボール" pos="X">ボール</wf>
         <wf lemma="より" pos="X">より</wf>
         <instance id="d000.s418.t000" lemma="ストライク" pos="NOUN">ストライク</instance>
         <wf lemma="を" pos="X">を</wf>
         <wf lemma="多く" pos="X">多く</wf>
         <wf lemma="投げる" pos="X">投げる</wf>
         <wf lemma="." pos="X">.</wf>
      </sentence>
      <sentence id="d000.s419" source="wordnet-japanese">
         <instance id="d000.s419.t000" lemma="くまなく" pos="ADV">くまなく</instance>
         <wf lemma="捜さ" pos="X">捜さ</wf>
         <wf lemma="れる" pos="X">れる</wf>
         <wf lemma="." pos="X">.</wf>
      </sentence>
      <sentence id="d000.s420" source="wordnet-japanese">
         <wf lemma="肉" pos="X">肉</wf>
         <wf lemma="を" pos="X">を</wf>
         <wf lemma="細かく" pos="X">細かく</wf>
         <instance id="d000.s420.t000" lemma="切る" pos="VERB">切る</instance>
         <wf lemma="." pos="X">.</wf>
      </sentence>
      <sentence id="d000.s421" source="wordnet-japanese">
         <wf lemma="あなた" pos="X">あなた</wf>
         <wf lemma="が" pos="X">が</wf>
         <wf lemma="なく" pos="X">なく</wf>
         <wf lemma="なっ" pos="X">なっ</wf>
         <wf lemma="た" pos="X">た</wf>
         <wf lemma="文書" pos="X">文書</wf>
         <wf lemma="を" pos="X">を</wf>
         <wf lemma="見つける" pos="X">見つける</wf>
         <wf lemma="こと" pos="X">こと</wf>
         <wf lemma="が" pos="X">が</wf>
         <wf lemma="できる" pos="X">できる</wf>
         <wf lemma="か" pos="X">か</wf>
         <wf lemma="どうか" pos="X">どうか</wf>
         <wf lemma="見る" pos="X">見る</wf>
         <wf lemma="ため" pos="X">ため</wf>
         <wf lemma="に" pos="X">に</wf>
         <wf lemma="、" pos="X">、</wf>
         <wf lemma="あたり" pos="X">あたり</wf>
         <wf lemma="を" pos="X">を</wf>
         <instance id="d000.s421.t000" lemma="見まわす" pos="VERB">見まわす</instance>
         <wf lemma="." pos="X">.</wf>
      </sentence>
      <sentence id="d000.s422" source="wordnet-japanese">
         <wf lemma="私" pos="X">私</wf>
         <wf lemma="たち" pos="X">たち</wf>
         <wf lemma="は" pos="X">は</wf>
         <wf lemma="非常" pos="X">非常</wf>
         <wf lemma="な" pos="X">な</wf>
         <instance id="d000.s422.t000" lemma="戦力" pos="NOUN">戦力</instance>
         <wf lemma="を" pos="X">を</wf>
         <wf lemma="もつ" pos="X">もつ</wf>
         <wf lemma="軍隊" pos="X">軍隊</wf>
         <wf lemma="に" pos="X">に</wf>
         <wf lemma="直面" pos="X">直面</wf>
         <wf lemma="し" pos="X">し</wf>
         <wf lemma="た" pos="X">た</wf>
         <wf lemma="." pos="X">.</wf>
      </sentence>
      <sentence id="d000.s423" source="wordnet-japanese">
         <instance id="d000.s423.t000" lemma="説明" pos="NOUN">説明</instance>
         <wf lemma="は" pos="X">は</wf>
         <wf lemma="非常" pos="X">非常</wf>
         <wf lemma="に" pos="X">に</wf>
         <wf lemma="簡単" pos="X">簡単</wf>
         <wf lemma="だっ" pos="X">だっ</wf>
         <wf lemma="た" pos="X">た</wf>
         <wf lemma="." pos="X">.</wf>
      </sentence>
      <sentence id="d000.s424" source="wordnet-japanese">
         <instance id="d000.s424.t000" lemma="さまざま" pos="ADJ">さまざま</instance>
         <wf lemma="な" pos="X">な</wf>
         <wf lemma="サイズ" pos="X">サイズ</wf>
         <wf lemma="." pos="X">.</wf>
      </sentence>
      <sentence id="d000.s425" source="wordnet-japanese">
         <wf lemma="の" pos="X">の</wf>
         <wf lemma="資本主義者" pos="X">資本主義者</wf>
         <wf lemma="の" pos="X">の</wf>
         <wf lemma="資本" pos="X">資本</wf>
         <wf lemma="の" pos="X">の</wf>
         <instance id="d000.s425.t000" lemma="神格化" pos="NOUN">神格化</instance>
         <wf lemma="." pos="X">.</wf>
      </sentence>
      <sentence id="d000.s426" source="wordnet-japanese">
         <instance id="d000.s426.t000" lemma="ひどい" pos="ADJ">ひどい</instance>
         <wf lemma="筆跡" pos="X">筆跡</wf>
         <wf lemma="." pos="X">.</wf>
      </sentence>
      <sentence id="d000.s427" source="wordnet-japanese">
         <wf lemma="彼" pos="X">彼</wf>
         <wf lemma="は" pos="X">は</wf>
         <wf lemma="その" pos="X">その</wf>
         <wf lemma="夜" pos="X">夜</wf>
         <instance id="d000.s427.t000" lemma="見張り" pos="NOUN">見張り</instance>
         <wf lemma="を" pos="X">を</wf>
         <wf lemma="し" pos="X">し</wf>
         <wf lemma="て" pos="X">て</wf>
         <wf lemma="い" pos="X">い</wf>
         <wf lemma="た" pos="X">た</wf>
         <wf lemma="." pos="X">.</wf>
      </sentence>
      <sentence id="d000.s428" source="wordnet-japanese">
         <instance id="d000.s428.t000" lemma="欲張り" pos="ADJ">欲張り</instance>
         <wf lemma="の" pos="X">の</wf>
         <wf lemma="心" pos="X">心</wf>
         <wf lemma="." pos="X">.</wf>
      </sentence>
      <sentence id="d000.s429" source="wordnet-japanese">
         <wf lemma="その" pos="X">その</wf>
         <wf lemma="メッセージ" pos="X">メッセージ</wf>
         <wf lemma="は" pos="X">は</wf>
         <wf lemma="従業員" pos="X">従業員</wf>
         <wf lemma="ばかり" pos="X">ばかり</wf>
         <wf lemma="で" pos="X">で</wf>
         <wf lemma="なく" pos="X">なく</wf>
         <wf lemma="会社" pos="X">会社</wf>
         <wf lemma="の" pos="X">の</wf>
         <instance id="d000.s429.t000" lemma="仲間" pos="NOUN">仲間</instance>
         <wf lemma="全員" pos="X">全員</wf>
         <wf lemma="に" pos="X">に</wf>
         <wf lemma="向け" pos="X">向け</wf>
         <wf lemma="られ" pos="X">られ</wf>
         <wf lemma="た" pos="X">た</wf>
         <wf lemma="もの" pos="X">もの</wf>
         <wf lemma="だっ" pos="X">だっ</wf>
         <wf lemma="た" pos="X">た</wf>
         <wf lemma="." pos="X">.</wf>
      </sentence>
      <sentence id="d000.s430" source="wordnet-japanese">
         <instance id="d000.s430.t000" lemma="親切" pos="ADJ">親切</instance>
         <wf lemma="な" pos="X">な</wf>
         <wf lemma="主人" pos="X">主人</wf>
         <wf lemma="." pos="X">.</wf>
      </sentence>
      <sentence id="d000.s431" source="wordnet-japanese">
         <instance id="d000.s431.t000" lemma="批判的" pos="ADJ">批判的</instance>
         <wf lemma="な" pos="X">な</wf>
         <wf lemma="態度" pos="X">態度</wf>
         <wf lemma="." pos="X">.</wf>
      </sentence>
      <sentence id="d000.s432" source="wordnet-japanese">
         <instance id="d000.s432.t000" lemma="無作為" pos="ADJ">無作為</instance>
         <wf lemma="の" pos="X">の</wf>
         <wf lemma="選択" pos="X">選択</wf>
         <wf lemma="." pos="X">.</wf>
      </sentence>
      <sentence id="d000.s433" source="wordnet-japanese">
         <wf lemma="この" pos="X">この</wf>
         <wf lemma="トニック" pos="X">トニック</wf>
         <wf lemma="は" pos="X">は</wf>
         <wf lemma="あなた" pos="X">あなた</wf>
         <wf lemma="に" pos="X">に</wf>
         <wf lemma="いっ" pos="X">いっ</wf>
         <wf lemma="そう" pos="X">そう</wf>
         <wf lemma="の" pos="X">の</wf>
         <instance id="d000.s433.t000" lemma="活力" pos="NOUN">活力</instance>
         <wf lemma="を" pos="X">を</wf>
         <wf lemma="与える" pos="X">与える</wf>
         <wf lemma="こと" pos="X">こと</wf>
         <wf lemma="を" pos="X">を</wf>
         <wf lemma="保証" pos="X">保証</wf>
         <wf lemma="する" pos="X">する</wf>
         <wf lemma="." pos="X">.</wf>
      </sentence>
      <sentence id="d000.s434" source="wordnet-japanese">
         <wf lemma="結果" pos="X">結果</wf>
         <wf lemma="は" pos="X">は</wf>
         <wf lemma="、" pos="X">、</wf>
         <wf lemma="仕事" pos="X">仕事</wf>
         <wf lemma="が" pos="X">が</wf>
         <wf lemma="より" pos="X">より</wf>
         <wf lemma="多く" pos="X">多く</wf>
         <wf lemma="必要" pos="X">必要</wf>
         <wf lemma="である" pos="X">である</wf>
         <wf lemma="こと" pos="X">こと</wf>
         <wf lemma="を" pos="X">を</wf>
         <instance id="d000.s434.t000" lemma="示す" pos="VERB">示し</instance>
         <wf lemma="て" pos="X">て</wf>
         <wf lemma="いる" pos="X">いる</wf>
         <wf lemma="." pos="X">.</wf>
      </sentence>
      <sentence id="d000.s435" source="wordnet-japanese">
         <instance id="d000.s435.t000" lemma="下劣" pos="ADJ">下劣</instance>
         <wf lemma="な" pos="X">な</wf>
         <wf lemma="種類" pos="X">種類</wf>
         <wf lemma="の" pos="X">の</wf>
         <wf lemma="野心" pos="X">野心</wf>
         <wf lemma="を" pos="X">を</wf>
         <wf lemma="持つ" pos="X">持つ</wf>
         <wf lemma="チョクドゥ" pos="X">チョクドゥ</wf>
         <wf lemma="?" pos="X">?</wf>
         <wf lemma="シェークスピア" pos="X">シェークスピア</wf>
         <wf lemma="." pos="X">.</wf>
      </sentence>
      <sentence id="d000.s436" source="wordnet-japanese">
         <instance id="d000.s436.t000" lemma="空虚" pos="ADJ">空虚</instance>
         <wf lemma="な" pos="X">な</wf>
         <wf lemma="コメント" pos="X">コメント</wf>
         <wf lemma="." pos="X">.</wf>
      </sentence>
      <sentence id="d000.s437" source="wordnet-japanese">
         <wf lemma="すべて" pos="X">すべて</wf>
         <wf lemma="の" pos="X">の</wf>
         <wf lemma="楽器" pos="X">楽器</wf>
         <wf lemma="を" pos="X">を</wf>
         <wf lemma="力強い" pos="X">力強い</wf>
         <wf lemma="が" pos="X">が</wf>
         <wf lemma="、" pos="X">、</wf>
         <instance id="d000.s437.t000" lemma="ハスキー" pos="ADJ">ハスキー</instance>
         <wf lemma="に" pos="X">に</wf>
         <wf lemma="聞こえ" pos="X">聞こえ</wf>
         <wf lemma="さ" pos="X">さ</wf>
         <wf lemma="せる" pos="X">せる</wf>
         <wf lemma="−" pos="X">−</wf>
         <wf lemma="バージル" pos="X">バージル</wf>
         <wf lemma="・" pos="X">・</wf>
         <wf lemma="トムソン" pos="X">トムソン</wf>
         <wf lemma="." pos="X">.</wf>
      </sentence>
      <sentence id="d000.s438" source="wordnet-japanese">
         <instance id="d000.s438.t000" lemma="最初" pos="ADV">最初</instance>
         <wf lemma="、" pos="X">、</wf>
         <wf lemma="彼" pos="X">彼</wf>
         <wf lemma="は" pos="X">は</wf>
         <wf lemma="何か" pos="X">何か</wf>
         <wf lemma="おかし" pos="X">おかし</wf>
         <wf lemma="な" pos="X">な</wf>
         <wf lemma="こと" pos="X">こと</wf>
         <wf lemma="に" pos="X">に</wf>
         <wf lemma="気" pos="X">気</wf>
         <wf lemma="が" pos="X">が</wf>
         <wf lemma="つか" pos="X">つか</wf>
         <wf lemma="なかっ" pos="X">なかっ</wf>
         <wf lemma="た" pos="X">た</wf>
         <wf lemma="." pos="X">.</wf>
      </sentence>
      <sentence id="d000.s439" source="wordnet-japanese">
         <wf lemma="彼女" pos="X">彼女</wf>
         <wf lemma="は" pos="X">は</wf>
         <instance id="d000.s439.t000" lemma="所持品" pos="NOUN">所持品</instance>
         <wf lemma="を" pos="X">を</wf>
         <wf lemma="荷造り" pos="X">荷造り</wf>
         <wf lemma="し" pos="X">し</wf>
         <wf lemma="て" pos="X">て</wf>
         <wf lemma="家" pos="X">家</wf>
         <wf lemma="を" pos="X">を</wf>
         <wf lemma="出" pos="X">出</wf>
         <wf lemma="た" pos="X">た</wf>
         <wf lemma="." pos="X">.</wf>
      </sentence>
      <sentence id="d000.s440" source="wordnet-japanese">
         <instance id="d000.s440.t000" lemma="薄める" pos="VERB">薄め</instance>
         <wf lemma="た" pos="X">た</wf>
         <wf lemma="バーボン" pos="X">バーボン</wf>
         <wf lemma="." pos="X">.</wf>
      </sentence>
      <sentence id="d000.s441" source="wordnet-japanese">
         <wf lemma="多数" pos="X">多数</wf>
         <wf lemma="な" pos="X">な</wf>
         <wf lemma="法律" pos="X">法律</wf>
         <wf lemma="と" pos="X">と</wf>
         <wf lemma="習慣" pos="X">習慣</wf>
         <wf lemma="の" pos="X">の</wf>
         <instance id="d000.s441.t000" lemma="複雑" pos="ADJ">複雑</instance>
         <wf lemma="なか" pos="X">なか</wf>
         <wf lemma="たまり" pos="X">たまり</wf>
         <wf lemma="." pos="X">.</wf>
      </sentence>
      <sentence id="d000.s442" source="wordnet-japanese">
         <wf lemma="ほんの" pos="X">ほんの</wf>
         <wf lemma="10" pos="X">10</wf>
         <instance id="d000.s442.t000" lemma="分" pos="NOUN">分</instance>
         <wf lemma="離れ" pos="X">離れ</wf>
         <wf lemma="て" pos="X">て</wf>
         <wf lemma="いる" pos="X">いる</wf>
         <wf lemma="だけ" pos="X">だけ</wf>
         <wf lemma="だ" pos="X">だ</wf>
         <wf lemma="." pos="X">.</wf>
      </sentence>
      <sentence id="d000.s443" source="wordnet-japanese">
         <instance id="d000.s443.t000" lemma="煙たい" pos="ADJ">煙たい</instance>
         <wf lemma="廊下" pos="X">廊下</wf>
         <wf lemma="." pos="X">.</wf>
      </sentence>
      <sentence id="d000.s444" source="wordnet-japanese">
         <wf lemma="彼ら" pos="X">彼ら</wf>
         <wf lemma="は" pos="X">は</wf>
         <wf lemma="、" pos="X">、</wf>
         <wf lemma="植民地" pos="X">植民地</wf>
         <wf lemma="主義" pos="X">主義</wf>
         <wf lemma="が" pos="X">が</wf>
         <instance id="d000.s444.t000" lemma="不道徳" pos="ADJ">不道徳</instance>
         <wf lemma="である" pos="X">である</wf>
         <wf lemma="と" pos="X">と</wf>
         <wf lemma="考え" pos="X">考え</wf>
         <wf lemma="て" pos="X">て</wf>
         <wf lemma="い" pos="X">い</wf>
         <wf lemma="た" pos="X">た</wf>
         <wf lemma="." pos="X">.</wf>
      </sentence>
      <sentence id="d000.s445" source="wordnet-japanese">
         <instance id="d000.s445.t000" lemma="観客" pos="NOUN">観客</instance>
         <wf lemma="の" pos="X">の</wf>
         <wf lemma="誰" pos="X">誰</wf>
         <wf lemma="か" pos="X">か</wf>
         <wf lemma="が" pos="X">が</wf>
         <wf lemma="せき込み" pos="X">せき込み</wf>
         <wf lemma="始め" pos="X">始め</wf>
         <wf lemma="た" pos="X">た</wf>
         <wf lemma="." pos="X">.</wf>
      </sentence>
      <sentence id="d000.s446" source="wordnet-japanese">
         <wf lemma="台所" pos="X">台所</wf>
         <wf lemma="に" pos="X">に</wf>
         <wf lemma="電話" pos="X">電話</wf>
         <wf lemma="が" pos="X">が</wf>
         <wf lemma="ない" pos="X">ない</wf>
         <wf lemma="の" pos="X">の</wf>
         <wf lemma="は" pos="X">は</wf>
         <wf lemma="、" pos="X">、</wf>
         <instance id="d000.s446.t000" lemma="不便" pos="ADJ">不便</instance>
         <wf lemma="である" pos="X">である</wf>
         <wf lemma="." pos="X">.</wf>
      </sentence>
      <sentence id="d000.s447" source="wordnet-japanese">
         <wf lemma="ハチ" pos="X">ハチ</wf>
         <wf lemma="を" pos="X">を</wf>
         <instance id="d000.s447.t000" lemma="いぶし出す" pos="VERB">いぶし出し</instance>
         <wf lemma="て" pos="X">て</wf>
         <wf lemma="ください" pos="X">ください</wf>
         <wf lemma="." pos="X">.</wf>
      </sentence>
      <sentence id="d000.s448" source="wordnet-japanese">
         <wf lemma="彼ら" pos="X">彼ら</wf>
         <wf lemma="は" pos="X">は</wf>
         <wf lemma="ウエスト" pos="X">ウエスト</wf>
         <wf lemma="バージニア" pos="X">バージニア</wf>
         <wf lemma="の" pos="X">の</wf>
         <instance id="d000.s448.t000" lemma="丘" pos="NOUN">丘</instance>
         <wf lemma="を" pos="X">を</wf>
         <wf lemma="歩き回る" pos="X">歩き回る</wf>
         <wf lemma="こと" pos="X">こと</wf>
         <wf lemma="を" pos="X">を</wf>
         <wf lemma="愛し" pos="X">愛し</wf>
         <wf lemma="た" pos="X">た</wf>
         <wf lemma="." pos="X">.</wf>
      </sentence>
      <sentence id="d000.s449" source="wordnet-japanese">
         <wf lemma="ロシア" pos="X">ロシア</wf>
         <wf lemma="と" pos="X">と</wf>
         <wf lemma="米国" pos="X">米国</wf>
         <wf lemma="は" pos="X">は</wf>
         <wf lemma="自国" pos="X">自国</wf>
         <wf lemma="の" pos="X">の</wf>
         <wf lemma="核兵器" pos="X">核兵器</wf>
         <wf lemma="の" pos="X">の</wf>
         <instance id="d000.s449.t000" lemma="解体" pos="NOUN">解体</instance>
         <wf lemma="について" pos="X">について</wf>
         <wf lemma="話し合っ" pos="X">話し合っ</wf>
         <wf lemma="た" pos="X">た</wf>
         <wf lemma="." pos="X">.</wf>
      </sentence>
      <sentence id="d000.s450" source="wordnet-japanese">
         <wf lemma="子供" pos="X">子供</wf>
         <wf lemma="たち" pos="X">たち</wf>
         <wf lemma="は" pos="X">は</wf>
         <wf lemma="、" pos="X">、</wf>
         <wf lemma="火事" pos="X">火事</wf>
         <wf lemma="で" pos="X">で</wf>
         <instance id="d000.s450.t000" lemma="死ぬ" pos="VERB">死ん</instance>
         <wf lemma="だ" pos="X">だ</wf>
         <wf lemma="." pos="X">.</wf>
      </sentence>
      <sentence id="d000.s451" source="wordnet-japanese">
         <wf lemma="コンピュータ" pos="X">コンピュータ</wf>
         <wf lemma="の" pos="X">の</wf>
         <instance id="d000.s451.t000" lemma="物理的" pos="ADJ">物理的</instance>
         <wf lemma="大きさ" pos="X">大きさ</wf>
         <wf lemma="." pos="X">.</wf>
      </sentence>
      <sentence id="d000.s452" source="wordnet-japanese">
         <wf lemma="子供" pos="X">子供</wf>
         <wf lemma="たち" pos="X">たち</wf>
         <wf lemma="は" pos="X">は</wf>
         <wf lemma="いつも" pos="X">いつも</wf>
         <instance id="d000.s452.t000" lemma="サーカス" pos="NOUN">サーカス</instance>
         <wf lemma="に" pos="X">に</wf>
         <wf lemma="行く" pos="X">行く</wf>
         <wf lemma="の" pos="X">の</wf>
         <wf lemma="が" pos="X">が</wf>
         <wf lemma="好き" pos="X">好き</wf>
         <wf lemma="だ" pos="X">だ</wf>
         <wf lemma="." pos="X">.</wf>
      </sentence>
      <sentence id="d000.s453" source="wordnet-japanese">
         <wf lemma="彼" pos="X">彼</wf>
         <wf lemma="の" pos="X">の</wf>
         <instance id="d000.s453.t000" lemma="意見" pos="NOUN">意見</instance>
         <wf lemma="は" pos="X">は</wf>
         <wf lemma="、" pos="X">、</wf>
         <wf lemma="しばしば" pos="X">しばしば</wf>
         <wf lemma="社説" pos="X">社説</wf>
         <wf lemma="ページ" pos="X">ページ</wf>
         <wf lemma="に" pos="X">に</wf>
         <wf lemma="載っ" pos="X">載っ</wf>
         <wf lemma="た" pos="X">た</wf>
         <wf lemma="." pos="X">.</wf>
      </sentence>
      <sentence id="d000.s454" source="wordnet-japanese">
         <instance id="d000.s454.t000" lemma="道徳的" pos="ADJ">道徳的</instance>
         <wf lemma="な" pos="X">な</wf>
         <wf lemma="精査" pos="X">精査</wf>
         <wf lemma="." pos="X">.</wf>
      </sentence>
      <sentence id="d000.s455" source="wordnet-japanese">
         <instance id="d000.s455.t000" lemma="一般的" pos="ADJ">一般的</instance>
         <wf lemma="な" pos="X">な</wf>
         <wf lemma="上品" pos="X">上品</wf>
         <wf lemma="さ" pos="X">さ</wf>
         <wf lemma="." pos="X">.</wf>
      </sentence>
      <sentence id="d000.s456" source="wordnet-japanese">
         <wf lemma="マイケル" pos="X">マイケル</wf>
         <wf lemma="・" pos="X">・</wf>
         <wf lemma="ジャクソン" pos="X">ジャクソン</wf>
         <wf lemma="は" pos="X">は</wf>
         <wf lemma="1980" pos="X">1980</wf>
         <wf lemma="年代" pos="X">年代</wf>
         <wf lemma="に" pos="X">に</wf>
         <instance id="d000.s456.t000" lemma="ムーンウォーク" pos="NOUN">ムーンウォーク</instance>
         <wf lemma="を" pos="X">を</wf>
         <wf lemma="完成" pos="X">完成</wf>
         <wf lemma="し" pos="X">し</wf>
         <wf lemma="た" pos="X">た</wf>
         <wf lemma="." pos="X">.</wf>
      </sentence>
      <sentence id="d000.s457" source="wordnet-japanese">
         <instance id="d000.s457.t000" lemma="柔軟" pos="ADJ">柔軟</instance>
         <wf lemma="な" pos="X">な</wf>
         <wf lemma="ワイヤー" pos="X">ワイヤー</wf>
         <wf lemma="." pos="X">.</wf>
      </sentence>
      <sentence id="d000.s458" source="wordnet-japanese">
         <instance id="d000.s458.t000" lemma="角運動量" pos="NOUN">角運動量</instance>
         <wf lemma="の" pos="X">の</wf>
         <wf lemma="おかげ" pos="X">おかげ</wf>
         <wf lemma="で" pos="X">で</wf>
         <wf lemma="地球" pos="X">地球</wf>
         <wf lemma="は" pos="X">は</wf>
         <wf lemma="公転" pos="X">公転</wf>
         <wf lemma="できる" pos="X">できる</wf>
         <wf lemma="." pos="X">.</wf>
      </sentence>
      <sentence id="d000.s459" source="wordnet-japanese">
         <wf lemma="この" pos="X">この</wf>
         <instance id="d000.s459.t000" lemma="スタイル" pos="NOUN">スタイル</instance>
         <wf lemma="の" pos="X">の</wf>
         <wf lemma="靴" pos="X">靴</wf>
         <wf lemma="は" pos="X">は</wf>
         <wf lemma="需要" pos="X">需要</wf>
         <wf lemma="が" pos="X">が</wf>
         <wf lemma="ある" pos="X">ある</wf>
         <wf lemma="." pos="X">.</wf>
      </sentence>
      <sentence id="d000.s460" source="wordnet-japanese">
         <wf lemma="彼" pos="X">彼</wf>
         <wf lemma="の" pos="X">の</wf>
         <wf lemma="存在" pos="X">存在</wf>
         <wf lemma="は" pos="X">は</wf>
         <wf lemma="、" pos="X">、</wf>
         <wf lemma="彼女" pos="X">彼女</wf>
         <wf lemma="にとって" pos="X">にとって</wf>
         <instance id="d000.s460.t000" lemma="慰め" pos="NOUN">慰め</instance>
         <wf lemma="だっ" pos="X">だっ</wf>
         <wf lemma="た" pos="X">た</wf>
         <wf lemma="." pos="X">.</wf>
      </sentence>
      <sentence id="d000.s461" source="wordnet-japanese">
         <wf lemma="アレルゲン" pos="X">アレルゲン</wf>
         <wf lemma="によって" pos="X">によって</wf>
         <wf lemma="引き起こさ" pos="X">引き起こさ</wf>
         <wf lemma="れ" pos="X">れ</wf>
         <wf lemma="た" pos="X">た</wf>
         <instance id="d000.s461.t000" lemma="熱性" pos="ADJ">熱性</instance>
         <wf lemma="反応" pos="X">反応</wf>
         <wf lemma="." pos="X">.</wf>
      </sentence>
      <sentence id="d000.s462" source="wordnet-japanese">
         <wf lemma="経済" pos="X">経済</wf>
         <wf lemma="に対する" pos="X">に対する</wf>
         <wf lemma="国民" pos="X">国民</wf>
         <wf lemma="の" pos="X">の</wf>
         <instance id="d000.s462.t000" lemma="信頼" pos="NOUN">信頼</instance>
         <wf lemma="." pos="X">.</wf>
      </sentence>
      <sentence id="d000.s463" source="wordnet-japanese">
         <instance id="d000.s463.t000" lemma="発熱性" pos="ADJ">発熱性</instance>
         <wf lemma="の" pos="X">の</wf>
         <wf lemma="地層" pos="X">地層</wf>
         <wf lemma="." pos="X">.</wf>
      </sentence>
      <sentence id="d000.s464" source="wordnet-japanese">
         <instance id="d000.s464.t000" lemma="嬉しい" pos="ADJ">嬉しい</instance>
         <wf lemma="ニュース" pos="X">ニュース</wf>
         <wf lemma="を" pos="X">を</wf>
         <wf lemma="聞い" pos="X">聞い</wf>
         <wf lemma="た" pos="X">た</wf>
         <wf lemma="." pos="X">.</wf>
      </sentence>
      <sentence id="d000.s465" source="wordnet-japanese">
         <wf lemma="私" pos="X">私</wf>
         <wf lemma="たち" pos="X">たち</wf>
         <wf lemma="の" pos="X">の</wf>
         <wf lemma="好機" pos="X">好機</wf>
         <wf lemma="に対する" pos="X">に対する</wf>
         <instance id="d000.s465.t000" lemma="現実的" pos="ADJ">現実的</instance>
         <wf lemma="評価" pos="X">評価</wf>
         <wf lemma="." pos="X">.</wf>
      </sentence>
      <sentence id="d000.s466" source="wordnet-japanese">
         <wf lemma="彼" pos="X">彼</wf>
         <wf lemma="の" pos="X">の</wf>
         <instance id="d000.s466.t000" lemma="注釈" pos="NOUN">注釈</instance>
         <wf lemma="は" pos="X">は</wf>
         <wf lemma="その" pos="X">その</wf>
         <wf lemma="記事" pos="X">記事</wf>
         <wf lemma="の" pos="X">の</wf>
         <wf lemma="末尾" pos="X">末尾</wf>
         <wf lemma="に" pos="X">に</wf>
         <wf lemma="追加" pos="X">追加</wf>
         <wf lemma="さ" pos="X">さ</wf>
         <wf lemma="れ" pos="X">れ</wf>
         <wf lemma="た" pos="X">た</wf>
         <wf lemma="." pos="X">.</wf>
      </sentence>
      <sentence id="d000.s467" source="wordnet-japanese">
         <wf lemma="CD" pos="X">CD</wf>
         <wf lemma="に" pos="X">に</wf>
         <instance id="d000.s467.t000" lemma="焼く" pos="VERB">焼く</instance>
         <wf lemma="." pos="X">.</wf>
      </sentence>
      <sentence id="d000.s468" source="wordnet-japanese">
         <instance id="d000.s468.t000" lemma="ストレス" pos="NOUN">ストレス</instance>
         <wf lemma="は" pos="X">は</wf>
         <wf lemma="血管" pos="X">血管</wf>
         <wf lemma="を" pos="X">を</wf>
         <wf lemma="収縮" pos="X">収縮</wf>
         <wf lemma="さ" pos="X">さ</wf>
         <wf lemma="せる" pos="X">せる</wf>
         <wf lemma="." pos="X">.</wf>
      </sentence>
      <sentence id="d000.s469" source="wordnet-japanese">
         <wf lemma="彼" pos="X">彼</wf>
         <wf lemma="は" pos="X">は</wf>
         <instance id="d000.s469.t000" lemma="戸口" pos="NOUN">戸口</instance>
         <wf lemma="に" pos="X">に</wf>
         <wf lemma="顔" pos="X">顔</wf>
         <wf lemma="を" pos="X">を</wf>
         <wf lemma="出し" pos="X">出し</wf>
         <wf lemma="た" pos="X">た</wf>
         <wf lemma="." pos="X">.</wf>
      </sentence>
      <sentence id="d000.s470" source="wordnet-japanese">
         <instance id="d000.s470.t000" lemma="スマート" pos="ADJ">スマート</instance>
         <wf lemma="な" pos="X">な</wf>
         <wf lemma="会話" pos="X">会話</wf>
         <wf lemma="." pos="X">.</wf>
      </sentence>
      <sentence id="d000.s471" source="wordnet-japanese">
         <wf lemma="都市" pos="X">都市</wf>
         <wf lemma="の" pos="X">の</wf>
         <wf lemma="子供" pos="X">子供</wf>
         <wf lemma="は" pos="X">は</wf>
         <wf lemma="、" pos="X">、</wf>
         <wf lemma="サマー" pos="X">サマー</wf>
         <instance id="d000.s471.t000" lemma="キャンプ" pos="NOUN">キャンプ</instance>
         <wf lemma="で" pos="X">で</wf>
         <wf lemma="田舎" pos="X">田舎</wf>
         <wf lemma="を" pos="X">を</wf>
         <wf lemma="見る" pos="X">見る</wf>
         <wf lemma="こと" pos="X">こと</wf>
         <wf lemma="に" pos="X">に</wf>
         <wf lemma="なる" pos="X">なる</wf>
         <wf lemma="." pos="X">.</wf>
      </sentence>
      <sentence id="d000.s472" source="wordnet-japanese">
         <wf lemma="私" pos="X">私</wf>
         <wf lemma="の" pos="X">の</wf>
         <instance id="d000.s472.t000" lemma="スナップ" pos="NOUN">スナップ</instance>
         <wf lemma="写真" pos="X">写真</wf>
         <wf lemma="は" pos="X">は</wf>
         <wf lemma="まだ" pos="X">まだ</wf>
         <wf lemma="現像" pos="X">現像</wf>
         <wf lemma="さ" pos="X">さ</wf>
         <wf lemma="れ" pos="X">れ</wf>
         <wf lemma="て" pos="X">て</wf>
         <wf lemma="い" pos="X">い</wf>
         <wf lemma="ない" pos="X">ない</wf>
         <wf lemma="." pos="X">.</wf>
      </sentence>
      <sentence id="d000.s473" source="wordnet-japanese">
         <wf lemma="彼" pos="X">彼</wf>
         <wf lemma="の" pos="X">の</wf>
         <wf lemma="最初" pos="X">最初</wf>
         <wf lemma="の" pos="X">の</wf>
         <instance id="d000.s473.t000" lemma="行動" pos="NOUN">行動</instance>
         <wf lemma="は" pos="X">は</wf>
         <wf lemma="弁護士" pos="X">弁護士</wf>
         <wf lemma="を" pos="X">を</wf>
         <wf lemma="雇う" pos="X">雇う</wf>
         <wf lemma="こと" pos="X">こと</wf>
         <wf lemma="だっ" pos="X">だっ</wf>
         <wf lemma="た" pos="X">た</wf>
         <wf lemma="." pos="X">.</wf>
      </sentence>
      <sentence id="d000.s474" source="wordnet-japanese">
         <wf lemma="新しい" pos="X">新しい</wf>
         <wf lemma="大統領" pos="X">大統領</wf>
         <wf lemma="は" pos="X">は</wf>
         <wf lemma="、" pos="X">、</wf>
         <wf lemma="健康" pos="X">健康</wf>
         <wf lemma="保険" pos="X">保険</wf>
         <wf lemma="システム" pos="X">システム</wf>
         <wf lemma="に" pos="X">に</wf>
         <wf lemma="変革" pos="X">変革</wf>
         <wf lemma="を" pos="X">を</wf>
         <instance id="d000.s474.t000" lemma="起こす" pos="VERB">起こさ</instance>
         <wf lemma="なければ" pos="X">なければ</wf>
         <wf lemma="なら" pos="X">なら</wf>
         <wf lemma="ない" pos="X">ない</wf>
         <wf lemma="." pos="X">.</wf>
      </sentence>
      <sentence id="d000.s475" source="wordnet-japanese">
         <instance id="d000.s475.t000" lemma="便利" pos="ADJ">便利</instance>
         <wf lemma="な" pos="X">な</wf>
         <wf lemma="道具" pos="X">道具</wf>
         <wf lemma="." pos="X">.</wf>
      </sentence>
      <sentence id="d000.s476" source="wordnet-japanese">
         <wf lemma="患者" pos="X">患者</wf>
         <wf lemma="は" pos="X">は</wf>
         <instance id="d000.s476.t000" lemma="不規則" pos="ADV">不規則</instance>
         <wf lemma="に" pos="X">に</wf>
         <wf lemma="呼吸" pos="X">呼吸</wf>
         <wf lemma="し" pos="X">し</wf>
         <wf lemma="て" pos="X">て</wf>
         <wf lemma="いる" pos="X">いる</wf>
         <wf lemma="." pos="X">.</wf>
      </sentence>
      <sentence id="d000.s477" source="wordnet-japanese">
         <wf lemma="彼" pos="X">彼</wf>
         <wf lemma="の" pos="X">の</wf>
         <wf lemma="歯" pos="X">歯</wf>
         <wf lemma="と" pos="X">と</wf>
         <wf lemma="歯" pos="X">歯</wf>
         <wf lemma="の" pos="X">の</wf>
         <instance id="d000.s477.t000" lemma="間" pos="NOUN">間</instance>
         <wf lemma="の" pos="X">の</wf>
         <wf lemma="隙間" pos="X">隙間</wf>
         <wf lemma="." pos="X">.</wf>
      </sentence>
      <sentence id="d000.s478" source="wordnet-japanese">
         <wf lemma="地球" pos="X">地球</wf>
         <wf lemma="は" pos="X">は</wf>
         <instance id="d000.s478.t000" lemma="楕円面" pos="NOUN">楕円面</instance>
         <wf lemma="である" pos="X">である</wf>
         <wf lemma="." pos="X">.</wf>
      </sentence>
      <sentence id="d000.s479" source="wordnet-japanese">
         <wf lemma="彼女" pos="X">彼女</wf>
         <wf lemma="は" pos="X">は</wf>
         <wf lemma="、" pos="X">、</wf>
         <wf lemma="この" pos="X">この</wf>
         <wf lemma="見" pos="X">見</wf>
         <wf lemma="知ら" pos="X">知ら</wf>
         <wf lemma="ぬ" pos="X">ぬ</wf>
         <wf lemma="男" pos="X">男</wf>
         <wf lemma="友達" pos="X">友達</wf>
         <wf lemma="と" pos="X">と</wf>
         <instance id="d000.s479.t000" lemma="歩き回る" pos="VERB">歩き回る</instance>
         <wf lemma="." pos="X">.</wf>
      </sentence>
      <sentence id="d000.s480" source="wordnet-japanese">
         <instance id="d000.s480.t000" lemma="一時的" pos="ADJ">一時的</instance>
         <wf lemma="な" pos="X">な</wf>
         <wf lemma="住宅" pos="X">住宅</wf>
         <wf lemma="." pos="X">.</wf>
      </sentence>
      <sentence id="d000.s481" source="wordnet-japanese">
         <instance id="d000.s481.t000" lemma="秘密" pos="ADJ">秘密</instance>
         <wf lemma="の" pos="X">の</wf>
         <wf lemma="（" pos="X">（</wf>
         <wf lemma="または" pos="X">または</wf>
         <wf lemma="内密" pos="X">内密</wf>
         <wf lemma="の" pos="X">の</wf>
         <wf lemma="）" pos="X">）</wf>
         <wf lemma="考え" pos="X">考え</wf>
         <wf lemma="." pos="X">.</wf>
      </sentence>
      <sentence id="d000.s482" source="wordnet-japanese">
         <wf lemma="彼" pos="X">彼</wf>
         <wf lemma="は" pos="X">は</wf>
         <instance id="d000.s482.t000" lemma="経済的" pos="ADJ">経済的</instance>
         <wf lemma="な" pos="X">な</wf>
         <wf lemma="理由" pos="X">理由</wf>
         <wf lemma="の" pos="X">の</wf>
         <wf lemma="ため" pos="X">ため</wf>
         <wf lemma="に" pos="X">に</wf>
         <wf lemma="本" pos="X">本</wf>
         <wf lemma="を" pos="X">を</wf>
         <wf lemma="主に" pos="X">主に</wf>
         <wf lemma="書い" pos="X">書い</wf>
         <wf lemma="た" pos="X">た</wf>
         <wf lemma="." pos="X">.</wf>
      </sentence>
      <sentence id="d000.s483" source="wordnet-japanese">
         <wf lemma="私たち" pos="X">私たち</wf>
         <wf lemma="は" pos="X">は</wf>
         <wf lemma="ナショナル" pos="X">ナショナル</wf>
         <wf lemma="・" pos="X">・</wf>
         <wf lemma="インクワイアラー" pos="X">インクワイアラー</wf>
         <wf lemma="の" pos="X">の</wf>
         <wf lemma="ような" pos="X">ような</wf>
         <wf lemma="刊行物" pos="X">刊行物</wf>
         <wf lemma="を" pos="X">を</wf>
         <instance id="d000.s483.t000" lemma="信じる" pos="VERB">信じる</instance>
         <wf lemma="べき" pos="X">べき</wf>
         <wf lemma="な" pos="X">な</wf>
         <wf lemma="の" pos="X">の</wf>
         <wf lemma="か" pos="X">か</wf>
         <wf lemma="？" pos="X">？</wf>
         <wf lemma="." pos="X">.</wf>
      </sentence>
      <sentence id="d000.s484" source="wordnet-japanese">
         <wf lemma="ここ" pos="X">ここ</wf>
         <wf lemma="から" pos="X">から</wf>
         <wf lemma="そう" pos="X">そう</wf>
         <wf lemma="遠く" pos="X">遠く</wf>
         <wf lemma="ない" pos="X">ない</wf>
         <wf lemma="ところ" pos="X">ところ</wf>
         <wf lemma="に" pos="X">に</wf>
         <wf lemma="たまたま" pos="X">たまたま</wf>
         <wf lemma="もっとも" pos="X">もっとも</wf>
         <wf lemma="素晴らしい" pos="X">素晴らしい</wf>
         <wf lemma="パン屋" pos="X">パン屋</wf>
         <wf lemma="を" pos="X">を</wf>
         <instance id="d000.s484.t000" lemma="見つける" pos="VERB">見つけ</instance>
         <wf lemma="た" pos="X">た</wf>
         <wf lemma="." pos="X">.</wf>
      </sentence>
      <sentence id="d000.s485" source="wordnet-japanese">
         <instance id="d000.s485.t000" lemma="ピッチング" pos="NOUN">ピッチング</instance>
         <wf lemma="および" pos="X">および</wf>
         <wf lemma="投げる" pos="X">投げる</wf>
         <wf lemma="こと" pos="X">こと</wf>
         <wf lemma="は" pos="X">は</wf>
         <wf lemma="かなり" pos="X">かなり</wf>
         <wf lemma="刺激的" pos="X">刺激的</wf>
         <wf lemma="だっ" pos="X">だっ</wf>
         <wf lemma="た" pos="X">た</wf>
         <wf lemma="." pos="X">.</wf>
      </sentence>
      <sentence id="d000.s486" source="wordnet-japanese">
         <wf lemma="彼女" pos="X">彼女</wf>
         <wf lemma="の" pos="X">の</wf>
         <wf lemma="灰色" pos="X">灰色</wf>
         <wf lemma="に" pos="X">に</wf>
         <wf lemma="なっ" pos="X">なっ</wf>
         <wf lemma="て" pos="X">て</wf>
         <wf lemma="いる" pos="X">いる</wf>
         <wf lemma="髪" pos="X">髪</wf>
         <wf lemma="は" pos="X">は</wf>
         <wf lemma="、" pos="X">、</wf>
         <wf lemma="ブロンド" pos="X">ブロンド</wf>
         <wf lemma="に" pos="X">に</wf>
         <instance id="d000.s486.t000" lemma="染める" pos="VERB">染め</instance>
         <wf lemma="られ" pos="X">られ</wf>
         <wf lemma="た" pos="X">た</wf>
         <wf lemma="." pos="X">.</wf>
      </sentence>
      <sentence id="d000.s487" source="wordnet-japanese">
         <wf lemma="疾走" pos="X">疾走</wf>
         <wf lemma="する" pos="X">する</wf>
         <wf lemma="微風" pos="X">微風</wf>
         <wf lemma="は" pos="X">は</wf>
         <wf lemma="、" pos="X">、</wf>
         <wf lemma="船員" pos="X">船員</wf>
         <wf lemma="へ" pos="X">へ</wf>
         <wf lemma="の" pos="X">の</wf>
         <instance id="d000.s487.t000" lemma="恩恵" pos="NOUN">恩恵</instance>
         <wf lemma="である" pos="X">である</wf>
         <wf lemma="." pos="X">.</wf>
      </sentence>
      <sentence id="d000.s488" source="wordnet-japanese">
         <instance id="d000.s488.t000" lemma="緩慢" pos="ADJ">緩慢</instance>
         <wf lemma="な" pos="X">な</wf>
         <wf lemma="流れ" pos="X">流れ</wf>
         <wf lemma="." pos="X">.</wf>
      </sentence>
      <sentence id="d000.s489" source="wordnet-japanese">
         <wf lemma="彼" pos="X">彼</wf>
         <wf lemma="は" pos="X">は</wf>
         <wf lemma="それ" pos="X">それ</wf>
         <wf lemma="に" pos="X">に</wf>
         <wf lemma="挑戦" pos="X">挑戦</wf>
         <wf lemma="する" pos="X">する</wf>
         <instance id="d000.s489.t000" lemma="気概" pos="NOUN">気概</instance>
         <wf lemma="が" pos="X">が</wf>
         <wf lemma="ない" pos="X">ない</wf>
         <wf lemma="." pos="X">.</wf>
      </sentence>
      <sentence id="d000.s490" source="wordnet-japanese">
         <wf lemma="毎日" pos="X">毎日</wf>
         <wf lemma="彼" pos="X">彼</wf>
         <wf lemma="は" pos="X">は</wf>
         <wf lemma="仕事" pos="X">仕事</wf>
         <wf lemma="を" pos="X">を</wf>
         <wf lemma="見つけ" pos="X">見つけ</wf>
         <wf lemma="ない" pos="X">ない</wf>
         <wf lemma="こと" pos="X">こと</wf>
         <wf lemma="に対する" pos="X">に対する</wf>
         <wf lemma="新しい" pos="X">新しい</wf>
         <instance id="d000.s490.t000" lemma="言いわけ" pos="NOUN">言いわけ</instance>
         <wf lemma="を" pos="X">を</wf>
         <wf lemma="し" pos="X">し</wf>
         <wf lemma="た" pos="X">た</wf>
         <wf lemma="." pos="X">.</wf>
      </sentence>
      <sentence id="d000.s491" source="wordnet-japanese">
         <wf lemma="南部" pos="X">南部</wf>
         <wf lemma="の" pos="X">の</wf>
         <wf lemma="奴隷" pos="X">奴隷</wf>
         <wf lemma="を" pos="X">を</wf>
         <wf lemma="解放" pos="X">解放</wf>
         <wf lemma="する" pos="X">する</wf>
         <wf lemma="合衆国" pos="X">合衆国</wf>
         <wf lemma="の" pos="X">の</wf>
         <instance id="d000.s491.t000" lemma="行動" pos="NOUN">行動</instance>
         <wf lemma="." pos="X">.</wf>
      </sentence>
      <sentence id="d000.s492" source="wordnet-japanese">
         <instance id="d000.s492.t000" lemma="貴重" pos="ADJ">貴重</instance>
         <wf lemma="な" pos="X">な</wf>
         <wf lemma="友人" pos="X">友人</wf>
         <wf lemma="." pos="X">.</wf>
      </sentence>
      <sentence id="d000.s493" source="wordnet-japanese">
         <wf lemma="経験" pos="X">経験</wf>
         <wf lemma="は" pos="X">は</wf>
         <wf lemma="彼女" pos="X">彼女</wf>
         <wf lemma="の" pos="X">の</wf>
         <wf lemma="ため" pos="X">ため</wf>
         <wf lemma="に" pos="X">に</wf>
         <instance id="d000.s493.t000" lemma="よい" pos="ADJ">よかっ</instance>
         <wf lemma="た" pos="X">た</wf>
         <wf lemma="." pos="X">.</wf>
      </sentence>
      <sentence id="d000.s494" source="wordnet-japanese">
         <instance id="d000.s494.t000" lemma="分析的" pos="ADJ">分析的</instance>
         <wf lemma="な" pos="X">な</wf>
         <wf lemma="推論" pos="X">推論</wf>
         <wf lemma="." pos="X">.</wf>
      </sentence>
      <sentence id="d000.s495" source="wordnet-japanese">
         <wf lemma="彼ら" pos="X">彼ら</wf>
         <wf lemma="は" pos="X">は</wf>
         <wf lemma="、" pos="X">、</wf>
         <wf lemma="車" pos="X">車</wf>
         <wf lemma="が" pos="X">が</wf>
         <wf lemma="故障" pos="X">故障</wf>
         <wf lemma="する" pos="X">する</wf>
         <wf lemma="だろ" pos="X">だろ</wf>
         <wf lemma="う" pos="X">う</wf>
         <wf lemma="と" pos="X">と</wf>
         <wf lemma="言っ" pos="X">言っ</wf>
         <wf lemma="て" pos="X">て</wf>
         <wf lemma="い" pos="X">い</wf>
         <wf lemma="た" pos="X">た</wf>
         <wf lemma="が" pos="X">が</wf>
         <wf lemma="、" pos="X">、</wf>
         <instance id="d000.s495.t000" lemma="実際" pos="ADV">実際</instance>
         <wf lemma="に" pos="X">に</wf>
         <wf lemma="故障" pos="X">故障</wf>
         <wf lemma="し" pos="X">し</wf>
         <wf lemma="た" pos="X">た</wf>
         <wf lemma="." pos="X">.</wf>
      </sentence>
      <sentence id="d000.s496" source="wordnet-japanese">
         <instance id="d000.s496.t000" lemma="よい" pos="ADJ">よい</instance>
         <wf lemma="マナー" pos="X">マナー</wf>
         <wf lemma="." pos="X">.</wf>
      </sentence>
      <sentence id="d000.s497" source="wordnet-japanese">
         <wf lemma="国" pos="X">国</wf>
         <wf lemma="における" pos="X">における</wf>
         <instance id="d000.s497.t000" lemma="権力" pos="NOUN">権力</instance>
         <wf lemma="の" pos="X">の</wf>
         <wf lemma="場所" pos="X">場所</wf>
         <wf lemma="." pos="X">.</wf>
      </sentence>
      <sentence id="d000.s498" source="wordnet-japanese">
         <wf lemma="その" pos="X">その</wf>
         <wf lemma="地域" pos="X">地域</wf>
         <wf lemma="の" pos="X">の</wf>
         <wf lemma="至る所" pos="X">至る所</wf>
         <wf lemma="で" pos="X">で</wf>
         <wf lemma="この" pos="X">この</wf>
         <instance id="d000.s498.t000" lemma="鋳型" pos="NOUN">鋳型</instance>
         <wf lemma="の" pos="X">の</wf>
         <wf lemma="陶器" pos="X">陶器</wf>
         <wf lemma="が" pos="X">が</wf>
         <wf lemma="見つかっ" pos="X">見つかっ</wf>
         <wf lemma="た" pos="X">た</wf>
         <wf lemma="." pos="X">.</wf>
      </sentence>
      <sentence id="d000.s499" source="wordnet-japanese">
         <instance id="d000.s499.t000" lemma="不当" pos="ADJ">不当</instance>
         <wf lemma="な" pos="X">な</wf>
         <wf lemma="力" pos="X">力</wf>
         <wf lemma="を" pos="X">を</wf>
         <wf lemma="使用" pos="X">使用</wf>
         <wf lemma="し" pos="X">し</wf>
         <wf lemma="た" pos="X">た</wf>
         <wf lemma="ため" pos="X">ため</wf>
         <wf lemma="に" pos="X">に</wf>
         <wf lemma="起訴" pos="X">起訴</wf>
         <wf lemma="さ" pos="X">さ</wf>
         <wf lemma="れ" pos="X">れ</wf>
         <wf lemma="た" pos="X">た</wf>
         <wf lemma="." pos="X">.</wf>
      </sentence>
      <sentence id="d000.s500" source="wordnet-japanese">
         <instance id="d000.s500.t000" lemma="自動化" pos="NOUN">自動化</instance>
         <wf lemma="により" pos="X">により</wf>
         <wf lemma="生産性" pos="X">生産性</wf>
         <wf lemma="が" pos="X">が</wf>
         <wf lemma="向上" pos="X">向上</wf>
         <wf lemma="する" pos="X">する</wf>
         <wf lemma="." pos="X">.</wf>
      </sentence>
      <sentence id="d000.s501" source="wordnet-japanese">
         <wf lemma="何" pos="X">何</wf>
         <wf lemma="が" pos="X">が</wf>
         <wf lemma="その" pos="X">その</wf>
         <wf lemma="鏡" pos="X">鏡</wf>
         <wf lemma="を" pos="X">を</wf>
         <instance id="d000.s501.t000" lemma="支える" pos="VERB">支え</instance>
         <wf lemma="て" pos="X">て</wf>
         <wf lemma="いる" pos="X">いる</wf>
         <wf lemma="の" pos="X">の</wf>
         <wf lemma="です" pos="X">です</wf>
         <wf lemma="か" pos="X">か</wf>
         <wf lemma="？" pos="X">？</wf>
         <wf lemma="." pos="X">.</wf>
      </sentence>
      <sentence id="d000.s502" source="wordnet-japanese">
         <wf lemma="騒動" pos="X">騒動</wf>
         <wf lemma="を" pos="X">を</wf>
         <instance id="d000.s502.t000" lemma="起こす" pos="VERB">起こす</instance>
         <wf lemma="." pos="X">.</wf>
      </sentence>
      <sentence id="d000.s503" source="wordnet-japanese">
         <wf lemma="夕食" pos="X">夕食</wf>
         <wf lemma="は" pos="X">は</wf>
         <instance id="d000.s503.t000" lemma="冷たい" pos="ADJ">冷たく</instance>
         <wf lemma="なっ" pos="X">なっ</wf>
         <wf lemma="た" pos="X">た</wf>
         <wf lemma="." pos="X">.</wf>
      </sentence>
      <sentence id="d000.s504" source="wordnet-japanese">
         <instance id="d000.s504.t000" lemma="誇らしい" pos="ADJ">誇らしい</instance>
         <wf lemma="名前" pos="X">名前</wf>
         <wf lemma="." pos="X">.</wf>
      </sentence>
      <sentence id="d000.s505" source="wordnet-japanese">
         <wf lemma="彼女" pos="X">彼女</wf>
         <wf lemma="は" pos="X">は</wf>
         <wf lemma="前後" pos="X">前後</wf>
         <wf lemma="に" pos="X">に</wf>
         <instance id="d000.s505.t000" lemma="揺れる" pos="VERB">揺れ</instance>
         <wf lemma="ながら" pos="X">ながら</wf>
         <wf lemma="立っ" pos="X">立っ</wf>
         <wf lemma="て" pos="X">て</wf>
         <wf lemma="い" pos="X">い</wf>
         <wf lemma="た" pos="X">た</wf>
         <wf lemma="." pos="X">.</wf>
      </sentence>
      <sentence id="d000.s506" source="wordnet-japanese">
         <wf lemma="イスラエル" pos="X">イスラエル</wf>
         <wf lemma="が" pos="X">が</wf>
         <wf lemma="1993" pos="X">1993</wf>
         <wf lemma="年" pos="X">年</wf>
         <wf lemma="に" pos="X">に</wf>
         <wf lemma="パレスチナ" pos="X">パレスチナ</wf>
         <wf lemma="自治政府" pos="X">自治政府</wf>
         <wf lemma="に" pos="X">に</wf>
         <wf lemma="限ら" pos="X">限ら</wf>
         <wf lemma="れ" pos="X">れ</wf>
         <wf lemma="た" pos="X">た</wf>
         <wf lemma="自治権" pos="X">自治権</wf>
         <wf lemma="を" pos="X">を</wf>
         <wf lemma="与え" pos="X">与え</wf>
         <wf lemma="た" pos="X">た</wf>
         <wf lemma="とき" pos="X">とき</wf>
         <wf lemma="、" pos="X">、</wf>
         <wf lemma="最初" pos="X">最初</wf>
         <wf lemma="の" pos="X">の</wf>
         <instance id="d000.s506.t000" lemma="インティファーダ" pos="NOUN">インティファーダ</instance>
         <wf lemma="は" pos="X">は</wf>
         <wf lemma="終わっ" pos="X">終わっ</wf>
         <wf lemma="た" pos="X">た</wf>
         <wf lemma="." pos="X">.</wf>
      </sentence>
      <sentence id="d000.s507" source="wordnet-japanese">
         <wf lemma="私" pos="X">私</wf>
         <wf lemma="は" pos="X">は</wf>
         <wf lemma="あなた" pos="X">あなた</wf>
         <wf lemma="の" pos="X">の</wf>
         <wf lemma="招待" pos="X">招待</wf>
         <wf lemma="を" pos="X">を</wf>
         <instance id="d000.s507.t000" lemma="受け入れる" pos="VERB">受け入れる</instance>
         <wf lemma="こと" pos="X">こと</wf>
         <wf lemma="が" pos="X">が</wf>
         <wf lemma="でき" pos="X">でき</wf>
         <wf lemma="ない" pos="X">ない</wf>
         <wf lemma="." pos="X">.</wf>
      </sentence>
      <sentence id="d000.s508" source="wordnet-japanese">
         <wf lemma="手" pos="X">手</wf>
         <wf lemma="は" pos="X">は</wf>
         <instance id="d000.s508.t000" lemma="器用" pos="ADJ">器用</instance>
         <wf lemma="に" pos="X">に</wf>
         <wf lemma="、" pos="X">、</wf>
         <wf lemma="発想" pos="X">発想</wf>
         <wf lemma="は" pos="X">は</wf>
         <wf lemma="創造的" pos="X">創造的</wf>
         <wf lemma="に" pos="X">に</wf>
         <wf lemma="." pos="X">.</wf>
      </sentence>
      <sentence id="d000.s509" source="wordnet-japanese">
         <wf lemma="その" pos="X">その</wf>
         <wf lemma="スキャンダル" pos="X">スキャンダル</wf>
         <wf lemma="について" pos="X">について</wf>
         <wf lemma="議会" pos="X">議会</wf>
         <wf lemma="の" pos="X">の</wf>
         <instance id="d000.s509.t000" lemma="追及" pos="NOUN">追及</instance>
         <wf lemma="が" pos="X">が</wf>
         <wf lemma="あっ" pos="X">あっ</wf>
         <wf lemma="た" pos="X">た</wf>
         <wf lemma="." pos="X">.</wf>
      </sentence>
      <sentence id="d000.s510" source="wordnet-japanese">
         <wf lemma="彼" pos="X">彼</wf>
         <wf lemma="に" pos="X">に</wf>
         <wf lemma="は" pos="X">は</wf>
         <wf lemma="帰る" pos="X">帰る</wf>
         <instance id="d000.s510.t000" lemma="家" pos="NOUN">家</instance>
         <wf lemma="が" pos="X">が</wf>
         <wf lemma="ない" pos="X">ない</wf>
         <wf lemma="." pos="X">.</wf>
      </sentence>
      <sentence id="d000.s511" source="wordnet-japanese">
         <wf lemma="アメリカ" pos="X">アメリカ</wf>
         <wf lemma="人" pos="X">人</wf>
         <wf lemma="は" pos="X">は</wf>
         <wf lemma="飲み物" pos="X">飲み物</wf>
         <wf lemma="に" pos="X">に</wf>
         <instance id="d000.s511.t000" lemma="氷" pos="NOUN">氷</instance>
         <wf lemma="を" pos="X">を</wf>
         <wf lemma="入れ" pos="X">入れ</wf>
         <wf lemma="て" pos="X">て</wf>
         <wf lemma="飲む" pos="X">飲む</wf>
         <wf lemma="の" pos="X">の</wf>
         <wf lemma="が" pos="X">が</wf>
         <wf lemma="好き" pos="X">好き</wf>
         <wf lemma="だ" pos="X">だ</wf>
         <wf lemma="." pos="X">.</wf>
      </sentence>
      <sentence id="d000.s512" source="wordnet-japanese">
         <wf lemma="あの" pos="X">あの</wf>
         <wf lemma="レストラン" pos="X">レストラン</wf>
         <wf lemma="は" pos="X">は</wf>
         <instance id="d000.s512.t000" lemma="サービス" pos="NOUN">サービス</instance>
         <wf lemma="が" pos="X">が</wf>
         <wf lemma="すばらしい" pos="X">すばらしい</wf>
         <wf lemma="." pos="X">.</wf>
      </sentence>
      <sentence id="d000.s513" source="wordnet-japanese">
         <wf lemma="雲" pos="X">雲</wf>
         <wf lemma="の" pos="X">の</wf>
         <instance id="d000.s513.t000" lemma="列" pos="NOUN">列</instance>
         <wf lemma="で" pos="X">で</wf>
         <wf lemma="いっぱい" pos="X">いっぱい</wf>
         <wf lemma="の" pos="X">の</wf>
         <wf lemma="鯖雲" pos="X">鯖雲</wf>
         <wf lemma="." pos="X">.</wf>
      </sentence>
      <sentence id="d000.s514" source="wordnet-japanese">
         <wf lemma="彼" pos="X">彼</wf>
         <wf lemma="は" pos="X">は</wf>
         <wf lemma="世間" pos="X">世間</wf>
         <wf lemma="の" pos="X">の</wf>
         <instance id="d000.s514.t000" lemma="水準" pos="NOUN">水準</instance>
         <wf lemma="で" pos="X">で</wf>
         <wf lemma="生活" pos="X">生活</wf>
         <wf lemma="し" pos="X">し</wf>
         <wf lemma="て" pos="X">て</wf>
         <wf lemma="い" pos="X">い</wf>
         <wf lemma="た" pos="X">た</wf>
         <wf lemma="." pos="X">.</wf>
      </sentence>
      <sentence id="d000.s515" source="wordnet-japanese">
         <wf lemma="歴史家" pos="X">歴史家</wf>
         <wf lemma="は" pos="X">は</wf>
         <wf lemma="、" pos="X">、</wf>
         <wf lemma="証拠" pos="X">証拠</wf>
         <wf lemma="が" pos="X">が</wf>
         <wf lemma="有効" pos="X">有効</wf>
         <wf lemma="である" pos="X">である</wf>
         <instance id="d000.s515.t000" lemma="路線" pos="NOUN">路線</instance>
         <wf lemma="を" pos="X">を</wf>
         <wf lemma="指摘" pos="X">指摘</wf>
         <wf lemma="できる" pos="X">できる</wf>
         <wf lemma="だけ" pos="X">だけ</wf>
         <wf lemma="だ" pos="X">だ</wf>
         <wf lemma="." pos="X">.</wf>
      </sentence>
      <sentence id="d000.s516" source="wordnet-japanese">
         <wf lemma="彼" pos="X">彼</wf>
         <wf lemma="は" pos="X">は</wf>
         <wf lemma="近所" pos="X">近所</wf>
         <wf lemma="の" pos="X">の</wf>
         <instance id="d000.s516.t000" lemma="高校" pos="NOUN">高校</instance>
         <wf lemma="に" pos="X">に</wf>
         <wf lemma="通っ" pos="X">通っ</wf>
         <wf lemma="て" pos="X">て</wf>
         <wf lemma="いる" pos="X">いる</wf>
         <wf lemma="." pos="X">.</wf>
      </sentence>
      <sentence id="d000.s517" source="wordnet-japanese">
         <wf lemma="その" pos="X">その</wf>
         <wf lemma="単語" pos="X">単語</wf>
         <wf lemma="は" pos="X">は</wf>
         <instance id="d000.s517.t000" lemma="鉛筆" pos="NOUN">鉛筆</instance>
         <wf lemma="で" pos="X">で</wf>
         <wf lemma="書か" pos="X">書か</wf>
         <wf lemma="れ" pos="X">れ</wf>
         <wf lemma="た" pos="X">た</wf>
         <wf lemma="." pos="X">.</wf>
      </sentence>
      <sentence id="d000.s518" source="wordnet-japanese">
         <instance id="d000.s518.t000" lemma="水っぽい" pos="ADJ">水っぽい</instance>
         <wf lemma="コーヒー" pos="X">コーヒー</wf>
         <wf lemma="." pos="X">.</wf>
      </sentence>
      <sentence id="d000.s519" source="wordnet-japanese">
         <wf lemma="ビール" pos="X">ビール</wf>
         <wf lemma="に" pos="X">に</wf>
         <wf lemma="は" pos="X">は</wf>
         <instance id="d000.s519.t000" lemma="泡" pos="NOUN">泡</instance>
         <wf lemma="が" pos="X">が</wf>
         <wf lemma="厚く" pos="X">厚く</wf>
         <wf lemma="乗っ" pos="X">乗っ</wf>
         <wf lemma="て" pos="X">て</wf>
         <wf lemma="い" pos="X">い</wf>
         <wf lemma="た" pos="X">た</wf>
         <wf lemma="." pos="X">.</wf>
      </sentence>
      <sentence id="d000.s520" source="wordnet-japanese">
         <instance id="d000.s520.t000" lemma="ホメオパシー" pos="ADJ">ホメオパシー</instance>
         <wf lemma="医療" pos="X">医療</wf>
         <wf lemma="." pos="X">.</wf>
      </sentence>
      <sentence id="d000.s521" source="wordnet-japanese">
         <wf lemma="彼" pos="X">彼</wf>
         <wf lemma="の" pos="X">の</wf>
         <instance id="d000.s521.t000" lemma="気力" pos="NOUN">気力</instance>
         <wf lemma="と" pos="X">と</wf>
         <wf lemma="活力" pos="X">活力</wf>
         <wf lemma="は" pos="X">は</wf>
         <wf lemma="同僚" pos="X">同僚</wf>
         <wf lemma="を" pos="X">を</wf>
         <wf lemma="くたく" pos="X">くたく</wf>
         <wf lemma="た" pos="X">た</wf>
         <wf lemma="に" pos="X">に</wf>
         <wf lemma="疲れ" pos="X">疲れ</wf>
         <wf lemma="さ" pos="X">さ</wf>
         <wf lemma="せ" pos="X">せ</wf>
         <wf lemma="て" pos="X">て</wf>
         <wf lemma="しまっ" pos="X">しまっ</wf>
         <wf lemma="た" pos="X">た</wf>
         <wf lemma="." pos="X">.</wf>
      </sentence>
      <sentence id="d000.s522" source="wordnet-japanese">
         <instance id="d000.s522.t000" lemma="不実" pos="ADJ">不実</instance>
         <wf lemma="な" pos="X">な</wf>
         <wf lemma="友." pos="X">友.</wf>
      </sentence>
      <sentence id="d000.s523" source="wordnet-japanese">
         <wf lemma="それ" pos="X">それ</wf>
         <wf lemma="は" pos="X">は</wf>
         <wf lemma="古い" pos="X">古い</wf>
         <wf lemma="ブリーフケース" pos="X">ブリーフケース</wf>
         <wf lemma="だっ" pos="X">だっ</wf>
         <wf lemma="た" pos="X">た</wf>
         <wf lemma="が" pos="X">が</wf>
         <wf lemma="、" pos="X">、</wf>
         <wf lemma="まだよい" pos="X">まだよい</wf>
         <instance id="d000.s523.t000" lemma="グリップ" pos="NOUN">グリップ</instance>
         <wf lemma="が" pos="X">が</wf>
         <wf lemma="あっ" pos="X">あっ</wf>
         <wf lemma="た" pos="X">た</wf>
         <wf lemma="." pos="X">.</wf>
      </sentence>
      <sentence id="d000.s524" source="wordnet-japanese">
         <wf lemma="新しい" pos="X">新しい</wf>
         <wf lemma="法律" pos="X">法律</wf>
         <wf lemma="は" pos="X">は</wf>
         <wf lemma="、" pos="X">、</wf>
         <wf lemma="支出" pos="X">支出</wf>
         <wf lemma="に" pos="X">に</wf>
         <instance id="d000.s524.t000" lemma="歯止め" pos="NOUN">歯止め</instance>
         <wf lemma="を" pos="X">を</wf>
         <wf lemma="かける" pos="X">かける</wf>
         <wf lemma="はず" pos="X">はず</wf>
         <wf lemma="だ." pos="X">だ.</wf>
      </sentence>
      <sentence id="d000.s525" source="wordnet-japanese">
         <wf lemma="短い" pos="X">短い</wf>
         <instance id="d000.s525.t000" lemma="ラリー" pos="NOUN">ラリー</instance>
         <wf lemma="の" pos="X">の</wf>
         <wf lemma="後" pos="X">後</wf>
         <wf lemma="、" pos="X">、</wf>
         <wf lemma="コナーズ" pos="X">コナーズ</wf>
         <wf lemma="は" pos="X">は</wf>
         <wf lemma="ポイント" pos="X">ポイント</wf>
         <wf lemma="を" pos="X">を</wf>
         <wf lemma="取っ" pos="X">取っ</wf>
         <wf lemma="た" pos="X">た</wf>
         <wf lemma="." pos="X">.</wf>
      </sentence>
      <sentence id="d000.s526" source="wordnet-japanese">
         <wf lemma="とても" pos="X">とても</wf>
         <instance id="d000.s526.t000" lemma="合理的" pos="ADV">合理的</instance>
         <wf lemma="に" pos="X">に</wf>
         <wf lemma="行動" pos="X">行動</wf>
         <wf lemma="し" pos="X">し</wf>
         <wf lemma="た" pos="X">た</wf>
         <wf lemma="." pos="X">.</wf>
      </sentence>
      <sentence id="d000.s527" source="wordnet-japanese">
         <wf lemma="古代人" pos="X">古代人</wf>
         <wf lemma="は" pos="X">は</wf>
         <instance id="d000.s527.t000" lemma="血液" pos="NOUN">血液</instance>
         <wf lemma="は" pos="X">は</wf>
         <wf lemma="感情" pos="X">感情</wf>
         <wf lemma="の" pos="X">の</wf>
         <wf lemma="源" pos="X">源</wf>
         <wf lemma="である" pos="X">である</wf>
         <wf lemma="信じ" pos="X">信じ</wf>
         <wf lemma="た" pos="X">た</wf>
         <wf lemma="." pos="X">.</wf>
      </sentence>
      <sentence id="d000.s528" source="wordnet-japanese">
         <wf lemma="新しい" pos="X">新しい</wf>
         <wf lemma="法律" pos="X">法律</wf>
         <wf lemma="は" pos="X">は</wf>
         <wf lemma="多く" pos="X">多く</wf>
         <wf lemma="の" pos="X">の</wf>
         <wf lemma="人々" pos="X">人々</wf>
         <wf lemma="を" pos="X">を</wf>
         <wf lemma="貧困" pos="X">貧困</wf>
         <wf lemma="から" pos="X">から</wf>
         <instance id="d000.s528.t000" lemma="引き上げる" pos="VERB">引き上げ</instance>
         <wf lemma="た" pos="X">た</wf>
         <wf lemma="." pos="X">.</wf>
      </sentence>
      <sentence id="d000.s529" source="wordnet-japanese">
         <instance id="d000.s529.t000" lemma="従う" pos="VERB">従わ</instance>
         <wf lemma="なく" pos="X">なく</wf>
         <wf lemma="て" pos="X">て</wf>
         <wf lemma="は" pos="X">は</wf>
         <wf lemma="なら" pos="X">なら</wf>
         <wf lemma="ない" pos="X">ない</wf>
         <wf lemma="、" pos="X">、</wf>
         <wf lemma="そう" pos="X">そう</wf>
         <wf lemma="で" pos="X">で</wf>
         <wf lemma="ない" pos="X">ない</wf>
         <wf lemma="なら" pos="X">なら</wf>
         <wf lemma="。" pos="X">。</wf>
         <wf lemma="." pos="X">.</wf>
      </sentence>
      <sentence id="d000.s530" source="wordnet-japanese">
         <instance id="d000.s530.t000" lemma="等しい" pos="ADJ">等しい</instance>
         <wf lemma="量" pos="X">量</wf>
         <wf lemma="." pos="X">.</wf>
      </sentence>
      <sentence id="d000.s531" source="wordnet-japanese">
         <instance id="d000.s531.t000" lemma="粗悪" pos="ADJ">粗悪</instance>
         <wf lemma="な" pos="X">な</wf>
         <wf lemma="映画" pos="X">映画</wf>
         <wf lemma="製作" pos="X">製作</wf>
         <wf lemma="…" pos="X">…</wf>
         <wf lemma="それ" pos="X">それ</wf>
         <wf lemma="は" pos="X">は</wf>
         <wf lemma="民衆" pos="X">民衆</wf>
         <wf lemma="に" pos="X">に</wf>
         <wf lemma="ひどい" pos="X">ひどい</wf>
         <wf lemma="作品" pos="X">作品</wf>
         <wf lemma="を" pos="X">を</wf>
         <wf lemma="提供" pos="X">提供</wf>
         <wf lemma="する" pos="X">する</wf>
         <wf lemma="ージュディス" pos="X">ージュディス</wf>
         <wf lemma="・" pos="X">・</wf>
         <wf lemma="クリスト" pos="X">クリスト</wf>
         <wf lemma="." pos="X">.</wf>
      </sentence>
      <sentence id="d000.s532" source="wordnet-japanese">
         <instance id="d000.s532.t000" lemma="洗面器" pos="NOUN">洗面器</instance>
         <wf lemma="1" pos="X">1</wf>
         <wf lemma="杯" pos="X">杯</wf>
         <wf lemma="の" pos="X">の</wf>
         <wf lemma="水" pos="X">水</wf>
         <wf lemma="." pos="X">.</wf>
      </sentence>
      <sentence id="d000.s533" source="wordnet-japanese">
         <wf lemma="私" pos="X">私</wf>
         <wf lemma="は" pos="X">は</wf>
         <wf lemma="彼ら" pos="X">彼ら</wf>
         <wf lemma="の" pos="X">の</wf>
         <wf lemma="年" pos="X">年</wf>
         <wf lemma="一" pos="X">一</wf>
         <wf lemma="回" pos="X">回</wf>
         <wf lemma="の" pos="X">の</wf>
         <instance id="d000.s533.t000" lemma="特売" pos="NOUN">特売</instance>
         <wf lemma="で" pos="X">で</wf>
         <wf lemma="、" pos="X">、</wf>
         <wf lemma="幾つ" pos="X">幾つ</wf>
         <wf lemma="か" pos="X">か</wf>
         <wf lemma="の" pos="X">の</wf>
         <wf lemma="素晴らしい" pos="X">素晴らしい</wf>
         <wf lemma="掘り出し" pos="X">掘り出し</wf>
         <wf lemma="物" pos="X">物</wf>
         <wf lemma="を" pos="X">を</wf>
         <wf lemma="購入" pos="X">購入</wf>
         <wf lemma="し" pos="X">し</wf>
         <wf lemma="た" pos="X">た</wf>
         <wf lemma="." pos="X">.</wf>
      </sentence>
      <sentence id="d000.s534" source="wordnet-japanese">
         <instance id="d000.s534.t000" lemma="別れ" pos="NOUN">別れ</instance>
         <wf lemma="は" pos="X">は</wf>
         <wf lemma="甘い" pos="X">甘い</wf>
         <wf lemma="悲しみ" pos="X">悲しみ</wf>
         <wf lemma="である" pos="X">である</wf>
         <wf lemma="." pos="X">.</wf>
      </sentence>
      <sentence id="d000.s535" source="wordnet-japanese">
         <instance id="d000.s535.t000" lemma="平凡" pos="ADJ">平凡</instance>
         <wf lemma="な" pos="X">な</wf>
         <wf lemma="若い" pos="X">若い</wf>
         <wf lemma="女性" pos="X">女性</wf>
         <wf lemma="." pos="X">.</wf>
      </sentence>
      <sentence id="d000.s536" source="wordnet-japanese">
         <wf lemma="彼" pos="X">彼</wf>
         <wf lemma="は" pos="X">は</wf>
         <wf lemma="親戚" pos="X">親戚</wf>
         <wf lemma="の" pos="X">の</wf>
         <instance id="d000.s536.t000" lemma="流血" pos="NOUN">流血</instance>
         <wf lemma="に" pos="X">に</wf>
         <wf lemma="報復" pos="X">報復</wf>
         <wf lemma="し" pos="X">し</wf>
         <wf lemma="た" pos="X">た</wf>
         <wf lemma="." pos="X">.</wf>
      </sentence>
      <sentence id="d000.s537" source="wordnet-japanese">
         <wf lemma="議論" pos="X">議論</wf>
         <wf lemma="を" pos="X">を</wf>
         <instance id="d000.s537.t000" lemma="組み立てる" pos="VERB">組み立てる</instance>
         <wf lemma="." pos="X">.</wf>
      </sentence>
      <sentence id="d000.s538" source="wordnet-japanese">
         <instance id="d000.s538.t000" lemma="丈夫" pos="ADJ">丈夫</instance>
         <wf lemma="な" pos="X">な</wf>
         <wf lemma="体" pos="X">体</wf>
         <wf lemma="." pos="X">.</wf>
      </sentence>
      <sentence id="d000.s539" source="wordnet-japanese">
         <wf lemma="その" pos="X">その</wf>
         <wf lemma="出来事" pos="X">出来事</wf>
         <wf lemma="は" pos="X">は</wf>
         <wf lemma="、" pos="X">、</wf>
         <wf lemma="彼" pos="X">彼</wf>
         <wf lemma="の" pos="X">の</wf>
         <wf lemma="心" pos="X">心</wf>
         <wf lemma="に決して" pos="X">に決して</wf>
         <wf lemma="消え" pos="X">消え</wf>
         <wf lemma="ない" pos="X">ない</wf>
         <instance id="d000.s539.t000" lemma="印象" pos="NOUN">印象</instance>
         <wf lemma="を" pos="X">を</wf>
         <wf lemma="残し" pos="X">残し</wf>
         <wf lemma="た" pos="X">た</wf>
         <wf lemma="." pos="X">.</wf>
      </sentence>
      <sentence id="d000.s540" source="wordnet-japanese">
         <wf lemma="風刺" pos="X">風刺</wf>
         <wf lemma="は" pos="X">は</wf>
         <instance id="d000.s540.t000" lemma="繊細" pos="ADJ">繊細</instance>
         <wf lemma="な" pos="X">な</wf>
         <wf lemma="嘲笑" pos="X">嘲笑</wf>
         <wf lemma="で" pos="X">で</wf>
         <wf lemma="人間" pos="X">人間</wf>
         <wf lemma="の" pos="X">の</wf>
         <wf lemma="あらゆる" pos="X">あらゆる</wf>
         <wf lemma="主張" pos="X">主張</wf>
         <wf lemma="について" pos="X">について</wf>
         <wf lemma="触れる" pos="X">触れる</wf>
         <wf lemma="." pos="X">.</wf>
      </sentence>
      <sentence id="d000.s541" source="wordnet-japanese">
         <wf lemma="その" pos="X">その</wf>
         <wf lemma="機関" pos="X">機関</wf>
         <wf lemma="は" pos="X">は</wf>
         <wf lemma="、" pos="X">、</wf>
         <wf lemma="政策" pos="X">政策</wf>
         <wf lemma="を" pos="X">を</wf>
         <instance id="d000.s541.t000" lemma="履行" pos="NOUN">履行</instance>
         <wf lemma="する" pos="X">する</wf>
         <wf lemma="ため" pos="X">ため</wf>
         <wf lemma="に" pos="X">に</wf>
         <wf lemma="創設" pos="X">創設</wf>
         <wf lemma="さ" pos="X">さ</wf>
         <wf lemma="れ" pos="X">れ</wf>
         <wf lemma="た" pos="X">た</wf>
         <wf lemma="." pos="X">.</wf>
      </sentence>
      <sentence id="d000.s542" source="wordnet-japanese">
         <instance id="d000.s542.t000" lemma="壮大" pos="ADJ">壮大</instance>
         <wf lemma="な" pos="X">な</wf>
         <wf lemma="大聖堂" pos="X">大聖堂</wf>
         <wf lemma="." pos="X">.</wf>
      </sentence>
      <sentence id="d000.s543" source="wordnet-japanese">
         <wf lemma="だんだん" pos="X">だんだん</wf>
         <instance id="d000.s543.t000" lemma="暗い" pos="ADJ">暗く</instance>
         <wf lemma="なる" pos="X">なる</wf>
         <wf lemma="気持ち" pos="X">気持ち</wf>
         <wf lemma="." pos="X">.</wf>
      </sentence>
      <sentence id="d000.s544" source="wordnet-japanese">
         <wf lemma="彼" pos="X">彼</wf>
         <wf lemma="は" pos="X">は</wf>
         <wf lemma="仕事" pos="X">仕事</wf>
         <wf lemma="における" pos="X">における</wf>
         <instance id="d000.s544.t000" lemma="称賛" pos="NOUN">称賛</instance>
         <wf lemma="に対して" pos="X">に対して</wf>
         <wf lemma="、" pos="X">、</wf>
         <wf lemma="いつも" pos="X">いつも</wf>
         <wf lemma="感謝" pos="X">感謝</wf>
         <wf lemma="し" pos="X">し</wf>
         <wf lemma="て" pos="X">て</wf>
         <wf lemma="い" pos="X">い</wf>
         <wf lemma="た" pos="X">た</wf>
         <wf lemma="." pos="X">.</wf>
      </sentence>
      <sentence id="d000.s545" source="wordnet-japanese">
         <wf lemma="漢字" pos="X">漢字</wf>
         <wf lemma="の" pos="X">の</wf>
         <instance id="d000.s545.t000" lemma="意義" pos="NOUN">意義</instance>
         <wf lemma="." pos="X">.</wf>
      </sentence>
      <sentence id="d000.s546" source="wordnet-japanese">
         <instance id="d000.s546.t000" lemma="断続的" pos="ADJ">断続的</instance>
         <wf lemma="な" pos="X">な</wf>
         <wf lemma="に" pos="X">に</wf>
         <wf lemma="わか" pos="X">わか</wf>
         <wf lemma="雨" pos="X">雨</wf>
         <wf lemma="." pos="X">.</wf>
      </sentence>
      <sentence id="d000.s547" source="wordnet-japanese">
         <wf lemma="それ" pos="X">それ</wf>
         <wf lemma="は" pos="X">は</wf>
         <wf lemma="彼" pos="X">彼</wf>
         <wf lemma="の" pos="X">の</wf>
         <wf lemma="専門" pos="X">専門</wf>
         <instance id="d000.s547.t000" lemma="分野" pos="NOUN">分野</instance>
         <wf lemma="だっ" pos="X">だっ</wf>
         <wf lemma="た" pos="X">た</wf>
         <wf lemma="." pos="X">.</wf>
      </sentence>
      <sentence id="d000.s548" source="wordnet-japanese">
         <instance id="d000.s548.t000" lemma="内部的" pos="ADV">内部的</instance>
         <wf lemma="に" pos="X">に</wf>
         <wf lemma="制御" pos="X">制御</wf>
         <wf lemma="さ" pos="X">さ</wf>
         <wf lemma="れ" pos="X">れ</wf>
         <wf lemma="た" pos="X">た</wf>
         <wf lemma="環境" pos="X">環境</wf>
         <wf lemma="." pos="X">.</wf>
      </sentence>
      <sentence id="d000.s549" source="wordnet-japanese">
         <instance id="d000.s549.t000" lemma="暖かい" pos="ADJ">暖かい</instance>
         <wf lemma="上着" pos="X">上着</wf>
         <wf lemma="." pos="X">.</wf>
      </sentence>
      <sentence id="d000.s550" source="wordnet-japanese">
         <wf lemma="彼" pos="X">彼</wf>
         <wf lemma="は" pos="X">は</wf>
         <wf lemma="立っ" pos="X">立っ</wf>
         <wf lemma="た" pos="X">た</wf>
         <wf lemma="まま" pos="X">まま</wf>
         <wf lemma="で" pos="X">で</wf>
         <wf lemma="い" pos="X">い</wf>
         <wf lemma="た" pos="X">た</wf>
         <wf lemma="が" pos="X">が</wf>
         <wf lemma="、" pos="X">、</wf>
         <instance id="d000.s550.t000" lemma="心臓" pos="NOUN">心臓</instance>
         <wf lemma="は" pos="X">は</wf>
         <wf lemma="すごく" pos="X">すごく</wf>
         <wf lemma="どきどき" pos="X">どきどき</wf>
         <wf lemma="し" pos="X">し</wf>
         <wf lemma="て" pos="X">て</wf>
         <wf lemma="い" pos="X">い</wf>
         <wf lemma="た" pos="X">た</wf>
         <wf lemma="." pos="X">.</wf>
      </sentence>
      <sentence id="d000.s551" source="wordnet-japanese">
         <instance id="d000.s551.t000" lemma="公的" pos="ADJ">公的</instance>
         <wf lemma="な" pos="X">な</wf>
         <wf lemma="基金" pos="X">基金</wf>
         <wf lemma="." pos="X">.</wf>
      </sentence>
      <sentence id="d000.s552" source="wordnet-japanese">
         <wf lemma="彼" pos="X">彼</wf>
         <wf lemma="は" pos="X">は</wf>
         <wf lemma="大げ" pos="X">大げ</wf>
         <wf lemma="さ" pos="X">さ</wf>
         <wf lemma="にいう" pos="X">にいう</wf>
         <instance id="d000.s552.t000" lemma="性癖" pos="NOUN">性癖</instance>
         <wf lemma="が" pos="X">が</wf>
         <wf lemma="ある" pos="X">ある</wf>
         <wf lemma="." pos="X">.</wf>
      </sentence>
      <sentence id="d000.s553" source="wordnet-japanese">
         <instance id="d000.s553.t000" lemma="特に" pos="ADV">特に</instance>
         <wf lemma="ティーン" pos="X">ティーン</wf>
         <wf lemma="エイジャー" pos="X">エイジャー</wf>
         <wf lemma="の" pos="X">の</wf>
         <wf lemma="ため" pos="X">ため</wf>
         <wf lemma="の" pos="X">の</wf>
         <wf lemma="プログラム" pos="X">プログラム</wf>
         <wf lemma="." pos="X">.</wf>
      </sentence>
      <sentence id="d000.s554" source="wordnet-japanese">
         <wf lemma="私" pos="X">私</wf>
         <wf lemma="は" pos="X">は</wf>
         <wf lemma="原稿" pos="X">原稿</wf>
         <wf lemma="の" pos="X">の</wf>
         <instance id="d000.s554.t000" lemma="一部" pos="NOUN">一部</instance>
         <wf lemma="を" pos="X">を</wf>
         <wf lemma="読ん" pos="X">読ん</wf>
         <wf lemma="だ" pos="X">だ</wf>
         <wf lemma="." pos="X">.</wf>
      </sentence>
      <sentence id="d000.s555" source="wordnet-japanese">
         <wf lemma="彼ら" pos="X">彼ら</wf>
         <wf lemma="に" pos="X">に</wf>
         <wf lemma="は" pos="X">は</wf>
         <wf lemma="上流" pos="X">上流</wf>
         <wf lemma="階級" pos="X">階級</wf>
         <wf lemma="の" pos="X">の</wf>
         <instance id="d000.s555.t000" lemma="顧客" pos="NOUN">顧客</instance>
         <wf lemma="が" pos="X">が</wf>
         <wf lemma="つい" pos="X">つい</wf>
         <wf lemma="て" pos="X">て</wf>
         <wf lemma="いる" pos="X">いる</wf>
         <wf lemma="." pos="X">.</wf>
      </sentence>
      <sentence id="d000.s556" source="wordnet-japanese">
         <instance id="d000.s556.t000" lemma="テロメア" pos="NOUN">テロメア</instance>
         <wf lemma="は" pos="X">は</wf>
         <wf lemma="、" pos="X">、</wf>
         <wf lemma="染色体" pos="X">染色体</wf>
         <wf lemma="の" pos="X">の</wf>
         <wf lemma="付着" pos="X">付着</wf>
         <wf lemma="末端" pos="X">末端</wf>
         <wf lemma="が" pos="X">が</wf>
         <wf lemma="不規則" pos="X">不規則</wf>
         <wf lemma="に" pos="X">に</wf>
         <wf lemma="凝集" pos="X">凝集</wf>
         <wf lemma="し" pos="X">し</wf>
         <wf lemma="ない" pos="X">ない</wf>
         <wf lemma="よう" pos="X">よう</wf>
         <wf lemma="蓋" pos="X">蓋</wf>
         <wf lemma="の" pos="X">の</wf>
         <wf lemma="働き" pos="X">働き</wf>
         <wf lemma="を" pos="X">を</wf>
         <wf lemma="する" pos="X">する</wf>
         <wf lemma="." pos="X">.</wf>
      </sentence>
      <sentence id="d000.s557" source="wordnet-japanese">
         <wf lemma="イングランド" pos="X">イングランド</wf>
         <wf lemma="と" pos="X">と</wf>
         <wf lemma="ウェールズ" pos="X">ウェールズ</wf>
         <wf lemma="の" pos="X">の</wf>
         <wf lemma="間" pos="X">間</wf>
         <wf lemma="の" pos="X">の</wf>
         <wf lemma="ウェールズ" pos="X">ウェールズ</wf>
         <wf lemma="の" pos="X">の</wf>
         <wf lemma="デモ" pos="X">デモ</wf>
         <instance id="d000.s557.t000" lemma="行進" pos="NOUN">行進</instance>
         <wf lemma="." pos="X">.</wf>
      </sentence>
      <sentence id="d000.s558" source="wordnet-japanese">
         <wf lemma="空気" pos="X">空気</wf>
         <wf lemma="は" pos="X">は</wf>
         <instance id="d000.s558.t000" lemma="透明" pos="ADJ">透明</instance>
         <wf lemma="で" pos="X">で</wf>
         <wf lemma="、" pos="X">、</wf>
         <wf lemma="きれいだ" pos="X">きれいだ</wf>
         <wf lemma="." pos="X">.</wf>
      </sentence>
      <sentence id="d000.s559" source="wordnet-japanese">
         <wf lemma="彼女" pos="X">彼女</wf>
         <wf lemma="は" pos="X">は</wf>
         <instance id="d000.s559.t000" lemma="異常" pos="ADV">異常</instance>
         <wf lemma="な" pos="X">な</wf>
         <wf lemma="ほど" pos="X">ほど</wf>
         <wf lemma="賢かっ" pos="X">賢かっ</wf>
         <wf lemma="た" pos="X">た</wf>
         <wf lemma="." pos="X">.</wf>
      </sentence>
      <sentence id="d000.s560" source="wordnet-japanese">
         <wf lemma="この" pos="X">この</wf>
         <wf lemma="ドラッグ" pos="X">ドラッグ</wf>
         <wf lemma="は" pos="X">は</wf>
         <wf lemma="あなた" pos="X">あなた</wf>
         <wf lemma="の" pos="X">の</wf>
         <wf lemma="想像力" pos="X">想像力</wf>
         <wf lemma="を" pos="X">を</wf>
         <instance id="d000.s560.t000" lemma="深める" pos="VERB">深める</instance>
         <wf lemma="だろ" pos="X">だろ</wf>
         <wf lemma="う" pos="X">う</wf>
         <wf lemma="." pos="X">.</wf>
      </sentence>
      <sentence id="d000.s561" source="wordnet-japanese">
         <instance id="d000.s561.t000" lemma="直観的" pos="ADJ">直観的</instance>
         <wf lemma="な" pos="X">な</wf>
         <wf lemma="嫌悪感" pos="X">嫌悪感</wf>
         <wf lemma="." pos="X">.</wf>
      </sentence>
      <sentence id="d000.s562" source="wordnet-japanese">
         <wf lemma="委員会" pos="X">委員会</wf>
         <wf lemma="は" pos="X">は</wf>
         <wf lemma="術語" pos="X">術語</wf>
         <wf lemma="の" pos="X">の</wf>
         <instance id="d000.s562.t000" lemma="標準化" pos="NOUN">標準化</instance>
         <wf lemma="を" pos="X">を</wf>
         <wf lemma="推薦" pos="X">推薦</wf>
         <wf lemma="する" pos="X">する</wf>
         <wf lemma="ため" pos="X">ため</wf>
         <wf lemma="に" pos="X">に</wf>
         <wf lemma="任命" pos="X">任命</wf>
         <wf lemma="さ" pos="X">さ</wf>
         <wf lemma="れ" pos="X">れ</wf>
         <wf lemma="た" pos="X">た</wf>
         <wf lemma="." pos="X">.</wf>
      </sentence>
      <sentence id="d000.s563" source="wordnet-japanese">
         <wf lemma="殺人" pos="X">殺人</wf>
         <wf lemma="と" pos="X">と</wf>
         <wf lemma="他" pos="X">他</wf>
         <wf lemma="の" pos="X">の</wf>
         <wf lemma="異常" pos="X">異常</wf>
         <wf lemma="な" pos="X">な</wf>
         <instance id="d000.s563.t000" lemma="行動" pos="NOUN">行動</instance>
         <wf lemma="の" pos="X">の</wf>
         <wf lemma="話" pos="X">話</wf>
         <wf lemma="が" pos="X">が</wf>
         <wf lemma="あっ" pos="X">あっ</wf>
         <wf lemma="た" pos="X">た</wf>
         <wf lemma="." pos="X">.</wf>
      </sentence>
      <sentence id="d000.s564" source="wordnet-japanese">
         <wf lemma="突然" pos="X">突然</wf>
         <wf lemma="の" pos="X">の</wf>
         <wf lemma="、" pos="X">、</wf>
         <wf lemma="しかし" pos="X">しかし</wf>
         <wf lemma="、" pos="X">、</wf>
         <instance id="d000.s564.t000" lemma="確か" pos="ADJ">確か</instance>
         <wf lemma="な" pos="X">な</wf>
         <wf lemma="後悔" pos="X">後悔</wf>
         <wf lemma="." pos="X">.</wf>
      </sentence>
      <sentence id="d000.s565" source="wordnet-japanese">
         <wf lemma="保護" pos="X">保護</wf>
         <wf lemma="関係" pos="X">関係</wf>
         <wf lemma="は" pos="X">は</wf>
         <wf lemma="しばしば" pos="X">しばしば</wf>
         <instance id="d000.s565.t000" lemma="併合" pos="NOUN">併合</instance>
         <wf lemma="の" pos="X">の</wf>
         <wf lemma="第" pos="X">第</wf>
         <wf lemma="一" pos="X">一</wf>
         <wf lemma="段階" pos="X">段階</wf>
         <wf lemma="と" pos="X">と</wf>
         <wf lemma="なっ" pos="X">なっ</wf>
         <wf lemma="て" pos="X">て</wf>
         <wf lemma="き" pos="X">き</wf>
         <wf lemma="た" pos="X">た</wf>
         <wf lemma="." pos="X">.</wf>
      </sentence>
      <sentence id="d000.s566" source="wordnet-japanese">
         <wf lemma="そして" pos="X">そして</wf>
         <wf lemma="、" pos="X">、</wf>
         <wf lemma="パソコン" pos="X">パソコン</wf>
         <wf lemma="が" pos="X">が</wf>
         <instance id="d000.s566.t000" lemma="顕れる" pos="VERB">顕れ</instance>
         <wf lemma="、" pos="X">、</wf>
         <wf lemma="私たち" pos="X">私たち</wf>
         <wf lemma="の" pos="X">の</wf>
         <wf lemma="生活" pos="X">生活</wf>
         <wf lemma="を" pos="X">を</wf>
         <wf lemma="変え" pos="X">変え</wf>
         <wf lemma="た" pos="X">た</wf>
         <wf lemma="." pos="X">.</wf>
      </sentence>
      <sentence id="d000.s567" source="wordnet-japanese">
         <wf lemma="直接" pos="X">直接</wf>
         <wf lemma="の" pos="X">の</wf>
         <wf lemma="接触" pos="X">接触</wf>
         <wf lemma="だけ" pos="X">だけ</wf>
         <wf lemma="で" pos="X">で</wf>
         <wf lemma="なく" pos="X">なく</wf>
         <instance id="d000.s567.t000" lemma="間接的" pos="ADJ">間接的</instance>
         <wf lemma="な" pos="X">な</wf>
         <wf lemma="接触" pos="X">接触</wf>
         <wf lemma="で" pos="X">で</wf>
         <wf lemma="蔓延" pos="X">蔓延</wf>
         <wf lemma="する" pos="X">する</wf>
         <wf lemma="疾患" pos="X">疾患</wf>
         <wf lemma="." pos="X">.</wf>
      </sentence>
      <sentence id="d000.s568" source="wordnet-japanese">
         <wf lemma="その" pos="X">その</wf>
         <wf lemma="事実" pos="X">事実</wf>
         <wf lemma="は" pos="X">は</wf>
         <wf lemma="よく" pos="X">よく</wf>
         <wf lemma="知ら" pos="X">知ら</wf>
         <wf lemma="れ" pos="X">れ</wf>
         <wf lemma="て" pos="X">て</wf>
         <wf lemma="い" pos="X">い</wf>
         <wf lemma="た" pos="X">た</wf>
         <wf lemma="が" pos="X">が</wf>
         <wf lemma="、" pos="X">、</wf>
         <wf lemma="彼" pos="X">彼</wf>
         <wf lemma="が" pos="X">が</wf>
         <wf lemma="独創" pos="X">独創</wf>
         <wf lemma="的" pos="X">的</wf>
         <wf lemma="だっ" pos="X">だっ</wf>
         <wf lemma="た" pos="X">た</wf>
         <wf lemma="の" pos="X">の</wf>
         <wf lemma="は" pos="X">は</wf>
         <wf lemma="その" pos="X">その</wf>
         <instance id="d000.s568.t000" lemma="組立" pos="NOUN">組立</instance>
         <wf lemma="だ" pos="X">だ</wf>
         <wf lemma="." pos="X">.</wf>
      </sentence>
      <sentence id="d000.s569" source="wordnet-japanese">
         <wf lemma="私" pos="X">私</wf>
         <wf lemma="は" pos="X">は</wf>
         <wf lemma="善意" pos="X">善意</wf>
         <wf lemma="の" pos="X">の</wf>
         <wf lemma="ため" pos="X">ため</wf>
         <wf lemma="に" pos="X">に</wf>
         <wf lemma="、" pos="X">、</wf>
         <wf lemma="問題" pos="X">問題</wf>
         <wf lemma="のみ" pos="X">のみ</wf>
         <wf lemma="を" pos="X">を</wf>
         <instance id="d000.s569.t000" lemma="得る" pos="VERB">得</instance>
         <wf lemma="た" pos="X">た</wf>
         <wf lemma="." pos="X">.</wf>
      </sentence>
      <sentence id="d000.s570" source="wordnet-japanese">
         <wf lemma="政治家" pos="X">政治家</wf>
         <wf lemma="は" pos="X">は</wf>
         <wf lemma="、" pos="X">、</wf>
         <wf lemma="失業者" pos="X">失業者</wf>
         <wf lemma="の" pos="X">の</wf>
         <wf lemma="ありさま" pos="X">ありさま</wf>
         <wf lemma="について" pos="X">について</wf>
         <wf lemma="、" pos="X">、</wf>
         <instance id="d000.s570.t000" lemma="空涙" pos="NOUN">空涙</instance>
         <wf lemma="を" pos="X">を</wf>
         <wf lemma="流し" pos="X">流し</wf>
         <wf lemma="た" pos="X">た</wf>
         <wf lemma="." pos="X">.</wf>
      </sentence>
      <sentence id="d000.s571" source="wordnet-japanese">
         <wf lemma="私たち" pos="X">私たち</wf>
         <wf lemma="が" pos="X">が</wf>
         <wf lemma="し" pos="X">し</wf>
         <wf lemma="た" pos="X">た</wf>
         <wf lemma="全て" pos="X">全て</wf>
         <wf lemma="の" pos="X">の</wf>
         <wf lemma="仕事" pos="X">仕事</wf>
         <wf lemma="を" pos="X">を</wf>
         <instance id="d000.s571.t000" lemma="ゼロ" pos="NOUN">ゼロ</instance>
         <wf lemma="に" pos="X">に</wf>
         <wf lemma="減ら" pos="X">減ら</wf>
         <wf lemma="し" pos="X">し</wf>
         <wf lemma="た" pos="X">た</wf>
         <wf lemma="." pos="X">.</wf>
      </sentence>
      <sentence id="d000.s572" source="wordnet-japanese">
         <wf lemma="彼" pos="X">彼</wf>
         <wf lemma="は" pos="X">は</wf>
         <wf lemma="第" pos="X">第</wf>
         <wf lemma="2" pos="X">2</wf>
         <wf lemma="セット" pos="X">セット</wf>
         <wf lemma="で" pos="X">で</wf>
         <wf lemma="2" pos="X">2</wf>
         <wf lemma="本" pos="X">本</wf>
         <wf lemma="の" pos="X">の</wf>
         <wf lemma="サービス" pos="X">サービス</wf>
         <instance id="d000.s572.t000" lemma="ブレーク" pos="NOUN">ブレーク</instance>
         <wf lemma="を" pos="X">を</wf>
         <wf lemma="収め" pos="X">収め</wf>
         <wf lemma="た" pos="X">た</wf>
         <wf lemma="." pos="X">.</wf>
      </sentence>
      <sentence id="d000.s573" source="wordnet-japanese">
         <wf lemma="彼" pos="X">彼</wf>
         <wf lemma="は" pos="X">は</wf>
         <wf lemma="訓練" pos="X">訓練</wf>
         <wf lemma="さ" pos="X">さ</wf>
         <wf lemma="れ" pos="X">れ</wf>
         <wf lemma="た" pos="X">た</wf>
         <instance id="d000.s573.t000" lemma="歌手" pos="NOUN">歌手</instance>
         <wf lemma="が" pos="X">が</wf>
         <wf lemma="それ" pos="X">それ</wf>
         <wf lemma="を" pos="X">を</wf>
         <wf lemma="歌う" pos="X">歌う</wf>
         <wf lemma="の" pos="X">の</wf>
         <wf lemma="を" pos="X">を</wf>
         <wf lemma="聴き" pos="X">聴き</wf>
         <wf lemma="たかっ" pos="X">たかっ</wf>
         <wf lemma="た" pos="X">た</wf>
         <wf lemma="." pos="X">.</wf>
      </sentence>
      <sentence id="d000.s574" source="wordnet-japanese">
         <instance id="d000.s574.t000" lemma="適度" pos="ADJ">適度</instance>
         <wf lemma="の" pos="X">の</wf>
         <wf lemma="刑罰" pos="X">刑罰</wf>
         <wf lemma="." pos="X">.</wf>
      </sentence>
      <sentence id="d000.s575" source="wordnet-japanese">
         <wf lemma="他" pos="X">他</wf>
         <wf lemma="を" pos="X">を</wf>
         <wf lemma="助ける" pos="X">助ける</wf>
         <wf lemma="こと" pos="X">こと</wf>
         <wf lemma="が" pos="X">が</wf>
         <wf lemma="彼" pos="X">彼</wf>
         <wf lemma="の" pos="X">の</wf>
         <instance id="d000.s575.t000" lemma="性質" pos="NOUN">性質</instance>
         <wf lemma="である" pos="X">である</wf>
         <wf lemma="." pos="X">.</wf>
      </sentence>
      <sentence id="d000.s576" source="wordnet-japanese">
         <instance id="d000.s576.t000" lemma="不安定" pos="ADJ">不安定</instance>
         <wf lemma="な" pos="X">な</wf>
         <wf lemma="世界経済" pos="X">世界経済</wf>
         <wf lemma="." pos="X">.</wf>
      </sentence>
      <sentence id="d000.s577" source="wordnet-japanese">
         <wf lemma="私" pos="X">私</wf>
         <wf lemma="は" pos="X">は</wf>
         <wf lemma="、" pos="X">、</wf>
         <wf lemma="悪い" pos="X">悪い</wf>
         <wf lemma="状態" pos="X">状態</wf>
         <wf lemma="で" pos="X">で</wf>
         <wf lemma="彼女" pos="X">彼女</wf>
         <wf lemma="を" pos="X">を</wf>
         <wf lemma="発見" pos="X">発見</wf>
         <wf lemma="する" pos="X">する</wf>
         <wf lemma="の" pos="X">の</wf>
         <wf lemma="で" pos="X">で</wf>
         <wf lemma="は" pos="X">は</wf>
         <wf lemma="ない" pos="X">ない</wf>
         <wf lemma="か" pos="X">か</wf>
         <wf lemma="と" pos="X">と</wf>
         <instance id="d000.s577.t000" lemma="思う" pos="VERB">思っ</instance>
         <wf lemma="た" pos="X">た</wf>
         <wf lemma="." pos="X">.</wf>
      </sentence>
      <sentence id="d000.s578" source="wordnet-japanese">
         <instance id="d000.s578.t000" lemma="同じ" pos="ADJ">同じ</instance>
         <wf lemma="寸法" pos="X">寸法</wf>
         <wf lemma="が" pos="X">が</wf>
         <wf lemma="ある" pos="X">ある</wf>
         <wf lemma="2" pos="X">2</wf>
         <wf lemma="個" pos="X">個</wf>
         <wf lemma="の" pos="X">の</wf>
         <wf lemma="箱" pos="X">箱</wf>
         <wf lemma="." pos="X">.</wf>
      </sentence>
      <sentence id="d000.s579" source="wordnet-japanese">
         <wf lemma="彼" pos="X">彼</wf>
         <wf lemma="は" pos="X">は</wf>
         <instance id="d000.s579.t000" lemma="小切手" pos="NOUN">小切手</instance>
         <wf lemma="で" pos="X">で</wf>
         <wf lemma="すべて" pos="X">すべて</wf>
         <wf lemma="の" pos="X">の</wf>
         <wf lemma="勘定" pos="X">勘定</wf>
         <wf lemma="を" pos="X">を</wf>
         <wf lemma="支払っ" pos="X">支払っ</wf>
         <wf lemma="た" pos="X">た</wf>
         <wf lemma="." pos="X">.</wf>
      </sentence>
      <sentence id="d000.s580" source="wordnet-japanese">
         <wf lemma="三角形" pos="X">三角形</wf>
         <wf lemma="の" pos="X">の</wf>
         <instance id="d000.s580.t000" lemma="底辺" pos="NOUN">底辺</instance>
         <wf lemma="." pos="X">.</wf>
      </sentence>
      <sentence id="d000.s581" source="wordnet-japanese">
         <wf lemma="草" pos="X">草</wf>
         <wf lemma="は" pos="X">は</wf>
         <wf lemma="墓" pos="X">墓</wf>
         <wf lemma="を" pos="X">を</wf>
         <instance id="d000.s581.t000" lemma="覆う" pos="VERB">覆っ</instance>
         <wf lemma="た" pos="X">た</wf>
         <wf lemma="." pos="X">.</wf>
      </sentence>
      <sentence id="d000.s582" source="wordnet-japanese">
         <wf lemma="私" pos="X">私</wf>
         <wf lemma="は" pos="X">は</wf>
         <wf lemma="、" pos="X">、</wf>
         <wf lemma="おそらく" pos="X">おそらく</wf>
         <wf lemma="会議" pos="X">会議</wf>
         <wf lemma="で" pos="X">で</wf>
         <wf lemma="あなた" pos="X">あなた</wf>
         <wf lemma="に" pos="X">に</wf>
         <instance id="d000.s582.t000" lemma="会う" pos="VERB">会う</instance>
         <wf lemma="だろ" pos="X">だろ</wf>
         <wf lemma="う" pos="X">う</wf>
         <wf lemma="." pos="X">.</wf>
      </sentence>
      <sentence id="d000.s583" source="wordnet-japanese">
         <wf lemma="ジョン" pos="X">ジョン</wf>
         <wf lemma="は" pos="X">は</wf>
         <wf lemma="メアリー" pos="X">メアリー</wf>
         <wf lemma="に" pos="X">に</wf>
         <instance id="d000.s583.t000" lemma="言い寄る" pos="VERB">言い寄っ</instance>
         <wf lemma="て" pos="X">て</wf>
         <wf lemma="いる" pos="X">いる</wf>
         <wf lemma="." pos="X">.</wf>
      </sentence>
      <sentence id="d000.s584" source="wordnet-japanese">
         <wf lemma="彼女" pos="X">彼女</wf>
         <wf lemma="は" pos="X">は</wf>
         <instance id="d000.s584.t000" lemma="悲しい" pos="ADJ">悲しい</instance>
         <wf lemma="映画" pos="X">映画</wf>
         <wf lemma="が" pos="X">が</wf>
         <wf lemma="好き" pos="X">好き</wf>
         <wf lemma="で" pos="X">で</wf>
         <wf lemma="は" pos="X">は</wf>
         <wf lemma="ない" pos="X">ない</wf>
         <wf lemma="." pos="X">.</wf>
      </sentence>
      <sentence id="d000.s585" source="wordnet-japanese">
         <wf lemma="特定" pos="X">特定</wf>
         <wf lemma="の" pos="X">の</wf>
         <wf lemma="昆虫" pos="X">昆虫</wf>
         <wf lemma="は" pos="X">は</wf>
         <instance id="d000.s585.t000" lemma="吹く" pos="VERB">吹く</instance>
         <wf lemma="と" pos="X">と</wf>
         <wf lemma="言わ" pos="X">言わ</wf>
         <wf lemma="れ" pos="X">れ</wf>
         <wf lemma="て" pos="X">て</wf>
         <wf lemma="いる" pos="X">いる</wf>
         <wf lemma="." pos="X">.</wf>
      </sentence>
      <sentence id="d000.s586" source="wordnet-japanese">
         <instance id="d000.s586.t000" lemma="雑誌" pos="NOUN">雑誌</instance>
         <wf lemma="が" pos="X">が</wf>
         <wf lemma="損得" pos="X">損得</wf>
         <wf lemma="なし" pos="X">なし</wf>
         <wf lemma="に" pos="X">に</wf>
         <wf lemma="なる" pos="X">なる</wf>
         <wf lemma="、" pos="X">、</wf>
         <wf lemma="また" pos="X">また</wf>
         <wf lemma="は" pos="X">は</wf>
         <wf lemma="儲かる" pos="X">儲かる</wf>
         <wf lemma="の" pos="X">の</wf>
         <wf lemma="は" pos="X">は</wf>
         <wf lemma="刊行" pos="X">刊行</wf>
         <wf lemma="後" pos="X">後</wf>
         <wf lemma="数" pos="X">数</wf>
         <wf lemma="年" pos="X">年</wf>
         <wf lemma="かかる" pos="X">かかる</wf>
         <wf lemma="." pos="X">.</wf>
      </sentence>
      <sentence id="d000.s587" source="wordnet-japanese">
         <wf lemma="彼" pos="X">彼</wf>
         <wf lemma="の" pos="X">の</wf>
         <wf lemma="身長" pos="X">身長</wf>
         <wf lemma="は" pos="X">は</wf>
         <wf lemma="ほぼ" pos="X">ほぼ</wf>
         <instance id="d000.s587.t000" lemma="平均" pos="NOUN">平均</instance>
         <wf lemma="である" pos="X">である</wf>
         <wf lemma="." pos="X">.</wf>
      </sentence>
      <sentence id="d000.s588" source="wordnet-japanese">
         <instance id="d000.s588.t000" lemma="熱烈" pos="ADJ">熱烈</instance>
         <wf lemma="な" pos="X">な</wf>
         <wf lemma="崇拝者" pos="X">崇拝者</wf>
         <wf lemma="." pos="X">.</wf>
      </sentence>
      <sentence id="d000.s589" source="wordnet-japanese">
         <instance id="d000.s589.t000" lemma="通常" pos="ADV">通常</instance>
         <wf lemma="、" pos="X">、</wf>
         <wf lemma="彼女" pos="X">彼女</wf>
         <wf lemma="は" pos="X">は</wf>
         <wf lemma="遅かっ" pos="X">遅かっ</wf>
         <wf lemma="た" pos="X">た</wf>
         <wf lemma="." pos="X">.</wf>
      </sentence>
      <sentence id="d000.s590" source="wordnet-japanese">
         <wf lemma="あなた" pos="X">あなた</wf>
         <wf lemma="が" pos="X">が</wf>
         <instance id="d000.s590.t000" lemma="適当" pos="ADJ">適当</instance>
         <wf lemma="と" pos="X">と</wf>
         <wf lemma="思う" pos="X">思う</wf>
         <wf lemma="こと" pos="X">こと</wf>
         <wf lemma="を" pos="X">を</wf>
         <wf lemma="し" pos="X">し</wf>
         <wf lemma="て" pos="X">て</wf>
         <wf lemma="ください" pos="X">ください</wf>
         <wf lemma="." pos="X">.</wf>
      </sentence>
      <sentence id="d000.s591" source="wordnet-japanese">
         <wf lemma="弁護士" pos="X">弁護士</wf>
         <wf lemma="の" pos="X">の</wf>
         <instance id="d000.s591.t000" lemma="貪欲" pos="NOUN">貪欲</instance>
         <wf lemma="さ" pos="X">さ</wf>
         <wf lemma="." pos="X">.</wf>
      </sentence>
      <sentence id="d000.s592" source="wordnet-japanese">
         <instance id="d000.s592.t000" lemma="左手" pos="NOUN">左手</instance>
         <wf lemma="で" pos="X">で</wf>
         <wf lemma="ジャプ" pos="X">ジャプ</wf>
         <wf lemma="を" pos="X">を</wf>
         <wf lemma="入れる" pos="X">入れる</wf>
         <wf lemma="." pos="X">.</wf>
      </sentence>
      <sentence id="d000.s593" source="wordnet-japanese">
         <instance id="d000.s593.t000" lemma="不当" pos="ADJ">不当</instance>
         <wf lemma="な" pos="X">な</wf>
         <wf lemma="影響" pos="X">影響</wf>
         <wf lemma="." pos="X">.</wf>
      </sentence>
      <sentence id="d000.s594" source="wordnet-japanese">
         <wf lemma="彼" pos="X">彼</wf>
         <wf lemma="の" pos="X">の</wf>
         <wf lemma="微笑" pos="X">微笑</wf>
         <wf lemma="は" pos="X">は</wf>
         <wf lemma="、" pos="X">、</wf>
         <wf lemma="非常" pos="X">非常</wf>
         <wf lemma="に" pos="X">に</wf>
         <instance id="d000.s594.t000" lemma="機械的" pos="ADJ">機械的</instance>
         <wf lemma="だっ" pos="X">だっ</wf>
         <wf lemma="た" pos="X">た</wf>
         <wf lemma="." pos="X">.</wf>
      </sentence>
      <sentence id="d000.s595" source="wordnet-japanese">
         <instance id="d000.s595.t000" lemma="メンデル" pos="ADJ">メンデル</instance>
         <wf lemma="性" pos="X">性</wf>
         <wf lemma="遺伝" pos="X">遺伝</wf>
         <wf lemma="." pos="X">.</wf>
      </sentence>
      <sentence id="d000.s596" source="wordnet-japanese">
         <wf lemma="スカート" pos="X">スカート</wf>
         <wf lemma="の" pos="X">の</wf>
         <instance id="d000.s596.t000" lemma="型紙" pos="NOUN">型紙</instance>
         <wf lemma="." pos="X">.</wf>
      </sentence>
      <sentence id="d000.s597" source="wordnet-japanese">
         <wf lemma="彼ら" pos="X">彼ら</wf>
         <wf lemma="に" pos="X">に</wf>
         <wf lemma="、" pos="X">、</wf>
         <wf lemma="あなた" pos="X">あなた</wf>
         <wf lemma="が" pos="X">が</wf>
         <wf lemma="遅く" pos="X">遅く</wf>
         <wf lemma="なる" pos="X">なる</wf>
         <wf lemma="こと" pos="X">こと</wf>
         <wf lemma="を" pos="X">を</wf>
         <wf lemma="と" pos="X">と</wf>
         <instance id="d000.s597.t000" lemma="話す" pos="VERB">話し</instance>
         <wf lemma="て" pos="X">て</wf>
         <wf lemma="下さい" pos="X">下さい</wf>
         <wf lemma="." pos="X">.</wf>
      </sentence>
      <sentence id="d000.s598" source="wordnet-japanese">
         <wf lemma="彼" pos="X">彼</wf>
         <wf lemma="は" pos="X">は</wf>
         <wf lemma="、" pos="X">、</wf>
         <wf lemma="小枝" pos="X">小枝</wf>
         <wf lemma="の" pos="X">の</wf>
         <instance id="d000.s598.t000" lemma="スナップ" pos="NOUN">スナップ</instance>
         <wf lemma="を" pos="X">を</wf>
         <wf lemma="聞く" pos="X">聞く</wf>
         <wf lemma="こと" pos="X">こと</wf>
         <wf lemma="が" pos="X">が</wf>
         <wf lemma="できる" pos="X">できる</wf>
         <wf lemma="." pos="X">.</wf>
      </sentence>
      <sentence id="d000.s599" source="wordnet-japanese">
         <wf lemma="彼" pos="X">彼</wf>
         <wf lemma="は" pos="X">は</wf>
         <wf lemma="自分" pos="X">自分</wf>
         <wf lemma="の" pos="X">の</wf>
         <wf lemma="議論" pos="X">議論</wf>
         <wf lemma="の" pos="X">の</wf>
         <instance id="d000.s599.t000" lemma="筋道" pos="NOUN">筋道</instance>
         <wf lemma="を" pos="X">を</wf>
         <wf lemma="失っ" pos="X">失っ</wf>
         <wf lemma="て" pos="X">て</wf>
         <wf lemma="しまっ" pos="X">しまっ</wf>
         <wf lemma="た" pos="X">た</wf>
         <wf lemma="." pos="X">.</wf>
      </sentence>
      <sentence id="d000.s600" source="wordnet-japanese">
         <wf lemma="彼" pos="X">彼</wf>
         <wf lemma="が" pos="X">が</wf>
         <wf lemma="去る" pos="X">去る</wf>
         <wf lemma="時" pos="X">時</wf>
         <wf lemma="、" pos="X">、</wf>
         <wf lemma="彼" pos="X">彼</wf>
         <wf lemma="は" pos="X">は</wf>
         <instance id="d000.s600.t000" lemma="ドア" pos="NOUN">ドア</instance>
         <wf lemma="を" pos="X">を</wf>
         <wf lemma="バタン" pos="X">バタン</wf>
         <wf lemma="と" pos="X">と</wf>
         <wf lemma="閉め" pos="X">閉め</wf>
         <wf lemma="た" pos="X">た</wf>
         <wf lemma="." pos="X">.</wf>
      </sentence>
      <sentence id="d000.s601" source="wordnet-japanese">
         <wf lemma="USS" pos="X">USS</wf>
         <instance id="d000.s601.t000" lemma="コール" pos="NOUN">コール</instance>
         <wf lemma="が" pos="X">が</wf>
         <wf lemma="アデン" pos="X">アデン</wf>
         <wf lemma="に" pos="X">に</wf>
         <wf lemma="停泊" pos="X">停泊</wf>
         <wf lemma="する" pos="X">する</wf>
         <wf lemma="間" pos="X">間</wf>
         <wf lemma="、" pos="X">、</wf>
         <wf lemma="17" pos="X">17</wf>
         <wf lemma="人" pos="X">人</wf>
         <wf lemma="の" pos="X">の</wf>
         <wf lemma="船員" pos="X">船員</wf>
         <wf lemma="が" pos="X">が</wf>
         <wf lemma="テロリスト" pos="X">テロリスト</wf>
         <wf lemma="攻撃" pos="X">攻撃</wf>
         <wf lemma="の" pos="X">の</wf>
         <wf lemma="結果" pos="X">結果</wf>
         <wf lemma="と" pos="X">と</wf>
         <wf lemma="し" pos="X">し</wf>
         <wf lemma="て" pos="X">て</wf>
         <wf lemma="死ん" pos="X">死ん</wf>
         <wf lemma="だ" pos="X">だ</wf>
         <wf lemma="." pos="X">.</wf>
      </sentence>
      <sentence id="d000.s602" source="wordnet-japanese">
         <instance id="d000.s602.t000" lemma="肯定的" pos="ADJ">肯定的</instance>
         <wf lemma="な" pos="X">な</wf>
         <wf lemma="展望" pos="X">展望</wf>
         <wf lemma="." pos="X">.</wf>
      </sentence>
      <sentence id="d000.s603" source="wordnet-japanese">
         <wf lemma="現代" pos="X">現代</wf>
         <wf lemma="科学" pos="X">科学</wf>
         <wf lemma="の" pos="X">の</wf>
         <instance id="d000.s603.t000" lemma="驚異" pos="NOUN">驚異</instance>
         <wf lemma="." pos="X">.</wf>
      </sentence>
      <sentence id="d000.s604" source="wordnet-japanese">
         <wf lemma="彼" pos="X">彼</wf>
         <wf lemma="の" pos="X">の</wf>
         <wf lemma="言い分" pos="X">言い分</wf>
         <wf lemma="と" pos="X">と</wf>
         <wf lemma="正" pos="X">正</wf>
         <instance id="d000.s604.t000" lemma="反対" pos="ADJ">反対</instance>
         <wf lemma="に" pos="X">に</wf>
         <wf lemma="." pos="X">.</wf>
      </sentence>
      <sentence id="d000.s605" source="wordnet-japanese">
         <instance id="d000.s605.t000" lemma="高慢" pos="ADJ">高慢</instance>
         <wf lemma="な" pos="X">な</wf>
         <wf lemma="いばっ" pos="X">いばっ</wf>
         <wf lemma="た" pos="X">た</wf>
         <wf lemma="態度" pos="X">態度</wf>
         <wf lemma="で" pos="X">で</wf>
         <wf lemma="歩く" pos="X">歩く</wf>
         <wf lemma="." pos="X">.</wf>
      </sentence>
      <sentence id="d000.s606" source="wordnet-japanese">
         <wf lemma="プロジェクト" pos="X">プロジェクト</wf>
         <wf lemma="を" pos="X">を</wf>
         <instance id="d000.s606.t000" lemma="止める" pos="VERB">止める</instance>
         <wf lemma="." pos="X">.</wf>
      </sentence>
      <sentence id="d000.s607" source="wordnet-japanese">
         <instance id="d000.s607.t000" lemma="重要" pos="ADJ">重要</instance>
         <wf lemma="な" pos="X">な</wf>
         <wf lemma="人々" pos="X">人々</wf>
         <wf lemma="." pos="X">.</wf>
      </sentence>
      <sentence id="d000.s608" source="wordnet-japanese">
         <wf lemma="彼女" pos="X">彼女</wf>
         <wf lemma="は" pos="X">は</wf>
         <wf lemma="、" pos="X">、</wf>
         <wf lemma="郡" pos="X">郡</wf>
         <wf lemma="主催" pos="X">主催</wf>
         <wf lemma="の" pos="X">の</wf>
         <instance id="d000.s608.t000" lemma="品評会" pos="NOUN">品評会</instance>
         <wf lemma="で" pos="X">で</wf>
         <wf lemma="彼女" pos="X">彼女</wf>
         <wf lemma="の" pos="X">の</wf>
         <wf lemma="パン焼き" pos="X">パン焼き</wf>
         <wf lemma="は" pos="X">は</wf>
         <wf lemma="最高" pos="X">最高</wf>
         <wf lemma="名誉賞" pos="X">名誉賞</wf>
         <wf lemma="を" pos="X">を</wf>
         <wf lemma="受賞" pos="X">受賞</wf>
         <wf lemma="し" pos="X">し</wf>
         <wf lemma="た" pos="X">た</wf>
         <wf lemma="." pos="X">.</wf>
      </sentence>
      <sentence id="d000.s609" source="wordnet-japanese">
         <wf lemma="あらゆる" pos="X">あらゆる</wf>
         <wf lemma="子供" pos="X">子供</wf>
         <wf lemma="は" pos="X">は</wf>
         <instance id="d000.s609.t000" lemma="模範" pos="NOUN">模範</instance>
         <wf lemma="を" pos="X">を</wf>
         <wf lemma="必要" pos="X">必要</wf>
         <wf lemma="と" pos="X">と</wf>
         <wf lemma="する" pos="X">する</wf>
         <wf lemma="." pos="X">.</wf>
      </sentence>
      <sentence id="d000.s610" source="wordnet-japanese">
         <wf lemma="バラ" pos="X">バラ</wf>
         <wf lemma="に" pos="X">に</wf>
         <instance id="d000.s610.t000" lemma="ふさわしい" pos="ADJ">ふさわしい</instance>
         <wf lemma="新しい" pos="X">新しい</wf>
         <wf lemma="色合い" pos="X">色合い</wf>
         <wf lemma="." pos="X">.</wf>
      </sentence>
      <sentence id="d000.s611" source="wordnet-japanese">
         <wf lemma="彼ら" pos="X">彼ら</wf>
         <wf lemma="は" pos="X">は</wf>
         <wf lemma="流星" pos="X">流星</wf>
         <wf lemma="が" pos="X">が</wf>
         <wf lemma="恐竜" pos="X">恐竜</wf>
         <wf lemma="の" pos="X">の</wf>
         <instance id="d000.s611.t000" lemma="絶滅" pos="NOUN">絶滅</instance>
         <wf lemma="の" pos="X">の</wf>
         <wf lemma="原因" pos="X">原因</wf>
         <wf lemma="だ" pos="X">だ</wf>
         <wf lemma="と" pos="X">と</wf>
         <wf lemma="考え" pos="X">考え</wf>
         <wf lemma="て" pos="X">て</wf>
         <wf lemma="いる" pos="X">いる</wf>
         <wf lemma="." pos="X">.</wf>
      </sentence>
      <sentence id="d000.s612" source="wordnet-japanese">
         <wf lemma="塊" pos="X">塊</wf>
         <wf lemma="の" pos="X">の</wf>
         <instance id="d000.s612.t000" lemma="半分" pos="NOUN">半分</instance>
         <wf lemma="." pos="X">.</wf>
      </sentence>
      <sentence id="d000.s613" source="wordnet-japanese">
         <wf lemma="イタリア" pos="X">イタリア</wf>
         <wf lemma="人" pos="X">人</wf>
         <wf lemma="は" pos="X">は</wf>
         <wf lemma="、" pos="X">、</wf>
         <wf lemma="コーヒー" pos="X">コーヒー</wf>
         <wf lemma="を" pos="X">を</wf>
         <wf lemma="ろ過" pos="X">ろ過</wf>
         <wf lemma="する" pos="X">する</wf>
         <wf lemma="より" pos="X">より</wf>
         <wf lemma="も" pos="X">も</wf>
         <instance id="d000.s613.t000" lemma="搾り出す" pos="VERB">搾り出す</instance>
         <wf lemma="." pos="X">.</wf>
      </sentence>
      <sentence id="d000.s614" source="wordnet-japanese">
         <wf lemma="彼ら" pos="X">彼ら</wf>
         <wf lemma="は" pos="X">は</wf>
         <wf lemma="様々" pos="X">様々</wf>
         <wf lemma="な" pos="X">な</wf>
         <wf lemma="振動数" pos="X">振動数</wf>
         <wf lemma="の" pos="X">の</wf>
         <instance id="d000.s614.t000" lemma="純音" pos="NOUN">純音</instance>
         <wf lemma="で" pos="X">で</wf>
         <wf lemma="、" pos="X">、</wf>
         <wf lemma="彼" pos="X">彼</wf>
         <wf lemma="の" pos="X">の</wf>
         <wf lemma="聴力" pos="X">聴力</wf>
         <wf lemma="を" pos="X">を</wf>
         <wf lemma="テスト" pos="X">テスト</wf>
         <wf lemma="し" pos="X">し</wf>
         <wf lemma="た" pos="X">た</wf>
         <wf lemma="." pos="X">.</wf>
      </sentence>
      <sentence id="d000.s615" source="wordnet-japanese">
         <instance id="d000.s615.t000" lemma="フレーム" pos="NOUN">フレーム</instance>
         <wf lemma="は" pos="X">は</wf>
         <wf lemma="高める" pos="X">高める</wf>
         <wf lemma="が" pos="X">が</wf>
         <wf lemma="、" pos="X">、</wf>
         <wf lemma="それ" pos="X">それ</wf>
         <wf lemma="自体" pos="X">自体</wf>
         <wf lemma="で" pos="X">で</wf>
         <wf lemma="注意" pos="X">注意</wf>
         <wf lemma="の" pos="X">の</wf>
         <wf lemma="対象" pos="X">対象</wf>
         <wf lemma="で" pos="X">で</wf>
         <wf lemma="は" pos="X">は</wf>
         <wf lemma="ない" pos="X">ない</wf>
         <wf lemma="." pos="X">.</wf>
      </sentence>
      <sentence id="d000.s616" source="wordnet-japanese">
         <instance id="d000.s616.t000" lemma="明確" pos="ADJ">明確</instance>
         <wf lemma="な" pos="X">な</wf>
         <wf lemma="説明" pos="X">説明</wf>
         <wf lemma="." pos="X">.</wf>
      </sentence>
      <sentence id="d000.s617" source="wordnet-japanese">
         <wf lemma="彼女" pos="X">彼女</wf>
         <wf lemma="は" pos="X">は</wf>
         <wf lemma="、" pos="X">、</wf>
         <wf lemma="自分" pos="X">自分</wf>
         <wf lemma="の" pos="X">の</wf>
         <wf lemma="セラピスト" pos="X">セラピスト</wf>
         <wf lemma="に" pos="X">に</wf>
         <wf lemma="あまり" pos="X">あまり</wf>
         <wf lemma="に" pos="X">に</wf>
         <wf lemma="頻繁" pos="X">頻繁</wf>
         <wf lemma="に" pos="X">に</wf>
         <wf lemma="電話" pos="X">電話</wf>
         <wf lemma="する" pos="X">する</wf>
         <wf lemma="の" pos="X">の</wf>
         <wf lemma="を" pos="X">を</wf>
         <instance id="d000.s617.t000" lemma="控える" pos="VERB">控え</instance>
         <wf lemma="て" pos="X">て</wf>
         <wf lemma="いる" pos="X">いる</wf>
         <wf lemma="." pos="X">.</wf>
      </sentence>
      <sentence id="d000.s618" source="wordnet-japanese">
         <instance id="d000.s618.t000" lemma="好色" pos="ADJ">好色</instance>
         <wf lemma="な" pos="X">な</wf>
         <wf lemma="文学" pos="X">文学</wf>
         <wf lemma="." pos="X">.</wf>
      </sentence>
      <sentence id="d000.s619" source="wordnet-japanese">
         <wf lemma="その" pos="X">その</wf>
         <wf lemma="行事" pos="X">行事</wf>
         <wf lemma="の" pos="X">の</wf>
         <wf lemma="ため" pos="X">ため</wf>
         <wf lemma="に" pos="X">に</wf>
         <instance id="d000.s619.t000" lemma="特別" pos="ADJ">特別</instance>
         <wf lemma="な" pos="X">な</wf>
         <wf lemma="許可" pos="X">許可</wf>
         <wf lemma="を" pos="X">を</wf>
         <wf lemma="得" pos="X">得</wf>
         <wf lemma="なければ" pos="X">なければ</wf>
         <wf lemma="なら" pos="X">なら</wf>
         <wf lemma="なかっ" pos="X">なかっ</wf>
         <wf lemma="た" pos="X">た</wf>
         <wf lemma="." pos="X">.</wf>
      </sentence>
      <sentence id="d000.s620" source="wordnet-japanese">
         <wf lemma="彼" pos="X">彼</wf>
         <wf lemma="は" pos="X">は</wf>
         <instance id="d000.s620.t000" lemma="あくび" pos="NOUN">あくび</instance>
         <wf lemma="を" pos="X">を</wf>
         <wf lemma="謝っ" pos="X">謝っ</wf>
         <wf lemma="た" pos="X">た</wf>
         <wf lemma="." pos="X">.</wf>
      </sentence>
      <sentence id="d000.s621" source="wordnet-japanese">
         <instance id="d000.s621.t000" lemma="世界的" pos="ADJ">世界的</instance>
         <wf lemma="な" pos="X">な</wf>
         <wf lemma="伝染病" pos="X">伝染病</wf>
         <wf lemma="." pos="X">.</wf>
      </sentence>
      <sentence id="d000.s622" source="wordnet-japanese">
         <instance id="d000.s622.t000" lemma="無柄" pos="ADJ">無柄</instance>
         <wf lemma="の" pos="X">の</wf>
         <wf lemma="花" pos="X">花</wf>
         <wf lemma="." pos="X">.</wf>
      </sentence>
      <sentence id="d000.s623" source="wordnet-japanese">
         <instance id="d000.s623.t000" lemma="嘆かわしい" pos="ADJ">嘆かわしい</instance>
         <wf lemma="暴力" pos="X">暴力</wf>
         <wf lemma="行為" pos="X">行為</wf>
         <wf lemma="." pos="X">.</wf>
      </sentence>
      <sentence id="d000.s624" source="wordnet-japanese">
         <wf lemma="神" pos="X">神</wf>
         <wf lemma="の" pos="X">の</wf>
         <instance id="d000.s624.t000" lemma="恵み" pos="NOUN">恵み</instance>
         <wf lemma="は" pos="X">は</wf>
         <wf lemma="罪人" pos="X">罪人</wf>
         <wf lemma="の" pos="X">の</wf>
         <wf lemma="救済" pos="X">救済</wf>
         <wf lemma="において" pos="X">において</wf>
         <wf lemma="明らか" pos="X">明らか</wf>
         <wf lemma="で" pos="X">で</wf>
         <wf lemma="ある" pos="X">ある</wf>
         <wf lemma="." pos="X">.</wf>
      </sentence>
      <sentence id="d000.s625" source="wordnet-japanese">
         <instance id="d000.s625.t000" lemma="全く" pos="ADV">全く</instance>
         <wf lemma="その" pos="X">その</wf>
         <wf lemma="通り" pos="X">通り</wf>
         <wf lemma="！" pos="X">！</wf>
         <wf lemma="." pos="X">.</wf>
      </sentence>
      <sentence id="d000.s626" source="wordnet-japanese">
         <instance id="d000.s626.t000" lemma="キーストローク" pos="NOUN">キーストローク</instance>
         <wf lemma="の" pos="X">の</wf>
         <wf lemma="数" pos="X">数</wf>
         <wf lemma="は" pos="X">は</wf>
         <wf lemma="仕事" pos="X">仕事</wf>
         <wf lemma="の" pos="X">の</wf>
         <wf lemma="手段" pos="X">手段</wf>
         <wf lemma="と" pos="X">と</wf>
         <wf lemma="し" pos="X">し</wf>
         <wf lemma="て" pos="X">て</wf>
         <wf lemma="使用" pos="X">使用</wf>
         <wf lemma="さ" pos="X">さ</wf>
         <wf lemma="れ" pos="X">れ</wf>
         <wf lemma="た" pos="X">た</wf>
         <wf lemma="." pos="X">.</wf>
      </sentence>
      <sentence id="d000.s627" source="wordnet-japanese">
         <wf lemma="力かける" pos="X">力かける</wf>
         <wf lemma="距離" pos="X">距離</wf>
         <wf lemma="は" pos="X">は</wf>
         <instance id="d000.s627.t000" lemma="仕事量" pos="NOUN">仕事量</instance>
         <wf lemma="である" pos="X">である</wf>
         <wf lemma="." pos="X">.</wf>
      </sentence>
      <sentence id="d000.s628" source="wordnet-japanese">
         <wf lemma="麻薬" pos="X">麻薬</wf>
         <wf lemma="密売" pos="X">密売</wf>
         <wf lemma="組織" pos="X">組織</wf>
         <wf lemma="の" pos="X">の</wf>
         <wf lemma="ボス" pos="X">ボス</wf>
         <wf lemma="に" pos="X">に</wf>
         <wf lemma="は" pos="X">は</wf>
         <wf lemma="、" pos="X">、</wf>
         <wf lemma="彼" pos="X">彼</wf>
         <wf lemma="を" pos="X">を</wf>
         <wf lemma="守る" pos="X">守る</wf>
         <instance id="d000.s628.t000" lemma="用心棒" pos="NOUN">用心棒</instance>
         <wf lemma="が" pos="X">が</wf>
         <wf lemma="い" pos="X">い</wf>
         <wf lemma="た" pos="X">た</wf>
         <wf lemma="." pos="X">.</wf>
      </sentence>
      <sentence id="d000.s629" source="wordnet-japanese">
         <wf lemma="彼" pos="X">彼</wf>
         <wf lemma="は" pos="X">は</wf>
         <wf lemma="ペン" pos="X">ペン</wf>
         <instance id="d000.s629.t000" lemma="先" pos="NOUN">先</instance>
         <wf lemma="を" pos="X">を</wf>
         <wf lemma="壊し" pos="X">壊し</wf>
         <wf lemma="た" pos="X">た</wf>
         <wf lemma="." pos="X">.</wf>
      </sentence>
      <sentence id="d000.s630" source="wordnet-japanese">
         <wf lemma="彼ら" pos="X">彼ら</wf>
         <wf lemma="は" pos="X">は</wf>
         <wf lemma="口" pos="X">口</wf>
         <instance id="d000.s630.t000" lemma="喧嘩" pos="NOUN">喧嘩</instance>
         <wf lemma="し" pos="X">し</wf>
         <wf lemma="た" pos="X">た</wf>
         <wf lemma="." pos="X">.</wf>
      </sentence>
      <sentence id="d000.s631" source="wordnet-japanese">
         <wf lemma="我々" pos="X">我々</wf>
         <wf lemma="は" pos="X">は</wf>
         <wf lemma="、" pos="X">、</wf>
         <wf lemma="毎日" pos="X">毎日</wf>
         <wf lemma="、" pos="X">、</wf>
         <wf lemma="6" pos="X">6</wf>
         <wf lemma="マイル" pos="X">マイル</wf>
         <wf lemma="の" pos="X">の</wf>
         <wf lemma="ハイキング" pos="X">ハイキング</wf>
         <wf lemma="を" pos="X">を</wf>
         <instance id="d000.s631.t000" lemma="する" pos="VERB">し</instance>
         <wf lemma="た" pos="X">た</wf>
         <wf lemma="." pos="X">.</wf>
      </sentence>
      <sentence id="d000.s632" source="wordnet-japanese">
         <wf lemma="私" pos="X">私</wf>
         <wf lemma="が" pos="X">が</wf>
         <wf lemma="執筆" pos="X">執筆</wf>
         <wf lemma="し" pos="X">し</wf>
         <wf lemma="て" pos="X">て</wf>
         <wf lemma="いる" pos="X">いる</wf>
         <wf lemma="間" pos="X">間</wf>
         <wf lemma="の" pos="X">の</wf>
         <wf lemma="1" pos="X">1</wf>
         <wf lemma="日" pos="X">日</wf>
         <wf lemma="4" pos="X">4</wf>
         <wf lemma="時間" pos="X">時間</wf>
         <wf lemma="、" pos="X">、</wf>
         <wf lemma="ある" pos="X">ある</wf>
         <instance id="d000.s632.t000" lemma="女性" pos="NOUN">女性</instance>
         <wf lemma="に" pos="X">に</wf>
         <wf lemma="来" pos="X">来</wf>
         <wf lemma="て" pos="X">て</wf>
         <wf lemma="もらっ" pos="X">もらっ</wf>
         <wf lemma="て" pos="X">て</wf>
         <wf lemma="いる" pos="X">いる</wf>
         <wf lemma="." pos="X">.</wf>
      </sentence>
      <sentence id="d000.s633" source="wordnet-japanese">
         <wf lemma="ガソリン" pos="X">ガソリン</wf>
         <wf lemma="の" pos="X">の</wf>
         <instance id="d000.s633.t000" lemma="価格" pos="NOUN">価格</instance>
         <wf lemma="." pos="X">.</wf>
      </sentence>
      <sentence id="d000.s634" source="wordnet-japanese">
         <instance id="d000.s634.t000" lemma="短い" pos="ADJ">短い</instance>
         <wf lemma="飛行" pos="X">飛行</wf>
         <wf lemma="." pos="X">.</wf>
      </sentence>
      <sentence id="d000.s635" source="wordnet-japanese">
         <wf lemma="彼" pos="X">彼</wf>
         <wf lemma="は" pos="X">は</wf>
         <wf lemma="自分" pos="X">自分</wf>
         <wf lemma="の" pos="X">の</wf>
         <wf lemma="歌" pos="X">歌</wf>
         <wf lemma="の" pos="X">の</wf>
         <instance id="d000.s635.t000" lemma="手腕" pos="NOUN">手腕</instance>
         <wf lemma="を" pos="X">を</wf>
         <wf lemma="試し" pos="X">試し</wf>
         <wf lemma="て" pos="X">て</wf>
         <wf lemma="み" pos="X">み</wf>
         <wf lemma="たかっ" pos="X">たかっ</wf>
         <wf lemma="た" pos="X">た</wf>
         <wf lemma="." pos="X">.</wf>
      </sentence>
      <sentence id="d000.s636" source="wordnet-japanese">
         <wf lemma="病気" pos="X">病気</wf>
         <wf lemma="の" pos="X">の</wf>
         <instance id="d000.s636.t000" lemma="急性" pos="ADJ">急性</instance>
         <wf lemma="期" pos="X">期</wf>
         <wf lemma="." pos="X">.</wf>
      </sentence>
      <sentence id="d000.s637" source="wordnet-japanese">
         <instance id="d000.s637.t000" lemma="こっそり" pos="ADV">こっそり</instance>
         <wf lemma="、" pos="X">、</wf>
         <wf lemma="彼ら" pos="X">彼ら</wf>
         <wf lemma="は" pos="X">は</wf>
         <wf lemma="上流" pos="X">上流</wf>
         <wf lemma="へ" pos="X">へ</wf>
         <wf lemma="進ん" pos="X">進ん</wf>
         <wf lemma="だ" pos="X">だ</wf>
         <wf lemma="." pos="X">.</wf>
      </sentence>
      <sentence id="d000.s638" source="wordnet-japanese">
         <instance id="d000.s638.t000" lemma="浅い" pos="ADJ">浅い</instance>
         <wf lemma="傷" pos="X">傷</wf>
         <wf lemma="." pos="X">.</wf>
      </sentence>
      <sentence id="d000.s639" source="wordnet-japanese">
         <wf lemma="彼女" pos="X">彼女</wf>
         <wf lemma="は" pos="X">は</wf>
         <wf lemma="、" pos="X">、</wf>
         <wf lemma="私" pos="X">私</wf>
         <wf lemma="に" pos="X">に</wf>
         <wf lemma="じきじき" pos="X">じきじき</wf>
         <wf lemma="に" pos="X">に</wf>
         <wf lemma="スペイン" pos="X">スペイン</wf>
         <wf lemma="語" pos="X">語</wf>
         <wf lemma="を" pos="X">を</wf>
         <instance id="d000.s639.t000" lemma="教える" pos="VERB">教え</instance>
         <wf lemma="た" pos="X">た</wf>
         <wf lemma="." pos="X">.</wf>
      </sentence>
      <sentence id="d000.s640" source="wordnet-japanese">
         <wf lemma="私達" pos="X">私達</wf>
         <wf lemma="は" pos="X">は</wf>
         <wf lemma="母国語" pos="X">母国語</wf>
         <wf lemma="の" pos="X">の</wf>
         <wf lemma="情報" pos="X">情報</wf>
         <wf lemma="提供者" pos="X">提供者</wf>
         <wf lemma="から" pos="X">から</wf>
         <wf lemma="、" pos="X">、</wf>
         <wf lemma="いくつか" pos="X">いくつか</wf>
         <wf lemma="の" pos="X">の</wf>
         <wf lemma="興味" pos="X">興味</wf>
         <wf lemma="深い" pos="X">深い</wf>
         <wf lemma="言語" pos="X">言語</wf>
         <wf lemma="データ" pos="X">データ</wf>
         <wf lemma="を" pos="X">を</wf>
         <instance id="d000.s640.t000" lemma="引き出す" pos="VERB">引き出し</instance>
         <wf lemma="た" pos="X">た</wf>
         <wf lemma="." pos="X">.</wf>
      </sentence>
      <sentence id="d000.s641" source="wordnet-japanese">
         <wf lemma="彼" pos="X">彼</wf>
         <wf lemma="は" pos="X">は</wf>
         <instance id="d000.s641.t000" lemma="召集" pos="NOUN">召集</instance>
         <wf lemma="し" pos="X">し</wf>
         <wf lemma="なかっ" pos="X">なかっ</wf>
         <wf lemma="た" pos="X">た</wf>
         <wf lemma="ため" pos="X">ため</wf>
         <wf lemma="に" pos="X">に</wf>
         <wf lemma="拘禁室" pos="X">拘禁室</wf>
         <wf lemma="に" pos="X">に</wf>
         <wf lemma="ぶち込ま" pos="X">ぶち込ま</wf>
         <wf lemma="れ" pos="X">れ</wf>
         <wf lemma="た" pos="X">た</wf>
         <wf lemma="." pos="X">.</wf>
      </sentence>
      <sentence id="d000.s642" source="wordnet-japanese">
         <wf lemma="ときどき" pos="X">ときどき</wf>
         <wf lemma="帝王" pos="X">帝王</wf>
         <wf lemma="切開" pos="X">切開</wf>
         <wf lemma="は" pos="X">は</wf>
         <wf lemma="異常" pos="X">異常</wf>
         <instance id="d000.s642.t000" lemma="胎位" pos="NOUN">胎位</instance>
         <wf lemma="の" pos="X">の</wf>
         <wf lemma="結果" pos="X">結果</wf>
         <wf lemma="起こる" pos="X">起こる</wf>
         <wf lemma="." pos="X">.</wf>
      </sentence>
      <sentence id="d000.s643" source="wordnet-japanese">
         <wf lemma="ジョギング" pos="X">ジョギング</wf>
         <wf lemma="で" pos="X">で</wf>
         <wf lemma="有り" pos="X">有り</wf>
         <wf lemma="余っ" pos="X">余っ</wf>
         <wf lemma="た" pos="X">た</wf>
         <instance id="d000.s643.t000" lemma="エネルギー" pos="NOUN">エネルギー</instance>
         <wf lemma="を" pos="X">を</wf>
         <wf lemma="消費" pos="X">消費</wf>
         <wf lemma="する" pos="X">する</wf>
         <wf lemma="." pos="X">.</wf>
      </sentence>
      <sentence id="d000.s644" source="wordnet-japanese">
         <wf lemma="高い" pos="X">高い</wf>
         <wf lemma="規格" pos="X">規格</wf>
         <wf lemma="を" pos="X">を</wf>
         <wf lemma="満たし" pos="X">満たし</wf>
         <wf lemma="た" pos="X">た</wf>
         <wf lemma="ジェット" pos="X">ジェット</wf>
         <wf lemma="機" pos="X">機</wf>
         <wf lemma="の" pos="X">の</wf>
         <instance id="d000.s644.t000" lemma="性能" pos="NOUN">性能</instance>
         <wf lemma="." pos="X">.</wf>
      </sentence>
      <sentence id="d000.s645" source="wordnet-japanese">
         <wf lemma="プリンタ" pos="X">プリンタ</wf>
         <wf lemma="は" pos="X">は</wf>
         <wf lemma="、" pos="X">、</wf>
         <wf lemma="以前" pos="X">以前</wf>
         <wf lemma="個別" pos="X">個別</wf>
         <wf lemma="の" pos="X">の</wf>
         <wf lemma="場合" pos="X">場合</wf>
         <wf lemma="に" pos="X">に</wf>
         <instance id="d000.s645.t000" lemma="大文字" pos="NOUN">大文字</instance>
         <wf lemma="と" pos="X">と</wf>
         <wf lemma="小文字" pos="X">小文字</wf>
         <wf lemma="の" pos="X">の</wf>
         <wf lemma="ため" pos="X">ため</wf>
         <wf lemma="に" pos="X">に</wf>
         <wf lemma="タイプ" pos="X">タイプ</wf>
         <wf lemma="を" pos="X">を</wf>
         <wf lemma="維持" pos="X">維持</wf>
         <wf lemma="し" pos="X">し</wf>
         <wf lemma="た" pos="X">た</wf>
         <wf lemma="。" pos="X">。</wf>
         <wf lemma="大文字" pos="X">大文字</wf>
         <wf lemma="は" pos="X">は</wf>
         <wf lemma="、" pos="X">、</wf>
         <wf lemma="タイプ" pos="X">タイプ</wf>
         <wf lemma="の" pos="X">の</wf>
         <wf lemma="場合" pos="X">場合</wf>
         <wf lemma="の" pos="X">の</wf>
         <wf lemma="上部" pos="X">上部</wf>
         <wf lemma="の" pos="X">の</wf>
         <wf lemma="半分" pos="X">半分</wf>
         <wf lemma="で" pos="X">で</wf>
         <wf lemma="維持" pos="X">維持</wf>
         <wf lemma="さ" pos="X">さ</wf>
         <wf lemma="れ" pos="X">れ</wf>
         <wf lemma="、" pos="X">、</wf>
         <wf lemma="したがっ" pos="X">したがっ</wf>
         <wf lemma="て" pos="X">て</wf>
         <wf lemma="、" pos="X">、</wf>
         <wf lemma="大文字" pos="X">大文字</wf>
         <wf lemma="の" pos="X">の</wf>
         <wf lemma="文字" pos="X">文字</wf>
         <wf lemma="と" pos="X">と</wf>
         <wf lemma="し" pos="X">し</wf>
         <wf lemma="て" pos="X">て</wf>
         <wf lemma="知ら" pos="X">知ら</wf>
         <wf lemma="れる" pos="X">れる</wf>
         <wf lemma="ように" pos="X">ように</wf>
         <wf lemma="なっ" pos="X">なっ</wf>
         <wf lemma="た" pos="X">た</wf>
         <wf lemma="。" pos="X">。</wf>
         <wf lemma="." pos="X">.</wf>
      </sentence>
      <sentence id="d000.s646" source="wordnet-japanese">
         <wf lemma="彼" pos="X">彼</wf>
         <wf lemma="は" pos="X">は</wf>
         <wf lemma="彼女" pos="X">彼女</wf>
         <wf lemma="の" pos="X">の</wf>
         <instance id="d000.s646.t000" lemma="黄金色" pos="NOUN">黄金色</instance>
         <wf lemma="の" pos="X">の</wf>
         <wf lemma="髪" pos="X">髪</wf>
         <wf lemma="を" pos="X">を</wf>
         <wf lemma="褒め" pos="X">褒め</wf>
         <wf lemma="た" pos="X">た</wf>
         <wf lemma="." pos="X">.</wf>
      </sentence>
      <sentence id="d000.s647" source="wordnet-japanese">
         <instance id="d000.s647.t000" lemma="良い" pos="ADJ">良い</instance>
         <wf lemma="ナイフ" pos="X">ナイフ</wf>
         <wf lemma="と" pos="X">と</wf>
         <wf lemma="は" pos="X">は</wf>
         <wf lemma="、" pos="X">、</wf>
         <wf lemma="よく" pos="X">よく</wf>
         <wf lemma="切れる" pos="X">切れる</wf>
         <wf lemma="ナイフ" pos="X">ナイフ</wf>
         <wf lemma="の" pos="X">の</wf>
         <wf lemma="こと" pos="X">こと</wf>
         <wf lemma="だ" pos="X">だ</wf>
         <wf lemma="." pos="X">.</wf>
      </sentence>
      <sentence id="d000.s648" source="wordnet-japanese">
         <wf lemma="その" pos="X">その</wf>
         <wf lemma="主張" pos="X">主張</wf>
         <wf lemma="の" pos="X">の</wf>
         <wf lemma="証拠" pos="X">証拠</wf>
         <wf lemma="の" pos="X">の</wf>
         <instance id="d000.s648.t000" lemma="痕跡" pos="NOUN">痕跡</instance>
         <wf lemma="は" pos="X">は</wf>
         <wf lemma="なかっ" pos="X">なかっ</wf>
         <wf lemma="た" pos="X">た</wf>
         <wf lemma="." pos="X">.</wf>
      </sentence>
      <sentence id="d000.s649" source="wordnet-japanese">
         <instance id="d000.s649.t000" lemma="建物" pos="NOUN">建物</instance>
         <wf lemma="全体" pos="X">全体</wf>
         <wf lemma="が" pos="X">が</wf>
         <wf lemma="騒音" pos="X">騒音</wf>
         <wf lemma="について" pos="X">について</wf>
         <wf lemma="不満" pos="X">不満</wf>
         <wf lemma="を" pos="X">を</wf>
         <wf lemma="漏らし" pos="X">漏らし</wf>
         <wf lemma="た" pos="X">た</wf>
         <wf lemma="." pos="X">.</wf>
      </sentence>
      <sentence id="d000.s650" source="wordnet-japanese">
         <wf lemma="その" pos="X">その</wf>
         <wf lemma="ドラマ" pos="X">ドラマ</wf>
         <wf lemma="の" pos="X">の</wf>
         <wf lemma="象徴" pos="X">象徴</wf>
         <wf lemma="主義" pos="X">主義</wf>
         <wf lemma="は" pos="X">は</wf>
         <wf lemma="とても" pos="X">とても</wf>
         <instance id="d000.s650.t000" lemma="観念的" pos="ADJ">観念的</instance>
         <wf lemma="で" pos="X">で</wf>
         <wf lemma="あっ" pos="X">あっ</wf>
         <wf lemma="た" pos="X">た</wf>
         <wf lemma="." pos="X">.</wf>
      </sentence>
      <sentence id="d000.s651" source="wordnet-japanese">
         <wf lemma="飢え" pos="X">飢え</wf>
         <wf lemma="た" pos="X">た</wf>
         <wf lemma="子どもの" pos="X">子どもの</wf>
         <wf lemma="ため" pos="X">ため</wf>
         <wf lemma="の" pos="X">の</wf>
         <instance id="d000.s651.t000" lemma="募金" pos="NOUN">募金</instance>
         <wf lemma="の" pos="X">の</wf>
         <wf lemma="訴え" pos="X">訴え</wf>
         <wf lemma="." pos="X">.</wf>
      </sentence>
      <sentence id="d000.s652" source="wordnet-japanese">
         <wf lemma="木星" pos="X">木星</wf>
         <wf lemma="は" pos="X">は</wf>
         <wf lemma="発光" pos="X">発光</wf>
         <wf lemma="の" pos="X">の</wf>
         <instance id="d000.s652.t000" lemma="起源" pos="NOUN">起源</instance>
         <wf lemma="だ" pos="X">だ</wf>
         <wf lemma="." pos="X">.</wf>
      </sentence>
      <sentence id="d000.s653" source="wordnet-japanese">
         <wf lemma="彼女" pos="X">彼女</wf>
         <wf lemma="は" pos="X">は</wf>
         <wf lemma="、" pos="X">、</wf>
         <wf lemma="正しい" pos="X">正しい</wf>
         <wf lemma="こと" pos="X">こと</wf>
         <wf lemma="が" pos="X">が</wf>
         <instance id="d000.s653.t000" lemma="わかる" pos="VERB">わかっ</instance>
         <wf lemma="た" pos="X">た</wf>
         <wf lemma="." pos="X">.</wf>
      </sentence>
      <sentence id="d000.s654" source="wordnet-japanese">
         <wf lemma="圧縮" pos="X">圧縮</wf>
         <wf lemma="さ" pos="X">さ</wf>
         <wf lemma="れ" pos="X">れ</wf>
         <wf lemma="た" pos="X">た</wf>
         <wf lemma="ガス" pos="X">ガス</wf>
         <wf lemma="は" pos="X">は</wf>
         <wf lemma="更なる" pos="X">更なる</wf>
         <instance id="d000.s654.t000" lemma="圧力" pos="NOUN">圧力</instance>
         <wf lemma="を" pos="X">を</wf>
         <wf lemma="加える" pos="X">加える</wf>
         <wf lemma="." pos="X">.</wf>
      </sentence>
      <sentence id="d000.s655" source="wordnet-japanese">
         <instance id="d000.s655.t000" lemma="適度" pos="ADJ">適度</instance>
         <wf lemma="に" pos="X">に</wf>
         <wf lemma="食べる" pos="X">食べる</wf>
         <wf lemma="人" pos="X">人</wf>
         <wf lemma="." pos="X">.</wf>
      </sentence>
      <sentence id="d000.s656" source="wordnet-japanese">
         <wf lemma="フラッグ" pos="X">フラッグ</wf>
         <wf lemma="を" pos="X">を</wf>
         <instance id="d000.s656.t000" lemma="カップ" pos="NOUN">カップ</instance>
         <wf lemma="に" pos="X">に</wf>
         <wf lemma="戻す" pos="X">戻す</wf>
         <wf lemma="." pos="X">.</wf>
      </sentence>
      <sentence id="d000.s657" source="wordnet-japanese">
         <wf lemma="インフルエンザ" pos="X">インフルエンザ</wf>
         <wf lemma="の" pos="X">の</wf>
         <wf lemma="原因" pos="X">原因</wf>
         <wf lemma="と" pos="X">と</wf>
         <instance id="d000.s657.t000" lemma="予防" pos="NOUN">予防</instance>
         <wf lemma="を" pos="X">を</wf>
         <wf lemma="研究" pos="X">研究</wf>
         <wf lemma="する" pos="X">する</wf>
         <wf lemma="ため" pos="X">ため</wf>
         <wf lemma="に" pos="X">に</wf>
         <wf lemma="、" pos="X">、</wf>
         <wf lemma="資金" pos="X">資金</wf>
         <wf lemma="が" pos="X">が</wf>
         <wf lemma="割り当て" pos="X">割り当て</wf>
         <wf lemma="られ" pos="X">られ</wf>
         <wf lemma="た" pos="X">た</wf>
         <wf lemma="." pos="X">.</wf>
      </sentence>
      <sentence id="d000.s658" source="wordnet-japanese">
         <wf lemma="彼" pos="X">彼</wf>
         <wf lemma="は" pos="X">は</wf>
         <wf lemma="そのくちばし" pos="X">そのくちばし</wf>
         <wf lemma="の" pos="X">の</wf>
         <instance id="d000.s658.t000" lemma="大きさ" pos="NOUN">大きさ</instance>
         <wf lemma="を" pos="X">を</wf>
         <wf lemma="見" pos="X">見</wf>
         <wf lemma="た" pos="X">た</wf>
         <wf lemma="とき" pos="X">とき</wf>
         <wf lemma="青ざめ" pos="X">青ざめ</wf>
         <wf lemma="た" pos="X">た</wf>
         <wf lemma="." pos="X">.</wf>
      </sentence>
      <sentence id="d000.s659" source="wordnet-japanese">
         <instance id="d000.s659.t000" lemma="大きい" pos="ADJ">大きい</instance>
         <wf lemma="声" pos="X">声</wf>
         <wf lemma="." pos="X">.</wf>
      </sentence>
      <sentence id="d000.s660" source="wordnet-japanese">
         <wf lemma="その" pos="X">その</wf>
         <wf lemma="赤ん" pos="X">赤ん</wf>
         <wf lemma="坊" pos="X">坊</wf>
         <wf lemma="は" pos="X">は</wf>
         <instance id="d000.s660.t000" lemma="しばらく" pos="ADV">しばらく</instance>
         <wf lemma="静か" pos="X">静か</wf>
         <wf lemma="に" pos="X">に</wf>
         <wf lemma="し" pos="X">し</wf>
         <wf lemma="て" pos="X">て</wf>
         <wf lemma="い" pos="X">い</wf>
         <wf lemma="た" pos="X">た</wf>
         <wf lemma="." pos="X">.</wf>
      </sentence>
      <sentence id="d000.s661" source="wordnet-japanese">
         <wf lemma="医師" pos="X">医師</wf>
         <wf lemma="の" pos="X">の</wf>
         <instance id="d000.s661.t000" lemma="文書" pos="NOUN">文書</instance>
         <wf lemma="は" pos="X">は</wf>
         <wf lemma="読み" pos="X">読み</wf>
         <wf lemma="に" pos="X">に</wf>
         <wf lemma="くかっ" pos="X">くかっ</wf>
         <wf lemma="た" pos="X">た</wf>
         <wf lemma="." pos="X">.</wf>
      </sentence>
      <sentence id="d000.s662" source="wordnet-japanese">
         <wf lemma="1920" pos="X">1920</wf>
         <instance id="d000.s662.t000" lemma="年" pos="NOUN">年</instance>
         <wf lemma="に" pos="X">に</wf>
         <wf lemma="." pos="X">.</wf>
      </sentence>
      <sentence id="d000.s663" source="wordnet-japanese">
         <wf lemma="考古学的" pos="X">考古学的</wf>
         <instance id="d000.s663.t000" lemma="発見" pos="NOUN">発見</instance>
         <wf lemma="が" pos="X">が</wf>
         <wf lemma="多い" pos="X">多い</wf>
         <wf lemma="地域" pos="X">地域</wf>
         <wf lemma="." pos="X">.</wf>
      </sentence>
      <sentence id="d000.s664" source="wordnet-japanese">
         <wf lemma="幸い" pos="X">幸い</wf>
         <wf lemma="、" pos="X">、</wf>
         <wf lemma="傷み" pos="X">傷み</wf>
         <wf lemma="は" pos="X">は</wf>
         <instance id="d000.s664.t000" lemma="軽い" pos="ADJ">軽かっ</instance>
         <wf lemma="た" pos="X">た</wf>
         <wf lemma="." pos="X">.</wf>
      </sentence>
      <sentence id="d000.s665" source="wordnet-japanese">
         <wf lemma="あなた" pos="X">あなた</wf>
         <wf lemma="は" pos="X">は</wf>
         <wf lemma="彼" pos="X">彼</wf>
         <wf lemma="の" pos="X">の</wf>
         <wf lemma="思慮" pos="X">思慮</wf>
         <wf lemma="分別" pos="X">分別</wf>
         <wf lemma="に" pos="X">に</wf>
         <instance id="d000.s665.t000" lemma="頼る" pos="VERB">頼る</instance>
         <wf lemma="こと" pos="X">こと</wf>
         <wf lemma="が" pos="X">が</wf>
         <wf lemma="できる" pos="X">できる</wf>
         <wf lemma="." pos="X">.</wf>
      </sentence>
      <sentence id="d000.s666" source="wordnet-japanese">
         <wf lemma="新しい" pos="X">新しい</wf>
         <wf lemma="プレー" pos="X">プレー</wf>
         <wf lemma="に対する" pos="X">に対する</wf>
         <instance id="d000.s666.t000" lemma="冷たい" pos="ADJ">冷たい</instance>
         <wf lemma="反応" pos="X">反応</wf>
         <wf lemma="." pos="X">.</wf>
      </sentence>
      <sentence id="d000.s667" source="wordnet-japanese">
         <instance id="d000.s667.t000" lemma="団体" pos="NOUN">団体</instance>
         <wf lemma="が" pos="X">が</wf>
         <wf lemma="皆ぞろぞろ" pos="X">皆ぞろぞろ</wf>
         <wf lemma="と" pos="X">と</wf>
         <wf lemma="講堂" pos="X">講堂</wf>
         <wf lemma="を" pos="X">を</wf>
         <wf lemma="出" pos="X">出</wf>
         <wf lemma="て" pos="X">て</wf>
         <wf lemma="行っ" pos="X">行っ</wf>
         <wf lemma="た" pos="X">た</wf>
         <wf lemma="." pos="X">.</wf>
      </sentence>
      <sentence id="d000.s668" source="wordnet-japanese">
         <wf lemma="彼女" pos="X">彼女</wf>
         <wf lemma="は" pos="X">は</wf>
         <instance id="d000.s668.t000" lemma="不安" pos="ADJ">不安</instance>
         <wf lemma="な" pos="X">な</wf>
         <wf lemma="睡眠" pos="X">睡眠</wf>
         <wf lemma="に" pos="X">に</wf>
         <wf lemma="入っ" pos="X">入っ</wf>
         <wf lemma="た" pos="X">た</wf>
         <wf lemma="." pos="X">.</wf>
      </sentence>
      <sentence id="d000.s669" source="wordnet-japanese">
         <wf lemma="その" pos="X">その</wf>
         <wf lemma="小隊" pos="X">小隊</wf>
         <wf lemma="は" pos="X">は</wf>
         <instance id="d000.s669.t000" lemma="視察" pos="NOUN">視察</instance>
         <wf lemma="に" pos="X">に</wf>
         <wf lemma="備え" pos="X">備え</wf>
         <wf lemma="て" pos="X">て</wf>
         <wf lemma="立っ" pos="X">立っ</wf>
         <wf lemma="て" pos="X">て</wf>
         <wf lemma="い" pos="X">い</wf>
         <wf lemma="た" pos="X">た</wf>
         <wf lemma="." pos="X">.</wf>
      </sentence>
      <sentence id="d000.s670" source="wordnet-japanese">
         <instance id="d000.s670.t000" lemma="怠慢" pos="ADJ">怠慢</instance>
         <wf lemma="な" pos="X">な</wf>
         <wf lemma="ベビーシッター" pos="X">ベビーシッター</wf>
         <wf lemma="." pos="X">.</wf>
      </sentence>
      <sentence id="d000.s671" source="wordnet-japanese">
         <wf lemma="彼" pos="X">彼</wf>
         <wf lemma="の" pos="X">の</wf>
         <wf lemma="愛" pos="X">愛</wf>
         <wf lemma="の" pos="X">の</wf>
         <instance id="d000.s671.t000" lemma="力" pos="NOUN">力</instance>
         <wf lemma="が" pos="X">が</wf>
         <wf lemma="彼女" pos="X">彼女</wf>
         <wf lemma="を" pos="X">を</wf>
         <wf lemma="救っ" pos="X">救っ</wf>
         <wf lemma="た" pos="X">た</wf>
         <wf lemma="." pos="X">.</wf>
      </sentence>
      <sentence id="d000.s672" source="wordnet-japanese">
         <wf lemma="対立" pos="X">対立</wf>
         <wf lemma="を" pos="X">を</wf>
         <instance id="d000.s672.t000" lemma="避ける" pos="VERB">避け</instance>
         <wf lemma="よう" pos="X">よう</wf>
         <wf lemma="." pos="X">.</wf>
      </sentence>
      <sentence id="d000.s673" source="wordnet-japanese">
         <wf lemma="どうぞ" pos="X">どうぞ</wf>
         <wf lemma="、" pos="X">、</wf>
         <wf lemma="私" pos="X">私</wf>
         <wf lemma="が" pos="X">が</wf>
         <wf lemma="風景" pos="X">風景</wf>
         <wf lemma="を" pos="X">を</wf>
         <wf lemma="見る" pos="X">見る</wf>
         <wf lemma="こと" pos="X">こと</wf>
         <wf lemma="が" pos="X">が</wf>
         <wf lemma="できる" pos="X">できる</wf>
         <wf lemma="ように" pos="X">ように</wf>
         <instance id="d000.s673.t000" lemma="ゆっくり" pos="ADV">ゆっくり</instance>
         <wf lemma="行っ" pos="X">行っ</wf>
         <wf lemma="て" pos="X">て</wf>
         <wf lemma="ください" pos="X">ください</wf>
         <wf lemma="." pos="X">.</wf>
      </sentence>
      <sentence id="d000.s674" source="wordnet-japanese">
         <wf lemma="秋" pos="X">秋</wf>
         <wf lemma="に" pos="X">に</wf>
         <wf lemma="、" pos="X">、</wf>
         <wf lemma="葉" pos="X">葉</wf>
         <wf lemma="は" pos="X">は</wf>
         <wf lemma="我々" pos="X">我々</wf>
         <wf lemma="の" pos="X">の</wf>
         <wf lemma="配水" pos="X">配水</wf>
         <wf lemma="管" pos="X">管</wf>
         <wf lemma="を" pos="X">を</wf>
         <instance id="d000.s674.t000" lemma="詰まる" pos="VERB">詰まら</instance>
         <wf lemma="せる" pos="X">せる</wf>
         <wf lemma="." pos="X">.</wf>
      </sentence>
      <sentence id="d000.s675" source="wordnet-japanese">
         <wf lemma="彼" pos="X">彼</wf>
         <wf lemma="は" pos="X">は</wf>
         <wf lemma="スペア" pos="X">スペア</wf>
         <wf lemma="部品" pos="X">部品</wf>
         <wf lemma="の" pos="X">の</wf>
         <wf lemma="入っ" pos="X">入っ</wf>
         <wf lemma="た" pos="X">た</wf>
         <instance id="d000.s675.t000" lemma="箱" pos="NOUN">箱</instance>
         <wf lemma="を" pos="X">を</wf>
         <wf lemma="くまなく" pos="X">くまなく</wf>
         <wf lemma="探し" pos="X">探し</wf>
         <wf lemma="た" pos="X">た</wf>
         <wf lemma="." pos="X">.</wf>
      </sentence>
      <sentence id="d000.s676" source="wordnet-japanese">
         <wf lemma="召使" pos="X">召使</wf>
         <wf lemma="い" pos="X">い</wf>
         <wf lemma="たち" pos="X">たち</wf>
         <wf lemma="は" pos="X">は</wf>
         <wf lemma="すばらしい" pos="X">すばらしい</wf>
         <wf lemma="機転" pos="X">機転</wf>
         <wf lemma="と" pos="X">と</wf>
         <instance id="d000.s676.t000" lemma="思慮" pos="NOUN">思慮</instance>
         <wf lemma="を" pos="X">を</wf>
         <wf lemma="示し" pos="X">示し</wf>
         <wf lemma="た" pos="X">た</wf>
         <wf lemma="." pos="X">.</wf>
      </sentence>
      <sentence id="d000.s677" source="wordnet-japanese">
         <instance id="d000.s677.t000" lemma="社交的" pos="ADJ">社交的</instance>
         <wf lemma="な" pos="X">な</wf>
         <wf lemma="談話" pos="X">談話</wf>
         <wf lemma="を" pos="X">を</wf>
         <wf lemma="楽しん" pos="X">楽しん</wf>
         <wf lemma="だ" pos="X">だ</wf>
         <wf lemma="." pos="X">.</wf>
      </sentence>
      <sentence id="d000.s678" source="wordnet-japanese">
         <wf lemma="彼ら" pos="X">彼ら</wf>
         <wf lemma="は" pos="X">は</wf>
         <wf lemma="すべて" pos="X">すべて</wf>
         <wf lemma="要求" pos="X">要求</wf>
         <wf lemma="通り" pos="X">通り</wf>
         <wf lemma="の" pos="X">の</wf>
         <instance id="d000.s678.t000" lemma="譲歩" pos="NOUN">譲歩</instance>
         <wf lemma="を" pos="X">を</wf>
         <wf lemma="勝ち取っ" pos="X">勝ち取っ</wf>
         <wf lemma="た" pos="X">た</wf>
         <wf lemma="." pos="X">.</wf>
      </sentence>
      <sentence id="d000.s679" source="wordnet-japanese">
         <wf lemma="彼" pos="X">彼</wf>
         <wf lemma="は" pos="X">は</wf>
         <instance id="d000.s679.t000" lemma="右側" pos="NOUN">右側</instance>
         <wf lemma="に" pos="X">に</wf>
         <wf lemma="立っ" pos="X">立っ</wf>
         <wf lemma="て" pos="X">て</wf>
         <wf lemma="い" pos="X">い</wf>
         <wf lemma="た" pos="X">た</wf>
         <wf lemma="." pos="X">.</wf>
      </sentence>
      <sentence id="d000.s680" source="wordnet-japanese">
         <wf lemma="彼" pos="X">彼</wf>
         <wf lemma="の" pos="X">の</wf>
         <wf lemma="あざけり" pos="X">あざけり</wf>
         <wf lemma="笑う" pos="X">笑う</wf>
         <wf lemma="べき" pos="X">べき</wf>
         <instance id="d000.s680.t000" lemma="露出" pos="NOUN">露出</instance>
         <wf lemma="." pos="X">.</wf>
      </sentence>
      <sentence id="d000.s681" source="wordnet-japanese">
         <instance id="d000.s681.t000" lemma="率直" pos="ADJ">率直</instance>
         <wf lemma="で" pos="X">で</wf>
         <wf lemma="お" pos="X">お</wf>
         <wf lemma="人" pos="X">人</wf>
         <wf lemma="よし" pos="X">よし</wf>
         <wf lemma="の" pos="X">の</wf>
         <wf lemma="性格" pos="X">性格</wf>
         <wf lemma="." pos="X">.</wf>
      </sentence>
      <sentence id="d000.s682" source="wordnet-japanese">
         <wf lemma="もみ" pos="X">もみ</wf>
         <wf lemma="殻" pos="X">殻</wf>
         <wf lemma="から" pos="X">から</wf>
         <wf lemma="の" pos="X">の</wf>
         <wf lemma="小麦" pos="X">小麦</wf>
         <wf lemma="の" pos="X">の</wf>
         <instance id="d000.s682.t000" lemma="分離" pos="NOUN">分離</instance>
         <wf lemma="." pos="X">.</wf>
      </sentence>
      <sentence id="d000.s683" source="wordnet-japanese">
         <wf lemma="アンパイア" pos="X">アンパイア</wf>
         <wf lemma="は" pos="X">は</wf>
         <wf lemma="バッター" pos="X">バッター</wf>
         <wf lemma="に" pos="X">に</wf>
         <wf lemma="バッター" pos="X">バッター</wf>
         <instance id="d000.s683.t000" lemma="ボックス" pos="NOUN">ボックス</instance>
         <wf lemma="に" pos="X">に</wf>
         <wf lemma="いる" pos="X">いる</wf>
         <wf lemma="ように" pos="X">ように</wf>
         <wf lemma="警告" pos="X">警告</wf>
         <wf lemma="し" pos="X">し</wf>
         <wf lemma="た" pos="X">た</wf>
         <wf lemma="." pos="X">.</wf>
      </sentence>
      <sentence id="d000.s684" source="wordnet-japanese">
         <wf lemma="レンタカー" pos="X">レンタカー</wf>
         <wf lemma="を" pos="X">を</wf>
         <instance id="d000.s684.t000" lemma="借りる" pos="VERB">借り</instance>
         <wf lemma="ましょ" pos="X">ましょ</wf>
         <wf lemma="う" pos="X">う</wf>
         <wf lemma="." pos="X">.</wf>
      </sentence>
      <sentence id="d000.s685" source="wordnet-japanese">
         <instance id="d000.s685.t000" lemma="不注意" pos="ADJ">不注意</instance>
         <wf lemma="な" pos="X">な</wf>
         <wf lemma="校正" pos="X">校正</wf>
         <wf lemma="." pos="X">.</wf>
      </sentence>
      <sentence id="d000.s686" source="wordnet-japanese">
         <wf lemma="政府" pos="X">政府</wf>
         <wf lemma="は" pos="X">は</wf>
         <wf lemma="、" pos="X">、</wf>
         <wf lemma="組合" pos="X">組合</wf>
         <wf lemma="と" pos="X">と</wf>
         <instance id="d000.s686.t000" lemma="対立" pos="NOUN">対立</instance>
         <wf lemma="する" pos="X">する</wf>
         <wf lemma="心積もり" pos="X">心積もり</wf>
         <wf lemma="が" pos="X">が</wf>
         <wf lemma="でき" pos="X">でき</wf>
         <wf lemma="て" pos="X">て</wf>
         <wf lemma="い" pos="X">い</wf>
         <wf lemma="なかっ" pos="X">なかっ</wf>
         <wf lemma="た" pos="X">た</wf>
         <wf lemma="." pos="X">.</wf>
      </sentence>
      <sentence id="d000.s687" source="wordnet-japanese">
         <wf lemma="ぴかぴ" pos="X">ぴかぴ</wf>
         <wf lemma="か" pos="X">か</wf>
         <wf lemma="の" pos="X">の</wf>
         <instance id="d000.s687.t000" lemma="バンドワゴン" pos="NOUN">バンドワゴン</instance>
         <wf lemma="が" pos="X">が</wf>
         <wf lemma="サーカス" pos="X">サーカス</wf>
         <wf lemma="パレード" pos="X">パレード</wf>
         <wf lemma="の" pos="X">の</wf>
         <wf lemma="先頭" pos="X">先頭</wf>
         <wf lemma="を" pos="X">を</wf>
         <wf lemma="切っ" pos="X">切っ</wf>
         <wf lemma="て" pos="X">て</wf>
         <wf lemma="い" pos="X">い</wf>
         <wf lemma="た" pos="X">た</wf>
         <wf lemma="." pos="X">.</wf>
      </sentence>
      <sentence id="d000.s688" source="wordnet-japanese">
         <wf lemma="憲法" pos="X">憲法</wf>
         <wf lemma="の" pos="X">の</wf>
         <instance id="d000.s688.t000" lemma="重要" pos="ADJ">重要</instance>
         <wf lemma="な" pos="X">な</wf>
         <wf lemma="変更" pos="X">変更</wf>
         <wf lemma="." pos="X">.</wf>
      </sentence>
      <sentence id="d000.s689" source="wordnet-japanese">
         <wf lemma="大統領" pos="X">大統領</wf>
         <wf lemma="は" pos="X">は</wf>
         <instance id="d000.s689.t000" lemma="モデル" pos="NOUN">モデル</instance>
         <wf lemma="に" pos="X">に</wf>
         <wf lemma="なる" pos="X">なる</wf>
         <wf lemma="時間" pos="X">時間</wf>
         <wf lemma="が" pos="X">が</wf>
         <wf lemma="なかっ" pos="X">なかっ</wf>
         <wf lemma="た" pos="X">た</wf>
         <wf lemma="ので" pos="X">ので</wf>
         <wf lemma="芸術家" pos="X">芸術家</wf>
         <wf lemma="が" pos="X">が</wf>
         <wf lemma="写真" pos="X">写真</wf>
         <wf lemma="から" pos="X">から</wf>
         <wf lemma="作っ" pos="X">作っ</wf>
         <wf lemma="た" pos="X">た</wf>
         <wf lemma="." pos="X">.</wf>
      </sentence>
      <sentence id="d000.s690" source="wordnet-japanese">
         <instance id="d000.s690.t000" lemma="頻繁" pos="ADJ">頻繁</instance>
         <wf lemma="な" pos="X">な</wf>
         <wf lemma="苦情" pos="X">苦情</wf>
         <wf lemma="." pos="X">.</wf>
      </sentence>
      <sentence id="d000.s691" source="wordnet-japanese">
         <wf lemma="彼女" pos="X">彼女</wf>
         <wf lemma="は" pos="X">は</wf>
         <wf lemma="癌" pos="X">癌</wf>
         <wf lemma="で" pos="X">で</wf>
         <instance id="d000.s691.t000" lemma="死ぬ" pos="VERB">死ん</instance>
         <wf lemma="だ" pos="X">だ</wf>
         <wf lemma="." pos="X">.</wf>
      </sentence>
      <sentence id="d000.s692" source="wordnet-japanese">
         <instance id="d000.s692.t000" lemma="白い" pos="ADJ">白く</instance>
         <wf lemma="輝く" pos="X">輝く</wf>
         <wf lemma="よろい" pos="X">よろい</wf>
         <wf lemma="を" pos="X">を</wf>
         <wf lemma="着け" pos="X">着け</wf>
         <wf lemma="た" pos="X">た</wf>
         <wf lemma="." pos="X">.</wf>
      </sentence>
      <sentence id="d000.s693" source="wordnet-japanese">
         <wf lemma="犯罪" pos="X">犯罪</wf>
         <wf lemma="を" pos="X">を</wf>
         <wf lemma="解決" pos="X">解決</wf>
         <wf lemma="する" pos="X">する</wf>
         <wf lemma="の" pos="X">の</wf>
         <wf lemma="に" pos="X">に</wf>
         <instance id="d000.s693.t000" lemma="役立つ" pos="ADJ">役立つ</instance>
         <wf lemma="." pos="X">.</wf>
      </sentence>
      <sentence id="d000.s694" source="wordnet-japanese">
         <wf lemma="印象派" pos="X">印象派</wf>
         <wf lemma="の" pos="X">の</wf>
         <wf lemma="学校" pos="X">学校</wf>
         <wf lemma="の" pos="X">の</wf>
         <instance id="d000.s694.t000" lemma="典型的" pos="ADJ">典型的</instance>
         <wf lemma="な" pos="X">な</wf>
         <wf lemma="絵" pos="X">絵</wf>
         <wf lemma="." pos="X">.</wf>
      </sentence>
      <sentence id="d000.s695" source="wordnet-japanese">
         <wf lemma="この" pos="X">この</wf>
         <wf lemma="変色" pos="X">変色</wf>
         <wf lemma="は" pos="X">は</wf>
         <wf lemma="、" pos="X">、</wf>
         <wf lemma="物質" pos="X">物質</wf>
         <wf lemma="が" pos="X">が</wf>
         <wf lemma="無機鉄" pos="X">無機鉄</wf>
         <wf lemma="が" pos="X">が</wf>
         <wf lemma="少ない" pos="X">少ない</wf>
         <wf lemma="こと" pos="X">こと</wf>
         <wf lemma="を" pos="X">を</wf>
         <instance id="d000.s695.t000" lemma="質的" pos="ADV">質的</instance>
         <wf lemma="に" pos="X">に</wf>
         <wf lemma="示唆" pos="X">示唆</wf>
         <wf lemma="する" pos="X">する</wf>
         <wf lemma="." pos="X">.</wf>
      </sentence>
      <sentence id="d000.s696" source="wordnet-japanese">
         <wf lemma="陪審" pos="X">陪審</wf>
         <wf lemma="は" pos="X">は</wf>
         <wf lemma="、" pos="X">、</wf>
         <wf lemma="原告" pos="X">原告</wf>
         <wf lemma="に" pos="X">に</wf>
         <wf lemma="100" pos="X">100</wf>
         <wf lemma="万" pos="X">万</wf>
         <wf lemma="ドル" pos="X">ドル</wf>
         <wf lemma="を" pos="X">を</wf>
         <instance id="d000.s696.t000" lemma="与える" pos="VERB">与え</instance>
         <wf lemma="た" pos="X">た</wf>
         <wf lemma="." pos="X">.</wf>
      </sentence>
      <sentence id="d000.s697" source="wordnet-japanese">
         <wf lemma="私" pos="X">私</wf>
         <wf lemma="は" pos="X">は</wf>
         <wf lemma="決して" pos="X">決して</wf>
         <instance id="d000.s697.t000" lemma="芸術" pos="NOUN">芸術</instance>
         <wf lemma="が" pos="X">が</wf>
         <wf lemma="得意" pos="X">得意</wf>
         <wf lemma="で" pos="X">で</wf>
         <wf lemma="は" pos="X">は</wf>
         <wf lemma="ない" pos="X">ない</wf>
         <wf lemma="." pos="X">.</wf>
      </sentence>
      <sentence id="d000.s698" source="wordnet-japanese">
         <wf lemma="高温" pos="X">高温</wf>
         <instance id="d000.s698.t000" lemma="多湿" pos="ADJ">多湿</instance>
         <wf lemma="の" pos="X">の</wf>
         <wf lemma="熱帯" pos="X">熱帯</wf>
         <wf lemma="地方" pos="X">地方</wf>
         <wf lemma="." pos="X">.</wf>
      </sentence>
      <sentence id="d000.s699" source="wordnet-japanese">
         <wf lemma="彼" pos="X">彼</wf>
         <wf lemma="の" pos="X">の</wf>
         <instance id="d000.s699.t000" lemma="誠意" pos="NOUN">誠意</instance>
         <wf lemma="は" pos="X">は</wf>
         <wf lemma="信頼" pos="X">信頼</wf>
         <wf lemma="を" pos="X">を</wf>
         <wf lemma="もた" pos="X">もた</wf>
         <wf lemma="らし" pos="X">らし</wf>
         <wf lemma="た" pos="X">た</wf>
         <wf lemma="." pos="X">.</wf>
      </sentence>
      <sentence id="d000.s700" source="wordnet-japanese">
         <wf lemma="討論" pos="X">討論</wf>
         <wf lemma="は" pos="X">は</wf>
         <instance id="d000.s700.t000" lemma="軽率" pos="ADJ">軽率</instance>
         <wf lemma="な" pos="X">な</wf>
         <wf lemma="言い" pos="X">言い</wf>
         <wf lemma="争い" pos="X">争い</wf>
         <wf lemma="に" pos="X">に</wf>
         <wf lemma="変っ" pos="X">変っ</wf>
         <wf lemma="た" pos="X">た</wf>
         <wf lemma="." pos="X">.</wf>
      </sentence>
      <sentence id="d000.s701" source="wordnet-japanese">
         <wf lemma="試験" pos="X">試験</wf>
         <wf lemma="の" pos="X">の</wf>
         <wf lemma="筆記" pos="X">筆記</wf>
         <instance id="d000.s701.t000" lemma="部分" pos="NOUN">部分</instance>
         <wf lemma="." pos="X">.</wf>
      </sentence>
      <sentence id="d000.s702" source="wordnet-japanese">
         <wf lemma="町" pos="X">町</wf>
         <wf lemma="に" pos="X">に</wf>
         <instance id="d000.s702.t000" lemma="いる" pos="VERB">いる</instance>
         <wf lemma="間" pos="X">間</wf>
         <wf lemma="、" pos="X">、</wf>
         <wf lemma="あなた" pos="X">あなた</wf>
         <wf lemma="は" pos="X">は</wf>
         <wf lemma="私" pos="X">私</wf>
         <wf lemma="の" pos="X">の</wf>
         <wf lemma="ところ" pos="X">ところ</wf>
         <wf lemma="に" pos="X">に</wf>
         <wf lemma="泊まっ" pos="X">泊まっ</wf>
         <wf lemma="て" pos="X">て</wf>
         <wf lemma="も" pos="X">も</wf>
         <wf lemma="いい" pos="X">いい</wf>
         <wf lemma="." pos="X">.</wf>
      </sentence>
      <sentence id="d000.s703" source="wordnet-japanese">
         <instance id="d000.s703.t000" lemma="宦官" pos="NOUN">宦官</instance>
         <wf lemma="が" pos="X">が</wf>
         <wf lemma="ハレーム" pos="X">ハレーム</wf>
         <wf lemma="を" pos="X">を</wf>
         <wf lemma="警備" pos="X">警備</wf>
         <wf lemma="し" pos="X">し</wf>
         <wf lemma="た" pos="X">た</wf>
         <wf lemma="." pos="X">.</wf>
      </sentence>
      <sentence id="d000.s704" source="wordnet-japanese">
         <instance id="d000.s704.t000" lemma="激しい" pos="ADJ">激しい</instance>
         <wf lemma="攻撃" pos="X">攻撃</wf>
         <wf lemma="." pos="X">.</wf>
      </sentence>
      <sentence id="d000.s705" source="wordnet-japanese">
         <instance id="d000.s705.t000" lemma="さらに" pos="ADV">さらに</instance>
         <wf lemma="別" pos="X">別</wf>
         <wf lemma="の" pos="X">の</wf>
         <wf lemma="問題" pos="X">問題</wf>
         <wf lemma="を" pos="X">を</wf>
         <wf lemma="解決" pos="X">解決</wf>
         <wf lemma="し" pos="X">し</wf>
         <wf lemma="なければ" pos="X">なければ</wf>
         <wf lemma="なら" pos="X">なら</wf>
         <wf lemma="ない" pos="X">ない</wf>
         <wf lemma="." pos="X">.</wf>
      </sentence>
      <sentence id="d000.s706" source="wordnet-japanese">
         <wf lemma="彼" pos="X">彼</wf>
         <wf lemma="の" pos="X">の</wf>
         <wf lemma="矢" pos="X">矢</wf>
         <wf lemma="は" pos="X">は</wf>
         <instance id="d000.s706.t000" lemma="標的" pos="NOUN">標的</instance>
         <wf lemma="を" pos="X">を</wf>
         <wf lemma="射" pos="X">射</wf>
         <wf lemma="た" pos="X">た</wf>
         <wf lemma="." pos="X">.</wf>
      </sentence>
      <sentence id="d000.s707" source="wordnet-japanese">
         <wf lemma="彼" pos="X">彼</wf>
         <wf lemma="は" pos="X">は</wf>
         <wf lemma="チャート" pos="X">チャート</wf>
         <wf lemma="に" pos="X">に</wf>
         <instance id="d000.s707.t000" lemma="線" pos="NOUN">線</instance>
         <wf lemma="を" pos="X">を</wf>
         <wf lemma="引い" pos="X">引い</wf>
         <wf lemma="た" pos="X">た</wf>
         <wf lemma="." pos="X">.</wf>
      </sentence>
      <sentence id="d000.s708" source="wordnet-japanese">
         <wf lemma="庭" pos="X">庭</wf>
         <wf lemma="に" pos="X">に</wf>
         <wf lemma="草花" pos="X">草花</wf>
         <wf lemma="を" pos="X">を</wf>
         <instance id="d000.s708.t000" lemma="植える" pos="VERB">植え</instance>
         <wf lemma="よう" pos="X">よう</wf>
         <wf lemma="." pos="X">.</wf>
      </sentence>
      <sentence id="d000.s709" source="wordnet-japanese">
         <instance id="d000.s709.t000" lemma="複雑" pos="ADJ">複雑</instance>
         <wf lemma="な" pos="X">な</wf>
         <wf lemma="問題" pos="X">問題</wf>
         <wf lemma="." pos="X">.</wf>
      </sentence>
      <sentence id="d000.s710" source="wordnet-japanese">
         <wf lemma="彼" pos="X">彼</wf>
         <wf lemma="は" pos="X">は</wf>
         <instance id="d000.s710.t000" lemma="最後" pos="NOUN">最後</instance>
         <wf lemma="まで" pos="X">まで</wf>
         <wf lemma="残っ" pos="X">残っ</wf>
         <wf lemma="て" pos="X">て</wf>
         <wf lemma="い" pos="X">い</wf>
         <wf lemma="た" pos="X">た</wf>
         <wf lemma="." pos="X">.</wf>
      </sentence>
      <sentence id="d000.s711" source="wordnet-japanese">
         <wf lemma="新しく" pos="X">新しく</wf>
         <instance id="d000.s711.t000" lemma="雇用" pos="NOUN">雇用</instance>
         <wf lemma="さ" pos="X">さ</wf>
         <wf lemma="れ" pos="X">れ</wf>
         <wf lemma="た" pos="X">た</wf>
         <wf lemma="従業員" pos="X">従業員</wf>
         <wf lemma="に" pos="X">に</wf>
         <wf lemma="は" pos="X">は</wf>
         <wf lemma="特別" pos="X">特別</wf>
         <wf lemma="の" pos="X">の</wf>
         <wf lemma="訓練" pos="X">訓練</wf>
         <wf lemma="が" pos="X">が</wf>
         <wf lemma="必要" pos="X">必要</wf>
         <wf lemma="で" pos="X">で</wf>
         <wf lemma="ある" pos="X">ある</wf>
         <wf lemma="." pos="X">.</wf>
      </sentence>
      <sentence id="d000.s712" source="wordnet-japanese">
         <wf lemma="船首" pos="X">船首</wf>
         <wf lemma="から" pos="X">から</wf>
         <wf lemma="、" pos="X">、</wf>
         <wf lemma="彼女" pos="X">彼女</wf>
         <wf lemma="は" pos="X">は</wf>
         <wf lemma="割れ" pos="X">割れ</wf>
         <wf lemma="て" pos="X">て</wf>
         <wf lemma="あわ立つ" pos="X">あわ立つ</wf>
         <wf lemma="魅力的" pos="X">魅力的</wf>
         <wf lemma="な" pos="X">な</wf>
         <wf lemma="海" pos="X">海</wf>
         <wf lemma="の" pos="X">の</wf>
         <instance id="d000.s712.t000" lemma="奔流" pos="NOUN">奔流</instance>
         <wf lemma="を" pos="X">を</wf>
         <wf lemma="じっと" pos="X">じっと</wf>
         <wf lemma="見つめ" pos="X">見つめ</wf>
         <wf lemma="た" pos="X">た</wf>
         <wf lemma="." pos="X">.</wf>
      </sentence>
      <sentence id="d000.s713" source="wordnet-japanese">
         <instance id="d000.s713.t000" lemma="十分" pos="ADJ">十分</instance>
         <wf lemma="な" pos="X">な</wf>
         <wf lemma="供給" pos="X">供給</wf>
         <wf lemma="." pos="X">.</wf>
      </sentence>
      <sentence id="d000.s714" source="wordnet-japanese">
         <instance id="d000.s714.t000" lemma="世俗的" pos="ADJ">世俗的</instance>
         <wf lemma="な" pos="X">な</wf>
         <wf lemma="品物" pos="X">品物</wf>
         <wf lemma="および" pos="X">および</wf>
         <wf lemma="進歩" pos="X">進歩</wf>
         <wf lemma="." pos="X">.</wf>
      </sentence>
      <sentence id="d000.s715" source="wordnet-japanese">
         <wf lemma="神" pos="X">神</wf>
         <wf lemma="が" pos="X">が</wf>
         <wf lemma="、" pos="X">、</wf>
         <wf lemma="仕事" pos="X">仕事</wf>
         <wf lemma="を" pos="X">を</wf>
         <wf lemma="達成" pos="X">達成</wf>
         <wf lemma="する" pos="X">する</wf>
         <wf lemma="ため" pos="X">ため</wf>
         <wf lemma="に" pos="X">に</wf>
         <wf lemma="人間" pos="X">人間</wf>
         <wf lemma="は" pos="X">は</wf>
         <instance id="d000.s715.t000" lemma="必要" pos="NOUN">必要</instance>
         <wf lemma="ない" pos="X">ない</wf>
         <wf lemma="." pos="X">.</wf>
      </sentence>
      <sentence id="d000.s716" source="wordnet-japanese">
         <wf lemma="侮辱" pos="X">侮辱</wf>
         <wf lemma="へ" pos="X">へ</wf>
         <wf lemma="の" pos="X">の</wf>
         <instance id="d000.s716.t000" lemma="穏健" pos="ADJ">穏健</instance>
         <wf lemma="な" pos="X">な</wf>
         <wf lemma="反応" pos="X">反応</wf>
         <wf lemma="." pos="X">.</wf>
      </sentence>
      <sentence id="d000.s717" source="wordnet-japanese">
         <wf lemma="医者" pos="X">医者</wf>
         <wf lemma="は" pos="X">は</wf>
         <instance id="d000.s717.t000" lemma="すぐ" pos="ADV">すぐ</instance>
         <wf lemma="ここ" pos="X">ここ</wf>
         <wf lemma="に" pos="X">に</wf>
         <wf lemma="来る" pos="X">来る</wf>
         <wf lemma="だろ" pos="X">だろ</wf>
         <wf lemma="う" pos="X">う</wf>
         <wf lemma="." pos="X">.</wf>
      </sentence>
      <sentence id="d000.s718" source="wordnet-japanese">
         <wf lemma="火" pos="X">火</wf>
         <wf lemma="の" pos="X">の</wf>
         <instance id="d000.s718.t000" lemma="玉" pos="NOUN">玉</instance>
         <wf lemma="." pos="X">.</wf>
      </sentence>
      <sentence id="d000.s719" source="wordnet-japanese">
         <instance id="d000.s719.t000" lemma="陰" pos="NOUN">陰</instance>
         <wf lemma="と" pos="X">と</wf>
         <wf lemma="陽" pos="X">陽</wf>
         <wf lemma="の" pos="X">の</wf>
         <wf lemma="相互" pos="X">相互</wf>
         <wf lemma="作用" pos="X">作用</wf>
         <wf lemma="は" pos="X">は</wf>
         <wf lemma="、" pos="X">、</wf>
         <wf lemma="宇宙" pos="X">宇宙</wf>
         <wf lemma="の" pos="X">の</wf>
         <wf lemma="調和" pos="X">調和</wf>
         <wf lemma="を" pos="X">を</wf>
         <wf lemma="維持" pos="X">維持</wf>
         <wf lemma="する" pos="X">する</wf>
         <wf lemma="." pos="X">.</wf>
      </sentence>
      <sentence id="d000.s720" source="wordnet-japanese">
         <instance id="d000.s720.t000" lemma="強力" pos="ADJ">強力</instance>
         <wf lemma="な" pos="X">な</wf>
         <wf lemma="爆弾" pos="X">爆弾</wf>
         <wf lemma="." pos="X">.</wf>
      </sentence>
      <sentence id="d000.s721" source="wordnet-japanese">
         <wf lemma="話者" pos="X">話者</wf>
         <wf lemma="は" pos="X">は</wf>
         <wf lemma="、" pos="X">、</wf>
         <wf lemma="最も" pos="X">最も</wf>
         <instance id="d000.s721.t000" lemma="多様" pos="ADV">多様</instance>
         <wf lemma="に" pos="X">に</wf>
         <wf lemma="主題" pos="X">主題</wf>
         <wf lemma="を" pos="X">を</wf>
         <wf lemma="扱っ" pos="X">扱っ</wf>
         <wf lemma="た" pos="X">た</wf>
         <wf lemma="." pos="X">.</wf>
      </sentence>
      <sentence id="d000.s722" source="wordnet-japanese">
         <wf lemma="彼" pos="X">彼</wf>
         <wf lemma="は" pos="X">は</wf>
         <wf lemma="報告書" pos="X">報告書</wf>
         <wf lemma="の" pos="X">の</wf>
         <instance id="d000.s722.t000" lemma="ソフトコピー" pos="NOUN">ソフトコピー</instance>
         <wf lemma="を" pos="X">を</wf>
         <wf lemma="彼ら" pos="X">彼ら</wf>
         <wf lemma="に" pos="X">に</wf>
         <wf lemma="送っ" pos="X">送っ</wf>
         <wf lemma="た" pos="X">た</wf>
         <wf lemma="." pos="X">.</wf>
      </sentence>
      <sentence id="d000.s723" source="wordnet-japanese">
         <instance id="d000.s723.t000" lemma="わびしい" pos="ADJ">わびしい</instance>
         <wf lemma="部屋" pos="X">部屋</wf>
         <wf lemma="." pos="X">.</wf>
      </sentence>
      <sentence id="d000.s724" source="wordnet-japanese">
         <instance id="d000.s724.t000" lemma="雑多" pos="ADJ">雑多</instance>
         <wf lemma="な" pos="X">な</wf>
         <wf lemma="群衆" pos="X">群衆</wf>
         <wf lemma="." pos="X">.</wf>
      </sentence>
      <sentence id="d000.s725" source="wordnet-japanese">
         <wf lemma="それ" pos="X">それ</wf>
         <wf lemma="は" pos="X">は</wf>
         <wf lemma="単なる" pos="X">単なる</wf>
         <instance id="d000.s725.t000" lemma="観光旅行" pos="NOUN">観光旅行</instance>
         <wf lemma="だっ" pos="X">だっ</wf>
         <wf lemma="た" pos="X">た</wf>
         <wf lemma="." pos="X">.</wf>
      </sentence>
      <sentence id="d000.s726" source="wordnet-japanese">
         <instance id="d000.s726.t000" lemma="強い" pos="ADJ">強い</instance>
         <wf lemma="願望" pos="X">願望</wf>
         <wf lemma="." pos="X">.</wf>
      </sentence>
      <sentence id="d000.s727" source="wordnet-japanese">
         <instance id="d000.s727.t000" lemma="明白" pos="ADJ">明白</instance>
         <wf lemma="な" pos="X">な</wf>
         <wf lemma="軽率" pos="X">軽率</wf>
         <wf lemma="な" pos="X">な</wf>
         <wf lemma="行動" pos="X">行動</wf>
         <wf lemma="." pos="X">.</wf>
      </sentence>
      <sentence id="d000.s728" source="wordnet-japanese">
         <wf lemma="彼" pos="X">彼</wf>
         <wf lemma="は" pos="X">は</wf>
         <wf lemma="立ち去る" pos="X">立ち去る</wf>
         <instance id="d000.s728.t000" lemma="許可" pos="NOUN">許可</instance>
         <wf lemma="を" pos="X">を</wf>
         <wf lemma="求め" pos="X">求め</wf>
         <wf lemma="た" pos="X">た</wf>
         <wf lemma="." pos="X">.</wf>
      </sentence>
      <sentence id="d000.s729" source="wordnet-japanese">
         <wf lemma="しかし" pos="X">しかし</wf>
         <wf lemma="、" pos="X">、</wf>
         <instance id="d000.s729.t000" lemma="とにかく" pos="ADV">とにかく</instance>
         <wf lemma="、" pos="X">、</wf>
         <wf lemma="彼" pos="X">彼</wf>
         <wf lemma="は" pos="X">は</wf>
         <wf lemma="それ" pos="X">それ</wf>
         <wf lemma="の" pos="X">の</wf>
         <wf lemma="ため" pos="X">ため</wf>
         <wf lemma="に" pos="X">に</wf>
         <wf lemma="ナイト" pos="X">ナイト</wf>
         <wf lemma="の" pos="X">の</wf>
         <wf lemma="爵位" pos="X">爵位</wf>
         <wf lemma="を" pos="X">を</wf>
         <wf lemma="得" pos="X">得</wf>
         <wf lemma="た" pos="X">た</wf>
         <wf lemma="." pos="X">.</wf>
      </sentence>
      <sentence id="d000.s730" source="wordnet-japanese">
         <instance id="d000.s730.t000" lemma="適当" pos="ADJ">適当</instance>
         <wf lemma="な" pos="X">な</wf>
         <wf lemma="議題" pos="X">議題</wf>
         <wf lemma="." pos="X">.</wf>
      </sentence>
      <sentence id="d000.s731" source="wordnet-japanese">
         <instance id="d000.s731.t000" lemma="善" pos="NOUN">善</instance>
         <wf lemma="と" pos="X">と</wf>
         <wf lemma="悪" pos="X">悪</wf>
         <wf lemma="を" pos="X">を</wf>
         <wf lemma="天秤" pos="X">天秤</wf>
         <wf lemma="に" pos="X">に</wf>
         <wf lemma="かける" pos="X">かける</wf>
         <wf lemma="." pos="X">.</wf>
      </sentence>
      <sentence id="d000.s732" source="wordnet-japanese">
         <instance id="d000.s732.t000" lemma="友好的" pos="ADJ">友好的</instance>
         <wf lemma="な" pos="X">な</wf>
         <wf lemma="協定" pos="X">協定</wf>
         <wf lemma="." pos="X">.</wf>
      </sentence>
      <sentence id="d000.s733" source="wordnet-japanese">
         <instance id="d000.s733.t000" lemma="丸底" pos="ADJ">丸底</instance>
         <wf lemma="フラスコ" pos="X">フラスコ</wf>
         <wf lemma="." pos="X">.</wf>
      </sentence>
      <sentence id="d000.s734" source="wordnet-japanese">
         <wf lemma="彼" pos="X">彼</wf>
         <wf lemma="は" pos="X">は</wf>
         <instance id="d000.s734.t000" lemma="最前線" pos="NOUN">最前線</instance>
         <wf lemma="に" pos="X">に</wf>
         <wf lemma="い" pos="X">い</wf>
         <wf lemma="た" pos="X">た</wf>
         <wf lemma="." pos="X">.</wf>
      </sentence>
      <sentence id="d000.s735" source="wordnet-japanese">
         <wf lemma="苦しみ" pos="X">苦しみ</wf>
         <wf lemma="に対して" pos="X">に対して</wf>
         <wf lemma="無関心" pos="X">無関心</wf>
         <wf lemma="で" pos="X">で</wf>
         <instance id="d000.s735.t000" lemma="冷淡" pos="ADJ">冷淡</instance>
         <wf lemma="な" pos="X">な</wf>
         <wf lemma="." pos="X">.</wf>
      </sentence>
      <sentence id="d000.s736" source="wordnet-japanese">
         <wf lemma="あなた" pos="X">あなた</wf>
         <wf lemma="は" pos="X">は</wf>
         <wf lemma="どのよう" pos="X">どのよう</wf>
         <wf lemma="に" pos="X">に</wf>
         <instance id="d000.s736.t000" lemma="しゃっくり" pos="NOUN">しゃっくり</instance>
         <wf lemma="を" pos="X">を</wf>
         <wf lemma="治療" pos="X">治療</wf>
         <wf lemma="し" pos="X">し</wf>
         <wf lemma="ます" pos="X">ます</wf>
         <wf lemma="か" pos="X">か</wf>
         <wf lemma="?" pos="X">?</wf>
      </sentence>
      <sentence id="d000.s737" source="wordnet-japanese">
         <wf lemma="科学" pos="X">科学</wf>
         <wf lemma="の" pos="X">の</wf>
         <wf lemma="仮説" pos="X">仮説</wf>
         <wf lemma="は" pos="X">は</wf>
         <instance id="d000.s737.t000" lemma="事実" pos="NOUN">事実</instance>
         <wf lemma="で" pos="X">で</wf>
         <wf lemma="は" pos="X">は</wf>
         <wf lemma="ない" pos="X">ない</wf>
         <wf lemma="." pos="X">.</wf>
      </sentence>
      <sentence id="d000.s738" source="wordnet-japanese">
         <wf lemma="この" pos="X">この</wf>
         <wf lemma="仕事" pos="X">仕事</wf>
         <wf lemma="は" pos="X">は</wf>
         <instance id="d000.s738.t000" lemma="知覚的" pos="ADV">知覚的</instance>
         <wf lemma="に" pos="X">に</wf>
         <wf lemma="非常" pos="X">非常</wf>
         <wf lemma="に" pos="X">に</wf>
         <wf lemma="難しい" pos="X">難しい</wf>
         <wf lemma="." pos="X">.</wf>
      </sentence>
      <sentence id="d000.s739" source="wordnet-japanese">
         <wf lemma="建築家" pos="X">建築家</wf>
         <wf lemma="は" pos="X">は</wf>
         <wf lemma="より" pos="X">より</wf>
         <wf lemma="多い" pos="X">多い</wf>
         <wf lemma="と" pos="X">と</wf>
         <wf lemma="は" pos="X">は</wf>
         <wf lemma="より" pos="X">より</wf>
         <wf lemma="少ない" pos="X">少ない</wf>
         <wf lemma="という" pos="X">という</wf>
         <instance id="d000.s739.t000" lemma="理論" pos="NOUN">理論</instance>
         <wf lemma="を" pos="X">を</wf>
         <wf lemma="持っ" pos="X">持っ</wf>
         <wf lemma="て" pos="X">て</wf>
         <wf lemma="いる" pos="X">いる</wf>
         <wf lemma="." pos="X">.</wf>
      </sentence>
      <sentence id="d000.s740" source="wordnet-japanese">
         <wf lemma="彼ら" pos="X">彼ら</wf>
         <wf lemma="は" pos="X">は</wf>
         <wf lemma="スターリングラード" pos="X">スターリングラード</wf>
         <wf lemma="の" pos="X">の</wf>
         <instance id="d000.s740.t000" lemma="防衛" pos="NOUN">防衛</instance>
         <wf lemma="で" pos="X">で</wf>
         <wf lemma="死ん" pos="X">死ん</wf>
         <wf lemma="だ" pos="X">だ</wf>
         <wf lemma="." pos="X">.</wf>
      </sentence>
      <sentence id="d000.s741" source="wordnet-japanese">
         <instance id="d000.s741.t000" lemma="ローヌ" pos="NOUN">ローヌ</instance>
         <wf lemma="の" pos="X">の</wf>
         <wf lemma="谷" pos="X">谷</wf>
         <wf lemma="は" pos="X">は</wf>
         <wf lemma="ぶどう園" pos="X">ぶどう園</wf>
         <wf lemma="で" pos="X">で</wf>
         <wf lemma="有名" pos="X">有名</wf>
         <wf lemma="である" pos="X">である</wf>
         <wf lemma="." pos="X">.</wf>
      </sentence>
      <sentence id="d000.s742" source="wordnet-japanese">
         <wf lemma="クリスマス" pos="X">クリスマス</wf>
         <wf lemma="キャロル" pos="X">キャロル</wf>
         <wf lemma="を" pos="X">を</wf>
         <instance id="d000.s742.t000" lemma="歌う" pos="VERB">歌っ</instance>
         <wf lemma="て" pos="X">て</wf>
         <wf lemma="ください" pos="X">ください</wf>
         <wf lemma="." pos="X">.</wf>
      </sentence>
      <sentence id="d000.s743" source="wordnet-japanese">
         <wf lemma="全世界" pos="X">全世界</wf>
         <wf lemma="が" pos="X">が</wf>
         <instance id="d000.s743.t000" lemma="舞台" pos="NOUN">舞台</instance>
         <wf lemma="だ" pos="X">だ</wf>
         <wf lemma="−" pos="X">−</wf>
         <wf lemma="シェークスピア" pos="X">シェークスピア</wf>
         <wf lemma="." pos="X">.</wf>
      </sentence>
      <sentence id="d000.s744" source="wordnet-japanese">
         <wf lemma="陰謀" pos="X">陰謀</wf>
         <wf lemma="と" pos="X">と</wf>
         <wf lemma="裏切り" pos="X">裏切り</wf>
         <wf lemma="の" pos="X">の</wf>
         <instance id="d000.s744.t000" lemma="卑しい" pos="ADJ">卑しい</instance>
         <wf lemma="様子" pos="X">様子</wf>
         <wf lemma="." pos="X">.</wf>
      </sentence>
      <sentence id="d000.s745" source="wordnet-japanese">
         <wf lemma="彼ら" pos="X">彼ら</wf>
         <wf lemma="は" pos="X">は</wf>
         <wf lemma="ことば" pos="X">ことば</wf>
         <instance id="d000.s745.t000" lemma="遊び" pos="NOUN">遊び</instance>
         <wf lemma="を" pos="X">を</wf>
         <wf lemma="し" pos="X">し</wf>
         <wf lemma="た" pos="X">た</wf>
         <wf lemma="." pos="X">.</wf>
      </sentence>
      <sentence id="d000.s746" source="wordnet-japanese">
         <instance id="d000.s746.t000" lemma="色っぽい" pos="ADJ">色っぽい</instance>
         <wf lemma="冗談" pos="X">冗談</wf>
         <wf lemma="." pos="X">.</wf>
      </sentence>
      <sentence id="d000.s747" source="wordnet-japanese">
         <wf lemma="夫" pos="X">夫</wf>
         <wf lemma="と" pos="X">と</wf>
         <wf lemma="テレビ" pos="X">テレビ</wf>
         <wf lemma="を" pos="X">を</wf>
         <wf lemma="見" pos="X">見</wf>
         <wf lemma="た" pos="X">た</wf>
         <wf lemma="後" pos="X">後</wf>
         <wf lemma="、" pos="X">、</wf>
         <wf lemma="彼女" pos="X">彼女</wf>
         <wf lemma="は" pos="X">は</wf>
         <wf lemma="、" pos="X">、</wf>
         <wf lemma="フットボール" pos="X">フットボール</wf>
         <wf lemma="による" pos="X">による</wf>
         <wf lemma="ひどい" pos="X">ひどい</wf>
         <instance id="d000.s747.t000" lemma="疲労" pos="NOUN">疲労</instance>
         <wf lemma="を" pos="X">を</wf>
         <wf lemma="感じ" pos="X">感じ</wf>
         <wf lemma="た" pos="X">た</wf>
         <wf lemma="." pos="X">.</wf>
      </sentence>
      <sentence id="d000.s748" source="wordnet-japanese">
         <wf lemma="彼女" pos="X">彼女</wf>
         <wf lemma="の" pos="X">の</wf>
         <wf lemma="死" pos="X">死</wf>
         <wf lemma="は" pos="X">は</wf>
         <wf lemma="ジョン" pos="X">ジョン</wf>
         <wf lemma="にとって" pos="X">にとって</wf>
         <wf lemma="深い" pos="X">深い</wf>
         <instance id="d000.s748.t000" lemma="悲しむ" pos="NOUN">悲しみ</instance>
         <wf lemma="だっ" pos="X">だっ</wf>
         <wf lemma="た" pos="X">た</wf>
         <wf lemma="." pos="X">.</wf>
      </sentence>
      <sentence id="d000.s749" source="wordnet-japanese">
         <wf lemma="境界" pos="X">境界</wf>
         <wf lemma="を" pos="X">を</wf>
         <instance id="d000.s749.t000" lemma="伸ばす" pos="VERB">伸ばす</instance>
         <wf lemma="." pos="X">.</wf>
      </sentence>
      <sentence id="d000.s750" source="wordnet-japanese">
         <wf lemma="彼" pos="X">彼</wf>
         <wf lemma="は" pos="X">は</wf>
         <wf lemma="私" pos="X">私</wf>
         <wf lemma="を" pos="X">を</wf>
         <wf lemma="嫌い" pos="X">嫌い</wf>
         <wf lemma="である" pos="X">である</wf>
         <wf lemma="と" pos="X">と</wf>
         <instance id="d000.s750.t000" lemma="思う" pos="VERB">思う</instance>
         <wf lemma="." pos="X">.</wf>
      </sentence>
      <sentence id="d000.s751" source="wordnet-japanese">
         <wf lemma="成功" pos="X">成功</wf>
         <wf lemma="へ" pos="X">へ</wf>
         <wf lemma="の" pos="X">の</wf>
         <wf lemma="彼" pos="X">彼</wf>
         <wf lemma="の" pos="X">の</wf>
         <wf lemma="最も" pos="X">最も</wf>
         <instance id="d000.s751.t000" lemma="近い" pos="ADJ">近い</instance>
         <wf lemma="アプローチ" pos="X">アプローチ</wf>
         <wf lemma="." pos="X">.</wf>
      </sentence>
      <sentence id="d000.s752" source="wordnet-japanese">
         <wf lemma="彼" pos="X">彼</wf>
         <wf lemma="の" pos="X">の</wf>
         <instance id="d000.s752.t000" lemma="心" pos="NOUN">心</instance>
         <wf lemma="は" pos="X">は</wf>
         <wf lemma="さまよっ" pos="X">さまよっ</wf>
         <wf lemma="た" pos="X">た</wf>
         <wf lemma="." pos="X">.</wf>
      </sentence>
      <sentence id="d000.s753" source="wordnet-japanese">
         <instance id="d000.s753.t000" lemma="交通" pos="NOUN">交通</instance>
         <wf lemma="渋滞" pos="X">渋滞</wf>
         <wf lemma="の" pos="X">の</wf>
         <wf lemma="ため" pos="X">ため</wf>
         <wf lemma="幹線" pos="X">幹線</wf>
         <wf lemma="は" pos="X">は</wf>
         <wf lemma="大" pos="X">大</wf>
         <wf lemma="混雑" pos="X">混雑</wf>
         <wf lemma="し" pos="X">し</wf>
         <wf lemma="た" pos="X">た</wf>
         <wf lemma="." pos="X">.</wf>
      </sentence>
      <sentence id="d000.s754" source="wordnet-japanese">
         <wf lemma="これ" pos="X">これ</wf>
         <wf lemma="は" pos="X">は</wf>
         <wf lemma="あなた" pos="X">あなた</wf>
         <wf lemma="の" pos="X">の</wf>
         <wf lemma="楽しみ" pos="X">楽しみ</wf>
         <wf lemma="を" pos="X">を</wf>
         <instance id="d000.s754.t000" lemma="高める" pos="VERB">高める</instance>
         <wf lemma="だろ" pos="X">だろ</wf>
         <wf lemma="う" pos="X">う</wf>
         <wf lemma="." pos="X">.</wf>
      </sentence>
      <sentence id="d000.s755" source="wordnet-japanese">
         <wf lemma="対立" pos="X">対立</wf>
         <wf lemma="を" pos="X">を</wf>
         <instance id="d000.s755.t000" lemma="避ける" pos="VERB">避ける</instance>
         <wf lemma="." pos="X">.</wf>
      </sentence>
      <sentence id="d000.s756" source="wordnet-japanese">
         <wf lemma="どの" pos="X">どの</wf>
         <wf lemma="世代" pos="X">世代</wf>
         <wf lemma="も" pos="X">も</wf>
         <wf lemma="自分" pos="X">自分</wf>
         <wf lemma="たち" pos="X">たち</wf>
         <wf lemma="の" pos="X">の</wf>
         <instance id="d000.s756.t000" lemma="反抗" pos="NOUN">反抗</instance>
         <wf lemma="が" pos="X">が</wf>
         <wf lemma="ある" pos="X">ある</wf>
         <wf lemma="はず" pos="X">はず</wf>
         <wf lemma="だ." pos="X">だ.</wf>
      </sentence>
      <sentence id="d000.s757" source="wordnet-japanese">
         <wf lemma="旋風" pos="X">旋風</wf>
         <wf lemma="を" pos="X">を</wf>
         <instance id="d000.s757.t000" lemma="巻き起こす" pos="VERB">巻き起こす</instance>
         <wf lemma="." pos="X">.</wf>
      </sentence>
      <sentence id="d000.s758" source="wordnet-japanese">
         <wf lemma="木" pos="X">木</wf>
         <wf lemma="を" pos="X">を</wf>
         <instance id="d000.s758.t000" lemma="剥ぐ" pos="VERB">剥ぐ</instance>
         <wf lemma="." pos="X">.</wf>
      </sentence>
      <sentence id="d000.s759" source="wordnet-japanese">
         <wf lemma="自分" pos="X">自分</wf>
         <wf lemma="の" pos="X">の</wf>
         <wf lemma="胸" pos="X">胸</wf>
         <wf lemma="を" pos="X">を</wf>
         <wf lemma="何度" pos="X">何度</wf>
         <wf lemma="も" pos="X">も</wf>
         <instance id="d000.s759.t000" lemma="たたく" pos="VERB">たたく</instance>
         <wf lemma="." pos="X">.</wf>
      </sentence>
      <sentence id="d000.s760" source="wordnet-japanese">
         <wf lemma="『" pos="X">『</wf>
         <wf lemma="tiddler" pos="X">tiddler</wf>
         <wf lemma="（" pos="X">（</wf>
         <wf lemma="ちびっこ）" pos="X">ちびっこ）</wf>
         <wf lemma="』" pos="X">』</wf>
         <wf lemma="は" pos="X">は</wf>
         <instance id="d000.s760.t000" lemma="子供" pos="NOUN">子供</instance>
         <wf lemma="を" pos="X">を</wf>
         <wf lemma="指す" pos="X">指す</wf>
         <wf lemma="英国" pos="X">英国</wf>
         <wf lemma="の" pos="X">の</wf>
         <wf lemma="言葉" pos="X">言葉</wf>
         <wf lemma="だ" pos="X">だ</wf>
         <wf lemma="." pos="X">.</wf>
      </sentence>
      <sentence id="d000.s761" source="wordnet-japanese">
         <wf lemma="売春婦" pos="X">売春婦</wf>
         <wf lemma="は" pos="X">は</wf>
         <wf lemma="1" pos="X">1</wf>
         <wf lemma="マイル" pos="X">マイル</wf>
         <wf lemma="も" pos="X">も</wf>
         <wf lemma="の" pos="X">の</wf>
         <wf lemma="長" pos="X">長</wf>
         <wf lemma="さ" pos="X">さ</wf>
         <wf lemma="の" pos="X">の</wf>
         <instance id="d000.s761.t000" lemma="犯罪歴" pos="NOUN">犯罪歴</instance>
         <wf lemma="が" pos="X">が</wf>
         <wf lemma="あっ" pos="X">あっ</wf>
         <wf lemma="た" pos="X">た</wf>
         <wf lemma="." pos="X">.</wf>
      </sentence>
      <sentence id="d000.s762" source="wordnet-japanese">
         <wf lemma="彼" pos="X">彼</wf>
         <wf lemma="は" pos="X">は</wf>
         <wf lemma="奮い" pos="X">奮い</wf>
         <wf lemma="起こせる" pos="X">起こせる</wf>
         <wf lemma="限り" pos="X">限り</wf>
         <wf lemma="の" pos="X">の</wf>
         <instance id="d000.s762.t000" lemma="力" pos="NOUN">力</instance>
         <wf lemma="で" pos="X">で</wf>
         <wf lemma="打っ" pos="X">打っ</wf>
         <wf lemma="た" pos="X">た</wf>
         <wf lemma="." pos="X">.</wf>
      </sentence>
      <sentence id="d000.s763" source="wordnet-japanese">
         <instance id="d000.s763.t000" lemma="恐ろしい" pos="ADJ">恐ろしい</instance>
         <wf lemma="金切り" pos="X">金切り</wf>
         <wf lemma="声" pos="X">声</wf>
         <wf lemma="." pos="X">.</wf>
      </sentence>
      <sentence id="d000.s764" source="wordnet-japanese">
         <wf lemma="彼" pos="X">彼</wf>
         <wf lemma="の" pos="X">の</wf>
         <instance id="d000.s764.t000" lemma="先妻" pos="NOUN">先妻</instance>
         <wf lemma="達" pos="X">達</wf>
         <wf lemma="は" pos="X">は</wf>
         <wf lemma="みな" pos="X">みな</wf>
         <wf lemma="テキサス" pos="X">テキサス</wf>
         <wf lemma="に" pos="X">に</wf>
         <wf lemma="住ん" pos="X">住ん</wf>
         <wf lemma="で" pos="X">で</wf>
         <wf lemma="いる" pos="X">いる</wf>
         <wf lemma="." pos="X">.</wf>
      </sentence>
      <sentence id="d000.s765" source="wordnet-japanese">
         <wf lemma="私" pos="X">私</wf>
         <wf lemma="たち" pos="X">たち</wf>
         <wf lemma="の" pos="X">の</wf>
         <wf lemma="休暇" pos="X">休暇</wf>
         <wf lemma="は" pos="X">は</wf>
         <instance id="d000.s765.t000" lemma="重なる" pos="VERB">重なる</instance>
         <wf lemma="." pos="X">.</wf>
      </sentence>
      <sentence id="d000.s766" source="wordnet-japanese">
         <instance id="d000.s766.t000" lemma="社会的" pos="ADJ">社会的</instance>
         <wf lemma="な" pos="X">な</wf>
         <wf lemma="力" pos="X">力</wf>
         <wf lemma="." pos="X">.</wf>
      </sentence>
      <sentence id="d000.s767" source="wordnet-japanese">
         <wf lemma="彼ら" pos="X">彼ら</wf>
         <wf lemma="にとって" pos="X">にとって</wf>
         <wf lemma="、" pos="X">、</wf>
         <wf lemma="悪魔" pos="X">悪魔</wf>
         <wf lemma="は" pos="X">は</wf>
         <wf lemma="、" pos="X">、</wf>
         <wf lemma="木" pos="X">木</wf>
         <wf lemma="の" pos="X">の</wf>
         <wf lemma="存在" pos="X">存在</wf>
         <wf lemma="と" pos="X">と</wf>
         <wf lemma="同じ" pos="X">同じ</wf>
         <wf lemma="くらい" pos="X">くらい</wf>
         <instance id="d000.s767.t000" lemma="現実" pos="NOUN">現実</instance>
         <wf lemma="の" pos="X">の</wf>
         <wf lemma="一部" pos="X">一部</wf>
         <wf lemma="だっ" pos="X">だっ</wf>
         <wf lemma="た" pos="X">た</wf>
         <wf lemma="." pos="X">.</wf>
      </sentence>
      <sentence id="d000.s768" source="wordnet-japanese">
         <instance id="d000.s768.t000" lemma="有能" pos="ADJ">有能</instance>
         <wf lemma="な" pos="X">な</wf>
         <wf lemma="タイピスト" pos="X">タイピスト</wf>
         <wf lemma="." pos="X">.</wf>
      </sentence>
      <sentence id="d000.s769" source="wordnet-japanese">
         <instance id="d000.s769.t000" lemma="優雅" pos="ADJ">優雅</instance>
         <wf lemma="な" pos="X">な</wf>
         <wf lemma="ダンサー" pos="X">ダンサー</wf>
         <wf lemma="." pos="X">.</wf>
      </sentence>
      <sentence id="d000.s770" source="wordnet-japanese">
         <wf lemma="本書" pos="X">本書</wf>
         <wf lemma="は" pos="X">は</wf>
         <wf lemma="様相" pos="X">様相</wf>
         <wf lemma="論理学" pos="X">論理学</wf>
         <wf lemma="について" pos="X">について</wf>
         <wf lemma="優れ" pos="X">優れ</wf>
         <wf lemma="た" pos="X">た</wf>
         <instance id="d000.s770.t000" lemma="議論" pos="NOUN">議論</instance>
         <wf lemma="を" pos="X">を</wf>
         <wf lemma="行っ" pos="X">行っ</wf>
         <wf lemma="て" pos="X">て</wf>
         <wf lemma="いる" pos="X">いる</wf>
         <wf lemma="." pos="X">.</wf>
      </sentence>
      <sentence id="d000.s771" source="wordnet-japanese">
         <wf lemma="登場" pos="X">登場</wf>
         <wf lemma="人物" pos="X">人物</wf>
         <wf lemma="は" pos="X">は</wf>
         <wf lemma="よく" pos="X">よく</wf>
         <wf lemma="描か" pos="X">描か</wf>
         <wf lemma="れ" pos="X">れ</wf>
         <wf lemma="て" pos="X">て</wf>
         <wf lemma="いる" pos="X">いる</wf>
         <wf lemma="が" pos="X">が</wf>
         <wf lemma="、" pos="X">、</wf>
         <instance id="d000.s771.t000" lemma="プロット" pos="NOUN">プロット</instance>
         <wf lemma="は" pos="X">は</wf>
         <wf lemma="陳腐" pos="X">陳腐</wf>
         <wf lemma="だ" pos="X">だ</wf>
         <wf lemma="." pos="X">.</wf>
      </sentence>
      <sentence id="d000.s772" source="wordnet-japanese">
         <wf lemma="贈り物" pos="X">贈り物</wf>
         <wf lemma="を" pos="X">を</wf>
         <instance id="d000.s772.t000" lemma="受け取る" pos="VERB">受け取る</instance>
         <wf lemma="." pos="X">.</wf>
      </sentence>
      <sentence id="d000.s773" source="wordnet-japanese">
         <instance id="d000.s773.t000" lemma="不快" pos="ADJ">不快</instance>
         <wf lemma="な" pos="X">な</wf>
         <wf lemma="影響" pos="X">影響</wf>
         <wf lemma="." pos="X">.</wf>
      </sentence>
      <sentence id="d000.s774" source="wordnet-japanese">
         <wf lemma="石蹴り" pos="X">石蹴り</wf>
         <wf lemma="で" pos="X">で</wf>
         <wf lemma="、" pos="X">、</wf>
         <wf lemma="最高" pos="X">最高</wf>
         <wf lemma="の" pos="X">の</wf>
         <instance id="d000.s774.t000" lemma="ホッパー" pos="NOUN">ホッパー</instance>
         <wf lemma="は" pos="X">は</wf>
         <wf lemma="、" pos="X">、</wf>
         <wf lemma="子供" pos="X">子供</wf>
         <wf lemma="たち" pos="X">たち</wf>
         <wf lemma="である" pos="X">である</wf>
         <wf lemma="." pos="X">.</wf>
      </sentence>
      <sentence id="d000.s775" source="wordnet-japanese">
         <wf lemma="世界" pos="X">世界</wf>
         <wf lemma="の" pos="X">の</wf>
         <instance id="d000.s775.t000" lemma="悪" pos="NOUN">悪</instance>
         <wf lemma="の" pos="X">の</wf>
         <wf lemma="起源" pos="X">起源</wf>
         <wf lemma="を" pos="X">を</wf>
         <wf lemma="説明" pos="X">説明</wf>
         <wf lemma="する" pos="X">する</wf>
         <wf lemma="試み" pos="X">試み</wf>
         <wf lemma="." pos="X">.</wf>
      </sentence>
      <sentence id="d000.s776" source="wordnet-japanese">
         <wf lemma="結果" pos="X">結果</wf>
         <wf lemma="に" pos="X">に</wf>
         <instance id="d000.s776.t000" lemma="無頓着" pos="ADJ">無頓着</instance>
         <wf lemma="な" pos="X">な</wf>
         <wf lemma="." pos="X">.</wf>
      </sentence>
      <sentence id="d000.s777" source="wordnet-japanese">
         <wf lemma="いい" pos="X">いい</wf>
         <wf lemma="生活" pos="X">生活</wf>
         <wf lemma="に" pos="X">に</wf>
         <instance id="d000.s777.t000" lemma="不可欠" pos="NOUN">不可欠</instance>
         <wf lemma="の" pos="X">の</wf>
         <wf lemma="物" pos="X">物</wf>
         <wf lemma="." pos="X">.</wf>
      </sentence>
      <sentence id="d000.s778" source="wordnet-japanese">
         <wf lemma="この" pos="X">この</wf>
         <wf lemma="行" pos="X">行</wf>
         <wf lemma="は" pos="X">は</wf>
         <instance id="d000.s778.t000" lemma="アンダンテ" pos="ADV">アンダンテ</instance>
         <wf lemma="で" pos="X">で</wf>
         <wf lemma="演奏" pos="X">演奏</wf>
         <wf lemma="し" pos="X">し</wf>
         <wf lemma="なけれ" pos="X">なけれ</wf>
         <wf lemma="ば" pos="X">ば</wf>
         <wf lemma="いけ" pos="X">いけ</wf>
         <wf lemma="ない" pos="X">ない</wf>
         <wf lemma="." pos="X">.</wf>
      </sentence>
      <sentence id="d000.s779" source="wordnet-japanese">
         <wf lemma="彼" pos="X">彼</wf>
         <wf lemma="は" pos="X">は</wf>
         <instance id="d000.s779.t000" lemma="運動" pos="NOUN">運動</instance>
         <wf lemma="を" pos="X">を</wf>
         <wf lemma="し" pos="X">し</wf>
         <wf lemma="た" pos="X">た</wf>
         <wf lemma="." pos="X">.</wf>
      </sentence>
      <sentence id="d000.s780" source="wordnet-japanese">
         <wf lemma="幸せ" pos="X">幸せ</wf>
         <wf lemma="と" pos="X">と</wf>
         <instance id="d000.s780.t000" lemma="楽しい" pos="ADJ">楽しい</instance>
         <wf lemma="興奮" pos="X">興奮</wf>
         <wf lemma="に" pos="X">に</wf>
         <wf lemma="満ち" pos="X">満ち</wf>
         <wf lemma="て" pos="X">て</wf>
         <wf lemma="いる" pos="X">いる</wf>
         <wf lemma="." pos="X">.</wf>
      </sentence>
      <sentence id="d000.s781" source="wordnet-japanese">
         <wf lemma="左心室" pos="X">左心室</wf>
         <wf lemma="の" pos="X">の</wf>
         <instance id="d000.s781.t000" lemma="切片" pos="NOUN">切片</instance>
         <wf lemma="は" pos="X">は</wf>
         <wf lemma="組織" pos="X">組織</wf>
         <wf lemma="の" pos="X">の</wf>
         <wf lemma="病変" pos="X">病変</wf>
         <wf lemma="を" pos="X">を</wf>
         <wf lemma="示し" pos="X">示し</wf>
         <wf lemma="た" pos="X">た</wf>
         <wf lemma="." pos="X">.</wf>
      </sentence>
      <sentence id="d000.s782" source="wordnet-japanese">
         <wf lemma="彼" pos="X">彼</wf>
         <wf lemma="は" pos="X">は</wf>
         <wf lemma="ゴルフ" pos="X">ゴルフ</wf>
         <wf lemma="を" pos="X">を</wf>
         <wf lemma="する" pos="X">する</wf>
         <instance id="d000.s782.t000" lemma="暇" pos="NOUN">暇</instance>
         <wf lemma="が" pos="X">が</wf>
         <wf lemma="なかっ" pos="X">なかっ</wf>
         <wf lemma="た" pos="X">た</wf>
         <wf lemma="." pos="X">.</wf>
      </sentence>
      <sentence id="d000.s783" source="wordnet-japanese">
         <instance id="d000.s783.t000" lemma="著名" pos="ADJ">著名</instance>
         <wf lemma="な" pos="X">な</wf>
         <wf lemma="歴史家" pos="X">歴史家</wf>
         <wf lemma="." pos="X">.</wf>
      </sentence>
      <sentence id="d000.s784" source="wordnet-japanese">
         <wf lemma="決して" pos="X">決して</wf>
         <instance id="d000.s784.t000" lemma="同じ" pos="ADJ">同じ</instance>
         <wf lemma="服" pos="X">服</wf>
         <wf lemma="を" pos="X">を</wf>
         <wf lemma="二" pos="X">二</wf>
         <wf lemma="度身" pos="X">度身</wf>
         <wf lemma="に" pos="X">に</wf>
         <wf lemma="着け" pos="X">着け</wf>
         <wf lemma="て" pos="X">て</wf>
         <wf lemma="い" pos="X">い</wf>
         <wf lemma="なかっ" pos="X">なかっ</wf>
         <wf lemma="た" pos="X">た</wf>
         <wf lemma="." pos="X">.</wf>
      </sentence>
      <sentence id="d000.s785" source="wordnet-japanese">
         <wf lemma="彼女" pos="X">彼女</wf>
         <wf lemma="は" pos="X">は</wf>
         <wf lemma="代数学" pos="X">代数学</wf>
         <wf lemma="で" pos="X">で</wf>
         <wf lemma="良い" pos="X">良い</wf>
         <instance id="d000.s785.t000" lemma="点" pos="NOUN">点</instance>
         <wf lemma="を" pos="X">を</wf>
         <wf lemma="とっ" pos="X">とっ</wf>
         <wf lemma="た" pos="X">た</wf>
         <wf lemma="." pos="X">.</wf>
      </sentence>
      <sentence id="d000.s786" source="wordnet-japanese">
         <instance id="d000.s786.t000" lemma="慎重" pos="ADJ">慎重</instance>
         <wf lemma="な" pos="X">な</wf>
         <wf lemma="ためらい" pos="X">ためらい</wf>
         <wf lemma="." pos="X">.</wf>
      </sentence>
      <sentence id="d000.s787" source="wordnet-japanese">
         <wf lemma="彼" pos="X">彼</wf>
         <wf lemma="が" pos="X">が</wf>
         <wf lemma="幅広い" pos="X">幅広い</wf>
         <instance id="d000.s787.t000" lemma="教養" pos="NOUN">教養</instance>
         <wf lemma="を" pos="X">を</wf>
         <wf lemma="持っ" pos="X">持っ</wf>
         <wf lemma="て" pos="X">て</wf>
         <wf lemma="いる" pos="X">いる</wf>
         <wf lemma="の" pos="X">の</wf>
         <wf lemma="は" pos="X">は</wf>
         <wf lemma="明らか" pos="X">明らか</wf>
         <wf lemma="だっ" pos="X">だっ</wf>
         <wf lemma="た" pos="X">た</wf>
         <wf lemma="." pos="X">.</wf>
      </sentence>
      <sentence id="d000.s788" source="wordnet-japanese">
         <wf lemma="10" pos="X">10</wf>
         <instance id="d000.s788.t000" lemma="時" pos="NOUN">時</instance>
         <wf lemma="だ" pos="X">だ</wf>
         <wf lemma="." pos="X">.</wf>
      </sentence>
      <sentence id="d000.s789" source="wordnet-japanese">
         <wf lemma="これら" pos="X">これら</wf>
         <wf lemma="の" pos="X">の</wf>
         <instance id="d000.s789.t000" lemma="基本的" pos="ADJ">基本的</instance>
         <wf lemma="な" pos="X">な</wf>
         <wf lemma="真実" pos="X">真実</wf>
         <wf lemma="." pos="X">.</wf>
      </sentence>
      <sentence id="d000.s790" source="wordnet-japanese">
         <instance id="d000.s790.t000" lemma="とても" pos="ADV">とても</instance>
         <wf lemma="湿気" pos="X">湿気</wf>
         <wf lemma="が" pos="X">が</wf>
         <wf lemma="多い" pos="X">多い</wf>
         <wf lemma="." pos="X">.</wf>
      </sentence>
      <sentence id="d000.s791" source="wordnet-japanese">
         <wf lemma="屋根" pos="X">屋根</wf>
         <wf lemma="に当たる" pos="X">に当たる</wf>
         <wf lemma="雨" pos="X">雨</wf>
         <wf lemma="の" pos="X">の</wf>
         <instance id="d000.s791.t000" lemma="音" pos="NOUN">音</instance>
         <wf lemma="." pos="X">.</wf>
      </sentence>
      <sentence id="d000.s792" source="wordnet-japanese">
         <wf lemma="子供" pos="X">子供</wf>
         <wf lemma="は" pos="X">は</wf>
         <wf lemma="、" pos="X">、</wf>
         <wf lemma="2" pos="X">2</wf>
         <wf lemma="ヵ月" pos="X">ヵ月</wf>
         <wf lemma="前" pos="X">前</wf>
         <wf lemma="、" pos="X">、</wf>
         <wf lemma="複数" pos="X">複数</wf>
         <wf lemma="の" pos="X">の</wf>
         <wf lemma="臓器" pos="X">臓器</wf>
         <instance id="d000.s792.t000" lemma="移植" pos="NOUN">移植</instance>
         <wf lemma="を" pos="X">を</wf>
         <wf lemma="受け" pos="X">受け</wf>
         <wf lemma="た" pos="X">た</wf>
         <wf lemma="." pos="X">.</wf>
      </sentence>
      <sentence id="d000.s793" source="wordnet-japanese">
         <wf lemma="埠頭" pos="X">埠頭</wf>
         <wf lemma="の" pos="X">の</wf>
         <instance id="d000.s793.t000" lemma="端" pos="NOUN">端</instance>
         <wf lemma="." pos="X">.</wf>
      </sentence>
      <sentence id="d000.s794" source="wordnet-japanese">
         <wf lemma="彼" pos="X">彼</wf>
         <wf lemma="は" pos="X">は</wf>
         <wf lemma="ラドン" pos="X">ラドン</wf>
         <wf lemma="の" pos="X">の</wf>
         <instance id="d000.s794.t000" lemma="存在" pos="NOUN">存在</instance>
         <wf lemma="を" pos="X">を</wf>
         <wf lemma="確認" pos="X">確認</wf>
         <wf lemma="する" pos="X">する</wf>
         <wf lemma="テスト" pos="X">テスト</wf>
         <wf lemma="を" pos="X">を</wf>
         <wf lemma="行っ" pos="X">行っ</wf>
         <wf lemma="た" pos="X">た</wf>
         <wf lemma="." pos="X">.</wf>
      </sentence>
      <sentence id="d000.s795" source="wordnet-japanese">
         <wf lemma="オフィス" pos="X">オフィス</wf>
         <wf lemma="は" pos="X">は</wf>
         <wf lemma="何" pos="X">何</wf>
         <instance id="d000.s795.t000" lemma="階" pos="NOUN">階</instance>
         <wf lemma="に" pos="X">に</wf>
         <wf lemma="あり" pos="X">あり</wf>
         <wf lemma="ます" pos="X">ます</wf>
         <wf lemma="か" pos="X">か</wf>
         <wf lemma="？" pos="X">？</wf>
         <wf lemma="." pos="X">.</wf>
      </sentence>
      <sentence id="d000.s796" source="wordnet-japanese">
         <instance id="d000.s796.t000" lemma="悪い" pos="ADJ">悪い</instance>
         <wf lemma="状態" pos="X">状態</wf>
         <wf lemma="の" pos="X">の</wf>
         <wf lemma="背部" pos="X">背部</wf>
         <wf lemma="を" pos="X">を</wf>
         <wf lemma="持っ" pos="X">持っ</wf>
         <wf lemma="て" pos="X">て</wf>
         <wf lemma="いる" pos="X">いる</wf>
         <wf lemma="." pos="X">.</wf>
      </sentence>
      <sentence id="d000.s797" source="wordnet-japanese">
         <instance id="d000.s797.t000" lemma="豊富" pos="ADJ">豊富</instance>
         <wf lemma="な" pos="X">な</wf>
         <wf lemma="年" pos="X">年</wf>
         <wf lemma="." pos="X">.</wf>
      </sentence>
      <sentence id="d000.s798" source="wordnet-japanese">
         <wf lemma="容疑者" pos="X">容疑者</wf>
         <wf lemma="の" pos="X">の</wf>
         <wf lemma="大規模" pos="X">大規模</wf>
         <wf lemma="な" pos="X">な</wf>
         <instance id="d000.s798.t000" lemma="検挙" pos="NOUN">検挙</instance>
         <wf lemma="." pos="X">.</wf>
      </sentence>
      <sentence id="d000.s799" source="wordnet-japanese">
         <wf lemma="物理学" pos="X">物理学</wf>
         <wf lemma="の" pos="X">の</wf>
         <instance id="d000.s799.t000" lemma="高度" pos="ADJ">高度</instance>
         <wf lemma="な" pos="X">な</wf>
         <wf lemma="教科書" pos="X">教科書</wf>
         <wf lemma="." pos="X">.</wf>
      </sentence>
      <sentence id="d000.s800" source="wordnet-japanese">
         <wf lemma="彼" pos="X">彼</wf>
         <wf lemma="の" pos="X">の</wf>
         <wf lemma="名前" pos="X">名前</wf>
         <wf lemma="は" pos="X">は</wf>
         <wf lemma="すべて" pos="X">すべて</wf>
         <wf lemma="の" pos="X">の</wf>
         <instance id="d000.s800.t000" lemma="記録" pos="NOUN">記録</instance>
         <wf lemma="に" pos="X">に</wf>
         <wf lemma="ある" pos="X">ある</wf>
         <wf lemma="." pos="X">.</wf>
      </sentence>
      <sentence id="d000.s801" source="wordnet-japanese">
         <wf lemma="ハード" pos="X">ハード</wf>
         <wf lemma="・" pos="X">・</wf>
         <wf lemma="ディスク" pos="X">ディスク</wf>
         <wf lemma="・" pos="X">・</wf>
         <wf lemma="ドライブ" pos="X">ドライブ</wf>
         <wf lemma="の" pos="X">の</wf>
         <instance id="d000.s801.t000" lemma="容量" pos="NOUN">容量</instance>
         <wf lemma="は" pos="X">は</wf>
         <wf lemma="メガバイト" pos="X">メガバイト</wf>
         <wf lemma="で" pos="X">で</wf>
         <wf lemma="通常" pos="X">通常</wf>
         <wf lemma="表示" pos="X">表示</wf>
         <wf lemma="さ" pos="X">さ</wf>
         <wf lemma="れる" pos="X">れる</wf>
         <wf lemma="." pos="X">.</wf>
      </sentence>
      <sentence id="d000.s802" source="wordnet-japanese">
         <wf lemma="彼" pos="X">彼</wf>
         <wf lemma="は" pos="X">は</wf>
         <wf lemma="、" pos="X">、</wf>
         <wf lemma="正しい" pos="X">正しい</wf>
         <instance id="d000.s802.t000" lemma="旋律" pos="NOUN">旋律</instance>
         <wf lemma="で" pos="X">で</wf>
         <wf lemma="歌う" pos="X">歌う</wf>
         <wf lemma="こと" pos="X">こと</wf>
         <wf lemma="が" pos="X">が</wf>
         <wf lemma="でき" pos="X">でき</wf>
         <wf lemma="ない" pos="X">ない</wf>
         <wf lemma="." pos="X">.</wf>
      </sentence>
      <sentence id="d000.s803" source="wordnet-japanese">
         <wf lemma="彼" pos="X">彼</wf>
         <wf lemma="は" pos="X">は</wf>
         <instance id="d000.s803.t000" lemma="ダイヤ" pos="NOUN">ダイヤ</instance>
         <wf lemma="の" pos="X">の</wf>
         <wf lemma="小さい" pos="X">小さい</wf>
         <wf lemma="数字" pos="X">数字</wf>
         <wf lemma="を" pos="X">を</wf>
         <wf lemma="引い" pos="X">引い</wf>
         <wf lemma="た" pos="X">た</wf>
         <wf lemma="." pos="X">.</wf>
      </sentence>
      <sentence id="d000.s804" source="wordnet-japanese">
         <wf lemma="子供" pos="X">子供</wf>
         <wf lemma="に" pos="X">に</wf>
         <wf lemma="この" pos="X">この</wf>
         <wf lemma="かたい" pos="X">かたい</wf>
         <wf lemma="肉" pos="X">肉</wf>
         <wf lemma="を" pos="X">を</wf>
         <instance id="d000.s804.t000" lemma="与える" pos="VERB">与え</instance>
         <wf lemma="ない" pos="X">ない</wf>
         <wf lemma="で" pos="X">で</wf>
         <wf lemma="ください" pos="X">ください</wf>
         <wf lemma="." pos="X">.</wf>
      </sentence>
      <sentence id="d000.s805" source="wordnet-japanese">
         <instance id="d000.s805.t000" lemma="火" pos="NOUN">火</instance>
         <wf lemma="は" pos="X">は</wf>
         <wf lemma="我々" pos="X">我々</wf>
         <wf lemma="の" pos="X">の</wf>
         <wf lemma="先祖" pos="X">先祖</wf>
         <wf lemma="が" pos="X">が</wf>
         <wf lemma="最初" pos="X">最初</wf>
         <wf lemma="に" pos="X">に</wf>
         <wf lemma="発見" pos="X">発見</wf>
         <wf lemma="し" pos="X">し</wf>
         <wf lemma="た" pos="X">た</wf>
         <wf lemma="もの" pos="X">もの</wf>
         <wf lemma="の" pos="X">の</wf>
         <wf lemma="1" pos="X">1</wf>
         <wf lemma="つ" pos="X">つ</wf>
         <wf lemma="だっ" pos="X">だっ</wf>
         <wf lemma="た" pos="X">た</wf>
         <wf lemma="." pos="X">.</wf>
      </sentence>
      <sentence id="d000.s806" source="wordnet-japanese">
         <instance id="d000.s806.t000" lemma="厚手" pos="ADJ">厚手</instance>
         <wf lemma="の" pos="X">の</wf>
         <wf lemma="コート" pos="X">コート</wf>
         <wf lemma="." pos="X">.</wf>
      </sentence>
      <sentence id="d000.s807" source="wordnet-japanese">
         <wf lemma="彼女" pos="X">彼女</wf>
         <wf lemma="の" pos="X">の</wf>
         <wf lemma="血" pos="X">血</wf>
         <wf lemma="は" pos="X">は</wf>
         <wf lemma="ナプキン" pos="X">ナプキン</wf>
         <wf lemma="に" pos="X">に</wf>
         <wf lemma="汚れ" pos="X">汚れ</wf>
         <wf lemma="を" pos="X">を</wf>
         <instance id="d000.s807.t000" lemma="残す" pos="VERB">残し</instance>
         <wf lemma="た" pos="X">た</wf>
         <wf lemma="." pos="X">.</wf>
      </sentence>
      <sentence id="d000.s808" source="wordnet-japanese">
         <wf lemma="悲しい" pos="X">悲しい</wf>
         <wf lemma="叫び" pos="X">叫び</wf>
         <wf lemma="声" pos="X">声</wf>
         <wf lemma="を" pos="X">を</wf>
         <instance id="d000.s808.t000" lemma="上げる" pos="VERB">上げる</instance>
         <wf lemma="." pos="X">.</wf>
      </sentence>
      <sentence id="d000.s809" source="wordnet-japanese">
         <instance id="d000.s809.t000" lemma="ずるい" pos="ADJ">ずるい</instance>
         <wf lemma="ディック" pos="X">ディック</wf>
         <wf lemma="." pos="X">.</wf>
      </sentence>
      <sentence id="d000.s810" source="wordnet-japanese">
         <wf lemma="彼" pos="X">彼</wf>
         <wf lemma="の" pos="X">の</wf>
         <wf lemma="絵画" pos="X">絵画</wf>
         <wf lemma="を" pos="X">を</wf>
         <wf lemma="見る" pos="X">見る</wf>
         <wf lemma="と" pos="X">と</wf>
         <wf lemma="自然" pos="X">自然</wf>
         <wf lemma="の" pos="X">の</wf>
         <wf lemma="繊細" pos="X">繊細</wf>
         <wf lemma="な" pos="X">な</wf>
         <instance id="d000.s810.t000" lemma="解釈者" pos="NOUN">解釈者</instance>
         <wf lemma="だ" pos="X">だ</wf>
         <wf lemma="と" pos="X">と</wf>
         <wf lemma="分かる" pos="X">分かる</wf>
         <wf lemma="." pos="X">.</wf>
      </sentence>
      <sentence id="d000.s811" source="wordnet-japanese">
         <instance id="d000.s811.t000" lemma="平壌" pos="NOUN">平壌</instance>
         <wf lemma="は" pos="X">は</wf>
         <wf lemma="朝鮮" pos="X">朝鮮</wf>
         <wf lemma="で" pos="X">で</wf>
         <wf lemma="一番" pos="X">一番</wf>
         <wf lemma="古い" pos="X">古い</wf>
         <wf lemma="都市" pos="X">都市</wf>
         <wf lemma="だ" pos="X">だ</wf>
         <wf lemma="が" pos="X">が</wf>
         <wf lemma="、" pos="X">、</wf>
         <wf lemma="歴史的" pos="X">歴史的</wf>
         <wf lemma="な" pos="X">な</wf>
         <wf lemma="もの" pos="X">もの</wf>
         <wf lemma="は" pos="X">は</wf>
         <wf lemma="ほとんど" pos="X">ほとんど</wf>
         <wf lemma="残っ" pos="X">残っ</wf>
         <wf lemma="て" pos="X">て</wf>
         <wf lemma="い" pos="X">い</wf>
         <wf lemma="ない" pos="X">ない</wf>
         <wf lemma="." pos="X">.</wf>
      </sentence>
      <sentence id="d000.s812" source="wordnet-japanese">
         <wf lemma="1" pos="X">1</wf>
         <wf lemma="という" pos="X">という</wf>
         <wf lemma="数" pos="X">数</wf>
         <wf lemma="が" pos="X">が</wf>
         <wf lemma="数列" pos="X">数列</wf>
         <wf lemma="を" pos="X">を</wf>
         <instance id="d000.s812.t000" lemma="始める" pos="VERB">始める</instance>
         <wf lemma="." pos="X">.</wf>
      </sentence>
      <sentence id="d000.s813" source="wordnet-japanese">
         <wf lemma="古い" pos="X">古い</wf>
         <wf lemma="旅館" pos="X">旅館</wf>
         <wf lemma="の" pos="X">の</wf>
         <instance id="d000.s813.t000" lemma="陰気" pos="ADJ">陰気</instance>
         <wf lemma="な" pos="X">な</wf>
         <wf lemma="内装" pos="X">内装</wf>
         <wf lemma="." pos="X">.</wf>
      </sentence>
      <sentence id="d000.s814" source="wordnet-japanese">
         <instance id="d000.s814.t000" lemma="多彩" pos="ADJ">多彩</instance>
         <wf lemma="な" pos="X">な</wf>
         <wf lemma="ドレス" pos="X">ドレス</wf>
         <wf lemma="." pos="X">.</wf>
      </sentence>
      <sentence id="d000.s815" source="wordnet-japanese">
         <instance id="d000.s815.t000" lemma="高齢者" pos="NOUN">高齢者</instance>
         <wf lemma="は" pos="X">は</wf>
         <wf lemma="特別" pos="X">特別</wf>
         <wf lemma="の" pos="X">の</wf>
         <wf lemma="手配" pos="X">手配</wf>
         <wf lemma="を" pos="X">を</wf>
         <wf lemma="し" pos="X">し</wf>
         <wf lemma="て" pos="X">て</wf>
         <wf lemma="もらう" pos="X">もらう</wf>
         <wf lemma="こと" pos="X">こと</wf>
         <wf lemma="が" pos="X">が</wf>
         <wf lemma="でき" pos="X">でき</wf>
         <wf lemma="た" pos="X">た</wf>
         <wf lemma="." pos="X">.</wf>
      </sentence>
      <sentence id="d000.s816" source="wordnet-japanese">
         <wf lemma="彼" pos="X">彼</wf>
         <wf lemma="は" pos="X">は</wf>
         <instance id="d000.s816.t000" lemma="ハート" pos="NOUN">ハート</instance>
         <wf lemma="の" pos="X">の</wf>
         <wf lemma="クイーン" pos="X">クイーン</wf>
         <wf lemma="を" pos="X">を</wf>
         <wf lemma="引い" pos="X">引い</wf>
         <wf lemma="た" pos="X">た</wf>
         <wf lemma="." pos="X">.</wf>
      </sentence>
      <sentence id="d000.s817" source="wordnet-japanese">
         <wf lemma="指名" pos="X">指名</wf>
         <wf lemma="の" pos="X">の</wf>
         <instance id="d000.s817.t000" lemma="確認" pos="NOUN">確認</instance>
         <wf lemma="." pos="X">.</wf>
      </sentence>
      <sentence id="d000.s818" source="wordnet-japanese">
         <wf lemma="彼女" pos="X">彼女</wf>
         <wf lemma="は" pos="X">は</wf>
         <wf lemma="、" pos="X">、</wf>
         <wf lemma="彼" pos="X">彼</wf>
         <wf lemma="に" pos="X">に</wf>
         <instance id="d000.s818.t000" lemma="決定的" pos="ADJ">決定的</instance>
         <wf lemma="な" pos="X">な</wf>
         <wf lemma="答え" pos="X">答え</wf>
         <wf lemma="を" pos="X">を</wf>
         <wf lemma="与え" pos="X">与え</wf>
         <wf lemma="た" pos="X">た</wf>
         <wf lemma="." pos="X">.</wf>
      </sentence>
      <sentence id="d000.s819" source="wordnet-japanese">
         <instance id="d000.s819.t000" lemma="厳正" pos="ADJ">厳正</instance>
         <wf lemma="な" pos="X">な</wf>
         <wf lemma="裁判官" pos="X">裁判官</wf>
         <wf lemma="の" pos="X">の</wf>
         <wf lemma="冷静" pos="X">冷静</wf>
         <wf lemma="な" pos="X">な</wf>
         <wf lemma="中立" pos="X">中立</wf>
         <wf lemma="の" pos="X">の</wf>
         <wf lemma="態度" pos="X">態度</wf>
         <wf lemma="." pos="X">.</wf>
      </sentence>
      <sentence id="d000.s820" source="wordnet-japanese">
         <instance id="d000.s820.t000" lemma="深い" pos="ADJ">深い</instance>
         <wf lemma="ショック" pos="X">ショック</wf>
         <wf lemma="の" pos="X">の</wf>
         <wf lemma="状態" pos="X">状態</wf>
         <wf lemma="." pos="X">.</wf>
      </sentence>
      <sentence id="d000.s821" source="wordnet-japanese">
         <wf lemma="彼" pos="X">彼</wf>
         <wf lemma="は" pos="X">は</wf>
         <wf lemma="、" pos="X">、</wf>
         <wf lemma="本当に" pos="X">本当に</wf>
         <instance id="d000.s821.t000" lemma="馬鹿" pos="ADJ">馬鹿</instance>
         <wf lemma="な" pos="X">な</wf>
         <wf lemma="のか" pos="X">のか</wf>
         <wf lemma="、" pos="X">、</wf>
         <wf lemma="それ" pos="X">それ</wf>
         <wf lemma="と" pos="X">と</wf>
         <wf lemma="も" pos="X">も</wf>
         <wf lemma="わざと" pos="X">わざと</wf>
         <wf lemma="鈍感" pos="X">鈍感</wf>
         <wf lemma="に" pos="X">に</wf>
         <wf lemma="振舞っ" pos="X">振舞っ</wf>
         <wf lemma="て" pos="X">て</wf>
         <wf lemma="い" pos="X">い</wf>
         <wf lemma="た" pos="X">た</wf>
         <wf lemma="." pos="X">.</wf>
      </sentence>
      <sentence id="d000.s822" source="wordnet-japanese">
         <wf lemma="我々" pos="X">我々</wf>
         <wf lemma="に" pos="X">に</wf>
         <instance id="d000.s822.t000" lemma="まもなく" pos="ADV">まもなく</instance>
         <wf lemma="ニュース" pos="X">ニュース</wf>
         <wf lemma="が" pos="X">が</wf>
         <wf lemma="とどい" pos="X">とどい</wf>
         <wf lemma="て" pos="X">て</wf>
         <wf lemma="も" pos="X">も</wf>
         <wf lemma="いい" pos="X">いい</wf>
         <wf lemma="ころ" pos="X">ころ</wf>
         <wf lemma="だ" pos="X">だ</wf>
         <wf lemma="." pos="X">.</wf>
      </sentence>
      <sentence id="d000.s823" source="wordnet-japanese">
         <wf lemma="砲撃" pos="X">砲撃</wf>
         <wf lemma="の" pos="X">の</wf>
         <wf lemma="後" pos="X">後</wf>
         <wf lemma="、" pos="X">、</wf>
         <wf lemma="多く" pos="X">多く</wf>
         <wf lemma="の" pos="X">の</wf>
         <wf lemma="人々" pos="X">人々</wf>
         <wf lemma="は" pos="X">は</wf>
         <wf lemma="、" pos="X">、</wf>
         <instance id="d000.s823.t000" lemma="思い出す" pos="VERB">思い出す</instance>
         <wf lemma="能力" pos="X">能力</wf>
         <wf lemma="を" pos="X">を</wf>
         <wf lemma="失っ" pos="X">失っ</wf>
         <wf lemma="た" pos="X">た</wf>
         <wf lemma="." pos="X">.</wf>
      </sentence>
      <sentence id="d000.s824" source="wordnet-japanese">
         <wf lemma="その" pos="X">その</wf>
         <wf lemma="部屋" pos="X">部屋</wf>
         <wf lemma="は" pos="X">は</wf>
         <wf lemma="特徴" pos="X">特徴</wf>
         <wf lemma="的な" pos="X">的な</wf>
         <wf lemma="赤い" pos="X">赤い</wf>
         <instance id="d000.s824.t000" lemma="アクセント" pos="NOUN">アクセント</instance>
         <wf lemma="の" pos="X">の</wf>
         <wf lemma="ある" pos="X">ある</wf>
         <wf lemma="灰色" pos="X">灰色</wf>
         <wf lemma="の" pos="X">の</wf>
         <wf lemma="色合い" pos="X">色合い</wf>
         <wf lemma="で" pos="X">で</wf>
         <wf lemma="飾ら" pos="X">飾ら</wf>
         <wf lemma="れ" pos="X">れ</wf>
         <wf lemma="て" pos="X">て</wf>
         <wf lemma="い" pos="X">い</wf>
         <wf lemma="た" pos="X">た</wf>
         <wf lemma="." pos="X">.</wf>
      </sentence>
      <sentence id="d000.s825" source="wordnet-japanese">
         <wf lemma="彼" pos="X">彼</wf>
         <wf lemma="は" pos="X">は</wf>
         <wf lemma="自分" pos="X">自分</wf>
         <wf lemma="の" pos="X">の</wf>
         <wf lemma="仕事" pos="X">仕事</wf>
         <wf lemma="に" pos="X">に</wf>
         <wf lemma="高い" pos="X">高い</wf>
         <instance id="d000.s825.t000" lemma="値" pos="NOUN">値</instance>
         <wf lemma="を" pos="X">を</wf>
         <wf lemma="つけ" pos="X">つけ</wf>
         <wf lemma="て" pos="X">て</wf>
         <wf lemma="いる" pos="X">いる</wf>
         <wf lemma="." pos="X">.</wf>
      </sentence>
      <sentence id="d000.s826" source="wordnet-japanese">
         <instance id="d000.s826.t000" lemma="およそ" pos="ADV">およそ</instance>
         <wf lemma="3,000" pos="X">3,000</wf>
         <wf lemma="ドル" pos="X">ドル</wf>
         <wf lemma="." pos="X">.</wf>
      </sentence>
      <sentence id="d000.s827" source="wordnet-japanese">
         <instance id="d000.s827.t000" lemma="古い" pos="ADJ">古い</instance>
         <wf lemma="時期" pos="X">時期</wf>
         <wf lemma="." pos="X">.</wf>
      </sentence>
      <sentence id="d000.s828" source="wordnet-japanese">
         <wf lemma="彼" pos="X">彼</wf>
         <wf lemma="は" pos="X">は</wf>
         <wf lemma="娘" pos="X">娘</wf>
         <wf lemma="の" pos="X">の</wf>
         <wf lemma="手紙" pos="X">手紙</wf>
         <wf lemma="の" pos="X">の</wf>
         <instance id="d000.s828.t000" lemma="妨害" pos="NOUN">妨害</instance>
         <wf lemma="という" pos="X">という</wf>
         <wf lemma="措置" pos="X">措置</wf>
         <wf lemma="を" pos="X">を</wf>
         <wf lemma="取っ" pos="X">取っ</wf>
         <wf lemma="た" pos="X">た</wf>
         <wf lemma="." pos="X">.</wf>
      </sentence>
      <sentence id="d000.s829" source="wordnet-japanese">
         <wf lemma="彼女" pos="X">彼女</wf>
         <wf lemma="は" pos="X">は</wf>
         <wf lemma="彼" pos="X">彼</wf>
         <wf lemma="の" pos="X">の</wf>
         <wf lemma="目" pos="X">目</wf>
         <wf lemma="の" pos="X">の</wf>
         <instance id="d000.s829.t000" lemma="前" pos="NOUN">前</instance>
         <wf lemma="で" pos="X">で</wf>
         <wf lemma="赤面" pos="X">赤面</wf>
         <wf lemma="し" pos="X">し</wf>
         <wf lemma="た" pos="X">た</wf>
         <wf lemma="." pos="X">.</wf>
      </sentence>
      <sentence id="d000.s830" source="wordnet-japanese">
         <wf lemma="泥棒" pos="X">泥棒</wf>
         <wf lemma="を" pos="X">を</wf>
         <instance id="d000.s830.t000" lemma="止める" pos="VERB">止める</instance>
         <wf lemma="." pos="X">.</wf>
      </sentence>
      <sentence id="d000.s831" source="wordnet-japanese">
         <wf lemma="彼" pos="X">彼</wf>
         <wf lemma="は" pos="X">は</wf>
         <wf lemma="透明" pos="X">透明</wf>
         <wf lemma="仕上げ" pos="X">仕上げ</wf>
         <wf lemma="の" pos="X">の</wf>
         <instance id="d000.s831.t000" lemma="塗装" pos="NOUN">塗装</instance>
         <wf lemma="を" pos="X">を</wf>
         <wf lemma="し" pos="X">し</wf>
         <wf lemma="た" pos="X">た</wf>
         <wf lemma="." pos="X">.</wf>
      </sentence>
      <sentence id="d000.s832" source="wordnet-japanese">
         <wf lemma="並外" pos="X">並外</wf>
         <wf lemma="れ" pos="X">れ</wf>
         <wf lemma="て" pos="X">て</wf>
         <instance id="d000.s832.t000" lemma="器用" pos="ADJ">器用</instance>
         <wf lemma="な" pos="X">な</wf>
         <wf lemma="ピアニスト" pos="X">ピアニスト</wf>
         <wf lemma="." pos="X">.</wf>
      </sentence>
      <sentence id="d000.s833" source="wordnet-japanese">
         <wf lemma="模型" pos="X">模型</wf>
         <wf lemma="の" pos="X">の</wf>
         <instance id="d000.s833.t000" lemma="縮尺" pos="NOUN">縮尺</instance>
         <wf lemma="." pos="X">.</wf>
      </sentence>
      <sentence id="d000.s834" source="wordnet-japanese">
         <wf lemma="人類" pos="X">人類</wf>
         <wf lemma="の" pos="X">の</wf>
         <instance id="d000.s834.t000" lemma="歴史" pos="NOUN">歴史</instance>
         <wf lemma="の" pos="X">の</wf>
         <wf lemma="すべて" pos="X">すべて</wf>
         <wf lemma="." pos="X">.</wf>
      </sentence>
      <sentence id="d000.s835" source="wordnet-japanese">
         <wf lemma="完全" pos="X">完全</wf>
         <wf lemma="な" pos="X">な</wf>
         <instance id="d000.s835.t000" lemma="漂白剤" pos="NOUN">漂白剤</instance>
         <wf lemma="は" pos="X">は</wf>
         <wf lemma="、" pos="X">、</wf>
         <wf lemma="通常" pos="X">通常</wf>
         <wf lemma="何回" pos="X">何回</wf>
         <wf lemma="か" pos="X">か</wf>
         <wf lemma="の" pos="X">の</wf>
         <wf lemma="塗布" pos="X">塗布</wf>
         <wf lemma="を" pos="X">を</wf>
         <wf lemma="必要" pos="X">必要</wf>
         <wf lemma="と" pos="X">と</wf>
         <wf lemma="する" pos="X">する</wf>
         <wf lemma="." pos="X">.</wf>
      </sentence>
      <sentence id="d000.s836" source="wordnet-japanese">
         <instance id="d000.s836.t000" lemma="無知" pos="ADJ">無知</instance>
         <wf lemma="な" pos="X">な</wf>
         <wf lemma="仲間" pos="X">仲間</wf>
         <wf lemma="に対して" pos="X">に対して</wf>
         <wf lemma="軽蔑" pos="X">軽蔑</wf>
         <wf lemma="を" pos="X">を</wf>
         <wf lemma="示す" pos="X">示す</wf>
         <wf lemma="こと" pos="X">こと</wf>
         <wf lemma="." pos="X">.</wf>
      </sentence>
      <sentence id="d000.s837" source="wordnet-japanese">
         <wf lemma="クラウディウス" pos="X">クラウディウス</wf>
         <wf lemma="は" pos="X">は</wf>
         <wf lemma="、" pos="X">、</wf>
         <instance id="d000.s837.t000" lemma="明確" pos="ADJ">明確</instance>
         <wf lemma="な" pos="X">な</wf>
         <wf lemma="征服" pos="X">征服</wf>
         <wf lemma="の" pos="X">の</wf>
         <wf lemma="意図" pos="X">意図</wf>
         <wf lemma="を" pos="X">を</wf>
         <wf lemma="持っ" pos="X">持っ</wf>
         <wf lemma="て" pos="X">て</wf>
         <wf lemma="英国" pos="X">英国</wf>
         <wf lemma="に" pos="X">に</wf>
         <wf lemma="侵入" pos="X">侵入</wf>
         <wf lemma="し" pos="X">し</wf>
         <wf lemma="た" pos="X">た</wf>
         <wf lemma="最初" pos="X">最初</wf>
         <wf lemma="の" pos="X">の</wf>
         <wf lemma="人物" pos="X">人物</wf>
         <wf lemma="だっ" pos="X">だっ</wf>
         <wf lemma="た" pos="X">た</wf>
         <wf lemma="." pos="X">.</wf>
      </sentence>
      <sentence id="d000.s838" source="wordnet-japanese">
         <wf lemma="兵器" pos="X">兵器</wf>
         <wf lemma="交渉" pos="X">交渉</wf>
         <wf lemma="の" pos="X">の</wf>
         <wf lemma="現在" pos="X">現在</wf>
         <wf lemma="の" pos="X">の</wf>
         <instance id="d000.s838.t000" lemma="状況" pos="NOUN">状況</instance>
         <wf lemma="." pos="X">.</wf>
      </sentence>
      <sentence id="d000.s839" source="wordnet-japanese">
         <wf lemma="ボスニア" pos="X">ボスニア</wf>
         <wf lemma="の" pos="X">の</wf>
         <wf lemma="運命" pos="X">運命</wf>
         <wf lemma="は" pos="X">は</wf>
         <wf lemma="西側" pos="X">西側</wf>
         <wf lemma="の" pos="X">の</wf>
         <wf lemma="手" pos="X">手</wf>
         <wf lemma="に" pos="X">に</wf>
         <instance id="d000.s839.t000" lemma="ある" pos="VERB">ある</instance>
         <wf lemma="." pos="X">.</wf>
      </sentence>
      <sentence id="d000.s840" source="wordnet-japanese">
         <wf lemma="家" pos="X">家</wf>
         <wf lemma="は" pos="X">は</wf>
         <instance id="d000.s840.t000" lemma="無作為" pos="ADV">無作為</instance>
         <wf lemma="に" pos="X">に</wf>
         <wf lemma="散乱" pos="X">散乱</wf>
         <wf lemma="し" pos="X">し</wf>
         <wf lemma="た" pos="X">た</wf>
         <wf lemma="." pos="X">.</wf>
      </sentence>
      <sentence id="d000.s841" source="wordnet-japanese">
         <wf lemma="嫉妬" pos="X">嫉妬</wf>
         <wf lemma="の" pos="X">の</wf>
         <instance id="d000.s841.t000" lemma="本質" pos="NOUN">本質</instance>
         <wf lemma="." pos="X">.</wf>
      </sentence>
      <sentence id="d000.s842" source="wordnet-japanese">
         <wf lemma="感染" pos="X">感染</wf>
         <wf lemma="症" pos="X">症</wf>
         <wf lemma="の" pos="X">の</wf>
         <instance id="d000.s842.t000" lemma="病巣" pos="NOUN">病巣</instance>
         <wf lemma="." pos="X">.</wf>
      </sentence>
      <sentence id="d000.s843" source="wordnet-japanese">
         <wf lemma="彼" pos="X">彼</wf>
         <wf lemma="は" pos="X">は</wf>
         <instance id="d000.s843.t000" lemma="直観" pos="NOUN">直観</instance>
         <wf lemma="で" pos="X">で</wf>
         <wf lemma="、" pos="X">、</wf>
         <wf lemma="何か" pos="X">何か</wf>
         <wf lemma="問違い" pos="X">問違い</wf>
         <wf lemma="が" pos="X">が</wf>
         <wf lemma="あっ" pos="X">あっ</wf>
         <wf lemma="た" pos="X">た</wf>
         <wf lemma="と" pos="X">と</wf>
         <wf lemma="思っ" pos="X">思っ</wf>
         <wf lemma="た" pos="X">た</wf>
         <wf lemma="." pos="X">.</wf>
      </sentence>
      <sentence id="d000.s844" source="wordnet-japanese">
         <wf lemma="彼" pos="X">彼</wf>
         <wf lemma="の" pos="X">の</wf>
         <wf lemma="発言" pos="X">発言</wf>
         <wf lemma="は" pos="X">は</wf>
         <wf lemma="、" pos="X">、</wf>
         <wf lemma="あり" pos="X">あり</wf>
         <wf lemma="ふれ" pos="X">ふれ</wf>
         <wf lemma="て" pos="X">て</wf>
         <wf lemma="い" pos="X">い</wf>
         <wf lemma="て" pos="X">て</wf>
         <wf lemma="、" pos="X">、</wf>
         <instance id="d000.s844.t000" lemma="平凡" pos="ADJ">平凡</instance>
         <wf lemma="だっ" pos="X">だっ</wf>
         <wf lemma="た" pos="X">た</wf>
         <wf lemma="." pos="X">.</wf>
      </sentence>
      <sentence id="d000.s845" source="wordnet-japanese">
         <instance id="d000.s845.t000" lemma="激しい" pos="ADJ">激しい</instance>
         <wf lemma="かゆみ" pos="X">かゆみ</wf>
         <wf lemma="と" pos="X">と</wf>
         <wf lemma="燃焼" pos="X">燃焼</wf>
         <wf lemma="." pos="X">.</wf>
      </sentence>
      <sentence id="d000.s846" source="wordnet-japanese">
         <wf lemma="歴史" pos="X">歴史</wf>
         <wf lemma="の" pos="X">の</wf>
         <wf lemma="流れ" pos="X">流れ</wf>
         <wf lemma="の" pos="X">の</wf>
         <wf lemma="中" pos="X">中</wf>
         <wf lemma="で" pos="X">で</wf>
         <wf lemma="の" pos="X">の</wf>
         <wf lemma="変化" pos="X">変化</wf>
         <wf lemma="の" pos="X">の</wf>
         <wf lemma="ため" pos="X">ため</wf>
         <wf lemma="、" pos="X">、</wf>
         <wf lemma="ギリシア" pos="X">ギリシア</wf>
         <wf lemma="語" pos="X">語</wf>
         <wf lemma="の" pos="X">の</wf>
         <wf lemma="『" pos="X">『</wf>
         <wf lemma="h" pos="X">h</wf>
         <wf lemma="』" pos="X">』</wf>
         <wf lemma="は" pos="X">は</wf>
         <wf lemma="、" pos="X">、</wf>
         <wf lemma="ラテン語" pos="X">ラテン語</wf>
         <wf lemma="の" pos="X">の</wf>
         <wf lemma="『" pos="X">『</wf>
         <wf lemma="s" pos="X">s</wf>
         <wf lemma="』" pos="X">』</wf>
         <wf lemma="を" pos="X">を</wf>
         <instance id="d000.s846.t000" lemma="表す" pos="VERB">表す</instance>
         <wf lemma="." pos="X">.</wf>
      </sentence>
      <sentence id="d000.s847" source="wordnet-japanese">
         <wf lemma="衣類" pos="X">衣類</wf>
         <wf lemma="を" pos="X">を</wf>
         <wf lemma="洗浄" pos="X">洗浄</wf>
         <wf lemma="液" pos="X">液</wf>
         <wf lemma="に" pos="X">に</wf>
         <instance id="d000.s847.t000" lemma="浸す" pos="VERB">浸す</instance>
         <wf lemma="." pos="X">.</wf>
      </sentence>
      <sentence id="d000.s848" source="wordnet-japanese">
         <instance id="d000.s848.t000" lemma="いざこざ" pos="NOUN">いざこざ</instance>
         <wf lemma="の" pos="X">の</wf>
         <wf lemma="場所" pos="X">場所</wf>
         <wf lemma="." pos="X">.</wf>
      </sentence>
      <sentence id="d000.s849" source="wordnet-japanese">
         <wf lemma="ベル" pos="X">ベル</wf>
         <wf lemma="は" pos="X">は</wf>
         <instance id="d000.s849.t000" lemma="鳴る" pos="VERB">鳴っ</instance>
         <wf lemma="た" pos="X">た</wf>
         <wf lemma="." pos="X">.</wf>
      </sentence>
      <sentence id="d000.s850" source="wordnet-japanese">
         <wf lemma="パーティ" pos="X">パーティ</wf>
         <wf lemma="で" pos="X">で</wf>
         <instance id="d000.s850.t000" lemma="素晴らしい" pos="ADJ">素晴らしい</instance>
         <wf lemma="時" pos="X">時</wf>
         <wf lemma="を" pos="X">を</wf>
         <wf lemma="過ごし" pos="X">過ごし</wf>
         <wf lemma="た" pos="X">た</wf>
         <wf lemma="." pos="X">.</wf>
      </sentence>
      <sentence id="d000.s851" source="wordnet-japanese">
         <wf lemma="雄牛" pos="X">雄牛</wf>
         <wf lemma="は" pos="X">は</wf>
         <wf lemma="、" pos="X">、</wf>
         <instance id="d000.s851.t000" lemma="サービス" pos="NOUN">サービス</instance>
         <wf lemma="の" pos="X">の</wf>
         <wf lemma="料金" pos="X">料金</wf>
         <wf lemma="を" pos="X">を</wf>
         <wf lemma="払う" pos="X">払う</wf>
         <wf lemma="価値" pos="X">価値</wf>
         <wf lemma="が" pos="X">が</wf>
         <wf lemma="あっ" pos="X">あっ</wf>
         <wf lemma="た" pos="X">た</wf>
         <wf lemma="." pos="X">.</wf>
      </sentence>
      <sentence id="d000.s852" source="wordnet-japanese">
         <instance id="d000.s852.t000" lemma="計画" pos="NOUN">計画</instance>
         <wf lemma="を" pos="X">を</wf>
         <wf lemma="立てる" pos="X">立てる</wf>
         <wf lemma="こと" pos="X">こと</wf>
         <wf lemma="は" pos="X">は</wf>
         <wf lemma="、" pos="X">、</wf>
         <wf lemma="旅行" pos="X">旅行</wf>
         <wf lemma="自体" pos="X">自体</wf>
         <wf lemma="より" pos="X">より</wf>
         <wf lemma="も" pos="X">も</wf>
         <wf lemma="面白かっ" pos="X">面白かっ</wf>
         <wf lemma="た" pos="X">た</wf>
         <wf lemma="." pos="X">.</wf>
      </sentence>
      <sentence id="d000.s853" source="wordnet-japanese">
         <instance id="d000.s853.t000" lemma="若い" pos="ADJ">若い</instance>
         <wf lemma="人々" pos="X">人々</wf>
         <wf lemma="." pos="X">.</wf>
      </sentence>
      <sentence id="d000.s854" source="wordnet-japanese">
         <instance id="d000.s854.t000" lemma="意味論" pos="NOUN">意味論</instance>
         <wf lemma="に対する" pos="X">に対する</wf>
         <wf lemma="ささい" pos="X">ささい</wf>
         <wf lemma="な" pos="X">な</wf>
         <wf lemma="議論" pos="X">議論</wf>
         <wf lemma="." pos="X">.</wf>
      </sentence>
      <sentence id="d000.s855" source="wordnet-japanese">
         <instance id="d000.s855.t000" lemma="涼しい" pos="ADJ">涼しい</instance>
         <wf lemma="夏" pos="X">夏</wf>
         <wf lemma="の" pos="X">の</wf>
         <wf lemma="ドレス" pos="X">ドレス</wf>
         <wf lemma="." pos="X">.</wf>
      </sentence>
      <sentence id="d000.s856" source="wordnet-japanese">
         <wf lemma="極めて" pos="X">極めて</wf>
         <instance id="d000.s856.t000" lemma="重要" pos="ADJ">重要</instance>
         <wf lemma="な" pos="X">な</wf>
         <wf lemma="点" pos="X">点</wf>
         <wf lemma="." pos="X">.</wf>
      </sentence>
      <sentence id="d000.s857" source="wordnet-japanese">
         <instance id="d000.s857.t000" lemma="慎重" pos="ADJ">慎重</instance>
         <wf lemma="な" pos="X">な</wf>
         <wf lemma="楽観" pos="X">楽観</wf>
         <wf lemma="." pos="X">.</wf>
      </sentence>
      <sentence id="d000.s858" source="wordnet-japanese">
         <wf lemma="彼女" pos="X">彼女</wf>
         <wf lemma="は" pos="X">は</wf>
         <wf lemma="髪" pos="X">髪</wf>
         <wf lemma="を" pos="X">を</wf>
         <wf lemma="渦巻き" pos="X">渦巻き</wf>
         <wf lemma="と" pos="X">と</wf>
         <wf lemma="リボン" pos="X">リボン</wf>
         <wf lemma="の" pos="X">の</wf>
         <wf lemma="驚く" pos="X">驚く</wf>
         <wf lemma="べき" pos="X">べき</wf>
         <instance id="d000.s858.t000" lemma="構築物" pos="NOUN">構築物</instance>
         <wf lemma="に" pos="X">に</wf>
         <wf lemma="まとめ" pos="X">まとめ</wf>
         <wf lemma="て" pos="X">て</wf>
         <wf lemma="い" pos="X">い</wf>
         <wf lemma="た" pos="X">た</wf>
         <wf lemma="." pos="X">.</wf>
      </sentence>
      <sentence id="d000.s859" source="wordnet-japanese">
         <wf lemma="の" pos="X">の</wf>
         <wf lemma="despit" pos="X">despit</wf>
         <wf lemma="荒っぽい" pos="X">荒っぽい</wf>
         <wf lemma="取" pos="X">取</wf>
         <wf lemma="扱い" pos="X">扱い</wf>
         <wf lemma="に" pos="X">に</wf>
         <wf lemma="も" pos="X">も</wf>
         <wf lemma="かかわら" pos="X">かかわら</wf>
         <wf lemma="ず" pos="X">ず</wf>
         <wf lemma="、" pos="X">、</wf>
         <wf lemma="花瓶" pos="X">花瓶</wf>
         <wf lemma="は" pos="X">は</wf>
         <instance id="d000.s859.t000" lemma="無傷" pos="ADJ">無傷</instance>
         <wf lemma="だっ" pos="X">だっ</wf>
         <wf lemma="た" pos="X">た</wf>
         <wf lemma="." pos="X">.</wf>
      </sentence>
      <sentence id="d000.s860" source="wordnet-japanese">
         <wf lemma="顔" pos="X">顔</wf>
         <wf lemma="の" pos="X">の</wf>
         <instance id="d000.s860.t000" lemma="傷" pos="NOUN">傷</instance>
         <wf lemma="." pos="X">.</wf>
      </sentence>
      <sentence id="d000.s861" source="wordnet-japanese">
         <wf lemma="石炭" pos="X">石炭</wf>
         <wf lemma="が" pos="X">が</wf>
         <instance id="d000.s861.t000" lemma="豊富" pos="ADJ">豊富</instance>
         <wf lemma="な" pos="X">な</wf>
         <wf lemma="層" pos="X">層</wf>
         <wf lemma="." pos="X">.</wf>
      </sentence>
      <sentence id="d000.s862" source="wordnet-japanese">
         <instance id="d000.s862.t000" lemma="化学的" pos="ADV">化学的</instance>
         <wf lemma="に" pos="X">に</wf>
         <wf lemma="肥よく" pos="X">肥よく</wf>
         <wf lemma="に" pos="X">に</wf>
         <wf lemma="さ" pos="X">さ</wf>
         <wf lemma="れる" pos="X">れる</wf>
         <wf lemma="." pos="X">.</wf>
      </sentence>
      <sentence id="d000.s863" source="wordnet-japanese">
         <instance id="d000.s863.t000" lemma="不安定" pos="ADJ">不安定</instance>
         <wf lemma="な" pos="X">な</wf>
         <wf lemma="政局" pos="X">政局</wf>
         <wf lemma="." pos="X">.</wf>
      </sentence>
      <sentence id="d000.s864" source="wordnet-japanese">
         <wf lemma="道" pos="X">道</wf>
         <wf lemma="の" pos="X">の</wf>
         <instance id="d000.s864.t000" lemma="普通" pos="ADJ">普通</instance>
         <wf lemma="（" pos="X">（</wf>
         <wf lemma="または" pos="X">または</wf>
         <wf lemma="一般" pos="X">一般</wf>
         <wf lemma="の" pos="X">の</wf>
         <wf lemma="）" pos="X">）</wf>
         <wf lemma="の" pos="X">の</wf>
         <wf lemma="人" pos="X">人</wf>
         <wf lemma="." pos="X">.</wf>
      </sentence>
      <sentence id="d000.s865" source="wordnet-japanese">
         <instance id="d000.s865.t000" lemma="静か" pos="ADJ">静か</instance>
         <wf lemma="な" pos="X">な</wf>
         <wf lemma="叱責" pos="X">叱責</wf>
         <wf lemma="." pos="X">.</wf>
      </sentence>
      <sentence id="d000.s866" source="wordnet-japanese">
         <wf lemma="ひびの" pos="X">ひびの</wf>
         <wf lemma="は" pos="X">は</wf>
         <wf lemma="いった" pos="X">いった</wf>
         <wf lemma="鐘" pos="X">鐘</wf>
         <wf lemma="の" pos="X">の</wf>
         <wf lemma="鈍い" pos="X">鈍い</wf>
         <instance id="d000.s866.t000" lemma="音色" pos="NOUN">音色</instance>
         <wf lemma="を" pos="X">を</wf>
         <wf lemma="聴き" pos="X">聴き</wf>
         <wf lemma="に" pos="X">に</wf>
         <wf lemma="彼ら" pos="X">彼ら</wf>
         <wf lemma="は" pos="X">は</wf>
         <wf lemma="集まっ" pos="X">集まっ</wf>
         <wf lemma="た" pos="X">た</wf>
         <wf lemma="." pos="X">.</wf>
      </sentence>
      <sentence id="d000.s867" source="wordnet-japanese">
         <wf lemma="私" pos="X">私</wf>
         <wf lemma="は" pos="X">は</wf>
         <wf lemma="その" pos="X">その</wf>
         <wf lemma="新しい" pos="X">新しい</wf>
         <wf lemma="馬" pos="X">馬</wf>
         <wf lemma="に" pos="X">に</wf>
         <wf lemma="100" pos="X">100</wf>
         <wf lemma="ドル" pos="X">ドル</wf>
         <instance id="d000.s867.t000" lemma="賭ける" pos="VERB">賭ける</instance>
         <wf lemma="." pos="X">.</wf>
      </sentence>
      <sentence id="d000.s868" source="wordnet-japanese">
         <wf lemma="電気" pos="X">電気</wf>
         <wf lemma="回路" pos="X">回路</wf>
         <wf lemma="の" pos="X">の</wf>
         <wf lemma="電圧" pos="X">電圧</wf>
         <wf lemma="を" pos="X">を</wf>
         <instance id="d000.s868.t000" lemma="上げる" pos="VERB">上げる</instance>
         <wf lemma="." pos="X">.</wf>
      </sentence>
      <sentence id="d000.s869" source="wordnet-japanese">
         <wf lemma="クルド人" pos="X">クルド人</wf>
         <wf lemma="は" pos="X">は</wf>
         <wf lemma="イラク" pos="X">イラク</wf>
         <wf lemma="北部" pos="X">北部</wf>
         <wf lemma="で" pos="X">で</wf>
         <wf lemma="イラク" pos="X">イラク</wf>
         <wf lemma="軍" pos="X">軍</wf>
         <wf lemma="と" pos="X">と</wf>
         <instance id="d000.s869.t000" lemma="戦う" pos="VERB">戦っ</instance>
         <wf lemma="て" pos="X">て</wf>
         <wf lemma="いる" pos="X">いる</wf>
         <wf lemma="." pos="X">.</wf>
      </sentence>
      <sentence id="d000.s870" source="wordnet-japanese">
         <wf lemma="貪欲" pos="X">貪欲</wf>
         <wf lemma="さ" pos="X">さ</wf>
         <wf lemma="が" pos="X">が</wf>
         <wf lemma="私" pos="X">私</wf>
         <wf lemma="の" pos="X">の</wf>
         <wf lemma="破滅" pos="X">破滅</wf>
         <wf lemma="の" pos="X">の</wf>
         <instance id="d000.s870.t000" lemma="道具" pos="NOUN">道具</instance>
         <wf lemma="だっ" pos="X">だっ</wf>
         <wf lemma="た" pos="X">た</wf>
         <wf lemma="." pos="X">.</wf>
      </sentence>
      <sentence id="d000.s871" source="wordnet-japanese">
         <wf lemma="タンジェリン" pos="X">タンジェリン</wf>
         <wf lemma="は" pos="X">は</wf>
         <wf lemma="1841" pos="X">1841</wf>
         <wf lemma="年" pos="X">年</wf>
         <wf lemma="に" pos="X">に</wf>
         <wf lemma="初めて" pos="X">初めて</wf>
         <instance id="d000.s871.t000" lemma="タンジール" pos="NOUN">タンジール</instance>
         <wf lemma="から" pos="X">から</wf>
         <wf lemma="ヨーロッパ" pos="X">ヨーロッパ</wf>
         <wf lemma="に" pos="X">に</wf>
         <wf lemma="出荷" pos="X">出荷</wf>
         <wf lemma="さ" pos="X">さ</wf>
         <wf lemma="れ" pos="X">れ</wf>
         <wf lemma="た" pos="X">た</wf>
         <wf lemma="." pos="X">.</wf>
      </sentence>
      <sentence id="d000.s872" source="wordnet-japanese">
         <wf lemma="会社" pos="X">会社</wf>
         <wf lemma="を" pos="X">を</wf>
         <wf lemma="訴える" pos="X">訴える</wf>
         <wf lemma="と" pos="X">と</wf>
         <wf lemma="脅かし" pos="X">脅かし</wf>
         <wf lemma="た" pos="X">た</wf>
         <wf lemma="後" pos="X">後</wf>
         <wf lemma="に" pos="X">に</wf>
         <wf lemma="、" pos="X">、</wf>
         <wf lemma="私たち" pos="X">私たち</wf>
         <wf lemma="は" pos="X">は</wf>
         <wf lemma="、" pos="X">、</wf>
         <wf lemma="その" pos="X">その</wf>
         <wf lemma="お" pos="X">お</wf>
         <wf lemma="金" pos="X">金</wf>
         <wf lemma="を" pos="X">を</wf>
         <instance id="d000.s872.t000" lemma="取り戻す" pos="VERB">取り戻し</instance>
         <wf lemma="た" pos="X">た</wf>
         <wf lemma="." pos="X">.</wf>
      </sentence>
      <sentence id="d000.s873" source="wordnet-japanese">
         <instance id="d000.s873.t000" lemma="穏やか" pos="ADJ">穏やか</instance>
         <wf lemma="な" pos="X">な</wf>
         <wf lemma="声" pos="X">声</wf>
         <wf lemma="で" pos="X">で</wf>
         <wf lemma="話し" pos="X">話し</wf>
         <wf lemma="た" pos="X">た</wf>
         <wf lemma="." pos="X">.</wf>
      </sentence>
      <sentence id="d000.s874" source="wordnet-japanese">
         <wf lemma="天気" pos="X">天気</wf>
         <wf lemma="は" pos="X">は</wf>
         <wf lemma="、" pos="X">、</wf>
         <instance id="d000.s874.t000" lemma="おそらく" pos="ADV">おそらく</instance>
         <wf lemma="変わる" pos="X">変わる</wf>
         <wf lemma="かもしれ" pos="X">かもしれ</wf>
         <wf lemma="ない" pos="X">ない</wf>
         <wf lemma="." pos="X">.</wf>
      </sentence>
      <sentence id="d000.s875" source="wordnet-japanese">
         <wf lemma="入国" pos="X">入国</wf>
         <wf lemma="前" pos="X">前</wf>
         <wf lemma="に" pos="X">に</wf>
         <wf lemma="、" pos="X">、</wf>
         <wf lemma="私" pos="X">私</wf>
         <wf lemma="は" pos="X">は</wf>
         <wf lemma="、" pos="X">、</wf>
         <wf lemma="あなた" pos="X">あなた</wf>
         <wf lemma="の" pos="X">の</wf>
         <wf lemma="パスポート" pos="X">パスポート</wf>
         <wf lemma="を" pos="X">を</wf>
         <instance id="d000.s875.t000" lemma="調べる" pos="VERB">調べ</instance>
         <wf lemma="なけれ" pos="X">なけれ</wf>
         <wf lemma="ば" pos="X">ば</wf>
         <wf lemma="いけ" pos="X">いけ</wf>
         <wf lemma="ない" pos="X">ない</wf>
         <wf lemma="." pos="X">.</wf>
      </sentence>
      <sentence id="d000.s876" source="wordnet-japanese">
         <wf lemma="利益" pos="X">利益</wf>
         <wf lemma="の" pos="X">の</wf>
         <wf lemma="ため" pos="X">ため</wf>
         <wf lemma="の" pos="X">の</wf>
         <instance id="d000.s876.t000" lemma="手当" pos="NOUN">手当</instance>
         <wf lemma="." pos="X">.</wf>
      </sentence>
      <sentence id="d000.s877" source="wordnet-japanese">
         <instance id="d000.s877.t000" lemma="ものすごい" pos="ADJ">ものすごい</instance>
         <wf lemma="雑音" pos="X">雑音</wf>
         <wf lemma="." pos="X">.</wf>
      </sentence>
      <sentence id="d000.s878" source="wordnet-japanese">
         <wf lemma="熱湯" pos="X">熱湯</wf>
         <wf lemma="は" pos="X">は</wf>
         <wf lemma="セーター" pos="X">セーター</wf>
         <wf lemma="を" pos="X">を</wf>
         <instance id="d000.s878.t000" lemma="縮める" pos="VERB">縮める</instance>
         <wf lemma="." pos="X">.</wf>
      </sentence>
      <sentence id="d000.s879" source="wordnet-japanese">
         <instance id="d000.s879.t000" lemma="迅速" pos="ADJ">迅速</instance>
         <wf lemma="な" pos="X">な</wf>
         <wf lemma="車" pos="X">車</wf>
         <wf lemma="." pos="X">.</wf>
      </sentence>
      <sentence id="d000.s880" source="wordnet-japanese">
         <wf lemma="親密" pos="X">親密</wf>
         <wf lemma="な" pos="X">な</wf>
         <wf lemma="友人" pos="X">友人</wf>
         <wf lemma="と" pos="X">と</wf>
         <wf lemma="以外" pos="X">以外</wf>
         <wf lemma="は" pos="X">は</wf>
         <wf lemma="一般" pos="X">一般</wf>
         <wf lemma="に" pos="X">に</wf>
         <instance id="d000.s880.t000" lemma="無愛想" pos="ADJ">無愛想</instance>
         <wf lemma="である" pos="X">である</wf>
         <wf lemma="." pos="X">.</wf>
      </sentence>
      <sentence id="d000.s881" source="wordnet-japanese">
         <wf lemma="49" pos="X">49</wf>
         <wf lemma="を" pos="X">を</wf>
         <wf lemma="7" pos="X">7</wf>
         <wf lemma="で" pos="X">で</wf>
         <instance id="d000.s881.t000" lemma="割る" pos="VERB">割る</instance>
         <wf lemma="こと" pos="X">こと</wf>
         <wf lemma="が" pos="X">が</wf>
         <wf lemma="でき" pos="X">でき</wf>
         <wf lemma="ます" pos="X">ます</wf>
         <wf lemma="か" pos="X">か</wf>
         <wf lemma="？" pos="X">？</wf>
         <wf lemma="." pos="X">.</wf>
      </sentence>
      <sentence id="d000.s882" source="wordnet-japanese">
         <wf lemma="睡眠" pos="X">睡眠</wf>
         <wf lemma="不足" pos="X">不足</wf>
         <wf lemma="の" pos="X">の</wf>
         <instance id="d000.s882.t000" lemma="影響" pos="NOUN">影響</instance>
         <wf lemma="." pos="X">.</wf>
      </sentence>
      <sentence id="d000.s883" source="wordnet-japanese">
         <wf lemma="ネクタイ" pos="X">ネクタイ</wf>
         <wf lemma="を" pos="X">を</wf>
         <instance id="d000.s883.t000" lemma="緩める" pos="VERB">緩める</instance>
         <wf lemma="." pos="X">.</wf>
      </sentence>
      <sentence id="d000.s884" source="wordnet-japanese">
         <instance id="d000.s884.t000" lemma="透明" pos="ADJ">透明</instance>
         <wf lemma="ガラス" pos="X">ガラス</wf>
         <wf lemma="." pos="X">.</wf>
      </sentence>
      <sentence id="d000.s885" source="wordnet-japanese">
         <wf lemma="水" pos="X">水</wf>
         <wf lemma="の" pos="X">の</wf>
         <instance id="d000.s885.t000" lemma="壁" pos="NOUN">壁</instance>
         <wf lemma="." pos="X">.</wf>
      </sentence>
      <sentence id="d000.s886" source="wordnet-japanese">
         <wf lemma="自動車" pos="X">自動車</wf>
         <wf lemma="の" pos="X">の</wf>
         <instance id="d000.s886.t000" lemma="タイヤ" pos="NOUN">タイヤ</instance>
         <wf lemma="は" pos="X">は</wf>
         <wf lemma="普通" pos="X">普通</wf>
         <wf lemma="ゴム" pos="X">ゴム</wf>
         <wf lemma="で" pos="X">で</wf>
         <wf lemma="でき" pos="X">でき</wf>
         <wf lemma="て" pos="X">て</wf>
         <wf lemma="い" pos="X">い</wf>
         <wf lemma="て" pos="X">て</wf>
         <wf lemma="圧縮" pos="X">圧縮</wf>
         <wf lemma="空気" pos="X">空気</wf>
         <wf lemma="が" pos="X">が</wf>
         <wf lemma="入っ" pos="X">入っ</wf>
         <wf lemma="て" pos="X">て</wf>
         <wf lemma="いる" pos="X">いる</wf>
         <wf lemma="." pos="X">.</wf>
      </sentence>
      <sentence id="d000.s887" source="wordnet-japanese">
         <wf lemma="すべて" pos="X">すべて</wf>
         <wf lemma="の" pos="X">の</wf>
         <wf lemma="国家" pos="X">国家</wf>
         <wf lemma="は" pos="X">は</wf>
         <wf lemma="国連" pos="X">国連</wf>
         <wf lemma="の" pos="X">の</wf>
         <wf lemma="前" pos="X">前</wf>
         <wf lemma="に" pos="X">に</wf>
         <wf lemma="国旗" pos="X">国旗</wf>
         <wf lemma="を" pos="X">を</wf>
         <instance id="d000.s887.t000" lemma="掲げる" pos="VERB">掲げる</instance>
         <wf lemma="." pos="X">.</wf>
      </sentence>
      <sentence id="d000.s888" source="wordnet-japanese">
         <wf lemma="法律" pos="X">法律</wf>
         <wf lemma="は" pos="X">は</wf>
         <wf lemma="、" pos="X">、</wf>
         <wf lemma="すぐ" pos="X">すぐ</wf>
         <wf lemma="に" pos="X">に</wf>
         <instance id="d000.s888.t000" lemma="有効" pos="ADJ">有効</instance>
         <wf lemma="で" pos="X">で</wf>
         <wf lemma="ある" pos="X">ある</wf>
         <wf lemma="." pos="X">.</wf>
      </sentence>
      <sentence id="d000.s889" source="wordnet-japanese">
         <wf lemma="この" pos="X">この</wf>
         <wf lemma="件" pos="X">件</wf>
         <wf lemma="に関して" pos="X">に関して</wf>
         <instance id="d000.s889.t000" lemma="進歩的" pos="ADJ">進歩的</instance>
         <wf lemma="な" pos="X">な</wf>
         <wf lemma="見解" pos="X">見解</wf>
         <wf lemma="を" pos="X">を</wf>
         <wf lemma="持っ" pos="X">持っ</wf>
         <wf lemma="た" pos="X">た</wf>
         <wf lemma="." pos="X">.</wf>
      </sentence>
      <sentence id="d000.s890" source="wordnet-japanese">
         <instance id="d000.s890.t000" lemma="甲高い" pos="ADJ">甲高い</instance>
         <wf lemma="ホイッスル" pos="X">ホイッスル</wf>
         <wf lemma="." pos="X">.</wf>
      </sentence>
      <sentence id="d000.s891" source="wordnet-japanese">
         <instance id="d000.s891.t000" lemma="サイケデリック" pos="ADJ">サイケデリック</instance>
         <wf lemma="な" pos="X">な</wf>
         <wf lemma="絵" pos="X">絵</wf>
         <wf lemma="." pos="X">.</wf>
      </sentence>
      <sentence id="d000.s892" source="wordnet-japanese">
         <wf lemma="彼ら" pos="X">彼ら</wf>
         <wf lemma="は" pos="X">は</wf>
         <wf lemma="パリ" pos="X">パリ</wf>
         <wf lemma="の" pos="X">の</wf>
         <instance id="d000.s892.t000" lemma="滞在" pos="NOUN">滞在</instance>
         <wf lemma="を" pos="X">を</wf>
         <wf lemma="楽しん" pos="X">楽しん</wf>
         <wf lemma="だ" pos="X">だ</wf>
         <wf lemma="." pos="X">.</wf>
      </sentence>
      <sentence id="d000.s893" source="wordnet-japanese">
         <wf lemma="ケージャン" pos="X">ケージャン</wf>
         <wf lemma="料理" pos="X">料理</wf>
         <wf lemma="の" pos="X">の</wf>
         <instance id="d000.s893.t000" lemma="秘密" pos="NOUN">秘密</instance>
         <wf lemma="." pos="X">.</wf>
      </sentence>
      <sentence id="d000.s894" source="wordnet-japanese">
         <wf lemma="彼女" pos="X">彼女</wf>
         <wf lemma="は" pos="X">は</wf>
         <wf lemma="、" pos="X">、</wf>
         <instance id="d000.s894.t000" lemma="遅い" pos="ADV">遅く</instance>
         <wf lemma="結婚" pos="X">結婚</wf>
         <wf lemma="し" pos="X">し</wf>
         <wf lemma="た" pos="X">た</wf>
         <wf lemma="." pos="X">.</wf>
      </sentence>
      <sentence id="d000.s895" source="wordnet-japanese">
         <wf lemma="その" pos="X">その</wf>
         <instance id="d000.s895.t000" lemma="パス" pos="NOUN">パス</instance>
         <wf lemma="は" pos="X">は</wf>
         <wf lemma="ファンブル" pos="X">ファンブル</wf>
         <wf lemma="さ" pos="X">さ</wf>
         <wf lemma="れ" pos="X">れ</wf>
         <wf lemma="た" pos="X">た</wf>
         <wf lemma="." pos="X">.</wf>
      </sentence>
      <sentence id="d000.s896" source="wordnet-japanese">
         <instance id="d000.s896.t000" lemma="ドル" pos="NOUN">ドル</instance>
         <wf lemma="硬貨" pos="X">硬貨</wf>
         <wf lemma="は" pos="X">は</wf>
         <wf lemma="いまま" pos="X">いまま</wf>
         <wf lemma="で" pos="X">で</wf>
         <wf lemma="決し" pos="X">決し</wf>
         <wf lemma="て" pos="X">て</wf>
         <wf lemma="米国" pos="X">米国</wf>
         <wf lemma="で" pos="X">で</wf>
         <wf lemma="普及" pos="X">普及</wf>
         <wf lemma="し" pos="X">し</wf>
         <wf lemma="て" pos="X">て</wf>
         <wf lemma="い" pos="X">い</wf>
         <wf lemma="ない" pos="X">ない</wf>
         <wf lemma="." pos="X">.</wf>
      </sentence>
      <sentence id="d000.s897" source="wordnet-japanese">
         <instance id="d000.s897.t000" lemma="暖かい" pos="ADJ">暖かい</instance>
         <wf lemma="部屋" pos="X">部屋</wf>
         <wf lemma="." pos="X">.</wf>
      </sentence>
      <sentence id="d000.s898" source="wordnet-japanese">
         <wf lemma="あなた" pos="X">あなた</wf>
         <wf lemma="に" pos="X">に</wf>
         <instance id="d000.s898.t000" lemma="仕える" pos="VERB">仕え</instance>
         <wf lemma="て" pos="X">て</wf>
         <wf lemma="も" pos="X">も</wf>
         <wf lemma="よろしいです" pos="X">よろしいです</wf>
         <wf lemma="か" pos="X">か</wf>
         <wf lemma="？" pos="X">？</wf>
         <wf lemma="." pos="X">.</wf>
      </sentence>
      <sentence id="d000.s899" source="wordnet-japanese">
         <wf lemma="彼女" pos="X">彼女</wf>
         <wf lemma="の" pos="X">の</wf>
         <wf lemma="手" pos="X">手</wf>
         <wf lemma="の" pos="X">の</wf>
         <instance id="d000.s899.t000" lemma="優しい" pos="ADJ">優しい</instance>
         <wf lemma="感触" pos="X">感触</wf>
         <wf lemma="." pos="X">.</wf>
      </sentence>
      <sentence id="d000.s900" source="wordnet-japanese">
         <wf lemma="暗がり" pos="X">暗がり</wf>
         <wf lemma="の" pos="X">の</wf>
         <instance id="d000.s900.t000" lemma="不明瞭" pos="ADJ">不明瞭</instance>
         <wf lemma="な" pos="X">な</wf>
         <wf lemma="形" pos="X">形</wf>
         <wf lemma="." pos="X">.</wf>
      </sentence>
      <sentence id="d000.s901" source="wordnet-japanese">
         <wf lemma="ワックス" pos="X">ワックス</wf>
         <wf lemma="は" pos="X">は</wf>
         <wf lemma="太陽" pos="X">太陽</wf>
         <wf lemma="で" pos="X">で</wf>
         <instance id="d000.s901.t000" lemma="溶ける" pos="VERB">溶け</instance>
         <wf lemma="た" pos="X">た</wf>
         <wf lemma="." pos="X">.</wf>
      </sentence>
      <sentence id="d000.s902" source="wordnet-japanese">
         <wf lemma="学生" pos="X">学生</wf>
         <wf lemma="は" pos="X">は</wf>
         <wf lemma="、" pos="X">、</wf>
         <instance id="d000.s902.t000" lemma="不敬" pos="ADV">不敬</instance>
         <wf lemma="に" pos="X">に</wf>
         <wf lemma="も" pos="X">も</wf>
         <wf lemma="彼" pos="X">彼</wf>
         <wf lemma="の" pos="X">の</wf>
         <wf lemma="面前" pos="X">面前</wf>
         <wf lemma="で" pos="X">で</wf>
         <wf lemma="教師" pos="X">教師</wf>
         <wf lemma="を" pos="X">を</wf>
         <wf lemma="模倣" pos="X">模倣</wf>
         <wf lemma="し" pos="X">し</wf>
         <wf lemma="た" pos="X">た</wf>
         <wf lemma="." pos="X">.</wf>
      </sentence>
      <sentence id="d000.s903" source="wordnet-japanese">
         <wf lemma="言論" pos="X">言論</wf>
         <wf lemma="の" pos="X">の</wf>
         <wf lemma="自由" pos="X">自由</wf>
         <wf lemma="の" pos="X">の</wf>
         <instance id="d000.s903.t000" lemma="忠実" pos="ADJ">忠実</instance>
         <wf lemma="な" pos="X">な</wf>
         <wf lemma="擁護者" pos="X">擁護者</wf>
         <wf lemma="." pos="X">.</wf>
      </sentence>
      <sentence id="d000.s904" source="wordnet-japanese">
         <wf lemma="マンデラ" pos="X">マンデラ</wf>
         <wf lemma="は" pos="X">は</wf>
         <wf lemma="、" pos="X">、</wf>
         <wf lemma="獄中" pos="X">獄中</wf>
         <wf lemma="ほとんど" pos="X">ほとんど</wf>
         <wf lemma="面会" pos="X">面会</wf>
         <wf lemma="を" pos="X">を</wf>
         <instance id="d000.s904.t000" lemma="許す" pos="VERB">許さ</instance>
         <wf lemma="れ" pos="X">れ</wf>
         <wf lemma="なかっ" pos="X">なかっ</wf>
         <wf lemma="た" pos="X">た</wf>
         <wf lemma="." pos="X">.</wf>
      </sentence>
      <sentence id="d000.s905" source="wordnet-japanese">
         <wf lemma="彼女" pos="X">彼女</wf>
         <wf lemma="の" pos="X">の</wf>
         <wf lemma="存在" pos="X">存在</wf>
         <wf lemma="は" pos="X">は</wf>
         <wf lemma="会社" pos="X">会社</wf>
         <wf lemma="に" pos="X">に</wf>
         <wf lemma="名声" pos="X">名声</wf>
         <wf lemma="を" pos="X">を</wf>
         <instance id="d000.s905.t000" lemma="与える" pos="VERB">与える</instance>
         <wf lemma="." pos="X">.</wf>
      </sentence>
      <sentence id="d000.s906" source="wordnet-japanese">
         <wf lemma="学生" pos="X">学生</wf>
         <wf lemma="は" pos="X">は</wf>
         <wf lemma="ノート" pos="X">ノート</wf>
         <wf lemma="を" pos="X">を</wf>
         <instance id="d000.s906.t000" lemma="片づける" pos="VERB">片づける</instance>
         <wf lemma="." pos="X">.</wf>
      </sentence>
      <sentence id="d000.s907" source="wordnet-japanese">
         <wf lemma="何" pos="X">何</wf>
         <wf lemma="が" pos="X">が</wf>
         <instance id="d000.s907.t000" lemma="起こる" pos="VERB">起こっ</instance>
         <wf lemma="て" pos="X">て</wf>
         <wf lemma="いる" pos="X">いる</wf>
         <wf lemma="か" pos="X">か</wf>
         <wf lemma="." pos="X">.</wf>
      </sentence>
      <sentence id="d000.s908" source="wordnet-japanese">
         <wf lemma="彼" pos="X">彼</wf>
         <wf lemma="は" pos="X">は</wf>
         <wf lemma="スタート" pos="X">スタート</wf>
         <wf lemma="の" pos="X">の</wf>
         <instance id="d000.s908.t000" lemma="合図" pos="NOUN">合図</instance>
         <wf lemma="を" pos="X">を</wf>
         <wf lemma="待っ" pos="X">待っ</wf>
         <wf lemma="た" pos="X">た</wf>
         <wf lemma="." pos="X">.</wf>
      </sentence>
      <sentence id="d000.s909" source="wordnet-japanese">
         <instance id="d000.s909.t000" lemma="スプリング" pos="NOUN">スプリング</instance>
         <wf lemma="は" pos="X">は</wf>
         <wf lemma="壊れ" pos="X">壊れ</wf>
         <wf lemma="て" pos="X">て</wf>
         <wf lemma="い" pos="X">い</wf>
         <wf lemma="た" pos="X">た</wf>
         <wf lemma="." pos="X">.</wf>
      </sentence>
      <sentence id="d000.s910" source="wordnet-japanese">
         <instance id="d000.s910.t000" lemma="厳密" pos="ADJ">厳密</instance>
         <wf lemma="に" pos="X">に</wf>
         <wf lemma="物" pos="X">物</wf>
         <wf lemma="を" pos="X">を</wf>
         <wf lemma="考える" pos="X">考える</wf>
         <wf lemma="頭" pos="X">頭</wf>
         <wf lemma="." pos="X">.</wf>
      </sentence>
      <sentence id="d000.s911" source="wordnet-japanese">
         <wf lemma="彼" pos="X">彼</wf>
         <wf lemma="の" pos="X">の</wf>
         <wf lemma="目的" pos="X">目的</wf>
         <wf lemma="は" pos="X">は</wf>
         <wf lemma="横柄" pos="X">横柄</wf>
         <wf lemma="な" pos="X">な</wf>
         <wf lemma="態度" pos="X">態度</wf>
         <wf lemma="の" pos="X">の</wf>
         <instance id="d000.s911.t000" lemma="抑圧" pos="NOUN">抑圧</instance>
         <wf lemma="だっ" pos="X">だっ</wf>
         <wf lemma="た" pos="X">た</wf>
         <wf lemma="." pos="X">.</wf>
      </sentence>
      <sentence id="d000.s912" source="wordnet-japanese">
         <wf lemma="ジャズ" pos="X">ジャズ</wf>
         <wf lemma="・" pos="X">・</wf>
         <wf lemma="クラシック" pos="X">クラシック</wf>
         <wf lemma="の" pos="X">の</wf>
         <instance id="d000.s912.t000" lemma="クロスオーバー" pos="NOUN">クロスオーバー</instance>
         <wf lemma="・" pos="X">・</wf>
         <wf lemma="アルバム" pos="X">アルバム</wf>
         <wf lemma="." pos="X">.</wf>
      </sentence>
      <sentence id="d000.s913" source="wordnet-japanese">
         <wf lemma="彼" pos="X">彼</wf>
         <wf lemma="は" pos="X">は</wf>
         <instance id="d000.s913.t000" lemma="来客" pos="NOUN">来客</instance>
         <wf lemma="が" pos="X">が</wf>
         <wf lemma="ある" pos="X">ある</wf>
         <wf lemma="と" pos="X">と</wf>
         <wf lemma="思わ" pos="X">思わ</wf>
         <wf lemma="なかっ" pos="X">なかっ</wf>
         <wf lemma="た" pos="X">た</wf>
         <wf lemma="ので" pos="X">ので</wf>
         <wf lemma="、" pos="X">、</wf>
         <wf lemma="部屋" pos="X">部屋</wf>
         <wf lemma="は" pos="X">は</wf>
         <wf lemma="散らかっ" pos="X">散らかっ</wf>
         <wf lemma="て" pos="X">て</wf>
         <wf lemma="い" pos="X">い</wf>
         <wf lemma="た" pos="X">た</wf>
         <wf lemma="." pos="X">.</wf>
      </sentence>
      <sentence id="d000.s914" source="wordnet-japanese">
         <wf lemma="社会" pos="X">社会</wf>
         <wf lemma="の" pos="X">の</wf>
         <instance id="d000.s914.t000" lemma="有益" pos="ADJ">有益</instance>
         <wf lemma="な" pos="X">な</wf>
         <wf lemma="メンバー" pos="X">メンバー</wf>
         <wf lemma="." pos="X">.</wf>
      </sentence>
      <sentence id="d000.s915" source="wordnet-japanese">
         <wf lemma="両親" pos="X">両親</wf>
         <wf lemma="と" pos="X">と</wf>
         <wf lemma="先生" pos="X">先生</wf>
         <wf lemma="は" pos="X">は</wf>
         <wf lemma="、" pos="X">、</wf>
         <instance id="d000.s915.t000" lemma="同様" pos="ADV">同様</instance>
         <wf lemma="に" pos="X">に</wf>
         <wf lemma="改革" pos="X">改革</wf>
         <wf lemma="を" pos="X">を</wf>
         <wf lemma="要求" pos="X">要求</wf>
         <wf lemma="し" pos="X">し</wf>
         <wf lemma="た" pos="X">た</wf>
         <wf lemma="." pos="X">.</wf>
      </sentence>
      <sentence id="d000.s916" source="wordnet-japanese">
         <wf lemma="関係" pos="X">関係</wf>
         <wf lemma="機関" pos="X">機関</wf>
         <wf lemma="は" pos="X">は</wf>
         <instance id="d000.s916.t000" lemma="高圧的" pos="ADJ">高圧的</instance>
         <wf lemma="で" pos="X">で</wf>
         <wf lemma="ある" pos="X">ある</wf>
         <wf lemma="代わり" pos="X">代わり</wf>
         <wf lemma="に" pos="X">に</wf>
         <wf lemma="指導的" pos="X">指導的</wf>
         <wf lemma="で" pos="X">で</wf>
         <wf lemma="ある" pos="X">ある</wf>
         <wf lemma="." pos="X">.</wf>
      </sentence>
      <sentence id="d000.s917" source="wordnet-japanese">
         <wf lemma="彼ら" pos="X">彼ら</wf>
         <wf lemma="は" pos="X">は</wf>
         <wf lemma="、" pos="X">、</wf>
         <instance id="d000.s917.t000" lemma="違法" pos="ADV">違法</instance>
         <wf lemma="に" pos="X">に</wf>
         <wf lemma="結婚" pos="X">結婚</wf>
         <wf lemma="し" pos="X">し</wf>
         <wf lemma="て" pos="X">て</wf>
         <wf lemma="い" pos="X">い</wf>
         <wf lemma="た" pos="X">た</wf>
         <wf lemma="." pos="X">.</wf>
      </sentence>
      <sentence id="d000.s918" source="wordnet-japanese">
         <wf lemma="君主" pos="X">君主</wf>
         <wf lemma="の" pos="X">の</wf>
         <instance id="d000.s918.t000" lemma="堂々" pos="ADJ">堂々</instance>
         <wf lemma="と" pos="X">と</wf>
         <wf lemma="し" pos="X">し</wf>
         <wf lemma="た" pos="X">た</wf>
         <wf lemma="風采" pos="X">風采</wf>
         <wf lemma="." pos="X">.</wf>
      </sentence>
      <sentence id="d000.s919" source="wordnet-japanese">
         <instance id="d000.s919.t000" lemma="熱い" pos="ADJ">熱い</instance>
         <wf lemma="雄弁" pos="X">雄弁</wf>
         <wf lemma="." pos="X">.</wf>
      </sentence>
      <sentence id="d000.s920" source="wordnet-japanese">
         <instance id="d000.s920.t000" lemma="劇的" pos="ADJ">劇的</instance>
         <wf lemma="な" pos="X">な</wf>
         <wf lemma="日没" pos="X">日没</wf>
         <wf lemma="." pos="X">.</wf>
      </sentence>
      <sentence id="d000.s921" source="wordnet-japanese">
         <wf lemma="私" pos="X">私</wf>
         <wf lemma="は" pos="X">は</wf>
         <wf lemma="、" pos="X">、</wf>
         <wf lemma="これら" pos="X">これら</wf>
         <wf lemma="の" pos="X">の</wf>
         <wf lemma="不愉快" pos="X">不愉快</wf>
         <wf lemma="な" pos="X">な</wf>
         <wf lemma="記憶" pos="X">記憶</wf>
         <wf lemma="を" pos="X">を</wf>
         <instance id="d000.s921.t000" lemma="忘れる" pos="VERB">忘れ</instance>
         <wf lemma="よう" pos="X">よう</wf>
         <wf lemma="と" pos="X">と</wf>
         <wf lemma="試み" pos="X">試み</wf>
         <wf lemma="た" pos="X">た</wf>
         <wf lemma="." pos="X">.</wf>
      </sentence>
      <sentence id="d000.s922" source="wordnet-japanese">
         <wf lemma="ルーズベルト" pos="X">ルーズベルト</wf>
         <wf lemma="と" pos="X">と</wf>
         <wf lemma="チャーチル" pos="X">チャーチル</wf>
         <wf lemma="による" pos="X">による</wf>
         <instance id="d000.s922.t000" lemma="画期的" pos="ADJ">画期的</instance>
         <wf lemma="な" pos="X">な</wf>
         <wf lemma="決定" pos="X">決定</wf>
         <wf lemma="." pos="X">.</wf>
      </sentence>
      <sentence id="d000.s923" source="wordnet-japanese">
         <wf lemma="彼" pos="X">彼</wf>
         <wf lemma="の" pos="X">の</wf>
         <wf lemma="事務所" pos="X">事務所</wf>
         <wf lemma="の" pos="X">の</wf>
         <wf lemma="ほうへ" pos="X">ほうへ</wf>
         <wf lemma="長く" pos="X">長く</wf>
         <instance id="d000.s923.t000" lemma="大事" pos="ADJ">大事</instance>
         <wf lemma="な" pos="X">な</wf>
         <wf lemma="歩" pos="X">歩</wf>
         <wf lemma="を" pos="X">を</wf>
         <wf lemma="進める" pos="X">進める</wf>
         <wf lemma="." pos="X">.</wf>
      </sentence>
      <sentence id="d000.s924" source="wordnet-japanese">
         <instance id="d000.s924.t000" lemma="実情" pos="NOUN">実情</instance>
         <wf lemma="は" pos="X">は</wf>
         <wf lemma="そう" pos="X">そう</wf>
         <wf lemma="で" pos="X">で</wf>
         <wf lemma="は" pos="X">は</wf>
         <wf lemma="ない" pos="X">ない</wf>
         <wf lemma="." pos="X">.</wf>
      </sentence>
      <sentence id="d000.s925" source="wordnet-japanese">
         <wf lemma="翻訳" pos="X">翻訳</wf>
         <wf lemma="で" pos="X">で</wf>
         <wf lemma="の" pos="X">の</wf>
         <wf lemma="構成" pos="X">構成</wf>
         <wf lemma="の" pos="X">の</wf>
         <instance id="d000.s925.t000" lemma="不変性" pos="NOUN">不変性</instance>
         <wf lemma="." pos="X">.</wf>
      </sentence>
      <sentence id="d000.s926" source="wordnet-japanese">
         <wf lemma="私" pos="X">私</wf>
         <wf lemma="は" pos="X">は</wf>
         <wf lemma="恐ろしい" pos="X">恐ろしい</wf>
         <instance id="d000.s926.t000" lemma="幽霊" pos="NOUN">幽霊</instance>
         <wf lemma="の" pos="X">の</wf>
         <wf lemma="出現" pos="X">出現</wf>
         <wf lemma="によって" pos="X">によって</wf>
         <wf lemma="現在" pos="X">現在</wf>
         <wf lemma="に" pos="X">に</wf>
         <wf lemma="呼び戻さ" pos="X">呼び戻さ</wf>
         <wf lemma="れ" pos="X">れ</wf>
         <wf lemma="た" pos="X">た</wf>
         <wf lemma="." pos="X">.</wf>
      </sentence>
      <sentence id="d000.s927" source="wordnet-japanese">
         <wf lemma="ウェイトレス" pos="X">ウェイトレス</wf>
         <wf lemma="に" pos="X">に</wf>
         <instance id="d000.s927.t000" lemma="支払う" pos="VERB">支払っ</instance>
         <wf lemma="て" pos="X">て</wf>
         <wf lemma="ください" pos="X">ください</wf>
         <wf lemma="." pos="X">.</wf>
      </sentence>
      <sentence id="d000.s928" source="wordnet-japanese">
         <wf lemma="クジラ" pos="X">クジラ</wf>
         <wf lemma="は" pos="X">は</wf>
         <wf lemma="何" pos="X">何</wf>
         <wf lemma="を" pos="X">を</wf>
         <instance id="d000.s928.t000" lemma="食べる" pos="VERB">食べ</instance>
         <wf lemma="ます" pos="X">ます</wf>
         <wf lemma="か" pos="X">か</wf>
         <wf lemma="？" pos="X">？</wf>
         <wf lemma="." pos="X">.</wf>
      </sentence>
      <sentence id="d000.s929" source="wordnet-japanese">
         <wf lemma="この" pos="X">この</wf>
         <wf lemma="患者" pos="X">患者</wf>
         <wf lemma="は" pos="X">は</wf>
         <wf lemma="その" pos="X">その</wf>
         <wf lemma="シンドローム" pos="X">シンドローム</wf>
         <wf lemma="の" pos="X">の</wf>
         <wf lemma="典型的" pos="X">典型的</wf>
         <wf lemma="な" pos="X">な</wf>
         <instance id="d000.s929.t000" lemma="例" pos="NOUN">例</instance>
         <wf lemma="を" pos="X">を</wf>
         <wf lemma="示し" pos="X">示し</wf>
         <wf lemma="て" pos="X">て</wf>
         <wf lemma="いる" pos="X">いる</wf>
         <wf lemma="." pos="X">.</wf>
      </sentence>
      <sentence id="d000.s930" source="wordnet-japanese">
         <wf lemma="彼女" pos="X">彼女</wf>
         <wf lemma="の" pos="X">の</wf>
         <wf lemma="馬鹿" pos="X">馬鹿</wf>
         <wf lemma="で" pos="X">で</wf>
         <instance id="d000.s930.t000" lemma="無骨" pos="ADJ">無骨</instance>
         <wf lemma="な" pos="X">な</wf>
         <wf lemma="夫" pos="X">夫</wf>
         <wf lemma="." pos="X">.</wf>
      </sentence>
      <sentence id="d000.s931" source="wordnet-japanese">
         <wf lemma="彼ら" pos="X">彼ら</wf>
         <wf lemma="は" pos="X">は</wf>
         <instance id="d000.s931.t000" lemma="宇宙" pos="NOUN">宇宙</instance>
         <wf lemma="の" pos="X">の</wf>
         <wf lemma="進化" pos="X">進化</wf>
         <wf lemma="を" pos="X">を</wf>
         <wf lemma="研究" pos="X">研究</wf>
         <wf lemma="し" pos="X">し</wf>
         <wf lemma="て" pos="X">て</wf>
         <wf lemma="いる" pos="X">いる</wf>
         <wf lemma="." pos="X">.</wf>
      </sentence>
      <sentence id="d000.s932" source="wordnet-japanese">
         <wf lemma="名前" pos="X">名前</wf>
         <wf lemma="を" pos="X">を</wf>
         <instance id="d000.s932.t000" lemma="口走る" pos="VERB">口走る</instance>
         <wf lemma="." pos="X">.</wf>
      </sentence>
      <sentence id="d000.s933" source="wordnet-japanese">
         <wf lemma="これら" pos="X">これら</wf>
         <wf lemma="の" pos="X">の</wf>
         <wf lemma="錠剤" pos="X">錠剤</wf>
         <wf lemma="は" pos="X">は</wf>
         <wf lemma="患者" pos="X">患者</wf>
         <wf lemma="を" pos="X">を</wf>
         <instance id="d000.s933.t000" lemma="助ける" pos="VERB">助ける</instance>
         <wf lemma="だろ" pos="X">だろ</wf>
         <wf lemma="う" pos="X">う</wf>
         <wf lemma="." pos="X">.</wf>
      </sentence>
      <sentence id="d000.s934" source="wordnet-japanese">
         <wf lemma="彼" pos="X">彼</wf>
         <wf lemma="は" pos="X">は</wf>
         <wf lemma="うなり" pos="X">うなり</wf>
         <wf lemma="声" pos="X">声</wf>
         <wf lemma="で" pos="X">で</wf>
         <instance id="d000.s934.t000" lemma="返事" pos="NOUN">返事</instance>
         <wf lemma="を" pos="X">を</wf>
         <wf lemma="し" pos="X">し</wf>
         <wf lemma="た" pos="X">た</wf>
         <wf lemma="." pos="X">.</wf>
      </sentence>
      <sentence id="d000.s935" source="wordnet-japanese">
         <wf lemma="市" pos="X">市</wf>
         <wf lemma="の" pos="X">の</wf>
         <instance id="d000.s935.t000" lemma="長老" pos="NOUN">長老</instance>
         <wf lemma="たち" pos="X">たち</wf>
         <wf lemma="は" pos="X">は</wf>
         <wf lemma="その" pos="X">その</wf>
         <wf lemma="申し出" pos="X">申し出</wf>
         <wf lemma="を" pos="X">を</wf>
         <wf lemma="支持" pos="X">支持</wf>
         <wf lemma="し" pos="X">し</wf>
         <wf lemma="た" pos="X">た</wf>
         <wf lemma="." pos="X">.</wf>
      </sentence>
      <sentence id="d000.s936" source="wordnet-japanese">
         <instance id="d000.s936.t000" lemma="奔放" pos="ADJ">奔放</instance>
         <wf lemma="な" pos="X">な</wf>
         <wf lemma="横溢" pos="X">横溢</wf>
         <wf lemma="." pos="X">.</wf>
      </sentence>
      <sentence id="d000.s937" source="wordnet-japanese">
         <instance id="d000.s937.t000" lemma="未解決" pos="ADJ">未解決</instance>
         <wf lemma="の" pos="X">の</wf>
         <wf lemma="問題" pos="X">問題</wf>
         <wf lemma="." pos="X">.</wf>
      </sentence>
      <sentence id="d000.s938" source="wordnet-japanese">
         <instance id="d000.s938.t000" lemma="熱い" pos="ADJ">熱い</instance>
         <wf lemma="8月" pos="X">8月</wf>
         <wf lemma="の" pos="X">の</wf>
         <wf lemma="日" pos="X">日</wf>
         <wf lemma="." pos="X">.</wf>
      </sentence>
      <sentence id="d000.s939" source="wordnet-japanese">
         <wf lemma="彼" pos="X">彼</wf>
         <wf lemma="は" pos="X">は</wf>
         <wf lemma="靴" pos="X">靴</wf>
         <wf lemma="の" pos="X">の</wf>
         <instance id="d000.s939.t000" lemma="片方" pos="NOUN">片方</instance>
         <wf lemma="を" pos="X">を</wf>
         <wf lemma="失く" pos="X">失く</wf>
         <wf lemma="し" pos="X">し</wf>
         <wf lemma="た" pos="X">た</wf>
         <wf lemma="." pos="X">.</wf>
      </sentence>
      <sentence id="d000.s940" source="wordnet-japanese">
         <instance id="d000.s940.t000" lemma="不正" pos="ADJ">不正</instance>
         <wf lemma="行為" pos="X">行為</wf>
         <wf lemma="する" pos="X">する</wf>
         <wf lemma="の" pos="X">の</wf>
         <wf lemma="は" pos="X">は</wf>
         <wf lemma="間違っ" pos="X">間違っ</wf>
         <wf lemma="て" pos="X">て</wf>
         <wf lemma="いる" pos="X">いる</wf>
         <wf lemma="." pos="X">.</wf>
      </sentence>
      <sentence id="d000.s941" source="wordnet-japanese">
         <wf lemma="南部" pos="X">南部</wf>
         <wf lemma="諸州" pos="X">諸州</wf>
         <wf lemma="ほど" pos="X">ほど</wf>
         <wf lemma="熱心" pos="X">熱心</wf>
         <wf lemma="な" pos="X">な</wf>
         <instance id="d000.s941.t000" lemma="地区" pos="NOUN">地区</instance>
         <wf lemma="は" pos="X">は</wf>
         <wf lemma="ない" pos="X">ない</wf>
         <wf lemma="." pos="X">.</wf>
      </sentence>
      <sentence id="d000.s942" source="wordnet-japanese">
         <wf lemma="細菌学的" pos="X">細菌学的</wf>
         <wf lemma="分析" pos="X">分析</wf>
         <wf lemma="から" pos="X">から</wf>
         <wf lemma="の" pos="X">の</wf>
         <wf lemma="証拠" pos="X">証拠</wf>
         <wf lemma="は" pos="X">は</wf>
         <instance id="d000.s942.t000" lemma="あいまい" pos="ADJ">あいまい</instance>
         <wf lemma="だっ" pos="X">だっ</wf>
         <wf lemma="た" pos="X">た</wf>
         <wf lemma="." pos="X">.</wf>
      </sentence>
      <sentence id="d000.s943" source="wordnet-japanese">
         <wf lemma="私" pos="X">私</wf>
         <wf lemma="は" pos="X">は</wf>
         <wf lemma="彼女" pos="X">彼女</wf>
         <wf lemma="に" pos="X">に</wf>
         <wf lemma="は" pos="X">は</wf>
         <wf lemma="2" pos="X">2</wf>
         <wf lemma="人" pos="X">人</wf>
         <wf lemma="の" pos="X">の</wf>
         <wf lemma="成長" pos="X">成長</wf>
         <wf lemma="し" pos="X">し</wf>
         <wf lemma="た" pos="X">た</wf>
         <wf lemma="子供" pos="X">子供</wf>
         <wf lemma="たち" pos="X">たち</wf>
         <wf lemma="が" pos="X">が</wf>
         <wf lemma="いる" pos="X">いる</wf>
         <wf lemma="という" pos="X">という</wf>
         <wf lemma="こと" pos="X">こと</wf>
         <wf lemma="を" pos="X">を</wf>
         <instance id="d000.s943.t000" lemma="知る" pos="VERB">知っ</instance>
         <wf lemma="た" pos="X">た</wf>
         <wf lemma="." pos="X">.</wf>
      </sentence>
      <sentence id="d000.s944" source="wordnet-japanese">
         <wf lemma="フライト" pos="X">フライト</wf>
         <wf lemma="は" pos="X">は</wf>
         <instance id="d000.s944.t000" lemma="飛行機" pos="NOUN">飛行機</instance>
         <wf lemma="の" pos="X">の</wf>
         <wf lemma="トラブル" pos="X">トラブル</wf>
         <wf lemma="の" pos="X">の</wf>
         <wf lemma="せい" pos="X">せい</wf>
         <wf lemma="で" pos="X">で</wf>
         <wf lemma="遅れ" pos="X">遅れ</wf>
         <wf lemma="た" pos="X">た</wf>
         <wf lemma="." pos="X">.</wf>
      </sentence>
      <sentence id="d000.s945" source="wordnet-japanese">
         <instance id="d000.s945.t000" lemma="無味乾燥" pos="ADJ">無味乾燥</instance>
         <wf lemma="な本" pos="X">な本</wf>
         <wf lemma="." pos="X">.</wf>
      </sentence>
      <sentence id="d000.s946" source="wordnet-japanese">
         <instance id="d000.s946.t000" lemma="無関心" pos="ADJ">無関心</instance>
         <wf lemma="な" pos="X">な</wf>
         <wf lemma="見物人" pos="X">見物人</wf>
         <wf lemma="." pos="X">.</wf>
      </sentence>
      <sentence id="d000.s947" source="wordnet-japanese">
         <wf lemma="意識" pos="X">意識</wf>
         <wf lemma="の" pos="X">の</wf>
         <instance id="d000.s947.t000" lemma="流れ" pos="NOUN">流れ</instance>
         <wf lemma="." pos="X">.</wf>
      </sentence>
      <sentence id="d000.s948" source="wordnet-japanese">
         <instance id="d000.s948.t000" lemma="珍しい" pos="ADJ">珍しい</instance>
         <wf lemma="情報" pos="X">情報</wf>
         <wf lemma="." pos="X">.</wf>
      </sentence>
      <sentence id="d000.s949" source="wordnet-japanese">
         <instance id="d000.s949.t000" lemma="薄い" pos="ADJ">薄い</instance>
         <wf lemma="お茶" pos="X">お茶</wf>
         <wf lemma="." pos="X">.</wf>
      </sentence>
      <sentence id="d000.s950" source="wordnet-japanese">
         <wf lemma="彼" pos="X">彼</wf>
         <wf lemma="は" pos="X">は</wf>
         <wf lemma="血" pos="X">血</wf>
         <wf lemma="を" pos="X">を</wf>
         <wf lemma="止める" pos="X">止める</wf>
         <wf lemma="ため" pos="X">ため</wf>
         <wf lemma="に" pos="X">に</wf>
         <instance id="d000.s950.t000" lemma="圧迫" pos="NOUN">圧迫</instance>
         <wf lemma="し" pos="X">し</wf>
         <wf lemma="た" pos="X">た</wf>
         <wf lemma="." pos="X">.</wf>
      </sentence>
      <sentence id="d000.s951" source="wordnet-japanese">
         <wf lemma="あなた" pos="X">あなた</wf>
         <wf lemma="宛の" pos="X">宛の</wf>
         <instance id="d000.s951.t000" lemma="郵便物" pos="NOUN">郵便物</instance>
         <wf lemma="が" pos="X">が</wf>
         <wf lemma="テーブル" pos="X">テーブル</wf>
         <wf lemma="の" pos="X">の</wf>
         <wf lemma="上" pos="X">上</wf>
         <wf lemma="に" pos="X">に</wf>
         <wf lemma="ある" pos="X">ある</wf>
         <wf lemma="." pos="X">.</wf>
      </sentence>
      <sentence id="d000.s952" source="wordnet-japanese">
         <wf lemma="株主" pos="X">株主</wf>
         <wf lemma="は" pos="X">は</wf>
         <wf lemma="会社" pos="X">会社</wf>
         <wf lemma="に" pos="X">に</wf>
         <wf lemma="彼ら" pos="X">彼ら</wf>
         <wf lemma="の" pos="X">の</wf>
         <wf lemma="投資" pos="X">投資</wf>
         <wf lemma="で" pos="X">で</wf>
         <instance id="d000.s952.t000" lemma="椅子取り" pos="NOUN">椅子取り</instance>
         <wf lemma="ゲーム" pos="X">ゲーム</wf>
         <wf lemma="を" pos="X">を</wf>
         <wf lemma="し" pos="X">し</wf>
         <wf lemma="て" pos="X">て</wf>
         <wf lemma="遊ん" pos="X">遊ん</wf>
         <wf lemma="で" pos="X">で</wf>
         <wf lemma="ほしく" pos="X">ほしく</wf>
         <wf lemma="ない" pos="X">ない</wf>
         <wf lemma="." pos="X">.</wf>
      </sentence>
      <sentence id="d000.s953" source="wordnet-japanese">
         <wf lemma="この" pos="X">この</wf>
         <wf lemma="食卓" pos="X">食卓</wf>
         <wf lemma="の" pos="X">の</wf>
         <wf lemma="脚" pos="X">脚</wf>
         <wf lemma="を" pos="X">を</wf>
         <instance id="d000.s953.t000" lemma="伸ばす" pos="VERB">伸ばす</instance>
         <wf lemma="こと" pos="X">こと</wf>
         <wf lemma="は" pos="X">は</wf>
         <wf lemma="でき" pos="X">でき</wf>
         <wf lemma="ます" pos="X">ます</wf>
         <wf lemma="か" pos="X">か</wf>
         <wf lemma="？" pos="X">？</wf>
         <wf lemma="." pos="X">.</wf>
      </sentence>
      <sentence id="d000.s954" source="wordnet-japanese">
         <wf lemma="マルクス" pos="X">マルクス</wf>
         <wf lemma="の" pos="X">の</wf>
         <wf lemma="考え" pos="X">考え</wf>
         <wf lemma="は" pos="X">は</wf>
         <wf lemma="、" pos="X">、</wf>
         <wf lemma="ラテン" pos="X">ラテン</wf>
         <wf lemma="アメリカ" pos="X">アメリカ</wf>
         <wf lemma="の" pos="X">の</wf>
         <wf lemma="多く" pos="X">多く</wf>
         <wf lemma="の" pos="X">の</wf>
         <wf lemma="場所" pos="X">場所</wf>
         <wf lemma="で" pos="X">で</wf>
         <instance id="d000.s954.t000" lemma="沸き立つ" pos="VERB">沸き立っ</instance>
         <wf lemma="た" pos="X">た</wf>
         <wf lemma="." pos="X">.</wf>
      </sentence>
      <sentence id="d000.s955" source="wordnet-japanese">
         <wf lemma="警察" pos="X">警察</wf>
         <wf lemma="は" pos="X">は</wf>
         <wf lemma="犯罪" pos="X">犯罪</wf>
         <wf lemma="の" pos="X">の</wf>
         <instance id="d000.s955.t000" lemma="現場" pos="NOUN">現場</instance>
         <wf lemma="に" pos="X">に</wf>
         <wf lemma="戻っ" pos="X">戻っ</wf>
         <wf lemma="た" pos="X">た</wf>
         <wf lemma="." pos="X">.</wf>
      </sentence>
      <sentence id="d000.s956" source="wordnet-japanese">
         <wf lemma="パートナー" pos="X">パートナー</wf>
         <wf lemma="は" pos="X">は</wf>
         <wf lemma="彼ら" pos="X">彼ら</wf>
         <wf lemma="の" pos="X">の</wf>
         <wf lemma="仕事" pos="X">仕事</wf>
         <wf lemma="が" pos="X">が</wf>
         <instance id="d000.s956.t000" lemma="認識" pos="NOUN">認識</instance>
         <wf lemma="さ" pos="X">さ</wf>
         <wf lemma="れ" pos="X">れ</wf>
         <wf lemma="た" pos="X">た</wf>
         <wf lemma="こと" pos="X">こと</wf>
         <wf lemma="に" pos="X">に</wf>
         <wf lemma="喜ん" pos="X">喜ん</wf>
         <wf lemma="で" pos="X">で</wf>
         <wf lemma="い" pos="X">い</wf>
         <wf lemma="た" pos="X">た</wf>
         <wf lemma="." pos="X">.</wf>
      </sentence>
      <sentence id="d000.s957" source="wordnet-japanese">
         <wf lemma="彼" pos="X">彼</wf>
         <wf lemma="は" pos="X">は</wf>
         <wf lemma="シカゴ" pos="X">シカゴ</wf>
         <instance id="d000.s957.t000" lemma="近辺" pos="NOUN">近辺</instance>
         <wf lemma="の" pos="X">の</wf>
         <wf lemma="出身" pos="X">出身</wf>
         <wf lemma="だ" pos="X">だ</wf>
         <wf lemma="." pos="X">.</wf>
      </sentence>
      <sentence id="d000.s958" source="wordnet-japanese">
         <instance id="d000.s958.t000" lemma="器用" pos="ADJ">器用</instance>
         <wf lemma="な" pos="X">な</wf>
         <wf lemma="技術者" pos="X">技術者</wf>
         <wf lemma="." pos="X">.</wf>
      </sentence>
      <sentence id="d000.s959" source="wordnet-japanese">
         <wf lemma="ディスクドライブ" pos="X">ディスクドライブ</wf>
         <wf lemma="は" pos="X">は</wf>
         <wf lemma="ドライブ" pos="X">ドライブ</wf>
         <wf lemma="の" pos="X">の</wf>
         <wf lemma="内部" pos="X">内部</wf>
         <wf lemma="機能" pos="X">機能</wf>
         <wf lemma="を" pos="X">を</wf>
         <wf lemma="処理" pos="X">処理</wf>
         <wf lemma="する" pos="X">する</wf>
         <instance id="d000.s959.t000" lemma="マイクロプロセッサ" pos="NOUN">マイクロプロセッサ</instance>
         <wf lemma="を" pos="X">を</wf>
         <wf lemma="含ん" pos="X">含ん</wf>
         <wf lemma="で" pos="X">で</wf>
         <wf lemma="いる" pos="X">いる</wf>
         <wf lemma="." pos="X">.</wf>
      </sentence>
      <sentence id="d000.s960" source="wordnet-japanese">
         <wf lemma="オーヘア" pos="X">オーヘア</wf>
         <wf lemma="の" pos="X">の</wf>
         <wf lemma="周り" pos="X">周り</wf>
         <wf lemma="の" pos="X">の</wf>
         <wf lemma="トラフィック" pos="X">トラフィック</wf>
         <wf lemma="・" pos="X">・</wf>
         <instance id="d000.s960.t000" lemma="パターン" pos="NOUN">パターン</instance>
         <wf lemma="は" pos="X">は</wf>
         <wf lemma="非常" pos="X">非常</wf>
         <wf lemma="に" pos="X">に</wf>
         <wf lemma="混雑" pos="X">混雑</wf>
         <wf lemma="し" pos="X">し</wf>
         <wf lemma="て" pos="X">て</wf>
         <wf lemma="いる" pos="X">いる</wf>
         <wf lemma="." pos="X">.</wf>
      </sentence>
      <sentence id="d000.s961" source="wordnet-japanese">
         <wf lemma="彼" pos="X">彼</wf>
         <wf lemma="は" pos="X">は</wf>
         <wf lemma="闘い" pos="X">闘い</wf>
         <wf lemma="の" pos="X">の</wf>
         <wf lemma="大きな" pos="X">大きな</wf>
         <instance id="d000.s961.t000" lemma="試練" pos="NOUN">試練</instance>
         <wf lemma="を" pos="X">を</wf>
         <wf lemma="乗り越え" pos="X">乗り越え</wf>
         <wf lemma="た" pos="X">た</wf>
         <wf lemma="." pos="X">.</wf>
      </sentence>
      <sentence id="d000.s962" source="wordnet-japanese">
         <wf lemma="彼" pos="X">彼</wf>
         <wf lemma="の" pos="X">の</wf>
         <wf lemma="高熱" pos="X">高熱</wf>
         <wf lemma="は" pos="X">は</wf>
         <wf lemma="その" pos="X">その</wf>
         <wf lemma="病" pos="X">病</wf>
         <wf lemma="を" pos="X">を</wf>
         <instance id="d000.s962.t000" lemma="示す" pos="VERB">示し</instance>
         <wf lemma="て" pos="X">て</wf>
         <wf lemma="い" pos="X">い</wf>
         <wf lemma="た" pos="X">た</wf>
         <wf lemma="." pos="X">.</wf>
      </sentence>
      <sentence id="d000.s963" source="wordnet-japanese">
         <instance id="d000.s963.t000" lemma="不幸" pos="ADJ">不幸</instance>
         <wf lemma="な" pos="X">な</wf>
         <wf lemma="真実" pos="X">真実</wf>
         <wf lemma="." pos="X">.</wf>
      </sentence>
      <sentence id="d000.s964" source="wordnet-japanese">
         <wf lemma="その" pos="X">その</wf>
         <wf lemma="噂" pos="X">噂</wf>
         <wf lemma="を" pos="X">を</wf>
         <instance id="d000.s964.t000" lemma="調べる" pos="VERB">調べる</instance>
         <wf lemma="." pos="X">.</wf>
      </sentence>
      <sentence id="d000.s965" source="wordnet-japanese">
         <wf lemma="彼女" pos="X">彼女</wf>
         <wf lemma="は" pos="X">は</wf>
         <instance id="d000.s965.t000" lemma="既に" pos="ADV">既に</instance>
         <wf lemma="卒業" pos="X">卒業</wf>
         <wf lemma="し" pos="X">し</wf>
         <wf lemma="た" pos="X">た</wf>
         <wf lemma="." pos="X">.</wf>
      </sentence>
      <sentence id="d000.s966" source="wordnet-japanese">
         <instance id="d000.s966.t000" lemma="雑誌" pos="NOUN">雑誌</instance>
         <wf lemma="の" pos="X">の</wf>
         <wf lemma="山" pos="X">山</wf>
         <wf lemma="に" pos="X">に</wf>
         <wf lemma="つまずい" pos="X">つまずい</wf>
         <wf lemma="た" pos="X">た</wf>
         <wf lemma="." pos="X">.</wf>
      </sentence>
      <sentence id="d000.s967" source="wordnet-japanese">
         <wf lemma="任務" pos="X">任務</wf>
         <wf lemma="における" pos="X">における</wf>
         <instance id="d000.s967.t000" lemma="特別" pos="ADJ">特別</instance>
         <wf lemma="な" pos="X">な</wf>
         <wf lemma="役割" pos="X">役割</wf>
         <wf lemma="." pos="X">.</wf>
      </sentence>
      <sentence id="d000.s968" source="wordnet-japanese">
         <instance id="d000.s968.t000" lemma="珍しい" pos="ADJ">珍しい</instance>
         <wf lemma="語." pos="X">語.</wf>
      </sentence>
      <sentence id="d000.s969" source="wordnet-japanese">
         <wf lemma="それ" pos="X">それ</wf>
         <wf lemma="は" pos="X">は</wf>
         <wf lemma="、" pos="X">、</wf>
         <wf lemma="彼ら" pos="X">彼ら</wf>
         <wf lemma="の" pos="X">の</wf>
         <wf lemma="戦利品" pos="X">戦利品</wf>
         <wf lemma="を" pos="X">を</wf>
         <wf lemma="置く" pos="X">置く</wf>
         <wf lemma="の" pos="X">の</wf>
         <wf lemma="に" pos="X">に</wf>
         <instance id="d000.s969.t000" lemma="役立つ" pos="VERB">役立つ</instance>
         <wf lemma="だろ" pos="X">だろ</wf>
         <wf lemma="う" pos="X">う</wf>
         <wf lemma="." pos="X">.</wf>
      </sentence>
      <sentence id="d000.s970" source="wordnet-japanese">
         <instance id="d000.s970.t000" lemma="姦通" pos="NOUN">姦通</instance>
         <wf lemma="は" pos="X">は</wf>
         <wf lemma="しばしば" pos="X">しばしば</wf>
         <wf lemma="離婚" pos="X">離婚</wf>
         <wf lemma="の" pos="X">の</wf>
         <wf lemma="根拠" pos="X">根拠</wf>
         <wf lemma="と" pos="X">と</wf>
         <wf lemma="し" pos="X">し</wf>
         <wf lemma="て" pos="X">て</wf>
         <wf lemma="挙げ" pos="X">挙げ</wf>
         <wf lemma="られる" pos="X">られる</wf>
         <wf lemma="." pos="X">.</wf>
      </sentence>
      <sentence id="d000.s971" source="wordnet-japanese">
         <wf lemma="反対" pos="X">反対</wf>
         <wf lemma="勢力" pos="X">勢力</wf>
         <wf lemma="に" pos="X">に</wf>
         <wf lemma="は" pos="X">は</wf>
         <wf lemma="好ましく" pos="X">好ましく</wf>
         <wf lemma="ない" pos="X">ない</wf>
         <instance id="d000.s971.t000" lemma="決心" pos="NOUN">決心</instance>
         <wf lemma="." pos="X">.</wf>
      </sentence>
      <sentence id="d000.s972" source="wordnet-japanese">
         <wf lemma="それ" pos="X">それ</wf>
         <wf lemma="は" pos="X">は</wf>
         <wf lemma="、" pos="X">、</wf>
         <wf lemma="私" pos="X">私</wf>
         <wf lemma="の" pos="X">の</wf>
         <wf lemma="銀行" pos="X">銀行</wf>
         <wf lemma="口座" pos="X">口座</wf>
         <wf lemma="を" pos="X">を</wf>
         <instance id="d000.s972.t000" lemma="減少" pos="NOUN">減少</instance>
         <wf lemma="さ" pos="X">さ</wf>
         <wf lemma="せ" pos="X">せ</wf>
         <wf lemma="た" pos="X">た</wf>
         <wf lemma="." pos="X">.</wf>
      </sentence>
      <sentence id="d000.s973" source="wordnet-japanese">
         <instance id="d000.s973.t000" lemma="不安定" pos="ADJ">不安定</instance>
         <wf lemma="な" pos="X">な</wf>
         <wf lemma="ライフスタイル" pos="X">ライフスタイル</wf>
         <wf lemma="." pos="X">.</wf>
      </sentence>
      <sentence id="d000.s974" source="wordnet-japanese">
         <wf lemma="午前" pos="X">午前</wf>
         <wf lemma="6" pos="X">6</wf>
         <wf lemma="時" pos="X">時</wf>
         <wf lemma="に" pos="X">に</wf>
         <wf lemma="私" pos="X">私</wf>
         <wf lemma="を" pos="X">を</wf>
         <instance id="d000.s974.t000" lemma="起こす" pos="VERB">起こし</instance>
         <wf lemma="て" pos="X">て</wf>
         <wf lemma="ください" pos="X">ください</wf>
         <wf lemma="." pos="X">.</wf>
      </sentence>
      <sentence id="d000.s975" source="wordnet-japanese">
         <wf lemma="火山" pos="X">火山</wf>
         <wf lemma="の" pos="X">の</wf>
         <instance id="d000.s975.t000" lemma="死滅" pos="NOUN">死滅</instance>
         <wf lemma="." pos="X">.</wf>
      </sentence>
      <sentence id="d000.s976" source="wordnet-japanese">
         <wf lemma="私" pos="X">私</wf>
         <wf lemma="自身" pos="X">自身</wf>
         <wf lemma="の" pos="X">の</wf>
         <instance id="d000.s976.t000" lemma="特別" pos="ADJ">特別</instance>
         <wf lemma="な" pos="X">な</wf>
         <wf lemma="椅子" pos="X">椅子</wf>
         <wf lemma="." pos="X">.</wf>
      </sentence>
      <sentence id="d000.s977" source="wordnet-japanese">
         <wf lemma="この" pos="X">この</wf>
         <wf lemma="ごろ" pos="X">ごろ</wf>
         <wf lemma="大" pos="X">大</wf>
         <wf lemma="家族" pos="X">家族</wf>
         <wf lemma="は" pos="X">は</wf>
         <instance id="d000.s977.t000" lemma="非定型" pos="ADJ">非定型</instance>
         <wf lemma="である" pos="X">である</wf>
         <wf lemma="." pos="X">.</wf>
      </sentence>
      <sentence id="d000.s978" source="wordnet-japanese">
         <instance id="d000.s978.t000" lemma="抽象的" pos="ADJ">抽象的</instance>
         <wf lemma="な" pos="X">な</wf>
         <wf lemma="分析" pos="X">分析</wf>
         <wf lemma="." pos="X">.</wf>
      </sentence>
      <sentence id="d000.s979" source="wordnet-japanese">
         <wf lemma="彼" pos="X">彼</wf>
         <wf lemma="は" pos="X">は</wf>
         <instance id="d000.s979.t000" lemma="空中" pos="NOUN">空中</instance>
         <wf lemma="に" pos="X">に</wf>
         <wf lemma="ボール" pos="X">ボール</wf>
         <wf lemma="を" pos="X">を</wf>
         <wf lemma="投げ" pos="X">投げ</wf>
         <wf lemma="た" pos="X">た</wf>
         <wf lemma="." pos="X">.</wf>
      </sentence>
      <sentence id="d000.s980" source="wordnet-japanese">
         <instance id="d000.s980.t000" lemma="難しい" pos="ADJ">難しい</instance>
         <wf lemma="仕事" pos="X">仕事</wf>
         <wf lemma="." pos="X">.</wf>
      </sentence>
      <sentence id="d000.s981" source="wordnet-japanese">
         <instance id="d000.s981.t000" lemma="極悪" pos="ADJ">極悪</instance>
         <wf lemma="な" pos="X">な</wf>
         <wf lemma="盗賊団" pos="X">盗賊団</wf>
         <wf lemma="." pos="X">.</wf>
      </sentence>
      <sentence id="d000.s982" source="wordnet-japanese">
         <wf lemma="彼" pos="X">彼</wf>
         <wf lemma="は" pos="X">は</wf>
         <instance id="d000.s982.t000" lemma="コーヒー" pos="NOUN">コーヒー</instance>
         <wf lemma="を" pos="X">を</wf>
         <wf lemma="注文" pos="X">注文</wf>
         <wf lemma="し" pos="X">し</wf>
         <wf lemma="た" pos="X">た</wf>
         <wf lemma="." pos="X">.</wf>
      </sentence>
      <sentence id="d000.s983" source="wordnet-japanese">
         <wf lemma="一" pos="X">一</wf>
         <wf lemma="卵性" pos="X">卵性</wf>
         <wf lemma="双生児" pos="X">双生児</wf>
         <wf lemma="は" pos="X">は</wf>
         <instance id="d000.s983.t000" lemma="一卵性" pos="ADJ">一卵性</instance>
         <wf lemma="である" pos="X">である</wf>
         <wf lemma="." pos="X">.</wf>
      </sentence>
      <sentence id="d000.s984" source="wordnet-japanese">
         <instance id="d000.s984.t000" lemma="時間的" pos="ADV">時間的</instance>
         <wf lemma="に" pos="X">に</wf>
         <wf lemma="処理" pos="X">処理</wf>
         <wf lemma="さ" pos="X">さ</wf>
         <wf lemma="れる" pos="X">れる</wf>
         <wf lemma="." pos="X">.</wf>
      </sentence>
      <sentence id="d000.s985" source="wordnet-japanese">
         <wf lemma="彼" pos="X">彼</wf>
         <wf lemma="は" pos="X">は</wf>
         <wf lemma="彼女" pos="X">彼女</wf>
         <wf lemma="に" pos="X">に</wf>
         <wf lemma="言わ" pos="X">言わ</wf>
         <wf lemma="れ" pos="X">れ</wf>
         <wf lemma="た" pos="X">た</wf>
         <wf lemma="とおり" pos="X">とおり</wf>
         <instance id="d000.s985.t000" lemma="正確" pos="ADV">正確</instance>
         <wf lemma="に" pos="X">に</wf>
         <wf lemma="やっ" pos="X">やっ</wf>
         <wf lemma="て" pos="X">て</wf>
         <wf lemma="い" pos="X">い</wf>
         <wf lemma="た" pos="X">た</wf>
         <wf lemma="." pos="X">.</wf>
      </sentence>
      <sentence id="d000.s986" source="wordnet-japanese">
         <wf lemma="ここ" pos="X">ここ</wf>
         <wf lemma="から" pos="X">から</wf>
         <wf lemma="は" pos="X">は</wf>
         <wf lemma="意見" pos="X">意見</wf>
         <wf lemma="の" pos="X">の</wf>
         <instance id="d000.s986.t000" lemma="領域" pos="NOUN">領域</instance>
         <wf lemma="に" pos="X">に</wf>
         <wf lemma="入る" pos="X">入る</wf>
         <wf lemma="." pos="X">.</wf>
      </sentence>
      <sentence id="d000.s987" source="wordnet-japanese">
         <wf lemma="787" pos="X">787</wf>
         <wf lemma="年" pos="X">年</wf>
         <wf lemma="の" pos="X">の</wf>
         <wf lemma="最初" pos="X">最初</wf>
         <wf lemma="の" pos="X">の</wf>
         <wf lemma="7" pos="X">7</wf>
         <wf lemma="回" pos="X">回</wf>
         <wf lemma="の" pos="X">の</wf>
         <wf lemma="会議" pos="X">会議</wf>
         <wf lemma="は" pos="X">は</wf>
         <wf lemma="まで" pos="X">まで</wf>
         <wf lemma="のみ" pos="X">のみ</wf>
         <wf lemma="が" pos="X">が</wf>
         <instance id="d000.s987.t000" lemma="公会議" pos="NOUN">公会議</instance>
         <wf lemma="である" pos="X">である</wf>
         <wf lemma="と" pos="X">と</wf>
         <wf lemma="カトリック" pos="X">カトリック</wf>
         <wf lemma="教会" pos="X">教会</wf>
         <wf lemma="と" pos="X">と</wf>
         <wf lemma="東方正教" pos="X">東方正教</wf>
         <wf lemma="の" pos="X">の</wf>
         <wf lemma="両者" pos="X">両者</wf>
         <wf lemma="で" pos="X">で</wf>
         <wf lemma="考え" pos="X">考え</wf>
         <wf lemma="られ" pos="X">られ</wf>
         <wf lemma="て" pos="X">て</wf>
         <wf lemma="いる" pos="X">いる</wf>
         <wf lemma="が" pos="X">が</wf>
         <wf lemma="、" pos="X">、</wf>
         <wf lemma="次" pos="X">次</wf>
         <wf lemma="の" pos="X">の</wf>
         <wf lemma="14" pos="X">14</wf>
         <wf lemma="回" pos="X">回</wf>
         <wf lemma="の" pos="X">の</wf>
         <wf lemma="会議" pos="X">会議</wf>
         <wf lemma="は" pos="X">は</wf>
         <wf lemma="カトリック" pos="X">カトリック</wf>
         <wf lemma="教会" pos="X">教会</wf>
         <wf lemma="のみ" pos="X">のみ</wf>
         <wf lemma="で" pos="X">で</wf>
         <wf lemma="公会議" pos="X">公会議</wf>
         <wf lemma="である" pos="X">である</wf>
         <wf lemma="と" pos="X">と</wf>
         <wf lemma="考え" pos="X">考え</wf>
         <wf lemma="られ" pos="X">られ</wf>
         <wf lemma="て" pos="X">て</wf>
         <wf lemma="いる" pos="X">いる</wf>
         <wf lemma="." pos="X">.</wf>
      </sentence>
      <sentence id="d000.s988" source="wordnet-japanese">
         <instance id="d000.s988.t000" lemma="貪欲" pos="ADJ">貪欲</instance>
         <wf lemma="な" pos="X">な</wf>
         <wf lemma="年" pos="X">年</wf>
         <wf lemma="を" pos="X">を</wf>
         <wf lemma="とっ" pos="X">とっ</wf>
         <wf lemma="た" pos="X">た</wf>
         <wf lemma="ケチ" pos="X">ケチ</wf>
         <wf lemma="." pos="X">.</wf>
      </sentence>
      <sentence id="d000.s989" source="wordnet-japanese">
         <wf lemma="夜明け" pos="X">夜明け</wf>
         <wf lemma="時" pos="X">時</wf>
         <wf lemma="に" pos="X">に</wf>
         <wf lemma="損効果" pos="X">損効果</wf>
         <wf lemma="が" pos="X">が</wf>
         <instance id="d000.s989.t000" lemma="消える" pos="VERB">消える</instance>
         <wf lemma="." pos="X">.</wf>
      </sentence>
      <sentence id="d000.s990" source="wordnet-japanese">
         <instance id="d000.s990.t000" lemma="広い" pos="ADJ">広い</instance>
         <wf lemma="ネクタイ" pos="X">ネクタイ</wf>
         <wf lemma="." pos="X">.</wf>
      </sentence>
      <sentence id="d000.s991" source="wordnet-japanese">
         <instance id="d000.s991.t000" lemma="再保険" pos="NOUN">再保険</instance>
         <wf lemma="は" pos="X">は</wf>
         <wf lemma="どんな" pos="X">どんな</wf>
         <wf lemma="会社" pos="X">会社</wf>
         <wf lemma="を" pos="X">を</wf>
         <wf lemma="保障" pos="X">保障</wf>
         <wf lemma="する" pos="X">する</wf>
         <wf lemma="に" pos="X">に</wf>
         <wf lemma="も" pos="X">も</wf>
         <wf lemma="大きすぎる" pos="X">大きすぎる</wf>
         <wf lemma="適用" pos="X">適用</wf>
         <wf lemma="範囲" pos="X">範囲</wf>
         <wf lemma="を" pos="X">を</wf>
         <wf lemma="得る" pos="X">得る</wf>
         <wf lemma="こと" pos="X">こと</wf>
         <wf lemma="を" pos="X">を</wf>
         <wf lemma="可能" pos="X">可能</wf>
         <wf lemma="に" pos="X">に</wf>
         <wf lemma="する" pos="X">する</wf>
         <wf lemma="." pos="X">.</wf>
      </sentence>
      <sentence id="d000.s992" source="wordnet-japanese">
         <wf lemma="この" pos="X">この</wf>
         <wf lemma="工場" pos="X">工場</wf>
         <wf lemma="の" pos="X">の</wf>
         <wf lemma="生産現場" pos="X">生産現場</wf>
         <wf lemma="は" pos="X">は</wf>
         <wf lemma="、" pos="X">、</wf>
         <instance id="d000.s992.t000" lemma="自動化" pos="NOUN">自動化</instance>
         <wf lemma="装置" pos="X">装置</wf>
         <wf lemma="、" pos="X">、</wf>
         <wf lemma="及び" pos="X">及び</wf>
         <wf lemma="ロボット" pos="X">ロボット</wf>
         <wf lemma="装置" pos="X">装置</wf>
         <wf lemma="の" pos="X">の</wf>
         <wf lemma="ため" pos="X">ため</wf>
         <wf lemma="の" pos="X">の</wf>
         <wf lemma="展示場" pos="X">展示場</wf>
         <wf lemma="である" pos="X">である</wf>
         <wf lemma="." pos="X">.</wf>
      </sentence>
      <sentence id="d000.s993" source="wordnet-japanese">
         <wf lemma="多く" pos="X">多く</wf>
         <wf lemma="の" pos="X">の</wf>
         <instance id="d000.s993.t000" lemma="望ましい" pos="ADJ">望ましい</instance>
         <wf lemma="特徴" pos="X">特徴</wf>
         <wf lemma="を" pos="X">を</wf>
         <wf lemma="備え" pos="X">備え</wf>
         <wf lemma="た" pos="X">た</wf>
         <wf lemma="コンピュータ" pos="X">コンピュータ</wf>
         <wf lemma="." pos="X">.</wf>
      </sentence>
      <sentence id="d000.s994" source="wordnet-japanese">
         <wf lemma="スープ" pos="X">スープ</wf>
         <wf lemma="に" pos="X">に</wf>
         <wf lemma="息" pos="X">息</wf>
         <wf lemma="を" pos="X">を</wf>
         <instance id="d000.s994.t000" lemma="吹く" pos="VERB">吹い</instance>
         <wf lemma="て" pos="X">て</wf>
         <wf lemma="冷まし" pos="X">冷まし</wf>
         <wf lemma="て" pos="X">て</wf>
         <wf lemma="下さい" pos="X">下さい</wf>
         <wf lemma="." pos="X">.</wf>
      </sentence>
      <sentence id="d000.s995" source="wordnet-japanese">
         <wf lemma="昆虫" pos="X">昆虫</wf>
         <wf lemma="の" pos="X">の</wf>
         <instance id="d000.s995.t000" lemma="世界" pos="NOUN">世界</instance>
         <wf lemma="." pos="X">.</wf>
      </sentence>
      <sentence id="d000.s996" source="wordnet-japanese">
         <wf lemma="野菜" pos="X">野菜</wf>
         <wf lemma="を" pos="X">を</wf>
         <wf lemma="ただ" pos="X">ただ</wf>
         <instance id="d000.s996.t000" lemma="蒸す" pos="VERB">蒸す</instance>
         <wf lemma="." pos="X">.</wf>
      </sentence>
      <sentence id="d000.s997" source="wordnet-japanese">
         <wf lemma="炎" pos="X">炎</wf>
         <wf lemma="は" pos="X">は</wf>
         <wf lemma="暖炉" pos="X">暖炉</wf>
         <wf lemma="の" pos="X">の</wf>
         <wf lemma="上" pos="X">上</wf>
         <wf lemma="の" pos="X">の</wf>
         <wf lemma="天井" pos="X">天井</wf>
         <wf lemma="を" pos="X">を</wf>
         <instance id="d000.s997.t000" lemma="焦がす" pos="VERB">焦がし</instance>
         <wf lemma="て" pos="X">て</wf>
         <wf lemma="炭" pos="X">炭</wf>
         <wf lemma="に" pos="X">に</wf>
         <wf lemma="し" pos="X">し</wf>
         <wf lemma="た" pos="X">た</wf>
         <wf lemma="." pos="X">.</wf>
      </sentence>
      <sentence id="d000.s998" source="wordnet-japanese">
         <wf lemma="釣り" pos="X">釣り</wf>
         <wf lemma="竿" pos="X">竿</wf>
         <wf lemma="の" pos="X">の</wf>
         <wf lemma="1" pos="X">1</wf>
         <wf lemma="つ" pos="X">つ</wf>
         <wf lemma="の" pos="X">の</wf>
         <instance id="d000.s998.t000" lemma="部分" pos="NOUN">部分</instance>
         <wf lemma="." pos="X">.</wf>
      </sentence>
      <sentence id="d000.s999" source="wordnet-japanese">
         <instance id="d000.s999.t000" lemma="本当" pos="ADJ">本当</instance>
         <wf lemma="の" pos="X">の</wf>
         <wf lemma="勇気" pos="X">勇気</wf>
         <wf lemma="." pos="X">.</wf>
      </sentence>
      <sentence id="d000.s1000" source="wordnet-japanese">
         <wf lemma="私" pos="X">私</wf>
         <wf lemma="が" pos="X">が</wf>
         <wf lemma="昨日" pos="X">昨日</wf>
         <wf lemma="見" pos="X">見</wf>
         <wf lemma="た" pos="X">た</wf>
         <instance id="d000.s1000.t000" lemma="同じ" pos="ADJ">同じ</instance>
         <wf lemma="男性" pos="X">男性</wf>
         <wf lemma="." pos="X">.</wf>
      </sentence>
      <sentence id="d000.s1001" source="wordnet-japanese">
         <wf lemma="彼" pos="X">彼</wf>
         <wf lemma="は" pos="X">は</wf>
         <wf lemma="、" pos="X">、</wf>
         <instance id="d000.s1001.t000" lemma="非効率的" pos="ADV">非効率的</instance>
         <wf lemma="に" pos="X">に</wf>
         <wf lemma="危機" pos="X">危機</wf>
         <wf lemma="に" pos="X">に</wf>
         <wf lemma="対処" pos="X">対処</wf>
         <wf lemma="し" pos="X">し</wf>
         <wf lemma="た" pos="X">た</wf>
         <wf lemma="." pos="X">.</wf>
      </sentence>
      <sentence id="d000.s1002" source="wordnet-japanese">
         <wf lemma="芸術家" pos="X">芸術家</wf>
         <wf lemma="の" pos="X">の</wf>
         <wf lemma="キャリア" pos="X">キャリア</wf>
         <wf lemma="の" pos="X">の</wf>
         <instance id="d000.s1002.t000" lemma="クライマックス" pos="NOUN">クライマックス</instance>
         <wf lemma="." pos="X">.</wf>
      </sentence>
      <sentence id="d000.s1003" source="wordnet-japanese">
         <instance id="d000.s1003.t000" lemma="非イオン" pos="ADJ">非イオン</instance>
         <wf lemma="の" pos="X">の</wf>
         <wf lemma="物質" pos="X">物質</wf>
         <wf lemma="." pos="X">.</wf>
      </sentence>
      <sentence id="d000.s1004" source="wordnet-japanese">
         <wf lemma="彼" pos="X">彼</wf>
         <wf lemma="の" pos="X">の</wf>
         <instance id="d000.s1004.t000" lemma="動き" pos="NOUN">動き</instance>
         <wf lemma="は" pos="X">は</wf>
         <wf lemma="、" pos="X">、</wf>
         <wf lemma="直接" pos="X">直接</wf>
         <wf lemma="私" pos="X">私</wf>
         <wf lemma="の" pos="X">の</wf>
         <wf lemma="進路" pos="X">進路</wf>
         <wf lemma="に" pos="X">に</wf>
         <wf lemma="入っ" pos="X">入っ</wf>
         <wf lemma="て" pos="X">て</wf>
         <wf lemma="き" pos="X">き</wf>
         <wf lemma="た" pos="X">た</wf>
         <wf lemma="." pos="X">.</wf>
      </sentence>
      <sentence id="d000.s1005" source="wordnet-japanese">
         <wf lemma="聖職者" pos="X">聖職者</wf>
         <wf lemma="は" pos="X">は</wf>
         <wf lemma="、" pos="X">、</wf>
         <instance id="d000.s1005.t000" lemma="祈り" pos="NOUN">祈り</instance>
         <wf lemma="の" pos="X">の</wf>
         <wf lemma="ため" pos="X">ため</wf>
         <wf lemma="に" pos="X">に</wf>
         <wf lemma="膝" pos="X">膝</wf>
         <wf lemma="まづい" pos="X">まづい</wf>
         <wf lemma="た" pos="X">た</wf>
         <wf lemma="." pos="X">.</wf>
      </sentence>
      <sentence id="d000.s1006" source="wordnet-japanese">
         <wf lemma="残り" pos="X">残り</wf>
         <wf lemma="は" pos="X">は</wf>
         <wf lemma="、" pos="X">、</wf>
         <instance id="d000.s1006.t000" lemma="事実上" pos="ADV">事実上</instance>
         <wf lemma="は" pos="X">は</wf>
         <wf lemma="無駄" pos="X">無駄</wf>
         <wf lemma="だ" pos="X">だ</wf>
         <wf lemma="." pos="X">.</wf>
      </sentence>
      <sentence id="d000.s1007" source="wordnet-japanese">
         <instance id="d000.s1007.t000" lemma="広帯域" pos="ADJ">広帯域</instance>
         <wf lemma="アンテナ" pos="X">アンテナ</wf>
         <wf lemma="." pos="X">.</wf>
      </sentence>
      <sentence id="d000.s1008" source="wordnet-japanese">
         <wf lemma="他の" pos="X">他の</wf>
         <instance id="d000.s1008.t000" lemma="過剰" pos="ADJ">過剰</instance>
         <wf lemma="内" pos="X">内</wf>
         <wf lemma="部器官" pos="X">部器官</wf>
         <wf lemma="と" pos="X">と</wf>
         <wf lemma="同様" pos="X">同様</wf>
         <wf lemma="の" pos="X">の</wf>
         <wf lemma="、" pos="X">、</wf>
         <wf lemma="余分" pos="X">余分</wf>
         <wf lemma="な" pos="X">な</wf>
         <wf lemma="肋骨" pos="X">肋骨</wf>
         <wf lemma="." pos="X">.</wf>
      </sentence>
      <sentence id="d000.s1009" source="wordnet-japanese">
         <wf lemma="あなた" pos="X">あなた</wf>
         <wf lemma="は" pos="X">は</wf>
         <wf lemma="、" pos="X">、</wf>
         <wf lemma="事故" pos="X">事故</wf>
         <wf lemma="の" pos="X">の</wf>
         <wf lemma="後" pos="X">後</wf>
         <wf lemma="に" pos="X">に</wf>
         <instance id="d000.s1009.t000" lemma="痛む" pos="VERB">痛ん</instance>
         <wf lemma="で" pos="X">で</wf>
         <wf lemma="い" pos="X">い</wf>
         <wf lemma="まし" pos="X">まし</wf>
         <wf lemma="た" pos="X">た</wf>
         <wf lemma="か" pos="X">か</wf>
         <wf lemma="?" pos="X">?</wf>
      </sentence>
      <sentence id="d000.s1010" source="wordnet-japanese">
         <instance id="d000.s1010.t000" lemma="有能" pos="ADJ">有能</instance>
         <wf lemma="な" pos="X">な</wf>
         <wf lemma="管理者" pos="X">管理者</wf>
         <wf lemma="." pos="X">.</wf>
      </sentence>
      <sentence id="d000.s1011" source="wordnet-japanese">
         <wf lemma="見" pos="X">見</wf>
         <wf lemma="知ら" pos="X">知ら</wf>
         <wf lemma="ぬ" pos="X">ぬ</wf>
         <instance id="d000.s1011.t000" lemma="人物" pos="NOUN">人物</instance>
         <wf lemma="が" pos="X">が</wf>
         <wf lemma="ドア" pos="X">ドア</wf>
         <wf lemma="に" pos="X">に</wf>
         <wf lemma="現れ" pos="X">現れ</wf>
         <wf lemma="た" pos="X">た</wf>
         <wf lemma="." pos="X">.</wf>
      </sentence>
      <sentence id="d000.s1012" source="wordnet-japanese">
         <wf lemma="あなた" pos="X">あなた</wf>
         <wf lemma="は" pos="X">は</wf>
         <wf lemma="、" pos="X">、</wf>
         <wf lemma="あなた" pos="X">あなた</wf>
         <wf lemma="の" pos="X">の</wf>
         <wf lemma="キャンプ" pos="X">キャンプ</wf>
         <wf lemma="・" pos="X">・</wf>
         <wf lemma="ギア" pos="X">ギア</wf>
         <wf lemma="を" pos="X">を</wf>
         <instance id="d000.s1012.t000" lemma="運ぶ" pos="VERB">運ば</instance>
         <wf lemma="なければ" pos="X">なければ</wf>
         <wf lemma="なら" pos="X">なら</wf>
         <wf lemma="ない" pos="X">ない</wf>
         <wf lemma="." pos="X">.</wf>
      </sentence>
      <sentence id="d000.s1013" source="wordnet-japanese">
         <wf lemma="私" pos="X">私</wf>
         <wf lemma="は" pos="X">は</wf>
         <wf lemma="、" pos="X">、</wf>
         <wf lemma="あなた" pos="X">あなた</wf>
         <wf lemma="が" pos="X">が</wf>
         <wf lemma="昇進" pos="X">昇進</wf>
         <wf lemma="し" pos="X">し</wf>
         <wf lemma="た" pos="X">た</wf>
         <wf lemma="の" pos="X">の</wf>
         <wf lemma="を" pos="X">を</wf>
         <instance id="d000.s1013.t000" lemma="知る" pos="VERB">知っ</instance>
         <wf lemma="て" pos="X">て</wf>
         <wf lemma="いる" pos="X">いる</wf>
         <wf lemma="." pos="X">.</wf>
      </sentence>
      <sentence id="d000.s1014" source="wordnet-japanese">
         <wf lemma="それら" pos="X">それら</wf>
         <wf lemma="の" pos="X">の</wf>
         <wf lemma="成功" pos="X">成功</wf>
         <wf lemma="へ" pos="X">へ</wf>
         <wf lemma="の" pos="X">の</wf>
         <instance id="d000.s1014.t000" lemma="敬虔" pos="ADJ">敬虔</instance>
         <wf lemma="な" pos="X">な</wf>
         <wf lemma="願望" pos="X">願望</wf>
         <wf lemma="." pos="X">.</wf>
      </sentence>
      <sentence id="d000.s1015" source="wordnet-japanese">
         <wf lemma="私" pos="X">私</wf>
         <wf lemma="の" pos="X">の</wf>
         <instance id="d000.s1015.t000" lemma="幸運" pos="ADJ">幸運</instance>
         <wf lemma="な" pos="X">な</wf>
         <wf lemma="日." pos="X">日.</wf>
      </sentence>
      <sentence id="d000.s1016" source="wordnet-japanese">
         <wf lemma="他の" pos="X">他の</wf>
         <wf lemma="個人" pos="X">個人</wf>
         <wf lemma="の" pos="X">の</wf>
         <wf lemma="権利" pos="X">権利</wf>
         <wf lemma="を" pos="X">を</wf>
         <wf lemma="侵す" pos="X">侵す</wf>
         <wf lemma="刑事" pos="X">刑事</wf>
         <wf lemma="犯罪" pos="X">犯罪</wf>
         <wf lemma="ふるまい" pos="X">ふるまい</wf>
         <wf lemma="や" pos="X">や</wf>
         <wf lemma="行為" pos="X">行為</wf>
         <wf lemma="は" pos="X">は</wf>
         <wf lemma="、" pos="X">、</wf>
         <instance id="d000.s1016.t000" lemma="反社会的" pos="ADJ">反社会的</instance>
         <wf lemma="で" pos="X">で</wf>
         <wf lemma="ある" pos="X">ある</wf>
         <wf lemma="." pos="X">.</wf>
      </sentence>
      <sentence id="d000.s1017" source="wordnet-japanese">
         <wf lemma="法律事務所" pos="X">法律事務所</wf>
         <wf lemma="の" pos="X">の</wf>
         <instance id="d000.s1017.t000" lemma="同僚" pos="NOUN">同僚</instance>
         <wf lemma="に" pos="X">に</wf>
         <wf lemma="配偶" pos="X">配偶</wf>
         <wf lemma="者" pos="X">者</wf>
         <wf lemma="より" pos="X">より</wf>
         <wf lemma="も" pos="X">も</wf>
         <wf lemma="低い" pos="X">低い</wf>
         <wf lemma="レート" pos="X">レート</wf>
         <wf lemma="で" pos="X">で</wf>
         <wf lemma="請求" pos="X">請求</wf>
         <wf lemma="する" pos="X">する</wf>
         <wf lemma="." pos="X">.</wf>
      </sentence>
      <sentence id="d000.s1018" source="wordnet-japanese">
         <wf lemma="見当違い" pos="X">見当違い</wf>
         <wf lemma="の" pos="X">の</wf>
         <wf lemma="詳細" pos="X">詳細</wf>
         <wf lemma="に" pos="X">に</wf>
         <instance id="d000.s1018.t000" lemma="脱線" pos="NOUN">脱線</instance>
         <wf lemma="する" pos="X">する</wf>
         <wf lemma="こと" pos="X">こと</wf>
         <wf lemma="." pos="X">.</wf>
      </sentence>
      <sentence id="d000.s1019" source="wordnet-japanese">
         <wf lemma="枕に" pos="X">枕に</wf>
         <wf lemma="羽毛" pos="X">羽毛</wf>
         <wf lemma="を" pos="X">を</wf>
         <instance id="d000.s1019.t000" lemma="詰める" pos="VERB">詰める</instance>
         <wf lemma="." pos="X">.</wf>
      </sentence>
      <sentence id="d000.s1020" source="wordnet-japanese">
         <wf lemma="彼" pos="X">彼</wf>
         <wf lemma="は" pos="X">は</wf>
         <wf lemma="その" pos="X">その</wf>
         <instance id="d000.s1020.t000" lemma="経験" pos="NOUN">経験</instance>
         <wf lemma="を" pos="X">を</wf>
         <wf lemma="生き生き" pos="X">生き生き</wf>
         <wf lemma="と" pos="X">と</wf>
         <wf lemma="思い出し" pos="X">思い出し</wf>
         <wf lemma="た" pos="X">た</wf>
         <wf lemma="." pos="X">.</wf>
      </sentence>
      <sentence id="d000.s1021" source="wordnet-japanese">
         <instance id="d000.s1021.t000" lemma="寛大" pos="ADJ">寛大</instance>
         <wf lemma="な" pos="X">な</wf>
         <wf lemma="征服者" pos="X">征服者</wf>
         <wf lemma="." pos="X">.</wf>
      </sentence>
      <sentence id="d000.s1022" source="wordnet-japanese">
         <wf lemma="それ" pos="X">それ</wf>
         <wf lemma="は" pos="X">は</wf>
         <wf lemma="お金" pos="X">お金</wf>
         <wf lemma="、" pos="X">、</wf>
         <wf lemma="良い" pos="X">良い</wf>
         <wf lemma="立案" pos="X">立案</wf>
         <wf lemma="、" pos="X">、</wf>
         <wf lemma="および" pos="X">および</wf>
         <wf lemma="何より" pos="X">何より</wf>
         <wf lemma="も" pos="X">も</wf>
         <instance id="d000.s1022.t000" lemma="チームワーク" pos="NOUN">チームワーク</instance>
         <wf lemma="を" pos="X">を</wf>
         <wf lemma="必要" pos="X">必要</wf>
         <wf lemma="と" pos="X">と</wf>
         <wf lemma="する" pos="X">する</wf>
         <wf lemma="." pos="X">.</wf>
      </sentence>
      <sentence id="d000.s1023" source="wordnet-japanese">
         <instance id="d000.s1023.t000" lemma="無駄" pos="ADJ">無駄</instance>
         <wf lemma="な" pos="X">な</wf>
         <wf lemma="捜索" pos="X">捜索</wf>
         <wf lemma="." pos="X">.</wf>
      </sentence>
      <sentence id="d000.s1024" source="wordnet-japanese">
         <instance id="d000.s1024.t000" lemma="警告" pos="NOUN">警告</instance>
         <wf lemma="は" pos="X">は</wf>
         <wf lemma="突然" pos="X">突然</wf>
         <wf lemma="の" pos="X">の</wf>
         <wf lemma="こと" pos="X">こと</wf>
         <wf lemma="に" pos="X">に</wf>
         <wf lemma="注意" pos="X">注意</wf>
         <wf lemma="する" pos="X">する</wf>
         <wf lemma="こと" pos="X">こと</wf>
         <wf lemma="であっ" pos="X">であっ</wf>
         <wf lemma="た" pos="X">た</wf>
         <wf lemma="." pos="X">.</wf>
      </sentence>
      <sentence id="d000.s1025" source="wordnet-japanese">
         <instance id="d000.s1025.t000" lemma="幸運" pos="NOUN">幸運</instance>
         <wf lemma="を" pos="X">を</wf>
         <wf lemma="もたらす" pos="X">もたらす</wf>
         <wf lemma="もの" pos="X">もの</wf>
         <wf lemma="は" pos="X">は</wf>
         <wf lemma="女神" pos="X">女神</wf>
         <wf lemma="だ" pos="X">だ</wf>
         <wf lemma="と" pos="X">と</wf>
         <wf lemma="いわ" pos="X">いわ</wf>
         <wf lemma="れ" pos="X">れ</wf>
         <wf lemma="て" pos="X">て</wf>
         <wf lemma="いる" pos="X">いる</wf>
         <wf lemma="." pos="X">.</wf>
      </sentence>
      <sentence id="d000.s1026" source="wordnet-japanese">
         <instance id="d000.s1026.t000" lemma="広い" pos="ADJ">広い</instance>
         <wf lemma="平原" pos="X">平原</wf>
         <wf lemma="." pos="X">.</wf>
      </sentence>
      <sentence id="d000.s1027" source="wordnet-japanese">
         <wf lemma="それ" pos="X">それ</wf>
         <wf lemma="は" pos="X">は</wf>
         <instance id="d000.s1027.t000" lemma="表面" pos="NOUN">表面</instance>
         <wf lemma="に" pos="X">に</wf>
         <wf lemma="見える" pos="X">見える</wf>
         <wf lemma="もの" pos="X">もの</wf>
         <wf lemma="と" pos="X">と</wf>
         <wf lemma="は" pos="X">は</wf>
         <wf lemma="違っ" pos="X">違っ</wf>
         <wf lemma="た" pos="X">た</wf>
         <wf lemma="." pos="X">.</wf>
      </sentence>
      <sentence id="d000.s1028" source="wordnet-japanese">
         <wf lemma="新しい" pos="X">新しい</wf>
         <wf lemma="保険" pos="X">保険</wf>
         <wf lemma="契約" pos="X">契約</wf>
         <wf lemma="は" pos="X">は</wf>
         <wf lemma="わかり" pos="X">わかり</wf>
         <wf lemma="にくく" pos="X">にくく</wf>
         <wf lemma="て" pos="X">て</wf>
         <instance id="d000.s1028.t000" lemma="不思議" pos="ADJ">不思議</instance>
         <wf lemma="な" pos="X">な</wf>
         <wf lemma="用語" pos="X">用語</wf>
         <wf lemma="を" pos="X">を</wf>
         <wf lemma="使用" pos="X">使用</wf>
         <wf lemma="せ" pos="X">せ</wf>
         <wf lemma="ず" pos="X">ず</wf>
         <wf lemma="に" pos="X">に</wf>
         <wf lemma="書か" pos="X">書か</wf>
         <wf lemma="れ" pos="X">れ</wf>
         <wf lemma="て" pos="X">て</wf>
         <wf lemma="いる" pos="X">いる</wf>
         <wf lemma="." pos="X">.</wf>
      </sentence>
      <sentence id="d000.s1029" source="wordnet-japanese">
         <wf lemma="ナイフ" pos="X">ナイフ</wf>
         <wf lemma="は" pos="X">は</wf>
         <wf lemma="、" pos="X">、</wf>
         <wf lemma="あまり" pos="X">あまり</wf>
         <wf lemma="に" pos="X">に</wf>
         <instance id="d000.s1029.t000" lemma="鈍い" pos="ADJ">鈍く</instance>
         <wf lemma="て" pos="X">て</wf>
         <wf lemma="どんな" pos="X">どんな</wf>
         <wf lemma="もの" pos="X">もの</wf>
         <wf lemma="も" pos="X">も</wf>
         <wf lemma="切る" pos="X">切る</wf>
         <wf lemma="こと" pos="X">こと</wf>
         <wf lemma="が" pos="X">が</wf>
         <wf lemma="でき" pos="X">でき</wf>
         <wf lemma="なかっ" pos="X">なかっ</wf>
         <wf lemma="た" pos="X">た</wf>
         <wf lemma="." pos="X">.</wf>
      </sentence>
      <sentence id="d000.s1030" source="wordnet-japanese">
         <wf lemma="古代" pos="X">古代</wf>
         <wf lemma="エジプト" pos="X">エジプト</wf>
         <wf lemma="人" pos="X">人</wf>
         <wf lemma="は" pos="X">は</wf>
         <wf lemma="ファラオ" pos="X">ファラオ</wf>
         <wf lemma="の" pos="X">の</wf>
         <instance id="d000.s1030.t000" lemma="神性" pos="NOUN">神性</instance>
         <wf lemma="を" pos="X">を</wf>
         <wf lemma="信じ" pos="X">信じ</wf>
         <wf lemma="て" pos="X">て</wf>
         <wf lemma="い" pos="X">い</wf>
         <wf lemma="た" pos="X">た</wf>
         <wf lemma="." pos="X">.</wf>
      </sentence>
      <sentence id="d000.s1031" source="wordnet-japanese">
         <instance id="d000.s1031.t000" lemma="出席" pos="NOUN">出席</instance>
         <wf lemma="数" pos="X">数</wf>
         <wf lemma="は" pos="X">は</wf>
         <wf lemma="50" pos="X">50</wf>
         <wf lemma="パーセント" pos="X">パーセント</wf>
         <wf lemma="増だっ" pos="X">増だっ</wf>
         <wf lemma="た" pos="X">た</wf>
         <wf lemma="." pos="X">.</wf>
      </sentence>
      <sentence id="d000.s1032" source="wordnet-japanese">
         <wf lemma="証拠" pos="X">証拠</wf>
         <wf lemma="は" pos="X">は</wf>
         <wf lemma="偏っ" pos="X">偏っ</wf>
         <wf lemma="て" pos="X">て</wf>
         <wf lemma="いる" pos="X">いる</wf>
         <wf lemma="、" pos="X">、</wf>
         <instance id="d000.s1032.t000" lemma="それ故" pos="ADV">それ故</instance>
         <wf lemma="、" pos="X">、</wf>
         <wf lemma="信用" pos="X">信用</wf>
         <wf lemma="する" pos="X">する</wf>
         <wf lemma="べき" pos="X">べき</wf>
         <wf lemma="で" pos="X">で</wf>
         <wf lemma="は" pos="X">は</wf>
         <wf lemma="ない" pos="X">ない</wf>
         <wf lemma="." pos="X">.</wf>
      </sentence>
      <sentence id="d000.s1033" source="wordnet-japanese">
         <instance id="d000.s1033.t000" lemma="歩く" pos="VERB">歩い</instance>
         <wf lemma="て" pos="X">て</wf>
         <wf lemma="ください" pos="X">ください</wf>
         <wf lemma="、" pos="X">、</wf>
         <wf lemma="走ら" pos="X">走ら</wf>
         <wf lemma="ない" pos="X">ない</wf>
         <wf lemma="で" pos="X">で</wf>
         <wf lemma="ください" pos="X">ください</wf>
         <wf lemma="！" pos="X">！</wf>
         <wf lemma="." pos="X">.</wf>
      </sentence>
      <sentence id="d000.s1034" source="wordnet-japanese">
         <instance id="d000.s1034.t000" lemma="行進" pos="NOUN">行進</instance>
         <wf lemma="は" pos="X">は</wf>
         <wf lemma="五番街" pos="X">五番街</wf>
         <wf lemma="を" pos="X">を</wf>
         <wf lemma="進ん" pos="X">進ん</wf>
         <wf lemma="だ" pos="X">だ</wf>
         <wf lemma="." pos="X">.</wf>
      </sentence>
      <sentence id="d000.s1035" source="wordnet-japanese">
         <wf lemma="この" pos="X">この</wf>
         <instance id="d000.s1035.t000" lemma="ゲーム" pos="NOUN">ゲーム</instance>
         <wf lemma="を" pos="X">を</wf>
         <wf lemma="する" pos="X">する</wf>
         <wf lemma="に" pos="X">に</wf>
         <wf lemma="は" pos="X">は</wf>
         <wf lemma="4" pos="X">4</wf>
         <wf lemma="人" pos="X">人</wf>
         <wf lemma="必要" pos="X">必要</wf>
         <wf lemma="だ" pos="X">だ</wf>
         <wf lemma="." pos="X">.</wf>
      </sentence>
      <sentence id="d000.s1036" source="wordnet-japanese">
         <wf lemma="スタイル" pos="X">スタイル</wf>
         <wf lemma="的に" pos="X">的に</wf>
         <instance id="d000.s1036.t000" lemma="革新的" pos="ADJ">革新的</instance>
         <wf lemma="な" pos="X">な</wf>
         <wf lemma="作品" pos="X">作品</wf>
         <wf lemma="." pos="X">.</wf>
      </sentence>
      <sentence id="d000.s1037" source="wordnet-japanese">
         <instance id="d000.s1037.t000" lemma="広大" pos="ADJ">広大</instance>
         <wf lemma="な" pos="X">な</wf>
         <wf lemma="農地" pos="X">農地</wf>
         <wf lemma="." pos="X">.</wf>
      </sentence>
      <sentence id="d000.s1038" source="wordnet-japanese">
         <wf lemma="違反者" pos="X">違反者</wf>
         <wf lemma="は" pos="X">は</wf>
         <wf lemma="、" pos="X">、</wf>
         <wf lemma="彼ら" pos="X">彼ら</wf>
         <wf lemma="が" pos="X">が</wf>
         <wf lemma="受け" pos="X">受け</wf>
         <wf lemma="た" pos="X">た</wf>
         <wf lemma="重い" pos="X">重い</wf>
         <instance id="d000.s1038.t000" lemma="懲罰" pos="NOUN">懲罰</instance>
         <wf lemma="に" pos="X">に</wf>
         <wf lemma="値し" pos="X">値し</wf>
         <wf lemma="た" pos="X">た</wf>
         <wf lemma="." pos="X">.</wf>
      </sentence>
      <sentence id="d000.s1039" source="wordnet-japanese">
         <wf lemma="彼女" pos="X">彼女</wf>
         <wf lemma="は" pos="X">は</wf>
         <instance id="d000.s1039.t000" lemma="絶望的" pos="ADJ">絶望的</instance>
         <wf lemma="な" pos="X">な</wf>
         <wf lemma="ごちゃごちゃ" pos="X">ごちゃごちゃ</wf>
         <wf lemma="の" pos="X">の</wf>
         <wf lemma="紙" pos="X">紙</wf>
         <wf lemma="を" pos="X">を</wf>
         <wf lemma="私" pos="X">私</wf>
         <wf lemma="に" pos="X">に</wf>
         <wf lemma="手渡" pos="X">手渡</wf>
         <wf lemma="し" pos="X">し</wf>
         <wf lemma="た" pos="X">た</wf>
         <wf lemma="." pos="X">.</wf>
      </sentence>
      <sentence id="d000.s1040" source="wordnet-japanese">
         <wf lemma="砂" pos="X">砂</wf>
         <wf lemma="の" pos="X">の</wf>
         <wf lemma="大きな" pos="X">大きな</wf>
         <instance id="d000.s1040.t000" lemma="混合" pos="NOUN">混合</instance>
         <wf lemma="." pos="X">.</wf>
      </sentence>
      <sentence id="d000.s1041" source="wordnet-japanese">
         <wf lemma="偉大" pos="X">偉大</wf>
         <wf lemma="な" pos="X">な</wf>
         <wf lemma="著者" pos="X">著者</wf>
         <wf lemma="の" pos="X">の</wf>
         <instance id="d000.s1041.t000" lemma="略奪" pos="NOUN">略奪</instance>
         <wf lemma="." pos="X">.</wf>
      </sentence>
      <sentence id="d000.s1042" source="wordnet-japanese">
         <instance id="d000.s1042.t000" lemma="明快" pos="ADJ">明快</instance>
         <wf lemma="な" pos="X">な</wf>
         <wf lemma="指示" pos="X">指示</wf>
         <wf lemma="." pos="X">.</wf>
      </sentence>
      <sentence id="d000.s1043" source="wordnet-japanese">
         <wf lemma="しばしば" pos="X">しばしば</wf>
         <wf lemma="楽しむ" pos="X">楽しむ</wf>
         <wf lemma="ため" pos="X">ため</wf>
         <wf lemma="に" pos="X">に</wf>
         <wf lemma="は" pos="X">は</wf>
         <wf lemma="社会的" pos="X">社会的</wf>
         <wf lemma="に" pos="X">に</wf>
         <instance id="d000.s1043.t000" lemma="有利" pos="ADJ">有利</instance>
         <wf lemma="で" pos="X">で</wf>
         <wf lemma="ある" pos="X">ある</wf>
         <wf lemma="." pos="X">.</wf>
      </sentence>
      <sentence id="d000.s1044" source="wordnet-japanese">
         <wf lemma="CAT" pos="X">CAT</wf>
         <instance id="d000.s1044.t000" lemma="スキャン" pos="NOUN">スキャン</instance>
         <wf lemma="で" pos="X">で</wf>
         <wf lemma="腫瘍" pos="X">腫瘍</wf>
         <wf lemma="を" pos="X">を</wf>
         <wf lemma="見る" pos="X">見る</wf>
         <wf lemma="こと" pos="X">こと</wf>
         <wf lemma="が" pos="X">が</wf>
         <wf lemma="できる" pos="X">できる</wf>
         <wf lemma="." pos="X">.</wf>
      </sentence>
      <sentence id="d000.s1045" source="wordnet-japanese">
         <instance id="d000.s1045.t000" lemma="主題" pos="NOUN">主題</instance>
         <wf lemma="が" pos="X">が</wf>
         <wf lemma="最初" pos="X">最初</wf>
         <wf lemma="に" pos="X">に</wf>
         <wf lemma="出" pos="X">出</wf>
         <wf lemma="て" pos="X">て</wf>
         <wf lemma="き" pos="X">き</wf>
         <wf lemma="た" pos="X">た</wf>
         <wf lemma="." pos="X">.</wf>
      </sentence>
      <sentence id="d000.s1046" source="wordnet-japanese">
         <instance id="d000.s1046.t000" lemma="痛ましい" pos="ADJ">痛ましい</instance>
         <wf lemma="損失" pos="X">損失</wf>
         <wf lemma="." pos="X">.</wf>
      </sentence>
      <sentence id="d000.s1047" source="wordnet-japanese">
         <wf lemma="彼" pos="X">彼</wf>
         <wf lemma="は" pos="X">は</wf>
         <wf lemma="旅費" pos="X">旅費</wf>
         <wf lemma="の" pos="X">の</wf>
         <instance id="d000.s1047.t000" lemma="返済" pos="NOUN">返済</instance>
         <wf lemma="を" pos="X">を</wf>
         <wf lemma="受け取っ" pos="X">受け取っ</wf>
         <wf lemma="た" pos="X">た</wf>
         <wf lemma="." pos="X">.</wf>
      </sentence>
      <sentence id="d000.s1048" source="wordnet-japanese">
         <wf lemma="初期" pos="X">初期</wf>
         <wf lemma="の" pos="X">の</wf>
         <wf lemma="映画" pos="X">映画</wf>
         <wf lemma="で" pos="X">で</wf>
         <wf lemma="は" pos="X">は</wf>
         <wf lemma="、" pos="X">、</wf>
         <wf lemma="単に" pos="X">単に</wf>
         <wf lemma="当時" pos="X">当時</wf>
         <wf lemma="の" pos="X">の</wf>
         <instance id="d000.s1048.t000" lemma="舞台" pos="NOUN">舞台</instance>
         <wf lemma="俳優" pos="X">俳優</wf>
         <wf lemma="二" pos="X">二</wf>
         <wf lemma="人" pos="X">人</wf>
         <wf lemma="による" pos="X">による</wf>
         <wf lemma="長い" pos="X">長い</wf>
         <wf lemma="キス" pos="X">キス</wf>
         <wf lemma="を" pos="X">を</wf>
         <wf lemma="見せ" pos="X">見せ</wf>
         <wf lemma="て" pos="X">て</wf>
         <wf lemma="い" pos="X">い</wf>
         <wf lemma="た" pos="X">た</wf>
         <wf lemma="." pos="X">.</wf>
      </sentence>
      <sentence id="d000.s1049" source="wordnet-japanese">
         <instance id="d000.s1049.t000" lemma="素晴らしい" pos="ADJ">素晴らしい</instance>
         <wf lemma="演説" pos="X">演説</wf>
         <wf lemma="を" pos="X">を</wf>
         <wf lemma="し" pos="X">し</wf>
         <wf lemma="た" pos="X">た</wf>
         <wf lemma="." pos="X">.</wf>
      </sentence>
      <sentence id="d000.s1050" source="wordnet-japanese">
         <wf lemma="非常" pos="X">非常</wf>
         <wf lemma="に" pos="X">に</wf>
         <wf lemma="疲れ" pos="X">疲れ</wf>
         <wf lemma="て" pos="X">て</wf>
         <wf lemma="い" pos="X">い</wf>
         <wf lemma="た" pos="X">た</wf>
         <wf lemma="ので" pos="X">ので</wf>
         <wf lemma="、" pos="X">、</wf>
         <wf lemma="彼女" pos="X">彼女</wf>
         <wf lemma="の" pos="X">の</wf>
         <wf lemma="周り" pos="X">周り</wf>
         <wf lemma="で" pos="X">で</wf>
         <wf lemma="起こっ" pos="X">起こっ</wf>
         <wf lemma="た" pos="X">た</wf>
         <wf lemma="こと" pos="X">こと</wf>
         <wf lemma="に" pos="X">に</wf>
         <instance id="d000.s1050.t000" lemma="鈍感" pos="ADJ">鈍感</instance>
         <wf lemma="でし" pos="X">でし</wf>
         <wf lemma="た" pos="X">た</wf>
         <wf lemma="。" pos="X">。</wf>
         <wf lemma="−ウィラ" pos="X">−ウィラ</wf>
         <wf lemma="・" pos="X">・</wf>
         <wf lemma="キャサー" pos="X">キャサー</wf>
         <wf lemma="." pos="X">.</wf>
      </sentence>
      <sentence id="d000.s1051" source="wordnet-japanese">
         <wf lemma="あなた" pos="X">あなた</wf>
         <wf lemma="は" pos="X">は</wf>
         <instance id="d000.s1051.t000" lemma="比較的" pos="ADV">比較的</instance>
         <wf lemma="もっと" pos="X">もっと</wf>
         <wf lemma="一生けん" pos="X">一生けん</wf>
         <wf lemma="命" pos="X">命</wf>
         <wf lemma="に" pos="X">に</wf>
         <wf lemma="働く" pos="X">働く</wf>
         <wf lemma="であろ" pos="X">であろ</wf>
         <wf lemma="う" pos="X">う</wf>
         <wf lemma="." pos="X">.</wf>
      </sentence>
      <sentence id="d000.s1052" source="wordnet-japanese">
         <wf lemma="私達" pos="X">私達</wf>
         <wf lemma="の" pos="X">の</wf>
         <wf lemma="ウクレレ" pos="X">ウクレレ</wf>
         <wf lemma="は" pos="X">は</wf>
         <wf lemma="、" pos="X">、</wf>
         <wf lemma="よりよい" pos="X">よりよい</wf>
         <wf lemma="音" pos="X">音</wf>
         <wf lemma="と" pos="X">と</wf>
         <instance id="d000.s1052.t000" lemma="射影" pos="NOUN">射影</instance>
         <wf lemma="を" pos="X">を</wf>
         <wf lemma="持つ" pos="X">持つ</wf>
         <wf lemma="よう" pos="X">よう</wf>
         <wf lemma="作ら" pos="X">作ら</wf>
         <wf lemma="れ" pos="X">れ</wf>
         <wf lemma="て" pos="X">て</wf>
         <wf lemma="いる" pos="X">いる</wf>
         <wf lemma="." pos="X">.</wf>
      </sentence>
      <sentence id="d000.s1053" source="wordnet-japanese">
         <wf lemma="イザヤ" pos="X">イザヤ</wf>
         <instance id="d000.s1053.t000" lemma="書" pos="NOUN">書</instance>
         <wf lemma="." pos="X">.</wf>
      </sentence>
      <sentence id="d000.s1054" source="wordnet-japanese">
         <wf lemma="おいしい" pos="X">おいしい</wf>
         <instance id="d000.s1054.t000" lemma="正当" pos="ADJ">正当</instance>
         <wf lemma="な" pos="X">な</wf>
         <wf lemma="食物" pos="X">食物</wf>
         <wf lemma="." pos="X">.</wf>
      </sentence>
      <sentence id="d000.s1055" source="wordnet-japanese">
         <wf lemma="話" pos="X">話</wf>
         <wf lemma="を" pos="X">を</wf>
         <wf lemma="再び" pos="X">再び</wf>
         <instance id="d000.s1055.t000" lemma="語る" pos="VERB">語る</instance>
         <wf lemma="." pos="X">.</wf>
      </sentence>
      <sentence id="d000.s1056" source="wordnet-japanese">
         <wf lemma="彼" pos="X">彼</wf>
         <wf lemma="は" pos="X">は</wf>
         <wf lemma="電気通信" pos="X">電気通信</wf>
         <wf lemma="の" pos="X">の</wf>
         <instance id="d000.s1056.t000" lemma="講義" pos="NOUN">講義</instance>
         <wf lemma="に" pos="X">に</wf>
         <wf lemma="出席" pos="X">出席</wf>
         <wf lemma="し" pos="X">し</wf>
         <wf lemma="た" pos="X">た</wf>
         <wf lemma="." pos="X">.</wf>
      </sentence>
      <sentence id="d000.s1057" source="wordnet-japanese">
         <wf lemma="斬首" pos="X">斬首</wf>
         <wf lemma="の" pos="X">の</wf>
         <instance id="d000.s1057.t000" lemma="恐ろしい" pos="ADJ">恐ろしい</instance>
         <wf lemma="犯罪" pos="X">犯罪</wf>
         <wf lemma="." pos="X">.</wf>
      </sentence>
      <sentence id="d000.s1058" source="wordnet-japanese">
         <wf lemma="政策" pos="X">政策</wf>
         <wf lemma="立案者" pos="X">立案者</wf>
         <wf lemma="の" pos="X">の</wf>
         <wf lemma="間" pos="X">間</wf>
         <wf lemma="の" pos="X">の</wf>
         <instance id="d000.s1058.t000" lemma="支配的" pos="ADJ">支配的</instance>
         <wf lemma="な" pos="X">な</wf>
         <wf lemma="雰囲気" pos="X">雰囲気</wf>
         <wf lemma="は" pos="X">は</wf>
         <wf lemma="、" pos="X">、</wf>
         <wf lemma="楽観論" pos="X">楽観論</wf>
         <wf lemma="である" pos="X">である</wf>
         <wf lemma="." pos="X">.</wf>
      </sentence>
      <sentence id="d000.s1059" source="wordnet-japanese">
         <wf lemma="能力" pos="X">能力</wf>
         <wf lemma="が" pos="X">が</wf>
         <wf lemma="あっ" pos="X">あっ</wf>
         <wf lemma="て" pos="X">て</wf>
         <instance id="d000.s1059.t000" lemma="正しい" pos="ADJ">正しい</instance>
         <wf lemma="男" pos="X">男</wf>
         <wf lemma="の" pos="X">の</wf>
         <wf lemma="祈り" pos="X">祈り</wf>
         <wf lemma="?" pos="X">?</wf>
         <wf lemma="ジェームス" pos="X">ジェームス</wf>
         <wf lemma="5" pos="X">5</wf>
         <wf lemma="：" pos="X">：</wf>
         <wf lemma="16" pos="X">16</wf>
         <wf lemma="." pos="X">.</wf>
      </sentence>
      <sentence id="d000.s1060" source="wordnet-japanese">
         <wf lemma="彼女" pos="X">彼女</wf>
         <wf lemma="は" pos="X">は</wf>
         <wf lemma="対戦" pos="X">対戦</wf>
         <wf lemma="相手" pos="X">相手</wf>
         <wf lemma="を" pos="X">を</wf>
         <instance id="d000.s1060.t000" lemma="破る" pos="VERB">破っ</instance>
         <wf lemma="た" pos="X">た</wf>
         <wf lemma="." pos="X">.</wf>
      </sentence>
      <sentence id="d000.s1061" source="wordnet-japanese">
         <wf lemma="左翼" pos="X">左翼</wf>
         <wf lemma="を" pos="X">を</wf>
         <instance id="d000.s1061.t000" lemma="浅い" pos="ADJ">浅く</instance>
         <wf lemma="する" pos="X">する</wf>
         <wf lemma="ため" pos="X">ため</wf>
         <wf lemma="に" pos="X">に</wf>
         <wf lemma="ボール" pos="X">ボール</wf>
         <wf lemma="を" pos="X">を</wf>
         <wf lemma="打つ" pos="X">打つ</wf>
         <wf lemma="." pos="X">.</wf>
      </sentence>
      <sentence id="d000.s1062" source="wordnet-japanese">
         <wf lemma="下落" pos="X">下落</wf>
         <wf lemma="は" pos="X">は</wf>
         <instance id="d000.s1062.t000" lemma="技術的" pos="ADJ">技術的</instance>
         <wf lemma="訂正" pos="X">訂正</wf>
         <wf lemma="に" pos="X">に</wf>
         <wf lemma="すぎ" pos="X">すぎ</wf>
         <wf lemma="ない" pos="X">ない</wf>
         <wf lemma="." pos="X">.</wf>
      </sentence>
      <sentence id="d000.s1063" source="wordnet-japanese">
         <wf lemma="画家" pos="X">画家</wf>
         <wf lemma="は" pos="X">は</wf>
         <wf lemma="妻" pos="X">妻</wf>
         <wf lemma="を" pos="X">を</wf>
         <wf lemma="少女" pos="X">少女</wf>
         <wf lemma="と" pos="X">と</wf>
         <wf lemma="し" pos="X">し</wf>
         <wf lemma="て" pos="X">て</wf>
         <instance id="d000.s1063.t000" lemma="表す" pos="VERB">表し</instance>
         <wf lemma="た" pos="X">た</wf>
         <wf lemma="." pos="X">.</wf>
      </sentence>
      <sentence id="d000.s1064" source="wordnet-japanese">
         <wf lemma="新人" pos="X">新人</wf>
         <wf lemma="が" pos="X">が</wf>
         <wf lemma="何" pos="X">何</wf>
         <wf lemma="を" pos="X">を</wf>
         <wf lemma="する" pos="X">する</wf>
         <wf lemma="か" pos="X">か</wf>
         <wf lemma="分から" pos="X">分から</wf>
         <wf lemma="ない" pos="X">ない</wf>
         <wf lemma="；" pos="X">；</wf>
         <wf lemma="彼" pos="X">彼</wf>
         <wf lemma="は" pos="X">は</wf>
         <wf lemma="まだ" pos="X">まだ</wf>
         <instance id="d000.s1064.t000" lemma="未知数" pos="NOUN">未知数</instance>
         <wf lemma="だ" pos="X">だ</wf>
         <wf lemma="." pos="X">.</wf>
      </sentence>
      <sentence id="d000.s1065" source="wordnet-japanese">
         <wf lemma="すべて" pos="X">すべて</wf>
         <wf lemma="の" pos="X">の</wf>
         <wf lemma="人" pos="X">人</wf>
         <wf lemma="は" pos="X">は</wf>
         <wf lemma="法律" pos="X">法律</wf>
         <wf lemma="の" pos="X">の</wf>
         <wf lemma="前" pos="X">前</wf>
         <wf lemma="に" pos="X">に</wf>
         <instance id="d000.s1065.t000" lemma="等しい" pos="ADJ">等しい</instance>
         <wf lemma="." pos="X">.</wf>
      </sentence>
      <sentence id="d000.s1066" source="wordnet-japanese">
         <wf lemma="彼ら" pos="X">彼ら</wf>
         <wf lemma="は" pos="X">は</wf>
         <wf lemma="1" pos="X">1</wf>
         <wf lemma="時間" pos="X">時間</wf>
         <wf lemma="足ら" pos="X">足ら</wf>
         <wf lemma="ずで" pos="X">ずで</wf>
         <wf lemma="サーカス" pos="X">サーカス</wf>
         <wf lemma="の" pos="X">の</wf>
         <wf lemma="大" pos="X">大</wf>
         <instance id="d000.s1066.t000" lemma="テント" pos="NOUN">テント</instance>
         <wf lemma="を" pos="X">を</wf>
         <wf lemma="組み立て" pos="X">組み立て</wf>
         <wf lemma="た" pos="X">た</wf>
         <wf lemma="." pos="X">.</wf>
      </sentence>
      <sentence id="d000.s1067" source="wordnet-japanese">
         <wf lemma="彼ら" pos="X">彼ら</wf>
         <wf lemma="は" pos="X">は</wf>
         <wf lemma="森林" pos="X">森林</wf>
         <wf lemma="から" pos="X">から</wf>
         <wf lemma="広大" pos="X">広大</wf>
         <wf lemma="な" pos="X">な</wf>
         <instance id="d000.s1067.t000" lemma="平原" pos="NOUN">平原</instance>
         <wf lemma="に" pos="X">に</wf>
         <wf lemma="出" pos="X">出</wf>
         <wf lemma="て" pos="X">て</wf>
         <wf lemma="き" pos="X">き</wf>
         <wf lemma="た" pos="X">た</wf>
         <wf lemma="." pos="X">.</wf>
      </sentence>
      <sentence id="d000.s1068" source="wordnet-japanese">
         <wf lemma="アメリカ" pos="X">アメリカ</wf>
         <wf lemma="の" pos="X">の</wf>
         <wf lemma="英国" pos="X">英国</wf>
         <instance id="d000.s1068.t000" lemma="植民地化" pos="NOUN">植民地化</instance>
         <wf lemma="." pos="X">.</wf>
      </sentence>
      <sentence id="d000.s1069" source="wordnet-japanese">
         <wf lemma="とても" pos="X">とても</wf>
         <wf lemma="自然" pos="X">自然</wf>
         <wf lemma="と" pos="X">と</wf>
         <instance id="d000.s1069.t000" lemma="親密" pos="ADJ">親密</instance>
         <wf lemma="な" pos="X">な</wf>
         <wf lemma="この" pos="X">この</wf>
         <wf lemma="女" pos="X">女</wf>
         <wf lemma="の" pos="X">の</wf>
         <wf lemma="子" pos="X">子</wf>
         <wf lemma="−" pos="X">−</wf>
         <wf lemma="W.H" pos="X">W.H</wf>
         <wf lemma="." pos="X">.</wf>
         <wf lemma="ハドソン" pos="X">ハドソン</wf>
         <wf lemma="." pos="X">.</wf>
      </sentence>
      <sentence id="d000.s1070" source="wordnet-japanese">
         <wf lemma="5" pos="X">5</wf>
         <wf lemma="種類" pos="X">種類</wf>
         <wf lemma="の" pos="X">の</wf>
         <wf lemma="雑誌" pos="X">雑誌</wf>
         <wf lemma="が" pos="X">が</wf>
         <wf lemma="彼ら" pos="X">彼ら</wf>
         <wf lemma="の" pos="X">の</wf>
         <wf lemma="出版" pos="X">出版</wf>
         <wf lemma="計画" pos="X">計画</wf>
         <wf lemma="の" pos="X">の</wf>
         <instance id="d000.s1070.t000" lemma="核" pos="NOUN">核</instance>
         <wf lemma="を" pos="X">を</wf>
         <wf lemma="成し" pos="X">成し</wf>
         <wf lemma="て" pos="X">て</wf>
         <wf lemma="いる" pos="X">いる</wf>
         <wf lemma="." pos="X">.</wf>
      </sentence>
      <sentence id="d000.s1071" source="wordnet-japanese">
         <instance id="d000.s1071.t000" lemma="走る" pos="VERB">走ら</instance>
         <wf lemma="ない" pos="X">ない</wf>
         <wf lemma="で" pos="X">で</wf>
         <wf lemma="下さい" pos="X">下さい</wf>
         <wf lemma="−" pos="X">−</wf>
         <wf lemma="−息" pos="X">−息</wf>
         <wf lemma="が" pos="X">が</wf>
         <wf lemma="切れ" pos="X">切れ</wf>
         <wf lemma="ます" pos="X">ます</wf>
         <wf lemma="よ" pos="X">よ</wf>
         <wf lemma="." pos="X">.</wf>
      </sentence>
      <sentence id="d000.s1072" source="wordnet-japanese">
         <wf lemma="彼" pos="X">彼</wf>
         <wf lemma="は" pos="X">は</wf>
         <wf lemma="シアーズ" pos="X">シアーズ</wf>
         <instance id="d000.s1072.t000" lemma="カタログ" pos="NOUN">カタログ</instance>
         <wf lemma="で" pos="X">で</wf>
         <wf lemma="それ" pos="X">それ</wf>
         <wf lemma="を" pos="X">を</wf>
         <wf lemma="見つけ" pos="X">見つけ</wf>
         <wf lemma="た" pos="X">た</wf>
         <wf lemma="." pos="X">.</wf>
      </sentence>
      <sentence id="d000.s1073" source="wordnet-japanese">
         <wf lemma="ペトリ" pos="X">ペトリ</wf>
         <wf lemma="皿" pos="X">皿</wf>
         <wf lemma="で" pos="X">で</wf>
         <wf lemma="の" pos="X">の</wf>
         <wf lemma="細胞" pos="X">細胞</wf>
         <wf lemma="の" pos="X">の</wf>
         <instance id="d000.s1073.t000" lemma="培養" pos="NOUN">培養</instance>
         <wf lemma="." pos="X">.</wf>
      </sentence>
      <sentence id="d000.s1074" source="wordnet-japanese">
         <instance id="d000.s1074.t000" lemma="強い" pos="ADJ">強い</instance>
         <wf lemma="薬" pos="X">薬</wf>
         <wf lemma="." pos="X">.</wf>
      </sentence>
      <sentence id="d000.s1075" source="wordnet-japanese">
         <wf lemma="漁師" pos="X">漁師</wf>
         <wf lemma="ら" pos="X">ら</wf>
         <wf lemma="は" pos="X">は</wf>
         <wf lemma="毛ばり" pos="X">毛ばり</wf>
         <wf lemma="を" pos="X">を</wf>
         <instance id="d000.s1075.t000" lemma="結ぶ" pos="VERB">結ん</instance>
         <wf lemma="だ" pos="X">だ</wf>
         <wf lemma="." pos="X">.</wf>
      </sentence>
      <sentence id="d000.s1076" source="wordnet-japanese">
         <wf lemma="非難" pos="X">非難</wf>
         <wf lemma="の" pos="X">の</wf>
         <instance id="d000.s1076.t000" lemma="苦悩" pos="NOUN">苦悩</instance>
         <wf lemma="." pos="X">.</wf>
      </sentence>
      <sentence id="d000.s1077" source="wordnet-japanese">
         <instance id="d000.s1077.t000" lemma="突然" pos="ADV">突然</instance>
         <wf lemma="、" pos="X">、</wf>
         <wf lemma="彼女" pos="X">彼女</wf>
         <wf lemma="は" pos="X">は</wf>
         <wf lemma="横腹" pos="X">横腹</wf>
         <wf lemma="に" pos="X">に</wf>
         <wf lemma="鋭い" pos="X">鋭い</wf>
         <wf lemma="痛み" pos="X">痛み</wf>
         <wf lemma="を" pos="X">を</wf>
         <wf lemma="感じ" pos="X">感じ</wf>
         <wf lemma="た" pos="X">た</wf>
         <wf lemma="." pos="X">.</wf>
      </sentence>
      <sentence id="d000.s1078" source="wordnet-japanese">
         <instance id="d000.s1078.t000" lemma="情熱的" pos="ADJ">情熱的</instance>
         <wf lemma="な" pos="X">な</wf>
         <wf lemma="恋人" pos="X">恋人</wf>
         <wf lemma="." pos="X">.</wf>
      </sentence>
      <sentence id="d000.s1079" source="wordnet-japanese">
         <wf lemma="入社" pos="X">入社</wf>
         <wf lemma="を" pos="X">を</wf>
         <wf lemma="許可" pos="X">許可</wf>
         <wf lemma="する" pos="X">する</wf>
         <instance id="d000.s1079.t000" lemma="資格" pos="NOUN">資格</instance>
         <wf lemma="の" pos="X">の</wf>
         <wf lemma="1" pos="X">1</wf>
         <wf lemma="つ" pos="X">つ</wf>
         <wf lemma="は" pos="X">は</wf>
         <wf lemma="学位" pos="X">学位</wf>
         <wf lemma="である" pos="X">である</wf>
         <wf lemma="." pos="X">.</wf>
      </sentence>
      <sentence id="d000.s1080" source="wordnet-japanese">
         <wf lemma="メアリー" pos="X">メアリー</wf>
         <wf lemma="は" pos="X">は</wf>
         <wf lemma="最も" pos="X">最も</wf>
         <wf lemma="上手" pos="X">上手</wf>
         <wf lemma="に" pos="X">に</wf>
         <wf lemma="演奏" pos="X">演奏</wf>
         <wf lemma="する" pos="X">する</wf>
         <wf lemma="、" pos="X">、</wf>
         <wf lemma="それ" pos="X">それ</wf>
         <wf lemma="に" pos="X">に</wf>
         <wf lemma="ジョン" pos="X">ジョン</wf>
         <wf lemma="と" pos="X">と</wf>
         <wf lemma="スー" pos="X">スー</wf>
         <wf lemma="が" pos="X">が</wf>
         <instance id="d000.s1080.t000" lemma="続く" pos="VERB">続く</instance>
         <wf lemma="." pos="X">.</wf>
      </sentence>
      <sentence id="d000.s1081" source="wordnet-japanese">
         <wf lemma="彼ら" pos="X">彼ら</wf>
         <wf lemma="は" pos="X">は</wf>
         <wf lemma="圧倒的" pos="X">圧倒的</wf>
         <wf lemma="な" pos="X">な</wf>
         <wf lemma="敵" pos="X">敵</wf>
         <wf lemma="の" pos="X">の</wf>
         <instance id="d000.s1081.t000" lemma="射撃" pos="NOUN">射撃</instance>
         <wf lemma="を" pos="X">を</wf>
         <wf lemma="受け" pos="X">受け</wf>
         <wf lemma="て" pos="X">て</wf>
         <wf lemma="退却" pos="X">退却</wf>
         <wf lemma="し" pos="X">し</wf>
         <wf lemma="た" pos="X">た</wf>
         <wf lemma="." pos="X">.</wf>
      </sentence>
      <sentence id="d000.s1082" source="wordnet-japanese">
         <wf lemma="多く" pos="X">多く</wf>
         <wf lemma="の" pos="X">の</wf>
         <instance id="d000.s1082.t000" lemma="レベル" pos="NOUN">レベル</instance>
         <wf lemma="で" pos="X">で</wf>
         <wf lemma="の" pos="X">の</wf>
         <wf lemma="同時" pos="X">同時</wf>
         <wf lemma="に" pos="X">に</wf>
         <wf lemma="起こる" pos="X">起こる</wf>
         <wf lemma="心" pos="X">心</wf>
         <wf lemma="の" pos="X">の</wf>
         <wf lemma="機能" pos="X">機能</wf>
         <wf lemma="." pos="X">.</wf>
      </sentence>
      <sentence id="d000.s1083" source="wordnet-japanese">
         <wf lemma="客観性" pos="X">客観性</wf>
         <wf lemma="の" pos="X">の</wf>
         <instance id="d000.s1083.t000" lemma="非科学的" pos="ADJ">非科学的</instance>
         <wf lemma="欠如" pos="X">欠如</wf>
         <wf lemma="." pos="X">.</wf>
      </sentence>
      <sentence id="d000.s1084" source="wordnet-japanese">
         <instance id="d000.s1084.t000" lemma="緊急" pos="ADJ">緊急</instance>
         <wf lemma="で" pos="X">で</wf>
         <wf lemma="重大" pos="X">重大</wf>
         <wf lemma="である" pos="X">である</wf>
         <wf lemma="と" pos="X">と</wf>
         <wf lemma="さ" pos="X">さ</wf>
         <wf lemma="れる" pos="X">れる</wf>
         <wf lemma="文学的" pos="X">文学的</wf>
         <wf lemma="な" pos="X">な</wf>
         <wf lemma="議論" pos="X">議論</wf>
         <wf lemma="−" pos="X">−</wf>
         <wf lemma="H.L" pos="X">H.L</wf>
         <wf lemma="." pos="X">.</wf>
         <wf lemma="メンケン" pos="X">メンケン</wf>
         <wf lemma="." pos="X">.</wf>
      </sentence>
      <sentence id="d000.s1085" source="wordnet-japanese">
         <instance id="d000.s1085.t000" lemma="自然分娩" pos="NOUN">自然分娩</instance>
         <wf lemma="は" pos="X">は</wf>
         <wf lemma="赤ん坊" pos="X">赤ん坊</wf>
         <wf lemma="にとって" pos="X">にとって</wf>
         <wf lemma="最も" pos="X">最も</wf>
         <wf lemma="安全" pos="X">安全</wf>
         <wf lemma="である" pos="X">である</wf>
         <wf lemma="と" pos="X">と</wf>
         <wf lemma="考え" pos="X">考え</wf>
         <wf lemma="られ" pos="X">られ</wf>
         <wf lemma="て" pos="X">て</wf>
         <wf lemma="いる" pos="X">いる</wf>
         <wf lemma="." pos="X">.</wf>
      </sentence>
      <sentence id="d000.s1086" source="wordnet-japanese">
         <wf lemma="蜂と" pos="X">蜂と</wf>
         <wf lemma="スズメバチ" pos="X">スズメバチ</wf>
         <wf lemma="の" pos="X">の</wf>
         <wf lemma="黒" pos="X">黒</wf>
         <wf lemma="と" pos="X">と</wf>
         <wf lemma="黄色" pos="X">黄色</wf>
         <wf lemma="の" pos="X">の</wf>
         <instance id="d000.s1086.t000" lemma="縞模様" pos="NOUN">縞模様</instance>
         <wf lemma="." pos="X">.</wf>
      </sentence>
      <sentence id="d000.s1087" source="wordnet-japanese">
         <instance id="d000.s1087.t000" lemma="力" pos="NOUN">力</instance>
         <wf lemma="は" pos="X">は</wf>
         <wf lemma="加速度" pos="X">加速度</wf>
         <wf lemma="の" pos="X">の</wf>
         <wf lemma="積の価" pos="X">積の価</wf>
         <wf lemma="に" pos="X">に</wf>
         <wf lemma="等しい" pos="X">等しい</wf>
         <wf lemma="." pos="X">.</wf>
      </sentence>
      <sentence id="d000.s1088" source="wordnet-japanese">
         <instance id="d000.s1088.t000" lemma="経済的" pos="ADJ">経済的</instance>
         <wf lemma="な" pos="X">な</wf>
         <wf lemma="食事" pos="X">食事</wf>
         <wf lemma="." pos="X">.</wf>
      </sentence>
      <sentence id="d000.s1089" source="wordnet-japanese">
         <wf lemma="危険" pos="X">危険</wf>
         <wf lemma="な" pos="X">な</wf>
         <instance id="d000.s1089.t000" lemma="状況" pos="NOUN">状況</instance>
         <wf lemma="が" pos="X">が</wf>
         <wf lemma="突然" pos="X">突然</wf>
         <wf lemma="発達" pos="X">発達</wf>
         <wf lemma="し" pos="X">し</wf>
         <wf lemma="た" pos="X">た</wf>
         <wf lemma="." pos="X">.</wf>
      </sentence>
      <sentence id="d000.s1090" source="wordnet-japanese">
         <wf lemma="彼" pos="X">彼</wf>
         <wf lemma="は" pos="X">は</wf>
         <wf lemma="膝" pos="X">膝</wf>
         <wf lemma="に" pos="X">に</wf>
         <instance id="d000.s1090.t000" lemma="副木" pos="NOUN">副木</instance>
         <wf lemma="を" pos="X">を</wf>
         <wf lemma="し" pos="X">し</wf>
         <wf lemma="た" pos="X">た</wf>
         <wf lemma="." pos="X">.</wf>
      </sentence>
      <sentence id="d000.s1091" source="wordnet-japanese">
         <wf lemma="土" pos="X">土</wf>
         <wf lemma="の" pos="X">の</wf>
         <instance id="d000.s1091.t000" lemma="化学" pos="NOUN">化学</instance>
         <wf lemma="作用" pos="X">作用</wf>
         <wf lemma="." pos="X">.</wf>
      </sentence>
      <sentence id="d000.s1092" source="wordnet-japanese">
         <wf lemma="警察" pos="X">警察</wf>
         <wf lemma="は" pos="X">は</wf>
         <wf lemma="有望" pos="X">有望</wf>
         <wf lemma="な" pos="X">な</wf>
         <instance id="d000.s1092.t000" lemma="手がかり" pos="NOUN">手がかり</instance>
         <wf lemma="を" pos="X">を</wf>
         <wf lemma="追っ" pos="X">追っ</wf>
         <wf lemma="て" pos="X">て</wf>
         <wf lemma="いる" pos="X">いる</wf>
         <wf lemma="." pos="X">.</wf>
      </sentence>
      <sentence id="d000.s1093" source="wordnet-japanese">
         <instance id="d000.s1093.t000" lemma="ロマンチック" pos="ADJ">ロマンチック</instance>
         <wf lemma="な" pos="X">な</wf>
         <wf lemma="詩" pos="X">詩</wf>
         <wf lemma="." pos="X">.</wf>
      </sentence>
      <sentence id="d000.s1094" source="wordnet-japanese">
         <wf lemma="色" pos="X">色</wf>
         <wf lemma="や" pos="X">や</wf>
         <wf lemma="装飾" pos="X">装飾</wf>
         <wf lemma="を" pos="X">を</wf>
         <instance id="d000.s1094.t000" lemma="野蛮" pos="ADJ">野蛮</instance>
         <wf lemma="に" pos="X">に</wf>
         <wf lemma="用いる" pos="X">用いる</wf>
         <wf lemma="こと" pos="X">こと</wf>
         <wf lemma="." pos="X">.</wf>
      </sentence>
      <sentence id="d000.s1095" source="wordnet-japanese">
         <wf lemma="1" pos="X">1</wf>
         <wf lemma="つ" pos="X">つ</wf>
         <wf lemma="の" pos="X">の</wf>
         <wf lemma="場面" pos="X">場面</wf>
         <wf lemma="から" pos="X">から</wf>
         <wf lemma="もう" pos="X">もう</wf>
         <wf lemma="一" pos="X">一</wf>
         <wf lemma="つ" pos="X">つ</wf>
         <wf lemma="の" pos="X">の</wf>
         <wf lemma="場面" pos="X">場面</wf>
         <wf lemma="まで" pos="X">まで</wf>
         <wf lemma="を" pos="X">を</wf>
         <instance id="d000.s1095.t000" lemma="切る" pos="VERB">切る</instance>
         <wf lemma="." pos="X">.</wf>
      </sentence>
      <sentence id="d000.s1096" source="wordnet-japanese">
         <wf lemma="自由" pos="X">自由</wf>
         <wf lemma="の" pos="X">の</wf>
         <instance id="d000.s1096.t000" lemma="伝統" pos="NOUN">伝統</instance>
         <wf lemma="." pos="X">.</wf>
      </sentence>
      <sentence id="d000.s1097" source="wordnet-japanese">
         <wf lemma="距離" pos="X">距離</wf>
         <wf lemma="は" pos="X">は</wf>
         <wf lemma="一" pos="X">一</wf>
         <wf lemma="マイル" pos="X">マイル</wf>
         <wf lemma="ごと" pos="X">ごと</wf>
         <wf lemma="に" pos="X">に</wf>
         <instance id="d000.s1097.t000" lemma="尺度" pos="NOUN">尺度</instance>
         <wf lemma="で" pos="X">で</wf>
         <wf lemma="記さ" pos="X">記さ</wf>
         <wf lemma="れ" pos="X">れ</wf>
         <wf lemma="た" pos="X">た</wf>
         <wf lemma="." pos="X">.</wf>
      </sentence>
      <sentence id="d000.s1098" source="wordnet-japanese">
         <instance id="d000.s1098.t000" lemma="歴史的" pos="ADV">歴史的</instance>
         <wf lemma="に" pos="X">に</wf>
         <wf lemma="、" pos="X">、</wf>
         <wf lemma="それら" pos="X">それら</wf>
         <wf lemma="は" pos="X">は</wf>
         <wf lemma="一度" pos="X">一度</wf>
         <wf lemma="も" pos="X">も</wf>
         <wf lemma="平和的" pos="X">平和的</wf>
         <wf lemma="に" pos="X">に</wf>
         <wf lemma="共存" pos="X">共存</wf>
         <wf lemma="し" pos="X">し</wf>
         <wf lemma="た" pos="X">た</wf>
         <wf lemma="こと" pos="X">こと</wf>
         <wf lemma="が" pos="X">が</wf>
         <wf lemma="ない" pos="X">ない</wf>
         <wf lemma="." pos="X">.</wf>
      </sentence>
      <sentence id="d000.s1099" source="wordnet-japanese">
         <instance id="d000.s1099.t000" lemma="親しい" pos="ADJ">親しい</instance>
         <wf lemma="間柄" pos="X">間柄</wf>
         <wf lemma="." pos="X">.</wf>
      </sentence>
      <sentence id="d000.s1100" source="wordnet-japanese">
         <wf lemma="彼" pos="X">彼</wf>
         <wf lemma="は" pos="X">は</wf>
         <wf lemma="すべて" pos="X">すべて</wf>
         <wf lemma="の" pos="X">の</wf>
         <instance id="d000.s1100.t000" lemma="義務的" pos="ADJ">義務的</instance>
         <wf lemma="な" pos="X">な</wf>
         <wf lemma="謝罪" pos="X">謝罪</wf>
         <wf lemma="を" pos="X">を</wf>
         <wf lemma="し" pos="X">し</wf>
         <wf lemma="た" pos="X">た</wf>
         <wf lemma="." pos="X">.</wf>
      </sentence>
      <sentence id="d000.s1101" source="wordnet-japanese">
         <wf lemma="彼" pos="X">彼</wf>
         <wf lemma="は" pos="X">は</wf>
         <instance id="d000.s1101.t000" lemma="たぶん" pos="ADV">たぶん</instance>
         <wf lemma="選挙" pos="X">選挙</wf>
         <wf lemma="に" pos="X">に</wf>
         <wf lemma="勝つ" pos="X">勝つ</wf>
         <wf lemma="であろ" pos="X">であろ</wf>
         <wf lemma="う" pos="X">う</wf>
         <wf lemma="." pos="X">.</wf>
      </sentence>
      <sentence id="d000.s1102" source="wordnet-japanese">
         <wf lemma="砂糖" pos="X">砂糖</wf>
         <wf lemma="は" pos="X">は</wf>
         <wf lemma="コーヒー" pos="X">コーヒー</wf>
         <wf lemma="の" pos="X">の</wf>
         <wf lemma="中" pos="X">中</wf>
         <wf lemma="で" pos="X">で</wf>
         <wf lemma="すばやく" pos="X">すばやく</wf>
         <instance id="d000.s1102.t000" lemma="溶ける" pos="VERB">溶け</instance>
         <wf lemma="た" pos="X">た</wf>
         <wf lemma="." pos="X">.</wf>
      </sentence>
      <sentence id="d000.s1103" source="wordnet-japanese">
         <wf lemma="彼" pos="X">彼</wf>
         <wf lemma="の" pos="X">の</wf>
         <wf lemma="犬" pos="X">犬</wf>
         <wf lemma="が" pos="X">が</wf>
         <wf lemma="死ん" pos="X">死ん</wf>
         <wf lemma="だ" pos="X">だ</wf>
         <wf lemma="ので" pos="X">ので</wf>
         <wf lemma="、" pos="X">、</wf>
         <instance id="d000.s1103.t000" lemma="悲しい" pos="ADJ">悲しい</instance>
         <wf lemma="." pos="X">.</wf>
      </sentence>
      <sentence id="d000.s1104" source="wordnet-japanese">
         <wf lemma="警察" pos="X">警察</wf>
         <wf lemma="を" pos="X">を</wf>
         <instance id="d000.s1104.t000" lemma="呼ぶ" pos="VERB">呼ん</instance>
         <wf lemma="で" pos="X">で</wf>
         <wf lemma="ください" pos="X">ください</wf>
         <wf lemma="！" pos="X">！</wf>
         <wf lemma="." pos="X">.</wf>
      </sentence>
      <sentence id="d000.s1105" source="wordnet-japanese">
         <wf lemma="どの" pos="X">どの</wf>
         <instance id="d000.s1105.t000" lemma="クラブ" pos="NOUN">クラブ</instance>
         <wf lemma="も" pos="X">も</wf>
         <wf lemma="所属" pos="X">所属</wf>
         <wf lemma="する" pos="X">する</wf>
         <wf lemma="区分" pos="X">区分</wf>
         <wf lemma="の" pos="X">の</wf>
         <wf lemma="チーム" pos="X">チーム</wf>
         <wf lemma="と" pos="X">と</wf>
         <wf lemma="6" pos="X">6</wf>
         <wf lemma="試合" pos="X">試合</wf>
         <wf lemma="ずつ" pos="X">ずつ</wf>
         <wf lemma="ホーム" pos="X">ホーム</wf>
         <wf lemma="ゲーム" pos="X">ゲーム</wf>
         <wf lemma="を" pos="X">を</wf>
         <wf lemma="行う" pos="X">行う</wf>
         <wf lemma="." pos="X">.</wf>
      </sentence>
      <sentence id="d000.s1106" source="wordnet-japanese">
         <wf lemma="人格" pos="X">人格</wf>
         <wf lemma="の" pos="X">の</wf>
         <instance id="d000.s1106.t000" lemma="崩壊" pos="NOUN">崩壊</instance>
         <wf lemma="." pos="X">.</wf>
      </sentence>
      <sentence id="d000.s1107" source="wordnet-japanese">
         <wf lemma="圧力" pos="X">圧力</wf>
         <wf lemma="を" pos="X">を</wf>
         <instance id="d000.s1107.t000" lemma="上げる" pos="VERB">上げる</instance>
         <wf lemma="." pos="X">.</wf>
      </sentence>
      <sentence id="d000.s1108" source="wordnet-japanese">
         <wf lemma="私" pos="X">私</wf>
         <wf lemma="は" pos="X">は</wf>
         <wf lemma="決して" pos="X">決して</wf>
         <wf lemma="映画" pos="X">映画</wf>
         <wf lemma="の" pos="X">の</wf>
         <instance id="d000.s1108.t000" lemma="タイトル" pos="NOUN">タイトル</instance>
         <wf lemma="を" pos="X">を</wf>
         <wf lemma="覚え" pos="X">覚え</wf>
         <wf lemma="て" pos="X">て</wf>
         <wf lemma="い" pos="X">い</wf>
         <wf lemma="られ" pos="X">られ</wf>
         <wf lemma="ない" pos="X">ない</wf>
         <wf lemma="." pos="X">.</wf>
      </sentence>
      <sentence id="d000.s1109" source="wordnet-japanese">
         <instance id="d000.s1109.t000" lemma="悲しげ" pos="ADJ">悲しげ</instance>
         <wf lemma="な" pos="X">な</wf>
         <wf lemma="目" pos="X">目</wf>
         <wf lemma="で" pos="X">で</wf>
         <wf lemma="凝視" pos="X">凝視</wf>
         <wf lemma="さ" pos="X">さ</wf>
         <wf lemma="れる" pos="X">れる</wf>
         <wf lemma="." pos="X">.</wf>
      </sentence>
      <sentence id="d000.s1110" source="wordnet-japanese">
         <wf lemma="あなた" pos="X">あなた</wf>
         <wf lemma="は" pos="X">は</wf>
         <instance id="d000.s1110.t000" lemma="最新" pos="NOUN">最新</instance>
         <wf lemma="ニュース" pos="X">ニュース</wf>
         <wf lemma="を" pos="X">を</wf>
         <wf lemma="聞き" pos="X">聞き</wf>
         <wf lemma="まし" pos="X">まし</wf>
         <wf lemma="た" pos="X">た</wf>
         <wf lemma="か" pos="X">か</wf>
         <wf lemma="？" pos="X">？</wf>
         <wf lemma="." pos="X">.</wf>
      </sentence>
      <sentence id="d000.s1111" source="wordnet-japanese">
         <wf lemma="選挙" pos="X">選挙</wf>
         <wf lemma="における" pos="X">における</wf>
         <instance id="d000.s1111.t000" lemma="嗜好性" pos="NOUN">嗜好性</instance>
         <wf lemma="の" pos="X">の</wf>
         <wf lemma="追求" pos="X">追求</wf>
         <wf lemma="." pos="X">.</wf>
      </sentence>
      <sentence id="d000.s1112" source="wordnet-japanese">
         <instance id="d000.s1112.t000" lemma="イスラム教" pos="NOUN">イスラム教</instance>
         <wf lemma="は" pos="X">は</wf>
         <wf lemma="、" pos="X">、</wf>
         <wf lemma="完全" pos="X">完全</wf>
         <wf lemma="な" pos="X">な</wf>
         <wf lemma="生活" pos="X">生活</wf>
         <wf lemma="様式" pos="X">様式</wf>
         <wf lemma="である" pos="X">である</wf>
         <wf lemma="、" pos="X">、</wf>
         <wf lemma="日曜" pos="X">日曜</wf>
         <wf lemma="の" pos="X">の</wf>
         <wf lemma="宗教" pos="X">宗教</wf>
         <wf lemma="で" pos="X">で</wf>
         <wf lemma="は" pos="X">は</wf>
         <wf lemma="ない" pos="X">ない</wf>
         <wf lemma="." pos="X">.</wf>
      </sentence>
      <sentence id="d000.s1113" source="wordnet-japanese">
         <wf lemma="彼" pos="X">彼</wf>
         <wf lemma="は" pos="X">は</wf>
         <instance id="d000.s1113.t000" lemma="届く" pos="VERB">届き</instance>
         <wf lemma="ます" pos="X">ます</wf>
         <wf lemma="か" pos="X">か</wf>
         <wf lemma="？" pos="X">？</wf>
         <wf lemma="いすは" pos="X">いすは</wf>
         <wf lemma="壁" pos="X">壁</wf>
         <wf lemma="に" pos="X">に</wf>
         <wf lemma="触れ" pos="X">触れ</wf>
         <wf lemma="て" pos="X">て</wf>
         <wf lemma="は" pos="X">は</wf>
         <wf lemma="いけ" pos="X">いけ</wf>
         <wf lemma="ませ" pos="X">ませ</wf>
         <wf lemma="ん" pos="X">ん</wf>
         <wf lemma="よ" pos="X">よ</wf>
         <wf lemma="." pos="X">.</wf>
      </sentence>
      <sentence id="d000.s1114" source="wordnet-japanese">
         <wf lemma="彼女" pos="X">彼女</wf>
         <wf lemma="の" pos="X">の</wf>
         <wf lemma="怒り" pos="X">怒り</wf>
         <wf lemma="は" pos="X">は</wf>
         <wf lemma="彼女" pos="X">彼女</wf>
         <wf lemma="を" pos="X">を</wf>
         <instance id="d000.s1114.t000" lemma="勝つ" pos="VERB">勝り</instance>
         <wf lemma="我慢" pos="X">我慢</wf>
         <wf lemma="が" pos="X">が</wf>
         <wf lemma="出来" pos="X">出来</wf>
         <wf lemma="なく" pos="X">なく</wf>
         <wf lemma="なっ" pos="X">なっ</wf>
         <wf lemma="た" pos="X">た</wf>
         <wf lemma="." pos="X">.</wf>
      </sentence>
      <sentence id="d000.s1115" source="wordnet-japanese">
         <instance id="d000.s1115.t000" lemma="包括的" pos="ADJ">包括的</instance>
         <wf lemma="な" pos="X">な</wf>
         <wf lemma="教育" pos="X">教育</wf>
         <wf lemma="." pos="X">.</wf>
      </sentence>
      <sentence id="d000.s1116" source="wordnet-japanese">
         <wf lemma="彼女" pos="X">彼女</wf>
         <wf lemma="の" pos="X">の</wf>
         <wf lemma="成功" pos="X">成功</wf>
         <wf lemma="の" pos="X">の</wf>
         <wf lemma="鍵" pos="X">鍵</wf>
         <wf lemma="と" pos="X">と</wf>
         <wf lemma="なる" pos="X">なる</wf>
         <instance id="d000.s1116.t000" lemma="要因" pos="NOUN">要因</instance>
         <wf lemma="." pos="X">.</wf>
      </sentence>
      <sentence id="d000.s1117" source="wordnet-japanese">
         <wf lemma="砂の" pos="X">砂の</wf>
         <wf lemma="上" pos="X">上</wf>
         <wf lemma="の" pos="X">の</wf>
         <wf lemma="図形" pos="X">図形</wf>
         <wf lemma="の" pos="X">の</wf>
         <wf lemma="輪郭" pos="X">輪郭</wf>
         <wf lemma="を" pos="X">を</wf>
         <instance id="d000.s1117.t000" lemma="引く" pos="VERB">引く</instance>
         <wf lemma="." pos="X">.</wf>
      </sentence>
      <sentence id="d000.s1118" source="wordnet-japanese">
         <wf lemma="飲み過ぎ" pos="X">飲み過ぎ</wf>
         <wf lemma="た" pos="X">た</wf>
         <wf lemma="後" pos="X">後</wf>
         <wf lemma="に" pos="X">に</wf>
         <wf lemma="、" pos="X">、</wf>
         <wf lemma="学生" pos="X">学生</wf>
         <wf lemma="は" pos="X">は</wf>
         <wf lemma="、" pos="X">、</wf>
         <instance id="d000.s1118.t000" lemma="吐く" pos="VERB">吐い</instance>
         <wf lemma="た" pos="X">た</wf>
         <wf lemma="." pos="X">.</wf>
      </sentence>
      <sentence id="d000.s1119" source="wordnet-japanese">
         <wf lemma="彼" pos="X">彼</wf>
         <wf lemma="は" pos="X">は</wf>
         <wf lemma="イラン" pos="X">イラン</wf>
         <wf lemma="について" pos="X">について</wf>
         <wf lemma="興味深い" pos="X">興味深い</wf>
         <instance id="d000.s1119.t000" lemma="作品" pos="NOUN">作品</instance>
         <wf lemma="を" pos="X">を</wf>
         <wf lemma="書い" pos="X">書い</wf>
         <wf lemma="た" pos="X">た</wf>
         <wf lemma="." pos="X">.</wf>
      </sentence>
      <sentence id="d000.s1120" source="wordnet-japanese">
         <wf lemma="彼" pos="X">彼</wf>
         <wf lemma="は" pos="X">は</wf>
         <wf lemma="、" pos="X">、</wf>
         <wf lemma="1月" pos="X">1月</wf>
         <wf lemma="に" pos="X">に</wf>
         <wf lemma="自宅" pos="X">自宅</wf>
         <wf lemma="を" pos="X">を</wf>
         <instance id="d000.s1120.t000" lemma="売る" pos="VERB">売っ</instance>
         <wf lemma="た" pos="X">た</wf>
         <wf lemma="." pos="X">.</wf>
      </sentence>
      <sentence id="d000.s1121" source="wordnet-japanese">
         <wf lemma="彼女" pos="X">彼女</wf>
         <wf lemma="の" pos="X">の</wf>
         <instance id="d000.s1121.t000" lemma="専攻" pos="NOUN">専攻</instance>
         <wf lemma="は" pos="X">は</wf>
         <wf lemma="言語学" pos="X">言語学</wf>
         <wf lemma="である" pos="X">である</wf>
         <wf lemma="." pos="X">.</wf>
      </sentence>
      <sentence id="d000.s1122" source="wordnet-japanese">
         <wf lemma="私" pos="X">私</wf>
         <wf lemma="は" pos="X">は</wf>
         <wf lemma="、" pos="X">、</wf>
         <wf lemma="彼" pos="X">彼</wf>
         <wf lemma="が" pos="X">が</wf>
         <wf lemma="非常" pos="X">非常</wf>
         <wf lemma="に" pos="X">に</wf>
         <wf lemma="頭" pos="X">頭</wf>
         <wf lemma="が" pos="X">が</wf>
         <wf lemma="良い" pos="X">良い</wf>
         <wf lemma="と" pos="X">と</wf>
         <instance id="d000.s1122.t000" lemma="思う" pos="VERB">思う</instance>
         <wf lemma="." pos="X">.</wf>
      </sentence>
      <sentence id="d000.s1123" source="wordnet-japanese">
         <instance id="d000.s1123.t000" lemma="確実" pos="ADJ">確実</instance>
         <wf lemma="な" pos="X">な</wf>
         <wf lemma="こと" pos="X">こと</wf>
         <wf lemma="は" pos="X">は</wf>
         <wf lemma="、" pos="X">、</wf>
         <wf lemma="あらゆる" pos="X">あらゆる</wf>
         <wf lemma="効果" pos="X">効果</wf>
         <wf lemma="に" pos="X">に</wf>
         <wf lemma="は" pos="X">は</wf>
         <wf lemma="原因" pos="X">原因</wf>
         <wf lemma="が" pos="X">が</wf>
         <wf lemma="ある" pos="X">ある</wf>
         <wf lemma="はず" pos="X">はず</wf>
         <wf lemma="だ" pos="X">だ</wf>
         <wf lemma="という" pos="X">という</wf>
         <wf lemma="こと" pos="X">こと</wf>
         <wf lemma="である" pos="X">である</wf>
         <wf lemma="." pos="X">.</wf>
      </sentence>
      <sentence id="d000.s1124" source="wordnet-japanese">
         <wf lemma="テニス" pos="X">テニス</wf>
         <wf lemma="の" pos="X">の</wf>
         <wf lemma="名手" pos="X">名手</wf>
         <wf lemma="にとって" pos="X">にとって</wf>
         <instance id="d000.s1124.t000" lemma="カット" pos="NOUN">カット</instance>
         <wf lemma="は" pos="X">は</wf>
         <wf lemma="なん" pos="X">なん</wf>
         <wf lemma="で" pos="X">で</wf>
         <wf lemma="も" pos="X">も</wf>
         <wf lemma="ない" pos="X">ない</wf>
         <wf lemma="." pos="X">.</wf>
      </sentence>
      <sentence id="d000.s1125" source="wordnet-japanese">
         <wf lemma="屋根" pos="X">屋根</wf>
         <wf lemma="が" pos="X">が</wf>
         <instance id="d000.s1125.t000" lemma="崩壊" pos="NOUN">崩壊</instance>
         <wf lemma="の" pos="X">の</wf>
         <wf lemma="危険" pos="X">危険</wf>
         <wf lemma="に" pos="X">に</wf>
         <wf lemma="さらさ" pos="X">さらさ</wf>
         <wf lemma="れ" pos="X">れ</wf>
         <wf lemma="て" pos="X">て</wf>
         <wf lemma="いる" pos="X">いる</wf>
         <wf lemma="." pos="X">.</wf>
      </sentence>
      <sentence id="d000.s1126" source="wordnet-japanese">
         <instance id="d000.s1126.t000" lemma="高い" pos="ADJ">高い</instance>
         <wf lemma="理想" pos="X">理想</wf>
         <wf lemma="." pos="X">.</wf>
      </sentence>
      <sentence id="d000.s1127" source="wordnet-japanese">
         <wf lemma="雑草" pos="X">雑草</wf>
         <wf lemma="を" pos="X">を</wf>
         <instance id="d000.s1127.t000" lemma="抜く" pos="VERB">抜く</instance>
         <wf lemma="." pos="X">.</wf>
      </sentence>
      <sentence id="d000.s1128" source="wordnet-japanese">
         <wf lemma="スープ" pos="X">スープ</wf>
         <wf lemma="を" pos="X">を</wf>
         <wf lemma="かき" pos="X">かき</wf>
         <instance id="d000.s1128.t000" lemma="混ぜる" pos="VERB">混ぜる</instance>
         <wf lemma="." pos="X">.</wf>
      </sentence>
      <sentence id="d000.s1129" source="wordnet-japanese">
         <wf lemma="失業" pos="X">失業</wf>
         <wf lemma="手当" pos="X">手当</wf>
         <wf lemma="の" pos="X">の</wf>
         <instance id="d000.s1129.t000" lemma="不十分" pos="NOUN">不十分</instance>
         <wf lemma="さ" pos="X">さ</wf>
         <wf lemma="." pos="X">.</wf>
      </sentence>
      <sentence id="d000.s1130" source="wordnet-japanese">
         <wf lemma="彼" pos="X">彼</wf>
         <wf lemma="は" pos="X">は</wf>
         <wf lemma="一塁" pos="X">一塁</wf>
         <wf lemma="から" pos="X">から</wf>
         <wf lemma="大きな" pos="X">大きな</wf>
         <instance id="d000.s1130.t000" lemma="リード" pos="NOUN">リード</instance>
         <wf lemma="を" pos="X">を</wf>
         <wf lemma="とっ" pos="X">とっ</wf>
         <wf lemma="た" pos="X">た</wf>
         <wf lemma="." pos="X">.</wf>
      </sentence>
      <sentence id="d000.s1131" source="wordnet-japanese">
         <instance id="d000.s1131.t000" lemma="機能的" pos="ADJ">機能的</instance>
         <wf lemma="な" pos="X">な</wf>
         <wf lemma="教育" pos="X">教育</wf>
         <wf lemma="は" pos="X">は</wf>
         <wf lemma="、" pos="X">、</wf>
         <wf lemma="抽象的" pos="X">抽象的</wf>
         <wf lemma="で" pos="X">で</wf>
         <wf lemma="理論的" pos="X">理論的</wf>
         <wf lemma="で" pos="X">で</wf>
         <wf lemma="ある" pos="X">ある</wf>
         <wf lemma="という" pos="X">という</wf>
         <wf lemma="より" pos="X">より</wf>
         <wf lemma="は" pos="X">は</wf>
         <wf lemma="むしろ" pos="X">むしろ</wf>
         <wf lemma="具体的" pos="X">具体的</wf>
         <wf lemma="で" pos="X">で</wf>
         <wf lemma="使える" pos="X">使える</wf>
         <wf lemma="知識" pos="X">知識</wf>
         <wf lemma="を" pos="X">を</wf>
         <wf lemma="厳選" pos="X">厳選</wf>
         <wf lemma="する" pos="X">する</wf>
         <wf lemma="." pos="X">.</wf>
      </sentence>
      <sentence id="d000.s1132" source="wordnet-japanese">
         <wf lemma="その" pos="X">その</wf>
         <wf lemma="ライフル" pos="X">ライフル</wf>
         <wf lemma="に" pos="X">に</wf>
         <wf lemma="は" pos="X">は</wf>
         <wf lemma="特別" pos="X">特別</wf>
         <wf lemma="製" pos="X">製</wf>
         <wf lemma="の" pos="X">の</wf>
         <instance id="d000.s1132.t000" lemma="銃床" pos="NOUN">銃床</instance>
         <wf lemma="が" pos="X">が</wf>
         <wf lemma="つい" pos="X">つい</wf>
         <wf lemma="て" pos="X">て</wf>
         <wf lemma="い" pos="X">い</wf>
         <wf lemma="た" pos="X">た</wf>
         <wf lemma="." pos="X">.</wf>
      </sentence>
      <sentence id="d000.s1133" source="wordnet-japanese">
         <instance id="d000.s1133.t000" lemma="不浄" pos="ADJ">不浄</instance>
         <wf lemma="の" pos="X">の</wf>
         <wf lemma="肉" pos="X">肉</wf>
         <wf lemma="." pos="X">.</wf>
      </sentence>
      <sentence id="d000.s1134" source="wordnet-japanese">
         <wf lemma="実に" pos="X">実に</wf>
         <instance id="d000.s1134.t000" lemma="ひどい" pos="ADJ">ひどい</instance>
         <wf lemma="やり" pos="X">やり</wf>
         <wf lemma="方" pos="X">方</wf>
         <wf lemma="." pos="X">.</wf>
      </sentence>
      <sentence id="d000.s1135" source="wordnet-japanese">
         <wf lemma="X" pos="X">X</wf>
         <wf lemma="−" pos="X">−</wf>
         <wf lemma="Y" pos="X">Y</wf>
         <instance id="d000.s1135.t000" lemma="平面" pos="NOUN">平面</instance>
         <wf lemma="グラフ" pos="X">グラフ</wf>
         <wf lemma="の" pos="X">の</wf>
         <wf lemma="面" pos="X">面</wf>
         <wf lemma="について" pos="X">について</wf>
         <wf lemma="触れ" pos="X">触れ</wf>
         <wf lemma="て" pos="X">て</wf>
         <wf lemma="いく" pos="X">いく</wf>
         <wf lemma="." pos="X">.</wf>
      </sentence>
      <sentence id="d000.s1136" source="wordnet-japanese">
         <wf lemma="議会" pos="X">議会</wf>
         <wf lemma="は" pos="X">は</wf>
         <wf lemma="、" pos="X">、</wf>
         <instance id="d000.s1136.t000" lemma="民兵" pos="NOUN">民兵</instance>
         <wf lemma="の" pos="X">の</wf>
         <wf lemma="喚起" pos="X">喚起</wf>
         <wf lemma="に" pos="X">に</wf>
         <wf lemma="備える" pos="X">備える</wf>
         <wf lemma="力" pos="X">力</wf>
         <wf lemma="を" pos="X">を</wf>
         <wf lemma="有する" pos="X">有する</wf>
         <wf lemma="もの" pos="X">もの</wf>
         <wf lemma="と" pos="X">と</wf>
         <wf lemma="する" pos="X">する</wf>
         <wf lemma="−" pos="X">−</wf>
         <wf lemma="−" pos="X">−</wf>
         <wf lemma="米国" pos="X">米国</wf>
         <wf lemma="憲法" pos="X">憲法</wf>
         <wf lemma="." pos="X">.</wf>
      </sentence>
      <sentence id="d000.s1137" source="wordnet-japanese">
         <wf lemma="10" pos="X">10</wf>
         <wf lemma="ヤード" pos="X">ヤード</wf>
         <wf lemma="進む" pos="X">進む</wf>
         <wf lemma="の" pos="X">の</wf>
         <wf lemma="に" pos="X">に</wf>
         <wf lemma="4" pos="X">4</wf>
         <wf lemma="回" pos="X">回</wf>
         <wf lemma="の" pos="X">の</wf>
         <instance id="d000.s1137.t000" lemma="ダウン" pos="NOUN">ダウン</instance>
         <wf lemma="が" pos="X">が</wf>
         <wf lemma="ある" pos="X">ある</wf>
         <wf lemma="." pos="X">.</wf>
      </sentence>
      <sentence id="d000.s1138" source="wordnet-japanese">
         <wf lemma="ゴルファー" pos="X">ゴルファー</wf>
         <wf lemma="は" pos="X">は</wf>
         <wf lemma="、" pos="X">、</wf>
         <wf lemma="彼" pos="X">彼</wf>
         <wf lemma="の" pos="X">の</wf>
         <instance id="d000.s1138.t000" lemma="ピボット" pos="NOUN">ピボット</instance>
         <wf lemma="を" pos="X">を</wf>
         <wf lemma="練習" pos="X">練習</wf>
         <wf lemma="する" pos="X">する</wf>
         <wf lemma="ため" pos="X">ため</wf>
         <wf lemma="、" pos="X">、</wf>
         <wf lemma="打ちっぱなし" pos="X">打ちっぱなし</wf>
         <wf lemma="に" pos="X">に</wf>
         <wf lemma="行っ" pos="X">行っ</wf>
         <wf lemma="た" pos="X">た</wf>
         <wf lemma="." pos="X">.</wf>
      </sentence>
      <sentence id="d000.s1139" source="wordnet-japanese">
         <wf lemma="悪天候" pos="X">悪天候</wf>
         <wf lemma="によって" pos="X">によって</wf>
         <wf lemma="彼" pos="X">彼</wf>
         <wf lemma="の" pos="X">の</wf>
         <wf lemma="努力" pos="X">努力</wf>
         <wf lemma="が" pos="X">が</wf>
         <instance id="d000.s1139.t000" lemma="妨げる" pos="VERB">妨げ</instance>
         <wf lemma="られ" pos="X">られ</wf>
         <wf lemma="た" pos="X">た</wf>
         <wf lemma="." pos="X">.</wf>
      </sentence>
      <sentence id="d000.s1140" source="wordnet-japanese">
         <wf lemma="夏" pos="X">夏</wf>
         <wf lemma="に" pos="X">に</wf>
         <wf lemma="太陽" pos="X">太陽</wf>
         <wf lemma="は" pos="X">は</wf>
         <wf lemma="谷" pos="X">谷</wf>
         <wf lemma="を" pos="X">を</wf>
         <instance id="d000.s1140.t000" lemma="焼く" pos="VERB">焼く</instance>
         <wf lemma="." pos="X">.</wf>
      </sentence>
      <sentence id="d000.s1141" source="wordnet-japanese">
         <wf lemma="あの" pos="X">あの</wf>
         <instance id="d000.s1141.t000" lemma="銀行" pos="NOUN">銀行</instance>
         <wf lemma="は" pos="X">は</wf>
         <wf lemma="私" pos="X">私</wf>
         <wf lemma="の" pos="X">の</wf>
         <wf lemma="家" pos="X">家</wf>
         <wf lemma="の" pos="X">の</wf>
         <wf lemma="担保" pos="X">担保</wf>
         <wf lemma="貸付債権" pos="X">貸付債権</wf>
         <wf lemma="を" pos="X">を</wf>
         <wf lemma="持っ" pos="X">持っ</wf>
         <wf lemma="て" pos="X">て</wf>
         <wf lemma="いる" pos="X">いる</wf>
         <wf lemma="." pos="X">.</wf>
      </sentence>
      <sentence id="d000.s1142" source="wordnet-japanese">
         <wf lemma="彼女" pos="X">彼女</wf>
         <wf lemma="の" pos="X">の</wf>
         <wf lemma="手" pos="X">手</wf>
         <wf lemma="が" pos="X">が</wf>
         <instance id="d000.s1142.t000" lemma="空中" pos="NOUN">空中</instance>
         <wf lemma="で" pos="X">で</wf>
         <wf lemma="止まっ" pos="X">止まっ</wf>
         <wf lemma="た" pos="X">た</wf>
         <wf lemma="." pos="X">.</wf>
      </sentence>
      <sentence id="d000.s1143" source="wordnet-japanese">
         <wf lemma="車" pos="X">車</wf>
         <wf lemma="を" pos="X">を</wf>
         <wf lemma="降り" pos="X">降り</wf>
         <wf lemma="た" pos="X">た</wf>
         <wf lemma="とき" pos="X">とき</wf>
         <wf lemma="、" pos="X">、</wf>
         <wf lemma="彼女" pos="X">彼女</wf>
         <wf lemma="は" pos="X">は</wf>
         <wf lemma="暑さ" pos="X">暑さ</wf>
         <wf lemma="を" pos="X">を</wf>
         <instance id="d000.s1143.t000" lemma="感じる" pos="VERB">感じ</instance>
         <wf lemma="た" pos="X">た</wf>
         <wf lemma="." pos="X">.</wf>
      </sentence>
      <sentence id="d000.s1144" source="wordnet-japanese">
         <wf lemma="彼ら" pos="X">彼ら</wf>
         <wf lemma="の" pos="X">の</wf>
         <wf lemma="人間" pos="X">人間</wf>
         <wf lemma="行動" pos="X">行動</wf>
         <wf lemma="の" pos="X">の</wf>
         <wf lemma="説明" pos="X">説明</wf>
         <wf lemma="は" pos="X">は</wf>
         <wf lemma="、" pos="X">、</wf>
         <wf lemma="漠然" pos="X">漠然</wf>
         <wf lemma="で" pos="X">で</wf>
         <wf lemma="、" pos="X">、</wf>
         <wf lemma="退屈" pos="X">退屈</wf>
         <wf lemma="で" pos="X">で</wf>
         <wf lemma="、" pos="X">、</wf>
         <instance id="d000.s1144.t000" lemma="不明瞭" pos="ADJ">不明瞭</instance>
         <wf lemma="に" pos="X">に</wf>
         <wf lemma="なる" pos="X">なる</wf>
         <wf lemma="−" pos="X">−</wf>
         <wf lemma="P.A" pos="X">P.A</wf>
         <wf lemma="." pos="X">.</wf>
         <wf lemma="ソローキン" pos="X">ソローキン</wf>
         <wf lemma="." pos="X">.</wf>
      </sentence>
      <sentence id="d000.s1145" source="wordnet-japanese">
         <wf lemma="登山者" pos="X">登山者</wf>
         <wf lemma="と" pos="X">と</wf>
         <wf lemma="連絡" pos="X">連絡</wf>
         <wf lemma="を" pos="X">を</wf>
         <wf lemma="とろう" pos="X">とろう</wf>
         <wf lemma="と" pos="X">と</wf>
         <wf lemma="する" pos="X">する</wf>
         <wf lemma="最後" pos="X">最後</wf>
         <wf lemma="の" pos="X">の</wf>
         <instance id="d000.s1145.t000" lemma="必死" pos="ADJ">必死</instance>
         <wf lemma="の" pos="X">の</wf>
         <wf lemma="試み" pos="X">試み</wf>
         <wf lemma="." pos="X">.</wf>
      </sentence>
      <sentence id="d000.s1146" source="wordnet-japanese">
         <wf lemma="容疑者" pos="X">容疑者</wf>
         <wf lemma="は" pos="X">は</wf>
         <instance id="d000.s1146.t000" lemma="拘留" pos="NOUN">拘留</instance>
         <wf lemma="中" pos="X">中</wf>
         <wf lemma="である" pos="X">である</wf>
         <wf lemma="." pos="X">.</wf>
      </sentence>
      <sentence id="d000.s1147" source="wordnet-japanese">
         <wf lemma="彼ら" pos="X">彼ら</wf>
         <wf lemma="は" pos="X">は</wf>
         <wf lemma="多く" pos="X">多く</wf>
         <wf lemma="の" pos="X">の</wf>
         <wf lemma="人" pos="X">人</wf>
         <wf lemma="が" pos="X">が</wf>
         <instance id="d000.s1147.t000" lemma="投票" pos="NOUN">投票</instance>
         <wf lemma="する" pos="X">する</wf>
         <wf lemma="こと" pos="X">こと</wf>
         <wf lemma="を" pos="X">を</wf>
         <wf lemma="望ん" pos="X">望ん</wf>
         <wf lemma="で" pos="X">で</wf>
         <wf lemma="いる" pos="X">いる</wf>
         <wf lemma="." pos="X">.</wf>
      </sentence>
      <sentence id="d000.s1148" source="wordnet-japanese">
         <instance id="d000.s1148.t000" lemma="明日" pos="NOUN">明日</instance>
         <wf lemma="し" pos="X">し</wf>
         <wf lemma="なければ" pos="X">なければ</wf>
         <wf lemma="なら" pos="X">なら</wf>
         <wf lemma="ない" pos="X">ない</wf>
         <wf lemma="こと" pos="X">こと</wf>
         <wf lemma="は" pos="X">は</wf>
         <wf lemma="何" pos="X">何</wf>
         <wf lemma="です" pos="X">です</wf>
         <wf lemma="か" pos="X">か</wf>
         <wf lemma="." pos="X">.</wf>
      </sentence>
      <sentence id="d000.s1149" source="wordnet-japanese">
         <wf lemma="彼女" pos="X">彼女</wf>
         <wf lemma="は" pos="X">は</wf>
         <wf lemma="競馬" pos="X">競馬</wf>
         <wf lemma="に" pos="X">に</wf>
         <instance id="d000.s1149.t000" lemma="賭ける" pos="VERB">賭ける</instance>
         <wf lemma="." pos="X">.</wf>
      </sentence>
      <sentence id="d000.s1150" source="wordnet-japanese">
         <wf lemma="社会" pos="X">社会</wf>
         <wf lemma="を" pos="X">を</wf>
         <wf lemma="変え" pos="X">変え</wf>
         <wf lemma="たい" pos="X">たい</wf>
         <wf lemma="という" pos="X">という</wf>
         <instance id="d000.s1150.t000" lemma="熱烈" pos="ADJ">熱烈</instance>
         <wf lemma="な" pos="X">な</wf>
         <wf lemma="願望" pos="X">願望</wf>
         <wf lemma="." pos="X">.</wf>
      </sentence>
      <sentence id="d000.s1151" source="wordnet-japanese">
         <wf lemma="私" pos="X">私</wf>
         <wf lemma="の" pos="X">の</wf>
         <wf lemma="プレゼント" pos="X">プレゼント</wf>
         <wf lemma="を" pos="X">を</wf>
         <instance id="d000.s1151.t000" lemma="受け入れる" pos="VERB">受け入れ</instance>
         <wf lemma="て" pos="X">て</wf>
         <wf lemma="ください" pos="X">ください</wf>
         <wf lemma="." pos="X">.</wf>
      </sentence>
      <sentence id="d000.s1152" source="wordnet-japanese">
         <wf lemma="まだ" pos="X">まだ</wf>
         <wf lemma="私" pos="X">私</wf>
         <wf lemma="の" pos="X">の</wf>
         <instance id="d000.s1152.t000" lemma="番" pos="NOUN">番</instance>
         <wf lemma="だ" pos="X">だ</wf>
         <wf lemma="." pos="X">.</wf>
      </sentence>
      <sentence id="d000.s1153" source="wordnet-japanese">
         <wf lemma="彼" pos="X">彼</wf>
         <wf lemma="は" pos="X">は</wf>
         <wf lemma="広報" pos="X">広報</wf>
         <wf lemma="活動" pos="X">活動</wf>
         <wf lemma="に関して" pos="X">に関して</wf>
         <wf lemma="は" pos="X">は</wf>
         <wf lemma="、" pos="X">、</wf>
         <wf lemma="特別" pos="X">特別</wf>
         <wf lemma="な" pos="X">な</wf>
         <instance id="d000.s1153.t000" lemma="アンテナ" pos="NOUN">アンテナ</instance>
         <wf lemma="を" pos="X">を</wf>
         <wf lemma="持っ" pos="X">持っ</wf>
         <wf lemma="て" pos="X">て</wf>
         <wf lemma="い" pos="X">い</wf>
         <wf lemma="た" pos="X">た</wf>
         <wf lemma="." pos="X">.</wf>
      </sentence>
      <sentence id="d000.s1154" source="wordnet-japanese">
         <instance id="d000.s1154.t000" lemma="卑劣" pos="ADJ">卑劣</instance>
         <wf lemma="な" pos="X">な</wf>
         <wf lemma="やり" pos="X">やり</wf>
         <wf lemma="口" pos="X">口</wf>
         <wf lemma="." pos="X">.</wf>
      </sentence>
      <sentence id="d000.s1155" source="wordnet-japanese">
         <wf lemma="彼ら" pos="X">彼ら</wf>
         <wf lemma="は" pos="X">は</wf>
         <wf lemma="、" pos="X">、</wf>
         <wf lemma="彼" pos="X">彼</wf>
         <wf lemma="が" pos="X">が</wf>
         <wf lemma="困難" pos="X">困難</wf>
         <wf lemma="に" pos="X">に</wf>
         <wf lemma="陥っ" pos="X">陥っ</wf>
         <wf lemma="て" pos="X">て</wf>
         <wf lemma="いる" pos="X">いる</wf>
         <wf lemma="とき" pos="X">とき</wf>
         <wf lemma="、" pos="X">、</wf>
         <wf lemma="精神的" pos="X">精神的</wf>
         <instance id="d000.s1155.t000" lemma="支援" pos="NOUN">支援</instance>
         <wf lemma="を" pos="X">を</wf>
         <wf lemma="与え" pos="X">与え</wf>
         <wf lemma="た" pos="X">た</wf>
         <wf lemma="." pos="X">.</wf>
      </sentence>
      <sentence id="d000.s1156" source="wordnet-japanese">
         <wf lemma="19" pos="X">19</wf>
         <wf lemma="世紀" pos="X">世紀</wf>
         <wf lemma="の" pos="X">の</wf>
         <instance id="d000.s1156.t000" lemma="思想" pos="NOUN">思想</instance>
         <wf lemma="." pos="X">.</wf>
      </sentence>
      <sentence id="d000.s1157" source="wordnet-japanese">
         <instance id="d000.s1157.t000" lemma="授乳" pos="NOUN">授乳</instance>
         <wf lemma="は" pos="X">は</wf>
         <wf lemma="離乳" pos="X">離乳</wf>
         <wf lemma="まで" pos="X">まで</wf>
         <wf lemma="通常" pos="X">通常</wf>
         <wf lemma="続く" pos="X">続く</wf>
         <wf lemma="." pos="X">.</wf>
      </sentence>
      <sentence id="d000.s1158" source="wordnet-japanese">
         <wf lemma="勝者" pos="X">勝者</wf>
         <wf lemma="は" pos="X">は</wf>
         <wf lemma="、" pos="X">、</wf>
         <wf lemma="すべて" pos="X">すべて</wf>
         <wf lemma="を" pos="X">を</wf>
         <instance id="d000.s1158.t000" lemma="取る" pos="VERB">取る</instance>
         <wf lemma="." pos="X">.</wf>
      </sentence>
      <sentence id="d000.s1159" source="wordnet-japanese">
         <instance id="d000.s1159.t000" lemma="緊急" pos="ADJ">緊急</instance>
         <wf lemma="の" pos="X">の</wf>
         <wf lemma="大動脈" pos="X">大動脈</wf>
         <wf lemma="の" pos="X">の</wf>
         <wf lemma="回復" pos="X">回復</wf>
         <wf lemma="手術" pos="X">手術</wf>
         <wf lemma="." pos="X">.</wf>
      </sentence>
      <sentence id="d000.s1160" source="wordnet-japanese">
         <wf lemma="その" pos="X">その</wf>
         <wf lemma="死骸" pos="X">死骸</wf>
         <wf lemma="は" pos="X">は</wf>
         <instance id="d000.s1160.t000" lemma="腐食" pos="NOUN">腐食</instance>
         <wf lemma="が" pos="X">が</wf>
         <wf lemma="進ん" pos="X">進ん</wf>
         <wf lemma="で" pos="X">で</wf>
         <wf lemma="い" pos="X">い</wf>
         <wf lemma="た" pos="X">た</wf>
         <wf lemma="." pos="X">.</wf>
      </sentence>
      <sentence id="d000.s1161" source="wordnet-japanese">
         <wf lemma="小切手" pos="X">小切手</wf>
         <wf lemma="または" pos="X">または</wf>
         <wf lemma="切符" pos="X">切符</wf>
         <wf lemma="を" pos="X">を</wf>
         <instance id="d000.s1161.t000" lemma="取り消す" pos="VERB">取り消す</instance>
         <wf lemma="." pos="X">.</wf>
      </sentence>
      <sentence id="d000.s1162" source="wordnet-japanese">
         <wf lemma="(a+" pos="X">(a+</wf>
         <wf lemma="b" pos="X">b</wf>
         <wf lemma=")" pos="X">)</wf>
         <wf lemma="^" pos="X">^</wf>
         <wf lemma="2" pos="X">2</wf>
         <wf lemma="の" pos="X">の</wf>
         <instance id="d000.s1162.t000" lemma="展開" pos="NOUN">展開</instance>
         <wf lemma="は" pos="X">は</wf>
         <wf lemma="、" pos="X">、</wf>
         <wf lemma="a^" pos="X">a^</wf>
         <wf lemma="2" pos="X">2</wf>
         <wf lemma="+" pos="X">+</wf>
         <wf lemma="2" pos="X">2</wf>
         <wf lemma="ab" pos="X">ab</wf>
         <wf lemma="+" pos="X">+</wf>
         <wf lemma="b^" pos="X">b^</wf>
         <wf lemma="2" pos="X">2</wf>
         <wf lemma="である" pos="X">である</wf>
         <wf lemma="." pos="X">.</wf>
      </sentence>
      <sentence id="d000.s1163" source="wordnet-japanese">
         <wf lemma="縦隊" pos="X">縦隊</wf>
         <wf lemma="の" pos="X">の</wf>
         <instance id="d000.s1163.t000" lemma="先頭" pos="NOUN">先頭</instance>
         <wf lemma="は" pos="X">は</wf>
         <wf lemma="、" pos="X">、</wf>
         <wf lemma="力強く" pos="X">力強く</wf>
         <wf lemma="前進" pos="X">前進</wf>
         <wf lemma="し" pos="X">し</wf>
         <wf lemma="た" pos="X">た</wf>
         <wf lemma="." pos="X">.</wf>
      </sentence>
      <sentence id="d000.s1164" source="wordnet-japanese">
         <wf lemma="11" pos="X">11</wf>
         <wf lemma="月" pos="X">月</wf>
         <wf lemma="11" pos="X">11</wf>
         <wf lemma="日" pos="X">日</wf>
         <wf lemma="に" pos="X">に</wf>
         <instance id="d000.s1164.t000" lemma="和平" pos="NOUN">和平</instance>
         <wf lemma="が" pos="X">が</wf>
         <wf lemma="結ば" pos="X">結ば</wf>
         <wf lemma="れ" pos="X">れ</wf>
         <wf lemma="た" pos="X">た</wf>
         <wf lemma="." pos="X">.</wf>
      </sentence>
      <sentence id="d000.s1165" source="wordnet-japanese">
         <instance id="d000.s1165.t000" lemma="風変わり" pos="ADJ">風変わり</instance>
         <wf lemma="な" pos="X">な</wf>
         <wf lemma="デザイン" pos="X">デザイン</wf>
         <wf lemma="の" pos="X">の</wf>
         <wf lemma="レストラン" pos="X">レストラン</wf>
         <wf lemma="−" pos="X">−</wf>
         <wf lemma="−" pos="X">−</wf>
         <wf lemma="帽子" pos="X">帽子</wf>
         <wf lemma="の" pos="X">の</wf>
         <wf lemma="様" pos="X">様</wf>
         <wf lemma="な" pos="X">な</wf>
         <wf lemma="もの" pos="X">もの</wf>
         <wf lemma="と" pos="X">と</wf>
         <wf lemma="、" pos="X">、</wf>
         <wf lemma="もう" pos="X">もう</wf>
         <wf lemma="ひとつ" pos="X">ひとつ</wf>
         <wf lemma="は" pos="X">は</wf>
         <wf lemma="ウサギ" pos="X">ウサギ</wf>
         <wf lemma="の" pos="X">の</wf>
         <wf lemma="ような" pos="X">ような</wf>
         <wf lemma="もの" pos="X">もの</wf>
         <wf lemma="." pos="X">.</wf>
      </sentence>
      <sentence id="d000.s1166" source="wordnet-japanese">
         <wf lemma="それ" pos="X">それ</wf>
         <wf lemma="は" pos="X">は</wf>
         <wf lemma="いい" pos="X">いい</wf>
         <instance id="d000.s1166.t000" lemma="考え" pos="NOUN">考え</instance>
         <wf lemma="で" pos="X">で</wf>
         <wf lemma="は" pos="X">は</wf>
         <wf lemma="ない" pos="X">ない</wf>
         <wf lemma="." pos="X">.</wf>
      </sentence>
      <sentence id="d000.s1167" source="wordnet-japanese">
         <instance id="d000.s1167.t000" lemma="賃金" pos="NOUN">賃金</instance>
         <wf lemma="は" pos="X">は</wf>
         <wf lemma="、" pos="X">、</wf>
         <wf lemma="小切手" pos="X">小切手</wf>
         <wf lemma="で" pos="X">で</wf>
         <wf lemma="払わ" pos="X">払わ</wf>
         <wf lemma="れ" pos="X">れ</wf>
         <wf lemma="た" pos="X">た</wf>
         <wf lemma="." pos="X">.</wf>
      </sentence>
      <sentence id="d000.s1168" source="wordnet-japanese">
         <wf lemma="南北" pos="X">南北</wf>
         <wf lemma="戦争" pos="X">戦争</wf>
         <wf lemma="後" pos="X">後</wf>
         <wf lemma="、" pos="X">、</wf>
         <wf lemma="彼" pos="X">彼</wf>
         <wf lemma="は" pos="X">は</wf>
         <instance id="d000.s1168.t000" lemma="自由" pos="ADJ">自由</instance>
         <wf lemma="の" pos="X">の</wf>
         <wf lemma="身" pos="X">身</wf>
         <wf lemma="だっ" pos="X">だっ</wf>
         <wf lemma="た" pos="X">た</wf>
         <wf lemma="." pos="X">.</wf>
      </sentence>
      <sentence id="d000.s1169" source="wordnet-japanese">
         <wf lemma="若い" pos="X">若い</wf>
         <wf lemma="チェス" pos="X">チェス</wf>
         <wf lemma="・" pos="X">・</wf>
         <wf lemma="プレーヤー" pos="X">プレーヤー</wf>
         <wf lemma="は" pos="X">は</wf>
         <wf lemma="、" pos="X">、</wf>
         <wf lemma="彼女" pos="X">彼女</wf>
         <wf lemma="を" pos="X">を</wf>
         <wf lemma="観衆" pos="X">観衆</wf>
         <wf lemma="に" pos="X">に</wf>
         <instance id="d000.s1169.t000" lemma="印象付ける" pos="VERB">印象付け</instance>
         <wf lemma="た" pos="X">た</wf>
         <wf lemma="." pos="X">.</wf>
      </sentence>
      <sentence id="d000.s1170" source="wordnet-japanese">
         <wf lemma="台風" pos="X">台風</wf>
         <wf lemma="は" pos="X">は</wf>
         <instance id="d000.s1170.t000" lemma="通り道" pos="NOUN">通り道</instance>
         <wf lemma="の" pos="X">の</wf>
         <wf lemma="家々" pos="X">家々</wf>
         <wf lemma="を" pos="X">を</wf>
         <wf lemma="破壊" pos="X">破壊</wf>
         <wf lemma="し" pos="X">し</wf>
         <wf lemma="た" pos="X">た</wf>
         <wf lemma="." pos="X">.</wf>
      </sentence>
      <sentence id="d000.s1171" source="wordnet-japanese">
         <wf lemma="びっくり" pos="X">びっくり</wf>
         <wf lemma="パーティー" pos="X">パーティー</wf>
         <wf lemma="は" pos="X">は</wf>
         <wf lemma="完全" pos="X">完全</wf>
         <wf lemma="な" pos="X">な</wf>
         <instance id="d000.s1171.t000" lemma="失敗" pos="NOUN">失敗</instance>
         <wf lemma="だっ" pos="X">だっ</wf>
         <wf lemma="た" pos="X">た</wf>
         <wf lemma="." pos="X">.</wf>
      </sentence>
      <sentence id="d000.s1172" source="wordnet-japanese">
         <wf lemma="ダンサー" pos="X">ダンサー</wf>
         <wf lemma="の" pos="X">の</wf>
         <instance id="d000.s1172.t000" lemma="回転" pos="NOUN">回転</instance>
         <wf lemma="は" pos="X">は</wf>
         <wf lemma="音楽" pos="X">音楽</wf>
         <wf lemma="とともに" pos="X">とともに</wf>
         <wf lemma="続い" pos="X">続い</wf>
         <wf lemma="た" pos="X">た</wf>
         <wf lemma="." pos="X">.</wf>
      </sentence>
      <sentence id="d000.s1173" source="wordnet-japanese">
         <wf lemma="鈍いくどい" pos="X">鈍いくどい</wf>
         <wf lemma="仕事" pos="X">仕事</wf>
         <wf lemma="は" pos="X">は</wf>
         <wf lemma="、" pos="X">、</wf>
         <instance id="d000.s1173.t000" lemma="満足" pos="NOUN">満足</instance>
         <wf lemma="を" pos="X">を</wf>
         <wf lemma="与え" pos="X">与え</wf>
         <wf lemma="ない" pos="X">ない</wf>
         <wf lemma="." pos="X">.</wf>
      </sentence>
      <sentence id="d000.s1174" source="wordnet-japanese">
         <wf lemma="彼" pos="X">彼</wf>
         <wf lemma="の" pos="X">の</wf>
         <instance id="d000.s1174.t000" lemma="音楽" pos="NOUN">音楽</instance>
         <wf lemma="は" pos="X">は</wf>
         <wf lemma="彼" pos="X">彼</wf>
         <wf lemma="の" pos="X">の</wf>
         <wf lemma="興味" pos="X">興味</wf>
         <wf lemma="の" pos="X">の</wf>
         <wf lemma="中心" pos="X">中心</wf>
         <wf lemma="を" pos="X">を</wf>
         <wf lemma="なし" pos="X">なし</wf>
         <wf lemma="た" pos="X">た</wf>
         <wf lemma="." pos="X">.</wf>
      </sentence>
      <sentence id="d000.s1175" source="wordnet-japanese">
         <wf lemma="美徳" pos="X">美徳</wf>
         <wf lemma="が" pos="X">が</wf>
         <wf lemma="非常" pos="X">非常</wf>
         <wf lemma="に" pos="X">に</wf>
         <wf lemma="望ましい" pos="X">望ましい</wf>
         <wf lemma="、" pos="X">、</wf>
         <wf lemma="激しく" pos="X">激しく</wf>
         <wf lemma="不快" pos="X">不快</wf>
         <wf lemma="である" pos="X">である</wf>
         <wf lemma="である" pos="X">である</wf>
         <wf lemma="と" pos="X">と</wf>
         <wf lemma="主張" pos="X">主張</wf>
         <wf lemma="する" pos="X">する</wf>
         <wf lemma="ような" pos="X">ような</wf>
         <instance id="d000.s1175.t000" lemma="不合理" pos="ADJ">不合理</instance>
         <wf lemma="な" pos="X">な</wf>
         <wf lemma="窮地" pos="X">窮地</wf>
         <wf lemma="−" pos="X">−</wf>
         <wf lemma="ウォルター" pos="X">ウォルター</wf>
         <wf lemma="・" pos="X">・</wf>
         <wf lemma="リップマン" pos="X">リップマン</wf>
         <wf lemma="." pos="X">.</wf>
      </sentence>
      <sentence id="d000.s1176" source="wordnet-japanese">
         <wf lemma="本" pos="X">本</wf>
         <wf lemma="に" pos="X">に</wf>
         <wf lemma="は" pos="X">は</wf>
         <wf lemma="皮" pos="X">皮</wf>
         <wf lemma="の" pos="X">の</wf>
         <instance id="d000.s1176.t000" lemma="表紙" pos="NOUN">表紙</instance>
         <wf lemma="が" pos="X">が</wf>
         <wf lemma="付い" pos="X">付い</wf>
         <wf lemma="て" pos="X">て</wf>
         <wf lemma="い" pos="X">い</wf>
         <wf lemma="た" pos="X">た</wf>
         <wf lemma="." pos="X">.</wf>
      </sentence>
      <sentence id="d000.s1177" source="wordnet-japanese">
         <wf lemma="全く" pos="X">全く</wf>
         <wf lemma="で" pos="X">で</wf>
         <instance id="d000.s1177.t000" lemma="不吉" pos="ADJ">不吉</instance>
         <wf lemma="な" pos="X">な</wf>
         <wf lemma="沈黙" pos="X">沈黙</wf>
         <wf lemma="は" pos="X">は</wf>
         <wf lemma="広がっ" pos="X">広がっ</wf>
         <wf lemma="た" pos="X">た</wf>
         <wf lemma="." pos="X">.</wf>
      </sentence>
      <sentence id="d000.s1178" source="wordnet-japanese">
         <instance id="d000.s1178.t000" lemma="重要" pos="ADJ">重要</instance>
         <wf lemma="な" pos="X">な</wf>
         <wf lemma="詳細" pos="X">詳細</wf>
         <wf lemma="." pos="X">.</wf>
      </sentence>
      <sentence id="d000.s1179" source="wordnet-japanese">
         <wf lemma="あなた" pos="X">あなた</wf>
         <wf lemma="は" pos="X">は</wf>
         <wf lemma="、" pos="X">、</wf>
         <wf lemma="会議" pos="X">会議</wf>
         <wf lemma="に" pos="X">に</wf>
         <instance id="d000.s1179.t000" lemma="行く" pos="VERB">行き</instance>
         <wf lemma="まし" pos="X">まし</wf>
         <wf lemma="た" pos="X">た</wf>
         <wf lemma="か" pos="X">か</wf>
         <wf lemma="？" pos="X">？</wf>
         <wf lemma="." pos="X">.</wf>
      </sentence>
      <sentence id="d000.s1180" source="wordnet-japanese">
         <wf lemma="両親" pos="X">両親</wf>
         <wf lemma="が" pos="X">が</wf>
         <wf lemma="フロリダ" pos="X">フロリダ</wf>
         <wf lemma="に" pos="X">に</wf>
         <instance id="d000.s1180.t000" lemma="住む" pos="VERB">住み</instance>
         <wf lemma="ます" pos="X">ます</wf>
         <wf lemma="ように" pos="X">ように</wf>
         <wf lemma="." pos="X">.</wf>
      </sentence>
      <sentence id="d000.s1181" source="wordnet-japanese">
         <wf lemma="腸の" pos="X">腸の</wf>
         <wf lemma="ガス" pos="X">ガス</wf>
         <wf lemma="の" pos="X">の</wf>
         <instance id="d000.s1181.t000" lemma="形成" pos="NOUN">形成</instance>
         <wf lemma="." pos="X">.</wf>
      </sentence>
      <sentence id="d000.s1182" source="wordnet-japanese">
         <instance id="d000.s1182.t000" lemma="不飽和" pos="ADJ">不飽和</instance>
         <wf lemma="の" pos="X">の</wf>
         <wf lemma="食塩" pos="X">食塩</wf>
         <wf lemma="水" pos="X">水</wf>
         <wf lemma="." pos="X">.</wf>
      </sentence>
      <sentence id="d000.s1183" source="wordnet-japanese">
         <wf lemma="彼" pos="X">彼</wf>
         <wf lemma="は" pos="X">は</wf>
         <wf lemma="大学院" pos="X">大学院</wf>
         <wf lemma="で" pos="X">で</wf>
         <wf lemma="、" pos="X">、</wf>
         <wf lemma="学習" pos="X">学習</wf>
         <wf lemma="と" pos="X">と</wf>
         <instance id="d000.s1183.t000" lemma="記憶" pos="NOUN">記憶</instance>
         <wf lemma="を" pos="X">を</wf>
         <wf lemma="教え" pos="X">教え</wf>
         <wf lemma="て" pos="X">て</wf>
         <wf lemma="い" pos="X">い</wf>
         <wf lemma="た" pos="X">た</wf>
         <wf lemma="." pos="X">.</wf>
      </sentence>
      <sentence id="d000.s1184" source="wordnet-japanese">
         <instance id="d000.s1184.t000" lemma="センター" pos="NOUN">センター</instance>
         <wf lemma="が" pos="X">が</wf>
         <wf lemma="ハンドオフ" pos="X">ハンドオフ</wf>
         <wf lemma="を" pos="X">を</wf>
         <wf lemma="取りそこね" pos="X">取りそこね</wf>
         <wf lemma="た" pos="X">た</wf>
         <wf lemma="." pos="X">.</wf>
      </sentence>
      <sentence id="d000.s1185" source="wordnet-japanese">
         <wf lemma="溶液" pos="X">溶液</wf>
         <wf lemma="を" pos="X">を</wf>
         <instance id="d000.s1185.t000" lemma="薄める" pos="VERB">薄める</instance>
         <wf lemma="." pos="X">.</wf>
      </sentence>
      <sentence id="d000.s1186" source="wordnet-japanese">
         <wf lemma="彼" pos="X">彼</wf>
         <wf lemma="は" pos="X">は</wf>
         <wf lemma="組織" pos="X">組織</wf>
         <wf lemma="の" pos="X">の</wf>
         <wf lemma="傾向" pos="X">傾向</wf>
         <wf lemma="を" pos="X">を</wf>
         <wf lemma="つかみ" pos="X">つかみ</wf>
         <instance id="d000.s1186.t000" lemma="柔軟性" pos="NOUN">柔軟性</instance>
         <wf lemma="を" pos="X">を</wf>
         <wf lemma="高め" pos="X">高め</wf>
         <wf lemma="た" pos="X">た</wf>
         <wf lemma="." pos="X">.</wf>
      </sentence>
      <sentence id="d000.s1187" source="wordnet-japanese">
         <instance id="d000.s1187.t000" lemma="極端" pos="ADJ">極端</instance>
         <wf lemma="な" pos="X">な</wf>
         <wf lemma="意見" pos="X">意見</wf>
         <wf lemma="." pos="X">.</wf>
      </sentence>
      <sentence id="d000.s1188" source="wordnet-japanese">
         <wf lemma="飛行機" pos="X">飛行機</wf>
         <wf lemma="の" pos="X">の</wf>
         <instance id="d000.s1188.t000" lemma="編成" pos="NOUN">編成</instance>
         <wf lemma="." pos="X">.</wf>
      </sentence>
      <sentence id="d000.s1189" source="wordnet-japanese">
         <wf lemma="だれ" pos="X">だれ</wf>
         <wf lemma="も" pos="X">も</wf>
         <wf lemma="が" pos="X">が</wf>
         <wf lemma="彼" pos="X">彼</wf>
         <wf lemma="の" pos="X">の</wf>
         <wf lemma="勝利" pos="X">勝利</wf>
         <wf lemma="を" pos="X">を</wf>
         <wf lemma="予想" pos="X">予想</wf>
         <wf lemma="し" pos="X">し</wf>
         <wf lemma="て" pos="X">て</wf>
         <wf lemma="い" pos="X">い</wf>
         <wf lemma="た" pos="X">た</wf>
         <wf lemma="ので" pos="X">ので</wf>
         <wf lemma="、" pos="X">、</wf>
         <wf lemma="彼" pos="X">彼</wf>
         <wf lemma="の" pos="X">の</wf>
         <instance id="d000.s1189.t000" lemma="敗北" pos="NOUN">敗北</instance>
         <wf lemma="は" pos="X">は</wf>
         <wf lemma="衝撃" pos="X">衝撃</wf>
         <wf lemma="だっ" pos="X">だっ</wf>
         <wf lemma="た" pos="X">た</wf>
         <wf lemma="." pos="X">.</wf>
      </sentence>
      <sentence id="d000.s1190" source="wordnet-japanese">
         <instance id="d000.s1190.t000" lemma="絶望的" pos="ADJ">絶望的</instance>
         <wf lemma="な" pos="X">な</wf>
         <wf lemma="犯罪者" pos="X">犯罪者</wf>
         <wf lemma="." pos="X">.</wf>
      </sentence>
      <sentence id="d000.s1191" source="wordnet-japanese">
         <wf lemma="私" pos="X">私</wf>
         <wf lemma="は" pos="X">は</wf>
         <wf lemma="、" pos="X">、</wf>
         <wf lemma="あなた" pos="X">あなた</wf>
         <wf lemma="の" pos="X">の</wf>
         <wf lemma="つまら" pos="X">つまら</wf>
         <wf lemma="ない" pos="X">ない</wf>
         <instance id="d000.s1191.t000" lemma="小さい" pos="ADJ">小さい</instance>
         <wf lemma="計画" pos="X">計画</wf>
         <wf lemma="に" pos="X">に</wf>
         <wf lemma="あき" pos="X">あき</wf>
         <wf lemma="あき" pos="X">あき</wf>
         <wf lemma="し" pos="X">し</wf>
         <wf lemma="て" pos="X">て</wf>
         <wf lemma="いる" pos="X">いる</wf>
         <wf lemma="." pos="X">.</wf>
      </sentence>
      <sentence id="d000.s1192" source="wordnet-japanese">
         <wf lemma="ジョー" pos="X">ジョー</wf>
         <wf lemma="の" pos="X">の</wf>
         <wf lemma="母" pos="X">母</wf>
         <wf lemma="は" pos="X">は</wf>
         <wf lemma="彼" pos="X">彼</wf>
         <wf lemma="の" pos="X">の</wf>
         <instance id="d000.s1192.t000" lemma="愛称" pos="NOUN">愛称</instance>
         <wf lemma="を" pos="X">を</wf>
         <wf lemma="使わ" pos="X">使わ</wf>
         <wf lemma="ず" pos="X">ず</wf>
         <wf lemma="、" pos="X">、</wf>
         <wf lemma="いつも" pos="X">いつも</wf>
         <wf lemma="彼" pos="X">彼</wf>
         <wf lemma="を" pos="X">を</wf>
         <wf lemma="ジョセフ" pos="X">ジョセフ</wf>
         <wf lemma="と" pos="X">と</wf>
         <wf lemma="呼ん" pos="X">呼ん</wf>
         <wf lemma="だ" pos="X">だ</wf>
         <wf lemma="." pos="X">.</wf>
      </sentence>
      <sentence id="d000.s1193" source="wordnet-japanese">
         <wf lemma="1−4" pos="X">1−4</wf>
         <wf lemma="−" pos="X">−</wf>
         <wf lemma="16−64−256" pos="X">16−64−256</wf>
         <wf lemma="−" pos="X">−</wf>
         <wf lemma="は" pos="X">は</wf>
         <wf lemma="、" pos="X">、</wf>
         <instance id="d000.s1193.t000" lemma="等比数列" pos="NOUN">等比数列</instance>
         <wf lemma="の" pos="X">の</wf>
         <wf lemma="始まり" pos="X">始まり</wf>
         <wf lemma="である" pos="X">である</wf>
         <wf lemma="." pos="X">.</wf>
      </sentence>
      <sentence id="d000.s1194" source="wordnet-japanese">
         <wf lemma="あなた" pos="X">あなた</wf>
         <wf lemma="は" pos="X">は</wf>
         <wf lemma="この" pos="X">この</wf>
         <wf lemma="男性" pos="X">男性</wf>
         <wf lemma="を" pos="X">を</wf>
         <instance id="d000.s1194.t000" lemma="信じる" pos="VERB">信じる</instance>
         <wf lemma="こと" pos="X">こと</wf>
         <wf lemma="が" pos="X">が</wf>
         <wf lemma="でき" pos="X">でき</wf>
         <wf lemma="ない" pos="X">ない</wf>
         <wf lemma="." pos="X">.</wf>
      </sentence>
      <sentence id="d000.s1195" source="wordnet-japanese">
         <instance id="d000.s1195.t000" lemma="卑しい" pos="ADJ">卑しい</instance>
         <wf lemma="（" pos="X">（</wf>
         <wf lemma="または" pos="X">または</wf>
         <wf lemma="地位" pos="X">地位</wf>
         <wf lemma="の" pos="X">の</wf>
         <wf lemma="低い" pos="X">低い</wf>
         <wf lemma="）" pos="X">）</wf>
         <wf lemma="生まれ" pos="X">生まれ</wf>
         <wf lemma="の" pos="X">の</wf>
         <wf lemma="." pos="X">.</wf>
      </sentence>
      <sentence id="d000.s1196" source="wordnet-japanese">
         <wf lemma="何年" pos="X">何年</wf>
         <wf lemma="に" pos="X">に</wf>
         <wf lemma="も" pos="X">も</wf>
         <wf lemma="及ぶ" pos="X">及ぶ</wf>
         <instance id="d000.s1196.t000" lemma="圧政" pos="NOUN">圧政</instance>
         <wf lemma="の" pos="X">の</wf>
         <wf lemma="後" pos="X">後</wf>
         <wf lemma="、" pos="X">、</wf>
         <wf lemma="彼ら" pos="X">彼ら</wf>
         <wf lemma="は" pos="X">は</wf>
         <wf lemma="ついに" pos="X">ついに</wf>
         <wf lemma="反抗" pos="X">反抗</wf>
         <wf lemma="し" pos="X">し</wf>
         <wf lemma="た" pos="X">た</wf>
         <wf lemma="." pos="X">.</wf>
      </sentence>
      <sentence id="d000.s1197" source="wordnet-japanese">
         <wf lemma="彫刻" pos="X">彫刻</wf>
         <wf lemma="と" pos="X">と</wf>
         <wf lemma="油絵" pos="X">油絵</wf>
         <wf lemma="の" pos="X">の</wf>
         <instance id="d000.s1197.t000" lemma="対比" pos="NOUN">対比</instance>
         <wf lemma="." pos="X">.</wf>
      </sentence>
      <sentence id="d000.s1198" source="wordnet-japanese">
         <wf lemma="彼" pos="X">彼</wf>
         <wf lemma="は" pos="X">は</wf>
         <wf lemma="、" pos="X">、</wf>
         <wf lemma="彼女" pos="X">彼女</wf>
         <wf lemma="と" pos="X">と</wf>
         <wf lemma="結婚" pos="X">結婚</wf>
         <wf lemma="し" pos="X">し</wf>
         <wf lemma="たい" pos="X">たい</wf>
         <wf lemma="と" pos="X">と</wf>
         <instance id="d000.s1198.t000" lemma="言う" pos="VERB">言っ</instance>
         <wf lemma="た" pos="X">た</wf>
         <wf lemma="." pos="X">.</wf>
      </sentence>
      <sentence id="d000.s1199" source="wordnet-japanese">
         <wf lemma="彼" pos="X">彼</wf>
         <wf lemma="は" pos="X">は</wf>
         <wf lemma="キュー" pos="X">キュー</wf>
         <wf lemma="の" pos="X">の</wf>
         <instance id="d000.s1199.t000" lemma="柄" pos="NOUN">柄</instance>
         <wf lemma="を" pos="X">を</wf>
         <wf lemma="つかん" pos="X">つかん</wf>
         <wf lemma="だ" pos="X">だ</wf>
         <wf lemma="." pos="X">.</wf>
      </sentence>
      <sentence id="d000.s1200" source="wordnet-japanese">
         <instance id="d000.s1200.t000" lemma="自然" pos="ADJ">自然</instance>
         <wf lemma="な" pos="X">な</wf>
         <wf lemma="ポーズ" pos="X">ポーズ</wf>
         <wf lemma="." pos="X">.</wf>
      </sentence>
      <sentence id="d000.s1201" source="wordnet-japanese">
         <instance id="d000.s1201.t000" lemma="無駄" pos="ADJ">無駄</instance>
         <wf lemma="な" pos="X">な</wf>
         <wf lemma="戦争" pos="X">戦争</wf>
         <wf lemma="で" pos="X">で</wf>
         <wf lemma="、" pos="X">、</wf>
         <wf lemma="像" pos="X">像</wf>
         <wf lemma="が" pos="X">が</wf>
         <wf lemma="ひっくり" pos="X">ひっくり</wf>
         <wf lemma="返る" pos="X">返る</wf>
         <wf lemma="−" pos="X">−</wf>
         <wf lemma="シェークスピア" pos="X">シェークスピア</wf>
         <wf lemma="." pos="X">.</wf>
      </sentence>
      <sentence id="d000.s1202" source="wordnet-japanese">
         <wf lemma="彼" pos="X">彼</wf>
         <wf lemma="は" pos="X">は</wf>
         <wf lemma="重症" pos="X">重症</wf>
         <wf lemma="の" pos="X">の</wf>
         <instance id="d000.s1202.t000" lemma="疥癬" pos="NOUN">疥癬</instance>
         <wf lemma="だ" pos="X">だ</wf>
         <wf lemma="." pos="X">.</wf>
      </sentence>
      <sentence id="d000.s1203" source="wordnet-japanese">
         <instance id="d000.s1203.t000" lemma="無責任" pos="ADJ">無責任</instance>
         <wf lemma="な" pos="X">な</wf>
         <wf lemma="ばか" pos="X">ばか</wf>
         <wf lemma="の" pos="X">の</wf>
         <wf lemma="ように" pos="X">ように</wf>
         <wf lemma="振舞っ" pos="X">振舞っ</wf>
         <wf lemma="た" pos="X">た</wf>
         <wf lemma="." pos="X">.</wf>
      </sentence>
      <sentence id="d000.s1204" source="wordnet-japanese">
         <wf lemma="遠く" pos="X">遠く</wf>
         <wf lemma="の" pos="X">の</wf>
         <wf lemma="ロウソク" pos="X">ロウソク</wf>
         <wf lemma="の" pos="X">の</wf>
         <instance id="d000.s1204.t000" lemma="かすか" pos="ADJ">かすか</instance>
         <wf lemma="な" pos="X">な</wf>
         <wf lemma="光" pos="X">光</wf>
         <wf lemma="." pos="X">.</wf>
      </sentence>
      <sentence id="d000.s1205" source="wordnet-japanese">
         <wf lemma="彼ら" pos="X">彼ら</wf>
         <wf lemma="は" pos="X">は</wf>
         <wf lemma="、" pos="X">、</wf>
         <wf lemma="確か" pos="X">確か</wf>
         <wf lemma="に" pos="X">に</wf>
         <wf lemma="来" pos="X">来</wf>
         <wf lemma="て" pos="X">て</wf>
         <wf lemma="いる" pos="X">いる</wf>
         <wf lemma="；" pos="X">；</wf>
         <instance id="d000.s1205.t000" lemma="さらに" pos="ADV">さらに</instance>
         <wf lemma="、" pos="X">、</wf>
         <wf lemma="もう" pos="X">もう</wf>
         <wf lemma="既に" pos="X">既に</wf>
         <wf lemma="ここ" pos="X">ここ</wf>
         <wf lemma="に" pos="X">に</wf>
         <wf lemma="いる" pos="X">いる</wf>
         <wf lemma="はず" pos="X">はず</wf>
         <wf lemma="だ." pos="X">だ.</wf>
      </sentence>
      <sentence id="d000.s1206" source="wordnet-japanese">
         <wf lemma="イベント" pos="X">イベント</wf>
         <wf lemma="の" pos="X">の</wf>
         <instance id="d000.s1206.t000" lemma="不確か" pos="ADJ">不確か</instance>
         <wf lemma="な" pos="X">な</wf>
         <wf lemma="記憶" pos="X">記憶</wf>
         <wf lemma="." pos="X">.</wf>
      </sentence>
      <sentence id="d000.s1207" source="wordnet-japanese">
         <wf lemma="1920" pos="X">1920</wf>
         <wf lemma="年代" pos="X">年代</wf>
         <wf lemma="は" pos="X">は</wf>
         <wf lemma="独自" pos="X">独自</wf>
         <wf lemma="の" pos="X">の</wf>
         <instance id="d000.s1207.t000" lemma="流行" pos="NOUN">流行</instance>
         <wf lemma="が" pos="X">が</wf>
         <wf lemma="あっ" pos="X">あっ</wf>
         <wf lemma="た" pos="X">た</wf>
         <wf lemma="." pos="X">.</wf>
      </sentence>
      <sentence id="d000.s1208" source="wordnet-japanese">
         <wf lemma="私たち" pos="X">私たち</wf>
         <wf lemma="は" pos="X">は</wf>
         <wf lemma="、" pos="X">、</wf>
         <wf lemma="最終的" pos="X">最終的</wf>
         <wf lemma="に" pos="X">に</wf>
         <wf lemma="容疑者" pos="X">容疑者</wf>
         <wf lemma="を" pos="X">を</wf>
         <instance id="d000.s1208.t000" lemma="捕まえる" pos="VERB">捕まえ</instance>
         <wf lemma="た" pos="X">た</wf>
         <wf lemma="." pos="X">.</wf>
      </sentence>
      <sentence id="d000.s1209" source="wordnet-japanese">
         <instance id="d000.s1209.t000" lemma="熱心" pos="ADJ">熱心</instance>
         <wf lemma="な" pos="X">な</wf>
         <wf lemma="反応" pos="X">反応</wf>
         <wf lemma="." pos="X">.</wf>
      </sentence>
      <sentence id="d000.s1210" source="wordnet-japanese">
         <wf lemma="畑" pos="X">畑</wf>
         <wf lemma="を" pos="X">を</wf>
         <instance id="d000.s1210.t000" lemma="耕す" pos="VERB">耕す</instance>
         <wf lemma="." pos="X">.</wf>
      </sentence>
      <sentence id="d000.s1211" source="wordnet-japanese">
         <wf lemma="存在" pos="X">存在</wf>
         <wf lemma="する" pos="X">する</wf>
         <wf lemma="すべて" pos="X">すべて</wf>
         <wf lemma="の" pos="X">の</wf>
         <instance id="d000.s1211.t000" lemma="歴史的" pos="ADJ">歴史的</instance>
         <wf lemma="キャメロット" pos="X">キャメロット</wf>
         <wf lemma="を" pos="X">を</wf>
         <wf lemma="疑う" pos="X">疑う</wf>
         <wf lemma="." pos="X">.</wf>
      </sentence>
      <sentence id="d000.s1212" source="wordnet-japanese">
         <wf lemma="彼" pos="X">彼</wf>
         <wf lemma="は" pos="X">は</wf>
         <wf lemma="詰み" pos="X">詰み</wf>
         <wf lemma="を" pos="X">を</wf>
         <wf lemma="逃れる" pos="X">逃れる</wf>
         <wf lemma="手" pos="X">手</wf>
         <wf lemma="を" pos="X">を</wf>
         <instance id="d000.s1212.t000" lemma="探究" pos="NOUN">探究</instance>
         <wf lemma="し" pos="X">し</wf>
         <wf lemma="た" pos="X">た</wf>
         <wf lemma="が" pos="X">が</wf>
         <wf lemma="だめ" pos="X">だめ</wf>
         <wf lemma="だっ" pos="X">だっ</wf>
         <wf lemma="た" pos="X">た</wf>
         <wf lemma="." pos="X">.</wf>
      </sentence>
      <sentence id="d000.s1213" source="wordnet-japanese">
         <wf lemma="本" pos="X">本</wf>
         <wf lemma="を" pos="X">を</wf>
         <wf lemma="机" pos="X">机</wf>
         <wf lemma="の" pos="X">の</wf>
         <instance id="d000.s1213.t000" lemma="上" pos="NOUN">上</instance>
         <wf lemma="に" pos="X">に</wf>
         <wf lemma="置く" pos="X">置く</wf>
         <wf lemma="." pos="X">.</wf>
      </sentence>
      <sentence id="d000.s1214" source="wordnet-japanese">
         <wf lemma="彼女" pos="X">彼女</wf>
         <wf lemma="は" pos="X">は</wf>
         <wf lemma="標準中国語" pos="X">標準中国語</wf>
         <wf lemma="が" pos="X">が</wf>
         <instance id="d000.s1214.t000" lemma="十分" pos="ADV">十分</instance>
         <wf lemma="に" pos="X">に</wf>
         <wf lemma="流暢" pos="X">流暢</wf>
         <wf lemma="だっ" pos="X">だっ</wf>
         <wf lemma="た" pos="X">た</wf>
         <wf lemma="." pos="X">.</wf>
      </sentence>
      <sentence id="d000.s1215" source="wordnet-japanese">
         <wf lemma="我々" pos="X">我々</wf>
         <wf lemma="は" pos="X">は</wf>
         <wf lemma="、" pos="X">、</wf>
         <wf lemma="毎週" pos="X">毎週</wf>
         <wf lemma="日曜日" pos="X">日曜日</wf>
         <wf lemma="に" pos="X">に</wf>
         <instance id="d000.s1215.t000" lemma="歩く" pos="VERB">歩く</instance>
         <wf lemma="の" pos="X">の</wf>
         <wf lemma="が" pos="X">が</wf>
         <wf lemma="好き" pos="X">好き</wf>
         <wf lemma="だ" pos="X">だ</wf>
         <wf lemma="." pos="X">.</wf>
      </sentence>
      <sentence id="d000.s1216" source="wordnet-japanese">
         <wf lemma="私" pos="X">私</wf>
         <wf lemma="は" pos="X">は</wf>
         <wf lemma="、" pos="X">、</wf>
         <wf lemma="私" pos="X">私</wf>
         <wf lemma="の" pos="X">の</wf>
         <wf lemma="田舎" pos="X">田舎</wf>
         <wf lemma="の" pos="X">の</wf>
         <wf lemma="屋敷" pos="X">屋敷</wf>
         <wf lemma="を" pos="X">を</wf>
         <wf lemma="一部" pos="X">一部</wf>
         <wf lemma="の" pos="X">の</wf>
         <wf lemma="外国人" pos="X">外国人</wf>
         <wf lemma="に" pos="X">に</wf>
         <instance id="d000.s1216.t000" lemma="貸す" pos="VERB">貸し</instance>
         <wf lemma="て" pos="X">て</wf>
         <wf lemma="いる" pos="X">いる</wf>
         <wf lemma="." pos="X">.</wf>
      </sentence>
      <sentence id="d000.s1217" source="wordnet-japanese">
         <wf lemma="問題" pos="X">問題</wf>
         <wf lemma="は" pos="X">は</wf>
         <wf lemma="この" pos="X">この</wf>
         <wf lemma="国" pos="X">国</wf>
         <wf lemma="の" pos="X">の</wf>
         <wf lemma="社会的" pos="X">社会的</wf>
         <wf lemma="不正" pos="X">不正</wf>
         <wf lemma="に" pos="X">に</wf>
         <instance id="d000.s1217.t000" lemma="ある" pos="VERB">ある</instance>
         <wf lemma="." pos="X">.</wf>
      </sentence>
      <sentence id="d000.s1218" source="wordnet-japanese">
         <wf lemma="農産物" pos="X">農産物</wf>
         <wf lemma="の" pos="X">の</wf>
         <instance id="d000.s1218.t000" lemma="最適化" pos="NOUN">最適化</instance>
         <wf lemma="と" pos="X">と</wf>
         <wf lemma="多様" pos="X">多様</wf>
         <wf lemma="化" pos="X">化</wf>
         <wf lemma="を" pos="X">を</wf>
         <wf lemma="促進" pos="X">促進</wf>
         <wf lemma="する" pos="X">する</wf>
         <wf lemma="ため" pos="X">ため</wf>
         <wf lemma="に" pos="X">に</wf>
         <wf lemma="." pos="X">.</wf>
      </sentence>
      <sentence id="d000.s1219" source="wordnet-japanese">
         <wf lemma="それ" pos="X">それ</wf>
         <wf lemma="は" pos="X">は</wf>
         <instance id="d000.s1219.t000" lemma="きつい" pos="ADJ">きつい</instance>
         <wf lemma="仕事" pos="X">仕事</wf>
         <wf lemma="だっ" pos="X">だっ</wf>
         <wf lemma="た" pos="X">た</wf>
         <wf lemma="." pos="X">.</wf>
      </sentence>
      <sentence id="d000.s1220" source="wordnet-japanese">
         <wf lemma="フォード" pos="X">フォード</wf>
         <wf lemma="は" pos="X">は</wf>
         <wf lemma="ニクソン" pos="X">ニクソン</wf>
         <wf lemma="を" pos="X">を</wf>
         <instance id="d000.s1220.t000" lemma="許す" pos="VERB">許し</instance>
         <wf lemma="た" pos="X">た</wf>
         <wf lemma="." pos="X">.</wf>
      </sentence>
      <sentence id="d000.s1221" source="wordnet-japanese">
         <instance id="d000.s1221.t000" lemma="巨匠" pos="NOUN">巨匠</instance>
         <wf lemma="の" pos="X">の</wf>
         <wf lemma="ひとり" pos="X">ひとり</wf>
         <wf lemma="." pos="X">.</wf>
      </sentence>
      <sentence id="d000.s1222" source="wordnet-japanese">
         <wf lemma="ゲーム" pos="X">ゲーム</wf>
         <wf lemma="は" pos="X">は</wf>
         <instance id="d000.s1222.t000" lemma="引き分け" pos="NOUN">引き分け</instance>
         <wf lemma="で" pos="X">で</wf>
         <wf lemma="終わっ" pos="X">終わっ</wf>
         <wf lemma="た" pos="X">た</wf>
         <wf lemma="." pos="X">.</wf>
      </sentence>
      <sentence id="d000.s1223" source="wordnet-japanese">
         <instance id="d000.s1223.t000" lemma="あいまい" pos="ADJ">あいまい</instance>
         <wf lemma="な" pos="X">な</wf>
         <wf lemma="インク" pos="X">インク</wf>
         <wf lemma="の" pos="X">の</wf>
         <wf lemma="染み" pos="X">染み</wf>
         <wf lemma="." pos="X">.</wf>
      </sentence>
      <sentence id="d000.s1224" source="wordnet-japanese">
         <wf lemma="合図" pos="X">合図</wf>
         <wf lemma="が" pos="X">が</wf>
         <wf lemma="ある" pos="X">ある</wf>
         <wf lemma="と" pos="X">と</wf>
         <wf lemma="すぐ" pos="X">すぐ</wf>
         <wf lemma="に" pos="X">に</wf>
         <wf lemma="、" pos="X">、</wf>
         <wf lemma="軍" pos="X">軍</wf>
         <wf lemma="は" pos="X">は</wf>
         <instance id="d000.s1224.t000" lemma="オーバードライブ" pos="NOUN">オーバードライブ</instance>
         <wf lemma="を" pos="X">を</wf>
         <wf lemma="行う" pos="X">行う</wf>
         <wf lemma="準備" pos="X">準備</wf>
         <wf lemma="が" pos="X">が</wf>
         <wf lemma="でき" pos="X">でき</wf>
         <wf lemma="て" pos="X">て</wf>
         <wf lemma="いる" pos="X">いる</wf>
         <wf lemma="." pos="X">.</wf>
      </sentence>
      <sentence id="d000.s1225" source="wordnet-japanese">
         <wf lemma="彼" pos="X">彼</wf>
         <wf lemma="が" pos="X">が</wf>
         <instance id="d000.s1225.t000" lemma="リーダーシップ" pos="NOUN">リーダーシップ</instance>
         <wf lemma="を" pos="X">を</wf>
         <wf lemma="発揮" pos="X">発揮</wf>
         <wf lemma="し" pos="X">し</wf>
         <wf lemma="て" pos="X">て</wf>
         <wf lemma="、" pos="X">、</wf>
         <wf lemma="チーム" pos="X">チーム</wf>
         <wf lemma="は" pos="X">は</wf>
         <wf lemma="活気づい" pos="X">活気づい</wf>
         <wf lemma="た" pos="X">た</wf>
         <wf lemma="." pos="X">.</wf>
      </sentence>
      <sentence id="d000.s1226" source="wordnet-japanese">
         <wf lemma="科学者" pos="X">科学者</wf>
         <wf lemma="の" pos="X">の</wf>
         <instance id="d000.s1226.t000" lemma="大きい" pos="ADJ">大きい</instance>
         <wf lemma="グループ" pos="X">グループ</wf>
         <wf lemma="." pos="X">.</wf>
      </sentence>
      <sentence id="d000.s1227" source="wordnet-japanese">
         <wf lemma="私" pos="X">私</wf>
         <wf lemma="は" pos="X">は</wf>
         <wf lemma="成功" pos="X">成功</wf>
         <wf lemma="し" pos="X">し</wf>
         <wf lemma="た" pos="X">た</wf>
         <wf lemma="という" pos="X">という</wf>
         <instance id="d000.s1227.t000" lemma="印象" pos="NOUN">印象</instance>
         <wf lemma="を" pos="X">を</wf>
         <wf lemma="示し" pos="X">示し</wf>
         <wf lemma="たかっ" pos="X">たかっ</wf>
         <wf lemma="た" pos="X">た</wf>
         <wf lemma="." pos="X">.</wf>
      </sentence>
      <sentence id="d000.s1228" source="wordnet-japanese">
         <wf lemma="米国" pos="X">米国</wf>
         <wf lemma="は" pos="X">は</wf>
         <wf lemma="軍事" pos="X">軍事</wf>
         <instance id="d000.s1228.t000" lemma="顧問" pos="NOUN">顧問</instance>
         <wf lemma="を" pos="X">を</wf>
         <wf lemma="グアテマラ" pos="X">グアテマラ</wf>
         <wf lemma="に" pos="X">に</wf>
         <wf lemma="派遣" pos="X">派遣</wf>
         <wf lemma="し" pos="X">し</wf>
         <wf lemma="た" pos="X">た</wf>
         <wf lemma="." pos="X">.</wf>
      </sentence>
      <sentence id="d000.s1229" source="wordnet-japanese">
         <wf lemma="引退" pos="X">引退</wf>
         <wf lemma="の" pos="X">の</wf>
         <wf lemma="ため" pos="X">ため</wf>
         <wf lemma="の" pos="X">の</wf>
         <wf lemma="彼" pos="X">彼</wf>
         <wf lemma="の" pos="X">の</wf>
         <instance id="d000.s1229.t000" lemma="計画" pos="NOUN">計画</instance>
         <wf lemma="は" pos="X">は</wf>
         <wf lemma="、" pos="X">、</wf>
         <wf lemma="いくつか" pos="X">いくつか</wf>
         <wf lemma="の" pos="X">の</wf>
         <wf lemma="不安" pos="X">不安</wf>
         <wf lemma="によって" pos="X">によって</wf>
         <wf lemma="じゃまさ" pos="X">じゃまさ</wf>
         <wf lemma="れ" pos="X">れ</wf>
         <wf lemma="た" pos="X">た</wf>
         <wf lemma="." pos="X">.</wf>
      </sentence>
      <sentence id="d000.s1230" source="wordnet-japanese">
         <wf lemma="かれら" pos="X">かれら</wf>
         <wf lemma="は" pos="X">は</wf>
         <instance id="d000.s1230.t000" lemma="粗悪" pos="ADJ">粗悪</instance>
         <wf lemma="な" pos="X">な</wf>
         <wf lemma="金属" pos="X">金属</wf>
         <wf lemma="は" pos="X">は</wf>
         <wf lemma="その" pos="X">その</wf>
         <wf lemma="形成" pos="X">形成</wf>
         <wf lemma="さ" pos="X">さ</wf>
         <wf lemma="れ" pos="X">れ</wf>
         <wf lemma="た" pos="X">た</wf>
         <wf lemma="−" pos="X">−</wf>
         <wf lemma="シェークスピア" pos="X">シェークスピア</wf>
         <wf lemma="." pos="X">.</wf>
      </sentence>
      <sentence id="d000.s1231" source="wordnet-japanese">
         <wf lemma="都市" pos="X">都市</wf>
         <wf lemma="は" pos="X">は</wf>
         <wf lemma="、" pos="X">、</wf>
         <wf lemma="オランダ人" pos="X">オランダ人</wf>
         <wf lemma="により" pos="X">により</wf>
         <wf lemma="スターブルーク" pos="X">スターブルーク</wf>
         <wf lemma="と" pos="X">と</wf>
         <wf lemma="呼ば" pos="X">呼ば</wf>
         <wf lemma="れ" pos="X">れ</wf>
         <wf lemma="い" pos="X">い</wf>
         <wf lemma="た" pos="X">た</wf>
         <wf lemma="が" pos="X">が</wf>
         <wf lemma="、" pos="X">、</wf>
         <wf lemma="1812" pos="X">1812</wf>
         <wf lemma="年" pos="X">年</wf>
         <wf lemma="に" pos="X">に</wf>
         <wf lemma="英国人" pos="X">英国人</wf>
         <wf lemma="により" pos="X">により</wf>
         <instance id="d000.s1231.t000" lemma="ジョージタウン" pos="NOUN">ジョージタウン</instance>
         <wf lemma="に" pos="X">に</wf>
         <wf lemma="改名" pos="X">改名</wf>
         <wf lemma="さ" pos="X">さ</wf>
         <wf lemma="れ" pos="X">れ</wf>
         <wf lemma="た" pos="X">た</wf>
         <wf lemma="." pos="X">.</wf>
      </sentence>
      <sentence id="d000.s1232" source="wordnet-japanese">
         <instance id="d000.s1232.t000" lemma="重い" pos="ADJ">重い</instance>
         <wf lemma="まぶ" pos="X">まぶ</wf>
         <wf lemma="た" pos="X">た</wf>
         <wf lemma="." pos="X">.</wf>
      </sentence>
      <sentence id="d000.s1233" source="wordnet-japanese">
         <instance id="d000.s1233.t000" lemma="無意識" pos="ADJ">無意識</instance>
         <wf lemma="の" pos="X">の</wf>
         <wf lemma="状態" pos="X">状態</wf>
         <wf lemma="で" pos="X">で</wf>
         <wf lemma="、" pos="X">、</wf>
         <wf lemma="床" pos="X">床</wf>
         <wf lemma="に" pos="X">に</wf>
         <wf lemma="横たわっ" pos="X">横たわっ</wf>
         <wf lemma="た" pos="X">た</wf>
         <wf lemma="." pos="X">.</wf>
      </sentence>
      <sentence id="d000.s1234" source="wordnet-japanese">
         <wf lemma="人" pos="X">人</wf>
         <wf lemma="は" pos="X">は</wf>
         <wf lemma="、" pos="X">、</wf>
         <instance id="d000.s1234.t000" lemma="考える" pos="VERB">考える</instance>
         <wf lemma="唯一" pos="X">唯一</wf>
         <wf lemma="の" pos="X">の</wf>
         <wf lemma="生き" pos="X">生き</wf>
         <wf lemma="もの" pos="X">もの</wf>
         <wf lemma="である" pos="X">である</wf>
         <wf lemma="." pos="X">.</wf>
      </sentence>
      <sentence id="d000.s1235" source="wordnet-japanese">
         <wf lemma="この" pos="X">この</wf>
         <wf lemma="要因" pos="X">要因</wf>
         <wf lemma="は" pos="X">は</wf>
         <wf lemma="、" pos="X">、</wf>
         <wf lemma="彼" pos="X">彼</wf>
         <wf lemma="の" pos="X">の</wf>
         <wf lemma="決定" pos="X">決定</wf>
         <wf lemma="に" pos="X">に</wf>
         <wf lemma="は" pos="X">は</wf>
         <wf lemma="大した" pos="X">大した</wf>
         <wf lemma="役割" pos="X">役割</wf>
         <wf lemma="を" pos="X">を</wf>
         <instance id="d000.s1235.t000" lemma="果たす" pos="VERB">果たし</instance>
         <wf lemma="て" pos="X">て</wf>
         <wf lemma="い" pos="X">い</wf>
         <wf lemma="なかっ" pos="X">なかっ</wf>
         <wf lemma="た" pos="X">た</wf>
         <wf lemma="." pos="X">.</wf>
      </sentence>
      <sentence id="d000.s1236" source="wordnet-japanese">
         <wf lemma="彼女" pos="X">彼女</wf>
         <wf lemma="の" pos="X">の</wf>
         <wf lemma="気持" pos="X">気持</wf>
         <wf lemma="が" pos="X">が</wf>
         <wf lemma="良い" pos="X">良い</wf>
         <wf lemma="人格" pos="X">人格</wf>
         <wf lemma="は" pos="X">は</wf>
         <wf lemma="既に" pos="X">既に</wf>
         <instance id="d000.s1236.t000" lemma="推薦" pos="NOUN">推薦</instance>
         <wf lemma="である" pos="X">である</wf>
         <wf lemma="." pos="X">.</wf>
      </sentence>
      <sentence id="d000.s1237" source="wordnet-japanese">
         <instance id="d000.s1237.t000" lemma="冷酷" pos="ADJ">冷酷</instance>
         <wf lemma="な" pos="X">な</wf>
         <wf lemma="殺人" pos="X">殺人</wf>
         <wf lemma="." pos="X">.</wf>
      </sentence>
      <sentence id="d000.s1238" source="wordnet-japanese">
         <instance id="d000.s1238.t000" lemma="物事" pos="NOUN">物事</instance>
         <wf lemma="は" pos="X">は</wf>
         <wf lemma="うまく" pos="X">うまく</wf>
         <wf lemma="いっ" pos="X">いっ</wf>
         <wf lemma="て" pos="X">て</wf>
         <wf lemma="いる" pos="X">いる</wf>
         <wf lemma="." pos="X">.</wf>
      </sentence>
      <sentence id="d000.s1239" source="wordnet-japanese">
         <wf lemma="今" pos="X">今</wf>
         <wf lemma="、" pos="X">、</wf>
         <wf lemma="彼ら" pos="X">彼ら</wf>
         <wf lemma="は" pos="X">は</wf>
         <wf lemma="患者" pos="X">患者</wf>
         <wf lemma="の" pos="X">の</wf>
         <instance id="d000.s1239.t000" lemma="入院" pos="NOUN">入院</instance>
         <wf lemma="期間" pos="X">期間</wf>
         <wf lemma="を" pos="X">を</wf>
         <wf lemma="短く" pos="X">短く</wf>
         <wf lemma="し" pos="X">し</wf>
         <wf lemma="よう" pos="X">よう</wf>
         <wf lemma="と" pos="X">と</wf>
         <wf lemma="する" pos="X">する</wf>
         <wf lemma="." pos="X">.</wf>
      </sentence>
      <sentence id="d000.s1240" source="wordnet-japanese">
         <wf lemma="計画" pos="X">計画</wf>
         <wf lemma="の" pos="X">の</wf>
         <instance id="d000.s1240.t000" lemma="大まか" pos="ADJ">大まか</instance>
         <wf lemma="な" pos="X">な</wf>
         <wf lemma="概略" pos="X">概略</wf>
         <wf lemma="." pos="X">.</wf>
      </sentence>
      <sentence id="d000.s1241" source="wordnet-japanese">
         <instance id="d000.s1241.t000" lemma="陽気" pos="ADJ">陽気</instance>
         <wf lemma="で" pos="X">で</wf>
         <wf lemma="魅力的" pos="X">魅力的</wf>
         <wf lemma="な" pos="X">な</wf>
         <wf lemma="両親" pos="X">両親</wf>
         <wf lemma="." pos="X">.</wf>
      </sentence>
      <sentence id="d000.s1242" source="wordnet-japanese">
         <wf lemma="それ" pos="X">それ</wf>
         <wf lemma="は" pos="X">は</wf>
         <wf lemma="一括" pos="X">一括</wf>
         <instance id="d000.s1242.t000" lemma="取引" pos="NOUN">取引</instance>
         <wf lemma="だっ" pos="X">だっ</wf>
         <wf lemma="た" pos="X">た</wf>
         <wf lemma="." pos="X">.</wf>
      </sentence>
      <sentence id="d000.s1243" source="wordnet-japanese">
         <wf lemma="誰" pos="X">誰</wf>
         <wf lemma="で" pos="X">で</wf>
         <wf lemma="も" pos="X">も</wf>
         <wf lemma="より" pos="X">より</wf>
         <wf lemma="よい" pos="X">よい</wf>
         <instance id="d000.s1243.t000" lemma="明日" pos="NOUN">明日</instance>
         <wf lemma="を" pos="X">を</wf>
         <wf lemma="願っ" pos="X">願っ</wf>
         <wf lemma="て" pos="X">て</wf>
         <wf lemma="いる" pos="X">いる</wf>
         <wf lemma="." pos="X">.</wf>
      </sentence>
      <sentence id="d000.s1244" source="wordnet-japanese">
         <instance id="d000.s1244.t000" lemma="偉大" pos="ADJ">偉大</instance>
         <wf lemma="な" pos="X">な</wf>
         <wf lemma="芸術" pos="X">芸術</wf>
         <wf lemma="作品" pos="X">作品</wf>
         <wf lemma="." pos="X">.</wf>
      </sentence>
      <sentence id="d000.s1245" source="wordnet-japanese">
         <wf lemma="ヒバリ" pos="X">ヒバリ</wf>
         <wf lemma="の" pos="X">の</wf>
         <instance id="d000.s1245.t000" lemma="甘美" pos="ADJ">甘美</instance>
         <wf lemma="なさえ" pos="X">なさえ</wf>
         <wf lemma="ずり" pos="X">ずり</wf>
         <wf lemma="." pos="X">.</wf>
      </sentence>
      <sentence id="d000.s1246" source="wordnet-japanese">
         <wf lemma="意思" pos="X">意思</wf>
         <wf lemma="または" pos="X">または</wf>
         <wf lemma="行為" pos="X">行為</wf>
         <wf lemma="を" pos="X">を</wf>
         <instance id="d000.s1246.t000" lemma="成し遂げる" pos="VERB">成し遂げる</instance>
         <wf lemma="." pos="X">.</wf>
      </sentence>
      <sentence id="d000.s1247" source="wordnet-japanese">
         <wf lemma="彼" pos="X">彼</wf>
         <wf lemma="は" pos="X">は</wf>
         <wf lemma="喧嘩" pos="X">喧嘩</wf>
         <wf lemma="し" pos="X">し</wf>
         <wf lemma="て" pos="X">て</wf>
         <wf lemma="いる" pos="X">いる</wf>
         <wf lemma="子供" pos="X">子供</wf>
         <wf lemma="たち" pos="X">たち</wf>
         <wf lemma="を" pos="X">を</wf>
         <instance id="d000.s1247.t000" lemma="引き離す" pos="VERB">引き離し</instance>
         <wf lemma="た" pos="X">た</wf>
         <wf lemma="." pos="X">.</wf>
      </sentence>
      <sentence id="d000.s1248" source="wordnet-japanese">
         <instance id="d000.s1248.t000" lemma="調停" pos="NOUN">調停</instance>
         <wf lemma="の" pos="X">の</wf>
         <wf lemma="目的" pos="X">目的</wf>
         <wf lemma="は" pos="X">は</wf>
         <wf lemma="、" pos="X">、</wf>
         <wf lemma="訴訟" pos="X">訴訟</wf>
         <wf lemma="の" pos="X">の</wf>
         <wf lemma="不要" pos="X">不要</wf>
         <wf lemma="な" pos="X">な</wf>
         <wf lemma="重複" pos="X">重複</wf>
         <wf lemma="を" pos="X">を</wf>
         <wf lemma="防ぐ" pos="X">防ぐ</wf>
         <wf lemma="こと" pos="X">こと</wf>
         <wf lemma="である" pos="X">である</wf>
         <wf lemma="." pos="X">.</wf>
      </sentence>
      <sentence id="d000.s1249" source="wordnet-japanese">
         <wf lemma="彼女" pos="X">彼女</wf>
         <wf lemma="は" pos="X">は</wf>
         <wf lemma="その" pos="X">その</wf>
         <wf lemma="役職" pos="X">役職</wf>
         <wf lemma="に" pos="X">に</wf>
         <instance id="d000.s1249.t000" lemma="適任" pos="ADJ">適任</instance>
         <wf lemma="で" pos="X">で</wf>
         <wf lemma="は" pos="X">は</wf>
         <wf lemma="ない" pos="X">ない</wf>
         <wf lemma="." pos="X">.</wf>
      </sentence>
      <sentence id="d000.s1250" source="wordnet-japanese">
         <wf lemma="オペラ" pos="X">オペラ</wf>
         <wf lemma="を" pos="X">を</wf>
         <wf lemma="見" pos="X">見</wf>
         <wf lemma="に" pos="X">に</wf>
         <wf lemma="行く" pos="X">行く</wf>
         <wf lemma="前" pos="X">前</wf>
         <wf lemma="に" pos="X">に</wf>
         <wf lemma="、" pos="X">、</wf>
         <instance id="d000.s1250.t000" lemma="着替える" pos="VERB">着替え</instance>
         <wf lemma="て" pos="X">て</wf>
         <wf lemma="ください" pos="X">ください</wf>
         <wf lemma="." pos="X">.</wf>
      </sentence>
      <sentence id="d000.s1251" source="wordnet-japanese">
         <wf lemma="竜" pos="X">竜</wf>
         <wf lemma="脚類" pos="X">脚類</wf>
         <wf lemma="恐竜" pos="X">恐竜</wf>
         <wf lemma="は" pos="X">は</wf>
         <wf lemma="どうやら" pos="X">どうやら</wf>
         <instance id="d000.s1251.t000" lemma="草食動物" pos="NOUN">草食動物</instance>
         <wf lemma="だっ" pos="X">だっ</wf>
         <wf lemma="た" pos="X">た</wf>
         <wf lemma="." pos="X">.</wf>
      </sentence>
      <sentence id="d000.s1252" source="wordnet-japanese">
         <wf lemma="彼女" pos="X">彼女</wf>
         <wf lemma="は" pos="X">は</wf>
         <wf lemma="誕生日" pos="X">誕生日</wf>
         <wf lemma="を" pos="X">を</wf>
         <wf lemma="忘れ" pos="X">忘れ</wf>
         <wf lemma="た" pos="X">た</wf>
         <wf lemma="こと" pos="X">こと</wf>
         <wf lemma="について" pos="X">について</wf>
         <wf lemma="彼" pos="X">彼</wf>
         <wf lemma="を" pos="X">を</wf>
         <instance id="d000.s1252.t000" lemma="許す" pos="VERB">許す</instance>
         <wf lemma="こと" pos="X">こと</wf>
         <wf lemma="が" pos="X">が</wf>
         <wf lemma="でき" pos="X">でき</wf>
         <wf lemma="なかっ" pos="X">なかっ</wf>
         <wf lemma="た" pos="X">た</wf>
         <wf lemma="." pos="X">.</wf>
      </sentence>
      <sentence id="d000.s1253" source="wordnet-japanese">
         <wf lemma="彼" pos="X">彼</wf>
         <wf lemma="の" pos="X">の</wf>
         <wf lemma="コート" pos="X">コート</wf>
         <wf lemma="の" pos="X">の</wf>
         <instance id="d000.s1253.t000" lemma="肘" pos="NOUN">肘</instance>
         <wf lemma="の" pos="X">の</wf>
         <wf lemma="上" pos="X">上</wf>
         <wf lemma="に" pos="X">に</wf>
         <wf lemma="は" pos="X">は</wf>
         <wf lemma="パッチ" pos="X">パッチ</wf>
         <wf lemma="が" pos="X">が</wf>
         <wf lemma="あっ" pos="X">あっ</wf>
         <wf lemma="た" pos="X">た</wf>
         <wf lemma="." pos="X">.</wf>
      </sentence>
      <sentence id="d000.s1254" source="wordnet-japanese">
         <wf lemma="自然" pos="X">自然</wf>
         <wf lemma="の" pos="X">の</wf>
         <wf lemma="奇跡" pos="X">奇跡</wf>
         <wf lemma="に対して" pos="X">に対して</wf>
         <instance id="d000.s1254.t000" lemma="懐疑的" pos="ADJ">懐疑的</instance>
         <wf lemma="な" pos="X">な</wf>
         <wf lemma="考え" pos="X">考え</wf>
         <wf lemma="." pos="X">.</wf>
      </sentence>
      <sentence id="d000.s1255" source="wordnet-japanese">
         <wf lemma="それ" pos="X">それ</wf>
         <wf lemma="は" pos="X">は</wf>
         <instance id="d000.s1255.t000" lemma="必ず" pos="ADV">必ず</instance>
         <wf lemma="そう" pos="X">そう</wf>
         <wf lemma="で" pos="X">で</wf>
         <wf lemma="ある" pos="X">ある</wf>
         <wf lemma="." pos="X">.</wf>
      </sentence>
      <sentence id="d000.s1256" source="wordnet-japanese">
         <wf lemma="彼" pos="X">彼</wf>
         <wf lemma="は" pos="X">は</wf>
         <wf lemma="彼女" pos="X">彼女</wf>
         <wf lemma="を" pos="X">を</wf>
         <instance id="d000.s1256.t000" lemma="抱き寄せる" pos="VERB">抱き寄せ</instance>
         <wf lemma="た" pos="X">た</wf>
         <wf lemma="." pos="X">.</wf>
      </sentence>
      <sentence id="d000.s1257" source="wordnet-japanese">
         <instance id="d000.s1257.t000" lemma="記述的" pos="ADJ">記述的</instance>
         <wf lemma="な" pos="X">な</wf>
         <wf lemma="一節" pos="X">一節</wf>
         <wf lemma="." pos="X">.</wf>
      </sentence>
      <sentence id="d000.s1258" source="wordnet-japanese">
         <wf lemma="彼" pos="X">彼</wf>
         <wf lemma="は" pos="X">は</wf>
         <wf lemma="、" pos="X">、</wf>
         <wf lemma="ニューヨーク" pos="X">ニューヨーク</wf>
         <wf lemma="行き" pos="X">行き</wf>
         <wf lemma="の" pos="X">の</wf>
         <instance id="d000.s1258.t000" lemma="急行" pos="NOUN">急行</instance>
         <wf lemma="に" pos="X">に</wf>
         <wf lemma="間" pos="X">間</wf>
         <wf lemma="に" pos="X">に</wf>
         <wf lemma="合っ" pos="X">合っ</wf>
         <wf lemma="た" pos="X">た</wf>
         <wf lemma="." pos="X">.</wf>
      </sentence>
      <sentence id="d000.s1259" source="wordnet-japanese">
         <instance id="d000.s1259.t000" lemma="隣人" pos="NOUN">隣人</instance>
         <wf lemma="たち" pos="X">たち</wf>
         <wf lemma="は" pos="X">は</wf>
         <wf lemma="皆" pos="X">皆</wf>
         <wf lemma="、" pos="X">、</wf>
         <wf lemma="仲" pos="X">仲</wf>
         <wf lemma="が" pos="X">が</wf>
         <wf lemma="よい." pos="X">よい.</wf>
      </sentence>
      <sentence id="d000.s1260" source="wordnet-japanese">
         <wf lemma="我々" pos="X">我々</wf>
         <wf lemma="は" pos="X">は</wf>
         <wf lemma="自身" pos="X">自身</wf>
         <wf lemma="と" pos="X">と</wf>
         <instance id="d000.s1260.t000" lemma="後裔" pos="NOUN">後裔</instance>
         <wf lemma="の" pos="X">の</wf>
         <wf lemma="ため" pos="X">ため</wf>
         <wf lemma="に" pos="X">に</wf>
         <wf lemma="自由" pos="X">自由</wf>
         <wf lemma="の" pos="X">の</wf>
         <wf lemma="恩恵" pos="X">恩恵</wf>
         <wf lemma="を" pos="X">を</wf>
         <wf lemma="守ら" pos="X">守ら</wf>
         <wf lemma="なければ" pos="X">なければ</wf>
         <wf lemma="なら" pos="X">なら</wf>
         <wf lemma="ない" pos="X">ない</wf>
         <wf lemma="." pos="X">.</wf>
      </sentence>
      <sentence id="d000.s1261" source="wordnet-japanese">
         <wf lemma="家庭" pos="X">家庭</wf>
         <wf lemma="暖房" pos="X">暖房</wf>
         <wf lemma="オイル" pos="X">オイル</wf>
         <wf lemma="の" pos="X">の</wf>
         <instance id="d000.s1261.t000" lemma="経済的" pos="ADJ">経済的</instance>
         <wf lemma="な" pos="X">な</wf>
         <wf lemma="使用" pos="X">使用</wf>
         <wf lemma="." pos="X">.</wf>
      </sentence>
      <sentence id="d000.s1262" source="wordnet-japanese">
         <instance id="d000.s1262.t000" lemma="ちょうど" pos="ADV">ちょうど</instance>
         <wf lemma="今" pos="X">今</wf>
         <wf lemma="、" pos="X">、</wf>
         <wf lemma="私" pos="X">私</wf>
         <wf lemma="に" pos="X">に</wf>
         <wf lemma="話し" pos="X">話し</wf>
         <wf lemma="て" pos="X">て</wf>
         <wf lemma="くれ" pos="X">くれ</wf>
         <wf lemma="た" pos="X">た</wf>
         <wf lemma="." pos="X">.</wf>
      </sentence>
      <sentence id="d000.s1263" source="wordnet-japanese">
         <instance id="d000.s1263.t000" lemma="鋭い" pos="ADJ">鋭い</instance>
         <wf lemma="言葉" pos="X">言葉</wf>
         <wf lemma="の" pos="X">の</wf>
         <wf lemma="交換" pos="X">交換</wf>
         <wf lemma="." pos="X">.</wf>
      </sentence>
      <sentence id="d000.s1264" source="wordnet-japanese">
         <wf lemma="彼" pos="X">彼</wf>
         <wf lemma="は" pos="X">は</wf>
         <instance id="d000.s1264.t000" lemma="トランク" pos="NOUN">トランク</instance>
         <wf lemma="に" pos="X">に</wf>
         <wf lemma="彼" pos="X">彼</wf>
         <wf lemma="の" pos="X">の</wf>
         <wf lemma="ゴルフバッグ" pos="X">ゴルフバッグ</wf>
         <wf lemma="を" pos="X">を</wf>
         <wf lemma="置い" pos="X">置い</wf>
         <wf lemma="た" pos="X">た</wf>
         <wf lemma="." pos="X">.</wf>
      </sentence>
      <sentence id="d000.s1265" source="wordnet-japanese">
         <wf lemma="相手" pos="X">相手</wf>
         <wf lemma="は" pos="X">は</wf>
         <instance id="d000.s1265.t000" lemma="叩く" pos="VERB">叩く</instance>
         <wf lemma="こと" pos="X">こと</wf>
         <wf lemma="を" pos="X">を</wf>
         <wf lemma="拒否" pos="X">拒否</wf>
         <wf lemma="し" pos="X">し</wf>
         <wf lemma="た" pos="X">た</wf>
         <wf lemma="." pos="X">.</wf>
      </sentence>
      <sentence id="d000.s1266" source="wordnet-japanese">
         <instance id="d000.s1266.t000" lemma="多数" pos="NOUN">多数</instance>
         <wf lemma="の" pos="X">の</wf>
         <wf lemma="テレビアンテナ" pos="X">テレビアンテナ</wf>
         <wf lemma="." pos="X">.</wf>
      </sentence>
      <sentence id="d000.s1267" source="wordnet-japanese">
         <wf lemma="それ" pos="X">それ</wf>
         <wf lemma="は" pos="X">は</wf>
         <wf lemma="10" pos="X">10</wf>
         <wf lemma="分" pos="X">分</wf>
         <wf lemma="の" pos="X">の</wf>
         <instance id="d000.s1267.t000" lemma="間" pos="NOUN">間</instance>
         <wf lemma="で" pos="X">で</wf>
         <wf lemma="起こっ" pos="X">起こっ</wf>
         <wf lemma="た" pos="X">た</wf>
         <wf lemma="." pos="X">.</wf>
      </sentence>
      <sentence id="d000.s1268" source="wordnet-japanese">
         <wf lemma="霧" pos="X">霧</wf>
         <wf lemma="によって" pos="X">によって</wf>
         <wf lemma="引き起こさ" pos="X">引き起こさ</wf>
         <wf lemma="れ" pos="X">れ</wf>
         <wf lemma="た" pos="X">た</wf>
         <instance id="d000.s1268.t000" lemma="視界" pos="NOUN">視界</instance>
         <wf lemma="不良" pos="X">不良</wf>
         <wf lemma="." pos="X">.</wf>
      </sentence>
      <sentence id="d000.s1269" source="wordnet-japanese">
         <instance id="d000.s1269.t000" lemma="香" pos="NOUN">香</instance>
         <wf lemma="の" pos="X">の</wf>
         <wf lemma="煙" pos="X">煙</wf>
         <wf lemma="が" pos="X">が</wf>
         <wf lemma="部屋" pos="X">部屋</wf>
         <wf lemma="に" pos="X">に</wf>
         <wf lemma="充満" pos="X">充満</wf>
         <wf lemma="し" pos="X">し</wf>
         <wf lemma="た" pos="X">た</wf>
         <wf lemma="." pos="X">.</wf>
      </sentence>
      <sentence id="d000.s1270" source="wordnet-japanese">
         <wf lemma="彼女" pos="X">彼女</wf>
         <wf lemma="は" pos="X">は</wf>
         <wf lemma="、" pos="X">、</wf>
         <wf lemma="子供" pos="X">子供</wf>
         <wf lemma="たち" pos="X">たち</wf>
         <wf lemma="に" pos="X">に</wf>
         <wf lemma="たくさん" pos="X">たくさん</wf>
         <wf lemma="の" pos="X">の</wf>
         <wf lemma="愛" pos="X">愛</wf>
         <wf lemma="を" pos="X">を</wf>
         <instance id="d000.s1270.t000" lemma="与える" pos="VERB">与え</instance>
         <wf lemma="優しい" pos="X">優しい</wf>
         <wf lemma="愛情" pos="X">愛情</wf>
         <wf lemma="の" pos="X">の</wf>
         <wf lemma="こもっ" pos="X">こもっ</wf>
         <wf lemma="た" pos="X">た</wf>
         <wf lemma="世話" pos="X">世話</wf>
         <wf lemma="を" pos="X">を</wf>
         <wf lemma="し" pos="X">し</wf>
         <wf lemma="た" pos="X">た</wf>
         <wf lemma="." pos="X">.</wf>
      </sentence>
      <sentence id="d000.s1271" source="wordnet-japanese">
         <wf lemma="彼" pos="X">彼</wf>
         <wf lemma="は" pos="X">は</wf>
         <instance id="d000.s1271.t000" lemma="突然" pos="ADV">突然</instance>
         <wf lemma="停止" pos="X">停止</wf>
         <wf lemma="し" pos="X">し</wf>
         <wf lemma="た" pos="X">た</wf>
         <wf lemma="." pos="X">.</wf>
      </sentence>
      <sentence id="d000.s1272" source="wordnet-japanese">
         <wf lemma="家" pos="X">家</wf>
         <wf lemma="へ" pos="X">へ</wf>
         <wf lemma="の" pos="X">の</wf>
         <instance id="d000.s1272.t000" lemma="新しい" pos="ADJ">新しい</instance>
         <wf lemma="追加" pos="X">追加</wf>
         <wf lemma="." pos="X">.</wf>
      </sentence>
      <sentence id="d000.s1273" source="wordnet-japanese">
         <wf lemma="彼" pos="X">彼</wf>
         <wf lemma="は" pos="X">は</wf>
         <wf lemma="、" pos="X">、</wf>
         <wf lemma="そのよう" pos="X">そのよう</wf>
         <wf lemma="な" pos="X">な</wf>
         <wf lemma="短い" pos="X">短い</wf>
         <wf lemma="作品" pos="X">作品</wf>
         <wf lemma="に" pos="X">に</wf>
         <wf lemma="それ" pos="X">それ</wf>
         <wf lemma="ほど" pos="X">ほど</wf>
         <wf lemma="多く" pos="X">多く</wf>
         <wf lemma="の" pos="X">の</wf>
         <wf lemma="考え" pos="X">考え</wf>
         <wf lemma="を" pos="X">を</wf>
         <instance id="d000.s1273.t000" lemma="包含" pos="NOUN">包含</instance>
         <wf lemma="し" pos="X">し</wf>
         <wf lemma="た" pos="X">た</wf>
         <wf lemma="こと" pos="X">こと</wf>
         <wf lemma="を" pos="X">を</wf>
         <wf lemma="を" pos="X">を</wf>
         <wf lemma="賞賛" pos="X">賞賛</wf>
         <wf lemma="し" pos="X">し</wf>
         <wf lemma="た" pos="X">た</wf>
         <wf lemma="." pos="X">.</wf>
      </sentence>
      <sentence id="d000.s1274" source="wordnet-japanese">
         <wf lemma="彼" pos="X">彼</wf>
         <wf lemma="は" pos="X">は</wf>
         <wf lemma="、" pos="X">、</wf>
         <wf lemma="夕食" pos="X">夕食</wf>
         <wf lemma="前" pos="X">前</wf>
         <wf lemma="に" pos="X">に</wf>
         <wf lemma="マティーニ" pos="X">マティーニ</wf>
         <wf lemma="3" pos="X">3</wf>
         <wf lemma="杯" pos="X">杯</wf>
         <wf lemma="を" pos="X">を</wf>
         <instance id="d000.s1274.t000" lemma="飲み干す" pos="VERB">飲み干し</instance>
         <wf lemma="た" pos="X">た</wf>
         <wf lemma="." pos="X">.</wf>
      </sentence>
      <sentence id="d000.s1275" source="wordnet-japanese">
         <wf lemma="交通" pos="X">交通</wf>
         <wf lemma="渋滞" pos="X">渋滞</wf>
         <wf lemma="や" pos="X">や</wf>
         <wf lemma="スモッグ" pos="X">スモッグ</wf>
         <wf lemma="など" pos="X">など</wf>
         <wf lemma="の" pos="X">の</wf>
         <wf lemma="都市" pos="X">都市</wf>
         <instance id="d000.s1275.t000" lemma="問題" pos="NOUN">問題</instance>
         <wf lemma="." pos="X">.</wf>
      </sentence>
      <sentence id="d000.s1276" source="wordnet-japanese">
         <wf lemma="彼女" pos="X">彼女</wf>
         <wf lemma="は" pos="X">は</wf>
         <wf lemma="デスデモーナ" pos="X">デスデモーナ</wf>
         <wf lemma="の" pos="X">の</wf>
         <instance id="d000.s1276.t000" lemma="役" pos="NOUN">役</instance>
         <wf lemma="を" pos="X">を</wf>
         <wf lemma="演じ" pos="X">演じ</wf>
         <wf lemma="た" pos="X">た</wf>
         <wf lemma="." pos="X">.</wf>
      </sentence>
      <sentence id="d000.s1277" source="wordnet-japanese">
         <wf lemma="両方" pos="X">両方</wf>
         <wf lemma="の" pos="X">の</wf>
         <wf lemma="発展" pos="X">発展</wf>
         <wf lemma="の" pos="X">の</wf>
         <wf lemma="ため" pos="X">ため</wf>
         <wf lemma="の" pos="X">の</wf>
         <instance id="d000.s1277.t000" lemma="救い" pos="NOUN">救い</instance>
         <wf lemma="は" pos="X">は</wf>
         <wf lemma="、" pos="X">、</wf>
         <wf lemma="彼ら" pos="X">彼ら</wf>
         <wf lemma="が" pos="X">が</wf>
         <wf lemma="仕事" pos="X">仕事</wf>
         <wf lemma="を" pos="X">を</wf>
         <wf lemma="創出" pos="X">創出</wf>
         <wf lemma="し" pos="X">し</wf>
         <wf lemma="て" pos="X">て</wf>
         <wf lemma="いる" pos="X">いる</wf>
         <wf lemma="という" pos="X">という</wf>
         <wf lemma="こと" pos="X">こと</wf>
         <wf lemma="だ" pos="X">だ</wf>
         <wf lemma="." pos="X">.</wf>
      </sentence>
      <sentence id="d000.s1278" source="wordnet-japanese">
         <wf lemma="太陽" pos="X">太陽</wf>
         <wf lemma="は" pos="X">は</wf>
         <instance id="d000.s1278.t000" lemma="低い" pos="ADJ">低い</instance>
         <wf lemma="." pos="X">.</wf>
      </sentence>
      <sentence id="d000.s1279" source="wordnet-japanese">
         <wf lemma="彼" pos="X">彼</wf>
         <wf lemma="の" pos="X">の</wf>
         <wf lemma="退職金" pos="X">退職金</wf>
         <wf lemma="は" pos="X">は</wf>
         <instance id="d000.s1279.t000" lemma="年金" pos="NOUN">年金</instance>
         <wf lemma="と" pos="X">と</wf>
         <wf lemma="し" pos="X">し</wf>
         <wf lemma="て" pos="X">て</wf>
         <wf lemma="支払わ" pos="X">支払わ</wf>
         <wf lemma="れる" pos="X">れる</wf>
         <wf lemma="ように" pos="X">ように</wf>
         <wf lemma="設定" pos="X">設定</wf>
         <wf lemma="さ" pos="X">さ</wf>
         <wf lemma="れ" pos="X">れ</wf>
         <wf lemma="た" pos="X">た</wf>
         <wf lemma="." pos="X">.</wf>
      </sentence>
      <sentence id="d000.s1280" source="wordnet-japanese">
         <instance id="d000.s1280.t000" lemma="大胆" pos="ADJ">大胆</instance>
         <wf lemma="な" pos="X">な</wf>
         <wf lemma="スピーチ" pos="X">スピーチ</wf>
         <wf lemma="." pos="X">.</wf>
      </sentence>
      <sentence id="d000.s1281" source="wordnet-japanese">
         <instance id="d000.s1281.t000" lemma="古い" pos="ADJ">古い</instance>
         <wf lemma="家" pos="X">家</wf>
         <wf lemma="." pos="X">.</wf>
      </sentence>
      <sentence id="d000.s1282" source="wordnet-japanese">
         <wf lemma="電子" pos="X">電子</wf>
         <instance id="d000.s1282.t000" lemma="メール" pos="NOUN">メール</instance>
         <wf lemma="で" pos="X">で</wf>
         <wf lemma="荷物" pos="X">荷物</wf>
         <wf lemma="を" pos="X">を</wf>
         <wf lemma="送る" pos="X">送る</wf>
         <wf lemma="こと" pos="X">こと</wf>
         <wf lemma="は" pos="X">は</wf>
         <wf lemma="でき" pos="X">でき</wf>
         <wf lemma="ない" pos="X">ない</wf>
         <wf lemma="." pos="X">.</wf>
      </sentence>
      <sentence id="d000.s1283" source="wordnet-japanese">
         <wf lemma="『" pos="X">『</wf>
         <wf lemma="sing" pos="X">sing</wf>
         <wf lemma="』" pos="X">』</wf>
         <wf lemma="から" pos="X">から</wf>
         <wf lemma="『" pos="X">『</wf>
         <wf lemma="singer" pos="X">singer</wf>
         <wf lemma="』" pos="X">』</wf>
         <wf lemma="または" pos="X">または</wf>
         <wf lemma="、" pos="X">、</wf>
         <wf lemma="『" pos="X">『</wf>
         <wf lemma="do" pos="X">do</wf>
         <wf lemma="』" pos="X">』</wf>
         <wf lemma="から" pos="X">から</wf>
         <wf lemma="『" pos="X">『</wf>
         <wf lemma="undo" pos="X">undo</wf>
         <wf lemma="』" pos="X">』</wf>
         <wf lemma="と" pos="X">と</wf>
         <wf lemma="、" pos="X">、</wf>
         <wf lemma="これら" pos="X">これら</wf>
         <wf lemma="は" pos="X">は</wf>
         <instance id="d000.s1283.t000" lemma="派生" pos="NOUN">派生</instance>
         <wf lemma="の" pos="X">の</wf>
         <wf lemma="例" pos="X">例</wf>
         <wf lemma="である" pos="X">である</wf>
         <wf lemma="." pos="X">.</wf>
      </sentence>
      <sentence id="d000.s1284" source="wordnet-japanese">
         <instance id="d000.s1284.t000" lemma="明るい" pos="ADJ">明るい</instance>
         <wf lemma="ドレス" pos="X">ドレス</wf>
         <wf lemma="." pos="X">.</wf>
      </sentence>
      <sentence id="d000.s1285" source="wordnet-japanese">
         <wf lemma="郵便区" pos="X">郵便区</wf>
         <wf lemma="ごと" pos="X">ごと</wf>
         <wf lemma="の" pos="X">の</wf>
         <wf lemma="郵便物" pos="X">郵便物</wf>
         <wf lemma="の" pos="X">の</wf>
         <instance id="d000.s1285.t000" lemma="分離" pos="NOUN">分離</instance>
         <wf lemma="." pos="X">.</wf>
      </sentence>
      <sentence id="d000.s1286" source="wordnet-japanese">
         <wf lemma="長く" pos="X">長く</wf>
         <wf lemma="、" pos="X">、</wf>
         <instance id="d000.s1286.t000" lemma="輝かしい" pos="ADJ">輝かしい</instance>
         <wf lemma="キャリア" pos="X">キャリア</wf>
         <wf lemma="." pos="X">.</wf>
      </sentence>
      <sentence id="d000.s1287" source="wordnet-japanese">
         <instance id="d000.s1287.t000" lemma="別" pos="ADJ">別</instance>
         <wf lemma="の" pos="X">の</wf>
         <wf lemma="（" pos="X">（</wf>
         <wf lemma="また" pos="X">また</wf>
         <wf lemma="は" pos="X">は</wf>
         <wf lemma="いつか" pos="X">いつか</wf>
         <wf lemma="別" pos="X">別</wf>
         <wf lemma="の" pos="X">の</wf>
         <wf lemma="）日" pos="X">）日</wf>
         <wf lemma="まで" pos="X">まで</wf>
         <wf lemma="、" pos="X">、</wf>
         <wf lemma="それ" pos="X">それ</wf>
         <wf lemma="を" pos="X">を</wf>
         <wf lemma="延期" pos="X">延期</wf>
         <wf lemma="する" pos="X">する</wf>
         <wf lemma="." pos="X">.</wf>
      </sentence>
      <sentence id="d000.s1288" source="wordnet-japanese">
         <instance id="d000.s1288.t000" lemma="吸収率" pos="NOUN">吸収率</instance>
         <wf lemma="は" pos="X">は</wf>
         <wf lemma="1" pos="X">1</wf>
         <wf lemma="から" pos="X">から</wf>
         <wf lemma="透過率" pos="X">透過率</wf>
         <wf lemma="を" pos="X">を</wf>
         <wf lemma="引き算し" pos="X">引き算し</wf>
         <wf lemma="た" pos="X">た</wf>
         <wf lemma="もの" pos="X">もの</wf>
         <wf lemma="に" pos="X">に</wf>
         <wf lemma="等しい" pos="X">等しい</wf>
         <wf lemma="." pos="X">.</wf>
      </sentence>
      <sentence id="d000.s1289" source="wordnet-japanese">
         <instance id="d000.s1289.t000" lemma="陳腐" pos="ADJ">陳腐</instance>
         <wf lemma="な" pos="X">な</wf>
         <wf lemma="冗談" pos="X">冗談</wf>
         <wf lemma="を" pos="X">を</wf>
         <wf lemma="繰り返す" pos="X">繰り返す</wf>
         <wf lemma="こと" pos="X">こと</wf>
         <wf lemma="." pos="X">.</wf>
      </sentence>
      <sentence id="d000.s1290" source="wordnet-japanese">
         <wf lemma="チェッカー" pos="X">チェッカー</wf>
         <wf lemma="盤" pos="X">盤</wf>
         <wf lemma="に" pos="X">に</wf>
         <wf lemma="は" pos="X">は</wf>
         <wf lemma="、" pos="X">、</wf>
         <wf lemma="64" pos="X">64</wf>
         <wf lemma="の" pos="X">の</wf>
         <instance id="d000.s1290.t000" lemma="正方形" pos="NOUN">正方形</instance>
         <wf lemma="が" pos="X">が</wf>
         <wf lemma="ある" pos="X">ある</wf>
         <wf lemma="." pos="X">.</wf>
      </sentence>
      <sentence id="d000.s1291" source="wordnet-japanese">
         <wf lemma="単一" pos="X">単一</wf>
         <wf lemma="の" pos="X">の</wf>
         <wf lemma="加盟国" pos="X">加盟国</wf>
         <wf lemma="が" pos="X">が</wf>
         <instance id="d000.s1291.t000" lemma="主導権" pos="NOUN">主導権</instance>
         <wf lemma="を" pos="X">を</wf>
         <wf lemma="持つ" pos="X">持つ</wf>
         <wf lemma="こと" pos="X">こと</wf>
         <wf lemma="は" pos="X">は</wf>
         <wf lemma="、" pos="X">、</wf>
         <wf lemma="真の" pos="X">真の</wf>
         <wf lemma="同盟" pos="X">同盟</wf>
         <wf lemma="国" pos="X">国</wf>
         <wf lemma="と" pos="X">と</wf>
         <wf lemma="は" pos="X">は</wf>
         <wf lemma="矛盾" pos="X">矛盾</wf>
         <wf lemma="する" pos="X">する</wf>
         <wf lemma="." pos="X">.</wf>
      </sentence>
      <sentence id="d000.s1292" source="wordnet-japanese">
         <wf lemma="休息" pos="X">休息</wf>
         <wf lemma="中" pos="X">中</wf>
         <wf lemma="の" pos="X">の</wf>
         <wf lemma="成人" pos="X">成人</wf>
         <wf lemma="の" pos="X">の</wf>
         <instance id="d000.s1292.t000" lemma="心拍出量" pos="NOUN">心拍出量</instance>
         <wf lemma="は" pos="X">は</wf>
         <wf lemma="1" pos="X">1</wf>
         <wf lemma="分当たり" pos="X">分当たり</wf>
         <wf lemma="約" pos="X">約</wf>
         <wf lemma="3" pos="X">3</wf>
         <wf lemma="クォート" pos="X">クォート</wf>
         <wf lemma="だ" pos="X">だ</wf>
         <wf lemma="." pos="X">.</wf>
      </sentence>
      <sentence id="d000.s1293" source="wordnet-japanese">
         <instance id="d000.s1293.t000" lemma="犯罪" pos="NOUN">犯罪</instance>
         <wf lemma="の" pos="X">の</wf>
         <wf lemma="長い" pos="X">長い</wf>
         <wf lemma="記録" pos="X">記録</wf>
         <wf lemma="." pos="X">.</wf>
      </sentence>
      <sentence id="d000.s1294" source="wordnet-japanese">
         <wf lemma="海軍" pos="X">海軍</wf>
         <wf lemma="長官" pos="X">長官</wf>
         <wf lemma="は" pos="X">は</wf>
         <wf lemma="来月" pos="X">来月</wf>
         <wf lemma="、" pos="X">、</wf>
         <wf lemma="公職" pos="X">公職</wf>
         <wf lemma="を" pos="X">を</wf>
         <instance id="d000.s1294.t000" lemma="退く" pos="VERB">退く</instance>
         <wf lemma="だろ" pos="X">だろ</wf>
         <wf lemma="う" pos="X">う</wf>
         <wf lemma="." pos="X">.</wf>
      </sentence>
      <sentence id="d000.s1295" source="wordnet-japanese">
         <wf lemma="彼" pos="X">彼</wf>
         <wf lemma="の" pos="X">の</wf>
         <instance id="d000.s1295.t000" lemma="尿" pos="NOUN">尿</instance>
         <wf lemma="に" pos="X">に</wf>
         <wf lemma="は" pos="X">は</wf>
         <wf lemma="血" pos="X">血</wf>
         <wf lemma="が" pos="X">が</wf>
         <wf lemma="混じっ" pos="X">混じっ</wf>
         <wf lemma="て" pos="X">て</wf>
         <wf lemma="い" pos="X">い</wf>
         <wf lemma="た" pos="X">た</wf>
         <wf lemma="." pos="X">.</wf>
      </sentence>
      <sentence id="d000.s1296" source="wordnet-japanese">
         <wf lemma="彼" pos="X">彼</wf>
         <wf lemma="が" pos="X">が</wf>
         <wf lemma="ジャケット" pos="X">ジャケット</wf>
         <wf lemma="と" pos="X">と</wf>
         <wf lemma="ネクタイ" pos="X">ネクタイ</wf>
         <wf lemma="を" pos="X">を</wf>
         <wf lemma="着用" pos="X">着用</wf>
         <wf lemma="し" pos="X">し</wf>
         <wf lemma="た" pos="X">た</wf>
         <wf lemma="とき" pos="X">とき</wf>
         <wf lemma="、" pos="X">、</wf>
         <wf lemma="同僚" pos="X">同僚</wf>
         <wf lemma="達" pos="X">達</wf>
         <wf lemma="は" pos="X">は</wf>
         <wf lemma="彼" pos="X">彼</wf>
         <wf lemma="を" pos="X">を</wf>
         <instance id="d000.s1296.t000" lemma="からかう" pos="VERB">からかっ</instance>
         <wf lemma="た" pos="X">た</wf>
         <wf lemma="." pos="X">.</wf>
      </sentence>
      <sentence id="d000.s1297" source="wordnet-japanese">
         <instance id="d000.s1297.t000" lemma="強力" pos="ADJ">強力</instance>
         <wf lemma="な" pos="X">な</wf>
         <wf lemma="一撃" pos="X">一撃</wf>
         <wf lemma="を" pos="X">を</wf>
         <wf lemma="加え" pos="X">加え</wf>
         <wf lemma="た" pos="X">た</wf>
         <wf lemma="." pos="X">.</wf>
      </sentence>
      <sentence id="d000.s1298" source="wordnet-japanese">
         <wf lemma="彼" pos="X">彼</wf>
         <wf lemma="は" pos="X">は</wf>
         <wf lemma="コンパス" pos="X">コンパス</wf>
         <wf lemma="の" pos="X">の</wf>
         <instance id="d000.s1298.t000" lemma="方角" pos="NOUN">方角</instance>
         <wf lemma="を" pos="X">を</wf>
         <wf lemma="チェック" pos="X">チェック</wf>
         <wf lemma="し" pos="X">し</wf>
         <wf lemma="た" pos="X">た</wf>
         <wf lemma="." pos="X">.</wf>
      </sentence>
      <sentence id="d000.s1299" source="wordnet-japanese">
         <instance id="d000.s1299.t000" lemma="非凡" pos="ADJ">非凡</instance>
         <wf lemma="な" pos="X">な</wf>
         <wf lemma="技術" pos="X">技術</wf>
         <wf lemma="." pos="X">.</wf>
      </sentence>
      <sentence id="d000.s1300" source="wordnet-japanese">
         <instance id="d000.s1300.t000" lemma="不運" pos="ADJ">不運</instance>
         <wf lemma="な" pos="X">な</wf>
         <wf lemma="投資" pos="X">投資</wf>
         <wf lemma="." pos="X">.</wf>
      </sentence>
      <sentence id="d000.s1301" source="wordnet-japanese">
         <wf lemma="乱暴" pos="X">乱暴</wf>
         <wf lemma="な" pos="X">な</wf>
         <wf lemma="気性" pos="X">気性</wf>
         <wf lemma="の" pos="X">の</wf>
         <instance id="d000.s1301.t000" lemma="意固地" pos="ADJ">意固地</instance>
         <wf lemma="な" pos="X">な</wf>
         <wf lemma="少年" pos="X">少年</wf>
         <wf lemma="." pos="X">.</wf>
      </sentence>
      <sentence id="d000.s1302" source="wordnet-japanese">
         <wf lemma="彼" pos="X">彼</wf>
         <wf lemma="の" pos="X">の</wf>
         <wf lemma="動き" pos="X">動き</wf>
         <wf lemma="の" pos="X">の</wf>
         <wf lemma="タイミング" pos="X">タイミング</wf>
         <wf lemma="や" pos="X">や</wf>
         <instance id="d000.s1302.t000" lemma="コントロール" pos="NOUN">コントロール</instance>
         <wf lemma="は" pos="X">は</wf>
         <wf lemma="損なわ" pos="X">損なわ</wf>
         <wf lemma="れ" pos="X">れ</wf>
         <wf lemma="て" pos="X">て</wf>
         <wf lemma="い" pos="X">い</wf>
         <wf lemma="なかっ" pos="X">なかっ</wf>
         <wf lemma="た" pos="X">た</wf>
         <wf lemma="." pos="X">.</wf>
      </sentence>
      <sentence id="d000.s1303" source="wordnet-japanese">
         <instance id="d000.s1303.t000" lemma="高い" pos="ADJ">高く</instance>
         <wf lemma="そびえ" pos="X">そびえ</wf>
         <wf lemma="て" pos="X">て</wf>
         <wf lemma="いる" pos="X">いる</wf>
         <wf lemma="氷山" pos="X">氷山</wf>
         <wf lemma="." pos="X">.</wf>
      </sentence>
      <sentence id="d000.s1304" source="wordnet-japanese">
         <wf lemma="彼" pos="X">彼</wf>
         <wf lemma="は" pos="X">は</wf>
         <wf lemma="、" pos="X">、</wf>
         <instance id="d000.s1304.t000" lemma="病的" pos="ADV">病的</instance>
         <wf lemma="に" pos="X">に</wf>
         <wf lemma="も" pos="X">も</wf>
         <wf lemma="、" pos="X">、</wf>
         <wf lemma="死体" pos="X">死体</wf>
         <wf lemma="に" pos="X">に</wf>
         <wf lemma="魅了" pos="X">魅了</wf>
         <wf lemma="さ" pos="X">さ</wf>
         <wf lemma="れ" pos="X">れ</wf>
         <wf lemma="た" pos="X">た</wf>
         <wf lemma="." pos="X">.</wf>
      </sentence>
      <sentence id="d000.s1305" source="wordnet-japanese">
         <instance id="d000.s1305.t000" lemma="血まみれ" pos="ADJ">血まみれ</instance>
         <wf lemma="の" pos="X">の</wf>
         <wf lemma="戦い" pos="X">戦い</wf>
         <wf lemma="." pos="X">.</wf>
      </sentence>
      <sentence id="d000.s1306" source="wordnet-japanese">
         <wf lemma="カーペット" pos="X">カーペット</wf>
         <wf lemma="は" pos="X">は</wf>
         <wf lemma="不規則" pos="X">不規則</wf>
         <wf lemma="に" pos="X">に</wf>
         <instance id="d000.s1306.t000" lemma="転がる" pos="VERB">転がる</instance>
         <wf lemma="." pos="X">.</wf>
      </sentence>
      <sentence id="d000.s1307" source="wordnet-japanese">
         <wf lemma="数学" pos="X">数学</wf>
         <wf lemma="は" pos="X">は</wf>
         <wf lemma="多く" pos="X">多く</wf>
         <wf lemma="の" pos="X">の</wf>
         <instance id="d000.s1307.t000" lemma="科学" pos="NOUN">科学</instance>
         <wf lemma="知識" pos="X">知識</wf>
         <wf lemma="の" pos="X">の</wf>
         <wf lemma="基礎" pos="X">基礎</wf>
         <wf lemma="である" pos="X">である</wf>
         <wf lemma="." pos="X">.</wf>
      </sentence>
      <sentence id="d000.s1308" source="wordnet-japanese">
         <wf lemma="彼" pos="X">彼</wf>
         <wf lemma="が" pos="X">が</wf>
         <wf lemma="向き合わ" pos="X">向き合わ</wf>
         <wf lemma="なければ" pos="X">なければ</wf>
         <wf lemma="なら" pos="X">なら</wf>
         <wf lemma="なかっ" pos="X">なかっ</wf>
         <wf lemma="た" pos="X">た</wf>
         <wf lemma="もの" pos="X">もの</wf>
         <wf lemma="を" pos="X">を</wf>
         <wf lemma="考え" pos="X">考え</wf>
         <wf lemma="た" pos="X">た</wf>
         <wf lemma="だけ" pos="X">だけ</wf>
         <wf lemma="で" pos="X">で</wf>
         <instance id="d000.s1308.t000" lemma="暗い" pos="ADJ">暗い</instance>
         <wf lemma="；" pos="X">；</wf>
         <wf lemma="がっかり" pos="X">がっかり</wf>
         <wf lemma="し" pos="X">し</wf>
         <wf lemma="て" pos="X">て</wf>
         <wf lemma="落胆し" pos="X">落胆し</wf>
         <wf lemma="て" pos="X">て</wf>
         <wf lemma="いる" pos="X">いる</wf>
         <wf lemma="と" pos="X">と</wf>
         <wf lemma="感じ" pos="X">感じ</wf>
         <wf lemma="ながら" pos="X">ながら</wf>
         <wf lemma="." pos="X">.</wf>
      </sentence>
      <sentence id="d000.s1309" source="wordnet-japanese">
         <wf lemma="彼ら" pos="X">彼ら</wf>
         <wf lemma="は" pos="X">は</wf>
         <wf lemma="かつて" pos="X">かつて</wf>
         <wf lemma="は" pos="X">は</wf>
         <wf lemma="手作業" pos="X">手作業</wf>
         <wf lemma="で" pos="X">で</wf>
         <instance id="d000.s1309.t000" lemma="脱穀" pos="NOUN">脱穀</instance>
         <wf lemma="し" pos="X">し</wf>
         <wf lemma="て" pos="X">て</wf>
         <wf lemma="い" pos="X">い</wf>
         <wf lemma="た" pos="X">た</wf>
         <wf lemma="が" pos="X">が</wf>
         <wf lemma="、" pos="X">、</wf>
         <wf lemma="今" pos="X">今</wf>
         <wf lemma="で" pos="X">で</wf>
         <wf lemma="は" pos="X">は</wf>
         <wf lemma="その" pos="X">その</wf>
         <wf lemma="ため" pos="X">ため</wf>
         <wf lemma="の" pos="X">の</wf>
         <wf lemma="機械" pos="X">機械</wf>
         <wf lemma="が" pos="X">が</wf>
         <wf lemma="ある" pos="X">ある</wf>
         <wf lemma="." pos="X">.</wf>
      </sentence>
      <sentence id="d000.s1310" source="wordnet-japanese">
         <instance id="d000.s1310.t000" lemma="国" pos="NOUN">国</instance>
         <wf lemma="の" pos="X">の</wf>
         <wf lemma="最大手" pos="X">最大手</wf>
         <wf lemma="の" pos="X">の</wf>
         <wf lemma="メーカー" pos="X">メーカー</wf>
         <wf lemma="." pos="X">.</wf>
      </sentence>
      <sentence id="d000.s1311" source="wordnet-japanese">
         <wf lemma="私" pos="X">私</wf>
         <wf lemma="は" pos="X">は</wf>
         <wf lemma="、" pos="X">、</wf>
         <instance id="d000.s1311.t000" lemma="チョップ" pos="NOUN">チョップ</instance>
         <wf lemma="で" pos="X">で</wf>
         <wf lemma="彼" pos="X">彼</wf>
         <wf lemma="を" pos="X">を</wf>
         <wf lemma="殴る" pos="X">殴る</wf>
         <wf lemma="." pos="X">.</wf>
      </sentence>
      <sentence id="d000.s1312" source="wordnet-japanese">
         <wf lemma="彼ら" pos="X">彼ら</wf>
         <wf lemma="は" pos="X">は</wf>
         <instance id="d000.s1312.t000" lemma="現在" pos="ADV">現在</instance>
         <wf lemma="海外" pos="X">海外</wf>
         <wf lemma="に" pos="X">に</wf>
         <wf lemma="いる" pos="X">いる</wf>
         <wf lemma="." pos="X">.</wf>
      </sentence>
      <sentence id="d000.s1313" source="wordnet-japanese">
         <wf lemma="父" pos="X">父</wf>
         <wf lemma="は" pos="X">は</wf>
         <wf lemma="美男子" pos="X">美男子</wf>
         <wf lemma="と" pos="X">と</wf>
         <wf lemma="し" pos="X">し</wf>
         <wf lemma="て" pos="X">て</wf>
         <wf lemma="この" pos="X">この</wf>
         <wf lemma="絵" pos="X">絵</wf>
         <wf lemma="に" pos="X">に</wf>
         <instance id="d000.s1313.t000" lemma="描く" pos="VERB">描か</instance>
         <wf lemma="れる" pos="X">れる</wf>
         <wf lemma="." pos="X">.</wf>
      </sentence>
      <sentence id="d000.s1314" source="wordnet-japanese">
         <instance id="d000.s1314.t000" lemma="幸運" pos="ADJ">幸運</instance>
         <wf lemma="な" pos="X">な</wf>
         <wf lemma="男性" pos="X">男性</wf>
         <wf lemma="." pos="X">.</wf>
      </sentence>
      <sentence id="d000.s1315" source="wordnet-japanese">
         <wf lemma="多く" pos="X">多く</wf>
         <wf lemma="の" pos="X">の</wf>
         <wf lemma="アヘン" pos="X">アヘン</wf>
         <wf lemma="が" pos="X">が</wf>
         <instance id="d000.s1315.t000" lemma="ミャンマー" pos="NOUN">ミャンマー</instance>
         <wf lemma="で" pos="X">で</wf>
         <wf lemma="育つ" pos="X">育つ</wf>
         <wf lemma="." pos="X">.</wf>
      </sentence>
      <sentence id="d000.s1316" source="wordnet-japanese">
         <wf lemma="心" pos="X">心</wf>
         <wf lemma="の" pos="X">の</wf>
         <wf lemma="ある" pos="X">ある</wf>
         <wf lemma="種" pos="X">種</wf>
         <wf lemma="の" pos="X">の</wf>
         <instance id="d000.s1316.t000" lemma="不健全" pos="NOUN">不健全</instance>
         <wf lemma="さ" pos="X">さ</wf>
         <wf lemma="が" pos="X">が</wf>
         <wf lemma="ない" pos="X">ない</wf>
         <wf lemma="と" pos="X">と</wf>
         <wf lemma="詩人" pos="X">詩人</wf>
         <wf lemma="に" pos="X">に</wf>
         <wf lemma="は" pos="X">は</wf>
         <wf lemma="なれ" pos="X">なれ</wf>
         <wf lemma="ない" pos="X">ない</wf>
         <wf lemma="." pos="X">.</wf>
      </sentence>
      <sentence id="d000.s1317" source="wordnet-japanese">
         <wf lemma="彼" pos="X">彼</wf>
         <wf lemma="の" pos="X">の</wf>
         <wf lemma="友人" pos="X">友人</wf>
         <wf lemma="と" pos="X">と</wf>
         <wf lemma="の" pos="X">の</wf>
         <wf lemma="、" pos="X">、</wf>
         <wf lemma="何日" pos="X">何日</wf>
         <wf lemma="も" pos="X">も</wf>
         <wf lemma="の" pos="X">の</wf>
         <wf lemma="楽しい" pos="X">楽しい</wf>
         <instance id="d000.s1317.t000" lemma="レクリエーション" pos="NOUN">レクリエーション</instance>
         <wf lemma="." pos="X">.</wf>
      </sentence>
      <sentence id="d000.s1318" source="wordnet-japanese">
         <wf lemma="面白く" pos="X">面白く</wf>
         <wf lemma="ない" pos="X">ない</wf>
         <wf lemma="人々" pos="X">人々</wf>
         <wf lemma="と" pos="X">と</wf>
         <wf lemma="一緒" pos="X">一緒</wf>
         <wf lemma="の" pos="X">の</wf>
         <instance id="d000.s1318.t000" lemma="退屈" pos="ADJ">退屈</instance>
         <wf lemma="な" pos="X">な</wf>
         <wf lemma="夕方" pos="X">夕方</wf>
         <wf lemma="." pos="X">.</wf>
      </sentence>
      <sentence id="d000.s1319" source="wordnet-japanese">
         <instance id="d000.s1319.t000" lemma="頑丈" pos="ADJ">頑丈</instance>
         <wf lemma="な" pos="X">な</wf>
         <wf lemma="心臓" pos="X">心臓</wf>
         <wf lemma="." pos="X">.</wf>
      </sentence>
      <sentence id="d000.s1320" source="wordnet-japanese">
         <instance id="d000.s1320.t000" lemma="短い" pos="ADJ">短い</instance>
         <wf lemma="寿命" pos="X">寿命</wf>
         <wf lemma="." pos="X">.</wf>
      </sentence>
      <sentence id="d000.s1321" source="wordnet-japanese">
         <wf lemma="彼" pos="X">彼</wf>
         <wf lemma="の" pos="X">の</wf>
         <wf lemma="提案" pos="X">提案</wf>
         <wf lemma="は" pos="X">は</wf>
         <wf lemma="、" pos="X">、</wf>
         <wf lemma="もろい" pos="X">もろい</wf>
         <instance id="d000.s1321.t000" lemma="砂上" pos="NOUN">砂上</instance>
         <wf lemma="の" pos="X">の</wf>
         <wf lemma="楼閣" pos="X">楼閣</wf>
         <wf lemma="であっ" pos="X">であっ</wf>
         <wf lemma="た" pos="X">た</wf>
         <wf lemma="." pos="X">.</wf>
      </sentence>
      <sentence id="d000.s1322" source="wordnet-japanese">
         <wf lemma="彼女" pos="X">彼女</wf>
         <wf lemma="は" pos="X">は</wf>
         <wf lemma="全身" pos="X">全身</wf>
         <wf lemma="の" pos="X">の</wf>
         <wf lemma="力" pos="X">力</wf>
         <wf lemma="を" pos="X">を</wf>
         <wf lemma="込め" pos="X">込め</wf>
         <wf lemma="て" pos="X">て</wf>
         <wf lemma="壁" pos="X">壁</wf>
         <wf lemma="を" pos="X">を</wf>
         <instance id="d000.s1322.t000" lemma="押す" pos="VERB">押し</instance>
         <wf lemma="た" pos="X">た</wf>
         <wf lemma="." pos="X">.</wf>
      </sentence>
      <sentence id="d000.s1323" source="wordnet-japanese">
         <wf lemma="誘惑" pos="X">誘惑</wf>
         <wf lemma="が" pos="X">が</wf>
         <instance id="d000.s1323.t000" lemma="多い" pos="ADJ">多い</instance>
         <wf lemma="." pos="X">.</wf>
      </sentence>
      <sentence id="d000.s1324" source="wordnet-japanese">
         <wf lemma="彼ら" pos="X">彼ら</wf>
         <wf lemma="は" pos="X">は</wf>
         <wf lemma="真理" pos="X">真理</wf>
         <wf lemma="の" pos="X">の</wf>
         <instance id="d000.s1324.t000" lemma="探求者" pos="NOUN">探求者</instance>
         <wf lemma="だ" pos="X">だ</wf>
         <wf lemma="." pos="X">.</wf>
      </sentence>
      <sentence id="d000.s1325" source="wordnet-japanese">
         <wf lemma="彼" pos="X">彼</wf>
         <wf lemma="は" pos="X">は</wf>
         <wf lemma="、" pos="X">、</wf>
         <wf lemma="妻" pos="X">妻</wf>
         <wf lemma="の" pos="X">の</wf>
         <wf lemma="思い" pos="X">思い</wf>
         <wf lemma="出" pos="X">出</wf>
         <wf lemma="を" pos="X">を</wf>
         <wf lemma="公表" pos="X">公表</wf>
         <wf lemma="する" pos="X">する</wf>
         <wf lemma="こと" pos="X">こと</wf>
         <wf lemma="を" pos="X">を</wf>
         <instance id="d000.s1325.t000" lemma="避ける" pos="VERB">避ける</instance>
         <wf lemma="べき" pos="X">べき</wf>
         <wf lemma="だ" pos="X">だ</wf>
         <wf lemma="." pos="X">.</wf>
      </sentence>
      <sentence id="d000.s1326" source="wordnet-japanese">
         <wf lemma="マイナス" pos="X">マイナス</wf>
         <wf lemma="の" pos="X">の</wf>
         <wf lemma="（" pos="X">（</wf>
         <wf lemma="あるいは" pos="X">あるいは</wf>
         <instance id="d000.s1326.t000" lemma="否定的" pos="ADJ">否定的</instance>
         <wf lemma="な" pos="X">な</wf>
         <wf lemma="）" pos="X">）</wf>
         <wf lemma="要因" pos="X">要因</wf>
         <wf lemma="." pos="X">.</wf>
      </sentence>
      <sentence id="d000.s1327" source="wordnet-japanese">
         <wf lemma="側溝" pos="X">側溝</wf>
         <wf lemma="は" pos="X">は</wf>
         <wf lemma="、" pos="X">、</wf>
         <wf lemma="通り" pos="X">通り</wf>
         <wf lemma="の" pos="X">の</wf>
         <wf lemma="下" pos="X">下</wf>
         <wf lemma="の" pos="X">の</wf>
         <wf lemma="一連" pos="X">一連</wf>
         <wf lemma="の" pos="X">の</wf>
         <instance id="d000.s1327.t000" lemma="水路" pos="NOUN">水路</instance>
         <wf lemma="の" pos="X">の</wf>
         <wf lemma="中" pos="X">中</wf>
         <wf lemma="に" pos="X">に</wf>
         <wf lemma="雨水" pos="X">雨水</wf>
         <wf lemma="を" pos="X">を</wf>
         <wf lemma="運ん" pos="X">運ん</wf>
         <wf lemma="だ" pos="X">だ</wf>
         <wf lemma="." pos="X">.</wf>
      </sentence>
      <sentence id="d000.s1328" source="wordnet-japanese">
         <wf lemma="その" pos="X">その</wf>
         <instance id="d000.s1328.t000" lemma="弾" pos="NOUN">弾</instance>
         <wf lemma="は" pos="X">は</wf>
         <wf lemma="彼" pos="X">彼</wf>
         <wf lemma="の" pos="X">の</wf>
         <wf lemma="耳" pos="X">耳</wf>
         <wf lemma="を" pos="X">を</wf>
         <wf lemma="かすめ" pos="X">かすめ</wf>
         <wf lemma="て" pos="X">て</wf>
         <wf lemma="いっ" pos="X">いっ</wf>
         <wf lemma="た" pos="X">た</wf>
         <wf lemma="." pos="X">.</wf>
      </sentence>
      <sentence id="d000.s1329" source="wordnet-japanese">
         <instance id="d000.s1329.t000" lemma="求心性" pos="ADJ">求心性</instance>
         <wf lemma="インパルス" pos="X">インパルス</wf>
         <wf lemma="." pos="X">.</wf>
      </sentence>
      <sentence id="d000.s1330" source="wordnet-japanese">
         <wf lemma="彼女" pos="X">彼女</wf>
         <wf lemma="の" pos="X">の</wf>
         <wf lemma="ストッキング" pos="X">ストッキング</wf>
         <wf lemma="が" pos="X">が</wf>
         <instance id="d000.s1330.t000" lemma="伝線" pos="NOUN">伝線</instance>
         <wf lemma="し" pos="X">し</wf>
         <wf lemma="て" pos="X">て</wf>
         <wf lemma="いる" pos="X">いる</wf>
         <wf lemma="." pos="X">.</wf>
      </sentence>
      <sentence id="d000.s1331" source="wordnet-japanese">
         <instance id="d000.s1331.t000" lemma="頑固" pos="ADJ">頑固</instance>
         <wf lemma="な" pos="X">な</wf>
         <wf lemma="感染" pos="X">感染</wf>
         <wf lemma="." pos="X">.</wf>
      </sentence>
      <sentence id="d000.s1332" source="wordnet-japanese">
         <wf lemma="私" pos="X">私</wf>
         <wf lemma="に" pos="X">に</wf>
         <wf lemma="お金" pos="X">お金</wf>
         <wf lemma="を" pos="X">を</wf>
         <instance id="d000.s1332.t000" lemma="貸す" pos="VERB">貸し</instance>
         <wf lemma="て" pos="X">て</wf>
         <wf lemma="ください" pos="X">ください</wf>
         <wf lemma="." pos="X">.</wf>
      </sentence>
      <sentence id="d000.s1333" source="wordnet-japanese">
         <wf lemma="電波" pos="X">電波</wf>
         <wf lemma="は" pos="X">は</wf>
         <wf lemma="音" pos="X">音</wf>
         <wf lemma="を" pos="X">を</wf>
         <instance id="d000.s1333.t000" lemma="伝える" pos="VERB">伝える</instance>
         <wf lemma="." pos="X">.</wf>
      </sentence>
      <sentence id="d000.s1334" source="wordnet-japanese">
         <wf lemma="パリ" pos="X">パリ</wf>
         <wf lemma="は" pos="X">は</wf>
         <wf lemma="都市" pos="X">都市</wf>
         <wf lemma="の" pos="X">の</wf>
         <instance id="d000.s1334.t000" lemma="女王" pos="NOUN">女王</instance>
         <wf lemma="である" pos="X">である</wf>
         <wf lemma="." pos="X">.</wf>
      </sentence>
      <sentence id="d000.s1335" source="wordnet-japanese">
         <instance id="d000.s1335.t000" lemma="完璧" pos="ADJ">完璧</instance>
         <wf lemma="な" pos="X">な</wf>
         <wf lemma="宝石" pos="X">宝石</wf>
         <wf lemma="用" pos="X">用</wf>
         <wf lemma="原石" pos="X">原石</wf>
         <wf lemma="." pos="X">.</wf>
      </sentence>
      <sentence id="d000.s1336" source="wordnet-japanese">
         <wf lemma="彼ら" pos="X">彼ら</wf>
         <wf lemma="は" pos="X">は</wf>
         <instance id="d000.s1336.t000" lemma="サーカス" pos="NOUN">サーカス</instance>
         <wf lemma="の" pos="X">の</wf>
         <wf lemma="上演" pos="X">上演</wf>
         <wf lemma="に" pos="X">に</wf>
         <wf lemma="一役" pos="X">一役</wf>
         <wf lemma="買おう" pos="X">買おう</wf>
         <wf lemma="と" pos="X">と</wf>
         <wf lemma="ゾウ" pos="X">ゾウ</wf>
         <wf lemma="を" pos="X">を</wf>
         <wf lemma="使用" pos="X">使用</wf>
         <wf lemma="し" pos="X">し</wf>
         <wf lemma="た" pos="X">た</wf>
         <wf lemma="." pos="X">.</wf>
      </sentence>
      <sentence id="d000.s1337" source="wordnet-japanese">
         <wf lemma="この" pos="X">この</wf>
         <wf lemma="街" pos="X">街</wf>
         <wf lemma="は" pos="X">は</wf>
         <wf lemma="間違い" pos="X">間違い</wf>
         <wf lemma="なく" pos="X">なく</wf>
         <wf lemma="何" pos="X">何</wf>
         <wf lemma="か" pos="X">か</wf>
         <instance id="d000.s1337.t000" lemma="おかしい" pos="ADJ">おかしい</instance>
         <wf lemma="." pos="X">.</wf>
      </sentence>
      <sentence id="d000.s1338" source="wordnet-japanese">
         <wf lemma="自分" pos="X">自分</wf>
         <wf lemma="以外" pos="X">以外</wf>
         <wf lemma="の" pos="X">の</wf>
         <wf lemma="だれ" pos="X">だれ</wf>
         <wf lemma="も" pos="X">も</wf>
         <wf lemma="偽証" pos="X">偽証</wf>
         <wf lemma="さ" pos="X">さ</wf>
         <wf lemma="せる" pos="X">せる</wf>
         <wf lemma="こと" pos="X">こと</wf>
         <wf lemma="は" pos="X">は</wf>
         <wf lemma="でき" pos="X">でき</wf>
         <wf lemma="ない" pos="X">ない</wf>
         <wf lemma="ので" pos="X">ので</wf>
         <wf lemma="、" pos="X">、</wf>
         <wf lemma="『" pos="X">『</wf>
         <wf lemma="偽証" pos="X">偽証</wf>
         <wf lemma="する" pos="X">する</wf>
         <wf lemma="』" pos="X">』</wf>
         <wf lemma="は" pos="X">は</wf>
         <instance id="d000.s1338.t000" lemma="再帰動詞" pos="NOUN">再帰動詞</instance>
         <wf lemma="である" pos="X">である</wf>
         <wf lemma="." pos="X">.</wf>
      </sentence>
      <sentence id="d000.s1339" source="wordnet-japanese">
         <wf lemma="ここ" pos="X">ここ</wf>
         <wf lemma="で" pos="X">で</wf>
         <wf lemma="名前" pos="X">名前</wf>
         <wf lemma="を" pos="X">を</wf>
         <wf lemma="住所" pos="X">住所</wf>
         <wf lemma="を" pos="X">を</wf>
         <instance id="d000.s1339.t000" lemma="告げる" pos="VERB">告げ</instance>
         <wf lemma="て" pos="X">て</wf>
         <wf lemma="ください" pos="X">ください</wf>
         <wf lemma="." pos="X">.</wf>
      </sentence>
      <sentence id="d000.s1340" source="wordnet-japanese">
         <wf lemma="少女" pos="X">少女</wf>
         <wf lemma="達" pos="X">達</wf>
         <wf lemma="は" pos="X">は</wf>
         <wf lemma="、" pos="X">、</wf>
         <instance id="d000.s1340.t000" lemma="派手" pos="ADJ">派手</instance>
         <wf lemma="な" pos="X">な</wf>
         <wf lemma="新しい" pos="X">新しい</wf>
         <wf lemma="ドレス" pos="X">ドレス</wf>
         <wf lemma="で" pos="X">で</wf>
         <wf lemma="美しく" pos="X">美しく</wf>
         <wf lemma="着飾っ" pos="X">着飾っ</wf>
         <wf lemma="た" pos="X">た</wf>
         <wf lemma="." pos="X">.</wf>
      </sentence>
      <sentence id="d000.s1341" source="wordnet-japanese">
         <wf lemma="より" pos="X">より</wf>
         <wf lemma="すばらしい" pos="X">すばらしい</wf>
         <instance id="d000.s1341.t000" lemma="機能性" pos="NOUN">機能性</instance>
         <wf lemma="を" pos="X">を</wf>
         <wf lemma="もつ" pos="X">もつ</wf>
         <wf lemma="ソフトウェア" pos="X">ソフトウェア</wf>
         <wf lemma="." pos="X">.</wf>
      </sentence>
      <sentence id="d000.s1342" source="wordnet-japanese">
         <wf lemma="子供" pos="X">子供</wf>
         <wf lemma="の" pos="X">の</wf>
         <instance id="d000.s1342.t000" lemma="安全" pos="NOUN">安全</instance>
         <wf lemma="を" pos="X">を</wf>
         <wf lemma="保証" pos="X">保証</wf>
         <wf lemma="する" pos="X">する</wf>
         <wf lemma="." pos="X">.</wf>
      </sentence>
      <sentence id="d000.s1343" source="wordnet-japanese">
         <wf lemma="平原" pos="X">平原</wf>
         <wf lemma="と" pos="X">と</wf>
         <wf lemma="森" pos="X">森</wf>
         <wf lemma="の" pos="X">の</wf>
         <instance id="d000.s1343.t000" lemma="住人" pos="NOUN">住人</instance>
         <wf lemma="." pos="X">.</wf>
      </sentence>
      <sentence id="d000.s1344" source="wordnet-japanese">
         <wf lemma="彼" pos="X">彼</wf>
         <wf lemma="は" pos="X">は</wf>
         <wf lemma="一般" pos="X">一般</wf>
         <instance id="d000.s1344.t000" lemma="概論" pos="NOUN">概論</instance>
         <wf lemma="で" pos="X">で</wf>
         <wf lemma="話し" pos="X">話し</wf>
         <wf lemma="た" pos="X">た</wf>
         <wf lemma="." pos="X">.</wf>
      </sentence>
      <sentence id="d000.s1345" source="wordnet-japanese">
         <instance id="d000.s1345.t000" lemma="野蛮" pos="ADJ">野蛮</instance>
         <wf lemma="な" pos="X">な</wf>
         <wf lemma="人々" pos="X">人々</wf>
         <wf lemma="." pos="X">.</wf>
      </sentence>
      <sentence id="d000.s1346" source="wordnet-japanese">
         <wf lemma="その" pos="X">その</wf>
         <wf lemma="規則" pos="X">規則</wf>
         <wf lemma="に" pos="X">に</wf>
         <instance id="d000.s1346.t000" lemma="従う" pos="VERB">従う</instance>
         <wf lemma="." pos="X">.</wf>
      </sentence>
      <sentence id="d000.s1347" source="wordnet-japanese">
         <wf lemma="死に" pos="X">死に</wf>
         <wf lemma="かかっ" pos="X">かかっ</wf>
         <wf lemma="て" pos="X">て</wf>
         <wf lemma="いる" pos="X">いる</wf>
         <instance id="d000.s1347.t000" lemma="喘息" pos="NOUN">喘息</instance>
         <wf lemma="患者" pos="X">患者</wf>
         <wf lemma="の" pos="X">の</wf>
         <wf lemma="苦痛" pos="X">苦痛</wf>
         <wf lemma="な" pos="X">な</wf>
         <wf lemma="喘ぎ" pos="X">喘ぎ</wf>
         <wf lemma="." pos="X">.</wf>
      </sentence>
      <sentence id="d000.s1348" source="wordnet-japanese">
         <wf lemma="腐敗" pos="X">腐敗</wf>
         <wf lemma="に対する" pos="X">に対する</wf>
         <instance id="d000.s1348.t000" lemma="砦" pos="NOUN">砦</instance>
         <wf lemma="." pos="X">.</wf>
      </sentence>
      <sentence id="d000.s1349" source="wordnet-japanese">
         <wf lemma="気質" pos="X">気質</wf>
         <wf lemma="の" pos="X">の</wf>
         <instance id="d000.s1349.t000" lemma="気まぐれ" pos="ADJ">気まぐれ</instance>
         <wf lemma="な" pos="X">な</wf>
         <wf lemma="ねじれ" pos="X">ねじれ</wf>
         <wf lemma="." pos="X">.</wf>
      </sentence>
      <sentence id="d000.s1350" source="wordnet-japanese">
         <wf lemma="19" pos="X">19</wf>
         <wf lemma="世紀" pos="X">世紀</wf>
         <wf lemma="に" pos="X">に</wf>
         <instance id="d000.s1350.t000" lemma="プロシア" pos="NOUN">プロシア</instance>
         <wf lemma="は" pos="X">は</wf>
         <wf lemma="ドイツ州" pos="X">ドイツ州</wf>
         <wf lemma="の" pos="X">の</wf>
         <wf lemma="経済的" pos="X">経済的</wf>
         <wf lemma="、" pos="X">、</wf>
         <wf lemma="政治的" pos="X">政治的</wf>
         <wf lemma="統一" pos="X">統一</wf>
         <wf lemma="を" pos="X">を</wf>
         <wf lemma="はかっ" pos="X">はかっ</wf>
         <wf lemma="た" pos="X">た</wf>
         <wf lemma="." pos="X">.</wf>
      </sentence>
      <sentence id="d000.s1351" source="wordnet-japanese">
         <wf lemma="テスト" pos="X">テスト</wf>
         <wf lemma="を" pos="X">を</wf>
         <instance id="d000.s1351.t000" lemma="受ける" pos="VERB">受ける</instance>
         <wf lemma="." pos="X">.</wf>
      </sentence>
      <sentence id="d000.s1352" source="wordnet-japanese">
         <wf lemma="彼" pos="X">彼</wf>
         <wf lemma="は" pos="X">は</wf>
         <wf lemma="相変" pos="X">相変</wf>
         <wf lemma="わら" pos="X">わら</wf>
         <wf lemma="ず" pos="X">ず</wf>
         <wf lemma="同じ" pos="X">同じ</wf>
         <instance id="d000.s1352.t000" lemma="仲間" pos="NOUN">仲間</instance>
         <wf lemma="と" pos="X">と</wf>
         <wf lemma="うろうろ" pos="X">うろうろ</wf>
         <wf lemma="し" pos="X">し</wf>
         <wf lemma="て" pos="X">て</wf>
         <wf lemma="いる" pos="X">いる</wf>
         <wf lemma="." pos="X">.</wf>
      </sentence>
      <sentence id="d000.s1353" source="wordnet-japanese">
         <wf lemma="頭" pos="X">頭</wf>
         <wf lemma="から" pos="X">から</wf>
         <instance id="d000.s1353.t000" lemma="足" pos="NOUN">足</instance>
         <wf lemma="まで" pos="X">まで</wf>
         <wf lemma="武装" pos="X">武装</wf>
         <wf lemma="し" pos="X">し</wf>
         <wf lemma="た" pos="X">た</wf>
         <wf lemma="." pos="X">.</wf>
      </sentence>
      <sentence id="d000.s1354" source="wordnet-japanese">
         <wf lemma="バット" pos="X">バット</wf>
         <wf lemma="を" pos="X">を</wf>
         <instance id="d000.s1354.t000" lemma="振る" pos="VERB">振る</instance>
         <wf lemma="." pos="X">.</wf>
      </sentence>
      <sentence id="d000.s1355" source="wordnet-japanese">
         <wf lemma="彼女" pos="X">彼女</wf>
         <wf lemma="は" pos="X">は</wf>
         <wf lemma="チェス" pos="X">チェス</wf>
         <wf lemma="の" pos="X">の</wf>
         <instance id="d000.s1355.t000" lemma="天才" pos="NOUN">天才</instance>
         <wf lemma="である" pos="X">である</wf>
         <wf lemma="." pos="X">.</wf>
      </sentence>
      <sentence id="d000.s1356" source="wordnet-japanese">
         <wf lemma="彼" pos="X">彼</wf>
         <wf lemma="は" pos="X">は</wf>
         <wf lemma="、" pos="X">、</wf>
         <wf lemma="私" pos="X">私</wf>
         <wf lemma="に" pos="X">に</wf>
         <instance id="d000.s1356.t000" lemma="石" pos="NOUN">石</instance>
         <wf lemma="を" pos="X">を</wf>
         <wf lemma="投げ" pos="X">投げ</wf>
         <wf lemma="つけ" pos="X">つけ</wf>
         <wf lemma="た" pos="X">た</wf>
         <wf lemma="." pos="X">.</wf>
      </sentence>
      <sentence id="d000.s1357" source="wordnet-japanese">
         <wf lemma="彼女" pos="X">彼女</wf>
         <wf lemma="が" pos="X">が</wf>
         <instance id="d000.s1357.t000" lemma="アイスリンク" pos="NOUN">アイスリンク</instance>
         <wf lemma="に" pos="X">に</wf>
         <wf lemma="滑べり" pos="X">滑べり</wf>
         <wf lemma="出" pos="X">出</wf>
         <wf lemma="て" pos="X">て</wf>
         <wf lemma="いく" pos="X">いく</wf>
         <wf lemma="と" pos="X">と</wf>
         <wf lemma="観客" pos="X">観客</wf>
         <wf lemma="は" pos="X">は</wf>
         <wf lemma="拍手" pos="X">拍手</wf>
         <wf lemma="喝" pos="X">喝</wf>
         <wf lemma="采し" pos="X">采し</wf>
         <wf lemma="た" pos="X">た</wf>
         <wf lemma="." pos="X">.</wf>
      </sentence>
      <sentence id="d000.s1358" source="wordnet-japanese">
         <wf lemma="彼" pos="X">彼</wf>
         <wf lemma="は" pos="X">は</wf>
         <wf lemma="それ" pos="X">それ</wf>
         <wf lemma="を" pos="X">を</wf>
         <instance id="d000.s1358.t000" lemma="極限" pos="NOUN">極限</instance>
         <wf lemma="まで" pos="X">まで</wf>
         <wf lemma="押しやっ" pos="X">押しやっ</wf>
         <wf lemma="た" pos="X">た</wf>
         <wf lemma="." pos="X">.</wf>
      </sentence>
      <sentence id="d000.s1359" source="wordnet-japanese">
         <wf lemma="6" pos="X">6</wf>
         <wf lemma="の" pos="X">の</wf>
         <wf lemma="4" pos="X">4</wf>
         <wf lemma="つ" pos="X">つ</wf>
         <wf lemma="の" pos="X">の</wf>
         <instance id="d000.s1359.t000" lemma="約数" pos="NOUN">約数</instance>
         <wf lemma="と" pos="X">と</wf>
         <wf lemma="は" pos="X">は</wf>
         <wf lemma="何か." pos="X">何か.</wf>
      </sentence>
      <sentence id="d000.s1360" source="wordnet-japanese">
         <wf lemma="私" pos="X">私</wf>
         <wf lemma="は" pos="X">は</wf>
         <wf lemma="恐怖" pos="X">恐怖</wf>
         <wf lemma="に" pos="X">に</wf>
         <instance id="d000.s1360.t000" lemma="襲う" pos="VERB">襲わ</instance>
         <wf lemma="れ" pos="X">れ</wf>
         <wf lemma="た" pos="X">た</wf>
         <wf lemma="." pos="X">.</wf>
      </sentence>
      <sentence id="d000.s1361" source="wordnet-japanese">
         <wf lemma="インターネット" pos="X">インターネット</wf>
         <instance id="d000.s1361.t000" lemma="機能" pos="NOUN">機能</instance>
         <wf lemma="を" pos="X">を</wf>
         <wf lemma="持つ" pos="X">持つ</wf>
         <wf lemma="携帯電話" pos="X">携帯電話</wf>
         <wf lemma="." pos="X">.</wf>
      </sentence>
      <sentence id="d000.s1362" source="wordnet-japanese">
         <instance id="d000.s1362.t000" lemma="心" pos="NOUN">心</instance>
         <wf lemma="の" pos="X">の</wf>
         <wf lemma="底" pos="X">底</wf>
         <wf lemma="で" pos="X">で</wf>
         <wf lemma="は" pos="X">は</wf>
         <wf lemma="本当" pos="X">本当</wf>
         <wf lemma="だ" pos="X">だ</wf>
         <wf lemma="と" pos="X">と</wf>
         <wf lemma="思っ" pos="X">思っ</wf>
         <wf lemma="て" pos="X">て</wf>
         <wf lemma="いる" pos="X">いる</wf>
         <wf lemma="." pos="X">.</wf>
      </sentence>
      <sentence id="d000.s1363" source="wordnet-japanese">
         <wf lemma="我々" pos="X">我々</wf>
         <wf lemma="は" pos="X">は</wf>
         <wf lemma="国家" pos="X">国家</wf>
         <instance id="d000.s1363.t000" lemma="安全" pos="NOUN">安全</instance>
         <wf lemma="の" pos="X">の</wf>
         <wf lemma="名目" pos="X">名目</wf>
         <wf lemma="で" pos="X">で</wf>
         <wf lemma="軍隊" pos="X">軍隊</wf>
         <wf lemma="を" pos="X">を</wf>
         <wf lemma="支持" pos="X">支持</wf>
         <wf lemma="する" pos="X">する</wf>
         <wf lemma="." pos="X">.</wf>
      </sentence>
      <sentence id="d000.s1364" source="wordnet-japanese">
         <instance id="d000.s1364.t000" lemma="無毛" pos="ADJ">無毛</instance>
         <wf lemma="の" pos="X">の</wf>
         <wf lemma="頭皮" pos="X">頭皮</wf>
         <wf lemma="." pos="X">.</wf>
      </sentence>
      <sentence id="d000.s1365" source="wordnet-japanese">
         <wf lemma="私" pos="X">私</wf>
         <wf lemma="は" pos="X">は</wf>
         <wf lemma="、" pos="X">、</wf>
         <wf lemma="彼" pos="X">彼</wf>
         <wf lemma="の" pos="X">の</wf>
         <instance id="d000.s1365.t000" lemma="理解" pos="NOUN">理解</instance>
         <wf lemma="を" pos="X">を</wf>
         <wf lemma="当て" pos="X">当て</wf>
         <wf lemma="に" pos="X">に</wf>
         <wf lemma="出来る" pos="X">出来る</wf>
         <wf lemma="こと" pos="X">こと</wf>
         <wf lemma="が" pos="X">が</wf>
         <wf lemma="わかっ" pos="X">わかっ</wf>
         <wf lemma="て" pos="X">て</wf>
         <wf lemma="い" pos="X">い</wf>
         <wf lemma="た" pos="X">た</wf>
         <wf lemma="." pos="X">.</wf>
      </sentence>
      <sentence id="d000.s1366" source="wordnet-japanese">
         <instance id="d000.s1366.t000" lemma="直接的" pos="ADJ">直接的</instance>
         <wf lemma="な" pos="X">な</wf>
         <wf lemma="反応" pos="X">反応</wf>
         <wf lemma="." pos="X">.</wf>
      </sentence>
      <sentence id="d000.s1367" source="wordnet-japanese">
         <instance id="d000.s1367.t000" lemma="医学的" pos="ADV">医学的</instance>
         <wf lemma="に" pos="X">に</wf>
         <wf lemma="訓練" pos="X">訓練</wf>
         <wf lemma="さ" pos="X">さ</wf>
         <wf lemma="れ" pos="X">れ</wf>
         <wf lemma="た" pos="X">た</wf>
         <wf lemma="看護師" pos="X">看護師</wf>
         <wf lemma="." pos="X">.</wf>
      </sentence>
      <sentence id="d000.s1368" source="wordnet-japanese">
         <wf lemma="映画" pos="X">映画</wf>
         <wf lemma="は" pos="X">は</wf>
         <instance id="d000.s1368.t000" lemma="素晴らしい" pos="ADJ">素晴らしかっ</instance>
         <wf lemma="た" pos="X">た</wf>
         <wf lemma="です" pos="X">です</wf>
         <wf lemma="！" pos="X">！</wf>
         <wf lemma="." pos="X">.</wf>
      </sentence>
      <sentence id="d000.s1369" source="wordnet-japanese">
         <wf lemma="テーブル" pos="X">テーブル</wf>
         <wf lemma="は" pos="X">は</wf>
         <wf lemma="、" pos="X">、</wf>
         <wf lemma="ちりの" pos="X">ちりの</wf>
         <instance id="d000.s1369.t000" lemma="膜" pos="NOUN">膜</instance>
         <wf lemma="で" pos="X">で</wf>
         <wf lemma="お" pos="X">お</wf>
         <wf lemma="おわれ" pos="X">おわれ</wf>
         <wf lemma="て" pos="X">て</wf>
         <wf lemma="い" pos="X">い</wf>
         <wf lemma="た" pos="X">た</wf>
         <wf lemma="." pos="X">.</wf>
      </sentence>
      <sentence id="d000.s1370" source="wordnet-japanese">
         <instance id="d000.s1370.t000" lemma="気まぐれ" pos="NOUN">気まぐれ</instance>
         <wf lemma="は" pos="X">は</wf>
         <wf lemma="それ" pos="X">それ</wf>
         <wf lemma="を" pos="X">を</wf>
         <wf lemma="楽しむ" pos="X">楽しむ</wf>
         <wf lemma="時間" pos="X">時間</wf>
         <wf lemma="の" pos="X">の</wf>
         <wf lemma="ある" pos="X">ある</wf>
         <wf lemma="誰" pos="X">誰</wf>
         <wf lemma="か" pos="X">か</wf>
         <wf lemma="の" pos="X">の</wf>
         <wf lemma="ユーモラス" pos="X">ユーモラス</wf>
         <wf lemma="である" pos="X">である</wf>
         <wf lemma="." pos="X">.</wf>
      </sentence>
      <sentence id="d000.s1371" source="wordnet-japanese">
         <wf lemma="原子" pos="X">原子</wf>
         <wf lemma="の" pos="X">の</wf>
         <wf lemma="粒子" pos="X">粒子</wf>
         <wf lemma="の" pos="X">の</wf>
         <wf lemma="物理的" pos="X">物理的</wf>
         <instance id="d000.s1371.t000" lemma="性質" pos="NOUN">性質</instance>
         <wf lemma="の" pos="X">の</wf>
         <wf lemma="研究" pos="X">研究</wf>
         <wf lemma="." pos="X">.</wf>
      </sentence>
      <sentence id="d000.s1372" source="wordnet-japanese">
         <wf lemma="綱" pos="X">綱</wf>
         <wf lemma="と" pos="X">と</wf>
         <wf lemma="し" pos="X">し</wf>
         <wf lemma="て" pos="X">て</wf>
         <wf lemma="の" pos="X">の</wf>
         <wf lemma="哺乳類" pos="X">哺乳類</wf>
         <wf lemma="は" pos="X">は</wf>
         <wf lemma="、" pos="X">、</wf>
         <instance id="d000.s1372.t000" lemma="社会性" pos="NOUN">社会性</instance>
         <wf lemma="が" pos="X">が</wf>
         <wf lemma="強く" pos="X">強く</wf>
         <wf lemma="ない" pos="X">ない</wf>
         <wf lemma="." pos="X">.</wf>
      </sentence>
      <sentence id="d000.s1373" source="wordnet-japanese">
         <wf lemma="この" pos="X">この</wf>
         <wf lemma="潮" pos="X">潮</wf>
         <wf lemma="と" pos="X">と</wf>
         <wf lemma="霧" pos="X">霧</wf>
         <wf lemma="で" pos="X">で</wf>
         <wf lemma="外" pos="X">外</wf>
         <wf lemma="に" pos="X">に</wf>
         <wf lemma="出る" pos="X">出る</wf>
         <wf lemma="こと" pos="X">こと</wf>
         <wf lemma="は" pos="X">は</wf>
         <wf lemma="極端" pos="X">極端</wf>
         <wf lemma="に" pos="X">に</wf>
         <instance id="d000.s1373.t000" lemma="危険" pos="ADJ">危険</instance>
         <wf lemma="である" pos="X">である</wf>
         <wf lemma="." pos="X">.</wf>
      </sentence>
      <sentence id="d000.s1374" source="wordnet-japanese">
         <wf lemma="彼" pos="X">彼</wf>
         <wf lemma="は" pos="X">は</wf>
         <instance id="d000.s1374.t000" lemma="歩合" pos="NOUN">歩合</instance>
         <wf lemma="で" pos="X">で</wf>
         <wf lemma="働い" pos="X">働い</wf>
         <wf lemma="て" pos="X">て</wf>
         <wf lemma="いる" pos="X">いる</wf>
         <wf lemma="." pos="X">.</wf>
      </sentence>
      <sentence id="d000.s1375" source="wordnet-japanese">
         <wf lemma="私" pos="X">私</wf>
         <wf lemma="は" pos="X">は</wf>
         <wf lemma="この" pos="X">この</wf>
         <wf lemma="教会" pos="X">教会</wf>
         <wf lemma="の" pos="X">の</wf>
         <wf lemma="教義" pos="X">教義</wf>
         <wf lemma="を" pos="X">を</wf>
         <instance id="d000.s1375.t000" lemma="受け入れる" pos="VERB">受け入れる</instance>
         <wf lemma="こと" pos="X">こと</wf>
         <wf lemma="が" pos="X">が</wf>
         <wf lemma="でき" pos="X">でき</wf>
         <wf lemma="ない" pos="X">ない</wf>
         <wf lemma="." pos="X">.</wf>
      </sentence>
      <sentence id="d000.s1376" source="wordnet-japanese">
         <wf lemma="彫刻" pos="X">彫刻</wf>
         <wf lemma="は" pos="X">は</wf>
         <wf lemma="芸術" pos="X">芸術</wf>
         <wf lemma="の" pos="X">の</wf>
         <wf lemma="一" pos="X">一</wf>
         <instance id="d000.s1376.t000" lemma="形態" pos="NOUN">形態</instance>
         <wf lemma="だ" pos="X">だ</wf>
         <wf lemma="." pos="X">.</wf>
      </sentence>
      <sentence id="d000.s1377" source="wordnet-japanese">
         <wf lemma="彼" pos="X">彼</wf>
         <wf lemma="は" pos="X">は</wf>
         <instance id="d000.s1377.t000" lemma="財産" pos="NOUN">財産</instance>
         <wf lemma="を" pos="X">を</wf>
         <wf lemma="全て" pos="X">全て</wf>
         <wf lemma="娘" pos="X">娘</wf>
         <wf lemma="に" pos="X">に</wf>
         <wf lemma="遺贈" pos="X">遺贈</wf>
         <wf lemma="し" pos="X">し</wf>
         <wf lemma="た" pos="X">た</wf>
         <wf lemma="." pos="X">.</wf>
      </sentence>
      <sentence id="d000.s1378" source="wordnet-japanese">
         <instance id="d000.s1378.t000" lemma="叱責" pos="NOUN">叱責</instance>
         <wf lemma="の" pos="X">の</wf>
         <wf lemma="言葉" pos="X">言葉</wf>
         <wf lemma="." pos="X">.</wf>
      </sentence>
      <sentence id="d000.s1379" source="wordnet-japanese">
         <instance id="d000.s1379.t000" lemma="激しい" pos="ADJ">激しい</instance>
         <wf lemma="ノイズ" pos="X">ノイズ</wf>
         <wf lemma="." pos="X">.</wf>
      </sentence>
      <sentence id="d000.s1380" source="wordnet-japanese">
         <wf lemma="知覚" pos="X">知覚</wf>
         <wf lemma="の" pos="X">の</wf>
         <instance id="d000.s1380.t000" lemma="鋭い" pos="ADJ">鋭い</instance>
         <wf lemma="目" pos="X">目</wf>
         <wf lemma="." pos="X">.</wf>
      </sentence>
      <sentence id="d000.s1381" source="wordnet-japanese">
         <instance id="d000.s1381.t000" lemma="完全" pos="ADJ">完全</instance>
         <wf lemma="な" pos="X">な</wf>
         <wf lemma="愚かし" pos="X">愚かし</wf>
         <wf lemma="さ" pos="X">さ</wf>
         <wf lemma="." pos="X">.</wf>
      </sentence>
      <sentence id="d000.s1382" source="wordnet-japanese">
         <wf lemma="新任" pos="X">新任</wf>
         <wf lemma="の" pos="X">の</wf>
         <wf lemma="秘書" pos="X">秘書</wf>
         <wf lemma="は" pos="X">は</wf>
         <wf lemma="、" pos="X">、</wf>
         <wf lemma="多く" pos="X">多く</wf>
         <wf lemma="の" pos="X">の</wf>
         <wf lemma="プロ" pos="X">プロ</wf>
         <wf lemma="らしく" pos="X">らしく</wf>
         <wf lemma="ない" pos="X">ない</wf>
         <wf lemma="意見" pos="X">意見</wf>
         <wf lemma="に" pos="X">に</wf>
         <instance id="d000.s1382.t000" lemma="耐える" pos="VERB">耐え</instance>
         <wf lemma="なければ" pos="X">なければ</wf>
         <wf lemma="なら" pos="X">なら</wf>
         <wf lemma="なかっ" pos="X">なかっ</wf>
         <wf lemma="た" pos="X">た</wf>
         <wf lemma="." pos="X">.</wf>
      </sentence>
      <sentence id="d000.s1383" source="wordnet-japanese">
         <wf lemma="彼ら" pos="X">彼ら</wf>
         <wf lemma="は" pos="X">は</wf>
         <wf lemma="殺人者" pos="X">殺人者</wf>
         <wf lemma="が" pos="X">が</wf>
         <wf lemma="処刑" pos="X">処刑</wf>
         <wf lemma="さる" pos="X">さる</wf>
         <wf lemma="の" pos="X">の</wf>
         <wf lemma="を" pos="X">を</wf>
         <instance id="d000.s1383.t000" lemma="見る" pos="VERB">見</instance>
         <wf lemma="た" pos="X">た</wf>
         <wf lemma="." pos="X">.</wf>
      </sentence>
      <sentence id="d000.s1384" source="wordnet-japanese">
         <wf lemma="私たち" pos="X">私たち</wf>
         <wf lemma="は" pos="X">は</wf>
         <wf lemma="ケーキ" pos="X">ケーキ</wf>
         <wf lemma="を" pos="X">を</wf>
         <instance id="d000.s1384.t000" lemma="分ける" pos="VERB">分け</instance>
         <wf lemma="た" pos="X">た</wf>
         <wf lemma="." pos="X">.</wf>
      </sentence>
      <sentence id="d000.s1385" source="wordnet-japanese">
         <wf lemma="恐怖" pos="X">恐怖</wf>
         <wf lemma="を" pos="X">を</wf>
         <instance id="d000.s1385.t000" lemma="鎮める" pos="VERB">鎮める</instance>
         <wf lemma="." pos="X">.</wf>
      </sentence>
      <sentence id="d000.s1386" source="wordnet-japanese">
         <instance id="d000.s1386.t000" lemma="誠実" pos="ADJ">誠実</instance>
         <wf lemma="な" pos="X">な</wf>
         <wf lemma="取引" pos="X">取引</wf>
         <wf lemma="で" pos="X">で</wf>
         <wf lemma="働い" pos="X">働い</wf>
         <wf lemma="た" pos="X">た</wf>
         <wf lemma="." pos="X">.</wf>
      </sentence>
      <sentence id="d000.s1387" source="wordnet-japanese">
         <instance id="d000.s1387.t000" lemma="すぐ" pos="ADV">すぐ</instance>
         <wf lemma="ここ" pos="X">ここ</wf>
         <wf lemma="に" pos="X">に</wf>
         <wf lemma="来" pos="X">来</wf>
         <wf lemma="て" pos="X">て</wf>
         <wf lemma="！" pos="X">！</wf>
         <wf lemma="." pos="X">.</wf>
      </sentence>
      <sentence id="d000.s1388" source="wordnet-japanese">
         <wf lemma="あなた" pos="X">あなた</wf>
         <wf lemma="の" pos="X">の</wf>
         <wf lemma="部屋" pos="X">部屋</wf>
         <wf lemma="を" pos="X">を</wf>
         <wf lemma="きれい" pos="X">きれい</wf>
         <wf lemma="に" pos="X">に</wf>
         <instance id="d000.s1388.t000" lemma="片付ける" pos="VERB">片付け</instance>
         <wf lemma="なさい" pos="X">なさい</wf>
         <wf lemma="！" pos="X">！</wf>
         <wf lemma="." pos="X">.</wf>
      </sentence>
      <sentence id="d000.s1389" source="wordnet-japanese">
         <wf lemma="映画" pos="X">映画</wf>
         <wf lemma="を" pos="X">を</wf>
         <instance id="d000.s1389.t000" lemma="見る" pos="VERB">見る</instance>
         <wf lemma="." pos="X">.</wf>
      </sentence>
      <sentence id="d000.s1390" source="wordnet-japanese">
         <wf lemma="この" pos="X">この</wf>
         <wf lemma="部屋" pos="X">部屋</wf>
         <wf lemma="に" pos="X">に</wf>
         <wf lemma="は" pos="X">は</wf>
         <wf lemma="大きな" pos="X">大きな</wf>
         <instance id="d000.s1390.t000" lemma="可能性" pos="NOUN">可能性</instance>
         <wf lemma="が" pos="X">が</wf>
         <wf lemma="ある" pos="X">ある</wf>
         <wf lemma="." pos="X">.</wf>
      </sentence>
      <sentence id="d000.s1391" source="wordnet-japanese">
         <wf lemma="抜け" pos="X">抜け</wf>
         <wf lemma="目" pos="X">目</wf>
         <wf lemma="が" pos="X">が</wf>
         <wf lemma="なく" pos="X">なく</wf>
         <wf lemma="て" pos="X">て</wf>
         <instance id="d000.s1391.t000" lemma="賢明" pos="ADJ">賢明</instance>
         <wf lemma="な" pos="X">な</wf>
         <wf lemma="政治家" pos="X">政治家</wf>
         <wf lemma="." pos="X">.</wf>
      </sentence>
      <sentence id="d000.s1392" source="wordnet-japanese">
         <wf lemma="イエメン" pos="X">イエメン</wf>
         <wf lemma="で" pos="X">で</wf>
         <wf lemma="は" pos="X">は</wf>
         <wf lemma="、" pos="X">、</wf>
         <instance id="d000.s1392.t000" lemma="カート" pos="NOUN">カート</instance>
         <wf lemma="が" pos="X">が</wf>
         <wf lemma="毎日" pos="X">毎日</wf>
         <wf lemma="85" pos="X">85</wf>
         <wf lemma="%" pos="X">%</wf>
         <wf lemma="の" pos="X">の</wf>
         <wf lemma="大人" pos="X">大人</wf>
         <wf lemma="によって" pos="X">によって</wf>
         <wf lemma="使用" pos="X">使用</wf>
         <wf lemma="さ" pos="X">さ</wf>
         <wf lemma="れる" pos="X">れる</wf>
         <wf lemma="." pos="X">.</wf>
      </sentence>
      <sentence id="d000.s1393" source="wordnet-japanese">
         <instance id="d000.s1393.t000" lemma="短い" pos="ADJ">短い</instance>
         <wf lemma="髪" pos="X">髪</wf>
         <wf lemma="." pos="X">.</wf>
      </sentence>
      <sentence id="d000.s1394" source="wordnet-japanese">
         <wf lemma="民主党" pos="X">民主党</wf>
         <wf lemma="は" pos="X">は</wf>
         <wf lemma="通常" pos="X">通常</wf>
         <wf lemma="組合" pos="X">組合</wf>
         <wf lemma="の" pos="X">の</wf>
         <instance id="d000.s1394.t000" lemma="承認" pos="NOUN">承認</instance>
         <wf lemma="を" pos="X">を</wf>
         <wf lemma="得る" pos="X">得る</wf>
         <wf lemma="." pos="X">.</wf>
      </sentence>
      <sentence id="d000.s1395" source="wordnet-japanese">
         <wf lemma="音楽" pos="X">音楽</wf>
         <wf lemma="は" pos="X">は</wf>
         <instance id="d000.s1395.t000" lemma="時間的" pos="ADJ">時間的</instance>
         <wf lemma="芸術" pos="X">芸術</wf>
         <wf lemma="である" pos="X">である</wf>
         <wf lemma="." pos="X">.</wf>
      </sentence>
      <sentence id="d000.s1396" source="wordnet-japanese">
         <wf lemma="本当に" pos="X">本当に</wf>
         <instance id="d000.s1396.t000" lemma="意地悪" pos="ADJ">意地悪</instance>
         <wf lemma="な" pos="X">な</wf>
         <wf lemma="子供" pos="X">子供</wf>
         <wf lemma="." pos="X">.</wf>
      </sentence>
      <sentence id="d000.s1397" source="wordnet-japanese">
         <wf lemma="彼女" pos="X">彼女</wf>
         <wf lemma="は" pos="X">は</wf>
         <wf lemma="、" pos="X">、</wf>
         <instance id="d000.s1397.t000" lemma="赤ちゃん" pos="NOUN">赤ちゃん</instance>
         <wf lemma="を" pos="X">を</wf>
         <wf lemma="彼女" pos="X">彼女</wf>
         <wf lemma="の" pos="X">の</wf>
         <wf lemma="腕" pos="X">腕</wf>
         <wf lemma="に" pos="X">に</wf>
         <wf lemma="抱い" pos="X">抱い</wf>
         <wf lemma="た" pos="X">た</wf>
         <wf lemma="." pos="X">.</wf>
      </sentence>
      <sentence id="d000.s1398" source="wordnet-japanese">
         <instance id="d000.s1398.t000" lemma="同一" pos="ADJ">同一</instance>
         <wf lemma="の" pos="X">の</wf>
         <wf lemma="家" pos="X">家</wf>
         <wf lemma="の" pos="X">の</wf>
         <wf lemma="並び" pos="X">並び</wf>
         <wf lemma="." pos="X">.</wf>
      </sentence>
      <sentence id="d000.s1399" source="wordnet-japanese">
         <wf lemma="日記" pos="X">日記</wf>
         <wf lemma="は" pos="X">は</wf>
         <wf lemma="その" pos="X">その</wf>
         <wf lemma="晩" pos="X">晩</wf>
         <wf lemma="の" pos="X">の</wf>
         <wf lemma="彼" pos="X">彼</wf>
         <wf lemma="の" pos="X">の</wf>
         <wf lemma="苦悩" pos="X">苦悩</wf>
         <wf lemma="を" pos="X">を</wf>
         <instance id="d000.s1399.t000" lemma="示す" pos="VERB">示し</instance>
         <wf lemma="た" pos="X">た</wf>
         <wf lemma="." pos="X">.</wf>
      </sentence>
      <sentence id="d000.s1400" source="wordnet-japanese">
         <wf lemma="彼ら" pos="X">彼ら</wf>
         <wf lemma="は" pos="X">は</wf>
         <wf lemma="彼女" pos="X">彼女</wf>
         <wf lemma="の" pos="X">の</wf>
         <instance id="d000.s1400.t000" lemma="到着" pos="NOUN">到着</instance>
         <wf lemma="を" pos="X">を</wf>
         <wf lemma="待っ" pos="X">待っ</wf>
         <wf lemma="た" pos="X">た</wf>
         <wf lemma="." pos="X">.</wf>
      </sentence>
      <sentence id="d000.s1401" source="wordnet-japanese">
         <wf lemma="私たち" pos="X">私たち</wf>
         <wf lemma="は" pos="X">は</wf>
         <wf lemma="、" pos="X">、</wf>
         <wf lemma="癌" pos="X">癌</wf>
         <wf lemma="が" pos="X">が</wf>
         <wf lemma="広まる" pos="X">広まる</wf>
         <wf lemma="の" pos="X">の</wf>
         <wf lemma="を" pos="X">を</wf>
         <instance id="d000.s1401.t000" lemma="防ぐ" pos="VERB">防</instance>
         <wf lemma="が" pos="X">が</wf>
         <wf lemma="なければ" pos="X">なければ</wf>
         <wf lemma="なら" pos="X">なら</wf>
         <wf lemma="ない" pos="X">ない</wf>
         <wf lemma="." pos="X">.</wf>
      </sentence>
      <sentence id="d000.s1402" source="wordnet-japanese">
         <wf lemma="各" pos="X">各</wf>
         <wf lemma="チーム" pos="X">チーム</wf>
         <wf lemma="に" pos="X">に</wf>
         <wf lemma="は" pos="X">は</wf>
         <wf lemma="、" pos="X">、</wf>
         <wf lemma="2" pos="X">2</wf>
         <wf lemma="つ" pos="X">つ</wf>
         <wf lemma="の" pos="X">の</wf>
         <instance id="d000.s1402.t000" lemma="タイム" pos="NOUN">タイム</instance>
         <wf lemma="アウト" pos="X">アウト</wf>
         <wf lemma="が" pos="X">が</wf>
         <wf lemma="残っ" pos="X">残っ</wf>
         <wf lemma="て" pos="X">て</wf>
         <wf lemma="いる" pos="X">いる</wf>
         <wf lemma="." pos="X">.</wf>
      </sentence>
      <sentence id="d000.s1403" source="wordnet-japanese">
         <wf lemma="彼" pos="X">彼</wf>
         <wf lemma="は" pos="X">は</wf>
         <wf lemma="彼" pos="X">彼</wf>
         <wf lemma="の" pos="X">の</wf>
         <wf lemma="後ろ" pos="X">後ろ</wf>
         <wf lemma="の" pos="X">の</wf>
         <wf lemma="大きい" pos="X">大きい</wf>
         <wf lemma="スーツケース" pos="X">スーツケース</wf>
         <wf lemma="を" pos="X">を</wf>
         <instance id="d000.s1403.t000" lemma="引きずる" pos="VERB">引きずっ</instance>
         <wf lemma="た" pos="X">た</wf>
         <wf lemma="." pos="X">.</wf>
      </sentence>
      <sentence id="d000.s1404" source="wordnet-japanese">
         <wf lemma="彼" pos="X">彼</wf>
         <wf lemma="は" pos="X">は</wf>
         <instance id="d000.s1404.t000" lemma="攻撃的" pos="ADJ">攻撃的</instance>
         <wf lemma="で" pos="X">で</wf>
         <wf lemma="傲慢" pos="X">傲慢</wf>
         <wf lemma="であっ" pos="X">であっ</wf>
         <wf lemma="た" pos="X">た</wf>
         <wf lemma="；" pos="X">；</wf>
         <wf lemma="信念" pos="X">信念</wf>
         <wf lemma="において" pos="X">において</wf>
         <wf lemma="積極的" pos="X">積極的</wf>
         <wf lemma="な" pos="X">な</wf>
         <wf lemma="." pos="X">.</wf>
      </sentence>
      <sentence id="d000.s1405" source="wordnet-japanese">
         <wf lemma="これら" pos="X">これら</wf>
         <wf lemma="の" pos="X">の</wf>
         <wf lemma="簡単" pos="X">簡単</wf>
         <wf lemma="な" pos="X">な</wf>
         <wf lemma="きまり" pos="X">きまり</wf>
         <wf lemma="に" pos="X">に</wf>
         <instance id="d000.s1405.t000" lemma="従う" pos="VERB">従う</instance>
         <wf lemma="." pos="X">.</wf>
      </sentence>
      <sentence id="d000.s1406" source="wordnet-japanese">
         <wf lemma="私" pos="X">私</wf>
         <wf lemma="たち" pos="X">たち</wf>
         <wf lemma="は" pos="X">は</wf>
         <wf lemma="、" pos="X">、</wf>
         <wf lemma="毎晩" pos="X">毎晩</wf>
         <wf lemma="、" pos="X">、</wf>
         <wf lemma="7" pos="X">7</wf>
         <wf lemma="時" pos="X">時</wf>
         <wf lemma="の" pos="X">の</wf>
         <instance id="d000.s1406.t000" lemma="ニュース" pos="NOUN">ニュース</instance>
         <wf lemma="を" pos="X">を</wf>
         <wf lemma="見る" pos="X">見る</wf>
         <wf lemma="." pos="X">.</wf>
      </sentence>
      <sentence id="d000.s1407" source="wordnet-japanese">
         <wf lemma="実行" pos="X">実行</wf>
         <instance id="d000.s1407.t000" lemma="可能" pos="ADJ">可能</instance>
         <wf lemma="な" pos="X">な</wf>
         <wf lemma="解決策" pos="X">解決策</wf>
         <wf lemma="." pos="X">.</wf>
      </sentence>
      <sentence id="d000.s1408" source="wordnet-japanese">
         <wf lemma="南" pos="X">南</wf>
         <wf lemma="の" pos="X">の</wf>
         <wf lemma="綿" pos="X">綿</wf>
         <wf lemma="の" pos="X">の</wf>
         <instance id="d000.s1408.t000" lemma="国" pos="NOUN">国</instance>
         <wf lemma="の" pos="X">の</wf>
         <wf lemma="勃興" pos="X">勃興</wf>
         <wf lemma="." pos="X">.</wf>
      </sentence>
      <sentence id="d000.s1409" source="wordnet-japanese">
         <instance id="d000.s1409.t000" lemma="つらい" pos="ADJ">つらい</instance>
         <wf lemma="真実" pos="X">真実</wf>
         <wf lemma="." pos="X">.</wf>
      </sentence>
      <sentence id="d000.s1410" source="wordnet-japanese">
         <wf lemma="悪夢" pos="X">悪夢</wf>
         <wf lemma="が" pos="X">が</wf>
         <wf lemma="定期的" pos="X">定期的</wf>
         <wf lemma="に" pos="X">に</wf>
         <wf lemma="彼" pos="X">彼</wf>
         <wf lemma="を" pos="X">を</wf>
         <instance id="d000.s1410.t000" lemma="襲う" pos="VERB">襲っ</instance>
         <wf lemma="た" pos="X">た</wf>
         <wf lemma="." pos="X">.</wf>
      </sentence>
      <sentence id="d000.s1411" source="wordnet-japanese">
         <instance id="d000.s1411.t000" lemma="空白" pos="NOUN">空白</instance>
         <wf lemma="が" pos="X">が</wf>
         <wf lemma="アルファベット" pos="X">アルファベット</wf>
         <wf lemma="の" pos="X">の</wf>
         <wf lemma="中" pos="X">中</wf>
         <wf lemma="で" pos="X">で</wf>
         <wf lemma="最も" pos="X">最も</wf>
         <wf lemma="重要" pos="X">重要</wf>
         <wf lemma="な" pos="X">な</wf>
         <wf lemma="文字" pos="X">文字</wf>
         <wf lemma="である" pos="X">である</wf>
         <wf lemma="と" pos="X">と</wf>
         <wf lemma="彼" pos="X">彼</wf>
         <wf lemma="は" pos="X">は</wf>
         <wf lemma="言っ" pos="X">言っ</wf>
         <wf lemma="た" pos="X">た</wf>
         <wf lemma="." pos="X">.</wf>
      </sentence>
      <sentence id="d000.s1412" source="wordnet-japanese">
         <wf lemma="歩行" pos="X">歩行</wf>
         <wf lemma="が" pos="X">が</wf>
         <instance id="d000.s1412.t000" lemma="困難" pos="NOUN">困難</instance>
         <wf lemma="だっ" pos="X">だっ</wf>
         <wf lemma="た" pos="X">た</wf>
         <wf lemma="." pos="X">.</wf>
      </sentence>
      <sentence id="d000.s1413" source="wordnet-japanese">
         <wf lemma="彼ら" pos="X">彼ら</wf>
         <wf lemma="の" pos="X">の</wf>
         <wf lemma="口論" pos="X">口論</wf>
         <wf lemma="の" pos="X">の</wf>
         <instance id="d000.s1413.t000" lemma="悪化" pos="NOUN">悪化</instance>
         <wf lemma="によって" pos="X">によって</wf>
         <wf lemma="、" pos="X">、</wf>
         <wf lemma="彼" pos="X">彼</wf>
         <wf lemma="の" pos="X">の</wf>
         <wf lemma="愚か" pos="X">愚か</wf>
         <wf lemma="さ" pos="X">さ</wf>
         <wf lemma="が" pos="X">が</wf>
         <wf lemma="分かっ" pos="X">分かっ</wf>
         <wf lemma="た" pos="X">た</wf>
         <wf lemma="." pos="X">.</wf>
      </sentence>
      <sentence id="d000.s1414" source="wordnet-japanese">
         <wf lemma="彼女" pos="X">彼女</wf>
         <wf lemma="は" pos="X">は</wf>
         <wf lemma="、" pos="X">、</wf>
         <wf lemma="決して" pos="X">決して</wf>
         <wf lemma="馬" pos="X">馬</wf>
         <wf lemma="に" pos="X">に</wf>
         <instance id="d000.s1414.t000" lemma="乗る" pos="VERB">乗ら</instance>
         <wf lemma="なかっ" pos="X">なかっ</wf>
         <wf lemma="た" pos="X">た</wf>
         <wf lemma="！" pos="X">！</wf>
         <wf lemma="." pos="X">.</wf>
      </sentence>
      <sentence id="d000.s1415" source="wordnet-japanese">
         <wf lemma="その" pos="X">その</wf>
         <wf lemma="論文" pos="X">論文</wf>
         <wf lemma="は" pos="X">は</wf>
         <wf lemma="彼" pos="X">彼</wf>
         <wf lemma="の" pos="X">の</wf>
         <wf lemma="顧問" pos="X">顧問</wf>
         <wf lemma="に" pos="X">に</wf>
         <instance id="d000.s1415.t000" lemma="負う" pos="VERB">負う</instance>
         <wf lemma="ところ" pos="X">ところ</wf>
         <wf lemma="が" pos="X">が</wf>
         <wf lemma="大きい" pos="X">大きい</wf>
         <wf lemma="." pos="X">.</wf>
      </sentence>
      <sentence id="d000.s1416" source="wordnet-japanese">
         <wf lemma="彼ら" pos="X">彼ら</wf>
         <wf lemma="は" pos="X">は</wf>
         <instance id="d000.s1416.t000" lemma="便利" pos="NOUN">便利</instance>
         <wf lemma="な" pos="X">な</wf>
         <wf lemma="分割" pos="X">分割</wf>
         <wf lemma="払い" pos="X">払い</wf>
         <wf lemma="を" pos="X">を</wf>
         <wf lemma="勧め" pos="X">勧め</wf>
         <wf lemma="た" pos="X">た</wf>
         <wf lemma="." pos="X">.</wf>
      </sentence>
      <sentence id="d000.s1417" source="wordnet-japanese">
         <wf lemma="より" pos="X">より</wf>
         <wf lemma="高い" pos="X">高い</wf>
         <instance id="d000.s1417.t000" lemma="高所" pos="NOUN">高所</instance>
         <wf lemma="に" pos="X">に</wf>
         <wf lemma="雪" pos="X">雪</wf>
         <wf lemma="が" pos="X">が</wf>
         <wf lemma="あっ" pos="X">あっ</wf>
         <wf lemma="た" pos="X">た</wf>
         <wf lemma="." pos="X">.</wf>
      </sentence>
      <sentence id="d000.s1418" source="wordnet-japanese">
         <instance id="d000.s1418.t000" lemma="髪" pos="NOUN">髪</instance>
         <wf lemma="は" pos="X">は</wf>
         <wf lemma="死ん" pos="X">死ん</wf>
         <wf lemma="で" pos="X">で</wf>
         <wf lemma="いる" pos="X">いる</wf>
         <wf lemma="角化" pos="X">角化</wf>
         <wf lemma="細胞" pos="X">細胞</wf>
         <wf lemma="の" pos="X">の</wf>
         <wf lemma="層" pos="X">層</wf>
         <wf lemma="から" pos="X">から</wf>
         <wf lemma="成る" pos="X">成る</wf>
         <wf lemma="." pos="X">.</wf>
      </sentence>
      <sentence id="d000.s1419" source="wordnet-japanese">
         <wf lemma="労力" pos="X">労力</wf>
         <wf lemma="の" pos="X">の</wf>
         <instance id="d000.s1419.t000" lemma="節約" pos="NOUN">節約</instance>
         <wf lemma="." pos="X">.</wf>
      </sentence>
      <sentence id="d000.s1420" source="wordnet-japanese">
         <wf lemma="ホモサピエンス" pos="X">ホモサピエンス</wf>
         <wf lemma="は" pos="X">は</wf>
         <wf lemma="、" pos="X">、</wf>
         <wf lemma="何" pos="X">何</wf>
         <wf lemma="百" pos="X">百</wf>
         <wf lemma="万年" pos="X">万年</wf>
         <wf lemma="も" pos="X">も</wf>
         <wf lemma="前" pos="X">前</wf>
         <wf lemma="に" pos="X">に</wf>
         <instance id="d000.s1420.t000" lemma="顕れる" pos="VERB">顕れ</instance>
         <wf lemma="た" pos="X">た</wf>
         <wf lemma="." pos="X">.</wf>
      </sentence>
      <sentence id="d000.s1421" source="wordnet-japanese">
         <wf lemma="歯" pos="X">歯</wf>
         <wf lemma="を" pos="X">を</wf>
         <instance id="d000.s1421.t000" lemma="折る" pos="VERB">折る</instance>
         <wf lemma="." pos="X">.</wf>
      </sentence>
      <sentence id="d000.s1422" source="wordnet-japanese">
         <wf lemma="彼女" pos="X">彼女</wf>
         <wf lemma="の" pos="X">の</wf>
         <wf lemma="気分" pos="X">気分</wf>
         <wf lemma="が" pos="X">が</wf>
         <instance id="d000.s1422.t000" lemma="いい" pos="ADJ">いい</instance>
         <wf lemma="とき" pos="X">とき</wf>
         <wf lemma="は" pos="X">は</wf>
         <wf lemma="、" pos="X">、</wf>
         <wf lemma="彼女" pos="X">彼女</wf>
         <wf lemma="は" pos="X">は</wf>
         <wf lemma="本当に" pos="X">本当に</wf>
         <wf lemma="、" pos="X">、</wf>
         <wf lemma="本当に" pos="X">本当に</wf>
         <wf lemma="優しかっ" pos="X">優しかっ</wf>
         <wf lemma="た" pos="X">た</wf>
         <wf lemma="." pos="X">.</wf>
      </sentence>
      <sentence id="d000.s1423" source="wordnet-japanese">
         <wf lemma="新しい" pos="X">新しい</wf>
         <wf lemma="国際的" pos="X">国際的</wf>
         <wf lemma="な" pos="X">な</wf>
         <wf lemma="経済体制" pos="X">経済体制</wf>
         <wf lemma="における" pos="X">における</wf>
         <wf lemma="米国" pos="X">米国</wf>
         <wf lemma="の" pos="X">の</wf>
         <instance id="d000.s1423.t000" lemma="主導権" pos="NOUN">主導権</instance>
         <wf lemma="の" pos="X">の</wf>
         <wf lemma="強化" pos="X">強化</wf>
         <wf lemma="." pos="X">.</wf>
      </sentence>
      <sentence id="d000.s1424" source="wordnet-japanese">
         <wf lemma="裁判官" pos="X">裁判官</wf>
         <wf lemma="と" pos="X">と</wf>
         <wf lemma="同じ" pos="X">同じ</wf>
         <wf lemma="くらい" pos="X">くらい</wf>
         <instance id="d000.s1424.t000" lemma="謹厳" pos="ADJ">謹厳</instance>
         <wf lemma="に" pos="X">に</wf>
         <wf lemma="." pos="X">.</wf>
      </sentence>
      <sentence id="d000.s1425" source="wordnet-japanese">
         <wf lemma="粒子" pos="X">粒子</wf>
         <wf lemma="の" pos="X">の</wf>
         <instance id="d000.s1425.t000" lemma="運動量" pos="NOUN">運動量</instance>
         <wf lemma="は" pos="X">は</wf>
         <wf lemma="隕石" pos="X">隕石</wf>
         <wf lemma="の" pos="X">の</wf>
         <wf lemma="速度" pos="X">速度</wf>
         <wf lemma="から" pos="X">から</wf>
         <wf lemma="推論" pos="X">推論</wf>
         <wf lemma="さ" pos="X">さ</wf>
         <wf lemma="れ" pos="X">れ</wf>
         <wf lemma="た" pos="X">た</wf>
         <wf lemma="." pos="X">.</wf>
      </sentence>
      <sentence id="d000.s1426" source="wordnet-japanese">
         <wf lemma="めがね" pos="X">めがね</wf>
         <wf lemma="を" pos="X">を</wf>
         <instance id="d000.s1426.t000" lemma="見つける" pos="VERB">見つけ</instance>
         <wf lemma="まし" pos="X">まし</wf>
         <wf lemma="た" pos="X">た</wf>
         <wf lemma="か" pos="X">か</wf>
         <wf lemma="？" pos="X">？</wf>
         <wf lemma="." pos="X">.</wf>
      </sentence>
      <sentence id="d000.s1427" source="wordnet-japanese">
         <wf lemma="その" pos="X">その</wf>
         <wf lemma="言語" pos="X">言語</wf>
         <wf lemma="は" pos="X">は</wf>
         <wf lemma="性別" pos="X">性別</wf>
         <wf lemma="を" pos="X">を</wf>
         <wf lemma="示す" pos="X">示す</wf>
         <wf lemma="複雑" pos="X">複雑</wf>
         <wf lemma="な" pos="X">な</wf>
         <instance id="d000.s1427.t000" lemma="体系" pos="NOUN">体系</instance>
         <wf lemma="が" pos="X">が</wf>
         <wf lemma="ある" pos="X">ある</wf>
         <wf lemma="." pos="X">.</wf>
      </sentence>
      <sentence id="d000.s1428" source="wordnet-japanese">
         <instance id="d000.s1428.t000" lemma="漁獲" pos="NOUN">漁獲</instance>
         <wf lemma="高" pos="X">高</wf>
         <wf lemma="は" pos="X">は</wf>
         <wf lemma="たった" pos="X">たった</wf>
         <wf lemma="魚" pos="X">魚</wf>
         <wf lemma="10" pos="X">10</wf>
         <wf lemma="匹" pos="X">匹</wf>
         <wf lemma="だっ" pos="X">だっ</wf>
         <wf lemma="た" pos="X">た</wf>
         <wf lemma="." pos="X">.</wf>
      </sentence>
      <sentence id="d000.s1429" source="wordnet-japanese">
         <wf lemma="全て" pos="X">全て</wf>
         <wf lemma="の" pos="X">の</wf>
         <wf lemma="物質" pos="X">物質</wf>
         <wf lemma="に" pos="X">に</wf>
         <wf lemma="は" pos="X">は</wf>
         <instance id="d000.s1429.t000" lemma="次元" pos="NOUN">次元</instance>
         <wf lemma="が" pos="X">が</wf>
         <wf lemma="ある" pos="X">ある</wf>
         <wf lemma="." pos="X">.</wf>
      </sentence>
      <sentence id="d000.s1430" source="wordnet-japanese">
         <wf lemma="これ" pos="X">これ</wf>
         <wf lemma="は" pos="X">は</wf>
         <wf lemma="、" pos="X">、</wf>
         <wf lemma="我々" pos="X">我々</wf>
         <wf lemma="以前" pos="X">以前</wf>
         <wf lemma="滞在" pos="X">滞在</wf>
         <wf lemma="し" pos="X">し</wf>
         <wf lemma="た" pos="X">た</wf>
         <wf lemma="の" pos="X">の</wf>
         <wf lemma="と" pos="X">と</wf>
         <instance id="d000.s1430.t000" lemma="同一" pos="ADJ">同一</instance>
         <wf lemma="の" pos="X">の</wf>
         <wf lemma="部屋" pos="X">部屋</wf>
         <wf lemma="である" pos="X">である</wf>
         <wf lemma="." pos="X">.</wf>
      </sentence>
      <sentence id="d000.s1431" source="wordnet-japanese">
         <wf lemma="牛" pos="X">牛</wf>
         <wf lemma="を" pos="X">を</wf>
         <instance id="d000.s1431.t000" lemma="盗む" pos="VERB">盗む</instance>
         <wf lemma="." pos="X">.</wf>
      </sentence>
      <sentence id="d000.s1432" source="wordnet-japanese">
         <wf lemma="彼" pos="X">彼</wf>
         <wf lemma="は" pos="X">は</wf>
         <instance id="d000.s1432.t000" lemma="黄昏" pos="NOUN">黄昏</instance>
         <wf lemma="を" pos="X">を</wf>
         <wf lemma="愛し" pos="X">愛し</wf>
         <wf lemma="た" pos="X">た</wf>
         <wf lemma="." pos="X">.</wf>
      </sentence>
      <sentence id="d000.s1433" source="wordnet-japanese">
         <wf lemma="はり" pos="X">はり</wf>
         <wf lemma="は" pos="X">は</wf>
         <wf lemma="屋根" pos="X">屋根</wf>
         <wf lemma="を" pos="X">を</wf>
         <instance id="d000.s1433.t000" lemma="支える" pos="VERB">支える</instance>
         <wf lemma="." pos="X">.</wf>
      </sentence>
      <sentence id="d000.s1434" source="wordnet-japanese">
         <wf lemma="クロゼット" pos="X">クロゼット</wf>
         <wf lemma="から" pos="X">から</wf>
         <wf lemma="出" pos="X">出</wf>
         <wf lemma="て" pos="X">て</wf>
         <instance id="d000.s1434.t000" lemma="来る" pos="VERB">来</instance>
         <wf lemma="て" pos="X">て</wf>
         <wf lemma="ください" pos="X">ください</wf>
         <wf lemma="！" pos="X">！</wf>
         <wf lemma="." pos="X">.</wf>
      </sentence>
      <sentence id="d000.s1435" source="wordnet-japanese">
         <wf lemma="省" pos="X">省</wf>
         <wf lemma="は" pos="X">は</wf>
         <wf lemma="、" pos="X">、</wf>
         <wf lemma="そのよう" pos="X">そのよう</wf>
         <wf lemma="な" pos="X">な</wf>
         <wf lemma="基金" pos="X">基金</wf>
         <wf lemma="へ" pos="X">へ</wf>
         <wf lemma="の" pos="X">の</wf>
         <wf lemma="出資" pos="X">出資</wf>
         <wf lemma="が" pos="X">が</wf>
         <wf lemma="、" pos="X">、</wf>
         <instance id="d000.s1435.t000" lemma="強制的" pos="ADV">強制的</instance>
         <wf lemma="に" pos="X">に</wf>
         <wf lemma="徴収" pos="X">徴収</wf>
         <wf lemma="さ" pos="X">さ</wf>
         <wf lemma="れ" pos="X">れ</wf>
         <wf lemma="た" pos="X">た</wf>
         <wf lemma="地方税" pos="X">地方税</wf>
         <wf lemma="から" pos="X">から</wf>
         <wf lemma="で" pos="X">で</wf>
         <wf lemma="は" pos="X">は</wf>
         <wf lemma="なく" pos="X">なく</wf>
         <wf lemma="、" pos="X">、</wf>
         <wf lemma="むしろ" pos="X">むしろ</wf>
         <wf lemma="自発的" pos="X">自発的</wf>
         <wf lemma="な" pos="X">な</wf>
         <wf lemma="寄付" pos="X">寄付</wf>
         <wf lemma="から" pos="X">から</wf>
         <wf lemma="支払わ" pos="X">支払わ</wf>
         <wf lemma="れる" pos="X">れる</wf>
         <wf lemma="べき" pos="X">べき</wf>
         <wf lemma="である" pos="X">である</wf>
         <wf lemma="と" pos="X">と</wf>
         <wf lemma="考え" pos="X">考え</wf>
         <wf lemma="て" pos="X">て</wf>
         <wf lemma="いる" pos="X">いる</wf>
         <wf lemma="." pos="X">.</wf>
      </sentence>
      <sentence id="d000.s1436" source="wordnet-japanese">
         <instance id="d000.s1436.t000" lemma="警察" pos="NOUN">警察</instance>
         <wf lemma="が" pos="X">が</wf>
         <wf lemma="彼" pos="X">彼</wf>
         <wf lemma="を" pos="X">を</wf>
         <wf lemma="探し" pos="X">探し</wf>
         <wf lemma="に" pos="X">に</wf>
         <wf lemma="来" pos="X">来</wf>
         <wf lemma="た" pos="X">た</wf>
         <wf lemma="." pos="X">.</wf>
      </sentence>
      <sentence id="d000.s1437" source="wordnet-japanese">
         <wf lemma="彼女" pos="X">彼女</wf>
         <wf lemma="は" pos="X">は</wf>
         <wf lemma="夫" pos="X">夫</wf>
         <wf lemma="を" pos="X">を</wf>
         <wf lemma="深く" pos="X">深く</wf>
         <instance id="d000.s1437.t000" lemma="愛す" pos="VERB">愛し</instance>
         <wf lemma="て" pos="X">て</wf>
         <wf lemma="いる" pos="X">いる</wf>
         <wf lemma="." pos="X">.</wf>
      </sentence>
      <sentence id="d000.s1438" source="wordnet-japanese">
         <wf lemma="私" pos="X">私</wf>
         <wf lemma="は" pos="X">は</wf>
         <wf lemma="一" pos="X">一</wf>
         <wf lemma="時間" pos="X">時間</wf>
         <instance id="d000.s1438.t000" lemma="自由" pos="ADJ">自由</instance>
         <wf lemma="だ" pos="X">だ</wf>
         <wf lemma="." pos="X">.</wf>
      </sentence>
      <sentence id="d000.s1439" source="wordnet-japanese">
         <instance id="d000.s1439.t000" lemma="秘密" pos="ADJ">秘密</instance>
         <wf lemma="の" pos="X">の</wf>
         <wf lemma="庭" pos="X">庭</wf>
         <wf lemma="." pos="X">.</wf>
      </sentence>
      <sentence id="d000.s1440" source="wordnet-japanese">
         <instance id="d000.s1440.t000" lemma="道徳的" pos="ADJ">道徳的</instance>
         <wf lemma="な" pos="X">な</wf>
         <wf lemma="生活" pos="X">生活</wf>
         <wf lemma="." pos="X">.</wf>
      </sentence>
      <sentence id="d000.s1441" source="wordnet-japanese">
         <wf lemma="私" pos="X">私</wf>
         <wf lemma="の" pos="X">の</wf>
         <instance id="d000.s1441.t000" lemma="古い" pos="ADJ">古い</instance>
         <wf lemma="家" pos="X">家</wf>
         <wf lemma="は" pos="X">は</wf>
         <wf lemma="、" pos="X">、</wf>
         <wf lemma="もっと" pos="X">もっと</wf>
         <wf lemma="大きかっ" pos="X">大きかっ</wf>
         <wf lemma="た" pos="X">た</wf>
         <wf lemma="." pos="X">.</wf>
      </sentence>
      <sentence id="d000.s1442" source="wordnet-japanese">
         <wf lemma="兄弟" pos="X">兄弟</wf>
         <wf lemma="姉妹" pos="X">姉妹</wf>
         <wf lemma="は" pos="X">は</wf>
         <wf lemma="常に" pos="X">常に</wf>
         <instance id="d000.s1442.t000" lemma="戦う" pos="VERB">戦っ</instance>
         <wf lemma="て" pos="X">て</wf>
         <wf lemma="いる" pos="X">いる</wf>
         <wf lemma="." pos="X">.</wf>
      </sentence>
      <sentence id="d000.s1443" source="wordnet-japanese">
         <wf lemma="水" pos="X">水</wf>
         <wf lemma="の" pos="X">の</wf>
         <instance id="d000.s1443.t000" lemma="透過性" pos="ADJ">透過性</instance>
         <wf lemma="の" pos="X">の</wf>
         <wf lemma="ある" pos="X">ある</wf>
         <wf lemma="石" pos="X">石</wf>
         <wf lemma="." pos="X">.</wf>
      </sentence>
      <sentence id="d000.s1444" source="wordnet-japanese">
         <wf lemma="英国" pos="X">英国</wf>
         <wf lemma="で" pos="X">で</wf>
         <wf lemma="は" pos="X">は</wf>
         <instance id="d000.s1444.t000" lemma="十億" pos="NOUN">十億</instance>
         <wf lemma="は" pos="X">は</wf>
         <wf lemma="ミリアード" pos="X">ミリアード</wf>
         <wf lemma="という" pos="X">という</wf>
         <wf lemma="." pos="X">.</wf>
      </sentence>
      <sentence id="d000.s1445" source="wordnet-japanese">
         <wf lemma="空中" pos="X">空中</wf>
         <wf lemma="に" pos="X">に</wf>
         <wf lemma="別" pos="X">別</wf>
         <wf lemma="の" pos="X">の</wf>
         <wf lemma="飛行機" pos="X">飛行機</wf>
         <wf lemma="が" pos="X">が</wf>
         <instance id="d000.s1445.t000" lemma="現れる" pos="VERB">現れ</instance>
         <wf lemma="た" pos="X">た</wf>
         <wf lemma="." pos="X">.</wf>
      </sentence>
      <sentence id="d000.s1446" source="wordnet-japanese">
         <wf lemma="私" pos="X">私</wf>
         <wf lemma="は" pos="X">は</wf>
         <wf lemma="兄弟" pos="X">兄弟</wf>
         <wf lemma="の" pos="X">の</wf>
         <instance id="d000.s1446.t000" lemma="キーパー" pos="NOUN">キーパー</instance>
         <wf lemma="です" pos="X">です</wf>
         <wf lemma="か" pos="X">か</wf>
         <wf lemma="?" pos="X">?</wf>
      </sentence>
      <sentence id="d000.s1447" source="wordnet-japanese">
         <instance id="d000.s1447.t000" lemma="アルファ" pos="NOUN">アルファ</instance>
         <wf lemma="と" pos="X">と</wf>
         <wf lemma="オメガ" pos="X">オメガ</wf>
         <wf lemma="、" pos="X">、</wf>
         <wf lemma="最初" pos="X">最初</wf>
         <wf lemma="と" pos="X">と</wf>
         <wf lemma="最後" pos="X">最後</wf>
         <wf lemma="、" pos="X">、</wf>
         <wf lemma="始まり" pos="X">始まり</wf>
         <wf lemma="と" pos="X">と</wf>
         <wf lemma="終わり" pos="X">終わり</wf>
         <wf lemma="−" pos="X">−</wf>
         <wf lemma="黙示録" pos="X">黙示録</wf>
         <wf lemma="." pos="X">.</wf>
      </sentence>
      <sentence id="d000.s1448" source="wordnet-japanese">
         <wf lemma="彼" pos="X">彼</wf>
         <wf lemma="の" pos="X">の</wf>
         <wf lemma="プライバシー" pos="X">プライバシー</wf>
         <wf lemma="を" pos="X">を</wf>
         <instance id="d000.s1448.t000" lemma="尊重" pos="NOUN">尊重</instance>
         <wf lemma="し" pos="X">し</wf>
         <wf lemma="ない" pos="X">ない</wf>
         <wf lemma="で." pos="X">で.</wf>
      </sentence>
      <sentence id="d000.s1449" source="wordnet-japanese">
         <wf lemma="彼ら" pos="X">彼ら</wf>
         <wf lemma="は" pos="X">は</wf>
         <wf lemma="人種" pos="X">人種</wf>
         <wf lemma="関係" pos="X">関係</wf>
         <wf lemma="の" pos="X">の</wf>
         <wf lemma="偏っ" pos="X">偏っ</wf>
         <wf lemma="た" pos="X">た</wf>
         <instance id="d000.s1449.t000" lemma="報道" pos="NOUN">報道</instance>
         <wf lemma="で" pos="X">で</wf>
         <wf lemma="その" pos="X">その</wf>
         <wf lemma="新聞" pos="X">新聞</wf>
         <wf lemma="を" pos="X">を</wf>
         <wf lemma="訴え" pos="X">訴え</wf>
         <wf lemma="た" pos="X">た</wf>
         <wf lemma="." pos="X">.</wf>
      </sentence>
      <sentence id="d000.s1450" source="wordnet-japanese">
         <wf lemma="あなた" pos="X">あなた</wf>
         <wf lemma="は" pos="X">は</wf>
         <wf lemma="、" pos="X">、</wf>
         <wf lemma="料理" pos="X">料理</wf>
         <wf lemma="する" pos="X">する</wf>
         <wf lemma="前" pos="X">前</wf>
         <wf lemma="に" pos="X">に</wf>
         <wf lemma="プルーン" pos="X">プルーン</wf>
         <wf lemma="から" pos="X">から</wf>
         <instance id="d000.s1450.t000" lemma="種" pos="NOUN">種</instance>
         <wf lemma="を" pos="X">を</wf>
         <wf lemma="取り除く" pos="X">取り除く</wf>
         <wf lemma="べき" pos="X">べき</wf>
         <wf lemma="である" pos="X">である</wf>
         <wf lemma="." pos="X">.</wf>
      </sentence>
      <sentence id="d000.s1451" source="wordnet-japanese">
         <instance id="d000.s1451.t000" lemma="短気" pos="ADJ">短気</instance>
         <wf lemma="." pos="X">.</wf>
      </sentence>
      <sentence id="d000.s1452" source="wordnet-japanese">
         <wf lemma="彼" pos="X">彼</wf>
         <wf lemma="の" pos="X">の</wf>
         <wf lemma="中絶" pos="X">中絶</wf>
         <wf lemma="に関する" pos="X">に関する</wf>
         <instance id="d000.s1452.t000" lemma="転換" pos="NOUN">転換</instance>
         <wf lemma="は" pos="X">は</wf>
         <wf lemma="彼" pos="X">彼</wf>
         <wf lemma="の" pos="X">の</wf>
         <wf lemma="選挙" pos="X">選挙</wf>
         <wf lemma="に" pos="X">に</wf>
         <wf lemma="悪い" pos="X">悪い</wf>
         <wf lemma="影響" pos="X">影響</wf>
         <wf lemma="を" pos="X">を</wf>
         <wf lemma="及ぼす" pos="X">及ぼす</wf>
         <wf lemma="." pos="X">.</wf>
      </sentence>
      <sentence id="d000.s1453" source="wordnet-japanese">
         <instance id="d000.s1453.t000" lemma="空腹" pos="ADJ">空腹</instance>
         <wf lemma="な" pos="X">な</wf>
         <wf lemma="人々" pos="X">人々</wf>
         <wf lemma="で" pos="X">で</wf>
         <wf lemma="いっぱい" pos="X">いっぱい</wf>
         <wf lemma="の" pos="X">の</wf>
         <wf lemma="世界" pos="X">世界</wf>
         <wf lemma="." pos="X">.</wf>
      </sentence>
      <sentence id="d000.s1454" source="wordnet-japanese">
         <wf lemma="私" pos="X">私</wf>
         <wf lemma="が" pos="X">が</wf>
         <wf lemma="する" pos="X">する</wf>
         <instance id="d000.s1454.t000" lemma="ずっと" pos="ADV">ずっと</instance>
         <wf lemma="はるか" pos="X">はるか</wf>
         <wf lemma="に" pos="X">に</wf>
         <wf lemma="良い" pos="X">良い</wf>
         <wf lemma="こと" pos="X">こと</wf>
         <wf lemma="." pos="X">.</wf>
      </sentence>
      <sentence id="d000.s1455" source="wordnet-japanese">
         <wf lemma="『" pos="X">『</wf>
         <wf lemma="won't" pos="X">won't</wf>
         <wf lemma="』" pos="X">』</wf>
         <wf lemma="は" pos="X">は</wf>
         <wf lemma="『" pos="X">『</wf>
         <wf lemma="will" pos="X">will</wf>
         <wf lemma="not" pos="X">not</wf>
         <wf lemma="』" pos="X">』</wf>
         <wf lemma="の" pos="X">の</wf>
         <instance id="d000.s1455.t000" lemma="短縮" pos="NOUN">短縮</instance>
         <wf lemma="である" pos="X">である</wf>
         <wf lemma="." pos="X">.</wf>
      </sentence>
      <sentence id="d000.s1456" source="wordnet-japanese">
         <wf lemma="メキシコ" pos="X">メキシコ</wf>
         <wf lemma="と" pos="X">と</wf>
         <wf lemma="米国" pos="X">米国</wf>
         <wf lemma="と" pos="X">と</wf>
         <wf lemma="の" pos="X">の</wf>
         <wf lemma="境界線" pos="X">境界線</wf>
         <wf lemma="と" pos="X">と</wf>
         <wf lemma="し" pos="X">し</wf>
         <wf lemma="て" pos="X">て</wf>
         <wf lemma="の" pos="X">の</wf>
         <wf lemma="リオ" pos="X">リオ</wf>
         <wf lemma="・" pos="X">・</wf>
         <wf lemma="グランデ" pos="X">グランデ</wf>
         <wf lemma="の" pos="X">の</wf>
         <instance id="d000.s1456.t000" lemma="承認" pos="NOUN">承認</instance>
         <wf lemma="." pos="X">.</wf>
      </sentence>
      <sentence id="d000.s1457" source="wordnet-japanese">
         <wf lemma="彼" pos="X">彼</wf>
         <wf lemma="は" pos="X">は</wf>
         <instance id="d000.s1457.t000" lemma="危険" pos="NOUN">危険</instance>
         <wf lemma="を" pos="X">を</wf>
         <wf lemma="脱し" pos="X">脱し</wf>
         <wf lemma="た" pos="X">た</wf>
         <wf lemma="." pos="X">.</wf>
      </sentence>
      <sentence id="d000.s1458" source="wordnet-japanese">
         <wf lemma="空気" pos="X">空気</wf>
         <wf lemma="中" pos="X">中</wf>
         <wf lemma="に" pos="X">に</wf>
         <wf lemma="は" pos="X">は</wf>
         <wf lemma="、" pos="X">、</wf>
         <instance id="d000.s1458.t000" lemma="常に" pos="ADV">常に</instance>
         <wf lemma="何らか" pos="X">何らか</wf>
         <wf lemma="の" pos="X">の</wf>
         <wf lemma="汚染" pos="X">汚染</wf>
         <wf lemma="が" pos="X">が</wf>
         <wf lemma="潜ん" pos="X">潜ん</wf>
         <wf lemma="で" pos="X">で</wf>
         <wf lemma="いる" pos="X">いる</wf>
         <wf lemma="." pos="X">.</wf>
      </sentence>
      <sentence id="d000.s1459" source="wordnet-japanese">
         <wf lemma="あんな" pos="X">あんな</wf>
         <wf lemma="とき" pos="X">とき</wf>
         <wf lemma="に" pos="X">に</wf>
         <wf lemma="頼ん" pos="X">頼ん</wf>
         <wf lemma="だ" pos="X">だ</wf>
         <wf lemma="の" pos="X">の</wf>
         <wf lemma="は" pos="X">は</wf>
         <wf lemma="とんでも" pos="X">とんでも</wf>
         <wf lemma="ない" pos="X">ない</wf>
         <wf lemma="悪" pos="X">悪</wf>
         <instance id="d000.s1459.t000" lemma="趣味" pos="NOUN">趣味</instance>
         <wf lemma="だっ" pos="X">だっ</wf>
         <wf lemma="た" pos="X">た</wf>
         <wf lemma="." pos="X">.</wf>
      </sentence>
      <sentence id="d000.s1460" source="wordnet-japanese">
         <wf lemma="彼女" pos="X">彼女</wf>
         <wf lemma="は" pos="X">は</wf>
         <wf lemma="母親" pos="X">母親</wf>
         <wf lemma="に" pos="X">に</wf>
         <instance id="d000.s1460.t000" lemma="似る" pos="VERB">似</instance>
         <wf lemma="て" pos="X">て</wf>
         <wf lemma="いる" pos="X">いる</wf>
         <wf lemma="." pos="X">.</wf>
      </sentence>
      <sentence id="d000.s1461" source="wordnet-japanese">
         <wf lemma="私" pos="X">私</wf>
         <wf lemma="が" pos="X">が</wf>
         <wf lemma="プール" pos="X">プール</wf>
         <wf lemma="に" pos="X">に</wf>
         <wf lemma="行っ" pos="X">行っ</wf>
         <wf lemma="て" pos="X">て</wf>
         <wf lemma="いる" pos="X">いる</wf>
         <wf lemma="間" pos="X">間</wf>
         <wf lemma="、" pos="X">、</wf>
         <wf lemma="あなた" pos="X">あなた</wf>
         <wf lemma="に" pos="X">に</wf>
         <wf lemma="鍵" pos="X">鍵</wf>
         <wf lemma="を" pos="X">を</wf>
         <instance id="d000.s1461.t000" lemma="預ける" pos="VERB">預ける</instance>
         <wf lemma="こと" pos="X">こと</wf>
         <wf lemma="が" pos="X">が</wf>
         <wf lemma="でき" pos="X">でき</wf>
         <wf lemma="ます" pos="X">ます</wf>
         <wf lemma="か" pos="X">か</wf>
         <wf lemma="？" pos="X">？</wf>
         <wf lemma="." pos="X">.</wf>
      </sentence>
      <sentence id="d000.s1462" source="wordnet-japanese">
         <wf lemma="悪い" pos="X">悪い</wf>
         <wf lemma="魔女" pos="X">魔女</wf>
         <wf lemma="は" pos="X">は</wf>
         <wf lemma="子供" pos="X">子供</wf>
         <wf lemma="を" pos="X">を</wf>
         <instance id="d000.s1462.t000" lemma="呪う" pos="VERB">呪っ</instance>
         <wf lemma="た" pos="X">た</wf>
         <wf lemma="." pos="X">.</wf>
      </sentence>
      <sentence id="d000.s1463" source="wordnet-japanese">
         <wf lemma="彼ら" pos="X">彼ら</wf>
         <wf lemma="は" pos="X">は</wf>
         <wf lemma="カヌー" pos="X">カヌー</wf>
         <wf lemma="を" pos="X">を</wf>
         <instance id="d000.s1463.t000" lemma="岸" pos="NOUN">岸</instance>
         <wf lemma="に" pos="X">に</wf>
         <wf lemma="引き上げ" pos="X">引き上げ</wf>
         <wf lemma="た" pos="X">た</wf>
         <wf lemma="." pos="X">.</wf>
      </sentence>
      <sentence id="d000.s1464" source="wordnet-japanese">
         <wf lemma="彼" pos="X">彼</wf>
         <wf lemma="は" pos="X">は</wf>
         <wf lemma="、" pos="X">、</wf>
         <instance id="d000.s1464.t000" lemma="賢明" pos="ADJ">賢明</instance>
         <wf lemma="な" pos="X">な</wf>
         <wf lemma="質問" pos="X">質問</wf>
         <wf lemma="を" pos="X">を</wf>
         <wf lemma="する" pos="X">する</wf>
         <wf lemma="ほど" pos="X">ほど</wf>
         <wf lemma="、" pos="X">、</wf>
         <wf lemma="観察力" pos="X">観察力</wf>
         <wf lemma="が" pos="X">が</wf>
         <wf lemma="鋭く" pos="X">鋭く</wf>
         <wf lemma="、" pos="X">、</wf>
         <wf lemma="考え" pos="X">考え</wf>
         <wf lemma="深くい" pos="X">深くい</wf>
         <wf lemma="." pos="X">.</wf>
      </sentence>
      <sentence id="d000.s1465" source="wordnet-japanese">
         <wf lemma="彼" pos="X">彼</wf>
         <wf lemma="の" pos="X">の</wf>
         <wf lemma="熱意" pos="X">熱意</wf>
         <wf lemma="は" pos="X">は</wf>
         <wf lemma="相当" pos="X">相当</wf>
         <instance id="d000.s1465.t000" lemma="冷める" pos="VERB">冷め</instance>
         <wf lemma="た" pos="X">た</wf>
         <wf lemma="." pos="X">.</wf>
      </sentence>
      <sentence id="d000.s1466" source="wordnet-japanese">
         <wf lemma="重力" pos="X">重力</wf>
         <wf lemma="は" pos="X">は</wf>
         <wf lemma="距離" pos="X">距離</wf>
         <wf lemma="の" pos="X">の</wf>
         <instance id="d000.s1466.t000" lemma="二乗" pos="NOUN">二乗</instance>
         <wf lemma="に" pos="X">に</wf>
         <wf lemma="反" pos="X">反</wf>
         <wf lemma="比例" pos="X">比例</wf>
         <wf lemma="する" pos="X">する</wf>
         <wf lemma="." pos="X">.</wf>
      </sentence>
      <sentence id="d000.s1467" source="wordnet-japanese">
         <wf lemma="選挙権" pos="X">選挙権</wf>
         <wf lemma="は" pos="X">は</wf>
         <wf lemma="白人" pos="X">白人</wf>
         <wf lemma="の" pos="X">の</wf>
         <wf lemma="成人" pos="X">成人</wf>
         <wf lemma="男性" pos="X">男性</wf>
         <wf lemma="の" pos="X">の</wf>
         <instance id="d000.s1467.t000" lemma="特権" pos="NOUN">特権</instance>
         <wf lemma="だっ" pos="X">だっ</wf>
         <wf lemma="た" pos="X">た</wf>
         <wf lemma="." pos="X">.</wf>
      </sentence>
      <sentence id="d000.s1468" source="wordnet-japanese">
         <wf lemma="彼" pos="X">彼</wf>
         <wf lemma="は" pos="X">は</wf>
         <wf lemma="新" pos="X">新</wf>
         <wf lemma="記録" pos="X">記録</wf>
         <wf lemma="で" pos="X">で</wf>
         <instance id="d000.s1468.t000" lemma="テープ" pos="NOUN">テープ</instance>
         <wf lemma="を" pos="X">を</wf>
         <wf lemma="切っ" pos="X">切っ</wf>
         <wf lemma="た" pos="X">た</wf>
         <wf lemma="." pos="X">.</wf>
      </sentence>
      <sentence id="d000.s1469" source="wordnet-japanese">
         <wf lemma="モーゼ" pos="X">モーゼ</wf>
         <wf lemma="は" pos="X">は</wf>
         <wf lemma="紅海" pos="X">紅海</wf>
         <wf lemma="を" pos="X">を</wf>
         <instance id="d000.s1469.t000" lemma="分ける" pos="VERB">分け</instance>
         <wf lemma="た" pos="X">た</wf>
         <wf lemma="." pos="X">.</wf>
      </sentence>
      <sentence id="d000.s1470" source="wordnet-japanese">
         <wf lemma="簡単" pos="X">簡単</wf>
         <wf lemma="で" pos="X">で</wf>
         <instance id="d000.s1470.t000" lemma="軽快" pos="ADJ">軽快</instance>
         <wf lemma="な" pos="X">な</wf>
         <wf lemma="一歩" pos="X">一歩</wf>
         <wf lemma="." pos="X">.</wf>
      </sentence>
      <sentence id="d000.s1471" source="wordnet-japanese">
         <wf lemma="それ" pos="X">それ</wf>
         <wf lemma="は" pos="X">は</wf>
         <instance id="d000.s1471.t000" lemma="正しさ" pos="NOUN">正しさ</instance>
         <wf lemma="と" pos="X">と</wf>
         <wf lemma="美しさ" pos="X">美しさ</wf>
         <wf lemma="を" pos="X">を</wf>
         <wf lemma="もっ" pos="X">もっ</wf>
         <wf lemma="て" pos="X">て</wf>
         <wf lemma="成し遂げ" pos="X">成し遂げ</wf>
         <wf lemma="られ" pos="X">られ</wf>
         <wf lemma="た" pos="X">た</wf>
         <wf lemma="." pos="X">.</wf>
      </sentence>
      <sentence id="d000.s1472" source="wordnet-japanese">
         <wf lemma="彼" pos="X">彼</wf>
         <wf lemma="は" pos="X">は</wf>
         <wf lemma="他の" pos="X">他の</wf>
         <wf lemma="芸術家" pos="X">芸術家</wf>
         <wf lemma="の" pos="X">の</wf>
         <instance id="d000.s1472.t000" lemma="インスピレーション" pos="NOUN">インスピレーション</instance>
         <wf lemma="に" pos="X">に</wf>
         <wf lemma="は" pos="X">は</wf>
         <wf lemma="ほとんど" pos="X">ほとんど</wf>
         <wf lemma="尊敬" pos="X">尊敬</wf>
         <wf lemma="を" pos="X">を</wf>
         <wf lemma="払わ" pos="X">払わ</wf>
         <wf lemma="なかっ" pos="X">なかっ</wf>
         <wf lemma="た" pos="X">た</wf>
         <wf lemma="." pos="X">.</wf>
      </sentence>
      <sentence id="d000.s1473" source="wordnet-japanese">
         <wf lemma="広い" pos="X">広い</wf>
         <instance id="d000.s1473.t000" lemma="文化的" pos="ADJ">文化的</instance>
         <wf lemma="関心" pos="X">関心</wf>
         <wf lemma="を" pos="X">を</wf>
         <wf lemma="持つ" pos="X">持つ</wf>
         <wf lemma="人" pos="X">人</wf>
         <wf lemma="." pos="X">.</wf>
      </sentence>
      <sentence id="d000.s1474" source="wordnet-japanese">
         <wf lemma="彼" pos="X">彼</wf>
         <wf lemma="は" pos="X">は</wf>
         <wf lemma="、" pos="X">、</wf>
         <wf lemma="評議会" pos="X">評議会</wf>
         <wf lemma="に" pos="X">に</wf>
         <wf lemma="彼" pos="X">彼</wf>
         <wf lemma="の" pos="X">の</wf>
         <wf lemma="懸念" pos="X">懸念</wf>
         <wf lemma="を" pos="X">を</wf>
         <wf lemma="明確" pos="X">明確</wf>
         <wf lemma="に" pos="X">に</wf>
         <instance id="d000.s1474.t000" lemma="述べる" pos="VERB">述べ</instance>
         <wf lemma="た" pos="X">た</wf>
         <wf lemma="." pos="X">.</wf>
      </sentence>
      <sentence id="d000.s1475" source="wordnet-japanese">
         <wf lemma="膨張" pos="X">膨張</wf>
         <wf lemma="し" pos="X">し</wf>
         <wf lemma="た" pos="X">た</wf>
         <instance id="d000.s1475.t000" lemma="ポリスチレン" pos="NOUN">ポリスチレン</instance>
         <wf lemma="は" pos="X">は</wf>
         <wf lemma="硬く" pos="X">硬く</wf>
         <wf lemma="て" pos="X">て</wf>
         <wf lemma="白い" pos="X">白い</wf>
         <wf lemma="泡の" pos="X">泡の</wf>
         <wf lemma="ように" pos="X">ように</wf>
         <wf lemma="見え" pos="X">見え</wf>
         <wf lemma="、" pos="X">、</wf>
         <wf lemma="包装" pos="X">包装</wf>
         <wf lemma="や" pos="X">や</wf>
         <wf lemma="絶縁" pos="X">絶縁</wf>
         <wf lemma="に" pos="X">に</wf>
         <wf lemma="用い" pos="X">用い</wf>
         <wf lemma="られる" pos="X">られる</wf>
         <wf lemma="." pos="X">.</wf>
      </sentence>
      <sentence id="d000.s1476" source="wordnet-japanese">
         <instance id="d000.s1476.t000" lemma="明白" pos="ADJ">明白</instance>
         <wf lemma="な" pos="X">な</wf>
         <wf lemma="事実" pos="X">事実</wf>
         <wf lemma="に" pos="X">に</wf>
         <wf lemma="動き" pos="X">動き</wf>
         <wf lemma="が" pos="X">が</wf>
         <wf lemma="と" pos="X">と</wf>
         <wf lemma="れ" pos="X">れ</wf>
         <wf lemma="ない" pos="X">ない</wf>
         <wf lemma="." pos="X">.</wf>
      </sentence>
      <sentence id="d000.s1477" source="wordnet-japanese">
         <wf lemma="軍" pos="X">軍</wf>
         <wf lemma="の" pos="X">の</wf>
         <instance id="d000.s1477.t000" lemma="秘密" pos="ADJ">秘密</instance>
         <wf lemma="の" pos="X">の</wf>
         <wf lemma="動員" pos="X">動員</wf>
         <wf lemma="." pos="X">.</wf>
      </sentence>
      <sentence id="d000.s1478" source="wordnet-japanese">
         <wf lemma="商業" pos="X">商業</wf>
         <instance id="d000.s1478.t000" lemma="試験" pos="NOUN">試験</instance>
         <wf lemma="の" pos="X">の</wf>
         <wf lemma="ため" pos="X">ため</wf>
         <wf lemma="の" pos="X">の</wf>
         <wf lemma="研究所" pos="X">研究所</wf>
         <wf lemma="が" pos="X">が</wf>
         <wf lemma="ある" pos="X">ある</wf>
         <wf lemma="." pos="X">.</wf>
      </sentence>
      <sentence id="d000.s1479" source="wordnet-japanese">
         <wf lemma="銃" pos="X">銃</wf>
         <wf lemma="の" pos="X">の</wf>
         <instance id="d000.s1479.t000" lemma="識別" pos="NOUN">識別</instance>
         <wf lemma="は" pos="X">は</wf>
         <wf lemma="重要" pos="X">重要</wf>
         <wf lemma="な" pos="X">な</wf>
         <wf lemma="手" pos="X">手</wf>
         <wf lemma="が" pos="X">が</wf>
         <wf lemma="かり" pos="X">かり</wf>
         <wf lemma="だっ" pos="X">だっ</wf>
         <wf lemma="た" pos="X">た</wf>
         <wf lemma="." pos="X">.</wf>
      </sentence>
      <sentence id="d000.s1480" source="wordnet-japanese">
         <wf lemma="彼" pos="X">彼</wf>
         <wf lemma="は" pos="X">は</wf>
         <instance id="d000.s1480.t000" lemma="寒さ" pos="NOUN">寒さ</instance>
         <wf lemma="で" pos="X">で</wf>
         <wf lemma="震え" pos="X">震え</wf>
         <wf lemma="た" pos="X">た</wf>
         <wf lemma="." pos="X">.</wf>
      </sentence>
      <sentence id="d000.s1481" source="wordnet-japanese">
         <wf lemma="日本" pos="X">日本</wf>
         <wf lemma="の" pos="X">の</wf>
         <wf lemma="産業" pos="X">産業</wf>
         <instance id="d000.s1481.t000" lemma="基盤" pos="NOUN">基盤</instance>
         <wf lemma="." pos="X">.</wf>
      </sentence>
      <sentence id="d000.s1482" source="wordnet-japanese">
         <wf lemma="種子" pos="X">種子</wf>
         <wf lemma="の" pos="X">の</wf>
         <instance id="d000.s1482.t000" lemma="生命力" pos="NOUN">生命力</instance>
         <wf lemma="." pos="X">.</wf>
      </sentence>
      <sentence id="d000.s1483" source="wordnet-japanese">
         <instance id="d000.s1483.t000" lemma="リズミカル" pos="ADV">リズミカル</instance>
         <wf lemma="に" pos="X">に</wf>
         <wf lemma="前後" pos="X">前後</wf>
         <wf lemma="に" pos="X">に</wf>
         <wf lemma="揺れる" pos="X">揺れる</wf>
         <wf lemma="いす" pos="X">いす</wf>
         <wf lemma="." pos="X">.</wf>
      </sentence>
      <sentence id="d000.s1484" source="wordnet-japanese">
         <wf lemma="彼" pos="X">彼</wf>
         <wf lemma="は" pos="X">は</wf>
         <wf lemma="、" pos="X">、</wf>
         <wf lemma="見" pos="X">見</wf>
         <wf lemma="かけ" pos="X">かけ</wf>
         <wf lemma="ほど" pos="X">ほど</wf>
         <instance id="d000.s1484.t000" lemma="正直" pos="ADJ">正直</instance>
         <wf lemma="で" pos="X">で</wf>
         <wf lemma="は" pos="X">は</wf>
         <wf lemma="ない" pos="X">ない</wf>
         <wf lemma="." pos="X">.</wf>
      </sentence>
      <sentence id="d000.s1485" source="wordnet-japanese">
         <wf lemma="彼" pos="X">彼</wf>
         <wf lemma="は" pos="X">は</wf>
         <wf lemma="右翼" pos="X">右翼</wf>
         <wf lemma="の" pos="X">の</wf>
         <instance id="d000.s1485.t000" lemma="コーナー" pos="NOUN">コーナー</instance>
         <wf lemma="を" pos="X">を</wf>
         <wf lemma="3" pos="X">3</wf>
         <wf lemma="倍" pos="X">倍</wf>
         <wf lemma="に" pos="X">に</wf>
         <wf lemma="し" pos="X">し</wf>
         <wf lemma="た" pos="X">た</wf>
         <wf lemma="." pos="X">.</wf>
      </sentence>
      <sentence id="d000.s1486" source="wordnet-japanese">
         <instance id="d000.s1486.t000" lemma="早い" pos="ADJ">早い</instance>
         <wf lemma="死." pos="X">死.</wf>
      </sentence>
      <sentence id="d000.s1487" source="wordnet-japanese">
         <wf lemma="彼" pos="X">彼</wf>
         <wf lemma="は" pos="X">は</wf>
         <wf lemma="仕事" pos="X">仕事</wf>
         <wf lemma="に" pos="X">に</wf>
         <wf lemma="行く" pos="X">行く</wf>
         <wf lemma="の" pos="X">の</wf>
         <wf lemma="に" pos="X">に</wf>
         <instance id="d000.s1487.t000" lemma="車" pos="NOUN">車</instance>
         <wf lemma="が" pos="X">が</wf>
         <wf lemma="いる" pos="X">いる</wf>
         <wf lemma="." pos="X">.</wf>
      </sentence>
      <sentence id="d000.s1488" source="wordnet-japanese">
         <wf lemma="個人" pos="X">個人</wf>
         <wf lemma="の" pos="X">の</wf>
         <wf lemma="自由" pos="X">自由</wf>
         <wf lemma="の" pos="X">の</wf>
         <instance id="d000.s1488.t000" lemma="不当" pos="ADJ">不当</instance>
         <wf lemma="な" pos="X">な</wf>
         <wf lemma="制限" pos="X">制限</wf>
         <wf lemma="." pos="X">.</wf>
      </sentence>
      <sentence id="d000.s1489" source="wordnet-japanese">
         <wf lemma="新しい" pos="X">新しい</wf>
         <wf lemma="プロジェクト" pos="X">プロジェクト</wf>
         <wf lemma="に" pos="X">に</wf>
         <instance id="d000.s1489.t000" lemma="乗り出す" pos="VERB">乗り出す</instance>
         <wf lemma="." pos="X">.</wf>
      </sentence>
      <sentence id="d000.s1490" source="wordnet-japanese">
         <wf lemma="単なる" pos="X">単なる</wf>
         <instance id="d000.s1490.t000" lemma="一時的" pos="ADJ">一時的</instance>
         <wf lemma="スケジュール" pos="X">スケジュール</wf>
         <wf lemma="." pos="X">.</wf>
      </sentence>
      <sentence id="d000.s1491" source="wordnet-japanese">
         <wf lemma="ラップ" pos="X">ラップ</wf>
         <wf lemma="は" pos="X">は</wf>
         <wf lemma="十代" pos="X">十代</wf>
         <wf lemma="の" pos="X">の</wf>
         <wf lemma="少年" pos="X">少年</wf>
         <wf lemma="の" pos="X">の</wf>
         <wf lemma="間" pos="X">間</wf>
         <wf lemma="で" pos="X">で</wf>
         <instance id="d000.s1491.t000" lemma="普遍的" pos="ADJ">普遍的</instance>
         <wf lemma="な" pos="X">な</wf>
         <wf lemma="魅力" pos="X">魅力</wf>
         <wf lemma="を" pos="X">を</wf>
         <wf lemma="もつ." pos="X">もつ.</wf>
      </sentence>
      <sentence id="d000.s1492" source="wordnet-japanese">
         <wf lemma="この" pos="X">この</wf>
         <wf lemma="車" pos="X">車</wf>
         <wf lemma="は" pos="X">は</wf>
         <wf lemma="、" pos="X">、</wf>
         <wf lemma="この" pos="X">この</wf>
         <wf lemma="クラス" pos="X">クラス</wf>
         <wf lemma="の" pos="X">の</wf>
         <wf lemma="他車" pos="X">他車</wf>
         <wf lemma="より" pos="X">より</wf>
         <wf lemma="も" pos="X">も</wf>
         <instance id="d000.s1492.t000" lemma="優れる" pos="VERB">優れ</instance>
         <wf lemma="て" pos="X">て</wf>
         <wf lemma="いる" pos="X">いる</wf>
         <wf lemma="." pos="X">.</wf>
      </sentence>
      <sentence id="d000.s1493" source="wordnet-japanese">
         <wf lemma="すべて" pos="X">すべて</wf>
         <wf lemma="の" pos="X">の</wf>
         <instance id="d000.s1493.t000" lemma="立派" pos="ADJ">立派</instance>
         <wf lemma="な" pos="X">な</wf>
         <wf lemma="会社" pos="X">会社</wf>
         <wf lemma="は" pos="X">は</wf>
         <wf lemma="保証" pos="X">保証</wf>
         <wf lemma="を" pos="X">を</wf>
         <wf lemma="与える" pos="X">与える</wf>
         <wf lemma="." pos="X">.</wf>
      </sentence>
      <sentence id="d000.s1494" source="wordnet-japanese">
         <wf lemma="『" pos="X">『</wf>
         <wf lemma="席" pos="X">席</wf>
         <wf lemma="を" pos="X">を</wf>
         <instance id="d000.s1494.t000" lemma="譲る" pos="VERB">譲り</instance>
         <wf lemma="なさい" pos="X">なさい</wf>
         <wf lemma="』" pos="X">』</wf>
         <wf lemma="と" pos="X">と</wf>
         <wf lemma="、" pos="X">、</wf>
         <wf lemma="彼" pos="X">彼</wf>
         <wf lemma="が" pos="X">が</wf>
         <wf lemma="群衆" pos="X">群衆</wf>
         <wf lemma="に" pos="X">に</wf>
         <wf lemma="話し" pos="X">話し</wf>
         <wf lemma="た" pos="X">た</wf>
         <wf lemma="." pos="X">.</wf>
      </sentence>
      <sentence id="d000.s1495" source="wordnet-japanese">
         <wf lemma="新鮮" pos="X">新鮮</wf>
         <wf lemma="な" pos="X">な</wf>
         <wf lemma="脂肪" pos="X">脂肪</wf>
         <wf lemma="は" pos="X">は</wf>
         <wf lemma="脂肪酸" pos="X">脂肪酸</wf>
         <wf lemma="と" pos="X">と</wf>
         <wf lemma="とても" pos="X">とても</wf>
         <wf lemma="少し" pos="X">少し</wf>
         <wf lemma="の" pos="X">の</wf>
         <wf lemma="遊離酸" pos="X">遊離酸</wf>
         <wf lemma="の" pos="X">の</wf>
         <instance id="d000.s1495.t000" lemma="グリセリド" pos="NOUN">グリセリド</instance>
         <wf lemma="を" pos="X">を</wf>
         <wf lemma="含む" pos="X">含む</wf>
         <wf lemma="." pos="X">.</wf>
      </sentence>
      <sentence id="d000.s1496" source="wordnet-japanese">
         <wf lemma="まだ" pos="X">まだ</wf>
         <instance id="d000.s1496.t000" lemma="食べる" pos="VERB">食べ</instance>
         <wf lemma="て" pos="X">て</wf>
         <wf lemma="い" pos="X">い</wf>
         <wf lemma="なかっ" pos="X">なかっ</wf>
         <wf lemma="た" pos="X">た</wf>
         <wf lemma="ので" pos="X">ので</wf>
         <wf lemma="、" pos="X">、</wf>
         <wf lemma="私" pos="X">私</wf>
         <wf lemma="は" pos="X">は</wf>
         <wf lemma="喜ん" pos="X">喜ん</wf>
         <wf lemma="で" pos="X">で</wf>
         <wf lemma="あなた" pos="X">あなた</wf>
         <wf lemma="の" pos="X">の</wf>
         <wf lemma="招待" pos="X">招待</wf>
         <wf lemma="に" pos="X">に</wf>
         <wf lemma="応じる" pos="X">応じる</wf>
         <wf lemma="." pos="X">.</wf>
      </sentence>
      <sentence id="d000.s1497" source="wordnet-japanese">
         <wf lemma="これ" pos="X">これ</wf>
         <wf lemma="は" pos="X">は</wf>
         <instance id="d000.s1497.t000" lemma="歴史的" pos="ADV">歴史的</instance>
         <wf lemma="に" pos="X">に</wf>
         <wf lemma="興味深い" pos="X">興味深い</wf>
         <wf lemma="." pos="X">.</wf>
      </sentence>
      <sentence id="d000.s1498" source="wordnet-japanese">
         <wf lemma="海中" pos="X">海中</wf>
         <wf lemma="ダイバー" pos="X">ダイバー</wf>
         <wf lemma="の" pos="X">の</wf>
         <instance id="d000.s1498.t000" lemma="危険" pos="ADJ">危険</instance>
         <wf lemma="な" pos="X">な</wf>
         <wf lemma="人生" pos="X">人生</wf>
         <wf lemma="." pos="X">.</wf>
      </sentence>
      <sentence id="d000.s1499" source="wordnet-japanese">
         <wf lemma="この" pos="X">この</wf>
         <wf lemma="錠剤" pos="X">錠剤</wf>
         <wf lemma="は" pos="X">は</wf>
         <wf lemma="、" pos="X">、</wf>
         <wf lemma="あなた" pos="X">あなた</wf>
         <wf lemma="の" pos="X">の</wf>
         <wf lemma="頭痛" pos="X">頭痛</wf>
         <wf lemma="を" pos="X">を</wf>
         <instance id="d000.s1499.t000" lemma="和らげる" pos="VERB">和らげる</instance>
         <wf lemma="." pos="X">.</wf>
      </sentence>
      <sentence id="d000.s1500" source="wordnet-japanese">
         <wf lemma="彼" pos="X">彼</wf>
         <wf lemma="は" pos="X">は</wf>
         <wf lemma="かご" pos="X">かご</wf>
         <wf lemma="編み" pos="X">編み</wf>
         <wf lemma="の" pos="X">の</wf>
         <instance id="d000.s1500.t000" lemma="コース" pos="NOUN">コース</instance>
         <wf lemma="を" pos="X">を</wf>
         <wf lemma="取っ" pos="X">取っ</wf>
         <wf lemma="た" pos="X">た</wf>
         <wf lemma="." pos="X">.</wf>
      </sentence>
      <sentence id="d000.s1501" source="wordnet-japanese">
         <wf lemma="しみ" pos="X">しみ</wf>
         <wf lemma="一" pos="X">一</wf>
         <wf lemma="つ" pos="X">つ</wf>
         <wf lemma="なく" pos="X">なく</wf>
         <instance id="d000.s1501.t000" lemma="きれい" pos="ADJ">きれい</instance>
         <wf lemma="な" pos="X">な</wf>
         <wf lemma="家" pos="X">家</wf>
         <wf lemma="." pos="X">.</wf>
      </sentence>
      <sentence id="d000.s1502" source="wordnet-japanese">
         <wf lemma="彼" pos="X">彼</wf>
         <wf lemma="は" pos="X">は</wf>
         <wf lemma="彼" pos="X">彼</wf>
         <wf lemma="の" pos="X">の</wf>
         <wf lemma="仲間" pos="X">仲間</wf>
         <wf lemma="囚人" pos="X">囚人</wf>
         <wf lemma="の" pos="X">の</wf>
         <instance id="d000.s1502.t000" lemma="単調" pos="NOUN">単調</instance>
         <wf lemma="さ" pos="X">さ</wf>
         <wf lemma="に" pos="X">に</wf>
         <wf lemma="うんざり" pos="X">うんざり</wf>
         <wf lemma="し" pos="X">し</wf>
         <wf lemma="て" pos="X">て</wf>
         <wf lemma="い" pos="X">い</wf>
         <wf lemma="た" pos="X">た</wf>
         <wf lemma="." pos="X">.</wf>
      </sentence>
      <sentence id="d000.s1503" source="wordnet-japanese">
         <wf lemma="老齢期" pos="X">老齢期</wf>
         <wf lemma="で" pos="X">で</wf>
         <instance id="d000.s1503.t000" lemma="不活発" pos="ADJ">不活発</instance>
         <wf lemma="に" pos="X">に</wf>
         <wf lemma="育つ" pos="X">育つ</wf>
         <wf lemma="心" pos="X">心</wf>
         <wf lemma="." pos="X">.</wf>
      </sentence>
      <sentence id="d000.s1504" source="wordnet-japanese">
         <wf lemma="私" pos="X">私</wf>
         <wf lemma="は" pos="X">は</wf>
         <wf lemma="自分" pos="X">自分</wf>
         <wf lemma="の" pos="X">の</wf>
         <wf lemma="行動" pos="X">行動</wf>
         <wf lemma="に" pos="X">に</wf>
         <wf lemma="一定" pos="X">一定</wf>
         <wf lemma="の" pos="X">の</wf>
         <instance id="d000.s1504.t000" lemma="制限" pos="NOUN">制限</instance>
         <wf lemma="を" pos="X">を</wf>
         <wf lemma="設ける" pos="X">設ける</wf>
         <wf lemma="こと" pos="X">こと</wf>
         <wf lemma="を" pos="X">を</wf>
         <wf lemma="喜ん" pos="X">喜ん</wf>
         <wf lemma="で" pos="X">で</wf>
         <wf lemma="受け入れる" pos="X">受け入れる</wf>
         <wf lemma="." pos="X">.</wf>
      </sentence>
      <sentence id="d000.s1505" source="wordnet-japanese">
         <wf lemma="早め" pos="X">早め</wf>
         <wf lemma="の" pos="X">の</wf>
         <wf lemma="出発" pos="X">出発</wf>
         <wf lemma="は" pos="X">は</wf>
         <wf lemma="、" pos="X">、</wf>
         <wf lemma="我々" pos="X">我々</wf>
         <wf lemma="にとって" pos="X">にとって</wf>
         <instance id="d000.s1505.t000" lemma="不都合" pos="ADJ">不都合</instance>
         <wf lemma="である" pos="X">である</wf>
         <wf lemma="." pos="X">.</wf>
      </sentence>
      <sentence id="d000.s1506" source="wordnet-japanese">
         <wf lemma="殺人者" pos="X">殺人者</wf>
         <wf lemma="は" pos="X">は</wf>
         <wf lemma="、" pos="X">、</wf>
         <instance id="d000.s1506.t000" lemma="遺体" pos="NOUN">遺体</instance>
         <wf lemma="を" pos="X">を</wf>
         <wf lemma="川" pos="X">川</wf>
         <wf lemma="に" pos="X">に</wf>
         <wf lemma="投げ捨て" pos="X">投げ捨て</wf>
         <wf lemma="た" pos="X">た</wf>
         <wf lemma="こと" pos="X">こと</wf>
         <wf lemma="を" pos="X">を</wf>
         <wf lemma="自供" pos="X">自供</wf>
         <wf lemma="し" pos="X">し</wf>
         <wf lemma="た" pos="X">た</wf>
         <wf lemma="." pos="X">.</wf>
      </sentence>
      <sentence id="d000.s1507" source="wordnet-japanese">
         <wf lemma="神" pos="X">神</wf>
         <wf lemma="は" pos="X">は</wf>
         <wf lemma="それら" pos="X">それら</wf>
         <wf lemma="の" pos="X">の</wf>
         <wf lemma="罪" pos="X">罪</wf>
         <wf lemma="を" pos="X">を</wf>
         <instance id="d000.s1507.t000" lemma="許す" pos="VERB">許す</instance>
         <wf lemma="." pos="X">.</wf>
      </sentence>
      <sentence id="d000.s1508" source="wordnet-japanese">
         <wf lemma="人類学者" pos="X">人類学者</wf>
         <wf lemma="は" pos="X">は</wf>
         <wf lemma="原" pos="X">原</wf>
         <wf lemma="住民" pos="X">住民</wf>
         <wf lemma="の" pos="X">の</wf>
         <wf lemma="ことわざ" pos="X">ことわざ</wf>
         <wf lemma="の" pos="X">の</wf>
         <instance id="d000.s1508.t000" lemma="深遠" pos="NOUN">深遠</instance>
         <wf lemma="さ" pos="X">さ</wf>
         <wf lemma="に" pos="X">に</wf>
         <wf lemma="感銘" pos="X">感銘</wf>
         <wf lemma="を" pos="X">を</wf>
         <wf lemma="受け" pos="X">受け</wf>
         <wf lemma="た" pos="X">た</wf>
         <wf lemma="." pos="X">.</wf>
      </sentence>
      <sentence id="d000.s1509" source="wordnet-japanese">
         <wf lemma="彼" pos="X">彼</wf>
         <wf lemma="は" pos="X">は</wf>
         <wf lemma="警備員" pos="X">警備員</wf>
         <wf lemma="を" pos="X">を</wf>
         <wf lemma="殺し" pos="X">殺し</wf>
         <wf lemma="て" pos="X">て</wf>
         <instance id="d000.s1509.t000" lemma="終身刑" pos="NOUN">終身刑</instance>
         <wf lemma="を" pos="X">を</wf>
         <wf lemma="受け" pos="X">受け</wf>
         <wf lemma="た" pos="X">た</wf>
         <wf lemma="." pos="X">.</wf>
      </sentence>
      <sentence id="d000.s1510" source="wordnet-japanese">
         <wf lemma="あなた" pos="X">あなた</wf>
         <wf lemma="は" pos="X">は</wf>
         <wf lemma="60" pos="X">60</wf>
         <wf lemma="歳" pos="X">歳</wf>
         <wf lemma="を" pos="X">を</wf>
         <wf lemma="過ぎ" pos="X">過ぎ</wf>
         <wf lemma="て" pos="X">て</wf>
         <wf lemma="も" pos="X">も</wf>
         <instance id="d000.s1510.t000" lemma="働く" pos="VERB">働き</instance>
         <wf lemma="たいです" pos="X">たいです</wf>
         <wf lemma="か" pos="X">か</wf>
         <wf lemma="？" pos="X">？</wf>
         <wf lemma="." pos="X">.</wf>
      </sentence>
      <sentence id="d000.s1511" source="wordnet-japanese">
         <wf lemma="それら" pos="X">それら</wf>
         <wf lemma="の" pos="X">の</wf>
         <wf lemma="飛行機" pos="X">飛行機</wf>
         <wf lemma="は" pos="X">は</wf>
         <wf lemma="爆撃" pos="X">爆撃</wf>
         <instance id="d000.s1511.t000" lemma="任務" pos="NOUN">任務</instance>
         <wf lemma="に" pos="X">に</wf>
         <wf lemma="就い" pos="X">就い</wf>
         <wf lemma="て" pos="X">て</wf>
         <wf lemma="い" pos="X">い</wf>
         <wf lemma="た" pos="X">た</wf>
         <wf lemma="." pos="X">.</wf>
      </sentence>
      <sentence id="d000.s1512" source="wordnet-japanese">
         <instance id="d000.s1512.t000" lemma="悪い" pos="ADJ">悪い</instance>
         <wf lemma="投資" pos="X">投資</wf>
         <wf lemma="." pos="X">.</wf>
      </sentence>
      <sentence id="d000.s1513" source="wordnet-japanese">
         <wf lemma="学生" pos="X">学生</wf>
         <wf lemma="は" pos="X">は</wf>
         <wf lemma="、" pos="X">、</wf>
         <wf lemma="未熟" pos="X">未熟</wf>
         <wf lemma="な" pos="X">な</wf>
         <wf lemma="先生" pos="X">先生</wf>
         <wf lemma="を" pos="X">を</wf>
         <instance id="d000.s1513.t000" lemma="からかう" pos="VERB">からかっ</instance>
         <wf lemma="た" pos="X">た</wf>
         <wf lemma="." pos="X">.</wf>
      </sentence>
      <sentence id="d000.s1514" source="wordnet-japanese">
         <wf lemma="大臣" pos="X">大臣</wf>
         <wf lemma="は" pos="X">は</wf>
         <wf lemma="長年" pos="X">長年</wf>
         <wf lemma="王" pos="X">王</wf>
         <wf lemma="に" pos="X">に</wf>
         <instance id="d000.s1514.t000" lemma="仕える" pos="VERB">仕え</instance>
         <wf lemma="た" pos="X">た</wf>
         <wf lemma="." pos="X">.</wf>
      </sentence>
      <sentence id="d000.s1515" source="wordnet-japanese">
         <wf lemma="彼" pos="X">彼</wf>
         <wf lemma="は" pos="X">は</wf>
         <instance id="d000.s1515.t000" lemma="手" pos="NOUN">手</instance>
         <wf lemma="を" pos="X">を</wf>
         <wf lemma="伸ばし" pos="X">伸ばし</wf>
         <wf lemma="た" pos="X">た</wf>
         <wf lemma="." pos="X">.</wf>
      </sentence>
      <sentence id="d000.s1516" source="wordnet-japanese">
         <wf lemma="彼女" pos="X">彼女</wf>
         <wf lemma="は" pos="X">は</wf>
         <wf lemma="話" pos="X">話</wf>
         <wf lemma="を" pos="X">を</wf>
         <wf lemma="する" pos="X">する</wf>
         <wf lemma="ため" pos="X">ため</wf>
         <wf lemma="に" pos="X">に</wf>
         <wf lemma="立ち去る" pos="X">立ち去る</wf>
         <wf lemma="こと" pos="X">こと</wf>
         <wf lemma="を" pos="X">を</wf>
         <instance id="d000.s1516.t000" lemma="許可" pos="NOUN">許可</instance>
         <wf lemma="さ" pos="X">さ</wf>
         <wf lemma="れ" pos="X">れ</wf>
         <wf lemma="た" pos="X">た</wf>
         <wf lemma="." pos="X">.</wf>
      </sentence>
      <sentence id="d000.s1517" source="wordnet-japanese">
         <instance id="d000.s1517.t000" lemma="不当" pos="ADJ">不当</instance>
         <wf lemma="な" pos="X">な</wf>
         <wf lemma="裁判官" pos="X">裁判官</wf>
         <wf lemma="." pos="X">.</wf>
      </sentence>
      <sentence id="d000.s1518" source="wordnet-japanese">
         <wf lemma="ヨーロッパ" pos="X">ヨーロッパ</wf>
         <wf lemma="の" pos="X">の</wf>
         <wf lemma="歴史" pos="X">歴史</wf>
         <wf lemma="の" pos="X">の</wf>
         <instance id="d000.s1518.t000" lemma="タペストリー" pos="NOUN">タペストリー</instance>
         <wf lemma="." pos="X">.</wf>
      </sentence>
      <sentence id="d000.s1519" source="wordnet-japanese">
         <wf lemma="あらゆる" pos="X">あらゆる</wf>
         <wf lemma="問題" pos="X">問題</wf>
         <wf lemma="へ" pos="X">へ</wf>
         <wf lemma="の" pos="X">の</wf>
         <wf lemma="彼" pos="X">彼</wf>
         <wf lemma="の" pos="X">の</wf>
         <instance id="d000.s1519.t000" lemma="アプローチ" pos="NOUN">アプローチ</instance>
         <wf lemma="は" pos="X">は</wf>
         <wf lemma="、" pos="X">、</wf>
         <wf lemma="賛否" pos="X">賛否</wf>
         <wf lemma="の" pos="X">の</wf>
         <wf lemma="リスト" pos="X">リスト</wf>
         <wf lemma="を" pos="X">を</wf>
         <wf lemma="作成" pos="X">作成</wf>
         <wf lemma="する" pos="X">する</wf>
         <wf lemma="こと" pos="X">こと</wf>
         <wf lemma="である" pos="X">である</wf>
         <wf lemma="." pos="X">.</wf>
      </sentence>
      <sentence id="d000.s1520" source="wordnet-japanese">
         <wf lemma="花粉" pos="X">花粉</wf>
         <wf lemma="に" pos="X">に</wf>
         <instance id="d000.s1520.t000" lemma="過敏" pos="ADJ">過敏</instance>
         <wf lemma="な" pos="X">な</wf>
         <wf lemma="." pos="X">.</wf>
      </sentence>
      <sentence id="d000.s1521" source="wordnet-japanese">
         <wf lemma="あなた" pos="X">あなた</wf>
         <wf lemma="の" pos="X">の</wf>
         <wf lemma="棚" pos="X">棚</wf>
         <wf lemma="の" pos="X">の</wf>
         <wf lemma="本" pos="X">本</wf>
         <wf lemma="を" pos="X">を</wf>
         <instance id="d000.s1521.t000" lemma="数える" pos="VERB">数える</instance>
         <wf lemma="こと" pos="X">こと</wf>
         <wf lemma="が" pos="X">が</wf>
         <wf lemma="できる" pos="X">できる</wf>
         <wf lemma="か" pos="X">か</wf>
         <wf lemma="." pos="X">.</wf>
      </sentence>
      <sentence id="d000.s1522" source="wordnet-japanese">
         <instance id="d000.s1522.t000" lemma="持ち寄り" pos="NOUN">持ち寄り</instance>
         <wf lemma="宴会" pos="X">宴会</wf>
         <wf lemma="." pos="X">.</wf>
      </sentence>
      <sentence id="d000.s1523" source="wordnet-japanese">
         <wf lemma="パルテノン" pos="X">パルテノン</wf>
         <wf lemma="の" pos="X">の</wf>
         <instance id="d000.s1523.t000" lemma="略奪" pos="NOUN">略奪</instance>
         <wf lemma="." pos="X">.</wf>
      </sentence>
      <sentence id="d000.s1524" source="wordnet-japanese">
         <wf lemma="それ" pos="X">それ</wf>
         <wf lemma="は" pos="X">は</wf>
         <instance id="d000.s1524.t000" lemma="時代" pos="NOUN">時代</instance>
         <wf lemma="の" pos="X">の</wf>
         <wf lemma="印" pos="X">印</wf>
         <wf lemma="であっ" pos="X">であっ</wf>
         <wf lemma="た" pos="X">た</wf>
         <wf lemma="." pos="X">.</wf>
      </sentence>
      <sentence id="d000.s1525" source="wordnet-japanese">
         <instance id="d000.s1525.t000" lemma="賢明" pos="ADJ">賢明</instance>
         <wf lemma="な" pos="X">な</wf>
         <wf lemma="決断" pos="X">決断</wf>
         <wf lemma="." pos="X">.</wf>
      </sentence>
      <sentence id="d000.s1526" source="wordnet-japanese">
         <instance id="d000.s1526.t000" lemma="肯定的" pos="ADJ">肯定的</instance>
         <wf lemma="な" pos="X">な</wf>
         <wf lemma="うなずき" pos="X">うなずき</wf>
         <wf lemma="." pos="X">.</wf>
      </sentence>
      <sentence id="d000.s1527" source="wordnet-japanese">
         <wf lemma="彼" pos="X">彼</wf>
         <wf lemma="は" pos="X">は</wf>
         <wf lemma="キリスト" pos="X">キリスト</wf>
         <wf lemma="を" pos="X">を</wf>
         <instance id="d000.s1527.t000" lemma="受け入れる" pos="VERB">受け入れ</instance>
         <wf lemma="た" pos="X">た</wf>
         <wf lemma="." pos="X">.</wf>
      </sentence>
      <sentence id="d000.s1528" source="wordnet-japanese">
         <wf lemma="他の" pos="X">他の</wf>
         <wf lemma="子供" pos="X">子供</wf>
         <wf lemma="たち" pos="X">たち</wf>
         <wf lemma="は" pos="X">は</wf>
         <wf lemma="男の子" pos="X">男の子</wf>
         <wf lemma="を" pos="X">を</wf>
         <instance id="d000.s1528.t000" lemma="けしかける" pos="VERB">けしかけ</instance>
         <wf lemma="た" pos="X">た</wf>
         <wf lemma="が" pos="X">が</wf>
         <wf lemma="、" pos="X">、</wf>
         <wf lemma="彼" pos="X">彼</wf>
         <wf lemma="は" pos="X">は</wf>
         <wf lemma="窓" pos="X">窓</wf>
         <wf lemma="から" pos="X">から</wf>
         <wf lemma="石" pos="X">石</wf>
         <wf lemma="を" pos="X">を</wf>
         <wf lemma="放り投げ" pos="X">放り投げ</wf>
         <wf lemma="たく" pos="X">たく</wf>
         <wf lemma="なかっ" pos="X">なかっ</wf>
         <wf lemma="た" pos="X">た</wf>
         <wf lemma="." pos="X">.</wf>
      </sentence>
      <sentence id="d000.s1529" source="wordnet-japanese">
         <wf lemma="それら" pos="X">それら</wf>
         <wf lemma="は" pos="X">は</wf>
         <instance id="d000.s1529.t000" lemma="風上" pos="ADV">風上</instance>
         <wf lemma="に" pos="X">に</wf>
         <wf lemma="向かっ" pos="X">向かっ</wf>
         <wf lemma="て" pos="X">て</wf>
         <wf lemma="帆走" pos="X">帆走</wf>
         <wf lemma="し" pos="X">し</wf>
         <wf lemma="て" pos="X">て</wf>
         <wf lemma="い" pos="X">い</wf>
         <wf lemma="た" pos="X">た</wf>
         <wf lemma="." pos="X">.</wf>
      </sentence>
      <sentence id="d000.s1530" source="wordnet-japanese">
         <wf lemma="足" pos="X">足</wf>
         <wf lemma="の" pos="X">の</wf>
         <instance id="d000.s1530.t000" lemma="外転" pos="NOUN">外転</instance>
         <wf lemma="." pos="X">.</wf>
      </sentence>
      <sentence id="d000.s1531" source="wordnet-japanese">
         <instance id="d000.s1531.t000" lemma="もろい" pos="ADJ">もろい</instance>
         <wf lemma="工芸" pos="X">工芸</wf>
         <wf lemma="." pos="X">.</wf>
      </sentence>
      <sentence id="d000.s1532" source="wordnet-japanese">
         <wf lemma="特定" pos="X">特定</wf>
         <wf lemma="の" pos="X">の</wf>
         <instance id="d000.s1532.t000" lemma="無礼" pos="ADJ">無礼</instance>
         <wf lemma="な" pos="X">な</wf>
         <wf lemma="陽気" pos="X">陽気</wf>
         <wf lemma="さ" pos="X">さ</wf>
         <wf lemma="と" pos="X">と</wf>
         <wf lemma="態度" pos="X">態度</wf>
         <wf lemma="の" pos="X">の</wf>
         <wf lemma="緩和" pos="X">緩和</wf>
         <wf lemma="." pos="X">.</wf>
      </sentence>
      <sentence id="d000.s1533" source="wordnet-japanese">
         <wf lemma="さらなる" pos="X">さらなる</wf>
         <instance id="d000.s1533.t000" lemma="読書" pos="NOUN">読書</instance>
         <wf lemma="を" pos="X">を</wf>
         <wf lemma="する" pos="X">する</wf>
         <wf lemma="提案" pos="X">提案</wf>
         <wf lemma="." pos="X">.</wf>
      </sentence>
      <sentence id="d000.s1534" source="wordnet-japanese">
         <instance id="d000.s1534.t000" lemma="下劣" pos="ADJ">下劣</instance>
         <wf lemma="な" pos="X">な</wf>
         <wf lemma="こそ" pos="X">こそ</wf>
         <wf lemma="泥" pos="X">泥</wf>
         <wf lemma="." pos="X">.</wf>
      </sentence>
      <sentence id="d000.s1535" source="wordnet-japanese">
         <wf lemma="彼ら" pos="X">彼ら</wf>
         <wf lemma="は" pos="X">は</wf>
         <instance id="d000.s1535.t000" lemma="再び" pos="ADV">再び</instance>
         <wf lemma="その" pos="X">その</wf>
         <wf lemma="場面" pos="X">場面</wf>
         <wf lemma="を" pos="X">を</wf>
         <wf lemma="リハーサル" pos="X">リハーサル</wf>
         <wf lemma="し" pos="X">し</wf>
         <wf lemma="た" pos="X">た</wf>
         <wf lemma="." pos="X">.</wf>
      </sentence>
      <sentence id="d000.s1536" source="wordnet-japanese">
         <wf lemma="十七" pos="X">十七</wf>
         <wf lemma="年蝉" pos="X">年蝉</wf>
         <wf lemma="の" pos="X">の</wf>
         <instance id="d000.s1536.t000" lemma="周期的" pos="ADJ">周期的</instance>
         <wf lemma="な" pos="X">な</wf>
         <wf lemma="出現" pos="X">出現</wf>
         <wf lemma="." pos="X">.</wf>
      </sentence>
      <sentence id="d000.s1537" source="wordnet-japanese">
         <wf lemma="彼" pos="X">彼</wf>
         <wf lemma="は" pos="X">は</wf>
         <wf lemma="食堂" pos="X">食堂</wf>
         <wf lemma="で" pos="X">で</wf>
         <wf lemma="た" pos="X">た</wf>
         <wf lemma="ばこ" pos="X">ばこ</wf>
         <wf lemma="を" pos="X">を</wf>
         <wf lemma="吸う" pos="X">吸う</wf>
         <wf lemma="こと" pos="X">こと</wf>
         <wf lemma="を" pos="X">を</wf>
         <instance id="d000.s1537.t000" lemma="許可" pos="NOUN">許可</instance>
         <wf lemma="する" pos="X">する</wf>
         <wf lemma="こと" pos="X">こと</wf>
         <wf lemma="に" pos="X">に</wf>
         <wf lemma="反対" pos="X">反対</wf>
         <wf lemma="し" pos="X">し</wf>
         <wf lemma="た" pos="X">た</wf>
         <wf lemma="." pos="X">.</wf>
      </sentence>
      <sentence id="d000.s1538" source="wordnet-japanese">
         <wf lemma="彼" pos="X">彼</wf>
         <wf lemma="は" pos="X">は</wf>
         <wf lemma="テレビ" pos="X">テレビ</wf>
         <wf lemma="代" pos="X">代</wf>
         <wf lemma="を" pos="X">を</wf>
         <instance id="d000.s1538.t000" lemma="現金" pos="NOUN">現金</instance>
         <wf lemma="払い" pos="X">払い</wf>
         <wf lemma="し" pos="X">し</wf>
         <wf lemma="た" pos="X">た</wf>
         <wf lemma="." pos="X">.</wf>
      </sentence>
      <sentence id="d000.s1539" source="wordnet-japanese">
         <wf lemma="パラメーター" pos="X">パラメーター</wf>
         <wf lemma="の" pos="X">の</wf>
         <instance id="d000.s1539.t000" lemma="数" pos="NOUN">数</instance>
         <wf lemma="は" pos="X">は</wf>
         <wf lemma="少ない" pos="X">少ない</wf>
         <wf lemma="." pos="X">.</wf>
      </sentence>
      <sentence id="d000.s1540" source="wordnet-japanese">
         <wf lemma="怠惰" pos="X">怠惰</wf>
         <wf lemma="で" pos="X">で</wf>
         <instance id="d000.s1540.t000" lemma="無知" pos="ADJ">無知</instance>
         <wf lemma="な" pos="X">な</wf>
         <wf lemma="仕事" pos="X">仕事</wf>
         <wf lemma="仲間" pos="X">仲間</wf>
         <wf lemma="と" pos="X">と</wf>
         <wf lemma="の" pos="X">の</wf>
         <wf lemma="つまら" pos="X">つまら</wf>
         <wf lemma="ない" pos="X">ない</wf>
         <wf lemma="仕事" pos="X">仕事</wf>
         <wf lemma="." pos="X">.</wf>
      </sentence>
      <sentence id="d000.s1541" source="wordnet-japanese">
         <wf lemma="彼" pos="X">彼</wf>
         <wf lemma="は" pos="X">は</wf>
         <wf lemma="経済学" pos="X">経済学</wf>
         <wf lemma="の" pos="X">の</wf>
         <instance id="d000.s1541.t000" lemma="教授" pos="NOUN">教授</instance>
         <wf lemma="に" pos="X">に</wf>
         <wf lemma="任命" pos="X">任命</wf>
         <wf lemma="さ" pos="X">さ</wf>
         <wf lemma="れ" pos="X">れ</wf>
         <wf lemma="た" pos="X">た</wf>
         <wf lemma="." pos="X">.</wf>
      </sentence>
      <sentence id="d000.s1542" source="wordnet-japanese">
         <wf lemma="小麦" pos="X">小麦</wf>
         <wf lemma="は" pos="X">は</wf>
         <wf lemma="、" pos="X">、</wf>
         <wf lemma="カンザス" pos="X">カンザス</wf>
         <wf lemma="で" pos="X">で</wf>
         <wf lemma="大きく" pos="X">大きく</wf>
         <wf lemma="なる" pos="X">なる</wf>
         <instance id="d000.s1542.t000" lemma="穀物" pos="NOUN">穀物</instance>
         <wf lemma="である" pos="X">である</wf>
         <wf lemma="." pos="X">.</wf>
      </sentence>
      <sentence id="d000.s1543" source="wordnet-japanese">
         <instance id="d000.s1543.t000" lemma="空対地" pos="ADJ">空対地</instance>
         <wf lemma="ミサイル" pos="X">ミサイル</wf>
         <wf lemma="." pos="X">.</wf>
      </sentence>
      <sentence id="d000.s1544" source="wordnet-japanese">
         <wf lemma="胚幹" pos="X">胚幹</wf>
         <wf lemma="細胞" pos="X">細胞</wf>
         <wf lemma="は" pos="X">は</wf>
         <instance id="d000.s1544.t000" lemma="全能性" pos="ADJ">全能性</instance>
         <wf lemma="を" pos="X">を</wf>
         <wf lemma="有する" pos="X">有する</wf>
         <wf lemma="." pos="X">.</wf>
      </sentence>
      <sentence id="d000.s1545" source="wordnet-japanese">
         <wf lemma="尿" pos="X">尿</wf>
         <wf lemma="は" pos="X">は</wf>
         <instance id="d000.s1545.t000" lemma="腎臓" pos="NOUN">腎臓</instance>
         <wf lemma="から" pos="X">から</wf>
         <wf lemma="尿管" pos="X">尿管</wf>
         <wf lemma="を" pos="X">を</wf>
         <wf lemma="通じ" pos="X">通じ</wf>
         <wf lemma="て" pos="X">て</wf>
         <wf lemma="膀胱" pos="X">膀胱</wf>
         <wf lemma="へ" pos="X">へ</wf>
         <wf lemma="送ら" pos="X">送ら</wf>
         <wf lemma="れる" pos="X">れる</wf>
         <wf lemma="." pos="X">.</wf>
      </sentence>
      <sentence id="d000.s1546" source="wordnet-japanese">
         <instance id="d000.s1546.t000" lemma="精液" pos="NOUN">精液</instance>
         <wf lemma="は" pos="X">は</wf>
         <wf lemma="、" pos="X">、</wf>
         <wf lemma="大部分" pos="X">大部分</wf>
         <wf lemma="が" pos="X">が</wf>
         <wf lemma="他の" pos="X">他の</wf>
         <wf lemma="少量" pos="X">少量</wf>
         <wf lemma="の" pos="X">の</wf>
         <wf lemma="気泡" pos="X">気泡</wf>
         <wf lemma="物質" pos="X">物質</wf>
         <wf lemma="に" pos="X">に</wf>
         <wf lemma="囲ま" pos="X">囲ま</wf>
         <wf lemma="れ" pos="X">れ</wf>
         <wf lemma="た" pos="X">た</wf>
         <wf lemma="核" pos="X">核</wf>
         <wf lemma="である" pos="X">である</wf>
         <wf lemma="." pos="X">.</wf>
      </sentence>
      <sentence id="d000.s1547" source="wordnet-japanese">
         <wf lemma="彼女" pos="X">彼女</wf>
         <wf lemma="は" pos="X">は</wf>
         <instance id="d000.s1547.t000" lemma="ますます" pos="ADV">ますます</instance>
         <wf lemma="落ち込む" pos="X">落ち込む</wf>
         <wf lemma="ように" pos="X">ように</wf>
         <wf lemma="なっ" pos="X">なっ</wf>
         <wf lemma="た" pos="X">た</wf>
         <wf lemma="." pos="X">.</wf>
      </sentence>
      <sentence id="d000.s1548" source="wordnet-japanese">
         <instance id="d000.s1548.t000" lemma="うるさい" pos="ADJ">うるさい</instance>
         <wf lemma="蚊" pos="X">蚊</wf>
         <wf lemma="." pos="X">.</wf>
      </sentence>
      <sentence id="d000.s1549" source="wordnet-japanese">
         <wf lemma="宇宙" pos="X">宇宙</wf>
         <wf lemma="に関する" pos="X">に関する</wf>
         <wf lemma="最も" pos="X">最も</wf>
         <instance id="d000.s1549.t000" lemma="不可解" pos="ADJ">不可解</instance>
         <wf lemma="な" pos="X">な</wf>
         <wf lemma="こと" pos="X">こと</wf>
         <wf lemma="は" pos="X">は</wf>
         <wf lemma="、" pos="X">、</wf>
         <wf lemma="それ" pos="X">それ</wf>
         <wf lemma="が" pos="X">が</wf>
         <wf lemma="理解" pos="X">理解</wf>
         <wf lemma="可能" pos="X">可能</wf>
         <wf lemma="で" pos="X">で</wf>
         <wf lemma="ある" pos="X">ある</wf>
         <wf lemma="という" pos="X">という</wf>
         <wf lemma="こと" pos="X">こと</wf>
         <wf lemma="である" pos="X">である</wf>
         <wf lemma="−" pos="X">−</wf>
         <wf lemma="A" pos="X">A</wf>
         <wf lemma="." pos="X">.</wf>
         <wf lemma="アインシュタイン" pos="X">アインシュタイン</wf>
         <wf lemma="." pos="X">.</wf>
      </sentence>
      <sentence id="d000.s1550" source="wordnet-japanese">
         <wf lemma="彼" pos="X">彼</wf>
         <wf lemma="は" pos="X">は</wf>
         <wf lemma="、" pos="X">、</wf>
         <wf lemma="長く" pos="X">長く</wf>
         <wf lemma="て" pos="X">て</wf>
         <wf lemma="幸せ" pos="X">幸せ</wf>
         <wf lemma="な" pos="X">な</wf>
         <instance id="d000.s1550.t000" lemma="人生" pos="NOUN">人生</instance>
         <wf lemma="を" pos="X">を</wf>
         <wf lemma="送っ" pos="X">送っ</wf>
         <wf lemma="た" pos="X">た</wf>
         <wf lemma="." pos="X">.</wf>
      </sentence>
      <sentence id="d000.s1551" source="wordnet-japanese">
         <wf lemma="彼" pos="X">彼</wf>
         <wf lemma="は" pos="X">は</wf>
         <wf lemma="ニュース" pos="X">ニュース</wf>
         <wf lemma="を" pos="X">を</wf>
         <wf lemma="聞い" pos="X">聞い</wf>
         <wf lemma="て" pos="X">て</wf>
         <wf lemma="急" pos="X">急</wf>
         <wf lemma="に" pos="X">に</wf>
         <instance id="d000.s1551.t000" lemma="安堵" pos="NOUN">安堵</instance>
         <wf lemma="に" pos="X">に</wf>
         <wf lemma="包ま" pos="X">包ま</wf>
         <wf lemma="れ" pos="X">れ</wf>
         <wf lemma="た" pos="X">た</wf>
         <wf lemma="." pos="X">.</wf>
      </sentence>
      <sentence id="d000.s1552" source="wordnet-japanese">
         <instance id="d000.s1552.t000" lemma="迅速" pos="ADJ">迅速</instance>
         <wf lemma="な" pos="X">な</wf>
         <wf lemma="移動" pos="X">移動</wf>
         <wf lemma="." pos="X">.</wf>
      </sentence>
      <sentence id="d000.s1553" source="wordnet-japanese">
         <wf lemma="銀市場" pos="X">銀市場</wf>
         <wf lemma="の" pos="X">の</wf>
         <instance id="d000.s1553.t000" lemma="独占" pos="NOUN">独占</instance>
         <wf lemma="." pos="X">.</wf>
      </sentence>
      <sentence id="d000.s1554" source="wordnet-japanese">
         <wf lemma="沈黙" pos="X">沈黙</wf>
         <wf lemma="の" pos="X">の</wf>
         <instance id="d000.s1554.t000" lemma="深さ" pos="NOUN">深さ</instance>
         <wf lemma="." pos="X">.</wf>
      </sentence>
      <sentence id="d000.s1555" source="wordnet-japanese">
         <wf lemma="成分" pos="X">成分</wf>
         <wf lemma="を" pos="X">を</wf>
         <instance id="d000.s1555.t000" lemma="混ぜる" pos="VERB">混ぜ</instance>
         <wf lemma="合わる" pos="X">合わる</wf>
         <wf lemma="." pos="X">.</wf>
      </sentence>
      <sentence id="d000.s1556" source="wordnet-japanese">
         <instance id="d000.s1556.t000" lemma="不誠実" pos="ADJ">不誠実</instance>
         <wf lemma="な" pos="X">な</wf>
         <wf lemma="恋人" pos="X">恋人</wf>
         <wf lemma="." pos="X">.</wf>
      </sentence>
      <sentence id="d000.s1557" source="wordnet-japanese">
         <instance id="d000.s1557.t000" lemma="仮死" pos="NOUN">仮死</instance>
         <wf lemma="状態" pos="X">状態</wf>
         <wf lemma="が" pos="X">が</wf>
         <wf lemma="、" pos="X">、</wf>
         <wf lemma="時々" pos="X">時々</wf>
         <wf lemma="拷問" pos="X">拷問</wf>
         <wf lemma="の" pos="X">の</wf>
         <wf lemma="形" pos="X">形</wf>
         <wf lemma="と" pos="X">と</wf>
         <wf lemma="し" pos="X">し</wf>
         <wf lemma="て" pos="X">て</wf>
         <wf lemma="使わ" pos="X">使わ</wf>
         <wf lemma="れる" pos="X">れる</wf>
         <wf lemma="." pos="X">.</wf>
      </sentence>
      <sentence id="d000.s1558" source="wordnet-japanese">
         <wf lemma="「" pos="X">「</wf>
         <wf lemma="全て" pos="X">全て</wf>
         <wf lemma="の" pos="X">の</wf>
         <wf lemma="美しい" pos="X">美しい</wf>
         <wf lemma="事物" pos="X">事物</wf>
         <wf lemma="において" pos="X">において</wf>
         <wf lemma="は" pos="X">は</wf>
         <wf lemma="、" pos="X">、</wf>
         <wf lemma="ある" pos="X">ある</wf>
         <wf lemma="部分" pos="X">部分</wf>
         <wf lemma="と" pos="X">と</wf>
         <wf lemma="他の" pos="X">他の</wf>
         <wf lemma="部分" pos="X">部分</wf>
         <wf lemma="と" pos="X">と</wf>
         <wf lemma="の" pos="X">の</wf>
         <wf lemma="対立" pos="X">対立</wf>
         <wf lemma="、" pos="X">、</wf>
         <wf lemma="および" pos="X">および</wf>
         <wf lemma="相互" pos="X">相互</wf>
         <wf lemma="の" pos="X">の</wf>
         <instance id="d000.s1558.t000" lemma="釣り合い" pos="NOUN">釣り合い</instance>
         <wf lemma="が" pos="X">が</wf>
         <wf lemma="認め" pos="X">認め</wf>
         <wf lemma="られる" pos="X">られる</wf>
         <wf lemma="」" pos="X">」</wf>
         <wf lemma="−" pos="X">−</wf>
         <wf lemma="ジョン" pos="X">ジョン</wf>
         <wf lemma="・" pos="X">・</wf>
         <wf lemma="バスキン" pos="X">バスキン</wf>
         <wf lemma="." pos="X">.</wf>
      </sentence>
      <sentence id="d000.s1559" source="wordnet-japanese">
         <instance id="d000.s1559.t000" lemma="特定" pos="ADJ">特定</instance>
         <wf lemma="の" pos="X">の</wf>
         <wf lemma="汚れ" pos="X">汚れ</wf>
         <wf lemma="は" pos="X">は</wf>
         <wf lemma="、" pos="X">、</wf>
         <wf lemma="特定" pos="X">特定</wf>
         <wf lemma="の" pos="X">の</wf>
         <wf lemma="構造" pos="X">構造</wf>
         <wf lemma="要素" pos="X">要素</wf>
         <wf lemma="へ" pos="X">へ</wf>
         <wf lemma="の" pos="X">の</wf>
         <wf lemma="特定" pos="X">特定</wf>
         <wf lemma="の" pos="X">の</wf>
         <wf lemma="類似性" pos="X">類似性</wf>
         <wf lemma="が" pos="X">が</wf>
         <wf lemma="ある" pos="X">ある</wf>
         <wf lemma="ひとつ" pos="X">ひとつ</wf>
         <wf lemma="である" pos="X">である</wf>
         <wf lemma="." pos="X">.</wf>
      </sentence>
      <sentence id="d000.s1560" source="wordnet-japanese">
         <wf lemma="その" pos="X">その</wf>
         <wf lemma="仕事" pos="X">仕事</wf>
         <wf lemma="は" pos="X">は</wf>
         <wf lemma="お" pos="X">お</wf>
         <wf lemma="金" pos="X">金</wf>
         <wf lemma="の" pos="X">の</wf>
         <wf lemma="面" pos="X">面</wf>
         <wf lemma="で" pos="X">で</wf>
         <instance id="d000.s1560.t000" lemma="魅力的" pos="ADJ">魅力的</instance>
         <wf lemma="だ" pos="X">だ</wf>
         <wf lemma="." pos="X">.</wf>
      </sentence>
      <sentence id="d000.s1561" source="wordnet-japanese">
         <wf lemma="彼" pos="X">彼</wf>
         <wf lemma="が" pos="X">が</wf>
         <wf lemma="回復" pos="X">回復</wf>
         <wf lemma="する" pos="X">する</wf>
         <wf lemma="という" pos="X">という</wf>
         <instance id="d000.s1561.t000" lemma="見込み" pos="NOUN">見込み</instance>
         <wf lemma="は" pos="X">は</wf>
         <wf lemma="ほとんど" pos="X">ほとんど</wf>
         <wf lemma="、" pos="X">、</wf>
         <wf lemma="または" pos="X">または</wf>
         <wf lemma="全く" pos="X">全く</wf>
         <wf lemma="ない" pos="X">ない</wf>
         <wf lemma="." pos="X">.</wf>
      </sentence>
      <sentence id="d000.s1562" source="wordnet-japanese">
         <wf lemma="彼ら" pos="X">彼ら</wf>
         <wf lemma="の" pos="X">の</wf>
         <wf lemma="オフィス" pos="X">オフィス</wf>
         <wf lemma="は" pos="X">は</wf>
         <wf lemma="、" pos="X">、</wf>
         <instance id="d000.s1562.t000" lemma="現代的" pos="ADJ">現代的</instance>
         <wf lemma="な" pos="X">な</wf>
         <wf lemma="摩天楼" pos="X">摩天楼</wf>
         <wf lemma="に" pos="X">に</wf>
         <wf lemma="ある" pos="X">ある</wf>
         <wf lemma="." pos="X">.</wf>
      </sentence>
      <sentence id="d000.s1563" source="wordnet-japanese">
         <wf lemma="私" pos="X">私</wf>
         <wf lemma="は" pos="X">は</wf>
         <wf lemma="、" pos="X">、</wf>
         <wf lemma="彼女" pos="X">彼女</wf>
         <wf lemma="が" pos="X">が</wf>
         <wf lemma="攻撃的" pos="X">攻撃的</wf>
         <wf lemma="に" pos="X">に</wf>
         <wf lemma="なる" pos="X">なる</wf>
         <wf lemma="かもしれ" pos="X">かもしれ</wf>
         <wf lemma="ない" pos="X">ない</wf>
         <wf lemma="こと" pos="X">こと</wf>
         <wf lemma="を" pos="X">を</wf>
         <instance id="d000.s1563.t000" lemma="恐れる" pos="VERB">恐れ</instance>
         <wf lemma="て" pos="X">て</wf>
         <wf lemma="いる" pos="X">いる</wf>
         <wf lemma="." pos="X">.</wf>
      </sentence>
      <sentence id="d000.s1564" source="wordnet-japanese">
         <wf lemma="彼ら" pos="X">彼ら</wf>
         <wf lemma="の" pos="X">の</wf>
         <wf lemma="候補者" pos="X">候補者</wf>
         <wf lemma="は" pos="X">は</wf>
         <wf lemma="あっさり" pos="X">あっさり</wf>
         <wf lemma="と" pos="X">と</wf>
         <instance id="d000.s1564.t000" lemma="政綱" pos="NOUN">政綱</instance>
         <wf lemma="を" pos="X">を</wf>
         <wf lemma="無視" pos="X">無視</wf>
         <wf lemma="し" pos="X">し</wf>
         <wf lemma="た" pos="X">た</wf>
         <wf lemma="." pos="X">.</wf>
      </sentence>
      <sentence id="d000.s1565" source="wordnet-japanese">
         <instance id="d000.s1565.t000" lemma="見物人" pos="NOUN">見物人</instance>
         <wf lemma="たち" pos="X">たち</wf>
         <wf lemma="は" pos="X">は</wf>
         <wf lemma="演技" pos="X">演技</wf>
         <wf lemma="を" pos="X">を</wf>
         <wf lemma="見" pos="X">見</wf>
         <wf lemma="て" pos="X">て</wf>
         <wf lemma="喝" pos="X">喝</wf>
         <wf lemma="采し" pos="X">采し</wf>
         <wf lemma="た" pos="X">た</wf>
         <wf lemma="." pos="X">.</wf>
      </sentence>
      <sentence id="d000.s1566" source="wordnet-japanese">
         <wf lemma="彼" pos="X">彼</wf>
         <wf lemma="の" pos="X">の</wf>
         <instance id="d000.s1566.t000" lemma="射撃" pos="NOUN">射撃</instance>
         <wf lemma="は" pos="X">は</wf>
         <wf lemma="遅い" pos="X">遅い</wf>
         <wf lemma="が" pos="X">が</wf>
         <wf lemma="正確" pos="X">正確</wf>
         <wf lemma="だっ" pos="X">だっ</wf>
         <wf lemma="た" pos="X">た</wf>
         <wf lemma="." pos="X">.</wf>
      </sentence>
      <sentence id="d000.s1567" source="wordnet-japanese">
         <wf lemma="トリル" pos="X">トリル</wf>
         <wf lemma="は" pos="X">は</wf>
         <wf lemma="、" pos="X">、</wf>
         <wf lemma="2" pos="X">2</wf>
         <wf lemma="つ" pos="X">つ</wf>
         <wf lemma="の" pos="X">の</wf>
         <wf lemma="音符" pos="X">音符</wf>
         <wf lemma="間" pos="X">間</wf>
         <wf lemma="の" pos="X">の</wf>
         <wf lemma="素早い" pos="X">素早い</wf>
         <instance id="d000.s1567.t000" lemma="交代" pos="NOUN">交代</instance>
         <wf lemma="である" pos="X">である</wf>
         <wf lemma="." pos="X">.</wf>
      </sentence>
      <sentence id="d000.s1568" source="wordnet-japanese">
         <wf lemma="彼" pos="X">彼</wf>
         <wf lemma="は" pos="X">は</wf>
         <wf lemma="モンテカルロ" pos="X">モンテカルロ</wf>
         <wf lemma="で" pos="X">で</wf>
         <instance id="d000.s1568.t000" lemma="銀行" pos="NOUN">銀行</instance>
         <wf lemma="を" pos="X">を</wf>
         <wf lemma="壊そ" pos="X">壊そ</wf>
         <wf lemma="う" pos="X">う</wf>
         <wf lemma="と" pos="X">と</wf>
         <wf lemma="し" pos="X">し</wf>
         <wf lemma="た" pos="X">た</wf>
         <wf lemma="." pos="X">.</wf>
      </sentence>
      <sentence id="d000.s1569" source="wordnet-japanese">
         <wf lemma="生産量" pos="X">生産量</wf>
         <wf lemma="の" pos="X">の</wf>
         <wf lemma="ゆるやか" pos="X">ゆるやか</wf>
         <wf lemma="な" pos="X">な</wf>
         <instance id="d000.s1569.t000" lemma="落ち込み" pos="NOUN">落ち込み</instance>
         <wf lemma="." pos="X">.</wf>
      </sentence>
      <sentence id="d000.s1570" source="wordnet-japanese">
         <wf lemma="飛行機" pos="X">飛行機</wf>
         <wf lemma="が" pos="X">が</wf>
         <wf lemma="アッシュビル" pos="X">アッシュビル</wf>
         <instance id="d000.s1570.t000" lemma="付近" pos="NOUN">付近</instance>
         <wf lemma="に" pos="X">に</wf>
         <wf lemma="墜落" pos="X">墜落</wf>
         <wf lemma="し" pos="X">し</wf>
         <wf lemma="た" pos="X">た</wf>
         <wf lemma="." pos="X">.</wf>
      </sentence>
      <sentence id="d000.s1571" source="wordnet-japanese">
         <wf lemma="板" pos="X">板</wf>
         <wf lemma="の" pos="X">の</wf>
         <instance id="d000.s1571.t000" lemma="滑らかさ" pos="NOUN">滑らかさ</instance>
         <wf lemma="を" pos="X">を</wf>
         <wf lemma="好む" pos="X">好む</wf>
         <wf lemma="芸術家" pos="X">芸術家</wf>
         <wf lemma="も" pos="X">も</wf>
         <wf lemma="いる" pos="X">いる</wf>
         <wf lemma="." pos="X">.</wf>
      </sentence>
      <sentence id="d000.s1572" source="wordnet-japanese">
         <wf lemma="あなた" pos="X">あなた</wf>
         <wf lemma="が" pos="X">が</wf>
         <wf lemma="夜" pos="X">夜</wf>
         <wf lemma="遅く" pos="X">遅く</wf>
         <wf lemma="私" pos="X">私</wf>
         <wf lemma="に" pos="X">に</wf>
         <wf lemma="電話" pos="X">電話</wf>
         <wf lemma="を" pos="X">を</wf>
         <wf lemma="する" pos="X">する</wf>
         <wf lemma="の" pos="X">の</wf>
         <wf lemma="を" pos="X">を</wf>
         <instance id="d000.s1572.t000" lemma="禁じる" pos="VERB">禁じる</instance>
         <wf lemma="." pos="X">.</wf>
      </sentence>
      <sentence id="d000.s1573" source="wordnet-japanese">
         <wf lemma="建物" pos="X">建物</wf>
         <wf lemma="の" pos="X">の</wf>
         <instance id="d000.s1573.t000" lemma="設計" pos="NOUN">設計</instance>
         <wf lemma="." pos="X">.</wf>
      </sentence>
      <sentence id="d000.s1574" source="wordnet-japanese">
         <wf lemma="彼" pos="X">彼</wf>
         <wf lemma="は" pos="X">は</wf>
         <instance id="d000.s1574.t000" lemma="いつも" pos="ADV">いつも</instance>
         <wf lemma="時間" pos="X">時間</wf>
         <wf lemma="どおり" pos="X">どおり</wf>
         <wf lemma="に" pos="X">に</wf>
         <wf lemma="到着" pos="X">到着</wf>
         <wf lemma="する" pos="X">する</wf>
         <wf lemma="." pos="X">.</wf>
      </sentence>
      <sentence id="d000.s1575" source="wordnet-japanese">
         <wf lemma="布地" pos="X">布地</wf>
         <wf lemma="を" pos="X">を</wf>
         <instance id="d000.s1575.t000" lemma="伸ばす" pos="VERB">伸ばし</instance>
         <wf lemma="て" pos="X">て</wf>
         <wf lemma="ください" pos="X">ください</wf>
         <wf lemma="." pos="X">.</wf>
      </sentence>
      <sentence id="d000.s1576" source="wordnet-japanese">
         <wf lemma="ハイジャック" pos="X">ハイジャック</wf>
         <wf lemma="を" pos="X">を</wf>
         <wf lemma="防ぐ" pos="X">防ぐ</wf>
         <instance id="d000.s1576.t000" lemma="勇敢" pos="ADJ">勇敢</instance>
         <wf lemma="な" pos="X">な</wf>
         <wf lemma="試み" pos="X">試み</wf>
         <wf lemma="." pos="X">.</wf>
      </sentence>
      <sentence id="d000.s1577" source="wordnet-japanese">
         <instance id="d000.s1577.t000" lemma="遠い" pos="ADJ">遠い</instance>
         <wf lemma="親戚" pos="X">親戚</wf>
         <wf lemma="." pos="X">.</wf>
      </sentence>
      <sentence id="d000.s1578" source="wordnet-japanese">
         <wf lemma="議論" pos="X">議論</wf>
         <wf lemma="は" pos="X">は</wf>
         <wf lemma="、" pos="X">、</wf>
         <wf lemma="その" pos="X">その</wf>
         <wf lemma="問題" pos="X">問題</wf>
         <wf lemma="について" pos="X">について</wf>
         <wf lemma="の" pos="X">の</wf>
         <wf lemma="私" pos="X">私</wf>
         <wf lemma="の" pos="X">の</wf>
         <wf lemma="考え" pos="X">考え</wf>
         <wf lemma="を" pos="X">を</wf>
         <instance id="d000.s1578.t000" lemma="変える" pos="VERB">変え</instance>
         <wf lemma="た" pos="X">た</wf>
         <wf lemma="." pos="X">.</wf>
      </sentence>
      <sentence id="d000.s1579" source="wordnet-japanese">
         <wf lemma="やや" pos="X">やや</wf>
         <instance id="d000.s1579.t000" lemma="不確か" pos="ADJ">不確か</instance>
         <wf lemma="な" pos="X">な</wf>
         <wf lemma="引き金付き" pos="X">引き金付き</wf>
         <wf lemma="の" pos="X">の</wf>
         <wf lemma="銃" pos="X">銃</wf>
         <wf lemma="." pos="X">.</wf>
      </sentence>
      <sentence id="d000.s1580" source="wordnet-japanese">
         <instance id="d000.s1580.t000" lemma="ペンシル" pos="NOUN">ペンシル</instance>
         <wf lemma="型" pos="X">型</wf>
         <wf lemma="眉墨" pos="X">眉墨</wf>
         <wf lemma="." pos="X">.</wf>
      </sentence>
      <sentence id="d000.s1581" source="wordnet-japanese">
         <wf lemma="彼" pos="X">彼</wf>
         <wf lemma="は" pos="X">は</wf>
         <wf lemma="間違っ" pos="X">間違っ</wf>
         <wf lemma="た" pos="X">た</wf>
         <wf lemma="音節" pos="X">音節</wf>
         <wf lemma="を" pos="X">を</wf>
         <instance id="d000.s1581.t000" lemma="強調" pos="NOUN">強調</instance>
         <wf lemma="し" pos="X">し</wf>
         <wf lemma="た" pos="X">た</wf>
         <wf lemma="." pos="X">.</wf>
      </sentence>
      <sentence id="d000.s1582" source="wordnet-japanese">
         <instance id="d000.s1582.t000" lemma="かなり" pos="ADV">かなり</instance>
         <wf lemma="金持ち" pos="X">金持ち</wf>
         <wf lemma="." pos="X">.</wf>
      </sentence>
      <sentence id="d000.s1583" source="wordnet-japanese">
         <instance id="d000.s1583.t000" lemma="宇宙" pos="NOUN">宇宙</instance>
         <wf lemma="飛行士" pos="X">飛行士</wf>
         <wf lemma="が" pos="X">が</wf>
         <wf lemma="命綱" pos="X">命綱</wf>
         <wf lemma="な" pos="X">な</wf>
         <wf lemma="し" pos="X">し</wf>
         <wf lemma="で" pos="X">で</wf>
         <wf lemma="宇宙" pos="X">宇宙</wf>
         <wf lemma="に" pos="X">に</wf>
         <wf lemma="足" pos="X">足</wf>
         <wf lemma="を" pos="X">を</wf>
         <wf lemma="踏み出し" pos="X">踏み出し</wf>
         <wf lemma="た" pos="X">た</wf>
         <wf lemma="." pos="X">.</wf>
      </sentence>
      <sentence id="d000.s1584" source="wordnet-japanese">
         <wf lemma="1" pos="X">1</wf>
         <wf lemma="、" pos="X">、</wf>
         <wf lemma="2" pos="X">2</wf>
         <wf lemma="、" pos="X">、</wf>
         <wf lemma="6" pos="X">6</wf>
         <wf lemma="、" pos="X">、</wf>
         <wf lemma="24" pos="X">24</wf>
         <wf lemma="、" pos="X">、</wf>
         <wf lemma="および" pos="X">および</wf>
         <wf lemma="120" pos="X">120</wf>
         <wf lemma="は" pos="X">は</wf>
         <instance id="d000.s1584.t000" lemma="階乗" pos="NOUN">階乗</instance>
         <wf lemma="である" pos="X">である</wf>
         <wf lemma="." pos="X">.</wf>
      </sentence>
      <sentence id="d000.s1585" source="wordnet-japanese">
         <instance id="d000.s1585.t000" lemma="バレンシア" pos="NOUN">バレンシア</instance>
         <wf lemma="は" pos="X">は</wf>
         <wf lemma="、" pos="X">、</wf>
         <wf lemma="スペイン" pos="X">スペイン</wf>
         <wf lemma="で" pos="X">で</wf>
         <wf lemma="3" pos="X">3</wf>
         <wf lemma="番" pos="X">番</wf>
         <wf lemma="目" pos="X">目</wf>
         <wf lemma="に" pos="X">に</wf>
         <wf lemma="大きな" pos="X">大きな</wf>
         <wf lemma="都市" pos="X">都市</wf>
         <wf lemma="である" pos="X">である</wf>
         <wf lemma="." pos="X">.</wf>
      </sentence>
      <sentence id="d000.s1586" source="wordnet-japanese">
         <instance id="d000.s1586.t000" lemma="無限" pos="ADJ">無限</instance>
         <wf lemma="の" pos="X">の</wf>
         <wf lemma="動詞" pos="X">動詞</wf>
         <wf lemma="の" pos="X">の</wf>
         <wf lemma="形態" pos="X">形態</wf>
         <wf lemma="." pos="X">.</wf>
      </sentence>
      <sentence id="d000.s1587" source="wordnet-japanese">
         <wf lemma="その" pos="X">その</wf>
         <wf lemma="失敗" pos="X">失敗</wf>
         <wf lemma="の" pos="X">の</wf>
         <wf lemma="後" pos="X">後</wf>
         <wf lemma="で" pos="X">で</wf>
         <wf lemma="、" pos="X">、</wf>
         <wf lemma="彼" pos="X">彼</wf>
         <wf lemma="は" pos="X">は</wf>
         <instance id="d000.s1587.t000" lemma="自信" pos="NOUN">自信</instance>
         <wf lemma="を" pos="X">を</wf>
         <wf lemma="なくし" pos="X">なくし</wf>
         <wf lemma="た" pos="X">た</wf>
         <wf lemma="." pos="X">.</wf>
      </sentence>
      <sentence id="d000.s1588" source="wordnet-japanese">
         <wf lemma="彼" pos="X">彼</wf>
         <wf lemma="は" pos="X">は</wf>
         <wf lemma="彼" pos="X">彼</wf>
         <wf lemma="の" pos="X">の</wf>
         <wf lemma="ゴルフボール" pos="X">ゴルフボール</wf>
         <wf lemma="に" pos="X">に</wf>
         <wf lemma="アドレス" pos="X">アドレス</wf>
         <wf lemma="する" pos="X">する</wf>
         <instance id="d000.s1588.t000" lemma="式典" pos="NOUN">式典</instance>
         <wf lemma="を" pos="X">を</wf>
         <wf lemma="行う" pos="X">行う</wf>
         <wf lemma="." pos="X">.</wf>
      </sentence>
      <sentence id="d000.s1589" source="wordnet-japanese">
         <wf lemma="修辞法" pos="X">修辞法</wf>
         <wf lemma="において" pos="X">において</wf>
         <instance id="d000.s1589.t000" lemma="未熟" pos="ADJ">未熟</instance>
         <wf lemma="な" pos="X">な</wf>
         <wf lemma="." pos="X">.</wf>
      </sentence>
      <sentence id="d000.s1590" source="wordnet-japanese">
         <wf lemma="ここ" pos="X">ここ</wf>
         <wf lemma="で" pos="X">で</wf>
         <wf lemma="は" pos="X">は</wf>
         <wf lemma="唯一" pos="X">唯一</wf>
         <wf lemma="の" pos="X">の</wf>
         <instance id="d000.s1590.t000" lemma="気さく" pos="ADJ">気さく</instance>
         <wf lemma="な" pos="X">な</wf>
         <wf lemma="人" pos="X">人</wf>
         <wf lemma="." pos="X">.</wf>
      </sentence>
      <sentence id="d000.s1591" source="wordnet-japanese">
         <instance id="d000.s1591.t000" lemma="豊富" pos="ADJ">豊富</instance>
         <wf lemma="な" pos="X">な</wf>
         <wf lemma="ディスプレイ" pos="X">ディスプレイ</wf>
         <wf lemma="." pos="X">.</wf>
      </sentence>
      <sentence id="d000.s1592" source="wordnet-japanese">
         <wf lemma="男性" pos="X">男性</wf>
         <wf lemma="によって" pos="X">によって</wf>
         <wf lemma="達成" pos="X">達成</wf>
         <wf lemma="さ" pos="X">さ</wf>
         <wf lemma="れ" pos="X">れ</wf>
         <wf lemma="た" pos="X">た</wf>
         <wf lemma="本当に" pos="X">本当に</wf>
         <wf lemma="たくさん" pos="X">たくさん</wf>
         <wf lemma="の" pos="X">の</wf>
         <wf lemma="超" pos="X">超</wf>
         <instance id="d000.s1592.t000" lemma="最高" pos="NOUN">最高</instance>
         <wf lemma="な" pos="X">な</wf>
         <wf lemma="こと" pos="X">こと</wf>
         <wf lemma="." pos="X">.</wf>
      </sentence>
      <sentence id="d000.s1593" source="wordnet-japanese">
         <instance id="d000.s1593.t000" lemma="消去" pos="NOUN">消去</instance>
         <wf lemma="し" pos="X">し</wf>
         <wf lemma="た" pos="X">た</wf>
         <wf lemma="後" pos="X">後</wf>
         <wf lemma="に" pos="X">に</wf>
         <wf lemma="別" pos="X">別</wf>
         <wf lemma="の" pos="X">の</wf>
         <wf lemma="言葉" pos="X">言葉</wf>
         <wf lemma="が" pos="X">が</wf>
         <wf lemma="書か" pos="X">書か</wf>
         <wf lemma="れ" pos="X">れ</wf>
         <wf lemma="て" pos="X">て</wf>
         <wf lemma="い" pos="X">い</wf>
         <wf lemma="た" pos="X">た</wf>
         <wf lemma="." pos="X">.</wf>
      </sentence>
      <sentence id="d000.s1594" source="wordnet-japanese">
         <instance id="d000.s1594.t000" lemma="路肩" pos="NOUN">路肩</instance>
         <wf lemma="に" pos="X">に</wf>
         <wf lemma="引き上げ" pos="X">引き上げ</wf>
         <wf lemma="られ" pos="X">られ</wf>
         <wf lemma="た" pos="X">た</wf>
         <wf lemma="車" pos="X">車</wf>
         <wf lemma="." pos="X">.</wf>
      </sentence>
      <sentence id="d000.s1595" source="wordnet-japanese">
         <instance id="d000.s1595.t000" lemma="不公平" pos="ADJ">不公平</instance>
         <wf lemma="な" pos="X">な</wf>
         <wf lemma="方法" pos="X">方法</wf>
         <wf lemma="が" pos="X">が</wf>
         <wf lemma="使用" pos="X">使用</wf>
         <wf lemma="さ" pos="X">さ</wf>
         <wf lemma="れ" pos="X">れ</wf>
         <wf lemma="た" pos="X">た</wf>
         <wf lemma="." pos="X">.</wf>
      </sentence>
      <sentence id="d000.s1596" source="wordnet-japanese">
         <wf lemma="子供" pos="X">子供</wf>
         <wf lemma="に" pos="X">に</wf>
         <wf lemma="は" pos="X">は</wf>
         <wf lemma="たっぷり" pos="X">たっぷり</wf>
         <wf lemma="の" pos="X">の</wf>
         <instance id="d000.s1596.t000" lemma="愛情" pos="NOUN">愛情</instance>
         <wf lemma="が" pos="X">が</wf>
         <wf lemma="必要" pos="X">必要</wf>
         <wf lemma="だ" pos="X">だ</wf>
         <wf lemma="." pos="X">.</wf>
      </sentence>
      <sentence id="d000.s1597" source="wordnet-japanese">
         <wf lemma="その" pos="X">その</wf>
         <wf lemma="家" pos="X">家</wf>
         <wf lemma="は" pos="X">は</wf>
         <instance id="d000.s1597.t000" lemma="中庭" pos="NOUN">中庭</instance>
         <wf lemma="の" pos="X">の</wf>
         <wf lemma="周り" pos="X">周り</wf>
         <wf lemma="に" pos="X">に</wf>
         <wf lemma="建て" pos="X">建て</wf>
         <wf lemma="られ" pos="X">られ</wf>
         <wf lemma="た" pos="X">た</wf>
         <wf lemma="." pos="X">.</wf>
      </sentence>
      <sentence id="d000.s1598" source="wordnet-japanese">
         <wf lemma="彼" pos="X">彼</wf>
         <wf lemma="は" pos="X">は</wf>
         <wf lemma="指揮棒" pos="X">指揮棒</wf>
         <wf lemma="を" pos="X">を</wf>
         <wf lemma="使わ" pos="X">使わ</wf>
         <wf lemma="ず" pos="X">ず</wf>
         <wf lemma="に" pos="X">に</wf>
         <instance id="d000.s1598.t000" lemma="指揮" pos="NOUN">指揮</instance>
         <wf lemma="を" pos="X">を</wf>
         <wf lemma="する" pos="X">する</wf>
         <wf lemma="." pos="X">.</wf>
      </sentence>
      <sentence id="d000.s1599" source="wordnet-japanese">
         <instance id="d000.s1599.t000" lemma="挑発的" pos="ADJ">挑発的</instance>
         <wf lemma="な" pos="X">な</wf>
         <wf lemma="アイルランド" pos="X">アイルランド</wf>
         <wf lemma="人" pos="X">人</wf>
         <wf lemma="は" pos="X">は</wf>
         <wf lemma="回転" pos="X">回転</wf>
         <wf lemma="する" pos="X">する</wf>
         <wf lemma="…" pos="X">…</wf>
         <wf lemma="聞き手" pos="X">聞き手</wf>
         <wf lemma="が" pos="X">が</wf>
         <wf lemma="を" pos="X">を</wf>
         <wf lemma="踊る" pos="X">踊る</wf>
         <wf lemma="の" pos="X">の</wf>
         <wf lemma="を" pos="X">を</wf>
         <wf lemma="強制" pos="X">強制</wf>
         <wf lemma="する" pos="X">する</wf>
         <wf lemma="−" pos="X">−</wf>
         <wf lemma="アンソニー" pos="X">アンソニー</wf>
         <wf lemma="・" pos="X">・</wf>
         <wf lemma="トロラプ" pos="X">トロラプ</wf>
         <wf lemma="." pos="X">.</wf>
      </sentence>
      <sentence id="d000.s1600" source="wordnet-japanese">
         <wf lemma="この" pos="X">この</wf>
         <wf lemma="チケット" pos="X">チケット</wf>
         <wf lemma="で" pos="X">で</wf>
         <wf lemma="、" pos="X">、</wf>
         <wf lemma="1" pos="X">1</wf>
         <wf lemma="人" pos="X">人</wf>
         <wf lemma="の" pos="X">の</wf>
         <wf lemma="大人" pos="X">大人</wf>
         <wf lemma="が" pos="X">が</wf>
         <wf lemma="ショー" pos="X">ショー</wf>
         <wf lemma="に" pos="X">に</wf>
         <instance id="d000.s1600.t000" lemma="入れる" pos="VERB">入れる</instance>
         <wf lemma="." pos="X">.</wf>
      </sentence>
      <sentence id="d000.s1601" source="wordnet-japanese">
         <instance id="d000.s1601.t000" lemma="寛大" pos="ADJ">寛大</instance>
         <wf lemma="な" pos="X">な</wf>
         <wf lemma="将軍" pos="X">将軍</wf>
         <wf lemma="." pos="X">.</wf>
      </sentence>
      <sentence id="d000.s1602" source="wordnet-japanese">
         <wf lemma="その" pos="X">その</wf>
         <wf lemma="挑戦" pos="X">挑戦</wf>
         <wf lemma="的" pos="X">的</wf>
         <wf lemma="な" pos="X">な</wf>
         <wf lemma="手紙" pos="X">手紙</wf>
         <wf lemma="を" pos="X">を</wf>
         <instance id="d000.s1602.t000" lemma="和らげる" pos="VERB">和らげる</instance>
         <wf lemma="." pos="X">.</wf>
      </sentence>
      <sentence id="d000.s1603" source="wordnet-japanese">
         <wf lemma="植物性" pos="X">植物性</wf>
         <wf lemma="染料" pos="X">染料</wf>
         <wf lemma="から" pos="X">から</wf>
         <wf lemma="作ら" pos="X">作ら</wf>
         <wf lemma="れ" pos="X">れ</wf>
         <wf lemma="た" pos="X">た</wf>
         <wf lemma="食品" pos="X">食品</wf>
         <instance id="d000.s1603.t000" lemma="着色料" pos="NOUN">着色料</instance>
         <wf lemma="." pos="X">.</wf>
      </sentence>
      <sentence id="d000.s1604" source="wordnet-japanese">
         <instance id="d000.s1604.t000" lemma="高める" pos="VERB">高め</instance>
         <wf lemma="られ" pos="X">られ</wf>
         <wf lemma="た" pos="X">た</wf>
         <wf lemma="関心" pos="X">関心</wf>
         <wf lemma="." pos="X">.</wf>
      </sentence>
      <sentence id="d000.s1605" source="wordnet-japanese">
         <instance id="d000.s1605.t000" lemma="定期的" pos="ADJ">定期的</instance>
         <wf lemma="な" pos="X">な</wf>
         <wf lemma="バス" pos="X">バス</wf>
         <wf lemma="の" pos="X">の</wf>
         <wf lemma="発車" pos="X">発車</wf>
         <wf lemma="." pos="X">.</wf>
      </sentence>
      <sentence id="d000.s1606" source="wordnet-japanese">
         <wf lemma="彼女" pos="X">彼女</wf>
         <wf lemma="は" pos="X">は</wf>
         <wf lemma="常に" pos="X">常に</wf>
         <instance id="d000.s1606.t000" lemma="動く" pos="VERB">動い</instance>
         <wf lemma="て" pos="X">て</wf>
         <wf lemma="いる" pos="X">いる</wf>
         <wf lemma="." pos="X">.</wf>
      </sentence>
      <sentence id="d000.s1607" source="wordnet-japanese">
         <wf lemma="ヴェーダーンタ" pos="X">ヴェーダーンタ</wf>
         <wf lemma="の" pos="X">の</wf>
         <wf lemma="哲学" pos="X">哲学</wf>
         <wf lemma="は" pos="X">は</wf>
         <wf lemma="、" pos="X">、</wf>
         <instance id="d000.s1607.t000" lemma="ウパニシャッド" pos="NOUN">ウパニシャッド</instance>
         <wf lemma="の" pos="X">の</wf>
         <wf lemma="汎神論的" pos="X">汎神論的</wf>
         <wf lemma="な" pos="X">な</wf>
         <wf lemma="視点" pos="X">視点</wf>
         <wf lemma="から" pos="X">から</wf>
         <wf lemma="発達" pos="X">発達</wf>
         <wf lemma="し" pos="X">し</wf>
         <wf lemma="た" pos="X">た</wf>
         <wf lemma="." pos="X">.</wf>
      </sentence>
      <sentence id="d000.s1608" source="wordnet-japanese">
         <wf lemma="この" pos="X">この</wf>
         <wf lemma="パン" pos="X">パン</wf>
         <wf lemma="は" pos="X">は</wf>
         <wf lemma="簡単" pos="X">簡単</wf>
         <wf lemma="に" pos="X">に</wf>
         <instance id="d000.s1608.t000" lemma="切れる" pos="VERB">切れる</instance>
         <wf lemma="." pos="X">.</wf>
      </sentence>
      <sentence id="d000.s1609" source="wordnet-japanese">
         <wf lemma="女性" pos="X">女性</wf>
         <wf lemma="の" pos="X">の</wf>
         <wf lemma="ため" pos="X">ため</wf>
         <wf lemma="の" pos="X">の</wf>
         <wf lemma="極めて" pos="X">極めて</wf>
         <instance id="d000.s1609.t000" lemma="重要" pos="ADJ">重要</instance>
         <wf lemma="な" pos="X">な</wf>
         <wf lemma="課題" pos="X">課題</wf>
         <wf lemma="." pos="X">.</wf>
      </sentence>
      <sentence id="d000.s1610" source="wordnet-japanese">
         <wf lemma="彼" pos="X">彼</wf>
         <wf lemma="が" pos="X">が</wf>
         <wf lemma="あくびし" pos="X">あくびし</wf>
         <wf lemma="た" pos="X">た</wf>
         <wf lemma="とき" pos="X">とき</wf>
         <wf lemma="、" pos="X">、</wf>
         <wf lemma="私" pos="X">私</wf>
         <wf lemma="は" pos="X">は</wf>
         <wf lemma="、" pos="X">、</wf>
         <wf lemma="彼" pos="X">彼</wf>
         <wf lemma="の" pos="X">の</wf>
         <wf lemma="歯" pos="X">歯</wf>
         <wf lemma="の" pos="X">の</wf>
         <wf lemma="金" pos="X">金</wf>
         <wf lemma="の" pos="X">の</wf>
         <instance id="d000.s1610.t000" lemma="詰め物" pos="NOUN">詰め物</instance>
         <wf lemma="を" pos="X">を</wf>
         <wf lemma="見る" pos="X">見る</wf>
         <wf lemma="こと" pos="X">こと</wf>
         <wf lemma="が" pos="X">が</wf>
         <wf lemma="でき" pos="X">でき</wf>
         <wf lemma="た" pos="X">た</wf>
         <wf lemma="." pos="X">.</wf>
      </sentence>
      <sentence id="d000.s1611" source="wordnet-japanese">
         <wf lemma="インフルエンザ" pos="X">インフルエンザ</wf>
         <wf lemma="の" pos="X">の</wf>
         <instance id="d000.s1611.t000" lemma="局地的" pos="ADJ">局地的</instance>
         <wf lemma="発生" pos="X">発生</wf>
         <wf lemma="." pos="X">.</wf>
      </sentence>
      <sentence id="d000.s1612" source="wordnet-japanese">
         <wf lemma="盗人" pos="X">盗人</wf>
         <wf lemma="の" pos="X">の</wf>
         <instance id="d000.s1612.t000" lemma="巣窟" pos="NOUN">巣窟</instance>
         <wf lemma="." pos="X">.</wf>
      </sentence>
      <sentence id="d000.s1613" source="wordnet-japanese">
         <wf lemma="憤慨" pos="X">憤慨</wf>
         <wf lemma="を" pos="X">を</wf>
         <wf lemma="心" pos="X">心</wf>
         <wf lemma="に" pos="X">に</wf>
         <instance id="d000.s1613.t000" lemma="抱く" pos="VERB">抱く</instance>
         <wf lemma="." pos="X">.</wf>
      </sentence>
      <sentence id="d000.s1614" source="wordnet-japanese">
         <instance id="d000.s1614.t000" lemma="例外的" pos="ADJ">例外的</instance>
         <wf lemma="な" pos="X">な</wf>
         <wf lemma="子供" pos="X">子供</wf>
         <wf lemma="の" pos="X">の</wf>
         <wf lemma="ため" pos="X">ため</wf>
         <wf lemma="の" pos="X">の</wf>
         <wf lemma="特別" pos="X">特別</wf>
         <wf lemma="な" pos="X">な</wf>
         <wf lemma="教育的" pos="X">教育的</wf>
         <wf lemma="な" pos="X">な</wf>
         <wf lemma="対策" pos="X">対策</wf>
         <wf lemma="." pos="X">.</wf>
      </sentence>
      <sentence id="d000.s1615" source="wordnet-japanese">
         <wf lemma="彼" pos="X">彼</wf>
         <wf lemma="は" pos="X">は</wf>
         <wf lemma="自信" pos="X">自信</wf>
         <wf lemma="の" pos="X">の</wf>
         <instance id="d000.s1615.t000" lemma="財布" pos="NOUN">財布</instance>
         <wf lemma="から" pos="X">から</wf>
         <wf lemma="寄付" pos="X">寄付</wf>
         <wf lemma="を" pos="X">を</wf>
         <wf lemma="し" pos="X">し</wf>
         <wf lemma="た" pos="X">た</wf>
         <wf lemma="." pos="X">.</wf>
      </sentence>
      <sentence id="d000.s1616" source="wordnet-japanese">
         <instance id="d000.s1616.t000" lemma="物質的" pos="ADJ">物質的</instance>
         <wf lemma="な" pos="X">な</wf>
         <wf lemma="財産" pos="X">財産</wf>
         <wf lemma="." pos="X">.</wf>
      </sentence>
      <sentence id="d000.s1617" source="wordnet-japanese">
         <wf lemma="彼女" pos="X">彼女</wf>
         <wf lemma="の" pos="X">の</wf>
         <wf lemma="トレーニング" pos="X">トレーニング</wf>
         <wf lemma="は" pos="X">は</wf>
         <instance id="d000.s1617.t000" lemma="十分" pos="ADJ">十分</instance>
         <wf lemma="だっ" pos="X">だっ</wf>
         <wf lemma="た" pos="X">た</wf>
         <wf lemma="." pos="X">.</wf>
      </sentence>
      <sentence id="d000.s1618" source="wordnet-japanese">
         <wf lemma="それ" pos="X">それ</wf>
         <wf lemma="は" pos="X">は</wf>
         <wf lemma="、" pos="X">、</wf>
         <instance id="d000.s1618.t000" lemma="単に" pos="ADV">単に</instance>
         <wf lemma="時間" pos="X">時間</wf>
         <wf lemma="の" pos="X">の</wf>
         <wf lemma="問題" pos="X">問題</wf>
         <wf lemma="です" pos="X">です</wf>
         <wf lemma="." pos="X">.</wf>
      </sentence>
      <sentence id="d000.s1619" source="wordnet-japanese">
         <wf lemma="やかん" pos="X">やかん</wf>
         <wf lemma="の" pos="X">の</wf>
         <instance id="d000.s1619.t000" lemma="蓋" pos="NOUN">蓋</instance>
         <wf lemma="を" pos="X">を</wf>
         <wf lemma="元通り" pos="X">元通り</wf>
         <wf lemma="閉める" pos="X">閉める</wf>
         <wf lemma="." pos="X">.</wf>
      </sentence>
      <sentence id="d000.s1620" source="wordnet-japanese">
         <wf lemma="世界" pos="X">世界</wf>
         <wf lemma="情勢" pos="X">情勢</wf>
         <wf lemma="に対する" pos="X">に対する</wf>
         <instance id="d000.s1620.t000" lemma="絶望的" pos="ADJ">絶望的</instance>
         <wf lemma="見通し" pos="X">見通し</wf>
         <wf lemma="." pos="X">.</wf>
      </sentence>
      <sentence id="d000.s1621" source="wordnet-japanese">
         <instance id="d000.s1621.t000" lemma="逆" pos="ADV">逆</instance>
         <wf lemma="に" pos="X">に</wf>
         <wf lemma="、" pos="X">、</wf>
         <wf lemma="すべて" pos="X">すべて</wf>
         <wf lemma="の" pos="X">の</wf>
         <wf lemma="女性" pos="X">女性</wf>
         <wf lemma="が" pos="X">が</wf>
         <wf lemma="母親" pos="X">母親</wf>
         <wf lemma="である" pos="X">である</wf>
         <wf lemma="という" pos="X">という</wf>
         <wf lemma="わけ" pos="X">わけ</wf>
         <wf lemma="で" pos="X">で</wf>
         <wf lemma="は" pos="X">は</wf>
         <wf lemma="ない" pos="X">ない</wf>
         <wf lemma="." pos="X">.</wf>
      </sentence>
      <sentence id="d000.s1622" source="wordnet-japanese">
         <wf lemma="研究" pos="X">研究</wf>
         <wf lemma="を" pos="X">を</wf>
         <instance id="d000.s1622.t000" lemma="行う" pos="VERB">行う</instance>
         <wf lemma="." pos="X">.</wf>
      </sentence>
      <sentence id="d000.s1623" source="wordnet-japanese">
         <wf lemma="彼" pos="X">彼</wf>
         <wf lemma="は" pos="X">は</wf>
         <wf lemma="舞台" pos="X">舞台</wf>
         <wf lemma="の" pos="X">の</wf>
         <instance id="d000.s1623.t000" lemma="正面" pos="NOUN">正面</instance>
         <wf lemma="に" pos="X">に</wf>
         <wf lemma="歩い" pos="X">歩い</wf>
         <wf lemma="た" pos="X">た</wf>
         <wf lemma="." pos="X">.</wf>
      </sentence>
      <sentence id="d000.s1624" source="wordnet-japanese">
         <instance id="d000.s1624.t000" lemma="豪華" pos="ADJ">豪華</instance>
         <wf lemma="な" pos="X">な</wf>
         <wf lemma="衣装" pos="X">衣装</wf>
         <wf lemma="." pos="X">.</wf>
      </sentence>
      <sentence id="d000.s1625" source="wordnet-japanese">
         <wf lemma="この" pos="X">この</wf>
         <wf lemma="核" pos="X">核</wf>
         <wf lemma="は" pos="X">は</wf>
         <wf lemma="速度" pos="X">速度</wf>
         <wf lemma="の" pos="X">の</wf>
         <wf lemma="遅い" pos="X">遅い</wf>
         <wf lemma="中性子" pos="X">中性子</wf>
         <wf lemma="を" pos="X">を</wf>
         <instance id="d000.s1625.t000" lemma="捕らえる" pos="VERB">捕らえ</instance>
         <wf lemma="た" pos="X">た</wf>
         <wf lemma="." pos="X">.</wf>
      </sentence>
      <sentence id="d000.s1626" source="wordnet-japanese">
         <wf lemma="新しい" pos="X">新しい</wf>
         <wf lemma="大統領" pos="X">大統領</wf>
         <wf lemma="は" pos="X">は</wf>
         <wf lemma="明らか" pos="X">明らか</wf>
         <wf lemma="に" pos="X">に</wf>
         <wf lemma="自分" pos="X">自分</wf>
         <wf lemma="の" pos="X">の</wf>
         <instance id="d000.s1626.t000" lemma="就任" pos="NOUN">就任</instance>
         <wf lemma="式" pos="X">式</wf>
         <wf lemma="を" pos="X">を</wf>
         <wf lemma="楽しん" pos="X">楽しん</wf>
         <wf lemma="で" pos="X">で</wf>
         <wf lemma="い" pos="X">い</wf>
         <wf lemma="た" pos="X">た</wf>
         <wf lemma="." pos="X">.</wf>
      </sentence>
      <sentence id="d000.s1627" source="wordnet-japanese">
         <instance id="d000.s1627.t000" lemma="清い" pos="ADJ">清い</instance>
         <wf lemma="生活" pos="X">生活</wf>
         <wf lemma="を" pos="X">を</wf>
         <wf lemma="送る" pos="X">送る</wf>
         <wf lemma="." pos="X">.</wf>
      </sentence>
      <sentence id="d000.s1628" source="wordnet-japanese">
         <wf lemma="彼ら" pos="X">彼ら</wf>
         <wf lemma="の" pos="X">の</wf>
         <wf lemma="計画" pos="X">計画</wf>
         <wf lemma="を" pos="X">を</wf>
         <wf lemma="成功" pos="X">成功</wf>
         <wf lemma="さ" pos="X">さ</wf>
         <wf lemma="せる" pos="X">せる</wf>
         <wf lemma="の" pos="X">の</wf>
         <wf lemma="に" pos="X">に</wf>
         <wf lemma="、" pos="X">、</wf>
         <wf lemma="議事" pos="X">議事</wf>
         <wf lemma="妨害" pos="X">妨害</wf>
         <wf lemma="が" pos="X">が</wf>
         <wf lemma="主" pos="X">主</wf>
         <wf lemma="な" pos="X">な</wf>
         <instance id="d000.s1628.t000" lemma="障害" pos="NOUN">障害</instance>
         <wf lemma="であっ" pos="X">であっ</wf>
         <wf lemma="た" pos="X">た</wf>
         <wf lemma="." pos="X">.</wf>
      </sentence>
      <sentence id="d000.s1629" source="wordnet-japanese">
         <wf lemma="冷淡" pos="X">冷淡</wf>
         <wf lemma="に" pos="X">に</wf>
         <wf lemma="見える" pos="X">見える</wf>
         <wf lemma="人々" pos="X">人々</wf>
         <wf lemma="は" pos="X">は</wf>
         <instance id="d000.s1629.t000" lemma="実は" pos="ADV">実は</instance>
         <wf lemma="単に" pos="X">単に</wf>
         <wf lemma="神経質" pos="X">神経質</wf>
         <wf lemma="な" pos="X">な</wf>
         <wf lemma="だけ" pos="X">だけ</wf>
         <wf lemma="である" pos="X">である</wf>
         <wf lemma="." pos="X">.</wf>
      </sentence>
      <sentence id="d000.s1630" source="wordnet-japanese">
         <wf lemma="凧" pos="X">凧</wf>
         <wf lemma="を" pos="X">を</wf>
         <instance id="d000.s1630.t000" lemma="揚げる" pos="VERB">揚げる</instance>
         <wf lemma="." pos="X">.</wf>
      </sentence>
      <sentence id="d000.s1631" source="wordnet-japanese">
         <wf lemma="彼" pos="X">彼</wf>
         <wf lemma="は" pos="X">は</wf>
         <wf lemma="、" pos="X">、</wf>
         <wf lemma="子供" pos="X">子供</wf>
         <wf lemma="に" pos="X">に</wf>
         <wf lemma="かなり" pos="X">かなり</wf>
         <instance id="d000.s1631.t000" lemma="自由" pos="NOUN">自由</instance>
         <wf lemma="な" pos="X">な</wf>
         <wf lemma="小遣い" pos="X">小遣い</wf>
         <wf lemma="の" pos="X">の</wf>
         <wf lemma="使い" pos="X">使い</wf>
         <wf lemma="方" pos="X">方</wf>
         <wf lemma="を" pos="X">を</wf>
         <wf lemma="さ" pos="X">さ</wf>
         <wf lemma="せ" pos="X">せ</wf>
         <wf lemma="て" pos="X">て</wf>
         <wf lemma="い" pos="X">い</wf>
         <wf lemma="た" pos="X">た</wf>
         <wf lemma="." pos="X">.</wf>
      </sentence>
      <sentence id="d000.s1632" source="wordnet-japanese">
         <wf lemma="彼" pos="X">彼</wf>
         <wf lemma="は" pos="X">は</wf>
         <wf lemma="ケープコッド" pos="X">ケープコッド</wf>
         <wf lemma="の" pos="X">の</wf>
         <instance id="d000.s1632.t000" lemma="店" pos="NOUN">店</instance>
         <wf lemma="で" pos="X">で</wf>
         <wf lemma="それ" pos="X">それ</wf>
         <wf lemma="を" pos="X">を</wf>
         <wf lemma="買っ" pos="X">買っ</wf>
         <wf lemma="た" pos="X">た</wf>
         <wf lemma="." pos="X">.</wf>
      </sentence>
      <sentence id="d000.s1633" source="wordnet-japanese">
         <wf lemma="私" pos="X">私</wf>
         <wf lemma="は" pos="X">は</wf>
         <wf lemma="あなた" pos="X">あなた</wf>
         <wf lemma="に" pos="X">に</wf>
         <wf lemma="2" pos="X">2</wf>
         <wf lemma="分" pos="X">分</wf>
         <wf lemma="間" pos="X">間</wf>
         <wf lemma="の" pos="X">の</wf>
         <wf lemma="反応" pos="X">反応</wf>
         <instance id="d000.s1633.t000" lemma="する" pos="VERB">する</instance>
         <wf lemma="ため" pos="X">ため</wf>
         <wf lemma="の" pos="X">の</wf>
         <wf lemma="時間" pos="X">時間</wf>
         <wf lemma="を" pos="X">を</wf>
         <wf lemma="与える" pos="X">与える</wf>
         <wf lemma="." pos="X">.</wf>
      </sentence>
      <sentence id="d000.s1634" source="wordnet-japanese">
         <wf lemma="ベルギー" pos="X">ベルギー</wf>
         <wf lemma="の" pos="X">の</wf>
         <instance id="d000.s1634.t000" lemma="中立化" pos="NOUN">中立化</instance>
         <wf lemma="." pos="X">.</wf>
      </sentence>
      <sentence id="d000.s1635" source="wordnet-japanese">
         <instance id="d000.s1635.t000" lemma="手短" pos="ADV">手短</instance>
         <wf lemma="に" pos="X">に</wf>
         <wf lemma="言う" pos="X">言う</wf>
         <wf lemma="と" pos="X">と</wf>
         <wf lemma="、" pos="X">、</wf>
         <wf lemma="我々" pos="X">我々</wf>
         <wf lemma="に" pos="X">に</wf>
         <wf lemma="は" pos="X">は</wf>
         <wf lemma="問題" pos="X">問題</wf>
         <wf lemma="が" pos="X">が</wf>
         <wf lemma="ある" pos="X">ある</wf>
         <wf lemma="." pos="X">.</wf>
      </sentence>
      <sentence id="d000.s1636" source="wordnet-japanese">
         <instance id="d000.s1636.t000" lemma="全国的" pos="ADV">全国的</instance>
         <wf lemma="に" pos="X">に</wf>
         <wf lemma="広告" pos="X">広告</wf>
         <wf lemma="さ" pos="X">さ</wf>
         <wf lemma="れる" pos="X">れる</wf>
         <wf lemma="." pos="X">.</wf>
      </sentence>
      <sentence id="d000.s1637" source="wordnet-japanese">
         <instance id="d000.s1637.t000" lemma="人" pos="NOUN">人</instance>
         <wf lemma="は" pos="X">は</wf>
         <wf lemma="結局" pos="X">結局</wf>
         <wf lemma="一人" pos="X">一人</wf>
         <wf lemma="で" pos="X">で</wf>
         <wf lemma="努力" pos="X">努力</wf>
         <wf lemma="を" pos="X">を</wf>
         <wf lemma="する" pos="X">する</wf>
         <wf lemma="." pos="X">.</wf>
      </sentence>
      <sentence id="d000.s1638" source="wordnet-japanese">
         <wf lemma="収入" pos="X">収入</wf>
         <wf lemma="と" pos="X">と</wf>
         <wf lemma="支出" pos="X">支出</wf>
         <wf lemma="の" pos="X">の</wf>
         <instance id="d000.s1638.t000" lemma="ギャップ" pos="NOUN">ギャップ</instance>
         <wf lemma="." pos="X">.</wf>
      </sentence>
      <sentence id="d000.s1639" source="wordnet-japanese">
         <wf lemma="ロープ" pos="X">ロープ</wf>
         <wf lemma="を" pos="X">を</wf>
         <instance id="d000.s1639.t000" lemma="切る" pos="VERB">切っ</instance>
         <wf lemma="て" pos="X">て</wf>
         <wf lemma="ください" pos="X">ください</wf>
         <wf lemma="." pos="X">.</wf>
      </sentence>
      <sentence id="d000.s1640" source="wordnet-japanese">
         <instance id="d000.s1640.t000" lemma="法外" pos="ADJ">法外</instance>
         <wf lemma="な" pos="X">な</wf>
         <wf lemma="賃貸料" pos="X">賃貸料</wf>
         <wf lemma="." pos="X">.</wf>
      </sentence>
      <sentence id="d000.s1641" source="wordnet-japanese">
         <instance id="d000.s1641.t000" lemma="下手" pos="ADJ">下手</instance>
         <wf lemma="な" pos="X">な</wf>
         <wf lemma="作品" pos="X">作品</wf>
         <wf lemma="." pos="X">.</wf>
      </sentence>
      <sentence id="d000.s1642" source="wordnet-japanese">
         <wf lemma="彼" pos="X">彼</wf>
         <wf lemma="は" pos="X">は</wf>
         <wf lemma="ラジオ" pos="X">ラジオ</wf>
         <wf lemma="で" pos="X">で</wf>
         <instance id="d000.s1642.t000" lemma="結果" pos="NOUN">結果</instance>
         <wf lemma="に" pos="X">に</wf>
         <wf lemma="耳" pos="X">耳</wf>
         <wf lemma="を" pos="X">を</wf>
         <wf lemma="傾け" pos="X">傾け</wf>
         <wf lemma="た" pos="X">た</wf>
         <wf lemma="." pos="X">.</wf>
      </sentence>
      <sentence id="d000.s1643" source="wordnet-japanese">
         <wf lemma="非難" pos="X">非難</wf>
         <wf lemma="に" pos="X">に</wf>
         <instance id="d000.s1643.t000" lemma="値する" pos="ADJ">値する</instance>
         <wf lemma="ふるまい" pos="X">ふるまい</wf>
         <wf lemma="." pos="X">.</wf>
      </sentence>
      <sentence id="d000.s1644" source="wordnet-japanese">
         <instance id="d000.s1644.t000" lemma="ヒステリック" pos="ADJ">ヒステリック</instance>
         <wf lemma="な" pos="X">な</wf>
         <wf lemma="笑い" pos="X">笑い</wf>
         <wf lemma="." pos="X">.</wf>
      </sentence>
      <sentence id="d000.s1645" source="wordnet-japanese">
         <wf lemma="あまり" pos="X">あまり</wf>
         <wf lemma="に" pos="X">に</wf>
         <wf lemma="頭脳" pos="X">頭脳</wf>
         <instance id="d000.s1645.t000" lemma="明敏" pos="ADJ">明敏</instance>
         <wf lemma="な" pos="X">な</wf>
         <wf lemma="ので" pos="X">ので</wf>
         <wf lemma="、" pos="X">、</wf>
         <wf lemma="彼" pos="X">彼</wf>
         <wf lemma="は" pos="X">は</wf>
         <wf lemma="その" pos="X">その</wf>
         <wf lemma="よう" pos="X">よう</wf>
         <wf lemma="な" pos="X">な</wf>
         <wf lemma="いい" pos="X">いい</wf>
         <wf lemma="加減" pos="X">加減</wf>
         <wf lemma="な" pos="X">な</wf>
         <wf lemma="論法" pos="X">論法</wf>
         <wf lemma="を" pos="X">を</wf>
         <wf lemma="取る" pos="X">取る</wf>
         <wf lemma="こと" pos="X">こと</wf>
         <wf lemma="が" pos="X">が</wf>
         <wf lemma="出来" pos="X">出来</wf>
         <wf lemma="ない" pos="X">ない</wf>
         <wf lemma="." pos="X">.</wf>
      </sentence>
      <sentence id="d000.s1646" source="wordnet-japanese">
         <wf lemma="彼" pos="X">彼</wf>
         <wf lemma="は" pos="X">は</wf>
         <wf lemma="、" pos="X">、</wf>
         <wf lemma="加害者" pos="X">加害者</wf>
         <wf lemma="の" pos="X">の</wf>
         <instance id="d000.s1646.t000" lemma="イメージ" pos="NOUN">イメージ</instance>
         <wf lemma="について" pos="X">について</wf>
         <wf lemma="説明" pos="X">説明</wf>
         <wf lemma="し" pos="X">し</wf>
         <wf lemma="た" pos="X">た</wf>
         <wf lemma="." pos="X">.</wf>
      </sentence>
      <sentence id="d000.s1647" source="wordnet-japanese">
         <wf lemma="彼ら" pos="X">彼ら</wf>
         <wf lemma="の" pos="X">の</wf>
         <instance id="d000.s1647.t000" lemma="逃走" pos="NOUN">逃走</instance>
         <wf lemma="経路" pos="X">経路</wf>
         <wf lemma="." pos="X">.</wf>
      </sentence>
      <sentence id="d000.s1648" source="wordnet-japanese">
         <instance id="d000.s1648.t000" lemma="潜在的" pos="ADV">潜在的</instance>
         <wf lemma="に" pos="X">に</wf>
         <wf lemma="役" pos="X">役</wf>
         <wf lemma="に" pos="X">に</wf>
         <wf lemma="立つ" pos="X">立つ</wf>
         <wf lemma="." pos="X">.</wf>
      </sentence>
      <sentence id="d000.s1649" source="wordnet-japanese">
         <instance id="d000.s1649.t000" lemma="結局" pos="ADV">結局</instance>
         <wf lemma="パーティー" pos="X">パーティー</wf>
         <wf lemma="に" pos="X">に</wf>
         <wf lemma="来" pos="X">来</wf>
         <wf lemma="た" pos="X">た</wf>
         <wf lemma="." pos="X">.</wf>
      </sentence>
      <sentence id="d000.s1650" source="wordnet-japanese">
         <instance id="d000.s1650.t000" lemma="壮大" pos="ADJ">壮大</instance>
         <wf lemma="な" pos="X">な</wf>
         <wf lemma="航海" pos="X">航海</wf>
         <wf lemma="." pos="X">.</wf>
      </sentence>
      <sentence id="d000.s1651" source="wordnet-japanese">
         <wf lemma="彼" pos="X">彼</wf>
         <wf lemma="は" pos="X">は</wf>
         <wf lemma="スケート" pos="X">スケート</wf>
         <wf lemma="において" pos="X">において</wf>
         <wf lemma="金メダル" pos="X">金メダル</wf>
         <wf lemma="を" pos="X">を</wf>
         <instance id="d000.s1651.t000" lemma="勝ち取る" pos="VERB">勝ち取っ</instance>
         <wf lemma="た" pos="X">た</wf>
         <wf lemma="." pos="X">.</wf>
      </sentence>
      <sentence id="d000.s1652" source="wordnet-japanese">
         <wf lemma="乞食" pos="X">乞食</wf>
         <wf lemma="が" pos="X">が</wf>
         <wf lemma="金持ち" pos="X">金持ち</wf>
         <wf lemma="の" pos="X">の</wf>
         <instance id="d000.s1652.t000" lemma="仮装" pos="NOUN">仮装</instance>
         <wf lemma="を" pos="X">を</wf>
         <wf lemma="する" pos="X">する</wf>
         <wf lemma="こと" pos="X">こと</wf>
         <wf lemma="." pos="X">.</wf>
      </sentence>
      <sentence id="d000.s1653" source="wordnet-japanese">
         <wf lemma="彼" pos="X">彼</wf>
         <wf lemma="は" pos="X">は</wf>
         <wf lemma="、" pos="X">、</wf>
         <instance id="d000.s1653.t000" lemma="参照" pos="NOUN">参照</instance>
         <wf lemma="は" pos="X">は</wf>
         <wf lemma="、" pos="X">、</wf>
         <wf lemma="条件" pos="X">条件</wf>
         <wf lemma="反射" pos="X">反射</wf>
         <wf lemma="の" pos="X">の</wf>
         <wf lemma="結果" pos="X">結果</wf>
         <wf lemma="である" pos="X">である</wf>
         <wf lemma="と" pos="X">と</wf>
         <wf lemma="主張" pos="X">主張</wf>
         <wf lemma="し" pos="X">し</wf>
         <wf lemma="た" pos="X">た</wf>
         <wf lemma="." pos="X">.</wf>
      </sentence>
      <sentence id="d000.s1654" source="wordnet-japanese">
         <wf lemma="私" pos="X">私</wf>
         <wf lemma="に" pos="X">に</wf>
         <wf lemma="財政" pos="X">財政</wf>
         <wf lemma="上" pos="X">上</wf>
         <wf lemma="、" pos="X">、</wf>
         <wf lemma="あまり" pos="X">あまり</wf>
         <wf lemma="に" pos="X">に</wf>
         <instance id="d000.s1654.t000" lemma="高価" pos="ADJ">高価</instance>
         <wf lemma="すぎる" pos="X">すぎる</wf>
         <wf lemma="." pos="X">.</wf>
      </sentence>
      <sentence id="d000.s1655" source="wordnet-japanese">
         <wf lemma="溶解" pos="X">溶解</wf>
         <wf lemma="し" pos="X">し</wf>
         <wf lemma="た" pos="X">た</wf>
         <instance id="d000.s1655.t000" lemma="媒体" pos="NOUN">媒体</instance>
         <wf lemma="は" pos="X">は</wf>
         <wf lemma="、" pos="X">、</wf>
         <wf lemma="溶剤" pos="X">溶剤</wf>
         <wf lemma="と" pos="X">と</wf>
         <wf lemma="呼ば" pos="X">呼ば</wf>
         <wf lemma="れる" pos="X">れる</wf>
         <wf lemma="." pos="X">.</wf>
      </sentence>
      <sentence id="d000.s1656" source="wordnet-japanese">
         <instance id="d000.s1656.t000" lemma="全く" pos="ADV">全く</instance>
         <wf lemma="惨め" pos="X">惨め</wf>
         <wf lemma="な." pos="X">な.</wf>
      </sentence>
      <sentence id="d000.s1657" source="wordnet-japanese">
         <wf lemma="彼ら" pos="X">彼ら</wf>
         <wf lemma="は" pos="X">は</wf>
         <wf lemma="、" pos="X">、</wf>
         <wf lemma="歌" pos="X">歌</wf>
         <wf lemma="を" pos="X">を</wf>
         <instance id="d000.s1657.t000" lemma="輪唱" pos="NOUN">輪唱</instance>
         <wf lemma="し" pos="X">し</wf>
         <wf lemma="て" pos="X">て</wf>
         <wf lemma="楽しん" pos="X">楽しん</wf>
         <wf lemma="だ" pos="X">だ</wf>
         <wf lemma="." pos="X">.</wf>
      </sentence>
      <sentence id="d000.s1658" source="wordnet-japanese">
         <instance id="d000.s1658.t000" lemma="適度" pos="ADJ">適度</instance>
         <wf lemma="の" pos="X">の</wf>
         <wf lemma="収入" pos="X">収入</wf>
         <wf lemma="." pos="X">.</wf>
      </sentence>
      <sentence id="d000.s1659" source="wordnet-japanese">
         <wf lemma="より" pos="X">より</wf>
         <instance id="d000.s1659.t000" lemma="重要" pos="ADV">重要</instance>
         <wf lemma="な" pos="X">な</wf>
         <wf lemma="こと" pos="X">こと</wf>
         <wf lemma="に" pos="X">に</wf>
         <wf lemma="、" pos="X">、</wf>
         <wf lemma="ウェーバー" pos="X">ウェーバー</wf>
         <wf lemma="は" pos="X">は</wf>
         <wf lemma="社会科学者" pos="X">社会科学者</wf>
         <wf lemma="によって" pos="X">によって</wf>
         <wf lemma="事象" pos="X">事象</wf>
         <wf lemma="に" pos="X">に</wf>
         <wf lemma="付随" pos="X">付随</wf>
         <wf lemma="さ" pos="X">さ</wf>
         <wf lemma="し" pos="X">し</wf>
         <wf lemma="た" pos="X">た</wf>
         <wf lemma="様々" pos="X">様々</wf>
         <wf lemma="な" pos="X">な</wf>
         <wf lemma="意味" pos="X">意味</wf>
         <wf lemma="が" pos="X">が</wf>
         <wf lemma="具体的" pos="X">具体的</wf>
         <wf lemma="な" pos="X">な</wf>
         <wf lemma="事象" pos="X">事象</wf>
         <wf lemma="そのもの" pos="X">そのもの</wf>
         <wf lemma="の" pos="X">の</wf>
         <wf lemma="彼" pos="X">彼</wf>
         <wf lemma="の" pos="X">の</wf>
         <wf lemma="定義" pos="X">定義</wf>
         <wf lemma="を" pos="X">を</wf>
         <wf lemma="変える" pos="X">変える</wf>
         <wf lemma="こと" pos="X">こと</wf>
         <wf lemma="が" pos="X">が</wf>
         <wf lemma="できる" pos="X">できる</wf>
         <wf lemma="と" pos="X">と</wf>
         <wf lemma="考え" pos="X">考え</wf>
         <wf lemma="た" pos="X">た</wf>
         <wf lemma="." pos="X">.</wf>
      </sentence>
      <sentence id="d000.s1660" source="wordnet-japanese">
         <instance id="d000.s1660.t000" lemma="厚かましい" pos="ADJ">厚かましい</instance>
         <wf lemma="傲慢" pos="X">傲慢</wf>
         <wf lemma="さ" pos="X">さ</wf>
         <wf lemma="." pos="X">.</wf>
      </sentence>
      <sentence id="d000.s1661" source="wordnet-japanese">
         <wf lemma="ハーブ" pos="X">ハーブ</wf>
         <wf lemma="の" pos="X">の</wf>
         <wf lemma="使用" pos="X">使用</wf>
         <wf lemma="が" pos="X">が</wf>
         <wf lemma="フランス" pos="X">フランス</wf>
         <wf lemma="料理" pos="X">料理</wf>
         <wf lemma="の" pos="X">の</wf>
         <instance id="d000.s1661.t000" lemma="素晴らしさ" pos="NOUN">素晴らしさ</instance>
         <wf lemma="の" pos="X">の</wf>
         <wf lemma="1" pos="X">1</wf>
         <wf lemma="つ" pos="X">つ</wf>
         <wf lemma="である" pos="X">である</wf>
         <wf lemma="." pos="X">.</wf>
      </sentence>
      <sentence id="d000.s1662" source="wordnet-japanese">
         <wf lemma="マイナス" pos="X">マイナス</wf>
         <instance id="d000.s1662.t000" lemma="記号" pos="NOUN">記号</instance>
         <wf lemma="を" pos="X">を</wf>
         <wf lemma="忘れ" pos="X">忘れ</wf>
         <wf lemma="ない" pos="X">ない</wf>
         <wf lemma="で" pos="X">で</wf>
         <wf lemma="ください" pos="X">ください</wf>
         <wf lemma="." pos="X">.</wf>
      </sentence>
      <sentence id="d000.s1663" source="wordnet-japanese">
         <wf lemma="彼" pos="X">彼</wf>
         <wf lemma="は" pos="X">は</wf>
         <wf lemma="彼女" pos="X">彼女</wf>
         <wf lemma="の" pos="X">の</wf>
         <wf lemma="顔" pos="X">顔</wf>
         <wf lemma="を" pos="X">を</wf>
         <wf lemma="激しく" pos="X">激しく</wf>
         <instance id="d000.s1663.t000" lemma="殴る" pos="VERB">殴っ</instance>
         <wf lemma="た" pos="X">た</wf>
         <wf lemma="." pos="X">.</wf>
      </sentence>
      <sentence id="d000.s1664" source="wordnet-japanese">
         <wf lemma="花" pos="X">花</wf>
         <wf lemma="を" pos="X">を</wf>
         <wf lemma="衰え" pos="X">衰え</wf>
         <wf lemma="さ" pos="X">さ</wf>
         <wf lemma="せれ" pos="X">せれ</wf>
         <wf lemma="ば" pos="X">ば</wf>
         <wf lemma="、" pos="X">、</wf>
         <wf lemma="あなた" pos="X">あなた</wf>
         <wf lemma="は" pos="X">は</wf>
         <wf lemma="すべて" pos="X">すべて</wf>
         <wf lemma="の" pos="X">の</wf>
         <wf lemma="花" pos="X">花</wf>
         <wf lemma="の" pos="X">の</wf>
         <instance id="d000.s1664.t000" lemma="開花" pos="NOUN">開花</instance>
         <wf lemma="を" pos="X">を</wf>
         <wf lemma="とめ" pos="X">とめ</wf>
         <wf lemma="られる" pos="X">られる</wf>
         <wf lemma="だろ" pos="X">だろ</wf>
         <wf lemma="う" pos="X">う</wf>
         <wf lemma="." pos="X">.</wf>
      </sentence>
      <sentence id="d000.s1665" source="wordnet-japanese">
         <wf lemma="リード" pos="X">リード</wf>
         <wf lemma="は" pos="X">は</wf>
         <wf lemma="、" pos="X">、</wf>
         <wf lemma="音" pos="X">音</wf>
         <wf lemma="を" pos="X">を</wf>
         <wf lemma="出す" pos="X">出す</wf>
         <instance id="d000.s1665.t000" lemma="バイブレーター" pos="NOUN">バイブレーター</instance>
         <wf lemma="だ" pos="X">だ</wf>
         <wf lemma="." pos="X">.</wf>
      </sentence>
      <sentence id="d000.s1666" source="wordnet-japanese">
         <wf lemma="製氷機" pos="X">製氷機</wf>
         <wf lemma="の" pos="X">の</wf>
         <wf lemma="雑音" pos="X">雑音</wf>
         <wf lemma="は" pos="X">は</wf>
         <wf lemma="、" pos="X">、</wf>
         <wf lemma="音楽" pos="X">音楽</wf>
         <wf lemma="を" pos="X">を</wf>
         <instance id="d000.s1666.t000" lemma="かき消す" pos="VERB">かき消し</instance>
         <wf lemma="た" pos="X">た</wf>
         <wf lemma="." pos="X">.</wf>
      </sentence>
      <sentence id="d000.s1667" source="wordnet-japanese">
         <instance id="d000.s1667.t000" lemma="正しい" pos="ADJ">正しい</instance>
         <wf lemma="答." pos="X">答.</wf>
      </sentence>
      <sentence id="d000.s1668" source="wordnet-japanese">
         <wf lemma="爆竹" pos="X">爆竹</wf>
         <wf lemma="の" pos="X">の</wf>
         <instance id="d000.s1668.t000" lemma="破裂" pos="NOUN">破裂</instance>
         <wf lemma="は" pos="X">は</wf>
         <wf lemma="子供" pos="X">子供</wf>
         <wf lemma="たち" pos="X">たち</wf>
         <wf lemma="を" pos="X">を</wf>
         <wf lemma="目" pos="X">目</wf>
         <wf lemma="覚め" pos="X">覚め</wf>
         <wf lemma="さ" pos="X">さ</wf>
         <wf lemma="せ" pos="X">せ</wf>
         <wf lemma="た" pos="X">た</wf>
         <wf lemma="." pos="X">.</wf>
      </sentence>
      <sentence id="d000.s1669" source="wordnet-japanese">
         <wf lemma="心底" pos="X">心底</wf>
         <instance id="d000.s1669.t000" lemma="よい" pos="ADJ">よい</instance>
         <wf lemma="人" pos="X">人</wf>
         <wf lemma="." pos="X">.</wf>
      </sentence>
      <sentence id="d000.s1670" source="wordnet-japanese">
         <wf lemma="英語" pos="X">英語</wf>
         <wf lemma="について" pos="X">について</wf>
         <wf lemma="は" pos="X">は</wf>
         <wf lemma="、" pos="X">、</wf>
         <wf lemma="植字工" pos="X">植字工</wf>
         <wf lemma="は" pos="X">は</wf>
         <wf lemma="通常" pos="X">通常</wf>
         <wf lemma="そのよう" pos="X">そのよう</wf>
         <wf lemma="な" pos="X">な</wf>
         <wf lemma="2" pos="X">2</wf>
         <wf lemma="つ" pos="X">つ</wf>
         <wf lemma="の" pos="X">の</wf>
         <wf lemma="事象例" pos="X">事象例</wf>
         <wf lemma="が" pos="X">が</wf>
         <wf lemma="ある" pos="X">ある</wf>
         <wf lemma="、" pos="X">、</wf>
         <wf lemma="大文字" pos="X">大文字</wf>
         <wf lemma="を" pos="X">を</wf>
         <wf lemma="含ん" pos="X">含ん</wf>
         <wf lemma="で" pos="X">で</wf>
         <wf lemma="いる" pos="X">いる</wf>
         <wf lemma="大文字" pos="X">大文字</wf>
         <wf lemma="用" pos="X">用</wf>
         <wf lemma="植字" pos="X">植字</wf>
         <instance id="d000.s1670.t000" lemma="ケース" pos="NOUN">ケース</instance>
         <wf lemma="と" pos="X">と</wf>
         <wf lemma="小文字" pos="X">小文字</wf>
         <wf lemma="を" pos="X">を</wf>
         <wf lemma="含ん" pos="X">含ん</wf>
         <wf lemma="で" pos="X">で</wf>
         <wf lemma="いる" pos="X">いる</wf>
         <wf lemma="小文字" pos="X">小文字</wf>
         <wf lemma="用" pos="X">用</wf>
         <wf lemma="植字" pos="X">植字</wf>
         <wf lemma="ケース" pos="X">ケース</wf>
         <wf lemma="が" pos="X">が</wf>
         <wf lemma="ある" pos="X">ある</wf>
         <wf lemma="." pos="X">.</wf>
      </sentence>
      <sentence id="d000.s1671" source="wordnet-japanese">
         <instance id="d000.s1671.t000" lemma="短い" pos="ADJ">短く</instance>
         <wf lemma="て" pos="X">て</wf>
         <wf lemma="、" pos="X">、</wf>
         <wf lemma="簡潔" pos="X">簡潔</wf>
         <wf lemma="で" pos="X">で</wf>
         <wf lemma="理解" pos="X">理解</wf>
         <wf lemma="する" pos="X">する</wf>
         <wf lemma="の" pos="X">の</wf>
         <wf lemma="が" pos="X">が</wf>
         <wf lemma="簡単" pos="X">簡単</wf>
         <wf lemma="な" pos="X">な</wf>
         <wf lemma="." pos="X">.</wf>
      </sentence>
      <sentence id="d000.s1672" source="wordnet-japanese">
         <wf lemma="カスバ" pos="X">カスバ</wf>
         <wf lemma="に" pos="X">に</wf>
         <wf lemma="私" pos="X">私</wf>
         <wf lemma="と" pos="X">と</wf>
         <instance id="d000.s1672.t000" lemma="来る" pos="VERB">来</instance>
         <wf lemma="て" pos="X">て</wf>
         <wf lemma="ください" pos="X">ください</wf>
         <wf lemma="." pos="X">.</wf>
      </sentence>
      <sentence id="d000.s1673" source="wordnet-japanese">
         <wf lemma="バイキング" pos="X">バイキング</wf>
         <wf lemma="が" pos="X">が</wf>
         <wf lemma="英国" pos="X">英国</wf>
         <wf lemma="で" pos="X">で</wf>
         <instance id="d000.s1673.t000" lemma="アングロサクソン" pos="NOUN">アングロサクソン</instance>
         <wf lemma="人" pos="X">人</wf>
         <wf lemma="を" pos="X">を</wf>
         <wf lemma="襲撃" pos="X">襲撃</wf>
         <wf lemma="し" pos="X">し</wf>
         <wf lemma="始め" pos="X">始め</wf>
         <wf lemma="た" pos="X">た</wf>
         <wf lemma="9" pos="X">9</wf>
         <wf lemma="世紀" pos="X">世紀</wf>
         <wf lemma="め" pos="X">め</wf>
         <wf lemma="に" pos="X">に</wf>
         <wf lemma="." pos="X">.</wf>
      </sentence>
      <sentence id="d000.s1674" source="wordnet-japanese">
         <wf lemma="彼" pos="X">彼</wf>
         <wf lemma="は" pos="X">は</wf>
         <wf lemma="ドア" pos="X">ドア</wf>
         <wf lemma="に" pos="X">に</wf>
         <instance id="d000.s1674.t000" lemma="突進" pos="NOUN">突進</instance>
         <wf lemma="し" pos="X">し</wf>
         <wf lemma="た" pos="X">た</wf>
         <wf lemma="." pos="X">.</wf>
      </sentence>
      <sentence id="d000.s1675" source="wordnet-japanese">
         <wf lemma="子供" pos="X">子供</wf>
         <wf lemma="は" pos="X">は</wf>
         <wf lemma="、" pos="X">、</wf>
         <wf lemma="1" pos="X">1</wf>
         <wf lemma="切れ" pos="X">切れ</wf>
         <wf lemma="の" pos="X">の</wf>
         <wf lemma="ケーキ" pos="X">ケーキ</wf>
         <wf lemma="が" pos="X">が</wf>
         <wf lemma="もう" pos="X">もう</wf>
         <wf lemma="一方" pos="X">一方</wf>
         <wf lemma="より" pos="X">より</wf>
         <wf lemma="も" pos="X">も</wf>
         <instance id="d000.s1675.t000" lemma="わずか" pos="ADV">わずか</instance>
         <wf lemma="により" pos="X">により</wf>
         <wf lemma="大きかっ" pos="X">大きかっ</wf>
         <wf lemma="た" pos="X">た</wf>
         <wf lemma="ので" pos="X">ので</wf>
         <wf lemma="議論" pos="X">議論</wf>
         <wf lemma="し" pos="X">し</wf>
         <wf lemma="た" pos="X">た</wf>
         <wf lemma="." pos="X">.</wf>
      </sentence>
      <sentence id="d000.s1676" source="wordnet-japanese">
         <wf lemma="彼ら" pos="X">彼ら</wf>
         <wf lemma="は" pos="X">は</wf>
         <wf lemma="自分" pos="X">自分</wf>
         <wf lemma="たち" pos="X">たち</wf>
         <wf lemma="の" pos="X">の</wf>
         <instance id="d000.s1676.t000" lemma="分野" pos="NOUN">分野</instance>
         <wf lemma="で" pos="X">で</wf>
         <wf lemma="は" pos="X">は</wf>
         <wf lemma="際" pos="X">際</wf>
         <wf lemma="だっ" pos="X">だっ</wf>
         <wf lemma="て" pos="X">て</wf>
         <wf lemma="いる" pos="X">いる</wf>
         <wf lemma="." pos="X">.</wf>
      </sentence>
      <sentence id="d000.s1677" source="wordnet-japanese">
         <instance id="d000.s1677.t000" lemma="恥知らず" pos="ADJ">恥知らず</instance>
         <wf lemma="な" pos="X">な</wf>
         <wf lemma="詐欺師" pos="X">詐欺師</wf>
         <wf lemma="." pos="X">.</wf>
      </sentence>
      <sentence id="d000.s1678" source="wordnet-japanese">
         <wf lemma="彼" pos="X">彼</wf>
         <wf lemma="は" pos="X">は</wf>
         <wf lemma="まず" pos="X">まず</wf>
         <wf lemma="必ず" pos="X">必ず</wf>
         <instance id="d000.s1678.t000" lemma="歌詞" pos="NOUN">歌詞</instance>
         <wf lemma="から" pos="X">から</wf>
         <wf lemma="作曲" pos="X">作曲</wf>
         <wf lemma="に" pos="X">に</wf>
         <wf lemma="取り" pos="X">取り</wf>
         <wf lemma="かかっ" pos="X">かかっ</wf>
         <wf lemma="た" pos="X">た</wf>
         <wf lemma="." pos="X">.</wf>
      </sentence>
      <sentence id="d000.s1679" source="wordnet-japanese">
         <wf lemma="契約" pos="X">契約</wf>
         <wf lemma="は" pos="X">は</wf>
         <wf lemma="リース" pos="X">リース</wf>
         <wf lemma="の" pos="X">の</wf>
         <instance id="d000.s1679.t000" lemma="条件" pos="NOUN">条件</instance>
         <wf lemma="を" pos="X">を</wf>
         <wf lemma="提示" pos="X">提示</wf>
         <wf lemma="する" pos="X">する</wf>
         <wf lemma="契約" pos="X">契約</wf>
         <wf lemma="を" pos="X">を</wf>
         <wf lemma="結ん" pos="X">結ん</wf>
         <wf lemma="だ" pos="X">だ</wf>
         <wf lemma="." pos="X">.</wf>
      </sentence>
      <sentence id="d000.s1680" source="wordnet-japanese">
         <instance id="d000.s1680.t000" lemma="公正" pos="ADJ">公正</instance>
         <wf lemma="な" pos="X">な</wf>
         <wf lemma="取引" pos="X">取引</wf>
         <wf lemma="." pos="X">.</wf>
      </sentence>
      <sentence id="d000.s1681" source="wordnet-japanese">
         <wf lemma="武器" pos="X">武器</wf>
         <wf lemma="を" pos="X">を</wf>
         <instance id="d000.s1681.t000" lemma="抜く" pos="VERB">抜く</instance>
         <wf lemma="." pos="X">.</wf>
      </sentence>
      <sentence id="d000.s1682" source="wordnet-japanese">
         <wf lemma="花" pos="X">花</wf>
         <wf lemma="を" pos="X">を</wf>
         <wf lemma="油" pos="X">油</wf>
         <wf lemma="に" pos="X">に</wf>
         <instance id="d000.s1682.t000" lemma="浸す" pos="VERB">浸す</instance>
         <wf lemma="." pos="X">.</wf>
      </sentence>
      <sentence id="d000.s1683" source="wordnet-japanese">
         <wf lemma="彼" pos="X">彼</wf>
         <wf lemma="の" pos="X">の</wf>
         <wf lemma="社会的" pos="X">社会的</wf>
         <wf lemma="活動" pos="X">活動</wf>
         <instance id="d000.s1683.t000" lemma="範囲" pos="NOUN">範囲</instance>
         <wf lemma="は" pos="X">は</wf>
         <wf lemma="限ら" pos="X">限ら</wf>
         <wf lemma="れ" pos="X">れ</wf>
         <wf lemma="て" pos="X">て</wf>
         <wf lemma="いる" pos="X">いる</wf>
         <wf lemma="." pos="X">.</wf>
      </sentence>
      <sentence id="d000.s1684" source="wordnet-japanese">
         <wf lemma="食べる" pos="X">食べる</wf>
         <wf lemma="こと" pos="X">こと</wf>
         <wf lemma="で" pos="X">で</wf>
         <wf lemma="の" pos="X">の</wf>
         <instance id="d000.s1684.t000" lemma="官能的" pos="ADJ">官能的</instance>
         <wf lemma="な" pos="X">な</wf>
         <wf lemma="喜び" pos="X">喜び</wf>
         <wf lemma="." pos="X">.</wf>
      </sentence>
      <sentence id="d000.s1685" source="wordnet-japanese">
         <instance id="d000.s1685.t000" lemma="高い" pos="ADJ">高い</instance>
         <wf lemma="斜面" pos="X">斜面</wf>
         <wf lemma="." pos="X">.</wf>
      </sentence>
      <sentence id="d000.s1686" source="wordnet-japanese">
         <wf lemma="彼女" pos="X">彼女</wf>
         <wf lemma="が" pos="X">が</wf>
         <wf lemma="客" pos="X">客</wf>
         <wf lemma="の" pos="X">の</wf>
         <wf lemma="中" pos="X">中</wf>
         <wf lemma="に" pos="X">に</wf>
         <wf lemma="私" pos="X">私</wf>
         <wf lemma="を" pos="X">を</wf>
         <wf lemma="入れ" pos="X">入れ</wf>
         <wf lemma="なかっ" pos="X">なかっ</wf>
         <wf lemma="た" pos="X">た</wf>
         <wf lemma="とき" pos="X">とき</wf>
         <wf lemma="に" pos="X">に</wf>
         <wf lemma="は" pos="X">は</wf>
         <wf lemma="彼女" pos="X">彼女</wf>
         <wf lemma="は" pos="X">は</wf>
         <wf lemma="私" pos="X">私</wf>
         <wf lemma="を" pos="X">を</wf>
         <instance id="d000.s1686.t000" lemma="傷つける" pos="VERB">傷つけ</instance>
         <wf lemma="た" pos="X">た</wf>
         <wf lemma="." pos="X">.</wf>
      </sentence>
      <sentence id="d000.s1687" source="wordnet-japanese">
         <wf lemma="彼女" pos="X">彼女</wf>
         <wf lemma="は" pos="X">は</wf>
         <wf lemma="、" pos="X">、</wf>
         <wf lemma="ベッド" pos="X">ベッド</wf>
         <wf lemma="の" pos="X">の</wf>
         <instance id="d000.s1687.t000" lemma="乱れ" pos="NOUN">乱れ</instance>
         <wf lemma="を" pos="X">を</wf>
         <wf lemma="直し" pos="X">直し</wf>
         <wf lemma="た" pos="X">た</wf>
         <wf lemma="." pos="X">.</wf>
      </sentence>
      <sentence id="d000.s1688" source="wordnet-japanese">
         <wf lemma="複文" pos="X">複文</wf>
         <wf lemma="の" pos="X">の</wf>
         <instance id="d000.s1688.t000" lemma="主要" pos="ADJ">主要</instance>
         <wf lemma="な" pos="X">な</wf>
         <wf lemma="（" pos="X">（</wf>
         <wf lemma="または" pos="X">または</wf>
         <wf lemma="独立" pos="X">独立</wf>
         <wf lemma="し" pos="X">し</wf>
         <wf lemma="た" pos="X">た</wf>
         <wf lemma="）節" pos="X">）節</wf>
         <wf lemma="に" pos="X">に</wf>
         <wf lemma="は" pos="X">は</wf>
         <wf lemma="、" pos="X">、</wf>
         <wf lemma="少なく" pos="X">少なく</wf>
         <wf lemma="とも" pos="X">とも</wf>
         <wf lemma="主語" pos="X">主語</wf>
         <wf lemma="と" pos="X">と</wf>
         <wf lemma="動詞" pos="X">動詞</wf>
         <wf lemma="が" pos="X">が</wf>
         <wf lemma="ある" pos="X">ある</wf>
         <wf lemma="." pos="X">.</wf>
      </sentence>
      <sentence id="d000.s1689" source="wordnet-japanese">
         <wf lemma="リスト" pos="X">リスト</wf>
         <wf lemma="は" pos="X">は</wf>
         <wf lemma="多く" pos="X">多く</wf>
         <wf lemma="の" pos="X">の</wf>
         <wf lemma="有名" pos="X">有名</wf>
         <wf lemma="な" pos="X">な</wf>
         <wf lemma="作家" pos="X">作家</wf>
         <wf lemma="の" pos="X">の</wf>
         <wf lemma="名前" pos="X">名前</wf>
         <wf lemma="を" pos="X">を</wf>
         <instance id="d000.s1689.t000" lemma="含む" pos="VERB">含ん</instance>
         <wf lemma="で" pos="X">で</wf>
         <wf lemma="いる" pos="X">いる</wf>
         <wf lemma="." pos="X">.</wf>
      </sentence>
      <sentence id="d000.s1690" source="wordnet-japanese">
         <wf lemma="会議" pos="X">会議</wf>
         <wf lemma="を" pos="X">を</wf>
         <wf lemma="招集" pos="X">招集</wf>
         <wf lemma="する" pos="X">する</wf>
         <wf lemma="こと" pos="X">こと</wf>
         <wf lemma="は" pos="X">は</wf>
         <wf lemma="、" pos="X">、</wf>
         <wf lemma="それ" pos="X">それ</wf>
         <wf lemma="自体" pos="X">自体</wf>
         <wf lemma="、" pos="X">、</wf>
         <instance id="d000.s1690.t000" lemma="政治的" pos="ADJ">政治的</instance>
         <wf lemma="な" pos="X">な</wf>
         <wf lemma="行為" pos="X">行為</wf>
         <wf lemma="である" pos="X">である</wf>
         <wf lemma="−" pos="X">−</wf>
         <wf lemma="ダニエル" pos="X">ダニエル</wf>
         <wf lemma="・" pos="X">・</wf>
         <wf lemma="ゴールマン" pos="X">ゴールマン</wf>
         <wf lemma="." pos="X">.</wf>
      </sentence>
      <sentence id="d000.s1691" source="wordnet-japanese">
         <wf lemma="この" pos="X">この</wf>
         <wf lemma="切り株" pos="X">切り株</wf>
         <wf lemma="は" pos="X">は</wf>
         <wf lemma="、" pos="X">、</wf>
         <wf lemma="ピクニック" pos="X">ピクニック</wf>
         <wf lemma="の" pos="X">の</wf>
         <wf lemma="テーブル" pos="X">テーブル</wf>
         <wf lemma="に" pos="X">に</wf>
         <wf lemma="ちょうど" pos="X">ちょうど</wf>
         <instance id="d000.s1691.t000" lemma="良い" pos="ADJ">良い</instance>
         <wf lemma="." pos="X">.</wf>
      </sentence>
      <sentence id="d000.s1692" source="wordnet-japanese">
         <wf lemma="ある" pos="X">ある</wf>
         <wf lemma="音程" pos="X">音程</wf>
         <wf lemma="を" pos="X">を</wf>
         <instance id="d000.s1692.t000" lemma="鳴らす" pos="VERB">鳴らす</instance>
         <wf lemma="." pos="X">.</wf>
      </sentence>
      <sentence id="d000.s1693" source="wordnet-japanese">
         <wf lemma="解雇" pos="X">解雇</wf>
         <wf lemma="さ" pos="X">さ</wf>
         <wf lemma="れ" pos="X">れ</wf>
         <wf lemma="かね" pos="X">かね</wf>
         <wf lemma="ない" pos="X">ない</wf>
         <wf lemma="彼" pos="X">彼</wf>
         <wf lemma="の" pos="X">の</wf>
         <instance id="d000.s1693.t000" lemma="苦悩" pos="NOUN">苦悩</instance>
         <wf lemma="." pos="X">.</wf>
      </sentence>
      <sentence id="d000.s1694" source="wordnet-japanese">
         <instance id="d000.s1694.t000" lemma="もろい" pos="ADJ">もろい</instance>
         <wf lemma="古い" pos="X">古い</wf>
         <wf lemma="骨" pos="X">骨</wf>
         <wf lemma="." pos="X">.</wf>
      </sentence>
      <sentence id="d000.s1695" source="wordnet-japanese">
         <wf lemma="ミーティング" pos="X">ミーティング</wf>
         <wf lemma="は" pos="X">は</wf>
         <wf lemma="役員会" pos="X">役員会</wf>
         <wf lemma="の" pos="X">の</wf>
         <wf lemma="議長" pos="X">議長</wf>
         <wf lemma="の" pos="X">の</wf>
         <wf lemma="運営" pos="X">運営</wf>
         <wf lemma="によって" pos="X">によって</wf>
         <instance id="d000.s1695.t000" lemma="終わる" pos="VERB">終わっ</instance>
         <wf lemma="た" pos="X">た</wf>
         <wf lemma="." pos="X">.</wf>
      </sentence>
      <sentence id="d000.s1696" source="wordnet-japanese">
         <wf lemma="『" pos="X">『</wf>
         <wf lemma="he" pos="X">he</wf>
         <wf lemma="washed" pos="X">washed</wf>
         <wf lemma="（" pos="X">（</wf>
         <wf lemma="彼" pos="X">彼</wf>
         <wf lemma="は" pos="X">は</wf>
         <wf lemma="洗う" pos="X">洗う</wf>
         <wf lemma="）" pos="X">）</wf>
         <wf lemma="』" pos="X">』</wf>
         <wf lemma="という" pos="X">という</wf>
         <wf lemma="文" pos="X">文</wf>
         <wf lemma="に" pos="X">に</wf>
         <wf lemma="は" pos="X">は</wf>
         <wf lemma="、" pos="X">、</wf>
         <instance id="d000.s1696.t000" lemma="再帰動詞" pos="NOUN">再帰動詞</instance>
         <wf lemma="が" pos="X">が</wf>
         <wf lemma="ある" pos="X">ある</wf>
         <wf lemma="." pos="X">.</wf>
      </sentence>
      <sentence id="d000.s1697" source="wordnet-japanese">
         <wf lemma="テネシー" pos="X">テネシー</wf>
         <wf lemma="の" pos="X">の</wf>
         <wf lemma="田舎町" pos="X">田舎町</wf>
         <wf lemma="の" pos="X">の</wf>
         <instance id="d000.s1697.t000" lemma="電化" pos="NOUN">電化</instance>
         <wf lemma="." pos="X">.</wf>
      </sentence>
      <sentence id="d000.s1698" source="wordnet-japanese">
         <wf lemma="あなた" pos="X">あなた</wf>
         <wf lemma="は" pos="X">は</wf>
         <instance id="d000.s1698.t000" lemma="保険" pos="NOUN">保険</instance>
         <wf lemma="契約" pos="X">契約</wf>
         <wf lemma="の" pos="X">の</wf>
         <wf lemma="細字" pos="X">細字</wf>
         <wf lemma="部分" pos="X">部分</wf>
         <wf lemma="を" pos="X">を</wf>
         <wf lemma="読む" pos="X">読む</wf>
         <wf lemma="べき" pos="X">べき</wf>
         <wf lemma="だっ" pos="X">だっ</wf>
         <wf lemma="た" pos="X">た</wf>
         <wf lemma="." pos="X">.</wf>
      </sentence>
      <sentence id="d000.s1699" source="wordnet-japanese">
         <wf lemma="アメリカ" pos="X">アメリカ</wf>
         <wf lemma="文学" pos="X">文学</wf>
         <instance id="d000.s1699.t000" lemma="全体" pos="NOUN">全体</instance>
         <wf lemma="." pos="X">.</wf>
      </sentence>
      <sentence id="d000.s1700" source="wordnet-japanese">
         <wf lemma="基金" pos="X">基金</wf>
         <wf lemma="の" pos="X">の</wf>
         <instance id="d000.s1700.t000" lemma="慢性的" pos="ADJ">慢性的</instance>
         <wf lemma="不足" pos="X">不足</wf>
         <wf lemma="." pos="X">.</wf>
      </sentence>
      <sentence id="d000.s1701" source="wordnet-japanese">
         <wf lemma="巨大" pos="X">巨大</wf>
         <wf lemma="な" pos="X">な</wf>
         <instance id="d000.s1701.t000" lemma="津波" pos="NOUN">津波</instance>
         <wf lemma="は" pos="X">は</wf>
         <wf lemma="数" pos="X">数</wf>
         <wf lemma="分間" pos="X">分間</wf>
         <wf lemma="で" pos="X">で</wf>
         <wf lemma="ミノア" pos="X">ミノア</wf>
         <wf lemma="文明" pos="X">文明</wf>
         <wf lemma="を" pos="X">を</wf>
         <wf lemma="破壊" pos="X">破壊</wf>
         <wf lemma="し" pos="X">し</wf>
         <wf lemma="た" pos="X">た</wf>
         <wf lemma="." pos="X">.</wf>
      </sentence>
      <sentence id="d000.s1702" source="wordnet-japanese">
         <wf lemma="私" pos="X">私</wf>
         <wf lemma="は" pos="X">は</wf>
         <wf lemma="彼" pos="X">彼</wf>
         <wf lemma="に" pos="X">に</wf>
         <instance id="d000.s1702.t000" lemma="小粋" pos="ADJ">小粋</instance>
         <wf lemma="に" pos="X">に</wf>
         <wf lemma="挨拶" pos="X">挨拶</wf>
         <wf lemma="し" pos="X">し</wf>
         <wf lemma="た" pos="X">た</wf>
         <wf lemma="." pos="X">.</wf>
      </sentence>
      <sentence id="d000.s1703" source="wordnet-japanese">
         <instance id="d000.s1703.t000" lemma="重力" pos="NOUN">重力</instance>
         <wf lemma="は" pos="X">は</wf>
         <wf lemma="、" pos="X">、</wf>
         <wf lemma="人" pos="X">人</wf>
         <wf lemma="が" pos="X">が</wf>
         <wf lemma="恋" pos="X">恋</wf>
         <wf lemma="に" pos="X">に</wf>
         <wf lemma="落ちる" pos="X">落ちる</wf>
         <wf lemma="こと" pos="X">こと</wf>
         <wf lemma="に" pos="X">に</wf>
         <wf lemma="は" pos="X">は</wf>
         <wf lemma="責任" pos="X">責任</wf>
         <wf lemma="を" pos="X">を</wf>
         <wf lemma="持て" pos="X">持て</wf>
         <wf lemma="ない" pos="X">ない</wf>
         <wf lemma="−" pos="X">−</wf>
         <wf lemma="−" pos="X">−</wf>
         <wf lemma="アルバート" pos="X">アルバート</wf>
         <wf lemma="・" pos="X">・</wf>
         <wf lemma="アインシュタイン" pos="X">アインシュタイン</wf>
         <wf lemma="." pos="X">.</wf>
      </sentence>
      <sentence id="d000.s1704" source="wordnet-japanese">
         <wf lemma="彼" pos="X">彼</wf>
         <wf lemma="は" pos="X">は</wf>
         <wf lemma="盲目" pos="X">盲目</wf>
         <wf lemma="である" pos="X">である</wf>
         <wf lemma="−" pos="X">−</wf>
         <wf lemma="−" pos="X">−</wf>
         <wf lemma="彼" pos="X">彼</wf>
         <wf lemma="は" pos="X">は</wf>
         <instance id="d000.s1704.t000" lemma="見る" pos="VERB">見る</instance>
         <wf lemma="こと" pos="X">こと</wf>
         <wf lemma="が" pos="X">が</wf>
         <wf lemma="でき" pos="X">でき</wf>
         <wf lemma="ない" pos="X">ない</wf>
         <wf lemma="." pos="X">.</wf>
      </sentence>
      <sentence id="d000.s1705" source="wordnet-japanese">
         <wf lemma="保証" pos="X">保証</wf>
         <wf lemma="期間" pos="X">期間</wf>
         <wf lemma="の" pos="X">の</wf>
         <instance id="d000.s1705.t000" lemma="終り" pos="NOUN">終り</instance>
         <wf lemma="." pos="X">.</wf>
      </sentence>
      <sentence id="d000.s1706" source="wordnet-japanese">
         <instance id="d000.s1706.t000" lemma="弱い" pos="ADJ">弱く</instance>
         <wf lemma="、" pos="X">、</wf>
         <wf lemma="無神経" pos="X">無神経</wf>
         <wf lemma="の" pos="X">の</wf>
         <wf lemma="バカ" pos="X">バカ</wf>
         <wf lemma="で" pos="X">で</wf>
         <wf lemma="、" pos="X">、</wf>
         <wf lemma="行動力" pos="X">行動力</wf>
         <wf lemma="と" pos="X">と</wf>
         <wf lemma="敏速" pos="X">敏速</wf>
         <wf lemma="さ" pos="X">さ</wf>
         <wf lemma="に" pos="X">に</wf>
         <wf lemma="欠け" pos="X">欠け</wf>
         <wf lemma="て" pos="X">て</wf>
         <wf lemma="いる" pos="X">いる</wf>
         <wf lemma="−" pos="X">−</wf>
         <wf lemma="ナサニエル" pos="X">ナサニエル</wf>
         <wf lemma="・" pos="X">・</wf>
         <wf lemma="ホーソーン" pos="X">ホーソーン</wf>
         <wf lemma="." pos="X">.</wf>
      </sentence>
      <sentence id="d000.s1707" source="wordnet-japanese">
         <wf lemma="彼女" pos="X">彼女</wf>
         <wf lemma="の" pos="X">の</wf>
         <wf lemma="願い" pos="X">願い</wf>
         <wf lemma="は" pos="X">は</wf>
         <wf lemma="彼" pos="X">彼</wf>
         <wf lemma="の" pos="X">の</wf>
         <wf lemma="考え" pos="X">考え</wf>
         <wf lemma="方" pos="X">方</wf>
         <wf lemma="に" pos="X">に</wf>
         <wf lemma="多大" pos="X">多大</wf>
         <wf lemma="な" pos="X">な</wf>
         <instance id="d000.s1707.t000" lemma="影響" pos="NOUN">影響</instance>
         <wf lemma="を" pos="X">を</wf>
         <wf lemma="与え" pos="X">与え</wf>
         <wf lemma="た" pos="X">た</wf>
         <wf lemma="." pos="X">.</wf>
      </sentence>
      <sentence id="d000.s1708" source="wordnet-japanese">
         <wf lemma="問題" pos="X">問題</wf>
         <wf lemma="が" pos="X">が</wf>
         <instance id="d000.s1708.t000" lemma="複雑" pos="ADJ">複雑</instance>
         <wf lemma="に" pos="X">に</wf>
         <wf lemma="なる" pos="X">なる</wf>
         <wf lemma="困難" pos="X">困難</wf>
         <wf lemma="." pos="X">.</wf>
      </sentence>
      <sentence id="d000.s1709" source="wordnet-japanese">
         <wf lemma="打者" pos="X">打者</wf>
         <wf lemma="は" pos="X">は</wf>
         <wf lemma="ショート" pos="X">ショート</wf>
         <wf lemma="めがけ" pos="X">めがけ</wf>
         <wf lemma="て" pos="X">て</wf>
         <instance id="d000.s1709.t000" lemma="ライナー" pos="NOUN">ライナー</instance>
         <wf lemma="を" pos="X">を</wf>
         <wf lemma="打っ" pos="X">打っ</wf>
         <wf lemma="た" pos="X">た</wf>
         <wf lemma="." pos="X">.</wf>
      </sentence>
      <sentence id="d000.s1710" source="wordnet-japanese">
         <wf lemma="知ら" pos="X">知ら</wf>
         <wf lemma="れ" pos="X">れ</wf>
         <wf lemma="て" pos="X">て</wf>
         <wf lemma="い" pos="X">い</wf>
         <wf lemma="ない" pos="X">ない</wf>
         <wf lemma="グループ" pos="X">グループ</wf>
         <wf lemma="が" pos="X">が</wf>
         <wf lemma="入る" pos="X">入る</wf>
         <instance id="d000.s1710.t000" lemma="場所" pos="NOUN">場所</instance>
         <wf lemma="の" pos="X">の</wf>
         <wf lemma="ない" pos="X">ない</wf>
         <wf lemma="政治的" pos="X">政治的</wf>
         <wf lemma="システム" pos="X">システム</wf>
         <wf lemma="." pos="X">.</wf>
      </sentence>
      <sentence id="d000.s1711" source="wordnet-japanese">
         <wf lemma="次々" pos="X">次々</wf>
         <wf lemma="起こる" pos="X">起こる</wf>
         <instance id="d000.s1711.t000" lemma="問題" pos="NOUN">問題</instance>
         <wf lemma="で" pos="X">で</wf>
         <wf lemma="仕事" pos="X">仕事</wf>
         <wf lemma="が" pos="X">が</wf>
         <wf lemma="遅れ" pos="X">遅れ</wf>
         <wf lemma="た" pos="X">た</wf>
         <wf lemma="." pos="X">.</wf>
      </sentence>
      <sentence id="d000.s1712" source="wordnet-japanese">
         <wf lemma="彼" pos="X">彼</wf>
         <wf lemma="は" pos="X">は</wf>
         <wf lemma="自分" pos="X">自分</wf>
         <wf lemma="の" pos="X">の</wf>
         <wf lemma="演技" pos="X">演技</wf>
         <wf lemma="に対する" pos="X">に対する</wf>
         <wf lemma="観客" pos="X">観客</wf>
         <wf lemma="の" pos="X">の</wf>
         <instance id="d000.s1712.t000" lemma="反応" pos="NOUN">反応</instance>
         <wf lemma="に" pos="X">に</wf>
         <wf lemma="満足" pos="X">満足</wf>
         <wf lemma="し" pos="X">し</wf>
         <wf lemma="た" pos="X">た</wf>
         <wf lemma="." pos="X">.</wf>
      </sentence>
      <sentence id="d000.s1713" source="wordnet-japanese">
         <instance id="d000.s1713.t000" lemma="愚か" pos="ADJ">愚か</instance>
         <wf lemma="な" pos="X">な</wf>
         <wf lemma="発言" pos="X">発言</wf>
         <wf lemma="." pos="X">.</wf>
      </sentence>
      <sentence id="d000.s1714" source="wordnet-japanese">
         <instance id="d000.s1714.t000" lemma="タブ" pos="NOUN">タブ</instance>
         <wf lemma="を" pos="X">を</wf>
         <wf lemma="引い" pos="X">引い</wf>
         <wf lemma="て" pos="X">て</wf>
         <wf lemma="、" pos="X">、</wf>
         <wf lemma="缶" pos="X">缶</wf>
         <wf lemma="を" pos="X">を</wf>
         <wf lemma="開け" pos="X">開け</wf>
         <wf lemma="て" pos="X">て</wf>
         <wf lemma="ください" pos="X">ください</wf>
         <wf lemma="." pos="X">.</wf>
      </sentence>
      <sentence id="d000.s1715" source="wordnet-japanese">
         <instance id="d000.s1715.t000" lemma="快い" pos="ADJ">快い</instance>
         <wf lemma="感覚" pos="X">感覚</wf>
         <wf lemma="." pos="X">.</wf>
      </sentence>
      <sentence id="d000.s1716" source="wordnet-japanese">
         <wf lemma="近代" pos="X">近代</wf>
         <wf lemma="科学" pos="X">科学</wf>
         <wf lemma="が" pos="X">が</wf>
         <wf lemma="文化" pos="X">文化</wf>
         <wf lemma="変容" pos="X">変容</wf>
         <wf lemma="の" pos="X">の</wf>
         <instance id="d000.s1716.t000" lemma="加速" pos="NOUN">加速</instance>
         <wf lemma="を" pos="X">を</wf>
         <wf lemma="引き起こし" pos="X">引き起こし</wf>
         <wf lemma="た" pos="X">た</wf>
         <wf lemma="." pos="X">.</wf>
      </sentence>
      <sentence id="d000.s1717" source="wordnet-japanese">
         <wf lemma="通り" pos="X">通り</wf>
         <wf lemma="の" pos="X">の</wf>
         <instance id="d000.s1717.t000" lemma="同じ" pos="ADJ">同じ</instance>
         <wf lemma="側" pos="X">側</wf>
         <wf lemma="で" pos="X">で</wf>
         <wf lemma="." pos="X">.</wf>
      </sentence>
      <sentence id="d000.s1718" source="wordnet-japanese">
         <instance id="d000.s1718.t000" lemma="重要" pos="ADJ">重要</instance>
         <wf lemma="な" pos="X">な</wf>
         <wf lemma="貢献" pos="X">貢献</wf>
         <wf lemma="." pos="X">.</wf>
      </sentence>
      <sentence id="d000.s1719" source="wordnet-japanese">
         <wf lemma="ローマ" pos="X">ローマ</wf>
         <wf lemma="人" pos="X">人</wf>
         <wf lemma="は" pos="X">は</wf>
         <instance id="d000.s1719.t000" lemma="敗者" pos="NOUN">敗者</instance>
         <wf lemma="に対して" pos="X">に対して</wf>
         <wf lemma="情け" pos="X">情け</wf>
         <wf lemma="容赦" pos="X">容赦</wf>
         <wf lemma="が" pos="X">が</wf>
         <wf lemma="なかっ" pos="X">なかっ</wf>
         <wf lemma="た" pos="X">た</wf>
         <wf lemma="." pos="X">.</wf>
      </sentence>
      <sentence id="d000.s1720" source="wordnet-japanese">
         <wf lemma="n次" pos="X">n次</wf>
         <wf lemma="の" pos="X">の</wf>
         <wf lemma="代数" pos="X">代数</wf>
         <wf lemma="方程" pos="X">方程</wf>
         <wf lemma="式" pos="X">式</wf>
         <wf lemma="の" pos="X">の</wf>
         <wf lemma="一般" pos="X">一般</wf>
         <instance id="d000.s1720.t000" lemma="用語" pos="NOUN">用語</instance>
         <wf lemma="." pos="X">.</wf>
      </sentence>
      <sentence id="d000.s1721" source="wordnet-japanese">
         <wf lemma="キャンディ" pos="X">キャンディ</wf>
         <wf lemma="は" pos="X">は</wf>
         <wf lemma="まずい" pos="X">まずい</wf>
         <instance id="d000.s1721.t000" lemma="味" pos="NOUN">味</instance>
         <wf lemma="が" pos="X">が</wf>
         <wf lemma="残っ" pos="X">残っ</wf>
         <wf lemma="た" pos="X">た</wf>
         <wf lemma="." pos="X">.</wf>
      </sentence>
      <sentence id="d000.s1722" source="wordnet-japanese">
         <instance id="d000.s1722.t000" lemma="鋭い" pos="ADJ">鋭い</instance>
         <wf lemma="批評" pos="X">批評</wf>
         <wf lemma="." pos="X">.</wf>
      </sentence>
      <sentence id="d000.s1723" source="wordnet-japanese">
         <wf lemma="機械" pos="X">機械</wf>
         <wf lemma="は" pos="X">は</wf>
         <wf lemma="金属" pos="X">金属</wf>
         <wf lemma="の" pos="X">の</wf>
         <instance id="d000.s1723.t000" lemma="輪" pos="NOUN">輪</instance>
         <wf lemma="に" pos="X">に</wf>
         <wf lemma="穴" pos="X">穴</wf>
         <wf lemma="を" pos="X">を</wf>
         <wf lemma="開け" pos="X">開け</wf>
         <wf lemma="た" pos="X">た</wf>
         <wf lemma="." pos="X">.</wf>
      </sentence>
      <sentence id="d000.s1724" source="wordnet-japanese">
         <wf lemma="トキシン" pos="X">トキシン</wf>
         <wf lemma="の" pos="X">の</wf>
         <instance id="d000.s1724.t000" lemma="効能" pos="NOUN">効能</instance>
         <wf lemma="." pos="X">.</wf>
      </sentence>
      <sentence id="d000.s1725" source="wordnet-japanese">
         <wf lemma="荷物" pos="X">荷物</wf>
         <wf lemma="を" pos="X">を</wf>
         <instance id="d000.s1725.t000" lemma="預ける" pos="VERB">預ける</instance>
         <wf lemma="." pos="X">.</wf>
      </sentence>
      <sentence id="d000.s1726" source="wordnet-japanese">
         <wf lemma="その" pos="X">その</wf>
         <wf lemma="谷" pos="X">谷</wf>
         <wf lemma="は" pos="X">は</wf>
         <instance id="d000.s1726.t000" lemma="流血" pos="NOUN">流血</instance>
         <wf lemma="や" pos="X">や</wf>
         <wf lemma="殺人" pos="X">殺人</wf>
         <wf lemma="を" pos="X">を</wf>
         <wf lemma="全く" pos="X">全く</wf>
         <wf lemma="知ら" pos="X">知ら</wf>
         <wf lemma="ない" pos="X">ない</wf>
         <wf lemma="わけ" pos="X">わけ</wf>
         <wf lemma="で" pos="X">で</wf>
         <wf lemma="は" pos="X">は</wf>
         <wf lemma="ない" pos="X">ない</wf>
         <wf lemma="." pos="X">.</wf>
      </sentence>
      <sentence id="d000.s1727" source="wordnet-japanese">
         <instance id="d000.s1727.t000" lemma="悲痛" pos="ADV">悲痛</instance>
         <wf lemma="の" pos="X">の</wf>
         <wf lemma="負傷" pos="X">負傷</wf>
         <wf lemma="し" pos="X">し</wf>
         <wf lemma="て" pos="X">て</wf>
         <wf lemma="いる" pos="X">いる</wf>
         <wf lemma="が" pos="X">が</wf>
         <wf lemma="破滅" pos="X">破滅</wf>
         <wf lemma="から" pos="X">から</wf>
         <wf lemma="は" pos="X">は</wf>
         <wf lemma="程" pos="X">程</wf>
         <wf lemma="遠い" pos="X">遠い</wf>
         <wf lemma="意志" pos="X">意志</wf>
         <wf lemma="が" pos="X">が</wf>
         <wf lemma="堅く" pos="X">堅く</wf>
         <wf lemma="、" pos="X">、</wf>
         <wf lemma="不屈" pos="X">不屈</wf>
         <wf lemma="の" pos="X">の</wf>
         <wf lemma="ドイツ" pos="X">ドイツ</wf>
         <wf lemma="人" pos="X">人</wf>
         <wf lemma="は" pos="X">は</wf>
         <wf lemma="軍事" pos="X">軍事</wf>
         <wf lemma="の" pos="X">の</wf>
         <wf lemma="復活" pos="X">復活</wf>
         <wf lemma="の" pos="X">の</wf>
         <wf lemma="堅い" pos="X">堅い</wf>
         <wf lemma="基礎" pos="X">基礎</wf>
         <wf lemma="を" pos="X">を</wf>
         <wf lemma="築く" pos="X">築く</wf>
         <wf lemma="こと" pos="X">こと</wf>
         <wf lemma="が" pos="X">が</wf>
         <wf lemma="でき" pos="X">でき</wf>
         <wf lemma="た" pos="X">た</wf>
         <wf lemma="." pos="X">.</wf>
      </sentence>
      <sentence id="d000.s1728" source="wordnet-japanese">
         <instance id="d000.s1728.t000" lemma="最終的" pos="ADJ">最終的</instance>
         <wf lemma="な" pos="X">な</wf>
         <wf lemma="評決" pos="X">評決</wf>
         <wf lemma="." pos="X">.</wf>
      </sentence>
      <sentence id="d000.s1729" source="wordnet-japanese">
         <wf lemma="リスト" pos="X">リスト</wf>
         <wf lemma="の" pos="X">の</wf>
         <wf lemma="項目" pos="X">項目</wf>
         <wf lemma="の" pos="X">の</wf>
         <instance id="d000.s1729.t000" lemma="順序" pos="NOUN">順序</instance>
         <wf lemma="で" pos="X">で</wf>
         <wf lemma="間違い" pos="X">間違い</wf>
         <wf lemma="が" pos="X">が</wf>
         <wf lemma="あっ" pos="X">あっ</wf>
         <wf lemma="た" pos="X">た</wf>
         <wf lemma="." pos="X">.</wf>
      </sentence>
      <sentence id="d000.s1730" source="wordnet-japanese">
         <instance id="d000.s1730.t000" lemma="軽い" pos="ADJ">軽い</instance>
         <wf lemma="夕食" pos="X">夕食</wf>
         <wf lemma="を" pos="X">を</wf>
         <wf lemma="食べ" pos="X">食べ</wf>
         <wf lemma="た" pos="X">た</wf>
         <wf lemma="." pos="X">.</wf>
      </sentence>
      <sentence id="d000.s1731" source="wordnet-japanese">
         <instance id="d000.s1731.t000" lemma="好意的" pos="ADJ">好意的</instance>
         <wf lemma="に" pos="X">に</wf>
         <wf lemma="聞い" pos="X">聞い</wf>
         <wf lemma="た" pos="X">た</wf>
         <wf lemma="." pos="X">.</wf>
      </sentence>
      <sentence id="d000.s1732" source="wordnet-japanese">
         <wf lemma="彼" pos="X">彼</wf>
         <wf lemma="の" pos="X">の</wf>
         <wf lemma="野心" pos="X">野心</wf>
         <wf lemma="の" pos="X">の</wf>
         <instance id="d000.s1732.t000" lemma="頂点" pos="NOUN">頂点</instance>
         <wf lemma="." pos="X">.</wf>
      </sentence>
      <sentence id="d000.s1733" source="wordnet-japanese">
         <wf lemma="彼" pos="X">彼</wf>
         <wf lemma="は" pos="X">は</wf>
         <wf lemma="給与" pos="X">給与</wf>
         <wf lemma="から" pos="X">から</wf>
         <wf lemma="の" pos="X">の</wf>
         <wf lemma="金銭" pos="X">金銭</wf>
         <instance id="d000.s1733.t000" lemma="控除" pos="NOUN">控除</instance>
         <wf lemma="について" pos="X">について</wf>
         <wf lemma="不満" pos="X">不満</wf>
         <wf lemma="を" pos="X">を</wf>
         <wf lemma="漏らし" pos="X">漏らし</wf>
         <wf lemma="た" pos="X">た</wf>
         <wf lemma="." pos="X">.</wf>
      </sentence>
      <sentence id="d000.s1734" source="wordnet-japanese">
         <wf lemma="我々" pos="X">我々</wf>
         <wf lemma="は" pos="X">は</wf>
         <wf lemma="、" pos="X">、</wf>
         <wf lemma="ビーダー" pos="X">ビーダー</wf>
         <wf lemma="マイヤー" pos="X">マイヤー</wf>
         <wf lemma="様式" pos="X">様式</wf>
         <wf lemma="の" pos="X">の</wf>
         <wf lemma="家具" pos="X">家具</wf>
         <wf lemma="を" pos="X">を</wf>
         <wf lemma="家" pos="X">家</wf>
         <wf lemma="に" pos="X">に</wf>
         <instance id="d000.s1734.t000" lemma="備える" pos="VERB">備え</instance>
         <wf lemma="た" pos="X">た</wf>
         <wf lemma="." pos="X">.</wf>
      </sentence>
      <sentence id="d000.s1735" source="wordnet-japanese">
         <wf lemma="北西" pos="X">北西</wf>
         <wf lemma="イギリス" pos="X">イギリス</wf>
         <wf lemma="の" pos="X">の</wf>
         <instance id="d000.s1735.t000" lemma="広大" pos="ADJ">広大</instance>
         <wf lemma="な" pos="X">な</wf>
         <wf lemma="ローマ" pos="X">ローマ</wf>
         <wf lemma="開拓地" pos="X">開拓地</wf>
         <wf lemma="." pos="X">.</wf>
      </sentence>
      <sentence id="d000.s1736" source="wordnet-japanese">
         <wf lemma="安全" pos="X">安全</wf>
         <wf lemma="の" pos="X">の</wf>
         <instance id="d000.s1736.t000" lemma="ため" pos="NOUN">ため</instance>
         <wf lemma="に" pos="X">に</wf>
         <wf lemma="." pos="X">.</wf>
      </sentence>
      <sentence id="d000.s1737" source="wordnet-japanese">
         <wf lemma="東洋" pos="X">東洋</wf>
         <wf lemma="へ" pos="X">へ</wf>
         <wf lemma="の" pos="X">の</wf>
         <instance id="d000.s1737.t000" lemma="素晴らしい" pos="ADJ">素晴らしい</instance>
         <wf lemma="旅行" pos="X">旅行</wf>
         <wf lemma="." pos="X">.</wf>
      </sentence>
      <sentence id="d000.s1738" source="wordnet-japanese">
         <instance id="d000.s1738.t000" lemma="合法的" pos="ADJ">合法的</instance>
         <wf lemma="な" pos="X">な</wf>
         <wf lemma="広告" pos="X">広告</wf>
         <wf lemma="実践" pos="X">実践</wf>
         <wf lemma="." pos="X">.</wf>
      </sentence>
      <sentence id="d000.s1739" source="wordnet-japanese">
         <instance id="d000.s1739.t000" lemma="心配" pos="ADJ">心配</instance>
         <wf lemma="し" pos="X">し</wf>
         <wf lemma="て" pos="X">て</wf>
         <wf lemma="いる" pos="X">いる</wf>
         <wf lemma="両親" pos="X">両親</wf>
         <wf lemma="." pos="X">.</wf>
      </sentence>
      <sentence id="d000.s1740" source="wordnet-japanese">
         <instance id="d000.s1740.t000" lemma="昼間" pos="NOUN">昼間</instance>
         <wf lemma="に" pos="X">に</wf>
         <wf lemma="は" pos="X">は</wf>
         <wf lemma="修理" pos="X">修理</wf>
         <wf lemma="が" pos="X">が</wf>
         <wf lemma="し" pos="X">し</wf>
         <wf lemma="やすい" pos="X">やすい</wf>
         <wf lemma="." pos="X">.</wf>
      </sentence>
      <sentence id="d000.s1741" source="wordnet-japanese">
         <instance id="d000.s1741.t000" lemma="勝者" pos="NOUN">勝者</instance>
         <wf lemma="だけ" pos="X">だけ</wf>
         <wf lemma="が" pos="X">が</wf>
         <wf lemma="適用" pos="X">適用</wf>
         <wf lemma="し" pos="X">し</wf>
         <wf lemma="なければ" pos="X">なければ</wf>
         <wf lemma="なら" pos="X">なら</wf>
         <wf lemma="ない" pos="X">ない</wf>
         <wf lemma="." pos="X">.</wf>
      </sentence>
      <sentence id="d000.s1742" source="wordnet-japanese">
         <wf lemma="彼" pos="X">彼</wf>
         <wf lemma="は" pos="X">は</wf>
         <wf lemma="彼" pos="X">彼</wf>
         <wf lemma="の" pos="X">の</wf>
         <wf lemma="左手" pos="X">左手</wf>
         <wf lemma="で" pos="X">で</wf>
         <instance id="d000.s1742.t000" lemma="仕事" pos="NOUN">仕事</instance>
         <wf lemma="を" pos="X">を</wf>
         <wf lemma="抱え" pos="X">抱え</wf>
         <wf lemma="、" pos="X">、</wf>
         <wf lemma="右手" pos="X">右手</wf>
         <wf lemma="で" pos="X">で</wf>
         <wf lemma="それ" pos="X">それ</wf>
         <wf lemma="を" pos="X">を</wf>
         <wf lemma="こなし" pos="X">こなし</wf>
         <wf lemma="た" pos="X">た</wf>
         <wf lemma="." pos="X">.</wf>
      </sentence>
      <sentence id="d000.s1743" source="wordnet-japanese">
         <instance id="d000.s1743.t000" lemma="生意気" pos="ADJ">生意気</instance>
         <wf lemma="な" pos="X">な</wf>
         <wf lemma="新参者" pos="X">新参者</wf>
         <wf lemma="は" pos="X">は</wf>
         <wf lemma="クラブ" pos="X">クラブ</wf>
         <wf lemma="へ" pos="X">へ</wf>
         <wf lemma="の" pos="X">の</wf>
         <wf lemma="入場" pos="X">入場</wf>
         <wf lemma="に関する" pos="X">に関する</wf>
         <wf lemma="古い" pos="X">古い</wf>
         <wf lemma="ルール" pos="X">ルール</wf>
         <wf lemma="に関して" pos="X">に関して</wf>
         <wf lemma="議論" pos="X">議論</wf>
         <wf lemma="し" pos="X">し</wf>
         <wf lemma="た" pos="X">た</wf>
         <wf lemma="." pos="X">.</wf>
      </sentence>
      <sentence id="d000.s1744" source="wordnet-japanese">
         <wf lemma="重病" pos="X">重病</wf>
         <wf lemma="へ" pos="X">へ</wf>
         <wf lemma="の" pos="X">の</wf>
         <instance id="d000.s1744.t000" lemma="感染" pos="NOUN">感染</instance>
         <wf lemma="は" pos="X">は</wf>
         <wf lemma="、" pos="X">、</wf>
         <wf lemma="経済的" pos="X">経済的</wf>
         <wf lemma="破滅" pos="X">破滅</wf>
         <wf lemma="に" pos="X">に</wf>
         <wf lemma="なり" pos="X">なり</wf>
         <wf lemma="うる" pos="X">うる</wf>
         <wf lemma="." pos="X">.</wf>
      </sentence>
      <sentence id="d000.s1745" source="wordnet-japanese">
         <instance id="d000.s1745.t000" lemma="魅惑的" pos="ADJ">魅惑的</instance>
         <wf lemma="な" pos="X">な</wf>
         <wf lemma="音楽" pos="X">音楽</wf>
         <wf lemma="." pos="X">.</wf>
      </sentence>
      <sentence id="d000.s1746" source="wordnet-japanese">
         <instance id="d000.s1746.t000" lemma="球場" pos="NOUN">球場</instance>
         <wf lemma="に" pos="X">に</wf>
         <wf lemma="連れ" pos="X">連れ</wf>
         <wf lemma="て" pos="X">て</wf>
         <wf lemma="行っ" pos="X">行っ</wf>
         <wf lemma="て" pos="X">て</wf>
         <wf lemma="ください" pos="X">ください</wf>
         <wf lemma="." pos="X">.</wf>
      </sentence>
      <sentence id="d000.s1747" source="wordnet-japanese">
         <wf lemma="事故" pos="X">事故</wf>
         <wf lemma="を" pos="X">を</wf>
         <instance id="d000.s1747.t000" lemma="引き起こす" pos="VERB">引き起こす</instance>
         <wf lemma="." pos="X">.</wf>
      </sentence>
      <sentence id="d000.s1748" source="wordnet-japanese">
         <wf lemma="私" pos="X">私</wf>
         <wf lemma="は" pos="X">は</wf>
         <wf lemma="この" pos="X">この</wf>
         <wf lemma="難題" pos="X">難題</wf>
         <wf lemma="に" pos="X">に</wf>
         <instance id="d000.s1748.t000" lemma="取り組む" pos="VERB">取り組む</instance>
         <wf lemma="." pos="X">.</wf>
      </sentence>
      <sentence id="d000.s1749" source="wordnet-japanese">
         <wf lemma="涙" pos="X">涙</wf>
         <wf lemma="は" pos="X">は</wf>
         <wf lemma="彼女" pos="X">彼女</wf>
         <wf lemma="の" pos="X">の</wf>
         <wf lemma="顔" pos="X">顔</wf>
         <wf lemma="を" pos="X">を</wf>
         <instance id="d000.s1749.t000" lemma="流れる" pos="VERB">流れ</instance>
         <wf lemma="落ち" pos="X">落ち</wf>
         <wf lemma="た" pos="X">た</wf>
         <wf lemma="." pos="X">.</wf>
      </sentence>
      <sentence id="d000.s1750" source="wordnet-japanese">
         <wf lemma="彼" pos="X">彼</wf>
         <wf lemma="は" pos="X">は</wf>
         <wf lemma="ワグナー" pos="X">ワグナー</wf>
         <wf lemma="の" pos="X">の</wf>
         <instance id="d000.s1750.t000" lemma="作品" pos="NOUN">作品</instance>
         <wf lemma="を" pos="X">を</wf>
         <wf lemma="全て" pos="X">全て</wf>
         <wf lemma="研究" pos="X">研究</wf>
         <wf lemma="し" pos="X">し</wf>
         <wf lemma="た" pos="X">た</wf>
         <wf lemma="." pos="X">.</wf>
      </sentence>
      <sentence id="d000.s1751" source="wordnet-japanese">
         <wf lemma="政府" pos="X">政府</wf>
         <wf lemma="は" pos="X">は</wf>
         <instance id="d000.s1751.t000" lemma="攻撃" pos="NOUN">攻撃</instance>
         <wf lemma="を" pos="X">を</wf>
         <wf lemma="受け" pos="X">受け</wf>
         <wf lemma="た" pos="X">た</wf>
         <wf lemma="." pos="X">.</wf>
      </sentence>
      <sentence id="d000.s1752" source="wordnet-japanese">
         <instance id="d000.s1752.t000" lemma="ひどい" pos="ADJ">ひどく</instance>
         <wf lemma="悪い" pos="X">悪い</wf>
         <wf lemma="味" pos="X">味</wf>
         <wf lemma="." pos="X">.</wf>
      </sentence>
      <sentence id="d000.s1753" source="wordnet-japanese">
         <wf lemma="彼" pos="X">彼</wf>
         <wf lemma="は" pos="X">は</wf>
         <wf lemma="、" pos="X">、</wf>
         <wf lemma="弓の" pos="X">弓の</wf>
         <wf lemma="射手" pos="X">射手</wf>
         <wf lemma="と" pos="X">と</wf>
         <wf lemma="し" pos="X">し</wf>
         <wf lemma="て" pos="X">て</wf>
         <wf lemma="の" pos="X">の</wf>
         <instance id="d000.s1753.t000" lemma="腕前" pos="NOUN">腕前</instance>
         <wf lemma="で" pos="X">で</wf>
         <wf lemma="有名" pos="X">有名</wf>
         <wf lemma="だっ" pos="X">だっ</wf>
         <wf lemma="た" pos="X">た</wf>
         <wf lemma="." pos="X">.</wf>
      </sentence>
      <sentence id="d000.s1754" source="wordnet-japanese">
         <instance id="d000.s1754.t000" lemma="かなり" pos="ADV">かなり</instance>
         <wf lemma="大きい" pos="X">大きい</wf>
         <wf lemma="." pos="X">.</wf>
      </sentence>
      <sentence id="d000.s1755" source="wordnet-japanese">
         <instance id="d000.s1755.t000" lemma="一般的" pos="ADJ">一般的</instance>
         <wf lemma="な" pos="X">な</wf>
         <wf lemma="不満" pos="X">不満</wf>
         <wf lemma="." pos="X">.</wf>
      </sentence>
      <sentence id="d000.s1756" source="wordnet-japanese">
         <instance id="d000.s1756.t000" lemma="有害" pos="ADJ">有害</instance>
         <wf lemma="な" pos="X">な</wf>
         <wf lemma="考え" pos="X">考え</wf>
         <wf lemma="." pos="X">.</wf>
      </sentence>
      <sentence id="d000.s1757" source="wordnet-japanese">
         <wf lemma="私" pos="X">私</wf>
         <wf lemma="は" pos="X">は</wf>
         <wf lemma="、" pos="X">、</wf>
         <wf lemma="仕事" pos="X">仕事</wf>
         <wf lemma="へ" pos="X">へ</wf>
         <wf lemma="の" pos="X">の</wf>
         <wf lemma="途中" pos="X">途中</wf>
         <wf lemma="で" pos="X">で</wf>
         <wf lemma="、" pos="X">、</wf>
         <wf lemma="危険" pos="X">危険</wf>
         <wf lemma="に" pos="X">に</wf>
         <wf lemma="も" pos="X">も</wf>
         <instance id="d000.s1757.t000" lemma="小競り合い" pos="NOUN">小競り合い</instance>
         <wf lemma="に" pos="X">に</wf>
         <wf lemma="合っ" pos="X">合っ</wf>
         <wf lemma="た" pos="X">た</wf>
         <wf lemma="." pos="X">.</wf>
      </sentence>
      <sentence id="d000.s1758" source="wordnet-japanese">
         <wf lemma="価格" pos="X">価格</wf>
         <wf lemma="の" pos="X">の</wf>
         <instance id="d000.s1758.t000" lemma="顕著" pos="ADJ">顕著</instance>
         <wf lemma="な" pos="X">な</wf>
         <wf lemma="上昇" pos="X">上昇</wf>
         <wf lemma="." pos="X">.</wf>
      </sentence>
      <sentence id="d000.s1759" source="wordnet-japanese">
         <instance id="d000.s1759.t000" lemma="濃い" pos="ADJ">濃い</instance>
         <wf lemma="霧" pos="X">霧</wf>
         <wf lemma="." pos="X">.</wf>
      </sentence>
      <sentence id="d000.s1760" source="wordnet-japanese">
         <instance id="d000.s1760.t000" lemma="孤独" pos="ADJ">孤独</instance>
         <wf lemma="な" pos="X">な</wf>
         <wf lemma="旅行者" pos="X">旅行者</wf>
         <wf lemma="." pos="X">.</wf>
      </sentence>
      <sentence id="d000.s1761" source="wordnet-japanese">
         <wf lemma="彼" pos="X">彼</wf>
         <wf lemma="は" pos="X">は</wf>
         <wf lemma="、" pos="X">、</wf>
         <wf lemma="失政" pos="X">失政</wf>
         <wf lemma="が" pos="X">が</wf>
         <wf lemma="革命" pos="X">革命</wf>
         <wf lemma="の" pos="X">の</wf>
         <wf lemma="ため" pos="X">ため</wf>
         <wf lemma="の" pos="X">の</wf>
         <instance id="d000.s1761.t000" lemma="理由" pos="NOUN">理由</instance>
         <wf lemma="である" pos="X">である</wf>
         <wf lemma="と" pos="X">と</wf>
         <wf lemma="考え" pos="X">考え</wf>
         <wf lemma="て" pos="X">て</wf>
         <wf lemma="い" pos="X">い</wf>
         <wf lemma="た" pos="X">た</wf>
         <wf lemma="." pos="X">.</wf>
      </sentence>
      <sentence id="d000.s1762" source="wordnet-japanese">
         <wf lemma="カキ" pos="X">カキ</wf>
         <wf lemma="の" pos="X">の</wf>
         <instance id="d000.s1762.t000" lemma="養殖" pos="NOUN">養殖</instance>
         <wf lemma="." pos="X">.</wf>
      </sentence>
      <sentence id="d000.s1763" source="wordnet-japanese">
         <wf lemma="魚" pos="X">魚</wf>
         <wf lemma="を" pos="X">を</wf>
         <instance id="d000.s1763.t000" lemma="釣る" pos="VERB">釣る</instance>
         <wf lemma="." pos="X">.</wf>
      </sentence>
      <sentence id="d000.s1764" source="wordnet-japanese">
         <wf lemma="宇宙" pos="X">宇宙</wf>
         <wf lemma="の" pos="X">の</wf>
         <instance id="d000.s1764.t000" lemma="征服" pos="NOUN">征服</instance>
         <wf lemma="." pos="X">.</wf>
      </sentence>
      <sentence id="d000.s1765" source="wordnet-japanese">
         <instance id="d000.s1765.t000" lemma="鋭い" pos="ADJ">鋭い</instance>
         <wf lemma="ナイフ" pos="X">ナイフ</wf>
         <wf lemma="." pos="X">.</wf>
      </sentence>
      <sentence id="d000.s1766" source="wordnet-japanese">
         <wf lemma="攻撃者" pos="X">攻撃者</wf>
         <wf lemma="は" pos="X">は</wf>
         <wf lemma="、" pos="X">、</wf>
         <wf lemma="茂み" pos="X">茂み</wf>
         <wf lemma="から" pos="X">から</wf>
         <instance id="d000.s1766.t000" lemma="飛び出す" pos="VERB">飛び出し</instance>
         <wf lemma="た" pos="X">た</wf>
         <wf lemma="." pos="X">.</wf>
      </sentence>
      <sentence id="d000.s1767" source="wordnet-japanese">
         <wf lemma="彼" pos="X">彼</wf>
         <wf lemma="の" pos="X">の</wf>
         <wf lemma="健康" pos="X">健康</wf>
         <instance id="d000.s1767.t000" lemma="状態" pos="NOUN">状態</instance>
         <wf lemma="." pos="X">.</wf>
      </sentence>
      <sentence id="d000.s1768" source="wordnet-japanese">
         <instance id="d000.s1768.t000" lemma="正式" pos="ADJ">正式</instance>
         <wf lemma="な" pos="X">な</wf>
         <wf lemma="義務" pos="X">義務</wf>
         <wf lemma="." pos="X">.</wf>
      </sentence>
      <sentence id="d000.s1769" source="wordnet-japanese">
         <wf lemma="赤" pos="X">赤</wf>
         <wf lemma="信号" pos="X">信号</wf>
         <wf lemma="で" pos="X">で</wf>
         <wf lemma="停止" pos="X">停止</wf>
         <wf lemma="せ" pos="X">せ</wf>
         <wf lemma="ざるを得" pos="X">ざるを得</wf>
         <wf lemma="なく" pos="X">なく</wf>
         <wf lemma="なり" pos="X">なり</wf>
         <wf lemma="、" pos="X">、</wf>
         <wf lemma="探偵" pos="X">探偵</wf>
         <wf lemma="は" pos="X">は</wf>
         <wf lemma="尾行" pos="X">尾行</wf>
         <wf lemma="し" pos="X">し</wf>
         <wf lemma="て" pos="X">て</wf>
         <wf lemma="い" pos="X">い</wf>
         <wf lemma="た" pos="X">た</wf>
         <wf lemma="男性" pos="X">男性</wf>
         <wf lemma="を" pos="X">を</wf>
         <instance id="d000.s1769.t000" lemma="見失う" pos="VERB">見失っ</instance>
         <wf lemma="た" pos="X">た</wf>
         <wf lemma="." pos="X">.</wf>
      </sentence>
      <sentence id="d000.s1770" source="wordnet-japanese">
         <instance id="d000.s1770.t000" lemma="極端" pos="ADJ">極端</instance>
         <wf lemma="な" pos="X">な</wf>
         <wf lemma="危険" pos="X">危険</wf>
         <wf lemma="." pos="X">.</wf>
      </sentence>
      <sentence id="d000.s1771" source="wordnet-japanese">
         <wf lemma="地球" pos="X">地球</wf>
         <wf lemma="の" pos="X">の</wf>
         <instance id="d000.s1771.t000" lemma="対蹠的" pos="ADJ">対蹠的</instance>
         <wf lemma="な" pos="X">な</wf>
         <wf lemma="地域" pos="X">地域</wf>
         <wf lemma="." pos="X">.</wf>
      </sentence>
      <sentence id="d000.s1772" source="wordnet-japanese">
         <wf lemma="彼" pos="X">彼</wf>
         <wf lemma="は" pos="X">は</wf>
         <wf lemma="刑罰" pos="X">刑罰</wf>
         <wf lemma="に" pos="X">に</wf>
         <instance id="d000.s1772.t000" lemma="苦しむ" pos="VERB">苦しん</instance>
         <wf lemma="だ" pos="X">だ</wf>
         <wf lemma="." pos="X">.</wf>
      </sentence>
      <sentence id="d000.s1773" source="wordnet-japanese">
         <wf lemma="賭け金" pos="X">賭け金</wf>
         <wf lemma="を" pos="X">を</wf>
         <instance id="d000.s1773.t000" lemma="引き上げる" pos="VERB">引き上げる</instance>
         <wf lemma="." pos="X">.</wf>
      </sentence>
      <sentence id="d000.s1774" source="wordnet-japanese">
         <wf lemma="万物" pos="X">万物</wf>
         <wf lemma="の" pos="X">の</wf>
         <instance id="d000.s1774.t000" lemma="支配者" pos="NOUN">支配者</instance>
         <wf lemma="." pos="X">.</wf>
      </sentence>
      <sentence id="d000.s1775" source="wordnet-japanese">
         <wf lemma="ニクラウス" pos="X">ニクラウス</wf>
         <wf lemma="は" pos="X">は</wf>
         <wf lemma="70" pos="X">70</wf>
         <wf lemma="の" pos="X">の</wf>
         <wf lemma="スコア" pos="X">スコア</wf>
         <wf lemma="を" pos="X">を</wf>
         <instance id="d000.s1775.t000" lemma="取る" pos="VERB">取っ</instance>
         <wf lemma="た" pos="X">た</wf>
         <wf lemma="." pos="X">.</wf>
      </sentence>
      <sentence id="d000.s1776" source="wordnet-japanese">
         <wf lemma="箱" pos="X">箱</wf>
         <wf lemma="の" pos="X">の</wf>
         <instance id="d000.s1776.t000" lemma="上面" pos="NOUN">上面</instance>
         <wf lemma="だけ" pos="X">だけ</wf>
         <wf lemma="塗ら" pos="X">塗ら</wf>
         <wf lemma="れ" pos="X">れ</wf>
         <wf lemma="て" pos="X">て</wf>
         <wf lemma="い" pos="X">い</wf>
         <wf lemma="た" pos="X">た</wf>
         <wf lemma="." pos="X">.</wf>
      </sentence>
      <sentence id="d000.s1777" source="wordnet-japanese">
         <wf lemma="お金" pos="X">お金</wf>
         <wf lemma="の" pos="X">の</wf>
         <instance id="d000.s1777.t000" lemma="賢明" pos="ADJ">賢明</instance>
         <wf lemma="な" pos="X">な</wf>
         <wf lemma="運用" pos="X">運用</wf>
         <wf lemma="." pos="X">.</wf>
      </sentence>
      <sentence id="d000.s1778" source="wordnet-japanese">
         <instance id="d000.s1778.t000" lemma="雑多" pos="ADJ">雑多</instance>
         <wf lemma="な" pos="X">な</wf>
         <wf lemma="アクセサリー" pos="X">アクセサリー</wf>
         <wf lemma="." pos="X">.</wf>
      </sentence>
      <sentence id="d000.s1779" source="wordnet-japanese">
         <instance id="d000.s1779.t000" lemma="ソナー" pos="NOUN">ソナー</instance>
         <wf lemma="は" pos="X">は</wf>
         <wf lemma="音" pos="X">音</wf>
         <wf lemma="の" pos="X">の</wf>
         <wf lemma="ナビゲーション" pos="X">ナビゲーション</wf>
         <wf lemma="の" pos="X">の</wf>
         <wf lemma="及ぶ" pos="X">及ぶ</wf>
         <wf lemma="頭" pos="X">頭</wf>
         <wf lemma="文字語" pos="X">文字語</wf>
         <wf lemma="です" pos="X">です</wf>
         <wf lemma="." pos="X">.</wf>
      </sentence>
      <sentence id="d000.s1780" source="wordnet-japanese">
         <instance id="d000.s1780.t000" lemma="いたずら" pos="ADJ">いたずら</instance>
         <wf lemma="っぽい" pos="X">っぽい</wf>
         <wf lemma="笑顔" pos="X">笑顔</wf>
         <wf lemma="で" pos="X">で</wf>
         <wf lemma="からかっ" pos="X">からかっ</wf>
         <wf lemma="て" pos="X">て</wf>
         <wf lemma="心配" pos="X">心配</wf>
         <wf lemma="を" pos="X">を</wf>
         <wf lemma="かける" pos="X">かける</wf>
         <wf lemma="." pos="X">.</wf>
      </sentence>
      <sentence id="d000.s1781" source="wordnet-japanese">
         <wf lemma="忠実" pos="X">忠実</wf>
         <wf lemma="で" pos="X">で</wf>
         <wf lemma="ほとんど" pos="X">ほとんど</wf>
         <instance id="d000.s1781.t000" lemma="無批判" pos="ADJ">無批判</instance>
         <wf lemma="な" pos="X">な</wf>
         <wf lemma="賛美者" pos="X">賛美者</wf>
         <wf lemma="." pos="X">.</wf>
      </sentence>
      <sentence id="d000.s1782" source="wordnet-japanese">
         <wf lemma="彼" pos="X">彼</wf>
         <wf lemma="は" pos="X">は</wf>
         <wf lemma="20" pos="X">20</wf>
         <wf lemma="ドル" pos="X">ドル</wf>
         <wf lemma="を" pos="X">を</wf>
         <instance id="d000.s1782.t000" lemma="両替" pos="NOUN">両替</instance>
         <wf lemma="し" pos="X">し</wf>
         <wf lemma="、" pos="X">、</wf>
         <wf lemma="タクシー" pos="X">タクシー</wf>
         <wf lemma="運転" pos="X">運転</wf>
         <wf lemma="手" pos="X">手</wf>
         <wf lemma="へ" pos="X">へ</wf>
         <wf lemma="支払っ" pos="X">支払っ</wf>
         <wf lemma="た" pos="X">た</wf>
         <wf lemma="." pos="X">.</wf>
      </sentence>
      <sentence id="d000.s1783" source="wordnet-japanese">
         <wf lemma="私" pos="X">私</wf>
         <wf lemma="を" pos="X">を</wf>
         <instance id="d000.s1783.t000" lemma="抱きしめる" pos="VERB">抱きしめ</instance>
         <wf lemma="て" pos="X">て</wf>
         <wf lemma="ください" pos="X">ください</wf>
         <wf lemma="." pos="X">.</wf>
      </sentence>
      <sentence id="d000.s1784" source="wordnet-japanese">
         <wf lemma="文字" pos="X">文字</wf>
         <wf lemma="を" pos="X">を</wf>
         <instance id="d000.s1784.t000" lemma="指す" pos="VERB">指す</instance>
         <wf lemma="." pos="X">.</wf>
      </sentence>
      <sentence id="d000.s1785" source="wordnet-japanese">
         <instance id="d000.s1785.t000" lemma="滑稽" pos="ADJ">滑稽</instance>
         <wf lemma="な" pos="X">な</wf>
         <wf lemma="物語" pos="X">物語</wf>
         <wf lemma="." pos="X">.</wf>
      </sentence>
      <sentence id="d000.s1786" source="wordnet-japanese">
         <instance id="d000.s1786.t000" lemma="不運" pos="ADJ">不運</instance>
         <wf lemma="な" pos="X">な</wf>
         <wf lemma="ロマンス" pos="X">ロマンス</wf>
         <wf lemma="." pos="X">.</wf>
      </sentence>
      <sentence id="d000.s1787" source="wordnet-japanese">
         <instance id="d000.s1787.t000" lemma="間接的" pos="ADJ">間接的</instance>
         <wf lemma="な" pos="X">な</wf>
         <wf lemma="利益" pos="X">利益</wf>
         <wf lemma="." pos="X">.</wf>
      </sentence>
      <sentence id="d000.s1788" source="wordnet-japanese">
         <wf lemma="彼" pos="X">彼</wf>
         <wf lemma="は" pos="X">は</wf>
         <wf lemma="、" pos="X">、</wf>
         <wf lemma="ブレーキ" pos="X">ブレーキ</wf>
         <wf lemma="を" pos="X">を</wf>
         <wf lemma="かけ" pos="X">かけ</wf>
         <wf lemma="て" pos="X">て</wf>
         <instance id="d000.s1788.t000" lemma="減速" pos="NOUN">減速</instance>
         <wf lemma="を" pos="X">を</wf>
         <wf lemma="開始" pos="X">開始</wf>
         <wf lemma="し" pos="X">し</wf>
         <wf lemma="た" pos="X">た</wf>
         <wf lemma="." pos="X">.</wf>
      </sentence>
      <sentence id="d000.s1789" source="wordnet-japanese">
         <wf lemma="彼女" pos="X">彼女</wf>
         <wf lemma="は" pos="X">は</wf>
         <wf lemma="、" pos="X">、</wf>
         <wf lemma="指" pos="X">指</wf>
         <wf lemma="を" pos="X">を</wf>
         <wf lemma="拳" pos="X">拳</wf>
         <wf lemma="に" pos="X">に</wf>
         <instance id="d000.s1789.t000" lemma="束ねる" pos="VERB">束ね</instance>
         <wf lemma="た" pos="X">た</wf>
         <wf lemma="." pos="X">.</wf>
      </sentence>
      <sentence id="d000.s1790" source="wordnet-japanese">
         <instance id="d000.s1790.t000" lemma="古い" pos="ADJ">古い</instance>
         <wf lemma="財産" pos="X">財産</wf>
         <wf lemma="." pos="X">.</wf>
      </sentence>
      <sentence id="d000.s1791" source="wordnet-japanese">
         <instance id="d000.s1791.t000" lemma="軽い" pos="ADJ">軽い</instance>
         <wf lemma="冗談" pos="X">冗談</wf>
         <wf lemma="." pos="X">.</wf>
      </sentence>
      <sentence id="d000.s1792" source="wordnet-japanese">
         <wf lemma="彼" pos="X">彼</wf>
         <wf lemma="は" pos="X">は</wf>
         <instance id="d000.s1792.t000" lemma="公邸" pos="NOUN">公邸</instance>
         <wf lemma="に" pos="X">に</wf>
         <wf lemma="住む" pos="X">住む</wf>
         <wf lemma="こと" pos="X">こと</wf>
         <wf lemma="を" pos="X">を</wf>
         <wf lemma="拒否" pos="X">拒否</wf>
         <wf lemma="し" pos="X">し</wf>
         <wf lemma="た" pos="X">た</wf>
         <wf lemma="." pos="X">.</wf>
      </sentence>
      <sentence id="d000.s1793" source="wordnet-japanese">
         <wf lemma="これら" pos="X">これら</wf>
         <wf lemma="の" pos="X">の</wf>
         <wf lemma="木" pos="X">木</wf>
         <wf lemma="は" pos="X">は</wf>
         <wf lemma="、" pos="X">、</wf>
         <wf lemma="潮風" pos="X">潮風</wf>
         <wf lemma="と" pos="X">と</wf>
         <wf lemma="スモッグ" pos="X">スモッグ</wf>
         <wf lemma="に対する" pos="X">に対する</wf>
         <instance id="d000.s1793.t000" lemma="耐性" pos="NOUN">耐性</instance>
         <wf lemma="と" pos="X">と</wf>
         <wf lemma="し" pos="X">し</wf>
         <wf lemma="て" pos="X">て</wf>
         <wf lemma="広く" pos="X">広く</wf>
         <wf lemma="植え" pos="X">植え</wf>
         <wf lemma="られる" pos="X">られる</wf>
         <wf lemma="." pos="X">.</wf>
      </sentence>
      <sentence id="d000.s1794" source="wordnet-japanese">
         <wf lemma="嵐" pos="X">嵐</wf>
         <wf lemma="を" pos="X">を</wf>
         <instance id="d000.s1794.t000" lemma="乗り切る" pos="VERB">乗り切る</instance>
         <wf lemma="." pos="X">.</wf>
      </sentence>
      <sentence id="d000.s1795" source="wordnet-japanese">
         <instance id="d000.s1795.t000" lemma="安全" pos="ADJ">安全</instance>
         <wf lemma="な" pos="X">な</wf>
         <wf lemma="旅行" pos="X">旅行</wf>
         <wf lemma="." pos="X">.</wf>
      </sentence>
      <sentence id="d000.s1796" source="wordnet-japanese">
         <wf lemma="彼" pos="X">彼</wf>
         <wf lemma="は" pos="X">は</wf>
         <wf lemma="その" pos="X">その</wf>
         <wf lemma="用紙" pos="X">用紙</wf>
         <wf lemma="に" pos="X">に</wf>
         <instance id="d000.s1796.t000" lemma="すべて" pos="ADV">すべて</instance>
         <wf lemma="記入" pos="X">記入</wf>
         <wf lemma="し" pos="X">し</wf>
         <wf lemma="た" pos="X">た</wf>
         <wf lemma="." pos="X">.</wf>
      </sentence>
      <sentence id="d000.s1797" source="wordnet-japanese">
         <wf lemma="弾丸" pos="X">弾丸</wf>
         <wf lemma="は" pos="X">は</wf>
         <wf lemma="、" pos="X">、</wf>
         <instance id="d000.s1797.t000" lemma="無作為" pos="ADV">無作為</instance>
         <wf lemma="に" pos="X">に</wf>
         <wf lemma="群衆" pos="X">群衆</wf>
         <wf lemma="に" pos="X">に</wf>
         <wf lemma="発射" pos="X">発射</wf>
         <wf lemma="さ" pos="X">さ</wf>
         <wf lemma="れ" pos="X">れ</wf>
         <wf lemma="た" pos="X">た</wf>
         <wf lemma="." pos="X">.</wf>
      </sentence>
      <sentence id="d000.s1798" source="wordnet-japanese">
         <wf lemma="群集" pos="X">群集</wf>
         <wf lemma="の" pos="X">の</wf>
         <wf lemma="真っ" pos="X">真っ</wf>
         <wf lemma="只" pos="X">只</wf>
         <instance id="d000.s1798.t000" lemma="中" pos="NOUN">中</instance>
         <wf lemma="." pos="X">.</wf>
      </sentence>
      <sentence id="d000.s1799" source="wordnet-japanese">
         <wf lemma="私" pos="X">私</wf>
         <wf lemma="の" pos="X">の</wf>
         <wf lemma="友人" pos="X">友人</wf>
         <wf lemma="の" pos="X">の</wf>
         <instance id="d000.s1799.t000" lemma="独特" pos="ADJ">独特</instance>
         <wf lemma="の" pos="X">の</wf>
         <wf lemma="笑い" pos="X">笑い</wf>
         <wf lemma="を" pos="X">を</wf>
         <wf lemma="聞い" pos="X">聞い</wf>
         <wf lemma="た" pos="X">た</wf>
         <wf lemma="." pos="X">.</wf>
      </sentence>
      <sentence id="d000.s1800" source="wordnet-japanese">
         <wf lemma="彼女" pos="X">彼女</wf>
         <wf lemma="は" pos="X">は</wf>
         <wf lemma="彼" pos="X">彼</wf>
         <wf lemma="の" pos="X">の</wf>
         <wf lemma="広大" pos="X">広大</wf>
         <wf lemma="な" pos="X">な</wf>
         <wf lemma="経験" pos="X">経験</wf>
         <wf lemma="から" pos="X">から</wf>
         <wf lemma="利益" pos="X">利益</wf>
         <wf lemma="を" pos="X">を</wf>
         <instance id="d000.s1800.t000" lemma="得る" pos="VERB">得</instance>
         <wf lemma="た" pos="X">た</wf>
         <wf lemma="." pos="X">.</wf>
      </sentence>
      <sentence id="d000.s1801" source="wordnet-japanese">
         <wf lemma="彼" pos="X">彼</wf>
         <wf lemma="は" pos="X">は</wf>
         <wf lemma="新車" pos="X">新車</wf>
         <wf lemma="を" pos="X">を</wf>
         <wf lemma="良い" pos="X">良い</wf>
         <instance id="d000.s1801.t000" lemma="値段" pos="NOUN">値段</instance>
         <wf lemma="で" pos="X">で</wf>
         <wf lemma="手に入れ" pos="X">手に入れ</wf>
         <wf lemma="た" pos="X">た</wf>
         <wf lemma="." pos="X">.</wf>
      </sentence>
      <sentence id="d000.s1802" source="wordnet-japanese">
         <wf lemma="政治" pos="X">政治</wf>
         <wf lemma="は" pos="X">は</wf>
         <wf lemma="人生" pos="X">人生</wf>
         <wf lemma="における" pos="X">における</wf>
         <instance id="d000.s1802.t000" lemma="一時的" pos="ADJ">一時的</instance>
         <wf lemma="な" pos="X">な</wf>
         <wf lemma="要素" pos="X">要素</wf>
         <wf lemma="である" pos="X">である</wf>
         <wf lemma="‐" pos="X">‐</wf>
         <wf lemma="ジェームズ" pos="X">ジェームズ</wf>
         <wf lemma="・" pos="X">・</wf>
         <wf lemma="サーバー" pos="X">サーバー</wf>
         <wf lemma="." pos="X">.</wf>
      </sentence>
      <sentence id="d000.s1803" source="wordnet-japanese">
         <wf lemma="その" pos="X">その</wf>
         <wf lemma="船" pos="X">船</wf>
         <wf lemma="は" pos="X">は</wf>
         <wf lemma="、" pos="X">、</wf>
         <wf lemma="帆桁" pos="X">帆桁</wf>
         <wf lemma="全体" pos="X">全体</wf>
         <wf lemma="を" pos="X">を</wf>
         <instance id="d000.s1803.t000" lemma="裏帆" pos="ADV">裏帆</instance>
         <wf lemma="に" pos="X">に</wf>
         <wf lemma="し" pos="X">し</wf>
         <wf lemma="て" pos="X">て</wf>
         <wf lemma="風" pos="X">風</wf>
         <wf lemma="に" pos="X">に</wf>
         <wf lemma="近づい" pos="X">近づい</wf>
         <wf lemma="た" pos="X">た</wf>
         <wf lemma="." pos="X">.</wf>
      </sentence>
      <sentence id="d000.s1804" source="wordnet-japanese">
         <instance id="d000.s1804.t000" lemma="劇的" pos="ADJ">劇的</instance>
         <wf lemma="な" pos="X">な</wf>
         <wf lemma="ソプラノ" pos="X">ソプラノ</wf>
         <wf lemma="." pos="X">.</wf>
      </sentence>
      <sentence id="d000.s1805" source="wordnet-japanese">
         <wf lemma="彼" pos="X">彼</wf>
         <wf lemma="は" pos="X">は</wf>
         <wf lemma="この" pos="X">この</wf>
         <instance id="d000.s1805.t000" lemma="調子" pos="NOUN">調子</instance>
         <wf lemma="で" pos="X">で</wf>
         <wf lemma="数分" pos="X">数分</wf>
         <wf lemma="間" pos="X">間</wf>
         <wf lemma="続け" pos="X">続け</wf>
         <wf lemma="た" pos="X">た</wf>
         <wf lemma="." pos="X">.</wf>
      </sentence>
      <sentence id="d000.s1806" source="wordnet-japanese">
         <wf lemma="政治的" pos="X">政治的</wf>
         <wf lemma="候補者" pos="X">候補者</wf>
         <wf lemma="を" pos="X">を</wf>
         <wf lemma="助ける" pos="X">助ける</wf>
         <wf lemma="ように" pos="X">ように</wf>
         <wf lemma="彼女" pos="X">彼女</wf>
         <wf lemma="は" pos="X">は</wf>
         <wf lemma="その" pos="X">その</wf>
         <wf lemma="友達" pos="X">友達</wf>
         <wf lemma="に" pos="X">に</wf>
         <instance id="d000.s1806.t000" lemma="働きかける" pos="VERB">働きかけ</instance>
         <wf lemma="た" pos="X">た</wf>
         <wf lemma="." pos="X">.</wf>
      </sentence>
      <sentence id="d000.s1807" source="wordnet-japanese">
         <wf lemma="オペラ" pos="X">オペラ</wf>
         <wf lemma="を" pos="X">を</wf>
         <wf lemma="見" pos="X">見</wf>
         <wf lemma="に" pos="X">に</wf>
         <wf lemma="行く" pos="X">行く</wf>
         <wf lemma="とき" pos="X">とき</wf>
         <wf lemma="でさえ" pos="X">でさえ</wf>
         <wf lemma="、" pos="X">、</wf>
         <wf lemma="彼女" pos="X">彼女</wf>
         <wf lemma="は" pos="X">は</wf>
         <wf lemma="決して" pos="X">決して</wf>
         <instance id="d000.s1807.t000" lemma="着飾る" pos="VERB">着飾ら</instance>
         <wf lemma="ない" pos="X">ない</wf>
         <wf lemma="." pos="X">.</wf>
      </sentence>
      <sentence id="d000.s1808" source="wordnet-japanese">
         <instance id="d000.s1808.t000" lemma="貴重" pos="ADJ">貴重</instance>
         <wf lemma="な" pos="X">な</wf>
         <wf lemma="ダイヤモンド" pos="X">ダイヤモンド</wf>
         <wf lemma="." pos="X">.</wf>
      </sentence>
      <sentence id="d000.s1809" source="wordnet-japanese">
         <wf lemma="ネットワーク" pos="X">ネットワーク</wf>
         <instance id="d000.s1809.t000" lemma="停止" pos="NOUN">停止</instance>
         <wf lemma="期間" pos="X">期間</wf>
         <wf lemma="が" pos="X">が</wf>
         <wf lemma="、" pos="X">、</wf>
         <wf lemma="午前" pos="X">午前</wf>
         <wf lemma="8" pos="X">8</wf>
         <wf lemma="時" pos="X">時</wf>
         <wf lemma="から" pos="X">から</wf>
         <wf lemma="10" pos="X">10</wf>
         <wf lemma="時" pos="X">時</wf>
         <wf lemma="まで" pos="X">まで</wf>
         <wf lemma="ある" pos="X">ある</wf>
         <wf lemma="." pos="X">.</wf>
      </sentence>
      <sentence id="d000.s1810" source="wordnet-japanese">
         <wf lemma="ミュージシャン" pos="X">ミュージシャン</wf>
         <wf lemma="たち" pos="X">たち</wf>
         <wf lemma="は" pos="X">は</wf>
         <wf lemma="楽器" pos="X">楽器</wf>
         <instance id="d000.s1810.t000" lemma="ケース" pos="NOUN">ケース</instance>
         <wf lemma="を" pos="X">を</wf>
         <wf lemma="舞台" pos="X">舞台</wf>
         <wf lemma="裏" pos="X">裏</wf>
         <wf lemma="に" pos="X">に</wf>
         <wf lemma="置い" pos="X">置い</wf>
         <wf lemma="た" pos="X">た</wf>
         <wf lemma="." pos="X">.</wf>
      </sentence>
      <sentence id="d000.s1811" source="wordnet-japanese">
         <wf lemma="その" pos="X">その</wf>
         <wf lemma="結果" pos="X">結果</wf>
         <wf lemma="から" pos="X">から</wf>
         <wf lemma="の" pos="X">の</wf>
         <instance id="d000.s1811.t000" lemma="逃避" pos="NOUN">逃避</instance>
         <wf lemma="は" pos="X">は</wf>
         <wf lemma="可能" pos="X">可能</wf>
         <wf lemma="だ" pos="X">だ</wf>
         <wf lemma="が" pos="X">が</wf>
         <wf lemma="、" pos="X">、</wf>
         <wf lemma="あまり" pos="X">あまり</wf>
         <wf lemma="勧め" pos="X">勧め</wf>
         <wf lemma="られ" pos="X">られ</wf>
         <wf lemma="ない" pos="X">ない</wf>
         <wf lemma="." pos="X">.</wf>
      </sentence>
      <sentence id="d000.s1812" source="wordnet-japanese">
         <wf lemma="大統領" pos="X">大統領</wf>
         <wf lemma="が" pos="X">が</wf>
         <wf lemma="汚い" pos="X">汚い</wf>
         <wf lemma="方法" pos="X">方法</wf>
         <wf lemma="で" pos="X">で</wf>
         <wf lemma="選挙" pos="X">選挙</wf>
         <wf lemma="に" pos="X">に</wf>
         <wf lemma="勝っ" pos="X">勝っ</wf>
         <wf lemma="た" pos="X">た</wf>
         <wf lemma="時" pos="X">時</wf>
         <wf lemma="に" pos="X">に</wf>
         <wf lemma="人々" pos="X">人々</wf>
         <wf lemma="は" pos="X">は</wf>
         <wf lemma="彼" pos="X">彼</wf>
         <wf lemma="に" pos="X">に</wf>
         <wf lemma="反対" pos="X">反対</wf>
         <wf lemma="する" pos="X">する</wf>
         <wf lemma="ように" pos="X">ように</wf>
         <instance id="d000.s1812.t000" lemma="なる" pos="VERB">なっ</instance>
         <wf lemma="た" pos="X">た</wf>
         <wf lemma="." pos="X">.</wf>
      </sentence>
      <sentence id="d000.s1813" source="wordnet-japanese">
         <wf lemma="ソビエト" pos="X">ソビエト</wf>
         <wf lemma="国家" pos="X">国家</wf>
         <wf lemma="の" pos="X">の</wf>
         <instance id="d000.s1813.t000" lemma="総括的" pos="ADJ">総括的</instance>
         <wf lemma="な" pos="X">な</wf>
         <wf lemma="研究" pos="X">研究</wf>
         <wf lemma="−" pos="X">−</wf>
         <wf lemma="T.G" pos="X">T.G</wf>
         <wf lemma="." pos="X">.</wf>
         <wf lemma="ウィナー" pos="X">ウィナー</wf>
         <wf lemma="." pos="X">.</wf>
      </sentence>
      <sentence id="d000.s1814" source="wordnet-japanese">
         <wf lemma="他の" pos="X">他の</wf>
         <wf lemma="星" pos="X">星</wf>
         <wf lemma="における" pos="X">における</wf>
         <wf lemma="生命" pos="X">生命</wf>
         <wf lemma="の" pos="X">の</wf>
         <instance id="d000.s1814.t000" lemma="発生" pos="NOUN">発生</instance>
         <wf lemma="（" pos="X">（</wf>
         <wf lemma="存在" pos="X">存在</wf>
         <wf lemma="）" pos="X">）</wf>
         <wf lemma="." pos="X">.</wf>
      </sentence>
      <sentence id="d000.s1815" source="wordnet-japanese">
         <instance id="d000.s1815.t000" lemma="可逆的" pos="ADV">可逆的</instance>
         <wf lemma="に" pos="X">に</wf>
         <wf lemma="転換" pos="X">転換</wf>
         <wf lemma="できる" pos="X">できる</wf>
         <wf lemma="." pos="X">.</wf>
      </sentence>
      <sentence id="d000.s1816" source="wordnet-japanese">
         <wf lemma="旅行者" pos="X">旅行者</wf>
         <wf lemma="による" pos="X">による</wf>
         <instance id="d000.s1816.t000" lemma="侵入" pos="NOUN">侵入</instance>
         <wf lemma="." pos="X">.</wf>
      </sentence>
      <sentence id="d000.s1817" source="wordnet-japanese">
         <instance id="d000.s1817.t000" lemma="実験" pos="NOUN">実験</instance>
         <wf lemma="と" pos="X">と</wf>
         <wf lemma="し" pos="X">し</wf>
         <wf lemma="て" pos="X">て</wf>
         <wf lemma="、" pos="X">、</wf>
         <wf lemma="彼" pos="X">彼</wf>
         <wf lemma="は" pos="X">は</wf>
         <wf lemma="ひげ" pos="X">ひげ</wf>
         <wf lemma="を" pos="X">を</wf>
         <wf lemma="生やそ" pos="X">生やそ</wf>
         <wf lemma="う" pos="X">う</wf>
         <wf lemma="と" pos="X">と</wf>
         <wf lemma="決め" pos="X">決め</wf>
         <wf lemma="た" pos="X">た</wf>
         <wf lemma="." pos="X">.</wf>
      </sentence>
      <sentence id="d000.s1818" source="wordnet-japanese">
         <wf lemma="危険" pos="X">危険</wf>
         <wf lemma="な" pos="X">な</wf>
         <instance id="d000.s1818.t000" lemma="任務" pos="NOUN">任務</instance>
         <wf lemma="." pos="X">.</wf>
      </sentence>
      <sentence id="d000.s1819" source="wordnet-japanese">
         <wf lemma="彼女" pos="X">彼女</wf>
         <wf lemma="の" pos="X">の</wf>
         <wf lemma="顔" pos="X">顔</wf>
         <wf lemma="は" pos="X">は</wf>
         <wf lemma="怒り" pos="X">怒り</wf>
         <wf lemma="で" pos="X">で</wf>
         <wf lemma="赤く" pos="X">赤く</wf>
         <instance id="d000.s1819.t000" lemma="なる" pos="VERB">なっ</instance>
         <wf lemma="た" pos="X">た</wf>
         <wf lemma="." pos="X">.</wf>
      </sentence>
      <sentence id="d000.s1820" source="wordnet-japanese">
         <wf lemma="それ" pos="X">それ</wf>
         <wf lemma="まで" pos="X">まで</wf>
         <wf lemma="は" pos="X">は</wf>
         <wf lemma="、" pos="X">、</wf>
         <wf lemma="空中" pos="X">空中</wf>
         <instance id="d000.s1820.t000" lemma="投下" pos="NOUN">投下</instance>
         <wf lemma="で" pos="X">で</wf>
         <wf lemma="最前線" pos="X">最前線</wf>
         <wf lemma="軍" pos="X">軍</wf>
         <wf lemma="を" pos="X">を</wf>
         <wf lemma="供給" pos="X">供給</wf>
         <wf lemma="する" pos="X">する</wf>
         <wf lemma="だろ" pos="X">だろ</wf>
         <wf lemma="う" pos="X">う</wf>
         <wf lemma="." pos="X">.</wf>
      </sentence>
      <sentence id="d000.s1821" source="wordnet-japanese">
         <wf lemma="彼女" pos="X">彼女</wf>
         <wf lemma="の" pos="X">の</wf>
         <wf lemma="想像力" pos="X">想像力</wf>
         <wf lemma="が" pos="X">が</wf>
         <wf lemma="、" pos="X">、</wf>
         <wf lemma="長く" pos="X">長く</wf>
         <wf lemma="考え" pos="X">考え</wf>
         <wf lemma="て" pos="X">て</wf>
         <wf lemma="い" pos="X">い</wf>
         <wf lemma="られ" pos="X">られ</wf>
         <wf lemma="ない" pos="X">ない</wf>
         <wf lemma="ほど" pos="X">ほど</wf>
         <wf lemma="恐ろしい" pos="X">恐ろしい</wf>
         <instance id="d000.s1821.t000" lemma="イメージ" pos="NOUN">イメージ</instance>
         <wf lemma="を" pos="X">を</wf>
         <wf lemma="彼女" pos="X">彼女</wf>
         <wf lemma="に" pos="X">に</wf>
         <wf lemma="押しつけ" pos="X">押しつけ</wf>
         <wf lemma="た" pos="X">た</wf>
         <wf lemma="." pos="X">.</wf>
      </sentence>
      <sentence id="d000.s1822" source="wordnet-japanese">
         <wf lemma="彼" pos="X">彼</wf>
         <wf lemma="の" pos="X">の</wf>
         <instance id="d000.s1822.t000" lemma="正当" pos="ADJ">正当</instance>
         <wf lemma="な" pos="X">な</wf>
         <wf lemma="遺産" pos="X">遺産</wf>
         <wf lemma="." pos="X">.</wf>
      </sentence>
      <sentence id="d000.s1823" source="wordnet-japanese">
         <wf lemma="私" pos="X">私</wf>
         <wf lemma="たち" pos="X">たち</wf>
         <wf lemma="は" pos="X">は</wf>
         <wf lemma="金曜日" pos="X">金曜日</wf>
         <wf lemma="に" pos="X">に</wf>
         <wf lemma="家" pos="X">家</wf>
         <wf lemma="の" pos="X">の</wf>
         <wf lemma="上" pos="X">上</wf>
         <wf lemma="で" pos="X">で</wf>
         <instance id="d000.s1823.t000" lemma="閉じる" pos="VERB">閉じ</instance>
         <wf lemma="た" pos="X">た</wf>
         <wf lemma="." pos="X">.</wf>
      </sentence>
      <sentence id="d000.s1824" source="wordnet-japanese">
         <wf lemma="分子" pos="X">分子</wf>
         <wf lemma="構造" pos="X">構造</wf>
         <wf lemma="の" pos="X">の</wf>
         <instance id="d000.s1824.t000" lemma="決定" pos="NOUN">決定</instance>
         <wf lemma="." pos="X">.</wf>
      </sentence>
      <sentence id="d000.s1825" source="wordnet-japanese">
         <wf lemma="彼" pos="X">彼</wf>
         <wf lemma="は" pos="X">は</wf>
         <instance id="d000.s1825.t000" lemma="カード" pos="NOUN">カード</instance>
         <wf lemma="を" pos="X">を</wf>
         <wf lemma="集め" pos="X">集め</wf>
         <wf lemma="て" pos="X">て</wf>
         <wf lemma="、" pos="X">、</wf>
         <wf lemma="他の" pos="X">他の</wf>
         <wf lemma="男" pos="X">男</wf>
         <wf lemma="の" pos="X">の</wf>
         <wf lemma="子達" pos="X">子達</wf>
         <wf lemma="と" pos="X">と</wf>
         <wf lemma="彼ら" pos="X">彼ら</wf>
         <wf lemma="を" pos="X">を</wf>
         <wf lemma="交換" pos="X">交換</wf>
         <wf lemma="し" pos="X">し</wf>
         <wf lemma="た" pos="X">た</wf>
         <wf lemma="." pos="X">.</wf>
      </sentence>
      <sentence id="d000.s1826" source="wordnet-japanese">
         <wf lemma="銃" pos="X">銃</wf>
         <wf lemma="の" pos="X">の</wf>
         <wf lemma="絶え間" pos="X">絶え間</wf>
         <wf lemma="ない" pos="X">ない</wf>
         <wf lemma="人間" pos="X">人間</wf>
         <wf lemma="の" pos="X">の</wf>
         <instance id="d000.s1826.t000" lemma="声" pos="NOUN">声</instance>
         <wf lemma="の" pos="X">の</wf>
         <wf lemma="ような" pos="X">ような</wf>
         <wf lemma="音" pos="X">音</wf>
         <wf lemma="." pos="X">.</wf>
      </sentence>
      <sentence id="d000.s1827" source="wordnet-japanese">
         <instance id="d000.s1827.t000" lemma="クリエイティブ" pos="ADJ">クリエイティブ</instance>
         <wf lemma="な" pos="X">な</wf>
         <wf lemma="想像" pos="X">想像</wf>
         <wf lemma="." pos="X">.</wf>
      </sentence>
      <sentence id="d000.s1828" source="wordnet-japanese">
         <wf lemma="心臓" pos="X">心臓</wf>
         <wf lemma="が" pos="X">が</wf>
         <instance id="d000.s1828.t000" lemma="悪い" pos="ADJ">悪い</instance>
         <wf lemma="." pos="X">.</wf>
      </sentence>
      <sentence id="d000.s1829" source="wordnet-japanese">
         <instance id="d000.s1829.t000" lemma="イブプロフェン" pos="NOUN">イブプロフェン</instance>
         <wf lemma="の" pos="X">の</wf>
         <wf lemma="毎日" pos="X">毎日</wf>
         <wf lemma="の" pos="X">の</wf>
         <wf lemma="使用" pos="X">使用</wf>
         <wf lemma="は" pos="X">は</wf>
         <wf lemma="胃" pos="X">胃</wf>
         <wf lemma="に" pos="X">に</wf>
         <wf lemma="負担" pos="X">負担</wf>
         <wf lemma="を" pos="X">を</wf>
         <wf lemma="かける" pos="X">かける</wf>
         <wf lemma="." pos="X">.</wf>
      </sentence>
      <sentence id="d000.s1830" source="wordnet-japanese">
         <instance id="d000.s1830.t000" lemma="平ら" pos="ADJ">平ら</instance>
         <wf lemma="な" pos="X">な</wf>
         <wf lemma="床" pos="X">床</wf>
         <wf lemma="." pos="X">.</wf>
      </sentence>
      <sentence id="d000.s1831" source="wordnet-japanese">
         <wf lemma="彼" pos="X">彼</wf>
         <wf lemma="は" pos="X">は</wf>
         <wf lemma="反射光" pos="X">反射光</wf>
         <wf lemma="の" pos="X">の</wf>
         <instance id="d000.s1831.t000" lemma="入射" pos="NOUN">入射</instance>
         <wf lemma="角度" pos="X">角度</wf>
         <wf lemma="を" pos="X">を</wf>
         <wf lemma="測っ" pos="X">測っ</wf>
         <wf lemma="た" pos="X">た</wf>
         <wf lemma="." pos="X">.</wf>
      </sentence>
      <sentence id="d000.s1832" source="wordnet-japanese">
         <wf lemma="彼" pos="X">彼</wf>
         <wf lemma="の" pos="X">の</wf>
         <wf lemma="スピーチ" pos="X">スピーチ</wf>
         <wf lemma="は" pos="X">は</wf>
         <wf lemma="有権者" pos="X">有権者</wf>
         <wf lemma="の" pos="X">の</wf>
         <wf lemma="心" pos="X">心</wf>
         <wf lemma="を" pos="X">を</wf>
         <instance id="d000.s1832.t000" lemma="動かす" pos="VERB">動かさ</instance>
         <wf lemma="なかっ" pos="X">なかっ</wf>
         <wf lemma="た" pos="X">た</wf>
         <wf lemma="." pos="X">.</wf>
      </sentence>
      <sentence id="d000.s1833" source="wordnet-japanese">
         <wf lemma="人生" pos="X">人生</wf>
         <wf lemma="の" pos="X">の</wf>
         <wf lemma="目的" pos="X">目的</wf>
         <wf lemma="は" pos="X">は</wf>
         <wf lemma="、" pos="X">、</wf>
         <wf lemma="可能" pos="X">可能</wf>
         <wf lemma="な" pos="X">な</wf>
         <wf lemma="限り" pos="X">限り</wf>
         <wf lemma="、" pos="X">、</wf>
         <wf lemma="たくさん" pos="X">たくさん</wf>
         <wf lemma="の" pos="X">の</wf>
         <wf lemma="本能的" pos="X">本能的</wf>
         <instance id="d000.s1833.t000" lemma="欲望" pos="NOUN">欲望</instance>
         <wf lemma="を" pos="X">を</wf>
         <wf lemma="満たす" pos="X">満たす</wf>
         <wf lemma="こと" pos="X">こと</wf>
         <wf lemma="である" pos="X">である</wf>
         <wf lemma="。" pos="X">。</wf>
         <wf lemma="−グランビル" pos="X">−グランビル</wf>
         <wf lemma="・" pos="X">・</wf>
         <wf lemma="ヒックス" pos="X">ヒックス</wf>
         <wf lemma="." pos="X">.</wf>
      </sentence>
      <sentence id="d000.s1834" source="wordnet-japanese">
         <instance id="d000.s1834.t000" lemma="キリル" pos="ADJ">キリル</instance>
         <wf lemma="文字" pos="X">文字</wf>
         <wf lemma="の" pos="X">の</wf>
         <wf lemma="書体" pos="X">書体</wf>
         <wf lemma="." pos="X">.</wf>
      </sentence>
      <sentence id="d000.s1835" source="wordnet-japanese">
         <wf lemma="洞窟" pos="X">洞窟</wf>
         <wf lemma="の" pos="X">の</wf>
         <instance id="d000.s1835.t000" lemma="屋根" pos="NOUN">屋根</instance>
         <wf lemma="は" pos="X">は</wf>
         <wf lemma="非常" pos="X">非常</wf>
         <wf lemma="に" pos="X">に</wf>
         <wf lemma="高かっ" pos="X">高かっ</wf>
         <wf lemma="た" pos="X">た</wf>
         <wf lemma="." pos="X">.</wf>
      </sentence>
      <sentence id="d000.s1836" source="wordnet-japanese">
         <wf lemma="蛇" pos="X">蛇</wf>
         <wf lemma="が" pos="X">が</wf>
         <instance id="d000.s1836.t000" lemma="怖い" pos="ADJ">怖い</instance>
         <wf lemma="." pos="X">.</wf>
      </sentence>
      <sentence id="d000.s1837" source="wordnet-japanese">
         <wf lemma="ウエザー" pos="X">ウエザー</wf>
         <wf lemma="ビーター" pos="X">ビーター</wf>
         <wf lemma="は" pos="X">は</wf>
         <wf lemma="屋根" pos="X">屋根</wf>
         <wf lemma="を" pos="X">を</wf>
         <wf lemma="雨" pos="X">雨</wf>
         <wf lemma="から" pos="X">から</wf>
         <instance id="d000.s1837.t000" lemma="守る" pos="VERB">守る</instance>
         <wf lemma="." pos="X">.</wf>
      </sentence>
      <sentence id="d000.s1838" source="wordnet-japanese">
         <wf lemma="衝撃" pos="X">衝撃</wf>
         <wf lemma="を" pos="X">を</wf>
         <wf lemma="受け" pos="X">受け</wf>
         <wf lemma="た" pos="X">た</wf>
         <instance id="d000.s1838.t000" lemma="沈黙" pos="NOUN">沈黙</instance>
         <wf lemma="が" pos="X">が</wf>
         <wf lemma="あっ" pos="X">あっ</wf>
         <wf lemma="た" pos="X">た</wf>
         <wf lemma="." pos="X">.</wf>
      </sentence>
      <sentence id="d000.s1839" source="wordnet-japanese">
         <wf lemma="上向き" pos="X">上向き</wf>
         <wf lemma="に" pos="X">に</wf>
         <wf lemma="スクリーン" pos="X">スクリーン</wf>
         <wf lemma="を" pos="X">を</wf>
         <instance id="d000.s1839.t000" lemma="傾ける" pos="VERB">傾ける</instance>
         <wf lemma="." pos="X">.</wf>
      </sentence>
      <sentence id="d000.s1840" source="wordnet-japanese">
         <instance id="d000.s1840.t000" lemma="気弱" pos="ADJ">気弱</instance>
         <wf lemma="で" pos="X">で</wf>
         <wf lemma="は" pos="X">は</wf>
         <wf lemma="ない" pos="X">ない</wf>
         <wf lemma="大胆" pos="X">大胆</wf>
         <wf lemma="な" pos="X">な</wf>
         <wf lemma="応答" pos="X">応答</wf>
         <wf lemma="を" pos="X">を</wf>
         <wf lemma="必要" pos="X">必要</wf>
         <wf lemma="と" pos="X">と</wf>
         <wf lemma="する" pos="X">する</wf>
         <wf lemma="問題" pos="X">問題</wf>
         <wf lemma="." pos="X">.</wf>
      </sentence>
      <sentence id="d000.s1841" source="wordnet-japanese">
         <wf lemma="ヴェネツィア" pos="X">ヴェネツィア</wf>
         <instance id="d000.s1841.t000" lemma="派" pos="NOUN">派</instance>
         <wf lemma="の" pos="X">の</wf>
         <wf lemma="絵画" pos="X">絵画</wf>
         <wf lemma="." pos="X">.</wf>
      </sentence>
      <sentence id="d000.s1842" source="wordnet-japanese">
         <wf lemma="部屋" pos="X">部屋</wf>
         <wf lemma="の" pos="X">の</wf>
         <wf lemma="この" pos="X">この</wf>
         <wf lemma="部分" pos="X">部分</wf>
         <wf lemma="を" pos="X">を</wf>
         <instance id="d000.s1842.t000" lemma="仕切る" pos="VERB">仕切っ</instance>
         <wf lemma="て" pos="X">て</wf>
         <wf lemma="ください" pos="X">ください</wf>
         <wf lemma="." pos="X">.</wf>
      </sentence>
      <sentence id="d000.s1843" source="wordnet-japanese">
         <wf lemma="彼ら" pos="X">彼ら</wf>
         <wf lemma="は" pos="X">は</wf>
         <wf lemma="、" pos="X">、</wf>
         <instance id="d000.s1843.t000" lemma="厄介" pos="ADJ">厄介</instance>
         <wf lemma="な" pos="X">な</wf>
         <wf lemma="時刻" pos="X">時刻</wf>
         <wf lemma="に" pos="X">に</wf>
         <wf lemma="到着" pos="X">到着</wf>
         <wf lemma="し" pos="X">し</wf>
         <wf lemma="た" pos="X">た</wf>
         <wf lemma="." pos="X">.</wf>
      </sentence>
      <sentence id="d000.s1844" source="wordnet-japanese">
         <wf lemma="彼女" pos="X">彼女</wf>
         <wf lemma="の" pos="X">の</wf>
         <wf lemma="子供" pos="X">子供</wf>
         <wf lemma="が" pos="X">が</wf>
         <wf lemma="迷っ" pos="X">迷っ</wf>
         <wf lemma="て" pos="X">て</wf>
         <wf lemma="いる" pos="X">いる</wf>
         <wf lemma="の" pos="X">の</wf>
         <wf lemma="を" pos="X">を</wf>
         <wf lemma="見" pos="X">見</wf>
         <wf lemma="た" pos="X">た</wf>
         <wf lemma="とき" pos="X">とき</wf>
         <wf lemma="、" pos="X">、</wf>
         <wf lemma="‘" pos="X">‘</wf>
         <wf lemma="私" pos="X">私</wf>
         <wf lemma="は" pos="X">は</wf>
         <wf lemma="ここ" pos="X">ここ</wf>
         <wf lemma="よ’" pos="X">よ’</wf>
         <wf lemma="と" pos="X">と</wf>
         <wf lemma="母親" pos="X">母親</wf>
         <wf lemma="は" pos="X">は</wf>
         <instance id="d000.s1844.t000" lemma="叫ぶ" pos="VERB">叫ん</instance>
         <wf lemma="だ" pos="X">だ</wf>
         <wf lemma="." pos="X">.</wf>
      </sentence>
      <sentence id="d000.s1845" source="wordnet-japanese">
         <wf lemma="空輸" pos="X">空輸</wf>
         <wf lemma="体制" pos="X">体制</wf>
         <wf lemma="が" pos="X">が</wf>
         <wf lemma="ベルリン" pos="X">ベルリン</wf>
         <wf lemma="の" pos="X">の</wf>
         <instance id="d000.s1845.t000" lemma="命綱" pos="NOUN">命綱</instance>
         <wf lemma="と" pos="X">と</wf>
         <wf lemma="なっ" pos="X">なっ</wf>
         <wf lemma="た" pos="X">た</wf>
         <wf lemma="." pos="X">.</wf>
      </sentence>
      <sentence id="d000.s1846" source="wordnet-japanese">
         <wf lemma="容疑者" pos="X">容疑者</wf>
         <wf lemma="の" pos="X">の</wf>
         <instance id="d000.s1846.t000" lemma="部分的" pos="ADJ">部分的</instance>
         <wf lemma="な" pos="X">な</wf>
         <wf lemma="記述" pos="X">記述</wf>
         <wf lemma="." pos="X">.</wf>
      </sentence>
      <sentence id="d000.s1847" source="wordnet-japanese">
         <wf lemma="彼ら" pos="X">彼ら</wf>
         <wf lemma="は" pos="X">は</wf>
         <wf lemma="、" pos="X">、</wf>
         <wf lemma="手足" pos="X">手足</wf>
         <wf lemma="の" pos="X">の</wf>
         <instance id="d000.s1847.t000" lemma="切断" pos="NOUN">切断</instance>
         <wf lemma="の" pos="X">の</wf>
         <wf lemma="刑" pos="X">刑</wf>
         <wf lemma="を" pos="X">を</wf>
         <wf lemma="命じ" pos="X">命じ</wf>
         <wf lemma="られ" pos="X">られ</wf>
         <wf lemma="た" pos="X">た</wf>
         <wf lemma="." pos="X">.</wf>
      </sentence>
      <sentence id="d000.s1848" source="wordnet-japanese">
         <wf lemma="ヘレン" pos="X">ヘレン</wf>
         <wf lemma="・" pos="X">・</wf>
         <wf lemma="ケラー" pos="X">ケラー</wf>
         <wf lemma="は" pos="X">は</wf>
         <wf lemma="、" pos="X">、</wf>
         <wf lemma="彼女" pos="X">彼女</wf>
         <wf lemma="の" pos="X">の</wf>
         <wf lemma="周り" pos="X">周り</wf>
         <wf lemma="の" pos="X">の</wf>
         <wf lemma="人々" pos="X">人々</wf>
         <wf lemma="や" pos="X">や</wf>
         <wf lemma="もの" pos="X">もの</wf>
         <wf lemma="に" pos="X">に</wf>
         <instance id="d000.s1848.t000" lemma="触れる" pos="VERB">触れる</instance>
         <wf lemma="こと" pos="X">こと</wf>
         <wf lemma="で" pos="X">で</wf>
         <wf lemma="、" pos="X">、</wf>
         <wf lemma="物理的" pos="X">物理的</wf>
         <wf lemma="な" pos="X">な</wf>
         <wf lemma="世界" pos="X">世界</wf>
         <wf lemma="を" pos="X">を</wf>
         <wf lemma="感じ" pos="X">感じ</wf>
         <wf lemma="た" pos="X">た</wf>
         <wf lemma="." pos="X">.</wf>
      </sentence>
      <sentence id="d000.s1849" source="wordnet-japanese">
         <wf lemma="それ" pos="X">それ</wf>
         <wf lemma="は" pos="X">は</wf>
         <wf lemma="私" pos="X">私</wf>
         <wf lemma="の" pos="X">の</wf>
         <instance id="d000.s1849.t000" lemma="利益" pos="NOUN">利益</instance>
         <wf lemma="である" pos="X">である</wf>
         <wf lemma="こと" pos="X">こと</wf>
         <wf lemma="が" pos="X">が</wf>
         <wf lemma="わかっ" pos="X">わかっ</wf>
         <wf lemma="た" pos="X">た</wf>
         <wf lemma="." pos="X">.</wf>
      </sentence>
      <sentence id="d000.s1850" source="wordnet-japanese">
         <instance id="d000.s1850.t000" lemma="帰納的" pos="ADJ">帰納的</instance>
         <wf lemma="な" pos="X">な</wf>
         <wf lemma="証明" pos="X">証明</wf>
         <wf lemma="." pos="X">.</wf>
      </sentence>
      <sentence id="d000.s1851" source="wordnet-japanese">
         <wf lemma="彼" pos="X">彼</wf>
         <wf lemma="は" pos="X">は</wf>
         <wf lemma="、" pos="X">、</wf>
         <wf lemma="的" pos="X">的</wf>
         <wf lemma="の" pos="X">の</wf>
         <wf lemma="頬" pos="X">頬</wf>
         <wf lemma="に" pos="X">に</wf>
         <instance id="d000.s1851.t000" lemma="きれい" pos="ADJ">きれい</instance>
         <wf lemma="に" pos="X">に</wf>
         <wf lemma="左手" pos="X">左手</wf>
         <wf lemma="を" pos="X">を</wf>
         <wf lemma="食らわせ" pos="X">食らわせ</wf>
         <wf lemma="た" pos="X">た</wf>
         <wf lemma="." pos="X">.</wf>
      </sentence>
      <sentence id="d000.s1852" source="wordnet-japanese">
         <wf lemma="心配" pos="X">心配</wf>
         <wf lemma="と" pos="X">と</wf>
         <wf lemma="恐怖" pos="X">恐怖</wf>
         <wf lemma="の" pos="X">の</wf>
         <wf lemma="気持ち" pos="X">気持ち</wf>
         <wf lemma="を" pos="X">を</wf>
         <instance id="d000.s1852.t000" lemma="静める" pos="VERB">静める</instance>
         <wf lemma="." pos="X">.</wf>
      </sentence>
      <sentence id="d000.s1853" source="wordnet-japanese">
         <wf lemma="「" pos="X">「</wf>
         <wf lemma="全体" pos="X">全体</wf>
         <wf lemma="に" pos="X">に</wf>
         <wf lemma="は" pos="X">は</wf>
         <wf lemma="、" pos="X">、</wf>
         <wf lemma="始まり" pos="X">始まり</wf>
         <wf lemma="、" pos="X">、</wf>
         <instance id="d000.s1853.t000" lemma="中間" pos="NOUN">中間</instance>
         <wf lemma="、" pos="X">、</wf>
         <wf lemma="そして" pos="X">そして</wf>
         <wf lemma="終わり" pos="X">終わり</wf>
         <wf lemma="が" pos="X">が</wf>
         <wf lemma="ある" pos="X">ある</wf>
         <wf lemma="」" pos="X">」</wf>
         <wf lemma="―" pos="X">―</wf>
         <wf lemma="―" pos="X">―</wf>
         <wf lemma="アリストテレス" pos="X">アリストテレス</wf>
         <wf lemma="." pos="X">.</wf>
      </sentence>
      <sentence id="d000.s1854" source="wordnet-japanese">
         <instance id="d000.s1854.t000" lemma="堕罪" pos="NOUN">堕罪</instance>
         <wf lemma="の" pos="X">の</wf>
         <wf lemma="あとずっと" pos="X">あとずっと</wf>
         <wf lemma="女性" pos="X">女性</wf>
         <wf lemma="は" pos="X">は</wf>
         <wf lemma="非難" pos="X">非難</wf>
         <wf lemma="さ" pos="X">さ</wf>
         <wf lemma="れ" pos="X">れ</wf>
         <wf lemma="て" pos="X">て</wf>
         <wf lemma="いる" pos="X">いる</wf>
         <wf lemma="." pos="X">.</wf>
      </sentence>
      <sentence id="d000.s1855" source="wordnet-japanese">
         <wf lemma="病気" pos="X">病気</wf>
         <wf lemma="の" pos="X">の</wf>
         <instance id="d000.s1855.t000" lemma="明示" pos="NOUN">明示</instance>
         <wf lemma="." pos="X">.</wf>
      </sentence>
      <sentence id="d000.s1856" source="wordnet-japanese">
         <wf lemma="ボクシング" pos="X">ボクシング</wf>
         <wf lemma="の" pos="X">の</wf>
         <wf lemma="快い" pos="X">快い</wf>
         <instance id="d000.s1856.t000" lemma="技" pos="NOUN">技</instance>
         <wf lemma="." pos="X">.</wf>
      </sentence>
      <sentence id="d000.s1857" source="wordnet-japanese">
         <wf lemma="彼" pos="X">彼</wf>
         <wf lemma="は" pos="X">は</wf>
         <wf lemma="座る" pos="X">座る</wf>
         <wf lemma="前" pos="X">前</wf>
         <wf lemma="に" pos="X">に</wf>
         <instance id="d000.s1857.t000" lemma="シート" pos="NOUN">シート</instance>
         <wf lemma="の" pos="X">の</wf>
         <wf lemma="ほこり" pos="X">ほこり</wf>
         <wf lemma="を" pos="X">を</wf>
         <wf lemma="払っ" pos="X">払っ</wf>
         <wf lemma="た" pos="X">た</wf>
         <wf lemma="." pos="X">.</wf>
      </sentence>
      <sentence id="d000.s1858" source="wordnet-japanese">
         <instance id="d000.s1858.t000" lemma="俳優" pos="NOUN">俳優</instance>
         <wf lemma="と" pos="X">と</wf>
         <wf lemma="し" pos="X">し</wf>
         <wf lemma="て" pos="X">て</wf>
         <wf lemma="、" pos="X">、</wf>
         <wf lemma="彼" pos="X">彼</wf>
         <wf lemma="は" pos="X">は</wf>
         <wf lemma="完成" pos="X">完成</wf>
         <wf lemma="さ" pos="X">さ</wf>
         <wf lemma="れ" pos="X">れ</wf>
         <wf lemma="た" pos="X">た</wf>
         <wf lemma="職人" pos="X">職人</wf>
         <wf lemma="だっ" pos="X">だっ</wf>
         <wf lemma="た" pos="X">た</wf>
         <wf lemma="." pos="X">.</wf>
      </sentence>
      <sentence id="d000.s1859" source="wordnet-japanese">
         <instance id="d000.s1859.t000" lemma="冥王星" pos="NOUN">冥王星</instance>
         <wf lemma="は" pos="X">は</wf>
         <wf lemma="1930" pos="X">1930</wf>
         <wf lemma="年" pos="X">年</wf>
         <wf lemma="に" pos="X">に</wf>
         <wf lemma="クライド" pos="X">クライド</wf>
         <wf lemma="・" pos="X">・</wf>
         <wf lemma="トンボー" pos="X">トンボー</wf>
         <wf lemma="によって" pos="X">によって</wf>
         <wf lemma="発見" pos="X">発見</wf>
         <wf lemma="さ" pos="X">さ</wf>
         <wf lemma="れ" pos="X">れ</wf>
         <wf lemma="た" pos="X">た</wf>
         <wf lemma="." pos="X">.</wf>
      </sentence>
      <sentence id="d000.s1860" source="wordnet-japanese">
         <wf lemma="狡猾" pos="X">狡猾</wf>
         <wf lemma="さ" pos="X">さ</wf>
         <wf lemma="の" pos="X">の</wf>
         <instance id="d000.s1860.t000" lemma="化身" pos="NOUN">化身</instance>
         <wf lemma="." pos="X">.</wf>
      </sentence>
      <sentence id="d000.s1861" source="wordnet-japanese">
         <wf lemma="いくつか" pos="X">いくつか</wf>
         <wf lemma="の" pos="X">の</wf>
         <wf lemma="異なる" pos="X">異なる</wf>
         <instance id="d000.s1861.t000" lemma="柔軟体操" pos="NOUN">柔軟体操</instance>
         <wf lemma="が" pos="X">が</wf>
         <wf lemma="、" pos="X">、</wf>
         <wf lemma="ビデオ" pos="X">ビデオ</wf>
         <wf lemma="の" pos="X">の</wf>
         <wf lemma="中" pos="X">中</wf>
         <wf lemma="で" pos="X">で</wf>
         <wf lemma="例示" pos="X">例示</wf>
         <wf lemma="さ" pos="X">さ</wf>
         <wf lemma="れ" pos="X">れ</wf>
         <wf lemma="て" pos="X">て</wf>
         <wf lemma="い" pos="X">い</wf>
         <wf lemma="た" pos="X">た</wf>
         <wf lemma="." pos="X">.</wf>
      </sentence>
      <sentence id="d000.s1862" source="wordnet-japanese">
         <wf lemma="ミネラル" pos="X">ミネラル</wf>
         <wf lemma="の" pos="X">の</wf>
         <instance id="d000.s1862.t000" lemma="豊富" pos="ADJ">豊富</instance>
         <wf lemma="な" pos="X">な</wf>
         <wf lemma="土地" pos="X">土地</wf>
         <wf lemma="に" pos="X">に</wf>
         <wf lemma="恵まれ" pos="X">恵まれ</wf>
         <wf lemma="て" pos="X">て</wf>
         <wf lemma="." pos="X">.</wf>
      </sentence>
      <sentence id="d000.s1863" source="wordnet-japanese">
         <wf lemma="中東" pos="X">中東</wf>
         <wf lemma="は" pos="X">は</wf>
         <instance id="d000.s1863.t000" lemma="沸き立つ" pos="VERB">沸き立っ</instance>
         <wf lemma="て" pos="X">て</wf>
         <wf lemma="いる" pos="X">いる</wf>
         <wf lemma="." pos="X">.</wf>
      </sentence>
      <sentence id="d000.s1864" source="wordnet-japanese">
         <wf lemma="あなた" pos="X">あなた</wf>
         <wf lemma="は" pos="X">は</wf>
         <wf lemma="、" pos="X">、</wf>
         <wf lemma="あなた" pos="X">あなた</wf>
         <wf lemma="の" pos="X">の</wf>
         <wf lemma="後継者" pos="X">後継者</wf>
         <wf lemma="を" pos="X">を</wf>
         <wf lemma="任命" pos="X">任命</wf>
         <wf lemma="する" pos="X">する</wf>
         <wf lemma="権利" pos="X">権利</wf>
         <wf lemma="を" pos="X">を</wf>
         <instance id="d000.s1864.t000" lemma="失う" pos="VERB">失っ</instance>
         <wf lemma="た" pos="X">た</wf>
         <wf lemma="." pos="X">.</wf>
      </sentence>
      <sentence id="d000.s1865" source="wordnet-japanese">
         <wf lemma="とぼけた" pos="X">とぼけた</wf>
         <wf lemma="ユーモア" pos="X">ユーモア</wf>
         <wf lemma="、" pos="X">、</wf>
         <wf lemma="ニコリ" pos="X">ニコリ</wf>
         <wf lemma="と" pos="X">と</wf>
         <wf lemma="も" pos="X">も</wf>
         <wf lemma="せずに" pos="X">せずに</wf>
         <wf lemma="言う" pos="X">言う</wf>
         <wf lemma="ユーモア" pos="X">ユーモア</wf>
         <wf lemma="、" pos="X">、</wf>
         <wf lemma="平然" pos="X">平然</wf>
         <wf lemma="と" pos="X">と</wf>
         <instance id="d000.s1865.t000" lemma="皮肉" pos="ADJ">皮肉</instance>
         <wf lemma="を" pos="X">を</wf>
         <wf lemma="込め" pos="X">込め</wf>
         <wf lemma="て" pos="X">て</wf>
         <wf lemma="言う" pos="X">言う</wf>
         <wf lemma="ユーモア" pos="X">ユーモア</wf>
         <wf lemma="." pos="X">.</wf>
      </sentence>
      <sentence id="d000.s1866" source="wordnet-japanese">
         <wf lemma="これ" pos="X">これ</wf>
         <wf lemma="は" pos="X">は</wf>
         <instance id="d000.s1866.t000" lemma="統計的" pos="ADV">統計的</instance>
         <wf lemma="に" pos="X">に</wf>
         <wf lemma="不可能" pos="X">不可能</wf>
         <wf lemma="で" pos="X">で</wf>
         <wf lemma="ある" pos="X">ある</wf>
         <wf lemma="." pos="X">.</wf>
      </sentence>
      <sentence id="d000.s1867" source="wordnet-japanese">
         <wf lemma="副大統領" pos="X">副大統領</wf>
         <wf lemma="の" pos="X">の</wf>
         <wf lemma="地位" pos="X">地位</wf>
         <wf lemma="は" pos="X">は</wf>
         <wf lemma="行政" pos="X">行政</wf>
         <wf lemma="と" pos="X">と</wf>
         <wf lemma="立法" pos="X">立法</wf>
         <wf lemma="の" pos="X">の</wf>
         <instance id="d000.s1867.t000" lemma="混成" pos="NOUN">混成</instance>
         <wf lemma="だ" pos="X">だ</wf>
         <wf lemma="." pos="X">.</wf>
      </sentence>
      <sentence id="d000.s1868" source="wordnet-japanese">
         <wf lemma="シカゴ" pos="X">シカゴ</wf>
         <wf lemma="は" pos="X">は</wf>
         <wf lemma="殺人" pos="X">殺人</wf>
         <instance id="d000.s1868.t000" lemma="記録" pos="NOUN">記録</instance>
         <wf lemma="を" pos="X">を</wf>
         <wf lemma="樹立" pos="X">樹立</wf>
         <wf lemma="し" pos="X">し</wf>
         <wf lemma="た" pos="X">た</wf>
         <wf lemma="." pos="X">.</wf>
      </sentence>
      <sentence id="d000.s1869" source="wordnet-japanese">
         <wf lemma="野外" pos="X">野外</wf>
         <wf lemma="の" pos="X">の</wf>
         <instance id="d000.s1869.t000" lemma="世界" pos="NOUN">世界</instance>
         <wf lemma="." pos="X">.</wf>
      </sentence>
      <sentence id="d000.s1870" source="wordnet-japanese">
         <wf lemma="法律" pos="X">法律</wf>
         <wf lemma="の" pos="X">の</wf>
         <instance id="d000.s1870.t000" lemma="不確定" pos="ADJ">不確定</instance>
         <wf lemma="の" pos="X">の</wf>
         <wf lemma="点" pos="X">点</wf>
         <wf lemma="." pos="X">.</wf>
      </sentence>
      <sentence id="d000.s1871" source="wordnet-japanese">
         <wf lemma="感情的" pos="X">感情的</wf>
         <wf lemma="に" pos="X">に</wf>
         <instance id="d000.s1871.t000" lemma="不安定" pos="ADJ">不安定</instance>
         <wf lemma="な" pos="X">な</wf>
         <wf lemma="人" pos="X">人</wf>
         <wf lemma="." pos="X">.</wf>
      </sentence>
      <sentence id="d000.s1872" source="wordnet-japanese">
         <wf lemma="彼" pos="X">彼</wf>
         <wf lemma="は" pos="X">は</wf>
         <wf lemma="明るい" pos="X">明るい</wf>
         <instance id="d000.s1872.t000" lemma="青" pos="NOUN">青</instance>
         <wf lemma="の" pos="X">の</wf>
         <wf lemma="目" pos="X">目</wf>
         <wf lemma="を" pos="X">を</wf>
         <wf lemma="し" pos="X">し</wf>
         <wf lemma="て" pos="X">て</wf>
         <wf lemma="い" pos="X">い</wf>
         <wf lemma="た" pos="X">た</wf>
         <wf lemma="." pos="X">.</wf>
      </sentence>
      <sentence id="d000.s1873" source="wordnet-japanese">
         <instance id="d000.s1873.t000" lemma="深い" pos="ADJ">深い</instance>
         <wf lemma="軽蔑" pos="X">軽蔑</wf>
         <wf lemma="." pos="X">.</wf>
      </sentence>
      <sentence id="d000.s1874" source="wordnet-japanese">
         <wf lemma="スキー" pos="X">スキー</wf>
         <wf lemma="を" pos="X">を</wf>
         <instance id="d000.s1874.t000" lemma="真剣" pos="ADJ">真剣</instance>
         <wf lemma="に" pos="X">に</wf>
         <wf lemma="学ぼ" pos="X">学ぼ</wf>
         <wf lemma="う" pos="X">う</wf>
         <wf lemma="と" pos="X">と</wf>
         <wf lemma="する" pos="X">する</wf>
         <wf lemma="試み" pos="X">試み</wf>
         <wf lemma="." pos="X">.</wf>
      </sentence>
      <sentence id="d000.s1875" source="wordnet-japanese">
         <wf lemma="海洋" pos="X">海洋</wf>
         <instance id="d000.s1875.t000" lemma="循環" pos="NOUN">循環</instance>
         <wf lemma="は" pos="X">は</wf>
         <wf lemma="、" pos="X">、</wf>
         <wf lemma="世界的" pos="X">世界的</wf>
         <wf lemma="な" pos="X">な</wf>
         <wf lemma="気候" pos="X">気候</wf>
         <wf lemma="の" pos="X">の</wf>
         <wf lemma="重要" pos="X">重要</wf>
         <wf lemma="な" pos="X">な</wf>
         <wf lemma="部分" pos="X">部分</wf>
         <wf lemma="である" pos="X">である</wf>
         <wf lemma="." pos="X">.</wf>
      </sentence>
      <sentence id="d000.s1876" source="wordnet-japanese">
         <wf lemma="その" pos="X">その</wf>
         <instance id="d000.s1876.t000" lemma="土地" pos="NOUN">土地</instance>
         <wf lemma="に対して" pos="X">に対して</wf>
         <wf lemma="これ" pos="X">これ</wf>
         <wf lemma="以上" pos="X">以上</wf>
         <wf lemma="なす" pos="X">なす</wf>
         <wf lemma="べき" pos="X">べき</wf>
         <wf lemma="こと" pos="X">こと</wf>
         <wf lemma="は" pos="X">は</wf>
         <wf lemma="ない" pos="X">ない</wf>
         <wf lemma="." pos="X">.</wf>
      </sentence>
      <sentence id="d000.s1877" source="wordnet-japanese">
         <instance id="d000.s1877.t000" lemma="満足" pos="ADJ">満足</instance>
         <wf lemma="し" pos="X">し</wf>
         <wf lemma="た" pos="X">た</wf>
         <wf lemma="客" pos="X">客</wf>
         <wf lemma="." pos="X">.</wf>
      </sentence>
      <sentence id="d000.s1878" source="wordnet-japanese">
         <wf lemma="旗" pos="X">旗</wf>
         <wf lemma="を" pos="X">を</wf>
         <instance id="d000.s1878.t000" lemma="掲げる" pos="VERB">掲げ</instance>
         <wf lemma="て" pos="X">て</wf>
         <wf lemma="下さい" pos="X">下さい</wf>
         <wf lemma="." pos="X">.</wf>
      </sentence>
      <sentence id="d000.s1879" source="wordnet-japanese">
         <wf lemma="彼" pos="X">彼</wf>
         <wf lemma="は" pos="X">は</wf>
         <instance id="d000.s1879.t000" lemma="世論" pos="NOUN">世論</instance>
         <wf lemma="調査" pos="X">調査</wf>
         <wf lemma="を" pos="X">を</wf>
         <wf lemma="求め" pos="X">求め</wf>
         <wf lemma="た" pos="X">た</wf>
         <wf lemma="." pos="X">.</wf>
      </sentence>
      <sentence id="d000.s1880" source="wordnet-japanese">
         <instance id="d000.s1880.t000" lemma="簡潔" pos="ADJ">簡潔</instance>
         <wf lemma="な" pos="X">な</wf>
         <wf lemma="答え" pos="X">答え</wf>
         <wf lemma="；" pos="X">；</wf>
         <wf lemma="はい." pos="X">はい.</wf>
      </sentence>
      <sentence id="d000.s1881" source="wordnet-japanese">
         <wf lemma="彼" pos="X">彼</wf>
         <wf lemma="は" pos="X">は</wf>
         <instance id="d000.s1881.t000" lemma="切り傷" pos="NOUN">切り傷</instance>
         <wf lemma="に" pos="X">に</wf>
         <wf lemma="包帯" pos="X">包帯</wf>
         <wf lemma="を" pos="X">を</wf>
         <wf lemma="まい" pos="X">まい</wf>
         <wf lemma="た" pos="X">た</wf>
         <wf lemma="." pos="X">.</wf>
      </sentence>
      <sentence id="d000.s1882" source="wordnet-japanese">
         <instance id="d000.s1882.t000" lemma="重要" pos="ADJ">重要</instance>
         <wf lemma="な" pos="X">な</wf>
         <wf lemma="選挙" pos="X">選挙</wf>
         <wf lemma="." pos="X">.</wf>
      </sentence>
      <sentence id="d000.s1883" source="wordnet-japanese">
         <wf lemma="彼" pos="X">彼</wf>
         <wf lemma="は" pos="X">は</wf>
         <wf lemma="その" pos="X">その</wf>
         <wf lemma="ジョーク" pos="X">ジョーク</wf>
         <wf lemma="の" pos="X">の</wf>
         <instance id="d000.s1883.t000" lemma="核心" pos="NOUN">核心</instance>
         <wf lemma="を" pos="X">を</wf>
         <wf lemma="理解" pos="X">理解</wf>
         <wf lemma="し" pos="X">し</wf>
         <wf lemma="なかっ" pos="X">なかっ</wf>
         <wf lemma="た" pos="X">た</wf>
         <wf lemma="." pos="X">.</wf>
      </sentence>
      <sentence id="d000.s1884" source="wordnet-japanese">
         <instance id="d000.s1884.t000" lemma="結論" pos="NOUN">結論</instance>
         <wf lemma="に" pos="X">に</wf>
         <wf lemma="飛び付く" pos="X">飛び付く</wf>
         <wf lemma="." pos="X">.</wf>
      </sentence>
      <sentence id="d000.s1885" source="wordnet-japanese">
         <wf lemma="彼" pos="X">彼</wf>
         <wf lemma="の" pos="X">の</wf>
         <instance id="d000.s1885.t000" lemma="即興的" pos="ADJ">即興的</instance>
         <wf lemma="な" pos="X">な</wf>
         <wf lemma="コメント" pos="X">コメント</wf>
         <wf lemma="は" pos="X">は</wf>
         <wf lemma="貧弱" pos="X">貧弱</wf>
         <wf lemma="な" pos="X">な</wf>
         <wf lemma="判断" pos="X">判断</wf>
         <wf lemma="を" pos="X">を</wf>
         <wf lemma="示し" pos="X">示し</wf>
         <wf lemma="た" pos="X">た</wf>
         <wf lemma="." pos="X">.</wf>
      </sentence>
      <sentence id="d000.s1886" source="wordnet-japanese">
         <wf lemma="彼" pos="X">彼</wf>
         <wf lemma="は" pos="X">は</wf>
         <wf lemma="、" pos="X">、</wf>
         <wf lemma="手紙" pos="X">手紙</wf>
         <wf lemma="と" pos="X">と</wf>
         <instance id="d000.s1886.t000" lemma="切り抜き" pos="NOUN">切り抜き</instance>
         <wf lemma="の" pos="X">の</wf>
         <wf lemma="の" pos="X">の</wf>
         <wf lemma="山" pos="X">山</wf>
         <wf lemma="を" pos="X">を</wf>
         <wf lemma="隅々" pos="X">隅々</wf>
         <wf lemma="まで" pos="X">まで</wf>
         <wf lemma="を" pos="X">を</wf>
         <wf lemma="捜し" pos="X">捜し</wf>
         <wf lemma="た" pos="X">た</wf>
         <wf lemma="." pos="X">.</wf>
      </sentence>
      <sentence id="d000.s1887" source="wordnet-japanese">
         <wf lemma="彼女" pos="X">彼女</wf>
         <wf lemma="に" pos="X">に</wf>
         <wf lemma="は" pos="X">は</wf>
         <instance id="d000.s1887.t000" lemma="崇拝者" pos="NOUN">崇拝者</instance>
         <wf lemma="が" pos="X">が</wf>
         <wf lemma="多い" pos="X">多い</wf>
         <wf lemma="." pos="X">.</wf>
      </sentence>
      <sentence id="d000.s1888" source="wordnet-japanese">
         <wf lemma="花" pos="X">花</wf>
         <wf lemma="の" pos="X">の</wf>
         <instance id="d000.s1888.t000" lemma="首輪" pos="NOUN">首輪</instance>
         <wf lemma="は" pos="X">は</wf>
         <wf lemma="勝ち馬" pos="X">勝ち馬</wf>
         <wf lemma="の" pos="X">の</wf>
         <wf lemma="首" pos="X">首</wf>
         <wf lemma="に" pos="X">に</wf>
         <wf lemma="掛け" pos="X">掛け</wf>
         <wf lemma="られ" pos="X">られ</wf>
         <wf lemma="た" pos="X">た</wf>
         <wf lemma="." pos="X">.</wf>
      </sentence>
      <sentence id="d000.s1889" source="wordnet-japanese">
         <wf lemma="彼" pos="X">彼</wf>
         <wf lemma="の" pos="X">の</wf>
         <instance id="d000.s1889.t000" lemma="確信" pos="NOUN">確信</instance>
         <wf lemma="が" pos="X">が</wf>
         <wf lemma="他の" pos="X">他の</wf>
         <wf lemma="人々" pos="X">人々</wf>
         <wf lemma="を" pos="X">を</wf>
         <wf lemma="安心" pos="X">安心</wf>
         <wf lemma="さ" pos="X">さ</wf>
         <wf lemma="せ" pos="X">せ</wf>
         <wf lemma="た" pos="X">た</wf>
         <wf lemma="." pos="X">.</wf>
      </sentence>
      <sentence id="d000.s1890" source="wordnet-japanese">
         <wf lemma="彼女" pos="X">彼女</wf>
         <wf lemma="は" pos="X">は</wf>
         <wf lemma="いつも" pos="X">いつも</wf>
         <instance id="d000.s1890.t000" lemma="正確" pos="ADV">正確</instance>
         <wf lemma="に" pos="X">に</wf>
         <wf lemma="自分" pos="X">自分</wf>
         <wf lemma="の" pos="X">の</wf>
         <wf lemma="考え" pos="X">考え</wf>
         <wf lemma="を" pos="X">を</wf>
         <wf lemma="表し" pos="X">表し</wf>
         <wf lemma="た" pos="X">た</wf>
         <wf lemma="." pos="X">.</wf>
      </sentence>
      <sentence id="d000.s1891" source="wordnet-japanese">
         <wf lemma="彼" pos="X">彼</wf>
         <wf lemma="は" pos="X">は</wf>
         <wf lemma="秤" pos="X">秤</wf>
         <wf lemma="皿" pos="X">皿</wf>
         <wf lemma="の" pos="X">の</wf>
         <wf lemma="上" pos="X">上</wf>
         <wf lemma="に" pos="X">に</wf>
         <instance id="d000.s1891.t000" lemma="分銅" pos="NOUN">分銅</instance>
         <wf lemma="を" pos="X">を</wf>
         <wf lemma="2" pos="X">2</wf>
         <wf lemma="つ" pos="X">つ</wf>
         <wf lemma="置い" pos="X">置い</wf>
         <wf lemma="た" pos="X">た</wf>
         <wf lemma="." pos="X">.</wf>
      </sentence>
      <sentence id="d000.s1892" source="wordnet-japanese">
         <instance id="d000.s1892.t000" lemma="同じ" pos="ADJ">同じ</instance>
         <wf lemma="量" pos="X">量</wf>
         <wf lemma="." pos="X">.</wf>
      </sentence>
      <sentence id="d000.s1893" source="wordnet-japanese">
         <wf lemma="彼" pos="X">彼</wf>
         <wf lemma="は" pos="X">は</wf>
         <wf lemma="私" pos="X">私</wf>
         <wf lemma="の" pos="X">の</wf>
         <instance id="d000.s1893.t000" lemma="職業" pos="NOUN">職業</instance>
         <wf lemma="に" pos="X">に</wf>
         <wf lemma="かかわっ" pos="X">かかわっ</wf>
         <wf lemma="て" pos="X">て</wf>
         <wf lemma="い" pos="X">い</wf>
         <wf lemma="ない" pos="X">ない</wf>
         <wf lemma="." pos="X">.</wf>
      </sentence>
      <sentence id="d000.s1894" source="wordnet-japanese">
         <instance id="d000.s1894.t000" lemma="エンタルピー" pos="NOUN">エンタルピー</instance>
         <wf lemma="は" pos="X">は</wf>
         <wf lemma="機械" pos="X">機械</wf>
         <wf lemma="作業" pos="X">作業</wf>
         <wf lemma="が" pos="X">が</wf>
         <wf lemma="可能" pos="X">可能</wf>
         <wf lemma="な" pos="X">な</wf>
         <wf lemma="システム" pos="X">システム</wf>
         <wf lemma="の" pos="X">の</wf>
         <wf lemma="エネルギー" pos="X">エネルギー</wf>
         <wf lemma="量" pos="X">量</wf>
         <wf lemma="である" pos="X">である</wf>
         <wf lemma="." pos="X">.</wf>
      </sentence>
      <sentence id="d000.s1895" source="wordnet-japanese">
         <wf lemma="基金" pos="X">基金</wf>
         <wf lemma="を" pos="X">を</wf>
         <instance id="d000.s1895.t000" lemma="始める" pos="VERB">始め</instance>
         <wf lemma="て" pos="X">て</wf>
         <wf lemma="ください" pos="X">ください</wf>
         <wf lemma="." pos="X">.</wf>
      </sentence>
      <sentence id="d000.s1896" source="wordnet-japanese">
         <wf lemma="…と" pos="X">…と</wf>
         <instance id="d000.s1896.t000" lemma="対照" pos="NOUN">対照</instance>
         <wf lemma="的" pos="X">的</wf>
         <wf lemma="に" pos="X">に</wf>
         <wf lemma="." pos="X">.</wf>
      </sentence>
      <sentence id="d000.s1897" source="wordnet-japanese">
         <instance id="d000.s1897.t000" lemma="清潔" pos="ADJ">清潔</instance>
         <wf lemma="な" pos="X">な</wf>
         <wf lemma="輝き" pos="X">輝き</wf>
         <wf lemma="の" pos="X">の</wf>
         <wf lemma="表情" pos="X">表情</wf>
         <wf lemma="の" pos="X">の</wf>
         <wf lemma="子供" pos="X">子供</wf>
         <wf lemma="." pos="X">.</wf>
      </sentence>
      <sentence id="d000.s1898" source="wordnet-japanese">
         <instance id="d000.s1898.t000" lemma="意欲的" pos="ADJ">意欲的</instance>
         <wf lemma="な" pos="X">な</wf>
         <wf lemma="子供" pos="X">子供</wf>
         <wf lemma="は" pos="X">は</wf>
         <wf lemma="、" pos="X">、</wf>
         <wf lemma="ほとんど" pos="X">ほとんど</wf>
         <wf lemma="何" pos="X">何</wf>
         <wf lemma="で" pos="X">で</wf>
         <wf lemma="も" pos="X">も</wf>
         <wf lemma="学ぶ" pos="X">学ぶ</wf>
         <wf lemma="こと" pos="X">こと</wf>
         <wf lemma="が" pos="X">が</wf>
         <wf lemma="できる" pos="X">できる</wf>
         <wf lemma="." pos="X">.</wf>
      </sentence>
      <sentence id="d000.s1899" source="wordnet-japanese">
         <wf lemma="彼" pos="X">彼</wf>
         <wf lemma="の" pos="X">の</wf>
         <wf lemma="ズボン" pos="X">ズボン</wf>
         <wf lemma="の" pos="X">の</wf>
         <wf lemma="ジャケット" pos="X">ジャケット</wf>
         <wf lemma="から" pos="X">から</wf>
         <wf lemma="ジャケット" pos="X">ジャケット</wf>
         <wf lemma="の" pos="X">の</wf>
         <wf lemma="ポケット" pos="X">ポケット</wf>
         <wf lemma="に" pos="X">に</wf>
         <wf lemma="、" pos="X">、</wf>
         <wf lemma="パケット" pos="X">パケット</wf>
         <wf lemma="を" pos="X">を</wf>
         <instance id="d000.s1899.t000" lemma="移す" pos="VERB">移し</instance>
         <wf lemma="て" pos="X">て</wf>
         <wf lemma="ください" pos="X">ください</wf>
         <wf lemma="." pos="X">.</wf>
      </sentence>
      <sentence id="d000.s1900" source="wordnet-japanese">
         <wf lemma="リンドバーグ" pos="X">リンドバーグ</wf>
         <wf lemma="は" pos="X">は</wf>
         <wf lemma="、" pos="X">、</wf>
         <wf lemma="大西洋" pos="X">大西洋</wf>
         <wf lemma="を" pos="X">を</wf>
         <instance id="d000.s1900.t000" lemma="飛ぶ" pos="VERB">飛ん</instance>
         <wf lemma="だ" pos="X">だ</wf>
         <wf lemma="最初" pos="X">最初</wf>
         <wf lemma="の" pos="X">の</wf>
         <wf lemma="人" pos="X">人</wf>
         <wf lemma="だっ" pos="X">だっ</wf>
         <wf lemma="た" pos="X">た</wf>
         <wf lemma="." pos="X">.</wf>
      </sentence>
      <sentence id="d000.s1901" source="wordnet-japanese">
         <wf lemma="船" pos="X">船</wf>
         <wf lemma="は" pos="X">は</wf>
         <wf lemma="強風" pos="X">強風</wf>
         <wf lemma="で" pos="X">で</wf>
         <wf lemma="ほとんど" pos="X">ほとんど</wf>
         <instance id="d000.s1901.t000" lemma="前進" pos="NOUN">前進</instance>
         <wf lemma="でき" pos="X">でき</wf>
         <wf lemma="なかっ" pos="X">なかっ</wf>
         <wf lemma="た" pos="X">た</wf>
         <wf lemma="." pos="X">.</wf>
      </sentence>
      <sentence id="d000.s1902" source="wordnet-japanese">
         <wf lemma="彼" pos="X">彼</wf>
         <wf lemma="は" pos="X">は</wf>
         <wf lemma="ハンドル" pos="X">ハンドル</wf>
         <wf lemma="を" pos="X">を</wf>
         <instance id="d000.s1902.t000" lemma="握る" pos="VERB">握っ</instance>
         <wf lemma="た" pos="X">た</wf>
         <wf lemma="." pos="X">.</wf>
      </sentence>
      <sentence id="d000.s1903" source="wordnet-japanese">
         <wf lemma="私" pos="X">私</wf>
         <wf lemma="たち" pos="X">たち</wf>
         <wf lemma="は" pos="X">は</wf>
         <wf lemma="戦争" pos="X">戦争</wf>
         <wf lemma="から" pos="X">から</wf>
         <wf lemma="の" pos="X">の</wf>
         <wf lemma="彼" pos="X">彼</wf>
         <wf lemma="の" pos="X">の</wf>
         <wf lemma="話" pos="X">話</wf>
         <wf lemma="を" pos="X">を</wf>
         <instance id="d000.s1903.t000" lemma="信じる" pos="VERB">信じ</instance>
         <wf lemma="て" pos="X">て</wf>
         <wf lemma="い" pos="X">い</wf>
         <wf lemma="なかっ" pos="X">なかっ</wf>
         <wf lemma="た" pos="X">た</wf>
         <wf lemma="." pos="X">.</wf>
      </sentence>
      <sentence id="d000.s1904" source="wordnet-japanese">
         <wf lemma="すべて" pos="X">すべて</wf>
         <wf lemma="の" pos="X">の</wf>
         <wf lemma="彼女" pos="X">彼女</wf>
         <wf lemma="の" pos="X">の</wf>
         <wf lemma="子供" pos="X">子供</wf>
         <wf lemma="は" pos="X">は</wf>
         <wf lemma="華麗" pos="X">華麗</wf>
         <wf lemma="だっ" pos="X">だっ</wf>
         <wf lemma="た" pos="X">た</wf>
         <wf lemma="；" pos="X">；</wf>
         <wf lemma="唯一" pos="X">唯一</wf>
         <wf lemma="の" pos="X">の</wf>
         <instance id="d000.s1904.t000" lemma="例外" pos="NOUN">例外</instance>
         <wf lemma="は" pos="X">は</wf>
         <wf lemma="彼女" pos="X">彼女</wf>
         <wf lemma="の" pos="X">の</wf>
         <wf lemma="最後" pos="X">最後</wf>
         <wf lemma="の" pos="X">の</wf>
         <wf lemma="子供" pos="X">子供</wf>
         <wf lemma="だっ" pos="X">だっ</wf>
         <wf lemma="た" pos="X">た</wf>
         <wf lemma="." pos="X">.</wf>
      </sentence>
      <sentence id="d000.s1905" source="wordnet-japanese">
         <wf lemma="市長" pos="X">市長</wf>
         <wf lemma="へ" pos="X">へ</wf>
         <wf lemma="の" pos="X">の</wf>
         <wf lemma="選挙" pos="X">選挙</wf>
         <wf lemma="運動" pos="X">運動</wf>
         <wf lemma="は" pos="X">は</wf>
         <instance id="d000.s1905.t000" lemma="冗談" pos="NOUN">冗談</instance>
         <wf lemma="である" pos="X">である</wf>
         <wf lemma="と" pos="X">と</wf>
         <wf lemma="み" pos="X">み</wf>
         <wf lemma="なし" pos="X">なし</wf>
         <wf lemma="た" pos="X">た</wf>
         <wf lemma="." pos="X">.</wf>
      </sentence>
      <sentence id="d000.s1906" source="wordnet-japanese">
         <wf lemma="教会" pos="X">教会</wf>
         <wf lemma="の" pos="X">の</wf>
         <wf lemma="清浄" pos="X">清浄</wf>
         <wf lemma="を" pos="X">を</wf>
         <instance id="d000.s1906.t000" lemma="犯す" pos="VERB">犯す</instance>
         <wf lemma="." pos="X">.</wf>
      </sentence>
      <sentence id="d000.s1907" source="wordnet-japanese">
         <wf lemma="即座" pos="X">即座</wf>
         <wf lemma="に" pos="X">に</wf>
         <wf lemma="必要" pos="X">必要</wf>
         <wf lemma="な" pos="X">な</wf>
         <wf lemma="こと" pos="X">こと</wf>
         <wf lemma="に" pos="X">に</wf>
         <wf lemma="答える" pos="X">答える</wf>
         <wf lemma="こと" pos="X">こと</wf>
         <wf lemma="を" pos="X">を</wf>
         <wf lemma="意識的" pos="X">意識的</wf>
         <wf lemma="に" pos="X">に</wf>
         <instance id="d000.s1907.t000" lemma="目的" pos="NOUN">目的</instance>
         <wf lemma="に" pos="X">に</wf>
         <wf lemma="し" pos="X">し</wf>
         <wf lemma="て" pos="X">て</wf>
         <wf lemma="それ" pos="X">それ</wf>
         <wf lemma="は" pos="X">は</wf>
         <wf lemma="作ら" pos="X">作ら</wf>
         <wf lemma="れ" pos="X">れ</wf>
         <wf lemma="た" pos="X">た</wf>
         <wf lemma="." pos="X">.</wf>
      </sentence>
      <sentence id="d000.s1908" source="wordnet-japanese">
         <wf lemma="患者" pos="X">患者</wf>
         <wf lemma="を" pos="X">を</wf>
         <wf lemma="急" pos="X">急</wf>
         <wf lemma="に" pos="X">に</wf>
         <wf lemma="動か" pos="X">動か</wf>
         <wf lemma="し" pos="X">し</wf>
         <wf lemma="て" pos="X">て</wf>
         <wf lemma="、" pos="X">、</wf>
         <wf lemma="傷" pos="X">傷</wf>
         <wf lemma="を" pos="X">を</wf>
         <instance id="d000.s1908.t000" lemma="妨げる" pos="VERB">妨げる</instance>
         <wf lemma="こと" pos="X">こと</wf>
         <wf lemma="は" pos="X">は</wf>
         <wf lemma="し" pos="X">し</wf>
         <wf lemma="ない" pos="X">ない</wf>
         <wf lemma="で" pos="X">で</wf>
         <wf lemma="ください" pos="X">ください</wf>
         <wf lemma="！" pos="X">！</wf>
         <wf lemma="." pos="X">.</wf>
      </sentence>
      <sentence id="d000.s1909" source="wordnet-japanese">
         <wf lemma="6月" pos="X">6月</wf>
         <wf lemma="の" pos="X">の</wf>
         <wf lemma="ある" pos="X">ある</wf>
         <wf lemma="日" pos="X">日</wf>
         <wf lemma="と" pos="X">と</wf>
         <wf lemma="同じ" pos="X">同じ</wf>
         <wf lemma="くらい" pos="X">くらい</wf>
         <instance id="d000.s1909.t000" lemma="珍しい" pos="ADJ">珍しい</instance>
         <wf lemma="−" pos="X">−</wf>
         <wf lemma="J.R" pos="X">J.R</wf>
         <wf lemma="." pos="X">.</wf>
         <wf lemma="ローウェル" pos="X">ローウェル</wf>
         <wf lemma="." pos="X">.</wf>
      </sentence>
      <sentence id="d000.s1910" source="wordnet-japanese">
         <instance id="d000.s1910.t000" lemma="厳密" pos="ADJ">厳密</instance>
         <wf lemma="な" pos="X">な</wf>
         <wf lemma="菜食" pos="X">菜食</wf>
         <wf lemma="主義者" pos="X">主義者</wf>
         <wf lemma="." pos="X">.</wf>
      </sentence>
      <sentence id="d000.s1911" source="wordnet-japanese">
         <wf lemma="倒れる" pos="X">倒れる</wf>
         <wf lemma="木" pos="X">木</wf>
         <wf lemma="は" pos="X">は</wf>
         <wf lemma="たとえ" pos="X">たとえ</wf>
         <wf lemma="聞く" pos="X">聞く</wf>
         <wf lemma="もの" pos="X">もの</wf>
         <wf lemma="が" pos="X">が</wf>
         <wf lemma="誰" pos="X">誰</wf>
         <wf lemma="も" pos="X">も</wf>
         <wf lemma="い" pos="X">い</wf>
         <wf lemma="なく" pos="X">なく</wf>
         <wf lemma="て" pos="X">て</wf>
         <wf lemma="も" pos="X">も</wf>
         <wf lemma="森" pos="X">森</wf>
         <wf lemma="に" pos="X">に</wf>
         <instance id="d000.s1911.t000" lemma="音" pos="NOUN">音</instance>
         <wf lemma="を" pos="X">を</wf>
         <wf lemma="立てる" pos="X">立てる</wf>
         <wf lemma="." pos="X">.</wf>
      </sentence>
      <sentence id="d000.s1912" source="wordnet-japanese">
         <wf lemma="金持ち" pos="X">金持ち</wf>
         <wf lemma="の" pos="X">の</wf>
         <wf lemma="男性" pos="X">男性</wf>
         <wf lemma="と" pos="X">と</wf>
         <wf lemma="恋に" pos="X">恋に</wf>
         <wf lemma="落ち" pos="X">落ち</wf>
         <wf lemma="た" pos="X">た</wf>
         <wf lemma="とき" pos="X">とき</wf>
         <wf lemma="、" pos="X">、</wf>
         <wf lemma="彼女" pos="X">彼女</wf>
         <wf lemma="は" pos="X">は</wf>
         <wf lemma="、" pos="X">、</wf>
         <wf lemma="ボーイフレンド" pos="X">ボーイフレンド</wf>
         <wf lemma="を" pos="X">を</wf>
         <instance id="d000.s1912.t000" lemma="捨てる" pos="VERB">捨て</instance>
         <wf lemma="た" pos="X">た</wf>
         <wf lemma="." pos="X">.</wf>
      </sentence>
      <sentence id="d000.s1913" source="wordnet-japanese">
         <wf lemma="さよう" pos="X">さよう</wf>
         <wf lemma="なら" pos="X">なら</wf>
         <wf lemma="を" pos="X">を</wf>
         <wf lemma="言わず" pos="X">言わず</wf>
         <wf lemma="に" pos="X">に</wf>
         <wf lemma="パーティー" pos="X">パーティー</wf>
         <wf lemma="を" pos="X">を</wf>
         <wf lemma="抜ける" pos="X">抜ける</wf>
         <wf lemma="の" pos="X">の</wf>
         <wf lemma="は" pos="X">は</wf>
         <instance id="d000.s1913.t000" lemma="正しい" pos="ADJ">正しい</instance>
         <wf lemma="こと" pos="X">こと</wf>
         <wf lemma="で" pos="X">で</wf>
         <wf lemma="ない" pos="X">ない</wf>
         <wf lemma="." pos="X">.</wf>
      </sentence>
      <sentence id="d000.s1914" source="wordnet-japanese">
         <wf lemma="競馬場" pos="X">競馬場</wf>
         <wf lemma="の" pos="X">の</wf>
         <instance id="d000.s1914.t000" lemma="常連" pos="NOUN">常連</instance>
         <wf lemma="." pos="X">.</wf>
      </sentence>
      <sentence id="d000.s1915" source="wordnet-japanese">
         <wf lemma="フリスビー" pos="X">フリスビー</wf>
         <wf lemma="を" pos="X">を</wf>
         <instance id="d000.s1915.t000" lemma="投げる" pos="VERB">投げ</instance>
         <wf lemma="て" pos="X">て</wf>
         <wf lemma="ください" pos="X">ください</wf>
         <wf lemma="." pos="X">.</wf>
      </sentence>
      <sentence id="d000.s1916" source="wordnet-japanese">
         <instance id="d000.s1916.t000" lemma="健康的" pos="ADJ">健康的</instance>
         <wf lemma="な" pos="X">な</wf>
         <wf lemma="睡眠" pos="X">睡眠</wf>
         <wf lemma="." pos="X">.</wf>
      </sentence>
      <sentence id="d000.s1917" source="wordnet-japanese">
         <wf lemma="この" pos="X">この</wf>
         <wf lemma="犬" pos="X">犬</wf>
         <wf lemma="は" pos="X">は</wf>
         <wf lemma="、" pos="X">、</wf>
         <wf lemma="特定" pos="X">特定</wf>
         <wf lemma="の" pos="X">の</wf>
         <wf lemma="種類" pos="X">種類</wf>
         <wf lemma="の" pos="X">の</wf>
         <wf lemma="肉" pos="X">肉</wf>
         <wf lemma="を" pos="X">を</wf>
         <instance id="d000.s1917.t000" lemma="食べる" pos="VERB">食べ</instance>
         <wf lemma="ない" pos="X">ない</wf>
         <wf lemma="." pos="X">.</wf>
      </sentence>
      <sentence id="d000.s1918" source="wordnet-japanese">
         <wf lemma="この" pos="X">この</wf>
         <wf lemma="政府" pos="X">政府</wf>
         <wf lemma="建築" pos="X">建築</wf>
         <wf lemma="は" pos="X">は</wf>
         <wf lemma="、" pos="X">、</wf>
         <instance id="d000.s1918.t000" lemma="贅沢" pos="ADV">贅沢</instance>
         <wf lemma="に" pos="X">に</wf>
         <wf lemma="設備" pos="X">設備</wf>
         <wf lemma="が" pos="X">が</wf>
         <wf lemma="施さ" pos="X">施さ</wf>
         <wf lemma="れ" pos="X">れ</wf>
         <wf lemma="て" pos="X">て</wf>
         <wf lemma="いる" pos="X">いる</wf>
         <wf lemma="." pos="X">.</wf>
      </sentence>
      <sentence id="d000.s1919" source="wordnet-japanese">
         <wf lemma="その" pos="X">その</wf>
         <wf lemma="家" pos="X">家</wf>
         <wf lemma="の" pos="X">の</wf>
         <wf lemma="価格" pos="X">価格</wf>
         <wf lemma="に" pos="X">に</wf>
         <wf lemma="は" pos="X">は</wf>
         <wf lemma="すべて" pos="X">すべて</wf>
         <wf lemma="の" pos="X">の</wf>
         <instance id="d000.s1919.t000" lemma="ユーティリティ" pos="NOUN">ユーティリティ</instance>
         <wf lemma="が" pos="X">が</wf>
         <wf lemma="含まれ" pos="X">含まれ</wf>
         <wf lemma="て" pos="X">て</wf>
         <wf lemma="い" pos="X">い</wf>
         <wf lemma="た" pos="X">た</wf>
         <wf lemma="." pos="X">.</wf>
      </sentence>
      <sentence id="d000.s1920" source="wordnet-japanese">
         <wf lemma="彼" pos="X">彼</wf>
         <wf lemma="は" pos="X">は</wf>
         <instance id="d000.s1920.t000" lemma="全体" pos="NOUN">全体</instance>
         <wf lemma="について" pos="X">について</wf>
         <wf lemma="言及" pos="X">言及</wf>
         <wf lemma="し" pos="X">し</wf>
         <wf lemma="た" pos="X">た</wf>
         <wf lemma="が" pos="X">が</wf>
         <wf lemma="細部" pos="X">細部</wf>
         <wf lemma="は" pos="X">は</wf>
         <wf lemma="無視" pos="X">無視</wf>
         <wf lemma="し" pos="X">し</wf>
         <wf lemma="た" pos="X">た</wf>
         <wf lemma="." pos="X">.</wf>
      </sentence>
      <sentence id="d000.s1921" source="wordnet-japanese">
         <wf lemma="DOE" pos="X">DOE</wf>
         <wf lemma="は" pos="X">は</wf>
         <wf lemma="、" pos="X">、</wf>
         <instance id="d000.s1921.t000" lemma="エネルギー" pos="NOUN">エネルギー</instance>
         <wf lemma="政策" pos="X">政策</wf>
         <wf lemma="の" pos="X">の</wf>
         <wf lemma="維持" pos="X">維持</wf>
         <wf lemma="を" pos="X">を</wf>
         <wf lemma="担っ" pos="X">担っ</wf>
         <wf lemma="て" pos="X">て</wf>
         <wf lemma="いる" pos="X">いる</wf>
         <wf lemma="." pos="X">.</wf>
      </sentence>
      <sentence id="d000.s1922" source="wordnet-japanese">
         <wf lemma="私" pos="X">私</wf>
         <wf lemma="は" pos="X">は</wf>
         <wf lemma="あなた" pos="X">あなた</wf>
         <wf lemma="に" pos="X">に</wf>
         <wf lemma="言う" pos="X">言う</wf>
         <wf lemma="べき" pos="X">べき</wf>
         <instance id="d000.s1922.t000" lemma="個人的" pos="ADJ">個人的</instance>
         <wf lemma="な" pos="X">な</wf>
         <wf lemma="こと" pos="X">こと</wf>
         <wf lemma="が" pos="X">が</wf>
         <wf lemma="ある" pos="X">ある</wf>
         <wf lemma="." pos="X">.</wf>
      </sentence>
      <sentence id="d000.s1923" source="wordnet-japanese">
         <instance id="d000.s1923.t000" lemma="身近" pos="ADJ">身近</instance>
         <wf lemma="な" pos="X">な</wf>
         <wf lemma="義務" pos="X">義務</wf>
         <wf lemma="や" pos="X">や</wf>
         <wf lemma="経験" pos="X">経験</wf>
         <wf lemma="で" pos="X">で</wf>
         <wf lemma="満た" pos="X">満た</wf>
         <wf lemma="さ" pos="X">さ</wf>
         <wf lemma="れ" pos="X">れ</wf>
         <wf lemma="た" pos="X">た</wf>
         <wf lemma="ほか" pos="X">ほか</wf>
         <wf lemma="の" pos="X">の</wf>
         <wf lemma="日" pos="X">日</wf>
         <wf lemma="と" pos="X">と</wf>
         <wf lemma="な" pos="X">な</wf>
         <wf lemma="んら替わら" pos="X">んら替わら</wf>
         <wf lemma="ない" pos="X">ない</wf>
         <wf lemma="一日" pos="X">一日</wf>
         <wf lemma="." pos="X">.</wf>
      </sentence>
      <sentence id="d000.s1924" source="wordnet-japanese">
         <instance id="d000.s1924.t000" lemma="勇敢" pos="ADJ">勇敢</instance>
         <wf lemma="な" pos="X">な</wf>
         <wf lemma="先駆者" pos="X">先駆者</wf>
         <wf lemma="." pos="X">.</wf>
      </sentence>
      <sentence id="d000.s1925" source="wordnet-japanese">
         <wf lemma="彼" pos="X">彼</wf>
         <wf lemma="は" pos="X">は</wf>
         <instance id="d000.s1925.t000" lemma="合法的" pos="ADV">合法的</instance>
         <wf lemma="に" pos="X">に</wf>
         <wf lemma="行動" pos="X">行動</wf>
         <wf lemma="し" pos="X">し</wf>
         <wf lemma="た" pos="X">た</wf>
         <wf lemma="." pos="X">.</wf>
      </sentence>
      <sentence id="d000.s1926" source="wordnet-japanese">
         <wf lemma="当たり" pos="X">当たり</wf>
         <wf lemma="前" pos="X">前</wf>
         <wf lemma="だ" pos="X">だ</wf>
         <wf lemma="と" pos="X">と</wf>
         <instance id="d000.s1926.t000" lemma="思う" pos="VERB">思う</instance>
         <wf lemma="." pos="X">.</wf>
      </sentence>
      <sentence id="d000.s1927" source="wordnet-japanese">
         <wf lemma="まるで" pos="X">まるで</wf>
         <instance id="d000.s1927.t000" lemma="幸運" pos="NOUN">幸運</instance>
         <wf lemma="が" pos="X">が</wf>
         <wf lemma="彼" pos="X">彼</wf>
         <wf lemma="の" pos="X">の</wf>
         <wf lemma="手" pos="X">手</wf>
         <wf lemma="を" pos="X">を</wf>
         <wf lemma="引い" pos="X">引い</wf>
         <wf lemma="て" pos="X">て</wf>
         <wf lemma="導い" pos="X">導い</wf>
         <wf lemma="た" pos="X">た</wf>
         <wf lemma="か" pos="X">か</wf>
         <wf lemma="の" pos="X">の</wf>
         <wf lemma="よう" pos="X">よう</wf>
         <wf lemma="だっ" pos="X">だっ</wf>
         <wf lemma="た" pos="X">た</wf>
         <wf lemma="." pos="X">.</wf>
      </sentence>
      <sentence id="d000.s1928" source="wordnet-japanese">
         <wf lemma="彼" pos="X">彼</wf>
         <wf lemma="は" pos="X">は</wf>
         <wf lemma="2" pos="X">2</wf>
         <wf lemma="年間" pos="X">年間</wf>
         <instance id="d000.s1928.t000" lemma="タイトル" pos="NOUN">タイトル</instance>
         <wf lemma="を" pos="X">を</wf>
         <wf lemma="保持" pos="X">保持</wf>
         <wf lemma="し" pos="X">し</wf>
         <wf lemma="た" pos="X">た</wf>
         <wf lemma="." pos="X">.</wf>
      </sentence>
      <sentence id="d000.s1929" source="wordnet-japanese">
         <wf lemma="彼" pos="X">彼</wf>
         <wf lemma="の" pos="X">の</wf>
         <wf lemma="呼吸" pos="X">呼吸</wf>
         <wf lemma="の" pos="X">の</wf>
         <instance id="d000.s1929.t000" lemma="深さ" pos="NOUN">深さ</instance>
         <wf lemma="." pos="X">.</wf>
      </sentence>
      <sentence id="d000.s1930" source="wordnet-japanese">
         <wf lemma="独立" pos="X">独立</wf>
         <wf lemma="の" pos="X">の</wf>
         <instance id="d000.s1930.t000" lemma="達成" pos="NOUN">達成</instance>
         <wf lemma="." pos="X">.</wf>
      </sentence>
      <sentence id="d000.s1931" source="wordnet-japanese">
         <wf lemma="私" pos="X">私</wf>
         <wf lemma="は" pos="X">は</wf>
         <wf lemma="これら" pos="X">これら</wf>
         <wf lemma="の" pos="X">の</wf>
         <wf lemma="レポート" pos="X">レポート</wf>
         <wf lemma="を" pos="X">を</wf>
         <instance id="d000.s1931.t000" lemma="疑う" pos="VERB">疑う</instance>
         <wf lemma="." pos="X">.</wf>
      </sentence>
      <sentence id="d000.s1932" source="wordnet-japanese">
         <wf lemma="位相" pos="X">位相</wf>
         <instance id="d000.s1932.t000" lemma="空間" pos="NOUN">空間</instance>
         <wf lemma="が" pos="X">が</wf>
         <wf lemma="有限" pos="X">有限</wf>
         <wf lemma="次元" pos="X">次元</wf>
         <wf lemma="である" pos="X">である</wf>
         <wf lemma="と" pos="X">と</wf>
         <wf lemma="仮定" pos="X">仮定</wf>
         <wf lemma="する" pos="X">する</wf>
         <wf lemma="." pos="X">.</wf>
      </sentence>
      <sentence id="d000.s1933" source="wordnet-japanese">
         <wf lemma="波" pos="X">波</wf>
         <wf lemma="は" pos="X">は</wf>
         <wf lemma="、" pos="X">、</wf>
         <wf lemma="浜辺" pos="X">浜辺</wf>
         <wf lemma="の" pos="X">の</wf>
         <wf lemma="方" pos="X">方</wf>
         <wf lemma="へ" pos="X">へ</wf>
         <instance id="d000.s1933.t000" lemma="うねる" pos="VERB">うねっ</instance>
         <wf lemma="て" pos="X">て</wf>
         <wf lemma="い" pos="X">い</wf>
         <wf lemma="た" pos="X">た</wf>
         <wf lemma="." pos="X">.</wf>
      </sentence>
      <sentence id="d000.s1934" source="wordnet-japanese">
         <wf lemma="「" pos="X">「</wf>
         <wf lemma="私たち" pos="X">私たち</wf>
         <wf lemma="は" pos="X">は</wf>
         <wf lemma="勝" pos="X">勝</wf>
         <wf lemma="チャンス" pos="X">チャンス</wf>
         <wf lemma="が" pos="X">が</wf>
         <wf lemma="十分" pos="X">十分</wf>
         <wf lemma="ある" pos="X">ある</wf>
         <wf lemma="」" pos="X">」</wf>
         <wf lemma="彼" pos="X">彼</wf>
         <wf lemma="は" pos="X">は</wf>
         <instance id="d000.s1934.t000" lemma="楽観的" pos="ADV">楽観的</instance>
         <wf lemma="に" pos="X">に</wf>
         <wf lemma="声" pos="X">声</wf>
         <wf lemma="を" pos="X">を</wf>
         <wf lemma="張り上げ" pos="X">張り上げ</wf>
         <wf lemma="た" pos="X">た</wf>
         <wf lemma="." pos="X">.</wf>
      </sentence>
      <sentence id="d000.s1935" source="wordnet-japanese">
         <wf lemma="チーム" pos="X">チーム</wf>
         <wf lemma="の" pos="X">の</wf>
         <instance id="d000.s1935.t000" lemma="キック" pos="NOUN">キック</instance>
         <wf lemma="は" pos="X">は</wf>
         <wf lemma="素晴らしかっ" pos="X">素晴らしかっ</wf>
         <wf lemma="た" pos="X">た</wf>
         <wf lemma="." pos="X">.</wf>
      </sentence>
      <sentence id="d000.s1936" source="wordnet-japanese">
         <wf lemma="彼" pos="X">彼</wf>
         <wf lemma="は" pos="X">は</wf>
         <wf lemma="国王" pos="X">国王</wf>
         <wf lemma="と" pos="X">と</wf>
         <wf lemma="の" pos="X">の</wf>
         <instance id="d000.s1936.t000" lemma="謁見" pos="NOUN">謁見</instance>
         <wf lemma="を" pos="X">を</wf>
         <wf lemma="求め" pos="X">求め</wf>
         <wf lemma="た" pos="X">た</wf>
         <wf lemma="." pos="X">.</wf>
      </sentence>
      <sentence id="d000.s1937" source="wordnet-japanese">
         <wf lemma="彼ら" pos="X">彼ら</wf>
         <wf lemma="は" pos="X">は</wf>
         <wf lemma="意見" pos="X">意見</wf>
         <wf lemma="が" pos="X">が</wf>
         <wf lemma="合わ" pos="X">合わ</wf>
         <wf lemma="なかっ" pos="X">なかっ</wf>
         <wf lemma="た" pos="X">た</wf>
         <wf lemma="が" pos="X">が</wf>
         <wf lemma="、" pos="X">、</wf>
         <wf lemma="率直" pos="X">率直</wf>
         <wf lemma="な" pos="X">な</wf>
         <instance id="d000.s1937.t000" lemma="対話" pos="NOUN">対話</instance>
         <wf lemma="が" pos="X">が</wf>
         <wf lemma="保た" pos="X">保た</wf>
         <wf lemma="れ" pos="X">れ</wf>
         <wf lemma="た" pos="X">た</wf>
         <wf lemma="." pos="X">.</wf>
      </sentence>
      <sentence id="d000.s1938" source="wordnet-japanese">
         <wf lemma="『" pos="X">『</wf>
         <wf lemma="私" pos="X">私</wf>
         <wf lemma="は" pos="X">は</wf>
         <wf lemma="やっ" pos="X">やっ</wf>
         <wf lemma="て" pos="X">て</wf>
         <wf lemma="来る" pos="X">来る</wf>
         <wf lemma="』" pos="X">』</wf>
         <wf lemma="と" pos="X">と</wf>
         <wf lemma="、" pos="X">、</wf>
         <wf lemma="彼女" pos="X">彼女</wf>
         <wf lemma="が" pos="X">が</wf>
         <instance id="d000.s1938.t000" lemma="きっぱり" pos="ADV">きっぱり</instance>
         <wf lemma="と" pos="X">と</wf>
         <wf lemma="言っ" pos="X">言っ</wf>
         <wf lemma="た" pos="X">た</wf>
         <wf lemma="." pos="X">.</wf>
      </sentence>
      <sentence id="d000.s1939" source="wordnet-japanese">
         <instance id="d000.s1939.t000" lemma="厳しい" pos="ADJ">厳しく</instance>
         <wf lemma="厳格" pos="X">厳格</wf>
         <wf lemma="な" pos="X">な</wf>
         <wf lemma="人" pos="X">人</wf>
         <wf lemma="." pos="X">.</wf>
      </sentence>
      <sentence id="d000.s1940" source="wordnet-japanese">
         <instance id="d000.s1940.t000" lemma="キャッチャー" pos="NOUN">キャッチャー</instance>
         <wf lemma="は" pos="X">は</wf>
         <wf lemma="ホームプレート" pos="X">ホームプレート</wf>
         <wf lemma="の" pos="X">の</wf>
         <wf lemma="後ろ" pos="X">後ろ</wf>
         <wf lemma="で" pos="X">で</wf>
         <wf lemma="プレー" pos="X">プレー</wf>
         <wf lemma="する" pos="X">する</wf>
         <wf lemma="." pos="X">.</wf>
      </sentence>
      <sentence id="d000.s1941" source="wordnet-japanese">
         <wf lemma="母親" pos="X">母親</wf>
         <wf lemma="と" pos="X">と</wf>
         <wf lemma="息子" pos="X">息子</wf>
         <wf lemma="は" pos="X">は</wf>
         <instance id="d000.s1941.t000" lemma="同じ" pos="ADJ">同じ</instance>
         <wf lemma="青い" pos="X">青い</wf>
         <wf lemma="目" pos="X">目</wf>
         <wf lemma="を" pos="X">を</wf>
         <wf lemma="し" pos="X">し</wf>
         <wf lemma="て" pos="X">て</wf>
         <wf lemma="いる" pos="X">いる</wf>
         <wf lemma="." pos="X">.</wf>
      </sentence>
      <sentence id="d000.s1942" source="wordnet-japanese">
         <instance id="d000.s1942.t000" lemma="疲労" pos="NOUN">疲労</instance>
         <wf lemma="の" pos="X">の</wf>
         <wf lemma="増加" pos="X">増加</wf>
         <wf lemma="は" pos="X">は</wf>
         <wf lemma="、" pos="X">、</wf>
         <wf lemma="彼ら" pos="X">彼ら</wf>
         <wf lemma="が" pos="X">が</wf>
         <wf lemma="運動" pos="X">運動</wf>
         <wf lemma="を" pos="X">を</wf>
         <wf lemma="あまり" pos="X">あまり</wf>
         <wf lemma="行わ" pos="X">行わ</wf>
         <wf lemma="なく" pos="X">なく</wf>
         <wf lemma="なっ" pos="X">なっ</wf>
         <wf lemma="た" pos="X">た</wf>
         <wf lemma="こと" pos="X">こと</wf>
         <wf lemma="に" pos="X">に</wf>
         <wf lemma="よる" pos="X">よる</wf>
         <wf lemma="の" pos="X">の</wf>
         <wf lemma="は" pos="X">は</wf>
         <wf lemma="明らか" pos="X">明らか</wf>
         <wf lemma="だっ" pos="X">だっ</wf>
         <wf lemma="た" pos="X">た</wf>
         <wf lemma="." pos="X">.</wf>
      </sentence>
      <sentence id="d000.s1943" source="wordnet-japanese">
         <instance id="d000.s1943.t000" lemma="テレビ" pos="NOUN">テレビ</instance>
         <wf lemma="は" pos="X">は</wf>
         <wf lemma="まれ" pos="X">まれ</wf>
         <wf lemma="な" pos="X">な</wf>
         <wf lemma="もの" pos="X">もの</wf>
         <wf lemma="で" pos="X">で</wf>
         <wf lemma="も" pos="X">も</wf>
         <wf lemma="なく" pos="X">なく</wf>
         <wf lemma="、" pos="X">、</wf>
         <wf lemma="また" pos="X">また</wf>
         <wf lemma="良く" pos="X">良く</wf>
         <wf lemma="出来" pos="X">出来</wf>
         <wf lemma="た" pos="X">た</wf>
         <wf lemma="もの" pos="X">もの</wf>
         <wf lemma="で" pos="X">で</wf>
         <wf lemma="も" pos="X">も</wf>
         <wf lemma="ない" pos="X">ない</wf>
         <wf lemma="、" pos="X">、</wf>
         <wf lemma="情報" pos="X">情報</wf>
         <wf lemma="伝達" pos="X">伝達</wf>
         <wf lemma="手段" pos="X">手段</wf>
         <wf lemma="である" pos="X">である</wf>
         <wf lemma="。" pos="X">。</wf>
         <wf lemma="−アーニー" pos="X">−アーニー</wf>
         <wf lemma="・" pos="X">・</wf>
         <wf lemma="コヴァックス" pos="X">コヴァックス</wf>
         <wf lemma="." pos="X">.</wf>
      </sentence>
      <sentence id="d000.s1944" source="wordnet-japanese">
         <wf lemma="新鮮" pos="X">新鮮</wf>
         <wf lemma="な" pos="X">な</wf>
         <wf lemma="空気" pos="X">空気</wf>
         <wf lemma="が" pos="X">が</wf>
         <wf lemma="豊富" pos="X">豊富</wf>
         <wf lemma="に" pos="X">に</wf>
         <wf lemma="ある" pos="X">ある</wf>
         <instance id="d000.s1944.t000" lemma="衛生的" pos="ADJ">衛生的</instance>
         <wf lemma="な" pos="X">な</wf>
         <wf lemma="環境" pos="X">環境</wf>
         <wf lemma="." pos="X">.</wf>
      </sentence>
      <sentence id="d000.s1945" source="wordnet-japanese">
         <instance id="d000.s1945.t000" lemma="発汗" pos="NOUN">発汗</instance>
         <wf lemma="は" pos="X">は</wf>
         <wf lemma="恒常" pos="X">恒常</wf>
         <wf lemma="作用" pos="X">作用</wf>
         <wf lemma="である" pos="X">である</wf>
         <wf lemma="." pos="X">.</wf>
      </sentence>
      <sentence id="d000.s1946" source="wordnet-japanese">
         <instance id="d000.s1946.t000" lemma="魅力的" pos="ADJ">魅力的</instance>
         <wf lemma="な" pos="X">な</wf>
         <wf lemma="機会" pos="X">機会</wf>
         <wf lemma="." pos="X">.</wf>
      </sentence>
      <sentence id="d000.s1947" source="wordnet-japanese">
         <wf lemma="私" pos="X">私</wf>
         <wf lemma="は" pos="X">は</wf>
         <wf lemma="、" pos="X">、</wf>
         <wf lemma="私" pos="X">私</wf>
         <wf lemma="の" pos="X">の</wf>
         <wf lemma="名誉" pos="X">名誉</wf>
         <wf lemma="にかけて" pos="X">にかけて</wf>
         <instance id="d000.s1947.t000" lemma="誓う" pos="VERB">誓う</instance>
         <wf lemma="." pos="X">.</wf>
      </sentence>
      <sentence id="d000.s1948" source="wordnet-japanese">
         <wf lemma="彼" pos="X">彼</wf>
         <wf lemma="は" pos="X">は</wf>
         <wf lemma="ソーサー" pos="X">ソーサー</wf>
         <wf lemma="に" pos="X">に</wf>
         <instance id="d000.s1948.t000" lemma="カップ" pos="NOUN">カップ</instance>
         <wf lemma="を" pos="X">を</wf>
         <wf lemma="戻し" pos="X">戻し</wf>
         <wf lemma="た" pos="X">た</wf>
         <wf lemma="." pos="X">.</wf>
      </sentence>
      <sentence id="d000.s1949" source="wordnet-japanese">
         <wf lemma="これら" pos="X">これら</wf>
         <wf lemma="の" pos="X">の</wf>
         <wf lemma="徴候" pos="X">徴候</wf>
         <wf lemma="は" pos="X">は</wf>
         <wf lemma="、" pos="X">、</wf>
         <wf lemma="重病" pos="X">重病</wf>
         <wf lemma="を" pos="X">を</wf>
         <instance id="d000.s1949.t000" lemma="示す" pos="VERB">示す</instance>
         <wf lemma="." pos="X">.</wf>
      </sentence>
      <sentence id="d000.s1950" source="wordnet-japanese">
         <wf lemma="早く" pos="X">早く</wf>
         <wf lemma="始める" pos="X">始める</wf>
         <wf lemma="の" pos="X">の</wf>
         <wf lemma="が" pos="X">が</wf>
         <instance id="d000.s1950.t000" lemma="良い" pos="ADJ">良い</instance>
         <wf lemma="だろ" pos="X">だろ</wf>
         <wf lemma="う" pos="X">う</wf>
         <wf lemma="." pos="X">.</wf>
      </sentence>
      <sentence id="d000.s1951" source="wordnet-japanese">
         <instance id="d000.s1951.t000" lemma="魅力的" pos="ADJ">魅力的</instance>
         <wf lemma="な" pos="X">な</wf>
         <wf lemma="デザイン" pos="X">デザイン</wf>
         <wf lemma="の" pos="X">の</wf>
         <wf lemma="アンティーク" pos="X">アンティーク</wf>
         <wf lemma="な" pos="X">な</wf>
         <wf lemma="書籍" pos="X">書籍</wf>
         <wf lemma="." pos="X">.</wf>
      </sentence>
      <sentence id="d000.s1952" source="wordnet-japanese">
         <wf lemma="襟" pos="X">襟</wf>
         <wf lemma="を" pos="X">を</wf>
         <instance id="d000.s1952.t000" lemma="編む" pos="VERB">編む</instance>
         <wf lemma="." pos="X">.</wf>
      </sentence>
      <sentence id="d000.s1953" source="wordnet-japanese">
         <wf lemma="チリ" pos="X">チリ</wf>
         <wf lemma="、" pos="X">、</wf>
         <wf lemma="アルゼンチン" pos="X">アルゼンチン</wf>
         <wf lemma="、" pos="X">、</wf>
         <wf lemma="および" pos="X">および</wf>
         <wf lemma="ブラジル" pos="X">ブラジル</wf>
         <wf lemma="の" pos="X">の</wf>
         <wf lemma="海岸線" pos="X">海岸線</wf>
         <wf lemma="は" pos="X">は</wf>
         <wf lemma="、" pos="X">、</wf>
         <instance id="d000.s1953.t000" lemma="三角形" pos="NOUN">三角形</instance>
         <wf lemma="の" pos="X">の</wf>
         <wf lemma="二脚" pos="X">二脚</wf>
         <wf lemma="の" pos="X">の</wf>
         <wf lemma="形" pos="X">形</wf>
         <wf lemma="を" pos="X">を</wf>
         <wf lemma="し" pos="X">し</wf>
         <wf lemma="て" pos="X">て</wf>
         <wf lemma="いる" pos="X">いる</wf>
         <wf lemma="." pos="X">.</wf>
      </sentence>
      <sentence id="d000.s1954" source="wordnet-japanese">
         <wf lemma="ペニシリン" pos="X">ペニシリン</wf>
         <wf lemma="の" pos="X">の</wf>
         <wf lemma="最近" pos="X">最近</wf>
         <wf lemma="の" pos="X">の</wf>
         <instance id="d000.s1954.t000" lemma="発給" pos="NOUN">発給</instance>
         <wf lemma="は" pos="X">は</wf>
         <wf lemma="1" pos="X">1</wf>
         <wf lemma="か月" pos="X">か月</wf>
         <wf lemma="以上" pos="X">以上</wf>
         <wf lemma="前" pos="X">前</wf>
         <wf lemma="であっ" pos="X">であっ</wf>
         <wf lemma="た" pos="X">た</wf>
         <wf lemma="." pos="X">.</wf>
      </sentence>
      <sentence id="d000.s1955" source="wordnet-japanese">
         <wf lemma="森" pos="X">森</wf>
         <wf lemma="の" pos="X">の</wf>
         <instance id="d000.s1955.t000" lemma="奥深い" pos="ADJ">奥深く</instance>
         <wf lemma="の" pos="X">の</wf>
         <wf lemma="." pos="X">.</wf>
      </sentence>
      <sentence id="d000.s1956" source="wordnet-japanese">
         <instance id="d000.s1956.t000" lemma="抽象的" pos="ADJ">抽象的</instance>
         <wf lemma="な" pos="X">な</wf>
         <wf lemma="論理" pos="X">論理</wf>
         <wf lemma="." pos="X">.</wf>
      </sentence>
      <sentence id="d000.s1957" source="wordnet-japanese">
         <wf lemma="手紙" pos="X">手紙</wf>
         <wf lemma="は" pos="X">は</wf>
         <wf lemma="彼" pos="X">彼</wf>
         <wf lemma="の" pos="X">の</wf>
         <wf lemma="祖父" pos="X">祖父</wf>
         <wf lemma="の" pos="X">の</wf>
         <instance id="d000.s1957.t000" lemma="明確" pos="ADJ">明確</instance>
         <wf lemma="な" pos="X">な</wf>
         <wf lemma="イメージ" pos="X">イメージ</wf>
         <wf lemma="を" pos="X">を</wf>
         <wf lemma="思い出さ" pos="X">思い出さ</wf>
         <wf lemma="せ" pos="X">せ</wf>
         <wf lemma="た" pos="X">た</wf>
         <wf lemma="." pos="X">.</wf>
      </sentence>
      <sentence id="d000.s1958" source="wordnet-japanese">
         <wf lemma="彼ら" pos="X">彼ら</wf>
         <wf lemma="に" pos="X">に</wf>
         <wf lemma="は" pos="X">は</wf>
         <wf lemma="3" pos="X">3</wf>
         <wf lemma="人" pos="X">人</wf>
         <wf lemma="の" pos="X">の</wf>
         <instance id="d000.s1958.t000" lemma="子供" pos="NOUN">子供</instance>
         <wf lemma="が" pos="X">が</wf>
         <wf lemma="い" pos="X">い</wf>
         <wf lemma="た" pos="X">た</wf>
         <wf lemma="." pos="X">.</wf>
      </sentence>
      <sentence id="d000.s1959" source="wordnet-japanese">
         <wf lemma="一部" pos="X">一部</wf>
         <wf lemma="の" pos="X">の</wf>
         <wf lemma="心理学者" pos="X">心理学者</wf>
         <wf lemma="は" pos="X">は</wf>
         <wf lemma="、" pos="X">、</wf>
         <instance id="d000.s1959.t000" lemma="回顧" pos="NOUN">回顧</instance>
         <wf lemma="と" pos="X">と</wf>
         <wf lemma="自己反省" pos="X">自己反省</wf>
         <wf lemma="を" pos="X">を</wf>
         <wf lemma="対比" pos="X">対比</wf>
         <wf lemma="し" pos="X">し</wf>
         <wf lemma="よう" pos="X">よう</wf>
         <wf lemma="と" pos="X">と</wf>
         <wf lemma="し" pos="X">し</wf>
         <wf lemma="た" pos="X">た</wf>
         <wf lemma="." pos="X">.</wf>
      </sentence>
      <sentence id="d000.s1960" source="wordnet-japanese">
         <wf lemma="統合" pos="X">統合</wf>
         <wf lemma="へ" pos="X">へ</wf>
         <wf lemma="の" pos="X">の</wf>
         <instance id="d000.s1960.t000" lemma="極端" pos="ADJ">極端</instance>
         <wf lemma="な" pos="X">な</wf>
         <wf lemma="意見" pos="X">意見</wf>
         <wf lemma="." pos="X">.</wf>
      </sentence>
      <sentence id="d000.s1961" source="wordnet-japanese">
         <wf lemma="この" pos="X">この</wf>
         <wf lemma="花" pos="X">花</wf>
         <wf lemma="は" pos="X">は</wf>
         <wf lemma="ペルー" pos="X">ペルー</wf>
         <wf lemma="の" pos="X">の</wf>
         <wf lemma="百合" pos="X">百合</wf>
         <wf lemma="と" pos="X">と</wf>
         <wf lemma="し" pos="X">し</wf>
         <wf lemma="て" pos="X">て</wf>
         <instance id="d000.s1961.t000" lemma="知る" pos="VERB">知ら</instance>
         <wf lemma="れ" pos="X">れ</wf>
         <wf lemma="て" pos="X">て</wf>
         <wf lemma="いる" pos="X">いる</wf>
         <wf lemma="." pos="X">.</wf>
      </sentence>
      <sentence id="d000.s1962" source="wordnet-japanese">
         <wf lemma="彼" pos="X">彼</wf>
         <wf lemma="は" pos="X">は</wf>
         <wf lemma="家屋" pos="X">家屋</wf>
         <instance id="d000.s1962.t000" lemma="塗装" pos="NOUN">塗装</instance>
         <wf lemma="の" pos="X">の</wf>
         <wf lemma="仕事" pos="X">仕事</wf>
         <wf lemma="しか" pos="X">しか</wf>
         <wf lemma="でき" pos="X">でき</wf>
         <wf lemma="なかっ" pos="X">なかっ</wf>
         <wf lemma="た" pos="X">た</wf>
         <wf lemma="." pos="X">.</wf>
      </sentence>
      <sentence id="d000.s1963" source="wordnet-japanese">
         <instance id="d000.s1963.t000" lemma="雑多" pos="ADJ">雑多</instance>
         <wf lemma="な" pos="X">な</wf>
         <wf lemma="クルー" pos="X">クルー</wf>
         <wf lemma="." pos="X">.</wf>
      </sentence>
      <sentence id="d000.s1964" source="wordnet-japanese">
         <wf lemma="過酸化" pos="X">過酸化</wf>
         <wf lemma="水素" pos="X">水素</wf>
         <wf lemma="を" pos="X">を</wf>
         <wf lemma="生成" pos="X">生成</wf>
         <wf lemma="する" pos="X">する</wf>
         <instance id="d000.s1964.t000" lemma="系" pos="NOUN">系</instance>
         <wf lemma="." pos="X">.</wf>
      </sentence>
      <sentence id="d000.s1965" source="wordnet-japanese">
         <wf lemma="チーズ" pos="X">チーズ</wf>
         <wf lemma="を" pos="X">を</wf>
         <wf lemma="パン" pos="X">パン</wf>
         <wf lemma="に" pos="X">に</wf>
         <instance id="d000.s1965.t000" lemma="広げる" pos="VERB">広げる</instance>
         <wf lemma="." pos="X">.</wf>
      </sentence>
      <sentence id="d000.s1966" source="wordnet-japanese">
         <wf lemma="その" pos="X">その</wf>
         <instance id="d000.s1966.t000" lemma="移植" pos="NOUN">移植</instance>
         <wf lemma="さ" pos="X">さ</wf>
         <wf lemma="れ" pos="X">れ</wf>
         <wf lemma="た" pos="X">た</wf>
         <wf lemma="植物" pos="X">植物</wf>
         <wf lemma="は" pos="X">は</wf>
         <wf lemma="、" pos="X">、</wf>
         <wf lemma="2" pos="X">2</wf>
         <wf lemma="年" pos="X">年</wf>
         <wf lemma="目" pos="X">目</wf>
         <wf lemma="まで" pos="X">まで</wf>
         <wf lemma="花" pos="X">花</wf>
         <wf lemma="が" pos="X">が</wf>
         <wf lemma="咲か" pos="X">咲か</wf>
         <wf lemma="なかっ" pos="X">なかっ</wf>
         <wf lemma="た" pos="X">た</wf>
         <wf lemma="." pos="X">.</wf>
      </sentence>
      <sentence id="d000.s1967" source="wordnet-japanese">
         <wf lemma="建設的" pos="X">建設的</wf>
         <wf lemma="な" pos="X">な</wf>
         <instance id="d000.s1967.t000" lemma="批評" pos="NOUN">批評</instance>
         <wf lemma="は" pos="X">は</wf>
         <wf lemma="常に" pos="X">常に</wf>
         <wf lemma="歓迎" pos="X">歓迎</wf>
         <wf lemma="さ" pos="X">さ</wf>
         <wf lemma="れる" pos="X">れる</wf>
         <wf lemma="." pos="X">.</wf>
      </sentence>
      <sentence id="d000.s1968" source="wordnet-japanese">
         <wf lemma="彼女" pos="X">彼女</wf>
         <wf lemma="が" pos="X">が</wf>
         <wf lemma="調理" pos="X">調理</wf>
         <wf lemma="し" pos="X">し</wf>
         <wf lemma="た" pos="X">た</wf>
         <wf lemma="もの" pos="X">もの</wf>
         <wf lemma="は" pos="X">は</wf>
         <wf lemma="、" pos="X">、</wf>
         <wf lemma="すべて" pos="X">すべて</wf>
         <wf lemma="米" pos="X">米</wf>
         <wf lemma="を" pos="X">を</wf>
         <instance id="d000.s1968.t000" lemma="ベース" pos="NOUN">ベース</instance>
         <wf lemma="に" pos="X">に</wf>
         <wf lemma="し" pos="X">し</wf>
         <wf lemma="て" pos="X">て</wf>
         <wf lemma="いる" pos="X">いる</wf>
         <wf lemma="よう" pos="X">よう</wf>
         <wf lemma="だっ" pos="X">だっ</wf>
         <wf lemma="た" pos="X">た</wf>
         <wf lemma="." pos="X">.</wf>
      </sentence>
      <sentence id="d000.s1969" source="wordnet-japanese">
         <instance id="d000.s1969.t000" lemma="詳細" pos="ADJ">詳細</instance>
         <wf lemma="な" pos="X">な</wf>
         <wf lemma="計画" pos="X">計画</wf>
         <wf lemma="." pos="X">.</wf>
      </sentence>
      <sentence id="d000.s1970" source="wordnet-japanese">
         <wf lemma="ウェイトレス" pos="X">ウェイトレス</wf>
         <wf lemma="は" pos="X">は</wf>
         <wf lemma="、" pos="X">、</wf>
         <instance id="d000.s1970.t000" lemma="抗力" pos="NOUN">抗力</instance>
         <wf lemma="中" pos="X">中</wf>
         <wf lemma="の" pos="X">の</wf>
         <wf lemma="宣教師" pos="X">宣教師</wf>
         <wf lemma="の" pos="X">の</wf>
         <wf lemma="ように" pos="X">ように</wf>
         <wf lemma="見え" pos="X">見え</wf>
         <wf lemma="た" pos="X">た</wf>
         <wf lemma="." pos="X">.</wf>
      </sentence>
      <sentence id="d000.s1971" source="wordnet-japanese">
         <wf lemma="彼" pos="X">彼</wf>
         <wf lemma="は" pos="X">は</wf>
         <wf lemma="、" pos="X">、</wf>
         <wf lemma="彼女" pos="X">彼女</wf>
         <wf lemma="の" pos="X">の</wf>
         <wf lemma="心臓" pos="X">心臓</wf>
         <wf lemma="の" pos="X">の</wf>
         <instance id="d000.s1971.t000" lemma="鼓動" pos="NOUN">鼓動</instance>
         <wf lemma="を" pos="X">を</wf>
         <wf lemma="感じる" pos="X">感じる</wf>
         <wf lemma="こと" pos="X">こと</wf>
         <wf lemma="が" pos="X">が</wf>
         <wf lemma="でき" pos="X">でき</wf>
         <wf lemma="た" pos="X">た</wf>
         <wf lemma="." pos="X">.</wf>
      </sentence>
      <sentence id="d000.s1972" source="wordnet-japanese">
         <instance id="d000.s1972.t000" lemma="緊密" pos="ADJ">緊密</instance>
         <wf lemma="な" pos="X">な</wf>
         <wf lemma="組織" pos="X">組織</wf>
         <wf lemma="." pos="X">.</wf>
      </sentence>
      <sentence id="d000.s1973" source="wordnet-japanese">
         <wf lemma="彼女" pos="X">彼女</wf>
         <wf lemma="の" pos="X">の</wf>
         <wf lemma="指" pos="X">指</wf>
         <wf lemma="の" pos="X">の</wf>
         <instance id="d000.s1973.t000" lemma="軽い" pos="ADJ">軽い</instance>
         <wf lemma="接触" pos="X">接触</wf>
         <wf lemma="." pos="X">.</wf>
      </sentence>
      <sentence id="d000.s1974" source="wordnet-japanese">
         <wf lemma="彼ら" pos="X">彼ら</wf>
         <wf lemma="は" pos="X">は</wf>
         <wf lemma="人気" pos="X">人気</wf>
         <wf lemma="の" pos="X">の</wf>
         <instance id="d000.s1974.t000" lemma="愛国" pos="NOUN">愛国</instance>
         <wf lemma="主義的" pos="X">主義的</wf>
         <wf lemma="同様" pos="X">同様</wf>
         <wf lemma="の" pos="X">の</wf>
         <wf lemma="潮流" pos="X">潮流</wf>
         <wf lemma="に" pos="X">に</wf>
         <wf lemma="乗っ" pos="X">乗っ</wf>
         <wf lemma="た" pos="X">た</wf>
         <wf lemma="." pos="X">.</wf>
      </sentence>
      <sentence id="d000.s1975" source="wordnet-japanese">
         <instance id="d000.s1975.t000" lemma="需要" pos="NOUN">需要</instance>
         <wf lemma="が" pos="X">が</wf>
         <wf lemma="供給" pos="X">供給</wf>
         <wf lemma="を" pos="X">を</wf>
         <wf lemma="上回っ" pos="X">上回っ</wf>
         <wf lemma="た" pos="X">た</wf>
         <wf lemma="." pos="X">.</wf>
      </sentence>
      <sentence id="d000.s1976" source="wordnet-japanese">
         <wf lemma="狭心症" pos="X">狭心症</wf>
         <wf lemma="は" pos="X">は</wf>
         <wf lemma="左" pos="X">左</wf>
         <wf lemma="の" pos="X">の</wf>
         <wf lemma="肩" pos="X">肩</wf>
         <wf lemma="の" pos="X">の</wf>
         <instance id="d000.s1976.t000" lemma="関連痛" pos="NOUN">関連痛</instance>
         <wf lemma="を" pos="X">を</wf>
         <wf lemma="引き起こす" pos="X">引き起こす</wf>
         <wf lemma="場合" pos="X">場合</wf>
         <wf lemma="が" pos="X">が</wf>
         <wf lemma="ある" pos="X">ある</wf>
         <wf lemma="." pos="X">.</wf>
      </sentence>
      <sentence id="d000.s1977" source="wordnet-japanese">
         <instance id="d000.s1977.t000" lemma="愉しい" pos="ADJ">愉しい</instance>
         <wf lemma="冗談" pos="X">冗談</wf>
         <wf lemma="." pos="X">.</wf>
      </sentence>
      <sentence id="d000.s1978" source="wordnet-japanese">
         <wf lemma="彗星" pos="X">彗星</wf>
         <wf lemma="の" pos="X">の</wf>
         <instance id="d000.s1978.t000" lemma="頭部" pos="NOUN">頭部</instance>
         <wf lemma="." pos="X">.</wf>
      </sentence>
      <sentence id="d000.s1979" source="wordnet-japanese">
         <wf lemma="紙" pos="X">紙</wf>
         <wf lemma="の" pos="X">の</wf>
         <wf lemma="上" pos="X">上</wf>
         <wf lemma="で" pos="X">で</wf>
         <wf lemma="都合" pos="X">都合</wf>
         <wf lemma="よく" pos="X">よく</wf>
         <wf lemma="提示" pos="X">提示</wf>
         <wf lemma="、" pos="X">、</wf>
         <wf lemma="あるいは" pos="X">あるいは</wf>
         <wf lemma="表現" pos="X">表現</wf>
         <wf lemma="する" pos="X">する</wf>
         <wf lemma="こと" pos="X">こと</wf>
         <wf lemma="が" pos="X">が</wf>
         <wf lemma="でき" pos="X">でき</wf>
         <wf lemma="ない" pos="X">ない</wf>
         <wf lemma="ような" pos="X">ような</wf>
         <wf lemma="複雑" pos="X">複雑</wf>
         <wf lemma="に" pos="X">に</wf>
         <wf lemma="相互" pos="X">相互</wf>
         <wf lemma="接続" pos="X">接続</wf>
         <wf lemma="し" pos="X">し</wf>
         <wf lemma="た" pos="X">た</wf>
         <wf lemma="文書" pos="X">文書</wf>
         <wf lemma="や" pos="X">や</wf>
         <wf lemma="画像" pos="X">画像</wf>
         <wf lemma="資料" pos="X">資料</wf>
         <wf lemma="の" pos="X">の</wf>
         <wf lemma="集まり" pos="X">集まり</wf>
         <wf lemma="を" pos="X">を</wf>
         <wf lemma="意味" pos="X">意味</wf>
         <wf lemma="する" pos="X">する</wf>
         <instance id="d000.s1979.t000" lemma="ハイパーテキスト" pos="NOUN">ハイパーテキスト</instance>
         <wf lemma="という" pos="X">という</wf>
         <wf lemma="言葉" pos="X">言葉</wf>
         <wf lemma="を" pos="X">を</wf>
         <wf lemma="紹介" pos="X">紹介</wf>
         <wf lemma="し" pos="X">し</wf>
         <wf lemma="ます" pos="X">ます</wf>
         <wf lemma="−" pos="X">−</wf>
         <wf lemma="−テッド" pos="X">−テッド</wf>
         <wf lemma="・" pos="X">・</wf>
         <wf lemma="ネルソン" pos="X">ネルソン</wf>
         <wf lemma="." pos="X">.</wf>
      </sentence>
      <sentence id="d000.s1980" source="wordnet-japanese">
         <wf lemma="毛布" pos="X">毛布</wf>
         <wf lemma="は" pos="X">は</wf>
         <wf lemma="あなた" pos="X">あなた</wf>
         <wf lemma="を" pos="X">を</wf>
         <instance id="d000.s1980.t000" lemma="暖める" pos="VERB">暖める</instance>
         <wf lemma="であろ" pos="X">であろ</wf>
         <wf lemma="う" pos="X">う</wf>
         <wf lemma="." pos="X">.</wf>
      </sentence>
      <sentence id="d000.s1981" source="wordnet-japanese">
         <wf lemma="私" pos="X">私</wf>
         <wf lemma="たち" pos="X">たち</wf>
         <wf lemma="は" pos="X">は</wf>
         <wf lemma="ウィーン" pos="X">ウィーン</wf>
         <instance id="d000.s1981.t000" lemma="交響曲" pos="NOUN">交響曲</instance>
         <wf lemma="を" pos="X">を</wf>
         <wf lemma="聞い" pos="X">聞い</wf>
         <wf lemma="た" pos="X">た</wf>
         <wf lemma="." pos="X">.</wf>
      </sentence>
      <sentence id="d000.s1982" source="wordnet-japanese">
         <wf lemma="彼" pos="X">彼</wf>
         <wf lemma="は" pos="X">は</wf>
         <wf lemma="、" pos="X">、</wf>
         <wf lemma="腎臓" pos="X">腎臓</wf>
         <instance id="d000.s1982.t000" lemma="移植" pos="NOUN">移植</instance>
         <wf lemma="を" pos="X">を</wf>
         <wf lemma="受け" pos="X">受け</wf>
         <wf lemma="た" pos="X">た</wf>
         <wf lemma="." pos="X">.</wf>
      </sentence>
      <sentence id="d000.s1983" source="wordnet-japanese">
         <instance id="d000.s1983.t000" lemma="違法" pos="ADJ">違法</instance>
         <wf lemma="な" pos="X">な</wf>
         <wf lemma="取引" pos="X">取引</wf>
         <wf lemma="." pos="X">.</wf>
      </sentence>
      <sentence id="d000.s1984" source="wordnet-japanese">
         <wf lemma="彼女" pos="X">彼女</wf>
         <wf lemma="は" pos="X">は</wf>
         <wf lemma="自分" pos="X">自分</wf>
         <wf lemma="を" pos="X">を</wf>
         <instance id="d000.s1984.t000" lemma="取り戻す" pos="VERB">取り戻し</instance>
         <wf lemma="た" pos="X">た</wf>
         <wf lemma="." pos="X">.</wf>
      </sentence>
      <sentence id="d000.s1985" source="wordnet-japanese">
         <instance id="d000.s1985.t000" lemma="超人的" pos="ADJ">超人的</instance>
         <wf lemma="な" pos="X">な</wf>
         <wf lemma="力" pos="X">力</wf>
         <wf lemma="." pos="X">.</wf>
      </sentence>
      <sentence id="d000.s1986" source="wordnet-japanese">
         <instance id="d000.s1986.t000" lemma="正常" pos="ADJ">正常</instance>
         <wf lemma="な" pos="X">な</wf>
         <wf lemma="知能" pos="X">知能</wf>
         <wf lemma="の" pos="X">の</wf>
         <wf lemma="." pos="X">.</wf>
      </sentence>
      <sentence id="d000.s1987" source="wordnet-japanese">
         <wf lemma="2" pos="X">2</wf>
         <wf lemma="部" pos="X">部</wf>
         <wf lemma="の" pos="X">の</wf>
         <wf lemma="新聞" pos="X">新聞</wf>
         <wf lemma="で" pos="X">で</wf>
         <wf lemma="全く" pos="X">全く</wf>
         <instance id="d000.s1987.t000" lemma="同じ" pos="ADJ">同じ</instance>
         <wf lemma="引用語句" pos="X">引用語句</wf>
         <wf lemma="を" pos="X">を</wf>
         <wf lemma="見" pos="X">見</wf>
         <wf lemma="た" pos="X">た</wf>
         <wf lemma="." pos="X">.</wf>
      </sentence>
      <sentence id="d000.s1988" source="wordnet-japanese">
         <instance id="d000.s1988.t000" lemma="新しい" pos="ADJ">新しい</instance>
         <wf lemma="経験" pos="X">経験</wf>
         <wf lemma="." pos="X">.</wf>
      </sentence>
      <sentence id="d000.s1989" source="wordnet-japanese">
         <wf lemma="彼女" pos="X">彼女</wf>
         <wf lemma="の" pos="X">の</wf>
         <wf lemma="黒い" pos="X">黒い</wf>
         <wf lemma="ドレス−" pos="X">ドレス−</wf>
         <wf lemma="−" pos="X">−</wf>
         <instance id="d000.s1989.t000" lemma="質素" pos="ADJ">質素</instance>
         <wf lemma="で" pos="X">で</wf>
         <wf lemma="シンプル" pos="X">シンプル</wf>
         <wf lemma="な" pos="X">な</wf>
         <wf lemma="." pos="X">.</wf>
      </sentence>
      <sentence id="d000.s1990" source="wordnet-japanese">
         <wf lemma="その" pos="X">その</wf>
         <wf lemma="嵐" pos="X">嵐</wf>
         <wf lemma="の" pos="X">の</wf>
         <instance id="d000.s1990.t000" lemma="猛威" pos="NOUN">猛威</instance>
         <wf lemma="." pos="X">.</wf>
      </sentence>
      <sentence id="d000.s1991" source="wordnet-japanese">
         <wf lemma="5" pos="X">5</wf>
         <wf lemma="段階" pos="X">段階</wf>
         <wf lemma="マニュアル" pos="X">マニュアル</wf>
         <wf lemma="の" pos="X">の</wf>
         <wf lemma="変速機" pos="X">変速機</wf>
         <wf lemma="は" pos="X">は</wf>
         <wf lemma="、" pos="X">、</wf>
         <instance id="d000.s1991.t000" lemma="滑らかさ" pos="NOUN">滑らかさ</instance>
         <wf lemma="の" pos="X">の</wf>
         <wf lemma="象徴" pos="X">象徴</wf>
         <wf lemma="である" pos="X">である</wf>
         <wf lemma="." pos="X">.</wf>
      </sentence>
      <sentence id="d000.s1992" source="wordnet-japanese">
         <wf lemma="すべて" pos="X">すべて</wf>
         <wf lemma="の" pos="X">の</wf>
         <wf lemma="振動" pos="X">振動</wf>
         <wf lemma="と" pos="X">と</wf>
         <instance id="d000.s1992.t000" lemma="衝撃" pos="NOUN">衝撃</instance>
         <wf lemma="は" pos="X">は</wf>
         <wf lemma="衝撃" pos="X">衝撃</wf>
         <wf lemma="吸収器" pos="X">吸収器</wf>
         <wf lemma="で" pos="X">で</wf>
         <wf lemma="取り除か" pos="X">取り除か</wf>
         <wf lemma="れる" pos="X">れる</wf>
         <wf lemma="." pos="X">.</wf>
      </sentence>
      <sentence id="d000.s1993" source="wordnet-japanese">
         <wf lemma="彼女" pos="X">彼女</wf>
         <wf lemma="は" pos="X">は</wf>
         <wf lemma="糸" pos="X">糸</wf>
         <wf lemma="の" pos="X">の</wf>
         <instance id="d000.s1993.t000" lemma="端" pos="NOUN">端</instance>
         <wf lemma="を" pos="X">を</wf>
         <wf lemma="結ん" pos="X">結ん</wf>
         <wf lemma="だ" pos="X">だ</wf>
         <wf lemma="." pos="X">.</wf>
      </sentence>
      <sentence id="d000.s1994" source="wordnet-japanese">
         <wf lemma="ご" pos="X">ご</wf>
         <wf lemma="希望" pos="X">希望</wf>
         <wf lemma="を" pos="X">を</wf>
         <instance id="d000.s1994.t000" lemma="尊重" pos="NOUN">尊重</instance>
         <wf lemma="し" pos="X">し</wf>
         <wf lemma="て" pos="X">て</wf>
         <wf lemma="." pos="X">.</wf>
      </sentence>
      <sentence id="d000.s1995" source="wordnet-japanese">
         <wf lemma="英国" pos="X">英国</wf>
         <wf lemma="で" pos="X">で</wf>
         <wf lemma="は" pos="X">は</wf>
         <wf lemma="『" pos="X">『</wf>
         <wf lemma="life" pos="X">life</wf>
         <wf lemma="insurance" pos="X">insurance</wf>
         <wf lemma="（" pos="X">（</wf>
         <instance id="d000.s1995.t000" lemma="生命保険" pos="NOUN">生命保険</instance>
         <wf lemma="）" pos="X">）</wf>
         <wf lemma="』" pos="X">』</wf>
         <wf lemma="を" pos="X">を</wf>
         <wf lemma="『" pos="X">『</wf>
         <wf lemma="life" pos="X">life</wf>
         <wf lemma="assurance" pos="X">assurance</wf>
         <wf lemma="』" pos="X">』</wf>
         <wf lemma="という" pos="X">という</wf>
         <wf lemma="." pos="X">.</wf>
      </sentence>
      <sentence id="d000.s1996" source="wordnet-japanese">
         <instance id="d000.s1996.t000" lemma="回りくどい" pos="ADJ">回りくどい</instance>
         <wf lemma="段落" pos="X">段落</wf>
         <wf lemma="." pos="X">.</wf>
      </sentence>
      <sentence id="d000.s1997" source="wordnet-japanese">
         <instance id="d000.s1997.t000" lemma="深まる" pos="ADJ">深まる</instance>
         <wf lemma="愛" pos="X">愛</wf>
         <wf lemma="を" pos="X">を</wf>
         <wf lemma="感じ" pos="X">感じ</wf>
         <wf lemma="た" pos="X">た</wf>
         <wf lemma="." pos="X">.</wf>
      </sentence>
      <sentence id="d000.s1998" source="wordnet-japanese">
         <instance id="d000.s1998.t000" lemma="否定的" pos="ADJ">否定的</instance>
         <wf lemma="な" pos="X">な</wf>
         <wf lemma="評価" pos="X">評価</wf>
         <wf lemma="." pos="X">.</wf>
      </sentence>
      <sentence id="d000.s1999" source="wordnet-japanese">
         <wf lemma="食物" pos="X">食物</wf>
         <wf lemma="と" pos="X">と</wf>
         <wf lemma="住居" pos="X">住居</wf>
         <wf lemma="は" pos="X">は</wf>
         <wf lemma="、" pos="X">、</wf>
         <wf lemma="生活" pos="X">生活</wf>
         <wf lemma="の" pos="X">の</wf>
         <instance id="d000.s1999.t000" lemma="必需品" pos="NOUN">必需品</instance>
         <wf lemma="である" pos="X">である</wf>
         <wf lemma="." pos="X">.</wf>
      </sentence>
      <sentence id="d000.s2000" source="wordnet-japanese">
         <instance id="d000.s2000.t000" lemma="指名" pos="NOUN">指名</instance>
         <wf lemma="に" pos="X">に</wf>
         <wf lemma="向け" pos="X">向け</wf>
         <wf lemma="て" pos="X">て</wf>
         <wf lemma="激しい" pos="X">激しい</wf>
         <wf lemma="競争" pos="X">競争</wf>
         <wf lemma="が" pos="X">が</wf>
         <wf lemma="あっ" pos="X">あっ</wf>
         <wf lemma="た" pos="X">た</wf>
         <wf lemma="." pos="X">.</wf>
      </sentence>
      <sentence id="d000.s2001" source="wordnet-japanese">
         <wf lemma="私達" pos="X">私達</wf>
         <wf lemma="は" pos="X">は</wf>
         <wf lemma="、" pos="X">、</wf>
         <wf lemma="真夜中" pos="X">真夜中</wf>
         <wf lemma="を" pos="X">を</wf>
         <wf lemma="かなり" pos="X">かなり</wf>
         <wf lemma="過ぎ" pos="X">過ぎ</wf>
         <wf lemma="て" pos="X">て</wf>
         <wf lemma="働き" pos="X">働き</wf>
         <instance id="d000.s2001.t000" lemma="続ける" pos="VERB">続け</instance>
         <wf lemma="た" pos="X">た</wf>
         <wf lemma="." pos="X">.</wf>
      </sentence>
      <sentence id="d000.s2002" source="wordnet-japanese">
         <instance id="d000.s2002.t000" lemma="涼しい" pos="ADJ">涼しい</instance>
         <wf lemma="部屋" pos="X">部屋</wf>
         <wf lemma="." pos="X">.</wf>
      </sentence>
      <sentence id="d000.s2003" source="wordnet-japanese">
         <wf lemma="彼" pos="X">彼</wf>
         <wf lemma="は" pos="X">は</wf>
         <wf lemma="鬨の" pos="X">鬨の</wf>
         <wf lemma="声" pos="X">声</wf>
         <wf lemma="を" pos="X">を</wf>
         <instance id="d000.s2003.t000" lemma="上げる" pos="VERB">上げ</instance>
         <wf lemma="た" pos="X">た</wf>
         <wf lemma="." pos="X">.</wf>
      </sentence>
      <sentence id="d000.s2004" source="wordnet-japanese">
         <wf lemma="星" pos="X">星</wf>
         <wf lemma="の" pos="X">の</wf>
         <instance id="d000.s2004.t000" lemma="通過" pos="NOUN">通過</instance>
         <wf lemma="ですい" pos="X">ですい</wf>
         <wf lemma="星" pos="X">星</wf>
         <wf lemma="の" pos="X">の</wf>
         <wf lemma="軌道" pos="X">軌道</wf>
         <wf lemma="が" pos="X">が</wf>
         <wf lemma="混乱" pos="X">混乱</wf>
         <wf lemma="する" pos="X">する</wf>
         <wf lemma="こと" pos="X">こと</wf>
         <wf lemma="が" pos="X">が</wf>
         <wf lemma="ある" pos="X">ある</wf>
         <wf lemma="." pos="X">.</wf>
      </sentence>
      <sentence id="d000.s2005" source="wordnet-japanese">
         <wf lemma="『" pos="X">『</wf>
         <wf lemma="The" pos="X">The</wf>
         <wf lemma="boy" pos="X">boy</wf>
         <wf lemma="threw" pos="X">threw</wf>
         <wf lemma="the" pos="X">the</wf>
         <wf lemma="ball（" pos="X">ball（</wf>
         <wf lemma="少年" pos="X">少年</wf>
         <wf lemma="が" pos="X">が</wf>
         <wf lemma="ボール" pos="X">ボール</wf>
         <wf lemma="を" pos="X">を</wf>
         <wf lemma="投げ" pos="X">投げ</wf>
         <wf lemma="た" pos="X">た</wf>
         <wf lemma="）" pos="X">）</wf>
         <wf lemma="』" pos="X">』</wf>
         <wf lemma="は" pos="X">は</wf>
         <wf lemma="、" pos="X">、</wf>
         <instance id="d000.s2005.t000" lemma="能動態" pos="NOUN">能動態</instance>
         <wf lemma="を" pos="X">を</wf>
         <wf lemma="使う" pos="X">使う</wf>
         <wf lemma="." pos="X">.</wf>
      </sentence>
      <sentence id="d000.s2006" source="wordnet-japanese">
         <wf lemma="衰退" pos="X">衰退</wf>
         <wf lemma="を" pos="X">を</wf>
         <instance id="d000.s2006.t000" lemma="弱める" pos="VERB">弱める</instance>
         <wf lemma="." pos="X">.</wf>
      </sentence>
      <sentence id="d000.s2007" source="wordnet-japanese">
         <wf lemma="『" pos="X">『</wf>
         <wf lemma="electricity" pos="X">electricity</wf>
         <wf lemma="（" pos="X">（</wf>
         <wf lemma="電気）" pos="X">電気）</wf>
         <wf lemma="』" pos="X">』</wf>
         <wf lemma="は" pos="X">は</wf>
         <wf lemma="『" pos="X">『</wf>
         <wf lemma="electric" pos="X">electric</wf>
         <wf lemma="（" pos="X">（</wf>
         <wf lemma="電気" pos="X">電気</wf>
         <wf lemma="の" pos="X">の</wf>
         <wf lemma="）" pos="X">）</wf>
         <wf lemma="』" pos="X">』</wf>
         <wf lemma="の" pos="X">の</wf>
         <instance id="d000.s2007.t000" lemma="派生語" pos="NOUN">派生語</instance>
         <wf lemma="である" pos="X">である</wf>
         <wf lemma="." pos="X">.</wf>
      </sentence>
      <sentence id="d000.s2008" source="wordnet-japanese">
         <wf lemma="その" pos="X">その</wf>
         <wf lemma="軸" pos="X">軸</wf>
         <wf lemma="座標" pos="X">座標</wf>
         <wf lemma="は" pos="X">は</wf>
         <wf lemma="お" pos="X">お</wf>
         <wf lemma="互いに" pos="X">互いに</wf>
         <instance id="d000.s2008.t000" lemma="垂直" pos="ADJ">垂直</instance>
         <wf lemma="." pos="X">.</wf>
      </sentence>
      <sentence id="d000.s2009" source="wordnet-japanese">
         <wf lemma="みんな" pos="X">みんな</wf>
         <wf lemma="を" pos="X">を</wf>
         <wf lemma="笑わせ" pos="X">笑わせ</wf>
         <wf lemma="た" pos="X">た</wf>
         <instance id="d000.s2009.t000" lemma="滑稽" pos="ADJ">滑稽</instance>
         <wf lemma="な" pos="X">な</wf>
         <wf lemma="話" pos="X">話</wf>
         <wf lemma="." pos="X">.</wf>
      </sentence>
      <sentence id="d000.s2010" source="wordnet-japanese">
         <wf lemma="スポーツカー" pos="X">スポーツカー</wf>
         <wf lemma="は" pos="X">は</wf>
         <wf lemma="、" pos="X">、</wf>
         <wf lemma="すべて" pos="X">すべて</wf>
         <wf lemma="の" pos="X">の</wf>
         <wf lemma="トラック" pos="X">トラック</wf>
         <wf lemma="を" pos="X">を</wf>
         <instance id="d000.s2010.t000" lemma="追い越す" pos="VERB">追い越し</instance>
         <wf lemma="た" pos="X">た</wf>
         <wf lemma="." pos="X">.</wf>
      </sentence>
      <sentence id="d000.s2011" source="wordnet-japanese">
         <wf lemma="彼ら" pos="X">彼ら</wf>
         <wf lemma="は" pos="X">は</wf>
         <wf lemma="湖" pos="X">湖</wf>
         <wf lemma="を" pos="X">を</wf>
         <instance id="d000.s2011.t000" lemma="深める" pos="VERB">深める</instance>
         <wf lemma="こと" pos="X">こと</wf>
         <wf lemma="でより" pos="X">でより</wf>
         <wf lemma="大きな" pos="X">大きな</wf>
         <wf lemma="プレジャーボート" pos="X">プレジャーボート</wf>
         <wf lemma="が" pos="X">が</wf>
         <wf lemma="それ" pos="X">それ</wf>
         <wf lemma="を" pos="X">を</wf>
         <wf lemma="使用" pos="X">使用</wf>
         <wf lemma="できる" pos="X">できる</wf>
         <wf lemma="ように" pos="X">ように</wf>
         <wf lemma="し" pos="X">し</wf>
         <wf lemma="た" pos="X">た</wf>
         <wf lemma="." pos="X">.</wf>
      </sentence>
      <sentence id="d000.s2012" source="wordnet-japanese">
         <wf lemma="レンガ" pos="X">レンガ</wf>
         <wf lemma="を" pos="X">を</wf>
         <instance id="d000.s2012.t000" lemma="計る" pos="VERB">計る</instance>
         <wf lemma="." pos="X">.</wf>
      </sentence>
      <sentence id="d000.s2013" source="wordnet-japanese">
         <instance id="d000.s2013.t000" lemma="不潔" pos="ADJ">不潔</instance>
         <wf lemma="な" pos="X">な</wf>
         <wf lemma="反逆者" pos="X">反逆者</wf>
         <wf lemma="." pos="X">.</wf>
      </sentence>
      <sentence id="d000.s2014" source="wordnet-japanese">
         <instance id="d000.s2014.t000" lemma="安定化" pos="NOUN">安定化</instance>
         <wf lemma="は" pos="X">は</wf>
         <wf lemma="、" pos="X">、</wf>
         <wf lemma="大気" pos="X">大気</wf>
         <wf lemma="条件" pos="X">条件</wf>
         <wf lemma="下" pos="X">下</wf>
         <wf lemma="で" pos="X">で</wf>
         <wf lemma="製品" pos="X">製品</wf>
         <wf lemma="を" pos="X">を</wf>
         <wf lemma="扱える" pos="X">扱える</wf>
         <wf lemma="こと" pos="X">こと</wf>
         <wf lemma="を" pos="X">を</wf>
         <wf lemma="意味" pos="X">意味</wf>
         <wf lemma="する" pos="X">する</wf>
         <wf lemma="." pos="X">.</wf>
      </sentence>
      <sentence id="d000.s2015" source="wordnet-japanese">
         <instance id="d000.s2015.t000" lemma="古典的" pos="ADJ">古典的</instance>
         <wf lemma="な" pos="X">な</wf>
         <wf lemma="漆器" pos="X">漆器</wf>
         <wf lemma="." pos="X">.</wf>
      </sentence>
      <sentence id="d000.s2016" source="wordnet-japanese">
         <wf lemma="彼" pos="X">彼</wf>
         <wf lemma="の" pos="X">の</wf>
         <wf lemma="不正" pos="X">不正</wf>
         <wf lemma="咬合" pos="X">咬合</wf>
         <wf lemma="は" pos="X">は</wf>
         <wf lemma="位置" pos="X">位置</wf>
         <wf lemma="の" pos="X">の</wf>
         <wf lemma="悪い" pos="X">悪い</wf>
         <instance id="d000.s2016.t000" lemma="前歯" pos="NOUN">前歯</instance>
         <wf lemma="の" pos="X">の</wf>
         <wf lemma="ため" pos="X">ため</wf>
         <wf lemma="だっ" pos="X">だっ</wf>
         <wf lemma="た" pos="X">た</wf>
         <wf lemma="." pos="X">.</wf>
      </sentence>
      <sentence id="d000.s2017" source="wordnet-japanese">
         <wf lemma="開発" pos="X">開発</wf>
         <wf lemma="における" pos="X">における</wf>
         <instance id="d000.s2017.t000" lemma="予測" pos="NOUN">予測</instance>
         <wf lemma="値" pos="X">値</wf>
         <wf lemma="の" pos="X">の</wf>
         <wf lemma="指標" pos="X">指標</wf>
         <wf lemma="." pos="X">.</wf>
      </sentence>
      <sentence id="d000.s2018" source="wordnet-japanese">
         <instance id="d000.s2018.t000" lemma="正当" pos="ADJ">正当</instance>
         <wf lemma="な" pos="X">な</wf>
         <wf lemma="賃金" pos="X">賃金</wf>
         <wf lemma="." pos="X">.</wf>
      </sentence>
      <sentence id="d000.s2019" source="wordnet-japanese">
         <wf lemma="いかだ" pos="X">いかだ</wf>
         <wf lemma="は" pos="X">は</wf>
         <instance id="d000.s2019.t000" lemma="流れ" pos="NOUN">流れ</instance>
         <wf lemma="に" pos="X">に</wf>
         <wf lemma="乗っ" pos="X">乗っ</wf>
         <wf lemma="て" pos="X">て</wf>
         <wf lemma="下流" pos="X">下流</wf>
         <wf lemma="に" pos="X">に</wf>
         <wf lemma="流れ" pos="X">流れ</wf>
         <wf lemma="て" pos="X">て</wf>
         <wf lemma="いっ" pos="X">いっ</wf>
         <wf lemma="た" pos="X">た</wf>
         <wf lemma="." pos="X">.</wf>
      </sentence>
      <sentence id="d000.s2020" source="wordnet-japanese">
         <instance id="d000.s2020.t000" lemma="弱い" pos="ADJ">弱い</instance>
         <wf lemma="弁解" pos="X">弁解</wf>
         <wf lemma="." pos="X">.</wf>
      </sentence>
      <sentence id="d000.s2021" source="wordnet-japanese">
         <wf lemma="彼女" pos="X">彼女</wf>
         <wf lemma="は" pos="X">は</wf>
         <wf lemma="、" pos="X">、</wf>
         <wf lemma="東海岸" pos="X">東海岸</wf>
         <wf lemma="へ" pos="X">へ</wf>
         <wf lemma="の" pos="X">の</wf>
         <wf lemma="途中" pos="X">途中</wf>
         <wf lemma="、" pos="X">、</wf>
         <wf lemma="シカゴ" pos="X">シカゴ</wf>
         <wf lemma="で" pos="X">で</wf>
         <instance id="d000.s2021.t000" lemma="乗り換える" pos="VERB">乗り換え</instance>
         <wf lemma="た" pos="X">た</wf>
         <wf lemma="." pos="X">.</wf>
      </sentence>
      <sentence id="d000.s2022" source="wordnet-japanese">
         <instance id="d000.s2022.t000" lemma="アシル" pos="NOUN">アシル</instance>
         <wf lemma="基" pos="X">基</wf>
         <wf lemma="の" pos="X">の</wf>
         <wf lemma="例" pos="X">例</wf>
         <wf lemma="は" pos="X">は</wf>
         <wf lemma="アセチル" pos="X">アセチル</wf>
         <wf lemma="基" pos="X">基</wf>
         <wf lemma="である" pos="X">である</wf>
         <wf lemma="." pos="X">.</wf>
      </sentence>
      <sentence id="d000.s2023" source="wordnet-japanese">
         <wf lemma="IBM" pos="X">IBM</wf>
         <wf lemma="は" pos="X">は</wf>
         <wf lemma="100" pos="X">100</wf>
         <wf lemma="台" pos="X">台</wf>
         <wf lemma="の" pos="X">の</wf>
         <wf lemma="コンピュータ" pos="X">コンピュータ</wf>
         <wf lemma="の" pos="X">の</wf>
         <instance id="d000.s2023.t000" lemma="注文" pos="NOUN">注文</instance>
         <wf lemma="を" pos="X">を</wf>
         <wf lemma="受け" pos="X">受け</wf>
         <wf lemma="た" pos="X">た</wf>
         <wf lemma="." pos="X">.</wf>
      </sentence>
      <sentence id="d000.s2024" source="wordnet-japanese">
         <wf lemma="彼" pos="X">彼</wf>
         <wf lemma="は" pos="X">は</wf>
         <wf lemma="たばこ" pos="X">たばこ</wf>
         <wf lemma="を" pos="X">を</wf>
         <instance id="d000.s2024.t000" lemma="一服" pos="NOUN">一服</instance>
         <wf lemma="吸っ" pos="X">吸っ</wf>
         <wf lemma="て" pos="X">て</wf>
         <wf lemma="、" pos="X">、</wf>
         <wf lemma="ゆっくり" pos="X">ゆっくり</wf>
         <wf lemma="煙" pos="X">煙</wf>
         <wf lemma="を" pos="X">を</wf>
         <wf lemma="吐き出し" pos="X">吐き出し</wf>
         <wf lemma="た" pos="X">た</wf>
         <wf lemma="." pos="X">.</wf>
      </sentence>
      <sentence id="d000.s2025" source="wordnet-japanese">
         <wf lemma="ペンギン" pos="X">ペンギン</wf>
         <wf lemma="は" pos="X">は</wf>
         <wf lemma="極" pos="X">極</wf>
         <instance id="d000.s2025.t000" lemma="地方" pos="NOUN">地方</instance>
         <wf lemma="に" pos="X">に</wf>
         <wf lemma="棲ん" pos="X">棲ん</wf>
         <wf lemma="で" pos="X">で</wf>
         <wf lemma="いる" pos="X">いる</wf>
         <wf lemma="." pos="X">.</wf>
      </sentence>
      <sentence id="d000.s2026" source="wordnet-japanese">
         <wf lemma="クオーク" pos="X">クオーク</wf>
         <wf lemma="の" pos="X">の</wf>
         <wf lemma="各々" pos="X">各々</wf>
         <wf lemma="の" pos="X">の</wf>
         <instance id="d000.s2026.t000" lemma="風味" pos="NOUN">風味</instance>
         <wf lemma="は" pos="X">は</wf>
         <wf lemma="、" pos="X">、</wf>
         <wf lemma="3" pos="X">3</wf>
         <wf lemma="色" pos="X">色</wf>
         <wf lemma="に" pos="X">に</wf>
         <wf lemma="入る" pos="X">入る</wf>
         <wf lemma="." pos="X">.</wf>
      </sentence>
      <sentence id="d000.s2027" source="wordnet-japanese">
         <wf lemma="彼" pos="X">彼</wf>
         <wf lemma="に" pos="X">に</wf>
         <wf lemma="は" pos="X">は</wf>
         <instance id="d000.s2027.t000" lemma="迅速" pos="ADJ">迅速</instance>
         <wf lemma="に" pos="X">に</wf>
         <wf lemma="裁判" pos="X">裁判</wf>
         <wf lemma="を" pos="X">を</wf>
         <wf lemma="受ける" pos="X">受ける</wf>
         <wf lemma="権利" pos="X">権利</wf>
         <wf lemma="が" pos="X">が</wf>
         <wf lemma="ある" pos="X">ある</wf>
         <wf lemma="." pos="X">.</wf>
      </sentence>
      <sentence id="d000.s2028" source="wordnet-japanese">
         <instance id="d000.s2028.t000" lemma="未熟" pos="ADJ">未熟</instance>
         <wf lemma="である" pos="X">である</wf>
         <wf lemma="が" pos="X">が</wf>
         <wf lemma="、" pos="X">、</wf>
         <wf lemma="誠実" pos="X">誠実</wf>
         <wf lemma="な" pos="X">な</wf>
         <wf lemma="努力" pos="X">努力</wf>
         <wf lemma="." pos="X">.</wf>
      </sentence>
      <sentence id="d000.s2029" source="wordnet-japanese">
         <wf lemma="あなた" pos="X">あなた</wf>
         <wf lemma="の" pos="X">の</wf>
         <wf lemma="腕" pos="X">腕</wf>
         <wf lemma="時計" pos="X">時計</wf>
         <wf lemma="を" pos="X">を</wf>
         <instance id="d000.s2029.t000" lemma="巻く" pos="VERB">巻く</instance>
         <wf lemma="." pos="X">.</wf>
      </sentence>
      <sentence id="d000.s2030" source="wordnet-japanese">
         <wf lemma="高貴" pos="X">高貴</wf>
         <wf lemma="で" pos="X">で</wf>
         <wf lemma="格調" pos="X">格調</wf>
         <instance id="d000.s2030.t000" lemma="高い" pos="ADJ">高い</instance>
         <wf lemma="概念" pos="X">概念</wf>
         <wf lemma="." pos="X">.</wf>
      </sentence>
      <sentence id="d000.s2031" source="wordnet-japanese">
         <wf lemma="プランクトン" pos="X">プランクトン</wf>
         <wf lemma="の" pos="X">の</wf>
         <wf lemma="動物的" pos="X">動物的</wf>
         <instance id="d000.s2031.t000" lemma="要素" pos="NOUN">要素</instance>
         <wf lemma="." pos="X">.</wf>
      </sentence>
      <sentence id="d000.s2032" source="wordnet-japanese">
         <wf lemma="この" pos="X">この</wf>
         <wf lemma="ピアノ" pos="X">ピアノ</wf>
         <wf lemma="の" pos="X">の</wf>
         <instance id="d000.s2032.t000" lemma="タッチ" pos="NOUN">タッチ</instance>
         <wf lemma="は" pos="X">は</wf>
         <wf lemma="素晴らしい" pos="X">素晴らしい</wf>
         <wf lemma="." pos="X">.</wf>
      </sentence>
      <sentence id="d000.s2033" source="wordnet-japanese">
         <wf lemma="好意" pos="X">好意</wf>
         <wf lemma="の" pos="X">の</wf>
         <instance id="d000.s2033.t000" lemma="表れ" pos="NOUN">表れ</instance>
         <wf lemma="." pos="X">.</wf>
      </sentence>
      <sentence id="d000.s2034" source="wordnet-japanese">
         <wf lemma="粗い" pos="X">粗い</wf>
         <instance id="d000.s2034.t000" lemma="穀物" pos="NOUN">穀物</instance>
         <wf lemma="の" pos="X">の</wf>
         <wf lemma="石" pos="X">石</wf>
         <wf lemma="." pos="X">.</wf>
      </sentence>
      <sentence id="d000.s2035" source="wordnet-japanese">
         <wf lemma="身なり" pos="X">身なり</wf>
         <wf lemma="と" pos="X">と</wf>
         <wf lemma="住まい" pos="X">住まい</wf>
         <wf lemma="が" pos="X">が</wf>
         <instance id="d000.s2035.t000" lemma="清潔" pos="ADJ">清潔</instance>
         <wf lemma="な" pos="X">な</wf>
         <wf lemma="." pos="X">.</wf>
      </sentence>
      <sentence id="d000.s2036" source="wordnet-japanese">
         <wf lemma="船" pos="X">船</wf>
         <wf lemma="の" pos="X">の</wf>
         <instance id="d000.s2036.t000" lemma="接近" pos="NOUN">接近</instance>
         <wf lemma="する" pos="X">する</wf>
         <wf lemma="速度" pos="X">速度</wf>
         <wf lemma="は" pos="X">は</wf>
         <wf lemma="速かっ" pos="X">速かっ</wf>
         <wf lemma="た" pos="X">た</wf>
         <wf lemma="ので" pos="X">ので</wf>
         <wf lemma="、" pos="X">、</wf>
         <wf lemma="彼ら" pos="X">彼ら</wf>
         <wf lemma="は" pos="X">は</wf>
         <wf lemma="衝突" pos="X">衝突</wf>
         <wf lemma="を" pos="X">を</wf>
         <wf lemma="避ける" pos="X">避ける</wf>
         <wf lemma="時間" pos="X">時間</wf>
         <wf lemma="が" pos="X">が</wf>
         <wf lemma="ほとんど" pos="X">ほとんど</wf>
         <wf lemma="なかっ" pos="X">なかっ</wf>
         <wf lemma="た" pos="X">た</wf>
         <wf lemma="." pos="X">.</wf>
      </sentence>
      <sentence id="d000.s2037" source="wordnet-japanese">
         <wf lemma="麻酔" pos="X">麻酔</wf>
         <wf lemma="の" pos="X">の</wf>
         <wf lemma="状態" pos="X">状態</wf>
         <wf lemma="の" pos="X">の</wf>
         <instance id="d000.s2037.t000" lemma="誘導" pos="NOUN">誘導</instance>
         <wf lemma="." pos="X">.</wf>
      </sentence>
      <sentence id="d000.s2038" source="wordnet-japanese">
         <wf lemma="彼女" pos="X">彼女</wf>
         <wf lemma="は" pos="X">は</wf>
         <wf lemma="、" pos="X">、</wf>
         <wf lemma="会議" pos="X">会議</wf>
         <wf lemma="の" pos="X">の</wf>
         <instance id="d000.s2038.t000" lemma="オーガナイザー" pos="NOUN">オーガナイザー</instance>
         <wf lemma="だっ" pos="X">だっ</wf>
         <wf lemma="た" pos="X">た</wf>
         <wf lemma="." pos="X">.</wf>
      </sentence>
      <sentence id="d000.s2039" source="wordnet-japanese">
         <wf lemma="天気" pos="X">天気</wf>
         <wf lemma="は" pos="X">は</wf>
         <wf lemma="がらっと" pos="X">がらっと</wf>
         <wf lemma="不快" pos="X">不快</wf>
         <wf lemma="に" pos="X">に</wf>
         <instance id="d000.s2039.t000" lemma="なる" pos="VERB">なっ</instance>
         <wf lemma="た" pos="X">た</wf>
         <wf lemma="." pos="X">.</wf>
      </sentence>
      <sentence id="d000.s2040" source="wordnet-japanese">
         <wf lemma="あなた" pos="X">あなた</wf>
         <wf lemma="は" pos="X">は</wf>
         <wf lemma="サルマン" pos="X">サルマン</wf>
         <wf lemma="・" pos="X">・</wf>
         <wf lemma="ラシュディ" pos="X">ラシュディ</wf>
         <wf lemma="を" pos="X">を</wf>
         <instance id="d000.s2040.t000" lemma="読む" pos="VERB">読み</instance>
         <wf lemma="まし" pos="X">まし</wf>
         <wf lemma="た" pos="X">た</wf>
         <wf lemma="か" pos="X">か</wf>
         <wf lemma="？" pos="X">？</wf>
         <wf lemma="." pos="X">.</wf>
      </sentence>
      <sentence id="d000.s2041" source="wordnet-japanese">
         <wf lemma="『" pos="X">『</wf>
         <wf lemma="fastest" pos="X">fastest</wf>
         <wf lemma="』" pos="X">』</wf>
         <wf lemma="は" pos="X">は</wf>
         <wf lemma="形容詞" pos="X">形容詞</wf>
         <wf lemma="『" pos="X">『</wf>
         <wf lemma="fast" pos="X">fast</wf>
         <wf lemma="（" pos="X">（</wf>
         <wf lemma="早い" pos="X">早い</wf>
         <wf lemma="）" pos="X">）</wf>
         <wf lemma="』" pos="X">』</wf>
         <wf lemma="の" pos="X">の</wf>
         <instance id="d000.s2041.t000" lemma="最上級" pos="NOUN">最上級</instance>
         <wf lemma="である" pos="X">である</wf>
         <wf lemma="." pos="X">.</wf>
      </sentence>
      <sentence id="d000.s2042" source="wordnet-japanese">
         <wf lemma="ばら" pos="X">ばら</wf>
         <wf lemma="色" pos="X">色</wf>
         <wf lemma="の" pos="X">の</wf>
         <instance id="d000.s2042.t000" lemma="健康" pos="ADJ">健康</instance>
         <wf lemma="な" pos="X">な</wf>
         <wf lemma="赤ん" pos="X">赤ん</wf>
         <wf lemma="坊" pos="X">坊</wf>
         <wf lemma="." pos="X">.</wf>
      </sentence>
      <sentence id="d000.s2043" source="wordnet-japanese">
         <wf lemma="水" pos="X">水</wf>
         <wf lemma="不足" pos="X">不足</wf>
         <wf lemma="は" pos="X">は</wf>
         <wf lemma="保存" pos="X">保存</wf>
         <wf lemma="を" pos="X">を</wf>
         <instance id="d000.s2043.t000" lemma="強いる" pos="VERB">強いる</instance>
         <wf lemma="." pos="X">.</wf>
      </sentence>
      <sentence id="d000.s2044" source="wordnet-japanese">
         <wf lemma="立っ" pos="X">立っ</wf>
         <wf lemma="て" pos="X">て</wf>
         <wf lemma="の" pos="X">の</wf>
         <instance id="d000.s2044.t000" lemma="検出" pos="NOUN">検出</instance>
         <wf lemma="は" pos="X">は</wf>
         <wf lemma="難しい" pos="X">難しい</wf>
         <wf lemma="." pos="X">.</wf>
      </sentence>
      <sentence id="d000.s2045" source="wordnet-japanese">
         <wf lemma="名声" pos="X">名声</wf>
         <wf lemma="へ" pos="X">へ</wf>
         <wf lemma="の" pos="X">の</wf>
         <instance id="d000.s2045.t000" lemma="道" pos="NOUN">道</instance>
         <wf lemma="." pos="X">.</wf>
      </sentence>
      <sentence id="d000.s2046" source="wordnet-japanese">
         <wf lemma="王" pos="X">王</wf>
         <wf lemma="と" pos="X">と</wf>
         <wf lemma="皇帝" pos="X">皇帝</wf>
         <wf lemma="の" pos="X">の</wf>
         <instance id="d000.s2046.t000" lemma="暗殺者" pos="NOUN">暗殺者</instance>
         <wf lemma="." pos="X">.</wf>
      </sentence>
      <sentence id="d000.s2047" source="wordnet-japanese">
         <wf lemma="私" pos="X">私</wf>
         <wf lemma="たち" pos="X">たち</wf>
         <wf lemma="は" pos="X">は</wf>
         <instance id="d000.s2047.t000" lemma="楽しい" pos="ADJ">楽しい</instance>
         <wf lemma="夜" pos="X">夜</wf>
         <wf lemma="を" pos="X">を</wf>
         <wf lemma="一緒" pos="X">一緒</wf>
         <wf lemma="に" pos="X">に</wf>
         <wf lemma="過し" pos="X">過し</wf>
         <wf lemma="た" pos="X">た</wf>
         <wf lemma="." pos="X">.</wf>
      </sentence>
      <sentence id="d000.s2048" source="wordnet-japanese">
         <instance id="d000.s2048.t000" lemma="優しい" pos="ADJ">優しい</instance>
         <wf lemma="子供" pos="X">子供</wf>
         <wf lemma="たち" pos="X">たち</wf>
         <wf lemma="." pos="X">.</wf>
      </sentence>
      <sentence id="d000.s2049" source="wordnet-japanese">
         <wf lemma="彼" pos="X">彼</wf>
         <wf lemma="は" pos="X">は</wf>
         <wf lemma="過酸化物" pos="X">過酸化物</wf>
         <wf lemma="と" pos="X">と</wf>
         <wf lemma="水" pos="X">水</wf>
         <wf lemma="の" pos="X">の</wf>
         <instance id="d000.s2049.t000" lemma="溶液" pos="NOUN">溶液</instance>
         <wf lemma="を" pos="X">を</wf>
         <wf lemma="使用" pos="X">使用</wf>
         <wf lemma="し" pos="X">し</wf>
         <wf lemma="た" pos="X">た</wf>
         <wf lemma="." pos="X">.</wf>
      </sentence>
      <sentence id="d000.s2050" source="wordnet-japanese">
         <wf lemma="鏡" pos="X">鏡</wf>
         <wf lemma="に" pos="X">に</wf>
         <instance id="d000.s2050.t000" lemma="ひび" pos="NOUN">ひび</instance>
         <wf lemma="が" pos="X">が</wf>
         <wf lemma="あっ" pos="X">あっ</wf>
         <wf lemma="た" pos="X">た</wf>
         <wf lemma="." pos="X">.</wf>
      </sentence>
      <sentence id="d000.s2051" source="wordnet-japanese">
         <instance id="d000.s2051.t000" lemma="好色" pos="ADJ">好色</instance>
         <wf lemma="な" pos="X">な</wf>
         <wf lemma="乱交" pos="X">乱交</wf>
         <wf lemma="." pos="X">.</wf>
      </sentence>
      <sentence id="d000.s2052" source="wordnet-japanese">
         <wf lemma="虫" pos="X">虫</wf>
         <wf lemma="の" pos="X">の</wf>
         <instance id="d000.s2052.t000" lemma="収縮性" pos="ADJ">収縮性</instance>
         <wf lemma="の" pos="X">の</wf>
         <wf lemma="ある" pos="X">ある</wf>
         <wf lemma="羽." pos="X">羽.</wf>
      </sentence>
      <sentence id="d000.s2053" source="wordnet-japanese">
         <wf lemma="別" pos="X">別</wf>
         <wf lemma="の" pos="X">の</wf>
         <wf lemma="棟" pos="X">棟</wf>
         <wf lemma="を" pos="X">を</wf>
         <wf lemma="追加" pos="X">追加</wf>
         <wf lemma="する" pos="X">する</wf>
         <wf lemma="こと" pos="X">こと</wf>
         <wf lemma="で" pos="X">で</wf>
         <wf lemma="家" pos="X">家</wf>
         <wf lemma="を" pos="X">を</wf>
         <instance id="d000.s2053.t000" lemma="広げる" pos="VERB">広げる</instance>
         <wf lemma="." pos="X">.</wf>
      </sentence>
      <sentence id="d000.s2054" source="wordnet-japanese">
         <instance id="d000.s2054.t000" lemma="新しい" pos="ADJ">新しい</instance>
         <wf lemma="紙" pos="X">紙</wf>
         <wf lemma="." pos="X">.</wf>
      </sentence>
      <sentence id="d000.s2055" source="wordnet-japanese">
         <instance id="d000.s2055.t000" lemma="厳しい" pos="ADJ">厳しい</instance>
         <wf lemma="刑罰" pos="X">刑罰</wf>
         <wf lemma="." pos="X">.</wf>
      </sentence>
      <sentence id="d000.s2056" source="wordnet-japanese">
         <wf lemma="病院" pos="X">病院</wf>
         <wf lemma="から" pos="X">から</wf>
         <wf lemma="の" pos="X">の</wf>
         <instance id="d000.s2056.t000" lemma="良い" pos="ADJ">良い</instance>
         <wf lemma="知ら" pos="X">知ら</wf>
         <wf lemma="せ" pos="X">せ</wf>
         <wf lemma="；" pos="X">；</wf>
         <wf lemma="オフィス" pos="X">オフィス</wf>
         <wf lemma="に" pos="X">に</wf>
         <wf lemma="ふさわしい" pos="X">ふさわしい</wf>
         <wf lemma="ドレス" pos="X">ドレス</wf>
         <wf lemma="." pos="X">.</wf>
      </sentence>
      <sentence id="d000.s2057" source="wordnet-japanese">
         <wf lemma="ショック" pos="X">ショック</wf>
         <wf lemma="を" pos="X">を</wf>
         <instance id="d000.s2057.t000" lemma="和らげる" pos="VERB">和らげる</instance>
         <wf lemma="." pos="X">.</wf>
      </sentence>
      <sentence id="d000.s2058" source="wordnet-japanese">
         <wf lemma="鼓膜" pos="X">鼓膜</wf>
         <wf lemma="の" pos="X">の</wf>
         <instance id="d000.s2058.t000" lemma="穿孔" pos="NOUN">穿孔</instance>
         <wf lemma="." pos="X">.</wf>
      </sentence>
      <sentence id="d000.s2059" source="wordnet-japanese">
         <wf lemma="私" pos="X">私</wf>
         <wf lemma="の" pos="X">の</wf>
         <wf lemma="お気に入り" pos="X">お気に入り</wf>
         <wf lemma="の" pos="X">の</wf>
         <wf lemma="レコード" pos="X">レコード</wf>
         <wf lemma="を" pos="X">を</wf>
         <instance id="d000.s2059.t000" lemma="かける" pos="VERB">かけ</instance>
         <wf lemma="よう." pos="X">よう.</wf>
      </sentence>
      <sentence id="d000.s2060" source="wordnet-japanese">
         <wf lemma="もし" pos="X">もし</wf>
         <wf lemma="、" pos="X">、</wf>
         <wf lemma="一" pos="X">一</wf>
         <wf lemma="つ" pos="X">つ</wf>
         <wf lemma="以上" pos="X">以上</wf>
         <wf lemma="の" pos="X">の</wf>
         <wf lemma="結論" pos="X">結論</wf>
         <wf lemma="に対し" pos="X">に対し</wf>
         <wf lemma="、" pos="X">、</wf>
         <wf lemma="実体" pos="X">実体</wf>
         <wf lemma="が" pos="X">が</wf>
         <wf lemma="ある" pos="X">ある</wf>
         <wf lemma="ので" pos="X">ので</wf>
         <wf lemma="あれ" pos="X">あれ</wf>
         <wf lemma="ば" pos="X">ば</wf>
         <wf lemma="、" pos="X">、</wf>
         <wf lemma="誤り" pos="X">誤り</wf>
         <wf lemma="は" pos="X">は</wf>
         <instance id="d000.s2060.t000" lemma="広がる" pos="ADJ">広がっ</instance>
         <wf lemma="て" pos="X">て</wf>
         <wf lemma="いく" pos="X">いく</wf>
         <wf lemma="." pos="X">.</wf>
      </sentence>
      <sentence id="d000.s2061" source="wordnet-japanese">
         <wf lemma="人間" pos="X">人間</wf>
         <wf lemma="に" pos="X">に</wf>
         <wf lemma="は" pos="X">は</wf>
         <instance id="d000.s2061.t000" lemma="理性" pos="NOUN">理性</instance>
         <wf lemma="が" pos="X">が</wf>
         <wf lemma="授け" pos="X">授け</wf>
         <wf lemma="られ" pos="X">られ</wf>
         <wf lemma="、" pos="X">、</wf>
         <wf lemma="善" pos="X">善</wf>
         <wf lemma="と" pos="X">と</wf>
         <wf lemma="悪" pos="X">悪</wf>
         <wf lemma="を" pos="X">を</wf>
         <wf lemma="区別" pos="X">区別</wf>
         <wf lemma="できる" pos="X">できる</wf>
         <wf lemma="と" pos="X">と</wf>
         <wf lemma="教え" pos="X">教え</wf>
         <wf lemma="られる" pos="X">られる</wf>
         <wf lemma="." pos="X">.</wf>
      </sentence>
      <sentence id="d000.s2062" source="wordnet-japanese">
         <instance id="d000.s2062.t000" lemma="リズミカル" pos="ADJ">リズミカル</instance>
         <wf lemma="に" pos="X">に</wf>
         <wf lemma="鳴る" pos="X">鳴る</wf>
         <wf lemma="教会" pos="X">教会</wf>
         <wf lemma="の" pos="X">の</wf>
         <wf lemma="ベル−ジョン" pos="X">ベル−ジョン</wf>
         <wf lemma="・" pos="X">・</wf>
         <wf lemma="ゴールズワージー" pos="X">ゴールズワージー</wf>
         <wf lemma="." pos="X">.</wf>
      </sentence>
      <sentence id="d000.s2063" source="wordnet-japanese">
         <instance id="d000.s2063.t000" lemma="鈍い" pos="ADJ">鈍い</instance>
         <wf lemma="輝き" pos="X">輝き</wf>
         <wf lemma="." pos="X">.</wf>
      </sentence>
      <sentence id="d000.s2064" source="wordnet-japanese">
         <wf lemma="彼" pos="X">彼</wf>
         <wf lemma="は" pos="X">は</wf>
         <wf lemma="熱" pos="X">熱</wf>
         <wf lemma="に" pos="X">に</wf>
         <instance id="d000.s2064.t000" lemma="耐える" pos="VERB">耐える</instance>
         <wf lemma="こと" pos="X">こと</wf>
         <wf lemma="を" pos="X">を</wf>
         <wf lemma="学ん" pos="X">学ん</wf>
         <wf lemma="だ" pos="X">だ</wf>
         <wf lemma="." pos="X">.</wf>
      </sentence>
      <sentence id="d000.s2065" source="wordnet-japanese">
         <wf lemma="多く" pos="X">多く</wf>
         <wf lemma="の" pos="X">の</wf>
         <wf lemma="犯罪" pos="X">犯罪</wf>
         <wf lemma="が" pos="X">が</wf>
         <instance id="d000.s2065.t000" lemma="未解決" pos="ADJ">未解決</instance>
         <wf lemma="の" pos="X">の</wf>
         <wf lemma="まま" pos="X">まま</wf>
         <wf lemma="で" pos="X">で</wf>
         <wf lemma="残っ" pos="X">残っ</wf>
         <wf lemma="て" pos="X">て</wf>
         <wf lemma="いる" pos="X">いる</wf>
         <wf lemma="." pos="X">.</wf>
      </sentence>
      <sentence id="d000.s2066" source="wordnet-japanese">
         <wf lemma="これら" pos="X">これら</wf>
         <wf lemma="の" pos="X">の</wf>
         <wf lemma="2" pos="X">2</wf>
         <wf lemma="本" pos="X">本</wf>
         <wf lemma="の" pos="X">の</wf>
         <wf lemma="植物" pos="X">植物</wf>
         <wf lemma="は" pos="X">は</wf>
         <wf lemma="、" pos="X">、</wf>
         <instance id="d000.s2066.t000" lemma="形態学的" pos="ADV">形態学的</instance>
         <wf lemma="に" pos="X">に</wf>
         <wf lemma="関連" pos="X">関連</wf>
         <wf lemma="が" pos="X">が</wf>
         <wf lemma="ある" pos="X">ある</wf>
         <wf lemma="." pos="X">.</wf>
      </sentence>
      <sentence id="d000.s2067" source="wordnet-japanese">
         <wf lemma="私" pos="X">私</wf>
         <wf lemma="は" pos="X">は</wf>
         <wf lemma="彼" pos="X">彼</wf>
         <wf lemma="の" pos="X">の</wf>
         <instance id="d000.s2067.t000" lemma="言葉" pos="NOUN">言葉</instance>
         <wf lemma="に" pos="X">に</wf>
         <wf lemma="耳" pos="X">耳</wf>
         <wf lemma="を" pos="X">を</wf>
         <wf lemma="傾け" pos="X">傾け</wf>
         <wf lemma="た" pos="X">た</wf>
         <wf lemma="." pos="X">.</wf>
      </sentence>
      <sentence id="d000.s2068" source="wordnet-japanese">
         <instance id="d000.s2068.t000" lemma="顕著" pos="ADJ">顕著</instance>
         <wf lemma="な" pos="X">な</wf>
         <wf lemma="特徴" pos="X">特徴</wf>
         <wf lemma="." pos="X">.</wf>
      </sentence>
      <sentence id="d000.s2069" source="wordnet-japanese">
         <wf lemma="ボール" pos="X">ボール</wf>
         <wf lemma="の" pos="X">の</wf>
         <wf lemma="素晴" pos="X">素晴</wf>
         <wf lemma="らしい" pos="X">らしい</wf>
         <instance id="d000.s2069.t000" lemma="ストライカー" pos="NOUN">ストライカー</instance>
         <wf lemma="." pos="X">.</wf>
      </sentence>
      <sentence id="d000.s2070" source="wordnet-japanese">
         <wf lemma="彼" pos="X">彼</wf>
         <wf lemma="は" pos="X">は</wf>
         <wf lemma="公正" pos="X">公正</wf>
         <wf lemma="な" pos="X">な</wf>
         <instance id="d000.s2070.t000" lemma="裁判" pos="NOUN">裁判</instance>
         <wf lemma="を" pos="X">を</wf>
         <wf lemma="受け" pos="X">受け</wf>
         <wf lemma="た" pos="X">た</wf>
         <wf lemma="、" pos="X">、</wf>
         <wf lemma="そして" pos="X">そして</wf>
         <wf lemma="陪審" pos="X">陪審</wf>
         <wf lemma="は" pos="X">は</wf>
         <wf lemma="彼" pos="X">彼</wf>
         <wf lemma="が" pos="X">が</wf>
         <wf lemma="有罪" pos="X">有罪</wf>
         <wf lemma="である" pos="X">である</wf>
         <wf lemma="という" pos="X">という</wf>
         <wf lemma="判決" pos="X">判決</wf>
         <wf lemma="を" pos="X">を</wf>
         <wf lemma="下し" pos="X">下し</wf>
         <wf lemma="た" pos="X">た</wf>
         <wf lemma="." pos="X">.</wf>
      </sentence>
      <sentence id="d000.s2071" source="wordnet-japanese">
         <wf lemma="骨" pos="X">骨</wf>
         <wf lemma="相学" pos="X">相学</wf>
         <wf lemma="は" pos="X">は</wf>
         <wf lemma="現代" pos="X">現代</wf>
         <wf lemma="の" pos="X">の</wf>
         <wf lemma="神経科学" pos="X">神経科学</wf>
         <wf lemma="の" pos="X">の</wf>
         <instance id="d000.s2071.t000" lemma="前身" pos="NOUN">前身</instance>
         <wf lemma="である" pos="X">である</wf>
         <wf lemma="." pos="X">.</wf>
      </sentence>
      <sentence id="d000.s2072" source="wordnet-japanese">
         <wf lemma="3" pos="X">3</wf>
         <wf lemma="人" pos="X">人</wf>
         <wf lemma="の" pos="X">の</wf>
         <wf lemma="乗客" pos="X">乗客</wf>
         <wf lemma="が" pos="X">が</wf>
         <instance id="d000.s2072.t000" lemma="衝突" pos="NOUN">衝突</instance>
         <wf lemma="で" pos="X">で</wf>
         <wf lemma="死亡" pos="X">死亡</wf>
         <wf lemma="し" pos="X">し</wf>
         <wf lemma="た" pos="X">た</wf>
         <wf lemma="." pos="X">.</wf>
      </sentence>
      <sentence id="d000.s2073" source="wordnet-japanese">
         <wf lemma="彼" pos="X">彼</wf>
         <wf lemma="の" pos="X">の</wf>
         <wf lemma="友人" pos="X">友人</wf>
         <wf lemma="の" pos="X">の</wf>
         <wf lemma="苦況" pos="X">苦況</wf>
         <wf lemma="に関して" pos="X">に関して</wf>
         <wf lemma="陽気" pos="X">陽気</wf>
         <wf lemma="に" pos="X">に</wf>
         <instance id="d000.s2073.t000" lemma="無関心" pos="ADJ">無関心</instance>
         <wf lemma="である" pos="X">である</wf>
         <wf lemma="." pos="X">.</wf>
      </sentence>
      <sentence id="d000.s2074" source="wordnet-japanese">
         <wf lemma="その" pos="X">その</wf>
         <instance id="d000.s2074.t000" lemma="犠牲" pos="NOUN">犠牲</instance>
         <wf lemma="によって" pos="X">によって</wf>
         <wf lemma="." pos="X">.</wf>
      </sentence>
      <sentence id="d000.s2075" source="wordnet-japanese">
         <wf lemma="彼ら" pos="X">彼ら</wf>
         <wf lemma="は" pos="X">は</wf>
         <wf lemma="研究" pos="X">研究</wf>
         <wf lemma="の" pos="X">の</wf>
         <wf lemma="ため" pos="X">ため</wf>
         <wf lemma="の" pos="X">の</wf>
         <wf lemma="新しい" pos="X">新しい</wf>
         <instance id="d000.s2075.t000" lemma="センター" pos="NOUN">センター</instance>
         <wf lemma="を" pos="X">を</wf>
         <wf lemma="建設" pos="X">建設</wf>
         <wf lemma="する" pos="X">する</wf>
         <wf lemma="の" pos="X">の</wf>
         <wf lemma="に" pos="X">に</wf>
         <wf lemma="資金" pos="X">資金</wf>
         <wf lemma="を" pos="X">を</wf>
         <wf lemma="募っ" pos="X">募っ</wf>
         <wf lemma="て" pos="X">て</wf>
         <wf lemma="いる" pos="X">いる</wf>
         <wf lemma="." pos="X">.</wf>
      </sentence>
      <sentence id="d000.s2076" source="wordnet-japanese">
         <instance id="d000.s2076.t000" lemma="あそこの" pos="ADJ">あそこの</instance>
         <wf lemma="場所" pos="X">場所</wf>
         <wf lemma="は" pos="X">は</wf>
         <wf lemma="、" pos="X">、</wf>
         <wf lemma="何" pos="X">何</wf>
         <wf lemma="です" pos="X">です</wf>
         <wf lemma="か" pos="X">か</wf>
         <wf lemma="？" pos="X">？</wf>
         <wf lemma="." pos="X">.</wf>
      </sentence>
      <sentence id="d000.s2077" source="wordnet-japanese">
         <wf lemma="法" pos="X">法</wf>
         <wf lemma="を" pos="X">を</wf>
         <instance id="d000.s2077.t000" lemma="破る" pos="VERB">破る</instance>
         <wf lemma="." pos="X">.</wf>
      </sentence>
      <sentence id="d000.s2078" source="wordnet-japanese">
         <wf lemma="彼女" pos="X">彼女</wf>
         <wf lemma="は" pos="X">は</wf>
         <wf lemma="髪" pos="X">髪</wf>
         <wf lemma="の" pos="X">の</wf>
         <wf lemma="先" pos="X">先</wf>
         <wf lemma="を" pos="X">を</wf>
         <wf lemma="くる" pos="X">くる</wf>
         <wf lemma="くる" pos="X">くる</wf>
         <wf lemma="回す" pos="X">回す</wf>
         <wf lemma="の" pos="X">の</wf>
         <wf lemma="が" pos="X">が</wf>
         <instance id="d000.s2078.t000" lemma="癖" pos="NOUN">癖</instance>
         <wf lemma="だっ" pos="X">だっ</wf>
         <wf lemma="た" pos="X">た</wf>
         <wf lemma="." pos="X">.</wf>
      </sentence>
      <sentence id="d000.s2079" source="wordnet-japanese">
         <wf lemma="体重" pos="X">体重</wf>
         <wf lemma="の" pos="X">の</wf>
         <instance id="d000.s2079.t000" lemma="減少" pos="NOUN">減少</instance>
         <wf lemma="." pos="X">.</wf>
      </sentence>
      <sentence id="d000.s2080" source="wordnet-japanese">
         <wf lemma="彼ら" pos="X">彼ら</wf>
         <wf lemma="は" pos="X">は</wf>
         <wf lemma="彼ら" pos="X">彼ら</wf>
         <wf lemma="の" pos="X">の</wf>
         <wf lemma="最初" pos="X">最初</wf>
         <wf lemma="の" pos="X">の</wf>
         <wf lemma="子供" pos="X">子供</wf>
         <wf lemma="の" pos="X">の</wf>
         <instance id="d000.s2080.t000" lemma="誕生" pos="NOUN">誕生</instance>
         <wf lemma="を" pos="X">を</wf>
         <wf lemma="祝っ" pos="X">祝っ</wf>
         <wf lemma="た" pos="X">た</wf>
         <wf lemma="." pos="X">.</wf>
      </sentence>
      <sentence id="d000.s2081" source="wordnet-japanese">
         <wf lemma="体" pos="X">体</wf>
         <wf lemma="の" pos="X">の</wf>
         <instance id="d000.s2081.t000" lemma="尾側" pos="ADJ">尾側</instance>
         <wf lemma="." pos="X">.</wf>
      </sentence>
      <sentence id="d000.s2082" source="wordnet-japanese">
         <wf lemma="ポスター" pos="X">ポスター</wf>
         <wf lemma="を" pos="X">を</wf>
         <wf lemma="壁" pos="X">壁</wf>
         <wf lemma="に" pos="X">に</wf>
         <instance id="d000.s2082.t000" lemma="貼り付ける" pos="VERB">貼り付ける</instance>
         <wf lemma="." pos="X">.</wf>
      </sentence>
      <sentence id="d000.s2083" source="wordnet-japanese">
         <wf lemma="皮" pos="X">皮</wf>
         <wf lemma="が" pos="X">が</wf>
         <wf lemma="最新" pos="X">最新</wf>
         <wf lemma="の" pos="X">の</wf>
         <instance id="d000.s2083.t000" lemma="流行" pos="NOUN">流行</instance>
         <wf lemma="だ" pos="X">だ</wf>
         <wf lemma="." pos="X">.</wf>
      </sentence>
      <sentence id="d000.s2084" source="wordnet-japanese">
         <wf lemma="会社" pos="X">会社</wf>
         <wf lemma="は" pos="X">は</wf>
         <instance id="d000.s2084.t000" lemma="楽しい" pos="ADJ">楽しかっ</instance>
         <wf lemma="た" pos="X">た</wf>
         <wf lemma="." pos="X">.</wf>
      </sentence>
      <sentence id="d000.s2085" source="wordnet-japanese">
         <wf lemma="表" pos="X">表</wf>
         <wf lemma="が" pos="X">が</wf>
         <instance id="d000.s2085.t000" lemma="成功" pos="NOUN">成功</instance>
         <wf lemma="で" pos="X">で</wf>
         <wf lemma="裏" pos="X">裏</wf>
         <wf lemma="が" pos="X">が</wf>
         <wf lemma="失敗" pos="X">失敗</wf>
         <wf lemma="と" pos="X">と</wf>
         <wf lemma="し" pos="X">し</wf>
         <wf lemma="よう" pos="X">よう</wf>
         <wf lemma="." pos="X">.</wf>
      </sentence>
      <sentence id="d000.s2086" source="wordnet-japanese">
         <wf lemma="季節" pos="X">季節</wf>
         <wf lemma="に従って" pos="X">に従って</wf>
         <wf lemma="、" pos="X">、</wf>
         <wf lemma="スーパー" pos="X">スーパー</wf>
         <wf lemma="マーケット" pos="X">マーケット</wf>
         <wf lemma="の" pos="X">の</wf>
         <wf lemma="野菜" pos="X">野菜</wf>
         <wf lemma="の" pos="X">の</wf>
         <wf lemma="品" pos="X">品</wf>
         <wf lemma="揃" pos="X">揃</wf>
         <wf lemma="え" pos="X">え</wf>
         <wf lemma="は" pos="X">は</wf>
         <instance id="d000.s2086.t000" lemma="異なる" pos="VERB">異なる</instance>
         <wf lemma="." pos="X">.</wf>
      </sentence>
      <sentence id="d000.s2087" source="wordnet-japanese">
         <wf lemma="努力" pos="X">努力</wf>
         <wf lemma="が" pos="X">が</wf>
         <wf lemma="補填的" pos="X">補填的</wf>
         <wf lemma="な" pos="X">な</wf>
         <wf lemma="利益" pos="X">利益</wf>
         <wf lemma="を" pos="X">を</wf>
         <wf lemma="もたらさ" pos="X">もたらさ</wf>
         <wf lemma="ない" pos="X">ない</wf>
         <wf lemma="場合" pos="X">場合</wf>
         <wf lemma="、" pos="X">、</wf>
         <wf lemma="それ" pos="X">それ</wf>
         <wf lemma="は" pos="X">は</wf>
         <instance id="d000.s2087.t000" lemma="浪費" pos="NOUN">浪費</instance>
         <wf lemma="である" pos="X">である</wf>
         <wf lemma="." pos="X">.</wf>
      </sentence>
      <sentence id="d000.s2088" source="wordnet-japanese">
         <instance id="d000.s2088.t000" lemma="不安定" pos="ADJ">不安定</instance>
         <wf lemma="な" pos="X">な</wf>
         <wf lemma="架台" pos="X">架台</wf>
         <wf lemma="." pos="X">.</wf>
      </sentence>
      <sentence id="d000.s2089" source="wordnet-japanese">
         <wf lemma="ステレオ" pos="X">ステレオ</wf>
         <wf lemma="を" pos="X">を</wf>
         <instance id="d000.s2089.t000" lemma="切る" pos="VERB">切っ</instance>
         <wf lemma="て" pos="X">て</wf>
         <wf lemma="ください" pos="X">ください</wf>
         <wf lemma="." pos="X">.</wf>
      </sentence>
      <sentence id="d000.s2090" source="wordnet-japanese">
         <wf lemma="コンクリート" pos="X">コンクリート</wf>
         <wf lemma="の" pos="X">の</wf>
         <instance id="d000.s2090.t000" lemma="硬化" pos="NOUN">硬化</instance>
         <wf lemma="." pos="X">.</wf>
      </sentence>
      <sentence id="d000.s2091" source="wordnet-japanese">
         <instance id="d000.s2091.t000" lemma="重大" pos="ADJ">重大</instance>
         <wf lemma="な" pos="X">な</wf>
         <wf lemma="過失" pos="X">過失</wf>
         <wf lemma="." pos="X">.</wf>
      </sentence>
      <sentence id="d000.s2092" source="wordnet-japanese">
         <wf lemma="ライト" pos="X">ライト</wf>
         <wf lemma="が" pos="X">が</wf>
         <wf lemma="点滅" pos="X">点滅</wf>
         <wf lemma="し" pos="X">し</wf>
         <wf lemma="て" pos="X">て</wf>
         <instance id="d000.s2092.t000" lemma="瞬く" pos="VERB">瞬い</instance>
         <wf lemma="て" pos="X">て</wf>
         <wf lemma="い" pos="X">い</wf>
         <wf lemma="た" pos="X">た</wf>
         <wf lemma="." pos="X">.</wf>
      </sentence>
      <sentence id="d000.s2093" source="wordnet-japanese">
         <wf lemma="軍備" pos="X">軍備</wf>
         <wf lemma="競争" pos="X">競争</wf>
         <wf lemma="の" pos="X">の</wf>
         <instance id="d000.s2093.t000" lemma="停止" pos="NOUN">停止</instance>
         <wf lemma="." pos="X">.</wf>
      </sentence>
      <sentence id="d000.s2094" source="wordnet-japanese">
         <wf lemma="食物" pos="X">食物</wf>
         <wf lemma="を" pos="X">を</wf>
         <wf lemma="保存" pos="X">保存</wf>
         <wf lemma="する" pos="X">する</wf>
         <wf lemma="ため" pos="X">ため</wf>
         <wf lemma="に" pos="X">に</wf>
         <wf lemma="、" pos="X">、</wf>
         <wf lemma="ビニール" pos="X">ビニール</wf>
         <wf lemma="袋" pos="X">袋</wf>
         <wf lemma="を" pos="X">を</wf>
         <instance id="d000.s2094.t000" lemma="使う" pos="VERB">使う</instance>
         <wf lemma="." pos="X">.</wf>
      </sentence>
      <sentence id="d000.s2095" source="wordnet-japanese">
         <instance id="d000.s2095.t000" lemma="続く" pos="ADJ">続い</instance>
         <wf lemma="た" pos="X">た</wf>
         <wf lemma="出来事" pos="X">出来事</wf>
         <wf lemma="が" pos="X">が</wf>
         <wf lemma="その" pos="X">その</wf>
         <wf lemma="予測" pos="X">予測</wf>
         <wf lemma="を" pos="X">を</wf>
         <wf lemma="確認" pos="X">確認</wf>
         <wf lemma="し" pos="X">し</wf>
         <wf lemma="た" pos="X">た</wf>
         <wf lemma="." pos="X">.</wf>
      </sentence>
      <sentence id="d000.s2096" source="wordnet-japanese">
         <wf lemma="問題" pos="X">問題</wf>
         <wf lemma="に対する" pos="X">に対する</wf>
         <instance id="d000.s2096.t000" lemma="健全" pos="ADJ">健全</instance>
         <wf lemma="な" pos="X">な</wf>
         <wf lemma="取り組み" pos="X">取り組み</wf>
         <wf lemma="." pos="X">.</wf>
      </sentence>
      <sentence id="d000.s2097" source="wordnet-japanese">
         <instance id="d000.s2097.t000" lemma="間接的" pos="ADJ">間接的</instance>
         <wf lemma="な" pos="X">な</wf>
         <wf lemma="証拠" pos="X">証拠</wf>
         <wf lemma="." pos="X">.</wf>
      </sentence>
      <sentence id="d000.s2098" source="wordnet-japanese">
         <wf lemma="彼" pos="X">彼</wf>
         <wf lemma="の" pos="X">の</wf>
         <instance id="d000.s2098.t000" lemma="怠慢" pos="NOUN">怠慢</instance>
         <wf lemma="は" pos="X">は</wf>
         <wf lemma="、" pos="X">、</wf>
         <wf lemma="本当に" pos="X">本当に</wf>
         <wf lemma="犯罪" pos="X">犯罪</wf>
         <wf lemma="を" pos="X">を</wf>
         <wf lemma="意図" pos="X">意図</wf>
         <wf lemma="し" pos="X">し</wf>
         <wf lemma="なかっ" pos="X">なかっ</wf>
         <wf lemma="た" pos="X">た</wf>
         <wf lemma="." pos="X">.</wf>
      </sentence>
      <sentence id="d000.s2099" source="wordnet-japanese">
         <instance id="d000.s2099.t000" lemma="目的" pos="NOUN">目的</instance>
         <wf lemma="が" pos="X">が</wf>
         <wf lemma="手段" pos="X">手段</wf>
         <wf lemma="を" pos="X">を</wf>
         <wf lemma="正当化" pos="X">正当化</wf>
         <wf lemma="する" pos="X">する</wf>
         <wf lemma="." pos="X">.</wf>
      </sentence>
      <sentence id="d000.s2100" source="wordnet-japanese">
         <wf lemma="スピーカー" pos="X">スピーカー</wf>
         <wf lemma="に" pos="X">に</wf>
         <wf lemma="質問" pos="X">質問</wf>
         <wf lemma="を" pos="X">を</wf>
         <instance id="d000.s2100.t000" lemma="浴びせる" pos="VERB">浴びせ</instance>
         <wf lemma="かける" pos="X">かける</wf>
         <wf lemma="." pos="X">.</wf>
      </sentence>
      <sentence id="d000.s2101" source="wordnet-japanese">
         <instance id="d000.s2101.t000" lemma="近い" pos="ADJ">近い</instance>
         <wf lemma="親権" pos="X">親権</wf>
         <wf lemma="の" pos="X">の</wf>
         <wf lemma="下" pos="X">下</wf>
         <wf lemma="で" pos="X">で</wf>
         <wf lemma="保護" pos="X">保護</wf>
         <wf lemma="さ" pos="X">さ</wf>
         <wf lemma="れる" pos="X">れる</wf>
         <wf lemma="." pos="X">.</wf>
      </sentence>
      <sentence id="d000.s2102" source="wordnet-japanese">
         <wf lemma="2" pos="X">2</wf>
         <wf lemma="年間" pos="X">年間</wf>
         <instance id="d000.s2102.t000" lemma="有効" pos="ADJ">有効</instance>
         <wf lemma="な" pos="X">な</wf>
         <wf lemma="保証" pos="X">保証</wf>
         <wf lemma="." pos="X">.</wf>
      </sentence>
      <sentence id="d000.s2103" source="wordnet-japanese">
         <wf lemma="彼" pos="X">彼</wf>
         <wf lemma="は" pos="X">は</wf>
         <wf lemma="その" pos="X">その</wf>
         <wf lemma="提案" pos="X">提案</wf>
         <wf lemma="に関する" pos="X">に関する</wf>
         <wf lemma="さらに" pos="X">さらに</wf>
         <wf lemma="詳しい" pos="X">詳しい</wf>
         <instance id="d000.s2103.t000" lemma="注釈" pos="NOUN">注釈</instance>
         <wf lemma="を" pos="X">を</wf>
         <wf lemma="書い" pos="X">書い</wf>
         <wf lemma="た" pos="X">た</wf>
         <wf lemma="." pos="X">.</wf>
      </sentence>
      <sentence id="d000.s2104" source="wordnet-japanese">
         <wf lemma="彼" pos="X">彼</wf>
         <wf lemma="の" pos="X">の</wf>
         <wf lemma="態度" pos="X">態度</wf>
         <wf lemma="の" pos="X">の</wf>
         <wf lemma="すべて" pos="X">すべて</wf>
         <wf lemma="が" pos="X">が</wf>
         <instance id="d000.s2104.t000" lemma="微妙" pos="ADJ">微妙</instance>
         <wf lemma="に" pos="X">に</wf>
         <wf lemma="変化" pos="X">変化</wf>
         <wf lemma="し" pos="X">し</wf>
         <wf lemma="た" pos="X">た</wf>
         <wf lemma="." pos="X">.</wf>
      </sentence>
      <sentence id="d000.s2105" source="wordnet-japanese">
         <wf lemma="詐欺師" pos="X">詐欺師</wf>
         <wf lemma="は" pos="X">は</wf>
         <wf lemma="オリジナル" pos="X">オリジナル</wf>
         <wf lemma="を" pos="X">を</wf>
         <wf lemma="偽物" pos="X">偽物</wf>
         <wf lemma="の" pos="X">の</wf>
         <wf lemma="レンブラント" pos="X">レンブラント</wf>
         <wf lemma="の" pos="X">の</wf>
         <wf lemma="絵" pos="X">絵</wf>
         <wf lemma="に" pos="X">に</wf>
         <instance id="d000.s2105.t000" lemma="取り替える" pos="VERB">取り替え</instance>
         <wf lemma="た" pos="X">た</wf>
         <wf lemma="." pos="X">.</wf>
      </sentence>
      <sentence id="d000.s2106" source="wordnet-japanese">
         <wf lemma="時計" pos="X">時計</wf>
         <wf lemma="の" pos="X">の</wf>
         <wf lemma="針" pos="X">針</wf>
         <wf lemma="の" pos="X">の</wf>
         <instance id="d000.s2106.t000" lemma="位置" pos="NOUN">位置</instance>
         <wf lemma="." pos="X">.</wf>
      </sentence>
      <sentence id="d000.s2107" source="wordnet-japanese">
         <wf lemma="織物" pos="X">織物</wf>
         <wf lemma="は" pos="X">は</wf>
         <instance id="d000.s2107.t000" lemma="伸びる" pos="VERB">伸びる</instance>
         <wf lemma="." pos="X">.</wf>
      </sentence>
      <sentence id="d000.s2108" source="wordnet-japanese">
         <instance id="d000.s2108.t000" lemma="全国的" pos="ADJ">全国的</instance>
         <wf lemma="な" pos="X">な</wf>
         <wf lemma="目印" pos="X">目印</wf>
         <wf lemma="." pos="X">.</wf>
      </sentence>
      <sentence id="d000.s2109" source="wordnet-japanese">
         <wf lemma="彼" pos="X">彼</wf>
         <wf lemma="の" pos="X">の</wf>
         <wf lemma="血圧" pos="X">血圧</wf>
         <wf lemma="は" pos="X">は</wf>
         <instance id="d000.s2109.t000" lemma="異常" pos="ADV">異常</instance>
         <wf lemma="に" pos="X">に</wf>
         <wf lemma="低かっ" pos="X">低かっ</wf>
         <wf lemma="た" pos="X">た</wf>
         <wf lemma="." pos="X">.</wf>
      </sentence>
      <sentence id="d000.s2110" source="wordnet-japanese">
         <instance id="d000.s2110.t000" lemma="創造的" pos="ADJ">創造的</instance>
         <wf lemma="な" pos="X">な</wf>
         <wf lemma="仕事" pos="X">仕事</wf>
         <wf lemma="." pos="X">.</wf>
      </sentence>
      <sentence id="d000.s2111" source="wordnet-japanese">
         <wf lemma="大きい" pos="X">大きい</wf>
         <wf lemma="地図" pos="X">地図</wf>
         <wf lemma="を" pos="X">を</wf>
         <instance id="d000.s2111.t000" lemma="伸ばす" pos="VERB">伸ばす</instance>
         <wf lemma="." pos="X">.</wf>
      </sentence>
      <sentence id="d000.s2112" source="wordnet-japanese">
         <wf lemma="食器" pos="X">食器</wf>
         <wf lemma="洗い" pos="X">洗い</wf>
         <wf lemma="機" pos="X">機</wf>
         <wf lemma="を" pos="X">を</wf>
         <instance id="d000.s2112.t000" lemma="動かす" pos="VERB">動かす</instance>
         <wf lemma="." pos="X">.</wf>
      </sentence>
      <sentence id="d000.s2113" source="wordnet-japanese">
         <wf lemma="彼女" pos="X">彼女</wf>
         <wf lemma="の" pos="X">の</wf>
         <wf lemma="背後" pos="X">背後</wf>
         <wf lemma="に" pos="X">に</wf>
         <instance id="d000.s2113.t000" lemma="心配" pos="ADJ">心配</instance>
         <wf lemma="そうな" pos="X">そうな</wf>
         <wf lemma="視線" pos="X">視線</wf>
         <wf lemma="を" pos="X">を</wf>
         <wf lemma="送る" pos="X">送る</wf>
         <wf lemma="." pos="X">.</wf>
      </sentence>
      <sentence id="d000.s2114" source="wordnet-japanese">
         <instance id="d000.s2114.t000" lemma="派生的" pos="ADJ">派生的</instance>
         <wf lemma="な" pos="X">な</wf>
         <wf lemma="プロセス" pos="X">プロセス</wf>
         <wf lemma="." pos="X">.</wf>
      </sentence>
      <sentence id="d000.s2115" source="wordnet-japanese">
         <wf lemma="地球" pos="X">地球</wf>
         <wf lemma="は" pos="X">は</wf>
         <wf lemma="太陽" pos="X">太陽</wf>
         <wf lemma="の" pos="X">の</wf>
         <wf lemma="周囲" pos="X">周囲</wf>
         <wf lemma="を" pos="X">を</wf>
         <instance id="d000.s2115.t000" lemma="回る" pos="VERB">回る</instance>
         <wf lemma="." pos="X">.</wf>
      </sentence>
      <sentence id="d000.s2116" source="wordnet-japanese">
         <wf lemma="彼" pos="X">彼</wf>
         <wf lemma="は" pos="X">は</wf>
         <instance id="d000.s2116.t000" lemma="鉄道" pos="NOUN">鉄道</instance>
         <wf lemma="の" pos="X">の</wf>
         <wf lemma="安全性" pos="X">安全性</wf>
         <wf lemma="を" pos="X">を</wf>
         <wf lemma="気づかっ" pos="X">気づかっ</wf>
         <wf lemma="た" pos="X">た</wf>
         <wf lemma="." pos="X">.</wf>
      </sentence>
      <sentence id="d000.s2117" source="wordnet-japanese">
         <instance id="d000.s2117.t000" lemma="衝動的" pos="ADJ">衝動的</instance>
         <wf lemma="な" pos="X">な</wf>
         <wf lemma="愛情" pos="X">愛情</wf>
         <wf lemma="の" pos="X">の</wf>
         <wf lemma="意思" pos="X">意思</wf>
         <wf lemma="表示" pos="X">表示</wf>
         <wf lemma="." pos="X">.</wf>
      </sentence>
      <sentence id="d000.s2118" source="wordnet-japanese">
         <wf lemma="その" pos="X">その</wf>
         <wf lemma="絵" pos="X">絵</wf>
         <wf lemma="を" pos="X">を</wf>
         <wf lemma="壁" pos="X">壁</wf>
         <wf lemma="に" pos="X">に</wf>
         <instance id="d000.s2118.t000" lemma="掛ける" pos="VERB">掛ける</instance>
         <wf lemma="." pos="X">.</wf>
      </sentence>
      <sentence id="d000.s2119" source="wordnet-japanese">
         <instance id="d000.s2119.t000" lemma="重い" pos="ADJ">重い</instance>
         <wf lemma="パッケージ" pos="X">パッケージ</wf>
         <wf lemma="." pos="X">.</wf>
      </sentence>
      <sentence id="d000.s2120" source="wordnet-japanese">
         <instance id="d000.s2120.t000" lemma="冒頭" pos="NOUN">冒頭</instance>
         <wf lemma="は" pos="X">は</wf>
         <wf lemma="、" pos="X">、</wf>
         <wf lemma="基本的" pos="X">基本的</wf>
         <wf lemma="な" pos="X">な</wf>
         <wf lemma="テーマ" pos="X">テーマ</wf>
         <wf lemma="を" pos="X">を</wf>
         <wf lemma="確立" pos="X">確立</wf>
         <wf lemma="し" pos="X">し</wf>
         <wf lemma="た" pos="X">た</wf>
         <wf lemma="." pos="X">.</wf>
      </sentence>
      <sentence id="d000.s2121" source="wordnet-japanese">
         <wf lemma="彼女" pos="X">彼女</wf>
         <wf lemma="の" pos="X">の</wf>
         <wf lemma="身振り" pos="X">身振り</wf>
         <wf lemma="と" pos="X">と</wf>
         <wf lemma="態度" pos="X">態度</wf>
         <wf lemma="は" pos="X">は</wf>
         <wf lemma="さらに" pos="X">さらに</wf>
         <wf lemma="奔放" pos="X">奔放</wf>
         <wf lemma="で" pos="X">で</wf>
         <instance id="d000.s2121.t000" lemma="挑発的" pos="ADJ">挑発的</instance>
         <wf lemma="に" pos="X">に</wf>
         <wf lemma="なっ" pos="X">なっ</wf>
         <wf lemma="た" pos="X">た</wf>
         <wf lemma="." pos="X">.</wf>
      </sentence>
      <sentence id="d000.s2122" source="wordnet-japanese">
         <wf lemma="共産主義" pos="X">共産主義</wf>
         <wf lemma="の" pos="X">の</wf>
         <wf lemma="最後" pos="X">最後</wf>
         <wf lemma="の" pos="X">の</wf>
         <instance id="d000.s2122.t000" lemma="砦" pos="NOUN">砦</instance>
         <wf lemma="." pos="X">.</wf>
      </sentence>
      <sentence id="d000.s2123" source="wordnet-japanese">
         <wf lemma="彼" pos="X">彼</wf>
         <wf lemma="は" pos="X">は</wf>
         <instance id="d000.s2123.t000" lemma="表題" pos="NOUN">表題</instance>
         <wf lemma="に" pos="X">に</wf>
         <wf lemma="`jazz" pos="X">`jazz</wf>
         <wf lemma="'" pos="X">'</wf>
         <wf lemma="という" pos="X">という</wf>
         <wf lemma="言葉" pos="X">言葉</wf>
         <wf lemma="が" pos="X">が</wf>
         <wf lemma="ある" pos="X">ある</wf>
         <wf lemma="本" pos="X">本</wf>
         <wf lemma="を" pos="X">を</wf>
         <wf lemma="探し" pos="X">探し</wf>
         <wf lemma="た" pos="X">た</wf>
         <wf lemma="." pos="X">.</wf>
      </sentence>
      <sentence id="d000.s2124" source="wordnet-japanese">
         <wf lemma="彼" pos="X">彼</wf>
         <wf lemma="は" pos="X">は</wf>
         <wf lemma="私" pos="X">私</wf>
         <wf lemma="の" pos="X">の</wf>
         <wf lemma="活動" pos="X">活動</wf>
         <instance id="d000.s2124.t000" lemma="範囲" pos="NOUN">範囲</instance>
         <wf lemma="の" pos="X">の</wf>
         <wf lemma="外" pos="X">外</wf>
         <wf lemma="に" pos="X">に</wf>
         <wf lemma="いる" pos="X">いる</wf>
         <wf lemma="." pos="X">.</wf>
      </sentence>
      <sentence id="d000.s2125" source="wordnet-japanese">
         <wf lemma="顕微鏡" pos="X">顕微鏡</wf>
         <wf lemma="で" pos="X">で</wf>
         <instance id="d000.s2125.t000" lemma="はっきり" pos="ADV">はっきり</instance>
         <wf lemma="と" pos="X">と</wf>
         <wf lemma="確認" pos="X">確認</wf>
         <wf lemma="でき" pos="X">でき</wf>
         <wf lemma="た" pos="X">た</wf>
         <wf lemma="." pos="X">.</wf>
      </sentence>
      <sentence id="d000.s2126" source="wordnet-japanese">
         <wf lemma="もし" pos="X">もし</wf>
         <instance id="d000.s2126.t000" lemma="不運" pos="NOUN">不運</instance>
         <wf lemma="が" pos="X">が</wf>
         <wf lemma="ない" pos="X">ない</wf>
         <wf lemma="という" pos="X">という</wf>
         <wf lemma="こと" pos="X">こと</wf>
         <wf lemma="は" pos="X">は</wf>
         <wf lemma="、" pos="X">、</wf>
         <wf lemma="幸運" pos="X">幸運</wf>
         <wf lemma="も" pos="X">も</wf>
         <wf lemma="全く" pos="X">全く</wf>
         <wf lemma="ない" pos="X">ない</wf>
         <wf lemma="という" pos="X">という</wf>
         <wf lemma="こと" pos="X">こと</wf>
         <wf lemma="だろ" pos="X">だろ</wf>
         <wf lemma="う" pos="X">う</wf>
         <wf lemma="." pos="X">.</wf>
      </sentence>
      <sentence id="d000.s2127" source="wordnet-japanese">
         <wf lemma="動詞" pos="X">動詞</wf>
         <wf lemma="の" pos="X">の</wf>
         <instance id="d000.s2127.t000" lemma="目的語" pos="NOUN">目的語</instance>
         <wf lemma="." pos="X">.</wf>
      </sentence>
      <sentence id="d000.s2128" source="wordnet-japanese">
         <wf lemma="その" pos="X">その</wf>
         <wf lemma="予定表" pos="X">予定表</wf>
         <wf lemma="の" pos="X">の</wf>
         <wf lemma="主要" pos="X">主要</wf>
         <instance id="d000.s2128.t000" lemma="事項" pos="NOUN">事項</instance>
         <wf lemma="は" pos="X">は</wf>
         <wf lemma="最初" pos="X">最初</wf>
         <wf lemma="に" pos="X">に</wf>
         <wf lemma="始め" pos="X">始め</wf>
         <wf lemma="られ" pos="X">られ</wf>
         <wf lemma="た" pos="X">た</wf>
         <wf lemma="." pos="X">.</wf>
      </sentence>
      <sentence id="d000.s2129" source="wordnet-japanese">
         <wf lemma="いたずら" pos="X">いたずら</wf>
         <wf lemma="と" pos="X">と</wf>
         <wf lemma="失態" pos="X">失態</wf>
         <wf lemma="の" pos="X">の</wf>
         <wf lemma="連続" pos="X">連続</wf>
         <wf lemma="で" pos="X">で</wf>
         <instance id="d000.s2129.t000" lemma="面白い" pos="ADJ">面白い</instance>
         <wf lemma="映画" pos="X">映画</wf>
         <wf lemma="." pos="X">.</wf>
      </sentence>
      <sentence id="d000.s2130" source="wordnet-japanese">
         <wf lemma="彼女" pos="X">彼女</wf>
         <wf lemma="の" pos="X">の</wf>
         <instance id="d000.s2130.t000" lemma="階層的" pos="ADJ">階層的</instance>
         <wf lemma="な" pos="X">な</wf>
         <wf lemma="価値" pos="X">価値</wf>
         <wf lemma="観" pos="X">観</wf>
         <wf lemma="の" pos="X">の</wf>
         <wf lemma="中" pos="X">中</wf>
         <wf lemma="で" pos="X">で</wf>
         <wf lemma="、" pos="X">、</wf>
         <wf lemma="誠実" pos="X">誠実</wf>
         <wf lemma="さ" pos="X">さ</wf>
         <wf lemma="が" pos="X">が</wf>
         <wf lemma="一番" pos="X">一番</wf>
         <wf lemma="大切" pos="X">大切</wf>
         <wf lemma="である" pos="X">である</wf>
         <wf lemma="." pos="X">.</wf>
      </sentence>
      <sentence id="d000.s2131" source="wordnet-japanese">
         <wf lemma="その" pos="X">その</wf>
         <wf lemma="部屋" pos="X">部屋</wf>
         <wf lemma="に" pos="X">に</wf>
         <wf lemma="は" pos="X">は</wf>
         <instance id="d000.s2131.t000" lemma="家具" pos="NOUN">家具</instance>
         <wf lemma="が" pos="X">が</wf>
         <wf lemma="1" pos="X">1</wf>
         <wf lemma="つ" pos="X">つ</wf>
         <wf lemma="しか" pos="X">しか</wf>
         <wf lemma="なかっ" pos="X">なかっ</wf>
         <wf lemma="た" pos="X">た</wf>
         <wf lemma="." pos="X">.</wf>
      </sentence>
      <sentence id="d000.s2132" source="wordnet-japanese">
         <instance id="d000.s2132.t000" lemma="二次的" pos="ADV">二次的</instance>
         <wf lemma="に" pos="X">に</wf>
         <wf lemma="影響" pos="X">影響</wf>
         <wf lemma="さ" pos="X">さ</wf>
         <wf lemma="れる" pos="X">れる</wf>
         <wf lemma="." pos="X">.</wf>
      </sentence>
      <sentence id="d000.s2133" source="wordnet-japanese">
         <wf lemma="その" pos="X">その</wf>
         <wf lemma="地域" pos="X">地域</wf>
         <wf lemma="の" pos="X">の</wf>
         <wf lemma="貧困" pos="X">貧困</wf>
         <wf lemma="は" pos="X">は</wf>
         <wf lemma="よい" pos="X">よい</wf>
         <wf lemma="教育" pos="X">教育</wf>
         <wf lemma="の" pos="X">の</wf>
         <instance id="d000.s2133.t000" lemma="支障" pos="NOUN">支障</instance>
         <wf lemma="と" pos="X">と</wf>
         <wf lemma="なっ" pos="X">なっ</wf>
         <wf lemma="て" pos="X">て</wf>
         <wf lemma="いる" pos="X">いる</wf>
         <wf lemma="." pos="X">.</wf>
      </sentence>
      <sentence id="d000.s2134" source="wordnet-japanese">
         <wf lemma="何" pos="X">何</wf>
         <wf lemma="百" pos="X">百</wf>
         <wf lemma="人" pos="X">人</wf>
         <wf lemma="も" pos="X">も</wf>
         <wf lemma="の" pos="X">の</wf>
         <wf lemma="人々" pos="X">人々</wf>
         <wf lemma="が" pos="X">が</wf>
         <wf lemma="彼" pos="X">彼</wf>
         <wf lemma="の" pos="X">の</wf>
         <instance id="d000.s2134.t000" lemma="葬儀" pos="NOUN">葬儀</instance>
         <wf lemma="に" pos="X">に</wf>
         <wf lemma="出席" pos="X">出席</wf>
         <wf lemma="し" pos="X">し</wf>
         <wf lemma="た" pos="X">た</wf>
         <wf lemma="." pos="X">.</wf>
      </sentence>
      <sentence id="d000.s2135" source="wordnet-japanese">
         <wf lemma="彼ら" pos="X">彼ら</wf>
         <wf lemma="が" pos="X">が</wf>
         <wf lemma="エデン" pos="X">エデン</wf>
         <wf lemma="の" pos="X">の</wf>
         <wf lemma="園" pos="X">園</wf>
         <wf lemma="で" pos="X">で</wf>
         <wf lemma="禁断" pos="X">禁断</wf>
         <wf lemma="の" pos="X">の</wf>
         <wf lemma="木" pos="X">木</wf>
         <wf lemma="の" pos="X">の</wf>
         <wf lemma="実" pos="X">実</wf>
         <wf lemma="を" pos="X">を</wf>
         <wf lemma="食べ" pos="X">食べ</wf>
         <wf lemma="た" pos="X">た</wf>
         <wf lemma="とき" pos="X">とき</wf>
         <wf lemma="、" pos="X">、</wf>
         <wf lemma="アダム" pos="X">アダム</wf>
         <wf lemma="と" pos="X">と</wf>
         <wf lemma="イブ" pos="X">イブ</wf>
         <wf lemma="は" pos="X">は</wf>
         <instance id="d000.s2135.t000" lemma="原罪" pos="NOUN">原罪</instance>
         <wf lemma="を" pos="X">を</wf>
         <wf lemma="遂行" pos="X">遂行</wf>
         <wf lemma="し" pos="X">し</wf>
         <wf lemma="た" pos="X">た</wf>
         <wf lemma="." pos="X">.</wf>
      </sentence>
      <sentence id="d000.s2136" source="wordnet-japanese">
         <wf lemma="彼" pos="X">彼</wf>
         <wf lemma="は" pos="X">は</wf>
         <wf lemma="、" pos="X">、</wf>
         <instance id="d000.s2136.t000" lemma="好ましい" pos="ADJ">好ましい</instance>
         <wf lemma="評価" pos="X">評価</wf>
         <wf lemma="を" pos="X">を</wf>
         <wf lemma="受け" pos="X">受け</wf>
         <wf lemma="た" pos="X">た</wf>
         <wf lemma="." pos="X">.</wf>
      </sentence>
      <sentence id="d000.s2137" source="wordnet-japanese">
         <instance id="d000.s2137.t000" lemma="多才" pos="ADJ">多才</instance>
         <wf lemma="な" pos="X">な</wf>
         <wf lemma="作家" pos="X">作家</wf>
         <wf lemma="." pos="X">.</wf>
      </sentence>
      <sentence id="d000.s2138" source="wordnet-japanese">
         <wf lemma="日曜日" pos="X">日曜日</wf>
         <wf lemma="に" pos="X">に</wf>
         <wf lemma="彼ら" pos="X">彼ら</wf>
         <wf lemma="は" pos="X">は</wf>
         <wf lemma="教会" pos="X">教会</wf>
         <wf lemma="から" pos="X">から</wf>
         <wf lemma="帰る" pos="X">帰る</wf>
         <wf lemma="と" pos="X">と</wf>
         <wf lemma="大きな" pos="X">大きな</wf>
         <instance id="d000.s2138.t000" lemma="夕食" pos="NOUN">夕食</instance>
         <wf lemma="を" pos="X">を</wf>
         <wf lemma="とっ" pos="X">とっ</wf>
         <wf lemma="た" pos="X">た</wf>
         <wf lemma="." pos="X">.</wf>
      </sentence>
      <sentence id="d000.s2139" source="wordnet-japanese">
         <wf lemma="彼" pos="X">彼</wf>
         <wf lemma="の" pos="X">の</wf>
         <wf lemma="死" pos="X">死</wf>
         <wf lemma="は" pos="X">は</wf>
         <wf lemma="その" pos="X">その</wf>
         <wf lemma="時代" pos="X">時代</wf>
         <wf lemma="の" pos="X">の</wf>
         <instance id="d000.s2139.t000" lemma="終わり" pos="NOUN">終わり</instance>
         <wf lemma="を" pos="X">を</wf>
         <wf lemma="告げ" pos="X">告げ</wf>
         <wf lemma="た" pos="X">た</wf>
         <wf lemma="." pos="X">.</wf>
      </sentence>
      <sentence id="d000.s2140" source="wordnet-japanese">
         <instance id="d000.s2140.t000" lemma="おざなり" pos="ADJ">おざなり</instance>
         <wf lemma="な" pos="X">な</wf>
         <wf lemma="礼儀" pos="X">礼儀</wf>
         <wf lemma="." pos="X">.</wf>
      </sentence>
      <sentence id="d000.s2141" source="wordnet-japanese">
         <wf lemma="その" pos="X">その</wf>
         <wf lemma="会社" pos="X">会社</wf>
         <wf lemma="は" pos="X">は</wf>
         <wf lemma="エージェント" pos="X">エージェント</wf>
         <wf lemma="の" pos="X">の</wf>
         <wf lemma="うち" pos="X">うち</wf>
         <wf lemma="の" pos="X">の</wf>
         <wf lemma="いくつか" pos="X">いくつか</wf>
         <wf lemma="を" pos="X">を</wf>
         <wf lemma="ロサンゼルス" pos="X">ロサンゼルス</wf>
         <wf lemma="に" pos="X">に</wf>
         <instance id="d000.s2141.t000" lemma="置く" pos="VERB">置い</instance>
         <wf lemma="た" pos="X">た</wf>
         <wf lemma="." pos="X">.</wf>
      </sentence>
      <sentence id="d000.s2142" source="wordnet-japanese">
         <wf lemma="自ら" pos="X">自ら</wf>
         <wf lemma="災難" pos="X">災難</wf>
         <wf lemma="を" pos="X">を</wf>
         <instance id="d000.s2142.t000" lemma="招く" pos="VERB">招く</instance>
         <wf lemma="." pos="X">.</wf>
      </sentence>
      <sentence id="d000.s2143" source="wordnet-japanese">
         <wf lemma="王" pos="X">王</wf>
         <wf lemma="の" pos="X">の</wf>
         <wf lemma="タイトル" pos="X">タイトル</wf>
         <wf lemma="を" pos="X">を</wf>
         <instance id="d000.s2143.t000" lemma="偽る" pos="VERB">偽る</instance>
         <wf lemma="." pos="X">.</wf>
      </sentence>
      <sentence id="d000.s2144" source="wordnet-japanese">
         <wf lemma="彼" pos="X">彼</wf>
         <wf lemma="は" pos="X">は</wf>
         <wf lemma="低木" pos="X">低木</wf>
         <wf lemma="に" pos="X">に</wf>
         <instance id="d000.s2144.t000" lemma="半分" pos="ADV">半分</instance>
         <wf lemma="隠れ" pos="X">隠れ</wf>
         <wf lemma="て" pos="X">て</wf>
         <wf lemma="い" pos="X">い</wf>
         <wf lemma="た" pos="X">た</wf>
         <wf lemma="." pos="X">.</wf>
      </sentence>
      <sentence id="d000.s2145" source="wordnet-japanese">
         <wf lemma="彼" pos="X">彼</wf>
         <wf lemma="は" pos="X">は</wf>
         <wf lemma="、" pos="X">、</wf>
         <wf lemma="会計" pos="X">会計</wf>
         <wf lemma="実務" pos="X">実務</wf>
         <wf lemma="を" pos="X">を</wf>
         <wf lemma="良く" pos="X">良く</wf>
         <instance id="d000.s2145.t000" lemma="把握" pos="NOUN">把握</instance>
         <wf lemma="し" pos="X">し</wf>
         <wf lemma="て" pos="X">て</wf>
         <wf lemma="いる" pos="X">いる</wf>
         <wf lemma="." pos="X">.</wf>
      </sentence>
      <sentence id="d000.s2146" source="wordnet-japanese">
         <wf lemma="彼" pos="X">彼</wf>
         <wf lemma="の" pos="X">の</wf>
         <instance id="d000.s2146.t000" lemma="停止" pos="NOUN">停止</instance>
         <wf lemma="子音" pos="X">子音</wf>
         <wf lemma="は" pos="X">は</wf>
         <wf lemma="帯気音" pos="X">帯気音</wf>
         <wf lemma="と" pos="X">と</wf>
         <wf lemma="し" pos="X">し</wf>
         <wf lemma="て" pos="X">て</wf>
         <wf lemma="発音" pos="X">発音</wf>
         <wf lemma="さ" pos="X">さ</wf>
         <wf lemma="れる" pos="X">れる</wf>
         <wf lemma="." pos="X">.</wf>
      </sentence>
      <sentence id="d000.s2147" source="wordnet-japanese">
         <wf lemma="私たち" pos="X">私たち</wf>
         <wf lemma="は" pos="X">は</wf>
         <wf lemma="、" pos="X">、</wf>
         <instance id="d000.s2147.t000" lemma="自明" pos="ADJ">自明</instance>
         <wf lemma="の" pos="X">の</wf>
         <wf lemma="ため" pos="X">ため</wf>
         <wf lemma="に" pos="X">に</wf>
         <wf lemma="これら" pos="X">これら</wf>
         <wf lemma="の" pos="X">の</wf>
         <wf lemma="真実" pos="X">真実</wf>
         <wf lemma="を" pos="X">を</wf>
         <wf lemma="つかん" pos="X">つかん</wf>
         <wf lemma="で" pos="X">で</wf>
         <wf lemma="いる" pos="X">いる</wf>
         <wf lemma="." pos="X">.</wf>
      </sentence>
      <sentence id="d000.s2148" source="wordnet-japanese">
         <wf lemma="ゴミ" pos="X">ゴミ</wf>
         <wf lemma="を" pos="X">を</wf>
         <instance id="d000.s2148.t000" lemma="燃やす" pos="VERB">燃やし</instance>
         <wf lemma="て" pos="X">て</wf>
         <wf lemma="ください" pos="X">ください</wf>
         <wf lemma="." pos="X">.</wf>
      </sentence>
      <sentence id="d000.s2149" source="wordnet-japanese">
         <instance id="d000.s2149.t000" lemma="大胆" pos="ADJ">大胆</instance>
         <wf lemma="な" pos="X">な</wf>
         <wf lemma="経済" pos="X">経済</wf>
         <wf lemma="の" pos="X">の</wf>
         <wf lemma="リスク" pos="X">リスク</wf>
         <wf lemma="と" pos="X">と</wf>
         <wf lemma="利益" pos="X">利益</wf>
         <wf lemma="." pos="X">.</wf>
      </sentence>
      <sentence id="d000.s2150" source="wordnet-japanese">
         <instance id="d000.s2150.t000" lemma="死体" pos="NOUN">死体</instance>
         <wf lemma="は" pos="X">は</wf>
         <wf lemma="解剖" pos="X">解剖</wf>
         <wf lemma="さ" pos="X">さ</wf>
         <wf lemma="れる" pos="X">れる</wf>
         <wf lemma="予定" pos="X">予定</wf>
         <wf lemma="だっ" pos="X">だっ</wf>
         <wf lemma="た" pos="X">た</wf>
         <wf lemma="." pos="X">.</wf>
      </sentence>
      <sentence id="d000.s2151" source="wordnet-japanese">
         <wf lemma="彼ら" pos="X">彼ら</wf>
         <wf lemma="は" pos="X">は</wf>
         <wf lemma="基地局" pos="X">基地局</wf>
         <wf lemma="の" pos="X">の</wf>
         <wf lemma="信号" pos="X">信号</wf>
         <instance id="d000.s2151.t000" lemma="強度" pos="NOUN">強度</instance>
         <wf lemma="を" pos="X">を</wf>
         <wf lemma="測定" pos="X">測定</wf>
         <wf lemma="し" pos="X">し</wf>
         <wf lemma="た" pos="X">た</wf>
         <wf lemma="." pos="X">.</wf>
      </sentence>
      <sentence id="d000.s2152" source="wordnet-japanese">
         <wf lemma="猟犬" pos="X">猟犬</wf>
         <wf lemma="は" pos="X">は</wf>
         <instance id="d000.s2152.t000" lemma="鼻" pos="NOUN">鼻</instance>
         <wf lemma="が" pos="X">が</wf>
         <wf lemma="利く" pos="X">利く</wf>
         <wf lemma="." pos="X">.</wf>
      </sentence>
      <sentence id="d000.s2153" source="wordnet-japanese">
         <wf lemma="エンジン" pos="X">エンジン</wf>
         <wf lemma="は" pos="X">は</wf>
         <wf lemma="ラック" pos="X">ラック</wf>
         <wf lemma="内" pos="X">内</wf>
         <wf lemma="に" pos="X">に</wf>
         <instance id="d000.s2153.t000" lemma="遊ぶ" pos="VERB">遊ぶ</instance>
         <wf lemma="ホイール" pos="X">ホイール</wf>
         <wf lemma="が" pos="X">が</wf>
         <wf lemma="ある" pos="X">ある</wf>
         <wf lemma="." pos="X">.</wf>
      </sentence>
      <sentence id="d000.s2154" source="wordnet-japanese">
         <wf lemma="私" pos="X">私</wf>
         <wf lemma="は" pos="X">は</wf>
         <wf lemma="海外" pos="X">海外</wf>
         <wf lemma="で" pos="X">で</wf>
         <wf lemma="一年" pos="X">一年</wf>
         <wf lemma="を" pos="X">を</wf>
         <wf lemma="過ごす" pos="X">過ごす</wf>
         <wf lemma="機会" pos="X">機会</wf>
         <wf lemma="を" pos="X">を</wf>
         <instance id="d000.s2154.t000" lemma="逃す" pos="VERB">逃し</instance>
         <wf lemma="た" pos="X">た</wf>
         <wf lemma="." pos="X">.</wf>
      </sentence>
      <sentence id="d000.s2155" source="wordnet-japanese">
         <wf lemma="活動" pos="X">活動</wf>
         <wf lemma="の" pos="X">の</wf>
         <instance id="d000.s2155.t000" lemma="中心" pos="NOUN">中心</instance>
         <wf lemma="は" pos="X">は</wf>
         <wf lemma="分子生物学" pos="X">分子生物学</wf>
         <wf lemma="に" pos="X">に</wf>
         <wf lemma="移っ" pos="X">移っ</wf>
         <wf lemma="た" pos="X">た</wf>
         <wf lemma="." pos="X">.</wf>
      </sentence>
      <sentence id="d000.s2156" source="wordnet-japanese">
         <wf lemma="私" pos="X">私</wf>
         <wf lemma="は" pos="X">は</wf>
         <wf lemma="栓抜き" pos="X">栓抜き</wf>
         <wf lemma="と" pos="X">と</wf>
         <wf lemma="し" pos="X">し</wf>
         <wf lemma="て" pos="X">て</wf>
         <wf lemma="役立つ" pos="X">役立つ</wf>
         <wf lemma="この" pos="X">この</wf>
         <wf lemma="小道具" pos="X">小道具</wf>
         <wf lemma="を" pos="X">を</wf>
         <instance id="d000.s2156.t000" lemma="見つける" pos="VERB">見つけ</instance>
         <wf lemma="た" pos="X">た</wf>
         <wf lemma="." pos="X">.</wf>
      </sentence>
      <sentence id="d000.s2157" source="wordnet-japanese">
         <wf lemma="上流" pos="X">上流</wf>
         <wf lemma="階級" pos="X">階級</wf>
         <wf lemma="社会" pos="X">社会</wf>
         <wf lemma="の" pos="X">の</wf>
         <wf lemma="贅沢" pos="X">贅沢</wf>
         <wf lemma="と" pos="X">と</wf>
         <instance id="d000.s2157.t000" lemma="堕落" pos="NOUN">堕落</instance>
         <wf lemma="." pos="X">.</wf>
      </sentence>
      <sentence id="d000.s2158" source="wordnet-japanese">
         <instance id="d000.s2158.t000" lemma="誇らしい" pos="ADJ">誇らしい</instance>
         <wf lemma="王子" pos="X">王子</wf>
         <wf lemma="." pos="X">.</wf>
      </sentence>
      <sentence id="d000.s2159" source="wordnet-japanese">
         <wf lemma="本" pos="X">本</wf>
         <wf lemma="を" pos="X">を</wf>
         <wf lemma="箱" pos="X">箱</wf>
         <wf lemma="に" pos="X">に</wf>
         <instance id="d000.s2159.t000" lemma="詰める" pos="VERB">詰め</instance>
         <wf lemma="て" pos="X">て</wf>
         <wf lemma="ください" pos="X">ください</wf>
         <wf lemma="." pos="X">.</wf>
      </sentence>
      <sentence id="d000.s2160" source="wordnet-japanese">
         <instance id="d000.s2160.t000" lemma="貧しい" pos="ADJ">貧しい</instance>
         <wf lemma="士気" pos="X">士気</wf>
         <wf lemma="." pos="X">.</wf>
      </sentence>
      <sentence id="d000.s2161" source="wordnet-japanese">
         <instance id="d000.s2161.t000" lemma="家庭" pos="NOUN">家庭</instance>
         <wf lemma="と" pos="X">と</wf>
         <wf lemma="は" pos="X">は</wf>
         <wf lemma="愛情" pos="X">愛情</wf>
         <wf lemma="の" pos="X">の</wf>
         <wf lemma="ある" pos="X">ある</wf>
         <wf lemma="場所" pos="X">場所</wf>
         <wf lemma="である" pos="X">である</wf>
         <wf lemma="." pos="X">.</wf>
      </sentence>
      <sentence id="d000.s2162" source="wordnet-japanese">
         <wf lemma="彼" pos="X">彼</wf>
         <wf lemma="は" pos="X">は</wf>
         <wf lemma="金庫" pos="X">金庫</wf>
         <wf lemma="の" pos="X">の</wf>
         <wf lemma="ダイヤル" pos="X">ダイヤル</wf>
         <wf lemma="錠" pos="X">錠</wf>
         <wf lemma="の" pos="X">の</wf>
         <instance id="d000.s2162.t000" lemma="組み合わせ" pos="NOUN">組み合わせ</instance>
         <wf lemma="番号" pos="X">番号</wf>
         <wf lemma="を" pos="X">を</wf>
         <wf lemma="忘れ" pos="X">忘れ</wf>
         <wf lemma="て" pos="X">て</wf>
         <wf lemma="しまっ" pos="X">しまっ</wf>
         <wf lemma="た" pos="X">た</wf>
         <wf lemma="." pos="X">.</wf>
      </sentence>
      <sentence id="d000.s2163" source="wordnet-japanese">
         <instance id="d000.s2163.t000" lemma="油っこい" pos="ADJ">油っこい</instance>
         <wf lemma="フライドポテト" pos="X">フライドポテト</wf>
         <wf lemma="." pos="X">.</wf>
      </sentence>
      <sentence id="d000.s2164" source="wordnet-japanese">
         <wf lemma="その" pos="X">その</wf>
         <wf lemma="星" pos="X">星</wf>
         <wf lemma="は" pos="X">は</wf>
         <wf lemma="彗星" pos="X">彗星</wf>
         <wf lemma="を" pos="X">を</wf>
         <instance id="d000.s2164.t000" lemma="捕らえる" pos="VERB">捕らえ</instance>
         <wf lemma="た" pos="X">た</wf>
         <wf lemma="." pos="X">.</wf>
      </sentence>
      <sentence id="d000.s2165" source="wordnet-japanese">
         <wf lemma="あなた" pos="X">あなた</wf>
         <wf lemma="が" pos="X">が</wf>
         <wf lemma="急ぐ" pos="X">急ぐ</wf>
         <wf lemma="なら" pos="X">なら</wf>
         <wf lemma="ば" pos="X">ば</wf>
         <wf lemma="、" pos="X">、</wf>
         <wf lemma="あなた" pos="X">あなた</wf>
         <wf lemma="は" pos="X">は</wf>
         <instance id="d000.s2165.t000" lemma="郵便" pos="NOUN">郵便</instance>
         <wf lemma="に" pos="X">に</wf>
         <wf lemma="間" pos="X">間</wf>
         <wf lemma="に" pos="X">に</wf>
         <wf lemma="合う" pos="X">合う</wf>
         <wf lemma="だろ" pos="X">だろ</wf>
         <wf lemma="う" pos="X">う</wf>
         <wf lemma="." pos="X">.</wf>
      </sentence>
      <sentence id="d000.s2166" source="wordnet-japanese">
         <instance id="d000.s2166.t000" lemma="有害" pos="ADJ">有害</instance>
         <wf lemma="な" pos="X">な</wf>
         <wf lemma="化学" pos="X">化学</wf>
         <wf lemma="調味料" pos="X">調味料</wf>
         <wf lemma="." pos="X">.</wf>
      </sentence>
      <sentence id="d000.s2167" source="wordnet-japanese">
         <instance id="d000.s2167.t000" lemma="難解" pos="ADJ">難解</instance>
         <wf lemma="な" pos="X">な</wf>
         <wf lemma="哲学理論" pos="X">哲学理論</wf>
         <wf lemma="の" pos="X">の</wf>
         <wf lemma="編集" pos="X">編集</wf>
         <wf lemma="." pos="X">.</wf>
      </sentence>
      <sentence id="d000.s2168" source="wordnet-japanese">
         <wf lemma="思い" pos="X">思い</wf>
         <wf lemma="で" pos="X">で</wf>
         <wf lemma="の" pos="X">の</wf>
         <instance id="d000.s2168.t000" lemma="コラージュ" pos="NOUN">コラージュ</instance>
         <wf lemma="." pos="X">.</wf>
      </sentence>
      <sentence id="d000.s2169" source="wordnet-japanese">
         <wf lemma="彼" pos="X">彼</wf>
         <wf lemma="は" pos="X">は</wf>
         <instance id="d000.s2169.t000" lemma="受動的" pos="ADV">受動的</instance>
         <wf lemma="に" pos="X">に</wf>
         <wf lemma="聞い" pos="X">聞い</wf>
         <wf lemma="た" pos="X">た</wf>
         <wf lemma="." pos="X">.</wf>
      </sentence>
      <sentence id="d000.s2170" source="wordnet-japanese">
         <wf lemma="名誉" pos="X">名誉</wf>
         <wf lemma="の" pos="X">の</wf>
         <instance id="d000.s2170.t000" lemma="精神" pos="NOUN">精神</instance>
         <wf lemma="." pos="X">.</wf>
      </sentence>
      <sentence id="d000.s2171" source="wordnet-japanese">
         <wf lemma="彼" pos="X">彼</wf>
         <wf lemma="は" pos="X">は</wf>
         <instance id="d000.s2171.t000" lemma="ほとんど" pos="ADV">ほとんど</instance>
         <wf lemma="卒倒" pos="X">卒倒</wf>
         <wf lemma="する" pos="X">する</wf>
         <wf lemma="ところ" pos="X">ところ</wf>
         <wf lemma="だっ" pos="X">だっ</wf>
         <wf lemma="た" pos="X">た</wf>
         <wf lemma="." pos="X">.</wf>
      </sentence>
      <sentence id="d000.s2172" source="wordnet-japanese">
         <instance id="d000.s2172.t000" lemma="実用的" pos="ADJ">実用的</instance>
         <wf lemma="な" pos="X">な</wf>
         <wf lemma="スチール" pos="X">スチール</wf>
         <wf lemma="製" pos="X">製</wf>
         <wf lemma="の" pos="X">の</wf>
         <wf lemma="テーブル" pos="X">テーブル</wf>
         <wf lemma="." pos="X">.</wf>
      </sentence>
      <sentence id="d000.s2173" source="wordnet-japanese">
         <instance id="d000.s2173.t000" lemma="深い" pos="ADJ">深い</instance>
         <wf lemma="闇" pos="X">闇</wf>
         <wf lemma="." pos="X">.</wf>
      </sentence>
      <sentence id="d000.s2174" source="wordnet-japanese">
         <wf lemma="宗教" pos="X">宗教</wf>
         <wf lemma="の" pos="X">の</wf>
         <instance id="d000.s2174.t000" lemma="教え" pos="NOUN">教え</instance>
         <wf lemma="." pos="X">.</wf>
      </sentence>
      <sentence id="d000.s2175" source="wordnet-japanese">
         <wf lemma="誰" pos="X">誰</wf>
         <wf lemma="が" pos="X">が</wf>
         <wf lemma="引き金" pos="X">引き金</wf>
         <wf lemma="を" pos="X">を</wf>
         <wf lemma="引い" pos="X">引い</wf>
         <wf lemma="た" pos="X">た</wf>
         <wf lemma="か" pos="X">か</wf>
         <wf lemma="という" pos="X">という</wf>
         <wf lemma="問題" pos="X">問題</wf>
         <wf lemma="が" pos="X">が</wf>
         <instance id="d000.s2175.t000" lemma="残る" pos="VERB">残っ</instance>
         <wf lemma="て" pos="X">て</wf>
         <wf lemma="いる" pos="X">いる</wf>
         <wf lemma="." pos="X">.</wf>
      </sentence>
      <sentence id="d000.s2176" source="wordnet-japanese">
         <wf lemma="船" pos="X">船</wf>
         <wf lemma="は" pos="X">は</wf>
         <instance id="d000.s2176.t000" lemma="揺れる" pos="VERB">揺れ</instance>
         <wf lemma="て" pos="X">て</wf>
         <wf lemma="い" pos="X">い</wf>
         <wf lemma="た" pos="X">た</wf>
         <wf lemma="." pos="X">.</wf>
      </sentence>
      <sentence id="d000.s2177" source="wordnet-japanese">
         <instance id="d000.s2177.t000" lemma="心配" pos="ADJ">心配</instance>
         <wf lemma="し" pos="X">し</wf>
         <wf lemma="て" pos="X">て</wf>
         <wf lemma="いる" pos="X">いる</wf>
         <wf lemma="し" pos="X">し</wf>
         <wf lemma="かめ" pos="X">かめ</wf>
         <wf lemma="面" pos="X">面</wf>
         <wf lemma="." pos="X">.</wf>
      </sentence>
      <sentence id="d000.s2178" source="wordnet-japanese">
         <wf lemma="彼" pos="X">彼</wf>
         <wf lemma="は" pos="X">は</wf>
         <wf lemma="、" pos="X">、</wf>
         <wf lemma="学校" pos="X">学校</wf>
         <wf lemma="が" pos="X">が</wf>
         <wf lemma="単に" pos="X">単に</wf>
         <wf lemma="暗記" pos="X">暗記</wf>
         <wf lemma="および" pos="X">および</wf>
         <instance id="d000.s2178.t000" lemma="逆流" pos="NOUN">逆流</instance>
         <wf lemma="である" pos="X">である</wf>
         <wf lemma="と" pos="X">と</wf>
         <wf lemma="苦情" pos="X">苦情</wf>
         <wf lemma="を" pos="X">を</wf>
         <wf lemma="言っ" pos="X">言っ</wf>
         <wf lemma="た" pos="X">た</wf>
         <wf lemma="." pos="X">.</wf>
      </sentence>
      <sentence id="d000.s2179" source="wordnet-japanese">
         <wf lemma="絵画" pos="X">絵画</wf>
         <wf lemma="は" pos="X">は</wf>
         <wf lemma="、" pos="X">、</wf>
         <wf lemma="空調" pos="X">空調</wf>
         <wf lemma="が" pos="X">が</wf>
         <wf lemma="取り付け" pos="X">取り付け</wf>
         <wf lemma="られ" pos="X">られ</wf>
         <wf lemma="た" pos="X">た</wf>
         <instance id="d000.s2179.t000" lemma="装甲車" pos="NOUN">装甲車</instance>
         <wf lemma="の" pos="X">の</wf>
         <wf lemma="中" pos="X">中</wf>
         <wf lemma="の" pos="X">の</wf>
         <wf lemma="博物館" pos="X">博物館</wf>
         <wf lemma="に" pos="X">に</wf>
         <wf lemma="届け" pos="X">届け</wf>
         <wf lemma="られ" pos="X">られ</wf>
         <wf lemma="た" pos="X">た</wf>
         <wf lemma="." pos="X">.</wf>
      </sentence>
      <sentence id="d000.s2180" source="wordnet-japanese">
         <wf lemma="馬" pos="X">馬</wf>
         <wf lemma="は" pos="X">は</wf>
         <wf lemma="草地" pos="X">草地</wf>
         <wf lemma="の" pos="X">の</wf>
         <wf lemma="向こう" pos="X">向こう</wf>
         <wf lemma="側" pos="X">側</wf>
         <wf lemma="に" pos="X">に</wf>
         <instance id="d000.s2180.t000" lemma="跳ねる" pos="VERB">跳ね</instance>
         <wf lemma="て" pos="X">て</wf>
         <wf lemma="いっ" pos="X">いっ</wf>
         <wf lemma="た" pos="X">た</wf>
         <wf lemma="." pos="X">.</wf>
      </sentence>
      <sentence id="d000.s2181" source="wordnet-japanese">
         <wf lemma="彼" pos="X">彼</wf>
         <wf lemma="が" pos="X">が</wf>
         <wf lemma="書類" pos="X">書類</wf>
         <wf lemma="に" pos="X">に</wf>
         <wf lemma="サイン" pos="X">サイン</wf>
         <wf lemma="し" pos="X">し</wf>
         <wf lemma="た" pos="X">た</wf>
         <wf lemma="とき" pos="X">とき</wf>
         <wf lemma="、" pos="X">、</wf>
         <wf lemma="彼" pos="X">彼</wf>
         <wf lemma="の" pos="X">の</wf>
         <wf lemma="手" pos="X">手</wf>
         <wf lemma="は" pos="X">は</wf>
         <instance id="d000.s2181.t000" lemma="震える" pos="VERB">震え</instance>
         <wf lemma="て" pos="X">て</wf>
         <wf lemma="い" pos="X">い</wf>
         <wf lemma="た" pos="X">た</wf>
         <wf lemma="." pos="X">.</wf>
      </sentence>
      <sentence id="d000.s2182" source="wordnet-japanese">
         <wf lemma="これら" pos="X">これら</wf>
         <wf lemma="の" pos="X">の</wf>
         <wf lemma="心配事" pos="X">心配事</wf>
         <wf lemma="が" pos="X">が</wf>
         <wf lemma="彼" pos="X">彼</wf>
         <wf lemma="を" pos="X">を</wf>
         <instance id="d000.s2182.t000" lemma="引っ張る" pos="VERB">引っ張っ</instance>
         <wf lemma="て" pos="X">て</wf>
         <wf lemma="い" pos="X">い</wf>
         <wf lemma="た" pos="X">た</wf>
         <wf lemma="." pos="X">.</wf>
      </sentence>
      <sentence id="d000.s2183" source="wordnet-japanese">
         <wf lemma="働き" pos="X">働き</wf>
         <instance id="d000.s2183.t000" lemma="続ける" pos="VERB">続け</instance>
         <wf lemma="なさい" pos="X">なさい</wf>
         <wf lemma="！" pos="X">！</wf>
         <wf lemma="." pos="X">.</wf>
      </sentence>
      <sentence id="d000.s2184" source="wordnet-japanese">
         <wf lemma="彼" pos="X">彼</wf>
         <wf lemma="は" pos="X">は</wf>
         <wf lemma="、" pos="X">、</wf>
         <wf lemma="明らか" pos="X">明らか</wf>
         <wf lemma="に" pos="X">に</wf>
         <wf lemma="おぼれ" pos="X">おぼれ</wf>
         <wf lemma="た" pos="X">た</wf>
         <wf lemma="が" pos="X">が</wf>
         <wf lemma="、" pos="X">、</wf>
         <wf lemma="人工" pos="X">人工</wf>
         <wf lemma="呼吸" pos="X">呼吸</wf>
         <wf lemma="によって" pos="X">によって</wf>
         <instance id="d000.s2184.t000" lemma="蘇生" pos="NOUN">蘇生</instance>
         <wf lemma="が" pos="X">が</wf>
         <wf lemma="行わ" pos="X">行わ</wf>
         <wf lemma="れ" pos="X">れ</wf>
         <wf lemma="た" pos="X">た</wf>
         <wf lemma="." pos="X">.</wf>
      </sentence>
      <sentence id="d000.s2185" source="wordnet-japanese">
         <wf lemma="それ" pos="X">それ</wf>
         <wf lemma="ほど" pos="X">ほど</wf>
         <instance id="d000.s2185.t000" lemma="鈍い" pos="ADJ">鈍い</instance>
         <wf lemma="人" pos="X">人</wf>
         <wf lemma="に" pos="X">に</wf>
         <wf lemma="あっ" pos="X">あっ</wf>
         <wf lemma="た" pos="X">た</wf>
         <wf lemma="こと" pos="X">こと</wf>
         <wf lemma="が" pos="X">が</wf>
         <wf lemma="ない" pos="X">ない</wf>
         <wf lemma="." pos="X">.</wf>
      </sentence>
      <sentence id="d000.s2186" source="wordnet-japanese">
         <wf lemma="ダンス" pos="X">ダンス</wf>
         <wf lemma="は" pos="X">は</wf>
         <wf lemma="しばしば" pos="X">しばしば</wf>
         <wf lemma="、" pos="X">、</wf>
         <wf lemma="あから" pos="X">あから</wf>
         <wf lemma="さま" pos="X">さま</wf>
         <wf lemma="に" pos="X">に</wf>
         <instance id="d000.s2186.t000" lemma="猥褻" pos="ADJ">猥褻</instance>
         <wf lemma="に" pos="X">に</wf>
         <wf lemma="なる" pos="X">なる</wf>
         <wf lemma="−" pos="X">−</wf>
         <wf lemma="マーガレット" pos="X">マーガレット</wf>
         <wf lemma="・" pos="X">・</wf>
         <wf lemma="ミード" pos="X">ミード</wf>
         <wf lemma="." pos="X">.</wf>
      </sentence>
      <sentence id="d000.s2187" source="wordnet-japanese">
         <wf lemma="ビル" pos="X">ビル</wf>
         <wf lemma="は" pos="X">は</wf>
         <wf lemma="公園" pos="X">公園</wf>
         <wf lemma="に" pos="X">に</wf>
         <instance id="d000.s2187.t000" lemma="面する" pos="VERB">面し</instance>
         <wf lemma="て" pos="X">て</wf>
         <wf lemma="いる" pos="X">いる</wf>
         <wf lemma="." pos="X">.</wf>
      </sentence>
      <sentence id="d000.s2188" source="wordnet-japanese">
         <wf lemma="彼女" pos="X">彼女</wf>
         <wf lemma="は" pos="X">は</wf>
         <wf lemma="シェークスピア" pos="X">シェークスピア</wf>
         <wf lemma="劇" pos="X">劇</wf>
         <wf lemma="の" pos="X">の</wf>
         <wf lemma="役" pos="X">役</wf>
         <wf lemma="の" pos="X">の</wf>
         <wf lemma="有名" pos="X">有名</wf>
         <wf lemma="な" pos="X">な</wf>
         <instance id="d000.s2188.t000" lemma="解釈者" pos="NOUN">解釈者</instance>
         <wf lemma="だ" pos="X">だ</wf>
         <wf lemma="." pos="X">.</wf>
      </sentence>
      <sentence id="d000.s2189" source="wordnet-japanese">
         <instance id="d000.s2189.t000" lemma="最近" pos="ADV">最近</instance>
         <wf lemma="気分" pos="X">気分</wf>
         <wf lemma="が" pos="X">が</wf>
         <wf lemma="ずっと" pos="X">ずっと</wf>
         <wf lemma="良い" pos="X">良い</wf>
         <wf lemma="." pos="X">.</wf>
      </sentence>
      <sentence id="d000.s2190" source="wordnet-japanese">
         <instance id="d000.s2190.t000" lemma="眠い" pos="ADJ">眠い</instance>
         <wf lemma="と" pos="X">と</wf>
         <wf lemma="感じ" pos="X">感じ</wf>
         <wf lemma="始める" pos="X">始める</wf>
         <wf lemma="こと" pos="X">こと</wf>
         <wf lemma="." pos="X">.</wf>
      </sentence>
      <sentence id="d000.s2191" source="wordnet-japanese">
         <instance id="d000.s2191.t000" lemma="健全" pos="ADJ">健全</instance>
         <wf lemma="な" pos="X">な</wf>
         <wf lemma="経済" pos="X">経済</wf>
         <wf lemma="." pos="X">.</wf>
      </sentence>
      <sentence id="d000.s2192" source="wordnet-japanese">
         <instance id="d000.s2192.t000" lemma="技術的" pos="ADV">技術的</instance>
         <wf lemma="に" pos="X">に</wf>
         <wf lemma="素晴らしい" pos="X">素晴らしい</wf>
         <wf lemma="解決策" pos="X">解決策</wf>
         <wf lemma="." pos="X">.</wf>
      </sentence>
      <sentence id="d000.s2193" source="wordnet-japanese">
         <instance id="d000.s2193.t000" lemma="多量" pos="NOUN">多量</instance>
         <wf lemma="の" pos="X">の</wf>
         <wf lemma="写真" pos="X">写真</wf>
         <wf lemma="の" pos="X">の</wf>
         <wf lemma="中" pos="X">中</wf>
         <wf lemma="で" pos="X">で</wf>
         <wf lemma="残り" pos="X">残り</wf>
         <wf lemma="の" pos="X">の</wf>
         <wf lemma="勝者" pos="X">勝者</wf>
         <wf lemma="を" pos="X">を</wf>
         <wf lemma="見る" pos="X">見る</wf>
         <wf lemma="." pos="X">.</wf>
      </sentence>
      <sentence id="d000.s2194" source="wordnet-japanese">
         <wf lemma="その" pos="X">その</wf>
         <wf lemma="部族" pos="X">部族</wf>
         <wf lemma="は" pos="X">は</wf>
         <instance id="d000.s2194.t000" lemma="メサ" pos="NOUN">メサ</instance>
         <wf lemma="の" pos="X">の</wf>
         <wf lemma="上" pos="X">上</wf>
         <wf lemma="で" pos="X">で</wf>
         <wf lemma="は" pos="X">は</wf>
         <wf lemma="比較的" pos="X">比較的</wf>
         <wf lemma="安全" pos="X">安全</wf>
         <wf lemma="だっ" pos="X">だっ</wf>
         <wf lemma="た" pos="X">た</wf>
         <wf lemma="が" pos="X">が</wf>
         <wf lemma="、" pos="X">、</wf>
         <wf lemma="彼ら" pos="X">彼ら</wf>
         <wf lemma="は" pos="X">は</wf>
         <wf lemma="水" pos="X">水</wf>
         <wf lemma="を" pos="X">を</wf>
         <wf lemma="得る" pos="X">得る</wf>
         <wf lemma="ため" pos="X">ため</wf>
         <wf lemma="に" pos="X">に</wf>
         <wf lemma="谷" pos="X">谷</wf>
         <wf lemma="に" pos="X">に</wf>
         <wf lemma="降り" pos="X">降り</wf>
         <wf lemma="なければ" pos="X">なければ</wf>
         <wf lemma="なら" pos="X">なら</wf>
         <wf lemma="なかっ" pos="X">なかっ</wf>
         <wf lemma="た" pos="X">た</wf>
         <wf lemma="." pos="X">.</wf>
      </sentence>
      <sentence id="d000.s2195" source="wordnet-japanese">
         <wf lemma="角度" pos="X">角度</wf>
         <wf lemma="は" pos="X">は</wf>
         <wf lemma="2" pos="X">2</wf>
         <wf lemma="本" pos="X">本</wf>
         <wf lemma="の" pos="X">の</wf>
         <wf lemma="まっすぐ" pos="X">まっすぐ</wf>
         <wf lemma="な" pos="X">な</wf>
         <wf lemma="ライン" pos="X">ライン</wf>
         <wf lemma="の" pos="X">の</wf>
         <instance id="d000.s2195.t000" lemma="分岐" pos="NOUN">分岐</instance>
         <wf lemma="により" pos="X">により</wf>
         <wf lemma="形成" pos="X">形成</wf>
         <wf lemma="さ" pos="X">さ</wf>
         <wf lemma="れる" pos="X">れる</wf>
         <wf lemma="." pos="X">.</wf>
      </sentence>
      <sentence id="d000.s2196" source="wordnet-japanese">
         <wf lemma="その" pos="X">その</wf>
         <wf lemma="出版社" pos="X">出版社</wf>
         <wf lemma="は" pos="X">は</wf>
         <wf lemma="その" pos="X">その</wf>
         <wf lemma="本" pos="X">本</wf>
         <wf lemma="の" pos="X">の</wf>
         <wf lemma="すべて" pos="X">すべて</wf>
         <wf lemma="の" pos="X">の</wf>
         <instance id="d000.s2196.t000" lemma="アートワーク" pos="NOUN">アートワーク</instance>
         <wf lemma="の" pos="X">の</wf>
         <wf lemma="責任" pos="X">責任</wf>
         <wf lemma="が" pos="X">が</wf>
         <wf lemma="あっ" pos="X">あっ</wf>
         <wf lemma="た" pos="X">た</wf>
         <wf lemma="." pos="X">.</wf>
      </sentence>
      <sentence id="d000.s2197" source="wordnet-japanese">
         <instance id="d000.s2197.t000" lemma="醜い" pos="ADJ">醜い</instance>
         <wf lemma="顔" pos="X">顔</wf>
         <wf lemma="." pos="X">.</wf>
      </sentence>
      <sentence id="d000.s2198" source="wordnet-japanese">
         <wf lemma="仕出し" pos="X">仕出し</wf>
         <instance id="d000.s2198.t000" lemma="施設" pos="NOUN">施設</instance>
         <wf lemma="." pos="X">.</wf>
      </sentence>
      <sentence id="d000.s2199" source="wordnet-japanese">
         <wf lemma="ブラシ" pos="X">ブラシ</wf>
         <wf lemma="を" pos="X">を</wf>
         <wf lemma="ペンキ" pos="X">ペンキ</wf>
         <wf lemma="に" pos="X">に</wf>
         <instance id="d000.s2199.t000" lemma="浸す" pos="VERB">浸す</instance>
         <wf lemma="." pos="X">.</wf>
      </sentence>
      <sentence id="d000.s2200" source="wordnet-japanese">
         <wf lemma="それ" pos="X">それ</wf>
         <wf lemma="は" pos="X">は</wf>
         <wf lemma="コマーシャル" pos="X">コマーシャル</wf>
         <wf lemma="の" pos="X">の</wf>
         <instance id="d000.s2200.t000" lemma="中断" pos="NOUN">中断</instance>
         <wf lemma="なし" pos="X">なし</wf>
         <wf lemma="に" pos="X">に</wf>
         <wf lemma="放映" pos="X">放映</wf>
         <wf lemma="さ" pos="X">さ</wf>
         <wf lemma="れ" pos="X">れ</wf>
         <wf lemma="た" pos="X">た</wf>
         <wf lemma="." pos="X">.</wf>
      </sentence>
      <sentence id="d000.s2201" source="wordnet-japanese">
         <wf lemma="我々" pos="X">我々</wf>
         <wf lemma="は" pos="X">は</wf>
         <wf lemma="、" pos="X">、</wf>
         <wf lemma="生命" pos="X">生命</wf>
         <wf lemma="の" pos="X">の</wf>
         <wf lemma="本当" pos="X">本当</wf>
         <wf lemma="の" pos="X">の</wf>
         <wf lemma="意味" pos="X">意味</wf>
         <wf lemma="を" pos="X">を</wf>
         <wf lemma="理解" pos="X">理解</wf>
         <wf lemma="する" pos="X">する</wf>
         <wf lemma="ように" pos="X">ように</wf>
         <instance id="d000.s2201.t000" lemma="なる" pos="VERB">なっ</instance>
         <wf lemma="た" pos="X">た</wf>
         <wf lemma="." pos="X">.</wf>
      </sentence>
      <sentence id="d000.s2202" source="wordnet-japanese">
         <wf lemma="それ" pos="X">それ</wf>
         <wf lemma="は" pos="X">は</wf>
         <wf lemma="彼" pos="X">彼</wf>
         <wf lemma="の" pos="X">の</wf>
         <wf lemma="仮説" pos="X">仮説</wf>
         <wf lemma="が" pos="X">が</wf>
         <wf lemma="真" pos="X">真</wf>
         <wf lemma="である" pos="X">である</wf>
         <wf lemma="という" pos="X">という</wf>
         <wf lemma="強い" pos="X">強い</wf>
         <instance id="d000.s2202.t000" lemma="論拠" pos="NOUN">論拠</instance>
         <wf lemma="であっ" pos="X">であっ</wf>
         <wf lemma="た" pos="X">た</wf>
         <wf lemma="." pos="X">.</wf>
      </sentence>
      <sentence id="d000.s2203" source="wordnet-japanese">
         <instance id="d000.s2203.t000" lemma="遠方" pos="NOUN">遠方</instance>
         <wf lemma="に" pos="X">に</wf>
         <wf lemma="それ" pos="X">それ</wf>
         <wf lemma="が" pos="X">が</wf>
         <wf lemma="見える" pos="X">見える</wf>
         <wf lemma="." pos="X">.</wf>
      </sentence>
      <sentence id="d000.s2204" source="wordnet-japanese">
         <instance id="d000.s2204.t000" lemma="およそ" pos="ADV">およそ</instance>
         <wf lemma="1" pos="X">1</wf>
         <wf lemma="時間" pos="X">時間</wf>
         <wf lemma="続い" pos="X">続い</wf>
         <wf lemma="た" pos="X">た</wf>
         <wf lemma="；" pos="X">；</wf>
         <wf lemma="20" pos="X">20</wf>
         <wf lemma="人" pos="X">人</wf>
         <wf lemma="ほど" pos="X">ほど</wf>
         <wf lemma="は" pos="X">は</wf>
         <wf lemma="パーティー" pos="X">パーティー</wf>
         <wf lemma="に" pos="X">に</wf>
         <wf lemma="い" pos="X">い</wf>
         <wf lemma="た" pos="X">た</wf>
         <wf lemma="." pos="X">.</wf>
      </sentence>
      <sentence id="d000.s2205" source="wordnet-japanese">
         <wf lemma="カナダ" pos="X">カナダ</wf>
         <wf lemma="へ" pos="X">へ</wf>
         <wf lemma="の" pos="X">の</wf>
         <wf lemma="アクセス権" pos="X">アクセス権</wf>
         <wf lemma="と" pos="X">と</wf>
         <wf lemma="の" pos="X">の</wf>
         <instance id="d000.s2205.t000" lemma="一致" pos="NOUN">一致</instance>
         <wf lemma="." pos="X">.</wf>
      </sentence>
      <sentence id="d000.s2206" source="wordnet-japanese">
         <wf lemma="本当" pos="X">本当</wf>
         <wf lemma="の" pos="X">の</wf>
         <instance id="d000.s2206.t000" lemma="男性的" pos="ADJ">男性的</instance>
         <wf lemma="な" pos="X">な</wf>
         <wf lemma="傲慢" pos="X">傲慢</wf>
         <wf lemma="." pos="X">.</wf>
      </sentence>
      <sentence id="d000.s2207" source="wordnet-japanese">
         <instance id="d000.s2207.t000" lemma="健全" pos="ADJ">健全</instance>
         <wf lemma="な" pos="X">な</wf>
         <wf lemma="外観" pos="X">外観</wf>
         <wf lemma="." pos="X">.</wf>
      </sentence>
      <sentence id="d000.s2208" source="wordnet-japanese">
         <instance id="d000.s2208.t000" lemma="平和" pos="ADJ">平和</instance>
         <wf lemma="な" pos="X">な</wf>
         <wf lemma="時" pos="X">時</wf>
         <wf lemma="." pos="X">.</wf>
      </sentence>
      <sentence id="d000.s2209" source="wordnet-japanese">
         <wf lemma="メッセージ" pos="X">メッセージ</wf>
         <wf lemma="を" pos="X">を</wf>
         <instance id="d000.s2209.t000" lemma="消す" pos="VERB">消す</instance>
         <wf lemma="." pos="X">.</wf>
      </sentence>
      <sentence id="d000.s2210" source="wordnet-japanese">
         <wf lemma="その" pos="X">その</wf>
         <wf lemma="証人" pos="X">証人</wf>
         <wf lemma="は" pos="X">は</wf>
         <wf lemma="、" pos="X">、</wf>
         <wf lemma="警察" pos="X">警察</wf>
         <wf lemma="の" pos="X">の</wf>
         <instance id="d000.s2210.t000" lemma="保護" pos="NOUN">保護</instance>
         <wf lemma="を" pos="X">を</wf>
         <wf lemma="要求" pos="X">要求</wf>
         <wf lemma="し" pos="X">し</wf>
         <wf lemma="た" pos="X">た</wf>
         <wf lemma="." pos="X">.</wf>
      </sentence>
      <sentence id="d000.s2211" source="wordnet-japanese">
         <wf lemma="彼ら" pos="X">彼ら</wf>
         <wf lemma="は" pos="X">は</wf>
         <wf lemma="何年" pos="X">何年</wf>
         <wf lemma="もの間" pos="X">もの間</wf>
         <wf lemma="政治的" pos="X">政治的</wf>
         <wf lemma="な" pos="X">な</wf>
         <instance id="d000.s2211.t000" lemma="敵" pos="NOUN">敵</instance>
         <wf lemma="だっ" pos="X">だっ</wf>
         <wf lemma="た" pos="X">た</wf>
         <wf lemma="." pos="X">.</wf>
      </sentence>
      <sentence id="d000.s2212" source="wordnet-japanese">
         <wf lemma="爆弾" pos="X">爆弾</wf>
         <wf lemma="を" pos="X">を</wf>
         <instance id="d000.s2212.t000" lemma="無害" pos="ADJ">無害</instance>
         <wf lemma="し" pos="X">し</wf>
         <wf lemma="た" pos="X">た</wf>
         <wf lemma="." pos="X">.</wf>
      </sentence>
      <sentence id="d000.s2213" source="wordnet-japanese">
         <wf lemma="いかだ" pos="X">いかだ</wf>
         <wf lemma="は" pos="X">は</wf>
         <instance id="d000.s2213.t000" lemma="沈む" pos="VERB">沈み</instance>
         <wf lemma="、" pos="X">、</wf>
         <wf lemma="その" pos="X">その</wf>
         <wf lemma="占拠者" pos="X">占拠者</wf>
         <wf lemma="は" pos="X">は</wf>
         <wf lemma="溺れ" pos="X">溺れ</wf>
         <wf lemma="た" pos="X">た</wf>
         <wf lemma="." pos="X">.</wf>
      </sentence>
      <sentence id="d000.s2214" source="wordnet-japanese">
         <instance id="d000.s2214.t000" lemma="楽観的" pos="ADJ">楽観的</instance>
         <wf lemma="な" pos="X">な</wf>
         <wf lemma="考え" pos="X">考え</wf>
         <wf lemma="方" pos="X">方</wf>
         <wf lemma="を" pos="X">を</wf>
         <wf lemma="通し" pos="X">通し</wf>
         <wf lemma="て" pos="X">て</wf>
         <wf lemma="世界" pos="X">世界</wf>
         <wf lemma="を" pos="X">を</wf>
         <wf lemma="見" pos="X">見</wf>
         <wf lemma="た" pos="X">た</wf>
         <wf lemma="." pos="X">.</wf>
      </sentence>
      <sentence id="d000.s2215" source="wordnet-japanese">
         <wf lemma="十分" pos="X">十分</wf>
         <wf lemma="な" pos="X">な</wf>
         <wf lemma="資金" pos="X">資金</wf>
         <wf lemma="提供" pos="X">提供</wf>
         <wf lemma="を" pos="X">を</wf>
         <wf lemma="確保" pos="X">確保</wf>
         <wf lemma="する" pos="X">する</wf>
         <wf lemma="こと" pos="X">こと</wf>
         <wf lemma="は" pos="X">は</wf>
         <wf lemma="、" pos="X">、</wf>
         <wf lemma="時間" pos="X">時間</wf>
         <wf lemma="の" pos="X">の</wf>
         <wf lemma="かかる" pos="X">かかる</wf>
         <instance id="d000.s2215.t000" lemma="提案" pos="NOUN">提案</instance>
         <wf lemma="である" pos="X">である</wf>
         <wf lemma="." pos="X">.</wf>
      </sentence>
      <sentence id="d000.s2216" source="wordnet-japanese">
         <wf lemma="彼" pos="X">彼</wf>
         <wf lemma="は" pos="X">は</wf>
         <instance id="d000.s2216.t000" lemma="右手" pos="NOUN">右手</instance>
         <wf lemma="で" pos="X">で</wf>
         <wf lemma="字" pos="X">字</wf>
         <wf lemma="を" pos="X">を</wf>
         <wf lemma="書く" pos="X">書く</wf>
         <wf lemma="が" pos="X">が</wf>
         <wf lemma="、" pos="X">、</wf>
         <wf lemma="左手" pos="X">左手</wf>
         <wf lemma="で" pos="X">で</wf>
         <wf lemma="投げる" pos="X">投げる</wf>
         <wf lemma="." pos="X">.</wf>
      </sentence>
      <sentence id="d000.s2217" source="wordnet-japanese">
         <wf lemma="火事" pos="X">火事</wf>
         <wf lemma="の" pos="X">の</wf>
         <instance id="d000.s2217.t000" lemma="生存者" pos="NOUN">生存者</instance>
         <wf lemma="は" pos="X">は</wf>
         <wf lemma="、" pos="X">、</wf>
         <wf lemma="病院" pos="X">病院</wf>
         <wf lemma="へ" pos="X">へ</wf>
         <wf lemma="連れ" pos="X">連れ</wf>
         <wf lemma="て" pos="X">て</wf>
         <wf lemma="行か" pos="X">行か</wf>
         <wf lemma="れ" pos="X">れ</wf>
         <wf lemma="た" pos="X">た</wf>
         <wf lemma="." pos="X">.</wf>
      </sentence>
      <sentence id="d000.s2218" source="wordnet-japanese">
         <instance id="d000.s2218.t000" lemma="明確" pos="ADJ">明確</instance>
         <wf lemma="な" pos="X">な</wf>
         <wf lemma="数" pos="X">数</wf>
         <wf lemma="." pos="X">.</wf>
      </sentence>
      <sentence id="d000.s2219" source="wordnet-japanese">
         <wf lemma="宇宙" pos="X">宇宙</wf>
         <wf lemma="の" pos="X">の</wf>
         <wf lemma="物質" pos="X">物質</wf>
         <wf lemma="と" pos="X">と</wf>
         <wf lemma="エネルギー" pos="X">エネルギー</wf>
         <wf lemma="が" pos="X">が</wf>
         <wf lemma="不活発" pos="X">不活発</wf>
         <wf lemma="な" pos="X">な</wf>
         <wf lemma="均一性" pos="X">均一性</wf>
         <wf lemma="の" pos="X">の</wf>
         <wf lemma="究極" pos="X">究極</wf>
         <wf lemma="の" pos="X">の</wf>
         <wf lemma="状態" pos="X">状態</wf>
         <wf lemma="まで" pos="X">まで</wf>
         <wf lemma="低下" pos="X">低下</wf>
         <wf lemma="する" pos="X">する</wf>
         <wf lemma="の" pos="X">の</wf>
         <wf lemma="に" pos="X">に</wf>
         <wf lemma="従い" pos="X">従い</wf>
         <wf lemma="、" pos="X">、</wf>
         <instance id="d000.s2219.t000" lemma="エントロピー" pos="NOUN">エントロピー</instance>
         <wf lemma="は" pos="X">は</wf>
         <wf lemma="増加" pos="X">増加</wf>
         <wf lemma="する" pos="X">する</wf>
         <wf lemma="." pos="X">.</wf>
      </sentence>
      <sentence id="d000.s2220" source="wordnet-japanese">
         <wf lemma="全て" pos="X">全て</wf>
         <wf lemma="の" pos="X">の</wf>
         <wf lemma="詳細" pos="X">詳細</wf>
         <wf lemma="は" pos="X">は</wf>
         <wf lemma="、" pos="X">、</wf>
         <instance id="d000.s2220.t000" lemma="考え抜く" pos="VERB">考え抜か</instance>
         <wf lemma="れ" pos="X">れ</wf>
         <wf lemma="て" pos="X">て</wf>
         <wf lemma="い" pos="X">い</wf>
         <wf lemma="た" pos="X">た</wf>
         <wf lemma="." pos="X">.</wf>
      </sentence>
      <sentence id="d000.s2221" source="wordnet-japanese">
         <wf lemma="財産" pos="X">財産</wf>
         <wf lemma="の" pos="X">の</wf>
         <instance id="d000.s2221.t000" lemma="取得" pos="NOUN">取得</instance>
         <wf lemma="." pos="X">.</wf>
      </sentence>
      <sentence id="d000.s2222" source="wordnet-japanese">
         <wf lemma="歳" pos="X">歳</wf>
         <wf lemma="が" pos="X">が</wf>
         <wf lemma="あなた" pos="X">あなた</wf>
         <wf lemma="に" pos="X">に</wf>
         <instance id="d000.s2222.t000" lemma="忍び寄る" pos="VERB">忍び寄る</instance>
         <wf lemma="." pos="X">.</wf>
      </sentence>
      <sentence id="d000.s2223" source="wordnet-japanese">
         <wf lemma="建物" pos="X">建物</wf>
         <wf lemma="使用" pos="X">使用</wf>
         <wf lemma="許可証" pos="X">許可証</wf>
         <wf lemma="の" pos="X">の</wf>
         <wf lemma="ない" pos="X">ない</wf>
         <wf lemma="ビル" pos="X">ビル</wf>
         <wf lemma="の" pos="X">の</wf>
         <instance id="d000.s2223.t000" lemma="占有" pos="NOUN">占有</instance>
         <wf lemma="は" pos="X">は</wf>
         <wf lemma="違法" pos="X">違法</wf>
         <wf lemma="である" pos="X">である</wf>
         <wf lemma="." pos="X">.</wf>
      </sentence>
      <sentence id="d000.s2224" source="wordnet-japanese">
         <wf lemma="約束" pos="X">約束</wf>
         <wf lemma="を" pos="X">を</wf>
         <instance id="d000.s2224.t000" lemma="破る" pos="VERB">破る</instance>
         <wf lemma="." pos="X">.</wf>
      </sentence>
      <sentence id="d000.s2225" source="wordnet-japanese">
         <instance id="d000.s2225.t000" lemma="外科的" pos="ADJ">外科的</instance>
         <wf lemma="な" pos="X">な</wf>
         <wf lemma="虫" pos="X">虫</wf>
         <wf lemma="垂." pos="X">垂.</wf>
      </sentence>
      <sentence id="d000.s2226" source="wordnet-japanese">
         <wf lemma="仕事" pos="X">仕事</wf>
         <wf lemma="に" pos="X">に</wf>
         <instance id="d000.s2226.t000" lemma="取り掛かる" pos="VERB">取り掛かる</instance>
         <wf lemma="." pos="X">.</wf>
      </sentence>
      <sentence id="d000.s2227" source="wordnet-japanese">
         <wf lemma="贈り物" pos="X">贈り物</wf>
         <wf lemma="を" pos="X">を</wf>
         <instance id="d000.s2227.t000" lemma="運ぶ" pos="VERB">運ぶ</instance>
         <wf lemma="." pos="X">.</wf>
      </sentence>
      <sentence id="d000.s2228" source="wordnet-japanese">
         <wf lemma="彼女" pos="X">彼女</wf>
         <wf lemma="は" pos="X">は</wf>
         <wf lemma="少し" pos="X">少し</wf>
         <wf lemma="足" pos="X">足</wf>
         <wf lemma="を" pos="X">を</wf>
         <wf lemma="引きずっ" pos="X">引きずっ</wf>
         <wf lemma="て" pos="X">て</wf>
         <instance id="d000.s2228.t000" lemma="歩く" pos="VERB">歩く</instance>
         <wf lemma="." pos="X">.</wf>
      </sentence>
      <sentence id="d000.s2229" source="wordnet-japanese">
         <wf lemma="仕事" pos="X">仕事</wf>
         <wf lemma="に対する" pos="X">に対する</wf>
         <wf lemma="彼" pos="X">彼</wf>
         <wf lemma="の" pos="X">の</wf>
         <instance id="d000.s2229.t000" lemma="愛情" pos="NOUN">愛情</instance>
         <wf lemma="." pos="X">.</wf>
      </sentence>
      <sentence id="d000.s2230" source="wordnet-japanese">
         <wf lemma="加熱" pos="X">加熱</wf>
         <wf lemma="さ" pos="X">さ</wf>
         <wf lemma="れ" pos="X">れ</wf>
         <wf lemma="た" pos="X">た</wf>
         <wf lemma="水圧機" pos="X">水圧機</wf>
         <wf lemma="が" pos="X">が</wf>
         <instance id="d000.s2230.t000" lemma="接着" pos="NOUN">接着</instance>
         <wf lemma="の" pos="X">の</wf>
         <wf lemma="ため" pos="X">ため</wf>
         <wf lemma="に" pos="X">に</wf>
         <wf lemma="必要" pos="X">必要</wf>
         <wf lemma="だっ" pos="X">だっ</wf>
         <wf lemma="た" pos="X">た</wf>
         <wf lemma="." pos="X">.</wf>
      </sentence>
      <sentence id="d000.s2231" source="wordnet-japanese">
         <instance id="d000.s2231.t000" lemma="ぎこちない" pos="ADJ">ぎこちない</instance>
         <wf lemma="ジェスチャー" pos="X">ジェスチャー</wf>
         <wf lemma="." pos="X">.</wf>
      </sentence>
      <sentence id="d000.s2232" source="wordnet-japanese">
         <wf lemma="彼" pos="X">彼</wf>
         <wf lemma="の" pos="X">の</wf>
         <wf lemma="行動" pos="X">行動</wf>
         <wf lemma="に対して" pos="X">に対して</wf>
         <instance id="d000.s2232.t000" lemma="様々" pos="ADJ">様々</instance>
         <wf lemma="な" pos="X">な</wf>
         <wf lemma="理由" pos="X">理由</wf>
         <wf lemma="を" pos="X">を</wf>
         <wf lemma="引用" pos="X">引用</wf>
         <wf lemma="する" pos="X">する</wf>
         <wf lemma="." pos="X">.</wf>
      </sentence>
      <sentence id="d000.s2233" source="wordnet-japanese">
         <instance id="d000.s2233.t000" lemma="有毒" pos="ADJ">有毒</instance>
         <wf lemma="な虫" pos="X">な虫</wf>
         <wf lemma="刺さ" pos="X">刺さ</wf>
         <wf lemma="れ" pos="X">れ</wf>
         <wf lemma="." pos="X">.</wf>
      </sentence>
      <sentence id="d000.s2234" source="wordnet-japanese">
         <wf lemma="赤ん坊" pos="X">赤ん坊</wf>
         <wf lemma="は" pos="X">は</wf>
         <wf lemma="母親" pos="X">母親</wf>
         <wf lemma="の" pos="X">の</wf>
         <wf lemma="おっぱい" pos="X">おっぱい</wf>
         <wf lemma="を" pos="X">を</wf>
         <instance id="d000.s2234.t000" lemma="吸う" pos="VERB">吸っ</instance>
         <wf lemma="た" pos="X">た</wf>
         <wf lemma="." pos="X">.</wf>
      </sentence>
      <sentence id="d000.s2235" source="wordnet-japanese">
         <wf lemma="彼" pos="X">彼</wf>
         <wf lemma="は" pos="X">は</wf>
         <wf lemma="名前" pos="X">名前</wf>
         <wf lemma="の" pos="X">の</wf>
         <wf lemma="後" pos="X">後</wf>
         <wf lemma="に" pos="X">に</wf>
         <wf lemma="FRS" pos="X">FRS</wf>
         <wf lemma="という" pos="X">という</wf>
         <instance id="d000.s2235.t000" lemma="頭文字" pos="NOUN">頭文字</instance>
         <wf lemma="を" pos="X">を</wf>
         <wf lemma="付ける" pos="X">付ける</wf>
         <wf lemma="こと" pos="X">こと</wf>
         <wf lemma="を" pos="X">を</wf>
         <wf lemma="拒否" pos="X">拒否</wf>
         <wf lemma="し" pos="X">し</wf>
         <wf lemma="た" pos="X">た</wf>
         <wf lemma="." pos="X">.</wf>
      </sentence>
      <sentence id="d000.s2236" source="wordnet-japanese">
         <wf lemma="ビーズ" pos="X">ビーズ</wf>
         <wf lemma="を" pos="X">を</wf>
         <wf lemma="つるす" pos="X">つるす</wf>
         <instance id="d000.s2236.t000" lemma="ストリンガー" pos="NOUN">ストリンガー</instance>
         <wf lemma="." pos="X">.</wf>
      </sentence>
      <sentence id="d000.s2237" source="wordnet-japanese">
         <instance id="d000.s2237.t000" lemma="紳士的" pos="ADJ">紳士的</instance>
         <wf lemma="な" pos="X">な</wf>
         <wf lemma="振舞い" pos="X">振舞い</wf>
         <wf lemma="." pos="X">.</wf>
      </sentence>
      <sentence id="d000.s2238" source="wordnet-japanese">
         <wf lemma="種" pos="X">種</wf>
         <wf lemma="によって" pos="X">によって</wf>
         <wf lemma="は" pos="X">は</wf>
         <wf lemma="、" pos="X">、</wf>
         <wf lemma="春" pos="X">春</wf>
         <wf lemma="の" pos="X">の</wf>
         <wf lemma="間" pos="X">間</wf>
         <wf lemma="だけ" pos="X">だけ</wf>
         <instance id="d000.s2238.t000" lemma="交尾" pos="NOUN">交尾</instance>
         <wf lemma="が" pos="X">が</wf>
         <wf lemma="行わ" pos="X">行わ</wf>
         <wf lemma="れる" pos="X">れる</wf>
         <wf lemma="." pos="X">.</wf>
      </sentence>
      <sentence id="d000.s2239" source="wordnet-japanese">
         <wf lemma="それ" pos="X">それ</wf>
         <wf lemma="は" pos="X">は</wf>
         <wf lemma="機材" pos="X">機材</wf>
         <instance id="d000.s2239.t000" lemma="部" pos="NOUN">部</instance>
         <wf lemma="に" pos="X">に</wf>
         <wf lemma="行け" pos="X">行け</wf>
         <wf lemma="ば" pos="X">ば</wf>
         <wf lemma="ある" pos="X">ある</wf>
         <wf lemma="." pos="X">.</wf>
      </sentence>
      <sentence id="d000.s2240" source="wordnet-japanese">
         <instance id="d000.s2240.t000" lemma="大成功" pos="NOUN">大成功</instance>
         <wf lemma="を" pos="X">を</wf>
         <wf lemma="収める" pos="X">収める</wf>
         <wf lemma="." pos="X">.</wf>
      </sentence>
      <sentence id="d000.s2241" source="wordnet-japanese">
         <wf lemma="彼ら" pos="X">彼ら</wf>
         <wf lemma="は" pos="X">は</wf>
         <instance id="d000.s2241.t000" lemma="公園" pos="NOUN">公園</instance>
         <wf lemma="に" pos="X">に</wf>
         <wf lemma="散歩" pos="X">散歩</wf>
         <wf lemma="に" pos="X">に</wf>
         <wf lemma="行っ" pos="X">行っ</wf>
         <wf lemma="た" pos="X">た</wf>
         <wf lemma="." pos="X">.</wf>
      </sentence>
      <sentence id="d000.s2242" source="wordnet-japanese">
         <instance id="d000.s2242.t000" lemma="典型的" pos="ADJ">典型的</instance>
         <wf lemma="な" pos="X">な</wf>
         <wf lemma="郊外" pos="X">郊外</wf>
         <wf lemma="の" pos="X">の</wf>
         <wf lemma="地域" pos="X">地域</wf>
         <wf lemma="社会" pos="X">社会</wf>
         <wf lemma="." pos="X">.</wf>
      </sentence>
      <sentence id="d000.s2243" source="wordnet-japanese">
         <instance id="d000.s2243.t000" lemma="神聖" pos="ADJ">神聖</instance>
         <wf lemma="な" pos="X">な</wf>
         <wf lemma="三位" pos="X">三位</wf>
         <wf lemma="一体" pos="X">一体</wf>
         <wf lemma="." pos="X">.</wf>
      </sentence>
      <sentence id="d000.s2244" source="wordnet-japanese">
         <wf lemma="彼" pos="X">彼</wf>
         <wf lemma="の" pos="X">の</wf>
         <instance id="d000.s2244.t000" lemma="願い" pos="NOUN">願い</instance>
         <wf lemma="は" pos="X">は</wf>
         <wf lemma="叶った." pos="X">叶った.</wf>
      </sentence>
      <sentence id="d000.s2245" source="wordnet-japanese">
         <wf lemma="建物" pos="X">建物</wf>
         <wf lemma="解体" pos="X">解体</wf>
         <wf lemma="用" pos="X">用</wf>
         <wf lemma="の" pos="X">の</wf>
         <wf lemma="鉄球" pos="X">鉄球</wf>
         <wf lemma="は" pos="X">は</wf>
         <wf lemma="ビル" pos="X">ビル</wf>
         <wf lemma="を" pos="X">を</wf>
         <instance id="d000.s2245.t000" lemma="壊す" pos="VERB">壊し</instance>
         <wf lemma="た" pos="X">た</wf>
         <wf lemma="." pos="X">.</wf>
      </sentence>
      <sentence id="d000.s2246" source="wordnet-japanese">
         <wf lemma="彼女" pos="X">彼女</wf>
         <wf lemma="は" pos="X">は</wf>
         <wf lemma="、" pos="X">、</wf>
         <instance id="d000.s2246.t000" lemma="ブルマー" pos="NOUN">ブルマー</instance>
         <wf lemma="が" pos="X">が</wf>
         <wf lemma="見え" pos="X">見え</wf>
         <wf lemma="て" pos="X">て</wf>
         <wf lemma="い" pos="X">い</wf>
         <wf lemma="た" pos="X">た</wf>
         <wf lemma="かもしれ" pos="X">かもしれ</wf>
         <wf lemma="ない" pos="X">ない</wf>
         <wf lemma="思っ" pos="X">思っ</wf>
         <wf lemma="た" pos="X">た</wf>
         <wf lemma="." pos="X">.</wf>
      </sentence>
      <sentence id="d000.s2247" source="wordnet-japanese">
         <wf lemma="それ" pos="X">それ</wf>
         <wf lemma="は" pos="X">は</wf>
         <wf lemma="脚" pos="X">脚</wf>
         <wf lemma="の" pos="X">の</wf>
         <wf lemma="筋肉" pos="X">筋肉</wf>
         <wf lemma="に" pos="X">に</wf>
         <wf lemma="大きな" pos="X">大きな</wf>
         <instance id="d000.s2247.t000" lemma="緊張" pos="NOUN">緊張</instance>
         <wf lemma="を" pos="X">を</wf>
         <wf lemma="与える" pos="X">与える</wf>
         <wf lemma="." pos="X">.</wf>
      </sentence>
      <sentence id="d000.s2248" source="wordnet-japanese">
         <instance id="d000.s2248.t000" lemma="屈強" pos="ADJ">屈強</instance>
         <wf lemma="な" pos="X">な</wf>
         <wf lemma="運動" pos="X">運動</wf>
         <wf lemma="選手" pos="X">選手</wf>
         <wf lemma="." pos="X">.</wf>
      </sentence>
      <sentence id="d000.s2249" source="wordnet-japanese">
         <wf lemma="彼" pos="X">彼</wf>
         <wf lemma="は" pos="X">は</wf>
         <wf lemma="洗濯物" pos="X">洗濯物</wf>
         <wf lemma="を" pos="X">を</wf>
         <wf lemma="大きな" pos="X">大きな</wf>
         <instance id="d000.s2249.t000" lemma="袋" pos="NOUN">袋</instance>
         <wf lemma="に" pos="X">に</wf>
         <wf lemma="詰め込ん" pos="X">詰め込ん</wf>
         <wf lemma="だ" pos="X">だ</wf>
         <wf lemma="." pos="X">.</wf>
      </sentence>
      <sentence id="d000.s2250" source="wordnet-japanese">
         <wf lemma="彼ら" pos="X">彼ら</wf>
         <wf lemma="は" pos="X">は</wf>
         <instance id="d000.s2250.t000" lemma="対称的" pos="ADV">対称的</instance>
         <wf lemma="に" pos="X">に</wf>
         <wf lemma="配置" pos="X">配置</wf>
         <wf lemma="さ" pos="X">さ</wf>
         <wf lemma="れ" pos="X">れ</wf>
         <wf lemma="た" pos="X">た</wf>
         <wf lemma="." pos="X">.</wf>
      </sentence>
      <sentence id="d000.s2251" source="wordnet-japanese">
         <wf lemma="ある" pos="X">ある</wf>
         <instance id="d000.s2251.t000" lemma="程度" pos="NOUN">程度</instance>
         <wf lemma="彼女" pos="X">彼女</wf>
         <wf lemma="は" pos="X">は</wf>
         <wf lemma="正しかっ" pos="X">正しかっ</wf>
         <wf lemma="た" pos="X">た</wf>
         <wf lemma="." pos="X">.</wf>
      </sentence>
      <sentence id="d000.s2252" source="wordnet-japanese">
         <wf lemma="彼ら" pos="X">彼ら</wf>
         <wf lemma="は" pos="X">は</wf>
         <wf lemma="2" pos="X">2</wf>
         <wf lemma="つ" pos="X">つ</wf>
         <wf lemma="の" pos="X">の</wf>
         <wf lemma="最優" pos="X">最優</wf>
         <wf lemma="先す" pos="X">先す</wf>
         <wf lemma="べき" pos="X">べき</wf>
         <wf lemma="こと" pos="X">こと</wf>
         <wf lemma="を" pos="X">を</wf>
         <wf lemma="しっかり" pos="X">しっかり</wf>
         <instance id="d000.s2252.t000" lemma="把握" pos="NOUN">把握</instance>
         <wf lemma="し" pos="X">し</wf>
         <wf lemma="て" pos="X">て</wf>
         <wf lemma="い" pos="X">い</wf>
         <wf lemma="た" pos="X">た</wf>
         <wf lemma="." pos="X">.</wf>
      </sentence>
      <sentence id="d000.s2253" source="wordnet-japanese">
         <instance id="d000.s2253.t000" lemma="強力" pos="ADJ">強力</instance>
         <wf lemma="な" pos="X">な</wf>
         <wf lemma="毒素" pos="X">毒素</wf>
         <wf lemma="." pos="X">.</wf>
      </sentence>
      <sentence id="d000.s2254" source="wordnet-japanese">
         <wf lemma="架空" pos="X">架空</wf>
         <wf lemma="の" pos="X">の</wf>
         <instance id="d000.s2254.t000" lemma="国" pos="NOUN">国</instance>
         <wf lemma="." pos="X">.</wf>
      </sentence>
      <sentence id="d000.s2255" source="wordnet-japanese">
         <instance id="d000.s2255.t000" lemma="銀行" pos="NOUN">銀行</instance>
         <wf lemma="は" pos="X">は</wf>
         <wf lemma="、" pos="X">、</wf>
         <wf lemma="ナッサウ" pos="X">ナッサウ</wf>
         <wf lemma="と" pos="X">と</wf>
         <wf lemma="ウィザースプーン" pos="X">ウィザースプーン</wf>
         <wf lemma="の" pos="X">の</wf>
         <wf lemma="角" pos="X">角</wf>
         <wf lemma="に" pos="X">に</wf>
         <wf lemma="ある" pos="X">ある</wf>
         <wf lemma="." pos="X">.</wf>
      </sentence>
      <sentence id="d000.s2256" source="wordnet-japanese">
         <wf lemma="刑務所" pos="X">刑務所</wf>
         <wf lemma="の" pos="X">の</wf>
         <instance id="d000.s2256.t000" lemma="不透明" pos="ADJ">不透明</instance>
         <wf lemma="な" pos="X">な</wf>
         <wf lemma="窓" pos="X">窓</wf>
         <wf lemma="." pos="X">.</wf>
      </sentence>
      <sentence id="d000.s2257" source="wordnet-japanese">
         <wf lemma="歯医者" pos="X">歯医者</wf>
         <wf lemma="は" pos="X">は</wf>
         <wf lemma="、" pos="X">、</wf>
         <instance id="d000.s2257.t000" lemma="抽出" pos="NOUN">抽出</instance>
         <wf lemma="の" pos="X">の</wf>
         <wf lemma="前" pos="X">前</wf>
         <wf lemma="に" pos="X">に</wf>
         <wf lemma="局部" pos="X">局部</wf>
         <wf lemma="麻酔" pos="X">麻酔</wf>
         <wf lemma="薬" pos="X">薬</wf>
         <wf lemma="を" pos="X">を</wf>
         <wf lemma="彼女" pos="X">彼女</wf>
         <wf lemma="に" pos="X">に</wf>
         <wf lemma="投与" pos="X">投与</wf>
         <wf lemma="し" pos="X">し</wf>
         <wf lemma="た" pos="X">た</wf>
         <wf lemma="." pos="X">.</wf>
      </sentence>
      <sentence id="d000.s2258" source="wordnet-japanese">
         <wf lemma="エスプレッソ" pos="X">エスプレッソ</wf>
         <wf lemma="を" pos="X">を</wf>
         <wf lemma="作る" pos="X">作る</wf>
         <wf lemma="ため" pos="X">ため</wf>
         <wf lemma="に" pos="X">に</wf>
         <wf lemma="容器" pos="X">容器</wf>
         <wf lemma="に" pos="X">に</wf>
         <wf lemma="ひい" pos="X">ひい</wf>
         <wf lemma="た" pos="X">た</wf>
         <wf lemma="コーヒー" pos="X">コーヒー</wf>
         <wf lemma="を" pos="X">を</wf>
         <instance id="d000.s2258.t000" lemma="詰める" pos="VERB">詰める</instance>
         <wf lemma="." pos="X">.</wf>
      </sentence>
      <sentence id="d000.s2259" source="wordnet-japanese">
         <instance id="d000.s2259.t000" lemma="強い" pos="ADJ">強い</instance>
         <wf lemma="白色" pos="X">白色</wf>
         <wf lemma="光" pos="X">光</wf>
         <wf lemma="は" pos="X">は</wf>
         <wf lemma="、" pos="X">、</wf>
         <wf lemma="あなた" pos="X">あなた</wf>
         <wf lemma="の" pos="X">の</wf>
         <wf lemma="目" pos="X">目</wf>
         <wf lemma="を" pos="X">を</wf>
         <wf lemma="細め" pos="X">細め</wf>
         <wf lemma="さ" pos="X">さ</wf>
         <wf lemma="せる" pos="X">せる</wf>
         <wf lemma="." pos="X">.</wf>
      </sentence>
      <sentence id="d000.s2260" source="wordnet-japanese">
         <instance id="d000.s2260.t000" lemma="気難しい" pos="ADJ">気難しく</instance>
         <wf lemma="て" pos="X">て</wf>
         <wf lemma="鋭い" pos="X">鋭い</wf>
         <wf lemma="知性" pos="X">知性</wf>
         <wf lemma="." pos="X">.</wf>
      </sentence>
      <sentence id="d000.s2261" source="wordnet-japanese">
         <wf lemma="彼" pos="X">彼</wf>
         <wf lemma="は" pos="X">は</wf>
         <wf lemma="何回" pos="X">何回</wf>
         <wf lemma="か" pos="X">か</wf>
         <instance id="d000.s2261.t000" lemma="ジャンプ" pos="NOUN">ジャンプ</instance>
         <wf lemma="を" pos="X">を</wf>
         <wf lemma="し" pos="X">し</wf>
         <wf lemma="て" pos="X">て</wf>
         <wf lemma="前" pos="X">前</wf>
         <wf lemma="に" pos="X">に</wf>
         <wf lemma="進ん" pos="X">進ん</wf>
         <wf lemma="だ" pos="X">だ</wf>
         <wf lemma="." pos="X">.</wf>
      </sentence>
      <sentence id="d000.s2262" source="wordnet-japanese">
         <wf lemma="家" pos="X">家</wf>
         <wf lemma="の" pos="X">の</wf>
         <wf lemma="後方" pos="X">後方</wf>
         <wf lemma="の" pos="X">の</wf>
         <instance id="d000.s2262.t000" lemma="部分" pos="NOUN">部分</instance>
         <wf lemma="." pos="X">.</wf>
      </sentence>
      <sentence id="d000.s2263" source="wordnet-japanese">
         <wf lemma="歴史" pos="X">歴史</wf>
         <wf lemma="は" pos="X">は</wf>
         <wf lemma="この" pos="X">この</wf>
         <wf lemma="本" pos="X">本</wf>
         <wf lemma="に" pos="X">に</wf>
         <instance id="d000.s2263.t000" lemma="簡潔" pos="ADV">簡潔</instance>
         <wf lemma="に" pos="X">に</wf>
         <wf lemma="要約" pos="X">要約</wf>
         <wf lemma="さ" pos="X">さ</wf>
         <wf lemma="れ" pos="X">れ</wf>
         <wf lemma="て" pos="X">て</wf>
         <wf lemma="いる" pos="X">いる</wf>
         <wf lemma="." pos="X">.</wf>
      </sentence>
      <sentence id="d000.s2264" source="wordnet-japanese">
         <wf lemma="なぞ" pos="X">なぞ</wf>
         <wf lemma="の" pos="X">の</wf>
         <wf lemma="原因" pos="X">原因</wf>
         <wf lemma="に対する" pos="X">に対する</wf>
         <instance id="d000.s2264.t000" lemma="かすか" pos="ADJ">かすか</instance>
         <wf lemma="な" pos="X">な</wf>
         <wf lemma="手がかり" pos="X">手がかり</wf>
         <wf lemma="." pos="X">.</wf>
      </sentence>
      <sentence id="d000.s2265" source="wordnet-japanese">
         <wf lemma="この" pos="X">この</wf>
         <wf lemma="飲物" pos="X">飲物</wf>
         <wf lemma="の" pos="X">の</wf>
         <instance id="d000.s2265.t000" lemma="ベース" pos="NOUN">ベース</instance>
         <wf lemma="は" pos="X">は</wf>
         <wf lemma="、" pos="X">、</wf>
         <wf lemma="オレンジ" pos="X">オレンジ</wf>
         <wf lemma="・" pos="X">・</wf>
         <wf lemma="ジュース" pos="X">ジュース</wf>
         <wf lemma="である" pos="X">である</wf>
         <wf lemma="." pos="X">.</wf>
      </sentence>
      <sentence id="d000.s2266" source="wordnet-japanese">
         <wf lemma="私" pos="X">私</wf>
         <wf lemma="たち" pos="X">たち</wf>
         <wf lemma="は" pos="X">は</wf>
         <wf lemma="戦い" pos="X">戦い</wf>
         <wf lemma="に" pos="X">に</wf>
         <wf lemma="は" pos="X">は</wf>
         <instance id="d000.s2266.t000" lemma="負ける" pos="VERB">負け</instance>
         <wf lemma="た" pos="X">た</wf>
         <wf lemma="が" pos="X">が</wf>
         <wf lemma="、" pos="X">、</wf>
         <wf lemma="戦争" pos="X">戦争</wf>
         <wf lemma="に" pos="X">に</wf>
         <wf lemma="は" pos="X">は</wf>
         <wf lemma="勝っ" pos="X">勝っ</wf>
         <wf lemma="た" pos="X">た</wf>
         <wf lemma="." pos="X">.</wf>
      </sentence>
      <sentence id="d000.s2267" source="wordnet-japanese">
         <wf lemma="その" pos="X">その</wf>
         <wf lemma="電池" pos="X">電池</wf>
         <wf lemma="の" pos="X">の</wf>
         <instance id="d000.s2267.t000" lemma="寿命" pos="NOUN">寿命</instance>
         <wf lemma="は" pos="X">は</wf>
         <wf lemma="短い" pos="X">短い</wf>
         <wf lemma="." pos="X">.</wf>
      </sentence>
      <sentence id="d000.s2268" source="wordnet-japanese">
         <wf lemma="彼" pos="X">彼</wf>
         <wf lemma="の" pos="X">の</wf>
         <wf lemma="論文" pos="X">論文</wf>
         <wf lemma="は" pos="X">は</wf>
         <wf lemma="まだ" pos="X">まだ</wf>
         <instance id="d000.s2268.t000" lemma="不完全" pos="ADJ">不完全</instance>
         <wf lemma="である" pos="X">である</wf>
         <wf lemma="." pos="X">.</wf>
      </sentence>
      <sentence id="d000.s2269" source="wordnet-japanese">
         <wf lemma="痛み" pos="X">痛み</wf>
         <wf lemma="に対する" pos="X">に対する</wf>
         <instance id="d000.s2269.t000" lemma="感度" pos="NOUN">感度</instance>
         <wf lemma="." pos="X">.</wf>
      </sentence>
      <sentence id="d000.s2270" source="wordnet-japanese">
         <instance id="d000.s2270.t000" lemma="声紋" pos="NOUN">声紋</instance>
         <wf lemma="は" pos="X">は</wf>
         <wf lemma="話し手" pos="X">話し手</wf>
         <wf lemma="ごと" pos="X">ごと</wf>
         <wf lemma="に" pos="X">に</wf>
         <wf lemma="独自" pos="X">独自</wf>
         <wf lemma="の" pos="X">の</wf>
         <wf lemma="特徴" pos="X">特徴</wf>
         <wf lemma="が" pos="X">が</wf>
         <wf lemma="ある" pos="X">ある</wf>
         <wf lemma="." pos="X">.</wf>
      </sentence>
      <sentence id="d000.s2271" source="wordnet-japanese">
         <instance id="d000.s2271.t000" lemma="建設的" pos="ADJ">建設的</instance>
         <wf lemma="な" pos="X">な</wf>
         <wf lemma="哲学" pos="X">哲学</wf>
         <wf lemma="." pos="X">.</wf>
      </sentence>
      <sentence id="d000.s2272" source="wordnet-japanese">
         <instance id="d000.s2272.t000" lemma="明快" pos="ADJ">明快</instance>
         <wf lemma="な" pos="X">な</wf>
         <wf lemma="演説" pos="X">演説</wf>
         <wf lemma="−" pos="X">−</wf>
         <wf lemma="ロバート" pos="X">ロバート</wf>
         <wf lemma="・" pos="X">・</wf>
         <wf lemma="バートン" pos="X">バートン</wf>
         <wf lemma="." pos="X">.</wf>
      </sentence>
      <sentence id="d000.s2273" source="wordnet-japanese">
         <wf lemma="紹介" pos="X">紹介</wf>
         <wf lemma="さ" pos="X">さ</wf>
         <wf lemma="れ" pos="X">れ</wf>
         <wf lemma="た" pos="X">た</wf>
         <instance id="d000.s2273.t000" lemma="言語" pos="NOUN">言語</instance>
         <wf lemma="は" pos="X">は</wf>
         <wf lemma="どんな" pos="X">どんな</wf>
         <wf lemma="テキスト" pos="X">テキスト</wf>
         <wf lemma="で" pos="X">で</wf>
         <wf lemma="も" pos="X">も</wf>
         <wf lemma="標準" pos="X">標準</wf>
         <wf lemma="である" pos="X">である</wf>
         <wf lemma="." pos="X">.</wf>
      </sentence>
      <sentence id="d000.s2274" source="wordnet-japanese">
         <wf lemma="クリスマス" pos="X">クリスマス</wf>
         <wf lemma="を" pos="X">を</wf>
         <instance id="d000.s2274.t000" lemma="祝う" pos="VERB">祝う</instance>
         <wf lemma="." pos="X">.</wf>
      </sentence>
      <sentence id="d000.s2275" source="wordnet-japanese">
         <wf lemma="太陽" pos="X">太陽</wf>
         <wf lemma="が" pos="X">が</wf>
         <wf lemma="最近" pos="X">最近</wf>
         <wf lemma="は" pos="X">は</wf>
         <wf lemma="早く" pos="X">早く</wf>
         <instance id="d000.s2275.t000" lemma="沈む" pos="VERB">沈む</instance>
         <wf lemma="." pos="X">.</wf>
      </sentence>
      <sentence id="d000.s2276" source="wordnet-japanese">
         <wf lemma="白に" pos="X">白に</wf>
         <wf lemma="部屋" pos="X">部屋</wf>
         <wf lemma="を" pos="X">を</wf>
         <wf lemma="塗る" pos="X">塗る</wf>
         <wf lemma="こと" pos="X">こと</wf>
         <wf lemma="で" pos="X">で</wf>
         <wf lemma="、" pos="X">、</wf>
         <wf lemma="部屋" pos="X">部屋</wf>
         <wf lemma="を" pos="X">を</wf>
         <instance id="d000.s2276.t000" lemma="かなり" pos="ADV">かなり</instance>
         <wf lemma="（" pos="X">（</wf>
         <wf lemma="実質的" pos="X">実質的</wf>
         <wf lemma="に" pos="X">に</wf>
         <wf lemma="）" pos="X">）</wf>
         <wf lemma="大きく" pos="X">大きく</wf>
         <wf lemma="見せ" pos="X">見せ</wf>
         <wf lemma="た" pos="X">た</wf>
         <wf lemma="." pos="X">.</wf>
      </sentence>
      <sentence id="d000.s2277" source="wordnet-japanese">
         <wf lemma="大理石" pos="X">大理石</wf>
         <wf lemma="を" pos="X">を</wf>
         <instance id="d000.s2277.t000" lemma="切り出す" pos="VERB">切り出す</instance>
         <wf lemma="." pos="X">.</wf>
      </sentence>
      <sentence id="d000.s2278" source="wordnet-japanese">
         <wf lemma="E" pos="X">E</wf>
         <wf lemma="メールログ" pos="X">メールログ</wf>
         <instance id="d000.s2278.t000" lemma="監査" pos="NOUN">監査</instance>
         <wf lemma="." pos="X">.</wf>
      </sentence>
      <sentence id="d000.s2279" source="wordnet-japanese">
         <instance id="d000.s2279.t000" lemma="国務省" pos="NOUN">国務省</instance>
         <wf lemma="は" pos="X">は</wf>
         <wf lemma="1789" pos="X">1789</wf>
         <wf lemma="年" pos="X">年</wf>
         <wf lemma="に" pos="X">に</wf>
         <wf lemma="創設" pos="X">創設</wf>
         <wf lemma="さ" pos="X">さ</wf>
         <wf lemma="れ" pos="X">れ</wf>
         <wf lemma="た" pos="X">た</wf>
         <wf lemma="." pos="X">.</wf>
      </sentence>
      <sentence id="d000.s2280" source="wordnet-japanese">
         <wf lemma="私" pos="X">私</wf>
         <wf lemma="は" pos="X">は</wf>
         <wf lemma="ヒッチハイク" pos="X">ヒッチハイク</wf>
         <wf lemma="する" pos="X">する</wf>
         <wf lemma="の" pos="X">の</wf>
         <wf lemma="に" pos="X">に</wf>
         <instance id="d000.s2280.t000" lemma="慣れる" pos="ADJ">慣れ</instance>
         <wf lemma="て" pos="X">て</wf>
         <wf lemma="いる" pos="X">いる</wf>
         <wf lemma="." pos="X">.</wf>
      </sentence>
      <sentence id="d000.s2281" source="wordnet-japanese">
         <wf lemma="少年" pos="X">少年</wf>
         <wf lemma="は" pos="X">は</wf>
         <wf lemma="犬" pos="X">犬</wf>
         <wf lemma="を" pos="X">を</wf>
         <instance id="d000.s2281.t000" lemma="蹴る" pos="VERB">蹴っ</instance>
         <wf lemma="た" pos="X">た</wf>
         <wf lemma="." pos="X">.</wf>
      </sentence>
      <sentence id="d000.s2282" source="wordnet-japanese">
         <wf lemma="卒業" pos="X">卒業</wf>
         <wf lemma="の" pos="X">の</wf>
         <wf lemma="前" pos="X">前</wf>
         <wf lemma="の" pos="X">の</wf>
         <wf lemma="最後" pos="X">最後</wf>
         <wf lemma="の" pos="X">の</wf>
         <instance id="d000.s2282.t000" lemma="ハードル" pos="NOUN">ハードル</instance>
         <wf lemma="." pos="X">.</wf>
      </sentence>
      <sentence id="d000.s2283" source="wordnet-japanese">
         <wf lemma="これら" pos="X">これら</wf>
         <wf lemma="の" pos="X">の</wf>
         <wf lemma="化学" pos="X">化学</wf>
         <wf lemma="製品" pos="X">製品</wf>
         <wf lemma="は" pos="X">は</wf>
         <wf lemma="、" pos="X">、</wf>
         <wf lemma="有害" pos="X">有害</wf>
         <wf lemma="な" pos="X">な</wf>
         <wf lemma="蒸気" pos="X">蒸気</wf>
         <wf lemma="を" pos="X">を</wf>
         <instance id="d000.s2283.t000" lemma="生じる" pos="VERB">生じる</instance>
         <wf lemma="." pos="X">.</wf>
      </sentence>
      <sentence id="d000.s2284" source="wordnet-japanese">
         <wf lemma="うすっぺらく" pos="X">うすっぺらく</wf>
         <instance id="d000.s2284.t000" lemma="考える" pos="VERB">考える</instance>
         <wf lemma="." pos="X">.</wf>
      </sentence>
      <sentence id="d000.s2285" source="wordnet-japanese">
         <wf lemma="クッキー" pos="X">クッキー</wf>
         <wf lemma="に" pos="X">に</wf>
         <instance id="d000.s2285.t000" lemma="貪欲" pos="ADJ">貪欲</instance>
         <wf lemma="に" pos="X">に</wf>
         <wf lemma="なる" pos="X">なる</wf>
         <wf lemma="な." pos="X">な.</wf>
      </sentence>
      <sentence id="d000.s2286" source="wordnet-japanese">
         <instance id="d000.s2286.t000" lemma="野蛮" pos="ADJ">野蛮</instance>
         <wf lemma="な" pos="X">な</wf>
         <wf lemma="侵略者" pos="X">侵略者</wf>
         <wf lemma="." pos="X">.</wf>
      </sentence>
      <sentence id="d000.s2287" source="wordnet-japanese">
         <wf lemma="彼女" pos="X">彼女</wf>
         <wf lemma="は" pos="X">は</wf>
         <instance id="d000.s2287.t000" lemma="断固" pos="ADV">断固</instance>
         <wf lemma="と" pos="X">と</wf>
         <wf lemma="し" pos="X">し</wf>
         <wf lemma="て" pos="X">て</wf>
         <wf lemma="、" pos="X">、</wf>
         <wf lemma="彼" pos="X">彼</wf>
         <wf lemma="を" pos="X">を</wf>
         <wf lemma="見る" pos="X">見る</wf>
         <wf lemma="か" pos="X">か</wf>
         <wf lemma="、" pos="X">、</wf>
         <wf lemma="彼" pos="X">彼</wf>
         <wf lemma="と" pos="X">と</wf>
         <wf lemma="話す" pos="X">話す</wf>
         <wf lemma="こと" pos="X">こと</wf>
         <wf lemma="を" pos="X">を</wf>
         <wf lemma="拒否" pos="X">拒否</wf>
         <wf lemma="し" pos="X">し</wf>
         <wf lemma="た" pos="X">た</wf>
         <wf lemma="." pos="X">.</wf>
      </sentence>
      <sentence id="d000.s2288" source="wordnet-japanese">
         <wf lemma="敵意" pos="X">敵意</wf>
         <wf lemma="の" pos="X">の</wf>
         <wf lemma="絶頂" pos="X">絶頂</wf>
         <wf lemma="に" pos="X">に</wf>
         <instance id="d000.s2288.t000" lemma="厳しい" pos="ADJ">厳しい</instance>
         <wf lemma="親" pos="X">親</wf>
         <wf lemma="―" pos="X">―</wf>
         <wf lemma="HG" pos="X">HG</wf>
         <wf lemma="ウェルス" pos="X">ウェルス</wf>
         <wf lemma="." pos="X">.</wf>
      </sentence>
      <sentence id="d000.s2289" source="wordnet-japanese">
         <wf lemma="古代" pos="X">古代</wf>
         <wf lemma="ギリシャ" pos="X">ギリシャ</wf>
         <wf lemma="の" pos="X">の</wf>
         <wf lemma="哲学者" pos="X">哲学者</wf>
         <wf lemma="デモクリトス" pos="X">デモクリトス</wf>
         <wf lemma="と" pos="X">と</wf>
         <wf lemma="エピクロス" pos="X">エピクロス</wf>
         <wf lemma="は" pos="X">は</wf>
         <wf lemma="宇宙" pos="X">宇宙</wf>
         <wf lemma="の" pos="X">の</wf>
         <instance id="d000.s2289.t000" lemma="原子説" pos="NOUN">原子説</instance>
         <wf lemma="を" pos="X">を</wf>
         <wf lemma="唱え" pos="X">唱え</wf>
         <wf lemma="た" pos="X">た</wf>
         <wf lemma="." pos="X">.</wf>
      </sentence>
      <sentence id="d000.s2290" source="wordnet-japanese">
         <wf lemma="彼" pos="X">彼</wf>
         <wf lemma="は" pos="X">は</wf>
         <wf lemma="ボール" pos="X">ボール</wf>
         <wf lemma="が" pos="X">が</wf>
         <instance id="d000.s2290.t000" lemma="カップ" pos="NOUN">カップ</instance>
         <wf lemma="の" pos="X">の</wf>
         <wf lemma="ふち" pos="X">ふち</wf>
         <wf lemma="を" pos="X">を</wf>
         <wf lemma="回り転がっ" pos="X">回り転がっ</wf>
         <wf lemma="た" pos="X">た</wf>
         <wf lemma="時" pos="X">時</wf>
         <wf lemma="に" pos="X">に</wf>
         <wf lemma="罵っ" pos="X">罵っ</wf>
         <wf lemma="た" pos="X">た</wf>
         <wf lemma="." pos="X">.</wf>
      </sentence>
      <sentence id="d000.s2291" source="wordnet-japanese">
         <instance id="d000.s2291.t000" lemma="間欠的" pos="ADV">間欠的</instance>
         <wf lemma="に" pos="X">に</wf>
         <wf lemma="私たち" pos="X">私たち</wf>
         <wf lemma="は" pos="X">は</wf>
         <wf lemma="バロメーター" pos="X">バロメーター</wf>
         <wf lemma="に" pos="X">に</wf>
         <wf lemma="質問" pos="X">質問</wf>
         <wf lemma="し" pos="X">し</wf>
         <wf lemma="た" pos="X">た</wf>
         <wf lemma="." pos="X">.</wf>
      </sentence>
      <sentence id="d000.s2292" source="wordnet-japanese">
         <wf lemma="壁" pos="X">壁</wf>
         <wf lemma="は" pos="X">は</wf>
         <instance id="d000.s2292.t000" lemma="崩れる" pos="VERB">崩れ</instance>
         <wf lemma="た" pos="X">た</wf>
         <wf lemma="." pos="X">.</wf>
      </sentence>
      <sentence id="d000.s2293" source="wordnet-japanese">
         <wf lemma="反応" pos="X">反応</wf>
         <wf lemma="において" pos="X">において</wf>
         <instance id="d000.s2293.t000" lemma="不活性" pos="ADJ">不活性</instance>
         <wf lemma="な" pos="X">な</wf>
         <wf lemma="化学" pos="X">化学</wf>
         <wf lemma="製品" pos="X">製品</wf>
         <wf lemma="." pos="X">.</wf>
      </sentence>
      <sentence id="d000.s2294" source="wordnet-japanese">
         <instance id="d000.s2294.t000" lemma="頑固" pos="ADJ">頑固</instance>
         <wf lemma="で" pos="X">で</wf>
         <wf lemma="老齢" pos="X">老齢</wf>
         <wf lemma="の" pos="X">の</wf>
         <wf lemma="、" pos="X">、</wf>
         <wf lemma="ボストン" pos="X">ボストン</wf>
         <wf lemma="の" pos="X">の</wf>
         <wf lemma="インテリ" pos="X">インテリ</wf>
         <wf lemma="." pos="X">.</wf>
      </sentence>
      <sentence id="d000.s2295" source="wordnet-japanese">
         <wf lemma="ゴシップ" pos="X">ゴシップ</wf>
         <wf lemma="欄" pos="X">欄</wf>
         <wf lemma="担当" pos="X">担当</wf>
         <wf lemma="記者" pos="X">記者</wf>
         <wf lemma="は" pos="X">は</wf>
         <wf lemma="、" pos="X">、</wf>
         <wf lemma="毎晩" pos="X">毎晩</wf>
         <instance id="d000.s2295.t000" lemma="ナイトクラブ" pos="NOUN">ナイトクラブ</instance>
         <wf lemma="を" pos="X">を</wf>
         <wf lemma="訪問" pos="X">訪問</wf>
         <wf lemma="する" pos="X">する</wf>
         <wf lemma="こと" pos="X">こと</wf>
         <wf lemma="によって" pos="X">によって</wf>
         <wf lemma="、" pos="X">、</wf>
         <wf lemma="彼" pos="X">彼</wf>
         <wf lemma="の" pos="X">の</wf>
         <wf lemma="情報" pos="X">情報</wf>
         <wf lemma="を" pos="X">を</wf>
         <wf lemma="得" pos="X">得</wf>
         <wf lemma="た" pos="X">た</wf>
         <wf lemma="." pos="X">.</wf>
      </sentence>
      <sentence id="d000.s2296" source="wordnet-japanese">
         <wf lemma="彼" pos="X">彼</wf>
         <wf lemma="は" pos="X">は</wf>
         <wf lemma="、" pos="X">、</wf>
         <instance id="d000.s2296.t000" lemma="特に" pos="ADV">特に</instance>
         <wf lemma="毒" pos="X">毒</wf>
         <wf lemma="ヘビ" pos="X">ヘビ</wf>
         <wf lemma="に" pos="X">に</wf>
         <wf lemma="興味" pos="X">興味</wf>
         <wf lemma="が" pos="X">が</wf>
         <wf lemma="ある" pos="X">ある</wf>
         <wf lemma="." pos="X">.</wf>
      </sentence>
      <sentence id="d000.s2297" source="wordnet-japanese">
         <wf lemma="彼" pos="X">彼</wf>
         <wf lemma="は" pos="X">は</wf>
         <instance id="d000.s2297.t000" lemma="銀行" pos="NOUN">銀行</instance>
         <wf lemma="で" pos="X">で</wf>
         <wf lemma="小切手" pos="X">小切手</wf>
         <wf lemma="を" pos="X">を</wf>
         <wf lemma="換金" pos="X">換金</wf>
         <wf lemma="し" pos="X">し</wf>
         <wf lemma="た" pos="X">た</wf>
         <wf lemma="." pos="X">.</wf>
      </sentence>
      <sentence id="d000.s2298" source="wordnet-japanese">
         <wf lemma="男性" pos="X">男性</wf>
         <wf lemma="は" pos="X">は</wf>
         <wf lemma="キツネ" pos="X">キツネ</wf>
         <wf lemma="を" pos="X">を</wf>
         <wf lemma="わなで" pos="X">わなで</wf>
         <instance id="d000.s2298.t000" lemma="捕える" pos="VERB">捕える</instance>
         <wf lemma="." pos="X">.</wf>
      </sentence>
      <sentence id="d000.s2299" source="wordnet-japanese">
         <wf lemma="バー" pos="X">バー</wf>
         <wf lemma="で" pos="X">で</wf>
         <instance id="d000.s2299.t000" lemma="寂しい" pos="ADJ">寂しい</instance>
         <wf lemma="時間" pos="X">時間</wf>
         <wf lemma="を" pos="X">を</wf>
         <wf lemma="過ごし" pos="X">過ごし</wf>
         <wf lemma="た" pos="X">た</wf>
         <wf lemma="." pos="X">.</wf>
      </sentence>
      <sentence id="d000.s2300" source="wordnet-japanese">
         <wf lemma="1" pos="X">1</wf>
         <wf lemma="イニング" pos="X">イニング</wf>
         <wf lemma="に" pos="X">に</wf>
         <wf lemma="は" pos="X">は</wf>
         <wf lemma="3" pos="X">3</wf>
         <wf lemma="つ" pos="X">つ</wf>
         <wf lemma="の" pos="X">の</wf>
         <instance id="d000.s2300.t000" lemma="アウト" pos="NOUN">アウト</instance>
         <wf lemma="し" pos="X">し</wf>
         <wf lemma="かと" pos="X">かと</wf>
         <wf lemma="れ" pos="X">れ</wf>
         <wf lemma="ない" pos="X">ない</wf>
         <wf lemma="." pos="X">.</wf>
      </sentence>
      <sentence id="d000.s2301" source="wordnet-japanese">
         <wf lemma="国家的" pos="X">国家的</wf>
         <wf lemma="で" pos="X">で</wf>
         <wf lemma="も" pos="X">も</wf>
         <wf lemma="、" pos="X">、</wf>
         <wf lemma="大陸風" pos="X">大陸風</wf>
         <wf lemma="で" pos="X">で</wf>
         <wf lemma="も" pos="X">も</wf>
         <wf lemma="ない" pos="X">ない</wf>
         <wf lemma="が" pos="X">が</wf>
         <instance id="d000.s2301.t000" lemma="世界的" pos="ADJ">世界的</instance>
         <wf lemma="で" pos="X">で</wf>
         <wf lemma="ある" pos="X">ある</wf>
         <wf lemma="." pos="X">.</wf>
      </sentence>
      <sentence id="d000.s2302" source="wordnet-japanese">
         <instance id="d000.s2302.t000" lemma="有益" pos="ADJ">有益</instance>
         <wf lemma="な" pos="X">な</wf>
         <wf lemma="株式市場" pos="X">株式市場</wf>
         <wf lemma="で" pos="X">で</wf>
         <wf lemma="の" pos="X">の</wf>
         <wf lemma="投機" pos="X">投機</wf>
         <wf lemma="." pos="X">.</wf>
      </sentence>
      <sentence id="d000.s2303" source="wordnet-japanese">
         <instance id="d000.s2303.t000" lemma="赤旗" pos="NOUN">赤旗</instance>
         <wf lemma="が" pos="X">が</wf>
         <wf lemma="立っ" pos="X">立っ</wf>
         <wf lemma="て" pos="X">て</wf>
         <wf lemma="い" pos="X">い</wf>
         <wf lemma="た" pos="X">た</wf>
         <wf lemma="ので" pos="X">ので</wf>
         <wf lemma="私" pos="X">私</wf>
         <wf lemma="たち" pos="X">たち</wf>
         <wf lemma="は" pos="X">は</wf>
         <wf lemma="浜で" pos="X">浜で</wf>
         <wf lemma="泳" pos="X">泳</wf>
         <wf lemma="が" pos="X">が</wf>
         <wf lemma="なかっ" pos="X">なかっ</wf>
         <wf lemma="た" pos="X">た</wf>
         <wf lemma="." pos="X">.</wf>
      </sentence>
      <sentence id="d000.s2304" source="wordnet-japanese">
         <instance id="d000.s2304.t000" lemma="適切" pos="ADJ">適切</instance>
         <wf lemma="な" pos="X">な</wf>
         <wf lemma="医療" pos="X">医療</wf>
         <wf lemma="." pos="X">.</wf>
      </sentence>
      <sentence id="d000.s2305" source="wordnet-japanese">
         <wf lemma="彼" pos="X">彼</wf>
         <wf lemma="は" pos="X">は</wf>
         <wf lemma="、" pos="X">、</wf>
         <instance id="d000.s2305.t000" lemma="畏敬" pos="NOUN">畏敬</instance>
         <wf lemma="の" pos="X">の</wf>
         <wf lemma="念" pos="X">念</wf>
         <wf lemma="を" pos="X">を</wf>
         <wf lemma="持っ" pos="X">持っ</wf>
         <wf lemma="て" pos="X">て</wf>
         <wf lemma="見つめ" pos="X">見つめ</wf>
         <wf lemma="た" pos="X">た</wf>
         <wf lemma="." pos="X">.</wf>
      </sentence>
      <sentence id="d000.s2306" source="wordnet-japanese">
         <wf lemma="彗星" pos="X">彗星</wf>
         <wf lemma="が" pos="X">が</wf>
         <instance id="d000.s2306.t000" lemma="大気圏" pos="NOUN">大気圏</instance>
         <wf lemma="に" pos="X">に</wf>
         <wf lemma="入っ" pos="X">入っ</wf>
         <wf lemma="た" pos="X">た</wf>
         <wf lemma="とき" pos="X">とき</wf>
         <wf lemma="、" pos="X">、</wf>
         <wf lemma="すごい" pos="X">すごい</wf>
         <wf lemma="熱" pos="X">熱</wf>
         <wf lemma="が" pos="X">が</wf>
         <wf lemma="生じ" pos="X">生じ</wf>
         <wf lemma="た" pos="X">た</wf>
         <wf lemma="." pos="X">.</wf>
      </sentence>
      <sentence id="d000.s2307" source="wordnet-japanese">
         <wf lemma="レスラー" pos="X">レスラー</wf>
         <wf lemma="の" pos="X">の</wf>
         <instance id="d000.s2307.t000" lemma="突進" pos="NOUN">突進</instance>
         <wf lemma="は" pos="X">は</wf>
         <wf lemma="敵" pos="X">敵</wf>
         <wf lemma="を" pos="X">を</wf>
         <wf lemma="過ぎ" pos="X">過ぎ</wf>
         <wf lemma="て" pos="X">て</wf>
         <wf lemma="行っ" pos="X">行っ</wf>
         <wf lemma="た" pos="X">た</wf>
         <wf lemma="." pos="X">.</wf>
      </sentence>
      <sentence id="d000.s2308" source="wordnet-japanese">
         <wf lemma="友人" pos="X">友人</wf>
         <wf lemma="に" pos="X">に</wf>
         <instance id="d000.s2308.t000" lemma="頼る" pos="VERB">頼っ</instance>
         <wf lemma="て" pos="X">て</wf>
         <wf lemma="ください" pos="X">ください</wf>
         <wf lemma="." pos="X">.</wf>
      </sentence>
      <sentence id="d000.s2309" source="wordnet-japanese">
         <wf lemma="人生" pos="X">人生</wf>
         <wf lemma="において" pos="X">において</wf>
         <wf lemma="、" pos="X">、</wf>
         <wf lemma="あなた" pos="X">あなた</wf>
         <wf lemma="は" pos="X">は</wf>
         <instance id="d000.s2309.t000" lemma="譲り合う" pos="VERB">譲り合わ</instance>
         <wf lemma="なければ" pos="X">なければ</wf>
         <wf lemma="なら" pos="X">なら</wf>
         <wf lemma="ない" pos="X">ない</wf>
         <wf lemma="." pos="X">.</wf>
      </sentence>
      <sentence id="d000.s2310" source="wordnet-japanese">
         <wf lemma="非常" pos="X">非常</wf>
         <wf lemma="に" pos="X">に</wf>
         <instance id="d000.s2310.t000" lemma="近い" pos="ADJ">近い</instance>
         <wf lemma="もの" pos="X">もの</wf>
         <wf lemma="." pos="X">.</wf>
      </sentence>
      <sentence id="d000.s2311" source="wordnet-japanese">
         <instance id="d000.s2311.t000" lemma="一方的" pos="ADJ">一方的</instance>
         <wf lemma="な" pos="X">な</wf>
         <wf lemma="決定" pos="X">決定</wf>
         <wf lemma="." pos="X">.</wf>
      </sentence>
      <sentence id="d000.s2312" source="wordnet-japanese">
         <wf lemma="言葉" pos="X">言葉</wf>
         <wf lemma="が" pos="X">が</wf>
         <wf lemma="それら" pos="X">それら</wf>
         <wf lemma="自身" pos="X">自身</wf>
         <wf lemma="から" pos="X">から</wf>
         <instance id="d000.s2312.t000" lemma="出る" pos="VERB">出</instance>
         <wf lemma="て" pos="X">て</wf>
         <wf lemma="き" pos="X">き</wf>
         <wf lemma="て" pos="X">て</wf>
         <wf lemma="いる" pos="X">いる</wf>
         <wf lemma="よう" pos="X">よう</wf>
         <wf lemma="だっ" pos="X">だっ</wf>
         <wf lemma="た" pos="X">た</wf>
         <wf lemma="." pos="X">.</wf>
      </sentence>
      <sentence id="d000.s2313" source="wordnet-japanese">
         <wf lemma="2" pos="X">2</wf>
         <wf lemma="つ" pos="X">つ</wf>
         <wf lemma="の" pos="X">の</wf>
         <instance id="d000.s2313.t000" lemma="部分" pos="NOUN">部分</instance>
         <wf lemma="を" pos="X">を</wf>
         <wf lemma="くっつける" pos="X">くっつける</wf>
         <wf lemma="." pos="X">.</wf>
      </sentence>
      <sentence id="d000.s2314" source="wordnet-japanese">
         <wf lemma="「" pos="X">「</wf>
         <wf lemma="政府" pos="X">政府</wf>
         <wf lemma="という" pos="X">という</wf>
         <wf lemma="もの" pos="X">もの</wf>
         <wf lemma="は" pos="X">は</wf>
         <instance id="d000.s2314.t000" lemma="被治者" pos="NOUN">被治者</instance>
         <wf lemma="の" pos="X">の</wf>
         <wf lemma="同意" pos="X">同意</wf>
         <wf lemma="を" pos="X">を</wf>
         <wf lemma="得" pos="X">得</wf>
         <wf lemma="て" pos="X">て</wf>
         <wf lemma="初めて" pos="X">初めて</wf>
         <wf lemma="権力" pos="X">権力</wf>
         <wf lemma="を" pos="X">を</wf>
         <wf lemma="得る" pos="X">得る</wf>
         <wf lemma="」" pos="X">」</wf>
         <wf lemma="−" pos="X">−</wf>
         <wf lemma="−" pos="X">−</wf>
         <wf lemma="独立" pos="X">独立</wf>
         <wf lemma="宣言" pos="X">宣言</wf>
         <wf lemma="." pos="X">.</wf>
      </sentence>
      <sentence id="d000.s2315" source="wordnet-japanese">
         <wf lemma="その" pos="X">その</wf>
         <wf lemma="治療" pos="X">治療</wf>
         <wf lemma="は" pos="X">は</wf>
         <wf lemma="初年" pos="X">初年</wf>
         <wf lemma="の" pos="X">の</wf>
         <wf lemma="ニキビ" pos="X">ニキビ</wf>
         <wf lemma="を" pos="X">を</wf>
         <instance id="d000.s2315.t000" lemma="治す" pos="VERB">治し</instance>
         <wf lemma="た" pos="X">た</wf>
         <wf lemma="." pos="X">.</wf>
      </sentence>
      <sentence id="d000.s2316" source="wordnet-japanese">
         <wf lemma="血" pos="X">血</wf>
         <wf lemma="を" pos="X">を</wf>
         <instance id="d000.s2316.t000" lemma="流す" pos="VERB">流す</instance>
         <wf lemma="." pos="X">.</wf>
      </sentence>
      <sentence id="d000.s2317" source="wordnet-japanese">
         <wf lemma="喫煙" pos="X">喫煙</wf>
         <wf lemma="が" pos="X">が</wf>
         <wf lemma="肺" pos="X">肺</wf>
         <wf lemma="ガン" pos="X">ガン</wf>
         <wf lemma="の" pos="X">の</wf>
         <wf lemma="原因" pos="X">原因</wf>
         <wf lemma="と" pos="X">と</wf>
         <wf lemma="なる" pos="X">なる</wf>
         <wf lemma="という" pos="X">という</wf>
         <instance id="d000.s2317.t000" lemma="証拠" pos="NOUN">証拠</instance>
         <wf lemma="は" pos="X">は</wf>
         <wf lemma="とても" pos="X">とても</wf>
         <wf lemma="説得力" pos="X">説得力</wf>
         <wf lemma="が" pos="X">が</wf>
         <wf lemma="ある" pos="X">ある</wf>
         <wf lemma="." pos="X">.</wf>
      </sentence>
      <sentence id="d000.s2318" source="wordnet-japanese">
         <instance id="d000.s2318.t000" lemma="かなり" pos="ADV">かなり</instance>
         <wf lemma="おいしい" pos="X">おいしい</wf>
         <wf lemma="." pos="X">.</wf>
      </sentence>
      <sentence id="d000.s2319" source="wordnet-japanese">
         <wf lemma="彼" pos="X">彼</wf>
         <wf lemma="は" pos="X">は</wf>
         <wf lemma="、" pos="X">、</wf>
         <wf lemma="手品" pos="X">手品</wf>
         <wf lemma="や" pos="X">や</wf>
         <wf lemma="その" pos="X">その</wf>
         <wf lemma="他" pos="X">他</wf>
         <wf lemma="の" pos="X">の</wf>
         <instance id="d000.s2319.t000" lemma="魅力" pos="NOUN">魅力</instance>
         <wf lemma="で" pos="X">で</wf>
         <wf lemma="子供" pos="X">子供</wf>
         <wf lemma="たち" pos="X">たち</wf>
         <wf lemma="を" pos="X">を</wf>
         <wf lemma="魅了" pos="X">魅了</wf>
         <wf lemma="し" pos="X">し</wf>
         <wf lemma="た" pos="X">た</wf>
         <wf lemma="." pos="X">.</wf>
      </sentence>
      <sentence id="d000.s2320" source="wordnet-japanese">
         <instance id="d000.s2320.t000" lemma="不変" pos="ADJ">不変</instance>
         <wf lemma="の" pos="X">の</wf>
         <wf lemma="基本" pos="X">基本</wf>
         <wf lemma="規則" pos="X">規則</wf>
         <wf lemma="." pos="X">.</wf>
      </sentence>
      <sentence id="d000.s2321" source="wordnet-japanese">
         <instance id="d000.s2321.t000" lemma="頑強" pos="ADJ">頑強</instance>
         <wf lemma="な" pos="X">な</wf>
         <wf lemma="多年" pos="X">多年</wf>
         <wf lemma="生植物" pos="X">生植物</wf>
         <wf lemma="." pos="X">.</wf>
      </sentence>
      <sentence id="d000.s2322" source="wordnet-japanese">
         <wf lemma="彼ら" pos="X">彼ら</wf>
         <wf lemma="は" pos="X">は</wf>
         <wf lemma="、" pos="X">、</wf>
         <wf lemma="結果" pos="X">結果</wf>
         <wf lemma="に関する" pos="X">に関する</wf>
         <instance id="d000.s2322.t000" lemma="ニュース" pos="NOUN">ニュース</instance>
         <wf lemma="を" pos="X">を</wf>
         <wf lemma="待っ" pos="X">待っ</wf>
         <wf lemma="た" pos="X">た</wf>
         <wf lemma="." pos="X">.</wf>
      </sentence>
      <sentence id="d000.s2323" source="wordnet-japanese">
         <wf lemma="ターナー" pos="X">ターナー</wf>
         <wf lemma="の" pos="X">の</wf>
         <wf lemma="虹" pos="X">虹</wf>
         <wf lemma="の" pos="X">の</wf>
         <wf lemma="ビジョン" pos="X">ビジョン</wf>
         <wf lemma="…" pos="X">…</wf>
         <instance id="d000.s2323.t000" lemma="詩的" pos="ADJ">詩的</instance>
         <wf lemma="だっ" pos="X">だっ</wf>
         <wf lemma="た" pos="X">た</wf>
         <wf lemma="." pos="X">.</wf>
      </sentence>
      <sentence id="d000.s2324" source="wordnet-japanese">
         <wf lemma="彼女" pos="X">彼女</wf>
         <wf lemma="は" pos="X">は</wf>
         <wf lemma="彼女" pos="X">彼女</wf>
         <wf lemma="の" pos="X">の</wf>
         <wf lemma="父" pos="X">父</wf>
         <wf lemma="に" pos="X">に</wf>
         <instance id="d000.s2324.t000" lemma="似る" pos="VERB">似</instance>
         <wf lemma="て" pos="X">て</wf>
         <wf lemma="い" pos="X">い</wf>
         <wf lemma="ます" pos="X">ます</wf>
         <wf lemma="！" pos="X">！</wf>
         <wf lemma="." pos="X">.</wf>
      </sentence>
      <sentence id="d000.s2325" source="wordnet-japanese">
         <wf lemma="記憶" pos="X">記憶</wf>
         <wf lemma="の" pos="X">の</wf>
         <instance id="d000.s2325.t000" lemma="形成" pos="NOUN">形成</instance>
         <wf lemma="." pos="X">.</wf>
      </sentence>
      <sentence id="d000.s2326" source="wordnet-japanese">
         <wf lemma="彼" pos="X">彼</wf>
         <wf lemma="は" pos="X">は</wf>
         <wf lemma="、" pos="X">、</wf>
         <wf lemma="彼女" pos="X">彼女</wf>
         <wf lemma="の" pos="X">の</wf>
         <wf lemma="後" pos="X">後</wf>
         <wf lemma="を" pos="X">を</wf>
         <instance id="d000.s2326.t000" lemma="すぐ" pos="ADV">すぐ</instance>
         <wf lemma="に" pos="X">に</wf>
         <wf lemma="通り" pos="X">通り</wf>
         <wf lemma="すぎ" pos="X">すぎ</wf>
         <wf lemma="た" pos="X">た</wf>
         <wf lemma="." pos="X">.</wf>
      </sentence>
      <sentence id="d000.s2327" source="wordnet-japanese">
         <wf lemma="非常" pos="X">非常</wf>
         <wf lemma="に" pos="X">に</wf>
         <wf lemma="高い" pos="X">高い</wf>
         <wf lemma="温度" pos="X">温度</wf>
         <wf lemma="で" pos="X">で</wf>
         <instance id="d000.s2327.t000" lemma="溶かす" pos="VERB">溶かさ</instance>
         <wf lemma="れ" pos="X">れ</wf>
         <wf lemma="た" pos="X">た</wf>
         <wf lemma="物質" pos="X">物質</wf>
         <wf lemma="." pos="X">.</wf>
      </sentence>
      <sentence id="d000.s2328" source="wordnet-japanese">
         <wf lemma="ワックス" pos="X">ワックス</wf>
         <wf lemma="や" pos="X">や</wf>
         <wf lemma="粘土" pos="X">粘土</wf>
         <wf lemma="など" pos="X">など</wf>
         <wf lemma="の" pos="X">の</wf>
         <instance id="d000.s2328.t000" lemma="可塑性" pos="ADJ">可塑性</instance>
         <wf lemma="物質" pos="X">物質</wf>
         <wf lemma="." pos="X">.</wf>
      </sentence>
      <sentence id="d000.s2329" source="wordnet-japanese">
         <instance id="d000.s2329.t000" lemma="異常" pos="ADJ">異常</instance>
         <wf lemma="な" pos="X">な</wf>
         <wf lemma="集中力" pos="X">集中力</wf>
         <wf lemma="." pos="X">.</wf>
      </sentence>
      <sentence id="d000.s2330" source="wordnet-japanese">
         <wf lemma="風向計" pos="X">風向計</wf>
         <wf lemma="は" pos="X">は</wf>
         <wf lemma="北" pos="X">北</wf>
         <wf lemma="を" pos="X">を</wf>
         <instance id="d000.s2330.t000" lemma="指す" pos="VERB">指す</instance>
         <wf lemma="." pos="X">.</wf>
      </sentence>
      <sentence id="d000.s2331" source="wordnet-japanese">
         <wf lemma="この" pos="X">この</wf>
         <wf lemma="手順" pos="X">手順</wf>
         <wf lemma="は" pos="X">は</wf>
         <wf lemma="奇妙" pos="X">奇妙</wf>
         <wf lemma="な" pos="X">な</wf>
         <wf lemma="効果" pos="X">効果</wf>
         <wf lemma="を" pos="X">を</wf>
         <instance id="d000.s2331.t000" lemma="生む" pos="VERB">生む</instance>
         <wf lemma="." pos="X">.</wf>
      </sentence>
      <sentence id="d000.s2332" source="wordnet-japanese">
         <instance id="d000.s2332.t000" lemma="恐ろしい" pos="ADJ">恐ろしい</instance>
         <wf lemma="危険" pos="X">危険</wf>
         <wf lemma="." pos="X">.</wf>
      </sentence>
      <sentence id="d000.s2333" source="wordnet-japanese">
         <wf lemma="キリスト教" pos="X">キリスト教</wf>
         <wf lemma="の" pos="X">の</wf>
         <instance id="d000.s2333.t000" lemma="教え" pos="NOUN">教え</instance>
         <wf lemma="すべて" pos="X">すべて</wf>
         <wf lemma="を" pos="X">を</wf>
         <wf lemma="信じ" pos="X">信じ</wf>
         <wf lemma="て" pos="X">て</wf>
         <wf lemma="い" pos="X">い</wf>
         <wf lemma="た" pos="X">た</wf>
         <wf lemma="." pos="X">.</wf>
      </sentence>
      <sentence id="d000.s2334" source="wordnet-japanese">
         <wf lemma="それ" pos="X">それ</wf>
         <wf lemma="を" pos="X">を</wf>
         <wf lemma="焼く" pos="X">焼く</wf>
         <wf lemma="前" pos="X">前</wf>
         <wf lemma="に" pos="X">に</wf>
         <wf lemma="、" pos="X">、</wf>
         <wf lemma="粘土" pos="X">粘土</wf>
         <wf lemma="に" pos="X">に</wf>
         <instance id="d000.s2334.t000" lemma="刻む" pos="VERB">刻み</instance>
         <wf lemma="目" pos="X">目</wf>
         <wf lemma="を" pos="X">を</wf>
         <wf lemma="入れる" pos="X">入れる</wf>
         <wf lemma="." pos="X">.</wf>
      </sentence>
      <sentence id="d000.s2335" source="wordnet-japanese">
         <wf lemma="考古学者" pos="X">考古学者</wf>
         <wf lemma="は" pos="X">は</wf>
         <wf lemma="多く" pos="X">多く</wf>
         <wf lemma="の" pos="X">の</wf>
         <wf lemma="仕事" pos="X">仕事</wf>
         <wf lemma="を" pos="X">を</wf>
         <instance id="d000.s2335.t000" lemma="現場" pos="NOUN">現場</instance>
         <wf lemma="で" pos="X">で</wf>
         <wf lemma="行う" pos="X">行う</wf>
         <wf lemma="." pos="X">.</wf>
      </sentence>
      <sentence id="d000.s2336" source="wordnet-japanese">
         <instance id="d000.s2336.t000" lemma="正直" pos="ADJ">正直</instance>
         <wf lemma="な" pos="X">な</wf>
         <wf lemma="弁護士" pos="X">弁護士</wf>
         <wf lemma="." pos="X">.</wf>
      </sentence>
      <sentence id="d000.s2337" source="wordnet-japanese">
         <instance id="d000.s2337.t000" lemma="西暦" pos="ADV">西暦</instance>
         <wf lemma="200" pos="X">200</wf>
         <wf lemma="年" pos="X">年</wf>
         <wf lemma="に" pos="X">に</wf>
         <wf lemma="." pos="X">.</wf>
      </sentence>
      <sentence id="d000.s2338" source="wordnet-japanese">
         <wf lemma="私" pos="X">私</wf>
         <wf lemma="は" pos="X">は</wf>
         <wf lemma="奇跡" pos="X">奇跡</wf>
         <wf lemma="を" pos="X">を</wf>
         <instance id="d000.s2338.t000" lemma="もたらす" pos="VERB">もたらす</instance>
         <wf lemma="こと" pos="X">こと</wf>
         <wf lemma="は" pos="X">は</wf>
         <wf lemma="出来" pos="X">出来</wf>
         <wf lemma="ない" pos="X">ない</wf>
         <wf lemma="." pos="X">.</wf>
      </sentence>
      <sentence id="d000.s2339" source="wordnet-japanese">
         <wf lemma="植物学" pos="X">植物学</wf>
         <wf lemma="は" pos="X">は</wf>
         <wf lemma="生物学" pos="X">生物学</wf>
         <wf lemma="の" pos="X">の</wf>
         <wf lemma="一" pos="X">一</wf>
         <instance id="d000.s2339.t000" lemma="部門" pos="NOUN">部門</instance>
         <wf lemma="である" pos="X">である</wf>
         <wf lemma="." pos="X">.</wf>
      </sentence>
      <sentence id="d000.s2340" source="wordnet-japanese">
         <wf lemma="彼" pos="X">彼</wf>
         <wf lemma="は" pos="X">は</wf>
         <wf lemma="それ" pos="X">それ</wf>
         <wf lemma="に対する" pos="X">に対する</wf>
         <instance id="d000.s2340.t000" lemma="非難" pos="NOUN">非難</instance>
         <wf lemma="を" pos="X">を</wf>
         <wf lemma="受け" pos="X">受け</wf>
         <wf lemma="た" pos="X">た</wf>
         <wf lemma="." pos="X">.</wf>
      </sentence>
      <sentence id="d000.s2341" source="wordnet-japanese">
         <wf lemma="彼" pos="X">彼</wf>
         <wf lemma="は" pos="X">は</wf>
         <wf lemma="、" pos="X">、</wf>
         <wf lemma="結婚式" pos="X">結婚式</wf>
         <wf lemma="の" pos="X">の</wf>
         <wf lemma="ため" pos="X">ため</wf>
         <wf lemma="に" pos="X">に</wf>
         <wf lemma="彼" pos="X">彼</wf>
         <wf lemma="の" pos="X">の</wf>
         <wf lemma="最高" pos="X">最高</wf>
         <wf lemma="の" pos="X">の</wf>
         <wf lemma="スーツ" pos="X">スーツ</wf>
         <wf lemma="を" pos="X">を</wf>
         <instance id="d000.s2341.t000" lemma="着る" pos="VERB">着</instance>
         <wf lemma="た" pos="X">た</wf>
         <wf lemma="." pos="X">.</wf>
      </sentence>
      <sentence id="d000.s2342" source="wordnet-japanese">
         <instance id="d000.s2342.t000" lemma="直列" pos="NOUN">直列</instance>
         <wf lemma="の" pos="X">の</wf>
         <wf lemma="固定" pos="X">固定</wf>
         <wf lemma="抵抗器" pos="X">抵抗器</wf>
         <wf lemma="から" pos="X">から</wf>
         <wf lemma="成る" pos="X">成る</wf>
         <wf lemma="分圧器" pos="X">分圧器</wf>
         <wf lemma="." pos="X">.</wf>
      </sentence>
      <sentence id="d000.s2343" source="wordnet-japanese">
         <wf lemma="コストオルズ" pos="X">コストオルズ</wf>
         <wf lemma="は" pos="X">は</wf>
         <wf lemma="イギリス" pos="X">イギリス</wf>
         <wf lemma="の" pos="X">の</wf>
         <wf lemma="かつて" pos="X">かつて</wf>
         <wf lemma="の" pos="X">の</wf>
         <wf lemma="羊毛" pos="X">羊毛</wf>
         <wf lemma="産業" pos="X">産業</wf>
         <wf lemma="の" pos="X">の</wf>
         <instance id="d000.s2343.t000" lemma="先端" pos="NOUN">先端</instance>
         <wf lemma="都市" pos="X">都市</wf>
         <wf lemma="であっ" pos="X">であっ</wf>
         <wf lemma="た" pos="X">た</wf>
         <wf lemma="." pos="X">.</wf>
      </sentence>
      <sentence id="d000.s2344" source="wordnet-japanese">
         <wf lemma="両大" pos="X">両大</wf>
         <wf lemma="戦間" pos="X">戦間</wf>
         <wf lemma="時代" pos="X">時代</wf>
         <wf lemma="の" pos="X">の</wf>
         <instance id="d000.s2344.t000" lemma="政治" pos="NOUN">政治</instance>
         <wf lemma="を" pos="X">を</wf>
         <wf lemma="支配" pos="X">支配</wf>
         <wf lemma="し" pos="X">し</wf>
         <wf lemma="た" pos="X">た</wf>
         <wf lemma="失業" pos="X">失業</wf>
         <wf lemma="." pos="X">.</wf>
      </sentence>
      <sentence id="d000.s2345" source="wordnet-japanese">
         <wf lemma="彼女" pos="X">彼女</wf>
         <wf lemma="は" pos="X">は</wf>
         <wf lemma="、" pos="X">、</wf>
         <wf lemma="幼児" pos="X">幼児</wf>
         <wf lemma="期" pos="X">期</wf>
         <wf lemma="から" pos="X">から</wf>
         <instance id="d000.s2345.t000" lemma="小発作" pos="NOUN">小発作</instance>
         <wf lemma="を" pos="X">を</wf>
         <wf lemma="患っ" pos="X">患っ</wf>
         <wf lemma="て" pos="X">て</wf>
         <wf lemma="い" pos="X">い</wf>
         <wf lemma="た" pos="X">た</wf>
         <wf lemma="." pos="X">.</wf>
      </sentence>
      <sentence id="d000.s2346" source="wordnet-japanese">
         <instance id="d000.s2346.t000" lemma="おいしい" pos="ADJ">おいしい</instance>
         <wf lemma="一口" pos="X">一口</wf>
         <wf lemma="." pos="X">.</wf>
      </sentence>
      <sentence id="d000.s2347" source="wordnet-japanese">
         <instance id="d000.s2347.t000" lemma="直接的" pos="ADJ">直接的</instance>
         <wf lemma="な" pos="X">な</wf>
         <wf lemma="遺伝" pos="X">遺伝</wf>
         <wf lemma="." pos="X">.</wf>
      </sentence>
      <sentence id="d000.s2348" source="wordnet-japanese">
         <wf lemma="手術" pos="X">手術</wf>
         <wf lemma="の" pos="X">の</wf>
         <wf lemma="後" pos="X">後</wf>
         <wf lemma="、" pos="X">、</wf>
         <wf lemma="彼女" pos="X">彼女</wf>
         <wf lemma="は" pos="X">は</wf>
         <wf lemma="青ざめ" pos="X">青ざめ</wf>
         <wf lemma="て" pos="X">て</wf>
         <wf lemma="いる" pos="X">いる</wf>
         <wf lemma="ように" pos="X">ように</wf>
         <instance id="d000.s2348.t000" lemma="見える" pos="VERB">見え</instance>
         <wf lemma="た" pos="X">た</wf>
         <wf lemma="." pos="X">.</wf>
      </sentence>
      <sentence id="d000.s2349" source="wordnet-japanese">
         <wf lemma="フランス" pos="X">フランス</wf>
         <wf lemma="の" pos="X">の</wf>
         <instance id="d000.s2349.t000" lemma="歴史" pos="NOUN">歴史</instance>
         <wf lemma="." pos="X">.</wf>
      </sentence>
      <sentence id="d000.s2350" source="wordnet-japanese">
         <wf lemma="アラスカ" pos="X">アラスカ</wf>
         <wf lemma="の" pos="X">の</wf>
         <wf lemma="資源" pos="X">資源</wf>
         <instance id="d000.s2350.t000" lemma="開発" pos="NOUN">開発</instance>
         <wf lemma="." pos="X">.</wf>
      </sentence>
      <sentence id="d000.s2351" source="wordnet-japanese">
         <wf lemma="彼" pos="X">彼</wf>
         <wf lemma="の" pos="X">の</wf>
         <instance id="d000.s2351.t000" lemma="支援" pos="NOUN">支援</instance>
         <wf lemma="で" pos="X">で</wf>
         <wf lemma="、" pos="X">、</wf>
         <wf lemma="家族" pos="X">家族</wf>
         <wf lemma="は" pos="X">は</wf>
         <wf lemma="一緒" pos="X">一緒</wf>
         <wf lemma="に" pos="X">に</wf>
         <wf lemma="いる" pos="X">いる</wf>
         <wf lemma="こと" pos="X">こと</wf>
         <wf lemma="が" pos="X">が</wf>
         <wf lemma="でき" pos="X">でき</wf>
         <wf lemma="た" pos="X">た</wf>
         <wf lemma="." pos="X">.</wf>
      </sentence>
      <sentence id="d000.s2352" source="wordnet-japanese">
         <wf lemma="私たち" pos="X">私たち</wf>
         <wf lemma="は" pos="X">は</wf>
         <wf lemma="、" pos="X">、</wf>
         <instance id="d000.s2352.t000" lemma="夜明け" pos="NOUN">夜明け</instance>
         <wf lemma="前" pos="X">前</wf>
         <wf lemma="に" pos="X">に</wf>
         <wf lemma="起き" pos="X">起き</wf>
         <wf lemma="た" pos="X">た</wf>
         <wf lemma="." pos="X">.</wf>
      </sentence>
      <sentence id="d000.s2353" source="wordnet-japanese">
         <wf lemma="彼" pos="X">彼</wf>
         <wf lemma="の" pos="X">の</wf>
         <wf lemma="敵" pos="X">敵</wf>
         <wf lemma="に対して" pos="X">に対して</wf>
         <instance id="d000.s2353.t000" lemma="寛大" pos="ADJ">寛大</instance>
         <wf lemma="な" pos="X">な</wf>
         <wf lemma="." pos="X">.</wf>
      </sentence>
      <sentence id="d000.s2354" source="wordnet-japanese">
         <wf lemma="結果" pos="X">結果</wf>
         <wf lemma="と" pos="X">と</wf>
         <wf lemma="し" pos="X">し</wf>
         <wf lemma="て" pos="X">て</wf>
         <wf lemma="彼" pos="X">彼</wf>
         <wf lemma="は" pos="X">は</wf>
         <wf lemma="すべて" pos="X">すべて</wf>
         <wf lemma="の" pos="X">の</wf>
         <wf lemma="特権" pos="X">特権</wf>
         <wf lemma="を" pos="X">を</wf>
         <instance id="d000.s2354.t000" lemma="拒否" pos="NOUN">拒否</instance>
         <wf lemma="さ" pos="X">さ</wf>
         <wf lemma="れる" pos="X">れる</wf>
         <wf lemma="こと" pos="X">こと</wf>
         <wf lemma="に" pos="X">に</wf>
         <wf lemma="なっ" pos="X">なっ</wf>
         <wf lemma="た" pos="X">た</wf>
         <wf lemma="." pos="X">.</wf>
      </sentence>
      <sentence id="d000.s2355" source="wordnet-japanese">
         <wf lemma="我々" pos="X">我々</wf>
         <wf lemma="の" pos="X">の</wf>
         <wf lemma="子供" pos="X">子供</wf>
         <wf lemma="たち" pos="X">たち</wf>
         <wf lemma="が" pos="X">が</wf>
         <wf lemma="小さかっ" pos="X">小さかっ</wf>
         <wf lemma="た" pos="X">た</wf>
         <wf lemma="とき" pos="X">とき</wf>
         <wf lemma="、" pos="X">、</wf>
         <wf lemma="我々" pos="X">我々</wf>
         <wf lemma="は" pos="X">は</wf>
         <wf lemma="決して" pos="X">決して</wf>
         <instance id="d000.s2355.t000" lemma="出かける" pos="VERB">出かけ</instance>
         <wf lemma="なかっ" pos="X">なかっ</wf>
         <wf lemma="た" pos="X">た</wf>
         <wf lemma="." pos="X">.</wf>
      </sentence>
      <sentence id="d000.s2356" source="wordnet-japanese">
         <instance id="d000.s2356.t000" lemma="鋭い" pos="ADJ">鋭い</instance>
         <wf lemma="刃" pos="X">刃</wf>
         <wf lemma="." pos="X">.</wf>
      </sentence>
      <sentence id="d000.s2357" source="wordnet-japanese">
         <wf lemma="弾丸" pos="X">弾丸</wf>
         <wf lemma="の" pos="X">の</wf>
         <wf lemma="ような" pos="X">ような</wf>
         <instance id="d000.s2357.t000" lemma="雨" pos="NOUN">雨</instance>
         <wf lemma="." pos="X">.</wf>
      </sentence>
      <sentence id="d000.s2358" source="wordnet-japanese">
         <wf lemma="仕事" pos="X">仕事</wf>
         <wf lemma="は" pos="X">は</wf>
         <wf lemma="（" pos="X">（</wf>
         <wf lemma="ちょうど" pos="X">ちょうど</wf>
         <wf lemma="）" pos="X">）</wf>
         <wf lemma="大方" pos="X">大方</wf>
         <wf lemma="終わっ" pos="X">終わっ</wf>
         <wf lemma="た" pos="X">た</wf>
         <wf lemma="：" pos="X">：</wf>
         <instance id="d000.s2358.t000" lemma="ほとんど" pos="ADV">ほとんど</instance>
         <wf lemma="の" pos="X">の</wf>
         <wf lemma="人" pos="X">人</wf>
         <wf lemma="が" pos="X">が</wf>
         <wf lemma="同意" pos="X">同意</wf>
         <wf lemma="する" pos="X">する</wf>
         <wf lemma="." pos="X">.</wf>
      </sentence>
      <sentence id="d000.s2359" source="wordnet-japanese">
         <wf lemma="コメディー" pos="X">コメディー</wf>
         <instance id="d000.s2359.t000" lemma="シリーズ" pos="NOUN">シリーズ</instance>
         <wf lemma="." pos="X">.</wf>
      </sentence>
      <sentence id="d000.s2360" source="wordnet-japanese">
         <wf lemma="議長" pos="X">議長</wf>
         <wf lemma="の" pos="X">の</wf>
         <wf lemma="甥" pos="X">甥</wf>
         <wf lemma="は" pos="X">は</wf>
         <instance id="d000.s2360.t000" lemma="コネ" pos="NOUN">コネ</instance>
         <wf lemma="が" pos="X">が</wf>
         <wf lemma="多い" pos="X">多い</wf>
         <wf lemma="." pos="X">.</wf>
      </sentence>
      <sentence id="d000.s2361" source="wordnet-japanese">
         <instance id="d000.s2361.t000" lemma="高価" pos="ADJ">高価</instance>
         <wf lemma="な" pos="X">な</wf>
         <wf lemma="服" pos="X">服</wf>
         <wf lemma="." pos="X">.</wf>
      </sentence>
      <sentence id="d000.s2362" source="wordnet-japanese">
         <wf lemma="私" pos="X">私</wf>
         <wf lemma="は" pos="X">は</wf>
         <wf lemma="、" pos="X">、</wf>
         <wf lemma="通常" pos="X">通常</wf>
         <wf lemma="真夜" pos="X">真夜</wf>
         <wf lemma="中" pos="X">中</wf>
         <wf lemma="に" pos="X">に</wf>
         <instance id="d000.s2362.t000" lemma="寝る" pos="VERB">寝る</instance>
         <wf lemma="." pos="X">.</wf>
      </sentence>
      <sentence id="d000.s2363" source="wordnet-japanese">
         <instance id="d000.s2363.t000" lemma="豊か" pos="ADJ">豊か</instance>
         <wf lemma="な" pos="X">な</wf>
         <wf lemma="テノール" pos="X">テノール</wf>
         <wf lemma="の" pos="X">の</wf>
         <wf lemma="声" pos="X">声</wf>
         <wf lemma="." pos="X">.</wf>
      </sentence>
      <sentence id="d000.s2364" source="wordnet-japanese">
         <wf lemma="ピューリタン" pos="X">ピューリタン</wf>
         <wf lemma="時代" pos="X">時代</wf>
         <wf lemma="は" pos="X">は</wf>
         <instance id="d000.s2364.t000" lemma="生彩" pos="NOUN">生彩</instance>
         <wf lemma="に" pos="X">に</wf>
         <wf lemma="欠け" pos="X">欠け</wf>
         <wf lemma="て" pos="X">て</wf>
         <wf lemma="い" pos="X">い</wf>
         <wf lemma="た" pos="X">た</wf>
         <wf lemma="." pos="X">.</wf>
      </sentence>
      <sentence id="d000.s2365" source="wordnet-japanese">
         <wf lemma="彼" pos="X">彼</wf>
         <wf lemma="の" pos="X">の</wf>
         <wf lemma="ハリウッド" pos="X">ハリウッド</wf>
         <wf lemma="で" pos="X">で</wf>
         <wf lemma="の" pos="X">の</wf>
         <wf lemma="最初" pos="X">最初</wf>
         <wf lemma="の" pos="X">の</wf>
         <wf lemma="仕事" pos="X">仕事</wf>
         <wf lemma="は" pos="X">は</wf>
         <wf lemma="クラーク" pos="X">クラーク</wf>
         <wf lemma="・" pos="X">・</wf>
         <wf lemma="ゲーブル" pos="X">ゲーブル</wf>
         <wf lemma="の" pos="X">の</wf>
         <instance id="d000.s2365.t000" lemma="スタントマン" pos="NOUN">スタントマン</instance>
         <wf lemma="だっ" pos="X">だっ</wf>
         <wf lemma="た" pos="X">た</wf>
         <wf lemma="." pos="X">.</wf>
      </sentence>
      <sentence id="d000.s2366" source="wordnet-japanese">
         <wf lemma="その" pos="X">その</wf>
         <instance id="d000.s2366.t000" lemma="指名" pos="NOUN">指名</instance>
         <wf lemma="は" pos="X">は</wf>
         <wf lemma="、" pos="X">、</wf>
         <wf lemma="簡潔" pos="X">簡潔</wf>
         <wf lemma="で" pos="X">で</wf>
         <wf lemma="ポイント" pos="X">ポイント</wf>
         <wf lemma="を" pos="X">を</wf>
         <wf lemma="押さえ" pos="X">押さえ</wf>
         <wf lemma="て" pos="X">て</wf>
         <wf lemma="い" pos="X">い</wf>
         <wf lemma="た" pos="X">た</wf>
         <wf lemma="." pos="X">.</wf>
      </sentence>
      <sentence id="d000.s2367" source="wordnet-japanese">
         <instance id="d000.s2367.t000" lemma="完璧" pos="ADJ">完璧</instance>
         <wf lemma="な" pos="X">な</wf>
         <wf lemma="標本" pos="X">標本</wf>
         <wf lemma="." pos="X">.</wf>
      </sentence>
      <sentence id="d000.s2368" source="wordnet-japanese">
         <instance id="d000.s2368.t000" lemma="ふさわしい" pos="ADJ">ふさわしい</instance>
         <wf lemma="肖像" pos="X">肖像</wf>
         <wf lemma="." pos="X">.</wf>
      </sentence>
      <sentence id="d000.s2369" source="wordnet-japanese">
         <wf lemma="昨日" pos="X">昨日</wf>
         <wf lemma="あなた" pos="X">あなた</wf>
         <wf lemma="の" pos="X">の</wf>
         <instance id="d000.s2369.t000" lemma="夢" pos="NOUN">夢</instance>
         <wf lemma="を" pos="X">を</wf>
         <wf lemma="見" pos="X">見</wf>
         <wf lemma="た" pos="X">た</wf>
         <wf lemma="." pos="X">.</wf>
      </sentence>
      <sentence id="d000.s2370" source="wordnet-japanese">
         <wf lemma="雲" pos="X">雲</wf>
         <wf lemma="の" pos="X">の</wf>
         <instance id="d000.s2370.t000" lemma="斑紋" pos="NOUN">斑紋</instance>
         <wf lemma="." pos="X">.</wf>
      </sentence>
      <sentence id="d000.s2371" source="wordnet-japanese">
         <wf lemma="神経系" pos="X">神経系</wf>
         <wf lemma="の" pos="X">の</wf>
         <instance id="d000.s2371.t000" lemma="完全" pos="NOUN">完全</instance>
         <wf lemma="性" pos="X">性</wf>
         <wf lemma="は" pos="X">は</wf>
         <wf lemma="、" pos="X">、</wf>
         <wf lemma="正常" pos="X">正常</wf>
         <wf lemma="な" pos="X">な</wf>
         <wf lemma="発達" pos="X">発達</wf>
         <wf lemma="に" pos="X">に</wf>
         <wf lemma="必要" pos="X">必要</wf>
         <wf lemma="と" pos="X">と</wf>
         <wf lemma="さ" pos="X">さ</wf>
         <wf lemma="れる" pos="X">れる</wf>
         <wf lemma="." pos="X">.</wf>
      </sentence>
      <sentence id="d000.s2372" source="wordnet-japanese">
         <wf lemma="彼" pos="X">彼</wf>
         <wf lemma="は" pos="X">は</wf>
         <wf lemma="大きく" pos="X">大きく</wf>
         <instance id="d000.s2372.t000" lemma="息" pos="NOUN">息</instance>
         <wf lemma="を" pos="X">を</wf>
         <wf lemma="吸い込み" pos="X">吸い込み</wf>
         <wf lemma="、" pos="X">、</wf>
         <wf lemma="プール" pos="X">プール</wf>
         <wf lemma="に" pos="X">に</wf>
         <wf lemma="飛び込ん" pos="X">飛び込ん</wf>
         <wf lemma="だ" pos="X">だ</wf>
         <wf lemma="." pos="X">.</wf>
      </sentence>
      <sentence id="d000.s2373" source="wordnet-japanese">
         <instance id="d000.s2373.t000" lemma="まったく" pos="ADV">まったく</instance>
         <wf lemma="の" pos="X">の</wf>
         <wf lemma="間違い" pos="X">間違い</wf>
         <wf lemma="であっ" pos="X">であっ</wf>
         <wf lemma="た" pos="X">た</wf>
         <wf lemma="." pos="X">.</wf>
      </sentence>
      <sentence id="d000.s2374" source="wordnet-japanese">
         <instance id="d000.s2374.t000" lemma="専門的" pos="ADJ">専門的</instance>
         <wf lemma="な" pos="X">な</wf>
         <wf lemma="言葉" pos="X">言葉</wf>
         <wf lemma="." pos="X">.</wf>
      </sentence>
      <sentence id="d000.s2375" source="wordnet-japanese">
         <wf lemma="この" pos="X">この</wf>
         <wf lemma="状況" pos="X">状況</wf>
         <wf lemma="から" pos="X">から</wf>
         <wf lemma="アメリカ" pos="X">アメリカ</wf>
         <wf lemma="史" pos="X">史</wf>
         <wf lemma="の" pos="X">の</wf>
         <wf lemma="内的" pos="X">内的</wf>
         <instance id="d000.s2375.t000" lemma="弁証法" pos="NOUN">弁証法</instance>
         <wf lemma="が" pos="X">が</wf>
         <wf lemma="生まれ" pos="X">生まれ</wf>
         <wf lemma="た" pos="X">た</wf>
         <wf lemma="." pos="X">.</wf>
      </sentence>
      <sentence id="d000.s2376" source="wordnet-japanese">
         <instance id="d000.s2376.t000" lemma="極度" pos="ADJ">極度</instance>
         <wf lemma="な" pos="X">な</wf>
         <wf lemma="寒さ" pos="X">寒さ</wf>
         <wf lemma="." pos="X">.</wf>
      </sentence>
      <sentence id="d000.s2377" source="wordnet-japanese">
         <instance id="d000.s2377.t000" lemma="不滅" pos="ADJ">不滅</instance>
         <wf lemma="の" pos="X">の</wf>
         <wf lemma="真理" pos="X">真理</wf>
         <wf lemma="." pos="X">.</wf>
      </sentence>
      <sentence id="d000.s2378" source="wordnet-japanese">
         <wf lemma="病気" pos="X">病気</wf>
         <wf lemma="の" pos="X">の</wf>
         <wf lemma="患者" pos="X">患者</wf>
         <wf lemma="に" pos="X">に</wf>
         <instance id="d000.s2378.t000" lemma="親切" pos="ADJ">親切</instance>
         <wf lemma="で" pos="X">で</wf>
         <wf lemma="ある" pos="X">ある</wf>
         <wf lemma="." pos="X">.</wf>
      </sentence>
      <sentence id="d000.s2379" source="wordnet-japanese">
         <instance id="d000.s2379.t000" lemma="堅固" pos="ADJ">堅固</instance>
         <wf lemma="な" pos="X">な</wf>
         <wf lemma="基礎" pos="X">基礎</wf>
         <wf lemma="." pos="X">.</wf>
      </sentence>
      <sentence id="d000.s2380" source="wordnet-japanese">
         <instance id="d000.s2380.t000" lemma="肥沃" pos="ADJ">肥沃</instance>
         <wf lemma="な" pos="X">な</wf>
         <wf lemma="土壌" pos="X">土壌</wf>
         <wf lemma="." pos="X">.</wf>
      </sentence>
      <sentence id="d000.s2381" source="wordnet-japanese">
         <wf lemma="いじめっ子" pos="X">いじめっ子</wf>
         <wf lemma="は" pos="X">は</wf>
         <instance id="d000.s2381.t000" lemma="引き下がる" pos="VERB">引き下がら</instance>
         <wf lemma="なければ" pos="X">なければ</wf>
         <wf lemma="なら" pos="X">なら</wf>
         <wf lemma="なかっ" pos="X">なかっ</wf>
         <wf lemma="た" pos="X">た</wf>
         <wf lemma="." pos="X">.</wf>
      </sentence>
      <sentence id="d000.s2382" source="wordnet-japanese">
         <wf lemma="『" pos="X">『</wf>
         <wf lemma="釘" pos="X">釘</wf>
         <wf lemma="の" pos="X">の</wf>
         <wf lemma="ように" pos="X">ように</wf>
         <wf lemma="硬い" pos="X">硬い</wf>
         <wf lemma="』" pos="X">』</wf>
         <wf lemma="の" pos="X">の</wf>
         <wf lemma="ような" pos="X">ような</wf>
         <instance id="d000.s2382.t000" lemma="平凡" pos="ADJ">平凡</instance>
         <wf lemma="な" pos="X">な</wf>
         <wf lemma="比喩" pos="X">比喩</wf>
         <wf lemma="." pos="X">.</wf>
      </sentence>
      <sentence id="d000.s2383" source="wordnet-japanese">
         <wf lemma="調和" pos="X">調和</wf>
         <wf lemma="の" pos="X">の</wf>
         <wf lemma="とれ" pos="X">とれ</wf>
         <wf lemma="た" pos="X">た</wf>
         <instance id="d000.s2383.t000" lemma="構成" pos="NOUN">構成</instance>
         <wf lemma="は" pos="X">は</wf>
         <wf lemma="、" pos="X">、</wf>
         <wf lemma="厳密" pos="X">厳密</wf>
         <wf lemma="な" pos="X">な</wf>
         <wf lemma="美術" pos="X">美術</wf>
         <wf lemma="制作" pos="X">制作</wf>
         <wf lemma="において" pos="X">において</wf>
         <wf lemma="非常" pos="X">非常</wf>
         <wf lemma="に" pos="X">に</wf>
         <wf lemma="重要" pos="X">重要</wf>
         <wf lemma="だ" pos="X">だ</wf>
         <wf lemma="." pos="X">.</wf>
      </sentence>
      <sentence id="d000.s2384" source="wordnet-japanese">
         <wf lemma="ジプシー" pos="X">ジプシー</wf>
         <wf lemma="は" pos="X">は</wf>
         <wf lemma="森" pos="X">森</wf>
         <wf lemma="を" pos="X">を</wf>
         <instance id="d000.s2384.t000" lemma="歩き回る" pos="VERB">歩き回っ</instance>
         <wf lemma="た" pos="X">た</wf>
         <wf lemma="." pos="X">.</wf>
      </sentence>
      <sentence id="d000.s2385" source="wordnet-japanese">
         <instance id="d000.s2385.t000" lemma="一般的" pos="ADJ">一般的</instance>
         <wf lemma="な" pos="X">な</wf>
         <wf lemma="読者" pos="X">読者</wf>
         <wf lemma="にとって" pos="X">にとって</wf>
         <wf lemma="、" pos="X">、</wf>
         <wf lemma="分かり" pos="X">分かり</wf>
         <wf lemma="やすい" pos="X">やすい</wf>
         <wf lemma="." pos="X">.</wf>
      </sentence>
      <sentence id="d000.s2386" source="wordnet-japanese">
         <wf lemma="戦争" pos="X">戦争</wf>
         <wf lemma="反対" pos="X">反対</wf>
         <wf lemma="の" pos="X">の</wf>
         <wf lemma="激しい" pos="X">激しい</wf>
         <instance id="d000.s2386.t000" lemma="デモ" pos="NOUN">デモ</instance>
         <wf lemma="が" pos="X">が</wf>
         <wf lemma="あっ" pos="X">あっ</wf>
         <wf lemma="た" pos="X">た</wf>
         <wf lemma="." pos="X">.</wf>
      </sentence>
      <sentence id="d000.s2387" source="wordnet-japanese">
         <wf lemma="抗生" pos="X">抗生</wf>
         <wf lemma="物質" pos="X">物質</wf>
         <wf lemma="で" pos="X">で</wf>
         <wf lemma="傷" pos="X">傷</wf>
         <wf lemma="を" pos="X">を</wf>
         <wf lemma="洗い" pos="X">洗い</wf>
         <instance id="d000.s2387.t000" lemma="流す" pos="VERB">流す</instance>
         <wf lemma="." pos="X">.</wf>
      </sentence>
      <sentence id="d000.s2388" source="wordnet-japanese">
         <wf lemma="環境" pos="X">環境</wf>
         <wf lemma="の" pos="X">の</wf>
         <instance id="d000.s2388.t000" lemma="破壊者" pos="NOUN">破壊者</instance>
         <wf lemma="." pos="X">.</wf>
      </sentence>
      <sentence id="d000.s2389" source="wordnet-japanese">
         <wf lemma="私たち" pos="X">私たち</wf>
         <wf lemma="は" pos="X">は</wf>
         <wf lemma="庭" pos="X">庭</wf>
         <wf lemma="を" pos="X">を</wf>
         <instance id="d000.s2389.t000" lemma="囲む" pos="VERB">囲ん</instance>
         <wf lemma="だ" pos="X">だ</wf>
         <wf lemma="." pos="X">.</wf>
      </sentence>
      <sentence id="d000.s2390" source="wordnet-japanese">
         <wf lemma="彼" pos="X">彼</wf>
         <wf lemma="は" pos="X">は</wf>
         <wf lemma="ニュース" pos="X">ニュース</wf>
         <wf lemma="に" pos="X">に</wf>
         <wf lemma="反応" pos="X">反応</wf>
         <wf lemma="する" pos="X">する</wf>
         <wf lemma="の" pos="X">の</wf>
         <wf lemma="が" pos="X">が</wf>
         <instance id="d000.s2390.t000" lemma="遅い" pos="ADJ">遅かっ</instance>
         <wf lemma="た" pos="X">た</wf>
         <wf lemma="." pos="X">.</wf>
      </sentence>
      <sentence id="d000.s2391" source="wordnet-japanese">
         <wf lemma="芸術的" pos="X">芸術的</wf>
         <wf lemma="な" pos="X">な</wf>
         <wf lemma="価値" pos="X">価値</wf>
         <wf lemma="の" pos="X">の</wf>
         <wf lemma="普遍的" pos="X">普遍的</wf>
         <wf lemma="な" pos="X">な</wf>
         <wf lemma="基準" pos="X">基準</wf>
         <wf lemma="や" pos="X">や</wf>
         <wf lemma="時間" pos="X">時間</wf>
         <wf lemma="を" pos="X">を</wf>
         <wf lemma="超越" pos="X">超越</wf>
         <wf lemma="し" pos="X">し</wf>
         <wf lemma="た" pos="X">た</wf>
         <wf lemma="基準" pos="X">基準</wf>
         <wf lemma="が" pos="X">が</wf>
         <wf lemma="ある" pos="X">ある</wf>
         <wf lemma="と" pos="X">と</wf>
         <wf lemma="推定" pos="X">推定</wf>
         <wf lemma="する" pos="X">する</wf>
         <wf lemma="伝統的" pos="X">伝統的</wf>
         <wf lemma="な" pos="X">な</wf>
         <instance id="d000.s2391.t000" lemma="美学" pos="NOUN">美学</instance>
         <wf lemma="." pos="X">.</wf>
      </sentence>
      <sentence id="d000.s2392" source="wordnet-japanese">
         <wf lemma="私" pos="X">私</wf>
         <wf lemma="は" pos="X">は</wf>
         <wf lemma="、" pos="X">、</wf>
         <wf lemma="眠れ" pos="X">眠れ</wf>
         <wf lemma="ない" pos="X">ない</wf>
         <instance id="d000.s2392.t000" lemma="夜" pos="NOUN">夜</instance>
         <wf lemma="を" pos="X">を</wf>
         <wf lemma="過ごし" pos="X">過ごし</wf>
         <wf lemma="た" pos="X">た</wf>
         <wf lemma="." pos="X">.</wf>
      </sentence>
      <sentence id="d000.s2393" source="wordnet-japanese">
         <instance id="d000.s2393.t000" lemma="無制限" pos="ADJ">無制限</instance>
         <wf lemma="の" pos="X">の</wf>
         <wf lemma="自由" pos="X">自由</wf>
         <wf lemma="の" pos="X">の</wf>
         <wf lemma="理論" pos="X">理論</wf>
         <wf lemma="に" pos="X">に</wf>
         <wf lemma="始まり" pos="X">始まり</wf>
         <wf lemma="、" pos="X">、</wf>
         <wf lemma="無制限" pos="X">無制限</wf>
         <wf lemma="の" pos="X">の</wf>
         <wf lemma="独裁制" pos="X">独裁制</wf>
         <wf lemma="で" pos="X">で</wf>
         <wf lemma="終わる" pos="X">終わる</wf>
         <wf lemma="こと" pos="X">こと</wf>
         <wf lemma="−" pos="X">−</wf>
         <wf lemma="フィリップ" pos="X">フィリップ</wf>
         <wf lemma="・" pos="X">・</wf>
         <wf lemma="ラーヴ" pos="X">ラーヴ</wf>
         <wf lemma="." pos="X">.</wf>
      </sentence>
      <sentence id="d000.s2394" source="wordnet-japanese">
         <instance id="d000.s2394.t000" lemma="漆喰" pos="NOUN">漆喰</instance>
         <wf lemma="に" pos="X">に</wf>
         <wf lemma="ヒビ" pos="X">ヒビ</wf>
         <wf lemma="が" pos="X">が</wf>
         <wf lemma="あっ" pos="X">あっ</wf>
         <wf lemma="た" pos="X">た</wf>
         <wf lemma="." pos="X">.</wf>
      </sentence>
      <sentence id="d000.s2395" source="wordnet-japanese">
         <wf lemma="彼" pos="X">彼</wf>
         <wf lemma="は" pos="X">は</wf>
         <wf lemma="切抜き" pos="X">切抜き</wf>
         <wf lemma="の" pos="X">の</wf>
         <wf lemma="ため" pos="X">ため</wf>
         <wf lemma="に" pos="X">に</wf>
         <wf lemma="他の" pos="X">他の</wf>
         <wf lemma="何枚" pos="X">何枚</wf>
         <wf lemma="か" pos="X">か</wf>
         <wf lemma="の" pos="X">の</wf>
         <wf lemma="紙" pos="X">紙</wf>
         <wf lemma="を" pos="X">を</wf>
         <instance id="d000.s2395.t000" lemma="合わせる" pos="VERB">合わせ</instance>
         <wf lemma="た" pos="X">た</wf>
         <wf lemma="." pos="X">.</wf>
      </sentence>
      <sentence id="d000.s2396" source="wordnet-japanese">
         <wf lemma="あなた" pos="X">あなた</wf>
         <wf lemma="の" pos="X">の</wf>
         <instance id="d000.s2396.t000" lemma="頭" pos="NOUN">頭</instance>
         <wf lemma="を" pos="X">を</wf>
         <wf lemma="使え" pos="X">使え</wf>
         <wf lemma="." pos="X">.</wf>
      </sentence>
      <sentence id="d000.s2397" source="wordnet-japanese">
         <instance id="d000.s2397.t000" lemma="妥当" pos="ADJ">妥当</instance>
         <wf lemma="な" pos="X">な</wf>
         <wf lemma="議論" pos="X">議論</wf>
         <wf lemma="." pos="X">.</wf>
      </sentence>
      <sentence id="d000.s2398" source="wordnet-japanese">
         <wf lemma="バッハ" pos="X">バッハ</wf>
         <wf lemma="の" pos="X">の</wf>
         <wf lemma="、" pos="X">、</wf>
         <instance id="d000.s2398.t000" lemma="特に" pos="ADV">特に</instance>
         <wf lemma="パルティータ" pos="X">パルティータ</wf>
         <wf lemma="を" pos="X">を</wf>
         <wf lemma="愛し" pos="X">愛し</wf>
         <wf lemma="て" pos="X">て</wf>
         <wf lemma="いる" pos="X">いる</wf>
         <wf lemma="." pos="X">.</wf>
      </sentence>
      <sentence id="d000.s2399" source="wordnet-japanese">
         <instance id="d000.s2399.t000" lemma="楽観的" pos="ADJ">楽観的</instance>
         <wf lemma="な" pos="X">な</wf>
         <wf lemma="計画" pos="X">計画</wf>
         <wf lemma="." pos="X">.</wf>
      </sentence>
      <sentence id="d000.s2400" source="wordnet-japanese">
         <wf lemma="私" pos="X">私</wf>
         <wf lemma="は" pos="X">は</wf>
         <wf lemma="彼ら" pos="X">彼ら</wf>
         <wf lemma="に" pos="X">に</wf>
         <instance id="d000.s2400.t000" lemma="率直" pos="ADJ">率直</instance>
         <wf lemma="な" pos="X">な</wf>
         <wf lemma="意見" pos="X">意見</wf>
         <wf lemma="を" pos="X">を</wf>
         <wf lemma="伝え" pos="X">伝え</wf>
         <wf lemma="た" pos="X">た</wf>
         <wf lemma="." pos="X">.</wf>
      </sentence>
      <sentence id="d000.s2401" source="wordnet-japanese">
         <wf lemma="彼" pos="X">彼</wf>
         <wf lemma="は" pos="X">は</wf>
         <wf lemma="軍隊" pos="X">軍隊</wf>
         <wf lemma="に" pos="X">に</wf>
         <wf lemma="アトランタ" pos="X">アトランタ</wf>
         <wf lemma="の" pos="X">の</wf>
         <wf lemma="包囲" pos="X">包囲</wf>
         <instance id="d000.s2401.t000" lemma="解除" pos="NOUN">解除</instance>
         <wf lemma="を" pos="X">を</wf>
         <wf lemma="要請" pos="X">要請</wf>
         <wf lemma="し" pos="X">し</wf>
         <wf lemma="た" pos="X">た</wf>
         <wf lemma="." pos="X">.</wf>
      </sentence>
      <sentence id="d000.s2402" source="wordnet-japanese">
         <instance id="d000.s2402.t000" lemma="そそっかしい" pos="ADJ">そそっかしい</instance>
         <wf lemma="人" pos="X">人</wf>
         <wf lemma="によって" pos="X">によって</wf>
         <wf lemma="忘れ" pos="X">忘れ</wf>
         <wf lemma="られ" pos="X">られ</wf>
         <wf lemma="て" pos="X">て</wf>
         <wf lemma="いる" pos="X">いる</wf>
         <wf lemma="." pos="X">.</wf>
      </sentence>
      <sentence id="d000.s2403" source="wordnet-japanese">
         <wf lemma="統計的" pos="X">統計的</wf>
         <wf lemma="に" pos="X">に</wf>
         <instance id="d000.s2403.t000" lemma="重要" pos="ADJ">重要</instance>
         <wf lemma="な" pos="X">な</wf>
         <wf lemma="." pos="X">.</wf>
      </sentence>
      <sentence id="d000.s2404" source="wordnet-japanese">
         <wf lemma="胃腸" pos="X">胃腸</wf>
         <wf lemma="の" pos="X">の</wf>
         <instance id="d000.s2404.t000" lemma="運動" pos="NOUN">運動</instance>
         <wf lemma="." pos="X">.</wf>
      </sentence>
      <sentence id="d000.s2405" source="wordnet-japanese">
         <instance id="d000.s2405.t000" lemma="衛生的" pos="ADJ">衛生的</instance>
         <wf lemma="な" pos="X">な</wf>
         <wf lemma="洗面所" pos="X">洗面所</wf>
         <wf lemma="." pos="X">.</wf>
      </sentence>
      <sentence id="d000.s2406" source="wordnet-japanese">
         <wf lemma="米国" pos="X">米国</wf>
         <wf lemma="憲法" pos="X">憲法</wf>
         <wf lemma="は" pos="X">は</wf>
         <wf lemma="多く" pos="X">多く</wf>
         <wf lemma="の" pos="X">の</wf>
         <wf lemma="共和国" pos="X">共和国</wf>
         <wf lemma="の" pos="X">の</wf>
         <instance id="d000.s2406.t000" lemma="模範" pos="NOUN">模範</instance>
         <wf lemma="と" pos="X">と</wf>
         <wf lemma="なっ" pos="X">なっ</wf>
         <wf lemma="て" pos="X">て</wf>
         <wf lemma="いる" pos="X">いる</wf>
         <wf lemma="." pos="X">.</wf>
      </sentence>
      <sentence id="d000.s2407" source="wordnet-japanese">
         <wf lemma="彼" pos="X">彼</wf>
         <wf lemma="は" pos="X">は</wf>
         <instance id="d000.s2407.t000" lemma="特に" pos="ADV">特に</instance>
         <wf lemma="スペル" pos="X">スペル</wf>
         <wf lemma="に関して" pos="X">に関して</wf>
         <wf lemma="うる" pos="X">うる</wf>
         <wf lemma="さい" pos="X">さい</wf>
         <wf lemma="." pos="X">.</wf>
      </sentence>
      <sentence id="d000.s2408" source="wordnet-japanese">
         <wf lemma="私" pos="X">私</wf>
         <wf lemma="は" pos="X">は</wf>
         <wf lemma="キャンプ" pos="X">キャンプ</wf>
         <wf lemma="旅行" pos="X">旅行</wf>
         <wf lemma="の" pos="X">の</wf>
         <wf lemma="配給量" pos="X">配給量</wf>
         <wf lemma="を" pos="X">を</wf>
         <instance id="d000.s2408.t000" lemma="割り当てる" pos="VERB">割り当て</instance>
         <wf lemma="て" pos="X">て</wf>
         <wf lemma="いる" pos="X">いる</wf>
         <wf lemma="." pos="X">.</wf>
      </sentence>
      <sentence id="d000.s2409" source="wordnet-japanese">
         <wf lemma="彼ら" pos="X">彼ら</wf>
         <wf lemma="は" pos="X">は</wf>
         <wf lemma="キャンペーン" pos="X">キャンペーン</wf>
         <wf lemma="計画" pos="X">計画</wf>
         <wf lemma="の" pos="X">の</wf>
         <instance id="d000.s2409.t000" lemma="発覚" pos="NOUN">発覚</instance>
         <wf lemma="を" pos="X">を</wf>
         <wf lemma="恐れ" pos="X">恐れ</wf>
         <wf lemma="た" pos="X">た</wf>
         <wf lemma="." pos="X">.</wf>
      </sentence>
      <sentence id="d000.s2410" source="wordnet-japanese">
         <wf lemma="我々" pos="X">我々</wf>
         <wf lemma="は" pos="X">は</wf>
         <wf lemma="、" pos="X">、</wf>
         <wf lemma="パトカー" pos="X">パトカー</wf>
         <wf lemma="が" pos="X">が</wf>
         <wf lemma="駐車" pos="X">駐車</wf>
         <wf lemma="し" pos="X">し</wf>
         <wf lemma="た" pos="X">た</wf>
         <wf lemma="地点" pos="X">地点</wf>
         <wf lemma="を" pos="X">を</wf>
         <instance id="d000.s2410.t000" lemma="通り過ぎる" pos="VERB">通り過ぎ</instance>
         <wf lemma="た" pos="X">た</wf>
         <wf lemma="." pos="X">.</wf>
      </sentence>
      <sentence id="d000.s2411" source="wordnet-japanese">
         <wf lemma="あなた" pos="X">あなた</wf>
         <wf lemma="は" pos="X">は</wf>
         <wf lemma="なん" pos="X">なん</wf>
         <wf lemma="て" pos="X">て</wf>
         <instance id="d000.s2411.t000" lemma="良い" pos="ADJ">良い</instance>
         <wf lemma="仲間" pos="X">仲間</wf>
         <wf lemma="な" pos="X">な</wf>
         <wf lemma="の" pos="X">の</wf>
         <wf lemma="だろ" pos="X">だろ</wf>
         <wf lemma="か" pos="X">か</wf>
         <wf lemma="、" pos="X">、</wf>
         <wf lemma="私" pos="X">私</wf>
         <wf lemma="たち" pos="X">たち</wf>
         <wf lemma="は" pos="X">は</wf>
         <wf lemma="みんな" pos="X">みんな</wf>
         <wf lemma="あなた" pos="X">あなた</wf>
         <wf lemma="が" pos="X">が</wf>
         <wf lemma="不快" pos="X">不快</wf>
         <wf lemma="である" pos="X">である</wf>
         <wf lemma="と" pos="X">と</wf>
         <wf lemma="考え" pos="X">考え</wf>
         <wf lemma="て" pos="X">て</wf>
         <wf lemma="い" pos="X">い</wf>
         <wf lemma="た" pos="X">た</wf>
         <wf lemma="−" pos="X">−</wf>
         <wf lemma="ジョージ" pos="X">ジョージ</wf>
         <wf lemma="・" pos="X">・</wf>
         <wf lemma="メレディス" pos="X">メレディス</wf>
         <wf lemma="." pos="X">.</wf>
      </sentence>
      <sentence id="d000.s2412" source="wordnet-japanese">
         <instance id="d000.s2412.t000" lemma="自然" pos="ADV">自然</instance>
         <wf lemma="に" pos="X">に</wf>
         <wf lemma="楽に" pos="X">楽に</wf>
         <wf lemma="話す." pos="X">話す.</wf>
      </sentence>
      <sentence id="d000.s2413" source="wordnet-japanese">
         <wf lemma="馬" pos="X">馬</wf>
         <wf lemma="の" pos="X">の</wf>
         <instance id="d000.s2413.t000" lemma="強力" pos="ADJ">強力</instance>
         <wf lemma="な" pos="X">な</wf>
         <wf lemma="蹴り" pos="X">蹴り</wf>
         <wf lemma="." pos="X">.</wf>
      </sentence>
      <sentence id="d000.s2414" source="wordnet-japanese">
         <wf lemma="映画" pos="X">映画</wf>
         <wf lemma="の" pos="X">の</wf>
         <wf lemma="シーン" pos="X">シーン</wf>
         <wf lemma="を" pos="X">を</wf>
         <instance id="d000.s2414.t000" lemma="切る" pos="VERB">切っ</instance>
         <wf lemma="て" pos="X">て</wf>
         <wf lemma="下さい" pos="X">下さい</wf>
         <wf lemma="." pos="X">.</wf>
      </sentence>
      <sentence id="d000.s2415" source="wordnet-japanese">
         <wf lemma="彼" pos="X">彼</wf>
         <wf lemma="は" pos="X">は</wf>
         <instance id="d000.s2415.t000" lemma="緊急" pos="NOUN">緊急</instance>
         <wf lemma="事態" pos="X">事態</wf>
         <wf lemma="にまったく" pos="X">にまったく</wf>
         <wf lemma="どうし" pos="X">どうし</wf>
         <wf lemma="て" pos="X">て</wf>
         <wf lemma="いい" pos="X">いい</wf>
         <wf lemma="か" pos="X">か</wf>
         <wf lemma="分から" pos="X">分から</wf>
         <wf lemma="なかっ" pos="X">なかっ</wf>
         <wf lemma="た" pos="X">た</wf>
         <wf lemma="." pos="X">.</wf>
      </sentence>
      <sentence id="d000.s2416" source="wordnet-japanese">
         <wf lemma="彼女" pos="X">彼女</wf>
         <wf lemma="の" pos="X">の</wf>
         <wf lemma="旅行" pos="X">旅行</wf>
         <wf lemma="の" pos="X">の</wf>
         <wf lemma="唯一" pos="X">唯一</wf>
         <wf lemma="の" pos="X">の</wf>
         <instance id="d000.s2416.t000" lemma="目的" pos="NOUN">目的</instance>
         <wf lemma="は" pos="X">は</wf>
         <wf lemma="、" pos="X">、</wf>
         <wf lemma="子供" pos="X">子供</wf>
         <wf lemma="に" pos="X">に</wf>
         <wf lemma="会う" pos="X">会う</wf>
         <wf lemma="こと" pos="X">こと</wf>
         <wf lemma="だっ" pos="X">だっ</wf>
         <wf lemma="た" pos="X">た</wf>
         <wf lemma="." pos="X">.</wf>
      </sentence>
      <sentence id="d000.s2417" source="wordnet-japanese">
         <wf lemma="捕虜" pos="X">捕虜</wf>
         <wf lemma="は" pos="X">は</wf>
         <wf lemma="一" pos="X">一</wf>
         <instance id="d000.s2417.t000" lemma="兵卒" pos="NOUN">兵卒</instance>
         <wf lemma="に" pos="X">に</wf>
         <wf lemma="すぎ" pos="X">すぎ</wf>
         <wf lemma="なかっ" pos="X">なかっ</wf>
         <wf lemma="た" pos="X">た</wf>
         <wf lemma="ので" pos="X">ので</wf>
         <wf lemma="重要" pos="X">重要</wf>
         <wf lemma="な" pos="X">な</wf>
         <wf lemma="事" pos="X">事</wf>
         <wf lemma="は" pos="X">は</wf>
         <wf lemma="何も" pos="X">何も</wf>
         <wf lemma="知ら" pos="X">知ら</wf>
         <wf lemma="なかっ" pos="X">なかっ</wf>
         <wf lemma="た" pos="X">た</wf>
         <wf lemma="." pos="X">.</wf>
      </sentence>
      <sentence id="d000.s2418" source="wordnet-japanese">
         <wf lemma="それ" pos="X">それ</wf>
         <wf lemma="は" pos="X">は</wf>
         <wf lemma="ダイヤ" pos="X">ダイヤ</wf>
         <wf lemma="の" pos="X">の</wf>
         <instance id="d000.s2418.t000" lemma="ムーブメント" pos="NOUN">ムーブメント</instance>
         <wf lemma="が" pos="X">が</wf>
         <wf lemma="つい" pos="X">つい</wf>
         <wf lemma="た" pos="X">た</wf>
         <wf lemma="高価" pos="X">高価</wf>
         <wf lemma="な" pos="X">な</wf>
         <wf lemma="腕時計" pos="X">腕時計</wf>
         <wf lemma="だっ" pos="X">だっ</wf>
         <wf lemma="た" pos="X">た</wf>
         <wf lemma="." pos="X">.</wf>
      </sentence>
      <sentence id="d000.s2419" source="wordnet-japanese">
         <wf lemma="50" pos="X">50</wf>
         <wf lemma="セント" pos="X">セント</wf>
         <wf lemma="の" pos="X">の</wf>
         <instance id="d000.s2419.t000" lemma="節約" pos="NOUN">節約</instance>
         <wf lemma="だっ" pos="X">だっ</wf>
         <wf lemma="た" pos="X">た</wf>
         <wf lemma="." pos="X">.</wf>
      </sentence>
      <sentence id="d000.s2420" source="wordnet-japanese">
         <wf lemma="私" pos="X">私</wf>
         <wf lemma="の" pos="X">の</wf>
         <wf lemma="手" pos="X">手</wf>
         <wf lemma="は" pos="X">は</wf>
         <instance id="d000.s2420.t000" lemma="震える" pos="VERB">震え</instance>
         <wf lemma="て" pos="X">て</wf>
         <wf lemma="い" pos="X">い</wf>
         <wf lemma="た" pos="X">た</wf>
         <wf lemma="." pos="X">.</wf>
      </sentence>
      <sentence id="d000.s2421" source="wordnet-japanese">
         <wf lemma="彼" pos="X">彼</wf>
         <wf lemma="は" pos="X">は</wf>
         <instance id="d000.s2421.t000" lemma="すっかり" pos="ADV">すっかり</instance>
         <wf lemma="と罠に" pos="X">と罠に</wf>
         <wf lemma="陥っ" pos="X">陥っ</wf>
         <wf lemma="た" pos="X">た</wf>
         <wf lemma="." pos="X">.</wf>
      </sentence>
      <sentence id="d000.s2422" source="wordnet-japanese">
         <wf lemma="共鳴" pos="X">共鳴</wf>
         <wf lemma="の" pos="X">の</wf>
         <instance id="d000.s2422.t000" lemma="感傷的" pos="ADJ">感傷的</instance>
         <wf lemma="な" pos="X">な</wf>
         <wf lemma="表現" pos="X">表現</wf>
         <wf lemma="." pos="X">.</wf>
      </sentence>
      <sentence id="d000.s2423" source="wordnet-japanese">
         <instance id="d000.s2423.t000" lemma="医学的" pos="ADV">医学的</instance>
         <wf lemma="に" pos="X">に</wf>
         <wf lemma="正しい" pos="X">正しい</wf>
         <wf lemma="治療" pos="X">治療</wf>
         <wf lemma="." pos="X">.</wf>
      </sentence>
      <sentence id="d000.s2424" source="wordnet-japanese">
         <wf lemma="ひざを" pos="X">ひざを</wf>
         <instance id="d000.s2424.t000" lemma="曲げる" pos="VERB">曲げる</instance>
         <wf lemma="." pos="X">.</wf>
      </sentence>
      <sentence id="d000.s2425" source="wordnet-japanese">
         <instance id="d000.s2425.t000" lemma="甚だしい" pos="ADJ">甚だしい</instance>
         <wf lemma="不公正" pos="X">不公正</wf>
         <wf lemma="." pos="X">.</wf>
      </sentence>
      <sentence id="d000.s2426" source="wordnet-japanese">
         <wf lemma="彼" pos="X">彼</wf>
         <wf lemma="は" pos="X">は</wf>
         <wf lemma="、" pos="X">、</wf>
         <instance id="d000.s2426.t000" lemma="個人的" pos="ADV">個人的</instance>
         <wf lemma="に" pos="X">に</wf>
         <wf lemma="不快" pos="X">不快</wf>
         <wf lemma="である" pos="X">である</wf>
         <wf lemma="." pos="X">.</wf>
      </sentence>
      <sentence id="d000.s2427" source="wordnet-japanese">
         <instance id="d000.s2427.t000" lemma="不倫" pos="ADJ">不倫</instance>
         <wf lemma="の" pos="X">の</wf>
         <wf lemma="関係" pos="X">関係</wf>
         <wf lemma="." pos="X">.</wf>
      </sentence>
      <sentence id="d000.s2428" source="wordnet-japanese">
         <instance id="d000.s2428.t000" lemma="激しい" pos="ADJ">激しい</instance>
         <wf lemma="論争" pos="X">論争</wf>
         <wf lemma="." pos="X">.</wf>
      </sentence>
      <sentence id="d000.s2429" source="wordnet-japanese">
         <wf lemma="その" pos="X">その</wf>
         <instance id="d000.s2429.t000" lemma="試合" pos="NOUN">試合</instance>
         <wf lemma="は" pos="X">は</wf>
         <wf lemma="昨夜" pos="X">昨夜</wf>
         <wf lemma="テレビ" pos="X">テレビ</wf>
         <wf lemma="で" pos="X">で</wf>
         <wf lemma="やっ" pos="X">やっ</wf>
         <wf lemma="て" pos="X">て</wf>
         <wf lemma="い" pos="X">い</wf>
         <wf lemma="た" pos="X">た</wf>
         <wf lemma="." pos="X">.</wf>
      </sentence>
      <sentence id="d000.s2430" source="wordnet-japanese">
         <wf lemma="私" pos="X">私</wf>
         <wf lemma="の" pos="X">の</wf>
         <wf lemma="靴" pos="X">靴</wf>
         <wf lemma="を" pos="X">を</wf>
         <instance id="d000.s2430.t000" lemma="磨く" pos="VERB">磨く</instance>
         <wf lemma="." pos="X">.</wf>
      </sentence>
      <sentence id="d000.s2431" source="wordnet-japanese">
         <wf lemma="生まれ" pos="X">生まれ</wf>
         <wf lemma="が" pos="X">が</wf>
         <instance id="d000.s2431.t000" lemma="卑しい" pos="ADJ">卑しい</instance>
         <wf lemma="（" pos="X">（</wf>
         <wf lemma="また" pos="X">また</wf>
         <wf lemma="は" pos="X">は</wf>
         <wf lemma="粗野" pos="X">粗野</wf>
         <wf lemma="な" pos="X">な</wf>
         <wf lemma="）" pos="X">）</wf>
         <wf lemma="." pos="X">.</wf>
      </sentence>
      <sentence id="d000.s2432" source="wordnet-japanese">
         <wf lemma="主役" pos="X">主役</wf>
         <wf lemma="の" pos="X">の</wf>
         <wf lemma="名前" pos="X">名前</wf>
         <wf lemma="を" pos="X">を</wf>
         <wf lemma="挙げ" pos="X">挙げ</wf>
         <wf lemma="ない" pos="X">ない</wf>
         <instance id="d000.s2432.t000" lemma="コンベンション" pos="NOUN">コンベンション</instance>
         <wf lemma="." pos="X">.</wf>
      </sentence>
      <sentence id="d000.s2433" source="wordnet-japanese">
         <wf lemma="一部" pos="X">一部</wf>
         <wf lemma="の" pos="X">の</wf>
         <wf lemma="人々" pos="X">人々</wf>
         <wf lemma="に" pos="X">に</wf>
         <wf lemma="は" pos="X">は</wf>
         <wf lemma="善" pos="X">善</wf>
         <wf lemma="を" pos="X">を</wf>
         <wf lemma="行う" pos="X">行う</wf>
         <wf lemma="力" pos="X">力</wf>
         <wf lemma="が" pos="X">が</wf>
         <wf lemma="ほとんど" pos="X">ほとんど</wf>
         <wf lemma="なく" pos="X">なく</wf>
         <wf lemma="、" pos="X">、</wf>
         <instance id="d000.s2433.t000" lemma="同様" pos="ADV">同様</instance>
         <wf lemma="に" pos="X">に</wf>
         <wf lemma="悪" pos="X">悪</wf>
         <wf lemma="に" pos="X">に</wf>
         <wf lemma="抗う" pos="X">抗う</wf>
         <wf lemma="強" pos="X">強</wf>
         <wf lemma="さ" pos="X">さ</wf>
         <wf lemma="も" pos="X">も</wf>
         <wf lemma="ほとんど" pos="X">ほとんど</wf>
         <wf lemma="ない" pos="X">ない</wf>
         <wf lemma="−" pos="X">−</wf>
         <wf lemma="サミュエル" pos="X">サミュエル</wf>
         <wf lemma="・" pos="X">・</wf>
         <wf lemma="ジョンスン" pos="X">ジョンスン</wf>
         <wf lemma="." pos="X">.</wf>
      </sentence>
      <sentence id="d000.s2434" source="wordnet-japanese">
         <wf lemma="彼" pos="X">彼</wf>
         <wf lemma="は" pos="X">は</wf>
         <wf lemma="その" pos="X">その</wf>
         <instance id="d000.s2434.t000" lemma="敵意" pos="NOUN">敵意</instance>
         <wf lemma="を" pos="X">を</wf>
         <wf lemma="隠す" pos="X">隠す</wf>
         <wf lemma="こと" pos="X">こと</wf>
         <wf lemma="が" pos="X">が</wf>
         <wf lemma="でき" pos="X">でき</wf>
         <wf lemma="なかっ" pos="X">なかっ</wf>
         <wf lemma="た" pos="X">た</wf>
         <wf lemma="." pos="X">.</wf>
      </sentence>
      <sentence id="d000.s2435" source="wordnet-japanese">
         <wf lemma="映画" pos="X">映画</wf>
         <wf lemma="は" pos="X">は</wf>
         <wf lemma="古典的" pos="X">古典的</wf>
         <wf lemma="な" pos="X">な</wf>
         <instance id="d000.s2435.t000" lemma="スリラー" pos="NOUN">スリラー</instance>
         <wf lemma="であっ" pos="X">であっ</wf>
         <wf lemma="た" pos="X">た</wf>
         <wf lemma="." pos="X">.</wf>
      </sentence>
      <sentence id="d000.s2436" source="wordnet-japanese">
         <wf lemma="私" pos="X">私</wf>
         <wf lemma="は" pos="X">は</wf>
         <wf lemma="、" pos="X">、</wf>
         <wf lemma="朝食" pos="X">朝食</wf>
         <wf lemma="に" pos="X">に</wf>
         <wf lemma="何" pos="X">何</wf>
         <wf lemma="を" pos="X">を</wf>
         <wf lemma="食べる" pos="X">食べる</wf>
         <wf lemma="べき" pos="X">べき</wf>
         <wf lemma="か" pos="X">か</wf>
         <wf lemma="という" pos="X">という</wf>
         <wf lemma="解決" pos="X">解決</wf>
         <instance id="d000.s2436.t000" lemma="困難" pos="ADJ">困難</instance>
         <wf lemma="な" pos="X">な</wf>
         <wf lemma="問題" pos="X">問題</wf>
         <wf lemma="に" pos="X">に</wf>
         <wf lemma="直面" pos="X">直面</wf>
         <wf lemma="し" pos="X">し</wf>
         <wf lemma="た" pos="X">た</wf>
         <wf lemma="." pos="X">.</wf>
      </sentence>
      <sentence id="d000.s2437" source="wordnet-japanese">
         <wf lemma="クリーム" pos="X">クリーム</wf>
         <wf lemma="を" pos="X">を</wf>
         <instance id="d000.s2437.t000" lemma="泡立てる" pos="VERB">泡立てる</instance>
         <wf lemma="." pos="X">.</wf>
      </sentence>
      <sentence id="d000.s2438" source="wordnet-japanese">
         <wf lemma="彼" pos="X">彼</wf>
         <wf lemma="は" pos="X">は</wf>
         <wf lemma="自分" pos="X">自分</wf>
         <wf lemma="の" pos="X">の</wf>
         <instance id="d000.s2438.t000" lemma="献金" pos="NOUN">献金</instance>
         <wf lemma="が" pos="X">が</wf>
         <wf lemma="利子" pos="X">利子</wf>
         <wf lemma="が" pos="X">が</wf>
         <wf lemma="つい" pos="X">つい</wf>
         <wf lemma="て" pos="X">て</wf>
         <wf lemma="戻っ" pos="X">戻っ</wf>
         <wf lemma="て" pos="X">て</wf>
         <wf lemma="くる" pos="X">くる</wf>
         <wf lemma="こと" pos="X">こと</wf>
         <wf lemma="を" pos="X">を</wf>
         <wf lemma="期待" pos="X">期待</wf>
         <wf lemma="し" pos="X">し</wf>
         <wf lemma="た" pos="X">た</wf>
         <wf lemma="." pos="X">.</wf>
      </sentence>
      <sentence id="d000.s2439" source="wordnet-japanese">
         <instance id="d000.s2439.t000" lemma="謹厳" pos="ADJ">謹厳</instance>
         <wf lemma="で" pos="X">で</wf>
         <wf lemma="教訓め" pos="X">教訓め</wf>
         <wf lemma="い" pos="X">い</wf>
         <wf lemma="た" pos="X">た</wf>
         <wf lemma="振り付け" pos="X">振り付け</wf>
         <wf lemma="." pos="X">.</wf>
      </sentence>
      <sentence id="d000.s2440" source="wordnet-japanese">
         <instance id="d000.s2440.t000" lemma="核心" pos="NOUN">核心</instance>
         <wf lemma="に" pos="X">に</wf>
         <wf lemma="触れる" pos="X">触れる</wf>
         <wf lemma="." pos="X">.</wf>
      </sentence>
      <sentence id="d000.s2441" source="wordnet-japanese">
         <instance id="d000.s2441.t000" lemma="赤道" pos="NOUN">赤道</instance>
         <wf lemma="は" pos="X">は</wf>
         <wf lemma="北半球" pos="X">北半球</wf>
         <wf lemma="と" pos="X">と</wf>
         <wf lemma="南半球" pos="X">南半球</wf>
         <wf lemma="の" pos="X">の</wf>
         <wf lemma="境界" pos="X">境界</wf>
         <wf lemma="である" pos="X">である</wf>
         <wf lemma="." pos="X">.</wf>
      </sentence>
      <sentence id="d000.s2442" source="wordnet-japanese">
         <instance id="d000.s2442.t000" lemma="冷淡" pos="ADJ">冷淡</instance>
         <wf lemma="な" pos="X">な</wf>
         <wf lemma="微笑" pos="X">微笑</wf>
         <wf lemma="." pos="X">.</wf>
      </sentence>
      <sentence id="d000.s2443" source="wordnet-japanese">
         <wf lemma="彼" pos="X">彼</wf>
         <wf lemma="は" pos="X">は</wf>
         <wf lemma="テノール" pos="X">テノール</wf>
         <wf lemma="の" pos="X">の</wf>
         <instance id="d000.s2443.t000" lemma="パート" pos="NOUN">パート</instance>
         <wf lemma="を" pos="X">を</wf>
         <wf lemma="歌おう" pos="X">歌おう</wf>
         <wf lemma="と" pos="X">と</wf>
         <wf lemma="し" pos="X">し</wf>
         <wf lemma="た" pos="X">た</wf>
         <wf lemma="." pos="X">.</wf>
      </sentence>
      <sentence id="d000.s2444" source="wordnet-japanese">
         <instance id="d000.s2444.t000" lemma="幸せ" pos="ADJ">幸せ</instance>
         <wf lemma="な" pos="X">な</wf>
         <wf lemma="結婚" pos="X">結婚</wf>
         <wf lemma="." pos="X">.</wf>
      </sentence>
      <sentence id="d000.s2445" source="wordnet-japanese">
         <wf lemma="5" pos="X">5</wf>
         <wf lemma="ポンド" pos="X">ポンド</wf>
         <wf lemma="の" pos="X">の</wf>
         <wf lemma="牛" pos="X">牛</wf>
         <wf lemma="の" pos="X">の</wf>
         <instance id="d000.s2445.t000" lemma="心臓" pos="NOUN">心臓</instance>
         <wf lemma="は" pos="X">は</wf>
         <wf lemma="6" pos="X">6</wf>
         <wf lemma="人" pos="X">人</wf>
         <wf lemma="分" pos="X">分</wf>
         <wf lemma="に" pos="X">に</wf>
         <wf lemma="は" pos="X">は</wf>
         <wf lemma="なる" pos="X">なる</wf>
         <wf lemma="だろ" pos="X">だろ</wf>
         <wf lemma="う" pos="X">う</wf>
         <wf lemma="." pos="X">.</wf>
      </sentence>
      <sentence id="d000.s2446" source="wordnet-japanese">
         <wf lemma="皿" pos="X">皿</wf>
         <wf lemma="を" pos="X">を</wf>
         <instance id="d000.s2446.t000" lemma="打ち壊す" pos="VERB">打ち壊す</instance>
         <wf lemma="." pos="X">.</wf>
      </sentence>
      <sentence id="d000.s2447" source="wordnet-japanese">
         <wf lemma="この" pos="X">この</wf>
         <wf lemma="変化" pos="X">変化</wf>
         <wf lemma="は" pos="X">は</wf>
         <instance id="d000.s2447.t000" lemma="自然" pos="ADV">自然</instance>
         <wf lemma="に" pos="X">に</wf>
         <wf lemma="起こる" pos="X">起こる</wf>
         <wf lemma="." pos="X">.</wf>
      </sentence>
      <sentence id="d000.s2448" source="wordnet-japanese">
         <instance id="d000.s2448.t000" lemma="野蛮" pos="NOUN">野蛮</instance>
         <wf lemma="な" pos="X">な</wf>
         <wf lemma="輝き" pos="X">輝き</wf>
         <wf lemma="に対する" pos="X">に対する</wf>
         <wf lemma="欲求" pos="X">欲求</wf>
         <wf lemma="、" pos="X">、</wf>
         <wf lemma="ドラムス" pos="X">ドラムス</wf>
         <wf lemma="の" pos="X">の</wf>
         <wf lemma="凶暴性" pos="X">凶暴性</wf>
         <wf lemma="と" pos="X">と</wf>
         <wf lemma="色" pos="X">色</wf>
         <wf lemma="と" pos="X">と</wf>
         <wf lemma="鼓動" pos="X">鼓動</wf>
         <wf lemma="の" pos="X">の</wf>
         <wf lemma="ため" pos="X">ため</wf>
         <wf lemma="の" pos="X">の</wf>
         <wf lemma="." pos="X">.</wf>
      </sentence>
      <sentence id="d000.s2449" source="wordnet-japanese">
         <wf lemma="彼" pos="X">彼</wf>
         <wf lemma="は" pos="X">は</wf>
         <instance id="d000.s2449.t000" lemma="速球" pos="NOUN">速球</instance>
         <wf lemma="で" pos="X">で</wf>
         <wf lemma="振り遅れ" pos="X">振り遅れ</wf>
         <wf lemma="た" pos="X">た</wf>
         <wf lemma="." pos="X">.</wf>
      </sentence>
      <sentence id="d000.s2450" source="wordnet-japanese">
         <wf lemma="彼" pos="X">彼</wf>
         <wf lemma="は" pos="X">は</wf>
         <wf lemma="、" pos="X">、</wf>
         <wf lemma="放射線" pos="X">放射線</wf>
         <wf lemma="の" pos="X">の</wf>
         <instance id="d000.s2450.t000" lemma="物理学" pos="NOUN">物理学</instance>
         <wf lemma="を" pos="X">を</wf>
         <wf lemma="勉強" pos="X">勉強</wf>
         <wf lemma="し" pos="X">し</wf>
         <wf lemma="た" pos="X">た</wf>
         <wf lemma="." pos="X">.</wf>
      </sentence>
      <sentence id="d000.s2451" source="wordnet-japanese">
         <wf lemma="彼ら" pos="X">彼ら</wf>
         <wf lemma="の" pos="X">の</wf>
         <instance id="d000.s2451.t000" lemma="目的地" pos="NOUN">目的地</instance>
         <wf lemma="が" pos="X">が</wf>
         <wf lemma="見え" pos="X">見え</wf>
         <wf lemma="て" pos="X">て</wf>
         <wf lemma="き" pos="X">き</wf>
         <wf lemma="た" pos="X">た</wf>
         <wf lemma="時" pos="X">時</wf>
         <wf lemma="、" pos="X">、</wf>
         <wf lemma="彼" pos="X">彼</wf>
         <wf lemma="は" pos="X">は</wf>
         <wf lemma="ほとんど" pos="X">ほとんど</wf>
         <wf lemma="疲れきっ" pos="X">疲れきっ</wf>
         <wf lemma="て" pos="X">て</wf>
         <wf lemma="い" pos="X">い</wf>
         <wf lemma="た" pos="X">た</wf>
         <wf lemma="." pos="X">.</wf>
      </sentence>
      <sentence id="d000.s2452" source="wordnet-japanese">
         <wf lemma="彼" pos="X">彼</wf>
         <wf lemma="は" pos="X">は</wf>
         <wf lemma="点" pos="X">点</wf>
         <wf lemma="を" pos="X">を</wf>
         <wf lemma="取る" pos="X">取る</wf>
         <wf lemma="ため" pos="X">ため</wf>
         <wf lemma="に" pos="X">に</wf>
         <wf lemma="は" pos="X">は</wf>
         <wf lemma="どんな" pos="X">どんな</wf>
         <instance id="d000.s2452.t000" lemma="計略" pos="NOUN">計略</instance>
         <wf lemma="も" pos="X">も</wf>
         <wf lemma="辞さ" pos="X">辞さ</wf>
         <wf lemma="ない" pos="X">ない</wf>
         <wf lemma="だろ" pos="X">だろ</wf>
         <wf lemma="う" pos="X">う</wf>
         <wf lemma="." pos="X">.</wf>
      </sentence>
      <sentence id="d000.s2453" source="wordnet-japanese">
         <wf lemma="私たち" pos="X">私たち</wf>
         <wf lemma="は" pos="X">は</wf>
         <wf lemma="、" pos="X">、</wf>
         <instance id="d000.s2453.t000" lemma="遅い" pos="ADV">遅く</instance>
         <wf lemma="、" pos="X">、</wf>
         <wf lemma="目" pos="X">目</wf>
         <wf lemma="覚め" pos="X">覚め</wf>
         <wf lemma="た" pos="X">た</wf>
         <wf lemma="." pos="X">.</wf>
      </sentence>
      <sentence id="d000.s2454" source="wordnet-japanese">
         <wf lemma="船" pos="X">船</wf>
         <wf lemma="は" pos="X">は</wf>
         <instance id="d000.s2454.t000" lemma="海峡" pos="NOUN">海峡</instance>
         <wf lemma="で" pos="X">で</wf>
         <wf lemma="座礁" pos="X">座礁</wf>
         <wf lemma="し" pos="X">し</wf>
         <wf lemma="た" pos="X">た</wf>
         <wf lemma="." pos="X">.</wf>
      </sentence>
      <sentence id="d000.s2455" source="wordnet-japanese">
         <wf lemma="彼女" pos="X">彼女</wf>
         <wf lemma="は" pos="X">は</wf>
         <wf lemma="むやみ" pos="X">むやみ</wf>
         <wf lemma="に" pos="X">に</wf>
         <wf lemma="話し" pos="X">話し</wf>
         <wf lemma="た" pos="X">た</wf>
         <wf lemma="こと" pos="X">こと</wf>
         <wf lemma="に対する" pos="X">に対する</wf>
         <wf lemma="罰" pos="X">罰</wf>
         <wf lemma="を" pos="X">を</wf>
         <instance id="d000.s2455.t000" lemma="払う" pos="VERB">払わ</instance>
         <wf lemma="なければ" pos="X">なければ</wf>
         <wf lemma="なら" pos="X">なら</wf>
         <wf lemma="なかっ" pos="X">なかっ</wf>
         <wf lemma="た" pos="X">た</wf>
         <wf lemma="." pos="X">.</wf>
      </sentence>
      <sentence id="d000.s2456" source="wordnet-japanese">
         <wf lemma="彼女" pos="X">彼女</wf>
         <wf lemma="が" pos="X">が</wf>
         <wf lemma="嫌い" pos="X">嫌い</wf>
         <wf lemma="な" pos="X">な</wf>
         <wf lemma="の" pos="X">の</wf>
         <wf lemma="は" pos="X">は</wf>
         <wf lemma="タイプライタ" pos="X">タイプライタ</wf>
         <wf lemma="を" pos="X">を</wf>
         <wf lemma="打つ" pos="X">打つ</wf>
         <wf lemma="こと" pos="X">こと</wf>
         <wf lemma="じゃ" pos="X">じゃ</wf>
         <wf lemma="なく" pos="X">なく</wf>
         <wf lemma="て" pos="X">て</wf>
         <instance id="d000.s2456.t000" lemma="イアフォン" pos="NOUN">イアフォン</instance>
         <wf lemma="である" pos="X">である</wf>
         <wf lemma="." pos="X">.</wf>
      </sentence>
      <sentence id="d000.s2457" source="wordnet-japanese">
         <wf lemma="彼" pos="X">彼</wf>
         <wf lemma="は" pos="X">は</wf>
         <wf lemma="コンピューター" pos="X">コンピューター</wf>
         <wf lemma="の" pos="X">の</wf>
         <instance id="d000.s2457.t000" lemma="使う" pos="VERB">使い</instance>
         <wf lemma="方" pos="X">方</wf>
         <wf lemma="を" pos="X">を</wf>
         <wf lemma="知ら" pos="X">知ら</wf>
         <wf lemma="ない" pos="X">ない</wf>
         <wf lemma="." pos="X">.</wf>
      </sentence>
      <sentence id="d000.s2458" source="wordnet-japanese">
         <wf lemma="全て" pos="X">全て</wf>
         <wf lemma="の" pos="X">の</wf>
         <wf lemma="中" pos="X">中</wf>
         <wf lemma="で" pos="X">で</wf>
         <wf lemma="最も" pos="X">最も</wf>
         <wf lemma="高位" pos="X">高位</wf>
         <wf lemma="の" pos="X">の</wf>
         <instance id="d000.s2458.t000" lemma="善" pos="NOUN">善</instance>
         <wf lemma="と" pos="X">と</wf>
         <wf lemma="し" pos="X">し</wf>
         <wf lemma="て" pos="X">て</wf>
         <wf lemma="は" pos="X">は</wf>
         <wf lemma="、" pos="X">、</wf>
         <wf lemma="幸福" pos="X">幸福</wf>
         <wf lemma="と" pos="X">と</wf>
         <wf lemma="自己" pos="X">自己</wf>
         <wf lemma="実現" pos="X">実現</wf>
         <wf lemma="が" pos="X">が</wf>
         <wf lemma="ある" pos="X">ある</wf>
         <wf lemma="." pos="X">.</wf>
      </sentence>
      <sentence id="d000.s2459" source="wordnet-japanese">
         <instance id="d000.s2459.t000" lemma="反抗的" pos="ADJ">反抗的</instance>
         <wf lemma="な" pos="X">な</wf>
         <wf lemma="乗組員" pos="X">乗組員</wf>
         <wf lemma="." pos="X">.</wf>
      </sentence>
      <sentence id="d000.s2460" source="wordnet-japanese">
         <wf lemma="どんな" pos="X">どんな</wf>
         <wf lemma="星" pos="X">星</wf>
         <wf lemma="が" pos="X">が</wf>
         <wf lemma="、" pos="X">、</wf>
         <wf lemma="太陽" pos="X">太陽</wf>
         <wf lemma="より" pos="X">より</wf>
         <wf lemma="よく" pos="X">よく</wf>
         <instance id="d000.s2460.t000" lemma="光る" pos="VERB">光る</instance>
         <wf lemma="か？" pos="X">か？</wf>
         <wf lemma="." pos="X">.</wf>
      </sentence>
      <sentence id="d000.s2461" source="wordnet-japanese">
         <wf lemma="お" pos="X">お</wf>
         <wf lemma="針子" pos="X">針子</wf>
         <wf lemma="は" pos="X">は</wf>
         <wf lemma="来週" pos="X">来週</wf>
         <wf lemma="まで" pos="X">まで</wf>
         <wf lemma="に" pos="X">に</wf>
         <wf lemma="私" pos="X">私</wf>
         <wf lemma="の" pos="X">の</wf>
         <wf lemma="スーツ" pos="X">スーツ</wf>
         <wf lemma="を" pos="X">を</wf>
         <instance id="d000.s2461.t000" lemma="縫う" pos="VERB">縫う</instance>
         <wf lemma="こと" pos="X">こと</wf>
         <wf lemma="が" pos="X">が</wf>
         <wf lemma="できる" pos="X">できる</wf>
         <wf lemma="か" pos="X">か</wf>
         <wf lemma="？" pos="X">？</wf>
         <wf lemma="." pos="X">.</wf>
      </sentence>
      <sentence id="d000.s2462" source="wordnet-japanese">
         <wf lemma="その" pos="X">その</wf>
         <wf lemma="橋" pos="X">橋</wf>
         <wf lemma="は" pos="X">は</wf>
         <instance id="d000.s2462.t000" lemma="堂々" pos="ADJ">堂々</instance>
         <wf lemma="と" pos="X">と</wf>
         <wf lemma="し" pos="X">し</wf>
         <wf lemma="た" pos="X">た</wf>
         <wf lemma="構造" pos="X">構造</wf>
         <wf lemma="を" pos="X">を</wf>
         <wf lemma="し" pos="X">し</wf>
         <wf lemma="て" pos="X">て</wf>
         <wf lemma="いる" pos="X">いる</wf>
         <wf lemma="." pos="X">.</wf>
      </sentence>
      <sentence id="d000.s2463" source="wordnet-japanese">
         <wf lemma="涙" pos="X">涙</wf>
         <wf lemma="が" pos="X">が</wf>
         <wf lemma="彼女" pos="X">彼女</wf>
         <wf lemma="の" pos="X">の</wf>
         <wf lemma="頬" pos="X">頬</wf>
         <wf lemma="に" pos="X">に</wf>
         <instance id="d000.s2463.t000" lemma="跡" pos="NOUN">跡</instance>
         <wf lemma="を" pos="X">を</wf>
         <wf lemma="残し" pos="X">残し</wf>
         <wf lemma="た" pos="X">た</wf>
         <wf lemma="." pos="X">.</wf>
      </sentence>
      <sentence id="d000.s2464" source="wordnet-japanese">
         <wf lemma="数" pos="X">数</wf>
         <wf lemma="回" pos="X">回</wf>
         <wf lemma="試み" pos="X">試み</wf>
         <wf lemma="た" pos="X">た</wf>
         <wf lemma="後" pos="X">後</wf>
         <wf lemma="、" pos="X">、</wf>
         <wf lemma="彼" pos="X">彼</wf>
         <wf lemma="は" pos="X">は</wf>
         <wf lemma="彼女" pos="X">彼女</wf>
         <wf lemma="が" pos="X">が</wf>
         <wf lemma="欲しかっ" pos="X">欲しかっ</wf>
         <wf lemma="た" pos="X">た</wf>
         <instance id="d000.s2464.t000" lemma="色合い" pos="NOUN">色合い</instance>
         <wf lemma="の" pos="X">の</wf>
         <wf lemma="ピンク" pos="X">ピンク</wf>
         <wf lemma="を" pos="X">を</wf>
         <wf lemma="調合" pos="X">調合</wf>
         <wf lemma="し" pos="X">し</wf>
         <wf lemma="た" pos="X">た</wf>
         <wf lemma="." pos="X">.</wf>
      </sentence>
      <sentence id="d000.s2465" source="wordnet-japanese">
         <wf lemma="赤ん坊" pos="X">赤ん坊</wf>
         <wf lemma="は" pos="X">は</wf>
         <instance id="d000.s2465.t000" lemma="男の子" pos="NOUN">男の子</instance>
         <wf lemma="だっ" pos="X">だっ</wf>
         <wf lemma="た" pos="X">た</wf>
         <wf lemma="." pos="X">.</wf>
      </sentence>
      <sentence id="d000.s2466" source="wordnet-japanese">
         <wf lemma="善悪" pos="X">善悪</wf>
         <wf lemma="の" pos="X">の</wf>
         <instance id="d000.s2466.t000" lemma="明確" pos="ADJ">明確</instance>
         <wf lemma="な" pos="X">な</wf>
         <wf lemma="区別" pos="X">区別</wf>
         <wf lemma="." pos="X">.</wf>
      </sentence>
      <sentence id="d000.s2467" source="wordnet-japanese">
         <wf lemma="泥棒" pos="X">泥棒</wf>
         <wf lemma="の" pos="X">の</wf>
         <instance id="d000.s2467.t000" lemma="識別" pos="NOUN">識別</instance>
         <wf lemma="で" pos="X">で</wf>
         <wf lemma="、" pos="X">、</wf>
         <wf lemma="彼" pos="X">彼</wf>
         <wf lemma="の" pos="X">の</wf>
         <wf lemma="逮捕" pos="X">逮捕</wf>
         <wf lemma="が" pos="X">が</wf>
         <wf lemma="迅速" pos="X">迅速</wf>
         <wf lemma="に" pos="X">に</wf>
         <wf lemma="行わ" pos="X">行わ</wf>
         <wf lemma="れ" pos="X">れ</wf>
         <wf lemma="た" pos="X">た</wf>
         <wf lemma="." pos="X">.</wf>
      </sentence>
      <sentence id="d000.s2468" source="wordnet-japanese">
         <wf lemma="強い" pos="X">強い</wf>
         <instance id="d000.s2468.t000" lemma="推定的" pos="ADJ">推定的</instance>
         <wf lemma="な" pos="X">な</wf>
         <wf lemma="事例" pos="X">事例</wf>
         <wf lemma="が" pos="X">が</wf>
         <wf lemma="主張" pos="X">主張</wf>
         <wf lemma="さ" pos="X">さ</wf>
         <wf lemma="れ" pos="X">れ</wf>
         <wf lemma="た" pos="X">た</wf>
         <wf lemma="." pos="X">.</wf>
      </sentence>
      <sentence id="d000.s2469" source="wordnet-japanese">
         <wf lemma="計画" pos="X">計画</wf>
         <wf lemma="の" pos="X">の</wf>
         <instance id="d000.s2469.t000" lemma="重要" pos="ADJ">重要</instance>
         <wf lemma="な" pos="X">な</wf>
         <wf lemma="要素" pos="X">要素</wf>
         <wf lemma="." pos="X">.</wf>
      </sentence>
      <sentence id="d000.s2470" source="wordnet-japanese">
         <instance id="d000.s2470.t000" lemma="点線" pos="NOUN">点線</instance>
         <wf lemma="の" pos="X">の</wf>
         <wf lemma="上" pos="X">上</wf>
         <wf lemma="に" pos="X">に</wf>
         <wf lemma="ちょうど" pos="X">ちょうど</wf>
         <wf lemma="署名" pos="X">署名</wf>
         <wf lemma="する" pos="X">する</wf>
         <wf lemma="." pos="X">.</wf>
      </sentence>
      <sentence id="d000.s2471" source="wordnet-japanese">
         <instance id="d000.s2471.t000" lemma="技術的" pos="ADV">技術的</instance>
         <wf lemma="に" pos="X">に</wf>
         <wf lemma="日本人" pos="X">日本人</wf>
         <wf lemma="より" pos="X">より</wf>
         <wf lemma="遅れる" pos="X">遅れる</wf>
         <wf lemma="こと" pos="X">こと</wf>
         <wf lemma="." pos="X">.</wf>
      </sentence>
      <sentence id="d000.s2472" source="wordnet-japanese">
         <instance id="d000.s2472.t000" lemma="ボール" pos="NOUN">ボール</instance>
         <wf lemma="は" pos="X">は</wf>
         <wf lemma="コーナー" pos="X">コーナー</wf>
         <wf lemma="ポケット" pos="X">ポケット</wf>
         <wf lemma="に" pos="X">に</wf>
         <wf lemma="転がっ" pos="X">転がっ</wf>
         <wf lemma="た" pos="X">た</wf>
         <wf lemma="." pos="X">.</wf>
      </sentence>
      <sentence id="d000.s2473" source="wordnet-japanese">
         <wf lemma="彼ら" pos="X">彼ら</wf>
         <wf lemma="は" pos="X">は</wf>
         <wf lemma="自分" pos="X">自分</wf>
         <wf lemma="たち" pos="X">たち</wf>
         <wf lemma="が" pos="X">が</wf>
         <wf lemma="引き起こし" pos="X">引き起こし</wf>
         <wf lemma="た" pos="X">た</wf>
         <wf lemma="す" pos="X">す</wf>
         <wf lemma="さまじい" pos="X">さまじい</wf>
         <instance id="d000.s2473.t000" lemma="暴動" pos="NOUN">暴動</instance>
         <wf lemma="に" pos="X">に</wf>
         <wf lemma="仰天" pos="X">仰天</wf>
         <wf lemma="し" pos="X">し</wf>
         <wf lemma="た" pos="X">た</wf>
         <wf lemma="." pos="X">.</wf>
      </sentence>
      <sentence id="d000.s2474" source="wordnet-japanese">
         <wf lemma="彼" pos="X">彼</wf>
         <wf lemma="は" pos="X">は</wf>
         <wf lemma="人々" pos="X">人々</wf>
         <wf lemma="を" pos="X">を</wf>
         <instance id="d000.s2474.t000" lemma="一瞥" pos="NOUN">一瞥</instance>
         <wf lemma="し" pos="X">し</wf>
         <wf lemma="て" pos="X">て</wf>
         <wf lemma="深遠" pos="X">深遠</wf>
         <wf lemma="さ" pos="X">さ</wf>
         <wf lemma="を" pos="X">を</wf>
         <wf lemma="装っ" pos="X">装っ</wf>
         <wf lemma="た" pos="X">た</wf>
         <wf lemma="." pos="X">.</wf>
      </sentence>
      <sentence id="d000.s2475" source="wordnet-japanese">
         <wf lemma="彼女" pos="X">彼女</wf>
         <wf lemma="は" pos="X">は</wf>
         <wf lemma="戦争" pos="X">戦争</wf>
         <wf lemma="で" pos="X">で</wf>
         <wf lemma="夫" pos="X">夫</wf>
         <wf lemma="を" pos="X">を</wf>
         <instance id="d000.s2475.t000" lemma="失う" pos="VERB">失っ</instance>
         <wf lemma="た" pos="X">た</wf>
         <wf lemma="." pos="X">.</wf>
      </sentence>
      <sentence id="d000.s2476" source="wordnet-japanese">
         <instance id="d000.s2476.t000" lemma="現代的" pos="ADJ">現代的</instance>
         <wf lemma="デザイン" pos="X">デザイン</wf>
         <wf lemma="の" pos="X">の</wf>
         <wf lemma="テーブル" pos="X">テーブル</wf>
         <wf lemma="." pos="X">.</wf>
      </sentence>
      <sentence id="d000.s2477" source="wordnet-japanese">
         <wf lemma="モーターボート" pos="X">モーターボート</wf>
         <wf lemma="の" pos="X">の</wf>
         <instance id="d000.s2477.t000" lemma="航跡" pos="NOUN">航跡</instance>
         <wf lemma="で" pos="X">で</wf>
         <wf lemma="カヌー" pos="X">カヌー</wf>
         <wf lemma="が" pos="X">が</wf>
         <wf lemma="転覆" pos="X">転覆</wf>
         <wf lemma="し" pos="X">し</wf>
         <wf lemma="た" pos="X">た</wf>
         <wf lemma="." pos="X">.</wf>
      </sentence>
      <sentence id="d000.s2478" source="wordnet-japanese">
         <wf lemma="彼" pos="X">彼</wf>
         <wf lemma="の" pos="X">の</wf>
         <wf lemma="怒り" pos="X">怒り</wf>
         <wf lemma="は" pos="X">は</wf>
         <wf lemma="強烈" pos="X">強烈</wf>
         <wf lemma="な" pos="X">な</wf>
         <wf lemma="敵意" pos="X">敵意</wf>
         <wf lemma="という" pos="X">という</wf>
         <instance id="d000.s2478.t000" lemma="形" pos="NOUN">形</instance>
         <wf lemma="で" pos="X">で</wf>
         <wf lemma="現れ" pos="X">現れ</wf>
         <wf lemma="た" pos="X">た</wf>
         <wf lemma="." pos="X">.</wf>
      </sentence>
      <sentence id="d000.s2479" source="wordnet-japanese">
         <wf lemma="彼" pos="X">彼</wf>
         <wf lemma="は" pos="X">は</wf>
         <instance id="d000.s2479.t000" lemma="突然" pos="ADV">突然</instance>
         <wf lemma="決心" pos="X">決心</wf>
         <wf lemma="し" pos="X">し</wf>
         <wf lemma="た" pos="X">た</wf>
         <wf lemma="." pos="X">.</wf>
      </sentence>
      <sentence id="d000.s2480" source="wordnet-japanese">
         <wf lemma="彼ら" pos="X">彼ら</wf>
         <wf lemma="は" pos="X">は</wf>
         <instance id="d000.s2480.t000" lemma="日暮れ" pos="NOUN">日暮れ</instance>
         <wf lemma="まで" pos="X">まで</wf>
         <wf lemma="に" pos="X">に</wf>
         <wf lemma="仕上げ" pos="X">仕上げ</wf>
         <wf lemma="た" pos="X">た</wf>
         <wf lemma="." pos="X">.</wf>
      </sentence>
      <sentence id="d000.s2481" source="wordnet-japanese">
         <wf lemma="解剖学的" pos="X">解剖学的</wf>
         <wf lemma="構造" pos="X">構造</wf>
         <wf lemma="上" pos="X">上</wf>
         <wf lemma="は" pos="X">は</wf>
         <wf lemma="、" pos="X">、</wf>
         <wf lemma="有史" pos="X">有史</wf>
         <wf lemma="前" pos="X">前</wf>
         <wf lemma="の" pos="X">の</wf>
         <wf lemma="人間" pos="X">人間</wf>
         <wf lemma="は" pos="X">は</wf>
         <wf lemma="現代人" pos="X">現代人</wf>
         <wf lemma="と" pos="X">と</wf>
         <wf lemma="密接" pos="X">密接</wf>
         <wf lemma="な" pos="X">な</wf>
         <instance id="d000.s2481.t000" lemma="類縁" pos="NOUN">類縁</instance>
         <wf lemma="を" pos="X">を</wf>
         <wf lemma="示し" pos="X">示し</wf>
         <wf lemma="て" pos="X">て</wf>
         <wf lemma="いる" pos="X">いる</wf>
         <wf lemma="." pos="X">.</wf>
      </sentence>
      <sentence id="d000.s2482" source="wordnet-japanese">
         <wf lemma="ろうそく" pos="X">ろうそく</wf>
         <wf lemma="を" pos="X">を</wf>
         <instance id="d000.s2482.t000" lemma="消す" pos="VERB">消し</instance>
         <wf lemma="て" pos="X">て</wf>
         <wf lemma="ください" pos="X">ください</wf>
         <wf lemma="." pos="X">.</wf>
      </sentence>
      <sentence id="d000.s2483" source="wordnet-japanese">
         <instance id="d000.s2483.t000" lemma="臆病" pos="ADJ">臆病</instance>
         <wf lemma="な" pos="X">な</wf>
         <wf lemma="犬" pos="X">犬</wf>
         <wf lemma="、" pos="X">、</wf>
         <wf lemma="汝らは" pos="X">汝らは</wf>
         <wf lemma="私" pos="X">私</wf>
         <wf lemma="を" pos="X">を</wf>
         <wf lemma="助け" pos="X">助け</wf>
         <wf lemma="ない" pos="X">ない</wf>
         <wf lemma="−" pos="X">−</wf>
         <wf lemma="P" pos="X">P</wf>
         <wf lemma="・" pos="X">・</wf>
         <wf lemma="B" pos="X">B</wf>
         <wf lemma="・" pos="X">・</wf>
         <wf lemma="シェリー" pos="X">シェリー</wf>
         <wf lemma="." pos="X">.</wf>
      </sentence>
      <sentence id="d000.s2484" source="wordnet-japanese">
         <wf lemma="教育" pos="X">教育</wf>
         <wf lemma="は" pos="X">は</wf>
         <wf lemma="個人" pos="X">個人</wf>
         <wf lemma="の" pos="X">の</wf>
         <wf lemma="人生観" pos="X">人生観</wf>
         <wf lemma="について" pos="X">について</wf>
         <wf lemma="の" pos="X">の</wf>
         <wf lemma="重要" pos="X">重要</wf>
         <wf lemma="な" pos="X">な</wf>
         <wf lemma="決定" pos="X">決定</wf>
         <instance id="d000.s2484.t000" lemma="要因" pos="NOUN">要因</instance>
         <wf lemma="だ" pos="X">だ</wf>
         <wf lemma="." pos="X">.</wf>
      </sentence>
      <sentence id="d000.s2485" source="wordnet-japanese">
         <wf lemma="繁華街" pos="X">繁華街</wf>
         <wf lemma="を" pos="X">を</wf>
         <wf lemma="横切る" pos="X">横切る</wf>
         <wf lemma="とき" pos="X">とき</wf>
         <wf lemma="、" pos="X">、</wf>
         <wf lemma="彼ら" pos="X">彼ら</wf>
         <wf lemma="は" pos="X">は</wf>
         <instance id="d000.s2485.t000" lemma="慎重" pos="ADJ">慎重</instance>
         <wf lemma="だっ" pos="X">だっ</wf>
         <wf lemma="た" pos="X">た</wf>
         <wf lemma="." pos="X">.</wf>
      </sentence>
      <sentence id="d000.s2486" source="wordnet-japanese">
         <wf lemma="岩" pos="X">岩</wf>
         <wf lemma="の" pos="X">の</wf>
         <instance id="d000.s2486.t000" lemma="破片" pos="NOUN">破片</instance>
         <wf lemma="." pos="X">.</wf>
      </sentence>
      <sentence id="d000.s2487" source="wordnet-japanese">
         <wf lemma="彼ら" pos="X">彼ら</wf>
         <wf lemma="は" pos="X">は</wf>
         <wf lemma="、" pos="X">、</wf>
         <wf lemma="我々" pos="X">我々</wf>
         <wf lemma="に" pos="X">に</wf>
         <wf lemma="彼ら" pos="X">彼ら</wf>
         <wf lemma="の" pos="X">の</wf>
         <wf lemma="結婚式" pos="X">結婚式</wf>
         <wf lemma="の" pos="X">の</wf>
         <instance id="d000.s2487.t000" lemma="写真" pos="NOUN">写真</instance>
         <wf lemma="を" pos="X">を</wf>
         <wf lemma="見せ" pos="X">見せ</wf>
         <wf lemma="た" pos="X">た</wf>
         <wf lemma="." pos="X">.</wf>
      </sentence>
      <sentence id="d000.s2488" source="wordnet-japanese">
         <wf lemma="成長" pos="X">成長</wf>
         <wf lemma="と" pos="X">と</wf>
         <wf lemma="収益" pos="X">収益</wf>
         <wf lemma="の" pos="X">の</wf>
         <wf lemma="同時" pos="X">同時</wf>
         <instance id="d000.s2488.t000" lemma="最適化" pos="NOUN">最適化</instance>
         <wf lemma="." pos="X">.</wf>
      </sentence>
      <sentence id="d000.s2489" source="wordnet-japanese">
         <wf lemma="何" pos="X">何</wf>
         <wf lemma="が" pos="X">が</wf>
         <wf lemma="あなた" pos="X">あなた</wf>
         <wf lemma="を" pos="X">を</wf>
         <wf lemma="苦しめ" pos="X">苦しめ</wf>
         <wf lemma="て" pos="X">て</wf>
         <wf lemma="いる" pos="X">いる</wf>
         <wf lemma="の" pos="X">の</wf>
         <wf lemma="か" pos="X">か</wf>
         <wf lemma="、" pos="X">、</wf>
         <wf lemma="私" pos="X">私</wf>
         <wf lemma="に" pos="X">に</wf>
         <instance id="d000.s2489.t000" lemma="話す" pos="VERB">話し</instance>
         <wf lemma="て" pos="X">て</wf>
         <wf lemma="ください" pos="X">ください</wf>
         <wf lemma="." pos="X">.</wf>
      </sentence>
      <sentence id="d000.s2490" source="wordnet-japanese">
         <instance id="d000.s2490.t000" lemma="最近" pos="ADV">最近</instance>
         <wf lemma="、" pos="X">、</wf>
         <wf lemma="規則" pos="X">規則</wf>
         <wf lemma="は" pos="X">は</wf>
         <wf lemma="実施" pos="X">実施</wf>
         <wf lemma="さ" pos="X">さ</wf>
         <wf lemma="れ" pos="X">れ</wf>
         <wf lemma="た" pos="X">た</wf>
         <wf lemma="." pos="X">.</wf>
      </sentence>
      <sentence id="d000.s2491" source="wordnet-japanese">
         <wf lemma="花" pos="X">花</wf>
         <wf lemma="を" pos="X">を</wf>
         <instance id="d000.s2491.t000" lemma="摘み取る" pos="VERB">摘み取る</instance>
         <wf lemma="." pos="X">.</wf>
      </sentence>
      <sentence id="d000.s2492" source="wordnet-japanese">
         <instance id="d000.s2492.t000" lemma="明瞭" pos="ADJ">明瞭</instance>
         <wf lemma="な" pos="X">な</wf>
         <wf lemma="思想家" pos="X">思想家</wf>
         <wf lemma="." pos="X">.</wf>
      </sentence>
      <sentence id="d000.s2493" source="wordnet-japanese">
         <instance id="d000.s2493.t000" lemma="リズミカル" pos="ADJ">リズミカル</instance>
         <wf lemma="な" pos="X">な</wf>
         <wf lemma="散文" pos="X">散文</wf>
         <wf lemma="." pos="X">.</wf>
      </sentence>
      <sentence id="d000.s2494" source="wordnet-japanese">
         <wf lemma="自身" pos="X">自身</wf>
         <wf lemma="の" pos="X">の</wf>
         <wf lemma="重力" pos="X">重力</wf>
         <wf lemma="の" pos="X">の</wf>
         <wf lemma="もと" pos="X">もと</wf>
         <wf lemma="で" pos="X">で</wf>
         <wf lemma="の" pos="X">の</wf>
         <wf lemma="古い" pos="X">古い</wf>
         <wf lemma="星" pos="X">星</wf>
         <wf lemma="の" pos="X">の</wf>
         <instance id="d000.s2494.t000" lemma="崩壊" pos="NOUN">崩壊</instance>
         <wf lemma="." pos="X">.</wf>
      </sentence>
      <sentence id="d000.s2495" source="wordnet-japanese">
         <instance id="d000.s2495.t000" lemma="忠実" pos="ADJ">忠実</instance>
         <wf lemma="な" pos="X">な</wf>
         <wf lemma="訳" pos="X">訳</wf>
         <wf lemma="." pos="X">.</wf>
      </sentence>
      <sentence id="d000.s2496" source="wordnet-japanese">
         <wf lemma="静止" pos="X">静止</wf>
         <instance id="d000.s2496.t000" lemma="系" pos="NOUN">系</instance>
         <wf lemma="で" pos="X">で</wf>
         <wf lemma="は" pos="X">は</wf>
         <wf lemma="、" pos="X">、</wf>
         <wf lemma="油" pos="X">油</wf>
         <wf lemma="を" pos="X">を</wf>
         <wf lemma="表面" pos="X">表面</wf>
         <wf lemma="の" pos="X">の</wf>
         <wf lemma="水" pos="X">水</wf>
         <wf lemma="に" pos="X">に</wf>
         <wf lemma="取り替える" pos="X">取り替える</wf>
         <wf lemma="こと" pos="X">こと</wf>
         <wf lemma="が" pos="X">が</wf>
         <wf lemma="でき" pos="X">でき</wf>
         <wf lemma="ない" pos="X">ない</wf>
         <wf lemma="." pos="X">.</wf>
      </sentence>
      <sentence id="d000.s2497" source="wordnet-japanese">
         <instance id="d000.s2497.t000" lemma="高度" pos="ADJ">高度</instance>
         <wf lemma="な" pos="X">な</wf>
         <wf lemma="程度" pos="X">程度</wf>
         <wf lemma="." pos="X">.</wf>
      </sentence>
      <sentence id="d000.s2498" source="wordnet-japanese">
         <wf lemma="消費" pos="X">消費</wf>
         <wf lemma="と" pos="X">と</wf>
         <wf lemma="賭博" pos="X">賭博</wf>
         <wf lemma="を" pos="X">を</wf>
         <instance id="d000.s2498.t000" lemma="衝動的" pos="ADJ">衝動的</instance>
         <wf lemma="に" pos="X">に</wf>
         <wf lemma="見せる" pos="X">見せる</wf>
         <wf lemma="こと" pos="X">こと</wf>
         <wf lemma="." pos="X">.</wf>
      </sentence>
      <sentence id="d000.s2499" source="wordnet-japanese">
         <instance id="d000.s2499.t000" lemma="社会的" pos="ADV">社会的</instance>
         <wf lemma="に" pos="X">に</wf>
         <wf lemma="受け入れ" pos="X">受け入れ</wf>
         <wf lemma="られ" pos="X">られ</wf>
         <wf lemma="た" pos="X">た</wf>
         <wf lemma="標準" pos="X">標準</wf>
         <wf lemma="." pos="X">.</wf>
      </sentence>
      <sentence id="d000.s2500" source="wordnet-japanese">
         <wf lemma="警報器" pos="X">警報器</wf>
         <wf lemma="を" pos="X">を</wf>
         <instance id="d000.s2500.t000" lemma="鳴らす" pos="VERB">鳴らす</instance>
         <wf lemma="." pos="X">.</wf>
      </sentence>
      <sentence id="d000.s2501" source="wordnet-japanese">
         <instance id="d000.s2501.t000" lemma="激しい" pos="ADJ">激しい</instance>
         <wf lemma="感情" pos="X">感情</wf>
         <wf lemma="." pos="X">.</wf>
      </sentence>
      <sentence id="d000.s2502" source="wordnet-japanese">
         <wf lemma="彼" pos="X">彼</wf>
         <wf lemma="は" pos="X">は</wf>
         <wf lemma="彼女" pos="X">彼女</wf>
         <wf lemma="の" pos="X">の</wf>
         <wf lemma="気持ち" pos="X">気持ち</wf>
         <wf lemma="に対して" pos="X">に対して</wf>
         <wf lemma="、" pos="X">、</wf>
         <wf lemma="すこし" pos="X">すこし</wf>
         <wf lemma="の" pos="X">の</wf>
         <instance id="d000.s2502.t000" lemma="思いやり" pos="NOUN">思いやり</instance>
         <wf lemma="も" pos="X">も</wf>
         <wf lemma="示さ" pos="X">示さ</wf>
         <wf lemma="なかっ" pos="X">なかっ</wf>
         <wf lemma="た" pos="X">た</wf>
         <wf lemma="." pos="X">.</wf>
      </sentence>
      <sentence id="d000.s2503" source="wordnet-japanese">
         <wf lemma="彼" pos="X">彼</wf>
         <wf lemma="の" pos="X">の</wf>
         <instance id="d000.s2503.t000" lemma="株" pos="NOUN">株</instance>
         <wf lemma="の" pos="X">の</wf>
         <wf lemma="価値" pos="X">価値</wf>
         <wf lemma="は" pos="X">は</wf>
         <wf lemma="、" pos="X">、</wf>
         <wf lemma="昨年" pos="X">昨年</wf>
         <wf lemma="の" pos="X">の</wf>
         <wf lemma="間" pos="X">間</wf>
         <wf lemma="に" pos="X">に</wf>
         <wf lemma="2" pos="X">2</wf>
         <wf lemma="倍" pos="X">倍</wf>
         <wf lemma="に" pos="X">に</wf>
         <wf lemma="なっ" pos="X">なっ</wf>
         <wf lemma="た" pos="X">た</wf>
         <wf lemma="." pos="X">.</wf>
      </sentence>
      <sentence id="d000.s2504" source="wordnet-japanese">
         <wf lemma="文法的" pos="X">文法的</wf>
         <wf lemma="屈折" pos="X">屈折</wf>
         <wf lemma="の" pos="X">の</wf>
         <instance id="d000.s2504.t000" lemma="決定" pos="NOUN">決定</instance>
         <wf lemma="." pos="X">.</wf>
      </sentence>
      <sentence id="d000.s2505" source="wordnet-japanese">
         <wf lemma="彼女" pos="X">彼女</wf>
         <wf lemma="が" pos="X">が</wf>
         <wf lemma="それら" pos="X">それら</wf>
         <wf lemma="を" pos="X">を</wf>
         <wf lemma="追う" pos="X">追う</wf>
         <wf lemma="こと" pos="X">こと</wf>
         <wf lemma="が" pos="X">が</wf>
         <wf lemma="できる" pos="X">できる</wf>
         <wf lemma="より" pos="X">より</wf>
         <wf lemma="も" pos="X">も</wf>
         <wf lemma="速く" pos="X">速く</wf>
         <wf lemma="彼" pos="X">彼</wf>
         <wf lemma="は" pos="X">は</wf>
         <wf lemma="方向" pos="X">方向</wf>
         <wf lemma="を" pos="X">を</wf>
         <instance id="d000.s2505.t000" lemma="指示" pos="NOUN">指示</instance>
         <wf lemma="し" pos="X">し</wf>
         <wf lemma="た" pos="X">た</wf>
         <wf lemma="." pos="X">.</wf>
      </sentence>
      <sentence id="d000.s2506" source="wordnet-japanese">
         <instance id="d000.s2506.t000" lemma="炎" pos="NOUN">炎</instance>
         <wf lemma="は" pos="X">は</wf>
         <wf lemma="あっ" pos="X">あっ</wf>
         <wf lemma="という" pos="X">という</wf>
         <wf lemma="間" pos="X">間</wf>
         <wf lemma="に" pos="X">に</wf>
         <wf lemma="広がっ" pos="X">広がっ</wf>
         <wf lemma="た" pos="X">た</wf>
         <wf lemma="." pos="X">.</wf>
      </sentence>
      <sentence id="d000.s2507" source="wordnet-japanese">
         <wf lemma="人" pos="X">人</wf>
         <wf lemma="は" pos="X">は</wf>
         <instance id="d000.s2507.t000" lemma="軽々" pos="ADV">軽々</instance>
         <wf lemma="と" pos="X">と</wf>
         <wf lemma="そのよう" pos="X">そのよう</wf>
         <wf lemma="な" pos="X">な</wf>
         <wf lemma="こと" pos="X">こと</wf>
         <wf lemma="を" pos="X">を</wf>
         <wf lemma="言う" pos="X">言う</wf>
         <wf lemma="こと" pos="X">こと</wf>
         <wf lemma="が" pos="X">が</wf>
         <wf lemma="でき" pos="X">でき</wf>
         <wf lemma="ない" pos="X">ない</wf>
         <wf lemma="." pos="X">.</wf>
      </sentence>
      <sentence id="d000.s2508" source="wordnet-japanese">
         <wf lemma="ラグーン" pos="X">ラグーン</wf>
         <wf lemma="の" pos="X">の</wf>
         <instance id="d000.s2508.t000" lemma="静か" pos="ADJ">静か</instance>
         <wf lemma="な" pos="X">な</wf>
         <wf lemma="海" pos="X">海</wf>
         <wf lemma="." pos="X">.</wf>
      </sentence>
      <sentence id="d000.s2509" source="wordnet-japanese">
         <wf lemma="道" pos="X">道</wf>
         <wf lemma="は" pos="X">は</wf>
         <instance id="d000.s2509.t000" lemma="広がる" pos="VERB">広がっ</instance>
         <wf lemma="た" pos="X">た</wf>
         <wf lemma="." pos="X">.</wf>
      </sentence>
      <sentence id="d000.s2510" source="wordnet-japanese">
         <wf lemma="それ" pos="X">それ</wf>
         <wf lemma="は" pos="X">は</wf>
         <wf lemma="早い" pos="X">早い</wf>
         <instance id="d000.s2510.t000" lemma="覚醒" pos="NOUN">覚醒</instance>
         <wf lemma="だっ" pos="X">だっ</wf>
         <wf lemma="た" pos="X">た</wf>
         <wf lemma="." pos="X">.</wf>
      </sentence>
      <sentence id="d000.s2511" source="wordnet-japanese">
         <wf lemma="彼" pos="X">彼</wf>
         <wf lemma="は" pos="X">は</wf>
         <wf lemma="封筒" pos="X">封筒</wf>
         <wf lemma="に" pos="X">に</wf>
         <wf lemma="彼" pos="X">彼</wf>
         <wf lemma="の" pos="X">の</wf>
         <instance id="d000.s2511.t000" lemma="印章" pos="NOUN">印章</instance>
         <wf lemma="を" pos="X">を</wf>
         <wf lemma="押し" pos="X">押し</wf>
         <wf lemma="た" pos="X">た</wf>
         <wf lemma="." pos="X">.</wf>
      </sentence>
      <sentence id="d000.s2512" source="wordnet-japanese">
         <wf lemma="問題" pos="X">問題</wf>
         <wf lemma="の" pos="X">の</wf>
         <instance id="d000.s2512.t000" lemma="速やか" pos="ADJ">速やか</instance>
         <wf lemma="な" pos="X">な</wf>
         <wf lemma="解決" pos="X">解決</wf>
         <wf lemma="を" pos="X">を</wf>
         <wf lemma="望ん" pos="X">望ん</wf>
         <wf lemma="だ" pos="X">だ</wf>
         <wf lemma="." pos="X">.</wf>
      </sentence>
      <sentence id="d000.s2513" source="wordnet-japanese">
         <instance id="d000.s2513.t000" lemma="魅惑的" pos="ADJ">魅惑的</instance>
         <wf lemma="な" pos="X">な</wf>
         <wf lemma="女性" pos="X">女性</wf>
         <wf lemma="." pos="X">.</wf>
      </sentence>
      <sentence id="d000.s2514" source="wordnet-japanese">
         <instance id="d000.s2514.t000" lemma="捕食性" pos="ADJ">捕食性</instance>
         <wf lemma="の" pos="X">の</wf>
         <wf lemma="動物" pos="X">動物</wf>
         <wf lemma="−" pos="X">−</wf>
         <wf lemma="−" pos="X">−</wf>
         <wf lemma="初期" pos="X">初期</wf>
         <wf lemma="の" pos="X">の</wf>
         <wf lemma="地質学" pos="X">地質学</wf>
         <wf lemma="における" pos="X">における</wf>
         <wf lemma="ギャング" pos="X">ギャング</wf>
         <wf lemma="である" pos="X">である</wf>
         <wf lemma="−" pos="X">−</wf>
         <wf lemma="W.E" pos="X">W.E</wf>
         <wf lemma="." pos="X">.</wf>
         <wf lemma="スウィントン" pos="X">スウィントン</wf>
         <wf lemma="." pos="X">.</wf>
      </sentence>
      <sentence id="d000.s2515" source="wordnet-japanese">
         <wf lemma="単一" pos="X">単一</wf>
         <wf lemma="の" pos="X">の</wf>
         <wf lemma="結晶" pos="X">結晶</wf>
         <wf lemma="の" pos="X">の</wf>
         <wf lemma="合成" pos="X">合成</wf>
         <wf lemma="と" pos="X">と</wf>
         <instance id="d000.s2515.t000" lemma="製作" pos="NOUN">製作</instance>
         <wf lemma="." pos="X">.</wf>
      </sentence>
      <sentence id="d000.s2516" source="wordnet-japanese">
         <instance id="d000.s2516.t000" lemma="不適当" pos="ADJ">不適当</instance>
         <wf lemma="な" pos="X">な</wf>
         <wf lemma="圧力" pos="X">圧力</wf>
         <wf lemma="を" pos="X">を</wf>
         <wf lemma="それら" pos="X">それら</wf>
         <wf lemma="に" pos="X">に</wf>
         <wf lemma="かける" pos="X">かける</wf>
         <wf lemma="." pos="X">.</wf>
      </sentence>
      <sentence id="d000.s2517" source="wordnet-japanese">
         <wf lemma="彼ら" pos="X">彼ら</wf>
         <wf lemma="が" pos="X">が</wf>
         <wf lemma="バス" pos="X">バス</wf>
         <wf lemma="に" pos="X">に</wf>
         <wf lemma="い" pos="X">い</wf>
         <wf lemma="た" pos="X">た</wf>
         <wf lemma="こと" pos="X">こと</wf>
         <wf lemma="は" pos="X">は</wf>
         <instance id="d000.s2517.t000" lemma="確か" pos="ADJ">確か</instance>
         <wf lemma="である" pos="X">である</wf>
         <wf lemma="." pos="X">.</wf>
      </sentence>
      <sentence id="d000.s2518" source="wordnet-japanese">
         <instance id="d000.s2518.t000" lemma="猥褻" pos="ADJ">猥褻</instance>
         <wf lemma="な" pos="X">な</wf>
         <wf lemma="本" pos="X">本</wf>
         <wf lemma="と" pos="X">と</wf>
         <wf lemma="映画" pos="X">映画</wf>
         <wf lemma="." pos="X">.</wf>
      </sentence>
      <sentence id="d000.s2519" source="wordnet-japanese">
         <wf lemma="憤り" pos="X">憤り</wf>
         <wf lemma="の" pos="X">の</wf>
         <instance id="d000.s2519.t000" lemma="熱" pos="NOUN">熱</instance>
         <wf lemma="で" pos="X">で</wf>
         <wf lemma="." pos="X">.</wf>
      </sentence>
      <sentence id="d000.s2520" source="wordnet-japanese">
         <wf lemma="方法" pos="X">方法</wf>
         <wf lemma="における" pos="X">における</wf>
         <wf lemma="魅力的" pos="X">魅力的</wf>
         <wf lemma="な" pos="X">な</wf>
         <wf lemma="東洋" pos="X">東洋</wf>
         <wf lemma="の" pos="X">の</wf>
         <instance id="d000.s2520.t000" lemma="流動性" pos="NOUN">流動性</instance>
         <wf lemma="." pos="X">.</wf>
      </sentence>
      <sentence id="d000.s2521" source="wordnet-japanese">
         <instance id="d000.s2521.t000" lemma="不誠実" pos="ADJ">不誠実</instance>
         <wf lemma="な" pos="X">な</wf>
         <wf lemma="人" pos="X">人</wf>
         <wf lemma="." pos="X">.</wf>
      </sentence>
      <sentence id="d000.s2522" source="wordnet-japanese">
         <wf lemma="仕事" pos="X">仕事</wf>
         <wf lemma="は" pos="X">は</wf>
         <wf lemma="1" pos="X">1</wf>
         <instance id="d000.s2522.t000" lemma="時間" pos="NOUN">時間</instance>
         <wf lemma="以上" pos="X">以上</wf>
         <wf lemma="かかる" pos="X">かかる</wf>
         <wf lemma="だろ" pos="X">だろ</wf>
         <wf lemma="う" pos="X">う</wf>
         <wf lemma="." pos="X">.</wf>
      </sentence>
      <sentence id="d000.s2523" source="wordnet-japanese">
         <wf lemma="蔵書" pos="X">蔵書</wf>
         <wf lemma="目録" pos="X">目録</wf>
         <wf lemma="は" pos="X">は</wf>
         <wf lemma="出版物" pos="X">出版物</wf>
         <wf lemma="を" pos="X">を</wf>
         <wf lemma="記述" pos="X">記述</wf>
         <wf lemma="する" pos="X">する</wf>
         <wf lemma="ので" pos="X">ので</wf>
         <instance id="d000.s2523.t000" lemma="メタデータ" pos="NOUN">メタデータ</instance>
         <wf lemma="である" pos="X">である</wf>
         <wf lemma="." pos="X">.</wf>
      </sentence>
      <sentence id="d000.s2524" source="wordnet-japanese">
         <wf lemma="彼" pos="X">彼</wf>
         <wf lemma="は" pos="X">は</wf>
         <wf lemma="新しい" pos="X">新しい</wf>
         <wf lemma="馬" pos="X">馬</wf>
         <wf lemma="に" pos="X">に</wf>
         <wf lemma="20" pos="X">20</wf>
         <wf lemma="ドル" pos="X">ドル</wf>
         <instance id="d000.s2524.t000" lemma="賭ける" pos="VERB">賭け</instance>
         <wf lemma="た" pos="X">た</wf>
         <wf lemma="." pos="X">.</wf>
      </sentence>
      <sentence id="d000.s2525" source="wordnet-japanese">
         <wf lemma="彼ら" pos="X">彼ら</wf>
         <wf lemma="は" pos="X">は</wf>
         <wf lemma="、" pos="X">、</wf>
         <wf lemma="水" pos="X">水</wf>
         <wf lemma="が" pos="X">が</wf>
         <wf lemma="温かく" pos="X">温かく</wf>
         <wf lemma="なっ" pos="X">なっ</wf>
         <wf lemma="たら" pos="X">たら</wf>
         <instance id="d000.s2525.t000" lemma="流動性" pos="NOUN">流動性</instance>
         <wf lemma="が" pos="X">が</wf>
         <wf lemma="増す" pos="X">増す</wf>
         <wf lemma="と" pos="X">と</wf>
         <wf lemma="信じ" pos="X">信じ</wf>
         <wf lemma="て" pos="X">て</wf>
         <wf lemma="いる" pos="X">いる</wf>
         <wf lemma="." pos="X">.</wf>
      </sentence>
      <sentence id="d000.s2526" source="wordnet-japanese">
         <instance id="d000.s2526.t000" lemma="美しい" pos="ADJ">美しい</instance>
         <wf lemma="絵" pos="X">絵</wf>
         <wf lemma="." pos="X">.</wf>
      </sentence>
      <sentence id="d000.s2527" source="wordnet-japanese">
         <wf lemma="地位" pos="X">地位</wf>
         <wf lemma="の" pos="X">の</wf>
         <instance id="d000.s2527.t000" lemma="急" pos="ADJ">急</instance>
         <wf lemma="上昇" pos="X">上昇</wf>
         <wf lemma="." pos="X">.</wf>
      </sentence>
      <sentence id="d000.s2528" source="wordnet-japanese">
         <instance id="d000.s2528.t000" lemma="困難" pos="ADJ">困難</instance>
         <wf lemma="な" pos="X">な</wf>
         <wf lemma="時期" pos="X">時期</wf>
         <wf lemma="を" pos="X">を</wf>
         <wf lemma="経験" pos="X">経験</wf>
         <wf lemma="し" pos="X">し</wf>
         <wf lemma="た" pos="X">た</wf>
         <wf lemma="." pos="X">.</wf>
      </sentence>
      <sentence id="d000.s2529" source="wordnet-japanese">
         <wf lemma="迅速" pos="X">迅速</wf>
         <wf lemma="で" pos="X">で</wf>
         <wf lemma="、" pos="X">、</wf>
         <instance id="d000.s2529.t000" lemma="確実" pos="ADJ">確実</instance>
         <wf lemma="な" pos="X">な</wf>
         <wf lemma="治療法" pos="X">治療法</wf>
         <wf lemma="." pos="X">.</wf>
      </sentence>
      <sentence id="d000.s2530" source="wordnet-japanese">
         <wf lemma="必要" pos="X">必要</wf>
         <wf lemma="以上" pos="X">以上</wf>
         <wf lemma="に" pos="X">に</wf>
         <wf lemma="お金" pos="X">お金</wf>
         <wf lemma="を" pos="X">を</wf>
         <wf lemma="使う" pos="X">使う</wf>
         <instance id="d000.s2530.t000" lemma="退廃的" pos="ADJ">退廃的</instance>
         <wf lemma="な" pos="X">な</wf>
         <wf lemma="生活" pos="X">生活</wf>
         <wf lemma="で" pos="X">で</wf>
         <wf lemma="、" pos="X">、</wf>
         <wf lemma="責任" pos="X">責任</wf>
         <wf lemma="の" pos="X">の</wf>
         <wf lemma="感覚" pos="X">感覚</wf>
         <wf lemma="が" pos="X">が</wf>
         <wf lemma="ない" pos="X">ない</wf>
         <wf lemma="." pos="X">.</wf>
      </sentence>
      <sentence id="d000.s2531" source="wordnet-japanese">
         <wf lemma="その" pos="X">その</wf>
         <wf lemma="プログラム" pos="X">プログラム</wf>
         <wf lemma="の" pos="X">の</wf>
         <instance id="d000.s2531.t000" lemma="認可" pos="NOUN">認可</instance>
         <wf lemma="は" pos="X">は</wf>
         <wf lemma="何度" pos="X">何度</wf>
         <wf lemma="か" pos="X">か</wf>
         <wf lemma="更新" pos="X">更新</wf>
         <wf lemma="さ" pos="X">さ</wf>
         <wf lemma="れ" pos="X">れ</wf>
         <wf lemma="た" pos="X">た</wf>
         <wf lemma="." pos="X">.</wf>
      </sentence>
      <sentence id="d000.s2532" source="wordnet-japanese">
         <wf lemma="テレビ" pos="X">テレビ</wf>
         <wf lemma="の" pos="X">の</wf>
         <wf lemma="カメラ" pos="X">カメラ</wf>
         <wf lemma="が" pos="X">が</wf>
         <instance id="d000.s2532.t000" lemma="法廷" pos="NOUN">法廷</instance>
         <wf lemma="に" pos="X">に</wf>
         <wf lemma="入る" pos="X">入る</wf>
         <wf lemma="こと" pos="X">こと</wf>
         <wf lemma="を" pos="X">を</wf>
         <wf lemma="許さ" pos="X">許さ</wf>
         <wf lemma="れ" pos="X">れ</wf>
         <wf lemma="た" pos="X">た</wf>
         <wf lemma="." pos="X">.</wf>
      </sentence>
      <sentence id="d000.s2533" source="wordnet-japanese">
         <instance id="d000.s2533.t000" lemma="豊富" pos="ADJ">豊富</instance>
         <wf lemma="な" pos="X">な</wf>
         <wf lemma="ブドウ" pos="X">ブドウ</wf>
         <wf lemma="の" pos="X">の</wf>
         <wf lemma="収穫" pos="X">収穫</wf>
         <wf lemma="." pos="X">.</wf>
      </sentence>
      <sentence id="d000.s2534" source="wordnet-japanese">
         <wf lemma="誤り" pos="X">誤り</wf>
         <wf lemma="を" pos="X">を</wf>
         <wf lemma="輪" pos="X">輪</wf>
         <wf lemma="で" pos="X">で</wf>
         <instance id="d000.s2534.t000" lemma="囲む" pos="VERB">囲む</instance>
         <wf lemma="." pos="X">.</wf>
      </sentence>
      <sentence id="d000.s2535" source="wordnet-japanese">
         <wf lemma="その" pos="X">その</wf>
         <wf lemma="2" pos="X">2</wf>
         <wf lemma="つ" pos="X">つ</wf>
         <wf lemma="の" pos="X">の</wf>
         <wf lemma="本" pos="X">本</wf>
         <wf lemma="は" pos="X">は</wf>
         <instance id="d000.s2535.t000" lemma="比べ物" pos="NOUN">比べ物</instance>
         <wf lemma="に" pos="X">に</wf>
         <wf lemma="なら" pos="X">なら</wf>
         <wf lemma="ない" pos="X">ない</wf>
         <wf lemma="." pos="X">.</wf>
      </sentence>
      <sentence id="d000.s2536" source="wordnet-japanese">
         <wf lemma="私" pos="X">私</wf>
         <wf lemma="は" pos="X">は</wf>
         <wf lemma="彼" pos="X">彼</wf>
         <wf lemma="を" pos="X">を</wf>
         <wf lemma="違う" pos="X">違う</wf>
         <wf lemma="名前" pos="X">名前</wf>
         <wf lemma="で" pos="X">で</wf>
         <instance id="d000.s2536.t000" lemma="知る" pos="VERB">知っ</instance>
         <wf lemma="て" pos="X">て</wf>
         <wf lemma="いる" pos="X">いる</wf>
         <wf lemma="." pos="X">.</wf>
      </sentence>
      <sentence id="d000.s2537" source="wordnet-japanese">
         <wf lemma="その" pos="X">その</wf>
         <wf lemma="一家" pos="X">一家</wf>
         <wf lemma="は" pos="X">は</wf>
         <wf lemma="、" pos="X">、</wf>
         <wf lemma="家主" pos="X">家主</wf>
         <wf lemma="に対して" pos="X">に対して</wf>
         <instance id="d000.s2537.t000" lemma="訴訟" pos="NOUN">訴訟</instance>
         <wf lemma="を" pos="X">を</wf>
         <wf lemma="起こし" pos="X">起こし</wf>
         <wf lemma="た" pos="X">た</wf>
         <wf lemma="." pos="X">.</wf>
      </sentence>
      <sentence id="d000.s2538" source="wordnet-japanese">
         <instance id="d000.s2538.t000" lemma="大事" pos="ADJ">大事</instance>
         <wf lemma="な" pos="X">な</wf>
         <wf lemma="家宝" pos="X">家宝</wf>
         <wf lemma="." pos="X">.</wf>
      </sentence>
      <sentence id="d000.s2539" source="wordnet-japanese">
         <wf lemma="彼" pos="X">彼</wf>
         <wf lemma="は" pos="X">は</wf>
         <wf lemma="、" pos="X">、</wf>
         <wf lemma="地殻" pos="X">地殻</wf>
         <wf lemma="の" pos="X">の</wf>
         <instance id="d000.s2539.t000" lemma="断層" pos="NOUN">断層</instance>
         <wf lemma="作用" pos="X">作用</wf>
         <wf lemma="を" pos="X">を</wf>
         <wf lemma="研究" pos="X">研究</wf>
         <wf lemma="し" pos="X">し</wf>
         <wf lemma="た" pos="X">た</wf>
         <wf lemma="." pos="X">.</wf>
      </sentence>
      <sentence id="d000.s2540" source="wordnet-japanese">
         <wf lemma="コンピュータ" pos="X">コンピュータ</wf>
         <wf lemma="の" pos="X">の</wf>
         <instance id="d000.s2540.t000" lemma="特殊" pos="ADJ">特殊</instance>
         <wf lemma="機能" pos="X">機能</wf>
         <wf lemma="." pos="X">.</wf>
      </sentence>
      <sentence id="d000.s2541" source="wordnet-japanese">
         <instance id="d000.s2541.t000" lemma="恐ろしい" pos="ADJ">恐ろしい</instance>
         <wf lemma="爆発" pos="X">爆発</wf>
         <wf lemma="は" pos="X">は</wf>
         <wf lemma="、" pos="X">、</wf>
         <wf lemma="都市" pos="X">都市</wf>
         <wf lemma="を" pos="X">を</wf>
         <wf lemma="揺る" pos="X">揺る</wf>
         <wf lemma="がし" pos="X">がし</wf>
         <wf lemma="た" pos="X">た</wf>
         <wf lemma="." pos="X">.</wf>
      </sentence>
      <sentence id="d000.s2542" source="wordnet-japanese">
         <wf lemma="政治" pos="X">政治</wf>
         <wf lemma="と" pos="X">と</wf>
         <wf lemma="宗教" pos="X">宗教</wf>
         <wf lemma="の" pos="X">の</wf>
         <instance id="d000.s2542.t000" lemma="分離" pos="NOUN">分離</instance>
         <wf lemma="." pos="X">.</wf>
      </sentence>
      <sentence id="d000.s2543" source="wordnet-japanese">
         <instance id="d000.s2543.t000" lemma="私的" pos="ADJ">私的</instance>
         <wf lemma="な" pos="X">な</wf>
         <wf lemma="場所" pos="X">場所</wf>
         <wf lemma="." pos="X">.</wf>
      </sentence>
      <sentence id="d000.s2544" source="wordnet-japanese">
         <wf lemma="患者" pos="X">患者</wf>
         <wf lemma="は" pos="X">は</wf>
         <wf lemma="、" pos="X">、</wf>
         <wf lemma="毎日" pos="X">毎日</wf>
         <wf lemma="数" pos="X">数</wf>
         <wf lemma="リットル" pos="X">リットル</wf>
         <wf lemma="を" pos="X">を</wf>
         <instance id="d000.s2544.t000" lemma="飲む" pos="VERB">飲ま</instance>
         <wf lemma="なく" pos="X">なく</wf>
         <wf lemma="て" pos="X">て</wf>
         <wf lemma="は" pos="X">は</wf>
         <wf lemma="いけ" pos="X">いけ</wf>
         <wf lemma="ない" pos="X">ない</wf>
         <wf lemma="." pos="X">.</wf>
      </sentence>
      <sentence id="d000.s2545" source="wordnet-japanese">
         <instance id="d000.s2545.t000" lemma="決心" pos="NOUN">決心</instance>
         <wf lemma="の" pos="X">の</wf>
         <wf lemma="重荷" pos="X">重荷</wf>
         <wf lemma="は" pos="X">は</wf>
         <wf lemma="彼" pos="X">彼</wf>
         <wf lemma="に" pos="X">に</wf>
         <wf lemma="かかっ" pos="X">かかっ</wf>
         <wf lemma="て" pos="X">て</wf>
         <wf lemma="い" pos="X">い</wf>
         <wf lemma="た" pos="X">た</wf>
         <wf lemma="." pos="X">.</wf>
      </sentence>
      <sentence id="d000.s2546" source="wordnet-japanese">
         <wf lemma="計器" pos="X">計器</wf>
         <wf lemma="は" pos="X">は</wf>
         <wf lemma="「" pos="X">「</wf>
         <wf lemma="空" pos="X">空</wf>
         <wf lemma="」" pos="X">」</wf>
         <wf lemma="を" pos="X">を</wf>
         <instance id="d000.s2546.t000" lemma="示す" pos="VERB">示し</instance>
         <wf lemma="て" pos="X">て</wf>
         <wf lemma="い" pos="X">い</wf>
         <wf lemma="た" pos="X">た</wf>
         <wf lemma="." pos="X">.</wf>
      </sentence>
      <sentence id="d000.s2547" source="wordnet-japanese">
         <wf lemma="彼女" pos="X">彼女</wf>
         <wf lemma="の" pos="X">の</wf>
         <instance id="d000.s2547.t000" lemma="無敵" pos="ADJ">無敵</instance>
         <wf lemma="の" pos="X">の</wf>
         <wf lemma="精神" pos="X">精神</wf>
         <wf lemma="." pos="X">.</wf>
      </sentence>
      <sentence id="d000.s2548" source="wordnet-japanese">
         <wf lemma="私" pos="X">私</wf>
         <wf lemma="は" pos="X">は</wf>
         <wf lemma="チーム" pos="X">チーム</wf>
         <wf lemma="の" pos="X">の</wf>
         <wf lemma="成功" pos="X">成功</wf>
         <wf lemma="に" pos="X">に</wf>
         <instance id="d000.s2548.t000" lemma="貢献" pos="NOUN">貢献</instance>
         <wf lemma="で" pos="X">で</wf>
         <wf lemma="き" pos="X">き</wf>
         <wf lemma="て" pos="X">て</wf>
         <wf lemma="誇り" pos="X">誇り</wf>
         <wf lemma="に" pos="X">に</wf>
         <wf lemma="思う" pos="X">思う</wf>
         <wf lemma="." pos="X">.</wf>
      </sentence>
      <sentence id="d000.s2549" source="wordnet-japanese">
         <wf lemma="1960" pos="X">1960</wf>
         <wf lemma="年代" pos="X">年代</wf>
         <wf lemma="は" pos="X">は</wf>
         <wf lemma="確立" pos="X">確立</wf>
         <wf lemma="さ" pos="X">さ</wf>
         <wf lemma="れ" pos="X">れ</wf>
         <wf lemma="た" pos="X">た</wf>
         <wf lemma="伝統" pos="X">伝統</wf>
         <wf lemma="に対する" pos="X">に対する</wf>
         <wf lemma="若年" pos="X">若年</wf>
         <wf lemma="層" pos="X">層</wf>
         <wf lemma="の" pos="X">の</wf>
         <wf lemma="反" pos="X">反</wf>
         <wf lemma="逆" pos="X">逆</wf>
         <wf lemma="が" pos="X">が</wf>
         <instance id="d000.s2549.t000" lemma="見る" pos="VERB">見</instance>
         <wf lemma="られ" pos="X">られ</wf>
         <wf lemma="た" pos="X">た</wf>
         <wf lemma="." pos="X">.</wf>
      </sentence>
      <sentence id="d000.s2550" source="wordnet-japanese">
         <wf lemma="この" pos="X">この</wf>
         <wf lemma="種類" pos="X">種類</wf>
         <wf lemma="の" pos="X">の</wf>
         <wf lemma="静脈" pos="X">静脈</wf>
         <wf lemma="は" pos="X">は</wf>
         <wf lemma="ある" pos="X">ある</wf>
         <wf lemma="一定" pos="X">一定</wf>
         <wf lemma="の" pos="X">の</wf>
         <wf lemma="動脈" pos="X">動脈</wf>
         <wf lemma="に" pos="X">に</wf>
         <instance id="d000.s2550.t000" lemma="伴う" pos="VERB">伴う</instance>
         <wf lemma="." pos="X">.</wf>
      </sentence>
      <sentence id="d000.s2551" source="wordnet-japanese">
         <instance id="d000.s2551.t000" lemma="海王星" pos="NOUN">海王星</instance>
         <wf lemma="の" pos="X">の</wf>
         <wf lemma="存在" pos="X">存在</wf>
         <wf lemma="は" pos="X">は</wf>
         <wf lemma="天" pos="X">天</wf>
         <wf lemma="王星" pos="X">王星</wf>
         <wf lemma="の" pos="X">の</wf>
         <wf lemma="軌道" pos="X">軌道</wf>
         <wf lemma="の" pos="X">の</wf>
         <wf lemma="摂動" pos="X">摂動</wf>
         <wf lemma="から" pos="X">から</wf>
         <wf lemma="予測" pos="X">予測</wf>
         <wf lemma="さ" pos="X">さ</wf>
         <wf lemma="れ" pos="X">れ</wf>
         <wf lemma="、" pos="X">、</wf>
         <wf lemma="次に" pos="X">次に</wf>
         <wf lemma="、" pos="X">、</wf>
         <wf lemma="それ" pos="X">それ</wf>
         <wf lemma="は" pos="X">は</wf>
         <wf lemma="1846" pos="X">1846</wf>
         <wf lemma="年" pos="X">年</wf>
         <wf lemma="に" pos="X">に</wf>
         <wf lemma="特定" pos="X">特定</wf>
         <wf lemma="さ" pos="X">さ</wf>
         <wf lemma="れ" pos="X">れ</wf>
         <wf lemma="た" pos="X">た</wf>
         <wf lemma="." pos="X">.</wf>
      </sentence>
      <sentence id="d000.s2552" source="wordnet-japanese">
         <wf lemma="種" pos="X">種</wf>
         <wf lemma="は" pos="X">は</wf>
         <instance id="d000.s2552.t000" lemma="微視的" pos="ADV">微視的</instance>
         <wf lemma="に" pos="X">に</wf>
         <wf lemma="小さかっ" pos="X">小さかっ</wf>
         <wf lemma="た" pos="X">た</wf>
         <wf lemma="." pos="X">.</wf>
      </sentence>
      <sentence id="d000.s2553" source="wordnet-japanese">
         <wf lemma="彼ら" pos="X">彼ら</wf>
         <wf lemma="は" pos="X">は</wf>
         <wf lemma="恐怖" pos="X">恐怖</wf>
         <wf lemma="に" pos="X">に</wf>
         <instance id="d000.s2553.t000" lemma="襲う" pos="VERB">襲わ</instance>
         <wf lemma="れ" pos="X">れ</wf>
         <wf lemma="た" pos="X">た</wf>
         <wf lemma="." pos="X">.</wf>
      </sentence>
      <sentence id="d000.s2554" source="wordnet-japanese">
         <instance id="d000.s2554.t000" lemma="フロッピーディスク" pos="NOUN">フロッピーディスク</instance>
         <wf lemma="は" pos="X">は</wf>
         <wf lemma="比較的" pos="X">比較的</wf>
         <wf lemma="低速" pos="X">低速</wf>
         <wf lemma="で" pos="X">で</wf>
         <wf lemma="容量" pos="X">容量</wf>
         <wf lemma="も" pos="X">も</wf>
         <wf lemma="小さい" pos="X">小さい</wf>
         <wf lemma="が" pos="X">が</wf>
         <wf lemma="価格" pos="X">価格</wf>
         <wf lemma="の" pos="X">の</wf>
         <wf lemma="安い" pos="X">安い</wf>
         <wf lemma="こと" pos="X">こと</wf>
         <wf lemma="で" pos="X">で</wf>
         <wf lemma="知ら" pos="X">知ら</wf>
         <wf lemma="れ" pos="X">れ</wf>
         <wf lemma="て" pos="X">て</wf>
         <wf lemma="いる" pos="X">いる</wf>
         <wf lemma="." pos="X">.</wf>
      </sentence>
      <sentence id="d000.s2555" source="wordnet-japanese">
         <wf lemma="ビール" pos="X">ビール</wf>
         <wf lemma="の" pos="X">の</wf>
         <wf lemma="1" pos="X">1</wf>
         <instance id="d000.s2555.t000" lemma="バレル" pos="NOUN">バレル</instance>
         <wf lemma="は" pos="X">は</wf>
         <wf lemma="31" pos="X">31</wf>
         <wf lemma="ガロン" pos="X">ガロン</wf>
         <wf lemma="で" pos="X">で</wf>
         <wf lemma="石油" pos="X">石油</wf>
         <wf lemma="の" pos="X">の</wf>
         <wf lemma="1" pos="X">1</wf>
         <wf lemma="バレル" pos="X">バレル</wf>
         <wf lemma="は" pos="X">は</wf>
         <wf lemma="42" pos="X">42</wf>
         <wf lemma="ガロン" pos="X">ガロン</wf>
         <wf lemma="である" pos="X">である</wf>
         <wf lemma="." pos="X">.</wf>
      </sentence>
      <sentence id="d000.s2556" source="wordnet-japanese">
         <instance id="d000.s2556.t000" lemma="架空" pos="ADJ">架空</instance>
         <wf lemma="の" pos="X">の</wf>
         <wf lemma="人物" pos="X">人物</wf>
         <wf lemma="." pos="X">.</wf>
      </sentence>
      <sentence id="d000.s2557" source="wordnet-japanese">
         <instance id="d000.s2557.t000" lemma="意図的" pos="ADJ">意図的</instance>
         <wf lemma="な" pos="X">な</wf>
         <wf lemma="詐欺" pos="X">詐欺</wf>
         <wf lemma="の" pos="X">の</wf>
         <wf lemma="試み" pos="X">試み</wf>
         <wf lemma="." pos="X">.</wf>
      </sentence>
      <sentence id="d000.s2558" source="wordnet-japanese">
         <wf lemma="彼女" pos="X">彼女</wf>
         <wf lemma="は" pos="X">は</wf>
         <wf lemma="一泊" pos="X">一泊</wf>
         <wf lemma="用" pos="X">用</wf>
         <wf lemma="かばんに" pos="X">かばんに</wf>
         <instance id="d000.s2558.t000" lemma="着替え" pos="NOUN">着替え</instance>
         <wf lemma="を" pos="X">を</wf>
         <wf lemma="持っ" pos="X">持っ</wf>
         <wf lemma="て" pos="X">て</wf>
         <wf lemma="き" pos="X">き</wf>
         <wf lemma="て" pos="X">て</wf>
         <wf lemma="い" pos="X">い</wf>
         <wf lemma="た" pos="X">た</wf>
         <wf lemma="." pos="X">.</wf>
      </sentence>
      <sentence id="d000.s2559" source="wordnet-japanese">
         <wf lemma="彼" pos="X">彼</wf>
         <wf lemma="は" pos="X">は</wf>
         <wf lemma="、" pos="X">、</wf>
         <wf lemma="背" pos="X">背</wf>
         <wf lemma="が" pos="X">が</wf>
         <instance id="d000.s2559.t000" lemma="低い" pos="ADJ">低く</instance>
         <wf lemma="て" pos="X">て</wf>
         <wf lemma="、" pos="X">、</wf>
         <wf lemma="ずんぐり" pos="X">ずんぐり</wf>
         <wf lemma="むっくり" pos="X">むっくり</wf>
         <wf lemma="だっ" pos="X">だっ</wf>
         <wf lemma="た" pos="X">た</wf>
         <wf lemma="." pos="X">.</wf>
      </sentence>
      <sentence id="d000.s2560" source="wordnet-japanese">
         <wf lemma="全く" pos="X">全く</wf>
         <instance id="d000.s2560.t000" lemma="正常" pos="ADJ">正常</instance>
         <wf lemma="な" pos="X">な</wf>
         <wf lemma="子供" pos="X">子供</wf>
         <wf lemma="." pos="X">.</wf>
      </sentence>
      <sentence id="d000.s2561" source="wordnet-japanese">
         <wf lemma="ジョン" pos="X">ジョン</wf>
         <wf lemma="が" pos="X">が</wf>
         <wf lemma="その" pos="X">その</wf>
         <wf lemma="行列" pos="X">行列</wf>
         <wf lemma="を" pos="X">を</wf>
         <instance id="d000.s2561.t000" lemma="率いる" pos="VERB">率い</instance>
         <wf lemma="て" pos="X">て</wf>
         <wf lemma="い" pos="X">い</wf>
         <wf lemma="た" pos="X">た</wf>
         <wf lemma="." pos="X">.</wf>
      </sentence>
      <sentence id="d000.s2562" source="wordnet-japanese">
         <wf lemma="私" pos="X">私</wf>
         <wf lemma="たち" pos="X">たち</wf>
         <wf lemma="は" pos="X">は</wf>
         <instance id="d000.s2562.t000" lemma="たくさん" pos="ADV">たくさん</instance>
         <wf lemma="の" pos="X">の</wf>
         <wf lemma="利益" pos="X">利益</wf>
         <wf lemma="を" pos="X">を</wf>
         <wf lemma="得" pos="X">得</wf>
         <wf lemma="た" pos="X">た</wf>
         <wf lemma="." pos="X">.</wf>
      </sentence>
      <sentence id="d000.s2563" source="wordnet-japanese">
         <wf lemma="彼女" pos="X">彼女</wf>
         <wf lemma="は" pos="X">は</wf>
         <wf lemma="怒り" pos="X">怒り</wf>
         <wf lemma="に" pos="X">に</wf>
         <instance id="d000.s2563.t000" lemma="燃える" pos="VERB">燃え</instance>
         <wf lemma="て" pos="X">て</wf>
         <wf lemma="い" pos="X">い</wf>
         <wf lemma="た" pos="X">た</wf>
         <wf lemma="." pos="X">.</wf>
      </sentence>
      <sentence id="d000.s2564" source="wordnet-japanese">
         <wf lemma="爆発" pos="X">爆発</wf>
         <wf lemma="は" pos="X">は</wf>
         <instance id="d000.s2564.t000" lemma="衝撃波" pos="NOUN">衝撃波</instance>
         <wf lemma="を" pos="X">を</wf>
         <wf lemma="引き起こし" pos="X">引き起こし</wf>
         <wf lemma="た" pos="X">た</wf>
         <wf lemma="." pos="X">.</wf>
      </sentence>
      <sentence id="d000.s2565" source="wordnet-japanese">
         <wf lemma="ワイン樽" pos="X">ワイン樽</wf>
         <wf lemma="を" pos="X">を</wf>
         <instance id="d000.s2565.t000" lemma="測る" pos="VERB">測る</instance>
         <wf lemma="." pos="X">.</wf>
      </sentence>
      <sentence id="d000.s2566" source="wordnet-japanese">
         <wf lemma="裁判官" pos="X">裁判官</wf>
         <wf lemma="は" pos="X">は</wf>
         <wf lemma="その" pos="X">その</wf>
         <wf lemma="裁判" pos="X">裁判</wf>
         <wf lemma="の" pos="X">の</wf>
         <instance id="d000.s2566.t000" lemma="報道" pos="NOUN">報道</instance>
         <wf lemma="価値" pos="X">価値</wf>
         <wf lemma="を" pos="X">を</wf>
         <wf lemma="認め" pos="X">認め</wf>
         <wf lemma="た" pos="X">た</wf>
         <wf lemma="." pos="X">.</wf>
      </sentence>
      <sentence id="d000.s2567" source="wordnet-japanese">
         <instance id="d000.s2567.t000" lemma="良い" pos="ADJ">良い</instance>
         <wf lemma="日" pos="X">日</wf>
         <wf lemma="." pos="X">.</wf>
      </sentence>
      <sentence id="d000.s2568" source="wordnet-japanese">
         <wf lemma="彼" pos="X">彼</wf>
         <wf lemma="は" pos="X">は</wf>
         <instance id="d000.s2568.t000" lemma="ライフル" pos="NOUN">ライフル</instance>
         <wf lemma="を" pos="X">を</wf>
         <wf lemma="肩" pos="X">肩</wf>
         <wf lemma="の" pos="X">の</wf>
         <wf lemma="高さ" pos="X">高さ</wf>
         <wf lemma="に" pos="X">に</wf>
         <wf lemma="持ち上げ" pos="X">持ち上げ</wf>
         <wf lemma="て" pos="X">て</wf>
         <wf lemma="撃っ" pos="X">撃っ</wf>
         <wf lemma="た" pos="X">た</wf>
         <wf lemma="." pos="X">.</wf>
      </sentence>
      <sentence id="d000.s2569" source="wordnet-japanese">
         <wf lemma="彼" pos="X">彼</wf>
         <wf lemma="は" pos="X">は</wf>
         <wf lemma="米国" pos="X">米国</wf>
         <wf lemma="の" pos="X">の</wf>
         <instance id="d000.s2569.t000" lemma="郵便" pos="NOUN">郵便</instance>
         <wf lemma="業務" pos="X">業務</wf>
         <wf lemma="で" pos="X">で</wf>
         <wf lemma="働い" pos="X">働い</wf>
         <wf lemma="て" pos="X">て</wf>
         <wf lemma="いる" pos="X">いる</wf>
         <wf lemma="." pos="X">.</wf>
      </sentence>
      <sentence id="d000.s2570" source="wordnet-japanese">
         <wf lemma="10" pos="X">10</wf>
         <wf lemma="は" pos="X">は</wf>
         <wf lemma="10" pos="X">10</wf>
         <wf lemma="進法" pos="X">進法</wf>
         <wf lemma="の" pos="X">の</wf>
         <instance id="d000.s2570.t000" lemma="基数" pos="NOUN">基数</instance>
         <wf lemma="だ" pos="X">だ</wf>
         <wf lemma="." pos="X">.</wf>
      </sentence>
      <sentence id="d000.s2571" source="wordnet-japanese">
         <wf lemma="私" pos="X">私</wf>
         <wf lemma="たち" pos="X">たち</wf>
         <wf lemma="は" pos="X">は</wf>
         <wf lemma="彼ら" pos="X">彼ら</wf>
         <wf lemma="の" pos="X">の</wf>
         <wf lemma="レーダー" pos="X">レーダー</wf>
         <wf lemma="の" pos="X">の</wf>
         <wf lemma="到達" pos="X">到達</wf>
         <wf lemma="範囲" pos="X">範囲</wf>
         <wf lemma="に関する" pos="X">に関する</wf>
         <instance id="d000.s2571.t000" lemma="諜報" pos="NOUN">諜報</instance>
         <wf lemma="を" pos="X">を</wf>
         <wf lemma="集める" pos="X">集める</wf>
         <wf lemma="ため" pos="X">ため</wf>
         <wf lemma="に" pos="X">に</wf>
         <wf lemma="飛行機" pos="X">飛行機</wf>
         <wf lemma="を" pos="X">を</wf>
         <wf lemma="送っ" pos="X">送っ</wf>
         <wf lemma="た" pos="X">た</wf>
         <wf lemma="」" pos="X">」</wf>
         <wf lemma="." pos="X">.</wf>
      </sentence>
      <sentence id="d000.s2572" source="wordnet-japanese">
         <wf lemma="彼ら" pos="X">彼ら</wf>
         <wf lemma="は" pos="X">は</wf>
         <wf lemma="互いに" pos="X">互いに</wf>
         <wf lemma="楽しい" pos="X">楽しい</wf>
         <instance id="d000.s2572.t000" lemma="時" pos="NOUN">時</instance>
         <wf lemma="を" pos="X">を</wf>
         <wf lemma="過ごし" pos="X">過ごし</wf>
         <wf lemma="た" pos="X">た</wf>
         <wf lemma="." pos="X">.</wf>
      </sentence>
      <sentence id="d000.s2573" source="wordnet-japanese">
         <wf lemma="それ" pos="X">それ</wf>
         <wf lemma="は" pos="X">は</wf>
         <wf lemma="、" pos="X">、</wf>
         <wf lemma="彼" pos="X">彼</wf>
         <wf lemma="へ" pos="X">へ</wf>
         <wf lemma="の" pos="X">の</wf>
         <instance id="d000.s2573.t000" lemma="痛い" pos="ADJ">痛い</instance>
         <wf lemma="裁判" pos="X">裁判</wf>
         <wf lemma="だっ" pos="X">だっ</wf>
         <wf lemma="た" pos="X">た</wf>
         <wf lemma="." pos="X">.</wf>
      </sentence>
      <sentence id="d000.s2574" source="wordnet-japanese">
         <wf lemma="家具" pos="X">家具</wf>
         <wf lemma="は" pos="X">は</wf>
         <instance id="d000.s2574.t000" lemma="ほこり" pos="NOUN">ほこり</instance>
         <wf lemma="で" pos="X">で</wf>
         <wf lemma="覆わ" pos="X">覆わ</wf>
         <wf lemma="れ" pos="X">れ</wf>
         <wf lemma="て" pos="X">て</wf>
         <wf lemma="い" pos="X">い</wf>
         <wf lemma="た" pos="X">た</wf>
         <wf lemma="." pos="X">.</wf>
      </sentence>
      <sentence id="d000.s2575" source="wordnet-japanese">
         <wf lemma="美術館" pos="X">美術館</wf>
         <wf lemma="が" pos="X">が</wf>
         <wf lemma="最近" pos="X">最近</wf>
         <instance id="d000.s2575.t000" lemma="取得" pos="NOUN">取得</instance>
         <wf lemma="し" pos="X">し</wf>
         <wf lemma="た" pos="X">た</wf>
         <wf lemma="もの" pos="X">もの</wf>
         <wf lemma="." pos="X">.</wf>
      </sentence>
      <sentence id="d000.s2576" source="wordnet-japanese">
         <wf lemma="ユダヤ人" pos="X">ユダヤ人</wf>
         <instance id="d000.s2576.t000" lemma="地区" pos="NOUN">地区</instance>
         <wf lemma="に" pos="X">に</wf>
         <wf lemma="は" pos="X">は</wf>
         <wf lemma="3" pos="X">3</wf>
         <wf lemma="つ" pos="X">つ</wf>
         <wf lemma="の" pos="X">の</wf>
         <wf lemma="ユダヤ教会堂" pos="X">ユダヤ教会堂</wf>
         <wf lemma="が" pos="X">が</wf>
         <wf lemma="ある" pos="X">ある</wf>
         <wf lemma="." pos="X">.</wf>
      </sentence>
      <sentence id="d000.s2577" source="wordnet-japanese">
         <instance id="d000.s2577.t000" lemma="冷ややか" pos="ADJ">冷ややか</instance>
         <wf lemma="な" pos="X">な</wf>
         <wf lemma="もて" pos="X">もて</wf>
         <wf lemma="なし" pos="X">なし</wf>
         <wf lemma="を" pos="X">を</wf>
         <wf lemma="受け" pos="X">受け</wf>
         <wf lemma="た" pos="X">た</wf>
         <wf lemma="." pos="X">.</wf>
      </sentence>
      <sentence id="d000.s2578" source="wordnet-japanese">
         <instance id="d000.s2578.t000" lemma="深い" pos="ADJ">深い</instance>
         <wf lemma="心" pos="X">心</wf>
         <wf lemma="." pos="X">.</wf>
      </sentence>
      <sentence id="d000.s2579" source="wordnet-japanese">
         <wf lemma="彼" pos="X">彼</wf>
         <wf lemma="は" pos="X">は</wf>
         <wf lemma="1" pos="X">1</wf>
         <wf lemma="日" pos="X">日</wf>
         <wf lemma="も" pos="X">も</wf>
         <instance id="d000.s2579.t000" lemma="学校" pos="NOUN">学校</instance>
         <wf lemma="を" pos="X">を</wf>
         <wf lemma="休ま" pos="X">休ま</wf>
         <wf lemma="なかっ" pos="X">なかっ</wf>
         <wf lemma="た" pos="X">た</wf>
         <wf lemma="." pos="X">.</wf>
      </sentence>
      <sentence id="d000.s2580" source="wordnet-japanese">
         <instance id="d000.s2580.t000" lemma="ジャンパー" pos="NOUN">ジャンパー</instance>
         <wf lemma="が" pos="X">が</wf>
         <wf lemma="地面" pos="X">地面</wf>
         <wf lemma="に" pos="X">に</wf>
         <wf lemma="接近" pos="X">接近</wf>
         <wf lemma="し" pos="X">し</wf>
         <wf lemma="た" pos="X">た</wf>
         <wf lemma="とき" pos="X">とき</wf>
         <wf lemma="彼" pos="X">彼</wf>
         <wf lemma="は" pos="X">は</wf>
         <wf lemma="コントロール" pos="X">コントロール</wf>
         <wf lemma="を" pos="X">を</wf>
         <wf lemma="失っ" pos="X">失っ</wf>
         <wf lemma="た" pos="X">た</wf>
         <wf lemma="." pos="X">.</wf>
      </sentence>
      <sentence id="d000.s2581" source="wordnet-japanese">
         <wf lemma="戦う" pos="X">戦う</wf>
         <wf lemma="こと" pos="X">こと</wf>
         <wf lemma="より" pos="X">より</wf>
         <wf lemma="身" pos="X">身</wf>
         <wf lemma="を" pos="X">を</wf>
         <wf lemma="隠す" pos="X">隠す</wf>
         <wf lemma="の" pos="X">の</wf>
         <wf lemma="に" pos="X">に</wf>
         <instance id="d000.s2581.t000" lemma="慎重" pos="ADJ">慎重</instance>
         <wf lemma="な" pos="X">な</wf>
         <wf lemma="." pos="X">.</wf>
      </sentence>
      <sentence id="d000.s2582" source="wordnet-japanese">
         <wf lemma="新しい" pos="X">新しい</wf>
         <wf lemma="素材" pos="X">素材</wf>
         <wf lemma="は" pos="X">は</wf>
         <wf lemma="最も" pos="X">最も</wf>
         <wf lemma="大きい" pos="X">大きい</wf>
         <wf lemma="摩損" pos="X">摩損</wf>
         <wf lemma="に" pos="X">に</wf>
         <wf lemma="さえ" pos="X">さえ</wf>
         <instance id="d000.s2582.t000" lemma="耐える" pos="VERB">耐え</instance>
         <wf lemma="て" pos="X">て</wf>
         <wf lemma="いる" pos="X">いる</wf>
         <wf lemma="." pos="X">.</wf>
      </sentence>
      <sentence id="d000.s2583" source="wordnet-japanese">
         <wf lemma="販売員" pos="X">販売員</wf>
         <wf lemma="は" pos="X">は</wf>
         <instance id="d000.s2583.t000" lemma="助ける" pos="VERB">助け</instance>
         <wf lemma="て" pos="X">て</wf>
         <wf lemma="いる" pos="X">いる</wf>
         <wf lemma="か" pos="X">か</wf>
         <wf lemma="." pos="X">.</wf>
      </sentence>
      <sentence id="d000.s2584" source="wordnet-japanese">
         <wf lemma="花嫁" pos="X">花嫁</wf>
         <wf lemma="の" pos="X">の</wf>
         <instance id="d000.s2584.t000" lemma="白い" pos="ADJ">白い</instance>
         <wf lemma="ドレス" pos="X">ドレス</wf>
         <wf lemma="." pos="X">.</wf>
      </sentence>
      <sentence id="d000.s2585" source="wordnet-japanese">
         <instance id="d000.s2585.t000" lemma="メニュー" pos="NOUN">メニュー</instance>
         <wf lemma="は" pos="X">は</wf>
         <wf lemma="、" pos="X">、</wf>
         <wf lemma="フランス語" pos="X">フランス語</wf>
         <wf lemma="だっ" pos="X">だっ</wf>
         <wf lemma="た" pos="X">た</wf>
         <wf lemma="." pos="X">.</wf>
      </sentence>
      <sentence id="d000.s2586" source="wordnet-japanese">
         <instance id="d000.s2586.t000" lemma="騒々しい" pos="ADJ">騒々しい</instance>
         <wf lemma="悪" pos="X">悪</wf>
         <wf lemma="ふざけ" pos="X">ふざけ</wf>
         <wf lemma="." pos="X">.</wf>
      </sentence>
      <sentence id="d000.s2587" source="wordnet-japanese">
         <wf lemma="新鮮" pos="X">新鮮</wf>
         <wf lemma="な" pos="X">な</wf>
         <wf lemma="視線" pos="X">視線</wf>
         <wf lemma="と" pos="X">と</wf>
         <instance id="d000.s2587.t000" lemma="自由" pos="ADJ">自由</instance>
         <wf lemma="な" pos="X">な</wf>
         <wf lemma="興味" pos="X">興味</wf>
         <wf lemma="を" pos="X">を</wf>
         <wf lemma="持つ" pos="X">持つ</wf>
         <wf lemma="才能" pos="X">才能</wf>
         <wf lemma="ラッセル" pos="X">ラッセル</wf>
         <wf lemma="・" pos="X">・</wf>
         <wf lemma="ロード" pos="X">ロード</wf>
         <wf lemma="." pos="X">.</wf>
      </sentence>
      <sentence id="d000.s2588" source="wordnet-japanese">
         <wf lemma="彼女" pos="X">彼女</wf>
         <wf lemma="は" pos="X">は</wf>
         <instance id="d000.s2588.t000" lemma="毎夜" pos="ADV">毎夜</instance>
         <wf lemma="バラ" pos="X">バラ</wf>
         <wf lemma="を" pos="X">を</wf>
         <wf lemma="確認" pos="X">確認</wf>
         <wf lemma="する" pos="X">する</wf>
         <wf lemma="." pos="X">.</wf>
      </sentence>
      <sentence id="d000.s2589" source="wordnet-japanese">
         <instance id="d000.s2589.t000" lemma="危険" pos="ADJ">危険</instance>
         <wf lemma="な" pos="X">な</wf>
         <wf lemma="犯罪者" pos="X">犯罪者</wf>
         <wf lemma="." pos="X">.</wf>
      </sentence>
      <sentence id="d000.s2590" source="wordnet-japanese">
         <wf lemma="彼" pos="X">彼</wf>
         <wf lemma="の" pos="X">の</wf>
         <wf lemma="財産" pos="X">財産</wf>
         <wf lemma="は" pos="X">は</wf>
         <instance id="d000.s2590.t000" lemma="安全" pos="ADJ">安全</instance>
         <wf lemma="だっ" pos="X">だっ</wf>
         <wf lemma="た" pos="X">た</wf>
         <wf lemma="." pos="X">.</wf>
      </sentence>
      <sentence id="d000.s2591" source="wordnet-japanese">
         <wf lemma="氷雨" pos="X">氷雨</wf>
         <wf lemma="を" pos="X">を</wf>
         <wf lemma="伴う" pos="X">伴う</wf>
         <wf lemma="暴風" pos="X">暴風</wf>
         <wf lemma="によって" pos="X">によって</wf>
         <instance id="d000.s2591.t000" lemma="停電" pos="NOUN">停電</instance>
         <wf lemma="が" pos="X">が</wf>
         <wf lemma="起こっ" pos="X">起こっ</wf>
         <wf lemma="た" pos="X">た</wf>
         <wf lemma="." pos="X">.</wf>
      </sentence>
      <sentence id="d000.s2592" source="wordnet-japanese">
         <wf lemma="警察" pos="X">警察</wf>
         <wf lemma="は" pos="X">は</wf>
         <wf lemma="容疑者" pos="X">容疑者</wf>
         <wf lemma="を" pos="X">を</wf>
         <instance id="d000.s2592.t000" lemma="捕える" pos="VERB">捕え</instance>
         <wf lemma="た" pos="X">た</wf>
         <wf lemma="." pos="X">.</wf>
      </sentence>
      <sentence id="d000.s2593" source="wordnet-japanese">
         <wf lemma="彼" pos="X">彼</wf>
         <wf lemma="は" pos="X">は</wf>
         <instance id="d000.s2593.t000" lemma="毎日" pos="ADV">毎日</instance>
         <wf lemma="立寄る" pos="X">立寄る</wf>
         <wf lemma="." pos="X">.</wf>
      </sentence>
      <sentence id="d000.s2594" source="wordnet-japanese">
         <instance id="d000.s2594.t000" lemma="汚い" pos="ADJ">汚い</instance>
         <wf lemma="シャツ" pos="X">シャツ</wf>
         <wf lemma="を" pos="X">を</wf>
         <wf lemma="着" pos="X">着</wf>
         <wf lemma="て" pos="X">て</wf>
         <wf lemma="い" pos="X">い</wf>
         <wf lemma="た" pos="X">た</wf>
         <wf lemma="." pos="X">.</wf>
      </sentence>
      <sentence id="d000.s2595" source="wordnet-japanese">
         <wf lemma="ジョルジュシムノン" pos="X">ジョルジュシムノン</wf>
         <wf lemma="は" pos="X">は</wf>
         <wf lemma="、" pos="X">、</wf>
         <wf lemma="本" pos="X">本</wf>
         <wf lemma="を" pos="X">を</wf>
         <wf lemma="何冊" pos="X">何冊</wf>
         <instance id="d000.s2595.t000" lemma="書く" pos="VERB">書い</instance>
         <wf lemma="た" pos="X">た</wf>
         <wf lemma="か？" pos="X">か？</wf>
         <wf lemma="." pos="X">.</wf>
      </sentence>
      <sentence id="d000.s2596" source="wordnet-japanese">
         <wf lemma="バランス" pos="X">バランス</wf>
         <wf lemma="の" pos="X">の</wf>
         <wf lemma="とれ" pos="X">とれ</wf>
         <wf lemma="た" pos="X">た</wf>
         <wf lemma="食事" pos="X">食事</wf>
         <wf lemma="の" pos="X">の</wf>
         <instance id="d000.s2596.t000" lemma="重要性" pos="NOUN">重要性</instance>
         <wf lemma="." pos="X">.</wf>
      </sentence>
      <sentence id="d000.s2597" source="wordnet-japanese">
         <wf lemma="彼女" pos="X">彼女</wf>
         <wf lemma="は" pos="X">は</wf>
         <wf lemma="くだら" pos="X">くだら</wf>
         <wf lemma="ない" pos="X">ない</wf>
         <wf lemma="こと" pos="X">こと</wf>
         <wf lemma="ばかり" pos="X">ばかり</wf>
         <instance id="d000.s2597.t000" lemma="言う" pos="VERB">言う</instance>
         <wf lemma="." pos="X">.</wf>
      </sentence>
      <sentence id="d000.s2598" source="wordnet-japanese">
         <instance id="d000.s2598.t000" lemma="遅い" pos="ADJ">遅い</instance>
         <wf lemma="歩行者" pos="X">歩行者</wf>
         <wf lemma="." pos="X">.</wf>
      </sentence>
      <sentence id="d000.s2599" source="wordnet-japanese">
         <wf lemma="これ" pos="X">これ</wf>
         <wf lemma="は" pos="X">は</wf>
         <instance id="d000.s2599.t000" lemma="経験的" pos="ADV">経験的</instance>
         <wf lemma="に" pos="X">に</wf>
         <wf lemma="テスト" pos="X">テスト</wf>
         <wf lemma="できる" pos="X">できる</wf>
         <wf lemma="." pos="X">.</wf>
      </sentence>
      <sentence id="d000.s2600" source="wordnet-japanese">
         <wf lemma="経済" pos="X">経済</wf>
         <wf lemma="不況" pos="X">不況</wf>
         <wf lemma="を" pos="X">を</wf>
         <wf lemma="制御" pos="X">制御</wf>
         <wf lemma="し" pos="X">し</wf>
         <instance id="d000.s2600.t000" lemma="緩和" pos="NOUN">緩和</instance>
         <wf lemma="する" pos="X">する</wf>
         <wf lemma="目的" pos="X">目的</wf>
         <wf lemma="." pos="X">.</wf>
      </sentence>
      <sentence id="d000.s2601" source="wordnet-japanese">
         <wf lemma="雨" pos="X">雨</wf>
         <wf lemma="が" pos="X">が</wf>
         <wf lemma="降る" pos="X">降る</wf>
         <wf lemma="かもしれ" pos="X">かもしれ</wf>
         <wf lemma="ない" pos="X">ない</wf>
         <wf lemma="が" pos="X">が</wf>
         <wf lemma="、" pos="X">、</wf>
         <wf lemma="その" pos="X">その</wf>
         <instance id="d000.s2601.t000" lemma="場合" pos="NOUN">場合</instance>
         <wf lemma="、" pos="X">、</wf>
         <wf lemma="ピクニック" pos="X">ピクニック</wf>
         <wf lemma="は" pos="X">は</wf>
         <wf lemma="中止" pos="X">中止</wf>
         <wf lemma="さ" pos="X">さ</wf>
         <wf lemma="れる" pos="X">れる</wf>
         <wf lemma="." pos="X">.</wf>
      </sentence>
      <sentence id="d000.s2602" source="wordnet-japanese">
         <wf lemma="彼" pos="X">彼</wf>
         <wf lemma="の" pos="X">の</wf>
         <wf lemma="測定" pos="X">測定</wf>
         <wf lemma="における" pos="X">における</wf>
         <wf lemma="正確" pos="X">正確</wf>
         <wf lemma="な" pos="X">な</wf>
         <instance id="d000.s2602.t000" lemma="精度" pos="NOUN">精度</instance>
         <wf lemma="に" pos="X">に</wf>
         <wf lemma="注意" pos="X">注意</wf>
         <wf lemma="する" pos="X">する</wf>
         <wf lemma="." pos="X">.</wf>
      </sentence>
      <sentence id="d000.s2603" source="wordnet-japanese">
         <wf lemma="あなた" pos="X">あなた</wf>
         <wf lemma="は" pos="X">は</wf>
         <wf lemma="、" pos="X">、</wf>
         <wf lemma="中西部" pos="X">中西部</wf>
         <wf lemma="で" pos="X">で</wf>
         <wf lemma="あなた" pos="X">あなた</wf>
         <wf lemma="のい" pos="X">のい</wf>
         <wf lemma="とこ" pos="X">とこ</wf>
         <wf lemma="の" pos="X">の</wf>
         <wf lemma="所在" pos="X">所在</wf>
         <wf lemma="を" pos="X">を</wf>
         <instance id="d000.s2603.t000" lemma="突き止める" pos="VERB">突き止める</instance>
         <wf lemma="こと" pos="X">こと</wf>
         <wf lemma="が" pos="X">が</wf>
         <wf lemma="でき" pos="X">でき</wf>
         <wf lemma="ます" pos="X">ます</wf>
         <wf lemma="か" pos="X">か</wf>
         <wf lemma="？" pos="X">？</wf>
         <wf lemma="." pos="X">.</wf>
      </sentence>
      <sentence id="d000.s2604" source="wordnet-japanese">
         <instance id="d000.s2604.t000" lemma="スプートニク" pos="NOUN">スプートニク</instance>
         <wf lemma="は" pos="X">は</wf>
         <wf lemma="地球" pos="X">地球</wf>
         <wf lemma="を" pos="X">を</wf>
         <wf lemma="回る" pos="X">回る</wf>
         <wf lemma="軌道" pos="X">軌道</wf>
         <wf lemma="に" pos="X">に</wf>
         <wf lemma="乗っ" pos="X">乗っ</wf>
         <wf lemma="た" pos="X">た</wf>
         <wf lemma="最初" pos="X">最初</wf>
         <wf lemma="の" pos="X">の</wf>
         <wf lemma="人工衛星" pos="X">人工衛星</wf>
         <wf lemma="だっ" pos="X">だっ</wf>
         <wf lemma="た" pos="X">た</wf>
         <wf lemma="." pos="X">.</wf>
      </sentence>
      <sentence id="d000.s2605" source="wordnet-japanese">
         <wf lemma="彼ら" pos="X">彼ら</wf>
         <wf lemma="は" pos="X">は</wf>
         <instance id="d000.s2605.t000" lemma="貪欲" pos="ADJ">貪欲</instance>
         <wf lemma="で" pos="X">で</wf>
         <wf lemma="、" pos="X">、</wf>
         <wf lemma="お金" pos="X">お金</wf>
         <wf lemma="の" pos="X">の</wf>
         <wf lemma="ため" pos="X">ため</wf>
         <wf lemma="に" pos="X">に</wf>
         <wf lemma="何" pos="X">何</wf>
         <wf lemma="で" pos="X">で</wf>
         <wf lemma="も" pos="X">も</wf>
         <wf lemma="する" pos="X">する</wf>
         <wf lemma="." pos="X">.</wf>
      </sentence>
      <sentence id="d000.s2606" source="wordnet-japanese">
         <instance id="d000.s2606.t000" lemma="劇的" pos="ADJ">劇的</instance>
         <wf lemma="な" pos="X">な</wf>
         <wf lemma="休止" pos="X">休止</wf>
         <wf lemma="." pos="X">.</wf>
      </sentence>
      <sentence id="d000.s2607" source="wordnet-japanese">
         <wf lemma="素晴らしい" pos="X">素晴らしい</wf>
         <wf lemma="時間" pos="X">時間</wf>
         <wf lemma="の" pos="X">の</wf>
         <instance id="d000.s2607.t000" lemma="感覚" pos="NOUN">感覚</instance>
         <wf lemma="." pos="X">.</wf>
      </sentence>
      <sentence id="d000.s2608" source="wordnet-japanese">
         <wf lemma="非常" pos="X">非常</wf>
         <wf lemma="に" pos="X">に</wf>
         <wf lemma="かわいい" pos="X">かわいい</wf>
         <wf lemma="が" pos="X">が</wf>
         <wf lemma="、" pos="X">、</wf>
         <wf lemma="並外" pos="X">並外</wf>
         <wf lemma="れ" pos="X">れ</wf>
         <wf lemma="て" pos="X">て</wf>
         <instance id="d000.s2608.t000" lemma="ハンサム" pos="ADJ">ハンサム</instance>
         <wf lemma="で" pos="X">で</wf>
         <wf lemma="は" pos="X">は</wf>
         <wf lemma="ない" pos="X">ない</wf>
         <wf lemma="−" pos="X">−</wf>
         <wf lemma="サッカレー" pos="X">サッカレー</wf>
         <wf lemma="." pos="X">.</wf>
      </sentence>
      <sentence id="d000.s2609" source="wordnet-japanese">
         <instance id="d000.s2609.t000" lemma="今" pos="NOUN">今</instance>
         <wf lemma="が" pos="X">が</wf>
         <wf lemma="最適" pos="X">最適</wf>
         <wf lemma="の" pos="X">の</wf>
         <wf lemma="時" pos="X">時</wf>
         <wf lemma="だ" pos="X">だ</wf>
         <wf lemma="." pos="X">.</wf>
      </sentence>
      <sentence id="d000.s2610" source="wordnet-japanese">
         <instance id="d000.s2610.t000" lemma="同一" pos="ADJ">同一</instance>
         <wf lemma="の" pos="X">の</wf>
         <wf lemma="三角形" pos="X">三角形</wf>
         <wf lemma="." pos="X">.</wf>
      </sentence>
      <sentence id="d000.s2611" source="wordnet-japanese">
         <wf lemma="彼女" pos="X">彼女</wf>
         <wf lemma="の" pos="X">の</wf>
         <wf lemma="ふるまい" pos="X">ふるまい</wf>
         <wf lemma="の" pos="X">の</wf>
         <instance id="d000.s2611.t000" lemma="トーン" pos="NOUN">トーン</instance>
         <wf lemma="から" pos="X">から</wf>
         <wf lemma="、" pos="X">、</wf>
         <wf lemma="私" pos="X">私</wf>
         <wf lemma="は" pos="X">は</wf>
         <wf lemma="私" pos="X">私</wf>
         <wf lemma="が" pos="X">が</wf>
         <wf lemma="長居" pos="X">長居</wf>
         <wf lemma="し" pos="X">し</wf>
         <wf lemma="た" pos="X">た</wf>
         <wf lemma="こと" pos="X">こと</wf>
         <wf lemma="を" pos="X">を</wf>
         <wf lemma="推測" pos="X">推測</wf>
         <wf lemma="し" pos="X">し</wf>
         <wf lemma="た" pos="X">た</wf>
         <wf lemma="." pos="X">.</wf>
      </sentence>
      <sentence id="d000.s2612" source="wordnet-japanese">
         <wf lemma="パリ" pos="X">パリ</wf>
         <wf lemma="の" pos="X">の</wf>
         <wf lemma="中" pos="X">中</wf>
         <wf lemma="の" pos="X">の</wf>
         <wf lemma="米国" pos="X">米国</wf>
         <instance id="d000.s2612.t000" lemma="植民地" pos="NOUN">植民地</instance>
         <wf lemma="." pos="X">.</wf>
      </sentence>
      <sentence id="d000.s2613" source="wordnet-japanese">
         <wf lemma="彼" pos="X">彼</wf>
         <wf lemma="は" pos="X">は</wf>
         <wf lemma="数本" pos="X">数本</wf>
         <wf lemma="の" pos="X">の</wf>
         <instance id="d000.s2613.t000" lemma="脚本" pos="NOUN">脚本</instance>
         <wf lemma="を" pos="X">を</wf>
         <wf lemma="書い" pos="X">書い</wf>
         <wf lemma="た" pos="X">た</wf>
         <wf lemma="が" pos="X">が</wf>
         <wf lemma="、" pos="X">、</wf>
         <wf lemma="ブロードウエー" pos="X">ブロードウエー</wf>
         <wf lemma="で" pos="X">で</wf>
         <wf lemma="上演" pos="X">上演</wf>
         <wf lemma="さ" pos="X">さ</wf>
         <wf lemma="れ" pos="X">れ</wf>
         <wf lemma="た" pos="X">た</wf>
         <wf lemma="の" pos="X">の</wf>
         <wf lemma="は" pos="X">は</wf>
         <wf lemma="1" pos="X">1</wf>
         <wf lemma="本" pos="X">本</wf>
         <wf lemma="だけ" pos="X">だけ</wf>
         <wf lemma="だっ" pos="X">だっ</wf>
         <wf lemma="た" pos="X">た</wf>
         <wf lemma="." pos="X">.</wf>
      </sentence>
      <sentence id="d000.s2614" source="wordnet-japanese">
         <instance id="d000.s2614.t000" lemma="無効" pos="ADJ">無効</instance>
         <wf lemma="な" pos="X">な</wf>
         <wf lemma="支配者" pos="X">支配者</wf>
         <wf lemma="." pos="X">.</wf>
      </sentence>
      <sentence id="d000.s2615" source="wordnet-japanese">
         <wf lemma="彼" pos="X">彼</wf>
         <wf lemma="は" pos="X">は</wf>
         <wf lemma="ソナタ" pos="X">ソナタ</wf>
         <wf lemma="の" pos="X">の</wf>
         <instance id="d000.s2615.t000" lemma="総譜" pos="NOUN">総譜</instance>
         <wf lemma="を" pos="X">を</wf>
         <wf lemma="勉強" pos="X">勉強</wf>
         <wf lemma="し" pos="X">し</wf>
         <wf lemma="た" pos="X">た</wf>
         <wf lemma="." pos="X">.</wf>
      </sentence>
      <sentence id="d000.s2616" source="wordnet-japanese">
         <wf lemma="芸術的" pos="X">芸術的</wf>
         <wf lemma="な" pos="X">な</wf>
         <wf lemma="共同体" pos="X">共同体</wf>
         <wf lemma="の" pos="X">の</wf>
         <instance id="d000.s2616.t000" lemma="革新的" pos="ADJ">革新的</instance>
         <wf lemma="な" pos="X">な</wf>
         <wf lemma="メンバー" pos="X">メンバー</wf>
         <wf lemma="." pos="X">.</wf>
      </sentence>
      <sentence id="d000.s2617" source="wordnet-japanese">
         <instance id="d000.s2617.t000" lemma="自発的" pos="ADJ">自発的</instance>
         <wf lemma="な" pos="X">な</wf>
         <wf lemma="助手" pos="X">助手</wf>
         <wf lemma="." pos="X">.</wf>
      </sentence>
      <sentence id="d000.s2618" source="wordnet-japanese">
         <instance id="d000.s2618.t000" lemma="有能" pos="ADJ">有能</instance>
         <wf lemma="な" pos="X">な</wf>
         <wf lemma="秘書" pos="X">秘書</wf>
         <wf lemma="." pos="X">.</wf>
      </sentence>
      <sentence id="d000.s2619" source="wordnet-japanese">
         <wf lemma="彼" pos="X">彼</wf>
         <wf lemma="は" pos="X">は</wf>
         <wf lemma="さい" pos="X">さい</wf>
         <wf lemma="ころ" pos="X">ころ</wf>
         <wf lemma="の" pos="X">の</wf>
         <wf lemma="一" pos="X">一</wf>
         <instance id="d000.s2619.t000" lemma="振り" pos="NOUN">振り</instance>
         <wf lemma="に" pos="X">に</wf>
         <wf lemma="自分" pos="X">自分</wf>
         <wf lemma="の" pos="X">の</wf>
         <wf lemma="財産" pos="X">財産</wf>
         <wf lemma="を" pos="X">を</wf>
         <wf lemma="賭け" pos="X">賭け</wf>
         <wf lemma="た" pos="X">た</wf>
         <wf lemma="." pos="X">.</wf>
      </sentence>
      <sentence id="d000.s2620" source="wordnet-japanese">
         <wf lemma="アレグロ" pos="X">アレグロ</wf>
         <wf lemma="の" pos="X">の</wf>
         <wf lemma="後" pos="X">後</wf>
         <wf lemma="で" pos="X">で</wf>
         <wf lemma="第" pos="X">第</wf>
         <wf lemma="二" pos="X">二</wf>
         <wf lemma="楽章" pos="X">楽章</wf>
         <wf lemma="が" pos="X">が</wf>
         <instance id="d000.s2620.t000" lemma="始まる" pos="VERB">始まる</instance>
         <wf lemma="." pos="X">.</wf>
      </sentence>
      <sentence id="d000.s2621" source="wordnet-japanese">
         <wf lemma="新" pos="X">新</wf>
         <wf lemma="データ" pos="X">データ</wf>
         <wf lemma="の" pos="X">の</wf>
         <instance id="d000.s2621.t000" lemma="提示" pos="NOUN">提示</instance>
         <wf lemma="." pos="X">.</wf>
      </sentence>
      <sentence id="d000.s2622" source="wordnet-japanese">
         <wf lemma="プリンストン" pos="X">プリンストン</wf>
         <wf lemma="付近" pos="X">付近</wf>
         <wf lemma="で" pos="X">で</wf>
         <wf lemma="興味" pos="X">興味</wf>
         <wf lemma="深い" pos="X">深い</wf>
         <instance id="d000.s2622.t000" lemma="発掘" pos="NOUN">発掘</instance>
         <wf lemma="が" pos="X">が</wf>
         <wf lemma="行わ" pos="X">行わ</wf>
         <wf lemma="れ" pos="X">れ</wf>
         <wf lemma="て" pos="X">て</wf>
         <wf lemma="いる" pos="X">いる</wf>
         <wf lemma="." pos="X">.</wf>
      </sentence>
      <sentence id="d000.s2623" source="wordnet-japanese">
         <wf lemma="タオル" pos="X">タオル</wf>
         <instance id="d000.s2623.t000" lemma="ホルダー" pos="NOUN">ホルダー</instance>
         <wf lemma="." pos="X">.</wf>
      </sentence>
      <sentence id="d000.s2624" source="wordnet-japanese">
         <instance id="d000.s2624.t000" lemma="冷たい" pos="ADJ">冷たい</instance>
         <wf lemma="飲み物" pos="X">飲み物</wf>
         <wf lemma="." pos="X">.</wf>
      </sentence>
      <sentence id="d000.s2625" source="wordnet-japanese">
         <wf lemma="壁" pos="X">壁</wf>
         <wf lemma="に" pos="X">に</wf>
         <instance id="d000.s2625.t000" lemma="掛かる" pos="VERB">掛かっ</instance>
         <wf lemma="た" pos="X">た</wf>
         <wf lemma="旗" pos="X">旗</wf>
         <wf lemma="." pos="X">.</wf>
      </sentence>
      <sentence id="d000.s2626" source="wordnet-japanese">
         <wf lemma="彼" pos="X">彼</wf>
         <wf lemma="は" pos="X">は</wf>
         <wf lemma="、" pos="X">、</wf>
         <instance id="d000.s2626.t000" lemma="病害虫" pos="NOUN">病害虫</instance>
         <wf lemma="を" pos="X">を</wf>
         <wf lemma="取り除く" pos="X">取り除く</wf>
         <wf lemma="ため" pos="X">ため</wf>
         <wf lemma="に" pos="X">に</wf>
         <wf lemma="庭" pos="X">庭</wf>
         <wf lemma="に" pos="X">に</wf>
         <wf lemma="スプレー" pos="X">スプレー</wf>
         <wf lemma="し" pos="X">し</wf>
         <wf lemma="た" pos="X">た</wf>
         <wf lemma="." pos="X">.</wf>
      </sentence>
      <sentence id="d000.s2627" source="wordnet-japanese">
         <wf lemma="彼ら" pos="X">彼ら</wf>
         <wf lemma="が" pos="X">が</wf>
         <wf lemma="激しい" pos="X">激しい</wf>
         <wf lemma="大" pos="X">大</wf>
         <instance id="d000.s2627.t000" lemma="爆音" pos="NOUN">爆音</instance>
         <wf lemma="を" pos="X">を</wf>
         <wf lemma="聞い" pos="X">聞い</wf>
         <wf lemma="た" pos="X">た</wf>
         <wf lemma="後" pos="X">後</wf>
         <wf lemma="、" pos="X">、</wf>
         <wf lemma="静寂" pos="X">静寂</wf>
         <wf lemma="が" pos="X">が</wf>
         <wf lemma="訪れ" pos="X">訪れ</wf>
         <wf lemma="た" pos="X">た</wf>
         <wf lemma="." pos="X">.</wf>
      </sentence>
      <sentence id="d000.s2628" source="wordnet-japanese">
         <wf lemma="ディーゼルエンジン" pos="X">ディーゼルエンジン</wf>
         <wf lemma="は" pos="X">は</wf>
         <wf lemma="石油" pos="X">石油</wf>
         <instance id="d000.s2628.t000" lemma="バーナー" pos="NOUN">バーナー</instance>
         <wf lemma="である" pos="X">である</wf>
         <wf lemma="." pos="X">.</wf>
      </sentence>
      <sentence id="d000.s2629" source="wordnet-japanese">
         <wf lemma="医者" pos="X">医者</wf>
         <wf lemma="は" pos="X">は</wf>
         <wf lemma="私" pos="X">私</wf>
         <wf lemma="の" pos="X">の</wf>
         <instance id="d000.s2629.t000" lemma="緊張" pos="NOUN">緊張</instance>
         <wf lemma="力" pos="X">力</wf>
         <wf lemma="を" pos="X">を</wf>
         <wf lemma="テスト" pos="X">テスト</wf>
         <wf lemma="し" pos="X">し</wf>
         <wf lemma="た" pos="X">た</wf>
         <wf lemma="." pos="X">.</wf>
      </sentence>
      <sentence id="d000.s2630" source="wordnet-japanese">
         <wf lemma="何" pos="X">何</wf>
         <wf lemma="千" pos="X">千</wf>
         <wf lemma="人" pos="X">人</wf>
         <wf lemma="も" pos="X">も</wf>
         <wf lemma="が" pos="X">が</wf>
         <wf lemma="彼" pos="X">彼</wf>
         <wf lemma="の" pos="X">の</wf>
         <instance id="d000.s2630.t000" lemma="死" pos="NOUN">死</instance>
         <wf lemma="を" pos="X">を</wf>
         <wf lemma="悼ん" pos="X">悼ん</wf>
         <wf lemma="だ" pos="X">だ</wf>
         <wf lemma="." pos="X">.</wf>
      </sentence>
      <sentence id="d000.s2631" source="wordnet-japanese">
         <wf lemma="子供" pos="X">子供</wf>
         <wf lemma="は" pos="X">は</wf>
         <wf lemma="行儀" pos="X">行儀</wf>
         <instance id="d000.s2631.t000" lemma="よく" pos="ADV">よく</instance>
         <wf lemma="振る舞っ" pos="X">振る舞っ</wf>
         <wf lemma="た" pos="X">た</wf>
         <wf lemma="." pos="X">.</wf>
      </sentence>
      <sentence id="d000.s2632" source="wordnet-japanese">
         <wf lemma="スープ" pos="X">スープ</wf>
         <wf lemma="は" pos="X">は</wf>
         <wf lemma="、" pos="X">、</wf>
         <wf lemma="ストーブ" pos="X">ストーブ</wf>
         <wf lemma="上" pos="X">上</wf>
         <wf lemma="で" pos="X">で</wf>
         <wf lemma="ゆっくり" pos="X">ゆっくり</wf>
         <instance id="d000.s2632.t000" lemma="温める" pos="VERB">温め</instance>
         <wf lemma="られ" pos="X">られ</wf>
         <wf lemma="た" pos="X">た</wf>
         <wf lemma="." pos="X">.</wf>
      </sentence>
      <sentence id="d000.s2633" source="wordnet-japanese">
         <wf lemma="海上" pos="X">海上</wf>
         <wf lemma="の" pos="X">の</wf>
         <instance id="d000.s2633.t000" lemma="劇的" pos="ADJ">劇的</instance>
         <wf lemma="な" pos="X">な</wf>
         <wf lemma="救出" pos="X">救出</wf>
         <wf lemma="." pos="X">.</wf>
      </sentence>
      <sentence id="d000.s2634" source="wordnet-japanese">
         <wf lemma="私" pos="X">私</wf>
         <wf lemma="たち" pos="X">たち</wf>
         <wf lemma="は" pos="X">は</wf>
         <wf lemma="彼" pos="X">彼</wf>
         <wf lemma="が" pos="X">が</wf>
         <wf lemma="私" pos="X">私</wf>
         <wf lemma="たち" pos="X">たち</wf>
         <wf lemma="から" pos="X">から</wf>
         <wf lemma="借り" pos="X">借り</wf>
         <wf lemma="て" pos="X">て</wf>
         <wf lemma="い" pos="X">い</wf>
         <wf lemma="た" pos="X">た</wf>
         <instance id="d000.s2634.t000" lemma="お金" pos="NOUN">お金</instance>
         <wf lemma="を" pos="X">を</wf>
         <wf lemma="集め" pos="X">集め</wf>
         <wf lemma="よう" pos="X">よう</wf>
         <wf lemma="と" pos="X">と</wf>
         <wf lemma="し" pos="X">し</wf>
         <wf lemma="た" pos="X">た</wf>
         <wf lemma="." pos="X">.</wf>
      </sentence>
      <sentence id="d000.s2635" source="wordnet-japanese">
         <wf lemma="彼女" pos="X">彼女</wf>
         <wf lemma="の" pos="X">の</wf>
         <wf lemma="芸術" pos="X">芸術</wf>
         <wf lemma="の" pos="X">の</wf>
         <instance id="d000.s2635.t000" lemma="無敵" pos="ADJ">無敵</instance>
         <wf lemma="の" pos="X">の</wf>
         <wf lemma="専門的" pos="X">専門的</wf>
         <wf lemma="技能" pos="X">技能</wf>
         <wf lemma="." pos="X">.</wf>
      </sentence>
      <sentence id="d000.s2636" source="wordnet-japanese">
         <instance id="d000.s2636.t000" lemma="気まぐれ" pos="ADJ">気まぐれ</instance>
         <wf lemma="な" pos="X">な</wf>
         <wf lemma="友人" pos="X">友人</wf>
         <wf lemma="." pos="X">.</wf>
      </sentence>
      <sentence id="d000.s2637" source="wordnet-japanese">
         <instance id="d000.s2637.t000" lemma="深遠" pos="ADJ">深遠</instance>
         <wf lemma="な" pos="X">な</wf>
         <wf lemma="後悔" pos="X">後悔</wf>
         <wf lemma="." pos="X">.</wf>
      </sentence>
      <sentence id="d000.s2638" source="wordnet-japanese">
         <wf lemma="喫煙" pos="X">喫煙</wf>
         <wf lemma="の" pos="X">の</wf>
         <instance id="d000.s2638.t000" lemma="有害" pos="ADJ">有害</instance>
         <wf lemma="な" pos="X">な</wf>
         <wf lemma="影響" pos="X">影響</wf>
         <wf lemma="." pos="X">.</wf>
      </sentence>
      <sentence id="d000.s2639" source="wordnet-japanese">
         <wf lemma="この" pos="X">この</wf>
         <wf lemma="本" pos="X">本</wf>
         <wf lemma="を" pos="X">を</wf>
         <instance id="d000.s2639.t000" lemma="一通り" pos="ADV">一通り</instance>
         <wf lemma="読ん" pos="X">読ん</wf>
         <wf lemma="で" pos="X">で</wf>
         <wf lemma="下さい" pos="X">下さい</wf>
         <wf lemma="." pos="X">.</wf>
      </sentence>
      <sentence id="d000.s2640" source="wordnet-japanese">
         <wf lemma="彼" pos="X">彼</wf>
         <wf lemma="は" pos="X">は</wf>
         <wf lemma="長い" pos="X">長い</wf>
         <instance id="d000.s2640.t000" lemma="別れ" pos="NOUN">別れ</instance>
         <wf lemma="の" pos="X">の</wf>
         <wf lemma="あいさつ" pos="X">あいさつ</wf>
         <wf lemma="が" pos="X">が</wf>
         <wf lemma="嫌い" pos="X">嫌い</wf>
         <wf lemma="だ" pos="X">だ</wf>
         <wf lemma="." pos="X">.</wf>
      </sentence>
      <sentence id="d000.s2641" source="wordnet-japanese">
         <wf lemma="教師" pos="X">教師</wf>
         <wf lemma="は" pos="X">は</wf>
         <wf lemma="クラス" pos="X">クラス</wf>
         <wf lemma="を" pos="X">を</wf>
         <instance id="d000.s2641.t000" lemma="束ねる" pos="VERB">束ねる</instance>
         <wf lemma="方法" pos="X">方法</wf>
         <wf lemma="を" pos="X">を</wf>
         <wf lemma="知っ" pos="X">知っ</wf>
         <wf lemma="て" pos="X">て</wf>
         <wf lemma="い" pos="X">い</wf>
         <wf lemma="た" pos="X">た</wf>
         <wf lemma="." pos="X">.</wf>
      </sentence>
      <sentence id="d000.s2642" source="wordnet-japanese">
         <wf lemma="永遠" pos="X">永遠</wf>
         <wf lemma="の" pos="X">の</wf>
         <wf lemma="真理" pos="X">真理</wf>
         <wf lemma="は" pos="X">は</wf>
         <wf lemma="、" pos="X">、</wf>
         <wf lemma="彼ら" pos="X">彼ら</wf>
         <wf lemma="が" pos="X">が</wf>
         <wf lemma="あらゆる" pos="X">あらゆる</wf>
         <wf lemma="社会的" pos="X">社会的</wf>
         <instance id="d000.s2642.t000" lemma="状況" pos="NOUN">状況</instance>
         <wf lemma="に" pos="X">に</wf>
         <wf lemma="新しい" pos="X">新しい</wf>
         <wf lemma="意味" pos="X">意味</wf>
         <wf lemma="を" pos="X">を</wf>
         <wf lemma="持た" pos="X">持た</wf>
         <wf lemma="なけれ" pos="X">なけれ</wf>
         <wf lemma="ば" pos="X">ば</wf>
         <wf lemma="真実" pos="X">真実</wf>
         <wf lemma="で" pos="X">で</wf>
         <wf lemma="も" pos="X">も</wf>
         <wf lemma="永遠" pos="X">永遠</wf>
         <wf lemma="で" pos="X">で</wf>
         <wf lemma="も" pos="X">も</wf>
         <wf lemma="ない" pos="X">ない</wf>
         <wf lemma="−" pos="X">−</wf>
         <wf lemma="フランクリン" pos="X">フランクリン</wf>
         <wf lemma="・" pos="X">・</wf>
         <wf lemma="D" pos="X">D</wf>
         <wf lemma="・" pos="X">・</wf>
         <wf lemma="ルーズベルト" pos="X">ルーズベルト</wf>
         <wf lemma="." pos="X">.</wf>
      </sentence>
      <sentence id="d000.s2643" source="wordnet-japanese">
         <wf lemma="将来" pos="X">将来</wf>
         <wf lemma="の" pos="X">の</wf>
         <wf lemma="こと" pos="X">こと</wf>
         <wf lemma="を" pos="X">を</wf>
         <instance id="d000.s2643.t000" lemma="心配" pos="ADJ">心配</instance>
         <wf lemma="し" pos="X">し</wf>
         <wf lemma="て" pos="X">て</wf>
         <wf lemma="い" pos="X">い</wf>
         <wf lemma="た" pos="X">た</wf>
         <wf lemma="." pos="X">.</wf>
      </sentence>
      <sentence id="d000.s2644" source="wordnet-japanese">
         <wf lemma="我々" pos="X">我々</wf>
         <wf lemma="は" pos="X">は</wf>
         <wf lemma="、" pos="X">、</wf>
         <wf lemma="訴訟" pos="X">訴訟</wf>
         <wf lemma="好き" pos="X">好き</wf>
         <wf lemma="な" pos="X">な</wf>
         <instance id="d000.s2644.t000" lemma="時代" pos="NOUN">時代</instance>
         <wf lemma="に" pos="X">に</wf>
         <wf lemma="生き" pos="X">生き</wf>
         <wf lemma="て" pos="X">て</wf>
         <wf lemma="いる" pos="X">いる</wf>
         <wf lemma="." pos="X">.</wf>
      </sentence>
      <sentence id="d000.s2645" source="wordnet-japanese">
         <wf lemma="彼ら" pos="X">彼ら</wf>
         <wf lemma="は" pos="X">は</wf>
         <wf lemma="小さな" pos="X">小さな</wf>
         <wf lemma="昼食" pos="X">昼食</wf>
         <instance id="d000.s2645.t000" lemma="クラブ" pos="NOUN">クラブ</instance>
         <wf lemma="を" pos="X">を</wf>
         <wf lemma="形成" pos="X">形成</wf>
         <wf lemma="し" pos="X">し</wf>
         <wf lemma="た" pos="X">た</wf>
         <wf lemma="." pos="X">.</wf>
      </sentence>
      <sentence id="d000.s2646" source="wordnet-japanese">
         <wf lemma="彼" pos="X">彼</wf>
         <wf lemma="は" pos="X">は</wf>
         <wf lemma="峡谷" pos="X">峡谷</wf>
         <wf lemma="の" pos="X">の</wf>
         <instance id="d000.s2646.t000" lemma="入り口" pos="NOUN">入り口</instance>
         <wf lemma="に" pos="X">に</wf>
         <wf lemma="乗り込ん" pos="X">乗り込ん</wf>
         <wf lemma="だ" pos="X">だ</wf>
         <wf lemma="." pos="X">.</wf>
      </sentence>
      <sentence id="d000.s2647" source="wordnet-japanese">
         <wf lemma="知事" pos="X">知事</wf>
         <wf lemma="は" pos="X">は</wf>
         <wf lemma="その" pos="X">その</wf>
         <wf lemma="会議" pos="X">会議</wf>
         <wf lemma="とともに" pos="X">とともに</wf>
         <instance id="d000.s2647.t000" lemma="聖餐" pos="NOUN">聖餐</instance>
         <wf lemma="を" pos="X">を</wf>
         <wf lemma="催し" pos="X">催し</wf>
         <wf lemma="た" pos="X">た</wf>
         <wf lemma="." pos="X">.</wf>
      </sentence>
      <sentence id="d000.s2648" source="wordnet-japanese">
         <wf lemma="2" pos="X">2</wf>
         <wf lemma="つ" pos="X">つ</wf>
         <wf lemma="の" pos="X">の</wf>
         <wf lemma="グループ" pos="X">グループ</wf>
         <wf lemma="の" pos="X">の</wf>
         <instance id="d000.s2648.t000" lemma="中身" pos="NOUN">中身</instance>
         <wf lemma="は" pos="X">は</wf>
         <wf lemma="よく" pos="X">よく</wf>
         <wf lemma="似" pos="X">似</wf>
         <wf lemma="て" pos="X">て</wf>
         <wf lemma="い" pos="X">い</wf>
         <wf lemma="た" pos="X">た</wf>
         <wf lemma="." pos="X">.</wf>
      </sentence>
      <sentence id="d000.s2649" source="wordnet-japanese">
         <wf lemma="彼ら" pos="X">彼ら</wf>
         <wf lemma="は" pos="X">は</wf>
         <wf lemma="、" pos="X">、</wf>
         <instance id="d000.s2649.t000" lemma="不法" pos="ADV">不法</instance>
         <wf lemma="に" pos="X">に</wf>
         <wf lemma="廃棄物" pos="X">廃棄物</wf>
         <wf lemma="を" pos="X">を</wf>
         <wf lemma="捨て" pos="X">捨て</wf>
         <wf lemma="た" pos="X">た</wf>
         <wf lemma="." pos="X">.</wf>
      </sentence>
      <sentence id="d000.s2650" source="wordnet-japanese">
         <instance id="d000.s2650.t000" lemma="甘い" pos="ADJ">甘い</instance>
         <wf lemma="親" pos="X">親</wf>
         <wf lemma="は" pos="X">は</wf>
         <wf lemma="子供" pos="X">子供</wf>
         <wf lemma="を" pos="X">を</wf>
         <wf lemma="ダメ" pos="X">ダメ</wf>
         <wf lemma="に" pos="X">に</wf>
         <wf lemma="する" pos="X">する</wf>
         <wf lemma="危険" pos="X">危険</wf>
         <wf lemma="を" pos="X">を</wf>
         <wf lemma="おかし" pos="X">おかし</wf>
         <wf lemma="て" pos="X">て</wf>
         <wf lemma="いる" pos="X">いる</wf>
         <wf lemma="." pos="X">.</wf>
      </sentence>
      <sentence id="d000.s2651" source="wordnet-japanese">
         <instance id="d000.s2651.t000" lemma="柔らかい" pos="ADJ">柔らかい</instance>
         <wf lemma="手" pos="X">手</wf>
         <wf lemma="." pos="X">.</wf>
      </sentence>
      <sentence id="d000.s2652" source="wordnet-japanese">
         <wf lemma="4" pos="X">4</wf>
         <wf lemma="歳" pos="X">歳</wf>
         <wf lemma="馬" pos="X">馬</wf>
         <wf lemma="は" pos="X">は</wf>
         <instance id="d000.s2652.t000" lemma="過剰" pos="NOUN">過剰</instance>
         <wf lemma="な" pos="X">な</wf>
         <wf lemma="エネルギー" pos="X">エネルギー</wf>
         <wf lemma="が" pos="X">が</wf>
         <wf lemma="ある" pos="X">ある</wf>
         <wf lemma="." pos="X">.</wf>
      </sentence>
      <sentence id="d000.s2653" source="wordnet-japanese">
         <wf lemma="言語" pos="X">言語</wf>
         <wf lemma="が" pos="X">が</wf>
         <wf lemma="軍" pos="X">軍</wf>
         <wf lemma="と" pos="X">と</wf>
         <wf lemma="ネイビー" pos="X">ネイビー</wf>
         <wf lemma="による" pos="X">による</wf>
         <instance id="d000.s2653.t000" lemma="方言" pos="NOUN">方言</instance>
         <wf lemma="である" pos="X">である</wf>
         <wf lemma="と" pos="X">と</wf>
         <wf lemma="言わ" pos="X">言わ</wf>
         <wf lemma="れ" pos="X">れ</wf>
         <wf lemma="て" pos="X">て</wf>
         <wf lemma="いる" pos="X">いる</wf>
         <wf lemma="." pos="X">.</wf>
      </sentence>
      <sentence id="d000.s2654" source="wordnet-japanese">
         <wf lemma="チーム" pos="X">チーム</wf>
         <wf lemma="は" pos="X">は</wf>
         <instance id="d000.s2654.t000" lemma="パワープレー" pos="NOUN">パワープレー</instance>
         <wf lemma="を" pos="X">を</wf>
         <wf lemma="生かす" pos="X">生かす</wf>
         <wf lemma="こと" pos="X">こと</wf>
         <wf lemma="が" pos="X">が</wf>
         <wf lemma="でき" pos="X">でき</wf>
         <wf lemma="なかっ" pos="X">なかっ</wf>
         <wf lemma="た" pos="X">た</wf>
         <wf lemma="." pos="X">.</wf>
      </sentence>
      <sentence id="d000.s2655" source="wordnet-japanese">
         <wf lemma="私" pos="X">私</wf>
         <wf lemma="の" pos="X">の</wf>
         <wf lemma="仲介人" pos="X">仲介人</wf>
         <wf lemma="は" pos="X">は</wf>
         <wf lemma="、" pos="X">、</wf>
         <wf lemma="投資" pos="X">投資</wf>
         <wf lemma="を" pos="X">を</wf>
         <wf lemma="もっと" pos="X">もっと</wf>
         <instance id="d000.s2655.t000" lemma="多様化" pos="NOUN">多様化</instance>
         <wf lemma="する" pos="X">する</wf>
         <wf lemma="ように" pos="X">ように</wf>
         <wf lemma="勧め" pos="X">勧め</wf>
         <wf lemma="た" pos="X">た</wf>
         <wf lemma="." pos="X">.</wf>
      </sentence>
      <sentence id="d000.s2656" source="wordnet-japanese">
         <wf lemma="あなた" pos="X">あなた</wf>
         <wf lemma="が" pos="X">が</wf>
         <wf lemma="できる" pos="X">できる</wf>
         <wf lemma="こと" pos="X">こと</wf>
         <wf lemma="を" pos="X">を</wf>
         <instance id="d000.s2656.t000" lemma="とにかく" pos="ADV">とにかく</instance>
         <wf lemma="終わらせろ" pos="X">終わらせろ</wf>
         <wf lemma="." pos="X">.</wf>
      </sentence>
      <sentence id="d000.s2657" source="wordnet-japanese">
         <wf lemma="彼" pos="X">彼</wf>
         <wf lemma="は" pos="X">は</wf>
         <wf lemma="すばらしい" pos="X">すばらしい</wf>
         <wf lemma="才能" pos="X">才能</wf>
         <wf lemma="を" pos="X">を</wf>
         <instance id="d000.s2657.t000" lemma="示す" pos="VERB">示す</instance>
         <wf lemma="." pos="X">.</wf>
      </sentence>
      <sentence id="d000.s2658" source="wordnet-japanese">
         <wf lemma="王" pos="X">王</wf>
         <wf lemma="は" pos="X">は</wf>
         <wf lemma="、" pos="X">、</wf>
         <wf lemma="正午" pos="X">正午</wf>
         <wf lemma="に" pos="X">に</wf>
         <wf lemma="声明書" pos="X">声明書</wf>
         <wf lemma="を" pos="X">を</wf>
         <instance id="d000.s2658.t000" lemma="読む" pos="VERB">読む</instance>
         <wf lemma="だろ" pos="X">だろ</wf>
         <wf lemma="う" pos="X">う</wf>
         <wf lemma="." pos="X">.</wf>
      </sentence>
      <sentence id="d000.s2659" source="wordnet-japanese">
         <wf lemma="法律" pos="X">法律</wf>
         <wf lemma="を" pos="X">を</wf>
         <instance id="d000.s2659.t000" lemma="取り消す" pos="VERB">取り消す</instance>
         <wf lemma="." pos="X">.</wf>
      </sentence>
      <sentence id="d000.s2660" source="wordnet-japanese">
         <wf lemma="この" pos="X">この</wf>
         <wf lemma="物語" pos="X">物語</wf>
         <wf lemma="は" pos="X">は</wf>
         <wf lemma="よい" pos="X">よい</wf>
         <instance id="d000.s2660.t000" lemma="映画" pos="NOUN">映画</instance>
         <wf lemma="に" pos="X">に</wf>
         <wf lemma="なる" pos="X">なる</wf>
         <wf lemma="だろ" pos="X">だろ</wf>
         <wf lemma="う" pos="X">う</wf>
         <wf lemma="." pos="X">.</wf>
      </sentence>
      <sentence id="d000.s2661" source="wordnet-japanese">
         <wf lemma="彼女" pos="X">彼女</wf>
         <wf lemma="の" pos="X">の</wf>
         <instance id="d000.s2661.t000" lemma="定め" pos="NOUN">定め</instance>
         <wf lemma="であっ" pos="X">であっ</wf>
         <wf lemma="た" pos="X">た</wf>
         <wf lemma="成功" pos="X">成功</wf>
         <wf lemma="." pos="X">.</wf>
      </sentence>
      <sentence id="d000.s2662" source="wordnet-japanese">
         <wf lemma="彼" pos="X">彼</wf>
         <wf lemma="は" pos="X">は</wf>
         <instance id="d000.s2662.t000" lemma="一人" pos="ADV">一人</instance>
         <wf lemma="で" pos="X">で</wf>
         <wf lemma="逃亡" pos="X">逃亡</wf>
         <wf lemma="し" pos="X">し</wf>
         <wf lemma="た" pos="X">た</wf>
         <wf lemma="." pos="X">.</wf>
      </sentence>
      <sentence id="d000.s2663" source="wordnet-japanese">
         <wf lemma="ナポレオン" pos="X">ナポレオン</wf>
         <wf lemma="三世" pos="X">三世</wf>
         <wf lemma="は" pos="X">は</wf>
         <wf lemma="、" pos="X">、</wf>
         <wf lemma="強力" pos="X">強力</wf>
         <wf lemma="な" pos="X">な</wf>
         <wf lemma="皇帝" pos="X">皇帝</wf>
         <wf lemma="の" pos="X">の</wf>
         <instance id="d000.s2663.t000" lemma="反響" pos="NOUN">反響</instance>
         <wf lemma="が" pos="X">が</wf>
         <wf lemma="大きかっ" pos="X">大きかっ</wf>
         <wf lemma="た" pos="X">た</wf>
         <wf lemma="が" pos="X">が</wf>
         <wf lemma="、" pos="X">、</wf>
         <wf lemma="非常" pos="X">非常</wf>
         <wf lemma="に" pos="X">に</wf>
         <wf lemma="優れ" pos="X">優れ</wf>
         <wf lemma="た" pos="X">た</wf>
         <wf lemma="人物" pos="X">人物</wf>
         <wf lemma="だっ" pos="X">だっ</wf>
         <wf lemma="た" pos="X">た</wf>
         <wf lemma="." pos="X">.</wf>
      </sentence>
      <sentence id="d000.s2664" source="wordnet-japanese">
         <wf lemma="角" pos="X">角</wf>
         <wf lemma="を" pos="X">を</wf>
         <instance id="d000.s2664.t000" lemma="曲がる" pos="VERB">曲がっ</instance>
         <wf lemma="て" pos="X">て</wf>
         <wf lemma="ください" pos="X">ください</wf>
         <wf lemma="." pos="X">.</wf>
      </sentence>
      <sentence id="d000.s2665" source="wordnet-japanese">
         <wf lemma="彼" pos="X">彼</wf>
         <wf lemma="は" pos="X">は</wf>
         <wf lemma="他の" pos="X">他の</wf>
         <wf lemma="科学者" pos="X">科学者</wf>
         <wf lemma="たち" pos="X">たち</wf>
         <wf lemma="の" pos="X">の</wf>
         <wf lemma="仕事" pos="X">仕事</wf>
         <wf lemma="を" pos="X">を</wf>
         <wf lemma="かなり" pos="X">かなり</wf>
         <instance id="d000.s2665.t000" lemma="信用" pos="NOUN">信用</instance>
         <wf lemma="し" pos="X">し</wf>
         <wf lemma="て" pos="X">て</wf>
         <wf lemma="論文" pos="X">論文</wf>
         <wf lemma="を" pos="X">を</wf>
         <wf lemma="書い" pos="X">書い</wf>
         <wf lemma="た" pos="X">た</wf>
         <wf lemma="." pos="X">.</wf>
      </sentence>
      <sentence id="d000.s2666" source="wordnet-japanese">
         <wf lemma="川" pos="X">川</wf>
         <wf lemma="は" pos="X">は</wf>
         <wf lemma="、" pos="X">、</wf>
         <wf lemma="夏" pos="X">夏</wf>
         <wf lemma="に" pos="X">に</wf>
         <wf lemma="は" pos="X">は</wf>
         <instance id="d000.s2666.t000" lemma="干上がる" pos="VERB">干上がる</instance>
         <wf lemma="." pos="X">.</wf>
      </sentence>
      <sentence id="d000.s2667" source="wordnet-japanese">
         <wf lemma="彼" pos="X">彼</wf>
         <wf lemma="の" pos="X">の</wf>
         <instance id="d000.s2667.t000" lemma="名前" pos="NOUN">名前</instance>
         <wf lemma="は" pos="X">は</wf>
         <wf lemma="本当に" pos="X">本当に</wf>
         <wf lemma="ジョージ" pos="X">ジョージ</wf>
         <wf lemma="・" pos="X">・</wf>
         <wf lemma="ワシントン" pos="X">ワシントン</wf>
         <wf lemma="である" pos="X">である</wf>
         <wf lemma="." pos="X">.</wf>
      </sentence>
      <sentence id="d000.s2668" source="wordnet-japanese">
         <wf lemma="彼女" pos="X">彼女</wf>
         <wf lemma="の" pos="X">の</wf>
         <wf lemma="仕事" pos="X">仕事</wf>
         <wf lemma="で" pos="X">で</wf>
         <instance id="d000.s2668.t000" lemma="忙しい" pos="ADJ">忙しい</instance>
         <wf lemma="." pos="X">.</wf>
      </sentence>
      <sentence id="d000.s2669" source="wordnet-japanese">
         <wf lemma="彼" pos="X">彼</wf>
         <wf lemma="の" pos="X">の</wf>
         <instance id="d000.s2669.t000" lemma="はったり" pos="NOUN">はったり</instance>
         <wf lemma="は" pos="X">は</wf>
         <wf lemma="、" pos="X">、</wf>
         <wf lemma="彼" pos="X">彼</wf>
         <wf lemma="を" pos="X">を</wf>
         <wf lemma="受け入れ" pos="X">受け入れ</wf>
         <wf lemma="さ" pos="X">さ</wf>
         <wf lemma="せる" pos="X">せる</wf>
         <wf lemma="の" pos="X">の</wf>
         <wf lemma="に" pos="X">に</wf>
         <wf lemma="成功" pos="X">成功</wf>
         <wf lemma="し" pos="X">し</wf>
         <wf lemma="た" pos="X">た</wf>
         <wf lemma="." pos="X">.</wf>
      </sentence>
      <sentence id="d000.s2670" source="wordnet-japanese">
         <instance id="d000.s2670.t000" lemma="豊富" pos="ADJ">豊富</instance>
         <wf lemma="な" pos="X">な</wf>
         <wf lemma="自身" pos="X">自身</wf>
         <wf lemma="." pos="X">.</wf>
      </sentence>
      <sentence id="d000.s2671" source="wordnet-japanese">
         <wf lemma="チューリップ" pos="X">チューリップ</wf>
         <wf lemma="の" pos="X">の</wf>
         <wf lemma="球根" pos="X">球根</wf>
         <wf lemma="を" pos="X">を</wf>
         <instance id="d000.s2671.t000" lemma="持ち上げる" pos="VERB">持ち上げる</instance>
         <wf lemma="." pos="X">.</wf>
      </sentence>
      <sentence id="d000.s2672" source="wordnet-japanese">
         <wf lemma="弦楽" pos="X">弦楽</wf>
         <instance id="d000.s2672.t000" lemma="アンサンブル" pos="NOUN">アンサンブル</instance>
         <wf lemma="." pos="X">.</wf>
      </sentence>
      <sentence id="d000.s2673" source="wordnet-japanese">
         <wf lemma="地球" pos="X">地球</wf>
         <wf lemma="は" pos="X">は</wf>
         <wf lemma="惑星" pos="X">惑星</wf>
         <wf lemma="の" pos="X">の</wf>
         <wf lemma="中" pos="X">中</wf>
         <wf lemma="で" pos="X">で</wf>
         <wf lemma="もっとも" pos="X">もっとも</wf>
         <wf lemma="大きく" pos="X">大きく</wf>
         <instance id="d000.s2673.t000" lemma="重い" pos="ADJ">重い</instance>
         <wf lemma="." pos="X">.</wf>
      </sentence>
      <sentence id="d000.s2674" source="wordnet-japanese">
         <wf lemma="お" pos="X">お</wf>
         <wf lemma="金" pos="X">金</wf>
         <wf lemma="が" pos="X">が</wf>
         <wf lemma="なかっ" pos="X">なかっ</wf>
         <wf lemma="た" pos="X">た</wf>
         <wf lemma="ので" pos="X">ので</wf>
         <wf lemma="、" pos="X">、</wf>
         <wf lemma="我々" pos="X">我々</wf>
         <wf lemma="は" pos="X">は</wf>
         <wf lemma="物々" pos="X">物々</wf>
         <instance id="d000.s2674.t000" lemma="交換" pos="NOUN">交換</instance>
         <wf lemma="で" pos="X">で</wf>
         <wf lemma="暮らさ" pos="X">暮らさ</wf>
         <wf lemma="なければ" pos="X">なければ</wf>
         <wf lemma="なら" pos="X">なら</wf>
         <wf lemma="なかっ" pos="X">なかっ</wf>
         <wf lemma="た" pos="X">た</wf>
         <wf lemma="." pos="X">.</wf>
      </sentence>
      <sentence id="d000.s2675" source="wordnet-japanese">
         <wf lemma="芸術家" pos="X">芸術家</wf>
         <wf lemma="は" pos="X">は</wf>
         <wf lemma="人体" pos="X">人体</wf>
         <wf lemma="の" pos="X">の</wf>
         <instance id="d000.s2675.t000" lemma="構造" pos="NOUN">構造</instance>
         <wf lemma="を" pos="X">を</wf>
         <wf lemma="研究" pos="X">研究</wf>
         <wf lemma="し" pos="X">し</wf>
         <wf lemma="なければ" pos="X">なければ</wf>
         <wf lemma="なら" pos="X">なら</wf>
         <wf lemma="ない" pos="X">ない</wf>
         <wf lemma="." pos="X">.</wf>
      </sentence>
      <sentence id="d000.s2676" source="wordnet-japanese">
         <wf lemma="車" pos="X">車</wf>
         <wf lemma="が" pos="X">が</wf>
         <wf lemma="、" pos="X">、</wf>
         <wf lemma="彼女" pos="X">彼女</wf>
         <wf lemma="を" pos="X">を</wf>
         <instance id="d000.s2676.t000" lemma="ほとんど" pos="ADV">ほとんど</instance>
         <wf lemma="挽い" pos="X">挽い</wf>
         <wf lemma="た" pos="X">た</wf>
         <wf lemma="." pos="X">.</wf>
      </sentence>
      <sentence id="d000.s2677" source="wordnet-japanese">
         <wf lemma="彼女" pos="X">彼女</wf>
         <wf lemma="は" pos="X">は</wf>
         <wf lemma="映画" pos="X">映画</wf>
         <wf lemma="や" pos="X">や</wf>
         <instance id="d000.s2677.t000" lemma="テレビ" pos="NOUN">テレビ</instance>
         <wf lemma="の" pos="X">の</wf>
         <wf lemma="スター" pos="X">スター</wf>
         <wf lemma="である" pos="X">である</wf>
         <wf lemma="." pos="X">.</wf>
      </sentence>
      <sentence id="d000.s2678" source="wordnet-japanese">
         <wf lemma="彼ら" pos="X">彼ら</wf>
         <wf lemma="は" pos="X">は</wf>
         <wf lemma="ロシア" pos="X">ロシア</wf>
         <wf lemma="の" pos="X">の</wf>
         <wf lemma="市場" pos="X">市場</wf>
         <wf lemma="で" pos="X">で</wf>
         <wf lemma="積極的" pos="X">積極的</wf>
         <wf lemma="に" pos="X">に</wf>
         <instance id="d000.s2678.t000" lemma="足場" pos="NOUN">足場</instance>
         <wf lemma="を" pos="X">を</wf>
         <wf lemma="得" pos="X">得</wf>
         <wf lemma="よう" pos="X">よう</wf>
         <wf lemma="と" pos="X">と</wf>
         <wf lemma="し" pos="X">し</wf>
         <wf lemma="て" pos="X">て</wf>
         <wf lemma="いる" pos="X">いる</wf>
         <wf lemma="." pos="X">.</wf>
      </sentence>
      <sentence id="d000.s2679" source="wordnet-japanese">
         <instance id="d000.s2679.t000" lemma="父祖" pos="NOUN">父祖</instance>
         <wf lemma="の" pos="X">の</wf>
         <wf lemma="信念" pos="X">信念</wf>
         <wf lemma="を" pos="X">を</wf>
         <wf lemma="守り" pos="X">守り</wf>
         <wf lemma="通す" pos="X">通す</wf>
         <wf lemma="." pos="X">.</wf>
      </sentence>
      <sentence id="d000.s2680" source="wordnet-japanese">
         <wf lemma="彼ら" pos="X">彼ら</wf>
         <wf lemma="は" pos="X">は</wf>
         <instance id="d000.s2680.t000" lemma="病人" pos="NOUN">病人</instance>
         <wf lemma="の" pos="X">の</wf>
         <wf lemma="世話" pos="X">世話</wf>
         <wf lemma="に" pos="X">に</wf>
         <wf lemma="生涯" pos="X">生涯</wf>
         <wf lemma="を" pos="X">を</wf>
         <wf lemma="捧げ" pos="X">捧げ</wf>
         <wf lemma="て" pos="X">て</wf>
         <wf lemma="いる" pos="X">いる</wf>
         <wf lemma="." pos="X">.</wf>
      </sentence>
      <sentence id="d000.s2681" source="wordnet-japanese">
         <wf lemma="歴史" pos="X">歴史</wf>
         <wf lemma="の" pos="X">の</wf>
         <instance id="d000.s2681.t000" lemma="流れ" pos="NOUN">流れ</instance>
         <wf lemma="." pos="X">.</wf>
      </sentence>
      <sentence id="d000.s2682" source="wordnet-japanese">
         <wf lemma="反乱" pos="X">反乱</wf>
         <wf lemma="を" pos="X">を</wf>
         <instance id="d000.s2682.t000" lemma="鎮圧" pos="NOUN">鎮圧</instance>
         <wf lemma="する" pos="X">する</wf>
         <wf lemma="こと" pos="X">こと</wf>
         <wf lemma="." pos="X">.</wf>
      </sentence>
      <sentence id="d000.s2683" source="wordnet-japanese">
         <instance id="d000.s2683.t000" lemma="ハート" pos="NOUN">ハート</instance>
         <wf lemma="が" pos="X">が</wf>
         <wf lemma="切り札" pos="X">切り札</wf>
         <wf lemma="だっ" pos="X">だっ</wf>
         <wf lemma="た" pos="X">た</wf>
         <wf lemma="." pos="X">.</wf>
      </sentence>
      <sentence id="d000.s2684" source="wordnet-japanese">
         <wf lemma="彼女" pos="X">彼女</wf>
         <wf lemma="の" pos="X">の</wf>
         <instance id="d000.s2684.t000" lemma="遊び" pos="NOUN">遊び</instance>
         <wf lemma="心" pos="X">心</wf>
         <wf lemma="に" pos="X">に</wf>
         <wf lemma="私" pos="X">私</wf>
         <wf lemma="は" pos="X">は</wf>
         <wf lemma="驚い" pos="X">驚い</wf>
         <wf lemma="た" pos="X">た</wf>
         <wf lemma="." pos="X">.</wf>
      </sentence>
      <sentence id="d000.s2685" source="wordnet-japanese">
         <wf lemma="部屋" pos="X">部屋</wf>
         <wf lemma="は" pos="X">は</wf>
         <instance id="d000.s2685.t000" lemma="明るい" pos="ADJ">明るく</instance>
         <wf lemma="、" pos="X">、</wf>
         <wf lemma="風通" pos="X">風通</wf>
         <wf lemma="し" pos="X">し</wf>
         <wf lemma="が" pos="X">が</wf>
         <wf lemma="よかっ" pos="X">よかっ</wf>
         <wf lemma="た" pos="X">た</wf>
         <wf lemma="." pos="X">.</wf>
      </sentence>
      <sentence id="d000.s2686" source="wordnet-japanese">
         <instance id="d000.s2686.t000" lemma="楽しい" pos="ADJ">楽しい</instance>
         <wf lemma="場面" pos="X">場面</wf>
         <wf lemma="." pos="X">.</wf>
      </sentence>
      <sentence id="d000.s2687" source="wordnet-japanese">
         <wf lemma="滝" pos="X">滝</wf>
         <wf lemma="の" pos="X">の</wf>
         <wf lemma="騒がしい" pos="X">騒がしい</wf>
         <instance id="d000.s2687.t000" lemma="声" pos="NOUN">声</instance>
         <wf lemma="." pos="X">.</wf>
      </sentence>
      <sentence id="d000.s2688" source="wordnet-japanese">
         <instance id="d000.s2688.t000" lemma="時々" pos="ADV">時々</instance>
         <wf lemma="、" pos="X">、</wf>
         <wf lemma="彼ら" pos="X">彼ら</wf>
         <wf lemma="は" pos="X">は</wf>
         <wf lemma="1" pos="X">1</wf>
         <wf lemma="カ月" pos="X">カ月</wf>
         <wf lemma="来る" pos="X">来る</wf>
         <wf lemma="；" pos="X">；</wf>
         <wf lemma="それ" pos="X">それ</wf>
         <wf lemma="以外" pos="X">以外</wf>
         <wf lemma="の" pos="X">の</wf>
         <wf lemma="てき" pos="X">てき</wf>
         <wf lemma="は" pos="X">は</wf>
         <wf lemma="、" pos="X">、</wf>
         <wf lemma="6" pos="X">6</wf>
         <wf lemma="カ月" pos="X">カ月</wf>
         <wf lemma="来る" pos="X">来る</wf>
         <wf lemma="." pos="X">.</wf>
      </sentence>
      <sentence id="d000.s2689" source="wordnet-japanese">
         <wf lemma="連邦" pos="X">連邦</wf>
         <wf lemma="の" pos="X">の</wf>
         <instance id="d000.s2689.t000" lemma="祝日" pos="NOUN">祝日</instance>
         <wf lemma="に" pos="X">に</wf>
         <wf lemma="は" pos="X">は</wf>
         <wf lemma="郵便" pos="X">郵便</wf>
         <wf lemma="は" pos="X">は</wf>
         <wf lemma="配達" pos="X">配達</wf>
         <wf lemma="さ" pos="X">さ</wf>
         <wf lemma="れ" pos="X">れ</wf>
         <wf lemma="ない" pos="X">ない</wf>
         <wf lemma="." pos="X">.</wf>
      </sentence>
      <sentence id="d000.s2690" source="wordnet-japanese">
         <wf lemma="その" pos="X">その</wf>
         <wf lemma="組立" pos="X">組立</wf>
         <wf lemma="て" pos="X">て</wf>
         <instance id="d000.s2690.t000" lemma="ライン" pos="NOUN">ライン</instance>
         <wf lemma="は" pos="X">は</wf>
         <wf lemma="12" pos="X">12</wf>
         <wf lemma="時間" pos="X">時間</wf>
         <wf lemma="運転" pos="X">運転</wf>
         <wf lemma="だっ" pos="X">だっ</wf>
         <wf lemma="た" pos="X">た</wf>
         <wf lemma="." pos="X">.</wf>
      </sentence>
      <sentence id="d000.s2691" source="wordnet-japanese">
         <wf lemma="身長" pos="X">身長</wf>
         <wf lemma="が" pos="X">が</wf>
         <instance id="d000.s2691.t000" lemma="小さい" pos="ADJ">小さい</instance>
         <wf lemma="である" pos="X">である</wf>
         <wf lemma="." pos="X">.</wf>
      </sentence>
      <sentence id="d000.s2692" source="wordnet-japanese">
         <instance id="d000.s2692.t000" lemma="入念" pos="ADJ">入念</instance>
         <wf lemma="な" pos="X">な</wf>
         <wf lemma="研究" pos="X">研究</wf>
         <wf lemma="." pos="X">.</wf>
      </sentence>
      <sentence id="d000.s2693" source="wordnet-japanese">
         <wf lemma="彼ら" pos="X">彼ら</wf>
         <wf lemma="が" pos="X">が</wf>
         <wf lemma="ちょうど" pos="X">ちょうど</wf>
         <wf lemma="入っ" pos="X">入っ</wf>
         <wf lemma="て" pos="X">て</wf>
         <wf lemma="き" pos="X">き</wf>
         <wf lemma="た" pos="X">た</wf>
         <wf lemma="が" pos="X">が</wf>
         <wf lemma="、" pos="X">、</wf>
         <instance id="d000.s2693.t000" lemma="ブラインド" pos="NOUN">ブラインド</instance>
         <wf lemma="を" pos="X">を</wf>
         <wf lemma="上げ" pos="X">上げ</wf>
         <wf lemma="なかっ" pos="X">なかっ</wf>
         <wf lemma="た" pos="X">た</wf>
         <wf lemma="." pos="X">.</wf>
      </sentence>
      <sentence id="d000.s2694" source="wordnet-japanese">
         <instance id="d000.s2694.t000" lemma="かなり" pos="ADV">かなり</instance>
         <wf lemma="病気" pos="X">病気</wf>
         <wf lemma="で" pos="X">で</wf>
         <wf lemma="." pos="X">.</wf>
      </sentence>
      <sentence id="d000.s2695" source="wordnet-japanese">
         <wf lemma="包括的" pos="X">包括的</wf>
         <wf lemma="な" pos="X">な</wf>
         <wf lemma="国" pos="X">国</wf>
         <wf lemma="の" pos="X">の</wf>
         <instance id="d000.s2695.t000" lemma="全体" pos="NOUN">全体</instance>
         <wf lemma="." pos="X">.</wf>
      </sentence>
      <sentence id="d000.s2696" source="wordnet-japanese">
         <wf lemma="軍" pos="X">軍</wf>
         <wf lemma="曹" pos="X">曹</wf>
         <wf lemma="は" pos="X">は</wf>
         <wf lemma="、" pos="X">、</wf>
         <wf lemma="午前" pos="X">午前</wf>
         <wf lemma="2" pos="X">2</wf>
         <wf lemma="時" pos="X">時</wf>
         <wf lemma="に" pos="X">に</wf>
         <wf lemma="私たち" pos="X">私たち</wf>
         <wf lemma="を" pos="X">を</wf>
         <instance id="d000.s2696.t000" lemma="起こす" pos="VERB">起こし</instance>
         <wf lemma="た" pos="X">た</wf>
         <wf lemma="." pos="X">.</wf>
      </sentence>
      <sentence id="d000.s2697" source="wordnet-japanese">
         <wf lemma="石炭" pos="X">石炭</wf>
         <wf lemma="の" pos="X">の</wf>
         <instance id="d000.s2697.t000" lemma="無尽蔵" pos="ADJ">無尽蔵</instance>
         <wf lemma="な" pos="X">な</wf>
         <wf lemma="供給" pos="X">供給</wf>
         <wf lemma="." pos="X">.</wf>
      </sentence>
      <sentence id="d000.s2698" source="wordnet-japanese">
         <wf lemma="猫" pos="X">猫</wf>
         <wf lemma="は" pos="X">は</wf>
         <wf lemma="、" pos="X">、</wf>
         <wf lemma="花瓶" pos="X">花瓶</wf>
         <wf lemma="を" pos="X">を</wf>
         <instance id="d000.s2698.t000" lemma="ひっくり返す" pos="VERB">ひっくり返し</instance>
         <wf lemma="た" pos="X">た</wf>
         <wf lemma="." pos="X">.</wf>
      </sentence>
      <sentence id="d000.s2699" source="wordnet-japanese">
         <wf lemma="彼" pos="X">彼</wf>
         <wf lemma="は" pos="X">は</wf>
         <wf lemma="学校" pos="X">学校</wf>
         <wf lemma="へ" pos="X">へ</wf>
         <wf lemma="行く" pos="X">行く</wf>
         <wf lemma="前" pos="X">前</wf>
         <wf lemma="に" pos="X">に</wf>
         <instance id="d000.s2699.t000" lemma="数" pos="NOUN">数</instance>
         <wf lemma="を" pos="X">を</wf>
         <wf lemma="書く" pos="X">書く</wf>
         <wf lemma="こと" pos="X">こと</wf>
         <wf lemma="を" pos="X">を</wf>
         <wf lemma="学ん" pos="X">学ん</wf>
         <wf lemma="だ" pos="X">だ</wf>
         <wf lemma="." pos="X">.</wf>
      </sentence>
      <sentence id="d000.s2700" source="wordnet-japanese">
         <wf lemma="ときどき" pos="X">ときどき</wf>
         <instance id="d000.s2700.t000" lemma="遠回り" pos="ADJ">遠回り</instance>
         <wf lemma="は" pos="X">は</wf>
         <wf lemma="時間" pos="X">時間</wf>
         <wf lemma="を" pos="X">を</wf>
         <wf lemma="節約" pos="X">節約</wf>
         <wf lemma="する" pos="X">する</wf>
         <wf lemma="." pos="X">.</wf>
      </sentence>
      <sentence id="d000.s2701" source="wordnet-japanese">
         <instance id="d000.s2701.t000" lemma="クラーレ" pos="NOUN">クラーレ</instance>
         <wf lemma="は" pos="X">は</wf>
         <wf lemma="筋" pos="X">筋</wf>
         <wf lemma="神経" pos="X">神経</wf>
         <wf lemma="の" pos="X">の</wf>
         <wf lemma="接合" pos="X">接合</wf>
         <wf lemma="における" pos="X">における</wf>
         <wf lemma="コリン" pos="X">コリン</wf>
         <wf lemma="作用" pos="X">作用</wf>
         <wf lemma="性" pos="X">性</wf>
         <wf lemma="の" pos="X">の</wf>
         <wf lemma="伝達" pos="X">伝達</wf>
         <wf lemma="を" pos="X">を</wf>
         <wf lemma="ブロック" pos="X">ブロック</wf>
         <wf lemma="する" pos="X">する</wf>
         <wf lemma="こと" pos="X">こと</wf>
         <wf lemma="で" pos="X">で</wf>
         <wf lemma="働く" pos="X">働く</wf>
         <wf lemma="." pos="X">.</wf>
      </sentence>
      <sentence id="d000.s2702" source="wordnet-japanese">
         <wf lemma="私" pos="X">私</wf>
         <wf lemma="の" pos="X">の</wf>
         <wf lemma="空腹" pos="X">空腹</wf>
         <wf lemma="を" pos="X">を</wf>
         <instance id="d000.s2702.t000" lemma="鎮める" pos="VERB">鎮める</instance>
         <wf lemma="." pos="X">.</wf>
      </sentence>
      <sentence id="d000.s2703" source="wordnet-japanese">
         <wf lemma="彼" pos="X">彼</wf>
         <wf lemma="は" pos="X">は</wf>
         <wf lemma="レストラン" pos="X">レストラン</wf>
         <wf lemma="・" pos="X">・</wf>
         <wf lemma="チェーン" pos="X">チェーン</wf>
         <wf lemma="の" pos="X">の</wf>
         <instance id="d000.s2703.t000" lemma="オーナー" pos="NOUN">オーナー</instance>
         <wf lemma="だ" pos="X">だ</wf>
         <wf lemma="." pos="X">.</wf>
      </sentence>
      <sentence id="d000.s2704" source="wordnet-japanese">
         <wf lemma="搾取" pos="X">搾取</wf>
         <wf lemma="工場" pos="X">工場</wf>
         <wf lemma="から" pos="X">から</wf>
         <wf lemma="の" pos="X">の</wf>
         <instance id="d000.s2704.t000" lemma="逃亡者" pos="NOUN">逃亡者</instance>
         <wf lemma="." pos="X">.</wf>
      </sentence>
      <sentence id="d000.s2705" source="wordnet-japanese">
         <wf lemma="銀市場" pos="X">銀市場</wf>
         <wf lemma="の" pos="X">の</wf>
         <instance id="d000.s2705.t000" lemma="コーナー" pos="NOUN">コーナー</instance>
         <wf lemma="." pos="X">.</wf>
      </sentence>
      <sentence id="d000.s2706" source="wordnet-japanese">
         <wf lemma="圧力" pos="X">圧力</wf>
         <wf lemma="を" pos="X">を</wf>
         <wf lemma="かけ" pos="X">かけ</wf>
         <wf lemma="た" pos="X">た</wf>
         <wf lemma="状態" pos="X">状態</wf>
         <wf lemma="で" pos="X">で</wf>
         <wf lemma="の" pos="X">の</wf>
         <wf lemma="信頼性" pos="X">信頼性</wf>
         <wf lemma="の" pos="X">の</wf>
         <instance id="d000.s2706.t000" lemma="チェック" pos="NOUN">チェック</instance>
         <wf lemma="." pos="X">.</wf>
      </sentence>
      <sentence id="d000.s2707" source="wordnet-japanese">
         <instance id="d000.s2707.t000" lemma="空白" pos="ADJ">空白</instance>
         <wf lemma="ページ" pos="X">ページ</wf>
         <wf lemma="." pos="X">.</wf>
      </sentence>
      <sentence id="d000.s2708" source="wordnet-japanese">
         <instance id="d000.s2708.t000" lemma="文法的" pos="ADJ">文法的</instance>
         <wf lemma="に" pos="X">に</wf>
         <wf lemma="正しい" pos="X">正しい</wf>
         <wf lemma="文章" pos="X">文章</wf>
         <wf lemma="で" pos="X">で</wf>
         <wf lemma="話し" pos="X">話し</wf>
         <wf lemma="た" pos="X">た</wf>
         <wf lemma="." pos="X">.</wf>
      </sentence>
      <sentence id="d000.s2709" source="wordnet-japanese">
         <wf lemma="パステル" pos="X">パステル</wf>
         <wf lemma="の" pos="X">の</wf>
         <wf lemma="ような" pos="X">ような</wf>
         <instance id="d000.s2709.t000" lemma="淡い" pos="ADJ">淡い</instance>
         <wf lemma="色" pos="X">色</wf>
         <wf lemma="." pos="X">.</wf>
      </sentence>
      <sentence id="d000.s2710" source="wordnet-japanese">
         <wf lemma="彼" pos="X">彼</wf>
         <wf lemma="は" pos="X">は</wf>
         <instance id="d000.s2710.t000" lemma="効果" pos="NOUN">効果</instance>
         <wf lemma="を" pos="X">を</wf>
         <wf lemma="得る" pos="X">得る</wf>
         <wf lemma="ため" pos="X">ため</wf>
         <wf lemma="に" pos="X">に</wf>
         <wf lemma="それ" pos="X">それ</wf>
         <wf lemma="を" pos="X">を</wf>
         <wf lemma="行っ" pos="X">行っ</wf>
         <wf lemma="た" pos="X">た</wf>
         <wf lemma="だけ" pos="X">だけ</wf>
         <wf lemma="だ" pos="X">だ</wf>
         <wf lemma="." pos="X">.</wf>
      </sentence>
      <sentence id="d000.s2711" source="wordnet-japanese">
         <wf lemma="上院議員" pos="X">上院議員</wf>
         <wf lemma="は" pos="X">は</wf>
         <wf lemma="、" pos="X">、</wf>
         <wf lemma="この" pos="X">この</wf>
         <wf lemma="プロジェクト" pos="X">プロジェクト</wf>
         <wf lemma="は" pos="X">は</wf>
         <wf lemma="金" pos="X">金</wf>
         <wf lemma="の" pos="X">の</wf>
         <instance id="d000.s2711.t000" lemma="無駄遣い" pos="NOUN">無駄遣い</instance>
         <wf lemma="だ" pos="X">だ</wf>
         <wf lemma="、" pos="X">、</wf>
         <wf lemma="と" pos="X">と</wf>
         <wf lemma="言っ" pos="X">言っ</wf>
         <wf lemma="た" pos="X">た</wf>
         <wf lemma="." pos="X">.</wf>
      </sentence>
      <sentence id="d000.s2712" source="wordnet-japanese">
         <wf lemma="その" pos="X">その</wf>
         <wf lemma="教授" pos="X">教授</wf>
         <wf lemma="は" pos="X">は</wf>
         <wf lemma="友人" pos="X">友人</wf>
         <wf lemma="が" pos="X">が</wf>
         <wf lemma="彼" pos="X">彼</wf>
         <wf lemma="の" pos="X">の</wf>
         <wf lemma="公式" pos="X">公式</wf>
         <wf lemma="の" pos="X">の</wf>
         <instance id="d000.s2712.t000" lemma="称号" pos="NOUN">称号</instance>
         <wf lemma="を" pos="X">を</wf>
         <wf lemma="使う" pos="X">使う</wf>
         <wf lemma="の" pos="X">の</wf>
         <wf lemma="を" pos="X">を</wf>
         <wf lemma="好ま" pos="X">好ま</wf>
         <wf lemma="なかっ" pos="X">なかっ</wf>
         <wf lemma="た" pos="X">た</wf>
         <wf lemma="." pos="X">.</wf>
      </sentence>
      <sentence id="d000.s2713" source="wordnet-japanese">
         <instance id="d000.s2713.t000" lemma="産褥期" pos="NOUN">産褥期</instance>
         <wf lemma="に" pos="X">に</wf>
         <wf lemma="は" pos="X">は</wf>
         <wf lemma="周産期" pos="X">周産期</wf>
         <wf lemma="専門医" pos="X">専門医</wf>
         <wf lemma="が" pos="X">が</wf>
         <wf lemma="彼女" pos="X">彼女</wf>
         <wf lemma="の" pos="X">の</wf>
         <wf lemma="世話" pos="X">世話</wf>
         <wf lemma="を" pos="X">を</wf>
         <wf lemma="し" pos="X">し</wf>
         <wf lemma="た" pos="X">た</wf>
         <wf lemma="." pos="X">.</wf>
      </sentence>
      <sentence id="d000.s2714" source="wordnet-japanese">
         <wf lemma="請求書" pos="X">請求書</wf>
         <wf lemma="は" pos="X">は</wf>
         <wf lemma="2,000" pos="X">2,000</wf>
         <wf lemma="ドル" pos="X">ドル</wf>
         <wf lemma="に" pos="X">に</wf>
         <instance id="d000.s2714.t000" lemma="達する" pos="VERB">達し</instance>
         <wf lemma="た" pos="X">た</wf>
         <wf lemma="." pos="X">.</wf>
      </sentence>
      <sentence id="d000.s2715" source="wordnet-japanese">
         <wf lemma="私" pos="X">私</wf>
         <wf lemma="は" pos="X">は</wf>
         <wf lemma="、" pos="X">、</wf>
         <wf lemma="彼女" pos="X">彼女</wf>
         <wf lemma="が" pos="X">が</wf>
         <wf lemma="全" pos="X">全</wf>
         <wf lemma="原稿" pos="X">原稿</wf>
         <wf lemma="を" pos="X">を</wf>
         <wf lemma="タイプ" pos="X">タイプ</wf>
         <wf lemma="する" pos="X">する</wf>
         <wf lemma="ように" pos="X">ように</wf>
         <instance id="d000.s2715.t000" lemma="頼む" pos="VERB">頼ん</instance>
         <wf lemma="だ" pos="X">だ</wf>
         <wf lemma="." pos="X">.</wf>
      </sentence>
      <sentence id="d000.s2716" source="wordnet-japanese">
         <wf lemma="富" pos="X">富</wf>
         <wf lemma="の" pos="X">の</wf>
         <instance id="d000.s2716.t000" lemma="探求" pos="NOUN">探求</instance>
         <wf lemma="." pos="X">.</wf>
      </sentence>
      <sentence id="d000.s2717" source="wordnet-japanese">
         <wf lemma="歴史" pos="X">歴史</wf>
         <wf lemma="文献" pos="X">文献</wf>
         <wf lemma="における" pos="X">における</wf>
         <wf lemma="何らか" pos="X">何らか</wf>
         <wf lemma="の" pos="X">の</wf>
         <instance id="d000.s2717.t000" lemma="難解" pos="ADJ">難解</instance>
         <wf lemma="な" pos="X">な</wf>
         <wf lemma="問題" pos="X">問題</wf>
         <wf lemma="." pos="X">.</wf>
      </sentence>
      <sentence id="d000.s2718" source="wordnet-japanese">
         <wf lemma="そり" pos="X">そり</wf>
         <wf lemma="を" pos="X">を</wf>
         <instance id="d000.s2718.t000" lemma="引く" pos="VERB">引く</instance>
         <wf lemma="." pos="X">.</wf>
      </sentence>
      <sentence id="d000.s2719" source="wordnet-japanese">
         <wf lemma="海水" pos="X">海水</wf>
         <wf lemma="が" pos="X">が</wf>
         <wf lemma="溶岩" pos="X">溶岩</wf>
         <wf lemma="を" pos="X">を</wf>
         <instance id="d000.s2719.t000" lemma="浸潤" pos="NOUN">浸潤</instance>
         <wf lemma="する" pos="X">する</wf>
         <wf lemma="こと" pos="X">こと</wf>
         <wf lemma="." pos="X">.</wf>
      </sentence>
      <sentence id="d000.s2720" source="wordnet-japanese">
         <wf lemma="それ" pos="X">それ</wf>
         <wf lemma="は" pos="X">は</wf>
         <wf lemma="、" pos="X">、</wf>
         <wf lemma="彼" pos="X">彼</wf>
         <wf lemma="が" pos="X">が</wf>
         <wf lemma="以前" pos="X">以前</wf>
         <wf lemma="の" pos="X">の</wf>
         <instance id="d000.s2720.t000" lemma="チームメイト" pos="NOUN">チームメイト</instance>
         <wf lemma="に" pos="X">に</wf>
         <wf lemma="対抗" pos="X">対抗</wf>
         <wf lemma="する" pos="X">する</wf>
         <wf lemma="最初" pos="X">最初</wf>
         <wf lemma="だっ" pos="X">だっ</wf>
         <wf lemma="た" pos="X">た</wf>
         <wf lemma="." pos="X">.</wf>
      </sentence>
      <sentence id="d000.s2721" source="wordnet-japanese">
         <wf lemma="コンピュータ" pos="X">コンピュータ</wf>
         <wf lemma="は" pos="X">は</wf>
         <wf lemma="、" pos="X">、</wf>
         <instance id="d000.s2721.t000" lemma="導管" pos="NOUN">導管</instance>
         <wf lemma="の" pos="X">の</wf>
         <wf lemma="システム" pos="X">システム</wf>
         <wf lemma="によって" pos="X">によって</wf>
         <wf lemma="接続" pos="X">接続</wf>
         <wf lemma="さ" pos="X">さ</wf>
         <wf lemma="れ" pos="X">れ</wf>
         <wf lemma="た" pos="X">た</wf>
         <wf lemma="." pos="X">.</wf>
      </sentence>
      <sentence id="d000.s2722" source="wordnet-japanese">
         <instance id="d000.s2722.t000" lemma="物知り" pos="ADJ">物知り</instance>
         <wf lemma="の" pos="X">の</wf>
         <wf lemma="インストラクター" pos="X">インストラクター</wf>
         <wf lemma="." pos="X">.</wf>
      </sentence>
      <sentence id="d000.s2723" source="wordnet-japanese">
         <wf lemma="2" pos="X">2</wf>
         <wf lemma="つ" pos="X">つ</wf>
         <wf lemma="の" pos="X">の</wf>
         <wf lemma="悪" pos="X">悪</wf>
         <wf lemma="の" pos="X">の</wf>
         <wf lemma="うち" pos="X">うち</wf>
         <wf lemma="の" pos="X">の</wf>
         <instance id="d000.s2723.t000" lemma="小さい" pos="ADJ">小さい</instance>
         <wf lemma="方" pos="X">方</wf>
         <wf lemma="." pos="X">.</wf>
      </sentence>
      <sentence id="d000.s2724" source="wordnet-japanese">
         <wf lemma="彼女" pos="X">彼女</wf>
         <wf lemma="の" pos="X">の</wf>
         <wf lemma="ストッキング" pos="X">ストッキング</wf>
         <wf lemma="に" pos="X">に</wf>
         <wf lemma="は" pos="X">は</wf>
         <instance id="d000.s2724.t000" lemma="修繕" pos="NOUN">修繕</instance>
         <wf lemma="さ" pos="X">さ</wf>
         <wf lemma="れ" pos="X">れ</wf>
         <wf lemma="た" pos="X">た</wf>
         <wf lemma="箇所" pos="X">箇所</wf>
         <wf lemma="が" pos="X">が</wf>
         <wf lemma="数" pos="X">数</wf>
         <wf lemma="箇所" pos="X">箇所</wf>
         <wf lemma="あっ" pos="X">あっ</wf>
         <wf lemma="た" pos="X">た</wf>
         <wf lemma="." pos="X">.</wf>
      </sentence>
      <sentence id="d000.s2725" source="wordnet-japanese">
         <wf lemma="彼女" pos="X">彼女</wf>
         <wf lemma="を" pos="X">を</wf>
         <wf lemma="すっぽか" pos="X">すっぽか</wf>
         <wf lemma="し" pos="X">し</wf>
         <wf lemma="た" pos="X">た</wf>
         <wf lemma="ので" pos="X">ので</wf>
         <wf lemma="、" pos="X">、</wf>
         <wf lemma="彼女" pos="X">彼女</wf>
         <wf lemma="は" pos="X">は</wf>
         <wf lemma="私" pos="X">私</wf>
         <wf lemma="に対して" pos="X">に対して</wf>
         <wf lemma="怒っ" pos="X">怒っ</wf>
         <wf lemma="て" pos="X">て</wf>
         <wf lemma="いる" pos="X">いる</wf>
         <wf lemma="と" pos="X">と</wf>
         <instance id="d000.s2725.t000" lemma="思う" pos="VERB">思う</instance>
         <wf lemma="." pos="X">.</wf>
      </sentence>
      <sentence id="d000.s2726" source="wordnet-japanese">
         <instance id="d000.s2726.t000" lemma="高潔" pos="ADJ">高潔</instance>
         <wf lemma="な" pos="X">な</wf>
         <wf lemma="精神" pos="X">精神</wf>
         <wf lemma="." pos="X">.</wf>
      </sentence>
      <sentence id="d000.s2727" source="wordnet-japanese">
         <wf lemma="それ" pos="X">それ</wf>
         <wf lemma="は" pos="X">は</wf>
         <wf lemma="彼" pos="X">彼</wf>
         <wf lemma="の" pos="X">の</wf>
         <wf lemma="よい" pos="X">よい</wf>
         <instance id="d000.s2727.t000" lemma="面" pos="NOUN">面</instance>
         <wf lemma="を" pos="X">を</wf>
         <wf lemma="引き出し" pos="X">引き出し</wf>
         <wf lemma="た" pos="X">た</wf>
         <wf lemma="." pos="X">.</wf>
      </sentence>
      <sentence id="d000.s2728" source="wordnet-japanese">
         <instance id="d000.s2728.t000" lemma="結局" pos="ADV">結局</instance>
         <wf lemma="雨" pos="X">雨</wf>
         <wf lemma="が" pos="X">が</wf>
         <wf lemma="降ら" pos="X">降ら</wf>
         <wf lemma="なかっ" pos="X">なかっ</wf>
         <wf lemma="た" pos="X">た</wf>
         <wf lemma="." pos="X">.</wf>
      </sentence>
      <sentence id="d000.s2729" source="wordnet-japanese">
         <instance id="d000.s2729.t000" lemma="致命的" pos="ADJ">致命的</instance>
         <wf lemma="な" pos="X">な</wf>
         <wf lemma="一連" pos="X">一連</wf>
         <wf lemma="の" pos="X">の</wf>
         <wf lemma="出来事" pos="X">出来事</wf>
         <wf lemma="." pos="X">.</wf>
      </sentence>
      <sentence id="d000.s2730" source="wordnet-japanese">
         <wf lemma="彼" pos="X">彼</wf>
         <wf lemma="の" pos="X">の</wf>
         <instance id="d000.s2730.t000" lemma="率直" pos="ADJ">率直</instance>
         <wf lemma="な" pos="X">な</wf>
         <wf lemma="目" pos="X">目</wf>
         <wf lemma="." pos="X">.</wf>
      </sentence>
      <sentence id="d000.s2731" source="wordnet-japanese">
         <wf lemma="それ" pos="X">それ</wf>
         <wf lemma="は" pos="X">は</wf>
         <wf lemma="短く" pos="X">短く</wf>
         <wf lemma="て" pos="X">て</wf>
         <wf lemma="情熱的" pos="X">情熱的</wf>
         <wf lemma="な" pos="X">な</wf>
         <instance id="d000.s2731.t000" lemma="求愛" pos="NOUN">求愛</instance>
         <wf lemma="行動" pos="X">行動</wf>
         <wf lemma="だっ" pos="X">だっ</wf>
         <wf lemma="た" pos="X">た</wf>
         <wf lemma="." pos="X">.</wf>
      </sentence>
      <sentence id="d000.s2732" source="wordnet-japanese">
         <instance id="d000.s2732.t000" lemma="判決" pos="NOUN">判決</instance>
         <wf lemma="は" pos="X">は</wf>
         <wf lemma="普通" pos="X">普通</wf>
         <wf lemma="1" pos="X">1</wf>
         <wf lemma="人" pos="X">人</wf>
         <wf lemma="の" pos="X">の</wf>
         <wf lemma="裁判官" pos="X">裁判官</wf>
         <wf lemma="によって" pos="X">によって</wf>
         <wf lemma="書か" pos="X">書か</wf>
         <wf lemma="れる" pos="X">れる</wf>
         <wf lemma="." pos="X">.</wf>
      </sentence>
      <sentence id="d000.s2733" source="wordnet-japanese">
         <instance id="d000.s2733.t000" lemma="不機嫌" pos="ADJ">不機嫌</instance>
         <wf lemma="で" pos="X">で</wf>
         <wf lemma="、" pos="X">、</wf>
         <wf lemma="絶望的" pos="X">絶望的</wf>
         <wf lemma="に" pos="X">に</wf>
         <wf lemma="肩" pos="X">肩</wf>
         <wf lemma="を" pos="X">を</wf>
         <wf lemma="すくめる" pos="X">すくめる</wf>
         <wf lemma="." pos="X">.</wf>
      </sentence>
      <sentence id="d000.s2734" source="wordnet-japanese">
         <wf lemma="枝" pos="X">枝</wf>
         <wf lemma="は" pos="X">は</wf>
         <wf lemma="、" pos="X">、</wf>
         <wf lemma="屋根" pos="X">屋根</wf>
         <wf lemma="を" pos="X">を</wf>
         <instance id="d000.s2734.t000" lemma="作る" pos="VERB">作っ</instance>
         <wf lemma="た" pos="X">た</wf>
         <wf lemma="." pos="X">.</wf>
      </sentence>
      <sentence id="d000.s2735" source="wordnet-japanese">
         <wf lemma="太陽" pos="X">太陽</wf>
         <wf lemma="が" pos="X">が</wf>
         <wf lemma="昇る" pos="X">昇る</wf>
         <wf lemma="と" pos="X">と</wf>
         <wf lemma="すぐ" pos="X">すぐ</wf>
         <wf lemma="に" pos="X">に</wf>
         <wf lemma="働き" pos="X">働き</wf>
         <instance id="d000.s2735.t000" lemma="始める" pos="VERB">始め</instance>
         <wf lemma="て" pos="X">て</wf>
         <wf lemma="ください" pos="X">ください</wf>
         <wf lemma="！" pos="X">！</wf>
         <wf lemma="." pos="X">.</wf>
      </sentence>
      <sentence id="d000.s2736" source="wordnet-japanese">
         <instance id="d000.s2736.t000" lemma="遠い" pos="ADJ">遠い</instance>
         <wf lemma="未来" pos="X">未来</wf>
         <wf lemma="." pos="X">.</wf>
      </sentence>
      <sentence id="d000.s2737" source="wordnet-japanese">
         <wf lemma="彼女" pos="X">彼女</wf>
         <wf lemma="は" pos="X">は</wf>
         <wf lemma="、" pos="X">、</wf>
         <wf lemma="彼" pos="X">彼</wf>
         <wf lemma="の" pos="X">の</wf>
         <wf lemma="提案" pos="X">提案</wf>
         <wf lemma="を" pos="X">を</wf>
         <wf lemma="彼女" pos="X">彼女</wf>
         <wf lemma="の" pos="X">の</wf>
         <wf lemma="企画案" pos="X">企画案</wf>
         <wf lemma="に" pos="X">に</wf>
         <instance id="d000.s2737.t000" lemma="取り込む" pos="VERB">取り込ん</instance>
         <wf lemma="だ" pos="X">だ</wf>
         <wf lemma="." pos="X">.</wf>
      </sentence>
      <sentence id="d000.s2738" source="wordnet-japanese">
         <instance id="d000.s2738.t000" lemma="地球" pos="NOUN">地球</instance>
         <wf lemma="は" pos="X">は</wf>
         <wf lemma="太陽" pos="X">太陽</wf>
         <wf lemma="の" pos="X">の</wf>
         <wf lemma="周り" pos="X">周り</wf>
         <wf lemma="を" pos="X">を</wf>
         <wf lemma="回っ" pos="X">回っ</wf>
         <wf lemma="て" pos="X">て</wf>
         <wf lemma="いる" pos="X">いる</wf>
         <wf lemma="." pos="X">.</wf>
      </sentence>
      <sentence id="d000.s2739" source="wordnet-japanese">
         <wf lemma="彼ら" pos="X">彼ら</wf>
         <wf lemma="は" pos="X">は</wf>
         <wf lemma="騒音" pos="X">騒音</wf>
         <wf lemma="レベル" pos="X">レベル</wf>
         <wf lemma="の" pos="X">の</wf>
         <instance id="d000.s2739.t000" lemma="比較" pos="NOUN">比較</instance>
         <wf lemma="を" pos="X">を</wf>
         <wf lemma="し" pos="X">し</wf>
         <wf lemma="た" pos="X">た</wf>
         <wf lemma="." pos="X">.</wf>
      </sentence>
      <sentence id="d000.s2740" source="wordnet-japanese">
         <wf lemma="彼女" pos="X">彼女</wf>
         <wf lemma="は" pos="X">は</wf>
         <wf lemma="、" pos="X">、</wf>
         <wf lemma="午後" pos="X">午後</wf>
         <wf lemma="8" pos="X">8</wf>
         <wf lemma="時" pos="X">時</wf>
         <wf lemma="に" pos="X">に</wf>
         <wf lemma="スープ" pos="X">スープ</wf>
         <wf lemma="を" pos="X">を</wf>
         <instance id="d000.s2740.t000" lemma="出す" pos="VERB">出し</instance>
         <wf lemma="た" pos="X">た</wf>
         <wf lemma="." pos="X">.</wf>
      </sentence>
      <sentence id="d000.s2741" source="wordnet-japanese">
         <instance id="d000.s2741.t000" lemma="空白" pos="ADJ">空白</instance>
         <wf lemma="の" pos="X">の</wf>
         <wf lemma="ページ" pos="X">ページ</wf>
         <wf lemma="." pos="X">.</wf>
      </sentence>
      <sentence id="d000.s2742" source="wordnet-japanese">
         <wf lemma="彼ら" pos="X">彼ら</wf>
         <wf lemma="は" pos="X">は</wf>
         <wf lemma="新しい" pos="X">新しい</wf>
         <wf lemma="ペット" pos="X">ペット</wf>
         <wf lemma="を" pos="X">を</wf>
         <instance id="d000.s2742.t000" lemma="得る" pos="VERB">得</instance>
         <wf lemma="た" pos="X">た</wf>
         <wf lemma="." pos="X">.</wf>
      </sentence>
      <sentence id="d000.s2743" source="wordnet-japanese">
         <wf lemma="その" pos="X">その</wf>
         <wf lemma="枝" pos="X">枝</wf>
         <wf lemma="が" pos="X">が</wf>
         <wf lemma="私" pos="X">私</wf>
         <wf lemma="の" pos="X">の</wf>
         <wf lemma="車" pos="X">車</wf>
         <wf lemma="に" pos="X">に</wf>
         <instance id="d000.s2743.t000" lemma="落ちる" pos="VERB">落ち</instance>
         <wf lemma="て" pos="X">て</wf>
         <wf lemma="き" pos="X">き</wf>
         <wf lemma="た" pos="X">た</wf>
         <wf lemma="." pos="X">.</wf>
      </sentence>
      <sentence id="d000.s2744" source="wordnet-japanese">
         <wf lemma="彼" pos="X">彼</wf>
         <wf lemma="は" pos="X">は</wf>
         <wf lemma="うねった" pos="X">うねった</wf>
         <wf lemma="丘" pos="X">丘</wf>
         <wf lemma="を" pos="X">を</wf>
         <instance id="d000.s2744.t000" lemma="背景" pos="NOUN">背景</instance>
         <wf lemma="に" pos="X">に</wf>
         <wf lemma="彼女" pos="X">彼女</wf>
         <wf lemma="を" pos="X">を</wf>
         <wf lemma="立たせ" pos="X">立たせ</wf>
         <wf lemma="た" pos="X">た</wf>
         <wf lemma="." pos="X">.</wf>
      </sentence>
      <sentence id="d000.s2745" source="wordnet-japanese">
         <wf lemma="もう" pos="X">もう</wf>
         <wf lemma="子供" pos="X">子供</wf>
         <wf lemma="じみ" pos="X">じみ</wf>
         <wf lemma="た" pos="X">た</wf>
         <wf lemma="物" pos="X">物</wf>
         <wf lemma="を" pos="X">を</wf>
         <instance id="d000.s2745.t000" lemma="片付ける" pos="VERB">片付ける</instance>
         <wf lemma="とき" pos="X">とき</wf>
         <wf lemma="だ" pos="X">だ</wf>
         <wf lemma="." pos="X">.</wf>
      </sentence>
      <sentence id="d000.s2746" source="wordnet-japanese">
         <instance id="d000.s2746.t000" lemma="新しい" pos="ADJ">新しい</instance>
         <wf lemma="シャツ" pos="X">シャツ</wf>
         <wf lemma="." pos="X">.</wf>
      </sentence>
      <sentence id="d000.s2747" source="wordnet-japanese">
         <wf lemma="天気" pos="X">天気</wf>
         <wf lemma="は" pos="X">は</wf>
         <instance id="d000.s2747.t000" lemma="不安定" pos="ADJ">不安定</instance>
         <wf lemma="である" pos="X">である</wf>
         <wf lemma="." pos="X">.</wf>
      </sentence>
      <sentence id="d000.s2748" source="wordnet-japanese">
         <wf lemma="判断" pos="X">判断</wf>
         <wf lemma="に" pos="X">に</wf>
         <wf lemma="影響" pos="X">影響</wf>
         <wf lemma="を" pos="X">を</wf>
         <wf lemma="及ぼ" pos="X">及ぼ</wf>
         <wf lemma="し" pos="X">し</wf>
         <wf lemma="そうな" pos="X">そうな</wf>
         <wf lemma="事実" pos="X">事実</wf>
         <wf lemma="は" pos="X">は</wf>
         <instance id="d000.s2748.t000" lemma="重要" pos="ADJ">重要</instance>
         <wf lemma="事実" pos="X">事実</wf>
         <wf lemma="と" pos="X">と</wf>
         <wf lemma="呼ば" pos="X">呼ば</wf>
         <wf lemma="れる" pos="X">れる</wf>
         <wf lemma="." pos="X">.</wf>
      </sentence>
      <sentence id="d000.s2749" source="wordnet-japanese">
         <wf lemma="彼" pos="X">彼</wf>
         <wf lemma="は" pos="X">は</wf>
         <wf lemma="、" pos="X">、</wf>
         <wf lemma="DNA" pos="X">DNA</wf>
         <wf lemma="の" pos="X">の</wf>
         <wf lemma="塩" pos="X">塩</wf>
         <wf lemma="基対" pos="X">基対</wf>
         <wf lemma="の" pos="X">の</wf>
         <instance id="d000.s2749.t000" lemma="配列" pos="NOUN">配列</instance>
         <wf lemma="を" pos="X">を</wf>
         <wf lemma="決める" pos="X">決める</wf>
         <wf lemma="技術" pos="X">技術</wf>
         <wf lemma="を" pos="X">を</wf>
         <wf lemma="発明" pos="X">発明</wf>
         <wf lemma="し" pos="X">し</wf>
         <wf lemma="た" pos="X">た</wf>
         <wf lemma="." pos="X">.</wf>
      </sentence>
      <sentence id="d000.s2750" source="wordnet-japanese">
         <wf lemma="窓" pos="X">窓</wf>
         <wf lemma="を" pos="X">を</wf>
         <instance id="d000.s2750.t000" lemma="飾る" pos="VERB">飾る</instance>
         <wf lemma="." pos="X">.</wf>
      </sentence>
      <sentence id="d000.s2751" source="wordnet-japanese">
         <wf lemma="私" pos="X">私</wf>
         <wf lemma="は" pos="X">は</wf>
         <wf lemma="「" pos="X">「</wf>
         <wf lemma="クリスマス" pos="X">クリスマス</wf>
         <wf lemma="キャロル" pos="X">キャロル</wf>
         <wf lemma="」" pos="X">」</wf>
         <wf lemma="で" pos="X">で</wf>
         <instance id="d000.s2751.t000" lemma="演じる" pos="VERB">演じ</instance>
         <wf lemma="た" pos="X">た</wf>
         <wf lemma="." pos="X">.</wf>
      </sentence>
      <sentence id="d000.s2752" source="wordnet-japanese">
         <wf lemma="兵士" pos="X">兵士</wf>
         <wf lemma="の" pos="X">の</wf>
         <wf lemma="ほとんど" pos="X">ほとんど</wf>
         <wf lemma="は" pos="X">は</wf>
         <wf lemma="制服" pos="X">制服</wf>
         <wf lemma="を" pos="X">を</wf>
         <wf lemma="着" pos="X">着</wf>
         <wf lemma="た" pos="X">た</wf>
         <wf lemma="ほん" pos="X">ほん</wf>
         <wf lemma="の" pos="X">の</wf>
         <instance id="d000.s2752.t000" lemma="少年" pos="NOUN">少年</instance>
         <wf lemma="だ" pos="X">だ</wf>
         <wf lemma="." pos="X">.</wf>
      </sentence>
      <sentence id="d000.s2753" source="wordnet-japanese">
         <wf lemma="結果" pos="X">結果</wf>
         <wf lemma="が" pos="X">が</wf>
         <instance id="d000.s2753.t000" lemma="検索" pos="NOUN">検索</instance>
         <wf lemma="を" pos="X">を</wf>
         <wf lemma="正当化" pos="X">正当化</wf>
         <wf lemma="し" pos="X">し</wf>
         <wf lemma="た" pos="X">た</wf>
         <wf lemma="." pos="X">.</wf>
      </sentence>
      <sentence id="d000.s2754" source="wordnet-japanese">
         <wf lemma="彼" pos="X">彼</wf>
         <wf lemma="に" pos="X">に</wf>
         <wf lemma="は" pos="X">は</wf>
         <instance id="d000.s2754.t000" lemma="欠点" pos="NOUN">欠点</instance>
         <wf lemma="が" pos="X">が</wf>
         <wf lemma="あっ" pos="X">あっ</wf>
         <wf lemma="た" pos="X">た</wf>
         <wf lemma="が" pos="X">が</wf>
         <wf lemma="、" pos="X">、</wf>
         <wf lemma="それ" pos="X">それ</wf>
         <wf lemma="に" pos="X">に</wf>
         <wf lemma="も" pos="X">も</wf>
         <wf lemma="かかわら" pos="X">かかわら</wf>
         <wf lemma="ず" pos="X">ず</wf>
         <wf lemma="、" pos="X">、</wf>
         <wf lemma="彼" pos="X">彼</wf>
         <wf lemma="は" pos="X">は</wf>
         <wf lemma="偉大" pos="X">偉大</wf>
         <wf lemma="だっ" pos="X">だっ</wf>
         <wf lemma="た" pos="X">た</wf>
         <wf lemma="." pos="X">.</wf>
      </sentence>
      <sentence id="d000.s2755" source="wordnet-japanese">
         <instance id="d000.s2755.t000" lemma="簡潔" pos="ADJ">簡潔</instance>
         <wf lemma="な" pos="X">な</wf>
         <wf lemma="声明" pos="X">声明</wf>
         <wf lemma="で" pos="X">で</wf>
         <wf lemma="問題" pos="X">問題</wf>
         <wf lemma="に" pos="X">に</wf>
         <wf lemma="蓋" pos="X">蓋</wf>
         <wf lemma="を" pos="X">を</wf>
         <wf lemma="し" pos="X">し</wf>
         <wf lemma="た" pos="X">た</wf>
         <wf lemma="." pos="X">.</wf>
      </sentence>
      <sentence id="d000.s2756" source="wordnet-japanese">
         <wf lemma="彼" pos="X">彼</wf>
         <wf lemma="は" pos="X">は</wf>
         <wf lemma="今" pos="X">今</wf>
         <wf lemma="の" pos="X">の</wf>
         <wf lemma="快適" pos="X">快適</wf>
         <wf lemma="な" pos="X">な</wf>
         <instance id="d000.s2756.t000" lemma="環境" pos="NOUN">環境</instance>
         <wf lemma="に" pos="X">に</wf>
         <wf lemma="あこがれ" pos="X">あこがれ</wf>
         <wf lemma="て" pos="X">て</wf>
         <wf lemma="い" pos="X">い</wf>
         <wf lemma="た" pos="X">た</wf>
         <wf lemma="." pos="X">.</wf>
      </sentence>
      <sentence id="d000.s2757" source="wordnet-japanese">
         <wf lemma="このよう" pos="X">このよう</wf>
         <wf lemma="な" pos="X">な</wf>
         <instance id="d000.s2757.t000" lemma="現代" pos="NOUN">現代</instance>
         <wf lemma="に" pos="X">に</wf>
         <wf lemma="." pos="X">.</wf>
      </sentence>
      <sentence id="d000.s2758" source="wordnet-japanese">
         <instance id="d000.s2758.t000" lemma="堅実" pos="ADJ">堅実</instance>
         <wf lemma="で" pos="X">で</wf>
         <wf lemma="家庭的" pos="X">家庭的</wf>
         <wf lemma="な" pos="X">な</wf>
         <wf lemma="男." pos="X">男.</wf>
      </sentence>
      <sentence id="d000.s2759" source="wordnet-japanese">
         <wf lemma="彼" pos="X">彼</wf>
         <wf lemma="は" pos="X">は</wf>
         <wf lemma="、" pos="X">、</wf>
         <wf lemma="ボール" pos="X">ボール</wf>
         <wf lemma="に" pos="X">に</wf>
         <wf lemma="猛烈" pos="X">猛烈</wf>
         <wf lemma="な" pos="X">な</wf>
         <instance id="d000.s2759.t000" lemma="カット" pos="NOUN">カット</instance>
         <wf lemma="を" pos="X">を</wf>
         <wf lemma="し" pos="X">し</wf>
         <wf lemma="た" pos="X">た</wf>
         <wf lemma="." pos="X">.</wf>
      </sentence>
      <sentence id="d000.s2760" source="wordnet-japanese">
         <wf lemma="肺" pos="X">肺</wf>
         <wf lemma="動脈" pos="X">動脈</wf>
         <wf lemma="に" pos="X">に</wf>
         <wf lemma="圧力" pos="X">圧力</wf>
         <wf lemma="の" pos="X">の</wf>
         <instance id="d000.s2760.t000" lemma="低下" pos="NOUN">低下</instance>
         <wf lemma="が" pos="X">が</wf>
         <wf lemma="あっ" pos="X">あっ</wf>
         <wf lemma="た" pos="X">た</wf>
         <wf lemma="." pos="X">.</wf>
      </sentence>
      <sentence id="d000.s2761" source="wordnet-japanese">
         <wf lemma="車" pos="X">車</wf>
         <wf lemma="は" pos="X">は</wf>
         <wf lemma="まだ" pos="X">まだ</wf>
         <instance id="d000.s2761.t000" lemma="動く" pos="VERB">動い</instance>
         <wf lemma="て" pos="X">て</wf>
         <wf lemma="いる" pos="X">いる</wf>
         <wf lemma="−" pos="X">−</wf>
         <wf lemma="−" pos="X">−</wf>
         <wf lemma="それ" pos="X">それ</wf>
         <wf lemma="を" pos="X">を</wf>
         <wf lemma="消し" pos="X">消し</wf>
         <wf lemma="なさい" pos="X">なさい</wf>
         <wf lemma="！" pos="X">！</wf>
         <wf lemma="." pos="X">.</wf>
      </sentence>
      <sentence id="d000.s2762" source="wordnet-japanese">
         <instance id="d000.s2762.t000" lemma="気だるい" pos="ADJ">気だるい</instance>
         <wf lemma="気分" pos="X">気分</wf>
         <wf lemma="." pos="X">.</wf>
      </sentence>
      <sentence id="d000.s2763" source="wordnet-japanese">
         <wf lemma="彼女" pos="X">彼女</wf>
         <wf lemma="は" pos="X">は</wf>
         <wf lemma="ボス" pos="X">ボス</wf>
         <wf lemma="を" pos="X">を</wf>
         <instance id="d000.s2763.t000" lemma="操る" pos="VERB">操る</instance>
         <wf lemma="." pos="X">.</wf>
      </sentence>
      <sentence id="d000.s2764" source="wordnet-japanese">
         <instance id="d000.s2764.t000" lemma="重い" pos="ADJ">重い</instance>
         <wf lemma="男性" pos="X">男性</wf>
         <wf lemma="." pos="X">.</wf>
      </sentence>
      <sentence id="d000.s2765" source="wordnet-japanese">
         <wf lemma="酒類" pos="X">酒類</wf>
         <wf lemma="販売" pos="X">販売</wf>
         <wf lemma="修正法" pos="X">修正法</wf>
         <wf lemma="が" pos="X">が</wf>
         <instance id="d000.s2765.t000" lemma="密売" pos="NOUN">密売</instance>
         <wf lemma="を" pos="X">を</wf>
         <wf lemma="利益" pos="X">利益</wf>
         <wf lemma="の" pos="X">の</wf>
         <wf lemma="上がる" pos="X">上がる</wf>
         <wf lemma="行為" pos="X">行為</wf>
         <wf lemma="に" pos="X">に</wf>
         <wf lemma="し" pos="X">し</wf>
         <wf lemma="た" pos="X">た</wf>
         <wf lemma="." pos="X">.</wf>
      </sentence>
      <sentence id="d000.s2766" source="wordnet-japanese">
         <wf lemma="彼" pos="X">彼</wf>
         <wf lemma="が" pos="X">が</wf>
         <wf lemma="彼女" pos="X">彼女</wf>
         <wf lemma="に" pos="X">に</wf>
         <wf lemma="会っ" pos="X">会っ</wf>
         <wf lemma="て" pos="X">て</wf>
         <instance id="d000.s2766.t000" lemma="大喜び" pos="NOUN">大喜び</instance>
         <wf lemma="な" pos="X">な</wf>
         <wf lemma="の" pos="X">の</wf>
         <wf lemma="は" pos="X">は</wf>
         <wf lemma="誰" pos="X">誰</wf>
         <wf lemma="の" pos="X">の</wf>
         <wf lemma="目" pos="X">目</wf>
         <wf lemma="に" pos="X">に</wf>
         <wf lemma="も" pos="X">も</wf>
         <wf lemma="明らか" pos="X">明らか</wf>
         <wf lemma="だっ" pos="X">だっ</wf>
         <wf lemma="た" pos="X">た</wf>
         <wf lemma="." pos="X">.</wf>
      </sentence>
      <sentence id="d000.s2767" source="wordnet-japanese">
         <instance id="d000.s2767.t000" lemma="低気圧" pos="NOUN">低気圧</instance>
         <wf lemma="が" pos="X">が</wf>
         <wf lemma="夜中" pos="X">夜中</wf>
         <wf lemma="に" pos="X">に</wf>
         <wf lemma="やっ" pos="X">やっ</wf>
         <wf lemma="て" pos="X">て</wf>
         <wf lemma="き" pos="X">き</wf>
         <wf lemma="て" pos="X">て</wf>
         <wf lemma="、" pos="X">、</wf>
         <wf lemma="みぞれ" pos="X">みぞれ</wf>
         <wf lemma="と" pos="X">と</wf>
         <wf lemma="雪" pos="X">雪</wf>
         <wf lemma="を" pos="X">を</wf>
         <wf lemma="運ん" pos="X">運ん</wf>
         <wf lemma="で" pos="X">で</wf>
         <wf lemma="き" pos="X">き</wf>
         <wf lemma="た" pos="X">た</wf>
         <wf lemma="." pos="X">.</wf>
      </sentence>
      <sentence id="d000.s2768" source="wordnet-japanese">
         <wf lemma="熱" pos="X">熱</wf>
         <wf lemma="が" pos="X">が</wf>
         <wf lemma="彼" pos="X">彼</wf>
         <wf lemma="の" pos="X">の</wf>
         <wf lemma="体力" pos="X">体力</wf>
         <wf lemma="を" pos="X">を</wf>
         <instance id="d000.s2768.t000" lemma="弱める" pos="VERB">弱め</instance>
         <wf lemma="た" pos="X">た</wf>
         <wf lemma="." pos="X">.</wf>
      </sentence>
      <sentence id="d000.s2769" source="wordnet-japanese">
         <instance id="d000.s2769.t000" lemma="観光" pos="NOUN">観光</instance>
         <wf lemma="は" pos="X">は</wf>
         <wf lemma="バーミューダ" pos="X">バーミューダ</wf>
         <wf lemma="で" pos="X">で</wf>
         <wf lemma="は" pos="X">は</wf>
         <wf lemma="重要" pos="X">重要</wf>
         <wf lemma="な" pos="X">な</wf>
         <wf lemma="事業" pos="X">事業</wf>
         <wf lemma="だ" pos="X">だ</wf>
         <wf lemma="." pos="X">.</wf>
      </sentence>
      <sentence id="d000.s2770" source="wordnet-japanese">
         <wf lemma="彼女" pos="X">彼女</wf>
         <wf lemma="の" pos="X">の</wf>
         <wf lemma="芸術的" pos="X">芸術的</wf>
         <wf lemma="な" pos="X">な</wf>
         <wf lemma="ピーク" pos="X">ピーク</wf>
         <wf lemma="の" pos="X">の</wf>
         <wf lemma="後" pos="X">後</wf>
         <wf lemma="の" pos="X">の</wf>
         <instance id="d000.s2770.t000" lemma="無駄" pos="ADJ">無駄</instance>
         <wf lemma="な" pos="X">な</wf>
         <wf lemma="年" pos="X">年</wf>
         <wf lemma="." pos="X">.</wf>
      </sentence>
      <sentence id="d000.s2771" source="wordnet-japanese">
         <wf lemma="彼ら" pos="X">彼ら</wf>
         <wf lemma="は" pos="X">は</wf>
         <wf lemma="激高" pos="X">激高</wf>
         <wf lemma="し" pos="X">し</wf>
         <wf lemma="て" pos="X">て</wf>
         <instance id="d000.s2771.t000" lemma="議論" pos="NOUN">議論</instance>
         <wf lemma="し" pos="X">し</wf>
         <wf lemma="た" pos="X">た</wf>
         <wf lemma="." pos="X">.</wf>
      </sentence>
      <sentence id="d000.s2772" source="wordnet-japanese">
         <wf lemma="彼" pos="X">彼</wf>
         <wf lemma="は" pos="X">は</wf>
         <wf lemma="積極的" pos="X">積極的</wf>
         <wf lemma="に" pos="X">に</wf>
         <instance id="d000.s2772.t000" lemma="賛成" pos="NOUN">賛成</instance>
         <wf lemma="し" pos="X">し</wf>
         <wf lemma="た" pos="X">た</wf>
         <wf lemma="." pos="X">.</wf>
      </sentence>
      <sentence id="d000.s2773" source="wordnet-japanese">
         <instance id="d000.s2773.t000" lemma="無限" pos="ADJ">無限</instance>
         <wf lemma="の" pos="X">の</wf>
         <wf lemma="鎖" pos="X">鎖</wf>
         <wf lemma="." pos="X">.</wf>
      </sentence>
      <sentence id="d000.s2774" source="wordnet-japanese">
         <instance id="d000.s2774.t000" lemma="非社交的" pos="ADJ">非社交的</instance>
         <wf lemma="な" pos="X">な</wf>
         <wf lemma="気質" pos="X">気質</wf>
         <wf lemma="…" pos="X">…</wf>
         <wf lemma="内気" pos="X">内気</wf>
         <wf lemma="で" pos="X">で</wf>
         <wf lemma="控えめ" pos="X">控えめ</wf>
         <wf lemma="な." pos="X">な.</wf>
      </sentence>
      <sentence id="d000.s2775" source="wordnet-japanese">
         <wf lemma="彼女" pos="X">彼女</wf>
         <wf lemma="は" pos="X">は</wf>
         <wf lemma="低い" pos="X">低い</wf>
         <instance id="d000.s2775.t000" lemma="スペード" pos="NOUN">スペード</instance>
         <wf lemma="を" pos="X">を</wf>
         <wf lemma="出し" pos="X">出し</wf>
         <wf lemma="た" pos="X">た</wf>
         <wf lemma="." pos="X">.</wf>
      </sentence>
      <sentence id="d000.s2776" source="wordnet-japanese">
         <wf lemma="金庫" pos="X">金庫</wf>
         <wf lemma="を" pos="X">を</wf>
         <instance id="d000.s2776.t000" lemma="破る" pos="VERB">破る</instance>
         <wf lemma="." pos="X">.</wf>
      </sentence>
      <sentence id="d000.s2777" source="wordnet-japanese">
         <wf lemma="キングコブラ" pos="X">キングコブラ</wf>
         <wf lemma="は" pos="X">は</wf>
         <wf lemma="、" pos="X">、</wf>
         <instance id="d000.s2777.t000" lemma="最も" pos="ADV">最も</instance>
         <wf lemma="危険" pos="X">危険</wf>
         <wf lemma="な" pos="X">な</wf>
         <wf lemma="ヘビ" pos="X">ヘビ</wf>
         <wf lemma="である" pos="X">である</wf>
         <wf lemma="." pos="X">.</wf>
      </sentence>
      <sentence id="d000.s2778" source="wordnet-japanese">
         <wf lemma="雨" pos="X">雨</wf>
         <wf lemma="が" pos="X">が</wf>
         <wf lemma="ようやく" pos="X">ようやく</wf>
         <wf lemma="止む" pos="X">止む</wf>
         <wf lemma="まで" pos="X">まで</wf>
         <wf lemma="は" pos="X">は</wf>
         <wf lemma="、" pos="X">、</wf>
         <wf lemma="農家" pos="X">農家</wf>
         <wf lemma="の" pos="X">の</wf>
         <wf lemma="人" pos="X">人</wf>
         <wf lemma="たち" pos="X">たち</wf>
         <wf lemma="は" pos="X">は</wf>
         <wf lemma="、" pos="X">、</wf>
         <instance id="d000.s2778.t000" lemma="不安" pos="ADJ">不安</instance>
         <wf lemma="だっ" pos="X">だっ</wf>
         <wf lemma="た" pos="X">た</wf>
         <wf lemma="." pos="X">.</wf>
      </sentence>
      <sentence id="d000.s2779" source="wordnet-japanese">
         <instance id="d000.s2779.t000" lemma="父性" pos="NOUN">父性</instance>
         <wf lemma="を" pos="X">を</wf>
         <wf lemma="決める" pos="X">決める</wf>
         <wf lemma="ため" pos="X">ため</wf>
         <wf lemma="に" pos="X">に</wf>
         <wf lemma="、" pos="X">、</wf>
         <wf lemma="テスト" pos="X">テスト</wf>
         <wf lemma="が" pos="X">が</wf>
         <wf lemma="行わ" pos="X">行わ</wf>
         <wf lemma="れ" pos="X">れ</wf>
         <wf lemma="た" pos="X">た</wf>
         <wf lemma="." pos="X">.</wf>
      </sentence>
      <sentence id="d000.s2780" source="wordnet-japanese">
         <wf lemma="表面" pos="X">表面</wf>
         <wf lemma="に" pos="X">に</wf>
         <instance id="d000.s2780.t000" lemma="泡立つ" pos="VERB">泡立つ</instance>
         <wf lemma="." pos="X">.</wf>
      </sentence>
      <sentence id="d000.s2781" source="wordnet-japanese">
         <wf lemma="この" pos="X">この</wf>
         <wf lemma="プロジェクト" pos="X">プロジェクト</wf>
         <wf lemma="は" pos="X">は</wf>
         <wf lemma="彼" pos="X">彼</wf>
         <wf lemma="の" pos="X">の</wf>
         <instance id="d000.s2781.t000" lemma="赤子" pos="NOUN">赤子</instance>
         <wf lemma="の" pos="X">の</wf>
         <wf lemma="ような" pos="X">ような</wf>
         <wf lemma="もの" pos="X">もの</wf>
         <wf lemma="だ" pos="X">だ</wf>
         <wf lemma="." pos="X">.</wf>
      </sentence>
      <sentence id="d000.s2782" source="wordnet-japanese">
         <wf lemma="彼" pos="X">彼</wf>
         <wf lemma="が" pos="X">が</wf>
         <wf lemma="素晴" pos="X">素晴</wf>
         <wf lemma="らしい" pos="X">らしい</wf>
         <instance id="d000.s2782.t000" lemma="オーラルセックス" pos="NOUN">オーラルセックス</instance>
         <wf lemma="を" pos="X">を</wf>
         <wf lemma="する" pos="X">する</wf>
         <wf lemma="と" pos="X">と</wf>
         <wf lemma="彼ら" pos="X">彼ら</wf>
         <wf lemma="は" pos="X">は</wf>
         <wf lemma="言う" pos="X">言う</wf>
         <wf lemma="." pos="X">.</wf>
      </sentence>
      <sentence id="d000.s2783" source="wordnet-japanese">
         <wf lemma="子羊" pos="X">子羊</wf>
         <wf lemma="から" pos="X">から</wf>
         <wf lemma="羊毛" pos="X">羊毛</wf>
         <wf lemma="を" pos="X">を</wf>
         <instance id="d000.s2783.t000" lemma="刈る" pos="VERB">刈る</instance>
         <wf lemma="." pos="X">.</wf>
      </sentence>
      <sentence id="d000.s2784" source="wordnet-japanese">
         <wf lemma="陶器" pos="X">陶器</wf>
         <wf lemma="を" pos="X">を</wf>
         <instance id="d000.s2784.t000" lemma="焼く" pos="VERB">焼く</instance>
         <wf lemma="." pos="X">.</wf>
      </sentence>
      <sentence id="d000.s2785" source="wordnet-japanese">
         <wf lemma="その" pos="X">その</wf>
         <wf lemma="事故" pos="X">事故</wf>
         <wf lemma="で" pos="X">で</wf>
         <instance id="d000.s2785.t000" lemma="ロータリー" pos="NOUN">ロータリー</instance>
         <wf lemma="の" pos="X">の</wf>
         <wf lemma="交通" pos="X">交通</wf>
         <wf lemma="が" pos="X">が</wf>
         <wf lemma="完全" pos="X">完全</wf>
         <wf lemma="に" pos="X">に</wf>
         <wf lemma="ストップ" pos="X">ストップ</wf>
         <wf lemma="し" pos="X">し</wf>
         <wf lemma="た" pos="X">た</wf>
         <wf lemma="." pos="X">.</wf>
      </sentence>
      <sentence id="d000.s2786" source="wordnet-japanese">
         <instance id="d000.s2786.t000" lemma="明白" pos="ADJ">明白</instance>
         <wf lemma="かつ" pos="X">かつ</wf>
         <wf lemma="眼前" pos="X">眼前</wf>
         <wf lemma="の" pos="X">の</wf>
         <wf lemma="危機" pos="X">危機</wf>
         <wf lemma="." pos="X">.</wf>
      </sentence>
      <sentence id="d000.s2787" source="wordnet-japanese">
         <instance id="d000.s2787.t000" lemma="まずい" pos="ADJ">まずい</instance>
         <wf lemma="弁解" pos="X">弁解</wf>
         <wf lemma="." pos="X">.</wf>
      </sentence>
      <sentence id="d000.s2788" source="wordnet-japanese">
         <wf lemma="彼ら" pos="X">彼ら</wf>
         <wf lemma="は" pos="X">は</wf>
         <wf lemma="何" pos="X">何</wf>
         <wf lemma="週間" pos="X">週間</wf>
         <wf lemma="以上" pos="X">以上</wf>
         <wf lemma="も" pos="X">も</wf>
         <wf lemma="家畜" pos="X">家畜</wf>
         <wf lemma="の" pos="X">の</wf>
         <wf lemma="体重" pos="X">体重</wf>
         <wf lemma="の" pos="X">の</wf>
         <instance id="d000.s2788.t000" lemma="増加" pos="NOUN">増加</instance>
         <wf lemma="を" pos="X">を</wf>
         <wf lemma="記録" pos="X">記録</wf>
         <wf lemma="し" pos="X">し</wf>
         <wf lemma="た" pos="X">た</wf>
         <wf lemma="." pos="X">.</wf>
      </sentence>
      <sentence id="d000.s2789" source="wordnet-japanese">
         <wf lemma="BBC" pos="X">BBC</wf>
         <wf lemma="の" pos="X">の</wf>
         <wf lemma="技術" pos="X">技術</wf>
         <instance id="d000.s2789.t000" lemma="部署" pos="NOUN">部署</instance>
         <wf lemma="." pos="X">.</wf>
      </sentence>
      <sentence id="d000.s2790" source="wordnet-japanese">
         <instance id="d000.s2790.t000" lemma="頂上" pos="NOUN">頂上</instance>
         <wf lemma="から" pos="X">から</wf>
         <wf lemma="の" pos="X">の</wf>
         <wf lemma="景色" pos="X">景色</wf>
         <wf lemma="は" pos="X">は</wf>
         <wf lemma="すばらしい" pos="X">すばらしい</wf>
         <wf lemma="." pos="X">.</wf>
      </sentence>
      <sentence id="d000.s2791" source="wordnet-japanese">
         <wf lemma="ハンマー" pos="X">ハンマー</wf>
         <wf lemma="の" pos="X">の</wf>
         <instance id="d000.s2791.t000" lemma="頭部" pos="NOUN">頭部</instance>
         <wf lemma="." pos="X">.</wf>
      </sentence>
      <sentence id="d000.s2792" source="wordnet-japanese">
         <wf lemma="公的" pos="X">公的</wf>
         <wf lemma="資金" pos="X">資金</wf>
         <wf lemma="の" pos="X">の</wf>
         <instance id="d000.s2792.t000" lemma="乱用" pos="NOUN">乱用</instance>
         <wf lemma="." pos="X">.</wf>
      </sentence>
      <sentence id="d000.s2793" source="wordnet-japanese">
         <wf lemma="この" pos="X">この</wf>
         <wf lemma="男性" pos="X">男性</wf>
         <wf lemma="は" pos="X">は</wf>
         <wf lemma="、" pos="X">、</wf>
         <wf lemma="常に" pos="X">常に</wf>
         <wf lemma="ためらっ" pos="X">ためらっ</wf>
         <wf lemma="て" pos="X">て</wf>
         <wf lemma="、" pos="X">、</wf>
         <instance id="d000.s2793.t000" lemma="逃れる" pos="VERB">逃れる</instance>
         <wf lemma="." pos="X">.</wf>
      </sentence>
      <sentence id="d000.s2794" source="wordnet-japanese">
         <wf lemma="政治家" pos="X">政治家</wf>
         <wf lemma="は" pos="X">は</wf>
         <wf lemma="実際" pos="X">実際</wf>
         <wf lemma="の" pos="X">の</wf>
         <instance id="d000.s2794.t000" lemma="問題" pos="NOUN">問題</instance>
         <wf lemma="について" pos="X">について</wf>
         <wf lemma="決して" pos="X">決して</wf>
         <wf lemma="議論" pos="X">議論</wf>
         <wf lemma="し" pos="X">し</wf>
         <wf lemma="ない" pos="X">ない</wf>
         <wf lemma="." pos="X">.</wf>
      </sentence>
      <sentence id="d000.s2795" source="wordnet-japanese">
         <instance id="d000.s2795.t000" lemma="広い" pos="ADJ">広い</instance>
         <wf lemma="道" pos="X">道</wf>
         <wf lemma="." pos="X">.</wf>
      </sentence>
      <sentence id="d000.s2796" source="wordnet-japanese">
         <wf lemma="彼女" pos="X">彼女</wf>
         <wf lemma="は" pos="X">は</wf>
         <wf lemma="東" pos="X">東</wf>
         <wf lemma="海岸" pos="X">海岸</wf>
         <wf lemma="の" pos="X">の</wf>
         <wf lemma="仕事" pos="X">仕事</wf>
         <wf lemma="を" pos="X">を</wf>
         <instance id="d000.s2796.t000" lemma="選ぶ" pos="VERB">選ん</instance>
         <wf lemma="だ" pos="X">だ</wf>
         <wf lemma="." pos="X">.</wf>
      </sentence>
      <sentence id="d000.s2797" source="wordnet-japanese">
         <wf lemma="義母" pos="X">義母</wf>
         <wf lemma="の" pos="X">の</wf>
         <wf lemma="来訪" pos="X">来訪</wf>
         <wf lemma="は" pos="X">は</wf>
         <wf lemma="彼" pos="X">彼</wf>
         <wf lemma="にとって" pos="X">にとって</wf>
         <wf lemma="大きな" pos="X">大きな</wf>
         <instance id="d000.s2797.t000" lemma="試練" pos="NOUN">試練</instance>
         <wf lemma="だっ" pos="X">だっ</wf>
         <wf lemma="た" pos="X">た</wf>
         <wf lemma="." pos="X">.</wf>
      </sentence>
      <sentence id="d000.s2798" source="wordnet-japanese">
         <wf lemma="挑発的" pos="X">挑発的</wf>
         <instance id="d000.s2798.t000" lemma="ジェスチャー" pos="NOUN">ジェスチャー</instance>
         <wf lemma="." pos="X">.</wf>
      </sentence>
      <sentence id="d000.s2799" source="wordnet-japanese">
         <instance id="d000.s2799.t000" lemma="深い" pos="ADJ">深い</instance>
         <wf lemma="井戸" pos="X">井戸</wf>
         <wf lemma="；" pos="X">；</wf>
         <wf lemma="深い" pos="X">深い</wf>
         <wf lemma="庭" pos="X">庭</wf>
         <wf lemma="に" pos="X">に</wf>
         <wf lemma="囲ま" pos="X">囲ま</wf>
         <wf lemma="れ" pos="X">れ</wf>
         <wf lemma="た" pos="X">た</wf>
         <wf lemma="；" pos="X">；</wf>
         <wf lemma="センター" pos="X">センター</wf>
         <wf lemma="深く" pos="X">深く</wf>
         <wf lemma="に" pos="X">に</wf>
         <wf lemma="ボール" pos="X">ボール</wf>
         <wf lemma="を" pos="X">を</wf>
         <wf lemma="打っ" pos="X">打っ</wf>
         <wf lemma="た" pos="X">た</wf>
         <wf lemma="；" pos="X">；</wf>
         <wf lemma="深淵" pos="X">深淵</wf>
         <wf lemma="空間" pos="X">空間</wf>
         <wf lemma="で" pos="X">で</wf>
         <wf lemma="；腰" pos="X">；腰</wf>
         <wf lemma="まで" pos="X">まで</wf>
         <wf lemma="の" pos="X">の</wf>
         <wf lemma="深さ" pos="X">深さ</wf>
         <wf lemma="の" pos="X">の</wf>
         <wf lemma="." pos="X">.</wf>
      </sentence>
      <sentence id="d000.s2800" source="wordnet-japanese">
         <wf lemma="彼" pos="X">彼</wf>
         <wf lemma="は" pos="X">は</wf>
         <wf lemma="かなり" pos="X">かなり</wf>
         <wf lemma="切迫" pos="X">切迫</wf>
         <wf lemma="し" pos="X">し</wf>
         <wf lemma="て" pos="X">て</wf>
         <wf lemma="自分" pos="X">自分</wf>
         <wf lemma="の" pos="X">の</wf>
         <wf lemma="要求" pos="X">要求</wf>
         <wf lemma="を" pos="X">を</wf>
         <instance id="d000.s2800.t000" lemma="主張" pos="NOUN">主張</instance>
         <wf lemma="し" pos="X">し</wf>
         <wf lemma="た" pos="X">た</wf>
         <wf lemma="." pos="X">.</wf>
      </sentence>
      <sentence id="d000.s2801" source="wordnet-japanese">
         <wf lemma="前立腺" pos="X">前立腺</wf>
         <wf lemma="の" pos="X">の</wf>
         <wf lemma="中" pos="X">中</wf>
         <wf lemma="の" pos="X">の</wf>
         <wf lemma="放射性" pos="X">放射性</wf>
         <wf lemma="ペレット" pos="X">ペレット</wf>
         <wf lemma="の" pos="X">の</wf>
         <instance id="d000.s2801.t000" lemma="移植" pos="NOUN">移植</instance>
         <wf lemma="." pos="X">.</wf>
      </sentence>
      <sentence id="d000.s2802" source="wordnet-japanese">
         <instance id="d000.s2802.t000" lemma="社交的" pos="ADJ">社交的</instance>
         <wf lemma="な" pos="X">な</wf>
         <wf lemma="会話" pos="X">会話</wf>
         <wf lemma="." pos="X">.</wf>
      </sentence>
      <sentence id="d000.s2803" source="wordnet-japanese">
         <wf lemma="労働者" pos="X">労働者</wf>
         <wf lemma="が" pos="X">が</wf>
         <wf lemma="昼食中" pos="X">昼食中</wf>
         <wf lemma="だっ" pos="X">だっ</wf>
         <wf lemma="た" pos="X">た</wf>
         <wf lemma="間" pos="X">間</wf>
         <wf lemma="、" pos="X">、</wf>
         <instance id="d000.s2803.t000" lemma="地震" pos="NOUN">地震</instance>
         <wf lemma="の" pos="X">の</wf>
         <wf lemma="最初" pos="X">最初</wf>
         <wf lemma="の" pos="X">の</wf>
         <wf lemma="衝撃" pos="X">衝撃</wf>
         <wf lemma="は" pos="X">は</wf>
         <wf lemma="正午" pos="X">正午</wf>
         <wf lemma="直後" pos="X">直後</wf>
         <wf lemma="に" pos="X">に</wf>
         <wf lemma="来" pos="X">来</wf>
         <wf lemma="た" pos="X">た</wf>
         <wf lemma="." pos="X">.</wf>
      </sentence>
      <sentence id="d000.s2804" source="wordnet-japanese">
         <instance id="d000.s2804.t000" lemma="双角" pos="ADJ">双角</instance>
         <wf lemma="子宮" pos="X">子宮</wf>
         <wf lemma="." pos="X">.</wf>
      </sentence>
      <sentence id="d000.s2805" source="wordnet-japanese">
         <wf lemma="ヨット" pos="X">ヨット</wf>
         <wf lemma="遊び" pos="X">遊び</wf>
         <wf lemma="が" pos="X">が</wf>
         <wf lemma="彼女" pos="X">彼女</wf>
         <wf lemma="の" pos="X">の</wf>
         <wf lemma="好き" pos="X">好き</wf>
         <wf lemma="な" pos="X">な</wf>
         <instance id="d000.s2805.t000" lemma="気晴らし" pos="NOUN">気晴らし</instance>
         <wf lemma="だ" pos="X">だ</wf>
         <wf lemma="." pos="X">.</wf>
      </sentence>
      <sentence id="d000.s2806" source="wordnet-japanese">
         <instance id="d000.s2806.t000" lemma="美しい" pos="ADJ">美しい</instance>
         <wf lemma="国" pos="X">国</wf>
         <wf lemma="." pos="X">.</wf>
      </sentence>
      <sentence id="d000.s2807" source="wordnet-japanese">
         <wf lemma="彼" pos="X">彼</wf>
         <wf lemma="は" pos="X">は</wf>
         <wf lemma="、" pos="X">、</wf>
         <wf lemma="彼" pos="X">彼</wf>
         <wf lemma="の" pos="X">の</wf>
         <wf lemma="相手" pos="X">相手</wf>
         <wf lemma="を" pos="X">を</wf>
         <wf lemma="狼狽" pos="X">狼狽</wf>
         <wf lemma="さ" pos="X">さ</wf>
         <wf lemma="せる" pos="X">せる</wf>
         <wf lemma="ため" pos="X">ため</wf>
         <wf lemma="に" pos="X">に</wf>
         <wf lemma="、" pos="X">、</wf>
         <instance id="d000.s2807.t000" lemma="皮肉" pos="NOUN">皮肉</instance>
         <wf lemma="を" pos="X">を</wf>
         <wf lemma="使っ" pos="X">使っ</wf>
         <wf lemma="た" pos="X">た</wf>
         <wf lemma="." pos="X">.</wf>
      </sentence>
      <sentence id="d000.s2808" source="wordnet-japanese">
         <wf lemma="死ぬ" pos="X">死ぬ</wf>
         <wf lemma="べき" pos="X">べき</wf>
         <wf lemma="生き物" pos="X">生き物</wf>
         <wf lemma="が" pos="X">が</wf>
         <instance id="d000.s2808.t000" lemma="絶対" pos="NOUN">絶対</instance>
         <wf lemma="者" pos="X">者</wf>
         <wf lemma="を" pos="X">を</wf>
         <wf lemma="影響" pos="X">影響</wf>
         <wf lemma="を" pos="X">を</wf>
         <wf lemma="及ぼす" pos="X">及ぼす</wf>
         <wf lemma="こと" pos="X">こと</wf>
         <wf lemma="は" pos="X">は</wf>
         <wf lemma="でき" pos="X">でき</wf>
         <wf lemma="ない" pos="X">ない</wf>
         <wf lemma="." pos="X">.</wf>
      </sentence>
      <sentence id="d000.s2809" source="wordnet-japanese">
         <wf lemma="社会学" pos="X">社会学</wf>
         <wf lemma="の" pos="X">の</wf>
         <instance id="d000.s2809.t000" lemma="用語" pos="NOUN">用語</instance>
         <wf lemma="." pos="X">.</wf>
      </sentence>
      <sentence id="d000.s2810" source="wordnet-japanese">
         <wf lemma="シェークスピア" pos="X">シェークスピア</wf>
         <wf lemma="の" pos="X">の</wf>
         <wf lemma="シャイロック" pos="X">シャイロック</wf>
         <wf lemma="は" pos="X">は</wf>
         <wf lemma="、" pos="X">、</wf>
         <wf lemma="現代" pos="X">現代</wf>
         <wf lemma="世界" pos="X">世界</wf>
         <wf lemma="で" pos="X">で</wf>
         <wf lemma="は" pos="X">は</wf>
         <wf lemma="あや" pos="X">あや</wf>
         <wf lemma="ふやな" pos="X">ふやな</wf>
         <instance id="d000.s2810.t000" lemma="価値" pos="NOUN">価値</instance>
         <wf lemma="を" pos="X">を</wf>
         <wf lemma="もっ" pos="X">もっ</wf>
         <wf lemma="て" pos="X">て</wf>
         <wf lemma="いる" pos="X">いる</wf>
         <wf lemma="." pos="X">.</wf>
      </sentence>
      <sentence id="d000.s2811" source="wordnet-japanese">
         <wf lemma="彼女" pos="X">彼女</wf>
         <wf lemma="は" pos="X">は</wf>
         <wf lemma="、" pos="X">、</wf>
         <wf lemma="毎月" pos="X">毎月</wf>
         <wf lemma="給料" pos="X">給料</wf>
         <wf lemma="を" pos="X">を</wf>
         <instance id="d000.s2811.t000" lemma="預ける" pos="VERB">預ける</instance>
         <wf lemma="." pos="X">.</wf>
      </sentence>
      <sentence id="d000.s2812" source="wordnet-japanese">
         <wf lemma="大統領" pos="X">大統領</wf>
         <wf lemma="官邸" pos="X">官邸</wf>
         <wf lemma="と" pos="X">と</wf>
         <wf lemma="群衆" pos="X">群衆</wf>
         <wf lemma="を" pos="X">を</wf>
         <wf lemma="柵" pos="X">柵</wf>
         <wf lemma="で" pos="X">で</wf>
         <instance id="d000.s2812.t000" lemma="仕切る" pos="VERB">仕切っ</instance>
         <wf lemma="て" pos="X">て</wf>
         <wf lemma="ください" pos="X">ください</wf>
         <wf lemma="." pos="X">.</wf>
      </sentence>
      <sentence id="d000.s2813" source="wordnet-japanese">
         <wf lemma="彼女" pos="X">彼女</wf>
         <wf lemma="は" pos="X">は</wf>
         <wf lemma="、" pos="X">、</wf>
         <wf lemma="その" pos="X">その</wf>
         <wf lemma="日" pos="X">日</wf>
         <wf lemma="、" pos="X">、</wf>
         <wf lemma="10" pos="X">10</wf>
         <wf lemma="マイル" pos="X">マイル</wf>
         <instance id="d000.s2813.t000" lemma="走る" pos="VERB">走っ</instance>
         <wf lemma="た" pos="X">た</wf>
         <wf lemma="." pos="X">.</wf>
      </sentence>
      <sentence id="d000.s2814" source="wordnet-japanese">
         <wf lemma="2" pos="X">2</wf>
         <wf lemma="つ" pos="X">つ</wf>
         <wf lemma="の" pos="X">の</wf>
         <wf lemma="イメージ" pos="X">イメージ</wf>
         <wf lemma="を" pos="X">を</wf>
         <instance id="d000.s2814.t000" lemma="重ねる" pos="VERB">重ねる</instance>
         <wf lemma="こと" pos="X">こと</wf>
         <wf lemma="が" pos="X">が</wf>
         <wf lemma="でき" pos="X">でき</wf>
         <wf lemma="ます" pos="X">ます</wf>
         <wf lemma="か" pos="X">か</wf>
         <wf lemma="." pos="X">.</wf>
      </sentence>
      <sentence id="d000.s2815" source="wordnet-japanese">
         <instance id="d000.s2815.t000" lemma="わずか" pos="ADJ">わずか</instance>
         <wf lemma="の" pos="X">の</wf>
         <wf lemma="可能性" pos="X">可能性</wf>
         <wf lemma="." pos="X">.</wf>
      </sentence>
      <sentence id="d000.s2816" source="wordnet-japanese">
         <instance id="d000.s2816.t000" lemma="下等" pos="ADJ">下等</instance>
         <wf lemma="な" pos="X">な</wf>
         <wf lemma="喜劇" pos="X">喜劇</wf>
         <wf lemma="." pos="X">.</wf>
      </sentence>
      <sentence id="d000.s2817" source="wordnet-japanese">
         <wf lemma="彼" pos="X">彼</wf>
         <wf lemma="は" pos="X">は</wf>
         <wf lemma="軍隊" pos="X">軍隊</wf>
         <wf lemma="の" pos="X">の</wf>
         <instance id="d000.s2817.t000" lemma="前進" pos="NOUN">前進</instance>
         <wf lemma="に" pos="X">に</wf>
         <wf lemma="耳" pos="X">耳</wf>
         <wf lemma="を" pos="X">を</wf>
         <wf lemma="傾け" pos="X">傾け</wf>
         <wf lemma="た" pos="X">た</wf>
         <wf lemma="." pos="X">.</wf>
      </sentence>
      <sentence id="d000.s2818" source="wordnet-japanese">
         <instance id="d000.s2818.t000" lemma="穏やか" pos="ADJ">穏やか</instance>
         <wf lemma="な" pos="X">な</wf>
         <wf lemma="海" pos="X">海</wf>
         <wf lemma="." pos="X">.</wf>
      </sentence>
      <sentence id="d000.s2819" source="wordnet-japanese">
         <wf lemma="鐘" pos="X">鐘</wf>
         <wf lemma="を" pos="X">を</wf>
         <instance id="d000.s2819.t000" lemma="鳴らす" pos="VERB">鳴らす</instance>
         <wf lemma="." pos="X">.</wf>
      </sentence>
      <sentence id="d000.s2820" source="wordnet-japanese">
         <instance id="d000.s2820.t000" lemma="高価" pos="ADJ">高価</instance>
         <wf lemma="な" pos="X">な</wf>
         <wf lemma="宝石" pos="X">宝石</wf>
         <wf lemma="." pos="X">.</wf>
      </sentence>
      <sentence id="d000.s2821" source="wordnet-japanese">
         <instance id="d000.s2821.t000" lemma="頑丈" pos="ADJ">頑丈</instance>
         <wf lemma="な" pos="X">な</wf>
         <wf lemma="キャンバス" pos="X">キャンバス</wf>
         <wf lemma="." pos="X">.</wf>
      </sentence>
      <sentence id="d000.s2822" source="wordnet-japanese">
         <wf lemma="学術的" pos="X">学術的</wf>
         <wf lemma="な" pos="X">な</wf>
         <instance id="d000.s2822.t000" lemma="プロトコル" pos="NOUN">プロトコル</instance>
         <wf lemma="." pos="X">.</wf>
      </sentence>
      <sentence id="d000.s2823" source="wordnet-japanese">
         <wf lemma="彼" pos="X">彼</wf>
         <wf lemma="は" pos="X">は</wf>
         <wf lemma="、" pos="X">、</wf>
         <wf lemma="細部" pos="X">細部</wf>
         <wf lemma="まで" pos="X">まで</wf>
         <wf lemma="行き届い" pos="X">行き届い</wf>
         <wf lemma="た" pos="X">た</wf>
         <instance id="d000.s2823.t000" lemma="ドレッサー" pos="NOUN">ドレッサー</instance>
         <wf lemma="である" pos="X">である</wf>
         <wf lemma="." pos="X">.</wf>
      </sentence>
      <sentence id="d000.s2824" source="wordnet-japanese">
         <wf lemma="中心街" pos="X">中心街</wf>
         <wf lemma="より" pos="X">より</wf>
         <wf lemma="も" pos="X">も</wf>
         <wf lemma="モール" pos="X">モール</wf>
         <wf lemma="で" pos="X">で</wf>
         <wf lemma="、" pos="X">、</wf>
         <wf lemma="彼女" pos="X">彼女</wf>
         <wf lemma="は" pos="X">は</wf>
         <instance id="d000.s2824.t000" lemma="ショッピング" pos="NOUN">ショッピング</instance>
         <wf lemma="を" pos="X">を</wf>
         <wf lemma="する" pos="X">する</wf>
         <wf lemma="." pos="X">.</wf>
      </sentence>
      <sentence id="d000.s2825" source="wordnet-japanese">
         <instance id="d000.s2825.t000" lemma="意志" pos="NOUN">意志</instance>
         <wf lemma="の" pos="X">の</wf>
         <wf lemma="ある" pos="X">ある</wf>
         <wf lemma="ところ" pos="X">ところ</wf>
         <wf lemma="に" pos="X">に</wf>
         <wf lemma="道" pos="X">道</wf>
         <wf lemma="が" pos="X">が</wf>
         <wf lemma="ある" pos="X">ある</wf>
         <wf lemma="." pos="X">.</wf>
      </sentence>
      <sentence id="d000.s2826" source="wordnet-japanese">
         <wf lemma="思慮" pos="X">思慮</wf>
         <instance id="d000.s2826.t000" lemma="分別" pos="NOUN">分別</instance>
         <wf lemma="の" pos="X">の</wf>
         <wf lemma="ある" pos="X">ある</wf>
         <wf lemma="人" pos="X">人</wf>
         <wf lemma="." pos="X">.</wf>
      </sentence>
      <sentence id="d000.s2827" source="wordnet-japanese">
         <wf lemma="ほうれん" pos="X">ほうれん</wf>
         <wf lemma="草の" pos="X">草の</wf>
         <instance id="d000.s2827.t000" lemma="層" pos="NOUN">層</instance>
         <wf lemma="の" pos="X">の</wf>
         <wf lemma="上" pos="X">上</wf>
         <wf lemma="に" pos="X">に</wf>
         <wf lemma="、" pos="X">、</wf>
         <wf lemma="ゆ" pos="X">ゆ</wf>
         <wf lemma="で" pos="X">で</wf>
         <wf lemma="卵" pos="X">卵</wf>
         <wf lemma="の" pos="X">の</wf>
         <wf lemma="スライス" pos="X">スライス</wf>
         <wf lemma="を" pos="X">を</wf>
         <wf lemma="乗せる" pos="X">乗せる</wf>
         <wf lemma="." pos="X">.</wf>
      </sentence>
      <sentence id="d000.s2828" source="wordnet-japanese">
         <wf lemma="魚" pos="X">魚</wf>
         <wf lemma="の" pos="X">の</wf>
         <instance id="d000.s2828.t000" lemma="永続的" pos="ADJ">永続的</instance>
         <wf lemma="な" pos="X">な</wf>
         <wf lemma="エラ." pos="X">エラ.</wf>
      </sentence>
      <sentence id="d000.s2829" source="wordnet-japanese">
         <instance id="d000.s2829.t000" lemma="肉体的" pos="ADJ">肉体的</instance>
         <wf lemma="な" pos="X">な</wf>
         <wf lemma="苦しみ" pos="X">苦しみ</wf>
         <wf lemma="." pos="X">.</wf>
      </sentence>
      <sentence id="d000.s2830" source="wordnet-japanese">
         <wf lemma="蛍" pos="X">蛍</wf>
         <wf lemma="は" pos="X">は</wf>
         <wf lemma="、" pos="X">、</wf>
         <instance id="d000.s2830.t000" lemma="光り輝く" pos="VERB">光り輝い</instance>
         <wf lemma="て" pos="X">て</wf>
         <wf lemma="、" pos="X">、</wf>
         <wf lemma="庭" pos="X">庭</wf>
         <wf lemma="を" pos="X">を</wf>
         <wf lemma="飛び回っ" pos="X">飛び回っ</wf>
         <wf lemma="て" pos="X">て</wf>
         <wf lemma="い" pos="X">い</wf>
         <wf lemma="た" pos="X">た</wf>
         <wf lemma="." pos="X">.</wf>
      </sentence>
      <sentence id="d000.s2831" source="wordnet-japanese">
         <instance id="d000.s2831.t000" lemma="新しい" pos="ADJ">新しい</instance>
         <wf lemma="方向" pos="X">方向</wf>
         <wf lemma="を" pos="X">を</wf>
         <wf lemma="とる" pos="X">とる</wf>
         <wf lemma="準備" pos="X">準備</wf>
         <wf lemma="が" pos="X">が</wf>
         <wf lemma="でき" pos="X">でき</wf>
         <wf lemma="て" pos="X">て</wf>
         <wf lemma="いる" pos="X">いる</wf>
         <wf lemma="." pos="X">.</wf>
      </sentence>
      <sentence id="d000.s2832" source="wordnet-japanese">
         <instance id="d000.s2832.t000" lemma="不公平" pos="ADJ">不公平</instance>
         <wf lemma="な" pos="X">な</wf>
         <wf lemma="課税" pos="X">課税</wf>
         <wf lemma="." pos="X">.</wf>
      </sentence>
      <sentence id="d000.s2833" source="wordnet-japanese">
         <wf lemma="蟻" pos="X">蟻</wf>
         <wf lemma="は" pos="X">は</wf>
         <instance id="d000.s2833.t000" lemma="社会性" pos="ADJ">社会性</instance>
         <wf lemma="の" pos="X">の</wf>
         <wf lemma="ある" pos="X">ある</wf>
         <wf lemma="昆虫" pos="X">昆虫</wf>
         <wf lemma="である" pos="X">である</wf>
         <wf lemma="." pos="X">.</wf>
      </sentence>
      <sentence id="d000.s2834" source="wordnet-japanese">
         <wf lemma="彼" pos="X">彼</wf>
         <wf lemma="は" pos="X">は</wf>
         <wf lemma="、" pos="X">、</wf>
         <wf lemma="新た" pos="X">新た</wf>
         <wf lemma="な" pos="X">な</wf>
         <wf lemma="感情" pos="X">感情</wf>
         <wf lemma="が" pos="X">が</wf>
         <instance id="d000.s2834.t000" lemma="現れる" pos="VERB">現れる</instance>
         <wf lemma="の" pos="X">の</wf>
         <wf lemma="を" pos="X">を</wf>
         <wf lemma="感じ" pos="X">感じ</wf>
         <wf lemma="た" pos="X">た</wf>
         <wf lemma="." pos="X">.</wf>
      </sentence>
      <sentence id="d000.s2835" source="wordnet-japanese">
         <wf lemma="議論" pos="X">議論</wf>
         <wf lemma="を" pos="X">を</wf>
         <instance id="d000.s2835.t000" lemma="受け入れる" pos="VERB">受け入れる</instance>
         <wf lemma="." pos="X">.</wf>
      </sentence>
      <sentence id="d000.s2836" source="wordnet-japanese">
         <wf lemma="私" pos="X">私</wf>
         <wf lemma="たち" pos="X">たち</wf>
         <wf lemma="は" pos="X">は</wf>
         <instance id="d000.s2836.t000" lemma="ほとんど" pos="ADV">ほとんど</instance>
         <wf lemma="終わっ" pos="X">終わっ</wf>
         <wf lemma="た" pos="X">た</wf>
         <wf lemma="." pos="X">.</wf>
      </sentence>
      <sentence id="d000.s2837" source="wordnet-japanese">
         <wf lemma="いくつか" pos="X">いくつか</wf>
         <wf lemma="の" pos="X">の</wf>
         <wf lemma="蛾" pos="X">蛾</wf>
         <wf lemma="の" pos="X">の</wf>
         <wf lemma="幼虫" pos="X">幼虫</wf>
         <wf lemma="は" pos="X">は</wf>
         <instance id="d000.s2837.t000" lemma="絨毯" pos="NOUN">絨毯</instance>
         <wf lemma="に" pos="X">に</wf>
         <wf lemma="似" pos="X">似</wf>
         <wf lemma="た" pos="X">た</wf>
         <wf lemma="クモ" pos="X">クモ</wf>
         <wf lemma="の" pos="X">の</wf>
         <wf lemma="巣状" pos="X">巣状</wf>
         <wf lemma="の" pos="X">の</wf>
         <wf lemma="網" pos="X">網</wf>
         <wf lemma="を" pos="X">を</wf>
         <wf lemma="編む" pos="X">編む</wf>
         <wf lemma="." pos="X">.</wf>
      </sentence>
      <sentence id="d000.s2838" source="wordnet-japanese">
         <wf lemma="高齢" pos="X">高齢</wf>
         <wf lemma="の" pos="X">の</wf>
         <instance id="d000.s2838.t000" lemma="人々" pos="NOUN">人々</instance>
         <wf lemma="." pos="X">.</wf>
      </sentence>
      <sentence id="d000.s2839" source="wordnet-japanese">
         <instance id="d000.s2839.t000" lemma="部屋" pos="NOUN">部屋</instance>
         <wf lemma="に" pos="X">に</wf>
         <wf lemma="いる" pos="X">いる</wf>
         <wf lemma="人" pos="X">人</wf>
         <wf lemma="は" pos="X">は</wf>
         <wf lemma="皆" pos="X">皆</wf>
         <wf lemma="、" pos="X">、</wf>
         <wf lemma="歓声" pos="X">歓声</wf>
         <wf lemma="を" pos="X">を</wf>
         <wf lemma="上げ" pos="X">上げ</wf>
         <wf lemma="て" pos="X">て</wf>
         <wf lemma="い" pos="X">い</wf>
         <wf lemma="た" pos="X">た</wf>
         <wf lemma="." pos="X">.</wf>
      </sentence>
      <sentence id="d000.s2840" source="wordnet-japanese">
         <wf lemma="悪霊" pos="X">悪霊</wf>
         <wf lemma="を" pos="X">を</wf>
         <instance id="d000.s2840.t000" lemma="追い払う" pos="VERB">追い払っ</instance>
         <wf lemma="て" pos="X">て</wf>
         <wf lemma="ください" pos="X">ください</wf>
         <wf lemma="." pos="X">.</wf>
      </sentence>
      <sentence id="d000.s2841" source="wordnet-japanese">
         <wf lemma="これら" pos="X">これら</wf>
         <wf lemma="は" pos="X">は</wf>
         <wf lemma="、" pos="X">、</wf>
         <wf lemma="合理的" pos="X">合理的</wf>
         <wf lemma="な" pos="X">な</wf>
         <wf lemma="議論" pos="X">議論</wf>
         <wf lemma="で" pos="X">で</wf>
         <wf lemma="最も" pos="X">最も</wf>
         <instance id="d000.s2841.t000" lemma="効果的" pos="ADV">効果的</instance>
         <wf lemma="に" pos="X">に</wf>
         <wf lemma="対処" pos="X">対処</wf>
         <wf lemma="できる" pos="X">できる</wf>
         <wf lemma="本質的" pos="X">本質的</wf>
         <wf lemma="な" pos="X">な</wf>
         <wf lemma="問題" pos="X">問題</wf>
         <wf lemma="です" pos="X">です</wf>
         <wf lemma="." pos="X">.</wf>
      </sentence>
      <sentence id="d000.s2842" source="wordnet-japanese">
         <wf lemma="彼" pos="X">彼</wf>
         <wf lemma="は" pos="X">は</wf>
         <wf lemma="顔" pos="X">顔</wf>
         <wf lemma="に" pos="X">に</wf>
         <wf lemma="微笑" pos="X">微笑</wf>
         <wf lemma="を" pos="X">を</wf>
         <wf lemma="浮かべ" pos="X">浮かべ</wf>
         <wf lemma="て" pos="X">て</wf>
         <wf lemma="その" pos="X">その</wf>
         <instance id="d000.s2842.t000" lemma="叱責" pos="NOUN">叱責</instance>
         <wf lemma="を" pos="X">を</wf>
         <wf lemma="受け" pos="X">受け</wf>
         <wf lemma="なければ" pos="X">なければ</wf>
         <wf lemma="なら" pos="X">なら</wf>
         <wf lemma="なかっ" pos="X">なかっ</wf>
         <wf lemma="た" pos="X">た</wf>
         <wf lemma="." pos="X">.</wf>
      </sentence>
      <sentence id="d000.s2843" source="wordnet-japanese">
         <wf lemma="彼ら" pos="X">彼ら</wf>
         <wf lemma="は" pos="X">は</wf>
         <wf lemma="、" pos="X">、</wf>
         <wf lemma="長時間" pos="X">長時間</wf>
         <wf lemma="、" pos="X">、</wf>
         <wf lemma="食事" pos="X">食事</wf>
         <wf lemma="も" pos="X">も</wf>
         <wf lemma="睡眠" pos="X">睡眠</wf>
         <wf lemma="も" pos="X">も</wf>
         <wf lemma="とっ" pos="X">とっ</wf>
         <wf lemma="て" pos="X">て</wf>
         <wf lemma="い" pos="X">い</wf>
         <wf lemma="なかっ" pos="X">なかっ</wf>
         <wf lemma="た" pos="X">た</wf>
         <wf lemma="ように" pos="X">ように</wf>
         <instance id="d000.s2843.t000" lemma="見える" pos="VERB">見え</instance>
         <wf lemma="た" pos="X">た</wf>
         <wf lemma="." pos="X">.</wf>
      </sentence>
      <sentence id="d000.s2844" source="wordnet-japanese">
         <instance id="d000.s2844.t000" lemma="率直" pos="ADJ">率直</instance>
         <wf lemma="な" pos="X">な</wf>
         <wf lemma="インタビュー" pos="X">インタビュー</wf>
         <wf lemma="." pos="X">.</wf>
      </sentence>
      <sentence id="d000.s2845" source="wordnet-japanese">
         <wf lemma="軍" pos="X">軍</wf>
         <wf lemma="の" pos="X">の</wf>
         <instance id="d000.s2845.t000" lemma="分散" pos="NOUN">分散</instance>
         <wf lemma="." pos="X">.</wf>
      </sentence>
      <sentence id="d000.s2846" source="wordnet-japanese">
         <wf lemma="私" pos="X">私</wf>
         <wf lemma="を" pos="X">を</wf>
         <instance id="d000.s2846.t000" lemma="非難" pos="NOUN">非難</instance>
         <wf lemma="する" pos="X">する</wf>
         <wf lemma="な." pos="X">な.</wf>
      </sentence>
      <sentence id="d000.s2847" source="wordnet-japanese">
         <wf lemma="さらに" pos="X">さらに</wf>
         <wf lemma="そのよう" pos="X">そのよう</wf>
         <wf lemma="な" pos="X">な</wf>
         <instance id="d000.s2847.t000" lemma="分裂" pos="NOUN">分裂</instance>
         <wf lemma="が" pos="X">が</wf>
         <wf lemma="起き" pos="X">起き</wf>
         <wf lemma="て" pos="X">て</wf>
         <wf lemma="、" pos="X">、</wf>
         <wf lemma="ついに" pos="X">ついに</wf>
         <wf lemma="倒産" pos="X">倒産</wf>
         <wf lemma="に" pos="X">に</wf>
         <wf lemma="至っ" pos="X">至っ</wf>
         <wf lemma="た" pos="X">た</wf>
         <wf lemma="." pos="X">.</wf>
      </sentence>
      <sentence id="d000.s2848" source="wordnet-japanese">
         <wf lemma="彼" pos="X">彼</wf>
         <wf lemma="は" pos="X">は</wf>
         <wf lemma="ポケット" pos="X">ポケット</wf>
         <wf lemma="の" pos="X">の</wf>
         <instance id="d000.s2848.t000" lemma="中身" pos="NOUN">中身</instance>
         <wf lemma="を" pos="X">を</wf>
         <wf lemma="空け" pos="X">空け</wf>
         <wf lemma="た" pos="X">た</wf>
         <wf lemma="." pos="X">.</wf>
      </sentence>
      <sentence id="d000.s2849" source="wordnet-japanese">
         <wf lemma="あなた" pos="X">あなた</wf>
         <wf lemma="は" pos="X">は</wf>
         <wf lemma="泥棒" pos="X">泥棒</wf>
         <wf lemma="を" pos="X">を</wf>
         <instance id="d000.s2849.t000" lemma="捕える" pos="VERB">捕え</instance>
         <wf lemma="まし" pos="X">まし</wf>
         <wf lemma="た" pos="X">た</wf>
         <wf lemma="か" pos="X">か</wf>
         <wf lemma="？" pos="X">？</wf>
         <wf lemma="." pos="X">.</wf>
      </sentence>
      <sentence id="d000.s2850" source="wordnet-japanese">
         <wf lemma="重労働" pos="X">重労働</wf>
         <wf lemma="の" pos="X">の</wf>
         <instance id="d000.s2850.t000" lemma="おかげ" pos="NOUN">おかげ</instance>
         <wf lemma="で" pos="X">で</wf>
         <wf lemma="、" pos="X">、</wf>
         <wf lemma="大" pos="X">大</wf>
         <wf lemma="成功" pos="X">成功</wf>
         <wf lemma="を" pos="X">を</wf>
         <wf lemma="おさめ" pos="X">おさめ</wf>
         <wf lemma="た" pos="X">た</wf>
         <wf lemma="." pos="X">.</wf>
      </sentence>
      <sentence id="d000.s2851" source="wordnet-japanese">
         <wf lemma="オムレツ" pos="X">オムレツ</wf>
         <wf lemma="を" pos="X">を</wf>
         <wf lemma="私" pos="X">私</wf>
         <wf lemma="に" pos="X">に</wf>
         <instance id="d000.s2851.t000" lemma="作る" pos="VERB">作っ</instance>
         <wf lemma="て" pos="X">て</wf>
         <wf lemma="ください" pos="X">ください</wf>
         <wf lemma="." pos="X">.</wf>
      </sentence>
      <sentence id="d000.s2852" source="wordnet-japanese">
         <wf lemma="彼ら" pos="X">彼ら</wf>
         <wf lemma="は" pos="X">は</wf>
         <wf lemma="損傷" pos="X">損傷</wf>
         <wf lemma="し" pos="X">し</wf>
         <wf lemma="た" pos="X">た</wf>
         <wf lemma="パイプ" pos="X">パイプ</wf>
         <wf lemma="から" pos="X">から</wf>
         <wf lemma="の" pos="X">の</wf>
         <wf lemma="ガス" pos="X">ガス</wf>
         <wf lemma="の" pos="X">の</wf>
         <instance id="d000.s2852.t000" lemma="漏れ" pos="NOUN">漏れ</instance>
         <wf lemma="を" pos="X">を</wf>
         <wf lemma="くい" pos="X">くい</wf>
         <wf lemma="止め" pos="X">止め</wf>
         <wf lemma="よう" pos="X">よう</wf>
         <wf lemma="と" pos="X">と</wf>
         <wf lemma="し" pos="X">し</wf>
         <wf lemma="た" pos="X">た</wf>
         <wf lemma="." pos="X">.</wf>
      </sentence>
      <sentence id="d000.s2853" source="wordnet-japanese">
         <wf lemma="森林" pos="X">森林</wf>
         <wf lemma="警備隊" pos="X">警備隊</wf>
         <wf lemma="に" pos="X">に</wf>
         <wf lemma="会っ" pos="X">会っ</wf>
         <wf lemma="た" pos="X">た</wf>
         <wf lemma="とき" pos="X">とき</wf>
         <wf lemma="、" pos="X">、</wf>
         <wf lemma="私たち" pos="X">私たち</wf>
         <wf lemma="は" pos="X">は</wf>
         <instance id="d000.s2853.t000" lemma="ほとんど" pos="ADV">ほとんど</instance>
         <wf lemma="迷子" pos="X">迷子</wf>
         <wf lemma="に" pos="X">に</wf>
         <wf lemma="なっ" pos="X">なっ</wf>
         <wf lemma="て" pos="X">て</wf>
         <wf lemma="い" pos="X">い</wf>
         <wf lemma="た" pos="X">た</wf>
         <wf lemma="." pos="X">.</wf>
      </sentence>
      <sentence id="d000.s2854" source="wordnet-japanese">
         <instance id="d000.s2854.t000" lemma="複雑" pos="ADJ">複雑</instance>
         <wf lemma="な" pos="X">な</wf>
         <wf lemma="推論" pos="X">推論</wf>
         <wf lemma="." pos="X">.</wf>
      </sentence>
      <sentence id="d000.s2855" source="wordnet-japanese">
         <instance id="d000.s2855.t000" lemma="無意識" pos="ADJ">無意識</instance>
         <wf lemma="の" pos="X">の</wf>
         <wf lemma="服従" pos="X">服従</wf>
         <wf lemma="." pos="X">.</wf>
      </sentence>
      <sentence id="d000.s2856" source="wordnet-japanese">
         <wf lemma="彼" pos="X">彼</wf>
         <wf lemma="は" pos="X">は</wf>
         <wf lemma="歌い" pos="X">歌い</wf>
         <wf lemma="ながら" pos="X">ながら</wf>
         <instance id="d000.s2856.t000" lemma="来る" pos="VERB">来</instance>
         <wf lemma="た" pos="X">た</wf>
         <wf lemma="." pos="X">.</wf>
      </sentence>
      <sentence id="d000.s2857" source="wordnet-japanese">
         <wf lemma="有性" pos="X">有性</wf>
         <instance id="d000.s2857.t000" lemma="胞子" pos="NOUN">胞子</instance>
         <wf lemma="は" pos="X">は</wf>
         <wf lemma="配偶子" pos="X">配偶子</wf>
         <wf lemma="の" pos="X">の</wf>
         <wf lemma="溶融" pos="X">溶融</wf>
         <wf lemma="の" pos="X">の</wf>
         <wf lemma="後" pos="X">後</wf>
         <wf lemma="に" pos="X">に</wf>
         <wf lemma="形成" pos="X">形成</wf>
         <wf lemma="さ" pos="X">さ</wf>
         <wf lemma="れる" pos="X">れる</wf>
         <wf lemma="." pos="X">.</wf>
      </sentence>
      <sentence id="d000.s2858" source="wordnet-japanese">
         <instance id="d000.s2858.t000" lemma="騒々しい" pos="ADJ">騒々しい</instance>
         <wf lemma="子供" pos="X">子供</wf>
         <wf lemma="の" pos="X">の</wf>
         <wf lemma="グループ" pos="X">グループ</wf>
         <wf lemma="." pos="X">.</wf>
      </sentence>
      <sentence id="d000.s2859" source="wordnet-japanese">
         <wf lemma="実行" pos="X">実行</wf>
         <wf lemma="は" pos="X">は</wf>
         <wf lemma="、" pos="X">、</wf>
         <wf lemma="大いに" pos="X">大いに</wf>
         <instance id="d000.s2859.t000" lemma="実力" pos="NOUN">実力</instance>
         <wf lemma="を" pos="X">を</wf>
         <wf lemma="向上" pos="X">向上</wf>
         <wf lemma="さ" pos="X">さ</wf>
         <wf lemma="せる" pos="X">せる</wf>
         <wf lemma="." pos="X">.</wf>
      </sentence>
      <sentence id="d000.s2860" source="wordnet-japanese">
         <wf lemma="人間" pos="X">人間</wf>
         <wf lemma="の" pos="X">の</wf>
         <wf lemma="置か" pos="X">置か</wf>
         <wf lemma="れ" pos="X">れ</wf>
         <wf lemma="た" pos="X">た</wf>
         <wf lemma="立場" pos="X">立場</wf>
         <wf lemma="の" pos="X">の</wf>
         <instance id="d000.s2860.t000" lemma="特殊性" pos="NOUN">特殊性</instance>
         <wf lemma="." pos="X">.</wf>
      </sentence>
      <sentence id="d000.s2861" source="wordnet-japanese">
         <wf lemma="金持ち" pos="X">金持ち</wf>
         <wf lemma="に" pos="X">に</wf>
         <instance id="d000.s2861.t000" lemma="特有" pos="ADJ">特有</instance>
         <wf lemma="の" pos="X">の</wf>
         <wf lemma="権利" pos="X">権利</wf>
         <wf lemma="." pos="X">.</wf>
      </sentence>
      <sentence id="d000.s2862" source="wordnet-japanese">
         <wf lemma="ソムリエ" pos="X">ソムリエ</wf>
         <wf lemma="は" pos="X">は</wf>
         <wf lemma="ワイン" pos="X">ワイン</wf>
         <wf lemma="を" pos="X">を</wf>
         <wf lemma="静か" pos="X">静か</wf>
         <wf lemma="に" pos="X">に</wf>
         <instance id="d000.s2862.t000" lemma="注ぐ" pos="VERB">注い</instance>
         <wf lemma="だ" pos="X">だ</wf>
         <wf lemma="." pos="X">.</wf>
      </sentence>
      <sentence id="d000.s2863" source="wordnet-japanese">
         <instance id="d000.s2863.t000" lemma="無闇" pos="ADJ">無闇</instance>
         <wf lemma="な" pos="X">な</wf>
         <wf lemma="賛美" pos="X">賛美</wf>
         <wf lemma="." pos="X">.</wf>
      </sentence>
      <sentence id="d000.s2864" source="wordnet-japanese">
         <wf lemma="検察官" pos="X">検察官</wf>
         <wf lemma="の" pos="X">の</wf>
         <wf lemma="議論" pos="X">議論</wf>
         <wf lemma="の" pos="X">の</wf>
         <instance id="d000.s2864.t000" lemma="要点" pos="NOUN">要点</instance>
         <wf lemma="." pos="X">.</wf>
      </sentence>
      <sentence id="d000.s2865" source="wordnet-japanese">
         <wf lemma="窒息" pos="X">窒息</wf>
         <wf lemma="の" pos="X">の</wf>
         <instance id="d000.s2865.t000" lemma="徴候" pos="NOUN">徴候</instance>
         <wf lemma="は" pos="X">は</wf>
         <wf lemma="なかっ" pos="X">なかっ</wf>
         <wf lemma="た" pos="X">た</wf>
         <wf lemma="." pos="X">.</wf>
      </sentence>
      <sentence id="d000.s2866" source="wordnet-japanese">
         <instance id="d000.s2866.t000" lemma="突然" pos="ADJ">突然</instance>
         <wf lemma="止まっ" pos="X">止まっ</wf>
         <wf lemma="た" pos="X">た</wf>
         <wf lemma="." pos="X">.</wf>
      </sentence>
      <sentence id="d000.s2867" source="wordnet-japanese">
         <instance id="d000.s2867.t000" lemma="行進" pos="NOUN">行進</instance>
         <wf lemma="は" pos="X">は</wf>
         <wf lemma="禁止" pos="X">禁止</wf>
         <wf lemma="さ" pos="X">さ</wf>
         <wf lemma="れ" pos="X">れ</wf>
         <wf lemma="た" pos="X">た</wf>
         <wf lemma="." pos="X">.</wf>
      </sentence>
      <sentence id="d000.s2868" source="wordnet-japanese">
         <wf lemma="背" pos="X">背</wf>
         <wf lemma="が" pos="X">が</wf>
         <instance id="d000.s2868.t000" lemma="高い" pos="ADJ">高い</instance>
         <wf lemma="人々" pos="X">人々</wf>
         <wf lemma="." pos="X">.</wf>
      </sentence>
      <sentence id="d000.s2869" source="wordnet-japanese">
         <wf lemma="強勢" pos="X">強勢</wf>
         <wf lemma="を" pos="X">を</wf>
         <instance id="d000.s2869.t000" lemma="移す" pos="VERB">移す</instance>
         <wf lemma="." pos="X">.</wf>
      </sentence>
      <sentence id="d000.s2870" source="wordnet-japanese">
         <wf lemma="平和" pos="X">平和</wf>
         <wf lemma="の" pos="X">の</wf>
         <wf lemma="ため" pos="X">ため</wf>
         <wf lemma="の" pos="X">の</wf>
         <instance id="d000.s2870.t000" lemma="有力" pos="ADJ">有力</instance>
         <wf lemma="な" pos="X">な</wf>
         <wf lemma="リーダーシップ" pos="X">リーダーシップ</wf>
         <wf lemma="." pos="X">.</wf>
      </sentence>
      <sentence id="d000.s2871" source="wordnet-japanese">
         <wf lemma="卵白" pos="X">卵白</wf>
         <wf lemma="を" pos="X">を</wf>
         <instance id="d000.s2871.t000" lemma="泡立てる" pos="VERB">泡立てる</instance>
         <wf lemma="." pos="X">.</wf>
      </sentence>
      <sentence id="d000.s2872" source="wordnet-japanese">
         <wf lemma="木々" pos="X">木々</wf>
         <wf lemma="の" pos="X">の</wf>
         <instance id="d000.s2872.t000" lemma="間" pos="NOUN">間</instance>
         <wf lemma="に" pos="X">に</wf>
         <wf lemma="小さな" pos="X">小さな</wf>
         <wf lemma="空き地" pos="X">空き地</wf>
         <wf lemma="が" pos="X">が</wf>
         <wf lemma="あっ" pos="X">あっ</wf>
         <wf lemma="た" pos="X">た</wf>
         <wf lemma="." pos="X">.</wf>
      </sentence>
      <sentence id="d000.s2873" source="wordnet-japanese">
         <wf lemma="その" pos="X">その</wf>
         <instance id="d000.s2873.t000" lemma="構築物" pos="NOUN">構築物</instance>
         <wf lemma="は" pos="X">は</wf>
         <wf lemma="一連" pos="X">一連</wf>
         <wf lemma="の" pos="X">の</wf>
         <wf lemma="アーチ" pos="X">アーチ</wf>
         <wf lemma="で" pos="X">で</wf>
         <wf lemma="でき" pos="X">でき</wf>
         <wf lemma="て" pos="X">て</wf>
         <wf lemma="いる" pos="X">いる</wf>
         <wf lemma="." pos="X">.</wf>
      </sentence>
      <sentence id="d000.s2874" source="wordnet-japanese">
         <wf lemma="不運" pos="X">不運</wf>
         <wf lemma="の" pos="X">の</wf>
         <instance id="d000.s2874.t000" lemma="連続" pos="NOUN">連続</instance>
         <wf lemma="であっ" pos="X">であっ</wf>
         <wf lemma="た" pos="X">た</wf>
         <wf lemma="." pos="X">.</wf>
      </sentence>
      <sentence id="d000.s2875" source="wordnet-japanese">
         <wf lemma="彼" pos="X">彼</wf>
         <wf lemma="は" pos="X">は</wf>
         <instance id="d000.s2875.t000" lemma="ドロー" pos="NOUN">ドロー</instance>
         <wf lemma="と" pos="X">と</wf>
         <wf lemma="スタッド" pos="X">スタッド</wf>
         <wf lemma="だけ" pos="X">だけ</wf>
         <wf lemma="を" pos="X">を</wf>
         <wf lemma="使っ" pos="X">使っ</wf>
         <wf lemma="た" pos="X">た</wf>
         <wf lemma="." pos="X">.</wf>
      </sentence>
      <sentence id="d000.s2876" source="wordnet-japanese">
         <wf lemma="この" pos="X">この</wf>
         <wf lemma="分野" pos="X">分野</wf>
         <wf lemma="は" pos="X">は</wf>
         <wf lemma="熟練" pos="X">熟練</wf>
         <instance id="d000.s2876.t000" lemma="労働者" pos="NOUN">労働者</instance>
         <wf lemma="が" pos="X">が</wf>
         <wf lemma="不足" pos="X">不足</wf>
         <wf lemma="し" pos="X">し</wf>
         <wf lemma="て" pos="X">て</wf>
         <wf lemma="いる" pos="X">いる</wf>
         <wf lemma="." pos="X">.</wf>
      </sentence>
      <sentence id="d000.s2877" source="wordnet-japanese">
         <wf lemma="角" pos="X">角</wf>
         <wf lemma="に" pos="X">に</wf>
         <wf lemma="3" pos="X">3</wf>
         <wf lemma="階" pos="X">階</wf>
         <wf lemma="建て" pos="X">建て</wf>
         <wf lemma="の" pos="X">の</wf>
         <instance id="d000.s2877.t000" lemma="建物" pos="NOUN">建物</instance>
         <wf lemma="が" pos="X">が</wf>
         <wf lemma="あっ" pos="X">あっ</wf>
         <wf lemma="た" pos="X">た</wf>
         <wf lemma="." pos="X">.</wf>
      </sentence>
      <sentence id="d000.s2878" source="wordnet-japanese">
         <wf lemma="西部" pos="X">西部</wf>
         <wf lemma="に" pos="X">に</wf>
         <wf lemma="移動" pos="X">移動</wf>
         <wf lemma="する" pos="X">する</wf>
         <wf lemma="前" pos="X">前</wf>
         <wf lemma="に" pos="X">に</wf>
         <wf lemma="、" pos="X">、</wf>
         <wf lemma="彼ら" pos="X">彼ら</wf>
         <wf lemma="は" pos="X">は</wf>
         <wf lemma="、" pos="X">、</wf>
         <instance id="d000.s2878.t000" lemma="しばらく" pos="ADV">しばらく</instance>
         <wf lemma="ヴァージニア" pos="X">ヴァージニア</wf>
         <wf lemma="に" pos="X">に</wf>
         <wf lemma="住み" pos="X">住み</wf>
         <wf lemma="つい" pos="X">つい</wf>
         <wf lemma="た" pos="X">た</wf>
         <wf lemma="." pos="X">.</wf>
      </sentence>
      <sentence id="d000.s2879" source="wordnet-japanese">
         <instance id="d000.s2879.t000" lemma="低い" pos="ADJ">低い</instance>
         <wf lemma="家具" pos="X">家具</wf>
         <wf lemma="." pos="X">.</wf>
      </sentence>
      <sentence id="d000.s2880" source="wordnet-japanese">
         <wf lemma="彼ら" pos="X">彼ら</wf>
         <wf lemma="は" pos="X">は</wf>
         <instance id="d000.s2880.t000" lemma="とても" pos="ADV">とても</instance>
         <wf lemma="良い" pos="X">良い</wf>
         <wf lemma="場所" pos="X">場所</wf>
         <wf lemma="を" pos="X">を</wf>
         <wf lemma="持っ" pos="X">持っ</wf>
         <wf lemma="て" pos="X">て</wf>
         <wf lemma="いる" pos="X">いる</wf>
         <wf lemma="." pos="X">.</wf>
      </sentence>
      <sentence id="d000.s2881" source="wordnet-japanese">
         <wf lemma="彼" pos="X">彼</wf>
         <wf lemma="は" pos="X">は</wf>
         <wf lemma="10" pos="X">10</wf>
         <wf lemma="年" pos="X">年</wf>
         <wf lemma="の" pos="X">の</wf>
         <wf lemma="刑" pos="X">刑</wf>
         <wf lemma="を" pos="X">を</wf>
         <instance id="d000.s2881.t000" lemma="言い渡す" pos="VERB">言い渡さ</instance>
         <wf lemma="れ" pos="X">れ</wf>
         <wf lemma="た" pos="X">た</wf>
         <wf lemma="." pos="X">.</wf>
      </sentence>
      <sentence id="d000.s2882" source="wordnet-japanese">
         <wf lemma="彼" pos="X">彼</wf>
         <wf lemma="の" pos="X">の</wf>
         <instance id="d000.s2882.t000" lemma="雄弁" pos="NOUN">雄弁</instance>
         <wf lemma="さ" pos="X">さ</wf>
         <wf lemma="は" pos="X">は</wf>
         <wf lemma="、" pos="X">、</wf>
         <wf lemma="大きな" pos="X">大きな</wf>
         <wf lemma="会衆" pos="X">会衆</wf>
         <wf lemma="を" pos="X">を</wf>
         <wf lemma="引きつけ" pos="X">引きつけ</wf>
         <wf lemma="た" pos="X">た</wf>
         <wf lemma="." pos="X">.</wf>
      </sentence>
      <sentence id="d000.s2883" source="wordnet-japanese">
         <wf lemma="彼" pos="X">彼</wf>
         <wf lemma="は" pos="X">は</wf>
         <instance id="d000.s2883.t000" lemma="家族" pos="NOUN">家族</instance>
         <wf lemma="である" pos="X">である</wf>
         <wf lemma="." pos="X">.</wf>
      </sentence>
      <sentence id="d000.s2884" source="wordnet-japanese">
         <wf lemma="その" pos="X">その</wf>
         <wf lemma="ホール" pos="X">ホール</wf>
         <wf lemma="の" pos="X">の</wf>
         <wf lemma="後ろ" pos="X">後ろ</wf>
         <wf lemma="から" pos="X">から</wf>
         <instance id="d000.s2884.t000" lemma="抗議" pos="NOUN">抗議</instance>
         <wf lemma="の" pos="X">の</wf>
         <wf lemma="合唱" pos="X">合唱</wf>
         <wf lemma="が" pos="X">が</wf>
         <wf lemma="聞こえ" pos="X">聞こえ</wf>
         <wf lemma="た" pos="X">た</wf>
         <wf lemma="." pos="X">.</wf>
      </sentence>
      <sentence id="d000.s2885" source="wordnet-japanese">
         <wf lemma="『" pos="X">『</wf>
         <wf lemma="非" pos="X">非</wf>
         <wf lemma="エコノミスト" pos="X">エコノミスト</wf>
         <wf lemma="』" pos="X">』</wf>
         <wf lemma="が" pos="X">が</wf>
         <wf lemma="、" pos="X">、</wf>
         <wf lemma="経済政策ー" pos="X">経済政策ー</wf>
         <wf lemma="の" pos="X">の</wf>
         <wf lemma="細部" pos="X">細部</wf>
         <wf lemma="に関して" pos="X">に関して</wf>
         <wf lemma="話す" pos="X">話す</wf>
         <wf lemma="こと" pos="X">こと</wf>
         <wf lemma="は" pos="X">は</wf>
         <instance id="d000.s2885.t000" lemma="軽率" pos="ADJ">軽率</instance>
         <wf lemma="である" pos="X">である</wf>
         <wf lemma="−" pos="X">−</wf>
         <wf lemma="A.M" pos="X">A.M</wf>
         <wf lemma="." pos="X">.</wf>
         <wf lemma="シュレジンガー" pos="X">シュレジンガー</wf>
         <wf lemma="." pos="X">.</wf>
      </sentence>
      <sentence id="d000.s2886" source="wordnet-japanese">
         <wf lemma="子供" pos="X">子供</wf>
         <wf lemma="の" pos="X">の</wf>
         <instance id="d000.s2886.t000" lemma="かわいい" pos="ADJ">かわいい</instance>
         <wf lemma="顔" pos="X">顔</wf>
         <wf lemma="." pos="X">.</wf>
      </sentence>
      <sentence id="d000.s2887" source="wordnet-japanese">
         <wf lemma="人助け" pos="X">人助け</wf>
         <wf lemma="を" pos="X">を</wf>
         <wf lemma="する" pos="X">する</wf>
         <wf lemma="の" pos="X">の</wf>
         <wf lemma="は" pos="X">は</wf>
         <wf lemma="彼" pos="X">彼</wf>
         <wf lemma="の" pos="X">の</wf>
         <instance id="d000.s2887.t000" lemma="性質" pos="NOUN">性質</instance>
         <wf lemma="だ" pos="X">だ</wf>
         <wf lemma="." pos="X">.</wf>
      </sentence>
      <sentence id="d000.s2888" source="wordnet-japanese">
         <wf lemma="彼女" pos="X">彼女</wf>
         <wf lemma="の" pos="X">の</wf>
         <wf lemma="昔" pos="X">昔</wf>
         <wf lemma="の" pos="X">の</wf>
         <wf lemma="友人" pos="X">友人</wf>
         <wf lemma="は" pos="X">は</wf>
         <wf lemma="、" pos="X">、</wf>
         <wf lemma="今" pos="X">今</wf>
         <wf lemma="で" pos="X">で</wf>
         <wf lemma="は" pos="X">は</wf>
         <wf lemma="彼女" pos="X">彼女</wf>
         <wf lemma="を" pos="X">を</wf>
         <instance id="d000.s2888.t000" lemma="避ける" pos="VERB">避ける</instance>
         <wf lemma="." pos="X">.</wf>
      </sentence>
      <sentence id="d000.s2889" source="wordnet-japanese">
         <wf lemma="1" pos="X">1</wf>
         <wf lemma="つ" pos="X">つ</wf>
         <wf lemma="か" pos="X">か</wf>
         <wf lemma="2" pos="X">2</wf>
         <wf lemma="つ" pos="X">つ</wf>
         <wf lemma="の" pos="X">の</wf>
         <instance id="d000.s2889.t000" lemma="幻日" pos="NOUN">幻日</instance>
         <wf lemma="が" pos="X">が</wf>
         <wf lemma="通常" pos="X">通常</wf>
         <wf lemma="一" pos="X">一</wf>
         <wf lemma="回" pos="X">回</wf>
         <wf lemma="で" pos="X">で</wf>
         <wf lemma="見" pos="X">見</wf>
         <wf lemma="られる" pos="X">られる</wf>
         <wf lemma="." pos="X">.</wf>
      </sentence>
      <sentence id="d000.s2890" source="wordnet-japanese">
         <instance id="d000.s2890.t000" lemma="官能的" pos="ADJ">官能的</instance>
         <wf lemma="な" pos="X">な</wf>
         <wf lemma="ダンス" pos="X">ダンス</wf>
         <wf lemma="." pos="X">.</wf>
      </sentence>
      <sentence id="d000.s2891" source="wordnet-japanese">
         <wf lemma="コンピュータプログラム" pos="X">コンピュータプログラム</wf>
         <wf lemma="は" pos="X">は</wf>
         <wf lemma="、" pos="X">、</wf>
         <wf lemma="循環" pos="X">循環</wf>
         <wf lemma="器" pos="X">器</wf>
         <wf lemma="系" pos="X">系</wf>
         <wf lemma="と" pos="X">と</wf>
         <wf lemma="呼吸器" pos="X">呼吸器</wf>
         <wf lemma="系" pos="X">系</wf>
         <wf lemma="の" pos="X">の</wf>
         <instance id="d000.s2891.t000" lemma="モデル" pos="NOUN">モデル</instance>
         <wf lemma="に" pos="X">に</wf>
         <wf lemma="基づい" pos="X">基づい</wf>
         <wf lemma="て" pos="X">て</wf>
         <wf lemma="い" pos="X">い</wf>
         <wf lemma="た" pos="X">た</wf>
         <wf lemma="." pos="X">.</wf>
      </sentence>
      <sentence id="d000.s2892" source="wordnet-japanese">
         <wf lemma="彼" pos="X">彼</wf>
         <wf lemma="は" pos="X">は</wf>
         <instance id="d000.s2892.t000" lemma="アプローチショット" pos="NOUN">アプローチショット</instance>
         <wf lemma="が" pos="X">が</wf>
         <wf lemma="グリーン" pos="X">グリーン</wf>
         <wf lemma="を" pos="X">を</wf>
         <wf lemma="転がっ" pos="X">転がっ</wf>
         <wf lemma="て" pos="X">て</wf>
         <wf lemma="いる" pos="X">いる</wf>
         <wf lemma="とき" pos="X">とき</wf>
         <wf lemma="に" pos="X">に</wf>
         <wf lemma="ホール" pos="X">ホール</wf>
         <wf lemma="を" pos="X">を</wf>
         <wf lemma="見失っ" pos="X">見失っ</wf>
         <wf lemma="た" pos="X">た</wf>
         <wf lemma="." pos="X">.</wf>
      </sentence>
      <sentence id="d000.s2893" source="wordnet-japanese">
         <instance id="d000.s2893.t000" lemma="花屋" pos="NOUN">花屋</instance>
         <wf lemma="は" pos="X">は</wf>
         <wf lemma="すてき" pos="X">すてき</wf>
         <wf lemma="な" pos="X">な</wf>
         <wf lemma="花束" pos="X">花束</wf>
         <wf lemma="を" pos="X">を</wf>
         <wf lemma="作っ" pos="X">作っ</wf>
         <wf lemma="た" pos="X">た</wf>
         <wf lemma="." pos="X">.</wf>
      </sentence>
      <sentence id="d000.s2894" source="wordnet-japanese">
         <wf lemma="問題" pos="X">問題</wf>
         <wf lemma="の" pos="X">の</wf>
         <instance id="d000.s2894.t000" lemma="単純" pos="ADJ">単純</instance>
         <wf lemma="な" pos="X">な</wf>
         <wf lemma="解決" pos="X">解決</wf>
         <wf lemma="を" pos="X">を</wf>
         <wf lemma="見つけ" pos="X">見つけ</wf>
         <wf lemma="た" pos="X">た</wf>
         <wf lemma="." pos="X">.</wf>
      </sentence>
      <sentence id="d000.s2895" source="wordnet-japanese">
         <instance id="d000.s2895.t000" lemma="下手" pos="ADJ">下手</instance>
         <wf lemma="な" pos="X">な</wf>
         <wf lemma="ダンサー" pos="X">ダンサー</wf>
         <wf lemma="." pos="X">.</wf>
      </sentence>
      <sentence id="d000.s2896" source="wordnet-japanese">
         <instance id="d000.s2896.t000" lemma="秘密" pos="ADJ">秘密</instance>
         <wf lemma="の" pos="X">の</wf>
         <wf lemma="任務" pos="X">任務</wf>
         <wf lemma="." pos="X">.</wf>
      </sentence>
      <sentence id="d000.s2897" source="wordnet-japanese">
         <wf lemma="犯罪" pos="X">犯罪</wf>
         <wf lemma="が" pos="X">が</wf>
         <wf lemma="あっ" pos="X">あっ</wf>
         <wf lemma="た" pos="X">た</wf>
         <wf lemma="晩" pos="X">晩</wf>
         <wf lemma="の" pos="X">の</wf>
         <wf lemma="彼" pos="X">彼</wf>
         <wf lemma="の" pos="X">の</wf>
         <instance id="d000.s2897.t000" lemma="居所" pos="NOUN">居所</instance>
         <wf lemma="を" pos="X">を</wf>
         <wf lemma="尋ね" pos="X">尋ね</wf>
         <wf lemma="た" pos="X">た</wf>
         <wf lemma="." pos="X">.</wf>
      </sentence>
      <sentence id="d000.s2898" source="wordnet-japanese">
         <wf lemma="道化師" pos="X">道化師</wf>
         <wf lemma="の" pos="X">の</wf>
         <instance id="d000.s2898.t000" lemma="滑稽" pos="ADJ">滑稽</instance>
         <wf lemma="で" pos="X">で</wf>
         <wf lemma="面白く" pos="X">面白く</wf>
         <wf lemma="生き生き" pos="X">生き生き</wf>
         <wf lemma="と" pos="X">と</wf>
         <wf lemma="し" pos="X">し</wf>
         <wf lemma="た" pos="X">た</wf>
         <wf lemma="様子" pos="X">様子</wf>
         <wf lemma="." pos="X">.</wf>
      </sentence>
      <sentence id="d000.s2899" source="wordnet-japanese">
         <instance id="d000.s2899.t000" lemma="典型的" pos="ADJ">典型的</instance>
         <wf lemma="な" pos="X">な</wf>
         <wf lemma="十代" pos="X">十代</wf>
         <wf lemma="の" pos="X">の</wf>
         <wf lemma="振る舞い" pos="X">振る舞い</wf>
         <wf lemma="." pos="X">.</wf>
      </sentence>
      <sentence id="d000.s2900" source="wordnet-japanese">
         <wf lemma="1" pos="X">1</wf>
         <instance id="d000.s2900.t000" lemma="人" pos="NOUN">人</instance>
         <wf lemma="の" pos="X">の</wf>
         <wf lemma="人" pos="X">人</wf>
         <wf lemma="が" pos="X">が</wf>
         <wf lemma="やる" pos="X">やる</wf>
         <wf lemma="に" pos="X">に</wf>
         <wf lemma="は" pos="X">は</wf>
         <wf lemma="多すぎ" pos="X">多すぎ</wf>
         <wf lemma="た" pos="X">た</wf>
         <wf lemma="." pos="X">.</wf>
      </sentence>
      <sentence id="d000.s2901" source="wordnet-japanese">
         <instance id="d000.s2901.t000" lemma="死海文書" pos="NOUN">死海文書</instance>
         <wf lemma="は" pos="X">は</wf>
         <wf lemma="、" pos="X">、</wf>
         <wf lemma="キリスト" pos="X">キリスト</wf>
         <wf lemma="の" pos="X">の</wf>
         <wf lemma="時代" pos="X">時代</wf>
         <wf lemma="の" pos="X">の</wf>
         <wf lemma="ころ" pos="X">ころ</wf>
         <wf lemma="の" pos="X">の</wf>
         <wf lemma="ユダヤ教" pos="X">ユダヤ教</wf>
         <wf lemma="と" pos="X">と</wf>
         <wf lemma="聖書" pos="X">聖書</wf>
         <wf lemma="に関する" pos="X">に関する</wf>
         <wf lemma="情報" pos="X">情報</wf>
         <wf lemma="を" pos="X">を</wf>
         <wf lemma="与え" pos="X">与え</wf>
         <wf lemma="て" pos="X">て</wf>
         <wf lemma="くれる" pos="X">くれる</wf>
         <wf lemma="." pos="X">.</wf>
      </sentence>
      <sentence id="d000.s2902" source="wordnet-japanese">
         <wf lemma="板" pos="X">板</wf>
         <wf lemma="は" pos="X">は</wf>
         <wf lemma="、" pos="X">、</wf>
         <wf lemma="1" pos="X">1</wf>
         <wf lemma="フィート" pos="X">フィート</wf>
         <instance id="d000.s2902.t000" lemma="短い" pos="ADJ">短かっ</instance>
         <wf lemma="た" pos="X">た</wf>
         <wf lemma="である" pos="X">である</wf>
         <wf lemma="." pos="X">.</wf>
      </sentence>
      <sentence id="d000.s2903" source="wordnet-japanese">
         <instance id="d000.s2903.t000" lemma="法医学" pos="NOUN">法医学</instance>
         <wf lemma="は" pos="X">は</wf>
         <wf lemma="殺人者" pos="X">殺人者</wf>
         <wf lemma="を" pos="X">を</wf>
         <wf lemma="有罪" pos="X">有罪</wf>
         <wf lemma="と" pos="X">と</wf>
         <wf lemma="決定" pos="X">決定</wf>
         <wf lemma="し" pos="X">し</wf>
         <wf lemma="た" pos="X">た</wf>
         <wf lemma="証拠" pos="X">証拠</wf>
         <wf lemma="を" pos="X">を</wf>
         <wf lemma="提供" pos="X">提供</wf>
         <wf lemma="し" pos="X">し</wf>
         <wf lemma="た" pos="X">た</wf>
         <wf lemma="." pos="X">.</wf>
      </sentence>
      <sentence id="d000.s2904" source="wordnet-japanese">
         <wf lemma="彼" pos="X">彼</wf>
         <wf lemma="は" pos="X">は</wf>
         <wf lemma="いくつか" pos="X">いくつか</wf>
         <wf lemma="の" pos="X">の</wf>
         <wf lemma="ヨーロッパ" pos="X">ヨーロッパ</wf>
         <wf lemma="の" pos="X">の</wf>
         <instance id="d000.s2904.t000" lemma="国" pos="NOUN">国</instance>
         <wf lemma="を" pos="X">を</wf>
         <wf lemma="訪れ" pos="X">訪れ</wf>
         <wf lemma="た" pos="X">た</wf>
         <wf lemma="." pos="X">.</wf>
      </sentence>
      <sentence id="d000.s2905" source="wordnet-japanese">
         <instance id="d000.s2905.t000" lemma="リシン" pos="NOUN">リシン</instance>
         <wf lemma="の" pos="X">の</wf>
         <wf lemma="1" pos="X">1</wf>
         <wf lemma="ミリグラム" pos="X">ミリグラム</wf>
         <wf lemma="で" pos="X">で</wf>
         <wf lemma="大人" pos="X">大人</wf>
         <wf lemma="一人" pos="X">一人</wf>
         <wf lemma="を" pos="X">を</wf>
         <wf lemma="殺す" pos="X">殺す</wf>
         <wf lemma="こと" pos="X">こと</wf>
         <wf lemma="が" pos="X">が</wf>
         <wf lemma="できる" pos="X">できる</wf>
         <wf lemma="." pos="X">.</wf>
      </sentence>
      <sentence id="d000.s2906" source="wordnet-japanese">
         <wf lemma="彼" pos="X">彼</wf>
         <wf lemma="は" pos="X">は</wf>
         <wf lemma="タイムズ" pos="X">タイムズ</wf>
         <wf lemma="の" pos="X">の</wf>
         <wf lemma="昨日" pos="X">昨日</wf>
         <wf lemma="の" pos="X">の</wf>
         <instance id="d000.s2906.t000" lemma="版" pos="NOUN">版</instance>
         <wf lemma="で" pos="X">で</wf>
         <wf lemma="それ" pos="X">それ</wf>
         <wf lemma="を" pos="X">を</wf>
         <wf lemma="読ん" pos="X">読ん</wf>
         <wf lemma="だ" pos="X">だ</wf>
         <wf lemma="." pos="X">.</wf>
      </sentence>
      <sentence id="d000.s2907" source="wordnet-japanese">
         <wf lemma="短く" pos="X">短く</wf>
         <wf lemma="、" pos="X">、</wf>
         <instance id="d000.s2907.t000" lemma="簡潔" pos="ADJ">簡潔</instance>
         <wf lemma="な" pos="X">な</wf>
         <wf lemma="本" pos="X">本</wf>
         <wf lemma="." pos="X">.</wf>
      </sentence>
      <sentence id="d000.s2908" source="wordnet-japanese">
         <wf lemma="彼" pos="X">彼</wf>
         <wf lemma="は" pos="X">は</wf>
         <wf lemma="ドアストッパー" pos="X">ドアストッパー</wf>
         <wf lemma="と" pos="X">と</wf>
         <wf lemma="し" pos="X">し</wf>
         <wf lemma="て" pos="X">て</wf>
         <wf lemma="大きい" pos="X">大きい</wf>
         <instance id="d000.s2908.t000" lemma="本" pos="NOUN">本</instance>
         <wf lemma="を" pos="X">を</wf>
         <wf lemma="使用" pos="X">使用</wf>
         <wf lemma="し" pos="X">し</wf>
         <wf lemma="た" pos="X">た</wf>
         <wf lemma="." pos="X">.</wf>
      </sentence>
      <sentence id="d000.s2909" source="wordnet-japanese">
         <wf lemma="これら" pos="X">これら</wf>
         <wf lemma="の" pos="X">の</wf>
         <wf lemma="論題" pos="X">論題</wf>
         <wf lemma="は" pos="X">は</wf>
         <wf lemma="ただ単" pos="X">ただ単</wf>
         <wf lemma="に" pos="X">に</wf>
         <instance id="d000.s2909.t000" lemma="記述的" pos="ADV">記述的</instance>
         <wf lemma="に" pos="X">に</wf>
         <wf lemma="扱わ" pos="X">扱わ</wf>
         <wf lemma="れ" pos="X">れ</wf>
         <wf lemma="ない" pos="X">ない</wf>
         <wf lemma="ように" pos="X">ように</wf>
         <wf lemma="する" pos="X">する</wf>
         <wf lemma="必要" pos="X">必要</wf>
         <wf lemma="が" pos="X">が</wf>
         <wf lemma="ある" pos="X">ある</wf>
         <wf lemma="." pos="X">.</wf>
      </sentence>
      <sentence id="d000.s2910" source="wordnet-japanese">
         <wf lemma="彼" pos="X">彼</wf>
         <wf lemma="は" pos="X">は</wf>
         <wf lemma="自分" pos="X">自分</wf>
         <wf lemma="の" pos="X">の</wf>
         <wf lemma="飲酒" pos="X">飲酒</wf>
         <wf lemma="を" pos="X">を</wf>
         <instance id="d000.s2910.t000" lemma="秘密" pos="NOUN">秘密</instance>
         <wf lemma="に" pos="X">に</wf>
         <wf lemma="し" pos="X">し</wf>
         <wf lemma="て" pos="X">て</wf>
         <wf lemma="おこう" pos="X">おこう</wf>
         <wf lemma="と" pos="X">と</wf>
         <wf lemma="し" pos="X">し</wf>
         <wf lemma="た" pos="X">た</wf>
         <wf lemma="." pos="X">.</wf>
      </sentence>
      <sentence id="d000.s2911" source="wordnet-japanese">
         <wf lemma="移民" pos="X">移民</wf>
         <wf lemma="は" pos="X">は</wf>
         <wf lemma="、" pos="X">、</wf>
         <wf lemma="奇妙" pos="X">奇妙</wf>
         <wf lemma="な" pos="X">な</wf>
         <instance id="d000.s2911.t000" lemma="方言" pos="NOUN">方言</instance>
         <wf lemma="で" pos="X">で</wf>
         <wf lemma="英語" pos="X">英語</wf>
         <wf lemma="を" pos="X">を</wf>
         <wf lemma="話し" pos="X">話し</wf>
         <wf lemma="た" pos="X">た</wf>
         <wf lemma="." pos="X">.</wf>
      </sentence>
      <sentence id="d000.s2912" source="wordnet-japanese">
         <wf lemma="スポーツ" pos="X">スポーツ</wf>
         <wf lemma="競技" pos="X">競技</wf>
         <wf lemma="の" pos="X">の</wf>
         <instance id="d000.s2912.t000" lemma="フィルム" pos="NOUN">フィルム</instance>
         <wf lemma="報道" pos="X">報道</wf>
         <wf lemma="." pos="X">.</wf>
      </sentence>
      <sentence id="d000.s2913" source="wordnet-japanese">
         <wf lemma="私" pos="X">私</wf>
         <wf lemma="は" pos="X">は</wf>
         <wf lemma="、" pos="X">、</wf>
         <wf lemma="彼ら" pos="X">彼ら</wf>
         <wf lemma="が" pos="X">が</wf>
         <wf lemma="眠っ" pos="X">眠っ</wf>
         <wf lemma="て" pos="X">て</wf>
         <wf lemma="いる" pos="X">いる</wf>
         <wf lemma="と" pos="X">と</wf>
         <wf lemma="思う" pos="X">思う</wf>
         <wf lemma="。" pos="X">。</wf>
         <instance id="d000.s2913.t000" lemma="とにかく" pos="ADV">とにかく</instance>
         <wf lemma="、" pos="X">、</wf>
         <wf lemma="静か" pos="X">静か</wf>
         <wf lemma="である" pos="X">である</wf>
         <wf lemma="。" pos="X">。</wf>
         <wf lemma="." pos="X">.</wf>
      </sentence>
      <sentence id="d000.s2914" source="wordnet-japanese">
         <instance id="d000.s2914.t000" lemma="博学" pos="ADJ">博学</instance>
         <wf lemma="な" pos="X">な</wf>
         <wf lemma="教授" pos="X">教授</wf>
         <wf lemma="." pos="X">.</wf>
      </sentence>
      <sentence id="d000.s2915" source="wordnet-japanese">
         <wf lemma="それ" pos="X">それ</wf>
         <wf lemma="は" pos="X">は</wf>
         <instance id="d000.s2915.t000" lemma="庭" pos="NOUN">庭</instance>
         <wf lemma="の" pos="X">の</wf>
         <wf lemma="ほとんど" pos="X">ほとんど</wf>
         <wf lemma="ない" pos="X">ない</wf>
         <wf lemma="小さな" pos="X">小さな</wf>
         <wf lemma="家" pos="X">家</wf>
         <wf lemma="だっ" pos="X">だっ</wf>
         <wf lemma="た" pos="X">た</wf>
         <wf lemma="." pos="X">.</wf>
      </sentence>
      <sentence id="d000.s2916" source="wordnet-japanese">
         <instance id="d000.s2916.t000" lemma="無鉛" pos="ADJ">無鉛</instance>
         <wf lemma="ガソリン" pos="X">ガソリン</wf>
         <wf lemma="." pos="X">.</wf>
      </sentence>
      <sentence id="d000.s2917" source="wordnet-japanese">
         <instance id="d000.s2917.t000" lemma="質素" pos="ADJ">質素</instance>
         <wf lemma="な" pos="X">な</wf>
         <wf lemma="料金" pos="X">料金</wf>
         <wf lemma="." pos="X">.</wf>
      </sentence>
      <sentence id="d000.s2918" source="wordnet-japanese">
         <wf lemma="彼" pos="X">彼</wf>
         <wf lemma="の" pos="X">の</wf>
         <wf lemma="ずさん" pos="X">ずさん</wf>
         <wf lemma="な" pos="X">な</wf>
         <wf lemma="出演" pos="X">出演</wf>
         <wf lemma="は" pos="X">は</wf>
         <wf lemma="、" pos="X">、</wf>
         <instance id="d000.s2918.t000" lemma="悪い" pos="ADJ">悪い</instance>
         <wf lemma="印象" pos="X">印象</wf>
         <wf lemma="に" pos="X">に</wf>
         <wf lemma="なっ" pos="X">なっ</wf>
         <wf lemma="た" pos="X">た</wf>
         <wf lemma="." pos="X">.</wf>
      </sentence>
      <sentence id="d000.s2919" source="wordnet-japanese">
         <wf lemma="彼女" pos="X">彼女</wf>
         <wf lemma="の" pos="X">の</wf>
         <wf lemma="復活祭" pos="X">復活祭</wf>
         <wf lemma="スーツ" pos="X">スーツ</wf>
         <wf lemma="は" pos="X">は</wf>
         <instance id="d000.s2919.t000" lemma="良い" pos="ADJ">良く</instance>
         <wf lemma="似" pos="X">似</wf>
         <wf lemma="合う" pos="X">合う</wf>
         <wf lemma="." pos="X">.</wf>
      </sentence>
      <sentence id="d000.s2920" source="wordnet-japanese">
         <instance id="d000.s2920.t000" lemma="基本的" pos="ADJ">基本的</instance>
         <wf lemma="な" pos="X">な</wf>
         <wf lemma="原則" pos="X">原則</wf>
         <wf lemma="." pos="X">.</wf>
      </sentence>
      <sentence id="d000.s2921" source="wordnet-japanese">
         <wf lemma="価格" pos="X">価格</wf>
         <wf lemma="は" pos="X">は</wf>
         <wf lemma="需要" pos="X">需要</wf>
         <wf lemma="と" pos="X">と</wf>
         <wf lemma="供給" pos="X">供給</wf>
         <wf lemma="の" pos="X">の</wf>
         <wf lemma="相互" pos="X">相互</wf>
         <instance id="d000.s2921.t000" lemma="作用" pos="NOUN">作用</instance>
         <wf lemma="による" pos="X">による</wf>
         <wf lemma="もの" pos="X">もの</wf>
         <wf lemma="である" pos="X">である</wf>
         <wf lemma="." pos="X">.</wf>
      </sentence>
      <sentence id="d000.s2922" source="wordnet-japanese">
         <instance id="d000.s2922.t000" lemma="ちょうど" pos="ADV">ちょうど</instance>
         <wf lemma="彼" pos="X">彼</wf>
         <wf lemma="の" pos="X">の</wf>
         <wf lemma="顔" pos="X">顔</wf>
         <wf lemma="を" pos="X">を</wf>
         <wf lemma="殴る" pos="X">殴る</wf>
         <wf lemma="." pos="X">.</wf>
      </sentence>
      <sentence id="d000.s2923" source="wordnet-japanese">
         <wf lemma="理論" pos="X">理論</wf>
         <wf lemma="と" pos="X">と</wf>
         <wf lemma="実測" pos="X">実測</wf>
         <wf lemma="は" pos="X">は</wf>
         <instance id="d000.s2923.t000" lemma="一致" pos="NOUN">一致</instance>
         <wf lemma="し" pos="X">し</wf>
         <wf lemma="なかっ" pos="X">なかっ</wf>
         <wf lemma="た" pos="X">た</wf>
         <wf lemma="." pos="X">.</wf>
      </sentence>
      <sentence id="d000.s2924" source="wordnet-japanese">
         <wf lemma="`error" pos="X">`error</wf>
         <wf lemma="'" pos="X">'</wf>
         <wf lemma="という" pos="X">という</wf>
         <wf lemma="単語" pos="X">単語</wf>
         <wf lemma="は" pos="X">は</wf>
         <wf lemma="`r'" pos="X">`r'</wf>
         <wf lemma="の" pos="X">の</wf>
         <wf lemma="3" pos="X">3</wf>
         <wf lemma="つ" pos="X">つ</wf>
         <wf lemma="の" pos="X">の</wf>
         <instance id="d000.s2924.t000" lemma="トークン" pos="NOUN">トークン</instance>
         <wf lemma="を" pos="X">を</wf>
         <wf lemma="含む" pos="X">含む</wf>
         <wf lemma="." pos="X">.</wf>
      </sentence>
      <sentence id="d000.s2925" source="wordnet-japanese">
         <wf lemma="西" pos="X">西</wf>
         <wf lemma="ヨーロッパ" pos="X">ヨーロッパ</wf>
         <wf lemma="で" pos="X">で</wf>
         <wf lemma="最も" pos="X">最も</wf>
         <instance id="d000.s2925.t000" lemma="強力" pos="ADJ">強力</instance>
         <wf lemma="な" pos="X">な</wf>
         <wf lemma="政府" pos="X">政府</wf>
         <wf lemma="." pos="X">.</wf>
      </sentence>
      <sentence id="d000.s2926" source="wordnet-japanese">
         <wf lemma="彼ら" pos="X">彼ら</wf>
         <wf lemma="の" pos="X">の</wf>
         <wf lemma="悲しそうな" pos="X">悲しそうな</wf>
         <instance id="d000.s2926.t000" lemma="嘆き" pos="NOUN">嘆き</instance>
         <wf lemma="は" pos="X">は</wf>
         <wf lemma="棟中" pos="X">棟中</wf>
         <wf lemma="に" pos="X">に</wf>
         <wf lemma="聞こえ" pos="X">聞こえ</wf>
         <wf lemma="た" pos="X">た</wf>
         <wf lemma="." pos="X">.</wf>
      </sentence>
      <sentence id="d000.s2927" source="wordnet-japanese">
         <wf lemma="もし" pos="X">もし</wf>
         <wf lemma="私" pos="X">私</wf>
         <wf lemma="が" pos="X">が</wf>
         <wf lemma="、" pos="X">、</wf>
         <instance id="d000.s2927.t000" lemma="彼" pos="NOUN">彼</instance>
         <wf lemma="が" pos="X">が</wf>
         <wf lemma="彼女" pos="X">彼女</wf>
         <wf lemma="の" pos="X">の</wf>
         <wf lemma="ボーイフレンド" pos="X">ボーイフレンド</wf>
         <wf lemma="である" pos="X">である</wf>
         <wf lemma="と" pos="X">と</wf>
         <wf lemma="知っ" pos="X">知っ</wf>
         <wf lemma="て" pos="X">て</wf>
         <wf lemma="い" pos="X">い</wf>
         <wf lemma="た" pos="X">た</wf>
         <wf lemma="なら" pos="X">なら</wf>
         <wf lemma="ば" pos="X">ば</wf>
         <wf lemma="、" pos="X">、</wf>
         <wf lemma="私" pos="X">私</wf>
         <wf lemma="は" pos="X">は</wf>
         <wf lemma="尋ね" pos="X">尋ね</wf>
         <wf lemma="なかっ" pos="X">なかっ</wf>
         <wf lemma="た" pos="X">た</wf>
         <wf lemma="だろ" pos="X">だろ</wf>
         <wf lemma="う" pos="X">う</wf>
         <wf lemma="." pos="X">.</wf>
      </sentence>
      <sentence id="d000.s2928" source="wordnet-japanese">
         <instance id="d000.s2928.t000" lemma="重い" pos="ADJ">重い</instance>
         <wf lemma="マホガニー" pos="X">マホガニー</wf>
         <wf lemma="の" pos="X">の</wf>
         <wf lemma="家具" pos="X">家具</wf>
         <wf lemma="." pos="X">.</wf>
      </sentence>
      <sentence id="d000.s2929" source="wordnet-japanese">
         <wf lemma="多く" pos="X">多く</wf>
         <wf lemma="の" pos="X">の</wf>
         <wf lemma="兵士" pos="X">兵士</wf>
         <wf lemma="は" pos="X">は</wf>
         <wf lemma="ベルダン" pos="X">ベルダン</wf>
         <wf lemma="で" pos="X">で</wf>
         <instance id="d000.s2929.t000" lemma="倒れる" pos="VERB">倒れ</instance>
         <wf lemma="た" pos="X">た</wf>
         <wf lemma="." pos="X">.</wf>
      </sentence>
      <sentence id="d000.s2930" source="wordnet-japanese">
         <wf lemma="彼" pos="X">彼</wf>
         <wf lemma="は" pos="X">は</wf>
         <wf lemma="夜" pos="X">夜</wf>
         <wf lemma="に" pos="X">に</wf>
         <instance id="d000.s2930.t000" lemma="起きる" pos="VERB">起き</instance>
         <wf lemma="た" pos="X">た</wf>
         <wf lemma="." pos="X">.</wf>
      </sentence>
      <sentence id="d000.s2931" source="wordnet-japanese">
         <instance id="d000.s2931.t000" lemma="個人的" pos="ADJ">個人的</instance>
         <wf lemma="な" pos="X">な</wf>
         <wf lemma="家族" pos="X">家族</wf>
         <wf lemma="の" pos="X">の</wf>
         <wf lemma="問題" pos="X">問題</wf>
         <wf lemma="." pos="X">.</wf>
      </sentence>
      <sentence id="d000.s2932" source="wordnet-japanese">
         <wf lemma="経験" pos="X">経験</wf>
         <wf lemma="は" pos="X">は</wf>
         <wf lemma="厳しい" pos="X">厳しい</wf>
         <instance id="d000.s2932.t000" lemma="教師" pos="NOUN">教師</instance>
         <wf lemma="である" pos="X">である</wf>
         <wf lemma="." pos="X">.</wf>
      </sentence>
      <sentence id="d000.s2933" source="wordnet-japanese">
         <instance id="d000.s2933.t000" lemma="小規模" pos="ADJ">小規模</instance>
         <wf lemma="な" pos="X">な</wf>
         <wf lemma="国." pos="X">国.</wf>
      </sentence>
      <sentence id="d000.s2934" source="wordnet-japanese">
         <instance id="d000.s2934.t000" lemma="技術的" pos="ADV">技術的</instance>
         <wf lemma="に" pos="X">に</wf>
         <wf lemma="、" pos="X">、</wf>
         <wf lemma="その" pos="X">その</wf>
         <wf lemma="用語" pos="X">用語</wf>
         <wf lemma="は" pos="X">は</wf>
         <wf lemma="もう" pos="X">もう</wf>
         <wf lemma="専門家" pos="X">専門家</wf>
         <wf lemma="によって" pos="X">によって</wf>
         <wf lemma="使用" pos="X">使用</wf>
         <wf lemma="さ" pos="X">さ</wf>
         <wf lemma="れ" pos="X">れ</wf>
         <wf lemma="て" pos="X">て</wf>
         <wf lemma="い" pos="X">い</wf>
         <wf lemma="ない" pos="X">ない</wf>
         <wf lemma="." pos="X">.</wf>
      </sentence>
      <sentence id="d000.s2935" source="wordnet-japanese">
         <instance id="d000.s2935.t000" lemma="ザカート" pos="NOUN">ザカート</instance>
         <wf lemma="は" pos="X">は</wf>
         <wf lemma="、" pos="X">、</wf>
         <wf lemma="貧乏人" pos="X">貧乏人</wf>
         <wf lemma="や" pos="X">や</wf>
         <wf lemma="障害者" pos="X">障害者</wf>
         <wf lemma="に対して" pos="X">に対して</wf>
         <wf lemma="割り当て" pos="X">割り当て</wf>
         <wf lemma="られる" pos="X">られる</wf>
         <wf lemma="." pos="X">.</wf>
      </sentence>
      <sentence id="d000.s2936" source="wordnet-japanese">
         <instance id="d000.s2936.t000" lemma="眠気" pos="NOUN">眠気</instance>
         <wf lemma="から" pos="X">から</wf>
         <wf lemma="引き起こさ" pos="X">引き起こさ</wf>
         <wf lemma="れる" pos="X">れる</wf>
         <wf lemma="交通" pos="X">交通</wf>
         <wf lemma="事故" pos="X">事故</wf>
         <wf lemma="が" pos="X">が</wf>
         <wf lemma="多い" pos="X">多い</wf>
         <wf lemma="." pos="X">.</wf>
      </sentence>
      <sentence id="d000.s2937" source="wordnet-japanese">
         <instance id="d000.s2937.t000" lemma="目録" pos="NOUN">目録</instance>
         <wf lemma="は" pos="X">は</wf>
         <wf lemma="、" pos="X">、</wf>
         <wf lemma="何か" pos="X">何か</wf>
         <wf lemma="が" pos="X">が</wf>
         <wf lemma="なく" pos="X">なく</wf>
         <wf lemma="なっ" pos="X">なっ</wf>
         <wf lemma="て" pos="X">て</wf>
         <wf lemma="いる" pos="X">いる</wf>
         <wf lemma="か" pos="X">か</wf>
         <wf lemma="どうか" pos="X">どうか</wf>
         <wf lemma="見る" pos="X">見る</wf>
         <wf lemma="の" pos="X">の</wf>
         <wf lemma="に" pos="X">に</wf>
         <wf lemma="必要" pos="X">必要</wf>
         <wf lemma="かもしれ" pos="X">かもしれ</wf>
         <wf lemma="ない" pos="X">ない</wf>
         <wf lemma="." pos="X">.</wf>
      </sentence>
      <sentence id="d000.s2938" source="wordnet-japanese">
         <wf lemma="彼ら" pos="X">彼ら</wf>
         <wf lemma="は" pos="X">は</wf>
         <wf lemma="衝突" pos="X">衝突</wf>
         <wf lemma="の" pos="X">の</wf>
         <instance id="d000.s2938.t000" lemma="原因" pos="NOUN">原因</instance>
         <wf lemma="を" pos="X">を</wf>
         <wf lemma="決定" pos="X">決定</wf>
         <wf lemma="し" pos="X">し</wf>
         <wf lemma="よう" pos="X">よう</wf>
         <wf lemma="と" pos="X">と</wf>
         <wf lemma="し" pos="X">し</wf>
         <wf lemma="て" pos="X">て</wf>
         <wf lemma="いる" pos="X">いる</wf>
         <wf lemma="." pos="X">.</wf>
      </sentence>
      <sentence id="d000.s2939" source="wordnet-japanese">
         <wf lemma="彼" pos="X">彼</wf>
         <wf lemma="は" pos="X">は</wf>
         <instance id="d000.s2939.t000" lemma="髪" pos="NOUN">髪</instance>
         <wf lemma="の" pos="X">の</wf>
         <wf lemma="毛" pos="X">毛</wf>
         <wf lemma="を" pos="X">を</wf>
         <wf lemma="とかし" pos="X">とかし</wf>
         <wf lemma="た" pos="X">た</wf>
         <wf lemma="." pos="X">.</wf>
      </sentence>
      <sentence id="d000.s2940" source="wordnet-japanese">
         <wf lemma="不動産" pos="X">不動産</wf>
         <instance id="d000.s2940.t000" lemma="バブル" pos="NOUN">バブル</instance>
         <wf lemma="." pos="X">.</wf>
      </sentence>
      <sentence id="d000.s2941" source="wordnet-japanese">
         <wf lemma="結果" pos="X">結果</wf>
         <wf lemma="は" pos="X">は</wf>
         <wf lemma="その" pos="X">その</wf>
         <wf lemma="時点" pos="X">時点</wf>
         <wf lemma="の" pos="X">の</wf>
         <wf lemma="影響" pos="X">影響</wf>
         <wf lemma="の" pos="X">の</wf>
         <instance id="d000.s2941.t000" lemma="構成" pos="NOUN">構成</instance>
         <wf lemma="に" pos="X">に</wf>
         <wf lemma="左右" pos="X">左右</wf>
         <wf lemma="さ" pos="X">さ</wf>
         <wf lemma="れる" pos="X">れる</wf>
         <wf lemma="." pos="X">.</wf>
      </sentence>
      <sentence id="d000.s2942" source="wordnet-japanese">
         <wf lemma="熱" pos="X">熱</wf>
         <wf lemma="は" pos="X">は</wf>
         <wf lemma="ワックス" pos="X">ワックス</wf>
         <wf lemma="を" pos="X">を</wf>
         <instance id="d000.s2942.t000" lemma="溶かす" pos="VERB">溶かし</instance>
         <wf lemma="た" pos="X">た</wf>
         <wf lemma="." pos="X">.</wf>
      </sentence>
      <sentence id="d000.s2943" source="wordnet-japanese">
         <wf lemma="子供" pos="X">子供</wf>
         <wf lemma="と" pos="X">と</wf>
         <wf lemma="親" pos="X">親</wf>
         <wf lemma="の" pos="X">の</wf>
         <instance id="d000.s2943.t000" lemma="著しい" pos="ADJ">著しい</instance>
         <wf lemma="類似" pos="X">類似</wf>
         <wf lemma="." pos="X">.</wf>
      </sentence>
      <sentence id="d000.s2944" source="wordnet-japanese">
         <wf lemma="委員会" pos="X">委員会</wf>
         <wf lemma="は" pos="X">は</wf>
         <instance id="d000.s2944.t000" lemma="とりわけ" pos="ADV">とりわけ</instance>
         <wf lemma="彼" pos="X">彼</wf>
         <wf lemma="が" pos="X">が</wf>
         <wf lemma="昇進" pos="X">昇進</wf>
         <wf lemma="する" pos="X">する</wf>
         <wf lemma="こと" pos="X">こと</wf>
         <wf lemma="を" pos="X">を</wf>
         <wf lemma="推薦" pos="X">推薦</wf>
         <wf lemma="し" pos="X">し</wf>
         <wf lemma="た" pos="X">た</wf>
         <wf lemma="." pos="X">.</wf>
      </sentence>
      <sentence id="d000.s2945" source="wordnet-japanese">
         <wf lemma="ワイヤー" pos="X">ワイヤー</wf>
         <wf lemma="を" pos="X">を</wf>
         <wf lemma="きつく" pos="X">きつく</wf>
         <instance id="d000.s2945.t000" lemma="締める" pos="VERB">締める</instance>
         <wf lemma="." pos="X">.</wf>
      </sentence>
      <sentence id="d000.s2946" source="wordnet-japanese">
         <wf lemma="瞬時" pos="X">瞬時</wf>
         <wf lemma="に" pos="X">に</wf>
         <instance id="d000.s2946.t000" lemma="消す" pos="VERB">消さ</instance>
         <wf lemma="れる" pos="X">れる</wf>
         <wf lemma="に" pos="X">に</wf>
         <wf lemma="は" pos="X">は</wf>
         <wf lemma="あまり" pos="X">あまり</wf>
         <wf lemma="に" pos="X">に</wf>
         <wf lemma="大きく" pos="X">大きく</wf>
         <wf lemma="、" pos="X">、</wf>
         <wf lemma="山火事" pos="X">山火事</wf>
         <wf lemma="は" pos="X">は</wf>
         <wf lemma="せい" pos="X">せい</wf>
         <wf lemma="ぜい" pos="X">ぜい</wf>
         <wf lemma="食い" pos="X">食い</wf>
         <wf lemma="止め" pos="X">止め</wf>
         <wf lemma="られる" pos="X">られる</wf>
         <wf lemma="こと" pos="X">こと</wf>
         <wf lemma="が" pos="X">が</wf>
         <wf lemma="できる" pos="X">できる</wf>
         <wf lemma="くらい" pos="X">くらい</wf>
         <wf lemma="だっ" pos="X">だっ</wf>
         <wf lemma="た" pos="X">た</wf>
         <wf lemma="." pos="X">.</wf>
      </sentence>
      <sentence id="d000.s2947" source="wordnet-japanese">
         <wf lemma="マッサージ" pos="X">マッサージ</wf>
         <wf lemma="に" pos="X">に</wf>
         <wf lemma="広範囲" pos="X">広範囲</wf>
         <wf lemma="に" pos="X">に</wf>
         <wf lemma="及ぶ" pos="X">及ぶ</wf>
         <wf lemma="医学" pos="X">医学</wf>
         <wf lemma="の" pos="X">の</wf>
         <instance id="d000.s2947.t000" lemma="適用" pos="NOUN">適用</instance>
         <wf lemma="が" pos="X">が</wf>
         <wf lemma="ある" pos="X">ある</wf>
         <wf lemma="." pos="X">.</wf>
      </sentence>
      <sentence id="d000.s2948" source="wordnet-japanese">
         <wf lemma="雨水" pos="X">雨水</wf>
         <wf lemma="を" pos="X">を</wf>
         <wf lemma="土" pos="X">土</wf>
         <wf lemma="で" pos="X">で</wf>
         <instance id="d000.s2948.t000" lemma="ろ過" pos="NOUN">ろ過</instance>
         <wf lemma="する" pos="X">する</wf>
         <wf lemma="こと" pos="X">こと</wf>
         <wf lemma="." pos="X">.</wf>
      </sentence>
      <sentence id="d000.s2949" source="wordnet-japanese">
         <wf lemma="トム" pos="X">トム</wf>
         <wf lemma="と" pos="X">と</wf>
         <wf lemma="ディック" pos="X">ディック</wf>
         <wf lemma="は" pos="X">は</wf>
         <wf lemma="、" pos="X">、</wf>
         <wf lemma="共に" pos="X">共に</wf>
         <wf lemma="英雄" pos="X">英雄</wf>
         <wf lemma="だっ" pos="X">だっ</wf>
         <wf lemma="た" pos="X">た</wf>
         <wf lemma="が" pos="X">が</wf>
         <wf lemma="、" pos="X">、</wf>
         <instance id="d000.s2949.t000" lemma="後者" pos="NOUN">後者</instance>
         <wf lemma="だけ" pos="X">だけ</wf>
         <wf lemma="が" pos="X">が</wf>
         <wf lemma="、" pos="X">、</wf>
         <wf lemma="今日" pos="X">今日</wf>
         <wf lemma="も" pos="X">も</wf>
         <wf lemma="覚え" pos="X">覚え</wf>
         <wf lemma="られ" pos="X">られ</wf>
         <wf lemma="て" pos="X">て</wf>
         <wf lemma="いる" pos="X">いる</wf>
         <wf lemma="." pos="X">.</wf>
      </sentence>
      <sentence id="d000.s2950" source="wordnet-japanese">
         <wf lemma="その" pos="X">その</wf>
         <wf lemma="セールスマン" pos="X">セールスマン</wf>
         <wf lemma="は" pos="X">は</wf>
         <instance id="d000.s2950.t000" lemma="販売" pos="NOUN">販売</instance>
         <wf lemma="契約" pos="X">契約</wf>
         <wf lemma="を" pos="X">を</wf>
         <wf lemma="自分" pos="X">自分</wf>
         <wf lemma="の" pos="X">の</wf>
         <wf lemma="事務所" pos="X">事務所</wf>
         <wf lemma="に" pos="X">に</wf>
         <wf lemma="ファックス" pos="X">ファックス</wf>
         <wf lemma="で" pos="X">で</wf>
         <wf lemma="送っ" pos="X">送っ</wf>
         <wf lemma="た" pos="X">た</wf>
         <wf lemma="." pos="X">.</wf>
      </sentence>
      <sentence id="d000.s2951" source="wordnet-japanese">
         <instance id="d000.s2951.t000" lemma="暖かい" pos="ADJ">暖かい</instance>
         <wf lemma="支援" pos="X">支援</wf>
         <wf lemma="." pos="X">.</wf>
      </sentence>
      <sentence id="d000.s2952" source="wordnet-japanese">
         <instance id="d000.s2952.t000" lemma="少し" pos="ADV">少し</instance>
         <wf lemma="小さい" pos="X">小さい</wf>
         <wf lemma="." pos="X">.</wf>
      </sentence>
      <sentence id="d000.s2953" source="wordnet-japanese">
         <wf lemma="客" pos="X">客</wf>
         <wf lemma="を" pos="X">を</wf>
         <wf lemma="着席" pos="X">着席</wf>
         <wf lemma="さ" pos="X">さ</wf>
         <wf lemma="せる" pos="X">せる</wf>
         <instance id="d000.s2953.t000" lemma="計画" pos="NOUN">計画</instance>
         <wf lemma="." pos="X">.</wf>
      </sentence>
      <sentence id="d000.s2954" source="wordnet-japanese">
         <wf lemma="真相" pos="X">真相</wf>
         <wf lemma="は" pos="X">は</wf>
         <wf lemma="必ず" pos="X">必ず</wf>
         <instance id="d000.s2954.t000" lemma="現れる" pos="VERB">現れる</instance>
         <wf lemma="." pos="X">.</wf>
      </sentence>
      <sentence id="d000.s2955" source="wordnet-japanese">
         <wf lemma="彼" pos="X">彼</wf>
         <wf lemma="は" pos="X">は</wf>
         <instance id="d000.s2955.t000" lemma="確か" pos="ADJ">確か</instance>
         <wf lemma="に" pos="X">に</wf>
         <wf lemma="死に" pos="X">死に</wf>
         <wf lemma="直面" pos="X">直面</wf>
         <wf lemma="し" pos="X">し</wf>
         <wf lemma="た" pos="X">た</wf>
         <wf lemma="." pos="X">.</wf>
      </sentence>
      <sentence id="d000.s2956" source="wordnet-japanese">
         <wf lemma="水" pos="X">水</wf>
         <wf lemma="の" pos="X">の</wf>
         <wf lemma="固体" pos="X">固体</wf>
         <instance id="d000.s2956.t000" lemma="状態" pos="NOUN">状態</instance>
         <wf lemma="は" pos="X">は</wf>
         <wf lemma="氷" pos="X">氷</wf>
         <wf lemma="と" pos="X">と</wf>
         <wf lemma="呼ば" pos="X">呼ば</wf>
         <wf lemma="れる" pos="X">れる</wf>
         <wf lemma="." pos="X">.</wf>
      </sentence>
      <sentence id="d000.s2957" source="wordnet-japanese">
         <wf lemma="繊細" pos="X">繊細</wf>
         <wf lemma="で" pos="X">で</wf>
         <wf lemma="とても" pos="X">とても</wf>
         <instance id="d000.s2957.t000" lemma="不安定" pos="ADJ">不安定</instance>
         <wf lemma="な" pos="X">な</wf>
         <wf lemma="化合物" pos="X">化合物</wf>
         <wf lemma="." pos="X">.</wf>
      </sentence>
      <sentence id="d000.s2958" source="wordnet-japanese">
         <wf lemma="彼" pos="X">彼</wf>
         <wf lemma="は" pos="X">は</wf>
         <wf lemma="簡単" pos="X">簡単</wf>
         <wf lemma="に" pos="X">に</wf>
         <instance id="d000.s2958.t000" lemma="怒る" pos="VERB">怒る</instance>
         <wf lemma="." pos="X">.</wf>
      </sentence>
      <sentence id="d000.s2959" source="wordnet-japanese">
         <wf lemma="窓" pos="X">窓</wf>
         <wf lemma="を" pos="X">を</wf>
         <wf lemma="開け" pos="X">開け</wf>
         <wf lemma="て" pos="X">て</wf>
         <wf lemma="ください" pos="X">ください</wf>
         <wf lemma="、" pos="X">、</wf>
         <wf lemma="そして" pos="X">そして</wf>
         <wf lemma="、" pos="X">、</wf>
         <instance id="d000.s2959.t000" lemma="空気" pos="NOUN">空気</instance>
         <wf lemma="を" pos="X">を</wf>
         <wf lemma="入れ" pos="X">入れ</wf>
         <wf lemma="て" pos="X">て</wf>
         <wf lemma="ください" pos="X">ください</wf>
         <wf lemma="." pos="X">.</wf>
      </sentence>
      <sentence id="d000.s2960" source="wordnet-japanese">
         <instance id="d000.s2960.t000" lemma="深い" pos="ADJ">深い</instance>
         <wf lemma="飛び込み" pos="X">飛び込み</wf>
         <wf lemma="." pos="X">.</wf>
      </sentence>
      <sentence id="d000.s2961" source="wordnet-japanese">
         <instance id="d000.s2961.t000" lemma="効果的" pos="ADJ">効果的</instance>
         <wf lemma="な" pos="X">な</wf>
         <wf lemma="法律" pos="X">法律</wf>
         <wf lemma="." pos="X">.</wf>
      </sentence>
      <sentence id="d000.s2962" source="wordnet-japanese">
         <wf lemma="ある" pos="X">ある</wf>
         <wf lemma="会社" pos="X">会社</wf>
         <wf lemma="の" pos="X">の</wf>
         <wf lemma="、" pos="X">、</wf>
         <wf lemma="他社" pos="X">他社</wf>
         <wf lemma="による" pos="X">による</wf>
         <instance id="d000.s2962.t000" lemma="取得" pos="NOUN">取得</instance>
         <wf lemma="." pos="X">.</wf>
      </sentence>
      <sentence id="d000.s2963" source="wordnet-japanese">
         <wf lemma="彼" pos="X">彼</wf>
         <wf lemma="は" pos="X">は</wf>
         <wf lemma="ニュージャージー" pos="X">ニュージャージー</wf>
         <wf lemma="に" pos="X">に</wf>
         <wf lemma="遠い" pos="X">遠い</wf>
         <instance id="d000.s2963.t000" lemma="親戚" pos="NOUN">親戚</instance>
         <wf lemma="が" pos="X">が</wf>
         <wf lemma="いる" pos="X">いる</wf>
         <wf lemma="." pos="X">.</wf>
      </sentence>
      <sentence id="d000.s2964" source="wordnet-japanese">
         <wf lemma="彼女" pos="X">彼女</wf>
         <wf lemma="は" pos="X">は</wf>
         <wf lemma="い" pos="X">い</wf>
         <wf lemma="たずら" pos="X">たずら</wf>
         <wf lemma="な" pos="X">な</wf>
         <wf lemma="妖精" pos="X">妖精</wf>
         <wf lemma="であっ" pos="X">であっ</wf>
         <wf lemma="た" pos="X">た</wf>
         <wf lemma="?" pos="X">?</wf>
         <wf lemma="優雅" pos="X">優雅</wf>
         <wf lemma="で" pos="X">で</wf>
         <instance id="d000.s2964.t000" lemma="繊細" pos="ADJ">繊細</instance>
         <wf lemma="な" pos="X">な</wf>
         <wf lemma="." pos="X">.</wf>
      </sentence>
      <sentence id="d000.s2965" source="wordnet-japanese">
         <wf lemma="彼" pos="X">彼</wf>
         <wf lemma="は" pos="X">は</wf>
         <wf lemma="話題" pos="X">話題</wf>
         <wf lemma="の" pos="X">の</wf>
         <instance id="d000.s2965.t000" lemma="取り合わせ" pos="NOUN">取り合わせ</instance>
         <wf lemma="を" pos="X">を</wf>
         <wf lemma="変え" pos="X">変え</wf>
         <wf lemma="た" pos="X">た</wf>
         <wf lemma="." pos="X">.</wf>
      </sentence>
      <sentence id="d000.s2966" source="wordnet-japanese">
         <wf lemma="ボルト" pos="X">ボルト</wf>
         <wf lemma="は" pos="X">は</wf>
         <instance id="d000.s2966.t000" lemma="堅い" pos="ADJ">堅い</instance>
         <wf lemma="." pos="X">.</wf>
      </sentence>
      <sentence id="d000.s2967" source="wordnet-japanese">
         <wf lemma="ブレーキ" pos="X">ブレーキ</wf>
         <wf lemma="を" pos="X">を</wf>
         <instance id="d000.s2967.t000" lemma="踏む" pos="VERB">踏ん</instance>
         <wf lemma="で" pos="X">で</wf>
         <wf lemma="ください" pos="X">ください</wf>
         <wf lemma="." pos="X">.</wf>
      </sentence>
      <sentence id="d000.s2968" source="wordnet-japanese">
         <wf lemma="地域" pos="X">地域</wf>
         <wf lemma="社会" pos="X">社会</wf>
         <wf lemma="は" pos="X">は</wf>
         <wf lemma="、" pos="X">、</wf>
         <wf lemma="避難民" pos="X">避難民</wf>
         <wf lemma="を" pos="X">を</wf>
         <wf lemma="暖かく" pos="X">暖かく</wf>
         <instance id="d000.s2968.t000" lemma="迎える" pos="VERB">迎え</instance>
         <wf lemma="た" pos="X">た</wf>
         <wf lemma="." pos="X">.</wf>
      </sentence>
      <sentence id="d000.s2969" source="wordnet-japanese">
         <wf lemma="私" pos="X">私</wf>
         <wf lemma="の" pos="X">の</wf>
         <wf lemma="心" pos="X">心</wf>
         <wf lemma="の" pos="X">の</wf>
         <wf lemma="中" pos="X">中</wf>
         <wf lemma="の" pos="X">の</wf>
         <instance id="d000.s2969.t000" lemma="場所" pos="NOUN">場所</instance>
         <wf lemma="." pos="X">.</wf>
      </sentence>
      <sentence id="d000.s2970" source="wordnet-japanese">
         <wf lemma="彼" pos="X">彼</wf>
         <wf lemma="は" pos="X">は</wf>
         <wf lemma="、" pos="X">、</wf>
         <wf lemma="彼ら" pos="X">彼ら</wf>
         <wf lemma="の" pos="X">の</wf>
         <instance id="d000.s2970.t000" lemma="信頼" pos="NOUN">信頼</instance>
         <wf lemma="を" pos="X">を</wf>
         <wf lemma="裏切っ" pos="X">裏切っ</wf>
         <wf lemma="た" pos="X">た</wf>
         <wf lemma="." pos="X">.</wf>
      </sentence>
      <sentence id="d000.s2971" source="wordnet-japanese">
         <instance id="d000.s2971.t000" lemma="月" pos="NOUN">月</instance>
         <wf lemma="まで" pos="X">まで</wf>
         <wf lemma="の" pos="X">の</wf>
         <wf lemma="平均" pos="X">平均</wf>
         <wf lemma="距離" pos="X">距離</wf>
         <wf lemma="は" pos="X">は</wf>
         <wf lemma="、" pos="X">、</wf>
         <wf lemma="384,400" pos="X">384,400</wf>
         <wf lemma="キロメートル" pos="X">キロメートル</wf>
         <wf lemma="である" pos="X">である</wf>
         <wf lemma="." pos="X">.</wf>
      </sentence>
      <sentence id="d000.s2972" source="wordnet-japanese">
         <wf lemma="その" pos="X">その</wf>
         <wf lemma="攻撃" pos="X">攻撃</wf>
         <wf lemma="は" pos="X">は</wf>
         <wf lemma="我々" pos="X">我々</wf>
         <wf lemma="の" pos="X">の</wf>
         <wf lemma="前線" pos="X">前線</wf>
         <instance id="d000.s2972.t000" lemma="基地" pos="NOUN">基地</instance>
         <wf lemma="を" pos="X">を</wf>
         <wf lemma="一掃" pos="X">一掃</wf>
         <wf lemma="し" pos="X">し</wf>
         <wf lemma="た" pos="X">た</wf>
         <wf lemma="." pos="X">.</wf>
      </sentence>
      <sentence id="d000.s2973" source="wordnet-japanese">
         <instance id="d000.s2973.t000" lemma="実際" pos="ADV">実際</instance>
         <wf lemma="に" pos="X">に</wf>
         <wf lemma="は" pos="X">は</wf>
         <wf lemma="決して" pos="X">決して</wf>
         <wf lemma="純朴" pos="X">純朴</wf>
         <wf lemma="で" pos="X">で</wf>
         <wf lemma="は" pos="X">は</wf>
         <wf lemma="ない" pos="X">ない</wf>
         <wf lemma="画家" pos="X">画家</wf>
         <wf lemma="." pos="X">.</wf>
      </sentence>
      <sentence id="d000.s2974" source="wordnet-japanese">
         <instance id="d000.s2974.t000" lemma="名高い" pos="ADJ">名高い</instance>
         <wf lemma="科学者" pos="X">科学者</wf>
         <wf lemma="." pos="X">.</wf>
      </sentence>
      <sentence id="d000.s2975" source="wordnet-japanese">
         <wf lemma="その" pos="X">その</wf>
         <wf lemma="年" pos="X">年</wf>
         <wf lemma="は" pos="X">は</wf>
         <instance id="d000.s2975.t000" lemma="不作" pos="NOUN">不作</instance>
         <wf lemma="だっ" pos="X">だっ</wf>
         <wf lemma="た" pos="X">た</wf>
         <wf lemma="." pos="X">.</wf>
      </sentence>
      <sentence id="d000.s2976" source="wordnet-japanese">
         <wf lemma="私" pos="X">私</wf>
         <wf lemma="たち" pos="X">たち</wf>
         <wf lemma="の" pos="X">の</wf>
         <wf lemma="人生" pos="X">人生</wf>
         <wf lemma="の" pos="X">の</wf>
         <instance id="d000.s2976.t000" lemma="道" pos="NOUN">道</instance>
         <wf lemma="筋" pos="X">筋</wf>
         <wf lemma="は" pos="X">は</wf>
         <wf lemma="私たち" pos="X">私たち</wf>
         <wf lemma="を" pos="X">を</wf>
         <wf lemma="離れ" pos="X">離れ</wf>
         <wf lemma="離れ" pos="X">離れ</wf>
         <wf lemma="に" pos="X">に</wf>
         <wf lemma="し" pos="X">し</wf>
         <wf lemma="た" pos="X">た</wf>
         <wf lemma="." pos="X">.</wf>
      </sentence>
      <sentence id="d000.s2977" source="wordnet-japanese">
         <wf lemma="彼" pos="X">彼</wf>
         <wf lemma="の" pos="X">の</wf>
         <wf lemma="言葉" pos="X">言葉</wf>
         <wf lemma="を" pos="X">を</wf>
         <instance id="d000.s2977.t000" lemma="頭" pos="NOUN">頭</instance>
         <wf lemma="から" pos="X">から</wf>
         <wf lemma="追い払う" pos="X">追い払う</wf>
         <wf lemma="こと" pos="X">こと</wf>
         <wf lemma="が" pos="X">が</wf>
         <wf lemma="でき" pos="X">でき</wf>
         <wf lemma="なかっ" pos="X">なかっ</wf>
         <wf lemma="た" pos="X">た</wf>
         <wf lemma="." pos="X">.</wf>
      </sentence>
      <sentence id="d000.s2978" source="wordnet-japanese">
         <instance id="d000.s2978.t000" lemma="秘密" pos="ADJ">秘密</instance>
         <wf lemma="の" pos="X">の</wf>
         <wf lemma="文章" pos="X">文章</wf>
         <wf lemma="." pos="X">.</wf>
      </sentence>
      <sentence id="d000.s2979" source="wordnet-japanese">
         <wf lemma="ディフェンシブ" pos="X">ディフェンシブ</wf>
         <wf lemma="・" pos="X">・</wf>
         <wf lemma="ライン" pos="X">ライン</wf>
         <wf lemma="へ" pos="X">へ</wf>
         <wf lemma="の" pos="X">の</wf>
         <wf lemma="フルバック" pos="X">フルバック</wf>
         <wf lemma="の" pos="X">の</wf>
         <instance id="d000.s2979.t000" lemma="スマッシュ" pos="NOUN">スマッシュ</instance>
         <wf lemma="." pos="X">.</wf>
      </sentence>
      <sentence id="d000.s2980" source="wordnet-japanese">
         <wf lemma="彼" pos="X">彼</wf>
         <wf lemma="は" pos="X">は</wf>
         <wf lemma="、" pos="X">、</wf>
         <instance id="d000.s2980.t000" lemma="なんとなく" pos="ADV">なんとなく</instance>
         <wf lemma="知っ" pos="X">知っ</wf>
         <wf lemma="て" pos="X">て</wf>
         <wf lemma="いる" pos="X">いる</wf>
         <wf lemma="ように" pos="X">ように</wf>
         <wf lemma="見え" pos="X">見え</wf>
         <wf lemma="た" pos="X">た</wf>
         <wf lemma="." pos="X">.</wf>
      </sentence>
      <sentence id="d000.s2981" source="wordnet-japanese">
         <wf lemma="彼" pos="X">彼</wf>
         <wf lemma="は" pos="X">は</wf>
         <wf lemma="4" pos="X">4</wf>
         <wf lemma="つ" pos="X">つ</wf>
         <wf lemma="の" pos="X">の</wf>
         <wf lemma="小説" pos="X">小説</wf>
         <wf lemma="を" pos="X">を</wf>
         <instance id="d000.s2981.t000" lemma="書く" pos="VERB">書い</instance>
         <wf lemma="た" pos="X">た</wf>
         <wf lemma="." pos="X">.</wf>
      </sentence>
      <sentence id="d000.s2982" source="wordnet-japanese">
         <instance id="d000.s2982.t000" lemma="鎖状" pos="ADJ">鎖状</instance>
         <wf lemma="の" pos="X">の</wf>
         <wf lemma="細菌性" pos="X">細菌性</wf>
         <wf lemma="細胞" pos="X">細胞</wf>
         <wf lemma="群体" pos="X">群体</wf>
         <wf lemma="." pos="X">.</wf>
      </sentence>
      <sentence id="d000.s2983" source="wordnet-japanese">
         <wf lemma="多く" pos="X">多く</wf>
         <wf lemma="の" pos="X">の</wf>
         <wf lemma="会社" pos="X">会社</wf>
         <wf lemma="は" pos="X">は</wf>
         <wf lemma="ニューヨーク" pos="X">ニューヨーク</wf>
         <wf lemma="に" pos="X">に</wf>
         <instance id="d000.s2983.t000" lemma="本社" pos="NOUN">本社</instance>
         <wf lemma="が" pos="X">が</wf>
         <wf lemma="ある" pos="X">ある</wf>
         <wf lemma="." pos="X">.</wf>
      </sentence>
      <sentence id="d000.s2984" source="wordnet-japanese">
         <wf lemma="この" pos="X">この</wf>
         <wf lemma="標識" pos="X">標識</wf>
         <wf lemma="は" pos="X">は</wf>
         <wf lemma="、" pos="X">、</wf>
         <wf lemma="境界" pos="X">境界</wf>
         <wf lemma="を" pos="X">を</wf>
         <instance id="d000.s2984.t000" lemma="示す" pos="VERB">示す</instance>
         <wf lemma="." pos="X">.</wf>
      </sentence>
      <sentence id="d000.s2985" source="wordnet-japanese">
         <instance id="d000.s2985.t000" lemma="魅力的" pos="ADJ">魅力的</instance>
         <wf lemma="な" pos="X">な</wf>
         <wf lemma="人柄" pos="X">人柄</wf>
         <wf lemma="." pos="X">.</wf>
      </sentence>
      <sentence id="d000.s2986" source="wordnet-japanese">
         <wf lemma="不動産" pos="X">不動産</wf>
         <wf lemma="を" pos="X">を</wf>
         <wf lemma="売っ" pos="X">売っ</wf>
         <wf lemma="て" pos="X">て</wf>
         <instance id="d000.s2986.t000" lemma="大金" pos="NOUN">大金</instance>
         <wf lemma="を" pos="X">を</wf>
         <wf lemma="作っ" pos="X">作っ</wf>
         <wf lemma="た" pos="X">た</wf>
         <wf lemma="." pos="X">.</wf>
      </sentence>
      <sentence id="d000.s2987" source="wordnet-japanese">
         <instance id="d000.s2987.t000" lemma="反対" pos="ADJ">反対</instance>
         <wf lemma="の" pos="X">の</wf>
         <wf lemma="意味" pos="X">意味</wf>
         <wf lemma="." pos="X">.</wf>
      </sentence>
      <sentence id="d000.s2988" source="wordnet-japanese">
         <wf lemma="‘男" pos="X">‘男</wf>
         <wf lemma="の" pos="X">の</wf>
         <wf lemma="子" pos="X">子</wf>
         <wf lemma="によって" pos="X">によって</wf>
         <wf lemma="投げ" pos="X">投げ</wf>
         <wf lemma="られ" pos="X">られ</wf>
         <wf lemma="た" pos="X">た</wf>
         <wf lemma="ボール" pos="X">ボール</wf>
         <wf lemma="’" pos="X">’</wf>
         <wf lemma="は" pos="X">は</wf>
         <instance id="d000.s2988.t000" lemma="受動態" pos="NOUN">受動態</instance>
         <wf lemma="で" pos="X">で</wf>
         <wf lemma="使う" pos="X">使う</wf>
         <wf lemma="." pos="X">.</wf>
      </sentence>
      <sentence id="d000.s2989" source="wordnet-japanese">
         <wf lemma="乗客" pos="X">乗客</wf>
         <wf lemma="は" pos="X">は</wf>
         <wf lemma="超" pos="X">超</wf>
         <wf lemma="満員" pos="X">満員</wf>
         <wf lemma="の" pos="X">の</wf>
         <wf lemma="列車" pos="X">列車</wf>
         <wf lemma="で" pos="X">で</wf>
         <wf lemma="お" pos="X">お</wf>
         <wf lemma="互い" pos="X">互い</wf>
         <wf lemma="を" pos="X">を</wf>
         <instance id="d000.s2989.t000" lemma="押し合う" pos="VERB">押し合っ</instance>
         <wf lemma="た" pos="X">た</wf>
         <wf lemma="." pos="X">.</wf>
      </sentence>
      <sentence id="d000.s2990" source="wordnet-japanese">
         <wf lemma="あなた" pos="X">あなた</wf>
         <wf lemma="自身" pos="X">自身</wf>
         <wf lemma="の" pos="X">の</wf>
         <instance id="d000.s2990.t000" lemma="ため" pos="NOUN">ため</instance>
         <wf lemma="に" pos="X">に</wf>
         <wf lemma="." pos="X">.</wf>
      </sentence>
      <sentence id="d000.s2991" source="wordnet-japanese">
         <wf lemma="昨年" pos="X">昨年</wf>
         <instance id="d000.s2991.t000" lemma="赤字" pos="NOUN">赤字</instance>
         <wf lemma="で" pos="X">で</wf>
         <wf lemma="経営" pos="X">経営</wf>
         <wf lemma="さ" pos="X">さ</wf>
         <wf lemma="れ" pos="X">れ</wf>
         <wf lemma="て" pos="X">て</wf>
         <wf lemma="い" pos="X">い</wf>
         <wf lemma="た" pos="X">た</wf>
         <wf lemma="会社" pos="X">会社</wf>
         <wf lemma="." pos="X">.</wf>
      </sentence>
      <sentence id="d000.s2992" source="wordnet-japanese">
         <wf lemma="布地" pos="X">布地</wf>
         <wf lemma="は" pos="X">は</wf>
         <instance id="d000.s2992.t000" lemma="縮む" pos="VERB">縮ん</instance>
         <wf lemma="だ" pos="X">だ</wf>
         <wf lemma="." pos="X">.</wf>
      </sentence>
      <sentence id="d000.s2993" source="wordnet-japanese">
         <instance id="d000.s2993.t000" lemma="火星" pos="NOUN">火星</instance>
         <wf lemma="に" pos="X">に</wf>
         <wf lemma="は" pos="X">は</wf>
         <wf lemma="、" pos="X">、</wf>
         <wf lemma="2" pos="X">2</wf>
         <wf lemma="つ" pos="X">つ</wf>
         <wf lemma="の" pos="X">の</wf>
         <wf lemma="衛星" pos="X">衛星</wf>
         <wf lemma="が" pos="X">が</wf>
         <wf lemma="ある" pos="X">ある</wf>
         <wf lemma="." pos="X">.</wf>
      </sentence>
      <sentence id="d000.s2994" source="wordnet-japanese">
         <wf lemma="雨" pos="X">雨</wf>
         <wf lemma="が" pos="X">が</wf>
         <wf lemma="降り" pos="X">降り</wf>
         <wf lemma="始め" pos="X">始め</wf>
         <wf lemma="た" pos="X">た</wf>
         <wf lemma="とき" pos="X">とき</wf>
         <wf lemma="、" pos="X">、</wf>
         <wf lemma="彼" pos="X">彼</wf>
         <wf lemma="は" pos="X">は</wf>
         <wf lemma="頭" pos="X">頭</wf>
         <wf lemma="を" pos="X">を</wf>
         <instance id="d000.s2994.t000" lemma="新聞紙" pos="NOUN">新聞紙</instance>
         <wf lemma="で" pos="X">で</wf>
         <wf lemma="覆っ" pos="X">覆っ</wf>
         <wf lemma="た" pos="X">た</wf>
         <wf lemma="." pos="X">.</wf>
      </sentence>
      <sentence id="d000.s2995" source="wordnet-japanese">
         <wf lemma="ベンゼン" pos="X">ベンゼン</wf>
         <wf lemma="分子" pos="X">分子</wf>
         <wf lemma="の" pos="X">の</wf>
         <instance id="d000.s2995.t000" lemma="構造" pos="NOUN">構造</instance>
         <wf lemma="." pos="X">.</wf>
      </sentence>
      <sentence id="d000.s2996" source="wordnet-japanese">
         <instance id="d000.s2996.t000" lemma="終わり" pos="NOUN">終わり</instance>
         <wf lemma="が" pos="X">が</wf>
         <wf lemma="近づく" pos="X">近づく</wf>
         <wf lemma="につれ" pos="X">につれ</wf>
         <wf lemma="、" pos="X">、</wf>
         <wf lemma="興奮" pos="X">興奮</wf>
         <wf lemma="は" pos="X">は</wf>
         <wf lemma="高まっ" pos="X">高まっ</wf>
         <wf lemma="た" pos="X">た</wf>
         <wf lemma="." pos="X">.</wf>
      </sentence>
      <sentence id="d000.s2997" source="wordnet-japanese">
         <wf lemma="水銀" pos="X">水銀</wf>
         <wf lemma="キセノン" pos="X">キセノン</wf>
         <wf lemma="・" pos="X">・</wf>
         <wf lemma="ライト" pos="X">ライト</wf>
         <wf lemma="の" pos="X">の</wf>
         <wf lemma="前" pos="X">前</wf>
         <wf lemma="の" pos="X">の</wf>
         <instance id="d000.s2997.t000" lemma="可変" pos="ADJ">可変</instance>
         <wf lemma="フィルタ" pos="X">フィルタ</wf>
         <wf lemma="." pos="X">.</wf>
      </sentence>
      <sentence id="d000.s2998" source="wordnet-japanese">
         <instance id="d000.s2998.t000" lemma="簡単" pos="ADJ">簡単</instance>
         <wf lemma="な" pos="X">な</wf>
         <wf lemma="ゲーム" pos="X">ゲーム</wf>
         <wf lemma="." pos="X">.</wf>
      </sentence>
      <sentence id="d000.s2999" source="wordnet-japanese">
         <instance id="d000.s2999.t000" lemma="短気" pos="ADJ">短気</instance>
         <wf lemma="な" pos="X">な</wf>
         <wf lemma="指揮官" pos="X">指揮官</wf>
         <wf lemma="." pos="X">.</wf>
      </sentence>
      <sentence id="d000.s3000" source="wordnet-japanese">
         <instance id="d000.s3000.t000" lemma="脆弱" pos="ADJ">脆弱</instance>
         <wf lemma="な" pos="X">な</wf>
         <wf lemma="橋" pos="X">橋</wf>
         <wf lemma="." pos="X">.</wf>
      </sentence>
      <sentence id="d000.s3001" source="wordnet-japanese">
         <wf lemma="管理者" pos="X">管理者</wf>
         <wf lemma="は" pos="X">は</wf>
         <wf lemma="彼" pos="X">彼</wf>
         <wf lemma="の" pos="X">の</wf>
         <wf lemma="新しい" pos="X">新しい</wf>
         <wf lemma="助手" pos="X">助手</wf>
         <wf lemma="に" pos="X">に</wf>
         <wf lemma="、" pos="X">、</wf>
         <wf lemma="より" pos="X">より</wf>
         <wf lemma="多く" pos="X">多く</wf>
         <wf lemma="の" pos="X">の</wf>
         <wf lemma="責任" pos="X">責任</wf>
         <wf lemma="を" pos="X">を</wf>
         <instance id="d000.s3001.t000" lemma="移す" pos="VERB">移し</instance>
         <wf lemma="た" pos="X">た</wf>
         <wf lemma="." pos="X">.</wf>
      </sentence>
      <sentence id="d000.s3002" source="wordnet-japanese">
         <instance id="d000.s3002.t000" lemma="神々しい" pos="ADJ">神々しい</instance>
         <wf lemma="愛の力" pos="X">愛の力</wf>
         <wf lemma="." pos="X">.</wf>
      </sentence>
      <sentence id="d000.s3003" source="wordnet-japanese">
         <wf lemma="警察" pos="X">警察</wf>
         <wf lemma="は" pos="X">は</wf>
         <wf lemma="群集" pos="X">群集</wf>
         <wf lemma="の" pos="X">の</wf>
         <instance id="d000.s3003.t000" lemma="動き" pos="NOUN">動き</instance>
         <wf lemma="を" pos="X">を</wf>
         <wf lemma="制御" pos="X">制御</wf>
         <wf lemma="し" pos="X">し</wf>
         <wf lemma="た" pos="X">た</wf>
         <wf lemma="." pos="X">.</wf>
      </sentence>
      <sentence id="d000.s3004" source="wordnet-japanese">
         <wf lemma="その" pos="X">その</wf>
         <wf lemma="都市" pos="X">都市</wf>
         <wf lemma="の" pos="X">の</wf>
         <instance id="d000.s3004.t000" lemma="雰囲気" pos="NOUN">雰囲気</instance>
         <wf lemma="は" pos="X">は</wf>
         <wf lemma="彼" pos="X">彼</wf>
         <wf lemma="を" pos="X">を</wf>
         <wf lemma="刺激" pos="X">刺激</wf>
         <wf lemma="し" pos="X">し</wf>
         <wf lemma="た" pos="X">た</wf>
         <wf lemma="." pos="X">.</wf>
      </sentence>
      <sentence id="d000.s3005" source="wordnet-japanese">
         <wf lemma="水" pos="X">水</wf>
         <wf lemma="を" pos="X">を</wf>
         <wf lemma="容器" pos="X">容器</wf>
         <wf lemma="から" pos="X">から</wf>
         <instance id="d000.s3005.t000" lemma="汲む" pos="VERB">汲む</instance>
         <wf lemma="." pos="X">.</wf>
      </sentence>
      <sentence id="d000.s3006" source="wordnet-japanese">
         <wf lemma="フットボール" pos="X">フットボール</wf>
         <wf lemma="を" pos="X">を</wf>
         <wf lemma="クォーターバック" pos="X">クォーターバック</wf>
         <wf lemma="に" pos="X">に</wf>
         <wf lemma="渡す" pos="X">渡す</wf>
         <wf lemma="の" pos="X">の</wf>
         <wf lemma="は" pos="X">は</wf>
         <wf lemma="、" pos="X">、</wf>
         <instance id="d000.s3006.t000" lemma="センター" pos="NOUN">センター</instance>
         <wf lemma="の" pos="X">の</wf>
         <wf lemma="役割" pos="X">役割</wf>
         <wf lemma="だ" pos="X">だ</wf>
         <wf lemma="." pos="X">.</wf>
      </sentence>
      <sentence id="d000.s3007" source="wordnet-japanese">
         <wf lemma="彼" pos="X">彼</wf>
         <wf lemma="は" pos="X">は</wf>
         <wf lemma="コーヒー" pos="X">コーヒー</wf>
         <wf lemma="を" pos="X">を</wf>
         <wf lemma="1" pos="X">1</wf>
         <instance id="d000.s3007.t000" lemma="杯" pos="NOUN">杯</instance>
         <wf lemma="飲ん" pos="X">飲ん</wf>
         <wf lemma="だ" pos="X">だ</wf>
         <wf lemma="." pos="X">.</wf>
      </sentence>
      <sentence id="d000.s3008" source="wordnet-japanese">
         <instance id="d000.s3008.t000" lemma="物質的" pos="ADJ">物質的</instance>
         <wf lemma="な" pos="X">な</wf>
         <wf lemma="宇宙" pos="X">宇宙</wf>
         <wf lemma="." pos="X">.</wf>
      </sentence>
      <sentence id="d000.s3009" source="wordnet-japanese">
         <instance id="d000.s3009.t000" lemma="暖房" pos="NOUN">暖房</instance>
         <wf lemma="システム" pos="X">システム</wf>
         <wf lemma="が" pos="X">が</wf>
         <wf lemma="作動" pos="X">作動</wf>
         <wf lemma="し" pos="X">し</wf>
         <wf lemma="て" pos="X">て</wf>
         <wf lemma="い" pos="X">い</wf>
         <wf lemma="なかっ" pos="X">なかっ</wf>
         <wf lemma="た" pos="X">た</wf>
         <wf lemma="." pos="X">.</wf>
      </sentence>
      <sentence id="d000.s3010" source="wordnet-japanese">
         <wf lemma="何" pos="X">何</wf>
         <wf lemma="が" pos="X">が</wf>
         <wf lemma="2000" pos="X">2000</wf>
         <wf lemma="年" pos="X">年</wf>
         <wf lemma="について" pos="X">について</wf>
         <wf lemma="とても" pos="X">とても</wf>
         <instance id="d000.s3010.t000" lemma="特別" pos="ADJ">特別</instance>
         <wf lemma="です" pos="X">です</wf>
         <wf lemma="か" pos="X">か</wf>
         <wf lemma="？" pos="X">？</wf>
         <wf lemma="." pos="X">.</wf>
      </sentence>
      <sentence id="d000.s3011" source="wordnet-japanese">
         <wf lemma="ヘビ" pos="X">ヘビ</wf>
         <wf lemma="は" pos="X">は</wf>
         <wf lemma="、" pos="X">、</wf>
         <instance id="d000.s3011.t000" lemma="徐々に" pos="ADV">徐々に</instance>
         <wf lemma="いけ" pos="X">いけ</wf>
         <wf lemma="にえ" pos="X">にえ</wf>
         <wf lemma="の" pos="X">の</wf>
         <wf lemma="方" pos="X">方</wf>
         <wf lemma="へ" pos="X">へ</wf>
         <wf lemma="近づい" pos="X">近づい</wf>
         <wf lemma="た" pos="X">た</wf>
         <wf lemma="." pos="X">.</wf>
      </sentence>
      <sentence id="d000.s3012" source="wordnet-japanese">
         <wf lemma="彼" pos="X">彼</wf>
         <wf lemma="の" pos="X">の</wf>
         <instance id="d000.s3012.t000" lemma="胸" pos="NOUN">胸</instance>
         <wf lemma="の" pos="X">の</wf>
         <wf lemma="内" pos="X">内</wf>
         <wf lemma="は" pos="X">は</wf>
         <wf lemma="秘密" pos="X">秘密</wf>
         <wf lemma="で" pos="X">で</wf>
         <wf lemma="は" pos="X">は</wf>
         <wf lemma="ちきれ" pos="X">ちきれ</wf>
         <wf lemma="そうだ" pos="X">そうだ</wf>
         <wf lemma="." pos="X">.</wf>
      </sentence>
      <sentence id="d000.s3013" source="wordnet-japanese">
         <instance id="d000.s3013.t000" lemma="人間的" pos="ADJ">人間的</instance>
         <wf lemma="な" pos="X">な</wf>
         <wf lemma="魅力" pos="X">魅力</wf>
         <wf lemma="." pos="X">.</wf>
      </sentence>
      <sentence id="d000.s3014" source="wordnet-japanese">
         <instance id="d000.s3014.t000" lemma="素晴らしい" pos="ADJ">素晴らしい</instance>
         <wf lemma="春" pos="X">春</wf>
         <wf lemma="の" pos="X">の</wf>
         <wf lemma="朝" pos="X">朝</wf>
         <wf lemma="." pos="X">.</wf>
      </sentence>
      <sentence id="d000.s3015" source="wordnet-japanese">
         <instance id="d000.s3015.t000" lemma="泥々" pos="ADJ">泥々</instance>
         <wf lemma="の" pos="X">の</wf>
         <wf lemma="前庭" pos="X">前庭</wf>
         <wf lemma="." pos="X">.</wf>
      </sentence>
      <sentence id="d000.s3016" source="wordnet-japanese">
         <wf lemma="その" pos="X">その</wf>
         <wf lemma="強い" pos="X">強い</wf>
         <wf lemma="男性" pos="X">男性</wf>
         <wf lemma="なら" pos="X">なら</wf>
         <wf lemma="鉄棒" pos="X">鉄棒</wf>
         <wf lemma="を" pos="X">を</wf>
         <instance id="d000.s3016.t000" lemma="曲げる" pos="VERB">曲げる</instance>
         <wf lemma="かもしれ" pos="X">かもしれ</wf>
         <wf lemma="ない" pos="X">ない</wf>
         <wf lemma="." pos="X">.</wf>
      </sentence>
      <sentence id="d000.s3017" source="wordnet-japanese">
         <wf lemma="弾丸" pos="X">弾丸</wf>
         <wf lemma="を" pos="X">を</wf>
         <instance id="d000.s3017.t000" lemma="撃つ" pos="VERB">撃つ</instance>
         <wf lemma="." pos="X">.</wf>
      </sentence>
      <sentence id="d000.s3018" source="wordnet-japanese">
         <wf lemma="悲しみ" pos="X">悲しみ</wf>
         <wf lemma="に" pos="X">に</wf>
         <wf lemma="沈ん" pos="X">沈ん</wf>
         <wf lemma="で" pos="X">で</wf>
         <instance id="d000.s3018.t000" lemma="歩く" pos="VERB">歩く</instance>
         <wf lemma="." pos="X">.</wf>
      </sentence>
      <sentence id="d000.s3019" source="wordnet-japanese">
         <wf lemma="攻撃者" pos="X">攻撃者</wf>
         <wf lemma="に対する" pos="X">に対する</wf>
         <instance id="d000.s3019.t000" lemma="勇敢" pos="ADJ">勇敢</instance>
         <wf lemma="な" pos="X">な</wf>
         <wf lemma="抵抗" pos="X">抵抗</wf>
         <wf lemma="を" pos="X">を</wf>
         <wf lemma="続ける" pos="X">続ける</wf>
         <wf lemma="." pos="X">.</wf>
      </sentence>
      <sentence id="d000.s3020" source="wordnet-japanese">
         <wf lemma="あなた" pos="X">あなた</wf>
         <wf lemma="の" pos="X">の</wf>
         <instance id="d000.s3020.t000" lemma="説教" pos="NOUN">説教</instance>
         <wf lemma="は" pos="X">は</wf>
         <wf lemma="彼" pos="X">彼</wf>
         <wf lemma="にとって" pos="X">にとって</wf>
         <wf lemma="は" pos="X">は</wf>
         <wf lemma="無駄" pos="X">無駄</wf>
         <wf lemma="だ" pos="X">だ</wf>
         <wf lemma="." pos="X">.</wf>
      </sentence>
      <sentence id="d000.s3021" source="wordnet-japanese">
         <wf lemma="彼ら" pos="X">彼ら</wf>
         <wf lemma="の" pos="X">の</wf>
         <wf lemma="父" pos="X">父</wf>
         <wf lemma="が" pos="X">が</wf>
         <wf lemma="接近" pos="X">接近</wf>
         <wf lemma="し" pos="X">し</wf>
         <wf lemma="た" pos="X">た</wf>
         <wf lemma="とき" pos="X">とき</wf>
         <wf lemma="、" pos="X">、</wf>
         <wf lemma="子供" pos="X">子供</wf>
         <wf lemma="たち" pos="X">たち</wf>
         <wf lemma="は" pos="X">は</wf>
         <instance id="d000.s3021.t000" lemma="黙る" pos="VERB">黙っ</instance>
         <wf lemma="た" pos="X">た</wf>
         <wf lemma="." pos="X">.</wf>
      </sentence>
      <sentence id="d000.s3022" source="wordnet-japanese">
         <wf lemma="陪審" pos="X">陪審</wf>
         <wf lemma="の" pos="X">の</wf>
         <instance id="d000.s3022.t000" lemma="隔離" pos="NOUN">隔離</instance>
         <wf lemma="." pos="X">.</wf>
      </sentence>
      <sentence id="d000.s3023" source="wordnet-japanese">
         <wf lemma="彼" pos="X">彼</wf>
         <wf lemma="は" pos="X">は</wf>
         <wf lemma="、" pos="X">、</wf>
         <wf lemma="1" pos="X">1</wf>
         <wf lemma="つ" pos="X">つ</wf>
         <wf lemma="の" pos="X">の</wf>
         <instance id="d000.s3023.t000" lemma="条件" pos="NOUN">条件</instance>
         <wf lemma="を" pos="X">を</wf>
         <wf lemma="前提" pos="X">前提</wf>
         <wf lemma="と" pos="X">と</wf>
         <wf lemma="し" pos="X">し</wf>
         <wf lemma="て" pos="X">て</wf>
         <wf lemma="受け入れ" pos="X">受け入れ</wf>
         <wf lemma="た" pos="X">た</wf>
         <wf lemma="." pos="X">.</wf>
      </sentence>
      <sentence id="d000.s3024" source="wordnet-japanese">
         <wf lemma="彼" pos="X">彼</wf>
         <wf lemma="は" pos="X">は</wf>
         <instance id="d000.s3024.t000" lemma="転位" pos="NOUN">転位</instance>
         <wf lemma="の" pos="X">の</wf>
         <wf lemma="電気的" pos="X">電気的</wf>
         <wf lemma="効果" pos="X">効果</wf>
         <wf lemma="について" pos="X">について</wf>
         <wf lemma="の" pos="X">の</wf>
         <wf lemma="教科書" pos="X">教科書</wf>
         <wf lemma="を" pos="X">を</wf>
         <wf lemma="書い" pos="X">書い</wf>
         <wf lemma="た" pos="X">た</wf>
         <wf lemma="." pos="X">.</wf>
      </sentence>
      <sentence id="d000.s3025" source="wordnet-japanese">
         <wf lemma="彼" pos="X">彼</wf>
         <wf lemma="は" pos="X">は</wf>
         <wf lemma="、" pos="X">、</wf>
         <wf lemma="大きな" pos="X">大きな</wf>
         <wf lemma="機械" pos="X">機械</wf>
         <wf lemma="の" pos="X">の</wf>
         <wf lemma="小さな" pos="X">小さな</wf>
         <instance id="d000.s3025.t000" lemma="歯車" pos="NOUN">歯車</instance>
         <wf lemma="だっ" pos="X">だっ</wf>
         <wf lemma="た" pos="X">た</wf>
         <wf lemma="." pos="X">.</wf>
      </sentence>
      <sentence id="d000.s3026" source="wordnet-japanese">
         <wf lemma="考え" pos="X">考え</wf>
         <wf lemma="事" pos="X">事</wf>
         <wf lemma="に" pos="X">に</wf>
         <instance id="d000.s3026.t000" lemma="費やす" pos="VERB">費やす</instance>
         <wf lemma="." pos="X">.</wf>
      </sentence>
      <sentence id="d000.s3027" source="wordnet-japanese">
         <wf lemma="私" pos="X">私</wf>
         <wf lemma="は" pos="X">は</wf>
         <wf lemma="この" pos="X">この</wf>
         <wf lemma="決定" pos="X">決定</wf>
         <wf lemma="に" pos="X">に</wf>
         <wf lemma="何年" pos="X">何年</wf>
         <wf lemma="もの" pos="X">もの</wf>
         <wf lemma="間" pos="X">間</wf>
         <instance id="d000.s3027.t000" lemma="取り組む" pos="VERB">取り組ん</instance>
         <wf lemma="だ" pos="X">だ</wf>
         <wf lemma="." pos="X">.</wf>
      </sentence>
      <sentence id="d000.s3028" source="wordnet-japanese">
         <wf lemma="使用人" pos="X">使用人</wf>
         <wf lemma="は" pos="X">は</wf>
         <wf lemma="、" pos="X">、</wf>
         <wf lemma="彼" pos="X">彼</wf>
         <wf lemma="が" pos="X">が</wf>
         <wf lemma="指" pos="X">指</wf>
         <wf lemma="を" pos="X">を</wf>
         <instance id="d000.s3028.t000" lemma="スナップ" pos="NOUN">スナップ</instance>
         <wf lemma="さ" pos="X">さ</wf>
         <wf lemma="せる" pos="X">せる</wf>
         <wf lemma="と" pos="X">と</wf>
         <wf lemma="現れ" pos="X">現れ</wf>
         <wf lemma="た" pos="X">た</wf>
         <wf lemma="." pos="X">.</wf>
      </sentence>
      <sentence id="d000.s3029" source="wordnet-japanese">
         <wf lemma="彼" pos="X">彼</wf>
         <wf lemma="は" pos="X">は</wf>
         <wf lemma="その" pos="X">その</wf>
         <wf lemma="本" pos="X">本</wf>
         <wf lemma="について" pos="X">について</wf>
         <instance id="d000.s3029.t000" lemma="よく" pos="ADV">よく</instance>
         <wf lemma="考え" pos="X">考え</wf>
         <wf lemma="た" pos="X">た</wf>
         <wf lemma="." pos="X">.</wf>
      </sentence>
      <sentence id="d000.s3030" source="wordnet-japanese">
         <instance id="d000.s3030.t000" lemma="不誠実" pos="ADJ">不誠実</instance>
         <wf lemma="な" pos="X">な</wf>
         <wf lemma="ベネディクト" pos="X">ベネディクト</wf>
         <wf lemma="・" pos="X">・</wf>
         <wf lemma="アーノルド" pos="X">アーノルド</wf>
         <wf lemma="." pos="X">.</wf>
      </sentence>
      <sentence id="d000.s3031" source="wordnet-japanese">
         <wf lemma="彼" pos="X">彼</wf>
         <wf lemma="は" pos="X">は</wf>
         <wf lemma="他の" pos="X">他の</wf>
         <instance id="d000.s3031.t000" lemma="方向" pos="NOUN">方向</instance>
         <wf lemma="を" pos="X">を</wf>
         <wf lemma="見" pos="X">見</wf>
         <wf lemma="た" pos="X">た</wf>
         <wf lemma="." pos="X">.</wf>
      </sentence>
      <sentence id="d000.s3032" source="wordnet-japanese">
         <wf lemma="彼ら" pos="X">彼ら</wf>
         <wf lemma="の" pos="X">の</wf>
         <wf lemma="業績" pos="X">業績</wf>
         <wf lemma="は" pos="X">は</wf>
         <wf lemma="開発" pos="X">開発</wf>
         <wf lemma="の" pos="X">の</wf>
         <wf lemma="世紀" pos="X">世紀</wf>
         <wf lemma="の" pos="X">の</wf>
         <instance id="d000.s3032.t000" lemma="頂点" pos="NOUN">頂点</instance>
         <wf lemma="に" pos="X">に</wf>
         <wf lemma="立つ" pos="X">立つ</wf>
         <wf lemma="もの" pos="X">もの</wf>
         <wf lemma="だ" pos="X">だ</wf>
         <wf lemma="." pos="X">.</wf>
      </sentence>
      <sentence id="d000.s3033" source="wordnet-japanese">
         <wf lemma="ビーチボール" pos="X">ビーチボール</wf>
         <wf lemma="を" pos="X">を</wf>
         <wf lemma="私" pos="X">私</wf>
         <wf lemma="に" pos="X">に</wf>
         <instance id="d000.s3033.t000" lemma="投げる" pos="VERB">投げ</instance>
         <wf lemma="て" pos="X">て</wf>
         <wf lemma="ください" pos="X">ください</wf>
         <wf lemma="." pos="X">.</wf>
      </sentence>
      <sentence id="d000.s3034" source="wordnet-japanese">
         <wf lemma="事実" pos="X">事実</wf>
         <wf lemma="の" pos="X">の</wf>
         <instance id="d000.s3034.t000" lemma="条項" pos="NOUN">条項</instance>
         <wf lemma="は" pos="X">は</wf>
         <wf lemma="、" pos="X">、</wf>
         <wf lemma="遅れ" pos="X">遅れ</wf>
         <wf lemma="を" pos="X">を</wf>
         <wf lemma="避ける" pos="X">避ける</wf>
         <wf lemma="ため" pos="X">ため</wf>
         <wf lemma="に" pos="X">に</wf>
         <wf lemma="作ら" pos="X">作ら</wf>
         <wf lemma="れ" pos="X">れ</wf>
         <wf lemma="た" pos="X">た</wf>
         <wf lemma="." pos="X">.</wf>
      </sentence>
      <sentence id="d000.s3035" source="wordnet-japanese">
         <wf lemma="モーツァルト" pos="X">モーツァルト</wf>
         <wf lemma="は" pos="X">は</wf>
         <instance id="d000.s3035.t000" lemma="天才児" pos="NOUN">天才児</instance>
         <wf lemma="だっ" pos="X">だっ</wf>
         <wf lemma="た" pos="X">た</wf>
         <wf lemma="." pos="X">.</wf>
      </sentence>
      <sentence id="d000.s3036" source="wordnet-japanese">
         <wf lemma="彼" pos="X">彼</wf>
         <wf lemma="は" pos="X">は</wf>
         <wf lemma="、" pos="X">、</wf>
         <instance id="d000.s3036.t000" lemma="機械的" pos="ADV">機械的</instance>
         <wf lemma="に" pos="X">に</wf>
         <wf lemma="微" pos="X">微</wf>
         <wf lemma="笑ん" pos="X">笑ん</wf>
         <wf lemma="だ" pos="X">だ</wf>
         <wf lemma="." pos="X">.</wf>
      </sentence>
      <sentence id="d000.s3037" source="wordnet-japanese">
         <wf lemma="ワシ" pos="X">ワシ</wf>
         <wf lemma="は" pos="X">は</wf>
         <wf lemma="、" pos="X">、</wf>
         <wf lemma="米国" pos="X">米国</wf>
         <wf lemma="の" pos="X">の</wf>
         <instance id="d000.s3037.t000" lemma="シンボル" pos="NOUN">シンボル</instance>
         <wf lemma="である" pos="X">である</wf>
         <wf lemma="." pos="X">.</wf>
      </sentence>
      <sentence id="d000.s3038" source="wordnet-japanese">
         <wf lemma="キーボード" pos="X">キーボード</wf>
         <wf lemma="から" pos="X">から</wf>
         <wf lemma="音声" pos="X">音声</wf>
         <instance id="d000.s3038.t000" lemma="モード" pos="NOUN">モード</instance>
         <wf lemma="に" pos="X">に</wf>
         <wf lemma="切り替え" pos="X">切り替え</wf>
         <wf lemma="られ" pos="X">られ</wf>
         <wf lemma="た" pos="X">た</wf>
         <wf lemma="." pos="X">.</wf>
      </sentence>
      <sentence id="d000.s3039" source="wordnet-japanese">
         <instance id="d000.s3039.t000" lemma="トンネル" pos="NOUN">トンネル</instance>
         <wf lemma="は" pos="X">は</wf>
         <wf lemma="その" pos="X">その</wf>
         <wf lemma="交差点" pos="X">交差点</wf>
         <wf lemma="の" pos="X">の</wf>
         <wf lemma="混雑" pos="X">混雑</wf>
         <wf lemma="を" pos="X">を</wf>
         <wf lemma="緩和" pos="X">緩和</wf>
         <wf lemma="し" pos="X">し</wf>
         <wf lemma="た" pos="X">た</wf>
         <wf lemma="." pos="X">.</wf>
      </sentence>
      <sentence id="d000.s3040" source="wordnet-japanese">
         <wf lemma="英国人" pos="X">英国人</wf>
         <wf lemma="は" pos="X">は</wf>
         <wf lemma="、" pos="X">、</wf>
         <wf lemma="偉大" pos="X">偉大</wf>
         <wf lemma="な" pos="X">な</wf>
         <instance id="d000.s3040.t000" lemma="帝国" pos="NOUN">帝国</instance>
         <wf lemma="を" pos="X">を</wf>
         <wf lemma="つくっ" pos="X">つくっ</wf>
         <wf lemma="た" pos="X">た</wf>
         <wf lemma="." pos="X">.</wf>
      </sentence>
      <sentence id="d000.s3041" source="wordnet-japanese">
         <wf lemma="彼" pos="X">彼</wf>
         <wf lemma="は" pos="X">は</wf>
         <wf lemma="水" pos="X">水</wf>
         <wf lemma="を" pos="X">を</wf>
         <instance id="d000.s3041.t000" lemma="沸騰" pos="NOUN">沸騰</instance>
         <wf lemma="さ" pos="X">さ</wf>
         <wf lemma="せ" pos="X">せ</wf>
         <wf lemma="た" pos="X">た</wf>
         <wf lemma="." pos="X">.</wf>
      </sentence>
      <sentence id="d000.s3042" source="wordnet-japanese">
         <instance id="d000.s3042.t000" lemma="淫乱" pos="ADJ">淫乱</instance>
         <wf lemma="な" pos="X">な</wf>
         <wf lemma="思考" pos="X">思考</wf>
         <wf lemma="." pos="X">.</wf>
      </sentence>
      <sentence id="d000.s3043" source="wordnet-japanese">
         <instance id="d000.s3043.t000" lemma="長い" pos="ADJ">長い</instance>
         <wf lemma="フランス" pos="X">フランス</wf>
         <wf lemma="窓" pos="X">窓</wf>
         <wf lemma="から" pos="X">から</wf>
         <wf lemma="外" pos="X">外</wf>
         <wf lemma="を" pos="X">を</wf>
         <wf lemma="見" pos="X">見</wf>
         <wf lemma="た" pos="X">た</wf>
         <wf lemma="." pos="X">.</wf>
      </sentence>
      <sentence id="d000.s3044" source="wordnet-japanese">
         <instance id="d000.s3044.t000" lemma="悲しい" pos="ADJ">悲しい</instance>
         <wf lemma="知らせ" pos="X">知らせ</wf>
         <wf lemma="." pos="X">.</wf>
      </sentence>
      <sentence id="d000.s3045" source="wordnet-japanese">
         <wf lemma="もっと" pos="X">もっと</wf>
         <wf lemma="爆弾" pos="X">爆弾</wf>
         <wf lemma="が" pos="X">が</wf>
         <wf lemma="爆発" pos="X">爆発</wf>
         <wf lemma="する" pos="X">する</wf>
         <instance id="d000.s3045.t000" lemma="警告" pos="NOUN">警告</instance>
         <wf lemma="." pos="X">.</wf>
      </sentence>
      <sentence id="d000.s3046" source="wordnet-japanese">
         <wf lemma="以前" pos="X">以前</wf>
         <wf lemma="と" pos="X">と</wf>
         <instance id="d000.s3046.t000" lemma="同じ" pos="ADJ">同じ</instance>
         <wf lemma="規則" pos="X">規則</wf>
         <wf lemma="." pos="X">.</wf>
      </sentence>
      <sentence id="d000.s3047" source="wordnet-japanese">
         <instance id="d000.s3047.t000" lemma="辛辣" pos="ADJ">辛辣</instance>
         <wf lemma="な" pos="X">な</wf>
         <wf lemma="言葉" pos="X">言葉</wf>
         <wf lemma="." pos="X">.</wf>
      </sentence>
      <sentence id="d000.s3048" source="wordnet-japanese">
         <instance id="d000.s3048.t000" lemma="奇妙" pos="ADJ">奇妙</instance>
         <wf lemma="な" pos="X">な</wf>
         <wf lemma="空想的" pos="X">空想的</wf>
         <wf lemma="な" pos="X">な</wf>
         <wf lemma="心" pos="X">心</wf>
         <wf lemma="." pos="X">.</wf>
      </sentence>
      <sentence id="d000.s3049" source="wordnet-japanese">
         <wf lemma="ライト" pos="X">ライト</wf>
         <wf lemma="が" pos="X">が</wf>
         <instance id="d000.s3049.t000" lemma="ちりばめる" pos="VERB">ちりばめ</instance>
         <wf lemma="られ" pos="X">られ</wf>
         <wf lemma="た" pos="X">た</wf>
         <wf lemma="丘" pos="X">丘</wf>
         <wf lemma="." pos="X">.</wf>
      </sentence>
      <sentence id="d000.s3050" source="wordnet-japanese">
         <wf lemma="彼" pos="X">彼</wf>
         <wf lemma="は" pos="X">は</wf>
         <wf lemma="、" pos="X">、</wf>
         <wf lemma="ヘロイン" pos="X">ヘロイン</wf>
         <wf lemma="を" pos="X">を</wf>
         <wf lemma="注射" pos="X">注射</wf>
         <wf lemma="する" pos="X">する</wf>
         <wf lemma="こと" pos="X">こと</wf>
         <wf lemma="で" pos="X">で</wf>
         <wf lemma="迅速" pos="X">迅速</wf>
         <wf lemma="に" pos="X">に</wf>
         <instance id="d000.s3050.t000" lemma="快感" pos="NOUN">快感</instance>
         <wf lemma="を" pos="X">を</wf>
         <wf lemma="得" pos="X">得</wf>
         <wf lemma="た" pos="X">た</wf>
         <wf lemma="." pos="X">.</wf>
      </sentence>
      <sentence id="d000.s3051" source="wordnet-japanese">
         <wf lemma="彼女" pos="X">彼女</wf>
         <wf lemma="は" pos="X">は</wf>
         <wf lemma="他者" pos="X">他者</wf>
         <wf lemma="だけ" pos="X">だけ</wf>
         <wf lemma="で" pos="X">で</wf>
         <wf lemma="なく" pos="X">なく</wf>
         <wf lemma="自身" pos="X">自身</wf>
         <wf lemma="の" pos="X">の</wf>
         <instance id="d000.s3051.t000" lemma="肥満" pos="NOUN">肥満</instance>
         <wf lemma="も" pos="X">も</wf>
         <wf lemma="嫌っ" pos="X">嫌っ</wf>
         <wf lemma="た" pos="X">た</wf>
         <wf lemma="." pos="X">.</wf>
      </sentence>
      <sentence id="d000.s3052" source="wordnet-japanese">
         <instance id="d000.s3052.t000" lemma="たま" pos="ADJ">たま</instance>
         <wf lemma="の" pos="X">の</wf>
         <wf lemma="気性" pos="X">気性</wf>
         <wf lemma="の" pos="X">の</wf>
         <wf lemma="発散" pos="X">発散</wf>
         <wf lemma="." pos="X">.</wf>
      </sentence>
      <sentence id="d000.s3053" source="wordnet-japanese">
         <wf lemma="私" pos="X">私</wf>
         <wf lemma="たち" pos="X">たち</wf>
         <wf lemma="は" pos="X">は</wf>
         <wf lemma="、" pos="X">、</wf>
         <wf lemma="犬" pos="X">犬</wf>
         <wf lemma="が" pos="X">が</wf>
         <wf lemma="また" pos="X">また</wf>
         <wf lemma="床" pos="X">床</wf>
         <wf lemma="を" pos="X">を</wf>
         <wf lemma="汚し" pos="X">汚し</wf>
         <wf lemma="た" pos="X">た</wf>
         <wf lemma="ので" pos="X">ので</wf>
         <instance id="d000.s3053.t000" lemma="罰す" pos="VERB">罰し</instance>
         <wf lemma="なければ" pos="X">なければ</wf>
         <wf lemma="なら" pos="X">なら</wf>
         <wf lemma="なかっ" pos="X">なかっ</wf>
         <wf lemma="た" pos="X">た</wf>
         <wf lemma="." pos="X">.</wf>
      </sentence>
      <sentence id="d000.s3054" source="wordnet-japanese">
         <wf lemma="そこ" pos="X">そこ</wf>
         <wf lemma="に" pos="X">に</wf>
         <wf lemma="は" pos="X">は</wf>
         <wf lemma="あらゆる" pos="X">あらゆる</wf>
         <instance id="d000.s3054.t000" lemma="種類" pos="NOUN">種類</instance>
         <wf lemma="の" pos="X">の</wf>
         <wf lemma="本" pos="X">本</wf>
         <wf lemma="が" pos="X">が</wf>
         <wf lemma="あっ" pos="X">あっ</wf>
         <wf lemma="た" pos="X">た</wf>
         <wf lemma="." pos="X">.</wf>
      </sentence>
      <sentence id="d000.s3055" source="wordnet-japanese">
         <instance id="d000.s3055.t000" lemma="厚い" pos="ADJ">厚く</instance>
         <wf lemma="たまっ" pos="X">たまっ</wf>
         <wf lemma="た" pos="X">た</wf>
         <wf lemma="ほこり" pos="X">ほこり</wf>
         <wf lemma="." pos="X">.</wf>
      </sentence>
      <sentence id="d000.s3056" source="wordnet-japanese">
         <wf lemma="試合" pos="X">試合</wf>
         <wf lemma="中" pos="X">中</wf>
         <wf lemma="に" pos="X">に</wf>
         <wf lemma="左" pos="X">左</wf>
         <instance id="d000.s3056.t000" lemma="ガード" pos="NOUN">ガード</instance>
         <wf lemma="が" pos="X">が</wf>
         <wf lemma="負傷" pos="X">負傷</wf>
         <wf lemma="し" pos="X">し</wf>
         <wf lemma="た" pos="X">た</wf>
         <wf lemma="." pos="X">.</wf>
      </sentence>
      <sentence id="d000.s3057" source="wordnet-japanese">
         <wf lemma="彼ら" pos="X">彼ら</wf>
         <wf lemma="は" pos="X">は</wf>
         <wf lemma="小さい" pos="X">小さい</wf>
         <wf lemma="アパート" pos="X">アパート</wf>
         <wf lemma="に" pos="X">に</wf>
         <wf lemma="は" pos="X">は</wf>
         <wf lemma="多すぎる" pos="X">多すぎる</wf>
         <instance id="d000.s3057.t000" lemma="家具" pos="NOUN">家具</instance>
         <wf lemma="を" pos="X">を</wf>
         <wf lemma="もっ" pos="X">もっ</wf>
         <wf lemma="て" pos="X">て</wf>
         <wf lemma="い" pos="X">い</wf>
         <wf lemma="た" pos="X">た</wf>
         <wf lemma="." pos="X">.</wf>
      </sentence>
      <sentence id="d000.s3058" source="wordnet-japanese">
         <wf lemma="彼" pos="X">彼</wf>
         <wf lemma="は" pos="X">は</wf>
         <wf lemma="チェス" pos="X">チェス</wf>
         <wf lemma="の" pos="X">の</wf>
         <instance id="d000.s3058.t000" lemma="ルール" pos="NOUN">ルール</instance>
         <wf lemma="を" pos="X">を</wf>
         <wf lemma="知っ" pos="X">知っ</wf>
         <wf lemma="て" pos="X">て</wf>
         <wf lemma="い" pos="X">い</wf>
         <wf lemma="た" pos="X">た</wf>
         <wf lemma="." pos="X">.</wf>
      </sentence>
      <sentence id="d000.s3059" source="wordnet-japanese">
         <wf lemma="彼ら" pos="X">彼ら</wf>
         <wf lemma="は" pos="X">は</wf>
         <wf lemma="壮大" pos="X">壮大</wf>
         <wf lemma="な" pos="X">な</wf>
         <instance id="d000.s3059.t000" lemma="規模" pos="NOUN">規模</instance>
         <wf lemma="で" pos="X">で</wf>
         <wf lemma="楽し" pos="X">楽し</wf>
         <wf lemma="ませ" pos="X">ませ</wf>
         <wf lemma="た" pos="X">た</wf>
         <wf lemma="." pos="X">.</wf>
      </sentence>
      <sentence id="d000.s3060" source="wordnet-japanese">
         <wf lemma="彼" pos="X">彼</wf>
         <wf lemma="を" pos="X">を</wf>
         <wf lemma="注意" pos="X">注意</wf>
         <wf lemma="深く" pos="X">深く</wf>
         <instance id="d000.s3060.t000" lemma="扱う" pos="VERB">扱っ</instance>
         <wf lemma="て" pos="X">て</wf>
         <wf lemma="ください" pos="X">ください</wf>
         <wf lemma="." pos="X">.</wf>
      </sentence>
      <sentence id="d000.s3061" source="wordnet-japanese">
         <instance id="d000.s3061.t000" lemma="生理的" pos="ADV">生理的</instance>
         <wf lemma="に" pos="X">に</wf>
         <wf lemma="中毒" pos="X">中毒</wf>
         <wf lemma="に" pos="X">に</wf>
         <wf lemma="なっ" pos="X">なっ</wf>
         <wf lemma="て" pos="X">て</wf>
         <wf lemma="いる" pos="X">いる</wf>
         <wf lemma="." pos="X">.</wf>
      </sentence>
      <sentence id="d000.s3062" source="wordnet-japanese">
         <wf lemma="ガラス" pos="X">ガラス</wf>
         <wf lemma="は" pos="X">は</wf>
         <instance id="d000.s3062.t000" lemma="割れる" pos="VERB">割れ</instance>
         <wf lemma="た" pos="X">た</wf>
         <wf lemma="." pos="X">.</wf>
      </sentence>
      <sentence id="d000.s3063" source="wordnet-japanese">
         <wf lemma="彼" pos="X">彼</wf>
         <wf lemma="は" pos="X">は</wf>
         <wf lemma="、" pos="X">、</wf>
         <wf lemma="被告" pos="X">被告</wf>
         <wf lemma="の" pos="X">の</wf>
         <instance id="d000.s3063.t000" lemma="前科" pos="NOUN">前科</instance>
         <wf lemma="を" pos="X">を</wf>
         <wf lemma="法廷" pos="X">法廷</wf>
         <wf lemma="に" pos="X">に</wf>
         <wf lemma="明らか" pos="X">明らか</wf>
         <wf lemma="に" pos="X">に</wf>
         <wf lemma="する" pos="X">する</wf>
         <wf lemma="こと" pos="X">こと</wf>
         <wf lemma="は" pos="X">は</wf>
         <wf lemma="でき" pos="X">でき</wf>
         <wf lemma="ない" pos="X">ない</wf>
         <wf lemma="という" pos="X">という</wf>
         <wf lemma="判決" pos="X">判決</wf>
         <wf lemma="を" pos="X">を</wf>
         <wf lemma="下し" pos="X">下し</wf>
         <wf lemma="た" pos="X">た</wf>
         <wf lemma="." pos="X">.</wf>
      </sentence>
      <sentence id="d000.s3064" source="wordnet-japanese">
         <wf lemma="雨" pos="X">雨</wf>
         <wf lemma="、" pos="X">、</wf>
         <wf lemma="雪" pos="X">雪</wf>
         <wf lemma="、" pos="X">、</wf>
         <wf lemma="およびみぞれ" pos="X">およびみぞれ</wf>
         <wf lemma="が" pos="X">が</wf>
         <instance id="d000.s3064.t000" lemma="降る" pos="VERB">降っ</instance>
         <wf lemma="て" pos="X">て</wf>
         <wf lemma="い" pos="X">い</wf>
         <wf lemma="た" pos="X">た</wf>
         <wf lemma="." pos="X">.</wf>
      </sentence>
      <sentence id="d000.s3065" source="wordnet-japanese">
         <wf lemma="私" pos="X">私</wf>
         <wf lemma="は" pos="X">は</wf>
         <wf lemma="妻" pos="X">妻</wf>
         <wf lemma="に" pos="X">に</wf>
         <wf lemma="敬意" pos="X">敬意</wf>
         <wf lemma="を" pos="X">を</wf>
         <wf lemma="表する" pos="X">表する</wf>
         <wf lemma="こと" pos="X">こと</wf>
         <wf lemma="を" pos="X">を</wf>
         <instance id="d000.s3065.t000" lemma="誓う" pos="VERB">誓う</instance>
         <wf lemma="." pos="X">.</wf>
      </sentence>
      <sentence id="d000.s3066" source="wordnet-japanese">
         <wf lemma="タンパク" pos="X">タンパク</wf>
         <wf lemma="質" pos="X">質</wf>
         <wf lemma="は" pos="X">は</wf>
         <wf lemma="約" pos="X">約</wf>
         <wf lemma="20" pos="X">20</wf>
         <wf lemma="の" pos="X">の</wf>
         <wf lemma="一般的" pos="X">一般的</wf>
         <wf lemma="な" pos="X">な</wf>
         <instance id="d000.s3066.t000" lemma="アミノ酸" pos="NOUN">アミノ酸</instance>
         <wf lemma="の" pos="X">の</wf>
         <wf lemma="様々" pos="X">様々</wf>
         <wf lemma="な" pos="X">な</wf>
         <wf lemma="比率" pos="X">比率</wf>
         <wf lemma="で" pos="X">で</wf>
         <wf lemma="成り立つ" pos="X">成り立つ</wf>
         <wf lemma="." pos="X">.</wf>
      </sentence>
      <sentence id="d000.s3067" source="wordnet-japanese">
         <wf lemma="彼女" pos="X">彼女</wf>
         <wf lemma="は" pos="X">は</wf>
         <wf lemma="歯科医" pos="X">歯科医</wf>
         <wf lemma="の" pos="X">の</wf>
         <wf lemma="待合い" pos="X">待合い</wf>
         <wf lemma="室" pos="X">室</wf>
         <wf lemma="で" pos="X">で</wf>
         <wf lemma="その" pos="X">その</wf>
         <wf lemma="雑誌" pos="X">雑誌</wf>
         <wf lemma="の" pos="X">の</wf>
         <wf lemma="古い" pos="X">古い</wf>
         <instance id="d000.s3067.t000" lemma="号" pos="NOUN">号</instance>
         <wf lemma="を" pos="X">を</wf>
         <wf lemma="見つけ" pos="X">見つけ</wf>
         <wf lemma="た" pos="X">た</wf>
         <wf lemma="." pos="X">.</wf>
      </sentence>
      <sentence id="d000.s3068" source="wordnet-japanese">
         <instance id="d000.s3068.t000" lemma="空間的" pos="ADV">空間的</instance>
         <wf lemma="に" pos="X">に</wf>
         <wf lemma="限ら" pos="X">限ら</wf>
         <wf lemma="れ" pos="X">れ</wf>
         <wf lemma="た" pos="X">た</wf>
         <wf lemma="." pos="X">.</wf>
      </sentence>
      <sentence id="d000.s3069" source="wordnet-japanese">
         <wf lemma="彼女" pos="X">彼女</wf>
         <wf lemma="は" pos="X">は</wf>
         <instance id="d000.s3069.t000" lemma="ファンキー" pos="ADJ">ファンキー</instance>
         <wf lemma="な" pos="X">な</wf>
         <wf lemma="衣服" pos="X">衣服</wf>
         <wf lemma="を" pos="X">を</wf>
         <wf lemma="好む" pos="X">好む</wf>
         <wf lemma="." pos="X">.</wf>
      </sentence>
      <sentence id="d000.s3070" source="wordnet-japanese">
         <instance id="d000.s3070.t000" lemma="孤独" pos="ADJ">孤独</instance>
         <wf lemma="な" pos="X">な</wf>
         <wf lemma="漁師" pos="X">漁師</wf>
         <wf lemma="は" pos="X">は</wf>
         <wf lemma="、" pos="X">、</wf>
         <wf lemma="砂利" pos="X">砂利</wf>
         <wf lemma="の" pos="X">の</wf>
         <wf lemma="房" pos="X">房</wf>
         <wf lemma="の" pos="X">の</wf>
         <wf lemma="上" pos="X">上</wf>
         <wf lemma="に" pos="X">に</wf>
         <wf lemma="立っ" pos="X">立っ</wf>
         <wf lemma="て" pos="X">て</wf>
         <wf lemma="い" pos="X">い</wf>
         <wf lemma="た" pos="X">た</wf>
         <wf lemma="." pos="X">.</wf>
      </sentence>
      <sentence id="d000.s3071" source="wordnet-japanese">
         <instance id="d000.s3071.t000" lemma="大衆" pos="NOUN">大衆</instance>
         <wf lemma="に" pos="X">に</wf>
         <wf lemma="権力" pos="X">権力</wf>
         <wf lemma="を" pos="X">を</wf>
         <wf lemma="." pos="X">.</wf>
      </sentence>
      <sentence id="d000.s3072" source="wordnet-japanese">
         <wf lemma="ローマ" pos="X">ローマ</wf>
         <wf lemma="の" pos="X">の</wf>
         <instance id="d000.s3072.t000" lemma="ワシ" pos="NOUN">ワシ</instance>
         <wf lemma="." pos="X">.</wf>
      </sentence>
      <sentence id="d000.s3073" source="wordnet-japanese">
         <instance id="d000.s3073.t000" lemma="マクガフィン" pos="NOUN">マクガフィン</instance>
         <wf lemma="は" pos="X">は</wf>
         <wf lemma="、" pos="X">、</wf>
         <wf lemma="アルフレッド" pos="X">アルフレッド</wf>
         <wf lemma="・" pos="X">・</wf>
         <wf lemma="ヒッチコック" pos="X">ヒッチコック</wf>
         <wf lemma="の" pos="X">の</wf>
         <wf lemma="映画" pos="X">映画</wf>
         <wf lemma="の" pos="X">の</wf>
         <wf lemma="鍵" pos="X">鍵</wf>
         <wf lemma="と" pos="X">と</wf>
         <wf lemma="なる" pos="X">なる</wf>
         <wf lemma="要素" pos="X">要素</wf>
         <wf lemma="であっ" pos="X">であっ</wf>
         <wf lemma="た" pos="X">た</wf>
         <wf lemma="." pos="X">.</wf>
      </sentence>
      <sentence id="d000.s3074" source="wordnet-japanese">
         <wf lemma="天気" pos="X">天気</wf>
         <wf lemma="は" pos="X">は</wf>
         <wf lemma="昨夜" pos="X">昨夜</wf>
         <instance id="d000.s3074.t000" lemma="変わる" pos="VERB">変わっ</instance>
         <wf lemma="た" pos="X">た</wf>
         <wf lemma="." pos="X">.</wf>
      </sentence>
      <sentence id="d000.s3075" source="wordnet-japanese">
         <wf lemma="これ" pos="X">これ</wf>
         <wf lemma="は" pos="X">は</wf>
         <instance id="d000.s3075.t000" lemma="極めて" pos="ADV">極めて</instance>
         <wf lemma="重要" pos="X">重要</wf>
         <wf lemma="である" pos="X">である</wf>
         <wf lemma="." pos="X">.</wf>
      </sentence>
      <sentence id="d000.s3076" source="wordnet-japanese">
         <wf lemma="彼" pos="X">彼</wf>
         <wf lemma="に" pos="X">に</wf>
         <wf lemma="は" pos="X">は</wf>
         <wf lemma="、" pos="X">、</wf>
         <wf lemma="最終的" pos="X">最終的</wf>
         <wf lemma="に" pos="X">に</wf>
         <instance id="d000.s3076.t000" lemma="まとも" pos="ADJ">まとも</instance>
         <wf lemma="な" pos="X">な</wf>
         <wf lemma="仕事" pos="X">仕事</wf>
         <wf lemma="に" pos="X">に</wf>
         <wf lemma="就い" pos="X">就い</wf>
         <wf lemma="て" pos="X">て</wf>
         <wf lemma="いる" pos="X">いる</wf>
         <wf lemma="." pos="X">.</wf>
      </sentence>
      <sentence id="d000.s3077" source="wordnet-japanese">
         <wf lemma="ギールグッド" pos="X">ギールグッド</wf>
         <wf lemma="は" pos="X">は</wf>
         <wf lemma="ハムレット" pos="X">ハムレット</wf>
         <wf lemma="を" pos="X">を</wf>
         <instance id="d000.s3077.t000" lemma="演じる" pos="VERB">演じ</instance>
         <wf lemma="た" pos="X">た</wf>
         <wf lemma="." pos="X">.</wf>
      </sentence>
      <sentence id="d000.s3078" source="wordnet-japanese">
         <wf lemma="彼" pos="X">彼</wf>
         <wf lemma="を" pos="X">を</wf>
         <instance id="d000.s3078.t000" lemma="無慈悲" pos="ADJ">無慈悲</instance>
         <wf lemma="に" pos="X">に</wf>
         <wf lemma="たたい" pos="X">たたい</wf>
         <wf lemma="た" pos="X">た</wf>
         <wf lemma="." pos="X">.</wf>
      </sentence>
      <sentence id="d000.s3079" source="wordnet-japanese">
         <wf lemma="人" pos="X">人</wf>
         <wf lemma="に" pos="X">に</wf>
         <wf lemma="名誉" pos="X">名誉</wf>
         <wf lemma="を" pos="X">を</wf>
         <instance id="d000.s3079.t000" lemma="与える" pos="VERB">与える</instance>
         <wf lemma="." pos="X">.</wf>
      </sentence>
      <sentence id="d000.s3080" source="wordnet-japanese">
         <wf lemma="営業部" pos="X">営業部</wf>
         <wf lemma="に" pos="X">に</wf>
         <instance id="d000.s3080.t000" lemma="空き" pos="NOUN">空き</instance>
         <wf lemma="が" pos="X">が</wf>
         <wf lemma="ある" pos="X">ある</wf>
         <wf lemma="." pos="X">.</wf>
      </sentence>
      <sentence id="d000.s3081" source="wordnet-japanese">
         <wf lemma="患者" pos="X">患者</wf>
         <wf lemma="は" pos="X">は</wf>
         <wf lemma="、" pos="X">、</wf>
         <wf lemma="空気" pos="X">空気</wf>
         <wf lemma="を" pos="X">を</wf>
         <instance id="d000.s3081.t000" lemma="吸い込む" pos="VERB">吸い込む</instance>
         <wf lemma="の" pos="X">の</wf>
         <wf lemma="に" pos="X">に</wf>
         <wf lemma="苦労" pos="X">苦労</wf>
         <wf lemma="を" pos="X">を</wf>
         <wf lemma="伴う" pos="X">伴う</wf>
         <wf lemma="." pos="X">.</wf>
      </sentence>
      <sentence id="d000.s3082" source="wordnet-japanese">
         <wf lemma="彼" pos="X">彼</wf>
         <wf lemma="は" pos="X">は</wf>
         <instance id="d000.s3082.t000" lemma="精神的" pos="ADV">精神的</instance>
         <wf lemma="に" pos="X">に</wf>
         <wf lemma="苦しん" pos="X">苦しん</wf>
         <wf lemma="だ" pos="X">だ</wf>
         <wf lemma="." pos="X">.</wf>
      </sentence>
      <sentence id="d000.s3083" source="wordnet-japanese">
         <wf lemma="出席" pos="X">出席</wf>
         <wf lemma="の" pos="X">の</wf>
         <instance id="d000.s3083.t000" lemma="明確" pos="ADJ">明確</instance>
         <wf lemma="な" pos="X">な</wf>
         <wf lemma="低下" pos="X">低下</wf>
         <wf lemma="." pos="X">.</wf>
      </sentence>
      <sentence id="d000.s3084" source="wordnet-japanese">
         <wf lemma="彼" pos="X">彼</wf>
         <wf lemma="が" pos="X">が</wf>
         <wf lemma="まず" pos="X">まず</wf>
         <instance id="d000.s3084.t000" lemma="配慮" pos="NOUN">配慮</instance>
         <wf lemma="し" pos="X">し</wf>
         <wf lemma="た" pos="X">た</wf>
         <wf lemma="の" pos="X">の</wf>
         <wf lemma="は" pos="X">は</wf>
         <wf lemma="妻" pos="X">妻</wf>
         <wf lemma="の" pos="X">の</wf>
         <wf lemma="病気" pos="X">病気</wf>
         <wf lemma="だっ" pos="X">だっ</wf>
         <wf lemma="た" pos="X">た</wf>
         <wf lemma="." pos="X">.</wf>
      </sentence>
      <sentence id="d000.s3085" source="wordnet-japanese">
         <wf lemma="貪欲" pos="X">貪欲</wf>
         <wf lemma="な" pos="X">な</wf>
         <wf lemma="ビジネスマン" pos="X">ビジネスマン</wf>
         <wf lemma="の" pos="X">の</wf>
         <wf lemma="ため" pos="X">ため</wf>
         <wf lemma="の" pos="X">の</wf>
         <wf lemma="ちゃちな" pos="X">ちゃちな</wf>
         <wf lemma="昇進" pos="X">昇進</wf>
         <instance id="d000.s3085.t000" lemma="策略" pos="NOUN">策略</instance>
         <wf lemma="." pos="X">.</wf>
      </sentence>
      <sentence id="d000.s3086" source="wordnet-japanese">
         <wf lemma="不運" pos="X">不運</wf>
         <wf lemma="な" pos="X">な</wf>
         <wf lemma="ハイカー" pos="X">ハイカー</wf>
         <wf lemma="は" pos="X">は</wf>
         <wf lemma="クレバス" pos="X">クレバス</wf>
         <wf lemma="に" pos="X">に</wf>
         <instance id="d000.s3086.t000" lemma="落ちる" pos="VERB">落ち</instance>
         <wf lemma="た" pos="X">た</wf>
         <wf lemma="." pos="X">.</wf>
      </sentence>
      <sentence id="d000.s3087" source="wordnet-japanese">
         <wf lemma="ロープ" pos="X">ロープ</wf>
         <wf lemma="に" pos="X">に</wf>
         <instance id="d000.s3087.t000" lemma="刻む" pos="VERB">刻み</instance>
         <wf lemma="目" pos="X">目</wf>
         <wf lemma="を" pos="X">を</wf>
         <wf lemma="つける" pos="X">つける</wf>
         <wf lemma="." pos="X">.</wf>
      </sentence>
      <sentence id="d000.s3088" source="wordnet-japanese">
         <instance id="d000.s3088.t000" lemma="複雑" pos="ADJ">複雑</instance>
         <wf lemma="な" pos="X">な</wf>
         <wf lemma="訴訟" pos="X">訴訟</wf>
         <wf lemma="手続き" pos="X">手続き</wf>
         <wf lemma="." pos="X">.</wf>
      </sentence>
      <sentence id="d000.s3089" source="wordnet-japanese">
         <instance id="d000.s3089.t000" lemma="器用" pos="ADJ">器用</instance>
         <wf lemma="な" pos="X">な</wf>
         <wf lemma="ウエイター" pos="X">ウエイター</wf>
         <wf lemma="." pos="X">.</wf>
      </sentence>
      <sentence id="d000.s3090" source="wordnet-japanese">
         <wf lemma="彼女" pos="X">彼女</wf>
         <wf lemma="の" pos="X">の</wf>
         <wf lemma="姉妹" pos="X">姉妹</wf>
         <wf lemma="より" pos="X">より</wf>
         <instance id="d000.s3090.t000" lemma="美しい" pos="ADJ">美しい</instance>
         <wf lemma="." pos="X">.</wf>
      </sentence>
      <sentence id="d000.s3091" source="wordnet-japanese">
         <wf lemma="2" pos="X">2</wf>
         <instance id="d000.s3091.t000" lemma="種類" pos="NOUN">種類</instance>
         <wf lemma="の" pos="X">の</wf>
         <wf lemma="洗剤" pos="X">洗剤</wf>
         <wf lemma="が" pos="X">が</wf>
         <wf lemma="ある" pos="X">ある</wf>
         <wf lemma="." pos="X">.</wf>
      </sentence>
      <sentence id="d000.s3092" source="wordnet-japanese">
         <wf lemma="彼女" pos="X">彼女</wf>
         <wf lemma="は" pos="X">は</wf>
         <wf lemma="、" pos="X">、</wf>
         <instance id="d000.s3092.t000" lemma="再び" pos="ADV">再び</instance>
         <wf lemma="試み" pos="X">試み</wf>
         <wf lemma="た" pos="X">た</wf>
         <wf lemma="." pos="X">.</wf>
      </sentence>
      <sentence id="d000.s3093" source="wordnet-japanese">
         <wf lemma="それ" pos="X">それ</wf>
         <wf lemma="は" pos="X">は</wf>
         <wf lemma="、" pos="X">、</wf>
         <wf lemma="あなた" pos="X">あなた</wf>
         <wf lemma="に" pos="X">に</wf>
         <instance id="d000.s3093.t000" lemma="特有" pos="ADJ">特有</instance>
         <wf lemma="だ" pos="X">だ</wf>
         <wf lemma="！" pos="X">！</wf>
         <wf lemma="." pos="X">.</wf>
      </sentence>
      <sentence id="d000.s3094" source="wordnet-japanese">
         <wf lemma="彼" pos="X">彼</wf>
         <wf lemma="は" pos="X">は</wf>
         <wf lemma="、" pos="X">、</wf>
         <wf lemma="私" pos="X">私</wf>
         <wf lemma="たち" pos="X">たち</wf>
         <wf lemma="の" pos="X">の</wf>
         <wf lemma="会話" pos="X">会話</wf>
         <wf lemma="に" pos="X">に</wf>
         <instance id="d000.s3094.t000" lemma="軽妙" pos="ADV">軽妙</instance>
         <wf lemma="に" pos="X">に</wf>
         <wf lemma="加わる" pos="X">加わる</wf>
         <wf lemma="だろ" pos="X">だろ</wf>
         <wf lemma="う" pos="X">う</wf>
         <wf lemma="." pos="X">.</wf>
      </sentence>
      <sentence id="d000.s3095" source="wordnet-japanese">
         <wf lemma="ソース" pos="X">ソース</wf>
         <wf lemma="は" pos="X">は</wf>
         <wf lemma="1" pos="X">1</wf>
         <wf lemma="カップ" pos="X">カップ</wf>
         <wf lemma="に" pos="X">に</wf>
         <wf lemma="まで" pos="X">まで</wf>
         <instance id="d000.s3095.t000" lemma="減らす" pos="VERB">減らす</instance>
         <wf lemma="べき" pos="X">べき</wf>
         <wf lemma="である" pos="X">である</wf>
         <wf lemma="." pos="X">.</wf>
      </sentence>
      <sentence id="d000.s3096" source="wordnet-japanese">
         <wf lemma="彼ら" pos="X">彼ら</wf>
         <wf lemma="は" pos="X">は</wf>
         <wf lemma="人々" pos="X">人々</wf>
         <wf lemma="の" pos="X">の</wf>
         <instance id="d000.s3096.t000" lemma="希望" pos="NOUN">希望</instance>
         <wf lemma="を" pos="X">を</wf>
         <wf lemma="尊重" pos="X">尊重</wf>
         <wf lemma="する" pos="X">する</wf>
         <wf lemma="べき" pos="X">べき</wf>
         <wf lemma="である" pos="X">である</wf>
         <wf lemma="." pos="X">.</wf>
      </sentence>
      <sentence id="d000.s3097" source="wordnet-japanese">
         <wf lemma="蝶番" pos="X">蝶番</wf>
         <wf lemma="は" pos="X">は</wf>
         <instance id="d000.s3097.t000" lemma="不安定" pos="ADJ">不安定</instance>
         <wf lemma="である" pos="X">である</wf>
         <wf lemma="." pos="X">.</wf>
      </sentence>
      <sentence id="d000.s3098" source="wordnet-japanese">
         <instance id="d000.s3098.t000" lemma="病因的" pos="ADJ">病因的</instance>
         <wf lemma="な" pos="X">な</wf>
         <wf lemma="薬剤" pos="X">薬剤</wf>
         <wf lemma="." pos="X">.</wf>
      </sentence>
      <sentence id="d000.s3099" source="wordnet-japanese">
         <wf lemma="彼" pos="X">彼</wf>
         <wf lemma="は" pos="X">は</wf>
         <wf lemma="、" pos="X">、</wf>
         <wf lemma="あまり" pos="X">あまり</wf>
         <wf lemma="に" pos="X">に</wf>
         <wf lemma="も" pos="X">も</wf>
         <wf lemma="たくさん" pos="X">たくさん</wf>
         <wf lemma="ダブル" pos="X">ダブル</wf>
         <instance id="d000.s3099.t000" lemma="フォールト" pos="NOUN">フォールト</instance>
         <wf lemma="を" pos="X">を</wf>
         <wf lemma="打っ" pos="X">打っ</wf>
         <wf lemma="た" pos="X">た</wf>
         <wf lemma="." pos="X">.</wf>
      </sentence>
      <sentence id="d000.s3100" source="wordnet-japanese">
         <wf lemma="映画" pos="X">映画</wf>
         <wf lemma="の" pos="X">の</wf>
         <instance id="d000.s3100.t000" lemma="黄金時代" pos="NOUN">黄金時代</instance>
         <wf lemma="だっ" pos="X">だっ</wf>
         <wf lemma="た" pos="X">た</wf>
         <wf lemma="." pos="X">.</wf>
      </sentence>
      <sentence id="d000.s3101" source="wordnet-japanese">
         <wf lemma="きれいな" pos="X">きれいな</wf>
         <wf lemma="足" pos="X">足</wf>
         <wf lemma="を" pos="X">を</wf>
         <instance id="d000.s3101.t000" lemma="見せる" pos="VERB">見せ</instance>
         <wf lemma="て" pos="X">て</wf>
         <wf lemma="短い" pos="X">短い</wf>
         <wf lemma="スカート" pos="X">スカート</wf>
         <wf lemma="を" pos="X">を</wf>
         <wf lemma="履い" pos="X">履い</wf>
         <wf lemma="たら" pos="X">たら</wf>
         <wf lemma="どう" pos="X">どう</wf>
         <wf lemma="." pos="X">.</wf>
      </sentence>
      <sentence id="d000.s3102" source="wordnet-japanese">
         <wf lemma="ピン" pos="X">ピン</wf>
         <wf lemma="の" pos="X">の</wf>
         <instance id="d000.s3102.t000" lemma="頭" pos="NOUN">頭</instance>
         <wf lemma="と" pos="X">と</wf>
         <wf lemma="は" pos="X">は</wf>
         <wf lemma="、" pos="X">、</wf>
         <wf lemma="ピン" pos="X">ピン</wf>
         <wf lemma="の" pos="X">の</wf>
         <wf lemma="上部" pos="X">上部</wf>
         <wf lemma="の" pos="X">の</wf>
         <wf lemma="こと" pos="X">こと</wf>
         <wf lemma="である" pos="X">である</wf>
         <wf lemma="." pos="X">.</wf>
      </sentence>
      <sentence id="d000.s3103" source="wordnet-japanese">
         <wf lemma="彼" pos="X">彼</wf>
         <wf lemma="の" pos="X">の</wf>
         <wf lemma="胃" pos="X">胃</wf>
         <wf lemma="は" pos="X">は</wf>
         <wf lemma="莫大" pos="X">莫大</wf>
         <wf lemma="な" pos="X">な</wf>
         <wf lemma="食事" pos="X">食事</wf>
         <wf lemma="の" pos="X">の</wf>
         <wf lemma="後" pos="X">後</wf>
         <wf lemma="で" pos="X">で</wf>
         <instance id="d000.s3103.t000" lemma="膨れる" pos="VERB">膨れ</instance>
         <wf lemma="た" pos="X">た</wf>
         <wf lemma="." pos="X">.</wf>
      </sentence>
      <sentence id="d000.s3104" source="wordnet-japanese">
         <wf lemma="子供" pos="X">子供</wf>
         <wf lemma="の" pos="X">の</wf>
         <wf lemma="言語" pos="X">言語</wf>
         <instance id="d000.s3104.t000" lemma="習得" pos="NOUN">習得</instance>
         <wf lemma="." pos="X">.</wf>
      </sentence>
      <sentence id="d000.s3105" source="wordnet-japanese">
         <wf lemma="彼女" pos="X">彼女</wf>
         <wf lemma="は" pos="X">は</wf>
         <wf lemma="調理" pos="X">調理</wf>
         <wf lemma="の" pos="X">の</wf>
         <wf lemma="才能" pos="X">才能</wf>
         <wf lemma="を" pos="X">を</wf>
         <instance id="d000.s3105.t000" lemma="示す" pos="VERB">示し</instance>
         <wf lemma="た" pos="X">た</wf>
         <wf lemma="." pos="X">.</wf>
      </sentence>
      <sentence id="d000.s3106" source="wordnet-japanese">
         <wf lemma="彼ら" pos="X">彼ら</wf>
         <wf lemma="は" pos="X">は</wf>
         <wf lemma="、" pos="X">、</wf>
         <wf lemma="購入" pos="X">購入</wf>
         <wf lemma="の" pos="X">の</wf>
         <instance id="d000.s3106.t000" lemma="記録" pos="NOUN">記録</instance>
         <wf lemma="を" pos="X">を</wf>
         <wf lemma="見つける" pos="X">見つける</wf>
         <wf lemma="こと" pos="X">こと</wf>
         <wf lemma="が" pos="X">が</wf>
         <wf lemma="でき" pos="X">でき</wf>
         <wf lemma="なかっ" pos="X">なかっ</wf>
         <wf lemma="た" pos="X">た</wf>
         <wf lemma="." pos="X">.</wf>
      </sentence>
      <sentence id="d000.s3107" source="wordnet-japanese">
         <instance id="d000.s3107.t000" lemma="平易" pos="ADJ">平易</instance>
         <wf lemma="な" pos="X">な</wf>
         <wf lemma="問題" pos="X">問題</wf>
         <wf lemma="." pos="X">.</wf>
      </sentence>
      <sentence id="d000.s3108" source="wordnet-japanese">
         <instance id="d000.s3108.t000" lemma="軽薄" pos="ADJ">軽薄</instance>
         <wf lemma="な" pos="X">な</wf>
         <wf lemma="発言" pos="X">発言</wf>
         <wf lemma="." pos="X">.</wf>
      </sentence>
      <sentence id="d000.s3109" source="wordnet-japanese">
         <wf lemma="良い" pos="X">良い</wf>
         <instance id="d000.s3109.t000" lemma="ショッピングセンター" pos="NOUN">ショッピングセンター</instance>
         <wf lemma="に" pos="X">に</wf>
         <wf lemma="は" pos="X">は</wf>
         <wf lemma="映画館" pos="X">映画館</wf>
         <wf lemma="が" pos="X">が</wf>
         <wf lemma="必要" pos="X">必要</wf>
         <wf lemma="だ" pos="X">だ</wf>
         <wf lemma="." pos="X">.</wf>
      </sentence>
      <sentence id="d000.s3110" source="wordnet-japanese">
         <wf lemma="本" pos="X">本</wf>
         <wf lemma="は" pos="X">は</wf>
         <wf lemma="、" pos="X">、</wf>
         <wf lemma="想像力" pos="X">想像力</wf>
         <wf lemma="を" pos="X">を</wf>
         <instance id="d000.s3110.t000" lemma="かき立てる" pos="VERB">かき立て</instance>
         <wf lemma="た" pos="X">た</wf>
         <wf lemma="." pos="X">.</wf>
      </sentence>
      <sentence id="d000.s3111" source="wordnet-japanese">
         <wf lemma="その" pos="X">その</wf>
         <wf lemma="救援" pos="X">救援</wf>
         <wf lemma="投手" pos="X">投手</wf>
         <wf lemma="に" pos="X">に</wf>
         <instance id="d000.s3111.t000" lemma="セーブ" pos="NOUN">セーブ</instance>
         <wf lemma="が" pos="X">が</wf>
         <wf lemma="つい" pos="X">つい</wf>
         <wf lemma="た" pos="X">た</wf>
         <wf lemma="." pos="X">.</wf>
      </sentence>
      <sentence id="d000.s3112" source="wordnet-japanese">
         <wf lemma="彼" pos="X">彼</wf>
         <wf lemma="は" pos="X">は</wf>
         <wf lemma="行動" pos="X">行動</wf>
         <wf lemma="における" pos="X">における</wf>
         <wf lemma="明確" pos="X">明確</wf>
         <wf lemma="な" pos="X">な</wf>
         <instance id="d000.s3112.t000" lemma="説明" pos="NOUN">説明</instance>
         <wf lemma="が" pos="X">が</wf>
         <wf lemma="出来" pos="X">出来</wf>
         <wf lemma="なかっ" pos="X">なかっ</wf>
         <wf lemma="た" pos="X">た</wf>
         <wf lemma="." pos="X">.</wf>
      </sentence>
      <sentence id="d000.s3113" source="wordnet-japanese">
         <instance id="d000.s3113.t000" lemma="多様" pos="ADJ">多様</instance>
         <wf lemma="な" pos="X">な</wf>
         <wf lemma="国籍" pos="X">国籍</wf>
         <wf lemma="の" pos="X">の</wf>
         <wf lemma="観光客" pos="X">観光客</wf>
         <wf lemma="オフィス" pos="X">オフィス</wf>
         <wf lemma="." pos="X">.</wf>
      </sentence>
      <sentence id="d000.s3114" source="wordnet-japanese">
         <wf lemma="彼" pos="X">彼</wf>
         <wf lemma="は" pos="X">は</wf>
         <instance id="d000.s3114.t000" lemma="家庭" pos="NOUN">家庭</instance>
         <wf lemma="を" pos="X">を</wf>
         <wf lemma="持つ" pos="X">持つ</wf>
         <wf lemma="前" pos="X">前</wf>
         <wf lemma="によい" pos="X">によい</wf>
         <wf lemma="仕事" pos="X">仕事</wf>
         <wf lemma="に" pos="X">に</wf>
         <wf lemma="就き" pos="X">就き</wf>
         <wf lemma="たかっ" pos="X">たかっ</wf>
         <wf lemma="た" pos="X">た</wf>
         <wf lemma="." pos="X">.</wf>
      </sentence>
      <sentence id="d000.s3115" source="wordnet-japanese">
         <wf lemma="恐怖" pos="X">恐怖</wf>
         <wf lemma="で" pos="X">で</wf>
         <instance id="d000.s3115.t000" lemma="青白い" pos="ADJ">青白い</instance>
         <wf lemma="唇" pos="X">唇</wf>
         <wf lemma="." pos="X">.</wf>
      </sentence>
      <sentence id="d000.s3116" source="wordnet-japanese">
         <wf lemma="新製品" pos="X">新製品</wf>
         <wf lemma="の" pos="X">の</wf>
         <wf lemma="カメラ" pos="X">カメラ</wf>
         <wf lemma="は" pos="X">は</wf>
         <instance id="d000.s3116.t000" lemma="絞り" pos="NOUN">絞り</instance>
         <wf lemma="を" pos="X">を</wf>
         <wf lemma="自動的" pos="X">自動的</wf>
         <wf lemma="に" pos="X">に</wf>
         <wf lemma="調節" pos="X">調節</wf>
         <wf lemma="する" pos="X">する</wf>
         <wf lemma="." pos="X">.</wf>
      </sentence>
      <sentence id="d000.s3117" source="wordnet-japanese">
         <wf lemma="ナイル" pos="X">ナイル</wf>
         <wf lemma="川" pos="X">川</wf>
         <instance id="d000.s3117.t000" lemma="デルタ" pos="NOUN">デルタ</instance>
         <wf lemma="." pos="X">.</wf>
      </sentence>
      <sentence id="d000.s3118" source="wordnet-japanese">
         <wf lemma="彼" pos="X">彼</wf>
         <wf lemma="の" pos="X">の</wf>
         <wf lemma="小さい" pos="X">小さい</wf>
         <wf lemma="ころ" pos="X">ころ</wf>
         <wf lemma="の" pos="X">の</wf>
         <instance id="d000.s3118.t000" lemma="孤児院" pos="NOUN">孤児院</instance>
         <wf lemma="生活" pos="X">生活</wf>
         <wf lemma="は" pos="X">は</wf>
         <wf lemma="大人" pos="X">大人</wf>
         <wf lemma="と" pos="X">と</wf>
         <wf lemma="し" pos="X">し</wf>
         <wf lemma="て" pos="X">て</wf>
         <wf lemma="の" pos="X">の</wf>
         <wf lemma="人格" pos="X">人格</wf>
         <wf lemma="を" pos="X">を</wf>
         <wf lemma="形成" pos="X">形成</wf>
         <wf lemma="し" pos="X">し</wf>
         <wf lemma="た" pos="X">た</wf>
         <wf lemma="." pos="X">.</wf>
      </sentence>
      <sentence id="d000.s3119" source="wordnet-japanese">
         <instance id="d000.s3119.t000" lemma="魔女" pos="NOUN">魔女</instance>
         <wf lemma="は" pos="X">は</wf>
         <wf lemma="彼" pos="X">彼</wf>
         <wf lemma="の" pos="X">の</wf>
         <wf lemma="家族" pos="X">家族</wf>
         <wf lemma="全員" pos="X">全員</wf>
         <wf lemma="に" pos="X">に</wf>
         <wf lemma="呪い" pos="X">呪い</wf>
         <wf lemma="を" pos="X">を</wf>
         <wf lemma="かけ" pos="X">かけ</wf>
         <wf lemma="た" pos="X">た</wf>
         <wf lemma="." pos="X">.</wf>
      </sentence>
      <sentence id="d000.s3120" source="wordnet-japanese">
         <wf lemma="品行" pos="X">品行</wf>
         <wf lemma="の" pos="X">の</wf>
         <instance id="d000.s3120.t000" lemma="悪い" pos="ADJ">悪い</instance>
         <wf lemma="少年" pos="X">少年</wf>
         <wf lemma="." pos="X">.</wf>
      </sentence>
      <sentence id="d000.s3121" source="wordnet-japanese">
         <wf lemma="彼" pos="X">彼</wf>
         <wf lemma="は" pos="X">は</wf>
         <wf lemma="何か" pos="X">何か</wf>
         <wf lemma="邪悪" pos="X">邪悪</wf>
         <wf lemma="な" pos="X">な</wf>
         <wf lemma="力" pos="X">力</wf>
         <wf lemma="の" pos="X">の</wf>
         <instance id="d000.s3121.t000" lemma="存在" pos="NOUN">存在</instance>
         <wf lemma="を" pos="X">を</wf>
         <wf lemma="感じ" pos="X">感じ</wf>
         <wf lemma="た" pos="X">た</wf>
         <wf lemma="." pos="X">.</wf>
      </sentence>
      <sentence id="d000.s3122" source="wordnet-japanese">
         <wf lemma="貧乏" pos="X">貧乏</wf>
         <wf lemma="の" pos="X">の</wf>
         <wf lemma="連鎖" pos="X">連鎖</wf>
         <wf lemma="を" pos="X">を</wf>
         <instance id="d000.s3122.t000" lemma="断つ" pos="VERB">断つ</instance>
         <wf lemma="." pos="X">.</wf>
      </sentence>
      <sentence id="d000.s3123" source="wordnet-japanese">
         <wf lemma="彼ら" pos="X">彼ら</wf>
         <wf lemma="は" pos="X">は</wf>
         <wf lemma="後部" pos="X">後部</wf>
         <wf lemma="座席" pos="X">座席</wf>
         <wf lemma="で" pos="X">で</wf>
         <instance id="d000.s3123.t000" lemma="セックス" pos="NOUN">セックス</instance>
         <wf lemma="を" pos="X">を</wf>
         <wf lemma="し" pos="X">し</wf>
         <wf lemma="た" pos="X">た</wf>
         <wf lemma="." pos="X">.</wf>
      </sentence>
      <sentence id="d000.s3124" source="wordnet-japanese">
         <wf lemma="私たち" pos="X">私たち</wf>
         <wf lemma="は" pos="X">は</wf>
         <wf lemma="、" pos="X">、</wf>
         <wf lemma="教会" pos="X">教会</wf>
         <wf lemma="の" pos="X">の</wf>
         <wf lemma="地下室" pos="X">地下室</wf>
         <wf lemma="に" pos="X">に</wf>
         <instance id="d000.s3124.t000" lemma="集まる" pos="VERB">集まっ</instance>
         <wf lemma="た" pos="X">た</wf>
         <wf lemma="." pos="X">.</wf>
      </sentence>
      <sentence id="d000.s3125" source="wordnet-japanese">
         <instance id="d000.s3125.t000" lemma="水っぽい" pos="ADJ">水っぽい</instance>
         <wf lemma="牛乳" pos="X">牛乳</wf>
         <wf lemma="." pos="X">.</wf>
      </sentence>
      <sentence id="d000.s3126" source="wordnet-japanese">
         <wf lemma="新しい" pos="X">新しい</wf>
         <wf lemma="学校" pos="X">学校</wf>
         <wf lemma="は" pos="X">は</wf>
         <wf lemma="有名" pos="X">有名</wf>
         <wf lemma="な" pos="X">な</wf>
         <wf lemma="公民権" pos="X">公民権</wf>
         <wf lemma="運動" pos="X">運動</wf>
         <wf lemma="の" pos="X">の</wf>
         <wf lemma="指導者" pos="X">指導者</wf>
         <wf lemma="の" pos="X">の</wf>
         <wf lemma="名" pos="X">名</wf>
         <wf lemma="に" pos="X">に</wf>
         <wf lemma="ちなん" pos="X">ちなん</wf>
         <wf lemma="で" pos="X">で</wf>
         <instance id="d000.s3126.t000" lemma="名付ける" pos="VERB">名付け</instance>
         <wf lemma="られ" pos="X">られ</wf>
         <wf lemma="た" pos="X">た</wf>
         <wf lemma="." pos="X">.</wf>
      </sentence>
      <sentence id="d000.s3127" source="wordnet-japanese">
         <wf lemma="その" pos="X">その</wf>
         <wf lemma="議員" pos="X">議員</wf>
         <wf lemma="は" pos="X">は</wf>
         <instance id="d000.s3127.t000" lemma="抗議" pos="NOUN">抗議</instance>
         <wf lemma="を" pos="X">を</wf>
         <wf lemma="表明" pos="X">表明</wf>
         <wf lemma="する" pos="X">する</wf>
         <wf lemma="ため" pos="X">ため</wf>
         <wf lemma="に" pos="X">に</wf>
         <wf lemma="立ち上がっ" pos="X">立ち上がっ</wf>
         <wf lemma="た" pos="X">た</wf>
         <wf lemma="." pos="X">.</wf>
      </sentence>
      <sentence id="d000.s3128" source="wordnet-japanese">
         <instance id="d000.s3128.t000" lemma="おそらく" pos="ADV">おそらく</instance>
         <wf lemma="、" pos="X">、</wf>
         <wf lemma="彼" pos="X">彼</wf>
         <wf lemma="は" pos="X">は</wf>
         <wf lemma="列車" pos="X">列車</wf>
         <wf lemma="に" pos="X">に</wf>
         <wf lemma="乗り遅れ" pos="X">乗り遅れ</wf>
         <wf lemma="た" pos="X">た</wf>
         <wf lemma="." pos="X">.</wf>
      </sentence>
      <sentence id="d000.s3129" source="wordnet-japanese">
         <instance id="d000.s3129.t000" lemma="常識" pos="NOUN">常識</instance>
         <wf lemma="は" pos="X">は</wf>
         <wf lemma="それ" pos="X">それ</wf>
         <wf lemma="ほど" pos="X">ほど</wf>
         <wf lemma="一般的" pos="X">一般的</wf>
         <wf lemma="で" pos="X">で</wf>
         <wf lemma="は" pos="X">は</wf>
         <wf lemma="ない" pos="X">ない</wf>
         <wf lemma="." pos="X">.</wf>
      </sentence>
      <sentence id="d000.s3130" source="wordnet-japanese">
         <wf lemma="彼" pos="X">彼</wf>
         <wf lemma="の" pos="X">の</wf>
         <wf lemma="成功" pos="X">成功</wf>
         <wf lemma="の" pos="X">の</wf>
         <instance id="d000.s3130.t000" lemma="最高潮" pos="NOUN">最高潮</instance>
         <wf lemma="." pos="X">.</wf>
      </sentence>
      <sentence id="d000.s3131" source="wordnet-japanese">
         <instance id="d000.s3131.t000" lemma="アザラシ" pos="NOUN">アザラシ</instance>
         <wf lemma="の" pos="X">の</wf>
         <wf lemma="コート" pos="X">コート</wf>
         <wf lemma="." pos="X">.</wf>
      </sentence>
      <sentence id="d000.s3132" source="wordnet-japanese">
         <wf lemma="人間" pos="X">人間</wf>
         <wf lemma="に" pos="X">に</wf>
         <wf lemma="は" pos="X">は</wf>
         <wf lemma="、" pos="X">、</wf>
         <wf lemma="22" pos="X">22</wf>
         <wf lemma="対" pos="X">対</wf>
         <wf lemma="の" pos="X">の</wf>
         <instance id="d000.s3132.t000" lemma="染色体" pos="NOUN">染色体</instance>
         <wf lemma="と" pos="X">と</wf>
         <wf lemma="2" pos="X">2</wf>
         <wf lemma="つ" pos="X">つ</wf>
         <wf lemma="の" pos="X">の</wf>
         <wf lemma="性染" pos="X">性染</wf>
         <wf lemma="色体" pos="X">色体</wf>
         <wf lemma="が" pos="X">が</wf>
         <wf lemma="ある" pos="X">ある</wf>
         <wf lemma="." pos="X">.</wf>
      </sentence>
      <sentence id="d000.s3133" source="wordnet-japanese">
         <wf lemma="彼" pos="X">彼</wf>
         <wf lemma="の" pos="X">の</wf>
         <wf lemma="成果" pos="X">成果</wf>
         <wf lemma="を" pos="X">を</wf>
         <instance id="d000.s3133.t000" lemma="誇る" pos="ADJ">誇り</instance>
         <wf lemma="に" pos="X">に</wf>
         <wf lemma="思う" pos="X">思う</wf>
         <wf lemma="." pos="X">.</wf>
      </sentence>
      <sentence id="d000.s3134" source="wordnet-japanese">
         <wf lemma="遠洋" pos="X">遠洋</wf>
         <wf lemma="定期船" pos="X">定期船</wf>
         <wf lemma="の" pos="X">の</wf>
         <instance id="d000.s3134.t000" lemma="女王" pos="NOUN">女王</instance>
         <wf lemma="." pos="X">.</wf>
      </sentence>
      <sentence id="d000.s3135" source="wordnet-japanese">
         <wf lemma="狂気" pos="X">狂気</wf>
         <wf lemma="、" pos="X">、</wf>
         <wf lemma="そのよう" pos="X">そのよう</wf>
         <wf lemma="な" pos="X">な</wf>
         <wf lemma="頭" pos="X">頭</wf>
         <wf lemma="の" pos="X">の</wf>
         <wf lemma="良い" pos="X">良い</wf>
         <wf lemma="思想家" pos="X">思想家</wf>
         <wf lemma="に" pos="X">に</wf>
         <wf lemma="は" pos="X">は</wf>
         <instance id="d000.s3135.t000" lemma="皮肉" pos="ADJ">皮肉</instance>
         <wf lemma="な" pos="X">な</wf>
         <wf lemma="運命" pos="X">運命</wf>
         <wf lemma="." pos="X">.</wf>
      </sentence>
      <sentence id="d000.s3136" source="wordnet-japanese">
         <wf lemma="森" pos="X">森</wf>
         <wf lemma="の" pos="X">の</wf>
         <wf lemma="落ちつか" pos="X">落ちつか</wf>
         <wf lemma="ない" pos="X">ない</wf>
         <instance id="d000.s3136.t000" lemma="不気味" pos="ADJ">不気味</instance>
         <wf lemma="な" pos="X">な</wf>
         <wf lemma="静寂" pos="X">静寂</wf>
         <wf lemma="." pos="X">.</wf>
      </sentence>
      <sentence id="d000.s3137" source="wordnet-japanese">
         <instance id="d000.s3137.t000" lemma="経験" pos="NOUN">経験</instance>
         <wf lemma="豊富" pos="X">豊富</wf>
         <wf lemma="な" pos="X">な</wf>
         <wf lemma="人" pos="X">人</wf>
         <wf lemma="." pos="X">.</wf>
      </sentence>
      <sentence id="d000.s3138" source="wordnet-japanese">
         <wf lemma="右" pos="X">右</wf>
         <wf lemma="の" pos="X">の</wf>
         <wf lemma="肩" pos="X">肩</wf>
         <wf lemma="の" pos="X">の</wf>
         <wf lemma="痛み" pos="X">痛み</wf>
         <wf lemma="は" pos="X">は</wf>
         <wf lemma="胆嚢" pos="X">胆嚢</wf>
         <wf lemma="疾患" pos="X">疾患</wf>
         <wf lemma="から" pos="X">から</wf>
         <wf lemma="の" pos="X">の</wf>
         <instance id="d000.s3138.t000" lemma="関連痛" pos="NOUN">関連痛</instance>
         <wf lemma="である" pos="X">である</wf>
         <wf lemma="かもしれ" pos="X">かもしれ</wf>
         <wf lemma="ない" pos="X">ない</wf>
         <wf lemma="." pos="X">.</wf>
      </sentence>
      <sentence id="d000.s3139" source="wordnet-japanese">
         <instance id="d000.s3139.t000" lemma="所持品" pos="NOUN">所持品</instance>
         <wf lemma="を" pos="X">を</wf>
         <wf lemma="みんな" pos="X">みんな</wf>
         <wf lemma="もっ" pos="X">もっ</wf>
         <wf lemma="た" pos="X">た</wf>
         <wf lemma="か" pos="X">か</wf>
         <wf lemma="." pos="X">.</wf>
      </sentence>
      <sentence id="d000.s3140" source="wordnet-japanese">
         <wf lemma="彼ら" pos="X">彼ら</wf>
         <wf lemma="は" pos="X">は</wf>
         <wf lemma="、" pos="X">、</wf>
         <wf lemma="最初" pos="X">最初</wf>
         <wf lemma="の" pos="X">の</wf>
         <instance id="d000.s3140.t000" lemma="ティー" pos="NOUN">ティー</instance>
         <wf lemma="の" pos="X">の</wf>
         <wf lemma="順番" pos="X">順番</wf>
         <wf lemma="を" pos="X">を</wf>
         <wf lemma="待っ" pos="X">待っ</wf>
         <wf lemma="て" pos="X">て</wf>
         <wf lemma="い" pos="X">い</wf>
         <wf lemma="た" pos="X">た</wf>
         <wf lemma="." pos="X">.</wf>
      </sentence>
      <sentence id="d000.s3141" source="wordnet-japanese">
         <wf lemma="彼女" pos="X">彼女</wf>
         <wf lemma="は" pos="X">は</wf>
         <wf lemma="私たち" pos="X">私たち</wf>
         <wf lemma="の" pos="X">の</wf>
         <wf lemma="期待" pos="X">期待</wf>
         <wf lemma="を" pos="X">を</wf>
         <instance id="d000.s3141.t000" lemma="超える" pos="VERB">超え</instance>
         <wf lemma="て" pos="X">て</wf>
         <wf lemma="い" pos="X">い</wf>
         <wf lemma="た" pos="X">た</wf>
         <wf lemma="." pos="X">.</wf>
      </sentence>
      <sentence id="d000.s3142" source="wordnet-japanese">
         <wf lemma="それ" pos="X">それ</wf>
         <wf lemma="は" pos="X">は</wf>
         <wf lemma="強風" pos="X">強風</wf>
         <wf lemma="の" pos="X">の</wf>
         <instance id="d000.s3142.t000" lemma="力" pos="NOUN">力</instance>
         <wf lemma="によって" pos="X">によって</wf>
         <wf lemma="破壊" pos="X">破壊</wf>
         <wf lemma="さ" pos="X">さ</wf>
         <wf lemma="れ" pos="X">れ</wf>
         <wf lemma="た" pos="X">た</wf>
         <wf lemma="." pos="X">.</wf>
      </sentence>
      <sentence id="d000.s3143" source="wordnet-japanese">
         <wf lemma="私" pos="X">私</wf>
         <wf lemma="たち" pos="X">たち</wf>
         <wf lemma="は" pos="X">は</wf>
         <instance id="d000.s3143.t000" lemma="長期的" pos="ADV">長期的</instance>
         <wf lemma="に" pos="X">に</wf>
         <wf lemma="子供" pos="X">子供</wf>
         <wf lemma="たち" pos="X">たち</wf>
         <wf lemma="の" pos="X">の</wf>
         <wf lemma="成長" pos="X">成長</wf>
         <wf lemma="を" pos="X">を</wf>
         <wf lemma="研究" pos="X">研究</wf>
         <wf lemma="し" pos="X">し</wf>
         <wf lemma="た" pos="X">た</wf>
         <wf lemma="." pos="X">.</wf>
      </sentence>
      <sentence id="d000.s3144" source="wordnet-japanese">
         <wf lemma="プリンストン" pos="X">プリンストン</wf>
         <wf lemma="が" pos="X">が</wf>
         <instance id="d000.s3144.t000" lemma="フィールド" pos="NOUN">フィールド</instance>
         <wf lemma="に" pos="X">に</wf>
         <wf lemma="出る" pos="X">出る</wf>
         <wf lemma="と" pos="X">と</wf>
         <wf lemma="、" pos="X">、</wf>
         <wf lemma="地元" pos="X">地元</wf>
         <wf lemma="の" pos="X">の</wf>
         <wf lemma="群衆" pos="X">群衆</wf>
         <wf lemma="が" pos="X">が</wf>
         <wf lemma="喝采" pos="X">喝采</wf>
         <wf lemma="し" pos="X">し</wf>
         <wf lemma="た" pos="X">た</wf>
         <wf lemma="." pos="X">.</wf>
      </sentence>
      <sentence id="d000.s3145" source="wordnet-japanese">
         <wf lemma="私" pos="X">私</wf>
         <wf lemma="たち" pos="X">たち</wf>
         <wf lemma="の" pos="X">の</wf>
         <instance id="d000.s3145.t000" lemma="教会" pos="NOUN">教会</instance>
         <wf lemma="は" pos="X">は</wf>
         <wf lemma="、" pos="X">、</wf>
         <wf lemma="来週" pos="X">来週</wf>
         <wf lemma="、" pos="X">、</wf>
         <wf lemma="ピクニック" pos="X">ピクニック</wf>
         <wf lemma="を" pos="X">を</wf>
         <wf lemma="主催" pos="X">主催</wf>
         <wf lemma="する" pos="X">する</wf>
         <wf lemma="." pos="X">.</wf>
      </sentence>
      <sentence id="d000.s3146" source="wordnet-japanese">
         <instance id="d000.s3146.t000" lemma="成功者" pos="NOUN">成功者</instance>
         <wf lemma="に" pos="X">に</wf>
         <wf lemma="なり" pos="X">なり</wf>
         <wf lemma="たけれ" pos="X">たけれ</wf>
         <wf lemma="ば" pos="X">ば</wf>
         <wf lemma="、" pos="X">、</wf>
         <wf lemma="成功者" pos="X">成功者</wf>
         <wf lemma="の" pos="X">の</wf>
         <wf lemma="ような" pos="X">ような</wf>
         <wf lemma="身なり" pos="X">身なり</wf>
         <wf lemma="を" pos="X">を</wf>
         <wf lemma="し" pos="X">し</wf>
         <wf lemma="なければ" pos="X">なければ</wf>
         <wf lemma="なら" pos="X">なら</wf>
         <wf lemma="ない" pos="X">ない</wf>
         <wf lemma="." pos="X">.</wf>
      </sentence>
      <sentence id="d000.s3147" source="wordnet-japanese">
         <wf lemma="謝罪" pos="X">謝罪</wf>
         <wf lemma="が" pos="X">が</wf>
         <instance id="d000.s3147.t000" lemma="適切" pos="ADJ">適切</instance>
         <wf lemma="で" pos="X">で</wf>
         <wf lemma="ある" pos="X">ある</wf>
         <wf lemma="ように" pos="X">ように</wf>
         <wf lemma="思える" pos="X">思える</wf>
         <wf lemma="." pos="X">.</wf>
      </sentence>
      <sentence id="d000.s3148" source="wordnet-japanese">
         <wf lemma="物質" pos="X">物質</wf>
         <wf lemma="の" pos="X">の</wf>
         <instance id="d000.s3148.t000" lemma="本質的" pos="ADJ">本質的</instance>
         <wf lemma="な" pos="X">な</wf>
         <wf lemma="構造" pos="X">構造</wf>
         <wf lemma="." pos="X">.</wf>
      </sentence>
      <sentence id="d000.s3149" source="wordnet-japanese">
         <wf lemma="彼" pos="X">彼</wf>
         <wf lemma="は" pos="X">は</wf>
         <wf lemma="、" pos="X">、</wf>
         <wf lemma="前半" pos="X">前半</wf>
         <wf lemma="に" pos="X">に</wf>
         <wf lemma="20" pos="X">20</wf>
         <instance id="d000.s3149.t000" lemma="ポイント" pos="NOUN">ポイント</instance>
         <wf lemma="を" pos="X">を</wf>
         <wf lemma="得点" pos="X">得点</wf>
         <wf lemma="し" pos="X">し</wf>
         <wf lemma="た" pos="X">た</wf>
         <wf lemma="." pos="X">.</wf>
      </sentence>
      <sentence id="d000.s3150" source="wordnet-japanese">
         <wf lemma="物乞い" pos="X">物乞い</wf>
         <wf lemma="の" pos="X">の</wf>
         <wf lemma="手" pos="X">手</wf>
         <wf lemma="に" pos="X">に</wf>
         <wf lemma="お金" pos="X">お金</wf>
         <wf lemma="を" pos="X">を</wf>
         <instance id="d000.s3150.t000" lemma="押し付ける" pos="VERB">押し付ける</instance>
         <wf lemma="." pos="X">.</wf>
      </sentence>
      <sentence id="d000.s3151" source="wordnet-japanese">
         <wf lemma="私" pos="X">私</wf>
         <wf lemma="の" pos="X">の</wf>
         <wf lemma="貢献" pos="X">貢献</wf>
         <wf lemma="に対して" pos="X">に対して</wf>
         <wf lemma="の" pos="X">の</wf>
         <wf lemma="彼" pos="X">彼</wf>
         <wf lemma="の" pos="X">の</wf>
         <instance id="d000.s3151.t000" lemma="沈黙" pos="NOUN">沈黙</instance>
         <wf lemma="は" pos="X">は</wf>
         <wf lemma="驚く" pos="X">驚く</wf>
         <wf lemma="べき" pos="X">べき</wf>
         <wf lemma="こと" pos="X">こと</wf>
         <wf lemma="であっ" pos="X">であっ</wf>
         <wf lemma="た" pos="X">た</wf>
         <wf lemma="." pos="X">.</wf>
      </sentence>
      <sentence id="d000.s3152" source="wordnet-japanese">
         <wf lemma="私" pos="X">私</wf>
         <wf lemma="は" pos="X">は</wf>
         <wf lemma="、" pos="X">、</wf>
         <instance id="d000.s3152.t000" lemma="二度" pos="ADV">二度</instance>
         <wf lemma="彼女" pos="X">彼女</wf>
         <wf lemma="に" pos="X">に</wf>
         <wf lemma="電話" pos="X">電話</wf>
         <wf lemma="を" pos="X">を</wf>
         <wf lemma="し" pos="X">し</wf>
         <wf lemma="た" pos="X">た</wf>
         <wf lemma="." pos="X">.</wf>
      </sentence>
      <sentence id="d000.s3153" source="wordnet-japanese">
         <wf lemma="もし君" pos="X">もし君</wf>
         <wf lemma="の" pos="X">の</wf>
         <wf lemma="言っ" pos="X">言っ</wf>
         <wf lemma="た" pos="X">た</wf>
         <wf lemma="こと" pos="X">こと</wf>
         <wf lemma="を" pos="X">を</wf>
         <instance id="d000.s3153.t000" lemma="証明" pos="NOUN">証明</instance>
         <wf lemma="する" pos="X">する</wf>
         <wf lemma="もの" pos="X">もの</wf>
         <wf lemma="が" pos="X">が</wf>
         <wf lemma="ある" pos="X">ある</wf>
         <wf lemma="なら" pos="X">なら</wf>
         <wf lemma="、" pos="X">、</wf>
         <wf lemma="今" pos="X">今</wf>
         <wf lemma="、" pos="X">、</wf>
         <wf lemma="見せ" pos="X">見せ</wf>
         <wf lemma="て" pos="X">て</wf>
         <wf lemma="くれ" pos="X">くれ</wf>
         <wf lemma="." pos="X">.</wf>
      </sentence>
      <sentence id="d000.s3154" source="wordnet-japanese">
         <wf lemma="彼" pos="X">彼</wf>
         <wf lemma="は" pos="X">は</wf>
         <wf lemma="私" pos="X">私</wf>
         <wf lemma="の" pos="X">の</wf>
         <wf lemma="作品" pos="X">作品</wf>
         <wf lemma="に対して" pos="X">に対して</wf>
         <wf lemma="、" pos="X">、</wf>
         <wf lemma="思いがけ" pos="X">思いがけ</wf>
         <wf lemma="ず" pos="X">ず</wf>
         <instance id="d000.s3154.t000" lemma="非難" pos="NOUN">非難</instance>
         <wf lemma="を" pos="X">を</wf>
         <wf lemma="発表" pos="X">発表</wf>
         <wf lemma="し" pos="X">し</wf>
         <wf lemma="た" pos="X">た</wf>
         <wf lemma="." pos="X">.</wf>
      </sentence>
      <sentence id="d000.s3155" source="wordnet-japanese">
         <instance id="d000.s3155.t000" lemma="珍しい" pos="ADJ">珍しい</instance>
         <wf lemma="本" pos="X">本</wf>
         <wf lemma="." pos="X">.</wf>
      </sentence>
      <sentence id="d000.s3156" source="wordnet-japanese">
         <wf lemma="チーム" pos="X">チーム</wf>
         <wf lemma="は" pos="X">は</wf>
         <wf lemma="ファン" pos="X">ファン</wf>
         <wf lemma="の" pos="X">の</wf>
         <instance id="d000.s3156.t000" lemma="支持" pos="NOUN">支持</instance>
         <wf lemma="を" pos="X">を</wf>
         <wf lemma="享受" pos="X">享受</wf>
         <wf lemma="し" pos="X">し</wf>
         <wf lemma="た" pos="X">た</wf>
         <wf lemma="." pos="X">.</wf>
      </sentence>
      <sentence id="d000.s3157" source="wordnet-japanese">
         <wf lemma="彼" pos="X">彼</wf>
         <wf lemma="は" pos="X">は</wf>
         <wf lemma="自分" pos="X">自分</wf>
         <wf lemma="の" pos="X">の</wf>
         <wf lemma="買い物" pos="X">買い物</wf>
         <wf lemma="について" pos="X">について</wf>
         <instance id="d000.s3157.t000" lemma="再考" pos="NOUN">再考</instance>
         <wf lemma="し" pos="X">し</wf>
         <wf lemma="た" pos="X">た</wf>
         <wf lemma="." pos="X">.</wf>
      </sentence>
      <sentence id="d000.s3158" source="wordnet-japanese">
         <instance id="d000.s3158.t000" lemma="独裁的" pos="ADJ">独裁的</instance>
         <wf lemma="な" pos="X">な</wf>
         <wf lemma="政権" pos="X">政権</wf>
         <wf lemma="." pos="X">.</wf>
      </sentence>
      <sentence id="d000.s3159" source="wordnet-japanese">
         <wf lemma="私" pos="X">私</wf>
         <wf lemma="たち" pos="X">たち</wf>
         <wf lemma="は" pos="X">は</wf>
         <wf lemma="その" pos="X">その</wf>
         <wf lemma="夜" pos="X">夜</wf>
         <wf lemma="早く" pos="X">早く</wf>
         <wf lemma="戻る" pos="X">戻る</wf>
         <wf lemma="と" pos="X">と</wf>
         <instance id="d000.s3159.t000" lemma="思う" pos="VERB">思っ</instance>
         <wf lemma="て" pos="X">て</wf>
         <wf lemma="い" pos="X">い</wf>
         <wf lemma="た" pos="X">た</wf>
         <wf lemma="." pos="X">.</wf>
      </sentence>
      <sentence id="d000.s3160" source="wordnet-japanese">
         <wf lemma="彼女" pos="X">彼女</wf>
         <wf lemma="は" pos="X">は</wf>
         <instance id="d000.s3160.t000" lemma="最初" pos="NOUN">最初</instance>
         <wf lemma="から" pos="X">から</wf>
         <wf lemma="彼" pos="X">彼</wf>
         <wf lemma="が" pos="X">が</wf>
         <wf lemma="自分" pos="X">自分</wf>
         <wf lemma="の" pos="X">の</wf>
         <wf lemma="ため" pos="X">ため</wf>
         <wf lemma="の" pos="X">の</wf>
         <wf lemma="男" pos="X">男</wf>
         <wf lemma="である" pos="X">である</wf>
         <wf lemma="と" pos="X">と</wf>
         <wf lemma="知っ" pos="X">知っ</wf>
         <wf lemma="て" pos="X">て</wf>
         <wf lemma="い" pos="X">い</wf>
         <wf lemma="た" pos="X">た</wf>
         <wf lemma="." pos="X">.</wf>
      </sentence>
      <sentence id="d000.s3161" source="wordnet-japanese">
         <wf lemma="今年" pos="X">今年</wf>
         <wf lemma="の" pos="X">の</wf>
         <wf lemma="モデル" pos="X">モデル</wf>
         <wf lemma="は" pos="X">は</wf>
         <wf lemma="改善" pos="X">改善</wf>
         <wf lemma="さ" pos="X">さ</wf>
         <wf lemma="れ" pos="X">れ</wf>
         <wf lemma="た" pos="X">た</wf>
         <instance id="d000.s3161.t000" lemma="クラッチ" pos="NOUN">クラッチ</instance>
         <wf lemma="を" pos="X">を</wf>
         <wf lemma="持っ" pos="X">持っ</wf>
         <wf lemma="て" pos="X">て</wf>
         <wf lemma="いる" pos="X">いる</wf>
         <wf lemma="." pos="X">.</wf>
      </sentence>
      <sentence id="d000.s3162" source="wordnet-japanese">
         <instance id="d000.s3162.t000" lemma="突然" pos="ADJ">突然</instance>
         <wf lemma="の" pos="X">の</wf>
         <wf lemma="回答" pos="X">回答</wf>
         <wf lemma="." pos="X">.</wf>
      </sentence>
      <sentence id="d000.s3163" source="wordnet-japanese">
         <wf lemma="孤独" pos="X">孤独</wf>
         <wf lemma="の" pos="X">の</wf>
         <instance id="d000.s3163.t000" lemma="痛み" pos="NOUN">痛み</instance>
         <wf lemma="." pos="X">.</wf>
      </sentence>
      <sentence id="d000.s3164" source="wordnet-japanese">
         <instance id="d000.s3164.t000" lemma="大胆" pos="ADJ">大胆</instance>
         <wf lemma="な" pos="X">な</wf>
         <wf lemma="投資家" pos="X">投資家</wf>
         <wf lemma="." pos="X">.</wf>
      </sentence>
      <sentence id="d000.s3165" source="wordnet-japanese">
         <wf lemma="一組" pos="X">一組</wf>
         <wf lemma="の" pos="X">の</wf>
         <instance id="d000.s3165.t000" lemma="明確" pos="ADJ">明確</instance>
         <wf lemma="な" pos="X">な</wf>
         <wf lemma="値." pos="X">値.</wf>
      </sentence>
      <sentence id="d000.s3166" source="wordnet-japanese">
         <instance id="d000.s3166.t000" lemma="激しい" pos="ADJ">激しい</instance>
         <wf lemma="防御" pos="X">防御</wf>
         <wf lemma="." pos="X">.</wf>
      </sentence>
      <sentence id="d000.s3167" source="wordnet-japanese">
         <instance id="d000.s3167.t000" lemma="風" pos="NOUN">風</instance>
         <wf lemma="が" pos="X">が</wf>
         <wf lemma="ない" pos="X">ない</wf>
         <wf lemma="とき" pos="X">とき</wf>
         <wf lemma="に" pos="X">に</wf>
         <wf lemma="、" pos="X">、</wf>
         <wf lemma="船" pos="X">船</wf>
         <wf lemma="を" pos="X">を</wf>
         <wf lemma="こい" pos="X">こい</wf>
         <wf lemma="で" pos="X">で</wf>
         <wf lemma="ください" pos="X">ください</wf>
         <wf lemma="." pos="X">.</wf>
      </sentence>
      <sentence id="d000.s3168" source="wordnet-japanese">
         <wf lemma="天井" pos="X">天井</wf>
         <wf lemma="に" pos="X">に</wf>
         <wf lemma="石膏" pos="X">石膏</wf>
         <wf lemma="を" pos="X">を</wf>
         <instance id="d000.s3168.t000" lemma="塗りつける" pos="VERB">塗りつける</instance>
         <wf lemma="." pos="X">.</wf>
      </sentence>
      <sentence id="d000.s3169" source="wordnet-japanese">
         <wf lemma="ます" pos="X">ます</wf>
         <wf lemma="ます" pos="X">ます</wf>
         <instance id="d000.s3169.t000" lemma="強力" pos="ADJ">強力</instance>
         <wf lemma="な" pos="X">な</wf>
         <wf lemma="兵器" pos="X">兵器</wf>
         <wf lemma="を" pos="X">を</wf>
         <wf lemma="陸軍人" pos="X">陸軍人</wf>
         <wf lemma="に" pos="X">に</wf>
         <wf lemma="提供" pos="X">提供</wf>
         <wf lemma="する" pos="X">する</wf>
         <wf lemma="." pos="X">.</wf>
      </sentence>
      <sentence id="d000.s3170" source="wordnet-japanese">
         <wf lemma="イギリス" pos="X">イギリス</wf>
         <wf lemma="で" pos="X">で</wf>
         <wf lemma="は" pos="X">は</wf>
         <instance id="d000.s3170.t000" lemma="ボビーピン" pos="NOUN">ボビーピン</instance>
         <wf lemma="を" pos="X">を</wf>
         <wf lemma="ヘアピン" pos="X">ヘアピン</wf>
         <wf lemma="と" pos="X">と</wf>
         <wf lemma="よぶ" pos="X">よぶ</wf>
         <wf lemma="." pos="X">.</wf>
      </sentence>
      <sentence id="d000.s3171" source="wordnet-japanese">
         <wf lemma="彼ら" pos="X">彼ら</wf>
         <wf lemma="は" pos="X">は</wf>
         <wf lemma="料金" pos="X">料金</wf>
         <wf lemma="の" pos="X">の</wf>
         <wf lemma="15" pos="X">15</wf>
         <wf lemma="パーセント" pos="X">パーセント</wf>
         <instance id="d000.s3171.t000" lemma="増加" pos="NOUN">増加</instance>
         <wf lemma="を" pos="X">を</wf>
         <wf lemma="提案" pos="X">提案</wf>
         <wf lemma="し" pos="X">し</wf>
         <wf lemma="た" pos="X">た</wf>
         <wf lemma="." pos="X">.</wf>
      </sentence>
      <sentence id="d000.s3172" source="wordnet-japanese">
         <wf lemma="シェーン" pos="X">シェーン</wf>
         <wf lemma="・" pos="X">・</wf>
         <wf lemma="ベルク" pos="X">ベルク</wf>
         <wf lemma="は" pos="X">は</wf>
         <wf lemma="12" pos="X">12</wf>
         <wf lemma="音程" pos="X">音程</wf>
         <wf lemma="音楽" pos="X">音楽</wf>
         <wf lemma="を" pos="X">を</wf>
         <instance id="d000.s3172.t000" lemma="作る" pos="VERB">作っ</instance>
         <wf lemma="た" pos="X">た</wf>
         <wf lemma="." pos="X">.</wf>
      </sentence>
      <sentence id="d000.s3173" source="wordnet-japanese">
         <wf lemma="水" pos="X">水</wf>
         <wf lemma="は" pos="X">は</wf>
         <wf lemma="、" pos="X">、</wf>
         <wf lemma="ドアステップ" pos="X">ドアステップ</wf>
         <wf lemma="に" pos="X">に</wf>
         <instance id="d000.s3173.t000" lemma="達する" pos="VERB">達し</instance>
         <wf lemma="た" pos="X">た</wf>
         <wf lemma="." pos="X">.</wf>
      </sentence>
      <sentence id="d000.s3174" source="wordnet-japanese">
         <wf lemma="ボート" pos="X">ボート</wf>
         <wf lemma="は" pos="X">は</wf>
         <wf lemma="湖" pos="X">湖</wf>
         <wf lemma="を" pos="X">を</wf>
         <instance id="d000.s3174.t000" lemma="漂う" pos="VERB">漂っ</instance>
         <wf lemma="た" pos="X">た</wf>
         <wf lemma="." pos="X">.</wf>
      </sentence>
      <sentence id="d000.s3175" source="wordnet-japanese">
         <wf lemma="米国" pos="X">米国</wf>
         <wf lemma="の" pos="X">の</wf>
         <wf lemma="ほとんど" pos="X">ほとんど</wf>
         <wf lemma="の" pos="X">の</wf>
         <wf lemma="家庭" pos="X">家庭</wf>
         <wf lemma="用" pos="X">用</wf>
         <wf lemma="電流" pos="X">電流</wf>
         <wf lemma="は" pos="X">は</wf>
         <wf lemma="毎" pos="X">毎</wf>
         <wf lemma="秒" pos="X">秒</wf>
         <wf lemma="60" pos="X">60</wf>
         <wf lemma="サイクル" pos="X">サイクル</wf>
         <wf lemma="の" pos="X">の</wf>
         <instance id="d000.s3175.t000" lemma="交流" pos="NOUN">交流</instance>
         <wf lemma="である" pos="X">である</wf>
         <wf lemma="." pos="X">.</wf>
      </sentence>
      <sentence id="d000.s3176" source="wordnet-japanese">
         <instance id="d000.s3176.t000" lemma="キャッチャー" pos="NOUN">キャッチャー</instance>
         <wf lemma="は" pos="X">は</wf>
         <wf lemma="多く" pos="X">多く</wf>
         <wf lemma="の" pos="X">の</wf>
         <wf lemma="保護具" pos="X">保護具</wf>
         <wf lemma="が" pos="X">が</wf>
         <wf lemma="必要" pos="X">必要</wf>
         <wf lemma="で" pos="X">で</wf>
         <wf lemma="ある" pos="X">ある</wf>
         <wf lemma="." pos="X">.</wf>
      </sentence>
      <sentence id="d000.s3177" source="wordnet-japanese">
         <instance id="d000.s3177.t000" lemma="利己的" pos="ADJ">利己的</instance>
         <wf lemma="な" pos="X">な</wf>
         <wf lemma="人間" pos="X">人間</wf>
         <wf lemma="は" pos="X">は</wf>
         <wf lemma="…" pos="X">…</wf>
         <wf lemma="、" pos="X">、</wf>
         <wf lemma="公民権" pos="X">公民権</wf>
         <wf lemma="の" pos="X">の</wf>
         <wf lemma="神聖" pos="X">神聖</wf>
         <wf lemma="な" pos="X">な</wf>
         <wf lemma="理念" pos="X">理念</wf>
         <wf lemma="から" pos="X">から</wf>
         <wf lemma="自身" pos="X">自身</wf>
         <wf lemma="の" pos="X">の</wf>
         <wf lemma="資金" pos="X">資金</wf>
         <wf lemma="を" pos="X">を</wf>
         <wf lemma="作ろ" pos="X">作ろ</wf>
         <wf lemma="う" pos="X">う</wf>
         <wf lemma="と" pos="X">と</wf>
         <wf lemma="する" pos="X">する</wf>
         <wf lemma="−" pos="X">−</wf>
         <wf lemma="マリア" pos="X">マリア</wf>
         <wf lemma="・" pos="X">・</wf>
         <wf lemma="ウェストン" pos="X">ウェストン</wf>
         <wf lemma="・" pos="X">・</wf>
         <wf lemma="チャップマン" pos="X">チャップマン</wf>
         <wf lemma="." pos="X">.</wf>
      </sentence>
      <sentence id="d000.s3178" source="wordnet-japanese">
         <instance id="d000.s3178.t000" lemma="急" pos="ADJ">急</instance>
         <wf lemma="な" pos="X">な</wf>
         <wf lemma="屋根" pos="X">屋根</wf>
         <wf lemma="裏" pos="X">裏</wf>
         <wf lemma="の" pos="X">の</wf>
         <wf lemma="階段" pos="X">階段</wf>
         <wf lemma="." pos="X">.</wf>
      </sentence>
      <sentence id="d000.s3179" source="wordnet-japanese">
         <wf lemma="彼ら" pos="X">彼ら</wf>
         <wf lemma="に" pos="X">に</wf>
         <wf lemma="は" pos="X">は</wf>
         <wf lemma="、" pos="X">、</wf>
         <wf lemma="現在" pos="X">現在</wf>
         <wf lemma="、" pos="X">、</wf>
         <instance id="d000.s3179.t000" lemma="新しい" pos="ADJ">新しい</instance>
         <wf lemma="リーダー" pos="X">リーダー</wf>
         <wf lemma="が" pos="X">が</wf>
         <wf lemma="いる" pos="X">いる</wf>
         <wf lemma="." pos="X">.</wf>
      </sentence>
      <sentence id="d000.s3180" source="wordnet-japanese">
         <wf lemma="それ" pos="X">それ</wf>
         <wf lemma="は" pos="X">は</wf>
         <wf lemma="ローマ" pos="X">ローマ</wf>
         <wf lemma="帝国" pos="X">帝国</wf>
         <wf lemma="の" pos="X">の</wf>
         <instance id="d000.s3180.t000" lemma="夜明け" pos="NOUN">夜明け</instance>
         <wf lemma="だっ" pos="X">だっ</wf>
         <wf lemma="た" pos="X">た</wf>
         <wf lemma="." pos="X">.</wf>
      </sentence>
      <sentence id="d000.s3181" source="wordnet-japanese">
         <wf lemma="それら" pos="X">それら</wf>
         <wf lemma="は" pos="X">は</wf>
         <instance id="d000.s3181.t000" lemma="風下" pos="ADV">風下</instance>
         <wf lemma="に" pos="X">に</wf>
         <wf lemma="飛ん" pos="X">飛ん</wf>
         <wf lemma="だ" pos="X">だ</wf>
         <wf lemma="." pos="X">.</wf>
      </sentence>
      <sentence id="d000.s3182" source="wordnet-japanese">
         <wf lemma="講演者" pos="X">講演者</wf>
         <wf lemma="は" pos="X">は</wf>
         <wf lemma="聴衆" pos="X">聴衆</wf>
         <wf lemma="の" pos="X">の</wf>
         <wf lemma="後方" pos="X">後方</wf>
         <wf lemma="から" pos="X">から</wf>
         <wf lemma="の" pos="X">の</wf>
         <wf lemma="大きな" pos="X">大きな</wf>
         <instance id="d000.s3182.t000" lemma="叫ぶ" pos="NOUN">叫び</instance>
         <wf lemma="声" pos="X">声</wf>
         <wf lemma="で" pos="X">で</wf>
         <wf lemma="中断" pos="X">中断</wf>
         <wf lemma="さ" pos="X">さ</wf>
         <wf lemma="れ" pos="X">れ</wf>
         <wf lemma="た" pos="X">た</wf>
         <wf lemma="." pos="X">.</wf>
      </sentence>
      <sentence id="d000.s3183" source="wordnet-japanese">
         <wf lemma="ロープ" pos="X">ロープ</wf>
         <wf lemma="の" pos="X">の</wf>
         <wf lemma="縛り" pos="X">縛り</wf>
         <wf lemma="を" pos="X">を</wf>
         <instance id="d000.s3183.t000" lemma="緩める" pos="VERB">緩める</instance>
         <wf lemma="." pos="X">.</wf>
      </sentence>
      <sentence id="d000.s3184" source="wordnet-japanese">
         <wf lemma="あなた" pos="X">あなた</wf>
         <wf lemma="の" pos="X">の</wf>
         <wf lemma="軍隊" pos="X">軍隊</wf>
         <wf lemma="が" pos="X">が</wf>
         <instance id="d000.s3184.t000" lemma="卑劣" pos="ADJ">卑劣</instance>
         <wf lemma="な" pos="X">な</wf>
         <wf lemma="野次馬" pos="X">野次馬</wf>
         <wf lemma="に" pos="X">に</wf>
         <wf lemma="なら" pos="X">なら</wf>
         <wf lemma="ない" pos="X">ない</wf>
         <wf lemma="ような" pos="X">ような</wf>
         <wf lemma="、" pos="X">、</wf>
         <wf lemma="自由主義的" pos="X">自由主義的</wf>
         <wf lemma="な" pos="X">な</wf>
         <wf lemma="服従" pos="X">服従</wf>
         <wf lemma="." pos="X">.</wf>
      </sentence>
      <sentence id="d000.s3185" source="wordnet-japanese">
         <wf lemma="彼" pos="X">彼</wf>
         <wf lemma="の" pos="X">の</wf>
         <wf lemma="方法" pos="X">方法</wf>
         <wf lemma="は" pos="X">は</wf>
         <instance id="d000.s3185.t000" lemma="間接的" pos="ADJ">間接的</instance>
         <wf lemma="で" pos="X">で</wf>
         <wf lemma="ある" pos="X">ある</wf>
         <wf lemma="が" pos="X">が</wf>
         <wf lemma="、" pos="X">、</wf>
         <wf lemma="彼ら" pos="X">彼ら</wf>
         <wf lemma="は" pos="X">は</wf>
         <wf lemma="いい" pos="X">いい</wf>
         <wf lemma="かげん" pos="X">かげん</wf>
         <wf lemma="で" pos="X">で</wf>
         <wf lemma="は" pos="X">は</wf>
         <wf lemma="ない" pos="X">ない</wf>
         <wf lemma="." pos="X">.</wf>
      </sentence>
      <sentence id="d000.s3186" source="wordnet-japanese">
         <wf lemma="私" pos="X">私</wf>
         <wf lemma="は" pos="X">は</wf>
         <wf lemma="、" pos="X">、</wf>
         <wf lemma="彼女" pos="X">彼女</wf>
         <wf lemma="が" pos="X">が</wf>
         <wf lemma="彼" pos="X">彼</wf>
         <wf lemma="の" pos="X">の</wf>
         <wf lemma="結婚" pos="X">結婚</wf>
         <wf lemma="の" pos="X">の</wf>
         <wf lemma="申し込み" pos="X">申し込み</wf>
         <wf lemma="を" pos="X">を</wf>
         <wf lemma="受け入れる" pos="X">受け入れる</wf>
         <wf lemma="の" pos="X">の</wf>
         <wf lemma="を" pos="X">を</wf>
         <wf lemma="疑問" pos="X">疑問</wf>
         <wf lemma="に" pos="X">に</wf>
         <instance id="d000.s3186.t000" lemma="思う" pos="VERB">思っ</instance>
         <wf lemma="て" pos="X">て</wf>
         <wf lemma="いる" pos="X">いる</wf>
         <wf lemma="." pos="X">.</wf>
      </sentence>
      <sentence id="d000.s3187" source="wordnet-japanese">
         <wf lemma="子供" pos="X">子供</wf>
         <wf lemma="たち" pos="X">たち</wf>
         <wf lemma="が" pos="X">が</wf>
         <instance id="d000.s3187.t000" lemma="震える" pos="VERB">震え</instance>
         <wf lemma="て" pos="X">て</wf>
         <wf lemma="いる" pos="X">いる</wf>
         <wf lemma="−" pos="X">−</wf>
         <wf lemma="−" pos="X">−</wf>
         <wf lemma="暖房" pos="X">暖房</wf>
         <wf lemma="を" pos="X">を</wf>
         <wf lemma="つけ" pos="X">つけ</wf>
         <wf lemma="て" pos="X">て</wf>
         <wf lemma="くれ" pos="X">くれ</wf>
         <wf lemma="." pos="X">.</wf>
      </sentence>
      <sentence id="d000.s3188" source="wordnet-japanese">
         <wf lemma="北西" pos="X">北西</wf>
         <wf lemma="海岸" pos="X">海岸</wf>
         <wf lemma="の" pos="X">の</wf>
         <instance id="d000.s3188.t000" lemma="原住民" pos="NOUN">原住民</instance>
         <wf lemma="の" pos="X">の</wf>
         <wf lemma="芸術" pos="X">芸術</wf>
         <wf lemma="." pos="X">.</wf>
      </sentence>
      <sentence id="d000.s3189" source="wordnet-japanese">
         <wf lemma="彼" pos="X">彼</wf>
         <wf lemma="は" pos="X">は</wf>
         <wf lemma="一連" pos="X">一連</wf>
         <wf lemma="の" pos="X">の</wf>
         <wf lemma="いか" pos="X">いか</wf>
         <wf lemma="が" pos="X">が</wf>
         <wf lemma="わしい" pos="X">わしい</wf>
         <instance id="d000.s3189.t000" lemma="取引" pos="NOUN">取引</instance>
         <wf lemma="を" pos="X">を</wf>
         <wf lemma="通じ" pos="X">通じ</wf>
         <wf lemma="て" pos="X">て</wf>
         <wf lemma="目立つ" pos="X">目立つ</wf>
         <wf lemma="ように" pos="X">ように</wf>
         <wf lemma="なっ" pos="X">なっ</wf>
         <wf lemma="た" pos="X">た</wf>
         <wf lemma="." pos="X">.</wf>
      </sentence>
      <sentence id="d000.s3190" source="wordnet-japanese">
         <wf lemma="よく" pos="X">よく</wf>
         <wf lemma="そんな" pos="X">そんな</wf>
         <instance id="d000.s3190.t000" lemma="こと" pos="NOUN">こと</instance>
         <wf lemma="が" pos="X">が</wf>
         <wf lemma="言え" pos="X">言え</wf>
         <wf lemma="ます" pos="X">ます</wf>
         <wf lemma="ね" pos="X">ね</wf>
         <wf lemma="." pos="X">.</wf>
      </sentence>
      <sentence id="d000.s3191" source="wordnet-japanese">
         <wf lemma="彼" pos="X">彼</wf>
         <wf lemma="は" pos="X">は</wf>
         <wf lemma="あらゆる" pos="X">あらゆる</wf>
         <wf lemma="ショーウインドー" pos="X">ショーウインドー</wf>
         <wf lemma="に" pos="X">に</wf>
         <instance id="d000.s3191.t000" lemma="掲示" pos="NOUN">掲示</instance>
         <wf lemma="を" pos="X">を</wf>
         <wf lemma="貼っ" pos="X">貼っ</wf>
         <wf lemma="た" pos="X">た</wf>
         <wf lemma="." pos="X">.</wf>
      </sentence>
      <sentence id="d000.s3192" source="wordnet-japanese">
         <instance id="d000.s3192.t000" lemma="手術室" pos="NOUN">手術室</instance>
         <wf lemma="は" pos="X">は</wf>
         <wf lemma="無菌" pos="X">無菌</wf>
         <wf lemma="状態" pos="X">状態</wf>
         <wf lemma="に" pos="X">に</wf>
         <wf lemma="保つ" pos="X">保つ</wf>
         <wf lemma="ように" pos="X">ように</wf>
         <wf lemma="最大" pos="X">最大</wf>
         <wf lemma="の" pos="X">の</wf>
         <wf lemma="注意" pos="X">注意</wf>
         <wf lemma="が" pos="X">が</wf>
         <wf lemma="払わ" pos="X">払わ</wf>
         <wf lemma="れ" pos="X">れ</wf>
         <wf lemma="て" pos="X">て</wf>
         <wf lemma="いる" pos="X">いる</wf>
         <wf lemma="." pos="X">.</wf>
      </sentence>
      <sentence id="d000.s3193" source="wordnet-japanese">
         <wf lemma="彼" pos="X">彼</wf>
         <wf lemma="は" pos="X">は</wf>
         <wf lemma="3" pos="X">3</wf>
         <wf lemma="年間" pos="X">年間</wf>
         <wf lemma="ベトナム" pos="X">ベトナム</wf>
         <wf lemma="の" pos="X">の</wf>
         <instance id="d000.s3193.t000" lemma="戦域" pos="NOUN">戦域</instance>
         <wf lemma="で" pos="X">で</wf>
         <wf lemma="軍隊" pos="X">軍隊</wf>
         <wf lemma="に" pos="X">に</wf>
         <wf lemma="勤め" pos="X">勤め</wf>
         <wf lemma="た" pos="X">た</wf>
         <wf lemma="." pos="X">.</wf>
      </sentence>
      <sentence id="d000.s3194" source="wordnet-japanese">
         <wf lemma="最も" pos="X">最も</wf>
         <instance id="d000.s3194.t000" lemma="かすか" pos="ADJ">かすか</instance>
         <wf lemma="な" pos="X">な</wf>
         <wf lemma="考え" pos="X">考え</wf>
         <wf lemma="も" pos="X">も</wf>
         <wf lemma="もた" pos="X">もた</wf>
         <wf lemma="ない" pos="X">ない</wf>
         <wf lemma="." pos="X">.</wf>
      </sentence>
      <sentence id="d000.s3195" source="wordnet-japanese">
         <instance id="d000.s3195.t000" lemma="クラッカー" pos="NOUN">クラッカー</instance>
         <wf lemma="は" pos="X">は</wf>
         <wf lemma="しばしば" pos="X">しばしば</wf>
         <wf lemma="誤っ" pos="X">誤っ</wf>
         <wf lemma="て" pos="X">て</wf>
         <wf lemma="ハッカー" pos="X">ハッカー</wf>
         <wf lemma="と" pos="X">と</wf>
         <wf lemma="呼ば" pos="X">呼ば</wf>
         <wf lemma="れる" pos="X">れる</wf>
         <wf lemma="." pos="X">.</wf>
      </sentence>
      <sentence id="d000.s3196" source="wordnet-japanese">
         <wf lemma="エンジン" pos="X">エンジン</wf>
         <wf lemma="の" pos="X">の</wf>
         <wf lemma="パワー" pos="X">パワー</wf>
         <wf lemma="で" pos="X">で</wf>
         <instance id="d000.s3196.t000" lemma="動作" pos="NOUN">動作</instance>
         <wf lemma="は" pos="X">は</wf>
         <wf lemma="決まる" pos="X">決まる</wf>
         <wf lemma="." pos="X">.</wf>
      </sentence>
      <sentence id="d000.s3197" source="wordnet-japanese">
         <instance id="d000.s3197.t000" lemma="大きい" pos="ADJ">大きく</instance>
         <wf lemma="て" pos="X">て</wf>
         <wf lemma="寛大" pos="X">寛大</wf>
         <wf lemma="な" pos="X">な</wf>
         <wf lemma="精神" pos="X">精神</wf>
         <wf lemma="." pos="X">.</wf>
      </sentence>
      <sentence id="d000.s3198" source="wordnet-japanese">
         <wf lemma="アメリカ" pos="X">アメリカ</wf>
         <wf lemma="は" pos="X">は</wf>
         <wf lemma="、" pos="X">、</wf>
         <wf lemma="中東" pos="X">中東</wf>
         <wf lemma="で" pos="X">で</wf>
         <wf lemma="の" pos="X">の</wf>
         <wf lemma="対立" pos="X">対立</wf>
         <wf lemma="に" pos="X">に</wf>
         <instance id="d000.s3198.t000" lemma="備える" pos="VERB">備え</instance>
         <wf lemma="て" pos="X">て</wf>
         <wf lemma="身構え" pos="X">身構え</wf>
         <wf lemma="て" pos="X">て</wf>
         <wf lemma="いる" pos="X">いる</wf>
         <wf lemma="." pos="X">.</wf>
      </sentence>
      <sentence id="d000.s3199" source="wordnet-japanese">
         <instance id="d000.s3199.t000" lemma="高い" pos="ADJ">高い</instance>
         <wf lemma="望み" pos="X">望み</wf>
         <wf lemma="を" pos="X">を</wf>
         <wf lemma="持つ" pos="X">持つ</wf>
         <wf lemma="." pos="X">.</wf>
      </sentence>
      <sentence id="d000.s3200" source="wordnet-japanese">
         <instance id="d000.s3200.t000" lemma="背骨" pos="NOUN">背骨</instance>
         <wf lemma="は" pos="X">は</wf>
         <wf lemma="、" pos="X">、</wf>
         <wf lemma="最も" pos="X">最も</wf>
         <wf lemma="激しい" pos="X">激しい</wf>
         <wf lemma="交通量" pos="X">交通量</wf>
         <wf lemma="を" pos="X">を</wf>
         <wf lemma="支える" pos="X">支える</wf>
         <wf lemma="通信" pos="X">通信</wf>
         <wf lemma="ネットワーク" pos="X">ネットワーク</wf>
         <wf lemma="の" pos="X">の</wf>
         <wf lemma="部分" pos="X">部分</wf>
         <wf lemma="である" pos="X">である</wf>
         <wf lemma="." pos="X">.</wf>
      </sentence>
      <sentence id="d000.s3201" source="wordnet-japanese">
         <wf lemma="敵" pos="X">敵</wf>
         <wf lemma="の" pos="X">の</wf>
         <wf lemma="通信" pos="X">通信</wf>
         <wf lemma="を" pos="X">を</wf>
         <instance id="d000.s3201.t000" lemma="傍受" pos="NOUN">傍受</instance>
         <wf lemma="する" pos="X">する</wf>
         <wf lemma="こと" pos="X">こと</wf>
         <wf lemma="は" pos="X">は</wf>
         <wf lemma="戦時" pos="X">戦時</wf>
         <wf lemma="において" pos="X">において</wf>
         <wf lemma="重要" pos="X">重要</wf>
         <wf lemma="である" pos="X">である</wf>
         <wf lemma="." pos="X">.</wf>
      </sentence>
      <sentence id="d000.s3202" source="wordnet-japanese">
         <wf lemma="彼" pos="X">彼</wf>
         <wf lemma="は" pos="X">は</wf>
         <wf lemma="弟" pos="X">弟</wf>
         <wf lemma="の" pos="X">の</wf>
         <instance id="d000.s3202.t000" lemma="会社" pos="NOUN">会社</instance>
         <wf lemma="を" pos="X">を</wf>
         <wf lemma="買っ" pos="X">買っ</wf>
         <wf lemma="た" pos="X">た</wf>
         <wf lemma="." pos="X">.</wf>
      </sentence>
      <sentence id="d000.s3203" source="wordnet-japanese">
         <wf lemma="自動車" pos="X">自動車</wf>
         <wf lemma="は" pos="X">は</wf>
         <wf lemma="、" pos="X">、</wf>
         <wf lemma="時代" pos="X">時代</wf>
         <wf lemma="遅れ" pos="X">遅れ</wf>
         <wf lemma="の" pos="X">の</wf>
         <instance id="d000.s3203.t000" lemma="需要" pos="NOUN">需要</instance>
         <wf lemma="を" pos="X">を</wf>
         <wf lemma="縮小" pos="X">縮小</wf>
         <wf lemma="し" pos="X">し</wf>
         <wf lemma="た" pos="X">た</wf>
         <wf lemma="." pos="X">.</wf>
      </sentence>
      <sentence id="d000.s3204" source="wordnet-japanese">
         <wf lemma="少し" pos="X">少し</wf>
         <instance id="d000.s3204.t000" lemma="休む" pos="VERB">休ん</instance>
         <wf lemma="で" pos="X">で</wf>
         <wf lemma="昼食" pos="X">昼食</wf>
         <wf lemma="を" pos="X">を</wf>
         <wf lemma="とり" pos="X">とり</wf>
         <wf lemma="ましょ" pos="X">ましょ</wf>
         <wf lemma="う" pos="X">う</wf>
         <wf lemma="." pos="X">.</wf>
      </sentence>
      <sentence id="d000.s3205" source="wordnet-japanese">
         <instance id="d000.s3205.t000" lemma="文学" pos="NOUN">文学</instance>
         <wf lemma="における" pos="X">における</wf>
         <wf lemma="彼女" pos="X">彼女</wf>
         <wf lemma="の" pos="X">の</wf>
         <wf lemma="地位" pos="X">地位</wf>
         <wf lemma="は" pos="X">は</wf>
         <wf lemma="ゆるぎ" pos="X">ゆるぎ</wf>
         <wf lemma="ない" pos="X">ない</wf>
         <wf lemma="." pos="X">.</wf>
      </sentence>
      <sentence id="d000.s3206" source="wordnet-japanese">
         <wf lemma="この" pos="X">この</wf>
         <wf lemma="大きな" pos="X">大きな</wf>
         <wf lemma="オペラハウス" pos="X">オペラハウス</wf>
         <wf lemma="で" pos="X">で</wf>
         <wf lemma="、" pos="X">、</wf>
         <wf lemma="彼女" pos="X">彼女</wf>
         <wf lemma="の" pos="X">の</wf>
         <wf lemma="声" pos="X">声</wf>
         <wf lemma="は" pos="X">は</wf>
         <wf lemma="大変" pos="X">大変</wf>
         <wf lemma="よく" pos="X">よく</wf>
         <instance id="d000.s3206.t000" lemma="通る" pos="VERB">通る</instance>
         <wf lemma="." pos="X">.</wf>
      </sentence>
      <sentence id="d000.s3207" source="wordnet-japanese">
         <instance id="d000.s3207.t000" lemma="夕食" pos="NOUN">夕食</instance>
         <wf lemma="は" pos="X">は</wf>
         <wf lemma="8" pos="X">8</wf>
         <wf lemma="時" pos="X">時</wf>
         <wf lemma="である" pos="X">である</wf>
         <wf lemma="." pos="X">.</wf>
      </sentence>
      <sentence id="d000.s3208" source="wordnet-japanese">
         <wf lemma="私" pos="X">私</wf>
         <wf lemma="は" pos="X">は</wf>
         <wf lemma="あなた" pos="X">あなた</wf>
         <wf lemma="を" pos="X">を</wf>
         <wf lemma="犯罪者" pos="X">犯罪者</wf>
         <wf lemma="リスト" pos="X">リスト</wf>
         <wf lemma="に" pos="X">に</wf>
         <instance id="d000.s3208.t000" lemma="入れる" pos="VERB">入れる</instance>
         <wf lemma="." pos="X">.</wf>
      </sentence>
      <sentence id="d000.s3209" source="wordnet-japanese">
         <wf lemma="彼女" pos="X">彼女</wf>
         <wf lemma="の" pos="X">の</wf>
         <wf lemma="人々" pos="X">人々</wf>
         <wf lemma="へ" pos="X">へ</wf>
         <wf lemma="の" pos="X">の</wf>
         <wf lemma="関心" pos="X">関心</wf>
         <wf lemma="は" pos="X">は</wf>
         <instance id="d000.s3209.t000" lemma="真実" pos="ADJ">真実</instance>
         <wf lemma="であっ" pos="X">であっ</wf>
         <wf lemma="た" pos="X">た</wf>
         <wf lemma="." pos="X">.</wf>
      </sentence>
      <sentence id="d000.s3210" source="wordnet-japanese">
         <wf lemma="請求書" pos="X">請求書</wf>
         <wf lemma="は" pos="X">は</wf>
         <wf lemma="合計" pos="X">合計</wf>
         <wf lemma="2,000" pos="X">2,000</wf>
         <wf lemma="ドル" pos="X">ドル</wf>
         <wf lemma="に" pos="X">に</wf>
         <instance id="d000.s3210.t000" lemma="なる" pos="VERB">なっ</instance>
         <wf lemma="た" pos="X">た</wf>
         <wf lemma="." pos="X">.</wf>
      </sentence>
      <sentence id="d000.s3211" source="wordnet-japanese">
         <instance id="d000.s3211.t000" lemma="遠い" pos="ADJ">遠い</instance>
         <wf lemma="将来" pos="X">将来</wf>
         <wf lemma="." pos="X">.</wf>
      </sentence>
      <sentence id="d000.s3212" source="wordnet-japanese">
         <wf lemma="ジャガイモ" pos="X">ジャガイモ</wf>
         <wf lemma="を" pos="X">を</wf>
         <instance id="d000.s3212.t000" lemma="煮る" pos="VERB">煮る</instance>
         <wf lemma="." pos="X">.</wf>
      </sentence>
      <sentence id="d000.s3213" source="wordnet-japanese">
         <wf lemma="『" pos="X">『</wf>
         <wf lemma="less" pos="X">less</wf>
         <wf lemma="famous" pos="X">famous</wf>
         <wf lemma="（" pos="X">（</wf>
         <wf lemma="あまり" pos="X">あまり</wf>
         <wf lemma="有名" pos="X">有名</wf>
         <wf lemma="で" pos="X">で</wf>
         <wf lemma="ない" pos="X">ない</wf>
         <wf lemma="）" pos="X">）</wf>
         <wf lemma="』" pos="X">』</wf>
         <wf lemma="は" pos="X">は</wf>
         <wf lemma="形容詞" pos="X">形容詞</wf>
         <wf lemma="『" pos="X">『</wf>
         <wf lemma="famous" pos="X">famous</wf>
         <wf lemma="（" pos="X">（</wf>
         <wf lemma="有名" pos="X">有名</wf>
         <wf lemma="な）" pos="X">な）</wf>
         <wf lemma="』" pos="X">』</wf>
         <wf lemma="の" pos="X">の</wf>
         <instance id="d000.s3213.t000" lemma="比較級" pos="NOUN">比較級</instance>
         <wf lemma="である" pos="X">である</wf>
         <wf lemma="." pos="X">.</wf>
      </sentence>
      <sentence id="d000.s3214" source="wordnet-japanese">
         <wf lemma="電気" pos="X">電気</wf>
         <wf lemma="レンジ" pos="X">レンジ</wf>
         <wf lemma="に" pos="X">に</wf>
         <wf lemma="は" pos="X">は</wf>
         <wf lemma="、" pos="X">、</wf>
         <wf lemma="1" pos="X">1</wf>
         <wf lemma="つ" pos="X">つ</wf>
         <wf lemma="の" pos="X">の</wf>
         <wf lemma="大きな" pos="X">大きな</wf>
         <instance id="d000.s3214.t000" lemma="バーナー" pos="NOUN">バーナー</instance>
         <wf lemma="と" pos="X">と</wf>
         <wf lemma="3" pos="X">3</wf>
         <wf lemma="つ" pos="X">つ</wf>
         <wf lemma="の" pos="X">の</wf>
         <wf lemma="より" pos="X">より</wf>
         <wf lemma="小さな" pos="X">小さな</wf>
         <wf lemma="もの" pos="X">もの</wf>
         <wf lemma="が" pos="X">が</wf>
         <wf lemma="あっ" pos="X">あっ</wf>
         <wf lemma="た" pos="X">た</wf>
         <wf lemma="." pos="X">.</wf>
      </sentence>
      <sentence id="d000.s3215" source="wordnet-japanese">
         <wf lemma="ピラミッド" pos="X">ピラミッド</wf>
         <wf lemma="は" pos="X">は</wf>
         <wf lemma="大きな" pos="X">大きな</wf>
         <wf lemma="石" pos="X">石</wf>
         <wf lemma="の" pos="X">の</wf>
         <instance id="d000.s3215.t000" lemma="ブロック" pos="NOUN">ブロック</instance>
         <wf lemma="で" pos="X">で</wf>
         <wf lemma="建て" pos="X">建て</wf>
         <wf lemma="られ" pos="X">られ</wf>
         <wf lemma="た" pos="X">た</wf>
         <wf lemma="." pos="X">.</wf>
      </sentence>
      <sentence id="d000.s3216" source="wordnet-japanese">
         <wf lemma="彼" pos="X">彼</wf>
         <wf lemma="は" pos="X">は</wf>
         <instance id="d000.s3216.t000" lemma="ベッド" pos="NOUN">ベッド</instance>
         <wf lemma="の" pos="X">の</wf>
         <wf lemma="端" pos="X">端</wf>
         <wf lemma="に" pos="X">に</wf>
         <wf lemma="座っ" pos="X">座っ</wf>
         <wf lemma="た" pos="X">た</wf>
         <wf lemma="." pos="X">.</wf>
      </sentence>
      <sentence id="d000.s3217" source="wordnet-japanese">
         <wf lemma="彼" pos="X">彼</wf>
         <wf lemma="は" pos="X">は</wf>
         <instance id="d000.s3217.t000" lemma="ピッチャー" pos="NOUN">ピッチャー</instance>
         <wf lemma="以外" pos="X">以外</wf>
         <wf lemma="の" pos="X">の</wf>
         <wf lemma="すべて" pos="X">すべて</wf>
         <wf lemma="の" pos="X">の</wf>
         <wf lemma="ポジション" pos="X">ポジション</wf>
         <wf lemma="を" pos="X">を</wf>
         <wf lemma="やっ" pos="X">やっ</wf>
         <wf lemma="た" pos="X">た</wf>
         <wf lemma="こと" pos="X">こと</wf>
         <wf lemma="が" pos="X">が</wf>
         <wf lemma="ある" pos="X">ある</wf>
         <wf lemma="." pos="X">.</wf>
      </sentence>
      <sentence id="d000.s3218" source="wordnet-japanese">
         <wf lemma="その" pos="X">その</wf>
         <wf lemma="店" pos="X">店</wf>
         <wf lemma="に" pos="X">に</wf>
         <wf lemma="は" pos="X">は</wf>
         <wf lemma="、" pos="X">、</wf>
         <wf lemma="町" pos="X">町</wf>
         <wf lemma="で" pos="X">で</wf>
         <wf lemma="一番" pos="X">一番</wf>
         <wf lemma="安い" pos="X">安い</wf>
         <wf lemma="レストラン" pos="X">レストラン</wf>
         <wf lemma="だ" pos="X">だ</wf>
         <wf lemma="という" pos="X">という</wf>
         <instance id="d000.s3218.t000" lemma="特徴" pos="NOUN">特徴</instance>
         <wf lemma="が" pos="X">が</wf>
         <wf lemma="ある" pos="X">ある</wf>
         <wf lemma="." pos="X">.</wf>
      </sentence>
      <sentence id="d000.s3219" source="wordnet-japanese">
         <wf lemma="この" pos="X">この</wf>
         <wf lemma="文" pos="X">文</wf>
         <wf lemma="の" pos="X">の</wf>
         <instance id="d000.s3219.t000" lemma="意味" pos="NOUN">意味</instance>
         <wf lemma="は" pos="X">は</wf>
         <wf lemma="何" pos="X">何</wf>
         <wf lemma="です" pos="X">です</wf>
         <wf lemma="か" pos="X">か</wf>
         <wf lemma="？" pos="X">？</wf>
         <wf lemma="." pos="X">.</wf>
      </sentence>
      <sentence id="d000.s3220" source="wordnet-japanese">
         <instance id="d000.s3220.t000" lemma="全く" pos="ADV">全く</instance>
         <wf lemma="正しい" pos="X">正しい</wf>
         <wf lemma="." pos="X">.</wf>
      </sentence>
      <sentence id="d000.s3221" source="wordnet-japanese">
         <wf lemma="彼" pos="X">彼</wf>
         <wf lemma="は" pos="X">は</wf>
         <wf lemma="、" pos="X">、</wf>
         <wf lemma="脳科学" pos="X">脳科学</wf>
         <wf lemma="の" pos="X">の</wf>
         <instance id="d000.s3221.t000" lemma="最前線" pos="NOUN">最前線</instance>
         <wf lemma="で" pos="X">で</wf>
         <wf lemma="働い" pos="X">働い</wf>
         <wf lemma="た" pos="X">た</wf>
         <wf lemma="." pos="X">.</wf>
      </sentence>
      <sentence id="d000.s3222" source="wordnet-japanese">
         <wf lemma="私" pos="X">私</wf>
         <wf lemma="たち" pos="X">たち</wf>
         <wf lemma="は" pos="X">は</wf>
         <wf lemma="新来者" pos="X">新来者</wf>
         <wf lemma="の" pos="X">の</wf>
         <wf lemma="ため" pos="X">ため</wf>
         <wf lemma="に" pos="X">に</wf>
         <wf lemma="催し" pos="X">催し</wf>
         <wf lemma="た" pos="X">た</wf>
         <wf lemma="ディーン" pos="X">ディーン</wf>
         <wf lemma="家" pos="X">家</wf>
         <wf lemma="の" pos="X">の</wf>
         <instance id="d000.s3222.t000" lemma="ティー" pos="NOUN">ティー</instance>
         <wf lemma="で" pos="X">で</wf>
         <wf lemma="会っ" pos="X">会っ</wf>
         <wf lemma="た" pos="X">た</wf>
         <wf lemma="." pos="X">.</wf>
      </sentence>
      <sentence id="d000.s3223" source="wordnet-japanese">
         <instance id="d000.s3223.t000" lemma="寛大" pos="ADJ">寛大</instance>
         <wf lemma="な" pos="X">な</wf>
         <wf lemma="規則" pos="X">規則</wf>
         <wf lemma="." pos="X">.</wf>
      </sentence>
      <sentence id="d000.s3224" source="wordnet-japanese">
         <instance id="d000.s3224.t000" lemma="南寄り" pos="ADJ">南寄り</instance>
         <wf lemma="の" pos="X">の</wf>
         <wf lemma="コース" pos="X">コース</wf>
         <wf lemma="を" pos="X">を</wf>
         <wf lemma="取っ" pos="X">取っ</wf>
         <wf lemma="た" pos="X">た</wf>
         <wf lemma="." pos="X">.</wf>
      </sentence>
      <sentence id="d000.s3225" source="wordnet-japanese">
         <instance id="d000.s3225.t000" lemma="助け" pos="NOUN">助け</instance>
         <wf lemma="無し" pos="X">無し</wf>
         <wf lemma="で" pos="X">で</wf>
         <wf lemma="は" pos="X">は</wf>
         <wf lemma="歩け" pos="X">歩け</wf>
         <wf lemma="なかっ" pos="X">なかっ</wf>
         <wf lemma="た" pos="X">た</wf>
         <wf lemma="." pos="X">.</wf>
      </sentence>
      <sentence id="d000.s3226" source="wordnet-japanese">
         <wf lemma="犬" pos="X">犬</wf>
         <wf lemma="が" pos="X">が</wf>
         <wf lemma="どのよう" pos="X">どのよう</wf>
         <wf lemma="に" pos="X">に</wf>
         <wf lemma="猫" pos="X">猫</wf>
         <wf lemma="を" pos="X">を</wf>
         <wf lemma="追い払う" pos="X">追い払う</wf>
         <wf lemma="か" pos="X">か</wf>
         <wf lemma="を" pos="X">を</wf>
         <instance id="d000.s3226.t000" lemma="見る" pos="VERB">見る</instance>
         <wf lemma="." pos="X">.</wf>
      </sentence>
      <sentence id="d000.s3227" source="wordnet-japanese">
         <wf lemma="彼" pos="X">彼</wf>
         <wf lemma="は" pos="X">は</wf>
         <wf lemma="傾斜面" pos="X">傾斜面</wf>
         <wf lemma="ベンチプレス" pos="X">ベンチプレス</wf>
         <wf lemma="の" pos="X">の</wf>
         <wf lemma="4" pos="X">4</wf>
         <instance id="d000.s3227.t000" lemma="セット" pos="NOUN">セット</instance>
         <wf lemma="を" pos="X">を</wf>
         <wf lemma="行っ" pos="X">行っ</wf>
         <wf lemma="た" pos="X">た</wf>
         <wf lemma="." pos="X">.</wf>
      </sentence>
      <sentence id="d000.s3228" source="wordnet-japanese">
         <wf lemma="彼" pos="X">彼</wf>
         <wf lemma="は" pos="X">は</wf>
         <instance id="d000.s3228.t000" lemma="元気" pos="NOUN">元気</instance>
         <wf lemma="一" pos="X">一</wf>
         <wf lemma="杯" pos="X">杯</wf>
         <wf lemma="である" pos="X">である</wf>
         <wf lemma="." pos="X">.</wf>
      </sentence>
      <sentence id="d000.s3229" source="wordnet-japanese">
         <wf lemma="せき" pos="X">せき</wf>
         <wf lemma="の" pos="X">の</wf>
         <instance id="d000.s3229.t000" lemma="発作" pos="NOUN">発作</instance>
         <wf lemma="." pos="X">.</wf>
      </sentence>
      <sentence id="d000.s3230" source="wordnet-japanese">
         <instance id="d000.s3230.t000" lemma="正直" pos="ADJ">正直</instance>
         <wf lemma="な" pos="X">な</wf>
         <wf lemma="一般" pos="X">一般</wf>
         <wf lemma="労働者" pos="X">労働者</wf>
         <wf lemma="." pos="X">.</wf>
      </sentence>
      <sentence id="d000.s3231" source="wordnet-japanese">
         <instance id="d000.s3231.t000" lemma="抜本的" pos="ADJ">抜本的</instance>
         <wf lemma="な" pos="X">な</wf>
         <wf lemma="処置" pos="X">処置</wf>
         <wf lemma="." pos="X">.</wf>
      </sentence>
      <sentence id="d000.s3232" source="wordnet-japanese">
         <instance id="d000.s3232.t000" lemma="戦争" pos="NOUN">戦争</instance>
         <wf lemma="は" pos="X">は</wf>
         <wf lemma="11月" pos="X">11月</wf>
         <wf lemma="に" pos="X">に</wf>
         <wf lemma="宣言" pos="X">宣言</wf>
         <wf lemma="さ" pos="X">さ</wf>
         <wf lemma="れ" pos="X">れ</wf>
         <wf lemma="た" pos="X">た</wf>
         <wf lemma="が" pos="X">が</wf>
         <wf lemma="、" pos="X">、</wf>
         <wf lemma="実際" pos="X">実際</wf>
         <wf lemma="の" pos="X">の</wf>
         <wf lemma="戦い" pos="X">戦い</wf>
         <wf lemma="は" pos="X">は</wf>
         <wf lemma="次" pos="X">次</wf>
         <wf lemma="の" pos="X">の</wf>
         <wf lemma="春" pos="X">春</wf>
         <wf lemma="まで" pos="X">まで</wf>
         <wf lemma="始まら" pos="X">始まら</wf>
         <wf lemma="なかっ" pos="X">なかっ</wf>
         <wf lemma="た" pos="X">た</wf>
         <wf lemma="." pos="X">.</wf>
      </sentence>
      <sentence id="d000.s3233" source="wordnet-japanese">
         <wf lemma="モダンダンス" pos="X">モダンダンス</wf>
         <wf lemma="は" pos="X">は</wf>
         <instance id="d000.s3233.t000" lemma="動的" pos="ADJ">動的</instance>
         <wf lemma="な" pos="X">な</wf>
         <wf lemma="パントマイム" pos="X">パントマイム</wf>
         <wf lemma="と" pos="X">と</wf>
         <wf lemma="呼ば" pos="X">呼ば</wf>
         <wf lemma="れ" pos="X">れ</wf>
         <wf lemma="て" pos="X">て</wf>
         <wf lemma="い" pos="X">い</wf>
         <wf lemma="た" pos="X">た</wf>
         <wf lemma="." pos="X">.</wf>
      </sentence>
      <sentence id="d000.s3234" source="wordnet-japanese">
         <wf lemma="彼" pos="X">彼</wf>
         <wf lemma="は" pos="X">は</wf>
         <instance id="d000.s3234.t000" lemma="世間" pos="NOUN">世間</instance>
         <wf lemma="の" pos="X">の</wf>
         <wf lemma="目" pos="X">目</wf>
         <wf lemma="から" pos="X">から</wf>
         <wf lemma="見れ" pos="X">見れ</wf>
         <wf lemma="ば" pos="X">ば</wf>
         <wf lemma="英雄" pos="X">英雄</wf>
         <wf lemma="で" pos="X">で</wf>
         <wf lemma="ある" pos="X">ある</wf>
         <wf lemma="." pos="X">.</wf>
      </sentence>
      <sentence id="d000.s3235" source="wordnet-japanese">
         <wf lemma="次" pos="X">次</wf>
         <wf lemma="に" pos="X">に</wf>
         <wf lemma="何" pos="X">何</wf>
         <wf lemma="を" pos="X">を</wf>
         <wf lemma="し" pos="X">し</wf>
         <wf lemma="たら" pos="X">たら</wf>
         <wf lemma="いい" pos="X">いい</wf>
         <wf lemma="か" pos="X">か</wf>
         <instance id="d000.s3235.t000" lemma="考える" pos="VERB">考える</instance>
         <wf lemma="こと" pos="X">こと</wf>
         <wf lemma="が" pos="X">が</wf>
         <wf lemma="出来" pos="X">出来</wf>
         <wf lemma="ます" pos="X">ます</wf>
         <wf lemma="か" pos="X">か</wf>
         <wf lemma="？" pos="X">？</wf>
         <wf lemma="." pos="X">.</wf>
      </sentence>
      <sentence id="d000.s3236" source="wordnet-japanese">
         <wf lemma="私" pos="X">私</wf>
         <wf lemma="は" pos="X">は</wf>
         <wf lemma="、" pos="X">、</wf>
         <wf lemma="私" pos="X">私</wf>
         <wf lemma="の" pos="X">の</wf>
         <wf lemma="フランス" pos="X">フランス</wf>
         <wf lemma="の" pos="X">の</wf>
         <wf lemma="祖父" pos="X">祖父</wf>
         <wf lemma="母" pos="X">母</wf>
         <wf lemma="から" pos="X">から</wf>
         <wf lemma="城" pos="X">城</wf>
         <wf lemma="を" pos="X">を</wf>
         <instance id="d000.s3236.t000" lemma="受け継ぐ" pos="VERB">受け継い</instance>
         <wf lemma="だ" pos="X">だ</wf>
         <wf lemma="." pos="X">.</wf>
      </sentence>
      <sentence id="d000.s3237" source="wordnet-japanese">
         <wf lemma="イタリア" pos="X">イタリア</wf>
         <wf lemma="の" pos="X">の</wf>
         <wf lemma="犯罪" pos="X">犯罪</wf>
         <instance id="d000.s3237.t000" lemma="首都" pos="NOUN">首都</instance>
         <wf lemma="." pos="X">.</wf>
      </sentence>
      <sentence id="d000.s3238" source="wordnet-japanese">
         <wf lemma="芝居" pos="X">芝居</wf>
         <wf lemma="に" pos="X">に</wf>
         <wf lemma="たくさん" pos="X">たくさん</wf>
         <wf lemma="音楽" pos="X">音楽</wf>
         <wf lemma="が" pos="X">が</wf>
         <instance id="d000.s3238.t000" lemma="加える" pos="VERB">加え</instance>
         <wf lemma="られ" pos="X">られ</wf>
         <wf lemma="た" pos="X">た</wf>
         <wf lemma="." pos="X">.</wf>
      </sentence>
      <sentence id="d000.s3239" source="wordnet-japanese">
         <wf lemma="彼" pos="X">彼</wf>
         <wf lemma="は" pos="X">は</wf>
         <instance id="d000.s3239.t000" lemma="レポート" pos="NOUN">レポート</instance>
         <wf lemma="で" pos="X">で</wf>
         <wf lemma="A" pos="X">A</wf>
         <wf lemma="を" pos="X">を</wf>
         <wf lemma="取っ" pos="X">取っ</wf>
         <wf lemma="た" pos="X">た</wf>
         <wf lemma="." pos="X">.</wf>
      </sentence>
      <sentence id="d000.s3240" source="wordnet-japanese">
         <wf lemma="私" pos="X">私</wf>
         <wf lemma="たち" pos="X">たち</wf>
         <wf lemma="の" pos="X">の</wf>
         <wf lemma="学生" pos="X">学生</wf>
         <wf lemma="を" pos="X">を</wf>
         <instance id="d000.s3240.t000" lemma="甘やかす" pos="VERB">甘やかす</instance>
         <wf lemma="の" pos="X">の</wf>
         <wf lemma="を" pos="X">を</wf>
         <wf lemma="やめ" pos="X">やめ</wf>
         <wf lemma="ましょ" pos="X">ましょ</wf>
         <wf lemma="う" pos="X">う</wf>
         <wf lemma="！" pos="X">！</wf>
         <wf lemma="." pos="X">.</wf>
      </sentence>
      <sentence id="d000.s3241" source="wordnet-japanese">
         <wf lemma="風刺" pos="X">風刺</wf>
         <wf lemma="は" pos="X">は</wf>
         <instance id="d000.s3241.t000" lemma="知的" pos="ADJ">知的</instance>
         <wf lemma="な" pos="X">な</wf>
         <wf lemma="兵器" pos="X">兵器</wf>
         <wf lemma="である" pos="X">である</wf>
         <wf lemma="." pos="X">.</wf>
      </sentence>
      <sentence id="d000.s3242" source="wordnet-japanese">
         <wf lemma="コテージ" pos="X">コテージ</wf>
         <wf lemma="を" pos="X">を</wf>
         <wf lemma="大邸宅" pos="X">大邸宅</wf>
         <wf lemma="と" pos="X">と</wf>
         <wf lemma="呼ぶ" pos="X">呼ぶ</wf>
         <wf lemma="の" pos="X">の</wf>
         <wf lemma="は" pos="X">は</wf>
         <wf lemma="、" pos="X">、</wf>
         <instance id="d000.s3242.t000" lemma="滑稽" pos="ADJ">滑稽</instance>
         <wf lemma="である" pos="X">である</wf>
         <wf lemma="." pos="X">.</wf>
      </sentence>
      <sentence id="d000.s3243" source="wordnet-japanese">
         <wf lemma="毎年" pos="X">毎年</wf>
         <wf lemma="、" pos="X">、</wf>
         <wf lemma="何" pos="X">何</wf>
         <wf lemma="百" pos="X">百</wf>
         <wf lemma="人" pos="X">人</wf>
         <wf lemma="も" pos="X">も</wf>
         <wf lemma="の" pos="X">の</wf>
         <wf lemma="人々" pos="X">人々</wf>
         <wf lemma="が" pos="X">が</wf>
         <wf lemma="、" pos="X">、</wf>
         <wf lemma="ゴールデンゲート" pos="X">ゴールデンゲート</wf>
         <wf lemma="橋" pos="X">橋</wf>
         <wf lemma="から" pos="X">から</wf>
         <instance id="d000.s3243.t000" lemma="飛び降りる" pos="VERB">飛び降りる</instance>
         <wf lemma="." pos="X">.</wf>
      </sentence>
      <sentence id="d000.s3244" source="wordnet-japanese">
         <wf lemma="あなた" pos="X">あなた</wf>
         <wf lemma="は" pos="X">は</wf>
         <wf lemma="、" pos="X">、</wf>
         <wf lemma="その" pos="X">その</wf>
         <wf lemma="考え" pos="X">考え</wf>
         <wf lemma="に" pos="X">に</wf>
         <instance id="d000.s3244.t000" lemma="慣れる" pos="ADJ">慣れる</instance>
         <wf lemma="だろ" pos="X">だろ</wf>
         <wf lemma="う" pos="X">う</wf>
         <wf lemma="." pos="X">.</wf>
      </sentence>
      <sentence id="d000.s3245" source="wordnet-japanese">
         <wf lemma="あなた" pos="X">あなた</wf>
         <wf lemma="の" pos="X">の</wf>
         <wf lemma="『" pos="X">『</wf>
         <wf lemma="o" pos="X">o</wf>
         <wf lemma="』" pos="X">』</wf>
         <wf lemma="を" pos="X">を</wf>
         <instance id="d000.s3245.t000" lemma="上げる" pos="VERB">上げる</instance>
         <wf lemma="." pos="X">.</wf>
      </sentence>
      <sentence id="d000.s3246" source="wordnet-japanese">
         <wf lemma="その" pos="X">その</wf>
         <wf lemma="海賊" pos="X">海賊</wf>
         <wf lemma="は" pos="X">は</wf>
         <wf lemma="、" pos="X">、</wf>
         <wf lemma="西インド" pos="X">西インド</wf>
         <wf lemma="諸島" pos="X">諸島</wf>
         <wf lemma="の" pos="X">の</wf>
         <wf lemma="小さな" pos="X">小さな</wf>
         <wf lemma="島" pos="X">島</wf>
         <wf lemma="に" pos="X">に</wf>
         <wf lemma="彼ら" pos="X">彼ら</wf>
         <wf lemma="の" pos="X">の</wf>
         <instance id="d000.s3246.t000" lemma="財宝" pos="NOUN">財宝</instance>
         <wf lemma="を" pos="X">を</wf>
         <wf lemma="隠し" pos="X">隠し</wf>
         <wf lemma="た" pos="X">た</wf>
         <wf lemma="." pos="X">.</wf>
      </sentence>
      <sentence id="d000.s3247" source="wordnet-japanese">
         <instance id="d000.s3247.t000" lemma="太陽" pos="NOUN">太陽</instance>
         <wf lemma="は" pos="X">は</wf>
         <wf lemma="太陽系" pos="X">太陽系</wf>
         <wf lemma="全体" pos="X">全体</wf>
         <wf lemma="の" pos="X">の</wf>
         <wf lemma="99.85" pos="X">99.85</wf>
         <wf lemma="%" pos="X">%</wf>
         <wf lemma="の" pos="X">の</wf>
         <wf lemma="質量" pos="X">質量</wf>
         <wf lemma="を" pos="X">を</wf>
         <wf lemma="もつ." pos="X">もつ.</wf>
      </sentence>
      <sentence id="d000.s3248" source="wordnet-japanese">
         <instance id="d000.s3248.t000" lemma="純粋" pos="ADJ">純粋</instance>
         <wf lemma="な" pos="X">な</wf>
         <wf lemma="金属" pos="X">金属</wf>
         <wf lemma="." pos="X">.</wf>
      </sentence>
      <sentence id="d000.s3249" source="wordnet-japanese">
         <wf lemma="それ" pos="X">それ</wf>
         <wf lemma="は" pos="X">は</wf>
         <wf lemma="単純" pos="X">単純</wf>
         <wf lemma="に" pos="X">に</wf>
         <wf lemma="聞こえる" pos="X">聞こえる</wf>
         <wf lemma="が" pos="X">が</wf>
         <wf lemma="、" pos="X">、</wf>
         <wf lemma="あなた" pos="X">あなた</wf>
         <wf lemma="に" pos="X">に</wf>
         <wf lemma="は" pos="X">は</wf>
         <wf lemma="あなた" pos="X">あなた</wf>
         <wf lemma="自身" pos="X">自身</wf>
         <wf lemma="の" pos="X">の</wf>
         <instance id="d000.s3249.t000" lemma="赤ちゃん" pos="NOUN">赤ちゃん</instance>
         <wf lemma="が" pos="X">が</wf>
         <wf lemma="いる" pos="X">いる</wf>
         <wf lemma="とき" pos="X">とき</wf>
         <wf lemma="、" pos="X">、</wf>
         <wf lemma="それ" pos="X">それ</wf>
         <wf lemma="は" pos="X">は</wf>
         <wf lemma="全く" pos="X">全く</wf>
         <wf lemma="とても" pos="X">とても</wf>
         <wf lemma="異なる" pos="X">異なる</wf>
         <wf lemma="." pos="X">.</wf>
      </sentence>
      <sentence id="d000.s3250" source="wordnet-japanese">
         <wf lemma="私" pos="X">私</wf>
         <wf lemma="たち" pos="X">たち</wf>
         <wf lemma="は" pos="X">は</wf>
         <wf lemma="、" pos="X">、</wf>
         <wf lemma="英国" pos="X">英国</wf>
         <wf lemma="の" pos="X">の</wf>
         <wf lemma="大法官" pos="X">大法官</wf>
         <wf lemma="に" pos="X">に</wf>
         <instance id="d000.s3250.t000" lemma="忠実" pos="ADJ">忠実</instance>
         <wf lemma="な" pos="X">な</wf>
         <wf lemma="愛国者" pos="X">愛国者</wf>
         <wf lemma="が" pos="X">が</wf>
         <wf lemma="いる" pos="X">いる</wf>
         <wf lemma="こと" pos="X">こと</wf>
         <wf lemma="を" pos="X">を</wf>
         <wf lemma="疑問" pos="X">疑問</wf>
         <wf lemma="に" pos="X">に</wf>
         <wf lemma="は" pos="X">は</wf>
         <wf lemma="思わ" pos="X">思わ</wf>
         <wf lemma="ない" pos="X">ない</wf>
         <wf lemma="." pos="X">.</wf>
      </sentence>
      <sentence id="d000.s3251" source="wordnet-japanese">
         <instance id="d000.s3251.t000" lemma="幸い" pos="ADV">幸い</instance>
         <wf lemma="に" pos="X">に</wf>
         <wf lemma="も" pos="X">も</wf>
         <wf lemma="、" pos="X">、</wf>
         <wf lemma="彼" pos="X">彼</wf>
         <wf lemma="は" pos="X">は</wf>
         <wf lemma="負傷" pos="X">負傷</wf>
         <wf lemma="し" pos="X">し</wf>
         <wf lemma="なかっ" pos="X">なかっ</wf>
         <wf lemma="た" pos="X">た</wf>
         <wf lemma="." pos="X">.</wf>
      </sentence>
      <sentence id="d000.s3252" source="wordnet-japanese">
         <wf lemma="講和会議" pos="X">講和会議</wf>
         <wf lemma="で" pos="X">で</wf>
         <wf lemma="議論" pos="X">議論</wf>
         <wf lemma="さ" pos="X">さ</wf>
         <wf lemma="れる" pos="X">れる</wf>
         <wf lemma="べき" pos="X">べき</wf>
         <instance id="d000.s3252.t000" lemma="重大" pos="ADJ">重大</instance>
         <wf lemma="な" pos="X">な</wf>
         <wf lemma="件" pos="X">件</wf>
         <wf lemma="." pos="X">.</wf>
      </sentence>
      <sentence id="d000.s3253" source="wordnet-japanese">
         <wf lemma="現在" pos="X">現在</wf>
         <wf lemma="の" pos="X">の</wf>
         <wf lemma="国際" pos="X">国際</wf>
         <instance id="d000.s3253.t000" lemma="情勢" pos="NOUN">情勢</instance>
         <wf lemma="は" pos="X">は</wf>
         <wf lemma="危険" pos="X">危険</wf>
         <wf lemma="である" pos="X">である</wf>
         <wf lemma="." pos="X">.</wf>
      </sentence>
      <sentence id="d000.s3254" source="wordnet-japanese">
         <wf lemma="彼女" pos="X">彼女</wf>
         <wf lemma="は" pos="X">は</wf>
         <wf lemma="、" pos="X">、</wf>
         <instance id="d000.s3254.t000" lemma="異常" pos="ADV">異常</instance>
         <wf lemma="に" pos="X">に</wf>
         <wf lemma="背" pos="X">背</wf>
         <wf lemma="が" pos="X">が</wf>
         <wf lemma="高かっ" pos="X">高かっ</wf>
         <wf lemma="た" pos="X">た</wf>
         <wf lemma="." pos="X">.</wf>
      </sentence>
      <sentence id="d000.s3255" source="wordnet-japanese">
         <wf lemma="彼" pos="X">彼</wf>
         <wf lemma="は" pos="X">は</wf>
         <wf lemma="常に" pos="X">常に</wf>
         <wf lemma="同じ" pos="X">同じ</wf>
         <wf lemma="店" pos="X">店</wf>
         <wf lemma="で" pos="X">で</wf>
         <wf lemma="彼" pos="X">彼</wf>
         <wf lemma="の" pos="X">の</wf>
         <instance id="d000.s3255.t000" lemma="衣服" pos="NOUN">衣服</instance>
         <wf lemma="を" pos="X">を</wf>
         <wf lemma="買っ" pos="X">買っ</wf>
         <wf lemma="た" pos="X">た</wf>
         <wf lemma="." pos="X">.</wf>
      </sentence>
      <sentence id="d000.s3256" source="wordnet-japanese">
         <wf lemma="この" pos="X">この</wf>
         <wf lemma="植物" pos="X">植物</wf>
         <wf lemma="は" pos="X">は</wf>
         <wf lemma="、" pos="X">、</wf>
         <wf lemma="すぐ" pos="X">すぐ</wf>
         <wf lemma="に" pos="X">に</wf>
         <instance id="d000.s3256.t000" lemma="根づく" pos="VERB">根づく</instance>
         <wf lemma="." pos="X">.</wf>
      </sentence>
      <sentence id="d000.s3257" source="wordnet-japanese">
         <wf lemma="彼ら" pos="X">彼ら</wf>
         <wf lemma="は" pos="X">は</wf>
         <instance id="d000.s3257.t000" lemma="波長" pos="NOUN">波長</instance>
         <wf lemma="が" pos="X">が</wf>
         <wf lemma="合っ" pos="X">合っ</wf>
         <wf lemma="て" pos="X">て</wf>
         <wf lemma="い" pos="X">い</wf>
         <wf lemma="た" pos="X">た</wf>
         <wf lemma="." pos="X">.</wf>
      </sentence>
      <sentence id="d000.s3258" source="wordnet-japanese">
         <wf lemma="前" pos="X">前</wf>
         <wf lemma="に" pos="X">に</wf>
         <instance id="d000.s3258.t000" lemma="揺れる" pos="VERB">揺れる</instance>
         <wf lemma="." pos="X">.</wf>
      </sentence>
      <sentence id="d000.s3259" source="wordnet-japanese">
         <wf lemma="彼ら" pos="X">彼ら</wf>
         <wf lemma="は" pos="X">は</wf>
         <wf lemma="破壊的" pos="X">破壊的</wf>
         <wf lemma="な" pos="X">な</wf>
         <wf lemma="敵" pos="X">敵</wf>
         <wf lemma="の" pos="X">の</wf>
         <instance id="d000.s3259.t000" lemma="砲撃" pos="NOUN">砲撃</instance>
         <wf lemma="を" pos="X">を</wf>
         <wf lemma="前" pos="X">前</wf>
         <wf lemma="に" pos="X">に</wf>
         <wf lemma="し" pos="X">し</wf>
         <wf lemma="て" pos="X">て</wf>
         <wf lemma="退却" pos="X">退却</wf>
         <wf lemma="し" pos="X">し</wf>
         <wf lemma="た" pos="X">た</wf>
         <wf lemma="." pos="X">.</wf>
      </sentence>
      <sentence id="d000.s3260" source="wordnet-japanese">
         <wf lemma="彼ら" pos="X">彼ら</wf>
         <wf lemma="は" pos="X">は</wf>
         <wf lemma="内戦" pos="X">内戦</wf>
         <instance id="d000.s3260.t000" lemma="戦場" pos="NOUN">戦場</instance>
         <wf lemma="の" pos="X">の</wf>
         <wf lemma="ツアー" pos="X">ツアー</wf>
         <wf lemma="を" pos="X">を</wf>
         <wf lemma="し" pos="X">し</wf>
         <wf lemma="た" pos="X">た</wf>
         <wf lemma="." pos="X">.</wf>
      </sentence>
      <sentence id="d000.s3261" source="wordnet-japanese">
         <wf lemma="「" pos="X">「</wf>
         <instance id="d000.s3261.t000" lemma="戦い" pos="NOUN">戦い</instance>
         <wf lemma="が" pos="X">が</wf>
         <wf lemma="激しけれ" pos="X">激しけれ</wf>
         <wf lemma="ば" pos="X">ば</wf>
         <wf lemma="激しい" pos="X">激しい</wf>
         <wf lemma="ほど" pos="X">ほど</wf>
         <wf lemma="、" pos="X">、</wf>
         <wf lemma="勝利" pos="X">勝利</wf>
         <wf lemma="は" pos="X">は</wf>
         <wf lemma="輝かしい" pos="X">輝かしい</wf>
         <wf lemma="もの" pos="X">もの</wf>
         <wf lemma="と" pos="X">と</wf>
         <wf lemma="なる" pos="X">なる</wf>
         <wf lemma="」" pos="X">」</wf>
         <wf lemma="―" pos="X">―</wf>
         <wf lemma="トマス" pos="X">トマス</wf>
         <wf lemma="・" pos="X">・</wf>
         <wf lemma="ペイン" pos="X">ペイン</wf>
         <wf lemma="." pos="X">.</wf>
      </sentence>
      <sentence id="d000.s3262" source="wordnet-japanese">
         <wf lemma="彼" pos="X">彼</wf>
         <wf lemma="は" pos="X">は</wf>
         <wf lemma="、" pos="X">、</wf>
         <wf lemma="彼ら" pos="X">彼ら</wf>
         <wf lemma="を" pos="X">を</wf>
         <wf lemma="転覆" pos="X">転覆</wf>
         <wf lemma="さ" pos="X">さ</wf>
         <wf lemma="せ" pos="X">せ</wf>
         <wf lemma="た" pos="X">た</wf>
         <wf lemma="道" pos="X">道</wf>
         <wf lemma="を" pos="X">を</wf>
         <wf lemma="彼ら" pos="X">彼ら</wf>
         <wf lemma="と" pos="X">と</wf>
         <wf lemma="一緒" pos="X">一緒</wf>
         <wf lemma="に" pos="X">に</wf>
         <wf lemma="行く" pos="X">行く</wf>
         <wf lemma="に" pos="X">に</wf>
         <wf lemma="は" pos="X">は</wf>
         <wf lemma="あまり" pos="X">あまり</wf>
         <wf lemma="に" pos="X">に</wf>
         <instance id="d000.s3262.t000" lemma="利口" pos="ADJ">利口</instance>
         <wf lemma="過ぎ" pos="X">過ぎ</wf>
         <wf lemma="た" pos="X">た</wf>
         <wf lemma="." pos="X">.</wf>
      </sentence>
      <sentence id="d000.s3263" source="wordnet-japanese">
         <wf lemma="私" pos="X">私</wf>
         <wf lemma="は" pos="X">は</wf>
         <wf lemma="手袋" pos="X">手袋</wf>
         <wf lemma="を" pos="X">を</wf>
         <instance id="d000.s3263.t000" lemma="見つける" pos="VERB">見つける</instance>
         <wf lemma="こと" pos="X">こと</wf>
         <wf lemma="が" pos="X">が</wf>
         <wf lemma="でき" pos="X">でき</wf>
         <wf lemma="ませ" pos="X">ませ</wf>
         <wf lemma="ん" pos="X">ん</wf>
         <wf lemma="！" pos="X">！</wf>
         <wf lemma="." pos="X">.</wf>
      </sentence>
      <sentence id="d000.s3264" source="wordnet-japanese">
         <wf lemma="我々" pos="X">我々</wf>
         <wf lemma="は" pos="X">は</wf>
         <wf lemma="、" pos="X">、</wf>
         <wf lemma="我々" pos="X">我々</wf>
         <wf lemma="の" pos="X">の</wf>
         <wf lemma="追い出さ" pos="X">追い出さ</wf>
         <wf lemma="れ" pos="X">れ</wf>
         <wf lemma="た" pos="X">た</wf>
         <wf lemma="兄弟" pos="X">兄弟</wf>
         <wf lemma="と" pos="X">と</wf>
         <wf lemma="姉妹" pos="X">姉妹</wf>
         <wf lemma="とともに" pos="X">とともに</wf>
         <instance id="d000.s3264.t000" lemma="歩く" pos="VERB">歩か</instance>
         <wf lemma="なければ" pos="X">なければ</wf>
         <wf lemma="なら" pos="X">なら</wf>
         <wf lemma="ない" pos="X">ない</wf>
         <wf lemma="." pos="X">.</wf>
      </sentence>
      <sentence id="d000.s3265" source="wordnet-japanese">
         <instance id="d000.s3265.t000" lemma="嬉しい" pos="ADJ">嬉しい</instance>
         <wf lemma="微笑" pos="X">微笑</wf>
         <wf lemma="." pos="X">.</wf>
      </sentence>
      <sentence id="d000.s3266" source="wordnet-japanese">
         <wf lemma="我々" pos="X">我々</wf>
         <wf lemma="の" pos="X">の</wf>
         <wf lemma="囲い" pos="X">囲い</wf>
         <wf lemma="が" pos="X">が</wf>
         <wf lemma="なく" pos="X">なく</wf>
         <wf lemma="、" pos="X">、</wf>
         <wf lemma="主に" pos="X">主に</wf>
         <wf lemma="警察" pos="X">警察</wf>
         <wf lemma="の" pos="X">の</wf>
         <wf lemma="規制" pos="X">規制</wf>
         <wf lemma="の" pos="X">の</wf>
         <wf lemma="ない" pos="X">ない</wf>
         <wf lemma="境界" pos="X">境界</wf>
         <wf lemma="は" pos="X">は</wf>
         <wf lemma="、" pos="X">、</wf>
         <wf lemma="必然的" pos="X">必然的</wf>
         <wf lemma="に" pos="X">に</wf>
         <wf lemma="非常" pos="X">非常</wf>
         <wf lemma="に" pos="X">に</wf>
         <instance id="d000.s3266.t000" lemma="多孔性" pos="ADJ">多孔性</instance>
         <wf lemma="だっ" pos="X">だっ</wf>
         <wf lemma="た" pos="X">た</wf>
         <wf lemma="." pos="X">.</wf>
      </sentence>
      <sentence id="d000.s3267" source="wordnet-japanese">
         <wf lemma="厚紙" pos="X">厚紙</wf>
         <wf lemma="の" pos="X">の</wf>
         <wf lemma="裏打ち" pos="X">裏打ち</wf>
         <wf lemma="は" pos="X">は</wf>
         <wf lemma="単に" pos="X">単に</wf>
         <instance id="d000.s3267.t000" lemma="補強" pos="NOUN">補強</instance>
         <wf lemma="の" pos="X">の</wf>
         <wf lemma="ため" pos="X">ため</wf>
         <wf lemma="だ" pos="X">だ</wf>
         <wf lemma="." pos="X">.</wf>
      </sentence>
      <sentence id="d000.s3268" source="wordnet-japanese">
         <wf lemma="1" pos="X">1</wf>
         <wf lemma="つ" pos="X">つ</wf>
         <wf lemma="の" pos="X">の</wf>
         <wf lemma="遺伝子" pos="X">遺伝子</wf>
         <wf lemma="は" pos="X">は</wf>
         <wf lemma="短かさ" pos="X">短かさ</wf>
         <wf lemma="を" pos="X">を</wf>
         <wf lemma="引き起こす" pos="X">引き起こす</wf>
         <wf lemma="、" pos="X">、</wf>
         <wf lemma="そして" pos="X">そして</wf>
         <wf lemma="、" pos="X">、</wf>
         <wf lemma="他は" pos="X">他は</wf>
         <instance id="d000.s3268.t000" lemma="長さ" pos="NOUN">長さ</instance>
         <wf lemma="を" pos="X">を</wf>
         <wf lemma="引き起こす" pos="X">引き起こす</wf>
         <wf lemma="." pos="X">.</wf>
      </sentence>
      <sentence id="d000.s3269" source="wordnet-japanese">
         <wf lemma="大惨事" pos="X">大惨事</wf>
         <wf lemma="を" pos="X">を</wf>
         <instance id="d000.s3269.t000" lemma="もたらす" pos="VERB">もたらす</instance>
         <wf lemma="." pos="X">.</wf>
      </sentence>
      <sentence id="d000.s3270" source="wordnet-japanese">
         <wf lemma="個人資産" pos="X">個人資産</wf>
         <wf lemma="の" pos="X">の</wf>
         <instance id="d000.s3270.t000" lemma="不必要" pos="ADJ">不必要</instance>
         <wf lemma="項目" pos="X">項目</wf>
         <wf lemma="." pos="X">.</wf>
      </sentence>
      <sentence id="d000.s3271" source="wordnet-japanese">
         <instance id="d000.s3271.t000" lemma="健全" pos="ADJ">健全</instance>
         <wf lemma="な" pos="X">な</wf>
         <wf lemma="性格" pos="X">性格</wf>
         <wf lemma="の" pos="X">の</wf>
         <wf lemma="男性" pos="X">男性</wf>
         <wf lemma="." pos="X">.</wf>
      </sentence>
      <sentence id="d000.s3272" source="wordnet-japanese">
         <wf lemma="窓" pos="X">窓</wf>
         <wf lemma="を" pos="X">を</wf>
         <instance id="d000.s3272.t000" lemma="閉める" pos="VERB">閉め</instance>
         <wf lemma="て" pos="X">て</wf>
         <wf lemma="ください" pos="X">ください</wf>
         <wf lemma="." pos="X">.</wf>
      </sentence>
      <sentence id="d000.s3273" source="wordnet-japanese">
         <wf lemma="それ" pos="X">それ</wf>
         <wf lemma="は" pos="X">は</wf>
         <instance id="d000.s3273.t000" lemma="不器用" pos="ADJ">不器用</instance>
         <wf lemma="な" pos="X">な</wf>
         <wf lemma="試み" pos="X">試み</wf>
         <wf lemma="であっ" pos="X">であっ</wf>
         <wf lemma="た" pos="X">た</wf>
         <wf lemma="." pos="X">.</wf>
      </sentence>
      <sentence id="d000.s3274" source="wordnet-japanese">
         <instance id="d000.s3274.t000" lemma="有能" pos="ADJ">有能</instance>
         <wf lemma="な" pos="X">な</wf>
         <wf lemma="人員" pos="X">人員</wf>
         <wf lemma="." pos="X">.</wf>
      </sentence>
      <sentence id="d000.s3275" source="wordnet-japanese">
         <wf lemma="統計値" pos="X">統計値</wf>
         <wf lemma="は" pos="X">は</wf>
         <wf lemma="、" pos="X">、</wf>
         <instance id="d000.s3275.t000" lemma="紛らわしい" pos="ADJ">紛らわしい</instance>
         <wf lemma="方法" pos="X">方法</wf>
         <wf lemma="で" pos="X">で</wf>
         <wf lemma="提示" pos="X">提示</wf>
         <wf lemma="できる" pos="X">できる</wf>
         <wf lemma="." pos="X">.</wf>
      </sentence>
      <sentence id="d000.s3276" source="wordnet-japanese">
         <instance id="d000.s3276.t000" lemma="委員会" pos="NOUN">委員会</instance>
         <wf lemma="という" pos="X">という</wf>
         <wf lemma="もの" pos="X">もの</wf>
         <wf lemma="は" pos="X">は</wf>
         <wf lemma="、" pos="X">、</wf>
         <wf lemma="分" pos="X">分</wf>
         <wf lemma="を" pos="X">を</wf>
         <wf lemma="守り" pos="X">守り</wf>
         <wf lemma="、" pos="X">、</wf>
         <wf lemma="時間" pos="X">時間</wf>
         <wf lemma="を" pos="X">を</wf>
         <wf lemma="失う" pos="X">失う</wf>
         <wf lemma="グループ" pos="X">グループ</wf>
         <wf lemma="である" pos="X">である</wf>
         <wf lemma="。" pos="X">。</wf>
         <wf lemma="−ミルトン･" pos="X">−ミルトン･</wf>
         <wf lemma="バール" pos="X">バール</wf>
         <wf lemma="." pos="X">.</wf>
      </sentence>
      <sentence id="d000.s3277" source="wordnet-japanese">
         <instance id="d000.s3277.t000" lemma="すがすがしい" pos="ADJ">すがすがしい</instance>
         <wf lemma="山" pos="X">山</wf>
         <wf lemma="の" pos="X">の</wf>
         <wf lemma="空気" pos="X">空気</wf>
         <wf lemma="." pos="X">.</wf>
      </sentence>
      <sentence id="d000.s3278" source="wordnet-japanese">
         <instance id="d000.s3278.t000" lemma="誘導性" pos="ADJ">誘導性</instance>
         <wf lemma="リアクタンス" pos="X">リアクタンス</wf>
         <wf lemma="." pos="X">.</wf>
      </sentence>
      <sentence id="d000.s3279" source="wordnet-japanese">
         <instance id="d000.s3279.t000" lemma="個人的" pos="ADV">個人的</instance>
         <wf lemma="に" pos="X">に</wf>
         <wf lemma="は" pos="X">は</wf>
         <wf lemma="行き" pos="X">行き</wf>
         <wf lemma="たく" pos="X">たく</wf>
         <wf lemma="ない" pos="X">ない</wf>
         <wf lemma="." pos="X">.</wf>
      </sentence>
      <sentence id="d000.s3280" source="wordnet-japanese">
         <wf lemma="彼ら" pos="X">彼ら</wf>
         <wf lemma="の" pos="X">の</wf>
         <wf lemma="陶器" pos="X">陶器</wf>
         <wf lemma="製造法" pos="X">製造法</wf>
         <wf lemma="に" pos="X">に</wf>
         <wf lemma="は" pos="X">は</wf>
         <wf lemma="、" pos="X">、</wf>
         <wf lemma="今より" pos="X">今より</wf>
         <wf lemma="も" pos="X">も</wf>
         <wf lemma="ずっと" pos="X">ずっと</wf>
         <wf lemma="多く" pos="X">多く</wf>
         <wf lemma="の" pos="X">の</wf>
         <instance id="d000.s3280.t000" lemma="問い合わせ" pos="NOUN">問い合わせ</instance>
         <wf lemma="が" pos="X">が</wf>
         <wf lemma="あっ" pos="X">あっ</wf>
         <wf lemma="て" pos="X">て</wf>
         <wf lemma="も" pos="X">も</wf>
         <wf lemma="いい" pos="X">いい</wf>
         <wf lemma="." pos="X">.</wf>
      </sentence>
      <sentence id="d000.s3281" source="wordnet-japanese">
         <instance id="d000.s3281.t000" lemma="浅い" pos="ADJ">浅い</instance>
         <wf lemma="皿" pos="X">皿</wf>
         <wf lemma="." pos="X">.</wf>
      </sentence>
      <sentence id="d000.s3282" source="wordnet-japanese">
         <instance id="d000.s3282.t000" lemma="当然" pos="ADV">当然</instance>
         <wf lemma="、" pos="X">、</wf>
         <wf lemma="弁護士" pos="X">弁護士</wf>
         <wf lemma="は" pos="X">は</wf>
         <wf lemma="巨額" pos="X">巨額</wf>
         <wf lemma="の" pos="X">の</wf>
         <wf lemma="請求書" pos="X">請求書</wf>
         <wf lemma="を" pos="X">を</wf>
         <wf lemma="私たち" pos="X">私たち</wf>
         <wf lemma="に" pos="X">に</wf>
         <wf lemma="送っ" pos="X">送っ</wf>
         <wf lemma="た" pos="X">た</wf>
         <wf lemma="." pos="X">.</wf>
      </sentence>
      <sentence id="d000.s3283" source="wordnet-japanese">
         <instance id="d000.s3283.t000" lemma="もっともらしい" pos="ADJ">もっともらしい</instance>
         <wf lemma="嘘" pos="X">嘘</wf>
         <wf lemma="つき" pos="X">つき</wf>
         <wf lemma="." pos="X">.</wf>
      </sentence>
      <sentence id="d000.s3284" source="wordnet-japanese">
         <instance id="d000.s3284.t000" lemma="賢い" pos="ADJ">賢い</instance>
         <wf lemma="子供" pos="X">子供</wf>
         <wf lemma="は" pos="X">は</wf>
         <wf lemma="、" pos="X">、</wf>
         <wf lemma="普通" pos="X">普通</wf>
         <wf lemma="に" pos="X">に</wf>
         <wf lemma="比べ" pos="X">比べ</wf>
         <wf lemma="早く" pos="X">早く</wf>
         <wf lemma="話す" pos="X">話す</wf>
         <wf lemma="ように" pos="X">ように</wf>
         <wf lemma="なる" pos="X">なる</wf>
         <wf lemma="." pos="X">.</wf>
      </sentence>
      <sentence id="d000.s3285" source="wordnet-japanese">
         <instance id="d000.s3285.t000" lemma="高価" pos="ADJ">高価</instance>
         <wf lemma="な" pos="X">な</wf>
         <wf lemma="政府" pos="X">政府</wf>
         <wf lemma="計画" pos="X">計画</wf>
         <wf lemma="." pos="X">.</wf>
      </sentence>
      <sentence id="d000.s3286" source="wordnet-japanese">
         <wf lemma="激しい" pos="X">激しい</wf>
         <wf lemma="議論" pos="X">議論</wf>
         <wf lemma="後" pos="X">後</wf>
         <wf lemma="で" pos="X">で</wf>
         <wf lemma="彼" pos="X">彼</wf>
         <wf lemma="は" pos="X">は</wf>
         <instance id="d000.s3286.t000" lemma="空虚" pos="ADJ">空虚</instance>
         <wf lemma="さ" pos="X">さ</wf>
         <wf lemma="を" pos="X">を</wf>
         <wf lemma="感じ" pos="X">感じ</wf>
         <wf lemma="た" pos="X">た</wf>
         <wf lemma="." pos="X">.</wf>
      </sentence>
      <sentence id="d000.s3287" source="wordnet-japanese">
         <wf lemma="警察" pos="X">警察</wf>
         <wf lemma="は" pos="X">は</wf>
         <wf lemma="、" pos="X">、</wf>
         <wf lemma="違法" pos="X">違法</wf>
         <wf lemma="薬物" pos="X">薬物</wf>
         <wf lemma="を" pos="X">を</wf>
         <instance id="d000.s3287.t000" lemma="取り締まる" pos="VERB">取り締まっ</instance>
         <wf lemma="た" pos="X">た</wf>
         <wf lemma="." pos="X">.</wf>
      </sentence>
      <sentence id="d000.s3288" source="wordnet-japanese">
         <wf lemma="状態" pos="X">状態</wf>
         <wf lemma="は" pos="X">は</wf>
         <wf lemma="今" pos="X">今</wf>
         <instance id="d000.s3288.t000" lemma="比較的" pos="ADV">比較的</instance>
         <wf lemma="穏やか" pos="X">穏やか</wf>
         <wf lemma="で" pos="X">で</wf>
         <wf lemma="ある" pos="X">ある</wf>
         <wf lemma="." pos="X">.</wf>
      </sentence>
      <sentence id="d000.s3289" source="wordnet-japanese">
         <wf lemma="彼女" pos="X">彼女</wf>
         <wf lemma="は" pos="X">は</wf>
         <wf lemma="小" pos="X">小</wf>
         <wf lemma="テーブル" pos="X">テーブル</wf>
         <wf lemma="を" pos="X">を</wf>
         <instance id="d000.s3289.t000" lemma="据える" pos="VERB">据え</instance>
         <wf lemma="た" pos="X">た</wf>
         <wf lemma="." pos="X">.</wf>
      </sentence>
      <sentence id="d000.s3290" source="wordnet-japanese">
         <instance id="d000.s3290.t000" lemma="結婚" pos="NOUN">結婚</instance>
         <wf lemma="は" pos="X">は</wf>
         <wf lemma="チャペル" pos="X">チャペル</wf>
         <wf lemma="で" pos="X">で</wf>
         <wf lemma="行なわ" pos="X">行なわ</wf>
         <wf lemma="れ" pos="X">れ</wf>
         <wf lemma="た" pos="X">た</wf>
         <wf lemma="." pos="X">.</wf>
      </sentence>
      <sentence id="d000.s3291" source="wordnet-japanese">
         <wf lemma="どんな" pos="X">どんな</wf>
         <wf lemma="問題" pos="X">問題</wf>
         <wf lemma="に" pos="X">に</wf>
         <wf lemma="も" pos="X">も</wf>
         <wf lemma="答え" pos="X">答え</wf>
         <wf lemma="を" pos="X">を</wf>
         <wf lemma="出す" pos="X">出す</wf>
         <wf lemma="、" pos="X">、</wf>
         <wf lemma="彼" pos="X">彼</wf>
         <wf lemma="の" pos="X">の</wf>
         <wf lemma="巧妙" pos="X">巧妙</wf>
         <wf lemma="な" pos="X">な</wf>
         <instance id="d000.s3291.t000" lemma="工夫" pos="NOUN">工夫</instance>
         <wf lemma="." pos="X">.</wf>
      </sentence>
      <sentence id="d000.s3292" source="wordnet-japanese">
         <instance id="d000.s3292.t000" lemma="信頼" pos="NOUN">信頼</instance>
         <wf lemma="は" pos="X">は</wf>
         <wf lemma="常に" pos="X">常に</wf>
         <wf lemma="借り物" pos="X">借り物</wf>
         <wf lemma="で" pos="X">で</wf>
         <wf lemma="決し" pos="X">決し</wf>
         <wf lemma="て" pos="X">て</wf>
         <wf lemma="所有物" pos="X">所有物</wf>
         <wf lemma="で" pos="X">で</wf>
         <wf lemma="は" pos="X">は</wf>
         <wf lemma="ない" pos="X">ない</wf>
         <wf lemma="." pos="X">.</wf>
      </sentence>
      <sentence id="d000.s3293" source="wordnet-japanese">
         <wf lemma="彼" pos="X">彼</wf>
         <wf lemma="の" pos="X">の</wf>
         <wf lemma="思春期" pos="X">思春期</wf>
         <wf lemma="へ" pos="X">へ</wf>
         <wf lemma="の" pos="X">の</wf>
         <instance id="d000.s3293.t000" lemma="到達" pos="NOUN">到達</instance>
         <wf lemma="は" pos="X">は</wf>
         <wf lemma="栄養" pos="X">栄養</wf>
         <wf lemma="失調" pos="X">失調</wf>
         <wf lemma="によって" pos="X">によって</wf>
         <wf lemma="遅れ" pos="X">遅れ</wf>
         <wf lemma="た" pos="X">た</wf>
         <wf lemma="." pos="X">.</wf>
      </sentence>
      <sentence id="d000.s3294" source="wordnet-japanese">
         <instance id="d000.s3294.t000" lemma="長期的" pos="ADJ">長期的</instance>
         <wf lemma="な" pos="X">な</wf>
         <wf lemma="投資" pos="X">投資</wf>
         <wf lemma="." pos="X">.</wf>
      </sentence>
      <sentence id="d000.s3295" source="wordnet-japanese">
         <wf lemma="彼" pos="X">彼</wf>
         <wf lemma="は" pos="X">は</wf>
         <wf lemma="その" pos="X">その</wf>
         <wf lemma="計画" pos="X">計画</wf>
         <wf lemma="を" pos="X">を</wf>
         <wf lemma="推し" pos="X">推し</wf>
         <instance id="d000.s3295.t000" lemma="進める" pos="VERB">進め</instance>
         <wf lemma="た" pos="X">た</wf>
         <wf lemma="." pos="X">.</wf>
      </sentence>
      <sentence id="d000.s3296" source="wordnet-japanese">
         <wf lemma="免許証" pos="X">免許証</wf>
         <wf lemma="は" pos="X">は</wf>
         <instance id="d000.s3296.t000" lemma="無効" pos="ADJ">無効</instance>
         <wf lemma="である" pos="X">である</wf>
         <wf lemma="." pos="X">.</wf>
      </sentence>
      <sentence id="d000.s3297" source="wordnet-japanese">
         <instance id="d000.s3297.t000" lemma="偵察" pos="NOUN">偵察</instance>
         <wf lemma="任務" pos="X">任務</wf>
         <wf lemma="中" pos="X">中</wf>
         <wf lemma="に" pos="X">に</wf>
         <wf lemma="砲撃戦" pos="X">砲撃戦</wf>
         <wf lemma="が" pos="X">が</wf>
         <wf lemma="起こっ" pos="X">起こっ</wf>
         <wf lemma="た" pos="X">た</wf>
         <wf lemma="." pos="X">.</wf>
      </sentence>
      <sentence id="d000.s3298" source="wordnet-japanese">
         <wf lemma="彼" pos="X">彼</wf>
         <wf lemma="の" pos="X">の</wf>
         <instance id="d000.s3298.t000" lemma="言明" pos="NOUN">言明</instance>
         <wf lemma="に" pos="X">に</wf>
         <wf lemma="よる" pos="X">よる</wf>
         <wf lemma="と" pos="X">と</wf>
         <wf lemma="彼" pos="X">彼</wf>
         <wf lemma="は" pos="X">は</wf>
         <wf lemma="その" pos="X">その</wf>
         <wf lemma="日" pos="X">日</wf>
         <wf lemma="ロンドン" pos="X">ロンドン</wf>
         <wf lemma="に" pos="X">に</wf>
         <wf lemma="い" pos="X">い</wf>
         <wf lemma="た" pos="X">た</wf>
         <wf lemma="." pos="X">.</wf>
      </sentence>
      <sentence id="d000.s3299" source="wordnet-japanese">
         <wf lemma="彼" pos="X">彼</wf>
         <wf lemma="の" pos="X">の</wf>
         <wf lemma="先祖" pos="X">先祖</wf>
         <wf lemma="は" pos="X">は</wf>
         <wf lemma="単に" pos="X">単に</wf>
         <wf lemma="英国人" pos="X">英国人</wf>
         <wf lemma="という" pos="X">という</wf>
         <wf lemma="だけ" pos="X">だけ</wf>
         <wf lemma="で" pos="X">で</wf>
         <wf lemma="なく" pos="X">なく</wf>
         <wf lemma="、" pos="X">、</wf>
         <instance id="d000.s3299.t000" lemma="アングロサクソン" pos="NOUN">アングロサクソン</instance>
         <wf lemma="だっ" pos="X">だっ</wf>
         <wf lemma="た" pos="X">た</wf>
         <wf lemma="." pos="X">.</wf>
      </sentence>
      <sentence id="d000.s3300" source="wordnet-japanese">
         <wf lemma="強力" pos="X">強力</wf>
         <wf lemma="な" pos="X">な</wf>
         <wf lemma="エンジン" pos="X">エンジン</wf>
         <wf lemma="が" pos="X">が</wf>
         <wf lemma="、" pos="X">、</wf>
         <wf lemma="新車" pos="X">新車</wf>
         <wf lemma="の" pos="X">の</wf>
         <instance id="d000.s3300.t000" lemma="ボンネット" pos="NOUN">ボンネット</instance>
         <wf lemma="の" pos="X">の</wf>
         <wf lemma="下" pos="X">下</wf>
         <wf lemma="に" pos="X">に</wf>
         <wf lemma="ある" pos="X">ある</wf>
         <wf lemma="." pos="X">.</wf>
      </sentence>
      <sentence id="d000.s3301" source="wordnet-japanese">
         <instance id="d000.s3301.t000" lemma="好戦的" pos="ADJ">好戦的</instance>
         <wf lemma="な" pos="X">な</wf>
         <wf lemma="国家" pos="X">国家</wf>
         <wf lemma="." pos="X">.</wf>
      </sentence>
      <sentence id="d000.s3302" source="wordnet-japanese">
         <wf lemma="警察" pos="X">警察</wf>
         <wf lemma="による" pos="X">による</wf>
         <wf lemma="トラブルメーカー" pos="X">トラブルメーカー</wf>
         <wf lemma="の" pos="X">の</wf>
         <instance id="d000.s3302.t000" lemma="追い出し" pos="NOUN">追い出し</instance>
         <wf lemma="." pos="X">.</wf>
      </sentence>
      <sentence id="d000.s3303" source="wordnet-japanese">
         <wf lemma="話し" pos="X">話し</wf>
         <wf lemma="方" pos="X">方</wf>
         <wf lemma="は" pos="X">は</wf>
         <wf lemma="いつも" pos="X">いつも</wf>
         <instance id="d000.s3303.t000" lemma="控えめ" pos="ADJ">控えめ</instance>
         <wf lemma="で" pos="X">で</wf>
         <wf lemma="、" pos="X">、</wf>
         <wf lemma="自分" pos="X">自分</wf>
         <wf lemma="の" pos="X">の</wf>
         <wf lemma="意見" pos="X">意見</wf>
         <wf lemma="を" pos="X">を</wf>
         <wf lemma="抑え" pos="X">抑え</wf>
         <wf lemma="て" pos="X">て</wf>
         <wf lemma="いる" pos="X">いる</wf>
         <wf lemma="−" pos="X">−</wf>
         <wf lemma="ヴィタ" pos="X">ヴィタ</wf>
         <wf lemma="・" pos="X">・</wf>
         <wf lemma="サックヴィル" pos="X">サックヴィル</wf>
         <wf lemma="・" pos="X">・</wf>
         <wf lemma="ウェスト" pos="X">ウェスト</wf>
         <wf lemma="." pos="X">.</wf>
      </sentence>
      <sentence id="d000.s3304" source="wordnet-japanese">
         <wf lemma="電車線" pos="X">電車線</wf>
         <wf lemma="の" pos="X">の</wf>
         <wf lemma="下" pos="X">下</wf>
         <wf lemma="に" pos="X">に</wf>
         <instance id="d000.s3304.t000" lemma="広がる" pos="VERB">広がっ</instance>
         <wf lemma="た" pos="X">た</wf>
         <wf lemma="公園" pos="X">公園</wf>
         <wf lemma="." pos="X">.</wf>
      </sentence>
      <sentence id="d000.s3305" source="wordnet-japanese">
         <wf lemma="彼" pos="X">彼</wf>
         <wf lemma="は" pos="X">は</wf>
         <wf lemma="年鑑" pos="X">年鑑</wf>
         <wf lemma="の" pos="X">の</wf>
         <wf lemma="1989" pos="X">1989</wf>
         <wf lemma="年" pos="X">年</wf>
         <wf lemma="の" pos="X">の</wf>
         <instance id="d000.s3305.t000" lemma="巻" pos="NOUN">巻</instance>
         <wf lemma="を" pos="X">を</wf>
         <wf lemma="求め" pos="X">求め</wf>
         <wf lemma="た" pos="X">た</wf>
         <wf lemma="." pos="X">.</wf>
      </sentence>
      <sentence id="d000.s3306" source="wordnet-japanese">
         <wf lemma="彼" pos="X">彼</wf>
         <wf lemma="は" pos="X">は</wf>
         <wf lemma="競争" pos="X">競争</wf>
         <instance id="d000.s3306.t000" lemma="相手" pos="NOUN">相手</instance>
         <wf lemma="が" pos="X">が</wf>
         <wf lemma="何" pos="X">何</wf>
         <wf lemma="を" pos="X">を</wf>
         <wf lemma="やっ" pos="X">やっ</wf>
         <wf lemma="て" pos="X">て</wf>
         <wf lemma="いる" pos="X">いる</wf>
         <wf lemma="か" pos="X">か</wf>
         <wf lemma="知り" pos="X">知り</wf>
         <wf lemma="たがっ" pos="X">たがっ</wf>
         <wf lemma="た" pos="X">た</wf>
         <wf lemma="." pos="X">.</wf>
      </sentence>
      <sentence id="d000.s3307" source="wordnet-japanese">
         <wf lemma="名声" pos="X">名声</wf>
         <wf lemma="を" pos="X">を</wf>
         <instance id="d000.s3307.t000" lemma="築き上げる" pos="VERB">築き上げる</instance>
         <wf lemma="." pos="X">.</wf>
      </sentence>
      <sentence id="d000.s3308" source="wordnet-japanese">
         <wf lemma="サイン" pos="X">サイン</wf>
         <wf lemma="を" pos="X">を</wf>
         <wf lemma="壁" pos="X">壁</wf>
         <wf lemma="に" pos="X">に</wf>
         <instance id="d000.s3308.t000" lemma="貼る" pos="VERB">貼っ</instance>
         <wf lemma="て" pos="X">て</wf>
         <wf lemma="ください" pos="X">ください</wf>
         <wf lemma="." pos="X">.</wf>
      </sentence>
      <sentence id="d000.s3309" source="wordnet-japanese">
         <wf lemma="歌手" pos="X">歌手</wf>
         <wf lemma="は" pos="X">は</wf>
         <instance id="d000.s3309.t000" lemma="声" pos="NOUN">声</instance>
         <wf lemma="を" pos="X">を</wf>
         <wf lemma="大事" pos="X">大事</wf>
         <wf lemma="に" pos="X">に</wf>
         <wf lemma="する" pos="X">する</wf>
         <wf lemma="." pos="X">.</wf>
      </sentence>
      <sentence id="d000.s3310" source="wordnet-japanese">
         <wf lemma="彼女" pos="X">彼女</wf>
         <wf lemma="は" pos="X">は</wf>
         <wf lemma="、" pos="X">、</wf>
         <instance id="d000.s3310.t000" lemma="怠慢" pos="NOUN">怠慢</instance>
         <wf lemma="を" pos="X">を</wf>
         <wf lemma="求め" pos="X">求め</wf>
         <wf lemma="て" pos="X">て</wf>
         <wf lemma="テーブル" pos="X">テーブル</wf>
         <wf lemma="を" pos="X">を</wf>
         <wf lemma="捜し" pos="X">捜し</wf>
         <wf lemma="た" pos="X">た</wf>
         <wf lemma="." pos="X">.</wf>
      </sentence>
      <sentence id="d000.s3311" source="wordnet-japanese">
         <instance id="d000.s3311.t000" lemma="倫理的" pos="ADJ">倫理的</instance>
         <wf lemma="な" pos="X">な</wf>
         <wf lemma="問題" pos="X">問題</wf>
         <wf lemma="." pos="X">.</wf>
      </sentence>
      <sentence id="d000.s3312" source="wordnet-japanese">
         <instance id="d000.s3312.t000" lemma="オウンゴール" pos="NOUN">オウンゴール</instance>
         <wf lemma="の" pos="X">の</wf>
         <wf lemma="せい" pos="X">せい</wf>
         <wf lemma="で" pos="X">で</wf>
         <wf lemma="試合" pos="X">試合</wf>
         <wf lemma="に" pos="X">に</wf>
         <wf lemma="負け" pos="X">負け</wf>
         <wf lemma="た" pos="X">た</wf>
         <wf lemma="." pos="X">.</wf>
      </sentence>
      <sentence id="d000.s3313" source="wordnet-japanese">
         <wf lemma="郵便配達" pos="X">郵便配達</wf>
         <wf lemma="の" pos="X">の</wf>
         <wf lemma="障害" pos="X">障害</wf>
         <wf lemma="は" pos="X">は</wf>
         <instance id="d000.s3313.t000" lemma="ソート" pos="NOUN">ソート</instance>
         <wf lemma="の" pos="X">の</wf>
         <wf lemma="プロセス" pos="X">プロセス</wf>
         <wf lemma="だ" pos="X">だ</wf>
         <wf lemma="." pos="X">.</wf>
      </sentence>
      <sentence id="d000.s3314" source="wordnet-japanese">
         <wf lemma="これ" pos="X">これ</wf>
         <wf lemma="は" pos="X">は</wf>
         <wf lemma="、" pos="X">、</wf>
         <wf lemma="水" pos="X">水</wf>
         <wf lemma="が" pos="X">が</wf>
         <wf lemma="流れ込む" pos="X">流れ込む</wf>
         <wf lemma="の" pos="X">の</wf>
         <wf lemma="を" pos="X">を</wf>
         <instance id="d000.s3314.t000" lemma="許す" pos="VERB">許す</instance>
         <wf lemma="." pos="X">.</wf>
      </sentence>
      <sentence id="d000.s3315" source="wordnet-japanese">
         <instance id="d000.s3315.t000" lemma="チャンネル" pos="NOUN">チャンネル</instance>
         <wf lemma="次々" pos="X">次々</wf>
         <wf lemma="変える" pos="X">変える</wf>
         <wf lemma="こと" pos="X">こと</wf>
         <wf lemma="." pos="X">.</wf>
      </sentence>
      <sentence id="d000.s3316" source="wordnet-japanese">
         <instance id="d000.s3316.t000" lemma="最後" pos="NOUN">最後</instance>
         <wf lemma="まで" pos="X">まで</wf>
         <wf lemma="戦う" pos="X">戦う</wf>
         <wf lemma="こと" pos="X">こと</wf>
         <wf lemma="." pos="X">.</wf>
      </sentence>
      <sentence id="d000.s3317" source="wordnet-japanese">
         <wf lemma="なぜ" pos="X">なぜ</wf>
         <wf lemma="秘密" pos="X">秘密</wf>
         <wf lemma="を" pos="X">を</wf>
         <wf lemma="守る" pos="X">守る</wf>
         <wf lemma="の" pos="X">の</wf>
         <wf lemma="が" pos="X">が</wf>
         <wf lemma="そんな" pos="X">そんな</wf>
         <wf lemma="に" pos="X">に</wf>
         <instance id="d000.s3317.t000" lemma="難しい" pos="ADJ">難しい</instance>
         <wf lemma="の" pos="X">の</wf>
         <wf lemma="か" pos="X">か</wf>
         <wf lemma="？" pos="X">？</wf>
         <wf lemma="." pos="X">.</wf>
      </sentence>
      <sentence id="d000.s3318" source="wordnet-japanese">
         <wf lemma="明け" pos="X">明け</wf>
         <wf lemma="方" pos="X">方</wf>
         <wf lemma="に" pos="X">に</wf>
         <instance id="d000.s3318.t000" lemma="攻撃" pos="NOUN">攻撃</instance>
         <wf lemma="が" pos="X">が</wf>
         <wf lemma="始まっ" pos="X">始まっ</wf>
         <wf lemma="た" pos="X">た</wf>
         <wf lemma="." pos="X">.</wf>
      </sentence>
      <sentence id="d000.s3319" source="wordnet-japanese">
         <instance id="d000.s3319.t000" lemma="実際" pos="ADV">実際</instance>
         <wf lemma="は" pos="X">は</wf>
         <wf lemma="、" pos="X">、</wf>
         <wf lemma="道徳" pos="X">道徳</wf>
         <wf lemma="の" pos="X">の</wf>
         <wf lemma="退廃" pos="X">退廃</wf>
         <wf lemma="は" pos="X">は</wf>
         <wf lemma="ローマ" pos="X">ローマ</wf>
         <wf lemma="帝国" pos="X">帝国</wf>
         <wf lemma="の" pos="X">の</wf>
         <wf lemma="衰退" pos="X">衰退</wf>
         <wf lemma="を" pos="X">を</wf>
         <wf lemma="急がせ" pos="X">急がせ</wf>
         <wf lemma="た" pos="X">た</wf>
         <wf lemma="." pos="X">.</wf>
      </sentence>
      <sentence id="d000.s3320" source="wordnet-japanese">
         <instance id="d000.s3320.t000" lemma="非社交的" pos="ADJ">非社交的</instance>
         <wf lemma="な" pos="X">な</wf>
         <wf lemma="近隣" pos="X">近隣</wf>
         <wf lemma="." pos="X">.</wf>
      </sentence>
      <sentence id="d000.s3321" source="wordnet-japanese">
         <wf lemma="彼" pos="X">彼</wf>
         <wf lemma="は" pos="X">は</wf>
         <instance id="d000.s3321.t000" lemma="真実" pos="NOUN">真実</instance>
         <wf lemma="を" pos="X">を</wf>
         <wf lemma="話し" pos="X">話し</wf>
         <wf lemma="た" pos="X">た</wf>
         <wf lemma="." pos="X">.</wf>
      </sentence>
      <sentence id="d000.s3322" source="wordnet-japanese">
         <instance id="d000.s3322.t000" lemma="怠慢" pos="ADJ">怠慢</instance>
         <wf lemma="な" pos="X">な</wf>
         <wf lemma="親" pos="X">親</wf>
         <wf lemma="." pos="X">.</wf>
      </sentence>
      <sentence id="d000.s3323" source="wordnet-japanese">
         <wf lemma="彼" pos="X">彼</wf>
         <wf lemma="は" pos="X">は</wf>
         <wf lemma="、" pos="X">、</wf>
         <wf lemma="上院" pos="X">上院</wf>
         <wf lemma="の" pos="X">の</wf>
         <instance id="d000.s3323.t000" lemma="議席" pos="NOUN">議席</instance>
         <wf lemma="に" pos="X">に</wf>
         <wf lemma="当選" pos="X">当選</wf>
         <wf lemma="し" pos="X">し</wf>
         <wf lemma="た" pos="X">た</wf>
         <wf lemma="." pos="X">.</wf>
      </sentence>
      <sentence id="d000.s3324" source="wordnet-japanese">
         <instance id="d000.s3324.t000" lemma="一時的" pos="ADJ">一時的</instance>
         <wf lemma="な" pos="X">な</wf>
         <wf lemma="配置" pos="X">配置</wf>
         <wf lemma="." pos="X">.</wf>
      </sentence>
      <sentence id="d000.s3325" source="wordnet-japanese">
         <wf lemma="彼ら" pos="X">彼ら</wf>
         <wf lemma="は" pos="X">は</wf>
         <wf lemma="放射" pos="X">放射</wf>
         <instance id="d000.s3325.t000" lemma="暖房" pos="NOUN">暖房</instance>
         <wf lemma="を" pos="X">を</wf>
         <wf lemma="使っ" pos="X">使っ</wf>
         <wf lemma="て" pos="X">て</wf>
         <wf lemma="いる" pos="X">いる</wf>
         <wf lemma="." pos="X">.</wf>
      </sentence>
      <sentence id="d000.s3326" source="wordnet-japanese">
         <wf lemma="彼女" pos="X">彼女</wf>
         <wf lemma="は" pos="X">は</wf>
         <wf lemma="、" pos="X">、</wf>
         <wf lemma="いくぶん" pos="X">いくぶん</wf>
         <instance id="d000.s3326.t000" lemma="不規則" pos="ADJ">不規則</instance>
         <wf lemma="な" pos="X">な</wf>
         <wf lemma="私" pos="X">私</wf>
         <wf lemma="生活" pos="X">生活</wf>
         <wf lemma="を" pos="X">を</wf>
         <wf lemma="送っ" pos="X">送っ</wf>
         <wf lemma="た" pos="X">た</wf>
         <wf lemma="." pos="X">.</wf>
      </sentence>
      <sentence id="d000.s3327" source="wordnet-japanese">
         <instance id="d000.s3327.t000" lemma="素直" pos="ADJ">素直</instance>
         <wf lemma="な" pos="X">な</wf>
         <wf lemma="生徒" pos="X">生徒</wf>
         <wf lemma="たち" pos="X">たち</wf>
         <wf lemma="は" pos="X">は</wf>
         <wf lemma="教育" pos="X">教育</wf>
         <wf lemma="を" pos="X">を</wf>
         <wf lemma="切望" pos="X">切望</wf>
         <wf lemma="し" pos="X">し</wf>
         <wf lemma="て" pos="X">て</wf>
         <wf lemma="いる" pos="X">いる</wf>
         <wf lemma="." pos="X">.</wf>
      </sentence>
      <sentence id="d000.s3328" source="wordnet-japanese">
         <wf lemma="問題" pos="X">問題</wf>
         <wf lemma="が" pos="X">が</wf>
         <instance id="d000.s3328.t000" lemma="生じる" pos="VERB">生じ</instance>
         <wf lemma="た" pos="X">た</wf>
         <wf lemma="." pos="X">.</wf>
      </sentence>
      <sentence id="d000.s3329" source="wordnet-japanese">
         <wf lemma="人" pos="X">人</wf>
         <wf lemma="は" pos="X">は</wf>
         <wf lemma="、" pos="X">、</wf>
         <wf lemma="何" pos="X">何</wf>
         <wf lemma="百" pos="X">百</wf>
         <wf lemma="万年" pos="X">万年</wf>
         <wf lemma="も" pos="X">も</wf>
         <wf lemma="前" pos="X">前</wf>
         <wf lemma="に" pos="X">に</wf>
         <wf lemma="アフリカ" pos="X">アフリカ</wf>
         <wf lemma="に" pos="X">に</wf>
         <instance id="d000.s3329.t000" lemma="住む" pos="VERB">住ん</instance>
         <wf lemma="で" pos="X">で</wf>
         <wf lemma="い" pos="X">い</wf>
         <wf lemma="た" pos="X">た</wf>
         <wf lemma="." pos="X">.</wf>
      </sentence>
      <sentence id="d000.s3330" source="wordnet-japanese">
         <wf lemma="直喩" pos="X">直喩</wf>
         <wf lemma="に" pos="X">に</wf>
         <wf lemma="は" pos="X">は</wf>
         <wf lemma="、" pos="X">、</wf>
         <wf lemma="少なくとも" pos="X">少なくとも</wf>
         <wf lemma="2" pos="X">2</wf>
         <wf lemma="つ" pos="X">つ</wf>
         <wf lemma="の" pos="X">の</wf>
         <instance id="d000.s3330.t000" lemma="レベル" pos="NOUN">レベル</instance>
         <wf lemma="の" pos="X">の</wf>
         <wf lemma="意味" pos="X">意味</wf>
         <wf lemma="が" pos="X">が</wf>
         <wf lemma="ある" pos="X">ある</wf>
         <wf lemma="." pos="X">.</wf>
      </sentence>
      <sentence id="d000.s3331" source="wordnet-japanese">
         <wf lemma="協定" pos="X">協定</wf>
         <wf lemma="の" pos="X">の</wf>
         <instance id="d000.s3331.t000" lemma="終了" pos="NOUN">終了</instance>
         <wf lemma="." pos="X">.</wf>
      </sentence>
      <sentence id="d000.s3332" source="wordnet-japanese">
         <instance id="d000.s3332.t000" lemma="圧制的" pos="ADJ">圧制的</instance>
         <wf lemma="な" pos="X">な</wf>
         <wf lemma="法律" pos="X">法律</wf>
         <wf lemma="." pos="X">.</wf>
      </sentence>
      <sentence id="d000.s3333" source="wordnet-japanese">
         <wf lemma="彼" pos="X">彼</wf>
         <wf lemma="の" pos="X">の</wf>
         <wf lemma="声明" pos="X">声明</wf>
         <wf lemma="は" pos="X">は</wf>
         <wf lemma="罪" pos="X">罪</wf>
         <wf lemma="の" pos="X">の</wf>
         <wf lemma="自白" pos="X">自白</wf>
         <wf lemma="と" pos="X">と</wf>
         <instance id="d000.s3333.t000" lemma="等しい" pos="ADJ">等しかっ</instance>
         <wf lemma="た" pos="X">た</wf>
         <wf lemma="." pos="X">.</wf>
      </sentence>
      <sentence id="d000.s3334" source="wordnet-japanese">
         <wf lemma="彼ら" pos="X">彼ら</wf>
         <wf lemma="は" pos="X">は</wf>
         <wf lemma="私" pos="X">私</wf>
         <wf lemma="の" pos="X">の</wf>
         <instance id="d000.s3334.t000" lemma="誠意" pos="NOUN">誠意</instance>
         <wf lemma="に対して" pos="X">に対して</wf>
         <wf lemma="何か" pos="X">何か</wf>
         <wf lemma="証し" pos="X">証し</wf>
         <wf lemma="に" pos="X">に</wf>
         <wf lemma="なる" pos="X">なる</wf>
         <wf lemma="もの" pos="X">もの</wf>
         <wf lemma="を" pos="X">を</wf>
         <wf lemma="要求" pos="X">要求</wf>
         <wf lemma="し" pos="X">し</wf>
         <wf lemma="た" pos="X">た</wf>
         <wf lemma="." pos="X">.</wf>
      </sentence>
      <sentence id="d000.s3335" source="wordnet-japanese">
         <wf lemma="私" pos="X">私</wf>
         <wf lemma="たち" pos="X">たち</wf>
         <wf lemma="は" pos="X">は</wf>
         <wf lemma="彼ら" pos="X">彼ら</wf>
         <wf lemma="に" pos="X">に</wf>
         <wf lemma="結婚" pos="X">結婚</wf>
         <wf lemma="祝い" pos="X">祝い</wf>
         <wf lemma="と" pos="X">と</wf>
         <wf lemma="し" pos="X">し</wf>
         <wf lemma="て" pos="X">て</wf>
         <instance id="d000.s3335.t000" lemma="皿" pos="NOUN">皿</instance>
         <wf lemma="の" pos="X">の</wf>
         <wf lemma="セット" pos="X">セット</wf>
         <wf lemma="を" pos="X">を</wf>
         <wf lemma="贈っ" pos="X">贈っ</wf>
         <wf lemma="た" pos="X">た</wf>
         <wf lemma="." pos="X">.</wf>
      </sentence>
      <sentence id="d000.s3336" source="wordnet-japanese">
         <wf lemma="彼女" pos="X">彼女</wf>
         <wf lemma="は" pos="X">は</wf>
         <wf lemma="姉妹" pos="X">姉妹</wf>
         <wf lemma="から" pos="X">から</wf>
         <wf lemma="踊り" pos="X">踊り</wf>
         <wf lemma="を" pos="X">を</wf>
         <instance id="d000.s3336.t000" lemma="学ぶ" pos="VERB">学ん</instance>
         <wf lemma="だ" pos="X">だ</wf>
         <wf lemma="." pos="X">.</wf>
      </sentence>
      <sentence id="d000.s3337" source="wordnet-japanese">
         <wf lemma="ホース" pos="X">ホース</wf>
         <wf lemma="から" pos="X">から</wf>
         <wf lemma="の" pos="X">の</wf>
         <wf lemma="水" pos="X">水</wf>
         <wf lemma="で" pos="X">で</wf>
         <instance id="d000.s3337.t000" lemma="遊ぶ" pos="VERB">遊ぶ</instance>
         <wf lemma="." pos="X">.</wf>
      </sentence>
      <sentence id="d000.s3338" source="wordnet-japanese">
         <wf lemma="彼" pos="X">彼</wf>
         <wf lemma="の" pos="X">の</wf>
         <wf lemma="新しい" pos="X">新しい</wf>
         <wf lemma="劇" pos="X">劇</wf>
         <wf lemma="は" pos="X">は</wf>
         <wf lemma="、" pos="X">、</wf>
         <wf lemma="大きな" pos="X">大きな</wf>
         <instance id="d000.s3338.t000" lemma="成功" pos="NOUN">成功</instance>
         <wf lemma="だっ" pos="X">だっ</wf>
         <wf lemma="た" pos="X">た</wf>
         <wf lemma="." pos="X">.</wf>
      </sentence>
      <sentence id="d000.s3339" source="wordnet-japanese">
         <wf lemma="彼" pos="X">彼</wf>
         <wf lemma="の" pos="X">の</wf>
         <wf lemma="秘書" pos="X">秘書</wf>
         <wf lemma="と" pos="X">と</wf>
         <wf lemma="の" pos="X">の</wf>
         <instance id="d000.s3339.t000" lemma="違法" pos="ADJ">違法</instance>
         <wf lemma="な" pos="X">な</wf>
         <wf lemma="付き合い" pos="X">付き合い</wf>
         <wf lemma="." pos="X">.</wf>
      </sentence>
      <sentence id="d000.s3340" source="wordnet-japanese">
         <wf lemma="彼" pos="X">彼</wf>
         <wf lemma="は" pos="X">は</wf>
         <wf lemma="指" pos="X">指</wf>
         <wf lemma="で" pos="X">で</wf>
         <instance id="d000.s3340.t000" lemma="ジャブ" pos="NOUN">ジャブ</instance>
         <wf lemma="の" pos="X">の</wf>
         <wf lemma="まね" pos="X">まね</wf>
         <wf lemma="を" pos="X">を</wf>
         <wf lemma="し" pos="X">し</wf>
         <wf lemma="て" pos="X">て</wf>
         <wf lemma="私" pos="X">私</wf>
         <wf lemma="に" pos="X">に</wf>
         <wf lemma="警告" pos="X">警告</wf>
         <wf lemma="し" pos="X">し</wf>
         <wf lemma="た" pos="X">た</wf>
         <wf lemma="." pos="X">.</wf>
      </sentence>
      <sentence id="d000.s3341" source="wordnet-japanese">
         <wf lemma="荷" pos="X">荷</wf>
         <wf lemma="を" pos="X">を</wf>
         <instance id="d000.s3341.t000" lemma="持ち上げる" pos="VERB">持ち上げ</instance>
         <wf lemma="て" pos="X">て</wf>
         <wf lemma="下さい" pos="X">下さい</wf>
         <wf lemma="." pos="X">.</wf>
      </sentence>
      <sentence id="d000.s3342" source="wordnet-japanese">
         <wf lemma="タバコ" pos="X">タバコ</wf>
         <wf lemma="を" pos="X">を</wf>
         <instance id="d000.s3342.t000" lemma="巻く" pos="VERB">巻く</instance>
         <wf lemma="." pos="X">.</wf>
      </sentence>
      <sentence id="d000.s3343" source="wordnet-japanese">
         <instance id="d000.s3343.t000" lemma="皮下" pos="ADV">皮下</instance>
         <wf lemma="注射" pos="X">注射</wf>
         <wf lemma="する" pos="X">する</wf>
         <wf lemma="." pos="X">.</wf>
      </sentence>
      <sentence id="d000.s3344" source="wordnet-japanese">
         <wf lemma="暴動" pos="X">暴動</wf>
         <wf lemma="の" pos="X">の</wf>
         <instance id="d000.s3344.t000" lemma="扇動" pos="NOUN">扇動</instance>
         <wf lemma="." pos="X">.</wf>
      </sentence>
      <sentence id="d000.s3345" source="wordnet-japanese">
         <wf lemma="人生" pos="X">人生</wf>
         <wf lemma="は" pos="X">は</wf>
         <instance id="d000.s3345.t000" lemma="苦難" pos="NOUN">苦難</instance>
         <wf lemma="に" pos="X">に</wf>
         <wf lemma="満ち" pos="X">満ち</wf>
         <wf lemma="て" pos="X">て</wf>
         <wf lemma="いる" pos="X">いる</wf>
         <wf lemma="." pos="X">.</wf>
      </sentence>
      <sentence id="d000.s3346" source="wordnet-japanese">
         <wf lemma="船" pos="X">船</wf>
         <wf lemma="は" pos="X">は</wf>
         <wf lemma="オンザロック" pos="X">オンザロック</wf>
         <wf lemma="の" pos="X">の</wf>
         <instance id="d000.s3346.t000" lemma="軸木" pos="NOUN">軸木</instance>
         <wf lemma="に" pos="X">に</wf>
         <wf lemma="打た" pos="X">打た</wf>
         <wf lemma="れ" pos="X">れ</wf>
         <wf lemma="まし" pos="X">まし</wf>
         <wf lemma="た" pos="X">た</wf>
         <wf lemma="." pos="X">.</wf>
      </sentence>
      <sentence id="d000.s3347" source="wordnet-japanese">
         <instance id="d000.s3347.t000" lemma="素晴らしい" pos="ADJ">素晴らしい</instance>
         <wf lemma="演奏" pos="X">演奏</wf>
         <wf lemma="." pos="X">.</wf>
      </sentence>
      <sentence id="d000.s3348" source="wordnet-japanese">
         <wf lemma="温度" pos="X">温度</wf>
         <wf lemma="計" pos="X">計</wf>
         <wf lemma="は" pos="X">は</wf>
         <wf lemma="100" pos="X">100</wf>
         <wf lemma="度" pos="X">度</wf>
         <wf lemma="に" pos="X">に</wf>
         <instance id="d000.s3348.t000" lemma="達する" pos="VERB">達し</instance>
         <wf lemma="た" pos="X">た</wf>
         <wf lemma="." pos="X">.</wf>
      </sentence>
      <sentence id="d000.s3349" source="wordnet-japanese">
         <instance id="d000.s3349.t000" lemma="男らしい" pos="ADJ">男らしい</instance>
         <wf lemma="スポーツ" pos="X">スポーツ</wf>
         <wf lemma="." pos="X">.</wf>
      </sentence>
      <sentence id="d000.s3350" source="wordnet-japanese">
         <wf lemma="この" pos="X">この</wf>
         <instance id="d000.s3350.t000" lemma="葛藤" pos="NOUN">葛藤</instance>
         <wf lemma="は" pos="X">は</wf>
         <wf lemma="、" pos="X">、</wf>
         <wf lemma="マン" pos="X">マン</wf>
         <wf lemma="の" pos="X">の</wf>
         <wf lemma="作品" pos="X">作品</wf>
         <wf lemma="に" pos="X">に</wf>
         <wf lemma="は" pos="X">は</wf>
         <wf lemma="欠か" pos="X">欠か</wf>
         <wf lemma="せ" pos="X">せ</wf>
         <wf lemma="ない" pos="X">ない</wf>
         <wf lemma="." pos="X">.</wf>
      </sentence>
      <sentence id="d000.s3351" source="wordnet-japanese">
         <wf lemma="カリフォルニア" pos="X">カリフォルニア</wf>
         <wf lemma="の" pos="X">の</wf>
         <wf lemma="高速" pos="X">高速</wf>
         <wf lemma="道路" pos="X">道路</wf>
         <wf lemma="に" pos="X">に</wf>
         <instance id="d000.s3351.t000" lemma="乗る" pos="VERB">乗っ</instance>
         <wf lemma="て" pos="X">て</wf>
         <wf lemma="ください" pos="X">ください</wf>
         <wf lemma="." pos="X">.</wf>
      </sentence>
      <sentence id="d000.s3352" source="wordnet-japanese">
         <wf lemma="実験的" pos="X">実験的</wf>
         <wf lemma="な" pos="X">な</wf>
         <instance id="d000.s3352.t000" lemma="試行" pos="NOUN">試行</instance>
         <wf lemma="で" pos="X">で</wf>
         <wf lemma="は" pos="X">は</wf>
         <wf lemma="、" pos="X">、</wf>
         <wf lemma="炭素" pos="X">炭素</wf>
         <wf lemma="の" pos="X">の</wf>
         <wf lemma="量" pos="X">量</wf>
         <wf lemma="は" pos="X">は</wf>
         <wf lemma="別々" pos="X">別々</wf>
         <wf lemma="に" pos="X">に</wf>
         <wf lemma="測定" pos="X">測定</wf>
         <wf lemma="さ" pos="X">さ</wf>
         <wf lemma="れ" pos="X">れ</wf>
         <wf lemma="た" pos="X">た</wf>
         <wf lemma="." pos="X">.</wf>
      </sentence>
      <sentence id="d000.s3353" source="wordnet-japanese">
         <wf lemma="この" pos="X">この</wf>
         <wf lemma="シャツ" pos="X">シャツ</wf>
         <wf lemma="は" pos="X">は</wf>
         <wf lemma="どの" pos="X">どの</wf>
         <wf lemma="よう" pos="X">よう</wf>
         <wf lemma="に" pos="X">に</wf>
         <instance id="d000.s3353.t000" lemma="合う" pos="VERB">合い</instance>
         <wf lemma="ます" pos="X">ます</wf>
         <wf lemma="か" pos="X">か</wf>
         <wf lemma="." pos="X">.</wf>
      </sentence>
      <sentence id="d000.s3354" source="wordnet-japanese">
         <instance id="d000.s3354.t000" lemma="速い" pos="ADJ">速い</instance>
         <wf lemma="ペース" pos="X">ペース</wf>
         <wf lemma="を" pos="X">を</wf>
         <wf lemma="設定" pos="X">設定</wf>
         <wf lemma="し" pos="X">し</wf>
         <wf lemma="て" pos="X">て</wf>
         <wf lemma="ください" pos="X">ください</wf>
         <wf lemma="." pos="X">.</wf>
      </sentence>
      <sentence id="d000.s3355" source="wordnet-japanese">
         <wf lemma="熱い" pos="X">熱い</wf>
         <wf lemma="水" pos="X">水</wf>
         <wf lemma="に" pos="X">に</wf>
         <wf lemma="自分" pos="X">自分</wf>
         <wf lemma="を" pos="X">を</wf>
         <instance id="d000.s3355.t000" lemma="浸ける" pos="VERB">浸ける</instance>
         <wf lemma="." pos="X">.</wf>
      </sentence>
      <sentence id="d000.s3356" source="wordnet-japanese">
         <wf lemma="コントロール" pos="X">コントロール</wf>
         <wf lemma="の" pos="X">の</wf>
         <instance id="d000.s3356.t000" lemma="方法" pos="NOUN">方法</instance>
         <wf lemma="." pos="X">.</wf>
      </sentence>
      <sentence id="d000.s3357" source="wordnet-japanese">
         <wf lemma="麻酔" pos="X">麻酔</wf>
         <wf lemma="薬" pos="X">薬</wf>
         <wf lemma="の" pos="X">の</wf>
         <instance id="d000.s3357.t000" lemma="効果" pos="NOUN">効果</instance>
         <wf lemma="." pos="X">.</wf>
      </sentence>
      <sentence id="d000.s3358" source="wordnet-japanese">
         <instance id="d000.s3358.t000" lemma="良い" pos="ADJ">良い</instance>
         <wf lemma="ドレス" pos="X">ドレス</wf>
         <wf lemma="." pos="X">.</wf>
      </sentence>
      <sentence id="d000.s3359" source="wordnet-japanese">
         <wf lemma="彼女" pos="X">彼女</wf>
         <wf lemma="は" pos="X">は</wf>
         <wf lemma="彼女" pos="X">彼女</wf>
         <wf lemma="の" pos="X">の</wf>
         <wf lemma="おじ" pos="X">おじ</wf>
         <wf lemma="から" pos="X">から</wf>
         <wf lemma="たくさん" pos="X">たくさん</wf>
         <wf lemma="の" pos="X">の</wf>
         <wf lemma="絵画" pos="X">絵画</wf>
         <wf lemma="を" pos="X">を</wf>
         <instance id="d000.s3359.t000" lemma="得る" pos="VERB">得</instance>
         <wf lemma="た" pos="X">た</wf>
         <wf lemma="." pos="X">.</wf>
      </sentence>
      <sentence id="d000.s3360" source="wordnet-japanese">
         <wf lemma="ピッツバーグ" pos="X">ピッツバーグ</wf>
         <wf lemma="が" pos="X">が</wf>
         <wf lemma="オハイオ" pos="X">オハイオ</wf>
         <wf lemma="川" pos="X">川</wf>
         <wf lemma="の" pos="X">の</wf>
         <instance id="d000.s3360.t000" lemma="源" pos="NOUN">源</instance>
         <wf lemma="だ" pos="X">だ</wf>
         <wf lemma="." pos="X">.</wf>
      </sentence>
      <sentence id="d000.s3361" source="wordnet-japanese">
         <instance id="d000.s3361.t000" lemma="空しい" pos="ADJ">空しい</instance>
         <wf lemma="努力" pos="X">努力</wf>
         <wf lemma="." pos="X">.</wf>
      </sentence>
      <sentence id="d000.s3362" source="wordnet-japanese">
         <instance id="d000.s3362.t000" lemma="狭苦しい" pos="ADJ">狭苦しい</instance>
         <wf lemma="高層" pos="X">高層</wf>
         <wf lemma="アパート" pos="X">アパート</wf>
         <wf lemma="で" pos="X">で</wf>
         <wf lemma="子供" pos="X">子供</wf>
         <wf lemma="を" pos="X">を</wf>
         <wf lemma="育て" pos="X">育て</wf>
         <wf lemma="よう" pos="X">よう</wf>
         <wf lemma="と" pos="X">と</wf>
         <wf lemma="する" pos="X">する</wf>
         <wf lemma="." pos="X">.</wf>
      </sentence>
      <sentence id="d000.s3363" source="wordnet-japanese">
         <wf lemma="彼ら" pos="X">彼ら</wf>
         <wf lemma="は" pos="X">は</wf>
         <instance id="d000.s3363.t000" lemma="図書室" pos="NOUN">図書室</instance>
         <wf lemma="で" pos="X">で</wf>
         <wf lemma="ブランディ" pos="X">ブランディ</wf>
         <wf lemma="を" pos="X">を</wf>
         <wf lemma="飲ん" pos="X">飲ん</wf>
         <wf lemma="だ" pos="X">だ</wf>
         <wf lemma="." pos="X">.</wf>
      </sentence>
      <sentence id="d000.s3364" source="wordnet-japanese">
         <instance id="d000.s3364.t000" lemma="タックル" pos="NOUN">タックル</instance>
         <wf lemma="に" pos="X">に</wf>
         <wf lemma="は" pos="X">は</wf>
         <wf lemma="大きな" pos="X">大きな</wf>
         <wf lemma="人" pos="X">人</wf>
         <wf lemma="が" pos="X">が</wf>
         <wf lemma="必要" pos="X">必要</wf>
         <wf lemma="だ" pos="X">だ</wf>
         <wf lemma="." pos="X">.</wf>
      </sentence>
      <sentence id="d000.s3365" source="wordnet-japanese">
         <wf lemma="彼女" pos="X">彼女</wf>
         <wf lemma="が" pos="X">が</wf>
         <wf lemma="ほくそ" pos="X">ほくそ</wf>
         <wf lemma="笑む" pos="X">笑む</wf>
         <wf lemma="の" pos="X">の</wf>
         <wf lemma="は" pos="X">は</wf>
         <instance id="d000.s3365.t000" lemma="余計" pos="ADJ">余計</instance>
         <wf lemma="な" pos="X">な</wf>
         <wf lemma="こと" pos="X">こと</wf>
         <wf lemma="だっ" pos="X">だっ</wf>
         <wf lemma="た" pos="X">た</wf>
         <wf lemma="." pos="X">.</wf>
      </sentence>
      <sentence id="d000.s3366" source="wordnet-japanese">
         <wf lemma="その" pos="X">その</wf>
         <wf lemma="時間" pos="X">時間</wf>
         <instance id="d000.s3366.t000" lemma="以降" pos="ADV">以降</instance>
         <wf lemma="の" pos="X">の</wf>
         <wf lemma="." pos="X">.</wf>
      </sentence>
      <sentence id="d000.s3367" source="wordnet-japanese">
         <instance id="d000.s3367.t000" lemma="従順" pos="ADJ">従順</instance>
         <wf lemma="で" pos="X">で</wf>
         <wf lemma="他人" pos="X">他人</wf>
         <wf lemma="の" pos="X">の</wf>
         <wf lemma="意見" pos="X">意見</wf>
         <wf lemma="に" pos="X">に</wf>
         <wf lemma="彼" pos="X">彼</wf>
         <wf lemma="の" pos="X">の</wf>
         <wf lemma="意見" pos="X">意見</wf>
         <wf lemma="を" pos="X">を</wf>
         <wf lemma="合わ" pos="X">合わ</wf>
         <wf lemma="せる" pos="X">せる</wf>
         <wf lemma="こと" pos="X">こと</wf>
         <wf lemma="を" pos="X">を</wf>
         <wf lemma="切望" pos="X">切望</wf>
         <wf lemma="し" pos="X">し</wf>
         <wf lemma="て" pos="X">て</wf>
         <wf lemma="いる" pos="X">いる</wf>
         <wf lemma="." pos="X">.</wf>
      </sentence>
      <sentence id="d000.s3368" source="wordnet-japanese">
         <wf lemma="私" pos="X">私</wf>
         <wf lemma="たち" pos="X">たち</wf>
         <wf lemma="の" pos="X">の</wf>
         <instance id="d000.s3368.t000" lemma="様々" pos="ADJ">様々</instance>
         <wf lemma="な" pos="X">な</wf>
         <wf lemma="欠点" pos="X">欠点</wf>
         <wf lemma="." pos="X">.</wf>
      </sentence>
      <sentence id="d000.s3369" source="wordnet-japanese">
         <instance id="d000.s3369.t000" lemma="爆発" pos="NOUN">爆発</instance>
         <wf lemma="は" pos="X">は</wf>
         <wf lemma="、" pos="X">、</wf>
         <wf lemma="1" pos="X">1</wf>
         <wf lemma="マイル" pos="X">マイル</wf>
         <wf lemma="離れ" pos="X">離れ</wf>
         <wf lemma="た" pos="X">た</wf>
         <wf lemma="距離" pos="X">距離</wf>
         <wf lemma="で" pos="X">で</wf>
         <wf lemma="も" pos="X">も</wf>
         <wf lemma="聞こえ" pos="X">聞こえ</wf>
         <wf lemma="た" pos="X">た</wf>
         <wf lemma="." pos="X">.</wf>
      </sentence>
      <sentence id="d000.s3370" source="wordnet-japanese">
         <wf lemma="彼" pos="X">彼</wf>
         <wf lemma="は" pos="X">は</wf>
         <wf lemma="窮乏" pos="X">窮乏</wf>
         <wf lemma="し" pos="X">し</wf>
         <wf lemma="た" pos="X">た</wf>
         <instance id="d000.s3370.t000" lemma="状態" pos="NOUN">状態</instance>
         <wf lemma="である" pos="X">である</wf>
         <wf lemma="こと" pos="X">こと</wf>
         <wf lemma="に" pos="X">に</wf>
         <wf lemma="気付い" pos="X">気付い</wf>
         <wf lemma="た" pos="X">た</wf>
         <wf lemma="." pos="X">.</wf>
      </sentence>
      <sentence id="d000.s3371" source="wordnet-japanese">
         <wf lemma="彼" pos="X">彼</wf>
         <wf lemma="は" pos="X">は</wf>
         <wf lemma="いい" pos="X">いい</wf>
         <instance id="d000.s3371.t000" lemma="やつ" pos="NOUN">やつ</instance>
         <wf lemma="だ" pos="X">だ</wf>
         <wf lemma="." pos="X">.</wf>
      </sentence>
      <sentence id="d000.s3372" source="wordnet-japanese">
         <wf lemma="不寛容" pos="X">不寛容</wf>
         <wf lemma="の" pos="X">の</wf>
         <instance id="d000.s3372.t000" lemma="反発" pos="NOUN">反発</instance>
         <wf lemma="が" pos="X">が</wf>
         <wf lemma="、" pos="X">、</wf>
         <wf lemma="あった." pos="X">あった.</wf>
      </sentence>
      <sentence id="d000.s3373" source="wordnet-japanese">
         <instance id="d000.s3373.t000" lemma="劇" pos="NOUN">劇</instance>
         <wf lemma="は" pos="X">は</wf>
         <wf lemma="2" pos="X">2</wf>
         <wf lemma="時間" pos="X">時間</wf>
         <wf lemma="続い" pos="X">続い</wf>
         <wf lemma="た" pos="X">た</wf>
         <wf lemma="." pos="X">.</wf>
      </sentence>
      <sentence id="d000.s3374" source="wordnet-japanese">
         <instance id="d000.s3374.t000" lemma="幼稚" pos="ADJ">幼稚</instance>
         <wf lemma="な" pos="X">な</wf>
         <wf lemma="ゲーム" pos="X">ゲーム</wf>
         <wf lemma="." pos="X">.</wf>
      </sentence>
      <sentence id="d000.s3375" source="wordnet-japanese">
         <instance id="d000.s3375.t000" lemma="重大" pos="ADJ">重大</instance>
         <wf lemma="な" pos="X">な</wf>
         <wf lemma="責任" pos="X">責任</wf>
         <wf lemma="." pos="X">.</wf>
      </sentence>
      <sentence id="d000.s3376" source="wordnet-japanese">
         <wf lemma="私" pos="X">私</wf>
         <wf lemma="は" pos="X">は</wf>
         <wf lemma="、" pos="X">、</wf>
         <wf lemma="彼" pos="X">彼</wf>
         <wf lemma="の" pos="X">の</wf>
         <wf lemma="妻" pos="X">妻</wf>
         <wf lemma="が" pos="X">が</wf>
         <wf lemma="好き" pos="X">好き</wf>
         <wf lemma="で" pos="X">で</wf>
         <wf lemma="ない" pos="X">ない</wf>
         <wf lemma="と" pos="X">と</wf>
         <instance id="d000.s3376.t000" lemma="ほのめかす" pos="VERB">ほのめかし</instance>
         <wf lemma="た" pos="X">た</wf>
         <wf lemma="." pos="X">.</wf>
      </sentence>
      <sentence id="d000.s3377" source="wordnet-japanese">
         <instance id="d000.s3377.t000" lemma="神聖" pos="ADJ">神聖</instance>
         <wf lemma="な" pos="X">な</wf>
         <wf lemma="パン" pos="X">パン</wf>
         <wf lemma="と" pos="X">と</wf>
         <wf lemma="ワイン" pos="X">ワイン</wf>
         <wf lemma="." pos="X">.</wf>
      </sentence>
      <sentence id="d000.s3378" source="wordnet-japanese">
         <wf lemma="彼" pos="X">彼</wf>
         <wf lemma="は" pos="X">は</wf>
         <instance id="d000.s3378.t000" lemma="完全" pos="ADV">完全</instance>
         <wf lemma="に" pos="X">に</wf>
         <wf lemma="確信" pos="X">確信</wf>
         <wf lemma="し" pos="X">し</wf>
         <wf lemma="て" pos="X">て</wf>
         <wf lemma="い" pos="X">い</wf>
         <wf lemma="た" pos="X">た</wf>
         <wf lemma="." pos="X">.</wf>
      </sentence>
      <sentence id="d000.s3379" source="wordnet-japanese">
         <wf lemma="彼" pos="X">彼</wf>
         <wf lemma="は" pos="X">は</wf>
         <wf lemma="シーザー" pos="X">シーザー</wf>
         <wf lemma="の" pos="X">の</wf>
         <wf lemma="もと" pos="X">もと</wf>
         <wf lemma="に" pos="X">に</wf>
         <wf lemma="6000" pos="X">6000</wf>
         <wf lemma="人" pos="X">人</wf>
         <wf lemma="の" pos="X">の</wf>
         <instance id="d000.s3379.t000" lemma="部隊" pos="NOUN">部隊</instance>
         <wf lemma="を" pos="X">を</wf>
         <wf lemma="送っ" pos="X">送っ</wf>
         <wf lemma="た" pos="X">た</wf>
         <wf lemma="." pos="X">.</wf>
      </sentence>
      <sentence id="d000.s3380" source="wordnet-japanese">
         <instance id="d000.s3380.t000" lemma="明快" pos="ADJ">明快</instance>
         <wf lemma="な" pos="X">な</wf>
         <wf lemma="議論" pos="X">議論</wf>
         <wf lemma="." pos="X">.</wf>
      </sentence>
      <sentence id="d000.s3381" source="wordnet-japanese">
         <instance id="d000.s3381.t000" lemma="慌しい" pos="ADJ">慌しい</instance>
         <wf lemma="都市" pos="X">都市</wf>
         <wf lemma="の" pos="X">の</wf>
         <wf lemma="生活" pos="X">生活</wf>
         <wf lemma="." pos="X">.</wf>
      </sentence>
      <sentence id="d000.s3382" source="wordnet-japanese">
         <wf lemma="取引" pos="X">取引</wf>
         <wf lemma="の" pos="X">の</wf>
         <wf lemma="不法" pos="X">不法</wf>
         <wf lemma="な" pos="X">な</wf>
         <instance id="d000.s3382.t000" lemma="制限" pos="NOUN">制限</instance>
         <wf lemma="." pos="X">.</wf>
      </sentence>
      <sentence id="d000.s3383" source="wordnet-japanese">
         <wf lemma="発言" pos="X">発言</wf>
         <wf lemma="は" pos="X">は</wf>
         <wf lemma="彼" pos="X">彼</wf>
         <wf lemma="の" pos="X">の</wf>
         <instance id="d000.s3383.t000" lemma="気持ち" pos="NOUN">気持ち</instance>
         <wf lemma="を" pos="X">を</wf>
         <wf lemma="傷つけ" pos="X">傷つけ</wf>
         <wf lemma="た" pos="X">た</wf>
         <wf lemma="." pos="X">.</wf>
      </sentence>
      <sentence id="d000.s3384" source="wordnet-japanese">
         <wf lemma="山脈" pos="X">山脈</wf>
         <wf lemma="は" pos="X">は</wf>
         <wf lemma="2" pos="X">2</wf>
         <wf lemma="国" pos="X">国</wf>
         <wf lemma="を" pos="X">を</wf>
         <instance id="d000.s3384.t000" lemma="分ける" pos="VERB">分ける</instance>
         <wf lemma="." pos="X">.</wf>
      </sentence>
      <sentence id="d000.s3385" source="wordnet-japanese">
         <wf lemma="訴訟" pos="X">訴訟</wf>
         <wf lemma="は" pos="X">は</wf>
         <wf lemma="、" pos="X">、</wf>
         <instance id="d000.s3385.t000" lemma="冗長" pos="ADJ">冗長</instance>
         <wf lemma="な" pos="X">な</wf>
         <wf lemma="論争" pos="X">論争</wf>
         <wf lemma="によって" pos="X">によって</wf>
         <wf lemma="遅れ" pos="X">遅れ</wf>
         <wf lemma="た" pos="X">た</wf>
         <wf lemma="." pos="X">.</wf>
      </sentence>
      <sentence id="d000.s3386" source="wordnet-japanese">
         <wf lemma="血液" pos="X">血液</wf>
         <wf lemma="検査" pos="X">検査</wf>
         <wf lemma="は" pos="X">は</wf>
         <wf lemma="、" pos="X">、</wf>
         <wf lemma="彼" pos="X">彼</wf>
         <wf lemma="が" pos="X">が</wf>
         <wf lemma="父親" pos="X">父親</wf>
         <wf lemma="である" pos="X">である</wf>
         <wf lemma="こと" pos="X">こと</wf>
         <wf lemma="を" pos="X">を</wf>
         <instance id="d000.s3386.t000" lemma="示す" pos="VERB">示し</instance>
         <wf lemma="た" pos="X">た</wf>
         <wf lemma="." pos="X">.</wf>
      </sentence>
      <sentence id="d000.s3387" source="wordnet-japanese">
         <wf lemma="義務" pos="X">義務</wf>
         <wf lemma="を" pos="X">を</wf>
         <instance id="d000.s3387.t000" lemma="果たす" pos="VERB">果たす</instance>
         <wf lemma="." pos="X">.</wf>
      </sentence>
      <sentence id="d000.s3388" source="wordnet-japanese">
         <instance id="d000.s3388.t000" lemma="追放" pos="NOUN">追放</instance>
         <wf lemma="さ" pos="X">さ</wf>
         <wf lemma="れ" pos="X">れ</wf>
         <wf lemma="た" pos="X">た</wf>
         <wf lemma="男" pos="X">男</wf>
         <wf lemma="たち" pos="X">たち</wf>
         <wf lemma="の" pos="X">の</wf>
         <wf lemma="希望" pos="X">希望</wf>
         <wf lemma="の" pos="X">の</wf>
         <wf lemma="夢" pos="X">夢</wf>
         <wf lemma="." pos="X">.</wf>
      </sentence>
      <sentence id="d000.s3389" source="wordnet-japanese">
         <wf lemma="不器" pos="X">不器</wf>
         <wf lemma="用" pos="X">用</wf>
         <wf lemma="で" pos="X">で</wf>
         <instance id="d000.s3389.t000" lemma="無駄" pos="ADJ">無駄</instance>
         <wf lemma="な" pos="X">な</wf>
         <wf lemma="プロセス" pos="X">プロセス</wf>
         <wf lemma="." pos="X">.</wf>
      </sentence>
      <sentence id="d000.s3390" source="wordnet-japanese">
         <instance id="d000.s3390.t000" lemma="着実" pos="ADJ">着実</instance>
         <wf lemma="な" pos="X">な</wf>
         <wf lemma="増加" pos="X">増加</wf>
         <wf lemma="." pos="X">.</wf>
      </sentence>
      <sentence id="d000.s3391" source="wordnet-japanese">
         <wf lemma="キャリア" pos="X">キャリア</wf>
         <wf lemma="は" pos="X">は</wf>
         <wf lemma="病気" pos="X">病気</wf>
         <wf lemma="の" pos="X">の</wf>
         <wf lemma="印" pos="X">印</wf>
         <wf lemma="を" pos="X">を</wf>
         <wf lemma="示す" pos="X">示す</wf>
         <wf lemma="彼" pos="X">彼</wf>
         <wf lemma="自身" pos="X">自身</wf>
         <wf lemma="なし" pos="X">なし</wf>
         <wf lemma="で" pos="X">で</wf>
         <instance id="d000.s3391.t000" lemma="伝染性" pos="ADJ">伝染性</instance>
         <wf lemma="に" pos="X">に</wf>
         <wf lemma="残る" pos="X">残る</wf>
         <wf lemma="." pos="X">.</wf>
      </sentence>
      <sentence id="d000.s3392" source="wordnet-japanese">
         <instance id="d000.s3392.t000" lemma="厄介" pos="ADJ">厄介</instance>
         <wf lemma="な" pos="X">な</wf>
         <wf lemma="問題" pos="X">問題</wf>
         <wf lemma="." pos="X">.</wf>
      </sentence>
      <sentence id="d000.s3393" source="wordnet-japanese">
         <wf lemma="その" pos="X">その</wf>
         <instance id="d000.s3393.t000" lemma="曲" pos="NOUN">曲</instance>
         <wf lemma="は" pos="X">は</wf>
         <wf lemma="4" pos="X">4</wf>
         <wf lemma="楽章" pos="X">楽章</wf>
         <wf lemma="から" pos="X">から</wf>
         <wf lemma="作ら" pos="X">作ら</wf>
         <wf lemma="れ" pos="X">れ</wf>
         <wf lemma="て" pos="X">て</wf>
         <wf lemma="いる" pos="X">いる</wf>
         <wf lemma="." pos="X">.</wf>
      </sentence>
      <sentence id="d000.s3394" source="wordnet-japanese">
         <wf lemma="彼" pos="X">彼</wf>
         <wf lemma="は" pos="X">は</wf>
         <instance id="d000.s3394.t000" lemma="面目" pos="NOUN">面目</instance>
         <wf lemma="を" pos="X">を</wf>
         <wf lemma="失っ" pos="X">失っ</wf>
         <wf lemma="た" pos="X">た</wf>
         <wf lemma="." pos="X">.</wf>
      </sentence>
      <sentence id="d000.s3395" source="wordnet-japanese">
         <wf lemma="フローチャート" pos="X">フローチャート</wf>
         <wf lemma="に" pos="X">に</wf>
         <wf lemma="は" pos="X">は</wf>
         <wf lemma="たくさん" pos="X">たくさん</wf>
         <wf lemma="の" pos="X">の</wf>
         <instance id="d000.s3395.t000" lemma="箱" pos="NOUN">箱</instance>
         <wf lemma="が" pos="X">が</wf>
         <wf lemma="入っ" pos="X">入っ</wf>
         <wf lemma="て" pos="X">て</wf>
         <wf lemma="い" pos="X">い</wf>
         <wf lemma="た" pos="X">た</wf>
         <wf lemma="." pos="X">.</wf>
      </sentence>
      <sentence id="d000.s3396" source="wordnet-japanese">
         <wf lemma="午後" pos="X">午後</wf>
         <wf lemma="に" pos="X">に</wf>
         <wf lemma="は" pos="X">は</wf>
         <wf lemma="霧" pos="X">霧</wf>
         <wf lemma="が" pos="X">が</wf>
         <instance id="d000.s3396.t000" lemma="晴れる" pos="VERB">晴れ</instance>
         <wf lemma="た" pos="X">た</wf>
         <wf lemma="." pos="X">.</wf>
      </sentence>
      <sentence id="d000.s3397" source="wordnet-japanese">
         <wf lemma="破片" pos="X">破片</wf>
         <wf lemma="を" pos="X">を</wf>
         <instance id="d000.s3397.t000" lemma="取り出す" pos="VERB">取り出し</instance>
         <wf lemma="て" pos="X">て</wf>
         <wf lemma="ください" pos="X">ください</wf>
         <wf lemma="." pos="X">.</wf>
      </sentence>
      <sentence id="d000.s3398" source="wordnet-japanese">
         <instance id="d000.s3398.t000" lemma="事実上" pos="ADV">事実上</instance>
         <wf lemma="、" pos="X">、</wf>
         <wf lemma="彼ら" pos="X">彼ら</wf>
         <wf lemma="に" pos="X">に</wf>
         <wf lemma="は" pos="X">は</wf>
         <wf lemma="選択" pos="X">選択</wf>
         <wf lemma="の" pos="X">の</wf>
         <wf lemma="余地" pos="X">余地</wf>
         <wf lemma="が" pos="X">が</wf>
         <wf lemma="なかっ" pos="X">なかっ</wf>
         <wf lemma="た" pos="X">た</wf>
         <wf lemma="." pos="X">.</wf>
      </sentence>
      <sentence id="d000.s3399" source="wordnet-japanese">
         <wf lemma="勉強" pos="X">勉強</wf>
         <wf lemma="する" pos="X">する</wf>
         <wf lemma="ため" pos="X">ため</wf>
         <wf lemma="の" pos="X">の</wf>
         <instance id="d000.s3399.t000" lemma="神聖" pos="ADJ">神聖</instance>
         <wf lemma="な" pos="X">な</wf>
         <wf lemma="朝" pos="X">朝</wf>
         <wf lemma="の" pos="X">の</wf>
         <wf lemma="時間" pos="X">時間</wf>
         <wf lemma="." pos="X">.</wf>
      </sentence>
      <sentence id="d000.s3400" source="wordnet-japanese">
         <instance id="d000.s3400.t000" lemma="神秘的" pos="ADJ">神秘的</instance>
         <wf lemma="な" pos="X">な</wf>
         <wf lemma="直観" pos="X">直観</wf>
         <wf lemma="." pos="X">.</wf>
      </sentence>
      <sentence id="d000.s3401" source="wordnet-japanese">
         <wf lemma="これら" pos="X">これら</wf>
         <wf lemma="の" pos="X">の</wf>
         <instance id="d000.s3401.t000" lemma="表面" pos="NOUN">表面</instance>
         <wf lemma="に" pos="X">に</wf>
         <wf lemma="は" pos="X">は</wf>
         <wf lemma="専用" pos="X">専用</wf>
         <wf lemma="の" pos="X">の</wf>
         <wf lemma="クリーナー" pos="X">クリーナー</wf>
         <wf lemma="が" pos="X">が</wf>
         <wf lemma="ある" pos="X">ある</wf>
         <wf lemma="." pos="X">.</wf>
      </sentence>
      <sentence id="d000.s3402" source="wordnet-japanese">
         <wf lemma="私" pos="X">私</wf>
         <wf lemma="の" pos="X">の</wf>
         <instance id="d000.s3402.t000" lemma="スパイ" pos="NOUN">スパイ</instance>
         <wf lemma="が" pos="X">が</wf>
         <wf lemma="昨夜" pos="X">昨夜</wf>
         <wf lemma="あなた" pos="X">あなた</wf>
         <wf lemma="は" pos="X">は</wf>
         <wf lemma="いい" pos="X">いい</wf>
         <wf lemma="時間" pos="X">時間</wf>
         <wf lemma="を" pos="X">を</wf>
         <wf lemma="過ごし" pos="X">過ごし</wf>
         <wf lemma="た" pos="X">た</wf>
         <wf lemma="と" pos="X">と</wf>
         <wf lemma="私" pos="X">私</wf>
         <wf lemma="に" pos="X">に</wf>
         <wf lemma="言う" pos="X">言う</wf>
         <wf lemma="." pos="X">.</wf>
      </sentence>
      <sentence id="d000.s3403" source="wordnet-japanese">
         <instance id="d000.s3403.t000" lemma="献身的" pos="ADJ">献身的</instance>
         <wf lemma="な" pos="X">な</wf>
         <wf lemma="夫" pos="X">夫</wf>
         <wf lemma="と" pos="X">と</wf>
         <wf lemma="父" pos="X">父</wf>
         <wf lemma="." pos="X">.</wf>
      </sentence>
      <sentence id="d000.s3404" source="wordnet-japanese">
         <wf lemma="世論" pos="X">世論</wf>
         <wf lemma="の" pos="X">の</wf>
         <instance id="d000.s3404.t000" lemma="基本的" pos="ADJ">基本的</instance>
         <wf lemma="な" pos="X">な</wf>
         <wf lemma="変化" pos="X">変化</wf>
         <wf lemma="は" pos="X">は</wf>
         <wf lemma="優先" pos="X">優先</wf>
         <wf lemma="事項" pos="X">事項</wf>
         <wf lemma="の" pos="X">の</wf>
         <wf lemma="変化" pos="X">変化</wf>
         <wf lemma="の" pos="X">の</wf>
         <wf lemma="ため" pos="X">ため</wf>
         <wf lemma="起こる" pos="X">起こる</wf>
         <wf lemma="." pos="X">.</wf>
      </sentence>
      <sentence id="d000.s3405" source="wordnet-japanese">
         <wf lemma="米国" pos="X">米国</wf>
         <wf lemma="政府" pos="X">政府</wf>
         <wf lemma="は" pos="X">は</wf>
         <wf lemma="、" pos="X">、</wf>
         <instance id="d000.s3405.t000" lemma="今" pos="ADV">今</instance>
         <wf lemma="で" pos="X">で</wf>
         <wf lemma="は" pos="X">は</wf>
         <wf lemma="、" pos="X">、</wf>
         <wf lemma="デラウェア" pos="X">デラウェア</wf>
         <wf lemma="を" pos="X">を</wf>
         <wf lemma="越える" pos="X">越える</wf>
         <wf lemma="と" pos="X">と</wf>
         <wf lemma="決める" pos="X">決める</wf>
         <wf lemma="." pos="X">.</wf>
      </sentence>
      <sentence id="d000.s3406" source="wordnet-japanese">
         <wf lemma="彼" pos="X">彼</wf>
         <wf lemma="は" pos="X">は</wf>
         <instance id="d000.s3406.t000" lemma="盲人" pos="NOUN">盲人</instance>
         <wf lemma="に" pos="X">に</wf>
         <wf lemma="何" pos="X">何</wf>
         <wf lemma="時間" pos="X">時間</wf>
         <wf lemma="も" pos="X">も</wf>
         <wf lemma="本" pos="X">本</wf>
         <wf lemma="を" pos="X">を</wf>
         <wf lemma="読ん" pos="X">読ん</wf>
         <wf lemma="で" pos="X">で</wf>
         <wf lemma="やっ" pos="X">やっ</wf>
         <wf lemma="た" pos="X">た</wf>
         <wf lemma="." pos="X">.</wf>
      </sentence>
      <sentence id="d000.s3407" source="wordnet-japanese">
         <instance id="d000.s3407.t000" lemma="スッポンタケ" pos="NOUN">スッポンタケ</instance>
         <wf lemma="の" pos="X">の</wf>
         <wf lemma="悪臭" pos="X">悪臭</wf>
         <wf lemma="は" pos="X">は</wf>
         <wf lemma="、" pos="X">、</wf>
         <wf lemma="彼ら" pos="X">彼ら</wf>
         <wf lemma="の" pos="X">の</wf>
         <wf lemma="足" pos="X">足</wf>
         <wf lemma="で" pos="X">で</wf>
         <wf lemma="胞子" pos="X">胞子</wf>
         <wf lemma="を" pos="X">を</wf>
         <wf lemma="持ち去る" pos="X">持ち去る</wf>
         <wf lemma="昆虫" pos="X">昆虫</wf>
         <wf lemma="を" pos="X">を</wf>
         <wf lemma="引きつける" pos="X">引きつける</wf>
         <wf lemma="." pos="X">.</wf>
      </sentence>
      <sentence id="d000.s3408" source="wordnet-japanese">
         <wf lemma="これ" pos="X">これ</wf>
         <wf lemma="は" pos="X">は</wf>
         <instance id="d000.s3408.t000" lemma="量的" pos="ADV">量的</instance>
         <wf lemma="に" pos="X">に</wf>
         <wf lemma="表す" pos="X">表す</wf>
         <wf lemma="こと" pos="X">こと</wf>
         <wf lemma="が" pos="X">が</wf>
         <wf lemma="できる" pos="X">できる</wf>
         <wf lemma="." pos="X">.</wf>
      </sentence>
      <sentence id="d000.s3409" source="wordnet-japanese">
         <instance id="d000.s3409.t000" lemma="太い" pos="ADJ">太い</instance>
         <wf lemma="声" pos="X">声</wf>
         <wf lemma="." pos="X">.</wf>
      </sentence>
      <sentence id="d000.s3410" source="wordnet-japanese">
         <instance id="d000.s3410.t000" lemma="無感覚" pos="ADJ">無感覚</instance>
         <wf lemma="な" pos="X">な</wf>
         <wf lemma="木" pos="X">木</wf>
         <wf lemma="." pos="X">.</wf>
      </sentence>
      <sentence id="d000.s3411" source="wordnet-japanese">
         <wf lemma="彼" pos="X">彼</wf>
         <wf lemma="は" pos="X">は</wf>
         <wf lemma="その" pos="X">その</wf>
         <wf lemma="あたり" pos="X">あたり</wf>
         <wf lemma="を" pos="X">を</wf>
         <wf lemma="飛行機" pos="X">飛行機</wf>
         <wf lemma="で" pos="X">で</wf>
         <instance id="d000.s3411.t000" lemma="飛ぶ" pos="VERB">飛ん</instance>
         <wf lemma="だ" pos="X">だ</wf>
         <wf lemma="." pos="X">.</wf>
      </sentence>
      <sentence id="d000.s3412" source="wordnet-japanese">
         <wf lemma="稲妻" pos="X">稲妻</wf>
         <wf lemma="が" pos="X">が</wf>
         <wf lemma="珍しい" pos="X">珍しい</wf>
         <wf lemma="金属" pos="X">金属</wf>
         <wf lemma="の" pos="X">の</wf>
         <instance id="d000.s3412.t000" lemma="結合" pos="NOUN">結合</instance>
         <wf lemma="を" pos="X">を</wf>
         <wf lemma="生み出し" pos="X">生み出し</wf>
         <wf lemma="た" pos="X">た</wf>
         <wf lemma="." pos="X">.</wf>
      </sentence>
      <sentence id="d000.s3413" source="wordnet-japanese">
         <wf lemma="彼女" pos="X">彼女</wf>
         <wf lemma="は" pos="X">は</wf>
         <wf lemma="言語学" pos="X">言語学</wf>
         <instance id="d000.s3413.t000" lemma="専攻" pos="NOUN">専攻</instance>
         <wf lemma="である" pos="X">である</wf>
         <wf lemma="." pos="X">.</wf>
      </sentence>
      <sentence id="d000.s3414" source="wordnet-japanese">
         <instance id="d000.s3414.t000" lemma="置換" pos="NOUN">置換</instance>
         <wf lemma="え" pos="X">え</wf>
         <wf lemma="は" pos="X">は</wf>
         <wf lemma="物理的" pos="X">物理的</wf>
         <wf lemma="な" pos="X">な</wf>
         <wf lemma="世界" pos="X">世界</wf>
         <wf lemma="で" pos="X">で</wf>
         <wf lemma="行わ" pos="X">行わ</wf>
         <wf lemma="れる" pos="X">れる</wf>
         <wf lemma="−" pos="X">−</wf>
         <wf lemma="ヘンリー" pos="X">ヘンリー</wf>
         <wf lemma="・" pos="X">・</wf>
         <wf lemma="ミラー" pos="X">ミラー</wf>
         <wf lemma="." pos="X">.</wf>
      </sentence>
      <sentence id="d000.s3415" source="wordnet-japanese">
         <wf lemma="小説" pos="X">小説</wf>
         <wf lemma="は" pos="X">は</wf>
         <wf lemma="殺人" pos="X">殺人</wf>
         <wf lemma="から" pos="X">から</wf>
         <instance id="d000.s3415.t000" lemma="始まる" pos="VERB">始まる</instance>
         <wf lemma="." pos="X">.</wf>
      </sentence>
      <sentence id="d000.s3416" source="wordnet-japanese">
         <instance id="d000.s3416.t000" lemma="普通" pos="ADJ">普通</instance>
         <wf lemma="の" pos="X">の</wf>
         <wf lemma="良識" pos="X">良識</wf>
         <wf lemma="." pos="X">.</wf>
      </sentence>
      <sentence id="d000.s3417" source="wordnet-japanese">
         <wf lemma="彼女" pos="X">彼女</wf>
         <wf lemma="は" pos="X">は</wf>
         <wf lemma="小さく" pos="X">小さく</wf>
         <wf lemma="、" pos="X">、</wf>
         <wf lemma="取る" pos="X">取る</wf>
         <wf lemma="に" pos="X">に</wf>
         <wf lemma="足り" pos="X">足り</wf>
         <wf lemma="ない" pos="X">ない</wf>
         <wf lemma="と" pos="X">と</wf>
         <instance id="d000.s3417.t000" lemma="感じる" pos="VERB">感じ</instance>
         <wf lemma="た" pos="X">た</wf>
         <wf lemma="." pos="X">.</wf>
      </sentence>
      <sentence id="d000.s3418" source="wordnet-japanese">
         <wf lemma="彼" pos="X">彼</wf>
         <wf lemma="は" pos="X">は</wf>
         <wf lemma="2" pos="X">2</wf>
         <wf lemma="年間" pos="X">年間</wf>
         <wf lemma="、" pos="X">、</wf>
         <wf lemma="D" pos="X">D</wf>
         <instance id="d000.s3418.t000" lemma="クラス" pos="NOUN">クラス</instance>
         <wf lemma="の" pos="X">の</wf>
         <wf lemma="チーム" pos="X">チーム</wf>
         <wf lemma="で" pos="X">で</wf>
         <wf lemma="野球" pos="X">野球</wf>
         <wf lemma="を" pos="X">を</wf>
         <wf lemma="し" pos="X">し</wf>
         <wf lemma="て" pos="X">て</wf>
         <wf lemma="い" pos="X">い</wf>
         <wf lemma="た" pos="X">た</wf>
         <wf lemma="." pos="X">.</wf>
      </sentence>
      <sentence id="d000.s3419" source="wordnet-japanese">
         <wf lemma="完全" pos="X">完全</wf>
         <wf lemma="に" pos="X">に</wf>
         <instance id="d000.s3419.t000" lemma="正気" pos="ADJ">正気</instance>
         <wf lemma="に" pos="X">に</wf>
         <wf lemma="見える" pos="X">見える</wf>
         <wf lemma="." pos="X">.</wf>
      </sentence>
      <sentence id="d000.s3420" source="wordnet-japanese">
         <instance id="d000.s3420.t000" lemma="字幕" pos="NOUN">字幕</instance>
         <wf lemma="は" pos="X">は</wf>
         <wf lemma="私" pos="X">私</wf>
         <wf lemma="が" pos="X">が</wf>
         <wf lemma="読む" pos="X">読む</wf>
         <wf lemma="前" pos="X">前</wf>
         <wf lemma="に" pos="X">に</wf>
         <wf lemma="流れ" pos="X">流れ</wf>
         <wf lemma="て" pos="X">て</wf>
         <wf lemma="いく" pos="X">いく</wf>
         <wf lemma="." pos="X">.</wf>
      </sentence>
      <sentence id="d000.s3421" source="wordnet-japanese">
         <wf lemma="彼" pos="X">彼</wf>
         <wf lemma="は" pos="X">は</wf>
         <wf lemma="その" pos="X">その</wf>
         <wf lemma="約束" pos="X">約束</wf>
         <wf lemma="を" pos="X">を</wf>
         <instance id="d000.s3421.t000" lemma="メモ" pos="NOUN">メモ</instance>
         <wf lemma="し" pos="X">し</wf>
         <wf lemma="た" pos="X">た</wf>
         <wf lemma="." pos="X">.</wf>
      </sentence>
      <sentence id="d000.s3422" source="wordnet-japanese">
         <wf lemma="彼" pos="X">彼</wf>
         <wf lemma="は" pos="X">は</wf>
         <instance id="d000.s3422.t000" lemma="十分" pos="ADV">十分</instance>
         <wf lemma="に" pos="X">に</wf>
         <wf lemma="用意" pos="X">用意</wf>
         <wf lemma="が" pos="X">が</wf>
         <wf lemma="でき" pos="X">でき</wf>
         <wf lemma="て" pos="X">て</wf>
         <wf lemma="い" pos="X">い</wf>
         <wf lemma="た" pos="X">た</wf>
         <wf lemma="." pos="X">.</wf>
      </sentence>
      <sentence id="d000.s3423" source="wordnet-japanese">
         <wf lemma="彼" pos="X">彼</wf>
         <wf lemma="は" pos="X">は</wf>
         <wf lemma="馬" pos="X">馬</wf>
         <wf lemma="の" pos="X">の</wf>
         <wf lemma="側面" pos="X">側面</wf>
         <wf lemma="に" pos="X">に</wf>
         <wf lemma="足指" pos="X">足指</wf>
         <wf lemma="で" pos="X">で</wf>
         <instance id="d000.s3423.t000" lemma="触れる" pos="VERB">触れ</instance>
         <wf lemma="た" pos="X">た</wf>
         <wf lemma="." pos="X">.</wf>
      </sentence>
      <sentence id="d000.s3424" source="wordnet-japanese">
         <instance id="d000.s3424.t000" lemma="強い" pos="ADJ">強い</instance>
         <wf lemma="信頼" pos="X">信頼</wf>
         <wf lemma="." pos="X">.</wf>
      </sentence>
      <sentence id="d000.s3425" source="wordnet-japanese">
         <instance id="d000.s3425.t000" lemma="無意味" pos="ADJ">無意味</instance>
         <wf lemma="な" pos="X">な</wf>
         <wf lemma="行為" pos="X">行為</wf>
         <wf lemma="." pos="X">.</wf>
      </sentence>
      <sentence id="d000.s3426" source="wordnet-japanese">
         <instance id="d000.s3426.t000" lemma="怠惰" pos="ADJ">怠惰</instance>
         <wf lemma="な" pos="X">な</wf>
         <wf lemma="従業員" pos="X">従業員</wf>
         <wf lemma="." pos="X">.</wf>
      </sentence>
      <sentence id="d000.s3427" source="wordnet-japanese">
         <wf lemma="彼" pos="X">彼</wf>
         <wf lemma="は" pos="X">は</wf>
         <wf lemma="州" pos="X">州</wf>
         <wf lemma="に" pos="X">に</wf>
         <instance id="d000.s3427.t000" lemma="生活費" pos="NOUN">生活費</instance>
         <wf lemma="の" pos="X">の</wf>
         <wf lemma="支払い" pos="X">支払い</wf>
         <wf lemma="を" pos="X">を</wf>
         <wf lemma="申請" pos="X">申請</wf>
         <wf lemma="し" pos="X">し</wf>
         <wf lemma="た" pos="X">た</wf>
         <wf lemma="." pos="X">.</wf>
      </sentence>
      <sentence id="d000.s3428" source="wordnet-japanese">
         <wf lemma="彼ら" pos="X">彼ら</wf>
         <wf lemma="は" pos="X">は</wf>
         <instance id="d000.s3428.t000" lemma="生き生き" pos="ADV">生き生き</instance>
         <wf lemma="と" pos="X">と</wf>
         <wf lemma="話し" pos="X">話し</wf>
         <wf lemma="た" pos="X">た</wf>
         <wf lemma="." pos="X">.</wf>
      </sentence>
      <sentence id="d000.s3429" source="wordnet-japanese">
         <wf lemma="そのえり" pos="X">そのえり</wf>
         <wf lemma="は" pos="X">は</wf>
         <wf lemma="ボタン" pos="X">ボタン</wf>
         <wf lemma="穴" pos="X">穴</wf>
         <wf lemma="の" pos="X">の</wf>
         <instance id="d000.s3429.t000" lemma="タブ" pos="NOUN">タブ</instance>
         <wf lemma="が" pos="X">が</wf>
         <wf lemma="ある" pos="X">ある</wf>
         <wf lemma="." pos="X">.</wf>
      </sentence>
      <sentence id="d000.s3430" source="wordnet-japanese">
         <wf lemma="彼ら" pos="X">彼ら</wf>
         <wf lemma="は" pos="X">は</wf>
         <instance id="d000.s3430.t000" lemma="死者" pos="NOUN">死者</instance>
         <wf lemma="を" pos="X">を</wf>
         <wf lemma="埋葬" pos="X">埋葬</wf>
         <wf lemma="し" pos="X">し</wf>
         <wf lemma="た" pos="X">た</wf>
         <wf lemma="." pos="X">.</wf>
      </sentence>
      <sentence id="d000.s3431" source="wordnet-japanese">
         <wf lemma="彼" pos="X">彼</wf>
         <wf lemma="は" pos="X">は</wf>
         <wf lemma="自分" pos="X">自分</wf>
         <wf lemma="より" pos="X">より</wf>
         <wf lemma="何か" pos="X">何か</wf>
         <wf lemma="大きい" pos="X">大きい</wf>
         <wf lemma="もの" pos="X">もの</wf>
         <wf lemma="の" pos="X">の</wf>
         <instance id="d000.s3431.t000" lemma="一部" pos="NOUN">一部</instance>
         <wf lemma="である" pos="X">である</wf>
         <wf lemma="こと" pos="X">こと</wf>
         <wf lemma="を" pos="X">を</wf>
         <wf lemma="感じ" pos="X">感じ</wf>
         <wf lemma="たかっ" pos="X">たかっ</wf>
         <wf lemma="た" pos="X">た</wf>
         <wf lemma="." pos="X">.</wf>
      </sentence>
      <sentence id="d000.s3432" source="wordnet-japanese">
         <wf lemma="私達" pos="X">私達</wf>
         <wf lemma="は" pos="X">は</wf>
         <wf lemma="古い" pos="X">古い</wf>
         <wf lemma="規則" pos="X">規則</wf>
         <wf lemma="に" pos="X">に</wf>
         <instance id="d000.s3432.t000" lemma="戻る" pos="VERB">戻っ</instance>
         <wf lemma="た" pos="X">た</wf>
         <wf lemma="." pos="X">.</wf>
      </sentence>
      <sentence id="d000.s3433" source="wordnet-japanese">
         <wf lemma="怒り" pos="X">怒り</wf>
         <wf lemma="を" pos="X">を</wf>
         <instance id="d000.s3433.t000" lemma="抑える" pos="VERB">抑え</instance>
         <wf lemma="て" pos="X">て</wf>
         <wf lemma="ください" pos="X">ください</wf>
         <wf lemma="." pos="X">.</wf>
      </sentence>
      <sentence id="d000.s3434" source="wordnet-japanese">
         <wf lemma="彼" pos="X">彼</wf>
         <wf lemma="は" pos="X">は</wf>
         <wf lemma="空港" pos="X">空港</wf>
         <wf lemma="で" pos="X">で</wf>
         <instance id="d000.s3434.t000" lemma="読み物" pos="NOUN">読み物</instance>
         <wf lemma="を" pos="X">を</wf>
         <wf lemma="買っ" pos="X">買っ</wf>
         <wf lemma="た" pos="X">た</wf>
         <wf lemma="." pos="X">.</wf>
      </sentence>
      <sentence id="d000.s3435" source="wordnet-japanese">
         <wf lemma="怒り" pos="X">怒り</wf>
         <wf lemma="と" pos="X">と</wf>
         <instance id="d000.s3435.t000" lemma="不安" pos="NOUN">不安</instance>
         <wf lemma="が" pos="X">が</wf>
         <wf lemma="渦巻い" pos="X">渦巻い</wf>
         <wf lemma="て" pos="X">て</wf>
         <wf lemma="い" pos="X">い</wf>
         <wf lemma="た" pos="X">た</wf>
         <wf lemma="." pos="X">.</wf>
      </sentence>
      <sentence id="d000.s3436" source="wordnet-japanese">
         <instance id="d000.s3436.t000" lemma="弱い" pos="ADJ">弱い</instance>
         <wf lemma="柱" pos="X">柱</wf>
         <wf lemma="." pos="X">.</wf>
      </sentence>
      <sentence id="d000.s3437" source="wordnet-japanese">
         <wf lemma="お金" pos="X">お金</wf>
         <wf lemma="を" pos="X">を</wf>
         <wf lemma="封筒" pos="X">封筒</wf>
         <wf lemma="に" pos="X">に</wf>
         <instance id="d000.s3437.t000" lemma="詰める" pos="VERB">詰め</instance>
         <wf lemma="て" pos="X">て</wf>
         <wf lemma="ください" pos="X">ください</wf>
         <wf lemma="." pos="X">.</wf>
      </sentence>
      <sentence id="d000.s3438" source="wordnet-japanese">
         <instance id="d000.s3438.t000" lemma="かすか" pos="ADJ">かすか</instance>
         <wf lemma="な" pos="X">な</wf>
         <wf lemma="記憶" pos="X">記憶</wf>
         <wf lemma="だけ" pos="X">だけ</wf>
         <wf lemma="." pos="X">.</wf>
      </sentence>
      <sentence id="d000.s3439" source="wordnet-japanese">
         <wf lemma="左端" pos="X">左端</wf>
         <wf lemma="あたり" pos="X">あたり</wf>
         <wf lemma="を" pos="X">を</wf>
         <instance id="d000.s3439.t000" lemma="広々" pos="ADV">広々</instance>
         <wf lemma="と" pos="X">と</wf>
         <wf lemma="走っ" pos="X">走っ</wf>
         <wf lemma="た" pos="X">た</wf>
         <wf lemma="." pos="X">.</wf>
      </sentence>
      <sentence id="d000.s3440" source="wordnet-japanese">
         <wf lemma="彼ら" pos="X">彼ら</wf>
         <wf lemma="が" pos="X">が</wf>
         <wf lemma="私たち" pos="X">私たち</wf>
         <wf lemma="に" pos="X">に</wf>
         <instance id="d000.s3440.t000" lemma="協力" pos="NOUN">協力</instance>
         <wf lemma="し" pos="X">し</wf>
         <wf lemma="て" pos="X">て</wf>
         <wf lemma="くれ" pos="X">くれ</wf>
         <wf lemma="た" pos="X">た</wf>
         <wf lemma="こと" pos="X">こと</wf>
         <wf lemma="は" pos="X">は</wf>
         <wf lemma="、" pos="X">、</wf>
         <wf lemma="我々" pos="X">我々</wf>
         <wf lemma="の" pos="X">の</wf>
         <wf lemma="任務" pos="X">任務</wf>
         <wf lemma="が" pos="X">が</wf>
         <wf lemma="成功" pos="X">成功</wf>
         <wf lemma="し" pos="X">し</wf>
         <wf lemma="た" pos="X">た</wf>
         <wf lemma="こと" pos="X">こと</wf>
         <wf lemma="の" pos="X">の</wf>
         <wf lemma="第" pos="X">第</wf>
         <wf lemma="一" pos="X">一</wf>
         <wf lemma="の" pos="X">の</wf>
         <wf lemma="要因" pos="X">要因</wf>
         <wf lemma="だ" pos="X">だ</wf>
         <wf lemma="." pos="X">.</wf>
      </sentence>
      <sentence id="d000.s3441" source="wordnet-japanese">
         <instance id="d000.s3441.t000" lemma="不安定" pos="ADJ">不安定</instance>
         <wf lemma="な" pos="X">な</wf>
         <wf lemma="結婚" pos="X">結婚</wf>
         <wf lemma="." pos="X">.</wf>
      </sentence>
      <sentence id="d000.s3442" source="wordnet-japanese">
         <wf lemma="ナポリ" pos="X">ナポリ</wf>
         <wf lemma="人" pos="X">人</wf>
         <wf lemma="の" pos="X">の</wf>
         <wf lemma="生き方" pos="X">生き方</wf>
         <wf lemma="の" pos="X">の</wf>
         <instance id="d000.s3442.t000" lemma="本質" pos="NOUN">本質</instance>
         <wf lemma="." pos="X">.</wf>
      </sentence>
      <sentence id="d000.s3443" source="wordnet-japanese">
         <wf lemma="ネズミ" pos="X">ネズミ</wf>
         <wf lemma="と" pos="X">と</wf>
         <wf lemma="他の" pos="X">他の</wf>
         <instance id="d000.s3443.t000" lemma="害虫" pos="NOUN">害虫</instance>
         <wf lemma="から" pos="X">から</wf>
         <wf lemma="穀類" pos="X">穀類</wf>
         <wf lemma="を" pos="X">を</wf>
         <wf lemma="保護" pos="X">保護</wf>
         <wf lemma="し" pos="X">し</wf>
         <wf lemma="なければ" pos="X">なければ</wf>
         <wf lemma="なら" pos="X">なら</wf>
         <wf lemma="ない" pos="X">ない</wf>
         <wf lemma="." pos="X">.</wf>
      </sentence>
      <sentence id="d000.s3444" source="wordnet-japanese">
         <wf lemma="アーティスト" pos="X">アーティスト</wf>
         <wf lemma="は" pos="X">は</wf>
         <wf lemma="、" pos="X">、</wf>
         <wf lemma="『" pos="X">『</wf>
         <instance id="d000.s3444.t000" lemma="ペンキ" pos="NOUN">ペンキ</instance>
         <wf lemma="』" pos="X">』</wf>
         <wf lemma="と" pos="X">と</wf>
         <wf lemma="『" pos="X">『</wf>
         <wf lemma="絵" pos="X">絵</wf>
         <wf lemma="の" pos="X">の</wf>
         <wf lemma="具" pos="X">具</wf>
         <wf lemma="』" pos="X">』</wf>
         <wf lemma="を" pos="X">を</wf>
         <wf lemma="交互" pos="X">交互</wf>
         <wf lemma="に" pos="X">に</wf>
         <wf lemma="用いる" pos="X">用いる</wf>
         <wf lemma="." pos="X">.</wf>
      </sentence>
      <sentence id="d000.s3445" source="wordnet-japanese">
         <wf lemma="銃" pos="X">銃</wf>
         <wf lemma="を" pos="X">を</wf>
         <instance id="d000.s3445.t000" lemma="向ける" pos="VERB">向ける</instance>
         <wf lemma="." pos="X">.</wf>
      </sentence>
      <sentence id="d000.s3446" source="wordnet-japanese">
         <instance id="d000.s3446.t000" lemma="サドルシート" pos="NOUN">サドルシート</instance>
         <wf lemma="は" pos="X">は</wf>
         <wf lemma="うまく" pos="X">うまく</wf>
         <wf lemma="彼" pos="X">彼</wf>
         <wf lemma="の" pos="X">の</wf>
         <wf lemma="お尻" pos="X">お尻</wf>
         <wf lemma="に" pos="X">に</wf>
         <wf lemma="あっ" pos="X">あっ</wf>
         <wf lemma="た" pos="X">た</wf>
         <wf lemma="." pos="X">.</wf>
      </sentence>
      <sentence id="d000.s3447" source="wordnet-japanese">
         <wf lemma="彼女" pos="X">彼女</wf>
         <wf lemma="の" pos="X">の</wf>
         <instance id="d000.s3447.t000" lemma="好み" pos="NOUN">好み</instance>
         <wf lemma="は" pos="X">は</wf>
         <wf lemma="クラシック" pos="X">クラシック</wf>
         <wf lemma="音楽" pos="X">音楽</wf>
         <wf lemma="寄り" pos="X">寄り</wf>
         <wf lemma="である" pos="X">である</wf>
         <wf lemma="." pos="X">.</wf>
      </sentence>
      <sentence id="d000.s3448" source="wordnet-japanese">
         <instance id="d000.s3448.t000" lemma="激しい" pos="ADJ">激しく</instance>
         <wf lemma="悪魔" pos="X">悪魔</wf>
         <wf lemma="に" pos="X">に</wf>
         <wf lemma="支配" pos="X">支配</wf>
         <wf lemma="さ" pos="X">さ</wf>
         <wf lemma="れ" pos="X">れ</wf>
         <wf lemma="た" pos="X">た</wf>
         <wf lemma="彼" pos="X">彼</wf>
         <wf lemma="の" pos="X">の</wf>
         <wf lemma="カデンツァ" pos="X">カデンツァ</wf>
         <wf lemma="." pos="X">.</wf>
      </sentence>
      <sentence id="d000.s3449" source="wordnet-japanese">
         <wf lemma="彼女" pos="X">彼女</wf>
         <wf lemma="は" pos="X">は</wf>
         <wf lemma="、" pos="X">、</wf>
         <wf lemma="生活" pos="X">生活</wf>
         <wf lemma="の" pos="X">の</wf>
         <wf lemma="ため" pos="X">ため</wf>
         <wf lemma="と" pos="X">と</wf>
         <wf lemma="、" pos="X">、</wf>
         <wf lemma="彼女" pos="X">彼女</wf>
         <wf lemma="の" pos="X">の</wf>
         <wf lemma="麻薬" pos="X">麻薬</wf>
         <wf lemma="常用" pos="X">常用</wf>
         <wf lemma="の" pos="X">の</wf>
         <wf lemma="ため" pos="X">ため</wf>
         <wf lemma="に" pos="X">に</wf>
         <wf lemma="、" pos="X">、</wf>
         <wf lemma="体" pos="X">体</wf>
         <wf lemma="を" pos="X">を</wf>
         <instance id="d000.s3449.t000" lemma="売る" pos="VERB">売る</instance>
         <wf lemma="." pos="X">.</wf>
      </sentence>
      <sentence id="d000.s3450" source="wordnet-japanese">
         <instance id="d000.s3450.t000" lemma="エンド" pos="NOUN">エンド</instance>
         <wf lemma="は" pos="X">は</wf>
         <wf lemma="どうにか" pos="X">どうにか</wf>
         <wf lemma="パス" pos="X">パス</wf>
         <wf lemma="を" pos="X">を</wf>
         <wf lemma="つかもう" pos="X">つかもう</wf>
         <wf lemma="と" pos="X">と</wf>
         <wf lemma="し" pos="X">し</wf>
         <wf lemma="た" pos="X">た</wf>
         <wf lemma="." pos="X">.</wf>
      </sentence>
      <sentence id="d000.s3451" source="wordnet-japanese">
         <instance id="d000.s3451.t000" lemma="卓越風" pos="NOUN">卓越風</instance>
         <wf lemma="は" pos="X">は</wf>
         <wf lemma="南西" pos="X">南西</wf>
         <wf lemma="から" pos="X">から</wf>
         <wf lemma="である" pos="X">である</wf>
         <wf lemma="." pos="X">.</wf>
      </sentence>
      <sentence id="d000.s3452" source="wordnet-japanese">
         <instance id="d000.s3452.t000" lemma="皮肉" pos="ADJ">皮肉</instance>
         <wf lemma="な" pos="X">な</wf>
         <wf lemma="意見" pos="X">意見</wf>
         <wf lemma="は" pos="X">は</wf>
         <wf lemma="、" pos="X">、</wf>
         <wf lemma="間接的" pos="X">間接的</wf>
         <wf lemma="に" pos="X">に</wf>
         <wf lemma="しばしば" pos="X">しばしば</wf>
         <wf lemma="意図" pos="X">意図</wf>
         <wf lemma="さ" pos="X">さ</wf>
         <wf lemma="れ" pos="X">れ</wf>
         <wf lemma="た" pos="X">た</wf>
         <wf lemma="意味" pos="X">意味</wf>
         <wf lemma="を" pos="X">を</wf>
         <wf lemma="伝える" pos="X">伝える</wf>
         <wf lemma="." pos="X">.</wf>
      </sentence>
      <sentence id="d000.s3453" source="wordnet-japanese">
         <wf lemma="彼女" pos="X">彼女</wf>
         <wf lemma="は" pos="X">は</wf>
         <wf lemma="みんな" pos="X">みんな</wf>
         <wf lemma="のまさ" pos="X">のまさ</wf>
         <wf lemma="に" pos="X">に</wf>
         <wf lemma="前" pos="X">前</wf>
         <wf lemma="で" pos="X">で</wf>
         <instance id="d000.s3453.t000" lemma="ストリップ" pos="NOUN">ストリップ</instance>
         <wf lemma="を" pos="X">を</wf>
         <wf lemma="行っ" pos="X">行っ</wf>
         <wf lemma="た" pos="X">た</wf>
         <wf lemma="." pos="X">.</wf>
      </sentence>
      <sentence id="d000.s3454" source="wordnet-japanese">
         <instance id="d000.s3454.t000" lemma="今日" pos="NOUN">今日</instance>
         <wf lemma="で" pos="X">で</wf>
         <wf lemma="は" pos="X">は</wf>
         <wf lemma="コンピュータ" pos="X">コンピュータ</wf>
         <wf lemma="が" pos="X">が</wf>
         <wf lemma="ある" pos="X">ある</wf>
         <wf lemma="." pos="X">.</wf>
      </sentence>
      <sentence id="d000.s3455" source="wordnet-japanese">
         <wf lemma="彼" pos="X">彼</wf>
         <wf lemma="は" pos="X">は</wf>
         <wf lemma="多く" pos="X">多く</wf>
         <wf lemma="の" pos="X">の</wf>
         <wf lemma="市民" pos="X">市民</wf>
         <wf lemma="から" pos="X">から</wf>
         <wf lemma="の" pos="X">の</wf>
         <wf lemma="一般的" pos="X">一般的</wf>
         <wf lemma="な" pos="X">な</wf>
         <instance id="d000.s3455.t000" lemma="抵抗" pos="NOUN">抵抗</instance>
         <wf lemma="感" pos="X">感</wf>
         <wf lemma="に" pos="X">に</wf>
         <wf lemma="直面" pos="X">直面</wf>
         <wf lemma="し" pos="X">し</wf>
         <wf lemma="た" pos="X">た</wf>
         <wf lemma="." pos="X">.</wf>
      </sentence>
      <sentence id="d000.s3456" source="wordnet-japanese">
         <wf lemma="彼" pos="X">彼</wf>
         <wf lemma="の" pos="X">の</wf>
         <wf lemma="詩" pos="X">詩</wf>
         <wf lemma="へ" pos="X">へ</wf>
         <wf lemma="の" pos="X">の</wf>
         <wf lemma="熱意" pos="X">熱意</wf>
         <wf lemma="が" pos="X">が</wf>
         <instance id="d000.s3456.t000" lemma="伝染" pos="NOUN">伝染</instance>
         <wf lemma="する" pos="X">する</wf>
         <wf lemma="こと" pos="X">こと</wf>
         <wf lemma="." pos="X">.</wf>
      </sentence>
      <sentence id="d000.s3457" source="wordnet-japanese">
         <instance id="d000.s3457.t000" lemma="気まぐれ" pos="ADJ">気まぐれ</instance>
         <wf lemma="な" pos="X">な</wf>
         <wf lemma="夏" pos="X">夏</wf>
         <wf lemma="の" pos="X">の</wf>
         <wf lemma="微風" pos="X">微風</wf>
         <wf lemma="." pos="X">.</wf>
      </sentence>
      <sentence id="d000.s3458" source="wordnet-japanese">
         <wf lemma="彼ら" pos="X">彼ら</wf>
         <wf lemma="は" pos="X">は</wf>
         <wf lemma="多く" pos="X">多く</wf>
         <wf lemma="の" pos="X">の</wf>
         <wf lemma="こと" pos="X">こと</wf>
         <wf lemma="について" pos="X">について</wf>
         <instance id="d000.s3458.t000" lemma="話す" pos="VERB">話し</instance>
         <wf lemma="た" pos="X">た</wf>
         <wf lemma="." pos="X">.</wf>
      </sentence>
      <sentence id="d000.s3459" source="wordnet-japanese">
         <wf lemma="産業主義" pos="X">産業主義</wf>
         <wf lemma="によって" pos="X">によって</wf>
         <wf lemma="フランス" pos="X">フランス</wf>
         <wf lemma="革命" pos="X">革命</wf>
         <wf lemma="の" pos="X">の</wf>
         <wf lemma="様々" pos="X">様々</wf>
         <wf lemma="な" pos="X">な</wf>
         <wf lemma="社会的" pos="X">社会的</wf>
         <instance id="d000.s3459.t000" lemma="所産" pos="NOUN">所産</instance>
         <wf lemma="を" pos="X">を</wf>
         <wf lemma="受け入れる" pos="X">受け入れる</wf>
         <wf lemma="用意" pos="X">用意</wf>
         <wf lemma="が" pos="X">が</wf>
         <wf lemma="でき" pos="X">でき</wf>
         <wf lemma="て" pos="X">て</wf>
         <wf lemma="い" pos="X">い</wf>
         <wf lemma="た" pos="X">た</wf>
         <wf lemma="." pos="X">.</wf>
      </sentence>
      <sentence id="d000.s3460" source="wordnet-japanese">
         <wf lemma="被告" pos="X">被告</wf>
         <wf lemma="に対する" pos="X">に対する</wf>
         <wf lemma="証拠" pos="X">証拠</wf>
         <wf lemma="における" pos="X">における</wf>
         <instance id="d000.s3460.t000" lemma="優位" pos="NOUN">優位</instance>
         <wf lemma="." pos="X">.</wf>
      </sentence>
      <sentence id="d000.s3461" source="wordnet-japanese">
         <wf lemma="医学" pos="X">医学</wf>
         <wf lemma="、" pos="X">、</wf>
         <wf lemma="法律" pos="X">法律</wf>
         <wf lemma="と" pos="X">と</wf>
         <wf lemma="教授" pos="X">教授</wf>
         <wf lemma="を" pos="X">を</wf>
         <wf lemma="含む" pos="X">含む</wf>
         <instance id="d000.s3461.t000" lemma="専門的" pos="ADJ">専門的</instance>
         <wf lemma="職業" pos="X">職業</wf>
         <wf lemma="." pos="X">.</wf>
      </sentence>
      <sentence id="d000.s3462" source="wordnet-japanese">
         <wf lemma="膿の" pos="X">膿の</wf>
         <instance id="d000.s3462.t000" lemma="分泌" pos="NOUN">分泌</instance>
         <wf lemma="." pos="X">.</wf>
      </sentence>
      <sentence id="d000.s3463" source="wordnet-japanese">
         <wf lemma="きめ" pos="X">きめ</wf>
         <wf lemma="の" pos="X">の</wf>
         <instance id="d000.s3463.t000" lemma="粗い" pos="ADJ">粗い</instance>
         <wf lemma="肌" pos="X">肌</wf>
         <wf lemma="." pos="X">.</wf>
      </sentence>
      <sentence id="d000.s3464" source="wordnet-japanese">
         <wf lemma="ブレイク" pos="X">ブレイク</wf>
         <wf lemma="の" pos="X">の</wf>
         <instance id="d000.s3464.t000" lemma="神秘的" pos="ADJ">神秘的</instance>
         <wf lemma="な" pos="X">な</wf>
         <wf lemma="スタイル" pos="X">スタイル</wf>
         <wf lemma="." pos="X">.</wf>
      </sentence>
      <sentence id="d000.s3465" source="wordnet-japanese">
         <wf lemma="彼" pos="X">彼</wf>
         <wf lemma="は" pos="X">は</wf>
         <wf lemma="2" pos="X">2</wf>
         <wf lemma="点" pos="X">点</wf>
         <wf lemma="を" pos="X">を</wf>
         <wf lemma="結ぶ" pos="X">結ぶ</wf>
         <wf lemma="最短" pos="X">最短</wf>
         <wf lemma="の" pos="X">の</wf>
         <wf lemma="線分" pos="X">線分</wf>
         <wf lemma="の" pos="X">の</wf>
         <instance id="d000.s3465.t000" lemma="長さ" pos="NOUN">長さ</instance>
         <wf lemma="を" pos="X">を</wf>
         <wf lemma="確定" pos="X">確定</wf>
         <wf lemma="し" pos="X">し</wf>
         <wf lemma="た" pos="X">た</wf>
         <wf lemma="." pos="X">.</wf>
      </sentence>
      <sentence id="d000.s3466" source="wordnet-japanese">
         <instance id="d000.s3466.t000" lemma="安価" pos="ADJ">安価</instance>
         <wf lemma="な" pos="X">な</wf>
         <wf lemma="ファミリーレストラン" pos="X">ファミリーレストラン</wf>
         <wf lemma="." pos="X">.</wf>
      </sentence>
      <sentence id="d000.s3467" source="wordnet-japanese">
         <instance id="d000.s3467.t000" lemma="年少" pos="ADJ">年少</instance>
         <wf lemma="の" pos="X">の</wf>
         <wf lemma="ファッション" pos="X">ファッション</wf>
         <wf lemma="." pos="X">.</wf>
      </sentence>
      <sentence id="d000.s3468" source="wordnet-japanese">
         <instance id="d000.s3468.t000" lemma="キック" pos="NOUN">キック</instance>
         <wf lemma="は" pos="X">は</wf>
         <wf lemma="腕" pos="X">腕</wf>
         <wf lemma="の" pos="X">の</wf>
         <wf lemma="動き" pos="X">動き</wf>
         <wf lemma="と" pos="X">と</wf>
         <wf lemma="同時" pos="X">同時</wf>
         <wf lemma="に" pos="X">に</wf>
         <wf lemma="行わ" pos="X">行わ</wf>
         <wf lemma="なければ" pos="X">なければ</wf>
         <wf lemma="なら" pos="X">なら</wf>
         <wf lemma="ない" pos="X">ない</wf>
         <wf lemma="." pos="X">.</wf>
      </sentence>
      <sentence id="d000.s3469" source="wordnet-japanese">
         <wf lemma="彼" pos="X">彼</wf>
         <wf lemma="は" pos="X">は</wf>
         <instance id="d000.s3469.t000" lemma="賭け" pos="NOUN">賭け</instance>
         <wf lemma="で" pos="X">で</wf>
         <wf lemma="それ" pos="X">それ</wf>
         <wf lemma="を" pos="X">を</wf>
         <wf lemma="し" pos="X">し</wf>
         <wf lemma="た" pos="X">た</wf>
         <wf lemma="." pos="X">.</wf>
      </sentence>
      <sentence id="d000.s3470" source="wordnet-japanese">
         <wf lemma="彼" pos="X">彼</wf>
         <wf lemma="は" pos="X">は</wf>
         <wf lemma="印象的" pos="X">印象的</wf>
         <wf lemma="な" pos="X">な</wf>
         <instance id="d000.s3470.t000" lemma="事実" pos="NOUN">事実</instance>
         <wf lemma="の" pos="X">の</wf>
         <wf lemma="列挙" pos="X">列挙</wf>
         <wf lemma="で" pos="X">で</wf>
         <wf lemma="その" pos="X">その</wf>
         <wf lemma="議論" pos="X">議論</wf>
         <wf lemma="を" pos="X">を</wf>
         <wf lemma="支え" pos="X">支え</wf>
         <wf lemma="た" pos="X">た</wf>
         <wf lemma="." pos="X">.</wf>
      </sentence>
      <sentence id="d000.s3471" source="wordnet-japanese">
         <wf lemma="大西洋" pos="X">大西洋</wf>
         <wf lemma="を" pos="X">を</wf>
         <wf lemma="小さい" pos="X">小さい</wf>
         <wf lemma="ボート" pos="X">ボート</wf>
         <wf lemma="で" pos="X">で</wf>
         <wf lemma="横断" pos="X">横断</wf>
         <wf lemma="する" pos="X">する</wf>
         <instance id="d000.s3471.t000" lemma="危険" pos="ADJ">危険</instance>
         <wf lemma="な" pos="X">な</wf>
         <wf lemma="船旅" pos="X">船旅</wf>
         <wf lemma="." pos="X">.</wf>
      </sentence>
      <sentence id="d000.s3472" source="wordnet-japanese">
         <instance id="d000.s3472.t000" lemma="高価" pos="ADJ">高価</instance>
         <wf lemma="な" pos="X">な</wf>
         <wf lemma="レストラン" pos="X">レストラン</wf>
         <wf lemma="." pos="X">.</wf>
      </sentence>
      <sentence id="d000.s3473" source="wordnet-japanese">
         <wf lemma="砂漠" pos="X">砂漠</wf>
         <wf lemma="の" pos="X">の</wf>
         <wf lemma="広大" pos="X">広大</wf>
         <wf lemma="な" pos="X">な</wf>
         <instance id="d000.s3473.t000" lemma="範囲" pos="NOUN">範囲</instance>
         <wf lemma="." pos="X">.</wf>
      </sentence>
      <sentence id="d000.s3474" source="wordnet-japanese">
         <wf lemma="週末" pos="X">週末</wf>
         <wf lemma="に" pos="X">に</wf>
         <wf lemma="子供" pos="X">子供</wf>
         <wf lemma="たち" pos="X">たち</wf>
         <wf lemma="を" pos="X">を</wf>
         <instance id="d000.s3474.t000" lemma="預ける" pos="VERB">預ける</instance>
         <wf lemma="こと" pos="X">こと</wf>
         <wf lemma="が" pos="X">が</wf>
         <wf lemma="でき" pos="X">でき</wf>
         <wf lemma="ます" pos="X">ます</wf>
         <wf lemma="か" pos="X">か</wf>
         <wf lemma="？" pos="X">？</wf>
         <wf lemma="." pos="X">.</wf>
      </sentence>
      <sentence id="d000.s3475" source="wordnet-japanese">
         <wf lemma="彼ら" pos="X">彼ら</wf>
         <wf lemma="は" pos="X">は</wf>
         <wf lemma="モスクワ" pos="X">モスクワ</wf>
         <wf lemma="から" pos="X">から</wf>
         <wf lemma="の" pos="X">の</wf>
         <wf lemma="公" pos="X">公</wf>
         <wf lemma="の" pos="X">の</wf>
         <instance id="d000.s3475.t000" lemma="伝達" pos="NOUN">伝達</instance>
         <wf lemma="なし" pos="X">なし</wf>
         <wf lemma="で" pos="X">で</wf>
         <wf lemma="は" pos="X">は</wf>
         <wf lemma="行動" pos="X">行動</wf>
         <wf lemma="でき" pos="X">でき</wf>
         <wf lemma="なかっ" pos="X">なかっ</wf>
         <wf lemma="た" pos="X">た</wf>
         <wf lemma="." pos="X">.</wf>
      </sentence>
      <sentence id="d000.s3476" source="wordnet-japanese">
         <wf lemma="彼女" pos="X">彼女</wf>
         <wf lemma="の" pos="X">の</wf>
         <wf lemma="生気" pos="X">生気</wf>
         <wf lemma="は" pos="X">は</wf>
         <instance id="d000.s3476.t000" lemma="衰える" pos="VERB">衰え</instance>
         <wf lemma="て" pos="X">て</wf>
         <wf lemma="い" pos="X">い</wf>
         <wf lemma="た" pos="X">た</wf>
         <wf lemma="." pos="X">.</wf>
      </sentence>
      <sentence id="d000.s3477" source="wordnet-japanese">
         <wf lemma="投票" pos="X">投票</wf>
         <wf lemma="処理" pos="X">処理</wf>
         <wf lemma="は" pos="X">は</wf>
         <wf lemma="人々" pos="X">人々</wf>
         <wf lemma="が" pos="X">が</wf>
         <wf lemma="思っ" pos="X">思っ</wf>
         <wf lemma="た" pos="X">た</wf>
         <wf lemma="ほど" pos="X">ほど</wf>
         <wf lemma="よく" pos="X">よく</wf>
         <instance id="d000.s3477.t000" lemma="利く" pos="VERB">利か</instance>
         <wf lemma="ない" pos="X">ない</wf>
         <wf lemma="." pos="X">.</wf>
      </sentence>
      <sentence id="d000.s3478" source="wordnet-japanese">
         <wf lemma="麻薬" pos="X">麻薬</wf>
         <wf lemma="は" pos="X">は</wf>
         <wf lemma="治療" pos="X">治療</wf>
         <wf lemma="でき" pos="X">でき</wf>
         <wf lemma="ない" pos="X">ない</wf>
         <instance id="d000.s3478.t000" lemma="病気" pos="NOUN">病気</instance>
         <wf lemma="に" pos="X">に</wf>
         <wf lemma="なっ" pos="X">なっ</wf>
         <wf lemma="た" pos="X">た</wf>
         <wf lemma="." pos="X">.</wf>
      </sentence>
      <sentence id="d000.s3479" source="wordnet-japanese">
         <wf lemma="彼女" pos="X">彼女</wf>
         <wf lemma="は" pos="X">は</wf>
         <wf lemma="バナナ" pos="X">バナナ</wf>
         <wf lemma="を" pos="X">を</wf>
         <instance id="d000.s3479.t000" lemma="食べる" pos="VERB">食べ</instance>
         <wf lemma="て" pos="X">て</wf>
         <wf lemma="い" pos="X">い</wf>
         <wf lemma="た" pos="X">た</wf>
         <wf lemma="." pos="X">.</wf>
      </sentence>
      <sentence id="d000.s3480" source="wordnet-japanese">
         <wf lemma="彼女" pos="X">彼女</wf>
         <wf lemma="は" pos="X">は</wf>
         <wf lemma="ドレス" pos="X">ドレス</wf>
         <wf lemma="に" pos="X">に</wf>
         <wf lemma="十分" pos="X">十分</wf>
         <wf lemma="な" pos="X">な</wf>
         <instance id="d000.s3480.t000" lemma="生地" pos="NOUN">生地</instance>
         <wf lemma="を" pos="X">を</wf>
         <wf lemma="測っ" pos="X">測っ</wf>
         <wf lemma="て" pos="X">て</wf>
         <wf lemma="切っ" pos="X">切っ</wf>
         <wf lemma="た" pos="X">た</wf>
         <wf lemma="." pos="X">.</wf>
      </sentence>
      <sentence id="d000.s3481" source="wordnet-japanese">
         <wf lemma="発展" pos="X">発展</wf>
         <wf lemma="の" pos="X">の</wf>
         <wf lemma="2" pos="X">2</wf>
         <wf lemma="つ" pos="X">つ</wf>
         <wf lemma="の" pos="X">の</wf>
         <instance id="d000.s3481.t000" lemma="流れ" pos="NOUN">流れ</instance>
         <wf lemma="が" pos="X">が</wf>
         <wf lemma="アメリカ" pos="X">アメリカ</wf>
         <wf lemma="史" pos="X">史</wf>
         <wf lemma="を" pos="X">を</wf>
         <wf lemma="貫い" pos="X">貫い</wf>
         <wf lemma="て" pos="X">て</wf>
         <wf lemma="いる" pos="X">いる</wf>
         <wf lemma="." pos="X">.</wf>
      </sentence>
      <sentence id="d000.s3482" source="wordnet-japanese">
         <wf lemma="礼" pos="X">礼</wf>
         <wf lemma="儀" pos="X">儀</wf>
         <instance id="d000.s3482.t000" lemma="正しい" pos="ADJ">正しい</instance>
         <wf lemma="行い" pos="X">行い</wf>
         <wf lemma="." pos="X">.</wf>
      </sentence>
      <sentence id="d000.s3483" source="wordnet-japanese">
         <wf lemma="鋭敏" pos="X">鋭敏</wf>
         <wf lemma="な" pos="X">な</wf>
         <wf lemma="音楽的" pos="X">音楽的</wf>
         <instance id="d000.s3483.t000" lemma="感覚" pos="NOUN">感覚</instance>
         <wf lemma="." pos="X">.</wf>
      </sentence>
      <sentence id="d000.s3484" source="wordnet-japanese">
         <wf lemma="テレビ" pos="X">テレビ</wf>
         <wf lemma="で" pos="X">で</wf>
         <wf lemma="ショー" pos="X">ショー</wf>
         <wf lemma="を" pos="X">を</wf>
         <instance id="d000.s3484.t000" lemma="見る" pos="VERB">見</instance>
         <wf lemma="て" pos="X">て</wf>
         <wf lemma="ください" pos="X">ください</wf>
         <wf lemma="." pos="X">.</wf>
      </sentence>
      <sentence id="d000.s3485" source="wordnet-japanese">
         <wf lemma="これ" pos="X">これ</wf>
         <wf lemma="は" pos="X">は</wf>
         <instance id="d000.s3485.t000" lemma="科学的" pos="ADV">科学的</instance>
         <wf lemma="に" pos="X">に</wf>
         <wf lemma="興味深い" pos="X">興味深い</wf>
         <wf lemma="." pos="X">.</wf>
      </sentence>
      <sentence id="d000.s3486" source="wordnet-japanese">
         <instance id="d000.s3486.t000" lemma="ロック" pos="NOUN">ロック</instance>
         <wf lemma="は" pos="X">は</wf>
         <wf lemma="、" pos="X">、</wf>
         <wf lemma="ロックンロール" pos="X">ロックンロール</wf>
         <wf lemma="から" pos="X">から</wf>
         <wf lemma="進化" pos="X">進化</wf>
         <wf lemma="し" pos="X">し</wf>
         <wf lemma="た" pos="X">た</wf>
         <wf lemma="スタイル" pos="X">スタイル</wf>
         <wf lemma="の" pos="X">の</wf>
         <wf lemma="範囲" pos="X">範囲</wf>
         <wf lemma="の" pos="X">の</wf>
         <wf lemma="総称語" pos="X">総称語</wf>
         <wf lemma="である" pos="X">である</wf>
         <wf lemma="." pos="X">.</wf>
      </sentence>
      <sentence id="d000.s3487" source="wordnet-japanese">
         <wf lemma="怠惰" pos="X">怠惰</wf>
         <wf lemma="は" pos="X">は</wf>
         <wf lemma="働く" pos="X">働く</wf>
         <wf lemma="こと" pos="X">こと</wf>
         <wf lemma="に対して" pos="X">に対して</wf>
         <wf lemma="気" pos="X">気</wf>
         <wf lemma="が" pos="X">が</wf>
         <wf lemma="進ま" pos="X">進ま</wf>
         <instance id="d000.s3487.t000" lemma="ない" pos="ADV">ない</instance>
         <wf lemma="という" pos="X">という</wf>
         <wf lemma="こと" pos="X">こと</wf>
         <wf lemma="から" pos="X">から</wf>
         <wf lemma="怠ける" pos="X">怠ける</wf>
         <wf lemma="という" pos="X">という</wf>
         <wf lemma="特色" pos="X">特色</wf>
         <wf lemma="である" pos="X">である</wf>
         <wf lemma="." pos="X">.</wf>
      </sentence>
      <sentence id="d000.s3488" source="wordnet-japanese">
         <wf lemma="2" pos="X">2</wf>
         <wf lemma="つ" pos="X">つ</wf>
         <wf lemma="の" pos="X">の</wf>
         <wf lemma="断面" pos="X">断面</wf>
         <wf lemma="が" pos="X">が</wf>
         <instance id="d000.s3488.t000" lemma="合う" pos="VERB">合う</instance>
         <wf lemma="." pos="X">.</wf>
      </sentence>
      <sentence id="d000.s3489" source="wordnet-japanese">
         <wf lemma="私" pos="X">私</wf>
         <wf lemma="は" pos="X">は</wf>
         <wf lemma="彼" pos="X">彼</wf>
         <wf lemma="の" pos="X">の</wf>
         <wf lemma="状況" pos="X">状況</wf>
         <wf lemma="から" pos="X">から</wf>
         <wf lemma="自分" pos="X">自分</wf>
         <wf lemma="自身" pos="X">自身</wf>
         <wf lemma="を" pos="X">を</wf>
         <instance id="d000.s3489.t000" lemma="はっきり" pos="ADV">はっきり</instance>
         <wf lemma="と" pos="X">と</wf>
         <wf lemma="見る" pos="X">見る</wf>
         <wf lemma="こと" pos="X">こと</wf>
         <wf lemma="が" pos="X">が</wf>
         <wf lemma="でき" pos="X">でき</wf>
         <wf lemma="た" pos="X">た</wf>
         <wf lemma="." pos="X">.</wf>
      </sentence>
      <sentence id="d000.s3490" source="wordnet-japanese">
         <wf lemma="あせ" pos="X">あせ</wf>
         <wf lemma="も" pos="X">も</wf>
         <wf lemma="の" pos="X">の</wf>
         <wf lemma="事例" pos="X">事例</wf>
         <wf lemma="に" pos="X">に</wf>
         <instance id="d000.s3490.t000" lemma="効果的" pos="ADJ">効果的</instance>
         <wf lemma="で" pos="X">で</wf>
         <wf lemma="ある" pos="X">ある</wf>
         <wf lemma="ローション" pos="X">ローション</wf>
         <wf lemma="." pos="X">.</wf>
      </sentence>
      <sentence id="d000.s3491" source="wordnet-japanese">
         <wf lemma="何" pos="X">何</wf>
         <wf lemma="でも" pos="X">でも</wf>
         <instance id="d000.s3491.t000" lemma="可能" pos="ADJ">可能</instance>
         <wf lemma="で" pos="X">で</wf>
         <wf lemma="ある" pos="X">ある</wf>
         <wf lemma="." pos="X">.</wf>
      </sentence>
      <sentence id="d000.s3492" source="wordnet-japanese">
         <instance id="d000.s3492.t000" lemma="大食い" pos="ADJ">大食い</instance>
         <wf lemma="の" pos="X">の</wf>
         <wf lemma="ハゲワシ" pos="X">ハゲワシ</wf>
         <wf lemma="." pos="X">.</wf>
      </sentence>
      <sentence id="d000.s3493" source="wordnet-japanese">
         <wf lemma="危険" pos="X">危険</wf>
         <wf lemma="が" pos="X">が</wf>
         <wf lemma="彼" pos="X">彼</wf>
         <wf lemma="の" pos="X">の</wf>
         <wf lemma="識別" pos="X">識別</wf>
         <instance id="d000.s3493.t000" lemma="能力" pos="NOUN">能力</instance>
         <wf lemma="を" pos="X">を</wf>
         <wf lemma="高め" pos="X">高め</wf>
         <wf lemma="た" pos="X">た</wf>
         <wf lemma="." pos="X">.</wf>
      </sentence>
      <sentence id="d000.s3494" source="wordnet-japanese">
         <wf lemma="彼女" pos="X">彼女</wf>
         <wf lemma="は" pos="X">は</wf>
         <wf lemma="、" pos="X">、</wf>
         <wf lemma="今年" pos="X">今年</wf>
         <wf lemma="、" pos="X">、</wf>
         <wf lemma="50" pos="X">50</wf>
         <wf lemma="に" pos="X">に</wf>
         <instance id="d000.s3494.t000" lemma="なる" pos="VERB">なる</instance>
         <wf lemma="." pos="X">.</wf>
      </sentence>
      <sentence id="d000.s3495" source="wordnet-japanese">
         <wf lemma="彼" pos="X">彼</wf>
         <wf lemma="は" pos="X">は</wf>
         <wf lemma="私" pos="X">私</wf>
         <wf lemma="の" pos="X">の</wf>
         <wf lemma="思考" pos="X">思考</wf>
         <wf lemma="の" pos="X">の</wf>
         <wf lemma="中" pos="X">中</wf>
         <wf lemma="で" pos="X">で</wf>
         <wf lemma="特別" pos="X">特別</wf>
         <wf lemma="な" pos="X">な</wf>
         <instance id="d000.s3495.t000" lemma="場所" pos="NOUN">場所</instance>
         <wf lemma="を" pos="X">を</wf>
         <wf lemma="占め" pos="X">占め</wf>
         <wf lemma="て" pos="X">て</wf>
         <wf lemma="いる" pos="X">いる</wf>
         <wf lemma="." pos="X">.</wf>
      </sentence>
      <sentence id="d000.s3496" source="wordnet-japanese">
         <wf lemma="彼" pos="X">彼</wf>
         <wf lemma="は" pos="X">は</wf>
         <wf lemma="その" pos="X">その</wf>
         <wf lemma="資産" pos="X">資産</wf>
         <wf lemma="の" pos="X">の</wf>
         <wf lemma="すべて" pos="X">すべて</wf>
         <wf lemma="の" pos="X">の</wf>
         <wf lemma="工場" pos="X">工場</wf>
         <wf lemma="を" pos="X">を</wf>
         <instance id="d000.s3496.t000" lemma="監査" pos="NOUN">監査</instance>
         <wf lemma="し" pos="X">し</wf>
         <wf lemma="た" pos="X">た</wf>
         <wf lemma="." pos="X">.</wf>
      </sentence>
      <sentence id="d000.s3497" source="wordnet-japanese">
         <instance id="d000.s3497.t000" lemma="忠告" pos="NOUN">忠告</instance>
         <wf lemma="の" pos="X">の</wf>
         <wf lemma="彼" pos="X">彼</wf>
         <wf lemma="の" pos="X">の</wf>
         <wf lemma="最後" pos="X">最後</wf>
         <wf lemma="の" pos="X">の</wf>
         <wf lemma="言葉" pos="X">言葉</wf>
         <wf lemma="は" pos="X">は</wf>
         <wf lemma="マッチ" pos="X">マッチ</wf>
         <wf lemma="で" pos="X">で</wf>
         <wf lemma="遊ぶ" pos="X">遊ぶ</wf>
         <wf lemma="な" pos="X">な</wf>
         <wf lemma="という" pos="X">という</wf>
         <wf lemma="こと" pos="X">こと</wf>
         <wf lemma="であっ" pos="X">であっ</wf>
         <wf lemma="た" pos="X">た</wf>
         <wf lemma="." pos="X">.</wf>
      </sentence>
      <sentence id="d000.s3498" source="wordnet-japanese">
         <wf lemma="その" pos="X">その</wf>
         <wf lemma="絨毯" pos="X">絨毯</wf>
         <wf lemma="は" pos="X">は</wf>
         <wf lemma="青く" pos="X">青く</wf>
         <wf lemma="て" pos="X">て</wf>
         <wf lemma="広い" pos="X">広い</wf>
         <instance id="d000.s3498.t000" lemma="縁" pos="NOUN">縁</instance>
         <wf lemma="が" pos="X">が</wf>
         <wf lemma="つい" pos="X">つい</wf>
         <wf lemma="て" pos="X">て</wf>
         <wf lemma="い" pos="X">い</wf>
         <wf lemma="た" pos="X">た</wf>
         <wf lemma="." pos="X">.</wf>
      </sentence>
      <sentence id="d000.s3499" source="wordnet-japanese">
         <wf lemma="彼ら" pos="X">彼ら</wf>
         <wf lemma="は" pos="X">は</wf>
         <wf lemma="ドア" pos="X">ドア</wf>
         <wf lemma="の" pos="X">の</wf>
         <wf lemma="下" pos="X">下</wf>
         <wf lemma="に" pos="X">に</wf>
         <wf lemma="猫用" pos="X">猫用</wf>
         <wf lemma="の" pos="X">の</wf>
         <wf lemma="小さな" pos="X">小さな</wf>
         <instance id="d000.s3499.t000" lemma="隙間" pos="NOUN">隙間</instance>
         <wf lemma="を" pos="X">を</wf>
         <wf lemma="残し" pos="X">残し</wf>
         <wf lemma="て" pos="X">て</wf>
         <wf lemma="おい" pos="X">おい</wf>
         <wf lemma="た" pos="X">た</wf>
         <wf lemma="." pos="X">.</wf>
      </sentence>
      <sentence id="d000.s3500" source="wordnet-japanese">
         <wf lemma="これら" pos="X">これら</wf>
         <wf lemma="の" pos="X">の</wf>
         <wf lemma="数" pos="X">数</wf>
         <wf lemma="を" pos="X">を</wf>
         <wf lemma="合計" pos="X">合計</wf>
         <wf lemma="する" pos="X">する</wf>
         <wf lemma="とき" pos="X">とき</wf>
         <wf lemma="、" pos="X">、</wf>
         <wf lemma="あなた" pos="X">あなた</wf>
         <wf lemma="は" pos="X">は</wf>
         <wf lemma="何" pos="X">何</wf>
         <wf lemma="を" pos="X">を</wf>
         <instance id="d000.s3500.t000" lemma="得る" pos="VERB">得</instance>
         <wf lemma="ます" pos="X">ます</wf>
         <wf lemma="か" pos="X">か</wf>
         <wf lemma="？" pos="X">？</wf>
         <wf lemma="." pos="X">.</wf>
      </sentence>
      <sentence id="d000.s3501" source="wordnet-japanese">
         <wf lemma="彼ら" pos="X">彼ら</wf>
         <wf lemma="は" pos="X">は</wf>
         <wf lemma="市長" pos="X">市長</wf>
         <wf lemma="の" pos="X">の</wf>
         <wf lemma="演説" pos="X">演説</wf>
         <wf lemma="を" pos="X">を</wf>
         <wf lemma="印刷" pos="X">印刷</wf>
         <wf lemma="し" pos="X">し</wf>
         <wf lemma="た" pos="X">た</wf>
         <instance id="d000.s3501.t000" lemma="テキスト" pos="NOUN">テキスト</instance>
         <wf lemma="を" pos="X">を</wf>
         <wf lemma="配っ" pos="X">配っ</wf>
         <wf lemma="た" pos="X">た</wf>
         <wf lemma="." pos="X">.</wf>
      </sentence>
      <sentence id="d000.s3502" source="wordnet-japanese">
         <instance id="d000.s3502.t000" lemma="いっそう" pos="ADV">いっそう</instance>
         <wf lemma="悲しい" pos="X">悲しい</wf>
         <wf lemma="物語" pos="X">物語</wf>
         <wf lemma="." pos="X">.</wf>
      </sentence>
      <sentence id="d000.s3503" source="wordnet-japanese">
         <wf lemma="銃" pos="X">銃</wf>
         <wf lemma="を" pos="X">を</wf>
         <instance id="d000.s3503.t000" lemma="抜く" pos="VERB">抜く</instance>
         <wf lemma="." pos="X">.</wf>
      </sentence>
      <sentence id="d000.s3504" source="wordnet-japanese">
         <instance id="d000.s3504.t000" lemma="よく" pos="ADV">よく</instance>
         <wf lemma="味付け" pos="X">味付け</wf>
         <wf lemma="さ" pos="X">さ</wf>
         <wf lemma="れ" pos="X">れ</wf>
         <wf lemma="た" pos="X">た</wf>
         <wf lemma="料理" pos="X">料理</wf>
         <wf lemma="." pos="X">.</wf>
      </sentence>
      <sentence id="d000.s3505" source="wordnet-japanese">
         <wf lemma="きつい" pos="X">きつい</wf>
         <wf lemma="仕事" pos="X">仕事</wf>
         <wf lemma="が" pos="X">が</wf>
         <instance id="d000.s3505.t000" lemma="できる" pos="ADJ">できる</instance>
         <wf lemma="." pos="X">.</wf>
      </sentence>
      <sentence id="d000.s3506" source="wordnet-japanese">
         <wf lemma="彼" pos="X">彼</wf>
         <wf lemma="は" pos="X">は</wf>
         <wf lemma="、" pos="X">、</wf>
         <wf lemma="空" pos="X">空</wf>
         <wf lemma="の" pos="X">の</wf>
         <wf lemma="駐車場" pos="X">駐車場</wf>
         <wf lemma="を" pos="X">を</wf>
         <instance id="d000.s3506.t000" lemma="指す" pos="VERB">指さ</instance>
         <wf lemma="し" pos="X">し</wf>
         <wf lemma="た" pos="X">た</wf>
         <wf lemma="." pos="X">.</wf>
      </sentence>
      <sentence id="d000.s3507" source="wordnet-japanese">
         <wf lemma="彼ら" pos="X">彼ら</wf>
         <wf lemma="は" pos="X">は</wf>
         <wf lemma="彼女" pos="X">彼女</wf>
         <wf lemma="の" pos="X">の</wf>
         <wf lemma="小説" pos="X">小説</wf>
         <wf lemma="の" pos="X">の</wf>
         <wf lemma="長所" pos="X">長所</wf>
         <wf lemma="と" pos="X">と</wf>
         <instance id="d000.s3507.t000" lemma="欠点" pos="NOUN">欠点</instance>
         <wf lemma="を" pos="X">を</wf>
         <wf lemma="論議" pos="X">論議</wf>
         <wf lemma="し" pos="X">し</wf>
         <wf lemma="た" pos="X">た</wf>
         <wf lemma="." pos="X">.</wf>
      </sentence>
      <sentence id="d000.s3508" source="wordnet-japanese">
         <wf lemma="流血" pos="X">流血</wf>
         <wf lemma="を" pos="X">を</wf>
         <instance id="d000.s3508.t000" lemma="止める" pos="VERB">止め</instance>
         <wf lemma="て" pos="X">て</wf>
         <wf lemma="ください" pos="X">ください</wf>
         <wf lemma="." pos="X">.</wf>
      </sentence>
      <sentence id="d000.s3509" source="wordnet-japanese">
         <instance id="d000.s3509.t000" lemma="ドラマチック" pos="ADJ">ドラマチック</instance>
         <wf lemma="な" pos="X">な</wf>
         <wf lemma="テナー" pos="X">テナー</wf>
         <wf lemma="." pos="X">.</wf>
      </sentence>
      <sentence id="d000.s3510" source="wordnet-japanese">
         <wf lemma="カリフラワー" pos="X">カリフラワー</wf>
         <wf lemma="の" pos="X">の</wf>
         <instance id="d000.s3510.t000" lemma="結球" pos="NOUN">結球</instance>
         <wf lemma="." pos="X">.</wf>
      </sentence>
      <sentence id="d000.s3511" source="wordnet-japanese">
         <wf lemma="植物" pos="X">植物</wf>
         <wf lemma="は" pos="X">は</wf>
         <wf lemma="塩水" pos="X">塩水</wf>
         <wf lemma="に対して" pos="X">に対して</wf>
         <instance id="d000.s3511.t000" lemma="耐性" pos="ADJ">耐性</instance>
         <wf lemma="が" pos="X">が</wf>
         <wf lemma="ある" pos="X">ある</wf>
         <wf lemma="." pos="X">.</wf>
      </sentence>
      <sentence id="d000.s3512" source="wordnet-japanese">
         <wf lemma="彼" pos="X">彼</wf>
         <wf lemma="は" pos="X">は</wf>
         <wf lemma="、" pos="X">、</wf>
         <wf lemma="保険" pos="X">保険</wf>
         <wf lemma="の" pos="X">の</wf>
         <wf lemma="ため" pos="X">ため</wf>
         <wf lemma="に" pos="X">に</wf>
         <wf lemma="ちょうど" pos="X">ちょうど</wf>
         <wf lemma="余分" pos="X">余分</wf>
         <wf lemma="な" pos="X">な</wf>
         <instance id="d000.s3512.t000" lemma="ラップ" pos="NOUN">ラップ</instance>
         <wf lemma="を" pos="X">を</wf>
         <wf lemma="走行" pos="X">走行</wf>
         <wf lemma="し" pos="X">し</wf>
         <wf lemma="た" pos="X">た</wf>
         <wf lemma="." pos="X">.</wf>
      </sentence>
      <sentence id="d000.s3513" source="wordnet-japanese">
         <wf lemma="私" pos="X">私</wf>
         <wf lemma="は" pos="X">は</wf>
         <wf lemma="ジッパー" pos="X">ジッパー</wf>
         <wf lemma="ワイヤー" pos="X">ワイヤー</wf>
         <wf lemma="を" pos="X">を</wf>
         <instance id="d000.s3513.t000" lemma="言う" pos="VERB">言う</instance>
         <wf lemma="こと" pos="X">こと</wf>
         <wf lemma="が" pos="X">が</wf>
         <wf lemma="でき" pos="X">でき</wf>
         <wf lemma="ない" pos="X">ない</wf>
         <wf lemma="." pos="X">.</wf>
      </sentence>
      <sentence id="d000.s3514" source="wordnet-japanese">
         <instance id="d000.s3514.t000" lemma="卑しい" pos="ADJ">卑しい</instance>
         <wf lemma="教区" pos="X">教区</wf>
         <wf lemma="司祭" pos="X">司祭</wf>
         <wf lemma="." pos="X">.</wf>
      </sentence>
      <sentence id="d000.s3515" source="wordnet-japanese">
         <wf lemma="ビジター" pos="X">ビジター</wf>
         <wf lemma="の" pos="X">の</wf>
         <wf lemma="チーム" pos="X">チーム</wf>
         <wf lemma="が" pos="X">が</wf>
         <instance id="d000.s3515.t000" lemma="シリーズ" pos="NOUN">シリーズ</instance>
         <wf lemma="に" pos="X">に</wf>
         <wf lemma="全勝" pos="X">全勝</wf>
         <wf lemma="し" pos="X">し</wf>
         <wf lemma="た" pos="X">た</wf>
         <wf lemma="." pos="X">.</wf>
      </sentence>
      <sentence id="d000.s3516" source="wordnet-japanese">
         <wf lemma="彼" pos="X">彼</wf>
         <wf lemma="は" pos="X">は</wf>
         <wf lemma="9" pos="X">9</wf>
         <wf lemma="回" pos="X">回</wf>
         <wf lemma="続け" pos="X">続け</wf>
         <wf lemma="て" pos="X">て</wf>
         <instance id="d000.s3516.t000" lemma="ボール" pos="NOUN">ボール</instance>
         <wf lemma="を" pos="X">を</wf>
         <wf lemma="投げ" pos="X">投げ</wf>
         <wf lemma="、" pos="X">、</wf>
         <wf lemma="監督" pos="X">監督</wf>
         <wf lemma="に" pos="X">に</wf>
         <wf lemma="降ろ" pos="X">降ろ</wf>
         <wf lemma="さ" pos="X">さ</wf>
         <wf lemma="れ" pos="X">れ</wf>
         <wf lemma="た" pos="X">た</wf>
         <wf lemma="." pos="X">.</wf>
      </sentence>
      <sentence id="d000.s3517" source="wordnet-japanese">
         <wf lemma="軍隊" pos="X">軍隊</wf>
         <wf lemma="を" pos="X">を</wf>
         <wf lemma="導く" pos="X">導く</wf>
         <wf lemma="ビクトリー" pos="X">ビクトリー</wf>
         <wf lemma="の" pos="X">の</wf>
         <instance id="d000.s3517.t000" lemma="寓意的" pos="ADJ">寓意的</instance>
         <wf lemma="な" pos="X">な</wf>
         <wf lemma="絵" pos="X">絵</wf>
         <wf lemma="." pos="X">.</wf>
      </sentence>
      <sentence id="d000.s3518" source="wordnet-japanese">
         <wf lemma="南部" pos="X">南部</wf>
         <wf lemma="連合軍" pos="X">連合軍</wf>
         <wf lemma="は" pos="X">は</wf>
         <instance id="d000.s3518.t000" lemma="灰色" pos="NOUN">灰色</instance>
         <wf lemma="の" pos="X">の</wf>
         <wf lemma="大集団" pos="X">大集団</wf>
         <wf lemma="だっ" pos="X">だっ</wf>
         <wf lemma="た" pos="X">た</wf>
         <wf lemma="." pos="X">.</wf>
      </sentence>
      <sentence id="d000.s3519" source="wordnet-japanese">
         <wf lemma="血液" pos="X">血液</wf>
         <wf lemma="の" pos="X">の</wf>
         <wf lemma="損失" pos="X">損失</wf>
         <wf lemma="は" pos="X">は</wf>
         <instance id="d000.s3519.t000" lemma="衝撃" pos="NOUN">衝撃</instance>
         <wf lemma="の" pos="X">の</wf>
         <wf lemma="重要" pos="X">重要</wf>
         <wf lemma="な" pos="X">な</wf>
         <wf lemma="要因" pos="X">要因</wf>
         <wf lemma="である" pos="X">である</wf>
         <wf lemma="." pos="X">.</wf>
      </sentence>
      <sentence id="d000.s3520" source="wordnet-japanese">
         <instance id="d000.s3520.t000" lemma="芸術" pos="NOUN">芸術</instance>
         <wf lemma="は" pos="X">は</wf>
         <wf lemma="優秀" pos="X">優秀</wf>
         <wf lemma="である" pos="X">である</wf>
         <wf lemma="ため" pos="X">ため</wf>
         <wf lemma="に" pos="X">に</wf>
         <wf lemma="は" pos="X">は</wf>
         <wf lemma="革新的" pos="X">革新的</wf>
         <wf lemma="で" pos="X">で</wf>
         <wf lemma="ある" pos="X">ある</wf>
         <wf lemma="必要" pos="X">必要</wf>
         <wf lemma="は" pos="X">は</wf>
         <wf lemma="ない" pos="X">ない</wf>
         <wf lemma="." pos="X">.</wf>
      </sentence>
      <sentence id="d000.s3521" source="wordnet-japanese">
         <instance id="d000.s3521.t000" lemma="穏やか" pos="ADJ">穏やか</instance>
         <wf lemma="な" pos="X">な</wf>
         <wf lemma="青い空" pos="X">青い空</wf>
         <wf lemma="を" pos="X">を</wf>
         <wf lemma="反射" pos="X">反射</wf>
         <wf lemma="し" pos="X">し</wf>
         <wf lemma="て" pos="X">て</wf>
         <wf lemma="いる" pos="X">いる</wf>
         <wf lemma="穏やか" pos="X">穏やか</wf>
         <wf lemma="な" pos="X">な</wf>
         <wf lemma="青い" pos="X">青い</wf>
         <wf lemma="水" pos="X">水</wf>
         <wf lemma="の" pos="X">の</wf>
         <wf lemma="湖" pos="X">湖</wf>
         <wf lemma="." pos="X">.</wf>
      </sentence>
      <sentence id="d000.s3522" source="wordnet-japanese">
         <instance id="d000.s3522.t000" lemma="濃い" pos="ADJ">濃い</instance>
         <wf lemma="髪" pos="X">髪</wf>
         <wf lemma="の" pos="X">の</wf>
         <wf lemma="毛" pos="X">毛</wf>
         <wf lemma="." pos="X">.</wf>
      </sentence>
      <sentence id="d000.s3523" source="wordnet-japanese">
         <instance id="d000.s3523.t000" lemma="保険" pos="NOUN">保険</instance>
         <wf lemma="は" pos="X">は</wf>
         <wf lemma="病気" pos="X">病気</wf>
         <wf lemma="による" pos="X">による</wf>
         <wf lemma="給与" pos="X">給与</wf>
         <wf lemma="喪失" pos="X">喪失</wf>
         <wf lemma="に対する" pos="X">に対する</wf>
         <wf lemma="保護策" pos="X">保護策</wf>
         <wf lemma="と" pos="X">と</wf>
         <wf lemma="なっ" pos="X">なっ</wf>
         <wf lemma="た" pos="X">た</wf>
         <wf lemma="." pos="X">.</wf>
      </sentence>
      <sentence id="d000.s3524" source="wordnet-japanese">
         <instance id="d000.s3524.t000" lemma="大きい" pos="ADJ">大きい</instance>
         <wf lemma="（" pos="X">（</wf>
         <wf lemma="また" pos="X">また</wf>
         <wf lemma="は" pos="X">は</wf>
         <wf lemma="大きい" pos="X">大きい</wf>
         <wf lemma="）納屋" pos="X">）納屋</wf>
         <wf lemma="." pos="X">.</wf>
      </sentence>
      <sentence id="d000.s3525" source="wordnet-japanese">
         <wf lemma="最高" pos="X">最高</wf>
         <wf lemma="の" pos="X">の</wf>
         <wf lemma="脚本巻" pos="X">脚本巻</wf>
         <wf lemma="、" pos="X">、</wf>
         <instance id="d000.s3525.t000" lemma="無修正" pos="ADJ">無修正</instance>
         <wf lemma="−" pos="X">−</wf>
         <wf lemma="ハヴェロック" pos="X">ハヴェロック</wf>
         <wf lemma="・" pos="X">・</wf>
         <wf lemma="エリス" pos="X">エリス</wf>
         <wf lemma="." pos="X">.</wf>
      </sentence>
      <sentence id="d000.s3526" source="wordnet-japanese">
         <wf lemma="彼" pos="X">彼</wf>
         <wf lemma="の" pos="X">の</wf>
         <wf lemma="息づかい" pos="X">息づかい</wf>
         <wf lemma="の" pos="X">の</wf>
         <instance id="d000.s3526.t000" lemma="均一" pos="ADJ">均一</instance>
         <wf lemma="な" pos="X">な</wf>
         <wf lemma="リズム" pos="X">リズム</wf>
         <wf lemma="." pos="X">.</wf>
      </sentence>
      <sentence id="d000.s3527" source="wordnet-japanese">
         <wf lemma="『" pos="X">『</wf>
         <wf lemma="gloomful" pos="X">gloomful</wf>
         <wf lemma="（" pos="X">（</wf>
         <instance id="d000.s3527.t000" lemma="陰気" pos="ADJ">陰気</instance>
         <wf lemma="さ）" pos="X">さ）</wf>
         <wf lemma="』" pos="X">』</wf>
         <wf lemma="は" pos="X">は</wf>
         <wf lemma="古語" pos="X">古語</wf>
         <wf lemma="である" pos="X">である</wf>
         <wf lemma="." pos="X">.</wf>
      </sentence>
      <sentence id="d000.s3528" source="wordnet-japanese">
         <wf lemma="彼ら" pos="X">彼ら</wf>
         <wf lemma="は" pos="X">は</wf>
         <wf lemma="夕食" pos="X">夕食</wf>
         <wf lemma="後" pos="X">後</wf>
         <wf lemma="、" pos="X">、</wf>
         <wf lemma="テニス" pos="X">テニス</wf>
         <wf lemma="を" pos="X">を</wf>
         <wf lemma="2" pos="X">2</wf>
         <instance id="d000.s3528.t000" lemma="セット" pos="NOUN">セット</instance>
         <wf lemma="やっ" pos="X">やっ</wf>
         <wf lemma="た" pos="X">た</wf>
         <wf lemma="." pos="X">.</wf>
      </sentence>
      <sentence id="d000.s3529" source="wordnet-japanese">
         <wf lemma="彼" pos="X">彼</wf>
         <wf lemma="は" pos="X">は</wf>
         <wf lemma="新しい" pos="X">新しい</wf>
         <wf lemma="部門" pos="X">部門</wf>
         <wf lemma="の" pos="X">の</wf>
         <instance id="d000.s3529.t000" lemma="組織" pos="NOUN">組織</instance>
         <wf lemma="を" pos="X">を</wf>
         <wf lemma="監督" pos="X">監督</wf>
         <wf lemma="する" pos="X">する</wf>
         <wf lemma="ため" pos="X">ため</wf>
         <wf lemma="に" pos="X">に</wf>
         <wf lemma="連れ" pos="X">連れ</wf>
         <wf lemma="て" pos="X">て</wf>
         <wf lemma="こら" pos="X">こら</wf>
         <wf lemma="れ" pos="X">れ</wf>
         <wf lemma="た" pos="X">た</wf>
         <wf lemma="." pos="X">.</wf>
      </sentence>
      <sentence id="d000.s3530" source="wordnet-japanese">
         <wf lemma="彼ら" pos="X">彼ら</wf>
         <wf lemma="は" pos="X">は</wf>
         <wf lemma="地球" pos="X">地球</wf>
         <wf lemma="外生物" pos="X">外生物</wf>
         <wf lemma="と" pos="X">と</wf>
         <instance id="d000.s3530.t000" lemma="接触" pos="NOUN">接触</instance>
         <wf lemma="し" pos="X">し</wf>
         <wf lemma="て" pos="X">て</wf>
         <wf lemma="いる" pos="X">いる</wf>
         <wf lemma="と" pos="X">と</wf>
         <wf lemma="主張" pos="X">主張</wf>
         <wf lemma="し" pos="X">し</wf>
         <wf lemma="た" pos="X">た</wf>
         <wf lemma="." pos="X">.</wf>
      </sentence>
      <sentence id="d000.s3531" source="wordnet-japanese">
         <wf lemma="会計係" pos="X">会計係</wf>
         <wf lemma="は" pos="X">は</wf>
         <wf lemma="、" pos="X">、</wf>
         <wf lemma="財政" pos="X">財政</wf>
         <wf lemma="結果" pos="X">結果</wf>
         <wf lemma="の" pos="X">の</wf>
         <instance id="d000.s3531.t000" lemma="概要" pos="NOUN">概要</instance>
         <wf lemma="を" pos="X">を</wf>
         <wf lemma="提供" pos="X">提供</wf>
         <wf lemma="し" pos="X">し</wf>
         <wf lemma="た" pos="X">た</wf>
         <wf lemma="." pos="X">.</wf>
      </sentence>
      <sentence id="d000.s3532" source="wordnet-japanese">
         <instance id="d000.s3532.t000" lemma="ゲーム" pos="NOUN">ゲーム</instance>
         <wf lemma="は" pos="X">は</wf>
         <wf lemma="すべて" pos="X">すべて</wf>
         <wf lemma="6" pos="X">6</wf>
         <wf lemma="である" pos="X">である</wf>
         <wf lemma="." pos="X">.</wf>
      </sentence>
      <sentence id="d000.s3533" source="wordnet-japanese">
         <wf lemma="それ" pos="X">それ</wf>
         <wf lemma="は" pos="X">は</wf>
         <wf lemma="町" pos="X">町</wf>
         <wf lemma="の" pos="X">の</wf>
         <instance id="d000.s3533.t000" lemma="中心部" pos="NOUN">中心部</instance>
         <wf lemma="に" pos="X">に</wf>
         <wf lemma="ある" pos="X">ある</wf>
         <wf lemma="." pos="X">.</wf>
      </sentence>
      <sentence id="d000.s3534" source="wordnet-japanese">
         <wf lemma="私" pos="X">私</wf>
         <wf lemma="は" pos="X">は</wf>
         <wf lemma="今日" pos="X">今日</wf>
         <wf lemma="の" pos="X">の</wf>
         <wf lemma="特別" pos="X">特別</wf>
         <wf lemma="な" pos="X">な</wf>
         <wf lemma="物" pos="X">物</wf>
         <wf lemma="を" pos="X">を</wf>
         <instance id="d000.s3534.t000" lemma="尋ねる" pos="VERB">尋ね</instance>
         <wf lemma="た" pos="X">た</wf>
         <wf lemma="." pos="X">.</wf>
      </sentence>
      <sentence id="d000.s3535" source="wordnet-japanese">
         <wf lemma="我々" pos="X">我々</wf>
         <wf lemma="は" pos="X">は</wf>
         <wf lemma="、" pos="X">、</wf>
         <wf lemma="正午" pos="X">正午</wf>
         <wf lemma="まで" pos="X">まで</wf>
         <wf lemma="に" pos="X">に</wf>
         <wf lemma="デトロイト" pos="X">デトロイト</wf>
         <wf lemma="に" pos="X">に</wf>
         <instance id="d000.s3535.t000" lemma="着く" pos="VERB">着い</instance>
         <wf lemma="た" pos="X">た</wf>
         <wf lemma="." pos="X">.</wf>
      </sentence>
      <sentence id="d000.s3536" source="wordnet-japanese">
         <wf lemma="英国" pos="X">英国</wf>
         <wf lemma="で" pos="X">で</wf>
         <wf lemma="は" pos="X">は</wf>
         <instance id="d000.s3536.t000" lemma="アイスキャンディー" pos="NOUN">アイスキャンディー</instance>
         <wf lemma="を" pos="X">を</wf>
         <wf lemma="アイスローリー" pos="X">アイスローリー</wf>
         <wf lemma="という" pos="X">という</wf>
         <wf lemma="." pos="X">.</wf>
      </sentence>
      <sentence id="d000.s3537" source="wordnet-japanese">
         <wf lemma="将軍" pos="X">将軍</wf>
         <wf lemma="は" pos="X">は</wf>
         <wf lemma="いつも" pos="X">いつも</wf>
         <wf lemma="彼" pos="X">彼</wf>
         <wf lemma="の" pos="X">の</wf>
         <wf lemma="軍" pos="X">軍</wf>
         <wf lemma="を" pos="X">を</wf>
         <instance id="d000.s3537.t000" lemma="勝利" pos="NOUN">勝利</instance>
         <wf lemma="に" pos="X">に</wf>
         <wf lemma="導い" pos="X">導い</wf>
         <wf lemma="て" pos="X">て</wf>
         <wf lemma="名声" pos="X">名声</wf>
         <wf lemma="を" pos="X">を</wf>
         <wf lemma="博し" pos="X">博し</wf>
         <wf lemma="て" pos="X">て</wf>
         <wf lemma="いる" pos="X">いる</wf>
         <wf lemma="." pos="X">.</wf>
      </sentence>
      <sentence id="d000.s3538" source="wordnet-japanese">
         <wf lemma="広告" pos="X">広告</wf>
         <wf lemma="を" pos="X">を</wf>
         <instance id="d000.s3538.t000" lemma="読む" pos="VERB">読ん</instance>
         <wf lemma="で" pos="X">で</wf>
         <wf lemma="ください" pos="X">ください</wf>
         <wf lemma="." pos="X">.</wf>
      </sentence>
      <sentence id="d000.s3539" source="wordnet-japanese">
         <instance id="d000.s3539.t000" lemma="権利" pos="NOUN">権利</instance>
         <wf lemma="は" pos="X">は</wf>
         <wf lemma="、" pos="X">、</wf>
         <wf lemma="誰" pos="X">誰</wf>
         <wf lemma="か" pos="X">か</wf>
         <wf lemma="が" pos="X">が</wf>
         <wf lemma="あなた" pos="X">あなた</wf>
         <wf lemma="に" pos="X">に</wf>
         <wf lemma="与える" pos="X">与える</wf>
         <wf lemma="という" pos="X">という</wf>
         <wf lemma="もの" pos="X">もの</wf>
         <wf lemma="で" pos="X">で</wf>
         <wf lemma="は" pos="X">は</wf>
         <wf lemma="ない" pos="X">ない</wf>
         <wf lemma="；" pos="X">；</wf>
         <wf lemma="それ" pos="X">それ</wf>
         <wf lemma="は" pos="X">は</wf>
         <wf lemma="誰" pos="X">誰</wf>
         <wf lemma="も" pos="X">も</wf>
         <wf lemma="取り上げる" pos="X">取り上げる</wf>
         <wf lemma="こと" pos="X">こと</wf>
         <wf lemma="が" pos="X">が</wf>
         <wf lemma="でき" pos="X">でき</wf>
         <wf lemma="ない" pos="X">ない</wf>
         <wf lemma="もの" pos="X">もの</wf>
         <wf lemma="である" pos="X">である</wf>
         <wf lemma="." pos="X">.</wf>
      </sentence>
      <sentence id="d000.s3540" source="wordnet-japanese">
         <wf lemma="樹皮" pos="X">樹皮</wf>
         <wf lemma="に" pos="X">に</wf>
         <wf lemma="名前" pos="X">名前</wf>
         <wf lemma="を" pos="X">を</wf>
         <instance id="d000.s3540.t000" lemma="彫る" pos="VERB">彫る</instance>
         <wf lemma="." pos="X">.</wf>
      </sentence>
      <sentence id="d000.s3541" source="wordnet-japanese">
         <instance id="d000.s3541.t000" lemma="鋭い" pos="ADJ">鋭い</instance>
         <wf lemma="コメント" pos="X">コメント</wf>
         <wf lemma="." pos="X">.</wf>
      </sentence>
      <sentence id="d000.s3542" source="wordnet-japanese">
         <instance id="d000.s3542.t000" lemma="温暖" pos="ADJ">温暖</instance>
         <wf lemma="な" pos="X">な</wf>
         <wf lemma="地域" pos="X">地域</wf>
         <wf lemma="." pos="X">.</wf>
      </sentence>
      <sentence id="d000.s3543" source="wordnet-japanese">
         <instance id="d000.s3543.t000" lemma="失業" pos="NOUN">失業</instance>
         <wf lemma="は" pos="X">は</wf>
         <wf lemma="深刻" pos="X">深刻</wf>
         <wf lemma="な" pos="X">な</wf>
         <wf lemma="社会" pos="X">社会</wf>
         <wf lemma="悪" pos="X">悪</wf>
         <wf lemma="である" pos="X">である</wf>
         <wf lemma="." pos="X">.</wf>
      </sentence>
      <sentence id="d000.s3544" source="wordnet-japanese">
         <instance id="d000.s3544.t000" lemma="悪性" pos="ADJ">悪性</instance>
         <wf lemma="の" pos="X">の</wf>
         <wf lemma="病気" pos="X">病気</wf>
         <wf lemma="." pos="X">.</wf>
      </sentence>
      <sentence id="d000.s3545" source="wordnet-japanese">
         <wf lemma="彼" pos="X">彼</wf>
         <wf lemma="は" pos="X">は</wf>
         <wf lemma="手" pos="X">手</wf>
         <wf lemma="を" pos="X">を</wf>
         <instance id="d000.s3545.t000" lemma="差し出す" pos="VERB">差し出し</instance>
         <wf lemma="た" pos="X">た</wf>
         <wf lemma="." pos="X">.</wf>
      </sentence>
      <sentence id="d000.s3546" source="wordnet-japanese">
         <wf lemma="それ" pos="X">それ</wf>
         <wf lemma="は" pos="X">は</wf>
         <wf lemma="ペナント" pos="X">ペナント</wf>
         <wf lemma="を" pos="X">を</wf>
         <wf lemma="得る" pos="X">得る</wf>
         <instance id="d000.s3546.t000" lemma="希望" pos="NOUN">希望</instance>
         <wf lemma="を" pos="X">を</wf>
         <wf lemma="よみがえ" pos="X">よみがえ</wf>
         <wf lemma="らせ" pos="X">らせ</wf>
         <wf lemma="た" pos="X">た</wf>
         <wf lemma="." pos="X">.</wf>
      </sentence>
      <sentence id="d000.s3547" source="wordnet-japanese">
         <wf lemma="水" pos="X">水</wf>
         <wf lemma="に" pos="X">に</wf>
         <wf lemma="は" pos="X">は</wf>
         <instance id="d000.s3547.t000" lemma="不純物" pos="NOUN">不純物</instance>
         <wf lemma="が" pos="X">が</wf>
         <wf lemma="含まれ" pos="X">含まれ</wf>
         <wf lemma="て" pos="X">て</wf>
         <wf lemma="い" pos="X">い</wf>
         <wf lemma="た" pos="X">た</wf>
         <wf lemma="." pos="X">.</wf>
      </sentence>
      <sentence id="d000.s3548" source="wordnet-japanese">
         <wf lemma="金属" pos="X">金属</wf>
         <wf lemma="の" pos="X">の</wf>
         <instance id="d000.s3548.t000" lemma="堅い" pos="ADJ">堅い</instance>
         <wf lemma="片" pos="X">片</wf>
         <wf lemma="." pos="X">.</wf>
      </sentence>
      <sentence id="d000.s3549" source="wordnet-japanese">
         <wf lemma="死" pos="X">死</wf>
         <wf lemma="に対する" pos="X">に対する</wf>
         <wf lemma="子供" pos="X">子供</wf>
         <wf lemma="の" pos="X">の</wf>
         <instance id="d000.s3549.t000" lemma="不自然" pos="ADJ">不自然</instance>
         <wf lemma="な" pos="X">な</wf>
         <wf lemma="関心" pos="X">関心</wf>
         <wf lemma="." pos="X">.</wf>
      </sentence>
      <sentence id="d000.s3550" source="wordnet-japanese">
         <wf lemma="アオカケス" pos="X">アオカケス</wf>
         <wf lemma="の" pos="X">の</wf>
         <instance id="d000.s3550.t000" lemma="しつこい" pos="ADJ">しつこい</instance>
         <wf lemma="鳴き声" pos="X">鳴き声</wf>
         <wf lemma="." pos="X">.</wf>
      </sentence>
      <sentence id="d000.s3551" source="wordnet-japanese">
         <instance id="d000.s3551.t000" lemma="かつて" pos="ADV">かつて</instance>
         <wf lemma="、" pos="X">、</wf>
         <wf lemma="彼" pos="X">彼</wf>
         <wf lemma="は" pos="X">は</wf>
         <wf lemma="彼女" pos="X">彼女</wf>
         <wf lemma="を" pos="X">を</wf>
         <wf lemma="愛し" pos="X">愛し</wf>
         <wf lemma="て" pos="X">て</wf>
         <wf lemma="い" pos="X">い</wf>
         <wf lemma="た" pos="X">た</wf>
         <wf lemma="." pos="X">.</wf>
      </sentence>
      <sentence id="d000.s3552" source="wordnet-japanese">
         <wf lemma="静か" pos="X">静か</wf>
         <wf lemma="な" pos="X">な</wf>
         <instance id="d000.s3552.t000" lemma="小さい" pos="ADJ">小さい</instance>
         <wf lemma="声" pos="X">声</wf>
         <wf lemma="." pos="X">.</wf>
      </sentence>
      <sentence id="d000.s3553" source="wordnet-japanese">
         <wf lemma="その" pos="X">その</wf>
         <wf lemma="一塁手" pos="X">一塁手</wf>
         <wf lemma="は" pos="X">は</wf>
         <wf lemma="15" pos="X">15</wf>
         <wf lemma="件" pos="X">件</wf>
         <wf lemma="の" pos="X">の</wf>
         <instance id="d000.s3553.t000" lemma="アウト" pos="NOUN">アウト</instance>
         <wf lemma="を" pos="X">を</wf>
         <wf lemma="取っ" pos="X">取っ</wf>
         <wf lemma="た" pos="X">た</wf>
         <wf lemma="." pos="X">.</wf>
      </sentence>
      <sentence id="d000.s3554" source="wordnet-japanese">
         <wf lemma="27" pos="X">27</wf>
         <wf lemma="と" pos="X">と</wf>
         <wf lemma="49" pos="X">49</wf>
         <wf lemma="を" pos="X">を</wf>
         <instance id="d000.s3554.t000" lemma="加える" pos="VERB">加え</instance>
         <wf lemma="て" pos="X">て</wf>
         <wf lemma="ください" pos="X">ください</wf>
         <wf lemma="！" pos="X">！</wf>
         <wf lemma="." pos="X">.</wf>
      </sentence>
      <sentence id="d000.s3555" source="wordnet-japanese">
         <wf lemma="質問" pos="X">質問</wf>
         <wf lemma="に" pos="X">に</wf>
         <instance id="d000.s3555.t000" lemma="答える" pos="VERB">答える</instance>
         <wf lemma="." pos="X">.</wf>
      </sentence>
      <sentence id="d000.s3556" source="wordnet-japanese">
         <wf lemma="大統領" pos="X">大統領</wf>
         <wf lemma="は" pos="X">は</wf>
         <wf lemma="もはや" pos="X">もはや</wf>
         <wf lemma="自分" pos="X">自分</wf>
         <wf lemma="の" pos="X">の</wf>
         <wf lemma="政党" pos="X">政党</wf>
         <wf lemma="から" pos="X">から</wf>
         <wf lemma="の" pos="X">の</wf>
         <instance id="d000.s3556.t000" lemma="支持" pos="NOUN">支持</instance>
         <wf lemma="を" pos="X">を</wf>
         <wf lemma="受け" pos="X">受け</wf>
         <wf lemma="て" pos="X">て</wf>
         <wf lemma="い" pos="X">い</wf>
         <wf lemma="なかっ" pos="X">なかっ</wf>
         <wf lemma="た" pos="X">た</wf>
         <wf lemma="." pos="X">.</wf>
      </sentence>
      <sentence id="d000.s3557" source="wordnet-japanese">
         <instance id="d000.s3557.t000" lemma="謙虚" pos="ADJ">謙虚</instance>
         <wf lemma="な" pos="X">な</wf>
         <wf lemma="謝罪" pos="X">謝罪</wf>
         <wf lemma="." pos="X">.</wf>
      </sentence>
      <sentence id="d000.s3558" source="wordnet-japanese">
         <wf lemma="火事" pos="X">火事</wf>
         <wf lemma="の" pos="X">の</wf>
         <wf lemma="後" pos="X">後</wf>
         <wf lemma="、" pos="X">、</wf>
         <wf lemma="森" pos="X">森</wf>
         <wf lemma="の" pos="X">の</wf>
         <instance id="d000.s3558.t000" lemma="回復" pos="NOUN">回復</instance>
         <wf lemma="は" pos="X">は</wf>
         <wf lemma="驚く" pos="X">驚く</wf>
         <wf lemma="ほど" pos="X">ほど</wf>
         <wf lemma="早かっ" pos="X">早かっ</wf>
         <wf lemma="た" pos="X">た</wf>
         <wf lemma="." pos="X">.</wf>
      </sentence>
      <sentence id="d000.s3559" source="wordnet-japanese">
         <wf lemma="2" pos="X">2</wf>
         <wf lemma="個" pos="X">個</wf>
         <wf lemma="の" pos="X">の</wf>
         <wf lemma="歩兵" pos="X">歩兵</wf>
         <instance id="d000.s3559.t000" lemma="師団" pos="NOUN">師団</instance>
         <wf lemma="が" pos="X">が</wf>
         <wf lemma="予備軍" pos="X">予備軍</wf>
         <wf lemma="と" pos="X">と</wf>
         <wf lemma="し" pos="X">し</wf>
         <wf lemma="て" pos="X">て</wf>
         <wf lemma="控え" pos="X">控え</wf>
         <wf lemma="て" pos="X">て</wf>
         <wf lemma="い" pos="X">い</wf>
         <wf lemma="た" pos="X">た</wf>
         <wf lemma="." pos="X">.</wf>
      </sentence>
      <sentence id="d000.s3560" source="wordnet-japanese">
         <wf lemma="誰" pos="X">誰</wf>
         <wf lemma="も" pos="X">も</wf>
         <wf lemma="が" pos="X">が</wf>
         <wf lemma="その" pos="X">その</wf>
         <instance id="d000.s3560.t000" lemma="プール" pos="NOUN">プール</instance>
         <wf lemma="賭博" pos="X">賭博</wf>
         <wf lemma="に" pos="X">に</wf>
         <wf lemma="参加" pos="X">参加</wf>
         <wf lemma="し" pos="X">し</wf>
         <wf lemma="た" pos="X">た</wf>
         <wf lemma="." pos="X">.</wf>
      </sentence>
      <sentence id="d000.s3561" source="wordnet-japanese">
         <wf lemma="その" pos="X">その</wf>
         <wf lemma="レポーター" pos="X">レポーター</wf>
         <wf lemma="は" pos="X">は</wf>
         <wf lemma="その" pos="X">その</wf>
         <wf lemma="話" pos="X">話</wf>
         <wf lemma="に対して" pos="X">に対して</wf>
         <wf lemma="2" pos="X">2</wf>
         <wf lemma="つ" pos="X">つ</wf>
         <wf lemma="の" pos="X">の</wf>
         <instance id="d000.s3561.t000" lemma="情報源" pos="NOUN">情報源</instance>
         <wf lemma="を" pos="X">を</wf>
         <wf lemma="持っ" pos="X">持っ</wf>
         <wf lemma="て" pos="X">て</wf>
         <wf lemma="い" pos="X">い</wf>
         <wf lemma="た" pos="X">た</wf>
         <wf lemma="." pos="X">.</wf>
      </sentence>
      <sentence id="d000.s3562" source="wordnet-japanese">
         <instance id="d000.s3562.t000" lemma="高い" pos="ADJ">高い</instance>
         <wf lemma="リスク" pos="X">リスク</wf>
         <wf lemma="." pos="X">.</wf>
      </sentence>
      <sentence id="d000.s3563" source="wordnet-japanese">
         <wf lemma="彼女" pos="X">彼女</wf>
         <wf lemma="は" pos="X">は</wf>
         <wf lemma="、" pos="X">、</wf>
         <wf lemma="フェミニスト" pos="X">フェミニスト</wf>
         <wf lemma="運動" pos="X">運動</wf>
         <wf lemma="に" pos="X">に</wf>
         <instance id="d000.s3563.t000" lemma="従う" pos="VERB">従っ</instance>
         <wf lemma="た" pos="X">た</wf>
         <wf lemma="." pos="X">.</wf>
      </sentence>
      <sentence id="d000.s3564" source="wordnet-japanese">
         <wf lemma="梯子" pos="X">梯子</wf>
         <wf lemma="を" pos="X">を</wf>
         <instance id="d000.s3564.t000" lemma="登る" pos="VERB">登る</instance>
         <wf lemma="." pos="X">.</wf>
      </sentence>
      <sentence id="d000.s3565" source="wordnet-japanese">
         <instance id="d000.s3565.t000" lemma="不法" pos="ADJ">不法</instance>
         <wf lemma="ストライキ" pos="X">ストライキ</wf>
         <wf lemma="." pos="X">.</wf>
      </sentence>
      <sentence id="d000.s3566" source="wordnet-japanese">
         <wf lemma="彼女" pos="X">彼女</wf>
         <wf lemma="は" pos="X">は</wf>
         <instance id="d000.s3566.t000" lemma="かつて" pos="ADV">かつて</instance>
         <wf lemma="ダンサー" pos="X">ダンサー</wf>
         <wf lemma="だっ" pos="X">だっ</wf>
         <wf lemma="た" pos="X">た</wf>
         <wf lemma="." pos="X">.</wf>
      </sentence>
      <sentence id="d000.s3567" source="wordnet-japanese">
         <instance id="d000.s3567.t000" lemma="潜在的" pos="ADJ">潜在的</instance>
         <wf lemma="な" pos="X">な</wf>
         <wf lemma="問題" pos="X">問題</wf>
         <wf lemma="." pos="X">.</wf>
      </sentence>
      <sentence id="d000.s3568" source="wordnet-japanese">
         <wf lemma="彼" pos="X">彼</wf>
         <wf lemma="の" pos="X">の</wf>
         <wf lemma="キャンペーン" pos="X">キャンペーン</wf>
         <wf lemma="は" pos="X">は</wf>
         <wf lemma="、" pos="X">、</wf>
         <wf lemma="非難" pos="X">非難</wf>
         <wf lemma="と" pos="X">と</wf>
         <wf lemma="個人的" pos="X">個人的</wf>
         <wf lemma="な" pos="X">な</wf>
         <wf lemma="攻撃" pos="X">攻撃</wf>
         <wf lemma="が" pos="X">が</wf>
         <instance id="d000.s3568.t000" lemma="行き渡る" pos="VERB">行き渡っ</instance>
         <wf lemma="た" pos="X">た</wf>
         <wf lemma="." pos="X">.</wf>
      </sentence>
      <sentence id="d000.s3569" source="wordnet-japanese">
         <instance id="d000.s3569.t000" lemma="率直" pos="ADJ">率直</instance>
         <wf lemma="な" pos="X">な</wf>
         <wf lemma="楽しみ" pos="X">楽しみ</wf>
         <wf lemma="." pos="X">.</wf>
      </sentence>
      <sentence id="d000.s3570" source="wordnet-japanese">
         <wf lemma="コメント" pos="X">コメント</wf>
         <wf lemma="を" pos="X">を</wf>
         <instance id="d000.s3570.t000" lemma="もたらす" pos="VERB">もたらす</instance>
         <wf lemma="." pos="X">.</wf>
      </sentence>
      <sentence id="d000.s3571" source="wordnet-japanese">
         <wf lemma="おそらく" pos="X">おそらく</wf>
         <wf lemma="、" pos="X">、</wf>
         <wf lemma="彼" pos="X">彼</wf>
         <wf lemma="の" pos="X">の</wf>
         <wf lemma="馬" pos="X">馬</wf>
         <wf lemma="が" pos="X">が</wf>
         <wf lemma="、" pos="X">、</wf>
         <wf lemma="彼" pos="X">彼</wf>
         <wf lemma="が" pos="X">が</wf>
         <instance id="d000.s3571.t000" lemma="隠れる" pos="VERB">隠れ</instance>
         <wf lemma="て" pos="X">て</wf>
         <wf lemma="い" pos="X">い</wf>
         <wf lemma="た" pos="X">た</wf>
         <wf lemma="ところ" pos="X">ところ</wf>
         <wf lemma="の" pos="X">の</wf>
         <wf lemma="近く" pos="X">近く</wf>
         <wf lemma="に" pos="X">に</wf>
         <wf lemma="いる" pos="X">いる</wf>
         <wf lemma="." pos="X">.</wf>
      </sentence>
      <sentence id="d000.s3572" source="wordnet-japanese">
         <wf lemma="彼" pos="X">彼</wf>
         <wf lemma="の" pos="X">の</wf>
         <wf lemma="土地" pos="X">土地</wf>
         <wf lemma="に" pos="X">に</wf>
         <instance id="d000.s3572.t000" lemma="安全" pos="ADJ">安全</instance>
         <wf lemma="な" pos="X">な</wf>
         <wf lemma="場所" pos="X">場所</wf>
         <wf lemma="を" pos="X">を</wf>
         <wf lemma="確保" pos="X">確保</wf>
         <wf lemma="し" pos="X">し</wf>
         <wf lemma="た" pos="X">た</wf>
         <wf lemma="." pos="X">.</wf>
      </sentence>
      <sentence id="d000.s3573" source="wordnet-japanese">
         <instance id="d000.s3573.t000" lemma="邪悪" pos="ADJ">邪悪</instance>
         <wf lemma="な" pos="X">な</wf>
         <wf lemma="行為" pos="X">行為</wf>
         <wf lemma="." pos="X">.</wf>
      </sentence>
      <sentence id="d000.s3574" source="wordnet-japanese">
         <wf lemma="彼ら" pos="X">彼ら</wf>
         <wf lemma="は" pos="X">は</wf>
         <instance id="d000.s3574.t000" lemma="反対" pos="ADJ">反対</instance>
         <wf lemma="方向" pos="X">方向</wf>
         <wf lemma="に" pos="X">に</wf>
         <wf lemma="行っ" pos="X">行っ</wf>
         <wf lemma="た" pos="X">た</wf>
         <wf lemma="." pos="X">.</wf>
      </sentence>
      <sentence id="d000.s3575" source="wordnet-japanese">
         <wf lemma="再びなん" pos="X">再びなん</wf>
         <wf lemma="て" pos="X">て</wf>
         <wf lemma="お" pos="X">お</wf>
         <instance id="d000.s3575.t000" lemma="会う" pos="VERB">会い</instance>
         <wf lemma="でき" pos="X">でき</wf>
         <wf lemma="て" pos="X">て</wf>
         <wf lemma="、" pos="X">、</wf>
         <wf lemma="なんて" pos="X">なんて</wf>
         <wf lemma="うれしい" pos="X">うれしい</wf>
         <wf lemma="でしょ" pos="X">でしょ</wf>
         <wf lemma="う" pos="X">う</wf>
         <wf lemma="！" pos="X">！</wf>
         <wf lemma="." pos="X">.</wf>
      </sentence>
      <sentence id="d000.s3576" source="wordnet-japanese">
         <wf lemma="岸" pos="X">岸</wf>
         <wf lemma="に" pos="X">に</wf>
         <wf lemma="向かう" pos="X">向かう</wf>
         <instance id="d000.s3576.t000" lemma="流れ" pos="NOUN">流れ</instance>
         <wf lemma="." pos="X">.</wf>
      </sentence>
      <sentence id="d000.s3577" source="wordnet-japanese">
         <wf lemma="彼" pos="X">彼</wf>
         <wf lemma="は" pos="X">は</wf>
         <wf lemma="多大" pos="X">多大</wf>
         <wf lemma="な" pos="X">な</wf>
         <instance id="d000.s3577.t000" lemma="頭脳" pos="NOUN">頭脳</instance>
         <wf lemma="の" pos="X">の</wf>
         <wf lemma="持ち主" pos="X">持ち主</wf>
         <wf lemma="だ" pos="X">だ</wf>
         <wf lemma="が" pos="X">が</wf>
         <wf lemma="、" pos="X">、</wf>
         <wf lemma="常識" pos="X">常識</wf>
         <wf lemma="に" pos="X">に</wf>
         <wf lemma="欠け" pos="X">欠け</wf>
         <wf lemma="て" pos="X">て</wf>
         <wf lemma="いる" pos="X">いる</wf>
         <wf lemma="." pos="X">.</wf>
      </sentence>
      <sentence id="d000.s3578" source="wordnet-japanese">
         <wf lemma="彼ら" pos="X">彼ら</wf>
         <wf lemma="は" pos="X">は</wf>
         <wf lemma="我々" pos="X">我々</wf>
         <wf lemma="の" pos="X">の</wf>
         <instance id="d000.s3578.t000" lemma="主導" pos="NOUN">主導</instance>
         <wf lemma="に" pos="X">に</wf>
         <wf lemma="従わ" pos="X">従わ</wf>
         <wf lemma="なかっ" pos="X">なかっ</wf>
         <wf lemma="た" pos="X">た</wf>
         <wf lemma="." pos="X">.</wf>
      </sentence>
      <sentence id="d000.s3579" source="wordnet-japanese">
         <wf lemma="言い" pos="X">言い</wf>
         <wf lemma="が" pos="X">が</wf>
         <wf lemma="たかっ" pos="X">たかっ</wf>
         <wf lemma="た" pos="X">た</wf>
         <instance id="d000.s3579.t000" lemma="変" pos="ADJ">変</instance>
         <wf lemma="な" pos="X">な</wf>
         <wf lemma="高揚" pos="X">高揚</wf>
         <wf lemma="." pos="X">.</wf>
      </sentence>
      <sentence id="d000.s3580" source="wordnet-japanese">
         <wf lemma="交渉" pos="X">交渉</wf>
         <wf lemma="の" pos="X">の</wf>
         <wf lemma="複雑" pos="X">複雑</wf>
         <wf lemma="な" pos="X">な</wf>
         <instance id="d000.s3580.t000" lemma="機構" pos="NOUN">機構</instance>
         <wf lemma="." pos="X">.</wf>
      </sentence>
      <sentence id="d000.s3581" source="wordnet-japanese">
         <wf lemma="彼" pos="X">彼</wf>
         <wf lemma="は" pos="X">は</wf>
         <wf lemma="自分" pos="X">自分</wf>
         <wf lemma="の" pos="X">の</wf>
         <instance id="d000.s3581.t000" lemma="ライバル" pos="NOUN">ライバル</instance>
         <wf lemma="を" pos="X">を</wf>
         <wf lemma="尊敬" pos="X">尊敬</wf>
         <wf lemma="し" pos="X">し</wf>
         <wf lemma="た" pos="X">た</wf>
         <wf lemma="." pos="X">.</wf>
      </sentence>
      <sentence id="d000.s3582" source="wordnet-japanese">
         <wf lemma="囚人" pos="X">囚人</wf>
         <wf lemma="は" pos="X">は</wf>
         <instance id="d000.s3582.t000" lemma="拘留" pos="NOUN">拘留</instance>
         <wf lemma="さ" pos="X">さ</wf>
         <wf lemma="れ" pos="X">れ</wf>
         <wf lemma="て" pos="X">て</wf>
         <wf lemma="いる" pos="X">いる</wf>
         <wf lemma="." pos="X">.</wf>
      </sentence>
      <sentence id="d000.s3583" source="wordnet-japanese">
         <wf lemma="海岸" pos="X">海岸</wf>
         <wf lemma="の" pos="X">の</wf>
         <wf lemma="北東" pos="X">北東</wf>
         <wf lemma="の" pos="X">の</wf>
         <instance id="d000.s3583.t000" lemma="進路" pos="NOUN">進路</instance>
         <wf lemma="." pos="X">.</wf>
      </sentence>
      <sentence id="d000.s3584" source="wordnet-japanese">
         <instance id="d000.s3584.t000" lemma="適度" pos="ADJ">適度</instance>
         <wf lemma="な" pos="X">な</wf>
         <wf lemma="サイズ" pos="X">サイズ</wf>
         <wf lemma="の" pos="X">の</wf>
         <wf lemma="台所" pos="X">台所</wf>
         <wf lemma="." pos="X">.</wf>
      </sentence>
      <sentence id="d000.s3585" source="wordnet-japanese">
         <wf lemma="彼" pos="X">彼</wf>
         <wf lemma="は" pos="X">は</wf>
         <instance id="d000.s3585.t000" lemma="家族" pos="NOUN">家族</instance>
         <wf lemma="を" pos="X">を</wf>
         <wf lemma="ヴァージニア" pos="X">ヴァージニア</wf>
         <wf lemma="に" pos="X">に</wf>
         <wf lemma="移し" pos="X">移し</wf>
         <wf lemma="た" pos="X">た</wf>
         <wf lemma="." pos="X">.</wf>
      </sentence>
      <sentence id="d000.s3586" source="wordnet-japanese">
         <wf lemma="ビル" pos="X">ビル</wf>
         <wf lemma="を" pos="X">を</wf>
         <instance id="d000.s3586.t000" lemma="走り回る" pos="VERB">走り回っ</instance>
         <wf lemma="て" pos="X">て</wf>
         <wf lemma="いる" pos="X">いる</wf>
         <wf lemma="これら" pos="X">これら</wf>
         <wf lemma="の" pos="X">の</wf>
         <wf lemma="人々" pos="X">人々</wf>
         <wf lemma="は" pos="X">は</wf>
         <wf lemma="誰" pos="X">誰</wf>
         <wf lemma="だ" pos="X">だ</wf>
         <wf lemma="？" pos="X">？</wf>
         <wf lemma="." pos="X">.</wf>
      </sentence>
      <sentence id="d000.s3587" source="wordnet-japanese">
         <wf lemma="仕事" pos="X">仕事</wf>
         <wf lemma="で" pos="X">で</wf>
         <wf lemma="必要" pos="X">必要</wf>
         <wf lemma="な" pos="X">な</wf>
         <wf lemma="身体" pos="X">身体</wf>
         <instance id="d000.s3587.t000" lemma="運動" pos="NOUN">運動</instance>
         <wf lemma="が" pos="X">が</wf>
         <wf lemma="、" pos="X">、</wf>
         <wf lemma="彼" pos="X">彼</wf>
         <wf lemma="の" pos="X">の</wf>
         <wf lemma="健康" pos="X">健康</wf>
         <wf lemma="を" pos="X">を</wf>
         <wf lemma="維持" pos="X">維持</wf>
         <wf lemma="し" pos="X">し</wf>
         <wf lemma="た" pos="X">た</wf>
         <wf lemma="." pos="X">.</wf>
      </sentence>
      <sentence id="d000.s3588" source="wordnet-japanese">
         <wf lemma="翌日" pos="X">翌日</wf>
         <wf lemma="、" pos="X">、</wf>
         <wf lemma="結果" pos="X">結果</wf>
         <wf lemma="を" pos="X">を</wf>
         <instance id="d000.s3588.t000" lemma="得る" pos="VERB">得</instance>
         <wf lemma="て" pos="X">て</wf>
         <wf lemma="ください" pos="X">ください</wf>
         <wf lemma="." pos="X">.</wf>
      </sentence>
      <sentence id="d000.s3589" source="wordnet-japanese">
         <wf lemma="私" pos="X">私</wf>
         <wf lemma="の" pos="X">の</wf>
         <wf lemma="父" pos="X">父</wf>
         <wf lemma="は" pos="X">は</wf>
         <wf lemma="クリスマス" pos="X">クリスマス</wf>
         <wf lemma="の" pos="X">の</wf>
         <instance id="d000.s3589.t000" lemma="商業化" pos="NOUN">商業化</instance>
         <wf lemma="を" pos="X">を</wf>
         <wf lemma="神聖" pos="X">神聖</wf>
         <wf lemma="冒涜" pos="X">冒涜</wf>
         <wf lemma="と" pos="X">と</wf>
         <wf lemma="考え" pos="X">考え</wf>
         <wf lemma="て" pos="X">て</wf>
         <wf lemma="い" pos="X">い</wf>
         <wf lemma="た" pos="X">た</wf>
         <wf lemma="." pos="X">.</wf>
      </sentence>
      <sentence id="d000.s3590" source="wordnet-japanese">
         <instance id="d000.s3590.t000" lemma="狡猾" pos="ADJ">狡猾</instance>
         <wf lemma="な" pos="X">な</wf>
         <wf lemma="計画" pos="X">計画</wf>
         <wf lemma="." pos="X">.</wf>
      </sentence>
      <sentence id="d000.s3591" source="wordnet-japanese">
         <wf lemma="彼" pos="X">彼</wf>
         <wf lemma="は" pos="X">は</wf>
         <instance id="d000.s3591.t000" lemma="兵卒" pos="NOUN">兵卒</instance>
         <wf lemma="から" pos="X">から</wf>
         <wf lemma="出世" pos="X">出世</wf>
         <wf lemma="し" pos="X">し</wf>
         <wf lemma="て" pos="X">て</wf>
         <wf lemma="、" pos="X">、</wf>
         <wf lemma="大佐" pos="X">大佐</wf>
         <wf lemma="に" pos="X">に</wf>
         <wf lemma="なっ" pos="X">なっ</wf>
         <wf lemma="た" pos="X">た</wf>
         <wf lemma="." pos="X">.</wf>
      </sentence>
      <sentence id="d000.s3592" source="wordnet-japanese">
         <instance id="d000.s3592.t000" lemma="道徳的" pos="ADJ">道徳的</instance>
         <wf lemma="な" pos="X">な</wf>
         <wf lemma="信条" pos="X">信条</wf>
         <wf lemma="." pos="X">.</wf>
      </sentence>
      <sentence id="d000.s3593" source="wordnet-japanese">
         <instance id="d000.s3593.t000" lemma="特に" pos="ADV">特に</instance>
         <wf lemma="恐ろしい" pos="X">恐ろしい</wf>
         <wf lemma="攻撃" pos="X">攻撃</wf>
         <wf lemma="." pos="X">.</wf>
      </sentence>
      <sentence id="d000.s3594" source="wordnet-japanese">
         <wf lemma="俳優" pos="X">俳優</wf>
         <wf lemma="が" pos="X">が</wf>
         <wf lemma="果たす" pos="X">果たす</wf>
         <wf lemma="二" pos="X">二</wf>
         <wf lemma="重" pos="X">重</wf>
         <wf lemma="の" pos="X">の</wf>
         <wf lemma="（" pos="X">（</wf>
         <wf lemma="または" pos="X">または</wf>
         <instance id="d000.s3594.t000" lemma="二元的" pos="ADJ">二元的</instance>
         <wf lemma="な" pos="X">な</wf>
         <wf lemma="）役割" pos="X">）役割</wf>
         <wf lemma="." pos="X">.</wf>
      </sentence>
      <sentence id="d000.s3595" source="wordnet-japanese">
         <wf lemma="スピーチ" pos="X">スピーチ</wf>
         <wf lemma="は" pos="X">は</wf>
         <wf lemma="重々" pos="X">重々</wf>
         <wf lemma="しかっ" pos="X">しかっ</wf>
         <wf lemma="た" pos="X">た</wf>
         <wf lemma="ため" pos="X">ため</wf>
         <wf lemma="、" pos="X">、</wf>
         <wf lemma="受け取り" pos="X">受け取り</wf>
         <wf lemma="手" pos="X">手</wf>
         <wf lemma="も" pos="X">も</wf>
         <instance id="d000.s3595.t000" lemma="重々しい" pos="ADV">重々しく</instance>
         <wf lemma="受け止め" pos="X">受け止め</wf>
         <wf lemma="た" pos="X">た</wf>
         <wf lemma="." pos="X">.</wf>
      </sentence>
      <sentence id="d000.s3596" source="wordnet-japanese">
         <instance id="d000.s3596.t000" lemma="正直" pos="ADV">正直</instance>
         <wf lemma="な" pos="X">な</wf>
         <wf lemma="ところ" pos="X">ところ</wf>
         <wf lemma="、" pos="X">、</wf>
         <wf lemma="私" pos="X">私</wf>
         <wf lemma="は" pos="X">は</wf>
         <wf lemma="それ" pos="X">それ</wf>
         <wf lemma="を" pos="X">を</wf>
         <wf lemma="信じ" pos="X">信じ</wf>
         <wf lemma="ない" pos="X">ない</wf>
         <wf lemma="." pos="X">.</wf>
      </sentence>
      <sentence id="d000.s3597" source="wordnet-japanese">
         <wf lemma="それら" pos="X">それら</wf>
         <wf lemma="は" pos="X">は</wf>
         <wf lemma="、" pos="X">、</wf>
         <wf lemma="全く" pos="X">全く</wf>
         <instance id="d000.s3597.t000" lemma="同様" pos="ADJ">同様</instance>
         <wf lemma="に" pos="X">に</wf>
         <wf lemma="見" pos="X">見</wf>
         <wf lemma="た" pos="X">た</wf>
         <wf lemma="." pos="X">.</wf>
      </sentence>
      <sentence id="d000.s3598" source="wordnet-japanese">
         <instance id="d000.s3598.t000" lemma="勇敢" pos="ADJ">勇敢</instance>
         <wf lemma="な" pos="X">な</wf>
         <wf lemma="兵士" pos="X">兵士</wf>
         <wf lemma="." pos="X">.</wf>
      </sentence>
      <sentence id="d000.s3599" source="wordnet-japanese">
         <wf lemma="敵" pos="X">敵</wf>
         <wf lemma="を" pos="X">を</wf>
         <instance id="d000.s3599.t000" lemma="破る" pos="VERB">破っ</instance>
         <wf lemma="て" pos="X">て</wf>
         <wf lemma="ください" pos="X">ください</wf>
         <wf lemma="." pos="X">.</wf>
      </sentence>
      <sentence id="d000.s3600" source="wordnet-japanese">
         <wf lemma="玉突き" pos="X">玉突き</wf>
         <wf lemma="台" pos="X">台</wf>
         <wf lemma="は" pos="X">は</wf>
         <instance id="d000.s3600.t000" lemma="水平" pos="ADJ">水平</instance>
         <wf lemma="で" pos="X">で</wf>
         <wf lemma="なければ" pos="X">なければ</wf>
         <wf lemma="なら" pos="X">なら</wf>
         <wf lemma="ない" pos="X">ない</wf>
         <wf lemma="." pos="X">.</wf>
      </sentence>
      <sentence id="d000.s3601" source="wordnet-japanese">
         <wf lemma="誕生" pos="X">誕生</wf>
         <wf lemma="と" pos="X">と</wf>
         <wf lemma="死" pos="X">死</wf>
         <wf lemma="の" pos="X">の</wf>
         <instance id="d000.s3601.t000" lemma="間" pos="NOUN">間</instance>
         <wf lemma="." pos="X">.</wf>
      </sentence>
      <sentence id="d000.s3602" source="wordnet-japanese">
         <wf lemma="濡れ" pos="X">濡れ</wf>
         <wf lemma="て" pos="X">て</wf>
         <instance id="d000.s3602.t000" lemma="ぐしょぐしょ" pos="ADJ">ぐしょぐしょ</instance>
         <wf lemma="に" pos="X">に</wf>
         <wf lemma="なっ" pos="X">なっ</wf>
         <wf lemma="た" pos="X">た</wf>
         <wf lemma="低地" pos="X">低地</wf>
         <wf lemma="." pos="X">.</wf>
      </sentence>
      <sentence id="d000.s3603" source="wordnet-japanese">
         <instance id="d000.s3603.t000" lemma="義務的" pos="ADJ">義務的</instance>
         <wf lemma="な" pos="X">な</wf>
         <wf lemma="貢献" pos="X">貢献</wf>
         <wf lemma="." pos="X">.</wf>
      </sentence>
      <sentence id="d000.s3604" source="wordnet-japanese">
         <wf lemma="彼" pos="X">彼</wf>
         <wf lemma="は" pos="X">は</wf>
         <wf lemma="新しい" pos="X">新しい</wf>
         <wf lemma="車" pos="X">車</wf>
         <wf lemma="で" pos="X">で</wf>
         <wf lemma="一家" pos="X">一家</wf>
         <wf lemma="を" pos="X">を</wf>
         <instance id="d000.s3604.t000" lemma="ドライブ" pos="NOUN">ドライブ</instance>
         <wf lemma="に" pos="X">に</wf>
         <wf lemma="連れ" pos="X">連れ</wf>
         <wf lemma="て" pos="X">て</wf>
         <wf lemma="行っ" pos="X">行っ</wf>
         <wf lemma="た" pos="X">た</wf>
         <wf lemma="." pos="X">.</wf>
      </sentence>
      <sentence id="d000.s3605" source="wordnet-japanese">
         <instance id="d000.s3605.t000" lemma="深い" pos="ADJ">深く</instance>
         <wf lemma="て" pos="X">て</wf>
         <wf lemma="目" pos="X">目</wf>
         <wf lemma="を" pos="X">を</wf>
         <wf lemma="覚ます" pos="X">覚ます</wf>
         <wf lemma="こと" pos="X">こと</wf>
         <wf lemma="の" pos="X">の</wf>
         <wf lemma="ない" pos="X">ない</wf>
         <wf lemma="眠り" pos="X">眠り</wf>
         <wf lemma="." pos="X">.</wf>
      </sentence>
      <sentence id="d000.s3606" source="wordnet-japanese">
         <wf lemma="カフカ" pos="X">カフカ</wf>
         <wf lemma="の" pos="X">の</wf>
         <wf lemma="作品" pos="X">作品</wf>
         <wf lemma="を" pos="X">を</wf>
         <wf lemma="評価" pos="X">評価</wf>
         <wf lemma="し" pos="X">し</wf>
         <wf lemma="ない" pos="X">ない</wf>
         <wf lemma="人" pos="X">人</wf>
         <wf lemma="は" pos="X">は</wf>
         <wf lemma="彼" pos="X">彼</wf>
         <wf lemma="の" pos="X">の</wf>
         <wf lemma="作品" pos="X">作品</wf>
         <wf lemma="が" pos="X">が</wf>
         <instance id="d000.s3606.t000" lemma="あいまい" pos="ADJ">あいまい</instance>
         <wf lemma="で" pos="X">で</wf>
         <wf lemma="ある" pos="X">ある</wf>
         <wf lemma="と" pos="X">と</wf>
         <wf lemma="言う" pos="X">言う</wf>
         <wf lemma="." pos="X">.</wf>
      </sentence>
      <sentence id="d000.s3607" source="wordnet-japanese">
         <instance id="d000.s3607.t000" lemma="個人的" pos="ADV">個人的</instance>
         <wf lemma="に" pos="X">に</wf>
         <wf lemma="は" pos="X">は</wf>
         <wf lemma="彼" pos="X">彼</wf>
         <wf lemma="は" pos="X">は</wf>
         <wf lemma="馬鹿" pos="X">馬鹿</wf>
         <wf lemma="である" pos="X">である</wf>
         <wf lemma="と" pos="X">と</wf>
         <wf lemma="思う" pos="X">思う</wf>
         <wf lemma="." pos="X">.</wf>
      </sentence>
      <sentence id="d000.s3608" source="wordnet-japanese">
         <wf lemma="力" pos="X">力</wf>
         <wf lemma="を" pos="X">を</wf>
         <wf lemma="獲得" pos="X">獲得</wf>
         <wf lemma="する" pos="X">する</wf>
         <wf lemma="使用" pos="X">使用</wf>
         <wf lemma="さ" pos="X">さ</wf>
         <wf lemma="れ" pos="X">れ</wf>
         <wf lemma="た" pos="X">た</wf>
         <instance id="d000.s3608.t000" lemma="不正" pos="ADJ">不正</instance>
         <wf lemma="手段" pos="X">手段</wf>
         <wf lemma="." pos="X">.</wf>
      </sentence>
      <sentence id="d000.s3609" source="wordnet-japanese">
         <wf lemma="彼" pos="X">彼</wf>
         <wf lemma="は" pos="X">は</wf>
         <instance id="d000.s3609.t000" lemma="鼻" pos="NOUN">鼻</instance>
         <wf lemma="かぜ" pos="X">かぜ</wf>
         <wf lemma="を" pos="X">を</wf>
         <wf lemma="ひい" pos="X">ひい</wf>
         <wf lemma="て" pos="X">て</wf>
         <wf lemma="いる" pos="X">いる</wf>
         <wf lemma="." pos="X">.</wf>
      </sentence>
      <sentence id="d000.s3610" source="wordnet-japanese">
         <instance id="d000.s3610.t000" lemma="鋭い" pos="ADJ">鋭い</instance>
         <wf lemma="洞察力" pos="X">洞察力</wf>
         <wf lemma="." pos="X">.</wf>
      </sentence>
      <sentence id="d000.s3611" source="wordnet-japanese">
         <wf lemma="あなた" pos="X">あなた</wf>
         <wf lemma="は" pos="X">は</wf>
         <wf lemma="私" pos="X">私</wf>
         <wf lemma="を" pos="X">を</wf>
         <instance id="d000.s3611.t000" lemma="からかう" pos="VERB">からかっ</instance>
         <wf lemma="て" pos="X">て</wf>
         <wf lemma="い" pos="X">い</wf>
         <wf lemma="ます" pos="X">ます</wf>
         <wf lemma="か" pos="X">か</wf>
         <wf lemma="？" pos="X">？</wf>
         <wf lemma="." pos="X">.</wf>
      </sentence>
      <sentence id="d000.s3612" source="wordnet-japanese">
         <wf lemma="最初" pos="X">最初</wf>
         <wf lemma="から" pos="X">から</wf>
         <wf lemma="始め" pos="X">始め</wf>
         <wf lemma="て" pos="X">て</wf>
         <wf lemma="、" pos="X">、</wf>
         <instance id="d000.s3612.t000" lemma="終わり" pos="NOUN">終わり</instance>
         <wf lemma="に" pos="X">に</wf>
         <wf lemma="くる" pos="X">くる</wf>
         <wf lemma="まで" pos="X">まで</wf>
         <wf lemma="続け" pos="X">続け</wf>
         <wf lemma="なさい" pos="X">なさい</wf>
         <wf lemma="." pos="X">.</wf>
      </sentence>
      <sentence id="d000.s3613" source="wordnet-japanese">
         <instance id="d000.s3613.t000" lemma="細かい" pos="ADJ">細かい</instance>
         <wf lemma="活字" pos="X">活字</wf>
         <wf lemma="を" pos="X">を</wf>
         <wf lemma="読む" pos="X">読む</wf>
         <wf lemma="." pos="X">.</wf>
      </sentence>
      <sentence id="d000.s3614" source="wordnet-japanese">
         <wf lemma="オルガン" pos="X">オルガン</wf>
         <wf lemma="奏者" pos="X">奏者</wf>
         <wf lemma="は" pos="X">は</wf>
         <wf lemma="すべて" pos="X">すべて</wf>
         <wf lemma="の" pos="X">の</wf>
         <instance id="d000.s3614.t000" lemma="音栓" pos="NOUN">音栓</instance>
         <wf lemma="を" pos="X">を</wf>
         <wf lemma="引い" pos="X">引い</wf>
         <wf lemma="た" pos="X">た</wf>
         <wf lemma="." pos="X">.</wf>
      </sentence>
      <sentence id="d000.s3615" source="wordnet-japanese">
         <wf lemma="彼" pos="X">彼</wf>
         <wf lemma="の" pos="X">の</wf>
         <wf lemma="話" pos="X">話</wf>
         <wf lemma="で" pos="X">で</wf>
         <wf lemma="私" pos="X">私</wf>
         <wf lemma="の" pos="X">の</wf>
         <wf lemma="疑問" pos="X">疑問</wf>
         <wf lemma="は" pos="X">は</wf>
         <instance id="d000.s3615.t000" lemma="裏付ける" pos="VERB">裏付け</instance>
         <wf lemma="られ" pos="X">られ</wf>
         <wf lemma="た" pos="X">た</wf>
         <wf lemma="." pos="X">.</wf>
      </sentence>
      <sentence id="d000.s3616" source="wordnet-japanese">
         <wf lemma="政治" pos="X">政治</wf>
         <wf lemma="に関する" pos="X">に関する</wf>
         <wf lemma="ニュース" pos="X">ニュース</wf>
         <wf lemma="の" pos="X">の</wf>
         <wf lemma="ネットワーク" pos="X">ネットワーク</wf>
         <wf lemma="の" pos="X">の</wf>
         <instance id="d000.s3616.t000" lemma="均一化" pos="NOUN">均一化</instance>
         <wf lemma="." pos="X">.</wf>
      </sentence>
      <sentence id="d000.s3617" source="wordnet-japanese">
         <wf lemma="本" pos="X">本</wf>
         <wf lemma="は" pos="X">は</wf>
         <wf lemma="あまり" pos="X">あまり</wf>
         <wf lemma="に" pos="X">に</wf>
         <wf lemma="真面" pos="X">真面</wf>
         <wf lemma="目" pos="X">目</wf>
         <wf lemma="で" pos="X">で</wf>
         <wf lemma="、" pos="X">、</wf>
         <wf lemma="ときに" pos="X">ときに</wf>
         <instance id="d000.s3617.t000" lemma="重苦しさ" pos="NOUN">重苦しさ</instance>
         <wf lemma="に" pos="X">に</wf>
         <wf lemma="陥っ" pos="X">陥っ</wf>
         <wf lemma="た" pos="X">た</wf>
         <wf lemma="." pos="X">.</wf>
      </sentence>
      <sentence id="d000.s3618" source="wordnet-japanese">
         <instance id="d000.s3618.t000" lemma="完全" pos="ADJ">完全</instance>
         <wf lemma="に" pos="X">に</wf>
         <wf lemma="組合" pos="X">組合</wf>
         <wf lemma="を" pos="X">を</wf>
         <wf lemma="維持" pos="X">維持</wf>
         <wf lemma="する" pos="X">する</wf>
         <wf lemma="ため" pos="X">ため</wf>
         <wf lemma="に" pos="X">に</wf>
         <wf lemma="戦っ" pos="X">戦っ</wf>
         <wf lemma="た" pos="X">た</wf>
         <wf lemma="." pos="X">.</wf>
      </sentence>
      <sentence id="d000.s3619" source="wordnet-japanese">
         <wf lemma="目" pos="X">目</wf>
         <wf lemma="の" pos="X">の</wf>
         <instance id="d000.s3619.t000" lemma="保養" pos="NOUN">保養</instance>
         <wf lemma="." pos="X">.</wf>
      </sentence>
      <sentence id="d000.s3620" source="wordnet-japanese">
         <wf lemma="ファーストフード" pos="X">ファーストフード</wf>
         <wf lemma="の" pos="X">の</wf>
         <instance id="d000.s3620.t000" lemma="不健康" pos="ADJ">不健康</instance>
         <wf lemma="な" pos="X">な</wf>
         <wf lemma="食事" pos="X">食事</wf>
         <wf lemma="." pos="X">.</wf>
      </sentence>
      <sentence id="d000.s3621" source="wordnet-japanese">
         <wf lemma="子供" pos="X">子供</wf>
         <wf lemma="は" pos="X">は</wf>
         <instance id="d000.s3621.t000" lemma="潜る" pos="VERB">潜り</instance>
         <wf lemma="、" pos="X">、</wf>
         <wf lemma="貝" pos="X">貝</wf>
         <wf lemma="を" pos="X">を</wf>
         <wf lemma="捜す" pos="X">捜す</wf>
         <wf lemma="こと" pos="X">こと</wf>
         <wf lemma="を" pos="X">を</wf>
         <wf lemma="楽しん" pos="X">楽しん</wf>
         <wf lemma="だ" pos="X">だ</wf>
         <wf lemma="." pos="X">.</wf>
      </sentence>
      <sentence id="d000.s3622" source="wordnet-japanese">
         <instance id="d000.s3622.t000" lemma="ストラビンスキー" pos="NOUN">ストラビンスキー</instance>
         <wf lemma="は" pos="X">は</wf>
         <wf lemma="もう" pos="X">もう</wf>
         <wf lemma="通り" pos="X">通り</wf>
         <wf lemma="で" pos="X">で</wf>
         <wf lemma="の" pos="X">の</wf>
         <wf lemma="暴動" pos="X">暴動</wf>
         <wf lemma="を" pos="X">を</wf>
         <wf lemma="起こさ" pos="X">起こさ</wf>
         <wf lemma="ない" pos="X">ない</wf>
         <wf lemma="." pos="X">.</wf>
      </sentence>
      <sentence id="d000.s3623" source="wordnet-japanese">
         <instance id="d000.s3623.t000" lemma="不完全" pos="ADJ">不完全</instance>
         <wf lemma="な" pos="X">な</wf>
         <wf lemma="前方" pos="X">前方</wf>
         <wf lemma="パス" pos="X">パス</wf>
         <wf lemma="." pos="X">.</wf>
      </sentence>
      <sentence id="d000.s3624" source="wordnet-japanese">
         <wf lemma="崖" pos="X">崖</wf>
         <wf lemma="の" pos="X">の</wf>
         <wf lemma="壮大" pos="X">壮大</wf>
         <wf lemma="な" pos="X">な</wf>
         <instance id="d000.s3624.t000" lemma="垂直" pos="ADJ">垂直</instance>
         <wf lemma="面" pos="X">面</wf>
         <wf lemma="." pos="X">.</wf>
      </sentence>
      <sentence id="d000.s3625" source="wordnet-japanese">
         <instance id="d000.s3625.t000" lemma="複雑" pos="ADJ">複雑</instance>
         <wf lemma="な" pos="X">な</wf>
         <wf lemma="中東" pos="X">中東</wf>
         <wf lemma="政治" pos="X">政治</wf>
         <wf lemma="." pos="X">.</wf>
      </sentence>
      <sentence id="d000.s3626" source="wordnet-japanese">
         <wf lemma="不十分" pos="X">不十分</wf>
         <wf lemma="な" pos="X">な</wf>
         <instance id="d000.s3626.t000" lemma="健康" pos="NOUN">健康</instance>
         <wf lemma="." pos="X">.</wf>
      </sentence>
      <sentence id="d000.s3627" source="wordnet-japanese">
         <wf lemma="私" pos="X">私</wf>
         <wf lemma="の" pos="X">の</wf>
         <wf lemma="レポート" pos="X">レポート</wf>
         <wf lemma="で" pos="X">で</wf>
         <instance id="d000.s3627.t000" lemma="不十分" pos="NOUN">不十分</instance>
         <wf lemma="な" pos="X">な</wf>
         <wf lemma="ところ" pos="X">ところ</wf>
         <wf lemma="を" pos="X">を</wf>
         <wf lemma="指摘" pos="X">指摘</wf>
         <wf lemma="し" pos="X">し</wf>
         <wf lemma="た" pos="X">た</wf>
         <wf lemma="." pos="X">.</wf>
      </sentence>
      <sentence id="d000.s3628" source="wordnet-japanese">
         <wf lemma="日光" pos="X">日光</wf>
         <wf lemma="は" pos="X">は</wf>
         <wf lemma="壁" pos="X">壁</wf>
         <wf lemma="に" pos="X">に</wf>
         <instance id="d000.s3628.t000" lemma="達する" pos="VERB">達し</instance>
         <wf lemma="た" pos="X">た</wf>
         <wf lemma="." pos="X">.</wf>
      </sentence>
      <sentence id="d000.s3629" source="wordnet-japanese">
         <wf lemma="彼ら" pos="X">彼ら</wf>
         <wf lemma="は" pos="X">は</wf>
         <wf lemma="私" pos="X">私</wf>
         <wf lemma="が" pos="X">が</wf>
         <wf lemma="金持ち" pos="X">金持ち</wf>
         <wf lemma="だ" pos="X">だ</wf>
         <wf lemma="という" pos="X">という</wf>
         <instance id="d000.s3629.t000" lemma="幻想" pos="NOUN">幻想</instance>
         <wf lemma="を" pos="X">を</wf>
         <wf lemma="持っ" pos="X">持っ</wf>
         <wf lemma="て" pos="X">て</wf>
         <wf lemma="いる" pos="X">いる</wf>
         <wf lemma="." pos="X">.</wf>
      </sentence>
      <sentence id="d000.s3630" source="wordnet-japanese">
         <wf lemma="深く" pos="X">深く</wf>
         <instance id="d000.s3630.t000" lemma="吸い込む" pos="VERB">吸い込む</instance>
         <wf lemma="." pos="X">.</wf>
      </sentence>
      <sentence id="d000.s3631" source="wordnet-japanese">
         <wf lemma="雪" pos="X">雪</wf>
         <wf lemma="は" pos="X">は</wf>
         <wf lemma="屋根" pos="X">屋根</wf>
         <wf lemma="を" pos="X">を</wf>
         <instance id="d000.s3631.t000" lemma="傷つける" pos="VERB">傷つけ</instance>
         <wf lemma="た" pos="X">た</wf>
         <wf lemma="." pos="X">.</wf>
      </sentence>
      <sentence id="d000.s3632" source="wordnet-japanese">
         <wf lemma="彼" pos="X">彼</wf>
         <wf lemma="の" pos="X">の</wf>
         <instance id="d000.s3632.t000" lemma="反応" pos="NOUN">反応</instance>
         <wf lemma="は" pos="X">は</wf>
         <wf lemma="年" pos="X">年</wf>
         <wf lemma="とともに" pos="X">とともに</wf>
         <wf lemma="鈍く" pos="X">鈍く</wf>
         <wf lemma="なっ" pos="X">なっ</wf>
         <wf lemma="て" pos="X">て</wf>
         <wf lemma="いる" pos="X">いる</wf>
         <wf lemma="." pos="X">.</wf>
      </sentence>
      <sentence id="d000.s3633" source="wordnet-japanese">
         <wf lemma="彼ら" pos="X">彼ら</wf>
         <wf lemma="は" pos="X">は</wf>
         <instance id="d000.s3633.t000" lemma="詰め寄る" pos="VERB">詰め寄る</instance>
         <wf lemma="." pos="X">.</wf>
      </sentence>
      <sentence id="d000.s3634" source="wordnet-japanese">
         <wf lemma="失業率" pos="X">失業率</wf>
         <wf lemma="は" pos="X">は</wf>
         <instance id="d000.s3634.t000" lemma="危険" pos="ADJ">危険</instance>
         <wf lemma="な" pos="X">な</wf>
         <wf lemma="割合" pos="X">割合</wf>
         <wf lemma="に" pos="X">に</wf>
         <wf lemma="達し" pos="X">達し</wf>
         <wf lemma="た" pos="X">た</wf>
         <wf lemma="." pos="X">.</wf>
      </sentence>
      <sentence id="d000.s3635" source="wordnet-japanese">
         <wf lemma="花瓶" pos="X">花瓶</wf>
         <wf lemma="の" pos="X">の</wf>
         <instance id="d000.s3635.t000" lemma="首" pos="NOUN">首</instance>
         <wf lemma="." pos="X">.</wf>
      </sentence>
      <sentence id="d000.s3636" source="wordnet-japanese">
         <instance id="d000.s3636.t000" lemma="実践" pos="NOUN">実践</instance>
         <wf lemma="が" pos="X">が</wf>
         <wf lemma="難しい" pos="X">難しい</wf>
         <wf lemma="理論" pos="X">理論</wf>
         <wf lemma="." pos="X">.</wf>
      </sentence>
      <sentence id="d000.s3637" source="wordnet-japanese">
         <wf lemma="列車" pos="X">列車</wf>
         <wf lemma="は" pos="X">は</wf>
         <instance id="d000.s3637.t000" lemma="見事" pos="ADJ">見事</instance>
         <wf lemma="な" pos="X">な</wf>
         <wf lemma="正確" pos="X">正確</wf>
         <wf lemma="さ" pos="X">さ</wf>
         <wf lemma="で" pos="X">で</wf>
         <wf lemma="走っ" pos="X">走っ</wf>
         <wf lemma="た" pos="X">た</wf>
         <wf lemma="." pos="X">.</wf>
      </sentence>
      <sentence id="d000.s3638" source="wordnet-japanese">
         <wf lemma="覆わ" pos="X">覆わ</wf>
         <wf lemma="れ" pos="X">れ</wf>
         <wf lemma="た" pos="X">た</wf>
         <wf lemma="地域" pos="X">地域</wf>
         <wf lemma="は" pos="X">は</wf>
         <wf lemma="、" pos="X">、</wf>
         <instance id="d000.s3638.t000" lemma="図" pos="NOUN">図</instance>
         <wf lemma="2" pos="X">2</wf>
         <wf lemma="から" pos="X">から</wf>
         <wf lemma="見る" pos="X">見る</wf>
         <wf lemma="こと" pos="X">こと</wf>
         <wf lemma="が" pos="X">が</wf>
         <wf lemma="できる" pos="X">できる</wf>
         <wf lemma="." pos="X">.</wf>
      </sentence>
      <sentence id="d000.s3639" source="wordnet-japanese">
         <wf lemma="スキャンダル" pos="X">スキャンダル</wf>
         <wf lemma="は" pos="X">は</wf>
         <wf lemma="、" pos="X">、</wf>
         <instance id="d000.s3639.t000" lemma="有望" pos="ADJ">有望</instance>
         <wf lemma="な" pos="X">な</wf>
         <wf lemma="政治" pos="X">政治</wf>
         <wf lemma="キャリア" pos="X">キャリア</wf>
         <wf lemma="の" pos="X">の</wf>
         <wf lemma="突然" pos="X">突然</wf>
         <wf lemma="の" pos="X">の</wf>
         <wf lemma="終結" pos="X">終結</wf>
         <wf lemma="を" pos="X">を</wf>
         <wf lemma="脅かし" pos="X">脅かし</wf>
         <wf lemma="た" pos="X">た</wf>
         <wf lemma="." pos="X">.</wf>
      </sentence>
      <sentence id="d000.s3640" source="wordnet-japanese">
         <wf lemma="彼" pos="X">彼</wf>
         <wf lemma="は" pos="X">は</wf>
         <wf lemma="、" pos="X">、</wf>
         <wf lemma="警察" pos="X">警察</wf>
         <wf lemma="と" pos="X">と</wf>
         <wf lemma="の" pos="X">の</wf>
         <wf lemma="どんな" pos="X">どんな</wf>
         <instance id="d000.s3640.t000" lemma="小競り合い" pos="NOUN">小競り合い</instance>
         <wf lemma="も" pos="X">も</wf>
         <wf lemma="避け" pos="X">避け</wf>
         <wf lemma="よう" pos="X">よう</wf>
         <wf lemma="と" pos="X">と</wf>
         <wf lemma="し" pos="X">し</wf>
         <wf lemma="た" pos="X">た</wf>
         <wf lemma="." pos="X">.</wf>
      </sentence>
      <sentence id="d000.s3641" source="wordnet-japanese">
         <wf lemma="子供" pos="X">子供</wf>
         <wf lemma="たち" pos="X">たち</wf>
         <wf lemma="は" pos="X">は</wf>
         <wf lemma="、" pos="X">、</wf>
         <wf lemma="おもちゃ" pos="X">おもちゃ</wf>
         <wf lemma="を" pos="X">を</wf>
         <instance id="d000.s3641.t000" lemma="片づける" pos="VERB">片づける</instance>
         <wf lemma="ように" pos="X">ように</wf>
         <wf lemma="言わ" pos="X">言わ</wf>
         <wf lemma="れ" pos="X">れ</wf>
         <wf lemma="た" pos="X">た</wf>
         <wf lemma="." pos="X">.</wf>
      </sentence>
      <sentence id="d000.s3642" source="wordnet-japanese">
         <wf lemma="彼" pos="X">彼</wf>
         <wf lemma="は" pos="X">は</wf>
         <wf lemma="仕事" pos="X">仕事</wf>
         <wf lemma="で" pos="X">で</wf>
         <wf lemma="感情" pos="X">感情</wf>
         <wf lemma="に" pos="X">に</wf>
         <wf lemma="まかせ" pos="X">まかせ</wf>
         <wf lemma="た" pos="X">た</wf>
         <instance id="d000.s3642.t000" lemma="投資" pos="NOUN">投資</instance>
         <wf lemma="を" pos="X">を</wf>
         <wf lemma="し" pos="X">し</wf>
         <wf lemma="た" pos="X">た</wf>
         <wf lemma="." pos="X">.</wf>
      </sentence>
      <sentence id="d000.s3643" source="wordnet-japanese">
         <wf lemma="貧困" pos="X">貧困</wf>
         <wf lemma="に" pos="X">に</wf>
         <instance id="d000.s3643.t000" lemma="値する" pos="ADJ">値する</instance>
         <wf lemma="（" pos="X">（</wf>
         <wf lemma="しばしば" pos="X">しばしば</wf>
         <wf lemma="皮肉" pos="X">皮肉</wf>
         <wf lemma="に" pos="X">に</wf>
         <wf lemma="使用" pos="X">使用</wf>
         <wf lemma="さ" pos="X">さ</wf>
         <wf lemma="れる" pos="X">れる</wf>
         <wf lemma="）" pos="X">）</wf>
         <wf lemma="." pos="X">.</wf>
      </sentence>
      <sentence id="d000.s3644" source="wordnet-japanese">
         <wf lemma="彼" pos="X">彼</wf>
         <wf lemma="は" pos="X">は</wf>
         <wf lemma="一日" pos="X">一日</wf>
         <wf lemma="中庭" pos="X">中庭</wf>
         <wf lemma="で" pos="X">で</wf>
         <wf lemma="絵" pos="X">絵</wf>
         <wf lemma="を" pos="X">を</wf>
         <instance id="d000.s3644.t000" lemma="描く" pos="VERB">描い</instance>
         <wf lemma="た" pos="X">た</wf>
         <wf lemma="." pos="X">.</wf>
      </sentence>
      <sentence id="d000.s3645" source="wordnet-japanese">
         <instance id="d000.s3645.t000" lemma="乏しい" pos="ADJ">乏しい</instance>
         <wf lemma="収穫" pos="X">収穫</wf>
         <wf lemma="高" pos="X">高</wf>
         <wf lemma="." pos="X">.</wf>
      </sentence>
      <sentence id="d000.s3646" source="wordnet-japanese">
         <wf lemma="彼" pos="X">彼</wf>
         <wf lemma="は" pos="X">は</wf>
         <instance id="d000.s3646.t000" lemma="喜び" pos="NOUN">喜び</instance>
         <wf lemma="で" pos="X">で</wf>
         <wf lemma="ぞくぞく" pos="X">ぞくぞく</wf>
         <wf lemma="し" pos="X">し</wf>
         <wf lemma="て" pos="X">て</wf>
         <wf lemma="い" pos="X">い</wf>
         <wf lemma="た" pos="X">た</wf>
         <wf lemma="." pos="X">.</wf>
      </sentence>
      <sentence id="d000.s3647" source="wordnet-japanese">
         <instance id="d000.s3647.t000" lemma="適切" pos="ADJ">適切</instance>
         <wf lemma="な" pos="X">な</wf>
         <wf lemma="方法" pos="X">方法</wf>
         <wf lemma="." pos="X">.</wf>
      </sentence>
      <sentence id="d000.s3648" source="wordnet-japanese">
         <wf lemma="彼" pos="X">彼</wf>
         <wf lemma="は" pos="X">は</wf>
         <wf lemma="ゴシップ" pos="X">ゴシップ</wf>
         <wf lemma="を" pos="X">を</wf>
         <instance id="d000.s3648.t000" lemma="信用" pos="NOUN">信用</instance>
         <wf lemma="し" pos="X">し</wf>
         <wf lemma="た" pos="X">た</wf>
         <wf lemma="." pos="X">.</wf>
      </sentence>
      <sentence id="d000.s3649" source="wordnet-japanese">
         <wf lemma="彼" pos="X">彼</wf>
         <wf lemma="は" pos="X">は</wf>
         <wf lemma="彼ら" pos="X">彼ら</wf>
         <wf lemma="の" pos="X">の</wf>
         <wf lemma="助け" pos="X">助け</wf>
         <wf lemma="に対する" pos="X">に対する</wf>
         <instance id="d000.s3649.t000" lemma="感謝" pos="NOUN">感謝</instance>
         <wf lemma="の" pos="X">の</wf>
         <wf lemma="気持ち" pos="X">気持ち</wf>
         <wf lemma="で" pos="X">で</wf>
         <wf lemma="胸" pos="X">胸</wf>
         <wf lemma="が" pos="X">が</wf>
         <wf lemma="いっぱい" pos="X">いっぱい</wf>
         <wf lemma="に" pos="X">に</wf>
         <wf lemma="なっ" pos="X">なっ</wf>
         <wf lemma="た" pos="X">た</wf>
         <wf lemma="." pos="X">.</wf>
      </sentence>
      <sentence id="d000.s3650" source="wordnet-japanese">
         <instance id="d000.s3650.t000" lemma="書き直し" pos="NOUN">書き直し</instance>
         <wf lemma="は" pos="X">は</wf>
         <wf lemma="はるか" pos="X">はるか</wf>
         <wf lemma="に" pos="X">に</wf>
         <wf lemma="良かっ" pos="X">良かっ</wf>
         <wf lemma="た" pos="X">た</wf>
         <wf lemma="." pos="X">.</wf>
      </sentence>
      <sentence id="d000.s3651" source="wordnet-japanese">
         <wf lemma="アメリカ" pos="X">アメリカ</wf>
         <wf lemma="映画" pos="X">映画</wf>
         <wf lemma="の" pos="X">の</wf>
         <wf lemma="普遍的" pos="X">普遍的</wf>
         <wf lemma="な" pos="X">な</wf>
         <instance id="d000.s3651.t000" lemma="人気" pos="NOUN">人気</instance>
         <wf lemma="." pos="X">.</wf>
      </sentence>
      <sentence id="d000.s3652" source="wordnet-japanese">
         <wf lemma="著者" pos="X">著者</wf>
         <wf lemma="は" pos="X">は</wf>
         <wf lemma="、" pos="X">、</wf>
         <wf lemma="彼" pos="X">彼</wf>
         <wf lemma="の" pos="X">の</wf>
         <wf lemma="すべて" pos="X">すべて</wf>
         <wf lemma="の" pos="X">の</wf>
         <wf lemma="友人" pos="X">友人</wf>
         <wf lemma="に" pos="X">に</wf>
         <wf lemma="本" pos="X">本</wf>
         <wf lemma="の" pos="X">の</wf>
         <instance id="d000.s3652.t000" lemma="宣伝文" pos="NOUN">宣伝文</instance>
         <wf lemma="を" pos="X">を</wf>
         <wf lemma="書か" pos="X">書か</wf>
         <wf lemma="せ" pos="X">せ</wf>
         <wf lemma="た" pos="X">た</wf>
         <wf lemma="." pos="X">.</wf>
      </sentence>
      <sentence id="d000.s3653" source="wordnet-japanese">
         <wf lemma="その" pos="X">その</wf>
         <instance id="d000.s3653.t000" lemma="兵隊" pos="NOUN">兵隊</instance>
         <wf lemma="は" pos="X">は</wf>
         <wf lemma="気" pos="X">気</wf>
         <wf lemma="を" pos="X">を</wf>
         <wf lemma="つけ" pos="X">つけ</wf>
         <wf lemma="の" pos="X">の</wf>
         <wf lemma="姿勢" pos="X">姿勢</wf>
         <wf lemma="で" pos="X">で</wf>
         <wf lemma="立っ" pos="X">立っ</wf>
         <wf lemma="て" pos="X">て</wf>
         <wf lemma="い" pos="X">い</wf>
         <wf lemma="た" pos="X">た</wf>
         <wf lemma="." pos="X">.</wf>
      </sentence>
      <sentence id="d000.s3654" source="wordnet-japanese">
         <wf lemma="初期" pos="X">初期</wf>
         <wf lemma="の" pos="X">の</wf>
         <wf lemma="文明" pos="X">文明</wf>
         <wf lemma="の" pos="X">の</wf>
         <instance id="d000.s3654.t000" lemma="足跡" pos="NOUN">足跡</instance>
         <wf lemma="." pos="X">.</wf>
      </sentence>
      <sentence id="d000.s3655" source="wordnet-japanese">
         <wf lemma="彼" pos="X">彼</wf>
         <wf lemma="は" pos="X">は</wf>
         <wf lemma="その" pos="X">その</wf>
         <wf lemma="女" pos="X">女</wf>
         <wf lemma="と" pos="X">と</wf>
         <wf lemma="彼女" pos="X">彼女</wf>
         <wf lemma="の" pos="X">の</wf>
         <instance id="d000.s3655.t000" lemma="仲間" pos="NOUN">仲間</instance>
         <wf lemma="全員" pos="X">全員</wf>
         <wf lemma="を" pos="X">を</wf>
         <wf lemma="愛し" pos="X">愛し</wf>
         <wf lemma="た" pos="X">た</wf>
         <wf lemma="." pos="X">.</wf>
      </sentence>
      <sentence id="d000.s3656" source="wordnet-japanese">
         <instance id="d000.s3656.t000" lemma="脂溶性" pos="ADJ">脂溶性</instance>
         <wf lemma="ビタミン" pos="X">ビタミン</wf>
         <wf lemma="A" pos="X">A</wf>
         <wf lemma="." pos="X">.</wf>
      </sentence>
      <sentence id="d000.s3657" source="wordnet-japanese">
         <wf lemma="出版" pos="X">出版</wf>
         <wf lemma="に" pos="X">に</wf>
         <instance id="d000.s3657.t000" lemma="明るい" pos="ADJ">明るい</instance>
         <wf lemma="将来" pos="X">将来</wf>
         <wf lemma="を" pos="X">を</wf>
         <wf lemma="持っ" pos="X">持っ</wf>
         <wf lemma="た" pos="X">た</wf>
         <wf lemma="." pos="X">.</wf>
      </sentence>
      <sentence id="d000.s3658" source="wordnet-japanese">
         <wf lemma="彼" pos="X">彼</wf>
         <wf lemma="の" pos="X">の</wf>
         <instance id="d000.s3658.t000" lemma="言葉" pos="NOUN">言葉</instance>
         <wf lemma="は" pos="X">は</wf>
         <wf lemma="不明瞭" pos="X">不明瞭</wf>
         <wf lemma="だっ" pos="X">だっ</wf>
         <wf lemma="た" pos="X">た</wf>
         <wf lemma="." pos="X">.</wf>
      </sentence>
      <sentence id="d000.s3659" source="wordnet-japanese">
         <instance id="d000.s3659.t000" lemma="スパイク" pos="NOUN">スパイク</instance>
         <wf lemma="の" pos="X">の</wf>
         <wf lemma="うち" pos="X">うち</wf>
         <wf lemma="の" pos="X">の</wf>
         <wf lemma="1" pos="X">1</wf>
         <wf lemma="本" pos="X">本</wf>
         <wf lemma="は" pos="X">は</wf>
         <wf lemma="、" pos="X">、</wf>
         <wf lemma="彼" pos="X">彼</wf>
         <wf lemma="を" pos="X">を</wf>
         <wf lemma="突き刺し" pos="X">突き刺し</wf>
         <wf lemma="た" pos="X">た</wf>
         <wf lemma="." pos="X">.</wf>
      </sentence>
      <sentence id="d000.s3660" source="wordnet-japanese">
         <wf lemma="彼" pos="X">彼</wf>
         <wf lemma="が" pos="X">が</wf>
         <wf lemma="どこ" pos="X">どこ</wf>
         <wf lemma="の" pos="X">の</wf>
         <instance id="d000.s3660.t000" lemma="キャンプ" pos="NOUN">キャンプ</instance>
         <wf lemma="に" pos="X">に</wf>
         <wf lemma="入ろ" pos="X">入ろ</wf>
         <wf lemma="う" pos="X">う</wf>
         <wf lemma="と" pos="X">と</wf>
         <wf lemma="も" pos="X">も</wf>
         <wf lemma="、" pos="X">、</wf>
         <wf lemma="男" pos="X">男</wf>
         <wf lemma="は" pos="X">は</wf>
         <wf lemma="不平" pos="X">不平</wf>
         <wf lemma="を" pos="X">を</wf>
         <wf lemma="言っ" pos="X">言っ</wf>
         <wf lemma="て" pos="X">て</wf>
         <wf lemma="い" pos="X">い</wf>
         <wf lemma="た" pos="X">た</wf>
         <wf lemma="." pos="X">.</wf>
      </sentence>
      <sentence id="d000.s3661" source="wordnet-japanese">
         <wf lemma="パンケーキ" pos="X">パンケーキ</wf>
         <wf lemma="を" pos="X">を</wf>
         <instance id="d000.s3661.t000" lemma="ひっくり返す" pos="VERB">ひっくり返す</instance>
         <wf lemma="." pos="X">.</wf>
      </sentence>
      <sentence id="d000.s3662" source="wordnet-japanese">
         <wf lemma="地下" pos="X">地下</wf>
         <wf lemma="貯蔵室" pos="X">貯蔵室</wf>
         <wf lemma="は" pos="X">は</wf>
         <instance id="d000.s3662.t000" lemma="真っ暗" pos="ADJ">真っ暗</instance>
         <wf lemma="だっ" pos="X">だっ</wf>
         <wf lemma="た" pos="X">た</wf>
         <wf lemma="." pos="X">.</wf>
      </sentence>
      <sentence id="d000.s3663" source="wordnet-japanese">
         <wf lemma="極端" pos="X">極端</wf>
         <wf lemma="な" pos="X">な</wf>
         <instance id="d000.s3663.t000" lemma="軟調" pos="NOUN">軟調</instance>
         <wf lemma="の" pos="X">の</wf>
         <wf lemma="後" pos="X">後</wf>
         <wf lemma="、" pos="X">、</wf>
         <wf lemma="注文" pos="X">注文</wf>
         <wf lemma="が" pos="X">が</wf>
         <wf lemma="最近" pos="X">最近</wf>
         <wf lemma="回復" pos="X">回復</wf>
         <wf lemma="し" pos="X">し</wf>
         <wf lemma="て" pos="X">て</wf>
         <wf lemma="き" pos="X">き</wf>
         <wf lemma="た" pos="X">た</wf>
         <wf lemma="." pos="X">.</wf>
      </sentence>
      <sentence id="d000.s3664" source="wordnet-japanese">
         <wf lemma="彼ら" pos="X">彼ら</wf>
         <wf lemma="の" pos="X">の</wf>
         <wf lemma="注目" pos="X">注目</wf>
         <wf lemma="を" pos="X">を</wf>
         <wf lemma="集める" pos="X">集める</wf>
         <wf lemma="こと" pos="X">こと</wf>
         <wf lemma="が" pos="X">が</wf>
         <wf lemma="でき" pos="X">でき</wf>
         <wf lemma="なかっ" pos="X">なかっ</wf>
         <wf lemma="た" pos="X">た</wf>
         <instance id="d000.s3664.t000" lemma="退屈" pos="ADJ">退屈</instance>
         <wf lemma="な" pos="X">な</wf>
         <wf lemma="話し手" pos="X">話し手</wf>
         <wf lemma="." pos="X">.</wf>
      </sentence>
      <sentence id="d000.s3665" source="wordnet-japanese">
         <instance id="d000.s3665.t000" lemma="印象的" pos="ADJ">印象的</instance>
         <wf lemma="な" pos="X">な</wf>
         <wf lemma="式典" pos="X">式典</wf>
         <wf lemma="." pos="X">.</wf>
      </sentence>
      <sentence id="d000.s3666" source="wordnet-japanese">
         <wf lemma="その" pos="X">その</wf>
         <wf lemma="ボクサー" pos="X">ボクサー</wf>
         <wf lemma="は" pos="X">は</wf>
         <wf lemma="立派" pos="X">立派</wf>
         <wf lemma="な" pos="X">な</wf>
         <wf lemma="戦闘" pos="X">戦闘</wf>
         <instance id="d000.s3666.t000" lemma="マシン" pos="NOUN">マシン</instance>
         <wf lemma="だ" pos="X">だ</wf>
         <wf lemma="." pos="X">.</wf>
      </sentence>
      <sentence id="d000.s3667" source="wordnet-japanese">
         <wf lemma="誘拐" pos="X">誘拐</wf>
         <wf lemma="犯" pos="X">犯</wf>
         <wf lemma="の" pos="X">の</wf>
         <wf lemma="法外" pos="X">法外</wf>
         <wf lemma="な" pos="X">な</wf>
         <wf lemma="金額" pos="X">金額</wf>
         <wf lemma="の" pos="X">の</wf>
         <instance id="d000.s3667.t000" lemma="要求" pos="NOUN">要求</instance>
         <wf lemma="." pos="X">.</wf>
      </sentence>
      <sentence id="d000.s3668" source="wordnet-japanese">
         <instance id="d000.s3668.t000" lemma="公正" pos="ADJ">公正</instance>
         <wf lemma="な" pos="X">な</wf>
         <wf lemma="審判" pos="X">審判</wf>
         <wf lemma="." pos="X">.</wf>
      </sentence>
      <sentence id="d000.s3669" source="wordnet-japanese">
         <instance id="d000.s3669.t000" lemma="蒸し暑い" pos="ADJ">蒸し暑い</instance>
         <wf lemma="天気" pos="X">天気</wf>
         <wf lemma="." pos="X">.</wf>
      </sentence>
      <sentence id="d000.s3670" source="wordnet-japanese">
         <wf lemma="人種" pos="X">人種</wf>
         <wf lemma="に関する" pos="X">に関する</wf>
         <instance id="d000.s3670.t000" lemma="古臭い" pos="ADJ">古臭い</instance>
         <wf lemma="理論" pos="X">理論</wf>
         <wf lemma="." pos="X">.</wf>
      </sentence>
      <sentence id="d000.s3671" source="wordnet-japanese">
         <wf lemma="彼" pos="X">彼</wf>
         <wf lemma="は" pos="X">は</wf>
         <wf lemma="ベテラン" pos="X">ベテラン</wf>
         <wf lemma="と" pos="X">と</wf>
         <wf lemma="し" pos="X">し</wf>
         <wf lemma="て" pos="X">て</wf>
         <wf lemma="の" pos="X">の</wf>
         <wf lemma="できる" pos="X">できる</wf>
         <wf lemma="限り" pos="X">限り</wf>
         <wf lemma="の" pos="X">の</wf>
         <instance id="d000.s3671.t000" lemma="平静" pos="NOUN">平静</instance>
         <wf lemma="を" pos="X">を</wf>
         <wf lemma="保っ" pos="X">保っ</wf>
         <wf lemma="て" pos="X">て</wf>
         <wf lemma="行っ" pos="X">行っ</wf>
         <wf lemma="た" pos="X">た</wf>
         <wf lemma="." pos="X">.</wf>
      </sentence>
      <sentence id="d000.s3672" source="wordnet-japanese">
         <wf lemma="人権" pos="X">人権</wf>
         <wf lemma="に関する" pos="X">に関する</wf>
         <wf lemma="全て" pos="X">全て</wf>
         <wf lemma="の" pos="X">の</wf>
         <wf lemma="法" pos="X">法</wf>
         <wf lemma="を" pos="X">を</wf>
         <instance id="d000.s3672.t000" lemma="破る" pos="VERB">破る</instance>
         <wf lemma="." pos="X">.</wf>
      </sentence>
      <sentence id="d000.s3673" source="wordnet-japanese">
         <wf lemma="通常" pos="X">通常</wf>
         <wf lemma="、" pos="X">、</wf>
         <instance id="d000.s3673.t000" lemma="謝辞" pos="NOUN">謝辞</instance>
         <wf lemma="は" pos="X">は</wf>
         <wf lemma="本" pos="X">本</wf>
         <wf lemma="の" pos="X">の</wf>
         <wf lemma="表紙" pos="X">表紙</wf>
         <wf lemma="に" pos="X">に</wf>
         <wf lemma="印刷" pos="X">印刷</wf>
         <wf lemma="さ" pos="X">さ</wf>
         <wf lemma="れる" pos="X">れる</wf>
         <wf lemma="." pos="X">.</wf>
      </sentence>
      <sentence id="d000.s3674" source="wordnet-japanese">
         <wf lemma="彼" pos="X">彼</wf>
         <wf lemma="は" pos="X">は</wf>
         <instance id="d000.s3674.t000" lemma="世界" pos="NOUN">世界</instance>
         <wf lemma="中" pos="X">中</wf>
         <wf lemma="を" pos="X">を</wf>
         <wf lemma="航海" pos="X">航海</wf>
         <wf lemma="し" pos="X">し</wf>
         <wf lemma="た" pos="X">た</wf>
         <wf lemma="." pos="X">.</wf>
      </sentence>
      <sentence id="d000.s3675" source="wordnet-japanese">
         <wf lemma="彼" pos="X">彼</wf>
         <wf lemma="は" pos="X">は</wf>
         <wf lemma="、" pos="X">、</wf>
         <wf lemma="自分" pos="X">自分</wf>
         <wf lemma="の" pos="X">の</wf>
         <wf lemma="指" pos="X">指</wf>
         <wf lemma="に" pos="X">に</wf>
         <wf lemma="針" pos="X">針</wf>
         <wf lemma="を" pos="X">を</wf>
         <instance id="d000.s3675.t000" lemma="刺す" pos="VERB">刺し</instance>
         <wf lemma="た" pos="X">た</wf>
         <wf lemma="." pos="X">.</wf>
      </sentence>
      <sentence id="d000.s3676" source="wordnet-japanese">
         <instance id="d000.s3676.t000" lemma="社会的" pos="ADV">社会的</instance>
         <wf lemma="に" pos="X">に</wf>
         <wf lemma="不評" pos="X">不評</wf>
         <wf lemma="." pos="X">.</wf>
      </sentence>
      <sentence id="d000.s3677" source="wordnet-japanese">
         <wf lemma="彼" pos="X">彼</wf>
         <wf lemma="は" pos="X">は</wf>
         <wf lemma="もう" pos="X">もう</wf>
         <instance id="d000.s3677.t000" lemma="概念的" pos="ADV">概念的</instance>
         <wf lemma="に" pos="X">に</wf>
         <wf lemma="考える" pos="X">考える</wf>
         <wf lemma="こと" pos="X">こと</wf>
         <wf lemma="が" pos="X">が</wf>
         <wf lemma="でき" pos="X">でき</wf>
         <wf lemma="ない" pos="X">ない</wf>
         <wf lemma="." pos="X">.</wf>
      </sentence>
      <sentence id="d000.s3678" source="wordnet-japanese">
         <wf lemma="到着" pos="X">到着</wf>
         <wf lemma="する" pos="X">する</wf>
         <wf lemma="と" pos="X">と</wf>
         <wf lemma="ほとんど" pos="X">ほとんど</wf>
         <instance id="d000.s3678.t000" lemma="注意" pos="NOUN">注意</instance>
         <wf lemma="を" pos="X">を</wf>
         <wf lemma="し" pos="X">し</wf>
         <wf lemma="なかっ" pos="X">なかっ</wf>
         <wf lemma="た" pos="X">た</wf>
         <wf lemma="." pos="X">.</wf>
      </sentence>
      <sentence id="d000.s3679" source="wordnet-japanese">
         <wf lemma="特権" pos="X">特権</wf>
         <wf lemma="を" pos="X">を</wf>
         <instance id="d000.s3679.t000" lemma="与える" pos="VERB">与える</instance>
         <wf lemma="." pos="X">.</wf>
      </sentence>
      <sentence id="d000.s3680" source="wordnet-japanese">
         <instance id="d000.s3680.t000" lemma="製造" pos="NOUN">製造</instance>
         <wf lemma="は" pos="X">は</wf>
         <wf lemma="、" pos="X">、</wf>
         <wf lemma="英国" pos="X">英国</wf>
         <wf lemma="にとって" pos="X">にとって</wf>
         <wf lemma="不可欠" pos="X">不可欠</wf>
         <wf lemma="である" pos="X">である</wf>
         <wf lemma="." pos="X">.</wf>
      </sentence>
      <sentence id="d000.s3681" source="wordnet-japanese">
         <wf lemma="学生" pos="X">学生</wf>
         <wf lemma="の" pos="X">の</wf>
         <wf lemma="随筆" pos="X">随筆</wf>
         <wf lemma="は" pos="X">は</wf>
         <wf lemma="いくつか" pos="X">いくつか</wf>
         <wf lemma="の" pos="X">の</wf>
         <wf lemma="重要" pos="X">重要</wf>
         <wf lemma="な" pos="X">な</wf>
         <instance id="d000.s3681.t000" lemma="引用" pos="NOUN">引用</instance>
         <wf lemma="を" pos="X">を</wf>
         <wf lemma="用い" pos="X">用い</wf>
         <wf lemma="なかっ" pos="X">なかっ</wf>
         <wf lemma="た" pos="X">た</wf>
         <wf lemma="." pos="X">.</wf>
      </sentence>
      <sentence id="d000.s3682" source="wordnet-japanese">
         <wf lemma="彼ら" pos="X">彼ら</wf>
         <wf lemma="は" pos="X">は</wf>
         <wf lemma="週" pos="X">週</wf>
         <wf lemma="に" pos="X">に</wf>
         <wf lemma="2" pos="X">2</wf>
         <wf lemma="回" pos="X">回</wf>
         <wf lemma="我々" pos="X">我々</wf>
         <wf lemma="の" pos="X">の</wf>
         <wf lemma="ゴミ" pos="X">ゴミ</wf>
         <wf lemma="を" pos="X">を</wf>
         <instance id="d000.s3682.t000" lemma="拾う" pos="VERB">拾う</instance>
         <wf lemma="." pos="X">.</wf>
      </sentence>
      <sentence id="d000.s3683" source="wordnet-japanese">
         <wf lemma="医学" pos="X">医学</wf>
         <wf lemma="は" pos="X">は</wf>
         <wf lemma="もはや" pos="X">もはや</wf>
         <wf lemma="男性" pos="X">男性</wf>
         <wf lemma="の" pos="X">の</wf>
         <instance id="d000.s3683.t000" lemma="領分" pos="NOUN">領分</instance>
         <wf lemma="で" pos="X">で</wf>
         <wf lemma="は" pos="X">は</wf>
         <wf lemma="ない" pos="X">ない</wf>
         <wf lemma="." pos="X">.</wf>
      </sentence>
      <sentence id="d000.s3684" source="wordnet-japanese">
         <instance id="d000.s3684.t000" lemma="古い" pos="ADJ">古い</instance>
         <wf lemma="慣習" pos="X">慣習</wf>
         <wf lemma="." pos="X">.</wf>
      </sentence>
      <sentence id="d000.s3685" source="wordnet-japanese">
         <wf lemma="彼" pos="X">彼</wf>
         <wf lemma="は" pos="X">は</wf>
         <wf lemma="ほんの" pos="X">ほんの</wf>
         <wf lemma="少し" pos="X">少し</wf>
         <wf lemma="の" pos="X">の</wf>
         <instance id="d000.s3685.t000" lemma="間" pos="NOUN">間</instance>
         <wf lemma="ここ" pos="X">ここ</wf>
         <wf lemma="に" pos="X">に</wf>
         <wf lemma="い" pos="X">い</wf>
         <wf lemma="た" pos="X">た</wf>
         <wf lemma="." pos="X">.</wf>
      </sentence>
      <sentence id="d000.s3686" source="wordnet-japanese">
         <wf lemma="私" pos="X">私</wf>
         <wf lemma="は" pos="X">は</wf>
         <wf lemma="死ぬ" pos="X">死ぬ</wf>
         <wf lemma="まで" pos="X">まで</wf>
         <wf lemma="に" pos="X">に</wf>
         <wf lemma="彼ら" pos="X">彼ら</wf>
         <wf lemma="の" pos="X">の</wf>
         <instance id="d000.s3686.t000" lemma="一員" pos="NOUN">一員</instance>
         <wf lemma="に" pos="X">に</wf>
         <wf lemma="なり" pos="X">なり</wf>
         <wf lemma="たい" pos="X">たい</wf>
         <wf lemma="." pos="X">.</wf>
      </sentence>
      <sentence id="d000.s3687" source="wordnet-japanese">
         <wf lemma="前方" pos="X">前方</wf>
         <wf lemma="に" pos="X">に</wf>
         <instance id="d000.s3687.t000" lemma="倒れる" pos="VERB">倒れる</instance>
         <wf lemma="男性" pos="X">男性</wf>
         <wf lemma="の" pos="X">の</wf>
         <wf lemma="列" pos="X">列</wf>
         <wf lemma="." pos="X">.</wf>
      </sentence>
      <sentence id="d000.s3688" source="wordnet-japanese">
         <instance id="d000.s3688.t000" lemma="肥沃" pos="ADJ">肥沃</instance>
         <wf lemma="な" pos="X">な</wf>
         <wf lemma="農地" pos="X">農地</wf>
         <wf lemma="." pos="X">.</wf>
      </sentence>
      <sentence id="d000.s3689" source="wordnet-japanese">
         <wf lemma="彼" pos="X">彼</wf>
         <wf lemma="が" pos="X">が</wf>
         <wf lemma="テスト" pos="X">テスト</wf>
         <wf lemma="に" pos="X">に</wf>
         <instance id="d000.s3689.t000" lemma="失敗" pos="NOUN">失敗</instance>
         <wf lemma="し" pos="X">し</wf>
         <wf lemma="た" pos="X">た</wf>
         <wf lemma="こと" pos="X">こと</wf>
         <wf lemma="." pos="X">.</wf>
      </sentence>
      <sentence id="d000.s3690" source="wordnet-japanese">
         <wf lemma="神聖" pos="X">神聖</wf>
         <wf lemma="な" pos="X">な</wf>
         <wf lemma="テキスト" pos="X">テキスト</wf>
         <wf lemma="の" pos="X">の</wf>
         <wf lemma="グーテンベルグ" pos="X">グーテンベルグ</wf>
         <wf lemma="の" pos="X">の</wf>
         <instance id="d000.s3690.t000" lemma="複製" pos="NOUN">複製</instance>
         <wf lemma="は" pos="X">は</wf>
         <wf lemma="、" pos="X">、</wf>
         <wf lemma="はるか" pos="X">はるか</wf>
         <wf lemma="により" pos="X">により</wf>
         <wf lemma="効率的" pos="X">効率的</wf>
         <wf lemma="だっ" pos="X">だっ</wf>
         <wf lemma="た" pos="X">た</wf>
         <wf lemma="." pos="X">.</wf>
      </sentence>
      <sentence id="d000.s3691" source="wordnet-japanese">
         <instance id="d000.s3691.t000" lemma="コース" pos="NOUN">コース</instance>
         <wf lemma="は" pos="X">は</wf>
         <wf lemma="1" pos="X">1</wf>
         <wf lemma="マイル" pos="X">マイル</wf>
         <wf lemma="未満" pos="X">未満</wf>
         <wf lemma="だっ" pos="X">だっ</wf>
         <wf lemma="た" pos="X">た</wf>
         <wf lemma="." pos="X">.</wf>
      </sentence>
      <sentence id="d000.s3692" source="wordnet-japanese">
         <wf lemma="かなり" pos="X">かなり</wf>
         <instance id="d000.s3692.t000" lemma="巧み" pos="ADJ">巧み</instance>
         <wf lemma="な" pos="X">な</wf>
         <wf lemma="技術" pos="X">技術</wf>
         <wf lemma="." pos="X">.</wf>
      </sentence>
      <sentence id="d000.s3693" source="wordnet-japanese">
         <wf lemma="税関職員" pos="X">税関職員</wf>
         <wf lemma="は" pos="X">は</wf>
         <wf lemma="違法荷物" pos="X">違法荷物</wf>
         <wf lemma="を" pos="X">を</wf>
         <wf lemma="差し" pos="X">差し</wf>
         <instance id="d000.s3693.t000" lemma="押さえる" pos="VERB">押さえ</instance>
         <wf lemma="た" pos="X">た</wf>
         <wf lemma="." pos="X">.</wf>
      </sentence>
      <sentence id="d000.s3694" source="wordnet-japanese">
         <wf lemma="家" pos="X">家</wf>
         <wf lemma="から" pos="X">から</wf>
         <wf lemma="病害虫" pos="X">病害虫</wf>
         <wf lemma="を" pos="X">を</wf>
         <instance id="d000.s3694.t000" lemma="取り除く" pos="VERB">取り除く</instance>
         <wf lemma="." pos="X">.</wf>
      </sentence>
      <sentence id="d000.s3695" source="wordnet-japanese">
         <instance id="d000.s3695.t000" lemma="極端" pos="ADJ">極端</instance>
         <wf lemma="な" pos="X">な</wf>
         <wf lemma="自由主義者" pos="X">自由主義者</wf>
         <wf lemma="." pos="X">.</wf>
      </sentence>
      <sentence id="d000.s3696" source="wordnet-japanese">
         <wf lemma="石灰" pos="X">石灰</wf>
         <wf lemma="は" pos="X">は</wf>
         <wf lemma="坑内水" pos="X">坑内水</wf>
         <wf lemma="と" pos="X">と</wf>
         <wf lemma="化学" pos="X">化学</wf>
         <instance id="d000.s3696.t000" lemma="反応" pos="NOUN">反応</instance>
         <wf lemma="する" pos="X">する</wf>
         <wf lemma="." pos="X">.</wf>
      </sentence>
      <sentence id="d000.s3697" source="wordnet-japanese">
         <wf lemma="私" pos="X">私</wf>
         <wf lemma="の" pos="X">の</wf>
         <instance id="d000.s3697.t000" lemma="家" pos="NOUN">家</instance>
         <wf lemma="に" pos="X">に</wf>
         <wf lemma="パッケージ" pos="X">パッケージ</wf>
         <wf lemma="を" pos="X">を</wf>
         <wf lemma="配達" pos="X">配達</wf>
         <wf lemma="する" pos="X">する</wf>
         <wf lemma="." pos="X">.</wf>
      </sentence>
      <sentence id="d000.s3698" source="wordnet-japanese">
         <wf lemma="コンサート" pos="X">コンサート</wf>
         <wf lemma="は" pos="X">は</wf>
         <instance id="d000.s3698.t000" lemma="屋外" pos="NOUN">屋外</instance>
         <wf lemma="で" pos="X">で</wf>
         <wf lemma="開か" pos="X">開か</wf>
         <wf lemma="れ" pos="X">れ</wf>
         <wf lemma="た" pos="X">た</wf>
         <wf lemma="." pos="X">.</wf>
      </sentence>
      <sentence id="d000.s3699" source="wordnet-japanese">
         <wf lemma="それ" pos="X">それ</wf>
         <wf lemma="は" pos="X">は</wf>
         <wf lemma="依然として" pos="X">依然として</wf>
         <wf lemma="自然" pos="X">自然</wf>
         <wf lemma="の" pos="X">の</wf>
         <instance id="d000.s3699.t000" lemma="神秘" pos="NOUN">神秘</instance>
         <wf lemma="の" pos="X">の</wf>
         <wf lemma="一" pos="X">一</wf>
         <wf lemma="つ" pos="X">つ</wf>
         <wf lemma="である" pos="X">である</wf>
         <wf lemma="." pos="X">.</wf>
      </sentence>
      <sentence id="d000.s3700" source="wordnet-japanese">
         <wf lemma="彼女" pos="X">彼女</wf>
         <wf lemma="の" pos="X">の</wf>
         <wf lemma="ソプラノ" pos="X">ソプラノ</wf>
         <wf lemma="の" pos="X">の</wf>
         <instance id="d000.s3700.t000" lemma="音色" pos="NOUN">音色</instance>
         <wf lemma="は" pos="X">は</wf>
         <wf lemma="豊か" pos="X">豊か</wf>
         <wf lemma="で" pos="X">で</wf>
         <wf lemma="美しかっ" pos="X">美しかっ</wf>
         <wf lemma="た" pos="X">た</wf>
         <wf lemma="." pos="X">.</wf>
      </sentence>
      <sentence id="d000.s3701" source="wordnet-japanese">
         <instance id="d000.s3701.t000" lemma="不確か" pos="ADJ">不確か</instance>
         <wf lemma="な" pos="X">な</wf>
         <wf lemma="未来" pos="X">未来</wf>
         <wf lemma="." pos="X">.</wf>
      </sentence>
      <sentence id="d000.s3702" source="wordnet-japanese">
         <wf lemma="形式" pos="X">形式</wf>
         <wf lemma="が" pos="X">が</wf>
         <wf lemma="最も" pos="X">最も</wf>
         <wf lemma="重く" pos="X">重く</wf>
         <wf lemma="なく" pos="X">なく</wf>
         <wf lemma="ほとんど" pos="X">ほとんど</wf>
         <instance id="d000.s3702.t000" lemma="機構的" pos="ADV">機構的</instance>
         <wf lemma="に" pos="X">に</wf>
         <wf lemma="作曲" pos="X">作曲</wf>
         <wf lemma="する" pos="X">する</wf>
         <wf lemma="際" pos="X">際</wf>
         <wf lemma="、" pos="X">、</wf>
         <wf lemma="ヘンデル" pos="X">ヘンデル</wf>
         <wf lemma="は" pos="X">は</wf>
         <wf lemma="音楽" pos="X">音楽</wf>
         <wf lemma="の" pos="X">の</wf>
         <wf lemma="考え" pos="X">考え</wf>
         <wf lemma="の" pos="X">の</wf>
         <wf lemma="膨大" pos="X">膨大</wf>
         <wf lemma="な" pos="X">な</wf>
         <wf lemma="幅" pos="X">幅</wf>
         <wf lemma="を" pos="X">を</wf>
         <wf lemma="得る" pos="X">得る</wf>
         <wf lemma="." pos="X">.</wf>
      </sentence>
      <sentence id="d000.s3703" source="wordnet-japanese">
         <wf lemma="馬" pos="X">馬</wf>
         <wf lemma="の" pos="X">の</wf>
         <instance id="d000.s3703.t000" lemma="つややか" pos="ADJ">つややか</instance>
         <wf lemma="な" pos="X">な</wf>
         <wf lemma="コート" pos="X">コート</wf>
         <wf lemma="." pos="X">.</wf>
      </sentence>
      <sentence id="d000.s3704" source="wordnet-japanese">
         <wf lemma="彼" pos="X">彼</wf>
         <wf lemma="は" pos="X">は</wf>
         <wf lemma="賛成" pos="X">賛成</wf>
         <wf lemma="する" pos="X">する</wf>
         <wf lemma="よう" pos="X">よう</wf>
         <wf lemma="彼女" pos="X">彼女</wf>
         <wf lemma="を" pos="X">を</wf>
         <instance id="d000.s3704.t000" lemma="丸めこむ" pos="VERB">丸めこん</instance>
         <wf lemma="だ" pos="X">だ</wf>
         <wf lemma="." pos="X">.</wf>
      </sentence>
      <sentence id="d000.s3705" source="wordnet-japanese">
         <wf lemma="洗濯物" pos="X">洗濯物</wf>
         <wf lemma="は" pos="X">は</wf>
         <wf lemma="日" pos="X">日</wf>
         <wf lemma="なたで" pos="X">なたで</wf>
         <instance id="d000.s3705.t000" lemma="乾く" pos="VERB">乾く</instance>
         <wf lemma="." pos="X">.</wf>
      </sentence>
      <sentence id="d000.s3706" source="wordnet-japanese">
         <wf lemma="彼女" pos="X">彼女</wf>
         <wf lemma="は" pos="X">は</wf>
         <wf lemma="感情" pos="X">感情</wf>
         <wf lemma="の" pos="X">の</wf>
         <instance id="d000.s3706.t000" lemma="はけ口" pos="NOUN">はけ口</instance>
         <wf lemma="が" pos="X">が</wf>
         <wf lemma="他" pos="X">他</wf>
         <wf lemma="に" pos="X">に</wf>
         <wf lemma="なかっ" pos="X">なかっ</wf>
         <wf lemma="た" pos="X">た</wf>
         <wf lemma="." pos="X">.</wf>
      </sentence>
      <sentence id="d000.s3707" source="wordnet-japanese">
         <wf lemma="本" pos="X">本</wf>
         <wf lemma="が" pos="X">が</wf>
         <wf lemma="読める" pos="X">読める</wf>
         <wf lemma="くらい" pos="X">くらい</wf>
         <instance id="d000.s3707.t000" lemma="月" pos="NOUN">月</instance>
         <wf lemma="は" pos="X">は</wf>
         <wf lemma="明るかっ" pos="X">明るかっ</wf>
         <wf lemma="た" pos="X">た</wf>
         <wf lemma="." pos="X">.</wf>
      </sentence>
      <sentence id="d000.s3708" source="wordnet-japanese">
         <instance id="d000.s3708.t000" lemma="寒さ" pos="NOUN">寒さ</instance>
         <wf lemma="で" pos="X">で</wf>
         <wf lemma="、" pos="X">、</wf>
         <wf lemma="私たち" pos="X">私たち</wf>
         <wf lemma="の" pos="X">の</wf>
         <wf lemma="息" pos="X">息</wf>
         <wf lemma="は" pos="X">は</wf>
         <wf lemma="目" pos="X">目</wf>
         <wf lemma="に" pos="X">に</wf>
         <wf lemma="見える" pos="X">見える</wf>
         <wf lemma="ように" pos="X">ように</wf>
         <wf lemma="なっ" pos="X">なっ</wf>
         <wf lemma="た" pos="X">た</wf>
         <wf lemma="." pos="X">.</wf>
      </sentence>
      <sentence id="d000.s3709" source="wordnet-japanese">
         <wf lemma="ドイツ" pos="X">ドイツ</wf>
         <wf lemma="が" pos="X">が</wf>
         <wf lemma="パリ" pos="X">パリ</wf>
         <wf lemma="を" pos="X">を</wf>
         <instance id="d000.s3709.t000" lemma="占領" pos="NOUN">占領</instance>
         <wf lemma="し" pos="X">し</wf>
         <wf lemma="て" pos="X">て</wf>
         <wf lemma="いる" pos="X">いる</wf>
         <wf lemma="間" pos="X">間</wf>
         <wf lemma="." pos="X">.</wf>
      </sentence>
      <sentence id="d000.s3710" source="wordnet-japanese">
         <wf lemma="平凡" pos="X">平凡</wf>
         <wf lemma="な" pos="X">な</wf>
         <wf lemma="人" pos="X">人</wf>
         <wf lemma="の" pos="X">の</wf>
         <instance id="d000.s3710.t000" lemma="好色" pos="ADJ">好色</instance>
         <wf lemma="な" pos="X">な</wf>
         <wf lemma="女たらし." pos="X">女たらし.</wf>
      </sentence>
      <sentence id="d000.s3711" source="wordnet-japanese">
         <wf lemma="彼" pos="X">彼</wf>
         <wf lemma="は" pos="X">は</wf>
         <wf lemma="もう" pos="X">もう</wf>
         <wf lemma="二度" pos="X">二度</wf>
         <wf lemma="と" pos="X">と</wf>
         <instance id="d000.s3711.t000" lemma="郷里" pos="NOUN">郷里</instance>
         <wf lemma="に" pos="X">に</wf>
         <wf lemma="帰ら" pos="X">帰ら</wf>
         <wf lemma="なかっ" pos="X">なかっ</wf>
         <wf lemma="た" pos="X">た</wf>
         <wf lemma="." pos="X">.</wf>
      </sentence>
      <sentence id="d000.s3712" source="wordnet-japanese">
         <wf lemma="少女" pos="X">少女</wf>
         <wf lemma="が" pos="X">が</wf>
         <wf lemma="通り過ぎ" pos="X">通り過ぎ</wf>
         <wf lemma="た" pos="X">た</wf>
         <wf lemma="とき" pos="X">とき</wf>
         <wf lemma="、" pos="X">、</wf>
         <wf lemma="青年" pos="X">青年</wf>
         <wf lemma="が" pos="X">が</wf>
         <wf lemma="口笛" pos="X">口笛</wf>
         <wf lemma="を" pos="X">を</wf>
         <wf lemma="吹い" pos="X">吹い</wf>
         <wf lemma="た" pos="X">た</wf>
         <wf lemma="ため" pos="X">ため</wf>
         <wf lemma="、" pos="X">、</wf>
         <wf lemma="彼女" pos="X">彼女</wf>
         <wf lemma="は" pos="X">は</wf>
         <wf lemma="顔" pos="X">顔</wf>
         <wf lemma="を" pos="X">を</wf>
         <instance id="d000.s3712.t000" lemma="赤らめる" pos="VERB">赤らめ</instance>
         <wf lemma="た" pos="X">た</wf>
         <wf lemma="." pos="X">.</wf>
      </sentence>
      <sentence id="d000.s3713" source="wordnet-japanese">
         <wf lemma="彼" pos="X">彼</wf>
         <wf lemma="は" pos="X">は</wf>
         <wf lemma="写真" pos="X">写真</wf>
         <wf lemma="の" pos="X">の</wf>
         <instance id="d000.s3713.t000" lemma="裏" pos="NOUN">裏</instance>
         <wf lemma="に" pos="X">に</wf>
         <wf lemma="日付" pos="X">日付</wf>
         <wf lemma="を" pos="X">を</wf>
         <wf lemma="書い" pos="X">書い</wf>
         <wf lemma="た" pos="X">た</wf>
         <wf lemma="." pos="X">.</wf>
      </sentence>
      <sentence id="d000.s3714" source="wordnet-japanese">
         <wf lemma="彼ら" pos="X">彼ら</wf>
         <wf lemma="は" pos="X">は</wf>
         <wf lemma="毎年" pos="X">毎年</wf>
         <instance id="d000.s3714.t000" lemma="製品" pos="NOUN">製品</instance>
         <wf lemma="を" pos="X">を</wf>
         <wf lemma="改良" pos="X">改良</wf>
         <wf lemma="する" pos="X">する</wf>
         <wf lemma="." pos="X">.</wf>
      </sentence>
      <sentence id="d000.s3715" source="wordnet-japanese">
         <wf lemma="電子" pos="X">電子</wf>
         <wf lemma="は" pos="X">は</wf>
         <wf lemma="核" pos="X">核</wf>
         <wf lemma="の" pos="X">の</wf>
         <wf lemma="周囲" pos="X">周囲</wf>
         <wf lemma="を" pos="X">を</wf>
         <wf lemma="軌道" pos="X">軌道</wf>
         <wf lemma="を" pos="X">を</wf>
         <wf lemma="描い" pos="X">描い</wf>
         <wf lemma="て" pos="X">て</wf>
         <instance id="d000.s3715.t000" lemma="回る" pos="VERB">回る</instance>
         <wf lemma="." pos="X">.</wf>
      </sentence>
      <sentence id="d000.s3716" source="wordnet-japanese">
         <wf lemma="起動" pos="X">起動</wf>
         <wf lemma="指示" pos="X">指示</wf>
         <wf lemma="は" pos="X">は</wf>
         <wf lemma="ハードディスク" pos="X">ハードディスク</wf>
         <wf lemma="に" pos="X">に</wf>
         <instance id="d000.s3716.t000" lemma="書き込む" pos="VERB">書き込ま</instance>
         <wf lemma="れ" pos="X">れ</wf>
         <wf lemma="て" pos="X">て</wf>
         <wf lemma="いる" pos="X">いる</wf>
         <wf lemma="." pos="X">.</wf>
      </sentence>
      <sentence id="d000.s3717" source="wordnet-japanese">
         <instance id="d000.s3717.t000" lemma="貧しい" pos="ADJ">貧しい</instance>
         <wf lemma="給料" pos="X">給料</wf>
         <wf lemma="." pos="X">.</wf>
      </sentence>
      <sentence id="d000.s3718" source="wordnet-japanese">
         <wf lemma="燧石" pos="X">燧石</wf>
         <wf lemma="は" pos="X">は</wf>
         <wf lemma="クマ" pos="X">クマ</wf>
         <wf lemma="の" pos="X">の</wf>
         <wf lemma="有史" pos="X">有史</wf>
         <wf lemma="以前" pos="X">以前</wf>
         <wf lemma="の" pos="X">の</wf>
         <wf lemma="残骸" pos="X">残骸</wf>
         <wf lemma="と" pos="X">と</wf>
         <instance id="d000.s3718.t000" lemma="関連" pos="NOUN">関連</instance>
         <wf lemma="し" pos="X">し</wf>
         <wf lemma="て" pos="X">て</wf>
         <wf lemma="見つけ" pos="X">見つけ</wf>
         <wf lemma="られ" pos="X">られ</wf>
         <wf lemma="た" pos="X">た</wf>
         <wf lemma="." pos="X">.</wf>
      </sentence>
      <sentence id="d000.s3719" source="wordnet-japanese">
         <wf lemma="管" pos="X">管</wf>
         <wf lemma="は" pos="X">は</wf>
         <instance id="d000.s3719.t000" lemma="巨視的" pos="ADV">巨視的</instance>
         <wf lemma="に" pos="X">に</wf>
         <wf lemma="検査" pos="X">検査</wf>
         <wf lemma="さ" pos="X">さ</wf>
         <wf lemma="れ" pos="X">れ</wf>
         <wf lemma="た" pos="X">た</wf>
         <wf lemma="." pos="X">.</wf>
      </sentence>
      <sentence id="d000.s3720" source="wordnet-japanese">
         <wf lemma="時間" pos="X">時間</wf>
         <wf lemma="は" pos="X">は</wf>
         <wf lemma="彼" pos="X">彼</wf>
         <wf lemma="を" pos="X">を</wf>
         <instance id="d000.s3720.t000" lemma="正しい" pos="ADJ">正しい</instance>
         <wf lemma="と" pos="X">と</wf>
         <wf lemma="証明" pos="X">証明</wf>
         <wf lemma="し" pos="X">し</wf>
         <wf lemma="た" pos="X">た</wf>
         <wf lemma="." pos="X">.</wf>
      </sentence>
      <sentence id="d000.s3721" source="wordnet-japanese">
         <wf lemma="この" pos="X">この</wf>
         <wf lemma="運動" pos="X">運動</wf>
         <wf lemma="は" pos="X">は</wf>
         <wf lemma="あなた" pos="X">あなた</wf>
         <wf lemma="の" pos="X">の</wf>
         <wf lemma="背中" pos="X">背中</wf>
         <wf lemma="を" pos="X">を</wf>
         <instance id="d000.s3721.t000" lemma="痛める" pos="VERB">痛める</instance>
         <wf lemma="だろ" pos="X">だろ</wf>
         <wf lemma="う" pos="X">う</wf>
         <wf lemma="." pos="X">.</wf>
      </sentence>
      <sentence id="d000.s3722" source="wordnet-japanese">
         <wf lemma="彼ら" pos="X">彼ら</wf>
         <wf lemma="は" pos="X">は</wf>
         <wf lemma="見" pos="X">見</wf>
         <wf lemma="知ら" pos="X">知ら</wf>
         <wf lemma="ぬ" pos="X">ぬ</wf>
         <wf lemma="同士" pos="X">同士</wf>
         <wf lemma="、" pos="X">、</wf>
         <instance id="d000.s3722.t000" lemma="一瞬" pos="NOUN">一瞬</instance>
         <wf lemma="を" pos="X">を</wf>
         <wf lemma="ともに" pos="X">ともに</wf>
         <wf lemma="過ごし" pos="X">過ごし</wf>
         <wf lemma="た" pos="X">た</wf>
         <wf lemma="." pos="X">.</wf>
      </sentence>
      <sentence id="d000.s3723" source="wordnet-japanese">
         <instance id="d000.s3723.t000" lemma="深い" pos="ADJ">深い</instance>
         <wf lemma="境界" pos="X">境界</wf>
         <wf lemma="." pos="X">.</wf>
      </sentence>
      <sentence id="d000.s3724" source="wordnet-japanese">
         <wf lemma="郊外" pos="X">郊外</wf>
         <wf lemma="へ" pos="X">へ</wf>
         <wf lemma="の" pos="X">の</wf>
         <wf lemma="中流" pos="X">中流</wf>
         <wf lemma="階級" pos="X">階級</wf>
         <wf lemma="の" pos="X">の</wf>
         <instance id="d000.s3724.t000" lemma="引力" pos="NOUN">引力</instance>
         <wf lemma="." pos="X">.</wf>
      </sentence>
      <sentence id="d000.s3725" source="wordnet-japanese">
         <wf lemma="その" pos="X">その</wf>
         <wf lemma="問題" pos="X">問題</wf>
         <wf lemma="に" pos="X">に</wf>
         <instance id="d000.s3725.t000" lemma="かなり" pos="ADJ">かなり</instance>
         <wf lemma="の" pos="X">の</wf>
         <wf lemma="時間" pos="X">時間</wf>
         <wf lemma="を" pos="X">を</wf>
         <wf lemma="費やし" pos="X">費やし</wf>
         <wf lemma="た" pos="X">た</wf>
         <wf lemma="." pos="X">.</wf>
      </sentence>
      <sentence id="d000.s3726" source="wordnet-japanese">
         <wf lemma="彼" pos="X">彼</wf>
         <wf lemma="は" pos="X">は</wf>
         <wf lemma="走者" pos="X">走者</wf>
         <wf lemma="が" pos="X">が</wf>
         <instance id="d000.s3726.t000" lemma="ホーム" pos="NOUN">ホーム</instance>
         <wf lemma="に" pos="X">に</wf>
         <wf lemma="タッチ" pos="X">タッチ</wf>
         <wf lemma="し" pos="X">し</wf>
         <wf lemma="損なっ" pos="X">損なっ</wf>
         <wf lemma="た" pos="X">た</wf>
         <wf lemma="と" pos="X">と</wf>
         <wf lemma="判定" pos="X">判定</wf>
         <wf lemma="し" pos="X">し</wf>
         <wf lemma="た" pos="X">た</wf>
         <wf lemma="." pos="X">.</wf>
      </sentence>
      <sentence id="d000.s3727" source="wordnet-japanese">
         <instance id="d000.s3727.t000" lemma="道徳的" pos="ADJ">道徳的</instance>
         <wf lemma="な" pos="X">な</wf>
         <wf lemma="板挟み" pos="X">板挟み</wf>
         <wf lemma="." pos="X">.</wf>
      </sentence>
      <sentence id="d000.s3728" source="wordnet-japanese">
         <wf lemma="名前" pos="X">名前</wf>
         <wf lemma="は" pos="X">は</wf>
         <wf lemma="アルファベット" pos="X">アルファベット</wf>
         <instance id="d000.s3728.t000" lemma="順" pos="NOUN">順</instance>
         <wf lemma="に" pos="X">に</wf>
         <wf lemma="並ん" pos="X">並ん</wf>
         <wf lemma="で" pos="X">で</wf>
         <wf lemma="い" pos="X">い</wf>
         <wf lemma="た" pos="X">た</wf>
         <wf lemma="." pos="X">.</wf>
      </sentence>
      <sentence id="d000.s3729" source="wordnet-japanese">
         <wf lemma="ビジネス" pos="X">ビジネス</wf>
         <wf lemma="で" pos="X">で</wf>
         <wf lemma="は" pos="X">は</wf>
         <wf lemma="、" pos="X">、</wf>
         <wf lemma="単に" pos="X">単に</wf>
         <instance id="d000.s3729.t000" lemma="陰険" pos="ADJ">陰険</instance>
         <wf lemma="な" pos="X">な</wf>
         <wf lemma="方法" pos="X">方法</wf>
         <wf lemma="で" pos="X">で</wf>
         <wf lemma="、" pos="X">、</wf>
         <wf lemma="成功" pos="X">成功</wf>
         <wf lemma="を" pos="X">を</wf>
         <wf lemma="収める" pos="X">収める</wf>
         <wf lemma="." pos="X">.</wf>
      </sentence>
      <sentence id="d000.s3730" source="wordnet-japanese">
         <wf lemma="要求" pos="X">要求</wf>
         <wf lemma="の" pos="X">の</wf>
         <wf lemma="完全" pos="X">完全</wf>
         <wf lemma="で" pos="X">で</wf>
         <wf lemma="最終的" pos="X">最終的</wf>
         <wf lemma="な" pos="X">な</wf>
         <instance id="d000.s3730.t000" lemma="満足" pos="NOUN">満足</instance>
         <wf lemma="." pos="X">.</wf>
      </sentence>
      <sentence id="d000.s3731" source="wordnet-japanese">
         <wf lemma="車" pos="X">車</wf>
         <wf lemma="は" pos="X">は</wf>
         <wf lemma="所定" pos="X">所定</wf>
         <wf lemma="の" pos="X">の</wf>
         <instance id="d000.s3731.t000" lemma="場所" pos="NOUN">場所</instance>
         <wf lemma="に" pos="X">に</wf>
         <wf lemma="あっ" pos="X">あっ</wf>
         <wf lemma="た" pos="X">た</wf>
         <wf lemma="." pos="X">.</wf>
      </sentence>
      <sentence id="d000.s3732" source="wordnet-japanese">
         <instance id="d000.s3732.t000" lemma="満足" pos="ADJ">満足</instance>
         <wf lemma="し" pos="X">し</wf>
         <wf lemma="た" pos="X">た</wf>
         <wf lemma="微笑" pos="X">微笑</wf>
         <wf lemma="." pos="X">.</wf>
      </sentence>
      <sentence id="d000.s3733" source="wordnet-japanese">
         <wf lemma="彼女" pos="X">彼女</wf>
         <wf lemma="は" pos="X">は</wf>
         <wf lemma="、" pos="X">、</wf>
         <wf lemma="失望" pos="X">失望</wf>
         <wf lemma="を" pos="X">を</wf>
         <instance id="d000.s3733.t000" lemma="表す" pos="VERB">表し</instance>
         <wf lemma="た" pos="X">た</wf>
         <wf lemma="." pos="X">.</wf>
      </sentence>
      <sentence id="d000.s3734" source="wordnet-japanese">
         <instance id="d000.s3734.t000" lemma="利発" pos="ADJ">利発</instance>
         <wf lemma="な" pos="X">な</wf>
         <wf lemma="生徒" pos="X">生徒</wf>
         <wf lemma="." pos="X">.</wf>
      </sentence>
      <sentence id="d000.s3735" source="wordnet-japanese">
         <wf lemma="物語" pos="X">物語</wf>
         <wf lemma="の" pos="X">の</wf>
         <instance id="d000.s3735.t000" lemma="要点" pos="NOUN">要点</instance>
         <wf lemma="." pos="X">.</wf>
      </sentence>
      <sentence id="d000.s3736" source="wordnet-japanese">
         <wf lemma="彼ら" pos="X">彼ら</wf>
         <wf lemma="は" pos="X">は</wf>
         <wf lemma="彼" pos="X">彼</wf>
         <wf lemma="の" pos="X">の</wf>
         <instance id="d000.s3736.t000" lemma="背中" pos="NOUN">背中</instance>
         <wf lemma="に" pos="X">に</wf>
         <wf lemma="'" pos="X">'</wf>
         <wf lemma="私" pos="X">私</wf>
         <wf lemma="を" pos="X">を</wf>
         <wf lemma="蹴っ" pos="X">蹴っ</wf>
         <wf lemma="て" pos="X">て</wf>
         <wf lemma="ください" pos="X">ください</wf>
         <wf lemma="'" pos="X">'</wf>
         <wf lemma="という" pos="X">という</wf>
         <wf lemma="サイン" pos="X">サイン</wf>
         <wf lemma="を" pos="X">を</wf>
         <wf lemma="貼り付け" pos="X">貼り付け</wf>
         <wf lemma="た" pos="X">た</wf>
         <wf lemma="." pos="X">.</wf>
      </sentence>
      <sentence id="d000.s3737" source="wordnet-japanese">
         <wf lemma="彼" pos="X">彼</wf>
         <wf lemma="は" pos="X">は</wf>
         <wf lemma="自分" pos="X">自分</wf>
         <wf lemma="に" pos="X">に</wf>
         <wf lemma="仕える" pos="X">仕える</wf>
         <wf lemma="女性" pos="X">女性</wf>
         <wf lemma="の" pos="X">の</wf>
         <wf lemma="人数" pos="X">人数</wf>
         <wf lemma="に" pos="X">に</wf>
         <instance id="d000.s3737.t000" lemma="上限" pos="NOUN">上限</instance>
         <wf lemma="を" pos="X">を</wf>
         <wf lemma="定め" pos="X">定め</wf>
         <wf lemma="た" pos="X">た</wf>
         <wf lemma="." pos="X">.</wf>
      </sentence>
      <sentence id="d000.s3738" source="wordnet-japanese">
         <wf lemma="私" pos="X">私</wf>
         <wf lemma="は" pos="X">は</wf>
         <wf lemma="彼" pos="X">彼</wf>
         <wf lemma="が" pos="X">が</wf>
         <wf lemma="それ" pos="X">それ</wf>
         <wf lemma="を" pos="X">を</wf>
         <instance id="d000.s3738.t000" lemma="続ける" pos="VERB">続ける</instance>
         <wf lemma="の" pos="X">の</wf>
         <wf lemma="は" pos="X">は</wf>
         <wf lemma="難しい" pos="X">難しい</wf>
         <wf lemma="と" pos="X">と</wf>
         <wf lemma="分かっ" pos="X">分かっ</wf>
         <wf lemma="て" pos="X">て</wf>
         <wf lemma="いる" pos="X">いる</wf>
         <wf lemma="、" pos="X">、</wf>
         <wf lemma="しかし" pos="X">しかし</wf>
         <wf lemma="ほか" pos="X">ほか</wf>
         <wf lemma="に" pos="X">に</wf>
         <wf lemma="選択肢" pos="X">選択肢</wf>
         <wf lemma="は" pos="X">は</wf>
         <wf lemma="ない" pos="X">ない</wf>
         <wf lemma="；" pos="X">；</wf>
         <wf lemma="我々" pos="X">我々</wf>
         <wf lemma="が" pos="X">が</wf>
         <wf lemma="部屋" pos="X">部屋</wf>
         <wf lemma="に" pos="X">に</wf>
         <wf lemma="い" pos="X">い</wf>
         <wf lemma="ない" pos="X">ない</wf>
         <wf lemma="こと" pos="X">こと</wf>
         <wf lemma="を" pos="X">を</wf>
         <wf lemma="装い" pos="X">装い</wf>
         <wf lemma="続ける" pos="X">続ける</wf>
         <wf lemma="." pos="X">.</wf>
      </sentence>
      <sentence id="d000.s3739" source="wordnet-japanese">
         <wf lemma="線" pos="X">線</wf>
         <wf lemma="を" pos="X">を</wf>
         <instance id="d000.s3739.t000" lemma="引く" pos="VERB">引く</instance>
         <wf lemma="." pos="X">.</wf>
      </sentence>
      <sentence id="d000.s3740" source="wordnet-japanese">
         <wf lemma="スポットライト" pos="X">スポットライト</wf>
         <wf lemma="で" pos="X">で</wf>
         <instance id="d000.s3740.t000" lemma="明るい" pos="ADJ">明るい</instance>
         <wf lemma="ステージ" pos="X">ステージ</wf>
         <wf lemma="." pos="X">.</wf>
      </sentence>
      <sentence id="d000.s3741" source="wordnet-japanese">
         <wf lemma="英国人" pos="X">英国人</wf>
         <wf lemma="は" pos="X">は</wf>
         <wf lemma="アメリカ人" pos="X">アメリカ人</wf>
         <wf lemma="より" pos="X">より</wf>
         <wf lemma="社会的" pos="X">社会的</wf>
         <instance id="d000.s3741.t000" lemma="地位" pos="NOUN">地位</instance>
         <wf lemma="を" pos="X">を</wf>
         <wf lemma="気" pos="X">気</wf>
         <wf lemma="に" pos="X">に</wf>
         <wf lemma="する" pos="X">する</wf>
         <wf lemma="." pos="X">.</wf>
      </sentence>
      <sentence id="d000.s3742" source="wordnet-japanese">
         <instance id="d000.s3742.t000" lemma="若い" pos="ADJ">若い</instance>
         <wf lemma="産業" pos="X">産業</wf>
         <wf lemma="." pos="X">.</wf>
      </sentence>
      <sentence id="d000.s3743" source="wordnet-japanese">
         <wf lemma="選手がけが" pos="X">選手がけが</wf>
         <wf lemma="を" pos="X">を</wf>
         <wf lemma="し" pos="X">し</wf>
         <wf lemma="て" pos="X">て</wf>
         <wf lemma="活動" pos="X">活動</wf>
         <wf lemma="が" pos="X">が</wf>
         <instance id="d000.s3743.t000" lemma="中断" pos="NOUN">中断</instance>
         <wf lemma="さ" pos="X">さ</wf>
         <wf lemma="れ" pos="X">れ</wf>
         <wf lemma="た" pos="X">た</wf>
         <wf lemma="." pos="X">.</wf>
      </sentence>
      <sentence id="d000.s3744" source="wordnet-japanese">
         <wf lemma="使い" pos="X">使い</wf>
         <wf lemma="終わっ" pos="X">終わっ</wf>
         <wf lemma="た" pos="X">た</wf>
         <wf lemma="後" pos="X">後</wf>
         <wf lemma="、" pos="X">、</wf>
         <wf lemma="アイロン" pos="X">アイロン</wf>
         <wf lemma="の" pos="X">の</wf>
         <wf lemma="接続" pos="X">接続</wf>
         <wf lemma="を" pos="X">を</wf>
         <wf lemma="切断" pos="X">切断</wf>
         <wf lemma="する" pos="X">する</wf>
         <wf lemma="こと" pos="X">こと</wf>
         <wf lemma="を" pos="X">を</wf>
         <instance id="d000.s3744.t000" lemma="確実" pos="ADJ">確実</instance>
         <wf lemma="に" pos="X">に</wf>
         <wf lemma="する" pos="X">する</wf>
         <wf lemma="." pos="X">.</wf>
      </sentence>
      <sentence id="d000.s3745" source="wordnet-japanese">
         <instance id="d000.s3745.t000" lemma="不機嫌" pos="ADJ">不機嫌</instance>
         <wf lemma="で" pos="X">で</wf>
         <wf lemma="反社交的" pos="X">反社交的</wf>
         <wf lemma="な" pos="X">な</wf>
         <wf lemma="態度" pos="X">態度</wf>
         <wf lemma="." pos="X">.</wf>
      </sentence>
      <sentence id="d000.s3746" source="wordnet-japanese">
         <wf lemma="ロープ" pos="X">ロープ</wf>
         <wf lemma="1" pos="X">1</wf>
         <instance id="d000.s3746.t000" lemma="巻き" pos="NOUN">巻き</instance>
         <wf lemma="." pos="X">.</wf>
      </sentence>
      <sentence id="d000.s3747" source="wordnet-japanese">
         <wf lemma="嵐" pos="X">嵐</wf>
         <wf lemma="は" pos="X">は</wf>
         <instance id="d000.s3747.t000" lemma="弱まる" pos="VERB">弱まっ</instance>
         <wf lemma="た" pos="X">た</wf>
         <wf lemma="." pos="X">.</wf>
      </sentence>
      <sentence id="d000.s3748" source="wordnet-japanese">
         <wf lemma="感覚" pos="X">感覚</wf>
         <wf lemma="における" pos="X">における</wf>
         <instance id="d000.s3748.t000" lemma="起源" pos="NOUN">起源</instance>
         <wf lemma="." pos="X">.</wf>
      </sentence>
      <sentence id="d000.s3749" source="wordnet-japanese">
         <wf lemma="、" pos="X">、</wf>
         <instance id="d000.s3749.t000" lemma="熱可塑性" pos="ADJ">熱可塑性</instance>
         <wf lemma="の" pos="X">の</wf>
         <wf lemma="材料" pos="X">材料</wf>
         <wf lemma="は" pos="X">は</wf>
         <wf lemma="どんな" pos="X">どんな</wf>
         <wf lemma="に" pos="X">に</wf>
         <wf lemma="大きな" pos="X">大きな</wf>
         <wf lemma="化学" pos="X">化学</wf>
         <wf lemma="変化" pos="X">変化</wf>
         <wf lemma="も" pos="X">も</wf>
         <wf lemma="受け" pos="X">受け</wf>
         <wf lemma="ず" pos="X">ず</wf>
         <wf lemma="、" pos="X">、</wf>
         <wf lemma="繰り返し" pos="X">繰り返し</wf>
         <wf lemma="溶解" pos="X">溶解</wf>
         <wf lemma="し" pos="X">し</wf>
         <wf lemma="て" pos="X">て</wf>
         <wf lemma="冷却" pos="X">冷却</wf>
         <wf lemma="する" pos="X">する</wf>
         <wf lemma="こと" pos="X">こと</wf>
         <wf lemma="が" pos="X">が</wf>
         <wf lemma="できる" pos="X">できる</wf>
         <wf lemma="." pos="X">.</wf>
      </sentence>
      <sentence id="d000.s3750" source="wordnet-japanese">
         <wf lemma="本当" pos="X">本当</wf>
         <wf lemma="の" pos="X">の</wf>
         <instance id="d000.s3750.t000" lemma="ウイルス" pos="NOUN">ウイルス</instance>
         <wf lemma="は" pos="X">は</wf>
         <wf lemma="、" pos="X">、</wf>
         <wf lemma="人間" pos="X">人間</wf>
         <wf lemma="の" pos="X">の</wf>
         <wf lemma="力添え" pos="X">力添え</wf>
         <wf lemma="なし" pos="X">なし</wf>
         <wf lemma="で" pos="X">で</wf>
         <wf lemma="別" pos="X">別</wf>
         <wf lemma="の" pos="X">の</wf>
         <wf lemma="コンピュータ" pos="X">コンピュータ</wf>
         <wf lemma="まで" pos="X">まで</wf>
         <wf lemma="広がる" pos="X">広がる</wf>
         <wf lemma="こと" pos="X">こと</wf>
         <wf lemma="が" pos="X">が</wf>
         <wf lemma="でき" pos="X">でき</wf>
         <wf lemma="ない" pos="X">ない</wf>
         <wf lemma="." pos="X">.</wf>
      </sentence>
      <sentence id="d000.s3751" source="wordnet-japanese">
         <wf lemma="私" pos="X">私</wf>
         <wf lemma="たち" pos="X">たち</wf>
         <wf lemma="は" pos="X">は</wf>
         <wf lemma="出席者" pos="X">出席者</wf>
         <wf lemma="全員" pos="X">全員</wf>
         <wf lemma="について" pos="X">について</wf>
         <instance id="d000.s3751.t000" lemma="問い合わせ" pos="NOUN">問い合わせ</instance>
         <wf lemma="を" pos="X">を</wf>
         <wf lemma="行っ" pos="X">行っ</wf>
         <wf lemma="た" pos="X">た</wf>
         <wf lemma="." pos="X">.</wf>
      </sentence>
      <sentence id="d000.s3752" source="wordnet-japanese">
         <wf lemma="裁判長" pos="X">裁判長</wf>
         <wf lemma="の" pos="X">の</wf>
         <wf lemma="陪審員" pos="X">陪審員</wf>
         <wf lemma="へ" pos="X">へ</wf>
         <wf lemma="の" pos="X">の</wf>
         <instance id="d000.s3752.t000" lemma="命令" pos="NOUN">命令</instance>
         <wf lemma="." pos="X">.</wf>
      </sentence>
      <sentence id="d000.s3753" source="wordnet-japanese">
         <wf lemma="宣戦" pos="X">宣戦</wf>
         <wf lemma="布告" pos="X">布告</wf>
         <wf lemma="が" pos="X">が</wf>
         <wf lemma="なさ" pos="X">なさ</wf>
         <wf lemma="れ" pos="X">れ</wf>
         <wf lemma="た" pos="X">た</wf>
         <instance id="d000.s3753.t000" lemma="理由" pos="NOUN">理由</instance>
         <wf lemma="." pos="X">.</wf>
      </sentence>
      <sentence id="d000.s3754" source="wordnet-japanese">
         <wf lemma="シマウマ" pos="X">シマウマ</wf>
         <wf lemma="に" pos="X">に</wf>
         <instance id="d000.s3754.t000" lemma="特有" pos="ADJ">特有</instance>
         <wf lemma="な" pos="X">な</wf>
         <wf lemma="縞." pos="X">縞.</wf>
      </sentence>
      <sentence id="d000.s3755" source="wordnet-japanese">
         <wf lemma="未来" pos="X">未来</wf>
         <wf lemma="の" pos="X">の</wf>
         <wf lemma="不確" pos="X">不確</wf>
         <wf lemma="さ" pos="X">さ</wf>
         <wf lemma="によって" pos="X">によって</wf>
         <instance id="d000.s3755.t000" lemma="さらに" pos="ADV">さらに</instance>
         <wf lemma="複雑化" pos="X">複雑化</wf>
         <wf lemma="する" pos="X">する</wf>
         <wf lemma="." pos="X">.</wf>
      </sentence>
      <sentence id="d000.s3756" source="wordnet-japanese">
         <instance id="d000.s3756.t000" lemma="ネットワーク" pos="NOUN">ネットワーク</instance>
         <wf lemma="は" pos="X">は</wf>
         <wf lemma="、" pos="X">、</wf>
         <wf lemma="重要" pos="X">重要</wf>
         <wf lemma="な" pos="X">な</wf>
         <wf lemma="スポーツ" pos="X">スポーツ</wf>
         <wf lemma="大会" pos="X">大会</wf>
         <wf lemma="を" pos="X">を</wf>
         <wf lemma="放送" pos="X">放送</wf>
         <wf lemma="する" pos="X">する</wf>
         <wf lemma="ため" pos="X">ため</wf>
         <wf lemma="に" pos="X">に</wf>
         <wf lemma="競争" pos="X">競争</wf>
         <wf lemma="する" pos="X">する</wf>
         <wf lemma="." pos="X">.</wf>
      </sentence>
      <sentence id="d000.s3757" source="wordnet-japanese">
         <wf lemma="至る" pos="X">至る</wf>
         <wf lemma="ところ" pos="X">ところ</wf>
         <wf lemma="で" pos="X">で</wf>
         <instance id="d000.s3757.t000" lemma="若者" pos="NOUN">若者</instance>
         <wf lemma="たち" pos="X">たち</wf>
         <wf lemma="が" pos="X">が</wf>
         <wf lemma="反旗" pos="X">反旗</wf>
         <wf lemma="を" pos="X">を</wf>
         <wf lemma="翻す" pos="X">翻す</wf>
         <wf lemma="." pos="X">.</wf>
      </sentence>
      <sentence id="d000.s3758" source="wordnet-japanese">
         <wf lemma="石炭" pos="X">石炭</wf>
         <wf lemma="の" pos="X">の</wf>
         <instance id="d000.s3758.t000" lemma="塊" pos="NOUN">塊</instance>
         <wf lemma="." pos="X">.</wf>
      </sentence>
      <sentence id="d000.s3759" source="wordnet-japanese">
         <wf lemma="彼ら" pos="X">彼ら</wf>
         <wf lemma="は" pos="X">は</wf>
         <wf lemma="私たち" pos="X">私たち</wf>
         <wf lemma="に" pos="X">に</wf>
         <wf lemma="マイアミ" pos="X">マイアミ</wf>
         <wf lemma="から" pos="X">から</wf>
         <instance id="d000.s3759.t000" lemma="カード" pos="NOUN">カード</instance>
         <wf lemma="を" pos="X">を</wf>
         <wf lemma="送っ" pos="X">送っ</wf>
         <wf lemma="て" pos="X">て</wf>
         <wf lemma="き" pos="X">き</wf>
         <wf lemma="た" pos="X">た</wf>
         <wf lemma="." pos="X">.</wf>
      </sentence>
      <sentence id="d000.s3760" source="wordnet-japanese">
         <wf lemma="与え" pos="X">与え</wf>
         <wf lemma="られ" pos="X">られ</wf>
         <wf lemma="た" pos="X">た</wf>
         <wf lemma="点" pos="X">点</wf>
         <wf lemma="から" pos="X">から</wf>
         <wf lemma="等距離" pos="X">等距離</wf>
         <wf lemma="に" pos="X">に</wf>
         <wf lemma="ある" pos="X">ある</wf>
         <wf lemma="点" pos="X">点</wf>
         <wf lemma="の" pos="X">の</wf>
         <instance id="d000.s3760.t000" lemma="軌跡" pos="NOUN">軌跡</instance>
         <wf lemma="は" pos="X">は</wf>
         <wf lemma="円" pos="X">円</wf>
         <wf lemma="に" pos="X">に</wf>
         <wf lemma="なる" pos="X">なる</wf>
         <wf lemma="." pos="X">.</wf>
      </sentence>
      <sentence id="d000.s3761" source="wordnet-japanese">
         <wf lemma="チャペル" pos="X">チャペル</wf>
         <wf lemma="は" pos="X">は</wf>
         <instance id="d000.s3761.t000" lemma="不気味" pos="ADV">不気味</instance>
         <wf lemma="な" pos="X">な</wf>
         <wf lemma="ほど" pos="X">ほど</wf>
         <wf lemma="に" pos="X">に</wf>
         <wf lemma="静か" pos="X">静か</wf>
         <wf lemma="だっ" pos="X">だっ</wf>
         <wf lemma="た" pos="X">た</wf>
         <wf lemma="." pos="X">.</wf>
      </sentence>
      <sentence id="d000.s3762" source="wordnet-japanese">
         <wf lemma="農民" pos="X">農民</wf>
         <wf lemma="は" pos="X">は</wf>
         <wf lemma="、" pos="X">、</wf>
         <wf lemma="休日" pos="X">休日</wf>
         <wf lemma="に" pos="X">に</wf>
         <wf lemma="ブタ" pos="X">ブタ</wf>
         <wf lemma="を" pos="X">を</wf>
         <instance id="d000.s3762.t000" lemma="殺す" pos="VERB">殺し</instance>
         <wf lemma="た" pos="X">た</wf>
         <wf lemma="." pos="X">.</wf>
      </sentence>
      <sentence id="d000.s3763" source="wordnet-japanese">
         <wf lemma="彼ら" pos="X">彼ら</wf>
         <wf lemma="は" pos="X">は</wf>
         <wf lemma="新しい" pos="X">新しい</wf>
         <wf lemma="債券" pos="X">債券</wf>
         <wf lemma="の" pos="X">の</wf>
         <wf lemma="発行" pos="X">発行</wf>
         <wf lemma="について" pos="X">について</wf>
         <wf lemma="の" pos="X">の</wf>
         <instance id="d000.s3763.t000" lemma="計画" pos="NOUN">計画</instance>
         <wf lemma="を" pos="X">を</wf>
         <wf lemma="話し合っ" pos="X">話し合っ</wf>
         <wf lemma="た" pos="X">た</wf>
         <wf lemma="." pos="X">.</wf>
      </sentence>
      <sentence id="d000.s3764" source="wordnet-japanese">
         <instance id="d000.s3764.t000" lemma="全く" pos="ADV">全く</instance>
         <wf lemma="新しい" pos="X">新しい</wf>
         <wf lemma="状態" pos="X">状態</wf>
         <wf lemma="." pos="X">.</wf>
      </sentence>
      <sentence id="d000.s3765" source="wordnet-japanese">
         <instance id="d000.s3765.t000" lemma="未治療" pos="ADJ">未治療</instance>
         <wf lemma="の" pos="X">の</wf>
         <wf lemma="病気" pos="X">病気</wf>
         <wf lemma="." pos="X">.</wf>
      </sentence>
      <sentence id="d000.s3766" source="wordnet-japanese">
         <wf lemma="私" pos="X">私</wf>
         <wf lemma="の" pos="X">の</wf>
         <wf lemma="努力" pos="X">努力</wf>
         <wf lemma="は" pos="X">は</wf>
         <instance id="d000.s3766.t000" lemma="報いる" pos="VERB">報い</instance>
         <wf lemma="られ" pos="X">られ</wf>
         <wf lemma="なかっ" pos="X">なかっ</wf>
         <wf lemma="た" pos="X">た</wf>
         <wf lemma="." pos="X">.</wf>
      </sentence>
      <sentence id="d000.s3767" source="wordnet-japanese">
         <wf lemma="技術" pos="X">技術</wf>
         <wf lemma="社会" pos="X">社会</wf>
         <wf lemma="の" pos="X">の</wf>
         <instance id="d000.s3767.t000" lemma="構造的" pos="ADJ">構造的</instance>
         <wf lemma="失業" pos="X">失業</wf>
         <wf lemma="." pos="X">.</wf>
      </sentence>
      <sentence id="d000.s3768" source="wordnet-japanese">
         <wf lemma="星" pos="X">星</wf>
         <wf lemma="、" pos="X">、</wf>
         <wf lemma="または" pos="X">または</wf>
         <instance id="d000.s3768.t000" lemma="星状" pos="ADJ">星状</instance>
         <wf lemma="に" pos="X">に</wf>
         <wf lemma="並ん" pos="X">並ん</wf>
         <wf lemma="だ" pos="X">だ</wf>
         <wf lemma="花び" pos="X">花び</wf>
         <wf lemma="ら" pos="X">ら</wf>
         <wf lemma="." pos="X">.</wf>
      </sentence>
      <sentence id="d000.s3769" source="wordnet-japanese">
         <wf lemma="歴史学" pos="X">歴史学</wf>
         <wf lemma="の" pos="X">の</wf>
         <instance id="d000.s3769.t000" lemma="真剣" pos="ADJ">真剣</instance>
         <wf lemma="な" pos="X">な</wf>
         <wf lemma="学生" pos="X">学生</wf>
         <wf lemma="." pos="X">.</wf>
      </sentence>
      <sentence id="d000.s3770" source="wordnet-japanese">
         <wf lemma="彼" pos="X">彼</wf>
         <wf lemma="は" pos="X">は</wf>
         <wf lemma="この" pos="X">この</wf>
         <wf lemma="世" pos="X">世</wf>
         <wf lemma="の" pos="X">の</wf>
         <instance id="d000.s3770.t000" lemma="空虚" pos="NOUN">空虚</instance>
         <wf lemma="さ" pos="X">さ</wf>
         <wf lemma="を" pos="X">を</wf>
         <wf lemma="拒絶" pos="X">拒絶</wf>
         <wf lemma="し" pos="X">し</wf>
         <wf lemma="た" pos="X">た</wf>
         <wf lemma="." pos="X">.</wf>
      </sentence>
      <sentence id="d000.s3771" source="wordnet-japanese">
         <wf lemma="真鍮" pos="X">真鍮</wf>
         <wf lemma="は" pos="X">は</wf>
         <wf lemma="亜鉛" pos="X">亜鉛</wf>
         <wf lemma="と銅" pos="X">と銅</wf>
         <wf lemma="の" pos="X">の</wf>
         <instance id="d000.s3771.t000" lemma="合金" pos="NOUN">合金</instance>
         <wf lemma="である" pos="X">である</wf>
         <wf lemma="." pos="X">.</wf>
      </sentence>
      <sentence id="d000.s3772" source="wordnet-japanese">
         <wf lemma="人間" pos="X">人間</wf>
         <wf lemma="の" pos="X">の</wf>
         <wf lemma="社会的" pos="X">社会的</wf>
         <instance id="d000.s3772.t000" lemma="地位" pos="NOUN">地位</instance>
         <wf lemma="における" pos="X">における</wf>
         <wf lemma="責任" pos="X">責任</wf>
         <wf lemma="." pos="X">.</wf>
      </sentence>
      <sentence id="d000.s3773" source="wordnet-japanese">
         <wf lemma="他の" pos="X">他の</wf>
         <wf lemma="教育" pos="X">教育</wf>
         <wf lemma="活動" pos="X">活動</wf>
         <wf lemma="が" pos="X">が</wf>
         <wf lemma="軽蔑" pos="X">軽蔑</wf>
         <wf lemma="し" pos="X">し</wf>
         <wf lemma="て" pos="X">て</wf>
         <wf lemma="判断" pos="X">判断</wf>
         <wf lemma="さ" pos="X">さ</wf>
         <wf lemma="れる" pos="X">れる</wf>
         <wf lemma="こと" pos="X">こと</wf>
         <wf lemma="に対し" pos="X">に対し</wf>
         <wf lemma="、" pos="X">、</wf>
         <wf lemma="大学" pos="X">大学</wf>
         <wf lemma="教育" pos="X">教育</wf>
         <wf lemma="は" pos="X">は</wf>
         <wf lemma="、" pos="X">、</wf>
         <instance id="d000.s3773.t000" lemma="金本位制" pos="NOUN">金本位制</instance>
         <wf lemma="である" pos="X">である</wf>
         <wf lemma="." pos="X">.</wf>
      </sentence>
      <sentence id="d000.s3774" source="wordnet-japanese">
         <wf lemma="彼女" pos="X">彼女</wf>
         <wf lemma="は" pos="X">は</wf>
         <wf lemma="、" pos="X">、</wf>
         <wf lemma="考え" pos="X">考え</wf>
         <wf lemma="られる" pos="X">られる</wf>
         <wf lemma="限り" pos="X">限り</wf>
         <wf lemma="の" pos="X">の</wf>
         <wf lemma="いかなる" pos="X">いかなる</wf>
         <wf lemma="意志" pos="X">意志</wf>
         <wf lemma="も" pos="X">も</wf>
         <wf lemma="、" pos="X">、</wf>
         <wf lemma="あるいは" pos="X">あるいは</wf>
         <wf lemma="指示" pos="X">指示</wf>
         <wf lemma="さ" pos="X">さ</wf>
         <wf lemma="れ" pos="X">れ</wf>
         <wf lemma="た" pos="X">た</wf>
         <wf lemma="以外" pos="X">以外</wf>
         <wf lemma="の" pos="X">の</wf>
         <wf lemma="行動" pos="X">行動</wf>
         <wf lemma="を" pos="X">を</wf>
         <wf lemma="する" pos="X">する</wf>
         <wf lemma="力" pos="X">力</wf>
         <wf lemma="も" pos="X">も</wf>
         <wf lemma="持っ" pos="X">持っ</wf>
         <wf lemma="て" pos="X">て</wf>
         <wf lemma="い" pos="X">い</wf>
         <wf lemma="ない" pos="X">ない</wf>
         <wf lemma="、" pos="X">、</wf>
         <wf lemma="最も" pos="X">最も</wf>
         <instance id="d000.s3774.t000" lemma="従順" pos="ADJ">従順</instance>
         <wf lemma="で" pos="X">で</wf>
         <wf lemma="卑屈" pos="X">卑屈</wf>
         <wf lemma="な" pos="X">な</wf>
         <wf lemma="人間" pos="X">人間</wf>
         <wf lemma="の" pos="X">の</wf>
         <wf lemma="一人" pos="X">一人</wf>
         <wf lemma="であっ" pos="X">であっ</wf>
         <wf lemma="た" pos="X">た</wf>
         <wf lemma="." pos="X">.</wf>
      </sentence>
      <sentence id="d000.s3775" source="wordnet-japanese">
         <wf lemma="彼" pos="X">彼</wf>
         <wf lemma="は" pos="X">は</wf>
         <instance id="d000.s3775.t000" lemma="女性" pos="NOUN">女性</instance>
         <wf lemma="に" pos="X">に</wf>
         <wf lemma="忠実" pos="X">忠実</wf>
         <wf lemma="だっ" pos="X">だっ</wf>
         <wf lemma="た" pos="X">た</wf>
         <wf lemma="." pos="X">.</wf>
      </sentence>
      <sentence id="d000.s3776" source="wordnet-japanese">
         <wf lemma="新政府" pos="X">新政府</wf>
         <wf lemma="下" pos="X">下</wf>
         <wf lemma="で" pos="X">で</wf>
         <wf lemma="の" pos="X">の</wf>
         <instance id="d000.s3776.t000" lemma="立体的" pos="ADJ">立体的</instance>
         <wf lemma="な" pos="X">な</wf>
         <wf lemma="状況" pos="X">状況</wf>
         <wf lemma="判断" pos="X">判断</wf>
         <wf lemma="." pos="X">.</wf>
      </sentence>
      <sentence id="d000.s3777" source="wordnet-japanese">
         <instance id="d000.s3777.t000" lemma="対照" pos="NOUN">対照</instance>
         <wf lemma="の" pos="X">の</wf>
         <wf lemma="条件" pos="X">条件</wf>
         <wf lemma="は" pos="X">は</wf>
         <wf lemma="彼" pos="X">彼</wf>
         <wf lemma="が" pos="X">が</wf>
         <wf lemma="導き出し" pos="X">導き出し</wf>
         <wf lemma="たかっ" pos="X">たかっ</wf>
         <wf lemma="た" pos="X">た</wf>
         <wf lemma="結論" pos="X">結論</wf>
         <wf lemma="に" pos="X">に</wf>
         <wf lemma="は" pos="X">は</wf>
         <wf lemma="不適当" pos="X">不適当</wf>
         <wf lemma="であっ" pos="X">であっ</wf>
         <wf lemma="た" pos="X">た</wf>
         <wf lemma="." pos="X">.</wf>
      </sentence>
      <sentence id="d000.s3778" source="wordnet-japanese">
         <wf lemma="バレエレッスン" pos="X">バレエレッスン</wf>
         <wf lemma="を" pos="X">を</wf>
         <wf lemma="受ける" pos="X">受ける</wf>
         <wf lemma="こと" pos="X">こと</wf>
         <wf lemma="に" pos="X">に</wf>
         <instance id="d000.s3778.t000" lemma="熱心" pos="ADJ">熱心</instance>
         <wf lemma="だっ" pos="X">だっ</wf>
         <wf lemma="た" pos="X">た</wf>
         <wf lemma="." pos="X">.</wf>
      </sentence>
      <sentence id="d000.s3779" source="wordnet-japanese">
         <wf lemma="彼" pos="X">彼</wf>
         <wf lemma="は" pos="X">は</wf>
         <wf lemma="その" pos="X">その</wf>
         <wf lemma="コレクション" pos="X">コレクション</wf>
         <wf lemma="の" pos="X">の</wf>
         <instance id="d000.s3779.t000" lemma="値段" pos="NOUN">値段</instance>
         <wf lemma="を" pos="X">を</wf>
         <wf lemma="計算" pos="X">計算</wf>
         <wf lemma="する" pos="X">する</wf>
         <wf lemma="こと" pos="X">こと</wf>
         <wf lemma="が" pos="X">が</wf>
         <wf lemma="でき" pos="X">でき</wf>
         <wf lemma="なかっ" pos="X">なかっ</wf>
         <wf lemma="た" pos="X">た</wf>
         <wf lemma="." pos="X">.</wf>
      </sentence>
      <sentence id="d000.s3780" source="wordnet-japanese">
         <wf lemma="窓" pos="X">窓</wf>
         <wf lemma="を" pos="X">を</wf>
         <wf lemma="突き" pos="X">突き</wf>
         <wf lemma="破っ" pos="X">破っ</wf>
         <wf lemma="た" pos="X">た</wf>
         <wf lemma="彼" pos="X">彼</wf>
         <wf lemma="の" pos="X">の</wf>
         <instance id="d000.s3780.t000" lemma="衝突" pos="NOUN">衝突</instance>
         <wf lemma="." pos="X">.</wf>
      </sentence>
      <sentence id="d000.s3781" source="wordnet-japanese">
         <wf lemma="映画" pos="X">映画</wf>
         <wf lemma="の" pos="X">の</wf>
         <wf lemma="後" pos="X">後</wf>
         <wf lemma="、" pos="X">、</wf>
         <wf lemma="私" pos="X">私</wf>
         <wf lemma="たち" pos="X">たち</wf>
         <wf lemma="は" pos="X">は</wf>
         <wf lemma="家" pos="X">家</wf>
         <wf lemma="に" pos="X">に</wf>
         <instance id="d000.s3781.t000" lemma="帰る" pos="VERB">帰っ</instance>
         <wf lemma="た" pos="X">た</wf>
         <wf lemma="." pos="X">.</wf>
      </sentence>
      <sentence id="d000.s3782" source="wordnet-japanese">
         <wf lemma="学期" pos="X">学期</wf>
         <wf lemma="は" pos="X">は</wf>
         <wf lemma="集会式" pos="X">集会式</wf>
         <wf lemma="から" pos="X">から</wf>
         <instance id="d000.s3782.t000" lemma="始まる" pos="VERB">始まる</instance>
         <wf lemma="." pos="X">.</wf>
      </sentence>
      <sentence id="d000.s3783" source="wordnet-japanese">
         <wf lemma="発育" pos="X">発育</wf>
         <wf lemma="中" pos="X">中</wf>
         <wf lemma="の" pos="X">の</wf>
         <wf lemma="胚" pos="X">胚</wf>
         <wf lemma="の" pos="X">の</wf>
         <wf lemma="細胞" pos="X">細胞</wf>
         <instance id="d000.s3783.t000" lemma="分化" pos="NOUN">分化</instance>
         <wf lemma="." pos="X">.</wf>
      </sentence>
      <sentence id="d000.s3784" source="wordnet-japanese">
         <wf lemma="私" pos="X">私</wf>
         <wf lemma="の" pos="X">の</wf>
         <wf lemma="兄弟" pos="X">兄弟</wf>
         <wf lemma="姉妹" pos="X">姉妹</wf>
         <wf lemma="は" pos="X">は</wf>
         <instance id="d000.s3784.t000" lemma="親密" pos="ADJ">親密</instance>
         <wf lemma="だ" pos="X">だ</wf>
         <wf lemma="." pos="X">.</wf>
      </sentence>
      <sentence id="d000.s3785" source="wordnet-japanese">
         <wf lemma="彼" pos="X">彼</wf>
         <wf lemma="は" pos="X">は</wf>
         <wf lemma="いつも" pos="X">いつも</wf>
         <wf lemma="弱者" pos="X">弱者</wf>
         <wf lemma="に" pos="X">に</wf>
         <instance id="d000.s3785.t000" lemma="同情" pos="NOUN">同情</instance>
         <wf lemma="し" pos="X">し</wf>
         <wf lemma="た" pos="X">た</wf>
         <wf lemma="." pos="X">.</wf>
      </sentence>
      <sentence id="d000.s3786" source="wordnet-japanese">
         <wf lemma="あなた" pos="X">あなた</wf>
         <wf lemma="の" pos="X">の</wf>
         <wf lemma="釣り" pos="X">釣り</wf>
         <wf lemma="銭" pos="X">銭</wf>
         <wf lemma="を" pos="X">を</wf>
         <instance id="d000.s3786.t000" lemma="数える" pos="VERB">数え</instance>
         <wf lemma="なさい" pos="X">なさい</wf>
         <wf lemma="." pos="X">.</wf>
      </sentence>
      <sentence id="d000.s3787" source="wordnet-japanese">
         <wf lemma="同" pos="X">同</wf>
         <wf lemma="義語" pos="X">義語</wf>
         <wf lemma="は" pos="X">は</wf>
         <wf lemma="、" pos="X">、</wf>
         <wf lemma="文脈" pos="X">文脈</wf>
         <wf lemma="の" pos="X">の</wf>
         <wf lemma="意味" pos="X">意味</wf>
         <wf lemma="を" pos="X">を</wf>
         <wf lemma="変え" pos="X">変え</wf>
         <wf lemma="ず" pos="X">ず</wf>
         <wf lemma="に" pos="X">に</wf>
         <instance id="d000.s3787.t000" lemma="差し替える" pos="VERB">差し替える</instance>
         <wf lemma="こと" pos="X">こと</wf>
         <wf lemma="が" pos="X">が</wf>
         <wf lemma="できる" pos="X">できる</wf>
         <wf lemma="." pos="X">.</wf>
      </sentence>
      <sentence id="d000.s3788" source="wordnet-japanese">
         <instance id="d000.s3788.t000" lemma="正反対" pos="ADJ">正反対</instance>
         <wf lemma="[" pos="X">[</wf>
         <wf lemma="または" pos="X">または</wf>
         <wf lemma="反対" pos="X">反対</wf>
         <wf lemma="の" pos="X">の</wf>
         <wf lemma="]" pos="X">]</wf>
         <wf lemma="の" pos="X">の</wf>
         <wf lemma="観点" pos="X">観点</wf>
         <wf lemma="." pos="X">.</wf>
      </sentence>
      <sentence id="d000.s3789" source="wordnet-japanese">
         <wf lemma="彼ら" pos="X">彼ら</wf>
         <wf lemma="は" pos="X">は</wf>
         <wf lemma="、" pos="X">、</wf>
         <wf lemma="庭" pos="X">庭</wf>
         <wf lemma="の" pos="X">の</wf>
         <instance id="d000.s3789.t000" lemma="入口" pos="NOUN">入口</instance>
         <wf lemma="で" pos="X">で</wf>
         <wf lemma="待っ" pos="X">待っ</wf>
         <wf lemma="た" pos="X">た</wf>
         <wf lemma="." pos="X">.</wf>
      </sentence>
      <sentence id="d000.s3790" source="wordnet-japanese">
         <wf lemma="最新" pos="X">最新</wf>
         <wf lemma="の" pos="X">の</wf>
         <wf lemma="結果" pos="X">結果</wf>
         <wf lemma="を" pos="X">を</wf>
         <wf lemma="私" pos="X">私</wf>
         <wf lemma="に" pos="X">に</wf>
         <instance id="d000.s3790.t000" lemma="送る" pos="VERB">送っ</instance>
         <wf lemma="て" pos="X">て</wf>
         <wf lemma="ください" pos="X">ください</wf>
         <wf lemma="." pos="X">.</wf>
      </sentence>
      <sentence id="d000.s3791" source="wordnet-japanese">
         <instance id="d000.s3791.t000" lemma="中東" pos="NOUN">中東</instance>
         <wf lemma="は" pos="X">は</wf>
         <wf lemma="西洋" pos="X">西洋</wf>
         <wf lemma="文明" pos="X">文明</wf>
         <wf lemma="の" pos="X">の</wf>
         <wf lemma="発祥地" pos="X">発祥地</wf>
         <wf lemma="だ" pos="X">だ</wf>
         <wf lemma="." pos="X">.</wf>
      </sentence>
      <sentence id="d000.s3792" source="wordnet-japanese">
         <wf lemma="石" pos="X">石</wf>
         <wf lemma="の" pos="X">の</wf>
         <wf lemma="壁" pos="X">壁</wf>
         <wf lemma="を" pos="X">を</wf>
         <instance id="d000.s3792.t000" lemma="作る" pos="VERB">作る</instance>
         <wf lemma="." pos="X">.</wf>
      </sentence>
      <sentence id="d000.s3793" source="wordnet-japanese">
         <wf lemma="少女" pos="X">少女</wf>
         <wf lemma="の" pos="X">の</wf>
         <instance id="d000.s3793.t000" lemma="教育" pos="NOUN">教育</instance>
         <wf lemma="は" pos="X">は</wf>
         <wf lemma="少年" pos="X">少年</wf>
         <wf lemma="の" pos="X">の</wf>
         <wf lemma="教育" pos="X">教育</wf>
         <wf lemma="ほど" pos="X">ほど</wf>
         <wf lemma="重要" pos="X">重要</wf>
         <wf lemma="で" pos="X">で</wf>
         <wf lemma="は" pos="X">は</wf>
         <wf lemma="なかっ" pos="X">なかっ</wf>
         <wf lemma="た" pos="X">た</wf>
         <wf lemma="." pos="X">.</wf>
      </sentence>
      <sentence id="d000.s3794" source="wordnet-japanese">
         <instance id="d000.s3794.t000" lemma="恐ろしい" pos="ADJ">恐ろしい</instance>
         <wf lemma="校長" pos="X">校長</wf>
         <wf lemma="の" pos="X">の</wf>
         <wf lemma="存在" pos="X">存在</wf>
         <wf lemma="." pos="X">.</wf>
      </sentence>
      <sentence id="d000.s3795" source="wordnet-japanese">
         <wf lemma="情報" pos="X">情報</wf>
         <wf lemma="の" pos="X">の</wf>
         <instance id="d000.s3795.t000" lemma="ポイント" pos="NOUN">ポイント</instance>
         <wf lemma="." pos="X">.</wf>
      </sentence>
      <sentence id="d000.s3796" source="wordnet-japanese">
         <instance id="d000.s3796.t000" lemma="簡素" pos="ADJ">簡素</instance>
         <wf lemma="な" pos="X">な</wf>
         <wf lemma="地方" pos="X">地方</wf>
         <wf lemma="の" pos="X">の</wf>
         <wf lemma="校舎" pos="X">校舎</wf>
         <wf lemma="." pos="X">.</wf>
      </sentence>
      <sentence id="d000.s3797" source="wordnet-japanese">
         <instance id="d000.s3797.t000" lemma="組織学的" pos="ADV">組織学的</instance>
         <wf lemma="に" pos="X">に</wf>
         <wf lemma="確認" pos="X">確認</wf>
         <wf lemma="可能" pos="X">可能</wf>
         <wf lemma="な" pos="X">な</wf>
         <wf lemma="構造" pos="X">構造</wf>
         <wf lemma="." pos="X">.</wf>
      </sentence>
      <sentence id="d000.s3798" source="wordnet-japanese">
         <wf lemma="新幹線" pos="X">新幹線</wf>
         <wf lemma="が" pos="X">が</wf>
         <wf lemma="東京駅" pos="X">東京駅</wf>
         <wf lemma="に" pos="X">に</wf>
         <instance id="d000.s3798.t000" lemma="入る" pos="VERB">入っ</instance>
         <wf lemma="て" pos="X">て</wf>
         <wf lemma="き" pos="X">き</wf>
         <wf lemma="た" pos="X">た</wf>
         <wf lemma="." pos="X">.</wf>
      </sentence>
      <sentence id="d000.s3799" source="wordnet-japanese">
         <instance id="d000.s3799.t000" lemma="単調" pos="ADJ">単調</instance>
         <wf lemma="な" pos="X">な</wf>
         <wf lemma="生活" pos="X">生活</wf>
         <wf lemma="；" pos="X">；</wf>
         <wf lemma="仕事" pos="X">仕事</wf>
         <wf lemma="だけ" pos="X">だけ</wf>
         <wf lemma="で" pos="X">で</wf>
         <wf lemma="遊び" pos="X">遊び</wf>
         <wf lemma="が" pos="X">が</wf>
         <wf lemma="ない" pos="X">ない</wf>
         <wf lemma="." pos="X">.</wf>
      </sentence>
      <sentence id="d000.s3800" source="wordnet-japanese">
         <wf lemma="髪" pos="X">髪</wf>
         <wf lemma="を" pos="X">を</wf>
         <instance id="d000.s3800.t000" lemma="編む" pos="VERB">編む</instance>
         <wf lemma="." pos="X">.</wf>
      </sentence>
      <sentence id="d000.s3801" source="wordnet-japanese">
         <wf lemma="先生" pos="X">先生</wf>
         <wf lemma="は" pos="X">は</wf>
         <wf lemma="彼" pos="X">彼</wf>
         <wf lemma="の" pos="X">の</wf>
         <instance id="d000.s3801.t000" lemma="家族" pos="NOUN">家族</instance>
         <wf lemma="は" pos="X">は</wf>
         <wf lemma="何人" pos="X">何人</wf>
         <wf lemma="か" pos="X">か</wf>
         <wf lemma="と" pos="X">と</wf>
         <wf lemma="尋ね" pos="X">尋ね</wf>
         <wf lemma="た" pos="X">た</wf>
         <wf lemma="." pos="X">.</wf>
      </sentence>
      <sentence id="d000.s3802" source="wordnet-japanese">
         <wf lemma="事実" pos="X">事実</wf>
         <wf lemma="が" pos="X">が</wf>
         <instance id="d000.s3802.t000" lemma="明るみ" pos="NOUN">明るみ</instance>
         <wf lemma="に" pos="X">に</wf>
         <wf lemma="出" pos="X">出</wf>
         <wf lemma="て" pos="X">て</wf>
         <wf lemma="い" pos="X">い</wf>
         <wf lemma="た" pos="X">た</wf>
         <wf lemma="." pos="X">.</wf>
      </sentence>
      <sentence id="d000.s3803" source="wordnet-japanese">
         <wf lemma="新た" pos="X">新た</wf>
         <wf lemma="な" pos="X">な</wf>
         <wf lemma="人生" pos="X">人生</wf>
         <wf lemma="を" pos="X">を</wf>
         <instance id="d000.s3803.t000" lemma="始める" pos="VERB">始める</instance>
         <wf lemma="." pos="X">.</wf>
      </sentence>
      <sentence id="d000.s3804" source="wordnet-japanese">
         <instance id="d000.s3804.t000" lemma="早熟" pos="ADJ">早熟</instance>
         <wf lemma="な" pos="X">な</wf>
         <wf lemma="子供" pos="X">子供</wf>
         <wf lemma="." pos="X">.</wf>
      </sentence>
      <sentence id="d000.s3805" source="wordnet-japanese">
         <wf lemma="薬物" pos="X">薬物</wf>
         <wf lemma="乱用" pos="X">乱用</wf>
         <wf lemma="は" pos="X">は</wf>
         <wf lemma="しばしば" pos="X">しばしば</wf>
         <instance id="d000.s3805.t000" lemma="娯楽" pos="NOUN">娯楽</instance>
         <wf lemma="の" pos="X">の</wf>
         <wf lemma="一" pos="X">一</wf>
         <wf lemma="形態" pos="X">形態</wf>
         <wf lemma="と" pos="X">と</wf>
         <wf lemma="み" pos="X">み</wf>
         <wf lemma="なさ" pos="X">なさ</wf>
         <wf lemma="れる" pos="X">れる</wf>
         <wf lemma="." pos="X">.</wf>
      </sentence>
      <sentence id="d000.s3806" source="wordnet-japanese">
         <wf lemma="島" pos="X">島</wf>
         <wf lemma="の" pos="X">の</wf>
         <wf lemma="10" pos="X">10</wf>
         <wf lemma="日" pos="X">日</wf>
         <wf lemma="の" pos="X">の</wf>
         <wf lemma="訓練" pos="X">訓練</wf>
         <wf lemma="の" pos="X">の</wf>
         <instance id="d000.s3806.t000" lemma="巡回" pos="NOUN">巡回</instance>
         <wf lemma="." pos="X">.</wf>
      </sentence>
      <sentence id="d000.s3807" source="wordnet-japanese">
         <wf lemma="彼" pos="X">彼</wf>
         <wf lemma="は" pos="X">は</wf>
         <wf lemma="、" pos="X">、</wf>
         <instance id="d000.s3807.t000" lemma="フック" pos="NOUN">フック</instance>
         <wf lemma="を" pos="X">を</wf>
         <wf lemma="直す" pos="X">直す</wf>
         <wf lemma="ため" pos="X">ため</wf>
         <wf lemma="に" pos="X">に</wf>
         <wf lemma="レッスン" pos="X">レッスン</wf>
         <wf lemma="を" pos="X">を</wf>
         <wf lemma="受け" pos="X">受け</wf>
         <wf lemma="た" pos="X">た</wf>
         <wf lemma="." pos="X">.</wf>
      </sentence>
      <sentence id="d000.s3808" source="wordnet-japanese">
         <wf lemma="彼" pos="X">彼</wf>
         <wf lemma="は" pos="X">は</wf>
         <instance id="d000.s3808.t000" lemma="子孫" pos="NOUN">子孫</instance>
         <wf lemma="を" pos="X">を</wf>
         <wf lemma="残さ" pos="X">残さ</wf>
         <wf lemma="ない" pos="X">ない</wf>
         <wf lemma="で" pos="X">で</wf>
         <wf lemma="死ん" pos="X">死ん</wf>
         <wf lemma="だ" pos="X">だ</wf>
         <wf lemma="." pos="X">.</wf>
      </sentence>
      <sentence id="d000.s3809" source="wordnet-japanese">
         <wf lemma="このよう" pos="X">このよう</wf>
         <wf lemma="な" pos="X">な</wf>
         <wf lemma="土地" pos="X">土地</wf>
         <wf lemma="は" pos="X">は</wf>
         <wf lemma="小さな" pos="X">小さな</wf>
         <wf lemma="公園" pos="X">公園</wf>
         <wf lemma="用" pos="X">用</wf>
         <wf lemma="の" pos="X">の</wf>
         <instance id="d000.s3809.t000" lemma="造成地" pos="NOUN">造成地</instance>
         <wf lemma="に" pos="X">に</wf>
         <wf lemma="向い" pos="X">向い</wf>
         <wf lemma="て" pos="X">て</wf>
         <wf lemma="いる" pos="X">いる</wf>
         <wf lemma="." pos="X">.</wf>
      </sentence>
      <sentence id="d000.s3810" source="wordnet-japanese">
         <wf lemma="人口" pos="X">人口</wf>
         <wf lemma="と" pos="X">と</wf>
         <wf lemma="産業" pos="X">産業</wf>
         <wf lemma="における" pos="X">における</wf>
         <instance id="d000.s3810.t000" lemma="未曽有" pos="ADJ">未曽有</instance>
         <wf lemma="の" pos="X">の</wf>
         <wf lemma="発展" pos="X">発展</wf>
         <wf lemma="." pos="X">.</wf>
      </sentence>
      <sentence id="d000.s3811" source="wordnet-japanese">
         <wf lemma="彼" pos="X">彼</wf>
         <wf lemma="は" pos="X">は</wf>
         <wf lemma="私" pos="X">私</wf>
         <wf lemma="の" pos="X">の</wf>
         <instance id="d000.s3811.t000" lemma="横" pos="NOUN">横</instance>
         <wf lemma="を" pos="X">を</wf>
         <wf lemma="離れ" pos="X">離れ</wf>
         <wf lemma="よう" pos="X">よう</wf>
         <wf lemma="と" pos="X">と</wf>
         <wf lemma="し" pos="X">し</wf>
         <wf lemma="なかっ" pos="X">なかっ</wf>
         <wf lemma="た" pos="X">た</wf>
         <wf lemma="." pos="X">.</wf>
      </sentence>
      <sentence id="d000.s3812" source="wordnet-japanese">
         <wf lemma="この" pos="X">この</wf>
         <wf lemma="話" pos="X">話</wf>
         <wf lemma="は" pos="X">は</wf>
         <wf lemma="200" pos="X">200</wf>
         <wf lemma="年" pos="X">年</wf>
         <wf lemma="前" pos="X">前</wf>
         <wf lemma="に" pos="X">に</wf>
         <instance id="d000.s3812.t000" lemma="遡る" pos="VERB">遡る</instance>
         <wf lemma="." pos="X">.</wf>
      </sentence>
      <sentence id="d000.s3813" source="wordnet-japanese">
         <wf lemma="その" pos="X">その</wf>
         <instance id="d000.s3813.t000" lemma="市" pos="NOUN">市</instance>
         <wf lemma="は" pos="X">は</wf>
         <wf lemma="1994" pos="X">1994</wf>
         <wf lemma="年" pos="X">年</wf>
         <wf lemma="、" pos="X">、</wf>
         <wf lemma="共和党" pos="X">共和党</wf>
         <wf lemma="に" pos="X">に</wf>
         <wf lemma="投票" pos="X">投票</wf>
         <wf lemma="し" pos="X">し</wf>
         <wf lemma="た" pos="X">た</wf>
         <wf lemma="." pos="X">.</wf>
      </sentence>
      <sentence id="d000.s3814" source="wordnet-japanese">
         <instance id="d000.s3814.t000" lemma="不変" pos="ADJ">不変</instance>
         <wf lemma="の" pos="X">の</wf>
         <wf lemma="信念" pos="X">信念</wf>
         <wf lemma="." pos="X">.</wf>
      </sentence>
      <sentence id="d000.s3815" source="wordnet-japanese">
         <instance id="d000.s3815.t000" lemma="不法" pos="ADJ">不法</instance>
         <wf lemma="な" pos="X">な</wf>
         <wf lemma="愛." pos="X">愛.</wf>
      </sentence>
      <sentence id="d000.s3816" source="wordnet-japanese">
         <wf lemma="敵" pos="X">敵</wf>
         <wf lemma="の" pos="X">の</wf>
         <wf lemma="布陣" pos="X">布陣</wf>
         <wf lemma="の" pos="X">の</wf>
         <wf lemma="後ろ" pos="X">後ろ</wf>
         <wf lemma="に" pos="X">に</wf>
         <instance id="d000.s3816.t000" lemma="橋頭堡" pos="NOUN">橋頭堡</instance>
         <wf lemma="を" pos="X">を</wf>
         <wf lemma="確保" pos="X">確保</wf>
         <wf lemma="する" pos="X">する</wf>
         <wf lemma="試み" pos="X">試み</wf>
         <wf lemma="." pos="X">.</wf>
      </sentence>
      <sentence id="d000.s3817" source="wordnet-japanese">
         <wf lemma="1" pos="X">1</wf>
         <wf lemma="時間" pos="X">時間</wf>
         <wf lemma="釣り" pos="X">釣り</wf>
         <wf lemma="を" pos="X">を</wf>
         <wf lemma="し" pos="X">し</wf>
         <wf lemma="て" pos="X">て</wf>
         <wf lemma="も" pos="X">も</wf>
         <wf lemma="、" pos="X">、</wf>
         <wf lemma="彼" pos="X">彼</wf>
         <wf lemma="に" pos="X">に</wf>
         <wf lemma="は" pos="X">は</wf>
         <wf lemma="まだ" pos="X">まだ</wf>
         <wf lemma="1" pos="X">1</wf>
         <wf lemma="度" pos="X">度</wf>
         <wf lemma="も" pos="X">も</wf>
         <instance id="d000.s3817.t000" lemma="食いつき" pos="NOUN">食いつき</instance>
         <wf lemma="が" pos="X">が</wf>
         <wf lemma="なかっ" pos="X">なかっ</wf>
         <wf lemma="た" pos="X">た</wf>
         <wf lemma="." pos="X">.</wf>
      </sentence>
      <sentence id="d000.s3818" source="wordnet-japanese">
         <wf lemma="彼" pos="X">彼</wf>
         <wf lemma="は" pos="X">は</wf>
         <wf lemma="私" pos="X">私</wf>
         <wf lemma="の" pos="X">の</wf>
         <instance id="d000.s3818.t000" lemma="脂肪" pos="NOUN">脂肪</instance>
         <wf lemma="過多" pos="X">過多</wf>
         <wf lemma="を" pos="X">を</wf>
         <wf lemma="低減" pos="X">低減</wf>
         <wf lemma="する" pos="X">する</wf>
         <wf lemma="ため" pos="X">ため</wf>
         <wf lemma="に" pos="X">に</wf>
         <wf lemma="運動" pos="X">運動</wf>
         <wf lemma="を" pos="X">を</wf>
         <wf lemma="する" pos="X">する</wf>
         <wf lemma="こと" pos="X">こと</wf>
         <wf lemma="を" pos="X">を</wf>
         <wf lemma="勧め" pos="X">勧め</wf>
         <wf lemma="た" pos="X">た</wf>
         <wf lemma="." pos="X">.</wf>
      </sentence>
      <sentence id="d000.s3819" source="wordnet-japanese">
         <wf lemma="組織" pos="X">組織</wf>
         <wf lemma="は" pos="X">は</wf>
         <wf lemma="その" pos="X">その</wf>
         <wf lemma="会議" pos="X">会議</wf>
         <wf lemma="の" pos="X">の</wf>
         <wf lemma="ため" pos="X">ため</wf>
         <wf lemma="に" pos="X">に</wf>
         <wf lemma="書類" pos="X">書類</wf>
         <wf lemma="の" pos="X">の</wf>
         <wf lemma="提出" pos="X">提出</wf>
         <wf lemma="を" pos="X">を</wf>
         <instance id="d000.s3819.t000" lemma="促す" pos="VERB">促す</instance>
         <wf lemma="." pos="X">.</wf>
      </sentence>
      <sentence id="d000.s3820" source="wordnet-japanese">
         <instance id="d000.s3820.t000" lemma="リバーシブル" pos="ADJ">リバーシブル</instance>
         <wf lemma="の" pos="X">の</wf>
         <wf lemma="ジャケット" pos="X">ジャケット</wf>
         <wf lemma="." pos="X">.</wf>
      </sentence>
      <sentence id="d000.s3821" source="wordnet-japanese">
         <instance id="d000.s3821.t000" lemma="分析的" pos="ADJ">分析的</instance>
         <wf lemma="な" pos="X">な</wf>
         <wf lemma="実験" pos="X">実験</wf>
         <wf lemma="." pos="X">.</wf>
      </sentence>
      <sentence id="d000.s3822" source="wordnet-japanese">
         <wf lemma="女性" pos="X">女性</wf>
         <wf lemma="は" pos="X">は</wf>
         <wf lemma="痛風" pos="X">痛風</wf>
         <wf lemma="が" pos="X">が</wf>
         <wf lemma="起こる" pos="X">起こる</wf>
         <wf lemma="こと" pos="X">こと</wf>
         <wf lemma="は" pos="X">は</wf>
         <wf lemma="ない" pos="X">ない</wf>
         <wf lemma="、" pos="X">、</wf>
         <instance id="d000.s3822.t000" lemma="生理" pos="NOUN">生理</instance>
         <wf lemma="が" pos="X">が</wf>
         <wf lemma="止まら" pos="X">止まら</wf>
         <wf lemma="ない" pos="X">ない</wf>
         <wf lemma="限り" pos="X">限り</wf>
         <wf lemma="−" pos="X">−</wf>
         <wf lemma="−" pos="X">−</wf>
         <wf lemma="ヒポクラテス" pos="X">ヒポクラテス</wf>
         <wf lemma="." pos="X">.</wf>
      </sentence>
      <sentence id="d000.s3823" source="wordnet-japanese">
         <wf lemma="彼女" pos="X">彼女</wf>
         <wf lemma="は" pos="X">は</wf>
         <wf lemma="、" pos="X">、</wf>
         <wf lemma="彼女" pos="X">彼女</wf>
         <wf lemma="自身" pos="X">自身</wf>
         <wf lemma="に" pos="X">に</wf>
         <wf lemma="先立つ" pos="X">先立つ</wf>
         <wf lemma="フェミニスト" pos="X">フェミニスト</wf>
         <wf lemma="の" pos="X">の</wf>
         <wf lemma="研究" pos="X">研究</wf>
         <wf lemma="の" pos="X">の</wf>
         <instance id="d000.s3823.t000" lemma="認知" pos="NOUN">認知</instance>
         <wf lemma="、" pos="X">、</wf>
         <wf lemma="または" pos="X">または</wf>
         <wf lemma="の" pos="X">の</wf>
         <wf lemma="承認" pos="X">承認</wf>
         <wf lemma="について" pos="X">について</wf>
         <wf lemma="多く" pos="X">多く</wf>
         <wf lemma="を" pos="X">を</wf>
         <wf lemma="避け" pos="X">避け</wf>
         <wf lemma="て" pos="X">て</wf>
         <wf lemma="いる" pos="X">いる</wf>
         <wf lemma="ように" pos="X">ように</wf>
         <wf lemma="見える" pos="X">見える</wf>
         <wf lemma="." pos="X">.</wf>
      </sentence>
      <sentence id="d000.s3824" source="wordnet-japanese">
         <wf lemma="その" pos="X">その</wf>
         <wf lemma="計画" pos="X">計画</wf>
         <wf lemma="は" pos="X">は</wf>
         <wf lemma="満足" pos="X">満足</wf>
         <wf lemma="の" pos="X">の</wf>
         <wf lemma="いく" pos="X">いく</wf>
         <instance id="d000.s3824.t000" lemma="スピード" pos="NOUN">スピード</instance>
         <wf lemma="で" pos="X">で</wf>
         <wf lemma="進ん" pos="X">進ん</wf>
         <wf lemma="だ" pos="X">だ</wf>
         <wf lemma="." pos="X">.</wf>
      </sentence>
      <sentence id="d000.s3825" source="wordnet-japanese">
         <wf lemma="彼" pos="X">彼</wf>
         <wf lemma="が" pos="X">が</wf>
         <wf lemma="着い" pos="X">着い</wf>
         <wf lemma="た" pos="X">た</wf>
         <instance id="d000.s3825.t000" lemma="瞬間" pos="NOUN">瞬間</instance>
         <wf lemma="、" pos="X">、</wf>
         <wf lemma="パーティー" pos="X">パーティー</wf>
         <wf lemma="が" pos="X">が</wf>
         <wf lemma="始まっ" pos="X">始まっ</wf>
         <wf lemma="た" pos="X">た</wf>
         <wf lemma="." pos="X">.</wf>
      </sentence>
      <sentence id="d000.s3826" source="wordnet-japanese">
         <wf lemma="黒い" pos="X">黒い</wf>
         <wf lemma="リムジン" pos="X">リムジン</wf>
         <wf lemma="は" pos="X">は</wf>
         <wf lemma="、" pos="X">、</wf>
         <wf lemma="彼女" pos="X">彼女</wf>
         <wf lemma="が" pos="X">が</wf>
         <wf lemma="窓" pos="X">窓</wf>
         <wf lemma="の" pos="X">の</wf>
         <wf lemma="外" pos="X">外</wf>
         <wf lemma="を" pos="X">を</wf>
         <wf lemma="見" pos="X">見</wf>
         <wf lemma="た" pos="X">た</wf>
         <wf lemma="とき" pos="X">とき</wf>
         <wf lemma="に" pos="X">に</wf>
         <instance id="d000.s3826.t000" lemma="通り過ぎる" pos="VERB">通り過ぎ</instance>
         <wf lemma="た" pos="X">た</wf>
         <wf lemma="." pos="X">.</wf>
      </sentence>
      <sentence id="d000.s3827" source="wordnet-japanese">
         <instance id="d000.s3827.t000" lemma="最適化" pos="NOUN">最適化</instance>
         <wf lemma="問題" pos="X">問題</wf>
         <wf lemma="で" pos="X">で</wf>
         <wf lemma="は" pos="X">は</wf>
         <wf lemma="、" pos="X">、</wf>
         <wf lemma="我々" pos="X">我々</wf>
         <wf lemma="は" pos="X">は</wf>
         <wf lemma="最適化" pos="X">最適化</wf>
         <wf lemma="さ" pos="X">さ</wf>
         <wf lemma="れる" pos="X">れる</wf>
         <wf lemma="だろ" pos="X">だろ</wf>
         <wf lemma="う" pos="X">う</wf>
         <wf lemma="最適値" pos="X">最適値</wf>
         <wf lemma="の" pos="X">の</wf>
         <wf lemma="関数" pos="X">関数</wf>
         <wf lemma="を" pos="X">を</wf>
         <wf lemma="導き出す" pos="X">導き出す</wf>
         <wf lemma="変数" pos="X">変数</wf>
         <wf lemma="の" pos="X">の</wf>
         <wf lemma="値" pos="X">値</wf>
         <wf lemma="を" pos="X">を</wf>
         <wf lemma="求める" pos="X">求める</wf>
         <wf lemma="." pos="X">.</wf>
      </sentence>
      <sentence id="d000.s3828" source="wordnet-japanese">
         <wf lemma="くじ" pos="X">くじ</wf>
         <wf lemma="を" pos="X">を</wf>
         <instance id="d000.s3828.t000" lemma="引く" pos="VERB">引く</instance>
         <wf lemma="." pos="X">.</wf>
      </sentence>
      <sentence id="d000.s3829" source="wordnet-japanese">
         <instance id="d000.s3829.t000" lemma="不正確" pos="ADJ">不正確</instance>
         <wf lemma="な" pos="X">な</wf>
         <wf lemma="転写" pos="X">転写</wf>
         <wf lemma="." pos="X">.</wf>
      </sentence>
      <sentence id="d000.s3830" source="wordnet-japanese">
         <wf lemma="必要" pos="X">必要</wf>
         <wf lemma="と" pos="X">と</wf>
         <wf lemma="し" pos="X">し</wf>
         <wf lemma="て" pos="X">て</wf>
         <wf lemma="いる" pos="X">いる</wf>
         <wf lemma="すべて" pos="X">すべて</wf>
         <wf lemma="の" pos="X">の</wf>
         <wf lemma="人" pos="X">人</wf>
         <wf lemma="へ" pos="X">へ</wf>
         <wf lemma="の" pos="X">の</wf>
         <wf lemma="プログラム" pos="X">プログラム</wf>
         <wf lemma="の" pos="X">の</wf>
         <instance id="d000.s3830.t000" lemma="拡張" pos="NOUN">拡張</instance>
         <wf lemma="." pos="X">.</wf>
      </sentence>
      <sentence id="d000.s3831" source="wordnet-japanese">
         <instance id="d000.s3831.t000" lemma="ストア学派" pos="NOUN">ストア学派</instance>
         <wf lemma="は" pos="X">は</wf>
         <wf lemma="運命" pos="X">運命</wf>
         <wf lemma="に" pos="X">に</wf>
         <wf lemma="服従" pos="X">服従</wf>
         <wf lemma="する" pos="X">する</wf>
         <wf lemma="こと" pos="X">こと</wf>
         <wf lemma="によって" pos="X">によって</wf>
         <wf lemma="幸福" pos="X">幸福</wf>
         <wf lemma="を" pos="X">を</wf>
         <wf lemma="達成" pos="X">達成</wf>
         <wf lemma="する" pos="X">する</wf>
         <wf lemma="." pos="X">.</wf>
      </sentence>
      <sentence id="d000.s3832" source="wordnet-japanese">
         <wf lemma="タイヤ" pos="X">タイヤ</wf>
         <wf lemma="は" pos="X">は</wf>
         <wf lemma="一様" pos="X">一様</wf>
         <wf lemma="で" pos="X">で</wf>
         <wf lemma="ない" pos="X">ない</wf>
         <instance id="d000.s3832.t000" lemma="摩耗" pos="NOUN">摩耗</instance>
         <wf lemma="を" pos="X">を</wf>
         <wf lemma="し" pos="X">し</wf>
         <wf lemma="て" pos="X">て</wf>
         <wf lemma="い" pos="X">い</wf>
         <wf lemma="た" pos="X">た</wf>
         <wf lemma="." pos="X">.</wf>
      </sentence>
      <sentence id="d000.s3833" source="wordnet-japanese">
         <wf lemma="良い" pos="X">良い</wf>
         <wf lemma="農地" pos="X">農地</wf>
         <instance id="d000.s3833.t000" lemma="土壌" pos="NOUN">土壌</instance>
         <wf lemma="." pos="X">.</wf>
      </sentence>
      <sentence id="d000.s3834" source="wordnet-japanese">
         <wf lemma="審判" pos="X">審判</wf>
         <wf lemma="は" pos="X">は</wf>
         <wf lemma="その" pos="X">その</wf>
         <wf lemma="チーム" pos="X">チーム</wf>
         <wf lemma="に" pos="X">に</wf>
         <wf lemma="フリーキック" pos="X">フリーキック</wf>
         <wf lemma="を" pos="X">を</wf>
         <instance id="d000.s3834.t000" lemma="与える" pos="VERB">与え</instance>
         <wf lemma="た" pos="X">た</wf>
         <wf lemma="." pos="X">.</wf>
      </sentence>
      <sentence id="d000.s3835" source="wordnet-japanese">
         <wf lemma="彼" pos="X">彼</wf>
         <wf lemma="の" pos="X">の</wf>
         <wf lemma="仕事" pos="X">仕事</wf>
         <wf lemma="に対して" pos="X">に対して</wf>
         <wf lemma="十分" pos="X">十分</wf>
         <wf lemma="な" pos="X">な</wf>
         <instance id="d000.s3835.t000" lemma="報酬" pos="NOUN">報酬</instance>
         <wf lemma="." pos="X">.</wf>
      </sentence>
      <sentence id="d000.s3836" source="wordnet-japanese">
         <instance id="d000.s3836.t000" lemma="名高い" pos="ADJ">名高い</instance>
         <wf lemma="画家" pos="X">画家</wf>
         <wf lemma="." pos="X">.</wf>
      </sentence>
      <sentence id="d000.s3837" source="wordnet-japanese">
         <wf lemma="非常" pos="X">非常</wf>
         <wf lemma="に" pos="X">に</wf>
         <instance id="d000.s3837.t000" lemma="心強い" pos="ADJ">心強い</instance>
         <wf lemma="意見" pos="X">意見</wf>
         <wf lemma="." pos="X">.</wf>
      </sentence>
      <sentence id="d000.s3838" source="wordnet-japanese">
         <wf lemma="その" pos="X">その</wf>
         <instance id="d000.s3838.t000" lemma="カップ" pos="NOUN">カップ</instance>
         <wf lemma="の" pos="X">の</wf>
         <wf lemma="取っ手" pos="X">取っ手</wf>
         <wf lemma="は" pos="X">は</wf>
         <wf lemma="無く" pos="X">無く</wf>
         <wf lemma="なっ" pos="X">なっ</wf>
         <wf lemma="て" pos="X">て</wf>
         <wf lemma="い" pos="X">い</wf>
         <wf lemma="た" pos="X">た</wf>
         <wf lemma="." pos="X">.</wf>
      </sentence>
      <sentence id="d000.s3839" source="wordnet-japanese">
         <wf lemma="時間" pos="X">時間</wf>
         <wf lemma="である" pos="X">である</wf>
         <wf lemma="と" pos="X">と</wf>
         <instance id="d000.s3839.t000" lemma="知る" pos="VERB">知っ</instance>
         <wf lemma="て" pos="X">て</wf>
         <wf lemma="いる" pos="X">いる</wf>
         <wf lemma="." pos="X">.</wf>
      </sentence>
      <sentence id="d000.s3840" source="wordnet-japanese">
         <wf lemma="パリ" pos="X">パリ</wf>
         <wf lemma="で" pos="X">で</wf>
         <wf lemma="、" pos="X">、</wf>
         <instance id="d000.s3840.t000" lemma="地下鉄" pos="NOUN">地下鉄</instance>
         <wf lemma="システム" pos="X">システム</wf>
         <wf lemma="は" pos="X">は</wf>
         <wf lemma="『" pos="X">『</wf>
         <wf lemma="metroメトロ" pos="X">metroメトロ</wf>
         <wf lemma="』" pos="X">』</wf>
         <wf lemma="と" pos="X">と</wf>
         <wf lemma="呼ば" pos="X">呼ば</wf>
         <wf lemma="れ" pos="X">れ</wf>
         <wf lemma="て" pos="X">て</wf>
         <wf lemma="いる" pos="X">いる</wf>
         <wf lemma="、" pos="X">、</wf>
         <wf lemma="そして" pos="X">そして</wf>
         <wf lemma="、" pos="X">、</wf>
         <wf lemma="ロンドン" pos="X">ロンドン</wf>
         <wf lemma="で" pos="X">で</wf>
         <wf lemma="、" pos="X">、</wf>
         <wf lemma="それ" pos="X">それ</wf>
         <wf lemma="は" pos="X">は</wf>
         <wf lemma="『" pos="X">『</wf>
         <wf lemma="tube" pos="X">tube</wf>
         <wf lemma="チューブ" pos="X">チューブ</wf>
         <wf lemma="』" pos="X">』</wf>
         <wf lemma="または" pos="X">または</wf>
         <wf lemma="『" pos="X">『</wf>
         <wf lemma="underground" pos="X">underground</wf>
         <wf lemma="地下鉄" pos="X">地下鉄</wf>
         <wf lemma="』" pos="X">』</wf>
         <wf lemma="と" pos="X">と</wf>
         <wf lemma="呼ば" pos="X">呼ば</wf>
         <wf lemma="れる" pos="X">れる</wf>
         <wf lemma="." pos="X">.</wf>
      </sentence>
      <sentence id="d000.s3841" source="wordnet-japanese">
         <wf lemma="あなた" pos="X">あなた</wf>
         <wf lemma="は" pos="X">は</wf>
         <wf lemma="、" pos="X">、</wf>
         <wf lemma="キロメートル" pos="X">キロメートル</wf>
         <wf lemma="で" pos="X">で</wf>
         <wf lemma="この" pos="X">この</wf>
         <wf lemma="距離" pos="X">距離</wf>
         <wf lemma="を" pos="X">を</wf>
         <instance id="d000.s3841.t000" lemma="表す" pos="VERB">表す</instance>
         <wf lemma="こと" pos="X">こと</wf>
         <wf lemma="が" pos="X">が</wf>
         <wf lemma="でき" pos="X">でき</wf>
         <wf lemma="ます" pos="X">ます</wf>
         <wf lemma="か" pos="X">か</wf>
         <wf lemma="？" pos="X">？</wf>
         <wf lemma="." pos="X">.</wf>
      </sentence>
      <sentence id="d000.s3842" source="wordnet-japanese">
         <wf lemma="ライセンス" pos="X">ライセンス</wf>
         <wf lemma="は" pos="X">は</wf>
         <wf lemma="まだ" pos="X">まだ</wf>
         <instance id="d000.s3842.t000" lemma="有効" pos="ADJ">有効</instance>
         <wf lemma="である" pos="X">である</wf>
         <wf lemma="." pos="X">.</wf>
      </sentence>
      <sentence id="d000.s3843" source="wordnet-japanese">
         <instance id="d000.s3843.t000" lemma="活発" pos="ADJ">活発</instance>
         <wf lemma="な" pos="X">な</wf>
         <wf lemma="外交政策" pos="X">外交政策</wf>
         <wf lemma="." pos="X">.</wf>
      </sentence>
      <sentence id="d000.s3844" source="wordnet-japanese">
         <instance id="d000.s3844.t000" lemma="軽薄" pos="ADJ">軽薄</instance>
         <wf lemma="な" pos="X">な</wf>
         <wf lemma="若い" pos="X">若い</wf>
         <wf lemma="女性" pos="X">女性</wf>
         <wf lemma="." pos="X">.</wf>
      </sentence>
      <sentence id="d000.s3845" source="wordnet-japanese">
         <instance id="d000.s3845.t000" lemma="社債" pos="NOUN">社債</instance>
         <wf lemma="は" pos="X">は</wf>
         <wf lemma="同じ" pos="X">同じ</wf>
         <wf lemma="会社" pos="X">会社</wf>
         <wf lemma="の" pos="X">の</wf>
         <wf lemma="株より" pos="X">株より</wf>
         <wf lemma="も" pos="X">も</wf>
         <wf lemma="安全" pos="X">安全</wf>
         <wf lemma="な" pos="X">な</wf>
         <wf lemma="投資" pos="X">投資</wf>
         <wf lemma="である" pos="X">である</wf>
         <wf lemma="." pos="X">.</wf>
      </sentence>
      <sentence id="d000.s3846" source="wordnet-japanese">
         <wf lemma="神聖" pos="X">神聖</wf>
         <wf lemma="な" pos="X">な</wf>
         <wf lemma="もの" pos="X">もの</wf>
         <wf lemma="を" pos="X">を</wf>
         <wf lemma="馬鹿" pos="X">馬鹿</wf>
         <wf lemma="に" pos="X">に</wf>
         <wf lemma="する" pos="X">する</wf>
         <instance id="d000.s3846.t000" lemma="不敬" pos="ADJ">不敬</instance>
         <wf lemma="な" pos="X">な</wf>
         <wf lemma="学者" pos="X">学者</wf>
         <wf lemma="." pos="X">.</wf>
      </sentence>
      <sentence id="d000.s3847" source="wordnet-japanese">
         <wf lemma="彼" pos="X">彼</wf>
         <wf lemma="の" pos="X">の</wf>
         <wf lemma="問題" pos="X">問題</wf>
         <wf lemma="の" pos="X">の</wf>
         <instance id="d000.s3847.t000" lemma="誤解" pos="NOUN">誤解</instance>
         <wf lemma="は" pos="X">は</wf>
         <wf lemma="、" pos="X">、</wf>
         <wf lemma="彼" pos="X">彼</wf>
         <wf lemma="の" pos="X">の</wf>
         <wf lemma="間違い" pos="X">間違い</wf>
         <wf lemma="を" pos="X">を</wf>
         <wf lemma="引き起こし" pos="X">引き起こし</wf>
         <wf lemma="た" pos="X">た</wf>
         <wf lemma="." pos="X">.</wf>
      </sentence>
      <sentence id="d000.s3848" source="wordnet-japanese">
         <wf lemma="プラトン" pos="X">プラトン</wf>
         <wf lemma="で" pos="X">で</wf>
         <wf lemma="この" pos="X">この</wf>
         <wf lemma="考え" pos="X">考え</wf>
         <wf lemma="を" pos="X">を</wf>
         <instance id="d000.s3848.t000" lemma="見つける" pos="VERB">見つけ</instance>
         <wf lemma="られる" pos="X">られる</wf>
         <wf lemma="." pos="X">.</wf>
      </sentence>
      <sentence id="d000.s3849" source="wordnet-japanese">
         <wf lemma="ドア" pos="X">ドア</wf>
         <wf lemma="を" pos="X">を</wf>
         <instance id="d000.s3849.t000" lemma="閉める" pos="VERB">閉め</instance>
         <wf lemma="て" pos="X">て</wf>
         <wf lemma="ください" pos="X">ください</wf>
         <wf lemma="." pos="X">.</wf>
      </sentence>
      <sentence id="d000.s3850" source="wordnet-japanese">
         <instance id="d000.s3850.t000" lemma="まれ" pos="ADJ">まれ</instance>
         <wf lemma="な" pos="X">な</wf>
         <wf lemma="出現" pos="X">出現</wf>
         <wf lemma="." pos="X">.</wf>
      </sentence>
      <sentence id="d000.s3851" source="wordnet-japanese">
         <wf lemma="彼" pos="X">彼</wf>
         <wf lemma="の" pos="X">の</wf>
         <instance id="d000.s3851.t000" lemma="努力" pos="NOUN">努力</instance>
         <wf lemma="が" pos="X">が</wf>
         <wf lemma="実" pos="X">実</wf>
         <wf lemma="を" pos="X">を</wf>
         <wf lemma="結ぶ" pos="X">結ぶ</wf>
         <wf lemma="ように" pos="X">ように</wf>
         <wf lemma="幸運" pos="X">幸運</wf>
         <wf lemma="を" pos="X">を</wf>
         <wf lemma="祈っ" pos="X">祈っ</wf>
         <wf lemma="た" pos="X">た</wf>
         <wf lemma="." pos="X">.</wf>
      </sentence>
      <sentence id="d000.s3852" source="wordnet-japanese">
         <wf lemma="株価" pos="X">株価</wf>
         <wf lemma="は" pos="X">は</wf>
         <instance id="d000.s3852.t000" lemma="下がる" pos="VERB">下がっ</instance>
         <wf lemma="た" pos="X">た</wf>
         <wf lemma="." pos="X">.</wf>
      </sentence>
      <sentence id="d000.s3853" source="wordnet-japanese">
         <wf lemma="その" pos="X">その</wf>
         <wf lemma="辞書" pos="X">辞書</wf>
         <wf lemma="は" pos="X">は</wf>
         <wf lemma="その" pos="X">その</wf>
         <wf lemma="単語" pos="X">単語</wf>
         <wf lemma="に対して" pos="X">に対して</wf>
         <wf lemma="いくつか" pos="X">いくつか</wf>
         <wf lemma="の" pos="X">の</wf>
         <instance id="d000.s3853.t000" lemma="意味" pos="NOUN">意味</instance>
         <wf lemma="を" pos="X">を</wf>
         <wf lemma="示す" pos="X">示す</wf>
         <wf lemma="." pos="X">.</wf>
      </sentence>
      <sentence id="d000.s3854" source="wordnet-japanese">
         <instance id="d000.s3854.t000" lemma="張力" pos="NOUN">張力</instance>
         <wf lemma="で" pos="X">で</wf>
         <wf lemma="、" pos="X">、</wf>
         <wf lemma="滑車" pos="X">滑車</wf>
         <wf lemma="の" pos="X">の</wf>
         <wf lemma="ベルト" pos="X">ベルト</wf>
         <wf lemma="を" pos="X">を</wf>
         <wf lemma="支える" pos="X">支える</wf>
         <wf lemma="." pos="X">.</wf>
      </sentence>
      <sentence id="d000.s3855" source="wordnet-japanese">
         <wf lemma="私" pos="X">私</wf>
         <wf lemma="は" pos="X">は</wf>
         <wf lemma="20" pos="X">20</wf>
         <wf lemma="ドル" pos="X">ドル</wf>
         <wf lemma="を" pos="X">を</wf>
         <wf lemma="払い" pos="X">払い</wf>
         <wf lemma="、" pos="X">、</wf>
         <instance id="d000.s3855.t000" lemma="釣り" pos="NOUN">釣り</instance>
         <wf lemma="を" pos="X">を</wf>
         <wf lemma="ポケット" pos="X">ポケット</wf>
         <wf lemma="に" pos="X">に</wf>
         <wf lemma="入れ" pos="X">入れ</wf>
         <wf lemma="た" pos="X">た</wf>
         <wf lemma="." pos="X">.</wf>
      </sentence>
      <sentence id="d000.s3856" source="wordnet-japanese">
         <instance id="d000.s3856.t000" lemma="人工的" pos="ADV">人工的</instance>
         <wf lemma="に" pos="X">に</wf>
         <wf lemma="誘発" pos="X">誘発</wf>
         <wf lemma="さ" pos="X">さ</wf>
         <wf lemma="れ" pos="X">れ</wf>
         <wf lemma="た" pos="X">た</wf>
         <wf lemma="状態" pos="X">状態</wf>
         <wf lemma="." pos="X">.</wf>
      </sentence>
      <sentence id="d000.s3857" source="wordnet-japanese">
         <wf lemma="彼" pos="X">彼</wf>
         <wf lemma="は" pos="X">は</wf>
         <wf lemma="、" pos="X">、</wf>
         <wf lemma="農場" pos="X">農場</wf>
         <wf lemma="生産物" pos="X">生産物</wf>
         <wf lemma="の" pos="X">の</wf>
         <wf lemma="価格" pos="X">価格</wf>
         <instance id="d000.s3857.t000" lemma="安定" pos="NOUN">安定</instance>
         <wf lemma="に" pos="X">に</wf>
         <wf lemma="務め" pos="X">務め</wf>
         <wf lemma="た" pos="X">た</wf>
         <wf lemma="." pos="X">.</wf>
      </sentence>
      <sentence id="d000.s3858" source="wordnet-japanese">
         <wf lemma="彼" pos="X">彼</wf>
         <wf lemma="は" pos="X">は</wf>
         <wf lemma="、" pos="X">、</wf>
         <wf lemma="彼" pos="X">彼</wf>
         <wf lemma="の" pos="X">の</wf>
         <wf lemma="仕事" pos="X">仕事</wf>
         <wf lemma="の" pos="X">の</wf>
         <wf lemma="手配" pos="X">手配</wf>
         <wf lemma="の" pos="X">の</wf>
         <instance id="d000.s3858.t000" lemma="柔軟性" pos="NOUN">柔軟性</instance>
         <wf lemma="を" pos="X">を</wf>
         <wf lemma="楽しん" pos="X">楽しん</wf>
         <wf lemma="だ" pos="X">だ</wf>
         <wf lemma="." pos="X">.</wf>
      </sentence>
      <sentence id="d000.s3859" source="wordnet-japanese">
         <instance id="d000.s3859.t000" lemma="自然" pos="ADJ">自然</instance>
         <wf lemma="な" pos="X">な</wf>
         <wf lemma="免疫" pos="X">免疫</wf>
         <wf lemma="." pos="X">.</wf>
      </sentence>
      <sentence id="d000.s3860" source="wordnet-japanese">
         <instance id="d000.s3860.t000" lemma="素晴らしい" pos="ADJ">素晴らしい</instance>
         <wf lemma="業績" pos="X">業績</wf>
         <wf lemma="." pos="X">.</wf>
      </sentence>
      <sentence id="d000.s3861" source="wordnet-japanese">
         <wf lemma="私" pos="X">私</wf>
         <wf lemma="たち" pos="X">たち</wf>
         <wf lemma="は" pos="X">は</wf>
         <wf lemma="空港" pos="X">空港</wf>
         <wf lemma="から" pos="X">から</wf>
         <wf lemma="1" pos="X">1</wf>
         <instance id="d000.s3861.t000" lemma="時間" pos="NOUN">時間</instance>
         <wf lemma="の" pos="X">の</wf>
         <wf lemma="距離" pos="X">距離</wf>
         <wf lemma="に" pos="X">に</wf>
         <wf lemma="住ん" pos="X">住ん</wf>
         <wf lemma="で" pos="X">で</wf>
         <wf lemma="いる" pos="X">いる</wf>
         <wf lemma="." pos="X">.</wf>
      </sentence>
      <sentence id="d000.s3862" source="wordnet-japanese">
         <wf lemma="元" pos="X">元</wf>
         <wf lemma="の" pos="X">の</wf>
         <wf lemma="もの" pos="X">もの</wf>
         <wf lemma="と" pos="X">と</wf>
         <wf lemma="そっくり" pos="X">そっくり</wf>
         <wf lemma="の" pos="X">の</wf>
         <instance id="d000.s3862.t000" lemma="復元" pos="NOUN">復元</instance>
         <wf lemma="." pos="X">.</wf>
      </sentence>
      <sentence id="d000.s3863" source="wordnet-japanese">
         <wf lemma="彼" pos="X">彼</wf>
         <wf lemma="は" pos="X">は</wf>
         <wf lemma="、" pos="X">、</wf>
         <wf lemma="庭" pos="X">庭</wf>
         <wf lemma="の" pos="X">の</wf>
         <wf lemma="絵" pos="X">絵</wf>
         <wf lemma="を" pos="X">を</wf>
         <instance id="d000.s3863.t000" lemma="描く" pos="VERB">描い</instance>
         <wf lemma="た" pos="X">た</wf>
         <wf lemma="." pos="X">.</wf>
      </sentence>
      <sentence id="d000.s3864" source="wordnet-japanese">
         <wf lemma="全て" pos="X">全て</wf>
         <wf lemma="の" pos="X">の</wf>
         <wf lemma="人" pos="X">人</wf>
         <wf lemma="が" pos="X">が</wf>
         <instance id="d000.s3864.t000" lemma="謙遜" pos="NOUN">謙遜</instance>
         <wf lemma="が" pos="X">が</wf>
         <wf lemma="美徳" pos="X">美徳</wf>
         <wf lemma="で" pos="X">で</wf>
         <wf lemma="ある" pos="X">ある</wf>
         <wf lemma="と" pos="X">と</wf>
         <wf lemma="考える" pos="X">考える</wf>
         <wf lemma="わけ" pos="X">わけ</wf>
         <wf lemma="で" pos="X">で</wf>
         <wf lemma="は" pos="X">は</wf>
         <wf lemma="ない" pos="X">ない</wf>
         <wf lemma="." pos="X">.</wf>
      </sentence>
      <sentence id="d000.s3865" source="wordnet-japanese">
         <instance id="d000.s3865.t000" lemma="うまい" pos="ADJ">うまい</instance>
         <wf lemma="冗談" pos="X">冗談</wf>
         <wf lemma="." pos="X">.</wf>
      </sentence>
      <sentence id="d000.s3866" source="wordnet-japanese">
         <wf lemma="低俗" pos="X">低俗</wf>
         <wf lemma="だ" pos="X">だ</wf>
         <wf lemma="が" pos="X">が</wf>
         <wf lemma="、" pos="X">、</wf>
         <instance id="d000.s3866.t000" lemma="猥褻" pos="ADJ">猥褻</instance>
         <wf lemma="な" pos="X">な</wf>
         <wf lemma="話" pos="X">話</wf>
         <wf lemma="で" pos="X">で</wf>
         <wf lemma="は" pos="X">は</wf>
         <wf lemma="ない" pos="X">ない</wf>
         <wf lemma="." pos="X">.</wf>
      </sentence>
      <sentence id="d000.s3867" source="wordnet-japanese">
         <wf lemma="彼" pos="X">彼</wf>
         <wf lemma="は" pos="X">は</wf>
         <wf lemma="彼女" pos="X">彼女</wf>
         <wf lemma="を" pos="X">を</wf>
         <wf lemma="無" pos="X">無</wf>
         <instance id="d000.s3867.t000" lemma="条件" pos="NOUN">条件</instance>
         <wf lemma="で" pos="X">で</wf>
         <wf lemma="推薦" pos="X">推薦</wf>
         <wf lemma="し" pos="X">し</wf>
         <wf lemma="た" pos="X">た</wf>
         <wf lemma="." pos="X">.</wf>
      </sentence>
      <sentence id="d000.s3868" source="wordnet-japanese">
         <wf lemma="贖いの" pos="X">贖いの</wf>
         <wf lemma="日" pos="X">日</wf>
         <wf lemma="を" pos="X">を</wf>
         <instance id="d000.s3868.t000" lemma="祝う" pos="VERB">祝っ</instance>
         <wf lemma="て" pos="X">て</wf>
         <wf lemma="ください" pos="X">ください</wf>
         <wf lemma="." pos="X">.</wf>
      </sentence>
      <sentence id="d000.s3869" source="wordnet-japanese">
         <wf lemma="30" pos="X">30</wf>
         <wf lemma="年" pos="X">年</wf>
         <wf lemma="の" pos="X">の</wf>
         <instance id="d000.s3869.t000" lemma="期間" pos="NOUN">期間</instance>
         <wf lemma="." pos="X">.</wf>
      </sentence>
      <sentence id="d000.s3870" source="wordnet-japanese">
         <wf lemma="惑星" pos="X">惑星</wf>
         <wf lemma="は" pos="X">は</wf>
         <wf lemma="太陽" pos="X">太陽</wf>
         <wf lemma="の" pos="X">の</wf>
         <wf lemma="周囲" pos="X">周囲</wf>
         <wf lemma="を" pos="X">を</wf>
         <wf lemma="軌道" pos="X">軌道</wf>
         <wf lemma="を" pos="X">を</wf>
         <wf lemma="描い" pos="X">描い</wf>
         <wf lemma="て" pos="X">て</wf>
         <instance id="d000.s3870.t000" lemma="回る" pos="VERB">回っ</instance>
         <wf lemma="て" pos="X">て</wf>
         <wf lemma="いる" pos="X">いる</wf>
         <wf lemma="." pos="X">.</wf>
      </sentence>
      <sentence id="d000.s3871" source="wordnet-japanese">
         <wf lemma="きのこ" pos="X">きのこ</wf>
         <wf lemma="を" pos="X">を</wf>
         <instance id="d000.s3871.t000" lemma="摘む" pos="VERB">摘む</instance>
         <wf lemma="." pos="X">.</wf>
      </sentence>
      <sentence id="d000.s3872" source="wordnet-japanese">
         <wf lemma="セロリ" pos="X">セロリ</wf>
         <wf lemma="の" pos="X">の</wf>
         <instance id="d000.s3872.t000" lemma="黄化" pos="NOUN">黄化</instance>
         <wf lemma="." pos="X">.</wf>
      </sentence>
      <sentence id="d000.s3873" source="wordnet-japanese">
         <wf lemma="1" pos="X">1</wf>
         <instance id="d000.s3873.t000" lemma="キログラム" pos="NOUN">キログラム</instance>
         <wf lemma="は" pos="X">は</wf>
         <wf lemma="約" pos="X">約</wf>
         <wf lemma="2.2" pos="X">2.2</wf>
         <wf lemma="ポンド" pos="X">ポンド</wf>
         <wf lemma="である" pos="X">である</wf>
         <wf lemma="." pos="X">.</wf>
      </sentence>
      <sentence id="d000.s3874" source="wordnet-japanese">
         <instance id="d000.s3874.t000" lemma="二次的" pos="ADJ">二次的</instance>
         <wf lemma="な" pos="X">な</wf>
         <wf lemma="流れ" pos="X">流れ</wf>
         <wf lemma="." pos="X">.</wf>
      </sentence>
      <sentence id="d000.s3875" source="wordnet-japanese">
         <instance id="d000.s3875.t000" lemma="遠い" pos="ADJ">遠い</instance>
         <wf lemma="山" pos="X">山</wf>
         <wf lemma="." pos="X">.</wf>
      </sentence>
      <sentence id="d000.s3876" source="wordnet-japanese">
         <wf lemma="彼" pos="X">彼</wf>
         <wf lemma="の" pos="X">の</wf>
         <wf lemma="主" pos="X">主</wf>
         <wf lemma="な" pos="X">な</wf>
         <instance id="d000.s3876.t000" lemma="読み" pos="NOUN">読み</instance>
         <wf lemma="もの" pos="X">もの</wf>
         <wf lemma="は" pos="X">は</wf>
         <wf lemma="、" pos="X">、</wf>
         <wf lemma="探偵" pos="X">探偵</wf>
         <wf lemma="小説" pos="X">小説</wf>
         <wf lemma="だっ" pos="X">だっ</wf>
         <wf lemma="た" pos="X">た</wf>
         <wf lemma="." pos="X">.</wf>
      </sentence>
      <sentence id="d000.s3877" source="wordnet-japanese">
         <wf lemma="彼女" pos="X">彼女</wf>
         <wf lemma="は" pos="X">は</wf>
         <instance id="d000.s3877.t000" lemma="結局" pos="ADV">結局</instance>
         <wf lemma="成功" pos="X">成功</wf>
         <wf lemma="する" pos="X">する</wf>
         <wf lemma="であろ" pos="X">であろ</wf>
         <wf lemma="う" pos="X">う</wf>
         <wf lemma="." pos="X">.</wf>
      </sentence>
      <sentence id="d000.s3878" source="wordnet-japanese">
         <instance id="d000.s3878.t000" lemma="ぐしょぐしょ" pos="ADJ">ぐしょぐしょ</instance>
         <wf lemma="の" pos="X">の</wf>
         <wf lemma="範囲" pos="X">範囲</wf>
         <wf lemma="." pos="X">.</wf>
      </sentence>
      <sentence id="d000.s3879" source="wordnet-japanese">
         <wf lemma="裁判" pos="X">裁判</wf>
         <wf lemma="で" pos="X">で</wf>
         <wf lemma="彼" pos="X">彼</wf>
         <wf lemma="の" pos="X">の</wf>
         <instance id="d000.s3879.t000" lemma="無実" pos="NOUN">無実</instance>
         <wf lemma="が" pos="X">が</wf>
         <wf lemma="確定" pos="X">確定</wf>
         <wf lemma="し" pos="X">し</wf>
         <wf lemma="た" pos="X">た</wf>
         <wf lemma="." pos="X">.</wf>
      </sentence>
      <sentence id="d000.s3880" source="wordnet-japanese">
         <wf lemma="目撃" pos="X">目撃</wf>
         <wf lemma="し" pos="X">し</wf>
         <wf lemma="た" pos="X">た</wf>
         <wf lemma="事実" pos="X">事実</wf>
         <wf lemma="に対する" pos="X">に対する</wf>
         <instance id="d000.s3880.t000" lemma="忠実" pos="ADJ">忠実</instance>
         <wf lemma="な" pos="X">な</wf>
         <wf lemma="表現" pos="X">表現</wf>
         <wf lemma="." pos="X">.</wf>
      </sentence>
      <sentence id="d000.s3881" source="wordnet-japanese">
         <wf lemma="神経" pos="X">神経</wf>
         <wf lemma="インパルス" pos="X">インパルス</wf>
         <wf lemma="は" pos="X">は</wf>
         <wf lemma="神経伝達" pos="X">神経伝達</wf>
         <wf lemma="物質" pos="X">物質</wf>
         <wf lemma="の" pos="X">の</wf>
         <wf lemma="作用" pos="X">作用</wf>
         <wf lemma="を" pos="X">を</wf>
         <wf lemma="通じ" pos="X">通じ</wf>
         <wf lemma="て" pos="X">て</wf>
         <instance id="d000.s3881.t000" lemma="シナプス" pos="NOUN">シナプス</instance>
         <wf lemma="を" pos="X">を</wf>
         <wf lemma="交差" pos="X">交差</wf>
         <wf lemma="する" pos="X">する</wf>
         <wf lemma="." pos="X">.</wf>
      </sentence>
      <sentence id="d000.s3882" source="wordnet-japanese">
         <wf lemma="外部者" pos="X">外部者</wf>
         <wf lemma="により" pos="X">により</wf>
         <wf lemma="抱か" pos="X">抱か</wf>
         <wf lemma="れ" pos="X">れ</wf>
         <wf lemma="て" pos="X">て</wf>
         <wf lemma="た" pos="X">た</wf>
         <instance id="d000.s3882.t000" lemma="侮辱" pos="NOUN">侮辱</instance>
         <wf lemma="は" pos="X">は</wf>
         <wf lemma="伝説的" pos="X">伝説的</wf>
         <wf lemma="で" pos="X">で</wf>
         <wf lemma="ある" pos="X">ある</wf>
         <wf lemma="." pos="X">.</wf>
      </sentence>
      <sentence id="d000.s3883" source="wordnet-japanese">
         <instance id="d000.s3883.t000" lemma="今日" pos="NOUN">今日</instance>
         <wf lemma="の" pos="X">の</wf>
         <wf lemma="世界" pos="X">世界</wf>
         <wf lemma="." pos="X">.</wf>
      </sentence>
      <sentence id="d000.s3884" source="wordnet-japanese">
         <wf lemma="咽頭" pos="X">咽頭</wf>
         <wf lemma="扁桃" pos="X">扁桃</wf>
         <wf lemma="の" pos="X">の</wf>
         <wf lemma="肥大" pos="X">肥大</wf>
         <wf lemma="は" pos="X">は</wf>
         <instance id="d000.s3884.t000" lemma="アデノイド" pos="NOUN">アデノイド</instance>
         <wf lemma="と" pos="X">と</wf>
         <wf lemma="呼ば" pos="X">呼ば</wf>
         <wf lemma="れる" pos="X">れる</wf>
         <wf lemma="." pos="X">.</wf>
      </sentence>
      <sentence id="d000.s3885" source="wordnet-japanese">
         <wf lemma="もう" pos="X">もう</wf>
         <wf lemma="一" pos="X">一</wf>
         <wf lemma="杯" pos="X">杯</wf>
         <wf lemma="の" pos="X">の</wf>
         <wf lemma="チキンスープ" pos="X">チキンスープ</wf>
         <wf lemma="を" pos="X">を</wf>
         <instance id="d000.s3885.t000" lemma="摂る" pos="VERB">摂る</instance>
         <wf lemma="." pos="X">.</wf>
      </sentence>
      <sentence id="d000.s3886" source="wordnet-japanese">
         <instance id="d000.s3886.t000" lemma="柔らかい" pos="ADJ">柔らかい</instance>
         <wf lemma="パステル" pos="X">パステル</wf>
         <wf lemma="・" pos="X">・</wf>
         <wf lemma="カラー" pos="X">カラー</wf>
         <wf lemma="." pos="X">.</wf>
      </sentence>
      <sentence id="d000.s3887" source="wordnet-japanese">
         <instance id="d000.s3887.t000" lemma="今夜" pos="ADV">今夜</instance>
         <wf lemma="まで" pos="X">まで</wf>
         <wf lemma="低下" pos="X">低下</wf>
         <wf lemma="する" pos="X">する</wf>
         <wf lemma="." pos="X">.</wf>
      </sentence>
      <sentence id="d000.s3888" source="wordnet-japanese">
         <wf lemma="君" pos="X">君</wf>
         <wf lemma="の" pos="X">の</wf>
         <instance id="d000.s3888.t000" lemma="論理" pos="NOUN">論理</instance>
         <wf lemma="の" pos="X">の</wf>
         <wf lemma="道" pos="X">道</wf>
         <wf lemma="筋" pos="X">筋</wf>
         <wf lemma="に" pos="X">に</wf>
         <wf lemma="は" pos="X">は</wf>
         <wf lemma="つい" pos="X">つい</wf>
         <wf lemma="て" pos="X">て</wf>
         <wf lemma="いけ" pos="X">いけ</wf>
         <wf lemma="ない" pos="X">ない</wf>
         <wf lemma="." pos="X">.</wf>
      </sentence>
      <sentence id="d000.s3889" source="wordnet-japanese">
         <wf lemma="彼" pos="X">彼</wf>
         <wf lemma="は" pos="X">は</wf>
         <wf lemma="、" pos="X">、</wf>
         <instance id="d000.s3889.t000" lemma="三塁" pos="NOUN">三塁</instance>
         <wf lemma="の" pos="X">の</wf>
         <wf lemma="惜しい" pos="X">惜しい</wf>
         <wf lemma="ところ" pos="X">ところ</wf>
         <wf lemma="で" pos="X">で</wf>
         <wf lemma="アウト" pos="X">アウト</wf>
         <wf lemma="に" pos="X">に</wf>
         <wf lemma="なっ" pos="X">なっ</wf>
         <wf lemma="た" pos="X">た</wf>
         <wf lemma="." pos="X">.</wf>
      </sentence>
      <sentence id="d000.s3890" source="wordnet-japanese">
         <wf lemma="彼ら" pos="X">彼ら</wf>
         <wf lemma="は" pos="X">は</wf>
         <wf lemma="攻撃" pos="X">攻撃</wf>
         <wf lemma="の" pos="X">の</wf>
         <instance id="d000.s3890.t000" lemma="先頭" pos="NOUN">先頭</instance>
         <wf lemma="に" pos="X">に</wf>
         <wf lemma="い" pos="X">い</wf>
         <wf lemma="た" pos="X">た</wf>
         <wf lemma="." pos="X">.</wf>
      </sentence>
      <sentence id="d000.s3891" source="wordnet-japanese">
         <wf lemma="移住" pos="X">移住</wf>
         <wf lemma="による" pos="X">による</wf>
         <wf lemma="若い" pos="X">若い</wf>
         <wf lemma="才能" pos="X">才能</wf>
         <wf lemma="の" pos="X">の</wf>
         <instance id="d000.s3891.t000" lemma="流出" pos="NOUN">流出</instance>
         <wf lemma="." pos="X">.</wf>
      </sentence>
      <sentence id="d000.s3892" source="wordnet-japanese">
         <instance id="d000.s3892.t000" lemma="狭量" pos="ADJ">狭量</instance>
         <wf lemma="な" pos="X">な</wf>
         <wf lemma="意見" pos="X">意見</wf>
         <wf lemma="." pos="X">.</wf>
      </sentence>
      <sentence id="d000.s3893" source="wordnet-japanese">
         <wf lemma="名目" pos="X">名目</wf>
         <wf lemma="上" pos="X">上</wf>
         <wf lemma="は" pos="X">は</wf>
         <wf lemma="独立" pos="X">独立</wf>
         <wf lemma="し" pos="X">し</wf>
         <wf lemma="て" pos="X">て</wf>
         <wf lemma="いる" pos="X">いる</wf>
         <wf lemma="が" pos="X">が</wf>
         <wf lemma="、" pos="X">、</wf>
         <instance id="d000.s3893.t000" lemma="本当" pos="ADV">本当</instance>
         <wf lemma="は" pos="X">は</wf>
         <wf lemma="そう" pos="X">そう</wf>
         <wf lemma="で" pos="X">で</wf>
         <wf lemma="ない" pos="X">ない</wf>
         <wf lemma="." pos="X">.</wf>
      </sentence>
      <sentence id="d000.s3894" source="wordnet-japanese">
         <wf lemma="マラソン" pos="X">マラソン</wf>
         <wf lemma="の" pos="X">の</wf>
         <wf lemma="彼" pos="X">彼</wf>
         <wf lemma="の" pos="X">の</wf>
         <instance id="d000.s3894.t000" lemma="成功" pos="NOUN">成功</instance>
         <wf lemma="は" pos="X">は</wf>
         <wf lemma="予想外" pos="X">予想外</wf>
         <wf lemma="だっ" pos="X">だっ</wf>
         <wf lemma="た" pos="X">た</wf>
         <wf lemma="." pos="X">.</wf>
      </sentence>
      <sentence id="d000.s3895" source="wordnet-japanese">
         <wf lemma="アメリカ" pos="X">アメリカ</wf>
         <wf lemma="人" pos="X">人</wf>
         <wf lemma="は" pos="X">は</wf>
         <instance id="d000.s3895.t000" lemma="社交的" pos="ADJ">社交的</instance>
         <wf lemma="で" pos="X">で</wf>
         <wf lemma="、" pos="X">、</wf>
         <wf lemma="社交好き" pos="X">社交好き</wf>
         <wf lemma="である" pos="X">である</wf>
         <wf lemma="." pos="X">.</wf>
      </sentence>
      <sentence id="d000.s3896" source="wordnet-japanese">
         <instance id="d000.s3896.t000" lemma="最高" pos="ADJ">最高</instance>
         <wf lemma="の" pos="X">の</wf>
         <wf lemma="勇気" pos="X">勇気</wf>
         <wf lemma="." pos="X">.</wf>
      </sentence>
      <sentence id="d000.s3897" source="wordnet-japanese">
         <wf lemma="彼女" pos="X">彼女</wf>
         <wf lemma="が" pos="X">が</wf>
         <wf lemma="大きな" pos="X">大きな</wf>
         <instance id="d000.s3897.t000" lemma="ポートフォリオ" pos="NOUN">ポートフォリオ</instance>
         <wf lemma="を" pos="X">を</wf>
         <wf lemma="所持" pos="X">所持</wf>
         <wf lemma="し" pos="X">し</wf>
         <wf lemma="て" pos="X">て</wf>
         <wf lemma="い" pos="X">い</wf>
         <wf lemma="た" pos="X">た</wf>
         <wf lemma="ので" pos="X">ので</wf>
         <wf lemma="、" pos="X">、</wf>
         <wf lemma="彼" pos="X">彼</wf>
         <wf lemma="は" pos="X">は</wf>
         <wf lemma="彼女" pos="X">彼女</wf>
         <wf lemma="を" pos="X">を</wf>
         <wf lemma="覚え" pos="X">覚え</wf>
         <wf lemma="て" pos="X">て</wf>
         <wf lemma="い" pos="X">い</wf>
         <wf lemma="た" pos="X">た</wf>
         <wf lemma="." pos="X">.</wf>
      </sentence>
      <sentence id="d000.s3898" source="wordnet-japanese">
         <wf lemma="粒子" pos="X">粒子</wf>
         <wf lemma="の" pos="X">の</wf>
         <instance id="d000.s3898.t000" lemma="衝突" pos="NOUN">衝突</instance>
         <wf lemma="は" pos="X">は</wf>
         <wf lemma="、" pos="X">、</wf>
         <wf lemma="エネルギー" pos="X">エネルギー</wf>
         <wf lemma="の" pos="X">の</wf>
         <wf lemma="交換" pos="X">交換</wf>
         <wf lemma="と" pos="X">と</wf>
         <wf lemma="方向" pos="X">方向</wf>
         <wf lemma="の" pos="X">の</wf>
         <wf lemma="変化" pos="X">変化</wf>
         <wf lemma="を" pos="X">を</wf>
         <wf lemma="もたらし" pos="X">もたらし</wf>
         <wf lemma="た" pos="X">た</wf>
         <wf lemma="." pos="X">.</wf>
      </sentence>
      <sentence id="d000.s3899" source="wordnet-japanese">
         <wf lemma="彼" pos="X">彼</wf>
         <wf lemma="が" pos="X">が</wf>
         <wf lemma="人々" pos="X">人々</wf>
         <wf lemma="を" pos="X">を</wf>
         <wf lemma="判断" pos="X">判断</wf>
         <wf lemma="する" pos="X">する</wf>
         <wf lemma="とき" pos="X">とき</wf>
         <wf lemma="非常" pos="X">非常</wf>
         <wf lemma="に" pos="X">に</wf>
         <instance id="d000.s3899.t000" lemma="寛大" pos="ADJ">寛大</instance>
         <wf lemma="だ" pos="X">だ</wf>
         <wf lemma="." pos="X">.</wf>
      </sentence>
      <sentence id="d000.s3900" source="wordnet-japanese">
         <wf lemma="体" pos="X">体</wf>
         <wf lemma="が" pos="X">が</wf>
         <instance id="d000.s3900.t000" lemma="不自由" pos="ADJ">不自由</instance>
         <wf lemma="な" pos="X">な</wf>
         <wf lemma="軍人" pos="X">軍人</wf>
         <wf lemma="." pos="X">.</wf>
      </sentence>
      <sentence id="d000.s3901" source="wordnet-japanese">
         <instance id="d000.s3901.t000" lemma="不可能" pos="ADJ">不可能</instance>
         <wf lemma="な" pos="X">な</wf>
         <wf lemma="状況" pos="X">状況</wf>
         <wf lemma="." pos="X">.</wf>
      </sentence>
      <sentence id="d000.s3902" source="wordnet-japanese">
         <instance id="d000.s3902.t000" lemma="過剰" pos="ADJ">過剰</instance>
         <wf lemma="の" pos="X">の</wf>
         <wf lemma="装飾" pos="X">装飾</wf>
         <wf lemma="." pos="X">.</wf>
      </sentence>
      <sentence id="d000.s3903" source="wordnet-japanese">
         <wf lemma="道" pos="X">道</wf>
         <wf lemma="は" pos="X">は</wf>
         <instance id="d000.s3903.t000" lemma="曲がる" pos="VERB">曲がる</instance>
         <wf lemma="." pos="X">.</wf>
      </sentence>
      <sentence id="d000.s3904" source="wordnet-japanese">
         <wf lemma="現代" pos="X">現代</wf>
         <wf lemma="の" pos="X">の</wf>
         <instance id="d000.s3904.t000" lemma="経済的" pos="ADJ">経済的</instance>
         <wf lemma="な" pos="X">な</wf>
         <wf lemma="暖房" pos="X">暖房</wf>
         <wf lemma="装置" pos="X">装置</wf>
         <wf lemma="." pos="X">.</wf>
      </sentence>
      <sentence id="d000.s3905" source="wordnet-japanese">
         <wf lemma="つく" pos="X">つく</wf>
         <wf lemma="られる" pos="X">られる</wf>
         <wf lemma="それ" pos="X">それ</wf>
         <wf lemma="は" pos="X">は</wf>
         <wf lemma="、" pos="X">、</wf>
         <wf lemma="当然" pos="X">当然</wf>
         <instance id="d000.s3905.t000" lemma="肉体的" pos="ADJ">肉体的</instance>
         <wf lemma="で" pos="X">で</wf>
         <wf lemma="、" pos="X">、</wf>
         <wf lemma="目" pos="X">目</wf>
         <wf lemma="に" pos="X">に</wf>
         <wf lemma="見え" pos="X">見え</wf>
         <wf lemma="、" pos="X">、</wf>
         <wf lemma="具体的" pos="X">具体的</wf>
         <wf lemma="で" pos="X">で</wf>
         <wf lemma="ある" pos="X">ある</wf>
         <wf lemma="−" pos="X">−</wf>
         <wf lemma="ベンジャミン" pos="X">ベンジャミン</wf>
         <wf lemma="・" pos="X">・</wf>
         <wf lemma="ジャウエット" pos="X">ジャウエット</wf>
         <wf lemma="." pos="X">.</wf>
      </sentence>
      <sentence id="d000.s3906" source="wordnet-japanese">
         <wf lemma="警察" pos="X">警察</wf>
         <wf lemma="は" pos="X">は</wf>
         <instance id="d000.s3906.t000" lemma="ギャング" pos="NOUN">ギャング</instance>
         <wf lemma="を" pos="X">を</wf>
         <wf lemma="ばらばら" pos="X">ばらばら</wf>
         <wf lemma="に" pos="X">に</wf>
         <wf lemma="し" pos="X">し</wf>
         <wf lemma="よう" pos="X">よう</wf>
         <wf lemma="と" pos="X">と</wf>
         <wf lemma="し" pos="X">し</wf>
         <wf lemma="た" pos="X">た</wf>
         <wf lemma="." pos="X">.</wf>
      </sentence>
      <sentence id="d000.s3907" source="wordnet-japanese">
         <instance id="d000.s3907.t000" lemma="チュニジア" pos="NOUN">チュニジア</instance>
         <wf lemma="の" pos="X">の</wf>
         <wf lemma="南部" pos="X">南部</wf>
         <wf lemma="は" pos="X">は</wf>
         <wf lemma="ほとんど" pos="X">ほとんど</wf>
         <wf lemma="が" pos="X">が</wf>
         <wf lemma="砂漠" pos="X">砂漠</wf>
         <wf lemma="だ" pos="X">だ</wf>
         <wf lemma="." pos="X">.</wf>
      </sentence>
      <sentence id="d000.s3908" source="wordnet-japanese">
         <instance id="d000.s3908.t000" lemma="裾" pos="NOUN">裾</instance>
         <wf lemma="を" pos="X">を</wf>
         <wf lemma="下げる" pos="X">下げる</wf>
         <wf lemma="." pos="X">.</wf>
      </sentence>
      <sentence id="d000.s3909" source="wordnet-japanese">
         <wf lemma="彼ら" pos="X">彼ら</wf>
         <wf lemma="の" pos="X">の</wf>
         <instance id="d000.s3909.t000" lemma="貧窮" pos="NOUN">貧窮</instance>
         <wf lemma="は" pos="X">は</wf>
         <wf lemma="彼" pos="X">彼</wf>
         <wf lemma="を" pos="X">を</wf>
         <wf lemma="愕然" pos="X">愕然</wf>
         <wf lemma="と" pos="X">と</wf>
         <wf lemma="さ" pos="X">さ</wf>
         <wf lemma="せ" pos="X">せ</wf>
         <wf lemma="た" pos="X">た</wf>
         <wf lemma="." pos="X">.</wf>
      </sentence>
      <sentence id="d000.s3910" source="wordnet-japanese">
         <wf lemma="彼" pos="X">彼</wf>
         <wf lemma="は" pos="X">は</wf>
         <wf lemma="長年" pos="X">長年</wf>
         <wf lemma="の" pos="X">の</wf>
         <wf lemma="間" pos="X">間</wf>
         <instance id="d000.s3910.t000" lemma="無名" pos="NOUN">無名</instance>
         <wf lemma="で" pos="X">で</wf>
         <wf lemma="働い" pos="X">働い</wf>
         <wf lemma="た" pos="X">た</wf>
         <wf lemma="." pos="X">.</wf>
      </sentence>
      <sentence id="d000.s3911" source="wordnet-japanese">
         <instance id="d000.s3911.t000" lemma="昼行性" pos="ADJ">昼行性</instance>
         <wf lemma="の" pos="X">の</wf>
         <wf lemma="動物" pos="X">動物</wf>
         <wf lemma="は" pos="X">は</wf>
         <wf lemma="、" pos="X">、</wf>
         <wf lemma="日中" pos="X">日中</wf>
         <wf lemma="は" pos="X">は</wf>
         <wf lemma="活動的" pos="X">活動的</wf>
         <wf lemma="で" pos="X">で</wf>
         <wf lemma="ある" pos="X">ある</wf>
         <wf lemma="." pos="X">.</wf>
      </sentence>
      <sentence id="d000.s3912" source="wordnet-japanese">
         <instance id="d000.s3912.t000" lemma="ある" pos="ADJ">ある</instance>
         <wf lemma="人気" pos="X">人気</wf>
         <wf lemma="の" pos="X">の</wf>
         <wf lemma="ある" pos="X">ある</wf>
         <wf lemma="先生" pos="X">先生</wf>
         <wf lemma="." pos="X">.</wf>
      </sentence>
      <sentence id="d000.s3913" source="wordnet-japanese">
         <wf lemma="雑用" pos="X">雑用</wf>
         <wf lemma="に" pos="X">に</wf>
         <instance id="d000.s3913.t000" lemma="手" pos="NOUN">手</instance>
         <wf lemma="を" pos="X">を</wf>
         <wf lemma="貸す." pos="X">貸す.</wf>
      </sentence>
      <sentence id="d000.s3914" source="wordnet-japanese">
         <instance id="d000.s3914.t000" lemma="強力" pos="ADJ">強力</instance>
         <wf lemma="な" pos="X">な</wf>
         <wf lemma="薬" pos="X">薬</wf>
         <wf lemma="." pos="X">.</wf>
      </sentence>
      <sentence id="d000.s3915" source="wordnet-japanese">
         <instance id="d000.s3915.t000" lemma="動原体" pos="NOUN">動原体</instance>
         <wf lemma="は" pos="X">は</wf>
         <wf lemma="連続" pos="X">連続</wf>
         <wf lemma="する" pos="X">する</wf>
         <wf lemma="の" pos="X">の</wf>
         <wf lemma="に" pos="X">に</wf>
         <wf lemma="難しい" pos="X">難しい</wf>
         <wf lemma="." pos="X">.</wf>
      </sentence>
      <sentence id="d000.s3916" source="wordnet-japanese">
         <wf lemma="その" pos="X">その</wf>
         <instance id="d000.s3916.t000" lemma="ジャンプ" pos="NOUN">ジャンプ</instance>
         <wf lemma="は" pos="X">は</wf>
         <wf lemma="予想外" pos="X">予想外</wf>
         <wf lemma="だっ" pos="X">だっ</wf>
         <wf lemma="た" pos="X">た</wf>
         <wf lemma="." pos="X">.</wf>
      </sentence>
      <sentence id="d000.s3917" source="wordnet-japanese">
         <wf lemma="天候" pos="X">天候</wf>
         <wf lemma="が" pos="X">が</wf>
         <instance id="d000.s3917.t000" lemma="保つ" pos="VERB">保た</instance>
         <wf lemma="れる" pos="X">れる</wf>
         <wf lemma="." pos="X">.</wf>
      </sentence>
      <sentence id="d000.s3918" source="wordnet-japanese">
         <wf lemma="彼" pos="X">彼</wf>
         <wf lemma="は" pos="X">は</wf>
         <wf lemma="すぐ" pos="X">すぐ</wf>
         <wf lemma="あき" pos="X">あき</wf>
         <wf lemma="らめる" pos="X">らめる</wf>
         <instance id="d000.s3918.t000" lemma="傾向" pos="NOUN">傾向</instance>
         <wf lemma="が" pos="X">が</wf>
         <wf lemma="あっ" pos="X">あっ</wf>
         <wf lemma="た" pos="X">た</wf>
         <wf lemma="." pos="X">.</wf>
      </sentence>
      <sentence id="d000.s3919" source="wordnet-japanese">
         <wf lemma="彼ら" pos="X">彼ら</wf>
         <wf lemma="は" pos="X">は</wf>
         <wf lemma="毎月" pos="X">毎月</wf>
         <wf lemma="末" pos="X">末</wf>
         <wf lemma="に" pos="X">に</wf>
         <instance id="d000.s3919.t000" lemma="請求書" pos="NOUN">請求書</instance>
         <wf lemma="を" pos="X">を</wf>
         <wf lemma="出し" pos="X">出し</wf>
         <wf lemma="て" pos="X">て</wf>
         <wf lemma="き" pos="X">き</wf>
         <wf lemma="た" pos="X">た</wf>
         <wf lemma="." pos="X">.</wf>
      </sentence>
      <sentence id="d000.s3920" source="wordnet-japanese">
         <wf lemma="私" pos="X">私</wf>
         <wf lemma="は" pos="X">は</wf>
         <wf lemma="彼" pos="X">彼</wf>
         <wf lemma="の" pos="X">の</wf>
         <wf lemma="不義" pos="X">不義</wf>
         <wf lemma="を" pos="X">を</wf>
         <instance id="d000.s3920.t000" lemma="許す" pos="VERB">許し</instance>
         <wf lemma="た" pos="X">た</wf>
         <wf lemma="." pos="X">.</wf>
      </sentence>
      <sentence id="d000.s3921" source="wordnet-japanese">
         <wf lemma="自動車" pos="X">自動車</wf>
         <wf lemma="の" pos="X">の</wf>
         <instance id="d000.s3921.t000" lemma="駐車" pos="NOUN">駐車</instance>
         <wf lemma="と" pos="X">と</wf>
         <wf lemma="出車" pos="X">出車</wf>
         <wf lemma="." pos="X">.</wf>
      </sentence>
      <sentence id="d000.s3922" source="wordnet-japanese">
         <wf lemma="森林" pos="X">森林</wf>
         <wf lemma="に対する" pos="X">に対する</wf>
         <wf lemma="愛情" pos="X">愛情</wf>
         <wf lemma="を" pos="X">を</wf>
         <wf lemma="表現" pos="X">表現</wf>
         <wf lemma="する" pos="X">する</wf>
         <wf lemma="ため" pos="X">ため</wf>
         <wf lemma="に" pos="X">に</wf>
         <wf lemma="、" pos="X">、</wf>
         <wf lemma="木" pos="X">木</wf>
         <wf lemma="で" pos="X">で</wf>
         <wf lemma="この" pos="X">この</wf>
         <wf lemma="作品" pos="X">作品</wf>
         <wf lemma="を" pos="X">を</wf>
         <instance id="d000.s3922.t000" lemma="作る" pos="VERB">作っ</instance>
         <wf lemma="た" pos="X">た</wf>
         <wf lemma="." pos="X">.</wf>
      </sentence>
      <sentence id="d000.s3923" source="wordnet-japanese">
         <instance id="d000.s3923.t000" lemma="ソリトン" pos="NOUN">ソリトン</instance>
         <wf lemma="波" pos="X">波</wf>
         <wf lemma="は" pos="X">は</wf>
         <wf lemma="エネルギー" pos="X">エネルギー</wf>
         <wf lemma="や" pos="X">や</wf>
         <wf lemma="構造" pos="X">構造</wf>
         <wf lemma="の" pos="X">の</wf>
         <wf lemma="損失" pos="X">損失</wf>
         <wf lemma="が" pos="X">が</wf>
         <wf lemma="ほとんど" pos="X">ほとんど</wf>
         <wf lemma="なく" pos="X">なく</wf>
         <wf lemma="、" pos="X">、</wf>
         <wf lemma="長距離" pos="X">長距離</wf>
         <wf lemma="を" pos="X">を</wf>
         <wf lemma="伝わる" pos="X">伝わる</wf>
         <wf lemma="こと" pos="X">こと</wf>
         <wf lemma="が" pos="X">が</wf>
         <wf lemma="できる" pos="X">できる</wf>
         <wf lemma="." pos="X">.</wf>
      </sentence>
      <sentence id="d000.s3924" source="wordnet-japanese">
         <instance id="d000.s3924.t000" lemma="不審" pos="ADJ">不審</instance>
         <wf lemma="な" pos="X">な</wf>
         <wf lemma="挙動" pos="X">挙動</wf>
         <wf lemma="." pos="X">.</wf>
      </sentence>
      <sentence id="d000.s3925" source="wordnet-japanese">
         <wf lemma="珍しい" pos="X">珍しい</wf>
         <wf lemma="本" pos="X">本</wf>
         <wf lemma="の" pos="X">の</wf>
         <instance id="d000.s3925.t000" lemma="素晴らしい" pos="ADJ">素晴らしい</instance>
         <wf lemma="コレクション" pos="X">コレクション</wf>
         <wf lemma="." pos="X">.</wf>
      </sentence>
      <sentence id="d000.s3926" source="wordnet-japanese">
         <instance id="d000.s3926.t000" lemma="容易" pos="ADJ">容易</instance>
         <wf lemma="な" pos="X">な</wf>
         <wf lemma="答え" pos="X">答え</wf>
         <wf lemma="に" pos="X">に</wf>
         <wf lemma="満足" pos="X">満足</wf>
         <wf lemma="する" pos="X">する</wf>
         <wf lemma="." pos="X">.</wf>
      </sentence>
      <sentence id="d000.s3927" source="wordnet-japanese">
         <wf lemma="酸" pos="X">酸</wf>
         <wf lemma="に" pos="X">に</wf>
         <instance id="d000.s3927.t000" lemma="接触" pos="NOUN">接触</instance>
         <wf lemma="する" pos="X">する</wf>
         <wf lemma="と" pos="X">と</wf>
         <wf lemma="、" pos="X">、</wf>
         <wf lemma="リトマス" pos="X">リトマス</wf>
         <wf lemma="紙" pos="X">紙</wf>
         <wf lemma="は" pos="X">は</wf>
         <wf lemma="赤く" pos="X">赤く</wf>
         <wf lemma="なる" pos="X">なる</wf>
         <wf lemma="." pos="X">.</wf>
      </sentence>
      <sentence id="d000.s3928" source="wordnet-japanese">
         <wf lemma="軍隊" pos="X">軍隊</wf>
         <wf lemma="の" pos="X">の</wf>
         <wf lemma="唯一" pos="X">唯一</wf>
         <wf lemma="の" pos="X">の</wf>
         <instance id="d000.s3928.t000" lemma="敗北" pos="NOUN">敗北</instance>
         <wf lemma="." pos="X">.</wf>
      </sentence>
      <sentence id="d000.s3929" source="wordnet-japanese">
         <wf lemma="彼" pos="X">彼</wf>
         <wf lemma="は" pos="X">は</wf>
         <wf lemma="チェロ" pos="X">チェロ</wf>
         <wf lemma="を" pos="X">を</wf>
         <wf lemma="弾く" pos="X">弾く</wf>
         <wf lemma="の" pos="X">の</wf>
         <wf lemma="が" pos="X">が</wf>
         <instance id="d000.s3929.t000" lemma="かなり" pos="ADV">かなり</instance>
         <wf lemma="上手い" pos="X">上手い</wf>
         <wf lemma="." pos="X">.</wf>
      </sentence>
      <sentence id="d000.s3930" source="wordnet-japanese">
         <wf lemma="その" pos="X">その</wf>
         <wf lemma="委員会" pos="X">委員会</wf>
         <wf lemma="に" pos="X">に</wf>
         <wf lemma="は" pos="X">は</wf>
         <wf lemma="、" pos="X">、</wf>
         <wf lemma="余分" pos="X">余分</wf>
         <wf lemma="な" pos="X">な</wf>
         <wf lemma="資金" pos="X">資金</wf>
         <wf lemma="を" pos="X">を</wf>
         <wf lemma="与える" pos="X">与える</wf>
         <instance id="d000.s3930.t000" lemma="任意" pos="ADJ">任意</instance>
         <wf lemma="の" pos="X">の</wf>
         <wf lemma="パワー" pos="X">パワー</wf>
         <wf lemma="が" pos="X">が</wf>
         <wf lemma="ある" pos="X">ある</wf>
         <wf lemma="." pos="X">.</wf>
      </sentence>
      <sentence id="d000.s3931" source="wordnet-japanese">
         <instance id="d000.s3931.t000" lemma="大食" pos="ADJ">大食</instance>
         <wf lemma="の" pos="X">の</wf>
         <wf lemma="サメ" pos="X">サメ</wf>
         <wf lemma="." pos="X">.</wf>
      </sentence>
      <sentence id="d000.s3932" source="wordnet-japanese">
         <instance id="d000.s3932.t000" lemma="不明" pos="ADJ">不明</instance>
         <wf lemma="な" pos="X">な</wf>
         <wf lemma="エラー" pos="X">エラー</wf>
         <wf lemma="." pos="X">.</wf>
      </sentence>
      <sentence id="d000.s3933" source="wordnet-japanese">
         <wf lemma="それら" pos="X">それら</wf>
         <wf lemma="の" pos="X">の</wf>
         <wf lemma="問題" pos="X">問題</wf>
         <wf lemma="は" pos="X">は</wf>
         <wf lemma="私達" pos="X">私達</wf>
         <wf lemma="の" pos="X">の</wf>
         <wf lemma="状態" pos="X">状態</wf>
         <wf lemma="に" pos="X">に</wf>
         <instance id="d000.s3933.t000" lemma="関係" pos="NOUN">関係</instance>
         <wf lemma="ない" pos="X">ない</wf>
         <wf lemma="." pos="X">.</wf>
      </sentence>
      <sentence id="d000.s3934" source="wordnet-japanese">
         <wf lemma="病院" pos="X">病院</wf>
         <wf lemma="の" pos="X">の</wf>
         <wf lemma="ベット" pos="X">ベット</wf>
         <wf lemma="に" pos="X">に</wf>
         <wf lemma="閉じ込め" pos="X">閉じ込め</wf>
         <wf lemma="られ" pos="X">られ</wf>
         <wf lemma="て" pos="X">て</wf>
         <wf lemma="いる" pos="X">いる</wf>
         <wf lemma="人" pos="X">人</wf>
         <wf lemma="が" pos="X">が</wf>
         <wf lemma="そう" pos="X">そう</wf>
         <wf lemma="で" pos="X">で</wf>
         <wf lemma="ある" pos="X">ある</wf>
         <wf lemma="の" pos="X">の</wf>
         <wf lemma="と" pos="X">と</wf>
         <wf lemma="同様" pos="X">同様</wf>
         <wf lemma="の" pos="X">の</wf>
         <instance id="d000.s3934.t000" lemma="快活" pos="ADJ">快活</instance>
         <wf lemma="さ" pos="X">さ</wf>
         <wf lemma="で" pos="X">で</wf>
         <wf lemma="." pos="X">.</wf>
      </sentence>
      <sentence id="d000.s3935" source="wordnet-japanese">
         <wf lemma="彼" pos="X">彼</wf>
         <wf lemma="は" pos="X">は</wf>
         <instance id="d000.s3935.t000" lemma="監禁" pos="NOUN">監禁</instance>
         <wf lemma="さ" pos="X">さ</wf>
         <wf lemma="れ" pos="X">れ</wf>
         <wf lemma="て" pos="X">て</wf>
         <wf lemma="い" pos="X">い</wf>
         <wf lemma="た" pos="X">た</wf>
         <wf lemma="." pos="X">.</wf>
      </sentence>
      <sentence id="d000.s3936" source="wordnet-japanese">
         <wf lemma="村" pos="X">村</wf>
         <wf lemma="の" pos="X">の</wf>
         <wf lemma="正念" pos="X">正念</wf>
         <wf lemma="は" pos="X">は</wf>
         <wf lemma="おそらく" pos="X">おそらく</wf>
         <instance id="d000.s3936.t000" lemma="害虫" pos="NOUN">害虫</instance>
         <wf lemma="を" pos="X">を</wf>
         <wf lemma="撃っ" pos="X">撃っ</wf>
         <wf lemma="て" pos="X">て</wf>
         <wf lemma="いる" pos="X">いる</wf>
         <wf lemma="." pos="X">.</wf>
      </sentence>
      <sentence id="d000.s3937" source="wordnet-japanese">
         <wf lemma="子供" pos="X">子供</wf>
         <wf lemma="たち" pos="X">たち</wf>
         <wf lemma="は" pos="X">は</wf>
         <wf lemma="、" pos="X">、</wf>
         <wf lemma="妖精" pos="X">妖精</wf>
         <wf lemma="の" pos="X">の</wf>
         <instance id="d000.s3937.t000" lemma="群れ" pos="NOUN">群れ</instance>
         <wf lemma="に" pos="X">に</wf>
         <wf lemma="似" pos="X">似</wf>
         <wf lemma="て" pos="X">て</wf>
         <wf lemma="い" pos="X">い</wf>
         <wf lemma="た" pos="X">た</wf>
         <wf lemma="." pos="X">.</wf>
      </sentence>
      <sentence id="d000.s3938" source="wordnet-japanese">
         <wf lemma="彼" pos="X">彼</wf>
         <wf lemma="は" pos="X">は</wf>
         <wf lemma="自分" pos="X">自分</wf>
         <wf lemma="の" pos="X">の</wf>
         <wf lemma="車庫" pos="X">車庫</wf>
         <wf lemma="で" pos="X">で</wf>
         <instance id="d000.s3938.t000" lemma="会社" pos="NOUN">会社</instance>
         <wf lemma="を" pos="X">を</wf>
         <wf lemma="始め" pos="X">始め</wf>
         <wf lemma="た" pos="X">た</wf>
         <wf lemma="." pos="X">.</wf>
      </sentence>
      <sentence id="d000.s3939" source="wordnet-japanese">
         <wf lemma="夜" pos="X">夜</wf>
         <wf lemma="明け" pos="X">明け</wf>
         <wf lemma="で" pos="X">で</wf>
         <wf lemma="、" pos="X">、</wf>
         <wf lemma="夜" pos="X">夜</wf>
         <wf lemma="から" pos="X">から</wf>
         <instance id="d000.s3939.t000" lemma="日中" pos="NOUN">日中</instance>
         <wf lemma="に" pos="X">に</wf>
         <wf lemma="変わっ" pos="X">変わっ</wf>
         <wf lemma="た" pos="X">た</wf>
         <wf lemma="." pos="X">.</wf>
      </sentence>
      <sentence id="d000.s3940" source="wordnet-japanese">
         <instance id="d000.s3940.t000" lemma="別々" pos="ADJ">別々</instance>
         <wf lemma="の" pos="X">の</wf>
         <wf lemma="クラス" pos="X">クラス</wf>
         <wf lemma="の" pos="X">の</wf>
         <wf lemma="女の子" pos="X">女の子</wf>
         <wf lemma="と" pos="X">と</wf>
         <wf lemma="男の子" pos="X">男の子</wf>
         <wf lemma="." pos="X">.</wf>
      </sentence>
      <sentence id="d000.s3941" source="wordnet-japanese">
         <wf lemma="ほとんど" pos="X">ほとんど</wf>
         <wf lemma="の" pos="X">の</wf>
         <wf lemma="教会" pos="X">教会</wf>
         <wf lemma="は" pos="X">は</wf>
         <wf lemma="幼児" pos="X">幼児</wf>
         <wf lemma="に" pos="X">に</wf>
         <instance id="d000.s3941.t000" lemma="洗礼" pos="NOUN">洗礼</instance>
         <wf lemma="を" pos="X">を</wf>
         <wf lemma="施す" pos="X">施す</wf>
         <wf lemma="が" pos="X">が</wf>
         <wf lemma="、" pos="X">、</wf>
         <wf lemma="幾つ" pos="X">幾つ</wf>
         <wf lemma="か" pos="X">か</wf>
         <wf lemma="の" pos="X">の</wf>
         <wf lemma="教会" pos="X">教会</wf>
         <wf lemma="で" pos="X">で</wf>
         <wf lemma="は" pos="X">は</wf>
         <wf lemma="成人" pos="X">成人</wf>
         <wf lemma="に" pos="X">に</wf>
         <wf lemma="なっ" pos="X">なっ</wf>
         <wf lemma="て" pos="X">て</wf>
         <wf lemma="から" pos="X">から</wf>
         <wf lemma="の" pos="X">の</wf>
         <wf lemma="洗礼" pos="X">洗礼</wf>
         <wf lemma="を" pos="X">を</wf>
         <wf lemma="主張" pos="X">主張</wf>
         <wf lemma="し" pos="X">し</wf>
         <wf lemma="て" pos="X">て</wf>
         <wf lemma="いる" pos="X">いる</wf>
         <wf lemma="." pos="X">.</wf>
      </sentence>
      <sentence id="d000.s3942" source="wordnet-japanese">
         <wf lemma="彼" pos="X">彼</wf>
         <wf lemma="は" pos="X">は</wf>
         <wf lemma="、" pos="X">、</wf>
         <instance id="d000.s3942.t000" lemma="サーカス" pos="NOUN">サーカス</instance>
         <wf lemma="に" pos="X">に</wf>
         <wf lemma="加わる" pos="X">加わる</wf>
         <wf lemma="ため" pos="X">ため</wf>
         <wf lemma="に" pos="X">に</wf>
         <wf lemma="、" pos="X">、</wf>
         <wf lemma="家出" pos="X">家出</wf>
         <wf lemma="し" pos="X">し</wf>
         <wf lemma="た" pos="X">た</wf>
         <wf lemma="." pos="X">.</wf>
      </sentence>
      <sentence id="d000.s3943" source="wordnet-japanese">
         <wf lemma="彼" pos="X">彼</wf>
         <wf lemma="は" pos="X">は</wf>
         <wf lemma="、" pos="X">、</wf>
         <wf lemma="私達" pos="X">私達</wf>
         <wf lemma="の" pos="X">の</wf>
         <wf lemma="武器" pos="X">武器</wf>
         <wf lemma="を" pos="X">を</wf>
         <wf lemma="引き渡そ" pos="X">引き渡そ</wf>
         <wf lemma="う" pos="X">う</wf>
         <wf lemma="と" pos="X">と</wf>
         <wf lemma="大声" pos="X">大声</wf>
         <wf lemma="で" pos="X">で</wf>
         <instance id="d000.s3943.t000" lemma="叫ぶ" pos="VERB">叫ん</instance>
         <wf lemma="だ" pos="X">だ</wf>
         <wf lemma="." pos="X">.</wf>
      </sentence>
      <sentence id="d000.s3944" source="wordnet-japanese">
         <wf lemma="新た" pos="X">新た</wf>
         <wf lemma="に" pos="X">に</wf>
         <wf lemma="生まれ" pos="X">生まれ</wf>
         <wf lemma="た" pos="X">た</wf>
         <wf lemma="知的" pos="X">知的</wf>
         <wf lemma="職業" pos="X">職業</wf>
         <instance id="d000.s3944.t000" lemma="階級" pos="NOUN">階級</instance>
         <wf lemma="." pos="X">.</wf>
      </sentence>
      <sentence id="d000.s3945" source="wordnet-japanese">
         <wf lemma="あなた" pos="X">あなた</wf>
         <wf lemma="の" pos="X">の</wf>
         <instance id="d000.s3945.t000" lemma="無礼" pos="ADJ">無礼</instance>
         <wf lemma="な" pos="X">な</wf>
         <wf lemma="話し" pos="X">話し</wf>
         <wf lemma="方" pos="X">方</wf>
         <wf lemma="から" pos="X">から</wf>
         <wf lemma="逃げる" pos="X">逃げる</wf>
         <wf lemma="ほか" pos="X">ほか</wf>
         <wf lemma="に" pos="X">に</wf>
         <wf lemma="望む" pos="X">望む</wf>
         <wf lemma="もの" pos="X">もの</wf>
         <wf lemma="は" pos="X">は</wf>
         <wf lemma="何も" pos="X">何も</wf>
         <wf lemma="ない" pos="X">ない</wf>
         <wf lemma="−" pos="X">−</wf>
         <wf lemma="ウィラ" pos="X">ウィラ</wf>
         <wf lemma="・" pos="X">・</wf>
         <wf lemma="キャサー" pos="X">キャサー</wf>
         <wf lemma="." pos="X">.</wf>
      </sentence>
      <sentence id="d000.s3946" source="wordnet-japanese">
         <wf lemma="侵略" pos="X">侵略</wf>
         <wf lemma="計画" pos="X">計画</wf>
         <wf lemma="を" pos="X">を</wf>
         <wf lemma="話し合う" pos="X">話し合う</wf>
         <wf lemma="ため" pos="X">ため</wf>
         <wf lemma="に" pos="X">に</wf>
         <wf lemma="、" pos="X">、</wf>
         <instance id="d000.s3946.t000" lemma="こっそり" pos="ADV">こっそり</instance>
         <wf lemma="会っ" pos="X">会っ</wf>
         <wf lemma="た" pos="X">た</wf>
         <wf lemma="." pos="X">.</wf>
      </sentence>
      <sentence id="d000.s3947" source="wordnet-japanese">
         <wf lemma="その" pos="X">その</wf>
         <wf lemma="仕事" pos="X">仕事</wf>
         <wf lemma="の" pos="X">の</wf>
         <instance id="d000.s3947.t000" lemma="大半" pos="NOUN">大半</instance>
         <wf lemma="は" pos="X">は</wf>
         <wf lemma="終わっ" pos="X">終わっ</wf>
         <wf lemma="て" pos="X">て</wf>
         <wf lemma="いる" pos="X">いる</wf>
         <wf lemma="." pos="X">.</wf>
      </sentence>
      <sentence id="d000.s3948" source="wordnet-japanese">
         <wf lemma="車輪" pos="X">車輪</wf>
         <wf lemma="が" pos="X">が</wf>
         <instance id="d000.s3948.t000" lemma="回る" pos="VERB">回っ</instance>
         <wf lemma="て" pos="X">て</wf>
         <wf lemma="いる" pos="X">いる</wf>
         <wf lemma="." pos="X">.</wf>
      </sentence>
      <sentence id="d000.s3949" source="wordnet-japanese">
         <wf lemma="彼" pos="X">彼</wf>
         <wf lemma="の" pos="X">の</wf>
         <wf lemma="まゆ" pos="X">まゆ</wf>
         <wf lemma="の" pos="X">の</wf>
         <wf lemma="反射" pos="X">反射</wf>
         <instance id="d000.s3949.t000" lemma="運動" pos="NOUN">運動</instance>
         <wf lemma="は" pos="X">は</wf>
         <wf lemma="彼" pos="X">彼</wf>
         <wf lemma="の" pos="X">の</wf>
         <wf lemma="驚き" pos="X">驚き</wf>
         <wf lemma="を" pos="X">を</wf>
         <wf lemma="顕に" pos="X">顕に</wf>
         <wf lemma="し" pos="X">し</wf>
         <wf lemma="た" pos="X">た</wf>
         <wf lemma="." pos="X">.</wf>
      </sentence>
      <sentence id="d000.s3950" source="wordnet-japanese">
         <wf lemma="一般的" pos="X">一般的</wf>
         <wf lemma="な" pos="X">な</wf>
         <wf lemma="家庭" pos="X">家庭</wf>
         <wf lemma="用" pos="X">用</wf>
         <wf lemma="回路" pos="X">回路</wf>
         <wf lemma="は" pos="X">は</wf>
         <wf lemma="15" pos="X">15</wf>
         <wf lemma="から" pos="X">から</wf>
         <wf lemma="50" pos="X">50</wf>
         <instance id="d000.s3950.t000" lemma="アンペア" pos="NOUN">アンペア</instance>
         <wf lemma="である" pos="X">である</wf>
         <wf lemma="." pos="X">.</wf>
      </sentence>
      <sentence id="d000.s3951" source="wordnet-japanese">
         <instance id="d000.s3951.t000" lemma="農場" pos="NOUN">農場</instance>
         <wf lemma="を" pos="X">を</wf>
         <wf lemma="経営" pos="X">経営</wf>
         <wf lemma="する" pos="X">する</wf>
         <wf lemma="に" pos="X">に</wf>
         <wf lemma="は" pos="X">は</wf>
         <wf lemma="数人" pos="X">数人</wf>
         <wf lemma="の" pos="X">の</wf>
         <wf lemma="人間" pos="X">人間</wf>
         <wf lemma="が" pos="X">が</wf>
         <wf lemma="必要" pos="X">必要</wf>
         <wf lemma="だ" pos="X">だ</wf>
         <wf lemma="." pos="X">.</wf>
      </sentence>
      <sentence id="d000.s3952" source="wordnet-japanese">
         <wf lemma="彼" pos="X">彼</wf>
         <wf lemma="は" pos="X">は</wf>
         <wf lemma="終わり" pos="X">終わり</wf>
         <wf lemma="まで" pos="X">まで</wf>
         <instance id="d000.s3952.t000" lemma="勇敢" pos="ADV">勇敢</instance>
         <wf lemma="に" pos="X">に</wf>
         <wf lemma="戦っ" pos="X">戦っ</wf>
         <wf lemma="た" pos="X">た</wf>
         <wf lemma="." pos="X">.</wf>
      </sentence>
      <sentence id="d000.s3953" source="wordnet-japanese">
         <instance id="d000.s3953.t000" lemma="ラッシュ" pos="NOUN">ラッシュ</instance>
         <wf lemma="の" pos="X">の</wf>
         <wf lemma="後" pos="X">後</wf>
         <wf lemma="に" pos="X">に</wf>
         <wf lemma="、" pos="X">、</wf>
         <wf lemma="戻る" pos="X">戻る</wf>
         <wf lemma="." pos="X">.</wf>
      </sentence>
      <sentence id="d000.s3954" source="wordnet-japanese">
         <instance id="d000.s3954.t000" lemma="けばけばしい" pos="ADJ">けばけばしい</instance>
         <wf lemma="装飾" pos="X">装飾</wf>
         <wf lemma="の" pos="X">の</wf>
         <wf lemma="、" pos="X">、</wf>
         <wf lemma="しかし" pos="X">しかし</wf>
         <wf lemma="上品" pos="X">上品</wf>
         <wf lemma="な" pos="X">な</wf>
         <wf lemma="本" pos="X">本</wf>
         <wf lemma="." pos="X">.</wf>
      </sentence>
      <sentence id="d000.s3955" source="wordnet-japanese">
         <instance id="d000.s3955.t000" lemma="見つける" pos="VERB">見つけ</instance>
         <wf lemma="に" pos="X">に</wf>
         <wf lemma="くい" pos="X">くい</wf>
         <wf lemma="粒子" pos="X">粒子</wf>
         <wf lemma="を" pos="X">を</wf>
         <wf lemma="発見" pos="X">発見</wf>
         <wf lemma="し" pos="X">し</wf>
         <wf lemma="た" pos="X">た</wf>
         <wf lemma="物理学者" pos="X">物理学者</wf>
         <wf lemma="は" pos="X">は</wf>
         <wf lemma="ノーベル" pos="X">ノーベル</wf>
         <wf lemma="賞" pos="X">賞</wf>
         <wf lemma="を" pos="X">を</wf>
         <wf lemma="受賞" pos="X">受賞</wf>
         <wf lemma="し" pos="X">し</wf>
         <wf lemma="た" pos="X">た</wf>
         <wf lemma="." pos="X">.</wf>
      </sentence>
      <sentence id="d000.s3956" source="wordnet-japanese">
         <wf lemma="証拠" pos="X">証拠</wf>
         <wf lemma="の" pos="X">の</wf>
         <wf lemma="重要" pos="X">重要</wf>
         <wf lemma="な" pos="X">な</wf>
         <instance id="d000.s3956.t000" lemma="部分" pos="NOUN">部分</instance>
         <wf lemma="." pos="X">.</wf>
      </sentence>
      <sentence id="d000.s3957" source="wordnet-japanese">
         <wf lemma="これら" pos="X">これら</wf>
         <wf lemma="二" pos="X">二</wf>
         <wf lemma="つ" pos="X">つ</wf>
         <wf lemma="の" pos="X">の</wf>
         <wf lemma="テスト" pos="X">テスト</wf>
         <wf lemma="は" pos="X">は</wf>
         <wf lemma="1" pos="X">1</wf>
         <wf lemma="つ" pos="X">つ</wf>
         <wf lemma="の" pos="X">の</wf>
         <wf lemma="点" pos="X">点</wf>
         <wf lemma="だけ" pos="X">だけ</wf>
         <wf lemma="で" pos="X">で</wf>
         <instance id="d000.s3957.t000" lemma="異なる" pos="VERB">異なる</instance>
         <wf lemma="." pos="X">.</wf>
      </sentence>
      <sentence id="d000.s3958" source="wordnet-japanese">
         <wf lemma="彼" pos="X">彼</wf>
         <wf lemma="は" pos="X">は</wf>
         <wf lemma="ジャズ" pos="X">ジャズ</wf>
         <wf lemma="・" pos="X">・</wf>
         <instance id="d000.s3958.t000" lemma="クラブ" pos="NOUN">クラブ</instance>
         <wf lemma="で" pos="X">で</wf>
         <wf lemma="ドラム" pos="X">ドラム</wf>
         <wf lemma="を" pos="X">を</wf>
         <wf lemma="演奏" pos="X">演奏</wf>
         <wf lemma="し" pos="X">し</wf>
         <wf lemma="た" pos="X">た</wf>
         <wf lemma="." pos="X">.</wf>
      </sentence>
      <sentence id="d000.s3959" source="wordnet-japanese">
         <wf lemma="彼" pos="X">彼</wf>
         <wf lemma="は" pos="X">は</wf>
         <instance id="d000.s3959.t000" lemma="余白" pos="NOUN">余白</instance>
         <wf lemma="に" pos="X">に</wf>
         <wf lemma="メモ" pos="X">メモ</wf>
         <wf lemma="を" pos="X">を</wf>
         <wf lemma="書きとめ" pos="X">書きとめ</wf>
         <wf lemma="た" pos="X">た</wf>
         <wf lemma="." pos="X">.</wf>
      </sentence>
      <sentence id="d000.s3960" source="wordnet-japanese">
         <wf lemma="警察官" pos="X">警察官</wf>
         <wf lemma="は" pos="X">は</wf>
         <wf lemma="路地" pos="X">路地</wf>
         <wf lemma="まで" pos="X">まで</wf>
         <wf lemma="強盗" pos="X">強盗</wf>
         <wf lemma="を" pos="X">を</wf>
         <instance id="d000.s3960.t000" lemma="追いかける" pos="VERB">追いかけ</instance>
         <wf lemma="た" pos="X">た</wf>
         <wf lemma="." pos="X">.</wf>
      </sentence>
      <sentence id="d000.s3961" source="wordnet-japanese">
         <wf lemma="約束" pos="X">約束</wf>
         <wf lemma="を" pos="X">を</wf>
         <instance id="d000.s3961.t000" lemma="取り消す" pos="VERB">取り消す</instance>
         <wf lemma="." pos="X">.</wf>
      </sentence>
      <sentence id="d000.s3962" source="wordnet-japanese">
         <wf lemma="細部" pos="X">細部</wf>
         <wf lemma="へ" pos="X">へ</wf>
         <wf lemma="の" pos="X">の</wf>
         <instance id="d000.s3962.t000" lemma="入念" pos="ADJ">入念</instance>
         <wf lemma="な" pos="X">な</wf>
         <wf lemma="注意" pos="X">注意</wf>
         <wf lemma="." pos="X">.</wf>
      </sentence>
      <sentence id="d000.s3963" source="wordnet-japanese">
         <wf lemma="天才" pos="X">天才</wf>
         <wf lemma="と" pos="X">と</wf>
         <wf lemma="精神" pos="X">精神</wf>
         <wf lemma="異常" pos="X">異常</wf>
         <wf lemma="は" pos="X">は</wf>
         <wf lemma="同じ" pos="X">同じ</wf>
         <instance id="d000.s3963.t000" lemma="主根" pos="NOUN">主根</instance>
         <wf lemma="から" pos="X">から</wf>
         <wf lemma="生じる" pos="X">生じる</wf>
         <wf lemma="." pos="X">.</wf>
      </sentence>
      <sentence id="d000.s3964" source="wordnet-japanese">
         <wf lemma="私たち" pos="X">私たち</wf>
         <wf lemma="は" pos="X">は</wf>
         <wf lemma="プエルトリコ" pos="X">プエルトリコ</wf>
         <wf lemma="で" pos="X">で</wf>
         <wf lemma="短い" pos="X">短い</wf>
         <instance id="d000.s3964.t000" lemma="休暇" pos="NOUN">休暇</instance>
         <wf lemma="を" pos="X">を</wf>
         <wf lemma="取っ" pos="X">取っ</wf>
         <wf lemma="た" pos="X">た</wf>
         <wf lemma="." pos="X">.</wf>
      </sentence>
      <sentence id="d000.s3965" source="wordnet-japanese">
         <wf lemma="遺書" pos="X">遺書</wf>
         <wf lemma="は" pos="X">は</wf>
         <wf lemma="、" pos="X">、</wf>
         <wf lemma="各" pos="X">各</wf>
         <wf lemma="子供" pos="X">子供</wf>
         <wf lemma="が" pos="X">が</wf>
         <wf lemma="半分" pos="X">半分</wf>
         <wf lemma="の" pos="X">の</wf>
         <wf lemma="お" pos="X">お</wf>
         <wf lemma="金" pos="X">金</wf>
         <wf lemma="を" pos="X">を</wf>
         <wf lemma="受け取る" pos="X">受け取る</wf>
         <wf lemma="べき" pos="X">べき</wf>
         <wf lemma="である" pos="X">である</wf>
         <wf lemma="と" pos="X">と</wf>
         <instance id="d000.s3965.t000" lemma="定める" pos="VERB">定め</instance>
         <wf lemma="て" pos="X">て</wf>
         <wf lemma="いる" pos="X">いる</wf>
         <wf lemma="." pos="X">.</wf>
      </sentence>
      <sentence id="d000.s3966" source="wordnet-japanese">
         <wf lemma="米国" pos="X">米国</wf>
         <wf lemma="は" pos="X">は</wf>
         <wf lemma="ビン" pos="X">ビン</wf>
         <wf lemma="・" pos="X">・</wf>
         <wf lemma="ラーデン" pos="X">ラーデン</wf>
         <wf lemma="が" pos="X">が</wf>
         <wf lemma="その" pos="X">その</wf>
         <wf lemma="テロ" pos="X">テロ</wf>
         <wf lemma="行為" pos="X">行為</wf>
         <wf lemma="の" pos="X">の</wf>
         <wf lemma="裏" pos="X">裏</wf>
         <wf lemma="の" pos="X">の</wf>
         <wf lemma="首謀者" pos="X">首謀者</wf>
         <wf lemma="である" pos="X">である</wf>
         <wf lemma="と" pos="X">と</wf>
         <instance id="d000.s3966.t000" lemma="疑う" pos="VERB">疑っ</instance>
         <wf lemma="て" pos="X">て</wf>
         <wf lemma="い" pos="X">い</wf>
         <wf lemma="た" pos="X">た</wf>
         <wf lemma="." pos="X">.</wf>
      </sentence>
      <sentence id="d000.s3967" source="wordnet-japanese">
         <instance id="d000.s3967.t000" lemma="役割" pos="NOUN">役割</instance>
         <wf lemma="を" pos="X">を</wf>
         <wf lemma="演じる" pos="X">演じる</wf>
         <wf lemma="." pos="X">.</wf>
      </sentence>
      <sentence id="d000.s3968" source="wordnet-japanese">
         <wf lemma="自家" pos="X">自家</wf>
         <wf lemma="用" pos="X">用</wf>
         <wf lemma="飛行機" pos="X">飛行機</wf>
         <wf lemma="は" pos="X">は</wf>
         <wf lemma="、" pos="X">、</wf>
         <wf lemma="金持ち" pos="X">金持ち</wf>
         <wf lemma="の" pos="X">の</wf>
         <instance id="d000.s3968.t000" lemma="玩具" pos="NOUN">玩具</instance>
         <wf lemma="である" pos="X">である</wf>
         <wf lemma="." pos="X">.</wf>
      </sentence>
      <sentence id="d000.s3969" source="wordnet-japanese">
         <wf lemma="警察" pos="X">警察</wf>
         <wf lemma="が" pos="X">が</wf>
         <wf lemma="入っ" pos="X">入っ</wf>
         <wf lemma="て" pos="X">て</wf>
         <wf lemma="来" pos="X">来</wf>
         <wf lemma="た" pos="X">た</wf>
         <wf lemma="後" pos="X">後</wf>
         <wf lemma="に" pos="X">に</wf>
         <wf lemma="、" pos="X">、</wf>
         <wf lemma="不法入居者" pos="X">不法入居者</wf>
         <wf lemma="は" pos="X">は</wf>
         <wf lemma="、" pos="X">、</wf>
         <wf lemma="ビル" pos="X">ビル</wf>
         <wf lemma="を" pos="X">を</wf>
         <instance id="d000.s3969.t000" lemma="明け渡す" pos="VERB">明け渡さ</instance>
         <wf lemma="なければ" pos="X">なければ</wf>
         <wf lemma="なら" pos="X">なら</wf>
         <wf lemma="なかっ" pos="X">なかっ</wf>
         <wf lemma="た" pos="X">た</wf>
         <wf lemma="." pos="X">.</wf>
      </sentence>
      <sentence id="d000.s3970" source="wordnet-japanese">
         <wf lemma="不正" pos="X">不正</wf>
         <wf lemma="な" pos="X">な</wf>
         <wf lemma="貸付金" pos="X">貸付金</wf>
         <wf lemma="は" pos="X">は</wf>
         <wf lemma="多く" pos="X">多く</wf>
         <wf lemma="の" pos="X">の</wf>
         <wf lemma="銀行" pos="X">銀行</wf>
         <wf lemma="の" pos="X">の</wf>
         <instance id="d000.s3970.t000" lemma="倒産" pos="NOUN">倒産</instance>
         <wf lemma="を" pos="X">を</wf>
         <wf lemma="引き起こし" pos="X">引き起こし</wf>
         <wf lemma="た" pos="X">た</wf>
         <wf lemma="." pos="X">.</wf>
      </sentence>
      <sentence id="d000.s3971" source="wordnet-japanese">
         <instance id="d000.s3971.t000" lemma="ウイルス学" pos="ADJ">ウイルス学</instance>
         <wf lemma="の" pos="X">の</wf>
         <wf lemma="研究" pos="X">研究</wf>
         <wf lemma="." pos="X">.</wf>
      </sentence>
      <sentence id="d000.s3972" source="wordnet-japanese">
         <wf lemma="同じ" pos="X">同じ</wf>
         <wf lemma="ソースコード" pos="X">ソースコード</wf>
         <wf lemma="は" pos="X">は</wf>
         <wf lemma="、" pos="X">、</wf>
         <wf lemma="異なる" pos="X">異なる</wf>
         <wf lemma="オペレーティング" pos="X">オペレーティング</wf>
         <wf lemma="システム" pos="X">システム</wf>
         <wf lemma="用" pos="X">用</wf>
         <wf lemma="の" pos="X">の</wf>
         <wf lemma="異なる" pos="X">異なる</wf>
         <instance id="d000.s3972.t000" lemma="バイナリ" pos="NOUN">バイナリ</instance>
         <wf lemma="を" pos="X">を</wf>
         <wf lemma="生じる" pos="X">生じる</wf>
         <wf lemma="ため" pos="X">ため</wf>
         <wf lemma="に" pos="X">に</wf>
         <wf lemma="コンパイル" pos="X">コンパイル</wf>
         <wf lemma="さ" pos="X">さ</wf>
         <wf lemma="れる" pos="X">れる</wf>
         <wf lemma="." pos="X">.</wf>
      </sentence>
      <sentence id="d000.s3973" source="wordnet-japanese">
         <wf lemma="彼" pos="X">彼</wf>
         <wf lemma="は" pos="X">は</wf>
         <instance id="d000.s3973.t000" lemma="あくび" pos="NOUN">あくび</instance>
         <wf lemma="を" pos="X">を</wf>
         <wf lemma="噛み殺す" pos="X">噛み殺す</wf>
         <wf lemma="こと" pos="X">こと</wf>
         <wf lemma="が" pos="X">が</wf>
         <wf lemma="でき" pos="X">でき</wf>
         <wf lemma="なかっ" pos="X">なかっ</wf>
         <wf lemma="た" pos="X">た</wf>
         <wf lemma="." pos="X">.</wf>
      </sentence>
      <sentence id="d000.s3974" source="wordnet-japanese">
         <wf lemma="人" pos="X">人</wf>
         <wf lemma="の" pos="X">の</wf>
         <instance id="d000.s3974.t000" lemma="切実" pos="ADJ">切実</instance>
         <wf lemma="な" pos="X">な</wf>
         <wf lemma="願い" pos="X">願い</wf>
         <wf lemma="." pos="X">.</wf>
      </sentence>
      <sentence id="d000.s3975" source="wordnet-japanese">
         <instance id="d000.s3975.t000" lemma="不完全" pos="ADJ">不完全</instance>
         <wf lemma="な" pos="X">な</wf>
         <wf lemma="軍" pos="X">軍</wf>
         <wf lemma="の" pos="X">の</wf>
         <wf lemma="成功" pos="X">成功</wf>
         <wf lemma="の" pos="X">の</wf>
         <wf lemma="政治" pos="X">政治</wf>
         <wf lemma="結果" pos="X">結果</wf>
         <wf lemma="." pos="X">.</wf>
      </sentence>
      <sentence id="d000.s3976" source="wordnet-japanese">
         <wf lemma="夕食" pos="X">夕食</wf>
         <wf lemma="に" pos="X">に</wf>
         <wf lemma="私" pos="X">私</wf>
         <wf lemma="のい" pos="X">のい</wf>
         <wf lemma="とこ" pos="X">とこ</wf>
         <wf lemma="を" pos="X">を</wf>
         <instance id="d000.s3976.t000" lemma="連れる" pos="VERB">連れ</instance>
         <wf lemma="て" pos="X">て</wf>
         <wf lemma="来" pos="X">来</wf>
         <wf lemma="て" pos="X">て</wf>
         <wf lemma="も" pos="X">も</wf>
         <wf lemma="いい" pos="X">いい</wf>
         <wf lemma="か" pos="X">か</wf>
         <wf lemma="." pos="X">.</wf>
      </sentence>
      <sentence id="d000.s3977" source="wordnet-japanese">
         <wf lemma="彼" pos="X">彼</wf>
         <wf lemma="は" pos="X">は</wf>
         <wf lemma="丸太" pos="X">丸太</wf>
         <wf lemma="を" pos="X">を</wf>
         <instance id="d000.s3977.t000" lemma="地面" pos="NOUN">地面</instance>
         <wf lemma="に" pos="X">に</wf>
         <wf lemma="落とし" pos="X">落とし</wf>
         <wf lemma="た" pos="X">た</wf>
         <wf lemma="." pos="X">.</wf>
      </sentence>
      <sentence id="d000.s3978" source="wordnet-japanese">
         <wf lemma="若い" pos="X">若い</wf>
         <wf lemma="教師" pos="X">教師</wf>
         <wf lemma="は" pos="X">は</wf>
         <wf lemma="病気" pos="X">病気</wf>
         <wf lemma="の" pos="X">の</wf>
         <wf lemma="同僚" pos="X">同僚</wf>
         <wf lemma="の" pos="X">の</wf>
         <instance id="d000.s3978.t000" lemma="代わる" pos="VERB">代わり</instance>
         <wf lemma="を" pos="X">を</wf>
         <wf lemma="し" pos="X">し</wf>
         <wf lemma="なければ" pos="X">なければ</wf>
         <wf lemma="なら" pos="X">なら</wf>
         <wf lemma="なかっ" pos="X">なかっ</wf>
         <wf lemma="た" pos="X">た</wf>
         <wf lemma="." pos="X">.</wf>
      </sentence>
      <sentence id="d000.s3979" source="wordnet-japanese">
         <wf lemma="記録" pos="X">記録</wf>
         <wf lemma="は" pos="X">は</wf>
         <wf lemma="、" pos="X">、</wf>
         <instance id="d000.s3979.t000" lemma="ほとんど" pos="ADV">ほとんど</instance>
         <wf lemma="完璧" pos="X">完璧</wf>
         <wf lemma="である" pos="X">である</wf>
         <wf lemma="." pos="X">.</wf>
      </sentence>
      <sentence id="d000.s3980" source="wordnet-japanese">
         <wf lemma="赤ん坊" pos="X">赤ん坊</wf>
         <wf lemma="を" pos="X">を</wf>
         <instance id="d000.s3980.t000" lemma="見守る" pos="VERB">見守っ</instance>
         <wf lemma="て" pos="X">て</wf>
         <wf lemma="ください" pos="X">ください</wf>
         <wf lemma="！" pos="X">！</wf>
         <wf lemma="." pos="X">.</wf>
      </sentence>
      <sentence id="d000.s3981" source="wordnet-japanese">
         <wf lemma="「" pos="X">「</wf>
         <instance id="d000.s3981.t000" lemma="忘我" pos="NOUN">忘我</instance>
         <wf lemma="の" pos="X">の</wf>
         <wf lemma="境地" pos="X">境地</wf>
         <wf lemma="で" pos="X">で</wf>
         <wf lemma="美しい" pos="X">美しい</wf>
         <wf lemma="音楽" pos="X">音楽</wf>
         <wf lemma="を" pos="X">を</wf>
         <wf lemma="聞く" pos="X">聞く</wf>
         <wf lemma="」" pos="X">」</wf>
         <wf lemma="−" pos="X">−</wf>
         <wf lemma="チャールズ" pos="X">チャールズ</wf>
         <wf lemma="・" pos="X">・</wf>
         <wf lemma="ディケンズ" pos="X">ディケンズ</wf>
         <wf lemma="." pos="X">.</wf>
      </sentence>
      <sentence id="d000.s3982" source="wordnet-japanese">
         <instance id="d000.s3982.t000" lemma="従順" pos="ADJ">従順</instance>
         <wf lemma="な" pos="X">な</wf>
         <wf lemma="答え" pos="X">答え</wf>
         <wf lemma="." pos="X">.</wf>
      </sentence>
      <sentence id="d000.s3983" source="wordnet-japanese">
         <instance id="d000.s3983.t000" lemma="流通" pos="NOUN">流通</instance>
         <wf lemma="を" pos="X">を</wf>
         <wf lemma="増加" pos="X">増加</wf>
         <wf lemma="さ" pos="X">さ</wf>
         <wf lemma="せる" pos="X">せる</wf>
         <wf lemma="こと" pos="X">こと</wf>
         <wf lemma="によって" pos="X">によって</wf>
         <wf lemma="、" pos="X">、</wf>
         <wf lemma="新聞" pos="X">新聞</wf>
         <wf lemma="は" pos="X">は</wf>
         <wf lemma="、" pos="X">、</wf>
         <wf lemma="広告" pos="X">広告</wf>
         <wf lemma="を" pos="X">を</wf>
         <wf lemma="増加" pos="X">増加</wf>
         <wf lemma="さ" pos="X">さ</wf>
         <wf lemma="せる" pos="X">せる</wf>
         <wf lemma="こと" pos="X">こと</wf>
         <wf lemma="を" pos="X">を</wf>
         <wf lemma="望ん" pos="X">望ん</wf>
         <wf lemma="で" pos="X">で</wf>
         <wf lemma="い" pos="X">い</wf>
         <wf lemma="た" pos="X">た</wf>
         <wf lemma="." pos="X">.</wf>
      </sentence>
      <sentence id="d000.s3984" source="wordnet-japanese">
         <wf lemma="彼" pos="X">彼</wf>
         <wf lemma="は" pos="X">は</wf>
         <wf lemma="いくつか" pos="X">いくつか</wf>
         <wf lemma="の" pos="X">の</wf>
         <wf lemma="異なっ" pos="X">異なっ</wf>
         <wf lemma="た" pos="X">た</wf>
         <wf lemma="ワープロ" pos="X">ワープロ</wf>
         <wf lemma="・" pos="X">・</wf>
         <instance id="d000.s3984.t000" lemma="アプリケーション" pos="NOUN">アプリケーション</instance>
         <wf lemma="を" pos="X">を</wf>
         <wf lemma="試し" pos="X">試し</wf>
         <wf lemma="て" pos="X">て</wf>
         <wf lemma="み" pos="X">み</wf>
         <wf lemma="た" pos="X">た</wf>
         <wf lemma="." pos="X">.</wf>
      </sentence>
      <sentence id="d000.s3985" source="wordnet-japanese">
         <instance id="d000.s3985.t000" lemma="不規則" pos="ADV">不規則</instance>
         <wf lemma="に" pos="X">に</wf>
         <wf lemma="形成" pos="X">形成</wf>
         <wf lemma="さ" pos="X">さ</wf>
         <wf lemma="れ" pos="X">れ</wf>
         <wf lemma="た" pos="X">た</wf>
         <wf lemma="固体" pos="X">固体</wf>
         <wf lemma="." pos="X">.</wf>
      </sentence>
      <sentence id="d000.s3986" source="wordnet-japanese">
         <wf lemma="良い" pos="X">良い</wf>
         <wf lemma="栄養" pos="X">栄養</wf>
         <wf lemma="状態" pos="X">状態</wf>
         <wf lemma="に" pos="X">に</wf>
         <instance id="d000.s3986.t000" lemma="不可欠" pos="ADJ">不可欠</instance>
         <wf lemma="の" pos="X">の</wf>
         <wf lemma="食物" pos="X">食物</wf>
         <wf lemma="." pos="X">.</wf>
      </sentence>
      <sentence id="d000.s3987" source="wordnet-japanese">
         <wf lemma="その" pos="X">その</wf>
         <wf lemma="小曲" pos="X">小曲</wf>
         <wf lemma="は" pos="X">は</wf>
         <wf lemma="速い" pos="X">速い</wf>
         <instance id="d000.s3987.t000" lemma="リズム" pos="NOUN">リズム</instance>
         <wf lemma="だ" pos="X">だ</wf>
         <wf lemma="." pos="X">.</wf>
      </sentence>
      <sentence id="d000.s3988" source="wordnet-japanese">
         <instance id="d000.s3988.t000" lemma="完全" pos="ADJ">完全</instance>
         <wf lemma="な" pos="X">な</wf>
         <wf lemma="幸福" pos="X">幸福</wf>
         <wf lemma="." pos="X">.</wf>
      </sentence>
      <sentence id="d000.s3989" source="wordnet-japanese">
         <instance id="d000.s3989.t000" lemma="殺人的" pos="ADJ">殺人的</instance>
         <wf lemma="な" pos="X">な</wf>
         <wf lemma="怒り" pos="X">怒り</wf>
         <wf lemma="." pos="X">.</wf>
      </sentence>
      <sentence id="d000.s3990" source="wordnet-japanese">
         <wf lemma="教会" pos="X">教会</wf>
         <wf lemma="は" pos="X">は</wf>
         <instance id="d000.s3990.t000" lemma="バジリカ" pos="NOUN">バジリカ</instance>
         <wf lemma="の" pos="X">の</wf>
         <wf lemma="位" pos="X">位</wf>
         <wf lemma="に" pos="X">に</wf>
         <wf lemma="格上げ" pos="X">格上げ</wf>
         <wf lemma="さ" pos="X">さ</wf>
         <wf lemma="れ" pos="X">れ</wf>
         <wf lemma="た" pos="X">た</wf>
         <wf lemma="." pos="X">.</wf>
      </sentence>
      <sentence id="d000.s3991" source="wordnet-japanese">
         <wf lemma="彼女" pos="X">彼女</wf>
         <wf lemma="は" pos="X">は</wf>
         <wf lemma="彼" pos="X">彼</wf>
         <wf lemma="に対する" pos="X">に対する</wf>
         <instance id="d000.s3991.t000" lemma="尊敬" pos="NOUN">尊敬</instance>
         <wf lemma="の" pos="X">の</wf>
         <wf lemma="念" pos="X">念</wf>
         <wf lemma="を" pos="X">を</wf>
         <wf lemma="すべ" pos="X">すべ</wf>
         <wf lemma="て" pos="X">て</wf>
         <wf lemma="失っ" pos="X">失っ</wf>
         <wf lemma="た" pos="X">た</wf>
         <wf lemma="." pos="X">.</wf>
      </sentence>
      <sentence id="d000.s3992" source="wordnet-japanese">
         <wf lemma="彼" pos="X">彼</wf>
         <wf lemma="は" pos="X">は</wf>
         <wf lemma="、" pos="X">、</wf>
         <wf lemma="新しい" pos="X">新しい</wf>
         <wf lemma="プログラム" pos="X">プログラム</wf>
         <wf lemma="を" pos="X">を</wf>
         <instance id="d000.s3992.t000" lemma="始める" pos="VERB">始め</instance>
         <wf lemma="た" pos="X">た</wf>
         <wf lemma="." pos="X">.</wf>
      </sentence>
      <sentence id="d000.s3993" source="wordnet-japanese">
         <instance id="d000.s3993.t000" lemma="アラスカ州" pos="NOUN">アラスカ州</instance>
         <wf lemma="は" pos="X">は</wf>
         <wf lemma="米国" pos="X">米国</wf>
         <wf lemma="最大" pos="X">最大</wf>
         <wf lemma="の" pos="X">の</wf>
         <wf lemma="州" pos="X">州</wf>
         <wf lemma="である" pos="X">である</wf>
         <wf lemma="." pos="X">.</wf>
      </sentence>
      <sentence id="d000.s3994" source="wordnet-japanese">
         <wf lemma="指圧" pos="X">指圧</wf>
         <wf lemma="を" pos="X">を</wf>
         <wf lemma="行う" pos="X">行う</wf>
         <wf lemma="ため" pos="X">ため</wf>
         <wf lemma="に" pos="X">に</wf>
         <wf lemma="は" pos="X">は</wf>
         <wf lemma="、" pos="X">、</wf>
         <instance id="d000.s3994.t000" lemma="圧点" pos="NOUN">圧点</instance>
         <wf lemma="を" pos="X">を</wf>
         <wf lemma="知ら" pos="X">知ら</wf>
         <wf lemma="なければ" pos="X">なければ</wf>
         <wf lemma="なら" pos="X">なら</wf>
         <wf lemma="ない" pos="X">ない</wf>
         <wf lemma="." pos="X">.</wf>
      </sentence>
      <sentence id="d000.s3995" source="wordnet-japanese">
         <instance id="d000.s3995.t000" lemma="異常" pos="ADJ">異常</instance>
         <wf lemma="な" pos="X">な</wf>
         <wf lemma="野心" pos="X">野心</wf>
         <wf lemma="." pos="X">.</wf>
      </sentence>
      <sentence id="d000.s3996" source="wordnet-japanese">
         <instance id="d000.s3996.t000" lemma="突風" pos="NOUN">突風</instance>
         <wf lemma="で" pos="X">で</wf>
         <wf lemma="木" pos="X">木</wf>
         <wf lemma="が" pos="X">が</wf>
         <wf lemma="ほとんど" pos="X">ほとんど</wf>
         <wf lemma="2" pos="X">2</wf>
         <wf lemma="つ" pos="X">つ</wf>
         <wf lemma="に" pos="X">に</wf>
         <wf lemma="折り曲げ" pos="X">折り曲げ</wf>
         <wf lemma="られ" pos="X">られ</wf>
         <wf lemma="た" pos="X">た</wf>
         <wf lemma="." pos="X">.</wf>
      </sentence>
      <sentence id="d000.s3997" source="wordnet-japanese">
         <wf lemma="直す" pos="X">直す</wf>
         <wf lemma="より" pos="X">より</wf>
         <wf lemma="も" pos="X">も</wf>
         <instance id="d000.s3997.t000" lemma="欠点" pos="NOUN">欠点</instance>
         <wf lemma="を" pos="X">を</wf>
         <wf lemma="見つける" pos="X">見つける</wf>
         <wf lemma="方" pos="X">方</wf>
         <wf lemma="が" pos="X">が</wf>
         <wf lemma="時間" pos="X">時間</wf>
         <wf lemma="が" pos="X">が</wf>
         <wf lemma="かかっ" pos="X">かかっ</wf>
         <wf lemma="た" pos="X">た</wf>
         <wf lemma="." pos="X">.</wf>
      </sentence>
      <sentence id="d000.s3998" source="wordnet-japanese">
         <wf lemma="彼女" pos="X">彼女</wf>
         <wf lemma="は" pos="X">は</wf>
         <instance id="d000.s3998.t000" lemma="口" pos="NOUN">口</instance>
         <wf lemma="から" pos="X">から</wf>
         <wf lemma="口紅" pos="X">口紅</wf>
         <wf lemma="を" pos="X">を</wf>
         <wf lemma="ふき取っ" pos="X">ふき取っ</wf>
         <wf lemma="た" pos="X">た</wf>
         <wf lemma="." pos="X">.</wf>
      </sentence>
      <sentence id="d000.s3999" source="wordnet-japanese">
         <wf lemma="あなた" pos="X">あなた</wf>
         <wf lemma="は" pos="X">は</wf>
         <wf lemma="、" pos="X">、</wf>
         <wf lemma="私" pos="X">私</wf>
         <wf lemma="に" pos="X">に</wf>
         <wf lemma="授業" pos="X">授業</wf>
         <wf lemma="を" pos="X">を</wf>
         <wf lemma="し" pos="X">し</wf>
         <wf lemma="て" pos="X">て</wf>
         <instance id="d000.s3999.t000" lemma="くれる" pos="VERB">くれ</instance>
         <wf lemma="ます" pos="X">ます</wf>
         <wf lemma="か" pos="X">か</wf>
         <wf lemma="？" pos="X">？</wf>
         <wf lemma="." pos="X">.</wf>
      </sentence>
      <sentence id="d000.s4000" source="wordnet-japanese">
         <wf lemma="屋根" pos="X">屋根</wf>
         <wf lemma="裏" pos="X">裏</wf>
         <wf lemma="に" pos="X">に</wf>
         <wf lemma="住ん" pos="X">住ん</wf>
         <wf lemma="で" pos="X">で</wf>
         <wf lemma="いる" pos="X">いる</wf>
         <wf lemma="評判" pos="X">評判</wf>
         <wf lemma="の" pos="X">の</wf>
         <instance id="d000.s4000.t000" lemma="貧しい" pos="ADJ">貧しい</instance>
         <wf lemma="芸術家" pos="X">芸術家</wf>
         <wf lemma="." pos="X">.</wf>
      </sentence>
      <sentence id="d000.s4001" source="wordnet-japanese">
         <instance id="d000.s4001.t000" lemma="間接的" pos="ADJ">間接的</instance>
         <wf lemma="な" pos="X">な</wf>
         <wf lemma="原因" pos="X">原因</wf>
         <wf lemma="." pos="X">.</wf>
      </sentence>
      <sentence id="d000.s4002" source="wordnet-japanese">
         <instance id="d000.s4002.t000" lemma="大規模" pos="ADJ">大規模</instance>
         <wf lemma="な" pos="X">な</wf>
         <wf lemma="条件" pos="X">条件</wf>
         <wf lemma="の" pos="X">の</wf>
         <wf lemma="もと" pos="X">もと</wf>
         <wf lemma="で" pos="X">で</wf>
         <wf lemma="小麦" pos="X">小麦</wf>
         <wf lemma="を" pos="X">を</wf>
         <wf lemma="生産" pos="X">生産</wf>
         <wf lemma="する" pos="X">する</wf>
         <wf lemma="." pos="X">.</wf>
      </sentence>
      <sentence id="d000.s4003" source="wordnet-japanese">
         <wf lemma="服" pos="X">服</wf>
         <wf lemma="を" pos="X">を</wf>
         <wf lemma="脱ぎ" pos="X">脱ぎ</wf>
         <instance id="d000.s4003.t000" lemma="捨てる" pos="VERB">捨て</instance>
         <wf lemma="て" pos="X">て</wf>
         <wf lemma="下さい" pos="X">下さい</wf>
         <wf lemma="." pos="X">.</wf>
      </sentence>
      <sentence id="d000.s4004" source="wordnet-japanese">
         <wf lemma="問題" pos="X">問題</wf>
         <instance id="d000.s4004.t000" lemma="解決" pos="NOUN">解決</instance>
         <wf lemma="に" pos="X">に</wf>
         <wf lemma="3" pos="X">3</wf>
         <wf lemma="時間" pos="X">時間</wf>
         <wf lemma="かかっ" pos="X">かかっ</wf>
         <wf lemma="た" pos="X">た</wf>
         <wf lemma="." pos="X">.</wf>
      </sentence>
      <sentence id="d000.s4005" source="wordnet-japanese">
         <wf lemma="大統領" pos="X">大統領</wf>
         <wf lemma="は" pos="X">は</wf>
         <wf lemma="メッセージ" pos="X">メッセージ</wf>
         <wf lemma="を" pos="X">を</wf>
         <wf lemma="人" pos="X">人</wf>
         <wf lemma="に" pos="X">に</wf>
         <wf lemma="伝える" pos="X">伝える</wf>
         <wf lemma="ため" pos="X">ため</wf>
         <wf lemma="に" pos="X">に</wf>
         <instance id="d000.s4005.t000" lemma="電波" pos="NOUN">電波</instance>
         <wf lemma="を" pos="X">を</wf>
         <wf lemma="使用" pos="X">使用</wf>
         <wf lemma="し" pos="X">し</wf>
         <wf lemma="た" pos="X">た</wf>
         <wf lemma="." pos="X">.</wf>
      </sentence>
      <sentence id="d000.s4006" source="wordnet-japanese">
         <instance id="d000.s4006.t000" lemma="罪深い" pos="ADJ">罪深い</instance>
         <wf lemma="人" pos="X">人</wf>
         <wf lemma="." pos="X">.</wf>
      </sentence>
      <sentence id="d000.s4007" source="wordnet-japanese">
         <instance id="d000.s4007.t000" lemma="ガード" pos="NOUN">ガード</instance>
         <wf lemma="を" pos="X">を</wf>
         <wf lemma="固めろ." pos="X">固めろ.</wf>
      </sentence>
      <sentence id="d000.s4008" source="wordnet-japanese">
         <wf lemma="この" pos="X">この</wf>
         <wf lemma="記事" pos="X">記事</wf>
         <wf lemma="の" pos="X">の</wf>
         <instance id="d000.s4008.t000" lemma="範囲" pos="NOUN">範囲</instance>
         <wf lemma="の" pos="X">の</wf>
         <wf lemma="中" pos="X">中</wf>
         <wf lemma="で" pos="X">で</wf>
         <wf lemma="." pos="X">.</wf>
      </sentence>
      <sentence id="d000.s4009" source="wordnet-japanese">
         <instance id="d000.s4009.t000" lemma="純粋" pos="ADJ">純粋</instance>
         <wf lemma="な" pos="X">な</wf>
         <wf lemma="恩恵" pos="X">恩恵</wf>
         <wf lemma="で" pos="X">で</wf>
         <wf lemma="ない" pos="X">ない</wf>
         <wf lemma="." pos="X">.</wf>
      </sentence>
      <sentence id="d000.s4010" source="wordnet-japanese">
         <wf lemma="医師" pos="X">医師</wf>
         <wf lemma="は" pos="X">は</wf>
         <wf lemma="規則的" pos="X">規則的</wf>
         <wf lemma="な" pos="X">な</wf>
         <instance id="d000.s4010.t000" lemma="運動" pos="NOUN">運動</instance>
         <wf lemma="を" pos="X">を</wf>
         <wf lemma="推奨" pos="X">推奨</wf>
         <wf lemma="し" pos="X">し</wf>
         <wf lemma="た" pos="X">た</wf>
         <wf lemma="." pos="X">.</wf>
      </sentence>
      <sentence id="d000.s4011" source="wordnet-japanese">
         <wf lemma="彼ら" pos="X">彼ら</wf>
         <wf lemma="が" pos="X">が</wf>
         <instance id="d000.s4011.t000" lemma="裁判" pos="NOUN">裁判</instance>
         <wf lemma="に" pos="X">に</wf>
         <wf lemma="行く" pos="X">行く</wf>
         <wf lemma="前" pos="X">前</wf>
         <wf lemma="に" pos="X">に</wf>
         <wf lemma="、" pos="X">、</wf>
         <wf lemma="これら" pos="X">これら</wf>
         <wf lemma="の" pos="X">の</wf>
         <wf lemma="不満" pos="X">不満</wf>
         <wf lemma="の" pos="X">の</wf>
         <wf lemma="大部分" pos="X">大部分</wf>
         <wf lemma="は" pos="X">は</wf>
         <wf lemma="解決" pos="X">解決</wf>
         <wf lemma="さ" pos="X">さ</wf>
         <wf lemma="れる" pos="X">れる</wf>
         <wf lemma="." pos="X">.</wf>
      </sentence>
      <sentence id="d000.s4012" source="wordnet-japanese">
         <wf lemma="よく" pos="X">よく</wf>
         <wf lemma="計画" pos="X">計画</wf>
         <wf lemma="さ" pos="X">さ</wf>
         <wf lemma="れ" pos="X">れ</wf>
         <wf lemma="た" pos="X">た</wf>
         <wf lemma="計画" pos="X">計画</wf>
         <wf lemma="が" pos="X">が</wf>
         <wf lemma="あまり" pos="X">あまり</wf>
         <wf lemma="に" pos="X">に</wf>
         <wf lemma="完全" pos="X">完全</wf>
         <wf lemma="に" pos="X">に</wf>
         <wf lemma="失敗" pos="X">失敗</wf>
         <wf lemma="し" pos="X">し</wf>
         <wf lemma="た" pos="X">た</wf>
         <wf lemma="の" pos="X">の</wf>
         <wf lemma="は" pos="X">は</wf>
         <wf lemma="、" pos="X">、</wf>
         <instance id="d000.s4012.t000" lemma="皮肉" pos="ADJ">皮肉</instance>
         <wf lemma="だっ" pos="X">だっ</wf>
         <wf lemma="た" pos="X">た</wf>
         <wf lemma="." pos="X">.</wf>
      </sentence>
      <sentence id="d000.s4013" source="wordnet-japanese">
         <wf lemma="彼" pos="X">彼</wf>
         <wf lemma="は" pos="X">は</wf>
         <instance id="d000.s4013.t000" lemma="パスワード" pos="NOUN">パスワード</instance>
         <wf lemma="を" pos="X">を</wf>
         <wf lemma="忘れ" pos="X">忘れ</wf>
         <wf lemma="た" pos="X">た</wf>
         <wf lemma="." pos="X">.</wf>
      </sentence>
      <sentence id="d000.s4014" source="wordnet-japanese">
         <wf lemma="それ" pos="X">それ</wf>
         <wf lemma="は" pos="X">は</wf>
         <instance id="d000.s4014.t000" lemma="感情的" pos="ADJ">感情的</instance>
         <wf lemma="な" pos="X">な</wf>
         <wf lemma="判断" pos="X">判断</wf>
         <wf lemma="だっ" pos="X">だっ</wf>
         <wf lemma="た" pos="X">た</wf>
         <wf lemma="." pos="X">.</wf>
      </sentence>
      <sentence id="d000.s4015" source="wordnet-japanese">
         <instance id="d000.s4015.t000" lemma="マウス" pos="NOUN">マウス</instance>
         <wf lemma="は" pos="X">は</wf>
         <wf lemma="トラックボール" pos="X">トラックボール</wf>
         <wf lemma="より" pos="X">より</wf>
         <wf lemma="は" pos="X">は</wf>
         <wf lemma="るか" pos="X">るか</wf>
         <wf lemma="に" pos="X">に</wf>
         <wf lemma="多く" pos="X">多く</wf>
         <wf lemma="の" pos="X">の</wf>
         <wf lemma="場所" pos="X">場所</wf>
         <wf lemma="を" pos="X">を</wf>
         <wf lemma="取る" pos="X">取る</wf>
         <wf lemma="." pos="X">.</wf>
      </sentence>
      <sentence id="d000.s4016" source="wordnet-japanese">
         <wf lemma="あなた" pos="X">あなた</wf>
         <wf lemma="は" pos="X">は</wf>
         <wf lemma="私" pos="X">私</wf>
         <wf lemma="の" pos="X">の</wf>
         <wf lemma="姉妹" pos="X">姉妹</wf>
         <wf lemma="を" pos="X">を</wf>
         <instance id="d000.s4016.t000" lemma="知る" pos="VERB">知っ</instance>
         <wf lemma="て" pos="X">て</wf>
         <wf lemma="い" pos="X">い</wf>
         <wf lemma="ます" pos="X">ます</wf>
         <wf lemma="か" pos="X">か</wf>
         <wf lemma="？" pos="X">？</wf>
         <wf lemma="." pos="X">.</wf>
      </sentence>
      <sentence id="d000.s4017" source="wordnet-japanese">
         <instance id="d000.s4017.t000" lemma="一盛り" pos="NOUN">一盛り</instance>
         <wf lemma="は" pos="X">は</wf>
         <wf lemma="すべて" pos="X">すべて</wf>
         <wf lemma="小さかっ" pos="X">小さかっ</wf>
         <wf lemma="た" pos="X">た</wf>
         <wf lemma="." pos="X">.</wf>
      </sentence>
      <sentence id="d000.s4018" source="wordnet-japanese">
         <wf lemma="彼" pos="X">彼</wf>
         <wf lemma="は" pos="X">は</wf>
         <wf lemma="友人" pos="X">友人</wf>
         <wf lemma="と" pos="X">と</wf>
         <wf lemma="の" pos="X">の</wf>
         <instance id="d000.s4018.t000" lemma="交際" pos="NOUN">交際</instance>
         <wf lemma="を" pos="X">を</wf>
         <wf lemma="楽しん" pos="X">楽しん</wf>
         <wf lemma="だ" pos="X">だ</wf>
         <wf lemma="." pos="X">.</wf>
      </sentence>
      <sentence id="d000.s4019" source="wordnet-japanese">
         <wf lemma="彼" pos="X">彼</wf>
         <wf lemma="は" pos="X">は</wf>
         <wf lemma="、" pos="X">、</wf>
         <wf lemma="彼女" pos="X">彼女</wf>
         <wf lemma="を" pos="X">を</wf>
         <wf lemma="見る" pos="X">見る</wf>
         <wf lemma="ため" pos="X">ため</wf>
         <wf lemma="に" pos="X">に</wf>
         <wf lemma="後ろ" pos="X">後ろ</wf>
         <wf lemma="に" pos="X">に</wf>
         <instance id="d000.s4019.t000" lemma="下がる" pos="VERB">下がっ</instance>
         <wf lemma="た" pos="X">た</wf>
         <wf lemma="." pos="X">.</wf>
      </sentence>
      <sentence id="d000.s4020" source="wordnet-japanese">
         <wf lemma="彼" pos="X">彼</wf>
         <wf lemma="の" pos="X">の</wf>
         <wf lemma="ジェスチャー" pos="X">ジェスチャー</wf>
         <wf lemma="は" pos="X">は</wf>
         <wf lemma="、" pos="X">、</wf>
         <wf lemma="彼" pos="X">彼</wf>
         <wf lemma="の" pos="X">の</wf>
         <wf lemma="苦情" pos="X">苦情</wf>
         <wf lemma="における" pos="X">における</wf>
         <wf lemma="説得力" pos="X">説得力</wf>
         <wf lemma="を" pos="X">を</wf>
         <instance id="d000.s4020.t000" lemma="強化" pos="NOUN">強化</instance>
         <wf lemma="さ" pos="X">さ</wf>
         <wf lemma="せ" pos="X">せ</wf>
         <wf lemma="た" pos="X">た</wf>
         <wf lemma="." pos="X">.</wf>
      </sentence>
      <sentence id="d000.s4021" source="wordnet-japanese">
         <wf lemma="牧師" pos="X">牧師</wf>
         <wf lemma="は" pos="X">は</wf>
         <wf lemma="集会" pos="X">集会</wf>
         <wf lemma="の" pos="X">の</wf>
         <instance id="d000.s4021.t000" lemma="雰囲気" pos="NOUN">雰囲気</instance>
         <wf lemma="を" pos="X">を</wf>
         <wf lemma="好転" pos="X">好転</wf>
         <wf lemma="さ" pos="X">さ</wf>
         <wf lemma="せ" pos="X">せ</wf>
         <wf lemma="た" pos="X">た</wf>
         <wf lemma="." pos="X">.</wf>
      </sentence>
      <sentence id="d000.s4022" source="wordnet-japanese">
         <wf lemma="彼ら" pos="X">彼ら</wf>
         <wf lemma="は" pos="X">は</wf>
         <instance id="d000.s4022.t000" lemma="去勢" pos="NOUN">去勢</instance>
         <wf lemma="の" pos="X">の</wf>
         <wf lemma="ため" pos="X">ため</wf>
         <wf lemma="に" pos="X">に</wf>
         <wf lemma="彼" pos="X">彼</wf>
         <wf lemma="を" pos="X">を</wf>
         <wf lemma="獣医" pos="X">獣医</wf>
         <wf lemma="に" pos="X">に</wf>
         <wf lemma="連れ" pos="X">連れ</wf>
         <wf lemma="て" pos="X">て</wf>
         <wf lemma="行っ" pos="X">行っ</wf>
         <wf lemma="た" pos="X">た</wf>
         <wf lemma="." pos="X">.</wf>
      </sentence>
      <sentence id="d000.s4023" source="wordnet-japanese">
         <wf lemma="彼女" pos="X">彼女</wf>
         <wf lemma="は" pos="X">は</wf>
         <wf lemma="平均台" pos="X">平均台</wf>
         <wf lemma="で" pos="X">で</wf>
         <instance id="d000.s4023.t000" lemma="完全" pos="ADV">完全</instance>
         <wf lemma="に" pos="X">に</wf>
         <wf lemma="演技" pos="X">演技</wf>
         <wf lemma="し" pos="X">し</wf>
         <wf lemma="た" pos="X">た</wf>
         <wf lemma="." pos="X">.</wf>
      </sentence>
      <sentence id="d000.s4024" source="wordnet-japanese">
         <wf lemma="ドイツ" pos="X">ドイツ</wf>
         <wf lemma="人" pos="X">人</wf>
         <wf lemma="は" pos="X">は</wf>
         <wf lemma="アンツィオ" pos="X">アンツィオ</wf>
         <wf lemma="の" pos="X">の</wf>
         <instance id="d000.s4024.t000" lemma="橋頭堡" pos="NOUN">橋頭堡</instance>
         <wf lemma="を" pos="X">を</wf>
         <wf lemma="必死" pos="X">必死</wf>
         <wf lemma="に" pos="X">に</wf>
         <wf lemma="封じ込め" pos="X">封じ込め</wf>
         <wf lemma="よう" pos="X">よう</wf>
         <wf lemma="と" pos="X">と</wf>
         <wf lemma="し" pos="X">し</wf>
         <wf lemma="て" pos="X">て</wf>
         <wf lemma="い" pos="X">い</wf>
         <wf lemma="た" pos="X">た</wf>
         <wf lemma="." pos="X">.</wf>
      </sentence>
      <sentence id="d000.s4025" source="wordnet-japanese">
         <wf lemma="ボール" pos="X">ボール</wf>
         <wf lemma="を" pos="X">を</wf>
         <instance id="d000.s4025.t000" lemma="打つ" pos="VERB">打つ</instance>
         <wf lemma="." pos="X">.</wf>
      </sentence>
      <sentence id="d000.s4026" source="wordnet-japanese">
         <wf lemma="スープ" pos="X">スープ</wf>
         <wf lemma="は" pos="X">は</wf>
         <instance id="d000.s4026.t000" lemma="ぴりっと" pos="ADV">ぴりっと</instance>
         <wf lemma="風味" pos="X">風味</wf>
         <wf lemma="が" pos="X">が</wf>
         <wf lemma="つけ" pos="X">つけ</wf>
         <wf lemma="られ" pos="X">られ</wf>
         <wf lemma="た" pos="X">た</wf>
         <wf lemma="." pos="X">.</wf>
      </sentence>
      <sentence id="d000.s4027" source="wordnet-japanese">
         <wf lemma="多く" pos="X">多く</wf>
         <wf lemma="の" pos="X">の</wf>
         <wf lemma="人々" pos="X">人々</wf>
         <wf lemma="は" pos="X">は</wf>
         <wf lemma="、" pos="X">、</wf>
         <wf lemma="彼" pos="X">彼</wf>
         <wf lemma="に" pos="X">に</wf>
         <wf lemma="攻撃" pos="X">攻撃</wf>
         <wf lemma="する" pos="X">する</wf>
         <instance id="d000.s4027.t000" lemma="自由裁量" pos="NOUN">自由裁量</instance>
         <wf lemma="を" pos="X">を</wf>
         <wf lemma="与える" pos="X">与える</wf>
         <wf lemma="こと" pos="X">こと</wf>
         <wf lemma="を" pos="X">を</wf>
         <wf lemma="疑う" pos="X">疑う</wf>
         <wf lemma="." pos="X">.</wf>
      </sentence>
      <sentence id="d000.s4028" source="wordnet-japanese">
         <wf lemma="はっきり" pos="X">はっきり</wf>
         <wf lemma="し" pos="X">し</wf>
         <wf lemma="た" pos="X">た</wf>
         <instance id="d000.s4028.t000" lemma="水平" pos="NOUN">水平</instance>
         <wf lemma="状態" pos="X">状態</wf>
         <wf lemma="の" pos="X">の</wf>
         <wf lemma="家" pos="X">家</wf>
         <wf lemma="." pos="X">.</wf>
      </sentence>
      <sentence id="d000.s4029" source="wordnet-japanese">
         <wf lemma="熱帯" pos="X">熱帯</wf>
         <wf lemma="雨林" pos="X">雨林</wf>
         <wf lemma="の" pos="X">の</wf>
         <instance id="d000.s4029.t000" lemma="消失" pos="NOUN">消失</instance>
         <wf lemma="に" pos="X">に</wf>
         <wf lemma="は" pos="X">は</wf>
         <wf lemma="何" pos="X">何</wf>
         <wf lemma="が" pos="X">が</wf>
         <wf lemma="原因" pos="X">原因</wf>
         <wf lemma="である" pos="X">である</wf>
         <wf lemma="か" pos="X">か</wf>
         <wf lemma="." pos="X">.</wf>
      </sentence>
      <sentence id="d000.s4030" source="wordnet-japanese">
         <wf lemma="罪" pos="X">罪</wf>
         <wf lemma="を" pos="X">を</wf>
         <instance id="d000.s4030.t000" lemma="犯す" pos="VERB">犯す</instance>
         <wf lemma="." pos="X">.</wf>
      </sentence>
      <sentence id="d000.s4031" source="wordnet-japanese">
         <wf lemma="彼" pos="X">彼</wf>
         <wf lemma="の" pos="X">の</wf>
         <wf lemma="思う" pos="X">思う</wf>
         <wf lemma="ところ" pos="X">ところ</wf>
         <wf lemma="を" pos="X">を</wf>
         <instance id="d000.s4031.t000" lemma="誤解" pos="NOUN">誤解</instance>
         <wf lemma="し" pos="X">し</wf>
         <wf lemma="ない" pos="X">ない</wf>
         <wf lemma="." pos="X">.</wf>
      </sentence>
      <sentence id="d000.s4032" source="wordnet-japanese">
         <wf lemma="森林" pos="X">森林</wf>
         <wf lemma="は" pos="X">は</wf>
         <wf lemma="私" pos="X">私</wf>
         <wf lemma="の" pos="X">の</wf>
         <wf lemma="所有地" pos="X">所有地</wf>
         <wf lemma="を" pos="X">を</wf>
         <instance id="d000.s4032.t000" lemma="囲む" pos="VERB">囲ん</instance>
         <wf lemma="で" pos="X">で</wf>
         <wf lemma="いる" pos="X">いる</wf>
         <wf lemma="." pos="X">.</wf>
      </sentence>
      <sentence id="d000.s4033" source="wordnet-japanese">
         <wf lemma="技術的" pos="X">技術的</wf>
         <wf lemma="な" pos="X">な</wf>
         <instance id="d000.s4033.t000" lemma="文献" pos="NOUN">文献</instance>
         <wf lemma="." pos="X">.</wf>
      </sentence>
      <sentence id="d000.s4034" source="wordnet-japanese">
         <wf lemma="はれぼったい" pos="X">はれぼったい</wf>
         <instance id="d000.s4034.t000" lemma="赤い" pos="ADJ">赤い</instance>
         <wf lemma="目" pos="X">目</wf>
         <wf lemma="で." pos="X">で.</wf>
      </sentence>
      <sentence id="d000.s4035" source="wordnet-japanese">
         <wf lemma="彼" pos="X">彼</wf>
         <wf lemma="は" pos="X">は</wf>
         <wf lemma="ナイフ" pos="X">ナイフ</wf>
         <wf lemma="の" pos="X">の</wf>
         <instance id="d000.s4035.t000" lemma="先端" pos="NOUN">先端</instance>
         <wf lemma="を" pos="X">を</wf>
         <wf lemma="木" pos="X">木</wf>
         <wf lemma="に" pos="X">に</wf>
         <wf lemma="突き刺し" pos="X">突き刺し</wf>
         <wf lemma="た" pos="X">た</wf>
         <wf lemma="." pos="X">.</wf>
      </sentence>
      <sentence id="d000.s4036" source="wordnet-japanese">
         <wf lemma="株式市場" pos="X">株式市場</wf>
         <wf lemma="の" pos="X">の</wf>
         <instance id="d000.s4036.t000" lemma="動向" pos="NOUN">動向</instance>
         <wf lemma="." pos="X">.</wf>
      </sentence>
      <sentence id="d000.s4037" source="wordnet-japanese">
         <wf lemma="彼" pos="X">彼</wf>
         <wf lemma="は" pos="X">は</wf>
         <wf lemma="彼女" pos="X">彼女</wf>
         <wf lemma="に" pos="X">に</wf>
         <wf lemma="チョコレート" pos="X">チョコレート</wf>
         <wf lemma="を" pos="X">を</wf>
         <wf lemma="1" pos="X">1</wf>
         <instance id="d000.s4037.t000" lemma="箱" pos="NOUN">箱</instance>
         <wf lemma="を" pos="X">を</wf>
         <wf lemma="あげ" pos="X">あげ</wf>
         <wf lemma="た" pos="X">た</wf>
         <wf lemma="." pos="X">.</wf>
      </sentence>
      <sentence id="d000.s4038" source="wordnet-japanese">
         <wf lemma="見" pos="X">見</wf>
         <wf lemma="知ら" pos="X">知ら</wf>
         <wf lemma="ぬ" pos="X">ぬ</wf>
         <wf lemma="都市" pos="X">都市</wf>
         <wf lemma="で" pos="X">で</wf>
         <wf lemma="孤独" pos="X">孤独</wf>
         <wf lemma="で" pos="X">で</wf>
         <instance id="d000.s4038.t000" lemma="憂鬱" pos="ADJ">憂鬱</instance>
         <wf lemma="な" pos="X">な</wf>
         <wf lemma="." pos="X">.</wf>
      </sentence>
      <sentence id="d000.s4039" source="wordnet-japanese">
         <instance id="d000.s4039.t000" lemma="オカルト" pos="ADJ">オカルト</instance>
         <wf lemma="的な" pos="X">的な</wf>
         <wf lemma="断面" pos="X">断面</wf>
         <wf lemma="." pos="X">.</wf>
      </sentence>
      <sentence id="d000.s4040" source="wordnet-japanese">
         <wf lemma="慈悲" pos="X">慈悲</wf>
         <wf lemma="が" pos="X">が</wf>
         <instance id="d000.s4040.t000" lemma="好都合" pos="ADJ">好都合</instance>
         <wf lemma="だっ" pos="X">だっ</wf>
         <wf lemma="た" pos="X">た</wf>
         <wf lemma="時" pos="X">時</wf>
         <wf lemma="に" pos="X">に</wf>
         <wf lemma="のみ" pos="X">のみ</wf>
         <wf lemma="、" pos="X">、</wf>
         <wf lemma="慈悲" pos="X">慈悲</wf>
         <wf lemma="深かっ" pos="X">深かっ</wf>
         <wf lemma="た" pos="X">た</wf>
         <wf lemma="." pos="X">.</wf>
      </sentence>
      <sentence id="d000.s4041" source="wordnet-japanese">
         <wf lemma="朝食" pos="X">朝食</wf>
         <wf lemma="の" pos="X">の</wf>
         <wf lemma="後" pos="X">後</wf>
         <wf lemma="で" pos="X">で</wf>
         <wf lemma="、" pos="X">、</wf>
         <wf lemma="彼女" pos="X">彼女</wf>
         <wf lemma="は" pos="X">は</wf>
         <wf lemma="、" pos="X">、</wf>
         <wf lemma="公園" pos="X">公園</wf>
         <wf lemma="で" pos="X">で</wf>
         <instance id="d000.s4041.t000" lemma="歩き回る" pos="VERB">歩き回っ</instance>
         <wf lemma="た" pos="X">た</wf>
         <wf lemma="." pos="X">.</wf>
      </sentence>
      <sentence id="d000.s4042" source="wordnet-japanese">
         <wf lemma="私" pos="X">私</wf>
         <wf lemma="は" pos="X">は</wf>
         <wf lemma="夕食" pos="X">夕食</wf>
         <wf lemma="の" pos="X">の</wf>
         <instance id="d000.s4042.t000" lemma="残り" pos="NOUN">残り</instance>
         <wf lemma="を" pos="X">を</wf>
         <wf lemma="捨て" pos="X">捨て</wf>
         <wf lemma="た" pos="X">た</wf>
         <wf lemma="." pos="X">.</wf>
      </sentence>
      <sentence id="d000.s4043" source="wordnet-japanese">
         <instance id="d000.s4043.t000" lemma="正確" pos="ADJ">正確</instance>
         <wf lemma="な" pos="X">な</wf>
         <wf lemma="量" pos="X">量</wf>
         <wf lemma="を" pos="X">を</wf>
         <wf lemma="指定" pos="X">指定</wf>
         <wf lemma="し" pos="X">し</wf>
         <wf lemma="た" pos="X">た</wf>
         <wf lemma="." pos="X">.</wf>
      </sentence>
      <sentence id="d000.s4044" source="wordnet-japanese">
         <instance id="d000.s4044.t000" lemma="内的" pos="ADJ">内的</instance>
         <wf lemma="部署" pos="X">部署</wf>
         <wf lemma="の" pos="X">の</wf>
         <wf lemma="処理" pos="X">処理</wf>
         <wf lemma="." pos="X">.</wf>
      </sentence>
      <sentence id="d000.s4045" source="wordnet-japanese">
         <wf lemma="2" pos="X">2</wf>
         <wf lemma="つ" pos="X">つ</wf>
         <wf lemma="の" pos="X">の</wf>
         <wf lemma="体" pos="X">体</wf>
         <wf lemma="の" pos="X">の</wf>
         <wf lemma="間" pos="X">間</wf>
         <wf lemma="の" pos="X">の</wf>
         <instance id="d000.s4045.t000" lemma="重力" pos="NOUN">重力</instance>
         <wf lemma="は" pos="X">は</wf>
         <wf lemma="、" pos="X">、</wf>
         <wf lemma="それら" pos="X">それら</wf>
         <wf lemma="の" pos="X">の</wf>
         <wf lemma="質量" pos="X">質量</wf>
         <wf lemma="の" pos="X">の</wf>
         <wf lemma="産物" pos="X">産物</wf>
         <wf lemma="に" pos="X">に</wf>
         <wf lemma="比例" pos="X">比例</wf>
         <wf lemma="し" pos="X">し</wf>
         <wf lemma="、" pos="X">、</wf>
         <wf lemma="それら" pos="X">それら</wf>
         <wf lemma="の" pos="X">の</wf>
         <wf lemma="間" pos="X">間</wf>
         <wf lemma="の" pos="X">の</wf>
         <wf lemma="距離" pos="X">距離</wf>
         <wf lemma="の" pos="X">の</wf>
         <wf lemma="二乗" pos="X">二乗</wf>
         <wf lemma="に" pos="X">に</wf>
         <wf lemma="逆" pos="X">逆</wf>
         <wf lemma="比例" pos="X">比例</wf>
         <wf lemma="し" pos="X">し</wf>
         <wf lemma="て" pos="X">て</wf>
         <wf lemma="いる" pos="X">いる</wf>
         <wf lemma="." pos="X">.</wf>
      </sentence>
      <sentence id="d000.s4046" source="wordnet-japanese">
         <wf lemma="具合" pos="X">具合</wf>
         <wf lemma="が" pos="X">が</wf>
         <wf lemma="悪そうで" pos="X">悪そうで</wf>
         <wf lemma="、" pos="X">、</wf>
         <instance id="d000.s4046.t000" lemma="さらに" pos="ADV">さらに</instance>
         <wf lemma="より" pos="X">より</wf>
         <wf lemma="悪い" pos="X">悪い</wf>
         <wf lemma="と" pos="X">と</wf>
         <wf lemma="感じ" pos="X">感じ</wf>
         <wf lemma="た" pos="X">た</wf>
         <wf lemma="." pos="X">.</wf>
      </sentence>
      <sentence id="d000.s4047" source="wordnet-japanese">
         <instance id="d000.s4047.t000" lemma="軽い" pos="ADJ">軽い</instance>
         <wf lemma="非難" pos="X">非難</wf>
         <wf lemma="." pos="X">.</wf>
      </sentence>
      <sentence id="d000.s4048" source="wordnet-japanese">
         <instance id="d000.s4048.t000" lemma="不正確" pos="ADJ">不正確</instance>
         <wf lemma="な" pos="X">な</wf>
         <wf lemma="翻訳" pos="X">翻訳</wf>
         <wf lemma="." pos="X">.</wf>
      </sentence>
      <sentence id="d000.s4049" source="wordnet-japanese">
         <instance id="d000.s4049.t000" lemma="投機的" pos="ADJ">投機的</instance>
         <wf lemma="な" pos="X">な</wf>
         <wf lemma="ビジネス" pos="X">ビジネス</wf>
         <wf lemma="企業" pos="X">企業</wf>
         <wf lemma="." pos="X">.</wf>
      </sentence>
      <sentence id="d000.s4050" source="wordnet-japanese">
         <wf lemma="重量物" pos="X">重量物</wf>
         <wf lemma="を" pos="X">を</wf>
         <instance id="d000.s4050.t000" lemma="運ぶ" pos="VERB">運ぶ</instance>
         <wf lemma="." pos="X">.</wf>
      </sentence>
      <sentence id="d000.s4051" source="wordnet-japanese">
         <wf lemma="ショー" pos="X">ショー</wf>
         <wf lemma="・" pos="X">・</wf>
         <wf lemma="ウィンドウ" pos="X">ウィンドウ</wf>
         <wf lemma="を" pos="X">を</wf>
         <instance id="d000.s4051.t000" lemma="飾り付ける" pos="VERB">飾り付ける</instance>
         <wf lemma="." pos="X">.</wf>
      </sentence>
      <sentence id="d000.s4052" source="wordnet-japanese">
         <wf lemma="何" pos="X">何</wf>
         <wf lemma="という" pos="X">という</wf>
         <instance id="d000.s4052.t000" lemma="変" pos="ADJ">変</instance>
         <wf lemma="な" pos="X">な</wf>
         <wf lemma="奴" pos="X">奴</wf>
         <wf lemma="だろ" pos="X">だろ</wf>
         <wf lemma="う" pos="X">う</wf>
         <wf lemma="." pos="X">.</wf>
      </sentence>
      <sentence id="d000.s4053" source="wordnet-japanese">
         <wf lemma="この" pos="X">この</wf>
         <wf lemma="絵" pos="X">絵</wf>
         <wf lemma="は" pos="X">は</wf>
         <instance id="d000.s4053.t000" lemma="オリジナル" pos="NOUN">オリジナル</instance>
         <wf lemma="の" pos="X">の</wf>
         <wf lemma="複製" pos="X">複製</wf>
         <wf lemma="である" pos="X">である</wf>
         <wf lemma="." pos="X">.</wf>
      </sentence>
      <sentence id="d000.s4054" source="wordnet-japanese">
         <wf lemma="レポート" pos="X">レポート</wf>
         <wf lemma="は" pos="X">は</wf>
         <wf lemma="法" pos="X">法</wf>
         <wf lemma="医学的" pos="X">医学的</wf>
         <wf lemma="証拠" pos="X">証拠</wf>
         <wf lemma="に関する" pos="X">に関する</wf>
         <wf lemma="彼" pos="X">彼</wf>
         <wf lemma="の" pos="X">の</wf>
         <instance id="d000.s4054.t000" lemma="解釈" pos="NOUN">解釈</instance>
         <wf lemma="を" pos="X">を</wf>
         <wf lemma="含ん" pos="X">含ん</wf>
         <wf lemma="で" pos="X">で</wf>
         <wf lemma="い" pos="X">い</wf>
         <wf lemma="まし" pos="X">まし</wf>
         <wf lemma="た" pos="X">た</wf>
         <wf lemma="." pos="X">.</wf>
      </sentence>
      <sentence id="d000.s4055" source="wordnet-japanese">
         <instance id="d000.s4055.t000" lemma="古い" pos="ADJ">古い</instance>
         <wf lemma="国" pos="X">国</wf>
         <wf lemma="." pos="X">.</wf>
      </sentence>
      <sentence id="d000.s4056" source="wordnet-japanese">
         <instance id="d000.s4056.t000" lemma="痩せぎす" pos="ADJ">痩せぎす</instance>
         <wf lemma="の" pos="X">の</wf>
         <wf lemma="そばかす" pos="X">そばかす</wf>
         <wf lemma="だらけ" pos="X">だらけ</wf>
         <wf lemma="の" pos="X">の</wf>
         <wf lemma="脚" pos="X">脚</wf>
         <wf lemma="の" pos="X">の</wf>
         <wf lemma="子供" pos="X">子供</wf>
         <wf lemma="." pos="X">.</wf>
      </sentence>
      <sentence id="d000.s4057" source="wordnet-japanese">
         <instance id="d000.s4057.t000" lemma="リハーサル" pos="NOUN">リハーサル</instance>
         <wf lemma="は" pos="X">は</wf>
         <wf lemma="結婚式" pos="X">結婚式</wf>
         <wf lemma="の" pos="X">の</wf>
         <wf lemma="前日" pos="X">前日</wf>
         <wf lemma="に" pos="X">に</wf>
         <wf lemma="行わ" pos="X">行わ</wf>
         <wf lemma="れる" pos="X">れる</wf>
         <wf lemma="だろ" pos="X">だろ</wf>
         <wf lemma="う" pos="X">う</wf>
         <wf lemma="." pos="X">.</wf>
      </sentence>
      <sentence id="d000.s4058" source="wordnet-japanese">
         <wf lemma="彼女" pos="X">彼女</wf>
         <wf lemma="は" pos="X">は</wf>
         <wf lemma="、" pos="X">、</wf>
         <wf lemma="その" pos="X">その</wf>
         <wf lemma="夜" pos="X">夜</wf>
         <wf lemma="、" pos="X">、</wf>
         <wf lemma="1" pos="X">1</wf>
         <wf lemma="瓶" pos="X">瓶</wf>
         <wf lemma="の" pos="X">の</wf>
         <wf lemma="ブランデー" pos="X">ブランデー</wf>
         <wf lemma="を" pos="X">を</wf>
         <instance id="d000.s4058.t000" lemma="飲み干す" pos="VERB">飲み干し</instance>
         <wf lemma="た" pos="X">た</wf>
         <wf lemma="." pos="X">.</wf>
      </sentence>
      <sentence id="d000.s4059" source="wordnet-japanese">
         <wf lemma="思考" pos="X">思考</wf>
         <wf lemma="の" pos="X">の</wf>
         <instance id="d000.s4059.t000" lemma="対象" pos="NOUN">対象</instance>
         <wf lemma="と" pos="X">と</wf>
         <wf lemma="なる" pos="X">なる</wf>
         <wf lemma="もの" pos="X">もの</wf>
         <wf lemma="." pos="X">.</wf>
      </sentence>
      <sentence id="d000.s4060" source="wordnet-japanese">
         <wf lemma="彼ら" pos="X">彼ら</wf>
         <wf lemma="が" pos="X">が</wf>
         <wf lemma="勝っ" pos="X">勝っ</wf>
         <wf lemma="た" pos="X">た</wf>
         <wf lemma="の" pos="X">の</wf>
         <wf lemma="は" pos="X">は</wf>
         <wf lemma="、" pos="X">、</wf>
         <instance id="d000.s4060.t000" lemma="明確" pos="ADJ">明確</instance>
         <wf lemma="である" pos="X">である</wf>
         <wf lemma="." pos="X">.</wf>
      </sentence>
      <sentence id="d000.s4061" source="wordnet-japanese">
         <wf lemma="私" pos="X">私</wf>
         <wf lemma="は" pos="X">は</wf>
         <wf lemma="小さい" pos="X">小さい</wf>
         <wf lemma="少女" pos="X">少女</wf>
         <wf lemma="の" pos="X">の</wf>
         <wf lemma="ころ" pos="X">ころ</wf>
         <wf lemma="に" pos="X">に</wf>
         <wf lemma="ガラクタ" pos="X">ガラクタ</wf>
         <wf lemma="と" pos="X">と</wf>
         <instance id="d000.s4061.t000" lemma="遊ぶ" pos="VERB">遊ん</instance>
         <wf lemma="だ" pos="X">だ</wf>
         <wf lemma="もの" pos="X">もの</wf>
         <wf lemma="だ" pos="X">だ</wf>
         <wf lemma="." pos="X">.</wf>
      </sentence>
      <sentence id="d000.s4062" source="wordnet-japanese">
         <wf lemma="綿" pos="X">綿</wf>
         <wf lemma="の" pos="X">の</wf>
         <instance id="d000.s4062.t000" lemma="不足" pos="ADJ">不足</instance>
         <wf lemma="." pos="X">.</wf>
      </sentence>
      <sentence id="d000.s4063" source="wordnet-japanese">
         <wf lemma="行く" pos="X">行く</wf>
         <instance id="d000.s4063.t000" lemma="時" pos="NOUN">時</instance>
         <wf lemma="だ" pos="X">だ</wf>
         <wf lemma="." pos="X">.</wf>
      </sentence>
      <sentence id="d000.s4064" source="wordnet-japanese">
         <wf lemma="彼" pos="X">彼</wf>
         <wf lemma="が" pos="X">が</wf>
         <wf lemma="不快" pos="X">不快</wf>
         <wf lemma="である" pos="X">である</wf>
         <wf lemma="と" pos="X">と</wf>
         <instance id="d000.s4064.t000" lemma="思う" pos="VERB">思う</instance>
         <wf lemma="." pos="X">.</wf>
      </sentence>
      <sentence id="d000.s4065" source="wordnet-japanese">
         <wf lemma="愛の" pos="X">愛の</wf>
         <wf lemma="ない" pos="X">ない</wf>
         <instance id="d000.s4065.t000" lemma="夫婦" pos="NOUN">夫婦</instance>
         <wf lemma="." pos="X">.</wf>
      </sentence>
      <sentence id="d000.s4066" source="wordnet-japanese">
         <wf lemma="彼ら" pos="X">彼ら</wf>
         <wf lemma="は" pos="X">は</wf>
         <wf lemma="彼" pos="X">彼</wf>
         <wf lemma="を" pos="X">を</wf>
         <instance id="d000.s4066.t000" lemma="見せしめ" pos="NOUN">見せしめ</instance>
         <wf lemma="に" pos="X">に</wf>
         <wf lemma="する" pos="X">する</wf>
         <wf lemma="こと" pos="X">こと</wf>
         <wf lemma="に" pos="X">に</wf>
         <wf lemma="決め" pos="X">決め</wf>
         <wf lemma="た" pos="X">た</wf>
         <wf lemma="." pos="X">.</wf>
      </sentence>
      <sentence id="d000.s4067" source="wordnet-japanese">
         <wf lemma="彼" pos="X">彼</wf>
         <wf lemma="は" pos="X">は</wf>
         <wf lemma="、" pos="X">、</wf>
         <wf lemma="彼" pos="X">彼</wf>
         <wf lemma="の" pos="X">の</wf>
         <instance id="d000.s4067.t000" lemma="ネクタイ" pos="NOUN">ネクタイ</instance>
         <wf lemma="を" pos="X">を</wf>
         <wf lemma="締め" pos="X">締め</wf>
         <wf lemma="ながら" pos="X">ながら</wf>
         <wf lemma="、" pos="X">、</wf>
         <wf lemma="鏡" pos="X">鏡</wf>
         <wf lemma="の" pos="X">の</wf>
         <wf lemma="正面" pos="X">正面</wf>
         <wf lemma="に" pos="X">に</wf>
         <wf lemma="立っ" pos="X">立っ</wf>
         <wf lemma="た" pos="X">た</wf>
         <wf lemma="." pos="X">.</wf>
      </sentence>
      <sentence id="d000.s4068" source="wordnet-japanese">
         <wf lemma="言葉" pos="X">言葉</wf>
         <wf lemma="を" pos="X">を</wf>
         <instance id="d000.s4068.t000" lemma="切り詰める" pos="VERB">切り詰める</instance>
         <wf lemma="." pos="X">.</wf>
      </sentence>
      <sentence id="d000.s4069" source="wordnet-japanese">
         <wf lemma="ピカピカ" pos="X">ピカピカ</wf>
         <wf lemma="の" pos="X">の</wf>
         <instance id="d000.s4069.t000" lemma="真新しい" pos="ADJ">真新しい</instance>
         <wf lemma="靴" pos="X">靴</wf>
         <wf lemma="." pos="X">.</wf>
      </sentence>
      <sentence id="d000.s4070" source="wordnet-japanese">
         <instance id="d000.s4070.t000" lemma="明らか" pos="ADJ">明らか</instance>
         <wf lemma="な" pos="X">な</wf>
         <wf lemma="間違い" pos="X">間違い</wf>
         <wf lemma="." pos="X">.</wf>
      </sentence>
      <sentence id="d000.s4071" source="wordnet-japanese">
         <wf lemma="この" pos="X">この</wf>
         <wf lemma="辞書" pos="X">辞書</wf>
         <wf lemma="は" pos="X">は</wf>
         <wf lemma="コンピュータ" pos="X">コンピュータ</wf>
         <wf lemma="によって" pos="X">によって</wf>
         <instance id="d000.s4071.t000" lemma="読む" pos="VERB">読む</instance>
         <wf lemma="こと" pos="X">こと</wf>
         <wf lemma="が" pos="X">が</wf>
         <wf lemma="できる" pos="X">できる</wf>
         <wf lemma="." pos="X">.</wf>
      </sentence>
      <sentence id="d000.s4072" source="wordnet-japanese">
         <instance id="d000.s4072.t000" lemma="具体的" pos="ADV">具体的</instance>
         <wf lemma="に" pos="X">に</wf>
         <wf lemma="、" pos="X">、</wf>
         <wf lemma="これ" pos="X">これ</wf>
         <wf lemma="は" pos="X">は</wf>
         <wf lemma="、" pos="X">、</wf>
         <wf lemma="彼" pos="X">彼</wf>
         <wf lemma="が" pos="X">が</wf>
         <wf lemma="一文" pos="X">一文</wf>
         <wf lemma="無し" pos="X">無し</wf>
         <wf lemma="である" pos="X">である</wf>
         <wf lemma="こと" pos="X">こと</wf>
         <wf lemma="を" pos="X">を</wf>
         <wf lemma="意味" pos="X">意味</wf>
         <wf lemma="し" pos="X">し</wf>
         <wf lemma="た" pos="X">た</wf>
         <wf lemma="." pos="X">.</wf>
      </sentence>
      <sentence id="d000.s4073" source="wordnet-japanese">
         <wf lemma="彼ら" pos="X">彼ら</wf>
         <wf lemma="は" pos="X">は</wf>
         <wf lemma="革命的" pos="X">革命的</wf>
         <wf lemma="な" pos="X">な</wf>
         <instance id="d000.s4073.t000" lemma="熱意" pos="NOUN">熱意</instance>
         <wf lemma="を" pos="X">を</wf>
         <wf lemma="吹き込ま" pos="X">吹き込ま</wf>
         <wf lemma="れ" pos="X">れ</wf>
         <wf lemma="た" pos="X">た</wf>
         <wf lemma="." pos="X">.</wf>
      </sentence>
      <sentence id="d000.s4074" source="wordnet-japanese">
         <wf lemma="彼女" pos="X">彼女</wf>
         <wf lemma="は" pos="X">は</wf>
         <wf lemma="それ" pos="X">それ</wf>
         <wf lemma="を" pos="X">を</wf>
         <wf lemma="1" pos="X">1</wf>
         <instance id="d000.s4074.t000" lemma="日" pos="NOUN">日</instance>
         <wf lemma="と" pos="X">と</wf>
         <wf lemma="呼び" pos="X">呼び</wf>
         <wf lemma="、" pos="X">、</wf>
         <wf lemma="眠り" pos="X">眠り</wf>
         <wf lemma="に" pos="X">に</wf>
         <wf lemma="就い" pos="X">就い</wf>
         <wf lemma="た" pos="X">た</wf>
         <wf lemma="." pos="X">.</wf>
      </sentence>
      <sentence id="d000.s4075" source="wordnet-japanese">
         <wf lemma="彼" pos="X">彼</wf>
         <wf lemma="は" pos="X">は</wf>
         <instance id="d000.s4075.t000" lemma="商業取引" pos="NOUN">商業取引</instance>
         <wf lemma="の" pos="X">の</wf>
         <wf lemma="達人" pos="X">達人</wf>
         <wf lemma="だ" pos="X">だ</wf>
         <wf lemma="." pos="X">.</wf>
      </sentence>
      <sentence id="d000.s4076" source="wordnet-japanese">
         <instance id="d000.s4076.t000" lemma="荒い" pos="ADJ">荒い</instance>
         <wf lemma="な" pos="X">な</wf>
         <wf lemma="宝石" pos="X">宝石</wf>
         <wf lemma="用" pos="X">用</wf>
         <wf lemma="原石" pos="X">原石</wf>
         <wf lemma="." pos="X">.</wf>
      </sentence>
      <sentence id="d000.s4077" source="wordnet-japanese">
         <wf lemma="水" pos="X">水</wf>
         <wf lemma="は" pos="X">は</wf>
         <wf lemma="氷" pos="X">氷</wf>
         <wf lemma="に" pos="X">に</wf>
         <instance id="d000.s4077.t000" lemma="変る" pos="VERB">変っ</instance>
         <wf lemma="た" pos="X">た</wf>
         <wf lemma="." pos="X">.</wf>
      </sentence>
      <sentence id="d000.s4078" source="wordnet-japanese">
         <wf lemma="俳優" pos="X">俳優</wf>
         <wf lemma="にとって" pos="X">にとって</wf>
         <wf lemma="、" pos="X">、</wf>
         <wf lemma="台詞" pos="X">台詞</wf>
         <wf lemma="を" pos="X">を</wf>
         <wf lemma="暗記" pos="X">暗記</wf>
         <wf lemma="する" pos="X">する</wf>
         <wf lemma="の" pos="X">の</wf>
         <wf lemma="は" pos="X">は</wf>
         <wf lemma="、" pos="X">、</wf>
         <instance id="d000.s4078.t000" lemma="ゲーム" pos="NOUN">ゲーム</instance>
         <wf lemma="で" pos="X">で</wf>
         <wf lemma="は" pos="X">は</wf>
         <wf lemma="ない" pos="X">ない</wf>
         <wf lemma="." pos="X">.</wf>
      </sentence>
      <sentence id="d000.s4079" source="wordnet-japanese">
         <instance id="d000.s4079.t000" lemma="非定型的" pos="ADJ">非定型的</instance>
         <wf lemma="な" pos="X">な</wf>
         <wf lemma="臨床所見" pos="X">臨床所見</wf>
         <wf lemma="." pos="X">.</wf>
      </sentence>
      <sentence id="d000.s4080" source="wordnet-japanese">
         <wf lemma="一部" pos="X">一部</wf>
         <wf lemma="の" pos="X">の</wf>
         <wf lemma="改革" pos="X">改革</wf>
         <wf lemma="に" pos="X">に</wf>
         <wf lemma="関心" pos="X">関心</wf>
         <wf lemma="が" pos="X">が</wf>
         <wf lemma="ある" pos="X">ある</wf>
         <wf lemma="イスラム" pos="X">イスラム</wf>
         <wf lemma="学者" pos="X">学者</wf>
         <wf lemma="は" pos="X">は</wf>
         <wf lemma="、" pos="X">、</wf>
         <instance id="d000.s4080.t000" lemma="イジュティハード" pos="NOUN">イジュティハード</instance>
         <wf lemma="を" pos="X">を</wf>
         <wf lemma="再開" pos="X">再開</wf>
         <wf lemma="する" pos="X">する</wf>
         <wf lemma="こと" pos="X">こと</wf>
         <wf lemma="が" pos="X">が</wf>
         <wf lemma="イスラム教" pos="X">イスラム教</wf>
         <wf lemma="の" pos="X">の</wf>
         <wf lemma="生き残り" pos="X">生き残り</wf>
         <wf lemma="の" pos="X">の</wf>
         <wf lemma="必要" pos="X">必要</wf>
         <wf lemma="条件" pos="X">条件</wf>
         <wf lemma="である" pos="X">である</wf>
         <wf lemma="と" pos="X">と</wf>
         <wf lemma="信じ" pos="X">信じ</wf>
         <wf lemma="て" pos="X">て</wf>
         <wf lemma="いる" pos="X">いる</wf>
         <wf lemma="." pos="X">.</wf>
      </sentence>
      <sentence id="d000.s4081" source="wordnet-japanese">
         <wf lemma="彼" pos="X">彼</wf>
         <wf lemma="に" pos="X">に</wf>
         <wf lemma="彼女" pos="X">彼女</wf>
         <wf lemma="の" pos="X">の</wf>
         <wf lemma="車" pos="X">車</wf>
         <wf lemma="を" pos="X">を</wf>
         <wf lemma="貸し" pos="X">貸し</wf>
         <wf lemma="た" pos="X">た</wf>
         <wf lemma="の" pos="X">の</wf>
         <wf lemma="は" pos="X">は</wf>
         <wf lemma="、" pos="X">、</wf>
         <instance id="d000.s4081.t000" lemma="衝動的" pos="ADJ">衝動的</instance>
         <wf lemma="な" pos="X">な</wf>
         <wf lemma="行為" pos="X">行為</wf>
         <wf lemma="であっ" pos="X">であっ</wf>
         <wf lemma="た" pos="X">た</wf>
         <wf lemma="と" pos="X">と</wf>
         <wf lemma="彼女" pos="X">彼女</wf>
         <wf lemma="は" pos="X">は</wf>
         <wf lemma="すぐ" pos="X">すぐ</wf>
         <wf lemma="に" pos="X">に</wf>
         <wf lemma="後悔" pos="X">後悔</wf>
         <wf lemma="し" pos="X">し</wf>
         <wf lemma="た" pos="X">た</wf>
         <wf lemma="." pos="X">.</wf>
      </sentence>
      <sentence id="d000.s4082" source="wordnet-japanese">
         <wf lemma="私" pos="X">私</wf>
         <wf lemma="たち" pos="X">たち</wf>
         <wf lemma="は" pos="X">は</wf>
         <wf lemma="山" pos="X">山</wf>
         <wf lemma="に" pos="X">に</wf>
         <instance id="d000.s4082.t000" lemma="登る" pos="VERB">登っ</instance>
         <wf lemma="た" pos="X">た</wf>
         <wf lemma="." pos="X">.</wf>
      </sentence>
      <sentence id="d000.s4083" source="wordnet-japanese">
         <wf lemma="子供" pos="X">子供</wf>
         <wf lemma="は" pos="X">は</wf>
         <wf lemma="よく" pos="X">よく</wf>
         <wf lemma="両親" pos="X">両親</wf>
         <wf lemma="や" pos="X">や</wf>
         <wf lemma="年上" pos="X">年上</wf>
         <wf lemma="の" pos="X">の</wf>
         <wf lemma="兄弟" pos="X">兄弟</wf>
         <wf lemma="の" pos="X">の</wf>
         <instance id="d000.s4083.t000" lemma="真似る" pos="VERB">真似</instance>
         <wf lemma="を" pos="X">を</wf>
         <wf lemma="する" pos="X">する</wf>
         <wf lemma="." pos="X">.</wf>
      </sentence>
      <sentence id="d000.s4084" source="wordnet-japanese">
         <wf lemma="彼" pos="X">彼</wf>
         <wf lemma="は" pos="X">は</wf>
         <wf lemma="、" pos="X">、</wf>
         <wf lemma="富" pos="X">富</wf>
         <wf lemma="が" pos="X">が</wf>
         <instance id="d000.s4084.t000" lemma="成功" pos="NOUN">成功</instance>
         <wf lemma="と" pos="X">と</wf>
         <wf lemma="同義" pos="X">同義</wf>
         <wf lemma="である" pos="X">である</wf>
         <wf lemma="と" pos="X">と</wf>
         <wf lemma="考え" pos="X">考え</wf>
         <wf lemma="て" pos="X">て</wf>
         <wf lemma="い" pos="X">い</wf>
         <wf lemma="ない" pos="X">ない</wf>
         <wf lemma="." pos="X">.</wf>
      </sentence>
      <sentence id="d000.s4085" source="wordnet-japanese">
         <wf lemma="ロープ" pos="X">ロープ</wf>
         <wf lemma="は" pos="X">は</wf>
         <instance id="d000.s4085.t000" lemma="緩む" pos="VERB">緩ん</instance>
         <wf lemma="だ" pos="X">だ</wf>
         <wf lemma="." pos="X">.</wf>
      </sentence>
      <sentence id="d000.s4086" source="wordnet-japanese">
         <wf lemma="麦" pos="X">麦</wf>
         <wf lemma="わら" pos="X">わら</wf>
         <wf lemma="の" pos="X">の</wf>
         <wf lemma="カンカン帽" pos="X">カンカン帽</wf>
         <wf lemma="を" pos="X">を</wf>
         <wf lemma="かぶっ" pos="X">かぶっ</wf>
         <wf lemma="たり" pos="X">たり</wf>
         <wf lemma="、" pos="X">、</wf>
         <wf lemma="ロウ" pos="X">ロウ</wf>
         <wf lemma="で" pos="X">で</wf>
         <wf lemma="固め" pos="X">固め</wf>
         <wf lemma="た" pos="X">た</wf>
         <wf lemma="口ひげ" pos="X">口ひげ</wf>
         <wf lemma="を" pos="X">を</wf>
         <wf lemma="つけ" pos="X">つけ</wf>
         <wf lemma="た" pos="X">た</wf>
         <wf lemma="男たち" pos="X">男たち</wf>
         <wf lemma="が" pos="X">が</wf>
         <wf lemma="ベランダ" pos="X">ベランダ</wf>
         <wf lemma="に" pos="X">に</wf>
         <instance id="d000.s4086.t000" lemma="群がる" pos="VERB">群がっ</instance>
         <wf lemma="た" pos="X">た</wf>
         <wf lemma="." pos="X">.</wf>
      </sentence>
      <sentence id="d000.s4087" source="wordnet-japanese">
         <wf lemma="私" pos="X">私</wf>
         <wf lemma="たち" pos="X">たち</wf>
         <wf lemma="は" pos="X">は</wf>
         <wf lemma="新しい" pos="X">新しい</wf>
         <wf lemma="流し" pos="X">流し</wf>
         <wf lemma="台" pos="X">台</wf>
         <wf lemma="を" pos="X">を</wf>
         <instance id="d000.s4087.t000" lemma="備え付ける" pos="VERB">備え付け</instance>
         <wf lemma="た" pos="X">た</wf>
         <wf lemma="." pos="X">.</wf>
      </sentence>
      <sentence id="d000.s4088" source="wordnet-japanese">
         <instance id="d000.s4088.t000" lemma="正直" pos="ADJ">正直</instance>
         <wf lemma="に" pos="X">に</wf>
         <wf lemma="証言" pos="X">証言</wf>
         <wf lemma="し" pos="X">し</wf>
         <wf lemma="た" pos="X">た</wf>
         <wf lemma="." pos="X">.</wf>
      </sentence>
      <sentence id="d000.s4089" source="wordnet-japanese">
         <wf lemma="その" pos="X">その</wf>
         <instance id="d000.s4089.t000" lemma="覆い" pos="NOUN">覆い</instance>
         <wf lemma="が" pos="X">が</wf>
         <wf lemma="彼ら" pos="X">彼ら</wf>
         <wf lemma="の" pos="X">の</wf>
         <wf lemma="銃" pos="X">銃</wf>
         <wf lemma="を" pos="X">を</wf>
         <wf lemma="敵" pos="X">敵</wf>
         <wf lemma="の" pos="X">の</wf>
         <wf lemma="航空機" pos="X">航空機</wf>
         <wf lemma="から" pos="X">から</wf>
         <wf lemma="隠し" pos="X">隠し</wf>
         <wf lemma="た" pos="X">た</wf>
         <wf lemma="." pos="X">.</wf>
      </sentence>
      <sentence id="d000.s4090" source="wordnet-japanese">
         <instance id="d000.s4090.t000" lemma="薄い" pos="ADJ">薄い</instance>
         <wf lemma="本" pos="X">本</wf>
         <wf lemma="." pos="X">.</wf>
      </sentence>
      <sentence id="d000.s4091" source="wordnet-japanese">
         <wf lemma="食糧" pos="X">食糧</wf>
         <wf lemma="は" pos="X">は</wf>
         <instance id="d000.s4091.t000" lemma="十分" pos="ADJ">十分</instance>
         <wf lemma="だっ" pos="X">だっ</wf>
         <wf lemma="た" pos="X">た</wf>
         <wf lemma="." pos="X">.</wf>
      </sentence>
      <sentence id="d000.s4092" source="wordnet-japanese">
         <wf lemma="キャビネット" pos="X">キャビネット</wf>
         <wf lemma="に" pos="X">に</wf>
         <wf lemma="向かっ" pos="X">向かっ</wf>
         <wf lemma="て" pos="X">て</wf>
         <instance id="d000.s4092.t000" lemma="歩く" pos="VERB">歩い</instance>
         <wf lemma="て" pos="X">て</wf>
         <wf lemma="行き" pos="X">行き</wf>
         <wf lemma="なさい" pos="X">なさい</wf>
         <wf lemma="." pos="X">.</wf>
      </sentence>
      <sentence id="d000.s4093" source="wordnet-japanese">
         <wf lemma="植え" pos="X">植え</wf>
         <wf lemma="付け" pos="X">付け</wf>
         <wf lemma="の" pos="X">の</wf>
         <instance id="d000.s4093.t000" lemma="時期" pos="NOUN">時期</instance>
         <wf lemma="." pos="X">.</wf>
      </sentence>
      <sentence id="d000.s4094" source="wordnet-japanese">
         <wf lemma="私" pos="X">私</wf>
         <wf lemma="たち" pos="X">たち</wf>
         <wf lemma="は" pos="X">は</wf>
         <wf lemma="、" pos="X">、</wf>
         <wf lemma="今日" pos="X">今日</wf>
         <wf lemma="、" pos="X">、</wf>
         <wf lemma="内容" pos="X">内容</wf>
         <wf lemma="の" pos="X">の</wf>
         <wf lemma="濃い" pos="X">濃い</wf>
         <instance id="d000.s4094.t000" lemma="ブレインストーミング" pos="NOUN">ブレインストーミング</instance>
         <wf lemma="・" pos="X">・</wf>
         <wf lemma="セッション" pos="X">セッション</wf>
         <wf lemma="を" pos="X">を</wf>
         <wf lemma="行っ" pos="X">行っ</wf>
         <wf lemma="た" pos="X">た</wf>
         <wf lemma="." pos="X">.</wf>
      </sentence>
      <sentence id="d000.s4095" source="wordnet-japanese">
         <instance id="d000.s4095.t000" lemma="不当" pos="ADJ">不当</instance>
         <wf lemma="な" pos="X">な</wf>
         <wf lemma="罰" pos="X">罰</wf>
         <wf lemma="." pos="X">.</wf>
      </sentence>
      <sentence id="d000.s4096" source="wordnet-japanese">
         <wf lemma="疑わ" pos="X">疑わ</wf>
         <wf lemma="しい" pos="X">しい</wf>
         <instance id="d000.s4096.t000" lemma="間接的" pos="ADJ">間接的</instance>
         <wf lemma="な" pos="X">な</wf>
         <wf lemma="人" pos="X">人</wf>
         <wf lemma="と" pos="X">と</wf>
         <wf lemma="し" pos="X">し</wf>
         <wf lemma="て" pos="X">て</wf>
         <wf lemma="知ら" pos="X">知ら</wf>
         <wf lemma="れ" pos="X">れ</wf>
         <wf lemma="て" pos="X">て</wf>
         <wf lemma="いる" pos="X">いる</wf>
         <wf lemma="." pos="X">.</wf>
      </sentence>
      <sentence id="d000.s4097" source="wordnet-japanese">
         <wf lemma="石炭" pos="X">石炭</wf>
         <wf lemma="は" pos="X">は</wf>
         <wf lemma="、" pos="X">、</wf>
         <wf lemma="硬い" pos="X">硬い</wf>
         <wf lemma="黒い" pos="X">黒い</wf>
         <instance id="d000.s4097.t000" lemma="材料" pos="NOUN">材料</instance>
         <wf lemma="である" pos="X">である</wf>
         <wf lemma="." pos="X">.</wf>
      </sentence>
      <sentence id="d000.s4098" source="wordnet-japanese">
         <wf lemma="ポンプ" pos="X">ポンプ</wf>
         <wf lemma="で" pos="X">で</wf>
         <wf lemma="の" pos="X">の</wf>
         <wf lemma="より" pos="X">より</wf>
         <wf lemma="も" pos="X">も</wf>
         <wf lemma="むしろ" pos="X">むしろ</wf>
         <instance id="d000.s4098.t000" lemma="引力" pos="NOUN">引力</instance>
         <wf lemma="による" pos="X">による</wf>
         <wf lemma="潅漑" pos="X">潅漑</wf>
         <wf lemma="." pos="X">.</wf>
      </sentence>
      <sentence id="d000.s4099" source="wordnet-japanese">
         <wf lemma="パーディー" pos="X">パーディー</wf>
         <wf lemma="の" pos="X">の</wf>
         <wf lemma="ため" pos="X">ため</wf>
         <wf lemma="に" pos="X">に</wf>
         <instance id="d000.s4099.t000" lemma="十分" pos="ADJ">十分</instance>
         <wf lemma="な" pos="X">な</wf>
         <wf lemma="食物" pos="X">食物</wf>
         <wf lemma="が" pos="X">が</wf>
         <wf lemma="あっ" pos="X">あっ</wf>
         <wf lemma="た" pos="X">た</wf>
         <wf lemma="." pos="X">.</wf>
      </sentence>
      <sentence id="d000.s4100" source="wordnet-japanese">
         <instance id="d000.s4100.t000" lemma="純粋" pos="ADJ">純粋</instance>
         <wf lemma="な" pos="X">な</wf>
         <wf lemma="水." pos="X">水.</wf>
      </sentence>
      <sentence id="d000.s4101" source="wordnet-japanese">
         <instance id="d000.s4101.t000" lemma="奇妙" pos="ADJ">奇妙</instance>
         <wf lemma="な" pos="X">な</wf>
         <wf lemma="混成語" pos="X">混成語</wf>
         <wf lemma="の" pos="X">の</wf>
         <wf lemma="アクセント" pos="X">アクセント</wf>
         <wf lemma="." pos="X">.</wf>
      </sentence>
      <sentence id="d000.s4102" source="wordnet-japanese">
         <instance id="d000.s4102.t000" lemma="自然" pos="ADJ">自然</instance>
         <wf lemma="な" pos="X">な</wf>
         <wf lemma="翻訳" pos="X">翻訳</wf>
         <wf lemma="." pos="X">.</wf>
      </sentence>
      <sentence id="d000.s4103" source="wordnet-japanese">
         <wf lemma="彼" pos="X">彼</wf>
         <wf lemma="は" pos="X">は</wf>
         <wf lemma="、" pos="X">、</wf>
         <wf lemma="純音" pos="X">純音</wf>
         <wf lemma="によって" pos="X">によって</wf>
         <wf lemma="聴覚" pos="X">聴覚</wf>
         <instance id="d000.s4103.t000" lemma="マスキング" pos="NOUN">マスキング</instance>
         <wf lemma="を" pos="X">を</wf>
         <wf lemma="研究" pos="X">研究</wf>
         <wf lemma="し" pos="X">し</wf>
         <wf lemma="た" pos="X">た</wf>
         <wf lemma="." pos="X">.</wf>
      </sentence>
      <sentence id="d000.s4104" source="wordnet-japanese">
         <wf lemma="彼" pos="X">彼</wf>
         <wf lemma="の" pos="X">の</wf>
         <wf lemma="意見" pos="X">意見</wf>
         <wf lemma="の" pos="X">の</wf>
         <wf lemma="徹底的" pos="X">徹底的</wf>
         <wf lemma="な" pos="X">な</wf>
         <instance id="d000.s4104.t000" lemma="修正" pos="NOUN">修正</instance>
         <wf lemma="を" pos="X">を</wf>
         <wf lemma="必要" pos="X">必要</wf>
         <wf lemma="と" pos="X">と</wf>
         <wf lemma="する" pos="X">する</wf>
         <wf lemma="." pos="X">.</wf>
      </sentence>
      <sentence id="d000.s4105" source="wordnet-japanese">
         <instance id="d000.s4105.t000" lemma="想像" pos="NOUN">想像</instance>
         <wf lemma="力" pos="X">力</wf>
         <wf lemma="は" pos="X">は</wf>
         <wf lemma="、" pos="X">、</wf>
         <wf lemma="世界" pos="X">世界</wf>
         <wf lemma="に" pos="X">に</wf>
         <wf lemma="何" pos="X">何</wf>
         <wf lemma="が" pos="X">が</wf>
         <wf lemma="起こり" pos="X">起こり</wf>
         <wf lemma="得る" pos="X">得る</wf>
         <wf lemma="か" pos="X">か</wf>
         <wf lemma="を" pos="X">を</wf>
         <wf lemma="示す" pos="X">示す</wf>
         <wf lemma="." pos="X">.</wf>
      </sentence>
      <sentence id="d000.s4106" source="wordnet-japanese">
         <wf lemma="泥棒" pos="X">泥棒</wf>
         <wf lemma="は" pos="X">は</wf>
         <wf lemma="、" pos="X">、</wf>
         <wf lemma="警察" pos="X">警察</wf>
         <wf lemma="の" pos="X">の</wf>
         <wf lemma="目" pos="X">目</wf>
         <wf lemma="を" pos="X">を</wf>
         <instance id="d000.s4106.t000" lemma="逃れる" pos="VERB">逃れ</instance>
         <wf lemma="た" pos="X">た</wf>
         <wf lemma="." pos="X">.</wf>
      </sentence>
      <sentence id="d000.s4107" source="wordnet-japanese">
         <wf lemma="患者" pos="X">患者</wf>
         <wf lemma="の" pos="X">の</wf>
         <wf lemma="激しい" pos="X">激しい</wf>
         <instance id="d000.s4107.t000" lemma="痛み" pos="NOUN">痛み</instance>
         <wf lemma="と" pos="X">と</wf>
         <wf lemma="、" pos="X">、</wf>
         <wf lemma="腫れ" pos="X">腫れ</wf>
         <wf lemma="は" pos="X">は</wf>
         <wf lemma="ますます" pos="X">ますます</wf>
         <wf lemma="ひどく" pos="X">ひどく</wf>
         <wf lemma="なっ" pos="X">なっ</wf>
         <wf lemma="た" pos="X">た</wf>
         <wf lemma="." pos="X">.</wf>
      </sentence>
      <sentence id="d000.s4108" source="wordnet-japanese">
         <wf lemma="彼ら" pos="X">彼ら</wf>
         <wf lemma="は" pos="X">は</wf>
         <wf lemma="政府" pos="X">政府</wf>
         <wf lemma="打倒" pos="X">打倒</wf>
         <wf lemma="を" pos="X">を</wf>
         <instance id="d000.s4108.t000" lemma="企む" pos="VERB">企ん</instance>
         <wf lemma="だ" pos="X">だ</wf>
         <wf lemma="." pos="X">.</wf>
      </sentence>
      <sentence id="d000.s4109" source="wordnet-japanese">
         <instance id="d000.s4109.t000" lemma="新鮮" pos="ADJ">新鮮</instance>
         <wf lemma="な" pos="X">な</wf>
         <wf lemma="香り" pos="X">香り</wf>
         <wf lemma="." pos="X">.</wf>
      </sentence>
      <sentence id="d000.s4110" source="wordnet-japanese">
         <wf lemma="更なる" pos="X">更なる</wf>
         <wf lemma="証拠" pos="X">証拠</wf>
         <wf lemma="な" pos="X">な</wf>
         <wf lemma="し" pos="X">し</wf>
         <wf lemma="で" pos="X">で</wf>
         <wf lemma="は" pos="X">は</wf>
         <wf lemma="、" pos="X">、</wf>
         <wf lemma="彼" pos="X">彼</wf>
         <wf lemma="の" pos="X">の</wf>
         <wf lemma="話" pos="X">話</wf>
         <wf lemma="は" pos="X">は</wf>
         <instance id="d000.s4110.t000" lemma="不確か" pos="ADJ">不確か</instance>
         <wf lemma="な" pos="X">な</wf>
         <wf lemma="まま" pos="X">まま</wf>
         <wf lemma="である" pos="X">である</wf>
         <wf lemma="." pos="X">.</wf>
      </sentence>
      <sentence id="d000.s4111" source="wordnet-japanese">
         <wf lemma="私" pos="X">私</wf>
         <wf lemma="に" pos="X">に</wf>
         <wf lemma="何か" pos="X">何か</wf>
         <wf lemma="の" pos="X">の</wf>
         <instance id="d000.s4111.t000" lemma="ポスト" pos="NOUN">ポスト</instance>
         <wf lemma="が" pos="X">が</wf>
         <wf lemma="あり" pos="X">あり</wf>
         <wf lemma="ます" pos="X">ます</wf>
         <wf lemma="か" pos="X">か</wf>
         <wf lemma="？" pos="X">？</wf>
         <wf lemma="." pos="X">.</wf>
      </sentence>
      <sentence id="d000.s4112" source="wordnet-japanese">
         <instance id="d000.s4112.t000" lemma="世界的" pos="ADJ">世界的</instance>
         <wf lemma="な" pos="X">な</wf>
         <wf lemma="重要性" pos="X">重要性</wf>
         <wf lemma="の" pos="X">の</wf>
         <wf lemma="." pos="X">.</wf>
      </sentence>
      <sentence id="d000.s4113" source="wordnet-japanese">
         <wf lemma="それ" pos="X">それ</wf>
         <wf lemma="は" pos="X">は</wf>
         <wf lemma="私" pos="X">私</wf>
         <wf lemma="たち" pos="X">たち</wf>
         <wf lemma="4" pos="X">4</wf>
         <wf lemma="人" pos="X">人</wf>
         <wf lemma="を" pos="X">を</wf>
         <instance id="d000.s4113.t000" lemma="残す" pos="VERB">残し</instance>
         <wf lemma="た" pos="X">た</wf>
         <wf lemma="." pos="X">.</wf>
      </sentence>
      <sentence id="d000.s4114" source="wordnet-japanese">
         <wf lemma="選挙" pos="X">選挙</wf>
         <wf lemma="における" pos="X">における</wf>
         <instance id="d000.s4114.t000" lemma="長期的" pos="ADJ">長期的</instance>
         <wf lemma="な" pos="X">な</wf>
         <wf lemma="重要性" pos="X">重要性</wf>
         <wf lemma="." pos="X">.</wf>
      </sentence>
      <sentence id="d000.s4115" source="wordnet-japanese">
         <wf lemma="実に" pos="X">実に</wf>
         <instance id="d000.s4115.t000" lemma="ひどい" pos="ADJ">ひどい</instance>
         <wf lemma="う" pos="X">う</wf>
         <wf lemma="そ." pos="X">そ.</wf>
      </sentence>
      <sentence id="d000.s4116" source="wordnet-japanese">
         <wf lemma="彼" pos="X">彼</wf>
         <wf lemma="の" pos="X">の</wf>
         <wf lemma="信頼性" pos="X">信頼性</wf>
         <wf lemma="と" pos="X">と</wf>
         <instance id="d000.s4116.t000" lemma="柔軟性" pos="NOUN">柔軟性</instance>
         <wf lemma="は" pos="X">は</wf>
         <wf lemma="評価" pos="X">評価</wf>
         <wf lemma="さ" pos="X">さ</wf>
         <wf lemma="れ" pos="X">れ</wf>
         <wf lemma="た" pos="X">た</wf>
         <wf lemma="." pos="X">.</wf>
      </sentence>
      <sentence id="d000.s4117" source="wordnet-japanese">
         <wf lemma="彼" pos="X">彼</wf>
         <wf lemma="は" pos="X">は</wf>
         <instance id="d000.s4117.t000" lemma="ステージ" pos="NOUN">ステージ</instance>
         <wf lemma="の" pos="X">の</wf>
         <wf lemma="上" pos="X">上</wf>
         <wf lemma="によじ" pos="X">によじ</wf>
         <wf lemma="登っ" pos="X">登っ</wf>
         <wf lemma="て" pos="X">て</wf>
         <wf lemma="、" pos="X">、</wf>
         <wf lemma="俳優" pos="X">俳優</wf>
         <wf lemma="に" pos="X">に</wf>
         <wf lemma="箱" pos="X">箱</wf>
         <wf lemma="の" pos="X">の</wf>
         <wf lemma="中" pos="X">中</wf>
         <wf lemma="に" pos="X">に</wf>
         <wf lemma="入り" pos="X">入り</wf>
         <wf lemma="彼" pos="X">彼</wf>
         <wf lemma="を" pos="X">を</wf>
         <wf lemma="助け" pos="X">助け</wf>
         <wf lemma="た" pos="X">た</wf>
         <wf lemma="." pos="X">.</wf>
      </sentence>
      <sentence id="d000.s4118" source="wordnet-japanese">
         <wf lemma="熱" pos="X">熱</wf>
         <wf lemma="が" pos="X">が</wf>
         <wf lemma="その" pos="X">その</wf>
         <wf lemma="田舎" pos="X">田舎</wf>
         <wf lemma="を" pos="X">を</wf>
         <instance id="d000.s4118.t000" lemma="焦がす" pos="VERB">焦がし</instance>
         <wf lemma="た" pos="X">た</wf>
         <wf lemma="." pos="X">.</wf>
      </sentence>
      <sentence id="d000.s4119" source="wordnet-japanese">
         <wf lemma="眠り" pos="X">眠り</wf>
         <wf lemma="に" pos="X">に</wf>
         <instance id="d000.s4119.t000" lemma="落ちる" pos="VERB">落ちる</instance>
         <wf lemma="." pos="X">.</wf>
      </sentence>
      <sentence id="d000.s4120" source="wordnet-japanese">
         <wf lemma="地域的" pos="X">地域的</wf>
         <instance id="d000.s4120.t000" lemma="ステレオタイプ" pos="NOUN">ステレオタイプ</instance>
         <wf lemma="は" pos="X">は</wf>
         <wf lemma="、" pos="X">、</wf>
         <wf lemma="創設" pos="X">創設</wf>
         <wf lemma="以来" pos="X">以来</wf>
         <wf lemma="、" pos="X">、</wf>
         <wf lemma="アメリカ" pos="X">アメリカ</wf>
         <wf lemma="の" pos="X">の</wf>
         <wf lemma="一部" pos="X">一部</wf>
         <wf lemma="である" pos="X">である</wf>
         <wf lemma="." pos="X">.</wf>
      </sentence>
      <sentence id="d000.s4121" source="wordnet-japanese">
         <wf lemma="魅力的" pos="X">魅力的</wf>
         <wf lemma="で" pos="X">で</wf>
         <wf lemma="、" pos="X">、</wf>
         <instance id="d000.s4121.t000" lemma="好ましい" pos="ADJ">好ましい</instance>
         <wf lemma="若者" pos="X">若者</wf>
         <wf lemma="." pos="X">.</wf>
      </sentence>
      <sentence id="d000.s4122" source="wordnet-japanese">
         <wf lemma="彼" pos="X">彼</wf>
         <wf lemma="は" pos="X">は</wf>
         <wf lemma="現代" pos="X">現代</wf>
         <wf lemma="の" pos="X">の</wf>
         <wf lemma="少将" pos="X">少将</wf>
         <wf lemma="の" pos="X">の</wf>
         <wf lemma="まさに" pos="X">まさに</wf>
         <instance id="d000.s4122.t000" lemma="手本" pos="NOUN">手本</instance>
         <wf lemma="である" pos="X">である</wf>
         <wf lemma="." pos="X">.</wf>
      </sentence>
      <sentence id="d000.s4123" source="wordnet-japanese">
         <wf lemma="彼ら" pos="X">彼ら</wf>
         <wf lemma="は" pos="X">は</wf>
         <wf lemma="平和" pos="X">平和</wf>
         <wf lemma="な" pos="X">な</wf>
         <instance id="d000.s4123.t000" lemma="解決" pos="NOUN">解決</instance>
         <wf lemma="を" pos="X">を</wf>
         <wf lemma="探そ" pos="X">探そ</wf>
         <wf lemma="う" pos="X">う</wf>
         <wf lemma="と" pos="X">と</wf>
         <wf lemma="し" pos="X">し</wf>
         <wf lemma="て" pos="X">て</wf>
         <wf lemma="い" pos="X">い</wf>
         <wf lemma="た" pos="X">た</wf>
         <wf lemma="." pos="X">.</wf>
      </sentence>
      <sentence id="d000.s4124" source="wordnet-japanese">
         <wf lemma="注意" pos="X">注意</wf>
         <wf lemma="を" pos="X">を</wf>
         <instance id="d000.s4124.t000" lemma="移す" pos="VERB">移す</instance>
         <wf lemma="." pos="X">.</wf>
      </sentence>
      <sentence id="d000.s4125" source="wordnet-japanese">
         <wf lemma="私" pos="X">私</wf>
         <wf lemma="たち" pos="X">たち</wf>
         <wf lemma="は" pos="X">は</wf>
         <wf lemma="雪" pos="X">雪</wf>
         <wf lemma="に" pos="X">に</wf>
         <wf lemma="なる" pos="X">なる</wf>
         <wf lemma="前" pos="X">前</wf>
         <wf lemma="に" pos="X">に</wf>
         <instance id="d000.s4125.t000" lemma="山道" pos="NOUN">山道</instance>
         <wf lemma="を" pos="X">を</wf>
         <wf lemma="通り抜け" pos="X">通り抜け</wf>
         <wf lemma="た" pos="X">た</wf>
         <wf lemma="." pos="X">.</wf>
      </sentence>
      <sentence id="d000.s4126" source="wordnet-japanese">
         <wf lemma="笑い" pos="X">笑い</wf>
         <wf lemma="で" pos="X">で</wf>
         <instance id="d000.s4126.t000" lemma="無力" pos="ADJ">無力</instance>
         <wf lemma="である" pos="X">である</wf>
         <wf lemma="." pos="X">.</wf>
      </sentence>
      <sentence id="d000.s4127" source="wordnet-japanese">
         <wf lemma="彼" pos="X">彼</wf>
         <wf lemma="は" pos="X">は</wf>
         <wf lemma="瓶" pos="X">瓶</wf>
         <wf lemma="の" pos="X">の</wf>
         <instance id="d000.s4127.t000" lemma="ふた" pos="NOUN">ふた</instance>
         <wf lemma="を" pos="X">を</wf>
         <wf lemma="取る" pos="X">取る</wf>
         <wf lemma="こと" pos="X">こと</wf>
         <wf lemma="が" pos="X">が</wf>
         <wf lemma="でき" pos="X">でき</wf>
         <wf lemma="なかっ" pos="X">なかっ</wf>
         <wf lemma="た" pos="X">た</wf>
         <wf lemma="." pos="X">.</wf>
      </sentence>
      <sentence id="d000.s4128" source="wordnet-japanese">
         <wf lemma="エックス" pos="X">エックス</wf>
         <wf lemma="線" pos="X">線</wf>
         <wf lemma="は" pos="X">は</wf>
         <instance id="d000.s4128.t000" lemma="中程度" pos="ADJ">中程度</instance>
         <wf lemma="の" pos="X">の</wf>
         <wf lemma="心臓" pos="X">心臓</wf>
         <wf lemma="肥大" pos="X">肥大</wf>
         <wf lemma="を" pos="X">を</wf>
         <wf lemma="示し" pos="X">示し</wf>
         <wf lemma="た" pos="X">た</wf>
         <wf lemma="." pos="X">.</wf>
      </sentence>
      <sentence id="d000.s4129" source="wordnet-japanese">
         <wf lemma="彼女" pos="X">彼女</wf>
         <wf lemma="は" pos="X">は</wf>
         <wf lemma="太り" pos="X">太り</wf>
         <wf lemma="すぎ" pos="X">すぎ</wf>
         <wf lemma="て" pos="X">て</wf>
         <wf lemma="い" pos="X">い</wf>
         <wf lemma="て" pos="X">て</wf>
         <instance id="d000.s4129.t000" lemma="マネキン" pos="NOUN">マネキン</instance>
         <wf lemma="に" pos="X">に</wf>
         <wf lemma="は" pos="X">は</wf>
         <wf lemma="なれ" pos="X">なれ</wf>
         <wf lemma="ない" pos="X">ない</wf>
         <wf lemma="." pos="X">.</wf>
      </sentence>
      <sentence id="d000.s4130" source="wordnet-japanese">
         <wf lemma="死刑" pos="X">死刑</wf>
         <wf lemma="の" pos="X">の</wf>
         <instance id="d000.s4130.t000" lemma="廃止" pos="NOUN">廃止</instance>
         <wf lemma="." pos="X">.</wf>
      </sentence>
      <sentence id="d000.s4131" source="wordnet-japanese">
         <instance id="d000.s4131.t000" lemma="揮発性" pos="ADJ">揮発性</instance>
         <wf lemma="の" pos="X">の</wf>
         <wf lemma="溶剤" pos="X">溶剤</wf>
         <wf lemma="." pos="X">.</wf>
      </sentence>
      <sentence id="d000.s4132" source="wordnet-japanese">
         <wf lemma="それ" pos="X">それ</wf>
         <wf lemma="は" pos="X">は</wf>
         <wf lemma="善良" pos="X">善良</wf>
         <wf lemma="な" pos="X">な</wf>
         <wf lemma="キリスト教徒" pos="X">キリスト教徒</wf>
         <wf lemma="の" pos="X">の</wf>
         <instance id="d000.s4132.t000" lemma="家庭" pos="NOUN">家庭</instance>
         <wf lemma="だっ" pos="X">だっ</wf>
         <wf lemma="た" pos="X">た</wf>
         <wf lemma="." pos="X">.</wf>
      </sentence>
      <sentence id="d000.s4133" source="wordnet-japanese">
         <wf lemma="何枚" pos="X">何枚</wf>
         <wf lemma="かの" pos="X">かの</wf>
         <wf lemma="余分" pos="X">余分</wf>
         <wf lemma="な" pos="X">な</wf>
         <wf lemma="皿" pos="X">皿</wf>
         <wf lemma="を" pos="X">を</wf>
         <wf lemma="食卓" pos="X">食卓</wf>
         <wf lemma="に" pos="X">に</wf>
         <instance id="d000.s4133.t000" lemma="加える" pos="VERB">加える</instance>
         <wf lemma="." pos="X">.</wf>
      </sentence>
      <sentence id="d000.s4134" source="wordnet-japanese">
         <wf lemma="その" pos="X">その</wf>
         <wf lemma="映画" pos="X">映画</wf>
         <wf lemma="は" pos="X">は</wf>
         <wf lemma="ステージテクニック" pos="X">ステージテクニック</wf>
         <wf lemma="の" pos="X">の</wf>
         <wf lemma="貴重" pos="X">貴重</wf>
         <wf lemma="な" pos="X">な</wf>
         <instance id="d000.s4134.t000" lemma="記録" pos="NOUN">記録</instance>
         <wf lemma="を" pos="X">を</wf>
         <wf lemma="提供" pos="X">提供</wf>
         <wf lemma="し" pos="X">し</wf>
         <wf lemma="た" pos="X">た</wf>
         <wf lemma="." pos="X">.</wf>
      </sentence>
      <sentence id="d000.s4135" source="wordnet-japanese">
         <instance id="d000.s4135.t000" lemma="質素" pos="ADJ">質素</instance>
         <wf lemma="な" pos="X">な</wf>
         <wf lemma="家庭的" pos="X">家庭的</wf>
         <wf lemma="な" pos="X">な</wf>
         <wf lemma="家具" pos="X">家具</wf>
         <wf lemma="." pos="X">.</wf>
      </sentence>
      <sentence id="d000.s4136" source="wordnet-japanese">
         <wf lemma="政治" pos="X">政治</wf>
         <wf lemma="と" pos="X">と</wf>
         <wf lemma="は" pos="X">は</wf>
         <instance id="d000.s4136.t000" lemma="可能性" pos="NOUN">可能性</instance>
         <wf lemma="の" pos="X">の</wf>
         <wf lemma="技術" pos="X">技術</wf>
         <wf lemma="である" pos="X">である</wf>
         <wf lemma="." pos="X">.</wf>
      </sentence>
      <sentence id="d000.s4137" source="wordnet-japanese">
         <wf lemma="金" pos="X">金</wf>
         <wf lemma="に" pos="X">に</wf>
         <instance id="d000.s4137.t000" lemma="慎重" pos="ADJ">慎重</instance>
         <wf lemma="に" pos="X">に</wf>
         <wf lemma="なる" pos="X">なる</wf>
         <wf lemma="." pos="X">.</wf>
      </sentence>
      <sentence id="d000.s4138" source="wordnet-japanese">
         <wf lemma="葉巻" pos="X">葉巻</wf>
         <wf lemma="を" pos="X">を</wf>
         <instance id="d000.s4138.t000" lemma="もみ消す" pos="VERB">もみ消し</instance>
         <wf lemma="て" pos="X">て</wf>
         <wf lemma="ください" pos="X">ください</wf>
         <wf lemma="." pos="X">.</wf>
      </sentence>
      <sentence id="d000.s4139" source="wordnet-japanese">
         <wf lemma="半月" pos="X">半月</wf>
         <wf lemma="の" pos="X">の</wf>
         <instance id="d000.s4139.t000" lemma="淡い" pos="ADJ">淡い</instance>
         <wf lemma="光" pos="X">光</wf>
         <wf lemma="." pos="X">.</wf>
      </sentence>
      <sentence id="d000.s4140" source="wordnet-japanese">
         <wf lemma="誰" pos="X">誰</wf>
         <wf lemma="が" pos="X">が</wf>
         <instance id="d000.s4140.t000" lemma="予約" pos="NOUN">予約</instance>
         <wf lemma="し" pos="X">し</wf>
         <wf lemma="た" pos="X">た</wf>
         <wf lemma="の" pos="X">の</wf>
         <wf lemma="かしら" pos="X">かしら</wf>
         <wf lemma="と" pos="X">と</wf>
         <wf lemma="思っ" pos="X">思っ</wf>
         <wf lemma="た" pos="X">た</wf>
         <wf lemma="." pos="X">.</wf>
      </sentence>
      <sentence id="d000.s4141" source="wordnet-japanese">
         <wf lemma="昨年" pos="X">昨年</wf>
         <wf lemma="経営" pos="X">経営</wf>
         <wf lemma="で" pos="X">で</wf>
         <instance id="d000.s4141.t000" lemma="損失" pos="NOUN">損失</instance>
         <wf lemma="を" pos="X">を</wf>
         <wf lemma="出し" pos="X">出し</wf>
         <wf lemma="た" pos="X">た</wf>
         <wf lemma="会社" pos="X">会社</wf>
         <wf lemma="." pos="X">.</wf>
      </sentence>
      <sentence id="d000.s4142" source="wordnet-japanese">
         <wf lemma="個人的" pos="X">個人的</wf>
         <wf lemma="で" pos="X">で</wf>
         <wf lemma="、" pos="X">、</wf>
         <instance id="d000.s4142.t000" lemma="経験的" pos="ADJ">経験的</instance>
         <wf lemma="な" pos="X">な</wf>
         <wf lemma="現実" pos="X">現実</wf>
         <wf lemma="." pos="X">.</wf>
      </sentence>
      <sentence id="d000.s4143" source="wordnet-japanese">
         <wf lemma="彼" pos="X">彼</wf>
         <wf lemma="は" pos="X">は</wf>
         <wf lemma="令状" pos="X">令状</wf>
         <wf lemma="を" pos="X">を</wf>
         <wf lemma="出す" pos="X">出す</wf>
         <instance id="d000.s4143.t000" lemma="権限" pos="NOUN">権限</instance>
         <wf lemma="を" pos="X">を</wf>
         <wf lemma="有する" pos="X">有する</wf>
         <wf lemma="." pos="X">.</wf>
      </sentence>
      <sentence id="d000.s4144" source="wordnet-japanese">
         <wf lemma="C" pos="X">C</wf>
         <instance id="d000.s4144.t000" lemma="シャープ" pos="ADJ">シャープ</instance>
         <wf lemma="." pos="X">.</wf>
      </sentence>
      <sentence id="d000.s4145" source="wordnet-japanese">
         <wf lemma="彼女" pos="X">彼女</wf>
         <wf lemma="は" pos="X">は</wf>
         <instance id="d000.s4145.t000" lemma="ハンドバッグ" pos="NOUN">ハンドバッグ</instance>
         <wf lemma="に" pos="X">に</wf>
         <wf lemma="手" pos="X">手</wf>
         <wf lemma="を" pos="X">を</wf>
         <wf lemma="入れ櫛" pos="X">入れ櫛</wf>
         <wf lemma="を" pos="X">を</wf>
         <wf lemma="見つけ" pos="X">見つけ</wf>
         <wf lemma="た" pos="X">た</wf>
         <wf lemma="." pos="X">.</wf>
      </sentence>
      <sentence id="d000.s4146" source="wordnet-japanese">
         <wf lemma="彼" pos="X">彼</wf>
         <wf lemma="は" pos="X">は</wf>
         <instance id="d000.s4146.t000" lemma="天井" pos="NOUN">天井</instance>
         <wf lemma="を" pos="X">を</wf>
         <wf lemma="塗装" pos="X">塗装</wf>
         <wf lemma="する" pos="X">する</wf>
         <wf lemma="の" pos="X">の</wf>
         <wf lemma="を" pos="X">を</wf>
         <wf lemma="嫌がっ" pos="X">嫌がっ</wf>
         <wf lemma="た" pos="X">た</wf>
         <wf lemma="." pos="X">.</wf>
      </sentence>
      <sentence id="d000.s4147" source="wordnet-japanese">
         <wf lemma="彼ら" pos="X">彼ら</wf>
         <wf lemma="は" pos="X">は</wf>
         <wf lemma="、" pos="X">、</wf>
         <wf lemma="仕事" pos="X">仕事</wf>
         <wf lemma="へ" pos="X">へ</wf>
         <wf lemma="行く" pos="X">行く</wf>
         <wf lemma="途中" pos="X">途中</wf>
         <wf lemma="で" pos="X">で</wf>
         <instance id="d000.s4147.t000" lemma="町" pos="NOUN">町</instance>
         <wf lemma="を" pos="X">を</wf>
         <wf lemma="車" pos="X">車</wf>
         <wf lemma="で" pos="X">で</wf>
         <wf lemma="通り抜ける" pos="X">通り抜ける</wf>
         <wf lemma="." pos="X">.</wf>
      </sentence>
      <sentence id="d000.s4148" source="wordnet-japanese">
         <instance id="d000.s4148.t000" lemma="化学的" pos="ADJ">化学的</instance>
         <wf lemma="な" pos="X">な</wf>
         <wf lemma="肥料" pos="X">肥料</wf>
         <wf lemma="." pos="X">.</wf>
      </sentence>
      <sentence id="d000.s4149" source="wordnet-japanese">
         <instance id="d000.s4149.t000" lemma="希薄" pos="ADJ">希薄</instance>
         <wf lemma="な" pos="X">な</wf>
         <wf lemma="山" pos="X">山</wf>
         <wf lemma="の" pos="X">の</wf>
         <wf lemma="空気" pos="X">空気</wf>
         <wf lemma="で" pos="X">で</wf>
         <wf lemma="めまい" pos="X">めまい</wf>
         <wf lemma="が" pos="X">が</wf>
         <wf lemma="する" pos="X">する</wf>
         <wf lemma="." pos="X">.</wf>
      </sentence>
      <sentence id="d000.s4150" source="wordnet-japanese">
         <wf lemma="典雅" pos="X">典雅</wf>
         <wf lemma="に" pos="X">に</wf>
         <instance id="d000.s4150.t000" lemma="無頓着" pos="ADJ">無頓着</instance>
         <wf lemma="な" pos="X">な</wf>
         <wf lemma="方法" pos="X">方法</wf>
         <wf lemma="." pos="X">.</wf>
      </sentence>
      <sentence id="d000.s4151" source="wordnet-japanese">
         <wf lemma="大学" pos="X">大学</wf>
         <wf lemma="は" pos="X">は</wf>
         <wf lemma="入学" pos="X">入学</wf>
         <wf lemma="を" pos="X">を</wf>
         <wf lemma="許可" pos="X">許可</wf>
         <wf lemma="する" pos="X">する</wf>
         <wf lemma="生徒" pos="X">生徒</wf>
         <wf lemma="の" pos="X">の</wf>
         <wf lemma="数" pos="X">数</wf>
         <wf lemma="を" pos="X">を</wf>
         <instance id="d000.s4151.t000" lemma="増やす" pos="VERB">増やし</instance>
         <wf lemma="た" pos="X">た</wf>
         <wf lemma="." pos="X">.</wf>
      </sentence>
      <sentence id="d000.s4152" source="wordnet-japanese">
         <wf lemma="彼" pos="X">彼</wf>
         <wf lemma="の" pos="X">の</wf>
         <wf lemma="決定" pos="X">決定</wf>
         <wf lemma="に" pos="X">に</wf>
         <wf lemma="は" pos="X">は</wf>
         <wf lemma="、" pos="X">、</wf>
         <wf lemma="ビジネス" pos="X">ビジネス</wf>
         <wf lemma="に" pos="X">に</wf>
         <wf lemma="暗い" pos="X">暗い</wf>
         <instance id="d000.s4152.t000" lemma="影響" pos="NOUN">影響</instance>
         <wf lemma="を" pos="X">を</wf>
         <wf lemma="及ぼし" pos="X">及ぼし</wf>
         <wf lemma="た" pos="X">た</wf>
         <wf lemma="." pos="X">.</wf>
      </sentence>
      <sentence id="d000.s4153" source="wordnet-japanese">
         <wf lemma="彼" pos="X">彼</wf>
         <wf lemma="の" pos="X">の</wf>
         <wf lemma="意見" pos="X">意見</wf>
         <wf lemma="に" pos="X">に</wf>
         <wf lemma="は" pos="X">は</wf>
         <wf lemma="非常" pos="X">非常</wf>
         <wf lemma="な" pos="X">な</wf>
         <instance id="d000.s4153.t000" lemma="重み" pos="NOUN">重み</instance>
         <wf lemma="が" pos="X">が</wf>
         <wf lemma="ある" pos="X">ある</wf>
         <wf lemma="." pos="X">.</wf>
      </sentence>
      <sentence id="d000.s4154" source="wordnet-japanese">
         <wf lemma="腔腸" pos="X">腔腸</wf>
         <wf lemma="動物" pos="X">動物</wf>
         <wf lemma="の" pos="X">の</wf>
         <wf lemma="若干" pos="X">若干</wf>
         <wf lemma="の" pos="X">の</wf>
         <wf lemma="種" pos="X">種</wf>
         <wf lemma="において" pos="X">において</wf>
         <wf lemma="、" pos="X">、</wf>
         <instance id="d000.s4154.t000" lemma="ポリープ" pos="NOUN">ポリープ</instance>
         <wf lemma="は" pos="X">は</wf>
         <wf lemma="クラゲ" pos="X">クラゲ</wf>
         <wf lemma="の" pos="X">の</wf>
         <wf lemma="ような" pos="X">ような</wf>
         <wf lemma="段階" pos="X">段階</wf>
         <wf lemma="と" pos="X">と</wf>
         <wf lemma="交替" pos="X">交替</wf>
         <wf lemma="する" pos="X">する</wf>
         <wf lemma="ライフ" pos="X">ライフ</wf>
         <wf lemma="サイクル" pos="X">サイクル</wf>
         <wf lemma="の" pos="X">の</wf>
         <wf lemma="段階" pos="X">段階</wf>
         <wf lemma="である" pos="X">である</wf>
         <wf lemma="." pos="X">.</wf>
      </sentence>
      <sentence id="d000.s4155" source="wordnet-japanese">
         <wf lemma="その" pos="X">その</wf>
         <wf lemma="エッセー" pos="X">エッセー</wf>
         <wf lemma="は" pos="X">は</wf>
         <wf lemma="対話" pos="X">対話</wf>
         <instance id="d000.s4155.t000" lemma="形式" pos="NOUN">形式</instance>
         <wf lemma="であっ" pos="X">であっ</wf>
         <wf lemma="た" pos="X">た</wf>
         <wf lemma="." pos="X">.</wf>
      </sentence>
      <sentence id="d000.s4156" source="wordnet-japanese">
         <wf lemma="走者" pos="X">走者</wf>
         <wf lemma="が" pos="X">が</wf>
         <instance id="d000.s4156.t000" lemma="スクリメージライン" pos="NOUN">スクリメージライン</instance>
         <wf lemma="の" pos="X">の</wf>
         <wf lemma="所" pos="X">所</wf>
         <wf lemma="で" pos="X">で</wf>
         <wf lemma="タックル" pos="X">タックル</wf>
         <wf lemma="さ" pos="X">さ</wf>
         <wf lemma="れ" pos="X">れ</wf>
         <wf lemma="た" pos="X">た</wf>
         <wf lemma="." pos="X">.</wf>
      </sentence>
      <sentence id="d000.s4157" source="wordnet-japanese">
         <wf lemma="経済指標" pos="X">経済指標</wf>
         <wf lemma="は" pos="X">は</wf>
         <wf lemma="、" pos="X">、</wf>
         <wf lemma="ユーロ" pos="X">ユーロ</wf>
         <wf lemma="が" pos="X">が</wf>
         <wf lemma="過小" pos="X">過小</wf>
         <wf lemma="評価" pos="X">評価</wf>
         <wf lemma="さ" pos="X">さ</wf>
         <wf lemma="れる" pos="X">れる</wf>
         <wf lemma="こと" pos="X">こと</wf>
         <wf lemma="を" pos="X">を</wf>
         <instance id="d000.s4157.t000" lemma="示す" pos="VERB">示す</instance>
         <wf lemma="." pos="X">.</wf>
      </sentence>
      <sentence id="d000.s4158" source="wordnet-japanese">
         <instance id="d000.s4158.t000" lemma="本当" pos="ADJ">本当</instance>
         <wf lemma="の" pos="X">の</wf>
         <wf lemma="友人" pos="X">友人</wf>
         <wf lemma="." pos="X">.</wf>
      </sentence>
      <sentence id="d000.s4159" source="wordnet-japanese">
         <wf lemma="どの" pos="X">どの</wf>
         <wf lemma="ぐらい" pos="X">ぐらい</wf>
         <wf lemma="の" pos="X">の</wf>
         <wf lemma="物語" pos="X">物語</wf>
         <wf lemma="が" pos="X">が</wf>
         <instance id="d000.s4159.t000" lemma="事実" pos="NOUN">事実</instance>
         <wf lemma="で" pos="X">で</wf>
         <wf lemma="、" pos="X">、</wf>
         <wf lemma="どの" pos="X">どの</wf>
         <wf lemma="くらい" pos="X">くらい</wf>
         <wf lemma="の" pos="X">の</wf>
         <wf lemma="フィクション" pos="X">フィクション</wf>
         <wf lemma="は" pos="X">は</wf>
         <wf lemma="話す" pos="X">話す</wf>
         <wf lemma="の" pos="X">の</wf>
         <wf lemma="が" pos="X">が</wf>
         <wf lemma="難しい" pos="X">難しい</wf>
         <wf lemma="の" pos="X">の</wf>
         <wf lemma="だろ" pos="X">だろ</wf>
         <wf lemma="う" pos="X">う</wf>
         <wf lemma="か" pos="X">か</wf>
         <wf lemma="." pos="X">.</wf>
      </sentence>
      <sentence id="d000.s4160" source="wordnet-japanese">
         <wf lemma="良質" pos="X">良質</wf>
         <wf lemma="の" pos="X">の</wf>
         <wf lemma="印刷" pos="X">印刷</wf>
         <wf lemma="は" pos="X">は</wf>
         <wf lemma="本" pos="X">本</wf>
         <wf lemma="を" pos="X">を</wf>
         <wf lemma="を" pos="X">を</wf>
         <instance id="d000.s4160.t000" lemma="楽しい" pos="ADJ">楽しく</instance>
         <wf lemma="読む" pos="X">読む</wf>
         <wf lemma="ように" pos="X">ように</wf>
         <wf lemma="し" pos="X">し</wf>
         <wf lemma="て" pos="X">て</wf>
         <wf lemma="くれる" pos="X">くれる</wf>
         <wf lemma="." pos="X">.</wf>
      </sentence>
      <sentence id="d000.s4161" source="wordnet-japanese">
         <wf lemma="彼" pos="X">彼</wf>
         <wf lemma="は" pos="X">は</wf>
         <wf lemma="新しい" pos="X">新しい</wf>
         <wf lemma="道具" pos="X">道具</wf>
         <wf lemma="の" pos="X">の</wf>
         <instance id="d000.s4161.t000" lemma="設計" pos="NOUN">設計</instance>
         <wf lemma="に" pos="X">に</wf>
         <wf lemma="貢献" pos="X">貢献</wf>
         <wf lemma="し" pos="X">し</wf>
         <wf lemma="た" pos="X">た</wf>
         <wf lemma="." pos="X">.</wf>
      </sentence>
      <sentence id="d000.s4162" source="wordnet-japanese">
         <wf lemma="彼ら" pos="X">彼ら</wf>
         <wf lemma="に" pos="X">に</wf>
         <instance id="d000.s4162.t000" lemma="必要" pos="ADJ">必要</instance>
         <wf lemma="な" pos="X">な</wf>
         <wf lemma="もの" pos="X">もの</wf>
         <wf lemma="全て" pos="X">全て</wf>
         <wf lemma="を" pos="X">を</wf>
         <wf lemma="提供" pos="X">提供</wf>
         <wf lemma="し" pos="X">し</wf>
         <wf lemma="た" pos="X">た</wf>
         <wf lemma="." pos="X">.</wf>
      </sentence>
      <sentence id="d000.s4163" source="wordnet-japanese">
         <wf lemma="インフルエンザ" pos="X">インフルエンザ</wf>
         <wf lemma="の" pos="X">の</wf>
         <instance id="d000.s4163.t000" lemma="深刻" pos="ADJ">深刻</instance>
         <wf lemma="な" pos="X">な</wf>
         <wf lemma="症例" pos="X">症例</wf>
         <wf lemma="." pos="X">.</wf>
      </sentence>
      <sentence id="d000.s4164" source="wordnet-japanese">
         <wf lemma="その" pos="X">その</wf>
         <instance id="d000.s4164.t000" lemma="ホイッスル" pos="NOUN">ホイッスル</instance>
         <wf lemma="は" pos="X">は</wf>
         <wf lemma="ゲーム" pos="X">ゲーム</wf>
         <wf lemma="の" pos="X">の</wf>
         <wf lemma="終わり" pos="X">終わり</wf>
         <wf lemma="を" pos="X">を</wf>
         <wf lemma="告げ" pos="X">告げ</wf>
         <wf lemma="た" pos="X">た</wf>
         <wf lemma="." pos="X">.</wf>
      </sentence>
      <sentence id="d000.s4165" source="wordnet-japanese">
         <wf lemma="初代" pos="X">初代</wf>
         <instance id="d000.s4165.t000" lemma="国務長官" pos="NOUN">国務長官</instance>
         <wf lemma="は" pos="X">は</wf>
         <wf lemma="トーマス" pos="X">トーマス</wf>
         <wf lemma="・" pos="X">・</wf>
         <wf lemma="ジェファーソン" pos="X">ジェファーソン</wf>
         <wf lemma="であっ" pos="X">であっ</wf>
         <wf lemma="た" pos="X">た</wf>
         <wf lemma="." pos="X">.</wf>
      </sentence>
      <sentence id="d000.s4166" source="wordnet-japanese">
         <wf lemma="明晰" pos="X">明晰</wf>
         <wf lemma="さ" pos="X">さ</wf>
         <wf lemma="の" pos="X">の</wf>
         <instance id="d000.s4166.t000" lemma="手本" pos="NOUN">手本</instance>
         <wf lemma="." pos="X">.</wf>
      </sentence>
      <sentence id="d000.s4167" source="wordnet-japanese">
         <instance id="d000.s4167.t000" lemma="デジタル" pos="ADJ">デジタル</instance>
         <wf lemma="時計" pos="X">時計</wf>
         <wf lemma="." pos="X">.</wf>
      </sentence>
      <sentence id="d000.s4168" source="wordnet-japanese">
         <wf lemma="病気" pos="X">病気</wf>
         <wf lemma="で" pos="X">で</wf>
         <wf lemma="、" pos="X">、</wf>
         <instance id="d000.s4168.t000" lemma="座りがちな" pos="ADJ">座りがちな</instance>
         <wf lemma="生活" pos="X">生活</wf>
         <wf lemma="を" pos="X">を</wf>
         <wf lemma="強い" pos="X">強い</wf>
         <wf lemma="られる" pos="X">られる</wf>
         <wf lemma="." pos="X">.</wf>
      </sentence>
      <sentence id="d000.s4169" source="wordnet-japanese">
         <wf lemma="金属" pos="X">金属</wf>
         <wf lemma="の" pos="X">の</wf>
         <instance id="d000.s4169.t000" lemma="部分" pos="NOUN">部分</instance>
         <wf lemma="は" pos="X">は</wf>
         <wf lemma="地面" pos="X">地面</wf>
         <wf lemma="の" pos="X">の</wf>
         <wf lemma="下" pos="X">下</wf>
         <wf lemma="で" pos="X">で</wf>
         <wf lemma="使わ" pos="X">使わ</wf>
         <wf lemma="れ" pos="X">れ</wf>
         <wf lemma="た" pos="X">た</wf>
         <wf lemma="." pos="X">.</wf>
      </sentence>
      <sentence id="d000.s4170" source="wordnet-japanese">
         <instance id="d000.s4170.t000" lemma="国民" pos="NOUN">国民</instance>
         <wf lemma="の" pos="X">の</wf>
         <wf lemma="ムード" pos="X">ムード</wf>
         <wf lemma="を" pos="X">を</wf>
         <wf lemma="要約" pos="X">要約</wf>
         <wf lemma="し" pos="X">し</wf>
         <wf lemma="た" pos="X">た</wf>
         <wf lemma="声明" pos="X">声明</wf>
         <wf lemma="." pos="X">.</wf>
      </sentence>
      <sentence id="d000.s4171" source="wordnet-japanese">
         <wf lemma="中世" pos="X">中世</wf>
         <wf lemma="に" pos="X">に</wf>
         <instance id="d000.s4171.t000" lemma="免罪符" pos="NOUN">免罪符</instance>
         <wf lemma="売り" pos="X">売り</wf>
         <wf lemma="による" pos="X">による</wf>
         <wf lemma="贖" pos="X">贖</wf>
         <wf lemma="宥" pos="X">宥</wf>
         <wf lemma="状" pos="X">状</wf>
         <wf lemma="の" pos="X">の</wf>
         <wf lemma="節度" pos="X">節度</wf>
         <wf lemma="の" pos="X">の</wf>
         <wf lemma="ない" pos="X">ない</wf>
         <wf lemma="販売" pos="X">販売</wf>
         <wf lemma="が" pos="X">が</wf>
         <wf lemma="、" pos="X">、</wf>
         <wf lemma="広く" pos="X">広く</wf>
         <wf lemma="はびこる" pos="X">はびこる</wf>
         <wf lemma="悪習" pos="X">悪習</wf>
         <wf lemma="と" pos="X">と</wf>
         <wf lemma="なっ" pos="X">なっ</wf>
         <wf lemma="た" pos="X">た</wf>
         <wf lemma="." pos="X">.</wf>
      </sentence>
      <sentence id="d000.s4172" source="wordnet-japanese">
         <wf lemma="交付金" pos="X">交付金</wf>
         <wf lemma="が" pos="X">が</wf>
         <wf lemma="なく" pos="X">なく</wf>
         <wf lemma="なっ" pos="X">なっ</wf>
         <wf lemma="た" pos="X">た</wf>
         <wf lemma="ので" pos="X">ので</wf>
         <wf lemma="、" pos="X">、</wf>
         <wf lemma="私たち" pos="X">私たち</wf>
         <wf lemma="は" pos="X">は</wf>
         <wf lemma="あなた" pos="X">あなた</wf>
         <wf lemma="を" pos="X">を</wf>
         <wf lemma="雇い" pos="X">雇い</wf>
         <instance id="d000.s4172.t000" lemma="続ける" pos="VERB">続ける</instance>
         <wf lemma="こと" pos="X">こと</wf>
         <wf lemma="が" pos="X">が</wf>
         <wf lemma="でき" pos="X">でき</wf>
         <wf lemma="ない" pos="X">ない</wf>
         <wf lemma="." pos="X">.</wf>
      </sentence>
      <sentence id="d000.s4173" source="wordnet-japanese">
         <wf lemma="彼" pos="X">彼</wf>
         <wf lemma="は" pos="X">は</wf>
         <wf lemma="親" pos="X">親</wf>
         <wf lemma="の" pos="X">の</wf>
         <instance id="d000.s4173.t000" lemma="禁止" pos="NOUN">禁止</instance>
         <wf lemma="を" pos="X">を</wf>
         <wf lemma="無視" pos="X">無視</wf>
         <wf lemma="し" pos="X">し</wf>
         <wf lemma="た" pos="X">た</wf>
         <wf lemma="." pos="X">.</wf>
      </sentence>
      <sentence id="d000.s4174" source="wordnet-japanese">
         <instance id="d000.s4174.t000" lemma="多民族" pos="ADJ">多民族</instance>
         <wf lemma="の" pos="X">の</wf>
         <wf lemma="政府" pos="X">政府</wf>
         <wf lemma="." pos="X">.</wf>
      </sentence>
      <sentence id="d000.s4175" source="wordnet-japanese">
         <wf lemma="カス" pos="X">カス</wf>
         <wf lemma="の" pos="X">の</wf>
         <instance id="d000.s4175.t000" lemma="不透過性" pos="ADJ">不透過性</instance>
         <wf lemma="の" pos="X">の</wf>
         <wf lemma="層" pos="X">層</wf>
         <wf lemma="." pos="X">.</wf>
      </sentence>
      <sentence id="d000.s4176" source="wordnet-japanese">
         <wf lemma="新しい" pos="X">新しい</wf>
         <wf lemma="科学" pos="X">科学</wf>
         <wf lemma="社会" pos="X">社会</wf>
         <wf lemma="の" pos="X">の</wf>
         <instance id="d000.s4176.t000" lemma="創設" pos="NOUN">創設</instance>
         <wf lemma="." pos="X">.</wf>
      </sentence>
      <sentence id="d000.s4177" source="wordnet-japanese">
         <wf lemma="彼女" pos="X">彼女</wf>
         <wf lemma="は" pos="X">は</wf>
         <instance id="d000.s4177.t000" lemma="以前" pos="ADV">以前</instance>
         <wf lemma="、" pos="X">、</wf>
         <wf lemma="シカゴ" pos="X">シカゴ</wf>
         <wf lemma="に" pos="X">に</wf>
         <wf lemma="住ん" pos="X">住ん</wf>
         <wf lemma="で" pos="X">で</wf>
         <wf lemma="い" pos="X">い</wf>
         <wf lemma="た" pos="X">た</wf>
         <wf lemma="." pos="X">.</wf>
      </sentence>
      <sentence id="d000.s4178" source="wordnet-japanese">
         <wf lemma="単なる" pos="X">単なる</wf>
         <instance id="d000.s4178.t000" lemma="レトリック" pos="NOUN">レトリック</instance>
         <wf lemma="." pos="X">.</wf>
      </sentence>
      <sentence id="d000.s4179" source="wordnet-japanese">
         <instance id="d000.s4179.t000" lemma="浅い" pos="ADJ">浅い</instance>
         <wf lemma="恍惚" pos="X">恍惚</wf>
         <wf lemma="で" pos="X">で</wf>
         <wf lemma="." pos="X">.</wf>
      </sentence>
      <sentence id="d000.s4180" source="wordnet-japanese">
         <wf lemma="親睦" pos="X">親睦</wf>
         <wf lemma="会" pos="X">会</wf>
         <wf lemma="の" pos="X">の</wf>
         <instance id="d000.s4180.t000" lemma="陽気" pos="ADJ">陽気</instance>
         <wf lemma="な" pos="X">な</wf>
         <wf lemma="群衆" pos="X">群衆</wf>
         <wf lemma="." pos="X">.</wf>
      </sentence>
      <sentence id="d000.s4181" source="wordnet-japanese">
         <wf lemma="看護師" pos="X">看護師</wf>
         <wf lemma="は" pos="X">は</wf>
         <wf lemma="どこ" pos="X">どこ</wf>
         <wf lemma="へ" pos="X">へ</wf>
         <wf lemma="で" pos="X">で</wf>
         <wf lemma="も" pos="X">も</wf>
         <wf lemma="その" pos="X">その</wf>
         <wf lemma="お婆" pos="X">お婆</wf>
         <wf lemma="さん" pos="X">さん</wf>
         <wf lemma="に" pos="X">に</wf>
         <instance id="d000.s4181.t000" lemma="付き添う" pos="VERB">付き添っ</instance>
         <wf lemma="た" pos="X">た</wf>
         <wf lemma="." pos="X">.</wf>
      </sentence>
      <sentence id="d000.s4182" source="wordnet-japanese">
         <instance id="d000.s4182.t000" lemma="純粋" pos="ADJ">純粋</instance>
         <wf lemma="な" pos="X">な</wf>
         <wf lemma="喜び" pos="X">喜び</wf>
         <wf lemma="." pos="X">.</wf>
      </sentence>
      <sentence id="d000.s4183" source="wordnet-japanese">
         <wf lemma="我々" pos="X">我々</wf>
         <wf lemma="の" pos="X">の</wf>
         <wf lemma="祈り" pos="X">祈り</wf>
         <wf lemma="を" pos="X">を</wf>
         <wf lemma="聞き入れ" pos="X">聞き入れ</wf>
         <wf lemma="なさい" pos="X">なさい</wf>
         <wf lemma="、" pos="X">、</wf>
         <instance id="d000.s4183.t000" lemma="父" pos="NOUN">父</instance>
         <wf lemma="なる" pos="X">なる</wf>
         <wf lemma="神" pos="X">神</wf>
         <wf lemma="." pos="X">.</wf>
      </sentence>
      <sentence id="d000.s4184" source="wordnet-japanese">
         <instance id="d000.s4184.t000" lemma="廃棄物" pos="NOUN">廃棄物</instance>
         <wf lemma="の" pos="X">の</wf>
         <wf lemma="大部分" pos="X">大部分</wf>
         <wf lemma="は" pos="X">は</wf>
         <wf lemma="下水" pos="X">下水</wf>
         <wf lemma="に" pos="X">に</wf>
         <wf lemma="流さ" pos="X">流さ</wf>
         <wf lemma="れる" pos="X">れる</wf>
         <wf lemma="." pos="X">.</wf>
      </sentence>
      <sentence id="d000.s4185" source="wordnet-japanese">
         <wf lemma="男生徒" pos="X">男生徒</wf>
         <wf lemma="の" pos="X">の</wf>
         <instance id="d000.s4185.t000" lemma="冗談" pos="NOUN">冗談</instance>
         <wf lemma="で" pos="X">で</wf>
         <wf lemma="さえ" pos="X">さえ</wf>
         <wf lemma="、" pos="X">、</wf>
         <wf lemma="何らか" pos="X">何らか</wf>
         <wf lemma="の" pos="X">の</wf>
         <wf lemma="確か" pos="X">確か</wf>
         <wf lemma="な" pos="X">な</wf>
         <wf lemma="ポイント" pos="X">ポイント</wf>
         <wf lemma="が" pos="X">が</wf>
         <wf lemma="ある" pos="X">ある</wf>
         <wf lemma="べき" pos="X">べき</wf>
         <wf lemma="である" pos="X">である</wf>
         <wf lemma="." pos="X">.</wf>
      </sentence>
      <sentence id="d000.s4186" source="wordnet-japanese">
         <instance id="d000.s4186.t000" lemma="正常" pos="ADJ">正常</instance>
         <wf lemma="な" pos="X">な</wf>
         <wf lemma="好奇心" pos="X">好奇心</wf>
         <wf lemma="." pos="X">.</wf>
      </sentence>
      <sentence id="d000.s4187" source="wordnet-japanese">
         <instance id="d000.s4187.t000" lemma="秘密" pos="ADJ">秘密</instance>
         <wf lemma="の" pos="X">の</wf>
         <wf lemma="通路" pos="X">通路</wf>
         <wf lemma="." pos="X">.</wf>
      </sentence>
      <sentence id="d000.s4188" source="wordnet-japanese">
         <wf lemma="どんな" pos="X">どんな</wf>
         <wf lemma="社会" pos="X">社会</wf>
         <wf lemma="で" pos="X">で</wf>
         <wf lemma="も" pos="X">も</wf>
         <wf lemma="、" pos="X">、</wf>
         <wf lemma="ある" pos="X">ある</wf>
         <instance id="d000.s4188.t000" lemma="前提" pos="NOUN">前提</instance>
         <wf lemma="の" pos="X">の</wf>
         <wf lemma="基" pos="X">基</wf>
         <wf lemma="に" pos="X">に</wf>
         <wf lemma="作ら" pos="X">作ら</wf>
         <wf lemma="れ" pos="X">れ</wf>
         <wf lemma="て" pos="X">て</wf>
         <wf lemma="いる" pos="X">いる</wf>
         <wf lemma="." pos="X">.</wf>
      </sentence>
      <sentence id="d000.s4189" source="wordnet-japanese">
         <wf lemma="ウェイター" pos="X">ウェイター</wf>
         <wf lemma="に対する" pos="X">に対する</wf>
         <wf lemma="耐え" pos="X">耐え</wf>
         <wf lemma="られ" pos="X">られ</wf>
         <wf lemma="ない" pos="X">ない</wf>
         <wf lemma="ほど" pos="X">ほど</wf>
         <instance id="d000.s4189.t000" lemma="横柄" pos="ADJ">横柄</instance>
         <wf lemma="な" pos="X">な</wf>
         <wf lemma="ふるまい" pos="X">ふるまい</wf>
         <wf lemma="." pos="X">.</wf>
      </sentence>
      <sentence id="d000.s4190" source="wordnet-japanese">
         <instance id="d000.s4190.t000" lemma="応力" pos="NOUN">応力</instance>
         <wf lemma="強度" pos="X">強度</wf>
         <wf lemma="は" pos="X">は</wf>
         <wf lemma="、" pos="X">、</wf>
         <wf lemma="単位" pos="X">単位</wf>
         <wf lemma="面" pos="X">面</wf>
         <wf lemma="積当たり" pos="X">積当たり</wf>
         <wf lemma="の" pos="X">の</wf>
         <wf lemma="力" pos="X">力</wf>
         <wf lemma="の" pos="X">の</wf>
         <wf lemma="単位" pos="X">単位</wf>
         <wf lemma="で" pos="X">で</wf>
         <wf lemma="表さ" pos="X">表さ</wf>
         <wf lemma="れる" pos="X">れる</wf>
         <wf lemma="." pos="X">.</wf>
      </sentence>
      <sentence id="d000.s4191" source="wordnet-japanese">
         <wf lemma="地域" pos="X">地域</wf>
         <wf lemma="社会" pos="X">社会</wf>
         <wf lemma="および" pos="X">および</wf>
         <wf lemma="その" pos="X">その</wf>
         <wf lemma="ニーズ" pos="X">ニーズ</wf>
         <wf lemma="に" pos="X">に</wf>
         <instance id="d000.s4191.t000" lemma="敏感" pos="ADJ">敏感</instance>
         <wf lemma="である" pos="X">である</wf>
         <wf lemma="." pos="X">.</wf>
      </sentence>
      <sentence id="d000.s4192" source="wordnet-japanese">
         <wf lemma="道徳" pos="X">道徳</wf>
         <wf lemma="の" pos="X">の</wf>
         <instance id="d000.s4192.t000" lemma="破綻" pos="NOUN">破綻</instance>
         <wf lemma="." pos="X">.</wf>
      </sentence>
      <sentence id="d000.s4193" source="wordnet-japanese">
         <instance id="d000.s4193.t000" lemma="地獄" pos="NOUN">地獄</instance>
         <wf lemma="は" pos="X">は</wf>
         <wf lemma="、" pos="X">、</wf>
         <wf lemma="善意" pos="X">善意</wf>
         <wf lemma="で" pos="X">で</wf>
         <wf lemma="敷き詰め" pos="X">敷き詰め</wf>
         <wf lemma="られ" pos="X">られ</wf>
         <wf lemma="て" pos="X">て</wf>
         <wf lemma="いる" pos="X">いる</wf>
         <wf lemma="−" pos="X">−</wf>
         <wf lemma="Dr" pos="X">Dr</wf>
         <wf lemma="." pos="X">.</wf>
         <wf lemma="ジョンソン" pos="X">ジョンソン</wf>
         <wf lemma="." pos="X">.</wf>
      </sentence>
      <sentence id="d000.s4194" source="wordnet-japanese">
         <wf lemma="耐え" pos="X">耐え</wf>
         <wf lemma="られ" pos="X">られ</wf>
         <wf lemma="ない" pos="X">ない</wf>
         <wf lemma="ほど" pos="X">ほど</wf>
         <instance id="d000.s4194.t000" lemma="貴重" pos="ADJ">貴重</instance>
         <wf lemma="な" pos="X">な</wf>
         <wf lemma="パフォーマンス" pos="X">パフォーマンス</wf>
         <wf lemma="." pos="X">.</wf>
      </sentence>
      <sentence id="d000.s4195" source="wordnet-japanese">
         <wf lemma="フィッシャー" pos="X">フィッシャー</wf>
         <wf lemma="は" pos="X">は</wf>
         <wf lemma="、" pos="X">、</wf>
         <wf lemma="スパーキー" pos="X">スパーキー</wf>
         <wf lemma="に" pos="X">に</wf>
         <wf lemma="対戦" pos="X">対戦</wf>
         <wf lemma="を" pos="X">を</wf>
         <instance id="d000.s4195.t000" lemma="挑む" pos="VERB">挑ん</instance>
         <wf lemma="だ" pos="X">だ</wf>
         <wf lemma="." pos="X">.</wf>
      </sentence>
      <sentence id="d000.s4196" source="wordnet-japanese">
         <wf lemma="実物" pos="X">実物</wf>
         <wf lemma="より" pos="X">より</wf>
         <instance id="d000.s4196.t000" lemma="大きい" pos="ADJ">大きい</instance>
         <wf lemma="規模" pos="X">規模</wf>
         <wf lemma="の" pos="X">の</wf>
         <wf lemma="." pos="X">.</wf>
      </sentence>
      <sentence id="d000.s4197" source="wordnet-japanese">
         <wf lemma="商取り引き" pos="X">商取り引き</wf>
         <wf lemma="の" pos="X">の</wf>
         <instance id="d000.s4197.t000" lemma="締結" pos="NOUN">締結</instance>
         <wf lemma="." pos="X">.</wf>
      </sentence>
      <sentence id="d000.s4198" source="wordnet-japanese">
         <wf lemma="我々" pos="X">我々</wf>
         <wf lemma="は" pos="X">は</wf>
         <wf lemma="、" pos="X">、</wf>
         <wf lemma="夜遅く" pos="X">夜遅く</wf>
         <wf lemma="まで" pos="X">まで</wf>
         <wf lemma="働き" pos="X">働き</wf>
         <instance id="d000.s4198.t000" lemma="続ける" pos="VERB">続け</instance>
         <wf lemma="た" pos="X">た</wf>
         <wf lemma="." pos="X">.</wf>
      </sentence>
      <sentence id="d000.s4199" source="wordnet-japanese">
         <wf lemma="彼" pos="X">彼</wf>
         <wf lemma="は" pos="X">は</wf>
         <wf lemma="オリンピック" pos="X">オリンピック</wf>
         <wf lemma="の" pos="X">の</wf>
         <instance id="d000.s4199.t000" lemma="泳者" pos="NOUN">泳者</instance>
         <wf lemma="だっ" pos="X">だっ</wf>
         <wf lemma="た" pos="X">た</wf>
         <wf lemma="." pos="X">.</wf>
      </sentence>
      <sentence id="d000.s4200" source="wordnet-japanese">
         <instance id="d000.s4200.t000" lemma="無類" pos="ADJ">無類</instance>
         <wf lemma="の" pos="X">の</wf>
         <wf lemma="明快" pos="X">明快</wf>
         <wf lemma="さ" pos="X">さ</wf>
         <wf lemma="で" pos="X">で</wf>
         <wf lemma="書い" pos="X">書い</wf>
         <wf lemma="た" pos="X">た</wf>
         <wf lemma="." pos="X">.</wf>
      </sentence>
      <sentence id="d000.s4201" source="wordnet-japanese">
         <wf lemma="彼" pos="X">彼</wf>
         <wf lemma="は" pos="X">は</wf>
         <wf lemma="いつも" pos="X">いつも</wf>
         <instance id="d000.s4201.t000" lemma="バス" pos="NOUN">バス</instance>
         <wf lemma="で" pos="X">で</wf>
         <wf lemma="仕事" pos="X">仕事</wf>
         <wf lemma="に" pos="X">に</wf>
         <wf lemma="出かける" pos="X">出かける</wf>
         <wf lemma="." pos="X">.</wf>
      </sentence>
      <sentence id="d000.s4202" source="wordnet-japanese">
         <wf lemma="私" pos="X">私</wf>
         <wf lemma="たち" pos="X">たち</wf>
         <wf lemma="の" pos="X">の</wf>
         <wf lemma="街区" pos="X">街区</wf>
         <wf lemma="の" pos="X">の</wf>
         <instance id="d000.s4202.t000" lemma="温厚" pos="ADJ">温厚</instance>
         <wf lemma="な" pos="X">な</wf>
         <wf lemma="警察官" pos="X">警察官</wf>
         <wf lemma="." pos="X">.</wf>
      </sentence>
      <sentence id="d000.s4203" source="wordnet-japanese">
         <wf lemma="雨" pos="X">雨</wf>
         <wf lemma="の" pos="X">の</wf>
         <instance id="d000.s4203.t000" lemma="激しい" pos="ADJ">激しい</instance>
         <wf lemma="大" pos="X">大</wf>
         <wf lemma="洪水" pos="X">洪水</wf>
         <wf lemma="." pos="X">.</wf>
      </sentence>
      <sentence id="d000.s4204" source="wordnet-japanese">
         <wf lemma="それ" pos="X">それ</wf>
         <wf lemma="に" pos="X">に</wf>
         <wf lemma="勝つ" pos="X">勝つ</wf>
         <wf lemma="という" pos="X">という</wf>
         <wf lemma="意志" pos="X">意志</wf>
         <wf lemma="の" pos="X">の</wf>
         <wf lemma="ない" pos="X">ない</wf>
         <wf lemma="あらゆる" pos="X">あらゆる</wf>
         <wf lemma="戦争" pos="X">戦争</wf>
         <wf lemma="に" pos="X">に</wf>
         <wf lemma="参加" pos="X">参加</wf>
         <wf lemma="する" pos="X">する</wf>
         <wf lemma="こと" pos="X">こと</wf>
         <wf lemma="は" pos="X">は</wf>
         <wf lemma="、" pos="X">、</wf>
         <instance id="d000.s4204.t000" lemma="致命的" pos="ADJ">致命的</instance>
         <wf lemma="で" pos="X">で</wf>
         <wf lemma="ある" pos="X">ある</wf>
         <wf lemma="−" pos="X">−</wf>
         <wf lemma="ダグラス" pos="X">ダグラス</wf>
         <wf lemma="・" pos="X">・</wf>
         <wf lemma="マッカーサー" pos="X">マッカーサー</wf>
         <wf lemma="." pos="X">.</wf>
      </sentence>
      <sentence id="d000.s4205" source="wordnet-japanese">
         <wf lemma="タッチダウン" pos="X">タッチダウン</wf>
         <wf lemma="は" pos="X">は</wf>
         <wf lemma="6" pos="X">6</wf>
         <instance id="d000.s4205.t000" lemma="点" pos="NOUN">点</instance>
         <wf lemma="." pos="X">.</wf>
      </sentence>
      <sentence id="d000.s4206" source="wordnet-japanese">
         <wf lemma="ホース" pos="X">ホース</wf>
         <wf lemma="は" pos="X">は</wf>
         <instance id="d000.s4206.t000" lemma="流水" pos="NOUN">流水</instance>
         <wf lemma="を" pos="X">を</wf>
         <wf lemma="放出" pos="X">放出</wf>
         <wf lemma="し" pos="X">し</wf>
         <wf lemma="た" pos="X">た</wf>
         <wf lemma="." pos="X">.</wf>
      </sentence>
      <sentence id="d000.s4207" source="wordnet-japanese">
         <instance id="d000.s4207.t000" lemma="おそらく" pos="ADV">おそらく</instance>
         <wf lemma="、" pos="X">、</wf>
         <wf lemma="私" pos="X">私</wf>
         <wf lemma="たち" pos="X">たち</wf>
         <wf lemma="は" pos="X">は</wf>
         <wf lemma="戦争" pos="X">戦争</wf>
         <wf lemma="に" pos="X">に</wf>
         <wf lemma="向かう" pos="X">向かう</wf>
         <wf lemma="." pos="X">.</wf>
      </sentence>
      <sentence id="d000.s4208" source="wordnet-japanese">
         <wf lemma="彼" pos="X">彼</wf>
         <wf lemma="が" pos="X">が</wf>
         <wf lemma="テキスト" pos="X">テキスト</wf>
         <wf lemma="の" pos="X">の</wf>
         <wf lemma="行" pos="X">行</wf>
         <wf lemma="を" pos="X">を</wf>
         <instance id="d000.s4208.t000" lemma="読みとばす" pos="VERB">読みとばし</instance>
         <wf lemma="た" pos="X">た</wf>
         <wf lemma="ので" pos="X">ので</wf>
         <wf lemma="、" pos="X">、</wf>
         <wf lemma="その" pos="X">その</wf>
         <wf lemma="文章" pos="X">文章</wf>
         <wf lemma="は" pos="X">は</wf>
         <wf lemma="不可解" pos="X">不可解</wf>
         <wf lemma="だっ" pos="X">だっ</wf>
         <wf lemma="た" pos="X">た</wf>
         <wf lemma="." pos="X">.</wf>
      </sentence>
      <sentence id="d000.s4209" source="wordnet-japanese">
         <instance id="d000.s4209.t000" lemma="倫理的" pos="ADJ">倫理的</instance>
         <wf lemma="な" pos="X">な</wf>
         <wf lemma="弁護士" pos="X">弁護士</wf>
         <wf lemma="." pos="X">.</wf>
      </sentence>
      <sentence id="d000.s4210" source="wordnet-japanese">
         <wf lemma="写真" pos="X">写真</wf>
         <wf lemma="フィルム" pos="X">フィルム</wf>
         <wf lemma="は" pos="X">は</wf>
         <wf lemma="、" pos="X">、</wf>
         <instance id="d000.s4210.t000" lemma="ホイル" pos="NOUN">ホイル</instance>
         <wf lemma="で" pos="X">で</wf>
         <wf lemma="包ま" pos="X">包ま</wf>
         <wf lemma="れ" pos="X">れ</wf>
         <wf lemma="た" pos="X">た</wf>
         <wf lemma="." pos="X">.</wf>
      </sentence>
      <sentence id="d000.s4211" source="wordnet-japanese">
         <wf lemma="精神" pos="X">精神</wf>
         <wf lemma="の" pos="X">の</wf>
         <instance id="d000.s4211.t000" lemma="醜い" pos="ADJ">醜い</instance>
         <wf lemma="状態" pos="X">状態</wf>
         <wf lemma="." pos="X">.</wf>
      </sentence>
      <sentence id="d000.s4212" source="wordnet-japanese">
         <instance id="d000.s4212.t000" lemma="魅力的" pos="ADJ">魅力的</instance>
         <wf lemma="な" pos="X">な</wf>
         <wf lemma="イラスト" pos="X">イラスト</wf>
         <wf lemma="が" pos="X">が</wf>
         <wf lemma="ある" pos="X">ある</wf>
         <wf lemma="本" pos="X">本</wf>
         <wf lemma="." pos="X">.</wf>
      </sentence>
      <sentence id="d000.s4213" source="wordnet-japanese">
         <wf lemma="料理" pos="X">料理</wf>
         <wf lemma="し" pos="X">し</wf>
         <wf lemma="ながら" pos="X">ながら</wf>
         <wf lemma="、" pos="X">、</wf>
         <wf lemma="彼女" pos="X">彼女</wf>
         <wf lemma="は" pos="X">は</wf>
         <instance id="d000.s4213.t000" lemma="歌う" pos="VERB">歌っ</instance>
         <wf lemma="て" pos="X">て</wf>
         <wf lemma="い" pos="X">い</wf>
         <wf lemma="た" pos="X">た</wf>
         <wf lemma="." pos="X">.</wf>
      </sentence>
      <sentence id="d000.s4214" source="wordnet-japanese">
         <wf lemma="関節炎" pos="X">関節炎</wf>
         <wf lemma="の" pos="X">の</wf>
         <wf lemma="ため" pos="X">ため</wf>
         <wf lemma="の" pos="X">の</wf>
         <instance id="d000.s4214.t000" lemma="特別" pos="ADJ">特別</instance>
         <wf lemma="な" pos="X">な</wf>
         <wf lemma="薬物" pos="X">薬物</wf>
         <wf lemma="." pos="X">.</wf>
      </sentence>
      <sentence id="d000.s4215" source="wordnet-japanese">
         <wf lemma="石炭" pos="X">石炭</wf>
         <wf lemma="の" pos="X">の</wf>
         <wf lemma="ように" pos="X">ように</wf>
         <instance id="d000.s4215.t000" lemma="黒い" pos="ADJ">黒い</instance>
         <wf lemma="." pos="X">.</wf>
      </sentence>
      <sentence id="d000.s4216" source="wordnet-japanese">
         <wf lemma="彼ら" pos="X">彼ら</wf>
         <wf lemma="は" pos="X">は</wf>
         <wf lemma="春" pos="X">春</wf>
         <wf lemma="の" pos="X">の</wf>
         <instance id="d000.s4216.t000" lemma="徴候" pos="NOUN">徴候</instance>
         <wf lemma="を" pos="X">を</wf>
         <wf lemma="歓迎" pos="X">歓迎</wf>
         <wf lemma="し" pos="X">し</wf>
         <wf lemma="た" pos="X">た</wf>
         <wf lemma="." pos="X">.</wf>
      </sentence>
      <sentence id="d000.s4217" source="wordnet-japanese">
         <instance id="d000.s4217.t000" lemma="突然" pos="ADV">突然</instance>
         <wf lemma="、" pos="X">、</wf>
         <wf lemma="彼" pos="X">彼</wf>
         <wf lemma="は" pos="X">は</wf>
         <wf lemma="叫び" pos="X">叫び</wf>
         <wf lemma="始め" pos="X">始め</wf>
         <wf lemma="た" pos="X">た</wf>
         <wf lemma="." pos="X">.</wf>
      </sentence>
      <sentence id="d000.s4218" source="wordnet-japanese">
         <instance id="d000.s4218.t000" lemma="巨大" pos="ADJ">巨大</instance>
         <wf lemma="な" pos="X">な</wf>
         <wf lemma="船" pos="X">船</wf>
         <wf lemma="." pos="X">.</wf>
      </sentence>
      <sentence id="d000.s4219" source="wordnet-japanese">
         <wf lemma="自分" pos="X">自分</wf>
         <wf lemma="で" pos="X">で</wf>
         <wf lemma="は" pos="X">は</wf>
         <wf lemma="なく" pos="X">なく</wf>
         <wf lemma="、" pos="X">、</wf>
         <wf lemma="他の" pos="X">他の</wf>
         <wf lemma="もの" pos="X">もの</wf>
         <wf lemma="に" pos="X">に</wf>
         <wf lemma="怒り" pos="X">怒り</wf>
         <wf lemma="を" pos="X">を</wf>
         <instance id="d000.s4219.t000" lemma="向ける" pos="VERB">向け</instance>
         <wf lemma="て" pos="X">て</wf>
         <wf lemma="ください" pos="X">ください</wf>
         <wf lemma="." pos="X">.</wf>
      </sentence>
      <sentence id="d000.s4220" source="wordnet-japanese">
         <instance id="d000.s4220.t000" lemma="暖かい" pos="ADJ">暖かい</instance>
         <wf lemma="抱擁" pos="X">抱擁</wf>
         <wf lemma="." pos="X">.</wf>
      </sentence>
      <sentence id="d000.s4221" source="wordnet-japanese">
         <wf lemma="彼" pos="X">彼</wf>
         <wf lemma="は" pos="X">は</wf>
         <instance id="d000.s4221.t000" lemma="小銭" pos="NOUN">小銭</instance>
         <wf lemma="を" pos="X">を</wf>
         <wf lemma="ポケット" pos="X">ポケット</wf>
         <wf lemma="いっぱい" pos="X">いっぱい</wf>
         <wf lemma="持っ" pos="X">持っ</wf>
         <wf lemma="て" pos="X">て</wf>
         <wf lemma="い" pos="X">い</wf>
         <wf lemma="た" pos="X">た</wf>
         <wf lemma="." pos="X">.</wf>
      </sentence>
      <sentence id="d000.s4222" source="wordnet-japanese">
         <wf lemma="彼" pos="X">彼</wf>
         <wf lemma="が" pos="X">が</wf>
         <wf lemma="嘘" pos="X">嘘</wf>
         <wf lemma="を" pos="X">を</wf>
         <wf lemma="つい" pos="X">つい</wf>
         <wf lemma="て" pos="X">て</wf>
         <wf lemma="いる" pos="X">いる</wf>
         <wf lemma="と" pos="X">と</wf>
         <wf lemma="思う" pos="X">思う</wf>
         <instance id="d000.s4222.t000" lemma="道理" pos="NOUN">道理</instance>
         <wf lemma="が" pos="X">が</wf>
         <wf lemma="ある" pos="X">ある</wf>
         <wf lemma="." pos="X">.</wf>
      </sentence>
      <sentence id="d000.s4223" source="wordnet-japanese">
         <wf lemma="その" pos="X">その</wf>
         <wf lemma="本" pos="X">本</wf>
         <wf lemma="の" pos="X">の</wf>
         <wf lemma="ため" pos="X">ため</wf>
         <wf lemma="の" pos="X">の</wf>
         <wf lemma="アイデア" pos="X">アイデア</wf>
         <wf lemma="は" pos="X">は</wf>
         <wf lemma="ある" pos="X">ある</wf>
         <wf lemma="短い物語" pos="X">短い物語</wf>
         <wf lemma="から" pos="X">から</wf>
         <instance id="d000.s4223.t000" lemma="生じる" pos="VERB">生じ</instance>
         <wf lemma="た" pos="X">た</wf>
         <wf lemma="." pos="X">.</wf>
      </sentence>
      <sentence id="d000.s4224" source="wordnet-japanese">
         <wf lemma="怒り" pos="X">怒り</wf>
         <wf lemma="は" pos="X">は</wf>
         <wf lemma="、" pos="X">、</wf>
         <wf lemma="そのよう" pos="X">そのよう</wf>
         <wf lemma="な" pos="X">な</wf>
         <instance id="d000.s4224.t000" lemma="無作法" pos="ADJ">無作法</instance>
         <wf lemma="な" pos="X">な</wf>
         <wf lemma="進入" pos="X">進入</wf>
         <wf lemma="で" pos="X">で</wf>
         <wf lemma="燃え上がっ" pos="X">燃え上がっ</wf>
         <wf lemma="た" pos="X">た</wf>
         <wf lemma="." pos="X">.</wf>
      </sentence>
      <sentence id="d000.s4225" source="wordnet-japanese">
         <wf lemma="私" pos="X">私</wf>
         <wf lemma="の" pos="X">の</wf>
         <instance id="d000.s4225.t000" lemma="運命" pos="NOUN">運命</instance>
         <wf lemma="が" pos="X">が</wf>
         <wf lemma="どう" pos="X">どう</wf>
         <wf lemma="であろ" pos="X">であろ</wf>
         <wf lemma="う" pos="X">う</wf>
         <wf lemma="とも." pos="X">とも.</wf>
      </sentence>
      <sentence id="d000.s4226" source="wordnet-japanese">
         <wf lemma="眼鏡" pos="X">眼鏡</wf>
         <wf lemma="を" pos="X">を</wf>
         <wf lemma="用い" pos="X">用い</wf>
         <wf lemma="た" pos="X">た</wf>
         <wf lemma="彼" pos="X">彼</wf>
         <wf lemma="の" pos="X">の</wf>
         <wf lemma="視力" pos="X">視力</wf>
         <wf lemma="の" pos="X">の</wf>
         <instance id="d000.s4226.t000" lemma="矯正" pos="NOUN">矯正</instance>
         <wf lemma="." pos="X">.</wf>
      </sentence>
      <sentence id="d000.s4227" source="wordnet-japanese">
         <wf lemma="打ち寄せる" pos="X">打ち寄せる</wf>
         <wf lemma="波" pos="X">波</wf>
         <wf lemma="の" pos="X">の</wf>
         <instance id="d000.s4227.t000" lemma="低い" pos="ADJ">低い</instance>
         <wf lemma="音" pos="X">音</wf>
         <wf lemma="の" pos="X">の</wf>
         <wf lemma="さざめき" pos="X">さざめき</wf>
         <wf lemma="." pos="X">.</wf>
      </sentence>
      <sentence id="d000.s4228" source="wordnet-japanese">
         <wf lemma="この" pos="X">この</wf>
         <wf lemma="レストラン" pos="X">レストラン</wf>
         <wf lemma="で" pos="X">で</wf>
         <wf lemma="は" pos="X">は</wf>
         <wf lemma="私" pos="X">私</wf>
         <wf lemma="は" pos="X">は</wf>
         <wf lemma="いつも" pos="X">いつも</wf>
         <wf lemma="肉" pos="X">肉</wf>
         <wf lemma="料理" pos="X">料理</wf>
         <wf lemma="より" pos="X">より</wf>
         <wf lemma="も" pos="X">も</wf>
         <wf lemma="魚料理" pos="X">魚料理</wf>
         <wf lemma="を" pos="X">を</wf>
         <instance id="d000.s4228.t000" lemma="選ぶ" pos="VERB">選ぶ</instance>
         <wf lemma="." pos="X">.</wf>
      </sentence>
      <sentence id="d000.s4229" source="wordnet-japanese">
         <wf lemma="彼" pos="X">彼</wf>
         <wf lemma="が" pos="X">が</wf>
         <wf lemma="勝っ" pos="X">勝っ</wf>
         <wf lemma="た" pos="X">た</wf>
         <wf lemma="とき" pos="X">とき</wf>
         <wf lemma="は" pos="X">は</wf>
         <wf lemma="、" pos="X">、</wf>
         <wf lemma="いつも" pos="X">いつも</wf>
         <wf lemma="私たち" pos="X">私たち</wf>
         <wf lemma="は" pos="X">は</wf>
         <wf lemma="彼" pos="X">彼</wf>
         <wf lemma="の" pos="X">の</wf>
         <instance id="d000.s4229.t000" lemma="自慢" pos="NOUN">自慢</instance>
         <wf lemma="話" pos="X">話</wf>
         <wf lemma="を" pos="X">を</wf>
         <wf lemma="聞かさ" pos="X">聞かさ</wf>
         <wf lemma="れ" pos="X">れ</wf>
         <wf lemma="た" pos="X">た</wf>
         <wf lemma="." pos="X">.</wf>
      </sentence>
      <sentence id="d000.s4230" source="wordnet-japanese">
         <wf lemma="布" pos="X">布</wf>
         <wf lemma="の" pos="X">の</wf>
         <wf lemma="その" pos="X">その</wf>
         <wf lemma="部分" pos="X">部分</wf>
         <wf lemma="を" pos="X">を</wf>
         <instance id="d000.s4230.t000" lemma="伸ばす" pos="VERB">伸ばす</instance>
         <wf lemma="." pos="X">.</wf>
      </sentence>
      <sentence id="d000.s4231" source="wordnet-japanese">
         <wf lemma="警察官" pos="X">警察官</wf>
         <wf lemma="は" pos="X">は</wf>
         <wf lemma="その" pos="X">その</wf>
         <wf lemma="暴行" pos="X">暴行</wf>
         <wf lemma="に関して" pos="X">に関して</wf>
         <wf lemma="かなり" pos="X">かなり</wf>
         <instance id="d000.s4231.t000" lemma="無神経" pos="ADV">無神経</instance>
         <wf lemma="に" pos="X">に</wf>
         <wf lemma="女性" pos="X">女性</wf>
         <wf lemma="に" pos="X">に</wf>
         <wf lemma="質問" pos="X">質問</wf>
         <wf lemma="し" pos="X">し</wf>
         <wf lemma="た" pos="X">た</wf>
         <wf lemma="." pos="X">.</wf>
      </sentence>
      <sentence id="d000.s4232" source="wordnet-japanese">
         <wf lemma="記念碑" pos="X">記念碑</wf>
         <wf lemma="は" pos="X">は</wf>
         <wf lemma="、" pos="X">、</wf>
         <wf lemma="水平" pos="X">水平</wf>
         <wf lemma="の" pos="X">の</wf>
         <wf lemma="平板" pos="X">平板</wf>
         <wf lemma="を" pos="X">を</wf>
         <wf lemma="支える" pos="X">支える</wf>
         <wf lemma="2" pos="X">2</wf>
         <wf lemma="本" pos="X">本</wf>
         <wf lemma="の" pos="X">の</wf>
         <instance id="d000.s4232.t000" lemma="垂直" pos="ADJ">垂直</instance>
         <wf lemma="な" pos="X">な</wf>
         <wf lemma="柱" pos="X">柱</wf>
         <wf lemma="から" pos="X">から</wf>
         <wf lemma="成っ" pos="X">成っ</wf>
         <wf lemma="て" pos="X">て</wf>
         <wf lemma="いる" pos="X">いる</wf>
         <wf lemma="." pos="X">.</wf>
      </sentence>
      <sentence id="d000.s4233" source="wordnet-japanese">
         <wf lemma="ギリシア" pos="X">ギリシア</wf>
         <wf lemma="語" pos="X">語</wf>
         <wf lemma="の" pos="X">の</wf>
         <wf lemma="アルファベット" pos="X">アルファベット</wf>
         <wf lemma="は" pos="X">は</wf>
         <wf lemma="24" pos="X">24</wf>
         <instance id="d000.s4233.t000" lemma="文字" pos="NOUN">文字</instance>
         <wf lemma="ある" pos="X">ある</wf>
         <wf lemma="." pos="X">.</wf>
      </sentence>
      <sentence id="d000.s4234" source="wordnet-japanese">
         <wf lemma="彼" pos="X">彼</wf>
         <wf lemma="は" pos="X">は</wf>
         <wf lemma="、" pos="X">、</wf>
         <wf lemma="熱い" pos="X">熱い</wf>
         <wf lemma="蝋" pos="X">蝋</wf>
         <wf lemma="の" pos="X">の</wf>
         <wf lemma="シール" pos="X">シール</wf>
         <wf lemma="について" pos="X">について</wf>
         <wf lemma="の" pos="X">の</wf>
         <instance id="d000.s4234.t000" lemma="印象" pos="NOUN">印象</instance>
         <wf lemma="を" pos="X">を</wf>
         <wf lemma="見" pos="X">見</wf>
         <wf lemma="た" pos="X">た</wf>
         <wf lemma="." pos="X">.</wf>
      </sentence>
      <sentence id="d000.s4235" source="wordnet-japanese">
         <wf lemma="テネシー" pos="X">テネシー</wf>
         <wf lemma="峡谷" pos="X">峡谷</wf>
         <wf lemma="開発" pos="X">開発</wf>
         <instance id="d000.s4235.t000" lemma="公社" pos="NOUN">公社</instance>
         <wf lemma="." pos="X">.</wf>
      </sentence>
      <sentence id="d000.s4236" source="wordnet-japanese">
         <wf lemma="彼" pos="X">彼</wf>
         <wf lemma="の" pos="X">の</wf>
         <instance id="d000.s4236.t000" lemma="保証金" pos="NOUN">保証金</instance>
         <wf lemma="は" pos="X">は</wf>
         <wf lemma="車" pos="X">車</wf>
         <wf lemma="を" pos="X">を</wf>
         <wf lemma="返し" pos="X">返し</wf>
         <wf lemma="た" pos="X">た</wf>
         <wf lemma="とき" pos="X">とき</wf>
         <wf lemma="に" pos="X">に</wf>
         <wf lemma="戻さ" pos="X">戻さ</wf>
         <wf lemma="れ" pos="X">れ</wf>
         <wf lemma="た" pos="X">た</wf>
         <wf lemma="." pos="X">.</wf>
      </sentence>
      <sentence id="d000.s4237" source="wordnet-japanese">
         <wf lemma="ここ" pos="X">ここ</wf>
         <wf lemma="は" pos="X">は</wf>
         <wf lemma="ピクニック" pos="X">ピクニック</wf>
         <wf lemma="に" pos="X">に</wf>
         <wf lemma="いい" pos="X">いい</wf>
         <instance id="d000.s4237.t000" lemma="場所" pos="NOUN">場所</instance>
         <wf lemma="だ" pos="X">だ</wf>
         <wf lemma="." pos="X">.</wf>
      </sentence>
      <sentence id="d000.s4238" source="wordnet-japanese">
         <instance id="d000.s4238.t000" lemma="普通法" pos="NOUN">普通法</instance>
         <wf lemma="は" pos="X">は</wf>
         <wf lemma="イングランド" pos="X">イングランド</wf>
         <wf lemma="の" pos="X">の</wf>
         <wf lemma="慣習法" pos="X">慣習法</wf>
         <wf lemma="から" pos="X">から</wf>
         <wf lemma="始まり" pos="X">始まり</wf>
         <wf lemma="、" pos="X">、</wf>
         <wf lemma="後" pos="X">後</wf>
         <wf lemma="に" pos="X">に</wf>
         <wf lemma="米国" pos="X">米国</wf>
         <wf lemma="で" pos="X">で</wf>
         <wf lemma="適用" pos="X">適用</wf>
         <wf lemma="さ" pos="X">さ</wf>
         <wf lemma="れ" pos="X">れ</wf>
         <wf lemma="た" pos="X">た</wf>
         <wf lemma="." pos="X">.</wf>
      </sentence>
      <sentence id="d000.s4239" source="wordnet-japanese">
         <wf lemma="彼女" pos="X">彼女</wf>
         <wf lemma="の" pos="X">の</wf>
         <wf lemma="心" pos="X">心</wf>
         <wf lemma="は" pos="X">は</wf>
         <instance id="d000.s4239.t000" lemma="沸き立つ" pos="VERB">沸き立つ</instance>
         <wf lemma="." pos="X">.</wf>
      </sentence>
      <sentence id="d000.s4240" source="wordnet-japanese">
         <instance id="d000.s4240.t000" lemma="明快" pos="ADJ">明快</instance>
         <wf lemma="な" pos="X">な</wf>
         <wf lemma="スタイル" pos="X">スタイル</wf>
         <wf lemma="で" pos="X">で</wf>
         <wf lemma="書く" pos="X">書く</wf>
         <wf lemma="." pos="X">.</wf>
      </sentence>
      <sentence id="d000.s4241" source="wordnet-japanese">
         <instance id="d000.s4241.t000" lemma="女らしい" pos="ADJ">女らしい</instance>
         <wf lemma="終り" pos="X">終り</wf>
         <wf lemma="." pos="X">.</wf>
      </sentence>
      <sentence id="d000.s4242" source="wordnet-japanese">
         <wf lemma="3" pos="X">3</wf>
         <wf lemma="本" pos="X">本</wf>
         <wf lemma="の" pos="X">の</wf>
         <instance id="d000.s4242.t000" lemma="バー" pos="NOUN">バー</instance>
         <wf lemma="付き" pos="X">付き</wf>
         <wf lemma="の" pos="X">の</wf>
         <wf lemma="電気" pos="X">電気</wf>
         <wf lemma="ヒーター" pos="X">ヒーター</wf>
         <wf lemma="." pos="X">.</wf>
      </sentence>
      <sentence id="d000.s4243" source="wordnet-japanese">
         <wf lemma="犯罪" pos="X">犯罪</wf>
         <wf lemma="…" pos="X">…</wf>
         <wf lemma="そして" pos="X">そして</wf>
         <wf lemma="、" pos="X">、</wf>
         <wf lemma="他の" pos="X">他の</wf>
         <instance id="d000.s4243.t000" lemma="反社会的" pos="ADJ">反社会的</instance>
         <wf lemma="行動" pos="X">行動</wf>
         <wf lemma="." pos="X">.</wf>
      </sentence>
      <sentence id="d000.s4244" source="wordnet-japanese">
         <wf lemma="あなた" pos="X">あなた</wf>
         <wf lemma="の" pos="X">の</wf>
         <wf lemma="話" pos="X">話</wf>
         <wf lemma="は" pos="X">は</wf>
         <wf lemma="どの" pos="X">どの</wf>
         <wf lemma="よう" pos="X">よう</wf>
         <wf lemma="に" pos="X">に</wf>
         <instance id="d000.s4244.t000" lemma="行く" pos="VERB">行き</instance>
         <wf lemma="まし" pos="X">まし</wf>
         <wf lemma="た" pos="X">た</wf>
         <wf lemma="か" pos="X">か</wf>
         <wf lemma="？" pos="X">？</wf>
         <wf lemma="." pos="X">.</wf>
      </sentence>
      <sentence id="d000.s4245" source="wordnet-japanese">
         <wf lemma="彼" pos="X">彼</wf>
         <wf lemma="は" pos="X">は</wf>
         <wf lemma="滞在" pos="X">滞在</wf>
         <wf lemma="する" pos="X">する</wf>
         <wf lemma="ため" pos="X">ため</wf>
         <wf lemma="の" pos="X">の</wf>
         <instance id="d000.s4245.t000" lemma="言いわけ" pos="NOUN">言いわけ</instance>
         <wf lemma="を" pos="X">を</wf>
         <wf lemma="いつも" pos="X">いつも</wf>
         <wf lemma="探し" pos="X">探し</wf>
         <wf lemma="て" pos="X">て</wf>
         <wf lemma="いる" pos="X">いる</wf>
         <wf lemma="." pos="X">.</wf>
      </sentence>
      <sentence id="d000.s4246" source="wordnet-japanese">
         <wf lemma="社会学者" pos="X">社会学者</wf>
         <wf lemma="たち" pos="X">たち</wf>
         <wf lemma="は" pos="X">は</wf>
         <wf lemma="家族" pos="X">家族</wf>
         <wf lemma="の" pos="X">の</wf>
         <instance id="d000.s4246.t000" lemma="構造" pos="NOUN">構造</instance>
         <wf lemma="の" pos="X">の</wf>
         <wf lemma="変化" pos="X">変化</wf>
         <wf lemma="を" pos="X">を</wf>
         <wf lemma="研究" pos="X">研究</wf>
         <wf lemma="し" pos="X">し</wf>
         <wf lemma="て" pos="X">て</wf>
         <wf lemma="き" pos="X">き</wf>
         <wf lemma="た" pos="X">た</wf>
         <wf lemma="." pos="X">.</wf>
      </sentence>
      <sentence id="d000.s4247" source="wordnet-japanese">
         <wf lemma="彼" pos="X">彼</wf>
         <wf lemma="は" pos="X">は</wf>
         <wf lemma="絵" pos="X">絵</wf>
         <wf lemma="を" pos="X">を</wf>
         <wf lemma="描く" pos="X">描く</wf>
         <wf lemma="こと" pos="X">こと</wf>
         <wf lemma="を" pos="X">を</wf>
         <wf lemma="、" pos="X">、</wf>
         <wf lemma="暇" pos="X">暇</wf>
         <wf lemma="な" pos="X">な</wf>
         <wf lemma="時間" pos="X">時間</wf>
         <wf lemma="を" pos="X">を</wf>
         <wf lemma="つぶす" pos="X">つぶす</wf>
         <instance id="d000.s4247.t000" lemma="遊び" pos="NOUN">遊び</instance>
         <wf lemma="だ" pos="X">だ</wf>
         <wf lemma="と" pos="X">と</wf>
         <wf lemma="考え" pos="X">考え</wf>
         <wf lemma="て" pos="X">て</wf>
         <wf lemma="い" pos="X">い</wf>
         <wf lemma="た" pos="X">た</wf>
         <wf lemma="." pos="X">.</wf>
      </sentence>
      <sentence id="d000.s4248" source="wordnet-japanese">
         <instance id="d000.s4248.t000" lemma="煩わしい" pos="ADJ">煩わしい</instance>
         <wf lemma="ブヨ" pos="X">ブヨ</wf>
         <wf lemma="の" pos="X">の</wf>
         <wf lemma="大群" pos="X">大群</wf>
         <wf lemma="." pos="X">.</wf>
      </sentence>
      <sentence id="d000.s4249" source="wordnet-japanese">
         <wf lemma="ゲーム" pos="X">ゲーム</wf>
         <wf lemma="に" pos="X">に</wf>
         <instance id="d000.s4249.t000" lemma="勝つ" pos="VERB">勝つ</instance>
         <wf lemma="." pos="X">.</wf>
      </sentence>
      <sentence id="d000.s4250" source="wordnet-japanese">
         <wf lemma="発展" pos="X">発展</wf>
         <wf lemma="は" pos="X">は</wf>
         <wf lemma="列挙" pos="X">列挙</wf>
         <wf lemma="さ" pos="X">さ</wf>
         <wf lemma="れ" pos="X">れ</wf>
         <wf lemma="た" pos="X">た</wf>
         <wf lemma="品目" pos="X">品目</wf>
         <wf lemma="の" pos="X">の</wf>
         <instance id="d000.s4250.t000" lemma="重さ" pos="NOUN">重さ</instance>
         <wf lemma="の" pos="X">の</wf>
         <wf lemma="増大" pos="X">増大</wf>
         <wf lemma="を" pos="X">を</wf>
         <wf lemma="暗示" pos="X">暗示</wf>
         <wf lemma="し" pos="X">し</wf>
         <wf lemma="て" pos="X">て</wf>
         <wf lemma="い" pos="X">い</wf>
         <wf lemma="た" pos="X">た</wf>
         <wf lemma="." pos="X">.</wf>
      </sentence>
      <sentence id="d000.s4251" source="wordnet-japanese">
         <wf lemma="その" pos="X">その</wf>
         <wf lemma="日" pos="X">日</wf>
         <wf lemma="彼女" pos="X">彼女</wf>
         <wf lemma="は" pos="X">は</wf>
         <wf lemma="29" pos="X">29</wf>
         <wf lemma="点" pos="X">点</wf>
         <wf lemma="を" pos="X">を</wf>
         <instance id="d000.s4251.t000" lemma="取る" pos="VERB">取っ</instance>
         <wf lemma="た" pos="X">た</wf>
         <wf lemma="." pos="X">.</wf>
      </sentence>
      <sentence id="d000.s4252" source="wordnet-japanese">
         <instance id="d000.s4252.t000" lemma="けたたましい" pos="ADJ">けたたましい</instance>
         <wf lemma="ターコイズ" pos="X">ターコイズ</wf>
         <wf lemma="." pos="X">.</wf>
      </sentence>
      <sentence id="d000.s4253" source="wordnet-japanese">
         <wf lemma="彼" pos="X">彼</wf>
         <wf lemma="は" pos="X">は</wf>
         <wf lemma="最終的" pos="X">最終的</wf>
         <wf lemma="に" pos="X">に</wf>
         <instance id="d000.s4253.t000" lemma="落ち着く" pos="VERB">落ち着い</instance>
         <wf lemma="た" pos="X">た</wf>
         <wf lemma="." pos="X">.</wf>
      </sentence>
      <sentence id="d000.s4254" source="wordnet-japanese">
         <wf lemma="ある" pos="X">ある</wf>
         <wf lemma="考え" pos="X">考え</wf>
         <wf lemma="を" pos="X">を</wf>
         <instance id="d000.s4254.t000" lemma="抱く" pos="VERB">抱く</instance>
         <wf lemma="." pos="X">.</wf>
      </sentence>
      <sentence id="d000.s4255" source="wordnet-japanese">
         <wf lemma="高圧線" pos="X">高圧線</wf>
         <wf lemma="用" pos="X">用</wf>
         <wf lemma="の" pos="X">の</wf>
         <instance id="d000.s4255.t000" lemma="鉄塔" pos="NOUN">鉄塔</instance>
         <wf lemma="は" pos="X">は</wf>
         <wf lemma="、" pos="X">、</wf>
         <wf lemma="テロリスト" pos="X">テロリスト</wf>
         <wf lemma="の" pos="X">の</wf>
         <wf lemma="格好" pos="X">格好</wf>
         <wf lemma="の" pos="X">の</wf>
         <wf lemma="標的" pos="X">標的</wf>
         <wf lemma="である" pos="X">である</wf>
         <wf lemma="." pos="X">.</wf>
      </sentence>
      <sentence id="d000.s4256" source="wordnet-japanese">
         <wf lemma="我々" pos="X">我々</wf>
         <wf lemma="は" pos="X">は</wf>
         <wf lemma="、" pos="X">、</wf>
         <wf lemma="彼ら" pos="X">彼ら</wf>
         <wf lemma="を" pos="X">を</wf>
         <instance id="d000.s4256.t000" lemma="よく" pos="ADV">よく</instance>
         <wf lemma="知っ" pos="X">知っ</wf>
         <wf lemma="て" pos="X">て</wf>
         <wf lemma="い" pos="X">い</wf>
         <wf lemma="た" pos="X">た</wf>
         <wf lemma="." pos="X">.</wf>
      </sentence>
      <sentence id="d000.s4257" source="wordnet-japanese">
         <instance id="d000.s4257.t000" lemma="浅い" pos="ADJ">浅い</instance>
         <wf lemma="水" pos="X">水</wf>
         <wf lemma="." pos="X">.</wf>
      </sentence>
      <sentence id="d000.s4258" source="wordnet-japanese">
         <wf lemma="私" pos="X">私</wf>
         <wf lemma="たち" pos="X">たち</wf>
         <wf lemma="は" pos="X">は</wf>
         <wf lemma="大佐" pos="X">大佐</wf>
         <wf lemma="の" pos="X">の</wf>
         <instance id="d000.s4258.t000" lemma="復位" pos="NOUN">復位</instance>
         <wf lemma="を" pos="X">を</wf>
         <wf lemma="主張" pos="X">主張</wf>
         <wf lemma="し" pos="X">し</wf>
         <wf lemma="た" pos="X">た</wf>
         <wf lemma="." pos="X">.</wf>
      </sentence>
      <sentence id="d000.s4259" source="wordnet-japanese">
         <wf lemma="今やっと" pos="X">今やっと</wf>
         <instance id="d000.s4259.t000" lemma="分かる" pos="VERB">分かっ</instance>
         <wf lemma="た" pos="X">た</wf>
         <wf lemma="！" pos="X">！</wf>
         <wf lemma="." pos="X">.</wf>
      </sentence>
      <sentence id="d000.s4260" source="wordnet-japanese">
         <wf lemma="私" pos="X">私</wf>
         <wf lemma="の" pos="X">の</wf>
         <instance id="d000.s4260.t000" lemma="意見" pos="NOUN">意見</instance>
         <wf lemma="は" pos="X">は</wf>
         <wf lemma="君" pos="X">君</wf>
         <wf lemma="と" pos="X">と</wf>
         <wf lemma="は" pos="X">は</wf>
         <wf lemma="違う" pos="X">違う</wf>
         <wf lemma="." pos="X">.</wf>
      </sentence>
      <sentence id="d000.s4261" source="wordnet-japanese">
         <wf lemma="彼" pos="X">彼</wf>
         <wf lemma="も" pos="X">も</wf>
         <wf lemma="、" pos="X">、</wf>
         <wf lemma="彼女" pos="X">彼女</wf>
         <wf lemma="も" pos="X">も</wf>
         <wf lemma="、" pos="X">、</wf>
         <instance id="d000.s4261.t000" lemma="冷静" pos="NOUN">冷静</instance>
         <wf lemma="に" pos="X">に</wf>
         <wf lemma="彼ら" pos="X">彼ら</wf>
         <wf lemma="の" pos="X">の</wf>
         <wf lemma="問題" pos="X">問題</wf>
         <wf lemma="を" pos="X">を</wf>
         <wf lemma="受け止め" pos="X">受け止め</wf>
         <wf lemma="た" pos="X">た</wf>
         <wf lemma="." pos="X">.</wf>
      </sentence>
      <sentence id="d000.s4262" source="wordnet-japanese">
         <wf lemma="代理店" pos="X">代理店</wf>
         <wf lemma="は" pos="X">は</wf>
         <wf lemma="、" pos="X">、</wf>
         <wf lemma="数人" pos="X">数人</wf>
         <wf lemma="の" pos="X">の</wf>
         <wf lemma="顧客" pos="X">顧客</wf>
         <wf lemma="を" pos="X">を</wf>
         <instance id="d000.s4262.t000" lemma="引き入れる" pos="VERB">引き入れ</instance>
         <wf lemma="た" pos="X">た</wf>
         <wf lemma="." pos="X">.</wf>
      </sentence>
      <sentence id="d000.s4263" source="wordnet-japanese">
         <wf lemma="あなた" pos="X">あなた</wf>
         <wf lemma="は" pos="X">は</wf>
         <wf lemma="その" pos="X">その</wf>
         <wf lemma="木" pos="X">木</wf>
         <wf lemma="に" pos="X">に</wf>
         <wf lemma="いる" pos="X">いる</wf>
         <wf lemma="鳥" pos="X">鳥</wf>
         <wf lemma="が" pos="X">が</wf>
         <instance id="d000.s4263.t000" lemma="見る" pos="VERB">見</instance>
         <wf lemma="え" pos="X">え</wf>
         <wf lemma="ます" pos="X">ます</wf>
         <wf lemma="か" pos="X">か</wf>
         <wf lemma="？" pos="X">？</wf>
         <wf lemma="." pos="X">.</wf>
      </sentence>
      <sentence id="d000.s4264" source="wordnet-japanese">
         <wf lemma="冬" pos="X">冬</wf>
         <wf lemma="は" pos="X">は</wf>
         <instance id="d000.s4264.t000" lemma="ついに" pos="ADV">ついに</instance>
         <wf lemma="終わっ" pos="X">終わっ</wf>
         <wf lemma="た" pos="X">た</wf>
         <wf lemma="." pos="X">.</wf>
      </sentence>
      <sentence id="d000.s4265" source="wordnet-japanese">
         <wf lemma="彼女" pos="X">彼女</wf>
         <wf lemma="は" pos="X">は</wf>
         <wf lemma="政治家" pos="X">政治家</wf>
         <wf lemma="を" pos="X">を</wf>
         <wf lemma="ひどく" pos="X">ひどく</wf>
         <instance id="d000.s4265.t000" lemma="嫌う" pos="VERB">嫌う</instance>
         <wf lemma="." pos="X">.</wf>
      </sentence>
      <sentence id="d000.s4266" source="wordnet-japanese">
         <instance id="d000.s4266.t000" lemma="不適当" pos="ADJ">不適当</instance>
         <wf lemma="な" pos="X">な</wf>
         <wf lemma="薬物" pos="X">薬物</wf>
         <wf lemma="治療" pos="X">治療</wf>
         <wf lemma="." pos="X">.</wf>
      </sentence>
      <sentence id="d000.s4267" source="wordnet-japanese">
         <instance id="d000.s4267.t000" lemma="のんき" pos="ADJ">のんき</instance>
         <wf lemma="で" pos="X">で</wf>
         <wf lemma="温厚" pos="X">温厚</wf>
         <wf lemma="な" pos="X">な</wf>
         <wf lemma="態度" pos="X">態度</wf>
         <wf lemma="." pos="X">.</wf>
      </sentence>
      <sentence id="d000.s4268" source="wordnet-japanese">
         <wf lemma="彼女" pos="X">彼女</wf>
         <wf lemma="は" pos="X">は</wf>
         <wf lemma="私より" pos="X">私より</wf>
         <wf lemma="2" pos="X">2</wf>
         <wf lemma="つ" pos="X">つ</wf>
         <instance id="d000.s4268.t000" lemma="年下" pos="NOUN">年下</instance>
         <wf lemma="だ" pos="X">だ</wf>
         <wf lemma="." pos="X">.</wf>
      </sentence>
      <sentence id="d000.s4269" source="wordnet-japanese">
         <wf lemma="電話" pos="X">電話</wf>
         <wf lemma="が" pos="X">が</wf>
         <wf lemma="何回" pos="X">何回</wf>
         <wf lemma="も" pos="X">も</wf>
         <wf lemma="鳴っ" pos="X">鳴っ</wf>
         <wf lemma="た" pos="X">た</wf>
         <wf lemma="ので" pos="X">ので</wf>
         <wf lemma="、" pos="X">、</wf>
         <wf lemma="私たち" pos="X">私たち</wf>
         <wf lemma="は" pos="X">は</wf>
         <wf lemma="、" pos="X">、</wf>
         <wf lemma="午後" pos="X">午後</wf>
         <wf lemma="10" pos="X">10</wf>
         <wf lemma="時" pos="X">時</wf>
         <wf lemma="に" pos="X">に</wf>
         <wf lemma="初めて" pos="X">初めて</wf>
         <instance id="d000.s4269.t000" lemma="食べる" pos="VERB">食べ</instance>
         <wf lemma="た" pos="X">た</wf>
         <wf lemma="." pos="X">.</wf>
      </sentence>
      <sentence id="d000.s4270" source="wordnet-japanese">
         <wf lemma="彼" pos="X">彼</wf>
         <wf lemma="は" pos="X">は</wf>
         <wf lemma="いつも" pos="X">いつも</wf>
         <wf lemma="「" pos="X">「</wf>
         <wf lemma="サー" pos="X">サー</wf>
         <wf lemma="」" pos="X">」</wf>
         <wf lemma="とつけ" pos="X">とつけ</wf>
         <wf lemma="て" pos="X">て</wf>
         <wf lemma="私" pos="X">私</wf>
         <wf lemma="を" pos="X">を</wf>
         <instance id="d000.s4270.t000" lemma="呼ぶ" pos="VERB">呼ぶ</instance>
         <wf lemma="." pos="X">.</wf>
      </sentence>
      <sentence id="d000.s4271" source="wordnet-japanese">
         <wf lemma="実験" pos="X">実験</wf>
         <wf lemma="動物" pos="X">動物</wf>
         <wf lemma="の" pos="X">の</wf>
         <wf lemma="多く" pos="X">多く</wf>
         <wf lemma="は" pos="X">は</wf>
         <wf lemma="特徴" pos="X">特徴</wf>
         <wf lemma="を" pos="X">を</wf>
         <instance id="d000.s4271.t000" lemma="表す" pos="VERB">表す</instance>
         <wf lemma="." pos="X">.</wf>
      </sentence>
      <sentence id="d000.s4272" source="wordnet-japanese">
         <instance id="d000.s4272.t000" lemma="特別" pos="ADV">特別</instance>
         <wf lemma="に" pos="X">に</wf>
         <wf lemma="準備" pos="X">準備</wf>
         <wf lemma="さ" pos="X">さ</wf>
         <wf lemma="れ" pos="X">れ</wf>
         <wf lemma="た" pos="X">た</wf>
         <wf lemma="夕食" pos="X">夕食</wf>
         <wf lemma="." pos="X">.</wf>
      </sentence>
      <sentence id="d000.s4273" source="wordnet-japanese">
         <wf lemma="ノーベル" pos="X">ノーベル</wf>
         <wf lemma="賞" pos="X">賞</wf>
         <wf lemma="は" pos="X">は</wf>
         <instance id="d000.s4273.t000" lemma="ストックホルム" pos="NOUN">ストックホルム</instance>
         <wf lemma="で" pos="X">で</wf>
         <wf lemma="授与" pos="X">授与</wf>
         <wf lemma="さ" pos="X">さ</wf>
         <wf lemma="れる" pos="X">れる</wf>
         <wf lemma="." pos="X">.</wf>
      </sentence>
      <sentence id="d000.s4274" source="wordnet-japanese">
         <wf lemma="彼女" pos="X">彼女</wf>
         <wf lemma="は" pos="X">は</wf>
         <wf lemma="、" pos="X">、</wf>
         <wf lemma="女子店員" pos="X">女子店員</wf>
         <wf lemma="が" pos="X">が</wf>
         <wf lemma="彼女" pos="X">彼女</wf>
         <wf lemma="に" pos="X">に</wf>
         <wf lemma="見せ" pos="X">見せ</wf>
         <wf lemma="た" pos="X">た</wf>
         <wf lemma="かなり" pos="X">かなり</wf>
         <wf lemma="たくさん" pos="X">たくさん</wf>
         <wf lemma="の" pos="X">の</wf>
         <wf lemma="中" pos="X">中</wf>
         <wf lemma="から" pos="X">から</wf>
         <wf lemma="、" pos="X">、</wf>
         <wf lemma="一対" pos="X">一対</wf>
         <wf lemma="の" pos="X">の</wf>
         <wf lemma="靴" pos="X">靴</wf>
         <wf lemma="を" pos="X">を</wf>
         <instance id="d000.s4274.t000" lemma="選ぶ" pos="VERB">選ん</instance>
         <wf lemma="だ" pos="X">だ</wf>
         <wf lemma="." pos="X">.</wf>
      </sentence>
      <sentence id="d000.s4275" source="wordnet-japanese">
         <wf lemma="ベッド" pos="X">ベッド</wf>
         <wf lemma="に" pos="X">に</wf>
         <wf lemma="患者" pos="X">患者</wf>
         <wf lemma="を" pos="X">を</wf>
         <wf lemma="慎重" pos="X">慎重</wf>
         <wf lemma="に" pos="X">に</wf>
         <instance id="d000.s4275.t000" lemma="横たえる" pos="VERB">横たえ</instance>
         <wf lemma="て" pos="X">て</wf>
         <wf lemma="ください" pos="X">ください</wf>
         <wf lemma="." pos="X">.</wf>
      </sentence>
      <sentence id="d000.s4276" source="wordnet-japanese">
         <wf lemma="染色体" pos="X">染色体</wf>
         <wf lemma="は" pos="X">は</wf>
         <wf lemma="特有" pos="X">特有</wf>
         <wf lemma="の" pos="X">の</wf>
         <instance id="d000.s4276.t000" lemma="縞" pos="NOUN">縞</instance>
         <wf lemma="を" pos="X">を</wf>
         <wf lemma="見せ" pos="X">見せ</wf>
         <wf lemma="て" pos="X">て</wf>
         <wf lemma="いる" pos="X">いる</wf>
         <wf lemma="." pos="X">.</wf>
      </sentence>
      <sentence id="d000.s4277" source="wordnet-japanese">
         <wf lemma="この" pos="X">この</wf>
         <wf lemma="薬" pos="X">薬</wf>
         <wf lemma="は" pos="X">は</wf>
         <wf lemma="、" pos="X">、</wf>
         <wf lemma="出血" pos="X">出血</wf>
         <wf lemma="を" pos="X">を</wf>
         <instance id="d000.s4277.t000" lemma="抑える" pos="VERB">抑える</instance>
         <wf lemma="こと" pos="X">こと</wf>
         <wf lemma="が" pos="X">が</wf>
         <wf lemma="できる" pos="X">できる</wf>
         <wf lemma="." pos="X">.</wf>
      </sentence>
      <sentence id="d000.s4278" source="wordnet-japanese">
         <wf lemma="授業" pos="X">授業</wf>
         <wf lemma="の" pos="X">の</wf>
         <wf lemma="間" pos="X">間</wf>
         <wf lemma="の" pos="X">の</wf>
         <instance id="d000.s4278.t000" lemma="自由" pos="ADJ">自由</instance>
         <wf lemma="時間" pos="X">時間</wf>
         <wf lemma="." pos="X">.</wf>
      </sentence>
      <sentence id="d000.s4279" source="wordnet-japanese">
         <wf lemma="アメリカ" pos="X">アメリカ</wf>
         <wf lemma="人" pos="X">人</wf>
         <wf lemma="の" pos="X">の</wf>
         <wf lemma="平均" pos="X">平均</wf>
         <wf lemma="..." pos="X">...</wf>
         <wf lemma="彼" pos="X">彼</wf>
         <wf lemma="または" pos="X">または</wf>
         <wf lemma="彼女" pos="X">彼女</wf>
         <wf lemma="の" pos="X">の</wf>
         <wf lemma="状況" pos="X">状況</wf>
         <wf lemma="が" pos="X">が</wf>
         <wf lemma="、" pos="X">、</wf>
         <wf lemma="個人" pos="X">個人</wf>
         <wf lemma="、" pos="X">、</wf>
         <wf lemma="経済" pos="X">経済</wf>
         <wf lemma="、" pos="X">、</wf>
         <wf lemma="政府" pos="X">政府</wf>
         <wf lemma="の" pos="X">の</wf>
         <wf lemma="作用" pos="X">作用</wf>
         <wf lemma="の" pos="X">の</wf>
         <wf lemma="複合体" pos="X">複合体</wf>
         <wf lemma="の" pos="X">の</wf>
         <wf lemma="結果" pos="X">結果</wf>
         <wf lemma="である" pos="X">である</wf>
         <wf lemma="こと" pos="X">こと</wf>
         <wf lemma="に" pos="X">に</wf>
         <instance id="d000.s4279.t000" lemma="無関心" pos="ADJ">無関心</instance>
         <wf lemma="である" pos="X">である</wf>
         <wf lemma="..." pos="X">...</wf>
         <wf lemma="行政" pos="X">行政</wf>
         <wf lemma="措置" pos="X">措置</wf>
         <wf lemma="が" pos="X">が</wf>
         <wf lemma="通常" pos="X">通常</wf>
         <wf lemma="の" pos="X">の</wf>
         <wf lemma="市民" pos="X">市民</wf>
         <wf lemma="の" pos="X">の</wf>
         <wf lemma="理解力" pos="X">理解力</wf>
         <wf lemma="と" pos="X">と</wf>
         <wf lemma="支配" pos="X">支配</wf>
         <wf lemma="を" pos="X">を</wf>
         <wf lemma="越え" pos="X">越え</wf>
         <wf lemma="て" pos="X">て</wf>
         <wf lemma="いる" pos="X">いる</wf>
         <wf lemma="." pos="X">.</wf>
      </sentence>
      <sentence id="d000.s4280" source="wordnet-japanese">
         <wf lemma="彼女" pos="X">彼女</wf>
         <wf lemma="は" pos="X">は</wf>
         <wf lemma="、" pos="X">、</wf>
         <wf lemma="いくつか" pos="X">いくつか</wf>
         <wf lemma="の" pos="X">の</wf>
         <wf lemma="卵" pos="X">卵</wf>
         <wf lemma="の" pos="X">の</wf>
         <instance id="d000.s4280.t000" lemma="白身" pos="NOUN">白身</instance>
         <wf lemma="を" pos="X">を</wf>
         <wf lemma="黄身" pos="X">黄身</wf>
         <wf lemma="と" pos="X">と</wf>
         <wf lemma="分け" pos="X">分け</wf>
         <wf lemma="た" pos="X">た</wf>
         <wf lemma="." pos="X">.</wf>
      </sentence>
      <sentence id="d000.s4281" source="wordnet-japanese">
         <wf lemma="彼" pos="X">彼</wf>
         <wf lemma="は" pos="X">は</wf>
         <wf lemma="、" pos="X">、</wf>
         <wf lemma="要求" pos="X">要求</wf>
         <wf lemma="を" pos="X">を</wf>
         <instance id="d000.s4281.t000" lemma="押し通す" pos="VERB">押し通し</instance>
         <wf lemma="た" pos="X">た</wf>
         <wf lemma="た." pos="X">た.</wf>
      </sentence>
      <sentence id="d000.s4282" source="wordnet-japanese">
         <wf lemma="運動" pos="X">運動</wf>
         <wf lemma="により" pos="X">により</wf>
         <instance id="d000.s4282.t000" lemma="健全" pos="ADJ">健全</instance>
         <wf lemma="な" pos="X">な</wf>
         <wf lemma="食欲" pos="X">食欲</wf>
         <wf lemma="が" pos="X">が</wf>
         <wf lemma="生まれる" pos="X">生まれる</wf>
         <wf lemma="." pos="X">.</wf>
      </sentence>
      <sentence id="d000.s4283" source="wordnet-japanese">
         <wf lemma="2" pos="X">2</wf>
         <wf lemma="つ" pos="X">つ</wf>
         <wf lemma="の" pos="X">の</wf>
         <wf lemma="ソファー" pos="X">ソファー</wf>
         <wf lemma="は" pos="X">は</wf>
         <wf lemma="互いに" pos="X">互いに</wf>
         <instance id="d000.s4283.t000" lemma="向き合う" pos="VERB">向き合っ</instance>
         <wf lemma="て" pos="X">て</wf>
         <wf lemma="いる" pos="X">いる</wf>
         <wf lemma="." pos="X">.</wf>
      </sentence>
      <sentence id="d000.s4284" source="wordnet-japanese">
         <wf lemma="邪魔" pos="X">邪魔</wf>
         <wf lemma="を" pos="X">を</wf>
         <wf lemma="し" pos="X">し</wf>
         <wf lemma="ない" pos="X">ない</wf>
         <wf lemma="で" pos="X">で</wf>
         <wf lemma="ほしい" pos="X">ほしい</wf>
         <wf lemma="、" pos="X">、</wf>
         <instance id="d000.s4284.t000" lemma="男の子" pos="NOUN">男の子</instance>
         <wf lemma="." pos="X">.</wf>
      </sentence>
      <sentence id="d000.s4285" source="wordnet-japanese">
         <wf lemma="課税" pos="X">課税</wf>
         <wf lemma="における" pos="X">における</wf>
         <wf lemma="これら" pos="X">これら</wf>
         <wf lemma="の" pos="X">の</wf>
         <instance id="d000.s4285.t000" lemma="変化" pos="NOUN">変化</instance>
         <wf lemma="は" pos="X">は</wf>
         <wf lemma="誰" pos="X">誰</wf>
         <wf lemma="に" pos="X">に</wf>
         <wf lemma="責任" pos="X">責任</wf>
         <wf lemma="が" pos="X">が</wf>
         <wf lemma="ある" pos="X">ある</wf>
         <wf lemma="の" pos="X">の</wf>
         <wf lemma="だろ" pos="X">だろ</wf>
         <wf lemma="う" pos="X">う</wf>
         <wf lemma="か" pos="X">か</wf>
         <wf lemma="？" pos="X">？</wf>
         <wf lemma="." pos="X">.</wf>
      </sentence>
      <sentence id="d000.s4286" source="wordnet-japanese">
         <instance id="d000.s4286.t000" lemma="柔らかい" pos="ADJ">柔らかい</instance>
         <wf lemma="牛肉" pos="X">牛肉</wf>
         <wf lemma="." pos="X">.</wf>
      </sentence>
      <sentence id="d000.s4287" source="wordnet-japanese">
         <wf lemma="決定" pos="X">決定</wf>
         <wf lemma="を" pos="X">を</wf>
         <instance id="d000.s4287.t000" lemma="行う" pos="VERB">行う</instance>
         <wf lemma="." pos="X">.</wf>
      </sentence>
      <sentence id="d000.s4288" source="wordnet-japanese">
         <wf lemma="彼" pos="X">彼</wf>
         <wf lemma="は" pos="X">は</wf>
         <instance id="d000.s4288.t000" lemma="バー" pos="NOUN">バー</instance>
         <wf lemma="で" pos="X">で</wf>
         <wf lemma="ウイスキー" pos="X">ウイスキー</wf>
         <wf lemma="で" pos="X">で</wf>
         <wf lemma="悲しみ" pos="X">悲しみ</wf>
         <wf lemma="を" pos="X">を</wf>
         <wf lemma="紛ら" pos="X">紛ら</wf>
         <wf lemma="し" pos="X">し</wf>
         <wf lemma="た" pos="X">た</wf>
         <wf lemma="." pos="X">.</wf>
      </sentence>
      <sentence id="d000.s4289" source="wordnet-japanese">
         <wf lemma="メキシカン" pos="X">メキシカン</wf>
         <wf lemma="ヘアレス" pos="X">ヘアレス</wf>
         <wf lemma="は" pos="X">は</wf>
         <wf lemma="フォックステリア" pos="X">フォックステリア</wf>
         <wf lemma="と" pos="X">と</wf>
         <wf lemma="同じ" pos="X">同じ</wf>
         <wf lemma="くらい" pos="X">くらい</wf>
         <wf lemma="の" pos="X">の</wf>
         <wf lemma="大きさ" pos="X">大きさ</wf>
         <wf lemma="で" pos="X">で</wf>
         <wf lemma="、" pos="X">、</wf>
         <wf lemma="頭" pos="X">頭</wf>
         <wf lemma="と" pos="X">と</wf>
         <wf lemma="尾" pos="X">尾</wf>
         <wf lemma="の" pos="X">の</wf>
         <wf lemma="茂み" pos="X">茂み</wf>
         <wf lemma="を" pos="X">を</wf>
         <wf lemma="除い" pos="X">除い</wf>
         <wf lemma="て" pos="X">て</wf>
         <instance id="d000.s4289.t000" lemma="無毛" pos="ADJ">無毛</instance>
         <wf lemma="である" pos="X">である</wf>
         <wf lemma="." pos="X">.</wf>
      </sentence>
      <sentence id="d000.s4290" source="wordnet-japanese">
         <instance id="d000.s4290.t000" lemma="穏やか" pos="ADJ">穏やか</instance>
         <wf lemma="な" pos="X">な</wf>
         <wf lemma="平和主義" pos="X">平和主義</wf>
         <wf lemma="の" pos="X">の</wf>
         <wf lemma="人" pos="X">人</wf>
         <wf lemma="たち" pos="X">たち</wf>
         <wf lemma="." pos="X">.</wf>
      </sentence>
      <sentence id="d000.s4291" source="wordnet-japanese">
         <wf lemma="壁" pos="X">壁</wf>
         <wf lemma="と" pos="X">と</wf>
         <instance id="d000.s4291.t000" lemma="同じ" pos="ADJ">同じ</instance>
         <wf lemma="色" pos="X">色</wf>
         <wf lemma="の" pos="X">の</wf>
         <wf lemma="カーテン" pos="X">カーテン</wf>
         <wf lemma="を" pos="X">を</wf>
         <wf lemma="張る" pos="X">張る</wf>
         <wf lemma="." pos="X">.</wf>
      </sentence>
      <sentence id="d000.s4292" source="wordnet-japanese">
         <wf lemma="会議" pos="X">会議</wf>
         <wf lemma="の" pos="X">の</wf>
         <wf lemma="ため" pos="X">ため</wf>
         <wf lemma="の" pos="X">の</wf>
         <wf lemma="かなり" pos="X">かなり</wf>
         <wf lemma="の" pos="X">の</wf>
         <instance id="d000.s4292.t000" lemma="人出" pos="NOUN">人出</instance>
         <wf lemma="." pos="X">.</wf>
      </sentence>
      <sentence id="d000.s4293" source="wordnet-japanese">
         <instance id="d000.s4293.t000" lemma="確か" pos="ADJ">確か</instance>
         <wf lemma="な" pos="X">な</wf>
         <wf lemma="足" pos="X">足</wf>
         <wf lemma="がかり" pos="X">がかり</wf>
         <wf lemma="." pos="X">.</wf>
      </sentence>
      <sentence id="d000.s4294" source="wordnet-japanese">
         <wf lemma="植物学" pos="X">植物学</wf>
         <wf lemma="で" pos="X">で</wf>
         <wf lemma="は" pos="X">は</wf>
         <wf lemma="、" pos="X">、</wf>
         <instance id="d000.s4294.t000" lemma="変種" pos="NOUN">変種</instance>
         <wf lemma="は" pos="X">は</wf>
         <wf lemma="高い" pos="X">高い</wf>
         <wf lemma="頻度" pos="X">頻度</wf>
         <wf lemma="で" pos="X">で</wf>
         <wf lemma="認め" pos="X">認め</wf>
         <wf lemma="られ" pos="X">られ</wf>
         <wf lemma="て" pos="X">て</wf>
         <wf lemma="いる" pos="X">いる</wf>
         <wf lemma="." pos="X">.</wf>
      </sentence>
      <sentence id="d000.s4295" source="wordnet-japanese">
         <instance id="d000.s4295.t000" lemma="木製" pos="ADJ">木製</instance>
         <wf lemma="の" pos="X">の</wf>
         <wf lemma="車輪" pos="X">車輪</wf>
         <wf lemma="の" pos="X">の</wf>
         <wf lemma="つい" pos="X">つい</wf>
         <wf lemma="た" pos="X">た</wf>
         <wf lemma="古代" pos="X">古代</wf>
         <wf lemma="の" pos="X">の</wf>
         <wf lemma="カート" pos="X">カート</wf>
         <wf lemma="." pos="X">.</wf>
      </sentence>
      <sentence id="d000.s4296" source="wordnet-japanese">
         <instance id="d000.s4296.t000" lemma="プログラム" pos="NOUN">プログラム</instance>
         <wf lemma="は" pos="X">は</wf>
         <wf lemma="数" pos="X">数</wf>
         <wf lemma="百" pos="X">百</wf>
         <wf lemma="行" pos="X">行</wf>
         <wf lemma="の" pos="X">の</wf>
         <wf lemma="コード" pos="X">コード</wf>
         <wf lemma="を" pos="X">を</wf>
         <wf lemma="必要" pos="X">必要</wf>
         <wf lemma="と" pos="X">と</wf>
         <wf lemma="し" pos="X">し</wf>
         <wf lemma="た" pos="X">た</wf>
         <wf lemma="." pos="X">.</wf>
      </sentence>
      <sentence id="d000.s4297" source="wordnet-japanese">
         <wf lemma="赤ん坊" pos="X">赤ん坊</wf>
         <wf lemma="は" pos="X">は</wf>
         <instance id="d000.s4297.t000" lemma="女の子" pos="NOUN">女の子</instance>
         <wf lemma="だっ" pos="X">だっ</wf>
         <wf lemma="た" pos="X">た</wf>
         <wf lemma="." pos="X">.</wf>
      </sentence>
      <sentence id="d000.s4298" source="wordnet-japanese">
         <instance id="d000.s4298.t000" lemma="目立つ" pos="ADJ">目立っ</instance>
         <wf lemma="た" pos="X">た</wf>
         <wf lemma="ネクタイ" pos="X">ネクタイ</wf>
         <wf lemma="を" pos="X">を</wf>
         <wf lemma="身" pos="X">身</wf>
         <wf lemma="に" pos="X">に</wf>
         <wf lemma="着け" pos="X">着け</wf>
         <wf lemma="て" pos="X">て</wf>
         <wf lemma="い" pos="X">い</wf>
         <wf lemma="た" pos="X">た</wf>
         <wf lemma="." pos="X">.</wf>
      </sentence>
      <sentence id="d000.s4299" source="wordnet-japanese">
         <instance id="d000.s4299.t000" lemma="さらに" pos="ADV">さらに</instance>
         <wf lemma="、" pos="X">、</wf>
         <wf lemma="もっと" pos="X">もっと</wf>
         <wf lemma="興味深い" pos="X">興味深い</wf>
         <wf lemma="問題" pos="X">問題</wf>
         <wf lemma="." pos="X">.</wf>
      </sentence>
      <sentence id="d000.s4300" source="wordnet-japanese">
         <wf lemma="金" pos="X">金</wf>
         <wf lemma="の" pos="X">の</wf>
         <instance id="d000.s4300.t000" lemma="不足" pos="NOUN">不足</instance>
         <wf lemma="は" pos="X">は</wf>
         <wf lemma="なかっ" pos="X">なかっ</wf>
         <wf lemma="た" pos="X">た</wf>
         <wf lemma="." pos="X">.</wf>
      </sentence>
      <sentence id="d000.s4301" source="wordnet-japanese">
         <wf lemma="私たち" pos="X">私たち</wf>
         <wf lemma="が" pos="X">が</wf>
         <wf lemma="年" pos="X">年</wf>
         <wf lemma="を" pos="X">を</wf>
         <wf lemma="取っ" pos="X">取っ</wf>
         <wf lemma="て" pos="X">て</wf>
         <wf lemma="髪" pos="X">髪</wf>
         <wf lemma="が" pos="X">が</wf>
         <wf lemma="白く" pos="X">白く</wf>
         <wf lemma="なっ" pos="X">なっ</wf>
         <wf lemma="て" pos="X">て</wf>
         <wf lemma="も" pos="X">も</wf>
         <wf lemma="、" pos="X">、</wf>
         <wf lemma="あなた" pos="X">あなた</wf>
         <wf lemma="は" pos="X">は</wf>
         <wf lemma="私" pos="X">私</wf>
         <wf lemma="を" pos="X">を</wf>
         <instance id="d000.s4301.t000" lemma="まだ" pos="ADV">まだ</instance>
         <wf lemma="愛し" pos="X">愛し</wf>
         <wf lemma="て" pos="X">て</wf>
         <wf lemma="い" pos="X">い</wf>
         <wf lemma="ます" pos="X">ます</wf>
         <wf lemma="か" pos="X">か</wf>
         <wf lemma="？" pos="X">？</wf>
         <wf lemma="." pos="X">.</wf>
      </sentence>
      <sentence id="d000.s4302" source="wordnet-japanese">
         <wf lemma="土" pos="X">土</wf>
         <wf lemma="を" pos="X">を</wf>
         <instance id="d000.s4302.t000" lemma="かき回す" pos="VERB">かき回す</instance>
         <wf lemma="." pos="X">.</wf>
      </sentence>
      <sentence id="d000.s4303" source="wordnet-japanese">
         <wf lemma="金庫" pos="X">金庫</wf>
         <wf lemma="の" pos="X">の</wf>
         <wf lemma="番号" pos="X">番号</wf>
         <wf lemma="の" pos="X">の</wf>
         <wf lemma="組み合わせ" pos="X">組み合わせ</wf>
         <wf lemma="数" pos="X">数</wf>
         <wf lemma="字" pos="X">字</wf>
         <wf lemma="は" pos="X">は</wf>
         <instance id="d000.s4303.t000" lemma="秘密" pos="NOUN">秘密</instance>
         <wf lemma="だっ" pos="X">だっ</wf>
         <wf lemma="た" pos="X">た</wf>
         <wf lemma="." pos="X">.</wf>
      </sentence>
      <sentence id="d000.s4304" source="wordnet-japanese">
         <wf lemma="彼" pos="X">彼</wf>
         <wf lemma="は" pos="X">は</wf>
         <wf lemma="速い" pos="X">速い</wf>
         <instance id="d000.s4304.t000" lemma="ペース" pos="NOUN">ペース</instance>
         <wf lemma="で" pos="X">で</wf>
         <wf lemma="生活" pos="X">生活</wf>
         <wf lemma="し" pos="X">し</wf>
         <wf lemma="て" pos="X">て</wf>
         <wf lemma="い" pos="X">い</wf>
         <wf lemma="た" pos="X">た</wf>
         <wf lemma="." pos="X">.</wf>
      </sentence>
      <sentence id="d000.s4305" source="wordnet-japanese">
         <wf lemma="これ" pos="X">これ</wf>
         <wf lemma="を" pos="X">を</wf>
         <instance id="d000.s4305.t000" lemma="見る" pos="VERB">見</instance>
         <wf lemma="て" pos="X">て</wf>
         <wf lemma="ください" pos="X">ください</wf>
         <wf lemma="！" pos="X">！</wf>
         <wf lemma="." pos="X">.</wf>
      </sentence>
      <sentence id="d000.s4306" source="wordnet-japanese">
         <wf lemma="私" pos="X">私</wf>
         <wf lemma="は" pos="X">は</wf>
         <wf lemma="おばあさん" pos="X">おばあさん</wf>
         <wf lemma="の" pos="X">の</wf>
         <wf lemma="レシピ" pos="X">レシピ</wf>
         <wf lemma="を" pos="X">を</wf>
         <wf lemma="おおいに" pos="X">おおいに</wf>
         <instance id="d000.s4306.t000" lemma="頼る" pos="VERB">頼る</instance>
         <wf lemma="." pos="X">.</wf>
      </sentence>
      <sentence id="d000.s4307" source="wordnet-japanese">
         <wf lemma="時間" pos="X">時間</wf>
         <wf lemma="は" pos="X">は</wf>
         <instance id="d000.s4307.t000" lemma="無限" pos="ADJ">無限</instance>
         <wf lemma="である" pos="X">である</wf>
         <wf lemma="." pos="X">.</wf>
      </sentence>
      <sentence id="d000.s4308" source="wordnet-japanese">
         <wf lemma="何" pos="X">何</wf>
         <wf lemma="の" pos="X">の</wf>
         <instance id="d000.s4308.t000" lemma="効用" pos="NOUN">効用</instance>
         <wf lemma="も" pos="X">も</wf>
         <wf lemma="ない" pos="X">ない</wf>
         <wf lemma="." pos="X">.</wf>
      </sentence>
      <sentence id="d000.s4309" source="wordnet-japanese">
         <wf lemma="彼" pos="X">彼</wf>
         <wf lemma="は" pos="X">は</wf>
         <wf lemma="その" pos="X">その</wf>
         <instance id="d000.s4309.t000" lemma="主題" pos="NOUN">主題</instance>
         <wf lemma="を" pos="X">を</wf>
         <wf lemma="議論" pos="X">議論</wf>
         <wf lemma="し" pos="X">し</wf>
         <wf lemma="たく" pos="X">たく</wf>
         <wf lemma="なかっ" pos="X">なかっ</wf>
         <wf lemma="た" pos="X">た</wf>
         <wf lemma="." pos="X">.</wf>
      </sentence>
      <sentence id="d000.s4310" source="wordnet-japanese">
         <wf lemma="文明" pos="X">文明</wf>
         <wf lemma="は" pos="X">は</wf>
         <wf lemma="、" pos="X">、</wf>
         <instance id="d000.s4310.t000" lemma="法律" pos="NOUN">法律</instance>
         <wf lemma="の" pos="X">の</wf>
         <wf lemma="尊重" pos="X">尊重</wf>
         <wf lemma="を" pos="X">を</wf>
         <wf lemma="前提" pos="X">前提</wf>
         <wf lemma="と" pos="X">と</wf>
         <wf lemma="する" pos="X">する</wf>
         <wf lemma="." pos="X">.</wf>
      </sentence>
      <sentence id="d000.s4311" source="wordnet-japanese">
         <wf lemma="仕事" pos="X">仕事</wf>
         <wf lemma="で" pos="X">で</wf>
         <wf lemma="は" pos="X">は</wf>
         <wf lemma="なく" pos="X">なく</wf>
         <wf lemma="、" pos="X">、</wf>
         <instance id="d000.s4311.t000" lemma="心配" pos="NOUN">心配</instance>
         <wf lemma="ごと" pos="X">ごと</wf>
         <wf lemma="が" pos="X">が</wf>
         <wf lemma="私" pos="X">私</wf>
         <wf lemma="を" pos="X">を</wf>
         <wf lemma="ダメ" pos="X">ダメ</wf>
         <wf lemma="に" pos="X">に</wf>
         <wf lemma="する" pos="X">する</wf>
         <wf lemma="." pos="X">.</wf>
      </sentence>
      <sentence id="d000.s4312" source="wordnet-japanese">
         <wf lemma="フランス" pos="X">フランス</wf>
         <wf lemma="語" pos="X">語</wf>
         <wf lemma="の" pos="X">の</wf>
         <instance id="d000.s4312.t000" lemma="ネイティブスピーカー" pos="NOUN">ネイティブスピーカー</instance>
         <wf lemma="." pos="X">.</wf>
      </sentence>
      <sentence id="d000.s4313" source="wordnet-japanese">
         <instance id="d000.s4313.t000" lemma="淡い" pos="ADJ">淡い</instance>
         <wf lemma="海緑" pos="X">海緑</wf>
         <wf lemma="色" pos="X">色</wf>
         <wf lemma="." pos="X">.</wf>
      </sentence>
      <sentence id="d000.s4314" source="wordnet-japanese">
         <wf lemma="圧倒的" pos="X">圧倒的</wf>
         <wf lemma="な" pos="X">な</wf>
         <instance id="d000.s4314.t000" lemma="勝利" pos="NOUN">勝利</instance>
         <wf lemma="." pos="X">.</wf>
      </sentence>
      <sentence id="d000.s4315" source="wordnet-japanese">
         <wf lemma="彼ら" pos="X">彼ら</wf>
         <wf lemma="は" pos="X">は</wf>
         <wf lemma="西" pos="X">西</wf>
         <wf lemma="へ" pos="X">へ</wf>
         <wf lemma="進む" pos="X">進む</wf>
         <instance id="d000.s4315.t000" lemma="貿易風" pos="NOUN">貿易風</instance>
         <wf lemma="に" pos="X">に</wf>
         <wf lemma="乗っ" pos="X">乗っ</wf>
         <wf lemma="た" pos="X">た</wf>
         <wf lemma="." pos="X">.</wf>
      </sentence>
      <sentence id="d000.s4316" source="wordnet-japanese">
         <wf lemma="私" pos="X">私</wf>
         <wf lemma="は" pos="X">は</wf>
         <wf lemma="顧客" pos="X">顧客</wf>
         <wf lemma="に" pos="X">に</wf>
         <wf lemma="手袋" pos="X">手袋</wf>
         <wf lemma="の" pos="X">の</wf>
         <wf lemma="セクション" pos="X">セクション</wf>
         <wf lemma="を" pos="X">を</wf>
         <instance id="d000.s4316.t000" lemma="見せる" pos="VERB">見せ</instance>
         <wf lemma="た" pos="X">た</wf>
         <wf lemma="." pos="X">.</wf>
      </sentence>
      <sentence id="d000.s4317" source="wordnet-japanese">
         <wf lemma="金" pos="X">金</wf>
         <wf lemma="は" pos="X">は</wf>
         <wf lemma="ラスベガス" pos="X">ラスベガス</wf>
         <wf lemma="で" pos="X">で</wf>
         <instance id="d000.s4317.t000" lemma="消える" pos="VERB">消え</instance>
         <wf lemma="た" pos="X">た</wf>
         <wf lemma="." pos="X">.</wf>
      </sentence>
      <sentence id="d000.s4318" source="wordnet-japanese">
         <wf lemma="家系" pos="X">家系</wf>
         <wf lemma="の" pos="X">の</wf>
         <instance id="d000.s4318.t000" lemma="追跡" pos="NOUN">追跡</instance>
         <wf lemma="." pos="X">.</wf>
      </sentence>
      <sentence id="d000.s4319" source="wordnet-japanese">
         <wf lemma="その" pos="X">その</wf>
         <wf lemma="生徒" pos="X">生徒</wf>
         <wf lemma="は" pos="X">は</wf>
         <instance id="d000.s4319.t000" lemma="生意気" pos="ADJ">生意気</instance>
         <wf lemma="な" pos="X">な</wf>
         <wf lemma="ふるまい" pos="X">ふるまい</wf>
         <wf lemma="により" pos="X">により</wf>
         <wf lemma="拘束" pos="X">拘束</wf>
         <wf lemma="さ" pos="X">さ</wf>
         <wf lemma="れ" pos="X">れ</wf>
         <wf lemma="た" pos="X">た</wf>
         <wf lemma="." pos="X">.</wf>
      </sentence>
      <sentence id="d000.s4320" source="wordnet-japanese">
         <wf lemma="彼ら" pos="X">彼ら</wf>
         <wf lemma="は" pos="X">は</wf>
         <wf lemma="山" pos="X">山</wf>
         <wf lemma="の" pos="X">の</wf>
         <wf lemma="頂上" pos="X">頂上</wf>
         <wf lemma="まで" pos="X">まで</wf>
         <instance id="d000.s4320.t000" lemma="ケーブルカー" pos="NOUN">ケーブルカー</instance>
         <wf lemma="で" pos="X">で</wf>
         <wf lemma="行っ" pos="X">行っ</wf>
         <wf lemma="た" pos="X">た</wf>
         <wf lemma="." pos="X">.</wf>
      </sentence>
      <sentence id="d000.s4321" source="wordnet-japanese">
         <wf lemma="所望" pos="X">所望</wf>
         <wf lemma="の" pos="X">の</wf>
         <wf lemma="速度" pos="X">速度</wf>
         <wf lemma="に" pos="X">に</wf>
         <wf lemma="達し" pos="X">達し</wf>
         <wf lemma="た" pos="X">た</wf>
         <wf lemma="のち" pos="X">のち</wf>
         <wf lemma="、" pos="X">、</wf>
         <instance id="d000.s4321.t000" lemma="駆動力" pos="NOUN">駆動力</instance>
         <wf lemma="は" pos="X">は</wf>
         <wf lemma="断ち切ら" pos="X">断ち切ら</wf>
         <wf lemma="れる" pos="X">れる</wf>
         <wf lemma="." pos="X">.</wf>
      </sentence>
      <sentence id="d000.s4322" source="wordnet-japanese">
         <wf lemma="現金" pos="X">現金</wf>
         <wf lemma="出納係" pos="X">出納係</wf>
         <wf lemma="は" pos="X">は</wf>
         <wf lemma="、" pos="X">、</wf>
         <instance id="d000.s4322.t000" lemma="裏書き" pos="NOUN">裏書き</instance>
         <wf lemma="なく" pos="X">なく</wf>
         <wf lemma="小切手" pos="X">小切手</wf>
         <wf lemma="を" pos="X">を</wf>
         <wf lemma="現金化" pos="X">現金化</wf>
         <wf lemma="し" pos="X">し</wf>
         <wf lemma="ない" pos="X">ない</wf>
         <wf lemma="." pos="X">.</wf>
      </sentence>
      <sentence id="d000.s4323" source="wordnet-japanese">
         <wf lemma="アンドリーナス" pos="X">アンドリーナス</wf>
         <wf lemma="の" pos="X">の</wf>
         <instance id="d000.s4323.t000" lemma="出現" pos="NOUN">出現</instance>
         <wf lemma="と" pos="X">と</wf>
         <wf lemma="柳" pos="X">柳</wf>
         <wf lemma="の" pos="X">の</wf>
         <wf lemma="尾状" pos="X">尾状</wf>
         <wf lemma="花" pos="X">花</wf>
         <wf lemma="の" pos="X">の</wf>
         <wf lemma="開花" pos="X">開花</wf>
         <wf lemma="は" pos="X">は</wf>
         <wf lemma="1" pos="X">1</wf>
         <wf lemma="日" pos="X">日</wf>
         <wf lemma="と" pos="X">と</wf>
         <wf lemma="違わ" pos="X">違わ</wf>
         <wf lemma="ない" pos="X">ない</wf>
         <wf lemma="." pos="X">.</wf>
      </sentence>
      <sentence id="d000.s4324" source="wordnet-japanese">
         <wf lemma="人生" pos="X">人生</wf>
         <wf lemma="へ" pos="X">へ</wf>
         <wf lemma="の" pos="X">の</wf>
         <instance id="d000.s4324.t000" lemma="精神的" pos="ADJ">精神的</instance>
         <wf lemma="取り" pos="X">取り</wf>
         <wf lemma="組方" pos="X">組方</wf>
         <wf lemma="." pos="X">.</wf>
      </sentence>
      <sentence id="d000.s4325" source="wordnet-japanese">
         <instance id="d000.s4325.t000" lemma="終端" pos="ADJ">終端</instance>
         <wf lemma="の" pos="X">の</wf>
         <wf lemma="支払い" pos="X">支払い</wf>
         <wf lemma="." pos="X">.</wf>
      </sentence>
      <sentence id="d000.s4326" source="wordnet-japanese">
         <instance id="d000.s4326.t000" lemma="汚い" pos="ADJ">汚い</instance>
         <wf lemma="政治" pos="X">政治</wf>
         <wf lemma="キャンペーン" pos="X">キャンペーン</wf>
         <wf lemma="." pos="X">.</wf>
      </sentence>
      <sentence id="d000.s4327" source="wordnet-japanese">
         <wf lemma="教師" pos="X">教師</wf>
         <wf lemma="の" pos="X">の</wf>
         <instance id="d000.s4327.t000" lemma="役目" pos="NOUN">役目</instance>
         <wf lemma="." pos="X">.</wf>
      </sentence>
      <sentence id="d000.s4328" source="wordnet-japanese">
         <wf lemma="彼女" pos="X">彼女</wf>
         <wf lemma="は" pos="X">は</wf>
         <wf lemma="あらゆる" pos="X">あらゆる</wf>
         <wf lemma="最も" pos="X">最も</wf>
         <wf lemma="希少" pos="X">希少</wf>
         <wf lemma="な" pos="X">な</wf>
         <instance id="d000.s4328.t000" lemma="宝石" pos="NOUN">宝石</instance>
         <wf lemma="で" pos="X">で</wf>
         <wf lemma="作ら" pos="X">作ら</wf>
         <wf lemma="れ" pos="X">れ</wf>
         <wf lemma="た" pos="X">た</wf>
         <wf lemma="宝飾品" pos="X">宝飾品</wf>
         <wf lemma="を" pos="X">を</wf>
         <wf lemma="持っ" pos="X">持っ</wf>
         <wf lemma="て" pos="X">て</wf>
         <wf lemma="い" pos="X">い</wf>
         <wf lemma="た" pos="X">た</wf>
         <wf lemma="." pos="X">.</wf>
      </sentence>
      <sentence id="d000.s4329" source="wordnet-japanese">
         <wf lemma="不幸" pos="X">不幸</wf>
         <wf lemma="に" pos="X">に</wf>
         <wf lemma="も" pos="X">も</wf>
         <wf lemma="何" pos="X">何</wf>
         <wf lemma="人" pos="X">人</wf>
         <wf lemma="か" pos="X">か</wf>
         <wf lemma="の" pos="X">の</wf>
         <wf lemma="作家" pos="X">作家</wf>
         <wf lemma="は" pos="X">は</wf>
         <wf lemma="平方" pos="X">平方</wf>
         <wf lemma="センチ" pos="X">センチ</wf>
         <wf lemma="あたり" pos="X">あたり</wf>
         <wf lemma="1" pos="X">1</wf>
         <wf lemma="ダイン" pos="X">ダイン</wf>
         <wf lemma="の" pos="X">の</wf>
         <instance id="d000.s4329.t000" lemma="バー" pos="NOUN">バー</instance>
         <wf lemma="を" pos="X">を</wf>
         <wf lemma="使用" pos="X">使用</wf>
         <wf lemma="し" pos="X">し</wf>
         <wf lemma="た" pos="X">た</wf>
         <wf lemma="." pos="X">.</wf>
      </sentence>
      <sentence id="d000.s4330" source="wordnet-japanese">
         <wf lemma="不公平" pos="X">不公平</wf>
         <wf lemma="さ" pos="X">さ</wf>
         <wf lemma="を" pos="X">を</wf>
         <wf lemma="糾弾" pos="X">糾弾</wf>
         <wf lemma="し" pos="X">し</wf>
         <wf lemma="て" pos="X">て</wf>
         <wf lemma="話す" pos="X">話す</wf>
         <wf lemma="こと" pos="X">こと</wf>
         <wf lemma="を" pos="X">を</wf>
         <wf lemma="決定" pos="X">決定</wf>
         <wf lemma="し" pos="X">し</wf>
         <wf lemma="た" pos="X">た</wf>
         <instance id="d000.s4330.t000" lemma="良心的" pos="ADJ">良心的</instance>
         <wf lemma="な" pos="X">な</wf>
         <wf lemma="決断" pos="X">決断</wf>
         <wf lemma="." pos="X">.</wf>
      </sentence>
      <sentence id="d000.s4331" source="wordnet-japanese">
         <wf lemma="2" pos="X">2</wf>
         <wf lemma="と" pos="X">と</wf>
         <wf lemma="3" pos="X">3</wf>
         <wf lemma="の" pos="X">の</wf>
         <instance id="d000.s4331.t000" lemma="積" pos="NOUN">積</instance>
         <wf lemma="は" pos="X">は</wf>
         <wf lemma="、" pos="X">、</wf>
         <wf lemma="6" pos="X">6</wf>
         <wf lemma="である" pos="X">である</wf>
         <wf lemma="." pos="X">.</wf>
      </sentence>
      <sentence id="d000.s4332" source="wordnet-japanese">
         <wf lemma="100" pos="X">100</wf>
         <instance id="d000.s4332.t000" lemma="メッシュ" pos="NOUN">メッシュ</instance>
         <wf lemma="粉" pos="X">粉</wf>
         <wf lemma="末" pos="X">末</wf>
         <wf lemma="セルロース" pos="X">セルロース</wf>
         <wf lemma="." pos="X">.</wf>
      </sentence>
      <sentence id="d000.s4333" source="wordnet-japanese">
         <wf lemma="私" pos="X">私</wf>
         <wf lemma="を" pos="X">を</wf>
         <instance id="d000.s4333.t000" lemma="せかす" pos="VERB">せかさ</instance>
         <wf lemma="ない" pos="X">ない</wf>
         <wf lemma="で" pos="X">で</wf>
         <wf lemma="ください" pos="X">ください</wf>
         <wf lemma="！" pos="X">！</wf>
         <wf lemma="." pos="X">.</wf>
      </sentence>
      <sentence id="d000.s4334" source="wordnet-japanese">
         <wf lemma="それ" pos="X">それ</wf>
         <wf lemma="は" pos="X">は</wf>
         <wf lemma="とても" pos="X">とても</wf>
         <wf lemma="おかしく" pos="X">おかしく</wf>
         <wf lemma="、" pos="X">、</wf>
         <instance id="d000.s4334.t000" lemma="サーカス" pos="NOUN">サーカス</instance>
         <wf lemma="の" pos="X">の</wf>
         <wf lemma="よう" pos="X">よう</wf>
         <wf lemma="だっ" pos="X">だっ</wf>
         <wf lemma="た" pos="X">た</wf>
         <wf lemma="." pos="X">.</wf>
      </sentence>
      <sentence id="d000.s4335" source="wordnet-japanese">
         <wf lemma="スト" pos="X">スト</wf>
         <wf lemma="は" pos="X">は</wf>
         <instance id="d000.s4335.t000" lemma="事実上" pos="ADV">事実上</instance>
         <wf lemma="、" pos="X">、</wf>
         <wf lemma="都市" pos="X">都市</wf>
         <wf lemma="を" pos="X">を</wf>
         <wf lemma="麻痺" pos="X">麻痺</wf>
         <wf lemma="さ" pos="X">さ</wf>
         <wf lemma="せ" pos="X">せ</wf>
         <wf lemma="た" pos="X">た</wf>
         <wf lemma="." pos="X">.</wf>
      </sentence>
      <sentence id="d000.s4336" source="wordnet-japanese">
         <wf lemma="彼女" pos="X">彼女</wf>
         <wf lemma="の" pos="X">の</wf>
         <wf lemma="話" pos="X">話</wf>
         <wf lemma="は" pos="X">は</wf>
         <wf lemma="あなた" pos="X">あなた</wf>
         <wf lemma="の" pos="X">の</wf>
         <instance id="d000.s4336.t000" lemma="胸" pos="NOUN">胸</instance>
         <wf lemma="の" pos="X">の</wf>
         <wf lemma="内" pos="X">内</wf>
         <wf lemma="を" pos="X">を</wf>
         <wf lemma="和らげる" pos="X">和らげる</wf>
         <wf lemma="だろ" pos="X">だろ</wf>
         <wf lemma="う" pos="X">う</wf>
         <wf lemma="." pos="X">.</wf>
      </sentence>
      <sentence id="d000.s4337" source="wordnet-japanese">
         <instance id="d000.s4337.t000" lemma="薄い" pos="ADJ">薄い</instance>
         <wf lemma="あごひげ" pos="X">あごひげ</wf>
         <wf lemma="." pos="X">.</wf>
      </sentence>
      <sentence id="d000.s4338" source="wordnet-japanese">
         <wf lemma="それ" pos="X">それ</wf>
         <wf lemma="は" pos="X">は</wf>
         <wf lemma="、" pos="X">、</wf>
         <instance id="d000.s4338.t000" lemma="新しい" pos="ADJ">新しい</instance>
         <wf lemma="もの" pos="X">もの</wf>
         <wf lemma="の" pos="X">の</wf>
         <wf lemma="ように" pos="X">ように</wf>
         <wf lemma="見える" pos="X">見える</wf>
         <wf lemma="." pos="X">.</wf>
      </sentence>
      <sentence id="d000.s4339" source="wordnet-japanese">
         <wf lemma="選択" pos="X">選択</wf>
         <wf lemma="の" pos="X">の</wf>
         <instance id="d000.s4339.t000" lemma="実存的" pos="ADJ">実存的</instance>
         <wf lemma="な" pos="X">な</wf>
         <wf lemma="瞬間" pos="X">瞬間</wf>
         <wf lemma="." pos="X">.</wf>
      </sentence>
      <sentence id="d000.s4340" source="wordnet-japanese">
         <instance id="d000.s4340.t000" lemma="細かい" pos="ADJ">細かい</instance>
         <wf lemma="髪" pos="X">髪</wf>
         <wf lemma="." pos="X">.</wf>
      </sentence>
      <sentence id="d000.s4341" source="wordnet-japanese">
         <wf lemma="彼" pos="X">彼</wf>
         <wf lemma="は" pos="X">は</wf>
         <wf lemma="ベルト" pos="X">ベルト</wf>
         <wf lemma="に" pos="X">に</wf>
         <instance id="d000.s4341.t000" lemma="テープ" pos="NOUN">テープ</instance>
         <wf lemma="を" pos="X">を</wf>
         <wf lemma="使っ" pos="X">使っ</wf>
         <wf lemma="た" pos="X">た</wf>
         <wf lemma="." pos="X">.</wf>
      </sentence>
      <sentence id="d000.s4342" source="wordnet-japanese">
         <instance id="d000.s4342.t000" lemma="鮮明" pos="ADJ">鮮明</instance>
         <wf lemma="で" pos="X">で</wf>
         <wf lemma="写真" pos="X">写真</wf>
         <wf lemma="の" pos="X">の</wf>
         <wf lemma="ような" pos="X">ような</wf>
         <wf lemma="画像" pos="X">画像</wf>
         <wf lemma="." pos="X">.</wf>
      </sentence>
      <sentence id="d000.s4343" source="wordnet-japanese">
         <wf lemma="家畜" pos="X">家畜</wf>
         <wf lemma="泥棒" pos="X">泥棒</wf>
         <wf lemma="に" pos="X">に</wf>
         <wf lemma="は" pos="X">は</wf>
         <instance id="d000.s4343.t000" lemma="懸賞金" pos="NOUN">懸賞金</instance>
         <wf lemma="が" pos="X">が</wf>
         <wf lemma="かけ" pos="X">かけ</wf>
         <wf lemma="られ" pos="X">られ</wf>
         <wf lemma="た" pos="X">た</wf>
         <wf lemma="." pos="X">.</wf>
      </sentence>
      <sentence id="d000.s4344" source="wordnet-japanese">
         <wf lemma="レンズ" pos="X">レンズ</wf>
         <wf lemma="の" pos="X">の</wf>
         <wf lemma="イメージ" pos="X">イメージ</wf>
         <wf lemma="の" pos="X">の</wf>
         <instance id="d000.s4344.t000" lemma="反転" pos="NOUN">反転</instance>
         <wf lemma="." pos="X">.</wf>
      </sentence>
      <sentence id="d000.s4345" source="wordnet-japanese">
         <wf lemma="彼" pos="X">彼</wf>
         <wf lemma="は" pos="X">は</wf>
         <wf lemma="ファッション" pos="X">ファッション</wf>
         <wf lemma="界" pos="X">界</wf>
         <wf lemma="で" pos="X">で</wf>
         <wf lemma="は" pos="X">は</wf>
         <wf lemma="、" pos="X">、</wf>
         <wf lemma="もはや" pos="X">もはや</wf>
         <instance id="d000.s4345.t000" lemma="ニュース" pos="NOUN">ニュース</instance>
         <wf lemma="価値" pos="X">価値</wf>
         <wf lemma="は" pos="X">は</wf>
         <wf lemma="ない" pos="X">ない</wf>
         <wf lemma="." pos="X">.</wf>
      </sentence>
      <sentence id="d000.s4346" source="wordnet-japanese">
         <wf lemma="物体" pos="X">物体</wf>
         <wf lemma="は" pos="X">は</wf>
         <wf lemma="力" pos="X">力</wf>
         <wf lemma="が" pos="X">が</wf>
         <wf lemma="加え" pos="X">加え</wf>
         <wf lemma="られ" pos="X">られ</wf>
         <wf lemma="ない" pos="X">ない</wf>
         <wf lemma="限り" pos="X">限り</wf>
         <wf lemma="、" pos="X">、</wf>
         <instance id="d000.s4346.t000" lemma="静止" pos="NOUN">静止</instance>
         <wf lemma="し" pos="X">し</wf>
         <wf lemma="つづける" pos="X">つづける</wf>
         <wf lemma="." pos="X">.</wf>
      </sentence>
      <sentence id="d000.s4347" source="wordnet-japanese">
         <wf lemma="離婚" pos="X">離婚</wf>
         <wf lemma="は" pos="X">は</wf>
         <wf lemma="多く" pos="X">多く</wf>
         <wf lemma="の" pos="X">の</wf>
         <instance id="d000.s4347.t000" lemma="ゴシップ" pos="NOUN">ゴシップ</instance>
         <wf lemma="を" pos="X">を</wf>
         <wf lemma="巻き起こし" pos="X">巻き起こし</wf>
         <wf lemma="た" pos="X">た</wf>
         <wf lemma="." pos="X">.</wf>
      </sentence>
      <sentence id="d000.s4348" source="wordnet-japanese">
         <instance id="d000.s4348.t000" lemma="忠実" pos="ADJ">忠実</instance>
         <wf lemma="な" pos="X">な</wf>
         <wf lemma="友人" pos="X">友人</wf>
         <wf lemma="は" pos="X">は</wf>
         <wf lemma="彼" pos="X">彼</wf>
         <wf lemma="を" pos="X">を</wf>
         <wf lemma="支持" pos="X">支持</wf>
         <wf lemma="し" pos="X">し</wf>
         <wf lemma="た" pos="X">た</wf>
         <wf lemma="." pos="X">.</wf>
      </sentence>
      <sentence id="d000.s4349" source="wordnet-japanese">
         <instance id="d000.s4349.t000" lemma="必ず" pos="ADV">必ず</instance>
         <wf lemma="良い" pos="X">良い</wf>
         <wf lemma="日" pos="X">日</wf>
         <wf lemma="に" pos="X">に</wf>
         <wf lemma="なる" pos="X">なる</wf>
         <wf lemma="だろ" pos="X">だろ</wf>
         <wf lemma="う" pos="X">う</wf>
         <wf lemma="." pos="X">.</wf>
      </sentence>
      <sentence id="d000.s4350" source="wordnet-japanese">
         <wf lemma="彼ら" pos="X">彼ら</wf>
         <wf lemma="は" pos="X">は</wf>
         <wf lemma="、" pos="X">、</wf>
         <wf lemma="あまり" pos="X">あまり</wf>
         <wf lemma="に" pos="X">に</wf>
         <wf lemma="も" pos="X">も</wf>
         <wf lemma="速く" pos="X">速く</wf>
         <instance id="d000.s4350.t000" lemma="アダージョ" pos="NOUN">アダージョ</instance>
         <wf lemma="の" pos="X">の</wf>
         <wf lemma="曲" pos="X">曲</wf>
         <wf lemma="を" pos="X">を</wf>
         <wf lemma="演奏" pos="X">演奏</wf>
         <wf lemma="し" pos="X">し</wf>
         <wf lemma="た" pos="X">た</wf>
         <wf lemma="." pos="X">.</wf>
      </sentence>
      <sentence id="d000.s4351" source="wordnet-japanese">
         <wf lemma="中国" pos="X">中国</wf>
         <wf lemma="に" pos="X">に</wf>
         <wf lemma="は" pos="X">は</wf>
         <wf lemma="政治" pos="X">政治</wf>
         <wf lemma="犯用" pos="X">犯用</wf>
         <wf lemma="の" pos="X">の</wf>
         <instance id="d000.s4351.t000" lemma="収容所" pos="NOUN">収容所</instance>
         <wf lemma="が" pos="X">が</wf>
         <wf lemma="多数" pos="X">多数</wf>
         <wf lemma="ある" pos="X">ある</wf>
         <wf lemma="." pos="X">.</wf>
      </sentence>
      <sentence id="d000.s4352" source="wordnet-japanese">
         <wf lemma="彼ら" pos="X">彼ら</wf>
         <wf lemma="は" pos="X">は</wf>
         <instance id="d000.s4352.t000" lemma="一方的" pos="ADV">一方的</instance>
         <wf lemma="に" pos="X">に</wf>
         <wf lemma="協定" pos="X">協定</wf>
         <wf lemma="を" pos="X">を</wf>
         <wf lemma="練っ" pos="X">練っ</wf>
         <wf lemma="た" pos="X">た</wf>
         <wf lemma="." pos="X">.</wf>
      </sentence>
      <sentence id="d000.s4353" source="wordnet-japanese">
         <wf lemma="彼" pos="X">彼</wf>
         <wf lemma="は" pos="X">は</wf>
         <instance id="d000.s4353.t000" lemma="確実" pos="ADJ">確実</instance>
         <wf lemma="に" pos="X">に</wf>
         <wf lemma="勝つ" pos="X">勝つ</wf>
         <wf lemma="." pos="X">.</wf>
      </sentence>
      <sentence id="d000.s4354" source="wordnet-japanese">
         <instance id="d000.s4354.t000" lemma="不法" pos="ADJ">不法</instance>
         <wf lemma="な" pos="X">な</wf>
         <wf lemma="お金" pos="X">お金</wf>
         <wf lemma="." pos="X">.</wf>
      </sentence>
      <sentence id="d000.s4355" source="wordnet-japanese">
         <instance id="d000.s4355.t000" lemma="小さい" pos="ADJ">小さい</instance>
         <wf lemma="声" pos="X">声</wf>
         <wf lemma="." pos="X">.</wf>
      </sentence>
      <sentence id="d000.s4356" source="wordnet-japanese">
         <wf lemma="彼" pos="X">彼</wf>
         <wf lemma="の" pos="X">の</wf>
         <wf lemma="健康" pos="X">健康</wf>
         <wf lemma="に関して" pos="X">に関して</wf>
         <instance id="d000.s4356.t000" lemma="不安" pos="ADJ">不安</instance>
         <wf lemma="だ" pos="X">だ</wf>
         <wf lemma="." pos="X">.</wf>
      </sentence>
      <sentence id="d000.s4357" source="wordnet-japanese">
         <wf lemma="サケ" pos="X">サケ</wf>
         <wf lemma="の" pos="X">の</wf>
         <wf lemma="産卵" pos="X">産卵</wf>
         <instance id="d000.s4357.t000" lemma="本能" pos="NOUN">本能</instance>
         <wf lemma="." pos="X">.</wf>
      </sentence>
      <sentence id="d000.s4358" source="wordnet-japanese">
         <wf lemma="今月" pos="X">今月</wf>
         <wf lemma="の" pos="X">の</wf>
         <wf lemma="降雪" pos="X">降雪</wf>
         <wf lemma="は" pos="X">は</wf>
         <instance id="d000.s4358.t000" lemma="平均" pos="NOUN">平均</instance>
         <wf lemma="以下" pos="X">以下</wf>
         <wf lemma="である" pos="X">である</wf>
         <wf lemma="." pos="X">.</wf>
      </sentence>
      <sentence id="d000.s4359" source="wordnet-japanese">
         <instance id="d000.s4359.t000" lemma="不細工" pos="ADJ">不細工</instance>
         <wf lemma="な" pos="X">な</wf>
         <wf lemma="木" pos="X">木</wf>
         <wf lemma="の" pos="X">の</wf>
         <wf lemma="靴" pos="X">靴</wf>
         <wf lemma="." pos="X">.</wf>
      </sentence>
      <sentence id="d000.s4360" source="wordnet-japanese">
         <instance id="d000.s4360.t000" lemma="学期" pos="NOUN">学期</instance>
         <wf lemma="を" pos="X">を</wf>
         <wf lemma="短くし" pos="X">短くし</wf>
         <wf lemma="なく" pos="X">なく</wf>
         <wf lemma="て" pos="X">て</wf>
         <wf lemma="は" pos="X">は</wf>
         <wf lemma="なら" pos="X">なら</wf>
         <wf lemma="なかっ" pos="X">なかっ</wf>
         <wf lemma="た" pos="X">た</wf>
         <wf lemma="." pos="X">.</wf>
      </sentence>
      <sentence id="d000.s4361" source="wordnet-japanese">
         <wf lemma="彼" pos="X">彼</wf>
         <wf lemma="は" pos="X">は</wf>
         <wf lemma="4" pos="X">4</wf>
         <instance id="d000.s4361.t000" lemma="回" pos="NOUN">回</instance>
         <wf lemma="電話" pos="X">電話</wf>
         <wf lemma="し" pos="X">し</wf>
         <wf lemma="た" pos="X">た</wf>
         <wf lemma="." pos="X">.</wf>
      </sentence>
      <sentence id="d000.s4362" source="wordnet-japanese">
         <wf lemma="彼" pos="X">彼</wf>
         <wf lemma="の" pos="X">の</wf>
         <wf lemma="子供" pos="X">子供</wf>
         <wf lemma="は" pos="X">は</wf>
         <wf lemma="危機的" pos="X">危機的</wf>
         <wf lemma="状況" pos="X">状況</wf>
         <wf lemma="において" pos="X">において</wf>
         <wf lemma="彼" pos="X">彼</wf>
         <wf lemma="を" pos="X">を</wf>
         <instance id="d000.s4362.t000" lemma="裏切る" pos="VERB">裏切っ</instance>
         <wf lemma="た" pos="X">た</wf>
         <wf lemma="." pos="X">.</wf>
      </sentence>
      <sentence id="d000.s4363" source="wordnet-japanese">
         <wf lemma="通常" pos="X">通常</wf>
         <wf lemma="、" pos="X">、</wf>
         <instance id="d000.s4363.t000" lemma="共和国" pos="NOUN">共和国</instance>
         <wf lemma="の" pos="X">の</wf>
         <wf lemma="国家" pos="X">国家</wf>
         <wf lemma="元首" pos="X">元首</wf>
         <wf lemma="は" pos="X">は</wf>
         <wf lemma="大統領" pos="X">大統領</wf>
         <wf lemma="だ" pos="X">だ</wf>
         <wf lemma="." pos="X">.</wf>
      </sentence>
      <sentence id="d000.s4364" source="wordnet-japanese">
         <wf lemma="これら" pos="X">これら</wf>
         <wf lemma="の" pos="X">の</wf>
         <wf lemma="新しい" pos="X">新しい</wf>
         <wf lemma="クラッカー" pos="X">クラッカー</wf>
         <wf lemma="を" pos="X">を</wf>
         <instance id="d000.s4364.t000" lemma="試す" pos="VERB">試し</instance>
         <wf lemma="て" pos="X">て</wf>
         <wf lemma="ください" pos="X">ください</wf>
         <wf lemma="." pos="X">.</wf>
      </sentence>
      <sentence id="d000.s4365" source="wordnet-japanese">
         <wf lemma="希望" pos="X">希望</wf>
         <wf lemma="は" pos="X">は</wf>
         <wf lemma="そこ" pos="X">そこ</wf>
         <wf lemma="に" pos="X">に</wf>
         <instance id="d000.s4365.t000" lemma="ずっと" pos="ADV">ずっと</instance>
         <wf lemma="あっ" pos="X">あっ</wf>
         <wf lemma="た" pos="X">た</wf>
         <wf lemma="." pos="X">.</wf>
      </sentence>
      <sentence id="d000.s4366" source="wordnet-japanese">
         <wf lemma="錠" pos="X">錠</wf>
         <wf lemma="は" pos="X">は</wf>
         <instance id="d000.s4366.t000" lemma="安全" pos="ADJ">安全</instance>
         <wf lemma="だっ" pos="X">だっ</wf>
         <wf lemma="た" pos="X">た</wf>
         <wf lemma="." pos="X">.</wf>
      </sentence>
      <sentence id="d000.s4367" source="wordnet-japanese">
         <wf lemma="pat" pos="X">pat</wf>
         <wf lemma="," pos="X">,</wf>
         <wf lemma="pet" pos="X">pet</wf>
         <wf lemma="," pos="X">,</wf>
         <wf lemma="pit" pos="X">pit</wf>
         <wf lemma="," pos="X">,</wf>
         <wf lemma="pot" pos="X">pot</wf>
         <wf lemma="," pos="X">,</wf>
         <wf lemma="putt" pos="X">putt</wf>
         <wf lemma="の" pos="X">の</wf>
         <wf lemma="英語" pos="X">英語</wf>
         <wf lemma="の" pos="X">の</wf>
         <wf lemma="母音" pos="X">母音</wf>
         <wf lemma="は" pos="X">は</wf>
         <instance id="d000.s4367.t000" lemma="短い" pos="ADJ">短い</instance>
         <wf lemma="." pos="X">.</wf>
      </sentence>
      <sentence id="d000.s4368" source="wordnet-japanese">
         <wf lemma="ローン" pos="X">ローン</wf>
         <wf lemma="は" pos="X">は</wf>
         <wf lemma="、" pos="X">、</wf>
         <wf lemma="高い" pos="X">高い</wf>
         <wf lemma="金利" pos="X">金利</wf>
         <wf lemma="を" pos="X">を</wf>
         <instance id="d000.s4368.t000" lemma="もたらす" pos="VERB">もたらす</instance>
         <wf lemma="." pos="X">.</wf>
      </sentence>
      <sentence id="d000.s4369" source="wordnet-japanese">
         <wf lemma="疑い" pos="X">疑い</wf>
         <wf lemma="の" pos="X">の</wf>
         <instance id="d000.s4369.t000" lemma="苦悩" pos="NOUN">苦悩</instance>
         <wf lemma="." pos="X">.</wf>
      </sentence>
      <sentence id="d000.s4370" source="wordnet-japanese">
         <wf lemma="より" pos="X">より</wf>
         <instance id="d000.s4370.t000" lemma="小さい" pos="ADJ">小さい</instance>
         <wf lemma="アリクイ" pos="X">アリクイ</wf>
         <wf lemma="." pos="X">.</wf>
      </sentence>
      <sentence id="d000.s4371" source="wordnet-japanese">
         <instance id="d000.s4371.t000" lemma="自殺的" pos="ADJ">自殺的</instance>
         <wf lemma="な" pos="X">な</wf>
         <wf lemma="企業" pos="X">企業</wf>
         <wf lemma="乗っ取り" pos="X">乗っ取り</wf>
         <wf lemma="戦略" pos="X">戦略</wf>
         <wf lemma="." pos="X">.</wf>
      </sentence>
      <sentence id="d000.s4372" source="wordnet-japanese">
         <wf lemma="その" pos="X">その</wf>
         <wf lemma="離婚" pos="X">離婚</wf>
         <wf lemma="に関して" pos="X">に関して</wf>
         <wf lemma="の" pos="X">の</wf>
         <instance id="d000.s4372.t000" lemma="苦い" pos="ADJ">苦い</instance>
         <wf lemma="思い" pos="X">思い</wf>
         <wf lemma="." pos="X">.</wf>
      </sentence>
      <sentence id="d000.s4373" source="wordnet-japanese">
         <wf lemma="もし" pos="X">もし</wf>
         <wf lemma="私" pos="X">私</wf>
         <wf lemma="の" pos="X">の</wf>
         <wf lemma="要求" pos="X">要求</wf>
         <wf lemma="を" pos="X">を</wf>
         <wf lemma="適え" pos="X">適え</wf>
         <wf lemma="ない" pos="X">ない</wf>
         <wf lemma="なら" pos="X">なら</wf>
         <wf lemma="ば" pos="X">ば</wf>
         <wf lemma="、" pos="X">、</wf>
         <wf lemma="私" pos="X">私</wf>
         <wf lemma="は" pos="X">は</wf>
         <instance id="d000.s4373.t000" lemma="話す" pos="VERB">話し</instance>
         <wf lemma="ます" pos="X">ます</wf>
         <wf lemma="！" pos="X">！</wf>
         <wf lemma="." pos="X">.</wf>
      </sentence>
      <sentence id="d000.s4374" source="wordnet-japanese">
         <wf lemma="お金" pos="X">お金</wf>
         <wf lemma="に関する" pos="X">に関する</wf>
         <instance id="d000.s4374.t000" lemma="珍しい" pos="ADJ">珍しい</instance>
         <wf lemma="好み" pos="X">好み</wf>
         <wf lemma="." pos="X">.</wf>
      </sentence>
      <sentence id="d000.s4375" source="wordnet-japanese">
         <wf lemma="その" pos="X">その</wf>
         <wf lemma="年" pos="X">年</wf>
         <wf lemma="の" pos="X">の</wf>
         <instance id="d000.s4375.t000" lemma="最悪" pos="ADJ">最悪</instance>
         <wf lemma="の" pos="X">の</wf>
         <wf lemma="天気" pos="X">天気</wf>
         <wf lemma="." pos="X">.</wf>
      </sentence>
      <sentence id="d000.s4376" source="wordnet-japanese">
         <wf lemma="彼ら" pos="X">彼ら</wf>
         <wf lemma="は" pos="X">は</wf>
         <wf lemma="友人" pos="X">友人</wf>
         <wf lemma="同士" pos="X">同士</wf>
         <wf lemma="だっ" pos="X">だっ</wf>
         <wf lemma="た" pos="X">た</wf>
         <wf lemma="ので" pos="X">ので</wf>
         <wf lemma="、" pos="X">、</wf>
         <wf lemma="だれ" pos="X">だれ</wf>
         <wf lemma="が" pos="X">が</wf>
         <wf lemma="試合" pos="X">試合</wf>
         <wf lemma="に" pos="X">に</wf>
         <wf lemma="勝" pos="X">勝</wf>
         <wf lemma="とう" pos="X">とう</wf>
         <wf lemma="と" pos="X">と</wf>
         <wf lemma="も" pos="X">も</wf>
         <instance id="d000.s4376.t000" lemma="問題" pos="NOUN">問題</instance>
         <wf lemma="で" pos="X">で</wf>
         <wf lemma="は" pos="X">は</wf>
         <wf lemma="なかっ" pos="X">なかっ</wf>
         <wf lemma="た" pos="X">た</wf>
         <wf lemma="." pos="X">.</wf>
      </sentence>
      <sentence id="d000.s4377" source="wordnet-japanese">
         <instance id="d000.s4377.t000" lemma="細い" pos="ADJ">細い</instance>
         <wf lemma="針金" pos="X">針金</wf>
         <wf lemma="." pos="X">.</wf>
      </sentence>
      <sentence id="d000.s4378" source="wordnet-japanese">
         <wf lemma="彼女" pos="X">彼女</wf>
         <wf lemma="の" pos="X">の</wf>
         <instance id="d000.s4378.t000" lemma="親切" pos="ADJ">親切</instance>
         <wf lemma="な" pos="X">な</wf>
         <wf lemma="手紙" pos="X">手紙</wf>
         <wf lemma="に対して" pos="X">に対して</wf>
         <wf lemma="彼女" pos="X">彼女</wf>
         <wf lemma="に" pos="X">に</wf>
         <wf lemma="感謝" pos="X">感謝</wf>
         <wf lemma="し" pos="X">し</wf>
         <wf lemma="た" pos="X">た</wf>
         <wf lemma="." pos="X">.</wf>
      </sentence>
      <sentence id="d000.s4379" source="wordnet-japanese">
         <wf lemma="原子" pos="X">原子</wf>
         <wf lemma="爆弾" pos="X">爆弾</wf>
         <wf lemma="の" pos="X">の</wf>
         <instance id="d000.s4379.t000" lemma="爆発" pos="NOUN">爆発</instance>
         <wf lemma="は" pos="X">は</wf>
         <wf lemma="、" pos="X">、</wf>
         <wf lemma="空中" pos="X">空中</wf>
         <wf lemma="に" pos="X">に</wf>
         <wf lemma="莫大" pos="X">莫大</wf>
         <wf lemma="な" pos="X">な</wf>
         <wf lemma="放射線" pos="X">放射線</wf>
         <wf lemma="を" pos="X">を</wf>
         <wf lemma="発生" pos="X">発生</wf>
         <wf lemma="さ" pos="X">さ</wf>
         <wf lemma="せる" pos="X">せる</wf>
         <wf lemma="." pos="X">.</wf>
      </sentence>
      <sentence id="d000.s4380" source="wordnet-japanese">
         <wf lemma="まず" pos="X">まず</wf>
         <wf lemma="その" pos="X">その</wf>
         <wf lemma="事件" pos="X">事件</wf>
         <wf lemma="の" pos="X">の</wf>
         <instance id="d000.s4380.t000" lemma="事実" pos="NOUN">事実</instance>
         <wf lemma="を" pos="X">を</wf>
         <wf lemma="集め" pos="X">集め</wf>
         <wf lemma="なければ" pos="X">なければ</wf>
         <wf lemma="なら" pos="X">なら</wf>
         <wf lemma="ない" pos="X">ない</wf>
         <wf lemma="." pos="X">.</wf>
      </sentence>
      <sentence id="d000.s4381" source="wordnet-japanese">
         <wf lemma="離れ" pos="X">離れ</wf>
         <wf lemma="が" pos="X">が</wf>
         <instance id="d000.s4381.t000" lemma="散在" pos="NOUN">散在</instance>
         <wf lemma="する" pos="X">する</wf>
         <wf lemma="." pos="X">.</wf>
      </sentence>
      <sentence id="d000.s4382" source="wordnet-japanese">
         <instance id="d000.s4382.t000" lemma="クリーン" pos="ADJ">クリーン</instance>
         <wf lemma="な" pos="X">な</wf>
         <wf lemma="投票" pos="X">投票</wf>
         <wf lemma="記録" pos="X">記録</wf>
         <wf lemma="." pos="X">.</wf>
      </sentence>
      <sentence id="d000.s4383" source="wordnet-japanese">
         <wf lemma="6" pos="X">6</wf>
         <wf lemma="を" pos="X">を</wf>
         <instance id="d000.s4383.t000" lemma="投じる" pos="VERB">投じる</instance>
         <wf lemma="." pos="X">.</wf>
      </sentence>
      <sentence id="d000.s4384" source="wordnet-japanese">
         <wf lemma="英国" pos="X">英国</wf>
         <wf lemma="の" pos="X">の</wf>
         <instance id="d000.s4384.t000" lemma="分離" pos="NOUN">分離</instance>
         <wf lemma="は" pos="X">は</wf>
         <wf lemma="、" pos="X">、</wf>
         <wf lemma="英仏海峡" pos="X">英仏海峡</wf>
         <wf lemma="によって" pos="X">によって</wf>
         <wf lemma="保た" pos="X">保た</wf>
         <wf lemma="れ" pos="X">れ</wf>
         <wf lemma="た" pos="X">た</wf>
         <wf lemma="." pos="X">.</wf>
      </sentence>
      <sentence id="d000.s4385" source="wordnet-japanese">
         <wf lemma="彼" pos="X">彼</wf>
         <wf lemma="は" pos="X">は</wf>
         <wf lemma="極度" pos="X">極度</wf>
         <wf lemma="の" pos="X">の</wf>
         <instance id="d000.s4385.t000" lemma="興奮" pos="NOUN">興奮</instance>
         <wf lemma="状態" pos="X">状態</wf>
         <wf lemma="に" pos="X">に</wf>
         <wf lemma="ある" pos="X">ある</wf>
         <wf lemma="人" pos="X">人</wf>
         <wf lemma="を" pos="X">を</wf>
         <wf lemma="なだめ" pos="X">なだめ</wf>
         <wf lemma="よう" pos="X">よう</wf>
         <wf lemma="と" pos="X">と</wf>
         <wf lemma="し" pos="X">し</wf>
         <wf lemma="た" pos="X">た</wf>
         <wf lemma="." pos="X">.</wf>
      </sentence>
      <sentence id="d000.s4386" source="wordnet-japanese">
         <wf lemma="犬" pos="X">犬</wf>
         <wf lemma="の" pos="X">の</wf>
         <wf lemma="毛" pos="X">毛</wf>
         <wf lemma="が" pos="X">が</wf>
         <instance id="d000.s4386.t000" lemma="逆立つ" pos="VERB">逆立っ</instance>
         <wf lemma="た" pos="X">た</wf>
         <wf lemma="." pos="X">.</wf>
      </sentence>
      <sentence id="d000.s4387" source="wordnet-japanese">
         <wf lemma="裁判官" pos="X">裁判官</wf>
         <wf lemma="は" pos="X">は</wf>
         <wf lemma="1" pos="X">1</wf>
         <wf lemma="万" pos="X">万</wf>
         <wf lemma="ドル" pos="X">ドル</wf>
         <wf lemma="の" pos="X">の</wf>
         <instance id="d000.s4387.t000" lemma="保釈金" pos="NOUN">保釈金</instance>
         <wf lemma="を" pos="X">を</wf>
         <wf lemma="決定" pos="X">決定</wf>
         <wf lemma="し" pos="X">し</wf>
         <wf lemma="た" pos="X">た</wf>
         <wf lemma="." pos="X">.</wf>
      </sentence>
      <sentence id="d000.s4388" source="wordnet-japanese">
         <wf lemma="彼" pos="X">彼</wf>
         <wf lemma="は" pos="X">は</wf>
         <wf lemma="医者" pos="X">医者</wf>
         <wf lemma="たち" pos="X">たち</wf>
         <wf lemma="が" pos="X">が</wf>
         <wf lemma="提案" pos="X">提案</wf>
         <wf lemma="し" pos="X">し</wf>
         <wf lemma="た" pos="X">た</wf>
         <instance id="d000.s4388.t000" lemma="治療" pos="NOUN">治療</instance>
         <wf lemma="を" pos="X">を</wf>
         <wf lemma="すべ" pos="X">すべ</wf>
         <wf lemma="て" pos="X">て</wf>
         <wf lemma="試し" pos="X">試し</wf>
         <wf lemma="た" pos="X">た</wf>
         <wf lemma="." pos="X">.</wf>
      </sentence>
      <sentence id="d000.s4389" source="wordnet-japanese">
         <wf lemma="政府" pos="X">政府</wf>
         <wf lemma="規制" pos="X">規制</wf>
         <wf lemma="の" pos="X">の</wf>
         <instance id="d000.s4389.t000" lemma="混乱" pos="NOUN">混乱</instance>
         <wf lemma="." pos="X">.</wf>
      </sentence>
      <sentence id="d000.s4390" source="wordnet-japanese">
         <wf lemma="彼" pos="X">彼</wf>
         <wf lemma="は" pos="X">は</wf>
         <wf lemma="休暇" pos="X">休暇</wf>
         <wf lemma="の" pos="X">の</wf>
         <wf lemma="間" pos="X">間</wf>
         <wf lemma="の" pos="X">の</wf>
         <wf lemma="家族" pos="X">家族</wf>
         <wf lemma="の" pos="X">の</wf>
         <instance id="d000.s4390.t000" lemma="一体化" pos="NOUN">一体化</instance>
         <wf lemma="を" pos="X">を</wf>
         <wf lemma="期待" pos="X">期待</wf>
         <wf lemma="し" pos="X">し</wf>
         <wf lemma="た" pos="X">た</wf>
         <wf lemma="." pos="X">.</wf>
      </sentence>
      <sentence id="d000.s4391" source="wordnet-japanese">
         <wf lemma="霊魂" pos="X">霊魂</wf>
         <instance id="d000.s4391.t000" lemma="創造説" pos="NOUN">創造説</instance>
         <wf lemma="は" pos="X">は</wf>
         <wf lemma="種" pos="X">種</wf>
         <wf lemma="の" pos="X">の</wf>
         <wf lemma="進化" pos="X">進化</wf>
         <wf lemma="の" pos="X">の</wf>
         <wf lemma="理論" pos="X">理論</wf>
         <wf lemma="を" pos="X">を</wf>
         <wf lemma="否定" pos="X">否定</wf>
         <wf lemma="する" pos="X">する</wf>
         <wf lemma="." pos="X">.</wf>
      </sentence>
      <sentence id="d000.s4392" source="wordnet-japanese">
         <wf lemma="サムソン" pos="X">サムソン</wf>
         <wf lemma="は" pos="X">は</wf>
         <instance id="d000.s4392.t000" lemma="すごい" pos="ADJ">すごい</instance>
         <wf lemma="体力" pos="X">体力</wf>
         <wf lemma="を" pos="X">を</wf>
         <wf lemma="持っ" pos="X">持っ</wf>
         <wf lemma="て" pos="X">て</wf>
         <wf lemma="い" pos="X">い</wf>
         <wf lemma="た" pos="X">た</wf>
         <wf lemma="こと" pos="X">こと</wf>
         <wf lemma="に" pos="X">に</wf>
         <wf lemma="なっ" pos="X">なっ</wf>
         <wf lemma="て" pos="X">て</wf>
         <wf lemma="いる" pos="X">いる</wf>
         <wf lemma="." pos="X">.</wf>
      </sentence>
      <sentence id="d000.s4393" source="wordnet-japanese">
         <wf lemma="恥ずかし" pos="X">恥ずかし</wf>
         <wf lemma="さ" pos="X">さ</wf>
         <wf lemma="で" pos="X">で</wf>
         <instance id="d000.s4393.t000" lemma="真っ赤" pos="ADJ">真っ赤</instance>
         <wf lemma="に" pos="X">に</wf>
         <wf lemma="なっ" pos="X">なっ</wf>
         <wf lemma="た" pos="X">た</wf>
         <wf lemma="." pos="X">.</wf>
      </sentence>
      <sentence id="d000.s4394" source="wordnet-japanese">
         <wf lemma="彼" pos="X">彼</wf>
         <wf lemma="は" pos="X">は</wf>
         <instance id="d000.s4394.t000" lemma="葛藤" pos="NOUN">葛藤</instance>
         <wf lemma="と" pos="X">と</wf>
         <wf lemma="優柔" pos="X">優柔</wf>
         <wf lemma="不断" pos="X">不断</wf>
         <wf lemma="で" pos="X">で</wf>
         <wf lemma="身動き" pos="X">身動き</wf>
         <wf lemma="が" pos="X">が</wf>
         <wf lemma="とれ" pos="X">とれ</wf>
         <wf lemma="なかっ" pos="X">なかっ</wf>
         <wf lemma="た" pos="X">た</wf>
         <wf lemma="." pos="X">.</wf>
      </sentence>
      <sentence id="d000.s4395" source="wordnet-japanese">
         <wf lemma="誰" pos="X">誰</wf>
         <wf lemma="か" pos="X">か</wf>
         <wf lemma="の" pos="X">の</wf>
         <wf lemma="評判" pos="X">評判</wf>
         <wf lemma="を" pos="X">を</wf>
         <instance id="d000.s4395.t000" lemma="汚す" pos="VERB">汚す</instance>
         <wf lemma="." pos="X">.</wf>
      </sentence>
      <sentence id="d000.s4396" source="wordnet-japanese">
         <wf lemma="彼女" pos="X">彼女</wf>
         <wf lemma="の" pos="X">の</wf>
         <instance id="d000.s4396.t000" lemma="ふさわしい" pos="ADJ">ふさわしい</instance>
         <wf lemma="謙虚" pos="X">謙虚</wf>
         <wf lemma="さ" pos="X">さ</wf>
         <wf lemma="." pos="X">.</wf>
      </sentence>
      <sentence id="d000.s4397" source="wordnet-japanese">
         <wf lemma="株式市場" pos="X">株式市場</wf>
         <wf lemma="の" pos="X">の</wf>
         <instance id="d000.s4397.t000" lemma="パニック" pos="NOUN">パニック</instance>
         <wf lemma="." pos="X">.</wf>
      </sentence>
      <sentence id="d000.s4398" source="wordnet-japanese">
         <wf lemma="リンゴ" pos="X">リンゴ</wf>
         <wf lemma="の" pos="X">の</wf>
         <wf lemma="木" pos="X">木</wf>
         <wf lemma="の" pos="X">の</wf>
         <instance id="d000.s4398.t000" lemma="新しい" pos="ADJ">新しい</instance>
         <wf lemma="芽." pos="X">芽.</wf>
      </sentence>
      <sentence id="d000.s4399" source="wordnet-japanese">
         <wf lemma="彼" pos="X">彼</wf>
         <wf lemma="は" pos="X">は</wf>
         <wf lemma="木" pos="X">木</wf>
         <wf lemma="の" pos="X">の</wf>
         <instance id="d000.s4399.t000" lemma="杖" pos="NOUN">杖</instance>
         <wf lemma="の" pos="X">の</wf>
         <wf lemma="助け" pos="X">助け</wf>
         <wf lemma="を" pos="X">を</wf>
         <wf lemma="借り" pos="X">借り</wf>
         <wf lemma="て" pos="X">て</wf>
         <wf lemma="歩い" pos="X">歩い</wf>
         <wf lemma="た" pos="X">た</wf>
         <wf lemma="." pos="X">.</wf>
      </sentence>
      <sentence id="d000.s4400" source="wordnet-japanese">
         <wf lemma="口蹄疫病" pos="X">口蹄疫病</wf>
         <wf lemma="について" pos="X">について</wf>
         <wf lemma="の" pos="X">の</wf>
         <wf lemma="恐怖" pos="X">恐怖</wf>
         <wf lemma="の" pos="X">の</wf>
         <wf lemma="後" pos="X">後</wf>
         <wf lemma="で" pos="X">で</wf>
         <wf lemma="多く" pos="X">多く</wf>
         <wf lemma="の" pos="X">の</wf>
         <wf lemma="人々" pos="X">人々</wf>
         <wf lemma="は" pos="X">は</wf>
         <wf lemma="肉" pos="X">肉</wf>
         <wf lemma="の" pos="X">の</wf>
         <wf lemma="代り" pos="X">代り</wf>
         <wf lemma="に" pos="X">に</wf>
         <instance id="d000.s4400.t000" lemma="魚" pos="NOUN">魚</instance>
         <wf lemma="を" pos="X">を</wf>
         <wf lemma="食べ" pos="X">食べ</wf>
         <wf lemma="始め" pos="X">始め</wf>
         <wf lemma="た" pos="X">た</wf>
         <wf lemma="." pos="X">.</wf>
      </sentence>
      <sentence id="d000.s4401" source="wordnet-japanese">
         <wf lemma="エネルギー" pos="X">エネルギー</wf>
         <wf lemma="の" pos="X">の</wf>
         <instance id="d000.s4401.t000" lemma="消費" pos="NOUN">消費</instance>
         <wf lemma="は" pos="X">は</wf>
         <wf lemma="、" pos="X">、</wf>
         <wf lemma="着実" pos="X">着実</wf>
         <wf lemma="に" pos="X">に</wf>
         <wf lemma="増加" pos="X">増加</wf>
         <wf lemma="し" pos="X">し</wf>
         <wf lemma="た" pos="X">た</wf>
         <wf lemma="." pos="X">.</wf>
      </sentence>
      <sentence id="d000.s4402" source="wordnet-japanese">
         <wf lemma="プロパン" pos="X">プロパン</wf>
         <wf lemma="の" pos="X">の</wf>
         <wf lemma="、" pos="X">、</wf>
         <instance id="d000.s4402.t000" lemma="触媒" pos="ADV">触媒</instance>
         <wf lemma="活性" pos="X">活性</wf>
         <wf lemma="安定化" pos="X">安定化</wf>
         <wf lemma="燃焼" pos="X">燃焼</wf>
         <wf lemma="." pos="X">.</wf>
      </sentence>
      <sentence id="d000.s4403" source="wordnet-japanese">
         <wf lemma="風" pos="X">風</wf>
         <wf lemma="は" pos="X">は</wf>
         <wf lemma="木" pos="X">木</wf>
         <wf lemma="を" pos="X">を</wf>
         <wf lemma="穏やか" pos="X">穏やか</wf>
         <wf lemma="に" pos="X">に</wf>
         <instance id="d000.s4403.t000" lemma="揺する" pos="VERB">揺すっ</instance>
         <wf lemma="た" pos="X">た</wf>
         <wf lemma="." pos="X">.</wf>
      </sentence>
      <sentence id="d000.s4404" source="wordnet-japanese">
         <wf lemma="出版社" pos="X">出版社</wf>
         <wf lemma="は" pos="X">は</wf>
         <wf lemma="、" pos="X">、</wf>
         <instance id="d000.s4404.t000" lemma="保管" pos="NOUN">保管</instance>
         <wf lemma="の" pos="X">の</wf>
         <wf lemma="費用" pos="X">費用</wf>
         <wf lemma="を" pos="X">を</wf>
         <wf lemma="削減" pos="X">削減</wf>
         <wf lemma="する" pos="X">する</wf>
         <wf lemma="ため" pos="X">ため</wf>
         <wf lemma="に" pos="X">に</wf>
         <wf lemma="、" pos="X">、</wf>
         <wf lemma="印刷部数" pos="X">印刷部数</wf>
         <wf lemma="を" pos="X">を</wf>
         <wf lemma="減らし" pos="X">減らし</wf>
         <wf lemma="た" pos="X">た</wf>
         <wf lemma="." pos="X">.</wf>
      </sentence>
      <sentence id="d000.s4405" source="wordnet-japanese">
         <wf lemma="彼" pos="X">彼</wf>
         <wf lemma="の" pos="X">の</wf>
         <wf lemma="運命" pos="X">運命</wf>
         <wf lemma="は" pos="X">は</wf>
         <instance id="d000.s4405.t000" lemma="確実" pos="ADJ">確実</instance>
         <wf lemma="である" pos="X">である</wf>
         <wf lemma="." pos="X">.</wf>
      </sentence>
      <sentence id="d000.s4406" source="wordnet-japanese">
         <wf lemma="椅子" pos="X">椅子</wf>
         <wf lemma="の" pos="X">の</wf>
         <instance id="d000.s4406.t000" lemma="配置" pos="NOUN">配置</instance>
         <wf lemma="." pos="X">.</wf>
      </sentence>
      <sentence id="d000.s4407" source="wordnet-japanese">
         <wf lemma="宇宙" pos="X">宇宙</wf>
         <wf lemma="旅行" pos="X">旅行</wf>
         <wf lemma="の" pos="X">の</wf>
         <instance id="d000.s4407.t000" lemma="スリル" pos="NOUN">スリル</instance>
         <wf lemma="." pos="X">.</wf>
      </sentence>
      <sentence id="d000.s4408" source="wordnet-japanese">
         <wf lemma="あの" pos="X">あの</wf>
         <wf lemma="地元" pos="X">地元</wf>
         <wf lemma="の" pos="X">の</wf>
         <wf lemma="店" pos="X">店</wf>
         <wf lemma="から" pos="X">から</wf>
         <wf lemma="は" pos="X">は</wf>
         <instance id="d000.s4408.t000" lemma="補償" pos="NOUN">補償</instance>
         <wf lemma="は" pos="X">は</wf>
         <wf lemma="もらえ" pos="X">もらえ</wf>
         <wf lemma="なかっ" pos="X">なかっ</wf>
         <wf lemma="た" pos="X">た</wf>
         <wf lemma="." pos="X">.</wf>
      </sentence>
      <sentence id="d000.s4409" source="wordnet-japanese">
         <wf lemma="パーティー" pos="X">パーティー</wf>
         <wf lemma="の" pos="X">の</wf>
         <wf lemma="ため" pos="X">ため</wf>
         <wf lemma="の" pos="X">の</wf>
         <wf lemma="部屋" pos="X">部屋</wf>
         <wf lemma="を" pos="X">を</wf>
         <instance id="d000.s4409.t000" lemma="飾る" pos="VERB">飾っ</instance>
         <wf lemma="て" pos="X">て</wf>
         <wf lemma="ください" pos="X">ください</wf>
         <wf lemma="." pos="X">.</wf>
      </sentence>
      <sentence id="d000.s4410" source="wordnet-japanese">
         <instance id="d000.s4410.t000" lemma="整数" pos="NOUN">整数</instance>
         <wf lemma="は" pos="X">は</wf>
         <wf lemma="、" pos="X">、</wf>
         <wf lemma="分数" pos="X">分数</wf>
         <wf lemma="で" pos="X">で</wf>
         <wf lemma="ない" pos="X">ない</wf>
         <wf lemma="数" pos="X">数</wf>
         <wf lemma="である" pos="X">である</wf>
         <wf lemma="." pos="X">.</wf>
      </sentence>
      <sentence id="d000.s4411" source="wordnet-japanese">
         <wf lemma="3" pos="X">3</wf>
         <wf lemma="人" pos="X">人</wf>
         <wf lemma="の" pos="X">の</wf>
         <wf lemma="子供" pos="X">子供</wf>
         <wf lemma="の" pos="X">の</wf>
         <instance id="d000.s4411.t000" lemma="母親" pos="NOUN">母親</instance>
         <wf lemma="." pos="X">.</wf>
      </sentence>
      <sentence id="d000.s4412" source="wordnet-japanese">
         <wf lemma="彼" pos="X">彼</wf>
         <wf lemma="は" pos="X">は</wf>
         <wf lemma="その" pos="X">その</wf>
         <wf lemma="結果" pos="X">結果</wf>
         <wf lemma="について" pos="X">について</wf>
         <wf lemma="慎重" pos="X">慎重</wf>
         <wf lemma="に" pos="X">に</wf>
         <instance id="d000.s4412.t000" lemma="探究" pos="NOUN">探究</instance>
         <wf lemma="する" pos="X">する</wf>
         <wf lemma="こと" pos="X">こと</wf>
         <wf lemma="を" pos="X">を</wf>
         <wf lemma="求め" pos="X">求め</wf>
         <wf lemma="た" pos="X">た</wf>
         <wf lemma="." pos="X">.</wf>
      </sentence>
      <sentence id="d000.s4413" source="wordnet-japanese">
         <instance id="d000.s4413.t000" lemma="独占" pos="NOUN">独占</instance>
         <wf lemma="市場" pos="X">市場</wf>
         <wf lemma="の" pos="X">の</wf>
         <wf lemma="場合" pos="X">場合</wf>
         <wf lemma="は" pos="X">は</wf>
         <wf lemma="好き" pos="X">好き</wf>
         <wf lemma="な" pos="X">な</wf>
         <wf lemma="値段" pos="X">値段</wf>
         <wf lemma="を" pos="X">を</wf>
         <wf lemma="代価" pos="X">代価</wf>
         <wf lemma="と" pos="X">と</wf>
         <wf lemma="し" pos="X">し</wf>
         <wf lemma="て" pos="X">て</wf>
         <wf lemma="請求" pos="X">請求</wf>
         <wf lemma="できる" pos="X">できる</wf>
         <wf lemma="." pos="X">.</wf>
      </sentence>
      <sentence id="d000.s4414" source="wordnet-japanese">
         <wf lemma="イヤホーン" pos="X">イヤホーン</wf>
         <wf lemma="は" pos="X">は</wf>
         <instance id="d000.s4414.t000" lemma="ヘッドバンド" pos="NOUN">ヘッドバンド</instance>
         <wf lemma="によって" pos="X">によって</wf>
         <wf lemma="固定" pos="X">固定</wf>
         <wf lemma="さ" pos="X">さ</wf>
         <wf lemma="れ" pos="X">れ</wf>
         <wf lemma="た" pos="X">た</wf>
         <wf lemma="." pos="X">.</wf>
      </sentence>
      <sentence id="d000.s4415" source="wordnet-japanese">
         <wf lemma="ドライバーショット" pos="X">ドライバーショット</wf>
         <wf lemma="が" pos="X">が</wf>
         <wf lemma="グリーン" pos="X">グリーン</wf>
         <wf lemma="に" pos="X">に</wf>
         <instance id="d000.s4415.t000" lemma="届く" pos="VERB">届い</instance>
         <wf lemma="た" pos="X">た</wf>
         <wf lemma="." pos="X">.</wf>
      </sentence>
      <sentence id="d000.s4416" source="wordnet-japanese">
         <instance id="d000.s4416.t000" lemma="フェア" pos="ADJ">フェア</instance>
         <wf lemma="な" pos="X">な</wf>
         <wf lemma="戦い" pos="X">戦い</wf>
         <wf lemma="." pos="X">.</wf>
      </sentence>
      <sentence id="d000.s4417" source="wordnet-japanese">
         <wf lemma="彼" pos="X">彼</wf>
         <wf lemma="は" pos="X">は</wf>
         <wf lemma="テレビ" pos="X">テレビ</wf>
         <wf lemma="の" pos="X">の</wf>
         <wf lemma="見" pos="X">見</wf>
         <wf lemma="慣れ" pos="X">慣れ</wf>
         <wf lemma="た" pos="X">た</wf>
         <instance id="d000.s4417.t000" lemma="光景" pos="NOUN">光景</instance>
         <wf lemma="だっ" pos="X">だっ</wf>
         <wf lemma="た" pos="X">た</wf>
         <wf lemma="." pos="X">.</wf>
      </sentence>
      <sentence id="d000.s4418" source="wordnet-japanese">
         <wf lemma="彼" pos="X">彼</wf>
         <wf lemma="は" pos="X">は</wf>
         <wf lemma="ボストン" pos="X">ボストン</wf>
         <wf lemma="の" pos="X">の</wf>
         <instance id="d000.s4418.t000" lemma="新来者" pos="NOUN">新来者</instance>
         <wf lemma="だ" pos="X">だ</wf>
         <wf lemma="." pos="X">.</wf>
      </sentence>
      <sentence id="d000.s4419" source="wordnet-japanese">
         <instance id="d000.s4419.t000" lemma="野蛮" pos="ADJ">野蛮</instance>
         <wf lemma="と" pos="X">と</wf>
         <wf lemma="迷信" pos="X">迷信</wf>
         <wf lemma="の" pos="X">の</wf>
         <wf lemma="不幸" pos="X">不幸</wf>
         <wf lemma="な" pos="X">な</wf>
         <wf lemma="時代" pos="X">時代</wf>
         <wf lemma="." pos="X">.</wf>
      </sentence>
      <sentence id="d000.s4420" source="wordnet-japanese">
         <instance id="d000.s4420.t000" lemma="タリバン" pos="NOUN">タリバン</instance>
         <wf lemma="は" pos="X">は</wf>
         <wf lemma="厳しい" pos="X">厳しい</wf>
         <wf lemma="イスラム教" pos="X">イスラム教</wf>
         <wf lemma="の" pos="X">の</wf>
         <wf lemma="行動" pos="X">行動</wf>
         <wf lemma="規範" pos="X">規範</wf>
         <wf lemma="を" pos="X">を</wf>
         <wf lemma="実施" pos="X">実施</wf>
         <wf lemma="し" pos="X">し</wf>
         <wf lemma="た" pos="X">た</wf>
         <wf lemma="." pos="X">.</wf>
      </sentence>
      <sentence id="d000.s4421" source="wordnet-japanese">
         <wf lemma="彼ら" pos="X">彼ら</wf>
         <wf lemma="は" pos="X">は</wf>
         <wf lemma="真っ暗" pos="X">真っ暗</wf>
         <instance id="d000.s4421.t000" lemma="闇" pos="NOUN">闇</instance>
         <wf lemma="で" pos="X">で</wf>
         <wf lemma="ご" pos="X">ご</wf>
         <wf lemma="そごそ" pos="X">そごそ</wf>
         <wf lemma="探っ" pos="X">探っ</wf>
         <wf lemma="た" pos="X">た</wf>
         <wf lemma="." pos="X">.</wf>
      </sentence>
      <sentence id="d000.s4422" source="wordnet-japanese">
         <wf lemma="調査" pos="X">調査</wf>
         <wf lemma="は" pos="X">は</wf>
         <wf lemma="、" pos="X">、</wf>
         <wf lemma="非常" pos="X">非常</wf>
         <wf lemma="に" pos="X">に</wf>
         <instance id="d000.s4422.t000" lemma="組織的" pos="ADJ">組織的</instance>
         <wf lemma="だっ" pos="X">だっ</wf>
         <wf lemma="た" pos="X">た</wf>
         <wf lemma="." pos="X">.</wf>
      </sentence>
      <sentence id="d000.s4423" source="wordnet-japanese">
         <wf lemma="血流" pos="X">血流</wf>
         <wf lemma="を" pos="X">を</wf>
         <instance id="d000.s4423.t000" lemma="止める" pos="VERB">止める</instance>
         <wf lemma="." pos="X">.</wf>
      </sentence>
      <sentence id="d000.s4424" source="wordnet-japanese">
         <wf lemma="舞台" pos="X">舞台</wf>
         <wf lemma="と" pos="X">と</wf>
         <instance id="d000.s4424.t000" lemma="映画" pos="NOUN">映画</instance>
         <wf lemma="の" pos="X">の</wf>
         <wf lemma="スター" pos="X">スター</wf>
         <wf lemma="." pos="X">.</wf>
      </sentence>
      <sentence id="d000.s4425" source="wordnet-japanese">
         <wf lemma="何か" pos="X">何か</wf>
         <instance id="d000.s4425.t000" lemma="誤解" pos="NOUN">誤解</instance>
         <wf lemma="が" pos="X">が</wf>
         <wf lemma="ある" pos="X">ある</wf>
         <wf lemma="に" pos="X">に</wf>
         <wf lemma="違い" pos="X">違い</wf>
         <wf lemma="ない" pos="X">ない</wf>
         <wf lemma="−" pos="X">−</wf>
         <wf lemma="−" pos="X">−</wf>
         <wf lemma="私" pos="X">私</wf>
         <wf lemma="に" pos="X">に</wf>
         <wf lemma="妹" pos="X">妹</wf>
         <wf lemma="は" pos="X">は</wf>
         <wf lemma="い" pos="X">い</wf>
         <wf lemma="ない" pos="X">ない</wf>
         <wf lemma="." pos="X">.</wf>
      </sentence>
      <sentence id="d000.s4426" source="wordnet-japanese">
         <wf lemma="therefore'" pos="X">therefore'</wf>
         <wf lemma="は" pos="X">は</wf>
         <instance id="d000.s4426.t000" lemma="入格" pos="ADJ">入格</instance>
         <wf lemma="の" pos="X">の</wf>
         <wf lemma="単語" pos="X">単語</wf>
         <wf lemma="である" pos="X">である</wf>
         <wf lemma="." pos="X">.</wf>
      </sentence>
      <sentence id="d000.s4427" source="wordnet-japanese">
         <wf lemma="いくつか" pos="X">いくつか</wf>
         <wf lemma="の" pos="X">の</wf>
         <instance id="d000.s4427.t000" lemma="権利" pos="NOUN">権利</instance>
         <wf lemma="は" pos="X">は</wf>
         <wf lemma="決して" pos="X">決して</wf>
         <wf lemma="政府" pos="X">政府</wf>
         <wf lemma="に" pos="X">に</wf>
         <wf lemma="は" pos="X">は</wf>
         <wf lemma="与え" pos="X">与え</wf>
         <wf lemma="られ" pos="X">られ</wf>
         <wf lemma="ず" pos="X">ず</wf>
         <wf lemma="、" pos="X">、</wf>
         <wf lemma="国民" pos="X">国民</wf>
         <wf lemma="の" pos="X">の</wf>
         <wf lemma="手" pos="X">手</wf>
         <wf lemma="に" pos="X">に</wf>
         <wf lemma="と" pos="X">と</wf>
         <wf lemma="どめ" pos="X">どめ</wf>
         <wf lemma="て" pos="X">て</wf>
         <wf lemma="おかなければ" pos="X">おかなければ</wf>
         <wf lemma="なら" pos="X">なら</wf>
         <wf lemma="ない" pos="X">ない</wf>
         <wf lemma="−" pos="X">−</wf>
         <wf lemma="エリノア" pos="X">エリノア</wf>
         <wf lemma="・" pos="X">・</wf>
         <wf lemma="ルーズヴェルト" pos="X">ルーズヴェルト</wf>
         <wf lemma="." pos="X">.</wf>
      </sentence>
      <sentence id="d000.s4428" source="wordnet-japanese">
         <wf lemma="ハプスブルグ" pos="X">ハプスブルグ</wf>
         <wf lemma="家" pos="X">家</wf>
         <wf lemma="の" pos="X">の</wf>
         <instance id="d000.s4428.t000" lemma="没落" pos="NOUN">没落</instance>
         <wf lemma="." pos="X">.</wf>
      </sentence>
      <sentence id="d000.s4429" source="wordnet-japanese">
         <wf lemma="彼" pos="X">彼</wf>
         <wf lemma="の" pos="X">の</wf>
         <instance id="d000.s4429.t000" lemma="野望" pos="NOUN">野望</instance>
         <wf lemma="は" pos="X">は</wf>
         <wf lemma="自分" pos="X">自分</wf>
         <wf lemma="の" pos="X">の</wf>
         <wf lemma="事業" pos="X">事業</wf>
         <wf lemma="を" pos="X">を</wf>
         <wf lemma="起こす" pos="X">起こす</wf>
         <wf lemma="こと" pos="X">こと</wf>
         <wf lemma="だ" pos="X">だ</wf>
         <wf lemma="." pos="X">.</wf>
      </sentence>
      <sentence id="d000.s4430" source="wordnet-japanese">
         <wf lemma="彼" pos="X">彼</wf>
         <wf lemma="の" pos="X">の</wf>
         <wf lemma="デリケート" pos="X">デリケート</wf>
         <wf lemma="な" pos="X">な</wf>
         <instance id="d000.s4430.t000" lemma="健康" pos="NOUN">健康</instance>
         <wf lemma="." pos="X">.</wf>
      </sentence>
      <sentence id="d000.s4431" source="wordnet-japanese">
         <instance id="d000.s4431.t000" lemma="やがて" pos="ADV">やがて</instance>
         <wf lemma="、" pos="X">、</wf>
         <wf lemma="彼" pos="X">彼</wf>
         <wf lemma="は" pos="X">は</wf>
         <wf lemma="理解" pos="X">理解</wf>
         <wf lemma="する" pos="X">する</wf>
         <wf lemma="だろ" pos="X">だろ</wf>
         <wf lemma="う" pos="X">う</wf>
         <wf lemma="." pos="X">.</wf>
      </sentence>
      <sentence id="d000.s4432" source="wordnet-japanese">
         <wf lemma="それ" pos="X">それ</wf>
         <wf lemma="は" pos="X">は</wf>
         <wf lemma="全て" pos="X">全て</wf>
         <instance id="d000.s4432.t000" lemma="罠" pos="NOUN">罠</instance>
         <wf lemma="と" pos="X">と</wf>
         <wf lemma="妄想" pos="X">妄想</wf>
         <wf lemma="だっ" pos="X">だっ</wf>
         <wf lemma="た" pos="X">た</wf>
         <wf lemma="." pos="X">.</wf>
      </sentence>
      <sentence id="d000.s4433" source="wordnet-japanese">
         <instance id="d000.s4433.t000" lemma="赤経" pos="NOUN">赤経</instance>
         <wf lemma="の" pos="X">の</wf>
         <wf lemma="1" pos="X">1</wf>
         <wf lemma="時間" pos="X">時間</wf>
         <wf lemma="が" pos="X">が</wf>
         <wf lemma="15" pos="X">15</wf>
         <wf lemma="度" pos="X">度</wf>
         <wf lemma="に" pos="X">に</wf>
         <wf lemma="等しい" pos="X">等しい</wf>
         <wf lemma="." pos="X">.</wf>
      </sentence>
      <sentence id="d000.s4434" source="wordnet-japanese">
         <wf lemma="軍隊" pos="X">軍隊</wf>
         <wf lemma="は" pos="X">は</wf>
         <wf lemma="前方" pos="X">前方</wf>
         <wf lemma="へ" pos="X">へ</wf>
         <instance id="d000.s4434.t000" lemma="押し寄せる" pos="VERB">押し寄せ</instance>
         <wf lemma="た" pos="X">た</wf>
         <wf lemma="." pos="X">.</wf>
      </sentence>
      <sentence id="d000.s4435" source="wordnet-japanese">
         <wf lemma="彼女" pos="X">彼女</wf>
         <wf lemma="は" pos="X">は</wf>
         <wf lemma="大きな" pos="X">大きな</wf>
         <wf lemma="声" pos="X">声</wf>
         <wf lemma="で" pos="X">で</wf>
         <instance id="d000.s4435.t000" lemma="はっきり" pos="ADV">はっきり</instance>
         <wf lemma="と" pos="X">と</wf>
         <wf lemma="叫ん" pos="X">叫ん</wf>
         <wf lemma="だ" pos="X">だ</wf>
         <wf lemma="." pos="X">.</wf>
      </sentence>
      <sentence id="d000.s4436" source="wordnet-japanese">
         <wf lemma="私" pos="X">私</wf>
         <wf lemma="は" pos="X">は</wf>
         <wf lemma="その" pos="X">その</wf>
         <wf lemma="男" pos="X">男</wf>
         <wf lemma="による" pos="X">による</wf>
         <wf lemma="その" pos="X">その</wf>
         <wf lemma="妻" pos="X">妻</wf>
         <wf lemma="に対する" pos="X">に対する</wf>
         <wf lemma="不誠実" pos="X">不誠実</wf>
         <wf lemma="の" pos="X">の</wf>
         <wf lemma="証明" pos="X">証明</wf>
         <wf lemma="を" pos="X">を</wf>
         <instance id="d000.s4436.t000" lemma="集める" pos="VERB">集め</instance>
         <wf lemma="て" pos="X">て</wf>
         <wf lemma="いる" pos="X">いる</wf>
         <wf lemma="." pos="X">.</wf>
      </sentence>
      <sentence id="d000.s4437" source="wordnet-japanese">
         <wf lemma="マスタード" pos="X">マスタード</wf>
         <wf lemma="と" pos="X">と</wf>
         <wf lemma="ケチャップ" pos="X">ケチャップ</wf>
         <wf lemma="は" pos="X">は</wf>
         <wf lemma="、" pos="X">、</wf>
         <instance id="d000.s4437.t000" lemma="調味料" pos="NOUN">調味料</instance>
         <wf lemma="である" pos="X">である</wf>
         <wf lemma="." pos="X">.</wf>
      </sentence>
      <sentence id="d000.s4438" source="wordnet-japanese">
         <instance id="d000.s4438.t000" lemma="恐ろしい" pos="ADJ">恐ろしい</instance>
         <wf lemma="ニュース" pos="X">ニュース</wf>
         <wf lemma="." pos="X">.</wf>
      </sentence>
      <sentence id="d000.s4439" source="wordnet-japanese">
         <instance id="d000.s4439.t000" lemma="歴史学" pos="NOUN">歴史学</instance>
         <wf lemma="は" pos="X">は</wf>
         <wf lemma="長期的" pos="X">長期的</wf>
         <wf lemma="に" pos="X">に</wf>
         <wf lemma="考える" pos="X">考える</wf>
         <wf lemma="." pos="X">.</wf>
      </sentence>
      <sentence id="d000.s4440" source="wordnet-japanese">
         <wf lemma="極度" pos="X">極度</wf>
         <wf lemma="の" pos="X">の</wf>
         <wf lemma="p" pos="X">p</wf>
         <wf lemma="H" pos="X">H</wf>
         <wf lemma="を" pos="X">を</wf>
         <wf lemma="避ける" pos="X">避ける</wf>
         <wf lemma="こと" pos="X">こと</wf>
         <wf lemma="が" pos="X">が</wf>
         <wf lemma="出来る" pos="X">出来る</wf>
         <wf lemma="限り" pos="X">限り</wf>
         <wf lemma="は" pos="X">は</wf>
         <wf lemma="、" pos="X">、</wf>
         <wf lemma="これら" pos="X">これら</wf>
         <wf lemma="の" pos="X">の</wf>
         <wf lemma="魚" pos="X">魚</wf>
         <wf lemma="は" pos="X">は</wf>
         <wf lemma="かなり" pos="X">かなり</wf>
         <instance id="d000.s4440.t000" lemma="耐性" pos="ADJ">耐性</instance>
         <wf lemma="が" pos="X">が</wf>
         <wf lemma="ある" pos="X">ある</wf>
         <wf lemma="." pos="X">.</wf>
      </sentence>
      <sentence id="d000.s4441" source="wordnet-japanese">
         <instance id="d000.s4441.t000" lemma="真新しい" pos="ADJ">真新しい</instance>
         <wf lemma="新型商品" pos="X">新型商品</wf>
         <wf lemma="." pos="X">.</wf>
      </sentence>
      <sentence id="d000.s4442" source="wordnet-japanese">
         <wf lemma="部族" pos="X">部族</wf>
         <wf lemma="は" pos="X">は</wf>
         <wf lemma="お" pos="X">お</wf>
         <wf lemma="互いに" pos="X">互いに</wf>
         <instance id="d000.s4442.t000" lemma="戦う" pos="VERB">戦っ</instance>
         <wf lemma="た" pos="X">た</wf>
         <wf lemma="." pos="X">.</wf>
      </sentence>
      <sentence id="d000.s4443" source="wordnet-japanese">
         <wf lemma="私たち" pos="X">私たち</wf>
         <wf lemma="は" pos="X">は</wf>
         <wf lemma="ネブラスカ" pos="X">ネブラスカ</wf>
         <wf lemma="に" pos="X">に</wf>
         <wf lemma="アイダホ" pos="X">アイダホ</wf>
         <wf lemma="から" pos="X">から</wf>
         <instance id="d000.s4443.t000" lemma="引っ越す" pos="VERB">引っ越し</instance>
         <wf lemma="て" pos="X">て</wf>
         <wf lemma="き" pos="X">き</wf>
         <wf lemma="た" pos="X">た</wf>
         <wf lemma="." pos="X">.</wf>
      </sentence>
      <sentence id="d000.s4444" source="wordnet-japanese">
         <instance id="d000.s4444.t000" lemma="脂っこい" pos="ADJ">脂っこい</instance>
         <wf lemma="食べ物" pos="X">食べ物</wf>
         <wf lemma="." pos="X">.</wf>
      </sentence>
      <sentence id="d000.s4445" source="wordnet-japanese">
         <wf lemma="彼" pos="X">彼</wf>
         <wf lemma="は" pos="X">は</wf>
         <wf lemma="魅力的" pos="X">魅力的</wf>
         <wf lemma="だっ" pos="X">だっ</wf>
         <wf lemma="た" pos="X">た</wf>
         <wf lemma="ので" pos="X">ので</wf>
         <wf lemma="すぐ" pos="X">すぐ</wf>
         <wf lemma="に" pos="X">に</wf>
         <wf lemma="好感" pos="X">好感</wf>
         <wf lemma="と" pos="X">と</wf>
         <instance id="d000.s4445.t000" lemma="人気" pos="NOUN">人気</instance>
         <wf lemma="を" pos="X">を</wf>
         <wf lemma="得" pos="X">得</wf>
         <wf lemma="た" pos="X">た</wf>
         <wf lemma="." pos="X">.</wf>
      </sentence>
      <sentence id="d000.s4446" source="wordnet-japanese">
         <instance id="d000.s4446.t000" lemma="常に" pos="ADV">常に</instance>
         <wf lemma="時間" pos="X">時間</wf>
         <wf lemma="通り" pos="X">通り</wf>
         <wf lemma="に" pos="X">に</wf>
         <wf lemma="着く" pos="X">着く</wf>
         <wf lemma="." pos="X">.</wf>
      </sentence>
      <sentence id="d000.s4447" source="wordnet-japanese">
         <wf lemma="パキスタン" pos="X">パキスタン</wf>
         <wf lemma="政府" pos="X">政府</wf>
         <wf lemma="は" pos="X">は</wf>
         <wf lemma="、" pos="X">、</wf>
         <wf lemma="彼ら" pos="X">彼ら</wf>
         <wf lemma="の" pos="X">の</wf>
         <wf lemma="学生" pos="X">学生</wf>
         <wf lemma="に" pos="X">に</wf>
         <wf lemma="軍事" pos="X">軍事</wf>
         <wf lemma="教練" pos="X">教練</wf>
         <wf lemma="を" pos="X">を</wf>
         <wf lemma="提供" pos="X">提供</wf>
         <wf lemma="し" pos="X">し</wf>
         <wf lemma="た" pos="X">た</wf>
         <instance id="d000.s4447.t000" lemma="マドラサ" pos="NOUN">マドラサ</instance>
         <wf lemma="を" pos="X">を</wf>
         <wf lemma="閉鎖" pos="X">閉鎖</wf>
         <wf lemma="する" pos="X">する</wf>
         <wf lemma="と" pos="X">と</wf>
         <wf lemma="決め" pos="X">決め</wf>
         <wf lemma="た" pos="X">た</wf>
         <wf lemma="." pos="X">.</wf>
      </sentence>
      <sentence id="d000.s4448" source="wordnet-japanese">
         <instance id="d000.s4448.t000" lemma="頻繁" pos="ADJ">頻繁</instance>
         <wf lemma="（" pos="X">（</wf>
         <wf lemma="一般的）" pos="X">一般的）</wf>
         <wf lemma="な" pos="X">な</wf>
         <wf lemma="誤り" pos="X">誤り</wf>
         <wf lemma="は" pos="X">は</wf>
         <wf lemma="自動詞" pos="X">自動詞</wf>
         <wf lemma="lie" pos="X">lie</wf>
         <wf lemma="の" pos="X">の</wf>
         <wf lemma="つもり" pos="X">つもり</wf>
         <wf lemma="で" pos="X">で</wf>
         <wf lemma="他動詞" pos="X">他動詞</wf>
         <wf lemma="の" pos="X">の</wf>
         <wf lemma="lay" pos="X">lay</wf>
         <wf lemma="を" pos="X">を</wf>
         <wf lemma="使う" pos="X">使う</wf>
         <wf lemma="こと" pos="X">こと</wf>
         <wf lemma="である" pos="X">である</wf>
         <wf lemma="." pos="X">.</wf>
      </sentence>
      <sentence id="d000.s4449" source="wordnet-japanese">
         <wf lemma="結婚" pos="X">結婚</wf>
         <wf lemma="は" pos="X">は</wf>
         <instance id="d000.s4449.t000" lemma="重大" pos="ADJ">重大</instance>
         <wf lemma="な" pos="X">な</wf>
         <wf lemma="問題" pos="X">問題</wf>
         <wf lemma="です" pos="X">です</wf>
         <wf lemma="." pos="X">.</wf>
      </sentence>
      <sentence id="d000.s4450" source="wordnet-japanese">
         <wf lemma="木々" pos="X">木々</wf>
         <wf lemma="の" pos="X">の</wf>
         <instance id="d000.s4450.t000" lemma="カーテン" pos="NOUN">カーテン</instance>
         <wf lemma="." pos="X">.</wf>
      </sentence>
      <sentence id="d000.s4451" source="wordnet-japanese">
         <wf lemma="会社" pos="X">会社</wf>
         <wf lemma="は" pos="X">は</wf>
         <instance id="d000.s4451.t000" lemma="破産" pos="NOUN">破産</instance>
         <wf lemma="を" pos="X">を</wf>
         <wf lemma="宣告" pos="X">宣告</wf>
         <wf lemma="し" pos="X">し</wf>
         <wf lemma="なければ" pos="X">なければ</wf>
         <wf lemma="なら" pos="X">なら</wf>
         <wf lemma="なかっ" pos="X">なかっ</wf>
         <wf lemma="た" pos="X">た</wf>
         <wf lemma="." pos="X">.</wf>
      </sentence>
      <sentence id="d000.s4452" source="wordnet-japanese">
         <wf lemma="彼" pos="X">彼</wf>
         <wf lemma="は" pos="X">は</wf>
         <wf lemma="、" pos="X">、</wf>
         <instance id="d000.s4452.t000" lemma="聖書" pos="NOUN">聖書</instance>
         <wf lemma="を" pos="X">を</wf>
         <wf lemma="異教徒" pos="X">異教徒</wf>
         <wf lemma="に" pos="X">に</wf>
         <wf lemma="伝達" pos="X">伝達</wf>
         <wf lemma="し" pos="X">し</wf>
         <wf lemma="に" pos="X">に</wf>
         <wf lemma="行っ" pos="X">行っ</wf>
         <wf lemma="た" pos="X">た</wf>
         <wf lemma="." pos="X">.</wf>
      </sentence>
      <sentence id="d000.s4453" source="wordnet-japanese">
         <wf lemma="それ" pos="X">それ</wf>
         <wf lemma="は" pos="X">は</wf>
         <wf lemma="良い" pos="X">良い</wf>
         <wf lemma="スウィング" pos="X">スウィング</wf>
         <wf lemma="だっ" pos="X">だっ</wf>
         <wf lemma="た" pos="X">た</wf>
         <wf lemma="が" pos="X">が</wf>
         <wf lemma="、" pos="X">、</wf>
         <wf lemma="ボール" pos="X">ボール</wf>
         <wf lemma="は" pos="X">は</wf>
         <instance id="d000.s4453.t000" lemma="ディボット" pos="NOUN">ディボット</instance>
         <wf lemma="に" pos="X">に</wf>
         <wf lemma="なっ" pos="X">なっ</wf>
         <wf lemma="た" pos="X">た</wf>
         <wf lemma="." pos="X">.</wf>
      </sentence>
      <sentence id="d000.s4454" source="wordnet-japanese">
         <wf lemma="音楽的" pos="X">音楽的</wf>
         <wf lemma="才能" pos="X">才能</wf>
         <wf lemma="の" pos="X">の</wf>
         <wf lemma="注目" pos="X">注目</wf>
         <wf lemma="す" pos="X">す</wf>
         <wf lemma="べき" pos="X">べき</wf>
         <instance id="d000.s4454.t000" lemma="発揮" pos="NOUN">発揮</instance>
         <wf lemma="." pos="X">.</wf>
      </sentence>
      <sentence id="d000.s4455" source="wordnet-japanese">
         <wf lemma="1" pos="X">1</wf>
         <wf lemma="時間" pos="X">時間</wf>
         <wf lemma="雹" pos="X">雹</wf>
         <wf lemma="が" pos="X">が</wf>
         <instance id="d000.s4455.t000" lemma="降る" pos="VERB">降っ</instance>
         <wf lemma="た" pos="X">た</wf>
         <wf lemma="." pos="X">.</wf>
      </sentence>
      <sentence id="d000.s4456" source="wordnet-japanese">
         <wf lemma="列車" pos="X">列車</wf>
         <wf lemma="で" pos="X">で</wf>
         <wf lemma="の" pos="X">の</wf>
         <instance id="d000.s4456.t000" lemma="退屈" pos="ADJ">退屈</instance>
         <wf lemma="な" pos="X">な</wf>
         <wf lemma="日々" pos="X">日々</wf>
         <wf lemma="." pos="X">.</wf>
      </sentence>
      <sentence id="d000.s4457" source="wordnet-japanese">
         <wf lemma="HIV" pos="X">HIV</wf>
         <wf lemma="テスト" pos="X">テスト</wf>
         <wf lemma="は" pos="X">は</wf>
         <instance id="d000.s4457.t000" lemma="陰性" pos="ADJ">陰性</instance>
         <wf lemma="だっ" pos="X">だっ</wf>
         <wf lemma="た" pos="X">た</wf>
         <wf lemma="." pos="X">.</wf>
      </sentence>
      <sentence id="d000.s4458" source="wordnet-japanese">
         <wf lemma="彼ら" pos="X">彼ら</wf>
         <wf lemma="は" pos="X">は</wf>
         <instance id="d000.s4458.t000" lemma="連続" pos="NOUN">連続</instance>
         <wf lemma="銀行" pos="X">銀行</wf>
         <wf lemma="強盗" pos="X">強盗</wf>
         <wf lemma="事件" pos="X">事件</wf>
         <wf lemma="を" pos="X">を</wf>
         <wf lemma="捜査" pos="X">捜査</wf>
         <wf lemma="し" pos="X">し</wf>
         <wf lemma="て" pos="X">て</wf>
         <wf lemma="い" pos="X">い</wf>
         <wf lemma="た" pos="X">た</wf>
         <wf lemma="." pos="X">.</wf>
      </sentence>
      <sentence id="d000.s4459" source="wordnet-japanese">
         <wf lemma="この" pos="X">この</wf>
         <wf lemma="青年" pos="X">青年</wf>
         <wf lemma="は" pos="X">は</wf>
         <wf lemma="、" pos="X">、</wf>
         <wf lemma="出世" pos="X">出世</wf>
         <wf lemma="階段" pos="X">階段</wf>
         <wf lemma="を" pos="X">を</wf>
         <instance id="d000.s4459.t000" lemma="上る" pos="VERB">上る</instance>
         <wf lemma="方法" pos="X">方法</wf>
         <wf lemma="を" pos="X">を</wf>
         <wf lemma="知っ" pos="X">知っ</wf>
         <wf lemma="て" pos="X">て</wf>
         <wf lemma="いる" pos="X">いる</wf>
         <wf lemma="." pos="X">.</wf>
      </sentence>
      <sentence id="d000.s4460" source="wordnet-japanese">
         <wf lemma="彼ら" pos="X">彼ら</wf>
         <wf lemma="は" pos="X">は</wf>
         <wf lemma="物" pos="X">物</wf>
         <wf lemma="を" pos="X">を</wf>
         <instance id="d000.s4460.t000" lemma="空間" pos="NOUN">空間</instance>
         <wf lemma="に" pos="X">に</wf>
         <wf lemma="位置" pos="X">位置</wf>
         <wf lemma="づける" pos="X">づける</wf>
         <wf lemma="彼" pos="X">彼</wf>
         <wf lemma="の" pos="X">の</wf>
         <wf lemma="能力" pos="X">能力</wf>
         <wf lemma="を" pos="X">を</wf>
         <wf lemma="テスト" pos="X">テスト</wf>
         <wf lemma="し" pos="X">し</wf>
         <wf lemma="た" pos="X">た</wf>
         <wf lemma="." pos="X">.</wf>
      </sentence>
      <sentence id="d000.s4461" source="wordnet-japanese">
         <wf lemma="私" pos="X">私</wf>
         <wf lemma="は" pos="X">は</wf>
         <wf lemma="、" pos="X">、</wf>
         <instance id="d000.s4461.t000" lemma="取得" pos="NOUN">取得</instance>
         <wf lemma="する" pos="X">する</wf>
         <wf lemma="こと" pos="X">こと</wf>
         <wf lemma="に対する" pos="X">に対する</wf>
         <wf lemma="彼" pos="X">彼</wf>
         <wf lemma="の" pos="X">の</wf>
         <wf lemma="才能" pos="X">才能</wf>
         <wf lemma="を" pos="X">を</wf>
         <wf lemma="ねたん" pos="X">ねたん</wf>
         <wf lemma="だ" pos="X">だ</wf>
         <wf lemma="." pos="X">.</wf>
      </sentence>
      <sentence id="d000.s4462" source="wordnet-japanese">
         <instance id="d000.s4462.t000" lemma="浅い" pos="ADJ">浅く</instance>
         <wf lemma="落ち着か" pos="X">落ち着か</wf>
         <wf lemma="ない" pos="X">ない</wf>
         <wf lemma="眠り" pos="X">眠り</wf>
         <wf lemma="の" pos="X">の</wf>
         <wf lemma="夜" pos="X">夜</wf>
         <wf lemma="." pos="X">.</wf>
      </sentence>
      <sentence id="d000.s4463" source="wordnet-japanese">
         <wf lemma="彼女" pos="X">彼女</wf>
         <wf lemma="は" pos="X">は</wf>
         <instance id="d000.s4463.t000" lemma="実際" pos="ADV">実際</instance>
         <wf lemma="に" pos="X">に</wf>
         <wf lemma="ラテン" pos="X">ラテン</wf>
         <wf lemma="を" pos="X">を</wf>
         <wf lemma="話し" pos="X">話し</wf>
         <wf lemma="た" pos="X">た</wf>
         <wf lemma="." pos="X">.</wf>
      </sentence>
      <sentence id="d000.s4464" source="wordnet-japanese">
         <wf lemma="彼" pos="X">彼</wf>
         <wf lemma="の" pos="X">の</wf>
         <wf lemma="震え" pos="X">震え</wf>
         <wf lemma="は" pos="X">は</wf>
         <wf lemma="恐れ" pos="X">恐れ</wf>
         <wf lemma="て" pos="X">て</wf>
         <wf lemma="いる" pos="X">いる</wf>
         <wf lemma="こと" pos="X">こと</wf>
         <wf lemma="の" pos="X">の</wf>
         <instance id="d000.s4464.t000" lemma="証拠" pos="NOUN">証拠</instance>
         <wf lemma="だっ" pos="X">だっ</wf>
         <wf lemma="た" pos="X">た</wf>
         <wf lemma="." pos="X">.</wf>
      </sentence>
      <sentence id="d000.s4465" source="wordnet-japanese">
         <wf lemma="彼女" pos="X">彼女</wf>
         <wf lemma="は" pos="X">は</wf>
         <wf lemma="絹" pos="X">絹</wf>
         <wf lemma="の" pos="X">の</wf>
         <instance id="d000.s4465.t000" lemma="触感" pos="NOUN">触感</instance>
         <wf lemma="が" pos="X">が</wf>
         <wf lemma="好き" pos="X">好き</wf>
         <wf lemma="だっ" pos="X">だっ</wf>
         <wf lemma="た" pos="X">た</wf>
         <wf lemma="." pos="X">.</wf>
      </sentence>
      <sentence id="d000.s4466" source="wordnet-japanese">
         <wf lemma="私" pos="X">私</wf>
         <wf lemma="が" pos="X">が</wf>
         <wf lemma="そこ" pos="X">そこ</wf>
         <wf lemma="に" pos="X">に</wf>
         <wf lemma="い" pos="X">い</wf>
         <wf lemma="た" pos="X">た</wf>
         <wf lemma="の" pos="X">の</wf>
         <wf lemma="は" pos="X">は</wf>
         <instance id="d000.s4466.t000" lemma="幸運" pos="NOUN">幸運</instance>
         <wf lemma="だっ" pos="X">だっ</wf>
         <wf lemma="た" pos="X">た</wf>
         <wf lemma="." pos="X">.</wf>
      </sentence>
      <sentence id="d000.s4467" source="wordnet-japanese">
         <instance id="d000.s4467.t000" lemma="ミズーリ" pos="NOUN">ミズーリ</instance>
         <wf lemma="川" pos="X">川</wf>
         <wf lemma="と" pos="X">と</wf>
         <wf lemma="ミシシッピ" pos="X">ミシシッピ</wf>
         <wf lemma="川" pos="X">川</wf>
         <wf lemma="は" pos="X">は</wf>
         <wf lemma="、" pos="X">、</wf>
         <wf lemma="ともに" pos="X">ともに</wf>
         <wf lemma="世界" pos="X">世界</wf>
         <wf lemma="で" pos="X">で</wf>
         <wf lemma="3" pos="X">3</wf>
         <wf lemma="番" pos="X">番</wf>
         <wf lemma="目" pos="X">目</wf>
         <wf lemma="に" pos="X">に</wf>
         <wf lemma="長い川" pos="X">長い川</wf>
         <wf lemma="を" pos="X">を</wf>
         <wf lemma="形成" pos="X">形成</wf>
         <wf lemma="する" pos="X">する</wf>
         <wf lemma="." pos="X">.</wf>
      </sentence>
      <sentence id="d000.s4468" source="wordnet-japanese">
         <wf lemma="2" pos="X">2</wf>
         <wf lemma="フィート" pos="X">フィート</wf>
         <wf lemma="歩き" pos="X">歩き</wf>
         <wf lemma="続ける" pos="X">続ける</wf>
         <wf lemma="こと" pos="X">こと</wf>
         <wf lemma="が" pos="X">が</wf>
         <instance id="d000.s4468.t000" lemma="できる" pos="ADJ">できる</instance>
         <wf lemma="." pos="X">.</wf>
      </sentence>
      <sentence id="d000.s4469" source="wordnet-japanese">
         <instance id="d000.s4469.t000" lemma="片方" pos="NOUN">片方</instance>
         <wf lemma="の" pos="X">の</wf>
         <wf lemma="目" pos="X">目</wf>
         <wf lemma="は" pos="X">は</wf>
         <wf lemma="青かっ" pos="X">青かっ</wf>
         <wf lemma="た" pos="X">た</wf>
         <wf lemma="が" pos="X">が</wf>
         <wf lemma="、" pos="X">、</wf>
         <wf lemma="もう" pos="X">もう</wf>
         <wf lemma="片方" pos="X">片方</wf>
         <wf lemma="は" pos="X">は</wf>
         <wf lemma="茶色" pos="X">茶色</wf>
         <wf lemma="だっ" pos="X">だっ</wf>
         <wf lemma="た" pos="X">た</wf>
         <wf lemma="." pos="X">.</wf>
      </sentence>
      <sentence id="d000.s4470" source="wordnet-japanese">
         <wf lemma="来年" pos="X">来年</wf>
         <wf lemma="、" pos="X">、</wf>
         <instance id="d000.s4470.t000" lemma="会議" pos="NOUN">会議</instance>
         <wf lemma="は" pos="X">は</wf>
         <wf lemma="シカゴ" pos="X">シカゴ</wf>
         <wf lemma="で" pos="X">で</wf>
         <wf lemma="開催" pos="X">開催</wf>
         <wf lemma="さ" pos="X">さ</wf>
         <wf lemma="れる" pos="X">れる</wf>
         <wf lemma="でしょ" pos="X">でしょ</wf>
         <wf lemma="う" pos="X">う</wf>
         <wf lemma="." pos="X">.</wf>
      </sentence>
      <sentence id="d000.s4471" source="wordnet-japanese">
         <wf lemma="それ" pos="X">それ</wf>
         <wf lemma="は" pos="X">は</wf>
         <wf lemma="金" pos="X">金</wf>
         <wf lemma="と" pos="X">と</wf>
         <instance id="d000.s4471.t000" lemma="同じ" pos="ADJ">同じ</instance>
         <wf lemma="くらい" pos="X">くらい</wf>
         <wf lemma="良かっ" pos="X">良かっ</wf>
         <wf lemma="た" pos="X">た</wf>
         <wf lemma="." pos="X">.</wf>
      </sentence>
      <sentence id="d000.s4472" source="wordnet-japanese">
         <wf lemma="彼" pos="X">彼</wf>
         <wf lemma="は" pos="X">は</wf>
         <wf lemma="賃貸料" pos="X">賃貸料</wf>
         <wf lemma="を" pos="X">を</wf>
         <instance id="d000.s4472.t000" lemma="集める" pos="VERB">集め</instance>
         <wf lemma="た" pos="X">た</wf>
         <wf lemma="." pos="X">.</wf>
      </sentence>
      <sentence id="d000.s4473" source="wordnet-japanese">
         <wf lemma="いかなる" pos="X">いかなる</wf>
         <wf lemma="権利" pos="X">権利</wf>
         <wf lemma="も" pos="X">も</wf>
         <instance id="d000.s4473.t000" lemma="責任" pos="NOUN">責任</instance>
         <wf lemma="を" pos="X">を</wf>
         <wf lemma="伴う" pos="X">伴う</wf>
         <wf lemma="。" pos="X">。</wf>
         <wf lemma="いかなる" pos="X">いかなる</wf>
         <wf lemma="チャンス" pos="X">チャンス</wf>
         <wf lemma="も" pos="X">も</wf>
         <wf lemma="義務" pos="X">義務</wf>
         <wf lemma="を" pos="X">を</wf>
         <wf lemma="伴う" pos="X">伴う</wf>
         <wf lemma="。" pos="X">。</wf>
         <wf lemma="いかなる" pos="X">いかなる</wf>
         <wf lemma="所有" pos="X">所有</wf>
         <wf lemma="も" pos="X">も</wf>
         <wf lemma="納税" pos="X">納税</wf>
         <wf lemma="の" pos="X">の</wf>
         <wf lemma="義務" pos="X">義務</wf>
         <wf lemma="を" pos="X">を</wf>
         <wf lemma="伴う" pos="X">伴う</wf>
         <wf lemma="。" pos="X">。</wf>
         <wf lemma="−ジョン" pos="X">−ジョン</wf>
         <wf lemma="・" pos="X">・</wf>
         <wf lemma="D" pos="X">D</wf>
         <wf lemma="・" pos="X">・</wf>
         <wf lemma="ロックフェラー" pos="X">ロックフェラー</wf>
         <wf lemma="・" pos="X">・</wf>
         <wf lemma="ジュニア" pos="X">ジュニア</wf>
         <wf lemma="." pos="X">.</wf>
      </sentence>
      <sentence id="d000.s4474" source="wordnet-japanese">
         <wf lemma="彼" pos="X">彼</wf>
         <wf lemma="は" pos="X">は</wf>
         <wf lemma="機智" pos="X">機智</wf>
         <wf lemma="に" pos="X">に</wf>
         <wf lemma="富ん" pos="X">富ん</wf>
         <wf lemma="だ" pos="X">だ</wf>
         <wf lemma="言葉" pos="X">言葉</wf>
         <wf lemma="で" pos="X">で</wf>
         <instance id="d000.s4474.t000" lemma="テーブル" pos="NOUN">テーブル</instance>
         <wf lemma="を" pos="X">を</wf>
         <wf lemma="楽し" pos="X">楽し</wf>
         <wf lemma="ませ" pos="X">ませ</wf>
         <wf lemma="た" pos="X">た</wf>
         <wf lemma="." pos="X">.</wf>
      </sentence>
      <sentence id="d000.s4475" source="wordnet-japanese">
         <instance id="d000.s4475.t000" lemma="生態学的" pos="ADV">生態学的</instance>
         <wf lemma="に" pos="X">に</wf>
         <wf lemma="は" pos="X">は</wf>
         <wf lemma="、" pos="X">、</wf>
         <wf lemma="この" pos="X">この</wf>
         <wf lemma="考え" pos="X">考え</wf>
         <wf lemma="は" pos="X">は</wf>
         <wf lemma="すばらしい" pos="X">すばらしい</wf>
         <wf lemma="；" pos="X">；</wf>
         <wf lemma="経済学的" pos="X">経済学的</wf>
         <wf lemma="に" pos="X">に</wf>
         <wf lemma="は" pos="X">は</wf>
         <wf lemma="、" pos="X">、</wf>
         <wf lemma="それ" pos="X">それ</wf>
         <wf lemma="は" pos="X">は</wf>
         <wf lemma="災害" pos="X">災害</wf>
         <wf lemma="である" pos="X">である</wf>
         <wf lemma="." pos="X">.</wf>
      </sentence>
      <sentence id="d000.s4476" source="wordnet-japanese">
         <wf lemma="その" pos="X">その</wf>
         <wf lemma="馬" pos="X">馬</wf>
         <wf lemma="たち" pos="X">たち</wf>
         <wf lemma="は" pos="X">は</wf>
         <wf lemma="、" pos="X">、</wf>
         <wf lemma="草地" pos="X">草地</wf>
         <wf lemma="を" pos="X">を</wf>
         <wf lemma="越え" pos="X">越え</wf>
         <wf lemma="て" pos="X">て</wf>
         <instance id="d000.s4476.t000" lemma="歩く" pos="VERB">歩い</instance>
         <wf lemma="た" pos="X">た</wf>
         <wf lemma="." pos="X">.</wf>
      </sentence>
      <sentence id="d000.s4477" source="wordnet-japanese">
         <wf lemma="可能性" pos="X">可能性</wf>
         <wf lemma="の" pos="X">の</wf>
         <instance id="d000.s4477.t000" lemma="現実的" pos="ADJ">現実的</instance>
         <wf lemma="な" pos="X">な</wf>
         <wf lemma="観点" pos="X">観点</wf>
         <wf lemma="." pos="X">.</wf>
      </sentence>
      <sentence id="d000.s4478" source="wordnet-japanese">
         <instance id="d000.s4478.t000" lemma="浅い" pos="ADJ">浅い</instance>
         <wf lemma="切口" pos="X">切口</wf>
         <wf lemma="." pos="X">.</wf>
      </sentence>
      <sentence id="d000.s4479" source="wordnet-japanese">
         <wf lemma="彼女" pos="X">彼女</wf>
         <wf lemma="が" pos="X">が</wf>
         <wf lemma="彼女" pos="X">彼女</wf>
         <wf lemma="の" pos="X">の</wf>
         <wf lemma="財布" pos="X">財布</wf>
         <wf lemma="を" pos="X">を</wf>
         <wf lemma="手渡す" pos="X">手渡す</wf>
         <wf lemma="こと" pos="X">こと</wf>
         <wf lemma="を" pos="X">を</wf>
         <wf lemma="拒否" pos="X">拒否</wf>
         <wf lemma="し" pos="X">し</wf>
         <wf lemma="た" pos="X">た</wf>
         <wf lemma="あと" pos="X">あと</wf>
         <wf lemma="、" pos="X">、</wf>
         <wf lemma="強盗" pos="X">強盗</wf>
         <wf lemma="は" pos="X">は</wf>
         <wf lemma="老婦人" pos="X">老婦人</wf>
         <wf lemma="を" pos="X">を</wf>
         <instance id="d000.s4479.t000" lemma="殴り倒す" pos="VERB">殴り倒し</instance>
         <wf lemma="た" pos="X">た</wf>
         <wf lemma="." pos="X">.</wf>
      </sentence>
      <sentence id="d000.s4480" source="wordnet-japanese">
         <wf lemma="攻撃" pos="X">攻撃</wf>
         <wf lemma="を" pos="X">を</wf>
         <instance id="d000.s4480.t000" lemma="加える" pos="VERB">加える</instance>
         <wf lemma="." pos="X">.</wf>
      </sentence>
      <sentence id="d000.s4481" source="wordnet-japanese">
         <wf lemma="ライト" pos="X">ライト</wf>
         <wf lemma="・" pos="X">・</wf>
         <instance id="d000.s4481.t000" lemma="タックル" pos="NOUN">タックル</instance>
         <wf lemma="の" pos="X">の</wf>
         <wf lemma="選手" pos="X">選手</wf>
         <wf lemma="は" pos="X">は</wf>
         <wf lemma="、" pos="X">、</wf>
         <wf lemma="オール" pos="X">オール</wf>
         <wf lemma="A" pos="X">A</wf>
         <wf lemma="の" pos="X">の</wf>
         <wf lemma="生徒" pos="X">生徒</wf>
         <wf lemma="だ" pos="X">だ</wf>
         <wf lemma="." pos="X">.</wf>
      </sentence>
      <sentence id="d000.s4482" source="wordnet-japanese">
         <wf lemma="我々" pos="X">我々</wf>
         <wf lemma="は" pos="X">は</wf>
         <wf lemma="インフレ" pos="X">インフレ</wf>
         <wf lemma="の" pos="X">の</wf>
         <wf lemma="効果" pos="X">効果</wf>
         <wf lemma="を" pos="X">を</wf>
         <instance id="d000.s4482.t000" lemma="感じる" pos="VERB">感じ</instance>
         <wf lemma="た" pos="X">た</wf>
         <wf lemma="." pos="X">.</wf>
      </sentence>
      <sentence id="d000.s4483" source="wordnet-japanese">
         <wf lemma="彼" pos="X">彼</wf>
         <wf lemma="は" pos="X">は</wf>
         <wf lemma="街" pos="X">街</wf>
         <wf lemma="の" pos="X">の</wf>
         <instance id="d000.s4483.t000" lemma="言葉" pos="NOUN">言葉</instance>
         <wf lemma="を" pos="X">を</wf>
         <wf lemma="記録" pos="X">記録</wf>
         <wf lemma="し" pos="X">し</wf>
         <wf lemma="て" pos="X">て</wf>
         <wf lemma="歩い" pos="X">歩い</wf>
         <wf lemma="た" pos="X">た</wf>
         <wf lemma="." pos="X">.</wf>
      </sentence>
      <sentence id="d000.s4484" source="wordnet-japanese">
         <wf lemma="リムジン" pos="X">リムジン</wf>
         <wf lemma="が" pos="X">が</wf>
         <wf lemma="付く" pos="X">付く</wf>
         <wf lemma="の" pos="X">の</wf>
         <wf lemma="は" pos="X">は</wf>
         <wf lemma="その" pos="X">その</wf>
         <wf lemma="仕事" pos="X">仕事</wf>
         <wf lemma="の" pos="X">の</wf>
         <instance id="d000.s4484.t000" lemma="役得" pos="NOUN">役得</instance>
         <wf lemma="だ" pos="X">だ</wf>
         <wf lemma="." pos="X">.</wf>
      </sentence>
      <sentence id="d000.s4485" source="wordnet-japanese">
         <wf lemma="真実" pos="X">真実</wf>
         <wf lemma="から" pos="X">から</wf>
         <wf lemma="は程" pos="X">は程</wf>
         <instance id="d000.s4485.t000" lemma="遠い" pos="ADJ">遠い</instance>
         <wf lemma="." pos="X">.</wf>
      </sentence>
      <sentence id="d000.s4486" source="wordnet-japanese">
         <instance id="d000.s4486.t000" lemma="気まぐれ" pos="ADJ">気まぐれ</instance>
         <wf lemma="な" pos="X">な</wf>
         <wf lemma="拒絶" pos="X">拒絶</wf>
         <wf lemma="." pos="X">.</wf>
      </sentence>
      <sentence id="d000.s4487" source="wordnet-japanese">
         <wf lemma="傍聴人" pos="X">傍聴人</wf>
         <wf lemma="は" pos="X">は</wf>
         <wf lemma="、" pos="X">、</wf>
         <instance id="d000.s4487.t000" lemma="バー" pos="NOUN">バー</instance>
         <wf lemma="の" pos="X">の</wf>
         <wf lemma="向こう" pos="X">向こう</wf>
         <wf lemma="に" pos="X">に</wf>
         <wf lemma="入る" pos="X">入る</wf>
         <wf lemma="こと" pos="X">こと</wf>
         <wf lemma="が" pos="X">が</wf>
         <wf lemma="でき" pos="X">でき</wf>
         <wf lemma="なかっ" pos="X">なかっ</wf>
         <wf lemma="た" pos="X">た</wf>
         <wf lemma="." pos="X">.</wf>
      </sentence>
      <sentence id="d000.s4488" source="wordnet-japanese">
         <wf lemma="北部" pos="X">北部</wf>
         <wf lemma="の" pos="X">の</wf>
         <wf lemma="冬" pos="X">冬</wf>
         <wf lemma="の" pos="X">の</wf>
         <instance id="d000.s4488.t000" lemma="白い" pos="ADJ">白い</instance>
         <wf lemma="丘" pos="X">丘</wf>
         <wf lemma="." pos="X">.</wf>
      </sentence>
      <sentence id="d000.s4489" source="wordnet-japanese">
         <wf lemma="ダーヴィン" pos="X">ダーヴィン</wf>
         <instance id="d000.s4489.t000" lemma="思想" pos="NOUN">思想</instance>
         <wf lemma="." pos="X">.</wf>
      </sentence>
      <sentence id="d000.s4490" source="wordnet-japanese">
         <wf lemma="彼女" pos="X">彼女</wf>
         <wf lemma="は" pos="X">は</wf>
         <wf lemma="私" pos="X">私</wf>
         <wf lemma="に" pos="X">に</wf>
         <wf lemma="害" pos="X">害</wf>
         <wf lemma="を" pos="X">を</wf>
         <wf lemma="与える" pos="X">与える</wf>
         <wf lemma="と" pos="X">と</wf>
         <wf lemma="は" pos="X">は</wf>
         <instance id="d000.s4490.t000" lemma="考える" pos="VERB">考え</instance>
         <wf lemma="なかっ" pos="X">なかっ</wf>
         <wf lemma="た" pos="X">た</wf>
         <wf lemma="." pos="X">.</wf>
      </sentence>
      <sentence id="d000.s4491" source="wordnet-japanese">
         <instance id="d000.s4491.t000" lemma="現金" pos="NOUN">現金</instance>
         <wf lemma="が" pos="X">が</wf>
         <wf lemma="ひどく" pos="X">ひどく</wf>
         <wf lemma="不足" pos="X">不足</wf>
         <wf lemma="し" pos="X">し</wf>
         <wf lemma="て" pos="X">て</wf>
         <wf lemma="いる" pos="X">いる</wf>
         <wf lemma="." pos="X">.</wf>
      </sentence>
      <sentence id="d000.s4492" source="wordnet-japanese">
         <wf lemma="スタイル" pos="X">スタイル</wf>
         <wf lemma="に" pos="X">に</wf>
         <instance id="d000.s4492.t000" lemma="無関心" pos="ADJ">無関心</instance>
         <wf lemma="な" pos="X">な</wf>
         <wf lemma="読者" pos="X">読者</wf>
         <wf lemma="." pos="X">.</wf>
      </sentence>
      <sentence id="d000.s4493" source="wordnet-japanese">
         <wf lemma="花嫁" pos="X">花嫁</wf>
         <wf lemma="の" pos="X">の</wf>
         <instance id="d000.s4493.t000" lemma="トレーン" pos="NOUN">トレーン</instance>
         <wf lemma="は" pos="X">は</wf>
         <wf lemma="、" pos="X">、</wf>
         <wf lemma="彼女" pos="X">彼女</wf>
         <wf lemma="の" pos="X">の</wf>
         <wf lemma="2" pos="X">2</wf>
         <wf lemma="人" pos="X">人</wf>
         <wf lemma="の" pos="X">の</wf>
         <wf lemma="若い" pos="X">若い</wf>
         <wf lemma="甥" pos="X">甥</wf>
         <wf lemma="によって" pos="X">によって</wf>
         <wf lemma="持た" pos="X">持た</wf>
         <wf lemma="れ" pos="X">れ</wf>
         <wf lemma="て" pos="X">て</wf>
         <wf lemma="い" pos="X">い</wf>
         <wf lemma="た" pos="X">た</wf>
         <wf lemma="." pos="X">.</wf>
      </sentence>
      <sentence id="d000.s4494" source="wordnet-japanese">
         <wf lemma="彼女" pos="X">彼女</wf>
         <wf lemma="は" pos="X">は</wf>
         <wf lemma="、" pos="X">、</wf>
         <wf lemma="防音" pos="X">防音</wf>
         <wf lemma="ブース" pos="X">ブース</wf>
         <wf lemma="から" pos="X">から</wf>
         <instance id="d000.s4494.t000" lemma="レコーディング" pos="NOUN">レコーディング</instance>
         <wf lemma="を" pos="X">を</wf>
         <wf lemma="見" pos="X">見</wf>
         <wf lemma="た" pos="X">た</wf>
         <wf lemma="." pos="X">.</wf>
      </sentence>
      <sentence id="d000.s4495" source="wordnet-japanese">
         <wf lemma="ファシズム" pos="X">ファシズム</wf>
         <wf lemma="に対する" pos="X">に対する</wf>
         <instance id="d000.s4495.t000" lemma="恥知らず" pos="ADJ">恥知らず</instance>
         <wf lemma="な" pos="X">な</wf>
         <wf lemma="擁護者" pos="X">擁護者</wf>
         <wf lemma="." pos="X">.</wf>
      </sentence>
      <sentence id="d000.s4496" source="wordnet-japanese">
         <wf lemma="ランプ" pos="X">ランプ</wf>
         <wf lemma="の" pos="X">の</wf>
         <instance id="d000.s4496.t000" lemma="台" pos="NOUN">台</instance>
         <wf lemma="." pos="X">.</wf>
      </sentence>
      <sentence id="d000.s4497" source="wordnet-japanese">
         <instance id="d000.s4497.t000" lemma="淡い" pos="ADJ">淡い</instance>
         <wf lemma="（" pos="X">（</wf>
         <wf lemma="または" pos="X">または</wf>
         <wf lemma="青白い" pos="X">青白い</wf>
         <wf lemma="）星" pos="X">）星</wf>
         <wf lemma="." pos="X">.</wf>
      </sentence>
      <sentence id="d000.s4498" source="wordnet-japanese">
         <wf lemma="彼" pos="X">彼</wf>
         <wf lemma="は" pos="X">は</wf>
         <wf lemma="アトランタ" pos="X">アトランタ</wf>
         <instance id="d000.s4498.t000" lemma="支部" pos="NOUN">支部</instance>
         <wf lemma="に" pos="X">に</wf>
         <wf lemma="加入" pos="X">加入</wf>
         <wf lemma="し" pos="X">し</wf>
         <wf lemma="た" pos="X">た</wf>
         <wf lemma="." pos="X">.</wf>
      </sentence>
      <sentence id="d000.s4499" source="wordnet-japanese">
         <wf lemma="彼" pos="X">彼</wf>
         <wf lemma="は" pos="X">は</wf>
         <wf lemma="最高" pos="X">最高</wf>
         <wf lemma="の" pos="X">の</wf>
         <instance id="d000.s4499.t000" lemma="動機" pos="NOUN">動機</instance>
         <wf lemma="で" pos="X">で</wf>
         <wf lemma="行動" pos="X">行動</wf>
         <wf lemma="し" pos="X">し</wf>
         <wf lemma="た" pos="X">た</wf>
         <wf lemma="." pos="X">.</wf>
      </sentence>
      <sentence id="d000.s4500" source="wordnet-japanese">
         <wf lemma="声" pos="X">声</wf>
         <wf lemma="は" pos="X">は</wf>
         <wf lemma="低く" pos="X">低く</wf>
         <wf lemma="て" pos="X">て</wf>
         <instance id="d000.s4500.t000" lemma="魅惑的" pos="ADJ">魅惑的</instance>
         <wf lemma="だっ" pos="X">だっ</wf>
         <wf lemma="た" pos="X">た</wf>
         <wf lemma="." pos="X">.</wf>
      </sentence>
      <sentence id="d000.s4501" source="wordnet-japanese">
         <wf lemma="私達" pos="X">私達</wf>
         <wf lemma="は" pos="X">は</wf>
         <wf lemma="外" pos="X">外</wf>
         <wf lemma="で" pos="X">で</wf>
         <wf lemma="眠る" pos="X">眠る</wf>
         <wf lemma="こと" pos="X">こと</wf>
         <wf lemma="を" pos="X">を</wf>
         <instance id="d000.s4501.t000" lemma="好む" pos="VERB">好む</instance>
         <wf lemma="." pos="X">.</wf>
      </sentence>
      <sentence id="d000.s4502" source="wordnet-japanese">
         <wf lemma="これら" pos="X">これら</wf>
         <wf lemma="の" pos="X">の</wf>
         <wf lemma="錠剤" pos="X">錠剤</wf>
         <wf lemma="は" pos="X">は</wf>
         <wf lemma="あなた" pos="X">あなた</wf>
         <wf lemma="の" pos="X">の</wf>
         <wf lemma="体" pos="X">体</wf>
         <wf lemma="を" pos="X">を</wf>
         <instance id="d000.s4502.t000" lemma="損なう" pos="VERB">損なわ</instance>
         <wf lemma="ない" pos="X">ない</wf>
         <wf lemma="." pos="X">.</wf>
      </sentence>
      <sentence id="d000.s4503" source="wordnet-japanese">
         <wf lemma="医療" pos="X">医療</wf>
         <wf lemma="の" pos="X">の</wf>
         <instance id="d000.s4503.t000" lemma="社会化" pos="NOUN">社会化</instance>
         <wf lemma="." pos="X">.</wf>
      </sentence>
      <sentence id="d000.s4504" source="wordnet-japanese">
         <wf lemma="警察" pos="X">警察</wf>
         <wf lemma="は" pos="X">は</wf>
         <wf lemma="群衆" pos="X">群衆</wf>
         <wf lemma="を" pos="X">を</wf>
         <wf lemma="み" pos="X">み</wf>
         <wf lemma="ごとに" pos="X">ごとに</wf>
         <instance id="d000.s4504.t000" lemma="コントロール" pos="NOUN">コントロール</instance>
         <wf lemma="し" pos="X">し</wf>
         <wf lemma="た" pos="X">た</wf>
         <wf lemma="." pos="X">.</wf>
      </sentence>
      <sentence id="d000.s4505" source="wordnet-japanese">
         <wf lemma="仕事" pos="X">仕事</wf>
         <wf lemma="の" pos="X">の</wf>
         <instance id="d000.s4505.t000" lemma="特定" pos="ADJ">特定</instance>
         <wf lemma="の" pos="X">の</wf>
         <wf lemma="要求" pos="X">要求</wf>
         <wf lemma="." pos="X">.</wf>
      </sentence>
      <sentence id="d000.s4506" source="wordnet-japanese">
         <wf lemma="彼女" pos="X">彼女</wf>
         <wf lemma="は" pos="X">は</wf>
         <instance id="d000.s4506.t000" lemma="スポンジ" pos="NOUN">スポンジ</instance>
         <wf lemma="の" pos="X">の</wf>
         <wf lemma="ように" pos="X">ように</wf>
         <wf lemma="外国語" pos="X">外国語</wf>
         <wf lemma="を" pos="X">を</wf>
         <wf lemma="吸収" pos="X">吸収</wf>
         <wf lemma="する" pos="X">する</wf>
         <wf lemma="." pos="X">.</wf>
      </sentence>
      <sentence id="d000.s4507" source="wordnet-japanese">
         <wf lemma="劇的" pos="X">劇的</wf>
         <wf lemma="な" pos="X">な</wf>
         <instance id="d000.s4507.t000" lemma="考古学的" pos="ADJ">考古学的</instance>
         <wf lemma="発見" pos="X">発見</wf>
         <wf lemma="." pos="X">.</wf>
      </sentence>
      <sentence id="d000.s4508" source="wordnet-japanese">
         <wf lemma="彼ら" pos="X">彼ら</wf>
         <wf lemma="に" pos="X">に</wf>
         <wf lemma="は" pos="X">は</wf>
         <instance id="d000.s4508.t000" lemma="魚" pos="NOUN">魚</instance>
         <wf lemma="を" pos="X">を</wf>
         <wf lemma="専門" pos="X">専門</wf>
         <wf lemma="と" pos="X">と</wf>
         <wf lemma="する" pos="X">する</wf>
         <wf lemma="シェフ" pos="X">シェフ</wf>
         <wf lemma="が" pos="X">が</wf>
         <wf lemma="いる" pos="X">いる</wf>
         <wf lemma="." pos="X">.</wf>
      </sentence>
      <sentence id="d000.s4509" source="wordnet-japanese">
         <wf lemma="フロイト" pos="X">フロイト</wf>
         <wf lemma="は" pos="X">は</wf>
         <wf lemma="小さな" pos="X">小さな</wf>
         <wf lemma="子供" pos="X">子供</wf>
         <wf lemma="にとって" pos="X">にとって</wf>
         <wf lemma="の" pos="X">の</wf>
         <instance id="d000.s4509.t000" lemma="遊び" pos="NOUN">遊び</instance>
         <wf lemma="の" pos="X">の</wf>
         <wf lemma="有用性" pos="X">有用性</wf>
         <wf lemma="を" pos="X">を</wf>
         <wf lemma="信じ" pos="X">信じ</wf>
         <wf lemma="た" pos="X">た</wf>
         <wf lemma="." pos="X">.</wf>
      </sentence>
      <sentence id="d000.s4510" source="wordnet-japanese">
         <instance id="d000.s4510.t000" lemma="欺瞞的" pos="ADJ">欺瞞的</instance>
         <wf lemma="な" pos="X">な</wf>
         <wf lemma="広告" pos="X">広告</wf>
         <wf lemma="." pos="X">.</wf>
      </sentence>
      <sentence id="d000.s4511" source="wordnet-japanese">
         <wf lemma="10" pos="X">10</wf>
         <wf lemma="ページ" pos="X">ページ</wf>
         <wf lemma="に" pos="X">に</wf>
         <instance id="d000.s4511.t000" lemma="例" pos="NOUN">例</instance>
         <wf lemma="が" pos="X">が</wf>
         <wf lemma="ある" pos="X">ある</wf>
         <wf lemma="." pos="X">.</wf>
      </sentence>
      <sentence id="d000.s4512" source="wordnet-japanese">
         <wf lemma="彼女" pos="X">彼女</wf>
         <wf lemma="は" pos="X">は</wf>
         <wf lemma="差別" pos="X">差別</wf>
         <wf lemma="の" pos="X">の</wf>
         <wf lemma="ため" pos="X">ため</wf>
         <wf lemma="に" pos="X">に</wf>
         <wf lemma="会社" pos="X">会社</wf>
         <wf lemma="を" pos="X">を</wf>
         <instance id="d000.s4512.t000" lemma="訴える" pos="VERB">訴え</instance>
         <wf lemma="た" pos="X">た</wf>
         <wf lemma="." pos="X">.</wf>
      </sentence>
      <sentence id="d000.s4513" source="wordnet-japanese">
         <wf lemma="百科" pos="X">百科</wf>
         <wf lemma="事典" pos="X">事典</wf>
         <wf lemma="を" pos="X">を</wf>
         <instance id="d000.s4513.t000" lemma="参照" pos="NOUN">参照</instance>
         <wf lemma="し" pos="X">し</wf>
         <wf lemma="たら" pos="X">たら</wf>
         <wf lemma="解答" pos="X">解答</wf>
         <wf lemma="が" pos="X">が</wf>
         <wf lemma="でた" pos="X">でた</wf>
         <wf lemma="." pos="X">.</wf>
      </sentence>
      <sentence id="d000.s4514" source="wordnet-japanese">
         <instance id="d000.s4514.t000" lemma="静か" pos="ADJ">静か</instance>
         <wf lemma="な" pos="X">な</wf>
         <wf lemma="声" pos="X">声</wf>
         <wf lemma="." pos="X">.</wf>
      </sentence>
      <sentence id="d000.s4515" source="wordnet-japanese">
         <wf lemma="一部" pos="X">一部</wf>
         <wf lemma="始終" pos="X">始終</wf>
         <wf lemma="の" pos="X">の</wf>
         <wf lemma="動向" pos="X">動向</wf>
         <wf lemma="を" pos="X">を</wf>
         <wf lemma="おさえる" pos="X">おさえる</wf>
         <wf lemma="の" pos="X">の</wf>
         <wf lemma="は" pos="X">は</wf>
         <wf lemma="あなた" pos="X">あなた</wf>
         <wf lemma="の" pos="X">の</wf>
         <wf lemma="完全" pos="X">完全</wf>
         <wf lemma="な" pos="X">な</wf>
         <instance id="d000.s4515.t000" lemma="注意" pos="NOUN">注意</instance>
         <wf lemma="を" pos="X">を</wf>
         <wf lemma="必要" pos="X">必要</wf>
         <wf lemma="と" pos="X">と</wf>
         <wf lemma="する" pos="X">する</wf>
         <wf lemma="." pos="X">.</wf>
      </sentence>
      <sentence id="d000.s4516" source="wordnet-japanese">
         <instance id="d000.s4516.t000" lemma="栄養的" pos="ADV">栄養的</instance>
         <wf lemma="に" pos="X">に</wf>
         <wf lemma="、" pos="X">、</wf>
         <wf lemma="彼女" pos="X">彼女</wf>
         <wf lemma="の" pos="X">の</wf>
         <wf lemma="新しい" pos="X">新しい</wf>
         <wf lemma="食事療法" pos="X">食事療法</wf>
         <wf lemma="は" pos="X">は</wf>
         <wf lemma="自殺" pos="X">自殺</wf>
         <wf lemma="行為" pos="X">行為</wf>
         <wf lemma="だ" pos="X">だ</wf>
         <wf lemma="." pos="X">.</wf>
      </sentence>
      <sentence id="d000.s4517" source="wordnet-japanese">
         <wf lemma="彼女" pos="X">彼女</wf>
         <wf lemma="は" pos="X">は</wf>
         <wf lemma="、" pos="X">、</wf>
         <wf lemma="眠っ" pos="X">眠っ</wf>
         <wf lemma="て" pos="X">て</wf>
         <wf lemma="いる" pos="X">いる</wf>
         <wf lemma="ように" pos="X">ように</wf>
         <instance id="d000.s4517.t000" lemma="見える" pos="VERB">見える</instance>
         <wf lemma="." pos="X">.</wf>
      </sentence>
      <sentence id="d000.s4518" source="wordnet-japanese">
         <wf lemma="研究" pos="X">研究</wf>
         <wf lemma="と" pos="X">と</wf>
         <wf lemma="教育" pos="X">教育</wf>
         <wf lemma="において" pos="X">において</wf>
         <wf lemma="、" pos="X">、</wf>
         <wf lemma="標本" pos="X">標本</wf>
         <wf lemma="の" pos="X">の</wf>
         <instance id="d000.s4518.t000" lemma="プラスティネーション" pos="NOUN">プラスティネーション</instance>
         <wf lemma="は" pos="X">は</wf>
         <wf lemma="価値" pos="X">価値</wf>
         <wf lemma="が" pos="X">が</wf>
         <wf lemma="ある" pos="X">ある</wf>
         <wf lemma="." pos="X">.</wf>
      </sentence>
      <sentence id="d000.s4519" source="wordnet-japanese">
         <wf lemma="私" pos="X">私</wf>
         <wf lemma="は" pos="X">は</wf>
         <wf lemma="、" pos="X">、</wf>
         <wf lemma="彼女" pos="X">彼女</wf>
         <wf lemma="は" pos="X">は</wf>
         <wf lemma="彼女" pos="X">彼女</wf>
         <wf lemma="の" pos="X">の</wf>
         <wf lemma="新しい" pos="X">新しい</wf>
         <wf lemma="小説" pos="X">小説</wf>
         <wf lemma="で" pos="X">で</wf>
         <wf lemma="多額" pos="X">多額</wf>
         <wf lemma="の" pos="X">の</wf>
         <wf lemma="お" pos="X">お</wf>
         <wf lemma="金" pos="X">金</wf>
         <wf lemma="を" pos="X">を</wf>
         <wf lemma="得" pos="X">得</wf>
         <wf lemma="た" pos="X">た</wf>
         <wf lemma="と" pos="X">と</wf>
         <instance id="d000.s4519.t000" lemma="思う" pos="VERB">思う</instance>
         <wf lemma="." pos="X">.</wf>
      </sentence>
      <sentence id="d000.s4520" source="wordnet-japanese">
         <wf lemma="焦点" pos="X">焦点</wf>
         <wf lemma="の" pos="X">の</wf>
         <wf lemma="地域" pos="X">地域</wf>
         <wf lemma="へ" pos="X">へ</wf>
         <wf lemma="の" pos="X">の</wf>
         <wf lemma="伝染" pos="X">伝染</wf>
         <wf lemma="の" pos="X">の</wf>
         <instance id="d000.s4520.t000" lemma="制限" pos="NOUN">制限</instance>
         <wf lemma="." pos="X">.</wf>
      </sentence>
      <sentence id="d000.s4521" source="wordnet-japanese">
         <wf lemma="少年" pos="X">少年</wf>
         <wf lemma="は" pos="X">は</wf>
         <wf lemma="父親" pos="X">父親</wf>
         <wf lemma="の" pos="X">の</wf>
         <instance id="d000.s4521.t000" lemma="違反" pos="NOUN">違反</instance>
         <wf lemma="に関して" pos="X">に関して</wf>
         <wf lemma="罰せ" pos="X">罰せ</wf>
         <wf lemma="られ" pos="X">られ</wf>
         <wf lemma="た" pos="X">た</wf>
         <wf lemma="." pos="X">.</wf>
      </sentence>
      <sentence id="d000.s4522" source="wordnet-japanese">
         <instance id="d000.s4522.t000" lemma="厳しい" pos="ADJ">厳しい</instance>
         <wf lemma="インストラクター" pos="X">インストラクター</wf>
         <wf lemma="." pos="X">.</wf>
      </sentence>
      <sentence id="d000.s4523" source="wordnet-japanese">
         <instance id="d000.s4523.t000" lemma="息苦しい" pos="ADJ">息苦しい</instance>
         <wf lemma="空気" pos="X">空気</wf>
         <wf lemma="." pos="X">.</wf>
      </sentence>
      <sentence id="d000.s4524" source="wordnet-japanese">
         <wf lemma="イエス" pos="X">イエス</wf>
         <wf lemma="の" pos="X">の</wf>
         <instance id="d000.s4524.t000" lemma="神聖" pos="ADJ">神聖</instance>
         <wf lemma="な" pos="X">な</wf>
         <wf lemma="名前" pos="X">名前</wf>
         <wf lemma="." pos="X">.</wf>
      </sentence>
      <sentence id="d000.s4525" source="wordnet-japanese">
         <wf lemma="革命" pos="X">革命</wf>
         <wf lemma="の" pos="X">の</wf>
         <instance id="d000.s4525.t000" lemma="包括的" pos="ADJ">包括的</instance>
         <wf lemma="な" pos="X">な</wf>
         <wf lemma="歴史" pos="X">歴史</wf>
         <wf lemma="." pos="X">.</wf>
      </sentence>
      <sentence id="d000.s4526" source="wordnet-japanese">
         <instance id="d000.s4526.t000" lemma="危険" pos="ADJ">危険</instance>
         <wf lemma="な" pos="X">な</wf>
         <wf lemma="橋" pos="X">橋</wf>
         <wf lemma="." pos="X">.</wf>
      </sentence>
      <sentence id="d000.s4527" source="wordnet-japanese">
         <instance id="d000.s4527.t000" lemma="寓意的" pos="ADJ">寓意的</instance>
         <wf lemma="な" pos="X">な</wf>
         <wf lemma="話" pos="X">話</wf>
         <wf lemma="." pos="X">.</wf>
      </sentence>
      <sentence id="d000.s4528" source="wordnet-japanese">
         <wf lemma="不快" pos="X">不快</wf>
         <wf lemma="で" pos="X">で</wf>
         <instance id="d000.s4528.t000" lemma="不衛生" pos="ADJ">不衛生</instance>
         <wf lemma="な" pos="X">な</wf>
         <wf lemma="状態" pos="X">状態</wf>
         <wf lemma="." pos="X">.</wf>
      </sentence>
      <sentence id="d000.s4529" source="wordnet-japanese">
         <instance id="d000.s4529.t000" lemma="ウジ" pos="NOUN">ウジ</instance>
         <wf lemma="は" pos="X">は</wf>
         <wf lemma="警察" pos="X">警察</wf>
         <wf lemma="と" pos="X">と</wf>
         <wf lemma="特殊" pos="X">特殊</wf>
         <wf lemma="部隊" pos="X">部隊</wf>
         <wf lemma="銃砲" pos="X">銃砲</wf>
         <wf lemma="と" pos="X">と</wf>
         <wf lemma="し" pos="X">し</wf>
         <wf lemma="て" pos="X">て</wf>
         <wf lemma="世界" pos="X">世界</wf>
         <wf lemma="中" pos="X">中</wf>
         <wf lemma="で" pos="X">で</wf>
         <wf lemma="使用" pos="X">使用</wf>
         <wf lemma="さ" pos="X">さ</wf>
         <wf lemma="れる" pos="X">れる</wf>
         <wf lemma="." pos="X">.</wf>
      </sentence>
      <sentence id="d000.s4530" source="wordnet-japanese">
         <wf lemma="すべて" pos="X">すべて</wf>
         <wf lemma="が" pos="X">が</wf>
         <wf lemma="とても" pos="X">とても</wf>
         <wf lemma="平和" pos="X">平和</wf>
         <wf lemma="で" pos="X">で</wf>
         <instance id="d000.s4530.t000" lemma="家庭的" pos="ADJ">家庭的</instance>
         <wf lemma="に" pos="X">に</wf>
         <wf lemma="聞こえ" pos="X">聞こえ</wf>
         <wf lemma="た" pos="X">た</wf>
         <wf lemma="." pos="X">.</wf>
      </sentence>
      <sentence id="d000.s4531" source="wordnet-japanese">
         <wf lemma="話者" pos="X">話者</wf>
         <wf lemma="の" pos="X">の</wf>
         <instance id="d000.s4531.t000" lemma="終わり" pos="NOUN">終わり</instance>
         <wf lemma="は" pos="X">は</wf>
         <wf lemma="、" pos="X">、</wf>
         <wf lemma="拍手" pos="X">拍手</wf>
         <wf lemma="で" pos="X">で</wf>
         <wf lemma="迎え" pos="X">迎え</wf>
         <wf lemma="られ" pos="X">られ</wf>
         <wf lemma="た" pos="X">た</wf>
         <wf lemma="." pos="X">.</wf>
      </sentence>
      <sentence id="d000.s4532" source="wordnet-japanese">
         <instance id="d000.s4532.t000" lemma="ずるずる" pos="ADJ">ずるずる</instance>
         <wf lemma="滑る" pos="X">滑る</wf>
         <wf lemma="泥" pos="X">泥</wf>
         <wf lemma="." pos="X">.</wf>
      </sentence>
      <sentence id="d000.s4533" source="wordnet-japanese">
         <instance id="d000.s4533.t000" lemma="惨め" pos="ADJ">惨め</instance>
         <wf lemma="な" pos="X">な</wf>
         <wf lemma="囚人" pos="X">囚人</wf>
         <wf lemma="は" pos="X">は</wf>
         <wf lemma="悪臭" pos="X">悪臭</wf>
         <wf lemma="を" pos="X">を</wf>
         <wf lemma="放つ" pos="X">放つ</wf>
         <wf lemma="おり" pos="X">おり</wf>
         <wf lemma="で" pos="X">で</wf>
         <wf lemma="ちじこまっ" pos="X">ちじこまっ</wf>
         <wf lemma="た" pos="X">た</wf>
         <wf lemma="." pos="X">.</wf>
      </sentence>
      <sentence id="d000.s4534" source="wordnet-japanese">
         <wf lemma="海" pos="X">海</wf>
         <wf lemma="ほど" pos="X">ほど</wf>
         <wf lemma="に" pos="X">に</wf>
         <instance id="d000.s4534.t000" lemma="単調" pos="ADJ">単調</instance>
         <wf lemma="な" pos="X">な</wf>
         <wf lemma="もの" pos="X">もの</wf>
         <wf lemma="は" pos="X">は</wf>
         <wf lemma="ない" pos="X">ない</wf>
         <wf lemma="." pos="X">.</wf>
      </sentence>
      <sentence id="d000.s4535" source="wordnet-japanese">
         <instance id="d000.s4535.t000" lemma="無表情" pos="ADJ">無表情</instance>
         <wf lemma="な" pos="X">な</wf>
         <wf lemma="微笑み" pos="X">微笑み</wf>
         <wf lemma="." pos="X">.</wf>
      </sentence>
      <sentence id="d000.s4536" source="wordnet-japanese">
         <wf lemma="石油株" pos="X">石油株</wf>
         <wf lemma="の" pos="X">の</wf>
         <instance id="d000.s4536.t000" lemma="弱気" pos="ADJ">弱気</instance>
         <wf lemma="市場" pos="X">市場</wf>
         <wf lemma="." pos="X">.</wf>
      </sentence>
      <sentence id="d000.s4537" source="wordnet-japanese">
         <wf lemma="関係者" pos="X">関係者</wf>
         <wf lemma="一同" pos="X">一同</wf>
         <wf lemma="にとって" pos="X">にとって</wf>
         <instance id="d000.s4537.t000" lemma="不幸" pos="ADJ">不幸</instance>
         <wf lemma="な" pos="X">な</wf>
         <wf lemma="夜" pos="X">夜</wf>
         <wf lemma="." pos="X">.</wf>
      </sentence>
      <sentence id="d000.s4538" source="wordnet-japanese">
         <wf lemma="彼女" pos="X">彼女</wf>
         <wf lemma="は" pos="X">は</wf>
         <wf lemma="プリンストン" pos="X">プリンストン</wf>
         <wf lemma="に" pos="X">に</wf>
         <instance id="d000.s4538.t000" lemma="住む" pos="VERB">住ん</instance>
         <wf lemma="で" pos="X">で</wf>
         <wf lemma="いる" pos="X">いる</wf>
         <wf lemma="." pos="X">.</wf>
      </sentence>
      <sentence id="d000.s4539" source="wordnet-japanese">
         <instance id="d000.s4539.t000" lemma="倫理的" pos="ADJ">倫理的</instance>
         <wf lemma="な" pos="X">な</wf>
         <wf lemma="医療" pos="X">医療</wf>
         <wf lemma="行為" pos="X">行為</wf>
         <wf lemma="." pos="X">.</wf>
      </sentence>
      <sentence id="d000.s4540" source="wordnet-japanese">
         <wf lemma="木" pos="X">木</wf>
         <wf lemma="が" pos="X">が</wf>
         <wf lemma="激しい" pos="X">激しい</wf>
         <instance id="d000.s4540.t000" lemma="風" pos="NOUN">風</instance>
         <wf lemma="で" pos="X">で</wf>
         <wf lemma="たわん" pos="X">たわん</wf>
         <wf lemma="だ" pos="X">だ</wf>
         <wf lemma="." pos="X">.</wf>
      </sentence>
      <sentence id="d000.s4541" source="wordnet-japanese">
         <wf lemma="彼" pos="X">彼</wf>
         <wf lemma="の" pos="X">の</wf>
         <wf lemma="手紙" pos="X">手紙</wf>
         <wf lemma="は" pos="X">は</wf>
         <wf lemma="、" pos="X">、</wf>
         <wf lemma="いつも" pos="X">いつも</wf>
         <wf lemma="愛" pos="X">愛</wf>
         <wf lemma="が" pos="X">が</wf>
         <instance id="d000.s4541.t000" lemma="テーマ" pos="NOUN">テーマ</instance>
         <wf lemma="だっ" pos="X">だっ</wf>
         <wf lemma="た" pos="X">た</wf>
         <wf lemma="." pos="X">.</wf>
      </sentence>
      <sentence id="d000.s4542" source="wordnet-japanese">
         <wf lemma="コーヒーメーカー" pos="X">コーヒーメーカー</wf>
         <wf lemma="は" pos="X">は</wf>
         <instance id="d000.s4542.t000" lemma="壊れる" pos="VERB">壊れ</instance>
         <wf lemma="た" pos="X">た</wf>
         <wf lemma="." pos="X">.</wf>
      </sentence>
      <sentence id="d000.s4543" source="wordnet-japanese">
         <instance id="d000.s4543.t000" lemma="精神的" pos="ADJ">精神的</instance>
         <wf lemma="な" pos="X">な</wf>
         <wf lemma="達成" pos="X">達成</wf>
         <wf lemma="." pos="X">.</wf>
      </sentence>
      <sentence id="d000.s4544" source="wordnet-japanese">
         <wf lemma="右" pos="X">右</wf>
         <wf lemma="の" pos="X">の</wf>
         <wf lemma="前輪" pos="X">前輪</wf>
         <wf lemma="タイヤ" pos="X">タイヤ</wf>
         <wf lemma="は" pos="X">は</wf>
         <instance id="d000.s4544.t000" lemma="パンク" pos="NOUN">パンク</instance>
         <wf lemma="し" pos="X">し</wf>
         <wf lemma="た" pos="X">た</wf>
         <wf lemma="." pos="X">.</wf>
      </sentence>
      <sentence id="d000.s4545" source="wordnet-japanese">
         <wf lemma="投票" pos="X">投票</wf>
         <wf lemma="が" pos="X">が</wf>
         <wf lemma="行わ" pos="X">行わ</wf>
         <wf lemma="れ" pos="X">れ</wf>
         <wf lemma="た" pos="X">た</wf>
         <wf lemma="とき" pos="X">とき</wf>
         <wf lemma="、" pos="X">、</wf>
         <wf lemma="彼ら" pos="X">彼ら</wf>
         <wf lemma="は" pos="X">は</wf>
         <instance id="d000.s4545.t000" lemma="少数派" pos="NOUN">少数派</instance>
         <wf lemma="だっ" pos="X">だっ</wf>
         <wf lemma="た" pos="X">た</wf>
         <wf lemma="." pos="X">.</wf>
      </sentence>
      <sentence id="d000.s4546" source="wordnet-japanese">
         <instance id="d000.s4546.t000" lemma="侮辱的" pos="ADJ">侮辱的</instance>
         <wf lemma="な" pos="X">な</wf>
         <wf lemma="意見" pos="X">意見</wf>
         <wf lemma="." pos="X">.</wf>
      </sentence>
      <sentence id="d000.s4547" source="wordnet-japanese">
         <instance id="d000.s4547.t000" lemma="煙たい" pos="ADJ">煙たい</instance>
         <wf lemma="暖炉" pos="X">暖炉</wf>
         <wf lemma="." pos="X">.</wf>
      </sentence>
      <sentence id="d000.s4548" source="wordnet-japanese">
         <wf lemma="新しい" pos="X">新しい</wf>
         <wf lemma="学校" pos="X">学校</wf>
         <wf lemma="は" pos="X">は</wf>
         <wf lemma="すばらしい" pos="X">すばらしい</wf>
         <instance id="d000.s4548.t000" lemma="進歩" pos="NOUN">進歩</instance>
         <wf lemma="を" pos="X">を</wf>
         <wf lemma="体現" pos="X">体現</wf>
         <wf lemma="し" pos="X">し</wf>
         <wf lemma="て" pos="X">て</wf>
         <wf lemma="いる" pos="X">いる</wf>
         <wf lemma="." pos="X">.</wf>
      </sentence>
      <sentence id="d000.s4549" source="wordnet-japanese">
         <wf lemma="'ビリー" pos="X">'ビリー</wf>
         <wf lemma="'" pos="X">'</wf>
         <wf lemma="は" pos="X">は</wf>
         <wf lemma="'" pos="X">'</wf>
         <wf lemma="ウィリアム" pos="X">ウィリアム</wf>
         <wf lemma="'" pos="X">'</wf>
         <wf lemma="の" pos="X">の</wf>
         <instance id="d000.s4549.t000" lemma="愛称" pos="NOUN">愛称</instance>
         <wf lemma="である" pos="X">である</wf>
         <wf lemma="." pos="X">.</wf>
      </sentence>
      <sentence id="d000.s4550" source="wordnet-japanese">
         <instance id="d000.s4550.t000" lemma="真剣" pos="ADJ">真剣</instance>
         <wf lemma="なま" pos="X">なま</wf>
         <wf lemma="なざし" pos="X">なざし</wf>
         <wf lemma="を" pos="X">を</wf>
         <wf lemma="くれ" pos="X">くれ</wf>
         <wf lemma="た" pos="X">た</wf>
         <wf lemma="." pos="X">.</wf>
      </sentence>
      <sentence id="d000.s4551" source="wordnet-japanese">
         <instance id="d000.s4551.t000" lemma="極上" pos="ADJ">極上</instance>
         <wf lemma="の" pos="X">の</wf>
         <wf lemma="牛肉" pos="X">牛肉</wf>
         <wf lemma="." pos="X">.</wf>
      </sentence>
      <sentence id="d000.s4552" source="wordnet-japanese">
         <wf lemma="彼" pos="X">彼</wf>
         <wf lemma="は" pos="X">は</wf>
         <wf lemma="、" pos="X">、</wf>
         <wf lemma="地面" pos="X">地面</wf>
         <wf lemma="に" pos="X">に</wf>
         <instance id="d000.s4552.t000" lemma="柱" pos="NOUN">柱</instance>
         <wf lemma="を" pos="X">を</wf>
         <wf lemma="一列" pos="X">一列</wf>
         <wf lemma="に" pos="X">に</wf>
         <wf lemma="並べ" pos="X">並べ</wf>
         <wf lemma="、" pos="X">、</wf>
         <wf lemma="有刺" pos="X">有刺</wf>
         <wf lemma="鉄線" pos="X">鉄線</wf>
         <wf lemma="を" pos="X">を</wf>
         <wf lemma="その" pos="X">その</wf>
         <wf lemma="間" pos="X">間</wf>
         <wf lemma="に" pos="X">に</wf>
         <wf lemma="張り巡ら" pos="X">張り巡ら</wf>
         <wf lemma="せ" pos="X">せ</wf>
         <wf lemma="た" pos="X">た</wf>
         <wf lemma="." pos="X">.</wf>
      </sentence>
      <sentence id="d000.s4553" source="wordnet-japanese">
         <wf lemma="かえ" pos="X">かえ</wf>
         <wf lemma="で" pos="X">で</wf>
         <wf lemma="の" pos="X">の</wf>
         <wf lemma="種" pos="X">種</wf>
         <wf lemma="の" pos="X">の</wf>
         <instance id="d000.s4553.t000" lemma="翼" pos="NOUN">翼</instance>
         <wf lemma="部" pos="X">部</wf>
         <wf lemma="." pos="X">.</wf>
      </sentence>
      <sentence id="d000.s4554" source="wordnet-japanese">
         <wf lemma="国" pos="X">国</wf>
         <wf lemma="で" pos="X">で</wf>
         <wf lemma="の" pos="X">の</wf>
         <instance id="d000.s4554.t000" lemma="穏やか" pos="ADJ">穏やか</instance>
         <wf lemma="な" pos="X">な</wf>
         <wf lemma="生活" pos="X">生活</wf>
         <wf lemma="." pos="X">.</wf>
      </sentence>
      <sentence id="d000.s4555" source="wordnet-japanese">
         <wf lemma="各" pos="X">各</wf>
         <instance id="d000.s4555.t000" lemma="部屋" pos="NOUN">部屋</instance>
         <wf lemma="は" pos="X">は</wf>
         <wf lemma="非常" pos="X">非常</wf>
         <wf lemma="に" pos="X">に</wf>
         <wf lemma="狭い" pos="X">狭い</wf>
         <wf lemma="が" pos="X">が</wf>
         <wf lemma="眺め" pos="X">眺め</wf>
         <wf lemma="は" pos="X">は</wf>
         <wf lemma="良かっ" pos="X">良かっ</wf>
         <wf lemma="た" pos="X">た</wf>
         <wf lemma="." pos="X">.</wf>
      </sentence>
      <sentence id="d000.s4556" source="wordnet-japanese">
         <wf lemma="共産党" pos="X">共産党</wf>
         <wf lemma="の" pos="X">の</wf>
         <instance id="d000.s4556.t000" lemma="機関" pos="NOUN">機関</instance>
         <wf lemma="." pos="X">.</wf>
      </sentence>
      <sentence id="d000.s4557" source="wordnet-japanese">
         <wf lemma="この" pos="X">この</wf>
         <wf lemma="動作" pos="X">動作</wf>
         <wf lemma="は" pos="X">は</wf>
         <wf lemma="、" pos="X">、</wf>
         <wf lemma="彼" pos="X">彼</wf>
         <wf lemma="の" pos="X">の</wf>
         <wf lemma="サイド" pos="X">サイド</wf>
         <wf lemma="に" pos="X">に</wf>
         <wf lemma="多く" pos="X">多く</wf>
         <wf lemma="の" pos="X">の</wf>
         <wf lemma="票" pos="X">票</wf>
         <wf lemma="を" pos="X">を</wf>
         <instance id="d000.s4557.t000" lemma="動かす" pos="VERB">動かす</instance>
         <wf lemma="だろ" pos="X">だろ</wf>
         <wf lemma="う" pos="X">う</wf>
         <wf lemma="." pos="X">.</wf>
      </sentence>
      <sentence id="d000.s4558" source="wordnet-japanese">
         <wf lemma="中国語" pos="X">中国語</wf>
         <wf lemma="の" pos="X">の</wf>
         <instance id="d000.s4558.t000" lemma="発音" pos="NOUN">発音</instance>
         <wf lemma="は" pos="X">は</wf>
         <wf lemma="外国人" pos="X">外国人</wf>
         <wf lemma="にとって" pos="X">にとって</wf>
         <wf lemma="難しい" pos="X">難しい</wf>
         <wf lemma="." pos="X">.</wf>
      </sentence>
      <sentence id="d000.s4559" source="wordnet-japanese">
         <wf lemma="スカンク" pos="X">スカンク</wf>
         <wf lemma="の" pos="X">の</wf>
         <instance id="d000.s4559.t000" lemma="警戒色" pos="NOUN">警戒色</instance>
         <wf lemma="." pos="X">.</wf>
      </sentence>
      <sentence id="d000.s4560" source="wordnet-japanese">
         <wf lemma="生活" pos="X">生活</wf>
         <wf lemma="の" pos="X">の</wf>
         <instance id="d000.s4560.t000" lemma="実験" pos="NOUN">実験</instance>
         <wf lemma="であっ" pos="X">であっ</wf>
         <wf lemma="た" pos="X">た</wf>
         <wf lemma="." pos="X">.</wf>
      </sentence>
      <sentence id="d000.s4561" source="wordnet-japanese">
         <wf lemma="嵐" pos="X">嵐</wf>
         <wf lemma="が" pos="X">が</wf>
         <instance id="d000.s4561.t000" lemma="小やみ" pos="NOUN">小やみ</instance>
         <wf lemma="に" pos="X">に</wf>
         <wf lemma="なっ" pos="X">なっ</wf>
         <wf lemma="た" pos="X">た</wf>
         <wf lemma="." pos="X">.</wf>
      </sentence>
      <sentence id="d000.s4562" source="wordnet-japanese">
         <wf lemma="彼" pos="X">彼</wf>
         <wf lemma="の" pos="X">の</wf>
         <wf lemma="気分" pos="X">気分</wf>
         <wf lemma="は" pos="X">は</wf>
         <wf lemma="天候" pos="X">天候</wf>
         <wf lemma="によって" pos="X">によって</wf>
         <instance id="d000.s4562.t000" lemma="変わる" pos="VERB">変わる</instance>
         <wf lemma="." pos="X">.</wf>
      </sentence>
      <sentence id="d000.s4563" source="wordnet-japanese">
         <wf lemma="彼ら" pos="X">彼ら</wf>
         <wf lemma="は" pos="X">は</wf>
         <wf lemma="放送局" pos="X">放送局</wf>
         <wf lemma="の" pos="X">の</wf>
         <wf lemma="すべて" pos="X">すべて</wf>
         <wf lemma="の" pos="X">の</wf>
         <wf lemma="トランスミッション" pos="X">トランスミッション</wf>
         <wf lemma="の" pos="X">の</wf>
         <instance id="d000.s4563.t000" lemma="ログ" pos="NOUN">ログ</instance>
         <wf lemma="を" pos="X">を</wf>
         <wf lemma="保存" pos="X">保存</wf>
         <wf lemma="し" pos="X">し</wf>
         <wf lemma="た" pos="X">た</wf>
         <wf lemma="." pos="X">.</wf>
      </sentence>
      <sentence id="d000.s4564" source="wordnet-japanese">
         <wf lemma="泥棒" pos="X">泥棒</wf>
         <wf lemma="は" pos="X">は</wf>
         <wf lemma="重い" pos="X">重い</wf>
         <wf lemma="木製" pos="X">木製</wf>
         <wf lemma="の" pos="X">の</wf>
         <instance id="d000.s4564.t000" lemma="首輪" pos="NOUN">首輪</instance>
         <wf lemma="を" pos="X">を</wf>
         <wf lemma="つけ" pos="X">つけ</wf>
         <wf lemma="られ" pos="X">られ</wf>
         <wf lemma="て" pos="X">て</wf>
         <wf lemma="い" pos="X">い</wf>
         <wf lemma="た" pos="X">た</wf>
         <wf lemma="." pos="X">.</wf>
      </sentence>
      <sentence id="d000.s4565" source="wordnet-japanese">
         <wf lemma="音楽学部" pos="X">音楽学部</wf>
         <wf lemma="は" pos="X">は</wf>
         <wf lemma="学生" pos="X">学生</wf>
         <wf lemma="用" pos="X">用</wf>
         <wf lemma="の" pos="X">の</wf>
         <wf lemma="いくつか" pos="X">いくつか</wf>
         <wf lemma="の" pos="X">の</wf>
         <instance id="d000.s4565.t000" lemma="スタジオ" pos="NOUN">スタジオ</instance>
         <wf lemma="に" pos="X">に</wf>
         <wf lemma="分かれ" pos="X">分かれ</wf>
         <wf lemma="て" pos="X">て</wf>
         <wf lemma="い" pos="X">い</wf>
         <wf lemma="た" pos="X">た</wf>
         <wf lemma="." pos="X">.</wf>
      </sentence>
      <sentence id="d000.s4566" source="wordnet-japanese">
         <wf lemma="日" pos="X">日</wf>
         <wf lemma="よけ" pos="X">よけ</wf>
         <wf lemma="は" pos="X">は</wf>
         <wf lemma="歩道" pos="X">歩道</wf>
         <wf lemma="の" pos="X">の</wf>
         <wf lemma="上" pos="X">上</wf>
         <wf lemma="を" pos="X">を</wf>
         <wf lemma="数" pos="X">数</wf>
         <wf lemma="フィート" pos="X">フィート</wf>
         <instance id="d000.s4566.t000" lemma="伸びる" pos="VERB">伸びる</instance>
         <wf lemma="." pos="X">.</wf>
      </sentence>
      <sentence id="d000.s4567" source="wordnet-japanese">
         <wf lemma="彼" pos="X">彼</wf>
         <wf lemma="の" pos="X">の</wf>
         <instance id="d000.s4567.t000" lemma="結論" pos="NOUN">結論</instance>
         <wf lemma="は" pos="X">は</wf>
         <wf lemma="証拠" pos="X">証拠</wf>
         <wf lemma="を" pos="X">を</wf>
         <wf lemma="考慮" pos="X">考慮</wf>
         <wf lemma="に" pos="X">に</wf>
         <wf lemma="入れ" pos="X">入れ</wf>
         <wf lemma="た" pos="X">た</wf>
         <wf lemma="." pos="X">.</wf>
      </sentence>
      <sentence id="d000.s4568" source="wordnet-japanese">
         <wf lemma="若者" pos="X">若者</wf>
         <wf lemma="の" pos="X">の</wf>
         <instance id="d000.s4568.t000" lemma="はかない" pos="ADJ">はかない</instance>
         <wf lemma="美しさ." pos="X">美しさ.</wf>
      </sentence>
      <sentence id="d000.s4569" source="wordnet-japanese">
         <wf lemma="謙虚" pos="X">謙虚</wf>
         <wf lemma="さ" pos="X">さ</wf>
         <wf lemma="の" pos="X">の</wf>
         <wf lemma="ため" pos="X">ため</wf>
         <wf lemma="の" pos="X">の</wf>
         <wf lemma="彼" pos="X">彼</wf>
         <wf lemma="の" pos="X">の</wf>
         <instance id="d000.s4569.t000" lemma="嫌気" pos="NOUN">嫌気</instance>
         <wf lemma="は" pos="X">は</wf>
         <wf lemma="、" pos="X">、</wf>
         <wf lemma="有名" pos="X">有名</wf>
         <wf lemma="である" pos="X">である</wf>
         <wf lemma="." pos="X">.</wf>
      </sentence>
      <sentence id="d000.s4570" source="wordnet-japanese">
         <wf lemma="コンサート" pos="X">コンサート</wf>
         <wf lemma="は" pos="X">は</wf>
         <wf lemma="ショパン" pos="X">ショパン</wf>
         <wf lemma="の" pos="X">の</wf>
         <wf lemma="ノクターン" pos="X">ノクターン</wf>
         <wf lemma="で" pos="X">で</wf>
         <instance id="d000.s4570.t000" lemma="終わる" pos="VERB">終わっ</instance>
         <wf lemma="た" pos="X">た</wf>
         <wf lemma="." pos="X">.</wf>
      </sentence>
      <sentence id="d000.s4571" source="wordnet-japanese">
         <wf lemma="彼" pos="X">彼</wf>
         <wf lemma="は" pos="X">は</wf>
         <wf lemma="15" pos="X">15</wf>
         <wf lemma="ヶ月" pos="X">ヶ月</wf>
         <wf lemma="の" pos="X">の</wf>
         <instance id="d000.s4571.t000" lemma="刑期" pos="NOUN">刑期</instance>
         <wf lemma="を" pos="X">を</wf>
         <wf lemma="勤め" pos="X">勤め</wf>
         <wf lemma="た" pos="X">た</wf>
         <wf lemma="." pos="X">.</wf>
      </sentence>
      <sentence id="d000.s4572" source="wordnet-japanese">
         <wf lemma="視聴" pos="X">視聴</wf>
         <wf lemma="は" pos="X">は</wf>
         <wf lemma="、" pos="X">、</wf>
         <wf lemma="都市" pos="X">都市</wf>
         <wf lemma="の" pos="X">の</wf>
         <wf lemma="予算" pos="X">予算</wf>
         <wf lemma="において" pos="X">において</wf>
         <wf lemma="大規模" pos="X">大規模</wf>
         <wf lemma="な" pos="X">な</wf>
         <instance id="d000.s4572.t000" lemma="削減" pos="NOUN">削減</instance>
         <wf lemma="を" pos="X">を</wf>
         <wf lemma="提案" pos="X">提案</wf>
         <wf lemma="し" pos="X">し</wf>
         <wf lemma="た" pos="X">た</wf>
         <wf lemma="." pos="X">.</wf>
      </sentence>
      <sentence id="d000.s4573" source="wordnet-japanese">
         <instance id="d000.s4573.t000" lemma="スト" pos="NOUN">スト</instance>
         <wf lemma="は" pos="X">は</wf>
         <wf lemma="解決" pos="X">解決</wf>
         <wf lemma="する" pos="X">する</wf>
         <wf lemma="まで" pos="X">まで</wf>
         <wf lemma="に" pos="X">に</wf>
         <wf lemma="1" pos="X">1</wf>
         <wf lemma="ヶ月" pos="X">ヶ月</wf>
         <wf lemma="以上" pos="X">以上</wf>
         <wf lemma="続い" pos="X">続い</wf>
         <wf lemma="た" pos="X">た</wf>
         <wf lemma="." pos="X">.</wf>
      </sentence>
      <sentence id="d000.s4574" source="wordnet-japanese">
         <instance id="d000.s4574.t000" lemma="記録的" pos="ADJ">記録的</instance>
         <wf lemma="な" pos="X">な</wf>
         <wf lemma="群衆" pos="X">群衆</wf>
         <wf lemma="." pos="X">.</wf>
      </sentence>
      <sentence id="d000.s4575" source="wordnet-japanese">
         <instance id="d000.s4575.t000" lemma="食事" pos="NOUN">食事</instance>
         <wf lemma="つき" pos="X">つき</wf>
         <wf lemma="の" pos="X">の</wf>
         <wf lemma="部屋" pos="X">部屋</wf>
         <wf lemma="." pos="X">.</wf>
      </sentence>
      <sentence id="d000.s4576" source="wordnet-japanese">
         <instance id="d000.s4576.t000" lemma="典型的" pos="ADJ">典型的</instance>
         <wf lemma="な" pos="X">な</wf>
         <wf lemma="ロマンチック" pos="X">ロマンチック</wf>
         <wf lemma="な" pos="X">な</wf>
         <wf lemma="詩" pos="X">詩</wf>
         <wf lemma="." pos="X">.</wf>
      </sentence>
      <sentence id="d000.s4577" source="wordnet-japanese">
         <wf lemma="建築" pos="X">建築</wf>
         <wf lemma="における" pos="X">における</wf>
         <wf lemma="ゴシック" pos="X">ゴシック</wf>
         <wf lemma="建築" pos="X">建築</wf>
         <wf lemma="の" pos="X">の</wf>
         <instance id="d000.s4577.t000" lemma="復活" pos="NOUN">復活</instance>
         <wf lemma="." pos="X">.</wf>
      </sentence>
      <sentence id="d000.s4578" source="wordnet-japanese">
         <instance id="d000.s4578.t000" lemma="冷たい" pos="ADJ">冷たい</instance>
         <wf lemma="無" pos="X">無</wf>
         <wf lemma="愛想" pos="X">愛想</wf>
         <wf lemma="な" pos="X">な</wf>
         <wf lemma="うなずき" pos="X">うなずき</wf>
         <wf lemma="." pos="X">.</wf>
      </sentence>
      <sentence id="d000.s4579" source="wordnet-japanese">
         <wf lemma="結局" pos="X">結局</wf>
         <wf lemma="、" pos="X">、</wf>
         <wf lemma="家族" pos="X">家族</wf>
         <wf lemma="は" pos="X">は</wf>
         <wf lemma="この" pos="X">この</wf>
         <wf lemma="邪悪" pos="X">邪悪</wf>
         <wf lemma="な" pos="X">な</wf>
         <wf lemma="力" pos="X">力</wf>
         <wf lemma="の" pos="X">の</wf>
         <instance id="d000.s4579.t000" lemma="設備" pos="NOUN">設備</instance>
         <wf lemma="の" pos="X">の</wf>
         <wf lemma="ため" pos="X">ため</wf>
         <wf lemma="家" pos="X">家</wf>
         <wf lemma="を" pos="X">を</wf>
         <wf lemma="出" pos="X">出</wf>
         <wf lemma="た" pos="X">た</wf>
         <wf lemma="." pos="X">.</wf>
      </sentence>
      <sentence id="d000.s4580" source="wordnet-japanese">
         <wf lemma="ドイツ" pos="X">ドイツ</wf>
         <wf lemma="人" pos="X">人</wf>
         <wf lemma="は" pos="X">は</wf>
         <wf lemma="、" pos="X">、</wf>
         <wf lemma="1939" pos="X">1939</wf>
         <wf lemma="年" pos="X">年</wf>
         <wf lemma="9月" pos="X">9月</wf>
         <wf lemma="1" pos="X">1</wf>
         <wf lemma="日" pos="X">日</wf>
         <wf lemma="に" pos="X">に</wf>
         <wf lemma="ポーランド" pos="X">ポーランド</wf>
         <wf lemma="を" pos="X">を</wf>
         <instance id="d000.s4580.t000" lemma="襲う" pos="VERB">襲っ</instance>
         <wf lemma="た" pos="X">た</wf>
         <wf lemma="." pos="X">.</wf>
      </sentence>
      <sentence id="d000.s4581" source="wordnet-japanese">
         <wf lemma="私" pos="X">私</wf>
         <wf lemma="は" pos="X">は</wf>
         <wf lemma="彼" pos="X">彼</wf>
         <wf lemma="の" pos="X">の</wf>
         <wf lemma="敵意" pos="X">敵意</wf>
         <wf lemma="を" pos="X">を</wf>
         <instance id="d000.s4581.t000" lemma="感じる" pos="VERB">感じる</instance>
         <wf lemma="." pos="X">.</wf>
      </sentence>
      <sentence id="d000.s4582" source="wordnet-japanese">
         <wf lemma="この" pos="X">この</wf>
         <wf lemma="弁護士" pos="X">弁護士</wf>
         <wf lemma="は" pos="X">は</wf>
         <wf lemma="冗長" pos="X">冗長</wf>
         <wf lemma="な" pos="X">な</wf>
         <instance id="d000.s4582.t000" lemma="話す" pos="VERB">話し</instance>
         <wf lemma="方" pos="X">方</wf>
         <wf lemma="を" pos="X">を</wf>
         <wf lemma="し" pos="X">し</wf>
         <wf lemma="て" pos="X">て</wf>
         <wf lemma="、" pos="X">、</wf>
         <wf lemma="むしろ" pos="X">むしろ</wf>
         <wf lemma="退屈" pos="X">退屈</wf>
         <wf lemma="である" pos="X">である</wf>
         <wf lemma="." pos="X">.</wf>
      </sentence>
      <sentence id="d000.s4583" source="wordnet-japanese">
         <instance id="d000.s4583.t000" lemma="軽快" pos="ADJ">軽快</instance>
         <wf lemma="な" pos="X">な</wf>
         <wf lemma="足取り" pos="X">足取り</wf>
         <wf lemma="." pos="X">.</wf>
      </sentence>
      <sentence id="d000.s4584" source="wordnet-japanese">
         <wf lemma="彼" pos="X">彼</wf>
         <wf lemma="は" pos="X">は</wf>
         <wf lemma="ガス" pos="X">ガス</wf>
         <wf lemma="会社" pos="X">会社</wf>
         <wf lemma="で" pos="X">で</wf>
         <wf lemma="メーター" pos="X">メーター</wf>
         <wf lemma="の" pos="X">の</wf>
         <instance id="d000.s4584.t000" lemma="読み取り" pos="NOUN">読み取り</instance>
         <wf lemma="の" pos="X">の</wf>
         <wf lemma="仕事" pos="X">仕事</wf>
         <wf lemma="を" pos="X">を</wf>
         <wf lemma="し" pos="X">し</wf>
         <wf lemma="て" pos="X">て</wf>
         <wf lemma="いる" pos="X">いる</wf>
         <wf lemma="." pos="X">.</wf>
      </sentence>
      <sentence id="d000.s4585" source="wordnet-japanese">
         <wf lemma="石炭" pos="X">石炭</wf>
         <wf lemma="を" pos="X">を</wf>
         <instance id="d000.s4585.t000" lemma="掘り出す" pos="VERB">掘り出す</instance>
         <wf lemma="." pos="X">.</wf>
      </sentence>
      <sentence id="d000.s4586" source="wordnet-japanese">
         <instance id="d000.s4586.t000" lemma="陽気" pos="ADJ">陽気</instance>
         <wf lemma="な" pos="X">な</wf>
         <wf lemma="おじいさん" pos="X">おじいさん</wf>
         <wf lemma="聖" pos="X">聖</wf>
         <wf lemma="ニック" pos="X">ニック</wf>
         <wf lemma="." pos="X">.</wf>
      </sentence>
      <sentence id="d000.s4587" source="wordnet-japanese">
         <instance id="d000.s4587.t000" lemma="適度" pos="ADJ">適度</instance>
         <wf lemma="の" pos="X">の</wf>
         <wf lemma="罰金" pos="X">罰金</wf>
         <wf lemma="." pos="X">.</wf>
      </sentence>
      <sentence id="d000.s4588" source="wordnet-japanese">
         <wf lemma="あなた" pos="X">あなた</wf>
         <wf lemma="の" pos="X">の</wf>
         <wf lemma="夫" pos="X">夫</wf>
         <wf lemma="は" pos="X">は</wf>
         <wf lemma="また" pos="X">また</wf>
         <instance id="d000.s4588.t000" lemma="働く" pos="VERB">働い</instance>
         <wf lemma="て" pos="X">て</wf>
         <wf lemma="い" pos="X">い</wf>
         <wf lemma="ます" pos="X">ます</wf>
         <wf lemma="か" pos="X">か</wf>
         <wf lemma="？" pos="X">？</wf>
         <wf lemma="." pos="X">.</wf>
      </sentence>
      <sentence id="d000.s4589" source="wordnet-japanese">
         <wf lemma="テッドウィリアムズ" pos="X">テッドウィリアムズ</wf>
         <wf lemma="に" pos="X">に</wf>
         <wf lemma="は" pos="X">は</wf>
         <wf lemma="、" pos="X">、</wf>
         <wf lemma="かつて" pos="X">かつて</wf>
         <instance id="d000.s4589.t000" lemma="打率" pos="NOUN">打率</instance>
         <wf lemma="が" pos="X">が</wf>
         <wf lemma="." pos="X">.</wf>
         <wf lemma="400" pos="X">400</wf>
         <wf lemma="を" pos="X">を</wf>
         <wf lemma="上回っ" pos="X">上回っ</wf>
         <wf lemma="て" pos="X">て</wf>
         <wf lemma="い" pos="X">い</wf>
         <wf lemma="た" pos="X">た</wf>
         <wf lemma="." pos="X">.</wf>
      </sentence>
      <sentence id="d000.s4590" source="wordnet-japanese">
         <wf lemma="彼女" pos="X">彼女</wf>
         <wf lemma="は" pos="X">は</wf>
         <wf lemma="農場" pos="X">農場</wf>
         <wf lemma="で" pos="X">で</wf>
         <instance id="d000.s4590.t000" lemma="生まれる" pos="VERB">生まれ</instance>
         <wf lemma="た" pos="X">た</wf>
         <wf lemma="." pos="X">.</wf>
      </sentence>
      <sentence id="d000.s4591" source="wordnet-japanese">
         <wf lemma="彼女" pos="X">彼女</wf>
         <wf lemma="は" pos="X">は</wf>
         <wf lemma="論文" pos="X">論文</wf>
         <wf lemma="の" pos="X">の</wf>
         <wf lemma="ため" pos="X">ため</wf>
         <wf lemma="の" pos="X">の</wf>
         <wf lemma="多く" pos="X">多く</wf>
         <wf lemma="の" pos="X">の</wf>
         <wf lemma="データ" pos="X">データ</wf>
         <wf lemma="を" pos="X">を</wf>
         <instance id="d000.s4591.t000" lemma="集める" pos="VERB">集め</instance>
         <wf lemma="て" pos="X">て</wf>
         <wf lemma="いる" pos="X">いる</wf>
         <wf lemma="." pos="X">.</wf>
      </sentence>
      <sentence id="d000.s4592" source="wordnet-japanese">
         <wf lemma="私" pos="X">私</wf>
         <wf lemma="の" pos="X">の</wf>
         <wf lemma="訓練" pos="X">訓練</wf>
         <wf lemma="について" pos="X">について</wf>
         <instance id="d000.s4592.t000" lemma="質問" pos="NOUN">質問</instance>
         <wf lemma="が" pos="X">が</wf>
         <wf lemma="あっ" pos="X">あっ</wf>
         <wf lemma="た" pos="X">た</wf>
         <wf lemma="." pos="X">.</wf>
      </sentence>
      <sentence id="d000.s4593" source="wordnet-japanese">
         <wf lemma="共和党" pos="X">共和党</wf>
         <wf lemma="の" pos="X">の</wf>
         <wf lemma="知事" pos="X">知事</wf>
         <instance id="d000.s4593.t000" lemma="指名" pos="NOUN">指名</instance>
         <wf lemma="." pos="X">.</wf>
      </sentence>
      <sentence id="d000.s4594" source="wordnet-japanese">
         <wf lemma="患者" pos="X">患者</wf>
         <wf lemma="の" pos="X">の</wf>
         <wf lemma="身体" pos="X">身体</wf>
         <wf lemma="を" pos="X">を</wf>
         <wf lemma="冷水浴" pos="X">冷水浴</wf>
         <wf lemma="に" pos="X">に</wf>
         <wf lemma="浸す" pos="X">浸す</wf>
         <wf lemma="の" pos="X">の</wf>
         <wf lemma="による" pos="X">による</wf>
         <instance id="d000.s4594.t000" lemma="冷却" pos="NOUN">冷却</instance>
         <wf lemma="." pos="X">.</wf>
      </sentence>
      <sentence id="d000.s4595" source="wordnet-japanese">
         <wf lemma="彼" pos="X">彼</wf>
         <wf lemma="は" pos="X">は</wf>
         <wf lemma="歴史" pos="X">歴史</wf>
         <wf lemma="の" pos="X">の</wf>
         <wf lemma="授業" pos="X">授業</wf>
         <wf lemma="に" pos="X">に</wf>
         <wf lemma="出" pos="X">出</wf>
         <wf lemma="て" pos="X">て</wf>
         <wf lemma="くる" pos="X">くる</wf>
         <wf lemma="すべて" pos="X">すべて</wf>
         <wf lemma="の" pos="X">の</wf>
         <instance id="d000.s4595.t000" lemma="日付" pos="NOUN">日付</instance>
         <wf lemma="を" pos="X">を</wf>
         <wf lemma="暗記" pos="X">暗記</wf>
         <wf lemma="し" pos="X">し</wf>
         <wf lemma="よう" pos="X">よう</wf>
         <wf lemma="と" pos="X">と</wf>
         <wf lemma="し" pos="X">し</wf>
         <wf lemma="た" pos="X">た</wf>
         <wf lemma="." pos="X">.</wf>
      </sentence>
      <sentence id="d000.s4596" source="wordnet-japanese">
         <wf lemma="補償" pos="X">補償</wf>
         <instance id="d000.s4596.t000" lemma="査定" pos="NOUN">査定</instance>
         <wf lemma="は" pos="X">は</wf>
         <wf lemma="、" pos="X">、</wf>
         <wf lemma="クラブ" pos="X">クラブ</wf>
         <wf lemma="の" pos="X">の</wf>
         <wf lemma="会員" pos="X">会員</wf>
         <wf lemma="資格" pos="X">資格</wf>
         <wf lemma="に" pos="X">に</wf>
         <wf lemma="違反" pos="X">違反</wf>
         <wf lemma="し" pos="X">し</wf>
         <wf lemma="た" pos="X">た</wf>
         <wf lemma="." pos="X">.</wf>
      </sentence>
      <sentence id="d000.s4597" source="wordnet-japanese">
         <wf lemma="木曜日" pos="X">木曜日</wf>
         <wf lemma="が" pos="X">が</wf>
         <wf lemma="彼" pos="X">彼</wf>
         <wf lemma="の" pos="X">の</wf>
         <instance id="d000.s4597.t000" lemma="休日" pos="NOUN">休日</instance>
         <wf lemma="だ" pos="X">だ</wf>
         <wf lemma="." pos="X">.</wf>
      </sentence>
      <sentence id="d000.s4598" source="wordnet-japanese">
         <wf lemma="原子力発電所" pos="X">原子力発電所</wf>
         <wf lemma="に" pos="X">に</wf>
         <wf lemma="反対" pos="X">反対</wf>
         <wf lemma="する" pos="X">する</wf>
         <instance id="d000.s4598.t000" lemma="全面的" pos="ADJ">全面的</instance>
         <wf lemma="な" pos="X">な</wf>
         <wf lemma="運動" pos="X">運動</wf>
         <wf lemma="." pos="X">.</wf>
      </sentence>
      <sentence id="d000.s4599" source="wordnet-japanese">
         <wf lemma="ジム" pos="X">ジム</wf>
         <wf lemma="は" pos="X">は</wf>
         <wf lemma="いつも" pos="X">いつも</wf>
         <instance id="d000.s4599.t000" lemma="割り込む" pos="VERB">割り込み</instance>
         <wf lemma="ます" pos="X">ます</wf>
         <wf lemma="！" pos="X">！</wf>
         <wf lemma="." pos="X">.</wf>
      </sentence>
      <sentence id="d000.s4600" source="wordnet-japanese">
         <wf lemma="トルビル" pos="X">トルビル</wf>
         <wf lemma="の" pos="X">の</wf>
         <wf lemma="カジノ" pos="X">カジノ</wf>
         <wf lemma="で" pos="X">で</wf>
         <instance id="d000.s4600.t000" lemma="遊ぶ" pos="VERB">遊ぶ</instance>
         <wf lemma="." pos="X">.</wf>
      </sentence>
      <sentence id="d000.s4601" source="wordnet-japanese">
         <instance id="d000.s4601.t000" lemma="常に" pos="ADV">常に</instance>
         <wf lemma="、" pos="X">、</wf>
         <wf lemma="思いがけ" pos="X">思いがけ</wf>
         <wf lemma="なく" pos="X">なく</wf>
         <wf lemma="大金" pos="X">大金</wf>
         <wf lemma="を" pos="X">を</wf>
         <wf lemma="得る" pos="X">得る</wf>
         <wf lemma="こと" pos="X">こと</wf>
         <wf lemma="を" pos="X">を</wf>
         <wf lemma="望ん" pos="X">望ん</wf>
         <wf lemma="で" pos="X">で</wf>
         <wf lemma="いる" pos="X">いる</wf>
         <wf lemma="." pos="X">.</wf>
      </sentence>
      <sentence id="d000.s4602" source="wordnet-japanese">
         <instance id="d000.s4602.t000" lemma="優しい" pos="ADJ">優しい</instance>
         <wf lemma="記憶" pos="X">記憶</wf>
         <wf lemma="." pos="X">.</wf>
      </sentence>
      <sentence id="d000.s4603" source="wordnet-japanese">
         <wf lemma="あなた" pos="X">あなた</wf>
         <wf lemma="は" pos="X">は</wf>
         <instance id="d000.s4603.t000" lemma="全く" pos="ADV">全く</instance>
         <wf lemma="正しい" pos="X">正しい</wf>
         <wf lemma="." pos="X">.</wf>
      </sentence>
      <sentence id="d000.s4604" source="wordnet-japanese">
         <wf lemma="木星" pos="X">木星</wf>
         <wf lemma="は" pos="X">は</wf>
         <wf lemma="、" pos="X">、</wf>
         <wf lemma="16" pos="X">16</wf>
         <wf lemma="の" pos="X">の</wf>
         <instance id="d000.s4604.t000" lemma="衛星" pos="NOUN">衛星</instance>
         <wf lemma="を" pos="X">を</wf>
         <wf lemma="持つ" pos="X">持つ</wf>
         <wf lemma="." pos="X">.</wf>
      </sentence>
      <sentence id="d000.s4605" source="wordnet-japanese">
         <wf lemma="食事制限" pos="X">食事制限</wf>
         <wf lemma="を" pos="X">を</wf>
         <instance id="d000.s4605.t000" lemma="貫き通す" pos="VERB">貫き通す</instance>
         <wf lemma="." pos="X">.</wf>
      </sentence>
      <sentence id="d000.s4606" source="wordnet-japanese">
         <wf lemma="一定" pos="X">一定</wf>
         <wf lemma="の" pos="X">の</wf>
         <wf lemma="（" pos="X">（</wf>
         <wf lemma="または" pos="X">または</wf>
         <instance id="d000.s4606.t000" lemma="一律" pos="ADJ">一律</instance>
         <wf lemma="の" pos="X">の</wf>
         <wf lemma="）間隔" pos="X">）間隔</wf>
         <wf lemma="で" pos="X">で</wf>
         <wf lemma="." pos="X">.</wf>
      </sentence>
      <sentence id="d000.s4607" source="wordnet-japanese">
         <wf lemma="あなた" pos="X">あなた</wf>
         <wf lemma="の" pos="X">の</wf>
         <wf lemma="相手" pos="X">相手</wf>
         <wf lemma="が" pos="X">が</wf>
         <wf lemma="長い" pos="X">長い</wf>
         <instance id="d000.s4607.t000" lemma="フォロースルー" pos="NOUN">フォロースルー</instance>
         <wf lemma="を" pos="X">を</wf>
         <wf lemma="する" pos="X">する</wf>
         <wf lemma="と" pos="X">と</wf>
         <wf lemma="スカッシュ" pos="X">スカッシュ</wf>
         <wf lemma="は" pos="X">は</wf>
         <wf lemma="危険" pos="X">危険</wf>
         <wf lemma="である" pos="X">である</wf>
         <wf lemma="." pos="X">.</wf>
      </sentence>
      <sentence id="d000.s4608" source="wordnet-japanese">
         <wf lemma="彼女" pos="X">彼女</wf>
         <wf lemma="は" pos="X">は</wf>
         <wf lemma="決して" pos="X">決して</wf>
         <instance id="d000.s4608.t000" lemma="ブラインドデート" pos="NOUN">ブラインドデート</instance>
         <wf lemma="に" pos="X">に</wf>
         <wf lemma="行か" pos="X">行か</wf>
         <wf lemma="ない" pos="X">ない</wf>
         <wf lemma="." pos="X">.</wf>
      </sentence>
      <sentence id="d000.s4609" source="wordnet-japanese">
         <instance id="d000.s4609.t000" lemma="長い" pos="ADJ">長い</instance>
         <wf lemma="ゲーム" pos="X">ゲーム</wf>
         <wf lemma="." pos="X">.</wf>
      </sentence>
      <sentence id="d000.s4610" source="wordnet-japanese">
         <instance id="d000.s4610.t000" lemma="速やか" pos="ADJ">速やか</instance>
         <wf lemma="な" pos="X">な</wf>
         <wf lemma="回復" pos="X">回復</wf>
         <wf lemma="." pos="X">.</wf>
      </sentence>
      <sentence id="d000.s4611" source="wordnet-japanese">
         <wf lemma="ブラック" pos="X">ブラック</wf>
         <wf lemma="ジャック" pos="X">ジャック</wf>
         <wf lemma="の" pos="X">の</wf>
         <wf lemma="テーブル" pos="X">テーブル</wf>
         <wf lemma="で" pos="X">で</wf>
         <wf lemma="重" pos="X">重</wf>
         <wf lemma="苦しい" pos="X">苦しい</wf>
         <instance id="d000.s4611.t000" lemma="賭事" pos="NOUN">賭事</instance>
         <wf lemma="が" pos="X">が</wf>
         <wf lemma="行わ" pos="X">行わ</wf>
         <wf lemma="れ" pos="X">れ</wf>
         <wf lemma="た" pos="X">た</wf>
         <wf lemma="." pos="X">.</wf>
      </sentence>
      <sentence id="d000.s4612" source="wordnet-japanese">
         <instance id="d000.s4612.t000" lemma="軽い" pos="ADJ">軽い</instance>
         <wf lemma="運動" pos="X">運動</wf>
         <wf lemma="." pos="X">.</wf>
      </sentence>
      <sentence id="d000.s4613" source="wordnet-japanese">
         <wf lemma="ある" pos="X">ある</wf>
         <instance id="d000.s4613.t000" lemma="架空" pos="ADJ">架空</instance>
         <wf lemma="の" pos="X">の</wf>
         <wf lemma="秘密" pos="X">秘密</wf>
         <wf lemma="条約" pos="X">条約</wf>
         <wf lemma="について" pos="X">について</wf>
         <wf lemma="の" pos="X">の</wf>
         <wf lemma="虚偽" pos="X">虚偽</wf>
         <wf lemma="−" pos="X">−</wf>
         <wf lemma="F.D" pos="X">F.D</wf>
         <wf lemma="." pos="X">.</wf>
         <wf lemma="ルーズベルト" pos="X">ルーズベルト</wf>
         <wf lemma="." pos="X">.</wf>
      </sentence>
      <sentence id="d000.s4614" source="wordnet-japanese">
         <instance id="d000.s4614.t000" lemma="遺伝的" pos="ADJ">遺伝的</instance>
         <wf lemma="に" pos="X">に</wf>
         <wf lemma="送ら" pos="X">送ら</wf>
         <wf lemma="れ" pos="X">れ</wf>
         <wf lemma="た" pos="X">た</wf>
         <wf lemma="特徴" pos="X">特徴</wf>
         <wf lemma="." pos="X">.</wf>
      </sentence>
      <sentence id="d000.s4615" source="wordnet-japanese">
         <wf lemma="スターリン" pos="X">スターリン</wf>
         <wf lemma="の" pos="X">の</wf>
         <wf lemma="犯罪" pos="X">犯罪</wf>
         <wf lemma="を" pos="X">を</wf>
         <wf lemma="を" pos="X">を</wf>
         <instance id="d000.s4615.t000" lemma="ごまかす" pos="VERB">ごまかす</instance>
         <wf lemma="の" pos="X">の</wf>
         <wf lemma="を" pos="X">を</wf>
         <wf lemma="やめ" pos="X">やめ</wf>
         <wf lemma="ましょ" pos="X">ましょ</wf>
         <wf lemma="う" pos="X">う</wf>
         <wf lemma="." pos="X">.</wf>
      </sentence>
      <sentence id="d000.s4616" source="wordnet-japanese">
         <wf lemma="網" pos="X">網</wf>
         <wf lemma="を" pos="X">を</wf>
         <instance id="d000.s4616.t000" lemma="引っ張る" pos="VERB">引っ張る</instance>
         <wf lemma="." pos="X">.</wf>
      </sentence>
      <sentence id="d000.s4617" source="wordnet-japanese">
         <wf lemma="ほんの" pos="X">ほんの</wf>
         <wf lemma="少し" pos="X">少し</wf>
         <wf lemma="の" pos="X">の</wf>
         <instance id="d000.s4617.t000" lemma="貴重" pos="ADV">貴重</instance>
         <wf lemma="な" pos="X">な</wf>
         <wf lemma="時間" pos="X">時間</wf>
         <wf lemma="が" pos="X">が</wf>
         <wf lemma="残っ" pos="X">残っ</wf>
         <wf lemma="て" pos="X">て</wf>
         <wf lemma="いる" pos="X">いる</wf>
         <wf lemma="." pos="X">.</wf>
      </sentence>
      <sentence id="d000.s4618" source="wordnet-japanese">
         <wf lemma="最高" pos="X">最高</wf>
         <wf lemma="の" pos="X">の</wf>
         <instance id="d000.s4618.t000" lemma="意味" pos="NOUN">意味</instance>
         <wf lemma="において" pos="X">において</wf>
         <wf lemma="慈善" pos="X">慈善</wf>
         <wf lemma="は" pos="X">は</wf>
         <wf lemma="本当に" pos="X">本当に</wf>
         <wf lemma="義務" pos="X">義務</wf>
         <wf lemma="である" pos="X">である</wf>
         <wf lemma="." pos="X">.</wf>
      </sentence>
      <sentence id="d000.s4619" source="wordnet-japanese">
         <instance id="d000.s4619.t000" lemma="アナモルフィック" pos="ADJ">アナモルフィック</instance>
         <wf lemma="・" pos="X">・</wf>
         <wf lemma="レンズ" pos="X">レンズ</wf>
         <wf lemma="." pos="X">.</wf>
      </sentence>
      <sentence id="d000.s4620" source="wordnet-japanese">
         <wf lemma="どれ" pos="X">どれ</wf>
         <wf lemma="くらい" pos="X">くらい</wf>
         <wf lemma="長い" pos="X">長い</wf>
         <wf lemma="間" pos="X">間</wf>
         <wf lemma="、" pos="X">、</wf>
         <wf lemma="人" pos="X">人</wf>
         <wf lemma="は" pos="X">は</wf>
         <wf lemma="食物" pos="X">食物</wf>
         <wf lemma="と" pos="X">と</wf>
         <wf lemma="水なし" pos="X">水なし</wf>
         <wf lemma="で" pos="X">で</wf>
         <instance id="d000.s4620.t000" lemma="生きる" pos="VERB">生き</instance>
         <wf lemma="られる" pos="X">られる</wf>
         <wf lemma="の" pos="X">の</wf>
         <wf lemma="だろ" pos="X">だろ</wf>
         <wf lemma="う" pos="X">う</wf>
         <wf lemma="か" pos="X">か</wf>
         <wf lemma="？" pos="X">？</wf>
         <wf lemma="." pos="X">.</wf>
      </sentence>
      <sentence id="d000.s4621" source="wordnet-japanese">
         <wf lemma="この" pos="X">この</wf>
         <wf lemma="ヘビ" pos="X">ヘビ</wf>
         <wf lemma="は" pos="X">は</wf>
         <wf lemma="、" pos="X">、</wf>
         <wf lemma="それ" pos="X">それ</wf>
         <wf lemma="が" pos="X">が</wf>
         <wf lemma="生きる" pos="X">生きる</wf>
         <wf lemma="土地" pos="X">土地</wf>
         <wf lemma="中" pos="X">中</wf>
         <wf lemma="を" pos="X">を</wf>
         <instance id="d000.s4621.t000" lemma="泳ぐ" pos="VERB">泳ぐ</instance>
         <wf lemma="." pos="X">.</wf>
      </sentence>
      <sentence id="d000.s4622" source="wordnet-japanese">
         <wf lemma="犬" pos="X">犬</wf>
         <wf lemma="は" pos="X">は</wf>
         <wf lemma="ウサギ" pos="X">ウサギ</wf>
         <wf lemma="を" pos="X">を</wf>
         <instance id="d000.s4622.t000" lemma="追いかける" pos="VERB">追いかけ</instance>
         <wf lemma="た" pos="X">た</wf>
         <wf lemma="." pos="X">.</wf>
      </sentence>
      <sentence id="d000.s4623" source="wordnet-japanese">
         <wf lemma="突然" pos="X">突然</wf>
         <wf lemma="変異" pos="X">変異</wf>
         <wf lemma="は" pos="X">は</wf>
         <wf lemma="、" pos="X">、</wf>
         <instance id="d000.s4623.t000" lemma="進化的" pos="ADV">進化的</instance>
         <wf lemma="に" pos="X">に</wf>
         <wf lemma="成功" pos="X">成功</wf>
         <wf lemma="し" pos="X">し</wf>
         <wf lemma="て" pos="X">て</wf>
         <wf lemma="いる" pos="X">いる</wf>
         <wf lemma="." pos="X">.</wf>
      </sentence>
      <sentence id="d000.s4624" source="wordnet-japanese">
         <wf lemma="彼" pos="X">彼</wf>
         <wf lemma="の" pos="X">の</wf>
         <wf lemma="彼女" pos="X">彼女</wf>
         <wf lemma="の" pos="X">の</wf>
         <instance id="d000.s4624.t000" lemma="印象" pos="NOUN">印象</instance>
         <wf lemma="は" pos="X">は</wf>
         <wf lemma="よかっ" pos="X">よかっ</wf>
         <wf lemma="た" pos="X">た</wf>
         <wf lemma="." pos="X">.</wf>
      </sentence>
      <sentence id="d000.s4625" source="wordnet-japanese">
         <instance id="d000.s4625.t000" lemma="とにかく" pos="ADV">とにかく</instance>
         <wf lemma="、" pos="X">、</wf>
         <wf lemma="彼" pos="X">彼</wf>
         <wf lemma="は" pos="X">は</wf>
         <wf lemma="もう" pos="X">もう</wf>
         <wf lemma="死ん" pos="X">死ん</wf>
         <wf lemma="で" pos="X">で</wf>
         <wf lemma="いる" pos="X">いる</wf>
         <wf lemma="." pos="X">.</wf>
      </sentence>
      <sentence id="d000.s4626" source="wordnet-japanese">
         <instance id="d000.s4626.t000" lemma="主要" pos="ADJ">主要</instance>
         <wf lemma="な" pos="X">な</wf>
         <wf lemma="役割" pos="X">役割</wf>
         <wf lemma="." pos="X">.</wf>
      </sentence>
      <sentence id="d000.s4627" source="wordnet-japanese">
         <wf lemma="光" pos="X">光</wf>
         <wf lemma="は" pos="X">は</wf>
         <wf lemma="、" pos="X">、</wf>
         <wf lemma="金色" pos="X">金色</wf>
         <wf lemma="の" pos="X">の</wf>
         <wf lemma="ネックレス" pos="X">ネックレス</wf>
         <wf lemma="に" pos="X">に</wf>
         <instance id="d000.s4627.t000" lemma="当たる" pos="VERB">当たっ</instance>
         <wf lemma="た" pos="X">た</wf>
         <wf lemma="." pos="X">.</wf>
      </sentence>
      <sentence id="d000.s4628" source="wordnet-japanese">
         <instance id="d000.s4628.t000" lemma="鮮やか" pos="ADJ">鮮やか</instance>
         <wf lemma="な" pos="X">な</wf>
         <wf lemma="記憶" pos="X">記憶</wf>
         <wf lemma="." pos="X">.</wf>
      </sentence>
      <sentence id="d000.s4629" source="wordnet-japanese">
         <instance id="d000.s4629.t000" lemma="暖かい" pos="ADJ">暖かい</instance>
         <wf lemma="挨拶" pos="X">挨拶</wf>
         <wf lemma="." pos="X">.</wf>
      </sentence>
      <sentence id="d000.s4630" source="wordnet-japanese">
         <wf lemma="組み立て" pos="X">組み立て</wf>
         <wf lemma="工場" pos="X">工場</wf>
         <wf lemma="は" pos="X">は</wf>
         <wf lemma="巨大" pos="X">巨大</wf>
         <wf lemma="な" pos="X">な</wf>
         <instance id="d000.s4630.t000" lemma="設備" pos="NOUN">設備</instance>
         <wf lemma="である" pos="X">である</wf>
         <wf lemma="." pos="X">.</wf>
      </sentence>
      <sentence id="d000.s4631" source="wordnet-japanese">
         <wf lemma="花" pos="X">花</wf>
         <wf lemma="を" pos="X">を</wf>
         <instance id="d000.s4631.t000" lemma="摘む" pos="VERB">摘む</instance>
         <wf lemma="." pos="X">.</wf>
      </sentence>
      <sentence id="d000.s4632" source="wordnet-japanese">
         <instance id="d000.s4632.t000" lemma="共通" pos="ADJ">共通</instance>
         <wf lemma="の" pos="X">の</wf>
         <wf lemma="船員" pos="X">船員</wf>
         <wf lemma="." pos="X">.</wf>
      </sentence>
      <sentence id="d000.s4633" source="wordnet-japanese">
         <instance id="d000.s4633.t000" lemma="ソフト" pos="ADJ">ソフト</instance>
         <wf lemma="サイエンス" pos="X">サイエンス</wf>
         <wf lemma="." pos="X">.</wf>
      </sentence>
      <sentence id="d000.s4634" source="wordnet-japanese">
         <instance id="d000.s4634.t000" lemma="邪悪" pos="ADJ">邪悪</instance>
         <wf lemma="な" pos="X">な</wf>
         <wf lemma="目的" pos="X">目的</wf>
         <wf lemma="." pos="X">.</wf>
      </sentence>
      <sentence id="d000.s4635" source="wordnet-japanese">
         <wf lemma="たばこ" pos="X">たばこ</wf>
         <wf lemma="を" pos="X">を</wf>
         <instance id="d000.s4635.t000" lemma="吸う" pos="VERB">吸う</instance>
         <wf lemma="." pos="X">.</wf>
      </sentence>
      <sentence id="d000.s4636" source="wordnet-japanese">
         <wf lemma="クッキー" pos="X">クッキー</wf>
         <wf lemma="を" pos="X">を</wf>
         <instance id="d000.s4636.t000" lemma="取る" pos="VERB">取っ</instance>
         <wf lemma="て" pos="X">て</wf>
         <wf lemma="！" pos="X">！</wf>
         <wf lemma="." pos="X">.</wf>
      </sentence>
      <sentence id="d000.s4637" source="wordnet-japanese">
         <wf lemma="考え" pos="X">考え</wf>
         <wf lemma="を" pos="X">を</wf>
         <wf lemma="学生" pos="X">学生</wf>
         <wf lemma="の" pos="X">の</wf>
         <wf lemma="心" pos="X">心</wf>
         <wf lemma="に" pos="X">に</wf>
         <instance id="d000.s4637.t000" lemma="植え付ける" pos="VERB">植え付ける</instance>
         <wf lemma="." pos="X">.</wf>
      </sentence>
      <sentence id="d000.s4638" source="wordnet-japanese">
         <wf lemma="私" pos="X">私</wf>
         <wf lemma="は" pos="X">は</wf>
         <wf lemma="お" pos="X">お</wf>
         <wf lemma="金" pos="X">金</wf>
         <wf lemma="を" pos="X">を</wf>
         <wf lemma="別" pos="X">別</wf>
         <wf lemma="の" pos="X">の</wf>
         <wf lemma="銀行" pos="X">銀行</wf>
         <wf lemma="に" pos="X">に</wf>
         <instance id="d000.s4638.t000" lemma="動かす" pos="VERB">動か</instance>
         <wf lemma="し" pos="X">し</wf>
         <wf lemma="て" pos="X">て</wf>
         <wf lemma="いる" pos="X">いる</wf>
         <wf lemma="." pos="X">.</wf>
      </sentence>
      <sentence id="d000.s4639" source="wordnet-japanese">
         <wf lemma="クリスマス" pos="X">クリスマス</wf>
         <wf lemma="・" pos="X">・</wf>
         <instance id="d000.s4639.t000" lemma="シーズン" pos="NOUN">シーズン</instance>
         <wf lemma="だっ" pos="X">だっ</wf>
         <wf lemma="た" pos="X">た</wf>
         <wf lemma="." pos="X">.</wf>
      </sentence>
      <sentence id="d000.s4640" source="wordnet-japanese">
         <instance id="d000.s4640.t000" lemma="法令見出し" pos="NOUN">法令見出し</instance>
         <wf lemma="8" pos="X">8</wf>
         <wf lemma="は" pos="X">は</wf>
         <wf lemma="学校" pos="X">学校</wf>
         <wf lemma="に対する" pos="X">に対する</wf>
         <wf lemma="連邦政府" pos="X">連邦政府</wf>
         <wf lemma="の" pos="X">の</wf>
         <wf lemma="援助" pos="X">援助</wf>
         <wf lemma="を" pos="X">を</wf>
         <wf lemma="提供" pos="X">提供</wf>
         <wf lemma="し" pos="X">し</wf>
         <wf lemma="た" pos="X">た</wf>
         <wf lemma="." pos="X">.</wf>
      </sentence>
      <sentence id="d000.s4641" source="wordnet-japanese">
         <wf lemma="彼" pos="X">彼</wf>
         <wf lemma="の" pos="X">の</wf>
         <wf lemma="ポケット" pos="X">ポケット</wf>
         <wf lemma="の" pos="X">の</wf>
         <wf lemma="銃" pos="X">銃</wf>
         <wf lemma="は" pos="X">は</wf>
         <wf lemma="明らか" pos="X">明らか</wf>
         <wf lemma="な" pos="X">な</wf>
         <instance id="d000.s4641.t000" lemma="膨らみ" pos="NOUN">膨らみ</instance>
         <wf lemma="を" pos="X">を</wf>
         <wf lemma="作っ" pos="X">作っ</wf>
         <wf lemma="た" pos="X">た</wf>
         <wf lemma="." pos="X">.</wf>
      </sentence>
      <sentence id="d000.s4642" source="wordnet-japanese">
         <wf lemma="夜明け" pos="X">夜明け</wf>
         <wf lemma="は" pos="X">は</wf>
         <wf lemma="6月" pos="X">6月</wf>
         <wf lemma="初旬" pos="X">初旬</wf>
         <instance id="d000.s4642.t000" lemma="来る" pos="VERB">来る</instance>
         <wf lemma="." pos="X">.</wf>
      </sentence>
      <sentence id="d000.s4643" source="wordnet-japanese">
         <wf lemma="彼女" pos="X">彼女</wf>
         <wf lemma="は" pos="X">は</wf>
         <wf lemma="、" pos="X">、</wf>
         <wf lemma="エレガント" pos="X">エレガント</wf>
         <wf lemma="な" pos="X">な</wf>
         <instance id="d000.s4643.t000" lemma="ドレッサー" pos="NOUN">ドレッサー</instance>
         <wf lemma="である" pos="X">である</wf>
         <wf lemma="." pos="X">.</wf>
      </sentence>
      <sentence id="d000.s4644" source="wordnet-japanese">
         <wf lemma="悲しみ" pos="X">悲しみ</wf>
         <wf lemma="の" pos="X">の</wf>
         <wf lemma="とき" pos="X">とき</wf>
         <wf lemma="に" pos="X">に</wf>
         <wf lemma="は" pos="X">は</wf>
         <wf lemma="騒音" pos="X">騒音</wf>
         <wf lemma="は" pos="X">は</wf>
         <instance id="d000.s4644.t000" lemma="不適当" pos="ADJ">不適当</instance>
         <wf lemma="である" pos="X">である</wf>
         <wf lemma="." pos="X">.</wf>
      </sentence>
      <sentence id="d000.s4645" source="wordnet-japanese">
         <wf lemma="ラジオ" pos="X">ラジオ</wf>
         <wf lemma="の" pos="X">の</wf>
         <wf lemma="ボリューム" pos="X">ボリューム</wf>
         <wf lemma="を" pos="X">を</wf>
         <instance id="d000.s4645.t000" lemma="下げる" pos="VERB">下げ</instance>
         <wf lemma="て" pos="X">て</wf>
         <wf lemma="ください" pos="X">ください</wf>
         <wf lemma="." pos="X">.</wf>
      </sentence>
      <sentence id="d000.s4646" source="wordnet-japanese">
         <wf lemma="その" pos="X">その</wf>
         <instance id="d000.s4646.t000" lemma="空気" pos="NOUN">空気</instance>
         <wf lemma="は" pos="X">は</wf>
         <wf lemma="霧" pos="X">霧</wf>
         <wf lemma="で" pos="X">で</wf>
         <wf lemma="どんより" pos="X">どんより</wf>
         <wf lemma="し" pos="X">し</wf>
         <wf lemma="て" pos="X">て</wf>
         <wf lemma="い" pos="X">い</wf>
         <wf lemma="た" pos="X">た</wf>
         <wf lemma="." pos="X">.</wf>
      </sentence>
      <sentence id="d000.s4647" source="wordnet-japanese">
         <wf lemma="彼" pos="X">彼</wf>
         <wf lemma="は" pos="X">は</wf>
         <wf lemma="、" pos="X">、</wf>
         <wf lemma="シールド" pos="X">シールド</wf>
         <wf lemma="の" pos="X">の</wf>
         <instance id="d000.s4647.t000" lemma="装置" pos="NOUN">装置</instance>
         <wf lemma="によって" pos="X">によって</wf>
         <wf lemma="認め" pos="X">認め</wf>
         <wf lemma="られ" pos="X">られ</wf>
         <wf lemma="た" pos="X">た</wf>
         <wf lemma="." pos="X">.</wf>
      </sentence>
      <sentence id="d000.s4648" source="wordnet-japanese">
         <wf lemma="日本人" pos="X">日本人</wf>
         <wf lemma="は" pos="X">は</wf>
         <wf lemma="真珠湾" pos="X">真珠湾</wf>
         <wf lemma="で" pos="X">で</wf>
         <wf lemma="アメリカ" pos="X">アメリカ</wf>
         <wf lemma="の" pos="X">の</wf>
         <wf lemma="船" pos="X">船</wf>
         <wf lemma="を" pos="X">を</wf>
         <instance id="d000.s4648.t000" lemma="沈める" pos="VERB">沈め</instance>
         <wf lemma="た" pos="X">た</wf>
         <wf lemma="." pos="X">.</wf>
      </sentence>
      <sentence id="d000.s4649" source="wordnet-japanese">
         <instance id="d000.s4649.t000" lemma="少女" pos="NOUN">少女</instance>
         <wf lemma="たち" pos="X">たち</wf>
         <wf lemma="は" pos="X">は</wf>
         <wf lemma="三輪車" pos="X">三輪車</wf>
         <wf lemma="に" pos="X">に</wf>
         <wf lemma="乗る" pos="X">乗る</wf>
         <wf lemma="こと" pos="X">こと</wf>
         <wf lemma="が" pos="X">が</wf>
         <wf lemma="できる" pos="X">できる</wf>
         <wf lemma="ように" pos="X">ように</wf>
         <wf lemma="なっ" pos="X">なっ</wf>
         <wf lemma="た" pos="X">た</wf>
         <wf lemma="ところ" pos="X">ところ</wf>
         <wf lemma="だっ" pos="X">だっ</wf>
         <wf lemma="た" pos="X">た</wf>
         <wf lemma="." pos="X">.</wf>
      </sentence>
      <sentence id="d000.s4650" source="wordnet-japanese">
         <wf lemma="悲しげ" pos="X">悲しげ</wf>
         <wf lemma="な" pos="X">な</wf>
         <instance id="d000.s4650.t000" lemma="表情" pos="NOUN">表情</instance>
         <wf lemma="." pos="X">.</wf>
      </sentence>
      <sentence id="d000.s4651" source="wordnet-japanese">
         <wf lemma="リズミカル" pos="X">リズミカル</wf>
         <wf lemma="に" pos="X">に</wf>
         <wf lemma="その" pos="X">その</wf>
         <wf lemma="人" pos="X">人</wf>
         <wf lemma="の" pos="X">の</wf>
         <wf lemma="足" pos="X">足</wf>
         <wf lemma="を" pos="X">を</wf>
         <instance id="d000.s4651.t000" lemma="打つ" pos="VERB">打つ</instance>
         <wf lemma="." pos="X">.</wf>
      </sentence>
      <sentence id="d000.s4652" source="wordnet-japanese">
         <wf lemma="…の" pos="X">…の</wf>
         <instance id="d000.s4652.t000" lemma="宗主権" pos="NOUN">宗主権</instance>
         <wf lemma="の" pos="X">の</wf>
         <wf lemma="下" pos="X">下</wf>
         <wf lemma="で" pos="X">で</wf>
         <wf lemma="." pos="X">.</wf>
      </sentence>
      <sentence id="d000.s4653" source="wordnet-japanese">
         <wf lemma="スペルコンテスト" pos="X">スペルコンテスト</wf>
         <wf lemma="で" pos="X">で</wf>
         <wf lemma="優勝" pos="X">優勝</wf>
         <wf lemma="でき" pos="X">でき</wf>
         <wf lemma="ず" pos="X">ず</wf>
         <wf lemma="、" pos="X">、</wf>
         <wf lemma="落ち込ん" pos="X">落ち込ん</wf>
         <wf lemma="で" pos="X">で</wf>
         <wf lemma="い" pos="X">い</wf>
         <wf lemma="た" pos="X">た</wf>
         <wf lemma="子供" pos="X">子供</wf>
         <wf lemma="を" pos="X">を</wf>
         <wf lemma="、" pos="X">、</wf>
         <wf lemma="彼女" pos="X">彼女</wf>
         <wf lemma="は" pos="X">は</wf>
         <instance id="d000.s4653.t000" lemma="慰める" pos="VERB">慰め</instance>
         <wf lemma="た" pos="X">た</wf>
         <wf lemma="." pos="X">.</wf>
      </sentence>
      <sentence id="d000.s4654" source="wordnet-japanese">
         <instance id="d000.s4654.t000" lemma="可変" pos="ADJ">可変</instance>
         <wf lemma="コンデンサー" pos="X">コンデンサー</wf>
         <wf lemma="." pos="X">.</wf>
      </sentence>
      <sentence id="d000.s4655" source="wordnet-japanese">
         <wf lemma="我々" pos="X">我々</wf>
         <wf lemma="は" pos="X">は</wf>
         <wf lemma="、" pos="X">、</wf>
         <wf lemma="契約" pos="X">契約</wf>
         <wf lemma="の" pos="X">の</wf>
         <wf lemma="最初" pos="X">最初</wf>
         <wf lemma="の" pos="X">の</wf>
         <wf lemma="条件" pos="X">条件</wf>
         <wf lemma="を" pos="X">を</wf>
         <instance id="d000.s4655.t000" lemma="守る" pos="VERB">守っ</instance>
         <wf lemma="た" pos="X">た</wf>
         <wf lemma="." pos="X">.</wf>
      </sentence>
      <sentence id="d000.s4656" source="wordnet-japanese">
         <instance id="d000.s4656.t000" lemma="メモリ" pos="NOUN">メモリ</instance>
         <wf lemma="と" pos="X">と</wf>
         <wf lemma="CPU" pos="X">CPU</wf>
         <wf lemma="は" pos="X">は</wf>
         <wf lemma="、" pos="X">、</wf>
         <wf lemma="周辺" pos="X">周辺</wf>
         <wf lemma="機器" pos="X">機器</wf>
         <wf lemma="が" pos="X">が</wf>
         <wf lemma="付け" pos="X">付け</wf>
         <wf lemma="られる" pos="X">られる</wf>
         <wf lemma="コンピュータ" pos="X">コンピュータ</wf>
         <wf lemma="の" pos="X">の</wf>
         <wf lemma="中心部" pos="X">中心部</wf>
         <wf lemma="を" pos="X">を</wf>
         <wf lemma="形成" pos="X">形成</wf>
         <wf lemma="する" pos="X">する</wf>
         <wf lemma="." pos="X">.</wf>
      </sentence>
      <sentence id="d000.s4657" source="wordnet-japanese">
         <wf lemma="戦争" pos="X">戦争</wf>
         <wf lemma="が" pos="X">が</wf>
         <wf lemma="続い" pos="X">続い</wf>
         <wf lemma="た" pos="X">た</wf>
         <wf lemma="間" pos="X">間</wf>
         <wf lemma="続い" pos="X">続い</wf>
         <wf lemma="た" pos="X">た</wf>
         <instance id="d000.s4657.t000" lemma="独裁的" pos="ADJ">独裁的</instance>
         <wf lemma="支配" pos="X">支配</wf>
         <wf lemma="." pos="X">.</wf>
      </sentence>
      <sentence id="d000.s4658" source="wordnet-japanese">
         <instance id="d000.s4658.t000" lemma="憂鬱" pos="ADJ">憂鬱</instance>
         <wf lemma="な" pos="X">な</wf>
         <wf lemma="日" pos="X">日</wf>
         <wf lemma="." pos="X">.</wf>
      </sentence>
      <sentence id="d000.s4659" source="wordnet-japanese">
         <instance id="d000.s4659.t000" lemma="極度" pos="ADJ">極度</instance>
         <wf lemma="の" pos="X">の</wf>
         <wf lemma="苦痛" pos="X">苦痛</wf>
         <wf lemma="の" pos="X">の</wf>
         <wf lemma="中" pos="X">中</wf>
         <wf lemma="で" pos="X">で</wf>
         <wf lemma="." pos="X">.</wf>
      </sentence>
      <sentence id="d000.s4660" source="wordnet-japanese">
         <wf lemma="私" pos="X">私</wf>
         <wf lemma="の" pos="X">の</wf>
         <wf lemma="ボス" pos="X">ボス</wf>
         <wf lemma="は" pos="X">は</wf>
         <wf lemma="皆" pos="X">皆</wf>
         <wf lemma="を" pos="X">を</wf>
         <wf lemma="残業" pos="X">残業</wf>
         <wf lemma="さ" pos="X">さ</wf>
         <wf lemma="せる" pos="X">せる</wf>
         <instance id="d000.s4660.t000" lemma="独裁者" pos="NOUN">独裁者</instance>
         <wf lemma="である" pos="X">である</wf>
         <wf lemma="." pos="X">.</wf>
      </sentence>
      <sentence id="d000.s4661" source="wordnet-japanese">
         <wf lemma="その" pos="X">その</wf>
         <wf lemma="条約" pos="X">条約</wf>
         <wf lemma="に" pos="X">に</wf>
         <wf lemma="は" pos="X">は</wf>
         <instance id="d000.s4661.t000" lemma="強制力" pos="NOUN">強制力</instance>
         <wf lemma="が" pos="X">が</wf>
         <wf lemma="なかっ" pos="X">なかっ</wf>
         <wf lemma="た" pos="X">た</wf>
         <wf lemma="." pos="X">.</wf>
      </sentence>
      <sentence id="d000.s4662" source="wordnet-japanese">
         <wf lemma="コンピュータチェス" pos="X">コンピュータチェス</wf>
         <wf lemma="ゲーム" pos="X">ゲーム</wf>
         <wf lemma="は" pos="X">は</wf>
         <wf lemma="、" pos="X">、</wf>
         <wf lemma="常に" pos="X">常に</wf>
         <wf lemma="、" pos="X">、</wf>
         <wf lemma="だんだん" pos="X">だんだん</wf>
         <wf lemma="安く" pos="X">安く</wf>
         <wf lemma="なっ" pos="X">なっ</wf>
         <wf lemma="て" pos="X">て</wf>
         <wf lemma="いる" pos="X">いる</wf>
         <wf lemma="；" pos="X">；</wf>
         <instance id="d000.s4662.t000" lemma="さらに" pos="ADV">さらに</instance>
         <wf lemma="、" pos="X">、</wf>
         <wf lemma="品質" pos="X">品質</wf>
         <wf lemma="は" pos="X">は</wf>
         <wf lemma="よく" pos="X">よく</wf>
         <wf lemma="なっ" pos="X">なっ</wf>
         <wf lemma="て" pos="X">て</wf>
         <wf lemma="いる" pos="X">いる</wf>
         <wf lemma="." pos="X">.</wf>
      </sentence>
      <sentence id="d000.s4663" source="wordnet-japanese">
         <wf lemma="新しい" pos="X">新しい</wf>
         <wf lemma="マネージャー" pos="X">マネージャー</wf>
         <wf lemma="は" pos="X">は</wf>
         <wf lemma="多く" pos="X">多く</wf>
         <wf lemma="の" pos="X">の</wf>
         <wf lemma="問題" pos="X">問題</wf>
         <wf lemma="を" pos="X">を</wf>
         <instance id="d000.s4663.t000" lemma="生む" pos="VERB">生ん</instance>
         <wf lemma="だ" pos="X">だ</wf>
         <wf lemma="." pos="X">.</wf>
      </sentence>
      <sentence id="d000.s4664" source="wordnet-japanese">
         <wf lemma="肺がん" pos="X">肺がん</wf>
         <wf lemma="患者" pos="X">患者</wf>
         <wf lemma="は" pos="X">は</wf>
         <wf lemma="、" pos="X">、</wf>
         <wf lemma="あまり" pos="X">あまり</wf>
         <wf lemma="よく" pos="X">よく</wf>
         <wf lemma="空気" pos="X">空気</wf>
         <wf lemma="を" pos="X">を</wf>
         <instance id="d000.s4664.t000" lemma="吸い込む" pos="VERB">吸い込む</instance>
         <wf lemma="こと" pos="X">こと</wf>
         <wf lemma="が" pos="X">が</wf>
         <wf lemma="でき" pos="X">でき</wf>
         <wf lemma="ない" pos="X">ない</wf>
         <wf lemma="." pos="X">.</wf>
      </sentence>
      <sentence id="d000.s4665" source="wordnet-japanese">
         <wf lemma="軍隊" pos="X">軍隊</wf>
         <wf lemma="に関して" pos="X">に関して</wf>
         <wf lemma="は" pos="X">は</wf>
         <wf lemma="全て" pos="X">全て</wf>
         <wf lemma="が" pos="X">が</wf>
         <instance id="d000.s4665.t000" lemma="不安定" pos="ADJ">不安定</instance>
         <wf lemma="である" pos="X">である</wf>
         <wf lemma="." pos="X">.</wf>
      </sentence>
      <sentence id="d000.s4666" source="wordnet-japanese">
         <wf lemma="もしこの" pos="X">もしこの</wf>
         <wf lemma="中" pos="X">中</wf>
         <wf lemma="に" pos="X">に</wf>
         <instance id="d000.s4666.t000" lemma="マッチ" pos="NOUN">マッチ</instance>
         <wf lemma="を" pos="X">を</wf>
         <wf lemma="落とし" pos="X">落とし</wf>
         <wf lemma="たら" pos="X">たら</wf>
         <wf lemma="その" pos="X">その</wf>
         <wf lemma="場" pos="X">場</wf>
         <wf lemma="全体" pos="X">全体</wf>
         <wf lemma="が" pos="X">が</wf>
         <wf lemma="爆発" pos="X">爆発</wf>
         <wf lemma="する" pos="X">する</wf>
         <wf lemma="だろ" pos="X">だろ</wf>
         <wf lemma="う" pos="X">う</wf>
         <wf lemma="." pos="X">.</wf>
      </sentence>
      <sentence id="d000.s4667" source="wordnet-japanese">
         <wf lemma="たわいなく" pos="X">たわいなく</wf>
         <instance id="d000.s4667.t000" lemma="感傷的" pos="ADJ">感傷的</instance>
         <wf lemma="な" pos="X">な</wf>
         <wf lemma="詩" pos="X">詩</wf>
         <wf lemma="." pos="X">.</wf>
      </sentence>
      <sentence id="d000.s4668" source="wordnet-japanese">
         <instance id="d000.s4668.t000" lemma="秘密" pos="ADJ">秘密</instance>
         <wf lemma="の" pos="X">の</wf>
         <wf lemma="アプローチ" pos="X">アプローチ</wf>
         <wf lemma="." pos="X">.</wf>
      </sentence>
      <sentence id="d000.s4669" source="wordnet-japanese">
         <wf lemma="彼女" pos="X">彼女</wf>
         <wf lemma="は" pos="X">は</wf>
         <wf lemma="、" pos="X">、</wf>
         <instance id="d000.s4669.t000" lemma="純潔" pos="ADV">純潔</instance>
         <wf lemma="に" pos="X">に</wf>
         <wf lemma="生き" pos="X">生き</wf>
         <wf lemma="た" pos="X">た</wf>
         <wf lemma="." pos="X">.</wf>
      </sentence>
      <sentence id="d000.s4670" source="wordnet-japanese">
         <wf lemma="冷たい" pos="X">冷たい</wf>
         <wf lemma="世界" pos="X">世界</wf>
         <wf lemma="である" pos="X">である</wf>
         <wf lemma="という" pos="X">という</wf>
         <wf lemma="不平" pos="X">不平</wf>
         <wf lemma="を" pos="X">を</wf>
         <wf lemma="言う" pos="X">言う</wf>
         <wf lemma="こと" pos="X">こと</wf>
         <wf lemma="に" pos="X">に</wf>
         <instance id="d000.s4670.t000" lemma="慣れる" pos="ADJ">慣れ</instance>
         <wf lemma="た" pos="X">た</wf>
         <wf lemma="−" pos="X">−</wf>
         <wf lemma="ヘンリー" pos="X">ヘンリー</wf>
         <wf lemma="・" pos="X">・</wf>
         <wf lemma="デヴィッド" pos="X">デヴィッド</wf>
         <wf lemma="・" pos="X">・</wf>
         <wf lemma="ソーロー" pos="X">ソーロー</wf>
         <wf lemma="." pos="X">.</wf>
      </sentence>
      <sentence id="d000.s4671" source="wordnet-japanese">
         <wf lemma="彼" pos="X">彼</wf>
         <wf lemma="は" pos="X">は</wf>
         <wf lemma="ハーバード" pos="X">ハーバード</wf>
         <wf lemma="大学" pos="X">大学</wf>
         <wf lemma="で" pos="X">で</wf>
         <instance id="d000.s4671.t000" lemma="医学" pos="NOUN">医学</instance>
         <wf lemma="を" pos="X">を</wf>
         <wf lemma="勉強" pos="X">勉強</wf>
         <wf lemma="し" pos="X">し</wf>
         <wf lemma="た" pos="X">た</wf>
         <wf lemma="." pos="X">.</wf>
      </sentence>
      <sentence id="d000.s4672" source="wordnet-japanese">
         <wf lemma="郵便局" pos="X">郵便局</wf>
         <wf lemma="は" pos="X">は</wf>
         <wf lemma="、" pos="X">、</wf>
         <wf lemma="有名" pos="X">有名</wf>
         <wf lemma="な" pos="X">な</wf>
         <wf lemma="アメリカ" pos="X">アメリカ</wf>
         <wf lemma="の" pos="X">の</wf>
         <wf lemma="芸能人" pos="X">芸能人</wf>
         <wf lemma="を" pos="X">を</wf>
         <wf lemma="追悼" pos="X">追悼</wf>
         <wf lemma="する" pos="X">する</wf>
         <instance id="d000.s4672.t000" lemma="シリーズ" pos="NOUN">シリーズ</instance>
         <wf lemma="を" pos="X">を</wf>
         <wf lemma="発行" pos="X">発行</wf>
         <wf lemma="し" pos="X">し</wf>
         <wf lemma="た" pos="X">た</wf>
         <wf lemma="." pos="X">.</wf>
      </sentence>
      <sentence id="d000.s4673" source="wordnet-japanese">
         <instance id="d000.s4673.t000" lemma="不親切" pos="ADJ">不親切</instance>
         <wf lemma="な" pos="X">な</wf>
         <wf lemma="冷たい" pos="X">冷たい</wf>
         <wf lemma="態度" pos="X">態度</wf>
         <wf lemma="." pos="X">.</wf>
      </sentence>
      <sentence id="d000.s4674" source="wordnet-japanese">
         <wf lemma="放縦" pos="X">放縦</wf>
         <wf lemma="が" pos="X">が</wf>
         <wf lemma="彼" pos="X">彼</wf>
         <wf lemma="の" pos="X">の</wf>
         <wf lemma="唯一" pos="X">唯一</wf>
         <wf lemma="の" pos="X">の</wf>
         <instance id="d000.s4674.t000" lemma="哲学" pos="NOUN">哲学</instance>
         <wf lemma="だっ" pos="X">だっ</wf>
         <wf lemma="た" pos="X">た</wf>
         <wf lemma="." pos="X">.</wf>
      </sentence>
      <sentence id="d000.s4675" source="wordnet-japanese">
         <wf lemma="パイプ" pos="X">パイプ</wf>
         <wf lemma="に" pos="X">に</wf>
         <wf lemma="火" pos="X">火</wf>
         <wf lemma="を" pos="X">を</wf>
         <wf lemma="つける" pos="X">つける</wf>
         <wf lemma="とき" pos="X">とき</wf>
         <wf lemma="の" pos="X">の</wf>
         <wf lemma="、" pos="X">、</wf>
         <wf lemma="彼" pos="X">彼</wf>
         <wf lemma="の" pos="X">の</wf>
         <wf lemma="指" pos="X">指</wf>
         <wf lemma="の" pos="X">の</wf>
         <instance id="d000.s4675.t000" lemma="震え" pos="NOUN">震え</instance>
         <wf lemma="." pos="X">.</wf>
      </sentence>
      <sentence id="d000.s4676" source="wordnet-japanese">
         <wf lemma="事業" pos="X">事業</wf>
         <wf lemma="関係" pos="X">関係</wf>
         <wf lemma="の" pos="X">の</wf>
         <instance id="d000.s4676.t000" lemma="切迫" pos="NOUN">切迫</instance>
         <wf lemma="." pos="X">.</wf>
      </sentence>
      <sentence id="d000.s4677" source="wordnet-japanese">
         <wf lemma="医者" pos="X">医者</wf>
         <wf lemma="は" pos="X">は</wf>
         <wf lemma="、" pos="X">、</wf>
         <wf lemma="彼ら" pos="X">彼ら</wf>
         <wf lemma="の" pos="X">の</wf>
         <wf lemma="患者" pos="X">患者</wf>
         <wf lemma="の" pos="X">の</wf>
         <instance id="d000.s4677.t000" lemma="健康" pos="NOUN">健康</instance>
         <wf lemma="に対して" pos="X">に対して</wf>
         <wf lemma="責任" pos="X">責任</wf>
         <wf lemma="を" pos="X">を</wf>
         <wf lemma="負わ" pos="X">負わ</wf>
         <wf lemma="さ" pos="X">さ</wf>
         <wf lemma="れる" pos="X">れる</wf>
         <wf lemma="べき" pos="X">べき</wf>
         <wf lemma="である" pos="X">である</wf>
         <wf lemma="." pos="X">.</wf>
      </sentence>
      <sentence id="d000.s4678" source="wordnet-japanese">
         <wf lemma="『" pos="X">『</wf>
         <wf lemma="私" pos="X">私</wf>
         <wf lemma="は" pos="X">は</wf>
         <wf lemma="いつも" pos="X">いつも</wf>
         <wf lemma="嘘" pos="X">嘘</wf>
         <wf lemma="を" pos="X">を</wf>
         <wf lemma="つく" pos="X">つく</wf>
         <wf lemma="』" pos="X">』</wf>
         <wf lemma="は" pos="X">は</wf>
         <wf lemma="、" pos="X">、</wf>
         <wf lemma="それ" pos="X">それ</wf>
         <wf lemma="が" pos="X">が</wf>
         <wf lemma="真実" pos="X">真実</wf>
         <wf lemma="で" pos="X">で</wf>
         <wf lemma="あれ" pos="X">あれ</wf>
         <wf lemma="ば" pos="X">ば</wf>
         <wf lemma="、" pos="X">、</wf>
         <wf lemma="間違っ" pos="X">間違っ</wf>
         <wf lemma="て" pos="X">て</wf>
         <wf lemma="いる" pos="X">いる</wf>
         <wf lemma="という" pos="X">という</wf>
         <instance id="d000.s4678.t000" lemma="逆説" pos="NOUN">逆説</instance>
         <wf lemma="である" pos="X">である</wf>
         <wf lemma="." pos="X">.</wf>
      </sentence>
      <sentence id="d000.s4679" source="wordnet-japanese">
         <wf lemma="彼" pos="X">彼</wf>
         <wf lemma="は" pos="X">は</wf>
         <wf lemma="不幸" pos="X">不幸</wf>
         <wf lemma="な" pos="X">な</wf>
         <instance id="d000.s4679.t000" lemma="最後" pos="NOUN">最後</instance>
         <wf lemma="を" pos="X">を</wf>
         <wf lemma="遂げ" pos="X">遂げ</wf>
         <wf lemma="た" pos="X">た</wf>
         <wf lemma="." pos="X">.</wf>
      </sentence>
      <sentence id="d000.s4680" source="wordnet-japanese">
         <wf lemma="価格" pos="X">価格</wf>
         <wf lemma="は" pos="X">は</wf>
         <wf lemma="、" pos="X">、</wf>
         <instance id="d000.s4680.t000" lemma="季節的" pos="ADV">季節的</instance>
         <wf lemma="に" pos="X">に</wf>
         <wf lemma="調節" pos="X">調節</wf>
         <wf lemma="さ" pos="X">さ</wf>
         <wf lemma="れる" pos="X">れる</wf>
         <wf lemma="." pos="X">.</wf>
      </sentence>
      <sentence id="d000.s4681" source="wordnet-japanese">
         <wf lemma="彼ら" pos="X">彼ら</wf>
         <wf lemma="は" pos="X">は</wf>
         <wf lemma="毎日" pos="X">毎日</wf>
         <instance id="d000.s4681.t000" lemma="接触" pos="NOUN">接触</instance>
         <wf lemma="し" pos="X">し</wf>
         <wf lemma="続け" pos="X">続け</wf>
         <wf lemma="て" pos="X">て</wf>
         <wf lemma="い" pos="X">い</wf>
         <wf lemma="た" pos="X">た</wf>
         <wf lemma="." pos="X">.</wf>
      </sentence>
      <sentence id="d000.s4682" source="wordnet-japanese">
         <instance id="d000.s4682.t000" lemma="ひどい" pos="ADJ">ひどい</instance>
         <wf lemma="演技" pos="X">演技</wf>
         <wf lemma="." pos="X">.</wf>
      </sentence>
      <sentence id="d000.s4683" source="wordnet-japanese">
         <wf lemma="天然" pos="X">天然</wf>
         <wf lemma="資源" pos="X">資源</wf>
         <wf lemma="の" pos="X">の</wf>
         <wf lemma="心" pos="X">心</wf>
         <wf lemma="ない" pos="X">ない</wf>
         <instance id="d000.s4683.t000" lemma="無駄遣い" pos="NOUN">無駄遣い</instance>
         <wf lemma="." pos="X">.</wf>
      </sentence>
      <sentence id="d000.s4684" source="wordnet-japanese">
         <wf lemma="彼" pos="X">彼</wf>
         <wf lemma="は" pos="X">は</wf>
         <wf lemma="休会" pos="X">休会</wf>
         <wf lemma="の" pos="X">の</wf>
         <instance id="d000.s4684.t000" lemma="動議" pos="NOUN">動議</instance>
         <wf lemma="を" pos="X">を</wf>
         <wf lemma="出し" pos="X">出し</wf>
         <wf lemma="た" pos="X">た</wf>
         <wf lemma="." pos="X">.</wf>
      </sentence>
      <sentence id="d000.s4685" source="wordnet-japanese">
         <wf lemma="活動" pos="X">活動</wf>
         <wf lemma="チーム" pos="X">チーム</wf>
         <wf lemma="は" pos="X">は</wf>
         <wf lemma="政府" pos="X">政府</wf>
         <wf lemma="と" pos="X">と</wf>
         <instance id="d000.s4685.t000" lemma="協力" pos="NOUN">協力</instance>
         <wf lemma="し" pos="X">し</wf>
         <wf lemma="て" pos="X">て</wf>
         <wf lemma="取り組ん" pos="X">取り組ん</wf>
         <wf lemma="だ" pos="X">だ</wf>
         <wf lemma="." pos="X">.</wf>
      </sentence>
      <sentence id="d000.s4686" source="wordnet-japanese">
         <wf lemma="戦前" pos="X">戦前</wf>
         <wf lemma="文化" pos="X">文化</wf>
         <wf lemma="の" pos="X">の</wf>
         <instance id="d000.s4686.t000" lemma="開花" pos="NOUN">開花</instance>
         <wf lemma="." pos="X">.</wf>
      </sentence>
      <sentence id="d000.s4687" source="wordnet-japanese">
         <wf lemma="彼" pos="X">彼</wf>
         <wf lemma="は" pos="X">は</wf>
         <wf lemma="極度" pos="X">極度</wf>
         <wf lemma="の" pos="X">の</wf>
         <instance id="d000.s4687.t000" lemma="麻痺" pos="NOUN">麻痺</instance>
         <wf lemma="に" pos="X">に</wf>
         <wf lemma="陥っ" pos="X">陥っ</wf>
         <wf lemma="た" pos="X">た</wf>
         <wf lemma="." pos="X">.</wf>
      </sentence>
      <sentence id="d000.s4688" source="wordnet-japanese">
         <wf lemma="不公平" pos="X">不公平</wf>
         <wf lemma="な" pos="X">な</wf>
         <wf lemma="習慣" pos="X">習慣</wf>
         <wf lemma="に対する" pos="X">に対する</wf>
         <instance id="d000.s4688.t000" lemma="注意" pos="NOUN">注意</instance>
         <wf lemma="." pos="X">.</wf>
      </sentence>
      <sentence id="d000.s4689" source="wordnet-japanese">
         <wf lemma="少年" pos="X">少年</wf>
         <wf lemma="犯罪" pos="X">犯罪</wf>
         <wf lemma="は" pos="X">は</wf>
         <wf lemma="頻繁" pos="X">頻繁</wf>
         <wf lemma="に" pos="X">に</wf>
         <wf lemma="親" pos="X">親</wf>
         <wf lemma="の" pos="X">の</wf>
         <instance id="d000.s4689.t000" lemma="不十分" pos="NOUN">不十分</instance>
         <wf lemma="を" pos="X">を</wf>
         <wf lemma="反映" pos="X">反映</wf>
         <wf lemma="する" pos="X">する</wf>
         <wf lemma="." pos="X">.</wf>
      </sentence>
      <sentence id="d000.s4690" source="wordnet-japanese">
         <wf lemma="コーチ" pos="X">コーチ</wf>
         <wf lemma="は" pos="X">は</wf>
         <wf lemma="、" pos="X">、</wf>
         <wf lemma="3" pos="X">3</wf>
         <wf lemma="塁" pos="X">塁</wf>
         <wf lemma="と" pos="X">と</wf>
         <wf lemma="外野" pos="X">外野</wf>
         <wf lemma="に" pos="X">に</wf>
         <wf lemma="、" pos="X">、</wf>
         <instance id="d000.s4690.t000" lemma="パス" pos="NOUN">パス</instance>
         <wf lemma="を" pos="X">を</wf>
         <wf lemma="回す" pos="X">回す</wf>
         <wf lemma="選手" pos="X">選手</wf>
         <wf lemma="を" pos="X">を</wf>
         <wf lemma="投入" pos="X">投入</wf>
         <wf lemma="し" pos="X">し</wf>
         <wf lemma="た" pos="X">た</wf>
         <wf lemma="." pos="X">.</wf>
      </sentence>
      <sentence id="d000.s4691" source="wordnet-japanese">
         <wf lemma="より" pos="X">より</wf>
         <wf lemma="ゆっくり" pos="X">ゆっくり</wf>
         <wf lemma="話" pos="X">話</wf>
         <wf lemma="そう" pos="X">そう</wf>
         <wf lemma="と" pos="X">と</wf>
         <wf lemma="する" pos="X">する</wf>
         <instance id="d000.s4691.t000" lemma="意識的" pos="ADJ">意識的</instance>
         <wf lemma="な" pos="X">な</wf>
         <wf lemma="努力" pos="X">努力</wf>
         <wf lemma="." pos="X">.</wf>
      </sentence>
      <sentence id="d000.s4692" source="wordnet-japanese">
         <wf lemma="この" pos="X">この</wf>
         <wf lemma="時間" pos="X">時間</wf>
         <wf lemma="は" pos="X">は</wf>
         <wf lemma="私" pos="X">私</wf>
         <wf lemma="に" pos="X">に</wf>
         <instance id="d000.s4692.t000" lemma="合う" pos="VERB">合っ</instance>
         <wf lemma="て" pos="X">て</wf>
         <wf lemma="いる" pos="X">いる</wf>
         <wf lemma="." pos="X">.</wf>
      </sentence>
      <sentence id="d000.s4693" source="wordnet-japanese">
         <wf lemma="彼" pos="X">彼</wf>
         <wf lemma="は" pos="X">は</wf>
         <wf lemma="夜明け" pos="X">夜明け</wf>
         <wf lemma="に" pos="X">に</wf>
         <instance id="d000.s4693.t000" lemma="寝る" pos="VERB">寝る</instance>
         <wf lemma="." pos="X">.</wf>
      </sentence>
      <sentence id="d000.s4694" source="wordnet-japanese">
         <instance id="d000.s4694.t000" lemma="乱雑" pos="ADJ">乱雑</instance>
         <wf lemma="に" pos="X">に</wf>
         <wf lemma="凝っ" pos="X">凝っ</wf>
         <wf lemma="た" pos="X">た</wf>
         <wf lemma="寝室" pos="X">寝室</wf>
         <wf lemma="." pos="X">.</wf>
      </sentence>
      <sentence id="d000.s4695" source="wordnet-japanese">
         <wf lemma="手" pos="X">手</wf>
         <wf lemma="を" pos="X">を</wf>
         <instance id="d000.s4695.t000" lemma="上げる" pos="VERB">上げ</instance>
         <wf lemma="て" pos="X">て</wf>
         <wf lemma="下さい" pos="X">下さい</wf>
         <wf lemma="." pos="X">.</wf>
      </sentence>
      <sentence id="d000.s4696" source="wordnet-japanese">
         <wf lemma="あなた" pos="X">あなた</wf>
         <wf lemma="は" pos="X">は</wf>
         <wf lemma="私" pos="X">私</wf>
         <wf lemma="に" pos="X">に</wf>
         <wf lemma="十分" pos="X">十分</wf>
         <instance id="d000.s4696.t000" lemma="通知" pos="NOUN">通知</instance>
         <wf lemma="し" pos="X">し</wf>
         <wf lemma="て" pos="X">て</wf>
         <wf lemma="くれ" pos="X">くれ</wf>
         <wf lemma="なかっ" pos="X">なかっ</wf>
         <wf lemma="た" pos="X">た</wf>
         <wf lemma="." pos="X">.</wf>
      </sentence>
      <sentence id="d000.s4697" source="wordnet-japanese">
         <wf lemma="信託" pos="X">信託</wf>
         <wf lemma="収入" pos="X">収入</wf>
         <wf lemma="の" pos="X">の</wf>
         <instance id="d000.s4697.t000" lemma="不当" pos="ADJ">不当</instance>
         <wf lemma="な" pos="X">な</wf>
         <wf lemma="資金" pos="X">資金</wf>
         <wf lemma="流用" pos="X">流用</wf>
         <wf lemma="." pos="X">.</wf>
      </sentence>
      <sentence id="d000.s4698" source="wordnet-japanese">
         <wf lemma="それ" pos="X">それ</wf>
         <wf lemma="は" pos="X">は</wf>
         <wf lemma="全体" pos="X">全体</wf>
         <wf lemma="で" pos="X">で</wf>
         <wf lemma="もう" pos="X">もう</wf>
         <wf lemma="一" pos="X">一</wf>
         <wf lemma="つ" pos="X">つ</wf>
         <wf lemma="の" pos="X">の</wf>
         <wf lemma="（" pos="X">（</wf>
         <wf lemma="または" pos="X">または</wf>
         <instance id="d000.s4698.t000" lemma="別" pos="ADJ">別</instance>
         <wf lemma="の" pos="X">の</wf>
         <wf lemma="）" pos="X">）</wf>
         <wf lemma="問題" pos="X">問題</wf>
         <wf lemma="である" pos="X">である</wf>
         <wf lemma="." pos="X">.</wf>
      </sentence>
      <sentence id="d000.s4699" source="wordnet-japanese">
         <wf lemma="彼" pos="X">彼</wf>
         <wf lemma="は" pos="X">は</wf>
         <instance id="d000.s4699.t000" lemma="変装" pos="NOUN">変装</instance>
         <wf lemma="の" pos="X">の</wf>
         <wf lemma="名人" pos="X">名人</wf>
         <wf lemma="だ" pos="X">だ</wf>
         <wf lemma="." pos="X">.</wf>
      </sentence>
      <sentence id="d000.s4700" source="wordnet-japanese">
         <wf lemma="ハンディキャップ" pos="X">ハンディキャップ</wf>
         <wf lemma="を" pos="X">を</wf>
         <wf lemma="得る" pos="X">得る</wf>
         <wf lemma="ため" pos="X">ため</wf>
         <wf lemma="に" pos="X">に</wf>
         <wf lemma="は" pos="X">は</wf>
         <instance id="d000.s4700.t000" lemma="カード" pos="NOUN">カード</instance>
         <wf lemma="を" pos="X">を</wf>
         <wf lemma="提出" pos="X">提出</wf>
         <wf lemma="し" pos="X">し</wf>
         <wf lemma="なければ" pos="X">なければ</wf>
         <wf lemma="なら" pos="X">なら</wf>
         <wf lemma="ない" pos="X">ない</wf>
         <wf lemma="." pos="X">.</wf>
      </sentence>
      <sentence id="d000.s4701" source="wordnet-japanese">
         <instance id="d000.s4701.t000" lemma="やっかい" pos="ADJ">やっかい</instance>
         <wf lemma="な" pos="X">な</wf>
         <wf lemma="予定" pos="X">予定</wf>
         <wf lemma="." pos="X">.</wf>
      </sentence>
      <sentence id="d000.s4702" source="wordnet-japanese">
         <wf lemma="犯罪" pos="X">犯罪</wf>
         <wf lemma="へ" pos="X">へ</wf>
         <wf lemma="の" pos="X">の</wf>
         <instance id="d000.s4702.t000" lemma="治療的" pos="ADJ">治療的</instance>
         <wf lemma="な" pos="X">な</wf>
         <wf lemma="アプローチ" pos="X">アプローチ</wf>
         <wf lemma="." pos="X">.</wf>
      </sentence>
      <sentence id="d000.s4703" source="wordnet-japanese">
         <wf lemma="それ" pos="X">それ</wf>
         <wf lemma="は" pos="X">は</wf>
         <wf lemma="裏切り" pos="X">裏切り</wf>
         <wf lemma="の" pos="X">の</wf>
         <instance id="d000.s4703.t000" lemma="雰囲気" pos="NOUN">雰囲気</instance>
         <wf lemma="を" pos="X">を</wf>
         <wf lemma="持っ" pos="X">持っ</wf>
         <wf lemma="て" pos="X">て</wf>
         <wf lemma="い" pos="X">い</wf>
         <wf lemma="た" pos="X">た</wf>
         <wf lemma="." pos="X">.</wf>
      </sentence>
      <sentence id="d000.s4704" source="wordnet-japanese">
         <instance id="d000.s4704.t000" lemma="賞品" pos="NOUN">賞品</instance>
         <wf lemma="は" pos="X">は</wf>
         <wf lemma="ヨーロッパ" pos="X">ヨーロッパ</wf>
         <wf lemma="旅行" pos="X">旅行</wf>
         <wf lemma="だっ" pos="X">だっ</wf>
         <wf lemma="た" pos="X">た</wf>
         <wf lemma="." pos="X">.</wf>
      </sentence>
      <sentence id="d000.s4705" source="wordnet-japanese">
         <wf lemma="フランス" pos="X">フランス</wf>
         <wf lemma="の" pos="X">の</wf>
         <wf lemma="農業" pos="X">農業</wf>
         <instance id="d000.s4705.t000" lemma="地域" pos="NOUN">地域</instance>
         <wf lemma="." pos="X">.</wf>
      </sentence>
      <sentence id="d000.s4706" source="wordnet-japanese">
         <wf lemma="これら" pos="X">これら</wf>
         <wf lemma="の" pos="X">の</wf>
         <wf lemma="管" pos="X">管</wf>
         <wf lemma="は" pos="X">は</wf>
         <wf lemma="、" pos="X">、</wf>
         <wf lemma="廃水" pos="X">廃水</wf>
         <wf lemma="を" pos="X">を</wf>
         <wf lemma="川" pos="X">川</wf>
         <wf lemma="に" pos="X">に</wf>
         <instance id="d000.s4706.t000" lemma="運ぶ" pos="VERB">運ぶ</instance>
         <wf lemma="." pos="X">.</wf>
      </sentence>
      <sentence id="d000.s4707" source="wordnet-japanese">
         <wf lemma="1" pos="X">1</wf>
         <wf lemma="万" pos="X">万</wf>
         <wf lemma="ドル" pos="X">ドル</wf>
         <wf lemma="の" pos="X">の</wf>
         <instance id="d000.s4707.t000" lemma="保釈金" pos="NOUN">保釈金</instance>
         <wf lemma="は" pos="X">は</wf>
         <wf lemma="市会議員" pos="X">市会議員</wf>
         <wf lemma="が" pos="X">が</wf>
         <wf lemma="提供" pos="X">提供</wf>
         <wf lemma="し" pos="X">し</wf>
         <wf lemma="た" pos="X">た</wf>
         <wf lemma="." pos="X">.</wf>
      </sentence>
      <sentence id="d000.s4708" source="wordnet-japanese">
         <wf lemma="彼女" pos="X">彼女</wf>
         <wf lemma="は" pos="X">は</wf>
         <wf lemma="はるばる" pos="X">はるばる</wf>
         <instance id="d000.s4708.t000" lemma="来る" pos="VERB">来</instance>
         <wf lemma="た" pos="X">た</wf>
         <wf lemma="." pos="X">.</wf>
      </sentence>
      <sentence id="d000.s4709" source="wordnet-japanese">
         <wf lemma="彼女" pos="X">彼女</wf>
         <wf lemma="は" pos="X">は</wf>
         <instance id="d000.s4709.t000" lemma="いわば" pos="ADV">いわば</instance>
         <wf lemma="ここ" pos="X">ここ</wf>
         <wf lemma="に" pos="X">に</wf>
         <wf lemma="住ん" pos="X">住ん</wf>
         <wf lemma="で" pos="X">で</wf>
         <wf lemma="いる" pos="X">いる</wf>
         <wf lemma="." pos="X">.</wf>
      </sentence>
      <sentence id="d000.s4710" source="wordnet-japanese">
         <wf lemma="彼" pos="X">彼</wf>
         <wf lemma="は" pos="X">は</wf>
         <wf lemma="3" pos="X">3</wf>
         <wf lemma="年間" pos="X">年間</wf>
         <wf lemma="部" pos="X">部</wf>
         <wf lemma="の" pos="X">の</wf>
         <wf lemma="代表" pos="X">代表</wf>
         <wf lemma="と" pos="X">と</wf>
         <wf lemma="し" pos="X">し</wf>
         <wf lemma="て" pos="X">て</wf>
         <instance id="d000.s4710.t000" lemma="勤める" pos="VERB">勤め</instance>
         <wf lemma="た" pos="X">た</wf>
         <wf lemma="." pos="X">.</wf>
      </sentence>
      <sentence id="d000.s4711" source="wordnet-japanese">
         <wf lemma="彼女" pos="X">彼女</wf>
         <wf lemma="は" pos="X">は</wf>
         <wf lemma="、" pos="X">、</wf>
         <wf lemma="長い" pos="X">長い</wf>
         <wf lemma="ハイキング" pos="X">ハイキング</wf>
         <wf lemma="の" pos="X">の</wf>
         <wf lemma="後" pos="X">後</wf>
         <wf lemma="で" pos="X">で</wf>
         <wf lemma="疲れ" pos="X">疲れ</wf>
         <wf lemma="を" pos="X">を</wf>
         <instance id="d000.s4711.t000" lemma="感じる" pos="VERB">感じ</instance>
         <wf lemma="た" pos="X">た</wf>
         <wf lemma="." pos="X">.</wf>
      </sentence>
      <sentence id="d000.s4712" source="wordnet-japanese">
         <wf lemma="母性" pos="X">母性</wf>
         <wf lemma="を" pos="X">を</wf>
         <wf lemma="女性" pos="X">女性</wf>
         <wf lemma="の" pos="X">の</wf>
         <instance id="d000.s4712.t000" lemma="神聖" pos="ADJ">神聖</instance>
         <wf lemma="な" pos="X">な</wf>
         <wf lemma="衝動" pos="X">衝動</wf>
         <wf lemma="と" pos="X">と</wf>
         <wf lemma="し" pos="X">し</wf>
         <wf lemma="て" pos="X">て</wf>
         <wf lemma="み" pos="X">み</wf>
         <wf lemma="た" pos="X">た</wf>
         <wf lemma="." pos="X">.</wf>
      </sentence>
      <sentence id="d000.s4713" source="wordnet-japanese">
         <instance id="d000.s4713.t000" lemma="小さい" pos="ADJ">小さい</instance>
         <wf lemma="ダイニングルーム" pos="X">ダイニングルーム</wf>
         <wf lemma="." pos="X">.</wf>
      </sentence>
      <sentence id="d000.s4714" source="wordnet-japanese">
         <wf lemma="まるで" pos="X">まるで</wf>
         <wf lemma="彼" pos="X">彼</wf>
         <wf lemma="の" pos="X">の</wf>
         <wf lemma="主張" pos="X">主張</wf>
         <wf lemma="が" pos="X">が</wf>
         <instance id="d000.s4714.t000" lemma="矛盾" pos="NOUN">矛盾</instance>
         <wf lemma="に" pos="X">に</wf>
         <wf lemma="影響" pos="X">影響</wf>
         <wf lemma="さ" pos="X">さ</wf>
         <wf lemma="れ" pos="X">れ</wf>
         <wf lemma="ない" pos="X">ない</wf>
         <wf lemma="と" pos="X">と</wf>
         <wf lemma="考え" pos="X">考え</wf>
         <wf lemma="て" pos="X">て</wf>
         <wf lemma="いる" pos="X">いる</wf>
         <wf lemma="か" pos="X">か</wf>
         <wf lemma="の" pos="X">の</wf>
         <wf lemma="ように" pos="X">ように</wf>
         <wf lemma="、" pos="X">、</wf>
         <wf lemma="彼" pos="X">彼</wf>
         <wf lemma="は" pos="X">は</wf>
         <wf lemma="話し" pos="X">話し</wf>
         <wf lemma="た" pos="X">た</wf>
         <wf lemma="." pos="X">.</wf>
      </sentence>
      <sentence id="d000.s4715" source="wordnet-japanese">
         <wf lemma="彼" pos="X">彼</wf>
         <wf lemma="の" pos="X">の</wf>
         <instance id="d000.s4715.t000" lemma="食後" pos="ADJ">食後</instance>
         <wf lemma="の" pos="X">の</wf>
         <wf lemma="葉巻" pos="X">葉巻</wf>
         <wf lemma="." pos="X">.</wf>
      </sentence>
      <sentence id="d000.s4716" source="wordnet-japanese">
         <instance id="d000.s4716.t000" lemma="楽しい" pos="ADJ">楽しい</instance>
         <wf lemma="一夜" pos="X">一夜</wf>
         <wf lemma="." pos="X">.</wf>
      </sentence>
      <sentence id="d000.s4717" source="wordnet-japanese">
         <instance id="d000.s4717.t000" lemma="転記" pos="NOUN">転記</instance>
         <wf lemma="は" pos="X">は</wf>
         <wf lemma="現金" pos="X">現金</wf>
         <wf lemma="勘定" pos="X">勘定</wf>
         <wf lemma="の" pos="X">の</wf>
         <wf lemma="中" pos="X">中</wf>
         <wf lemma="で" pos="X">で</wf>
         <wf lemma="行わ" pos="X">行わ</wf>
         <wf lemma="れ" pos="X">れ</wf>
         <wf lemma="た" pos="X">た</wf>
         <wf lemma="." pos="X">.</wf>
      </sentence>
      <sentence id="d000.s4718" source="wordnet-japanese">
         <wf lemma="米国" pos="X">米国</wf>
         <wf lemma="は" pos="X">は</wf>
         <wf lemma="、" pos="X">、</wf>
         <wf lemma="バスケット" pos="X">バスケット</wf>
         <wf lemma="ボール" pos="X">ボール</wf>
         <wf lemma="の" pos="X">の</wf>
         <instance id="d000.s4718.t000" lemma="本場" pos="NOUN">本場</instance>
         <wf lemma="である" pos="X">である</wf>
         <wf lemma="." pos="X">.</wf>
      </sentence>
      <sentence id="d000.s4719" source="wordnet-japanese">
         <wf lemma="彼ら" pos="X">彼ら</wf>
         <wf lemma="は" pos="X">は</wf>
         <wf lemma="彼" pos="X">彼</wf>
         <wf lemma="に" pos="X">に</wf>
         <wf lemma="一番" pos="X">一番</wf>
         <wf lemma="いい" pos="X">いい</wf>
         <instance id="d000.s4719.t000" lemma="スーツ" pos="NOUN">スーツ</instance>
         <wf lemma="を" pos="X">を</wf>
         <wf lemma="着せ" pos="X">着せ</wf>
         <wf lemma="て" pos="X">て</wf>
         <wf lemma="埋葬" pos="X">埋葬</wf>
         <wf lemma="し" pos="X">し</wf>
         <wf lemma="た" pos="X">た</wf>
         <wf lemma="." pos="X">.</wf>
      </sentence>
      <sentence id="d000.s4720" source="wordnet-japanese">
         <instance id="d000.s4720.t000" lemma="クレジット" pos="NOUN">クレジット</instance>
         <wf lemma="が" pos="X">が</wf>
         <wf lemma="映画" pos="X">映画</wf>
         <wf lemma="の" pos="X">の</wf>
         <wf lemma="終わり" pos="X">終わり</wf>
         <wf lemma="に" pos="X">に</wf>
         <wf lemma="流れ" pos="X">流れ</wf>
         <wf lemma="た" pos="X">た</wf>
         <wf lemma="." pos="X">.</wf>
      </sentence>
      <sentence id="d000.s4721" source="wordnet-japanese">
         <instance id="d000.s4721.t000" lemma="自殺" pos="NOUN">自殺</instance>
         <wf lemma="する" pos="X">する</wf>
         <wf lemma="こと" pos="X">こと</wf>
         <wf lemma="は" pos="X">は</wf>
         <wf lemma="、" pos="X">、</wf>
         <wf lemma="犯罪" pos="X">犯罪</wf>
         <wf lemma="である" pos="X">である</wf>
         <wf lemma="." pos="X">.</wf>
      </sentence>
      <sentence id="d000.s4722" source="wordnet-japanese">
         <wf lemma="予算" pos="X">予算</wf>
         <wf lemma="を" pos="X">を</wf>
         <instance id="d000.s4722.t000" lemma="ずっと" pos="ADV">ずっと</instance>
         <wf lemma="上回る" pos="X">上回る</wf>
         <wf lemma="." pos="X">.</wf>
      </sentence>
      <sentence id="d000.s4723" source="wordnet-japanese">
         <instance id="d000.s4723.t000" lemma="平均律" pos="NOUN">平均律</instance>
         <wf lemma="は" pos="X">は</wf>
         <wf lemma="、" pos="X">、</wf>
         <wf lemma="鍵盤" pos="X">鍵盤</wf>
         <wf lemma="楽器" pos="X">楽器</wf>
         <wf lemma="で" pos="X">で</wf>
         <wf lemma="一般的" pos="X">一般的</wf>
         <wf lemma="に" pos="X">に</wf>
         <wf lemma="使わ" pos="X">使わ</wf>
         <wf lemma="れ" pos="X">れ</wf>
         <wf lemma="て" pos="X">て</wf>
         <wf lemma="いる" pos="X">いる</wf>
         <wf lemma="方式" pos="X">方式</wf>
         <wf lemma="である" pos="X">である</wf>
         <wf lemma="." pos="X">.</wf>
      </sentence>
      <sentence id="d000.s4724" source="wordnet-japanese">
         <wf lemma="海面" pos="X">海面</wf>
         <wf lemma="で" pos="X">で</wf>
         <wf lemma="の" pos="X">の</wf>
         <wf lemma="気圧" pos="X">気圧</wf>
         <wf lemma="は" pos="X">は</wf>
         <wf lemma="1013" pos="X">1013</wf>
         <instance id="d000.s4724.t000" lemma="ミリバール" pos="NOUN">ミリバール</instance>
         <wf lemma="である" pos="X">である</wf>
         <wf lemma="." pos="X">.</wf>
      </sentence>
      <sentence id="d000.s4725" source="wordnet-japanese">
         <instance id="d000.s4725.t000" lemma="男性的" pos="ADJ">男性的</instance>
         <wf lemma="な" pos="X">な</wf>
         <wf lemma="一歩" pos="X">一歩</wf>
         <wf lemma="." pos="X">.</wf>
      </sentence>
      <sentence id="d000.s4726" source="wordnet-japanese">
         <instance id="d000.s4726.t000" lemma="厚い" pos="ADJ">厚い</instance>
         <wf lemma="板" pos="X">板</wf>
         <wf lemma="." pos="X">.</wf>
      </sentence>
      <sentence id="d000.s4727" source="wordnet-japanese">
         <instance id="d000.s4727.t000" lemma="特に" pos="ADV">特に</instance>
         <wf lemma="プエブロインディアングループ" pos="X">プエブロインディアングループ</wf>
         <wf lemma="の" pos="X">の</wf>
         <wf lemma="主要" pos="X">主要</wf>
         <wf lemma="な" pos="X">な</wf>
         <wf lemma="人口" pos="X">人口</wf>
         <wf lemma="推移" pos="X">推移</wf>
         <wf lemma="を" pos="X">を</wf>
         <wf lemma="たどっ" pos="X">たどっ</wf>
         <wf lemma="て" pos="X">て</wf>
         <wf lemma="ください" pos="X">ください</wf>
         <wf lemma="." pos="X">.</wf>
      </sentence>
      <sentence id="d000.s4728" source="wordnet-japanese">
         <wf lemma="帝政" pos="X">帝政</wf>
         <wf lemma="ロシア" pos="X">ロシア</wf>
         <wf lemma="皇帝" pos="X">皇帝</wf>
         <wf lemma="は" pos="X">は</wf>
         <instance id="d000.s4728.t000" lemma="倒す" pos="VERB">倒さ</instance>
         <wf lemma="れ" pos="X">れ</wf>
         <wf lemma="た" pos="X">た</wf>
         <wf lemma="." pos="X">.</wf>
      </sentence>
      <sentence id="d000.s4729" source="wordnet-japanese">
         <wf lemma="7" pos="X">7</wf>
         <wf lemma="つ" pos="X">つ</wf>
         <wf lemma="の" pos="X">の</wf>
         <instance id="d000.s4729.t000" lemma="大陸" pos="NOUN">大陸</instance>
         <wf lemma="が" pos="X">が</wf>
         <wf lemma="ある" pos="X">ある</wf>
         <wf lemma="." pos="X">.</wf>
      </sentence>
      <sentence id="d000.s4730" source="wordnet-japanese">
         <wf lemma="父" pos="X">父</wf>
         <wf lemma="は" pos="X">は</wf>
         <instance id="d000.s4730.t000" lemma="一番" pos="ADV">一番</instance>
         <wf lemma="よく" pos="X">よく</wf>
         <wf lemma="知っ" pos="X">知っ</wf>
         <wf lemma="て" pos="X">て</wf>
         <wf lemma="いる" pos="X">いる</wf>
         <wf lemma="." pos="X">.</wf>
      </sentence>
      <sentence id="d000.s4731" source="wordnet-japanese">
         <instance id="d000.s4731.t000" lemma="神学的" pos="ADJ">神学的</instance>
         <wf lemma="な" pos="X">な</wf>
         <wf lemma="セミナー" pos="X">セミナー</wf>
         <wf lemma="." pos="X">.</wf>
      </sentence>
      <sentence id="d000.s4732" source="wordnet-japanese">
         <wf lemma="運転" pos="X">運転</wf>
         <wf lemma="免許" pos="X">免許</wf>
         <wf lemma="を" pos="X">を</wf>
         <wf lemma="取る" pos="X">取る</wf>
         <instance id="d000.s4732.t000" lemma="手順" pos="NOUN">手順</instance>
         <wf lemma="." pos="X">.</wf>
      </sentence>
      <sentence id="d000.s4733" source="wordnet-japanese">
         <wf lemma="木材" pos="X">木材</wf>
         <wf lemma="粉" pos="X">粉</wf>
         <wf lemma="塵" pos="X">塵</wf>
         <wf lemma="は" pos="X">は</wf>
         <wf lemma="シロアリ" pos="X">シロアリ</wf>
         <wf lemma="の" pos="X">の</wf>
         <instance id="d000.s4733.t000" lemma="確か" pos="ADJ">確か</instance>
         <wf lemma="な" pos="X">な</wf>
         <wf lemma="兆候" pos="X">兆候</wf>
         <wf lemma="である" pos="X">である</wf>
         <wf lemma="." pos="X">.</wf>
      </sentence>
      <sentence id="d000.s4734" source="wordnet-japanese">
         <wf lemma="花" pos="X">花</wf>
         <wf lemma="の" pos="X">の</wf>
         <wf lemma="周り" pos="X">周り</wf>
         <wf lemma="に" pos="X">に</wf>
         <wf lemma="集まっ" pos="X">集まっ</wf>
         <wf lemma="た" pos="X">た</wf>
         <wf lemma="虫" pos="X">虫</wf>
         <wf lemma="の" pos="X">の</wf>
         <instance id="d000.s4734.t000" lemma="群れ" pos="NOUN">群れ</instance>
         <wf lemma="." pos="X">.</wf>
      </sentence>
      <sentence id="d000.s4735" source="wordnet-japanese">
         <wf lemma="私" pos="X">私</wf>
         <wf lemma="の" pos="X">の</wf>
         <wf lemma="唯一" pos="X">唯一</wf>
         <wf lemma="の" pos="X">の</wf>
         <instance id="d000.s4735.t000" lemma="選択肢" pos="NOUN">選択肢</instance>
         <wf lemma="は" pos="X">は</wf>
         <wf lemma="拒否" pos="X">拒否</wf>
         <wf lemma="する" pos="X">する</wf>
         <wf lemma="こと" pos="X">こと</wf>
         <wf lemma="だ" pos="X">だ</wf>
         <wf lemma="." pos="X">.</wf>
      </sentence>
      <sentence id="d000.s4736" source="wordnet-japanese">
         <instance id="d000.s4736.t000" lemma="画期的" pos="ADJ">画期的</instance>
         <wf lemma="な" pos="X">な</wf>
         <wf lemma="発見" pos="X">発見</wf>
         <wf lemma="." pos="X">.</wf>
      </sentence>
      <sentence id="d000.s4737" source="wordnet-japanese">
         <wf lemma="彼女" pos="X">彼女</wf>
         <wf lemma="は" pos="X">は</wf>
         <wf lemma="、" pos="X">、</wf>
         <wf lemma="パン" pos="X">パン</wf>
         <wf lemma="を" pos="X">を</wf>
         <wf lemma="を" pos="X">を</wf>
         <wf lemma="ソース" pos="X">ソース</wf>
         <wf lemma="に" pos="X">に</wf>
         <instance id="d000.s4737.t000" lemma="浸す" pos="VERB">浸し</instance>
         <wf lemma="た" pos="X">た</wf>
         <wf lemma="." pos="X">.</wf>
      </sentence>
      <sentence id="d000.s4738" source="wordnet-japanese">
         <wf lemma="最も" pos="X">最も</wf>
         <instance id="d000.s4738.t000" lemma="精巧" pos="ADJ">精巧</instance>
         <wf lemma="な" pos="X">な</wf>
         <wf lemma="器具" pos="X">器具</wf>
         <wf lemma="で" pos="X">で</wf>
         <wf lemma="さえ" pos="X">さえ</wf>
         <wf lemma="ほとんど" pos="X">ほとんど</wf>
         <wf lemma="検出" pos="X">検出</wf>
         <wf lemma="不可能" pos="X">不可能</wf>
         <wf lemma="." pos="X">.</wf>
      </sentence>
      <sentence id="d000.s4739" source="wordnet-japanese">
         <wf lemma="彼ら" pos="X">彼ら</wf>
         <wf lemma="は" pos="X">は</wf>
         <wf lemma="たくさん" pos="X">たくさん</wf>
         <wf lemma="の" pos="X">の</wf>
         <instance id="d000.s4739.t000" lemma="新聞紙" pos="NOUN">新聞紙</instance>
         <wf lemma="を" pos="X">を</wf>
         <wf lemma="毎日" pos="X">毎日</wf>
         <wf lemma="使っ" pos="X">使っ</wf>
         <wf lemma="た" pos="X">た</wf>
         <wf lemma="." pos="X">.</wf>
      </sentence>
      <sentence id="d000.s4740" source="wordnet-japanese">
         <wf lemma="車" pos="X">車</wf>
         <wf lemma="の" pos="X">の</wf>
         <wf lemma="ため" pos="X">ため</wf>
         <wf lemma="の" pos="X">の</wf>
         <wf lemma="予備" pos="X">予備</wf>
         <instance id="d000.s4740.t000" lemma="部品" pos="NOUN">部品</instance>
         <wf lemma="." pos="X">.</wf>
      </sentence>
      <sentence id="d000.s4741" source="wordnet-japanese">
         <instance id="d000.s4741.t000" lemma="民族的" pos="ADJ">民族的</instance>
         <wf lemma="、" pos="X">、</wf>
         <wf lemma="文化的" pos="X">文化的</wf>
         <wf lemma="な" pos="X">な</wf>
         <wf lemma="結びつき" pos="X">結びつき</wf>
         <wf lemma="によって" pos="X">によって</wf>
         <wf lemma="影響" pos="X">影響</wf>
         <wf lemma="を" pos="X">を</wf>
         <wf lemma="及ぼさ" pos="X">及ぼさ</wf>
         <wf lemma="れる" pos="X">れる</wf>
         <wf lemma="−" pos="X">−</wf>
         <wf lemma="J.F" pos="X">J.F</wf>
         <wf lemma="." pos="X">.</wf>
         <wf lemma="ケネディ" pos="X">ケネディ</wf>
         <wf lemma="." pos="X">.</wf>
      </sentence>
      <sentence id="d000.s4742" source="wordnet-japanese">
         <instance id="d000.s4742.t000" lemma="古い" pos="ADJ">古い</instance>
         <wf lemma="法律" pos="X">法律</wf>
         <wf lemma="." pos="X">.</wf>
      </sentence>
      <sentence id="d000.s4743" source="wordnet-japanese">
         <wf lemma="彼女" pos="X">彼女</wf>
         <wf lemma="の" pos="X">の</wf>
         <wf lemma="上司" pos="X">上司</wf>
         <wf lemma="に" pos="X">に</wf>
         <instance id="d000.s4743.t000" lemma="向ける" pos="VERB">向け</instance>
         <wf lemma="られ" pos="X">られ</wf>
         <wf lemma="た" pos="X">た</wf>
         <wf lemma="批評" pos="X">批評</wf>
         <wf lemma="." pos="X">.</wf>
      </sentence>
      <sentence id="d000.s4744" source="wordnet-japanese">
         <instance id="d000.s4744.t000" lemma="長い" pos="ADJ">長く</instance>
         <wf lemma="退屈" pos="X">退屈</wf>
         <wf lemma="な" pos="X">な</wf>
         <wf lemma="スピーチ" pos="X">スピーチ</wf>
         <wf lemma="." pos="X">.</wf>
      </sentence>
      <sentence id="d000.s4745" source="wordnet-japanese">
         <wf lemma="法" pos="X">法</wf>
         <wf lemma="の" pos="X">の</wf>
         <instance id="d000.s4745.t000" lemma="名" pos="NOUN">名</instance>
         <wf lemma="において" pos="X">において</wf>
         <wf lemma="中止せ" pos="X">中止せ</wf>
         <wf lemma="よ." pos="X">よ.</wf>
      </sentence>
      <sentence id="d000.s4746" source="wordnet-japanese">
         <wf lemma="非常" pos="X">非常</wf>
         <wf lemma="に" pos="X">に</wf>
         <instance id="d000.s4746.t000" lemma="魅力的" pos="ADJ">魅力的</instance>
         <wf lemma="な" pos="X">な</wf>
         <wf lemma="若者" pos="X">若者</wf>
         <wf lemma="." pos="X">.</wf>
      </sentence>
      <sentence id="d000.s4747" source="wordnet-japanese">
         <wf lemma="エンジン" pos="X">エンジン</wf>
         <wf lemma="を" pos="X">を</wf>
         <wf lemma="修理" pos="X">修理</wf>
         <wf lemma="する" pos="X">する</wf>
         <instance id="d000.s4747.t000" lemma="仕事" pos="NOUN">仕事</instance>
         <wf lemma="に" pos="X">に</wf>
         <wf lemma="は" pos="X">は</wf>
         <wf lemma="、" pos="X">、</wf>
         <wf lemma="数" pos="X">数</wf>
         <wf lemma="時間" pos="X">時間</wf>
         <wf lemma="かかっ" pos="X">かかっ</wf>
         <wf lemma="た" pos="X">た</wf>
         <wf lemma="." pos="X">.</wf>
      </sentence>
      <sentence id="d000.s4748" source="wordnet-japanese">
         <wf lemma="私" pos="X">私</wf>
         <wf lemma="は" pos="X">は</wf>
         <wf lemma="プール" pos="X">プール</wf>
         <wf lemma="から" pos="X">から</wf>
         <wf lemma="子供" pos="X">子供</wf>
         <wf lemma="を" pos="X">を</wf>
         <instance id="d000.s4748.t000" lemma="遠ざける" pos="VERB">遠ざけ</instance>
         <wf lemma="よう" pos="X">よう</wf>
         <wf lemma="と" pos="X">と</wf>
         <wf lemma="し" pos="X">し</wf>
         <wf lemma="た" pos="X">た</wf>
         <wf lemma="." pos="X">.</wf>
      </sentence>
      <sentence id="d000.s4749" source="wordnet-japanese">
         <wf lemma="彼" pos="X">彼</wf>
         <wf lemma="は" pos="X">は</wf>
         <wf lemma="銃" pos="X">銃</wf>
         <wf lemma="の" pos="X">の</wf>
         <instance id="d000.s4749.t000" lemma="先端" pos="NOUN">先端</instance>
         <wf lemma="を" pos="X">を</wf>
         <wf lemma="私" pos="X">私</wf>
         <wf lemma="に" pos="X">に</wf>
         <wf lemma="向け" pos="X">向け</wf>
         <wf lemma="た" pos="X">た</wf>
         <wf lemma="." pos="X">.</wf>
      </sentence>
      <sentence id="d000.s4750" source="wordnet-japanese">
         <wf lemma="戦い" pos="X">戦い</wf>
         <wf lemma="は" pos="X">は</wf>
         <wf lemma="熱く" pos="X">熱く</wf>
         <wf lemma="、" pos="X">、</wf>
         <instance id="d000.s4750.t000" lemma="激しい" pos="ADJ">激しく</instance>
         <wf lemma="なっ" pos="X">なっ</wf>
         <wf lemma="た" pos="X">た</wf>
         <wf lemma="." pos="X">.</wf>
      </sentence>
      <sentence id="d000.s4751" source="wordnet-japanese">
         <wf lemma="すべて" pos="X">すべて</wf>
         <wf lemma="は" pos="X">は</wf>
         <instance id="d000.s4751.t000" lemma="程度" pos="NOUN">程度</instance>
         <wf lemma="問題" pos="X">問題</wf>
         <wf lemma="だ" pos="X">だ</wf>
         <wf lemma="." pos="X">.</wf>
      </sentence>
      <sentence id="d000.s4752" source="wordnet-japanese">
         <wf lemma="私" pos="X">私</wf>
         <wf lemma="たち" pos="X">たち</wf>
         <wf lemma="の" pos="X">の</wf>
         <instance id="d000.s4752.t000" lemma="宿題" pos="NOUN">宿題</instance>
         <wf lemma="は" pos="X">は</wf>
         <wf lemma="10" pos="X">10</wf>
         <wf lemma="の" pos="X">の</wf>
         <wf lemma="解か" pos="X">解か</wf>
         <wf lemma="なければ" pos="X">なければ</wf>
         <wf lemma="なら" pos="X">なら</wf>
         <wf lemma="ない" pos="X">ない</wf>
         <wf lemma="問題" pos="X">問題</wf>
         <wf lemma="から" pos="X">から</wf>
         <wf lemma="成っ" pos="X">成っ</wf>
         <wf lemma="て" pos="X">て</wf>
         <wf lemma="い" pos="X">い</wf>
         <wf lemma="た" pos="X">た</wf>
         <wf lemma="." pos="X">.</wf>
      </sentence>
      <sentence id="d000.s4753" source="wordnet-japanese">
         <wf lemma="彼" pos="X">彼</wf>
         <wf lemma="の" pos="X">の</wf>
         <instance id="d000.s4753.t000" lemma="官僚的" pos="ADJ">官僚的</instance>
         <wf lemma="な" pos="X">な</wf>
         <wf lemma="ふるまい" pos="X">ふるまい</wf>
         <wf lemma="は" pos="X">は</wf>
         <wf lemma="、" pos="X">、</wf>
         <wf lemma="同僚" pos="X">同僚</wf>
         <wf lemma="を" pos="X">を</wf>
         <wf lemma="いらだ" pos="X">いらだ</wf>
         <wf lemma="たせ" pos="X">たせ</wf>
         <wf lemma="た" pos="X">た</wf>
         <wf lemma="." pos="X">.</wf>
      </sentence>
      <sentence id="d000.s4754" source="wordnet-japanese">
         <wf lemma="自然" pos="X">自然</wf>
         <wf lemma="の" pos="X">の</wf>
         <wf lemma="力" pos="X">力</wf>
         <wf lemma="の" pos="X">の</wf>
         <instance id="d000.s4754.t000" lemma="作用" pos="NOUN">作用</instance>
         <wf lemma="." pos="X">.</wf>
      </sentence>
      <sentence id="d000.s4755" source="wordnet-japanese">
         <instance id="d000.s4755.t000" lemma="空" pos="ADJ">空</instance>
         <wf lemma="の" pos="X">の</wf>
         <wf lemma="グラス" pos="X">グラス</wf>
         <wf lemma="." pos="X">.</wf>
      </sentence>
      <sentence id="d000.s4756" source="wordnet-japanese">
         <wf lemma="彼" pos="X">彼</wf>
         <wf lemma="は" pos="X">は</wf>
         <wf lemma="心配事" pos="X">心配事</wf>
         <wf lemma="を" pos="X">を</wf>
         <wf lemma="精神医" pos="X">精神医</wf>
         <wf lemma="に" pos="X">に</wf>
         <instance id="d000.s4756.t000" lemma="伝える" pos="VERB">伝え</instance>
         <wf lemma="た" pos="X">た</wf>
         <wf lemma="." pos="X">.</wf>
      </sentence>
      <sentence id="d000.s4757" source="wordnet-japanese">
         <instance id="d000.s4757.t000" lemma="興奮" pos="NOUN">興奮</instance>
         <wf lemma="の" pos="X">の</wf>
         <wf lemma="あまり" pos="X">あまり</wf>
         <wf lemma="彼" pos="X">彼</wf>
         <wf lemma="の" pos="X">の</wf>
         <wf lemma="顔" pos="X">顔</wf>
         <wf lemma="は" pos="X">は</wf>
         <wf lemma="赤く" pos="X">赤く</wf>
         <wf lemma="なり" pos="X">なり</wf>
         <wf lemma="、" pos="X">、</wf>
         <wf lemma="手" pos="X">手</wf>
         <wf lemma="は" pos="X">は</wf>
         <wf lemma="震え" pos="X">震え</wf>
         <wf lemma="た" pos="X">た</wf>
         <wf lemma="." pos="X">.</wf>
      </sentence>
      <sentence id="d000.s4758" source="wordnet-japanese">
         <wf lemma="規則" pos="X">規則</wf>
         <wf lemma="を" pos="X">を</wf>
         <instance id="d000.s4758.t000" lemma="定める" pos="VERB">定め</instance>
         <wf lemma="て" pos="X">て</wf>
         <wf lemma="ください" pos="X">ください</wf>
         <wf lemma="." pos="X">.</wf>
      </sentence>
      <sentence id="d000.s4759" source="wordnet-japanese">
         <wf lemma="馬" pos="X">馬</wf>
         <wf lemma="は" pos="X">は</wf>
         <instance id="d000.s4759.t000" lemma="草食動物" pos="NOUN">草食動物</instance>
         <wf lemma="である" pos="X">である</wf>
         <wf lemma="." pos="X">.</wf>
      </sentence>
      <sentence id="d000.s4760" source="wordnet-japanese">
         <wf lemma="アイスクリーム" pos="X">アイスクリーム</wf>
         <wf lemma="は" pos="X">は</wf>
         <instance id="d000.s4760.t000" lemma="溶ける" pos="VERB">溶け</instance>
         <wf lemma="た" pos="X">た</wf>
         <wf lemma="." pos="X">.</wf>
      </sentence>
      <sentence id="d000.s4761" source="wordnet-japanese">
         <wf lemma="彼" pos="X">彼</wf>
         <wf lemma="は" pos="X">は</wf>
         <wf lemma="、" pos="X">、</wf>
         <instance id="d000.s4761.t000" lemma="ゆっくり" pos="ADV">ゆっくり</instance>
         <wf lemma="旅行" pos="X">旅行</wf>
         <wf lemma="し" pos="X">し</wf>
         <wf lemma="た" pos="X">た</wf>
         <wf lemma="." pos="X">.</wf>
      </sentence>
      <sentence id="d000.s4762" source="wordnet-japanese">
         <instance id="d000.s4762.t000" lemma="顕微鏡" pos="NOUN">顕微鏡</instance>
         <wf lemma="の" pos="X">の</wf>
         <wf lemma="発明" pos="X">発明</wf>
         <wf lemma="は" pos="X">は</wf>
         <wf lemma="細胞" pos="X">細胞</wf>
         <wf lemma="の" pos="X">の</wf>
         <wf lemma="発見" pos="X">発見</wf>
         <wf lemma="に" pos="X">に</wf>
         <wf lemma="つながっ" pos="X">つながっ</wf>
         <wf lemma="た" pos="X">た</wf>
         <wf lemma="." pos="X">.</wf>
      </sentence>
      <sentence id="d000.s4763" source="wordnet-japanese">
         <wf lemma="アメリカ" pos="X">アメリカ</wf>
         <wf lemma="軍" pos="X">軍</wf>
         <wf lemma="は" pos="X">は</wf>
         <wf lemma="日本" pos="X">日本</wf>
         <wf lemma="の" pos="X">の</wf>
         <instance id="d000.s4763.t000" lemma="領土" pos="NOUN">領土</instance>
         <wf lemma="に" pos="X">に</wf>
         <wf lemma="配置" pos="X">配置</wf>
         <wf lemma="さ" pos="X">さ</wf>
         <wf lemma="れ" pos="X">れ</wf>
         <wf lemma="た" pos="X">た</wf>
         <wf lemma="." pos="X">.</wf>
      </sentence>
      <sentence id="d000.s4764" source="wordnet-japanese">
         <wf lemma="彼女" pos="X">彼女</wf>
         <wf lemma="は" pos="X">は</wf>
         <wf lemma="この" pos="X">この</wf>
         <wf lemma="作曲家" pos="X">作曲家</wf>
         <wf lemma="を" pos="X">を</wf>
         <instance id="d000.s4764.t000" lemma="知る" pos="VERB">知ら</instance>
         <wf lemma="ない" pos="X">ない</wf>
         <wf lemma="." pos="X">.</wf>
      </sentence>
      <sentence id="d000.s4765" source="wordnet-japanese">
         <wf lemma="有害" pos="X">有害</wf>
         <wf lemma="廃棄物" pos="X">廃棄物</wf>
         <wf lemma="の" pos="X">の</wf>
         <instance id="d000.s4765.t000" lemma="かなり" pos="ADJ">かなり</instance>
         <wf lemma="の" pos="X">の</wf>
         <wf lemma="量" pos="X">量</wf>
         <wf lemma="は" pos="X">は</wf>
         <wf lemma="、" pos="X">、</wf>
         <wf lemma="港" pos="X">港</wf>
         <wf lemma="に" pos="X">に</wf>
         <wf lemma="廃棄" pos="X">廃棄</wf>
         <wf lemma="さ" pos="X">さ</wf>
         <wf lemma="れる" pos="X">れる</wf>
         <wf lemma="." pos="X">.</wf>
      </sentence>
      <sentence id="d000.s4766" source="wordnet-japanese">
         <wf lemma="川" pos="X">川</wf>
         <wf lemma="は" pos="X">は</wf>
         <instance id="d000.s4766.t000" lemma="激しい" pos="ADJ">激しい</instance>
         <wf lemma="急流" pos="X">急流</wf>
         <wf lemma="に" pos="X">に</wf>
         <wf lemma="なっ" pos="X">なっ</wf>
         <wf lemma="た" pos="X">た</wf>
         <wf lemma="." pos="X">.</wf>
      </sentence>
      <sentence id="d000.s4767" source="wordnet-japanese">
         <wf lemma="これ" pos="X">これ</wf>
         <wf lemma="を" pos="X">を</wf>
         <wf lemma="より" pos="X">より</wf>
         <instance id="d000.s4767.t000" lemma="アレグレット" pos="ADV">アレグレット</instance>
         <wf lemma="で" pos="X">で</wf>
         <wf lemma="演奏" pos="X">演奏</wf>
         <wf lemma="し" pos="X">し</wf>
         <wf lemma="て" pos="X">て</wf>
         <wf lemma="ください" pos="X">ください</wf>
         <wf lemma="." pos="X">.</wf>
      </sentence>
      <sentence id="d000.s4768" source="wordnet-japanese">
         <instance id="d000.s4768.t000" lemma="堅固" pos="ADJ">堅固</instance>
         <wf lemma="な" pos="X">な</wf>
         <wf lemma="事実" pos="X">事実</wf>
         <wf lemma="に" pos="X">に</wf>
         <wf lemma="基づく" pos="X">基づく</wf>
         <wf lemma="." pos="X">.</wf>
      </sentence>
      <sentence id="d000.s4769" source="wordnet-japanese">
         <wf lemma="彼" pos="X">彼</wf>
         <wf lemma="は" pos="X">は</wf>
         <wf lemma="野球界" pos="X">野球界</wf>
         <wf lemma="の" pos="X">の</wf>
         <instance id="d000.s4769.t000" lemma="名士" pos="NOUN">名士</instance>
         <wf lemma="だ" pos="X">だ</wf>
         <wf lemma="." pos="X">.</wf>
      </sentence>
      <sentence id="d000.s4770" source="wordnet-japanese">
         <instance id="d000.s4770.t000" lemma="異なる" pos="ADJ">異なる</instance>
         <wf lemma="つづり" pos="X">つづり</wf>
         <wf lemma="." pos="X">.</wf>
      </sentence>
      <sentence id="d000.s4771" source="wordnet-japanese">
         <wf lemma="店" pos="X">店</wf>
         <wf lemma="を" pos="X">を</wf>
         <instance id="d000.s4771.t000" lemma="閉める" pos="VERB">閉める</instance>
         <wf lemma="." pos="X">.</wf>
      </sentence>
      <sentence id="d000.s4772" source="wordnet-japanese">
         <wf lemma="彼ら" pos="X">彼ら</wf>
         <wf lemma="の" pos="X">の</wf>
         <wf lemma="忠誠" pos="X">忠誠</wf>
         <wf lemma="は" pos="X">は</wf>
         <wf lemma="国家的" pos="X">国家的</wf>
         <wf lemma="な" pos="X">な</wf>
         <wf lemma="絆" pos="X">絆</wf>
         <wf lemma="を" pos="X">を</wf>
         <instance id="d000.s4772.t000" lemma="超える" pos="VERB">超え</instance>
         <wf lemma="て" pos="X">て</wf>
         <wf lemma="いる" pos="X">いる</wf>
         <wf lemma="." pos="X">.</wf>
      </sentence>
      <sentence id="d000.s4773" source="wordnet-japanese">
         <wf lemma="記録" pos="X">記録</wf>
         <wf lemma="保存" pos="X">保存</wf>
         <wf lemma="の" pos="X">の</wf>
         <wf lemma="最も" pos="X">最も</wf>
         <instance id="d000.s4773.t000" lemma="無計画" pos="ADJ">無計画</instance>
         <wf lemma="な" pos="X">な</wf>
         <wf lemma="システム" pos="X">システム</wf>
         <wf lemma="." pos="X">.</wf>
      </sentence>
      <sentence id="d000.s4774" source="wordnet-japanese">
         <instance id="d000.s4774.t000" lemma="浅い" pos="ADJ">浅い</instance>
         <wf lemma="呼吸" pos="X">呼吸</wf>
         <wf lemma="." pos="X">.</wf>
      </sentence>
      <sentence id="d000.s4775" source="wordnet-japanese">
         <wf lemma="空" pos="X">空</wf>
         <wf lemma="から" pos="X">から</wf>
         <wf lemma="見る" pos="X">見る</wf>
         <wf lemma="と" pos="X">と</wf>
         <wf lemma="その" pos="X">その</wf>
         <wf lemma="道" pos="X">道</wf>
         <wf lemma="は" pos="X">は</wf>
         <wf lemma="灰色" pos="X">灰色</wf>
         <wf lemma="の" pos="X">の</wf>
         <instance id="d000.s4775.t000" lemma="糸" pos="NOUN">糸</instance>
         <wf lemma="の" pos="X">の</wf>
         <wf lemma="よう" pos="X">よう</wf>
         <wf lemma="だっ" pos="X">だっ</wf>
         <wf lemma="た" pos="X">た</wf>
         <wf lemma="." pos="X">.</wf>
      </sentence>
      <sentence id="d000.s4776" source="wordnet-japanese">
         <wf lemma="軽率" pos="X">軽率</wf>
         <wf lemma="な" pos="X">な</wf>
         <wf lemma="こと" pos="X">こと</wf>
         <wf lemma="を" pos="X">を</wf>
         <wf lemma="する" pos="X">する</wf>
         <wf lemma="の" pos="X">の</wf>
         <wf lemma="に" pos="X">に</wf>
         <instance id="d000.s4776.t000" lemma="適切" pos="ADJ">適切</instance>
         <wf lemma="な" pos="X">な</wf>
         <wf lemma="（" pos="X">（</wf>
         <wf lemma="また" pos="X">また</wf>
         <wf lemma="は" pos="X">は</wf>
         <wf lemma="、" pos="X">、</wf>
         <wf lemma="適し" pos="X">適し</wf>
         <wf lemma="た" pos="X">た</wf>
         <wf lemma="）時" pos="X">）時</wf>
         <wf lemma="で" pos="X">で</wf>
         <wf lemma="は" pos="X">は</wf>
         <wf lemma="ない" pos="X">ない</wf>
         <wf lemma="." pos="X">.</wf>
      </sentence>
      <sentence id="d000.s4777" source="wordnet-japanese">
         <wf lemma="彼女" pos="X">彼女</wf>
         <wf lemma="は" pos="X">は</wf>
         <wf lemma="紙" pos="X">紙</wf>
         <wf lemma="の" pos="X">の</wf>
         <instance id="d000.s4777.t000" lemma="切れ端" pos="NOUN">切れ端</instance>
         <wf lemma="に" pos="X">に</wf>
         <wf lemma="それ" pos="X">それ</wf>
         <wf lemma="を" pos="X">を</wf>
         <wf lemma="簡潔" pos="X">簡潔</wf>
         <wf lemma="に" pos="X">に</wf>
         <wf lemma="書き留め" pos="X">書き留め</wf>
         <wf lemma="た" pos="X">た</wf>
         <wf lemma="." pos="X">.</wf>
      </sentence>
      <sentence id="d000.s4778" source="wordnet-japanese">
         <instance id="d000.s4778.t000" lemma="攻撃的" pos="ADJ">攻撃的</instance>
         <wf lemma="な" pos="X">な</wf>
         <wf lemma="バスケット" pos="X">バスケット</wf>
         <wf lemma="ボール" pos="X">ボール</wf>
         <wf lemma="プレーヤー" pos="X">プレーヤー</wf>
         <wf lemma="." pos="X">.</wf>
      </sentence>
      <sentence id="d000.s4779" source="wordnet-japanese">
         <wf lemma="彼" pos="X">彼</wf>
         <wf lemma="は" pos="X">は</wf>
         <instance id="d000.s4779.t000" lemma="武器" pos="NOUN">武器</instance>
         <wf lemma="を" pos="X">を</wf>
         <wf lemma="携帯" pos="X">携帯</wf>
         <wf lemma="する" pos="X">する</wf>
         <wf lemma="免許" pos="X">免許</wf>
         <wf lemma="を" pos="X">を</wf>
         <wf lemma="持っ" pos="X">持っ</wf>
         <wf lemma="て" pos="X">て</wf>
         <wf lemma="い" pos="X">い</wf>
         <wf lemma="た" pos="X">た</wf>
         <wf lemma="." pos="X">.</wf>
      </sentence>
      <sentence id="d000.s4780" source="wordnet-japanese">
         <wf lemma="あなた" pos="X">あなた</wf>
         <wf lemma="は" pos="X">は</wf>
         <wf lemma="私" pos="X">私</wf>
         <wf lemma="に" pos="X">に</wf>
         <wf lemma="裸だ" pos="X">裸だ</wf>
         <wf lemma="と" pos="X">と</wf>
         <instance id="d000.s4780.t000" lemma="感じる" pos="VERB">感じ</instance>
         <wf lemma="さ" pos="X">さ</wf>
         <wf lemma="せる" pos="X">せる</wf>
         <wf lemma="." pos="X">.</wf>
      </sentence>
      <sentence id="d000.s4781" source="wordnet-japanese">
         <wf lemma="いくつか" pos="X">いくつか</wf>
         <wf lemma="の" pos="X">の</wf>
         <instance id="d000.s4781.t000" lemma="別" pos="ADJ">別</instance>
         <wf lemma="の" pos="X">の</wf>
         <wf lemma="タイプ" pos="X">タイプ</wf>
         <wf lemma="の" pos="X">の</wf>
         <wf lemma="植物" pos="X">植物</wf>
         <wf lemma="." pos="X">.</wf>
      </sentence>
      <sentence id="d000.s4782" source="wordnet-japanese">
         <wf lemma="目" pos="X">目</wf>
         <wf lemma="の" pos="X">の</wf>
         <wf lemma="瞳" pos="X">瞳</wf>
         <wf lemma="孔" pos="X">孔</wf>
         <wf lemma="の" pos="X">の</wf>
         <instance id="d000.s4782.t000" lemma="拡大" pos="NOUN">拡大</instance>
         <wf lemma="." pos="X">.</wf>
      </sentence>
      <sentence id="d000.s4783" source="wordnet-japanese">
         <instance id="d000.s4783.t000" lemma="素直" pos="ADJ">素直</instance>
         <wf lemma="な" pos="X">な</wf>
         <wf lemma="子供" pos="X">子供</wf>
         <wf lemma="たち" pos="X">たち</wf>
         <wf lemma="." pos="X">.</wf>
      </sentence>
      <sentence id="d000.s4784" source="wordnet-japanese">
         <wf lemma="われわれ" pos="X">われわれ</wf>
         <wf lemma="の" pos="X">の</wf>
         <instance id="d000.s4784.t000" lemma="役割" pos="NOUN">役割</instance>
         <wf lemma="に" pos="X">に</wf>
         <wf lemma="は" pos="X">は</wf>
         <wf lemma="用心" pos="X">用心</wf>
         <wf lemma="が" pos="X">が</wf>
         <wf lemma="必要" pos="X">必要</wf>
         <wf lemma="だ" pos="X">だ</wf>
         <wf lemma="." pos="X">.</wf>
      </sentence>
      <sentence id="d000.s4785" source="wordnet-japanese">
         <instance id="d000.s4785.t000" lemma="厄介" pos="ADJ">厄介</instance>
         <wf lemma="な" pos="X">な</wf>
         <wf lemma="状況" pos="X">状況</wf>
         <wf lemma="." pos="X">.</wf>
      </sentence>
      <sentence id="d000.s4786" source="wordnet-japanese">
         <wf lemma="私" pos="X">私</wf>
         <wf lemma="の" pos="X">の</wf>
         <wf lemma="祖母" pos="X">祖母</wf>
         <wf lemma="は" pos="X">は</wf>
         <wf lemma="耳" pos="X">耳</wf>
         <wf lemma="が" pos="X">が</wf>
         <wf lemma="遠い" pos="X">遠い</wf>
         <wf lemma="−" pos="X">−</wf>
         <wf lemma="−" pos="X">−</wf>
         <wf lemma="あなた" pos="X">あなた</wf>
         <wf lemma="は" pos="X">は</wf>
         <instance id="d000.s4786.t000" lemma="叫ぶ" pos="VERB">叫ば</instance>
         <wf lemma="なければ" pos="X">なければ</wf>
         <wf lemma="なら" pos="X">なら</wf>
         <wf lemma="ない" pos="X">ない</wf>
         <wf lemma="だろ" pos="X">だろ</wf>
         <wf lemma="う" pos="X">う</wf>
         <wf lemma="." pos="X">.</wf>
      </sentence>
      <sentence id="d000.s4787" source="wordnet-japanese">
         <wf lemma="彼" pos="X">彼</wf>
         <wf lemma="は" pos="X">は</wf>
         <wf lemma="正規" pos="X">正規</wf>
         <wf lemma="の" pos="X">の</wf>
         <instance id="d000.s4787.t000" lemma="価格" pos="NOUN">価格</instance>
         <wf lemma="における" pos="X">における</wf>
         <wf lemma="その" pos="X">その</wf>
         <wf lemma="製品" pos="X">製品</wf>
         <wf lemma="の" pos="X">の</wf>
         <wf lemma="価値" pos="X">価値</wf>
         <wf lemma="を" pos="X">を</wf>
         <wf lemma="測ろ" pos="X">測ろ</wf>
         <wf lemma="う" pos="X">う</wf>
         <wf lemma="と" pos="X">と</wf>
         <wf lemma="し" pos="X">し</wf>
         <wf lemma="た" pos="X">た</wf>
         <wf lemma="." pos="X">.</wf>
      </sentence>
      <sentence id="d000.s4788" source="wordnet-japanese">
         <wf lemma="当時" pos="X">当時</wf>
         <wf lemma="の" pos="X">の</wf>
         <wf lemma="新聞" pos="X">新聞</wf>
         <wf lemma="は" pos="X">は</wf>
         <wf lemma="、" pos="X">、</wf>
         <wf lemma="長い" pos="X">長い</wf>
         <instance id="d000.s4788.t000" lemma="冗長" pos="ADJ">冗長</instance>
         <wf lemma="な" pos="X">な</wf>
         <wf lemma="社説" pos="X">社説</wf>
         <wf lemma="を" pos="X">を</wf>
         <wf lemma="掲載" pos="X">掲載</wf>
         <wf lemma="し" pos="X">し</wf>
         <wf lemma="た" pos="X">た</wf>
         <wf lemma="." pos="X">.</wf>
      </sentence>
      <sentence id="d000.s4789" source="wordnet-japanese">
         <wf lemma="彼女" pos="X">彼女</wf>
         <wf lemma="は" pos="X">は</wf>
         <wf lemma="ベッド" pos="X">ベッド</wf>
         <wf lemma="の" pos="X">の</wf>
         <instance id="d000.s4789.t000" lemma="端" pos="NOUN">端</instance>
         <wf lemma="に" pos="X">に</wf>
         <wf lemma="座っ" pos="X">座っ</wf>
         <wf lemma="た" pos="X">た</wf>
         <wf lemma="." pos="X">.</wf>
      </sentence>
      <sentence id="d000.s4790" source="wordnet-japanese">
         <wf lemma="その" pos="X">その</wf>
         <wf lemma="名前" pos="X">名前</wf>
         <wf lemma="は" pos="X">は</wf>
         <wf lemma="町中" pos="X">町中</wf>
         <wf lemma="で" pos="X">で</wf>
         <wf lemma="嘲笑" pos="X">嘲笑</wf>
         <wf lemma="と" pos="X">と</wf>
         <instance id="d000.s4790.t000" lemma="汚名" pos="NOUN">汚名</instance>
         <wf lemma="の" pos="X">の</wf>
         <wf lemma="物笑い" pos="X">物笑い</wf>
         <wf lemma="の" pos="X">の</wf>
         <wf lemma="種" pos="X">種</wf>
         <wf lemma="であっ" pos="X">であっ</wf>
         <wf lemma="た" pos="X">た</wf>
         <wf lemma="." pos="X">.</wf>
      </sentence>
      <sentence id="d000.s4791" source="wordnet-japanese">
         <wf lemma="およそ" pos="X">およそ</wf>
         <wf lemma="人" pos="X">人</wf>
         <wf lemma="の" pos="X">の</wf>
         <wf lemma="行" pos="X">行</wf>
         <wf lemma="ない" pos="X">ない</wf>
         <wf lemma="に" pos="X">に</wf>
         <wf lemma="は" pos="X">は</wf>
         <wf lemma="潮時" pos="X">潮時</wf>
         <wf lemma="という" pos="X">という</wf>
         <wf lemma="もの" pos="X">もの</wf>
         <wf lemma="が" pos="X">が</wf>
         <wf lemma="ある" pos="X">ある</wf>
         <wf lemma="、" pos="X">、</wf>
         <wf lemma="うまく" pos="X">うまく</wf>
         <instance id="d000.s4791.t000" lemma="満潮" pos="NOUN">満潮</instance>
         <wf lemma="に" pos="X">に</wf>
         <wf lemma="乗りさえ" pos="X">乗りさえ</wf>
         <wf lemma="すれ" pos="X">すれ</wf>
         <wf lemma="ば" pos="X">ば</wf>
         <wf lemma="運" pos="X">運</wf>
         <wf lemma="は" pos="X">は</wf>
         <wf lemma="ひらける" pos="X">ひらける</wf>
         <wf lemma="−" pos="X">−</wf>
         <wf lemma="シェークスピア" pos="X">シェークスピア</wf>
         <wf lemma="." pos="X">.</wf>
      </sentence>
      <sentence id="d000.s4792" source="wordnet-japanese">
         <wf lemma="問題" pos="X">問題</wf>
         <wf lemma="へ" pos="X">へ</wf>
         <wf lemma="の" pos="X">の</wf>
         <instance id="d000.s4792.t000" lemma="概念的" pos="ADJ">概念的</instance>
         <wf lemma="な" pos="X">な</wf>
         <wf lemma="反応" pos="X">反応</wf>
         <wf lemma="." pos="X">.</wf>
      </sentence>
      <sentence id="d000.s4793" source="wordnet-japanese">
         <wf lemma="1" pos="X">1</wf>
         <instance id="d000.s4793.t000" lemma="週間" pos="NOUN">週間</instance>
         <wf lemma="雨" pos="X">雨</wf>
         <wf lemma="が" pos="X">が</wf>
         <wf lemma="降っ" pos="X">降っ</wf>
         <wf lemma="た" pos="X">た</wf>
         <wf lemma="." pos="X">.</wf>
      </sentence>
      <sentence id="d000.s4794" source="wordnet-japanese">
         <wf lemma="そのよう" pos="X">そのよう</wf>
         <wf lemma="な" pos="X">な</wf>
         <wf lemma="非現実的" pos="X">非現実的</wf>
         <wf lemma="な" pos="X">な</wf>
         <wf lemma="考え" pos="X">考え</wf>
         <wf lemma="で" pos="X">で</wf>
         <wf lemma="彼女" pos="X">彼女</wf>
         <wf lemma="を" pos="X">を</wf>
         <wf lemma="助長" pos="X">助長</wf>
         <wf lemma="する" pos="X">する</wf>
         <wf lemma="なん" pos="X">なん</wf>
         <wf lemma="て" pos="X">て</wf>
         <wf lemma="彼女" pos="X">彼女</wf>
         <wf lemma="の" pos="X">の</wf>
         <wf lemma="母親" pos="X">母親</wf>
         <wf lemma="は" pos="X">は</wf>
         <wf lemma="非常" pos="X">非常</wf>
         <wf lemma="に" pos="X">に</wf>
         <instance id="d000.s4794.t000" lemma="軽率" pos="ADJ">軽率</instance>
         <wf lemma="だ" pos="X">だ</wf>
         <wf lemma="." pos="X">.</wf>
      </sentence>
      <sentence id="d000.s4795" source="wordnet-japanese">
         <wf lemma="怒り" pos="X">怒り</wf>
         <wf lemma="で" pos="X">で</wf>
         <wf lemma="沸き返っ" pos="X">沸き返っ</wf>
         <wf lemma="て" pos="X">て</wf>
         <wf lemma="い" pos="X">い</wf>
         <wf lemma="た" pos="X">た</wf>
         <wf lemma="が" pos="X">が</wf>
         <wf lemma="、" pos="X">、</wf>
         <wf lemma="彼女" pos="X">彼女</wf>
         <wf lemma="は" pos="X">は</wf>
         <wf lemma="無関心" pos="X">無関心</wf>
         <wf lemma="を" pos="X">を</wf>
         <instance id="d000.s4795.t000" lemma="装う" pos="VERB">装っ</instance>
         <wf lemma="た" pos="X">た</wf>
         <wf lemma="." pos="X">.</wf>
      </sentence>
      <sentence id="d000.s4796" source="wordnet-japanese">
         <wf lemma="彼女" pos="X">彼女</wf>
         <wf lemma="が" pos="X">が</wf>
         <wf lemma="大学" pos="X">大学</wf>
         <wf lemma="へ" pos="X">へ</wf>
         <wf lemma="行か" pos="X">行か</wf>
         <wf lemma="なかっ" pos="X">なかっ</wf>
         <wf lemma="た" pos="X">た</wf>
         <wf lemma="の" pos="X">の</wf>
         <wf lemma="は" pos="X">は</wf>
         <instance id="d000.s4796.t000" lemma="残念" pos="ADJ">残念</instance>
         <wf lemma="だ" pos="X">だ</wf>
         <wf lemma="." pos="X">.</wf>
      </sentence>
      <sentence id="d000.s4797" source="wordnet-japanese">
         <wf lemma="神" pos="X">神</wf>
         <wf lemma="の" pos="X">の</wf>
         <instance id="d000.s4797.t000" lemma="賛美" pos="NOUN">賛美</instance>
         <wf lemma="." pos="X">.</wf>
      </sentence>
      <sentence id="d000.s4798" source="wordnet-japanese">
         <wf lemma="彼ら" pos="X">彼ら</wf>
         <wf lemma="は" pos="X">は</wf>
         <wf lemma="、" pos="X">、</wf>
         <wf lemma="関係" pos="X">関係</wf>
         <wf lemma="の" pos="X">の</wf>
         <instance id="d000.s4798.t000" lemma="中断" pos="NOUN">中断</instance>
         <wf lemma="を" pos="X">を</wf>
         <wf lemma="避け" pos="X">避け</wf>
         <wf lemma="よう" pos="X">よう</wf>
         <wf lemma="と" pos="X">と</wf>
         <wf lemma="願っ" pos="X">願っ</wf>
         <wf lemma="た" pos="X">た</wf>
         <wf lemma="." pos="X">.</wf>
      </sentence>
      <sentence id="d000.s4799" source="wordnet-japanese">
         <wf lemma="本" pos="X">本</wf>
         <wf lemma="の" pos="X">の</wf>
         <instance id="d000.s4799.t000" lemma="セット" pos="NOUN">セット</instance>
         <wf lemma="." pos="X">.</wf>
      </sentence>
      <sentence id="d000.s4800" source="wordnet-japanese">
         <instance id="d000.s4800.t000" lemma="遠心性" pos="ADJ">遠心性</instance>
         <wf lemma="神経" pos="X">神経</wf>
         <wf lemma="と" pos="X">と</wf>
         <wf lemma="衝動" pos="X">衝動</wf>
         <wf lemma="." pos="X">.</wf>
      </sentence>
      <sentence id="d000.s4801" source="wordnet-japanese">
         <wf lemma="メイズ" pos="X">メイズ</wf>
         <wf lemma="は" pos="X">は</wf>
         <wf lemma="本塁" pos="X">本塁</wf>
         <wf lemma="に" pos="X">に</wf>
         <wf lemma="背" pos="X">背</wf>
         <wf lemma="を" pos="X">を</wf>
         <wf lemma="向け" pos="X">向け</wf>
         <wf lemma="て" pos="X">て</wf>
         <instance id="d000.s4801.t000" lemma="キャッチ" pos="NOUN">キャッチ</instance>
         <wf lemma="し" pos="X">し</wf>
         <wf lemma="た" pos="X">た</wf>
         <wf lemma="." pos="X">.</wf>
      </sentence>
      <sentence id="d000.s4802" source="wordnet-japanese">
         <wf lemma="穏健" pos="X">穏健</wf>
         <wf lemma="な" pos="X">な</wf>
         <wf lemma="イスラム教徒" pos="X">イスラム教徒</wf>
         <wf lemma="は" pos="X">は</wf>
         <wf lemma="、" pos="X">、</wf>
         <instance id="d000.s4802.t000" lemma="ウンマ" pos="NOUN">ウンマ</instance>
         <wf lemma="に" pos="X">に</wf>
         <wf lemma="急進的" pos="X">急進的</wf>
         <wf lemma="な" pos="X">な</wf>
         <wf lemma="イスラム教徒" pos="X">イスラム教徒</wf>
         <wf lemma="の" pos="X">の</wf>
         <wf lemma="テロリズム" pos="X">テロリズム</wf>
         <wf lemma="を" pos="X">を</wf>
         <wf lemma="拒絶" pos="X">拒絶</wf>
         <wf lemma="する" pos="X">する</wf>
         <wf lemma="よう" pos="X">よう</wf>
         <wf lemma="主張" pos="X">主張</wf>
         <wf lemma="する" pos="X">する</wf>
         <wf lemma="." pos="X">.</wf>
      </sentence>
      <sentence id="d000.s4803" source="wordnet-japanese">
         <wf lemma="早朝" pos="X">早朝</wf>
         <wf lemma="の" pos="X">の</wf>
         <instance id="d000.s4803.t000" lemma="涼しさ" pos="NOUN">涼しさ</instance>
         <wf lemma="." pos="X">.</wf>
      </sentence>
      <sentence id="d000.s4804" source="wordnet-japanese">
         <wf lemma="彼" pos="X">彼</wf>
         <wf lemma="は" pos="X">は</wf>
         <instance id="d000.s4804.t000" lemma="真実" pos="NOUN">真実</instance>
         <wf lemma="を" pos="X">を</wf>
         <wf lemma="答える" pos="X">答える</wf>
         <wf lemma="こと" pos="X">こと</wf>
         <wf lemma="を" pos="X">を</wf>
         <wf lemma="考え" pos="X">考え</wf>
         <wf lemma="た" pos="X">た</wf>
         <wf lemma="が" pos="X">が</wf>
         <wf lemma="、" pos="X">、</wf>
         <wf lemma="彼ら" pos="X">彼ら</wf>
         <wf lemma="が" pos="X">が</wf>
         <wf lemma="それ" pos="X">それ</wf>
         <wf lemma="を" pos="X">を</wf>
         <wf lemma="信じ" pos="X">信じ</wf>
         <wf lemma="ない" pos="X">ない</wf>
         <wf lemma="こと" pos="X">こと</wf>
         <wf lemma="を" pos="X">を</wf>
         <wf lemma="知っ" pos="X">知っ</wf>
         <wf lemma="て" pos="X">て</wf>
         <wf lemma="い" pos="X">い</wf>
         <wf lemma="た" pos="X">た</wf>
         <wf lemma="." pos="X">.</wf>
      </sentence>
      <sentence id="d000.s4805" source="wordnet-japanese">
         <wf lemma="群島" pos="X">群島</wf>
         <wf lemma="は" pos="X">は</wf>
         <wf lemma="さらに" pos="X">さらに</wf>
         <wf lemma="500" pos="X">500</wf>
         <wf lemma="マイル" pos="X">マイル</wf>
         <instance id="d000.s4805.t000" lemma="続く" pos="VERB">続く</instance>
         <wf lemma="." pos="X">.</wf>
      </sentence>
      <sentence id="d000.s4806" source="wordnet-japanese">
         <instance id="d000.s4806.t000" lemma="職業上" pos="ADV">職業上</instance>
         <wf lemma="に" pos="X">に</wf>
         <wf lemma="訓練" pos="X">訓練</wf>
         <wf lemma="さ" pos="X">さ</wf>
         <wf lemma="れる" pos="X">れる</wf>
         <wf lemma="." pos="X">.</wf>
      </sentence>
      <sentence id="d000.s4807" source="wordnet-japanese">
         <wf lemma="技能" pos="X">技能</wf>
         <wf lemma="の" pos="X">の</wf>
         <wf lemma="注目" pos="X">注目</wf>
         <wf lemma="す" pos="X">す</wf>
         <wf lemma="べき" pos="X">べき</wf>
         <instance id="d000.s4807.t000" lemma="ショー" pos="NOUN">ショー</instance>
         <wf lemma="." pos="X">.</wf>
      </sentence>
      <sentence id="d000.s4808" source="wordnet-japanese">
         <wf lemma="フラッシュ" pos="X">フラッシュ</wf>
         <wf lemma="は" pos="X">は</wf>
         <wf lemma="同じ" pos="X">同じ</wf>
         <instance id="d000.s4808.t000" lemma="スーツ" pos="NOUN">スーツ</instance>
         <wf lemma="で" pos="X">で</wf>
         <wf lemma="5" pos="X">5</wf>
         <wf lemma="枚" pos="X">枚</wf>
         <wf lemma="の" pos="X">の</wf>
         <wf lemma="カード" pos="X">カード</wf>
         <wf lemma="である" pos="X">である</wf>
         <wf lemma="." pos="X">.</wf>
      </sentence>
      <sentence id="d000.s4809" source="wordnet-japanese">
         <instance id="d000.s4809.t000" lemma="不変" pos="ADJ">不変</instance>
         <wf lemma="の" pos="X">の</wf>
         <wf lemma="温度" pos="X">温度</wf>
         <wf lemma="." pos="X">.</wf>
      </sentence>
      <sentence id="d000.s4810" source="wordnet-japanese">
         <instance id="d000.s4810.t000" lemma="明白" pos="ADJ">明白</instance>
         <wf lemma="な" pos="X">な</wf>
         <wf lemma="立場" pos="X">立場</wf>
         <wf lemma="で" pos="X">で</wf>
         <wf lemma="." pos="X">.</wf>
      </sentence>
      <sentence id="d000.s4811" source="wordnet-japanese">
         <wf lemma="彼" pos="X">彼</wf>
         <wf lemma="は" pos="X">は</wf>
         <wf lemma="私" pos="X">私</wf>
         <wf lemma="の" pos="X">の</wf>
         <wf lemma="指導" pos="X">指導</wf>
         <wf lemma="に" pos="X">に</wf>
         <instance id="d000.s4811.t000" lemma="従う" pos="VERB">従っ</instance>
         <wf lemma="た" pos="X">た</wf>
         <wf lemma="." pos="X">.</wf>
      </sentence>
      <sentence id="d000.s4812" source="wordnet-japanese">
         <wf lemma="シェフ" pos="X">シェフ</wf>
         <wf lemma="は" pos="X">は</wf>
         <wf lemma="非常" pos="X">非常</wf>
         <wf lemma="に" pos="X">に</wf>
         <instance id="d000.s4812.t000" lemma="満足" pos="NOUN">満足</instance>
         <wf lemma="し" pos="X">し</wf>
         <wf lemma="て" pos="X">て</wf>
         <wf lemma="ソース" pos="X">ソース</wf>
         <wf lemma="を" pos="X">を</wf>
         <wf lemma="味わっ" pos="X">味わっ</wf>
         <wf lemma="た" pos="X">た</wf>
         <wf lemma="." pos="X">.</wf>
      </sentence>
      <sentence id="d000.s4813" source="wordnet-japanese">
         <instance id="d000.s4813.t000" lemma="友好的" pos="ADJ">友好的</instance>
         <wf lemma="な" pos="X">な</wf>
         <wf lemma="助言" pos="X">助言</wf>
         <wf lemma="." pos="X">.</wf>
      </sentence>
      <sentence id="d000.s4814" source="wordnet-japanese">
         <wf lemma="冬" pos="X">冬</wf>
         <wf lemma="が" pos="X">が</wf>
         <instance id="d000.s4814.t000" lemma="近づく" pos="VERB">近づい</instance>
         <wf lemma="て" pos="X">て</wf>
         <wf lemma="いる" pos="X">いる</wf>
         <wf lemma="." pos="X">.</wf>
      </sentence>
      <sentence id="d000.s4815" source="wordnet-japanese">
         <wf lemma="夕食" pos="X">夕食</wf>
         <wf lemma="を" pos="X">を</wf>
         <instance id="d000.s4815.t000" lemma="作る" pos="VERB">作っ</instance>
         <wf lemma="て" pos="X">て</wf>
         <wf lemma="ください" pos="X">ください</wf>
         <wf lemma="." pos="X">.</wf>
      </sentence>
      <sentence id="d000.s4816" source="wordnet-japanese">
         <wf lemma="‘" pos="X">‘</wf>
         <wf lemma="勝っ" pos="X">勝っ</wf>
         <wf lemma="た" pos="X">た</wf>
         <wf lemma="’" pos="X">’</wf>
         <wf lemma="と" pos="X">と</wf>
         <wf lemma="彼" pos="X">彼</wf>
         <wf lemma="は" pos="X">は</wf>
         <instance id="d000.s4816.t000" lemma="叫ぶ" pos="VERB">叫ん</instance>
         <wf lemma="だ" pos="X">だ</wf>
         <wf lemma="." pos="X">.</wf>
      </sentence>
      <sentence id="d000.s4817" source="wordnet-japanese">
         <wf lemma="新生国家" pos="X">新生国家</wf>
         <wf lemma="は" pos="X">は</wf>
         <wf lemma="社会" pos="X">社会</wf>
         <wf lemma="経済的" pos="X">経済的</wf>
         <wf lemma="な" pos="X">な</wf>
         <wf lemma="理論" pos="X">理論</wf>
         <wf lemma="の" pos="X">の</wf>
         <wf lemma="ため" pos="X">ため</wf>
         <wf lemma="の" pos="X">の</wf>
         <instance id="d000.s4817.t000" lemma="試験場" pos="NOUN">試験場</instance>
         <wf lemma="である" pos="X">である</wf>
         <wf lemma="." pos="X">.</wf>
      </sentence>
      <sentence id="d000.s4818" source="wordnet-japanese">
         <instance id="d000.s4818.t000" lemma="サイボーグ" pos="NOUN">サイボーグ</instance>
         <wf lemma="は" pos="X">は</wf>
         <wf lemma="人" pos="X">人</wf>
         <wf lemma="工頭脳生物" pos="X">工頭脳生物</wf>
         <wf lemma="だ" pos="X">だ</wf>
         <wf lemma="." pos="X">.</wf>
      </sentence>
      <sentence id="d000.s4819" source="wordnet-japanese">
         <wf lemma="彼" pos="X">彼</wf>
         <wf lemma="は" pos="X">は</wf>
         <wf lemma="ひどい" pos="X">ひどい</wf>
         <instance id="d000.s4819.t000" lemma="間違い" pos="NOUN">間違い</instance>
         <wf lemma="を" pos="X">を</wf>
         <wf lemma="し" pos="X">し</wf>
         <wf lemma="た" pos="X">た</wf>
         <wf lemma="." pos="X">.</wf>
      </sentence>
      <sentence id="d000.s4820" source="wordnet-japanese">
         <wf lemma="ガリレオ" pos="X">ガリレオ</wf>
         <wf lemma="は" pos="X">は</wf>
         <wf lemma="、" pos="X">、</wf>
         <wf lemma="地球" pos="X">地球</wf>
         <wf lemma="が" pos="X">が</wf>
         <wf lemma="公転" pos="X">公転</wf>
         <wf lemma="する" pos="X">する</wf>
         <wf lemma="の" pos="X">の</wf>
         <wf lemma="を" pos="X">を</wf>
         <instance id="d000.s4820.t000" lemma="知る" pos="VERB">知っ</instance>
         <wf lemma="て" pos="X">て</wf>
         <wf lemma="い" pos="X">い</wf>
         <wf lemma="た" pos="X">た</wf>
         <wf lemma="." pos="X">.</wf>
      </sentence>
      <sentence id="d000.s4821" source="wordnet-japanese">
         <instance id="d000.s4821.t000" lemma="垂直" pos="ADJ">垂直</instance>
         <wf lemma="な" pos="X">な</wf>
         <wf lemma="高さ" pos="X">高さ</wf>
         <wf lemma="を" pos="X">を</wf>
         <wf lemma="測定" pos="X">測定</wf>
         <wf lemma="し" pos="X">し</wf>
         <wf lemma="て" pos="X">て</wf>
         <wf lemma="ください" pos="X">ください</wf>
         <wf lemma="." pos="X">.</wf>
      </sentence>
      <sentence id="d000.s4822" source="wordnet-japanese">
         <wf lemma="基金" pos="X">基金</wf>
         <wf lemma="は" pos="X">は</wf>
         <wf lemma="、" pos="X">、</wf>
         <wf lemma="シャリア" pos="X">シャリア</wf>
         <wf lemma="の" pos="X">の</wf>
         <wf lemma="全面" pos="X">全面</wf>
         <wf lemma="順守" pos="X">順守</wf>
         <wf lemma="における" pos="X">における</wf>
         <instance id="d000.s4822.t000" lemma="ハラール" pos="ADJ">ハラール</instance>
         <wf lemma="利益" pos="X">利益</wf>
         <wf lemma="を" pos="X">を</wf>
         <wf lemma="得る" pos="X">得る</wf>
         <wf lemma="." pos="X">.</wf>
      </sentence>
      <sentence id="d000.s4823" source="wordnet-japanese">
         <wf lemma="2" pos="X">2</wf>
         <wf lemma="回" pos="X">回</wf>
         <wf lemma="賭け金" pos="X">賭け金</wf>
         <wf lemma="を" pos="X">を</wf>
         <wf lemma="上げ" pos="X">上げ</wf>
         <wf lemma="た" pos="X">た</wf>
         <wf lemma="後" pos="X">後</wf>
         <wf lemma="で" pos="X">で</wf>
         <instance id="d000.s4823.t000" lemma="コール" pos="NOUN">コール</instance>
         <wf lemma="が" pos="X">が</wf>
         <wf lemma="あっ" pos="X">あっ</wf>
         <wf lemma="た" pos="X">た</wf>
         <wf lemma="." pos="X">.</wf>
      </sentence>
      <sentence id="d000.s4824" source="wordnet-japanese">
         <wf lemma="ミズーリ川" pos="X">ミズーリ川</wf>
         <instance id="d000.s4824.t000" lemma="流域" pos="NOUN">流域</instance>
         <wf lemma="の" pos="X">の</wf>
         <wf lemma="治水" pos="X">治水</wf>
         <wf lemma="." pos="X">.</wf>
      </sentence>
      <sentence id="d000.s4825" source="wordnet-japanese">
         <wf lemma="信仰者" pos="X">信仰者</wf>
         <wf lemma="の" pos="X">の</wf>
         <wf lemma="額" pos="X">額</wf>
         <wf lemma="に" pos="X">に</wf>
         <instance id="d000.s4825.t000" lemma="印す" pos="VERB">印さ</instance>
         <wf lemma="れ" pos="X">れ</wf>
         <wf lemma="た" pos="X">た</wf>
         <wf lemma="灰" pos="X">灰</wf>
         <wf lemma="." pos="X">.</wf>
      </sentence>
      <sentence id="d000.s4826" source="wordnet-japanese">
         <wf lemma="針" pos="X">針</wf>
         <wf lemma="が" pos="X">が</wf>
         <wf lemma="彼" pos="X">彼</wf>
         <wf lemma="の" pos="X">の</wf>
         <wf lemma="皮膚" pos="X">皮膚</wf>
         <wf lemma="を" pos="X">を</wf>
         <instance id="d000.s4826.t000" lemma="刺す" pos="VERB">刺し</instance>
         <wf lemma="た" pos="X">た</wf>
         <wf lemma="." pos="X">.</wf>
      </sentence>
      <sentence id="d000.s4827" source="wordnet-japanese">
         <wf lemma="幸せ" pos="X">幸せ</wf>
         <wf lemma="な" pos="X">な</wf>
         <wf lemma="犬" pos="X">犬</wf>
         <wf lemma="は" pos="X">は</wf>
         <wf lemma="尻尾" pos="X">尻尾</wf>
         <wf lemma="を" pos="X">を</wf>
         <instance id="d000.s4827.t000" lemma="振る" pos="VERB">振っ</instance>
         <wf lemma="た" pos="X">た</wf>
         <wf lemma="." pos="X">.</wf>
      </sentence>
      <sentence id="d000.s4828" source="wordnet-japanese">
         <wf lemma="木星" pos="X">木星</wf>
         <wf lemma="は" pos="X">は</wf>
         <instance id="d000.s4828.t000" lemma="昇る" pos="VERB">昇る</instance>
         <wf lemma="." pos="X">.</wf>
      </sentence>
      <sentence id="d000.s4829" source="wordnet-japanese">
         <wf lemma="その" pos="X">その</wf>
         <wf lemma="本" pos="X">本</wf>
         <wf lemma="は" pos="X">は</wf>
         <instance id="d000.s4829.t000" lemma="詐欺" pos="NOUN">詐欺</instance>
         <wf lemma="である" pos="X">である</wf>
         <wf lemma="." pos="X">.</wf>
      </sentence>
      <sentence id="d000.s4830" source="wordnet-japanese">
         <instance id="d000.s4830.t000" lemma="愚か" pos="ADJ">愚か</instance>
         <wf lemma="な" pos="X">な</wf>
         <wf lemma="投資家" pos="X">投資家</wf>
         <wf lemma="は" pos="X">は</wf>
         <wf lemma="すぐ" pos="X">すぐ</wf>
         <wf lemma="に" pos="X">に</wf>
         <wf lemma="困窮" pos="X">困窮</wf>
         <wf lemma="し" pos="X">し</wf>
         <wf lemma="て" pos="X">て</wf>
         <wf lemma="いる" pos="X">いる</wf>
         <wf lemma="." pos="X">.</wf>
      </sentence>
      <sentence id="d000.s4831" source="wordnet-japanese">
         <wf lemma="彼" pos="X">彼</wf>
         <wf lemma="は" pos="X">は</wf>
         <wf lemma="嗅覚" pos="X">嗅覚</wf>
         <wf lemma="に" pos="X">に</wf>
         <wf lemma="欠陥" pos="X">欠陥</wf>
         <wf lemma="が" pos="X">が</wf>
         <wf lemma="ある" pos="X">ある</wf>
         <instance id="d000.s4831.t000" lemma="可能性" pos="NOUN">可能性</instance>
         <wf lemma="が" pos="X">が</wf>
         <wf lemma="ある" pos="X">ある</wf>
         <wf lemma="." pos="X">.</wf>
      </sentence>
      <sentence id="d000.s4832" source="wordnet-japanese">
         <wf lemma="彼女" pos="X">彼女</wf>
         <wf lemma="は" pos="X">は</wf>
         <wf lemma="デザイナー" pos="X">デザイナー</wf>
         <wf lemma="ブランド" pos="X">ブランド</wf>
         <wf lemma="の" pos="X">の</wf>
         <wf lemma="服" pos="X">服</wf>
         <wf lemma="の" pos="X">の</wf>
         <instance id="d000.s4832.t000" lemma="コピー" pos="NOUN">コピー</instance>
         <wf lemma="を" pos="X">を</wf>
         <wf lemma="作っ" pos="X">作っ</wf>
         <wf lemma="た" pos="X">た</wf>
         <wf lemma="." pos="X">.</wf>
      </sentence>
      <sentence id="d000.s4833" source="wordnet-japanese">
         <wf lemma="彼" pos="X">彼</wf>
         <wf lemma="は" pos="X">は</wf>
         <wf lemma="、" pos="X">、</wf>
         <wf lemma="彼" pos="X">彼</wf>
         <wf lemma="の" pos="X">の</wf>
         <instance id="d000.s4833.t000" lemma="判断" pos="NOUN">判断</instance>
         <wf lemma="を" pos="X">を</wf>
         <wf lemma="知ら" pos="X">知ら</wf>
         <wf lemma="せ" pos="X">せ</wf>
         <wf lemma="たく" pos="X">たく</wf>
         <wf lemma="なかっ" pos="X">なかっ</wf>
         <wf lemma="た" pos="X">た</wf>
         <wf lemma="." pos="X">.</wf>
      </sentence>
      <sentence id="d000.s4834" source="wordnet-japanese">
         <wf lemma="群集" pos="X">群集</wf>
         <wf lemma="は" pos="X">は</wf>
         <instance id="d000.s4834.t000" lemma="散らばる" pos="VERB">散らばっ</instance>
         <wf lemma="た" pos="X">た</wf>
         <wf lemma="." pos="X">.</wf>
      </sentence>
      <sentence id="d000.s4835" source="wordnet-japanese">
         <wf lemma="私" pos="X">私</wf>
         <wf lemma="の" pos="X">の</wf>
         <wf lemma="所有地" pos="X">所有地</wf>
         <wf lemma="は" pos="X">は</wf>
         <wf lemma="3" pos="X">3</wf>
         <wf lemma="本" pos="X">本</wf>
         <wf lemma="の" pos="X">の</wf>
         <wf lemma="カエデ" pos="X">カエデ</wf>
         <wf lemma="の" pos="X">の</wf>
         <wf lemma="木" pos="X">木</wf>
         <wf lemma="から" pos="X">から</wf>
         <instance id="d000.s4835.t000" lemma="始まる" pos="VERB">始まる</instance>
         <wf lemma="." pos="X">.</wf>
      </sentence>
      <sentence id="d000.s4836" source="wordnet-japanese">
         <wf lemma="高速" pos="X">高速</wf>
         <wf lemma="の" pos="X">の</wf>
         <instance id="d000.s4836.t000" lemma="通勤" pos="NOUN">通勤</instance>
         <wf lemma="列車" pos="X">列車</wf>
         <wf lemma="のみ" pos="X">のみ</wf>
         <wf lemma="に" pos="X">に</wf>
         <wf lemma="立ち" pos="X">立ち</wf>
         <wf lemma="専用" pos="X">専用</wf>
         <wf lemma="客車" pos="X">客車</wf>
         <wf lemma="が" pos="X">が</wf>
         <wf lemma="ある" pos="X">ある</wf>
         <wf lemma="." pos="X">.</wf>
      </sentence>
      <sentence id="d000.s4837" source="wordnet-japanese">
         <instance id="d000.s4837.t000" lemma="無情" pos="ADJ">無情</instance>
         <wf lemma="で" pos="X">で</wf>
         <wf lemma="凶暴" pos="X">凶暴</wf>
         <wf lemma="な" pos="X">な</wf>
         <wf lemma="行為" pos="X">行為</wf>
         <wf lemma="." pos="X">.</wf>
      </sentence>
      <sentence id="d000.s4838" source="wordnet-japanese">
         <wf lemma="国民" pos="X">国民</wf>
         <wf lemma="の" pos="X">の</wf>
         <instance id="d000.s4838.t000" lemma="雰囲気" pos="NOUN">雰囲気</instance>
         <wf lemma="は" pos="X">は</wf>
         <wf lemma="先" pos="X">先</wf>
         <wf lemma="の" pos="X">の</wf>
         <wf lemma="選挙" pos="X">選挙</wf>
         <wf lemma="以来" pos="X">以来</wf>
         <wf lemma="急速" pos="X">急速</wf>
         <wf lemma="に" pos="X">に</wf>
         <wf lemma="変化" pos="X">変化</wf>
         <wf lemma="し" pos="X">し</wf>
         <wf lemma="て" pos="X">て</wf>
         <wf lemma="き" pos="X">き</wf>
         <wf lemma="た" pos="X">た</wf>
         <wf lemma="." pos="X">.</wf>
      </sentence>
      <sentence id="d000.s4839" source="wordnet-japanese">
         <wf lemma="これ" pos="X">これ</wf>
         <wf lemma="は" pos="X">は</wf>
         <wf lemma="改善" pos="X">改善</wf>
         <wf lemma="の" pos="X">の</wf>
         <wf lemma="余地" pos="X">余地</wf>
         <wf lemma="を" pos="X">を</wf>
         <instance id="d000.s4839.t000" lemma="残す" pos="VERB">残さ</instance>
         <wf lemma="ない" pos="X">ない</wf>
         <wf lemma="." pos="X">.</wf>
      </sentence>
      <sentence id="d000.s4840" source="wordnet-japanese">
         <wf lemma="共和党" pos="X">共和党</wf>
         <wf lemma="と" pos="X">と</wf>
         <wf lemma="民主党" pos="X">民主党</wf>
         <wf lemma="と" pos="X">と</wf>
         <wf lemma="の" pos="X">の</wf>
         <wf lemma="おなじみ" pos="X">おなじみ</wf>
         <wf lemma="の" pos="X">の</wf>
         <instance id="d000.s4840.t000" lemma="対立" pos="NOUN">対立</instance>
         <wf lemma="." pos="X">.</wf>
      </sentence>
      <sentence id="d000.s4841" source="wordnet-japanese">
         <wf lemma="何" pos="X">何</wf>
         <wf lemma="が" pos="X">が</wf>
         <instance id="d000.s4841.t000" lemma="問題" pos="NOUN">問題</instance>
         <wf lemma="な" pos="X">な</wf>
         <wf lemma="の" pos="X">の</wf>
         <wf lemma="です" pos="X">です</wf>
         <wf lemma="か" pos="X">か</wf>
         <wf lemma="." pos="X">.</wf>
      </sentence>
      <sentence id="d000.s4842" source="wordnet-japanese">
         <wf lemma="悲しく" pos="X">悲しく</wf>
         <wf lemma="、" pos="X">、</wf>
         <instance id="d000.s4842.t000" lemma="孤独" pos="ADJ">孤独</instance>
         <wf lemma="に" pos="X">に</wf>
         <wf lemma="感じ" pos="X">感じ</wf>
         <wf lemma="られる" pos="X">られる</wf>
         <wf lemma="." pos="X">.</wf>
      </sentence>
      <sentence id="d000.s4843" source="wordnet-japanese">
         <wf lemma="船" pos="X">船</wf>
         <wf lemma="は" pos="X">は</wf>
         <wf lemma="、" pos="X">、</wf>
         <wf lemma="1" pos="X">1</wf>
         <wf lemma="日" pos="X">日</wf>
         <wf lemma="以上" pos="X">以上</wf>
         <wf lemma="遅れ" pos="X">遅れ</wf>
         <wf lemma="て" pos="X">て</wf>
         <wf lemma="、" pos="X">、</wf>
         <instance id="d000.s4843.t000" lemma="ドック" pos="NOUN">ドック</instance>
         <wf lemma="に" pos="X">に</wf>
         <wf lemma="到着" pos="X">到着</wf>
         <wf lemma="し" pos="X">し</wf>
         <wf lemma="た" pos="X">た</wf>
         <wf lemma="." pos="X">.</wf>
      </sentence>
      <sentence id="d000.s4844" source="wordnet-japanese">
         <wf lemma="厳密" pos="X">厳密</wf>
         <wf lemma="な" pos="X">な</wf>
         <instance id="d000.s4844.t000" lemma="詳細" pos="ADJ">詳細</instance>
         <wf lemma="な" pos="X">な</wf>
         <wf lemma="調査" pos="X">調査</wf>
         <wf lemma="." pos="X">.</wf>
      </sentence>
      <sentence id="d000.s4845" source="wordnet-japanese">
         <wf lemma="小さな" pos="X">小さな</wf>
         <wf lemma="家族" pos="X">家族</wf>
         <wf lemma="経営" pos="X">経営</wf>
         <wf lemma="の" pos="X">の</wf>
         <instance id="d000.s4845.t000" lemma="会社" pos="NOUN">会社</instance>
         <wf lemma="." pos="X">.</wf>
      </sentence>
      <sentence id="d000.s4846" source="wordnet-japanese">
         <wf lemma="海" pos="X">海</wf>
         <wf lemma="の" pos="X">の</wf>
         <instance id="d000.s4846.t000" lemma="深い" pos="ADJ">深い</instance>
         <wf lemma="底" pos="X">底</wf>
         <wf lemma="." pos="X">.</wf>
      </sentence>
      <sentence id="d000.s4847" source="wordnet-japanese">
         <wf lemma="青年" pos="X">青年</wf>
         <wf lemma="は" pos="X">は</wf>
         <wf lemma="、" pos="X">、</wf>
         <wf lemma="女の子" pos="X">女の子</wf>
         <wf lemma="の" pos="X">の</wf>
         <wf lemma="財布" pos="X">財布</wf>
         <wf lemma="を" pos="X">を</wf>
         <wf lemma="拾う" pos="X">拾う</wf>
         <wf lemma="ため" pos="X">ため</wf>
         <wf lemma="に" pos="X">に</wf>
         <instance id="d000.s4847.t000" lemma="かがむ" pos="VERB">かがん</instance>
         <wf lemma="だ" pos="X">だ</wf>
         <wf lemma="." pos="X">.</wf>
      </sentence>
      <sentence id="d000.s4848" source="wordnet-japanese">
         <wf lemma="彼" pos="X">彼</wf>
         <wf lemma="に" pos="X">に</wf>
         <wf lemma="は" pos="X">は</wf>
         <wf lemma="高度" pos="X">高度</wf>
         <wf lemma="な" pos="X">な</wf>
         <wf lemma="研究" pos="X">研究</wf>
         <wf lemma="に" pos="X">に</wf>
         <wf lemma="必要" pos="X">必要</wf>
         <wf lemma="な" pos="X">な</wf>
         <instance id="d000.s4848.t000" lemma="基礎" pos="NOUN">基礎</instance>
         <wf lemma="が" pos="X">が</wf>
         <wf lemma="欠け" pos="X">欠け</wf>
         <wf lemma="て" pos="X">て</wf>
         <wf lemma="いる" pos="X">いる</wf>
         <wf lemma="." pos="X">.</wf>
      </sentence>
      <sentence id="d000.s4849" source="wordnet-japanese">
         <wf lemma="イタリア" pos="X">イタリア</wf>
         <wf lemma="の" pos="X">の</wf>
         <wf lemma="ルネッサンス" pos="X">ルネッサンス</wf>
         <wf lemma="の" pos="X">の</wf>
         <instance id="d000.s4849.t000" lemma="始まり" pos="NOUN">始まり</instance>
         <wf lemma="." pos="X">.</wf>
      </sentence>
      <sentence id="d000.s4850" source="wordnet-japanese">
         <wf lemma="古い" pos="X">古い</wf>
         <wf lemma="印刷物" pos="X">印刷物</wf>
         <wf lemma="は" pos="X">は</wf>
         <wf lemma="オークション" pos="X">オークション</wf>
         <wf lemma="で" pos="X">で</wf>
         <wf lemma="高い" pos="X">高い</wf>
         <wf lemma="値段" pos="X">値段</wf>
         <wf lemma="で" pos="X">で</wf>
         <instance id="d000.s4850.t000" lemma="売れる" pos="VERB">売れ</instance>
         <wf lemma="た" pos="X">た</wf>
         <wf lemma="." pos="X">.</wf>
      </sentence>
      <sentence id="d000.s4851" source="wordnet-japanese">
         <instance id="d000.s4851.t000" lemma="ユートピアン" pos="NOUN">ユートピアン</instance>
         <wf lemma="は" pos="X">は</wf>
         <wf lemma="、" pos="X">、</wf>
         <wf lemma="人類" pos="X">人類</wf>
         <wf lemma="は" pos="X">は</wf>
         <wf lemma="最終的" pos="X">最終的</wf>
         <wf lemma="に" pos="X">に</wf>
         <wf lemma="は" pos="X">は</wf>
         <wf lemma="完全" pos="X">完全</wf>
         <wf lemma="に" pos="X">に</wf>
         <wf lemma="なる" pos="X">なる</wf>
         <wf lemma="こと" pos="X">こと</wf>
         <wf lemma="が" pos="X">が</wf>
         <wf lemma="できる" pos="X">できる</wf>
         <wf lemma="と" pos="X">と</wf>
         <wf lemma="信じ" pos="X">信じ</wf>
         <wf lemma="て" pos="X">て</wf>
         <wf lemma="いる" pos="X">いる</wf>
         <wf lemma="." pos="X">.</wf>
      </sentence>
      <sentence id="d000.s4852" source="wordnet-japanese">
         <instance id="d000.s4852.t000" lemma="裕福" pos="ADJ">裕福</instance>
         <wf lemma="な" pos="X">な</wf>
         <wf lemma="銀行家" pos="X">銀行家</wf>
         <wf lemma="." pos="X">.</wf>
      </sentence>
      <sentence id="d000.s4853" source="wordnet-japanese">
         <instance id="d000.s4853.t000" lemma="同様" pos="ADJ">同様</instance>
         <wf lemma="の" pos="X">の</wf>
         <wf lemma="デザイン" pos="X">デザイン</wf>
         <wf lemma="の" pos="X">の</wf>
         <wf lemma="スーツ" pos="X">スーツ</wf>
         <wf lemma="." pos="X">.</wf>
      </sentence>
      <sentence id="d000.s4854" source="wordnet-japanese">
         <instance id="d000.s4854.t000" lemma="驚異的" pos="ADJ">驚異的</instance>
         <wf lemma="な" pos="X">な</wf>
         <wf lemma="偉業" pos="X">偉業</wf>
         <wf lemma="." pos="X">.</wf>
      </sentence>
      <sentence id="d000.s4855" source="wordnet-japanese">
         <instance id="d000.s4855.t000" lemma="深い" pos="ADJ">深い</instance>
         <wf lemma="眠り" pos="X">眠り</wf>
         <wf lemma="に" pos="X">に</wf>
         <wf lemma="落ち" pos="X">落ち</wf>
         <wf lemma="た" pos="X">た</wf>
         <wf lemma="." pos="X">.</wf>
      </sentence>
      <sentence id="d000.s4856" source="wordnet-japanese">
         <instance id="d000.s4856.t000" lemma="正当" pos="ADJ">正当</instance>
         <wf lemma="な" pos="X">な</wf>
         <wf lemma="報酬" pos="X">報酬</wf>
         <wf lemma="." pos="X">.</wf>
      </sentence>
      <sentence id="d000.s4857" source="wordnet-japanese">
         <instance id="d000.s4857.t000" lemma="深い" pos="ADJ">深い</instance>
         <wf lemma="棚" pos="X">棚</wf>
         <wf lemma="." pos="X">.</wf>
      </sentence>
      <sentence id="d000.s4858" source="wordnet-japanese">
         <wf lemma="彼女" pos="X">彼女</wf>
         <wf lemma="は" pos="X">は</wf>
         <wf lemma="それ" pos="X">それ</wf>
         <wf lemma="以上" pos="X">以上</wf>
         <wf lemma="の" pos="X">の</wf>
         <instance id="d000.s4858.t000" lemma="仕事" pos="NOUN">仕事</instance>
         <wf lemma="で" pos="X">で</wf>
         <wf lemma="必要" pos="X">必要</wf>
         <wf lemma="と" pos="X">と</wf>
         <wf lemma="する" pos="X">する</wf>
         <wf lemma="複数" pos="X">複数</wf>
         <wf lemma="の" pos="X">の</wf>
         <wf lemma="ポイント" pos="X">ポイント</wf>
         <wf lemma="を" pos="X">を</wf>
         <wf lemma="点検" pos="X">点検</wf>
         <wf lemma="し" pos="X">し</wf>
         <wf lemma="た" pos="X">た</wf>
         <wf lemma="." pos="X">.</wf>
      </sentence>
      <sentence id="d000.s4859" source="wordnet-japanese">
         <wf lemma="彼女" pos="X">彼女</wf>
         <wf lemma="は" pos="X">は</wf>
         <wf lemma="胎児" pos="X">胎児</wf>
         <wf lemma="の" pos="X">の</wf>
         <instance id="d000.s4859.t000" lemma="性別" pos="NOUN">性別</instance>
         <wf lemma="を" pos="X">を</wf>
         <wf lemma="知り" pos="X">知り</wf>
         <wf lemma="たく" pos="X">たく</wf>
         <wf lemma="なかっ" pos="X">なかっ</wf>
         <wf lemma="た" pos="X">た</wf>
         <wf lemma="." pos="X">.</wf>
      </sentence>
      <sentence id="d000.s4860" source="wordnet-japanese">
         <wf lemma="彼" pos="X">彼</wf>
         <wf lemma="は" pos="X">は</wf>
         <wf lemma="民主主義" pos="X">民主主義</wf>
         <wf lemma="の" pos="X">の</wf>
         <instance id="d000.s4860.t000" lemma="発端" pos="NOUN">発端</instance>
         <wf lemma="を" pos="X">を</wf>
         <wf lemma="1850" pos="X">1850</wf>
         <wf lemma="年" pos="X">年</wf>
         <wf lemma="前後" pos="X">前後</wf>
         <wf lemma="と" pos="X">と</wf>
         <wf lemma="し" pos="X">し</wf>
         <wf lemma="て" pos="X">て</wf>
         <wf lemma="いる" pos="X">いる</wf>
         <wf lemma="." pos="X">.</wf>
      </sentence>
      <sentence id="d000.s4861" source="wordnet-japanese">
         <wf lemma="紀元前" pos="X">紀元前</wf>
         <wf lemma="5" pos="X">5</wf>
         <wf lemma="世紀" pos="X">世紀</wf>
         <wf lemma="、" pos="X">、</wf>
         <instance id="d000.s4861.t000" lemma="アテネ" pos="NOUN">アテネ</instance>
         <wf lemma="は" pos="X">は</wf>
         <wf lemma="世界" pos="X">世界</wf>
         <wf lemma="で" pos="X">で</wf>
         <wf lemma="最も" pos="X">最も</wf>
         <wf lemma="有力" pos="X">有力</wf>
         <wf lemma="で" pos="X">で</wf>
         <wf lemma="文明化" pos="X">文明化</wf>
         <wf lemma="さ" pos="X">さ</wf>
         <wf lemma="れ" pos="X">れ</wf>
         <wf lemma="た" pos="X">た</wf>
         <wf lemma="都市" pos="X">都市</wf>
         <wf lemma="だっ" pos="X">だっ</wf>
         <wf lemma="た" pos="X">た</wf>
         <wf lemma="." pos="X">.</wf>
      </sentence>
      <sentence id="d000.s4862" source="wordnet-japanese">
         <wf lemma="カナダ" pos="X">カナダ</wf>
         <wf lemma="政府" pos="X">政府</wf>
         <wf lemma="は" pos="X">は</wf>
         <wf lemma="、" pos="X">、</wf>
         <instance id="d000.s4862.t000" lemma="先住民" pos="NOUN">先住民</instance>
         <wf lemma="の" pos="X">の</wf>
         <wf lemma="大学生" pos="X">大学生</wf>
         <wf lemma="に対する" pos="X">に対する</wf>
         <wf lemma="補助金" pos="X">補助金</wf>
         <wf lemma="に" pos="X">に</wf>
         <wf lemma="課税" pos="X">課税</wf>
         <wf lemma="する" pos="X">する</wf>
         <wf lemma="計画" pos="X">計画</wf>
         <wf lemma="を" pos="X">を</wf>
         <wf lemma="廃棄" pos="X">廃棄</wf>
         <wf lemma="し" pos="X">し</wf>
         <wf lemma="た" pos="X">た</wf>
         <wf lemma="." pos="X">.</wf>
      </sentence>
      <sentence id="d000.s4863" source="wordnet-japanese">
         <instance id="d000.s4863.t000" lemma="純粋" pos="ADJ">純粋</instance>
         <wf lemma="な" pos="X">な</wf>
         <wf lemma="原色" pos="X">原色</wf>
         <wf lemma="." pos="X">.</wf>
      </sentence>
      <sentence id="d000.s4864" source="wordnet-japanese">
         <instance id="d000.s4864.t000" lemma="精神的" pos="ADJ">精神的</instance>
         <wf lemma="な" pos="X">な</wf>
         <wf lemma="障害" pos="X">障害</wf>
         <wf lemma="から" pos="X">から</wf>
         <wf lemma="自由" pos="X">自由</wf>
         <wf lemma="である" pos="X">である</wf>
         <wf lemma="." pos="X">.</wf>
      </sentence>
      <sentence id="d000.s4865" source="wordnet-japanese">
         <wf lemma="弓の" pos="X">弓の</wf>
         <wf lemma="射手" pos="X">射手</wf>
         <wf lemma="は" pos="X">は</wf>
         <wf lemma="それら" pos="X">それら</wf>
         <wf lemma="の" pos="X">の</wf>
         <wf lemma="弓" pos="X">弓</wf>
         <wf lemma="を" pos="X">を</wf>
         <instance id="d000.s4865.t000" lemma="引く" pos="VERB">引い</instance>
         <wf lemma="て" pos="X">て</wf>
         <wf lemma="い" pos="X">い</wf>
         <wf lemma="た" pos="X">た</wf>
         <wf lemma="." pos="X">.</wf>
      </sentence>
      <sentence id="d000.s4866" source="wordnet-japanese">
         <wf lemma="歯科医" pos="X">歯科医</wf>
         <wf lemma="は" pos="X">は</wf>
         <wf lemma="インレー" pos="X">インレー</wf>
         <wf lemma="を" pos="X">を</wf>
         <wf lemma="準備" pos="X">準備</wf>
         <wf lemma="する" pos="X">する</wf>
         <wf lemma="ため" pos="X">ため</wf>
         <wf lemma="に" pos="X">に</wf>
         <instance id="d000.s4866.t000" lemma="歯型" pos="NOUN">歯型</instance>
         <wf lemma="を" pos="X">を</wf>
         <wf lemma="とっ" pos="X">とっ</wf>
         <wf lemma="た" pos="X">た</wf>
         <wf lemma="." pos="X">.</wf>
      </sentence>
      <sentence id="d000.s4867" source="wordnet-japanese">
         <wf lemma="あなた" pos="X">あなた</wf>
         <wf lemma="は" pos="X">は</wf>
         <wf lemma="どのよう" pos="X">どのよう</wf>
         <wf lemma="に" pos="X">に</wf>
         <wf lemma="夏休み" pos="X">夏休み</wf>
         <wf lemma="を" pos="X">を</wf>
         <instance id="d000.s4867.t000" lemma="過ごす" pos="VERB">過ごし</instance>
         <wf lemma="て" pos="X">て</wf>
         <wf lemma="いる" pos="X">いる</wf>
         <wf lemma="か" pos="X">か</wf>
         <wf lemma="？" pos="X">？</wf>
         <wf lemma="." pos="X">.</wf>
      </sentence>
      <sentence id="d000.s4868" source="wordnet-japanese">
         <wf lemma="クジラ" pos="X">クジラ</wf>
         <wf lemma="は" pos="X">は</wf>
         <wf lemma="哺乳" pos="X">哺乳</wf>
         <wf lemma="動物" pos="X">動物</wf>
         <wf lemma="に" pos="X">に</wf>
         <instance id="d000.s4868.t000" lemma="属する" pos="VERB">属する</instance>
         <wf lemma="." pos="X">.</wf>
      </sentence>
      <sentence id="d000.s4869" source="wordnet-japanese">
         <instance id="d000.s4869.t000" lemma="無邪気" pos="ADJ">無邪気</instance>
         <wf lemma="な" pos="X">な</wf>
         <wf lemma="子供" pos="X">子供</wf>
         <wf lemma="." pos="X">.</wf>
      </sentence>
      <sentence id="d000.s4870" source="wordnet-japanese">
         <wf lemma="彼" pos="X">彼</wf>
         <wf lemma="は" pos="X">は</wf>
         <wf lemma="、" pos="X">、</wf>
         <wf lemma="最も" pos="X">最も</wf>
         <wf lemma="大きな" pos="X">大きな</wf>
         <instance id="d000.s4870.t000" lemma="ストレス" pos="NOUN">ストレス</instance>
         <wf lemma="と" pos="X">と</wf>
         <wf lemma="危険" pos="X">危険</wf>
         <wf lemma="の" pos="X">の</wf>
         <wf lemma="期間" pos="X">期間</wf>
         <wf lemma="に" pos="X">に</wf>
         <wf lemma="、" pos="X">、</wf>
         <wf lemma="経済" pos="X">経済</wf>
         <wf lemma="を" pos="X">を</wf>
         <wf lemma="統轄" pos="X">統轄</wf>
         <wf lemma="し" pos="X">し</wf>
         <wf lemma="た" pos="X">た</wf>
         <wf lemma="−" pos="X">−</wf>
         <wf lemma="R.J" pos="X">R.J</wf>
         <wf lemma="." pos="X">.</wf>
         <wf lemma="サミュエルソン" pos="X">サミュエルソン</wf>
         <wf lemma="." pos="X">.</wf>
      </sentence>
      <sentence id="d000.s4871" source="wordnet-japanese">
         <wf lemma="子供" pos="X">子供</wf>
         <wf lemma="が" pos="X">が</wf>
         <wf lemma="親" pos="X">親</wf>
         <wf lemma="に" pos="X">に</wf>
         <wf lemma="従う" pos="X">従う</wf>
         <wf lemma="こと" pos="X">こと</wf>
         <wf lemma="が" pos="X">が</wf>
         <instance id="d000.s4871.t000" lemma="教える" pos="VERB">教え</instance>
         <wf lemma="られる" pos="X">られる</wf>
         <wf lemma="." pos="X">.</wf>
      </sentence>
      <sentence id="d000.s4872" source="wordnet-japanese">
         <instance id="d000.s4872.t000" lemma="人道的" pos="ADV">人道的</instance>
         <wf lemma="に" pos="X">に</wf>
         <wf lemma="捕虜" pos="X">捕虜</wf>
         <wf lemma="を" pos="X">を</wf>
         <wf lemma="扱い" pos="X">扱い</wf>
         <wf lemma="ましょ" pos="X">ましょ</wf>
         <wf lemma="う" pos="X">う</wf>
         <wf lemma="." pos="X">.</wf>
      </sentence>
      <sentence id="d000.s4873" source="wordnet-japanese">
         <wf lemma="彼" pos="X">彼</wf>
         <wf lemma="の" pos="X">の</wf>
         <instance id="d000.s4873.t000" lemma="国際的" pos="ADJ">国際的</instance>
         <wf lemma="な" pos="X">な</wf>
         <wf lemma="慈善" pos="X">慈善</wf>
         <wf lemma="は" pos="X">は</wf>
         <wf lemma="、" pos="X">、</wf>
         <wf lemma="公平" pos="X">公平</wf>
         <wf lemma="に" pos="X">に</wf>
         <wf lemma="全人種" pos="X">全人種</wf>
         <wf lemma="、" pos="X">、</wf>
         <wf lemma="全" pos="X">全</wf>
         <wf lemma="信念" pos="X">信念</wf>
         <wf lemma="に" pos="X">に</wf>
         <wf lemma="広がっ" pos="X">広がっ</wf>
         <wf lemma="て" pos="X">て</wf>
         <wf lemma="い" pos="X">い</wf>
         <wf lemma="ます" pos="X">ます</wf>
         <wf lemma="。" pos="X">。</wf>
         <wf lemma="−" pos="X">−</wf>
         <wf lemma="T.B" pos="X">T.B</wf>
         <wf lemma="." pos="X">.</wf>
         <wf lemma="マコーレ" pos="X">マコーレ</wf>
         <wf lemma="." pos="X">.</wf>
      </sentence>
      <sentence id="d000.s4874" source="wordnet-japanese">
         <wf lemma="モーツァルト" pos="X">モーツァルト</wf>
         <wf lemma="の" pos="X">の</wf>
         <wf lemma="ハ短調" pos="X">ハ短調</wf>
         <wf lemma="協奏" pos="X">協奏</wf>
         <wf lemma="曲" pos="X">曲</wf>
         <wf lemma="の" pos="X">の</wf>
         <wf lemma="見事" pos="X">見事</wf>
         <wf lemma="な" pos="X">な</wf>
         <instance id="d000.s4874.t000" lemma="演奏" pos="NOUN">演奏</instance>
         <wf lemma="." pos="X">.</wf>
      </sentence>
      <sentence id="d000.s4875" source="wordnet-japanese">
         <wf lemma="それ" pos="X">それ</wf>
         <wf lemma="は" pos="X">は</wf>
         <wf lemma="優れ" pos="X">優れ</wf>
         <wf lemma="た" pos="X">た</wf>
         <wf lemma="キック" pos="X">キック</wf>
         <wf lemma="だっ" pos="X">だっ</wf>
         <wf lemma="た" pos="X">た</wf>
         <wf lemma="が" pos="X">が</wf>
         <wf lemma="、" pos="X">、</wf>
         <wf lemma="ボール" pos="X">ボール</wf>
         <wf lemma="は" pos="X">は</wf>
         <instance id="d000.s4875.t000" lemma="バー" pos="NOUN">バー</instance>
         <wf lemma="に" pos="X">に</wf>
         <wf lemma="当たっ" pos="X">当たっ</wf>
         <wf lemma="た" pos="X">た</wf>
         <wf lemma="." pos="X">.</wf>
      </sentence>
      <sentence id="d000.s4876" source="wordnet-japanese">
         <instance id="d000.s4876.t000" lemma="芳醇" pos="ADJ">芳醇</instance>
         <wf lemma="な" pos="X">な</wf>
         <wf lemma="クラレット" pos="X">クラレット</wf>
         <wf lemma="." pos="X">.</wf>
      </sentence>
      <sentence id="d000.s4877" source="wordnet-japanese">
         <wf lemma="あから" pos="X">あから</wf>
         <wf lemma="さま" pos="X">さま</wf>
         <wf lemma="に" pos="X">に</wf>
         <wf lemma="リベラル" pos="X">リベラル</wf>
         <wf lemma="という" pos="X">という</wf>
         <wf lemma="わけ" pos="X">わけ</wf>
         <wf lemma="で" pos="X">で</wf>
         <wf lemma="は" pos="X">は</wf>
         <wf lemma="ない" pos="X">ない</wf>
         <wf lemma="が" pos="X">が</wf>
         <wf lemma="、" pos="X">、</wf>
         <wf lemma="それ" pos="X">それ</wf>
         <wf lemma="が" pos="X">が</wf>
         <wf lemma="この" pos="X">この</wf>
         <wf lemma="本" pos="X">本</wf>
         <wf lemma="の" pos="X">の</wf>
         <wf lemma="全体的" pos="X">全体的</wf>
         <wf lemma="な" pos="X">な</wf>
         <instance id="d000.s4877.t000" lemma="流れ" pos="NOUN">流れ</instance>
         <wf lemma="だ" pos="X">だ</wf>
         <wf lemma="." pos="X">.</wf>
      </sentence>
      <sentence id="d000.s4878" source="wordnet-japanese">
         <instance id="d000.s4878.t000" lemma="不十分" pos="ADJ">不十分</instance>
         <wf lemma="な" pos="X">な</wf>
         <wf lemma="トレーニング" pos="X">トレーニング</wf>
         <wf lemma="." pos="X">.</wf>
      </sentence>
      <sentence id="d000.s4879" source="wordnet-japanese">
         <wf lemma="彼" pos="X">彼</wf>
         <wf lemma="は" pos="X">は</wf>
         <wf lemma="祖母" pos="X">祖母</wf>
         <wf lemma="の" pos="X">の</wf>
         <wf lemma="葬儀" pos="X">葬儀</wf>
         <wf lemma="に" pos="X">に</wf>
         <wf lemma="出る" pos="X">出る</wf>
         <wf lemma="ため" pos="X">ため</wf>
         <wf lemma="、" pos="X">、</wf>
         <instance id="d000.s4879.t000" lemma="休暇" pos="NOUN">休暇</instance>
         <wf lemma="を" pos="X">を</wf>
         <wf lemma="願い出" pos="X">願い出</wf>
         <wf lemma="た" pos="X">た</wf>
         <wf lemma="." pos="X">.</wf>
      </sentence>
      <sentence id="d000.s4880" source="wordnet-japanese">
         <wf lemma="天気" pos="X">天気</wf>
         <wf lemma="は" pos="X">は</wf>
         <instance id="d000.s4880.t000" lemma="かなり" pos="ADV">かなり</instance>
         <wf lemma="寒かっ" pos="X">寒かっ</wf>
         <wf lemma="た" pos="X">た</wf>
         <wf lemma="." pos="X">.</wf>
      </sentence>
      <sentence id="d000.s4881" source="wordnet-japanese">
         <wf lemma="ケーキ" pos="X">ケーキ</wf>
         <wf lemma="を" pos="X">を</wf>
         <instance id="d000.s4881.t000" lemma="焼く" pos="VERB">焼く</instance>
         <wf lemma="." pos="X">.</wf>
      </sentence>
      <sentence id="d000.s4882" source="wordnet-japanese">
         <wf lemma="暴力" pos="X">暴力</wf>
         <wf lemma="犯罪" pos="X">犯罪</wf>
         <wf lemma="の" pos="X">の</wf>
         <instance id="d000.s4882.t000" lemma="急増" pos="NOUN">急増</instance>
         <wf lemma="." pos="X">.</wf>
      </sentence>
      <sentence id="d000.s4883" source="wordnet-japanese">
         <wf lemma="家" pos="X">家</wf>
         <wf lemma="を" pos="X">を</wf>
         <wf lemma="西" pos="X">西</wf>
         <wf lemma="に" pos="X">に</wf>
         <instance id="d000.s4883.t000" lemma="向ける" pos="VERB">向ける</instance>
         <wf lemma="." pos="X">.</wf>
      </sentence>
      <sentence id="d000.s4884" source="wordnet-japanese">
         <wf lemma="ローマ" pos="X">ローマ</wf>
         <wf lemma="帝国" pos="X">帝国</wf>
         <wf lemma="の" pos="X">の</wf>
         <instance id="d000.s4884.t000" lemma="時代" pos="NOUN">時代</instance>
         <wf lemma="." pos="X">.</wf>
      </sentence>
      <sentence id="d000.s4885" source="wordnet-japanese">
         <instance id="d000.s4885.t000" lemma="博識" pos="ADJ">博識</instance>
         <wf lemma="な" pos="X">な</wf>
         <wf lemma="読者" pos="X">読者</wf>
         <wf lemma="." pos="X">.</wf>
      </sentence>
      <sentence id="d000.s4886" source="wordnet-japanese">
         <wf lemma="我々" pos="X">我々</wf>
         <wf lemma="の" pos="X">の</wf>
         <wf lemma="時間" pos="X">時間</wf>
         <wf lemma="の" pos="X">の</wf>
         <instance id="d000.s4886.t000" lemma="顕著" pos="ADJ">顕著</instance>
         <wf lemma="な" pos="X">な</wf>
         <wf lemma="事実" pos="X">事実</wf>
         <wf lemma="は" pos="X">は</wf>
         <wf lemma="、" pos="X">、</wf>
         <wf lemma="反" pos="X">反</wf>
         <wf lemma="ユダヤ" pos="X">ユダヤ</wf>
         <wf lemma="主義" pos="X">主義</wf>
         <wf lemma="で" pos="X">で</wf>
         <wf lemma="気分" pos="X">気分</wf>
         <wf lemma="が" pos="X">が</wf>
         <wf lemma="悪く" pos="X">悪く</wf>
         <wf lemma="なる" pos="X">なる</wf>
         <wf lemma="国" pos="X">国</wf>
         <wf lemma="が" pos="X">が</wf>
         <wf lemma="彼ら" pos="X">彼ら</wf>
         <wf lemma="自身" pos="X">自身</wf>
         <wf lemma="の" pos="X">の</wf>
         <wf lemma="自由" pos="X">自由</wf>
         <wf lemma="に関して" pos="X">に関して</wf>
         <wf lemma="より" pos="X">より</wf>
         <wf lemma="幸運" pos="X">幸運</wf>
         <wf lemma="である" pos="X">である</wf>
         <wf lemma="と" pos="X">と</wf>
         <wf lemma="わから" pos="X">わから</wf>
         <wf lemma="なかっ" pos="X">なかっ</wf>
         <wf lemma="た" pos="X">た</wf>
         <wf lemma="という" pos="X">という</wf>
         <wf lemma="こと" pos="X">こと</wf>
         <wf lemma="である" pos="X">である</wf>
         <wf lemma="." pos="X">.</wf>
      </sentence>
      <sentence id="d000.s4887" source="wordnet-japanese">
         <wf lemma="彼" pos="X">彼</wf>
         <wf lemma="の" pos="X">の</wf>
         <instance id="d000.s4887.t000" lemma="不器用" pos="ADJ">不器用</instance>
         <wf lemma="な" pos="X">な</wf>
         <wf lemma="指" pos="X">指</wf>
         <wf lemma="は" pos="X">は</wf>
         <wf lemma="不恰好" pos="X">不恰好</wf>
         <wf lemma="な" pos="X">な</wf>
         <wf lemma="無器" pos="X">無器</wf>
         <wf lemma="用" pos="X">用</wf>
         <wf lemma="な" pos="X">な</wf>
         <wf lemma="結び" pos="X">結び</wf>
         <wf lemma="目" pos="X">目</wf>
         <wf lemma="を" pos="X">を</wf>
         <wf lemma="作っ" pos="X">作っ</wf>
         <wf lemma="た" pos="X">た</wf>
         <wf lemma="." pos="X">.</wf>
      </sentence>
      <sentence id="d000.s4888" source="wordnet-japanese">
         <instance id="d000.s4888.t000" lemma="悲喜劇的" pos="ADJ">悲喜劇的</instance>
         <wf lemma="な" pos="X">な</wf>
         <wf lemma="ドラマ" pos="X">ドラマ</wf>
         <wf lemma="を" pos="X">を</wf>
         <wf lemma="専門" pos="X">専門</wf>
         <wf lemma="と" pos="X">と</wf>
         <wf lemma="し" pos="X">し</wf>
         <wf lemma="て" pos="X">て</wf>
         <wf lemma="いる" pos="X">いる</wf>
         <wf lemma="脚本家" pos="X">脚本家</wf>
         <wf lemma="." pos="X">.</wf>
      </sentence>
      <sentence id="d000.s4889" source="wordnet-japanese">
         <instance id="d000.s4889.t000" lemma="微細" pos="ADJ">微細</instance>
         <wf lemma="な" pos="X">な</wf>
         <wf lemma="区別" pos="X">区別</wf>
         <wf lemma="." pos="X">.</wf>
      </sentence>
      <sentence id="d000.s4890" source="wordnet-japanese">
         <wf lemma="裕福" pos="X">裕福</wf>
         <wf lemma="な" pos="X">な</wf>
         <wf lemma="農夫" pos="X">農夫</wf>
         <wf lemma="を" pos="X">を</wf>
         <instance id="d000.s4890.t000" lemma="追放" pos="NOUN">追放</instance>
         <wf lemma="する" pos="X">する</wf>
         <wf lemma="こと" pos="X">こと</wf>
         <wf lemma="." pos="X">.</wf>
      </sentence>
      <sentence id="d000.s4891" source="wordnet-japanese">
         <wf lemma="彼" pos="X">彼</wf>
         <wf lemma="は" pos="X">は</wf>
         <wf lemma="主な栓" pos="X">主な栓</wf>
         <wf lemma="を" pos="X">を</wf>
         <instance id="d000.s4891.t000" lemma="止める" pos="VERB">止める</instance>
         <wf lemma="こと" pos="X">こと</wf>
         <wf lemma="で" pos="X">で</wf>
         <wf lemma="水" pos="X">水</wf>
         <wf lemma="の" pos="X">の</wf>
         <wf lemma="流れ" pos="X">流れ</wf>
         <wf lemma="を" pos="X">を</wf>
         <wf lemma="チェック" pos="X">チェック</wf>
         <wf lemma="し" pos="X">し</wf>
         <wf lemma="た" pos="X">た</wf>
         <wf lemma="." pos="X">.</wf>
      </sentence>
      <sentence id="d000.s4892" source="wordnet-japanese">
         <wf lemma="その" pos="X">その</wf>
         <wf lemma="製品" pos="X">製品</wf>
         <wf lemma="は" pos="X">は</wf>
         <wf lemma="、" pos="X">、</wf>
         <instance id="d000.s4892.t000" lemma="商業的" pos="ADV">商業的</instance>
         <wf lemma="に" pos="X">に</wf>
         <wf lemma="利用" pos="X">利用</wf>
         <wf lemma="可能" pos="X">可能</wf>
         <wf lemma="である" pos="X">である</wf>
         <wf lemma="." pos="X">.</wf>
      </sentence>
      <sentence id="d000.s4893" source="wordnet-japanese">
         <wf lemma="海峡" pos="X">海峡</wf>
         <wf lemma="横断" pos="X">横断</wf>
         <wf lemma="の" pos="X">の</wf>
         <instance id="d000.s4893.t000" lemma="短さ" pos="NOUN">短さ</instance>
         <wf lemma="." pos="X">.</wf>
      </sentence>
      <sentence id="d000.s4894" source="wordnet-japanese">
         <wf lemma="これ" pos="X">これ</wf>
         <wf lemma="まで" pos="X">まで</wf>
         <wf lemma="、" pos="X">、</wf>
         <wf lemma="我々" pos="X">我々</wf>
         <wf lemma="が" pos="X">が</wf>
         <wf lemma="い" pos="X">い</wf>
         <wf lemma="た" pos="X">た</wf>
         <wf lemma="あらゆる" pos="X">あらゆる</wf>
         <wf lemma="道" pos="X">道</wf>
         <wf lemma="は" pos="X">は</wf>
         <wf lemma="、" pos="X">、</wf>
         <instance id="d000.s4894.t000" lemma="袋小路" pos="NOUN">袋小路</instance>
         <wf lemma="である" pos="X">である</wf>
         <wf lemma="と" pos="X">と</wf>
         <wf lemma="判明" pos="X">判明</wf>
         <wf lemma="し" pos="X">し</wf>
         <wf lemma="た" pos="X">た</wf>
         <wf lemma="." pos="X">.</wf>
      </sentence>
      <sentence id="d000.s4895" source="wordnet-japanese">
         <wf lemma="彼ら" pos="X">彼ら</wf>
         <wf lemma="は" pos="X">は</wf>
         <wf lemma="流れ" pos="X">流れ</wf>
         <wf lemma="の" pos="X">の</wf>
         <instance id="d000.s4895.t000" lemma="源" pos="NOUN">源</instance>
         <wf lemma="まで" pos="X">まで</wf>
         <wf lemma="、" pos="X">、</wf>
         <wf lemma="彼" pos="X">彼</wf>
         <wf lemma="を" pos="X">を</wf>
         <wf lemma="追跡" pos="X">追跡</wf>
         <wf lemma="し" pos="X">し</wf>
         <wf lemma="た" pos="X">た</wf>
         <wf lemma="." pos="X">.</wf>
      </sentence>
      <sentence id="d000.s4896" source="wordnet-japanese">
         <wf lemma="私" pos="X">私</wf>
         <wf lemma="の" pos="X">の</wf>
         <instance id="d000.s4896.t000" lemma="出発点" pos="NOUN">出発点</instance>
         <wf lemma="は" pos="X">は</wf>
         <wf lemma="、" pos="X">、</wf>
         <wf lemma="サンフランシスコ" pos="X">サンフランシスコ</wf>
         <wf lemma="だっ" pos="X">だっ</wf>
         <wf lemma="た" pos="X">た</wf>
         <wf lemma="." pos="X">.</wf>
      </sentence>
      <sentence id="d000.s4897" source="wordnet-japanese">
         <wf lemma="エッセイ" pos="X">エッセイ</wf>
         <wf lemma="は" pos="X">は</wf>
         <wf lemma="非常" pos="X">非常</wf>
         <wf lemma="に" pos="X">に</wf>
         <wf lemma="多く" pos="X">多く</wf>
         <wf lemma="の" pos="X">の</wf>
         <instance id="d000.s4897.t000" lemma="詳細" pos="NOUN">詳細</instance>
         <wf lemma="な" pos="X">な</wf>
         <wf lemma="記述" pos="X">記述</wf>
         <wf lemma="を" pos="X">を</wf>
         <wf lemma="含ん" pos="X">含ん</wf>
         <wf lemma="で" pos="X">で</wf>
         <wf lemma="い" pos="X">い</wf>
         <wf lemma="た" pos="X">た</wf>
         <wf lemma="." pos="X">.</wf>
      </sentence>
      <sentence id="d000.s4898" source="wordnet-japanese">
         <wf lemma="それら" pos="X">それら</wf>
         <wf lemma="は" pos="X">は</wf>
         <instance id="d000.s4898.t000" lemma="外観" pos="NOUN">外観</instance>
         <wf lemma="上" pos="X">上</wf>
         <wf lemma="は" pos="X">は</wf>
         <wf lemma="同じ" pos="X">同じ</wf>
         <wf lemma="ように" pos="X">ように</wf>
         <wf lemma="みえる" pos="X">みえる</wf>
         <wf lemma="." pos="X">.</wf>
      </sentence>
      <sentence id="d000.s4899" source="wordnet-japanese">
         <instance id="d000.s4899.t000" lemma="女性" pos="NOUN">女性</instance>
         <wf lemma="は" pos="X">は</wf>
         <wf lemma="創造" pos="X">創造</wf>
         <wf lemma="の" pos="X">の</wf>
         <wf lemma="恵み" pos="X">恵み</wf>
         <wf lemma="だ" pos="X">だ</wf>
         <wf lemma="." pos="X">.</wf>
      </sentence>
      <sentence id="d000.s4900" source="wordnet-japanese">
         <wf lemma="怒り" pos="X">怒り</wf>
         <wf lemma="を" pos="X">を</wf>
         <instance id="d000.s4900.t000" lemma="抑える" pos="VERB">抑える</instance>
         <wf lemma="." pos="X">.</wf>
      </sentence>
      <sentence id="d000.s4901" source="wordnet-japanese">
         <wf lemma="この" pos="X">この</wf>
         <instance id="d000.s4901.t000" lemma="公園" pos="NOUN">公園</instance>
         <wf lemma="の" pos="X">の</wf>
         <wf lemma="野生生物" pos="X">野生生物</wf>
         <wf lemma="を" pos="X">を</wf>
         <wf lemma="保護" pos="X">保護</wf>
         <wf lemma="する" pos="X">する</wf>
         <wf lemma="法律" pos="X">法律</wf>
         <wf lemma="が" pos="X">が</wf>
         <wf lemma="ある" pos="X">ある</wf>
         <wf lemma="." pos="X">.</wf>
      </sentence>
      <sentence id="d000.s4902" source="wordnet-japanese">
         <wf lemma="イスラエル" pos="X">イスラエル</wf>
         <wf lemma="の" pos="X">の</wf>
         <instance id="d000.s4902.t000" lemma="子供" pos="NOUN">子供</instance>
         <wf lemma="たち" pos="X">たち</wf>
         <wf lemma="." pos="X">.</wf>
      </sentence>
      <sentence id="d000.s4903" source="wordnet-japanese">
         <wf lemma="彼" pos="X">彼</wf>
         <wf lemma="は" pos="X">は</wf>
         <wf lemma="、" pos="X">、</wf>
         <instance id="d000.s4903.t000" lemma="賃金" pos="NOUN">賃金</instance>
         <wf lemma="を" pos="X">を</wf>
         <wf lemma="酒" pos="X">酒</wf>
         <wf lemma="で" pos="X">で</wf>
         <wf lemma="浪費" pos="X">浪費</wf>
         <wf lemma="し" pos="X">し</wf>
         <wf lemma="た" pos="X">た</wf>
         <wf lemma="." pos="X">.</wf>
      </sentence>
      <sentence id="d000.s4904" source="wordnet-japanese">
         <instance id="d000.s4904.t000" lemma="不確定" pos="ADJ">不確定</instance>
         <wf lemma="な" pos="X">な</wf>
         <wf lemma="未来" pos="X">未来</wf>
         <wf lemma="." pos="X">.</wf>
      </sentence>
      <sentence id="d000.s4905" source="wordnet-japanese">
         <wf lemma="病原菌" pos="X">病原菌</wf>
         <wf lemma="は" pos="X">は</wf>
         <wf lemma="その" pos="X">その</wf>
         <wf lemma="生存" pos="X">生存</wf>
         <wf lemma="の" pos="X">の</wf>
         <wf lemma="ため" pos="X">ため</wf>
         <wf lemma="に" pos="X">に</wf>
         <wf lemma="は" pos="X">は</wf>
         <instance id="d000.s4905.t000" lemma="貯水池" pos="NOUN">貯水池</instance>
         <wf lemma="に" pos="X">に</wf>
         <wf lemma="よる" pos="X">よる</wf>
         <wf lemma="." pos="X">.</wf>
      </sentence>
      <sentence id="d000.s4906" source="wordnet-japanese">
         <wf lemma="徳" pos="X">徳</wf>
         <wf lemma="の" pos="X">の</wf>
         <instance id="d000.s4906.t000" lemma="道" pos="NOUN">道</instance>
         <wf lemma="." pos="X">.</wf>
      </sentence>
      <sentence id="d000.s4907" source="wordnet-japanese">
         <wf lemma="暑さ" pos="X">暑さ</wf>
         <wf lemma="に" pos="X">に</wf>
         <wf lemma="も" pos="X">も</wf>
         <wf lemma="かかわら" pos="X">かかわら</wf>
         <wf lemma="ず" pos="X">ず</wf>
         <wf lemma="彼" pos="X">彼</wf>
         <wf lemma="は" pos="X">は</wf>
         <wf lemma="ウール" pos="X">ウール</wf>
         <wf lemma="の" pos="X">の</wf>
         <instance id="d000.s4907.t000" lemma="服装" pos="NOUN">服装</instance>
         <wf lemma="を" pos="X">を</wf>
         <wf lemma="主張" pos="X">主張</wf>
         <wf lemma="し" pos="X">し</wf>
         <wf lemma="た" pos="X">た</wf>
         <wf lemma="." pos="X">.</wf>
      </sentence>
      <sentence id="d000.s4908" source="wordnet-japanese">
         <wf lemma="小立像" pos="X">小立像</wf>
         <wf lemma="は" pos="X">は</wf>
         <wf lemma="ギリシア" pos="X">ギリシア</wf>
         <wf lemma="で" pos="X">で</wf>
         <wf lemma="の" pos="X">の</wf>
         <wf lemma="彫刻" pos="X">彫刻</wf>
         <wf lemma="の" pos="X">の</wf>
         <instance id="d000.s4908.t000" lemma="出現" pos="NOUN">出現</instance>
         <wf lemma="の" pos="X">の</wf>
         <wf lemma="前" pos="X">前</wf>
         <wf lemma="兆" pos="X">兆</wf>
         <wf lemma="と" pos="X">と</wf>
         <wf lemma="なる" pos="X">なる</wf>
         <wf lemma="." pos="X">.</wf>
      </sentence>
      <sentence id="d000.s4909" source="wordnet-japanese">
         <wf lemma="'真実'" pos="X">'真実'</wf>
         <wf lemma="と" pos="X">と</wf>
         <wf lemma="'正義'" pos="X">'正義'</wf>
         <wf lemma="の" pos="X">の</wf>
         <wf lemma="ような" pos="X">ような</wf>
         <instance id="d000.s4909.t000" lemma="抽象的" pos="ADJ">抽象的</instance>
         <wf lemma="な" pos="X">な</wf>
         <wf lemma="単語" pos="X">単語</wf>
         <wf lemma="." pos="X">.</wf>
      </sentence>
      <sentence id="d000.s4910" source="wordnet-japanese">
         <wf lemma="人々" pos="X">人々</wf>
         <wf lemma="は" pos="X">は</wf>
         <wf lemma="その" pos="X">その</wf>
         <wf lemma="当時" pos="X">当時</wf>
         <wf lemma="、" pos="X">、</wf>
         <wf lemma="無調" pos="X">無調</wf>
         <wf lemma="音楽" pos="X">音楽</wf>
         <wf lemma="を" pos="X">を</wf>
         <instance id="d000.s4910.t000" lemma="受け入れる" pos="VERB">受け入れ</instance>
         <wf lemma="なかっ" pos="X">なかっ</wf>
         <wf lemma="た" pos="X">た</wf>
         <wf lemma="." pos="X">.</wf>
      </sentence>
      <sentence id="d000.s4911" source="wordnet-japanese">
         <wf lemma="学生" pos="X">学生</wf>
         <wf lemma="は" pos="X">は</wf>
         <wf lemma="、" pos="X">、</wf>
         <wf lemma="驚き" pos="X">驚き</wf>
         <wf lemma="で" pos="X">で</wf>
         <wf lemma="先生" pos="X">先生</wf>
         <wf lemma="を" pos="X">を</wf>
         <wf lemma="じっと" pos="X">じっと</wf>
         <instance id="d000.s4911.t000" lemma="見つめる" pos="VERB">見つめ</instance>
         <wf lemma="た" pos="X">た</wf>
         <wf lemma="." pos="X">.</wf>
      </sentence>
      <sentence id="d000.s4912" source="wordnet-japanese">
         <wf lemma="戦争" pos="X">戦争</wf>
         <wf lemma="の" pos="X">の</wf>
         <instance id="d000.s4912.t000" lemma="余波" pos="NOUN">余波</instance>
         <wf lemma="." pos="X">.</wf>
      </sentence>
      <sentence id="d000.s4913" source="wordnet-japanese">
         <wf lemma="赤い" pos="X">赤い</wf>
         <wf lemma="信号" pos="X">信号</wf>
         <wf lemma="の" pos="X">の</wf>
         <instance id="d000.s4913.t000" lemma="意義" pos="NOUN">意義</instance>
         <wf lemma="." pos="X">.</wf>
      </sentence>
      <sentence id="d000.s4914" source="wordnet-japanese">
         <wf lemma="蛇" pos="X">蛇</wf>
         <wf lemma="が" pos="X">が</wf>
         <wf lemma="噛み付い" pos="X">噛み付い</wf>
         <wf lemma="た" pos="X">た</wf>
         <wf lemma="場所" pos="X">場所</wf>
         <wf lemma="から" pos="X">から</wf>
         <wf lemma="毒" pos="X">毒</wf>
         <wf lemma="を" pos="X">を</wf>
         <instance id="d000.s4914.t000" lemma="吸う" pos="VERB">吸っ</instance>
         <wf lemma="て" pos="X">て</wf>
         <wf lemma="ください" pos="X">ください</wf>
         <wf lemma="." pos="X">.</wf>
      </sentence>
      <sentence id="d000.s4915" source="wordnet-japanese">
         <instance id="d000.s4915.t000" lemma="建築学" pos="NOUN">建築学</instance>
         <wf lemma="と" pos="X">と</wf>
         <wf lemma="雄弁" pos="X">雄弁</wf>
         <wf lemma="術" pos="X">術</wf>
         <wf lemma="は" pos="X">は</wf>
         <wf lemma="、" pos="X">、</wf>
         <wf lemma="時" pos="X">時</wf>
         <wf lemma="に" pos="X">に</wf>
         <wf lemma="は" pos="X">は</wf>
         <wf lemma="美" pos="X">美</wf>
         <wf lemma="を" pos="X">を</wf>
         <wf lemma="、" pos="X">、</wf>
         <wf lemma="また" pos="X">また</wf>
         <wf lemma="時" pos="X">時</wf>
         <wf lemma="に" pos="X">に</wf>
         <wf lemma="は" pos="X">は</wf>
         <wf lemma="その" pos="X">その</wf>
         <wf lemma="使用" pos="X">使用</wf>
         <wf lemma="を" pos="X">を</wf>
         <wf lemma="目的" pos="X">目的</wf>
         <wf lemma="と" pos="X">と</wf>
         <wf lemma="する" pos="X">する</wf>
         <wf lemma="混合" pos="X">混合</wf>
         <wf lemma="芸術" pos="X">芸術</wf>
         <wf lemma="である" pos="X">である</wf>
         <wf lemma="." pos="X">.</wf>
      </sentence>
      <sentence id="d000.s4916" source="wordnet-japanese">
         <wf lemma="それ" pos="X">それ</wf>
         <wf lemma="が" pos="X">が</wf>
         <wf lemma="どのよう" pos="X">どのよう</wf>
         <wf lemma="に" pos="X">に</wf>
         <instance id="d000.s4916.t000" lemma="見る" pos="VERB">見る</instance>
         <wf lemma="か" pos="X">か</wf>
         <wf lemma="確か" pos="X">確か</wf>
         <wf lemma="める" pos="X">める</wf>
         <wf lemma="ため" pos="X">ため</wf>
         <wf lemma="に" pos="X">に</wf>
         <wf lemma="、" pos="X">、</wf>
         <wf lemma="この" pos="X">この</wf>
         <wf lemma="セーター" pos="X">セーター</wf>
         <wf lemma="を" pos="X">を</wf>
         <wf lemma="着" pos="X">着</wf>
         <wf lemma="て" pos="X">て</wf>
         <wf lemma="みる" pos="X">みる</wf>
         <wf lemma="." pos="X">.</wf>
      </sentence>
      <sentence id="d000.s4917" source="wordnet-japanese">
         <wf lemma="彼" pos="X">彼</wf>
         <wf lemma="の" pos="X">の</wf>
         <wf lemma="息子" pos="X">息子</wf>
         <wf lemma="は" pos="X">は</wf>
         <wf lemma="父親" pos="X">父親</wf>
         <wf lemma="の" pos="X">の</wf>
         <wf lemma="ように" pos="X">ように</wf>
         <instance id="d000.s4917.t000" lemma="成功者" pos="NOUN">成功者</instance>
         <wf lemma="に" pos="X">に</wf>
         <wf lemma="は" pos="X">は</wf>
         <wf lemma="絶対" pos="X">絶対</wf>
         <wf lemma="に" pos="X">に</wf>
         <wf lemma="なら" pos="X">なら</wf>
         <wf lemma="ない" pos="X">ない</wf>
         <wf lemma="だろ" pos="X">だろ</wf>
         <wf lemma="う" pos="X">う</wf>
         <wf lemma="." pos="X">.</wf>
      </sentence>
      <sentence id="d000.s4918" source="wordnet-japanese">
         <wf lemma="ヨーロッパ" pos="X">ヨーロッパ</wf>
         <wf lemma="の" pos="X">の</wf>
         <wf lemma="陰謀" pos="X">陰謀</wf>
         <wf lemma="による" pos="X">による</wf>
         <wf lemma="邪悪" pos="X">邪悪</wf>
         <wf lemma="な" pos="X">な</wf>
         <wf lemma="計画" pos="X">計画</wf>
         <wf lemma="に" pos="X">に</wf>
         <wf lemma="取りつか" pos="X">取りつか</wf>
         <wf lemma="れ" pos="X">れ</wf>
         <wf lemma="た" pos="X">た</wf>
         <wf lemma="利己的" pos="X">利己的</wf>
         <wf lemma="で" pos="X">で</wf>
         <instance id="d000.s4918.t000" lemma="腹黒い" pos="ADJ">腹黒い</instance>
         <wf lemma="国" pos="X">国</wf>
         <wf lemma="−" pos="X">−</wf>
         <wf lemma="W" pos="X">W</wf>
         <wf lemma="." pos="X">.</wf>
         <wf lemma="チャーチル" pos="X">チャーチル</wf>
         <wf lemma="." pos="X">.</wf>
      </sentence>
      <sentence id="d000.s4919" source="wordnet-japanese">
         <wf lemma="私" pos="X">私</wf>
         <wf lemma="の" pos="X">の</wf>
         <wf lemma="非常" pos="X">非常</wf>
         <wf lemma="に" pos="X">に</wf>
         <wf lemma="大切" pos="X">大切</wf>
         <wf lemma="な" pos="X">な</wf>
         <instance id="d000.s4919.t000" lemma="助手" pos="NOUN">助手</instance>
         <wf lemma="." pos="X">.</wf>
      </sentence>
      <sentence id="d000.s4920" source="wordnet-japanese">
         <instance id="d000.s4920.t000" lemma="巨大" pos="ADJ">巨大</instance>
         <wf lemma="な" pos="X">な</wf>
         <wf lemma="玉石" pos="X">玉石</wf>
         <wf lemma="." pos="X">.</wf>
      </sentence>
      <sentence id="d000.s4921" source="wordnet-japanese">
         <wf lemma="ロッド" pos="X">ロッド</wf>
         <wf lemma="を" pos="X">を</wf>
         <instance id="d000.s4921.t000" lemma="曲げる" pos="VERB">曲げる</instance>
         <wf lemma="." pos="X">.</wf>
      </sentence>
      <sentence id="d000.s4922" source="wordnet-japanese">
         <wf lemma="あなた" pos="X">あなた</wf>
         <wf lemma="に" pos="X">に</wf>
         <wf lemma="は" pos="X">は</wf>
         <wf lemma="関係" pos="X">関係</wf>
         <wf lemma="ない" pos="X">ない</wf>
         <instance id="d000.s4922.t000" lemma="こと" pos="NOUN">こと</instance>
         <wf lemma="だ" pos="X">だ</wf>
         <wf lemma="." pos="X">.</wf>
      </sentence>
      <sentence id="d000.s4923" source="wordnet-japanese">
         <wf lemma="タイプ" pos="X">タイプ</wf>
         <wf lemma="原稿" pos="X">原稿</wf>
         <wf lemma="に" pos="X">に</wf>
         <wf lemma="は" pos="X">は</wf>
         <wf lemma="多く" pos="X">多く</wf>
         <wf lemma="の" pos="X">の</wf>
         <instance id="d000.s4923.t000" lemma="削除" pos="NOUN">削除</instance>
         <wf lemma="個所" pos="X">個所</wf>
         <wf lemma="が" pos="X">が</wf>
         <wf lemma="あっ" pos="X">あっ</wf>
         <wf lemma="た" pos="X">た</wf>
         <wf lemma="." pos="X">.</wf>
      </sentence>
      <sentence id="d000.s4924" source="wordnet-japanese">
         <wf lemma="問題" pos="X">問題</wf>
         <wf lemma="に" pos="X">に</wf>
         <wf lemma="かかわら" pos="X">かかわら</wf>
         <wf lemma="ず" pos="X">ず</wf>
         <wf lemma="彼" pos="X">彼</wf>
         <wf lemma="は" pos="X">は</wf>
         <wf lemma="決して" pos="X">決して</wf>
         <instance id="d000.s4924.t000" lemma="希望" pos="NOUN">希望</instance>
         <wf lemma="を" pos="X">を</wf>
         <wf lemma="捨て" pos="X">捨て</wf>
         <wf lemma="なかっ" pos="X">なかっ</wf>
         <wf lemma="た" pos="X">た</wf>
         <wf lemma="." pos="X">.</wf>
      </sentence>
      <sentence id="d000.s4925" source="wordnet-japanese">
         <wf lemma="傘" pos="X">傘</wf>
         <wf lemma="を" pos="X">を</wf>
         <instance id="d000.s4925.t000" lemma="閉じる" pos="VERB">閉じ</instance>
         <wf lemma="て" pos="X">て</wf>
         <wf lemma="ください" pos="X">ください</wf>
         <wf lemma="." pos="X">.</wf>
      </sentence>
      <sentence id="d000.s4926" source="wordnet-japanese">
         <instance id="d000.s4926.t000" lemma="硬さ" pos="NOUN">硬さ</instance>
         <wf lemma="を" pos="X">を</wf>
         <wf lemma="軽減" pos="X">軽減</wf>
         <wf lemma="する" pos="X">する</wf>
         <wf lemma="ため" pos="X">ため</wf>
         <wf lemma="の" pos="X">の</wf>
         <wf lemma="コスト" pos="X">コスト</wf>
         <wf lemma="は" pos="X">は</wf>
         <wf lemma="、" pos="X">、</wf>
         <wf lemma="カルシウム" pos="X">カルシウム</wf>
         <wf lemma="の" pos="X">の</wf>
         <wf lemma="相対的" pos="X">相対的</wf>
         <wf lemma="な" pos="X">な</wf>
         <wf lemma="量" pos="X">量</wf>
         <wf lemma="と" pos="X">と</wf>
         <wf lemma="存在" pos="X">存在</wf>
         <wf lemma="する" pos="X">する</wf>
         <wf lemma="マグネシウム" pos="X">マグネシウム</wf>
         <wf lemma="化合物" pos="X">化合物</wf>
         <wf lemma="に" pos="X">に</wf>
         <wf lemma="左右" pos="X">左右</wf>
         <wf lemma="さ" pos="X">さ</wf>
         <wf lemma="れる" pos="X">れる</wf>
         <wf lemma="." pos="X">.</wf>
      </sentence>
      <sentence id="d000.s4927" source="wordnet-japanese">
         <instance id="d000.s4927.t000" lemma="余裕" pos="NOUN">余裕</instance>
         <wf lemma="の" pos="X">の</wf>
         <wf lemma="勝利" pos="X">勝利</wf>
         <wf lemma="." pos="X">.</wf>
      </sentence>
      <sentence id="d000.s4928" source="wordnet-japanese">
         <wf lemma="タリバン" pos="X">タリバン</wf>
         <wf lemma="は" pos="X">は</wf>
         <wf lemma="、" pos="X">、</wf>
         <wf lemma="すべて" pos="X">すべて</wf>
         <wf lemma="の" pos="X">の</wf>
         <wf lemma="女性" pos="X">女性</wf>
         <wf lemma="に" pos="X">に</wf>
         <instance id="d000.s4928.t000" lemma="ブルカ" pos="NOUN">ブルカ</instance>
         <wf lemma="を" pos="X">を</wf>
         <wf lemma="着る" pos="X">着る</wf>
         <wf lemma="こと" pos="X">こと</wf>
         <wf lemma="を" pos="X">を</wf>
         <wf lemma="強制" pos="X">強制</wf>
         <wf lemma="し" pos="X">し</wf>
         <wf lemma="た" pos="X">た</wf>
         <wf lemma="." pos="X">.</wf>
      </sentence>
      <sentence id="d000.s4929" source="wordnet-japanese">
         <wf lemma="どうぞ" pos="X">どうぞ</wf>
         <wf lemma="、" pos="X">、</wf>
         <wf lemma="私" pos="X">私</wf>
         <wf lemma="に" pos="X">に</wf>
         <wf lemma="エッチング" pos="X">エッチング</wf>
         <wf lemma="を" pos="X">を</wf>
         <instance id="d000.s4929.t000" lemma="見せる" pos="VERB">見せ</instance>
         <wf lemma="て" pos="X">て</wf>
         <wf lemma="ください" pos="X">ください</wf>
         <wf lemma="." pos="X">.</wf>
      </sentence>
      <sentence id="d000.s4930" source="wordnet-japanese">
         <wf lemma="その" pos="X">その</wf>
         <instance id="d000.s4930.t000" lemma="時点" pos="NOUN">時点</instance>
         <wf lemma="で" pos="X">で</wf>
         <wf lemma="発た" pos="X">発た</wf>
         <wf lemma="なければ" pos="X">なければ</wf>
         <wf lemma="なら" pos="X">なら</wf>
         <wf lemma="なかっ" pos="X">なかっ</wf>
         <wf lemma="た" pos="X">た</wf>
         <wf lemma="." pos="X">.</wf>
      </sentence>
      <sentence id="d000.s4931" source="wordnet-japanese">
         <instance id="d000.s4931.t000" lemma="予想外" pos="ADJ">予想外</instance>
         <wf lemma="の" pos="X">の</wf>
         <wf lemma="利点" pos="X">利点</wf>
         <wf lemma="." pos="X">.</wf>
      </sentence>
      <sentence id="d000.s4932" source="wordnet-japanese">
         <instance id="d000.s4932.t000" lemma="朝" pos="NOUN">朝</instance>
         <wf lemma="は" pos="X">は</wf>
         <wf lemma="使い" pos="X">使い</wf>
         <wf lemma="走り" pos="X">走り</wf>
         <wf lemma="で" pos="X">で</wf>
         <wf lemma="過ごし" pos="X">過ごし</wf>
         <wf lemma="た" pos="X">た</wf>
         <wf lemma="." pos="X">.</wf>
      </sentence>
      <sentence id="d000.s4933" source="wordnet-japanese">
         <wf lemma="考え" pos="X">考え</wf>
         <wf lemma="が" pos="X">が</wf>
         <instance id="d000.s4933.t000" lemma="豊富" pos="ADJ">豊富</instance>
         <wf lemma="な" pos="X">な</wf>
         <wf lemma="." pos="X">.</wf>
      </sentence>
      <sentence id="d000.s4934" source="wordnet-japanese">
         <wf lemma="彼" pos="X">彼</wf>
         <wf lemma="は" pos="X">は</wf>
         <wf lemma="彼ら" pos="X">彼ら</wf>
         <wf lemma="に" pos="X">に</wf>
         <wf lemma="協力" pos="X">協力</wf>
         <wf lemma="し" pos="X">し</wf>
         <wf lemma="ない" pos="X">ない</wf>
         <wf lemma="だろ" pos="X">だろ</wf>
         <wf lemma="う" pos="X">う</wf>
         <wf lemma="と" pos="X">と</wf>
         <instance id="d000.s4934.t000" lemma="さらに" pos="ADV">さらに</instance>
         <wf lemma="述べ" pos="X">述べ</wf>
         <wf lemma="た" pos="X">た</wf>
         <wf lemma="." pos="X">.</wf>
      </sentence>
      <sentence id="d000.s4935" source="wordnet-japanese">
         <wf lemma="MAOI" pos="X">MAOI</wf>
         <wf lemma="s" pos="X">s</wf>
         <wf lemma="を" pos="X">を</wf>
         <wf lemma="取っ" pos="X">取っ</wf>
         <wf lemma="て" pos="X">て</wf>
         <wf lemma="いる" pos="X">いる</wf>
         <wf lemma="患者" pos="X">患者</wf>
         <wf lemma="は" pos="X">は</wf>
         <wf lemma="、" pos="X">、</wf>
         <instance id="d000.s4935.t000" lemma="チラミン" pos="NOUN">チラミン</instance>
         <wf lemma="を" pos="X">を</wf>
         <wf lemma="含ん" pos="X">含ん</wf>
         <wf lemma="で" pos="X">で</wf>
         <wf lemma="いる" pos="X">いる</wf>
         <wf lemma="食物" pos="X">食物</wf>
         <wf lemma="を" pos="X">を</wf>
         <wf lemma="避ける" pos="X">避ける</wf>
         <wf lemma="べき" pos="X">べき</wf>
         <wf lemma="である" pos="X">である</wf>
         <wf lemma="." pos="X">.</wf>
      </sentence>
      <sentence id="d000.s4936" source="wordnet-japanese">
         <wf lemma="アル" pos="X">アル</wf>
         <wf lemma="・" pos="X">・</wf>
         <wf lemma="スミス" pos="X">スミス</wf>
         <wf lemma="は" pos="X">は</wf>
         <wf lemma="言っ" pos="X">言っ</wf>
         <wf lemma="て" pos="X">て</wf>
         <wf lemma="い" pos="X">い</wf>
         <wf lemma="た" pos="X">た</wf>
         <wf lemma="、" pos="X">、</wf>
         <wf lemma="その" pos="X">その</wf>
         <instance id="d000.s4936.t000" lemma="記録" pos="NOUN">記録</instance>
         <wf lemma="を" pos="X">を</wf>
         <wf lemma="見" pos="X">見</wf>
         <wf lemma="よう" pos="X">よう</wf>
         <wf lemma="." pos="X">.</wf>
      </sentence>
      <sentence id="d000.s4937" source="wordnet-japanese">
         <wf lemma="彼女" pos="X">彼女</wf>
         <wf lemma="は" pos="X">は</wf>
         <wf lemma="、" pos="X">、</wf>
         <wf lemma="空港" pos="X">空港</wf>
         <wf lemma="で" pos="X">で</wf>
         <instance id="d000.s4937.t000" lemma="レンタカー" pos="NOUN">レンタカー</instance>
         <wf lemma="を" pos="X">を</wf>
         <wf lemma="拾っ" pos="X">拾っ</wf>
         <wf lemma="て" pos="X">て</wf>
         <wf lemma="、" pos="X">、</wf>
         <wf lemma="ホテル" pos="X">ホテル</wf>
         <wf lemma="まで" pos="X">まで</wf>
         <wf lemma="運転" pos="X">運転</wf>
         <wf lemma="し" pos="X">し</wf>
         <wf lemma="た" pos="X">た</wf>
         <wf lemma="." pos="X">.</wf>
      </sentence>
      <sentence id="d000.s4938" source="wordnet-japanese">
         <wf lemma="性格" pos="X">性格</wf>
         <wf lemma="の" pos="X">の</wf>
         <instance id="d000.s4938.t000" lemma="厳しさ" pos="NOUN">厳しさ</instance>
         <wf lemma="." pos="X">.</wf>
      </sentence>
      <sentence id="d000.s4939" source="wordnet-japanese">
         <instance id="d000.s4939.t000" lemma="軽快" pos="ADJ">軽快</instance>
         <wf lemma="な" pos="X">な</wf>
         <wf lemma="足取り" pos="X">足取り</wf>
         <wf lemma="で" pos="X">で</wf>
         <wf lemma="歩い" pos="X">歩い</wf>
         <wf lemma="た" pos="X">た</wf>
         <wf lemma="." pos="X">.</wf>
      </sentence>
      <sentence id="d000.s4940" source="wordnet-japanese">
         <wf lemma="庭" pos="X">庭</wf>
         <wf lemma="を" pos="X">を</wf>
         <instance id="d000.s4940.t000" lemma="広げる" pos="VERB">広げ</instance>
         <wf lemma="て" pos="X">て</wf>
         <wf lemma="ください" pos="X">ください</wf>
         <wf lemma="." pos="X">.</wf>
      </sentence>
      <sentence id="d000.s4941" source="wordnet-japanese">
         <wf lemma="イングランド" pos="X">イングランド</wf>
         <wf lemma="と" pos="X">と</wf>
         <wf lemma="アメリカ" pos="X">アメリカ</wf>
         <wf lemma="の" pos="X">の</wf>
         <wf lemma="社会" pos="X">社会</wf>
         <instance id="d000.s4941.t000" lemma="組織" pos="NOUN">組織</instance>
         <wf lemma="は" pos="X">は</wf>
         <wf lemma="大きく" pos="X">大きく</wf>
         <wf lemma="異なっ" pos="X">異なっ</wf>
         <wf lemma="て" pos="X">て</wf>
         <wf lemma="いる" pos="X">いる</wf>
         <wf lemma="." pos="X">.</wf>
      </sentence>
      <sentence id="d000.s4942" source="wordnet-japanese">
         <wf lemma="心拍" pos="X">心拍</wf>
         <wf lemma="は" pos="X">は</wf>
         <wf lemma="心臓" pos="X">心臓</wf>
         <wf lemma="の" pos="X">の</wf>
         <wf lemma="調子" pos="X">調子</wf>
         <wf lemma="を" pos="X">を</wf>
         <instance id="d000.s4942.t000" lemma="反映" pos="NOUN">反映</instance>
         <wf lemma="する" pos="X">する</wf>
         <wf lemma="." pos="X">.</wf>
      </sentence>
      <sentence id="d000.s4943" source="wordnet-japanese">
         <instance id="d000.s4943.t000" lemma="ダイヤ" pos="NOUN">ダイヤ</instance>
         <wf lemma="は" pos="X">は</wf>
         <wf lemma="切り札" pos="X">切り札</wf>
         <wf lemma="だっ" pos="X">だっ</wf>
         <wf lemma="た" pos="X">た</wf>
         <wf lemma="." pos="X">.</wf>
      </sentence>
      <sentence id="d000.s4944" source="wordnet-japanese">
         <instance id="d000.s4944.t000" lemma="病理学的" pos="ADV">病理学的</instance>
         <wf lemma="に" pos="X">に</wf>
         <wf lemma="興味深い" pos="X">興味深い</wf>
         <wf lemma="結果" pos="X">結果</wf>
         <wf lemma="." pos="X">.</wf>
      </sentence>
      <sentence id="d000.s4945" source="wordnet-japanese">
         <wf lemma="夜" pos="X">夜</wf>
         <wf lemma="にかけて" pos="X">にかけて</wf>
         <instance id="d000.s4945.t000" lemma="遅い" pos="ADV">遅く</instance>
         <wf lemma="まで" pos="X">まで</wf>
         <wf lemma="話し" pos="X">話し</wf>
         <wf lemma="た" pos="X">た</wf>
         <wf lemma="." pos="X">.</wf>
      </sentence>
      <sentence id="d000.s4946" source="wordnet-japanese">
         <wf lemma="英国" pos="X">英国</wf>
         <wf lemma="の" pos="X">の</wf>
         <instance id="d000.s4946.t000" lemma="愛国主義" pos="NOUN">愛国主義</instance>
         <wf lemma="は" pos="X">は</wf>
         <wf lemma="あふれ" pos="X">あふれ</wf>
         <wf lemma="、" pos="X">、</wf>
         <wf lemma="愛国的" pos="X">愛国的</wf>
         <wf lemma="感情" pos="X">感情</wf>
         <wf lemma="が" pos="X">が</wf>
         <wf lemma="高まっ" pos="X">高まっ</wf>
         <wf lemma="た" pos="X">た</wf>
         <wf lemma="." pos="X">.</wf>
      </sentence>
      <sentence id="d000.s4947" source="wordnet-japanese">
         <wf lemma="彼" pos="X">彼</wf>
         <wf lemma="は" pos="X">は</wf>
         <instance id="d000.s4947.t000" lemma="優先的" pos="ADV">優先的</instance>
         <wf lemma="に" pos="X">に</wf>
         <wf lemma="扱わ" pos="X">扱わ</wf>
         <wf lemma="れ" pos="X">れ</wf>
         <wf lemma="た" pos="X">た</wf>
         <wf lemma="." pos="X">.</wf>
      </sentence>
      <sentence id="d000.s4948" source="wordnet-japanese">
         <wf lemma="別" pos="X">別</wf>
         <wf lemma="の" pos="X">の</wf>
         <instance id="d000.s4948.t000" lemma="例" pos="NOUN">例</instance>
         <wf lemma="は" pos="X">は</wf>
         <wf lemma="昨日" pos="X">昨日</wf>
         <wf lemma="起こっ" pos="X">起こっ</wf>
         <wf lemma="た" pos="X">た</wf>
         <wf lemma="." pos="X">.</wf>
      </sentence>
      <sentence id="d000.s4949" source="wordnet-japanese">
         <wf lemma="ロープ" pos="X">ロープ</wf>
         <wf lemma="の" pos="X">の</wf>
         <instance id="d000.s4949.t000" lemma="細さ" pos="NOUN">細さ</instance>
         <wf lemma="." pos="X">.</wf>
      </sentence>
      <sentence id="d000.s4950" source="wordnet-japanese">
         <wf lemma="買収" pos="X">買収</wf>
         <instance id="d000.s4950.t000" lemma="交渉" pos="NOUN">交渉</instance>
         <wf lemma="は" pos="X">は</wf>
         <wf lemma="数日" pos="X">数日</wf>
         <wf lemma="続い" pos="X">続い</wf>
         <wf lemma="た" pos="X">た</wf>
         <wf lemma="." pos="X">.</wf>
      </sentence>
      <sentence id="d000.s4951" source="wordnet-japanese">
         <wf lemma="価格" pos="X">価格</wf>
         <wf lemma="は" pos="X">は</wf>
         <instance id="d000.s4951.t000" lemma="変わる" pos="VERB">変わる</instance>
         <wf lemma="." pos="X">.</wf>
      </sentence>
      <sentence id="d000.s4952" source="wordnet-japanese">
         <wf lemma="我々" pos="X">我々</wf>
         <wf lemma="は" pos="X">は</wf>
         <wf lemma="、" pos="X">、</wf>
         <instance id="d000.s4952.t000" lemma="確率的" pos="ADV">確率的</instance>
         <wf lemma="に" pos="X">に</wf>
         <wf lemma="答え" pos="X">答え</wf>
         <wf lemma="を" pos="X">を</wf>
         <wf lemma="推定" pos="X">推定</wf>
         <wf lemma="し" pos="X">し</wf>
         <wf lemma="た" pos="X">た</wf>
         <wf lemma="." pos="X">.</wf>
      </sentence>
      <sentence id="d000.s4953" source="wordnet-japanese">
         <instance id="d000.s4953.t000" lemma="秘密" pos="ADJ">秘密</instance>
         <wf lemma="の" pos="X">の</wf>
         <wf lemma="メッセージ" pos="X">メッセージ</wf>
         <wf lemma="." pos="X">.</wf>
      </sentence>
      <sentence id="d000.s4954" source="wordnet-japanese">
         <instance id="d000.s4954.t000" lemma="終わり" pos="NOUN">終わり</instance>
         <wf lemma="は" pos="X">は</wf>
         <wf lemma="刺激的" pos="X">刺激的</wf>
         <wf lemma="だっ" pos="X">だっ</wf>
         <wf lemma="た" pos="X">た</wf>
         <wf lemma="." pos="X">.</wf>
      </sentence>
      <sentence id="d000.s4955" source="wordnet-japanese">
         <wf lemma="物語" pos="X">物語</wf>
         <wf lemma="が" pos="X">が</wf>
         <wf lemma="良く" pos="X">良く</wf>
         <wf lemma="なる" pos="X">なる</wf>
         <wf lemma="だけ" pos="X">だけ</wf>
         <wf lemma="である" pos="X">である</wf>
         <wf lemma="という" pos="X">という</wf>
         <instance id="d000.s4955.t000" lemma="ナイーブ" pos="ADJ">ナイーブ</instance>
         <wf lemma="な" pos="X">な</wf>
         <wf lemma="見込み" pos="X">見込み</wf>
         <wf lemma="." pos="X">.</wf>
      </sentence>
      <sentence id="d000.s4956" source="wordnet-japanese">
         <wf lemma="例えば" pos="X">例えば</wf>
         <wf lemma="、" pos="X">、</wf>
         <wf lemma="右" pos="X">右</wf>
         <wf lemma="ボタン" pos="X">ボタン</wf>
         <wf lemma="の" pos="X">の</wf>
         <instance id="d000.s4956.t000" lemma="クリック" pos="NOUN">クリック</instance>
         <wf lemma="." pos="X">.</wf>
      </sentence>
      <sentence id="d000.s4957" source="wordnet-japanese">
         <instance id="d000.s4957.t000" lemma="人文" pos="NOUN">人文</instance>
         <wf lemma="と" pos="X">と</wf>
         <wf lemma="科学" pos="X">科学</wf>
         <wf lemma="の" pos="X">の</wf>
         <wf lemma="大学" pos="X">大学</wf>
         <wf lemma="." pos="X">.</wf>
      </sentence>
      <sentence id="d000.s4958" source="wordnet-japanese">
         <wf lemma="あらゆる" pos="X">あらゆる</wf>
         <wf lemma="単語" pos="X">単語</wf>
         <wf lemma="が" pos="X">が</wf>
         <instance id="d000.s4958.t000" lemma="機能的" pos="ADJ">機能的</instance>
         <wf lemma="で" pos="X">で</wf>
         <wf lemma="ある" pos="X">ある</wf>
         <wf lemma="文体" pos="X">文体</wf>
         <wf lemma="." pos="X">.</wf>
      </sentence>
      <sentence id="d000.s4959" source="wordnet-japanese">
         <wf lemma="もみがら" pos="X">もみがら</wf>
         <wf lemma="から" pos="X">から</wf>
         <wf lemma="麦" pos="X">麦</wf>
         <wf lemma="を" pos="X">を</wf>
         <wf lemma="より" pos="X">より</wf>
         <instance id="d000.s4959.t000" lemma="分ける" pos="VERB">分ける</instance>
         <wf lemma="." pos="X">.</wf>
      </sentence>
      <sentence id="d000.s4960" source="wordnet-japanese">
         <wf lemma="幸福" pos="X">幸福</wf>
         <wf lemma="を" pos="X">を</wf>
         <instance id="d000.s4960.t000" lemma="求める" pos="VERB">求める</instance>
         <wf lemma="." pos="X">.</wf>
      </sentence>
      <sentence id="d000.s4961" source="wordnet-japanese">
         <wf lemma="彼女" pos="X">彼女</wf>
         <wf lemma="は" pos="X">は</wf>
         <wf lemma="、" pos="X">、</wf>
         <wf lemma="軽薄" pos="X">軽薄</wf>
         <wf lemma="な" pos="X">な</wf>
         <wf lemma="ふるまい" pos="X">ふるまい</wf>
         <wf lemma="で" pos="X">で</wf>
         <wf lemma="男性" pos="X">男性</wf>
         <wf lemma="を" pos="X">を</wf>
         <instance id="d000.s4961.t000" lemma="からかう" pos="VERB">からかう</instance>
         <wf lemma="." pos="X">.</wf>
      </sentence>
      <sentence id="d000.s4962" source="wordnet-japanese">
         <wf lemma="歯科医" pos="X">歯科医</wf>
         <wf lemma="は" pos="X">は</wf>
         <wf lemma="、" pos="X">、</wf>
         <wf lemma="私" pos="X">私</wf>
         <wf lemma="の" pos="X">の</wf>
         <wf lemma="歯茎" pos="X">歯茎</wf>
         <wf lemma="の" pos="X">の</wf>
         <wf lemma="下" pos="X">下</wf>
         <wf lemma="に" pos="X">に</wf>
         <wf lemma="つまっ" pos="X">つまっ</wf>
         <wf lemma="た" pos="X">た</wf>
         <wf lemma="食物" pos="X">食物</wf>
         <wf lemma="の" pos="X">の</wf>
         <wf lemma="破片" pos="X">破片</wf>
         <wf lemma="を" pos="X">を</wf>
         <instance id="d000.s4962.t000" lemma="取り除く" pos="VERB">取り除い</instance>
         <wf lemma="た" pos="X">た</wf>
         <wf lemma="." pos="X">.</wf>
      </sentence>
      <sentence id="d000.s4963" source="wordnet-japanese">
         <wf lemma="グリーンランド" pos="X">グリーンランド</wf>
         <wf lemma="の" pos="X">の</wf>
         <instance id="d000.s4963.t000" lemma="位相" pos="NOUN">位相</instance>
         <wf lemma="は" pos="X">は</wf>
         <wf lemma="氷河期" pos="X">氷河期</wf>
         <wf lemma="の" pos="X">の</wf>
         <wf lemma="氷河" pos="X">氷河</wf>
         <wf lemma="によって" pos="X">によって</wf>
         <wf lemma="形作" pos="X">形作</wf>
         <wf lemma="られ" pos="X">られ</wf>
         <wf lemma="た" pos="X">た</wf>
         <wf lemma="." pos="X">.</wf>
      </sentence>
      <sentence id="d000.s4964" source="wordnet-japanese">
         <wf lemma="ホームレス" pos="X">ホームレス</wf>
         <wf lemma="の" pos="X">の</wf>
         <wf lemma="人々" pos="X">人々</wf>
         <wf lemma="の" pos="X">の</wf>
         <wf lemma="悲惨" pos="X">悲惨</wf>
         <wf lemma="な" pos="X">な</wf>
         <instance id="d000.s4964.t000" lemma="苦境" pos="NOUN">苦境</instance>
         <wf lemma="." pos="X">.</wf>
      </sentence>
      <sentence id="d000.s4965" source="wordnet-japanese">
         <wf lemma="彼" pos="X">彼</wf>
         <wf lemma="は" pos="X">は</wf>
         <wf lemma="、" pos="X">、</wf>
         <instance id="d000.s4965.t000" lemma="挑戦" pos="NOUN">挑戦</instance>
         <wf lemma="を" pos="X">を</wf>
         <wf lemma="決し" pos="X">決し</wf>
         <wf lemma="て" pos="X">て</wf>
         <wf lemma="拒否" pos="X">拒否</wf>
         <wf lemma="する" pos="X">する</wf>
         <wf lemma="こと" pos="X">こと</wf>
         <wf lemma="が" pos="X">が</wf>
         <wf lemma="でき" pos="X">でき</wf>
         <wf lemma="なかっ" pos="X">なかっ</wf>
         <wf lemma="た" pos="X">た</wf>
         <wf lemma="." pos="X">.</wf>
      </sentence>
      <sentence id="d000.s4966" source="wordnet-japanese">
         <wf lemma="生育培地" pos="X">生育培地</wf>
         <wf lemma="は" pos="X">は</wf>
         <wf lemma="ピートモス" pos="X">ピートモス</wf>
         <wf lemma="と" pos="X">と</wf>
         <wf lemma="牛" pos="X">牛</wf>
         <wf lemma="糞" pos="X">糞</wf>
         <wf lemma="肥料" pos="X">肥料</wf>
         <wf lemma="の" pos="X">の</wf>
         <instance id="d000.s4966.t000" lemma="混合物" pos="NOUN">混合物</instance>
         <wf lemma="が" pos="X">が</wf>
         <wf lemma="ある" pos="X">ある</wf>
         <wf lemma="砂" pos="X">砂</wf>
         <wf lemma="と" pos="X">と</wf>
         <wf lemma="ローム" pos="X">ローム</wf>
         <wf lemma="の" pos="X">の</wf>
         <wf lemma="等しい" pos="X">等しい</wf>
         <wf lemma="部分" pos="X">部分</wf>
         <wf lemma="である" pos="X">である</wf>
         <wf lemma="べき" pos="X">べき</wf>
         <wf lemma="である" pos="X">である</wf>
         <wf lemma="." pos="X">.</wf>
      </sentence>
      <sentence id="d000.s4967" source="wordnet-japanese">
         <wf lemma="言語" pos="X">言語</wf>
         <wf lemma="テープ" pos="X">テープ</wf>
         <wf lemma="、" pos="X">、</wf>
         <wf lemma="ビデオカセット" pos="X">ビデオカセット</wf>
         <wf lemma="、" pos="X">、</wf>
         <wf lemma="および" pos="X">および</wf>
         <wf lemma="他の" pos="X">他の</wf>
         <instance id="d000.s4967.t000" lemma="視聴覚" pos="NOUN">視聴覚</instance>
         <wf lemma="機器" pos="X">機器</wf>
         <wf lemma="." pos="X">.</wf>
      </sentence>
      <sentence id="d000.s4968" source="wordnet-japanese">
         <wf lemma="彼" pos="X">彼</wf>
         <wf lemma="の" pos="X">の</wf>
         <wf lemma="議論" pos="X">議論</wf>
         <wf lemma="は" pos="X">は</wf>
         <wf lemma="底" pos="X">底</wf>
         <wf lemma="が" pos="X">が</wf>
         <instance id="d000.s4968.t000" lemma="浅い" pos="ADJ">浅く</instance>
         <wf lemma="て" pos="X">て</wf>
         <wf lemma="退屈" pos="X">退屈</wf>
         <wf lemma="に" pos="X">に</wf>
         <wf lemma="感じ" pos="X">感じ</wf>
         <wf lemma="られ" pos="X">られ</wf>
         <wf lemma="た" pos="X">た</wf>
         <wf lemma="." pos="X">.</wf>
      </sentence>
      <sentence id="d000.s4969" source="wordnet-japanese">
         <instance id="d000.s4969.t000" lemma="不活発" pos="ADJ">不活発</instance>
         <wf lemma="な" pos="X">な</wf>
         <wf lemma="市況" pos="X">市況</wf>
         <wf lemma="." pos="X">.</wf>
      </sentence>
      <sentence id="d000.s4970" source="wordnet-japanese">
         <wf lemma="彼女" pos="X">彼女</wf>
         <wf lemma="は" pos="X">は</wf>
         <wf lemma="バラ" pos="X">バラ</wf>
         <wf lemma="の" pos="X">の</wf>
         <instance id="d000.s4970.t000" lemma="におい" pos="NOUN">におい</instance>
         <wf lemma="が" pos="X">が</wf>
         <wf lemma="とても" pos="X">とても</wf>
         <wf lemma="好き" pos="X">好き</wf>
         <wf lemma="だっ" pos="X">だっ</wf>
         <wf lemma="た" pos="X">た</wf>
         <wf lemma="." pos="X">.</wf>
      </sentence>
      <sentence id="d000.s4971" source="wordnet-japanese">
         <instance id="d000.s4971.t000" lemma="感傷的" pos="ADJ">感傷的</instance>
         <wf lemma="な" pos="X">な</wf>
         <wf lemma="歌." pos="X">歌.</wf>
      </sentence>
      <sentence id="d000.s4972" source="wordnet-japanese">
         <wf lemma="彼" pos="X">彼</wf>
         <wf lemma="の" pos="X">の</wf>
         <wf lemma="名前" pos="X">名前</wf>
         <wf lemma="は" pos="X">は</wf>
         <instance id="d000.s4972.t000" lemma="名簿" pos="NOUN">名簿</instance>
         <wf lemma="から" pos="X">から</wf>
         <wf lemma="削除" pos="X">削除</wf>
         <wf lemma="さ" pos="X">さ</wf>
         <wf lemma="れ" pos="X">れ</wf>
         <wf lemma="た" pos="X">た</wf>
         <wf lemma="." pos="X">.</wf>
      </sentence>
      <sentence id="d000.s4973" source="wordnet-japanese">
         <instance id="d000.s4973.t000" lemma="不注意" pos="ADJ">不注意</instance>
         <wf lemma="な" pos="X">な</wf>
         <wf lemma="家政婦" pos="X">家政婦</wf>
         <wf lemma="." pos="X">.</wf>
      </sentence>
      <sentence id="d000.s4974" source="wordnet-japanese">
         <wf lemma="激しい" pos="X">激しい</wf>
         <wf lemma="運動" pos="X">運動</wf>
         <wf lemma="を" pos="X">を</wf>
         <wf lemma="し" pos="X">し</wf>
         <wf lemma="て" pos="X">て</wf>
         <instance id="d000.s4974.t000" lemma="真っ赤" pos="ADJ">真っ赤</instance>
         <wf lemma="に" pos="X">に</wf>
         <wf lemma="なっ" pos="X">なっ</wf>
         <wf lemma="た" pos="X">た</wf>
         <wf lemma="." pos="X">.</wf>
      </sentence>
      <sentence id="d000.s4975" source="wordnet-japanese">
         <instance id="d000.s4975.t000" lemma="新しい" pos="ADJ">新しい</instance>
         <wf lemma="友人" pos="X">友人</wf>
         <wf lemma="." pos="X">.</wf>
      </sentence>
      <sentence id="d000.s4976" source="wordnet-japanese">
         <wf lemma="体操" pos="X">体操</wf>
         <wf lemma="選手" pos="X">選手</wf>
         <wf lemma="と" pos="X">と</wf>
         <wf lemma="し" pos="X">し</wf>
         <wf lemma="て" pos="X">て</wf>
         <instance id="d000.s4976.t000" lemma="機敏" pos="ADJ">機敏</instance>
         <wf lemma="である" pos="X">である</wf>
         <wf lemma="." pos="X">.</wf>
      </sentence>
      <sentence id="d000.s4977" source="wordnet-japanese">
         <instance id="d000.s4977.t000" lemma="最も" pos="ADV">最も</instance>
         <wf lemma="歓迎" pos="X">歓迎</wf>
         <wf lemma="さ" pos="X">さ</wf>
         <wf lemma="れ" pos="X">れ</wf>
         <wf lemma="た" pos="X">た</wf>
         <wf lemma="救援" pos="X">救援</wf>
         <wf lemma="." pos="X">.</wf>
      </sentence>
      <sentence id="d000.s4978" source="wordnet-japanese">
         <instance id="d000.s4978.t000" lemma="健全" pos="ADJ">健全</instance>
         <wf lemma="な" pos="X">な</wf>
         <wf lemma="身体" pos="X">身体</wf>
         <wf lemma="に" pos="X">に</wf>
         <wf lemma="健全" pos="X">健全</wf>
         <wf lemma="な" pos="X">な</wf>
         <wf lemma="精神" pos="X">精神</wf>
         <wf lemma="が" pos="X">が</wf>
         <wf lemma="宿る" pos="X">宿る</wf>
         <wf lemma="." pos="X">.</wf>
      </sentence>
      <sentence id="d000.s4979" source="wordnet-japanese">
         <wf lemma="冷蔵庫" pos="X">冷蔵庫</wf>
         <wf lemma="は" pos="X">は</wf>
         <wf lemma="果物" pos="X">果物</wf>
         <wf lemma="の" pos="X">の</wf>
         <instance id="d000.s4979.t000" lemma="軟化" pos="NOUN">軟化</instance>
         <wf lemma="を" pos="X">を</wf>
         <wf lemma="遅ら" pos="X">遅ら</wf>
         <wf lemma="せる" pos="X">せる</wf>
         <wf lemma="." pos="X">.</wf>
      </sentence>
      <sentence id="d000.s4980" source="wordnet-japanese">
         <instance id="d000.s4980.t000" lemma="経験" pos="NOUN">経験</instance>
         <wf lemma="が" pos="X">が</wf>
         <wf lemma="最上" pos="X">最上</wf>
         <wf lemma="の" pos="X">の</wf>
         <wf lemma="教師" pos="X">教師</wf>
         <wf lemma="だ" pos="X">だ</wf>
         <wf lemma="." pos="X">.</wf>
      </sentence>
      <sentence id="d000.s4981" source="wordnet-japanese">
         <wf lemma="彼" pos="X">彼</wf>
         <wf lemma="の" pos="X">の</wf>
         <wf lemma="好き" pos="X">好き</wf>
         <wf lemma="な" pos="X">な</wf>
         <wf lemma="科目" pos="X">科目</wf>
         <wf lemma="は" pos="X">は</wf>
         <instance id="d000.s4981.t000" lemma="物理学" pos="NOUN">物理学</instance>
         <wf lemma="だっ" pos="X">だっ</wf>
         <wf lemma="た" pos="X">た</wf>
         <wf lemma="." pos="X">.</wf>
      </sentence>
      <sentence id="d000.s4982" source="wordnet-japanese">
         <wf lemma="外国人" pos="X">外国人</wf>
         <wf lemma="の" pos="X">の</wf>
         <wf lemma="流入" pos="X">流入</wf>
         <wf lemma="を" pos="X">を</wf>
         <instance id="d000.s4982.t000" lemma="抑える" pos="VERB">抑える</instance>
         <wf lemma="." pos="X">.</wf>
      </sentence>
      <sentence id="d000.s4983" source="wordnet-japanese">
         <wf lemma="彼" pos="X">彼</wf>
         <wf lemma="は" pos="X">は</wf>
         <instance id="d000.s4983.t000" lemma="適度" pos="ADV">適度</instance>
         <wf lemma="に" pos="X">に</wf>
         <wf lemma="飲む" pos="X">飲む</wf>
         <wf lemma="." pos="X">.</wf>
      </sentence>
      <sentence id="d000.s4984" source="wordnet-japanese">
         <wf lemma="所有者" pos="X">所有者</wf>
         <wf lemma="の" pos="X">の</wf>
         <instance id="d000.s4984.t000" lemma="刻印" pos="NOUN">刻印</instance>
         <wf lemma="が" pos="X">が</wf>
         <wf lemma="すべて" pos="X">すべて</wf>
         <wf lemma="の" pos="X">の</wf>
         <wf lemma="羊" pos="X">羊</wf>
         <wf lemma="に" pos="X">に</wf>
         <wf lemma="あっ" pos="X">あっ</wf>
         <wf lemma="た" pos="X">た</wf>
         <wf lemma="." pos="X">.</wf>
      </sentence>
      <sentence id="d000.s4985" source="wordnet-japanese">
         <wf lemma="その" pos="X">その</wf>
         <wf lemma="ピクニック" pos="X">ピクニック</wf>
         <wf lemma="は" pos="X">は</wf>
         <wf lemma="彼女" pos="X">彼女</wf>
         <wf lemma="の" pos="X">の</wf>
         <instance id="d000.s4985.t000" lemma="提案" pos="NOUN">提案</instance>
         <wf lemma="だっ" pos="X">だっ</wf>
         <wf lemma="た" pos="X">た</wf>
         <wf lemma="." pos="X">.</wf>
      </sentence>
      <sentence id="d000.s4986" source="wordnet-japanese">
         <wf lemma="いつか" pos="X">いつか</wf>
         <wf lemma="その" pos="X">その</wf>
         <wf lemma="うち" pos="X">うち</wf>
         <wf lemma="、" pos="X">、</wf>
         <wf lemma="いずれ" pos="X">いずれ</wf>
         <instance id="d000.s4986.t000" lemma="近い" pos="ADJ">近い</instance>
         <wf lemma="うち" pos="X">うち</wf>
         <wf lemma="に" pos="X">に</wf>
         <wf lemma="、" pos="X">、</wf>
         <wf lemma="近い" pos="X">近い</wf>
         <wf lemma="将来" pos="X">将来</wf>
         <wf lemma="に" pos="X">に</wf>
         <wf lemma="." pos="X">.</wf>
      </sentence>
      <sentence id="d000.s4987" source="wordnet-japanese">
         <wf lemma="医師" pos="X">医師</wf>
         <wf lemma="が" pos="X">が</wf>
         <instance id="d000.s4987.t000" lemma="糖尿病" pos="NOUN">糖尿病</instance>
         <wf lemma="と" pos="X">と</wf>
         <wf lemma="言え" pos="X">言え</wf>
         <wf lemma="ば" pos="X">ば</wf>
         <wf lemma="通常" pos="X">通常</wf>
         <wf lemma="、" pos="X">、</wf>
         <wf lemma="成人" pos="X">成人</wf>
         <wf lemma="発症" pos="X">発症</wf>
         <wf lemma="型" pos="X">型</wf>
         <wf lemma="糖尿病" pos="X">糖尿病</wf>
         <wf lemma="を" pos="X">を</wf>
         <wf lemma="さす." pos="X">さす.</wf>
      </sentence>
      <sentence id="d000.s4988" source="wordnet-japanese">
         <wf lemma="農業" pos="X">農業</wf>
         <wf lemma="で" pos="X">で</wf>
         <instance id="d000.s4988.t000" lemma="生活" pos="NOUN">生活</instance>
         <wf lemma="する" pos="X">する</wf>
         <wf lemma="の" pos="X">の</wf>
         <wf lemma="は" pos="X">は</wf>
         <wf lemma="楽" pos="X">楽</wf>
         <wf lemma="で" pos="X">で</wf>
         <wf lemma="は" pos="X">は</wf>
         <wf lemma="ない" pos="X">ない</wf>
         <wf lemma="." pos="X">.</wf>
      </sentence>
      <sentence id="d000.s4989" source="wordnet-japanese">
         <wf lemma="彼ら" pos="X">彼ら</wf>
         <wf lemma="の" pos="X">の</wf>
         <wf lemma="別れ" pos="X">別れ</wf>
         <wf lemma="は" pos="X">は</wf>
         <wf lemma="悲しい" pos="X">悲しい</wf>
         <instance id="d000.s4989.t000" lemma="場面" pos="NOUN">場面</instance>
         <wf lemma="だっ" pos="X">だっ</wf>
         <wf lemma="た" pos="X">た</wf>
         <wf lemma="." pos="X">.</wf>
      </sentence>
      <sentence id="d000.s4990" source="wordnet-japanese">
         <wf lemma="種" pos="X">種</wf>
         <wf lemma="の" pos="X">の</wf>
         <instance id="d000.s4990.t000" lemma="絶滅" pos="NOUN">絶滅</instance>
         <wf lemma="." pos="X">.</wf>
      </sentence>
      <sentence id="d000.s4991" source="wordnet-japanese">
         <instance id="d000.s4991.t000" lemma="異常" pos="ADJ">異常</instance>
         <wf lemma="な" pos="X">な</wf>
         <wf lemma="振る舞い" pos="X">振る舞い</wf>
         <wf lemma="." pos="X">.</wf>
      </sentence>
      <sentence id="d000.s4992" source="wordnet-japanese">
         <wf lemma="宝" pos="X">宝</wf>
         <wf lemma="は" pos="X">は</wf>
         <wf lemma="ここ" pos="X">ここ</wf>
         <wf lemma="から" pos="X">から</wf>
         <wf lemma="2" pos="X">2</wf>
         <wf lemma="分" pos="X">分</wf>
         <wf lemma="45" pos="X">45</wf>
         <instance id="d000.s4992.t000" lemma="秒" pos="NOUN">秒</instance>
         <wf lemma="南" pos="X">南</wf>
         <wf lemma="に" pos="X">に</wf>
         <wf lemma="ある" pos="X">ある</wf>
         <wf lemma="." pos="X">.</wf>
      </sentence>
      <sentence id="d000.s4993" source="wordnet-japanese">
         <wf lemma="彼" pos="X">彼</wf>
         <wf lemma="は" pos="X">は</wf>
         <wf lemma="わずか" pos="X">わずか</wf>
         <wf lemma="に" pos="X">に</wf>
         <wf lemma="手" pos="X">手</wf>
         <wf lemma="を" pos="X">を</wf>
         <wf lemma="右" pos="X">右</wf>
         <wf lemma="に" pos="X">に</wf>
         <instance id="d000.s4993.t000" lemma="動かす" pos="VERB">動かし</instance>
         <wf lemma="た" pos="X">た</wf>
         <wf lemma="." pos="X">.</wf>
      </sentence>
      <sentence id="d000.s4994" source="wordnet-japanese">
         <wf lemma="彼" pos="X">彼</wf>
         <wf lemma="の" pos="X">の</wf>
         <wf lemma="任務" pos="X">任務</wf>
         <wf lemma="は" pos="X">は</wf>
         <wf lemma="、" pos="X">、</wf>
         <instance id="d000.s4994.t000" lemma="不可能" pos="NOUN">不可能</instance>
         <wf lemma="に" pos="X">に</wf>
         <wf lemma="近かっ" pos="X">近かっ</wf>
         <wf lemma="た" pos="X">た</wf>
         <wf lemma="." pos="X">.</wf>
      </sentence>
      <sentence id="d000.s4995" source="wordnet-japanese">
         <wf lemma="彼" pos="X">彼</wf>
         <wf lemma="は" pos="X">は</wf>
         <wf lemma="どういう" pos="X">どういう</wf>
         <instance id="d000.s4995.t000" lemma="基準" pos="NOUN">基準</instance>
         <wf lemma="を" pos="X">を</wf>
         <wf lemma="判断" pos="X">判断</wf>
         <wf lemma="の" pos="X">の</wf>
         <wf lemma="基礎" pos="X">基礎</wf>
         <wf lemma="を" pos="X">を</wf>
         <wf lemma="おい" pos="X">おい</wf>
         <wf lemma="て" pos="X">て</wf>
         <wf lemma="いる" pos="X">いる</wf>
         <wf lemma="の" pos="X">の</wf>
         <wf lemma="だろ" pos="X">だろ</wf>
         <wf lemma="う" pos="X">う</wf>
         <wf lemma="か" pos="X">か</wf>
         <wf lemma="." pos="X">.</wf>
      </sentence>
      <sentence id="d000.s4996" source="wordnet-japanese">
         <instance id="d000.s4996.t000" lemma="閃光" pos="NOUN">閃光</instance>
         <wf lemma="に" pos="X">に</wf>
         <wf lemma="走る" pos="X">走る</wf>
         <wf lemma="痛み" pos="X">痛み</wf>
         <wf lemma="は" pos="X">は</wf>
         <wf lemma="前触れ" pos="X">前触れ</wf>
         <wf lemma="だっ" pos="X">だっ</wf>
         <wf lemma="た" pos="X">た</wf>
         <wf lemma="." pos="X">.</wf>
      </sentence>
      <sentence id="d000.s4997" source="wordnet-japanese">
         <wf lemma="ロンドン" pos="X">ロンドン</wf>
         <wf lemma="が" pos="X">が</wf>
         <wf lemma="衝撃" pos="X">衝撃</wf>
         <wf lemma="を" pos="X">を</wf>
         <wf lemma="うけ" pos="X">うけ</wf>
         <wf lemma="た" pos="X">た</wf>
         <wf lemma="ような" pos="X">ような</wf>
         <instance id="d000.s4997.t000" lemma="恐ろしい" pos="ADJ">恐ろしい</instance>
         <wf lemma="履歴" pos="X">履歴</wf>
         <wf lemma="または" pos="X">または</wf>
         <wf lemma="復讐" pos="X">復讐</wf>
         <wf lemma="." pos="X">.</wf>
      </sentence>
      <sentence id="d000.s4998" source="wordnet-japanese">
         <wf lemma="ダイヤモンド" pos="X">ダイヤモンド</wf>
         <wf lemma="の" pos="X">の</wf>
         <instance id="d000.s4998.t000" lemma="探索" pos="NOUN">探索</instance>
         <wf lemma="." pos="X">.</wf>
      </sentence>
      <sentence id="d000.s4999" source="wordnet-japanese">
         <instance id="d000.s4999.t000" lemma="冗長" pos="ADJ">冗長</instance>
         <wf lemma="な" pos="X">な</wf>
         <wf lemma="歴史" pos="X">歴史</wf>
         <wf lemma="小説" pos="X">小説</wf>
         <wf lemma="." pos="X">.</wf>
      </sentence>
      <sentence id="d000.s5000" source="wordnet-japanese">
         <wf lemma="のがし" pos="X">のがし</wf>
         <wf lemma="た" pos="X">た</wf>
         <wf lemma="好機" pos="X">好機</wf>
         <wf lemma="の" pos="X">の</wf>
         <instance id="d000.s5000.t000" lemma="浪費" pos="NOUN">浪費</instance>
         <wf lemma="性" pos="X">性</wf>
         <wf lemma="." pos="X">.</wf>
      </sentence>
      <sentence id="d000.s5001" source="wordnet-japanese">
         <wf lemma="私" pos="X">私</wf>
         <wf lemma="は" pos="X">は</wf>
         <wf lemma="彼ら" pos="X">彼ら</wf>
         <wf lemma="に" pos="X">に</wf>
         <wf lemma="フランス語" pos="X">フランス語</wf>
         <wf lemma="を" pos="X">を</wf>
         <instance id="d000.s5001.t000" lemma="教える" pos="VERB">教え</instance>
         <wf lemma="た" pos="X">た</wf>
         <wf lemma="." pos="X">.</wf>
      </sentence>
      <sentence id="d000.s5002" source="wordnet-japanese">
         <wf lemma="彼" pos="X">彼</wf>
         <wf lemma="は" pos="X">は</wf>
         <wf lemma="よい" pos="X">よい</wf>
         <instance id="d000.s5002.t000" lemma="印象" pos="NOUN">印象</instance>
         <wf lemma="を" pos="X">を</wf>
         <wf lemma="与え" pos="X">与え</wf>
         <wf lemma="た" pos="X">た</wf>
         <wf lemma="." pos="X">.</wf>
      </sentence>
      <sentence id="d000.s5003" source="wordnet-japanese">
         <instance id="d000.s5003.t000" lemma="守衛" pos="NOUN">守衛</instance>
         <wf lemma="は" pos="X">は</wf>
         <wf lemma="阻止" pos="X">阻止</wf>
         <wf lemma="する" pos="X">する</wf>
         <wf lemma="こと" pos="X">こと</wf>
         <wf lemma="が" pos="X">が</wf>
         <wf lemma="うまく" pos="X">うまく</wf>
         <wf lemma="なければ" pos="X">なければ</wf>
         <wf lemma="なら" pos="X">なら</wf>
         <wf lemma="ない" pos="X">ない</wf>
         <wf lemma="." pos="X">.</wf>
      </sentence>
      <sentence id="d000.s5004" source="wordnet-japanese">
         <instance id="d000.s5004.t000" lemma="黒い" pos="ADJ">黒い</instance>
         <wf lemma="月" pos="X">月</wf>
         <wf lemma="の" pos="X">の</wf>
         <wf lemma="ない" pos="X">ない</wf>
         <wf lemma="夜" pos="X">夜</wf>
         <wf lemma="." pos="X">.</wf>
      </sentence>
      <sentence id="d000.s5005" source="wordnet-japanese">
         <wf lemma="彼" pos="X">彼</wf>
         <wf lemma="は" pos="X">は</wf>
         <instance id="d000.s5005.t000" lemma="ハンドル" pos="NOUN">ハンドル</instance>
         <wf lemma="によって" pos="X">によって</wf>
         <wf lemma="ハンマー" pos="X">ハンマー</wf>
         <wf lemma="を" pos="X">を</wf>
         <wf lemma="つかん" pos="X">つかん</wf>
         <wf lemma="だ" pos="X">だ</wf>
         <wf lemma="." pos="X">.</wf>
      </sentence>
      <sentence id="d000.s5006" source="wordnet-japanese">
         <wf lemma="過激派" pos="X">過激派</wf>
         <wf lemma="は" pos="X">は</wf>
         <wf lemma="その" pos="X">その</wf>
         <wf lemma="国" pos="X">国</wf>
         <wf lemma="を" pos="X">を</wf>
         <wf lemma="掌握" pos="X">掌握</wf>
         <wf lemma="する" pos="X">する</wf>
         <wf lemma="ため" pos="X">ため</wf>
         <wf lemma="に" pos="X">に</wf>
         <instance id="d000.s5006.t000" lemma="戦う" pos="VERB">戦っ</instance>
         <wf lemma="た" pos="X">た</wf>
         <wf lemma="." pos="X">.</wf>
      </sentence>
      <sentence id="d000.s5007" source="wordnet-japanese">
         <instance id="d000.s5007.t000" lemma="軽快" pos="ADJ">軽快</instance>
         <wf lemma="な" pos="X">な</wf>
         <wf lemma="歌" pos="X">歌</wf>
         <wf lemma="の" pos="X">の</wf>
         <wf lemma="小節" pos="X">小節</wf>
         <wf lemma="." pos="X">.</wf>
      </sentence>
      <sentence id="d000.s5008" source="wordnet-japanese">
         <wf lemma="彼" pos="X">彼</wf>
         <wf lemma="の" pos="X">の</wf>
         <wf lemma="発作" pos="X">発作</wf>
         <wf lemma="の" pos="X">の</wf>
         <instance id="d000.s5008.t000" lemma="頻度" pos="NOUN">頻度</instance>
         <wf lemma="は" pos="X">は</wf>
         <wf lemma="歳" pos="X">歳</wf>
         <wf lemma="を" pos="X">を</wf>
         <wf lemma="とる" pos="X">とる</wf>
         <wf lemma="とともに" pos="X">とともに</wf>
         <wf lemma="増大" pos="X">増大</wf>
         <wf lemma="し" pos="X">し</wf>
         <wf lemma="た" pos="X">た</wf>
         <wf lemma="." pos="X">.</wf>
      </sentence>
      <sentence id="d000.s5009" source="wordnet-japanese">
         <wf lemma="風" pos="X">風</wf>
         <wf lemma="は" pos="X">は</wf>
         <wf lemma="西" pos="X">西</wf>
         <wf lemma="から" pos="X">から</wf>
         <instance id="d000.s5009.t000" lemma="吹く" pos="VERB">吹い</instance>
         <wf lemma="た" pos="X">た</wf>
         <wf lemma="." pos="X">.</wf>
      </sentence>
      <sentence id="d000.s5010" source="wordnet-japanese">
         <instance id="d000.s5010.t000" lemma="小さい" pos="ADJ">小さい</instance>
         <wf lemma="男性" pos="X">男性</wf>
         <wf lemma="." pos="X">.</wf>
      </sentence>
      <sentence id="d000.s5011" source="wordnet-japanese">
         <wf lemma="夫" pos="X">夫</wf>
         <wf lemma="と" pos="X">と</wf>
         <wf lemma="妻" pos="X">妻</wf>
         <wf lemma="の" pos="X">の</wf>
         <instance id="d000.s5011.t000" lemma="深い" pos="ADJ">深い</instance>
         <wf lemma="（" pos="X">（</wf>
         <wf lemma="また" pos="X">また</wf>
         <wf lemma="は" pos="X">は</wf>
         <wf lemma="性的" pos="X">性的</wf>
         <wf lemma="な" pos="X">な</wf>
         <wf lemma="）" pos="X">）</wf>
         <wf lemma="関係" pos="X">関係</wf>
         <wf lemma="." pos="X">.</wf>
      </sentence>
      <sentence id="d000.s5012" source="wordnet-japanese">
         <wf lemma="シェークスピア" pos="X">シェークスピア</wf>
         <wf lemma="は" pos="X">は</wf>
         <instance id="d000.s5012.t000" lemma="不死" pos="NOUN">不死</instance>
         <wf lemma="の" pos="X">の</wf>
         <wf lemma="人" pos="X">人</wf>
         <wf lemma="の" pos="X">の</wf>
         <wf lemma="うち" pos="X">うち</wf>
         <wf lemma="の" pos="X">の</wf>
         <wf lemma="1" pos="X">1</wf>
         <wf lemma="人" pos="X">人</wf>
         <wf lemma="である" pos="X">である</wf>
         <wf lemma="." pos="X">.</wf>
      </sentence>
      <sentence id="d000.s5013" source="wordnet-japanese">
         <wf lemma="神" pos="X">神</wf>
         <wf lemma="の" pos="X">の</wf>
         <instance id="d000.s5013.t000" lemma="無限" pos="ADJ">無限</instance>
         <wf lemma="の" pos="X">の</wf>
         <wf lemma="知恵" pos="X">知恵</wf>
         <wf lemma="." pos="X">.</wf>
      </sentence>
      <sentence id="d000.s5014" source="wordnet-japanese">
         <wf lemma="闘い" pos="X">闘い</wf>
         <wf lemma="の" pos="X">の</wf>
         <instance id="d000.s5014.t000" lemma="地獄" pos="NOUN">地獄</instance>
         <wf lemma="." pos="X">.</wf>
      </sentence>
      <sentence id="d000.s5015" source="wordnet-japanese">
         <wf lemma="コンピュータ" pos="X">コンピュータ</wf>
         <wf lemma="は" pos="X">は</wf>
         <wf lemma="、" pos="X">、</wf>
         <wf lemma="完全" pos="X">完全</wf>
         <wf lemma="に" pos="X">に</wf>
         <instance id="d000.s5015.t000" lemma="新しい" pos="ADJ">新しい</instance>
         <wf lemma="有名" pos="X">有名</wf>
         <wf lemma="な" pos="X">な</wf>
         <wf lemma="定理" pos="X">定理</wf>
         <wf lemma="の" pos="X">の</wf>
         <wf lemma="証明" pos="X">証明</wf>
         <wf lemma="を" pos="X">を</wf>
         <wf lemma="生ん" pos="X">生ん</wf>
         <wf lemma="だ" pos="X">だ</wf>
         <wf lemma="." pos="X">.</wf>
      </sentence>
      <sentence id="d000.s5016" source="wordnet-japanese">
         <instance id="d000.s5016.t000" lemma="大まか" pos="ADJ">大まか</instance>
         <wf lemma="な" pos="X">な</wf>
         <wf lemma="規則" pos="X">規則</wf>
         <wf lemma="." pos="X">.</wf>
      </sentence>
      <sentence id="d000.s5017" source="wordnet-japanese">
         <wf lemma="国連" pos="X">国連</wf>
         <wf lemma="に" pos="X">に</wf>
         <wf lemma="は" pos="X">は</wf>
         <wf lemma="、" pos="X">、</wf>
         <wf lemma="無関係" pos="X">無関係</wf>
         <wf lemma="な" pos="X">な</wf>
         <wf lemma="問題" pos="X">問題</wf>
         <wf lemma="によって" pos="X">によって</wf>
         <wf lemma="妨げ" pos="X">妨げ</wf>
         <wf lemma="られる" pos="X">られる</wf>
         <wf lemma="こと" pos="X">こと</wf>
         <wf lemma="なく" pos="X">なく</wf>
         <wf lemma="、" pos="X">、</wf>
         <instance id="d000.s5017.t000" lemma="行動" pos="NOUN">行動</instance>
         <wf lemma="を" pos="X">を</wf>
         <wf lemma="提案" pos="X">提案</wf>
         <wf lemma="し" pos="X">し</wf>
         <wf lemma="て" pos="X">て</wf>
         <wf lemma="、" pos="X">、</wf>
         <wf lemma="組織" pos="X">組織</wf>
         <wf lemma="する" pos="X">する</wf>
         <wf lemma="力" pos="X">力</wf>
         <wf lemma="が" pos="X">が</wf>
         <wf lemma="なければ" pos="X">なければ</wf>
         <wf lemma="なら" pos="X">なら</wf>
         <wf lemma="ない" pos="X">ない</wf>
         <wf lemma="." pos="X">.</wf>
      </sentence>
      <sentence id="d000.s5018" source="wordnet-japanese">
         <wf lemma="世界" pos="X">世界</wf>
         <wf lemma="中" pos="X">中</wf>
         <wf lemma="の" pos="X">の</wf>
         <wf lemma="人" pos="X">人</wf>
         <wf lemma="は" pos="X">は</wf>
         <wf lemma="、" pos="X">、</wf>
         <instance id="d000.s5018.t000" lemma="明るい" pos="ADJ">明るく</instance>
         <wf lemma="陽気" pos="X">陽気</wf>
         <wf lemma="に" pos="X">に</wf>
         <wf lemma="見える" pos="X">見える</wf>
         <wf lemma="." pos="X">.</wf>
      </sentence>
      <sentence id="d000.s5019" source="wordnet-japanese">
         <wf lemma="疾患" pos="X">疾患</wf>
         <wf lemma="が" pos="X">が</wf>
         <wf lemma="はびこる" pos="X">はびこる</wf>
         <instance id="d000.s5019.t000" lemma="危険" pos="NOUN">危険</instance>
         <wf lemma="が" pos="X">が</wf>
         <wf lemma="あっ" pos="X">あっ</wf>
         <wf lemma="た" pos="X">た</wf>
         <wf lemma="." pos="X">.</wf>
      </sentence>
      <sentence id="d000.s5020" source="wordnet-japanese">
         <instance id="d000.s5020.t000" lemma="結核性" pos="ADJ">結核性</instance>
         <wf lemma="の" pos="X">の</wf>
         <wf lemma="髄膜炎" pos="X">髄膜炎</wf>
         <wf lemma="." pos="X">.</wf>
      </sentence>
      <sentence id="d000.s5021" source="wordnet-japanese">
         <wf lemma="すべて" pos="X">すべて</wf>
         <wf lemma="の" pos="X">の</wf>
         <wf lemma="報告" pos="X">報告</wf>
         <wf lemma="は" pos="X">は</wf>
         <instance id="d000.s5021.t000" lemma="公" pos="NOUN">公</instance>
         <wf lemma="に" pos="X">に</wf>
         <wf lemma="知ら" pos="X">知ら</wf>
         <wf lemma="れ" pos="X">れ</wf>
         <wf lemma="た" pos="X">た</wf>
         <wf lemma="." pos="X">.</wf>
      </sentence>
      <sentence id="d000.s5022" source="wordnet-japanese">
         <wf lemma="彼女" pos="X">彼女</wf>
         <wf lemma="は" pos="X">は</wf>
         <wf lemma="彼" pos="X">彼</wf>
         <wf lemma="の" pos="X">の</wf>
         <wf lemma="軽蔑" pos="X">軽蔑</wf>
         <wf lemma="を" pos="X">を</wf>
         <instance id="d000.s5022.t000" lemma="感じる" pos="VERB">感じ</instance>
         <wf lemma="た" pos="X">た</wf>
         <wf lemma="." pos="X">.</wf>
      </sentence>
      <sentence id="d000.s5023" source="wordnet-japanese">
         <wf lemma="彼女" pos="X">彼女</wf>
         <wf lemma="は" pos="X">は</wf>
         <wf lemma="、" pos="X">、</wf>
         <wf lemma="彼" pos="X">彼</wf>
         <wf lemma="に" pos="X">に</wf>
         <wf lemma="買い物" pos="X">買い物</wf>
         <wf lemma="を" pos="X">を</wf>
         <wf lemma="する" pos="X">する</wf>
         <wf lemma="よう" pos="X">よう</wf>
         <instance id="d000.s5023.t000" lemma="命じる" pos="VERB">命じ</instance>
         <wf lemma="た" pos="X">た</wf>
         <wf lemma="." pos="X">.</wf>
      </sentence>
      <sentence id="d000.s5024" source="wordnet-japanese">
         <wf lemma="彼" pos="X">彼</wf>
         <wf lemma="は" pos="X">は</wf>
         <wf lemma="すばらしい" pos="X">すばらしい</wf>
         <wf lemma="父親" pos="X">父親</wf>
         <wf lemma="に" pos="X">に</wf>
         <instance id="d000.s5024.t000" lemma="なる" pos="VERB">なる</instance>
         <wf lemma="だろ" pos="X">だろ</wf>
         <wf lemma="う" pos="X">う</wf>
         <wf lemma="." pos="X">.</wf>
      </sentence>
      <sentence id="d000.s5025" source="wordnet-japanese">
         <wf lemma="外洋" pos="X">外洋</wf>
         <wf lemma="へ" pos="X">へ</wf>
         <wf lemma="の" pos="X">の</wf>
         <instance id="d000.s5025.t000" lemma="航海" pos="NOUN">航海</instance>
         <wf lemma="は" pos="X">は</wf>
         <wf lemma="10" pos="X">10</wf>
         <wf lemma="日間" pos="X">日間</wf>
         <wf lemma="かかっ" pos="X">かかっ</wf>
         <wf lemma="た" pos="X">た</wf>
         <wf lemma="." pos="X">.</wf>
      </sentence>
      <sentence id="d000.s5026" source="wordnet-japanese">
         <wf lemma="この" pos="X">この</wf>
         <wf lemma="食物" pos="X">食物</wf>
         <wf lemma="は" pos="X">は</wf>
         <instance id="d000.s5026.t000" lemma="有機的" pos="ADV">有機的</instance>
         <wf lemma="に" pos="X">に</wf>
         <wf lemma="栽培" pos="X">栽培</wf>
         <wf lemma="さ" pos="X">さ</wf>
         <wf lemma="れる" pos="X">れる</wf>
         <wf lemma="." pos="X">.</wf>
      </sentence>
      <sentence id="d000.s5027" source="wordnet-japanese">
         <wf lemma="彼ら" pos="X">彼ら</wf>
         <wf lemma="は" pos="X">は</wf>
         <instance id="d000.s5027.t000" lemma="強制" pos="NOUN">強制</instance>
         <wf lemma="する" pos="X">する</wf>
         <wf lemma="必要" pos="X">必要</wf>
         <wf lemma="は" pos="X">は</wf>
         <wf lemma="なかっ" pos="X">なかっ</wf>
         <wf lemma="た" pos="X">た</wf>
         <wf lemma="." pos="X">.</wf>
      </sentence>
      <sentence id="d000.s5028" source="wordnet-japanese">
         <wf lemma="よく" pos="X">よく</wf>
         <wf lemma="宣伝" pos="X">宣伝</wf>
         <wf lemma="さ" pos="X">さ</wf>
         <wf lemma="れ" pos="X">れ</wf>
         <wf lemma="た" pos="X">た</wf>
         <instance id="d000.s5028.t000" lemma="参入品" pos="NOUN">参入品</instance>
         <wf lemma="は" pos="X">は</wf>
         <wf lemma="ポケット" pos="X">ポケット</wf>
         <wf lemma="コンピュータ" pos="X">コンピュータ</wf>
         <wf lemma="だ" pos="X">だ</wf>
         <wf lemma="." pos="X">.</wf>
      </sentence>
      <sentence id="d000.s5029" source="wordnet-japanese">
         <wf lemma="ガス" pos="X">ガス</wf>
         <wf lemma="の" pos="X">の</wf>
         <wf lemma="冷却" pos="X">冷却</wf>
         <instance id="d000.s5029.t000" lemma="収縮" pos="NOUN">収縮</instance>
         <wf lemma="." pos="X">.</wf>
      </sentence>
      <sentence id="d000.s5030" source="wordnet-japanese">
         <wf lemma="定常" pos="X">定常</wf>
         <wf lemma="状態" pos="X">状態</wf>
         <wf lemma="に決して" pos="X">に決して</wf>
         <wf lemma="到達" pos="X">到達</wf>
         <wf lemma="し" pos="X">し</wf>
         <wf lemma="なかっ" pos="X">なかっ</wf>
         <wf lemma="た" pos="X">た</wf>
         <instance id="d000.s5030.t000" lemma="理由" pos="NOUN">理由</instance>
         <wf lemma="は" pos="X">は</wf>
         <wf lemma="、" pos="X">、</wf>
         <wf lemma="背圧" pos="X">背圧</wf>
         <wf lemma="が" pos="X">が</wf>
         <wf lemma="あまり" pos="X">あまり</wf>
         <wf lemma="に" pos="X">に</wf>
         <wf lemma="ゆっくり" pos="X">ゆっくり</wf>
         <wf lemma="積み重なっ" pos="X">積み重なっ</wf>
         <wf lemma="た" pos="X">た</wf>
         <wf lemma="から" pos="X">から</wf>
         <wf lemma="であっ" pos="X">であっ</wf>
         <wf lemma="た" pos="X">た</wf>
         <wf lemma="." pos="X">.</wf>
      </sentence>
      <sentence id="d000.s5031" source="wordnet-japanese">
         <instance id="d000.s5031.t000" lemma="不安定" pos="ADJ">不安定</instance>
         <wf lemma="な" pos="X">な</wf>
         <wf lemma="精神" pos="X">精神</wf>
         <wf lemma="状態" pos="X">状態</wf>
         <wf lemma="." pos="X">.</wf>
      </sentence>
      <sentence id="d000.s5032" source="wordnet-japanese">
         <wf lemma="その" pos="X">その</wf>
         <wf lemma="提案" pos="X">提案</wf>
         <wf lemma="は" pos="X">は</wf>
         <wf lemma="大変" pos="X">大変</wf>
         <wf lemma="な" pos="X">な</wf>
         <instance id="d000.s5032.t000" lemma="大胆さ" pos="NOUN">大胆さ</instance>
         <wf lemma="を" pos="X">を</wf>
         <wf lemma="必要" pos="X">必要</wf>
         <wf lemma="と" pos="X">と</wf>
         <wf lemma="し" pos="X">し</wf>
         <wf lemma="た" pos="X">た</wf>
         <wf lemma="." pos="X">.</wf>
      </sentence>
      <sentence id="d000.s5033" source="wordnet-japanese">
         <wf lemma="彼" pos="X">彼</wf>
         <wf lemma="は" pos="X">は</wf>
         <wf lemma="、" pos="X">、</wf>
         <instance id="d000.s5033.t000" lemma="漏出" pos="NOUN">漏出</instance>
         <wf lemma="を" pos="X">を</wf>
         <wf lemma="きれい" pos="X">きれい</wf>
         <wf lemma="に" pos="X">に</wf>
         <wf lemma="し" pos="X">し</wf>
         <wf lemma="なければ" pos="X">なければ</wf>
         <wf lemma="なら" pos="X">なら</wf>
         <wf lemma="なかっ" pos="X">なかっ</wf>
         <wf lemma="た" pos="X">た</wf>
         <wf lemma="." pos="X">.</wf>
      </sentence>
      <sentence id="d000.s5034" source="wordnet-japanese">
         <instance id="d000.s5034.t000" lemma="広い" pos="ADJ">広い</instance>
         <wf lemma="肩幅" pos="X">肩幅</wf>
         <wf lemma="." pos="X">.</wf>
      </sentence>
      <sentence id="d000.s5035" source="wordnet-japanese">
         <wf lemma="大きく" pos="X">大きく</wf>
         <instance id="d000.s5035.t000" lemma="考える" pos="VERB">考える</instance>
         <wf lemma="." pos="X">.</wf>
      </sentence>
      <sentence id="d000.s5036" source="wordnet-japanese">
         <wf lemma="授業" pos="X">授業</wf>
         <wf lemma="の" pos="X">の</wf>
         <wf lemma="時間" pos="X">時間</wf>
         <wf lemma="を" pos="X">を</wf>
         <instance id="d000.s5036.t000" lemma="調べる" pos="VERB">調べる</instance>
         <wf lemma="." pos="X">.</wf>
      </sentence>
      <sentence id="d000.s5037" source="wordnet-japanese">
         <wf lemma="紙" pos="X">紙</wf>
         <wf lemma="を" pos="X">を</wf>
         <wf lemma="テーブル" pos="X">テーブル</wf>
         <wf lemma="の" pos="X">の</wf>
         <wf lemma="上" pos="X">上</wf>
         <wf lemma="に" pos="X">に</wf>
         <instance id="d000.s5037.t000" lemma="並べる" pos="VERB">並べる</instance>
         <wf lemma="." pos="X">.</wf>
      </sentence>
      <sentence id="d000.s5038" source="wordnet-japanese">
         <instance id="d000.s5038.t000" lemma="活発" pos="ADJ">活発</instance>
         <wf lemma="な" pos="X">な</wf>
         <wf lemma="男性" pos="X">男性</wf>
         <wf lemma="は" pos="X">は</wf>
         <wf lemma="、" pos="X">、</wf>
         <wf lemma="行動家" pos="X">行動家</wf>
         <wf lemma="である" pos="X">である</wf>
         <wf lemma="." pos="X">.</wf>
      </sentence>
      <sentence id="d000.s5039" source="wordnet-japanese">
         <wf lemma="人類学" pos="X">人類学</wf>
         <wf lemma="の" pos="X">の</wf>
         <wf lemma="人文科学" pos="X">人文科学</wf>
         <wf lemma="と" pos="X">と</wf>
         <wf lemma="の" pos="X">の</wf>
         <instance id="d000.s5039.t000" lemma="類似" pos="NOUN">類似</instance>
         <wf lemma="." pos="X">.</wf>
      </sentence>
      <sentence id="d000.s5040" source="wordnet-japanese">
         <wf lemma="彼" pos="X">彼</wf>
         <wf lemma="は" pos="X">は</wf>
         <instance id="d000.s5040.t000" lemma="害虫" pos="NOUN">害虫</instance>
         <wf lemma="が" pos="X">が</wf>
         <wf lemma="ない" pos="X">ない</wf>
         <wf lemma="かどうか" pos="X">かどうか</wf>
         <wf lemma="子供" pos="X">子供</wf>
         <wf lemma="の" pos="X">の</wf>
         <wf lemma="頭" pos="X">頭</wf>
         <wf lemma="を" pos="X">を</wf>
         <wf lemma="調べ" pos="X">調べ</wf>
         <wf lemma="た" pos="X">た</wf>
         <wf lemma="." pos="X">.</wf>
      </sentence>
      <sentence id="d000.s5041" source="wordnet-japanese">
         <wf lemma="月" pos="X">月</wf>
         <wf lemma="の" pos="X">の</wf>
         <instance id="d000.s5041.t000" lemma="引力" pos="NOUN">引力</instance>
         <wf lemma="." pos="X">.</wf>
      </sentence>
      <sentence id="d000.s5042" source="wordnet-japanese">
         <instance id="d000.s5042.t000" lemma="全く" pos="ADV">全く</instance>
         <wf lemma="新しい" pos="X">新しい</wf>
         <wf lemma="アプローチ" pos="X">アプローチ</wf>
         <wf lemma="." pos="X">.</wf>
      </sentence>
      <sentence id="d000.s5043" source="wordnet-japanese">
         <wf lemma="彼" pos="X">彼</wf>
         <wf lemma="は" pos="X">は</wf>
         <wf lemma="自分" pos="X">自分</wf>
         <wf lemma="の" pos="X">の</wf>
         <wf lemma="証言" pos="X">証言</wf>
         <wf lemma="を" pos="X">を</wf>
         <instance id="d000.s5043.t000" lemma="再生" pos="NOUN">再生</instance>
         <wf lemma="し" pos="X">し</wf>
         <wf lemma="て" pos="X">て</wf>
         <wf lemma="聞く" pos="X">聞く</wf>
         <wf lemma="こと" pos="X">こと</wf>
         <wf lemma="を" pos="X">を</wf>
         <wf lemma="許さ" pos="X">許さ</wf>
         <wf lemma="れ" pos="X">れ</wf>
         <wf lemma="た" pos="X">た</wf>
         <wf lemma="." pos="X">.</wf>
      </sentence>
      <sentence id="d000.s5044" source="wordnet-japanese">
         <wf lemma="最初" pos="X">最初</wf>
         <wf lemma="の" pos="X">の</wf>
         <instance id="d000.s5044.t000" lemma="クオーター" pos="NOUN">クオーター</instance>
         <wf lemma="で" pos="X">で</wf>
         <wf lemma="、" pos="X">、</wf>
         <wf lemma="両方" pos="X">両方</wf>
         <wf lemma="の" pos="X">の</wf>
         <wf lemma="チーム" pos="X">チーム</wf>
         <wf lemma="が" pos="X">が</wf>
         <wf lemma="得点" pos="X">得点</wf>
         <wf lemma="を" pos="X">を</wf>
         <wf lemma="入れ" pos="X">入れ</wf>
         <wf lemma="た" pos="X">た</wf>
         <wf lemma="." pos="X">.</wf>
      </sentence>
      <sentence id="d000.s5045" source="wordnet-japanese">
         <wf lemma="彼" pos="X">彼</wf>
         <wf lemma="は" pos="X">は</wf>
         <wf lemma="何回" pos="X">何回</wf>
         <wf lemma="も" pos="X">も</wf>
         <wf lemma="愛人" pos="X">愛人</wf>
         <wf lemma="の" pos="X">の</wf>
         <wf lemma="絵" pos="X">絵</wf>
         <wf lemma="を" pos="X">を</wf>
         <instance id="d000.s5045.t000" lemma="描く" pos="VERB">描い</instance>
         <wf lemma="た" pos="X">た</wf>
         <wf lemma="." pos="X">.</wf>
      </sentence>
      <sentence id="d000.s5046" source="wordnet-japanese">
         <wf lemma="彼" pos="X">彼</wf>
         <wf lemma="は" pos="X">は</wf>
         <wf lemma="いつも" pos="X">いつも</wf>
         <wf lemma="彼女" pos="X">彼女</wf>
         <wf lemma="の" pos="X">の</wf>
         <wf lemma="出発日" pos="X">出発日</wf>
         <wf lemma="の" pos="X">の</wf>
         <instance id="d000.s5046.t000" lemma="前日" pos="NOUN">前日</instance>
         <wf lemma="に" pos="X">に</wf>
         <wf lemma="着く" pos="X">着く</wf>
         <wf lemma="." pos="X">.</wf>
      </sentence>
      <sentence id="d000.s5047" source="wordnet-japanese">
         <instance id="d000.s5047.t000" lemma="根深い" pos="ADJ">根深い</instance>
         <wf lemma="意見" pos="X">意見</wf>
         <wf lemma="の" pos="X">の</wf>
         <wf lemma="相違" pos="X">相違</wf>
         <wf lemma="." pos="X">.</wf>
      </sentence>
      <sentence id="d000.s5048" source="wordnet-japanese">
         <wf lemma="彼" pos="X">彼</wf>
         <wf lemma="の" pos="X">の</wf>
         <wf lemma="声" pos="X">声</wf>
         <wf lemma="は" pos="X">は</wf>
         <wf lemma="悲しい" pos="X">悲しい</wf>
         <wf lemma="トーン" pos="X">トーン</wf>
         <wf lemma="を" pos="X">を</wf>
         <instance id="d000.s5048.t000" lemma="帯びる" pos="VERB">帯び</instance>
         <wf lemma="て" pos="X">て</wf>
         <wf lemma="い" pos="X">い</wf>
         <wf lemma="た" pos="X">た</wf>
         <wf lemma="." pos="X">.</wf>
      </sentence>
      <sentence id="d000.s5049" source="wordnet-japanese">
         <instance id="d000.s5049.t000" lemma="優しい" pos="ADJ">優しい</instance>
         <wf lemma="微笑" pos="X">微笑</wf>
         <wf lemma="." pos="X">.</wf>
      </sentence>
      <sentence id="d000.s5050" source="wordnet-japanese">
         <instance id="d000.s5050.t000" lemma="公正" pos="ADJ">公正</instance>
         <wf lemma="な" pos="X">な</wf>
         <wf lemma="関係" pos="X">関係</wf>
         <wf lemma="." pos="X">.</wf>
      </sentence>
      <sentence id="d000.s5051" source="wordnet-japanese">
         <wf lemma="彼ら" pos="X">彼ら</wf>
         <wf lemma="は" pos="X">は</wf>
         <wf lemma="、" pos="X">、</wf>
         <instance id="d000.s5051.t000" lemma="ツイスト" pos="NOUN">ツイスト</instance>
         <wf lemma="を" pos="X">を</wf>
         <wf lemma="踊る" pos="X">踊る</wf>
         <wf lemma="の" pos="X">の</wf>
         <wf lemma="が" pos="X">が</wf>
         <wf lemma="好き" pos="X">好き</wf>
         <wf lemma="だっ" pos="X">だっ</wf>
         <wf lemma="た" pos="X">た</wf>
         <wf lemma="." pos="X">.</wf>
      </sentence>
      <sentence id="d000.s5052" source="wordnet-japanese">
         <wf lemma="多く" pos="X">多く</wf>
         <wf lemma="の" pos="X">の</wf>
         <wf lemma="握手" pos="X">握手</wf>
         <wf lemma="と" pos="X">と</wf>
         <instance id="d000.s5052.t000" lemma="挨拶" pos="NOUN">挨拶</instance>
         <wf lemma="." pos="X">.</wf>
      </sentence>
      <sentence id="d000.s5053" source="wordnet-japanese">
         <wf lemma="ゴルフクラブ" pos="X">ゴルフクラブ</wf>
         <instance id="d000.s5053.t000" lemma="一式" pos="NOUN">一式</instance>
         <wf lemma="." pos="X">.</wf>
      </sentence>
      <sentence id="d000.s5054" source="wordnet-japanese">
         <wf lemma="必要" pos="X">必要</wf>
         <wf lemma="は" pos="X">は</wf>
         <wf lemma="発明" pos="X">発明</wf>
         <wf lemma="の" pos="X">の</wf>
         <instance id="d000.s5054.t000" lemma="母" pos="NOUN">母</instance>
         <wf lemma="." pos="X">.</wf>
      </sentence>
      <sentence id="d000.s5055" source="wordnet-japanese">
         <instance id="d000.s5055.t000" lemma="模範的" pos="ADJ">模範的</instance>
         <wf lemma="な" pos="X">な</wf>
         <wf lemma="市民" pos="X">市民</wf>
         <wf lemma="." pos="X">.</wf>
      </sentence>
      <sentence id="d000.s5056" source="wordnet-japanese">
         <wf lemma="彼" pos="X">彼</wf>
         <wf lemma="は" pos="X">は</wf>
         <wf lemma="母親" pos="X">母親</wf>
         <wf lemma="の" pos="X">の</wf>
         <instance id="d000.s5056.t000" lemma="墓" pos="NOUN">墓</instance>
         <wf lemma="に" pos="X">に</wf>
         <wf lemma="花" pos="X">花</wf>
         <wf lemma="を" pos="X">を</wf>
         <wf lemma="供え" pos="X">供え</wf>
         <wf lemma="た" pos="X">た</wf>
         <wf lemma="." pos="X">.</wf>
      </sentence>
      <sentence id="d000.s5057" source="wordnet-japanese">
         <wf lemma="1" pos="X">1</wf>
         <instance id="d000.s5057.t000" lemma="弱い" pos="ADJ">弱い</instance>
         <wf lemma="脈" pos="X">脈</wf>
         <wf lemma="." pos="X">.</wf>
      </sentence>
      <sentence id="d000.s5058" source="wordnet-japanese">
         <instance id="d000.s5058.t000" lemma="不法" pos="ADJ">不法</instance>
         <wf lemma="な" pos="X">な</wf>
         <wf lemma="手段" pos="X">手段</wf>
         <wf lemma="." pos="X">.</wf>
      </sentence>
      <sentence id="d000.s5059" source="wordnet-japanese">
         <wf lemma="科学" pos="X">科学</wf>
         <wf lemma="が" pos="X">が</wf>
         <wf lemma="迷信" pos="X">迷信</wf>
         <wf lemma="の" pos="X">の</wf>
         <instance id="d000.s5059.t000" lemma="柱" pos="NOUN">柱</instance>
         <wf lemma="を" pos="X">を</wf>
         <wf lemma="むしばん" pos="X">むしばん</wf>
         <wf lemma="だ" pos="X">だ</wf>
         <wf lemma="." pos="X">.</wf>
      </sentence>
      <sentence id="d000.s5060" source="wordnet-japanese">
         <wf lemma="調理台" pos="X">調理台</wf>
         <wf lemma="を" pos="X">を</wf>
         <wf lemma="ゴシゴシ" pos="X">ゴシゴシ</wf>
         <instance id="d000.s5060.t000" lemma="磨く" pos="VERB">磨く</instance>
         <wf lemma="." pos="X">.</wf>
      </sentence>
      <sentence id="d000.s5061" source="wordnet-japanese">
         <instance id="d000.s5061.t000" lemma="ブログ" pos="NOUN">ブログ</instance>
         <wf lemma="の" pos="X">の</wf>
         <wf lemma="順序" pos="X">順序</wf>
         <wf lemma="は" pos="X">は</wf>
         <wf lemma="、" pos="X">、</wf>
         <wf lemma="通常" pos="X">通常</wf>
         <wf lemma="年代" pos="X">年代</wf>
         <wf lemma="順" pos="X">順</wf>
         <wf lemma="である" pos="X">である</wf>
         <wf lemma="." pos="X">.</wf>
      </sentence>
      <sentence id="d000.s5062" source="wordnet-japanese">
         <wf lemma="彼女" pos="X">彼女</wf>
         <wf lemma="は" pos="X">は</wf>
         <instance id="d000.s5062.t000" lemma="デート" pos="NOUN">デート</instance>
         <wf lemma="の" pos="X">の</wf>
         <wf lemma="終わり" pos="X">終わり</wf>
         <wf lemma="に" pos="X">に</wf>
         <wf lemma="キス" pos="X">キス</wf>
         <wf lemma="を" pos="X">を</wf>
         <wf lemma="避ける" pos="X">避ける</wf>
         <wf lemma="方法" pos="X">方法</wf>
         <wf lemma="を" pos="X">を</wf>
         <wf lemma="尋ね" pos="X">尋ね</wf>
         <wf lemma="た" pos="X">た</wf>
         <wf lemma="." pos="X">.</wf>
      </sentence>
      <sentence id="d000.s5063" source="wordnet-japanese">
         <wf lemma="彼ら" pos="X">彼ら</wf>
         <wf lemma="は" pos="X">は</wf>
         <wf lemma="洞穴" pos="X">洞穴</wf>
         <wf lemma="の" pos="X">の</wf>
         <instance id="d000.s5063.t000" lemma="入り口" pos="NOUN">入り口</instance>
         <wf lemma="で" pos="X">で</wf>
         <wf lemma="たき火" pos="X">たき火</wf>
         <wf lemma="を" pos="X">を</wf>
         <wf lemma="し" pos="X">し</wf>
         <wf lemma="た" pos="X">た</wf>
         <wf lemma="." pos="X">.</wf>
      </sentence>
      <sentence id="d000.s5064" source="wordnet-japanese">
         <instance id="d000.s5064.t000" lemma="回想" pos="NOUN">回想</instance>
         <wf lemma="する" pos="X">する</wf>
         <wf lemma="と" pos="X">と</wf>
         <wf lemma="." pos="X">.</wf>
      </sentence>
      <sentence id="d000.s5065" source="wordnet-japanese">
         <wf lemma="声明" pos="X">声明</wf>
         <wf lemma="の" pos="X">の</wf>
         <instance id="d000.s5065.t000" lemma="本当" pos="ADJ">本当</instance>
         <wf lemma="の" pos="X">の</wf>
         <wf lemma="意味" pos="X">意味</wf>
         <wf lemma="." pos="X">.</wf>
      </sentence>
      <sentence id="d000.s5066" source="wordnet-japanese">
         <wf lemma="見る" pos="X">見る</wf>
         <instance id="d000.s5066.t000" lemma="喜び" pos="NOUN">喜び</instance>
         <wf lemma="." pos="X">.</wf>
      </sentence>
      <sentence id="d000.s5067" source="wordnet-japanese">
         <wf lemma="それ" pos="X">それ</wf>
         <wf lemma="は" pos="X">は</wf>
         <wf lemma="この" pos="X">この</wf>
         <wf lemma="管理" pos="X">管理</wf>
         <wf lemma="機構" pos="X">機構</wf>
         <wf lemma="の" pos="X">の</wf>
         <wf lemma="主" pos="X">主</wf>
         <wf lemma="な" pos="X">な</wf>
         <instance id="d000.s5067.t000" lemma="輪郭" pos="NOUN">輪郭</instance>
         <wf lemma="を" pos="X">を</wf>
         <wf lemma="定義" pos="X">定義</wf>
         <wf lemma="する" pos="X">する</wf>
         <wf lemma="." pos="X">.</wf>
      </sentence>
      <sentence id="d000.s5068" source="wordnet-japanese">
         <wf lemma="食堂" pos="X">食堂</wf>
         <wf lemma="に" pos="X">に</wf>
         <instance id="d000.s5068.t000" lemma="集まる" pos="VERB">集まり</instance>
         <wf lemma="ましょ" pos="X">ましょ</wf>
         <wf lemma="う" pos="X">う</wf>
         <wf lemma="." pos="X">.</wf>
      </sentence>
      <sentence id="d000.s5069" source="wordnet-japanese">
         <wf lemma="霧" pos="X">霧</wf>
         <wf lemma="を" pos="X">を</wf>
         <wf lemma="通し" pos="X">通し</wf>
         <wf lemma="て" pos="X">て</wf>
         <wf lemma="建物" pos="X">建物</wf>
         <wf lemma="の" pos="X">の</wf>
         <instance id="d000.s5069.t000" lemma="不明瞭" pos="ADJ">不明瞭</instance>
         <wf lemma="な" pos="X">な</wf>
         <wf lemma="輪郭" pos="X">輪郭</wf>
         <wf lemma="を" pos="X">を</wf>
         <wf lemma="見" pos="X">見</wf>
         <wf lemma="た" pos="X">た</wf>
         <wf lemma="." pos="X">.</wf>
      </sentence>
      <sentence id="d000.s5070" source="wordnet-japanese">
         <instance id="d000.s5070.t000" lemma="比較" pos="NOUN">比較</instance>
         <wf lemma="に" pos="X">に</wf>
         <wf lemma="なら" pos="X">なら</wf>
         <wf lemma="ない" pos="X">ない</wf>
         <wf lemma="." pos="X">.</wf>
      </sentence>
      <sentence id="d000.s5071" source="wordnet-japanese">
         <wf lemma="関節炎" pos="X">関節炎</wf>
         <wf lemma="を" pos="X">を</wf>
         <wf lemma="患っ" pos="X">患っ</wf>
         <wf lemma="て" pos="X">て</wf>
         <wf lemma="いる" pos="X">いる</wf>
         <wf lemma="人" pos="X">人</wf>
         <wf lemma="は" pos="X">は</wf>
         <wf lemma="、" pos="X">、</wf>
         <instance id="d000.s5071.t000" lemma="手書き" pos="NOUN">手書き</instance>
         <wf lemma="は" pos="X">は</wf>
         <wf lemma="時間" pos="X">時間</wf>
         <wf lemma="が" pos="X">が</wf>
         <wf lemma="かかり" pos="X">かかり</wf>
         <wf lemma="痛み" pos="X">痛み</wf>
         <wf lemma="を" pos="X">を</wf>
         <wf lemma="伴う" pos="X">伴う</wf>
         <wf lemma="場合" pos="X">場合</wf>
         <wf lemma="が" pos="X">が</wf>
         <wf lemma="ある" pos="X">ある</wf>
         <wf lemma="." pos="X">.</wf>
      </sentence>
      <sentence id="d000.s5072" source="wordnet-japanese">
         <wf lemma="神経器官" pos="X">神経器官</wf>
         <wf lemma="に" pos="X">に</wf>
         <instance id="d000.s5072.t000" lemma="障害" pos="NOUN">障害</instance>
         <wf lemma="が" pos="X">が</wf>
         <wf lemma="あっ" pos="X">あっ</wf>
         <wf lemma="た" pos="X">た</wf>
         <wf lemma="." pos="X">.</wf>
      </sentence>
      <sentence id="d000.s5073" source="wordnet-japanese">
         <wf lemma="チェス" pos="X">チェス</wf>
         <wf lemma="が" pos="X">が</wf>
         <instance id="d000.s5073.t000" lemma="下手" pos="ADJ">下手</instance>
         <wf lemma="な" pos="X">な</wf>
         <wf lemma="." pos="X">.</wf>
      </sentence>
      <sentence id="d000.s5074" source="wordnet-japanese">
         <instance id="d000.s5074.t000" lemma="数学的" pos="ADJ">数学的</instance>
         <wf lemma="な" pos="X">な</wf>
         <wf lemma="確実" pos="X">確実</wf>
         <wf lemma="性" pos="X">性</wf>
         <wf lemma="." pos="X">.</wf>
      </sentence>
      <sentence id="d000.s5075" source="wordnet-japanese">
         <wf lemma="賞" pos="X">賞</wf>
         <wf lemma="は" pos="X">は</wf>
         <instance id="d000.s5075.t000" lemma="決して" pos="ADV">決して</instance>
         <wf lemma="確実" pos="X">確実</wf>
         <wf lemma="で" pos="X">で</wf>
         <wf lemma="は" pos="X">は</wf>
         <wf lemma="ない" pos="X">ない</wf>
         <wf lemma="." pos="X">.</wf>
      </sentence>
      <sentence id="d000.s5076" source="wordnet-japanese">
         <wf lemma="エネルギー" pos="X">エネルギー</wf>
         <wf lemma="は" pos="X">は</wf>
         <wf lemma="、" pos="X">、</wf>
         <wf lemma="決して" pos="X">決して</wf>
         <wf lemma="経済" pos="X">経済</wf>
         <wf lemma="の" pos="X">の</wf>
         <instance id="d000.s5076.t000" lemma="末梢的" pos="ADJ">末梢的</instance>
         <wf lemma="問題" pos="X">問題</wf>
         <wf lemma="で" pos="X">で</wf>
         <wf lemma="は" pos="X">は</wf>
         <wf lemma="ない" pos="X">ない</wf>
         <wf lemma="." pos="X">.</wf>
      </sentence>
      <sentence id="d000.s5077" source="wordnet-japanese">
         <wf lemma="これ" pos="X">これ</wf>
         <wf lemma="は" pos="X">は</wf>
         <wf lemma="彼女" pos="X">彼女</wf>
         <wf lemma="の" pos="X">の</wf>
         <wf lemma="ニーズ" pos="X">ニーズ</wf>
         <wf lemma="に" pos="X">に</wf>
         <instance id="d000.s5077.t000" lemma="答える" pos="VERB">答える</instance>
         <wf lemma="かもしれ" pos="X">かもしれ</wf>
         <wf lemma="ない" pos="X">ない</wf>
         <wf lemma="." pos="X">.</wf>
      </sentence>
      <sentence id="d000.s5078" source="wordnet-japanese">
         <wf lemma="法案" pos="X">法案</wf>
         <wf lemma="を" pos="X">を</wf>
         <wf lemma="めぐっ" pos="X">めぐっ</wf>
         <wf lemma="て" pos="X">て</wf>
         <wf lemma="の" pos="X">の</wf>
         <wf lemma="激しい" pos="X">激しい</wf>
         <instance id="d000.s5078.t000" lemma="争い" pos="NOUN">争い</instance>
         <wf lemma="が" pos="X">が</wf>
         <wf lemma="、" pos="X">、</wf>
         <wf lemma="上院" pos="X">上院</wf>
         <wf lemma="で" pos="X">で</wf>
         <wf lemma="予想" pos="X">予想</wf>
         <wf lemma="さ" pos="X">さ</wf>
         <wf lemma="れる" pos="X">れる</wf>
         <wf lemma="." pos="X">.</wf>
      </sentence>
      <sentence id="d000.s5079" source="wordnet-japanese">
         <wf lemma="彼" pos="X">彼</wf>
         <wf lemma="は" pos="X">は</wf>
         <wf lemma="新しい" pos="X">新しい</wf>
         <wf lemma="ビル" pos="X">ビル</wf>
         <wf lemma="に" pos="X">に</wf>
         <instance id="d000.s5079.t000" lemma="事務所" pos="NOUN">事務所</instance>
         <wf lemma="を" pos="X">を</wf>
         <wf lemma="借り" pos="X">借り</wf>
         <wf lemma="た" pos="X">た</wf>
         <wf lemma="." pos="X">.</wf>
      </sentence>
      <sentence id="d000.s5080" source="wordnet-japanese">
         <wf lemma="私" pos="X">私</wf>
         <wf lemma="が" pos="X">が</wf>
         <wf lemma="支払わ" pos="X">支払わ</wf>
         <wf lemma="なければ" pos="X">なければ</wf>
         <wf lemma="なら" pos="X">なら</wf>
         <wf lemma="ない" pos="X">ない</wf>
         <wf lemma="もの" pos="X">もの</wf>
         <wf lemma="の" pos="X">の</wf>
         <instance id="d000.s5080.t000" lemma="請求書" pos="NOUN">請求書</instance>
         <wf lemma="を" pos="X">を</wf>
         <wf lemma="送っ" pos="X">送っ</wf>
         <wf lemma="て" pos="X">て</wf>
         <wf lemma="下さい" pos="X">下さい</wf>
         <wf lemma="." pos="X">.</wf>
      </sentence>
      <sentence id="d000.s5081" source="wordnet-japanese">
         <wf lemma="人" pos="X">人</wf>
         <wf lemma="混み" pos="X">混み</wf>
         <wf lemma="を" pos="X">を</wf>
         <wf lemma="通り抜ける" pos="X">通り抜ける</wf>
         <wf lemma="の" pos="X">の</wf>
         <wf lemma="に" pos="X">に</wf>
         <instance id="d000.s5081.t000" lemma="苦労" pos="NOUN">苦労</instance>
         <wf lemma="し" pos="X">し</wf>
         <wf lemma="て" pos="X">て</wf>
         <wf lemma="彼女" pos="X">彼女</wf>
         <wf lemma="は" pos="X">は</wf>
         <wf lemma="疲れ果て" pos="X">疲れ果て</wf>
         <wf lemma="て" pos="X">て</wf>
         <wf lemma="しまっ" pos="X">しまっ</wf>
         <wf lemma="た" pos="X">た</wf>
         <wf lemma="." pos="X">.</wf>
      </sentence>
      <sentence id="d000.s5082" source="wordnet-japanese">
         <instance id="d000.s5082.t000" lemma="肯定的" pos="ADJ">肯定的</instance>
         <wf lemma="な" pos="X">な</wf>
         <wf lemma="決定" pos="X">決定</wf>
         <wf lemma="." pos="X">.</wf>
      </sentence>
      <sentence id="d000.s5083" source="wordnet-japanese">
         <wf lemma="私" pos="X">私</wf>
         <wf lemma="は" pos="X">は</wf>
         <wf lemma="、" pos="X">、</wf>
         <wf lemma="飛込み" pos="X">飛込み</wf>
         <wf lemma="板" pos="X">板</wf>
         <wf lemma="から" pos="X">から</wf>
         <wf lemma="プール" pos="X">プール</wf>
         <wf lemma="に" pos="X">に</wf>
         <instance id="d000.s5083.t000" lemma="飛び込む" pos="VERB">飛び込む</instance>
         <wf lemma="の" pos="X">の</wf>
         <wf lemma="が" pos="X">が</wf>
         <wf lemma="怖かっ" pos="X">怖かっ</wf>
         <wf lemma="た" pos="X">た</wf>
         <wf lemma="." pos="X">.</wf>
      </sentence>
      <sentence id="d000.s5084" source="wordnet-japanese">
         <wf lemma="『" pos="X">『</wf>
         <wf lemma="more" pos="X">more</wf>
         <wf lemma="surely" pos="X">surely</wf>
         <wf lemma="（" pos="X">（</wf>
         <wf lemma="もっと" pos="X">もっと</wf>
         <wf lemma="確か" pos="X">確か</wf>
         <wf lemma="に" pos="X">に</wf>
         <wf lemma="）" pos="X">）</wf>
         <wf lemma="』" pos="X">』</wf>
         <wf lemma="は" pos="X">は</wf>
         <wf lemma="副詞" pos="X">副詞</wf>
         <wf lemma="『" pos="X">『</wf>
         <wf lemma="surely" pos="X">surely</wf>
         <wf lemma="（" pos="X">（</wf>
         <wf lemma="確か" pos="X">確か</wf>
         <wf lemma="に" pos="X">に</wf>
         <wf lemma="）" pos="X">）</wf>
         <wf lemma="』" pos="X">』</wf>
         <wf lemma="の" pos="X">の</wf>
         <instance id="d000.s5084.t000" lemma="比較級" pos="NOUN">比較級</instance>
         <wf lemma="である" pos="X">である</wf>
         <wf lemma="." pos="X">.</wf>
      </sentence>
      <sentence id="d000.s5085" source="wordnet-japanese">
         <wf lemma="彼" pos="X">彼</wf>
         <wf lemma="は" pos="X">は</wf>
         <wf lemma="自分" pos="X">自分</wf>
         <wf lemma="たち" pos="X">たち</wf>
         <wf lemma="の" pos="X">の</wf>
         <instance id="d000.s5085.t000" lemma="席" pos="NOUN">席</instance>
         <wf lemma="を" pos="X">を</wf>
         <wf lemma="先に" pos="X">先に</wf>
         <wf lemma="予約" pos="X">予約</wf>
         <wf lemma="し" pos="X">し</wf>
         <wf lemma="た" pos="X">た</wf>
         <wf lemma="." pos="X">.</wf>
      </sentence>
      <sentence id="d000.s5086" source="wordnet-japanese">
         <wf lemma="それ" pos="X">それ</wf>
         <wf lemma="は" pos="X">は</wf>
         <wf lemma="堅い" pos="X">堅い</wf>
         <wf lemma="岩" pos="X">岩</wf>
         <wf lemma="の" pos="X">の</wf>
         <instance id="d000.s5086.t000" lemma="土台" pos="NOUN">土台</instance>
         <wf lemma="の" pos="X">の</wf>
         <wf lemma="上" pos="X">上</wf>
         <wf lemma="に" pos="X">に</wf>
         <wf lemma="建て" pos="X">建て</wf>
         <wf lemma="られ" pos="X">られ</wf>
         <wf lemma="た" pos="X">た</wf>
         <wf lemma="." pos="X">.</wf>
      </sentence>
      <sentence id="d000.s5087" source="wordnet-japanese">
         <wf lemma="彼" pos="X">彼</wf>
         <wf lemma="自身" pos="X">自身</wf>
         <wf lemma="の" pos="X">の</wf>
         <instance id="d000.s5087.t000" lemma="証言" pos="NOUN">証言</instance>
         <wf lemma="に" pos="X">に</wf>
         <wf lemma="よる" pos="X">よる</wf>
         <wf lemma="と" pos="X">と</wf>
         <wf lemma="彼" pos="X">彼</wf>
         <wf lemma="は" pos="X">は</wf>
         <wf lemma="それ" pos="X">それ</wf>
         <wf lemma="を" pos="X">を</wf>
         <wf lemma="でき" pos="X">でき</wf>
         <wf lemma="ない" pos="X">ない</wf>
         <wf lemma="." pos="X">.</wf>
      </sentence>
      <sentence id="d000.s5088" source="wordnet-japanese">
         <wf lemma="汚れ" pos="X">汚れ</wf>
         <wf lemma="た" pos="X">た</wf>
         <wf lemma="顔" pos="X">顔</wf>
         <wf lemma="の" pos="X">の</wf>
         <wf lemma="、" pos="X">、</wf>
         <wf lemma="生まれ" pos="X">生まれ</wf>
         <wf lemma="の" pos="X">の</wf>
         <instance id="d000.s5088.t000" lemma="卑しい" pos="ADJ">卑しい</instance>
         <wf lemma="哀れ" pos="X">哀れ</wf>
         <wf lemma="な" pos="X">な</wf>
         <wf lemma="人" pos="X">人</wf>
         <wf lemma="." pos="X">.</wf>
      </sentence>
      <sentence id="d000.s5089" source="wordnet-japanese">
         <instance id="d000.s5089.t000" lemma="定期保険" pos="NOUN">定期保険</instance>
         <wf lemma="は" pos="X">は</wf>
         <wf lemma="生命保険" pos="X">生命保険</wf>
         <wf lemma="契約" pos="X">契約</wf>
         <wf lemma="に" pos="X">に</wf>
         <wf lemma="たいて" pos="X">たいて</wf>
         <wf lemma="い" pos="X">い</wf>
         <wf lemma="関連" pos="X">関連</wf>
         <wf lemma="し" pos="X">し</wf>
         <wf lemma="て" pos="X">て</wf>
         <wf lemma="いる" pos="X">いる</wf>
         <wf lemma="." pos="X">.</wf>
      </sentence>
      <sentence id="d000.s5090" source="wordnet-japanese">
         <wf lemma="彼" pos="X">彼</wf>
         <wf lemma="が" pos="X">が</wf>
         <wf lemma="提案" pos="X">提案</wf>
         <wf lemma="し" pos="X">し</wf>
         <wf lemma="た" pos="X">た</wf>
         <instance id="d000.s5090.t000" lemma="改革" pos="NOUN">改革</instance>
         <wf lemma="は" pos="X">は</wf>
         <wf lemma="、" pos="X">、</wf>
         <wf lemma="政治家" pos="X">政治家</wf>
         <wf lemma="たち" pos="X">たち</wf>
         <wf lemma="に" pos="X">に</wf>
         <wf lemma="は" pos="X">は</wf>
         <wf lemma="急進的" pos="X">急進的</wf>
         <wf lemma="すぎ" pos="X">すぎ</wf>
         <wf lemma="た" pos="X">た</wf>
         <wf lemma="." pos="X">.</wf>
      </sentence>
      <sentence id="d000.s5091" source="wordnet-japanese">
         <wf lemma="私" pos="X">私</wf>
         <wf lemma="は" pos="X">は</wf>
         <wf lemma="結果" pos="X">結果</wf>
         <wf lemma="を" pos="X">を</wf>
         <instance id="d000.s5091.t000" lemma="見る" pos="VERB">見</instance>
         <wf lemma="たい" pos="X">たい</wf>
         <wf lemma="." pos="X">.</wf>
      </sentence>
      <sentence id="d000.s5092" source="wordnet-japanese">
         <wf lemma="彼" pos="X">彼</wf>
         <wf lemma="の" pos="X">の</wf>
         <wf lemma="回復" pos="X">回復</wf>
         <instance id="d000.s5092.t000" lemma="期間" pos="NOUN">期間</instance>
         <wf lemma="を" pos="X">を</wf>
         <wf lemma="早め" pos="X">早め</wf>
         <wf lemma="た" pos="X">た</wf>
         <wf lemma="." pos="X">.</wf>
      </sentence>
      <sentence id="d000.s5093" source="wordnet-japanese">
         <instance id="d000.s5093.t000" lemma="異常" pos="ADJ">異常</instance>
         <wf lemma="な" pos="X">な</wf>
         <wf lemma="量" pos="X">量</wf>
         <wf lemma="の" pos="X">の</wf>
         <wf lemma="雨" pos="X">雨</wf>
         <wf lemma="." pos="X">.</wf>
      </sentence>
      <sentence id="d000.s5094" source="wordnet-japanese">
         <wf lemma="チーム" pos="X">チーム</wf>
         <wf lemma="の" pos="X">の</wf>
         <instance id="d000.s5094.t000" lemma="最悪" pos="ADJ">最悪</instance>
         <wf lemma="な" pos="X">な</wf>
         <wf lemma="選手" pos="X">選手</wf>
         <wf lemma="." pos="X">.</wf>
      </sentence>
      <sentence id="d000.s5095" source="wordnet-japanese">
         <instance id="d000.s5095.t000" lemma="小規模" pos="ADJ">小規模</instance>
         <wf lemma="の" pos="X">の</wf>
         <wf lemma="計画" pos="X">計画</wf>
         <wf lemma="." pos="X">.</wf>
      </sentence>
      <sentence id="d000.s5096" source="wordnet-japanese">
         <wf lemma="彼" pos="X">彼</wf>
         <wf lemma="は" pos="X">は</wf>
         <wf lemma="、" pos="X">、</wf>
         <instance id="d000.s5096.t000" lemma="本能的" pos="ADV">本能的</instance>
         <wf lemma="に" pos="X">に</wf>
         <wf lemma="ナイフ" pos="X">ナイフ</wf>
         <wf lemma="を" pos="X">を</wf>
         <wf lemma="つかん" pos="X">つかん</wf>
         <wf lemma="だ" pos="X">だ</wf>
         <wf lemma="." pos="X">.</wf>
      </sentence>
      <sentence id="d000.s5097" source="wordnet-japanese">
         <wf lemma="桟橋" pos="X">桟橋</wf>
         <wf lemma="と" pos="X">と</wf>
         <instance id="d000.s5097.t000" lemma="接触" pos="NOUN">接触</instance>
         <wf lemma="し" pos="X">し</wf>
         <wf lemma="て" pos="X">て</wf>
         <wf lemma="船体" pos="X">船体</wf>
         <wf lemma="から" pos="X">から</wf>
         <wf lemma="ペンキ" pos="X">ペンキ</wf>
         <wf lemma="が" pos="X">が</wf>
         <wf lemma="削り取ら" pos="X">削り取ら</wf>
         <wf lemma="れ" pos="X">れ</wf>
         <wf lemma="た" pos="X">た</wf>
         <wf lemma="." pos="X">.</wf>
      </sentence>
      <sentence id="d000.s5098" source="wordnet-japanese">
         <wf lemma="フロイト" pos="X">フロイト</wf>
         <wf lemma="は" pos="X">は</wf>
         <wf lemma="カセクシス" pos="X">カセクシス</wf>
         <wf lemma="を" pos="X">を</wf>
         <instance id="d000.s5098.t000" lemma="充電" pos="NOUN">充電</instance>
         <wf lemma="の" pos="X">の</wf>
         <wf lemma="精神的" pos="X">精神的</wf>
         <wf lemma="相似" pos="X">相似</wf>
         <wf lemma="形" pos="X">形</wf>
         <wf lemma="と" pos="X">と</wf>
         <wf lemma="し" pos="X">し</wf>
         <wf lemma="て" pos="X">て</wf>
         <wf lemma="考え" pos="X">考え</wf>
         <wf lemma="た" pos="X">た</wf>
         <wf lemma="." pos="X">.</wf>
      </sentence>
      <sentence id="d000.s5099" source="wordnet-japanese">
         <instance id="d000.s5099.t000" lemma="魅力的" pos="ADJ">魅力的</instance>
         <wf lemma="な" pos="X">な</wf>
         <wf lemma="衣服" pos="X">衣服</wf>
         <wf lemma="." pos="X">.</wf>
      </sentence>
      <sentence id="d000.s5100" source="wordnet-japanese">
         <wf lemma="彼女" pos="X">彼女</wf>
         <wf lemma="の" pos="X">の</wf>
         <wf lemma="望み" pos="X">望み</wf>
         <wf lemma="に対する" pos="X">に対する</wf>
         <wf lemma="彼" pos="X">彼</wf>
         <wf lemma="の" pos="X">の</wf>
         <instance id="d000.s5100.t000" lemma="心遣い" pos="NOUN">心遣い</instance>
         <wf lemma="." pos="X">.</wf>
      </sentence>
      <sentence id="d000.s5101" source="wordnet-japanese">
         <wf lemma="彼女" pos="X">彼女</wf>
         <wf lemma="の" pos="X">の</wf>
         <wf lemma="実績" pos="X">実績</wf>
         <wf lemma="は" pos="X">は</wf>
         <wf lemma="、" pos="X">、</wf>
         <wf lemma="私" pos="X">私</wf>
         <wf lemma="が" pos="X">が</wf>
         <wf lemma="知っ" pos="X">知っ</wf>
         <wf lemma="て" pos="X">て</wf>
         <wf lemma="いる" pos="X">いる</wf>
         <wf lemma="どの" pos="X">どの</wf>
         <wf lemma="学生" pos="X">学生</wf>
         <wf lemma="の" pos="X">の</wf>
         <wf lemma="成績" pos="X">成績</wf>
         <wf lemma="を" pos="X">を</wf>
         <wf lemma="も" pos="X">も</wf>
         <instance id="d000.s5101.t000" lemma="凌ぐ" pos="VERB">凌ぐ</instance>
         <wf lemma="." pos="X">.</wf>
      </sentence>
      <sentence id="d000.s5102" source="wordnet-japanese">
         <instance id="d000.s5102.t000" lemma="少ない" pos="ADJ">少ない</instance>
         <wf lemma="（" pos="X">（</wf>
         <wf lemma="小さい" pos="X">小さい</wf>
         <wf lemma="）" pos="X">）</wf>
         <wf lemma="グループ" pos="X">グループ</wf>
         <wf lemma="." pos="X">.</wf>
      </sentence>
      <sentence id="d000.s5103" source="wordnet-japanese">
         <instance id="d000.s5103.t000" lemma="無効" pos="ADJ">無効</instance>
         <wf lemma="の" pos="X">の</wf>
         <wf lemma="運転" pos="X">運転</wf>
         <wf lemma="免許" pos="X">免許</wf>
         <wf lemma="証" pos="X">証</wf>
         <wf lemma="." pos="X">.</wf>
      </sentence>
      <sentence id="d000.s5104" source="wordnet-japanese">
         <wf lemma="太陽" pos="X">太陽</wf>
         <wf lemma="は" pos="X">は</wf>
         <wf lemma="その" pos="X">その</wf>
         <wf lemma="日" pos="X">日</wf>
         <wf lemma="に" pos="X">に</wf>
         <wf lemma="明るく" pos="X">明るく</wf>
         <instance id="d000.s5104.t000" lemma="輝く" pos="VERB">輝い</instance>
         <wf lemma="た" pos="X">た</wf>
         <wf lemma="." pos="X">.</wf>
      </sentence>
      <sentence id="d000.s5105" source="wordnet-japanese">
         <wf lemma="スケーター" pos="X">スケーター</wf>
         <wf lemma="は" pos="X">は</wf>
         <wf lemma="トリプルピルエット" pos="X">トリプルピルエット</wf>
         <wf lemma="を" pos="X">を</wf>
         <instance id="d000.s5105.t000" lemma="行う" pos="VERB">行っ</instance>
         <wf lemma="た" pos="X">た</wf>
         <wf lemma="." pos="X">.</wf>
      </sentence>
      <sentence id="d000.s5106" source="wordnet-japanese">
         <wf lemma="彼" pos="X">彼</wf>
         <wf lemma="の" pos="X">の</wf>
         <instance id="d000.s5106.t000" lemma="労働" pos="NOUN">労働</instance>
         <wf lemma="に" pos="X">に</wf>
         <wf lemma="は" pos="X">は</wf>
         <wf lemma="たくさん" pos="X">たくさん</wf>
         <wf lemma="の" pos="X">の</wf>
         <wf lemma="技術" pos="X">技術</wf>
         <wf lemma="を" pos="X">を</wf>
         <wf lemma="必要" pos="X">必要</wf>
         <wf lemma="と" pos="X">と</wf>
         <wf lemma="は" pos="X">は</wf>
         <wf lemma="し" pos="X">し</wf>
         <wf lemma="なかっ" pos="X">なかっ</wf>
         <wf lemma="た" pos="X">た</wf>
         <wf lemma="。" pos="X">。</wf>
         <wf lemma="." pos="X">.</wf>
      </sentence>
      <sentence id="d000.s5107" source="wordnet-japanese">
         <wf lemma="その塔" pos="X">その塔</wf>
         <wf lemma="は" pos="X">は</wf>
         <wf lemma="明らか" pos="X">明らか</wf>
         <wf lemma="に" pos="X">に</wf>
         <instance id="d000.s5107.t000" lemma="傾斜" pos="NOUN">傾斜</instance>
         <wf lemma="し" pos="X">し</wf>
         <wf lemma="て" pos="X">て</wf>
         <wf lemma="い" pos="X">い</wf>
         <wf lemma="た" pos="X">た</wf>
         <wf lemma="." pos="X">.</wf>
      </sentence>
      <sentence id="d000.s5108" source="wordnet-japanese">
         <wf lemma="オーケストラ" pos="X">オーケストラ</wf>
         <wf lemma="は" pos="X">は</wf>
         <wf lemma="歌" pos="X">歌</wf>
         <wf lemma="の" pos="X">の</wf>
         <wf lemma="最後" pos="X">最後</wf>
         <wf lemma="の" pos="X">の</wf>
         <wf lemma="12" pos="X">12</wf>
         <instance id="d000.s5108.t000" lemma="小節" pos="NOUN">小節</instance>
         <wf lemma="を" pos="X">を</wf>
         <wf lemma="省略" pos="X">省略</wf>
         <wf lemma="し" pos="X">し</wf>
         <wf lemma="た" pos="X">た</wf>
         <wf lemma="." pos="X">.</wf>
      </sentence>
      <sentence id="d000.s5109" source="wordnet-japanese">
         <wf lemma="彼女" pos="X">彼女</wf>
         <wf lemma="は" pos="X">は</wf>
         <wf lemma="、" pos="X">、</wf>
         <wf lemma="彼" pos="X">彼</wf>
         <wf lemma="を" pos="X">を</wf>
         <wf lemma="名前" pos="X">名前</wf>
         <wf lemma="で" pos="X">で</wf>
         <instance id="d000.s5109.t000" lemma="呼ぶ" pos="VERB">呼ぶ</instance>
         <wf lemma="." pos="X">.</wf>
      </sentence>
      <sentence id="d000.s5110" source="wordnet-japanese">
         <wf lemma="私" pos="X">私</wf>
         <wf lemma="が" pos="X">が</wf>
         <wf lemma="死ん" pos="X">死ん</wf>
         <wf lemma="だ" pos="X">だ</wf>
         <wf lemma="時" pos="X">時</wf>
         <wf lemma="、" pos="X">、</wf>
         <wf lemma="私" pos="X">私</wf>
         <wf lemma="の" pos="X">の</wf>
         <wf lemma="最愛" pos="X">最愛</wf>
         <wf lemma="の" pos="X">の</wf>
         <wf lemma="人" pos="X">人</wf>
         <wf lemma="よ" pos="X">よ</wf>
         <wf lemma="、" pos="X">、</wf>
         <wf lemma="/" pos="X">/</wf>
         <wf lemma="私" pos="X">私</wf>
         <wf lemma="の" pos="X">の</wf>
         <wf lemma="ため" pos="X">ため</wf>
         <wf lemma="に" pos="X">に</wf>
         <instance id="d000.s5110.t000" lemma="悲しい" pos="ADJ">悲しい</instance>
         <wf lemma="歌" pos="X">歌</wf>
         <wf lemma="を" pos="X">を</wf>
         <wf lemma="歌わ" pos="X">歌わ</wf>
         <wf lemma="ない" pos="X">ない</wf>
         <wf lemma="で−" pos="X">で−</wf>
         <wf lemma="クリスティーナ" pos="X">クリスティーナ</wf>
         <wf lemma="・" pos="X">・</wf>
         <wf lemma="ロセッティ" pos="X">ロセッティ</wf>
         <wf lemma="." pos="X">.</wf>
      </sentence>
      <sentence id="d000.s5111" source="wordnet-japanese">
         <wf lemma="彼" pos="X">彼</wf>
         <wf lemma="の" pos="X">の</wf>
         <wf lemma="未来" pos="X">未来</wf>
         <wf lemma="は" pos="X">は</wf>
         <wf lemma="その" pos="X">その</wf>
         <wf lemma="試験" pos="X">試験</wf>
         <wf lemma="に" pos="X">に</wf>
         <instance id="d000.s5111.t000" lemma="合格" pos="NOUN">合格</instance>
         <wf lemma="する" pos="X">する</wf>
         <wf lemma="こと" pos="X">こと</wf>
         <wf lemma="に" pos="X">に</wf>
         <wf lemma="かかっ" pos="X">かかっ</wf>
         <wf lemma="て" pos="X">て</wf>
         <wf lemma="い" pos="X">い</wf>
         <wf lemma="た" pos="X">た</wf>
         <wf lemma="." pos="X">.</wf>
      </sentence>
      <sentence id="d000.s5112" source="wordnet-japanese">
         <wf lemma="彼" pos="X">彼</wf>
         <wf lemma="は" pos="X">は</wf>
         <wf lemma="、" pos="X">、</wf>
         <instance id="d000.s5112.t000" lemma="多分" pos="ADV">多分</instance>
         <wf lemma="国外" pos="X">国外</wf>
         <wf lemma="に" pos="X">に</wf>
         <wf lemma="いる" pos="X">いる</wf>
         <wf lemma="だろ" pos="X">だろ</wf>
         <wf lemma="う" pos="X">う</wf>
         <wf lemma="." pos="X">.</wf>
      </sentence>
      <sentence id="d000.s5113" source="wordnet-japanese">
         <instance id="d000.s5113.t000" lemma="地味" pos="ADJ">地味</instance>
         <wf lemma="な" pos="X">な</wf>
         <wf lemma="趣" pos="X">趣</wf>
         <wf lemma="の" pos="X">の</wf>
         <wf lemma="ある" pos="X">ある</wf>
         <wf lemma="純真" pos="X">純真</wf>
         <wf lemma="な" pos="X">な</wf>
         <wf lemma="男性" pos="X">男性</wf>
         <wf lemma="." pos="X">.</wf>
      </sentence>
      <sentence id="d000.s5114" source="wordnet-japanese">
         <instance id="d000.s5114.t000" lemma="決して" pos="ADV">決して</instance>
         <wf lemma="恐れ" pos="X">恐れ</wf>
         <wf lemma="ない" pos="X">ない</wf>
         <wf lemma="." pos="X">.</wf>
      </sentence>
      <sentence id="d000.s5115" source="wordnet-japanese">
         <wf lemma="開拓者" pos="X">開拓者</wf>
         <wf lemma="の" pos="X">の</wf>
         <wf lemma="生活" pos="X">生活</wf>
         <wf lemma="の" pos="X">の</wf>
         <wf lemma="多く" pos="X">多く</wf>
         <wf lemma="の" pos="X">の</wf>
         <instance id="d000.s5115.t000" lemma="苦難" pos="NOUN">苦難</instance>
         <wf lemma="." pos="X">.</wf>
      </sentence>
      <sentence id="d000.s5116" source="wordnet-japanese">
         <wf lemma="彼ら" pos="X">彼ら</wf>
         <wf lemma="は" pos="X">は</wf>
         <wf lemma="6" pos="X">6</wf>
         <wf lemma="段階" pos="X">段階</wf>
         <wf lemma="の" pos="X">の</wf>
         <instance id="d000.s5116.t000" lemma="計画" pos="NOUN">計画</instance>
         <wf lemma="を" pos="X">を</wf>
         <wf lemma="立案" pos="X">立案</wf>
         <wf lemma="し" pos="X">し</wf>
         <wf lemma="た" pos="X">た</wf>
         <wf lemma="." pos="X">.</wf>
      </sentence>
      <sentence id="d000.s5117" source="wordnet-japanese">
         <wf lemma="襟巻き" pos="X">襟巻き</wf>
         <wf lemma="を" pos="X">を</wf>
         <instance id="d000.s5117.t000" lemma="編む" pos="VERB">編む</instance>
         <wf lemma="." pos="X">.</wf>
      </sentence>
      <sentence id="d000.s5118" source="wordnet-japanese">
         <wf lemma="どんな" pos="X">どんな</wf>
         <instance id="d000.s5118.t000" lemma="タイプ" pos="NOUN">タイプ</instance>
         <wf lemma="の" pos="X">の</wf>
         <wf lemma="彫刻" pos="X">彫刻</wf>
         <wf lemma="が" pos="X">が</wf>
         <wf lemma="お" pos="X">お</wf>
         <wf lemma="好み" pos="X">好み</wf>
         <wf lemma="です" pos="X">です</wf>
         <wf lemma="か" pos="X">か</wf>
         <wf lemma="." pos="X">.</wf>
      </sentence>
      <sentence id="d000.s5119" source="wordnet-japanese">
         <wf lemma="スパイ" pos="X">スパイ</wf>
         <wf lemma="は" pos="X">は</wf>
         <wf lemma="機密" pos="X">機密</wf>
         <wf lemma="情報" pos="X">情報</wf>
         <wf lemma="を" pos="X">を</wf>
         <wf lemma="ロシア" pos="X">ロシア</wf>
         <wf lemma="に" pos="X">に</wf>
         <instance id="d000.s5119.t000" lemma="送る" pos="VERB">送っ</instance>
         <wf lemma="た" pos="X">た</wf>
         <wf lemma="." pos="X">.</wf>
      </sentence>
      <sentence id="d000.s5120" source="wordnet-japanese">
         <wf lemma="英語" pos="X">英語</wf>
         <wf lemma="の" pos="X">の</wf>
         <wf lemma="bate" pos="X">bate</wf>
         <wf lemma="、" pos="X">、</wf>
         <wf lemma="beat" pos="X">beat</wf>
         <wf lemma="、" pos="X">、</wf>
         <wf lemma="bite" pos="X">bite</wf>
         <wf lemma="、" pos="X">、</wf>
         <wf lemma="boat" pos="X">boat</wf>
         <wf lemma="、" pos="X">、</wf>
         <wf lemma="および" pos="X">および</wf>
         <wf lemma="boot" pos="X">boot</wf>
         <wf lemma="の" pos="X">の</wf>
         <wf lemma="母音" pos="X">母音</wf>
         <wf lemma="は" pos="X">は</wf>
         <instance id="d000.s5120.t000" lemma="長い" pos="ADJ">長い</instance>
         <wf lemma="." pos="X">.</wf>
      </sentence>
      <sentence id="d000.s5121" source="wordnet-japanese">
         <wf lemma="この" pos="X">この</wf>
         <wf lemma="配向" pos="X">配向</wf>
         <wf lemma="線" pos="X">線</wf>
         <wf lemma="に" pos="X">に</wf>
         <instance id="d000.s5121.t000" lemma="最大限" pos="ADV">最大限</instance>
         <wf lemma="に" pos="X">に</wf>
         <wf lemma="反応" pos="X">反応</wf>
         <wf lemma="する" pos="X">する</wf>
         <wf lemma="電池" pos="X">電池</wf>
         <wf lemma="は" pos="X">は</wf>
         <wf lemma="発火" pos="X">発火</wf>
         <wf lemma="する" pos="X">する</wf>
         <wf lemma="だろ" pos="X">だろ</wf>
         <wf lemma="う" pos="X">う</wf>
         <wf lemma="." pos="X">.</wf>
      </sentence>
      <sentence id="d000.s5122" source="wordnet-japanese">
         <wf lemma="それ" pos="X">それ</wf>
         <wf lemma="から" pos="X">から</wf>
         <wf lemma="私" pos="X">私</wf>
         <wf lemma="たち" pos="X">たち</wf>
         <wf lemma="は" pos="X">は</wf>
         <wf lemma="カリブ海" pos="X">カリブ海</wf>
         <wf lemma="クルーズ" pos="X">クルーズ</wf>
         <wf lemma="の" pos="X">の</wf>
         <wf lemma="第" pos="X">第</wf>
         <wf lemma="2" pos="X">2</wf>
         <instance id="d000.s5122.t000" lemma="行程" pos="NOUN">行程</instance>
         <wf lemma="に" pos="X">に</wf>
         <wf lemma="入っ" pos="X">入っ</wf>
         <wf lemma="た" pos="X">た</wf>
         <wf lemma="." pos="X">.</wf>
      </sentence>
      <sentence id="d000.s5123" source="wordnet-japanese">
         <wf lemma="ゲスト" pos="X">ゲスト</wf>
         <wf lemma="は" pos="X">は</wf>
         <wf lemma="、" pos="X">、</wf>
         <instance id="d000.s5123.t000" lemma="晩餐会" pos="NOUN">晩餐会</instance>
         <wf lemma="に" pos="X">に</wf>
         <wf lemma="は" pos="X">は</wf>
         <wf lemma="決して" pos="X">決して</wf>
         <wf lemma="遅れる" pos="X">遅れる</wf>
         <wf lemma="べき" pos="X">べき</wf>
         <wf lemma="で" pos="X">で</wf>
         <wf lemma="ない" pos="X">ない</wf>
         <wf lemma="." pos="X">.</wf>
      </sentence>
      <sentence id="d000.s5124" source="wordnet-japanese">
         <instance id="d000.s5124.t000" lemma="暖かい" pos="ADJ">暖かい</instance>
         <wf lemma="気候." pos="X">気候.</wf>
      </sentence>
      <sentence id="d000.s5125" source="wordnet-japanese">
         <instance id="d000.s5125.t000" lemma="物理的" pos="ADJ">物理的</instance>
         <wf lemma="な" pos="X">な</wf>
         <wf lemma="刺激" pos="X">刺激</wf>
         <wf lemma="へ" pos="X">へ</wf>
         <wf lemma="の" pos="X">の</wf>
         <wf lemma="反射的" pos="X">反射的</wf>
         <wf lemma="な" pos="X">な</wf>
         <wf lemma="応答" pos="X">応答</wf>
         <wf lemma="." pos="X">.</wf>
      </sentence>
      <sentence id="d000.s5126" source="wordnet-japanese">
         <wf lemma="スタイル" pos="X">スタイル</wf>
         <wf lemma="は" pos="X">は</wf>
         <wf lemma="…" pos="X">…</wf>
         <instance id="d000.s5126.t000" lemma="意図的" pos="ADJ">意図的</instance>
         <wf lemma="で" pos="X">で</wf>
         <wf lemma="、" pos="X">、</wf>
         <wf lemma="設計" pos="X">設計</wf>
         <wf lemma="さ" pos="X">さ</wf>
         <wf lemma="れ" pos="X">れ</wf>
         <wf lemma="た" pos="X">た</wf>
         <wf lemma="、" pos="X">、</wf>
         <wf lemma="確実" pos="X">確実</wf>
         <wf lemma="性" pos="X">性</wf>
         <wf lemma="以上" pos="X">以上</wf>
         <wf lemma="の" pos="X">の</wf>
         <wf lemma="もの" pos="X">もの</wf>
         <wf lemma="である" pos="X">である</wf>
         <wf lemma="−" pos="X">−</wf>
         <wf lemma="ハヴェロック" pos="X">ハヴェロック</wf>
         <wf lemma="・" pos="X">・</wf>
         <wf lemma="エリス" pos="X">エリス</wf>
         <wf lemma="." pos="X">.</wf>
      </sentence>
      <sentence id="d000.s5127" source="wordnet-japanese">
         <wf lemma="彼" pos="X">彼</wf>
         <wf lemma="は" pos="X">は</wf>
         <wf lemma="風" pos="X">風</wf>
         <wf lemma="を" pos="X">を</wf>
         <instance id="d000.s5127.t000" lemma="感じる" pos="VERB">感じ</instance>
         <wf lemma="た" pos="X">た</wf>
         <wf lemma="." pos="X">.</wf>
      </sentence>
      <sentence id="d000.s5128" source="wordnet-japanese">
         <wf lemma="その" pos="X">その</wf>
         <instance id="d000.s5128.t000" lemma="犬" pos="NOUN">犬</instance>
         <wf lemma="は" pos="X">は</wf>
         <wf lemma="一" pos="X">一</wf>
         <wf lemma="晩" pos="X">晩</wf>
         <wf lemma="中" pos="X">中</wf>
         <wf lemma="吠え" pos="X">吠え</wf>
         <wf lemma="た" pos="X">た</wf>
         <wf lemma="." pos="X">.</wf>
      </sentence>
      <sentence id="d000.s5129" source="wordnet-japanese">
         <wf lemma="星" pos="X">星</wf>
         <wf lemma="は" pos="X">は</wf>
         <instance id="d000.s5129.t000" lemma="きらきら" pos="ADV">きらきら</instance>
         <wf lemma="と" pos="X">と</wf>
         <wf lemma="輝い" pos="X">輝い</wf>
         <wf lemma="た" pos="X">た</wf>
         <wf lemma="." pos="X">.</wf>
      </sentence>
      <sentence id="d000.s5130" source="wordnet-japanese">
         <instance id="d000.s5130.t000" lemma="深い" pos="ADJ">深い</instance>
         <wf lemma="クローゼット" pos="X">クローゼット</wf>
         <wf lemma="." pos="X">.</wf>
      </sentence>
      <sentence id="d000.s5131" source="wordnet-japanese">
         <instance id="d000.s5131.t000" lemma="荒々しい" pos="ADJ">荒々しい</instance>
         <wf lemma="答え" pos="X">答え</wf>
         <wf lemma="." pos="X">.</wf>
      </sentence>
      <sentence id="d000.s5132" source="wordnet-japanese">
         <wf lemma="問題" pos="X">問題</wf>
         <wf lemma="は" pos="X">は</wf>
         <wf lemma="、" pos="X">、</wf>
         <wf lemma="現在" pos="X">現在</wf>
         <wf lemma="憲法" pos="X">憲法</wf>
         <wf lemma="も" pos="X">も</wf>
         <wf lemma="ので" pos="X">ので</wf>
         <wf lemma="ない" pos="X">ない</wf>
         <wf lemma="；" pos="X">；</wf>
         <wf lemma="それ" pos="X">それ</wf>
         <wf lemma="は" pos="X">は</wf>
         <wf lemma="、" pos="X">、</wf>
         <instance id="d000.s5132.t000" lemma="機能的" pos="ADJ">機能的</instance>
         <wf lemma="な" pos="X">な</wf>
         <wf lemma="もの" pos="X">もの</wf>
         <wf lemma="である" pos="X">である</wf>
         <wf lemma="." pos="X">.</wf>
      </sentence>
      <sentence id="d000.s5133" source="wordnet-japanese">
         <instance id="d000.s5133.t000" lemma="有袋類" pos="ADJ">有袋類</instance>
         <wf lemma="の" pos="X">の</wf>
         <wf lemma="動物" pos="X">動物</wf>
         <wf lemma="." pos="X">.</wf>
      </sentence>
      <sentence id="d000.s5134" source="wordnet-japanese">
         <instance id="d000.s5134.t000" lemma="有毒" pos="ADJ">有毒</instance>
         <wf lemma="物質" pos="X">物質</wf>
         <wf lemma="に" pos="X">に</wf>
         <wf lemma="さらさ" pos="X">さらさ</wf>
         <wf lemma="れ" pos="X">れ</wf>
         <wf lemma="た" pos="X">た</wf>
         <wf lemma="こと" pos="X">こと</wf>
         <wf lemma="で" pos="X">で</wf>
         <wf lemma="苦しむ" pos="X">苦しむ</wf>
         <wf lemma="." pos="X">.</wf>
      </sentence>
      <sentence id="d000.s5135" source="wordnet-japanese">
         <wf lemma="彼" pos="X">彼</wf>
         <wf lemma="は" pos="X">は</wf>
         <wf lemma="石炭" pos="X">石炭</wf>
         <instance id="d000.s5135.t000" lemma="層" pos="NOUN">層</instance>
         <wf lemma="で" pos="X">で</wf>
         <wf lemma="働い" pos="X">働い</wf>
         <wf lemma="て" pos="X">て</wf>
         <wf lemma="い" pos="X">い</wf>
         <wf lemma="た" pos="X">た</wf>
         <wf lemma="." pos="X">.</wf>
      </sentence>
      <sentence id="d000.s5136" source="wordnet-japanese">
         <wf lemma="実際" pos="X">実際</wf>
         <wf lemma="の" pos="X">の</wf>
         <instance id="d000.s5136.t000" lemma="戦闘" pos="NOUN">戦闘</instance>
         <wf lemma="に" pos="X">に</wf>
         <wf lemma="参加" pos="X">参加</wf>
         <wf lemma="し" pos="X">し</wf>
         <wf lemma="た" pos="X">た</wf>
         <wf lemma="とき" pos="X">とき</wf>
         <wf lemma="、" pos="X">、</wf>
         <wf lemma="彼" pos="X">彼</wf>
         <wf lemma="は" pos="X">は</wf>
         <wf lemma="戦争" pos="X">戦争</wf>
         <wf lemma="に対する" pos="X">に対する</wf>
         <wf lemma="ロマンチック" pos="X">ロマンチック</wf>
         <wf lemma="な" pos="X">な</wf>
         <wf lemma="考え" pos="X">考え</wf>
         <wf lemma="を" pos="X">を</wf>
         <wf lemma="失っ" pos="X">失っ</wf>
         <wf lemma="た" pos="X">た</wf>
         <wf lemma="." pos="X">.</wf>
      </sentence>
      <sentence id="d000.s5137" source="wordnet-japanese">
         <wf lemma="解放" pos="X">解放</wf>
         <wf lemma="さ" pos="X">さ</wf>
         <wf lemma="れ" pos="X">れ</wf>
         <wf lemma="た" pos="X">た</wf>
         <wf lemma="人質" pos="X">人質</wf>
         <wf lemma="の" pos="X">の</wf>
         <wf lemma="帰還" pos="X">帰還</wf>
         <wf lemma="は" pos="X">は</wf>
         <wf lemma="、" pos="X">、</wf>
         <instance id="d000.s5137.t000" lemma="感動的" pos="ADJ">感動的</instance>
         <wf lemma="な" pos="X">な</wf>
         <wf lemma="場面" pos="X">場面</wf>
         <wf lemma="だっ" pos="X">だっ</wf>
         <wf lemma="た" pos="X">た</wf>
         <wf lemma="." pos="X">.</wf>
      </sentence>
      <sentence id="d000.s5138" source="wordnet-japanese">
         <instance id="d000.s5138.t000" lemma="神経学的" pos="ADJ">神経学的</instance>
         <wf lemma="な" pos="X">な</wf>
         <wf lemma="証拠" pos="X">証拠</wf>
         <wf lemma="." pos="X">.</wf>
      </sentence>
      <sentence id="d000.s5139" source="wordnet-japanese">
         <wf lemma="文明" pos="X">文明</wf>
         <wf lemma="の" pos="X">の</wf>
         <instance id="d000.s5139.t000" lemma="発祥地" pos="NOUN">発祥地</instance>
         <wf lemma="." pos="X">.</wf>
      </sentence>
      <sentence id="d000.s5140" source="wordnet-japanese">
         <wf lemma="彼女" pos="X">彼女</wf>
         <wf lemma="は" pos="X">は</wf>
         <instance id="d000.s5140.t000" lemma="注目" pos="NOUN">注目</instance>
         <wf lemma="の" pos="X">の</wf>
         <wf lemma="的" pos="X">的</wf>
         <wf lemma="だっ" pos="X">だっ</wf>
         <wf lemma="た" pos="X">た</wf>
         <wf lemma="." pos="X">.</wf>
      </sentence>
      <sentence id="d000.s5141" source="wordnet-japanese">
         <wf lemma="彼" pos="X">彼</wf>
         <wf lemma="は" pos="X">は</wf>
         <wf lemma="最初" pos="X">最初</wf>
         <wf lemma="の" pos="X">の</wf>
         <instance id="d000.s5141.t000" lemma="取引" pos="NOUN">取引</instance>
         <wf lemma="を" pos="X">を</wf>
         <wf lemma="ちょうど" pos="X">ちょうど</wf>
         <wf lemma="終え" pos="X">終え</wf>
         <wf lemma="た" pos="X">た</wf>
         <wf lemma="ばかり" pos="X">ばかり</wf>
         <wf lemma="だ" pos="X">だ</wf>
         <wf lemma="." pos="X">.</wf>
      </sentence>
      <sentence id="d000.s5142" source="wordnet-japanese">
         <wf lemma="彼" pos="X">彼</wf>
         <wf lemma="の" pos="X">の</wf>
         <instance id="d000.s5142.t000" lemma="背中" pos="NOUN">背中</instance>
         <wf lemma="は" pos="X">は</wf>
         <wf lemma="よく" pos="X">よく</wf>
         <wf lemma="日焼け" pos="X">日焼け</wf>
         <wf lemma="し" pos="X">し</wf>
         <wf lemma="て" pos="X">て</wf>
         <wf lemma="い" pos="X">い</wf>
         <wf lemma="た" pos="X">た</wf>
         <wf lemma="." pos="X">.</wf>
      </sentence>
      <sentence id="d000.s5143" source="wordnet-japanese">
         <instance id="d000.s5143.t000" lemma="国家" pos="NOUN">国家</instance>
         <wf lemma="は" pos="X">は</wf>
         <wf lemma="所得税" pos="X">所得税</wf>
         <wf lemma="を" pos="X">を</wf>
         <wf lemma="引き下げ" pos="X">引き下げ</wf>
         <wf lemma="た" pos="X">た</wf>
         <wf lemma="." pos="X">.</wf>
      </sentence>
      <sentence id="d000.s5144" source="wordnet-japanese">
         <wf lemma="彼" pos="X">彼</wf>
         <wf lemma="の" pos="X">の</wf>
         <wf lemma="無実" pos="X">無実</wf>
         <wf lemma="の" pos="X">の</wf>
         <instance id="d000.s5144.t000" lemma="申し立て" pos="NOUN">申し立て</instance>
         <wf lemma="." pos="X">.</wf>
      </sentence>
      <sentence id="d000.s5145" source="wordnet-japanese">
         <wf lemma="ドレス" pos="X">ドレス</wf>
         <wf lemma="を" pos="X">を</wf>
         <instance id="d000.s5145.t000" lemma="作る" pos="VERB">作る</instance>
         <wf lemma="." pos="X">.</wf>
      </sentence>
      <sentence id="d000.s5146" source="wordnet-japanese">
         <wf lemma="彼" pos="X">彼</wf>
         <wf lemma="の" pos="X">の</wf>
         <instance id="d000.s5146.t000" lemma="世界" pos="NOUN">世界</instance>
         <wf lemma="は" pos="X">は</wf>
         <wf lemma="粉砕" pos="X">粉砕</wf>
         <wf lemma="さ" pos="X">さ</wf>
         <wf lemma="れ" pos="X">れ</wf>
         <wf lemma="た" pos="X">た</wf>
         <wf lemma="." pos="X">.</wf>
      </sentence>
      <sentence id="d000.s5147" source="wordnet-japanese">
         <instance id="d000.s5147.t000" lemma="示唆的" pos="ADJ">示唆的</instance>
         <wf lemma="な" pos="X">な</wf>
         <wf lemma="うなずき" pos="X">うなずき</wf>
         <wf lemma="." pos="X">.</wf>
      </sentence>
      <sentence id="d000.s5148" source="wordnet-japanese">
         <wf lemma="両" pos="X">両</wf>
         <wf lemma="当事者" pos="X">当事者</wf>
         <wf lemma="は" pos="X">は</wf>
         <wf lemma="、" pos="X">、</wf>
         <wf lemma="提案" pos="X">提案</wf>
         <wf lemma="さ" pos="X">さ</wf>
         <wf lemma="れ" pos="X">れ</wf>
         <wf lemma="た" pos="X">た</wf>
         <wf lemma="条項" pos="X">条項</wf>
         <wf lemma="の" pos="X">の</wf>
         <instance id="d000.s5148.t000" lemma="削除" pos="NOUN">削除</instance>
         <wf lemma="について" pos="X">について</wf>
         <wf lemma="合意" pos="X">合意</wf>
         <wf lemma="し" pos="X">し</wf>
         <wf lemma="た" pos="X">た</wf>
         <wf lemma="." pos="X">.</wf>
      </sentence>
      <sentence id="d000.s5149" source="wordnet-japanese">
         <wf lemma="彼" pos="X">彼</wf>
         <wf lemma="は" pos="X">は</wf>
         <wf lemma="、" pos="X">、</wf>
         <instance id="d000.s5149.t000" lemma="表" pos="NOUN">表</instance>
         <wf lemma="を" pos="X">を</wf>
         <wf lemma="伏せ" pos="X">伏せ</wf>
         <wf lemma="て" pos="X">て</wf>
         <wf lemma="カード" pos="X">カード</wf>
         <wf lemma="を" pos="X">を</wf>
         <wf lemma="配っ" pos="X">配っ</wf>
         <wf lemma="た" pos="X">た</wf>
         <wf lemma="." pos="X">.</wf>
      </sentence>
      <sentence id="d000.s5150" source="wordnet-japanese">
         <wf lemma="『" pos="X">『</wf>
         <wf lemma="most" pos="X">most</wf>
         <wf lemma="surely" pos="X">surely</wf>
         <wf lemma="』" pos="X">』</wf>
         <wf lemma="は" pos="X">は</wf>
         <wf lemma="形容詞" pos="X">形容詞</wf>
         <wf lemma="『" pos="X">『</wf>
         <wf lemma="surely" pos="X">surely</wf>
         <wf lemma="』" pos="X">』</wf>
         <wf lemma="の" pos="X">の</wf>
         <instance id="d000.s5150.t000" lemma="最上級" pos="NOUN">最上級</instance>
         <wf lemma="である" pos="X">である</wf>
         <wf lemma="." pos="X">.</wf>
      </sentence>
      <sentence id="d000.s5151" source="wordnet-japanese">
         <instance id="d000.s5151.t000" lemma="独特" pos="ADJ">独特</instance>
         <wf lemma="の" pos="X">の</wf>
         <wf lemma="スタイル" pos="X">スタイル</wf>
         <wf lemma="." pos="X">.</wf>
      </sentence>
      <sentence id="d000.s5152" source="wordnet-japanese">
         <wf lemma="彼" pos="X">彼</wf>
         <wf lemma="は" pos="X">は</wf>
         <wf lemma="、" pos="X">、</wf>
         <instance id="d000.s5152.t000" lemma="靴磨き" pos="NOUN">靴磨き</instance>
         <wf lemma="に" pos="X">に</wf>
         <wf lemma="1" pos="X">1</wf>
         <wf lemma="ドル" pos="X">ドル</wf>
         <wf lemma="請求" pos="X">請求</wf>
         <wf lemma="し" pos="X">し</wf>
         <wf lemma="た" pos="X">た</wf>
         <wf lemma="." pos="X">.</wf>
      </sentence>
      <sentence id="d000.s5153" source="wordnet-japanese">
         <wf lemma="その" pos="X">その</wf>
         <instance id="d000.s5153.t000" lemma="ゲーム" pos="NOUN">ゲーム</instance>
         <wf lemma="は" pos="X">は</wf>
         <wf lemma="2" pos="X">2</wf>
         <wf lemma="時間" pos="X">時間</wf>
         <wf lemma="続い" pos="X">続い</wf>
         <wf lemma="た" pos="X">た</wf>
         <wf lemma="." pos="X">.</wf>
      </sentence>
      <sentence id="d000.s5154" source="wordnet-japanese">
         <wf lemma="悪い" pos="X">悪い</wf>
         <wf lemma="考え" pos="X">考え</wf>
         <wf lemma="を" pos="X">を</wf>
         <instance id="d000.s5154.t000" lemma="追い払う" pos="VERB">追い払う</instance>
         <wf lemma="." pos="X">.</wf>
      </sentence>
      <sentence id="d000.s5155" source="wordnet-japanese">
         <wf lemma="彼" pos="X">彼</wf>
         <wf lemma="は" pos="X">は</wf>
         <wf lemma="ウイスキー" pos="X">ウイスキー</wf>
         <wf lemma="の" pos="X">の</wf>
         <instance id="d000.s5155.t000" lemma="ショット" pos="NOUN">ショット</instance>
         <wf lemma="を" pos="X">を</wf>
         <wf lemma="注い" pos="X">注い</wf>
         <wf lemma="だ" pos="X">だ</wf>
         <wf lemma="." pos="X">.</wf>
      </sentence>
      <sentence id="d000.s5156" source="wordnet-japanese">
         <instance id="d000.s5156.t000" lemma="重い" pos="ADJ">重い</instance>
         <wf lemma="荷" pos="X">荷</wf>
         <wf lemma="." pos="X">.</wf>
      </sentence>
      <sentence id="d000.s5157" source="wordnet-japanese">
         <instance id="d000.s5157.t000" lemma="包括的" pos="ADJ">包括的</instance>
         <wf lemma="な" pos="X">な</wf>
         <wf lemma="調査" pos="X">調査</wf>
         <wf lemma="." pos="X">.</wf>
      </sentence>
      <sentence id="d000.s5158" source="wordnet-japanese">
         <wf lemma="仕事" pos="X">仕事</wf>
         <wf lemma="に" pos="X">に</wf>
         <wf lemma="復帰" pos="X">復帰</wf>
         <wf lemma="する" pos="X">する</wf>
         <wf lemma="と" pos="X">と</wf>
         <wf lemma="、" pos="X">、</wf>
         <wf lemma="彼" pos="X">彼</wf>
         <wf lemma="は" pos="X">は</wf>
         <wf lemma="新しい" pos="X">新しい</wf>
         <instance id="d000.s5158.t000" lemma="顔" pos="NOUN">顔</instance>
         <wf lemma="に" pos="X">に</wf>
         <wf lemma="たくさん" pos="X">たくさん</wf>
         <wf lemma="出会っ" pos="X">出会っ</wf>
         <wf lemma="た" pos="X">た</wf>
         <wf lemma="." pos="X">.</wf>
      </sentence>
      <sentence id="d000.s5159" source="wordnet-japanese">
         <instance id="d000.s5159.t000" lemma="不正直" pos="ADJ">不正直</instance>
         <wf lemma="な" pos="X">な</wf>
         <wf lemma="政治家" pos="X">政治家</wf>
         <wf lemma="." pos="X">.</wf>
      </sentence>
      <sentence id="d000.s5160" source="wordnet-japanese">
         <wf lemma="助ける" pos="X">助ける</wf>
         <wf lemma="と" pos="X">と</wf>
         <wf lemma="申し出" pos="X">申し出</wf>
         <wf lemma="た" pos="X">た</wf>
         <wf lemma="こと" pos="X">こと</wf>
         <wf lemma="は" pos="X">は</wf>
         <wf lemma="、" pos="X">、</wf>
         <wf lemma="呼吸" pos="X">呼吸</wf>
         <wf lemma="と" pos="X">と</wf>
         <wf lemma="同じ" pos="X">同じ</wf>
         <wf lemma="くらい" pos="X">くらい</wf>
         <instance id="d000.s5160.t000" lemma="本能的" pos="ADJ">本能的</instance>
         <wf lemma="だっ" pos="X">だっ</wf>
         <wf lemma="た" pos="X">た</wf>
         <wf lemma="." pos="X">.</wf>
      </sentence>
      <sentence id="d000.s5161" source="wordnet-japanese">
         <wf lemma="通念" pos="X">通念</wf>
         <wf lemma="と" pos="X">と</wf>
         <wf lemma="は" pos="X">は</wf>
         <wf lemma="逆" pos="X">逆</wf>
         <wf lemma="に" pos="X">に</wf>
         <wf lemma="、" pos="X">、</wf>
         <instance id="d000.s5161.t000" lemma="緑内障" pos="NOUN">緑内障</instance>
         <wf lemma="は" pos="X">は</wf>
         <wf lemma="高い" pos="X">高い</wf>
         <wf lemma="眼圧" pos="X">眼圧</wf>
         <wf lemma="によって" pos="X">によって</wf>
         <wf lemma="引き起こさ" pos="X">引き起こさ</wf>
         <wf lemma="れる" pos="X">れる</wf>
         <wf lemma="と" pos="X">と</wf>
         <wf lemma="は" pos="X">は</wf>
         <wf lemma="限ら" pos="X">限ら</wf>
         <wf lemma="ない" pos="X">ない</wf>
         <wf lemma="." pos="X">.</wf>
      </sentence>
      <sentence id="d000.s5162" source="wordnet-japanese">
         <wf lemma="彼" pos="X">彼</wf>
         <wf lemma="は" pos="X">は</wf>
         <wf lemma="、" pos="X">、</wf>
         <wf lemma="空中" pos="X">空中</wf>
         <wf lemma="を" pos="X">を</wf>
         <wf lemma="彼" pos="X">彼</wf>
         <wf lemma="の" pos="X">の</wf>
         <wf lemma="鼻" pos="X">鼻</wf>
         <wf lemma="で" pos="X">で</wf>
         <instance id="d000.s5162.t000" lemma="歩き回る" pos="VERB">歩き回る</instance>
         <wf lemma="." pos="X">.</wf>
      </sentence>
      <sentence id="d000.s5163" source="wordnet-japanese">
         <wf lemma="飛行機" pos="X">飛行機</wf>
         <wf lemma="は" pos="X">は</wf>
         <wf lemma="方向" pos="X">方向</wf>
         <wf lemma="転換" pos="X">転換</wf>
         <wf lemma="し" pos="X">し</wf>
         <wf lemma="て" pos="X">て</wf>
         <wf lemma="海" pos="X">海</wf>
         <wf lemma="から" pos="X">から</wf>
         <instance id="d000.s5163.t000" lemma="陸地" pos="NOUN">陸地</instance>
         <wf lemma="へ" pos="X">へ</wf>
         <wf lemma="と" pos="X">と</wf>
         <wf lemma="引き返し" pos="X">引き返し</wf>
         <wf lemma="た" pos="X">た</wf>
         <wf lemma="." pos="X">.</wf>
      </sentence>
      <sentence id="d000.s5164" source="wordnet-japanese">
         <instance id="d000.s5164.t000" lemma="横柄" pos="ADJ">横柄</instance>
         <wf lemma="な" pos="X">な</wf>
         <wf lemma="貴族" pos="X">貴族</wf>
         <wf lemma="." pos="X">.</wf>
      </sentence>
      <sentence id="d000.s5165" source="wordnet-japanese">
         <wf lemma="花" pos="X">花</wf>
         <wf lemma="は" pos="X">は</wf>
         <wf lemma="若い" pos="X">若い</wf>
         <wf lemma="女の子" pos="X">女の子</wf>
         <wf lemma="を" pos="X">を</wf>
         <instance id="d000.s5165.t000" lemma="表す" pos="VERB">表す</instance>
         <wf lemma="." pos="X">.</wf>
      </sentence>
      <sentence id="d000.s5166" source="wordnet-japanese">
         <wf lemma="彼" pos="X">彼</wf>
         <wf lemma="が" pos="X">が</wf>
         <wf lemma="フォーク" pos="X">フォーク</wf>
         <wf lemma="で" pos="X">で</wf>
         <wf lemma="グラス" pos="X">グラス</wf>
         <wf lemma="を" pos="X">を</wf>
         <wf lemma="たたい" pos="X">たたい</wf>
         <wf lemma="て" pos="X">て</wf>
         <instance id="d000.s5166.t000" lemma="うるさい" pos="ADJ">うるさく</instance>
         <wf lemma="リズム" pos="X">リズム</wf>
         <wf lemma="を" pos="X">を</wf>
         <wf lemma="とる" pos="X">とる</wf>
         <wf lemma="こと" pos="X">こと</wf>
         <wf lemma="；" pos="X">；</wf>
         <wf lemma="うっとうしい" pos="X">うっとうしい</wf>
         <wf lemma="子供" pos="X">子供</wf>
         <wf lemma="；" pos="X">；</wf>
         <wf lemma="自分" pos="X">自分</wf>
         <wf lemma="が" pos="X">が</wf>
         <wf lemma="悪い" pos="X">悪い</wf>
         <wf lemma="と" pos="X">と</wf>
         <wf lemma="認め" pos="X">認め</wf>
         <wf lemma="なければ" pos="X">なければ</wf>
         <wf lemma="なら" pos="X">なら</wf>
         <wf lemma="ない" pos="X">ない</wf>
         <wf lemma="こと" pos="X">こと</wf>
         <wf lemma="は" pos="X">は</wf>
         <wf lemma="しゃく" pos="X">しゃく</wf>
         <wf lemma="に" pos="X">に</wf>
         <wf lemma="障る" pos="X">障る</wf>
         <wf lemma="." pos="X">.</wf>
      </sentence>
      <sentence id="d000.s5167" source="wordnet-japanese">
         <wf lemma="警察" pos="X">警察</wf>
         <wf lemma="は" pos="X">は</wf>
         <wf lemma="、" pos="X">、</wf>
         <wf lemma="バス" pos="X">バス</wf>
         <wf lemma="停留所" pos="X">停留所</wf>
         <wf lemma="で" pos="X">で</wf>
         <wf lemma="起こっ" pos="X">起こっ</wf>
         <wf lemma="た" pos="X">た</wf>
         <instance id="d000.s5167.t000" lemma="事件" pos="NOUN">事件</instance>
         <wf lemma="を" pos="X">を</wf>
         <wf lemma="捜査" pos="X">捜査</wf>
         <wf lemma="し" pos="X">し</wf>
         <wf lemma="た" pos="X">た</wf>
         <wf lemma="." pos="X">.</wf>
      </sentence>
      <sentence id="d000.s5168" source="wordnet-japanese">
         <wf lemma="映画" pos="X">映画</wf>
         <wf lemma="に" pos="X">に</wf>
         <wf lemma="は" pos="X">は</wf>
         <instance id="d000.s5168.t000" lemma="性" pos="NOUN">性</instance>
         <wf lemma="描写" pos="X">描写</wf>
         <wf lemma="や" pos="X">や</wf>
         <wf lemma="暴力的" pos="X">暴力的</wf>
         <wf lemma="な" pos="X">な</wf>
         <wf lemma="描写" pos="X">描写</wf>
         <wf lemma="は" pos="X">は</wf>
         <wf lemma="なかっ" pos="X">なかっ</wf>
         <wf lemma="た" pos="X">た</wf>
         <wf lemma="." pos="X">.</wf>
      </sentence>
      <sentence id="d000.s5169" source="wordnet-japanese">
         <wf lemma="彼" pos="X">彼</wf>
         <wf lemma="は" pos="X">は</wf>
         <instance id="d000.s5169.t000" lemma="倫理的" pos="ADV">倫理的</instance>
         <wf lemma="に" pos="X">に</wf>
         <wf lemma="振る舞っ" pos="X">振る舞っ</wf>
         <wf lemma="た" pos="X">た</wf>
         <wf lemma="." pos="X">.</wf>
      </sentence>
      <sentence id="d000.s5170" source="wordnet-japanese">
         <wf lemma="彼" pos="X">彼</wf>
         <wf lemma="は" pos="X">は</wf>
         <wf lemma="接着剤" pos="X">接着剤</wf>
         <wf lemma="の" pos="X">の</wf>
         <instance id="d000.s5170.t000" lemma="セット" pos="NOUN">セット</instance>
         <wf lemma="を" pos="X">を</wf>
         <wf lemma="試し" pos="X">試し</wf>
         <wf lemma="た" pos="X">た</wf>
         <wf lemma="." pos="X">.</wf>
      </sentence>
      <sentence id="d000.s5171" source="wordnet-japanese">
         <wf lemma="我々" pos="X">我々</wf>
         <wf lemma="は" pos="X">は</wf>
         <instance id="d000.s5171.t000" lemma="貨物輸送" pos="NOUN">貨物輸送</instance>
         <wf lemma="を" pos="X">を</wf>
         <wf lemma="支払う" pos="X">支払う</wf>
         <wf lemma="." pos="X">.</wf>
      </sentence>
      <sentence id="d000.s5172" source="wordnet-japanese">
         <instance id="d000.s5172.t000" lemma="より" pos="ADV">より</instance>
         <wf lemma="一層" pos="X">一層</wf>
         <wf lemma="おもしろい" pos="X">おもしろい</wf>
         <wf lemma="." pos="X">.</wf>
      </sentence>
      <sentence id="d000.s5173" source="wordnet-japanese">
         <wf lemma="彼ら" pos="X">彼ら</wf>
         <wf lemma="は" pos="X">は</wf>
         <wf lemma="2" pos="X">2</wf>
         <wf lemma="年間" pos="X">年間</wf>
         <instance id="d000.s5173.t000" lemma="生産的" pos="ADV">生産的</instance>
         <wf lemma="に" pos="X">に</wf>
         <wf lemma="一緒" pos="X">一緒</wf>
         <wf lemma="に" pos="X">に</wf>
         <wf lemma="働い" pos="X">働い</wf>
         <wf lemma="て" pos="X">て</wf>
         <wf lemma="い" pos="X">い</wf>
         <wf lemma="た" pos="X">た</wf>
         <wf lemma="." pos="X">.</wf>
      </sentence>
      <sentence id="d000.s5174" source="wordnet-japanese">
         <wf lemma="彼" pos="X">彼</wf>
         <wf lemma="の" pos="X">の</wf>
         <wf lemma="風" pos="X">風</wf>
         <wf lemma="景画" pos="X">景画</wf>
         <wf lemma="は" pos="X">は</wf>
         <wf lemma="美" pos="X">美</wf>
         <wf lemma="の" pos="X">の</wf>
         <instance id="d000.s5174.t000" lemma="極致" pos="NOUN">極致</instance>
         <wf lemma="だ" pos="X">だ</wf>
         <wf lemma="と" pos="X">と</wf>
         <wf lemma="思わ" pos="X">思わ</wf>
         <wf lemma="れ" pos="X">れ</wf>
         <wf lemma="て" pos="X">て</wf>
         <wf lemma="いる" pos="X">いる</wf>
         <wf lemma="." pos="X">.</wf>
      </sentence>
      <sentence id="d000.s5175" source="wordnet-japanese">
         <wf lemma="プログラム" pos="X">プログラム</wf>
         <wf lemma="が" pos="X">が</wf>
         <wf lemma="実行" pos="X">実行</wf>
         <wf lemma="さ" pos="X">さ</wf>
         <wf lemma="れる" pos="X">れる</wf>
         <wf lemma="速度" pos="X">速度</wf>
         <wf lemma="は" pos="X">は</wf>
         <wf lemma="それ" pos="X">それ</wf>
         <wf lemma="が" pos="X">が</wf>
         <wf lemma="書か" pos="X">書か</wf>
         <wf lemma="れ" pos="X">れ</wf>
         <wf lemma="て" pos="X">て</wf>
         <wf lemma="いる" pos="X">いる</wf>
         <instance id="d000.s5175.t000" lemma="言語" pos="NOUN">言語</instance>
         <wf lemma="に" pos="X">に</wf>
         <wf lemma="依存" pos="X">依存</wf>
         <wf lemma="する" pos="X">する</wf>
         <wf lemma="." pos="X">.</wf>
      </sentence>
      <sentence id="d000.s5176" source="wordnet-japanese">
         <wf lemma="土地" pos="X">土地</wf>
         <wf lemma="を" pos="X">を</wf>
         <instance id="d000.s5176.t000" lemma="耕す" pos="VERB">耕す</instance>
         <wf lemma="." pos="X">.</wf>
      </sentence>
      <sentence id="d000.s5177" source="wordnet-japanese">
         <instance id="d000.s5177.t000" lemma="不器用" pos="ADJ">不器用</instance>
         <wf lemma="な" pos="X">な</wf>
         <wf lemma="政府" pos="X">政府</wf>
         <wf lemma="の" pos="X">の</wf>
         <wf lemma="干渉" pos="X">干渉</wf>
         <wf lemma="." pos="X">.</wf>
      </sentence>
      <sentence id="d000.s5178" source="wordnet-japanese">
         <wf lemma="まだ" pos="X">まだ</wf>
         <wf lemma="樹皮" pos="X">樹皮</wf>
         <wf lemma="が" pos="X">が</wf>
         <wf lemma="つい" pos="X">つい</wf>
         <wf lemma="た" pos="X">た</wf>
         <wf lemma="、" pos="X">、</wf>
         <instance id="d000.s5178.t000" lemma="粗雑" pos="ADJ">粗雑</instance>
         <wf lemma="な" pos="X">な</wf>
         <wf lemma="丸太小屋" pos="X">丸太小屋</wf>
         <wf lemma="." pos="X">.</wf>
      </sentence>
      <sentence id="d000.s5179" source="wordnet-japanese">
         <instance id="d000.s5179.t000" lemma="甘い" pos="ADJ">甘い</instance>
         <wf lemma="先生" pos="X">先生</wf>
         <wf lemma="." pos="X">.</wf>
      </sentence>
      <sentence id="d000.s5180" source="wordnet-japanese">
         <wf lemma="イラスト" pos="X">イラスト</wf>
         <wf lemma="が" pos="X">が</wf>
         <wf lemma="本" pos="X">本</wf>
         <wf lemma="の" pos="X">の</wf>
         <instance id="d000.s5180.t000" lemma="審美的" pos="ADJ">審美的</instance>
         <wf lemma="成功" pos="X">成功</wf>
         <wf lemma="を" pos="X">を</wf>
         <wf lemma="もたらし" pos="X">もたらし</wf>
         <wf lemma="た" pos="X">た</wf>
         <wf lemma="." pos="X">.</wf>
      </sentence>
      <sentence id="d000.s5181" source="wordnet-japanese">
         <wf lemma="報復" pos="X">報復</wf>
         <wf lemma="と" pos="X">と</wf>
         <wf lemma="復しゅう" pos="X">復しゅう</wf>
         <wf lemma="の" pos="X">の</wf>
         <instance id="d000.s5181.t000" lemma="反復" pos="NOUN">反復</instance>
         <wf lemma="." pos="X">.</wf>
      </sentence>
      <sentence id="d000.s5182" source="wordnet-japanese">
         <wf lemma="計画" pos="X">計画</wf>
         <wf lemma="は" pos="X">は</wf>
         <instance id="d000.s5182.t000" lemma="複雑" pos="ADJ">複雑</instance>
         <wf lemma="すぎ" pos="X">すぎ</wf>
         <wf lemma="た" pos="X">た</wf>
         <wf lemma="." pos="X">.</wf>
      </sentence>
      <sentence id="d000.s5183" source="wordnet-japanese">
         <wf lemma="その" pos="X">その</wf>
         <wf lemma="人" pos="X">人</wf>
         <wf lemma="が" pos="X">が</wf>
         <wf lemma="有罪" pos="X">有罪</wf>
         <wf lemma="である" pos="X">である</wf>
         <wf lemma="と" pos="X">と</wf>
         <instance id="d000.s5183.t000" lemma="判じる" pos="VERB">判じる</instance>
         <wf lemma="." pos="X">.</wf>
      </sentence>
      <sentence id="d000.s5184" source="wordnet-japanese">
         <wf lemma="彼" pos="X">彼</wf>
         <wf lemma="の" pos="X">の</wf>
         <wf lemma="行い" pos="X">行い</wf>
         <wf lemma="の" pos="X">の</wf>
         <instance id="d000.s5184.t000" lemma="典型的" pos="ADJ">典型的</instance>
         <wf lemma="な" pos="X">な</wf>
         <wf lemma="動作" pos="X">動作</wf>
         <wf lemma="." pos="X">.</wf>
      </sentence>
      <sentence id="d000.s5185" source="wordnet-japanese">
         <wf lemma="笑い" pos="X">笑い</wf>
         <wf lemma="の" pos="X">の</wf>
         <instance id="d000.s5185.t000" lemma="伝染" pos="NOUN">伝染</instance>
         <wf lemma="." pos="X">.</wf>
      </sentence>
      <sentence id="d000.s5186" source="wordnet-japanese">
         <instance id="d000.s5186.t000" lemma="一貫性" pos="NOUN">一貫性</instance>
         <wf lemma="の" pos="X">の</wf>
         <wf lemma="ない" pos="X">ない</wf>
         <wf lemma="まとまり" pos="X">まとまり</wf>
         <wf lemma="の" pos="X">の</wf>
         <wf lemma="ない" pos="X">ない</wf>
         <wf lemma="議論" pos="X">議論</wf>
         <wf lemma="." pos="X">.</wf>
      </sentence>
      <sentence id="d000.s5187" source="wordnet-japanese">
         <instance id="d000.s5187.t000" lemma="些細" pos="ADJ">些細</instance>
         <wf lemma="な" pos="X">な</wf>
         <wf lemma="気持ち" pos="X">気持ち</wf>
         <wf lemma="." pos="X">.</wf>
      </sentence>
      <sentence id="d000.s5188" source="wordnet-japanese">
         <wf lemma="ワードネット" pos="X">ワードネット</wf>
         <wf lemma="は" pos="X">は</wf>
         <wf lemma="世界" pos="X">世界</wf>
         <wf lemma="中" pos="X">中</wf>
         <wf lemma="の" pos="X">の</wf>
         <wf lemma="ユーザー" pos="X">ユーザー</wf>
         <wf lemma="の" pos="X">の</wf>
         <wf lemma="間" pos="X">間</wf>
         <wf lemma="で" pos="X">で</wf>
         <instance id="d000.s5188.t000" lemma="ヒット" pos="NOUN">ヒット</instance>
         <wf lemma="し" pos="X">し</wf>
         <wf lemma="て" pos="X">て</wf>
         <wf lemma="いる" pos="X">いる</wf>
         <wf lemma="." pos="X">.</wf>
      </sentence>
      <sentence id="d000.s5189" source="wordnet-japanese">
         <wf lemma="レギュラー" pos="X">レギュラー</wf>
         <wf lemma="投手" pos="X">投手</wf>
         <wf lemma="陣" pos="X">陣</wf>
         <wf lemma="の" pos="X">の</wf>
         <wf lemma="一人" pos="X">一人</wf>
         <wf lemma="が" pos="X">が</wf>
         <wf lemma="病院" pos="X">病院</wf>
         <wf lemma="に" pos="X">に</wf>
         <wf lemma="入っ" pos="X">入っ</wf>
         <wf lemma="た" pos="X">た</wf>
         <wf lemma="ので" pos="X">ので</wf>
         <wf lemma="彼" pos="X">彼</wf>
         <wf lemma="が" pos="X">が</wf>
         <instance id="d000.s5189.t000" lemma="先発" pos="NOUN">先発</instance>
         <wf lemma="を" pos="X">を</wf>
         <wf lemma="務め" pos="X">務め</wf>
         <wf lemma="た" pos="X">た</wf>
         <wf lemma="." pos="X">.</wf>
      </sentence>
      <sentence id="d000.s5190" source="wordnet-japanese">
         <instance id="d000.s5190.t000" lemma="不可解" pos="ADJ">不可解</instance>
         <wf lemma="な" pos="X">な</wf>
         <wf lemma="声明" pos="X">声明</wf>
         <wf lemma="." pos="X">.</wf>
      </sentence>
      <sentence id="d000.s5191" source="wordnet-japanese">
         <wf lemma="騒がしい" pos="X">騒がしい</wf>
         <instance id="d000.s5191.t000" lemma="不敬" pos="ADJ">不敬</instance>
         <wf lemma="な" pos="X">な</wf>
         <wf lemma="観光客" pos="X">観光客</wf>
         <wf lemma="." pos="X">.</wf>
      </sentence>
      <sentence id="d000.s5192" source="wordnet-japanese">
         <wf lemma="一部" pos="X">一部</wf>
         <wf lemma="の" pos="X">の</wf>
         <wf lemma="人々" pos="X">人々</wf>
         <wf lemma="は" pos="X">は</wf>
         <wf lemma="、" pos="X">、</wf>
         <wf lemma="審判" pos="X">審判</wf>
         <wf lemma="の" pos="X">の</wf>
         <wf lemma="日" pos="X">日</wf>
         <wf lemma="が" pos="X">が</wf>
         <instance id="d000.s5192.t000" lemma="間近" pos="ADJ">間近</instance>
         <wf lemma="に" pos="X">に</wf>
         <wf lemma="近づい" pos="X">近づい</wf>
         <wf lemma="て" pos="X">て</wf>
         <wf lemma="いる" pos="X">いる</wf>
         <wf lemma="と" pos="X">と</wf>
         <wf lemma="思っ" pos="X">思っ</wf>
         <wf lemma="て" pos="X">て</wf>
         <wf lemma="いる" pos="X">いる</wf>
         <wf lemma="." pos="X">.</wf>
      </sentence>
      <sentence id="d000.s5193" source="wordnet-japanese">
         <wf lemma="全く" pos="X">全く</wf>
         <instance id="d000.s5193.t000" lemma="平和" pos="ADJ">平和</instance>
         <wf lemma="で" pos="X">で</wf>
         <wf lemma="ない" pos="X">ない</wf>
         <wf lemma="クリスマス" pos="X">クリスマス</wf>
         <wf lemma="." pos="X">.</wf>
      </sentence>
      <sentence id="d000.s5194" source="wordnet-japanese">
         <instance id="d000.s5194.t000" lemma="微風" pos="NOUN">微風</instance>
         <wf lemma="は" pos="X">は</wf>
         <wf lemma="湖" pos="X">湖</wf>
         <wf lemma="によって" pos="X">によって</wf>
         <wf lemma="冷やさ" pos="X">冷やさ</wf>
         <wf lemma="れ" pos="X">れ</wf>
         <wf lemma="た" pos="X">た</wf>
         <wf lemma="." pos="X">.</wf>
      </sentence>
      <sentence id="d000.s5195" source="wordnet-japanese">
         <wf lemma="男" pos="X">男</wf>
         <wf lemma="が" pos="X">が</wf>
         <wf lemma="狩" pos="X">狩</wf>
         <wf lemma="に" pos="X">に</wf>
         <wf lemma="出" pos="X">出</wf>
         <wf lemma="て" pos="X">て</wf>
         <wf lemma="いる" pos="X">いる</wf>
         <wf lemma="間" pos="X">間</wf>
         <wf lemma="、" pos="X">、</wf>
         <instance id="d000.s5195.t000" lemma="女" pos="NOUN">女</instance>
         <wf lemma="は" pos="X">は</wf>
         <wf lemma="家" pos="X">家</wf>
         <wf lemma="を" pos="X">を</wf>
         <wf lemma="守っ" pos="X">守っ</wf>
         <wf lemma="た" pos="X">た</wf>
         <wf lemma="." pos="X">.</wf>
      </sentence>
      <sentence id="d000.s5196" source="wordnet-japanese">
         <wf lemma="外側" pos="X">外側</wf>
         <wf lemma="の" pos="X">の</wf>
         <wf lemma="空間" pos="X">空間</wf>
         <wf lemma="の" pos="X">の</wf>
         <instance id="d000.s5196.t000" lemma="空虚" pos="NOUN">空虚</instance>
         <wf lemma="さ" pos="X">さ</wf>
         <wf lemma="." pos="X">.</wf>
      </sentence>
      <sentence id="d000.s5197" source="wordnet-japanese">
         <wf lemma="彼" pos="X">彼</wf>
         <wf lemma="を" pos="X">を</wf>
         <instance id="d000.s5197.t000" lemma="軽い" pos="ADJ">軽く</instance>
         <wf lemma="からかっ" pos="X">からかっ</wf>
         <wf lemma="た" pos="X">た</wf>
         <wf lemma="." pos="X">.</wf>
      </sentence>
      <sentence id="d000.s5198" source="wordnet-japanese">
         <wf lemma="紙" pos="X">紙</wf>
         <wf lemma="の" pos="X">の</wf>
         <instance id="d000.s5198.t000" lemma="一片" pos="NOUN">一片</instance>
         <wf lemma="は" pos="X">は</wf>
         <wf lemma="彼" pos="X">彼</wf>
         <wf lemma="が" pos="X">が</wf>
         <wf lemma="必要" pos="X">必要</wf>
         <wf lemma="と" pos="X">と</wf>
         <wf lemma="し" pos="X">し</wf>
         <wf lemma="た" pos="X">た</wf>
         <wf lemma="すべて" pos="X">すべて</wf>
         <wf lemma="であっ" pos="X">であっ</wf>
         <wf lemma="た" pos="X">た</wf>
         <wf lemma="." pos="X">.</wf>
      </sentence>
      <sentence id="d000.s5199" source="wordnet-japanese">
         <wf lemma="荒唐" pos="X">荒唐</wf>
         <instance id="d000.s5199.t000" lemma="無稽" pos="ADJ">無稽</instance>
         <wf lemma="な" pos="X">な</wf>
         <wf lemma="ゴシップ" pos="X">ゴシップ</wf>
         <wf lemma="." pos="X">.</wf>
      </sentence>
      <sentence id="d000.s5200" source="wordnet-japanese">
         <wf lemma="太陽" pos="X">太陽</wf>
         <wf lemma="は" pos="X">は</wf>
         <wf lemma="、" pos="X">、</wf>
         <wf lemma="今日" pos="X">今日</wf>
         <wf lemma="、" pos="X">、</wf>
         <wf lemma="月" pos="X">月</wf>
         <wf lemma="を" pos="X">を</wf>
         <instance id="d000.s5200.t000" lemma="食する" pos="VERB">食する</instance>
         <wf lemma="." pos="X">.</wf>
      </sentence>
      <sentence id="d000.s5201" source="wordnet-japanese">
         <wf lemma="ヒューズ" pos="X">ヒューズ</wf>
         <wf lemma="が" pos="X">が</wf>
         <instance id="d000.s5201.t000" lemma="飛ぶ" pos="VERB">飛ん</instance>
         <wf lemma="だ" pos="X">だ</wf>
         <wf lemma="." pos="X">.</wf>
      </sentence>
      <sentence id="d000.s5202" source="wordnet-japanese">
         <wf lemma="電流" pos="X">電流</wf>
         <wf lemma="を" pos="X">を</wf>
         <wf lemma="運ぶ" pos="X">運ぶ</wf>
         <wf lemma="銅線" pos="X">銅線</wf>
         <wf lemma="が" pos="X">が</wf>
         <wf lemma="、" pos="X">、</wf>
         <wf lemma="その" pos="X">その</wf>
         <wf lemma="近く" pos="X">近く</wf>
         <wf lemma="で" pos="X">で</wf>
         <wf lemma="鉄か" pos="X">鉄か</wf>
         <wf lemma="鉄鋼" pos="X">鉄鋼</wf>
         <wf lemma="の" pos="X">の</wf>
         <wf lemma="断片" pos="X">断片</wf>
         <wf lemma="を" pos="X">を</wf>
         <wf lemma="磁化" pos="X">磁化</wf>
         <wf lemma="さ" pos="X">さ</wf>
         <wf lemma="せる" pos="X">せる</wf>
         <wf lemma="こと" pos="X">こと</wf>
         <wf lemma="が" pos="X">が</wf>
         <wf lemma="できる" pos="X">できる</wf>
         <wf lemma="と" pos="X">と</wf>
         <wf lemma="観測" pos="X">観測</wf>
         <wf lemma="さ" pos="X">さ</wf>
         <wf lemma="れ" pos="X">れ</wf>
         <wf lemma="た" pos="X">た</wf>
         <wf lemma="とき" pos="X">とき</wf>
         <wf lemma="、" pos="X">、</wf>
         <instance id="d000.s5202.t000" lemma="電磁気" pos="NOUN">電磁気</instance>
         <wf lemma="が" pos="X">が</wf>
         <wf lemma="発見" pos="X">発見</wf>
         <wf lemma="さ" pos="X">さ</wf>
         <wf lemma="れ" pos="X">れ</wf>
         <wf lemma="た" pos="X">た</wf>
         <wf lemma="." pos="X">.</wf>
      </sentence>
      <sentence id="d000.s5203" source="wordnet-japanese">
         <wf lemma="彼" pos="X">彼</wf>
         <wf lemma="は" pos="X">は</wf>
         <wf lemma="明日" pos="X">明日</wf>
         <wf lemma="の" pos="X">の</wf>
         <wf lemma="こと" pos="X">こと</wf>
         <wf lemma="を" pos="X">を</wf>
         <wf lemma="考え" pos="X">考え</wf>
         <wf lemma="ず" pos="X">ず</wf>
         <wf lemma="、" pos="X">、</wf>
         <instance id="d000.s5203.t000" lemma="今" pos="NOUN">今</instance>
         <wf lemma="を" pos="X">を</wf>
         <wf lemma="生き" pos="X">生き</wf>
         <wf lemma="て" pos="X">て</wf>
         <wf lemma="いる" pos="X">いる</wf>
         <wf lemma="." pos="X">.</wf>
      </sentence>
      <sentence id="d000.s5204" source="wordnet-japanese">
         <instance id="d000.s5204.t000" lemma="皮肉" pos="ADJ">皮肉</instance>
         <wf lemma="な" pos="X">な</wf>
         <wf lemma="微笑" pos="X">微笑</wf>
         <wf lemma="." pos="X">.</wf>
      </sentence>
      <sentence id="d000.s5205" source="wordnet-japanese">
         <wf lemma="人間" pos="X">人間</wf>
         <wf lemma="は" pos="X">は</wf>
         <instance id="d000.s5205.t000" lemma="社会的" pos="ADJ">社会的</instance>
         <wf lemma="な" pos="X">な</wf>
         <wf lemma="動物" pos="X">動物</wf>
         <wf lemma="である" pos="X">である</wf>
         <wf lemma="." pos="X">.</wf>
      </sentence>
      <sentence id="d000.s5206" source="wordnet-japanese">
         <instance id="d000.s5206.t000" lemma="健全" pos="ADJ">健全</instance>
         <wf lemma="な" pos="X">な</wf>
         <wf lemma="投資" pos="X">投資</wf>
         <wf lemma="." pos="X">.</wf>
      </sentence>
      <sentence id="d000.s5207" source="wordnet-japanese">
         <instance id="d000.s5207.t000" lemma="低い" pos="ADJ">低い</instance>
         <wf lemma="天井" pos="X">天井</wf>
         <wf lemma="." pos="X">.</wf>
      </sentence>
      <sentence id="d000.s5208" source="wordnet-japanese">
         <instance id="d000.s5208.t000" lemma="冷たい" pos="ADJ">冷たく</instance>
         <wf lemma="て" pos="X">て</wf>
         <wf lemma="情愛" pos="X">情愛</wf>
         <wf lemma="に" pos="X">に</wf>
         <wf lemma="欠け" pos="X">欠け</wf>
         <wf lemma="た" pos="X">た</wf>
         <wf lemma="人" pos="X">人</wf>
         <wf lemma="." pos="X">.</wf>
      </sentence>
      <sentence id="d000.s5209" source="wordnet-japanese">
         <instance id="d000.s5209.t000" lemma="結論" pos="NOUN">結論</instance>
         <wf lemma="と" pos="X">と</wf>
         <wf lemma="し" pos="X">し</wf>
         <wf lemma="て" pos="X">て</wf>
         <wf lemma="私" pos="X">私</wf>
         <wf lemma="が" pos="X">が</wf>
         <wf lemma="言い" pos="X">言い</wf>
         <wf lemma="たい" pos="X">たい</wf>
         <wf lemma="こと" pos="X">こと</wf>
         <wf lemma="は" pos="X">は</wf>
         <wf lemma="、" pos="X">、</wf>
         <wf lemma="..." pos="X">...</wf>
      </sentence>
      <sentence id="d000.s5210" source="wordnet-japanese">
         <wf lemma="あなた" pos="X">あなた</wf>
         <wf lemma="の" pos="X">の</wf>
         <wf lemma="色" pos="X">色</wf>
         <wf lemma="の" pos="X">の</wf>
         <instance id="d000.s5210.t000" lemma="選択" pos="NOUN">選択</instance>
         <wf lemma="は" pos="X">は</wf>
         <wf lemma="不" pos="X">不</wf>
         <wf lemma="適切" pos="X">適切</wf>
         <wf lemma="だっ" pos="X">だっ</wf>
         <wf lemma="た" pos="X">た</wf>
         <wf lemma="." pos="X">.</wf>
      </sentence>
      <sentence id="d000.s5211" source="wordnet-japanese">
         <instance id="d000.s5211.t000" lemma="構造的" pos="ADV">構造的</instance>
         <wf lemma="に" pos="X">に</wf>
         <wf lemma="、" pos="X">、</wf>
         <wf lemma="組織" pos="X">組織</wf>
         <wf lemma="は" pos="X">は</wf>
         <wf lemma="健全" pos="X">健全</wf>
         <wf lemma="である" pos="X">である</wf>
         <wf lemma="." pos="X">.</wf>
      </sentence>
      <sentence id="d000.s5212" source="wordnet-japanese">
         <wf lemma="それ" pos="X">それ</wf>
         <wf lemma="は" pos="X">は</wf>
         <instance id="d000.s5212.t000" lemma="事故" pos="NOUN">事故</instance>
         <wf lemma="か" pos="X">か</wf>
         <wf lemma="偶然" pos="X">偶然</wf>
         <wf lemma="が" pos="X">が</wf>
         <wf lemma="原因" pos="X">原因</wf>
         <wf lemma="だっ" pos="X">だっ</wf>
         <wf lemma="た" pos="X">た</wf>
         <wf lemma="." pos="X">.</wf>
      </sentence>
      <sentence id="d000.s5213" source="wordnet-japanese">
         <wf lemma="歯茎" pos="X">歯茎</wf>
         <wf lemma="の" pos="X">の</wf>
         <instance id="d000.s5213.t000" lemma="頬側" pos="ADJ">頬側</instance>
         <wf lemma="面" pos="X">面</wf>
         <wf lemma="." pos="X">.</wf>
      </sentence>
      <sentence id="d000.s5214" source="wordnet-japanese">
         <wf lemma="頭" pos="X">頭</wf>
         <wf lemma="を" pos="X">を</wf>
         <instance id="d000.s5214.t000" lemma="使う" pos="VERB">使っ</instance>
         <wf lemma="て" pos="X">て</wf>
         <wf lemma="ください" pos="X">ください</wf>
         <wf lemma="！" pos="X">！</wf>
         <wf lemma="." pos="X">.</wf>
      </sentence>
      <sentence id="d000.s5215" source="wordnet-japanese">
         <wf lemma="多数党" pos="X">多数党</wf>
         <wf lemma="の" pos="X">の</wf>
         <wf lemma="リーダー" pos="X">リーダー</wf>
         <wf lemma="は" pos="X">は</wf>
         <wf lemma="衆議院" pos="X">衆議院</wf>
         <instance id="d000.s5215.t000" lemma="議長" pos="NOUN">議長</instance>
         <wf lemma="である" pos="X">である</wf>
         <wf lemma="." pos="X">.</wf>
      </sentence>
      <sentence id="d000.s5216" source="wordnet-japanese">
         <instance id="d000.s5216.t000" lemma="正しい" pos="ADJ">正しい</instance>
         <wf lemma="決定" pos="X">決定</wf>
         <wf lemma="." pos="X">.</wf>
      </sentence>
      <sentence id="d000.s5217" source="wordnet-japanese">
         <wf lemma="彼" pos="X">彼</wf>
         <wf lemma="にとって" pos="X">にとって</wf>
         <wf lemma="彼女" pos="X">彼女</wf>
         <wf lemma="は" pos="X">は</wf>
         <wf lemma="不思議" pos="X">不思議</wf>
         <wf lemma="な" pos="X">な</wf>
         <instance id="d000.s5217.t000" lemma="魅力" pos="NOUN">魅力</instance>
         <wf lemma="を" pos="X">を</wf>
         <wf lemma="持っ" pos="X">持っ</wf>
         <wf lemma="て" pos="X">て</wf>
         <wf lemma="い" pos="X">い</wf>
         <wf lemma="た" pos="X">た</wf>
         <wf lemma="." pos="X">.</wf>
      </sentence>
      <sentence id="d000.s5218" source="wordnet-japanese">
         <wf lemma="われわれ" pos="X">われわれ</wf>
         <wf lemma="は" pos="X">は</wf>
         <wf lemma="共通" pos="X">共通</wf>
         <wf lemma="の" pos="X">の</wf>
         <wf lemma="素地" pos="X">素地</wf>
         <wf lemma="に" pos="X">に</wf>
         <instance id="d000.s5218.t000" lemma="立つ" pos="VERB">立つ</instance>
         <wf lemma="." pos="X">.</wf>
      </sentence>
      <sentence id="d000.s5219" source="wordnet-japanese">
         <wf lemma="その" pos="X">その</wf>
         <wf lemma="図書館" pos="X">図書館</wf>
         <wf lemma="は" pos="X">は</wf>
         <wf lemma="図書館" pos="X">図書館</wf>
         <wf lemma="相互" pos="X">相互</wf>
         <wf lemma="貸借" pos="X">貸借</wf>
         <wf lemma="協会" pos="X">協会</wf>
         <wf lemma="の" pos="X">の</wf>
         <instance id="d000.s5219.t000" lemma="会員" pos="NOUN">会員</instance>
         <wf lemma="だっ" pos="X">だっ</wf>
         <wf lemma="た" pos="X">た</wf>
         <wf lemma="." pos="X">.</wf>
      </sentence>
      <sentence id="d000.s5220" source="wordnet-japanese">
         <wf lemma="彼女" pos="X">彼女</wf>
         <wf lemma="は" pos="X">は</wf>
         <wf lemma="車" pos="X">車</wf>
         <wf lemma="を" pos="X">を</wf>
         <wf lemma="何" pos="X">何</wf>
         <wf lemma="台" pos="X">台</wf>
         <instance id="d000.s5220.t000" lemma="持つ" pos="VERB">持っ</instance>
         <wf lemma="て" pos="X">て</wf>
         <wf lemma="い" pos="X">い</wf>
         <wf lemma="ます" pos="X">ます</wf>
         <wf lemma="か" pos="X">か</wf>
         <wf lemma="？" pos="X">？</wf>
         <wf lemma="." pos="X">.</wf>
      </sentence>
      <sentence id="d000.s5221" source="wordnet-japanese">
         <wf lemma="大統領" pos="X">大統領</wf>
         <wf lemma="は" pos="X">は</wf>
         <instance id="d000.s5221.t000" lemma="僅差" pos="NOUN">僅差</instance>
         <wf lemma="の" pos="X">の</wf>
         <wf lemma="勝利" pos="X">勝利</wf>
         <wf lemma="によって" pos="X">によって</wf>
         <wf lemma="辱め" pos="X">辱め</wf>
         <wf lemma="られる" pos="X">られる</wf>
         <wf lemma="こと" pos="X">こと</wf>
         <wf lemma="は" pos="X">は</wf>
         <wf lemma="なかっ" pos="X">なかっ</wf>
         <wf lemma="た" pos="X">た</wf>
         <wf lemma="." pos="X">.</wf>
      </sentence>
      <sentence id="d000.s5222" source="wordnet-japanese">
         <wf lemma="ハワイ" pos="X">ハワイ</wf>
         <wf lemma="が" pos="X">が</wf>
         <instance id="d000.s5222.t000" lemma="呼ぶ" pos="VERB">呼ん</instance>
         <wf lemma="で" pos="X">で</wf>
         <wf lemma="いる" pos="X">いる</wf>
         <wf lemma="！" pos="X">！</wf>
         <wf lemma="." pos="X">.</wf>
      </sentence>
      <sentence id="d000.s5223" source="wordnet-japanese">
         <wf lemma="彼" pos="X">彼</wf>
         <wf lemma="が" pos="X">が</wf>
         <wf lemma="間違っ" pos="X">間違っ</wf>
         <wf lemma="た" pos="X">た</wf>
         <wf lemma="こと" pos="X">こと</wf>
         <wf lemma="を" pos="X">を</wf>
         <wf lemma="する" pos="X">する</wf>
         <instance id="d000.s5223.t000" lemma="危険" pos="NOUN">危険</instance>
         <wf lemma="は" pos="X">は</wf>
         <wf lemma="あっ" pos="X">あっ</wf>
         <wf lemma="た" pos="X">た</wf>
         <wf lemma="." pos="X">.</wf>
      </sentence>
      <sentence id="d000.s5224" source="wordnet-japanese">
         <wf lemma="私" pos="X">私</wf>
         <wf lemma="は" pos="X">は</wf>
         <wf lemma="完全" pos="X">完全</wf>
         <wf lemma="に" pos="X">に</wf>
         <wf lemma="彼" pos="X">彼</wf>
         <wf lemma="の" pos="X">の</wf>
         <wf lemma="名前" pos="X">名前</wf>
         <wf lemma="を" pos="X">を</wf>
         <wf lemma="知っ" pos="X">知っ</wf>
         <wf lemma="て" pos="X">て</wf>
         <wf lemma="い" pos="X">い</wf>
         <wf lemma="た" pos="X">た</wf>
         <wf lemma="が" pos="X">が</wf>
         <wf lemma="一時的" pos="X">一時的</wf>
         <wf lemma="に" pos="X">に</wf>
         <wf lemma="精神的" pos="X">精神的</wf>
         <instance id="d000.s5224.t000" lemma="遮断" pos="NOUN">遮断</instance>
         <wf lemma="に" pos="X">に</wf>
         <wf lemma="陥っ" pos="X">陥っ</wf>
         <wf lemma="た" pos="X">た</wf>
         <wf lemma="." pos="X">.</wf>
      </sentence>
      <sentence id="d000.s5225" source="wordnet-japanese">
         <wf lemma="新しい" pos="X">新しい</wf>
         <wf lemma="切手" pos="X">切手</wf>
         <wf lemma="の" pos="X">の</wf>
         <instance id="d000.s5225.t000" lemma="発行" pos="NOUN">発行</instance>
         <wf lemma="." pos="X">.</wf>
      </sentence>
      <sentence id="d000.s5226" source="wordnet-japanese">
         <instance id="d000.s5226.t000" lemma="微妙" pos="ADJ">微妙</instance>
         <wf lemma="な" pos="X">な</wf>
         <wf lemma="相違" pos="X">相違</wf>
         <wf lemma="." pos="X">.</wf>
      </sentence>
      <sentence id="d000.s5227" source="wordnet-japanese">
         <wf lemma="鉛" pos="X">鉛</wf>
         <wf lemma="を" pos="X">を</wf>
         <wf lemma="加える" pos="X">加える</wf>
         <wf lemma="と" pos="X">と</wf>
         <wf lemma="融点" pos="X">融点</wf>
         <wf lemma="が" pos="X">が</wf>
         <wf lemma="減少" pos="X">減少</wf>
         <wf lemma="し" pos="X">し</wf>
         <instance id="d000.s5227.t000" lemma="流動性" pos="NOUN">流動性</instance>
         <wf lemma="が" pos="X">が</wf>
         <wf lemma="増す" pos="X">増す</wf>
         <wf lemma="ので" pos="X">ので</wf>
         <wf lemma="、" pos="X">、</wf>
         <wf lemma="合金" pos="X">合金</wf>
         <wf lemma="を" pos="X">を</wf>
         <wf lemma="容易" pos="X">容易</wf>
         <wf lemma="に" pos="X">に</wf>
         <wf lemma="鋳造" pos="X">鋳造</wf>
         <wf lemma="する" pos="X">する</wf>
         <wf lemma="こと" pos="X">こと</wf>
         <wf lemma="が" pos="X">が</wf>
         <wf lemma="できる" pos="X">できる</wf>
         <wf lemma="." pos="X">.</wf>
      </sentence>
      <sentence id="d000.s5228" source="wordnet-japanese">
         <wf lemma="魚" pos="X">魚</wf>
         <wf lemma="は" pos="X">は</wf>
         <wf lemma="、" pos="X">、</wf>
         <wf lemma="哺乳類" pos="X">哺乳類</wf>
         <wf lemma="より" pos="X">より</wf>
         <wf lemma="単純" pos="X">単純</wf>
         <wf lemma="な" pos="X">な</wf>
         <instance id="d000.s5228.t000" lemma="ヘモグロビン" pos="NOUN">ヘモグロビン</instance>
         <wf lemma="を" pos="X">を</wf>
         <wf lemma="持っ" pos="X">持っ</wf>
         <wf lemma="て" pos="X">て</wf>
         <wf lemma="いる" pos="X">いる</wf>
         <wf lemma="." pos="X">.</wf>
      </sentence>
      <sentence id="d000.s5229" source="wordnet-japanese">
         <wf lemma="彼" pos="X">彼</wf>
         <wf lemma="に" pos="X">に</wf>
         <wf lemma="は" pos="X">は</wf>
         <wf lemma="、" pos="X">、</wf>
         <wf lemma="彼" pos="X">彼</wf>
         <wf lemma="自身" pos="X">自身</wf>
         <wf lemma="の" pos="X">の</wf>
         <wf lemma="死" pos="X">死</wf>
         <wf lemma="の" pos="X">の</wf>
         <instance id="d000.s5229.t000" lemma="ビジョン" pos="NOUN">ビジョン</instance>
         <wf lemma="が" pos="X">が</wf>
         <wf lemma="あっ" pos="X">あっ</wf>
         <wf lemma="た" pos="X">た</wf>
         <wf lemma="." pos="X">.</wf>
      </sentence>
      <sentence id="d000.s5230" source="wordnet-japanese">
         <wf lemma="幸福" pos="X">幸福</wf>
         <wf lemma="な" pos="X">な</wf>
         <instance id="d000.s5230.t000" lemma="運命" pos="NOUN">運命</instance>
         <wf lemma="を" pos="X">を</wf>
         <wf lemma="持っ" pos="X">持っ</wf>
         <wf lemma="て" pos="X">て</wf>
         <wf lemma="いる" pos="X">いる</wf>
         <wf lemma="." pos="X">.</wf>
      </sentence>
      <sentence id="d000.s5231" source="wordnet-japanese">
         <wf lemma="彼ら" pos="X">彼ら</wf>
         <wf lemma="は" pos="X">は</wf>
         <wf lemma="相互" pos="X">相互</wf>
         <instance id="d000.s5231.t000" lemma="支持" pos="NOUN">支持</instance>
         <wf lemma="の" pos="X">の</wf>
         <wf lemma="計画" pos="X">計画</wf>
         <wf lemma="を" pos="X">を</wf>
         <wf lemma="打ち立て" pos="X">打ち立て</wf>
         <wf lemma="た" pos="X">た</wf>
         <wf lemma="." pos="X">.</wf>
      </sentence>
      <sentence id="d000.s5232" source="wordnet-japanese">
         <instance id="d000.s5232.t000" lemma="逆境" pos="NOUN">逆境</instance>
         <wf lemma="と" pos="X">と</wf>
         <wf lemma="目" pos="X">目</wf>
         <wf lemma="さ" pos="X">さ</wf>
         <wf lemma="れ" pos="X">れ</wf>
         <wf lemma="た" pos="X">た</wf>
         <wf lemma="時期" pos="X">時期</wf>
         <wf lemma="." pos="X">.</wf>
      </sentence>
      <sentence id="d000.s5233" source="wordnet-japanese">
         <wf lemma="この" pos="X">この</wf>
         <wf lemma="赤い" pos="X">赤い</wf>
         <wf lemma="線" pos="X">線</wf>
         <wf lemma="は" pos="X">は</wf>
         <wf lemma="、" pos="X">、</wf>
         <wf lemma="緑色" pos="X">緑色</wf>
         <wf lemma="の" pos="X">の</wf>
         <wf lemma="線" pos="X">線</wf>
         <wf lemma="に" pos="X">に</wf>
         <instance id="d000.s5233.t000" lemma="垂直" pos="ADV">垂直</instance>
         <wf lemma="に" pos="X">に</wf>
         <wf lemma="走る" pos="X">走る</wf>
         <wf lemma="." pos="X">.</wf>
      </sentence>
      <sentence id="d000.s5234" source="wordnet-japanese">
         <wf lemma="私" pos="X">私</wf>
         <wf lemma="は" pos="X">は</wf>
         <wf lemma="、" pos="X">、</wf>
         <wf lemma="大統領" pos="X">大統領</wf>
         <wf lemma="が" pos="X">が</wf>
         <wf lemma="人々" pos="X">人々</wf>
         <wf lemma="に" pos="X">に</wf>
         <wf lemma="嘘" pos="X">嘘</wf>
         <wf lemma="を" pos="X">を</wf>
         <wf lemma="言っ" pos="X">言っ</wf>
         <wf lemma="た" pos="X">た</wf>
         <wf lemma="こと" pos="X">こと</wf>
         <wf lemma="を" pos="X">を</wf>
         <instance id="d000.s5234.t000" lemma="知る" pos="VERB">知っ</instance>
         <wf lemma="て" pos="X">て</wf>
         <wf lemma="いる" pos="X">いる</wf>
         <wf lemma="." pos="X">.</wf>
      </sentence>
      <sentence id="d000.s5235" source="wordnet-japanese">
         <wf lemma="彼" pos="X">彼</wf>
         <wf lemma="は" pos="X">は</wf>
         <wf lemma="冒険" pos="X">冒険</wf>
         <wf lemma="について" pos="X">について</wf>
         <instance id="d000.s5235.t000" lemma="生き生き" pos="ADV">生き生き</instance>
         <wf lemma="と" pos="X">と</wf>
         <wf lemma="説明" pos="X">説明</wf>
         <wf lemma="し" pos="X">し</wf>
         <wf lemma="た" pos="X">た</wf>
         <wf lemma="." pos="X">.</wf>
      </sentence>
      <sentence id="d000.s5236" source="wordnet-japanese">
         <wf lemma="スーザ" pos="X">スーザ</wf>
         <wf lemma="は" pos="X">は</wf>
         <wf lemma="最上" pos="X">最上</wf>
         <wf lemma="の" pos="X">の</wf>
         <instance id="d000.s5236.t000" lemma="マーチ" pos="NOUN">マーチ</instance>
         <wf lemma="を" pos="X">を</wf>
         <wf lemma="作曲" pos="X">作曲</wf>
         <wf lemma="し" pos="X">し</wf>
         <wf lemma="た" pos="X">た</wf>
         <wf lemma="." pos="X">.</wf>
      </sentence>
      <sentence id="d000.s5237" source="wordnet-japanese">
         <wf lemma="ロック" pos="X">ロック</wf>
         <wf lemma="は" pos="X">は</wf>
         <instance id="d000.s5237.t000" lemma="若者" pos="NOUN">若者</instance>
         <wf lemma="に" pos="X">に</wf>
         <wf lemma="アピール" pos="X">アピール</wf>
         <wf lemma="する" pos="X">する</wf>
         <wf lemma="." pos="X">.</wf>
      </sentence>
      <sentence id="d000.s5238" source="wordnet-japanese">
         <instance id="d000.s5238.t000" lemma="個々" pos="ADV">個々</instance>
         <wf lemma="に" pos="X">に</wf>
         <wf lemma="見る" pos="X">見る</wf>
         <wf lemma="と" pos="X">と</wf>
         <wf lemma="、" pos="X">、</wf>
         <wf lemma="部屋" pos="X">部屋</wf>
         <wf lemma="は" pos="X">は</wf>
         <wf lemma="、" pos="X">、</wf>
         <wf lemma="実際" pos="X">実際</wf>
         <wf lemma="は" pos="X">は</wf>
         <wf lemma="、" pos="X">、</wf>
         <wf lemma="四角かっ" pos="X">四角かっ</wf>
         <wf lemma="た" pos="X">た</wf>
         <wf lemma="." pos="X">.</wf>
      </sentence>
      <sentence id="d000.s5239" source="wordnet-japanese">
         <wf lemma="彼" pos="X">彼</wf>
         <wf lemma="は" pos="X">は</wf>
         <wf lemma="、" pos="X">、</wf>
         <wf lemma="絵" pos="X">絵</wf>
         <wf lemma="の" pos="X">の</wf>
         <instance id="d000.s5239.t000" lemma="コラージュ" pos="NOUN">コラージュ</instance>
         <wf lemma="を" pos="X">を</wf>
         <wf lemma="地図" pos="X">地図</wf>
         <wf lemma="の" pos="X">の</wf>
         <wf lemma="上" pos="X">上</wf>
         <wf lemma="に" pos="X">に</wf>
         <wf lemma="重ね" pos="X">重ね</wf>
         <wf lemma="さ" pos="X">さ</wf>
         <wf lemma="せる" pos="X">せる</wf>
         <wf lemma="の" pos="X">の</wf>
         <wf lemma="に" pos="X">に</wf>
         <wf lemma="コンピュータ" pos="X">コンピュータ</wf>
         <wf lemma="を" pos="X">を</wf>
         <wf lemma="使用" pos="X">使用</wf>
         <wf lemma="し" pos="X">し</wf>
         <wf lemma="た" pos="X">た</wf>
         <wf lemma="." pos="X">.</wf>
      </sentence>
      <sentence id="d000.s5240" source="wordnet-japanese">
         <wf lemma="私達" pos="X">私達</wf>
         <wf lemma="の" pos="X">の</wf>
         <instance id="d000.s5240.t000" lemma="ピッチャー" pos="NOUN">ピッチャー</instance>
         <wf lemma="は" pos="X">は</wf>
         <wf lemma="、" pos="X">、</wf>
         <wf lemma="腕" pos="X">腕</wf>
         <wf lemma="を" pos="X">を</wf>
         <wf lemma="痛め" pos="X">痛め</wf>
         <wf lemma="て" pos="X">て</wf>
         <wf lemma="いる" pos="X">いる</wf>
         <wf lemma="." pos="X">.</wf>
      </sentence>
      <sentence id="d000.s5241" source="wordnet-japanese">
         <wf lemma="私" pos="X">私</wf>
         <wf lemma="は" pos="X">は</wf>
         <wf lemma="その" pos="X">その</wf>
         <wf lemma="不利" pos="X">不利</wf>
         <wf lemma="な" pos="X">な</wf>
         <wf lemma="投資" pos="X">投資</wf>
         <wf lemma="で" pos="X">で</wf>
         <wf lemma="何" pos="X">何</wf>
         <wf lemma="千" pos="X">千</wf>
         <wf lemma="ドル" pos="X">ドル</wf>
         <wf lemma="を" pos="X">を</wf>
         <wf lemma="も" pos="X">も</wf>
         <instance id="d000.s5241.t000" lemma="失う" pos="VERB">失い</instance>
         <wf lemma="まし" pos="X">まし</wf>
         <wf lemma="た" pos="X">た</wf>
         <wf lemma="！" pos="X">！</wf>
         <wf lemma="." pos="X">.</wf>
      </sentence>
      <sentence id="d000.s5242" source="wordnet-japanese">
         <wf lemma="2" pos="X">2</wf>
         <wf lemma="本" pos="X">本</wf>
         <wf lemma="の" pos="X">の</wf>
         <wf lemma="道" pos="X">道</wf>
         <wf lemma="は" pos="X">は</wf>
         <wf lemma="、" pos="X">、</wf>
         <wf lemma="ここ" pos="X">ここ</wf>
         <wf lemma="で" pos="X">で</wf>
         <instance id="d000.s5242.t000" lemma="交わる" pos="VERB">交わる</instance>
         <wf lemma="." pos="X">.</wf>
      </sentence>
      <sentence id="d000.s5243" source="wordnet-japanese">
         <wf lemma="彼ら" pos="X">彼ら</wf>
         <wf lemma="は" pos="X">は</wf>
         <wf lemma="、" pos="X">、</wf>
         <instance id="d000.s5243.t000" lemma="共同" pos="NOUN">共同</instance>
         <wf lemma="で" pos="X">で</wf>
         <wf lemma="働い" pos="X">働い</wf>
         <wf lemma="たり" pos="X">たり</wf>
         <wf lemma="、" pos="X">、</wf>
         <wf lemma="別々" pos="X">別々</wf>
         <wf lemma="に" pos="X">に</wf>
         <wf lemma="働い" pos="X">働い</wf>
         <wf lemma="たり" pos="X">たり</wf>
         <wf lemma="し" pos="X">し</wf>
         <wf lemma="た" pos="X">た</wf>
         <wf lemma="." pos="X">.</wf>
      </sentence>
      <sentence id="d000.s5244" source="wordnet-japanese">
         <wf lemma="事実" pos="X">事実</wf>
         <wf lemma="に対する" pos="X">に対する</wf>
         <wf lemma="彼" pos="X">彼</wf>
         <wf lemma="の" pos="X">の</wf>
         <wf lemma="欲求" pos="X">欲求</wf>
         <wf lemma="は" pos="X">は</wf>
         <wf lemma="彼" pos="X">彼</wf>
         <wf lemma="の" pos="X">の</wf>
         <instance id="d000.s5244.t000" lemma="消化" pos="NOUN">消化</instance>
         <wf lemma="より" pos="X">より</wf>
         <wf lemma="よかっ" pos="X">よかっ</wf>
         <wf lemma="た" pos="X">た</wf>
         <wf lemma="." pos="X">.</wf>
      </sentence>
      <sentence id="d000.s5245" source="wordnet-japanese">
         <wf lemma="ギリシア" pos="X">ギリシア</wf>
         <wf lemma="文明" pos="X">文明</wf>
         <wf lemma="の" pos="X">の</wf>
         <instance id="d000.s5245.t000" lemma="発展" pos="NOUN">発展</instance>
         <wf lemma="." pos="X">.</wf>
      </sentence>
      <sentence id="d000.s5246" source="wordnet-japanese">
         <wf lemma="人口" pos="X">人口</wf>
         <wf lemma="の" pos="X">の</wf>
         <instance id="d000.s5246.t000" lemma="増加" pos="NOUN">増加</instance>
         <wf lemma="." pos="X">.</wf>
      </sentence>
      <sentence id="d000.s5247" source="wordnet-japanese">
         <wf lemma="彼ら" pos="X">彼ら</wf>
         <wf lemma="は" pos="X">は</wf>
         <wf lemma="、" pos="X">、</wf>
         <wf lemma="彼" pos="X">彼</wf>
         <wf lemma="の" pos="X">の</wf>
         <instance id="d000.s5247.t000" lemma="選挙" pos="NOUN">選挙</instance>
         <wf lemma="を" pos="X">を</wf>
         <wf lemma="祝っ" pos="X">祝っ</wf>
         <wf lemma="た" pos="X">た</wf>
         <wf lemma="." pos="X">.</wf>
      </sentence>
      <sentence id="d000.s5248" source="wordnet-japanese">
         <wf lemma="彼女" pos="X">彼女</wf>
         <wf lemma="は" pos="X">は</wf>
         <wf lemma="とても" pos="X">とても</wf>
         <wf lemma="動揺" pos="X">動揺</wf>
         <wf lemma="し" pos="X">し</wf>
         <wf lemma="て" pos="X">て</wf>
         <wf lemma="い" pos="X">い</wf>
         <wf lemma="た" pos="X">た</wf>
         <wf lemma="ので" pos="X">ので</wf>
         <instance id="d000.s5248.t000" lemma="来る" pos="VERB">来る</instance>
         <wf lemma="こと" pos="X">こと</wf>
         <wf lemma="が" pos="X">が</wf>
         <wf lemma="でき" pos="X">でき</wf>
         <wf lemma="なかっ" pos="X">なかっ</wf>
         <wf lemma="た" pos="X">た</wf>
         <wf lemma="." pos="X">.</wf>
      </sentence>
      <sentence id="d000.s5249" source="wordnet-japanese">
         <instance id="d000.s5249.t000" lemma="粗末" pos="ADJ">粗末</instance>
         <wf lemma="な" pos="X">な</wf>
         <wf lemma="添え木" pos="X">添え木</wf>
         <wf lemma="を" pos="X">を</wf>
         <wf lemma="何とか" pos="X">何とか</wf>
         <wf lemma="作っ" pos="X">作っ</wf>
         <wf lemma="た" pos="X">た</wf>
         <wf lemma="." pos="X">.</wf>
      </sentence>
      <sentence id="d000.s5250" source="wordnet-japanese">
         <wf lemma="彼" pos="X">彼</wf>
         <wf lemma="は" pos="X">は</wf>
         <wf lemma="妻" pos="X">妻</wf>
         <wf lemma="の" pos="X">の</wf>
         <instance id="d000.s5250.t000" lemma="欠点" pos="NOUN">欠点</instance>
         <wf lemma="を" pos="X">を</wf>
         <wf lemma="素早く" pos="X">素早く</wf>
         <wf lemma="指摘" pos="X">指摘</wf>
         <wf lemma="し" pos="X">し</wf>
         <wf lemma="た" pos="X">た</wf>
         <wf lemma="." pos="X">.</wf>
      </sentence>
      <sentence id="d000.s5251" source="wordnet-japanese">
         <instance id="d000.s5251.t000" lemma="深い" pos="ADJ">深い</instance>
         <wf lemma="眠り" pos="X">眠り</wf>
         <wf lemma="." pos="X">.</wf>
      </sentence>
      <sentence id="d000.s5252" source="wordnet-japanese">
         <instance id="d000.s5252.t000" lemma="最終的" pos="ADJ">最終的</instance>
         <wf lemma="な" pos="X">な</wf>
         <wf lemma="答え" pos="X">答え</wf>
         <wf lemma="." pos="X">.</wf>
      </sentence>
      <sentence id="d000.s5253" source="wordnet-japanese">
         <wf lemma="子供" pos="X">子供</wf>
         <wf lemma="達" pos="X">達</wf>
         <wf lemma="に" pos="X">に</wf>
         <wf lemma="贈り物" pos="X">贈り物</wf>
         <wf lemma="を" pos="X">を</wf>
         <instance id="d000.s5253.t000" lemma="公平" pos="ADJ">公平</instance>
         <wf lemma="に" pos="X">に</wf>
         <wf lemma="配布" pos="X">配布</wf>
         <wf lemma="する" pos="X">する</wf>
         <wf lemma="こと" pos="X">こと</wf>
         <wf lemma="." pos="X">.</wf>
      </sentence>
      <sentence id="d000.s5254" source="wordnet-japanese">
         <instance id="d000.s5254.t000" lemma="もっと" pos="ADV">もっと</instance>
         <wf lemma="速く" pos="X">速く</wf>
         <wf lemma="." pos="X">.</wf>
      </sentence>
      <sentence id="d000.s5255" source="wordnet-japanese">
         <wf lemma="この" pos="X">この</wf>
         <wf lemma="地域" pos="X">地域</wf>
         <wf lemma="の" pos="X">の</wf>
         <wf lemma="水" pos="X">水</wf>
         <wf lemma="の" pos="X">の</wf>
         <wf lemma="アルカリ" pos="X">アルカリ</wf>
         <wf lemma="性" pos="X">性</wf>
         <wf lemma="の" pos="X">の</wf>
         <instance id="d000.s5255.t000" lemma="傾向" pos="NOUN">傾向</instance>
         <wf lemma="." pos="X">.</wf>
      </sentence>
      <sentence id="d000.s5256" source="wordnet-japanese">
         <instance id="d000.s5256.t000" lemma="完全" pos="ADJ">完全</instance>
         <wf lemma="な" pos="X">な</wf>
         <wf lemma="再生" pos="X">再生</wf>
         <wf lemma="." pos="X">.</wf>
      </sentence>
      <sentence id="d000.s5257" source="wordnet-japanese">
         <wf lemma="彼" pos="X">彼</wf>
         <wf lemma="は" pos="X">は</wf>
         <wf lemma="一種" pos="X">一種</wf>
         <wf lemma="の" pos="X">の</wf>
         <wf lemma="宗教的" pos="X">宗教的</wf>
         <wf lemma="な" pos="X">な</wf>
         <instance id="d000.s5257.t000" lemma="熱意" pos="NOUN">熱意</instance>
         <wf lemma="を" pos="X">を</wf>
         <wf lemma="感じ" pos="X">感じ</wf>
         <wf lemma="た" pos="X">た</wf>
         <wf lemma="." pos="X">.</wf>
      </sentence>
      <sentence id="d000.s5258" source="wordnet-japanese">
         <instance id="d000.s5258.t000" lemma="明確" pos="ADJ">明確</instance>
         <wf lemma="な" pos="X">な</wf>
         <wf lemma="距離" pos="X">距離</wf>
         <wf lemma="." pos="X">.</wf>
      </sentence>
      <sentence id="d000.s5259" source="wordnet-japanese">
         <wf lemma="目録" pos="X">目録</wf>
         <instance id="d000.s5259.t000" lemma="編集" pos="NOUN">編集</instance>
         <wf lemma="の" pos="X">の</wf>
         <wf lemma="仕事" pos="X">仕事</wf>
         <wf lemma="は" pos="X">は</wf>
         <wf lemma="数" pos="X">数</wf>
         <wf lemma="時間" pos="X">時間</wf>
         <wf lemma="かかっ" pos="X">かかっ</wf>
         <wf lemma="た" pos="X">た</wf>
         <wf lemma="." pos="X">.</wf>
      </sentence>
      <sentence id="d000.s5260" source="wordnet-japanese">
         <instance id="d000.s5260.t000" lemma="経皮" pos="ADJ">経皮</instance>
         <wf lemma="エストロゲン" pos="X">エストロゲン</wf>
         <wf lemma="." pos="X">.</wf>
      </sentence>
      <sentence id="d000.s5261" source="wordnet-japanese">
         <wf lemma="生命" pos="X">生命</wf>
         <wf lemma="の" pos="X">の</wf>
         <wf lemma="維持" pos="X">維持</wf>
         <wf lemma="に" pos="X">に</wf>
         <wf lemma="必要" pos="X">必要</wf>
         <wf lemma="不可欠" pos="X">不可欠</wf>
         <wf lemma="な" pos="X">な</wf>
         <instance id="d000.s5261.t000" lemma="重要" pos="ADJ">重要</instance>
         <wf lemma="な" pos="X">な</wf>
         <wf lemma="器官" pos="X">器官</wf>
         <wf lemma="." pos="X">.</wf>
      </sentence>
      <sentence id="d000.s5262" source="wordnet-japanese">
         <wf lemma="私" pos="X">私</wf>
         <wf lemma="たち" pos="X">たち</wf>
         <wf lemma="の" pos="X">の</wf>
         <wf lemma="会計士" pos="X">会計士</wf>
         <wf lemma="は" pos="X">は</wf>
         <instance id="d000.s5262.t000" lemma="周到" pos="ADJ">周到</instance>
         <wf lemma="だ" pos="X">だ</wf>
         <wf lemma="." pos="X">.</wf>
      </sentence>
      <sentence id="d000.s5263" source="wordnet-japanese">
         <wf lemma="経済" pos="X">経済</wf>
         <wf lemma="の" pos="X">の</wf>
         <instance id="d000.s5263.t000" lemma="論理" pos="NOUN">論理</instance>
         <wf lemma="で" pos="X">で</wf>
         <wf lemma="は" pos="X">は</wf>
         <wf lemma="、" pos="X">、</wf>
         <wf lemma="それ" pos="X">それ</wf>
         <wf lemma="が" pos="X">が</wf>
         <wf lemma="必要" pos="X">必要</wf>
         <wf lemma="で" pos="X">で</wf>
         <wf lemma="ある" pos="X">ある</wf>
         <wf lemma="." pos="X">.</wf>
      </sentence>
      <sentence id="d000.s5264" source="wordnet-japanese">
         <wf lemma="羊" pos="X">羊</wf>
         <wf lemma="を" pos="X">を</wf>
         <wf lemma="消毒液" pos="X">消毒液</wf>
         <wf lemma="に" pos="X">に</wf>
         <instance id="d000.s5264.t000" lemma="浸す" pos="VERB">浸す</instance>
         <wf lemma="." pos="X">.</wf>
      </sentence>
      <sentence id="d000.s5265" source="wordnet-japanese">
         <wf lemma="細長い" pos="X">細長い</wf>
         <wf lemma="煙" pos="X">煙</wf>
         <wf lemma="の" pos="X">の</wf>
         <instance id="d000.s5265.t000" lemma="柱" pos="NOUN">柱</instance>
         <wf lemma="が" pos="X">が</wf>
         <wf lemma="それら" pos="X">それら</wf>
         <wf lemma="の" pos="X">の</wf>
         <wf lemma="キャンプ場" pos="X">キャンプ場</wf>
         <wf lemma="から" pos="X">から</wf>
         <wf lemma="現れ" pos="X">現れ</wf>
         <wf lemma="た" pos="X">た</wf>
         <wf lemma="." pos="X">.</wf>
      </sentence>
      <sentence id="d000.s5266" source="wordnet-japanese">
         <wf lemma="法外" pos="X">法外</wf>
         <wf lemma="に" pos="X">に</wf>
         <instance id="d000.s5266.t000" lemma="偏屈" pos="ADJ">偏屈</instance>
         <wf lemma="な" pos="X">な</wf>
         <wf lemma="観点" pos="X">観点</wf>
         <wf lemma="." pos="X">.</wf>
      </sentence>
      <sentence id="d000.s5267" source="wordnet-japanese">
         <wf lemma="環境" pos="X">環境</wf>
         <wf lemma="の" pos="X">の</wf>
         <wf lemma="影響" pos="X">影響</wf>
         <wf lemma="は" pos="X">は</wf>
         <instance id="d000.s5267.t000" lemma="不確定" pos="ADJ">不確定</instance>
         <wf lemma="である" pos="X">である</wf>
         <wf lemma="." pos="X">.</wf>
      </sentence>
      <sentence id="d000.s5268" source="wordnet-japanese">
         <wf lemma="党" pos="X">党</wf>
         <wf lemma="は" pos="X">は</wf>
         <wf lemma="、" pos="X">、</wf>
         <wf lemma="多く" pos="X">多く</wf>
         <wf lemma="の" pos="X">の</wf>
         <wf lemma="新" pos="X">新</wf>
         <wf lemma="メンバー" pos="X">メンバー</wf>
         <wf lemma="を" pos="X">を</wf>
         <instance id="d000.s5268.t000" lemma="入れる" pos="VERB">入れ</instance>
         <wf lemma="た" pos="X">た</wf>
         <wf lemma="." pos="X">.</wf>
      </sentence>
      <sentence id="d000.s5269" source="wordnet-japanese">
         <wf lemma="黒人" pos="X">黒人</wf>
         <wf lemma="だけ" pos="X">だけ</wf>
         <wf lemma="が" pos="X">が</wf>
         <wf lemma="国人" pos="X">国人</wf>
         <wf lemma="を" pos="X">を</wf>
         <instance id="d000.s5269.t000" lemma="ニガー" pos="NOUN">ニガー</instance>
         <wf lemma="と" pos="X">と</wf>
         <wf lemma="呼べる" pos="X">呼べる</wf>
         <wf lemma="." pos="X">.</wf>
      </sentence>
      <sentence id="d000.s5270" source="wordnet-japanese">
         <wf lemma="詩人" pos="X">詩人</wf>
         <wf lemma="は" pos="X">は</wf>
         <wf lemma="夏" pos="X">夏</wf>
         <wf lemma="ごと" pos="X">ごと</wf>
         <wf lemma="に" pos="X">に</wf>
         <wf lemma="この" pos="X">この</wf>
         <wf lemma="町" pos="X">町</wf>
         <wf lemma="に" pos="X">に</wf>
         <instance id="d000.s5270.t000" lemma="群がる" pos="VERB">群がる</instance>
         <wf lemma="." pos="X">.</wf>
      </sentence>
      <sentence id="d000.s5271" source="wordnet-japanese">
         <instance id="d000.s5271.t000" lemma="セクシー" pos="ADJ">セクシー</instance>
         <wf lemma="である" pos="X">である</wf>
         <wf lemma="と" pos="X">と</wf>
         <wf lemma="感じる" pos="X">感じる</wf>
         <wf lemma="こと" pos="X">こと</wf>
         <wf lemma="." pos="X">.</wf>
      </sentence>
      <sentence id="d000.s5272" source="wordnet-japanese">
         <wf lemma="指定" pos="X">指定</wf>
         <wf lemma="さ" pos="X">さ</wf>
         <wf lemma="れ" pos="X">れ</wf>
         <wf lemma="た" pos="X">た</wf>
         <instance id="d000.s5272.t000" lemma="値" pos="NOUN">値</instance>
         <wf lemma="は" pos="X">は</wf>
         <wf lemma="16" pos="X">16</wf>
         <wf lemma="ミリセカンド" pos="X">ミリセカンド</wf>
         <wf lemma="だっ" pos="X">だっ</wf>
         <wf lemma="た" pos="X">た</wf>
         <wf lemma="." pos="X">.</wf>
      </sentence>
      <sentence id="d000.s5273" source="wordnet-japanese">
         <wf lemma="私" pos="X">私</wf>
         <wf lemma="たち" pos="X">たち</wf>
         <wf lemma="の" pos="X">の</wf>
         <wf lemma="時代" pos="X">時代</wf>
         <wf lemma="の" pos="X">の</wf>
         <wf lemma="最も" pos="X">最も</wf>
         <wf lemma="鋭い" pos="X">鋭い</wf>
         <wf lemma="政治的" pos="X">政治的</wf>
         <wf lemma="で" pos="X">で</wf>
         <instance id="d000.s5273.t000" lemma="世界的" pos="ADJ">世界的</instance>
         <wf lemma="な" pos="X">な</wf>
         <wf lemma="コメント" pos="X">コメント</wf>
         <wf lemma="−" pos="X">−</wf>
         <wf lemma="クリストファー" pos="X">クリストファー</wf>
         <wf lemma="・" pos="X">・</wf>
         <wf lemma="モーリー" pos="X">モーリー</wf>
         <wf lemma="." pos="X">.</wf>
      </sentence>
      <sentence id="d000.s5274" source="wordnet-japanese">
         <wf lemma="彼" pos="X">彼</wf>
         <wf lemma="は" pos="X">は</wf>
         <wf lemma="ベスト" pos="X">ベスト</wf>
         <wf lemma="と" pos="X">と</wf>
         <instance id="d000.s5274.t000" lemma="ネクタイ" pos="NOUN">ネクタイ</instance>
         <wf lemma="を" pos="X">を</wf>
         <wf lemma="着用" pos="X">着用</wf>
         <wf lemma="し" pos="X">し</wf>
         <wf lemma="て" pos="X">て</wf>
         <wf lemma="い" pos="X">い</wf>
         <wf lemma="た" pos="X">た</wf>
         <wf lemma="." pos="X">.</wf>
      </sentence>
      <sentence id="d000.s5275" source="wordnet-japanese">
         <wf lemma="彼" pos="X">彼</wf>
         <wf lemma="の" pos="X">の</wf>
         <instance id="d000.s5275.t000" lemma="刑期" pos="NOUN">刑期</instance>
         <wf lemma="は" pos="X">は</wf>
         <wf lemma="5" pos="X">5</wf>
         <wf lemma="年" pos="X">年</wf>
         <wf lemma="から" pos="X">から</wf>
         <wf lemma="10" pos="X">10</wf>
         <wf lemma="年" pos="X">年</wf>
         <wf lemma="だっ" pos="X">だっ</wf>
         <wf lemma="た" pos="X">た</wf>
         <wf lemma="." pos="X">.</wf>
      </sentence>
      <sentence id="d000.s5276" source="wordnet-japanese">
         <wf lemma="勝つ" pos="X">勝つ</wf>
         <wf lemma="こと" pos="X">こと</wf>
         <wf lemma="が" pos="X">が</wf>
         <instance id="d000.s5276.t000" lemma="できる" pos="ADJ">できる</instance>
         <wf lemma="." pos="X">.</wf>
      </sentence>
      <sentence id="d000.s5277" source="wordnet-japanese">
         <wf lemma="教授" pos="X">教授</wf>
         <wf lemma="の" pos="X">の</wf>
         <wf lemma="講義" pos="X">講義</wf>
         <wf lemma="コース" pos="X">コース</wf>
         <wf lemma="の" pos="X">の</wf>
         <wf lemma="ため" pos="X">ため</wf>
         <wf lemma="に" pos="X">に</wf>
         <instance id="d000.s5277.t000" lemma="セクション" pos="NOUN">セクション</instance>
         <wf lemma="を" pos="X">を</wf>
         <wf lemma="教え" pos="X">教え</wf>
         <wf lemma="られる" pos="X">られる</wf>
         <wf lemma="大学院生" pos="X">大学院生</wf>
         <wf lemma="." pos="X">.</wf>
      </sentence>
      <sentence id="d000.s5278" source="wordnet-japanese">
         <wf lemma="彼" pos="X">彼</wf>
         <wf lemma="は" pos="X">は</wf>
         <wf lemma="来月" pos="X">来月</wf>
         <wf lemma="の" pos="X">の</wf>
         <wf lemma="時点" pos="X">時点</wf>
         <wf lemma="で" pos="X">で</wf>
         <wf lemma="の" pos="X">の</wf>
         <instance id="d000.s5278.t000" lemma="辞表" pos="NOUN">辞表</instance>
         <wf lemma="を" pos="X">を</wf>
         <wf lemma="提出" pos="X">提出</wf>
         <wf lemma="し" pos="X">し</wf>
         <wf lemma="た" pos="X">た</wf>
         <wf lemma="." pos="X">.</wf>
      </sentence>
      <sentence id="d000.s5279" source="wordnet-japanese">
         <wf lemma="会社" pos="X">会社</wf>
         <wf lemma="は" pos="X">は</wf>
         <wf lemma="プラスチック" pos="X">プラスチック</wf>
         <wf lemma="の" pos="X">の</wf>
         <wf lemma="椅子" pos="X">椅子</wf>
         <wf lemma="を" pos="X">を</wf>
         <instance id="d000.s5279.t000" lemma="組み立てる" pos="VERB">組み立てる</instance>
         <wf lemma="." pos="X">.</wf>
      </sentence>
      <sentence id="d000.s5280" source="wordnet-japanese">
         <instance id="d000.s5280.t000" lemma="鈍い" pos="ADJ">鈍い</instance>
         <wf lemma="ドサッ" pos="X">ドサッ</wf>
         <wf lemma="という" pos="X">という</wf>
         <wf lemma="音" pos="X">音</wf>
         <wf lemma="." pos="X">.</wf>
      </sentence>
      <sentence id="d000.s5281" source="wordnet-japanese">
         <wf lemma="それ" pos="X">それ</wf>
         <wf lemma="は" pos="X">は</wf>
         <wf lemma="不当" pos="X">不当</wf>
         <wf lemma="な" pos="X">な</wf>
         <instance id="d000.s5281.t000" lemma="非難" pos="NOUN">非難</instance>
         <wf lemma="だっ" pos="X">だっ</wf>
         <wf lemma="た" pos="X">た</wf>
         <wf lemma="." pos="X">.</wf>
      </sentence>
      <sentence id="d000.s5282" source="wordnet-japanese">
         <instance id="d000.s5282.t000" lemma="絶望的" pos="ADJ">絶望的</instance>
         <wf lemma="な" pos="X">な</wf>
         <wf lemma="悲劇" pos="X">悲劇</wf>
         <wf lemma="の" pos="X">の</wf>
         <wf lemma="苦痛" pos="X">苦痛</wf>
         <wf lemma="で" pos="X">で</wf>
         <wf lemma="." pos="X">.</wf>
      </sentence>
      <sentence id="d000.s5283" source="wordnet-japanese">
         <wf lemma="あなた" pos="X">あなた</wf>
         <wf lemma="は" pos="X">は</wf>
         <wf lemma="、" pos="X">、</wf>
         <wf lemma="激しい" pos="X">激しい</wf>
         <wf lemma="運動" pos="X">運動</wf>
         <wf lemma="の" pos="X">の</wf>
         <wf lemma="後" pos="X">後</wf>
         <wf lemma="は" pos="X">は</wf>
         <wf lemma="シャワー" pos="X">シャワー</wf>
         <wf lemma="を" pos="X">を</wf>
         <instance id="d000.s5283.t000" lemma="浴びる" pos="VERB">浴びる</instance>
         <wf lemma="べき" pos="X">べき</wf>
         <wf lemma="だ" pos="X">だ</wf>
         <wf lemma="." pos="X">.</wf>
      </sentence>
      <sentence id="d000.s5284" source="wordnet-japanese">
         <instance id="d000.s5284.t000" lemma="悪質" pos="ADJ">悪質</instance>
         <wf lemma="な" pos="X">な</wf>
         <wf lemma="ゴシップ" pos="X">ゴシップ</wf>
         <wf lemma="." pos="X">.</wf>
      </sentence>
      <sentence id="d000.s5285" source="wordnet-japanese">
         <wf lemma="ミルトン" pos="X">ミルトン</wf>
         <wf lemma="の" pos="X">の</wf>
         <wf lemma="生涯" pos="X">生涯</wf>
         <wf lemma="において" pos="X">において</wf>
         <wf lemma="この" pos="X">この</wf>
         <wf lemma="本" pos="X">本</wf>
         <wf lemma="が" pos="X">が</wf>
         <wf lemma="最後" pos="X">最後</wf>
         <wf lemma="の" pos="X">の</wf>
         <instance id="d000.s5285.t000" lemma="出典" pos="NOUN">出典</instance>
         <wf lemma="である" pos="X">である</wf>
         <wf lemma="." pos="X">.</wf>
      </sentence>
      <sentence id="d000.s5286" source="wordnet-japanese">
         <wf lemma="彼" pos="X">彼</wf>
         <wf lemma="は" pos="X">は</wf>
         <wf lemma="自分" pos="X">自分</wf>
         <wf lemma="の" pos="X">の</wf>
         <instance id="d000.s5286.t000" lemma="雄弁" pos="NOUN">雄弁</instance>
         <wf lemma="な" pos="X">な</wf>
         <wf lemma="声" pos="X">声</wf>
         <wf lemma="を" pos="X">を</wf>
         <wf lemma="愛し" pos="X">愛し</wf>
         <wf lemma="た" pos="X">た</wf>
         <wf lemma="." pos="X">.</wf>
      </sentence>
      <sentence id="d000.s5287" source="wordnet-japanese">
         <wf lemma="不快" pos="X">不快</wf>
         <wf lemma="に" pos="X">に</wf>
         <instance id="d000.s5287.t000" lemma="粗野" pos="ADJ">粗野</instance>
         <wf lemma="な" pos="X">な</wf>
         <wf lemma="の" pos="X">の</wf>
         <wf lemma="のしり" pos="X">のしり</wf>
         <wf lemma="." pos="X">.</wf>
      </sentence>
      <sentence id="d000.s5288" source="wordnet-japanese">
         <wf lemma="ニクラウス" pos="X">ニクラウス</wf>
         <wf lemma="は" pos="X">は</wf>
         <instance id="d000.s5288.t000" lemma="連続" pos="NOUN">連続</instance>
         <wf lemma="し" pos="X">し</wf>
         <wf lemma="て" pos="X">て</wf>
         <wf lemma="バーディー" pos="X">バーディー</wf>
         <wf lemma="を" pos="X">を</wf>
         <wf lemma="決め" pos="X">決め</wf>
         <wf lemma="た" pos="X">た</wf>
         <wf lemma="." pos="X">.</wf>
      </sentence>
      <sentence id="d000.s5289" source="wordnet-japanese">
         <wf lemma="私" pos="X">私</wf>
         <wf lemma="は" pos="X">は</wf>
         <wf lemma="、" pos="X">、</wf>
         <instance id="d000.s5289.t000" lemma="赤ちゃん" pos="NOUN">赤ちゃん</instance>
         <wf lemma="を" pos="X">を</wf>
         <wf lemma="身ごもっ" pos="X">身ごもっ</wf>
         <wf lemma="て" pos="X">て</wf>
         <wf lemma="、" pos="X">、</wf>
         <wf lemma="健康" pos="X">健康</wf>
         <wf lemma="で" pos="X">で</wf>
         <wf lemma="非常" pos="X">非常</wf>
         <wf lemma="に" pos="X">に</wf>
         <wf lemma="女性的" pos="X">女性的</wf>
         <wf lemma="で" pos="X">で</wf>
         <wf lemma="ある" pos="X">ある</wf>
         <wf lemma="と" pos="X">と</wf>
         <wf lemma="感じ" pos="X">感じ</wf>
         <wf lemma="た" pos="X">た</wf>
         <wf lemma="." pos="X">.</wf>
      </sentence>
      <sentence id="d000.s5290" source="wordnet-japanese">
         <instance id="d000.s5290.t000" lemma="見苦しい" pos="ADJ">見苦しい</instance>
         <wf lemma="掲示板" pos="X">掲示板</wf>
         <wf lemma="." pos="X">.</wf>
      </sentence>
      <sentence id="d000.s5291" source="wordnet-japanese">
         <wf lemma="もてなしの" pos="X">もてなしの</wf>
         <instance id="d000.s5291.t000" lemma="手厚い" pos="ADJ">手厚い</instance>
         <wf lemma="行為" pos="X">行為</wf>
         <wf lemma="." pos="X">.</wf>
      </sentence>
      <sentence id="d000.s5292" source="wordnet-japanese">
         <instance id="d000.s5292.t000" lemma="サントドミンゴ" pos="NOUN">サントドミンゴ</instance>
         <wf lemma="は" pos="X">は</wf>
         <wf lemma="、" pos="X">、</wf>
         <wf lemma="人" pos="X">人</wf>
         <wf lemma="が" pos="X">が</wf>
         <wf lemma="絶え" pos="X">絶え</wf>
         <wf lemma="ず" pos="X">ず</wf>
         <wf lemma="住ん" pos="X">住ん</wf>
         <wf lemma="で" pos="X">で</wf>
         <wf lemma="いる" pos="X">いる</wf>
         <wf lemma="最も" pos="X">最も</wf>
         <wf lemma="古い" pos="X">古い</wf>
         <wf lemma="大聖堂" pos="X">大聖堂</wf>
         <wf lemma="が" pos="X">が</wf>
         <wf lemma="ある" pos="X">ある</wf>
         <wf lemma="アメリカ" pos="X">アメリカ</wf>
         <wf lemma="大陸" pos="X">大陸</wf>
         <wf lemma="で" pos="X">で</wf>
         <wf lemma="、" pos="X">、</wf>
         <wf lemma="最も" pos="X">最も</wf>
         <wf lemma="古い" pos="X">古い</wf>
         <wf lemma="ヨーロッパ" pos="X">ヨーロッパ</wf>
         <wf lemma="の" pos="X">の</wf>
         <wf lemma="居住区" pos="X">居住区</wf>
         <wf lemma="で" pos="X">で</wf>
         <wf lemma="、" pos="X">、</wf>
         <wf lemma="最も" pos="X">最も</wf>
         <wf lemma="古い" pos="X">古い</wf>
         <wf lemma="病院" pos="X">病院</wf>
         <wf lemma="で" pos="X">で</wf>
         <wf lemma="、" pos="X">、</wf>
         <wf lemma="西半球" pos="X">西半球</wf>
         <wf lemma="で" pos="X">で</wf>
         <wf lemma="最も" pos="X">最も</wf>
         <wf lemma="古い" pos="X">古い</wf>
         <wf lemma="修道院" pos="X">修道院</wf>
         <wf lemma="である" pos="X">である</wf>
         <wf lemma="." pos="X">.</wf>
      </sentence>
      <sentence id="d000.s5293" source="wordnet-japanese">
         <wf lemma="机" pos="X">机</wf>
         <wf lemma="の" pos="X">の</wf>
         <wf lemma="中" pos="X">中</wf>
         <wf lemma="の" pos="X">の</wf>
         <instance id="d000.s5293.t000" lemma="秘密" pos="ADJ">秘密</instance>
         <wf lemma="の" pos="X">の</wf>
         <wf lemma="部分" pos="X">部分</wf>
         <wf lemma="." pos="X">.</wf>
      </sentence>
      <sentence id="d000.s5294" source="wordnet-japanese">
         <instance id="d000.s5294.t000" lemma="熱い" pos="ADJ">熱い</instance>
         <wf lemma="情事" pos="X">情事</wf>
         <wf lemma="." pos="X">.</wf>
      </sentence>
      <sentence id="d000.s5295" source="wordnet-japanese">
         <wf lemma="選挙" pos="X">選挙</wf>
         <wf lemma="結果" pos="X">結果</wf>
         <wf lemma="について" pos="X">について</wf>
         <wf lemma="の" pos="X">の</wf>
         <instance id="d000.s5295.t000" lemma="憶測" pos="NOUN">憶測</instance>
         <wf lemma="." pos="X">.</wf>
      </sentence>
      <sentence id="d000.s5296" source="wordnet-japanese">
         <wf lemma="葉" pos="X">葉</wf>
         <wf lemma="の" pos="X">の</wf>
         <instance id="d000.s5296.t000" lemma="網状" pos="NOUN">網状</instance>
         <wf lemma="組織" pos="X">組織</wf>
         <wf lemma="." pos="X">.</wf>
      </sentence>
      <sentence id="d000.s5297" source="wordnet-japanese">
         <wf lemma="色" pos="X">色</wf>
         <wf lemma="の" pos="X">の</wf>
         <instance id="d000.s5297.t000" lemma="ひどい" pos="ADJ">ひどい</instance>
         <wf lemma="不調和" pos="X">不調和</wf>
         <wf lemma="." pos="X">.</wf>
      </sentence>
      <sentence id="d000.s5298" source="wordnet-japanese">
         <wf lemma="我々" pos="X">我々</wf>
         <wf lemma="は" pos="X">は</wf>
         <wf lemma="、" pos="X">、</wf>
         <wf lemma="人気" pos="X">人気</wf>
         <wf lemma="の" pos="X">の</wf>
         <wf lemma="ギルバート" pos="X">ギルバート</wf>
         <wf lemma="と" pos="X">と</wf>
         <wf lemma="サリヴァン" pos="X">サリヴァン</wf>
         <wf lemma="・" pos="X">・</wf>
         <wf lemma="オペラ" pos="X">オペラ</wf>
         <instance id="d000.s5298.t000" lemma="演じる" pos="VERB">演じ</instance>
         <wf lemma="た" pos="X">た</wf>
         <wf lemma="." pos="X">.</wf>
      </sentence>
      <sentence id="d000.s5299" source="wordnet-japanese">
         <wf lemma="赤い" pos="X">赤い</wf>
         <instance id="d000.s5299.t000" lemma="閃光" pos="NOUN">閃光</instance>
         <wf lemma="が" pos="X">が</wf>
         <wf lemma="飛行機" pos="X">飛行機</wf>
         <wf lemma="を" pos="X">を</wf>
         <wf lemma="飾っ" pos="X">飾っ</wf>
         <wf lemma="た" pos="X">た</wf>
         <wf lemma="." pos="X">.</wf>
      </sentence>
      <sentence id="d000.s5300" source="wordnet-japanese">
         <instance id="d000.s5300.t000" lemma="はるか" pos="ADJ">はるか</instance>
         <wf lemma="彼方" pos="X">彼方</wf>
         <wf lemma="の" pos="X">の</wf>
         <wf lemma="海岸" pos="X">海岸</wf>
         <wf lemma="に" pos="X">に</wf>
         <wf lemma="上陸" pos="X">上陸</wf>
         <wf lemma="し" pos="X">し</wf>
         <wf lemma="て" pos="X">て</wf>
         <wf lemma="いる" pos="X">いる</wf>
         <wf lemma="軍隊" pos="X">軍隊</wf>
         <wf lemma="." pos="X">.</wf>
      </sentence>
      <sentence id="d000.s5301" source="wordnet-japanese">
         <instance id="d000.s5301.t000" lemma="忠実" pos="ADJ">忠実</instance>
         <wf lemma="な" pos="X">な</wf>
         <wf lemma="支持者" pos="X">支持者</wf>
         <wf lemma="." pos="X">.</wf>
      </sentence>
      <sentence id="d000.s5302" source="wordnet-japanese">
         <wf lemma="英国" pos="X">英国</wf>
         <wf lemma="で" pos="X">で</wf>
         <wf lemma="は" pos="X">は</wf>
         <wf lemma="、" pos="X">、</wf>
         <instance id="d000.s5302.t000" lemma="テイクアウト" pos="NOUN">テイクアウト</instance>
         <wf lemma="食品" pos="X">食品</wf>
         <wf lemma="を" pos="X">を</wf>
         <wf lemma="『" pos="X">『</wf>
         <wf lemma="takeaway" pos="X">takeaway</wf>
         <wf lemma="（" pos="X">（</wf>
         <wf lemma="持ち帰り" pos="X">持ち帰り</wf>
         <wf lemma="用" pos="X">用</wf>
         <wf lemma="の" pos="X">の</wf>
         <wf lemma="料理）" pos="X">料理）</wf>
         <wf lemma="』" pos="X">』</wf>
         <wf lemma="と" pos="X">と</wf>
         <wf lemma="呼ぶ" pos="X">呼ぶ</wf>
         <wf lemma="." pos="X">.</wf>
      </sentence>
      <sentence id="d000.s5303" source="wordnet-japanese">
         <wf lemma="彼" pos="X">彼</wf>
         <wf lemma="の" pos="X">の</wf>
         <wf lemma="反乱" pos="X">反乱</wf>
         <wf lemma="は" pos="X">は</wf>
         <wf lemma="すべて" pos="X">すべて</wf>
         <wf lemma="の" pos="X">の</wf>
         <wf lemma="偉大" pos="X">偉大</wf>
         <wf lemma="な" pos="X">な</wf>
         <wf lemma="風刺" pos="X">風刺</wf>
         <wf lemma="作家" pos="X">作家</wf>
         <wf lemma="の" pos="X">の</wf>
         <wf lemma="苦しく" pos="X">苦しく</wf>
         <instance id="d000.s5303.t000" lemma="皮肉" pos="ADJ">皮肉</instance>
         <wf lemma="な" pos="X">な</wf>
         <wf lemma="笑い" pos="X">笑い</wf>
         <wf lemma="である" pos="X">である</wf>
         <wf lemma="−" pos="X">−</wf>
         <wf lemma="フランク" pos="X">フランク</wf>
         <wf lemma="・" pos="X">・</wf>
         <wf lemma="シェーンベルナー" pos="X">シェーンベルナー</wf>
         <wf lemma="." pos="X">.</wf>
      </sentence>
      <sentence id="d000.s5304" source="wordnet-japanese">
         <wf lemma="この" pos="X">この</wf>
         <wf lemma="現象" pos="X">現象</wf>
         <wf lemma="は" pos="X">は</wf>
         <instance id="d000.s5304.t000" lemma="熱力学的" pos="ADV">熱力学的</instance>
         <wf lemma="に" pos="X">に</wf>
         <wf lemma="不可能" pos="X">不可能</wf>
         <wf lemma="で" pos="X">で</wf>
         <wf lemma="ある" pos="X">ある</wf>
         <wf lemma="." pos="X">.</wf>
      </sentence>
      <sentence id="d000.s5305" source="wordnet-japanese">
         <wf lemma="単なる" pos="X">単なる</wf>
         <instance id="d000.s5305.t000" lemma="形式" pos="NOUN">形式</instance>
         <wf lemma="." pos="X">.</wf>
      </sentence>
      <sentence id="d000.s5306" source="wordnet-japanese">
         <wf lemma="彼女" pos="X">彼女</wf>
         <wf lemma="は" pos="X">は</wf>
         <wf lemma="すべて" pos="X">すべて</wf>
         <wf lemma="の" pos="X">の</wf>
         <wf lemma="指に" pos="X">指に</wf>
         <instance id="d000.s5306.t000" lemma="指輪" pos="NOUN">指輪</instance>
         <wf lemma="を" pos="X">を</wf>
         <wf lemma="し" pos="X">し</wf>
         <wf lemma="て" pos="X">て</wf>
         <wf lemma="い" pos="X">い</wf>
         <wf lemma="た" pos="X">た</wf>
         <wf lemma="." pos="X">.</wf>
      </sentence>
      <sentence id="d000.s5307" source="wordnet-japanese">
         <instance id="d000.s5307.t000" lemma="ほっそり" pos="ADV">ほっそり</instance>
         <wf lemma="と" pos="X">と</wf>
         <wf lemma="し" pos="X">し</wf>
         <wf lemma="た" pos="X">た</wf>
         <wf lemma="女性" pos="X">女性</wf>
         <wf lemma="." pos="X">.</wf>
      </sentence>
      <sentence id="d000.s5308" source="wordnet-japanese">
         <wf lemma="内燃" pos="X">内燃</wf>
         <wf lemma="エンジン" pos="X">エンジン</wf>
         <wf lemma="の" pos="X">の</wf>
         <instance id="d000.s5308.t000" lemma="原則" pos="NOUN">原則</instance>
         <wf lemma="." pos="X">.</wf>
      </sentence>
      <sentence id="d000.s5309" source="wordnet-japanese">
         <wf lemma="彼女" pos="X">彼女</wf>
         <wf lemma="は" pos="X">は</wf>
         <wf lemma="手" pos="X">手</wf>
         <wf lemma="に" pos="X">に</wf>
         <wf lemma="負え" pos="X">負え</wf>
         <wf lemma="ない" pos="X">ない</wf>
         <wf lemma="生徒" pos="X">生徒</wf>
         <wf lemma="を" pos="X">を</wf>
         <instance id="d000.s5309.t000" lemma="校長" pos="NOUN">校長</instance>
         <wf lemma="の" pos="X">の</wf>
         <wf lemma="ところ" pos="X">ところ</wf>
         <wf lemma="へ" pos="X">へ</wf>
         <wf lemma="やっ" pos="X">やっ</wf>
         <wf lemma="た" pos="X">た</wf>
         <wf lemma="." pos="X">.</wf>
      </sentence>
      <sentence id="d000.s5310" source="wordnet-japanese">
         <instance id="d000.s5310.t000" lemma="深い" pos="ADJ">深い</instance>
         <wf lemma="切傷" pos="X">切傷</wf>
         <wf lemma="." pos="X">.</wf>
      </sentence>
      <sentence id="d000.s5311" source="wordnet-japanese">
         <instance id="d000.s5311.t000" lemma="不愉快" pos="ADJ">不愉快</instance>
         <wf lemma="な" pos="X">な</wf>
         <wf lemma="状況" pos="X">状況</wf>
         <wf lemma="." pos="X">.</wf>
      </sentence>
      <sentence id="d000.s5312" source="wordnet-japanese">
         <wf lemma="彼" pos="X">彼</wf>
         <wf lemma="は" pos="X">は</wf>
         <wf lemma="市" pos="X">市</wf>
         <wf lemma="の" pos="X">の</wf>
         <wf lemma="職員" pos="X">職員</wf>
         <wf lemma="の" pos="X">の</wf>
         <wf lemma="収賄" pos="X">収賄</wf>
         <wf lemma="の" pos="X">の</wf>
         <instance id="d000.s5312.t000" lemma="スクープ" pos="NOUN">スクープ</instance>
         <wf lemma="を" pos="X">を</wf>
         <wf lemma="得" pos="X">得</wf>
         <wf lemma="た" pos="X">た</wf>
         <wf lemma="." pos="X">.</wf>
      </sentence>
      <sentence id="d000.s5313" source="wordnet-japanese">
         <wf lemma="卑わい" pos="X">卑わい</wf>
         <wf lemma="な" pos="X">な</wf>
         <instance id="d000.s5313.t000" lemma="ののしり" pos="NOUN">ののしり</instance>
         <wf lemma="言葉" pos="X">言葉</wf>
         <wf lemma="は" pos="X">は</wf>
         <wf lemma="削除" pos="X">削除</wf>
         <wf lemma="さ" pos="X">さ</wf>
         <wf lemma="れ" pos="X">れ</wf>
         <wf lemma="た" pos="X">た</wf>
         <wf lemma="." pos="X">.</wf>
      </sentence>
      <sentence id="d000.s5314" source="wordnet-japanese">
         <wf lemma="水" pos="X">水</wf>
         <wf lemma="は" pos="X">は</wf>
         <wf lemma="砂漠" pos="X">砂漠</wf>
         <wf lemma="地帯" pos="X">地帯</wf>
         <wf lemma="で" pos="X">で</wf>
         <wf lemma="は" pos="X">は</wf>
         <wf lemma="決定的" pos="X">決定的</wf>
         <wf lemma="に" pos="X">に</wf>
         <instance id="d000.s5314.t000" lemma="不足" pos="NOUN">不足</instance>
         <wf lemma="し" pos="X">し</wf>
         <wf lemma="て" pos="X">て</wf>
         <wf lemma="いる" pos="X">いる</wf>
         <wf lemma="." pos="X">.</wf>
      </sentence>
      <sentence id="d000.s5315" source="wordnet-japanese">
         <wf lemma="彼" pos="X">彼</wf>
         <wf lemma="は" pos="X">は</wf>
         <instance id="d000.s5315.t000" lemma="便通" pos="NOUN">便通</instance>
         <wf lemma="が" pos="X">が</wf>
         <wf lemma="あっ" pos="X">あっ</wf>
         <wf lemma="た" pos="X">た</wf>
         <wf lemma="." pos="X">.</wf>
      </sentence>
      <sentence id="d000.s5316" source="wordnet-japanese">
         <instance id="d000.s5316.t000" lemma="点" pos="NOUN">点</instance>
         <wf lemma="は" pos="X">は</wf>
         <wf lemma="その" pos="X">その</wf>
         <wf lemma="座標" pos="X">座標</wf>
         <wf lemma="で" pos="X">で</wf>
         <wf lemma="定義" pos="X">定義</wf>
         <wf lemma="さ" pos="X">さ</wf>
         <wf lemma="れる" pos="X">れる</wf>
         <wf lemma="." pos="X">.</wf>
      </sentence>
      <sentence id="d000.s5317" source="wordnet-japanese">
         <wf lemma="コイネー" pos="X">コイネー</wf>
         <wf lemma="は" pos="X">は</wf>
         <wf lemma="、" pos="X">、</wf>
         <wf lemma="アレクサンダー" pos="X">アレクサンダー</wf>
         <wf lemma="大王" pos="X">大王</wf>
         <wf lemma="の" pos="X">の</wf>
         <wf lemma="帝国" pos="X">帝国</wf>
         <wf lemma="の" pos="X">の</wf>
         <instance id="d000.s5317.t000" lemma="共通語" pos="NOUN">共通語</instance>
         <wf lemma="であり" pos="X">であり</wf>
         <wf lemma="、" pos="X">、</wf>
         <wf lemma="ローマ" pos="X">ローマ</wf>
         <wf lemma="時代" pos="X">時代</wf>
         <wf lemma="に" pos="X">に</wf>
         <wf lemma="地中海" pos="X">地中海</wf>
         <wf lemma="東岸" pos="X">東岸</wf>
         <wf lemma="の" pos="X">の</wf>
         <wf lemma="地域" pos="X">地域</wf>
         <wf lemma="中" pos="X">中</wf>
         <wf lemma="で" pos="X">で</wf>
         <wf lemma="広く" pos="X">広く</wf>
         <wf lemma="話さ" pos="X">話さ</wf>
         <wf lemma="れ" pos="X">れ</wf>
         <wf lemma="た" pos="X">た</wf>
         <wf lemma="古代" pos="X">古代</wf>
         <wf lemma="ギリシャ" pos="X">ギリシャ</wf>
         <wf lemma="語" pos="X">語</wf>
         <wf lemma="の" pos="X">の</wf>
         <wf lemma="方言" pos="X">方言</wf>
         <wf lemma="である" pos="X">である</wf>
         <wf lemma="." pos="X">.</wf>
      </sentence>
      <sentence id="d000.s5318" source="wordnet-japanese">
         <instance id="d000.s5318.t000" lemma="知的" pos="ADJ">知的</instance>
         <wf lemma="な" pos="X">な</wf>
         <wf lemma="文学" pos="X">文学</wf>
         <wf lemma="." pos="X">.</wf>
      </sentence>
      <sentence id="d000.s5319" source="wordnet-japanese">
         <instance id="d000.s5319.t000" lemma="下品" pos="ADJ">下品</instance>
         <wf lemma="な" pos="X">な</wf>
         <wf lemma="言葉" pos="X">言葉</wf>
         <wf lemma="." pos="X">.</wf>
      </sentence>
      <sentence id="d000.s5320" source="wordnet-japanese">
         <wf lemma="彼女" pos="X">彼女</wf>
         <wf lemma="が" pos="X">が</wf>
         <wf lemma="ばかげ" pos="X">ばかげ</wf>
         <wf lemma="た" pos="X">た</wf>
         <wf lemma="話" pos="X">話</wf>
         <wf lemma="を" pos="X">を</wf>
         <wf lemma="し" pos="X">し</wf>
         <wf lemma="始め" pos="X">始め</wf>
         <wf lemma="た" pos="X">た</wf>
         <wf lemma="ので" pos="X">ので</wf>
         <wf lemma="、" pos="X">、</wf>
         <wf lemma="私" pos="X">私</wf>
         <wf lemma="は" pos="X">は</wf>
         <instance id="d000.s5320.t000" lemma="逃げる" pos="VERB">逃げ</instance>
         <wf lemma="た" pos="X">た</wf>
         <wf lemma="." pos="X">.</wf>
      </sentence>
      <sentence id="d000.s5321" source="wordnet-japanese">
         <instance id="d000.s5321.t000" lemma="熱烈" pos="ADJ">熱烈</instance>
         <wf lemma="な" pos="X">な</wf>
         <wf lemma="賛辞" pos="X">賛辞</wf>
         <wf lemma="." pos="X">.</wf>
      </sentence>
      <sentence id="d000.s5322" source="wordnet-japanese">
         <wf lemma="月" pos="X">月</wf>
         <wf lemma="は" pos="X">は</wf>
         <wf lemma="夜空" pos="X">夜空</wf>
         <wf lemma="高く" pos="X">高く</wf>
         <wf lemma="に" pos="X">に</wf>
         <instance id="d000.s5322.t000" lemma="浮かぶ" pos="VERB">浮かん</instance>
         <wf lemma="で" pos="X">で</wf>
         <wf lemma="い" pos="X">い</wf>
         <wf lemma="た" pos="X">た</wf>
         <wf lemma="." pos="X">.</wf>
      </sentence>
      <sentence id="d000.s5323" source="wordnet-japanese">
         <wf lemma="『" pos="X">『</wf>
         <wf lemma="水泳" pos="X">水泳</wf>
         <instance id="d000.s5323.t000" lemma="プール" pos="NOUN">プール</instance>
         <wf lemma="』" pos="X">』</wf>
         <wf lemma="は" pos="X">は</wf>
         <wf lemma="、" pos="X">、</wf>
         <wf lemma="英国" pos="X">英国</wf>
         <wf lemma="の" pos="X">の</wf>
         <wf lemma="言葉" pos="X">言葉</wf>
         <wf lemma="である" pos="X">である</wf>
         <wf lemma="." pos="X">.</wf>
      </sentence>
      <sentence id="d000.s5324" source="wordnet-japanese">
         <instance id="d000.s5324.t000" lemma="焚火" pos="NOUN">焚火</instance>
         <wf lemma="で" pos="X">で</wf>
         <wf lemma="の" pos="X">の</wf>
         <wf lemma="バーベキュー" pos="X">バーベキュー</wf>
         <wf lemma="." pos="X">.</wf>
      </sentence>
      <sentence id="d000.s5325" source="wordnet-japanese">
         <instance id="d000.s5325.t000" lemma="歴史" pos="NOUN">歴史</instance>
         <wf lemma="の" pos="X">の</wf>
         <wf lemma="最初" pos="X">最初</wf>
         <wf lemma="から" pos="X">から</wf>
         <wf lemma="." pos="X">.</wf>
      </sentence>
      <sentence id="d000.s5326" source="wordnet-japanese">
         <wf lemma="進歩" pos="X">進歩</wf>
         <wf lemma="を" pos="X">を</wf>
         <instance id="d000.s5326.t000" lemma="止める" pos="VERB">止める</instance>
         <wf lemma="." pos="X">.</wf>
      </sentence>
      <sentence id="d000.s5327" source="wordnet-japanese">
         <wf lemma="スキューバ" pos="X">スキューバ</wf>
         <wf lemma="・" pos="X">・</wf>
         <wf lemma="ダイビング" pos="X">ダイビング</wf>
         <wf lemma="は" pos="X">は</wf>
         <wf lemma="観光客" pos="X">観光客</wf>
         <wf lemma="の" pos="X">の</wf>
         <instance id="d000.s5327.t000" lemma="娯楽" pos="NOUN">娯楽</instance>
         <wf lemma="と" pos="X">と</wf>
         <wf lemma="し" pos="X">し</wf>
         <wf lemma="て" pos="X">て</wf>
         <wf lemma="用意" pos="X">用意</wf>
         <wf lemma="さ" pos="X">さ</wf>
         <wf lemma="れ" pos="X">れ</wf>
         <wf lemma="て" pos="X">て</wf>
         <wf lemma="いる" pos="X">いる</wf>
         <wf lemma="." pos="X">.</wf>
      </sentence>
      <sentence id="d000.s5328" source="wordnet-japanese">
         <wf lemma="彼女" pos="X">彼女</wf>
         <wf lemma="の" pos="X">の</wf>
         <wf lemma="ステップ" pos="X">ステップ</wf>
         <wf lemma="は" pos="X">は</wf>
         <instance id="d000.s5328.t000" lemma="遅い" pos="ADJ">遅かっ</instance>
         <wf lemma="た" pos="X">た</wf>
         <wf lemma="." pos="X">.</wf>
      </sentence>
      <sentence id="d000.s5329" source="wordnet-japanese">
         <instance id="d000.s5329.t000" lemma="一口" pos="NOUN">一口</instance>
         <wf lemma="食べ" pos="X">食べ</wf>
         <wf lemma="たら" pos="X">たら</wf>
         <wf lemma="、" pos="X">、</wf>
         <wf lemma="きっと" pos="X">きっと</wf>
         <wf lemma="好き" pos="X">好き</wf>
         <wf lemma="に" pos="X">に</wf>
         <wf lemma="なる" pos="X">なる</wf>
         <wf lemma="よ." pos="X">よ.</wf>
      </sentence>
      <sentence id="d000.s5330" source="wordnet-japanese">
         <instance id="d000.s5330.t000" lemma="公正" pos="ADJ">公正</instance>
         <wf lemma="で" pos="X">で</wf>
         <wf lemma="永続的" pos="X">永続的</wf>
         <wf lemma="な" pos="X">な</wf>
         <wf lemma="平和" pos="X">平和</wf>
         <wf lemma="−" pos="X">−</wf>
         <wf lemma="A" pos="X">A</wf>
         <wf lemma="." pos="X">.</wf>
         <wf lemma="リンカーン" pos="X">リンカーン</wf>
         <wf lemma="." pos="X">.</wf>
      </sentence>
      <sentence id="d000.s5331" source="wordnet-japanese">
         <instance id="d000.s5331.t000" lemma="濃い" pos="ADJ">濃い</instance>
         <wf lemma="煙" pos="X">煙</wf>
         <wf lemma="." pos="X">.</wf>
      </sentence>
      <sentence id="d000.s5332" source="wordnet-japanese">
         <instance id="d000.s5332.t000" lemma="紛らわしい" pos="ADJ">紛らわしい</instance>
         <wf lemma="類似性" pos="X">類似性</wf>
         <wf lemma="." pos="X">.</wf>
      </sentence>
      <sentence id="d000.s5333" source="wordnet-japanese">
         <instance id="d000.s5333.t000" lemma="極端" pos="ADJ">極端</instance>
         <wf lemma="な" pos="X">な</wf>
         <wf lemma="温度" pos="X">温度</wf>
         <wf lemma="." pos="X">.</wf>
      </sentence>
      <sentence id="d000.s5334" source="wordnet-japanese">
         <wf lemma="私" pos="X">私</wf>
         <wf lemma="の" pos="X">の</wf>
         <wf lemma="祖父" pos="X">祖父</wf>
         <wf lemma="は" pos="X">は</wf>
         <wf lemma="終戦" pos="X">終戦</wf>
         <wf lemma="まで" pos="X">まで</wf>
         <instance id="d000.s5334.t000" lemma="生きる" pos="VERB">生き</instance>
         <wf lemma="た" pos="X">た</wf>
         <wf lemma="." pos="X">.</wf>
      </sentence>
      <sentence id="d000.s5335" source="wordnet-japanese">
         <wf lemma="誰" pos="X">誰</wf>
         <wf lemma="も" pos="X">も</wf>
         <wf lemma="が" pos="X">が</wf>
         <instance id="d000.s5335.t000" lemma="自信" pos="NOUN">自信</instance>
         <wf lemma="を" pos="X">を</wf>
         <wf lemma="持っ" pos="X">持っ</wf>
         <wf lemma="て" pos="X">て</wf>
         <wf lemma="彼" pos="X">彼</wf>
         <wf lemma="を" pos="X">を</wf>
         <wf lemma="信頼" pos="X">信頼</wf>
         <wf lemma="し" pos="X">し</wf>
         <wf lemma="た" pos="X">た</wf>
         <wf lemma="." pos="X">.</wf>
      </sentence>
      <sentence id="d000.s5336" source="wordnet-japanese">
         <instance id="d000.s5336.t000" lemma="詳細" pos="NOUN">詳細</instance>
         <wf lemma="の" pos="X">の</wf>
         <wf lemma="いくつか" pos="X">いくつか</wf>
         <wf lemma="は" pos="X">は</wf>
         <wf lemma="、" pos="X">、</wf>
         <wf lemma="類似" pos="X">類似</wf>
         <wf lemma="し" pos="X">し</wf>
         <wf lemma="て" pos="X">て</wf>
         <wf lemma="いる" pos="X">いる</wf>
         <wf lemma="." pos="X">.</wf>
      </sentence>
      <sentence id="d000.s5337" source="wordnet-japanese">
         <instance id="d000.s5337.t000" lemma="遠い" pos="ADJ">遠い</instance>
         <wf lemma="長旅" pos="X">長旅</wf>
         <wf lemma="." pos="X">.</wf>
      </sentence>
      <sentence id="d000.s5338" source="wordnet-japanese">
         <wf lemma="どんな" pos="X">どんな</wf>
         <wf lemma="本" pos="X">本</wf>
         <wf lemma="でも" pos="X">でも</wf>
         <wf lemma="、" pos="X">、</wf>
         <wf lemma="出版" pos="X">出版</wf>
         <wf lemma="する" pos="X">する</wf>
         <wf lemma="前" pos="X">前</wf>
         <wf lemma="に" pos="X">に</wf>
         <instance id="d000.s5338.t000" lemma="市場" pos="NOUN">市場</instance>
         <wf lemma="の" pos="X">の</wf>
         <wf lemma="大きさ" pos="X">大きさ</wf>
         <wf lemma="を" pos="X">を</wf>
         <wf lemma="見極め" pos="X">見極め</wf>
         <wf lemma="よう" pos="X">よう</wf>
         <wf lemma="と" pos="X">と</wf>
         <wf lemma="する" pos="X">する</wf>
         <wf lemma="." pos="X">.</wf>
      </sentence>
      <sentence id="d000.s5339" source="wordnet-japanese">
         <wf lemma="失業者" pos="X">失業者</wf>
         <wf lemma="数" pos="X">数</wf>
         <wf lemma="は" pos="X">は</wf>
         <wf lemma="この" pos="X">この</wf>
         <wf lemma="前" pos="X">前</wf>
         <wf lemma="の" pos="X">の</wf>
         <instance id="d000.s5339.t000" lemma="四半期" pos="NOUN">四半期</instance>
         <wf lemma="の" pos="X">の</wf>
         <wf lemma="間" pos="X">間</wf>
         <wf lemma="に" pos="X">に</wf>
         <wf lemma="低下" pos="X">低下</wf>
         <wf lemma="し" pos="X">し</wf>
         <wf lemma="た" pos="X">た</wf>
         <wf lemma="." pos="X">.</wf>
      </sentence>
      <sentence id="d000.s5340" source="wordnet-japanese">
         <wf lemma="『" pos="X">『</wf>
         <wf lemma="すべて" pos="X">すべて</wf>
         <wf lemma="の" pos="X">の</wf>
         <wf lemma="未婚" pos="X">未婚</wf>
         <wf lemma="女性" pos="X">女性</wf>
         <wf lemma="は" pos="X">は</wf>
         <wf lemma="結婚" pos="X">結婚</wf>
         <wf lemma="し" pos="X">し</wf>
         <wf lemma="て" pos="X">て</wf>
         <wf lemma="い" pos="X">い</wf>
         <wf lemma="ない" pos="X">ない</wf>
         <wf lemma="』" pos="X">』</wf>
         <wf lemma="という" pos="X">という</wf>
         <instance id="d000.s5340.t000" lemma="分析的" pos="ADJ">分析的</instance>
         <wf lemma="提案" pos="X">提案</wf>
         <wf lemma="である" pos="X">である</wf>
         <wf lemma="." pos="X">.</wf>
      </sentence>
      <sentence id="d000.s5341" source="wordnet-japanese">
         <instance id="d000.s5341.t000" lemma="攻撃的" pos="ADJ">攻撃的</instance>
         <wf lemma="な" pos="X">な</wf>
         <wf lemma="傾向" pos="X">傾向</wf>
         <wf lemma="." pos="X">.</wf>
      </sentence>
      <sentence id="d000.s5342" source="wordnet-japanese">
         <wf lemma="彼" pos="X">彼</wf>
         <wf lemma="の" pos="X">の</wf>
         <instance id="d000.s5342.t000" lemma="汚い" pos="ADJ">汚い</instance>
         <wf lemma="足" pos="X">足</wf>
         <wf lemma="を" pos="X">を</wf>
         <wf lemma="清潔" pos="X">清潔</wf>
         <wf lemma="な" pos="X">な</wf>
         <wf lemma="シーツ" pos="X">シーツ</wf>
         <wf lemma="に" pos="X">に</wf>
         <wf lemma="載せる" pos="X">載せる</wf>
         <wf lemma="." pos="X">.</wf>
      </sentence>
      <sentence id="d000.s5343" source="wordnet-japanese">
         <instance id="d000.s5343.t000" lemma="鮮やか" pos="ADJ">鮮やか</instance>
         <wf lemma="な" pos="X">な</wf>
         <wf lemma="緑" pos="X">緑</wf>
         <wf lemma="." pos="X">.</wf>
      </sentence>
      <sentence id="d000.s5344" source="wordnet-japanese">
         <wf lemma="広々" pos="X">広々</wf>
         <wf lemma="し" pos="X">し</wf>
         <wf lemma="た" pos="X">た</wf>
         <wf lemma="調理" pos="X">調理</wf>
         <instance id="d000.s5344.t000" lemma="エリア" pos="NOUN">エリア</instance>
         <wf lemma="が" pos="X">が</wf>
         <wf lemma="召使" pos="X">召使</wf>
         <wf lemma="い" pos="X">い</wf>
         <wf lemma="たち" pos="X">たち</wf>
         <wf lemma="に" pos="X">に</wf>
         <wf lemma="十分" pos="X">十分</wf>
         <wf lemma="な" pos="X">な</wf>
         <wf lemma="空間" pos="X">空間</wf>
         <wf lemma="を" pos="X">を</wf>
         <wf lemma="与え" pos="X">与え</wf>
         <wf lemma="て" pos="X">て</wf>
         <wf lemma="い" pos="X">い</wf>
         <wf lemma="た" pos="X">た</wf>
         <wf lemma="." pos="X">.</wf>
      </sentence>
      <sentence id="d000.s5345" source="wordnet-japanese">
         <instance id="d000.s5345.t000" lemma="気難しい" pos="ADJ">気難しい</instance>
         <wf lemma="子供" pos="X">子供</wf>
         <wf lemma="、" pos="X">、</wf>
         <wf lemma="." pos="X">.</wf>
      </sentence>
      <sentence id="d000.s5346" source="wordnet-japanese">
         <wf lemma="時計" pos="X">時計</wf>
         <wf lemma="が" pos="X">が</wf>
         <wf lemma="真夜" pos="X">真夜</wf>
         <wf lemma="中" pos="X">中</wf>
         <wf lemma="を" pos="X">を</wf>
         <instance id="d000.s5346.t000" lemma="打つ" pos="VERB">打っ</instance>
         <wf lemma="た" pos="X">た</wf>
         <wf lemma="." pos="X">.</wf>
      </sentence>
      <sentence id="d000.s5347" source="wordnet-japanese">
         <wf lemma="彼" pos="X">彼</wf>
         <wf lemma="の" pos="X">の</wf>
         <wf lemma="作品" pos="X">作品</wf>
         <wf lemma="は" pos="X">は</wf>
         <wf lemma="文学" pos="X">文学</wf>
         <wf lemma="に" pos="X">に</wf>
         <wf lemma="新しい" pos="X">新しい</wf>
         <instance id="d000.s5347.t000" lemma="分野" pos="NOUN">分野</instance>
         <wf lemma="を" pos="X">を</wf>
         <wf lemma="確立" pos="X">確立</wf>
         <wf lemma="し" pos="X">し</wf>
         <wf lemma="た" pos="X">た</wf>
         <wf lemma="." pos="X">.</wf>
      </sentence>
      <sentence id="d000.s5348" source="wordnet-japanese">
         <wf lemma="麻痺" pos="X">麻痺</wf>
         <wf lemma="の" pos="X">の</wf>
         <instance id="d000.s5348.t000" lemma="合併症" pos="NOUN">合併症</instance>
         <wf lemma="と" pos="X">と</wf>
         <wf lemma="し" pos="X">し</wf>
         <wf lemma="て" pos="X">て</wf>
         <wf lemma="床ずれ" pos="X">床ずれ</wf>
         <wf lemma="は" pos="X">は</wf>
         <wf lemma="一般的" pos="X">一般的</wf>
         <wf lemma="だ" pos="X">だ</wf>
         <wf lemma="." pos="X">.</wf>
      </sentence>
      <sentence id="d000.s5349" source="wordnet-japanese">
         <wf lemma="出席" pos="X">出席</wf>
         <wf lemma="は" pos="X">は</wf>
         <instance id="d000.s5349.t000" lemma="義務的" pos="ADJ">義務的</instance>
         <wf lemma="で" pos="X">で</wf>
         <wf lemma="ある" pos="X">ある</wf>
         <wf lemma="." pos="X">.</wf>
      </sentence>
      <sentence id="d000.s5350" source="wordnet-japanese">
         <wf lemma="民主主義" pos="X">民主主義</wf>
         <wf lemma="の" pos="X">の</wf>
         <instance id="d000.s5350.t000" lemma="原理" pos="NOUN">原理</instance>
         <wf lemma="." pos="X">.</wf>
      </sentence>
      <sentence id="d000.s5351" source="wordnet-japanese">
         <instance id="d000.s5351.t000" lemma="暗い" pos="ADJ">暗い</instance>
         <wf lemma="陰鬱" pos="X">陰鬱</wf>
         <wf lemma="な" pos="X">な</wf>
         <wf lemma="日" pos="X">日</wf>
         <wf lemma="." pos="X">.</wf>
      </sentence>
      <sentence id="d000.s5352" source="wordnet-japanese">
         <wf lemma="いくつか" pos="X">いくつか</wf>
         <wf lemma="の" pos="X">の</wf>
         <wf lemma="文化" pos="X">文化</wf>
         <wf lemma="において" pos="X">において</wf>
         <wf lemma="、" pos="X">、</wf>
         <instance id="d000.s5352.t000" lemma="しゃがむ" pos="VERB">しゃがん</instance>
         <wf lemma="で" pos="X">で</wf>
         <wf lemma="いる" pos="X">いる</wf>
         <wf lemma="間" pos="X">間</wf>
         <wf lemma="に" pos="X">に</wf>
         <wf lemma="女性" pos="X">女性</wf>
         <wf lemma="が" pos="X">が</wf>
         <wf lemma="出産" pos="X">出産</wf>
         <wf lemma="する" pos="X">する</wf>
         <wf lemma="." pos="X">.</wf>
      </sentence>
      <sentence id="d000.s5353" source="wordnet-japanese">
         <instance id="d000.s5353.t000" lemma="化学的" pos="ADV">化学的</instance>
         <wf lemma="に" pos="X">に</wf>
         <wf lemma="異なる" pos="X">異なる</wf>
         <wf lemma="物質" pos="X">物質</wf>
         <wf lemma="." pos="X">.</wf>
      </sentence>
      <sentence id="d000.s5354" source="wordnet-japanese">
         <wf lemma="総" pos="X">総</wf>
         <instance id="d000.s5354.t000" lemma="司令部" pos="NOUN">司令部</instance>
         <wf lemma="は" pos="X">は</wf>
         <wf lemma="幾つ" pos="X">幾つ</wf>
         <wf lemma="かの" pos="X">かの</wf>
         <wf lemma="大きい" pos="X">大きい</wf>
         <wf lemma="テント" pos="X">テント</wf>
         <wf lemma="だっ" pos="X">だっ</wf>
         <wf lemma="た" pos="X">た</wf>
         <wf lemma="." pos="X">.</wf>
      </sentence>
      <sentence id="d000.s5355" source="wordnet-japanese">
         <wf lemma="歴史" pos="X">歴史</wf>
         <wf lemma="を" pos="X">を</wf>
         <wf lemma="教える" pos="X">教える</wf>
         <wf lemma="こと" pos="X">こと</wf>
         <wf lemma="で" pos="X">で</wf>
         <wf lemma="、" pos="X">、</wf>
         <wf lemma="彼" pos="X">彼</wf>
         <wf lemma="は" pos="X">は</wf>
         <wf lemma="現在" pos="X">現在</wf>
         <wf lemma="の" pos="X">の</wf>
         <wf lemma="出来事" pos="X">出来事</wf>
         <wf lemma="を" pos="X">を</wf>
         <wf lemma="特別" pos="X">特別</wf>
         <wf lemma="な" pos="X">な</wf>
         <instance id="d000.s5355.t000" lemma="見地" pos="NOUN">見地</instance>
         <wf lemma="から" pos="X">から</wf>
         <wf lemma="見" pos="X">見</wf>
         <wf lemma="られる" pos="X">られる</wf>
         <wf lemma="ように" pos="X">ように</wf>
         <wf lemma="なっ" pos="X">なっ</wf>
         <wf lemma="た" pos="X">た</wf>
         <wf lemma="." pos="X">.</wf>
      </sentence>
      <sentence id="d000.s5356" source="wordnet-japanese">
         <instance id="d000.s5356.t000" lemma="破壊的" pos="ADJ">破壊的</instance>
         <wf lemma="な" pos="X">な</wf>
         <wf lemma="批評" pos="X">批評</wf>
         <wf lemma="." pos="X">.</wf>
      </sentence>
      <sentence id="d000.s5357" source="wordnet-japanese">
         <wf lemma="人" pos="X">人</wf>
         <wf lemma="の" pos="X">の</wf>
         <wf lemma="両親" pos="X">両親</wf>
         <wf lemma="に" pos="X">に</wf>
         <instance id="d000.s5357.t000" lemma="不信心" pos="ADJ">不信心</instance>
         <wf lemma="な" pos="X">な</wf>
         <wf lemma="." pos="X">.</wf>
      </sentence>
      <sentence id="d000.s5358" source="wordnet-japanese">
         <instance id="d000.s5358.t000" lemma="遠い" pos="ADJ">遠い</instance>
         <wf lemma="でき" pos="X">でき</wf>
         <wf lemma="事" pos="X">事</wf>
         <wf lemma="." pos="X">.</wf>
      </sentence>
      <sentence id="d000.s5359" source="wordnet-japanese">
         <wf lemma="視覚" pos="X">視覚</wf>
         <wf lemma="と" pos="X">と</wf>
         <instance id="d000.s5359.t000" lemma="触覚" pos="NOUN">触覚</instance>
         <wf lemma="によって" pos="X">によって</wf>
         <wf lemma="のみ" pos="X">のみ</wf>
         <wf lemma="、" pos="X">、</wf>
         <wf lemma="私たち" pos="X">私たち</wf>
         <wf lemma="は" pos="X">は</wf>
         <wf lemma="、" pos="X">、</wf>
         <wf lemma="周り" pos="X">周り</wf>
         <wf lemma="に" pos="X">に</wf>
         <wf lemma="ある" pos="X">ある</wf>
         <wf lemma="物" pos="X">物</wf>
         <wf lemma="を" pos="X">を</wf>
         <wf lemma="位置" pos="X">位置</wf>
         <wf lemma="づける" pos="X">づける</wf>
         <wf lemma="こと" pos="X">こと</wf>
         <wf lemma="が" pos="X">が</wf>
         <wf lemma="できる" pos="X">できる</wf>
         <wf lemma="." pos="X">.</wf>
      </sentence>
      <sentence id="d000.s5360" source="wordnet-japanese">
         <wf lemma="彼ら" pos="X">彼ら</wf>
         <wf lemma="は" pos="X">は</wf>
         <instance id="d000.s5360.t000" lemma="ドラフト" pos="NOUN">ドラフト</instance>
         <wf lemma="で" pos="X">で</wf>
         <wf lemma="ビール" pos="X">ビール</wf>
         <wf lemma="を" pos="X">を</wf>
         <wf lemma="出し" pos="X">出し</wf>
         <wf lemma="た" pos="X">た</wf>
         <wf lemma="." pos="X">.</wf>
      </sentence>
      <sentence id="d000.s5361" source="wordnet-japanese">
         <wf lemma="遊歩道" pos="X">遊歩道</wf>
         <wf lemma="を" pos="X">を</wf>
         <wf lemma="散策" pos="X">散策</wf>
         <wf lemma="する" pos="X">する</wf>
         <wf lemma="人" pos="X">人</wf>
         <wf lemma="たち" pos="X">たち</wf>
         <wf lemma="の" pos="X">の</wf>
         <instance id="d000.s5361.t000" lemma="行列" pos="NOUN">行列</instance>
         <wf lemma="." pos="X">.</wf>
      </sentence>
      <sentence id="d000.s5362" source="wordnet-japanese">
         <wf lemma="彼" pos="X">彼</wf>
         <wf lemma="の" pos="X">の</wf>
         <wf lemma="顧客" pos="X">顧客</wf>
         <wf lemma="の" pos="X">の</wf>
         <instance id="d000.s5362.t000" lemma="大半" pos="NOUN">大半</instance>
         <wf lemma="は" pos="X">は</wf>
         <wf lemma="それ" pos="X">それ</wf>
         <wf lemma="を" pos="X">を</wf>
         <wf lemma="好む" pos="X">好む</wf>
         <wf lemma="." pos="X">.</wf>
      </sentence>
      <sentence id="d000.s5363" source="wordnet-japanese">
         <wf lemma="砂糖" pos="X">砂糖</wf>
         <wf lemma="の" pos="X">の</wf>
         <instance id="d000.s5363.t000" lemma="粒" pos="NOUN">粒</instance>
         <wf lemma="." pos="X">.</wf>
      </sentence>
      <sentence id="d000.s5364" source="wordnet-japanese">
         <wf lemma="彼ら" pos="X">彼ら</wf>
         <wf lemma="は" pos="X">は</wf>
         <wf lemma="図書館" pos="X">図書館</wf>
         <wf lemma="の" pos="X">の</wf>
         <instance id="d000.s5364.t000" lemma="支持者" pos="NOUN">支持者</instance>
         <wf lemma="だ" pos="X">だ</wf>
         <wf lemma="." pos="X">.</wf>
      </sentence>
      <sentence id="d000.s5365" source="wordnet-japanese">
         <wf lemma="彼" pos="X">彼</wf>
         <wf lemma="は" pos="X">は</wf>
         <wf lemma="隣" pos="X">隣</wf>
         <wf lemma="の" pos="X">の</wf>
         <instance id="d000.s5365.t000" lemma="区画" pos="NOUN">区画</instance>
         <wf lemma="に" pos="X">に</wf>
         <wf lemma="住ん" pos="X">住ん</wf>
         <wf lemma="で" pos="X">で</wf>
         <wf lemma="いる" pos="X">いる</wf>
         <wf lemma="." pos="X">.</wf>
      </sentence>
      <sentence id="d000.s5366" source="wordnet-japanese">
         <wf lemma="彼" pos="X">彼</wf>
         <wf lemma="は" pos="X">は</wf>
         <wf lemma="庭" pos="X">庭</wf>
         <wf lemma="の" pos="X">の</wf>
         <instance id="d000.s5366.t000" lemma="塀" pos="NOUN">塀</instance>
         <wf lemma="の" pos="X">の</wf>
         <wf lemma="陰" pos="X">陰</wf>
         <wf lemma="に" pos="X">に</wf>
         <wf lemma="かがん" pos="X">かがん</wf>
         <wf lemma="で" pos="X">で</wf>
         <wf lemma="待っ" pos="X">待っ</wf>
         <wf lemma="た" pos="X">た</wf>
         <wf lemma="." pos="X">.</wf>
      </sentence>
      <sentence id="d000.s5367" source="wordnet-japanese">
         <wf lemma="彼" pos="X">彼</wf>
         <wf lemma="は" pos="X">は</wf>
         <wf lemma="株" pos="X">株</wf>
         <wf lemma="を" pos="X">を</wf>
         <wf lemma="買う" pos="X">買う</wf>
         <wf lemma="時点" pos="X">時点</wf>
         <wf lemma="で" pos="X">で</wf>
         <wf lemma="一種" pos="X">一種</wf>
         <wf lemma="の" pos="X">の</wf>
         <instance id="d000.s5367.t000" lemma="投機" pos="NOUN">投機</instance>
         <wf lemma="だ" pos="X">だ</wf>
         <wf lemma="と" pos="X">と</wf>
         <wf lemma="分かっ" pos="X">分かっ</wf>
         <wf lemma="て" pos="X">て</wf>
         <wf lemma="い" pos="X">い</wf>
         <wf lemma="た" pos="X">た</wf>
         <wf lemma="." pos="X">.</wf>
      </sentence>
      <sentence id="d000.s5368" source="wordnet-japanese">
         <wf lemma="彼ら" pos="X">彼ら</wf>
         <wf lemma="は" pos="X">は</wf>
         <wf lemma="内容" pos="X">内容</wf>
         <wf lemma="の" pos="X">の</wf>
         <instance id="d000.s5368.t000" lemma="検定" pos="NOUN">検定</instance>
         <wf lemma="を" pos="X">を</wf>
         <wf lemma="行っ" pos="X">行っ</wf>
         <wf lemma="た" pos="X">た</wf>
         <wf lemma="." pos="X">.</wf>
      </sentence>
      <sentence id="d000.s5369" source="wordnet-japanese">
         <wf lemma="彼" pos="X">彼</wf>
         <wf lemma="の" pos="X">の</wf>
         <wf lemma="能力" pos="X">能力</wf>
         <wf lemma="の" pos="X">の</wf>
         <instance id="d000.s5369.t000" lemma="限界" pos="NOUN">限界</instance>
         <wf lemma="まで" pos="X">まで</wf>
         <wf lemma="." pos="X">.</wf>
      </sentence>
      <sentence id="d000.s5370" source="wordnet-japanese">
         <wf lemma="ボート" pos="X">ボート</wf>
         <wf lemma="を" pos="X">を</wf>
         <wf lemma="下流" pos="X">下流</wf>
         <wf lemma="に" pos="X">に</wf>
         <instance id="d000.s5370.t000" lemma="押し流す" pos="VERB">押し流す</instance>
         <wf lemma="." pos="X">.</wf>
      </sentence>
      <sentence id="d000.s5371" source="wordnet-japanese">
         <wf lemma="クリケット" pos="X">クリケット</wf>
         <wf lemma="用" pos="X">用</wf>
         <instance id="d000.s5371.t000" lemma="バット" pos="NOUN">バット</instance>
         <wf lemma="に" pos="X">に</wf>
         <wf lemma="は" pos="X">は</wf>
         <wf lemma="、" pos="X">、</wf>
         <wf lemma="細長い" pos="X">細長い</wf>
         <wf lemma="ハンドル" pos="X">ハンドル</wf>
         <wf lemma="と" pos="X">と</wf>
         <wf lemma="打つ" pos="X">打つ</wf>
         <wf lemma="ため" pos="X">ため</wf>
         <wf lemma="の" pos="X">の</wf>
         <wf lemma="広い" pos="X">広い</wf>
         <wf lemma="平ら" pos="X">平ら</wf>
         <wf lemma="な" pos="X">な</wf>
         <wf lemma="部分" pos="X">部分</wf>
         <wf lemma="が" pos="X">が</wf>
         <wf lemma="ある" pos="X">ある</wf>
         <wf lemma="." pos="X">.</wf>
      </sentence>
      <sentence id="d000.s5372" source="wordnet-japanese">
         <wf lemma="中国人" pos="X">中国人</wf>
         <wf lemma="は" pos="X">は</wf>
         <wf lemma="その" pos="X">その</wf>
         <wf lemma="女性" pos="X">女性</wf>
         <wf lemma="の" pos="X">の</wf>
         <wf lemma="足" pos="X">足</wf>
         <wf lemma="を" pos="X">を</wf>
         <instance id="d000.s5372.t000" lemma="縛る" pos="VERB">縛っ</instance>
         <wf lemma="て" pos="X">て</wf>
         <wf lemma="い" pos="X">い</wf>
         <wf lemma="た" pos="X">た</wf>
         <wf lemma="もの" pos="X">もの</wf>
         <wf lemma="だ" pos="X">だ</wf>
         <wf lemma="." pos="X">.</wf>
      </sentence>
      <sentence id="d000.s5373" source="wordnet-japanese">
         <wf lemma="枝" pos="X">枝</wf>
         <wf lemma="は" pos="X">は</wf>
         <wf lemma="木" pos="X">木</wf>
         <wf lemma="から" pos="X">から</wf>
         <instance id="d000.s5373.t000" lemma="落ちる" pos="VERB">落ち</instance>
         <wf lemma="た" pos="X">た</wf>
         <wf lemma="." pos="X">.</wf>
      </sentence>
      <sentence id="d000.s5374" source="wordnet-japanese">
         <instance id="d000.s5374.t000" lemma="幅広い" pos="ADJ">幅広い</instance>
         <wf lemma="経験" pos="X">経験</wf>
         <wf lemma="を" pos="X">を</wf>
         <wf lemma="持つ" pos="X">持つ</wf>
         <wf lemma="外科医" pos="X">外科医</wf>
         <wf lemma="." pos="X">.</wf>
      </sentence>
      <sentence id="d000.s5375" source="wordnet-japanese">
         <wf lemma="感光乳剤" pos="X">感光乳剤</wf>
         <wf lemma="の" pos="X">の</wf>
         <instance id="d000.s5375.t000" lemma="網状" pos="NOUN">網状</instance>
         <wf lemma="の" pos="X">の</wf>
         <wf lemma="しわ." pos="X">しわ.</wf>
      </sentence>
      <sentence id="d000.s5376" source="wordnet-japanese">
         <instance id="d000.s5376.t000" lemma="細長い" pos="ADJ">細長い</instance>
         <wf lemma="ポール" pos="X">ポール</wf>
         <wf lemma="." pos="X">.</wf>
      </sentence>
      <sentence id="d000.s5377" source="wordnet-japanese">
         <wf lemma="彼" pos="X">彼</wf>
         <wf lemma="の" pos="X">の</wf>
         <wf lemma="自由" pos="X">自由</wf>
         <wf lemma="は" pos="X">は</wf>
         <wf lemma="彼" pos="X">彼</wf>
         <wf lemma="に" pos="X">に</wf>
         <wf lemma="よく" pos="X">よく</wf>
         <instance id="d000.s5377.t000" lemma="役立つ" pos="VERB">役立っ</instance>
         <wf lemma="た" pos="X">た</wf>
         <wf lemma="." pos="X">.</wf>
      </sentence>
      <sentence id="d000.s5378" source="wordnet-japanese">
         <instance id="d000.s5378.t000" lemma="買い物" pos="NOUN">買い物</instance>
         <wf lemma="を" pos="X">を</wf>
         <wf lemma="家" pos="X">家</wf>
         <wf lemma="まで" pos="X">まで</wf>
         <wf lemma="運ん" pos="X">運ん</wf>
         <wf lemma="で" pos="X">で</wf>
         <wf lemma="いる" pos="X">いる</wf>
         <wf lemma="女性" pos="X">女性</wf>
         <wf lemma="は" pos="X">は</wf>
         <wf lemma="私" pos="X">私</wf>
         <wf lemma="に" pos="X">に</wf>
         <wf lemma="見向き" pos="X">見向き</wf>
         <wf lemma="も" pos="X">も</wf>
         <wf lemma="し" pos="X">し</wf>
         <wf lemma="なかっ" pos="X">なかっ</wf>
         <wf lemma="た" pos="X">た</wf>
         <wf lemma="." pos="X">.</wf>
      </sentence>
      <sentence id="d000.s5379" source="wordnet-japanese">
         <wf lemma="マスコミレポーター" pos="X">マスコミレポーター</wf>
         <wf lemma="を" pos="X">を</wf>
         <wf lemma="もっと" pos="X">もっと</wf>
         <wf lemma="優しく" pos="X">優しく</wf>
         <instance id="d000.s5379.t000" lemma="扱う" pos="VERB">扱っ</instance>
         <wf lemma="て" pos="X">て</wf>
         <wf lemma="ください" pos="X">ください</wf>
         <wf lemma="." pos="X">.</wf>
      </sentence>
      <sentence id="d000.s5380" source="wordnet-japanese">
         <wf lemma="彼" pos="X">彼</wf>
         <wf lemma="は" pos="X">は</wf>
         <wf lemma="テレビ" pos="X">テレビ</wf>
         <wf lemma="の" pos="X">の</wf>
         <instance id="d000.s5380.t000" lemma="リモコン" pos="NOUN">リモコン</instance>
         <wf lemma="を" pos="X">を</wf>
         <wf lemma="なくし" pos="X">なくし</wf>
         <wf lemma="た" pos="X">た</wf>
         <wf lemma="." pos="X">.</wf>
      </sentence>
      <sentence id="d000.s5381" source="wordnet-japanese">
         <wf lemma="母親" pos="X">母親</wf>
         <wf lemma="は" pos="X">は</wf>
         <wf lemma="全" pos="X">全</wf>
         <wf lemma="家族" pos="X">家族</wf>
         <wf lemma="に" pos="X">に</wf>
         <wf lemma="情緒的" pos="X">情緒的</wf>
         <wf lemma="な" pos="X">な</wf>
         <instance id="d000.s5381.t000" lemma="停泊地" pos="NOUN">停泊地</instance>
         <wf lemma="を" pos="X">を</wf>
         <wf lemma="供給" pos="X">供給</wf>
         <wf lemma="する" pos="X">する</wf>
         <wf lemma="." pos="X">.</wf>
      </sentence>
      <sentence id="d000.s5382" source="wordnet-japanese">
         <wf lemma="彼" pos="X">彼</wf>
         <wf lemma="は" pos="X">は</wf>
         <wf lemma="今日" pos="X">今日</wf>
         <wf lemma="は" pos="X">は</wf>
         <instance id="d000.s5382.t000" lemma="職場" pos="NOUN">職場</instance>
         <wf lemma="に" pos="X">に</wf>
         <wf lemma="早く" pos="X">早く</wf>
         <wf lemma="着い" pos="X">着い</wf>
         <wf lemma="た" pos="X">た</wf>
         <wf lemma="." pos="X">.</wf>
      </sentence>
      <sentence id="d000.s5383" source="wordnet-japanese">
         <wf lemma="祝祭" pos="X">祝祭</wf>
         <wf lemma="用" pos="X">用</wf>
         <wf lemma="に" pos="X">に</wf>
         <wf lemma="馬" pos="X">馬</wf>
         <wf lemma="を" pos="X">を</wf>
         <instance id="d000.s5383.t000" lemma="飾り立てる" pos="VERB">飾り立てる</instance>
         <wf lemma="." pos="X">.</wf>
      </sentence>
      <sentence id="d000.s5384" source="wordnet-japanese">
         <wf lemma="彼" pos="X">彼</wf>
         <wf lemma="の" pos="X">の</wf>
         <wf lemma="環境" pos="X">環境</wf>
         <wf lemma="の" pos="X">の</wf>
         <instance id="d000.s5384.t000" lemma="厳しさ" pos="NOUN">厳しさ</instance>
         <wf lemma="は" pos="X">は</wf>
         <wf lemma="、" pos="X">、</wf>
         <wf lemma="彼" pos="X">彼</wf>
         <wf lemma="を" pos="X">を</wf>
         <wf lemma="不快" pos="X">不快</wf>
         <wf lemma="に" pos="X">に</wf>
         <wf lemma="し" pos="X">し</wf>
         <wf lemma="た" pos="X">た</wf>
         <wf lemma="." pos="X">.</wf>
      </sentence>
      <sentence id="d000.s5385" source="wordnet-japanese">
         <wf lemma="ジョン" pos="X">ジョン</wf>
         <wf lemma="は" pos="X">は</wf>
         <wf lemma="壊れ" pos="X">壊れ</wf>
         <wf lemma="た" pos="X">た</wf>
         <wf lemma="ランプ" pos="X">ランプ</wf>
         <wf lemma="を" pos="X">を</wf>
         <wf lemma="見つけ" pos="X">見つけ</wf>
         <wf lemma="た" pos="X">た</wf>
         <wf lemma="とき" pos="X">とき</wf>
         <wf lemma="の" pos="X">の</wf>
         <wf lemma="母親" pos="X">母親</wf>
         <wf lemma="の" pos="X">の</wf>
         <instance id="d000.s5385.t000" lemma="反応" pos="NOUN">反応</instance>
         <wf lemma="が" pos="X">が</wf>
         <wf lemma="恐かっ" pos="X">恐かっ</wf>
         <wf lemma="た" pos="X">た</wf>
         <wf lemma="." pos="X">.</wf>
      </sentence>
      <sentence id="d000.s5386" source="wordnet-japanese">
         <wf lemma="彼" pos="X">彼</wf>
         <wf lemma="は" pos="X">は</wf>
         <wf lemma="朝食" pos="X">朝食</wf>
         <wf lemma="の" pos="X">の</wf>
         <wf lemma="とき" pos="X">とき</wf>
         <wf lemma="に" pos="X">に</wf>
         <instance id="d000.s5386.t000" lemma="新聞" pos="NOUN">新聞</instance>
         <wf lemma="を" pos="X">を</wf>
         <wf lemma="読ん" pos="X">読ん</wf>
         <wf lemma="だ" pos="X">だ</wf>
         <wf lemma="." pos="X">.</wf>
      </sentence>
      <sentence id="d000.s5387" source="wordnet-japanese">
         <wf lemma="鉛" pos="X">鉛</wf>
         <wf lemma="へ" pos="X">へ</wf>
         <wf lemma="の" pos="X">の</wf>
         <wf lemma="露出" pos="X">露出</wf>
         <wf lemma="の" pos="X">の</wf>
         <instance id="d000.s5387.t000" lemma="話" pos="NOUN">話</instance>
         <wf lemma="." pos="X">.</wf>
      </sentence>
      <sentence id="d000.s5388" source="wordnet-japanese">
         <instance id="d000.s5388.t000" lemma="粗野" pos="ADJ">粗野</instance>
         <wf lemma="な" pos="X">な</wf>
         <wf lemma="ユーモア" pos="X">ユーモア</wf>
         <wf lemma="の" pos="X">の</wf>
         <wf lemma="センス" pos="X">センス</wf>
         <wf lemma="." pos="X">.</wf>
      </sentence>
      <sentence id="d000.s5389" source="wordnet-japanese">
         <wf lemma="写真" pos="X">写真</wf>
         <wf lemma="が" pos="X">が</wf>
         <instance id="d000.s5389.t000" lemma="貧弱" pos="NOUN">貧弱</instance>
         <wf lemma="な" pos="X">な</wf>
         <wf lemma="ので" pos="X">ので</wf>
         <wf lemma="、" pos="X">、</wf>
         <wf lemma="彼女" pos="X">彼女</wf>
         <wf lemma="だ" pos="X">だ</wf>
         <wf lemma="と" pos="X">と</wf>
         <wf lemma="見分け" pos="X">見分け</wf>
         <wf lemma="が" pos="X">が</wf>
         <wf lemma="つか" pos="X">つか</wf>
         <wf lemma="なかっ" pos="X">なかっ</wf>
         <wf lemma="た" pos="X">た</wf>
         <wf lemma="." pos="X">.</wf>
      </sentence>
      <sentence id="d000.s5390" source="wordnet-japanese">
         <wf lemma="彼" pos="X">彼</wf>
         <wf lemma="の" pos="X">の</wf>
         <wf lemma="性的" pos="X">性的</wf>
         <wf lemma="な" pos="X">な</wf>
         <instance id="d000.s5390.t000" lemma="好み" pos="NOUN">好み</instance>
         <wf lemma="." pos="X">.</wf>
      </sentence>
      <sentence id="d000.s5391" source="wordnet-japanese">
         <instance id="d000.s5391.t000" lemma="高価" pos="ADV">高価</instance>
         <wf lemma="に" pos="X">に</wf>
         <wf lemma="着飾っ" pos="X">着飾っ</wf>
         <wf lemma="た" pos="X">た</wf>
         <wf lemma="小さい" pos="X">小さい</wf>
         <wf lemma="男性" pos="X">男性</wf>
         <wf lemma="は" pos="X">は</wf>
         <wf lemma="、" pos="X">、</wf>
         <wf lemma="角" pos="X">角</wf>
         <wf lemma="を" pos="X">を</wf>
         <wf lemma="曲がっ" pos="X">曲がっ</wf>
         <wf lemma="て" pos="X">て</wf>
         <wf lemma="彼女" pos="X">彼女</wf>
         <wf lemma="に" pos="X">に</wf>
         <wf lemma="接近" pos="X">接近</wf>
         <wf lemma="し" pos="X">し</wf>
         <wf lemma="た" pos="X">た</wf>
         <wf lemma="." pos="X">.</wf>
      </sentence>
      <sentence id="d000.s5392" source="wordnet-japanese">
         <wf lemma="鼻" pos="X">鼻</wf>
         <wf lemma="を" pos="X">を</wf>
         <instance id="d000.s5392.t000" lemma="かむ" pos="VERB">かむ</instance>
         <wf lemma="." pos="X">.</wf>
      </sentence>
      <sentence id="d000.s5393" source="wordnet-japanese">
         <wf lemma="彼" pos="X">彼</wf>
         <wf lemma="の" pos="X">の</wf>
         <wf lemma="青春期" pos="X">青春期</wf>
         <wf lemma="の" pos="X">の</wf>
         <wf lemma="抗議" pos="X">抗議</wf>
         <wf lemma="は" pos="X">は</wf>
         <wf lemma="、" pos="X">、</wf>
         <wf lemma="彼" pos="X">彼</wf>
         <wf lemma="の" pos="X">の</wf>
         <wf lemma="すべて" pos="X">すべて</wf>
         <wf lemma="の" pos="X">の</wf>
         <wf lemma="責任" pos="X">責任</wf>
         <wf lemma="において" pos="X">において</wf>
         <wf lemma="故意" pos="X">故意</wf>
         <wf lemma="の" pos="X">の</wf>
         <instance id="d000.s5393.t000" lemma="怠慢" pos="NOUN">怠慢</instance>
         <wf lemma="から" pos="X">から</wf>
         <wf lemma="成っ" pos="X">成っ</wf>
         <wf lemma="た" pos="X">た</wf>
         <wf lemma="." pos="X">.</wf>
      </sentence>
      <sentence id="d000.s5394" source="wordnet-japanese">
         <wf lemma="金" pos="X">金</wf>
         <wf lemma="が" pos="X">が</wf>
         <instance id="d000.s5394.t000" lemma="不足" pos="ADJ">不足</instance>
         <wf lemma="し" pos="X">し</wf>
         <wf lemma="て" pos="X">て</wf>
         <wf lemma="いる" pos="X">いる</wf>
         <wf lemma="." pos="X">.</wf>
      </sentence>
      <sentence id="d000.s5395" source="wordnet-japanese">
         <instance id="d000.s5395.t000" lemma="偶発的" pos="ADJ">偶発的</instance>
         <wf lemma="な" pos="X">な</wf>
         <wf lemma="出来事" pos="X">出来事</wf>
         <wf lemma="." pos="X">.</wf>
      </sentence>
      <sentence id="d000.s5396" source="wordnet-japanese">
         <wf lemma="彼" pos="X">彼</wf>
         <wf lemma="は" pos="X">は</wf>
         <wf lemma="、" pos="X">、</wf>
         <wf lemma="理性" pos="X">理性</wf>
         <wf lemma="上" pos="X">上</wf>
         <wf lemma="の" pos="X">の</wf>
         <instance id="d000.s5396.t000" lemma="洗練" pos="NOUN">洗練</instance>
         <wf lemma="の" pos="X">の</wf>
         <wf lemma="芸術" pos="X">芸術</wf>
         <wf lemma="を" pos="X">を</wf>
         <wf lemma="実行" pos="X">実行</wf>
         <wf lemma="し" pos="X">し</wf>
         <wf lemma="た" pos="X">た</wf>
         <wf lemma="." pos="X">.</wf>
      </sentence>
      <sentence id="d000.s5397" source="wordnet-japanese">
         <wf lemma="その" pos="X">その</wf>
         <wf lemma="病院" pos="X">病院</wf>
         <wf lemma="は" pos="X">は</wf>
         <wf lemma="優秀" pos="X">優秀</wf>
         <wf lemma="な" pos="X">な</wf>
         <wf lemma="看護" pos="X">看護</wf>
         <instance id="d000.s5397.t000" lemma="スタッフ" pos="NOUN">スタッフ</instance>
         <wf lemma="を" pos="X">を</wf>
         <wf lemma="抱え" pos="X">抱え</wf>
         <wf lemma="て" pos="X">て</wf>
         <wf lemma="いる" pos="X">いる</wf>
         <wf lemma="." pos="X">.</wf>
      </sentence>
      <sentence id="d000.s5398" source="wordnet-japanese">
         <wf lemma="彼女" pos="X">彼女</wf>
         <wf lemma="は" pos="X">は</wf>
         <instance id="d000.s5398.t000" lemma="まもなく" pos="ADV">まもなく</instance>
         <wf lemma="到着" pos="X">到着</wf>
         <wf lemma="する" pos="X">する</wf>
         <wf lemma="だろ" pos="X">だろ</wf>
         <wf lemma="う" pos="X">う</wf>
         <wf lemma="." pos="X">.</wf>
      </sentence>
      <sentence id="d000.s5399" source="wordnet-japanese">
         <wf lemma="幾分" pos="X">幾分</wf>
         <wf lemma="、" pos="X">、</wf>
         <wf lemma="彼" pos="X">彼</wf>
         <wf lemma="の" pos="X">の</wf>
         <wf lemma="姿勢" pos="X">姿勢</wf>
         <wf lemma="において" pos="X">において</wf>
         <wf lemma="卑怯" pos="X">卑怯</wf>
         <wf lemma="で" pos="X">で</wf>
         <wf lemma="、" pos="X">、</wf>
         <instance id="d000.s5399.t000" lemma="卑劣" pos="ADJ">卑劣</instance>
         <wf lemma="な" pos="X">な</wf>
         <wf lemma="何か." pos="X">何か.</wf>
      </sentence>
      <sentence id="d000.s5400" source="wordnet-japanese">
         <wf lemma="私" pos="X">私</wf>
         <wf lemma="は" pos="X">は</wf>
         <wf lemma="彼女" pos="X">彼女</wf>
         <wf lemma="を" pos="X">を</wf>
         <wf lemma="秘書" pos="X">秘書</wf>
         <wf lemma="と" pos="X">と</wf>
         <instance id="d000.s5400.t000" lemma="間違える" pos="VERB">間違え</instance>
         <wf lemma="た" pos="X">た</wf>
         <wf lemma="." pos="X">.</wf>
      </sentence>
      <sentence id="d000.s5401" source="wordnet-japanese">
         <wf lemma="区画" pos="X">区画</wf>
         <wf lemma="内" pos="X">内</wf>
         <wf lemma="の" pos="X">の</wf>
         <instance id="d000.s5401.t000" lemma="簡単" pos="ADJ">簡単</instance>
         <wf lemma="な" pos="X">な</wf>
         <wf lemma="散歩" pos="X">散歩</wf>
         <wf lemma="." pos="X">.</wf>
      </sentence>
      <sentence id="d000.s5402" source="wordnet-japanese">
         <instance id="d000.s5402.t000" lemma="未熟" pos="ADJ">未熟</instance>
         <wf lemma="な" pos="X">な</wf>
         <wf lemma="弁護士" pos="X">弁護士</wf>
         <wf lemma="." pos="X">.</wf>
      </sentence>
      <sentence id="d000.s5403" source="wordnet-japanese">
         <instance id="d000.s5403.t000" lemma="ひどい" pos="ADJ">ひどい</instance>
         <wf lemma="声" pos="X">声</wf>
         <wf lemma="." pos="X">.</wf>
      </sentence>
      <sentence id="d000.s5404" source="wordnet-japanese">
         <wf lemma="丘" pos="X">丘</wf>
         <wf lemma="の" pos="X">の</wf>
         <wf lemma="ふもと" pos="X">ふもと</wf>
         <wf lemma="で" pos="X">で</wf>
         <instance id="d000.s5404.t000" lemma="中止" pos="NOUN">中止</instance>
         <wf lemma="に" pos="X">に</wf>
         <wf lemma="なっ" pos="X">なっ</wf>
         <wf lemma="た" pos="X">た</wf>
         <wf lemma="." pos="X">.</wf>
      </sentence>
      <sentence id="d000.s5405" source="wordnet-japanese">
         <instance id="d000.s5405.t000" lemma="正直" pos="ADJ">正直</instance>
         <wf lemma="に" pos="X">に</wf>
         <wf lemma="答え" pos="X">答え</wf>
         <wf lemma="た" pos="X">た</wf>
         <wf lemma="." pos="X">.</wf>
      </sentence>
      <sentence id="d000.s5406" source="wordnet-japanese">
         <wf lemma="彼女" pos="X">彼女</wf>
         <wf lemma="は" pos="X">は</wf>
         <wf lemma="ヒマワリ" pos="X">ヒマワリ</wf>
         <wf lemma="の" pos="X">の</wf>
         <wf lemma="種" pos="X">種</wf>
         <wf lemma="を" pos="X">を</wf>
         <instance id="d000.s5406.t000" lemma="撒く" pos="VERB">撒い</instance>
         <wf lemma="た" pos="X">た</wf>
         <wf lemma="." pos="X">.</wf>
      </sentence>
      <sentence id="d000.s5407" source="wordnet-japanese">
         <wf lemma="彼女" pos="X">彼女</wf>
         <wf lemma="の" pos="X">の</wf>
         <wf lemma="美貌" pos="X">美貌</wf>
         <wf lemma="は" pos="X">は</wf>
         <wf lemma="、" pos="X">、</wf>
         <wf lemma="多く" pos="X">多く</wf>
         <wf lemma="の" pos="X">の</wf>
         <wf lemma="男性" pos="X">男性</wf>
         <wf lemma="の" pos="X">の</wf>
         <wf lemma="視線" pos="X">視線</wf>
         <wf lemma="を" pos="X">を</wf>
         <instance id="d000.s5407.t000" lemma="引きつける" pos="VERB">引きつける</instance>
         <wf lemma="." pos="X">.</wf>
      </sentence>
      <sentence id="d000.s5408" source="wordnet-japanese">
         <wf lemma="彼" pos="X">彼</wf>
         <wf lemma="は" pos="X">は</wf>
         <wf lemma="、" pos="X">、</wf>
         <instance id="d000.s5408.t000" lemma="現在" pos="ADV">現在</instance>
         <wf lemma="我々" pos="X">我々</wf>
         <wf lemma="の" pos="X">の</wf>
         <wf lemma="国連" pos="X">国連</wf>
         <wf lemma="大使" pos="X">大使</wf>
         <wf lemma="である" pos="X">である</wf>
         <wf lemma="." pos="X">.</wf>
      </sentence>
      <sentence id="d000.s5409" source="wordnet-japanese">
         <wf lemma="この" pos="X">この</wf>
         <wf lemma="車" pos="X">車</wf>
         <wf lemma="は" pos="X">は</wf>
         <wf lemma="、" pos="X">、</wf>
         <wf lemma="毎時" pos="X">毎時</wf>
         <wf lemma="150" pos="X">150</wf>
         <wf lemma="マイル" pos="X">マイル</wf>
         <wf lemma="を" pos="X">を</wf>
         <wf lemma="運行" pos="X">運行</wf>
         <instance id="d000.s5409.t000" lemma="する" pos="VERB">する</instance>
         <wf lemma="." pos="X">.</wf>
      </sentence>
      <sentence id="d000.s5410" source="wordnet-japanese">
         <wf lemma="インテリア" pos="X">インテリア</wf>
         <wf lemma="デザイナー" pos="X">デザイナー</wf>
         <wf lemma="は" pos="X">は</wf>
         <instance id="d000.s5410.t000" lemma="照明" pos="NOUN">照明</instance>
         <wf lemma="を" pos="X">を</wf>
         <wf lemma="理解" pos="X">理解</wf>
         <wf lemma="し" pos="X">し</wf>
         <wf lemma="て" pos="X">て</wf>
         <wf lemma="い" pos="X">い</wf>
         <wf lemma="なく" pos="X">なく</wf>
         <wf lemma="て" pos="X">て</wf>
         <wf lemma="は" pos="X">は</wf>
         <wf lemma="なら" pos="X">なら</wf>
         <wf lemma="ない" pos="X">ない</wf>
         <wf lemma="." pos="X">.</wf>
      </sentence>
      <sentence id="d000.s5411" source="wordnet-japanese">
         <instance id="d000.s5411.t000" lemma="深い" pos="ADJ">深い</instance>
         <wf lemma="キャセロール" pos="X">キャセロール</wf>
         <wf lemma="." pos="X">.</wf>
      </sentence>
      <sentence id="d000.s5412" source="wordnet-japanese">
         <wf lemma="近頃" pos="X">近頃</wf>
         <wf lemma="の" pos="X">の</wf>
         <instance id="d000.s5412.t000" lemma="不快" pos="NOUN">不快</instance>
         <wf lemma="な" pos="X">な</wf>
         <wf lemma="天気" pos="X">天気</wf>
         <wf lemma="." pos="X">.</wf>
      </sentence>
      <sentence id="d000.s5413" source="wordnet-japanese">
         <instance id="d000.s5413.t000" lemma="未熟" pos="ADJ">未熟</instance>
         <wf lemma="な" pos="X">な</wf>
         <wf lemma="技量" pos="X">技量</wf>
         <wf lemma="." pos="X">.</wf>
      </sentence>
      <sentence id="d000.s5414" source="wordnet-japanese">
         <wf lemma="彼ら" pos="X">彼ら</wf>
         <wf lemma="は" pos="X">は</wf>
         <wf lemma="、" pos="X">、</wf>
         <wf lemma="彼ら" pos="X">彼ら</wf>
         <wf lemma="の" pos="X">の</wf>
         <wf lemma="憲章" pos="X">憲章</wf>
         <wf lemma="の" pos="X">の</wf>
         <wf lemma="禁止令" pos="X">禁止令</wf>
         <wf lemma="によって" pos="X">によって</wf>
         <instance id="d000.s5414.t000" lemma="抑制" pos="NOUN">抑制</instance>
         <wf lemma="さ" pos="X">さ</wf>
         <wf lemma="れ" pos="X">れ</wf>
         <wf lemma="た" pos="X">た</wf>
         <wf lemma="." pos="X">.</wf>
      </sentence>
      <sentence id="d000.s5415" source="wordnet-japanese">
         <instance id="d000.s5415.t000" lemma="効果的" pos="ADJ">効果的</instance>
         <wf lemma="な" pos="X">な</wf>
         <wf lemma="教授" pos="X">教授</wf>
         <wf lemma="法" pos="X">法</wf>
         <wf lemma="." pos="X">.</wf>
      </sentence>
      <sentence id="d000.s5416" source="wordnet-japanese">
         <wf lemma="我々" pos="X">我々</wf>
         <wf lemma="は" pos="X">は</wf>
         <wf lemma="、" pos="X">、</wf>
         <wf lemma="ホームレス" pos="X">ホームレス</wf>
         <wf lemma="の" pos="X">の</wf>
         <wf lemma="ため" pos="X">ため</wf>
         <wf lemma="に" pos="X">に</wf>
         <wf lemma="食事" pos="X">食事</wf>
         <wf lemma="を" pos="X">を</wf>
         <instance id="d000.s5416.t000" lemma="出す" pos="VERB">出す</instance>
         <wf lemma="." pos="X">.</wf>
      </sentence>
      <sentence id="d000.s5417" source="wordnet-japanese">
         <wf lemma="納屋" pos="X">納屋</wf>
         <wf lemma="に" pos="X">に</wf>
         <wf lemma="牛" pos="X">牛</wf>
         <wf lemma="を" pos="X">を</wf>
         <instance id="d000.s5417.t000" lemma="追い込む" pos="VERB">追い込む</instance>
         <wf lemma="." pos="X">.</wf>
      </sentence>
      <sentence id="d000.s5418" source="wordnet-japanese">
         <wf lemma="天井" pos="X">天井</wf>
         <wf lemma="に" pos="X">に</wf>
         <wf lemma="しっくい" pos="X">しっくい</wf>
         <wf lemma="を" pos="X">を</wf>
         <instance id="d000.s5418.t000" lemma="塗る" pos="VERB">塗る</instance>
         <wf lemma="." pos="X">.</wf>
      </sentence>
      <sentence id="d000.s5419" source="wordnet-japanese">
         <wf lemma="多く" pos="X">多く</wf>
         <wf lemma="の" pos="X">の</wf>
         <instance id="d000.s5419.t000" lemma="牛" pos="NOUN">牛</instance>
         <wf lemma="の" pos="X">の</wf>
         <wf lemma="頭数" pos="X">頭数</wf>
         <wf lemma="." pos="X">.</wf>
      </sentence>
      <sentence id="d000.s5420" source="wordnet-japanese">
         <wf lemma="この" pos="X">この</wf>
         <wf lemma="箱" pos="X">箱</wf>
         <wf lemma="に" pos="X">に</wf>
         <wf lemma="は" pos="X">は</wf>
         <wf lemma="すべて" pos="X">すべて</wf>
         <wf lemma="の" pos="X">の</wf>
         <wf lemma="商品" pos="X">商品</wf>
         <wf lemma="は" pos="X">は</wf>
         <instance id="d000.s5420.t000" lemma="入る" pos="VERB">入ら</instance>
         <wf lemma="ない" pos="X">ない</wf>
         <wf lemma="だろ" pos="X">だろ</wf>
         <wf lemma="う" pos="X">う</wf>
         <wf lemma="." pos="X">.</wf>
      </sentence>
      <sentence id="d000.s5421" source="wordnet-japanese">
         <wf lemma="彼" pos="X">彼</wf>
         <wf lemma="に" pos="X">に</wf>
         <wf lemma="は" pos="X">は</wf>
         <wf lemma="、" pos="X">、</wf>
         <wf lemma="彼ら" pos="X">彼ら</wf>
         <wf lemma="が" pos="X">が</wf>
         <wf lemma="彼" pos="X">彼</wf>
         <wf lemma="に" pos="X">に</wf>
         <wf lemma="利用" pos="X">利用</wf>
         <wf lemma="可能" pos="X">可能</wf>
         <wf lemma="と" pos="X">と</wf>
         <wf lemma="し" pos="X">し</wf>
         <wf lemma="た" pos="X">た</wf>
         <wf lemma="、" pos="X">、</wf>
         <wf lemma="そして" pos="X">そして</wf>
         <wf lemma="、" pos="X">、</wf>
         <instance id="d000.s5421.t000" lemma="従って" pos="ADV">従って</instance>
         <wf lemma="、" pos="X">、</wf>
         <wf lemma="彼" pos="X">彼</wf>
         <wf lemma="が" pos="X">が</wf>
         <wf lemma="現在" pos="X">現在</wf>
         <wf lemma="保持" pos="X">保持</wf>
         <wf lemma="し" pos="X">し</wf>
         <wf lemma="て" pos="X">て</wf>
         <wf lemma="いる" pos="X">いる</wf>
         <wf lemma="良い" pos="X">良い</wf>
         <wf lemma="地位" pos="X">地位</wf>
         <wf lemma="に" pos="X">に</wf>
         <wf lemma="つながっ" pos="X">つながっ</wf>
         <wf lemma="た" pos="X">た</wf>
         <wf lemma="機会" pos="X">機会</wf>
         <wf lemma="に" pos="X">に</wf>
         <wf lemma="感謝" pos="X">感謝</wf>
         <wf lemma="する" pos="X">する</wf>
         <wf lemma="正当" pos="X">正当</wf>
         <wf lemma="な" pos="X">な</wf>
         <wf lemma="理由" pos="X">理由</wf>
         <wf lemma="が" pos="X">が</wf>
         <wf lemma="あっ" pos="X">あっ</wf>
         <wf lemma="た" pos="X">た</wf>
         <wf lemma="." pos="X">.</wf>
      </sentence>
      <sentence id="d000.s5422" source="wordnet-japanese">
         <wf lemma="彼" pos="X">彼</wf>
         <wf lemma="は" pos="X">は</wf>
         <wf lemma="私" pos="X">私</wf>
         <wf lemma="の" pos="X">の</wf>
         <instance id="d000.s5422.t000" lemma="手" pos="NOUN">手</instance>
         <wf lemma="の" pos="X">の</wf>
         <wf lemma="うち" pos="X">うち</wf>
         <wf lemma="を" pos="X">を</wf>
         <wf lemma="見" pos="X">見</wf>
         <wf lemma="よう" pos="X">よう</wf>
         <wf lemma="と" pos="X">と</wf>
         <wf lemma="し" pos="X">し</wf>
         <wf lemma="て" pos="X">て</wf>
         <wf lemma="い" pos="X">い</wf>
         <wf lemma="た" pos="X">た</wf>
         <wf lemma="." pos="X">.</wf>
      </sentence>
      <sentence id="d000.s5423" source="wordnet-japanese">
         <wf lemma="救助隊" pos="X">救助隊</wf>
         <wf lemma="は" pos="X">は</wf>
         <wf lemma="、" pos="X">、</wf>
         <instance id="d000.s5423.t000" lemma="すぐ" pos="ADV">すぐ</instance>
         <wf lemma="に" pos="X">に</wf>
         <wf lemma="到着" pos="X">到着</wf>
         <wf lemma="し" pos="X">し</wf>
         <wf lemma="た" pos="X">た</wf>
         <wf lemma="." pos="X">.</wf>
      </sentence>
      <sentence id="d000.s5424" source="wordnet-japanese">
         <wf lemma="狂人" pos="X">狂人</wf>
         <wf lemma="によって" pos="X">によって</wf>
         <wf lemma="考案" pos="X">考案</wf>
         <wf lemma="さ" pos="X">さ</wf>
         <wf lemma="れ" pos="X">れ</wf>
         <wf lemma="た" pos="X">た</wf>
         <instance id="d000.s5424.t000" lemma="恐ろしい" pos="ADJ">恐ろしい</instance>
         <wf lemma="拷問" pos="X">拷問</wf>
         <wf lemma="." pos="X">.</wf>
      </sentence>
      <sentence id="d000.s5425" source="wordnet-japanese">
         <instance id="d000.s5425.t000" lemma="プラトニック" pos="ADJ">プラトニック</instance>
         <wf lemma="な" pos="X">な</wf>
         <wf lemma="恋愛" pos="X">恋愛</wf>
         <wf lemma="." pos="X">.</wf>
      </sentence>
      <sentence id="d000.s5426" source="wordnet-japanese">
         <instance id="d000.s5426.t000" lemma="任意" pos="ADJ">任意</instance>
         <wf lemma="の" pos="X">の</wf>
         <wf lemma="ソーシャルワーカー" pos="X">ソーシャルワーカー</wf>
         <wf lemma="." pos="X">.</wf>
      </sentence>
      <sentence id="d000.s5427" source="wordnet-japanese">
         <instance id="d000.s5427.t000" lemma="薄い" pos="ADJ">薄い</instance>
         <wf lemma="スープ" pos="X">スープ</wf>
         <wf lemma="." pos="X">.</wf>
      </sentence>
      <sentence id="d000.s5428" source="wordnet-japanese">
         <instance id="d000.s5428.t000" lemma="飛行" pos="NOUN">飛行</instance>
         <wf lemma="する" pos="X">する</wf>
         <wf lemma="こと" pos="X">こと</wf>
         <wf lemma="は" pos="X">は</wf>
         <wf lemma="彼" pos="X">彼</wf>
         <wf lemma="にとって" pos="X">にとって</wf>
         <wf lemma="まだ" pos="X">まだ</wf>
         <wf lemma="興奮" pos="X">興奮</wf>
         <wf lemma="する" pos="X">する</wf>
         <wf lemma="冒険" pos="X">冒険</wf>
         <wf lemma="であっ" pos="X">であっ</wf>
         <wf lemma="た" pos="X">た</wf>
         <wf lemma="." pos="X">.</wf>
      </sentence>
      <sentence id="d000.s5429" source="wordnet-japanese">
         <wf lemma="彼" pos="X">彼</wf>
         <wf lemma="は" pos="X">は</wf>
         <wf lemma="警察" pos="X">警察</wf>
         <wf lemma="に" pos="X">に</wf>
         <instance id="d000.s5429.t000" lemma="拘置" pos="NOUN">拘置</instance>
         <wf lemma="さ" pos="X">さ</wf>
         <wf lemma="れ" pos="X">れ</wf>
         <wf lemma="て" pos="X">て</wf>
         <wf lemma="いる" pos="X">いる</wf>
         <wf lemma="." pos="X">.</wf>
      </sentence>
      <sentence id="d000.s5430" source="wordnet-japanese">
         <instance id="d000.s5430.t000" lemma="飲み物" pos="NOUN">飲み物</instance>
         <wf lemma="の" pos="X">の</wf>
         <wf lemma="注文" pos="X">注文</wf>
         <wf lemma="を" pos="X">を</wf>
         <wf lemma="お" pos="X">お</wf>
         <wf lemma="取りし" pos="X">取りし</wf>
         <wf lemma="て" pos="X">て</wf>
         <wf lemma="も" pos="X">も</wf>
         <wf lemma="いいです" pos="X">いいです</wf>
         <wf lemma="か" pos="X">か</wf>
         <wf lemma="." pos="X">.</wf>
      </sentence>
      <sentence id="d000.s5431" source="wordnet-japanese">
         <wf lemma="私" pos="X">私</wf>
         <wf lemma="の" pos="X">の</wf>
         <wf lemma="妻" pos="X">妻</wf>
         <wf lemma="は" pos="X">は</wf>
         <wf lemma="昨日" pos="X">昨日</wf>
         <wf lemma="双子" pos="X">双子</wf>
         <wf lemma="を" pos="X">を</wf>
         <instance id="d000.s5431.t000" lemma="産む" pos="VERB">産ん</instance>
         <wf lemma="だ" pos="X">だ</wf>
         <wf lemma="！" pos="X">！</wf>
         <wf lemma="." pos="X">.</wf>
      </sentence>
      <sentence id="d000.s5432" source="wordnet-japanese">
         <wf lemma="シャワー" pos="X">シャワー</wf>
         <wf lemma="は" pos="X">は</wf>
         <wf lemma="より" pos="X">より</wf>
         <instance id="d000.s5432.t000" lemma="少ない" pos="ADJ">少ない</instance>
         <wf lemma="水" pos="X">水</wf>
         <wf lemma="を" pos="X">を</wf>
         <wf lemma="使う" pos="X">使う</wf>
         <wf lemma="." pos="X">.</wf>
      </sentence>
      <sentence id="d000.s5433" source="wordnet-japanese">
         <wf lemma="私" pos="X">私</wf>
         <wf lemma="と" pos="X">と</wf>
         <wf lemma="の" pos="X">の</wf>
         <instance id="d000.s5433.t000" lemma="取引" pos="NOUN">取引</instance>
         <wf lemma="は" pos="X">は</wf>
         <wf lemma="、" pos="X">、</wf>
         <wf lemma="彼" pos="X">彼</wf>
         <wf lemma="は" pos="X">は</wf>
         <wf lemma="いつも" pos="X">いつも</wf>
         <wf lemma="正直" pos="X">正直</wf>
         <wf lemma="に" pos="X">に</wf>
         <wf lemma="やっ" pos="X">やっ</wf>
         <wf lemma="て" pos="X">て</wf>
         <wf lemma="くれ" pos="X">くれ</wf>
         <wf lemma="て" pos="X">て</wf>
         <wf lemma="いる" pos="X">いる</wf>
         <wf lemma="." pos="X">.</wf>
      </sentence>
      <sentence id="d000.s5434" source="wordnet-japanese">
         <instance id="d000.s5434.t000" lemma="織布" pos="NOUN">織布</instance>
         <wf lemma="は" pos="X">は</wf>
         <wf lemma="、" pos="X">、</wf>
         <wf lemma="紀元前" pos="X">紀元前</wf>
         <wf lemma="5000" pos="X">5000</wf>
         <wf lemma="年" pos="X">年</wf>
         <wf lemma="ごろ" pos="X">ごろ</wf>
         <wf lemma="メソポタミア" pos="X">メソポタミア</wf>
         <wf lemma="から" pos="X">から</wf>
         <wf lemma="始まっ" pos="X">始まっ</wf>
         <wf lemma="た" pos="X">た</wf>
         <wf lemma="." pos="X">.</wf>
      </sentence>
      <sentence id="d000.s5435" source="wordnet-japanese">
         <instance id="d000.s5435.t000" lemma="明瞭" pos="ADJ">明瞭</instance>
         <wf lemma="な" pos="X">な</wf>
         <wf lemma="散文" pos="X">散文</wf>
         <wf lemma="." pos="X">.</wf>
      </sentence>
      <sentence id="d000.s5436" source="wordnet-japanese">
         <instance id="d000.s5436.t000" lemma="延髄" pos="NOUN">延髄</instance>
         <wf lemma="は" pos="X">は</wf>
         <wf lemma="、" pos="X">、</wf>
         <wf lemma="呼吸" pos="X">呼吸</wf>
         <wf lemma="と" pos="X">と</wf>
         <wf lemma="心臓" pos="X">心臓</wf>
         <wf lemma="機能" pos="X">機能</wf>
         <wf lemma="管理" pos="X">管理</wf>
         <wf lemma="の" pos="X">の</wf>
         <wf lemma="中心" pos="X">中心</wf>
         <wf lemma="を" pos="X">を</wf>
         <wf lemma="含ん" pos="X">含ん</wf>
         <wf lemma="で" pos="X">で</wf>
         <wf lemma="いる" pos="X">いる</wf>
         <wf lemma="ため" pos="X">ため</wf>
         <wf lemma="、" pos="X">、</wf>
         <wf lemma="脳" pos="X">脳</wf>
         <wf lemma="にとって" pos="X">にとって</wf>
         <wf lemma="最も" pos="X">最も</wf>
         <wf lemma="重要" pos="X">重要</wf>
         <wf lemma="な" pos="X">な</wf>
         <wf lemma="部分" pos="X">部分</wf>
         <wf lemma="である" pos="X">である</wf>
         <wf lemma="." pos="X">.</wf>
      </sentence>
      <sentence id="d000.s5437" source="wordnet-japanese">
         <instance id="d000.s5437.t000" lemma="古典主義" pos="NOUN">古典主義</instance>
         <wf lemma="は" pos="X">は</wf>
         <wf lemma="、" pos="X">、</wf>
         <wf lemma="古代" pos="X">古代</wf>
         <wf lemma="の" pos="X">の</wf>
         <wf lemma="ギリシア" pos="X">ギリシア</wf>
         <wf lemma="人" pos="X">人</wf>
         <wf lemma="と" pos="X">と</wf>
         <wf lemma="ローマ人" pos="X">ローマ人</wf>
         <wf lemma="の" pos="X">の</wf>
         <wf lemma="規範" pos="X">規範</wf>
         <wf lemma="から" pos="X">から</wf>
         <wf lemma="しばしば" pos="X">しばしば</wf>
         <wf lemma="由来" pos="X">由来</wf>
         <wf lemma="し" pos="X">し</wf>
         <wf lemma="て" pos="X">て</wf>
         <wf lemma="い" pos="X">い</wf>
         <wf lemma="た" pos="X">た</wf>
         <wf lemma="." pos="X">.</wf>
      </sentence>
      <sentence id="d000.s5438" source="wordnet-japanese">
         <wf lemma="それ" pos="X">それ</wf>
         <wf lemma="は" pos="X">は</wf>
         <wf lemma="正義" pos="X">正義</wf>
         <wf lemma="の" pos="X">の</wf>
         <instance id="d000.s5438.t000" lemma="悪用" pos="NOUN">悪用</instance>
         <wf lemma="だ" pos="X">だ</wf>
         <wf lemma="." pos="X">.</wf>
      </sentence>
      <sentence id="d000.s5439" source="wordnet-japanese">
         <wf lemma="その" pos="X">その</wf>
         <instance id="d000.s5439.t000" lemma="教会" pos="NOUN">教会</instance>
         <wf lemma="は" pos="X">は</wf>
         <wf lemma="からっぽ" pos="X">からっぽ</wf>
         <wf lemma="だっ" pos="X">だっ</wf>
         <wf lemma="た" pos="X">た</wf>
         <wf lemma="." pos="X">.</wf>
      </sentence>
      <sentence id="d000.s5440" source="wordnet-japanese">
         <instance id="d000.s5440.t000" lemma="不明瞭" pos="ADJ">不明瞭</instance>
         <wf lemma="な" pos="X">な</wf>
         <wf lemma="記憶" pos="X">記憶</wf>
         <wf lemma="." pos="X">.</wf>
      </sentence>
      <sentence id="d000.s5441" source="wordnet-japanese">
         <wf lemma="プラム" pos="X">プラム</wf>
         <wf lemma="は" pos="X">は</wf>
         <wf lemma="7月" pos="X">7月</wf>
         <wf lemma="に" pos="X">に</wf>
         <instance id="d000.s5441.t000" lemma="熟す" pos="VERB">熟す</instance>
         <wf lemma="." pos="X">.</wf>
      </sentence>
      <sentence id="d000.s5442" source="wordnet-japanese">
         <wf lemma="RAF" pos="X">RAF</wf>
         <wf lemma="の" pos="X">の</wf>
         <wf lemma="パイロット" pos="X">パイロット</wf>
         <wf lemma="は" pos="X">は</wf>
         <wf lemma="ブリテン" pos="X">ブリテン</wf>
         <wf lemma="の" pos="X">の</wf>
         <wf lemma="戦い" pos="X">戦い</wf>
         <wf lemma="の" pos="X">の</wf>
         <instance id="d000.s5442.t000" lemma="英雄" pos="NOUN">英雄</instance>
         <wf lemma="だっ" pos="X">だっ</wf>
         <wf lemma="た" pos="X">た</wf>
         <wf lemma="." pos="X">.</wf>
      </sentence>
      <sentence id="d000.s5443" source="wordnet-japanese">
         <wf lemma="彼" pos="X">彼</wf>
         <wf lemma="は" pos="X">は</wf>
         <wf lemma="いつも" pos="X">いつも</wf>
         <wf lemma="新年" pos="X">新年</wf>
         <wf lemma="の" pos="X">の</wf>
         <instance id="d000.s5443.t000" lemma="決意" pos="NOUN">決意</instance>
         <wf lemma="を" pos="X">を</wf>
         <wf lemma="書き留め" pos="X">書き留め</wf>
         <wf lemma="た" pos="X">た</wf>
         <wf lemma="." pos="X">.</wf>
      </sentence>
      <sentence id="d000.s5444" source="wordnet-japanese">
         <instance id="d000.s5444.t000" lemma="独裁的" pos="ADJ">独裁的</instance>
         <wf lemma="な" pos="X">な</wf>
         <wf lemma="政府" pos="X">政府</wf>
         <wf lemma="." pos="X">.</wf>
      </sentence>
      <sentence id="d000.s5445" source="wordnet-japanese">
         <instance id="d000.s5445.t000" lemma="緊急" pos="ADJ">緊急</instance>
         <wf lemma="の" pos="X">の</wf>
         <wf lemma="言葉" pos="X">言葉</wf>
         <wf lemma="、" pos="X">、</wf>
         <wf lemma="『" pos="X">『</wf>
         <wf lemma="急げ" pos="X">急げ</wf>
         <wf lemma="！" pos="X">！</wf>
         <wf lemma="急げ" pos="X">急げ</wf>
         <wf lemma="！" pos="X">！</wf>
         <wf lemma="』" pos="X">』</wf>
         <wf lemma="." pos="X">.</wf>
      </sentence>
      <sentence id="d000.s5446" source="wordnet-japanese">
         <wf lemma="何世紀" pos="X">何世紀</wf>
         <wf lemma="も" pos="X">も</wf>
         <instance id="d000.s5446.t000" lemma="存在" pos="NOUN">存在</instance>
         <wf lemma="する" pos="X">する</wf>
         <wf lemma="法律" pos="X">法律</wf>
         <wf lemma="." pos="X">.</wf>
      </sentence>
      <sentence id="d000.s5447" source="wordnet-japanese">
         <wf lemma="彼ら" pos="X">彼ら</wf>
         <wf lemma="は" pos="X">は</wf>
         <wf lemma="、" pos="X">、</wf>
         <wf lemma="食物" pos="X">食物</wf>
         <wf lemma="を" pos="X">を</wf>
         <instance id="d000.s5447.t000" lemma="豊富" pos="ADV">豊富</instance>
         <wf lemma="に" pos="X">に</wf>
         <wf lemma="供給" pos="X">供給</wf>
         <wf lemma="さ" pos="X">さ</wf>
         <wf lemma="れ" pos="X">れ</wf>
         <wf lemma="た" pos="X">た</wf>
         <wf lemma="." pos="X">.</wf>
      </sentence>
      <sentence id="d000.s5448" source="wordnet-japanese">
         <wf lemma="そのよう" pos="X">そのよう</wf>
         <wf lemma="な" pos="X">な</wf>
         <wf lemma="手" pos="X">手</wf>
         <instance id="d000.s5448.t000" lemma="緩い" pos="ADJ">緩く</instance>
         <wf lemma="て" pos="X">て</wf>
         <wf lemma="だらし" pos="X">だらし</wf>
         <wf lemma="ない" pos="X">ない</wf>
         <wf lemma="方法" pos="X">方法</wf>
         <wf lemma="は" pos="X">は</wf>
         <wf lemma="もう" pos="X">もう</wf>
         <wf lemma="許容" pos="X">許容</wf>
         <wf lemma="でき" pos="X">でき</wf>
         <wf lemma="ない" pos="X">ない</wf>
         <wf lemma="." pos="X">.</wf>
      </sentence>
      <sentence id="d000.s5449" source="wordnet-japanese">
         <wf lemma="『" pos="X">『</wf>
         <wf lemma="彼" pos="X">彼</wf>
         <wf lemma="は" pos="X">は</wf>
         <wf lemma="勇敢" pos="X">勇敢</wf>
         <wf lemma="であり" pos="X">であり</wf>
         <wf lemma="、" pos="X">、</wf>
         <wf lemma="彼" pos="X">彼</wf>
         <wf lemma="は" pos="X">は</wf>
         <wf lemma="勇敢" pos="X">勇敢</wf>
         <wf lemma="で" pos="X">で</wf>
         <wf lemma="ない" pos="X">ない</wf>
         <wf lemma="』" pos="X">』</wf>
         <wf lemma="という" pos="X">という</wf>
         <wf lemma="命題" pos="X">命題</wf>
         <wf lemma="は" pos="X">は</wf>
         <instance id="d000.s5449.t000" lemma="矛盾" pos="NOUN">矛盾</instance>
         <wf lemma="し" pos="X">し</wf>
         <wf lemma="て" pos="X">て</wf>
         <wf lemma="いる" pos="X">いる</wf>
         <wf lemma="." pos="X">.</wf>
      </sentence>
      <sentence id="d000.s5450" source="wordnet-japanese">
         <wf lemma="私" pos="X">私</wf>
         <wf lemma="は" pos="X">は</wf>
         <wf lemma="、" pos="X">、</wf>
         <wf lemma="彼" pos="X">彼</wf>
         <wf lemma="が" pos="X">が</wf>
         <wf lemma="彼女" pos="X">彼女</wf>
         <wf lemma="の" pos="X">の</wf>
         <wf lemma="ボーイフレンド" pos="X">ボーイフレンド</wf>
         <wf lemma="である" pos="X">である</wf>
         <wf lemma="と" pos="X">と</wf>
         <instance id="d000.s5450.t000" lemma="思う" pos="VERB">思う</instance>
         <wf lemma="." pos="X">.</wf>
      </sentence>
      <sentence id="d000.s5451" source="wordnet-japanese">
         <wf lemma="彼ら" pos="X">彼ら</wf>
         <wf lemma="は" pos="X">は</wf>
         <wf lemma="創造主" pos="X">創造主</wf>
         <wf lemma="によって" pos="X">によって</wf>
         <wf lemma="、" pos="X">、</wf>
         <wf lemma="譲る" pos="X">譲る</wf>
         <wf lemma="こと" pos="X">こと</wf>
         <wf lemma="の" pos="X">の</wf>
         <wf lemma="でき" pos="X">でき</wf>
         <wf lemma="ない" pos="X">ない</wf>
         <wf lemma="諸" pos="X">諸</wf>
         <instance id="d000.s5451.t000" lemma="権利" pos="NOUN">権利</instance>
         <wf lemma="を" pos="X">を</wf>
         <wf lemma="与え" pos="X">与え</wf>
         <wf lemma="られ" pos="X">られ</wf>
         <wf lemma="て" pos="X">て</wf>
         <wf lemma="いる" pos="X">いる</wf>
         <wf lemma="." pos="X">.</wf>
      </sentence>
      <sentence id="d000.s5452" source="wordnet-japanese">
         <instance id="d000.s5452.t000" lemma="神聖" pos="ADJ">神聖</instance>
         <wf lemma="な象" pos="X">な象</wf>
         <wf lemma="." pos="X">.</wf>
      </sentence>
      <sentence id="d000.s5453" source="wordnet-japanese">
         <instance id="d000.s5453.t000" lemma="足底" pos="ADJ">足底</instance>
         <wf lemma="疣贅" pos="X">疣贅</wf>
         <wf lemma="は" pos="X">は</wf>
         <wf lemma="非常" pos="X">非常</wf>
         <wf lemma="に" pos="X">に</wf>
         <wf lemma="苦痛" pos="X">苦痛</wf>
         <wf lemma="である" pos="X">である</wf>
         <wf lemma="場合" pos="X">場合</wf>
         <wf lemma="が" pos="X">が</wf>
         <wf lemma="ある" pos="X">ある</wf>
         <wf lemma="." pos="X">.</wf>
      </sentence>
      <sentence id="d000.s5454" source="wordnet-japanese">
         <wf lemma="私" pos="X">私</wf>
         <wf lemma="たち" pos="X">たち</wf>
         <wf lemma="は" pos="X">は</wf>
         <wf lemma="この" pos="X">この</wf>
         <wf lemma="映画" pos="X">映画</wf>
         <wf lemma="を" pos="X">を</wf>
         <instance id="d000.s5454.t000" lemma="知る" pos="VERB">知っ</instance>
         <wf lemma="て" pos="X">て</wf>
         <wf lemma="いる" pos="X">いる</wf>
         <wf lemma="." pos="X">.</wf>
      </sentence>
      <sentence id="d000.s5455" source="wordnet-japanese">
         <instance id="d000.s5455.t000" lemma="オブジェクト" pos="NOUN">オブジェクト</instance>
         <wf lemma="指向" pos="X">指向</wf>
         <wf lemma="プログラミング" pos="X">プログラミング</wf>
         <wf lemma="で" pos="X">で</wf>
         <wf lemma="は" pos="X">は</wf>
         <wf lemma="、" pos="X">、</wf>
         <wf lemma="オブジェクト" pos="X">オブジェクト</wf>
         <wf lemma="は" pos="X">は</wf>
         <wf lemma="データ" pos="X">データ</wf>
         <wf lemma="を" pos="X">を</wf>
         <wf lemma="含み" pos="X">含み</wf>
         <wf lemma="、" pos="X">、</wf>
         <wf lemma="オペレーション" pos="X">オペレーション</wf>
         <wf lemma="の" pos="X">の</wf>
         <wf lemma="ステータス" pos="X">ステータス</wf>
         <wf lemma="、" pos="X">、</wf>
         <wf lemma="メソッド" pos="X">メソッド</wf>
         <wf lemma="と" pos="X">と</wf>
         <wf lemma="、" pos="X">、</wf>
         <wf lemma="他の" pos="X">他の</wf>
         <wf lemma="オブジェクト" pos="X">オブジェクト</wf>
         <wf lemma="と" pos="X">と</wf>
         <wf lemma="どのよう" pos="X">どのよう</wf>
         <wf lemma="に" pos="X">に</wf>
         <wf lemma="相互" pos="X">相互</wf>
         <wf lemma="作用" pos="X">作用</wf>
         <wf lemma="する" pos="X">する</wf>
         <wf lemma="の" pos="X">の</wf>
         <wf lemma="を" pos="X">を</wf>
         <wf lemma="含み" pos="X">含み</wf>
         <wf lemma="、" pos="X">、</wf>
         <wf lemma="定義" pos="X">定義</wf>
         <wf lemma="する" pos="X">する</wf>
         <wf lemma="." pos="X">.</wf>
      </sentence>
      <sentence id="d000.s5456" source="wordnet-japanese">
         <wf lemma="その" pos="X">その</wf>
         <wf lemma="スパイ" pos="X">スパイ</wf>
         <wf lemma="は" pos="X">は</wf>
         <wf lemma="国" pos="X">国</wf>
         <wf lemma="を" pos="X">を</wf>
         <instance id="d000.s5456.t000" lemma="裏切る" pos="VERB">裏切っ</instance>
         <wf lemma="た" pos="X">た</wf>
         <wf lemma="." pos="X">.</wf>
      </sentence>
      <sentence id="d000.s5457" source="wordnet-japanese">
         <instance id="d000.s5457.t000" lemma="ホームレス" pos="NOUN">ホームレス</instance>
         <wf lemma="が" pos="X">が</wf>
         <wf lemma="、" pos="X">、</wf>
         <wf lemma="セントラルパーク" pos="X">セントラルパーク</wf>
         <wf lemma="で" pos="X">で</wf>
         <wf lemma="殺害" pos="X">殺害</wf>
         <wf lemma="さ" pos="X">さ</wf>
         <wf lemma="れ" pos="X">れ</wf>
         <wf lemma="て" pos="X">て</wf>
         <wf lemma="いる" pos="X">いる</wf>
         <wf lemma="の" pos="X">の</wf>
         <wf lemma="が" pos="X">が</wf>
         <wf lemma="発見" pos="X">発見</wf>
         <wf lemma="さ" pos="X">さ</wf>
         <wf lemma="れ" pos="X">れ</wf>
         <wf lemma="た" pos="X">た</wf>
         <wf lemma="." pos="X">.</wf>
      </sentence>
      <sentence id="d000.s5458" source="wordnet-japanese">
         <wf lemma="ピアニシモ" pos="X">ピアニシモ</wf>
         <wf lemma="で" pos="X">で</wf>
         <wf lemma="交響曲" pos="X">交響曲</wf>
         <wf lemma="は" pos="X">は</wf>
         <instance id="d000.s5458.t000" lemma="終わる" pos="VERB">終わる</instance>
         <wf lemma="." pos="X">.</wf>
      </sentence>
      <sentence id="d000.s5459" source="wordnet-japanese">
         <wf lemma="スペイン" pos="X">スペイン</wf>
         <wf lemma="の" pos="X">の</wf>
         <wf lemma="都市化" pos="X">都市化</wf>
         <wf lemma="は" pos="X">は</wf>
         <instance id="d000.s5459.t000" lemma="明確" pos="ADV">明確</instance>
         <wf lemma="に" pos="X">に</wf>
         <wf lemma="再生率" pos="X">再生率</wf>
         <wf lemma="の" pos="X">の</wf>
         <wf lemma="鈍化" pos="X">鈍化</wf>
         <wf lemma="と" pos="X">と</wf>
         <wf lemma="関係" pos="X">関係</wf>
         <wf lemma="し" pos="X">し</wf>
         <wf lemma="て" pos="X">て</wf>
         <wf lemma="い" pos="X">い</wf>
         <wf lemma="た" pos="X">た</wf>
         <wf lemma="." pos="X">.</wf>
      </sentence>
      <sentence id="d000.s5460" source="wordnet-japanese">
         <wf lemma="彼" pos="X">彼</wf>
         <wf lemma="は" pos="X">は</wf>
         <wf lemma="単刀" pos="X">単刀</wf>
         <wf lemma="直入" pos="X">直入</wf>
         <wf lemma="に" pos="X">に</wf>
         <instance id="d000.s5460.t000" lemma="質問" pos="NOUN">質問</instance>
         <wf lemma="し" pos="X">し</wf>
         <wf lemma="た" pos="X">た</wf>
         <wf lemma="." pos="X">.</wf>
      </sentence>
      <sentence id="d000.s5461" source="wordnet-japanese">
         <wf lemma="その" pos="X">その</wf>
         <wf lemma="本" pos="X">本</wf>
         <wf lemma="は" pos="X">は</wf>
         <instance id="d000.s5461.t000" lemma="誤り" pos="NOUN">誤り</instance>
         <wf lemma="が" pos="X">が</wf>
         <wf lemma="いっぱい" pos="X">いっぱい</wf>
         <wf lemma="あっ" pos="X">あっ</wf>
         <wf lemma="た" pos="X">た</wf>
         <wf lemma="." pos="X">.</wf>
      </sentence>
      <sentence id="d000.s5462" source="wordnet-japanese">
         <wf lemma="ティラノサウルス" pos="X">ティラノサウルス</wf>
         <wf lemma="は" pos="X">は</wf>
         <wf lemma="、" pos="X">、</wf>
         <wf lemma="巨大" pos="X">巨大</wf>
         <wf lemma="な" pos="X">な</wf>
         <instance id="d000.s5462.t000" lemma="肉食獣" pos="NOUN">肉食獣</instance>
         <wf lemma="だっ" pos="X">だっ</wf>
         <wf lemma="た" pos="X">た</wf>
         <wf lemma="." pos="X">.</wf>
      </sentence>
      <sentence id="d000.s5463" source="wordnet-japanese">
         <wf lemma="あの" pos="X">あの</wf>
         <wf lemma="ピクルス" pos="X">ピクルス</wf>
         <wf lemma="を" pos="X">を</wf>
         <wf lemma="食べ" pos="X">食べ</wf>
         <wf lemma="た" pos="X">た</wf>
         <wf lemma="こと" pos="X">こと</wf>
         <wf lemma="と" pos="X">と</wf>
         <wf lemma="あんな" pos="X">あんな</wf>
         <wf lemma="悪夢" pos="X">悪夢</wf>
         <wf lemma="を" pos="X">を</wf>
         <wf lemma="見" pos="X">見</wf>
         <wf lemma="た" pos="X">た</wf>
         <wf lemma="こと" pos="X">こと</wf>
         <wf lemma="に" pos="X">に</wf>
         <wf lemma="は" pos="X">は</wf>
         <instance id="d000.s5463.t000" lemma="関連" pos="NOUN">関連</instance>
         <wf lemma="が" pos="X">が</wf>
         <wf lemma="あっ" pos="X">あっ</wf>
         <wf lemma="た" pos="X">た</wf>
         <wf lemma="." pos="X">.</wf>
      </sentence>
      <sentence id="d000.s5464" source="wordnet-japanese">
         <instance id="d000.s5464.t000" lemma="遡及的" pos="ADJ">遡及的</instance>
         <wf lemma="な" pos="X">な</wf>
         <wf lemma="自己" pos="X">自己</wf>
         <wf lemma="正当化" pos="X">正当化</wf>
         <wf lemma="." pos="X">.</wf>
      </sentence>
      <sentence id="d000.s5465" source="wordnet-japanese">
         <wf lemma="子供" pos="X">子供</wf>
         <wf lemma="たち" pos="X">たち</wf>
         <wf lemma="は" pos="X">は</wf>
         <wf lemma="亡き" pos="X">亡き</wf>
         <wf lemma="祖母" pos="X">祖母</wf>
         <wf lemma="について" pos="X">について</wf>
         <wf lemma="私" pos="X">私</wf>
         <wf lemma="に" pos="X">に</wf>
         <instance id="d000.s5465.t000" lemma="尋ねる" pos="VERB">尋ね</instance>
         <wf lemma="た" pos="X">た</wf>
         <wf lemma="." pos="X">.</wf>
      </sentence>
      <sentence id="d000.s5466" source="wordnet-japanese">
         <instance id="d000.s5466.t000" lemma="リビエラ" pos="NOUN">リビエラ</instance>
         <wf lemma="に" pos="X">に</wf>
         <wf lemma="は" pos="X">は</wf>
         <wf lemma="ヨーロッパ" pos="X">ヨーロッパ</wf>
         <wf lemma="有数" pos="X">有数</wf>
         <wf lemma="の" pos="X">の</wf>
         <wf lemma="リゾート" pos="X">リゾート</wf>
         <wf lemma="地" pos="X">地</wf>
         <wf lemma="が" pos="X">が</wf>
         <wf lemma="ある" pos="X">ある</wf>
         <wf lemma="." pos="X">.</wf>
      </sentence>
      <sentence id="d000.s5467" source="wordnet-japanese">
         <wf lemma="クリーム" pos="X">クリーム</wf>
         <wf lemma="の" pos="X">の</wf>
         <instance id="d000.s5467.t000" lemma="均質化" pos="NOUN">均質化</instance>
         <wf lemma="." pos="X">.</wf>
      </sentence>
      <sentence id="d000.s5468" source="wordnet-japanese">
         <instance id="d000.s5468.t000" lemma="汚い" pos="ADJ">汚い</instance>
         <wf lemma="面相" pos="X">面相</wf>
         <wf lemma="." pos="X">.</wf>
      </sentence>
      <sentence id="d000.s5469" source="wordnet-japanese">
         <wf lemma="私" pos="X">私</wf>
         <wf lemma="は" pos="X">は</wf>
         <wf lemma="彼女" pos="X">彼女</wf>
         <wf lemma="に" pos="X">に</wf>
         <wf lemma="私" pos="X">私</wf>
         <wf lemma="の" pos="X">の</wf>
         <wf lemma="お" pos="X">お</wf>
         <wf lemma="金" pos="X">金</wf>
         <wf lemma="を" pos="X">を</wf>
         <instance id="d000.s5469.t000" lemma="与える" pos="VERB">与え</instance>
         <wf lemma="た" pos="X">た</wf>
         <wf lemma="." pos="X">.</wf>
      </sentence>
      <sentence id="d000.s5470" source="wordnet-japanese">
         <wf lemma="彼" pos="X">彼</wf>
         <wf lemma="は" pos="X">は</wf>
         <wf lemma="彼女" pos="X">彼女</wf>
         <wf lemma="へ" pos="X">へ</wf>
         <wf lemma="の" pos="X">の</wf>
         <instance id="d000.s5470.t000" lemma="特別" pos="ADJ">特別</instance>
         <wf lemma="な" pos="X">な</wf>
         <wf lemma="注意" pos="X">注意</wf>
         <wf lemma="を" pos="X">を</wf>
         <wf lemma="向け" pos="X">向け</wf>
         <wf lemma="た" pos="X">た</wf>
         <wf lemma="." pos="X">.</wf>
      </sentence>
      <sentence id="d000.s5471" source="wordnet-japanese">
         <wf lemma="陪審員" pos="X">陪審員</wf>
         <wf lemma="の" pos="X">の</wf>
         <instance id="d000.s5471.t000" lemma="評議" pos="NOUN">評議</instance>
         <wf lemma="." pos="X">.</wf>
      </sentence>
      <sentence id="d000.s5472" source="wordnet-japanese">
         <wf lemma="彼" pos="X">彼</wf>
         <wf lemma="は" pos="X">は</wf>
         <wf lemma="その" pos="X">その</wf>
         <instance id="d000.s5472.t000" lemma="変化" pos="NOUN">変化</instance>
         <wf lemma="を" pos="X">を</wf>
         <wf lemma="結婚" pos="X">結婚</wf>
         <wf lemma="による" pos="X">による</wf>
         <wf lemma="もの" pos="X">もの</wf>
         <wf lemma="と" pos="X">と</wf>
         <wf lemma="し" pos="X">し</wf>
         <wf lemma="た" pos="X">た</wf>
         <wf lemma="." pos="X">.</wf>
      </sentence>
      <sentence id="d000.s5473" source="wordnet-japanese">
         <wf lemma="筋肉" pos="X">筋肉</wf>
         <wf lemma="の" pos="X">の</wf>
         <instance id="d000.s5473.t000" lemma="深い" pos="ADJ">深い</instance>
         <wf lemma="圧力" pos="X">圧力</wf>
         <wf lemma="受容体" pos="X">受容体</wf>
         <wf lemma="." pos="X">.</wf>
      </sentence>
      <sentence id="d000.s5474" source="wordnet-japanese">
         <wf lemma="彼ら" pos="X">彼ら</wf>
         <wf lemma="は" pos="X">は</wf>
         <wf lemma="彼" pos="X">彼</wf>
         <wf lemma="の" pos="X">の</wf>
         <instance id="d000.s5474.t000" lemma="頭皮" pos="NOUN">頭皮</instance>
         <wf lemma="を" pos="X">を</wf>
         <wf lemma="戦利品" pos="X">戦利品</wf>
         <wf lemma="と" pos="X">と</wf>
         <wf lemma="し" pos="X">し</wf>
         <wf lemma="て" pos="X">て</wf>
         <wf lemma="剥ぎ取り" pos="X">剥ぎ取り</wf>
         <wf lemma="たかっ" pos="X">たかっ</wf>
         <wf lemma="た" pos="X">た</wf>
         <wf lemma="." pos="X">.</wf>
      </sentence>
      <sentence id="d000.s5475" source="wordnet-japanese">
         <wf lemma="夜" pos="X">夜</wf>
         <wf lemma="は" pos="X">は</wf>
         <instance id="d000.s5475.t000" lemma="静か" pos="ADJ">静か</instance>
         <wf lemma="だっ" pos="X">だっ</wf>
         <wf lemma="た" pos="X">た</wf>
         <wf lemma="." pos="X">.</wf>
      </sentence>
      <sentence id="d000.s5476" source="wordnet-japanese">
         <wf lemma="彼" pos="X">彼</wf>
         <wf lemma="は" pos="X">は</wf>
         <instance id="d000.s5476.t000" lemma="ちょっと" pos="ADV">ちょっと</instance>
         <wf lemma="内気" pos="X">内気</wf>
         <wf lemma="である" pos="X">である</wf>
         <wf lemma="." pos="X">.</wf>
      </sentence>
      <sentence id="d000.s5477" source="wordnet-japanese">
         <wf lemma="飢え" pos="X">飢え</wf>
         <wf lemma="た" pos="X">た</wf>
         <wf lemma="子供" pos="X">子供</wf>
         <wf lemma="の" pos="X">の</wf>
         <wf lemma="腹" pos="X">腹</wf>
         <wf lemma="は" pos="X">は</wf>
         <instance id="d000.s5477.t000" lemma="膨れる" pos="VERB">膨れ</instance>
         <wf lemma="て" pos="X">て</wf>
         <wf lemma="いる" pos="X">いる</wf>
         <wf lemma="." pos="X">.</wf>
      </sentence>
      <sentence id="d000.s5478" source="wordnet-japanese">
         <wf lemma="病人" pos="X">病人</wf>
         <wf lemma="の" pos="X">の</wf>
         <instance id="d000.s5478.t000" lemma="虚弱" pos="ADJ">虚弱</instance>
         <wf lemma="な" pos="X">な</wf>
         <wf lemma="体" pos="X">体</wf>
         <wf lemma="." pos="X">.</wf>
      </sentence>
      <sentence id="d000.s5479" source="wordnet-japanese">
         <instance id="d000.s5479.t000" lemma="遠い" pos="ADJ">遠い</instance>
         <wf lemma="旅" pos="X">旅</wf>
         <wf lemma="." pos="X">.</wf>
      </sentence>
      <sentence id="d000.s5480" source="wordnet-japanese">
         <wf lemma="彼" pos="X">彼</wf>
         <wf lemma="は" pos="X">は</wf>
         <wf lemma="人差" pos="X">人差</wf>
         <wf lemma="し指" pos="X">し指</wf>
         <wf lemma="を" pos="X">を</wf>
         <instance id="d000.s5480.t000" lemma="曲げる" pos="VERB">曲げ</instance>
         <wf lemma="た" pos="X">た</wf>
         <wf lemma="." pos="X">.</wf>
      </sentence>
      <sentence id="d000.s5481" source="wordnet-japanese">
         <instance id="d000.s5481.t000" lemma="明るい" pos="ADJ">明るい</instance>
         <wf lemma="顔" pos="X">顔</wf>
         <wf lemma="." pos="X">.</wf>
      </sentence>
      <sentence id="d000.s5482" source="wordnet-japanese">
         <wf lemma="彼" pos="X">彼</wf>
         <wf lemma="は" pos="X">は</wf>
         <wf lemma="私" pos="X">私</wf>
         <wf lemma="の" pos="X">の</wf>
         <wf lemma="権利" pos="X">権利</wf>
         <wf lemma="を" pos="X">を</wf>
         <instance id="d000.s5482.t000" lemma="奪う" pos="VERB">奪っ</instance>
         <wf lemma="た" pos="X">た</wf>
         <wf lemma="." pos="X">.</wf>
      </sentence>
      <sentence id="d000.s5483" source="wordnet-japanese">
         <instance id="d000.s5483.t000" lemma="暗い" pos="ADJ">暗い</instance>
         <wf lemma="予測" pos="X">予測</wf>
         <wf lemma="." pos="X">.</wf>
      </sentence>
      <sentence id="d000.s5484" source="wordnet-japanese">
         <instance id="d000.s5484.t000" lemma="女性的" pos="ADJ">女性的</instance>
         <wf lemma="な" pos="X">な</wf>
         <wf lemma="過敏" pos="X">過敏</wf>
         <wf lemma="さ" pos="X">さ</wf>
         <wf lemma="." pos="X">.</wf>
      </sentence>
      <sentence id="d000.s5485" source="wordnet-japanese">
         <instance id="d000.s5485.t000" lemma="猛烈" pos="ADJ">猛烈</instance>
         <wf lemma="な" pos="X">な</wf>
         <wf lemma="激怒" pos="X">激怒</wf>
         <wf lemma="で" pos="X">で</wf>
         <wf lemma="." pos="X">.</wf>
      </sentence>
      <sentence id="d000.s5486" source="wordnet-japanese">
         <wf lemma="ジャズ" pos="X">ジャズ</wf>
         <wf lemma="と" pos="X">と</wf>
         <wf lemma="ロック" pos="X">ロック</wf>
         <wf lemma="に" pos="X">に</wf>
         <wf lemma="は" pos="X">は</wf>
         <wf lemma="多く" pos="X">多く</wf>
         <wf lemma="の" pos="X">の</wf>
         <instance id="d000.s5486.t000" lemma="違い" pos="NOUN">違い</instance>
         <wf lemma="が" pos="X">が</wf>
         <wf lemma="ある" pos="X">ある</wf>
         <wf lemma="." pos="X">.</wf>
      </sentence>
      <sentence id="d000.s5487" source="wordnet-japanese">
         <wf lemma="彼ら" pos="X">彼ら</wf>
         <wf lemma="は" pos="X">は</wf>
         <instance id="d000.s5487.t000" lemma="ピック" pos="NOUN">ピック</instance>
         <wf lemma="と" pos="X">と</wf>
         <wf lemma="ハンマー" pos="X">ハンマー</wf>
         <wf lemma="を" pos="X">を</wf>
         <wf lemma="使用" pos="X">使用</wf>
         <wf lemma="し" pos="X">し</wf>
         <wf lemma="て" pos="X">て</wf>
         <wf lemma="岩" pos="X">岩</wf>
         <wf lemma="を" pos="X">を</wf>
         <wf lemma="砕い" pos="X">砕い</wf>
         <wf lemma="た" pos="X">た</wf>
         <wf lemma="." pos="X">.</wf>
      </sentence>
      <sentence id="d000.s5488" source="wordnet-japanese">
         <wf lemma="アダム" pos="X">アダム</wf>
         <wf lemma="は" pos="X">は</wf>
         <wf lemma="服従" pos="X">服従</wf>
         <wf lemma="し" pos="X">し</wf>
         <wf lemma="なかっ" pos="X">なかっ</wf>
         <wf lemma="た" pos="X">た</wf>
         <instance id="d000.s5488.t000" lemma="引き換え" pos="NOUN">引き換え</instance>
         <wf lemma="に" pos="X">に</wf>
         <wf lemma="不死" pos="X">不死</wf>
         <wf lemma="を" pos="X">を</wf>
         <wf lemma="約束" pos="X">約束</wf>
         <wf lemma="さ" pos="X">さ</wf>
         <wf lemma="せ" pos="X">せ</wf>
         <wf lemma="られ" pos="X">られ</wf>
         <wf lemma="た" pos="X">た</wf>
         <wf lemma="." pos="X">.</wf>
      </sentence>
      <sentence id="d000.s5489" source="wordnet-japanese">
         <wf lemma="すべて" pos="X">すべて</wf>
         <wf lemma="の" pos="X">の</wf>
         <wf lemma="連" pos="X">連</wf>
         <wf lemma="に" pos="X">に</wf>
         <wf lemma="詩行" pos="X">詩行</wf>
         <wf lemma="が" pos="X">が</wf>
         <wf lemma="6" pos="X">6</wf>
         <instance id="d000.s5489.t000" lemma="行" pos="NOUN">行</instance>
         <wf lemma="ある" pos="X">ある</wf>
         <wf lemma="." pos="X">.</wf>
      </sentence>
      <sentence id="d000.s5490" source="wordnet-japanese">
         <wf lemma="コンピュータ" pos="X">コンピュータ</wf>
         <wf lemma="の" pos="X">の</wf>
         <wf lemma="未来" pos="X">未来</wf>
         <wf lemma="に関する" pos="X">に関する</wf>
         <wf lemma="円卓" pos="X">円卓</wf>
         <instance id="d000.s5490.t000" lemma="会議" pos="NOUN">会議</instance>
         <wf lemma="." pos="X">.</wf>
      </sentence>
      <sentence id="d000.s5491" source="wordnet-japanese">
         <wf lemma="免疫" pos="X">免疫</wf>
         <wf lemma="反応" pos="X">反応</wf>
         <wf lemma="は" pos="X">は</wf>
         <wf lemma="、" pos="X">、</wf>
         <wf lemma="侵略" pos="X">侵略</wf>
         <instance id="d000.s5491.t000" lemma="物質" pos="NOUN">物質</instance>
         <wf lemma="を" pos="X">を</wf>
         <wf lemma="認識" pos="X">認識</wf>
         <wf lemma="する" pos="X">する</wf>
         <wf lemma="." pos="X">.</wf>
      </sentence>
      <sentence id="d000.s5492" source="wordnet-japanese">
         <wf lemma="私" pos="X">私</wf>
         <wf lemma="たち" pos="X">たち</wf>
         <wf lemma="の" pos="X">の</wf>
         <wf lemma="従業員" pos="X">従業員</wf>
         <wf lemma="が" pos="X">が</wf>
         <instance id="d000.s5492.t000" lemma="冗員" pos="NOUN">冗員</instance>
         <wf lemma="を" pos="X">を</wf>
         <wf lemma="全く" pos="X">全く</wf>
         <wf lemma="入れ" pos="X">入れ</wf>
         <wf lemma="ない" pos="X">ない</wf>
         <wf lemma="ので" pos="X">ので</wf>
         <wf lemma="、" pos="X">、</wf>
         <wf lemma="スタッフ" pos="X">スタッフ</wf>
         <wf lemma="を" pos="X">を</wf>
         <wf lemma="減少" pos="X">減少</wf>
         <wf lemma="さ" pos="X">さ</wf>
         <wf lemma="せる" pos="X">せる</wf>
         <wf lemma="の" pos="X">の</wf>
         <wf lemma="は" pos="X">は</wf>
         <wf lemma="難しい" pos="X">難しい</wf>
         <wf lemma="." pos="X">.</wf>
      </sentence>
      <sentence id="d000.s5493" source="wordnet-japanese">
         <wf lemma="彼" pos="X">彼</wf>
         <wf lemma="の" pos="X">の</wf>
         <wf lemma="最初" pos="X">最初</wf>
         <wf lemma="の" pos="X">の</wf>
         <wf lemma="仕事" pos="X">仕事</wf>
         <wf lemma="は" pos="X">は</wf>
         <wf lemma="、" pos="X">、</wf>
         <wf lemma="サバイバル" pos="X">サバイバル</wf>
         <wf lemma="と" pos="X">と</wf>
         <wf lemma="人々" pos="X">人々</wf>
         <wf lemma="と" pos="X">と</wf>
         <wf lemma="やっ" pos="X">やっ</wf>
         <wf lemma="て" pos="X">て</wf>
         <wf lemma="いく" pos="X">いく</wf>
         <wf lemma="方法" pos="X">方法</wf>
         <wf lemma="の" pos="X">の</wf>
         <wf lemma="学習" pos="X">学習</wf>
         <wf lemma="の" pos="X">の</wf>
         <instance id="d000.s5493.t000" lemma="特訓" pos="NOUN">特訓</instance>
         <wf lemma="コース" pos="X">コース</wf>
         <wf lemma="でっ" pos="X">でっ</wf>
         <wf lemma="た" pos="X">た</wf>
         <wf lemma="." pos="X">.</wf>
      </sentence>
      <sentence id="d000.s5494" source="wordnet-japanese">
         <instance id="d000.s5494.t000" lemma="歴史的" pos="ADJ">歴史的</instance>
         <wf lemma="な" pos="X">な</wf>
         <wf lemma="学者" pos="X">学者</wf>
         <wf lemma="." pos="X">.</wf>
      </sentence>
      <sentence id="d000.s5495" source="wordnet-japanese">
         <wf lemma="彼" pos="X">彼</wf>
         <wf lemma="は" pos="X">は</wf>
         <wf lemma="とても" pos="X">とても</wf>
         <wf lemma="背" pos="X">背</wf>
         <wf lemma="が" pos="X">が</wf>
         <wf lemma="高かっ" pos="X">高かっ</wf>
         <wf lemma="た" pos="X">た</wf>
         <wf lemma="ので" pos="X">ので</wf>
         <wf lemma="私" pos="X">私</wf>
         <wf lemma="は" pos="X">は</wf>
         <instance id="d000.s5495.t000" lemma="スティルト" pos="NOUN">スティルト</instance>
         <wf lemma="に" pos="X">に</wf>
         <wf lemma="乗っ" pos="X">乗っ</wf>
         <wf lemma="て" pos="X">て</wf>
         <wf lemma="いる" pos="X">いる</wf>
         <wf lemma="の" pos="X">の</wf>
         <wf lemma="か" pos="X">か</wf>
         <wf lemma="と" pos="X">と</wf>
         <wf lemma="思っ" pos="X">思っ</wf>
         <wf lemma="た" pos="X">た</wf>
         <wf lemma="." pos="X">.</wf>
      </sentence>
      <sentence id="d000.s5496" source="wordnet-japanese">
         <wf lemma="彼" pos="X">彼</wf>
         <wf lemma="の" pos="X">の</wf>
         <wf lemma="事務所" pos="X">事務所</wf>
         <wf lemma="は" pos="X">は</wf>
         <wf lemma="左側" pos="X">左側</wf>
         <wf lemma="の" pos="X">の</wf>
         <wf lemma="廊下" pos="X">廊下</wf>
         <wf lemma="を" pos="X">を</wf>
         <wf lemma="行っ" pos="X">行っ</wf>
         <wf lemma="て" pos="X">て</wf>
         <wf lemma="3" pos="X">3</wf>
         <wf lemma="番" pos="X">番</wf>
         <wf lemma="目" pos="X">目</wf>
         <wf lemma="の" pos="X">の</wf>
         <instance id="d000.s5496.t000" lemma="ドア" pos="NOUN">ドア</instance>
         <wf lemma="である" pos="X">である</wf>
         <wf lemma="." pos="X">.</wf>
      </sentence>
      <sentence id="d000.s5497" source="wordnet-japanese">
         <wf lemma="小学校" pos="X">小学校</wf>
         <wf lemma="の" pos="X">の</wf>
         <instance id="d000.s5497.t000" lemma="高度" pos="ADJ">高度</instance>
         <wf lemma="な" pos="X">な</wf>
         <wf lemma="クラス" pos="X">クラス</wf>
         <wf lemma="の" pos="X">の</wf>
         <wf lemma="子供" pos="X">子供</wf>
         <wf lemma="は" pos="X">は</wf>
         <wf lemma="、" pos="X">、</wf>
         <wf lemma="平均" pos="X">平均</wf>
         <wf lemma="より" pos="X">より</wf>
         <wf lemma="は" pos="X">は</wf>
         <wf lemma="るか" pos="X">るか</wf>
         <wf lemma="に" pos="X">に</wf>
         <wf lemma="読解力" pos="X">読解力</wf>
         <wf lemma="を" pos="X">を</wf>
         <wf lemma="備え" pos="X">備え</wf>
         <wf lemma="て" pos="X">て</wf>
         <wf lemma="いる" pos="X">いる</wf>
         <wf lemma="." pos="X">.</wf>
      </sentence>
      <sentence id="d000.s5498" source="wordnet-japanese">
         <wf lemma="そして" pos="X">そして</wf>
         <wf lemma="、" pos="X">、</wf>
         <wf lemma="それ" pos="X">それ</wf>
         <wf lemma="は" pos="X">は</wf>
         <instance id="d000.s5498.t000" lemma="決して" pos="ADV">決して</instance>
         <wf lemma="全て" pos="X">全て</wf>
         <wf lemma="で" pos="X">で</wf>
         <wf lemma="は" pos="X">は</wf>
         <wf lemma="ない" pos="X">ない</wf>
         <wf lemma="." pos="X">.</wf>
      </sentence>
      <sentence id="d000.s5499" source="wordnet-japanese">
         <wf lemma="ルクルス" pos="X">ルクルス</wf>
         <wf lemma="は" pos="X">は</wf>
         <wf lemma="官能的" pos="X">官能的</wf>
         <wf lemma="に" pos="X">に</wf>
         <instance id="d000.s5499.t000" lemma="豪勢" pos="ADJ">豪勢</instance>
         <wf lemma="に" pos="X">に</wf>
         <wf lemma="残り" pos="X">残り</wf>
         <wf lemma="の" pos="X">の</wf>
         <wf lemma="時間" pos="X">時間</wf>
         <wf lemma="を" pos="X">を</wf>
         <wf lemma="過ごし" pos="X">過ごし</wf>
         <wf lemma="た" pos="X">た</wf>
         <wf lemma="." pos="X">.</wf>
      </sentence>
      <sentence id="d000.s5500" source="wordnet-japanese">
         <wf lemma="彼" pos="X">彼</wf>
         <wf lemma="は" pos="X">は</wf>
         <wf lemma="彼" pos="X">彼</wf>
         <wf lemma="の" pos="X">の</wf>
         <wf lemma="言葉" pos="X">言葉</wf>
         <wf lemma="に" pos="X">に</wf>
         <instance id="d000.s5500.t000" lemma="誠実" pos="ADJ">誠実</instance>
         <wf lemma="だっ" pos="X">だっ</wf>
         <wf lemma="た" pos="X">た</wf>
         <wf lemma="." pos="X">.</wf>
      </sentence>
      <sentence id="d000.s5501" source="wordnet-japanese">
         <wf lemma="保障" pos="X">保障</wf>
         <instance id="d000.s5501.t000" lemma="する" pos="VERB">する</instance>
         <wf lemma="." pos="X">.</wf>
      </sentence>
      <sentence id="d000.s5502" source="wordnet-japanese">
         <wf lemma="彼女" pos="X">彼女</wf>
         <wf lemma="は" pos="X">は</wf>
         <wf lemma="個人的" pos="X">個人的</wf>
         <wf lemma="な" pos="X">な</wf>
         <wf lemma="こと" pos="X">こと</wf>
         <wf lemma="を" pos="X">を</wf>
         <wf lemma="手紙" pos="X">手紙</wf>
         <wf lemma="に" pos="X">に</wf>
         <instance id="d000.s5502.t000" lemma="付け加える" pos="VERB">付け加え</instance>
         <wf lemma="た" pos="X">た</wf>
         <wf lemma="." pos="X">.</wf>
      </sentence>
      <sentence id="d000.s5503" source="wordnet-japanese">
         <instance id="d000.s5503.t000" lemma="びしょびしょ" pos="ADJ">びしょびしょ</instance>
         <wf lemma="の" pos="X">の</wf>
         <wf lemma="服" pos="X">服</wf>
         <wf lemma="." pos="X">.</wf>
      </sentence>
      <sentence id="d000.s5504" source="wordnet-japanese">
         <wf lemma="進める" pos="X">進める</wf>
         <wf lemma="の" pos="X">の</wf>
         <wf lemma="が" pos="X">が</wf>
         <instance id="d000.s5504.t000" lemma="難しい" pos="ADJ">難しい</instance>
         <wf lemma="もの" pos="X">もの</wf>
         <wf lemma="." pos="X">.</wf>
      </sentence>
      <sentence id="d000.s5505" source="wordnet-japanese">
         <wf lemma="彼" pos="X">彼</wf>
         <wf lemma="は" pos="X">は</wf>
         <wf lemma="砂利道" pos="X">砂利道</wf>
         <wf lemma="で" pos="X">で</wf>
         <instance id="d000.s5505.t000" lemma="ザクザク" pos="NOUN">ザクザク</instance>
         <wf lemma="音" pos="X">音</wf>
         <wf lemma="を" pos="X">を</wf>
         <wf lemma="立てる" pos="X">立てる</wf>
         <wf lemma="足音" pos="X">足音</wf>
         <wf lemma="を" pos="X">を</wf>
         <wf lemma="聞い" pos="X">聞い</wf>
         <wf lemma="た" pos="X">た</wf>
         <wf lemma="." pos="X">.</wf>
      </sentence>
      <sentence id="d000.s5506" source="wordnet-japanese">
         <instance id="d000.s5506.t000" lemma="代謝的" pos="ADV">代謝的</instance>
         <wf lemma="に" pos="X">に</wf>
         <wf lemma="重要" pos="X">重要</wf>
         <wf lemma="な" pos="X">な</wf>
         <wf lemma="物質" pos="X">物質</wf>
         <wf lemma="." pos="X">.</wf>
      </sentence>
      <sentence id="d000.s5507" source="wordnet-japanese">
         <wf lemma="委細" pos="X">委細</wf>
         <wf lemma="は" pos="X">は</wf>
         <wf lemma="、" pos="X">、</wf>
         <instance id="d000.s5507.t000" lemma="個々" pos="ADV">個々</instance>
         <wf lemma="に" pos="X">に</wf>
         <wf lemma="扱わ" pos="X">扱わ</wf>
         <wf lemma="れる" pos="X">れる</wf>
         <wf lemma="." pos="X">.</wf>
      </sentence>
      <sentence id="d000.s5508" source="wordnet-japanese">
         <wf lemma="非常" pos="X">非常</wf>
         <wf lemma="に" pos="X">に</wf>
         <instance id="d000.s5508.t000" lemma="多い" pos="ADJ">多く</instance>
         <wf lemma="." pos="X">.</wf>
      </sentence>
      <sentence id="d000.s5509" source="wordnet-japanese">
         <wf lemma="彼" pos="X">彼</wf>
         <wf lemma="が" pos="X">が</wf>
         <wf lemma="ヨーロッパ" pos="X">ヨーロッパ</wf>
         <wf lemma="へ" pos="X">へ</wf>
         <wf lemma="引っ越し" pos="X">引っ越し</wf>
         <wf lemma="た" pos="X">た</wf>
         <wf lemma="とき" pos="X">とき</wf>
         <wf lemma="、" pos="X">、</wf>
         <wf lemma="彼" pos="X">彼</wf>
         <wf lemma="は" pos="X">は</wf>
         <wf lemma="すべて" pos="X">すべて</wf>
         <wf lemma="の" pos="X">の</wf>
         <wf lemma="財産" pos="X">財産</wf>
         <wf lemma="を" pos="X">を</wf>
         <instance id="d000.s5509.t000" lemma="残す" pos="VERB">残し</instance>
         <wf lemma="て" pos="X">て</wf>
         <wf lemma="いっ" pos="X">いっ</wf>
         <wf lemma="た" pos="X">た</wf>
         <wf lemma="." pos="X">.</wf>
      </sentence>
      <sentence id="d000.s5510" source="wordnet-japanese">
         <instance id="d000.s5510.t000" lemma="詩的" pos="ADJ">詩的</instance>
         <wf lemma="な" pos="X">な</wf>
         <wf lemma="ロマンス" pos="X">ロマンス</wf>
         <wf lemma="." pos="X">.</wf>
      </sentence>
      <sentence id="d000.s5511" source="wordnet-japanese">
         <wf lemma="彼女" pos="X">彼女</wf>
         <wf lemma="の" pos="X">の</wf>
         <wf lemma="状態" pos="X">状態</wf>
         <wf lemma="の" pos="X">の</wf>
         <instance id="d000.s5511.t000" lemma="悪化" pos="NOUN">悪化</instance>
         <wf lemma="は" pos="X">は</wf>
         <wf lemma="、" pos="X">、</wf>
         <wf lemma="不注意" pos="X">不注意</wf>
         <wf lemma="から" pos="X">から</wf>
         <wf lemma="き" pos="X">き</wf>
         <wf lemma="て" pos="X">て</wf>
         <wf lemma="いる" pos="X">いる</wf>
         <wf lemma="." pos="X">.</wf>
      </sentence>
      <sentence id="d000.s5512" source="wordnet-japanese">
         <wf lemma="それ" pos="X">それ</wf>
         <wf lemma="は" pos="X">は</wf>
         <wf lemma="警察" pos="X">警察</wf>
         <wf lemma="の" pos="X">の</wf>
         <instance id="d000.s5512.t000" lemma="問題" pos="NOUN">問題</instance>
         <wf lemma="だ" pos="X">だ</wf>
         <wf lemma="." pos="X">.</wf>
      </sentence>
      <sentence id="d000.s5513" source="wordnet-japanese">
         <instance id="d000.s5513.t000" lemma="実は" pos="ADV">実は</instance>
         <wf lemma="、" pos="X">、</wf>
         <wf lemma="私" pos="X">私</wf>
         <wf lemma="は" pos="X">は</wf>
         <wf lemma="映画" pos="X">映画</wf>
         <wf lemma="を" pos="X">を</wf>
         <wf lemma="見" pos="X">見</wf>
         <wf lemma="て" pos="X">て</wf>
         <wf lemma="い" pos="X">い</wf>
         <wf lemma="ない" pos="X">ない</wf>
         <wf lemma="." pos="X">.</wf>
      </sentence>
      <sentence id="d000.s5514" source="wordnet-japanese">
         <wf lemma="彼ら" pos="X">彼ら</wf>
         <wf lemma="は" pos="X">は</wf>
         <wf lemma="、" pos="X">、</wf>
         <wf lemma="入れる" pos="X">入れる</wf>
         <wf lemma="前" pos="X">前</wf>
         <wf lemma="に" pos="X">に</wf>
         <wf lemma="、" pos="X">、</wf>
         <wf lemma="みなの" pos="X">みなの</wf>
         <instance id="d000.s5514.t000" lemma="バッジ" pos="NOUN">バッジ</instance>
         <wf lemma="を" pos="X">を</wf>
         <wf lemma="チェック" pos="X">チェック</wf>
         <wf lemma="し" pos="X">し</wf>
         <wf lemma="た" pos="X">た</wf>
         <wf lemma="." pos="X">.</wf>
      </sentence>
      <sentence id="d000.s5515" source="wordnet-japanese">
         <wf lemma="子供" pos="X">子供</wf>
         <wf lemma="たち" pos="X">たち</wf>
         <wf lemma="は" pos="X">は</wf>
         <instance id="d000.s5515.t000" lemma="鉛" pos="NOUN">鉛</instance>
         <wf lemma="の" pos="X">の</wf>
         <wf lemma="兵隊" pos="X">兵隊</wf>
         <wf lemma="で" pos="X">で</wf>
         <wf lemma="遊ん" pos="X">遊ん</wf>
         <wf lemma="で" pos="X">で</wf>
         <wf lemma="い" pos="X">い</wf>
         <wf lemma="た" pos="X">た</wf>
         <wf lemma="." pos="X">.</wf>
      </sentence>
      <sentence id="d000.s5516" source="wordnet-japanese">
         <instance id="d000.s5516.t000" lemma="高価" pos="ADJ">高価</instance>
         <wf lemma="な" pos="X">な</wf>
         <wf lemma="店" pos="X">店</wf>
         <wf lemma="." pos="X">.</wf>
      </sentence>
      <sentence id="d000.s5517" source="wordnet-japanese">
         <wf lemma="私たち" pos="X">私たち</wf>
         <wf lemma="は" pos="X">は</wf>
         <wf lemma="ファイル" pos="X">ファイル</wf>
         <wf lemma="を" pos="X">を</wf>
         <instance id="d000.s5517.t000" lemma="徹底的" pos="ADV">徹底的</instance>
         <wf lemma="に" pos="X">に</wf>
         <wf lemma="捜し" pos="X">捜し</wf>
         <wf lemma="た" pos="X">た</wf>
         <wf lemma="." pos="X">.</wf>
      </sentence>
      <sentence id="d000.s5518" source="wordnet-japanese">
         <wf lemma="彼" pos="X">彼</wf>
         <wf lemma="のみ" pos="X">のみ</wf>
         <instance id="d000.s5518.t000" lemma="すぼらしい" pos="ADJ">すぼらしい</instance>
         <wf lemma="店" pos="X">店</wf>
         <wf lemma="から" pos="X">から</wf>
         <wf lemma="、" pos="X">、</wf>
         <wf lemma="乾燥" pos="X">乾燥</wf>
         <wf lemma="豆" pos="X">豆</wf>
         <wf lemma="ほとんど" pos="X">ほとんど</wf>
         <wf lemma="使い果たし" pos="X">使い果たし</wf>
         <wf lemma="た" pos="X">た</wf>
         <wf lemma="." pos="X">.</wf>
      </sentence>
      <sentence id="d000.s5519" source="wordnet-japanese">
         <wf lemma="私達" pos="X">私達</wf>
         <wf lemma="の" pos="X">の</wf>
         <wf lemma="子供" pos="X">子供</wf>
         <wf lemma="が" pos="X">が</wf>
         <instance id="d000.s5519.t000" lemma="合法的" pos="ADV">合法的</instance>
         <wf lemma="に" pos="X">に</wf>
         <wf lemma="誕生" pos="X">誕生</wf>
         <wf lemma="できる" pos="X">できる</wf>
         <wf lemma="ように" pos="X">ように</wf>
         <wf lemma="結婚" pos="X">結婚</wf>
         <wf lemma="し" pos="X">し</wf>
         <wf lemma="ましょ" pos="X">ましょ</wf>
         <wf lemma="う" pos="X">う</wf>
         <wf lemma="." pos="X">.</wf>
      </sentence>
      <sentence id="d000.s5520" source="wordnet-japanese">
         <instance id="d000.s5520.t000" lemma="豪華" pos="ADJ">豪華</instance>
         <wf lemma="な" pos="X">な</wf>
         <wf lemma="車" pos="X">車</wf>
         <wf lemma="." pos="X">.</wf>
      </sentence>
      <sentence id="d000.s5521" source="wordnet-japanese">
         <wf lemma="フラスコ" pos="X">フラスコ</wf>
         <wf lemma="に" pos="X">に</wf>
         <wf lemma="は" pos="X">は</wf>
         <wf lemma="、" pos="X">、</wf>
         <wf lemma="1" pos="X">1</wf>
         <wf lemma="ガロン" pos="X">ガロン</wf>
         <instance id="d000.s5521.t000" lemma="入る" pos="VERB">入る</instance>
         <wf lemma="." pos="X">.</wf>
      </sentence>
      <sentence id="d000.s5522" source="wordnet-japanese">
         <instance id="d000.s5522.t000" lemma="薄い" pos="ADJ">薄く</instance>
         <wf lemma="塗っ" pos="X">塗っ</wf>
         <wf lemma="た" pos="X">た</wf>
         <wf lemma="ペンキ" pos="X">ペンキ</wf>
         <wf lemma="." pos="X">.</wf>
      </sentence>
      <sentence id="d000.s5523" source="wordnet-japanese">
         <wf lemma="ファイル" pos="X">ファイル</wf>
         <wf lemma="に" pos="X">に</wf>
         <wf lemma="私" pos="X">私</wf>
         <wf lemma="に" pos="X">に</wf>
         <instance id="d000.s5523.t000" lemma="引き渡す" pos="VERB">引き渡し</instance>
         <wf lemma="て" pos="X">て</wf>
         <wf lemma="ください" pos="X">ください</wf>
         <wf lemma="." pos="X">.</wf>
      </sentence>
      <sentence id="d000.s5524" source="wordnet-japanese">
         <wf lemma="勝利" pos="X">勝利</wf>
         <wf lemma="は" pos="X">は</wf>
         <wf lemma="熱狂的" pos="X">熱狂的</wf>
         <wf lemma="な" pos="X">な</wf>
         <wf lemma="祝賀" pos="X">祝賀</wf>
         <wf lemma="の" pos="X">の</wf>
         <wf lemma="ため" pos="X">ため</wf>
         <wf lemma="の" pos="X">の</wf>
         <instance id="d000.s5524.t000" lemma="合図" pos="NOUN">合図</instance>
         <wf lemma="だっ" pos="X">だっ</wf>
         <wf lemma="た" pos="X">た</wf>
         <wf lemma="." pos="X">.</wf>
      </sentence>
      <sentence id="d000.s5525" source="wordnet-japanese">
         <instance id="d000.s5525.t000" lemma="深い" pos="ADJ">深い</instance>
         <wf lemma="ため" pos="X">ため</wf>
         <wf lemma="息." pos="X">息.</wf>
      </sentence>
      <sentence id="d000.s5526" source="wordnet-japanese">
         <instance id="d000.s5526.t000" lemma="次に" pos="ADV">次に</instance>
         <wf lemma="医師" pos="X">医師</wf>
         <wf lemma="は" pos="X">は</wf>
         <wf lemma="彼" pos="X">彼</wf>
         <wf lemma="の" pos="X">の</wf>
         <wf lemma="背中" pos="X">背中</wf>
         <wf lemma="を" pos="X">を</wf>
         <wf lemma="調べ" pos="X">調べ</wf>
         <wf lemma="た" pos="X">た</wf>
         <wf lemma="." pos="X">.</wf>
      </sentence>
      <sentence id="d000.s5527" source="wordnet-japanese">
         <wf lemma="彼" pos="X">彼</wf>
         <wf lemma="は" pos="X">は</wf>
         <instance id="d000.s5527.t000" lemma="活字" pos="NOUN">活字</instance>
         <wf lemma="箱" pos="X">箱</wf>
         <wf lemma="を" pos="X">を</wf>
         <wf lemma="落とし" pos="X">落とし</wf>
         <wf lemma="て" pos="X">て</wf>
         <wf lemma="しまっ" pos="X">しまっ</wf>
         <wf lemma="た" pos="X">た</wf>
         <wf lemma="ので" pos="X">ので</wf>
         <wf lemma="、" pos="X">、</wf>
         <wf lemma="拾い" pos="X">拾い</wf>
         <wf lemma="直し" pos="X">直し</wf>
         <wf lemma="を" pos="X">を</wf>
         <wf lemma="させ" pos="X">させ</wf>
         <wf lemma="られ" pos="X">られ</wf>
         <wf lemma="た" pos="X">た</wf>
         <wf lemma="." pos="X">.</wf>
      </sentence>
      <sentence id="d000.s5528" source="wordnet-japanese">
         <wf lemma="くすくす" pos="X">くすくす</wf>
         <wf lemma="笑い" pos="X">笑い</wf>
         <wf lemma="の" pos="X">の</wf>
         <instance id="d000.s5528.t000" lemma="発作" pos="NOUN">発作</instance>
         <wf lemma="." pos="X">.</wf>
      </sentence>
      <sentence id="d000.s5529" source="wordnet-japanese">
         <instance id="d000.s5529.t000" lemma="怖い" pos="ADJ">怖い</instance>
         <wf lemma="映画" pos="X">映画</wf>
         <wf lemma="." pos="X">.</wf>
      </sentence>
      <sentence id="d000.s5530" source="wordnet-japanese">
         <wf lemma="泥沼" pos="X">泥沼</wf>
         <wf lemma="を" pos="X">を</wf>
         <instance id="d000.s5530.t000" lemma="塞ぐ" pos="VERB">塞ぐ</instance>
         <wf lemma="." pos="X">.</wf>
      </sentence>
      <sentence id="d000.s5531" source="wordnet-japanese">
         <wf lemma="微" pos="X">微</wf>
         <wf lemma="笑み" pos="X">笑み</wf>
         <instance id="d000.s5531.t000" lemma="続ける" pos="VERB">続け</instance>
         <wf lemma="て" pos="X">て</wf>
         <wf lemma="ください" pos="X">ください</wf>
         <wf lemma="." pos="X">.</wf>
      </sentence>
      <sentence id="d000.s5532" source="wordnet-japanese">
         <instance id="d000.s5532.t000" lemma="危険" pos="ADJ">危険</instance>
         <wf lemma="な" pos="X">な</wf>
         <wf lemma="手術" pos="X">手術</wf>
         <wf lemma="の" pos="X">の</wf>
         <wf lemma="後" pos="X">後</wf>
         <wf lemma="、" pos="X">、</wf>
         <wf lemma="回復" pos="X">回復</wf>
         <wf lemma="は" pos="X">は</wf>
         <wf lemma="際どい" pos="X">際どい</wf>
         <wf lemma="ところ" pos="X">ところ</wf>
         <wf lemma="だ" pos="X">だ</wf>
         <wf lemma="." pos="X">.</wf>
      </sentence>
      <sentence id="d000.s5533" source="wordnet-japanese">
         <wf lemma="機関" pos="X">機関</wf>
         <wf lemma="が" pos="X">が</wf>
         <wf lemma="怠慢" pos="X">怠慢</wf>
         <wf lemma="を" pos="X">を</wf>
         <wf lemma="宣告" pos="X">宣告</wf>
         <wf lemma="さ" pos="X">さ</wf>
         <wf lemma="れる" pos="X">れる</wf>
         <wf lemma="理由" pos="X">理由</wf>
         <wf lemma="は" pos="X">は</wf>
         <wf lemma="、" pos="X">、</wf>
         <wf lemma="FBI" pos="X">FBI</wf>
         <instance id="d000.s5533.t000" lemma="文化" pos="NOUN">文化</instance>
         <wf lemma="と" pos="X">と</wf>
         <wf lemma="関係" pos="X">関係</wf>
         <wf lemma="が" pos="X">が</wf>
         <wf lemma="ある" pos="X">ある</wf>
         <wf lemma="." pos="X">.</wf>
      </sentence>
      <sentence id="d000.s5534" source="wordnet-japanese">
         <wf lemma="教会" pos="X">教会</wf>
         <wf lemma="に" pos="X">に</wf>
         <wf lemma="人生" pos="X">人生</wf>
         <wf lemma="を" pos="X">を</wf>
         <instance id="d000.s5534.t000" lemma="捧げる" pos="VERB">捧げる</instance>
         <wf lemma="." pos="X">.</wf>
      </sentence>
      <sentence id="d000.s5535" source="wordnet-japanese">
         <wf lemma="戦時" pos="X">戦時</wf>
         <wf lemma="中" pos="X">中</wf>
         <wf lemma="、" pos="X">、</wf>
         <wf lemma="政府" pos="X">政府</wf>
         <wf lemma="は" pos="X">は</wf>
         <wf lemma="食物" pos="X">食物</wf>
         <wf lemma="と" pos="X">と</wf>
         <wf lemma="ガソリン" pos="X">ガソリン</wf>
         <wf lemma="の" pos="X">の</wf>
         <instance id="d000.s5535.t000" lemma="配給" pos="NOUN">配給</instance>
         <wf lemma="を" pos="X">を</wf>
         <wf lemma="課し" pos="X">課し</wf>
         <wf lemma="た" pos="X">た</wf>
         <wf lemma="." pos="X">.</wf>
      </sentence>
      <sentence id="d000.s5536" source="wordnet-japanese">
         <wf lemma="ボール" pos="X">ボール</wf>
         <wf lemma="は" pos="X">は</wf>
         <wf lemma="、" pos="X">、</wf>
         <wf lemma="チタン" pos="X">チタン</wf>
         <instance id="d000.s5536.t000" lemma="芯" pos="NOUN">芯</instance>
         <wf lemma="を" pos="X">を</wf>
         <wf lemma="持っ" pos="X">持っ</wf>
         <wf lemma="て" pos="X">て</wf>
         <wf lemma="いる" pos="X">いる</wf>
         <wf lemma="." pos="X">.</wf>
      </sentence>
      <sentence id="d000.s5537" source="wordnet-japanese">
         <instance id="d000.s5537.t000" lemma="冷ややか" pos="ADJ">冷ややか</instance>
         <wf lemma="な" pos="X">な</wf>
         <wf lemma="人間" pos="X">人間</wf>
         <wf lemma="味" pos="X">味</wf>
         <wf lemma="の" pos="X">の</wf>
         <wf lemma="ない" pos="X">ない</wf>
         <wf lemma="態度" pos="X">態度</wf>
         <wf lemma="." pos="X">.</wf>
      </sentence>
      <sentence id="d000.s5538" source="wordnet-japanese">
         <instance id="d000.s5538.t000" lemma="絶望" pos="NOUN">絶望</instance>
         <wf lemma="から" pos="X">から</wf>
         <wf lemma="勇気" pos="X">勇気</wf>
         <wf lemma="が" pos="X">が</wf>
         <wf lemma="生まれる" pos="X">生まれる</wf>
         <wf lemma="." pos="X">.</wf>
      </sentence>
      <sentence id="d000.s5539" source="wordnet-japanese">
         <instance id="d000.s5539.t000" lemma="甲高い" pos="ADJ">甲高い</instance>
         <wf lemma="にぎやか" pos="X">にぎやか</wf>
         <wf lemma="さ" pos="X">さ</wf>
         <wf lemma="." pos="X">.</wf>
      </sentence>
      <sentence id="d000.s5540" source="wordnet-japanese">
         <wf lemma="エンジンルーム" pos="X">エンジンルーム</wf>
         <wf lemma="の" pos="X">の</wf>
         <wf lemma="熱" pos="X">熱</wf>
         <instance id="d000.s5540.t000" lemma="地獄" pos="NOUN">地獄</instance>
         <wf lemma="." pos="X">.</wf>
      </sentence>
      <sentence id="d000.s5541" source="wordnet-japanese">
         <wf lemma="想像的" pos="X">想像的</wf>
         <wf lemma="な" pos="X">な</wf>
         <wf lemma="オーケストラ" pos="X">オーケストラ</wf>
         <instance id="d000.s5541.t000" lemma="慣用語" pos="NOUN">慣用語</instance>
         <wf lemma="." pos="X">.</wf>
      </sentence>
      <sentence id="d000.s5542" source="wordnet-japanese">
         <instance id="d000.s5542.t000" lemma="不良" pos="ADJ">不良</instance>
         <wf lemma="（" pos="X">（</wf>
         <wf lemma="または" pos="X">または</wf>
         <wf lemma="回収" pos="X">回収</wf>
         <wf lemma="不能" pos="X">不能</wf>
         <wf lemma="）" pos="X">）</wf>
         <wf lemma="債権" pos="X">債権</wf>
         <wf lemma="." pos="X">.</wf>
      </sentence>
      <sentence id="d000.s5543" source="wordnet-japanese">
         <wf lemma="木星" pos="X">木星</wf>
         <wf lemma="の" pos="X">の</wf>
         <wf lemma="1" pos="X">1</wf>
         <instance id="d000.s5543.t000" lemma="日" pos="NOUN">日</instance>
         <wf lemma="の" pos="X">の</wf>
         <wf lemma="長" pos="X">長</wf>
         <wf lemma="さ" pos="X">さ</wf>
         <wf lemma="は" pos="X">は</wf>
         <wf lemma="どれ" pos="X">どれ</wf>
         <wf lemma="くらいです" pos="X">くらいです</wf>
         <wf lemma="か" pos="X">か</wf>
         <wf lemma="." pos="X">.</wf>
      </sentence>
      <sentence id="d000.s5544" source="wordnet-japanese">
         <wf lemma="彼女" pos="X">彼女</wf>
         <wf lemma="が" pos="X">が</wf>
         <wf lemma="彼女" pos="X">彼女</wf>
         <wf lemma="の" pos="X">の</wf>
         <wf lemma="技術" pos="X">技術</wf>
         <wf lemma="を" pos="X">を</wf>
         <wf lemma="示す" pos="X">示す</wf>
         <instance id="d000.s5544.t000" lemma="機会" pos="NOUN">機会</instance>
         <wf lemma="が" pos="X">が</wf>
         <wf lemma="なかっ" pos="X">なかっ</wf>
         <wf lemma="た" pos="X">た</wf>
         <wf lemma="." pos="X">.</wf>
      </sentence>
      <sentence id="d000.s5545" source="wordnet-japanese">
         <wf lemma="彼女" pos="X">彼女</wf>
         <wf lemma="は" pos="X">は</wf>
         <wf lemma="自分" pos="X">自分</wf>
         <wf lemma="の" pos="X">の</wf>
         <wf lemma="考え" pos="X">考え</wf>
         <wf lemma="を" pos="X">を</wf>
         <instance id="d000.s5545.t000" lemma="言葉" pos="NOUN">言葉</instance>
         <wf lemma="に" pos="X">に</wf>
         <wf lemma="し" pos="X">し</wf>
         <wf lemma="た" pos="X">た</wf>
         <wf lemma="." pos="X">.</wf>
      </sentence>
      <sentence id="d000.s5546" source="wordnet-japanese">
         <wf lemma="彼ら" pos="X">彼ら</wf>
         <wf lemma="は" pos="X">は</wf>
         <instance id="d000.s5546.t000" lemma="大いに" pos="ADV">大いに</instance>
         <wf lemma="助け" pos="X">助け</wf>
         <wf lemma="を" pos="X">を</wf>
         <wf lemma="必要" pos="X">必要</wf>
         <wf lemma="と" pos="X">と</wf>
         <wf lemma="し" pos="X">し</wf>
         <wf lemma="て" pos="X">て</wf>
         <wf lemma="い" pos="X">い</wf>
         <wf lemma="た" pos="X">た</wf>
         <wf lemma="." pos="X">.</wf>
      </sentence>
      <sentence id="d000.s5547" source="wordnet-japanese">
         <wf lemma="良い" pos="X">良い</wf>
         <wf lemma="考え" pos="X">考え</wf>
         <wf lemma="を" pos="X">を</wf>
         <instance id="d000.s5547.t000" lemma="持つ" pos="VERB">持つ</instance>
         <wf lemma="." pos="X">.</wf>
      </sentence>
      <sentence id="d000.s5548" source="wordnet-japanese">
         <instance id="d000.s5548.t000" lemma="ひどい" pos="ADJ">ひどい</instance>
         <wf lemma="嵐" pos="X">嵐</wf>
         <wf lemma="." pos="X">.</wf>
      </sentence>
      <sentence id="d000.s5549" source="wordnet-japanese">
         <wf lemma="彼ら" pos="X">彼ら</wf>
         <wf lemma="は" pos="X">は</wf>
         <wf lemma="多く" pos="X">多く</wf>
         <wf lemma="の" pos="X">の</wf>
         <instance id="d000.s5549.t000" lemma="品" pos="NOUN">品</instance>
         <wf lemma="目" pos="X">目</wf>
         <wf lemma="の" pos="X">の</wf>
         <wf lemma="値" pos="X">値</wf>
         <wf lemma="を" pos="X">を</wf>
         <wf lemma="引い" pos="X">引い</wf>
         <wf lemma="た" pos="X">た</wf>
         <wf lemma="." pos="X">.</wf>
      </sentence>
      <sentence id="d000.s5550" source="wordnet-japanese">
         <wf lemma="寛大" pos="X">寛大</wf>
         <wf lemma="さ" pos="X">さ</wf>
         <wf lemma="は" pos="X">は</wf>
         <wf lemma="彼" pos="X">彼</wf>
         <wf lemma="の" pos="X">の</wf>
         <wf lemma="最も" pos="X">最も</wf>
         <wf lemma="良い" pos="X">良い</wf>
         <instance id="d000.s5550.t000" lemma="特性" pos="NOUN">特性</instance>
         <wf lemma="の" pos="X">の</wf>
         <wf lemma="1" pos="X">1</wf>
         <wf lemma="つ" pos="X">つ</wf>
         <wf lemma="である" pos="X">である</wf>
         <wf lemma="." pos="X">.</wf>
      </sentence>
      <sentence id="d000.s5551" source="wordnet-japanese">
         <wf lemma="彼" pos="X">彼</wf>
         <wf lemma="の" pos="X">の</wf>
         <wf lemma="強制的" pos="X">強制的</wf>
         <wf lemma="な" pos="X">な</wf>
         <wf lemma="まで" pos="X">まで</wf>
         <wf lemma="に" pos="X">に</wf>
         <instance id="d000.s5551.t000" lemma="秩序" pos="NOUN">秩序</instance>
         <wf lemma="だっ" pos="X">だっ</wf>
         <wf lemma="て" pos="X">て</wf>
         <wf lemma="いる" pos="X">いる</wf>
         <wf lemma="こと" pos="X">こと</wf>
         <wf lemma="は" pos="X">は</wf>
         <wf lemma="人" pos="X">人</wf>
         <wf lemma="から" pos="X">から</wf>
         <wf lemma="慕わ" pos="X">慕わ</wf>
         <wf lemma="れる" pos="X">れる</wf>
         <wf lemma="もの" pos="X">もの</wf>
         <wf lemma="で" pos="X">で</wf>
         <wf lemma="は" pos="X">は</wf>
         <wf lemma="ない" pos="X">ない</wf>
         <wf lemma="." pos="X">.</wf>
      </sentence>
      <sentence id="d000.s5552" source="wordnet-japanese">
         <wf lemma="公爵" pos="X">公爵</wf>
         <wf lemma="夫人" pos="X">夫人</wf>
         <wf lemma="は" pos="X">は</wf>
         <wf lemma="、" pos="X">、</wf>
         <instance id="d000.s5552.t000" lemma="厚かましい" pos="ADJ">厚かましい</instance>
         <wf lemma="使用人" pos="X">使用人</wf>
         <wf lemma="に" pos="X">に</wf>
         <wf lemma="我慢" pos="X">我慢</wf>
         <wf lemma="でき" pos="X">でき</wf>
         <wf lemma="ない" pos="X">ない</wf>
         <wf lemma="だろ" pos="X">だろ</wf>
         <wf lemma="う" pos="X">う</wf>
         <wf lemma="." pos="X">.</wf>
      </sentence>
      <sentence id="d000.s5553" source="wordnet-japanese">
         <instance id="d000.s5553.t000" lemma="同じ" pos="ADJ">同じ</instance>
         <wf lemma="数" pos="X">数</wf>
         <wf lemma="." pos="X">.</wf>
      </sentence>
      <sentence id="d000.s5554" source="wordnet-japanese">
         <wf lemma="学校" pos="X">学校</wf>
         <wf lemma="は" pos="X">は</wf>
         <wf lemma="連邦" pos="X">連邦</wf>
         <wf lemma="の" pos="X">の</wf>
         <instance id="d000.s5554.t000" lemma="規格" pos="NOUN">規格</instance>
         <wf lemma="に" pos="X">に</wf>
         <wf lemma="従う" pos="X">従う</wf>
         <wf lemma="." pos="X">.</wf>
      </sentence>
      <sentence id="d000.s5555" source="wordnet-japanese">
         <wf lemma="言葉" pos="X">言葉</wf>
         <wf lemma="の" pos="X">の</wf>
         <instance id="d000.s5555.t000" lemma="狭い" pos="ADJ">狭い</instance>
         <wf lemma="意味" pos="X">意味</wf>
         <wf lemma="." pos="X">.</wf>
      </sentence>
      <sentence id="d000.s5556" source="wordnet-japanese">
         <wf lemma="私" pos="X">私</wf>
         <wf lemma="の" pos="X">の</wf>
         <wf lemma="ギター" pos="X">ギター</wf>
         <wf lemma="の" pos="X">の</wf>
         <wf lemma="弦" pos="X">弦</wf>
         <wf lemma="を" pos="X">を</wf>
         <instance id="d000.s5556.t000" lemma="張る" pos="VERB">張る</instance>
         <wf lemma="." pos="X">.</wf>
      </sentence>
      <sentence id="d000.s5557" source="wordnet-japanese">
         <instance id="d000.s5557.t000" lemma="破滅" pos="NOUN">破滅</instance>
         <wf lemma="と" pos="X">と</wf>
         <wf lemma="崩壊" pos="X">崩壊</wf>
         <wf lemma="." pos="X">.</wf>
      </sentence>
      <sentence id="d000.s5558" source="wordnet-japanese">
         <instance id="d000.s5558.t000" lemma="とにかく" pos="ADV">とにかく</instance>
         <wf lemma="、" pos="X">、</wf>
         <wf lemma="ほか" pos="X">ほか</wf>
         <wf lemma="に" pos="X">に</wf>
         <wf lemma="考慮" pos="X">考慮</wf>
         <wf lemma="する" pos="X">する</wf>
         <wf lemma="べき" pos="X">べき</wf>
         <wf lemma="要因" pos="X">要因</wf>
         <wf lemma="が" pos="X">が</wf>
         <wf lemma="ある" pos="X">ある</wf>
         <wf lemma="." pos="X">.</wf>
      </sentence>
      <sentence id="d000.s5559" source="wordnet-japanese">
         <wf lemma="戦争" pos="X">戦争</wf>
         <wf lemma="の" pos="X">の</wf>
         <instance id="d000.s5559.t000" lemma="論理" pos="NOUN">論理</instance>
         <wf lemma="による" pos="X">による</wf>
         <wf lemma="." pos="X">.</wf>
      </sentence>
      <sentence id="d000.s5560" source="wordnet-japanese">
         <wf lemma="事故" pos="X">事故</wf>
         <wf lemma="の" pos="X">の</wf>
         <instance id="d000.s5560.t000" lemma="直接" pos="ADJ">直接</instance>
         <wf lemma="の" pos="X">の</wf>
         <wf lemma="結果" pos="X">結果</wf>
         <wf lemma="." pos="X">.</wf>
      </sentence>
      <sentence id="d000.s5561" source="wordnet-japanese">
         <wf lemma="彼" pos="X">彼</wf>
         <wf lemma="の" pos="X">の</wf>
         <wf lemma="母" pos="X">母</wf>
         <wf lemma="は" pos="X">は</wf>
         <wf lemma="、" pos="X">、</wf>
         <wf lemma="彼" pos="X">彼</wf>
         <wf lemma="の" pos="X">の</wf>
         <wf lemma="哀れ" pos="X">哀れ</wf>
         <wf lemma="な" pos="X">な</wf>
         <instance id="d000.s5561.t000" lemma="奴隷" pos="NOUN">奴隷</instance>
         <wf lemma="だっ" pos="X">だっ</wf>
         <wf lemma="た" pos="X">た</wf>
         <wf lemma="." pos="X">.</wf>
      </sentence>
      <sentence id="d000.s5562" source="wordnet-japanese">
         <instance id="d000.s5562.t000" lemma="緊急" pos="ADJ">緊急</instance>
         <wf lemma="の" pos="X">の</wf>
         <wf lemma="ニーズ" pos="X">ニーズ</wf>
         <wf lemma="." pos="X">.</wf>
      </sentence>
      <sentence id="d000.s5563" source="wordnet-japanese">
         <wf lemma="外" pos="X">外</wf>
         <wf lemma="は" pos="X">は</wf>
         <instance id="d000.s5563.t000" lemma="まだ" pos="ADV">まだ</instance>
         <wf lemma="暖かい" pos="X">暖かい</wf>
         <wf lemma="." pos="X">.</wf>
      </sentence>
      <sentence id="d000.s5564" source="wordnet-japanese">
         <wf lemma="一旦国" pos="X">一旦国</wf>
         <wf lemma="が" pos="X">が</wf>
         <wf lemma="行動" pos="X">行動</wf>
         <instance id="d000.s5564.t000" lemma="方針" pos="NOUN">方針</instance>
         <wf lemma="に関して" pos="X">に関して</wf>
         <wf lemma="着手" pos="X">着手</wf>
         <wf lemma="さ" pos="X">さ</wf>
         <wf lemma="れ" pos="X">れ</wf>
         <wf lemma="れ" pos="X">れ</wf>
         <wf lemma="ば" pos="X">ば</wf>
         <wf lemma="、" pos="X">、</wf>
         <wf lemma="撤回" pos="X">撤回</wf>
         <wf lemma="する" pos="X">する</wf>
         <wf lemma="こと" pos="X">こと</wf>
         <wf lemma="は" pos="X">は</wf>
         <wf lemma="とても" pos="X">とても</wf>
         <wf lemma="難しく" pos="X">難しく</wf>
         <wf lemma="なる" pos="X">なる</wf>
         <wf lemma="." pos="X">.</wf>
      </sentence>
      <sentence id="d000.s5565" source="wordnet-japanese">
         <wf lemma="介入" pos="X">介入</wf>
         <wf lemma="に" pos="X">に</wf>
         <instance id="d000.s5565.t000" lemma="断固" pos="ADJ">断固</instance>
         <wf lemma="反対" pos="X">反対</wf>
         <wf lemma="する" pos="X">する</wf>
         <wf lemma="." pos="X">.</wf>
      </sentence>
      <sentence id="d000.s5566" source="wordnet-japanese">
         <wf lemma="我々" pos="X">我々</wf>
         <wf lemma="は" pos="X">は</wf>
         <wf lemma="、" pos="X">、</wf>
         <wf lemma="非会員" pos="X">非会員</wf>
         <wf lemma="を" pos="X">を</wf>
         <wf lemma="この" pos="X">この</wf>
         <wf lemma="クラブ" pos="X">クラブ</wf>
         <wf lemma="の" pos="X">の</wf>
         <wf lemma="ビル" pos="X">ビル</wf>
         <wf lemma="に" pos="X">に</wf>
         <instance id="d000.s5566.t000" lemma="入れる" pos="VERB">入れる</instance>
         <wf lemma="こと" pos="X">こと</wf>
         <wf lemma="は" pos="X">は</wf>
         <wf lemma="でき" pos="X">でき</wf>
         <wf lemma="ない" pos="X">ない</wf>
         <wf lemma="." pos="X">.</wf>
      </sentence>
      <sentence id="d000.s5567" source="wordnet-japanese">
         <wf lemma="彼ら" pos="X">彼ら</wf>
         <wf lemma="は" pos="X">は</wf>
         <wf lemma="すべて" pos="X">すべて</wf>
         <wf lemma="を" pos="X">を</wf>
         <instance id="d000.s5567.t000" lemma="火事" pos="NOUN">火事</instance>
         <wf lemma="で" pos="X">で</wf>
         <wf lemma="なく" pos="X">なく</wf>
         <wf lemma="し" pos="X">し</wf>
         <wf lemma="た" pos="X">た</wf>
         <wf lemma="." pos="X">.</wf>
      </sentence>
      <sentence id="d000.s5568" source="wordnet-japanese">
         <instance id="d000.s5568.t000" lemma="無限" pos="ADJ">無限</instance>
         <wf lemma="の" pos="X">の</wf>
         <wf lemma="富." pos="X">富.</wf>
      </sentence>
      <sentence id="d000.s5569" source="wordnet-japanese">
         <wf lemma="太陽" pos="X">太陽</wf>
         <wf lemma="が" pos="X">が</wf>
         <instance id="d000.s5569.t000" lemma="昇る" pos="VERB">昇り</instance>
         <wf lemma="、" pos="X">、</wf>
         <wf lemma="たそがれ" pos="X">たそがれ</wf>
         <wf lemma="の" pos="X">の</wf>
         <wf lemma="夜" pos="X">夜</wf>
         <wf lemma="が" pos="X">が</wf>
         <wf lemma="消え" pos="X">消え</wf>
         <wf lemma="て" pos="X">て</wf>
         <wf lemma="いく" pos="X">いく</wf>
         <wf lemma=".." pos="X">..</wf>
         <wf lemma="." pos="X">.</wf>
      </sentence>
      <sentence id="d000.s5570" source="wordnet-japanese">
         <wf lemma="立法" pos="X">立法</wf>
         <wf lemma="機関" pos="X">機関</wf>
         <wf lemma="へ" pos="X">へ</wf>
         <wf lemma="の" pos="X">の</wf>
         <wf lemma="法案" pos="X">法案</wf>
         <wf lemma="の" pos="X">の</wf>
         <wf lemma="通過" pos="X">通過</wf>
         <wf lemma="は" pos="X">は</wf>
         <wf lemma="、" pos="X">、</wf>
         <instance id="d000.s5570.t000" lemma="円滑" pos="ADJ">円滑</instance>
         <wf lemma="で" pos="X">で</wf>
         <wf lemma="整然" pos="X">整然</wf>
         <wf lemma="と" pos="X">と</wf>
         <wf lemma="し" pos="X">し</wf>
         <wf lemma="て" pos="X">て</wf>
         <wf lemma="い" pos="X">い</wf>
         <wf lemma="た" pos="X">た</wf>
         <wf lemma="." pos="X">.</wf>
      </sentence>
      <sentence id="d000.s5571" source="wordnet-japanese">
         <wf lemma="軍隊" pos="X">軍隊</wf>
         <wf lemma="の" pos="X">の</wf>
         <instance id="d000.s5571.t000" lemma="動員" pos="NOUN">動員</instance>
         <wf lemma="." pos="X">.</wf>
      </sentence>
      <sentence id="d000.s5572" source="wordnet-japanese">
         <wf lemma="アフリカ" pos="X">アフリカ</wf>
         <wf lemma="の" pos="X">の</wf>
         <instance id="d000.s5572.t000" lemma="国家" pos="NOUN">国家</instance>
         <wf lemma="." pos="X">.</wf>
      </sentence>
      <sentence id="d000.s5573" source="wordnet-japanese">
         <wf lemma="科学者" pos="X">科学者</wf>
         <wf lemma="は" pos="X">は</wf>
         <wf lemma="衝撃波" pos="X">衝撃波</wf>
         <wf lemma="を" pos="X">を</wf>
         <instance id="d000.s5573.t000" lemma="起こす" pos="VERB">起こし</instance>
         <wf lemma="た" pos="X">た</wf>
         <wf lemma="." pos="X">.</wf>
      </sentence>
      <sentence id="d000.s5574" source="wordnet-japanese">
         <wf lemma="アパルト" pos="X">アパルト</wf>
         <wf lemma="ヘイト" pos="X">ヘイト</wf>
         <wf lemma="は" pos="X">は</wf>
         <wf lemma="、" pos="X">、</wf>
         <wf lemma="恐怖" pos="X">恐怖</wf>
         <wf lemma="であっ" pos="X">であっ</wf>
         <wf lemma="た" pos="X">た</wf>
         <wf lemma="こと" pos="X">こと</wf>
         <wf lemma="は" pos="X">は</wf>
         <instance id="d000.s5574.t000" lemma="明白" pos="ADJ">明白</instance>
         <wf lemma="で" pos="X">で</wf>
         <wf lemma="ある" pos="X">ある</wf>
         <wf lemma="−" pos="X">−</wf>
         <wf lemma="マリオ" pos="X">マリオ</wf>
         <wf lemma="・" pos="X">・</wf>
         <wf lemma="バルガス" pos="X">バルガス</wf>
         <wf lemma="・" pos="X">・</wf>
         <wf lemma="リョサ" pos="X">リョサ</wf>
         <wf lemma="." pos="X">.</wf>
      </sentence>
      <sentence id="d000.s5575" source="wordnet-japanese">
         <wf lemma="国" pos="X">国</wf>
         <wf lemma="の" pos="X">の</wf>
         <wf lemma="権威" pos="X">権威</wf>
         <wf lemma="を" pos="X">を</wf>
         <wf lemma="尊重" pos="X">尊重</wf>
         <wf lemma="する" pos="X">する</wf>
         <instance id="d000.s5575.t000" lemma="絶対的" pos="ADJ">絶対的</instance>
         <wf lemma="保証" pos="X">保証</wf>
         <wf lemma="." pos="X">.</wf>
      </sentence>
      <sentence id="d000.s5576" source="wordnet-japanese">
         <instance id="d000.s5576.t000" lemma="経済的" pos="ADJ">経済的</instance>
         <wf lemma="観点" pos="X">観点</wf>
         <wf lemma="から" pos="X">から</wf>
         <wf lemma="見" pos="X">見</wf>
         <wf lemma="て" pos="X">て</wf>
         <wf lemma="、" pos="X">、</wf>
         <wf lemma="それら" pos="X">それら</wf>
         <wf lemma="は" pos="X">は</wf>
         <wf lemma="非常" pos="X">非常</wf>
         <wf lemma="に" pos="X">に</wf>
         <wf lemma="特権" pos="X">特権</wf>
         <wf lemma="を" pos="X">を</wf>
         <wf lemma="与え" pos="X">与え</wf>
         <wf lemma="ら" pos="X">ら</wf>
         <wf lemma="て" pos="X">て</wf>
         <wf lemma="いる" pos="X">いる</wf>
         <wf lemma="." pos="X">.</wf>
      </sentence>
      <sentence id="d000.s5577" source="wordnet-japanese">
         <wf lemma="銃" pos="X">銃</wf>
         <wf lemma="を" pos="X">を</wf>
         <instance id="d000.s5577.t000" lemma="撃つ" pos="VERB">撃つ</instance>
         <wf lemma="." pos="X">.</wf>
      </sentence>
      <sentence id="d000.s5578" source="wordnet-japanese">
         <instance id="d000.s5578.t000" lemma="長い" pos="ADJ">長い</instance>
         <wf lemma="時間" pos="X">時間</wf>
         <wf lemma="." pos="X">.</wf>
      </sentence>
      <sentence id="d000.s5579" source="wordnet-japanese">
         <wf lemma="彼" pos="X">彼</wf>
         <wf lemma="は" pos="X">は</wf>
         <wf lemma="市長" pos="X">市長</wf>
         <wf lemma="に" pos="X">に</wf>
         <instance id="d000.s5579.t000" lemma="敬意" pos="NOUN">敬意</instance>
         <wf lemma="を" pos="X">を</wf>
         <wf lemma="表し" pos="X">表し</wf>
         <wf lemma="た" pos="X">た</wf>
         <wf lemma="." pos="X">.</wf>
      </sentence>
      <sentence id="d000.s5580" source="wordnet-japanese">
         <instance id="d000.s5580.t000" lemma="正直" pos="ADV">正直</instance>
         <wf lemma="に" pos="X">に</wf>
         <wf lemma="言う" pos="X">言う</wf>
         <wf lemma="と" pos="X">と</wf>
         <wf lemma="、" pos="X">、</wf>
         <wf lemma="君" pos="X">君</wf>
         <wf lemma="、" pos="X">、</wf>
         <wf lemma="私" pos="X">私</wf>
         <wf lemma="に" pos="X">に</wf>
         <wf lemma="は" pos="X">は</wf>
         <wf lemma="どう" pos="X">どう</wf>
         <wf lemma="で" pos="X">で</wf>
         <wf lemma="も" pos="X">も</wf>
         <wf lemma="いい" pos="X">いい</wf>
         <wf lemma="こと" pos="X">こと</wf>
         <wf lemma="な" pos="X">な</wf>
         <wf lemma="ん" pos="X">ん</wf>
         <wf lemma="だ" pos="X">だ</wf>
         <wf lemma="よ." pos="X">よ.</wf>
      </sentence>
      <sentence id="d000.s5581" source="wordnet-japanese">
         <wf lemma="起こっ" pos="X">起こっ</wf>
         <wf lemma="て" pos="X">て</wf>
         <wf lemma="いる" pos="X">いる</wf>
         <wf lemma="こと" pos="X">こと</wf>
         <wf lemma="に" pos="X">に</wf>
         <instance id="d000.s5581.t000" lemma="敏感" pos="ADJ">敏感</instance>
         <wf lemma="で" pos="X">で</wf>
         <wf lemma="." pos="X">.</wf>
      </sentence>
      <sentence id="d000.s5582" source="wordnet-japanese">
         <instance id="d000.s5582.t000" lemma="迅速" pos="ADJ">迅速</instance>
         <wf lemma="な" pos="X">な</wf>
         <wf lemma="使い" pos="X">使い</wf>
         <wf lemma="走り" pos="X">走り</wf>
         <wf lemma="の" pos="X">の</wf>
         <wf lemma="少年" pos="X">少年</wf>
         <wf lemma="." pos="X">.</wf>
      </sentence>
      <sentence id="d000.s5583" source="wordnet-japanese">
         <wf lemma="実際" pos="X">実際</wf>
         <wf lemma="の" pos="X">の</wf>
         <instance id="d000.s5583.t000" lemma="歴史的" pos="ADJ">歴史的</instance>
         <wf lemma="な" pos="X">な</wf>
         <wf lemma="出来事" pos="X">出来事</wf>
         <wf lemma="." pos="X">.</wf>
      </sentence>
      <sentence id="d000.s5584" source="wordnet-japanese">
         <instance id="d000.s5584.t000" lemma="面白い" pos="ADJ">面白い</instance>
         <wf lemma="人" pos="X">人</wf>
         <wf lemma="." pos="X">.</wf>
      </sentence>
      <sentence id="d000.s5585" source="wordnet-japanese">
         <wf lemma="時間" pos="X">時間</wf>
         <wf lemma="の" pos="X">の</wf>
         <instance id="d000.s5585.t000" lemma="浪費" pos="NOUN">浪費</instance>
         <wf lemma="より" pos="X">より</wf>
         <wf lemma="無駄" pos="X">無駄</wf>
         <wf lemma="な" pos="X">な</wf>
         <wf lemma="." pos="X">.</wf>
      </sentence>
      <sentence id="d000.s5586" source="wordnet-japanese">
         <wf lemma="物体" pos="X">物体</wf>
         <wf lemma="が" pos="X">が</wf>
         <wf lemma="より" pos="X">より</wf>
         <wf lemma="離れる" pos="X">離れる</wf>
         <wf lemma="と" pos="X">と</wf>
         <wf lemma="、" pos="X">、</wf>
         <instance id="d000.s5586.t000" lemma="重力" pos="NOUN">重力</instance>
         <wf lemma="は" pos="X">は</wf>
         <wf lemma="弱く" pos="X">弱く</wf>
         <wf lemma="なる" pos="X">なる</wf>
         <wf lemma="." pos="X">.</wf>
      </sentence>
      <sentence id="d000.s5587" source="wordnet-japanese">
         <wf lemma="ラインバッカー" pos="X">ラインバッカー</wf>
         <wf lemma="は" pos="X">は</wf>
         <instance id="d000.s5587.t000" lemma="突進" pos="NOUN">突進</instance>
         <wf lemma="を" pos="X">を</wf>
         <wf lemma="止める" pos="X">止める</wf>
         <wf lemma="準備" pos="X">準備</wf>
         <wf lemma="が" pos="X">が</wf>
         <wf lemma="でき" pos="X">でき</wf>
         <wf lemma="て" pos="X">て</wf>
         <wf lemma="い" pos="X">い</wf>
         <wf lemma="た" pos="X">た</wf>
         <wf lemma="." pos="X">.</wf>
      </sentence>
      <sentence id="d000.s5588" source="wordnet-japanese">
         <wf lemma="彼" pos="X">彼</wf>
         <wf lemma="は" pos="X">は</wf>
         <wf lemma="それ" pos="X">それ</wf>
         <wf lemma="について" pos="X">について</wf>
         <instance id="d000.s5588.t000" lemma="話" pos="NOUN">話</instance>
         <wf lemma="を" pos="X">を</wf>
         <wf lemma="し" pos="X">し</wf>
         <wf lemma="なかっ" pos="X">なかっ</wf>
         <wf lemma="た" pos="X">た</wf>
         <wf lemma="." pos="X">.</wf>
      </sentence>
      <sentence id="d000.s5589" source="wordnet-japanese">
         <wf lemma="映画" pos="X">映画</wf>
         <wf lemma="は" pos="X">は</wf>
         <wf lemma="、" pos="X">、</wf>
         <wf lemma="目" pos="X">目</wf>
         <wf lemma="が" pos="X">が</wf>
         <wf lemma="それら" pos="X">それら</wf>
         <wf lemma="を" pos="X">を</wf>
         <wf lemma="一体化" pos="X">一体化</wf>
         <wf lemma="する" pos="X">する</wf>
         <wf lemma="ほど" pos="X">ほど</wf>
         <wf lemma="速く" pos="X">速く</wf>
         <wf lemma="投影" pos="X">投影</wf>
         <wf lemma="さ" pos="X">さ</wf>
         <wf lemma="れる" pos="X">れる</wf>
         <wf lemma="一連" pos="X">一連</wf>
         <wf lemma="の" pos="X">の</wf>
         <instance id="d000.s5589.t000" lemma="画像" pos="NOUN">画像</instance>
         <wf lemma="である" pos="X">である</wf>
         <wf lemma="." pos="X">.</wf>
      </sentence>
      <sentence id="d000.s5590" source="wordnet-japanese">
         <wf lemma="彼" pos="X">彼</wf>
         <wf lemma="の" pos="X">の</wf>
         <wf lemma="運転" pos="X">運転</wf>
         <wf lemma="免許" pos="X">免許</wf>
         <wf lemma="証" pos="X">証</wf>
         <wf lemma="の" pos="X">の</wf>
         <instance id="d000.s5590.t000" lemma="満了" pos="NOUN">満了</instance>
         <wf lemma="." pos="X">.</wf>
      </sentence>
      <sentence id="d000.s5591" source="wordnet-japanese">
         <instance id="d000.s5591.t000" lemma="無愛想" pos="ADJ">無愛想</instance>
         <wf lemma="な" pos="X">な</wf>
         <wf lemma="行動" pos="X">行動</wf>
         <wf lemma="を" pos="X">を</wf>
         <wf lemma="取る" pos="X">取る</wf>
         <wf lemma="." pos="X">.</wf>
      </sentence>
      <sentence id="d000.s5592" source="wordnet-japanese">
         <instance id="d000.s5592.t000" lemma="遠い" pos="ADJ">遠い</instance>
         <wf lemma="過去" pos="X">過去</wf>
         <wf lemma="または" pos="X">または</wf>
         <wf lemma="未来" pos="X">未来</wf>
         <wf lemma="." pos="X">.</wf>
      </sentence>
      <sentence id="d000.s5593" source="wordnet-japanese">
         <instance id="d000.s5593.t000" lemma="おもちゃ" pos="NOUN">おもちゃ</instance>
         <wf lemma="の" pos="X">の</wf>
         <wf lemma="ストーブ" pos="X">ストーブ</wf>
         <wf lemma="." pos="X">.</wf>
      </sentence>
      <sentence id="d000.s5594" source="wordnet-japanese">
         <instance id="d000.s5594.t000" lemma="人間性" pos="NOUN">人間性</instance>
         <wf lemma="の" pos="X">の</wf>
         <wf lemma="偉大" pos="X">偉大</wf>
         <wf lemma="な" pos="X">な</wf>
         <wf lemma="観察者" pos="X">観察者</wf>
         <wf lemma="." pos="X">.</wf>
      </sentence>
      <sentence id="d000.s5595" source="wordnet-japanese">
         <wf lemma="精神的" pos="X">精神的</wf>
         <wf lemma="安定性" pos="X">安定性</wf>
         <wf lemma="を" pos="X">を</wf>
         <wf lemma="欠く" pos="X">欠く</wf>
         <instance id="d000.s5595.t000" lemma="不安定" pos="ADJ">不安定</instance>
         <wf lemma="な" pos="X">な</wf>
         <wf lemma="人" pos="X">人</wf>
         <wf lemma="." pos="X">.</wf>
      </sentence>
      <sentence id="d000.s5596" source="wordnet-japanese">
         <wf lemma="記者" pos="X">記者</wf>
         <wf lemma="たち" pos="X">たち</wf>
         <wf lemma="は" pos="X">は</wf>
         <wf lemma="候補者" pos="X">候補者</wf>
         <wf lemma="の" pos="X">の</wf>
         <instance id="d000.s5596.t000" lemma="過去" pos="NOUN">過去</instance>
         <wf lemma="を" pos="X">を</wf>
         <wf lemma="ほじくり返し" pos="X">ほじくり返し</wf>
         <wf lemma="た" pos="X">た</wf>
         <wf lemma="." pos="X">.</wf>
      </sentence>
      <sentence id="d000.s5597" source="wordnet-japanese">
         <wf lemma="夜盗" pos="X">夜盗</wf>
         <wf lemma="は" pos="X">は</wf>
         <wf lemma="、" pos="X">、</wf>
         <wf lemma="警察" pos="X">警察</wf>
         <wf lemma="が" pos="X">が</wf>
         <wf lemma="姿" pos="X">姿</wf>
         <wf lemma="を" pos="X">を</wf>
         <wf lemma="現す" pos="X">現す</wf>
         <wf lemma="前" pos="X">前</wf>
         <wf lemma="に" pos="X">に</wf>
         <instance id="d000.s5597.t000" lemma="逃げる" pos="VERB">逃げ</instance>
         <wf lemma="た" pos="X">た</wf>
         <wf lemma="." pos="X">.</wf>
      </sentence>
      <sentence id="d000.s5598" source="wordnet-japanese">
         <wf lemma="燃える" pos="X">燃える</wf>
         <wf lemma="こと" pos="X">こと</wf>
         <wf lemma="は" pos="X">は</wf>
         <wf lemma="、" pos="X">、</wf>
         <wf lemma="火" pos="X">火</wf>
         <wf lemma="の" pos="X">の</wf>
         <instance id="d000.s5598.t000" lemma="性質" pos="NOUN">性質</instance>
         <wf lemma="である" pos="X">である</wf>
         <wf lemma="." pos="X">.</wf>
      </sentence>
      <sentence id="d000.s5599" source="wordnet-japanese">
         <wf lemma="彼" pos="X">彼</wf>
         <wf lemma="は" pos="X">は</wf>
         <wf lemma="、" pos="X">、</wf>
         <instance id="d000.s5599.t000" lemma="富栄養化" pos="NOUN">富栄養化</instance>
         <wf lemma="における" pos="X">における</wf>
         <wf lemma="統制" pos="X">統制</wf>
         <wf lemma="要因" pos="X">要因</wf>
         <wf lemma="が" pos="X">が</wf>
         <wf lemma="硝酸塩" pos="X">硝酸塩</wf>
         <wf lemma="で" pos="X">で</wf>
         <wf lemma="は" pos="X">は</wf>
         <wf lemma="なく" pos="X">なく</wf>
         <wf lemma="、" pos="X">、</wf>
         <wf lemma="リン酸" pos="X">リン酸</wf>
         <wf lemma="である" pos="X">である</wf>
         <wf lemma="と" pos="X">と</wf>
         <wf lemma="主張" pos="X">主張</wf>
         <wf lemma="し" pos="X">し</wf>
         <wf lemma="た" pos="X">た</wf>
         <wf lemma="." pos="X">.</wf>
      </sentence>
      <sentence id="d000.s5600" source="wordnet-japanese">
         <wf lemma="関係" pos="X">関係</wf>
         <wf lemma="は" pos="X">は</wf>
         <instance id="d000.s5600.t000" lemma="冷やか" pos="ADJ">冷やか</instance>
         <wf lemma="で" pos="X">で</wf>
         <wf lemma="丁寧" pos="X">丁寧</wf>
         <wf lemma="であっ" pos="X">であっ</wf>
         <wf lemma="た" pos="X">た</wf>
         <wf lemma="." pos="X">.</wf>
      </sentence>
      <sentence id="d000.s5601" source="wordnet-japanese">
         <instance id="d000.s5601.t000" lemma="秘密" pos="ADJ">秘密</instance>
         <wf lemma="の" pos="X">の</wf>
         <wf lemma="諜報" pos="X">諜報</wf>
         <wf lemma="活動" pos="X">活動</wf>
         <wf lemma="." pos="X">.</wf>
      </sentence>
      <sentence id="d000.s5602" source="wordnet-japanese">
         <wf lemma="彼" pos="X">彼</wf>
         <wf lemma="の" pos="X">の</wf>
         <wf lemma="写真" pos="X">写真</wf>
         <wf lemma="の" pos="X">の</wf>
         <instance id="d000.s5602.t000" lemma="現像" pos="NOUN">現像</instance>
         <wf lemma="と" pos="X">と</wf>
         <wf lemma="焼き付け" pos="X">焼き付け</wf>
         <wf lemma="は" pos="X">は</wf>
         <wf lemma="たっ" pos="X">たっ</wf>
         <wf lemma="た" pos="X">た</wf>
         <wf lemma="2" pos="X">2</wf>
         <wf lemma="時間" pos="X">時間</wf>
         <wf lemma="で" pos="X">で</wf>
         <wf lemma="終わっ" pos="X">終わっ</wf>
         <wf lemma="た" pos="X">た</wf>
         <wf lemma="." pos="X">.</wf>
      </sentence>
      <sentence id="d000.s5603" source="wordnet-japanese">
         <wf lemma="その" pos="X">その</wf>
         <wf lemma="子供" pos="X">子供</wf>
         <wf lemma="の" pos="X">の</wf>
         <wf lemma="顔" pos="X">顔</wf>
         <wf lemma="は" pos="X">は</wf>
         <wf lemma="、" pos="X">、</wf>
         <wf lemma="この" pos="X">この</wf>
         <wf lemma="絵画" pos="X">絵画</wf>
         <wf lemma="の" pos="X">の</wf>
         <wf lemma="中" pos="X">中</wf>
         <wf lemma="で" pos="X">で</wf>
         <wf lemma="非常" pos="X">非常</wf>
         <wf lemma="に" pos="X">に</wf>
         <wf lemma="優しく" pos="X">優しく</wf>
         <instance id="d000.s5603.t000" lemma="描く" pos="VERB">描か</instance>
         <wf lemma="れ" pos="X">れ</wf>
         <wf lemma="て" pos="X">て</wf>
         <wf lemma="いる" pos="X">いる</wf>
         <wf lemma="." pos="X">.</wf>
      </sentence>
      <sentence id="d000.s5604" source="wordnet-japanese">
         <wf lemma="彼" pos="X">彼</wf>
         <wf lemma="の" pos="X">の</wf>
         <wf lemma="頭" pos="X">頭</wf>
         <wf lemma="を" pos="X">を</wf>
         <wf lemma="向ける" pos="X">向ける</wf>
         <wf lemma="こと" pos="X">こと</wf>
         <wf lemma="さえ" pos="X">さえ</wf>
         <instance id="d000.s5604.t000" lemma="怖い" pos="ADJ">怖い</instance>
         <wf lemma="." pos="X">.</wf>
      </sentence>
      <sentence id="d000.s5605" source="wordnet-japanese">
         <wf lemma="ナレーション" pos="X">ナレーション</wf>
         <wf lemma="の" pos="X">の</wf>
         <wf lemma="間" pos="X">間</wf>
         <wf lemma="に" pos="X">に</wf>
         <wf lemma="生き生き" pos="X">生き生き</wf>
         <wf lemma="と" pos="X">と</wf>
         <wf lemma="し" pos="X">し</wf>
         <wf lemma="た" pos="X">た</wf>
         <instance id="d000.s5605.t000" lemma="描写" pos="NOUN">描写</instance>
         <wf lemma="が" pos="X">が</wf>
         <wf lemma="長く" pos="X">長く</wf>
         <wf lemma="続い" pos="X">続い</wf>
         <wf lemma="た" pos="X">た</wf>
         <wf lemma="." pos="X">.</wf>
      </sentence>
      <sentence id="d000.s5606" source="wordnet-japanese">
         <wf lemma="バス" pos="X">バス</wf>
         <wf lemma="の" pos="X">の</wf>
         <wf lemma="声" pos="X">声</wf>
         <wf lemma="は" pos="X">は</wf>
         <wf lemma="バリトン" pos="X">バリトン</wf>
         <wf lemma="の" pos="X">の</wf>
         <wf lemma="声" pos="X">声</wf>
         <wf lemma="より" pos="X">より</wf>
         <instance id="d000.s5606.t000" lemma="低い" pos="ADJ">低い</instance>
         <wf lemma="." pos="X">.</wf>
      </sentence>
      <sentence id="d000.s5607" source="wordnet-japanese">
         <wf lemma="彼" pos="X">彼</wf>
         <wf lemma="の" pos="X">の</wf>
         <wf lemma="仕事" pos="X">仕事</wf>
         <wf lemma="を" pos="X">を</wf>
         <wf lemma="失う" pos="X">失う</wf>
         <wf lemma="こと" pos="X">こと</wf>
         <wf lemma="は" pos="X">は</wf>
         <wf lemma="、" pos="X">、</wf>
         <instance id="d000.s5607.t000" lemma="軽い" pos="ADJ">軽い</instance>
         <wf lemma="問題" pos="X">問題</wf>
         <wf lemma="で" pos="X">で</wf>
         <wf lemma="は" pos="X">は</wf>
         <wf lemma="なかっ" pos="X">なかっ</wf>
         <wf lemma="た" pos="X">た</wf>
         <wf lemma="." pos="X">.</wf>
      </sentence>
      <sentence id="d000.s5608" source="wordnet-japanese">
         <wf lemma="彼ら" pos="X">彼ら</wf>
         <wf lemma="は" pos="X">は</wf>
         <wf lemma="価格" pos="X">価格</wf>
         <wf lemma="の" pos="X">の</wf>
         <instance id="d000.s5608.t000" lemma="上限" pos="NOUN">上限</instance>
         <wf lemma="を" pos="X">を</wf>
         <wf lemma="定め" pos="X">定め</wf>
         <wf lemma="た" pos="X">た</wf>
         <wf lemma="." pos="X">.</wf>
      </sentence>
      <sentence id="d000.s5609" source="wordnet-japanese">
         <wf lemma="彼" pos="X">彼</wf>
         <wf lemma="は" pos="X">は</wf>
         <wf lemma="、" pos="X">、</wf>
         <wf lemma="孤独" pos="X">孤独</wf>
         <wf lemma="を" pos="X">を</wf>
         <wf lemma="避ける" pos="X">避ける</wf>
         <instance id="d000.s5609.t000" lemma="社交的" pos="ADJ">社交的</instance>
         <wf lemma="な" pos="X">な</wf>
         <wf lemma="人" pos="X">人</wf>
         <wf lemma="である" pos="X">である</wf>
         <wf lemma="." pos="X">.</wf>
      </sentence>
      <sentence id="d000.s5610" source="wordnet-japanese">
         <wf lemma="人" pos="X">人</wf>
         <wf lemma="は" pos="X">は</wf>
         <instance id="d000.s5610.t000" lemma="飛ぶ" pos="VERB">飛ぶ</instance>
         <wf lemma="こと" pos="X">こと</wf>
         <wf lemma="が" pos="X">が</wf>
         <wf lemma="でき" pos="X">でき</wf>
         <wf lemma="ない" pos="X">ない</wf>
         <wf lemma="." pos="X">.</wf>
      </sentence>
      <sentence id="d000.s5611" source="wordnet-japanese">
         <instance id="d000.s5611.t000" lemma="ユニーク" pos="ADJ">ユニーク</instance>
         <wf lemma="な" pos="X">な</wf>
         <wf lemma="アクセント" pos="X">アクセント</wf>
         <wf lemma="で" pos="X">で</wf>
         <wf lemma="しゃべっ" pos="X">しゃべっ</wf>
         <wf lemma="た" pos="X">た</wf>
         <wf lemma="." pos="X">.</wf>
      </sentence>
      <sentence id="d000.s5612" source="wordnet-japanese">
         <instance id="d000.s5612.t000" lemma="秘密" pos="ADJ">秘密</instance>
         <wf lemma="の" pos="X">の</wf>
         <wf lemma="結婚" pos="X">結婚</wf>
         <wf lemma="." pos="X">.</wf>
      </sentence>
      <sentence id="d000.s5613" source="wordnet-japanese">
         <wf lemma="権力" pos="X">権力</wf>
         <wf lemma="が" pos="X">が</wf>
         <instance id="d000.s5613.t000" lemma="無駄" pos="ADJ">無駄</instance>
         <wf lemma="に" pos="X">に</wf>
         <wf lemma="盛衰" pos="X">盛衰</wf>
         <wf lemma="する" pos="X">する</wf>
         <wf lemma="こと" pos="X">こと</wf>
         <wf lemma="." pos="X">.</wf>
      </sentence>
      <sentence id="d000.s5614" source="wordnet-japanese">
         <wf lemma="彼" pos="X">彼</wf>
         <wf lemma="は" pos="X">は</wf>
         <wf lemma="、" pos="X">、</wf>
         <wf lemma="4" pos="X">4</wf>
         <wf lemma="分" pos="X">分</wf>
         <wf lemma="の" pos="X">の</wf>
         <wf lemma="1" pos="X">1</wf>
         <wf lemma="を" pos="X">を</wf>
         <instance id="d000.s5614.t000" lemma="スロット" pos="NOUN">スロット</instance>
         <wf lemma="に" pos="X">に</wf>
         <wf lemma="つぎ込ん" pos="X">つぎ込ん</wf>
         <wf lemma="だ" pos="X">だ</wf>
         <wf lemma="." pos="X">.</wf>
      </sentence>
      <sentence id="d000.s5615" source="wordnet-japanese">
         <wf lemma="しかし" pos="X">しかし</wf>
         <wf lemma="、" pos="X">、</wf>
         <wf lemma="いつも" pos="X">いつも</wf>
         <wf lemma="スミス" pos="X">スミス</wf>
         <wf lemma="の" pos="X">の</wf>
         <wf lemma="有名" pos="X">有名</wf>
         <wf lemma="な" pos="X">な</wf>
         <instance id="d000.s5615.t000" lemma="例" pos="NOUN">例</instance>
         <wf lemma="が" pos="X">が</wf>
         <wf lemma="ある" pos="X">ある</wf>
         <wf lemma="." pos="X">.</wf>
      </sentence>
      <sentence id="d000.s5616" source="wordnet-japanese">
         <wf lemma="彼女" pos="X">彼女</wf>
         <wf lemma="は" pos="X">は</wf>
         <wf lemma="もう" pos="X">もう</wf>
         <wf lemma="1" pos="X">1</wf>
         <wf lemma="年" pos="X">年</wf>
         <wf lemma="、" pos="X">、</wf>
         <wf lemma="助役" pos="X">助役</wf>
         <wf lemma="と" pos="X">と</wf>
         <wf lemma="し" pos="X">し</wf>
         <wf lemma="て" pos="X">て</wf>
         <instance id="d000.s5616.t000" lemma="留まる" pos="VERB">留まっ</instance>
         <wf lemma="た" pos="X">た</wf>
         <wf lemma="." pos="X">.</wf>
      </sentence>
      <sentence id="d000.s5617" source="wordnet-japanese">
         <wf lemma="錬金術師" pos="X">錬金術師</wf>
         <wf lemma="は" pos="X">は</wf>
         <wf lemma="4" pos="X">4</wf>
         <wf lemma="つ" pos="X">つ</wf>
         <wf lemma="の" pos="X">の</wf>
         <instance id="d000.s5617.t000" lemma="元素" pos="NOUN">元素</instance>
         <wf lemma="が" pos="X">が</wf>
         <wf lemma="ある" pos="X">ある</wf>
         <wf lemma="と" pos="X">と</wf>
         <wf lemma="信じ" pos="X">信じ</wf>
         <wf lemma="て" pos="X">て</wf>
         <wf lemma="い" pos="X">い</wf>
         <wf lemma="た" pos="X">た</wf>
         <wf lemma="." pos="X">.</wf>
      </sentence>
      <sentence id="d000.s5618" source="wordnet-japanese">
         <wf lemma="カトリック" pos="X">カトリック</wf>
         <wf lemma="信仰" pos="X">信仰</wf>
         <wf lemma="へ" pos="X">へ</wf>
         <wf lemma="の" pos="X">の</wf>
         <wf lemma="彼" pos="X">彼</wf>
         <wf lemma="の" pos="X">の</wf>
         <instance id="d000.s5618.t000" lemma="改宗" pos="NOUN">改宗</instance>
         <wf lemma="." pos="X">.</wf>
      </sentence>
      <sentence id="d000.s5619" source="wordnet-japanese">
         <instance id="d000.s5619.t000" lemma="国家" pos="NOUN">国家</instance>
         <wf lemma="は" pos="X">は</wf>
         <wf lemma="新しい" pos="X">新しい</wf>
         <wf lemma="大統領" pos="X">大統領</wf>
         <wf lemma="を" pos="X">を</wf>
         <wf lemma="選出" pos="X">選出</wf>
         <wf lemma="し" pos="X">し</wf>
         <wf lemma="た" pos="X">た</wf>
         <wf lemma="." pos="X">.</wf>
      </sentence>
      <sentence id="d000.s5620" source="wordnet-japanese">
         <wf lemma="涙" pos="X">涙</wf>
         <wf lemma="を" pos="X">を</wf>
         <instance id="d000.s5620.t000" lemma="流す" pos="VERB">流す</instance>
         <wf lemma="." pos="X">.</wf>
      </sentence>
      <sentence id="d000.s5621" source="wordnet-japanese">
         <instance id="d000.s5621.t000" lemma="間接的" pos="ADJ">間接的</instance>
         <wf lemma="な" pos="X">な</wf>
         <wf lemma="利点" pos="X">利点</wf>
         <wf lemma="." pos="X">.</wf>
      </sentence>
      <sentence id="d000.s5622" source="wordnet-japanese">
         <wf lemma="彼" pos="X">彼</wf>
         <wf lemma="は" pos="X">は</wf>
         <instance id="d000.s5622.t000" lemma="屈辱" pos="NOUN">屈辱</instance>
         <wf lemma="を" pos="X">を</wf>
         <wf lemma="次々" pos="X">次々</wf>
         <wf lemma="に" pos="X">に</wf>
         <wf lemma="経験" pos="X">経験</wf>
         <wf lemma="し" pos="X">し</wf>
         <wf lemma="なければ" pos="X">なければ</wf>
         <wf lemma="なら" pos="X">なら</wf>
         <wf lemma="なかっ" pos="X">なかっ</wf>
         <wf lemma="た" pos="X">た</wf>
         <wf lemma="." pos="X">.</wf>
      </sentence>
      <sentence id="d000.s5623" source="wordnet-japanese">
         <wf lemma="ジャーナリスト" pos="X">ジャーナリスト</wf>
         <wf lemma="は" pos="X">は</wf>
         <wf lemma="事実" pos="X">事実</wf>
         <wf lemma="の" pos="X">の</wf>
         <instance id="d000.s5623.t000" lemma="冷静" pos="ADJ">冷静</instance>
         <wf lemma="な" pos="X">な</wf>
         <wf lemma="レポーター" pos="X">レポーター</wf>
         <wf lemma="である" pos="X">である</wf>
         <wf lemma="べき" pos="X">べき</wf>
         <wf lemma="である" pos="X">である</wf>
         <wf lemma="." pos="X">.</wf>
      </sentence>
      <sentence id="d000.s5624" source="wordnet-japanese">
         <wf lemma="その" pos="X">その</wf>
         <instance id="d000.s5624.t000" lemma="結果" pos="NOUN">結果</instance>
         <wf lemma="は" pos="X">は</wf>
         <wf lemma="重要" pos="X">重要</wf>
         <wf lemma="で" pos="X">で</wf>
         <wf lemma="ない" pos="X">ない</wf>
         <wf lemma="." pos="X">.</wf>
      </sentence>
      <sentence id="d000.s5625" source="wordnet-japanese">
         <wf lemma="一定" pos="X">一定</wf>
         <wf lemma="の" pos="X">の</wf>
         <wf lemma="温度" pos="X">温度</wf>
         <wf lemma="で" pos="X">で</wf>
         <wf lemma="の" pos="X">の</wf>
         <instance id="d000.s5625.t000" lemma="黒体" pos="NOUN">黒体</instance>
         <wf lemma="は" pos="X">は</wf>
         <wf lemma="、" pos="X">、</wf>
         <wf lemma="放射線" pos="X">放射線</wf>
         <wf lemma="が" pos="X">が</wf>
         <wf lemma="平衡" pos="X">平衡</wf>
         <wf lemma="で" pos="X">で</wf>
         <wf lemma="なければ" pos="X">なければ</wf>
         <wf lemma="なら" pos="X">なら</wf>
         <wf lemma="ない" pos="X">ない</wf>
         <wf lemma="レベル" pos="X">レベル</wf>
         <wf lemma="に" pos="X">に</wf>
         <wf lemma="達する" pos="X">達する</wf>
         <wf lemma="ため" pos="X">ため</wf>
         <wf lemma="に" pos="X">に</wf>
         <wf lemma="、" pos="X">、</wf>
         <wf lemma="その" pos="X">その</wf>
         <wf lemma="温度" pos="X">温度</wf>
         <wf lemma="で" pos="X">で</wf>
         <wf lemma="の" pos="X">の</wf>
         <wf lemma="完全" pos="X">完全</wf>
         <wf lemma="放射体" pos="X">放射体</wf>
         <wf lemma="である" pos="X">である</wf>
         <wf lemma="." pos="X">.</wf>
      </sentence>
      <sentence id="d000.s5626" source="wordnet-japanese">
         <wf lemma="水泳" pos="X">水泳</wf>
         <wf lemma="プール" pos="X">プール</wf>
         <wf lemma="の" pos="X">の</wf>
         <wf lemma="近く" pos="X">近く</wf>
         <wf lemma="で" pos="X">で</wf>
         <wf lemma="彼" pos="X">彼</wf>
         <wf lemma="は" pos="X">は</wf>
         <instance id="d000.s5626.t000" lemma="休息" pos="NOUN">休息</instance>
         <wf lemma="を" pos="X">を</wf>
         <wf lemma="取っ" pos="X">取っ</wf>
         <wf lemma="た" pos="X">た</wf>
         <wf lemma="." pos="X">.</wf>
      </sentence>
      <sentence id="d000.s5627" source="wordnet-japanese">
         <wf lemma="皆" pos="X">皆</wf>
         <wf lemma="が" pos="X">が</wf>
         <wf lemma="二日" pos="X">二日</wf>
         <wf lemma="酔い" pos="X">酔い</wf>
         <wf lemma="だっ" pos="X">だっ</wf>
         <wf lemma="た" pos="X">た</wf>
         <wf lemma="ので" pos="X">ので</wf>
         <wf lemma="、" pos="X">、</wf>
         <wf lemma="新年" pos="X">新年</wf>
         <wf lemma="に" pos="X">に</wf>
         <instance id="d000.s5627.t000" lemma="休日" pos="NOUN">休日</instance>
         <wf lemma="で" pos="X">で</wf>
         <wf lemma="あっ" pos="X">あっ</wf>
         <wf lemma="た" pos="X">た</wf>
         <wf lemma="こと" pos="X">こと</wf>
         <wf lemma="は" pos="X">は</wf>
         <wf lemma="良い" pos="X">良い</wf>
         <wf lemma="こと" pos="X">こと</wf>
         <wf lemma="だ" pos="X">だ</wf>
         <wf lemma="." pos="X">.</wf>
      </sentence>
      <sentence id="d000.s5628" source="wordnet-japanese">
         <instance id="d000.s5628.t000" lemma="化学的" pos="ADV">化学的</instance>
         <wf lemma="に" pos="X">に</wf>
         <wf lemma="関連" pos="X">関連</wf>
         <wf lemma="が" pos="X">が</wf>
         <wf lemma="ある" pos="X">ある</wf>
         <wf lemma="." pos="X">.</wf>
      </sentence>
      <sentence id="d000.s5629" source="wordnet-japanese">
         <wf lemma="美しい" pos="X">美しい</wf>
         <wf lemma="音楽" pos="X">音楽</wf>
         <wf lemma="の" pos="X">の</wf>
         <instance id="d000.s5629.t000" lemma="響き" pos="NOUN">響き</instance>
         <wf lemma="." pos="X">.</wf>
      </sentence>
      <sentence id="d000.s5630" source="wordnet-japanese">
         <instance id="d000.s5630.t000" lemma="深い" pos="ADJ">深い</instance>
         <wf lemma="洞察力" pos="X">洞察力</wf>
         <wf lemma="." pos="X">.</wf>
      </sentence>
      <sentence id="d000.s5631" source="wordnet-japanese">
         <wf lemma="政治" pos="X">政治</wf>
         <wf lemma="上" pos="X">上</wf>
         <wf lemma="の" pos="X">の</wf>
         <instance id="d000.s5631.t000" lemma="疲労" pos="NOUN">疲労</instance>
         <wf lemma="." pos="X">.</wf>
      </sentence>
      <sentence id="d000.s5632" source="wordnet-japanese">
         <wf lemma="時" pos="X">時</wf>
         <wf lemma="の" pos="X">の</wf>
         <wf lemma="試練" pos="X">試練</wf>
         <wf lemma="に" pos="X">に</wf>
         <instance id="d000.s5632.t000" lemma="耐える" pos="VERB">耐える</instance>
         <wf lemma="、" pos="X">、</wf>
         <wf lemma="時間" pos="X">時間</wf>
         <wf lemma="を" pos="X">を</wf>
         <wf lemma="かけ" pos="X">かけ</wf>
         <wf lemma="て" pos="X">て</wf>
         <wf lemma="証明" pos="X">証明</wf>
         <wf lemma="さ" pos="X">さ</wf>
         <wf lemma="れ" pos="X">れ</wf>
         <wf lemma="て" pos="X">て</wf>
         <wf lemma="いる" pos="X">いる</wf>
         <wf lemma="、" pos="X">、</wf>
         <wf lemma="長く" pos="X">長く</wf>
         <wf lemma="記憶" pos="X">記憶</wf>
         <wf lemma="に" pos="X">に</wf>
         <wf lemma="とどまる" pos="X">とどまる</wf>
         <wf lemma="." pos="X">.</wf>
      </sentence>
      <sentence id="d000.s5633" source="wordnet-japanese">
         <wf lemma="結果" pos="X">結果</wf>
         <wf lemma="に関し" pos="X">に関し</wf>
         <instance id="d000.s5633.t000" lemma="心配" pos="ADJ">心配</instance>
         <wf lemma="し" pos="X">し</wf>
         <wf lemma="た" pos="X">た</wf>
         <wf lemma="." pos="X">.</wf>
      </sentence>
      <sentence id="d000.s5634" source="wordnet-japanese">
         <wf lemma="彼女" pos="X">彼女</wf>
         <wf lemma="は" pos="X">は</wf>
         <wf lemma="メッセージ" pos="X">メッセージ</wf>
         <wf lemma="を" pos="X">を</wf>
         <wf lemma="私" pos="X">私</wf>
         <wf lemma="に" pos="X">に</wf>
         <instance id="d000.s5634.t000" lemma="伝える" pos="VERB">伝え</instance>
         <wf lemma="た" pos="X">た</wf>
         <wf lemma="." pos="X">.</wf>
      </sentence>
      <sentence id="d000.s5635" source="wordnet-japanese">
         <wf lemma="2" pos="X">2</wf>
         <wf lemma="つ" pos="X">つ</wf>
         <wf lemma="の" pos="X">の</wf>
         <wf lemma="検査" pos="X">検査</wf>
         <wf lemma="の" pos="X">の</wf>
         <wf lemma="結果" pos="X">結果</wf>
         <wf lemma="は" pos="X">は</wf>
         <instance id="d000.s5635.t000" lemma="一致" pos="NOUN">一致</instance>
         <wf lemma="を" pos="X">を</wf>
         <wf lemma="見" pos="X">見</wf>
         <wf lemma="た" pos="X">た</wf>
         <wf lemma="." pos="X">.</wf>
      </sentence>
      <sentence id="d000.s5636" source="wordnet-japanese">
         <instance id="d000.s5636.t000" lemma="速記" pos="NOUN">速記</instance>
         <wf lemma="は" pos="X">は</wf>
         <wf lemma="もはや" pos="X">もはや</wf>
         <wf lemma="市場" pos="X">市場</wf>
         <wf lemma="価値" pos="X">価値</wf>
         <wf lemma="の" pos="X">の</wf>
         <wf lemma="ある" pos="X">ある</wf>
         <wf lemma="技能" pos="X">技能</wf>
         <wf lemma="で" pos="X">で</wf>
         <wf lemma="は" pos="X">は</wf>
         <wf lemma="ない" pos="X">ない</wf>
         <wf lemma="." pos="X">.</wf>
      </sentence>
      <sentence id="d000.s5637" source="wordnet-japanese">
         <wf lemma="彼" pos="X">彼</wf>
         <wf lemma="は" pos="X">は</wf>
         <wf lemma="報酬" pos="X">報酬</wf>
         <wf lemma="の" pos="X">の</wf>
         <wf lemma="こと" pos="X">こと</wf>
         <wf lemma="は" pos="X">は</wf>
         <wf lemma="わかっ" pos="X">わかっ</wf>
         <wf lemma="て" pos="X">て</wf>
         <wf lemma="い" pos="X">い</wf>
         <wf lemma="た" pos="X">た</wf>
         <wf lemma="が" pos="X">が</wf>
         <wf lemma="、" pos="X">、</wf>
         <wf lemma="犯罪" pos="X">犯罪</wf>
         <wf lemma="の" pos="X">の</wf>
         <instance id="d000.s5637.t000" lemma="危険" pos="NOUN">危険</instance>
         <wf lemma="は" pos="X">は</wf>
         <wf lemma="わかっ" pos="X">わかっ</wf>
         <wf lemma="て" pos="X">て</wf>
         <wf lemma="い" pos="X">い</wf>
         <wf lemma="なかっ" pos="X">なかっ</wf>
         <wf lemma="た" pos="X">た</wf>
         <wf lemma="." pos="X">.</wf>
      </sentence>
      <sentence id="d000.s5638" source="wordnet-japanese">
         <wf lemma="煙" pos="X">煙</wf>
         <wf lemma="の" pos="X">の</wf>
         <instance id="d000.s5638.t000" lemma="壁" pos="NOUN">壁</instance>
         <wf lemma="." pos="X">.</wf>
      </sentence>
      <sentence id="d000.s5639" source="wordnet-japanese">
         <instance id="d000.s5639.t000" lemma="活発" pos="ADJ">活発</instance>
         <wf lemma="な" pos="X">な</wf>
         <wf lemma="議論" pos="X">議論</wf>
         <wf lemma="." pos="X">.</wf>
      </sentence>
      <sentence id="d000.s5640" source="wordnet-japanese">
         <wf lemma="純真" pos="X">純真</wf>
         <wf lemma="および" pos="X">および</wf>
         <wf lemma="良識" pos="X">良識</wf>
         <wf lemma="が" pos="X">が</wf>
         <wf lemma="致命的" pos="X">致命的</wf>
         <wf lemma="で" pos="X">で</wf>
         <wf lemma="ある" pos="X">ある</wf>
         <wf lemma="と" pos="X">と</wf>
         <wf lemma="立証" pos="X">立証</wf>
         <wf lemma="できる" pos="X">できる</wf>
         <wf lemma="、" pos="X">、</wf>
         <instance id="d000.s5640.t000" lemma="捕食性" pos="ADJ">捕食性</instance>
         <wf lemma="、" pos="X">、</wf>
         <wf lemma="無感覚" pos="X">無感覚</wf>
         <wf lemma="な" pos="X">な</wf>
         <wf lemma="社会" pos="X">社会</wf>
         <wf lemma="−" pos="X">−</wf>
         <wf lemma="ピーター" pos="X">ピーター</wf>
         <wf lemma="・" pos="X">・</wf>
         <wf lemma="S" pos="X">S</wf>
         <wf lemma="・" pos="X">・</wf>
         <wf lemma="プレスコット" pos="X">プレスコット</wf>
         <wf lemma="." pos="X">.</wf>
      </sentence>
      <sentence id="d000.s5641" source="wordnet-japanese">
         <wf lemma="タンパク" pos="X">タンパク</wf>
         <wf lemma="質" pos="X">質</wf>
         <wf lemma="の" pos="X">の</wf>
         <instance id="d000.s5641.t000" lemma="折り畳み" pos="NOUN">折り畳み</instance>
         <wf lemma="を" pos="X">を</wf>
         <wf lemma="理解" pos="X">理解</wf>
         <wf lemma="する" pos="X">する</wf>
         <wf lemma="こと" pos="X">こと</wf>
         <wf lemma="は" pos="X">は</wf>
         <wf lemma="、" pos="X">、</wf>
         <wf lemma="遺伝" pos="X">遺伝</wf>
         <wf lemma="コード" pos="X">コード</wf>
         <wf lemma="の" pos="X">の</wf>
         <wf lemma="解読" pos="X">解読</wf>
         <wf lemma="において" pos="X">において</wf>
         <wf lemma="次" pos="X">次</wf>
         <wf lemma="の" pos="X">の</wf>
         <wf lemma="ステップ" pos="X">ステップ</wf>
         <wf lemma="と" pos="X">と</wf>
         <wf lemma="なる" pos="X">なる</wf>
         <wf lemma="." pos="X">.</wf>
      </sentence>
      <sentence id="d000.s5642" source="wordnet-japanese">
         <wf lemma="反芻動物" pos="X">反芻動物</wf>
         <wf lemma="に" pos="X">に</wf>
         <wf lemma="驚く" pos="X">驚く</wf>
         <wf lemma="べき" pos="X">べき</wf>
         <instance id="d000.s5642.t000" lemma="反芻" pos="NOUN">反芻</instance>
         <wf lemma="の" pos="X">の</wf>
         <wf lemma="力" pos="X">力</wf>
         <wf lemma="が" pos="X">が</wf>
         <wf lemma="ある" pos="X">ある</wf>
         <wf lemma="." pos="X">.</wf>
      </sentence>
      <sentence id="d000.s5643" source="wordnet-japanese">
         <wf lemma="彼女" pos="X">彼女</wf>
         <wf lemma="の" pos="X">の</wf>
         <wf lemma="声" pos="X">声</wf>
         <wf lemma="の" pos="X">の</wf>
         <instance id="d000.s5643.t000" lemma="小ささ" pos="NOUN">小ささ</instance>
         <wf lemma="." pos="X">.</wf>
      </sentence>
      <sentence id="d000.s5644" source="wordnet-japanese">
         <wf lemma="その" pos="X">その</wf>
         <wf lemma="支配" pos="X">支配</wf>
         <wf lemma="の" pos="X">の</wf>
         <wf lemma="下" pos="X">下</wf>
         <wf lemma="で" pos="X">で</wf>
         <wf lemma="は" pos="X">は</wf>
         <wf lemma="国" pos="X">国</wf>
         <wf lemma="が" pos="X">が</wf>
         <wf lemma="衰弱" pos="X">衰弱</wf>
         <wf lemma="し" pos="X">し</wf>
         <wf lemma="た" pos="X">た</wf>
         <instance id="d000.s5644.t000" lemma="怠惰" pos="ADJ">怠惰</instance>
         <wf lemma="な" pos="X">な</wf>
         <wf lemma="王" pos="X">王</wf>
         <wf lemma="." pos="X">.</wf>
      </sentence>
      <sentence id="d000.s5645" source="wordnet-japanese">
         <instance id="d000.s5645.t000" lemma="十分" pos="ADJ">十分</instance>
         <wf lemma="な" pos="X">な</wf>
         <wf lemma="規模" pos="X">規模</wf>
         <wf lemma="の" pos="X">の</wf>
         <wf lemma="." pos="X">.</wf>
      </sentence>
      <sentence id="d000.s5646" source="wordnet-japanese">
         <wf lemma="感情" pos="X">感情</wf>
         <wf lemma="を" pos="X">を</wf>
         <instance id="d000.s5646.t000" lemma="抑える" pos="VERB">抑える</instance>
         <wf lemma="." pos="X">.</wf>
      </sentence>
      <sentence id="d000.s5647" source="wordnet-japanese">
         <wf lemma="そのよう" pos="X">そのよう</wf>
         <wf lemma="な" pos="X">な</wf>
         <instance id="d000.s5647.t000" lemma="状況" pos="NOUN">状況</instance>
         <wf lemma="が" pos="X">が</wf>
         <wf lemma="どのよう" pos="X">どのよう</wf>
         <wf lemma="に" pos="X">に</wf>
         <wf lemma="起こっ" pos="X">起こっ</wf>
         <wf lemma="たか" pos="X">たか</wf>
         <wf lemma="について" pos="X">について</wf>
         <wf lemma="疑問" pos="X">疑問</wf>
         <wf lemma="に" pos="X">に</wf>
         <wf lemma="思っ" pos="X">思っ</wf>
         <wf lemma="た" pos="X">た</wf>
         <wf lemma="." pos="X">.</wf>
      </sentence>
      <sentence id="d000.s5648" source="wordnet-japanese">
         <wf lemma="ソナタ" pos="X">ソナタ</wf>
         <wf lemma="の" pos="X">の</wf>
         <wf lemma="主旋律" pos="X">主旋律</wf>
         <wf lemma="の" pos="X">の</wf>
         <instance id="d000.s5648.t000" lemma="提示" pos="NOUN">提示</instance>
         <wf lemma="." pos="X">.</wf>
      </sentence>
      <sentence id="d000.s5649" source="wordnet-japanese">
         <wf lemma="彼ら" pos="X">彼ら</wf>
         <wf lemma="は" pos="X">は</wf>
         <wf lemma="熱気球" pos="X">熱気球</wf>
         <wf lemma="の" pos="X">の</wf>
         <instance id="d000.s5649.t000" lemma="上昇" pos="NOUN">上昇</instance>
         <wf lemma="に" pos="X">に</wf>
         <wf lemma="声援" pos="X">声援</wf>
         <wf lemma="を" pos="X">を</wf>
         <wf lemma="あげ" pos="X">あげ</wf>
         <wf lemma="た" pos="X">た</wf>
         <wf lemma="." pos="X">.</wf>
      </sentence>
      <sentence id="d000.s5650" source="wordnet-japanese">
         <instance id="d000.s5650.t000" lemma="熱狂的" pos="ADJ">熱狂的</instance>
         <wf lemma="な" pos="X">な</wf>
         <wf lemma="スピーチ" pos="X">スピーチ</wf>
         <wf lemma="." pos="X">.</wf>
      </sentence>
      <sentence id="d000.s5651" source="wordnet-japanese">
         <wf lemma="彼" pos="X">彼</wf>
         <wf lemma="の" pos="X">の</wf>
         <wf lemma="身長" pos="X">身長</wf>
         <wf lemma="は" pos="X">は</wf>
         <wf lemma="6" pos="X">6</wf>
         <instance id="d000.s5651.t000" lemma="フィート" pos="NOUN">フィート</instance>
         <wf lemma="だ" pos="X">だ</wf>
         <wf lemma="." pos="X">.</wf>
      </sentence>
      <sentence id="d000.s5652" source="wordnet-japanese">
         <wf lemma="彼" pos="X">彼</wf>
         <wf lemma="は" pos="X">は</wf>
         <wf lemma="、" pos="X">、</wf>
         <wf lemma="ウィリアムズ" pos="X">ウィリアムズ</wf>
         <wf lemma="の" pos="X">の</wf>
         <instance id="d000.s5652.t000" lemma="ヒット" pos="NOUN">ヒット</instance>
         <wf lemma="の" pos="X">の</wf>
         <wf lemma="ため" pos="X">ため</wf>
         <wf lemma="に" pos="X">に</wf>
         <wf lemma="はるばる" pos="X">はるばる</wf>
         <wf lemma="やっ" pos="X">やっ</wf>
         <wf lemma="て" pos="X">て</wf>
         <wf lemma="き" pos="X">き</wf>
         <wf lemma="た" pos="X">た</wf>
         <wf lemma="." pos="X">.</wf>
      </sentence>
      <sentence id="d000.s5653" source="wordnet-japanese">
         <wf lemma="彼" pos="X">彼</wf>
         <wf lemma="は" pos="X">は</wf>
         <wf lemma="粘着性" pos="X">粘着性</wf>
         <wf lemma="の" pos="X">の</wf>
         <wf lemma="低い" pos="X">低い</wf>
         <instance id="d000.s5653.t000" lemma="粒" pos="NOUN">粒</instance>
         <wf lemma="の" pos="X">の</wf>
         <wf lemma="形" pos="X">形</wf>
         <wf lemma="の" pos="X">の</wf>
         <wf lemma="研究" pos="X">研究</wf>
         <wf lemma="を" pos="X">を</wf>
         <wf lemma="し" pos="X">し</wf>
         <wf lemma="た" pos="X">た</wf>
         <wf lemma="." pos="X">.</wf>
      </sentence>
      <sentence id="d000.s5654" source="wordnet-japanese">
         <instance id="d000.s5654.t000" lemma="明るい" pos="ADJ">明るい</instance>
         <wf lemma="太陽" pos="X">太陽</wf>
         <wf lemma="に" pos="X">に</wf>
         <wf lemma="照らさ" pos="X">照らさ</wf>
         <wf lemma="れ" pos="X">れ</wf>
         <wf lemma="た" pos="X">た</wf>
         <wf lemma="部屋" pos="X">部屋</wf>
         <wf lemma="." pos="X">.</wf>
      </sentence>
      <sentence id="d000.s5655" source="wordnet-japanese">
         <wf lemma="10" pos="X">10</wf>
         <wf lemma="を" pos="X">を</wf>
         <wf lemma="15" pos="X">15</wf>
         <wf lemma="に" pos="X">に</wf>
         <instance id="d000.s5655.t000" lemma="掛ける" pos="VERB">掛け</instance>
         <wf lemma="て" pos="X">て</wf>
         <wf lemma="ください" pos="X">ください</wf>
         <wf lemma="." pos="X">.</wf>
      </sentence>
      <sentence id="d000.s5656" source="wordnet-japanese">
         <instance id="d000.s5656.t000" lemma="無作為" pos="ADJ">無作為</instance>
         <wf lemma="の" pos="X">の</wf>
         <wf lemma="動き" pos="X">動き</wf>
         <wf lemma="." pos="X">.</wf>
      </sentence>
      <sentence id="d000.s5657" source="wordnet-japanese">
         <wf lemma="片目" pos="X">片目</wf>
         <wf lemma="を" pos="X">を</wf>
         <wf lemma="閉じ" pos="X">閉じ</wf>
         <wf lemma="て" pos="X">て</wf>
         <wf lemma="いる" pos="X">いる</wf>
         <wf lemma="とき" pos="X">とき</wf>
         <wf lemma="、" pos="X">、</wf>
         <instance id="d000.s5657.t000" lemma="複視" pos="NOUN">複視</instance>
         <wf lemma="は" pos="X">は</wf>
         <wf lemma="しばしば" pos="X">しばしば</wf>
         <wf lemma="起こら" pos="X">起こら</wf>
         <wf lemma="なく" pos="X">なく</wf>
         <wf lemma="なる" pos="X">なる</wf>
         <wf lemma="." pos="X">.</wf>
      </sentence>
      <sentence id="d000.s5658" source="wordnet-japanese">
         <wf lemma="心配事" pos="X">心配事</wf>
         <wf lemma="から" pos="X">から</wf>
         <wf lemma="の" pos="X">の</wf>
         <wf lemma="彼" pos="X">彼</wf>
         <wf lemma="の" pos="X">の</wf>
         <instance id="d000.s5658.t000" lemma="逃げ道" pos="NOUN">逃げ道</instance>
         <wf lemma="は" pos="X">は</wf>
         <wf lemma="重" pos="X">重</wf>
         <wf lemma="労働" pos="X">労働</wf>
         <wf lemma="する" pos="X">する</wf>
         <wf lemma="こと" pos="X">こと</wf>
         <wf lemma="だっ" pos="X">だっ</wf>
         <wf lemma="た" pos="X">た</wf>
         <wf lemma="." pos="X">.</wf>
      </sentence>
      <sentence id="d000.s5659" source="wordnet-japanese">
         <instance id="d000.s5659.t000" lemma="濃い" pos="ADJ">濃い</instance>
         <wf lemma="紫色" pos="X">紫色</wf>
         <wf lemma="." pos="X">.</wf>
      </sentence>
      <sentence id="d000.s5660" source="wordnet-japanese">
         <instance id="d000.s5660.t000" lemma="飲み干す" pos="VERB">飲み干し</instance>
         <wf lemma="なさい" pos="X">なさい</wf>
         <wf lemma="−" pos="X">−</wf>
         <wf lemma="−" pos="X">−</wf>
         <wf lemma="もっと" pos="X">もっと</wf>
         <wf lemma="ワイン" pos="X">ワイン</wf>
         <wf lemma="が" pos="X">が</wf>
         <wf lemma="き" pos="X">き</wf>
         <wf lemma="ます" pos="X">ます</wf>
         <wf lemma="." pos="X">.</wf>
      </sentence>
      <sentence id="d000.s5661" source="wordnet-japanese">
         <wf lemma="高い" pos="X">高い</wf>
         <instance id="d000.s5661.t000" lemma="レベル" pos="NOUN">レベル</instance>
         <wf lemma="の" pos="X">の</wf>
         <wf lemma="ケア" pos="X">ケア</wf>
         <wf lemma="が" pos="X">が</wf>
         <wf lemma="必要" pos="X">必要</wf>
         <wf lemma="で" pos="X">で</wf>
         <wf lemma="ある" pos="X">ある</wf>
         <wf lemma="." pos="X">.</wf>
      </sentence>
      <sentence id="d000.s5662" source="wordnet-japanese">
         <wf lemma="オリジナル" pos="X">オリジナル</wf>
         <wf lemma="と" pos="X">と</wf>
         <instance id="d000.s5662.t000" lemma="全般的" pos="ADJ">全般的</instance>
         <wf lemma="に" pos="X">に</wf>
         <wf lemma="類似" pos="X">類似</wf>
         <wf lemma="し" pos="X">し</wf>
         <wf lemma="て" pos="X">て</wf>
         <wf lemma="いる" pos="X">いる</wf>
         <wf lemma="もの" pos="X">もの</wf>
         <wf lemma="を" pos="X">を</wf>
         <wf lemma="作り出す" pos="X">作り出す</wf>
         <wf lemma="." pos="X">.</wf>
      </sentence>
      <sentence id="d000.s5663" source="wordnet-japanese">
         <instance id="d000.s5663.t000" lemma="白い" pos="ADJ">白い</instance>
         <wf lemma="炎" pos="X">炎</wf>
         <wf lemma="." pos="X">.</wf>
      </sentence>
      <sentence id="d000.s5664" source="wordnet-japanese">
         <wf lemma="彼" pos="X">彼</wf>
         <wf lemma="は" pos="X">は</wf>
         <instance id="d000.s5664.t000" lemma="同じ" pos="ADV">同じ</instance>
         <wf lemma="ような" pos="X">ような</wf>
         <wf lemma="類似" pos="X">類似</wf>
         <wf lemma="の" pos="X">の</wf>
         <wf lemma="もの" pos="X">もの</wf>
         <wf lemma="を" pos="X">を</wf>
         <wf lemma="装着" pos="X">装着</wf>
         <wf lemma="し" pos="X">し</wf>
         <wf lemma="て" pos="X">て</wf>
         <wf lemma="いる" pos="X">いる</wf>
         <wf lemma="." pos="X">.</wf>
      </sentence>
      <sentence id="d000.s5665" source="wordnet-japanese">
         <wf lemma="彼女" pos="X">彼女</wf>
         <wf lemma="は" pos="X">は</wf>
         <wf lemma="夫" pos="X">夫</wf>
         <wf lemma="を" pos="X">を</wf>
         <instance id="d000.s5665.t000" lemma="裏切る" pos="VERB">裏切っ</instance>
         <wf lemma="た" pos="X">た</wf>
         <wf lemma="." pos="X">.</wf>
      </sentence>
      <sentence id="d000.s5666" source="wordnet-japanese">
         <wf lemma="その" pos="X">その</wf>
         <wf lemma="提案" pos="X">提案</wf>
         <wf lemma="は" pos="X">は</wf>
         <instance id="d000.s5666.t000" lemma="歓迎" pos="NOUN">歓迎</instance>
         <wf lemma="の" pos="X">の</wf>
         <wf lemma="挨拶" pos="X">挨拶</wf>
         <wf lemma="を" pos="X">を</wf>
         <wf lemma="受け" pos="X">受け</wf>
         <wf lemma="た" pos="X">た</wf>
         <wf lemma="." pos="X">.</wf>
      </sentence>
      <sentence id="d000.s5667" source="wordnet-japanese">
         <wf lemma="望遠鏡" pos="X">望遠鏡</wf>
         <wf lemma="の" pos="X">の</wf>
         <instance id="d000.s5667.t000" lemma="光学" pos="NOUN">光学</instance>
         <wf lemma="." pos="X">.</wf>
      </sentence>
      <sentence id="d000.s5668" source="wordnet-japanese">
         <wf lemma="彼女" pos="X">彼女</wf>
         <wf lemma="は" pos="X">は</wf>
         <wf lemma="新しい" pos="X">新しい</wf>
         <wf lemma="才能" pos="X">才能</wf>
         <wf lemma="に対する" pos="X">に対する</wf>
         <instance id="d000.s5668.t000" lemma="眼識" pos="NOUN">眼識</instance>
         <wf lemma="が" pos="X">が</wf>
         <wf lemma="ある" pos="X">ある</wf>
         <wf lemma="." pos="X">.</wf>
      </sentence>
      <sentence id="d000.s5669" source="wordnet-japanese">
         <wf lemma="両方" pos="X">両方</wf>
         <wf lemma="を" pos="X">を</wf>
         <instance id="d000.s5669.t000" lemma="去勢" pos="NOUN">去勢</instance>
         <wf lemma="する" pos="X">する</wf>
         <wf lemma="と" pos="X">と</wf>
         <wf lemma="不妊" pos="X">不妊</wf>
         <wf lemma="と" pos="X">と</wf>
         <wf lemma="なる" pos="X">なる</wf>
         <wf lemma="." pos="X">.</wf>
      </sentence>
      <sentence id="d000.s5670" source="wordnet-japanese">
         <wf lemma="彼ら" pos="X">彼ら</wf>
         <wf lemma="の" pos="X">の</wf>
         <wf lemma="努力" pos="X">努力</wf>
         <wf lemma="は" pos="X">は</wf>
         <instance id="d000.s5670.t000" lemma="哀れ" pos="ADJ">哀れ</instance>
         <wf lemma="だっ" pos="X">だっ</wf>
         <wf lemma="た" pos="X">た</wf>
         <wf lemma="." pos="X">.</wf>
      </sentence>
      <sentence id="d000.s5671" source="wordnet-japanese">
         <wf lemma="アパラチア" pos="X">アパラチア</wf>
         <wf lemma="山脈" pos="X">山脈</wf>
         <wf lemma="の" pos="X">の</wf>
         <wf lemma="山" pos="X">山</wf>
         <wf lemma="の" pos="X">の</wf>
         <instance id="d000.s5671.t000" lemma="原始的" pos="ADJ">原始的</instance>
         <wf lemma="な" pos="X">な</wf>
         <wf lemma="生活" pos="X">生活</wf>
         <wf lemma="状態" pos="X">状態</wf>
         <wf lemma="." pos="X">.</wf>
      </sentence>
      <sentence id="d000.s5672" source="wordnet-japanese">
         <instance id="d000.s5672.t000" lemma="騒々しい" pos="ADJ">騒々しく</instance>
         <wf lemma="て" pos="X">て</wf>
         <wf lemma="手" pos="X">手</wf>
         <wf lemma="に" pos="X">に</wf>
         <wf lemma="負え" pos="X">負え</wf>
         <wf lemma="なく" pos="X">なく</wf>
         <wf lemma="なっ" pos="X">なっ</wf>
         <wf lemma="た" pos="X">た</wf>
         <wf lemma="社" pos="X">社</wf>
         <wf lemma="交集会" pos="X">交集会</wf>
         <wf lemma="." pos="X">.</wf>
      </sentence>
      <sentence id="d000.s5673" source="wordnet-japanese">
         <wf lemma="オーストラリア" pos="X">オーストラリア</wf>
         <instance id="d000.s5673.t000" lemma="固有" pos="ADJ">固有</instance>
         <wf lemma="の" pos="X">の</wf>
         <wf lemma="動物" pos="X">動物</wf>
         <wf lemma="相" pos="X">相</wf>
         <wf lemma="は" pos="X">は</wf>
         <wf lemma="、" pos="X">、</wf>
         <wf lemma="カンガルー" pos="X">カンガルー</wf>
         <wf lemma="を" pos="X">を</wf>
         <wf lemma="含む" pos="X">含む</wf>
         <wf lemma="." pos="X">.</wf>
      </sentence>
      <sentence id="d000.s5674" source="wordnet-japanese">
         <wf lemma="７" pos="X">７</wf>
         <wf lemma="頭" pos="X">頭</wf>
         <wf lemma="で" pos="X">で</wf>
         <wf lemma="不快" pos="X">不快</wf>
         <wf lemma="な" pos="X">な</wf>
         <instance id="d000.s5674.t000" lemma="牛" pos="NOUN">牛</instance>
         <wf lemma="―" pos="X">―</wf>
         <wf lemma="聖書" pos="X">聖書</wf>
         <wf lemma="." pos="X">.</wf>
      </sentence>
      <sentence id="d000.s5675" source="wordnet-japanese">
         <instance id="d000.s5675.t000" lemma="敵" pos="NOUN">敵</instance>
         <wf lemma="は" pos="X">は</wf>
         <wf lemma="夜明け" pos="X">夜明け</wf>
         <wf lemma="に" pos="X">に</wf>
         <wf lemma="攻撃" pos="X">攻撃</wf>
         <wf lemma="を" pos="X">を</wf>
         <wf lemma="仕掛け" pos="X">仕掛け</wf>
         <wf lemma="て" pos="X">て</wf>
         <wf lemma="き" pos="X">き</wf>
         <wf lemma="た" pos="X">た</wf>
         <wf lemma="." pos="X">.</wf>
      </sentence>
      <sentence id="d000.s5676" source="wordnet-japanese">
         <wf lemma="彼" pos="X">彼</wf>
         <wf lemma="の" pos="X">の</wf>
         <instance id="d000.s5676.t000" lemma="疑い" pos="NOUN">疑い</instance>
         <wf lemma="深" pos="X">深</wf>
         <wf lemma="さ" pos="X">さ</wf>
         <wf lemma="で" pos="X">で</wf>
         <wf lemma="結婚" pos="X">結婚</wf>
         <wf lemma="は" pos="X">は</wf>
         <wf lemma="駄目" pos="X">駄目</wf>
         <wf lemma="に" pos="X">に</wf>
         <wf lemma="なっ" pos="X">なっ</wf>
         <wf lemma="た" pos="X">た</wf>
         <wf lemma="." pos="X">.</wf>
      </sentence>
      <sentence id="d000.s5677" source="wordnet-japanese">
         <wf lemma="証拠" pos="X">証拠</wf>
         <wf lemma="は" pos="X">は</wf>
         <instance id="d000.s5677.t000" lemma="十分" pos="ADV">十分</instance>
         <wf lemma="に" pos="X">に</wf>
         <wf lemma="（" pos="X">（</wf>
         <wf lemma="または" pos="X">または</wf>
         <wf lemma="完全" pos="X">完全</wf>
         <wf lemma="に" pos="X">に</wf>
         <wf lemma="）" pos="X">）</wf>
         <wf lemma="私" pos="X">私</wf>
         <wf lemma="たち" pos="X">たち</wf>
         <wf lemma="の" pos="X">の</wf>
         <wf lemma="疑問" pos="X">疑問</wf>
         <wf lemma="を" pos="X">を</wf>
         <wf lemma="裏付け" pos="X">裏付け</wf>
         <wf lemma="た" pos="X">た</wf>
         <wf lemma="." pos="X">.</wf>
      </sentence>
      <sentence id="d000.s5678" source="wordnet-japanese">
         <instance id="d000.s5678.t000" lemma="優しい" pos="ADJ">優しい</instance>
         <wf lemma="夜想曲" pos="X">夜想曲</wf>
         <wf lemma="." pos="X">.</wf>
      </sentence>
      <sentence id="d000.s5679" source="wordnet-japanese">
         <wf lemma="将来" pos="X">将来</wf>
         <wf lemma="の" pos="X">の</wf>
         <wf lemma="研究" pos="X">研究</wf>
         <wf lemma="の" pos="X">の</wf>
         <wf lemma="ため" pos="X">ため</wf>
         <wf lemma="に" pos="X">に</wf>
         <wf lemma="、" pos="X">、</wf>
         <wf lemma="事実" pos="X">事実</wf>
         <wf lemma="に" pos="X">に</wf>
         <wf lemma="基づく" pos="X">基づく</wf>
         <instance id="d000.s5679.t000" lemma="枠組み" pos="NOUN">枠組み</instance>
         <wf lemma="を" pos="X">を</wf>
         <wf lemma="築く" pos="X">築く</wf>
         <wf lemma="こと" pos="X">こと</wf>
         <wf lemma="." pos="X">.</wf>
      </sentence>
      <sentence id="d000.s5680" source="wordnet-japanese">
         <wf lemma="そろそろ" pos="X">そろそろ</wf>
         <wf lemma="トラクター" pos="X">トラクター</wf>
         <wf lemma="の" pos="X">の</wf>
         <instance id="d000.s5680.t000" lemma="オーバーホール" pos="NOUN">オーバーホール</instance>
         <wf lemma="を" pos="X">を</wf>
         <wf lemma="する" pos="X">する</wf>
         <wf lemma="ころ" pos="X">ころ</wf>
         <wf lemma="だっ" pos="X">だっ</wf>
         <wf lemma="た" pos="X">た</wf>
         <wf lemma="." pos="X">.</wf>
      </sentence>
      <sentence id="d000.s5681" source="wordnet-japanese">
         <wf lemma="敵" pos="X">敵</wf>
         <wf lemma="は" pos="X">は</wf>
         <wf lemma="ほとんど" pos="X">ほとんど</wf>
         <instance id="d000.s5681.t000" lemma="抵抗" pos="NOUN">抵抗</instance>
         <wf lemma="し" pos="X">し</wf>
         <wf lemma="なかっ" pos="X">なかっ</wf>
         <wf lemma="た" pos="X">た</wf>
         <wf lemma="." pos="X">.</wf>
      </sentence>
      <sentence id="d000.s5682" source="wordnet-japanese">
         <wf lemma="人" pos="X">人</wf>
         <wf lemma="の" pos="X">の</wf>
         <wf lemma="貢献" pos="X">貢献</wf>
         <wf lemma="の" pos="X">の</wf>
         <instance id="d000.s5682.t000" lemma="確か" pos="ADJ">確か</instance>
         <wf lemma="な" pos="X">な</wf>
         <wf lemma="（" pos="X">（</wf>
         <wf lemma="または" pos="X">または</wf>
         <wf lemma="真の" pos="X">真の</wf>
         <wf lemma="）合図" pos="X">）合図</wf>
         <wf lemma="." pos="X">.</wf>
      </sentence>
      <sentence id="d000.s5683" source="wordnet-japanese">
         <wf lemma="警察官" pos="X">警察官</wf>
         <wf lemma="は" pos="X">は</wf>
         <wf lemma="、" pos="X">、</wf>
         <wf lemma="完璧" pos="X">完璧</wf>
         <wf lemma="に" pos="X">に</wf>
         <wf lemma="武装" pos="X">武装</wf>
         <wf lemma="し" pos="X">し</wf>
         <wf lemma="た" pos="X">た</wf>
         <wf lemma="容疑者" pos="X">容疑者</wf>
         <wf lemma="を" pos="X">を</wf>
         <instance id="d000.s5683.t000" lemma="倒す" pos="VERB">倒し</instance>
         <wf lemma="た" pos="X">た</wf>
         <wf lemma="." pos="X">.</wf>
      </sentence>
      <sentence id="d000.s5684" source="wordnet-japanese">
         <instance id="d000.s5684.t000" lemma="レクリエーション" pos="NOUN">レクリエーション</instance>
         <wf lemma="の" pos="X">の</wf>
         <wf lemma="ため" pos="X">ため</wf>
         <wf lemma="に" pos="X">に</wf>
         <wf lemma="、" pos="X">、</wf>
         <wf lemma="彼" pos="X">彼</wf>
         <wf lemma="は" pos="X">は</wf>
         <wf lemma="詩" pos="X">詩</wf>
         <wf lemma="を" pos="X">を</wf>
         <wf lemma="書い" pos="X">書い</wf>
         <wf lemma="て" pos="X">て</wf>
         <wf lemma="、" pos="X">、</wf>
         <wf lemma="クロスワード" pos="X">クロスワード</wf>
         <wf lemma="パズル" pos="X">パズル</wf>
         <wf lemma="を" pos="X">を</wf>
         <wf lemma="解い" pos="X">解い</wf>
         <wf lemma="た" pos="X">た</wf>
         <wf lemma="." pos="X">.</wf>
      </sentence>
      <sentence id="d000.s5685" source="wordnet-japanese">
         <instance id="d000.s5685.t000" lemma="長い" pos="ADJ">長い</instance>
         <wf lemma="単語" pos="X">単語</wf>
         <wf lemma="を" pos="X">を</wf>
         <wf lemma="多く" pos="X">多く</wf>
         <wf lemma="含ん" pos="X">含ん</wf>
         <wf lemma="で" pos="X">で</wf>
         <wf lemma="い" pos="X">い</wf>
         <wf lemma="た" pos="X">た</wf>
         <wf lemma="." pos="X">.</wf>
      </sentence>
      <sentence id="d000.s5686" source="wordnet-japanese">
         <wf lemma="この" pos="X">この</wf>
         <wf lemma="仕事" pos="X">仕事</wf>
         <wf lemma="で" pos="X">で</wf>
         <wf lemma="は" pos="X">は</wf>
         <wf lemma="難しい" pos="X">難しい</wf>
         <wf lemma="判断" pos="X">判断</wf>
         <wf lemma="の" pos="X">の</wf>
         <instance id="d000.s5686.t000" lemma="投資" pos="NOUN">投資</instance>
         <wf lemma="が" pos="X">が</wf>
         <wf lemma="要求" pos="X">要求</wf>
         <wf lemma="さ" pos="X">さ</wf>
         <wf lemma="れる" pos="X">れる</wf>
         <wf lemma="." pos="X">.</wf>
      </sentence>
      <sentence id="d000.s5687" source="wordnet-japanese">
         <instance id="d000.s5687.t000" lemma="戦闘的" pos="ADJ">戦闘的</instance>
         <wf lemma="な" pos="X">な</wf>
         <wf lemma="政策" pos="X">政策</wf>
         <wf lemma="." pos="X">.</wf>
      </sentence>
      <sentence id="d000.s5688" source="wordnet-japanese">
         <wf lemma="この" pos="X">この</wf>
         <wf lemma="美人" pos="X">美人</wf>
         <wf lemma="を" pos="X">を</wf>
         <wf lemma="よく" pos="X">よく</wf>
         <instance id="d000.s5688.t000" lemma="見る" pos="VERB">見</instance>
         <wf lemma="て" pos="X">て</wf>
         <wf lemma="みろ." pos="X">みろ.</wf>
      </sentence>
      <sentence id="d000.s5689" source="wordnet-japanese">
         <instance id="d000.s5689.t000" lemma="特別" pos="ADJ">特別</instance>
         <wf lemma="の" pos="X">の</wf>
         <wf lemma="日" pos="X">日</wf>
         <wf lemma="." pos="X">.</wf>
      </sentence>
      <sentence id="d000.s5690" source="wordnet-japanese">
         <wf lemma="キラキラ" pos="X">キラキラ</wf>
         <wf lemma="輝く" pos="X">輝く</wf>
         <wf lemma="小さい" pos="X">小さい</wf>
         <wf lemma="魚" pos="X">魚</wf>
         <wf lemma="の" pos="X">の</wf>
         <instance id="d000.s5690.t000" lemma="群れ" pos="NOUN">群れ</instance>
         <wf lemma="が" pos="X">が</wf>
         <wf lemma="泳い" pos="X">泳い</wf>
         <wf lemma="だ" pos="X">だ</wf>
         <wf lemma="." pos="X">.</wf>
      </sentence>
      <sentence id="d000.s5691" source="wordnet-japanese">
         <instance id="d000.s5691.t000" lemma="強力" pos="ADJ">強力</instance>
         <wf lemma="な" pos="X">な</wf>
         <wf lemma="スピーカー" pos="X">スピーカー</wf>
         <wf lemma="." pos="X">.</wf>
      </sentence>
      <sentence id="d000.s5692" source="wordnet-japanese">
         <instance id="d000.s5692.t000" lemma="恐ろしい" pos="ADJ">恐ろしい</instance>
         <wf lemma="嘆き" pos="X">嘆き</wf>
         <wf lemma="." pos="X">.</wf>
      </sentence>
      <sentence id="d000.s5693" source="wordnet-japanese">
         <wf lemma="彼" pos="X">彼</wf>
         <wf lemma="は" pos="X">は</wf>
         <wf lemma="、" pos="X">、</wf>
         <wf lemma="彼" pos="X">彼</wf>
         <wf lemma="の" pos="X">の</wf>
         <instance id="d000.s5693.t000" lemma="時代" pos="NOUN">時代</instance>
         <wf lemma="の" pos="X">の</wf>
         <wf lemma="成功" pos="X">成功</wf>
         <wf lemma="し" pos="X">し</wf>
         <wf lemma="た" pos="X">た</wf>
         <wf lemma="ピアニスト" pos="X">ピアニスト</wf>
         <wf lemma="であっ" pos="X">であっ</wf>
         <wf lemma="た" pos="X">た</wf>
         <wf lemma="." pos="X">.</wf>
      </sentence>
      <sentence id="d000.s5694" source="wordnet-japanese">
         <wf lemma="その" pos="X">その</wf>
         <wf lemma="衛星" pos="X">衛星</wf>
         <wf lemma="は" pos="X">は</wf>
         <wf lemma="ツルツル" pos="X">ツルツル</wf>
         <wf lemma="し" pos="X">し</wf>
         <wf lemma="た" pos="X">た</wf>
         <wf lemma="氷" pos="X">氷</wf>
         <wf lemma="の" pos="X">の</wf>
         <instance id="d000.s5694.t000" lemma="殻" pos="NOUN">殻</instance>
         <wf lemma="に" pos="X">に</wf>
         <wf lemma="覆わ" pos="X">覆わ</wf>
         <wf lemma="れ" pos="X">れ</wf>
         <wf lemma="て" pos="X">て</wf>
         <wf lemma="いる" pos="X">いる</wf>
         <wf lemma="." pos="X">.</wf>
      </sentence>
      <sentence id="d000.s5695" source="wordnet-japanese">
         <instance id="d000.s5695.t000" lemma="意図的" pos="ADJ">意図的</instance>
         <wf lemma="な" pos="X">な</wf>
         <wf lemma="損害" pos="X">損害</wf>
         <wf lemma="." pos="X">.</wf>
      </sentence>
      <sentence id="d000.s5696" source="wordnet-japanese">
         <wf lemma="彼" pos="X">彼</wf>
         <wf lemma="は" pos="X">は</wf>
         <wf lemma="、" pos="X">、</wf>
         <wf lemma="反対" pos="X">反対</wf>
         <wf lemma="側" pos="X">側</wf>
         <wf lemma="の" pos="X">の</wf>
         <wf lemma="プラット" pos="X">プラット</wf>
         <wf lemma="フォーム" pos="X">フォーム</wf>
         <wf lemma="の" pos="X">の</wf>
         <wf lemma="影" pos="X">影</wf>
         <wf lemma="で" pos="X">で</wf>
         <instance id="d000.s5696.t000" lemma="じっと" pos="ADV">じっと</instance>
         <wf lemma="待っ" pos="X">待っ</wf>
         <wf lemma="て" pos="X">て</wf>
         <wf lemma="いる" pos="X">いる</wf>
         <wf lemma="黒髪" pos="X">黒髪</wf>
         <wf lemma="の" pos="X">の</wf>
         <wf lemma="男性" pos="X">男性</wf>
         <wf lemma="を" pos="X">を</wf>
         <wf lemma="見" pos="X">見</wf>
         <wf lemma="た" pos="X">た</wf>
         <wf lemma="." pos="X">.</wf>
      </sentence>
      <sentence id="d000.s5697" source="wordnet-japanese">
         <wf lemma="老年期" pos="X">老年期</wf>
         <wf lemma="に" pos="X">に</wf>
         <instance id="d000.s5697.t000" lemma="近づく" pos="VERB">近づく</instance>
         <wf lemma="こと" pos="X">こと</wf>
         <wf lemma="." pos="X">.</wf>
      </sentence>
      <sentence id="d000.s5698" source="wordnet-japanese">
         <instance id="d000.s5698.t000" lemma="不快" pos="ADJ">不快</instance>
         <wf lemma="な" pos="X">な</wf>
         <wf lemma="個性" pos="X">個性</wf>
         <wf lemma="." pos="X">.</wf>
      </sentence>
      <sentence id="d000.s5699" source="wordnet-japanese">
         <instance id="d000.s5699.t000" lemma="悪徳" pos="NOUN">悪徳</instance>
         <wf lemma="は" pos="X">は</wf>
         <wf lemma="社会" pos="X">社会</wf>
         <wf lemma="の" pos="X">の</wf>
         <wf lemma="道徳" pos="X">道徳</wf>
         <wf lemma="の" pos="X">の</wf>
         <wf lemma="規範" pos="X">規範</wf>
         <wf lemma="を" pos="X">を</wf>
         <wf lemma="そこ" pos="X">そこ</wf>
         <wf lemma="なう" pos="X">なう</wf>
         <wf lemma="." pos="X">.</wf>
      </sentence>
      <sentence id="d000.s5700" source="wordnet-japanese">
         <instance id="d000.s5700.t000" lemma="歩く" pos="VERB">歩い</instance>
         <wf lemma="て" pos="X">て</wf>
         <wf lemma="いる" pos="X">いる</wf>
         <wf lemma="間" pos="X">間</wf>
         <wf lemma="、" pos="X">、</wf>
         <wf lemma="恋人" pos="X">恋人</wf>
         <wf lemma="たち" pos="X">たち</wf>
         <wf lemma="は" pos="X">は</wf>
         <wf lemma="手" pos="X">手</wf>
         <wf lemma="を" pos="X">を</wf>
         <wf lemma="つない" pos="X">つない</wf>
         <wf lemma="だ" pos="X">だ</wf>
         <wf lemma="." pos="X">.</wf>
      </sentence>
      <sentence id="d000.s5701" source="wordnet-japanese">
         <wf lemma="ある" pos="X">ある</wf>
         <wf lemma="外国" pos="X">外国</wf>
         <wf lemma="の" pos="X">の</wf>
         <wf lemma="岸" pos="X">岸</wf>
         <wf lemma="の" pos="X">の</wf>
         <instance id="d000.s5701.t000" lemma="大胆" pos="ADJ">大胆</instance>
         <wf lemma="な" pos="X">な</wf>
         <wf lemma="移住者" pos="X">移住者</wf>
         <wf lemma="." pos="X">.</wf>
      </sentence>
      <sentence id="d000.s5702" source="wordnet-japanese">
         <instance id="d000.s5702.t000" lemma="アイスバーグ" pos="NOUN">アイスバーグ</instance>
         <wf lemma="、" pos="X">、</wf>
         <wf lemma="いまだ" pos="X">いまだ</wf>
         <wf lemma="に" pos="X">に</wf>
         <wf lemma="最も" pos="X">最も</wf>
         <wf lemma="人気" pos="X">人気</wf>
         <wf lemma="の" pos="X">の</wf>
         <wf lemma="ある" pos="X">ある</wf>
         <wf lemma="レタス" pos="X">レタス</wf>
         <wf lemma="である" pos="X">である</wf>
         <wf lemma="." pos="X">.</wf>
      </sentence>
      <sentence id="d000.s5703" source="wordnet-japanese">
         <wf lemma="非" pos="X">非</wf>
         <wf lemma="常勤" pos="X">常勤</wf>
         <wf lemma="の" pos="X">の</wf>
         <wf lemma="顧問" pos="X">顧問</wf>
         <wf lemma="の" pos="X">の</wf>
         <instance id="d000.s5703.t000" lemma="気楽" pos="ADJ">気楽</instance>
         <wf lemma="な" pos="X">な</wf>
         <wf lemma="生活" pos="X">生活</wf>
         <wf lemma="." pos="X">.</wf>
      </sentence>
      <sentence id="d000.s5704" source="wordnet-japanese">
         <instance id="d000.s5704.t000" lemma="自由" pos="ADJ">自由</instance>
         <wf lemma="奔放" pos="X">奔放</wf>
         <wf lemma="な" pos="X">な</wf>
         <wf lemma="独身者" pos="X">独身者</wf>
         <wf lemma="." pos="X">.</wf>
      </sentence>
      <sentence id="d000.s5705" source="wordnet-japanese">
         <wf lemma="生け" pos="X">生け</wf>
         <wf lemma="花" pos="X">花</wf>
         <wf lemma="は" pos="X">は</wf>
         <wf lemma="、" pos="X">、</wf>
         <wf lemma="クライアント" pos="X">クライアント</wf>
         <wf lemma="の" pos="X">の</wf>
         <wf lemma="静物" pos="X">静物</wf>
         <wf lemma="の" pos="X">の</wf>
         <instance id="d000.s5705.t000" lemma="反響" pos="NOUN">反響</instance>
         <wf lemma="と" pos="X">と</wf>
         <wf lemma="し" pos="X">し</wf>
         <wf lemma="て" pos="X">て</wf>
         <wf lemma="作成" pos="X">作成</wf>
         <wf lemma="さ" pos="X">さ</wf>
         <wf lemma="れ" pos="X">れ</wf>
         <wf lemma="た" pos="X">た</wf>
         <wf lemma="." pos="X">.</wf>
      </sentence>
      <sentence id="d000.s5706" source="wordnet-japanese">
         <wf lemma="彼" pos="X">彼</wf>
         <wf lemma="は" pos="X">は</wf>
         <wf lemma="インテリア" pos="X">インテリア</wf>
         <wf lemma="装飾" pos="X">装飾</wf>
         <wf lemma="に関して" pos="X">に関して</wf>
         <wf lemma="は" pos="X">は</wf>
         <instance id="d000.s5706.t000" lemma="天才" pos="NOUN">天才</instance>
         <wf lemma="だ" pos="X">だ</wf>
         <wf lemma="." pos="X">.</wf>
      </sentence>
      <sentence id="d000.s5707" source="wordnet-japanese">
         <wf lemma="あなた" pos="X">あなた</wf>
         <wf lemma="が" pos="X">が</wf>
         <wf lemma="望む" pos="X">望む</wf>
         <wf lemma="限り" pos="X">限り</wf>
         <wf lemma="、" pos="X">、</wf>
         <instance id="d000.s5707.t000" lemma="自由" pos="ADJ">自由</instance>
         <wf lemma="に" pos="X">に</wf>
         <wf lemma="滞在" pos="X">滞在</wf>
         <wf lemma="し" pos="X">し</wf>
         <wf lemma="て" pos="X">て</wf>
         <wf lemma="ください" pos="X">ください</wf>
         <wf lemma="." pos="X">.</wf>
      </sentence>
      <sentence id="d000.s5708" source="wordnet-japanese">
         <wf lemma="うまく" pos="X">うまく</wf>
         <wf lemma="いか" pos="X">いか</wf>
         <wf lemma="ない" pos="X">ない</wf>
         <wf lemma="こと" pos="X">こと</wf>
         <wf lemma="は" pos="X">は</wf>
         <wf lemma="ない" pos="X">ない</wf>
         <wf lemma="、という" pos="X">、という</wf>
         <instance id="d000.s5708.t000" lemma="気楽" pos="ADJ">気楽</instance>
         <wf lemma="な" pos="X">な</wf>
         <wf lemma="考え" pos="X">考え</wf>
         <wf lemma="." pos="X">.</wf>
      </sentence>
      <sentence id="d000.s5709" source="wordnet-japanese">
         <wf lemma="娘" pos="X">娘</wf>
         <wf lemma="さん" pos="X">さん</wf>
         <wf lemma="の" pos="X">の</wf>
         <wf lemma="ため" pos="X">ため</wf>
         <wf lemma="の" pos="X">の</wf>
         <wf lemma="良い" pos="X">良い</wf>
         <wf lemma="夫" pos="X">夫</wf>
         <wf lemma="を" pos="X">を</wf>
         <instance id="d000.s5709.t000" lemma="選ぶ" pos="VERB">選ん</instance>
         <wf lemma="で" pos="X">で</wf>
         <wf lemma="ください" pos="X">ください</wf>
         <wf lemma="." pos="X">.</wf>
      </sentence>
      <sentence id="d000.s5710" source="wordnet-japanese">
         <wf lemma="飛行機" pos="X">飛行機</wf>
         <wf lemma="は" pos="X">は</wf>
         <wf lemma="滑らか" pos="X">滑らか</wf>
         <wf lemma="に" pos="X">に</wf>
         <instance id="d000.s5710.t000" lemma="着陸" pos="NOUN">着陸</instance>
         <wf lemma="し" pos="X">し</wf>
         <wf lemma="た" pos="X">た</wf>
         <wf lemma="." pos="X">.</wf>
      </sentence>
      <sentence id="d000.s5711" source="wordnet-japanese">
         <wf lemma="才能" pos="X">才能</wf>
         <wf lemma="の" pos="X">の</wf>
         <wf lemma="ある" pos="X">ある</wf>
         <wf lemma="画家" pos="X">画家</wf>
         <wf lemma="だ" pos="X">だ</wf>
         <wf lemma="が" pos="X">が</wf>
         <instance id="d000.s5711.t000" lemma="無関心" pos="ADJ">無関心</instance>
         <wf lemma="な" pos="X">な</wf>
         <wf lemma="俳優" pos="X">俳優</wf>
         <wf lemma="." pos="X">.</wf>
      </sentence>
      <sentence id="d000.s5712" source="wordnet-japanese">
         <wf lemma="我々" pos="X">我々</wf>
         <wf lemma="は" pos="X">は</wf>
         <wf lemma="、" pos="X">、</wf>
         <wf lemma="ワシントン" pos="X">ワシントン</wf>
         <wf lemma="の" pos="X">の</wf>
         <wf lemma="方" pos="X">方</wf>
         <wf lemma="へ" pos="X">へ</wf>
         <instance id="d000.s5712.t000" lemma="進む" pos="VERB">進ん</instance>
         <wf lemma="だ" pos="X">だ</wf>
         <wf lemma="." pos="X">.</wf>
      </sentence>
      <sentence id="d000.s5713" source="wordnet-japanese">
         <wf lemma="洗剤" pos="X">洗剤</wf>
         <wf lemma="を" pos="X">を</wf>
         <instance id="d000.s5713.t000" lemma="作る" pos="VERB">作る</instance>
         <wf lemma="." pos="X">.</wf>
      </sentence>
      <sentence id="d000.s5714" source="wordnet-japanese">
         <instance id="d000.s5714.t000" lemma="正確" pos="ADJ">正確</instance>
         <wf lemma="な" pos="X">な</wf>
         <wf lemma="イメージ" pos="X">イメージ</wf>
         <wf lemma="." pos="X">.</wf>
      </sentence>
      <sentence id="d000.s5715" source="wordnet-japanese">
         <wf lemma="その" pos="X">その</wf>
         <instance id="d000.s5715.t000" lemma="シナリオ" pos="NOUN">シナリオ</instance>
         <wf lemma="は" pos="X">は</wf>
         <wf lemma="恐怖時代" pos="X">恐怖時代</wf>
         <wf lemma="の" pos="X">の</wf>
         <wf lemma="フランス" pos="X">フランス</wf>
         <wf lemma="が" pos="X">が</wf>
         <wf lemma="舞台" pos="X">舞台</wf>
         <wf lemma="だ" pos="X">だ</wf>
         <wf lemma="." pos="X">.</wf>
      </sentence>
      <sentence id="d000.s5716" source="wordnet-japanese">
         <wf lemma="その" pos="X">その</wf>
         <wf lemma="車" pos="X">車</wf>
         <wf lemma="は" pos="X">は</wf>
         <wf lemma="間違っ" pos="X">間違っ</wf>
         <wf lemma="た" pos="X">た</wf>
         <instance id="d000.s5716.t000" lemma="車線" pos="NOUN">車線</instance>
         <wf lemma="に" pos="X">に</wf>
         <wf lemma="いる" pos="X">いる</wf>
         <wf lemma="." pos="X">.</wf>
      </sentence>
      <sentence id="d000.s5717" source="wordnet-japanese">
         <wf lemma="予言的" pos="X">予言的</wf>
         <wf lemma="な" pos="X">な</wf>
         <wf lemma="文章" pos="X">文章</wf>
         <wf lemma="は" pos="X">は</wf>
         <wf lemma="あまり" pos="X">あまり</wf>
         <wf lemma="に" pos="X">に</wf>
         <instance id="d000.s5717.t000" lemma="不可解" pos="ADJ">不可解</instance>
         <wf lemma="であっ" pos="X">であっ</wf>
         <wf lemma="た" pos="X">た</wf>
         <wf lemma="ので" pos="X">ので</wf>
         <wf lemma="、" pos="X">、</wf>
         <wf lemma="何世紀" pos="X">何世紀</wf>
         <wf lemma="もの" pos="X">もの</wf>
         <wf lemma="間" pos="X">間</wf>
         <wf lemma="それら" pos="X">それら</wf>
         <wf lemma="の" pos="X">の</wf>
         <wf lemma="意味" pos="X">意味</wf>
         <wf lemma="について" pos="X">について</wf>
         <wf lemma="議論" pos="X">議論</wf>
         <wf lemma="さ" pos="X">さ</wf>
         <wf lemma="れ" pos="X">れ</wf>
         <wf lemma="て" pos="X">て</wf>
         <wf lemma="いる" pos="X">いる</wf>
         <wf lemma="." pos="X">.</wf>
      </sentence>
      <sentence id="d000.s5718" source="wordnet-japanese">
         <instance id="d000.s5718.t000" lemma="鋭い" pos="ADJ">鋭い</instance>
         <wf lemma="打撃" pos="X">打撃</wf>
         <wf lemma="." pos="X">.</wf>
      </sentence>
      <sentence id="d000.s5719" source="wordnet-japanese">
         <instance id="d000.s5719.t000" lemma="新鮮" pos="ADJ">新鮮</instance>
         <wf lemma="な" pos="X">な</wf>
         <wf lemma="野菜" pos="X">野菜</wf>
         <wf lemma="." pos="X">.</wf>
      </sentence>
      <sentence id="d000.s5720" source="wordnet-japanese">
         <wf lemma="あなた" pos="X">あなた</wf>
         <wf lemma="は" pos="X">は</wf>
         <instance id="d000.s5720.t000" lemma="叫ぶ" pos="VERB">叫ぶ</instance>
         <wf lemma="必要" pos="X">必要</wf>
         <wf lemma="は" pos="X">は</wf>
         <wf lemma="あり" pos="X">あり</wf>
         <wf lemma="ませ" pos="X">ませ</wf>
         <wf lemma="ん" pos="X">ん</wf>
         <wf lemma="−" pos="X">−</wf>
         <wf lemma="−" pos="X">−</wf>
         <wf lemma="私" pos="X">私</wf>
         <wf lemma="は" pos="X">は</wf>
         <wf lemma="問題" pos="X">問題</wf>
         <wf lemma="なく" pos="X">なく</wf>
         <wf lemma="あなた" pos="X">あなた</wf>
         <wf lemma="の" pos="X">の</wf>
         <wf lemma="声" pos="X">声</wf>
         <wf lemma="を" pos="X">を</wf>
         <wf lemma="聞く" pos="X">聞く</wf>
         <wf lemma="こと" pos="X">こと</wf>
         <wf lemma="が" pos="X">が</wf>
         <wf lemma="できる" pos="X">できる</wf>
         <wf lemma="." pos="X">.</wf>
      </sentence>
      <sentence id="d000.s5721" source="wordnet-japanese">
         <wf lemma="会社" pos="X">会社</wf>
         <wf lemma="は" pos="X">は</wf>
         <wf lemma="死ん" pos="X">死ん</wf>
         <wf lemma="だ" pos="X">だ</wf>
         <wf lemma="木材" pos="X">木材</wf>
         <wf lemma="を" pos="X">を</wf>
         <instance id="d000.s5721.t000" lemma="取り除く" pos="VERB">取り除い</instance>
         <wf lemma="た" pos="X">た</wf>
         <wf lemma="." pos="X">.</wf>
      </sentence>
      <sentence id="d000.s5722" source="wordnet-japanese">
         <wf lemma="幾何学" pos="X">幾何学</wf>
         <wf lemma="は" pos="X">は</wf>
         <instance id="d000.s5722.t000" lemma="形" pos="NOUN">形</instance>
         <wf lemma="の" pos="X">の</wf>
         <wf lemma="数理" pos="X">数理</wf>
         <wf lemma="科学" pos="X">科学</wf>
         <wf lemma="である" pos="X">である</wf>
         <wf lemma="." pos="X">.</wf>
      </sentence>
      <sentence id="d000.s5723" source="wordnet-japanese">
         <wf lemma="彼" pos="X">彼</wf>
         <wf lemma="は" pos="X">は</wf>
         <wf lemma="、" pos="X">、</wf>
         <wf lemma="町" pos="X">町</wf>
         <wf lemma="を" pos="X">を</wf>
         <wf lemma="見渡す" pos="X">見渡す</wf>
         <wf lemma="高い" pos="X">高い</wf>
         <instance id="d000.s5723.t000" lemma="崖" pos="NOUN">崖</instance>
         <wf lemma="の" pos="X">の</wf>
         <wf lemma="上" pos="X">上</wf>
         <wf lemma="に" pos="X">に</wf>
         <wf lemma="立っ" pos="X">立っ</wf>
         <wf lemma="て" pos="X">て</wf>
         <wf lemma="い" pos="X">い</wf>
         <wf lemma="た" pos="X">た</wf>
         <wf lemma="." pos="X">.</wf>
      </sentence>
      <sentence id="d000.s5724" source="wordnet-japanese">
         <wf lemma="ガラス" pos="X">ガラス</wf>
         <wf lemma="花瓶" pos="X">花瓶</wf>
         <wf lemma="を" pos="X">を</wf>
         <instance id="d000.s5724.t000" lemma="吹く" pos="VERB">吹く</instance>
         <wf lemma="." pos="X">.</wf>
      </sentence>
      <sentence id="d000.s5725" source="wordnet-japanese">
         <wf lemma="その" pos="X">その</wf>
         <wf lemma="患者" pos="X">患者</wf>
         <wf lemma="は" pos="X">は</wf>
         <wf lemma="ボーンズ" pos="X">ボーンズ</wf>
         <wf lemma="博士" pos="X">博士</wf>
         <wf lemma="から" pos="X">から</wf>
         <wf lemma="の" pos="X">の</wf>
         <instance id="d000.s5725.t000" lemma="紹介" pos="NOUN">紹介</instance>
         <wf lemma="である" pos="X">である</wf>
         <wf lemma="." pos="X">.</wf>
      </sentence>
      <sentence id="d000.s5726" source="wordnet-japanese">
         <wf lemma="彼" pos="X">彼</wf>
         <wf lemma="は" pos="X">は</wf>
         <wf lemma="犯罪" pos="X">犯罪</wf>
         <wf lemma="の" pos="X">の</wf>
         <instance id="d000.s5726.t000" lemma="解剖学" pos="NOUN">解剖学</instance>
         <wf lemma="を" pos="X">を</wf>
         <wf lemma="研究" pos="X">研究</wf>
         <wf lemma="し" pos="X">し</wf>
         <wf lemma="た" pos="X">た</wf>
         <wf lemma="." pos="X">.</wf>
      </sentence>
      <sentence id="d000.s5727" source="wordnet-japanese">
         <wf lemma="自動車" pos="X">自動車</wf>
         <wf lemma="の" pos="X">の</wf>
         <wf lemma="エンジン" pos="X">エンジン</wf>
         <wf lemma="は" pos="X">は</wf>
         <wf lemma="、" pos="X">、</wf>
         <instance id="d000.s5727.t000" lemma="アイドル" pos="NOUN">アイドル</instance>
         <wf lemma="時" pos="X">時</wf>
         <wf lemma="も" pos="X">も</wf>
         <wf lemma="動い" pos="X">動い</wf>
         <wf lemma="て" pos="X">て</wf>
         <wf lemma="い" pos="X">い</wf>
         <wf lemma="た" pos="X">た</wf>
         <wf lemma="." pos="X">.</wf>
      </sentence>
      <sentence id="d000.s5728" source="wordnet-japanese">
         <instance id="d000.s5728.t000" lemma="視界" pos="NOUN">視界</instance>
         <wf lemma="の" pos="X">の</wf>
         <wf lemma="よい" pos="X">よい</wf>
         <wf lemma="フロント" pos="X">フロント</wf>
         <wf lemma="ガラス" pos="X">ガラス</wf>
         <wf lemma="." pos="X">.</wf>
      </sentence>
      <sentence id="d000.s5729" source="wordnet-japanese">
         <wf lemma="その" pos="X">その</wf>
         <wf lemma="少年" pos="X">少年</wf>
         <wf lemma="は" pos="X">は</wf>
         <wf lemma="父" pos="X">父</wf>
         <wf lemma="の" pos="X">の</wf>
         <wf lemma="若い" pos="X">若い</wf>
         <instance id="d000.s5729.t000" lemma="バージョン" pos="NOUN">バージョン</instance>
         <wf lemma="である" pos="X">である</wf>
         <wf lemma="." pos="X">.</wf>
      </sentence>
      <sentence id="d000.s5730" source="wordnet-japanese">
         <instance id="d000.s5730.t000" lemma="社交的" pos="ADJ">社交的</instance>
         <wf lemma="な" pos="X">な</wf>
         <wf lemma="機会" pos="X">機会</wf>
         <wf lemma="." pos="X">.</wf>
      </sentence>
      <sentence id="d000.s5731" source="wordnet-japanese">
         <instance id="d000.s5731.t000" lemma="直接的" pos="ADJ">直接的</instance>
         <wf lemma="な" pos="X">な</wf>
         <wf lemma="質問" pos="X">質問</wf>
         <wf lemma="." pos="X">.</wf>
      </sentence>
      <sentence id="d000.s5732" source="wordnet-japanese">
         <wf lemma="ヒッピー" pos="X">ヒッピー</wf>
         <wf lemma="は" pos="X">は</wf>
         <wf lemma="、" pos="X">、</wf>
         <instance id="d000.s5732.t000" lemma="清める" pos="VERB">清める</instance>
         <wf lemma="ため" pos="X">ため</wf>
         <wf lemma="に" pos="X">に</wf>
         <wf lemma="、" pos="X">、</wf>
         <wf lemma="アーシュラム" pos="X">アーシュラム</wf>
         <wf lemma="に" pos="X">に</wf>
         <wf lemma="来" pos="X">来</wf>
         <wf lemma="た" pos="X">た</wf>
         <wf lemma="." pos="X">.</wf>
      </sentence>
      <sentence id="d000.s5733" source="wordnet-japanese">
         <wf lemma="彼ら" pos="X">彼ら</wf>
         <wf lemma="は" pos="X">は</wf>
         <wf lemma="、" pos="X">、</wf>
         <wf lemma="ビートルズ" pos="X">ビートルズ</wf>
         <wf lemma="の" pos="X">の</wf>
         <wf lemma="歌" pos="X">歌</wf>
         <wf lemma="の" pos="X">の</wf>
         <instance id="d000.s5733.t000" lemma="カバー" pos="NOUN">カバー</instance>
         <wf lemma="を" pos="X">を</wf>
         <wf lemma="製作" pos="X">製作</wf>
         <wf lemma="し" pos="X">し</wf>
         <wf lemma="た" pos="X">た</wf>
         <wf lemma="." pos="X">.</wf>
      </sentence>
      <sentence id="d000.s5734" source="wordnet-japanese">
         <wf lemma="衝撃" pos="X">衝撃</wf>
         <wf lemma="を" pos="X">を</wf>
         <instance id="d000.s5734.t000" lemma="和らげる" pos="VERB">和らげ</instance>
         <wf lemma="て" pos="X">て</wf>
         <wf lemma="ください" pos="X">ください</wf>
         <wf lemma="." pos="X">.</wf>
      </sentence>
      <sentence id="d000.s5735" source="wordnet-japanese">
         <wf lemma="彼ら" pos="X">彼ら</wf>
         <wf lemma="は" pos="X">は</wf>
         <wf lemma="、" pos="X">、</wf>
         <wf lemma="彼ら" pos="X">彼ら</wf>
         <wf lemma="が" pos="X">が</wf>
         <wf lemma="唯一" pos="X">唯一</wf>
         <wf lemma="運ぶ" pos="X">運ぶ</wf>
         <wf lemma="こと" pos="X">こと</wf>
         <wf lemma="が" pos="X">が</wf>
         <wf lemma="出来" pos="X">出来</wf>
         <wf lemma="た" pos="X">た</wf>
         <wf lemma="財産" pos="X">財産</wf>
         <wf lemma="とともに" pos="X">とともに</wf>
         <wf lemma="、" pos="X">、</wf>
         <instance id="d000.s5735.t000" lemma="開拓者" pos="NOUN">開拓者</instance>
         <wf lemma="と" pos="X">と</wf>
         <wf lemma="し" pos="X">し</wf>
         <wf lemma="て" pos="X">て</wf>
         <wf lemma="西" pos="X">西</wf>
         <wf lemma="へ" pos="X">へ</wf>
         <wf lemma="向かっ" pos="X">向かっ</wf>
         <wf lemma="た" pos="X">た</wf>
         <wf lemma="." pos="X">.</wf>
      </sentence>
      <sentence id="d000.s5736" source="wordnet-japanese">
         <wf lemma="家具" pos="X">家具</wf>
         <wf lemma="の" pos="X">の</wf>
         <instance id="d000.s5736.t000" lemma="配置" pos="NOUN">配置</instance>
         <wf lemma="." pos="X">.</wf>
      </sentence>
      <sentence id="d000.s5737" source="wordnet-japanese">
         <wf lemma="彼" pos="X">彼</wf>
         <wf lemma="は" pos="X">は</wf>
         <wf lemma="オーストラリア" pos="X">オーストラリア</wf>
         <wf lemma="で" pos="X">で</wf>
         <wf lemma="の" pos="X">の</wf>
         <wf lemma="新しい" pos="X">新しい</wf>
         <instance id="d000.s5737.t000" lemma="人生" pos="NOUN">人生</instance>
         <wf lemma="を" pos="X">を</wf>
         <wf lemma="望ん" pos="X">望ん</wf>
         <wf lemma="で" pos="X">で</wf>
         <wf lemma="い" pos="X">い</wf>
         <wf lemma="た" pos="X">た</wf>
         <wf lemma="." pos="X">.</wf>
      </sentence>
      <sentence id="d000.s5738" source="wordnet-japanese">
         <instance id="d000.s5738.t000" lemma="友好的" pos="ADJ">友好的</instance>
         <wf lemma="な" pos="X">な</wf>
         <wf lemma="近隣" pos="X">近隣</wf>
         <wf lemma="." pos="X">.</wf>
      </sentence>
      <sentence id="d000.s5739" source="wordnet-japanese">
         <instance id="d000.s5739.t000" lemma="元気" pos="ADJ">元気</instance>
         <wf lemma="の" pos="X">の</wf>
         <wf lemma="よい" pos="X">よい</wf>
         <wf lemma="討論" pos="X">討論</wf>
         <wf lemma="." pos="X">.</wf>
      </sentence>
      <sentence id="d000.s5740" source="wordnet-japanese">
         <wf lemma="彼" pos="X">彼</wf>
         <wf lemma="は" pos="X">は</wf>
         <wf lemma="包み" pos="X">包み</wf>
         <wf lemma="の" pos="X">の</wf>
         <wf lemma="回り" pos="X">回り</wf>
         <wf lemma="に" pos="X">に</wf>
         <instance id="d000.s5740.t000" lemma="テープ" pos="NOUN">テープ</instance>
         <wf lemma="を" pos="X">を</wf>
         <wf lemma="巻い" pos="X">巻い</wf>
         <wf lemma="た" pos="X">た</wf>
         <wf lemma="." pos="X">.</wf>
      </sentence>
      <sentence id="d000.s5741" source="wordnet-japanese">
         <instance id="d000.s5741.t000" lemma="結局" pos="ADV">結局</instance>
         <wf lemma="、" pos="X">、</wf>
         <wf lemma="彼女" pos="X">彼女</wf>
         <wf lemma="は" pos="X">は</wf>
         <wf lemma="あなた" pos="X">あなた</wf>
         <wf lemma="の" pos="X">の</wf>
         <wf lemma="主任" pos="X">主任</wf>
         <wf lemma="である" pos="X">である</wf>
         <wf lemma="、" pos="X">、</wf>
         <wf lemma="従って" pos="X">従って</wf>
         <wf lemma="彼女" pos="X">彼女</wf>
         <wf lemma="を" pos="X">を</wf>
         <wf lemma="誘い" pos="X">誘い</wf>
         <wf lemma="なさい" pos="X">なさい</wf>
         <wf lemma="." pos="X">.</wf>
      </sentence>
      <sentence id="d000.s5742" source="wordnet-japanese">
         <wf lemma="ロシア" pos="X">ロシア</wf>
         <wf lemma="語" pos="X">語</wf>
         <wf lemma="は" pos="X">は</wf>
         <wf lemma="キリル" pos="X">キリル</wf>
         <wf lemma="文字" pos="X">文字</wf>
         <wf lemma="で" pos="X">で</wf>
         <instance id="d000.s5742.t000" lemma="書く" pos="VERB">書か</instance>
         <wf lemma="れ" pos="X">れ</wf>
         <wf lemma="て" pos="X">て</wf>
         <wf lemma="いる" pos="X">いる</wf>
         <wf lemma="." pos="X">.</wf>
      </sentence>
      <sentence id="d000.s5743" source="wordnet-japanese">
         <wf lemma="私" pos="X">私</wf>
         <wf lemma="たち" pos="X">たち</wf>
         <wf lemma="は" pos="X">は</wf>
         <wf lemma="珍しく" pos="X">珍しく</wf>
         <instance id="d000.s5743.t000" lemma="未使用" pos="ADJ">未使用</instance>
         <wf lemma="の" pos="X">の</wf>
         <wf lemma="車" pos="X">車</wf>
         <wf lemma="を" pos="X">を</wf>
         <wf lemma="買っ" pos="X">買っ</wf>
         <wf lemma="た" pos="X">た</wf>
         <wf lemma="." pos="X">.</wf>
      </sentence>
      <sentence id="d000.s5744" source="wordnet-japanese">
         <wf lemma="彼" pos="X">彼</wf>
         <wf lemma="の" pos="X">の</wf>
         <wf lemma="詩" pos="X">詩</wf>
         <wf lemma="は" pos="X">は</wf>
         <wf lemma="、" pos="X">、</wf>
         <wf lemma="愛" pos="X">愛</wf>
         <wf lemma="と" pos="X">と</wf>
         <wf lemma="怒り" pos="X">怒り</wf>
         <wf lemma="に関する" pos="X">に関する</wf>
         <wf lemma="多く" pos="X">多く</wf>
         <wf lemma="の" pos="X">の</wf>
         <instance id="d000.s5744.t000" lemma="話" pos="NOUN">話</instance>
         <wf lemma="を" pos="X">を</wf>
         <wf lemma="含ん" pos="X">含ん</wf>
         <wf lemma="で" pos="X">で</wf>
         <wf lemma="いる" pos="X">いる</wf>
         <wf lemma="." pos="X">.</wf>
      </sentence>
      <sentence id="d000.s5745" source="wordnet-japanese">
         <instance id="d000.s5745.t000" lemma="授業" pos="NOUN">授業</instance>
         <wf lemma="が" pos="X">が</wf>
         <wf lemma="終わっ" pos="X">終わっ</wf>
         <wf lemma="て" pos="X">て</wf>
         <wf lemma="から" pos="X">から</wf>
         <wf lemma="も" pos="X">も</wf>
         <wf lemma="居残る" pos="X">居残る</wf>
         <wf lemma="." pos="X">.</wf>
      </sentence>
      <sentence id="d000.s5746" source="wordnet-japanese">
         <instance id="d000.s5746.t000" lemma="望ましい" pos="ADJ">望ましい</instance>
         <wf lemma="仕事" pos="X">仕事</wf>
         <wf lemma="." pos="X">.</wf>
      </sentence>
      <sentence id="d000.s5747" source="wordnet-japanese">
         <wf lemma="レオナルド" pos="X">レオナルド</wf>
         <wf lemma="は" pos="X">は</wf>
         <instance id="d000.s5747.t000" lemma="人体" pos="NOUN">人体</instance>
         <wf lemma="を" pos="X">を</wf>
         <wf lemma="研究" pos="X">研究</wf>
         <wf lemma="し" pos="X">し</wf>
         <wf lemma="た" pos="X">た</wf>
         <wf lemma="." pos="X">.</wf>
      </sentence>
      <sentence id="d000.s5748" source="wordnet-japanese">
         <wf lemma="ニューイングランド" pos="X">ニューイングランド</wf>
         <wf lemma="は" pos="X">は</wf>
         <instance id="d000.s5748.t000" lemma="石" pos="NOUN">石</instance>
         <wf lemma="で" pos="X">で</wf>
         <wf lemma="豊富" pos="X">豊富</wf>
         <wf lemma="で" pos="X">で</wf>
         <wf lemma="、" pos="X">、</wf>
         <wf lemma="多く" pos="X">多く</wf>
         <wf lemma="の" pos="X">の</wf>
         <wf lemma="石切り場" pos="X">石切り場</wf>
         <wf lemma="が" pos="X">が</wf>
         <wf lemma="ある" pos="X">ある</wf>
         <wf lemma="." pos="X">.</wf>
      </sentence>
      <sentence id="d000.s5749" source="wordnet-japanese">
         <wf lemma="ゴルフ" pos="X">ゴルフ</wf>
         <wf lemma="の" pos="X">の</wf>
         <wf lemma="1" pos="X">1</wf>
         <instance id="d000.s5749.t000" lemma="ラウンド" pos="NOUN">ラウンド</instance>
         <wf lemma="に" pos="X">に</wf>
         <wf lemma="は" pos="X">は</wf>
         <wf lemma="約" pos="X">約</wf>
         <wf lemma="4" pos="X">4</wf>
         <wf lemma="時間" pos="X">時間</wf>
         <wf lemma="かかる" pos="X">かかる</wf>
         <wf lemma="." pos="X">.</wf>
      </sentence>
      <sentence id="d000.s5750" source="wordnet-japanese">
         <wf lemma="皮" pos="X">皮</wf>
         <wf lemma="を" pos="X">を</wf>
         <wf lemma="むく" pos="X">むく</wf>
         <wf lemma="こと" pos="X">こと</wf>
         <wf lemma="が" pos="X">が</wf>
         <wf lemma="できる" pos="X">できる</wf>
         <wf lemma="ように" pos="X">ように</wf>
         <wf lemma="、" pos="X">、</wf>
         <wf lemma="トマト" pos="X">トマト</wf>
         <wf lemma="を" pos="X">を</wf>
         <instance id="d000.s5750.t000" lemma="湯がく" pos="VERB">湯がく</instance>
         <wf lemma="." pos="X">.</wf>
      </sentence>
      <sentence id="d000.s5751" source="wordnet-japanese">
         <wf lemma="彼" pos="X">彼</wf>
         <wf lemma="は" pos="X">は</wf>
         <wf lemma="、" pos="X">、</wf>
         <instance id="d000.s5751.t000" lemma="主に" pos="ADV">主に</instance>
         <wf lemma="蝶に" pos="X">蝶に</wf>
         <wf lemma="興味" pos="X">興味</wf>
         <wf lemma="が" pos="X">が</wf>
         <wf lemma="ある" pos="X">ある</wf>
         <wf lemma="." pos="X">.</wf>
      </sentence>
      <sentence id="d000.s5752" source="wordnet-japanese">
         <wf lemma="若い" pos="X">若い</wf>
         <wf lemma="女性" pos="X">女性</wf>
         <wf lemma="が" pos="X">が</wf>
         <instance id="d000.s5752.t000" lemma="踊る" pos="VERB">踊っ</instance>
         <wf lemma="て" pos="X">て</wf>
         <wf lemma="部屋" pos="X">部屋</wf>
         <wf lemma="に" pos="X">に</wf>
         <wf lemma="入っ" pos="X">入っ</wf>
         <wf lemma="て" pos="X">て</wf>
         <wf lemma="き" pos="X">き</wf>
         <wf lemma="た" pos="X">た</wf>
         <wf lemma="." pos="X">.</wf>
      </sentence>
      <sentence id="d000.s5753" source="wordnet-japanese">
         <wf lemma="英国人" pos="X">英国人</wf>
         <wf lemma="は" pos="X">は</wf>
         <wf lemma="、" pos="X">、</wf>
         <wf lemma="ヨーロッパ" pos="X">ヨーロッパ</wf>
         <instance id="d000.s5753.t000" lemma="大陸" pos="NOUN">大陸</instance>
         <wf lemma="を" pos="X">を</wf>
         <wf lemma="訪問" pos="X">訪問</wf>
         <wf lemma="する" pos="X">する</wf>
         <wf lemma="の" pos="X">の</wf>
         <wf lemma="が" pos="X">が</wf>
         <wf lemma="好き" pos="X">好き</wf>
         <wf lemma="です" pos="X">です</wf>
         <wf lemma="が" pos="X">が</wf>
         <wf lemma="、" pos="X">、</wf>
         <wf lemma="彼ら" pos="X">彼ら</wf>
         <wf lemma="は" pos="X">は</wf>
         <wf lemma="そこ" pos="X">そこ</wf>
         <wf lemma="に" pos="X">に</wf>
         <wf lemma="住み" pos="X">住み</wf>
         <wf lemma="たく" pos="X">たく</wf>
         <wf lemma="は" pos="X">は</wf>
         <wf lemma="ない" pos="X">ない</wf>
         <wf lemma="でしょ" pos="X">でしょ</wf>
         <wf lemma="う" pos="X">う</wf>
         <wf lemma="." pos="X">.</wf>
      </sentence>
      <sentence id="d000.s5754" source="wordnet-japanese">
         <wf lemma="私" pos="X">私</wf>
         <wf lemma="は" pos="X">は</wf>
         <wf lemma="、" pos="X">、</wf>
         <wf lemma="毎日" pos="X">毎日</wf>
         <wf lemma="1" pos="X">1</wf>
         <wf lemma="個" pos="X">個</wf>
         <wf lemma="の" pos="X">の</wf>
         <wf lemma="パン" pos="X">パン</wf>
         <wf lemma="を" pos="X">を</wf>
         <wf lemma="みんな" pos="X">みんな</wf>
         <wf lemma="に" pos="X">に</wf>
         <instance id="d000.s5754.t000" lemma="割り当てる" pos="VERB">割り当て</instance>
         <wf lemma="て" pos="X">て</wf>
         <wf lemma="いる" pos="X">いる</wf>
         <wf lemma="." pos="X">.</wf>
      </sentence>
      <sentence id="d000.s5755" source="wordnet-japanese">
         <wf lemma="彼ら" pos="X">彼ら</wf>
         <wf lemma="の" pos="X">の</wf>
         <instance id="d000.s5755.t000" lemma="息子" pos="NOUN">息子</instance>
         <wf lemma="は" pos="X">は</wf>
         <wf lemma="有名" pos="X">有名</wf>
         <wf lemma="な" pos="X">な</wf>
         <wf lemma="判事" pos="X">判事</wf>
         <wf lemma="に" pos="X">に</wf>
         <wf lemma="なっ" pos="X">なっ</wf>
         <wf lemma="た" pos="X">た</wf>
         <wf lemma="." pos="X">.</wf>
      </sentence>
      <sentence id="d000.s5756" source="wordnet-japanese">
         <instance id="d000.s5756.t000" lemma="暗い" pos="ADJ">暗い</instance>
         <wf lemma="日" pos="X">日</wf>
         <wf lemma="." pos="X">.</wf>
      </sentence>
      <sentence id="d000.s5757" source="wordnet-japanese">
         <instance id="d000.s5757.t000" lemma="健全" pos="ADJ">健全</instance>
         <wf lemma="な" pos="X">な</wf>
         <wf lemma="姿勢" pos="X">姿勢</wf>
         <wf lemma="." pos="X">.</wf>
      </sentence>
      <sentence id="d000.s5758" source="wordnet-japanese">
         <instance id="d000.s5758.t000" lemma="厄介" pos="ADJ">厄介</instance>
         <wf lemma="な" pos="X">な</wf>
         <wf lemma="1" pos="X">1</wf>
         <wf lemma="台" pos="X">台</wf>
         <wf lemma="の" pos="X">の</wf>
         <wf lemma="機械" pos="X">機械</wf>
         <wf lemma="." pos="X">.</wf>
      </sentence>
      <sentence id="d000.s5759" source="wordnet-japanese">
         <wf lemma="月" pos="X">月</wf>
         <wf lemma="の" pos="X">の</wf>
         <instance id="d000.s5759.t000" lemma="秤動" pos="NOUN">秤動</instance>
         <wf lemma="." pos="X">.</wf>
      </sentence>
      <sentence id="d000.s5760" source="wordnet-japanese">
         <wf lemma="財政" pos="X">財政</wf>
         <wf lemma="の" pos="X">の</wf>
         <instance id="d000.s5760.t000" lemma="統制" pos="NOUN">統制</instance>
         <wf lemma="は" pos="X">は</wf>
         <wf lemma="政治" pos="X">政治</wf>
         <wf lemma="が" pos="X">が</wf>
         <wf lemma="が" pos="X">が</wf>
         <wf lemma="握っ" pos="X">握っ</wf>
         <wf lemma="て" pos="X">て</wf>
         <wf lemma="いる" pos="X">いる</wf>
         <wf lemma="." pos="X">.</wf>
      </sentence>
      <sentence id="d000.s5761" source="wordnet-japanese">
         <wf lemma="牧師" pos="X">牧師</wf>
         <wf lemma="の" pos="X">の</wf>
         <wf lemma="教区民" pos="X">教区民</wf>
         <wf lemma="へ" pos="X">へ</wf>
         <wf lemma="の" pos="X">の</wf>
         <instance id="d000.s5761.t000" lemma="訪問" pos="NOUN">訪問</instance>
         <wf lemma="." pos="X">.</wf>
      </sentence>
      <sentence id="d000.s5762" source="wordnet-japanese">
         <wf lemma="責任" pos="X">責任</wf>
         <wf lemma="の" pos="X">の</wf>
         <instance id="d000.s5762.t000" lemma="重荷" pos="NOUN">重荷</instance>
         <wf lemma="." pos="X">.</wf>
      </sentence>
      <sentence id="d000.s5763" source="wordnet-japanese">
         <wf lemma="彼" pos="X">彼</wf>
         <wf lemma="の" pos="X">の</wf>
         <wf lemma="経歴" pos="X">経歴</wf>
         <wf lemma="における" pos="X">における</wf>
         <wf lemma="非常" pos="X">非常</wf>
         <wf lemma="に" pos="X">に</wf>
         <instance id="d000.s5763.t000" lemma="重要" pos="ADJ">重要</instance>
         <wf lemma="な" pos="X">な</wf>
         <wf lemma="時期" pos="X">時期</wf>
         <wf lemma="." pos="X">.</wf>
      </sentence>
      <sentence id="d000.s5764" source="wordnet-japanese">
         <wf lemma="10" pos="X">10</wf>
         <wf lemma="フィート" pos="X">フィート</wf>
         <wf lemma="の" pos="X">の</wf>
         <instance id="d000.s5764.t000" lemma="跳躍" pos="NOUN">跳躍</instance>
         <wf lemma="." pos="X">.</wf>
      </sentence>
      <sentence id="d000.s5765" source="wordnet-japanese">
         <wf lemma="選挙" pos="X">選挙</wf>
         <wf lemma="結果" pos="X">結果</wf>
         <wf lemma="を" pos="X">を</wf>
         <instance id="d000.s5765.t000" lemma="取り消す" pos="VERB">取り消し</instance>
         <wf lemma="て" pos="X">て</wf>
         <wf lemma="ください" pos="X">ください</wf>
         <wf lemma="." pos="X">.</wf>
      </sentence>
      <sentence id="d000.s5766" source="wordnet-japanese">
         <wf lemma="体" pos="X">体</wf>
         <wf lemma="は" pos="X">は</wf>
         <instance id="d000.s5766.t000" lemma="衛生的" pos="ADV">衛生的</instance>
         <wf lemma="に" pos="X">に</wf>
         <wf lemma="気" pos="X">気</wf>
         <wf lemma="を" pos="X">を</wf>
         <wf lemma="つけ" pos="X">つけ</wf>
         <wf lemma="なけれ" pos="X">なけれ</wf>
         <wf lemma="ば" pos="X">ば</wf>
         <wf lemma="いけ" pos="X">いけ</wf>
         <wf lemma="ない" pos="X">ない</wf>
         <wf lemma="." pos="X">.</wf>
      </sentence>
      <sentence id="d000.s5767" source="wordnet-japanese">
         <wf lemma="輸入" pos="X">輸入</wf>
         <wf lemma="に" pos="X">に</wf>
         <wf lemma="課さ" pos="X">課さ</wf>
         <wf lemma="れ" pos="X">れ</wf>
         <wf lemma="た" pos="X">た</wf>
         <instance id="d000.s5767.t000" lemma="制限" pos="NOUN">制限</instance>
         <wf lemma="." pos="X">.</wf>
      </sentence>
      <sentence id="d000.s5768" source="wordnet-japanese">
         <wf lemma="それぞれ" pos="X">それぞれ</wf>
         <wf lemma="の" pos="X">の</wf>
         <instance id="d000.s5768.t000" lemma="数" pos="NOUN">数</instance>
         <wf lemma="は" pos="X">は</wf>
         <wf lemma="、" pos="X">、</wf>
         <wf lemma="シーケンス" pos="X">シーケンス</wf>
         <wf lemma="において" pos="X">において</wf>
         <wf lemma="独特" pos="X">独特</wf>
         <wf lemma="の" pos="X">の</wf>
         <wf lemma="位置" pos="X">位置</wf>
         <wf lemma="を" pos="X">を</wf>
         <wf lemma="持つ" pos="X">持つ</wf>
         <wf lemma="." pos="X">.</wf>
      </sentence>
      <sentence id="d000.s5769" source="wordnet-japanese">
         <wf lemma="棒" pos="X">棒</wf>
         <wf lemma="や" pos="X">や</wf>
         <wf lemma="石" pos="X">石</wf>
         <wf lemma="は" pos="X">は</wf>
         <wf lemma="私" pos="X">私</wf>
         <wf lemma="の" pos="X">の</wf>
         <wf lemma="骨" pos="X">骨</wf>
         <wf lemma="を" pos="X">を</wf>
         <wf lemma="砕く" pos="X">砕く</wf>
         <wf lemma="かもしれ" pos="X">かもしれ</wf>
         <wf lemma="ませ" pos="X">ませ</wf>
         <wf lemma="ん" pos="X">ん</wf>
         <wf lemma="が" pos="X">が</wf>
         <wf lemma="、" pos="X">、</wf>
         <instance id="d000.s5769.t000" lemma="悪口" pos="NOUN">悪口</instance>
         <wf lemma="は" pos="X">は</wf>
         <wf lemma="決して" pos="X">決して</wf>
         <wf lemma="私" pos="X">私</wf>
         <wf lemma="を" pos="X">を</wf>
         <wf lemma="傷つける" pos="X">傷つける</wf>
         <wf lemma="こと" pos="X">こと</wf>
         <wf lemma="は" pos="X">は</wf>
         <wf lemma="でき" pos="X">でき</wf>
         <wf lemma="ない" pos="X">ない</wf>
         <wf lemma="." pos="X">.</wf>
      </sentence>
      <sentence id="d000.s5770" source="wordnet-japanese">
         <wf lemma="歩い" pos="X">歩い</wf>
         <wf lemma="て" pos="X">て</wf>
         <wf lemma="いる" pos="X">いる</wf>
         <wf lemma="間" pos="X">間</wf>
         <wf lemma="、" pos="X">、</wf>
         <wf lemma="後ろ" pos="X">後ろ</wf>
         <wf lemma="を" pos="X">を</wf>
         <instance id="d000.s5770.t000" lemma="振り向く" pos="VERB">振り向か</instance>
         <wf lemma="ない" pos="X">ない</wf>
         <wf lemma="で" pos="X">で</wf>
         <wf lemma="下さい" pos="X">下さい</wf>
         <wf lemma="." pos="X">.</wf>
      </sentence>
      <sentence id="d000.s5771" source="wordnet-japanese">
         <wf lemma="彼女" pos="X">彼女</wf>
         <wf lemma="は" pos="X">は</wf>
         <wf lemma="沈着" pos="X">沈着</wf>
         <wf lemma="を" pos="X">を</wf>
         <instance id="d000.s5771.t000" lemma="保つ" pos="VERB">保っ</instance>
         <wf lemma="た" pos="X">た</wf>
         <wf lemma="." pos="X">.</wf>
      </sentence>
      <sentence id="d000.s5772" source="wordnet-japanese">
         <instance id="d000.s5772.t000" lemma="運命" pos="NOUN">運命</instance>
         <wf lemma="の" pos="X">の</wf>
         <wf lemma="前" pos="X">前</wf>
         <wf lemma="で" pos="X">で</wf>
         <wf lemma="は" pos="X">は</wf>
         <wf lemma="我々" pos="X">我々</wf>
         <wf lemma="は" pos="X">は</wf>
         <wf lemma="無力" pos="X">無力</wf>
         <wf lemma="である" pos="X">である</wf>
         <wf lemma="." pos="X">.</wf>
      </sentence>
      <sentence id="d000.s5773" source="wordnet-japanese">
         <wf lemma="彼ら" pos="X">彼ら</wf>
         <wf lemma="は" pos="X">は</wf>
         <wf lemma="それら" pos="X">それら</wf>
         <wf lemma="の" pos="X">の</wf>
         <wf lemma="共同体" pos="X">共同体</wf>
         <wf lemma="の" pos="X">の</wf>
         <instance id="d000.s5773.t000" lemma="基準" pos="NOUN">基準</instance>
         <wf lemma="の" pos="X">の</wf>
         <wf lemma="もと" pos="X">もと</wf>
         <wf lemma="、" pos="X">、</wf>
         <wf lemma="生活" pos="X">生活</wf>
         <wf lemma="する" pos="X">する</wf>
         <wf lemma="." pos="X">.</wf>
      </sentence>
      <sentence id="d000.s5774" source="wordnet-japanese">
         <wf lemma="彼" pos="X">彼</wf>
         <wf lemma="は" pos="X">は</wf>
         <wf lemma="小さな" pos="X">小さな</wf>
         <instance id="d000.s5774.t000" lemma="クラブ" pos="NOUN">クラブ</instance>
         <wf lemma="を" pos="X">を</wf>
         <wf lemma="経営" pos="X">経営</wf>
         <wf lemma="し" pos="X">し</wf>
         <wf lemma="た" pos="X">た</wf>
         <wf lemma="." pos="X">.</wf>
      </sentence>
      <sentence id="d000.s5775" source="wordnet-japanese">
         <instance id="d000.s5775.t000" lemma="確実" pos="ADV">確実</instance>
         <wf lemma="に" pos="X">に</wf>
         <wf lemma="、" pos="X">、</wf>
         <wf lemma="彼" pos="X">彼</wf>
         <wf lemma="は" pos="X">は</wf>
         <wf lemma="来る" pos="X">来る</wf>
         <wf lemma="だろ" pos="X">だろ</wf>
         <wf lemma="う" pos="X">う</wf>
         <wf lemma="." pos="X">.</wf>
      </sentence>
      <sentence id="d000.s5776" source="wordnet-japanese">
         <wf lemma="良い" pos="X">良い</wf>
         <wf lemma="仕事" pos="X">仕事</wf>
         <wf lemma="を" pos="X">を</wf>
         <instance id="d000.s5776.t000" lemma="保つ" pos="VERB">保つ</instance>
         <wf lemma="." pos="X">.</wf>
      </sentence>
      <sentence id="d000.s5777" source="wordnet-japanese">
         <instance id="d000.s5777.t000" lemma="クォーターバック" pos="NOUN">クォーターバック</instance>
         <wf lemma="は" pos="X">は</wf>
         <wf lemma="、" pos="X">、</wf>
         <wf lemma="チーム" pos="X">チーム</wf>
         <wf lemma="で" pos="X">で</wf>
         <wf lemma="最も" pos="X">最も</wf>
         <wf lemma="重要" pos="X">重要</wf>
         <wf lemma="な" pos="X">な</wf>
         <wf lemma="ポジション" pos="X">ポジション</wf>
         <wf lemma="だ" pos="X">だ</wf>
         <wf lemma="." pos="X">.</wf>
      </sentence>
      <sentence id="d000.s5778" source="wordnet-japanese">
         <wf lemma="彼ら" pos="X">彼ら</wf>
         <wf lemma="は" pos="X">は</wf>
         <wf lemma="土壇場" pos="X">土壇場</wf>
         <wf lemma="に" pos="X">に</wf>
         <wf lemma="なっ" pos="X">なっ</wf>
         <wf lemma="て" pos="X">て</wf>
         <instance id="d000.s5778.t000" lemma="絶望" pos="NOUN">絶望</instance>
         <wf lemma="から" pos="X">から</wf>
         <wf lemma="救わ" pos="X">救わ</wf>
         <wf lemma="れ" pos="X">れ</wf>
         <wf lemma="た" pos="X">た</wf>
         <wf lemma="." pos="X">.</wf>
      </sentence>
      <sentence id="d000.s5779" source="wordnet-japanese">
         <wf lemma="彼" pos="X">彼</wf>
         <wf lemma="は" pos="X">は</wf>
         <wf lemma="、" pos="X">、</wf>
         <wf lemma="とんでも" pos="X">とんでも</wf>
         <wf lemma="ない" pos="X">ない</wf>
         <instance id="d000.s5779.t000" lemma="ジャンパー" pos="NOUN">ジャンパー</instance>
         <wf lemma="である" pos="X">である</wf>
         <wf lemma="." pos="X">.</wf>
      </sentence>
      <sentence id="d000.s5780" source="wordnet-japanese">
         <wf lemma="一部" pos="X">一部</wf>
         <wf lemma="の" pos="X">の</wf>
         <wf lemma="女優" pos="X">女優</wf>
         <wf lemma="は" pos="X">は</wf>
         <wf lemma="、" pos="X">、</wf>
         <wf lemma="複数" pos="X">複数</wf>
         <wf lemma="の" pos="X">の</wf>
         <instance id="d000.s5780.t000" lemma="美容整形" pos="NOUN">美容整形</instance>
         <wf lemma="を" pos="X">を</wf>
         <wf lemma="受ける" pos="X">受ける</wf>
         <wf lemma="." pos="X">.</wf>
      </sentence>
      <sentence id="d000.s5781" source="wordnet-japanese">
         <instance id="d000.s5781.t000" lemma="猛烈" pos="ADJ">猛烈</instance>
         <wf lemma="な" pos="X">な</wf>
         <wf lemma="雷鳴" pos="X">雷鳴</wf>
         <wf lemma="が" pos="X">が</wf>
         <wf lemma="その" pos="X">その</wf>
         <wf lemma="大" pos="X">大</wf>
         <wf lemma="音響" pos="X">音響</wf>
         <wf lemma="を" pos="X">を</wf>
         <wf lemma="私" pos="X">私</wf>
         <wf lemma="に" pos="X">に</wf>
         <wf lemma="向かっ" pos="X">向かっ</wf>
         <wf lemma="て" pos="X">て</wf>
         <wf lemma="とどろかせ" pos="X">とどろかせ</wf>
         <wf lemma="た" pos="X">た</wf>
         <wf lemma="." pos="X">.</wf>
      </sentence>
      <sentence id="d000.s5782" source="wordnet-japanese">
         <wf lemma="政治家" pos="X">政治家</wf>
         <wf lemma="は" pos="X">は</wf>
         <wf lemma="誰" pos="X">誰</wf>
         <wf lemma="で" pos="X">で</wf>
         <wf lemma="も" pos="X">も</wf>
         <instance id="d000.s5782.t000" lemma="買収金" pos="NOUN">買収金</instance>
         <wf lemma="を" pos="X">を</wf>
         <wf lemma="持っ" pos="X">持っ</wf>
         <wf lemma="て" pos="X">て</wf>
         <wf lemma="いる" pos="X">いる</wf>
         <wf lemma="と" pos="X">と</wf>
         <wf lemma="言わ" pos="X">言わ</wf>
         <wf lemma="れ" pos="X">れ</wf>
         <wf lemma="て" pos="X">て</wf>
         <wf lemma="いる" pos="X">いる</wf>
         <wf lemma="." pos="X">.</wf>
      </sentence>
      <sentence id="d000.s5783" source="wordnet-japanese">
         <wf lemma="彼女" pos="X">彼女</wf>
         <wf lemma="の" pos="X">の</wf>
         <wf lemma="ため" pos="X">ため</wf>
         <wf lemma="息" pos="X">息</wf>
         <wf lemma="は" pos="X">は</wf>
         <instance id="d000.s5783.t000" lemma="悲痛" pos="ADJ">悲痛</instance>
         <wf lemma="だっ" pos="X">だっ</wf>
         <wf lemma="た" pos="X">た</wf>
         <wf lemma="." pos="X">.</wf>
      </sentence>
      <sentence id="d000.s5784" source="wordnet-japanese">
         <wf lemma="彼女" pos="X">彼女</wf>
         <wf lemma="は" pos="X">は</wf>
         <wf lemma="昨年" pos="X">昨年</wf>
         <wf lemma="の" pos="X">の</wf>
         <wf lemma="実績" pos="X">実績</wf>
         <wf lemma="を" pos="X">を</wf>
         <instance id="d000.s5784.t000" lemma="上回る" pos="VERB">上回っ</instance>
         <wf lemma="て" pos="X">て</wf>
         <wf lemma="い" pos="X">い</wf>
         <wf lemma="た" pos="X">た</wf>
         <wf lemma="." pos="X">.</wf>
      </sentence>
      <sentence id="d000.s5785" source="wordnet-japanese">
         <wf lemma="彼ら" pos="X">彼ら</wf>
         <wf lemma="の" pos="X">の</wf>
         <wf lemma="軍" pos="X">軍</wf>
         <wf lemma="は" pos="X">は</wf>
         <wf lemma="未" pos="X">未</wf>
         <wf lemma="訓練" pos="X">訓練</wf>
         <wf lemma="の" pos="X">の</wf>
         <instance id="d000.s5785.t000" lemma="民兵" pos="NOUN">民兵</instance>
         <wf lemma="だっ" pos="X">だっ</wf>
         <wf lemma="た" pos="X">た</wf>
         <wf lemma="." pos="X">.</wf>
      </sentence>
      <sentence id="d000.s5786" source="wordnet-japanese">
         <wf lemma="何も" pos="X">何も</wf>
         <instance id="d000.s5786.t000" lemma="する" pos="VERB">し</instance>
         <wf lemma="ない" pos="X">ない</wf>
         <wf lemma="." pos="X">.</wf>
      </sentence>
      <sentence id="d000.s5787" source="wordnet-japanese">
         <wf lemma="それ" pos="X">それ</wf>
         <wf lemma="は" pos="X">は</wf>
         <wf lemma="お" pos="X">お</wf>
         <wf lemma="決まり" pos="X">決まり</wf>
         <wf lemma="の" pos="X">の</wf>
         <wf lemma="「" pos="X">「</wf>
         <wf lemma="男の子" pos="X">男の子</wf>
         <wf lemma="が" pos="X">が</wf>
         <wf lemma="女の" pos="X">女の</wf>
         <wf lemma="子" pos="X">子</wf>
         <wf lemma="を" pos="X">を</wf>
         <wf lemma="得る" pos="X">得る</wf>
         <wf lemma="」" pos="X">」</wf>
         <instance id="d000.s5787.t000" lemma="テーマ" pos="NOUN">テーマ</instance>
         <wf lemma="であっ" pos="X">であっ</wf>
         <wf lemma="た" pos="X">た</wf>
         <wf lemma="." pos="X">.</wf>
      </sentence>
      <sentence id="d000.s5788" source="wordnet-japanese">
         <wf lemma="私" pos="X">私</wf>
         <wf lemma="に" pos="X">に</wf>
         <wf lemma="背" pos="X">背</wf>
         <wf lemma="を" pos="X">を</wf>
         <wf lemma="向ける" pos="X">向ける</wf>
         <wf lemma="の" pos="X">の</wf>
         <wf lemma="は" pos="X">は</wf>
         <wf lemma="、" pos="X">、</wf>
         <wf lemma="故意" pos="X">故意</wf>
         <wf lemma="の" pos="X">の</wf>
         <instance id="d000.s5788.t000" lemma="侮辱" pos="NOUN">侮辱</instance>
         <wf lemma="だっ" pos="X">だっ</wf>
         <wf lemma="た" pos="X">た</wf>
         <wf lemma="." pos="X">.</wf>
      </sentence>
      <sentence id="d000.s5789" source="wordnet-japanese">
         <wf lemma="彼" pos="X">彼</wf>
         <wf lemma="は" pos="X">は</wf>
         <wf lemma="、" pos="X">、</wf>
         <wf lemma="鏡面" pos="X">鏡面</wf>
         <wf lemma="仕上げ" pos="X">仕上げ</wf>
         <wf lemma="の" pos="X">の</wf>
         <instance id="d000.s5789.t000" lemma="サングラス" pos="NOUN">サングラス</instance>
         <wf lemma="を" pos="X">を</wf>
         <wf lemma="着用" pos="X">着用</wf>
         <wf lemma="し" pos="X">し</wf>
         <wf lemma="て" pos="X">て</wf>
         <wf lemma="い" pos="X">い</wf>
         <wf lemma="た" pos="X">た</wf>
         <wf lemma="." pos="X">.</wf>
      </sentence>
      <sentence id="d000.s5790" source="wordnet-japanese">
         <wf lemma="赤い" pos="X">赤い</wf>
         <instance id="d000.s5790.t000" lemma="斑点" pos="NOUN">斑点</instance>
         <wf lemma="." pos="X">.</wf>
      </sentence>
      <sentence id="d000.s5791" source="wordnet-japanese">
         <wf lemma="青少年" pos="X">青少年</wf>
         <wf lemma="犯罪者" pos="X">犯罪者</wf>
         <wf lemma="の" pos="X">の</wf>
         <instance id="d000.s5791.t000" lemma="心配" pos="ADJ">心配</instance>
         <wf lemma="し" pos="X">し</wf>
         <wf lemma="て" pos="X">て</wf>
         <wf lemma="いる" pos="X">いる</wf>
         <wf lemma="両親" pos="X">両親</wf>
         <wf lemma="." pos="X">.</wf>
      </sentence>
      <sentence id="d000.s5792" source="wordnet-japanese">
         <wf lemma="大工" pos="X">大工</wf>
         <wf lemma="は" pos="X">は</wf>
         <wf lemma="彼" pos="X">彼</wf>
         <wf lemma="の" pos="X">の</wf>
         <instance id="d000.s5792.t000" lemma="巻尺" pos="NOUN">巻尺</instance>
         <wf lemma="を" pos="X">を</wf>
         <wf lemma="使用" pos="X">使用</wf>
         <wf lemma="する" pos="X">する</wf>
         <wf lemma="べき" pos="X">べき</wf>
         <wf lemma="だっ" pos="X">だっ</wf>
         <wf lemma="た" pos="X">た</wf>
         <wf lemma="." pos="X">.</wf>
      </sentence>
      <sentence id="d000.s5793" source="wordnet-japanese">
         <instance id="d000.s5793.t000" lemma="些細" pos="ADJ">些細</instance>
         <wf lemma="な" pos="X">な</wf>
         <wf lemma="詳細" pos="X">詳細</wf>
         <wf lemma="に関する" pos="X">に関する</wf>
         <wf lemma="議論" pos="X">議論</wf>
         <wf lemma="." pos="X">.</wf>
      </sentence>
      <sentence id="d000.s5794" source="wordnet-japanese">
         <wf lemma="胃腸管" pos="X">胃腸管</wf>
         <wf lemma="で" pos="X">で</wf>
         <instance id="d000.s5794.t000" lemma="発見" pos="NOUN">発見</instance>
         <wf lemma="さ" pos="X">さ</wf>
         <wf lemma="れ" pos="X">れ</wf>
         <wf lemma="た" pos="X">た</wf>
         <wf lemma="物" pos="X">物</wf>
         <wf lemma="から" pos="X">から</wf>
         <wf lemma="彼" pos="X">彼</wf>
         <wf lemma="が" pos="X">が</wf>
         <wf lemma="食後" pos="X">食後</wf>
         <wf lemma="数" pos="X">数</wf>
         <wf lemma="時間" pos="X">時間</wf>
         <wf lemma="し" pos="X">し</wf>
         <wf lemma="て" pos="X">て</wf>
         <wf lemma="死ん" pos="X">死ん</wf>
         <wf lemma="だ" pos="X">だ</wf>
         <wf lemma="こと" pos="X">こと</wf>
         <wf lemma="が" pos="X">が</wf>
         <wf lemma="わかる" pos="X">わかる</wf>
         <wf lemma="." pos="X">.</wf>
      </sentence>
      <sentence id="d000.s5795" source="wordnet-japanese">
         <wf lemma="医師" pos="X">医師</wf>
         <wf lemma="は" pos="X">は</wf>
         <wf lemma="毎朝" pos="X">毎朝</wf>
         <wf lemma="一番" pos="X">一番</wf>
         <wf lemma="に" pos="X">に</wf>
         <instance id="d000.s5795.t000" lemma="巡回" pos="NOUN">巡回</instance>
         <wf lemma="する" pos="X">する</wf>
         <wf lemma="." pos="X">.</wf>
      </sentence>
      <sentence id="d000.s5796" source="wordnet-japanese">
         <wf lemma="私" pos="X">私</wf>
         <wf lemma="にとって" pos="X">にとって</wf>
         <instance id="d000.s5796.t000" lemma="好ましい" pos="ADJ">好ましい</instance>
         <wf lemma="人物" pos="X">人物</wf>
         <wf lemma="と" pos="X">と</wf>
         <wf lemma="は" pos="X">は</wf>
         <wf lemma="…" pos="X">…</wf>
         <wf lemma="私" pos="X">私</wf>
         <wf lemma="に" pos="X">に</wf>
         <wf lemma="同意" pos="X">同意</wf>
         <wf lemma="する" pos="X">する</wf>
         <wf lemma="人" pos="X">人</wf>
         <wf lemma="である" pos="X">である</wf>
         <wf lemma="−" pos="X">−</wf>
         <wf lemma="ディズレーリ" pos="X">ディズレーリ</wf>
         <wf lemma="." pos="X">.</wf>
      </sentence>
      <sentence id="d000.s5797" source="wordnet-japanese">
         <wf lemma="この" pos="X">この</wf>
         <wf lemma="こと" pos="X">こと</wf>
         <wf lemma="わざ" pos="X">わざ</wf>
         <wf lemma="の" pos="X">の</wf>
         <instance id="d000.s5797.t000" lemma="意味" pos="NOUN">意味</instance>
         <wf lemma="は" pos="X">は</wf>
         <wf lemma="何" pos="X">何</wf>
         <wf lemma="です" pos="X">です</wf>
         <wf lemma="か" pos="X">か</wf>
         <wf lemma="？" pos="X">？</wf>
         <wf lemma="." pos="X">.</wf>
      </sentence>
      <sentence id="d000.s5798" source="wordnet-japanese">
         <instance id="d000.s5798.t000" lemma="軽い" pos="ADJ">軽い</instance>
         <wf lemma="皮肉" pos="X">皮肉</wf>
         <wf lemma="気味" pos="X">気味</wf>
         <wf lemma="." pos="X">.</wf>
      </sentence>
      <sentence id="d000.s5799" source="wordnet-japanese">
         <wf lemma="行儀" pos="X">行儀</wf>
         <wf lemma="も" pos="X">も</wf>
         <wf lemma="見" pos="X">見</wf>
         <wf lemma="た目" pos="X">た目</wf>
         <wf lemma="も" pos="X">も</wf>
         <instance id="d000.s5799.t000" lemma="好ましい" pos="ADJ">好ましい</instance>
         <wf lemma="." pos="X">.</wf>
      </sentence>
      <sentence id="d000.s5800" source="wordnet-japanese">
         <wf lemma="彼" pos="X">彼</wf>
         <wf lemma="は" pos="X">は</wf>
         <wf lemma="、" pos="X">、</wf>
         <wf lemma="星" pos="X">星</wf>
         <wf lemma="の" pos="X">の</wf>
         <wf lemma="間" pos="X">間</wf>
         <wf lemma="の" pos="X">の</wf>
         <instance id="d000.s5800.t000" lemma="角距離" pos="NOUN">角距離</instance>
         <wf lemma="を" pos="X">を</wf>
         <wf lemma="記録" pos="X">記録</wf>
         <wf lemma="し" pos="X">し</wf>
         <wf lemma="た" pos="X">た</wf>
         <wf lemma="." pos="X">.</wf>
      </sentence>
      <sentence id="d000.s5801" source="wordnet-japanese">
         <wf lemma="彼ら" pos="X">彼ら</wf>
         <wf lemma="は" pos="X">は</wf>
         <wf lemma="、" pos="X">、</wf>
         <wf lemma="新居" pos="X">新居</wf>
         <wf lemma="に" pos="X">に</wf>
         <instance id="d000.s5801.t000" lemma="大金" pos="NOUN">大金</instance>
         <wf lemma="を" pos="X">を</wf>
         <wf lemma="つぎこん" pos="X">つぎこん</wf>
         <wf lemma="だ" pos="X">だ</wf>
         <wf lemma="." pos="X">.</wf>
      </sentence>
      <sentence id="d000.s5802" source="wordnet-japanese">
         <instance id="d000.s5802.t000" lemma="正常" pos="ADJ">正常</instance>
         <wf lemma="な" pos="X">な</wf>
         <wf lemma="語順" pos="X">語順</wf>
         <wf lemma="." pos="X">.</wf>
      </sentence>
      <sentence id="d000.s5803" source="wordnet-japanese">
         <wf lemma="バッタ" pos="X">バッタ</wf>
         <wf lemma="の" pos="X">の</wf>
         <instance id="d000.s5803.t000" lemma="侵入" pos="NOUN">侵入</instance>
         <wf lemma="." pos="X">.</wf>
      </sentence>
      <sentence id="d000.s5804" source="wordnet-japanese">
         <instance id="d000.s5804.t000" lemma="大幅" pos="ADJ">大幅</instance>
         <wf lemma="な" pos="X">な</wf>
         <wf lemma="改善" pos="X">改善</wf>
         <wf lemma="." pos="X">.</wf>
      </sentence>
      <sentence id="d000.s5805" source="wordnet-japanese">
         <wf lemma="その" pos="X">その</wf>
         <wf lemma="屋根" pos="X">屋根</wf>
         <wf lemma="は" pos="X">は</wf>
         <instance id="d000.s5805.t000" lemma="傾斜" pos="NOUN">傾斜</instance>
         <wf lemma="が" pos="X">が</wf>
         <wf lemma="急" pos="X">急</wf>
         <wf lemma="だっ" pos="X">だっ</wf>
         <wf lemma="た" pos="X">た</wf>
         <wf lemma="." pos="X">.</wf>
      </sentence>
      <sentence id="d000.s5806" source="wordnet-japanese">
         <wf lemma="救助隊" pos="X">救助隊</wf>
         <wf lemma="が" pos="X">が</wf>
         <instance id="d000.s5806.t000" lemma="援助" pos="NOUN">援助</instance>
         <wf lemma="し" pos="X">し</wf>
         <wf lemma="に" pos="X">に</wf>
         <wf lemma="行っ" pos="X">行っ</wf>
         <wf lemma="た" pos="X">た</wf>
         <wf lemma="." pos="X">.</wf>
      </sentence>
      <sentence id="d000.s5807" source="wordnet-japanese">
         <wf lemma="彼女" pos="X">彼女</wf>
         <wf lemma="は" pos="X">は</wf>
         <wf lemma="その" pos="X">その</wf>
         <wf lemma="小説" pos="X">小説</wf>
         <wf lemma="の" pos="X">の</wf>
         <wf lemma="主" pos="X">主</wf>
         <wf lemma="な" pos="X">な</wf>
         <instance id="d000.s5807.t000" lemma="キャラクター" pos="NOUN">キャラクター</instance>
         <wf lemma="である" pos="X">である</wf>
         <wf lemma="." pos="X">.</wf>
      </sentence>
      <sentence id="d000.s5808" source="wordnet-japanese">
         <instance id="d000.s5808.t000" lemma="分厚い" pos="ADJ">分厚い</instance>
         <wf lemma="サンドイッチ" pos="X">サンドイッチ</wf>
         <wf lemma="." pos="X">.</wf>
      </sentence>
      <sentence id="d000.s5809" source="wordnet-japanese">
         <wf lemma="会社" pos="X">会社</wf>
         <wf lemma="は" pos="X">は</wf>
         <wf lemma="2" pos="X">2</wf>
         <wf lemma="世紀" pos="X">世紀</wf>
         <wf lemma="に" pos="X">に</wf>
         <wf lemma="わたっ" pos="X">わたっ</wf>
         <wf lemma="て" pos="X">て</wf>
         <wf lemma="、" pos="X">、</wf>
         <wf lemma="おもちゃ" pos="X">おもちゃ</wf>
         <wf lemma="を" pos="X">を</wf>
         <instance id="d000.s5809.t000" lemma="作る" pos="VERB">作っ</instance>
         <wf lemma="て" pos="X">て</wf>
         <wf lemma="いる" pos="X">いる</wf>
         <wf lemma="." pos="X">.</wf>
      </sentence>
      <sentence id="d000.s5810" source="wordnet-japanese">
         <instance id="d000.s5810.t000" lemma="黒っぽい" pos="ADJ">黒っぽい</instance>
         <wf lemma="雲" pos="X">雲</wf>
         <wf lemma="." pos="X">.</wf>
      </sentence>
      <sentence id="d000.s5811" source="wordnet-japanese">
         <wf lemma="彼ら" pos="X">彼ら</wf>
         <wf lemma="は" pos="X">は</wf>
         <wf lemma="レース" pos="X">レース</wf>
         <wf lemma="の" pos="X">の</wf>
         <wf lemma="結果" pos="X">結果</wf>
         <wf lemma="を" pos="X">を</wf>
         <instance id="d000.s5811.t000" lemma="争う" pos="VERB">争い</instance>
         <wf lemma="まし" pos="X">まし</wf>
         <wf lemma="た" pos="X">た</wf>
         <wf lemma="." pos="X">.</wf>
      </sentence>
      <sentence id="d000.s5812" source="wordnet-japanese">
         <wf lemma="彼" pos="X">彼</wf>
         <wf lemma="は" pos="X">は</wf>
         <wf lemma="、" pos="X">、</wf>
         <wf lemma="偉大" pos="X">偉大</wf>
         <wf lemma="な" pos="X">な</wf>
         <wf lemma="ホスト" pos="X">ホスト</wf>
         <wf lemma="に" pos="X">に</wf>
         <instance id="d000.s5812.t000" lemma="なる" pos="VERB">なる</instance>
         <wf lemma="." pos="X">.</wf>
      </sentence>
      <sentence id="d000.s5813" source="wordnet-japanese">
         <wf lemma="展示物" pos="X">展示物</wf>
         <wf lemma="を" pos="X">を</wf>
         <instance id="d000.s5813.t000" lemma="見る" pos="VERB">見</instance>
         <wf lemma="て" pos="X">て</wf>
         <wf lemma="ください" pos="X">ください</wf>
         <wf lemma="." pos="X">.</wf>
      </sentence>
      <sentence id="d000.s5814" source="wordnet-japanese">
         <wf lemma="批判" pos="X">批判</wf>
         <wf lemma="に対する" pos="X">に対する</wf>
         <instance id="d000.s5814.t000" lemma="免疫" pos="NOUN">免疫</instance>
         <wf lemma="." pos="X">.</wf>
      </sentence>
      <sentence id="d000.s5815" source="wordnet-japanese">
         <wf lemma="小さい" pos="X">小さい</wf>
         <wf lemma="黒い" pos="X">黒い</wf>
         <wf lemma="縞か" pos="X">縞か</wf>
         <instance id="d000.s5815.t000" lemma="バー" pos="NOUN">バー</instance>
         <wf lemma="が" pos="X">が</wf>
         <wf lemma="ある" pos="X">ある</wf>
         <wf lemma="緑色" pos="X">緑色</wf>
         <wf lemma="の" pos="X">の</wf>
         <wf lemma="ヒキガエル" pos="X">ヒキガエル</wf>
         <wf lemma="." pos="X">.</wf>
      </sentence>
      <sentence id="d000.s5816" source="wordnet-japanese">
         <instance id="d000.s5816.t000" lemma="溶媒" pos="NOUN">溶媒</instance>
         <wf lemma="は" pos="X">は</wf>
         <wf lemma="、" pos="X">、</wf>
         <wf lemma="溶液" pos="X">溶液</wf>
         <wf lemma="を" pos="X">を</wf>
         <wf lemma="形成" pos="X">形成</wf>
         <wf lemma="する" pos="X">する</wf>
         <wf lemma="際" pos="X">際</wf>
         <wf lemma="に" pos="X">に</wf>
         <wf lemma="、" pos="X">、</wf>
         <wf lemma="その" pos="X">その</wf>
         <wf lemma="状態" pos="X">状態</wf>
         <wf lemma="を" pos="X">を</wf>
         <wf lemma="変え" pos="X">変え</wf>
         <wf lemma="ない" pos="X">ない</wf>
         <wf lemma="." pos="X">.</wf>
      </sentence>
      <sentence id="d000.s5817" source="wordnet-japanese">
         <wf lemma="ロイヤル" pos="X">ロイヤル</wf>
         <instance id="d000.s5817.t000" lemma="ボックス" pos="NOUN">ボックス</instance>
         <wf lemma="は" pos="X">は</wf>
         <wf lemma="空っぽ" pos="X">空っぽ</wf>
         <wf lemma="だっ" pos="X">だっ</wf>
         <wf lemma="た" pos="X">た</wf>
         <wf lemma="." pos="X">.</wf>
      </sentence>
      <sentence id="d000.s5818" source="wordnet-japanese">
         <wf lemma="彼" pos="X">彼</wf>
         <wf lemma="は" pos="X">は</wf>
         <wf lemma="偉大" pos="X">偉大</wf>
         <wf lemma="な" pos="X">な</wf>
         <instance id="d000.s5818.t000" lemma="偉業" pos="NOUN">偉業</instance>
         <wf lemma="を" pos="X">を</wf>
         <wf lemma="果たし" pos="X">果たし</wf>
         <wf lemma="た" pos="X">た</wf>
         <wf lemma="." pos="X">.</wf>
      </sentence>
      <sentence id="d000.s5819" source="wordnet-japanese">
         <wf lemma="彼女" pos="X">彼女</wf>
         <wf lemma="は" pos="X">は</wf>
         <wf lemma="自分" pos="X">自分</wf>
         <wf lemma="が" pos="X">が</wf>
         <wf lemma="非常" pos="X">非常</wf>
         <wf lemma="に" pos="X">に</wf>
         <wf lemma="幸運" pos="X">幸運</wf>
         <wf lemma="な" pos="X">な</wf>
         <instance id="d000.s5819.t000" lemma="立場" pos="NOUN">立場</instance>
         <wf lemma="に" pos="X">に</wf>
         <wf lemma="いる" pos="X">いる</wf>
         <wf lemma="こと" pos="X">こと</wf>
         <wf lemma="に" pos="X">に</wf>
         <wf lemma="気づい" pos="X">気づい</wf>
         <wf lemma="た" pos="X">た</wf>
         <wf lemma="." pos="X">.</wf>
      </sentence>
      <sentence id="d000.s5820" source="wordnet-japanese">
         <wf lemma="彼女" pos="X">彼女</wf>
         <wf lemma="の" pos="X">の</wf>
         <wf lemma="表情" pos="X">表情</wf>
         <wf lemma="の" pos="X">の</wf>
         <instance id="d000.s5820.t000" lemma="輝き" pos="NOUN">輝き</instance>
         <wf lemma="." pos="X">.</wf>
      </sentence>
      <sentence id="d000.s5821" source="wordnet-japanese">
         <instance id="d000.s5821.t000" lemma="不活性" pos="ADJ">不活性</instance>
         <wf lemma="な" pos="X">な</wf>
         <wf lemma="物質" pos="X">物質</wf>
         <wf lemma="." pos="X">.</wf>
      </sentence>
      <sentence id="d000.s5822" source="wordnet-japanese">
         <instance id="d000.s5822.t000" lemma="涼しい" pos="ADJ">涼しい</instance>
         <wf lemma="風" pos="X">風</wf>
         <wf lemma="." pos="X">.</wf>
      </sentence>
      <sentence id="d000.s5823" source="wordnet-japanese">
         <wf lemma="彼" pos="X">彼</wf>
         <wf lemma="は" pos="X">は</wf>
         <wf lemma="、" pos="X">、</wf>
         <instance id="d000.s5823.t000" lemma="スライス" pos="NOUN">スライス</instance>
         <wf lemma="を" pos="X">を</wf>
         <wf lemma="治す" pos="X">治す</wf>
         <wf lemma="ため" pos="X">ため</wf>
         <wf lemma="に" pos="X">に</wf>
         <wf lemma="レッスン" pos="X">レッスン</wf>
         <wf lemma="を" pos="X">を</wf>
         <wf lemma="受け" pos="X">受け</wf>
         <wf lemma="た" pos="X">た</wf>
         <wf lemma="." pos="X">.</wf>
      </sentence>
      <sentence id="d000.s5824" source="wordnet-japanese">
         <wf lemma="彼ら" pos="X">彼ら</wf>
         <wf lemma="は" pos="X">は</wf>
         <wf lemma="設備" pos="X">設備</wf>
         <wf lemma="の" pos="X">の</wf>
         <instance id="d000.s5824.t000" lemma="点検" pos="NOUN">点検</instance>
         <wf lemma="を" pos="X">を</wf>
         <wf lemma="行っ" pos="X">行っ</wf>
         <wf lemma="た" pos="X">た</wf>
         <wf lemma="." pos="X">.</wf>
      </sentence>
      <sentence id="d000.s5825" source="wordnet-japanese">
         <instance id="d000.s5825.t000" lemma="寒さ" pos="NOUN">寒さ</instance>
         <wf lemma="は" pos="X">は</wf>
         <wf lemma="、" pos="X">、</wf>
         <wf lemma="彼" pos="X">彼</wf>
         <wf lemma="の" pos="X">の</wf>
         <wf lemma="頭" pos="X">頭</wf>
         <wf lemma="を" pos="X">を</wf>
         <wf lemma="すっきり" pos="X">すっきり</wf>
         <wf lemma="する" pos="X">する</wf>
         <wf lemma="の" pos="X">の</wf>
         <wf lemma="に" pos="X">に</wf>
         <wf lemma="役立っ" pos="X">役立っ</wf>
         <wf lemma="た" pos="X">た</wf>
         <wf lemma="." pos="X">.</wf>
      </sentence>
      <sentence id="d000.s5826" source="wordnet-japanese">
         <wf lemma="彼" pos="X">彼</wf>
         <wf lemma="は" pos="X">は</wf>
         <wf lemma="自分" pos="X">自分</wf>
         <wf lemma="の" pos="X">の</wf>
         <wf lemma="絵画" pos="X">絵画</wf>
         <wf lemma="に" pos="X">に</wf>
         <instance id="d000.s5826.t000" lemma="表題" pos="NOUN">表題</instance>
         <wf lemma="を" pos="X">を</wf>
         <wf lemma="つける" pos="X">つける</wf>
         <wf lemma="の" pos="X">の</wf>
         <wf lemma="を" pos="X">を</wf>
         <wf lemma="拒否" pos="X">拒否</wf>
         <wf lemma="し" pos="X">し</wf>
         <wf lemma="た" pos="X">た</wf>
         <wf lemma="." pos="X">.</wf>
      </sentence>
      <sentence id="d000.s5827" source="wordnet-japanese">
         <wf lemma="機構" pos="X">機構</wf>
         <wf lemma="に" pos="X">に</wf>
         <wf lemma="挑ん" pos="X">挑ん</wf>
         <wf lemma="だ" pos="X">だ</wf>
         <instance id="d000.s5827.t000" lemma="活発" pos="ADJ">活発</instance>
         <wf lemma="な" pos="X">な</wf>
         <wf lemma="グループ" pos="X">グループ</wf>
         <wf lemma="." pos="X">.</wf>
      </sentence>
      <sentence id="d000.s5828" source="wordnet-japanese">
         <wf lemma="彼" pos="X">彼</wf>
         <wf lemma="は" pos="X">は</wf>
         <wf lemma="悪魔" pos="X">悪魔</wf>
         <wf lemma="と" pos="X">と</wf>
         <instance id="d000.s5828.t000" lemma="取引" pos="NOUN">取引</instance>
         <wf lemma="し" pos="X">し</wf>
         <wf lemma="た" pos="X">た</wf>
         <wf lemma="." pos="X">.</wf>
      </sentence>
      <sentence id="d000.s5829" source="wordnet-japanese">
         <wf lemma="交渉" pos="X">交渉</wf>
         <wf lemma="における" pos="X">における</wf>
         <instance id="d000.s5829.t000" lemma="手ぶら" pos="ADJ">手ぶら</instance>
         <wf lemma="で" pos="X">で</wf>
         <wf lemma="の" pos="X">の</wf>
         <wf lemma="帰還" pos="X">帰還</wf>
         <wf lemma="." pos="X">.</wf>
      </sentence>
      <sentence id="d000.s5830" source="wordnet-japanese">
         <wf lemma="小麦" pos="X">小麦</wf>
         <wf lemma="の" pos="X">の</wf>
         <instance id="d000.s5830.t000" lemma="単位" pos="NOUN">単位</instance>
         <wf lemma="は" pos="X">は</wf>
         <wf lemma="ブッシェル" pos="X">ブッシェル</wf>
         <wf lemma="だ" pos="X">だ</wf>
         <wf lemma="." pos="X">.</wf>
      </sentence>
      <sentence id="d000.s5831" source="wordnet-japanese">
         <wf lemma="部屋" pos="X">部屋</wf>
         <wf lemma="を" pos="X">を</wf>
         <instance id="d000.s5831.t000" lemma="去る" pos="VERB">去る</instance>
         <wf lemma="." pos="X">.</wf>
      </sentence>
      <sentence id="d000.s5832" source="wordnet-japanese">
         <wf lemma="だれ" pos="X">だれ</wf>
         <wf lemma="が" pos="X">が</wf>
         <wf lemma="結婚式" pos="X">結婚式</wf>
         <wf lemma="を" pos="X">を</wf>
         <instance id="d000.s5832.t000" lemma="行う" pos="VERB">行う</instance>
         <wf lemma="の" pos="X">の</wf>
         <wf lemma="か" pos="X">か</wf>
         <wf lemma="." pos="X">.</wf>
      </sentence>
      <sentence id="d000.s5833" source="wordnet-japanese">
         <wf lemma="昇進" pos="X">昇進</wf>
         <wf lemma="で" pos="X">で</wf>
         <instance id="d000.s5833.t000" lemma="満足" pos="ADJ">満足</instance>
         <wf lemma="する" pos="X">する</wf>
         <wf lemma="地位" pos="X">地位</wf>
         <wf lemma="を" pos="X">を</wf>
         <wf lemma="得る" pos="X">得る</wf>
         <wf lemma="." pos="X">.</wf>
      </sentence>
      <sentence id="d000.s5834" source="wordnet-japanese">
         <instance id="d000.s5834.t000" lemma="いかがわしい" pos="ADJ">いかがわしい</instance>
         <wf lemma="絵" pos="X">絵</wf>
         <wf lemma="." pos="X">.</wf>
      </sentence>
      <sentence id="d000.s5835" source="wordnet-japanese">
         <wf lemma="喉" pos="X">喉</wf>
         <wf lemma="を" pos="X">を</wf>
         <instance id="d000.s5835.t000" lemma="かき切る" pos="VERB">かき切る</instance>
         <wf lemma="." pos="X">.</wf>
      </sentence>
      <sentence id="d000.s5836" source="wordnet-japanese">
         <instance id="d000.s5836.t000" lemma="短い" pos="ADJ">短い</instance>
         <wf lemma="記憶" pos="X">記憶</wf>
         <wf lemma="." pos="X">.</wf>
      </sentence>
      <sentence id="d000.s5837" source="wordnet-japanese">
         <wf lemma="領土" pos="X">領土</wf>
         <wf lemma="紛争" pos="X">紛争</wf>
         <wf lemma="は" pos="X">は</wf>
         <wf lemma="１９９１" pos="X">１９９１</wf>
         <wf lemma="年" pos="X">年</wf>
         <wf lemma="に" pos="X">に</wf>
         <wf lemma="グアテマラ" pos="X">グアテマラ</wf>
         <wf lemma="の" pos="X">の</wf>
         <wf lemma="ベリーズ" pos="X">ベリーズ</wf>
         <wf lemma="の" pos="X">の</wf>
         <instance id="d000.s5837.t000" lemma="承認" pos="NOUN">承認</instance>
         <wf lemma="で" pos="X">で</wf>
         <wf lemma="解決" pos="X">解決</wf>
         <wf lemma="し" pos="X">し</wf>
         <wf lemma="た" pos="X">た</wf>
         <wf lemma="." pos="X">.</wf>
      </sentence>
      <sentence id="d000.s5838" source="wordnet-japanese">
         <wf lemma="平均" pos="X">平均</wf>
         <instance id="d000.s5838.t000" lemma="利益" pos="NOUN">利益</instance>
         <wf lemma="は" pos="X">は</wf>
         <wf lemma="約" pos="X">約</wf>
         <wf lemma="5" pos="X">5</wf>
         <wf lemma="％" pos="X">％</wf>
         <wf lemma="だっ" pos="X">だっ</wf>
         <wf lemma="た" pos="X">た</wf>
         <wf lemma="." pos="X">.</wf>
      </sentence>
      <sentence id="d000.s5839" source="wordnet-japanese">
         <wf lemma="有能" pos="X">有能</wf>
         <wf lemma="な" pos="X">な</wf>
         <wf lemma="管理職" pos="X">管理職</wf>
         <wf lemma="は" pos="X">は</wf>
         <wf lemma="、" pos="X">、</wf>
         <instance id="d000.s5839.t000" lemma="決断" pos="NOUN">決断</instance>
         <wf lemma="が" pos="X">が</wf>
         <wf lemma="うまく" pos="X">うまく</wf>
         <wf lemma="なければ" pos="X">なければ</wf>
         <wf lemma="なら" pos="X">なら</wf>
         <wf lemma="ない" pos="X">ない</wf>
         <wf lemma="." pos="X">.</wf>
      </sentence>
      <sentence id="d000.s5840" source="wordnet-japanese">
         <wf lemma="動揺" pos="X">動揺</wf>
         <wf lemma="し" pos="X">し</wf>
         <wf lemma="て" pos="X">て</wf>
         <wf lemma="多く" pos="X">多く</wf>
         <wf lemma="の" pos="X">の</wf>
         <wf lemma="ミス" pos="X">ミス</wf>
         <wf lemma="や" pos="X">や</wf>
         <instance id="d000.s5840.t000" lemma="転落" pos="NOUN">転落</instance>
         <wf lemma="が" pos="X">が</wf>
         <wf lemma="何回" pos="X">何回</wf>
         <wf lemma="か" pos="X">か</wf>
         <wf lemma="あっ" pos="X">あっ</wf>
         <wf lemma="た" pos="X">た</wf>
         <wf lemma="." pos="X">.</wf>
      </sentence>
      <sentence id="d000.s5841" source="wordnet-japanese">
         <wf lemma="乾燥" pos="X">乾燥</wf>
         <wf lemma="肌" pos="X">肌</wf>
         <wf lemma="用" pos="X">用</wf>
         <instance id="d000.s5841.t000" lemma="ローション" pos="NOUN">ローション</instance>
         <wf lemma="." pos="X">.</wf>
      </sentence>
      <sentence id="d000.s5842" source="wordnet-japanese">
         <wf lemma="彼" pos="X">彼</wf>
         <wf lemma="のけが" pos="X">のけが</wf>
         <wf lemma="の" pos="X">の</wf>
         <wf lemma="知らせ" pos="X">知らせ</wf>
         <wf lemma="を" pos="X">を</wf>
         <wf lemma="聞い" pos="X">聞い</wf>
         <wf lemma="て" pos="X">て</wf>
         <instance id="d000.s5842.t000" lemma="衝撃" pos="NOUN">衝撃</instance>
         <wf lemma="を" pos="X">を</wf>
         <wf lemma="受け" pos="X">受け</wf>
         <wf lemma="た" pos="X">た</wf>
         <wf lemma="." pos="X">.</wf>
      </sentence>
      <sentence id="d000.s5843" source="wordnet-japanese">
         <wf lemma="特徴" pos="X">特徴</wf>
         <wf lemma="が" pos="X">が</wf>
         <instance id="d000.s5843.t000" lemma="哀れ" pos="ADJ">哀れ</instance>
         <wf lemma="に" pos="X">に</wf>
         <wf lemma="欠落" pos="X">欠落</wf>
         <wf lemma="し" pos="X">し</wf>
         <wf lemma="た" pos="X">た</wf>
         <wf lemma="." pos="X">.</wf>
      </sentence>
      <sentence id="d000.s5844" source="wordnet-japanese">
         <instance id="d000.s5844.t000" lemma="客観的" pos="ADJ">客観的</instance>
         <wf lemma="な" pos="X">な</wf>
         <wf lemma="証拠" pos="X">証拠</wf>
         <wf lemma="." pos="X">.</wf>
      </sentence>
      <sentence id="d000.s5845" source="wordnet-japanese">
         <wf lemma="多く" pos="X">多く</wf>
         <wf lemma="の" pos="X">の</wf>
         <instance id="d000.s5845.t000" lemma="要素" pos="NOUN">要素</instance>
         <wf lemma="が" pos="X">が</wf>
         <wf lemma="結果" pos="X">結果</wf>
         <wf lemma="を" pos="X">を</wf>
         <wf lemma="決定" pos="X">決定</wf>
         <wf lemma="し" pos="X">し</wf>
         <wf lemma="た" pos="X">た</wf>
         <wf lemma="." pos="X">.</wf>
      </sentence>
      <sentence id="d000.s5846" source="wordnet-japanese">
         <wf lemma="そこ" pos="X">そこ</wf>
         <wf lemma="へ" pos="X">へ</wf>
         <wf lemma="1" pos="X">1</wf>
         <wf lemma="万人" pos="X">万人</wf>
         <wf lemma="の" pos="X">の</wf>
         <wf lemma="騎兵" pos="X">騎兵</wf>
         <wf lemma="と" pos="X">と</wf>
         <wf lemma="同じ" pos="X">同じ</wf>
         <wf lemma="数" pos="X">数</wf>
         <wf lemma="の" pos="X">の</wf>
         <wf lemma="フル" pos="X">フル</wf>
         <wf lemma="装備" pos="X">装備</wf>
         <wf lemma="の" pos="X">の</wf>
         <instance id="d000.s5846.t000" lemma="歩兵" pos="NOUN">歩兵</instance>
         <wf lemma="が" pos="X">が</wf>
         <wf lemma="やっ" pos="X">やっ</wf>
         <wf lemma="て" pos="X">て</wf>
         <wf lemma="き" pos="X">き</wf>
         <wf lemma="た" pos="X">た</wf>
         <wf lemma="." pos="X">.</wf>
      </sentence>
      <sentence id="d000.s5847" source="wordnet-japanese">
         <wf lemma="あなた" pos="X">あなた</wf>
         <wf lemma="は" pos="X">は</wf>
         <wf lemma="この" pos="X">この</wf>
         <wf lemma="テーブル" pos="X">テーブル</wf>
         <wf lemma="を" pos="X">を</wf>
         <wf lemma="運ぶ" pos="X">運ぶ</wf>
         <wf lemma="の" pos="X">の</wf>
         <wf lemma="を" pos="X">を</wf>
         <instance id="d000.s5847.t000" lemma="手伝う" pos="VERB">手伝っ</instance>
         <wf lemma="て" pos="X">て</wf>
         <wf lemma="くれ" pos="X">くれ</wf>
         <wf lemma="ます" pos="X">ます</wf>
         <wf lemma="か" pos="X">か</wf>
         <wf lemma="？" pos="X">？</wf>
         <wf lemma="." pos="X">.</wf>
      </sentence>
      <sentence id="d000.s5848" source="wordnet-japanese">
         <wf lemma="夕食" pos="X">夕食</wf>
         <wf lemma="に" pos="X">に</wf>
         <wf lemma="ショートパンツ" pos="X">ショートパンツ</wf>
         <wf lemma="を" pos="X">を</wf>
         <wf lemma="はく" pos="X">はく</wf>
         <wf lemma="こと" pos="X">こと</wf>
         <wf lemma="は" pos="X">は</wf>
         <wf lemma="、" pos="X">、</wf>
         <wf lemma="現地" pos="X">現地</wf>
         <wf lemma="の" pos="X">の</wf>
         <instance id="d000.s5848.t000" lemma="慣行" pos="NOUN">慣行</instance>
         <wf lemma="で" pos="X">で</wf>
         <wf lemma="は" pos="X">は</wf>
         <wf lemma="ない" pos="X">ない</wf>
         <wf lemma="." pos="X">.</wf>
      </sentence>
      <sentence id="d000.s5849" source="wordnet-japanese">
         <wf lemma="馬鹿" pos="X">馬鹿</wf>
         <wf lemma="みたいに" pos="X">みたいに</wf>
         <instance id="d000.s5849.t000" lemma="振舞う" pos="VERB">振舞う</instance>
         <wf lemma="な" pos="X">な</wf>
         <wf lemma="." pos="X">.</wf>
      </sentence>
      <sentence id="d000.s5850" source="wordnet-japanese">
         <instance id="d000.s5850.t000" lemma="有効" pos="ADJ">有効</instance>
         <wf lemma="な" pos="X">な</wf>
         <wf lemma="叱責" pos="X">叱責</wf>
         <wf lemma="." pos="X">.</wf>
      </sentence>
      <sentence id="d000.s5851" source="wordnet-japanese">
         <wf lemma="彼" pos="X">彼</wf>
         <wf lemma="は" pos="X">は</wf>
         <wf lemma="コンピュータ" pos="X">コンピュータ</wf>
         <wf lemma="に" pos="X">に</wf>
         <instance id="d000.s5851.t000" lemma="かなり" pos="ADV">かなり</instance>
         <wf lemma="優れ" pos="X">優れ</wf>
         <wf lemma="て" pos="X">て</wf>
         <wf lemma="いる" pos="X">いる</wf>
         <wf lemma="." pos="X">.</wf>
      </sentence>
      <sentence id="d000.s5852" source="wordnet-japanese">
         <wf lemma="その" pos="X">その</wf>
         <wf lemma="信号" pos="X">信号</wf>
         <wf lemma="は" pos="X">は</wf>
         <wf lemma="数千" pos="X">数千</wf>
         <wf lemma="ビット" pos="X">ビット</wf>
         <wf lemma="の" pos="X">の</wf>
         <instance id="d000.s5852.t000" lemma="情報" pos="NOUN">情報</instance>
         <wf lemma="を" pos="X">を</wf>
         <wf lemma="内蔵" pos="X">内蔵</wf>
         <wf lemma="し" pos="X">し</wf>
         <wf lemma="て" pos="X">て</wf>
         <wf lemma="いる" pos="X">いる</wf>
         <wf lemma="." pos="X">.</wf>
      </sentence>
      <sentence id="d000.s5853" source="wordnet-japanese">
         <instance id="d000.s5853.t000" lemma="不器用" pos="ADJ">不器用</instance>
         <wf lemma="な" pos="X">な</wf>
         <wf lemma="仕事" pos="X">仕事</wf>
         <wf lemma="を" pos="X">を</wf>
         <wf lemma="し" pos="X">し</wf>
         <wf lemma="た" pos="X">た</wf>
         <wf lemma="." pos="X">.</wf>
      </sentence>
      <sentence id="d000.s5854" source="wordnet-japanese">
         <wf lemma="私" pos="X">私</wf>
         <wf lemma="の" pos="X">の</wf>
         <instance id="d000.s5854.t000" lemma="兄" pos="NOUN">兄</instance>
         <wf lemma="は" pos="X">は</wf>
         <wf lemma="まだ" pos="X">まだ</wf>
         <wf lemma="両親" pos="X">両親</wf>
         <wf lemma="と" pos="X">と</wf>
         <wf lemma="同居" pos="X">同居</wf>
         <wf lemma="し" pos="X">し</wf>
         <wf lemma="て" pos="X">て</wf>
         <wf lemma="いる" pos="X">いる</wf>
         <wf lemma="." pos="X">.</wf>
      </sentence>
      <sentence id="d000.s5855" source="wordnet-japanese">
         <wf lemma="冬" pos="X">冬</wf>
         <wf lemma="の" pos="X">の</wf>
         <wf lemma="間" pos="X">間</wf>
         <wf lemma="は" pos="X">は</wf>
         <instance id="d000.s5855.t000" lemma="燃料" pos="NOUN">燃料</instance>
         <wf lemma="が" pos="X">が</wf>
         <wf lemma="もっと" pos="X">もっと</wf>
         <wf lemma="必要" pos="X">必要</wf>
         <wf lemma="だ" pos="X">だ</wf>
         <wf lemma="." pos="X">.</wf>
      </sentence>
      <sentence id="d000.s5856" source="wordnet-japanese">
         <wf lemma="彼" pos="X">彼</wf>
         <wf lemma="の" pos="X">の</wf>
         <wf lemma="新しい" pos="X">新しい</wf>
         <wf lemma="ソフトウェア" pos="X">ソフトウェア</wf>
         <wf lemma="は" pos="X">は</wf>
         <wf lemma="、" pos="X">、</wf>
         <wf lemma="彼ら" pos="X">彼ら</wf>
         <wf lemma="が" pos="X">が</wf>
         <wf lemma="始め" pos="X">始め</wf>
         <wf lemma="た" pos="X">た</wf>
         <wf lemma="プログラム" pos="X">プログラム</wf>
         <wf lemma="へ" pos="X">へ</wf>
         <wf lemma="の" pos="X">の</wf>
         <instance id="d000.s5856.t000" lemma="フォローアップ" pos="NOUN">フォローアップ</instance>
         <wf lemma="である" pos="X">である</wf>
         <wf lemma="." pos="X">.</wf>
      </sentence>
      <sentence id="d000.s5857" source="wordnet-japanese">
         <wf lemma="新しい" pos="X">新しい</wf>
         <wf lemma="法律" pos="X">法律</wf>
         <wf lemma="は" pos="X">は</wf>
         <wf lemma="多く" pos="X">多く</wf>
         <wf lemma="の" pos="X">の</wf>
         <wf lemma="不満" pos="X">不満</wf>
         <wf lemma="を" pos="X">を</wf>
         <instance id="d000.s5857.t000" lemma="引き起こす" pos="VERB">引き起こし</instance>
         <wf lemma="た" pos="X">た</wf>
         <wf lemma="." pos="X">.</wf>
      </sentence>
      <sentence id="d000.s5858" source="wordnet-japanese">
         <instance id="d000.s5858.t000" lemma="基本的" pos="ADJ">基本的</instance>
         <wf lemma="な" pos="X">な</wf>
         <wf lemma="ツール" pos="X">ツール</wf>
         <wf lemma="の" pos="X">の</wf>
         <wf lemma="セット" pos="X">セット</wf>
         <wf lemma="." pos="X">.</wf>
      </sentence>
      <sentence id="d000.s5859" source="wordnet-japanese">
         <wf lemma="彼ら" pos="X">彼ら</wf>
         <wf lemma="は" pos="X">は</wf>
         <wf lemma="提案" pos="X">提案</wf>
         <wf lemma="さ" pos="X">さ</wf>
         <wf lemma="れ" pos="X">れ</wf>
         <wf lemma="た" pos="X">た</wf>
         <wf lemma="法案" pos="X">法案</wf>
         <wf lemma="の" pos="X">の</wf>
         <instance id="d000.s5859.t000" lemma="政策" pos="NOUN">政策</instance>
         <wf lemma="または" pos="X">または</wf>
         <wf lemma="愚策" pos="X">愚策</wf>
         <wf lemma="について" pos="X">について</wf>
         <wf lemma="話し" pos="X">話し</wf>
         <wf lemma="た" pos="X">た</wf>
         <wf lemma="." pos="X">.</wf>
      </sentence>
      <sentence id="d000.s5860" source="wordnet-japanese">
         <wf lemma="私" pos="X">私</wf>
         <wf lemma="は" pos="X">は</wf>
         <wf lemma="休み" pos="X">休み</wf>
         <wf lemma="を" pos="X">を</wf>
         <wf lemma="とっ" pos="X">とっ</wf>
         <wf lemma="て" pos="X">て</wf>
         <wf lemma="いる" pos="X">いる</wf>
         <wf lemma="間" pos="X">間</wf>
         <wf lemma="に" pos="X">に</wf>
         <wf lemma="、" pos="X">、</wf>
         <wf lemma="だれ" pos="X">だれ</wf>
         <wf lemma="か" pos="X">か</wf>
         <wf lemma="が" pos="X">が</wf>
         <instance id="d000.s5860.t000" lemma="押し入る" pos="VERB">押し入っ</instance>
         <wf lemma="た" pos="X">た</wf>
         <wf lemma="." pos="X">.</wf>
      </sentence>
      <sentence id="d000.s5861" source="wordnet-japanese">
         <instance id="d000.s5861.t000" lemma="大胆" pos="ADJ">大胆</instance>
         <wf lemma="な" pos="X">な</wf>
         <wf lemma="探検家" pos="X">探検家</wf>
         <wf lemma="." pos="X">.</wf>
      </sentence>
      <sentence id="d000.s5862" source="wordnet-japanese">
         <instance id="d000.s5862.t000" lemma="正確" pos="ADJ">正確</instance>
         <wf lemma="な" pos="X">な</wf>
         <wf lemma="複製" pos="X">複製</wf>
         <wf lemma="." pos="X">.</wf>
      </sentence>
      <sentence id="d000.s5863" source="wordnet-japanese">
         <wf lemma="ジョン" pos="X">ジョン</wf>
         <wf lemma="は" pos="X">は</wf>
         <wf lemma="ペンキ" pos="X">ペンキ</wf>
         <wf lemma="を" pos="X">を</wf>
         <wf lemma="塗り" pos="X">塗り</wf>
         <wf lemma="、" pos="X">、</wf>
         <wf lemma="草" pos="X">草</wf>
         <wf lemma="を" pos="X">を</wf>
         <wf lemma="ひき" pos="X">ひき</wf>
         <wf lemma="、" pos="X">、</wf>
         <wf lemma="屋根" pos="X">屋根</wf>
         <wf lemma="の" pos="X">の</wf>
         <wf lemma="とい" pos="X">とい</wf>
         <wf lemma="を" pos="X">を</wf>
         <wf lemma="掃除" pos="X">掃除</wf>
         <instance id="d000.s5863.t000" lemma="する" pos="VERB">し</instance>
         <wf lemma="た" pos="X">た</wf>
         <wf lemma="." pos="X">.</wf>
      </sentence>
      <sentence id="d000.s5864" source="wordnet-japanese">
         <instance id="d000.s5864.t000" lemma="基礎" pos="NOUN">基礎</instance>
         <wf lemma="を" pos="X">を</wf>
         <wf lemma="固める" pos="X">固める</wf>
         <wf lemma="." pos="X">.</wf>
      </sentence>
      <sentence id="d000.s5865" source="wordnet-japanese">
         <wf lemma="彼ら" pos="X">彼ら</wf>
         <wf lemma="が" pos="X">が</wf>
         <wf lemma="彼ら" pos="X">彼ら</wf>
         <wf lemma="の" pos="X">の</wf>
         <wf lemma="子供" pos="X">子供</wf>
         <wf lemma="が" pos="X">が</wf>
         <instance id="d000.s5865.t000" lemma="異常" pos="ADJ">異常</instance>
         <wf lemma="で" pos="X">で</wf>
         <wf lemma="ある" pos="X">ある</wf>
         <wf lemma="という" pos="X">という</wf>
         <wf lemma="こと" pos="X">こと</wf>
         <wf lemma="を" pos="X">を</wf>
         <wf lemma="知っ" pos="X">知っ</wf>
         <wf lemma="た" pos="X">た</wf>
         <wf lemma="とき" pos="X">とき</wf>
         <wf lemma="、" pos="X">、</wf>
         <wf lemma="彼ら" pos="X">彼ら</wf>
         <wf lemma="は" pos="X">は</wf>
         <wf lemma="悲嘆" pos="X">悲嘆</wf>
         <wf lemma="に" pos="X">に</wf>
         <wf lemma="暮れ" pos="X">暮れ</wf>
         <wf lemma="て" pos="X">て</wf>
         <wf lemma="い" pos="X">い</wf>
         <wf lemma="た" pos="X">た</wf>
         <wf lemma="." pos="X">.</wf>
      </sentence>
      <sentence id="d000.s5866" source="wordnet-japanese">
         <wf lemma="人身" pos="X">人身</wf>
         <wf lemma="御供" pos="X">御供</wf>
         <wf lemma="の" pos="X">の</wf>
         <instance id="d000.s5866.t000" lemma="恐ろしい" pos="ADJ">恐ろしい</instance>
         <wf lemma="証拠" pos="X">証拠</wf>
         <wf lemma="." pos="X">.</wf>
      </sentence>
      <sentence id="d000.s5867" source="wordnet-japanese">
         <wf lemma="それ" pos="X">それ</wf>
         <wf lemma="は" pos="X">は</wf>
         <wf lemma="教会" pos="X">教会</wf>
         <wf lemma="の" pos="X">の</wf>
         <instance id="d000.s5867.t000" lemma="認可" pos="NOUN">認可</instance>
         <wf lemma="を" pos="X">を</wf>
         <wf lemma="受け" pos="X">受け</wf>
         <wf lemma="て" pos="X">て</wf>
         <wf lemma="い" pos="X">い</wf>
         <wf lemma="た" pos="X">た</wf>
         <wf lemma="." pos="X">.</wf>
      </sentence>
      <sentence id="d000.s5868" source="wordnet-japanese">
         <wf lemma="彼" pos="X">彼</wf>
         <wf lemma="は" pos="X">は</wf>
         <wf lemma="古い" pos="X">古い</wf>
         <instance id="d000.s5868.t000" lemma="価値観" pos="NOUN">価値観</instance>
         <wf lemma="を" pos="X">を</wf>
         <wf lemma="持っ" pos="X">持っ</wf>
         <wf lemma="て" pos="X">て</wf>
         <wf lemma="いる" pos="X">いる</wf>
         <wf lemma="." pos="X">.</wf>
      </sentence>
      <sentence id="d000.s5869" source="wordnet-japanese">
         <wf lemma="今年" pos="X">今年</wf>
         <wf lemma="財産税" pos="X">財産税</wf>
         <wf lemma="が" pos="X">が</wf>
         <instance id="d000.s5869.t000" lemma="増加" pos="NOUN">増加</instance>
         <wf lemma="し" pos="X">し</wf>
         <wf lemma="た" pos="X">た</wf>
         <wf lemma="." pos="X">.</wf>
      </sentence>
      <sentence id="d000.s5870" source="wordnet-japanese">
         <wf lemma="彼ら" pos="X">彼ら</wf>
         <wf lemma="は" pos="X">は</wf>
         <instance id="d000.s5870.t000" lemma="死体" pos="NOUN">死体</instance>
         <wf lemma="を" pos="X">を</wf>
         <wf lemma="湖" pos="X">湖</wf>
         <wf lemma="で" pos="X">で</wf>
         <wf lemma="見つけ" pos="X">見つけ</wf>
         <wf lemma="た" pos="X">た</wf>
         <wf lemma="." pos="X">.</wf>
      </sentence>
      <sentence id="d000.s5871" source="wordnet-japanese">
         <wf lemma="ある" pos="X">ある</wf>
         <wf lemma="人々" pos="X">人々</wf>
         <wf lemma="は" pos="X">は</wf>
         <wf lemma="他より" pos="X">他より</wf>
         <wf lemma="よく" pos="X">よく</wf>
         <instance id="d000.s5871.t000" lemma="覚える" pos="VERB">覚え</instance>
         <wf lemma="て" pos="X">て</wf>
         <wf lemma="いる" pos="X">いる</wf>
         <wf lemma="." pos="X">.</wf>
      </sentence>
      <sentence id="d000.s5872" source="wordnet-japanese">
         <wf lemma="PC" pos="X">PC</wf>
         <wf lemma="に" pos="X">に</wf>
         <wf lemma="は" pos="X">は</wf>
         <wf lemma="、" pos="X">、</wf>
         <wf lemma="追加" pos="X">追加</wf>
         <wf lemma="メモリ" pos="X">メモリ</wf>
         <wf lemma="の" pos="X">の</wf>
         <wf lemma="ため" pos="X">ため</wf>
         <wf lemma="の" pos="X">の</wf>
         <wf lemma="3" pos="X">3</wf>
         <wf lemma="つ" pos="X">つ</wf>
         <wf lemma="の" pos="X">の</wf>
         <instance id="d000.s5872.t000" lemma="スロット" pos="NOUN">スロット</instance>
         <wf lemma="が" pos="X">が</wf>
         <wf lemma="あっ" pos="X">あっ</wf>
         <wf lemma="た" pos="X">た</wf>
         <wf lemma="." pos="X">.</wf>
      </sentence>
      <sentence id="d000.s5873" source="wordnet-japanese">
         <instance id="d000.s5873.t000" lemma="無邪気" pos="ADJ">無邪気</instance>
         <wf lemma="に" pos="X">に</wf>
         <wf lemma="信用" pos="X">信用</wf>
         <wf lemma="する" pos="X">する</wf>
         <wf lemma="こと" pos="X">こと</wf>
         <wf lemma="." pos="X">.</wf>
      </sentence>
      <sentence id="d000.s5874" source="wordnet-japanese">
         <wf lemma="英国" pos="X">英国</wf>
         <wf lemma="で" pos="X">で</wf>
         <wf lemma="は" pos="X">は</wf>
         <instance id="d000.s5874.t000" lemma="枕木" pos="NOUN">枕木</instance>
         <wf lemma="を" pos="X">を</wf>
         <wf lemma="sleeper" pos="X">sleeper</wf>
         <wf lemma="と" pos="X">と</wf>
         <wf lemma="呼ぶ" pos="X">呼ぶ</wf>
         <wf lemma="." pos="X">.</wf>
      </sentence>
      <sentence id="d000.s5875" source="wordnet-japanese">
         <wf lemma="小さな" pos="X">小さな</wf>
         <instance id="d000.s5875.t000" lemma="活字" pos="NOUN">活字</instance>
         <wf lemma="は" pos="X">は</wf>
         <wf lemma="読み" pos="X">読み</wf>
         <wf lemma="にくい" pos="X">にくい</wf>
         <wf lemma="." pos="X">.</wf>
      </sentence>
      <sentence id="d000.s5876" source="wordnet-japanese">
         <instance id="d000.s5876.t000" lemma="職業的" pos="ADJ">職業的</instance>
         <wf lemma="な" pos="X">な</wf>
         <wf lemma="トレーニング" pos="X">トレーニング</wf>
         <wf lemma="." pos="X">.</wf>
      </sentence>
      <sentence id="d000.s5877" source="wordnet-japanese">
         <wf lemma="彼" pos="X">彼</wf>
         <wf lemma="は" pos="X">は</wf>
         <instance id="d000.s5877.t000" lemma="弁護" pos="NOUN">弁護</instance>
         <wf lemma="に" pos="X">に</wf>
         <wf lemma="有利" pos="X">有利</wf>
         <wf lemma="な" pos="X">な</wf>
         <wf lemma="証言" pos="X">証言</wf>
         <wf lemma="を" pos="X">を</wf>
         <wf lemma="し" pos="X">し</wf>
         <wf lemma="た" pos="X">た</wf>
         <wf lemma="." pos="X">.</wf>
      </sentence>
      <sentence id="d000.s5878" source="wordnet-japanese">
         <wf lemma="彼" pos="X">彼</wf>
         <wf lemma="は" pos="X">は</wf>
         <wf lemma="化学" pos="X">化学</wf>
         <wf lemma="入門" pos="X">入門</wf>
         <wf lemma="に" pos="X">に</wf>
         <instance id="d000.s5878.t000" lemma="及第" pos="NOUN">及第</instance>
         <wf lemma="し" pos="X">し</wf>
         <wf lemma="た" pos="X">た</wf>
         <wf lemma="." pos="X">.</wf>
      </sentence>
      <sentence id="d000.s5879" source="wordnet-japanese">
         <wf lemma="ランナー" pos="X">ランナー</wf>
         <wf lemma="たち" pos="X">たち</wf>
         <wf lemma="は" pos="X">は</wf>
         <instance id="d000.s5879.t000" lemma="スタート" pos="NOUN">スタート</instance>
         <wf lemma="を" pos="X">を</wf>
         <wf lemma="待っ" pos="X">待っ</wf>
         <wf lemma="た" pos="X">た</wf>
         <wf lemma="." pos="X">.</wf>
      </sentence>
      <sentence id="d000.s5880" source="wordnet-japanese">
         <wf lemma="高官" pos="X">高官</wf>
         <wf lemma="は" pos="X">は</wf>
         <wf lemma="、" pos="X">、</wf>
         <wf lemma="内閣" pos="X">内閣</wf>
         <wf lemma="改造" pos="X">改造</wf>
         <wf lemma="で" pos="X">で</wf>
         <wf lemma="、" pos="X">、</wf>
         <instance id="d000.s5880.t000" lemma="更迭" pos="NOUN">更迭</instance>
         <wf lemma="さ" pos="X">さ</wf>
         <wf lemma="れ" pos="X">れ</wf>
         <wf lemma="た" pos="X">た</wf>
         <wf lemma="." pos="X">.</wf>
      </sentence>
      <sentence id="d000.s5881" source="wordnet-japanese">
         <wf lemma="この" pos="X">この</wf>
         <wf lemma="仕事" pos="X">仕事</wf>
         <wf lemma="の" pos="X">の</wf>
         <wf lemma="歴史" pos="X">歴史</wf>
         <wf lemma="は" pos="X">は</wf>
         <wf lemma="次" pos="X">次</wf>
         <wf lemma="の" pos="X">の</wf>
         <instance id="d000.s5881.t000" lemma="セクション" pos="NOUN">セクション</instance>
         <wf lemma="で" pos="X">で</wf>
         <wf lemma="論議" pos="X">論議</wf>
         <wf lemma="さ" pos="X">さ</wf>
         <wf lemma="れる" pos="X">れる</wf>
         <wf lemma="." pos="X">.</wf>
      </sentence>
      <sentence id="d000.s5882" source="wordnet-japanese">
         <wf lemma="彼ら" pos="X">彼ら</wf>
         <wf lemma="は" pos="X">は</wf>
         <wf lemma="一族" pos="X">一族</wf>
         <wf lemma="の" pos="X">の</wf>
         <wf lemma="家長" pos="X">家長</wf>
         <wf lemma="を" pos="X">を</wf>
         <instance id="d000.s5882.t000" lemma="祝う" pos="VERB">祝っ</instance>
         <wf lemma="て" pos="X">て</wf>
         <wf lemma="い" pos="X">い</wf>
         <wf lemma="た" pos="X">た</wf>
         <wf lemma="." pos="X">.</wf>
      </sentence>
      <sentence id="d000.s5883" source="wordnet-japanese">
         <instance id="d000.s5883.t000" lemma="ささい" pos="ADJ">ささい</instance>
         <wf lemma="な" pos="X">な</wf>
         <wf lemma="問題" pos="X">問題</wf>
         <wf lemma="." pos="X">.</wf>
      </sentence>
      <sentence id="d000.s5884" source="wordnet-japanese">
         <wf lemma="教育" pos="X">教育</wf>
         <wf lemma="は" pos="X">は</wf>
         <wf lemma="その" pos="X">その</wf>
         <wf lemma="目的" pos="X">目的</wf>
         <wf lemma="の" pos="X">の</wf>
         <wf lemma="ため" pos="X">ため</wf>
         <wf lemma="の" pos="X">の</wf>
         <instance id="d000.s5884.t000" lemma="性格" pos="NOUN">性格</instance>
         <wf lemma="の" pos="X">の</wf>
         <wf lemma="造成" pos="X">造成</wf>
         <wf lemma="である" pos="X">である</wf>
         <wf lemma="?" pos="X">?</wf>
         <wf lemma="ハーバート" pos="X">ハーバート</wf>
         <wf lemma="・" pos="X">・</wf>
         <wf lemma="スペンサー" pos="X">スペンサー</wf>
         <wf lemma="." pos="X">.</wf>
      </sentence>
      <sentence id="d000.s5885" source="wordnet-japanese">
         <wf lemma="女性" pos="X">女性</wf>
         <wf lemma="の" pos="X">の</wf>
         <wf lemma="柔らかく" pos="X">柔らかく</wf>
         <wf lemma="て" pos="X">て</wf>
         <wf lemma="、" pos="X">、</wf>
         <instance id="d000.s5885.t000" lemma="情け深い" pos="ADJ">情け深い</instance>
         <wf lemma="声" pos="X">声</wf>
         <wf lemma="を" pos="X">を</wf>
         <wf lemma="聞い" pos="X">聞い</wf>
         <wf lemma="た" pos="X">た</wf>
         <wf lemma="." pos="X">.</wf>
      </sentence>
      <sentence id="d000.s5886" source="wordnet-japanese">
         <wf lemma="私" pos="X">私</wf>
         <wf lemma="たち" pos="X">たち</wf>
         <wf lemma="の" pos="X">の</wf>
         <wf lemma="アプローチ" pos="X">アプローチ</wf>
         <wf lemma="における" pos="X">における</wf>
         <instance id="d000.s5886.t000" lemma="固有" pos="ADJ">固有</instance>
         <wf lemma="の" pos="X">の</wf>
         <wf lemma="短所" pos="X">短所</wf>
         <wf lemma="." pos="X">.</wf>
      </sentence>
      <sentence id="d000.s5887" source="wordnet-japanese">
         <instance id="d000.s5887.t000" lemma="率直" pos="ADJ">率直</instance>
         <wf lemma="な" pos="X">な</wf>
         <wf lemma="批評" pos="X">批評</wf>
         <wf lemma="." pos="X">.</wf>
      </sentence>
      <sentence id="d000.s5888" source="wordnet-japanese">
         <instance id="d000.s5888.t000" lemma="経済的" pos="ADJ">経済的</instance>
         <wf lemma="理由" pos="X">理由</wf>
         <wf lemma="で" pos="X">で</wf>
         <wf lemma="大きい" pos="X">大きい</wf>
         <wf lemma="家" pos="X">家</wf>
         <wf lemma="を" pos="X">を</wf>
         <wf lemma="あき" pos="X">あき</wf>
         <wf lemma="らめ" pos="X">らめ</wf>
         <wf lemma="た" pos="X">た</wf>
         <wf lemma="." pos="X">.</wf>
      </sentence>
      <sentence id="d000.s5889" source="wordnet-japanese">
         <instance id="d000.s5889.t000" lemma="学際的" pos="ADJ">学際的</instance>
         <wf lemma="な" pos="X">な</wf>
         <wf lemma="会議" pos="X">会議</wf>
         <wf lemma="." pos="X">.</wf>
      </sentence>
      <sentence id="d000.s5890" source="wordnet-japanese">
         <instance id="d000.s5890.t000" lemma="官能的" pos="ADJ">官能的</instance>
         <wf lemma="な" pos="X">な</wf>
         <wf lemma="女性" pos="X">女性</wf>
         <wf lemma="." pos="X">.</wf>
      </sentence>
      <sentence id="d000.s5891" source="wordnet-japanese">
         <wf lemma="彼ら" pos="X">彼ら</wf>
         <wf lemma="が" pos="X">が</wf>
         <wf lemma="最も" pos="X">最も</wf>
         <wf lemma="楽しん" pos="X">楽しん</wf>
         <wf lemma="だ" pos="X">だ</wf>
         <instance id="d000.s5891.t000" lemma="水泳" pos="NOUN">水泳</instance>
         <wf lemma="だっ" pos="X">だっ</wf>
         <wf lemma="た" pos="X">た</wf>
         <wf lemma="：" pos="X">：</wf>
         <wf lemma="彼ら" pos="X">彼ら</wf>
         <wf lemma="が" pos="X">が</wf>
         <wf lemma="プール" pos="X">プール</wf>
         <wf lemma="で" pos="X">で</wf>
         <wf lemma="短い" pos="X">短い</wf>
         <wf lemma="水泳" pos="X">水泳</wf>
         <wf lemma="を" pos="X">を</wf>
         <wf lemma="し" pos="X">し</wf>
         <wf lemma="た" pos="X">た</wf>
         <wf lemma="." pos="X">.</wf>
      </sentence>
      <sentence id="d000.s5892" source="wordnet-japanese">
         <wf lemma="仕上げ" pos="X">仕上げ</wf>
         <wf lemma="を" pos="X">を</wf>
         <wf lemma="する" pos="X">する</wf>
         <instance id="d000.s5892.t000" lemma="時間" pos="NOUN">時間</instance>
         <wf lemma="が" pos="X">が</wf>
         <wf lemma="ない" pos="X">ない</wf>
         <wf lemma="." pos="X">.</wf>
      </sentence>
      <sentence id="d000.s5893" source="wordnet-japanese">
         <instance id="d000.s5893.t000" lemma="揮発" pos="NOUN">揮発</instance>
         <wf lemma="物質" pos="X">物質</wf>
         <wf lemma="を" pos="X">を</wf>
         <wf lemma="蒸発" pos="X">蒸発</wf>
         <wf lemma="さ" pos="X">さ</wf>
         <wf lemma="せる" pos="X">せる</wf>
         <wf lemma="ため" pos="X">ため</wf>
         <wf lemma="に" pos="X">に</wf>
         <wf lemma="それ" pos="X">それ</wf>
         <wf lemma="は" pos="X">は</wf>
         <wf lemma="加熱" pos="X">加熱</wf>
         <wf lemma="さ" pos="X">さ</wf>
         <wf lemma="れ" pos="X">れ</wf>
         <wf lemma="た" pos="X">た</wf>
         <wf lemma="." pos="X">.</wf>
      </sentence>
      <sentence id="d000.s5894" source="wordnet-japanese">
         <wf lemma="彼女" pos="X">彼女</wf>
         <wf lemma="は" pos="X">は</wf>
         <wf lemma="、" pos="X">、</wf>
         <wf lemma="2" pos="X">2</wf>
         <wf lemma="、" pos="X">、</wf>
         <wf lemma="3" pos="X">3</wf>
         <wf lemma="羽輪" pos="X">羽輪</wf>
         <wf lemma="の" pos="X">の</wf>
         <wf lemma="鶏" pos="X">鶏</wf>
         <wf lemma="を" pos="X">を</wf>
         <wf lemma="裏庭" pos="X">裏庭</wf>
         <wf lemma="で" pos="X">で</wf>
         <instance id="d000.s5894.t000" lemma="飼う" pos="VERB">飼う</instance>
         <wf lemma="." pos="X">.</wf>
      </sentence>
      <sentence id="d000.s5895" source="wordnet-japanese">
         <wf lemma="彼女" pos="X">彼女</wf>
         <wf lemma="は" pos="X">は</wf>
         <wf lemma="、" pos="X">、</wf>
         <wf lemma="私たち" pos="X">私たち</wf>
         <wf lemma="全員" pos="X">全員</wf>
         <wf lemma="に" pos="X">に</wf>
         <wf lemma="冷たい" pos="X">冷たい</wf>
         <wf lemma="飲み物" pos="X">飲み物</wf>
         <wf lemma="を" pos="X">を</wf>
         <instance id="d000.s5895.t000" lemma="勧める" pos="VERB">勧め</instance>
         <wf lemma="た" pos="X">た</wf>
         <wf lemma="." pos="X">.</wf>
      </sentence>
      <sentence id="d000.s5896" source="wordnet-japanese">
         <instance id="d000.s5896.t000" lemma="美しい" pos="ADJ">美しい</instance>
         <wf lemma="パーティー" pos="X">パーティー</wf>
         <wf lemma="." pos="X">.</wf>
      </sentence>
      <sentence id="d000.s5897" source="wordnet-japanese">
         <wf lemma="これ" pos="X">これ</wf>
         <wf lemma="は" pos="X">は</wf>
         <wf lemma="、" pos="X">、</wf>
         <wf lemma="事故" pos="X">事故</wf>
         <wf lemma="を" pos="X">を</wf>
         <wf lemma="防止" pos="X">防止</wf>
         <wf lemma="する" pos="X">する</wf>
         <wf lemma="の" pos="X">の</wf>
         <wf lemma="に" pos="X">に</wf>
         <instance id="d000.s5897.t000" lemma="役立つ" pos="VERB">役立つ</instance>
         <wf lemma="." pos="X">.</wf>
      </sentence>
      <sentence id="d000.s5898" source="wordnet-japanese">
         <wf lemma="博士" pos="X">博士</wf>
         <wf lemma="研究員" pos="X">研究員</wf>
         <wf lemma="の" pos="X">の</wf>
         <wf lemma="資格" pos="X">資格</wf>
         <wf lemma="を" pos="X">を</wf>
         <instance id="d000.s5898.t000" lemma="持つ" pos="VERB">持つ</instance>
         <wf lemma="." pos="X">.</wf>
      </sentence>
      <sentence id="d000.s5899" source="wordnet-japanese">
         <wf lemma="彼" pos="X">彼</wf>
         <wf lemma="の" pos="X">の</wf>
         <wf lemma="財産" pos="X">財産</wf>
         <wf lemma="は" pos="X">は</wf>
         <wf lemma="、" pos="X">、</wf>
         <wf lemma="ますます" pos="X">ますます</wf>
         <instance id="d000.s5899.t000" lemma="不安定" pos="ADJ">不安定</instance>
         <wf lemma="だっ" pos="X">だっ</wf>
         <wf lemma="た" pos="X">た</wf>
         <wf lemma="." pos="X">.</wf>
      </sentence>
      <sentence id="d000.s5900" source="wordnet-japanese">
         <wf lemma="彼" pos="X">彼</wf>
         <wf lemma="は" pos="X">は</wf>
         <wf lemma="、" pos="X">、</wf>
         <wf lemma="不本意" pos="X">不本意</wf>
         <wf lemma="な" pos="X">な</wf>
         <wf lemma="実績" pos="X">実績</wf>
         <wf lemma="を" pos="X">を</wf>
         <wf lemma="経済" pos="X">経済</wf>
         <wf lemma="の" pos="X">の</wf>
         <instance id="d000.s5900.t000" lemma="軟調" pos="NOUN">軟調</instance>
         <wf lemma="の" pos="X">の</wf>
         <wf lemma="せい" pos="X">せい</wf>
         <wf lemma="に" pos="X">に</wf>
         <wf lemma="し" pos="X">し</wf>
         <wf lemma="て" pos="X">て</wf>
         <wf lemma="いる" pos="X">いる</wf>
         <wf lemma="." pos="X">.</wf>
      </sentence>
      <sentence id="d000.s5901" source="wordnet-japanese">
         <instance id="d000.s5901.t000" lemma="選挙" pos="NOUN">選挙</instance>
         <wf lemma="の" pos="X">の</wf>
         <wf lemma="結果" pos="X">結果</wf>
         <wf lemma="は" pos="X">は</wf>
         <wf lemma="今夜" pos="X">今夜</wf>
         <wf lemma="発表" pos="X">発表</wf>
         <wf lemma="さ" pos="X">さ</wf>
         <wf lemma="れる" pos="X">れる</wf>
         <wf lemma="." pos="X">.</wf>
      </sentence>
      <sentence id="d000.s5902" source="wordnet-japanese">
         <wf lemma="フランス" pos="X">フランス</wf>
         <wf lemma="人" pos="X">人</wf>
         <wf lemma="は" pos="X">は</wf>
         <wf lemma="優しい" pos="X">優しい</wf>
         <instance id="d000.s5902.t000" lemma="崇敬" pos="NOUN">崇敬</instance>
         <wf lemma="を" pos="X">を</wf>
         <wf lemma="もっ" pos="X">もっ</wf>
         <wf lemma="て" pos="X">て</wf>
         <wf lemma="食物" pos="X">食物</wf>
         <wf lemma="を" pos="X">を</wf>
         <wf lemma="扱う" pos="X">扱う</wf>
         <wf lemma="." pos="X">.</wf>
      </sentence>
      <sentence id="d000.s5903" source="wordnet-japanese">
         <instance id="d000.s5903.t000" lemma="冗長" pos="ADJ">冗長</instance>
         <wf lemma="で" pos="X">で</wf>
         <wf lemma="効果" pos="X">効果</wf>
         <wf lemma="が" pos="X">が</wf>
         <wf lemma="ない" pos="X">ない</wf>
         <wf lemma="指導" pos="X">指導</wf>
         <wf lemma="方法" pos="X">方法</wf>
         <wf lemma="." pos="X">.</wf>
      </sentence>
      <sentence id="d000.s5904" source="wordnet-japanese">
         <wf lemma="彼" pos="X">彼</wf>
         <wf lemma="は" pos="X">は</wf>
         <wf lemma="乱暴" pos="X">乱暴</wf>
         <wf lemma="な" pos="X">な</wf>
         <instance id="d000.s5904.t000" lemma="言葉" pos="NOUN">言葉</instance>
         <wf lemma="を" pos="X">を</wf>
         <wf lemma="吐い" pos="X">吐い</wf>
         <wf lemma="た" pos="X">た</wf>
         <wf lemma="." pos="X">.</wf>
      </sentence>
      <sentence id="d000.s5905" source="wordnet-japanese">
         <wf lemma="ゆっくり" pos="X">ゆっくり</wf>
         <wf lemma="と" pos="X">と</wf>
         <instance id="d000.s5905.t000" lemma="進展" pos="NOUN">進展</instance>
         <wf lemma="し" pos="X">し</wf>
         <wf lemma="た" pos="X">た</wf>
         <wf lemma="物書き" pos="X">物書き</wf>
         <wf lemma="と" pos="X">と</wf>
         <wf lemma="し" pos="X">し</wf>
         <wf lemma="て" pos="X">て</wf>
         <wf lemma="の" pos="X">の</wf>
         <wf lemma="彼女" pos="X">彼女</wf>
         <wf lemma="の" pos="X">の</wf>
         <wf lemma="才能" pos="X">才能</wf>
         <wf lemma="." pos="X">.</wf>
      </sentence>
      <sentence id="d000.s5906" source="wordnet-japanese">
         <instance id="d000.s5906.t000" lemma="全国的" pos="ADJ">全国的</instance>
         <wf lemma="な" pos="X">な</wf>
         <wf lemma="基金調達" pos="X">基金調達</wf>
         <wf lemma="の" pos="X">の</wf>
         <wf lemma="キャンペーン" pos="X">キャンペーン</wf>
         <wf lemma="." pos="X">.</wf>
      </sentence>
      <sentence id="d000.s5907" source="wordnet-japanese">
         <wf lemma="その" pos="X">その</wf>
         <wf lemma="建物" pos="X">建物</wf>
         <wf lemma="は" pos="X">は</wf>
         <instance id="d000.s5907.t000" lemma="装飾的" pos="ADJ">装飾的</instance>
         <wf lemma="で" pos="X">で</wf>
         <wf lemma="は" pos="X">は</wf>
         <wf lemma="なく" pos="X">なく</wf>
         <wf lemma="実用的" pos="X">実用的</wf>
         <wf lemma="だっ" pos="X">だっ</wf>
         <wf lemma="た" pos="X">た</wf>
         <wf lemma="." pos="X">.</wf>
      </sentence>
      <sentence id="d000.s5908" source="wordnet-japanese">
         <wf lemma="彼女" pos="X">彼女</wf>
         <wf lemma="の" pos="X">の</wf>
         <wf lemma="顔" pos="X">顔</wf>
         <wf lemma="を" pos="X">を</wf>
         <wf lemma="ハンカチ" pos="X">ハンカチ</wf>
         <wf lemma="で" pos="X">で</wf>
         <instance id="d000.s5908.t000" lemma="覆う" pos="VERB">覆う</instance>
         <wf lemma="." pos="X">.</wf>
      </sentence>
      <sentence id="d000.s5909" source="wordnet-japanese">
         <instance id="d000.s5909.t000" lemma="激しい" pos="ADJ">激しい</instance>
         <wf lemma="嫌悪" pos="X">嫌悪</wf>
         <wf lemma="を" pos="X">を</wf>
         <wf lemma="感じ" pos="X">感じ</wf>
         <wf lemma="た" pos="X">た</wf>
         <wf lemma="." pos="X">.</wf>
      </sentence>
      <sentence id="d000.s5910" source="wordnet-japanese">
         <wf lemma="軍隊" pos="X">軍隊</wf>
         <wf lemma="に" pos="X">に</wf>
         <wf lemma="入れ" pos="X">入れ</wf>
         <wf lemma="ば" pos="X">ば</wf>
         <wf lemma="、" pos="X">、</wf>
         <wf lemma="あなた" pos="X">あなた</wf>
         <wf lemma="の" pos="X">の</wf>
         <instance id="d000.s5910.t000" lemma="個性" pos="NOUN">個性</instance>
         <wf lemma="を" pos="X">を</wf>
         <wf lemma="失い" pos="X">失い</wf>
         <wf lemma="かね" pos="X">かね</wf>
         <wf lemma="ない" pos="X">ない</wf>
         <wf lemma="." pos="X">.</wf>
      </sentence>
      <sentence id="d000.s5911" source="wordnet-japanese">
         <wf lemma="窓" pos="X">窓</wf>
         <wf lemma="枠" pos="X">枠</wf>
         <wf lemma="の" pos="X">の</wf>
         <wf lemma="上" pos="X">上</wf>
         <wf lemma="に" pos="X">に</wf>
         <wf lemma="いる" pos="X">いる</wf>
         <wf lemma="小さな" pos="X">小さな</wf>
         <instance id="d000.s5911.t000" lemma="若い" pos="ADJ">若い</instance>
         <wf lemma="スズメ" pos="X">スズメ</wf>
         <wf lemma="." pos="X">.</wf>
      </sentence>
      <sentence id="d000.s5912" source="wordnet-japanese">
         <wf lemma="今日" pos="X">今日</wf>
         <wf lemma="、" pos="X">、</wf>
         <wf lemma="彼" pos="X">彼</wf>
         <wf lemma="の" pos="X">の</wf>
         <wf lemma="パター" pos="X">パター</wf>
         <wf lemma="は" pos="X">は</wf>
         <wf lemma="上手く" pos="X">上手く</wf>
         <wf lemma="行か" pos="X">行か</wf>
         <wf lemma="なかっ" pos="X">なかっ</wf>
         <wf lemma="た" pos="X">た</wf>
         <wf lemma="；" pos="X">；</wf>
         <wf lemma="3" pos="X">3</wf>
         <wf lemma="フィート" pos="X">フィート</wf>
         <wf lemma="を" pos="X">を</wf>
         <wf lemma="1" pos="X">1</wf>
         <instance id="d000.s5912.t000" lemma="パット" pos="NOUN">パット</instance>
         <wf lemma="で" pos="X">で</wf>
         <wf lemma="カップイン" pos="X">カップイン</wf>
         <wf lemma="し" pos="X">し</wf>
         <wf lemma="なかっ" pos="X">なかっ</wf>
         <wf lemma="た" pos="X">た</wf>
         <wf lemma="の" pos="X">の</wf>
         <wf lemma="だ" pos="X">だ</wf>
         <wf lemma="から" pos="X">から</wf>
         <wf lemma="." pos="X">.</wf>
      </sentence>
      <sentence id="d000.s5913" source="wordnet-japanese">
         <wf lemma="彼" pos="X">彼</wf>
         <wf lemma="は" pos="X">は</wf>
         <wf lemma="社会的" pos="X">社会的</wf>
         <wf lemma="因果" pos="X">因果</wf>
         <wf lemma="関係" pos="X">関係</wf>
         <wf lemma="について" pos="X">について</wf>
         <wf lemma="実際" pos="X">実際</wf>
         <wf lemma="に" pos="X">に</wf>
         <wf lemma="は" pos="X">は</wf>
         <wf lemma="何も" pos="X">何も</wf>
         <instance id="d000.s5913.t000" lemma="理解" pos="NOUN">理解</instance>
         <wf lemma="し" pos="X">し</wf>
         <wf lemma="て" pos="X">て</wf>
         <wf lemma="い" pos="X">い</wf>
         <wf lemma="ない" pos="X">ない</wf>
         <wf lemma="." pos="X">.</wf>
      </sentence>
      <sentence id="d000.s5914" source="wordnet-japanese">
         <wf lemma="国勢" pos="X">国勢</wf>
         <wf lemma="調査局" pos="X">調査局</wf>
         <wf lemma="は" pos="X">は</wf>
         <wf lemma="、" pos="X">、</wf>
         <wf lemma="商務省" pos="X">商務省</wf>
         <wf lemma="の" pos="X">の</wf>
         <instance id="d000.s5914.t000" lemma="機関" pos="NOUN">機関</instance>
         <wf lemma="である" pos="X">である</wf>
         <wf lemma="." pos="X">.</wf>
      </sentence>
      <sentence id="d000.s5915" source="wordnet-japanese">
         <instance id="d000.s5915.t000" lemma="今日" pos="NOUN">今日</instance>
         <wf lemma="は" pos="X">は</wf>
         <wf lemma="美しい" pos="X">美しい</wf>
         <wf lemma="日" pos="X">日</wf>
         <wf lemma="だ" pos="X">だ</wf>
         <wf lemma="." pos="X">.</wf>
      </sentence>
      <sentence id="d000.s5916" source="wordnet-japanese">
         <wf lemma="テレビ" pos="X">テレビ</wf>
         <wf lemma="・" pos="X">・</wf>
         <wf lemma="アンテナ" pos="X">アンテナ</wf>
         <wf lemma="を" pos="X">を</wf>
         <instance id="d000.s5916.t000" lemma="広げる" pos="VERB">広げる</instance>
         <wf lemma="." pos="X">.</wf>
      </sentence>
      <sentence id="d000.s5917" source="wordnet-japanese">
         <wf lemma="私" pos="X">私</wf>
         <wf lemma="は" pos="X">は</wf>
         <wf lemma="、" pos="X">、</wf>
         <wf lemma="彼" pos="X">彼</wf>
         <wf lemma="が" pos="X">が</wf>
         <wf lemma="逃亡" pos="X">逃亡</wf>
         <wf lemma="者" pos="X">者</wf>
         <wf lemma="で" pos="X">で</wf>
         <wf lemma="は" pos="X">は</wf>
         <wf lemma="ない" pos="X">ない</wf>
         <wf lemma="か" pos="X">か</wf>
         <wf lemma="と" pos="X">と</wf>
         <instance id="d000.s5917.t000" lemma="思う" pos="VERB">思う</instance>
         <wf lemma="." pos="X">.</wf>
      </sentence>
      <sentence id="d000.s5918" source="wordnet-japanese">
         <wf lemma="彼女" pos="X">彼女</wf>
         <wf lemma="の" pos="X">の</wf>
         <wf lemma="行動" pos="X">行動</wf>
         <wf lemma="は" pos="X">は</wf>
         <wf lemma="その" pos="X">その</wf>
         <wf lemma="カップル" pos="X">カップル</wf>
         <wf lemma="の" pos="X">の</wf>
         <wf lemma="喧嘩" pos="X">喧嘩</wf>
         <wf lemma="を" pos="X">を</wf>
         <instance id="d000.s5918.t000" lemma="引き起こす" pos="VERB">引き起こし</instance>
         <wf lemma="た" pos="X">た</wf>
         <wf lemma="." pos="X">.</wf>
      </sentence>
      <sentence id="d000.s5919" source="wordnet-japanese">
         <wf lemma="彼" pos="X">彼</wf>
         <wf lemma="は" pos="X">は</wf>
         <wf lemma="その" pos="X">その</wf>
         <wf lemma="分類法" pos="X">分類法</wf>
         <wf lemma="の" pos="X">の</wf>
         <instance id="d000.s5919.t000" lemma="体系" pos="NOUN">体系</instance>
         <wf lemma="を" pos="X">を</wf>
         <wf lemma="理解" pos="X">理解</wf>
         <wf lemma="し" pos="X">し</wf>
         <wf lemma="よう" pos="X">よう</wf>
         <wf lemma="と" pos="X">と</wf>
         <wf lemma="し" pos="X">し</wf>
         <wf lemma="た" pos="X">た</wf>
         <wf lemma="." pos="X">.</wf>
      </sentence>
      <sentence id="d000.s5920" source="wordnet-japanese">
         <wf lemma="太い" pos="X">太い</wf>
         <instance id="d000.s5920.t000" lemma="男性的" pos="ADJ">男性的</instance>
         <wf lemma="な" pos="X">な</wf>
         <wf lemma="声" pos="X">声</wf>
         <wf lemma="." pos="X">.</wf>
      </sentence>
      <sentence id="d000.s5921" source="wordnet-japanese">
         <wf lemma="私" pos="X">私</wf>
         <wf lemma="は" pos="X">は</wf>
         <wf lemma="、" pos="X">、</wf>
         <wf lemma="2" pos="X">2</wf>
         <wf lemma="日" pos="X">日</wf>
         <wf lemma="で" pos="X">で</wf>
         <wf lemma="小遣い" pos="X">小遣い</wf>
         <wf lemma="を" pos="X">を</wf>
         <instance id="d000.s5921.t000" lemma="使い果たす" pos="VERB">使い果たし</instance>
         <wf lemma="た" pos="X">た</wf>
         <wf lemma="." pos="X">.</wf>
      </sentence>
      <sentence id="d000.s5922" source="wordnet-japanese">
         <wf lemma="風" pos="X">風</wf>
         <wf lemma="の" pos="X">の</wf>
         <wf lemma="方向" pos="X">方向</wf>
         <wf lemma="の" pos="X">の</wf>
         <instance id="d000.s5922.t000" lemma="変化" pos="NOUN">変化</instance>
         <wf lemma="." pos="X">.</wf>
      </sentence>
      <sentence id="d000.s5923" source="wordnet-japanese">
         <wf lemma="大統領" pos="X">大統領</wf>
         <wf lemma="は" pos="X">は</wf>
         <wf lemma="、" pos="X">、</wf>
         <wf lemma="ホワイトハウス" pos="X">ホワイトハウス</wf>
         <wf lemma="の" pos="X">の</wf>
         <wf lemma="オフィス" pos="X">オフィス</wf>
         <wf lemma="を" pos="X">を</wf>
         <wf lemma="盗聴" pos="X">盗聴</wf>
         <wf lemma="し" pos="X">し</wf>
         <wf lemma="た" pos="X">た</wf>
         <wf lemma="という" pos="X">という</wf>
         <wf lemma="事実" pos="X">事実</wf>
         <wf lemma="を" pos="X">を</wf>
         <instance id="d000.s5923.t000" lemma="隠す" pos="VERB">隠し</instance>
         <wf lemma="た" pos="X">た</wf>
         <wf lemma="." pos="X">.</wf>
      </sentence>
      <sentence id="d000.s5924" source="wordnet-japanese">
         <wf lemma="捕虜" pos="X">捕虜</wf>
         <wf lemma="に対する" pos="X">に対する</wf>
         <instance id="d000.s5924.t000" lemma="情け深い" pos="ADJ">情け深い</instance>
         <wf lemma="処遇" pos="X">処遇</wf>
         <wf lemma="を" pos="X">を</wf>
         <wf lemma="求め" pos="X">求め</wf>
         <wf lemma="られ" pos="X">られ</wf>
         <wf lemma="た" pos="X">た</wf>
         <wf lemma="." pos="X">.</wf>
      </sentence>
      <sentence id="d000.s5925" source="wordnet-japanese">
         <instance id="d000.s5925.t000" lemma="軽快" pos="ADJ">軽快</instance>
         <wf lemma="そうに" pos="X">そうに</wf>
         <wf lemma="見える" pos="X">見える</wf>
         <wf lemma="…" pos="X">…</wf>
         <wf lemma="自分" pos="X">自分</wf>
         <wf lemma="の" pos="X">の</wf>
         <wf lemma="ユーモア" pos="X">ユーモア</wf>
         <wf lemma="で" pos="X">で</wf>
         <wf lemma="楽しむ" pos="X">楽しむ</wf>
         <wf lemma="ような" pos="X">ような</wf>
         <wf lemma="男性" pos="X">男性</wf>
         <wf lemma="の" pos="X">の</wf>
         <wf lemma="ように" pos="X">ように</wf>
         <wf lemma="−" pos="X">−</wf>
         <wf lemma="G" pos="X">G</wf>
         <wf lemma="." pos="X">.</wf>
         <wf lemma="パットン" pos="X">パットン</wf>
         <wf lemma="." pos="X">.</wf>
      </sentence>
      <sentence id="d000.s5926" source="wordnet-japanese">
         <wf lemma="彼" pos="X">彼</wf>
         <wf lemma="は" pos="X">は</wf>
         <wf lemma="劇" pos="X">劇</wf>
         <wf lemma="の" pos="X">の</wf>
         <instance id="d000.s5926.t000" lemma="プログラム" pos="NOUN">プログラム</instance>
         <wf lemma="に" pos="X">に</wf>
         <wf lemma="彼女" pos="X">彼女</wf>
         <wf lemma="の" pos="X">の</wf>
         <wf lemma="名前" pos="X">名前</wf>
         <wf lemma="を" pos="X">を</wf>
         <wf lemma="見つけ" pos="X">見つけ</wf>
         <wf lemma="られ" pos="X">られ</wf>
         <wf lemma="なかっ" pos="X">なかっ</wf>
         <wf lemma="た" pos="X">た</wf>
         <wf lemma="." pos="X">.</wf>
      </sentence>
      <sentence id="d000.s5927" source="wordnet-japanese">
         <wf lemma="彼女" pos="X">彼女</wf>
         <wf lemma="は" pos="X">は</wf>
         <wf lemma="行き" pos="X">行き</wf>
         <wf lemma="たかっ" pos="X">たかっ</wf>
         <wf lemma="た" pos="X">た</wf>
         <wf lemma="；" pos="X">；</wf>
         <wf lemma="それ" pos="X">それ</wf>
         <wf lemma="は" pos="X">は</wf>
         <instance id="d000.s5927.t000" lemma="確か" pos="ADJ">確か</instance>
         <wf lemma="だっ" pos="X">だっ</wf>
         <wf lemma="た" pos="X">た</wf>
         <wf lemma="." pos="X">.</wf>
      </sentence>
      <sentence id="d000.s5928" source="wordnet-japanese">
         <wf lemma="蜜蜂" pos="X">蜜蜂</wf>
         <wf lemma="の" pos="X">の</wf>
         <wf lemma="巣" pos="X">巣</wf>
         <wf lemma="の" pos="X">の</wf>
         <instance id="d000.s5928.t000" lemma="個室" pos="NOUN">個室</instance>
         <wf lemma="." pos="X">.</wf>
      </sentence>
      <sentence id="d000.s5929" source="wordnet-japanese">
         <wf lemma="いくつか" pos="X">いくつか</wf>
         <wf lemma="の" pos="X">の</wf>
         <instance id="d000.s5929.t000" lemma="適切" pos="ADJ">適切</instance>
         <wf lemma="な" pos="X">な</wf>
         <wf lemma="単語" pos="X">単語</wf>
         <wf lemma="." pos="X">.</wf>
      </sentence>
      <sentence id="d000.s5930" source="wordnet-japanese">
         <wf lemma="ハイカー" pos="X">ハイカー</wf>
         <wf lemma="は" pos="X">は</wf>
         <wf lemma="、" pos="X">、</wf>
         <wf lemma="嵐" pos="X">嵐</wf>
         <wf lemma="に" pos="X">に</wf>
         <wf lemma="あっ" pos="X">あっ</wf>
         <wf lemma="て" pos="X">て</wf>
         <wf lemma="、" pos="X">、</wf>
         <instance id="d000.s5930.t000" lemma="引き返す" pos="VERB">引き返さ</instance>
         <wf lemma="なければ" pos="X">なければ</wf>
         <wf lemma="なら" pos="X">なら</wf>
         <wf lemma="なかっ" pos="X">なかっ</wf>
         <wf lemma="た" pos="X">た</wf>
         <wf lemma="." pos="X">.</wf>
      </sentence>
      <sentence id="d000.s5931" source="wordnet-japanese">
         <wf lemma="これら" pos="X">これら</wf>
         <wf lemma="の" pos="X">の</wf>
         <wf lemma="哲学者" pos="X">哲学者</wf>
         <wf lemma="は" pos="X">は</wf>
         <wf lemma="人" pos="X">人</wf>
         <wf lemma="に" pos="X">に</wf>
         <wf lemma="法律" pos="X">法律</wf>
         <wf lemma="を" pos="X">を</wf>
         <instance id="d000.s5931.t000" lemma="託す" pos="VERB">託し</instance>
         <wf lemma="た" pos="X">た</wf>
         <wf lemma="." pos="X">.</wf>
      </sentence>
      <sentence id="d000.s5932" source="wordnet-japanese">
         <wf lemma="彼ら" pos="X">彼ら</wf>
         <wf lemma="は" pos="X">は</wf>
         <wf lemma="協力" pos="X">協力</wf>
         <wf lemma="に" pos="X">に</wf>
         <wf lemma="頼ら" pos="X">頼ら</wf>
         <wf lemma="ない" pos="X">ない</wf>
         <instance id="d000.s5932.t000" lemma="システム" pos="NOUN">システム</instance>
         <wf lemma="を" pos="X">を</wf>
         <wf lemma="考え" pos="X">考え</wf>
         <wf lemma="なければ" pos="X">なければ</wf>
         <wf lemma="なら" pos="X">なら</wf>
         <wf lemma="なかっ" pos="X">なかっ</wf>
         <wf lemma="た" pos="X">た</wf>
         <wf lemma="." pos="X">.</wf>
      </sentence>
      <sentence id="d000.s5933" source="wordnet-japanese">
         <wf lemma="単純" pos="X">単純</wf>
         <wf lemma="な" pos="X">な</wf>
         <instance id="d000.s5933.t000" lemma="フレット" pos="NOUN">フレット</instance>
         <wf lemma="が" pos="X">が</wf>
         <wf lemma="、" pos="X">、</wf>
         <wf lemma="壁" pos="X">壁</wf>
         <wf lemma="の" pos="X">の</wf>
         <wf lemma="最上位" pos="X">最上位</wf>
         <wf lemma="であっ" pos="X">であっ</wf>
         <wf lemma="た" pos="X">た</wf>
         <wf lemma="." pos="X">.</wf>
      </sentence>
      <sentence id="d000.s5934" source="wordnet-japanese">
         <instance id="d000.s5934.t000" lemma="冷たい" pos="ADJ">冷たい</instance>
         <wf lemma="指." pos="X">指.</wf>
      </sentence>
      <sentence id="d000.s5935" source="wordnet-japanese">
         <wf lemma="彼" pos="X">彼</wf>
         <wf lemma="は" pos="X">は</wf>
         <wf lemma="、" pos="X">、</wf>
         <wf lemma="働く" pos="X">働く</wf>
         <wf lemma="ため" pos="X">ため</wf>
         <wf lemma="に" pos="X">に</wf>
         <wf lemma="バス" pos="X">バス</wf>
         <wf lemma="に" pos="X">に</wf>
         <instance id="d000.s5935.t000" lemma="乗る" pos="VERB">乗る</instance>
         <wf lemma="." pos="X">.</wf>
      </sentence>
      <sentence id="d000.s5936" source="wordnet-japanese">
         <instance id="d000.s5936.t000" lemma="珍しい" pos="ADJ">珍しい</instance>
         <wf lemma="かなり" pos="X">かなり</wf>
         <wf lemma="の" pos="X">の</wf>
         <wf lemma="ビジネス" pos="X">ビジネス</wf>
         <wf lemma="を" pos="X">を</wf>
         <wf lemma="行う" pos="X">行う</wf>
         <wf lemma="こと" pos="X">こと</wf>
         <wf lemma="." pos="X">.</wf>
      </sentence>
      <sentence id="d000.s5937" source="wordnet-japanese">
         <wf lemma="実の" pos="X">実の</wf>
         <wf lemma="親" pos="X">親</wf>
         <wf lemma="が" pos="X">が</wf>
         <wf lemma="彼女" pos="X">彼女</wf>
         <wf lemma="を" pos="X">を</wf>
         <wf lemma="要求" pos="X">要求</wf>
         <wf lemma="し" pos="X">し</wf>
         <wf lemma="た" pos="X">た</wf>
         <wf lemma="とき" pos="X">とき</wf>
         <wf lemma="、" pos="X">、</wf>
         <wf lemma="子供" pos="X">子供</wf>
         <wf lemma="を" pos="X">を</wf>
         <wf lemma="養子" pos="X">養子</wf>
         <wf lemma="に" pos="X">に</wf>
         <wf lemma="し" pos="X">し</wf>
         <wf lemma="たかっ" pos="X">たかっ</wf>
         <wf lemma="た" pos="X">た</wf>
         <wf lemma="カップル" pos="X">カップル</wf>
         <wf lemma="は" pos="X">は</wf>
         <wf lemma="彼女" pos="X">彼女</wf>
         <wf lemma="を" pos="X">を</wf>
         <instance id="d000.s5937.t000" lemma="失う" pos="VERB">失っ</instance>
         <wf lemma="た" pos="X">た</wf>
         <wf lemma="." pos="X">.</wf>
      </sentence>
      <sentence id="d000.s5938" source="wordnet-japanese">
         <instance id="d000.s5938.t000" lemma="熱心" pos="ADJ">熱心</instance>
         <wf lemma="な" pos="X">な</wf>
         <wf lemma="先生" pos="X">先生</wf>
         <wf lemma="." pos="X">.</wf>
      </sentence>
      <sentence id="d000.s5939" source="wordnet-japanese">
         <instance id="d000.s5939.t000" lemma="早熟" pos="ADJ">早熟</instance>
         <wf lemma="の" pos="X">の</wf>
         <wf lemma="業績" pos="X">業績</wf>
         <wf lemma="." pos="X">.</wf>
      </sentence>
      <sentence id="d000.s5940" source="wordnet-japanese">
         <wf lemma="休み" pos="X">休み</wf>
         <wf lemma="、" pos="X">、</wf>
         <wf lemma="かつ" pos="X">かつ</wf>
         <wf lemma="考える" pos="X">考える</wf>
         <instance id="d000.s5940.t000" lemma="秘密" pos="ADJ">秘密</instance>
         <wf lemma="の" pos="X">の</wf>
         <wf lemma="場所" pos="X">場所</wf>
         <wf lemma="." pos="X">.</wf>
      </sentence>
      <sentence id="d000.s5941" source="wordnet-japanese">
         <wf lemma="親切" pos="X">親切</wf>
         <wf lemma="で" pos="X">で</wf>
         <instance id="d000.s5941.t000" lemma="公正" pos="ADJ">公正</instance>
         <wf lemma="な" pos="X">な</wf>
         <wf lemma="人" pos="X">人</wf>
         <wf lemma="." pos="X">.</wf>
      </sentence>
      <sentence id="d000.s5942" source="wordnet-japanese">
         <wf lemma="彼" pos="X">彼</wf>
         <wf lemma="の" pos="X">の</wf>
         <instance id="d000.s5942.t000" lemma="一族" pos="NOUN">一族</instance>
         <wf lemma="は" pos="X">は</wf>
         <wf lemma="メイフラワー" pos="X">メイフラワー</wf>
         <wf lemma="号" pos="X">号</wf>
         <wf lemma="以来" pos="X">以来</wf>
         <wf lemma="マサチューセッツ" pos="X">マサチューセッツ</wf>
         <wf lemma="州" pos="X">州</wf>
         <wf lemma="に" pos="X">に</wf>
         <wf lemma="住ん" pos="X">住ん</wf>
         <wf lemma="で" pos="X">で</wf>
         <wf lemma="い" pos="X">い</wf>
         <wf lemma="た" pos="X">た</wf>
         <wf lemma="." pos="X">.</wf>
      </sentence>
      <sentence id="d000.s5943" source="wordnet-japanese">
         <instance id="d000.s5943.t000" lemma="細かい" pos="ADJ">細かい</instance>
         <wf lemma="雨" pos="X">雨</wf>
         <wf lemma="." pos="X">.</wf>
      </sentence>
      <sentence id="d000.s5944" source="wordnet-japanese">
         <wf lemma="彼女" pos="X">彼女</wf>
         <wf lemma="は" pos="X">は</wf>
         <instance id="d000.s5944.t000" lemma="衣服" pos="NOUN">衣服</instance>
         <wf lemma="の" pos="X">の</wf>
         <wf lemma="選び" pos="X">選び</wf>
         <wf lemma="方" pos="X">方</wf>
         <wf lemma="が" pos="X">が</wf>
         <wf lemma="上品" pos="X">上品</wf>
         <wf lemma="だっ" pos="X">だっ</wf>
         <wf lemma="た" pos="X">た</wf>
         <wf lemma="." pos="X">.</wf>
      </sentence>
      <sentence id="d000.s5945" source="wordnet-japanese">
         <wf lemma="その" pos="X">その</wf>
         <wf lemma="子供" pos="X">子供</wf>
         <wf lemma="は" pos="X">は</wf>
         <wf lemma="我慢" pos="X">我慢</wf>
         <wf lemma="し" pos="X">し</wf>
         <wf lemma="て" pos="X">て</wf>
         <wf lemma="、" pos="X">、</wf>
         <wf lemma="質問" pos="X">質問</wf>
         <wf lemma="を" pos="X">を</wf>
         <instance id="d000.s5945.t000" lemma="続ける" pos="VERB">続け</instance>
         <wf lemma="た" pos="X">た</wf>
         <wf lemma="." pos="X">.</wf>
      </sentence>
      <sentence id="d000.s5946" source="wordnet-japanese">
         <wf lemma="彼" pos="X">彼</wf>
         <wf lemma="の" pos="X">の</wf>
         <wf lemma="当選" pos="X">当選</wf>
         <wf lemma="は" pos="X">は</wf>
         <wf lemma="新時代" pos="X">新時代</wf>
         <instance id="d000.s5946.t000" lemma="誕生" pos="NOUN">誕生</instance>
         <wf lemma="の" pos="X">の</wf>
         <wf lemma="前" pos="X">前</wf>
         <wf lemma="兆" pos="X">兆</wf>
         <wf lemma="であっ" pos="X">であっ</wf>
         <wf lemma="た" pos="X">た</wf>
         <wf lemma="." pos="X">.</wf>
      </sentence>
      <sentence id="d000.s5947" source="wordnet-japanese">
         <instance id="d000.s5947.t000" lemma="チャネル" pos="NOUN">チャネル</instance>
         <wf lemma="と" pos="X">と</wf>
         <wf lemma="は" pos="X">は</wf>
         <wf lemma="通常" pos="X">通常</wf>
         <wf lemma="あなた" pos="X">あなた</wf>
         <wf lemma="が" pos="X">が</wf>
         <wf lemma="電話会社" pos="X">電話会社</wf>
         <wf lemma="から" pos="X">から</wf>
         <wf lemma="賃借" pos="X">賃借</wf>
         <wf lemma="する" pos="X">する</wf>
         <wf lemma="物" pos="X">物</wf>
         <wf lemma="だ." pos="X">だ.</wf>
      </sentence>
      <sentence id="d000.s5948" source="wordnet-japanese">
         <wf lemma="彼" pos="X">彼</wf>
         <wf lemma="の" pos="X">の</wf>
         <instance id="d000.s5948.t000" lemma="迅速" pos="ADJ">迅速</instance>
         <wf lemma="な" pos="X">な</wf>
         <wf lemma="反応" pos="X">反応</wf>
         <wf lemma="は" pos="X">は</wf>
         <wf lemma="事故" pos="X">事故</wf>
         <wf lemma="を" pos="X">を</wf>
         <wf lemma="防い" pos="X">防い</wf>
         <wf lemma="だ" pos="X">だ</wf>
         <wf lemma="." pos="X">.</wf>
      </sentence>
      <sentence id="d000.s5949" source="wordnet-japanese">
         <instance id="d000.s5949.t000" lemma="連中" pos="NOUN">連中</instance>
         <wf lemma="は" pos="X">は</wf>
         <wf lemma="怒っ" pos="X">怒っ</wf>
         <wf lemma="て" pos="X">て</wf>
         <wf lemma="い" pos="X">い</wf>
         <wf lemma="た" pos="X">た</wf>
         <wf lemma="." pos="X">.</wf>
      </sentence>
      <sentence id="d000.s5950" source="wordnet-japanese">
         <wf lemma="彼" pos="X">彼</wf>
         <wf lemma="は" pos="X">は</wf>
         <wf lemma="高校" pos="X">高校</wf>
         <wf lemma="で" pos="X">で</wf>
         <instance id="d000.s5950.t000" lemma="野球" pos="NOUN">野球</instance>
         <wf lemma="を" pos="X">を</wf>
         <wf lemma="し" pos="X">し</wf>
         <wf lemma="た" pos="X">た</wf>
         <wf lemma="." pos="X">.</wf>
      </sentence>
      <sentence id="d000.s5951" source="wordnet-japanese">
         <wf lemma="彼" pos="X">彼</wf>
         <wf lemma="は" pos="X">は</wf>
         <instance id="d000.s5951.t000" lemma="ちょうど" pos="ADV">ちょうど</instance>
         <wf lemma="到着" pos="X">到着</wf>
         <wf lemma="し" pos="X">し</wf>
         <wf lemma="た" pos="X">た</wf>
         <wf lemma="ところ" pos="X">ところ</wf>
         <wf lemma="だ" pos="X">だ</wf>
         <wf lemma="." pos="X">.</wf>
      </sentence>
      <sentence id="d000.s5952" source="wordnet-japanese">
         <wf lemma="その" pos="X">その</wf>
         <wf lemma="人" pos="X">人</wf>
         <wf lemma="の" pos="X">の</wf>
         <wf lemma="ふるまい" pos="X">ふるまい</wf>
         <wf lemma="に対して" pos="X">に対して</wf>
         <instance id="d000.s5952.t000" lemma="慎重" pos="ADJ">慎重</instance>
         <wf lemma="である" pos="X">である</wf>
         <wf lemma="." pos="X">.</wf>
      </sentence>
      <sentence id="d000.s5953" source="wordnet-japanese">
         <wf lemma="彼女" pos="X">彼女</wf>
         <wf lemma="は" pos="X">は</wf>
         <wf lemma="最新" pos="X">最新</wf>
         <wf lemma="の" pos="X">の</wf>
         <wf lemma="パリファッション" pos="X">パリファッション</wf>
         <wf lemma="で" pos="X">で</wf>
         <instance id="d000.s5953.t000" lemma="装う" pos="VERB">装う</instance>
         <wf lemma="." pos="X">.</wf>
      </sentence>
      <sentence id="d000.s5954" source="wordnet-japanese">
         <wf lemma="彼ら" pos="X">彼ら</wf>
         <wf lemma="は" pos="X">は</wf>
         <wf lemma="自分" pos="X">自分</wf>
         <wf lemma="達" pos="X">達</wf>
         <wf lemma="の" pos="X">の</wf>
         <wf lemma="在庫品" pos="X">在庫品</wf>
         <wf lemma="を" pos="X">を</wf>
         <wf lemma="減らす" pos="X">減らす</wf>
         <wf lemma="ため" pos="X">ため</wf>
         <wf lemma="に" pos="X">に</wf>
         <instance id="d000.s5954.t000" lemma="特売" pos="NOUN">特売</instance>
         <wf lemma="を" pos="X">を</wf>
         <wf lemma="催し" pos="X">催し</wf>
         <wf lemma="た" pos="X">た</wf>
         <wf lemma="." pos="X">.</wf>
      </sentence>
      <sentence id="d000.s5955" source="wordnet-japanese">
         <instance id="d000.s5955.t000" lemma="普通" pos="ADJ">普通</instance>
         <wf lemma="の" pos="X">の</wf>
         <wf lemma="ワイン" pos="X">ワイン</wf>
         <wf lemma="." pos="X">.</wf>
      </sentence>
      <sentence id="d000.s5956" source="wordnet-japanese">
         <wf lemma="道" pos="X">道</wf>
         <wf lemma="で" pos="X">で</wf>
         <instance id="d000.s5956.t000" lemma="喧嘩" pos="NOUN">喧嘩</instance>
         <wf lemma="が" pos="X">が</wf>
         <wf lemma="あっ" pos="X">あっ</wf>
         <wf lemma="た" pos="X">た</wf>
         <wf lemma="." pos="X">.</wf>
      </sentence>
      <sentence id="d000.s5957" source="wordnet-japanese">
         <wf lemma="力" pos="X">力</wf>
         <wf lemma="や" pos="X">や</wf>
         <instance id="d000.s5957.t000" lemma="暴力" pos="NOUN">暴力</instance>
         <wf lemma="によって" pos="X">によって</wf>
         <wf lemma="短時間" pos="X">短時間</wf>
         <wf lemma="に" pos="X">に</wf>
         <wf lemma="行う" pos="X">行う</wf>
         <wf lemma="こと" pos="X">こと</wf>
         <wf lemma="が" pos="X">が</wf>
         <wf lemma="不可能" pos="X">不可能</wf>
         <wf lemma="な" pos="X">な</wf>
         <wf lemma="事" pos="X">事</wf>
         <wf lemma="を" pos="X">を</wf>
         <wf lemma="、" pos="X">、</wf>
         <wf lemma="彼" pos="X">彼</wf>
         <wf lemma="は" pos="X">は</wf>
         <wf lemma="長い" pos="X">長い</wf>
         <wf lemma="時間" pos="X">時間</wf>
         <wf lemma="を" pos="X">を</wf>
         <wf lemma="かけ" pos="X">かけ</wf>
         <wf lemma="て" pos="X">て</wf>
         <wf lemma="術策" pos="X">術策</wf>
         <wf lemma="によって" pos="X">によって</wf>
         <wf lemma="成し遂げる" pos="X">成し遂げる</wf>
         <wf lemma="であろ" pos="X">であろ</wf>
         <wf lemma="う" pos="X">う</wf>
         <wf lemma="." pos="X">.</wf>
      </sentence>
      <sentence id="d000.s5958" source="wordnet-japanese">
         <wf lemma="私" pos="X">私</wf>
         <wf lemma="の" pos="X">の</wf>
         <wf lemma="うち" pos="X">うち</wf>
         <wf lemma="で" pos="X">で</wf>
         <wf lemma="は" pos="X">は</wf>
         <wf lemma="ダンス" pos="X">ダンス</wf>
         <wf lemma="と" pos="X">と</wf>
         <wf lemma="カード" pos="X">カード</wf>
         <wf lemma="遊び" pos="X">遊び</wf>
         <wf lemma="は" pos="X">は</wf>
         <instance id="d000.s5958.t000" lemma="駄目" pos="ADJ">駄目</instance>
         <wf lemma="であっ" pos="X">であっ</wf>
         <wf lemma="た" pos="X">た</wf>
         <wf lemma="." pos="X">.</wf>
      </sentence>
      <sentence id="d000.s5959" source="wordnet-japanese">
         <wf lemma="彼女" pos="X">彼女</wf>
         <wf lemma="は" pos="X">は</wf>
         <instance id="d000.s5959.t000" lemma="左側" pos="NOUN">左側</instance>
         <wf lemma="に" pos="X">に</wf>
         <wf lemma="立っ" pos="X">立っ</wf>
         <wf lemma="て" pos="X">て</wf>
         <wf lemma="い" pos="X">い</wf>
         <wf lemma="た" pos="X">た</wf>
         <wf lemma="." pos="X">.</wf>
      </sentence>
      <sentence id="d000.s5960" source="wordnet-japanese">
         <wf lemma="彼" pos="X">彼</wf>
         <wf lemma="の" pos="X">の</wf>
         <wf lemma="敵" pos="X">敵</wf>
         <wf lemma="の" pos="X">の</wf>
         <wf lemma="意見" pos="X">意見</wf>
         <wf lemma="に" pos="X">に</wf>
         <instance id="d000.s5960.t000" lemma="寛容" pos="ADJ">寛容</instance>
         <wf lemma="な" pos="X">な</wf>
         <wf lemma="." pos="X">.</wf>
      </sentence>
      <sentence id="d000.s5961" source="wordnet-japanese">
         <wf lemma="いつも" pos="X">いつも</wf>
         <wf lemma="読書" pos="X">読書</wf>
         <wf lemma="は" pos="X">は</wf>
         <instance id="d000.s5961.t000" lemma="好き" pos="NOUN">好き</instance>
         <wf lemma="だっ" pos="X">だっ</wf>
         <wf lemma="た" pos="X">た</wf>
         <wf lemma="." pos="X">.</wf>
      </sentence>
      <sentence id="d000.s5962" source="wordnet-japanese">
         <wf lemma="彼" pos="X">彼</wf>
         <wf lemma="は" pos="X">は</wf>
         <wf lemma="、" pos="X">、</wf>
         <wf lemma="私" pos="X">私</wf>
         <wf lemma="を" pos="X">を</wf>
         <wf lemma="野郎" pos="X">野郎</wf>
         <wf lemma="と" pos="X">と</wf>
         <instance id="d000.s5962.t000" lemma="呼ぶ" pos="VERB">呼ん</instance>
         <wf lemma="だ" pos="X">だ</wf>
         <wf lemma="." pos="X">.</wf>
      </sentence>
      <sentence id="d000.s5963" source="wordnet-japanese">
         <instance id="d000.s5963.t000" lemma="全く" pos="ADV">全く</instance>
         <wf lemma="すばらしい" pos="X">すばらしい</wf>
         <wf lemma="絵画" pos="X">絵画</wf>
         <wf lemma="." pos="X">.</wf>
      </sentence>
      <sentence id="d000.s5964" source="wordnet-japanese">
         <wf lemma="彼" pos="X">彼</wf>
         <wf lemma="が" pos="X">が</wf>
         <wf lemma="もっと" pos="X">もっと</wf>
         <wf lemma="若かっ" pos="X">若かっ</wf>
         <wf lemma="た" pos="X">た</wf>
         <wf lemma="とき" pos="X">とき</wf>
         <wf lemma="は" pos="X">は</wf>
         <wf lemma="、" pos="X">、</wf>
         <instance id="d000.s5964.t000" lemma="記憶力" pos="NOUN">記憶力</instance>
         <wf lemma="が" pos="X">が</wf>
         <wf lemma="良かっ" pos="X">良かっ</wf>
         <wf lemma="た" pos="X">た</wf>
         <wf lemma="." pos="X">.</wf>
      </sentence>
      <sentence id="d000.s5965" source="wordnet-japanese">
         <wf lemma="彼女" pos="X">彼女</wf>
         <wf lemma="が" pos="X">が</wf>
         <wf lemma="サウナ" pos="X">サウナ</wf>
         <wf lemma="から" pos="X">から</wf>
         <wf lemma="出" pos="X">出</wf>
         <wf lemma="て" pos="X">て</wf>
         <wf lemma="き" pos="X">き</wf>
         <wf lemma="た" pos="X">た</wf>
         <wf lemma="とき" pos="X">とき</wf>
         <wf lemma="、" pos="X">、</wf>
         <wf lemma="彼女" pos="X">彼女</wf>
         <wf lemma="の" pos="X">の</wf>
         <wf lemma="顔" pos="X">顔</wf>
         <wf lemma="は" pos="X">は</wf>
         <instance id="d000.s5965.t000" lemma="火照る" pos="VERB">火照っ</instance>
         <wf lemma="て" pos="X">て</wf>
         <wf lemma="い" pos="X">い</wf>
         <wf lemma="た" pos="X">た</wf>
         <wf lemma="." pos="X">.</wf>
      </sentence>
      <sentence id="d000.s5966" source="wordnet-japanese">
         <instance id="d000.s5966.t000" lemma="詩的" pos="ADJ">詩的</instance>
         <wf lemma="な" pos="X">な</wf>
         <wf lemma="洞察" pos="X">洞察</wf>
         <wf lemma="." pos="X">.</wf>
      </sentence>
      <sentence id="d000.s5967" source="wordnet-japanese">
         <wf lemma="彼" pos="X">彼</wf>
         <wf lemma="は" pos="X">は</wf>
         <wf lemma="失業者" pos="X">失業者</wf>
         <wf lemma="の" pos="X">の</wf>
         <instance id="d000.s5967.t000" lemma="仲間" pos="NOUN">仲間</instance>
         <wf lemma="に" pos="X">に</wf>
         <wf lemma="加わっ" pos="X">加わっ</wf>
         <wf lemma="た" pos="X">た</wf>
         <wf lemma="." pos="X">.</wf>
      </sentence>
      <sentence id="d000.s5968" source="wordnet-japanese">
         <wf lemma="彼" pos="X">彼</wf>
         <wf lemma="は" pos="X">は</wf>
         <wf lemma="ひどい" pos="X">ひどい</wf>
         <instance id="d000.s5968.t000" lemma="借金" pos="NOUN">借金</instance>
         <wf lemma="が" pos="X">が</wf>
         <wf lemma="ある" pos="X">ある</wf>
         <wf lemma="." pos="X">.</wf>
      </sentence>
      <sentence id="d000.s5969" source="wordnet-japanese">
         <wf lemma="私" pos="X">私</wf>
         <wf lemma="の" pos="X">の</wf>
         <instance id="d000.s5969.t000" lemma="番" pos="NOUN">番</instance>
         <wf lemma="だ" pos="X">だ</wf>
         <wf lemma="." pos="X">.</wf>
      </sentence>
      <sentence id="d000.s5970" source="wordnet-japanese">
         <wf lemma="感謝祭" pos="X">感謝祭</wf>
         <wf lemma="の" pos="X">の</wf>
         <instance id="d000.s5970.t000" lemma="祝宴" pos="NOUN">祝宴</instance>
         <wf lemma="." pos="X">.</wf>
      </sentence>
      <sentence id="d000.s5971" source="wordnet-japanese">
         <instance id="d000.s5971.t000" lemma="狭い" pos="ADJ">狭い</instance>
         <wf lemma="橋" pos="X">橋</wf>
         <wf lemma="." pos="X">.</wf>
      </sentence>
      <sentence id="d000.s5972" source="wordnet-japanese">
         <wf lemma="山" pos="X">山</wf>
         <wf lemma="の" pos="X">の</wf>
         <instance id="d000.s5972.t000" lemma="凹凸" pos="NOUN">凹凸</instance>
         <wf lemma="." pos="X">.</wf>
      </sentence>
      <sentence id="d000.s5973" source="wordnet-japanese">
         <instance id="d000.s5973.t000" lemma="食後" pos="ADJ">食後</instance>
         <wf lemma="の" pos="X">の</wf>
         <wf lemma="散歩" pos="X">散歩</wf>
         <wf lemma="を" pos="X">を</wf>
         <wf lemma="し" pos="X">し</wf>
         <wf lemma="た" pos="X">た</wf>
         <wf lemma="." pos="X">.</wf>
      </sentence>
      <sentence id="d000.s5974" source="wordnet-japanese">
         <wf lemma="アヒル" pos="X">アヒル</wf>
         <wf lemma="の" pos="X">の</wf>
         <wf lemma="子" pos="X">子</wf>
         <wf lemma="は" pos="X">は</wf>
         <wf lemma="、" pos="X">、</wf>
         <wf lemma="池" pos="X">池</wf>
         <wf lemma="の" pos="X">の</wf>
         <wf lemma="まわり" pos="X">まわり</wf>
         <wf lemma="で" pos="X">で</wf>
         <wf lemma="彼ら" pos="X">彼ら</wf>
         <wf lemma="の" pos="X">の</wf>
         <wf lemma="母" pos="X">母</wf>
         <wf lemma="の" pos="X">の</wf>
         <wf lemma="後" pos="X">後</wf>
         <wf lemma="を" pos="X">を</wf>
         <instance id="d000.s5974.t000" lemma="追う" pos="VERB">追っ</instance>
         <wf lemma="た" pos="X">た</wf>
         <wf lemma="." pos="X">.</wf>
      </sentence>
      <sentence id="d000.s5975" source="wordnet-japanese">
         <wf lemma="ケネディ" pos="X">ケネディ</wf>
         <wf lemma="大統領" pos="X">大統領</wf>
         <wf lemma="は" pos="X">は</wf>
         <wf lemma="、" pos="X">、</wf>
         <instance id="d000.s5975.t000" lemma="今" pos="ADV">今</instance>
         <wf lemma="、" pos="X">、</wf>
         <wf lemma="国家" pos="X">国家</wf>
         <wf lemma="警備隊" pos="X">警備隊</wf>
         <wf lemma="を" pos="X">を</wf>
         <wf lemma="呼ん" pos="X">呼ん</wf>
         <wf lemma="で" pos="X">で</wf>
         <wf lemma="いる" pos="X">いる</wf>
         <wf lemma="." pos="X">.</wf>
      </sentence>
      <sentence id="d000.s5976" source="wordnet-japanese">
         <wf lemma="棚" pos="X">棚</wf>
         <wf lemma="の" pos="X">の</wf>
         <instance id="d000.s5976.t000" lemma="奥行き" pos="NOUN">奥行き</instance>
         <wf lemma="." pos="X">.</wf>
      </sentence>
      <sentence id="d000.s5977" source="wordnet-japanese">
         <wf lemma="彼" pos="X">彼</wf>
         <wf lemma="は" pos="X">は</wf>
         <wf lemma="その" pos="X">その</wf>
         <instance id="d000.s5977.t000" lemma="答" pos="NOUN">答</instance>
         <wf lemma="を" pos="X">を</wf>
         <wf lemma="小数点" pos="X">小数点</wf>
         <wf lemma="4" pos="X">4</wf>
         <wf lemma="桁" pos="X">桁</wf>
         <wf lemma="まで" pos="X">まで</wf>
         <wf lemma="計算" pos="X">計算</wf>
         <wf lemma="し" pos="X">し</wf>
         <wf lemma="た" pos="X">た</wf>
         <wf lemma="." pos="X">.</wf>
      </sentence>
      <sentence id="d000.s5978" source="wordnet-japanese">
         <wf lemma="彼ら" pos="X">彼ら</wf>
         <wf lemma="は" pos="X">は</wf>
         <wf lemma="合意" pos="X">合意</wf>
         <wf lemma="が" pos="X">が</wf>
         <wf lemma="得" pos="X">得</wf>
         <wf lemma="られ" pos="X">られ</wf>
         <wf lemma="ない" pos="X">ない</wf>
         <wf lemma="と" pos="X">と</wf>
         <wf lemma="し" pos="X">し</wf>
         <wf lemma="て" pos="X">て</wf>
         <wf lemma="、" pos="X">、</wf>
         <instance id="d000.s5978.t000" lemma="調停" pos="NOUN">調停</instance>
         <wf lemma="裁判" pos="X">裁判</wf>
         <wf lemma="に" pos="X">に</wf>
         <wf lemma="訴え" pos="X">訴え</wf>
         <wf lemma="た" pos="X">た</wf>
         <wf lemma="." pos="X">.</wf>
      </sentence>
      <sentence id="d000.s5979" source="wordnet-japanese">
         <wf lemma="ネックレス" pos="X">ネックレス</wf>
         <wf lemma="に" pos="X">に</wf>
         <wf lemma="小さな" pos="X">小さな</wf>
         <wf lemma="飾り" pos="X">飾り</wf>
         <wf lemma="を" pos="X">を</wf>
         <instance id="d000.s5979.t000" lemma="付ける" pos="VERB">付ける</instance>
         <wf lemma="." pos="X">.</wf>
      </sentence>
      <sentence id="d000.s5980" source="wordnet-japanese">
         <instance id="d000.s5980.t000" lemma="ある" pos="ADJ">ある</instance>
         <wf lemma="程度" pos="X">程度</wf>
         <wf lemma="まで" pos="X">まで</wf>
         <wf lemma="." pos="X">.</wf>
      </sentence>
      <sentence id="d000.s5981" source="wordnet-japanese">
         <instance id="d000.s5981.t000" lemma="ノック" pos="NOUN">ノック</instance>
         <wf lemma="が" pos="X">が</wf>
         <wf lemma="大きく" pos="X">大きく</wf>
         <wf lemma="なっ" pos="X">なっ</wf>
         <wf lemma="た" pos="X">た</wf>
         <wf lemma="." pos="X">.</wf>
      </sentence>
      <sentence id="d000.s5982" source="wordnet-japanese">
         <wf lemma="従業員" pos="X">従業員</wf>
         <wf lemma="は" pos="X">は</wf>
         <wf lemma="皆" pos="X">皆</wf>
         <wf lemma="、" pos="X">、</wf>
         <wf lemma="彼" pos="X">彼</wf>
         <wf lemma="が" pos="X">が</wf>
         <instance id="d000.s5982.t000" lemma="短気" pos="NOUN">短気</instance>
         <wf lemma="だ" pos="X">だ</wf>
         <wf lemma="という" pos="X">という</wf>
         <wf lemma="こと" pos="X">こと</wf>
         <wf lemma="を" pos="X">を</wf>
         <wf lemma="知っ" pos="X">知っ</wf>
         <wf lemma="て" pos="X">て</wf>
         <wf lemma="い" pos="X">い</wf>
         <wf lemma="た" pos="X">た</wf>
         <wf lemma="." pos="X">.</wf>
      </sentence>
      <sentence id="d000.s5983" source="wordnet-japanese">
         <wf lemma="超高層大気" pos="X">超高層大気</wf>
         <wf lemma="の" pos="X">の</wf>
         <instance id="d000.s5983.t000" lemma="希薄" pos="NOUN">希薄</instance>
         <wf lemma="." pos="X">.</wf>
      </sentence>
      <sentence id="d000.s5984" source="wordnet-japanese">
         <wf lemma="彼ら" pos="X">彼ら</wf>
         <wf lemma="は" pos="X">は</wf>
         <wf lemma="積極的" pos="X">積極的</wf>
         <wf lemma="な" pos="X">な</wf>
         <instance id="d000.s5984.t000" lemma="綱領" pos="NOUN">綱領</instance>
         <wf lemma="を" pos="X">を</wf>
         <wf lemma="出さ" pos="X">出さ</wf>
         <wf lemma="なかっ" pos="X">なかっ</wf>
         <wf lemma="た" pos="X">た</wf>
         <wf lemma="が" pos="X">が</wf>
         <wf lemma="選挙" pos="X">選挙</wf>
         <wf lemma="に" pos="X">に</wf>
         <wf lemma="勝っ" pos="X">勝っ</wf>
         <wf lemma="た" pos="X">た</wf>
         <wf lemma="." pos="X">.</wf>
      </sentence>
      <sentence id="d000.s5985" source="wordnet-japanese">
         <wf lemma="集団" pos="X">集団</wf>
         <wf lemma="で" pos="X">で</wf>
         <wf lemma="の" pos="X">の</wf>
         <wf lemma="会話" pos="X">会話</wf>
         <wf lemma="の" pos="X">の</wf>
         <instance id="d000.s5985.t000" lemma="原則" pos="NOUN">原則</instance>
         <wf lemma="." pos="X">.</wf>
      </sentence>
      <sentence id="d000.s5986" source="wordnet-japanese">
         <wf lemma="彼" pos="X">彼</wf>
         <wf lemma="にとって" pos="X">にとって</wf>
         <wf lemma="、" pos="X">、</wf>
         <wf lemma="人生" pos="X">人生</wf>
         <wf lemma="は" pos="X">は</wf>
         <wf lemma="、" pos="X">、</wf>
         <wf lemma="すべて" pos="X">すべて</wf>
         <wf lemma="の" pos="X">の</wf>
         <wf lemma="楽しみ" pos="X">楽しみ</wf>
         <wf lemma="と" pos="X">と</wf>
         <instance id="d000.s5986.t000" lemma="ゲーム" pos="NOUN">ゲーム</instance>
         <wf lemma="である" pos="X">である</wf>
         <wf lemma="." pos="X">.</wf>
      </sentence>
      <sentence id="d000.s5987" source="wordnet-japanese">
         <wf lemma="それら" pos="X">それら</wf>
         <wf lemma="は" pos="X">は</wf>
         <instance id="d000.s5987.t000" lemma="防衛" pos="NOUN">防衛</instance>
         <wf lemma="計画" pos="X">計画</wf>
         <wf lemma="の" pos="X">の</wf>
         <wf lemma="ため" pos="X">ため</wf>
         <wf lemma="に" pos="X">に</wf>
         <wf lemma="開発" pos="X">開発</wf>
         <wf lemma="さ" pos="X">さ</wf>
         <wf lemma="れ" pos="X">れ</wf>
         <wf lemma="た" pos="X">た</wf>
         <wf lemma="." pos="X">.</wf>
      </sentence>
      <sentence id="d000.s5988" source="wordnet-japanese">
         <wf lemma="精液" pos="X">精液</wf>
         <wf lemma="は" pos="X">は</wf>
         <wf lemma="男性" pos="X">男性</wf>
         <wf lemma="に" pos="X">に</wf>
         <wf lemma="現れ" pos="X">現れ</wf>
         <wf lemma="て" pos="X">て</wf>
         <wf lemma="、" pos="X">、</wf>
         <instance id="d000.s5988.t000" lemma="月経" pos="NOUN">月経</instance>
         <wf lemma="が" pos="X">が</wf>
         <wf lemma="女性" pos="X">女性</wf>
         <wf lemma="に" pos="X">に</wf>
         <wf lemma="起こり" pos="X">起こり</wf>
         <wf lemma="始める" pos="X">始める</wf>
         <wf lemma="の" pos="X">の</wf>
         <wf lemma="と" pos="X">と</wf>
         <wf lemma="同じ" pos="X">同じ</wf>
         <wf lemma="年齢" pos="X">年齢</wf>
         <wf lemma="に" pos="X">に</wf>
         <wf lemma="放た" pos="X">放た</wf>
         <wf lemma="れ" pos="X">れ</wf>
         <wf lemma="始める" pos="X">始める</wf>
         <wf lemma="−" pos="X">−</wf>
         <wf lemma="−" pos="X">−</wf>
         <wf lemma="アリストテレス" pos="X">アリストテレス</wf>
         <wf lemma="." pos="X">.</wf>
      </sentence>
      <sentence id="d000.s5989" source="wordnet-japanese">
         <wf lemma="ナイフ" pos="X">ナイフ</wf>
         <wf lemma="は" pos="X">は</wf>
         <instance id="d000.s5989.t000" lemma="かなり" pos="ADV">かなり</instance>
         <wf lemma="鈍い" pos="X">鈍い</wf>
         <wf lemma="." pos="X">.</wf>
      </sentence>
      <sentence id="d000.s5990" source="wordnet-japanese">
         <wf lemma="大国" pos="X">大国</wf>
         <wf lemma="の" pos="X">の</wf>
         <wf lemma="政治的" pos="X">政治的</wf>
         <wf lemma="勢力" pos="X">勢力</wf>
         <instance id="d000.s5990.t000" lemma="圏" pos="NOUN">圏</instance>
         <wf lemma="の" pos="X">の</wf>
         <wf lemma="中" pos="X">中</wf>
         <wf lemma="で" pos="X">で</wf>
         <wf lemma="." pos="X">.</wf>
      </sentence>
      <sentence id="d000.s5991" source="wordnet-japanese">
         <wf lemma="彼ら" pos="X">彼ら</wf>
         <wf lemma="は" pos="X">は</wf>
         <wf lemma="、" pos="X">、</wf>
         <wf lemma="何" pos="X">何</wf>
         <wf lemma="時間" pos="X">時間</wf>
         <wf lemma="も" pos="X">も</wf>
         <wf lemma="ただ" pos="X">ただ</wf>
         <instance id="d000.s5991.t000" lemma="スロット" pos="NOUN">スロット</instance>
         <wf lemma="を" pos="X">を</wf>
         <wf lemma="プレー" pos="X">プレー</wf>
         <wf lemma="し" pos="X">し</wf>
         <wf lemma="ながら" pos="X">ながら</wf>
         <wf lemma="時間" pos="X">時間</wf>
         <wf lemma="を" pos="X">を</wf>
         <wf lemma="過ごす" pos="X">過ごす</wf>
         <wf lemma="." pos="X">.</wf>
      </sentence>
      <sentence id="d000.s5992" source="wordnet-japanese">
         <wf lemma="あなた" pos="X">あなた</wf>
         <wf lemma="の" pos="X">の</wf>
         <wf lemma="タバコ" pos="X">タバコ</wf>
         <wf lemma="に" pos="X">に</wf>
         <wf lemma="火" pos="X">火</wf>
         <wf lemma="を" pos="X">を</wf>
         <wf lemma="つける" pos="X">つける</wf>
         <wf lemma="ため" pos="X">ため</wf>
         <wf lemma="の" pos="X">の</wf>
         <wf lemma="長い" pos="X">長い</wf>
         <instance id="d000.s5992.t000" lemma="マッチ" pos="NOUN">マッチ</instance>
         <wf lemma="." pos="X">.</wf>
      </sentence>
      <sentence id="d000.s5993" source="wordnet-japanese">
         <wf lemma="イベント" pos="X">イベント</wf>
         <wf lemma="の" pos="X">の</wf>
         <instance id="d000.s5993.t000" lemma="ペース" pos="NOUN">ペース</instance>
         <wf lemma="は" pos="X">は</wf>
         <wf lemma="加速" pos="X">加速</wf>
         <wf lemma="し" pos="X">し</wf>
         <wf lemma="た" pos="X">た</wf>
         <wf lemma="." pos="X">.</wf>
      </sentence>
      <sentence id="d000.s5994" source="wordnet-japanese">
         <instance id="d000.s5994.t000" lemma="間接的" pos="ADJ">間接的</instance>
         <wf lemma="で" pos="X">で</wf>
         <wf lemma="ある" pos="X">ある</wf>
         <wf lemma="が" pos="X">が</wf>
         <wf lemma="、" pos="X">、</wf>
         <wf lemma="合法的" pos="X">合法的</wf>
         <wf lemma="な" pos="X">な</wf>
         <wf lemma="質問" pos="X">質問</wf>
         <wf lemma="を" pos="X">を</wf>
         <wf lemma="する" pos="X">する</wf>
         <wf lemma="こと" pos="X">こと</wf>
         <wf lemma="." pos="X">.</wf>
      </sentence>
      <sentence id="d000.s5995" source="wordnet-japanese">
         <instance id="d000.s5995.t000" lemma="優しい" pos="ADJ">優しい</instance>
         <wf lemma="心" pos="X">心</wf>
         <wf lemma="." pos="X">.</wf>
      </sentence>
      <sentence id="d000.s5996" source="wordnet-japanese">
         <wf lemma="証拠" pos="X">証拠</wf>
         <wf lemma="は" pos="X">は</wf>
         <wf lemma="政府" pos="X">政府</wf>
         <wf lemma="の" pos="X">の</wf>
         <instance id="d000.s5996.t000" lemma="主張" pos="NOUN">主張</instance>
         <wf lemma="と" pos="X">と</wf>
         <wf lemma="矛盾" pos="X">矛盾</wf>
         <wf lemma="し" pos="X">し</wf>
         <wf lemma="て" pos="X">て</wf>
         <wf lemma="い" pos="X">い</wf>
         <wf lemma="た" pos="X">た</wf>
         <wf lemma="." pos="X">.</wf>
      </sentence>
      <sentence id="d000.s5997" source="wordnet-japanese">
         <wf lemma="どうして" pos="X">どうして</wf>
         <wf lemma="そんな" pos="X">そんな</wf>
         <instance id="d000.s5997.t000" lemma="こと" pos="NOUN">こと</instance>
         <wf lemma="が" pos="X">が</wf>
         <wf lemma="でき" pos="X">でき</wf>
         <wf lemma="た" pos="X">た</wf>
         <wf lemma="の" pos="X">の</wf>
         <wf lemma="です" pos="X">です</wf>
         <wf lemma="か" pos="X">か</wf>
         <wf lemma="？" pos="X">？</wf>
         <wf lemma="." pos="X">.</wf>
      </sentence>
      <sentence id="d000.s5998" source="wordnet-japanese">
         <wf lemma="絵" pos="X">絵</wf>
         <wf lemma="の" pos="X">の</wf>
         <wf lemma="詳細" pos="X">詳細</wf>
         <wf lemma="の" pos="X">の</wf>
         <instance id="d000.s5998.t000" lemma="微細" pos="NOUN">微細</instance>
         <wf lemma="さ" pos="X">さ</wf>
         <wf lemma="ゆえ" pos="X">ゆえ</wf>
         <wf lemma="に" pos="X">に</wf>
         <wf lemma="." pos="X">.</wf>
      </sentence>
      <sentence id="d000.s5999" source="wordnet-japanese">
         <wf lemma="タヒチ" pos="X">タヒチ</wf>
         <wf lemma="島" pos="X">島</wf>
         <wf lemma="で" pos="X">で</wf>
         <wf lemma="の" pos="X">の</wf>
         <wf lemma="彼" pos="X">彼</wf>
         <wf lemma="の" pos="X">の</wf>
         <instance id="d000.s5999.t000" lemma="牧歌的" pos="ADJ">牧歌的</instance>
         <wf lemma="な" pos="X">な</wf>
         <wf lemma="生活" pos="X">生活</wf>
         <wf lemma="." pos="X">.</wf>
      </sentence>
      <sentence id="d000.s6000" source="wordnet-japanese">
         <wf lemma="これら" pos="X">これら</wf>
         <wf lemma="の" pos="X">の</wf>
         <wf lemma="絵" pos="X">絵</wf>
         <wf lemma="は" pos="X">は</wf>
         <wf lemma="想像" pos="X">想像</wf>
         <wf lemma="を" pos="X">を</wf>
         <instance id="d000.s6000.t000" lemma="高める" pos="VERB">高める</instance>
         <wf lemma="." pos="X">.</wf>
      </sentence>
      <sentence id="d000.s6001" source="wordnet-japanese">
         <wf lemma="彼" pos="X">彼</wf>
         <wf lemma="は" pos="X">は</wf>
         <wf lemma="ユリウス" pos="X">ユリウス</wf>
         <wf lemma="・" pos="X">・</wf>
         <wf lemma="カエサル" pos="X">カエサル</wf>
         <wf lemma="で" pos="X">で</wf>
         <instance id="d000.s6001.t000" lemma="演じる" pos="VERB">演じ</instance>
         <wf lemma="た" pos="X">た</wf>
         <wf lemma="." pos="X">.</wf>
      </sentence>
      <sentence id="d000.s6002" source="wordnet-japanese">
         <wf lemma="彼" pos="X">彼</wf>
         <wf lemma="の" pos="X">の</wf>
         <wf lemma="労働" pos="X">労働</wf>
         <wf lemma="は" pos="X">は</wf>
         <wf lemma="そこ" pos="X">そこ</wf>
         <wf lemma="で" pos="X">で</wf>
         <wf lemma="は" pos="X">は</wf>
         <wf lemma="終わっ" pos="X">終わっ</wf>
         <wf lemma="て" pos="X">て</wf>
         <wf lemma="い" pos="X">い</wf>
         <wf lemma="なかっ" pos="X">なかっ</wf>
         <wf lemma="た" pos="X">た</wf>
         <wf lemma="、" pos="X">、</wf>
         <instance id="d000.s6002.t000" lemma="全く" pos="ADV">全く</instance>
         <wf lemma="終わっ" pos="X">終わっ</wf>
         <wf lemma="て" pos="X">て</wf>
         <wf lemma="い" pos="X">い</wf>
         <wf lemma="なかっ" pos="X">なかっ</wf>
         <wf lemma="た" pos="X">た</wf>
         <wf lemma="." pos="X">.</wf>
      </sentence>
      <sentence id="d000.s6003" source="wordnet-japanese">
         <instance id="d000.s6003.t000" lemma="大雑把" pos="ADJ">大雑把</instance>
         <wf lemma="な" pos="X">な</wf>
         <wf lemma="説明" pos="X">説明</wf>
         <wf lemma="." pos="X">.</wf>
      </sentence>
      <sentence id="d000.s6004" source="wordnet-japanese">
         <wf lemma="彼" pos="X">彼</wf>
         <wf lemma="の" pos="X">の</wf>
         <wf lemma="部屋" pos="X">部屋</wf>
         <wf lemma="は" pos="X">は</wf>
         <wf lemma="ホテル" pos="X">ホテル</wf>
         <wf lemma="の" pos="X">の</wf>
         <instance id="d000.s6004.t000" lemma="後部" pos="NOUN">後部</instance>
         <wf lemma="に" pos="X">に</wf>
         <wf lemma="向かっ" pos="X">向かっ</wf>
         <wf lemma="て" pos="X">て</wf>
         <wf lemma="い" pos="X">い</wf>
         <wf lemma="た" pos="X">た</wf>
         <wf lemma="." pos="X">.</wf>
      </sentence>
      <sentence id="d000.s6005" source="wordnet-japanese">
         <instance id="d000.s6005.t000" lemma="浅い" pos="ADJ">浅い</instance>
         <wf lemma="クローゼット" pos="X">クローゼット</wf>
         <wf lemma="." pos="X">.</wf>
      </sentence>
      <sentence id="d000.s6006" source="wordnet-japanese">
         <wf lemma="彼" pos="X">彼</wf>
         <wf lemma="が" pos="X">が</wf>
         <wf lemma="常に" pos="X">常に</wf>
         <instance id="d000.s6006.t000" lemma="移動" pos="NOUN">移動</instance>
         <wf lemma="し" pos="X">し</wf>
         <wf lemma="て" pos="X">て</wf>
         <wf lemma="い" pos="X">い</wf>
         <wf lemma="た" pos="X">た</wf>
         <wf lemma="ので" pos="X">ので</wf>
         <wf lemma="授業" pos="X">授業</wf>
         <wf lemma="が" pos="X">が</wf>
         <wf lemma="台無" pos="X">台無</wf>
         <wf lemma="し" pos="X">し</wf>
         <wf lemma="に" pos="X">に</wf>
         <wf lemma="なっ" pos="X">なっ</wf>
         <wf lemma="た" pos="X">た</wf>
         <wf lemma="." pos="X">.</wf>
      </sentence>
      <sentence id="d000.s6007" source="wordnet-japanese">
         <wf lemma="集中" pos="X">集中</wf>
         <wf lemma="する" pos="X">する</wf>
         <instance id="d000.s6007.t000" lemma="辛辣" pos="ADJ">辛辣</instance>
         <wf lemma="な" pos="X">な</wf>
         <wf lemma="コメント" pos="X">コメント</wf>
         <wf lemma="." pos="X">.</wf>
      </sentence>
      <sentence id="d000.s6008" source="wordnet-japanese">
         <wf lemma="批判" pos="X">批判</wf>
         <wf lemma="を" pos="X">を</wf>
         <instance id="d000.s6008.t000" lemma="招く" pos="VERB">招く</instance>
         <wf lemma="." pos="X">.</wf>
      </sentence>
      <sentence id="d000.s6009" source="wordnet-japanese">
         <wf lemma="トランク" pos="X">トランク</wf>
         <wf lemma="に" pos="X">に</wf>
         <wf lemma="は" pos="X">は</wf>
         <wf lemma="、" pos="X">、</wf>
         <wf lemma="彼女" pos="X">彼女</wf>
         <wf lemma="の" pos="X">の</wf>
         <wf lemma="すべて" pos="X">すべて</wf>
         <wf lemma="の" pos="X">の</wf>
         <wf lemma="乏しい" pos="X">乏しい</wf>
         <instance id="d000.s6009.t000" lemma="宝" pos="NOUN">宝</instance>
         <wf lemma="が" pos="X">が</wf>
         <wf lemma="詰め込ま" pos="X">詰め込ま</wf>
         <wf lemma="れ" pos="X">れ</wf>
         <wf lemma="て" pos="X">て</wf>
         <wf lemma="い" pos="X">い</wf>
         <wf lemma="た" pos="X">た</wf>
         <wf lemma="." pos="X">.</wf>
      </sentence>
      <sentence id="d000.s6010" source="wordnet-japanese">
         <wf lemma="彼ら" pos="X">彼ら</wf>
         <wf lemma="は" pos="X">は</wf>
         <instance id="d000.s6010.t000" lemma="同時" pos="ADV">同時</instance>
         <wf lemma="に" pos="X">に</wf>
         <wf lemma="話し" pos="X">話し</wf>
         <wf lemma="た" pos="X">た</wf>
         <wf lemma="." pos="X">.</wf>
      </sentence>
      <sentence id="d000.s6011" source="wordnet-japanese">
         <wf lemma="モデル" pos="X">モデル</wf>
         <wf lemma="は" pos="X">は</wf>
         <wf lemma="、" pos="X">、</wf>
         <wf lemma="物質" pos="X">物質</wf>
         <wf lemma="が" pos="X">が</wf>
         <wf lemma="どのよう" pos="X">どのよう</wf>
         <wf lemma="に" pos="X">に</wf>
         <wf lemma="確立" pos="X">確立</wf>
         <wf lemma="さ" pos="X">さ</wf>
         <wf lemma="れる" pos="X">れる</wf>
         <wf lemma="か" pos="X">か</wf>
         <wf lemma="について" pos="X">について</wf>
         <wf lemma="の" pos="X">の</wf>
         <instance id="d000.s6011.t000" lemma="類似" pos="NOUN">類似</instance>
         <wf lemma="により" pos="X">により</wf>
         <wf lemma="示す" pos="X">示す</wf>
         <wf lemma="." pos="X">.</wf>
      </sentence>
      <sentence id="d000.s6012" source="wordnet-japanese">
         <wf lemma="ポール" pos="X">ポール</wf>
         <wf lemma="は" pos="X">は</wf>
         <wf lemma="ダマスカス" pos="X">ダマスカス</wf>
         <wf lemma="の" pos="X">の</wf>
         <wf lemma="通り" pos="X">通り</wf>
         <wf lemma="を" pos="X">を</wf>
         <instance id="d000.s6012.t000" lemma="歩く" pos="VERB">歩い</instance>
         <wf lemma="た" pos="X">た</wf>
         <wf lemma="." pos="X">.</wf>
      </sentence>
      <sentence id="d000.s6013" source="wordnet-japanese">
         <wf lemma="金" pos="X">金</wf>
         <wf lemma="を" pos="X">を</wf>
         <instance id="d000.s6013.t000" lemma="溶かす" pos="VERB">溶かす</instance>
         <wf lemma="." pos="X">.</wf>
      </sentence>
      <sentence id="d000.s6014" source="wordnet-japanese">
         <wf lemma="肖像画" pos="X">肖像画</wf>
         <wf lemma="の" pos="X">の</wf>
         <instance id="d000.s6014.t000" lemma="忠実" pos="ADJ">忠実</instance>
         <wf lemma="な" pos="X">な</wf>
         <wf lemma="コピー" pos="X">コピー</wf>
         <wf lemma="." pos="X">.</wf>
      </sentence>
      <sentence id="d000.s6015" source="wordnet-japanese">
         <instance id="d000.s6015.t000" lemma="一連" pos="NOUN">一連</instance>
         <wf lemma="の" pos="X">の</wf>
         <wf lemma="学力" pos="X">学力</wf>
         <wf lemma="テスト" pos="X">テスト</wf>
         <wf lemma="を" pos="X">を</wf>
         <wf lemma="受け" pos="X">受け</wf>
         <wf lemma="た" pos="X">た</wf>
         <wf lemma="." pos="X">.</wf>
      </sentence>
      <sentence id="d000.s6016" source="wordnet-japanese">
         <wf lemma="良い" pos="X">良い</wf>
         <wf lemma="感じ" pos="X">感じ</wf>
         <wf lemma="の" pos="X">の</wf>
         <instance id="d000.s6016.t000" lemma="牧歌的" pos="ADJ">牧歌的</instance>
         <wf lemma="な" pos="X">な</wf>
         <wf lemma="場面" pos="X">場面</wf>
         <wf lemma="." pos="X">.</wf>
      </sentence>
      <sentence id="d000.s6017" source="wordnet-japanese">
         <wf lemma="その" pos="X">その</wf>
         <wf lemma="本" pos="X">本</wf>
         <wf lemma="は" pos="X">は</wf>
         <wf lemma="私" pos="X">私</wf>
         <wf lemma="の" pos="X">の</wf>
         <instance id="d000.s6017.t000" lemma="お気に入り" pos="NOUN">お気に入り</instance>
         <wf lemma="の" pos="X">の</wf>
         <wf lemma="1" pos="X">1</wf>
         <wf lemma="つ" pos="X">つ</wf>
         <wf lemma="だ" pos="X">だ</wf>
         <wf lemma="." pos="X">.</wf>
      </sentence>
      <sentence id="d000.s6018" source="wordnet-japanese">
         <wf lemma="極めて" pos="X">極めて</wf>
         <instance id="d000.s6018.t000" lemma="強い" pos="ADJ">強い</instance>
         <wf lemma="懸念" pos="X">懸念</wf>
         <wf lemma="." pos="X">.</wf>
      </sentence>
      <sentence id="d000.s6019" source="wordnet-japanese">
         <instance id="d000.s6019.t000" lemma="過去" pos="NOUN">過去</instance>
         <wf lemma="を" pos="X">を</wf>
         <wf lemma="忘れる" pos="X">忘れる</wf>
         <wf lemma="." pos="X">.</wf>
      </sentence>
      <sentence id="d000.s6020" source="wordnet-japanese">
         <instance id="d000.s6020.t000" lemma="まったく" pos="ADV">まったく</instance>
         <wf lemma="突然" pos="X">突然</wf>
         <wf lemma="の" pos="X">の</wf>
         <wf lemma="変化" pos="X">変化</wf>
         <wf lemma="だっ" pos="X">だっ</wf>
         <wf lemma="た" pos="X">た</wf>
         <wf lemma="." pos="X">.</wf>
      </sentence>
      <sentence id="d000.s6021" source="wordnet-japanese">
         <wf lemma="彼" pos="X">彼</wf>
         <wf lemma="は" pos="X">は</wf>
         <wf lemma="、" pos="X">、</wf>
         <wf lemma="通貨" pos="X">通貨</wf>
         <wf lemma="の" pos="X">の</wf>
         <instance id="d000.s6021.t000" lemma="交換" pos="NOUN">交換</instance>
         <wf lemma="から" pos="X">から</wf>
         <wf lemma="、" pos="X">、</wf>
         <wf lemma="彼" pos="X">彼</wf>
         <wf lemma="の" pos="X">の</wf>
         <wf lemma="生計" pos="X">生計</wf>
         <wf lemma="を" pos="X">を</wf>
         <wf lemma="立てる" pos="X">立てる</wf>
         <wf lemma="." pos="X">.</wf>
      </sentence>
      <sentence id="d000.s6022" source="wordnet-japanese">
         <wf lemma="彼" pos="X">彼</wf>
         <wf lemma="の" pos="X">の</wf>
         <wf lemma="意図" pos="X">意図</wf>
         <wf lemma="を" pos="X">を</wf>
         <instance id="d000.s6022.t000" lemma="明白" pos="ADJ">明白</instance>
         <wf lemma="に" pos="X">に</wf>
         <wf lemma="し" pos="X">し</wf>
         <wf lemma="た" pos="X">た</wf>
         <wf lemma="." pos="X">.</wf>
      </sentence>
      <sentence id="d000.s6023" source="wordnet-japanese">
         <wf lemma="彼ら" pos="X">彼ら</wf>
         <wf lemma="は" pos="X">は</wf>
         <wf lemma="飛行機" pos="X">飛行機</wf>
         <wf lemma="の" pos="X">の</wf>
         <wf lemma="ため" pos="X">ため</wf>
         <wf lemma="に" pos="X">に</wf>
         <wf lemma="代替" pos="X">代替</wf>
         <instance id="d000.s6023.t000" lemma="燃料" pos="NOUN">燃料</instance>
         <wf lemma="を" pos="X">を</wf>
         <wf lemma="開発" pos="X">開発</wf>
         <wf lemma="し" pos="X">し</wf>
         <wf lemma="た" pos="X">た</wf>
         <wf lemma="." pos="X">.</wf>
      </sentence>
      <sentence id="d000.s6024" source="wordnet-japanese">
         <instance id="d000.s6024.t000" lemma="量的" pos="ADJ">量的</instance>
         <wf lemma="制限" pos="X">制限</wf>
         <wf lemma="な" pos="X">な</wf>
         <wf lemma="し" pos="X">し</wf>
         <wf lemma="で" pos="X">で</wf>
         <wf lemma="小麦" pos="X">小麦</wf>
         <wf lemma="を" pos="X">を</wf>
         <wf lemma="輸出" pos="X">輸出</wf>
         <wf lemma="し" pos="X">し</wf>
         <wf lemma="て" pos="X">て</wf>
         <wf lemma="ください" pos="X">ください</wf>
         <wf lemma="." pos="X">.</wf>
      </sentence>
      <sentence id="d000.s6025" source="wordnet-japanese">
         <instance id="d000.s6025.t000" lemma="やっかい" pos="ADJ">やっかい</instance>
         <wf lemma="な" pos="X">な</wf>
         <wf lemma="道具" pos="X">道具</wf>
         <wf lemma="一式" pos="X">一式</wf>
         <wf lemma="." pos="X">.</wf>
      </sentence>
      <sentence id="d000.s6026" source="wordnet-japanese">
         <wf lemma="イギリス" pos="X">イギリス</wf>
         <wf lemma="人" pos="X">人</wf>
         <wf lemma="は" pos="X">は</wf>
         <instance id="d000.s6026.t000" lemma="テレビ" pos="NOUN">テレビ</instance>
         <wf lemma="を" pos="X">を</wf>
         <wf lemma="テリー" pos="X">テリー</wf>
         <wf lemma="と" pos="X">と</wf>
         <wf lemma="呼ぶ" pos="X">呼ぶ</wf>
         <wf lemma="." pos="X">.</wf>
      </sentence>
      <sentence id="d000.s6027" source="wordnet-japanese">
         <wf lemma="それ" pos="X">それ</wf>
         <wf lemma="は" pos="X">は</wf>
         <instance id="d000.s6027.t000" lemma="倫理的" pos="ADJ">倫理的</instance>
         <wf lemma="で" pos="X">で</wf>
         <wf lemma="正しく" pos="X">正しく</wf>
         <wf lemma="見える" pos="X">見える</wf>
         <wf lemma="." pos="X">.</wf>
      </sentence>
      <sentence id="d000.s6028" source="wordnet-japanese">
         <wf lemma="その" pos="X">その</wf>
         <instance id="d000.s6028.t000" lemma="映画" pos="NOUN">映画</instance>
         <wf lemma="は" pos="X">は</wf>
         <wf lemma="ロケ" pos="X">ロケ</wf>
         <wf lemma="で" pos="X">で</wf>
         <wf lemma="撮影" pos="X">撮影</wf>
         <wf lemma="さ" pos="X">さ</wf>
         <wf lemma="れ" pos="X">れ</wf>
         <wf lemma="た" pos="X">た</wf>
         <wf lemma="." pos="X">.</wf>
      </sentence>
      <sentence id="d000.s6029" source="wordnet-japanese">
         <wf lemma="子供" pos="X">子供</wf>
         <wf lemma="は" pos="X">は</wf>
         <wf lemma="誕生日" pos="X">誕生日</wf>
         <wf lemma="に" pos="X">に</wf>
         <wf lemma="数" pos="X">数</wf>
         <wf lemma="種" pos="X">種</wf>
         <wf lemma="の" pos="X">の</wf>
         <instance id="d000.s6029.t000" lemma="ゲーム" pos="NOUN">ゲーム</instance>
         <wf lemma="を" pos="X">を</wf>
         <wf lemma="もらっ" pos="X">もらっ</wf>
         <wf lemma="た" pos="X">た</wf>
         <wf lemma="." pos="X">.</wf>
      </sentence>
      <sentence id="d000.s6030" source="wordnet-japanese">
         <instance id="d000.s6030.t000" lemma="真剣" pos="ADJ">真剣</instance>
         <wf lemma="である" pos="X">である</wf>
         <wf lemma="か" pos="X">か</wf>
         <wf lemma="冗談" pos="X">冗談</wf>
         <wf lemma="を" pos="X">を</wf>
         <wf lemma="言っ" pos="X">言っ</wf>
         <wf lemma="て" pos="X">て</wf>
         <wf lemma="いる" pos="X">いる</wf>
         <wf lemma="の" pos="X">の</wf>
         <wf lemma="か" pos="X">か</wf>
         <wf lemma="." pos="X">.</wf>
      </sentence>
      <sentence id="d000.s6031" source="wordnet-japanese">
         <wf lemma="才能" pos="X">才能</wf>
         <wf lemma="の" pos="X">の</wf>
         <instance id="d000.s6031.t000" lemma="宝庫" pos="NOUN">宝庫</instance>
         <wf lemma="." pos="X">.</wf>
      </sentence>
      <sentence id="d000.s6032" source="wordnet-japanese">
         <wf lemma="彼" pos="X">彼</wf>
         <wf lemma="の" pos="X">の</wf>
         <wf lemma="ウィスキー" pos="X">ウィスキー</wf>
         <wf lemma="の" pos="X">の</wf>
         <instance id="d000.s6032.t000" lemma="ストレート" pos="ADJ">ストレート</instance>
         <wf lemma="を" pos="X">を</wf>
         <wf lemma="飲ん" pos="X">飲ん</wf>
         <wf lemma="だ" pos="X">だ</wf>
         <wf lemma="." pos="X">.</wf>
      </sentence>
      <sentence id="d000.s6033" source="wordnet-japanese">
         <wf lemma="マラソン" pos="X">マラソン</wf>
         <wf lemma="は" pos="X">は</wf>
         <wf lemma="ランナー" pos="X">ランナー</wf>
         <wf lemma="の" pos="X">の</wf>
         <instance id="d000.s6033.t000" lemma="持久力" pos="NOUN">持久力</instance>
         <wf lemma="を" pos="X">を</wf>
         <wf lemma="テスト" pos="X">テスト</wf>
         <wf lemma="する" pos="X">する</wf>
         <wf lemma="." pos="X">.</wf>
      </sentence>
      <sentence id="d000.s6034" source="wordnet-japanese">
         <wf lemma="彼" pos="X">彼</wf>
         <wf lemma="は" pos="X">は</wf>
         <instance id="d000.s6034.t000" lemma="聞こえる" pos="ADJ">聞こえる</instance>
         <wf lemma="程度" pos="X">程度</wf>
         <wf lemma="の" pos="X">の</wf>
         <wf lemma="ささやき" pos="X">ささやき</wf>
         <wf lemma="声" pos="X">声</wf>
         <wf lemma="で" pos="X">で</wf>
         <wf lemma="話し" pos="X">話し</wf>
         <wf lemma="た" pos="X">た</wf>
         <wf lemma="." pos="X">.</wf>
      </sentence>
      <sentence id="d000.s6035" source="wordnet-japanese">
         <wf lemma="その" pos="X">その</wf>
         <wf lemma="経験" pos="X">経験</wf>
         <wf lemma="は" pos="X">は</wf>
         <wf lemma="彼" pos="X">彼</wf>
         <wf lemma="の" pos="X">の</wf>
         <instance id="d000.s6035.t000" lemma="信用" pos="NOUN">信用</instance>
         <wf lemma="と" pos="X">と</wf>
         <wf lemma="個人" pos="X">個人</wf>
         <wf lemma="の" pos="X">の</wf>
         <wf lemma="尊厳" pos="X">尊厳</wf>
         <wf lemma="を" pos="X">を</wf>
         <wf lemma="打ち壊し" pos="X">打ち壊し</wf>
         <wf lemma="た" pos="X">た</wf>
         <wf lemma="." pos="X">.</wf>
      </sentence>
      <sentence id="d000.s6036" source="wordnet-japanese">
         <wf lemma="柔らかく" pos="X">柔らかく</wf>
         <wf lemma="なる" pos="X">なる</wf>
         <wf lemma="まで" pos="X">まで</wf>
         <wf lemma="粘土" pos="X">粘土</wf>
         <wf lemma="を" pos="X">を</wf>
         <instance id="d000.s6036.t000" lemma="練る" pos="VERB">練る</instance>
         <wf lemma="." pos="X">.</wf>
      </sentence>
      <sentence id="d000.s6037" source="wordnet-japanese">
         <instance id="d000.s6037.t000" lemma="活発" pos="ADJ">活発</instance>
         <wf lemma="な" pos="X">な</wf>
         <wf lemma="幼児" pos="X">幼児</wf>
         <wf lemma="." pos="X">.</wf>
      </sentence>
      <sentence id="d000.s6038" source="wordnet-japanese">
         <wf lemma="詩" pos="X">詩</wf>
         <wf lemma="は" pos="X">は</wf>
         <wf lemma="一種" pos="X">一種</wf>
         <wf lemma="の" pos="X">の</wf>
         <wf lemma="神" pos="X">神</wf>
         <wf lemma="の" pos="X">の</wf>
         <instance id="d000.s6038.t000" lemma="狂気" pos="NOUN">狂気</instance>
         <wf lemma="である" pos="X">である</wf>
         <wf lemma="." pos="X">.</wf>
      </sentence>
      <sentence id="d000.s6039" source="wordnet-japanese">
         <wf lemma="その" pos="X">その</wf>
         <wf lemma="申し出" pos="X">申し出</wf>
         <wf lemma="は" pos="X">は</wf>
         <wf lemma="卑劣" pos="X">卑劣</wf>
         <wf lemma="な" pos="X">な</wf>
         <instance id="d000.s6039.t000" lemma="策略" pos="NOUN">策略</instance>
         <wf lemma="だっ" pos="X">だっ</wf>
         <wf lemma="た" pos="X">た</wf>
         <wf lemma="." pos="X">.</wf>
      </sentence>
      <sentence id="d000.s6040" source="wordnet-japanese">
         <wf lemma="手紙" pos="X">手紙</wf>
         <wf lemma="に" pos="X">に</wf>
         <wf lemma="彼" pos="X">彼</wf>
         <wf lemma="の" pos="X">の</wf>
         <wf lemma="要望" pos="X">要望</wf>
         <wf lemma="が" pos="X">が</wf>
         <instance id="d000.s6040.t000" lemma="示す" pos="VERB">示さ</instance>
         <wf lemma="れる" pos="X">れる</wf>
         <wf lemma="." pos="X">.</wf>
      </sentence>
      <sentence id="d000.s6041" source="wordnet-japanese">
         <wf lemma="彼ら" pos="X">彼ら</wf>
         <wf lemma="は" pos="X">は</wf>
         <instance id="d000.s6041.t000" lemma="生物兵器" pos="NOUN">生物兵器</instance>
         <wf lemma="と" pos="X">と</wf>
         <wf lemma="し" pos="X">し</wf>
         <wf lemma="て" pos="X">て</wf>
         <wf lemma="の" pos="X">の</wf>
         <wf lemma="天然" pos="X">天然</wf>
         <wf lemma="痘" pos="X">痘</wf>
         <wf lemma="ウイルス" pos="X">ウイルス</wf>
         <wf lemma="の" pos="X">の</wf>
         <wf lemma="使用" pos="X">使用</wf>
         <wf lemma="を" pos="X">を</wf>
         <wf lemma="恐れ" pos="X">恐れ</wf>
         <wf lemma="た" pos="X">た</wf>
         <wf lemma="." pos="X">.</wf>
      </sentence>
      <sentence id="d000.s6042" source="wordnet-japanese">
         <wf lemma="小麦" pos="X">小麦</wf>
         <wf lemma="は" pos="X">は</wf>
         <instance id="d000.s6042.t000" lemma="主要" pos="ADJ">主要</instance>
         <wf lemma="作物" pos="X">作物</wf>
         <wf lemma="である" pos="X">である</wf>
         <wf lemma="." pos="X">.</wf>
      </sentence>
      <sentence id="d000.s6043" source="wordnet-japanese">
         <wf lemma="夫" pos="X">夫</wf>
         <wf lemma="は" pos="X">は</wf>
         <instance id="d000.s6043.t000" lemma="飲む" pos="VERB">飲ん</instance>
         <wf lemma="で" pos="X">で</wf>
         <wf lemma="、" pos="X">、</wf>
         <wf lemma="彼" pos="X">彼</wf>
         <wf lemma="の" pos="X">の</wf>
         <wf lemma="妻" pos="X">妻</wf>
         <wf lemma="を" pos="X">を</wf>
         <wf lemma="叩く" pos="X">叩く</wf>
         <wf lemma="." pos="X">.</wf>
      </sentence>
      <sentence id="d000.s6044" source="wordnet-japanese">
         <wf lemma="それ" pos="X">それ</wf>
         <wf lemma="は" pos="X">は</wf>
         <wf lemma="公式" pos="X">公式</wf>
         <wf lemma="の" pos="X">の</wf>
         <wf lemma="伝達" pos="X">伝達</wf>
         <instance id="d000.s6044.t000" lemma="ルート" pos="NOUN">ルート</instance>
         <wf lemma="を" pos="X">を</wf>
         <wf lemma="通ら" pos="X">通ら</wf>
         <wf lemma="なければ" pos="X">なければ</wf>
         <wf lemma="なら" pos="X">なら</wf>
         <wf lemma="ない" pos="X">ない</wf>
         <wf lemma="." pos="X">.</wf>
      </sentence>
      <sentence id="d000.s6045" source="wordnet-japanese">
         <instance id="d000.s6045.t000" lemma="スタート" pos="NOUN">スタート</instance>
         <wf lemma="の" pos="X">の</wf>
         <wf lemma="合図" pos="X">合図</wf>
         <wf lemma="は" pos="X">は</wf>
         <wf lemma="緑" pos="X">緑</wf>
         <wf lemma="の" pos="X">の</wf>
         <wf lemma="信号" pos="X">信号</wf>
         <wf lemma="だっ" pos="X">だっ</wf>
         <wf lemma="た" pos="X">た</wf>
         <wf lemma="." pos="X">.</wf>
      </sentence>
      <sentence id="d000.s6046" source="wordnet-japanese">
         <instance id="d000.s6046.t000" lemma="正しい" pos="ADJ">正しい</instance>
         <wf lemma="取り扱い" pos="X">取り扱い</wf>
         <wf lemma="." pos="X">.</wf>
      </sentence>
      <sentence id="d000.s6047" source="wordnet-japanese">
         <wf lemma="甲状腺" pos="X">甲状腺</wf>
         <wf lemma="から" pos="X">から</wf>
         <wf lemma="の" pos="X">の</wf>
         <wf lemma="ヨー素" pos="X">ヨー素</wf>
         <wf lemma="の" pos="X">の</wf>
         <instance id="d000.s6047.t000" lemma="放出" pos="NOUN">放出</instance>
         <wf lemma="." pos="X">.</wf>
      </sentence>
      <sentence id="d000.s6048" source="wordnet-japanese">
         <wf lemma="新聞" pos="X">新聞</wf>
         <wf lemma="が" pos="X">が</wf>
         <wf lemma="決別" pos="X">決別</wf>
         <wf lemma="する" pos="X">する</wf>
         <wf lemma="耐え" pos="X">耐え</wf>
         <wf lemma="が" pos="X">が</wf>
         <wf lemma="たい" pos="X">たい</wf>
         <instance id="d000.s6048.t000" lemma="放縦" pos="NOUN">放縦</instance>
         <wf lemma="…" pos="X">…</wf>
         <wf lemma="礼法" pos="X">礼法</wf>
         <wf lemma="‐" pos="X">‐</wf>
         <wf lemma="エドマンド" pos="X">エドマンド</wf>
         <wf lemma="・" pos="X">・</wf>
         <wf lemma="バーク" pos="X">バーク</wf>
         <wf lemma="." pos="X">.</wf>
      </sentence>
      <sentence id="d000.s6049" source="wordnet-japanese">
         <wf lemma="その" pos="X">その</wf>
         <wf lemma="土地" pos="X">土地</wf>
         <wf lemma="の" pos="X">の</wf>
         <wf lemma="人…知的" pos="X">人…知的</wf>
         <wf lemma="で" pos="X">で</wf>
         <instance id="d000.s6049.t000" lemma="従順" pos="ADJ">従順</instance>
         <wf lemma="な" pos="X">な</wf>
         <wf lemma="傾向…" pos="X">傾向…</wf>
         <wf lemma="が" pos="X">が</wf>
         <wf lemma="ある" pos="X">ある</wf>
         <wf lemma="−" pos="X">−</wf>
         <wf lemma="サミュエル" pos="X">サミュエル</wf>
         <wf lemma="・" pos="X">・</wf>
         <wf lemma="バトラー" pos="X">バトラー</wf>
         <wf lemma="." pos="X">.</wf>
      </sentence>
      <sentence id="d000.s6050" source="wordnet-japanese">
         <instance id="d000.s6050.t000" lemma="モサド" pos="NOUN">モサド</instance>
         <wf lemma="の" pos="X">の</wf>
         <wf lemma="中心" pos="X">中心</wf>
         <wf lemma="は" pos="X">は</wf>
         <wf lemma="アラブ" pos="X">アラブ</wf>
         <wf lemma="諸国" pos="X">諸国</wf>
         <wf lemma="に" pos="X">に</wf>
         <wf lemma="ある" pos="X">ある</wf>
         <wf lemma="." pos="X">.</wf>
      </sentence>
      <sentence id="d000.s6051" source="wordnet-japanese">
         <wf lemma="彼" pos="X">彼</wf>
         <wf lemma="は" pos="X">は</wf>
         <wf lemma="彼女" pos="X">彼女</wf>
         <wf lemma="が" pos="X">が</wf>
         <instance id="d000.s6051.t000" lemma="食卓" pos="NOUN">食卓</instance>
         <wf lemma="を" pos="X">を</wf>
         <wf lemma="きれい" pos="X">きれい</wf>
         <wf lemma="に" pos="X">に</wf>
         <wf lemma="する" pos="X">する</wf>
         <wf lemma="の" pos="X">の</wf>
         <wf lemma="を" pos="X">を</wf>
         <wf lemma="手伝っ" pos="X">手伝っ</wf>
         <wf lemma="た" pos="X">た</wf>
         <wf lemma="." pos="X">.</wf>
      </sentence>
      <sentence id="d000.s6052" source="wordnet-japanese">
         <instance id="d000.s6052.t000" lemma="承認者" pos="NOUN">承認者</instance>
         <wf lemma="に" pos="X">に</wf>
         <wf lemma="戻さ" pos="X">戻さ</wf>
         <wf lemma="れる" pos="X">れる</wf>
         <wf lemma="代理店" pos="X">代理店</wf>
         <wf lemma="の" pos="X">の</wf>
         <wf lemma="報告書" pos="X">報告書</wf>
         <wf lemma="." pos="X">.</wf>
      </sentence>
      <sentence id="d000.s6053" source="wordnet-japanese">
         <wf lemma="リリーフ" pos="X">リリーフ</wf>
         <wf lemma="・" pos="X">・</wf>
         <wf lemma="ピッチャー" pos="X">ピッチャー</wf>
         <wf lemma="は" pos="X">は</wf>
         <wf lemma="5" pos="X">5</wf>
         <wf lemma="回" pos="X">回</wf>
         <wf lemma="の" pos="X">の</wf>
         <instance id="d000.s6053.t000" lemma="表" pos="NOUN">表</instance>
         <wf lemma="で" pos="X">で</wf>
         <wf lemma="引き継い" pos="X">引き継い</wf>
         <wf lemma="だ" pos="X">だ</wf>
         <wf lemma="." pos="X">.</wf>
      </sentence>
      <sentence id="d000.s6054" source="wordnet-japanese">
         <wf lemma="司令官" pos="X">司令官</wf>
         <wf lemma="に" pos="X">に</wf>
         <wf lemma="は" pos="X">は</wf>
         <wf lemma="、" pos="X">、</wf>
         <wf lemma="輝かしい" pos="X">輝かしい</wf>
         <instance id="d000.s6054.t000" lemma="経歴" pos="NOUN">経歴</instance>
         <wf lemma="が" pos="X">が</wf>
         <wf lemma="あっ" pos="X">あっ</wf>
         <wf lemma="た" pos="X">た</wf>
         <wf lemma="." pos="X">.</wf>
      </sentence>
      <sentence id="d000.s6055" source="wordnet-japanese">
         <wf lemma="コーチ" pos="X">コーチ</wf>
         <wf lemma="は" pos="X">は</wf>
         <wf lemma="彼女" pos="X">彼女</wf>
         <wf lemma="の" pos="X">の</wf>
         <wf lemma="チーム" pos="X">チーム</wf>
         <wf lemma="の" pos="X">の</wf>
         <wf lemma="ため" pos="X">ため</wf>
         <wf lemma="に" pos="X">に</wf>
         <instance id="d000.s6055.t000" lemma="戦略" pos="NOUN">戦略</instance>
         <wf lemma="を" pos="X">を</wf>
         <wf lemma="練っ" pos="X">練っ</wf>
         <wf lemma="た" pos="X">た</wf>
         <wf lemma="." pos="X">.</wf>
      </sentence>
      <sentence id="d000.s6056" source="wordnet-japanese">
         <wf lemma="リビングルーム" pos="X">リビングルーム</wf>
         <wf lemma="に" pos="X">に</wf>
         <wf lemma="は" pos="X">は</wf>
         <wf lemma="、" pos="X">、</wf>
         <wf lemma="カラフル" pos="X">カラフル</wf>
         <wf lemma="な" pos="X">な</wf>
         <instance id="d000.s6056.t000" lemma="魚" pos="NOUN">魚</instance>
         <wf lemma="の" pos="X">の</wf>
         <wf lemma="水槽" pos="X">水槽</wf>
         <wf lemma="が" pos="X">が</wf>
         <wf lemma="あっ" pos="X">あっ</wf>
         <wf lemma="た" pos="X">た</wf>
         <wf lemma="." pos="X">.</wf>
      </sentence>
      <sentence id="d000.s6057" source="wordnet-japanese">
         <instance id="d000.s6057.t000" lemma="不毛" pos="ADJ">不毛</instance>
         <wf lemma="の" pos="X">の</wf>
         <wf lemma="土地" pos="X">土地</wf>
         <wf lemma="." pos="X">.</wf>
      </sentence>
      <sentence id="d000.s6058" source="wordnet-japanese">
         <wf lemma="権威" pos="X">権威</wf>
         <wf lemma="主義的" pos="X">主義的</wf>
         <wf lemma="な" pos="X">な</wf>
         <wf lemma="統治者" pos="X">統治者</wf>
         <wf lemma="は" pos="X">は</wf>
         <wf lemma="、" pos="X">、</wf>
         <wf lemma="しばしば" pos="X">しばしば</wf>
         <instance id="d000.s6058.t000" lemma="気まぐれ" pos="ADJ">気まぐれ</instance>
         <wf lemma="である" pos="X">である</wf>
         <wf lemma="." pos="X">.</wf>
      </sentence>
      <sentence id="d000.s6059" source="wordnet-japanese">
         <wf lemma="あなた" pos="X">あなた</wf>
         <wf lemma="の" pos="X">の</wf>
         <wf lemma="チーム" pos="X">チーム</wf>
         <wf lemma="の" pos="X">の</wf>
         <wf lemma="中" pos="X">中</wf>
         <wf lemma="で" pos="X">で</wf>
         <wf lemma="の" pos="X">の</wf>
         <wf lemma="自分" pos="X">自分</wf>
         <wf lemma="の" pos="X">の</wf>
         <instance id="d000.s6059.t000" lemma="役割" pos="NOUN">役割</instance>
         <wf lemma="は" pos="X">は</wf>
         <wf lemma="何" pos="X">何</wf>
         <wf lemma="です" pos="X">です</wf>
         <wf lemma="か" pos="X">か</wf>
         <wf lemma="?" pos="X">?</wf>
      </sentence>
      <sentence id="d000.s6060" source="wordnet-japanese">
         <wf lemma="フランス" pos="X">フランス</wf>
         <wf lemma="史" pos="X">史</wf>
         <wf lemma="における" pos="X">における</wf>
         <wf lemma="最大" pos="X">最大</wf>
         <wf lemma="の" pos="X">の</wf>
         <wf lemma="警察" pos="X">警察</wf>
         <wf lemma="による" pos="X">による</wf>
         <instance id="d000.s6060.t000" lemma="作戦" pos="NOUN">作戦</instance>
         <wf lemma="." pos="X">.</wf>
      </sentence>
      <sentence id="d000.s6061" source="wordnet-japanese">
         <wf lemma="アルコール" pos="X">アルコール</wf>
         <wf lemma="を" pos="X">を</wf>
         <wf lemma="飲ん" pos="X">飲ん</wf>
         <wf lemma="だ" pos="X">だ</wf>
         <wf lemma="後" pos="X">後</wf>
         <wf lemma="に" pos="X">に</wf>
         <wf lemma="、" pos="X">、</wf>
         <wf lemma="機械" pos="X">機械</wf>
         <wf lemma="を" pos="X">を</wf>
         <instance id="d000.s6061.t000" lemma="動かす" pos="VERB">動か</instance>
         <wf lemma="し" pos="X">し</wf>
         <wf lemma="て" pos="X">て</wf>
         <wf lemma="は" pos="X">は</wf>
         <wf lemma="いけ" pos="X">いけ</wf>
         <wf lemma="ない" pos="X">ない</wf>
         <wf lemma="." pos="X">.</wf>
      </sentence>
      <sentence id="d000.s6062" source="wordnet-japanese">
         <instance id="d000.s6062.t000" lemma="前衛的" pos="ADJ">前衛的</instance>
         <wf lemma="な" pos="X">な</wf>
         <wf lemma="劇場" pos="X">劇場</wf>
         <wf lemma="作品" pos="X">作品</wf>
         <wf lemma="." pos="X">.</wf>
      </sentence>
      <sentence id="d000.s6063" source="wordnet-japanese">
         <wf lemma="証券取引所" pos="X">証券取引所</wf>
         <wf lemma="で" pos="X">で</wf>
         <wf lemma="は" pos="X">は</wf>
         <wf lemma="忙しい" pos="X">忙しい</wf>
         <instance id="d000.s6063.t000" lemma="日" pos="NOUN">日</instance>
         <wf lemma="だっ" pos="X">だっ</wf>
         <wf lemma="た" pos="X">た</wf>
         <wf lemma="." pos="X">.</wf>
      </sentence>
      <sentence id="d000.s6064" source="wordnet-japanese">
         <wf lemma="彼" pos="X">彼</wf>
         <wf lemma="は" pos="X">は</wf>
         <wf lemma="、" pos="X">、</wf>
         <wf lemma="彼" pos="X">彼</wf>
         <wf lemma="の" pos="X">の</wf>
         <wf lemma="父親" pos="X">父親</wf>
         <wf lemma="によって" pos="X">によって</wf>
         <wf lemma="築か" pos="X">築か</wf>
         <wf lemma="れ" pos="X">れ</wf>
         <wf lemma="た" pos="X">た</wf>
         <wf lemma="豊富" pos="X">豊富</wf>
         <wf lemma="な" pos="X">な</wf>
         <instance id="d000.s6064.t000" lemma="信頼" pos="NOUN">信頼</instance>
         <wf lemma="の" pos="X">の</wf>
         <wf lemma="恩恵" pos="X">恩恵</wf>
         <wf lemma="を" pos="X">を</wf>
         <wf lemma="受け" pos="X">受け</wf>
         <wf lemma="て" pos="X">て</wf>
         <wf lemma="いる" pos="X">いる</wf>
         <wf lemma="." pos="X">.</wf>
      </sentence>
      <sentence id="d000.s6065" source="wordnet-japanese">
         <instance id="d000.s6065.t000" lemma="単一" pos="ADJ">単一</instance>
         <wf lemma="の" pos="X">の</wf>
         <wf lemma="キク" pos="X">キク</wf>
         <wf lemma="は" pos="X">は</wf>
         <wf lemma="、" pos="X">、</wf>
         <wf lemma="ひな菊" pos="X">ひな菊</wf>
         <wf lemma="に" pos="X">に</wf>
         <wf lemma="類似" pos="X">類似</wf>
         <wf lemma="し" pos="X">し</wf>
         <wf lemma="て" pos="X">て</wf>
         <wf lemma="い" pos="X">い</wf>
         <wf lemma="て" pos="X">て</wf>
         <wf lemma="、" pos="X">、</wf>
         <wf lemma="1" pos="X">1</wf>
         <wf lemma="列" pos="X">列</wf>
         <wf lemma="以上" pos="X">以上</wf>
         <wf lemma="の" pos="X">の</wf>
         <wf lemma="花弁" pos="X">花弁</wf>
         <wf lemma="を" pos="X">を</wf>
         <wf lemma="持つ" pos="X">持つ</wf>
         <wf lemma="こと" pos="X">こと</wf>
         <wf lemma="も" pos="X">も</wf>
         <wf lemma="ある" pos="X">ある</wf>
         <wf lemma="." pos="X">.</wf>
      </sentence>
      <sentence id="d000.s6066" source="wordnet-japanese">
         <wf lemma="何" pos="X">何</wf>
         <wf lemma="が" pos="X">が</wf>
         <wf lemma="私たち" pos="X">私たち</wf>
         <wf lemma="に" pos="X">に</wf>
         <wf lemma="期待" pos="X">期待</wf>
         <wf lemma="さ" pos="X">さ</wf>
         <wf lemma="れる" pos="X">れる</wf>
         <wf lemma="か" pos="X">か</wf>
         <wf lemma="に関して" pos="X">に関して</wf>
         <instance id="d000.s6066.t000" lemma="明瞭" pos="ADJ">明瞭</instance>
         <wf lemma="で" pos="X">で</wf>
         <wf lemma="ない" pos="X">ない</wf>
         <wf lemma="." pos="X">.</wf>
      </sentence>
      <sentence id="d000.s6067" source="wordnet-japanese">
         <wf lemma="優先権" pos="X">優先権</wf>
         <wf lemma="を" pos="X">を</wf>
         <instance id="d000.s6067.t000" lemma="充てる" pos="VERB">充てる</instance>
         <wf lemma="." pos="X">.</wf>
      </sentence>
      <sentence id="d000.s6068" source="wordnet-japanese">
         <wf lemma="彼" pos="X">彼</wf>
         <wf lemma="は" pos="X">は</wf>
         <wf lemma="、" pos="X">、</wf>
         <wf lemma="腕" pos="X">腕</wf>
         <wf lemma="の" pos="X">の</wf>
         <instance id="d000.s6068.t000" lemma="感覚" pos="NOUN">感覚</instance>
         <wf lemma="を" pos="X">を</wf>
         <wf lemma="すべ" pos="X">すべ</wf>
         <wf lemma="て" pos="X">て</wf>
         <wf lemma="失っ" pos="X">失っ</wf>
         <wf lemma="た" pos="X">た</wf>
         <wf lemma="." pos="X">.</wf>
      </sentence>
      <sentence id="d000.s6069" source="wordnet-japanese">
         <wf lemma="甘く" pos="X">甘く</wf>
         <instance id="d000.s6069.t000" lemma="小さい" pos="ADJ">小さい</instance>
         <wf lemma="取引" pos="X">取引</wf>
         <wf lemma="." pos="X">.</wf>
      </sentence>
      <sentence id="d000.s6070" source="wordnet-japanese">
         <instance id="d000.s6070.t000" lemma="抑圧的" pos="ADJ">抑圧的</instance>
         <wf lemma="な" pos="X">な</wf>
         <wf lemma="政権" pos="X">政権</wf>
         <wf lemma="." pos="X">.</wf>
      </sentence>
      <sentence id="d000.s6071" source="wordnet-japanese">
         <wf lemma="債務" pos="X">債務</wf>
         <wf lemma="を" pos="X">を</wf>
         <instance id="d000.s6071.t000" lemma="払う" pos="VERB">払う</instance>
         <wf lemma="." pos="X">.</wf>
      </sentence>
      <sentence id="d000.s6072" source="wordnet-japanese">
         <wf lemma="その" pos="X">その</wf>
         <wf lemma="店" pos="X">店</wf>
         <wf lemma="は" pos="X">は</wf>
         <wf lemma="色々" pos="X">色々</wf>
         <wf lemma="な" pos="X">な</wf>
         <instance id="d000.s6072.t000" lemma="プロダクト" pos="NOUN">プロダクト</instance>
         <wf lemma="を" pos="X">を</wf>
         <wf lemma="提供" pos="X">提供</wf>
         <wf lemma="する" pos="X">する</wf>
         <wf lemma="." pos="X">.</wf>
      </sentence>
      <sentence id="d000.s6073" source="wordnet-japanese">
         <wf lemma="キニーネ" pos="X">キニーネ</wf>
         <wf lemma="は" pos="X">は</wf>
         <instance id="d000.s6073.t000" lemma="苦い" pos="ADJ">苦い</instance>
         <wf lemma="." pos="X">.</wf>
      </sentence>
      <sentence id="d000.s6074" source="wordnet-japanese">
         <wf lemma="草刈り" pos="X">草刈り</wf>
         <wf lemma="機" pos="X">機</wf>
         <wf lemma="は" pos="X">は</wf>
         <wf lemma="芝" pos="X">芝</wf>
         <wf lemma="の" pos="X">の</wf>
         <instance id="d000.s6074.t000" lemma="頭" pos="NOUN">頭</instance>
         <wf lemma="を" pos="X">を</wf>
         <wf lemma="切っ" pos="X">切っ</wf>
         <wf lemma="て" pos="X">て</wf>
         <wf lemma="いく" pos="X">いく</wf>
         <wf lemma="." pos="X">.</wf>
      </sentence>
      <sentence id="d000.s6075" source="wordnet-japanese">
         <instance id="d000.s6075.t000" lemma="安全" pos="ADJ">安全</instance>
         <wf lemma="な" pos="X">な</wf>
         <wf lemma="投資" pos="X">投資</wf>
         <wf lemma="." pos="X">.</wf>
      </sentence>
      <sentence id="d000.s6076" source="wordnet-japanese">
         <wf lemma="ディズニー" pos="X">ディズニー</wf>
         <wf lemma="の" pos="X">の</wf>
         <instance id="d000.s6076.t000" lemma="物語" pos="NOUN">物語</instance>
         <wf lemma="は" pos="X">は</wf>
         <wf lemma="子供" pos="X">子供</wf>
         <wf lemma="と" pos="X">と</wf>
         <wf lemma="同様" pos="X">同様</wf>
         <wf lemma="に" pos="X">に</wf>
         <wf lemma="大人" pos="X">大人</wf>
         <wf lemma="も" pos="X">も</wf>
         <wf lemma="楽しませる" pos="X">楽しませる</wf>
         <wf lemma="." pos="X">.</wf>
      </sentence>
      <sentence id="d000.s6077" source="wordnet-japanese">
         <instance id="d000.s6077.t000" lemma="薄い" pos="ADJ">薄い</instance>
         <wf lemma="色" pos="X">色</wf>
         <wf lemma="." pos="X">.</wf>
      </sentence>
      <sentence id="d000.s6078" source="wordnet-japanese">
         <wf lemma="デジタル" pos="X">デジタル</wf>
         <wf lemma="時計" pos="X">時計</wf>
         <wf lemma="が" pos="X">が</wf>
         <wf lemma="一般的" pos="X">一般的</wf>
         <wf lemma="に" pos="X">に</wf>
         <wf lemma="なる" pos="X">なる</wf>
         <wf lemma="まで" pos="X">まで</wf>
         <wf lemma="は" pos="X">は</wf>
         <wf lemma="、" pos="X">、</wf>
         <wf lemma="アナログ" pos="X">アナログ</wf>
         <wf lemma="時計" pos="X">時計</wf>
         <wf lemma="と" pos="X">と</wf>
         <wf lemma="耳" pos="X">耳</wf>
         <wf lemma="に" pos="X">に</wf>
         <wf lemma="する" pos="X">する</wf>
         <wf lemma="もの" pos="X">もの</wf>
         <wf lemma="は" pos="X">は</wf>
         <wf lemma="い" pos="X">い</wf>
         <wf lemma="なかっ" pos="X">なかっ</wf>
         <wf lemma="た" pos="X">た</wf>
         <wf lemma="。" pos="X">。</wf>
         <wf lemma="なので" pos="X">なので</wf>
         <wf lemma="、" pos="X">、</wf>
         <wf lemma="'" pos="X">'</wf>
         <wf lemma="アナログ" pos="X">アナログ</wf>
         <wf lemma="時計'" pos="X">時計'</wf>
         <wf lemma="は" pos="X">は</wf>
         <instance id="d000.s6078.t000" lemma="レトロニム" pos="NOUN">レトロニム</instance>
         <wf lemma="だ" pos="X">だ</wf>
         <wf lemma="." pos="X">.</wf>
      </sentence>
      <sentence id="d000.s6079" source="wordnet-japanese">
         <instance id="d000.s6079.t000" lemma="寒い" pos="ADJ">寒い</instance>
         <wf lemma="なら" pos="X">なら</wf>
         <wf lemma="もっと" pos="X">もっと</wf>
         <wf lemma="熱" pos="X">熱</wf>
         <wf lemma="を" pos="X">を</wf>
         <wf lemma="あげ" pos="X">あげ</wf>
         <wf lemma="なさい" pos="X">なさい</wf>
         <wf lemma="." pos="X">.</wf>
      </sentence>
      <sentence id="d000.s6080" source="wordnet-japanese">
         <instance id="d000.s6080.t000" lemma="汚い" pos="ADJ">汚い</instance>
         <wf lemma="（" pos="X">（</wf>
         <wf lemma="あるいは" pos="X">あるいは</wf>
         <wf lemma="ひどい" pos="X">ひどい</wf>
         <wf lemma="）" pos="X">）</wf>
         <wf lemma="策略" pos="X">策略</wf>
         <wf lemma="." pos="X">.</wf>
      </sentence>
      <sentence id="d000.s6081" source="wordnet-japanese">
         <wf lemma="あなた" pos="X">あなた</wf>
         <wf lemma="の" pos="X">の</wf>
         <wf lemma="腕" pos="X">腕</wf>
         <wf lemma="を" pos="X">を</wf>
         <instance id="d000.s6081.t000" lemma="広げる" pos="VERB">広げる</instance>
         <wf lemma="." pos="X">.</wf>
      </sentence>
      <sentence id="d000.s6082" source="wordnet-japanese">
         <wf lemma="彼" pos="X">彼</wf>
         <wf lemma="は" pos="X">は</wf>
         <wf lemma="緊張" pos="X">緊張</wf>
         <wf lemma="の" pos="X">の</wf>
         <instance id="d000.s6082.t000" lemma="徴候" pos="NOUN">徴候</instance>
         <wf lemma="を" pos="X">を</wf>
         <wf lemma="示し" pos="X">示し</wf>
         <wf lemma="た" pos="X">た</wf>
         <wf lemma="." pos="X">.</wf>
      </sentence>
      <sentence id="d000.s6083" source="wordnet-japanese">
         <instance id="d000.s6083.t000" lemma="実際" pos="ADV">実際</instance>
         <wf lemma="に" pos="X">に</wf>
         <wf lemma="私" pos="X">私</wf>
         <wf lemma="たち" pos="X">たち</wf>
         <wf lemma="は" pos="X">は</wf>
         <wf lemma="皆" pos="X">皆</wf>
         <wf lemma="、" pos="X">、</wf>
         <wf lemma="食事" pos="X">食事</wf>
         <wf lemma="の" pos="X">の</wf>
         <wf lemma="後" pos="X">後</wf>
         <wf lemma="片づける" pos="X">片づける</wf>
         <wf lemma="の" pos="X">の</wf>
         <wf lemma="を" pos="X">を</wf>
         <wf lemma="手伝う" pos="X">手伝う</wf>
         <wf lemma="." pos="X">.</wf>
      </sentence>
      <sentence id="d000.s6084" source="wordnet-japanese">
         <wf lemma="未成" pos="X">未成</wf>
         <wf lemma="年者" pos="X">年者</wf>
         <wf lemma="の" pos="X">の</wf>
         <instance id="d000.s6084.t000" lemma="堕落" pos="NOUN">堕落</instance>
         <wf lemma="." pos="X">.</wf>
      </sentence>
      <sentence id="d000.s6085" source="wordnet-japanese">
         <instance id="d000.s6085.t000" lemma="有能" pos="ADJ">有能</instance>
         <wf lemma="な" pos="X">な</wf>
         <wf lemma="教師" pos="X">教師</wf>
         <wf lemma="." pos="X">.</wf>
      </sentence>
      <sentence id="d000.s6086" source="wordnet-japanese">
         <wf lemma="絹" pos="X">絹</wf>
         <wf lemma="を" pos="X">を</wf>
         <instance id="d000.s6086.t000" lemma="紡ぐ" pos="VERB">紡ぐ</instance>
         <wf lemma="." pos="X">.</wf>
      </sentence>
      <sentence id="d000.s6087" source="wordnet-japanese">
         <wf lemma="神" pos="X">神</wf>
         <wf lemma="の" pos="X">の</wf>
         <wf lemma="意志" pos="X">意志</wf>
         <wf lemma="へ" pos="X">へ</wf>
         <wf lemma="の" pos="X">の</wf>
         <wf lemma="彼" pos="X">彼</wf>
         <wf lemma="の" pos="X">の</wf>
         <instance id="d000.s6087.t000" lemma="服従" pos="NOUN">服従</instance>
         <wf lemma="." pos="X">.</wf>
      </sentence>
      <sentence id="d000.s6088" source="wordnet-japanese">
         <instance id="d000.s6088.t000" lemma="正直" pos="ADJ">正直</instance>
         <wf lemma="な" pos="X">な</wf>
         <wf lemma="報告" pos="X">報告</wf>
         <wf lemma="." pos="X">.</wf>
      </sentence>
      <sentence id="d000.s6089" source="wordnet-japanese">
         <wf lemma="不純物" pos="X">不純物</wf>
         <wf lemma="を" pos="X">を</wf>
         <instance id="d000.s6089.t000" lemma="濾す" pos="VERB">濾す</instance>
         <wf lemma="." pos="X">.</wf>
      </sentence>
      <sentence id="d000.s6090" source="wordnet-japanese">
         <wf lemma="私" pos="X">私</wf>
         <wf lemma="が" pos="X">が</wf>
         <wf lemma="警察" pos="X">警察</wf>
         <wf lemma="を" pos="X">を</wf>
         <wf lemma="呼ぼ" pos="X">呼ぼ</wf>
         <wf lemma="う" pos="X">う</wf>
         <wf lemma="と" pos="X">と</wf>
         <wf lemma="し" pos="X">し</wf>
         <wf lemma="た" pos="X">た</wf>
         <wf lemma="とき" pos="X">とき</wf>
         <wf lemma="、" pos="X">、</wf>
         <wf lemma="彼" pos="X">彼</wf>
         <wf lemma="は" pos="X">は</wf>
         <wf lemma="私" pos="X">私</wf>
         <wf lemma="を" pos="X">を</wf>
         <instance id="d000.s6090.t000" lemma="脅す" pos="VERB">脅し</instance>
         <wf lemma="た" pos="X">た</wf>
         <wf lemma="." pos="X">.</wf>
      </sentence>
      <sentence id="d000.s6091" source="wordnet-japanese">
         <wf lemma="彼ら" pos="X">彼ら</wf>
         <wf lemma="は" pos="X">は</wf>
         <instance id="d000.s6091.t000" lemma="バリケード" pos="NOUN">バリケード</instance>
         <wf lemma="を" pos="X">を</wf>
         <wf lemma="急襲" pos="X">急襲</wf>
         <wf lemma="し" pos="X">し</wf>
         <wf lemma="た" pos="X">た</wf>
         <wf lemma="." pos="X">.</wf>
      </sentence>
      <sentence id="d000.s6092" source="wordnet-japanese">
         <wf lemma="大学" pos="X">大学</wf>
         <wf lemma="の" pos="X">の</wf>
         <wf lemma="ため" pos="X">ため</wf>
         <wf lemma="の" pos="X">の</wf>
         <instance id="d000.s6092.t000" lemma="精力的" pos="ADJ">精力的</instance>
         <wf lemma="な" pos="X">な</wf>
         <wf lemma="資金" pos="X">資金</wf>
         <wf lemma="調達者" pos="X">調達者</wf>
         <wf lemma="." pos="X">.</wf>
      </sentence>
      <sentence id="d000.s6093" source="wordnet-japanese">
         <wf lemma="母親" pos="X">母親</wf>
         <wf lemma="と" pos="X">と</wf>
         <wf lemma="彼女" pos="X">彼女</wf>
         <wf lemma="の" pos="X">の</wf>
         <wf lemma="子供" pos="X">子供</wf>
         <wf lemma="と" pos="X">と</wf>
         <wf lemma="の" pos="X">の</wf>
         <instance id="d000.s6093.t000" lemma="関係" pos="NOUN">関係</instance>
         <wf lemma="." pos="X">.</wf>
      </sentence>
      <sentence id="d000.s6094" source="wordnet-japanese">
         <wf lemma="彼" pos="X">彼</wf>
         <wf lemma="は" pos="X">は</wf>
         <wf lemma="ロシア" pos="X">ロシア</wf>
         <instance id="d000.s6094.t000" lemma="文学" pos="NOUN">文学</instance>
         <wf lemma="の" pos="X">の</wf>
         <wf lemma="授業" pos="X">授業</wf>
         <wf lemma="を" pos="X">を</wf>
         <wf lemma="取っ" pos="X">取っ</wf>
         <wf lemma="た" pos="X">た</wf>
         <wf lemma="." pos="X">.</wf>
      </sentence>
      <sentence id="d000.s6095" source="wordnet-japanese">
         <wf lemma="文明" pos="X">文明</wf>
         <wf lemma="の" pos="X">の</wf>
         <instance id="d000.s6095.t000" lemma="初期" pos="NOUN">初期</instance>
         <wf lemma="は" pos="X">は</wf>
         <wf lemma="." pos="X">.</wf>
      </sentence>
      <sentence id="d000.s6096" source="wordnet-japanese">
         <wf lemma="浴室" pos="X">浴室</wf>
         <wf lemma="の" pos="X">の</wf>
         <instance id="d000.s6096.t000" lemma="付加" pos="NOUN">付加</instance>
         <wf lemma="は" pos="X">は</wf>
         <wf lemma="主" pos="X">主</wf>
         <wf lemma="な" pos="X">な</wf>
         <wf lemma="改善" pos="X">改善</wf>
         <wf lemma="だっ" pos="X">だっ</wf>
         <wf lemma="た" pos="X">た</wf>
         <wf lemma="." pos="X">.</wf>
      </sentence>
      <sentence id="d000.s6097" source="wordnet-japanese">
         <wf lemma="彼" pos="X">彼</wf>
         <wf lemma="は" pos="X">は</wf>
         <wf lemma="ミニマリズム" pos="X">ミニマリズム</wf>
         <wf lemma="の" pos="X">の</wf>
         <instance id="d000.s6097.t000" lemma="美学" pos="NOUN">美学</instance>
         <wf lemma="を" pos="X">を</wf>
         <wf lemma="軽べ" pos="X">軽べ</wf>
         <wf lemma="つし" pos="X">つし</wf>
         <wf lemma="た" pos="X">た</wf>
         <wf lemma="." pos="X">.</wf>
      </sentence>
      <sentence id="d000.s6098" source="wordnet-japanese">
         <wf lemma="11月" pos="X">11月</wf>
         <wf lemma="の" pos="X">の</wf>
         <instance id="d000.s6098.t000" lemma="陰鬱" pos="ADJ">陰鬱</instance>
         <wf lemma="で" pos="X">で</wf>
         <wf lemma="気" pos="X">気</wf>
         <wf lemma="の" pos="X">の</wf>
         <wf lemma="滅入る" pos="X">滅入る</wf>
         <wf lemma="最初" pos="X">最初</wf>
         <wf lemma="の" pos="X">の</wf>
         <wf lemma="数日" pos="X">数日</wf>
         <wf lemma="." pos="X">.</wf>
      </sentence>
      <sentence id="d000.s6099" source="wordnet-japanese">
         <wf lemma="私" pos="X">私</wf>
         <wf lemma="の" pos="X">の</wf>
         <wf lemma="死" pos="X">死</wf>
         <wf lemma="の" pos="X">の</wf>
         <instance id="d000.s6099.t000" lemma="ニュース" pos="NOUN">ニュース</instance>
         <wf lemma="は" pos="X">は</wf>
         <wf lemma="非常" pos="X">非常</wf>
         <wf lemma="に" pos="X">に</wf>
         <wf lemma="大げさ" pos="X">大げさ</wf>
         <wf lemma="に" pos="X">に</wf>
         <wf lemma="報道" pos="X">報道</wf>
         <wf lemma="さ" pos="X">さ</wf>
         <wf lemma="れ" pos="X">れ</wf>
         <wf lemma="た" pos="X">た</wf>
         <wf lemma="." pos="X">.</wf>
      </sentence>
      <sentence id="d000.s6100" source="wordnet-japanese">
         <instance id="d000.s6100.t000" lemma="永遠" pos="ADJ">永遠</instance>
         <wf lemma="の" pos="X">の</wf>
         <wf lemma="真理" pos="X">真理</wf>
         <wf lemma="." pos="X">.</wf>
      </sentence>
      <sentence id="d000.s6101" source="wordnet-japanese">
         <wf lemma="回転" pos="X">回転</wf>
         <wf lemma="砥" pos="X">砥</wf>
         <wf lemma="は" pos="X">は</wf>
         <wf lemma="、" pos="X">、</wf>
         <wf lemma="石うす" pos="X">石うす</wf>
         <wf lemma="の" pos="X">の</wf>
         <wf lemma="現代" pos="X">現代</wf>
         <instance id="d000.s6101.t000" lemma="版" pos="NOUN">版</instance>
         <wf lemma="だ" pos="X">だ</wf>
         <wf lemma="." pos="X">.</wf>
      </sentence>
      <sentence id="d000.s6102" source="wordnet-japanese">
         <wf lemma="農場" pos="X">農場</wf>
         <wf lemma="から" pos="X">から</wf>
         <wf lemma="都市" pos="X">都市</wf>
         <wf lemma="へ" pos="X">へ</wf>
         <wf lemma="の" pos="X">の</wf>
         <wf lemma="人々" pos="X">人々</wf>
         <wf lemma="の" pos="X">の</wf>
         <instance id="d000.s6102.t000" lemma="移動" pos="NOUN">移動</instance>
         <wf lemma="." pos="X">.</wf>
      </sentence>
      <sentence id="d000.s6103" source="wordnet-japanese">
         <wf lemma="死に" pos="X">死に</wf>
         <wf lemma="際" pos="X">際</wf>
         <wf lemma="し" pos="X">し</wf>
         <wf lemma="て" pos="X">て</wf>
         <wf lemma="彼女" pos="X">彼女</wf>
         <wf lemma="は" pos="X">は</wf>
         <wf lemma="夫" pos="X">夫</wf>
         <wf lemma="と" pos="X">と</wf>
         <wf lemma="11" pos="X">11</wf>
         <wf lemma="匹" pos="X">匹</wf>
         <wf lemma="の" pos="X">の</wf>
         <wf lemma="猫" pos="X">猫</wf>
         <wf lemma="を" pos="X">を</wf>
         <instance id="d000.s6103.t000" lemma="残す" pos="VERB">残し</instance>
         <wf lemma="た" pos="X">た</wf>
         <wf lemma="." pos="X">.</wf>
      </sentence>
      <sentence id="d000.s6104" source="wordnet-japanese">
         <instance id="d000.s6104.t000" lemma="ほぼ" pos="ADV">ほぼ</instance>
         <wf lemma="同じ" pos="X">同じ</wf>
         <wf lemma="こと" pos="X">こと</wf>
         <wf lemma="は" pos="X">は</wf>
         <wf lemma="、" pos="X">、</wf>
         <wf lemma="毎回" pos="X">毎回</wf>
         <wf lemma="起こっ" pos="X">起こっ</wf>
         <wf lemma="た" pos="X">た</wf>
         <wf lemma="." pos="X">.</wf>
      </sentence>
      <sentence id="d000.s6105" source="wordnet-japanese">
         <wf lemma="彼女" pos="X">彼女</wf>
         <wf lemma="は" pos="X">は</wf>
         <instance id="d000.s6105.t000" lemma="ぼんやり" pos="ADV">ぼんやり</instance>
         <wf lemma="と" pos="X">と</wf>
         <wf lemma="部屋" pos="X">部屋</wf>
         <wf lemma="を" pos="X">を</wf>
         <wf lemma="のぞき込ん" pos="X">のぞき込ん</wf>
         <wf lemma="で" pos="X">で</wf>
         <wf lemma="い" pos="X">い</wf>
         <wf lemma="た" pos="X">た</wf>
         <wf lemma="." pos="X">.</wf>
      </sentence>
      <sentence id="d000.s6106" source="wordnet-japanese">
         <wf lemma="我々" pos="X">我々</wf>
         <wf lemma="は" pos="X">は</wf>
         <wf lemma="、" pos="X">、</wf>
         <wf lemma="我々" pos="X">我々</wf>
         <wf lemma="が" pos="X">が</wf>
         <wf lemma="昨年" pos="X">昨年</wf>
         <wf lemma="の" pos="X">の</wf>
         <wf lemma="夏" pos="X">夏</wf>
         <wf lemma="とっ" pos="X">とっ</wf>
         <wf lemma="た" pos="X">た</wf>
         <wf lemma="ルート" pos="X">ルート</wf>
         <wf lemma="を" pos="X">を</wf>
         <instance id="d000.s6106.t000" lemma="引き返す" pos="VERB">引き返し</instance>
         <wf lemma="た" pos="X">た</wf>
         <wf lemma="." pos="X">.</wf>
      </sentence>
      <sentence id="d000.s6107" source="wordnet-japanese">
         <instance id="d000.s6107.t000" lemma="淡い" pos="ADJ">淡い</instance>
         <wf lemma="青い" pos="X">青い</wf>
         <wf lemma="目" pos="X">目</wf>
         <wf lemma="." pos="X">.</wf>
      </sentence>
      <sentence id="d000.s6108" source="wordnet-japanese">
         <wf lemma="彼ら" pos="X">彼ら</wf>
         <wf lemma="は" pos="X">は</wf>
         <wf lemma="、" pos="X">、</wf>
         <wf lemma="3" pos="X">3</wf>
         <wf lemma="つ" pos="X">つ</wf>
         <wf lemma="の" pos="X">の</wf>
         <instance id="d000.s6108.t000" lemma="方法" pos="NOUN">方法</instance>
         <wf lemma="で" pos="X">で</wf>
         <wf lemma="戦利品" pos="X">戦利品</wf>
         <wf lemma="を" pos="X">を</wf>
         <wf lemma="分け" pos="X">分け</wf>
         <wf lemma="た" pos="X">た</wf>
         <wf lemma="." pos="X">.</wf>
      </sentence>
      <sentence id="d000.s6109" source="wordnet-japanese">
         <wf lemma="文字" pos="X">文字</wf>
         <wf lemma="を" pos="X">を</wf>
         <instance id="d000.s6109.t000" lemma="刻む" pos="VERB">刻む</instance>
         <wf lemma="." pos="X">.</wf>
      </sentence>
      <sentence id="d000.s6110" source="wordnet-japanese">
         <wf lemma="完全" pos="X">完全</wf>
         <instance id="d000.s6110.t000" lemma="無欠" pos="ADJ">無欠</instance>
         <wf lemma="な" pos="X">な</wf>
         <wf lemma="論理" pos="X">論理</wf>
         <wf lemma="." pos="X">.</wf>
      </sentence>
      <sentence id="d000.s6111" source="wordnet-japanese">
         <wf lemma="彼女" pos="X">彼女</wf>
         <wf lemma="は" pos="X">は</wf>
         <wf lemma="、" pos="X">、</wf>
         <wf lemma="公爵" pos="X">公爵</wf>
         <wf lemma="夫人" pos="X">夫人</wf>
         <wf lemma="の" pos="X">の</wf>
         <wf lemma="肩書き" pos="X">肩書き</wf>
         <wf lemma="を" pos="X">を</wf>
         <instance id="d000.s6111.t000" lemma="持つ" pos="VERB">持つ</instance>
         <wf lemma="." pos="X">.</wf>
      </sentence>
      <sentence id="d000.s6112" source="wordnet-japanese">
         <wf lemma="異なる" pos="X">異なる</wf>
         <wf lemma="スーツ" pos="X">スーツ</wf>
         <wf lemma="の" pos="X">の</wf>
         <wf lemma="カード" pos="X">カード</wf>
         <wf lemma="が" pos="X">が</wf>
         <wf lemma="最初" pos="X">最初</wf>
         <wf lemma="に" pos="X">に</wf>
         <wf lemma="出さ" pos="X">出さ</wf>
         <wf lemma="れ" pos="X">れ</wf>
         <wf lemma="た" pos="X">た</wf>
         <wf lemma="際" pos="X">際</wf>
         <wf lemma="で" pos="X">で</wf>
         <wf lemma="に" pos="X">に</wf>
         <wf lemma="も" pos="X">も</wf>
         <wf lemma="、" pos="X">、</wf>
         <instance id="d000.s6112.t000" lemma="切り札" pos="NOUN">切り札</instance>
         <wf lemma="は" pos="X">は</wf>
         <wf lemma="勝負" pos="X">勝負</wf>
         <wf lemma="に" pos="X">に</wf>
         <wf lemma="出る" pos="X">出る</wf>
         <wf lemma="こと" pos="X">こと</wf>
         <wf lemma="が" pos="X">が</wf>
         <wf lemma="できる" pos="X">できる</wf>
         <wf lemma="." pos="X">.</wf>
      </sentence>
      <sentence id="d000.s6113" source="wordnet-japanese">
         <instance id="d000.s6113.t000" lemma="技術的" pos="ADV">技術的</instance>
         <wf lemma="に" pos="X">に</wf>
         <wf lemma="優れ" pos="X">優れ</wf>
         <wf lemma="た" pos="X">た</wf>
         <wf lemma="ボクサー" pos="X">ボクサー</wf>
         <wf lemma="." pos="X">.</wf>
      </sentence>
      <sentence id="d000.s6114" source="wordnet-japanese">
         <wf lemma="神聖" pos="X">神聖</wf>
         <wf lemma="なる" pos="X">なる</wf>
         <wf lemma="安息日" pos="X">安息日</wf>
         <wf lemma="の" pos="X">の</wf>
         <instance id="d000.s6114.t000" lemma="冒涜" pos="NOUN">冒涜</instance>
         <wf lemma="." pos="X">.</wf>
      </sentence>
      <sentence id="d000.s6115" source="wordnet-japanese">
         <wf lemma="彼" pos="X">彼</wf>
         <wf lemma="の" pos="X">の</wf>
         <wf lemma="毛" pos="X">毛</wf>
         <wf lemma="と" pos="X">と</wf>
         <wf lemma="歯" pos="X">歯</wf>
         <wf lemma="は" pos="X">は</wf>
         <wf lemma="、" pos="X">、</wf>
         <instance id="d000.s6115.t000" lemma="抜ける" pos="VERB">抜け</instance>
         <wf lemma="た" pos="X">た</wf>
         <wf lemma="." pos="X">.</wf>
      </sentence>
      <sentence id="d000.s6116" source="wordnet-japanese">
         <wf lemma="彼" pos="X">彼</wf>
         <wf lemma="は" pos="X">は</wf>
         <wf lemma="彼" pos="X">彼</wf>
         <wf lemma="の" pos="X">の</wf>
         <wf lemma="親" pos="X">親</wf>
         <wf lemma="を" pos="X">を</wf>
         <wf lemma="幾分" pos="X">幾分</wf>
         <instance id="d000.s6116.t000" lemma="無礼" pos="ADV">無礼</instance>
         <wf lemma="に" pos="X">に</wf>
         <wf lemma="扱う" pos="X">扱う</wf>
         <wf lemma="." pos="X">.</wf>
      </sentence>
      <sentence id="d000.s6117" source="wordnet-japanese">
         <instance id="d000.s6117.t000" lemma="アクセスタイム" pos="NOUN">アクセスタイム</instance>
         <wf lemma="は" pos="X">は</wf>
         <wf lemma="シーク" pos="X">シーク</wf>
         <wf lemma="時間" pos="X">時間</wf>
         <wf lemma="、" pos="X">、</wf>
         <wf lemma="回転" pos="X">回転</wf>
         <wf lemma="の" pos="X">の</wf>
         <wf lemma="待ち時間" pos="X">待ち時間</wf>
         <wf lemma="、" pos="X">、</wf>
         <wf lemma="および" pos="X">および</wf>
         <wf lemma="コマンド" pos="X">コマンド</wf>
         <wf lemma="処理" pos="X">処理</wf>
         <wf lemma="オーバー" pos="X">オーバー</wf>
         <wf lemma="ヘッド" pos="X">ヘッド</wf>
         <wf lemma="の" pos="X">の</wf>
         <wf lemma="合計" pos="X">合計</wf>
         <wf lemma="である" pos="X">である</wf>
         <wf lemma="." pos="X">.</wf>
      </sentence>
      <sentence id="d000.s6118" source="wordnet-japanese">
         <wf lemma="彼ら" pos="X">彼ら</wf>
         <wf lemma="は" pos="X">は</wf>
         <wf lemma="海外" pos="X">海外</wf>
         <wf lemma="貿易" pos="X">貿易</wf>
         <wf lemma="の" pos="X">の</wf>
         <wf lemma="多く" pos="X">多く</wf>
         <wf lemma="を" pos="X">を</wf>
         <wf lemma="を" pos="X">を</wf>
         <wf lemma="外国" pos="X">外国</wf>
         <instance id="d000.s6118.t000" lemma="貨物船" pos="NOUN">貨物船</instance>
         <wf lemma="で" pos="X">で</wf>
         <wf lemma="行っ" pos="X">行っ</wf>
         <wf lemma="た" pos="X">た</wf>
         <wf lemma="." pos="X">.</wf>
      </sentence>
      <sentence id="d000.s6119" source="wordnet-japanese">
         <wf lemma="客" pos="X">客</wf>
         <wf lemma="は" pos="X">は</wf>
         <wf lemma="店" pos="X">店</wf>
         <wf lemma="の" pos="X">の</wf>
         <wf lemma="前" pos="X">前</wf>
         <wf lemma="で" pos="X">で</wf>
         <instance id="d000.s6119.t000" lemma="並ぶ" pos="VERB">並ん</instance>
         <wf lemma="だ" pos="X">だ</wf>
         <wf lemma="." pos="X">.</wf>
      </sentence>
      <sentence id="d000.s6120" source="wordnet-japanese">
         <wf lemma="絵" pos="X">絵</wf>
         <wf lemma="は" pos="X">は</wf>
         <instance id="d000.s6120.t000" lemma="水平" pos="ADJ">水平</instance>
         <wf lemma="である" pos="X">である</wf>
         <wf lemma="." pos="X">.</wf>
      </sentence>
      <sentence id="d000.s6121" source="wordnet-japanese">
         <instance id="d000.s6121.t000" lemma="明白" pos="ADJ">明白</instance>
         <wf lemma="な" pos="X">な</wf>
         <wf lemma="、" pos="X">、</wf>
         <wf lemma="あり" pos="X">あり</wf>
         <wf lemma="の" pos="X">の</wf>
         <wf lemma="まま" pos="X">まま</wf>
         <wf lemma="の" pos="X">の</wf>
         <wf lemma="真実" pos="X">真実</wf>
         <wf lemma="." pos="X">.</wf>
      </sentence>
      <sentence id="d000.s6122" source="wordnet-japanese">
         <wf lemma="彼" pos="X">彼</wf>
         <wf lemma="が" pos="X">が</wf>
         <instance id="d000.s6122.t000" lemma="先発" pos="NOUN">先発</instance>
         <wf lemma="を" pos="X">を</wf>
         <wf lemma="任さ" pos="X">任さ</wf>
         <wf lemma="れ" pos="X">れ</wf>
         <wf lemma="た" pos="X">た</wf>
         <wf lemma="という" pos="X">という</wf>
         <wf lemma="こと" pos="X">こと</wf>
         <wf lemma="は" pos="X">は</wf>
         <wf lemma="彼" pos="X">彼</wf>
         <wf lemma="が" pos="X">が</wf>
         <wf lemma="ベスト" pos="X">ベスト</wf>
         <wf lemma="の" pos="X">の</wf>
         <wf lemma="布陣" pos="X">布陣</wf>
         <wf lemma="の" pos="X">の</wf>
         <wf lemma="1" pos="X">1</wf>
         <wf lemma="人" pos="X">人</wf>
         <wf lemma="である" pos="X">である</wf>
         <wf lemma="という" pos="X">という</wf>
         <wf lemma="こと" pos="X">こと</wf>
         <wf lemma="を" pos="X">を</wf>
         <wf lemma="監督" pos="X">監督</wf>
         <wf lemma="が" pos="X">が</wf>
         <wf lemma="思っ" pos="X">思っ</wf>
         <wf lemma="て" pos="X">て</wf>
         <wf lemma="いる" pos="X">いる</wf>
         <wf lemma="という" pos="X">という</wf>
         <wf lemma="こと" pos="X">こと</wf>
         <wf lemma="であっ" pos="X">であっ</wf>
         <wf lemma="た" pos="X">た</wf>
         <wf lemma="." pos="X">.</wf>
      </sentence>
      <sentence id="d000.s6123" source="wordnet-japanese">
         <wf lemma="あなた" pos="X">あなた</wf>
         <wf lemma="の" pos="X">の</wf>
         <wf lemma="足" pos="X">足</wf>
         <wf lemma="を" pos="X">を</wf>
         <instance id="d000.s6123.t000" lemma="伸ばす" pos="VERB">伸ばし</instance>
         <wf lemma="なさい" pos="X">なさい</wf>
         <wf lemma="！" pos="X">！</wf>
         <wf lemma="." pos="X">.</wf>
      </sentence>
      <sentence id="d000.s6124" source="wordnet-japanese">
         <wf lemma="この" pos="X">この</wf>
         <wf lemma="細胞" pos="X">細胞</wf>
         <wf lemma="の" pos="X">の</wf>
         <instance id="d000.s6124.t000" lemma="増殖" pos="NOUN">増殖</instance>
         <wf lemma="は" pos="X">は</wf>
         <wf lemma="、" pos="X">、</wf>
         <wf lemma="成長" pos="X">成長</wf>
         <wf lemma="の" pos="X">の</wf>
         <wf lemma="自然" pos="X">自然</wf>
         <wf lemma="な" pos="X">な</wf>
         <wf lemma="相関性" pos="X">相関性</wf>
         <wf lemma="が" pos="X">が</wf>
         <wf lemma="ある" pos="X">ある</wf>
         <wf lemma="." pos="X">.</wf>
      </sentence>
      <sentence id="d000.s6125" source="wordnet-japanese">
         <wf lemma="あなた" pos="X">あなた</wf>
         <wf lemma="の" pos="X">の</wf>
         <wf lemma="もの" pos="X">もの</wf>
         <wf lemma="を" pos="X">を</wf>
         <wf lemma="ここ" pos="X">ここ</wf>
         <wf lemma="に" pos="X">に</wf>
         <instance id="d000.s6125.t000" lemma="置く" pos="VERB">置く</instance>
         <wf lemma="." pos="X">.</wf>
      </sentence>
      <sentence id="d000.s6126" source="wordnet-japanese">
         <instance id="d000.s6126.t000" lemma="無感覚" pos="ADJ">無感覚</instance>
         <wf lemma="の" pos="X">の</wf>
         <wf lemma="地球" pos="X">地球</wf>
         <wf lemma="." pos="X">.</wf>
      </sentence>
      <sentence id="d000.s6127" source="wordnet-japanese">
         <instance id="d000.s6127.t000" lemma="魅力的" pos="ADJ">魅力的</instance>
         <wf lemma="な" pos="X">な</wf>
         <wf lemma="個性" pos="X">個性</wf>
         <wf lemma="." pos="X">.</wf>
      </sentence>
      <sentence id="d000.s6128" source="wordnet-japanese">
         <instance id="d000.s6128.t000" lemma="熱心" pos="ADJ">熱心</instance>
         <wf lemma="な" pos="X">な</wf>
         <wf lemma="スポーツファン" pos="X">スポーツファン</wf>
         <wf lemma="." pos="X">.</wf>
      </sentence>
      <sentence id="d000.s6129" source="wordnet-japanese">
         <wf lemma="妨害者" pos="X">妨害者</wf>
         <wf lemma="に" pos="X">に</wf>
         <instance id="d000.s6129.t000" lemma="器用" pos="ADJ">器用</instance>
         <wf lemma="に" pos="X">に</wf>
         <wf lemma="応対" pos="X">応対</wf>
         <wf lemma="し" pos="X">し</wf>
         <wf lemma="た" pos="X">た</wf>
         <wf lemma="こと" pos="X">こと</wf>
         <wf lemma="で" pos="X">で</wf>
         <wf lemma="、" pos="X">、</wf>
         <wf lemma="彼" pos="X">彼</wf>
         <wf lemma="は" pos="X">は</wf>
         <wf lemma="多く" pos="X">多く</wf>
         <wf lemma="の" pos="X">の</wf>
         <wf lemma="信奉者" pos="X">信奉者</wf>
         <wf lemma="を" pos="X">を</wf>
         <wf lemma="得" pos="X">得</wf>
         <wf lemma="た" pos="X">た</wf>
         <wf lemma="." pos="X">.</wf>
      </sentence>
      <sentence id="d000.s6130" source="wordnet-japanese">
         <wf lemma="敵" pos="X">敵</wf>
         <wf lemma="を" pos="X">を</wf>
         <instance id="d000.s6130.t000" lemma="作る" pos="VERB">作り</instance>
         <wf lemma="なさい" pos="X">なさい</wf>
         <wf lemma="." pos="X">.</wf>
      </sentence>
      <sentence id="d000.s6131" source="wordnet-japanese">
         <wf lemma="泥" pos="X">泥</wf>
         <wf lemma="の" pos="X">の</wf>
         <instance id="d000.s6131.t000" lemma="玉" pos="NOUN">玉</instance>
         <wf lemma="が" pos="X">が</wf>
         <wf lemma="彼" pos="X">彼</wf>
         <wf lemma="の" pos="X">の</wf>
         <wf lemma="肩" pos="X">肩</wf>
         <wf lemma="に" pos="X">に</wf>
         <wf lemma="当たっ" pos="X">当たっ</wf>
         <wf lemma="た" pos="X">た</wf>
         <wf lemma="." pos="X">.</wf>
      </sentence>
      <sentence id="d000.s6132" source="wordnet-japanese">
         <wf lemma="鉱物" pos="X">鉱物</wf>
         <wf lemma="の" pos="X">の</wf>
         <instance id="d000.s6132.t000" lemma="起源" pos="NOUN">起源</instance>
         <wf lemma="." pos="X">.</wf>
      </sentence>
      <sentence id="d000.s6133" source="wordnet-japanese">
         <wf lemma="あなた" pos="X">あなた</wf>
         <wf lemma="が" pos="X">が</wf>
         <wf lemma="この" pos="X">この</wf>
         <wf lemma="家族" pos="X">家族</wf>
         <wf lemma="全体" pos="X">全体</wf>
         <wf lemma="を" pos="X">を</wf>
         <instance id="d000.s6133.t000" lemma="破滅" pos="NOUN">破滅</instance>
         <wf lemma="さ" pos="X">さ</wf>
         <wf lemma="せ" pos="X">せ</wf>
         <wf lemma="た" pos="X">た</wf>
         <wf lemma="." pos="X">.</wf>
      </sentence>
      <sentence id="d000.s6134" source="wordnet-japanese">
         <wf lemma="物理学者" pos="X">物理学者</wf>
         <wf lemma="は" pos="X">は</wf>
         <wf lemma="、" pos="X">、</wf>
         <wf lemma="彼ら" pos="X">彼ら</wf>
         <wf lemma="が" pos="X">が</wf>
         <wf lemma="新しい" pos="X">新しい</wf>
         <wf lemma="素粒子" pos="X">素粒子</wf>
         <wf lemma="を" pos="X">を</wf>
         <instance id="d000.s6134.t000" lemma="見つける" pos="VERB">見つけ</instance>
         <wf lemma="た" pos="X">た</wf>
         <wf lemma="と" pos="X">と</wf>
         <wf lemma="思っ" pos="X">思っ</wf>
         <wf lemma="て" pos="X">て</wf>
         <wf lemma="いる" pos="X">いる</wf>
         <wf lemma="." pos="X">.</wf>
      </sentence>
      <sentence id="d000.s6135" source="wordnet-japanese">
         <wf lemma="彼" pos="X">彼</wf>
         <wf lemma="は" pos="X">は</wf>
         <wf lemma="運転" pos="X">運転</wf>
         <wf lemma="の" pos="X">の</wf>
         <instance id="d000.s6135.t000" lemma="レッスン" pos="NOUN">レッスン</instance>
         <wf lemma="を" pos="X">を</wf>
         <wf lemma="受け" pos="X">受け</wf>
         <wf lemma="た" pos="X">た</wf>
         <wf lemma="." pos="X">.</wf>
      </sentence>
      <sentence id="d000.s6136" source="wordnet-japanese">
         <wf lemma="回答" pos="X">回答</wf>
         <wf lemma="に" pos="X">に</wf>
         <wf lemma="値し" pos="X">値し</wf>
         <wf lemma="ない" pos="X">ない</wf>
         <wf lemma="単なる" pos="X">単なる</wf>
         <instance id="d000.s6136.t000" lemma="見出し" pos="NOUN">見出し</instance>
         <wf lemma="." pos="X">.</wf>
      </sentence>
      <sentence id="d000.s6137" source="wordnet-japanese">
         <wf lemma="1" pos="X">1</wf>
         <wf lemma="つ" pos="X">つ</wf>
         <wf lemma="の" pos="X">の</wf>
         <wf lemma="激しい" pos="X">激しい</wf>
         <wf lemma="言葉" pos="X">言葉</wf>
         <wf lemma="は" pos="X">は</wf>
         <wf lemma="、" pos="X">、</wf>
         <wf lemma="彼女" pos="X">彼女</wf>
         <wf lemma="を" pos="X">を</wf>
         <instance id="d000.s6137.t000" lemma="絶望" pos="NOUN">絶望</instance>
         <wf lemma="の" pos="X">の</wf>
         <wf lemma="底" pos="X">底</wf>
         <wf lemma="へ" pos="X">へ</wf>
         <wf lemma="落とす" pos="X">落とす</wf>
         <wf lemma="だろ" pos="X">だろ</wf>
         <wf lemma="う" pos="X">う</wf>
         <wf lemma="." pos="X">.</wf>
      </sentence>
      <sentence id="d000.s6138" source="wordnet-japanese">
         <wf lemma="強盗" pos="X">強盗</wf>
         <wf lemma="は" pos="X">は</wf>
         <instance id="d000.s6138.t000" lemma="枕カバー" pos="NOUN">枕カバー</instance>
         <wf lemma="で" pos="X">で</wf>
         <wf lemma="彼" pos="X">彼</wf>
         <wf lemma="の" pos="X">の</wf>
         <wf lemma="戦利品" pos="X">戦利品</wf>
         <wf lemma="を" pos="X">を</wf>
         <wf lemma="運ん" pos="X">運ん</wf>
         <wf lemma="だ" pos="X">だ</wf>
         <wf lemma="." pos="X">.</wf>
      </sentence>
      <sentence id="d000.s6139" source="wordnet-japanese">
         <wf lemma="彼" pos="X">彼</wf>
         <wf lemma="は" pos="X">は</wf>
         <wf lemma="一番" pos="X">一番</wf>
         <wf lemma="下" pos="X">下</wf>
         <wf lemma="の" pos="X">の</wf>
         <instance id="d000.s6139.t000" lemma="段" pos="NOUN">段</instance>
         <wf lemma="で" pos="X">で</wf>
         <wf lemma="止まっ" pos="X">止まっ</wf>
         <wf lemma="た" pos="X">た</wf>
         <wf lemma="." pos="X">.</wf>
      </sentence>
      <sentence id="d000.s6140" source="wordnet-japanese">
         <wf lemma="彼" pos="X">彼</wf>
         <wf lemma="の" pos="X">の</wf>
         <wf lemma="コイン" pos="X">コイン</wf>
         <wf lemma="収集" pos="X">収集</wf>
         <wf lemma="は" pos="X">は</wf>
         <wf lemma="、" pos="X">、</wf>
         <wf lemma="完全" pos="X">完全</wf>
         <wf lemma="な" pos="X">な</wf>
         <instance id="d000.s6140.t000" lemma="シリーズ" pos="NOUN">シリーズ</instance>
         <wf lemma="の" pos="X">の</wf>
         <wf lemma="インディアンヘッド" pos="X">インディアンヘッド</wf>
         <wf lemma="の" pos="X">の</wf>
         <wf lemma="ペニー" pos="X">ペニー</wf>
         <wf lemma="を" pos="X">を</wf>
         <wf lemma="含んだ" pos="X">含んだ</wf>
         <wf lemma="." pos="X">.</wf>
      </sentence>
      <sentence id="d000.s6141" source="wordnet-japanese">
         <wf lemma="屋根" pos="X">屋根</wf>
         <wf lemma="は" pos="X">は</wf>
         <instance id="d000.s6141.t000" lemma="崩れる" pos="VERB">崩れ</instance>
         <wf lemma="た" pos="X">た</wf>
         <wf lemma="." pos="X">.</wf>
      </sentence>
      <sentence id="d000.s6142" source="wordnet-japanese">
         <wf lemma="その" pos="X">その</wf>
         <wf lemma="女性" pos="X">女性</wf>
         <wf lemma="たち" pos="X">たち</wf>
         <wf lemma="は" pos="X">は</wf>
         <wf lemma="病弱" pos="X">病弱</wf>
         <wf lemma="で" pos="X">で</wf>
         <wf lemma="、" pos="X">、</wf>
         <instance id="d000.s6142.t000" lemma="月経" pos="NOUN">月経</instance>
         <wf lemma="過多" pos="X">過多</wf>
         <wf lemma="の" pos="X">の</wf>
         <wf lemma="傾向" pos="X">傾向</wf>
         <wf lemma="が" pos="X">が</wf>
         <wf lemma="あっ" pos="X">あっ</wf>
         <wf lemma="た" pos="X">た</wf>
         <wf lemma="." pos="X">.</wf>
      </sentence>
      <sentence id="d000.s6143" source="wordnet-japanese">
         <wf lemma="そこ" pos="X">そこ</wf>
         <wf lemma="に" pos="X">に</wf>
         <wf lemma="着い" pos="X">着い</wf>
         <wf lemma="たら" pos="X">たら</wf>
         <instance id="d000.s6143.t000" lemma="一筆" pos="NOUN">一筆</instance>
         <wf lemma="ください" pos="X">ください</wf>
         <wf lemma="." pos="X">.</wf>
      </sentence>
      <sentence id="d000.s6144" source="wordnet-japanese">
         <wf lemma="彼" pos="X">彼</wf>
         <wf lemma="は" pos="X">は</wf>
         <wf lemma="その" pos="X">その</wf>
         <wf lemma="雑誌" pos="X">雑誌</wf>
         <wf lemma="に" pos="X">に</wf>
         <instance id="d000.s6144.t000" lemma="物語" pos="NOUN">物語</instance>
         <wf lemma="を" pos="X">を</wf>
         <wf lemma="書い" pos="X">書い</wf>
         <wf lemma="て" pos="X">て</wf>
         <wf lemma="いる" pos="X">いる</wf>
         <wf lemma="." pos="X">.</wf>
      </sentence>
      <sentence id="d000.s6145" source="wordnet-japanese">
         <wf lemma="自律神経" pos="X">自律神経</wf>
         <wf lemma="機能" pos="X">機能</wf>
         <wf lemma="の" pos="X">の</wf>
         <instance id="d000.s6145.t000" lemma="逆転" pos="NOUN">逆転</instance>
         <wf lemma="が" pos="X">が</wf>
         <wf lemma="あっ" pos="X">あっ</wf>
         <wf lemma="た" pos="X">た</wf>
         <wf lemma="." pos="X">.</wf>
      </sentence>
      <sentence id="d000.s6146" source="wordnet-japanese">
         <instance id="d000.s6146.t000" lemma="壁" pos="NOUN">壁</instance>
         <wf lemma="は" pos="X">は</wf>
         <wf lemma="絵" pos="X">絵</wf>
         <wf lemma="で" pos="X">で</wf>
         <wf lemma="覆わ" pos="X">覆わ</wf>
         <wf lemma="れ" pos="X">れ</wf>
         <wf lemma="て" pos="X">て</wf>
         <wf lemma="い" pos="X">い</wf>
         <wf lemma="た" pos="X">た</wf>
         <wf lemma="." pos="X">.</wf>
      </sentence>
      <sentence id="d000.s6147" source="wordnet-japanese">
         <instance id="d000.s6147.t000" lemma="精神的" pos="ADJ">精神的</instance>
         <wf lemma="な" pos="X">な</wf>
         <wf lemma="存在" pos="X">存在</wf>
         <wf lemma="." pos="X">.</wf>
      </sentence>
      <sentence id="d000.s6148" source="wordnet-japanese">
         <wf lemma="バベル" pos="X">バベル</wf>
         <wf lemma="の塔" pos="X">の塔</wf>
         <wf lemma="における" pos="X">における</wf>
         <wf lemma="言葉" pos="X">言葉</wf>
         <wf lemma="の" pos="X">の</wf>
         <instance id="d000.s6148.t000" lemma="混乱" pos="NOUN">混乱</instance>
         <wf lemma="." pos="X">.</wf>
      </sentence>
      <sentence id="d000.s6149" source="wordnet-japanese">
         <wf lemma="その" pos="X">その</wf>
         <instance id="d000.s6149.t000" lemma="学校" pos="NOUN">学校</instance>
         <wf lemma="は" pos="X">は</wf>
         <wf lemma="1900" pos="X">1900</wf>
         <wf lemma="年" pos="X">年</wf>
         <wf lemma="に" pos="X">に</wf>
         <wf lemma="創立" pos="X">創立</wf>
         <wf lemma="さ" pos="X">さ</wf>
         <wf lemma="れ" pos="X">れ</wf>
         <wf lemma="た" pos="X">た</wf>
         <wf lemma="." pos="X">.</wf>
      </sentence>
      <sentence id="d000.s6150" source="wordnet-japanese">
         <wf lemma="彼" pos="X">彼</wf>
         <wf lemma="は" pos="X">は</wf>
         <instance id="d000.s6150.t000" lemma="働き過ぎ" pos="NOUN">働き過ぎ</instance>
         <wf lemma="から" pos="X">から</wf>
         <wf lemma="病気" pos="X">病気</wf>
         <wf lemma="に" pos="X">に</wf>
         <wf lemma="なっ" pos="X">なっ</wf>
         <wf lemma="た" pos="X">た</wf>
         <wf lemma="." pos="X">.</wf>
      </sentence>
      <sentence id="d000.s6151" source="wordnet-japanese">
         <wf lemma="色" pos="X">色</wf>
         <wf lemma="は" pos="X">は</wf>
         <wf lemma="よく" pos="X">よく</wf>
         <instance id="d000.s6151.t000" lemma="混じる" pos="VERB">混じる</instance>
         <wf lemma="." pos="X">.</wf>
      </sentence>
      <sentence id="d000.s6152" source="wordnet-japanese">
         <wf lemma="提示" pos="X">提示</wf>
         <wf lemma="を" pos="X">を</wf>
         <instance id="d000.s6152.t000" lemma="掲げる" pos="VERB">掲げる</instance>
         <wf lemma="." pos="X">.</wf>
      </sentence>
      <sentence id="d000.s6153" source="wordnet-japanese">
         <wf lemma="天井" pos="X">天井</wf>
         <wf lemma="から" pos="X">から</wf>
         <wf lemma="電気" pos="X">電気</wf>
         <wf lemma="が" pos="X">が</wf>
         <instance id="d000.s6153.t000" lemma="ぶら下がる" pos="VERB">ぶら下がっ</instance>
         <wf lemma="て" pos="X">て</wf>
         <wf lemma="い" pos="X">い</wf>
         <wf lemma="た" pos="X">た</wf>
         <wf lemma="." pos="X">.</wf>
      </sentence>
      <sentence id="d000.s6154" source="wordnet-japanese">
         <wf lemma="彼" pos="X">彼</wf>
         <wf lemma="は" pos="X">は</wf>
         <wf lemma="、" pos="X">、</wf>
         <instance id="d000.s6154.t000" lemma="ナルコレプシー" pos="NOUN">ナルコレプシー</instance>
         <wf lemma="は" pos="X">は</wf>
         <wf lemma="覚醒" pos="X">覚醒</wf>
         <wf lemma="時" pos="X">時</wf>
         <wf lemma="の" pos="X">の</wf>
         <wf lemma="レム" pos="X">レム</wf>
         <wf lemma="睡眠" pos="X">睡眠</wf>
         <wf lemma="を" pos="X">を</wf>
         <wf lemma="抑制" pos="X">抑制</wf>
         <wf lemma="でき" pos="X">でき</wf>
         <wf lemma="ない" pos="X">ない</wf>
         <wf lemma="こと" pos="X">こと</wf>
         <wf lemma="に" pos="X">に</wf>
         <wf lemma="起因" pos="X">起因</wf>
         <wf lemma="し" pos="X">し</wf>
         <wf lemma="て" pos="X">て</wf>
         <wf lemma="いる" pos="X">いる</wf>
         <wf lemma="と" pos="X">と</wf>
         <wf lemma="考え" pos="X">考え</wf>
         <wf lemma="て" pos="X">て</wf>
         <wf lemma="いる" pos="X">いる</wf>
         <wf lemma="." pos="X">.</wf>
      </sentence>
      <sentence id="d000.s6155" source="wordnet-japanese">
         <wf lemma="土地" pos="X">土地</wf>
         <wf lemma="を" pos="X">を</wf>
         <instance id="d000.s6155.t000" lemma="耕す" pos="VERB">耕し</instance>
         <wf lemma="て" pos="X">て</wf>
         <wf lemma="ください" pos="X">ください</wf>
         <wf lemma="." pos="X">.</wf>
      </sentence>
      <sentence id="d000.s6156" source="wordnet-japanese">
         <wf lemma="2" pos="X">2</wf>
         <instance id="d000.s6156.t000" lemma="日" pos="NOUN">日</instance>
         <wf lemma="後" pos="X">後</wf>
         <wf lemma="、" pos="X">、</wf>
         <wf lemma="彼ら" pos="X">彼ら</wf>
         <wf lemma="は" pos="X">は</wf>
         <wf lemma="出発" pos="X">出発</wf>
         <wf lemma="し" pos="X">し</wf>
         <wf lemma="た" pos="X">た</wf>
         <wf lemma="." pos="X">.</wf>
      </sentence>
      <sentence id="d000.s6157" source="wordnet-japanese">
         <wf lemma="円" pos="X">円</wf>
         <wf lemma="に対する" pos="X">に対する</wf>
         <wf lemma="ドル" pos="X">ドル</wf>
         <wf lemma="の" pos="X">の</wf>
         <instance id="d000.s6157.t000" lemma="下落" pos="NOUN">下落</instance>
         <wf lemma="." pos="X">.</wf>
      </sentence>
      <sentence id="d000.s6158" source="wordnet-japanese">
         <wf lemma="穀物" pos="X">穀物</wf>
         <wf lemma="が" pos="X">が</wf>
         <wf lemma="実る" pos="X">実る</wf>
         <wf lemma="種" pos="X">種</wf>
         <wf lemma="の" pos="X">の</wf>
         <instance id="d000.s6158.t000" lemma="胎動" pos="NOUN">胎動</instance>
         <wf lemma="." pos="X">.</wf>
      </sentence>
      <sentence id="d000.s6159" source="wordnet-japanese">
         <wf lemma="彼ら" pos="X">彼ら</wf>
         <wf lemma="は" pos="X">は</wf>
         <wf lemma="その" pos="X">その</wf>
         <instance id="d000.s6159.t000" lemma="法案" pos="NOUN">法案</instance>
         <wf lemma="について" pos="X">について</wf>
         <wf lemma="の" pos="X">の</wf>
         <wf lemma="公聴会" pos="X">公聴会</wf>
         <wf lemma="を" pos="X">を</wf>
         <wf lemma="催し" pos="X">催し</wf>
         <wf lemma="た" pos="X">た</wf>
         <wf lemma="." pos="X">.</wf>
      </sentence>
      <sentence id="d000.s6160" source="wordnet-japanese">
         <wf lemma="結婚" pos="X">結婚</wf>
         <wf lemma="で" pos="X">で</wf>
         <wf lemma="の" pos="X">の</wf>
         <instance id="d000.s6160.t000" lemma="支配的" pos="ADJ">支配的</instance>
         <wf lemma="な" pos="X">な</wf>
         <wf lemma="パートナー" pos="X">パートナー</wf>
         <wf lemma="." pos="X">.</wf>
      </sentence>
      <sentence id="d000.s6161" source="wordnet-japanese">
         <wf lemma="現代" pos="X">現代</wf>
         <wf lemma="文学" pos="X">文学</wf>
         <wf lemma="に関する" pos="X">に関する</wf>
         <instance id="d000.s6161.t000" lemma="無知" pos="ADJ">無知</instance>
         <wf lemma="." pos="X">.</wf>
      </sentence>
      <sentence id="d000.s6162" source="wordnet-japanese">
         <wf lemma="私" pos="X">私</wf>
         <wf lemma="は" pos="X">は</wf>
         <wf lemma="赤ちゃん" pos="X">赤ちゃん</wf>
         <wf lemma="の" pos="X">の</wf>
         <wf lemma="ように" pos="X">ように</wf>
         <instance id="d000.s6162.t000" lemma="純粋" pos="ADJ">純粋</instance>
         <wf lemma="で" pos="X">で</wf>
         <wf lemma="あまく" pos="X">あまく</wf>
         <wf lemma="感じる" pos="X">感じる</wf>
         <wf lemma="―" pos="X">―</wf>
         <wf lemma="シルビア" pos="X">シルビア</wf>
         <wf lemma="・" pos="X">・</wf>
         <wf lemma="プラー" pos="X">プラー</wf>
         <wf lemma="." pos="X">.</wf>
      </sentence>
      <sentence id="d000.s6163" source="wordnet-japanese">
         <wf lemma="原子" pos="X">原子</wf>
         <wf lemma="または" pos="X">または</wf>
         <wf lemma="分子" pos="X">分子</wf>
         <wf lemma="による" pos="X">による</wf>
         <wf lemma="光子" pos="X">光子</wf>
         <wf lemma="の" pos="X">の</wf>
         <instance id="d000.s6163.t000" lemma="吸収" pos="NOUN">吸収</instance>
         <wf lemma="." pos="X">.</wf>
      </sentence>
      <sentence id="d000.s6164" source="wordnet-japanese">
         <wf lemma="彼" pos="X">彼</wf>
         <wf lemma="は" pos="X">は</wf>
         <instance id="d000.s6164.t000" lemma="販売術" pos="NOUN">販売術</instance>
         <wf lemma="について" pos="X">について</wf>
         <wf lemma="の" pos="X">の</wf>
         <wf lemma="本" pos="X">本</wf>
         <wf lemma="を" pos="X">を</wf>
         <wf lemma="読ん" pos="X">読ん</wf>
         <wf lemma="だ" pos="X">だ</wf>
         <wf lemma="が" pos="X">が</wf>
         <wf lemma="、" pos="X">、</wf>
         <wf lemma="役" pos="X">役</wf>
         <wf lemma="に" pos="X">に</wf>
         <wf lemma="立た" pos="X">立た</wf>
         <wf lemma="なかっ" pos="X">なかっ</wf>
         <wf lemma="た" pos="X">た</wf>
         <wf lemma="." pos="X">.</wf>
      </sentence>
      <sentence id="d000.s6165" source="wordnet-japanese">
         <instance id="d000.s6165.t000" lemma="緊急" pos="ADJ">緊急</instance>
         <wf lemma="の" pos="X">の</wf>
         <wf lemma="必要" pos="X">必要</wf>
         <wf lemma="." pos="X">.</wf>
      </sentence>
      <sentence id="d000.s6166" source="wordnet-japanese">
         <wf lemma="よい" pos="X">よい</wf>
         <instance id="d000.s6166.t000" lemma="姿勢" pos="NOUN">姿勢</instance>
         <wf lemma="で" pos="X">で</wf>
         <wf lemma="立っ" pos="X">立っ</wf>
         <wf lemma="て" pos="X">て</wf>
         <wf lemma="い" pos="X">い</wf>
         <wf lemma="た" pos="X">た</wf>
         <wf lemma="." pos="X">.</wf>
      </sentence>
      <sentence id="d000.s6167" source="wordnet-japanese">
         <wf lemma="状況" pos="X">状況</wf>
         <wf lemma="は" pos="X">は</wf>
         <wf lemma="すぐ" pos="X">すぐ</wf>
         <wf lemma="に" pos="X">に</wf>
         <wf lemma="違っ" pos="X">違っ</wf>
         <wf lemma="た" pos="X">た</wf>
         <instance id="d000.s6167.t000" lemma="色合い" pos="NOUN">色合い</instance>
         <wf lemma="を" pos="X">を</wf>
         <wf lemma="もっ" pos="X">もっ</wf>
         <wf lemma="た" pos="X">た</wf>
         <wf lemma="." pos="X">.</wf>
      </sentence>
      <sentence id="d000.s6168" source="wordnet-japanese">
         <instance id="d000.s6168.t000" lemma="アラバマ" pos="NOUN">アラバマ</instance>
         <wf lemma="人" pos="X">人</wf>
         <wf lemma="は" pos="X">は</wf>
         <wf lemma="クリーク" pos="X">クリーク</wf>
         <wf lemma="同盟" pos="X">同盟</wf>
         <wf lemma="の" pos="X">の</wf>
         <wf lemma="一員" pos="X">一員</wf>
         <wf lemma="であっ" pos="X">であっ</wf>
         <wf lemma="た" pos="X">た</wf>
         <wf lemma="." pos="X">.</wf>
      </sentence>
      <sentence id="d000.s6169" source="wordnet-japanese">
         <wf lemma="それ" pos="X">それ</wf>
         <wf lemma="は" pos="X">は</wf>
         <instance id="d000.s6169.t000" lemma="昨日" pos="NOUN">昨日</instance>
         <wf lemma="の" pos="X">の</wf>
         <wf lemma="新聞" pos="X">新聞</wf>
         <wf lemma="に" pos="X">に</wf>
         <wf lemma="載っ" pos="X">載っ</wf>
         <wf lemma="て" pos="X">て</wf>
         <wf lemma="い" pos="X">い</wf>
         <wf lemma="た" pos="X">た</wf>
         <wf lemma="." pos="X">.</wf>
      </sentence>
      <sentence id="d000.s6170" source="wordnet-japanese">
         <wf lemma="彼ら" pos="X">彼ら</wf>
         <wf lemma="は" pos="X">は</wf>
         <wf lemma="大量" pos="X">大量</wf>
         <wf lemma="の" pos="X">の</wf>
         <wf lemma="ハードウェア" pos="X">ハードウェア</wf>
         <wf lemma="の" pos="X">の</wf>
         <instance id="d000.s6170.t000" lemma="在庫" pos="NOUN">在庫</instance>
         <wf lemma="を" pos="X">を</wf>
         <wf lemma="かかえ" pos="X">かかえ</wf>
         <wf lemma="て" pos="X">て</wf>
         <wf lemma="い" pos="X">い</wf>
         <wf lemma="た" pos="X">た</wf>
         <wf lemma="." pos="X">.</wf>
      </sentence>
      <sentence id="d000.s6171" source="wordnet-japanese">
         <wf lemma="彼" pos="X">彼</wf>
         <wf lemma="は" pos="X">は</wf>
         <wf lemma="警察" pos="X">警察</wf>
         <wf lemma="の" pos="X">の</wf>
         <instance id="d000.s6171.t000" lemma="監視" pos="NOUN">監視</instance>
         <wf lemma="から" pos="X">から</wf>
         <wf lemma="逃げ" pos="X">逃げ</wf>
         <wf lemma="た" pos="X">た</wf>
         <wf lemma="." pos="X">.</wf>
      </sentence>
      <sentence id="d000.s6172" source="wordnet-japanese">
         <wf lemma="文明" pos="X">文明</wf>
         <wf lemma="の" pos="X">の</wf>
         <wf lemma="これら" pos="X">これら</wf>
         <wf lemma="の" pos="X">の</wf>
         <wf lemma="面" pos="X">面</wf>
         <wf lemma="は" pos="X">は</wf>
         <wf lemma="表現" pos="X">表現</wf>
         <wf lemma="も" pos="X">も</wf>
         <instance id="d000.s6172.t000" lemma="受ける" pos="VERB">受け</instance>
         <wf lemma="ない" pos="X">ない</wf>
         <wf lemma="し" pos="X">し</wf>
         <wf lemma="、" pos="X">、</wf>
         <wf lemma="解釈" pos="X">解釈</wf>
         <wf lemma="も" pos="X">も</wf>
         <wf lemma="受け" pos="X">受け</wf>
         <wf lemma="ない" pos="X">ない</wf>
         <wf lemma="." pos="X">.</wf>
      </sentence>
      <sentence id="d000.s6173" source="wordnet-japanese">
         <wf lemma="その" pos="X">その</wf>
         <instance id="d000.s6173.t000" lemma="売り込み" pos="NOUN">売り込み</instance>
         <wf lemma="は" pos="X">は</wf>
         <wf lemma="しつこしかっ" pos="X">しつこしかっ</wf>
         <wf lemma="た" pos="X">た</wf>
         <wf lemma="." pos="X">.</wf>
      </sentence>
      <sentence id="d000.s6174" source="wordnet-japanese">
         <instance id="d000.s6174.t000" lemma="愚か" pos="ADJ">愚か</instance>
         <wf lemma="な" pos="X">な</wf>
         <wf lemma="決定" pos="X">決定</wf>
         <wf lemma="." pos="X">.</wf>
      </sentence>
      <sentence id="d000.s6175" source="wordnet-japanese">
         <wf lemma="1" pos="X">1</wf>
         <wf lemma="つ" pos="X">つ</wf>
         <wf lemma="の" pos="X">の</wf>
         <wf lemma="科目" pos="X">科目</wf>
         <wf lemma="において" pos="X">において</wf>
         <wf lemma="他の" pos="X">他の</wf>
         <wf lemma="子供" pos="X">子供</wf>
         <wf lemma="より" pos="X">より</wf>
         <wf lemma="も" pos="X">も</wf>
         <instance id="d000.s6175.t000" lemma="利口" pos="ADJ">利口</instance>
         <wf lemma="な" pos="X">な</wf>
         <wf lemma="子供" pos="X">子供</wf>
         <wf lemma="も" pos="X">も</wf>
         <wf lemma="いる" pos="X">いる</wf>
         <wf lemma="." pos="X">.</wf>
      </sentence>
      <sentence id="d000.s6176" source="wordnet-japanese">
         <wf lemma="ゴールキーパー" pos="X">ゴールキーパー</wf>
         <wf lemma="は" pos="X">は</wf>
         <wf lemma="素晴らしい" pos="X">素晴らしい</wf>
         <instance id="d000.s6176.t000" lemma="セーブ" pos="NOUN">セーブ</instance>
         <wf lemma="を" pos="X">を</wf>
         <wf lemma="し" pos="X">し</wf>
         <wf lemma="た" pos="X">た</wf>
         <wf lemma="." pos="X">.</wf>
      </sentence>
      <sentence id="d000.s6177" source="wordnet-japanese">
         <instance id="d000.s6177.t000" lemma="下手" pos="ADJ">下手</instance>
         <wf lemma="な" pos="X">な</wf>
         <wf lemma="チェスプレーヤー" pos="X">チェスプレーヤー</wf>
         <wf lemma="." pos="X">.</wf>
      </sentence>
      <sentence id="d000.s6178" source="wordnet-japanese">
         <wf lemma="彼" pos="X">彼</wf>
         <wf lemma="は" pos="X">は</wf>
         <wf lemma="市" pos="X">市</wf>
         <wf lemma="から" pos="X">から</wf>
         <wf lemma="借り" pos="X">借り</wf>
         <wf lemma="て" pos="X">て</wf>
         <wf lemma="いる" pos="X">いる</wf>
         <instance id="d000.s6178.t000" lemma="土地" pos="NOUN">土地</instance>
         <wf lemma="に" pos="X">に</wf>
         <wf lemma="その" pos="X">その</wf>
         <wf lemma="家" pos="X">家</wf>
         <wf lemma="を" pos="X">を</wf>
         <wf lemma="建て" pos="X">建て</wf>
         <wf lemma="た" pos="X">た</wf>
         <wf lemma="." pos="X">.</wf>
      </sentence>
      <sentence id="d000.s6179" source="wordnet-japanese">
         <wf lemma="病気" pos="X">病気</wf>
         <wf lemma="であっ" pos="X">であっ</wf>
         <wf lemma="て" pos="X">て</wf>
         <instance id="d000.s6179.t000" lemma="無力" pos="ADJ">無力</instance>
         <wf lemma="な" pos="X">な</wf>
         <wf lemma="状態" pos="X">状態</wf>
         <wf lemma="で" pos="X">で</wf>
         <wf lemma="、" pos="X">、</wf>
         <wf lemma="横たわっ" pos="X">横たわっ</wf>
         <wf lemma="て" pos="X">て</wf>
         <wf lemma="いる" pos="X">いる</wf>
         <wf lemma="こと" pos="X">こと</wf>
         <wf lemma="." pos="X">.</wf>
      </sentence>
      <sentence id="d000.s6180" source="wordnet-japanese">
         <instance id="d000.s6180.t000" lemma="小さい" pos="ADJ">小さい</instance>
         <wf lemma="子供" pos="X">子供</wf>
         <wf lemma="." pos="X">.</wf>
      </sentence>
      <sentence id="d000.s6181" source="wordnet-japanese">
         <wf lemma="成人" pos="X">成人</wf>
         <wf lemma="について" pos="X">について</wf>
         <wf lemma="講義" pos="X">講義</wf>
         <wf lemma="する" pos="X">する</wf>
         <instance id="d000.s6181.t000" lemma="生意気" pos="ADJ">生意気</instance>
         <wf lemma="な" pos="X">な</wf>
         <wf lemma="子供" pos="X">子供</wf>
         <wf lemma="." pos="X">.</wf>
      </sentence>
      <sentence id="d000.s6182" source="wordnet-japanese">
         <wf lemma="彼女" pos="X">彼女</wf>
         <wf lemma="の" pos="X">の</wf>
         <wf lemma="夫" pos="X">夫</wf>
         <wf lemma="が" pos="X">が</wf>
         <wf lemma="離れ" pos="X">離れ</wf>
         <wf lemma="て" pos="X">て</wf>
         <wf lemma="いる" pos="X">いる</wf>
         <wf lemma="と" pos="X">と</wf>
         <instance id="d000.s6182.t000" lemma="寂しい" pos="ADJ">寂しい</instance>
         <wf lemma="." pos="X">.</wf>
      </sentence>
      <sentence id="d000.s6183" source="wordnet-japanese">
         <instance id="d000.s6183.t000" lemma="恐ろしい" pos="ADJ">恐ろしい</instance>
         <wf lemma="戦争" pos="X">戦争</wf>
         <wf lemma="；" pos="X">；</wf>
         <wf lemma="恐ろしい" pos="X">恐ろしい</wf>
         <wf lemma="元凶" pos="X">元凶</wf>
         <wf lemma="." pos="X">.</wf>
      </sentence>
      <sentence id="d000.s6184" source="wordnet-japanese">
         <wf lemma="この" pos="X">この</wf>
         <wf lemma="決定" pos="X">決定</wf>
         <wf lemma="は" pos="X">は</wf>
         <wf lemma="彼" pos="X">彼</wf>
         <wf lemma="の" pos="X">の</wf>
         <wf lemma="公平感" pos="X">公平感</wf>
         <wf lemma="を" pos="X">を</wf>
         <instance id="d000.s6184.t000" lemma="示す" pos="VERB">示し</instance>
         <wf lemma="て" pos="X">て</wf>
         <wf lemma="いる" pos="X">いる</wf>
         <wf lemma="." pos="X">.</wf>
      </sentence>
      <sentence id="d000.s6185" source="wordnet-japanese">
         <wf lemma="40" pos="X">40</wf>
         <instance id="d000.s6185.t000" lemma="度" pos="NOUN">度</instance>
         <wf lemma="の" pos="X">の</wf>
         <wf lemma="気温" pos="X">気温</wf>
         <wf lemma="に" pos="X">に</wf>
         <wf lemma="も" pos="X">も</wf>
         <wf lemma="関わら" pos="X">関わら</wf>
         <wf lemma="ず" pos="X">ず</wf>
         <wf lemma="、" pos="X">、</wf>
         <wf lemma="その" pos="X">その</wf>
         <wf lemma="試合" pos="X">試合</wf>
         <wf lemma="は" pos="X">は</wf>
         <wf lemma="行わ" pos="X">行わ</wf>
         <wf lemma="れ" pos="X">れ</wf>
         <wf lemma="た" pos="X">た</wf>
         <wf lemma="." pos="X">.</wf>
      </sentence>
      <sentence id="d000.s6186" source="wordnet-japanese">
         <wf lemma="彼" pos="X">彼</wf>
         <wf lemma="は" pos="X">は</wf>
         <wf lemma="フランス" pos="X">フランス</wf>
         <wf lemma="革命" pos="X">革命</wf>
         <wf lemma="記念日" pos="X">記念日</wf>
         <wf lemma="を" pos="X">を</wf>
         <wf lemma="祝お" pos="X">祝お</wf>
         <wf lemma="う" pos="X">う</wf>
         <wf lemma="と" pos="X">と</wf>
         <instance id="d000.s6186.t000" lemma="パーティー" pos="NOUN">パーティー</instance>
         <wf lemma="を" pos="X">を</wf>
         <wf lemma="計画" pos="X">計画</wf>
         <wf lemma="し" pos="X">し</wf>
         <wf lemma="た" pos="X">た</wf>
         <wf lemma="." pos="X">.</wf>
      </sentence>
      <sentence id="d000.s6187" source="wordnet-japanese">
         <wf lemma="ビーチ" pos="X">ビーチ</wf>
         <wf lemma="で" pos="X">で</wf>
         <instance id="d000.s6187.t000" lemma="幸せ" pos="ADJ">幸せ</instance>
         <wf lemma="な" pos="X">な</wf>
         <wf lemma="日" pos="X">日</wf>
         <wf lemma="を" pos="X">を</wf>
         <wf lemma="過ごし" pos="X">過ごし</wf>
         <wf lemma="た" pos="X">た</wf>
         <wf lemma="." pos="X">.</wf>
      </sentence>
      <sentence id="d000.s6188" source="wordnet-japanese">
         <instance id="d000.s6188.t000" lemma="用心" pos="NOUN">用心</instance>
         <wf lemma="深い" pos="X">深い</wf>
         <wf lemma="男" pos="X">男</wf>
         <wf lemma="." pos="X">.</wf>
      </sentence>
      <sentence id="d000.s6189" source="wordnet-japanese">
         <wf lemma="彼ら" pos="X">彼ら</wf>
         <wf lemma="の" pos="X">の</wf>
         <instance id="d000.s6189.t000" lemma="秘密" pos="ADJ">秘密</instance>
         <wf lemma="の" pos="X">の</wf>
         <wf lemma="通信" pos="X">通信</wf>
         <wf lemma="." pos="X">.</wf>
      </sentence>
      <sentence id="d000.s6190" source="wordnet-japanese">
         <wf lemma="もし" pos="X">もし</wf>
         <wf lemma="私" pos="X">私</wf>
         <wf lemma="の" pos="X">の</wf>
         <instance id="d000.s6190.t000" lemma="立場" pos="NOUN">立場</instance>
         <wf lemma="だっ" pos="X">だっ</wf>
         <wf lemma="たら" pos="X">たら</wf>
         <wf lemma="、" pos="X">、</wf>
         <wf lemma="どうし" pos="X">どうし</wf>
         <wf lemma="ます" pos="X">ます</wf>
         <wf lemma="か" pos="X">か</wf>
         <wf lemma="？" pos="X">？</wf>
         <wf lemma="." pos="X">.</wf>
      </sentence>
      <sentence id="d000.s6191" source="wordnet-japanese">
         <wf lemma="女子学生" pos="X">女子学生</wf>
         <wf lemma="は" pos="X">は</wf>
         <wf lemma="対照" pos="X">対照</wf>
         <wf lemma="群" pos="X">群</wf>
         <wf lemma="と" pos="X">と</wf>
         <wf lemma="し" pos="X">し</wf>
         <wf lemma="て" pos="X">て</wf>
         <instance id="d000.s6191.t000" lemma="役立つ" pos="VERB">役立っ</instance>
         <wf lemma="た" pos="X">た</wf>
         <wf lemma="." pos="X">.</wf>
      </sentence>
      <sentence id="d000.s6192" source="wordnet-japanese">
         <wf lemma="第" pos="X">第</wf>
         <wf lemma="二" pos="X">二</wf>
         <wf lemma="外国語" pos="X">外国語</wf>
         <wf lemma="を" pos="X">を</wf>
         <wf lemma="マスター" pos="X">マスター</wf>
         <wf lemma="する" pos="X">する</wf>
         <wf lemma="ため" pos="X">ため</wf>
         <wf lemma="に" pos="X">に</wf>
         <wf lemma="は" pos="X">は</wf>
         <wf lemma="一生" pos="X">一生</wf>
         <wf lemma="懸命" pos="X">懸命</wf>
         <instance id="d000.s6192.t000" lemma="勉強" pos="NOUN">勉強</instance>
         <wf lemma="し" pos="X">し</wf>
         <wf lemma="なければ" pos="X">なければ</wf>
         <wf lemma="なら" pos="X">なら</wf>
         <wf lemma="ない" pos="X">ない</wf>
         <wf lemma="." pos="X">.</wf>
      </sentence>
      <sentence id="d000.s6193" source="wordnet-japanese">
         <wf lemma="私" pos="X">私</wf>
         <wf lemma="は" pos="X">は</wf>
         <wf lemma="あなた" pos="X">あなた</wf>
         <wf lemma="を" pos="X">を</wf>
         <wf lemma="助け" pos="X">助け</wf>
         <wf lemma="よう" pos="X">よう</wf>
         <wf lemma="と" pos="X">と</wf>
         <instance id="d000.s6193.t000" lemma="思う" pos="VERB">思っ</instance>
         <wf lemma="た" pos="X">た</wf>
         <wf lemma="だけ" pos="X">だけ</wf>
         <wf lemma="だ" pos="X">だ</wf>
         <wf lemma="." pos="X">.</wf>
      </sentence>
      <sentence id="d000.s6194" source="wordnet-japanese">
         <wf lemma="海" pos="X">海</wf>
         <wf lemma="の" pos="X">の</wf>
         <wf lemma="航空機" pos="X">航空機</wf>
         <wf lemma="の" pos="X">の</wf>
         <wf lemma="設計者" pos="X">設計者</wf>
         <wf lemma="は" pos="X">は</wf>
         <wf lemma="、" pos="X">、</wf>
         <wf lemma="彼" pos="X">彼</wf>
         <wf lemma="の" pos="X">の</wf>
         <wf lemma="最新" pos="X">最新</wf>
         <instance id="d000.s6194.t000" lemma="水上機" pos="NOUN">水上機</instance>
         <wf lemma="を" pos="X">を</wf>
         <wf lemma="示し" pos="X">示し</wf>
         <wf lemma="た" pos="X">た</wf>
         <wf lemma="." pos="X">.</wf>
      </sentence>
      <sentence id="d000.s6195" source="wordnet-japanese">
         <instance id="d000.s6195.t000" lemma="正確" pos="ADJ">正確</instance>
         <wf lemma="な" pos="X">な</wf>
         <wf lemma="寸法" pos="X">寸法</wf>
         <wf lemma="." pos="X">.</wf>
      </sentence>
      <sentence id="d000.s6196" source="wordnet-japanese">
         <wf lemma="神" pos="X">神</wf>
         <wf lemma="の" pos="X">の</wf>
         <instance id="d000.s6196.t000" lemma="摂理" pos="NOUN">摂理</instance>
         <wf lemma="." pos="X">.</wf>
      </sentence>
      <sentence id="d000.s6197" source="wordnet-japanese">
         <wf lemma="彼" pos="X">彼</wf>
         <wf lemma="は" pos="X">は</wf>
         <wf lemma="、" pos="X">、</wf>
         <wf lemma="毎日" pos="X">毎日</wf>
         <wf lemma="、" pos="X">、</wf>
         <wf lemma="街" pos="X">街</wf>
         <wf lemma="で" pos="X">で</wf>
         <wf lemma="地下鉄" pos="X">地下鉄</wf>
         <wf lemma="に" pos="X">に</wf>
         <instance id="d000.s6197.t000" lemma="乗る" pos="VERB">乗る</instance>
         <wf lemma="." pos="X">.</wf>
      </sentence>
      <sentence id="d000.s6198" source="wordnet-japanese">
         <instance id="d000.s6198.t000" lemma="確か" pos="ADJ">確か</instance>
         <wf lemma="な" pos="X">な</wf>
         <wf lemma="情報" pos="X">情報</wf>
         <wf lemma="." pos="X">.</wf>
      </sentence>
      <sentence id="d000.s6199" source="wordnet-japanese">
         <wf lemma="イベント" pos="X">イベント</wf>
         <wf lemma="は" pos="X">は</wf>
         <instance id="d000.s6199.t000" lemma="全国的" pos="ADJ">全国的</instance>
         <wf lemma="な" pos="X">な</wf>
         <wf lemma="関心" pos="X">関心</wf>
         <wf lemma="を" pos="X">を</wf>
         <wf lemma="引き起こし" pos="X">引き起こし</wf>
         <wf lemma="た" pos="X">た</wf>
         <wf lemma="." pos="X">.</wf>
      </sentence>
      <sentence id="d000.s6200" source="wordnet-japanese">
         <wf lemma="遺伝子" pos="X">遺伝子</wf>
         <instance id="d000.s6200.t000" lemma="不活性化" pos="NOUN">不活性化</instance>
         <wf lemma="システム" pos="X">システム</wf>
         <wf lemma="." pos="X">.</wf>
      </sentence>
      <sentence id="d000.s6201" source="wordnet-japanese">
         <wf lemma="人工" pos="X">人工</wf>
         <wf lemma="知能" pos="X">知能</wf>
         <wf lemma="の" pos="X">の</wf>
         <wf lemma="研究" pos="X">研究</wf>
         <wf lemma="の" pos="X">の</wf>
         <wf lemma="ため" pos="X">ため</wf>
         <wf lemma="の" pos="X">の</wf>
         <instance id="d000.s6201.t000" lemma="助成金" pos="NOUN">助成金</instance>
         <wf lemma="." pos="X">.</wf>
      </sentence>
      <sentence id="d000.s6202" source="wordnet-japanese">
         <instance id="d000.s6202.t000" lemma="浪費" pos="NOUN">浪費</instance>
         <wf lemma="によって" pos="X">によって</wf>
         <wf lemma="特徴づけ" pos="X">特徴づけ</wf>
         <wf lemma="られ" pos="X">られ</wf>
         <wf lemma="た" pos="X">た</wf>
         <wf lemma="生活" pos="X">生活</wf>
         <wf lemma="." pos="X">.</wf>
      </sentence>
      <sentence id="d000.s6203" source="wordnet-japanese">
         <instance id="d000.s6203.t000" lemma="失う" pos="VERB">失わ</instance>
         <wf lemma="れ" pos="X">れ</wf>
         <wf lemma="た" pos="X">た</wf>
         <wf lemma="資産" pos="X">資産</wf>
         <wf lemma="." pos="X">.</wf>
      </sentence>
      <sentence id="d000.s6204" source="wordnet-japanese">
         <wf lemma="不器用" pos="X">不器用</wf>
         <wf lemma="な" pos="X">な</wf>
         <wf lemma="顧客" pos="X">顧客</wf>
         <wf lemma="は" pos="X">は</wf>
         <wf lemma="花瓶" pos="X">花瓶</wf>
         <wf lemma="を" pos="X">を</wf>
         <instance id="d000.s6204.t000" lemma="ひっくり返す" pos="VERB">ひっくり返し</instance>
         <wf lemma="た" pos="X">た</wf>
         <wf lemma="." pos="X">.</wf>
      </sentence>
      <sentence id="d000.s6205" source="wordnet-japanese">
         <wf lemma="学校" pos="X">学校</wf>
         <wf lemma="に" pos="X">に</wf>
         <wf lemma="いい" pos="X">いい</wf>
         <instance id="d000.s6205.t000" lemma="立地" pos="NOUN">立地</instance>
         <wf lemma="." pos="X">.</wf>
      </sentence>
      <sentence id="d000.s6206" source="wordnet-japanese">
         <wf lemma="曲がり" pos="X">曲がり</wf>
         <instance id="d000.s6206.t000" lemma="角" pos="NOUN">角</instance>
         <wf lemma="に" pos="X">に</wf>
         <wf lemma="立っ" pos="X">立っ</wf>
         <wf lemma="て" pos="X">て</wf>
         <wf lemma="少女" pos="X">少女</wf>
         <wf lemma="たち" pos="X">たち</wf>
         <wf lemma="が" pos="X">が</wf>
         <wf lemma="全部" pos="X">全部</wf>
         <wf lemma="行き" pos="X">行き</wf>
         <wf lemma="すぎる" pos="X">すぎる</wf>
         <wf lemma="の" pos="X">の</wf>
         <wf lemma="を" pos="X">を</wf>
         <wf lemma="見る" pos="X">見る</wf>
         <wf lemma="." pos="X">.</wf>
      </sentence>
      <sentence id="d000.s6207" source="wordnet-japanese">
         <wf lemma="彼ら" pos="X">彼ら</wf>
         <wf lemma="は" pos="X">は</wf>
         <wf lemma="激しい" pos="X">激しい</wf>
         <instance id="d000.s6207.t000" lemma="格闘" pos="NOUN">格闘</instance>
         <wf lemma="を" pos="X">を</wf>
         <wf lemma="し" pos="X">し</wf>
         <wf lemma="た" pos="X">た</wf>
         <wf lemma="." pos="X">.</wf>
      </sentence>
      <sentence id="d000.s6208" source="wordnet-japanese">
         <wf lemma="私" pos="X">私</wf>
         <wf lemma="の" pos="X">の</wf>
         <wf lemma="車" pos="X">車</wf>
         <wf lemma="は" pos="X">は</wf>
         <instance id="d000.s6208.t000" lemma="保管" pos="NOUN">保管</instance>
         <wf lemma="さ" pos="X">さ</wf>
         <wf lemma="れ" pos="X">れ</wf>
         <wf lemma="て" pos="X">て</wf>
         <wf lemma="いる" pos="X">いる</wf>
         <wf lemma="." pos="X">.</wf>
      </sentence>
      <sentence id="d000.s6209" source="wordnet-japanese">
         <wf lemma="拡大" pos="X">拡大</wf>
         <wf lemma="し" pos="X">し</wf>
         <wf lemma="た" pos="X">た</wf>
         <instance id="d000.s6209.t000" lemma="アデノイド" pos="NOUN">アデノイド</instance>
         <wf lemma="は" pos="X">は</wf>
         <wf lemma="、" pos="X">、</wf>
         <wf lemma="子供" pos="X">子供</wf>
         <wf lemma="たち" pos="X">たち</wf>
         <wf lemma="の" pos="X">の</wf>
         <wf lemma="呼吸" pos="X">呼吸</wf>
         <wf lemma="を" pos="X">を</wf>
         <wf lemma="制限" pos="X">制限</wf>
         <wf lemma="する" pos="X">する</wf>
         <wf lemma="かもしれ" pos="X">かもしれ</wf>
         <wf lemma="ない" pos="X">ない</wf>
         <wf lemma="." pos="X">.</wf>
      </sentence>
      <sentence id="d000.s6210" source="wordnet-japanese">
         <wf lemma="ドア" pos="X">ドア</wf>
         <wf lemma="まで" pos="X">まで</wf>
         <instance id="d000.s6210.t000" lemma="見送る" pos="VERB">見送る</instance>
         <wf lemma="." pos="X">.</wf>
      </sentence>
      <sentence id="d000.s6211" source="wordnet-japanese">
         <instance id="d000.s6211.t000" lemma="真に" pos="ADV">真に</instance>
         <wf lemma="開か" pos="X">開か</wf>
         <wf lemma="れ" pos="X">れ</wf>
         <wf lemma="た" pos="X">た</wf>
         <wf lemma="社会" pos="X">社会</wf>
         <wf lemma="." pos="X">.</wf>
      </sentence>
      <sentence id="d000.s6212" source="wordnet-japanese">
         <wf lemma="彼" pos="X">彼</wf>
         <wf lemma="の" pos="X">の</wf>
         <instance id="d000.s6212.t000" lemma="習慣的" pos="ADJ">習慣的</instance>
         <wf lemma="な" pos="X">な</wf>
         <wf lemma="コメント" pos="X">コメント</wf>
         <wf lemma="." pos="X">.</wf>
      </sentence>
      <sentence id="d000.s6213" source="wordnet-japanese">
         <wf lemma="彼" pos="X">彼</wf>
         <wf lemma="は" pos="X">は</wf>
         <wf lemma="、" pos="X">、</wf>
         <wf lemma="的" pos="X">的</wf>
         <wf lemma="と" pos="X">と</wf>
         <wf lemma="十字線" pos="X">十字線</wf>
         <wf lemma="が" pos="X">が</wf>
         <instance id="d000.s6213.t000" lemma="一致" pos="NOUN">一致</instance>
         <wf lemma="する" pos="X">する</wf>
         <wf lemma="の" pos="X">の</wf>
         <wf lemma="を" pos="X">を</wf>
         <wf lemma="待っ" pos="X">待っ</wf>
         <wf lemma="た" pos="X">た</wf>
         <wf lemma="." pos="X">.</wf>
      </sentence>
      <sentence id="d000.s6214" source="wordnet-japanese">
         <wf lemma="カキ" pos="X">カキ</wf>
         <wf lemma="の" pos="X">の</wf>
         <wf lemma="殻" pos="X">殻</wf>
         <wf lemma="を" pos="X">を</wf>
         <wf lemma="開ける" pos="X">開ける</wf>
         <instance id="d000.s6214.t000" lemma="正しい" pos="ADJ">正しい</instance>
         <wf lemma="方法" pos="X">方法</wf>
         <wf lemma="." pos="X">.</wf>
      </sentence>
      <sentence id="d000.s6215" source="wordnet-japanese">
         <instance id="d000.s6215.t000" lemma="非社交的" pos="ADJ">非社交的</instance>
         <wf lemma="な" pos="X">な</wf>
         <wf lemma="行動" pos="X">行動</wf>
         <wf lemma="." pos="X">.</wf>
      </sentence>
      <sentence id="d000.s6216" source="wordnet-japanese">
         <wf lemma="霧" pos="X">霧</wf>
         <wf lemma="の" pos="X">の</wf>
         <instance id="d000.s6216.t000" lemma="消散" pos="NOUN">消散</instance>
         <wf lemma="." pos="X">.</wf>
      </sentence>
      <sentence id="d000.s6217" source="wordnet-japanese">
         <wf lemma="彼" pos="X">彼</wf>
         <wf lemma="は" pos="X">は</wf>
         <wf lemma="法王" pos="X">法王</wf>
         <wf lemma="を" pos="X">を</wf>
         <wf lemma="見" pos="X">見</wf>
         <wf lemma="て" pos="X">て</wf>
         <instance id="d000.s6217.t000" lemma="謙遜" pos="NOUN">謙遜</instance>
         <wf lemma="の" pos="X">の</wf>
         <wf lemma="気持ち" pos="X">気持ち</wf>
         <wf lemma="で" pos="X">で</wf>
         <wf lemma="いっぱい" pos="X">いっぱい</wf>
         <wf lemma="に" pos="X">に</wf>
         <wf lemma="なっ" pos="X">なっ</wf>
         <wf lemma="た" pos="X">た</wf>
         <wf lemma="." pos="X">.</wf>
      </sentence>
      <sentence id="d000.s6218" source="wordnet-japanese">
         <instance id="d000.s6218.t000" lemma="異常" pos="ADJ">異常</instance>
         <wf lemma="な" pos="X">な</wf>
         <wf lemma="考え" pos="X">考え</wf>
         <wf lemma="." pos="X">.</wf>
      </sentence>
      <sentence id="d000.s6219" source="wordnet-japanese">
         <wf lemma="2" pos="X">2</wf>
         <wf lemma="隻" pos="X">隻</wf>
         <wf lemma="の" pos="X">の</wf>
         <wf lemma="船" pos="X">船</wf>
         <wf lemma="の" pos="X">の</wf>
         <instance id="d000.s6219.t000" lemma="衝突" pos="NOUN">衝突</instance>
         <wf lemma="は" pos="X">は</wf>
         <wf lemma="重大" pos="X">重大</wf>
         <wf lemma="な" pos="X">な</wf>
         <wf lemma="石油" pos="X">石油</wf>
         <wf lemma="流出" pos="X">流出</wf>
         <wf lemma="を" pos="X">を</wf>
         <wf lemma="もた" pos="X">もた</wf>
         <wf lemma="らし" pos="X">らし</wf>
         <wf lemma="た" pos="X">た</wf>
         <wf lemma="." pos="X">.</wf>
      </sentence>
      <sentence id="d000.s6220" source="wordnet-japanese">
         <wf lemma="彼ら" pos="X">彼ら</wf>
         <wf lemma="は" pos="X">は</wf>
         <instance id="d000.s6220.t000" lemma="冗談" pos="NOUN">冗談</instance>
         <wf lemma="を" pos="X">を</wf>
         <wf lemma="言い合っ" pos="X">言い合っ</wf>
         <wf lemma="た" pos="X">た</wf>
         <wf lemma="." pos="X">.</wf>
      </sentence>
      <sentence id="d000.s6221" source="wordnet-japanese">
         <wf lemma="恋" pos="X">恋</wf>
         <wf lemma="に" pos="X">に</wf>
         <instance id="d000.s6221.t000" lemma="落ちる" pos="VERB">落ちる</instance>
         <wf lemma="." pos="X">.</wf>
      </sentence>
      <sentence id="d000.s6222" source="wordnet-japanese">
         <wf lemma="バイオリン" pos="X">バイオリン</wf>
         <wf lemma="の" pos="X">の</wf>
         <instance id="d000.s6222.t000" lemma="純粋" pos="ADJ">純粋</instance>
         <wf lemma="で" pos="X">で</wf>
         <wf lemma="い" pos="X">い</wf>
         <wf lemma="としい" pos="X">としい</wf>
         <wf lemma="歌." pos="X">歌.</wf>
      </sentence>
      <sentence id="d000.s6223" source="wordnet-japanese">
         <instance id="d000.s6223.t000" lemma="ブロック" pos="NOUN">ブロック</instance>
         <wf lemma="に" pos="X">に</wf>
         <wf lemma="ひびが" pos="X">ひびが</wf>
         <wf lemma="入っ" pos="X">入っ</wf>
         <wf lemma="た" pos="X">た</wf>
         <wf lemma="ので" pos="X">ので</wf>
         <wf lemma="エンジン" pos="X">エンジン</wf>
         <wf lemma="を" pos="X">を</wf>
         <wf lemma="取り替え" pos="X">取り替え</wf>
         <wf lemma="なく" pos="X">なく</wf>
         <wf lemma="て" pos="X">て</wf>
         <wf lemma="は" pos="X">は</wf>
         <wf lemma="なら" pos="X">なら</wf>
         <wf lemma="なかっ" pos="X">なかっ</wf>
         <wf lemma="た" pos="X">た</wf>
         <wf lemma="." pos="X">.</wf>
      </sentence>
      <sentence id="d000.s6224" source="wordnet-japanese">
         <wf lemma="彼" pos="X">彼</wf>
         <wf lemma="は" pos="X">は</wf>
         <wf lemma="それ" pos="X">それ</wf>
         <wf lemma="が" pos="X">が</wf>
         <instance id="d000.s6224.t000" lemma="兆し" pos="NOUN">兆し</instance>
         <wf lemma="であれ" pos="X">であれ</wf>
         <wf lemma="と" pos="X">と</wf>
         <wf lemma="願っ" pos="X">願っ</wf>
         <wf lemma="た" pos="X">た</wf>
         <wf lemma="." pos="X">.</wf>
      </sentence>
      <sentence id="d000.s6225" source="wordnet-japanese">
         <wf lemma="新党" pos="X">新党</wf>
         <wf lemma="の" pos="X">の</wf>
         <instance id="d000.s6225.t000" lemma="初" pos="ADJ">初</instance>
         <wf lemma="の" pos="X">の</wf>
         <wf lemma="会議" pos="X">会議</wf>
         <wf lemma="." pos="X">.</wf>
      </sentence>
      <sentence id="d000.s6226" source="wordnet-japanese">
         <wf lemma="彼" pos="X">彼</wf>
         <wf lemma="は" pos="X">は</wf>
         <instance id="d000.s6226.t000" lemma="まさに" pos="ADV">まさに</instance>
         <wf lemma="その" pos="X">その</wf>
         <wf lemma="正" pos="X">正</wf>
         <wf lemma="反対" pos="X">反対</wf>
         <wf lemma="を" pos="X">を</wf>
         <wf lemma="予想" pos="X">予想</wf>
         <wf lemma="し" pos="X">し</wf>
         <wf lemma="た" pos="X">た</wf>
         <wf lemma="." pos="X">.</wf>
      </sentence>
      <sentence id="d000.s6227" source="wordnet-japanese">
         <wf lemma="我々" pos="X">我々</wf>
         <wf lemma="は" pos="X">は</wf>
         <wf lemma="小切手" pos="X">小切手</wf>
         <wf lemma="と" pos="X">と</wf>
         <wf lemma="手形" pos="X">手形</wf>
         <wf lemma="を" pos="X">を</wf>
         <instance id="d000.s6227.t000" lemma="受け入れる" pos="VERB">受け入れる</instance>
         <wf lemma="." pos="X">.</wf>
      </sentence>
      <sentence id="d000.s6228" source="wordnet-japanese">
         <wf lemma="思考" pos="X">思考</wf>
         <wf lemma="の" pos="X">の</wf>
         <instance id="d000.s6228.t000" lemma="流れ" pos="NOUN">流れ</instance>
         <wf lemma="." pos="X">.</wf>
      </sentence>
      <sentence id="d000.s6229" source="wordnet-japanese">
         <wf lemma="膨らむ" pos="X">膨らむ</wf>
         <wf lemma="意見" pos="X">意見</wf>
         <wf lemma="の" pos="X">の</wf>
         <instance id="d000.s6229.t000" lemma="不一致" pos="NOUN">不一致</instance>
         <wf lemma="." pos="X">.</wf>
      </sentence>
      <sentence id="d000.s6230" source="wordnet-japanese">
         <wf lemma="私" pos="X">私</wf>
         <wf lemma="は" pos="X">は</wf>
         <wf lemma="、" pos="X">、</wf>
         <wf lemma="彼" pos="X">彼</wf>
         <wf lemma="が" pos="X">が</wf>
         <wf lemma="戦争" pos="X">戦争</wf>
         <wf lemma="から" pos="X">から</wf>
         <wf lemma="戻る" pos="X">戻る</wf>
         <wf lemma="と" pos="X">と</wf>
         <instance id="d000.s6230.t000" lemma="信じる" pos="VERB">信じ</instance>
         <wf lemma="て" pos="X">て</wf>
         <wf lemma="いる" pos="X">いる</wf>
         <wf lemma="." pos="X">.</wf>
      </sentence>
      <sentence id="d000.s6231" source="wordnet-japanese">
         <wf lemma="彼ら" pos="X">彼ら</wf>
         <wf lemma="が" pos="X">が</wf>
         <wf lemma="4" pos="X">4</wf>
         <wf lemma="ヵ月" pos="X">ヵ月</wf>
         <wf lemma="の" pos="X">の</wf>
         <wf lemma="間" pos="X">間</wf>
         <wf lemma="使用料" pos="X">使用料</wf>
         <wf lemma="を" pos="X">を</wf>
         <wf lemma="払わ" pos="X">払わ</wf>
         <wf lemma="なかっ" pos="X">なかっ</wf>
         <wf lemma="た" pos="X">た</wf>
         <wf lemma="時" pos="X">時</wf>
         <wf lemma="、" pos="X">、</wf>
         <wf lemma="主人" pos="X">主人</wf>
         <wf lemma="は" pos="X">は</wf>
         <wf lemma="入居者" pos="X">入居者</wf>
         <wf lemma="を" pos="X">を</wf>
         <instance id="d000.s6231.t000" lemma="追い出す" pos="VERB">追い出し</instance>
         <wf lemma="た" pos="X">た</wf>
         <wf lemma="." pos="X">.</wf>
      </sentence>
      <sentence id="d000.s6232" source="wordnet-japanese">
         <wf lemma="彼" pos="X">彼</wf>
         <wf lemma="は" pos="X">は</wf>
         <wf lemma="彼女" pos="X">彼女</wf>
         <wf lemma="の" pos="X">の</wf>
         <wf lemma="長く" pos="X">長く</wf>
         <wf lemma="優美" pos="X">優美</wf>
         <wf lemma="な" pos="X">な</wf>
         <instance id="d000.s6232.t000" lemma="首" pos="NOUN">首</instance>
         <wf lemma="を" pos="X">を</wf>
         <wf lemma="賞賛" pos="X">賞賛</wf>
         <wf lemma="し" pos="X">し</wf>
         <wf lemma="た" pos="X">た</wf>
         <wf lemma="." pos="X">.</wf>
      </sentence>
      <sentence id="d000.s6233" source="wordnet-japanese">
         <wf lemma="ニクラウス" pos="X">ニクラウス</wf>
         <wf lemma="は" pos="X">は</wf>
         <wf lemma="3" pos="X">3</wf>
         <instance id="d000.s6233.t000" lemma="ストローク" pos="NOUN">ストローク</instance>
         <wf lemma="で" pos="X">で</wf>
         <wf lemma="勝っ" pos="X">勝っ</wf>
         <wf lemma="た" pos="X">た</wf>
         <wf lemma="." pos="X">.</wf>
      </sentence>
      <sentence id="d000.s6234" source="wordnet-japanese">
         <instance id="d000.s6234.t000" lemma="賢明" pos="ADJ">賢明</instance>
         <wf lemma="で" pos="X">で</wf>
         <wf lemma="敏感" pos="X">敏感</wf>
         <wf lemma="な" pos="X">な</wf>
         <wf lemma="コメント" pos="X">コメント</wf>
         <wf lemma="." pos="X">.</wf>
      </sentence>
      <sentence id="d000.s6235" source="wordnet-japanese">
         <wf lemma="主に" pos="X">主に</wf>
         <instance id="d000.s6235.t000" lemma="祈る" pos="VERB">祈っ</instance>
         <wf lemma="て" pos="X">て</wf>
         <wf lemma="ください" pos="X">ください</wf>
         <wf lemma="." pos="X">.</wf>
      </sentence>
      <sentence id="d000.s6236" source="wordnet-japanese">
         <wf lemma="数人" pos="X">数人</wf>
         <wf lemma="の" pos="X">の</wf>
         <wf lemma="専門医" pos="X">専門医</wf>
         <wf lemma="の" pos="X">の</wf>
         <instance id="d000.s6236.t000" lemma="協議" pos="NOUN">協議</instance>
         <wf lemma="." pos="X">.</wf>
      </sentence>
      <sentence id="d000.s6237" source="wordnet-japanese">
         <wf lemma="東海岸" pos="X">東海岸</wf>
         <wf lemma="は" pos="X">は</wf>
         <wf lemma="バーミューダ" pos="X">バーミューダ</wf>
         <instance id="d000.s6237.t000" lemma="高気圧" pos="NOUN">高気圧</instance>
         <wf lemma="の" pos="X">の</wf>
         <wf lemma="恩恵" pos="X">恩恵</wf>
         <wf lemma="を" pos="X">を</wf>
         <wf lemma="受け" pos="X">受け</wf>
         <wf lemma="て" pos="X">て</wf>
         <wf lemma="いる" pos="X">いる</wf>
         <wf lemma="." pos="X">.</wf>
      </sentence>
      <sentence id="d000.s6238" source="wordnet-japanese">
         <wf lemma="彼" pos="X">彼</wf>
         <wf lemma="は" pos="X">は</wf>
         <instance id="d000.s6238.t000" lemma="セミフォーマル" pos="ADJ">セミフォーマル</instance>
         <wf lemma="の" pos="X">の</wf>
         <wf lemma="装い" pos="X">装い</wf>
         <wf lemma="だっ" pos="X">だっ</wf>
         <wf lemma="た" pos="X">た</wf>
         <wf lemma="." pos="X">.</wf>
      </sentence>
      <sentence id="d000.s6239" source="wordnet-japanese">
         <wf lemma="彼ら" pos="X">彼ら</wf>
         <wf lemma="は" pos="X">は</wf>
         <wf lemma="石" pos="X">石</wf>
         <wf lemma="に" pos="X">に</wf>
         <wf lemma="名前" pos="X">名前</wf>
         <wf lemma="を" pos="X">を</wf>
         <instance id="d000.s6239.t000" lemma="刻む" pos="VERB">刻ん</instance>
         <wf lemma="だ" pos="X">だ</wf>
         <wf lemma="." pos="X">.</wf>
      </sentence>
      <sentence id="d000.s6240" source="wordnet-japanese">
         <wf lemma="彼" pos="X">彼</wf>
         <wf lemma="は" pos="X">は</wf>
         <wf lemma="彼" pos="X">彼</wf>
         <wf lemma="が" pos="X">が</wf>
         <wf lemma="欲しい" pos="X">欲しい</wf>
         <wf lemma="もの" pos="X">もの</wf>
         <wf lemma="を" pos="X">を</wf>
         <wf lemma="得" pos="X">得</wf>
         <wf lemma="、" pos="X">、</wf>
         <wf lemma="私" pos="X">私</wf>
         <wf lemma="は" pos="X">は</wf>
         <instance id="d000.s6240.t000" lemma="残り" pos="NOUN">残り</instance>
         <wf lemma="を" pos="X">を</wf>
         <wf lemma="取っ" pos="X">取っ</wf>
         <wf lemma="た" pos="X">た</wf>
         <wf lemma="." pos="X">.</wf>
      </sentence>
      <sentence id="d000.s6241" source="wordnet-japanese">
         <wf lemma="彼ら" pos="X">彼ら</wf>
         <wf lemma="は" pos="X">は</wf>
         <wf lemma="100" pos="X">100</wf>
         <wf lemma="以上" pos="X">以上</wf>
         <wf lemma="の" pos="X">の</wf>
         <instance id="d000.s6241.t000" lemma="チャンネル" pos="NOUN">チャンネル</instance>
         <wf lemma="を" pos="X">を</wf>
         <wf lemma="提供" pos="X">提供</wf>
         <wf lemma="する" pos="X">する</wf>
         <wf lemma="." pos="X">.</wf>
      </sentence>
      <sentence id="d000.s6242" source="wordnet-japanese">
         <instance id="d000.s6242.t000" lemma="時刻" pos="NOUN">時刻</instance>
         <wf lemma="は" pos="X">は</wf>
         <wf lemma="遅く" pos="X">遅く</wf>
         <wf lemma="なっ" pos="X">なっ</wf>
         <wf lemma="て" pos="X">て</wf>
         <wf lemma="き" pos="X">き</wf>
         <wf lemma="て" pos="X">て</wf>
         <wf lemma="いる" pos="X">いる</wf>
         <wf lemma="." pos="X">.</wf>
      </sentence>
      <sentence id="d000.s6243" source="wordnet-japanese">
         <wf lemma="文学" pos="X">文学</wf>
         <wf lemma="において" pos="X">において</wf>
         <instance id="d000.s6243.t000" lemma="特殊" pos="ADJ">特殊</instance>
         <wf lemma="の" pos="X">の</wf>
         <wf lemma="率直さ" pos="X">率直さ</wf>
         <wf lemma="." pos="X">.</wf>
      </sentence>
      <sentence id="d000.s6244" source="wordnet-japanese">
         <wf lemma="ムッソリーニ" pos="X">ムッソリーニ</wf>
         <wf lemma="は" pos="X">は</wf>
         <wf lemma="イル" pos="X">イル</wf>
         <wf lemma="・" pos="X">・</wf>
         <instance id="d000.s6244.t000" lemma="ドゥーチェ" pos="NOUN">ドゥーチェ</instance>
         <wf lemma="と" pos="X">と</wf>
         <wf lemma="呼ば" pos="X">呼ば</wf>
         <wf lemma="れ" pos="X">れ</wf>
         <wf lemma="た" pos="X">た</wf>
         <wf lemma="." pos="X">.</wf>
      </sentence>
      <sentence id="d000.s6245" source="wordnet-japanese">
         <wf lemma="朝" pos="X">朝</wf>
         <wf lemma="の" pos="X">の</wf>
         <wf lemma="空" pos="X">空</wf>
         <wf lemma="の" pos="X">の</wf>
         <instance id="d000.s6245.t000" lemma="柔らかさ" pos="NOUN">柔らかさ</instance>
         <wf lemma="." pos="X">.</wf>
      </sentence>
      <sentence id="d000.s6246" source="wordnet-japanese">
         <wf lemma="いつも" pos="X">いつも</wf>
         <wf lemma="彼" pos="X">彼</wf>
         <wf lemma="の" pos="X">の</wf>
         <wf lemma="妻" pos="X">妻</wf>
         <wf lemma="は" pos="X">は</wf>
         <wf lemma="気前" pos="X">気前</wf>
         <wf lemma="よく" pos="X">よく</wf>
         <instance id="d000.s6246.t000" lemma="現金" pos="NOUN">現金</instance>
         <wf lemma="払い" pos="X">払い</wf>
         <wf lemma="を" pos="X">を</wf>
         <wf lemma="し" pos="X">し</wf>
         <wf lemma="た" pos="X">た</wf>
         <wf lemma="." pos="X">.</wf>
      </sentence>
      <sentence id="d000.s6247" source="wordnet-japanese">
         <wf lemma="彼" pos="X">彼</wf>
         <wf lemma="は" pos="X">は</wf>
         <wf lemma="これ" pos="X">これ</wf>
         <wf lemma="以上" pos="X">以上</wf>
         <instance id="d000.s6247.t000" lemma="敵意" pos="NOUN">敵意</instance>
         <wf lemma="を" pos="X">を</wf>
         <wf lemma="抑え" pos="X">抑え</wf>
         <wf lemma="られ" pos="X">られ</wf>
         <wf lemma="なかっ" pos="X">なかっ</wf>
         <wf lemma="た" pos="X">た</wf>
         <wf lemma="." pos="X">.</wf>
      </sentence>
      <sentence id="d000.s6248" source="wordnet-japanese">
         <instance id="d000.s6248.t000" lemma="空気" pos="NOUN">空気</instance>
         <wf lemma="中" pos="X">中</wf>
         <wf lemma="の" pos="X">の</wf>
         <wf lemma="化学" pos="X">化学</wf>
         <wf lemma="物質" pos="X">物質</wf>
         <wf lemma="の" pos="X">の</wf>
         <wf lemma="におい." pos="X">におい.</wf>
      </sentence>
      <sentence id="d000.s6249" source="wordnet-japanese">
         <wf lemma="メロディー" pos="X">メロディー</wf>
         <wf lemma="の" pos="X">の</wf>
         <instance id="d000.s6249.t000" lemma="輪郭" pos="NOUN">輪郭</instance>
         <wf lemma="." pos="X">.</wf>
      </sentence>
      <sentence id="d000.s6250" source="wordnet-japanese">
         <wf lemma="海" pos="X">海</wf>
         <wf lemma="を" pos="X">を</wf>
         <wf lemma="かきまぜ" pos="X">かきまぜ</wf>
         <wf lemma="た" pos="X">た</wf>
         <wf lemma="長" pos="X">長</wf>
         <wf lemma="さ" pos="X">さ</wf>
         <wf lemma="8" pos="X">8</wf>
         <wf lemma="ファゾム" pos="X">ファゾム</wf>
         <wf lemma="の" pos="X">の</wf>
         <instance id="d000.s6250.t000" lemma="グロテスク" pos="ADJ">グロテスク</instance>
         <wf lemma="な" pos="X">な</wf>
         <wf lemma="蛇" pos="X">蛇</wf>
         <wf lemma="の" pos="X">の</wf>
         <wf lemma="物語" pos="X">物語</wf>
         <wf lemma="." pos="X">.</wf>
      </sentence>
      <sentence id="d000.s6251" source="wordnet-japanese">
         <wf lemma="煙草" pos="X">煙草</wf>
         <wf lemma="を" pos="X">を</wf>
         <wf lemma="吸い" pos="X">吸い</wf>
         <wf lemma="たい" pos="X">たい</wf>
         <wf lemma="という" pos="X">という</wf>
         <wf lemma="衝動" pos="X">衝動</wf>
         <wf lemma="を" pos="X">を</wf>
         <instance id="d000.s6251.t000" lemma="押し戻す" pos="VERB">押し戻す</instance>
         <wf lemma="." pos="X">.</wf>
      </sentence>
      <sentence id="d000.s6252" source="wordnet-japanese">
         <wf lemma="海" pos="X">海</wf>
         <wf lemma="の" pos="X">の</wf>
         <instance id="d000.s6252.t000" lemma="住人" pos="NOUN">住人</instance>
         <wf lemma="." pos="X">.</wf>
      </sentence>
      <sentence id="d000.s6253" source="wordnet-japanese">
         <wf lemma="大砲" pos="X">大砲</wf>
         <wf lemma="が" pos="X">が</wf>
         <instance id="d000.s6253.t000" lemma="防衛" pos="NOUN">防衛</instance>
         <wf lemma="施設" pos="X">施設</wf>
         <wf lemma="を" pos="X">を</wf>
         <wf lemma="打ち壊し" pos="X">打ち壊し</wf>
         <wf lemma="た" pos="X">た</wf>
         <wf lemma="." pos="X">.</wf>
      </sentence>
      <sentence id="d000.s6254" source="wordnet-japanese">
         <wf lemma="グラント" pos="X">グラント</wf>
         <wf lemma="は" pos="X">は</wf>
         <wf lemma="チッカモーガ" pos="X">チッカモーガ</wf>
         <wf lemma="の" pos="X">の</wf>
         <instance id="d000.s6254.t000" lemma="戦い" pos="NOUN">戦い</instance>
         <wf lemma="で" pos="X">で</wf>
         <wf lemma="決定的" pos="X">決定的</wf>
         <wf lemma="な" pos="X">な</wf>
         <wf lemma="勝利" pos="X">勝利</wf>
         <wf lemma="を" pos="X">を</wf>
         <wf lemma="収め" pos="X">収め</wf>
         <wf lemma="た" pos="X">た</wf>
         <wf lemma="." pos="X">.</wf>
      </sentence>
      <sentence id="d000.s6255" source="wordnet-japanese">
         <wf lemma="1" pos="X">1</wf>
         <wf lemma="バイト" pos="X">バイト</wf>
         <wf lemma="に" pos="X">に</wf>
         <wf lemma="は" pos="X">は</wf>
         <wf lemma="8" pos="X">8</wf>
         <instance id="d000.s6255.t000" lemma="ビット" pos="NOUN">ビット</instance>
         <wf lemma="ある" pos="X">ある</wf>
         <wf lemma="." pos="X">.</wf>
      </sentence>
      <sentence id="d000.s6256" source="wordnet-japanese">
         <wf lemma="その" pos="X">その</wf>
         <wf lemma="酒" pos="X">酒</wf>
         <wf lemma="の" pos="X">の</wf>
         <instance id="d000.s6256.t000" lemma="強度" pos="NOUN">強度</instance>
         <wf lemma="." pos="X">.</wf>
      </sentence>
      <sentence id="d000.s6257" source="wordnet-japanese">
         <wf lemma="完全" pos="X">完全</wf>
         <wf lemma="に" pos="X">に</wf>
         <wf lemma="禁欲" pos="X">禁欲</wf>
         <wf lemma="し" pos="X">し</wf>
         <wf lemma="て" pos="X">て</wf>
         <wf lemma="いる" pos="X">いる</wf>
         <wf lemma="の" pos="X">の</wf>
         <wf lemma="で" pos="X">で</wf>
         <wf lemma="は" pos="X">は</wf>
         <wf lemma="なく" pos="X">なく</wf>
         <wf lemma="単に" pos="X">単に</wf>
         <instance id="d000.s6257.t000" lemma="禁欲的" pos="ADJ">禁欲的</instance>
         <wf lemma="で" pos="X">で</wf>
         <wf lemma="ある" pos="X">ある</wf>
         <wf lemma="." pos="X">.</wf>
      </sentence>
      <sentence id="d000.s6258" source="wordnet-japanese">
         <wf lemma="人" pos="X">人</wf>
         <wf lemma="は" pos="X">は</wf>
         <wf lemma="、" pos="X">、</wf>
         <wf lemma="1969" pos="X">1969</wf>
         <wf lemma="年" pos="X">年</wf>
         <wf lemma="に" pos="X">に</wf>
         <wf lemma="最初" pos="X">最初</wf>
         <wf lemma="に" pos="X">に</wf>
         <instance id="d000.s6258.t000" lemma="月" pos="NOUN">月</instance>
         <wf lemma="に" pos="X">に</wf>
         <wf lemma="足" pos="X">足</wf>
         <wf lemma="を" pos="X">を</wf>
         <wf lemma="踏み入れ" pos="X">踏み入れ</wf>
         <wf lemma="た" pos="X">た</wf>
         <wf lemma="." pos="X">.</wf>
      </sentence>
      <sentence id="d000.s6259" source="wordnet-japanese">
         <wf lemma="1" pos="X">1</wf>
         <wf lemma="から" pos="X">から</wf>
         <wf lemma="10" pos="X">10</wf>
         <wf lemma="の" pos="X">の</wf>
         <instance id="d000.s6259.t000" lemma="尺度" pos="NOUN">尺度</instance>
         <wf lemma="で" pos="X">で</wf>
         <wf lemma="判断" pos="X">判断</wf>
         <wf lemma="する" pos="X">する</wf>
         <wf lemma="こと" pos="X">こと</wf>
         <wf lemma="." pos="X">.</wf>
      </sentence>
      <sentence id="d000.s6260" source="wordnet-japanese">
         <wf lemma="爆撃" pos="X">爆撃</wf>
         <wf lemma="の" pos="X">の</wf>
         <instance id="d000.s6260.t000" lemma="恐ろしい" pos="ADJ">恐ろしい</instance>
         <wf lemma="余波" pos="X">余波</wf>
         <wf lemma="." pos="X">.</wf>
      </sentence>
      <sentence id="d000.s6261" source="wordnet-japanese">
         <wf lemma="ハーバード" pos="X">ハーバード</wf>
         <wf lemma="は" pos="X">は</wf>
         <wf lemma="最後" pos="X">最後</wf>
         <wf lemma="の" pos="X">の</wf>
         <wf lemma="フットボール" pos="X">フットボール</wf>
         <wf lemma="の" pos="X">の</wf>
         <wf lemma="試合" pos="X">試合</wf>
         <wf lemma="で" pos="X">で</wf>
         <wf lemma="エール" pos="X">エール</wf>
         <wf lemma="を" pos="X">を</wf>
         <instance id="d000.s6261.t000" lemma="破る" pos="VERB">破っ</instance>
         <wf lemma="た" pos="X">た</wf>
         <wf lemma="." pos="X">.</wf>
      </sentence>
      <sentence id="d000.s6262" source="wordnet-japanese">
         <wf lemma="まず" pos="X">まず</wf>
         <instance id="d000.s6262.t000" lemma="最初" pos="ADV">最初</instance>
         <wf lemma="に" pos="X">に</wf>
         <wf lemma="なぜ" pos="X">なぜ</wf>
         <wf lemma="私" pos="X">私</wf>
         <wf lemma="に" pos="X">に</wf>
         <wf lemma="言わ" pos="X">言わ</wf>
         <wf lemma="なかっ" pos="X">なかっ</wf>
         <wf lemma="た" pos="X">た</wf>
         <wf lemma="の" pos="X">の</wf>
         <wf lemma="." pos="X">.</wf>
      </sentence>
      <sentence id="d000.s6263" source="wordnet-japanese">
         <wf lemma="私" pos="X">私</wf>
         <wf lemma="の" pos="X">の</wf>
         <wf lemma="土地" pos="X">土地</wf>
         <wf lemma="は" pos="X">は</wf>
         <wf lemma="、" pos="X">、</wf>
         <wf lemma="地平線" pos="X">地平線</wf>
         <wf lemma="上" pos="X">上</wf>
         <wf lemma="の" pos="X">の</wf>
         <wf lemma="丘" pos="X">丘</wf>
         <wf lemma="に" pos="X">に</wf>
         <instance id="d000.s6263.t000" lemma="広がる" pos="VERB">広がっ</instance>
         <wf lemma="て" pos="X">て</wf>
         <wf lemma="いる" pos="X">いる</wf>
         <wf lemma="." pos="X">.</wf>
      </sentence>
      <sentence id="d000.s6264" source="wordnet-japanese">
         <wf lemma="体" pos="X">体</wf>
         <wf lemma="は" pos="X">は</wf>
         <wf lemma="木から" pos="X">木から</wf>
         <instance id="d000.s6264.t000" lemma="だらり" pos="ADV">だらり</instance>
         <wf lemma="と" pos="X">と</wf>
         <wf lemma="ぶら下がっ" pos="X">ぶら下がっ</wf>
         <wf lemma="て" pos="X">て</wf>
         <wf lemma="い" pos="X">い</wf>
         <wf lemma="た" pos="X">た</wf>
         <wf lemma="." pos="X">.</wf>
      </sentence>
      <sentence id="d000.s6265" source="wordnet-japanese">
         <instance id="d000.s6265.t000" lemma="感傷的" pos="ADJ">感傷的</instance>
         <wf lemma="な" pos="X">な</wf>
         <wf lemma="ホームドラマ" pos="X">ホームドラマ</wf>
         <wf lemma="." pos="X">.</wf>
      </sentence>
      <sentence id="d000.s6266" source="wordnet-japanese">
         <wf lemma="数" pos="X">数</wf>
         <wf lemma="年間" pos="X">年間</wf>
         <wf lemma="経験" pos="X">経験</wf>
         <wf lemma="さ" pos="X">さ</wf>
         <wf lemma="れ" pos="X">れ</wf>
         <wf lemma="なかっ" pos="X">なかっ</wf>
         <wf lemma="た" pos="X">た</wf>
         <wf lemma="ような" pos="X">ような</wf>
         <instance id="d000.s6266.t000" lemma="砂嵐" pos="NOUN">砂嵐</instance>
         <wf lemma="であっ" pos="X">であっ</wf>
         <wf lemma="た" pos="X">た</wf>
         <wf lemma="." pos="X">.</wf>
      </sentence>
      <sentence id="d000.s6267" source="wordnet-japanese">
         <instance id="d000.s6267.t000" lemma="総合的" pos="ADJ">総合的</instance>
         <wf lemma="な" pos="X">な</wf>
         <wf lemma="記事" pos="X">記事</wf>
         <wf lemma="." pos="X">.</wf>
      </sentence>
      <sentence id="d000.s6268" source="wordnet-japanese">
         <wf lemma="国民的" pos="X">国民的</wf>
         <wf lemma="リーダー" pos="X">リーダー</wf>
         <wf lemma="は" pos="X">は</wf>
         <wf lemma="、" pos="X">、</wf>
         <wf lemma="政治的" pos="X">政治的</wf>
         <wf lemma="手腕" pos="X">手腕</wf>
         <wf lemma="の" pos="X">の</wf>
         <wf lemma="最高" pos="X">最高</wf>
         <wf lemma="の" pos="X">の</wf>
         <wf lemma="技術" pos="X">技術</wf>
         <wf lemma="を" pos="X">を</wf>
         <instance id="d000.s6268.t000" lemma="示す" pos="VERB">示さ</instance>
         <wf lemma="なけれ" pos="X">なけれ</wf>
         <wf lemma="なら" pos="X">なら</wf>
         <wf lemma="ない" pos="X">ない</wf>
         <wf lemma="だろ" pos="X">だろ</wf>
         <wf lemma="う" pos="X">う</wf>
         <wf lemma="." pos="X">.</wf>
      </sentence>
      <sentence id="d000.s6269" source="wordnet-japanese">
         <wf lemma="非常" pos="X">非常</wf>
         <wf lemma="に" pos="X">に</wf>
         <instance id="d000.s6269.t000" lemma="おかしい" pos="ADJ">おかしい</instance>
         <wf lemma="作家" pos="X">作家</wf>
         <wf lemma="." pos="X">.</wf>
      </sentence>
      <sentence id="d000.s6270" source="wordnet-japanese">
         <instance id="d000.s6270.t000" lemma="秘密" pos="ADJ">秘密</instance>
         <wf lemma="の" pos="X">の</wf>
         <wf lemma="花嫁" pos="X">花嫁</wf>
         <wf lemma="." pos="X">.</wf>
      </sentence>
      <sentence id="d000.s6271" source="wordnet-japanese">
         <instance id="d000.s6271.t000" lemma="機械的" pos="ADJ">機械的</instance>
         <wf lemma="な" pos="X">な</wf>
         <wf lemma="感謝" pos="X">感謝</wf>
         <wf lemma="の" pos="X">の</wf>
         <wf lemma="言葉" pos="X">言葉</wf>
         <wf lemma="." pos="X">.</wf>
      </sentence>
      <sentence id="d000.s6272" source="wordnet-japanese">
         <wf lemma="私たち" pos="X">私たち</wf>
         <wf lemma="は" pos="X">は</wf>
         <wf lemma="テント" pos="X">テント</wf>
         <wf lemma="の" pos="X">の</wf>
         <wf lemma="乾い" pos="X">乾い</wf>
         <wf lemma="た" pos="X">た</wf>
         <instance id="d000.s6272.t000" lemma="床" pos="NOUN">床</instance>
         <wf lemma="の" pos="X">の</wf>
         <wf lemma="上" pos="X">上</wf>
         <wf lemma="に" pos="X">に</wf>
         <wf lemma="寝袋" pos="X">寝袋</wf>
         <wf lemma="を" pos="X">を</wf>
         <wf lemma="広げる" pos="X">広げる</wf>
         <wf lemma="." pos="X">.</wf>
      </sentence>
      <sentence id="d000.s6273" source="wordnet-japanese">
         <wf lemma="犬" pos="X">犬</wf>
         <wf lemma="を" pos="X">を</wf>
         <instance id="d000.s6273.t000" lemma="走る" pos="VERB">走ら</instance>
         <wf lemma="せ" pos="X">せ</wf>
         <wf lemma="て" pos="X">て</wf>
         <wf lemma="ください" pos="X">ください</wf>
         <wf lemma="." pos="X">.</wf>
      </sentence>
      <sentence id="d000.s6274" source="wordnet-japanese">
         <wf lemma="彼" pos="X">彼</wf>
         <wf lemma="が" pos="X">が</wf>
         <wf lemma="明らか" pos="X">明らか</wf>
         <wf lemma="に" pos="X">に</wf>
         <wf lemma="す" pos="X">す</wf>
         <wf lemma="べき" pos="X">べき</wf>
         <wf lemma="こと" pos="X">こと</wf>
         <wf lemma="を" pos="X">を</wf>
         <instance id="d000.s6274.t000" lemma="回避" pos="NOUN">回避</instance>
         <wf lemma="し" pos="X">し</wf>
         <wf lemma="た" pos="X">た</wf>
         <wf lemma="の" pos="X">の</wf>
         <wf lemma="は" pos="X">は</wf>
         <wf lemma="、" pos="X">、</wf>
         <wf lemma="非難" pos="X">非難</wf>
         <wf lemma="さ" pos="X">さ</wf>
         <wf lemma="れる" pos="X">れる</wf>
         <wf lemma="べき" pos="X">べき</wf>
         <wf lemma="だ" pos="X">だ</wf>
         <wf lemma="." pos="X">.</wf>
      </sentence>
      <sentence id="d000.s6275" source="wordnet-japanese">
         <wf lemma="彼ら" pos="X">彼ら</wf>
         <wf lemma="は" pos="X">は</wf>
         <wf lemma="、" pos="X">、</wf>
         <wf lemma="同等" pos="X">同等</wf>
         <wf lemma="に" pos="X">に</wf>
         <instance id="d000.s6275.t000" lemma="近い" pos="ADJ">近い</instance>
         <wf lemma="." pos="X">.</wf>
      </sentence>
      <sentence id="d000.s6276" source="wordnet-japanese">
         <wf lemma="森" pos="X">森</wf>
         <wf lemma="の" pos="X">の</wf>
         <wf lemma="端" pos="X">端</wf>
         <wf lemma="で" pos="X">で</wf>
         <instance id="d000.s6276.t000" lemma="終わる" pos="VERB">終わっ</instance>
         <wf lemma="て" pos="X">て</wf>
         <wf lemma="いる" pos="X">いる</wf>
         <wf lemma="道" pos="X">道</wf>
         <wf lemma="." pos="X">.</wf>
      </sentence>
      <sentence id="d000.s6277" source="wordnet-japanese">
         <wf lemma="ハイウェイ" pos="X">ハイウェイ</wf>
         <wf lemma="に" pos="X">に</wf>
         <wf lemma="沿っ" pos="X">沿っ</wf>
         <wf lemma="て" pos="X">て</wf>
         <wf lemma="、" pos="X">、</wf>
         <instance id="d000.s6277.t000" lemma="看板" pos="NOUN">看板</instance>
         <wf lemma="が" pos="X">が</wf>
         <wf lemma="並ん" pos="X">並ん</wf>
         <wf lemma="で" pos="X">で</wf>
         <wf lemma="い" pos="X">い</wf>
         <wf lemma="た" pos="X">た</wf>
         <wf lemma="." pos="X">.</wf>
      </sentence>
      <sentence id="d000.s6278" source="wordnet-japanese">
         <instance id="d000.s6278.t000" lemma="深まる" pos="ADJ">深まる</instance>
         <wf lemma="暗がり" pos="X">暗がり</wf>
         <wf lemma="." pos="X">.</wf>
      </sentence>
      <sentence id="d000.s6279" source="wordnet-japanese">
         <wf lemma="サンプル" pos="X">サンプル</wf>
         <wf lemma="を" pos="X">を</wf>
         <wf lemma="分類" pos="X">分類</wf>
         <wf lemma="する" pos="X">する</wf>
         <wf lemma="無限" pos="X">無限</wf>
         <wf lemma="の" pos="X">の</wf>
         <instance id="d000.s6279.t000" lemma="タスク" pos="NOUN">タスク</instance>
         <wf lemma="." pos="X">.</wf>
      </sentence>
      <sentence id="d000.s6280" source="wordnet-japanese">
         <instance id="d000.s6280.t000" lemma="未発見" pos="ADJ">未発見</instance>
         <wf lemma="の" pos="X">の</wf>
         <wf lemma="島" pos="X">島</wf>
         <wf lemma="." pos="X">.</wf>
      </sentence>
      <sentence id="d000.s6281" source="wordnet-japanese">
         <wf lemma="米国" pos="X">米国</wf>
         <wf lemma="と" pos="X">と</wf>
         <instance id="d000.s6281.t000" lemma="カナダ" pos="NOUN">カナダ</instance>
         <wf lemma="の" pos="X">の</wf>
         <wf lemma="間" pos="X">間</wf>
         <wf lemma="の" pos="X">の</wf>
         <wf lemma="国境" pos="X">国境</wf>
         <wf lemma="は" pos="X">は</wf>
         <wf lemma="、" pos="X">、</wf>
         <wf lemma="世界" pos="X">世界</wf>
         <wf lemma="最長" pos="X">最長</wf>
         <wf lemma="の" pos="X">の</wf>
         <wf lemma="警備員" pos="X">警備員</wf>
         <wf lemma="の" pos="X">の</wf>
         <wf lemma="い" pos="X">い</wf>
         <wf lemma="ない" pos="X">ない</wf>
         <wf lemma="国境" pos="X">国境</wf>
         <wf lemma="である" pos="X">である</wf>
         <wf lemma="." pos="X">.</wf>
      </sentence>
      <sentence id="d000.s6282" source="wordnet-japanese">
         <wf lemma="彼ら" pos="X">彼ら</wf>
         <wf lemma="は" pos="X">は</wf>
         <wf lemma="間" pos="X">間</wf>
         <instance id="d000.s6282.t000" lemma="一髪" pos="NOUN">一髪</instance>
         <wf lemma="逃げ" pos="X">逃げ</wf>
         <wf lemma="お" pos="X">お</wf>
         <wf lemma="おせ" pos="X">おせ</wf>
         <wf lemma="た" pos="X">た</wf>
         <wf lemma="." pos="X">.</wf>
      </sentence>
      <sentence id="d000.s6283" source="wordnet-japanese">
         <wf lemma="笑い" pos="X">笑い</wf>
         <wf lemma="の" pos="X">の</wf>
         <wf lemma="激しい" pos="X">激しい</wf>
         <instance id="d000.s6283.t000" lemma="発作" pos="NOUN">発作</instance>
         <wf lemma="." pos="X">.</wf>
      </sentence>
      <sentence id="d000.s6284" source="wordnet-japanese">
         <wf lemma="その" pos="X">その</wf>
         <wf lemma="行為" pos="X">行為</wf>
         <wf lemma="を" pos="X">を</wf>
         <instance id="d000.s6284.t000" lemma="認める" pos="VERB">認める</instance>
         <wf lemma="." pos="X">.</wf>
      </sentence>
      <sentence id="d000.s6285" source="wordnet-japanese">
         <wf lemma="ジェット" pos="X">ジェット</wf>
         <wf lemma="推進" pos="X">推進</wf>
         <wf lemma="の" pos="X">の</wf>
         <instance id="d000.s6285.t000" lemma="原則" pos="NOUN">原則</instance>
         <wf lemma="." pos="X">.</wf>
      </sentence>
      <sentence id="d000.s6286" source="wordnet-japanese">
         <instance id="d000.s6286.t000" lemma="遡及的" pos="ADJ">遡及的</instance>
         <wf lemma="な" pos="X">な</wf>
         <wf lemma="支払い" pos="X">支払い</wf>
         <wf lemma="." pos="X">.</wf>
      </sentence>
      <sentence id="d000.s6287" source="wordnet-japanese">
         <wf lemma="ハラペニョ" pos="X">ハラペニョ</wf>
         <wf lemma="は" pos="X">は</wf>
         <wf lemma="、" pos="X">、</wf>
         <wf lemma="非常" pos="X">非常</wf>
         <wf lemma="に" pos="X">に</wf>
         <instance id="d000.s6287.t000" lemma="辛い" pos="ADJ">辛い.</instance>
      </sentence>
      <sentence id="d000.s6288" source="wordnet-japanese">
         <wf lemma="彼" pos="X">彼</wf>
         <wf lemma="は" pos="X">は</wf>
         <instance id="d000.s6288.t000" lemma="尊敬" pos="NOUN">尊敬</instance>
         <wf lemma="の" pos="X">の</wf>
         <wf lemma="念" pos="X">念</wf>
         <wf lemma="を" pos="X">を</wf>
         <wf lemma="抱か" pos="X">抱か</wf>
         <wf lemma="せる" pos="X">せる</wf>
         <wf lemma="." pos="X">.</wf>
      </sentence>
      <sentence id="d000.s6289" source="wordnet-japanese">
         <wf lemma="タイミング" pos="X">タイミング</wf>
         <wf lemma="と" pos="X">と</wf>
         <wf lemma="技法" pos="X">技法</wf>
         <wf lemma="は" pos="X">は</wf>
         <instance id="d000.s6289.t000" lemma="完璧" pos="ADJ">完璧</instance>
         <wf lemma="だっ" pos="X">だっ</wf>
         <wf lemma="た" pos="X">た</wf>
         <wf lemma="." pos="X">.</wf>
      </sentence>
      <sentence id="d000.s6290" source="wordnet-japanese">
         <wf lemma="興奮" pos="X">興奮</wf>
         <wf lemma="の" pos="X">の</wf>
         <instance id="d000.s6290.t000" lemma="ざわめき" pos="NOUN">ざわめき</instance>
         <wf lemma="が" pos="X">が</wf>
         <wf lemma="あまり" pos="X">あまり</wf>
         <wf lemma="に" pos="X">に</wf>
         <wf lemma="大きい" pos="X">大きい</wf>
         <wf lemma="ので" pos="X">ので</wf>
         <wf lemma="正式" pos="X">正式</wf>
         <wf lemma="の" pos="X">の</wf>
         <wf lemma="否定" pos="X">否定</wf>
         <wf lemma="文書" pos="X">文書</wf>
         <wf lemma="が" pos="X">が</wf>
         <wf lemma="出さ" pos="X">出さ</wf>
         <wf lemma="れ" pos="X">れ</wf>
         <wf lemma="た" pos="X">た</wf>
         <wf lemma="." pos="X">.</wf>
      </sentence>
      <sentence id="d000.s6291" source="wordnet-japanese">
         <instance id="d000.s6291.t000" lemma="短い" pos="ADJ">短い</instance>
         <wf lemma="スカート" pos="X">スカート</wf>
         <wf lemma="." pos="X">.</wf>
      </sentence>
      <sentence id="d000.s6292" source="wordnet-japanese">
         <wf lemma="彼女" pos="X">彼女</wf>
         <wf lemma="は" pos="X">は</wf>
         <instance id="d000.s6292.t000" lemma="答える" pos="VERB">答え</instance>
         <wf lemma="たく" pos="X">たく</wf>
         <wf lemma="なかっ" pos="X">なかっ</wf>
         <wf lemma="た" pos="X">た</wf>
         <wf lemma="." pos="X">.</wf>
      </sentence>
      <sentence id="d000.s6293" source="wordnet-japanese">
         <wf lemma="彼" pos="X">彼</wf>
         <wf lemma="は" pos="X">は</wf>
         <wf lemma="反対" pos="X">反対</wf>
         <wf lemma="意見" pos="X">意見</wf>
         <wf lemma="の" pos="X">の</wf>
         <wf lemma="中" pos="X">中</wf>
         <wf lemma="で" pos="X">で</wf>
         <instance id="d000.s6293.t000" lemma="異議" pos="NOUN">異議</instance>
         <wf lemma="を" pos="X">を</wf>
         <wf lemma="表明" pos="X">表明</wf>
         <wf lemma="し" pos="X">し</wf>
         <wf lemma="た" pos="X">た</wf>
         <wf lemma="." pos="X">.</wf>
      </sentence>
      <sentence id="d000.s6294" source="wordnet-japanese">
         <instance id="d000.s6294.t000" lemma="遅発性" pos="ADJ">遅発性</instance>
         <wf lemma="ジスキネジア" pos="X">ジスキネジア</wf>
         <wf lemma="." pos="X">.</wf>
      </sentence>
      <sentence id="d000.s6295" source="wordnet-japanese">
         <wf lemma="彼女" pos="X">彼女</wf>
         <wf lemma="の" pos="X">の</wf>
         <wf lemma="手紙" pos="X">手紙</wf>
         <wf lemma="は" pos="X">は</wf>
         <instance id="d000.s6295.t000" lemma="不規則" pos="ADV">不規則</instance>
         <wf lemma="に" pos="X">に</wf>
         <wf lemma="届い" pos="X">届い</wf>
         <wf lemma="た" pos="X">た</wf>
         <wf lemma="." pos="X">.</wf>
      </sentence>
      <sentence id="d000.s6296" source="wordnet-japanese">
         <instance id="d000.s6296.t000" lemma="資本主義的" pos="ADJ">資本主義的</instance>
         <wf lemma="な" pos="X">な</wf>
         <wf lemma="方法" pos="X">方法</wf>
         <wf lemma="と" pos="X">と</wf>
         <wf lemma="インセンティブ" pos="X">インセンティブ</wf>
         <wf lemma="." pos="X">.</wf>
      </sentence>
      <sentence id="d000.s6297" source="wordnet-japanese">
         <wf lemma="ここ" pos="X">ここ</wf>
         <wf lemma="に" pos="X">に</wf>
         <wf lemma="シール" pos="X">シール</wf>
         <wf lemma="を" pos="X">を</wf>
         <instance id="d000.s6297.t000" lemma="貼る" pos="VERB">貼っ</instance>
         <wf lemma="て" pos="X">て</wf>
         <wf lemma="ください" pos="X">ください</wf>
         <wf lemma="." pos="X">.</wf>
      </sentence>
      <sentence id="d000.s6298" source="wordnet-japanese">
         <wf lemma="神秘的" pos="X">神秘的</wf>
         <wf lemma="な" pos="X">な</wf>
         <instance id="d000.s6298.t000" lemma="雰囲気" pos="NOUN">雰囲気</instance>
         <wf lemma="." pos="X">.</wf>
      </sentence>
      <sentence id="d000.s6299" source="wordnet-japanese">
         <instance id="d000.s6299.t000" lemma="神経質" pos="ADJ">神経質</instance>
         <wf lemma="な" pos="X">な</wf>
         <wf lemma="サラブレッド" pos="X">サラブレッド</wf>
         <wf lemma="." pos="X">.</wf>
      </sentence>
      <sentence id="d000.s6300" source="wordnet-japanese">
         <wf lemma="その" pos="X">その</wf>
         <wf lemma="潔白" pos="X">潔白</wf>
         <wf lemma="な" pos="X">な</wf>
         <wf lemma="男性" pos="X">男性</wf>
         <wf lemma="は" pos="X">は</wf>
         <wf lemma="警察" pos="X">警察</wf>
         <wf lemma="によって" pos="X">によって</wf>
         <wf lemma="罪" pos="X">罪</wf>
         <wf lemma="に" pos="X">に</wf>
         <instance id="d000.s6300.t000" lemma="陥れる" pos="VERB">陥れ</instance>
         <wf lemma="られ" pos="X">られ</wf>
         <wf lemma="た" pos="X">た</wf>
         <wf lemma="." pos="X">.</wf>
      </sentence>
      <sentence id="d000.s6301" source="wordnet-japanese">
         <wf lemma="ボディービルダー" pos="X">ボディービルダー</wf>
         <wf lemma="の" pos="X">の</wf>
         <wf lemma="首" pos="X">首</wf>
         <wf lemma="の" pos="X">の</wf>
         <wf lemma="筋肉" pos="X">筋肉</wf>
         <wf lemma="は" pos="X">は</wf>
         <wf lemma="緊張" pos="X">緊張</wf>
         <wf lemma="し" pos="X">し</wf>
         <wf lemma="た" pos="X">た</wf>
         <wf lemma="；" pos="X">；</wf>
         <wf lemma="おもり" pos="X">おもり</wf>
         <wf lemma="が" pos="X">が</wf>
         <wf lemma="付け" pos="X">付け</wf>
         <wf lemma="られ" pos="X">られ</wf>
         <wf lemma="て" pos="X">て</wf>
         <wf lemma="ロープ" pos="X">ロープ</wf>
         <wf lemma="が" pos="X">が</wf>
         <wf lemma="ピン" pos="X">ピン</wf>
         <wf lemma="と" pos="X">と</wf>
         <instance id="d000.s6301.t000" lemma="張る" pos="VERB">張っ</instance>
         <wf lemma="た" pos="X">た</wf>
         <wf lemma="." pos="X">.</wf>
      </sentence>
      <sentence id="d000.s6302" source="wordnet-japanese">
         <wf lemma="私" pos="X">私</wf>
         <wf lemma="は" pos="X">は</wf>
         <wf lemma="先日" pos="X">先日</wf>
         <wf lemma="友人" pos="X">友人</wf>
         <wf lemma="の" pos="X">の</wf>
         <wf lemma="メアリ" pos="X">メアリ</wf>
         <wf lemma="に" pos="X">に</wf>
         <instance id="d000.s6302.t000" lemma="会う" pos="VERB">会い</instance>
         <wf lemma="に" pos="X">に</wf>
         <wf lemma="行っ" pos="X">行っ</wf>
         <wf lemma="た" pos="X">た</wf>
         <wf lemma="." pos="X">.</wf>
      </sentence>
      <sentence id="d000.s6303" source="wordnet-japanese">
         <wf lemma="その" pos="X">その</wf>
         <wf lemma="ワイヤ" pos="X">ワイヤ</wf>
         <wf lemma="は" pos="X">は</wf>
         <wf lemma="50" pos="X">50</wf>
         <wf lemma="フィート" pos="X">フィート</wf>
         <wf lemma="の" pos="X">の</wf>
         <instance id="d000.s6303.t000" lemma="長さ" pos="NOUN">長さ</instance>
         <wf lemma="が" pos="X">が</wf>
         <wf lemma="ある" pos="X">ある</wf>
         <wf lemma="." pos="X">.</wf>
      </sentence>
      <sentence id="d000.s6304" source="wordnet-japanese">
         <wf lemma="彼" pos="X">彼</wf>
         <wf lemma="は" pos="X">は</wf>
         <wf lemma="、" pos="X">、</wf>
         <wf lemma="誰" pos="X">誰</wf>
         <wf lemma="も" pos="X">も</wf>
         <wf lemma="理解" pos="X">理解</wf>
         <wf lemma="する" pos="X">する</wf>
         <wf lemma="こと" pos="X">こと</wf>
         <wf lemma="が" pos="X">が</wf>
         <wf lemma="でき" pos="X">でき</wf>
         <wf lemma="なかっ" pos="X">なかっ</wf>
         <wf lemma="た" pos="X">た</wf>
         <wf lemma="変" pos="X">変</wf>
         <wf lemma="な" pos="X">な</wf>
         <wf lemma="音" pos="X">音</wf>
         <wf lemma="を" pos="X">を</wf>
         <instance id="d000.s6304.t000" lemma="発する" pos="VERB">発し</instance>
         <wf lemma="た" pos="X">た</wf>
         <wf lemma="." pos="X">.</wf>
      </sentence>
      <sentence id="d000.s6305" source="wordnet-japanese">
         <wf lemma="彼女" pos="X">彼女</wf>
         <wf lemma="は" pos="X">は</wf>
         <instance id="d000.s6305.t000" lemma="涙" pos="NOUN">涙</instance>
         <wf lemma="に" pos="X">に</wf>
         <wf lemma="暮れ" pos="X">暮れ</wf>
         <wf lemma="て" pos="X">て</wf>
         <wf lemma="い" pos="X">い</wf>
         <wf lemma="た" pos="X">た</wf>
         <wf lemma="." pos="X">.</wf>
      </sentence>
      <sentence id="d000.s6306" source="wordnet-japanese">
         <instance id="d000.s6306.t000" lemma="虚弱" pos="ADJ">虚弱</instance>
         <wf lemma="な" pos="X">な</wf>
         <wf lemma="人間性" pos="X">人間性</wf>
         <wf lemma="." pos="X">.</wf>
      </sentence>
      <sentence id="d000.s6307" source="wordnet-japanese">
         <wf lemma="私" pos="X">私</wf>
         <wf lemma="は" pos="X">は</wf>
         <wf lemma="、" pos="X">、</wf>
         <wf lemma="すべて" pos="X">すべて</wf>
         <wf lemma="が" pos="X">が</wf>
         <wf lemma="よく" pos="X">よく</wf>
         <wf lemma="なる" pos="X">なる</wf>
         <wf lemma="こと" pos="X">こと</wf>
         <wf lemma="を" pos="X">を</wf>
         <wf lemma="まだ" pos="X">まだ</wf>
         <instance id="d000.s6307.t000" lemma="望む" pos="VERB">望ん</instance>
         <wf lemma="で" pos="X">で</wf>
         <wf lemma="いる" pos="X">いる</wf>
         <wf lemma="." pos="X">.</wf>
      </sentence>
      <sentence id="d000.s6308" source="wordnet-japanese">
         <instance id="d000.s6308.t000" lemma="学校" pos="NOUN">学校</instance>
         <wf lemma="の" pos="X">の</wf>
         <wf lemma="授業" pos="X">授業</wf>
         <wf lemma="が" pos="X">が</wf>
         <wf lemma="終わっ" pos="X">終わっ</wf>
         <wf lemma="たら" pos="X">たら</wf>
         <wf lemma="、" pos="X">、</wf>
         <wf lemma="私" pos="X">私</wf>
         <wf lemma="たち" pos="X">たち</wf>
         <wf lemma="は" pos="X">は</wf>
         <wf lemma="一緒" pos="X">一緒</wf>
         <wf lemma="に" pos="X">に</wf>
         <wf lemma="家" pos="X">家</wf>
         <wf lemma="まで" pos="X">まで</wf>
         <wf lemma="歩い" pos="X">歩い</wf>
         <wf lemma="て" pos="X">て</wf>
         <wf lemma="帰る" pos="X">帰る</wf>
         <wf lemma="だろ" pos="X">だろ</wf>
         <wf lemma="う" pos="X">う</wf>
         <wf lemma="." pos="X">.</wf>
      </sentence>
      <sentence id="d000.s6309" source="wordnet-japanese">
         <wf lemma="それぞれ" pos="X">それぞれ</wf>
         <wf lemma="の" pos="X">の</wf>
         <instance id="d000.s6309.t000" lemma="単位" pos="NOUN">単位</instance>
         <wf lemma="体積" pos="X">体積</wf>
         <wf lemma="に" pos="X">に</wf>
         <wf lemma="つき" pos="X">つき</wf>
         <wf lemma="変化" pos="X">変化</wf>
         <wf lemma="する" pos="X">する</wf>
         <wf lemma="." pos="X">.</wf>
      </sentence>
      <sentence id="d000.s6310" source="wordnet-japanese">
         <wf lemma="皆" pos="X">皆</wf>
         <wf lemma="既食" pos="X">既食</wf>
         <wf lemma="は" pos="X">は</wf>
         <instance id="d000.s6310.t000" lemma="まれ" pos="ADJ">まれ</instance>
         <wf lemma="なでき" pos="X">なでき</wf>
         <wf lemma="事" pos="X">事</wf>
         <wf lemma="である" pos="X">である</wf>
         <wf lemma="." pos="X">.</wf>
      </sentence>
      <sentence id="d000.s6311" source="wordnet-japanese">
         <instance id="d000.s6311.t000" lemma="不親切" pos="ADJ">不親切</instance>
         <wf lemma="な" pos="X">な</wf>
         <wf lemma="ancts" pos="X">ancts</wf>
         <wf lemma="." pos="X">.</wf>
      </sentence>
      <sentence id="d000.s6312" source="wordnet-japanese">
         <wf lemma="彼女" pos="X">彼女</wf>
         <wf lemma="の" pos="X">の</wf>
         <wf lemma="到来" pos="X">到来</wf>
         <wf lemma="で" pos="X">で</wf>
         <wf lemma="非常" pos="X">非常</wf>
         <wf lemma="に" pos="X">に</wf>
         <wf lemma="事態" pos="X">事態</wf>
         <wf lemma="が" pos="X">が</wf>
         <instance id="d000.s6312.t000" lemma="複雑" pos="NOUN">複雑</instance>
         <wf lemma="に" pos="X">に</wf>
         <wf lemma="なっ" pos="X">なっ</wf>
         <wf lemma="た" pos="X">た</wf>
         <wf lemma="." pos="X">.</wf>
      </sentence>
      <sentence id="d000.s6313" source="wordnet-japanese">
         <wf lemma="人々" pos="X">人々</wf>
         <wf lemma="は" pos="X">は</wf>
         <wf lemma="短時間" pos="X">短時間</wf>
         <wf lemma="の" pos="X">の</wf>
         <instance id="d000.s6313.t000" lemma="休息" pos="NOUN">休息</instance>
         <wf lemma="を" pos="X">を</wf>
         <wf lemma="取る" pos="X">取る</wf>
         <wf lemma="と" pos="X">と</wf>
         <wf lemma="、" pos="X">、</wf>
         <wf lemma="本当" pos="X">本当</wf>
         <wf lemma="により" pos="X">により</wf>
         <wf lemma="多く" pos="X">多く</wf>
         <wf lemma="を" pos="X">を</wf>
         <wf lemma="成し遂げる" pos="X">成し遂げる</wf>
         <wf lemma="." pos="X">.</wf>
      </sentence>
      <sentence id="d000.s6314" source="wordnet-japanese">
         <wf lemma="彼ら" pos="X">彼ら</wf>
         <wf lemma="は" pos="X">は</wf>
         <wf lemma="楡の" pos="X">楡の</wf>
         <instance id="d000.s6314.t000" lemma="広場" pos="NOUN">広場</instance>
         <wf lemma="で" pos="X">で</wf>
         <wf lemma="会っ" pos="X">会っ</wf>
         <wf lemma="た" pos="X">た</wf>
         <wf lemma="." pos="X">.</wf>
      </sentence>
      <sentence id="d000.s6315" source="wordnet-japanese">
         <wf lemma="ヒーロー" pos="X">ヒーロー</wf>
         <wf lemma="の" pos="X">の</wf>
         <instance id="d000.s6315.t000" lemma="素質" pos="NOUN">素質</instance>
         <wf lemma="." pos="X">.</wf>
      </sentence>
      <sentence id="d000.s6316" source="wordnet-japanese">
         <wf lemma="敵地" pos="X">敵地</wf>
         <wf lemma="の" pos="X">の</wf>
         <wf lemma="内外" pos="X">内外</wf>
         <wf lemma="へ" pos="X">へ</wf>
         <wf lemma="安全" pos="X">安全</wf>
         <wf lemma="に" pos="X">に</wf>
         <wf lemma="彼ら" pos="X">彼ら</wf>
         <wf lemma="を" pos="X">を</wf>
         <wf lemma="導く" pos="X">導く</wf>
         <wf lemma="こと" pos="X">こと</wf>
         <wf lemma="によって" pos="X">によって</wf>
         <instance id="d000.s6316.t000" lemma="勇敢" pos="ADJ">勇敢</instance>
         <wf lemma="な" pos="X">な</wf>
         <wf lemma="例" pos="X">例</wf>
         <wf lemma="を" pos="X">を</wf>
         <wf lemma="示し" pos="X">示し</wf>
         <wf lemma="て" pos="X">て</wf>
         <wf lemma="下さい" pos="X">下さい</wf>
         <wf lemma="." pos="X">.</wf>
      </sentence>
      <sentence id="d000.s6317" source="wordnet-japanese">
         <wf lemma="ひどい" pos="X">ひどい</wf>
         <instance id="d000.s6317.t000" lemma="骨折" pos="NOUN">骨折</instance>
         <wf lemma="だっ" pos="X">だっ</wf>
         <wf lemma="た" pos="X">た</wf>
         <wf lemma="." pos="X">.</wf>
      </sentence>
      <sentence id="d000.s6318" source="wordnet-japanese">
         <instance id="d000.s6318.t000" lemma="子供" pos="NOUN">子供</instance>
         <wf lemma="み" pos="X">み</wf>
         <wf lemma="たいなまね" pos="X">たいなまね</wf>
         <wf lemma="は" pos="X">は</wf>
         <wf lemma="やめろ！" pos="X">やめろ！</wf>
         <wf lemma="." pos="X">.</wf>
      </sentence>
      <sentence id="d000.s6319" source="wordnet-japanese">
         <wf lemma="彼" pos="X">彼</wf>
         <wf lemma="は" pos="X">は</wf>
         <wf lemma="古い" pos="X">古い</wf>
         <wf lemma="かみ" pos="X">かみ</wf>
         <wf lemma="そり" pos="X">そり</wf>
         <wf lemma="の" pos="X">の</wf>
         <wf lemma="刃" pos="X">刃</wf>
         <wf lemma="を" pos="X">を</wf>
         <instance id="d000.s6319.t000" lemma="取り替える" pos="VERB">取り替え</instance>
         <wf lemma="た" pos="X">た</wf>
         <wf lemma="." pos="X">.</wf>
      </sentence>
      <sentence id="d000.s6320" source="wordnet-japanese">
         <wf lemma="ラケット" pos="X">ラケット</wf>
         <wf lemma="や" pos="X">や</wf>
         <wf lemma="ボール" pos="X">ボール</wf>
         <wf lemma="や" pos="X">や</wf>
         <wf lemma="ほか" pos="X">ほか</wf>
         <wf lemma="の" pos="X">の</wf>
         <instance id="d000.s6320.t000" lemma="物" pos="NOUN">物</instance>
         <wf lemma="で" pos="X">で</wf>
         <wf lemma="いっぱい" pos="X">いっぱい</wf>
         <wf lemma="だっ" pos="X">だっ</wf>
         <wf lemma="た" pos="X">た</wf>
         <wf lemma="." pos="X">.</wf>
      </sentence>
      <sentence id="d000.s6321" source="wordnet-japanese">
         <wf lemma="羊" pos="X">羊</wf>
         <wf lemma="の" pos="X">の</wf>
         <wf lemma="毛" pos="X">毛</wf>
         <wf lemma="を" pos="X">を</wf>
         <instance id="d000.s6321.t000" lemma="刈る" pos="VERB">刈る</instance>
         <wf lemma="." pos="X">.</wf>
      </sentence>
      <sentence id="d000.s6322" source="wordnet-japanese">
         <wf lemma="違い" pos="X">違い</wf>
         <wf lemma="は" pos="X">は</wf>
         <instance id="d000.s6322.t000" lemma="深い" pos="ADJ">深い</instance>
         <wf lemma="." pos="X">.</wf>
      </sentence>
      <sentence id="d000.s6323" source="wordnet-japanese">
         <wf lemma="12" pos="X">12</wf>
         <wf lemma="時間" pos="X">時間</wf>
         <wf lemma="後" pos="X">後</wf>
         <wf lemma="に" pos="X">に</wf>
         <instance id="d000.s6323.t000" lemma="疲労" pos="NOUN">疲労</instance>
         <wf lemma="が" pos="X">が</wf>
         <wf lemma="彼女" pos="X">彼女</wf>
         <wf lemma="を" pos="X">を</wf>
         <wf lemma="打ち負か" pos="X">打ち負か</wf>
         <wf lemma="し" pos="X">し</wf>
         <wf lemma="、" pos="X">、</wf>
         <wf lemma="彼女" pos="X">彼女</wf>
         <wf lemma="は" pos="X">は</wf>
         <wf lemma="眠り" pos="X">眠り</wf>
         <wf lemma="に" pos="X">に</wf>
         <wf lemma="落ち" pos="X">落ち</wf>
         <wf lemma="た" pos="X">た</wf>
         <wf lemma="." pos="X">.</wf>
      </sentence>
      <sentence id="d000.s6324" source="wordnet-japanese">
         <wf lemma="彼" pos="X">彼</wf>
         <wf lemma="の" pos="X">の</wf>
         <instance id="d000.s6324.t000" lemma="様々" pos="ADJ">様々</instance>
         <wf lemma="な" pos="X">な</wf>
         <wf lemma="実績" pos="X">実績</wf>
         <wf lemma="は" pos="X">は</wf>
         <wf lemma="印象的" pos="X">印象的</wf>
         <wf lemma="で" pos="X">で</wf>
         <wf lemma="ある" pos="X">ある</wf>
         <wf lemma="." pos="X">.</wf>
      </sentence>
      <sentence id="d000.s6325" source="wordnet-japanese">
         <wf lemma="彼" pos="X">彼</wf>
         <wf lemma="が" pos="X">が</wf>
         <wf lemma="やり" pos="X">やり</wf>
         <wf lemma="残し" pos="X">残し</wf>
         <wf lemma="た" pos="X">た</wf>
         <wf lemma="の" pos="X">の</wf>
         <wf lemma="は" pos="X">は</wf>
         <wf lemma="州都" pos="X">州都</wf>
         <wf lemma="の" pos="X">の</wf>
         <instance id="d000.s6325.t000" lemma="命名" pos="NOUN">命名</instance>
         <wf lemma="だっ" pos="X">だっ</wf>
         <wf lemma="た" pos="X">た</wf>
         <wf lemma="." pos="X">.</wf>
      </sentence>
      <sentence id="d000.s6326" source="wordnet-japanese">
         <instance id="d000.s6326.t000" lemma="比喩的" pos="ADJ">比喩的</instance>
         <wf lemma="な" pos="X">な</wf>
         <wf lemma="言葉" pos="X">言葉</wf>
         <wf lemma="." pos="X">.</wf>
      </sentence>
      <sentence id="d000.s6327" source="wordnet-japanese">
         <wf lemma="彼" pos="X">彼</wf>
         <wf lemma="の" pos="X">の</wf>
         <wf lemma="主" pos="X">主</wf>
         <wf lemma="な" pos="X">な</wf>
         <instance id="d000.s6327.t000" lemma="気晴らし" pos="NOUN">気晴らし</instance>
         <wf lemma="は" pos="X">は</wf>
         <wf lemma="ギャンブル" pos="X">ギャンブル</wf>
         <wf lemma="だ" pos="X">だ</wf>
         <wf lemma="." pos="X">.</wf>
      </sentence>
      <sentence id="d000.s6328" source="wordnet-japanese">
         <wf lemma="彼" pos="X">彼</wf>
         <wf lemma="は" pos="X">は</wf>
         <wf lemma="銀行" pos="X">銀行</wf>
         <instance id="d000.s6328.t000" lemma="口座" pos="NOUN">口座</instance>
         <wf lemma="を" pos="X">を</wf>
         <wf lemma="新しい" pos="X">新しい</wf>
         <wf lemma="銀行" pos="X">銀行</wf>
         <wf lemma="に" pos="X">に</wf>
         <wf lemma="移し" pos="X">移し</wf>
         <wf lemma="た" pos="X">た</wf>
         <wf lemma="." pos="X">.</wf>
      </sentence>
      <sentence id="d000.s6329" source="wordnet-japanese">
         <wf lemma="子供" pos="X">子供</wf>
         <wf lemma="たち" pos="X">たち</wf>
         <wf lemma="を" pos="X">を</wf>
         <instance id="d000.s6329.t000" lemma="育てる" pos="VERB">育てる</instance>
         <wf lemma="." pos="X">.</wf>
      </sentence>
      <sentence id="d000.s6330" source="wordnet-japanese">
         <wf lemma="太陽" pos="X">太陽</wf>
         <wf lemma="は" pos="X">は</wf>
         <instance id="d000.s6330.t000" lemma="明るい" pos="ADJ">明るく</instance>
         <wf lemma="、" pos="X">、</wf>
         <wf lemma="熱かっ" pos="X">熱かっ</wf>
         <wf lemma="た" pos="X">た</wf>
         <wf lemma="." pos="X">.</wf>
      </sentence>
      <sentence id="d000.s6331" source="wordnet-japanese">
         <wf lemma="私" pos="X">私</wf>
         <wf lemma="は" pos="X">は</wf>
         <wf lemma="あなた" pos="X">あなた</wf>
         <wf lemma="の" pos="X">の</wf>
         <instance id="d000.s6331.t000" lemma="見解" pos="NOUN">見解</instance>
         <wf lemma="と" pos="X">と</wf>
         <wf lemma="は" pos="X">は</wf>
         <wf lemma="異なる" pos="X">異なる</wf>
         <wf lemma="." pos="X">.</wf>
      </sentence>
      <sentence id="d000.s6332" source="wordnet-japanese">
         <instance id="d000.s6332.t000" lemma="低俗" pos="ADJ">低俗</instance>
         <wf lemma="な" pos="X">な</wf>
         <wf lemma="趣味" pos="X">趣味</wf>
         <wf lemma="." pos="X">.</wf>
      </sentence>
      <sentence id="d000.s6333" source="wordnet-japanese">
         <wf lemma="共稼ぎ" pos="X">共稼ぎ</wf>
         <wf lemma="世帯" pos="X">世帯</wf>
         <wf lemma="は" pos="X">は</wf>
         <wf lemma="、" pos="X">、</wf>
         <wf lemma="もはや" pos="X">もはや</wf>
         <instance id="d000.s6333.t000" lemma="珍しい" pos="ADJ">珍しく</instance>
         <wf lemma="ない" pos="X">ない</wf>
         <wf lemma="." pos="X">.</wf>
      </sentence>
      <sentence id="d000.s6334" source="wordnet-japanese">
         <wf lemma="彼女" pos="X">彼女</wf>
         <wf lemma="を" pos="X">を</wf>
         <wf lemma="信頼" pos="X">信頼</wf>
         <wf lemma="する" pos="X">する</wf>
         <instance id="d000.s6334.t000" lemma="特別" pos="ADJ">特別</instance>
         <wf lemma="な" pos="X">な</wf>
         <wf lemma="理由" pos="X">理由</wf>
         <wf lemma="." pos="X">.</wf>
      </sentence>
      <sentence id="d000.s6335" source="wordnet-japanese">
         <instance id="d000.s6335.t000" lemma="重い" pos="ADJ">重い</instance>
         <wf lemma="グレード" pos="X">グレード</wf>
         <wf lemma="." pos="X">.</wf>
      </sentence>
      <sentence id="d000.s6336" source="wordnet-japanese">
         <wf lemma="太っ" pos="X">太っ</wf>
         <wf lemma="た" pos="X">た</wf>
         <instance id="d000.s6336.t000" lemma="不格好" pos="ADJ">不格好</instance>
         <wf lemma="な" pos="X">な</wf>
         <wf lemma="女性" pos="X">女性</wf>
         <wf lemma="." pos="X">.</wf>
      </sentence>
      <sentence id="d000.s6337" source="wordnet-japanese">
         <instance id="d000.s6337.t000" lemma="忍びやか" pos="ADJ">忍びやか</instance>
         <wf lemma="な" pos="X">な</wf>
         <wf lemma="足取り" pos="X">足取り</wf>
         <wf lemma="." pos="X">.</wf>
      </sentence>
      <sentence id="d000.s6338" source="wordnet-japanese">
         <wf lemma="古参教授" pos="X">古参教授</wf>
         <wf lemma="の" pos="X">の</wf>
         <wf lemma="奥" pos="X">奥</wf>
         <wf lemma="さん" pos="X">さん</wf>
         <wf lemma="たち" pos="X">たち</wf>
         <wf lemma="は" pos="X">は</wf>
         <wf lemma="、" pos="X">、</wf>
         <wf lemma="もう" pos="X">もう</wf>
         <wf lemma="新来者" pos="X">新来者</wf>
         <wf lemma="へ" pos="X">へ</wf>
         <wf lemma="の" pos="X">の</wf>
         <wf lemma="午後" pos="X">午後</wf>
         <wf lemma="の" pos="X">の</wf>
         <instance id="d000.s6338.t000" lemma="訪問" pos="NOUN">訪問</instance>
         <wf lemma="に" pos="X">に</wf>
         <wf lemma="は" pos="X">は</wf>
         <wf lemma="行っ" pos="X">行っ</wf>
         <wf lemma="て" pos="X">て</wf>
         <wf lemma="い" pos="X">い</wf>
         <wf lemma="ない" pos="X">ない</wf>
         <wf lemma="." pos="X">.</wf>
      </sentence>
      <sentence id="d000.s6339" source="wordnet-japanese">
         <instance id="d000.s6339.t000" lemma="率直" pos="ADJ">率直</instance>
         <wf lemma="な" pos="X">な</wf>
         <wf lemma="話" pos="X">話</wf>
         <wf lemma="." pos="X">.</wf>
      </sentence>
      <sentence id="d000.s6340" source="wordnet-japanese">
         <wf lemma="彼" pos="X">彼</wf>
         <wf lemma="は" pos="X">は</wf>
         <instance id="d000.s6340.t000" lemma="残り" pos="NOUN">残り</instance>
         <wf lemma="を" pos="X">を</wf>
         <wf lemma="捨て" pos="X">捨て</wf>
         <wf lemma="た" pos="X">た</wf>
         <wf lemma="." pos="X">.</wf>
      </sentence>
      <sentence id="d000.s6341" source="wordnet-japanese">
         <instance id="d000.s6341.t000" lemma="重要" pos="ADJ">重要</instance>
         <wf lemma="な" pos="X">な</wf>
         <wf lemma="医薬品" pos="X">医薬品</wf>
         <wf lemma="." pos="X">.</wf>
      </sentence>
      <sentence id="d000.s6342" source="wordnet-japanese">
         <instance id="d000.s6342.t000" lemma="マスタバ" pos="NOUN">マスタバ</instance>
         <wf lemma="から" pos="X">から</wf>
         <wf lemma="発展" pos="X">発展</wf>
         <wf lemma="し" pos="X">し</wf>
         <wf lemma="た" pos="X">た</wf>
         <wf lemma="エジプト" pos="X">エジプト</wf>
         <wf lemma="の" pos="X">の</wf>
         <wf lemma="ピラミッド" pos="X">ピラミッド</wf>
         <wf lemma="." pos="X">.</wf>
      </sentence>
      <sentence id="d000.s6343" source="wordnet-japanese">
         <wf lemma="彼" pos="X">彼</wf>
         <wf lemma="は" pos="X">は</wf>
         <wf lemma="、" pos="X">、</wf>
         <wf lemma="短い" pos="X">短い</wf>
         <wf lemma="メモ" pos="X">メモ</wf>
         <wf lemma="で" pos="X">で</wf>
         <wf lemma="彼" pos="X">彼</wf>
         <wf lemma="の" pos="X">の</wf>
         <instance id="d000.s6343.t000" lemma="感謝" pos="NOUN">感謝</instance>
         <wf lemma="を" pos="X">を</wf>
         <wf lemma="表明" pos="X">表明</wf>
         <wf lemma="し" pos="X">し</wf>
         <wf lemma="た" pos="X">た</wf>
         <wf lemma="." pos="X">.</wf>
      </sentence>
      <sentence id="d000.s6344" source="wordnet-japanese">
         <wf lemma="彼" pos="X">彼</wf>
         <wf lemma="は" pos="X">は</wf>
         <instance id="d000.s6344.t000" lemma="理論的" pos="ADV">理論的</instance>
         <wf lemma="に" pos="X">に</wf>
         <wf lemma="問題" pos="X">問題</wf>
         <wf lemma="を" pos="X">を</wf>
         <wf lemma="解決" pos="X">解決</wf>
         <wf lemma="し" pos="X">し</wf>
         <wf lemma="た" pos="X">た</wf>
         <wf lemma="." pos="X">.</wf>
      </sentence>
      <sentence id="d000.s6345" source="wordnet-japanese">
         <instance id="d000.s6345.t000" lemma="主観的" pos="ADJ">主観的</instance>
         <wf lemma="な" pos="X">な</wf>
         <wf lemma="判断" pos="X">判断</wf>
         <wf lemma="." pos="X">.</wf>
      </sentence>
      <sentence id="d000.s6346" source="wordnet-japanese">
         <wf lemma="彼" pos="X">彼</wf>
         <wf lemma="は" pos="X">は</wf>
         <wf lemma="その" pos="X">その</wf>
         <wf lemma="問題" pos="X">問題</wf>
         <wf lemma="に" pos="X">に</wf>
         <wf lemma="統計" pos="X">統計</wf>
         <wf lemma="を" pos="X">を</wf>
         <instance id="d000.s6346.t000" lemma="応用" pos="NOUN">応用</instance>
         <wf lemma="する" pos="X">する</wf>
         <wf lemma="よう" pos="X">よう</wf>
         <wf lemma="主張" pos="X">主張</wf>
         <wf lemma="し" pos="X">し</wf>
         <wf lemma="た" pos="X">た</wf>
         <wf lemma="." pos="X">.</wf>
      </sentence>
      <sentence id="d000.s6347" source="wordnet-japanese">
         <wf lemma="彼" pos="X">彼</wf>
         <wf lemma="は" pos="X">は</wf>
         <wf lemma="、" pos="X">、</wf>
         <wf lemma="朝" pos="X">朝</wf>
         <wf lemma="早く" pos="X">早く</wf>
         <instance id="d000.s6347.t000" lemma="始める" pos="VERB">始め</instance>
         <wf lemma="た" pos="X">た</wf>
         <wf lemma="." pos="X">.</wf>
      </sentence>
      <sentence id="d000.s6348" source="wordnet-japanese">
         <wf lemma="この" pos="X">この</wf>
         <wf lemma="セクション" pos="X">セクション</wf>
         <wf lemma="・" pos="X">・</wf>
         <instance id="d000.s6348.t000" lemma="アレグロ" pos="ADV">アレグロ</instance>
         <wf lemma="の" pos="X">の</wf>
         <wf lemma="楽章" pos="X">楽章</wf>
         <wf lemma="を" pos="X">を</wf>
         <wf lemma="演奏" pos="X">演奏</wf>
         <wf lemma="する" pos="X">する</wf>
         <wf lemma="." pos="X">.</wf>
      </sentence>
      <sentence id="d000.s6349" source="wordnet-japanese">
         <wf lemma="渦巻岬" pos="X">渦巻岬</wf>
         <wf lemma="で" pos="X">で</wf>
         <wf lemma="の" pos="X">の</wf>
         <instance id="d000.s6349.t000" lemma="劇的" pos="ADJ">劇的</instance>
         <wf lemma="な" pos="X">な</wf>
         <wf lemma="登場" pos="X">登場</wf>
         <wf lemma="." pos="X">.</wf>
      </sentence>
      <sentence id="d000.s6350" source="wordnet-japanese">
         <wf lemma="喜劇" pos="X">喜劇</wf>
         <wf lemma="は" pos="X">は</wf>
         <instance id="d000.s6350.t000" lemma="楽しい" pos="ADJ">楽しかっ</instance>
         <wf lemma="た" pos="X">た</wf>
         <wf lemma="." pos="X">.</wf>
      </sentence>
      <sentence id="d000.s6351" source="wordnet-japanese">
         <wf lemma="彼" pos="X">彼</wf>
         <wf lemma="は" pos="X">は</wf>
         <wf lemma="、" pos="X">、</wf>
         <wf lemma="本" pos="X">本</wf>
         <wf lemma="を" pos="X">を</wf>
         <wf lemma="手" pos="X">手</wf>
         <wf lemma="に" pos="X">に</wf>
         <instance id="d000.s6351.t000" lemma="取る" pos="VERB">取っ</instance>
         <wf lemma="て" pos="X">て</wf>
         <wf lemma="、" pos="X">、</wf>
         <wf lemma="読み" pos="X">読み</wf>
         <wf lemma="始め" pos="X">始め</wf>
         <wf lemma="た" pos="X">た</wf>
         <wf lemma="." pos="X">.</wf>
      </sentence>
      <sentence id="d000.s6352" source="wordnet-japanese">
         <wf lemma="教師" pos="X">教師</wf>
         <wf lemma="は" pos="X">は</wf>
         <wf lemma="自分" pos="X">自分</wf>
         <wf lemma="の" pos="X">の</wf>
         <instance id="d000.s6352.t000" lemma="科目" pos="NOUN">科目</instance>
         <wf lemma="について" pos="X">について</wf>
         <wf lemma="十分" pos="X">十分</wf>
         <wf lemma="に" pos="X">に</wf>
         <wf lemma="訓練" pos="X">訓練</wf>
         <wf lemma="を" pos="X">を</wf>
         <wf lemma="受ける" pos="X">受ける</wf>
         <wf lemma="べき" pos="X">べき</wf>
         <wf lemma="である" pos="X">である</wf>
         <wf lemma="." pos="X">.</wf>
      </sentence>
      <sentence id="d000.s6353" source="wordnet-japanese">
         <wf lemma="その" pos="X">その</wf>
         <wf lemma="建築家" pos="X">建築家</wf>
         <wf lemma="は" pos="X">は</wf>
         <wf lemma="その" pos="X">その</wf>
         <wf lemma="建物" pos="X">建物</wf>
         <wf lemma="の" pos="X">の</wf>
         <wf lemma="前" pos="X">前</wf>
         <wf lemma="に" pos="X">に</wf>
         <instance id="d000.s6353.t000" lemma="スペース" pos="NOUN">スペース</instance>
         <wf lemma="を" pos="X">を</wf>
         <wf lemma="残し" pos="X">残し</wf>
         <wf lemma="た" pos="X">た</wf>
         <wf lemma="." pos="X">.</wf>
      </sentence>
      <sentence id="d000.s6354" source="wordnet-japanese">
         <wf lemma="外交官" pos="X">外交官</wf>
         <wf lemma="の" pos="X">の</wf>
         <wf lemma="最初" pos="X">最初</wf>
         <wf lemma="の" pos="X">の</wf>
         <wf lemma="課題" pos="X">課題</wf>
         <wf lemma="は" pos="X">は</wf>
         <wf lemma="、" pos="X">、</wf>
         <wf lemma="国際" pos="X">国際</wf>
         <instance id="d000.s6354.t000" lemma="緊張" pos="NOUN">緊張</instance>
         <wf lemma="を" pos="X">を</wf>
         <wf lemma="和らげる" pos="X">和らげる</wf>
         <wf lemma="こと" pos="X">こと</wf>
         <wf lemma="であっ" pos="X">であっ</wf>
         <wf lemma="た" pos="X">た</wf>
         <wf lemma="." pos="X">.</wf>
      </sentence>
      <sentence id="d000.s6355" source="wordnet-japanese">
         <wf lemma="体" pos="X">体</wf>
         <wf lemma="に" pos="X">に</wf>
         <instance id="d000.s6355.t000" lemma="電解質" pos="NOUN">電解質</instance>
         <wf lemma="を" pos="X">を</wf>
         <wf lemma="適量" pos="X">適量</wf>
         <wf lemma="供給" pos="X">供給</wf>
         <wf lemma="する" pos="X">する</wf>
         <wf lemma="の" pos="X">の</wf>
         <wf lemma="は" pos="X">は</wf>
         <wf lemma="健康" pos="X">健康</wf>
         <wf lemma="において" pos="X">において</wf>
         <wf lemma="不可欠" pos="X">不可欠</wf>
         <wf lemma="である" pos="X">である</wf>
         <wf lemma="." pos="X">.</wf>
      </sentence>
      <sentence id="d000.s6356" source="wordnet-japanese">
         <wf lemma="腫瘍" pos="X">腫瘍</wf>
         <wf lemma="の" pos="X">の</wf>
         <wf lemma="周囲" pos="X">周囲</wf>
         <wf lemma="の" pos="X">の</wf>
         <wf lemma="臓器" pos="X">臓器</wf>
         <wf lemma="へ" pos="X">へ</wf>
         <wf lemma="の" pos="X">の</wf>
         <instance id="d000.s6356.t000" lemma="侵入" pos="NOUN">侵入</instance>
         <wf lemma="." pos="X">.</wf>
      </sentence>
      <sentence id="d000.s6357" source="wordnet-japanese">
         <wf lemma="この" pos="X">この</wf>
         <wf lemma="議論" pos="X">議論</wf>
         <wf lemma="で" pos="X">で</wf>
         <wf lemma="わずか" pos="X">わずか</wf>
         <wf lemma="に" pos="X">に</wf>
         <wf lemma="言い" pos="X">言い</wf>
         <wf lemma="争い" pos="X">争い</wf>
         <wf lemma="が" pos="X">が</wf>
         <instance id="d000.s6357.t000" lemma="生じる" pos="VERB">生じ</instance>
         <wf lemma="た" pos="X">た</wf>
         <wf lemma="." pos="X">.</wf>
      </sentence>
      <sentence id="d000.s6358" source="wordnet-japanese">
         <instance id="d000.s6358.t000" lemma="致命的" pos="ADJ">致命的</instance>
         <wf lemma="な" pos="X">な</wf>
         <wf lemma="間違い" pos="X">間違い</wf>
         <wf lemma="." pos="X">.</wf>
      </sentence>
      <sentence id="d000.s6359" source="wordnet-japanese">
         <wf lemma="私" pos="X">私</wf>
         <wf lemma="たち" pos="X">たち</wf>
         <wf lemma="は" pos="X">は</wf>
         <instance id="d000.s6359.t000" lemma="浜に" pos="ADV">浜に</instance>
         <wf lemma="彼ら" pos="X">彼ら</wf>
         <wf lemma="を" pos="X">を</wf>
         <wf lemma="招待" pos="X">招待</wf>
         <wf lemma="し" pos="X">し</wf>
         <wf lemma="た" pos="X">た</wf>
         <wf lemma="." pos="X">.</wf>
      </sentence>
      <sentence id="d000.s6360" source="wordnet-japanese">
         <wf lemma="オーデン" pos="X">オーデン</wf>
         <wf lemma="は" pos="X">は</wf>
         <wf lemma="詩" pos="X">詩</wf>
         <wf lemma="を" pos="X">を</wf>
         <instance id="d000.s6360.t000" lemma="作る" pos="VERB">作っ</instance>
         <wf lemma="た" pos="X">た</wf>
         <wf lemma="." pos="X">.</wf>
      </sentence>
      <sentence id="d000.s6361" source="wordnet-japanese">
         <wf lemma="彼" pos="X">彼</wf>
         <wf lemma="は" pos="X">は</wf>
         <instance id="d000.s6361.t000" lemma="耳" pos="NOUN">耳</instance>
         <wf lemma="が" pos="X">が</wf>
         <wf lemma="鋭かっ" pos="X">鋭かっ</wf>
         <wf lemma="た" pos="X">た</wf>
         <wf lemma="." pos="X">.</wf>
      </sentence>
      <sentence id="d000.s6362" source="wordnet-japanese">
         <wf lemma="彼" pos="X">彼</wf>
         <wf lemma="は" pos="X">は</wf>
         <instance id="d000.s6362.t000" lemma="親類" pos="NOUN">親類</instance>
         <wf lemma="である" pos="X">である</wf>
         <wf lemma="." pos="X">.</wf>
      </sentence>
      <sentence id="d000.s6363" source="wordnet-japanese">
         <wf lemma="彼ら" pos="X">彼ら</wf>
         <wf lemma="は" pos="X">は</wf>
         <wf lemma="、" pos="X">、</wf>
         <wf lemma="自動車" pos="X">自動車</wf>
         <wf lemma="を" pos="X">を</wf>
         <wf lemma="製造" pos="X">製造</wf>
         <wf lemma="する" pos="X">する</wf>
         <wf lemma="ため" pos="X">ため</wf>
         <wf lemma="に" pos="X">に</wf>
         <wf lemma="、" pos="X">、</wf>
         <wf lemma="大きな" pos="X">大きな</wf>
         <instance id="d000.s6363.t000" lemma="工場" pos="NOUN">工場</instance>
         <wf lemma="を" pos="X">を</wf>
         <wf lemma="建設" pos="X">建設</wf>
         <wf lemma="し" pos="X">し</wf>
         <wf lemma="た" pos="X">た</wf>
         <wf lemma="." pos="X">.</wf>
      </sentence>
      <sentence id="d000.s6364" source="wordnet-japanese">
         <wf lemma="彼" pos="X">彼</wf>
         <wf lemma="は" pos="X">は</wf>
         <instance id="d000.s6364.t000" lemma="残忍" pos="ADJ">残忍</instance>
         <wf lemma="な" pos="X">な</wf>
         <wf lemma="正直" pos="X">正直</wf>
         <wf lemma="さ" pos="X">さ</wf>
         <wf lemma="を" pos="X">を</wf>
         <wf lemma="持っ" pos="X">持っ</wf>
         <wf lemma="て" pos="X">て</wf>
         <wf lemma="話し" pos="X">話し</wf>
         <wf lemma="た" pos="X">た</wf>
         <wf lemma="." pos="X">.</wf>
      </sentence>
      <sentence id="d000.s6365" source="wordnet-japanese">
         <instance id="d000.s6365.t000" lemma="静か" pos="ADJ">静か</instance>
         <wf lemma="な" pos="X">な</wf>
         <wf lemma="観客" pos="X">観客</wf>
         <wf lemma="の" pos="X">の</wf>
         <wf lemma="群れ" pos="X">群れ</wf>
         <wf lemma="." pos="X">.</wf>
      </sentence>
      <sentence id="d000.s6366" source="wordnet-japanese">
         <wf lemma="彼" pos="X">彼</wf>
         <wf lemma="の" pos="X">の</wf>
         <instance id="d000.s6366.t000" lemma="アドリブ" pos="NOUN">アドリブ</instance>
         <wf lemma="は" pos="X">は</wf>
         <wf lemma="、" pos="X">、</wf>
         <wf lemma="彼" pos="X">彼</wf>
         <wf lemma="を" pos="X">を</wf>
         <wf lemma="政治家" pos="X">政治家</wf>
         <wf lemma="と" pos="X">と</wf>
         <wf lemma="の" pos="X">の</wf>
         <wf lemma="揉め" pos="X">揉め</wf>
         <wf lemma="事" pos="X">事</wf>
         <wf lemma="に" pos="X">に</wf>
         <wf lemma="巻き込ん" pos="X">巻き込ん</wf>
         <wf lemma="だ" pos="X">だ</wf>
         <wf lemma="." pos="X">.</wf>
      </sentence>
      <sentence id="d000.s6367" source="wordnet-japanese">
         <wf lemma="『" pos="X">『</wf>
         <wf lemma="The" pos="X">The</wf>
         <wf lemma="ball" pos="X">ball</wf>
         <wf lemma="was" pos="X">was</wf>
         <wf lemma="thrown" pos="X">thrown</wf>
         <wf lemma="（" pos="X">（</wf>
         <wf lemma="ボール" pos="X">ボール</wf>
         <wf lemma="は" pos="X">は</wf>
         <wf lemma="投げ" pos="X">投げ</wf>
         <wf lemma="られ" pos="X">られ</wf>
         <wf lemma="た" pos="X">た</wf>
         <wf lemma="）" pos="X">）</wf>
         <wf lemma="』" pos="X">』</wf>
         <wf lemma="は" pos="X">は</wf>
         <wf lemma="簡略" pos="X">簡略</wf>
         <wf lemma="化" pos="X">化</wf>
         <wf lemma="さ" pos="X">さ</wf>
         <wf lemma="れ" pos="X">れ</wf>
         <wf lemma="た" pos="X">た</wf>
         <instance id="d000.s6367.t000" lemma="受動態" pos="NOUN">受動態</instance>
         <wf lemma="である" pos="X">である</wf>
         <wf lemma="." pos="X">.</wf>
      </sentence>
      <sentence id="d000.s6368" source="wordnet-japanese">
         <wf lemma="これら" pos="X">これら</wf>
         <wf lemma="の" pos="X">の</wf>
         <wf lemma="森" pos="X">森</wf>
         <wf lemma="に" pos="X">に</wf>
         <wf lemma="ゴミ" pos="X">ゴミ</wf>
         <wf lemma="を" pos="X">を</wf>
         <instance id="d000.s6368.t000" lemma="捨てる" pos="VERB">捨てる</instance>
         <wf lemma="な！" pos="X">な！</wf>
         <wf lemma="." pos="X">.</wf>
      </sentence>
      <sentence id="d000.s6369" source="wordnet-japanese">
         <wf lemma="ハリケーン" pos="X">ハリケーン</wf>
         <wf lemma="に対する" pos="X">に対する</wf>
         <instance id="d000.s6369.t000" lemma="防衛" pos="NOUN">防衛</instance>
         <wf lemma="は" pos="X">は</wf>
         <wf lemma="緊急" pos="X">緊急</wf>
         <wf lemma="の" pos="X">の</wf>
         <wf lemma="問題" pos="X">問題</wf>
         <wf lemma="である" pos="X">である</wf>
         <wf lemma="." pos="X">.</wf>
      </sentence>
      <sentence id="d000.s6370" source="wordnet-japanese">
         <wf lemma="彼ら" pos="X">彼ら</wf>
         <wf lemma="の" pos="X">の</wf>
         <wf lemma="アパート" pos="X">アパート</wf>
         <wf lemma="に" pos="X">に</wf>
         <wf lemma="は" pos="X">は</wf>
         <instance id="d000.s6370.t000" lemma="既製" pos="NOUN">既製</instance>
         <wf lemma="の" pos="X">の</wf>
         <wf lemma="家具" pos="X">家具</wf>
         <wf lemma="が" pos="X">が</wf>
         <wf lemma="置か" pos="X">置か</wf>
         <wf lemma="れ" pos="X">れ</wf>
         <wf lemma="て" pos="X">て</wf>
         <wf lemma="い" pos="X">い</wf>
         <wf lemma="た" pos="X">た</wf>
         <wf lemma="." pos="X">.</wf>
      </sentence>
      <sentence id="d000.s6371" source="wordnet-japanese">
         <wf lemma="ジレンマ" pos="X">ジレンマ</wf>
         <wf lemma="から" pos="X">から</wf>
         <instance id="d000.s6371.t000" lemma="簡単" pos="ADJ">簡単</instance>
         <wf lemma="に" pos="X">に</wf>
         <wf lemma="抜け" pos="X">抜け</wf>
         <wf lemma="出し" pos="X">出し</wf>
         <wf lemma="た" pos="X">た</wf>
         <wf lemma="." pos="X">.</wf>
      </sentence>
      <sentence id="d000.s6372" source="wordnet-japanese">
         <wf lemma="創造性" pos="X">創造性</wf>
         <wf lemma="に" pos="X">に</wf>
         <wf lemma="かける" pos="X">かける</wf>
         <wf lemma="ため" pos="X">ため</wf>
         <wf lemma="、" pos="X">、</wf>
         <wf lemma="彼" pos="X">彼</wf>
         <wf lemma="は" pos="X">は</wf>
         <instance id="d000.s6372.t000" lemma="引用" pos="NOUN">引用</instance>
         <wf lemma="に" pos="X">に</wf>
         <wf lemma="頼ら" pos="X">頼ら</wf>
         <wf lemma="ざるを得" pos="X">ざるを得</wf>
         <wf lemma="ない" pos="X">ない</wf>
         <wf lemma="." pos="X">.</wf>
      </sentence>
      <sentence id="d000.s6373" source="wordnet-japanese">
         <wf lemma="ベルリン" pos="X">ベルリン</wf>
         <wf lemma="を" pos="X">を</wf>
         <wf lemma="出る" pos="X">出る</wf>
         <wf lemma="4" pos="X">4</wf>
         <wf lemma="日" pos="X">日</wf>
         <wf lemma="前" pos="X">前</wf>
         <wf lemma="に" pos="X">に</wf>
         <wf lemma="しか" pos="X">しか</wf>
         <instance id="d000.s6373.t000" lemma="警告" pos="NOUN">警告</instance>
         <wf lemma="が" pos="X">が</wf>
         <wf lemma="なかっ" pos="X">なかっ</wf>
         <wf lemma="た" pos="X">た</wf>
         <wf lemma="." pos="X">.</wf>
      </sentence>
      <sentence id="d000.s6374" source="wordnet-japanese">
         <wf lemma="彼" pos="X">彼</wf>
         <wf lemma="は" pos="X">は</wf>
         <instance id="d000.s6374.t000" lemma="不機嫌" pos="ADV">不機嫌</instance>
         <wf lemma="にいすに" pos="X">にいすに</wf>
         <wf lemma="座っ" pos="X">座っ</wf>
         <wf lemma="た" pos="X">た</wf>
         <wf lemma="." pos="X">.</wf>
      </sentence>
      <sentence id="d000.s6375" source="wordnet-japanese">
         <wf lemma="アルコール" pos="X">アルコール</wf>
         <wf lemma="摂取" pos="X">摂取</wf>
         <wf lemma="を" pos="X">を</wf>
         <instance id="d000.s6375.t000" lemma="抑える" pos="VERB">抑える</instance>
         <wf lemma="." pos="X">.</wf>
      </sentence>
      <sentence id="d000.s6376" source="wordnet-japanese">
         <wf lemma="彼" pos="X">彼</wf>
         <wf lemma="は" pos="X">は</wf>
         <instance id="d000.s6376.t000" lemma="声" pos="NOUN">声</instance>
         <wf lemma="が" pos="X">が</wf>
         <wf lemma="出" pos="X">出</wf>
         <wf lemma="なく" pos="X">なく</wf>
         <wf lemma="なっ" pos="X">なっ</wf>
         <wf lemma="た" pos="X">た</wf>
         <wf lemma="." pos="X">.</wf>
      </sentence>
      <sentence id="d000.s6377" source="wordnet-japanese">
         <wf lemma="財源" pos="X">財源</wf>
         <wf lemma="不足" pos="X">不足</wf>
         <wf lemma="は" pos="X">は</wf>
         <wf lemma="我々" pos="X">我々</wf>
         <wf lemma="の" pos="X">の</wf>
         <wf lemma="学校" pos="X">学校</wf>
         <wf lemma="組織" pos="X">組織</wf>
         <wf lemma="の" pos="X">の</wf>
         <instance id="d000.s6377.t000" lemma="破滅" pos="NOUN">破滅</instance>
         <wf lemma="を" pos="X">を</wf>
         <wf lemma="引き起こし" pos="X">引き起こし</wf>
         <wf lemma="た" pos="X">た</wf>
         <wf lemma="." pos="X">.</wf>
      </sentence>
      <sentence id="d000.s6378" source="wordnet-japanese">
         <wf lemma="私" pos="X">私</wf>
         <wf lemma="たち" pos="X">たち</wf>
         <wf lemma="は" pos="X">は</wf>
         <wf lemma="庭" pos="X">庭</wf>
         <wf lemma="で" pos="X">で</wf>
         <instance id="d000.s6378.t000" lemma="歩き回る" pos="VERB">歩き回っ</instance>
         <wf lemma="て" pos="X">て</wf>
         <wf lemma="い" pos="X">い</wf>
         <wf lemma="た" pos="X">た</wf>
         <wf lemma="." pos="X">.</wf>
      </sentence>
      <sentence id="d000.s6379" source="wordnet-japanese">
         <wf lemma="多分" pos="X">多分</wf>
         <wf lemma="落下" pos="X">落下</wf>
         <wf lemma="し" pos="X">し</wf>
         <wf lemma="た" pos="X">た</wf>
         <wf lemma="とき" pos="X">とき</wf>
         <wf lemma="に" pos="X">に</wf>
         <instance id="d000.s6379.t000" lemma="骨折" pos="NOUN">骨折</instance>
         <wf lemma="し" pos="X">し</wf>
         <wf lemma="た" pos="X">た</wf>
         <wf lemma="の" pos="X">の</wf>
         <wf lemma="だろ" pos="X">だろ</wf>
         <wf lemma="う" pos="X">う</wf>
         <wf lemma="." pos="X">.</wf>
      </sentence>
      <sentence id="d000.s6380" source="wordnet-japanese">
         <wf lemma="イスラエル" pos="X">イスラエル</wf>
         <wf lemma="の" pos="X">の</wf>
         <wf lemma="ウェブ" pos="X">ウェブ</wf>
         <wf lemma="・" pos="X">・</wf>
         <instance id="d000.s6380.t000" lemma="サイト" pos="NOUN">サイト</instance>
         <wf lemma="は" pos="X">は</wf>
         <wf lemma="、" pos="X">、</wf>
         <wf lemma="敵意" pos="X">敵意</wf>
         <wf lemma="が" pos="X">が</wf>
         <wf lemma="ある" pos="X">ある</wf>
         <wf lemma="ハッカー" pos="X">ハッカー</wf>
         <wf lemma="によって" pos="X">によって</wf>
         <wf lemma="被害" pos="X">被害</wf>
         <wf lemma="を" pos="X">を</wf>
         <wf lemma="受け" pos="X">受け</wf>
         <wf lemma="た" pos="X">た</wf>
         <wf lemma="." pos="X">.</wf>
      </sentence>
      <sentence id="d000.s6381" source="wordnet-japanese">
         <wf lemma="キリン" pos="X">キリン</wf>
         <wf lemma="は" pos="X">は</wf>
         <wf lemma="なんと" pos="X">なんと</wf>
         <instance id="d000.s6381.t000" lemma="不恰好" pos="ADJ">不恰好</instance>
         <wf lemma="な" pos="X">な</wf>
         <wf lemma="生き物" pos="X">生き物</wf>
         <wf lemma="だろ" pos="X">だろ</wf>
         <wf lemma="う" pos="X">う</wf>
         <wf lemma="か" pos="X">か</wf>
         <wf lemma="." pos="X">.</wf>
      </sentence>
      <sentence id="d000.s6382" source="wordnet-japanese">
         <wf lemma="彼" pos="X">彼</wf>
         <wf lemma="は" pos="X">は</wf>
         <instance id="d000.s6382.t000" lemma="最近" pos="ADV">最近</instance>
         <wf lemma="パリ" pos="X">パリ</wf>
         <wf lemma="に" pos="X">に</wf>
         <wf lemma="い" pos="X">い</wf>
         <wf lemma="た" pos="X">た</wf>
         <wf lemma="." pos="X">.</wf>
      </sentence>
      <sentence id="d000.s6383" source="wordnet-japanese">
         <wf lemma="あらゆる" pos="X">あらゆる</wf>
         <wf lemma="疲労" pos="X">疲労</wf>
         <wf lemma="に" pos="X">に</wf>
         <wf lemma="も" pos="X">も</wf>
         <wf lemma="勝る" pos="X">勝る</wf>
         <wf lemma="精神" pos="X">精神</wf>
         <wf lemma="の" pos="X">の</wf>
         <instance id="d000.s6383.t000" lemma="衰弱" pos="NOUN">衰弱</instance>
         <wf lemma="." pos="X">.</wf>
      </sentence>
      <sentence id="d000.s6384" source="wordnet-japanese">
         <wf lemma="外国" pos="X">外国</wf>
         <wf lemma="に" pos="X">に</wf>
         <wf lemma="いる" pos="X">いる</wf>
         <wf lemma="友達" pos="X">友達</wf>
         <wf lemma="の" pos="X">の</wf>
         <wf lemma="こと" pos="X">こと</wf>
         <wf lemma="を" pos="X">を</wf>
         <instance id="d000.s6384.t000" lemma="考える" pos="VERB">考え</instance>
         <wf lemma="て" pos="X">て</wf>
         <wf lemma="いる" pos="X">いる</wf>
         <wf lemma="." pos="X">.</wf>
      </sentence>
      <sentence id="d000.s6385" source="wordnet-japanese">
         <wf lemma="彼ら" pos="X">彼ら</wf>
         <wf lemma="は" pos="X">は</wf>
         <instance id="d000.s6385.t000" lemma="半径" pos="NOUN">半径</instance>
         <wf lemma="2" pos="X">2</wf>
         <wf lemma="マイル" pos="X">マイル</wf>
         <wf lemma="以内" pos="X">以内</wf>
         <wf lemma="に" pos="X">に</wf>
         <wf lemma="それ" pos="X">それ</wf>
         <wf lemma="を" pos="X">を</wf>
         <wf lemma="置い" pos="X">置い</wf>
         <wf lemma="た" pos="X">た</wf>
         <wf lemma="." pos="X">.</wf>
      </sentence>
      <sentence id="d000.s6386" source="wordnet-japanese">
         <wf lemma="彼" pos="X">彼</wf>
         <wf lemma="の" pos="X">の</wf>
         <wf lemma="反論" pos="X">反論</wf>
         <wf lemma="に" pos="X">に</wf>
         <wf lemma="は" pos="X">は</wf>
         <wf lemma="、" pos="X">、</wf>
         <wf lemma="ほとんど" pos="X">ほとんど</wf>
         <instance id="d000.s6386.t000" lemma="根拠" pos="NOUN">根拠</instance>
         <wf lemma="が" pos="X">が</wf>
         <wf lemma="ない" pos="X">ない</wf>
         <wf lemma="." pos="X">.</wf>
      </sentence>
      <sentence id="d000.s6387" source="wordnet-japanese">
         <wf lemma="彼" pos="X">彼</wf>
         <wf lemma="の" pos="X">の</wf>
         <wf lemma="臭い" pos="X">臭い</wf>
         <instance id="d000.s6387.t000" lemma="息" pos="NOUN">息</instance>
         <wf lemma="は" pos="X">は</wf>
         <wf lemma="彼女" pos="X">彼女</wf>
         <wf lemma="を" pos="X">を</wf>
         <wf lemma="怒ら" pos="X">怒ら</wf>
         <wf lemma="せ" pos="X">せ</wf>
         <wf lemma="まし" pos="X">まし</wf>
         <wf lemma="た" pos="X">た</wf>
         <wf lemma="." pos="X">.</wf>
      </sentence>
      <sentence id="d000.s6388" source="wordnet-japanese">
         <wf lemma="恐竜" pos="X">恐竜</wf>
         <wf lemma="の" pos="X">の</wf>
         <instance id="d000.s6388.t000" lemma="時代" pos="NOUN">時代</instance>
         <wf lemma="の" pos="X">の</wf>
         <wf lemma="." pos="X">.</wf>
      </sentence>
      <sentence id="d000.s6389" source="wordnet-japanese">
         <instance id="d000.s6389.t000" lemma="リボソーム" pos="NOUN">リボソーム</instance>
         <wf lemma="は" pos="X">は</wf>
         <wf lemma="、" pos="X">、</wf>
         <wf lemma="タンパク" pos="X">タンパク</wf>
         <wf lemma="質合成" pos="X">質合成</wf>
         <wf lemma="の" pos="X">の</wf>
         <wf lemma="サイト" pos="X">サイト</wf>
         <wf lemma="である" pos="X">である</wf>
         <wf lemma="." pos="X">.</wf>
      </sentence>
      <sentence id="d000.s6390" source="wordnet-japanese">
         <instance id="d000.s6390.t000" lemma="高い" pos="ADJ">高い</instance>
         <wf lemma="木." pos="X">木.</wf>
      </sentence>
      <sentence id="d000.s6391" source="wordnet-japanese">
         <wf lemma="ユダ" pos="X">ユダ</wf>
         <wf lemma="は" pos="X">は</wf>
         <wf lemma="イエス" pos="X">イエス</wf>
         <wf lemma="を" pos="X">を</wf>
         <instance id="d000.s6391.t000" lemma="裏切る" pos="VERB">裏切っ</instance>
         <wf lemma="た" pos="X">た</wf>
         <wf lemma="." pos="X">.</wf>
      </sentence>
      <sentence id="d000.s6392" source="wordnet-japanese">
         <wf lemma="彼女" pos="X">彼女</wf>
         <wf lemma="は" pos="X">は</wf>
         <wf lemma="、" pos="X">、</wf>
         <wf lemma="彼" pos="X">彼</wf>
         <wf lemma="の" pos="X">の</wf>
         <wf lemma="死" pos="X">死</wf>
         <wf lemma="の" pos="X">の</wf>
         <wf lemma="ニュース" pos="X">ニュース</wf>
         <wf lemma="を" pos="X">を</wf>
         <wf lemma="聞い" pos="X">聞い</wf>
         <wf lemma="た" pos="X">た</wf>
         <wf lemma="とき" pos="X">とき</wf>
         <wf lemma="に" pos="X">に</wf>
         <wf lemma="ひどく" pos="X">ひどく</wf>
         <instance id="d000.s6392.t000" lemma="泣く" pos="VERB">泣い</instance>
         <wf lemma="た" pos="X">た</wf>
         <wf lemma="." pos="X">.</wf>
      </sentence>
      <sentence id="d000.s6393" source="wordnet-japanese">
         <instance id="d000.s6393.t000" lemma="脂肪" pos="NOUN">脂肪</instance>
         <wf lemma="組織" pos="X">組織</wf>
         <wf lemma="は" pos="X">は</wf>
         <wf lemma="彼ら" pos="X">彼ら</wf>
         <wf lemma="を" pos="X">を</wf>
         <wf lemma="酷寒" pos="X">酷寒</wf>
         <wf lemma="から" pos="X">から</wf>
         <wf lemma="守っ" pos="X">守っ</wf>
         <wf lemma="た" pos="X">た</wf>
         <wf lemma="." pos="X">.</wf>
      </sentence>
      <sentence id="d000.s6394" source="wordnet-japanese">
         <wf lemma="ローマ" pos="X">ローマ</wf>
         <instance id="d000.s6394.t000" lemma="略奪" pos="NOUN">略奪</instance>
         <wf lemma="." pos="X">.</wf>
      </sentence>
      <sentence id="d000.s6395" source="wordnet-japanese">
         <wf lemma="1" pos="X">1</wf>
         <wf lemma="つ" pos="X">つ</wf>
         <wf lemma="の" pos="X">の</wf>
         <wf lemma="円" pos="X">円</wf>
         <wf lemma="は" pos="X">は</wf>
         <wf lemma="360" pos="X">360</wf>
         <instance id="d000.s6395.t000" lemma="度" pos="NOUN">度</instance>
         <wf lemma="だ." pos="X">だ.</wf>
      </sentence>
      <sentence id="d000.s6396" source="wordnet-japanese">
         <wf lemma="肺" pos="X">肺</wf>
         <wf lemma="炎" pos="X">炎</wf>
         <wf lemma="の" pos="X">の</wf>
         <instance id="d000.s6396.t000" lemma="初期" pos="NOUN">初期</instance>
         <wf lemma="." pos="X">.</wf>
      </sentence>
      <sentence id="d000.s6397" source="wordnet-japanese">
         <instance id="d000.s6397.t000" lemma="病的" pos="ADJ">病的</instance>
         <wf lemma="な" pos="X">な</wf>
         <wf lemma="好奇心" pos="X">好奇心</wf>
         <wf lemma="." pos="X">.</wf>
      </sentence>
      <sentence id="d000.s6398" source="wordnet-japanese">
         <instance id="d000.s6398.t000" lemma="恐ろしい" pos="ADJ">恐ろしく</instance>
         <wf lemma="急い" pos="X">急い</wf>
         <wf lemma="で" pos="X">で</wf>
         <wf lemma="." pos="X">.</wf>
      </sentence>
      <sentence id="d000.s6399" source="wordnet-japanese">
         <wf lemma="私" pos="X">私</wf>
         <wf lemma="は" pos="X">は</wf>
         <instance id="d000.s6399.t000" lemma="無制限" pos="ADJ">無制限</instance>
         <wf lemma="に" pos="X">に</wf>
         <wf lemma="接触" pos="X">接触</wf>
         <wf lemma="でき" pos="X">でき</wf>
         <wf lemma="た" pos="X">た</wf>
         <wf lemma="." pos="X">.</wf>
      </sentence>
      <sentence id="d000.s6400" source="wordnet-japanese">
         <instance id="d000.s6400.t000" lemma="賛成" pos="NOUN">賛成</instance>
         <wf lemma="の" pos="X">の</wf>
         <wf lemma="方" pos="X">方</wf>
         <wf lemma="は" pos="X">は</wf>
         <wf lemma="おられ" pos="X">おられ</wf>
         <wf lemma="ます" pos="X">ます</wf>
         <wf lemma="か" pos="X">か</wf>
         <wf lemma="？" pos="X">？</wf>
         <wf lemma="." pos="X">.</wf>
      </sentence>
      <sentence id="d000.s6401" source="wordnet-japanese">
         <wf lemma="しばしば" pos="X">しばしば</wf>
         <wf lemma="、" pos="X">、</wf>
         <wf lemma="模倣" pos="X">模倣</wf>
         <wf lemma="は" pos="X">は</wf>
         <wf lemma="子供" pos="X">子供</wf>
         <wf lemma="の" pos="X">の</wf>
         <wf lemma="意図" pos="X">意図</wf>
         <wf lemma="し" pos="X">し</wf>
         <wf lemma="て" pos="X">て</wf>
         <wf lemma="いる" pos="X">いる</wf>
         <wf lemma="意味" pos="X">意味</wf>
         <wf lemma="より" pos="X">より</wf>
         <wf lemma="正確" pos="X">正確</wf>
         <wf lemma="な" pos="X">な</wf>
         <instance id="d000.s6401.t000" lemma="解釈" pos="NOUN">解釈</instance>
         <wf lemma="を" pos="X">を</wf>
         <wf lemma="提供" pos="X">提供</wf>
         <wf lemma="する" pos="X">する</wf>
         <wf lemma="ため" pos="X">ため</wf>
         <wf lemma="に" pos="X">に</wf>
         <wf lemma="広げ" pos="X">広げ</wf>
         <wf lemma="られる" pos="X">られる</wf>
         <wf lemma="." pos="X">.</wf>
      </sentence>
      <sentence id="d000.s6402" source="wordnet-japanese">
         <wf lemma="賃金" pos="X">賃金</wf>
         <instance id="d000.s6402.t000" lemma="安定" pos="NOUN">安定</instance>
         <wf lemma="は" pos="X">は</wf>
         <wf lemma="産業" pos="X">産業</wf>
         <wf lemma="平和" pos="X">平和</wf>
         <wf lemma="に" pos="X">に</wf>
         <wf lemma="必要" pos="X">必要</wf>
         <wf lemma="で" pos="X">で</wf>
         <wf lemma="ある" pos="X">ある</wf>
         <wf lemma="." pos="X">.</wf>
      </sentence>
      <sentence id="d000.s6403" source="wordnet-japanese">
         <wf lemma="彼" pos="X">彼</wf>
         <wf lemma="は" pos="X">は</wf>
         <instance id="d000.s6403.t000" lemma="センター" pos="NOUN">センター</instance>
         <wf lemma="の" pos="X">の</wf>
         <wf lemma="深い所" pos="X">深い所</wf>
         <wf lemma="に" pos="X">に</wf>
         <wf lemma="ヒット" pos="X">ヒット</wf>
         <wf lemma="を" pos="X">を</wf>
         <wf lemma="打っ" pos="X">打っ</wf>
         <wf lemma="た" pos="X">た</wf>
         <wf lemma="." pos="X">.</wf>
      </sentence>
      <sentence id="d000.s6404" source="wordnet-japanese">
         <wf lemma="バンド" pos="X">バンド</wf>
         <wf lemma="は" pos="X">は</wf>
         <instance id="d000.s6404.t000" lemma="速い" pos="ADJ">速い</instance>
         <wf lemma="フォックストロット" pos="X">フォックストロット</wf>
         <wf lemma="を" pos="X">を</wf>
         <wf lemma="演奏" pos="X">演奏</wf>
         <wf lemma="し" pos="X">し</wf>
         <wf lemma="た" pos="X">た</wf>
         <wf lemma="." pos="X">.</wf>
      </sentence>
      <sentence id="d000.s6405" source="wordnet-japanese">
         <wf lemma="あなた" pos="X">あなた</wf>
         <wf lemma="は" pos="X">は</wf>
         <wf lemma="どんな" pos="X">どんな</wf>
         <instance id="d000.s6405.t000" lemma="種類" pos="NOUN">種類</instance>
         <wf lemma="の" pos="X">の</wf>
         <wf lemma="人間" pos="X">人間</wf>
         <wf lemma="です" pos="X">です</wf>
         <wf lemma="か" pos="X">か</wf>
         <wf lemma="？" pos="X">？</wf>
         <wf lemma="." pos="X">.</wf>
      </sentence>
      <sentence id="d000.s6406" source="wordnet-japanese">
         <instance id="d000.s6406.t000" lemma="軽い" pos="ADJ">軽い</instance>
         <wf lemma="家事" pos="X">家事</wf>
         <wf lemma="." pos="X">.</wf>
      </sentence>
      <sentence id="d000.s6407" source="wordnet-japanese">
         <wf lemma="海" pos="X">海</wf>
         <wf lemma="の" pos="X">の</wf>
         <instance id="d000.s6407.t000" lemma="変動" pos="NOUN">変動</instance>
         <wf lemma="." pos="X">.</wf>
      </sentence>
      <sentence id="d000.s6408" source="wordnet-japanese">
         <instance id="d000.s6408.t000" lemma="不幸" pos="ADJ">不幸</instance>
         <wf lemma="な" pos="X">な</wf>
         <wf lemma="決定" pos="X">決定</wf>
         <wf lemma="." pos="X">.</wf>
      </sentence>
      <sentence id="d000.s6409" source="wordnet-japanese">
         <wf lemma="バクテリア" pos="X">バクテリア</wf>
         <wf lemma="が" pos="X">が</wf>
         <wf lemma="滅ぼさ" pos="X">滅ぼさ</wf>
         <wf lemma="れる" pos="X">れる</wf>
         <wf lemma="まで" pos="X">まで</wf>
         <wf lemma="、" pos="X">、</wf>
         <instance id="d000.s6409.t000" lemma="ファージ" pos="NOUN">ファージ</instance>
         <wf lemma="は" pos="X">は</wf>
         <wf lemma="より" pos="X">より</wf>
         <wf lemma="多く" pos="X">多く</wf>
         <wf lemma="の" pos="X">の</wf>
         <wf lemma="ファージ" pos="X">ファージ</wf>
         <wf lemma="を" pos="X">を</wf>
         <wf lemma="生産" pos="X">生産</wf>
         <wf lemma="する" pos="X">する</wf>
         <wf lemma="ため" pos="X">ため</wf>
         <wf lemma="に" pos="X">に</wf>
         <wf lemma="バクテリア" pos="X">バクテリア</wf>
         <wf lemma="の" pos="X">の</wf>
         <wf lemma="機構" pos="X">機構</wf>
         <wf lemma="と" pos="X">と</wf>
         <wf lemma="エネルギー" pos="X">エネルギー</wf>
         <wf lemma="を" pos="X">を</wf>
         <wf lemma="使う" pos="X">使う</wf>
         <wf lemma="、" pos="X">、</wf>
         <wf lemma="そして" pos="X">そして</wf>
         <wf lemma="、" pos="X">、</wf>
         <wf lemma="ファージ" pos="X">ファージ</wf>
         <wf lemma="は" pos="X">は</wf>
         <wf lemma="周囲" pos="X">周囲</wf>
         <wf lemma="の" pos="X">の</wf>
         <wf lemma="バクテリア" pos="X">バクテリア</wf>
         <wf lemma="に" pos="X">に</wf>
         <wf lemma="侵入" pos="X">侵入</wf>
         <wf lemma="する" pos="X">する</wf>
         <wf lemma="ため" pos="X">ため</wf>
         <wf lemma="に" pos="X">に</wf>
         <wf lemma="放出" pos="X">放出</wf>
         <wf lemma="さ" pos="X">さ</wf>
         <wf lemma="れる" pos="X">れる</wf>
         <wf lemma="." pos="X">.</wf>
      </sentence>
      <sentence id="d000.s6410" source="wordnet-japanese">
         <wf lemma="それ" pos="X">それ</wf>
         <wf lemma="は" pos="X">は</wf>
         <wf lemma="すでに" pos="X">すでに</wf>
         <instance id="d000.s6410.t000" lemma="作成" pos="NOUN">作成</instance>
         <wf lemma="中" pos="X">中</wf>
         <wf lemma="だっ" pos="X">だっ</wf>
         <wf lemma="た" pos="X">た</wf>
         <wf lemma="." pos="X">.</wf>
      </sentence>
      <sentence id="d000.s6411" source="wordnet-japanese">
         <wf lemma="英国人" pos="X">英国人</wf>
         <wf lemma="が" pos="X">が</wf>
         <wf lemma="言う" pos="X">言う</wf>
         <wf lemma="ように" pos="X">ように</wf>
         <wf lemma="、" pos="X">、</wf>
         <wf lemma="彼" pos="X">彼</wf>
         <wf lemma="の" pos="X">の</wf>
         <wf lemma="かつら" pos="X">かつら</wf>
         <wf lemma="は" pos="X">は</wf>
         <instance id="d000.s6411.t000" lemma="斜め" pos="ADJ">斜め</instance>
         <wf lemma="に" pos="X">に</wf>
         <wf lemma="なっ" pos="X">なっ</wf>
         <wf lemma="て" pos="X">て</wf>
         <wf lemma="い" pos="X">い</wf>
         <wf lemma="た" pos="X">た</wf>
         <wf lemma="." pos="X">.</wf>
      </sentence>
      <sentence id="d000.s6412" source="wordnet-japanese">
         <wf lemma="侵入" pos="X">侵入</wf>
         <wf lemma="の" pos="X">の</wf>
         <wf lemma="日" pos="X">日</wf>
         <wf lemma="は" pos="X">は</wf>
         <instance id="d000.s6412.t000" lemma="確か" pos="ADJ">確か</instance>
         <wf lemma="である" pos="X">である</wf>
         <wf lemma="." pos="X">.</wf>
      </sentence>
      <sentence id="d000.s6413" source="wordnet-japanese">
         <instance id="d000.s6413.t000" lemma="優しい" pos="ADJ">優しい</instance>
         <wf lemma="母" pos="X">母</wf>
         <wf lemma="." pos="X">.</wf>
      </sentence>
      <sentence id="d000.s6414" source="wordnet-japanese">
         <wf lemma="この" pos="X">この</wf>
         <wf lemma="芸術家" pos="X">芸術家</wf>
         <wf lemma="の" pos="X">の</wf>
         <wf lemma="好き" pos="X">好き</wf>
         <wf lemma="な" pos="X">な</wf>
         <wf lemma="描写" pos="X">描写</wf>
         <wf lemma="媒体" pos="X">媒体</wf>
         <wf lemma="は" pos="X">は</wf>
         <wf lemma="、" pos="X">、</wf>
         <instance id="d000.s6414.t000" lemma="鉛筆" pos="NOUN">鉛筆</instance>
         <wf lemma="だ" pos="X">だ</wf>
         <wf lemma="." pos="X">.</wf>
      </sentence>
      <sentence id="d000.s6415" source="wordnet-japanese">
         <wf lemma="ブロードウェー" pos="X">ブロードウェー</wf>
         <wf lemma="上" pos="X">上</wf>
         <wf lemma="の" pos="X">の</wf>
         <instance id="d000.s6415.t000" lemma="有望" pos="ADJ">有望</instance>
         <wf lemma="な" pos="X">な</wf>
         <wf lemma="新しい" pos="X">新しい</wf>
         <wf lemma="歌手" pos="X">歌手</wf>
         <wf lemma="." pos="X">.</wf>
      </sentence>
      <sentence id="d000.s6416" source="wordnet-japanese">
         <wf lemma="瀝" pos="X">瀝</wf>
         <wf lemma="青炭" pos="X">青炭</wf>
         <wf lemma="は" pos="X">は</wf>
         <wf lemma="しばし" pos="X">しばし</wf>
         <wf lemma="一貫" pos="X">一貫</wf>
         <wf lemma="し" pos="X">し</wf>
         <wf lemma="て" pos="X">て</wf>
         <instance id="d000.s6416.t000" lemma="均一" pos="ADJ">均一</instance>
         <wf lemma="な" pos="X">な</wf>
         <wf lemma="製品" pos="X">製品</wf>
         <wf lemma="と" pos="X">と</wf>
         <wf lemma="し" pos="X">し</wf>
         <wf lemma="て" pos="X">て</wf>
         <wf lemma="扱わ" pos="X">扱わ</wf>
         <wf lemma="れる" pos="X">れる</wf>
         <wf lemma="." pos="X">.</wf>
      </sentence>
      <sentence id="d000.s6417" source="wordnet-japanese">
         <wf lemma="私" pos="X">私</wf>
         <wf lemma="は" pos="X">は</wf>
         <wf lemma="、" pos="X">、</wf>
         <instance id="d000.s6417.t000" lemma="単に" pos="ADV">単に</instance>
         <wf lemma="尋ね" pos="X">尋ね</wf>
         <wf lemma="て" pos="X">て</wf>
         <wf lemma="いる" pos="X">いる</wf>
         <wf lemma="に" pos="X">に</wf>
         <wf lemma="過ぎ" pos="X">過ぎ</wf>
         <wf lemma="なかっ" pos="X">なかっ</wf>
         <wf lemma="た" pos="X">た</wf>
         <wf lemma="." pos="X">.</wf>
      </sentence>
      <sentence id="d000.s6418" source="wordnet-japanese">
         <wf lemma="彼" pos="X">彼</wf>
         <wf lemma="は" pos="X">は</wf>
         <wf lemma="その" pos="X">その</wf>
         <wf lemma="会議" pos="X">会議</wf>
         <wf lemma="に" pos="X">に</wf>
         <wf lemma="要し" pos="X">要し</wf>
         <wf lemma="た" pos="X">た</wf>
         <instance id="d000.s6418.t000" lemma="費用" pos="NOUN">費用</instance>
         <wf lemma="の" pos="X">の</wf>
         <wf lemma="細かい" pos="X">細かい</wf>
         <wf lemma="記録" pos="X">記録</wf>
         <wf lemma="を" pos="X">を</wf>
         <wf lemma="とっ" pos="X">とっ</wf>
         <wf lemma="て" pos="X">て</wf>
         <wf lemma="おい" pos="X">おい</wf>
         <wf lemma="た" pos="X">た</wf>
         <wf lemma="." pos="X">.</wf>
      </sentence>
      <sentence id="d000.s6419" source="wordnet-japanese">
         <wf lemma="ソルトレイクシティー" pos="X">ソルトレイクシティー</wf>
         <wf lemma="の" pos="X">の</wf>
         <wf lemma="アフリカ" pos="X">アフリカ</wf>
         <wf lemma="系" pos="X">系</wf>
         <wf lemma="アメリカ" pos="X">アメリカ</wf>
         <wf lemma="人" pos="X">人</wf>
         <wf lemma="の" pos="X">の</wf>
         <instance id="d000.s6419.t000" lemma="人口" pos="NOUN">人口</instance>
         <wf lemma="は" pos="X">は</wf>
         <wf lemma="増加" pos="X">増加</wf>
         <wf lemma="し" pos="X">し</wf>
         <wf lemma="て" pos="X">て</wf>
         <wf lemma="いる" pos="X">いる</wf>
         <wf lemma="." pos="X">.</wf>
      </sentence>
      <sentence id="d000.s6420" source="wordnet-japanese">
         <wf lemma="作家" pos="X">作家</wf>
         <wf lemma="と" pos="X">と</wf>
         <wf lemma="し" pos="X">し</wf>
         <wf lemma="て" pos="X">て</wf>
         <wf lemma="の" pos="X">の</wf>
         <wf lemma="彼" pos="X">彼</wf>
         <wf lemma="の" pos="X">の</wf>
         <instance id="d000.s6420.t000" lemma="見通し" pos="NOUN">見通し</instance>
         <wf lemma="は" pos="X">は</wf>
         <wf lemma="素晴らしい" pos="X">素晴らしい</wf>
         <wf lemma="." pos="X">.</wf>
      </sentence>
      <sentence id="d000.s6421" source="wordnet-japanese">
         <instance id="d000.s6421.t000" lemma="一方" pos="NOUN">一方</instance>
         <wf lemma="で" pos="X">で</wf>
         <wf lemma="は" pos="X">は</wf>
         <wf lemma="…" pos="X">…</wf>
         <wf lemma="、" pos="X">、</wf>
         <wf lemma="しかし" pos="X">しかし</wf>
         <wf lemma="他方" pos="X">他方</wf>
         <wf lemma="で" pos="X">で</wf>
         <wf lemma="は" pos="X">は</wf>
         <wf lemma="…" pos="X">…</wf>
         <wf lemma="." pos="X">.</wf>
      </sentence>
      <sentence id="d000.s6422" source="wordnet-japanese">
         <wf lemma="この" pos="X">この</wf>
         <wf lemma="辺り" pos="X">辺り</wf>
         <wf lemma="の" pos="X">の</wf>
         <instance id="d000.s6422.t000" lemma="仕組み" pos="NOUN">仕組み</instance>
         <wf lemma="を" pos="X">を</wf>
         <wf lemma="覚える" pos="X">覚える</wf>
         <wf lemma="に" pos="X">に</wf>
         <wf lemma="は" pos="X">は</wf>
         <wf lemma="時間" pos="X">時間</wf>
         <wf lemma="が" pos="X">が</wf>
         <wf lemma="かかる" pos="X">かかる</wf>
         <wf lemma="." pos="X">.</wf>
      </sentence>
      <sentence id="d000.s6423" source="wordnet-japanese">
         <instance id="d000.s6423.t000" lemma="バルサミコ" pos="ADJ">バルサミコ</instance>
         <wf lemma="の" pos="X">の</wf>
         <wf lemma="香り" pos="X">香り</wf>
         <wf lemma="." pos="X">.</wf>
      </sentence>
      <sentence id="d000.s6424" source="wordnet-japanese">
         <wf lemma="列車" pos="X">列車</wf>
         <wf lemma="は" pos="X">は</wf>
         <wf lemma="思いがけ" pos="X">思いがけ</wf>
         <wf lemma="ない" pos="X">ない</wf>
         <instance id="d000.s6424.t000" lemma="光景" pos="NOUN">光景</instance>
         <wf lemma="だっ" pos="X">だっ</wf>
         <wf lemma="た" pos="X">た</wf>
         <wf lemma="." pos="X">.</wf>
      </sentence>
      <sentence id="d000.s6425" source="wordnet-japanese">
         <wf lemma="ほこり" pos="X">ほこり</wf>
         <wf lemma="の" pos="X">の</wf>
         <instance id="d000.s6425.t000" lemma="覆い" pos="NOUN">覆い</instance>
         <wf lemma="の" pos="X">の</wf>
         <wf lemma="下" pos="X">下</wf>
         <wf lemma="に" pos="X">に</wf>
         <wf lemma="." pos="X">.</wf>
      </sentence>
      <sentence id="d000.s6426" source="wordnet-japanese">
         <wf lemma="工夫" pos="X">工夫</wf>
         <wf lemma="し" pos="X">し</wf>
         <wf lemma="て" pos="X">て</wf>
         <wf lemma="彼" pos="X">彼</wf>
         <wf lemma="は" pos="X">は</wf>
         <wf lemma="音楽" pos="X">音楽</wf>
         <wf lemma="と" pos="X">と</wf>
         <wf lemma="ダンス" pos="X">ダンス</wf>
         <wf lemma="を" pos="X">を</wf>
         <instance id="d000.s6426.t000" lemma="混ぜる" pos="VERB">混ぜ</instance>
         <wf lemma="た" pos="X">た</wf>
         <wf lemma="." pos="X">.</wf>
      </sentence>
      <sentence id="d000.s6427" source="wordnet-japanese">
         <wf lemma="第" pos="X">第</wf>
         <wf lemma="2" pos="X">2</wf>
         <instance id="d000.s6427.t000" lemma="楽章" pos="NOUN">楽章</instance>
         <wf lemma="は" pos="X">は</wf>
         <wf lemma="ゆっくり" pos="X">ゆっくり</wf>
         <wf lemma="と" pos="X">と</wf>
         <wf lemma="し" pos="X">し</wf>
         <wf lemma="て" pos="X">て</wf>
         <wf lemma="旋律" pos="X">旋律</wf>
         <wf lemma="が" pos="X">が</wf>
         <wf lemma="美しい" pos="X">美しい</wf>
         <wf lemma="." pos="X">.</wf>
      </sentence>
      <sentence id="d000.s6428" source="wordnet-japanese">
         <wf lemma="ついに" pos="X">ついに</wf>
         <wf lemma="、" pos="X">、</wf>
         <wf lemma="彼" pos="X">彼</wf>
         <wf lemma="は" pos="X">は</wf>
         <wf lemma="、" pos="X">、</wf>
         <instance id="d000.s6428.t000" lemma="真実" pos="NOUN">真実</instance>
         <wf lemma="を" pos="X">を</wf>
         <wf lemma="知っ" pos="X">知っ</wf>
         <wf lemma="た" pos="X">た</wf>
         <wf lemma="." pos="X">.</wf>
      </sentence>
      <sentence id="d000.s6429" source="wordnet-japanese">
         <wf lemma="彼" pos="X">彼</wf>
         <wf lemma="は" pos="X">は</wf>
         <wf lemma="、" pos="X">、</wf>
         <wf lemma="まだ" pos="X">まだ</wf>
         <wf lemma="クラブ" pos="X">クラブ</wf>
         <wf lemma="の" pos="X">の</wf>
         <instance id="d000.s6429.t000" lemma="組織" pos="NOUN">組織</instance>
         <wf lemma="を" pos="X">を</wf>
         <wf lemma="覚え" pos="X">覚え</wf>
         <wf lemma="て" pos="X">て</wf>
         <wf lemma="いる" pos="X">いる</wf>
         <wf lemma="." pos="X">.</wf>
      </sentence>
      <sentence id="d000.s6430" source="wordnet-japanese">
         <wf lemma="結婚" pos="X">結婚</wf>
         <wf lemma="の" pos="X">の</wf>
         <wf lemma="お" pos="X">お</wf>
         <instance id="d000.s6430.t000" lemma="祝い" pos="NOUN">祝い</instance>
         <wf lemma="." pos="X">.</wf>
      </sentence>
      <sentence id="d000.s6431" source="wordnet-japanese">
         <instance id="d000.s6431.t000" lemma="偶然" pos="ADJ">偶然</instance>
         <wf lemma="の" pos="X">の</wf>
         <wf lemma="遭遇" pos="X">遭遇</wf>
         <wf lemma="−" pos="X">−</wf>
         <wf lemma="−" pos="X">−</wf>
         <wf lemma="運命的" pos="X">運命的</wf>
         <wf lemma="な" pos="X">な</wf>
         <wf lemma="意外" pos="X">意外</wf>
         <wf lemma="な" pos="X">な</wf>
         <wf lemma="出来事" pos="X">出来事</wf>
         <wf lemma="." pos="X">.</wf>
      </sentence>
      <sentence id="d000.s6432" source="wordnet-japanese">
         <wf lemma="質問" pos="X">質問</wf>
         <wf lemma="を" pos="X">を</wf>
         <wf lemma="する" pos="X">する</wf>
         <wf lemma="の" pos="X">の</wf>
         <wf lemma="が" pos="X">が</wf>
         <instance id="d000.s6432.t000" lemma="怖い" pos="ADJ">怖い</instance>
         <wf lemma="." pos="X">.</wf>
      </sentence>
      <sentence id="d000.s6433" source="wordnet-japanese">
         <wf lemma="私" pos="X">私</wf>
         <wf lemma="は" pos="X">は</wf>
         <wf lemma="学生" pos="X">学生</wf>
         <wf lemma="に" pos="X">に</wf>
         <wf lemma="自分" pos="X">自分</wf>
         <wf lemma="たち" pos="X">たち</wf>
         <wf lemma="に関して" pos="X">に関して</wf>
         <wf lemma="異なる" pos="X">異なる</wf>
         <wf lemma="と" pos="X">と</wf>
         <instance id="d000.s6433.t000" lemma="感じる" pos="VERB">感じ</instance>
         <wf lemma="さ" pos="X">さ</wf>
         <wf lemma="せ" pos="X">せ</wf>
         <wf lemma="た" pos="X">た</wf>
         <wf lemma="." pos="X">.</wf>
      </sentence>
      <sentence id="d000.s6434" source="wordnet-japanese">
         <instance id="d000.s6434.t000" lemma="忠実" pos="ADJ">忠実</instance>
         <wf lemma="な" pos="X">な</wf>
         <wf lemma="従業員" pos="X">従業員</wf>
         <wf lemma="." pos="X">.</wf>
      </sentence>
      <sentence id="d000.s6435" source="wordnet-japanese">
         <instance id="d000.s6435.t000" lemma="固有" pos="ADJ">固有</instance>
         <wf lemma="の" pos="X">の</wf>
         <wf lemma="街" pos="X">街</wf>
         <wf lemma="." pos="X">.</wf>
      </sentence>
      <sentence id="d000.s6436" source="wordnet-japanese">
         <wf lemma="1" pos="X">1</wf>
         <wf lemma="人" pos="X">人</wf>
         <wf lemma="で" pos="X">で</wf>
         <wf lemma="過ごす" pos="X">過ごす</wf>
         <wf lemma="クリスマス" pos="X">クリスマス</wf>
         <wf lemma="は" pos="X">は</wf>
         <instance id="d000.s6436.t000" lemma="地獄" pos="NOUN">地獄</instance>
         <wf lemma="だ" pos="X">だ</wf>
         <wf lemma="." pos="X">.</wf>
      </sentence>
      <sentence id="d000.s6437" source="wordnet-japanese">
         <wf lemma="湖" pos="X">湖</wf>
         <wf lemma="は" pos="X">は</wf>
         <wf lemma="気晴らし" pos="X">気晴らし</wf>
         <wf lemma="に" pos="X">に</wf>
         <instance id="d000.s6437.t000" lemma="役立つ" pos="VERB">役立つ</instance>
         <wf lemma="." pos="X">.</wf>
      </sentence>
      <sentence id="d000.s6438" source="wordnet-japanese">
         <wf lemma="私達" pos="X">私達</wf>
         <wf lemma="は" pos="X">は</wf>
         <wf lemma="目的地" pos="X">目的地</wf>
         <wf lemma="に" pos="X">に</wf>
         <instance id="d000.s6438.t000" lemma="近づく" pos="VERB">近づい</instance>
         <wf lemma="て" pos="X">て</wf>
         <wf lemma="い" pos="X">い</wf>
         <wf lemma="た" pos="X">た</wf>
         <wf lemma="." pos="X">.</wf>
      </sentence>
      <sentence id="d000.s6439" source="wordnet-japanese">
         <wf lemma="彼ら" pos="X">彼ら</wf>
         <wf lemma="は" pos="X">は</wf>
         <wf lemma="財産" pos="X">財産</wf>
         <wf lemma="を" pos="X">を</wf>
         <instance id="d000.s6439.t000" lemma="共有" pos="NOUN">共有</instance>
         <wf lemma="し" pos="X">し</wf>
         <wf lemma="た" pos="X">た</wf>
         <wf lemma="." pos="X">.</wf>
      </sentence>
      <sentence id="d000.s6440" source="wordnet-japanese">
         <wf lemma="二" pos="X">二</wf>
         <wf lemma="酸化" pos="X">酸化</wf>
         <wf lemma="炭素" pos="X">炭素</wf>
         <wf lemma="の" pos="X">の</wf>
         <instance id="d000.s6440.t000" lemma="もと" pos="NOUN">もと</instance>
         <wf lemma="." pos="X">.</wf>
      </sentence>
      <sentence id="d000.s6441" source="wordnet-japanese">
         <wf lemma="彼" pos="X">彼</wf>
         <wf lemma="は" pos="X">は</wf>
         <wf lemma="、" pos="X">、</wf>
         <wf lemma="最新" pos="X">最新</wf>
         <wf lemma="情報" pos="X">情報</wf>
         <wf lemma="を" pos="X">を</wf>
         <wf lemma="私" pos="X">私</wf>
         <wf lemma="に" pos="X">に</wf>
         <instance id="d000.s6441.t000" lemma="教える" pos="VERB">教え</instance>
         <wf lemma="て" pos="X">て</wf>
         <wf lemma="くれ" pos="X">くれ</wf>
         <wf lemma="た" pos="X">た</wf>
         <wf lemma="." pos="X">.</wf>
      </sentence>
      <sentence id="d000.s6442" source="wordnet-japanese">
         <wf lemma="私" pos="X">私</wf>
         <wf lemma="たち" pos="X">たち</wf>
         <wf lemma="は" pos="X">は</wf>
         <wf lemma="、" pos="X">、</wf>
         <wf lemma="芸術的" pos="X">芸術的</wf>
         <wf lemma="発明" pos="X">発明</wf>
         <wf lemma="を" pos="X">を</wf>
         <wf lemma="時代" pos="X">時代</wf>
         <wf lemma="と" pos="X">と</wf>
         <wf lemma="は" pos="X">は</wf>
         <wf lemma="関係" pos="X">関係</wf>
         <wf lemma="の" pos="X">の</wf>
         <wf lemma="ない" pos="X">ない</wf>
         <instance id="d000.s6442.t000" lemma="偶然" pos="ADJ">偶然</instance>
         <wf lemma="の" pos="X">の</wf>
         <wf lemma="もの" pos="X">もの</wf>
         <wf lemma="である" pos="X">である</wf>
         <wf lemma="と" pos="X">と</wf>
         <wf lemma="見" pos="X">見</wf>
         <wf lemma="なす" pos="X">なす</wf>
         <wf lemma="こと" pos="X">こと</wf>
         <wf lemma="は" pos="X">は</wf>
         <wf lemma="でき" pos="X">でき</wf>
         <wf lemma="ない" pos="X">ない</wf>
         <wf lemma="." pos="X">.</wf>
      </sentence>
      <sentence id="d000.s6443" source="wordnet-japanese">
         <wf lemma="彼" pos="X">彼</wf>
         <wf lemma="は" pos="X">は</wf>
         <wf lemma="その" pos="X">その</wf>
         <wf lemma="報告書" pos="X">報告書</wf>
         <wf lemma="の" pos="X">の</wf>
         <instance id="d000.s6443.t000" lemma="ハードコピー" pos="NOUN">ハードコピー</instance>
         <wf lemma="を" pos="X">を</wf>
         <wf lemma="印刷" pos="X">印刷</wf>
         <wf lemma="し" pos="X">し</wf>
         <wf lemma="た" pos="X">た</wf>
         <wf lemma="." pos="X">.</wf>
      </sentence>
      <sentence id="d000.s6444" source="wordnet-japanese">
         <instance id="d000.s6444.t000" lemma="徹底的" pos="ADJ">徹底的</instance>
         <wf lemma="な" pos="X">な</wf>
         <wf lemma="研究" pos="X">研究</wf>
         <wf lemma="." pos="X">.</wf>
      </sentence>
      <sentence id="d000.s6445" source="wordnet-japanese">
         <wf lemma="道" pos="X">道</wf>
         <wf lemma="を" pos="X">を</wf>
         <instance id="d000.s6445.t000" lemma="広げる" pos="VERB">広げ</instance>
         <wf lemma="て" pos="X">て</wf>
         <wf lemma="ください" pos="X">ください</wf>
         <wf lemma="." pos="X">.</wf>
      </sentence>
      <sentence id="d000.s6446" source="wordnet-japanese">
         <instance id="d000.s6446.t000" lemma="元気" pos="ADJ">元気</instance>
         <wf lemma="の" pos="X">の</wf>
         <wf lemma="いい" pos="X">いい</wf>
         <wf lemma="挨拶" pos="X">挨拶</wf>
         <wf lemma="." pos="X">.</wf>
      </sentence>
      <sentence id="d000.s6447" source="wordnet-japanese">
         <wf lemma="敵領地" pos="X">敵領地</wf>
         <wf lemma="で" pos="X">で</wf>
         <instance id="d000.s6447.t000" lemma="偵察" pos="NOUN">偵察</instance>
         <wf lemma="する" pos="X">する</wf>
         <wf lemma="こと" pos="X">こと</wf>
         <wf lemma="は" pos="X">は</wf>
         <wf lemma="、" pos="X">、</wf>
         <wf lemma="非常" pos="X">非常</wf>
         <wf lemma="に" pos="X">に</wf>
         <wf lemma="危険" pos="X">危険</wf>
         <wf lemma="である" pos="X">である</wf>
         <wf lemma="." pos="X">.</wf>
      </sentence>
      <sentence id="d000.s6448" source="wordnet-japanese">
         <wf lemma="タンク" pos="X">タンク</wf>
         <wf lemma="の" pos="X">の</wf>
         <wf lemma="中" pos="X">中</wf>
         <wf lemma="に" pos="X">に</wf>
         <wf lemma="ガス" pos="X">ガス</wf>
         <wf lemma="を" pos="X">を</wf>
         <wf lemma="サイフォン" pos="X">サイフォン</wf>
         <wf lemma="で" pos="X">で</wf>
         <instance id="d000.s6448.t000" lemma="吸い上げる" pos="VERB">吸い上げ</instance>
         <wf lemma="て" pos="X">て</wf>
         <wf lemma="ください" pos="X">ください</wf>
         <wf lemma="." pos="X">.</wf>
      </sentence>
      <sentence id="d000.s6449" source="wordnet-japanese">
         <wf lemma="彼ら" pos="X">彼ら</wf>
         <wf lemma="は" pos="X">は</wf>
         <wf lemma="優勝" pos="X">優勝</wf>
         <instance id="d000.s6449.t000" lemma="コンビ" pos="NOUN">コンビ</instance>
         <wf lemma="だっ" pos="X">だっ</wf>
         <wf lemma="た" pos="X">た</wf>
         <wf lemma="." pos="X">.</wf>
      </sentence>
      <sentence id="d000.s6450" source="wordnet-japanese">
         <wf lemma="今日" pos="X">今日</wf>
         <wf lemma="の" pos="X">の</wf>
         <wf lemma="出来事" pos="X">出来事</wf>
         <wf lemma="は" pos="X">は</wf>
         <wf lemma="昨日" pos="X">昨日</wf>
         <wf lemma="の" pos="X">の</wf>
         <instance id="d000.s6450.t000" lemma="繰り返す" pos="NOUN">繰り返し</instance>
         <wf lemma="だっ" pos="X">だっ</wf>
         <wf lemma="た" pos="X">た</wf>
         <wf lemma="." pos="X">.</wf>
      </sentence>
      <sentence id="d000.s6451" source="wordnet-japanese">
         <wf lemma="人生" pos="X">人生</wf>
         <wf lemma="の" pos="X">の</wf>
         <wf lemma="意義" pos="X">意義</wf>
         <wf lemma="に関する" pos="X">に関する</wf>
         <wf lemma="質問" pos="X">質問</wf>
         <wf lemma="に" pos="X">に</wf>
         <instance id="d000.s6451.t000" lemma="答える" pos="VERB">答える</instance>
         <wf lemma="こと" pos="X">こと</wf>
         <wf lemma="が" pos="X">が</wf>
         <wf lemma="でき" pos="X">でき</wf>
         <wf lemma="ない" pos="X">ない</wf>
         <wf lemma="." pos="X">.</wf>
      </sentence>
      <sentence id="d000.s6452" source="wordnet-japanese">
         <instance id="d000.s6452.t000" lemma="セクシー" pos="ADJ">セクシー</instance>
         <wf lemma="な" pos="X">な</wf>
         <wf lemma="衣服" pos="X">衣服</wf>
         <wf lemma="." pos="X">.</wf>
      </sentence>
      <sentence id="d000.s6453" source="wordnet-japanese">
         <wf lemma="クリスマス" pos="X">クリスマス</wf>
         <wf lemma="前" pos="X">前</wf>
         <wf lemma="の" pos="X">の</wf>
         <instance id="d000.s6453.t000" lemma="賑やか" pos="ADJ">賑やか</instance>
         <wf lemma="な" pos="X">な</wf>
         <wf lemma="路" pos="X">路</wf>
         <wf lemma="と" pos="X">と</wf>
         <wf lemma="店" pos="X">店</wf>
         <wf lemma="を" pos="X">を</wf>
         <wf lemma="私" pos="X">私</wf>
         <wf lemma="は" pos="X">は</wf>
         <wf lemma="避け" pos="X">避け</wf>
         <wf lemma="よう" pos="X">よう</wf>
         <wf lemma="と" pos="X">と</wf>
         <wf lemma="する" pos="X">する</wf>
         <wf lemma="." pos="X">.</wf>
      </sentence>
      <sentence id="d000.s6454" source="wordnet-japanese">
         <wf lemma="彼" pos="X">彼</wf>
         <wf lemma="は" pos="X">は</wf>
         <wf lemma="この" pos="X">この</wf>
         <wf lemma="近所" pos="X">近所</wf>
         <wf lemma="の" pos="X">の</wf>
         <instance id="d000.s6454.t000" lemma="脅威" pos="NOUN">脅威</instance>
         <wf lemma="だっ" pos="X">だっ</wf>
         <wf lemma="た" pos="X">た</wf>
         <wf lemma="." pos="X">.</wf>
      </sentence>
      <sentence id="d000.s6455" source="wordnet-japanese">
         <wf lemma="その" pos="X">その</wf>
         <wf lemma="車" pos="X">車</wf>
         <wf lemma="は" pos="X">は</wf>
         <wf lemma="、" pos="X">、</wf>
         <wf lemma="自ら" pos="X">自ら</wf>
         <wf lemma="の" pos="X">の</wf>
         <instance id="d000.s6455.t000" lemma="勢い" pos="NOUN">勢い</instance>
         <wf lemma="の" pos="X">の</wf>
         <wf lemma="ため" pos="X">ため</wf>
         <wf lemma="に" pos="X">に</wf>
         <wf lemma="道路" pos="X">道路</wf>
         <wf lemma="から" pos="X">から</wf>
         <wf lemma="外れ" pos="X">外れ</wf>
         <wf lemma="て" pos="X">て</wf>
         <wf lemma="しまっ" pos="X">しまっ</wf>
         <wf lemma="た" pos="X">た</wf>
         <wf lemma="." pos="X">.</wf>
      </sentence>
      <sentence id="d000.s6456" source="wordnet-japanese">
         <instance id="d000.s6456.t000" lemma="農業" pos="NOUN">農業</instance>
         <wf lemma="は" pos="X">は</wf>
         <wf lemma="大変" pos="X">大変</wf>
         <wf lemma="な" pos="X">な</wf>
         <wf lemma="生活" pos="X">生活</wf>
         <wf lemma="である" pos="X">である</wf>
         <wf lemma="." pos="X">.</wf>
      </sentence>
      <sentence id="d000.s6457" source="wordnet-japanese">
         <wf lemma="廊下" pos="X">廊下</wf>
         <wf lemma="で" pos="X">で</wf>
         <wf lemma="短い" pos="X">短い</wf>
         <instance id="d000.s6457.t000" lemma="出会い" pos="NOUN">出会い</instance>
         <wf lemma="が" pos="X">が</wf>
         <wf lemma="あっ" pos="X">あっ</wf>
         <wf lemma="た" pos="X">た</wf>
         <wf lemma="." pos="X">.</wf>
      </sentence>
      <sentence id="d000.s6458" source="wordnet-japanese">
         <wf lemma="彼" pos="X">彼</wf>
         <wf lemma="は" pos="X">は</wf>
         <wf lemma="モミ" pos="X">モミ</wf>
         <wf lemma="の" pos="X">の</wf>
         <wf lemma="木" pos="X">木</wf>
         <wf lemma="と" pos="X">と</wf>
         <wf lemma="松" pos="X">松</wf>
         <wf lemma="の" pos="X">の</wf>
         <wf lemma="木" pos="X">木</wf>
         <wf lemma="を" pos="X">を</wf>
         <instance id="d000.s6458.t000" lemma="交互" pos="ADV">交互</instance>
         <wf lemma="に" pos="X">に</wf>
         <wf lemma="植え" pos="X">植え</wf>
         <wf lemma="た" pos="X">た</wf>
         <wf lemma="." pos="X">.</wf>
      </sentence>
      <sentence id="d000.s6459" source="wordnet-japanese">
         <wf lemma="これ" pos="X">これ</wf>
         <wf lemma="は" pos="X">は</wf>
         <instance id="d000.s6459.t000" lemma="繰り返す" pos="VERB">繰り返し</instance>
         <wf lemma="の" pos="X">の</wf>
         <wf lemma="物語" pos="X">物語</wf>
         <wf lemma="である" pos="X">である</wf>
         <wf lemma="." pos="X">.</wf>
      </sentence>
      <sentence id="d000.s6460" source="wordnet-japanese">
         <wf lemma="私" pos="X">私</wf>
         <wf lemma="は" pos="X">は</wf>
         <wf lemma="、" pos="X">、</wf>
         <wf lemma="電柱" pos="X">電柱</wf>
         <wf lemma="に" pos="X">に</wf>
         <instance id="d000.s6460.t000" lemma="ぶつかる" pos="VERB">ぶつかっ</instance>
         <wf lemma="た" pos="X">た</wf>
         <wf lemma="." pos="X">.</wf>
      </sentence>
      <sentence id="d000.s6461" source="wordnet-japanese">
         <wf lemma="彼女" pos="X">彼女</wf>
         <wf lemma="は" pos="X">は</wf>
         <wf lemma="悲惨" pos="X">悲惨</wf>
         <wf lemma="な" pos="X">な</wf>
         <wf lemma="結婚" pos="X">結婚</wf>
         <wf lemma="生活" pos="X">生活</wf>
         <wf lemma="を" pos="X">を</wf>
         <wf lemma="2" pos="X">2</wf>
         <wf lemma="年間" pos="X">年間</wf>
         <instance id="d000.s6461.t000" lemma="耐える" pos="VERB">耐え</instance>
         <wf lemma="た" pos="X">た</wf>
         <wf lemma="." pos="X">.</wf>
      </sentence>
      <sentence id="d000.s6462" source="wordnet-japanese">
         <wf lemma="ジャイアンツ" pos="X">ジャイアンツ</wf>
         <wf lemma="は" pos="X">は</wf>
         <wf lemma="最初" pos="X">最初</wf>
         <wf lemma="の" pos="X">の</wf>
         <wf lemma="13" pos="X">13</wf>
         <wf lemma="試合" pos="X">試合</wf>
         <wf lemma="の" pos="X">の</wf>
         <wf lemma="うち" pos="X">うち</wf>
         <wf lemma="11" pos="X">11</wf>
         <wf lemma="試合" pos="X">試合</wf>
         <wf lemma="を" pos="X">を</wf>
         <instance id="d000.s6462.t000" lemma="落とす" pos="VERB">落とし</instance>
         <wf lemma="た" pos="X">た</wf>
         <wf lemma="." pos="X">.</wf>
      </sentence>
      <sentence id="d000.s6463" source="wordnet-japanese">
         <instance id="d000.s6463.t000" lemma="低い" pos="ADJ">低い</instance>
         <wf lemma="つぶやき" pos="X">つぶやき</wf>
         <wf lemma="." pos="X">.</wf>
      </sentence>
      <sentence id="d000.s6464" source="wordnet-japanese">
         <wf lemma="彼ら" pos="X">彼ら</wf>
         <wf lemma="は" pos="X">は</wf>
         <wf lemma="郡" pos="X">郡</wf>
         <wf lemma="全体" pos="X">全体</wf>
         <wf lemma="で" pos="X">で</wf>
         <wf lemma="行方" pos="X">行方</wf>
         <wf lemma="不明" pos="X">不明</wf>
         <wf lemma="の" pos="X">の</wf>
         <wf lemma="男性" pos="X">男性</wf>
         <wf lemma="を" pos="X">を</wf>
         <instance id="d000.s6464.t000" lemma="捜す" pos="VERB">捜し</instance>
         <wf lemma="て" pos="X">て</wf>
         <wf lemma="いる" pos="X">いる</wf>
         <wf lemma="." pos="X">.</wf>
      </sentence>
      <sentence id="d000.s6465" source="wordnet-japanese">
         <wf lemma="全く" pos="X">全く</wf>
         <instance id="d000.s6465.t000" lemma="ひどい" pos="ADJ">ひどい</instance>
         <wf lemma="出来" pos="X">出来</wf>
         <wf lemma="映え" pos="X">映え</wf>
         <wf lemma="." pos="X">.</wf>
      </sentence>
      <sentence id="d000.s6466" source="wordnet-japanese">
         <instance id="d000.s6466.t000" lemma="硬質" pos="ADJ">硬質</instance>
         <wf lemma="プラスチック" pos="X">プラスチック</wf>
         <wf lemma="で" pos="X">で</wf>
         <wf lemma="作ら" pos="X">作ら</wf>
         <wf lemma="れ" pos="X">れ</wf>
         <wf lemma="た" pos="X">た</wf>
         <wf lemma="テーブル" pos="X">テーブル</wf>
         <wf lemma="." pos="X">.</wf>
      </sentence>
      <sentence id="d000.s6467" source="wordnet-japanese">
         <instance id="d000.s6467.t000" lemma="深い" pos="ADJ">深い</instance>
         <wf lemma="夜" pos="X">夜</wf>
         <wf lemma="." pos="X">.</wf>
      </sentence>
      <sentence id="d000.s6468" source="wordnet-japanese">
         <instance id="d000.s6468.t000" lemma="厳しい" pos="ADJ">厳しい</instance>
         <wf lemma="人生" pos="X">人生</wf>
         <wf lemma="である" pos="X">である</wf>
         <wf lemma="." pos="X">.</wf>
      </sentence>
      <sentence id="d000.s6469" source="wordnet-japanese">
         <wf lemma="神経" pos="X">神経</wf>
         <wf lemma="過敏" pos="X">過敏</wf>
         <wf lemma="の" pos="X">の</wf>
         <instance id="d000.s6469.t000" lemma="ケース" pos="NOUN">ケース</instance>
         <wf lemma="." pos="X">.</wf>
      </sentence>
      <sentence id="d000.s6470" source="wordnet-japanese">
         <wf lemma="平原" pos="X">平原</wf>
         <wf lemma="の" pos="X">の</wf>
         <instance id="d000.s6470.t000" lemma="広がり" pos="NOUN">広がり</instance>
         <wf lemma="." pos="X">.</wf>
      </sentence>
      <sentence id="d000.s6471" source="wordnet-japanese">
         <wf lemma="冷凍" pos="X">冷凍</wf>
         <wf lemma="の" pos="X">の</wf>
         <wf lemma="七面鳥" pos="X">七面鳥</wf>
         <wf lemma="を" pos="X">を</wf>
         <instance id="d000.s6471.t000" lemma="解凍" pos="NOUN">解凍</instance>
         <wf lemma="する" pos="X">する</wf>
         <wf lemma="に" pos="X">に</wf>
         <wf lemma="は" pos="X">は</wf>
         <wf lemma="、" pos="X">、</wf>
         <wf lemma="数" pos="X">数</wf>
         <wf lemma="時間" pos="X">時間</wf>
         <wf lemma="かかる" pos="X">かかる</wf>
         <wf lemma="." pos="X">.</wf>
      </sentence>
      <sentence id="d000.s6472" source="wordnet-japanese">
         <wf lemma="危機" pos="X">危機</wf>
         <wf lemma="の" pos="X">の</wf>
         <wf lemma="とき" pos="X">とき</wf>
         <wf lemma="に" pos="X">に</wf>
         <instance id="d000.s6472.t000" lemma="重大" pos="ADJ">重大</instance>
         <wf lemma="な" pos="X">な</wf>
         <wf lemma="決定" pos="X">決定</wf>
         <wf lemma="に" pos="X">に</wf>
         <wf lemma="直面" pos="X">直面</wf>
         <wf lemma="する" pos="X">する</wf>
         <wf lemma="." pos="X">.</wf>
      </sentence>
      <sentence id="d000.s6473" source="wordnet-japanese">
         <wf lemma="『" pos="X">『</wf>
         <wf lemma="多く" pos="X">多く</wf>
         <wf lemma="』" pos="X">』</wf>
         <wf lemma="を" pos="X">を</wf>
         <instance id="d000.s6473.t000" lemma="示す" pos="VERB">示す</instance>
         <wf lemma="." pos="X">.</wf>
      </sentence>
      <sentence id="d000.s6474" source="wordnet-japanese">
         <wf lemma="それ" pos="X">それ</wf>
         <wf lemma="は" pos="X">は</wf>
         <wf lemma="すばらしい" pos="X">すばらしい</wf>
         <wf lemma="生活" pos="X">生活</wf>
         <instance id="d000.s6474.t000" lemma="設計" pos="NOUN">設計</instance>
         <wf lemma="だっ" pos="X">だっ</wf>
         <wf lemma="た" pos="X">た</wf>
         <wf lemma="." pos="X">.</wf>
      </sentence>
      <sentence id="d000.s6475" source="wordnet-japanese">
         <wf lemma="釣り" pos="X">釣り</wf>
         <wf lemma="は" pos="X">は</wf>
         <wf lemma="、" pos="X">、</wf>
         <wf lemma="彼ら" pos="X">彼ら</wf>
         <wf lemma="の" pos="X">の</wf>
         <wf lemma="主要" pos="X">主要</wf>
         <wf lemma="な" pos="X">な</wf>
         <instance id="d000.s6475.t000" lemma="維持" pos="NOUN">維持</instance>
         <wf lemma="であっ" pos="X">であっ</wf>
         <wf lemma="た" pos="X">た</wf>
         <wf lemma="." pos="X">.</wf>
      </sentence>
      <sentence id="d000.s6476" source="wordnet-japanese">
         <wf lemma="そんな" pos="X">そんな</wf>
         <wf lemma="に" pos="X">に</wf>
         <instance id="d000.s6476.t000" lemma="真剣" pos="ADJ">真剣</instance>
         <wf lemma="に" pos="X">に</wf>
         <wf lemma="なる" pos="X">なる</wf>
         <wf lemma="な." pos="X">な.</wf>
      </sentence>
      <sentence id="d000.s6477" source="wordnet-japanese">
         <instance id="d000.s6477.t000" lemma="ヒュドラ" pos="NOUN">ヒュドラ</instance>
         <wf lemma="は" pos="X">は</wf>
         <wf lemma="ヘラクレス" pos="X">ヘラクレス</wf>
         <wf lemma="によって" pos="X">によって</wf>
         <wf lemma="殺害" pos="X">殺害</wf>
         <wf lemma="さ" pos="X">さ</wf>
         <wf lemma="れ" pos="X">れ</wf>
         <wf lemma="た" pos="X">た</wf>
         <wf lemma="." pos="X">.</wf>
      </sentence>
      <sentence id="d000.s6478" source="wordnet-japanese">
         <wf lemma="食器" pos="X">食器</wf>
         <wf lemma="を" pos="X">を</wf>
         <wf lemma="洗う" pos="X">洗う</wf>
         <wf lemma="に" pos="X">に</wf>
         <wf lemma="は" pos="X">は</wf>
         <wf lemma="あまり" pos="X">あまり</wf>
         <wf lemma="に" pos="X">に</wf>
         <instance id="d000.s6478.t000" lemma="怠惰" pos="ADJ">怠惰</instance>
         <wf lemma="な" pos="X">な</wf>
         <wf lemma="." pos="X">.</wf>
      </sentence>
      <sentence id="d000.s6479" source="wordnet-japanese">
         <instance id="d000.s6479.t000" lemma="痛烈" pos="ADJ">痛烈</instance>
         <wf lemma="な" pos="X">な</wf>
         <wf lemma="批判" pos="X">批判</wf>
         <wf lemma="." pos="X">.</wf>
      </sentence>
      <sentence id="d000.s6480" source="wordnet-japanese">
         <wf lemma="月" pos="X">月</wf>
         <wf lemma="は" pos="X">は</wf>
         <wf lemma="地球" pos="X">地球</wf>
         <wf lemma="の" pos="X">の</wf>
         <wf lemma="周囲" pos="X">周囲</wf>
         <wf lemma="を" pos="X">を</wf>
         <wf lemma="軌道" pos="X">軌道</wf>
         <wf lemma="を" pos="X">を</wf>
         <wf lemma="描い" pos="X">描い</wf>
         <wf lemma="て" pos="X">て</wf>
         <instance id="d000.s6480.t000" lemma="回る" pos="VERB">回る</instance>
         <wf lemma="." pos="X">.</wf>
      </sentence>
      <sentence id="d000.s6481" source="wordnet-japanese">
         <wf lemma="地震" pos="X">地震</wf>
         <wf lemma="は" pos="X">は</wf>
         <instance id="d000.s6481.t000" lemma="天災" pos="NOUN">天災</instance>
         <wf lemma="だっ" pos="X">だっ</wf>
         <wf lemma="た" pos="X">た</wf>
         <wf lemma="." pos="X">.</wf>
      </sentence>
      <sentence id="d000.s6482" source="wordnet-japanese">
         <instance id="d000.s6482.t000" lemma="控えめ" pos="ADJ">控えめ</instance>
         <wf lemma="な" pos="X">な</wf>
         <wf lemma="見積り" pos="X">見積り</wf>
         <wf lemma="." pos="X">.</wf>
      </sentence>
      <sentence id="d000.s6483" source="wordnet-japanese">
         <wf lemma="彼ら" pos="X">彼ら</wf>
         <wf lemma="は" pos="X">は</wf>
         <wf lemma="この" pos="X">この</wf>
         <wf lemma="困難" pos="X">困難</wf>
         <wf lemma="な" pos="X">な</wf>
         <wf lemma="時代" pos="X">時代</wf>
         <wf lemma="の" pos="X">の</wf>
         <wf lemma="間" pos="X">間</wf>
         <wf lemma="、" pos="X">、</wf>
         <wf lemma="立派" pos="X">立派</wf>
         <wf lemma="に" pos="X">に</wf>
         <instance id="d000.s6483.t000" lemma="振る舞う" pos="VERB">振る舞っ</instance>
         <wf lemma="た" pos="X">た</wf>
         <wf lemma="." pos="X">.</wf>
      </sentence>
      <sentence id="d000.s6484" source="wordnet-japanese">
         <wf lemma="政府" pos="X">政府</wf>
         <wf lemma="機関" pos="X">機関</wf>
         <wf lemma="は" pos="X">は</wf>
         <wf lemma="、" pos="X">、</wf>
         <wf lemma="代議制" pos="X">代議制</wf>
         <instance id="d000.s6484.t000" lemma="政治" pos="NOUN">政治</instance>
         <wf lemma="の" pos="X">の</wf>
         <wf lemma="力" pos="X">力</wf>
         <wf lemma="の" pos="X">の</wf>
         <wf lemma="及ぶ" pos="X">及ぶ</wf>
         <wf lemma="範囲" pos="X">範囲</wf>
         <wf lemma="を" pos="X">を</wf>
         <wf lemma="越え" pos="X">越え</wf>
         <wf lemma="て" pos="X">て</wf>
         <wf lemma="増加" pos="X">増加</wf>
         <wf lemma="し" pos="X">し</wf>
         <wf lemma="た" pos="X">た</wf>
         <wf lemma="." pos="X">.</wf>
      </sentence>
      <sentence id="d000.s6485" source="wordnet-japanese">
         <wf lemma="女性" pos="X">女性</wf>
         <wf lemma="の" pos="X">の</wf>
         <instance id="d000.s6485.t000" lemma="居場所" pos="NOUN">居場所</instance>
         <wf lemma="は" pos="X">は</wf>
         <wf lemma="もはや" pos="X">もはや</wf>
         <wf lemma="台所" pos="X">台所</wf>
         <wf lemma="で" pos="X">で</wf>
         <wf lemma="は" pos="X">は</wf>
         <wf lemma="ない" pos="X">ない</wf>
         <wf lemma="." pos="X">.</wf>
      </sentence>
      <sentence id="d000.s6486" source="wordnet-japanese">
         <wf lemma="共謀" pos="X">共謀</wf>
         <wf lemma="は" pos="X">は</wf>
         <wf lemma="賭博師" pos="X">賭博師</wf>
         <wf lemma="の" pos="X">の</wf>
         <wf lemma="ため" pos="X">ため</wf>
         <wf lemma="の" pos="X">の</wf>
         <wf lemma="税金" pos="X">税金</wf>
         <instance id="d000.s6486.t000" lemma="調整" pos="NOUN">調整</instance>
         <wf lemma="の" pos="X">の</wf>
         <wf lemma="結果" pos="X">結果</wf>
         <wf lemma="生じ" pos="X">生じ</wf>
         <wf lemma="た" pos="X">た</wf>
         <wf lemma="." pos="X">.</wf>
      </sentence>
      <sentence id="d000.s6487" source="wordnet-japanese">
         <wf lemma="彼" pos="X">彼</wf>
         <wf lemma="の" pos="X">の</wf>
         <wf lemma="父親" pos="X">父親</wf>
         <wf lemma="は" pos="X">は</wf>
         <instance id="d000.s6487.t000" lemma="暴君" pos="NOUN">暴君</instance>
         <wf lemma="だっ" pos="X">だっ</wf>
         <wf lemma="た" pos="X">た</wf>
         <wf lemma="." pos="X">.</wf>
      </sentence>
      <sentence id="d000.s6488" source="wordnet-japanese">
         <wf lemma="彼ら" pos="X">彼ら</wf>
         <wf lemma="は" pos="X">は</wf>
         <wf lemma="、" pos="X">、</wf>
         <wf lemma="生存者" pos="X">生存者</wf>
         <wf lemma="の" pos="X">の</wf>
         <wf lemma="合図" pos="X">合図</wf>
         <wf lemma="を" pos="X">を</wf>
         <wf lemma="求め" pos="X">求め</wf>
         <wf lemma="て" pos="X">て</wf>
         <wf lemma="、" pos="X">、</wf>
         <instance id="d000.s6488.t000" lemma="残骸" pos="NOUN">残骸</instance>
         <wf lemma="を" pos="X">を</wf>
         <wf lemma="捜し" pos="X">捜し</wf>
         <wf lemma="た" pos="X">た</wf>
         <wf lemma="." pos="X">.</wf>
      </sentence>
      <sentence id="d000.s6489" source="wordnet-japanese">
         <wf lemma="その" pos="X">その</wf>
         <wf lemma="頃" pos="X">頃</wf>
         <wf lemma="、" pos="X">、</wf>
         <wf lemma="犯罪者" pos="X">犯罪者</wf>
         <wf lemma="の" pos="X">の</wf>
         <instance id="d000.s6489.t000" lemma="絞首刑" pos="NOUN">絞首刑</instance>
         <wf lemma="は" pos="X">は</wf>
         <wf lemma="一般" pos="X">一般</wf>
         <wf lemma="向け" pos="X">向け</wf>
         <wf lemma="の" pos="X">の</wf>
         <wf lemma="娯楽" pos="X">娯楽</wf>
         <wf lemma="だっ" pos="X">だっ</wf>
         <wf lemma="た" pos="X">た</wf>
         <wf lemma="." pos="X">.</wf>
      </sentence>
      <sentence id="d000.s6490" source="wordnet-japanese">
         <wf lemma="文法的" pos="X">文法的</wf>
         <wf lemma="な" pos="X">な</wf>
         <wf lemma="文" pos="X">文</wf>
         <wf lemma="の" pos="X">の</wf>
         <instance id="d000.s6490.t000" lemma="要素" pos="NOUN">要素</instance>
         <wf lemma="." pos="X">.</wf>
      </sentence>
      <sentence id="d000.s6491" source="wordnet-japanese">
         <wf lemma="給料" pos="X">給料</wf>
         <wf lemma="は" pos="X">は</wf>
         <instance id="d000.s6491.t000" lemma="悪い" pos="ADJ">悪い</instance>
         <wf lemma="." pos="X">.</wf>
      </sentence>
      <sentence id="d000.s6492" source="wordnet-japanese">
         <wf lemma="黒猫" pos="X">黒猫</wf>
         <wf lemma="の" pos="X">の</wf>
         <wf lemma="内側" pos="X">内側</wf>
         <wf lemma="の" pos="X">の</wf>
         <wf lemma="ように" pos="X">ように</wf>
         <instance id="d000.s6492.t000" lemma="暗い" pos="ADJ">暗い</instance>
         <wf lemma="." pos="X">.</wf>
      </sentence>
      <sentence id="d000.s6493" source="wordnet-japanese">
         <wf lemma="彼" pos="X">彼</wf>
         <wf lemma="は" pos="X">は</wf>
         <wf lemma="善良" pos="X">善良</wf>
         <wf lemma="な" pos="X">な</wf>
         <wf lemma="女性" pos="X">女性</wf>
         <wf lemma="の" pos="X">の</wf>
         <instance id="d000.s6493.t000" lemma="信念" pos="NOUN">信念</instance>
         <wf lemma="を" pos="X">を</wf>
         <wf lemma="大切" pos="X">大切</wf>
         <wf lemma="に" pos="X">に</wf>
         <wf lemma="し" pos="X">し</wf>
         <wf lemma="た" pos="X">た</wf>
         <wf lemma="." pos="X">.</wf>
      </sentence>
      <sentence id="d000.s6494" source="wordnet-japanese">
         <wf lemma="ヴェニス" pos="X">ヴェニス</wf>
         <wf lemma="は" pos="X">は</wf>
         <wf lemma="東洋" pos="X">東洋</wf>
         <wf lemma="と" pos="X">と</wf>
         <wf lemma="の" pos="X">の</wf>
         <instance id="d000.s6494.t000" lemma="交易" pos="NOUN">交易</instance>
         <wf lemma="の" pos="X">の</wf>
         <wf lemma="重要" pos="X">重要</wf>
         <wf lemma="な" pos="X">な</wf>
         <wf lemma="中心地" pos="X">中心地</wf>
         <wf lemma="であっ" pos="X">であっ</wf>
         <wf lemma="た" pos="X">た</wf>
         <wf lemma="." pos="X">.</wf>
      </sentence>
      <sentence id="d000.s6495" source="wordnet-japanese">
         <wf lemma="領域" pos="X">領域</wf>
         <wf lemma="は" pos="X">は</wf>
         <instance id="d000.s6495.t000" lemma="頂点" pos="NOUN">頂点</instance>
         <wf lemma="の" pos="X">の</wf>
         <wf lemma="幅" pos="X">幅</wf>
         <wf lemma="が" pos="X">が</wf>
         <wf lemma="分子" pos="X">分子</wf>
         <wf lemma="２" pos="X">２</wf>
         <wf lemma="、" pos="X">、</wf>
         <wf lemma="３" pos="X">３</wf>
         <wf lemma="個分" pos="X">個分</wf>
         <wf lemma="である" pos="X">である</wf>
         <wf lemma="." pos="X">.</wf>
      </sentence>
      <sentence id="d000.s6496" source="wordnet-japanese">
         <wf lemma="これ" pos="X">これ</wf>
         <wf lemma="は" pos="X">は</wf>
         <instance id="d000.s6496.t000" lemma="実験的" pos="ADV">実験的</instance>
         <wf lemma="に" pos="X">に</wf>
         <wf lemma="決定" pos="X">決定</wf>
         <wf lemma="できる" pos="X">できる</wf>
         <wf lemma="." pos="X">.</wf>
      </sentence>
      <sentence id="d000.s6497" source="wordnet-japanese">
         <instance id="d000.s6497.t000" lemma="以前" pos="ADV">以前</instance>
         <wf lemma="問題" pos="X">問題</wf>
         <wf lemma="に" pos="X">に</wf>
         <wf lemma="さ" pos="X">さ</wf>
         <wf lemma="れ" pos="X">れ</wf>
         <wf lemma="なかっ" pos="X">なかっ</wf>
         <wf lemma="た" pos="X">た</wf>
         <wf lemma="状態" pos="X">状態</wf>
         <wf lemma="." pos="X">.</wf>
      </sentence>
      <sentence id="d000.s6498" source="wordnet-japanese">
         <instance id="d000.s6498.t000" lemma="従順" pos="ADJ">従順</instance>
         <wf lemma="で" pos="X">で</wf>
         <wf lemma="、" pos="X">、</wf>
         <wf lemma="卑屈" pos="X">卑屈</wf>
         <wf lemma="だっ" pos="X">だっ</wf>
         <wf lemma="た" pos="X">た</wf>
         <wf lemma="." pos="X">.</wf>
      </sentence>
      <sentence id="d000.s6499" source="wordnet-japanese">
         <instance id="d000.s6499.t000" lemma="皮膚" pos="NOUN">皮膚</instance>
         <wf lemma="は" pos="X">は</wf>
         <wf lemma="身体" pos="X">身体</wf>
         <wf lemma="の" pos="X">の</wf>
         <wf lemma="最も" pos="X">最も</wf>
         <wf lemma="大きい" pos="X">大きい</wf>
         <wf lemma="器官" pos="X">器官</wf>
         <wf lemma="である" pos="X">である</wf>
         <wf lemma="." pos="X">.</wf>
      </sentence>
      <sentence id="d000.s6500" source="wordnet-japanese">
         <wf lemma="オオコウモリ" pos="X">オオコウモリ</wf>
         <wf lemma="は" pos="X">は</wf>
         <wf lemma="非常" pos="X">非常</wf>
         <wf lemma="に" pos="X">に</wf>
         <instance id="d000.s6500.t000" lemma="多産" pos="ADJ">多産</instance>
         <wf lemma="である" pos="X">である</wf>
         <wf lemma="." pos="X">.</wf>
      </sentence>
      <sentence id="d000.s6501" source="wordnet-japanese">
         <wf lemma="この" pos="X">この</wf>
         <wf lemma="請求書" pos="X">請求書</wf>
         <wf lemma="の" pos="X">の</wf>
         <wf lemma="私" pos="X">私</wf>
         <wf lemma="たち" pos="X">たち</wf>
         <wf lemma="の" pos="X">の</wf>
         <wf lemma="見解" pos="X">見解</wf>
         <wf lemma="は" pos="X">は</wf>
         <wf lemma="まだ" pos="X">まだ</wf>
         <instance id="d000.s6501.t000" lemma="未定" pos="ADJ">未定</instance>
         <wf lemma="です" pos="X">です</wf>
         <wf lemma="." pos="X">.</wf>
      </sentence>
      <sentence id="d000.s6502" source="wordnet-japanese">
         <wf lemma="彼" pos="X">彼</wf>
         <wf lemma="は" pos="X">は</wf>
         <wf lemma="、" pos="X">、</wf>
         <instance id="d000.s6502.t000" lemma="結局" pos="ADV">結局</instance>
         <wf lemma="、" pos="X">、</wf>
         <wf lemma="我々" pos="X">我々</wf>
         <wf lemma="の" pos="X">の</wf>
         <wf lemma="大統領" pos="X">大統領</wf>
         <wf lemma="である" pos="X">である</wf>
         <wf lemma="." pos="X">.</wf>
      </sentence>
      <sentence id="d000.s6503" source="wordnet-japanese">
         <wf lemma="他の" pos="X">他の</wf>
         <wf lemma="語" pos="X">語</wf>
         <wf lemma="で" pos="X">で</wf>
         <wf lemma="同じ" pos="X">同じ</wf>
         <instance id="d000.s6503.t000" lemma="こと" pos="NOUN">こと</instance>
         <wf lemma="を" pos="X">を</wf>
         <wf lemma="言う" pos="X">言う</wf>
         <wf lemma="." pos="X">.</wf>
      </sentence>
      <sentence id="d000.s6504" source="wordnet-japanese">
         <wf lemma="政府" pos="X">政府</wf>
         <wf lemma="の" pos="X">の</wf>
         <wf lemma="政策" pos="X">政策</wf>
         <wf lemma="から" pos="X">から</wf>
         <wf lemma="生じる" pos="X">生じる</wf>
         <wf lemma="社会的" pos="X">社会的</wf>
         <instance id="d000.s6504.t000" lemma="混乱" pos="NOUN">混乱</instance>
         <wf lemma="." pos="X">.</wf>
      </sentence>
      <sentence id="d000.s6505" source="wordnet-japanese">
         <wf lemma="DMZ" pos="X">DMZ</wf>
         <wf lemma="が" pos="X">が</wf>
         <wf lemma="ちょうど" pos="X">ちょうど</wf>
         <wf lemma="その丘" pos="X">その丘</wf>
         <wf lemma="の" pos="X">の</wf>
         <wf lemma="上" pos="X">上</wf>
         <wf lemma="で" pos="X">で</wf>
         <instance id="d000.s6505.t000" lemma="始まる" pos="VERB">始まる</instance>
         <wf lemma="." pos="X">.</wf>
      </sentence>
      <sentence id="d000.s6506" source="wordnet-japanese">
         <wf lemma="その" pos="X">その</wf>
         <wf lemma="種" pos="X">種</wf>
         <wf lemma="に関する" pos="X">に関する</wf>
         <instance id="d000.s6506.t000" lemma="客観的" pos="ADJ">客観的</instance>
         <wf lemma="証拠" pos="X">証拠</wf>
         <wf lemma="は" pos="X">は</wf>
         <wf lemma="何も" pos="X">何も</wf>
         <wf lemma="ない" pos="X">ない</wf>
         <wf lemma="." pos="X">.</wf>
      </sentence>
      <sentence id="d000.s6507" source="wordnet-japanese">
         <wf lemma="私" pos="X">私</wf>
         <wf lemma="は" pos="X">は</wf>
         <wf lemma="彼" pos="X">彼</wf>
         <wf lemma="と" pos="X">と</wf>
         <wf lemma="は" pos="X">は</wf>
         <wf lemma="それ" pos="X">それ</wf>
         <wf lemma="以降" pos="X">以降</wf>
         <instance id="d000.s6507.t000" lemma="取引" pos="NOUN">取引</instance>
         <wf lemma="し" pos="X">し</wf>
         <wf lemma="なかっ" pos="X">なかっ</wf>
         <wf lemma="た" pos="X">た</wf>
         <wf lemma="." pos="X">.</wf>
      </sentence>
      <sentence id="d000.s6508" source="wordnet-japanese">
         <wf lemma="2" pos="X">2</wf>
         <wf lemma="つ" pos="X">つ</wf>
         <wf lemma="の" pos="X">の</wf>
         <wf lemma="企業" pos="X">企業</wf>
         <wf lemma="の" pos="X">の</wf>
         <instance id="d000.s6508.t000" lemma="合併" pos="NOUN">合併</instance>
         <wf lemma="." pos="X">.</wf>
      </sentence>
      <sentence id="d000.s6509" source="wordnet-japanese">
         <wf lemma="配当" pos="X">配当</wf>
         <wf lemma="を" pos="X">を</wf>
         <instance id="d000.s6509.t000" lemma="宣する" pos="VERB">宣する</instance>
         <wf lemma="事" pos="X">事</wf>
         <wf lemma="." pos="X">.</wf>
      </sentence>
      <sentence id="d000.s6510" source="wordnet-japanese">
         <wf lemma="集中" pos="X">集中</wf>
         <wf lemma="する" pos="X">する</wf>
         <wf lemma="1" pos="X">1</wf>
         <wf lemma="次" pos="X">次</wf>
         <wf lemma="元" pos="X">元</wf>
         <wf lemma="は" pos="X">は</wf>
         <instance id="d000.s6510.t000" lemma="空間的" pos="ADJ">空間的</instance>
         <wf lemma="な" pos="X">な</wf>
         <wf lemma="もの" pos="X">もの</wf>
         <wf lemma="だ" pos="X">だ</wf>
         <wf lemma="." pos="X">.</wf>
      </sentence>
      <sentence id="d000.s6511" source="wordnet-japanese">
         <wf lemma="空間" pos="X">空間</wf>
         <wf lemma="の" pos="X">の</wf>
         <wf lemma="微粒子" pos="X">微粒子</wf>
         <wf lemma="が" pos="X">が</wf>
         <wf lemma="、" pos="X">、</wf>
         <instance id="d000.s6511.t000" lemma="プラズマ" pos="NOUN">プラズマ</instance>
         <wf lemma="の" pos="X">の</wf>
         <wf lemma="形" pos="X">形</wf>
         <wf lemma="で" pos="X">で</wf>
         <wf lemma="存在" pos="X">存在</wf>
         <wf lemma="する" pos="X">する</wf>
         <wf lemma="." pos="X">.</wf>
      </sentence>
      <sentence id="d000.s6512" source="wordnet-japanese">
         <wf lemma="彼" pos="X">彼</wf>
         <wf lemma="の" pos="X">の</wf>
         <instance id="d000.s6512.t000" lemma="間近" pos="ADJ">間近</instance>
         <wf lemma="に" pos="X">に</wf>
         <wf lemma="迫っ" pos="X">迫っ</wf>
         <wf lemma="た" pos="X">た</wf>
         <wf lemma="引退" pos="X">引退</wf>
         <wf lemma="." pos="X">.</wf>
      </sentence>
      <sentence id="d000.s6513" source="wordnet-japanese">
         <instance id="d000.s6513.t000" lemma="フミン酸" pos="NOUN">フミン酸</instance>
         <wf lemma="の" pos="X">の</wf>
         <wf lemma="半減" pos="X">半減</wf>
         <wf lemma="期" pos="X">期</wf>
         <wf lemma="は" pos="X">は</wf>
         <wf lemma="、" pos="X">、</wf>
         <wf lemma="世紀" pos="X">世紀</wf>
         <wf lemma="で" pos="X">で</wf>
         <wf lemma="測ら" pos="X">測ら</wf>
         <wf lemma="れる" pos="X">れる</wf>
         <wf lemma="." pos="X">.</wf>
      </sentence>
      <sentence id="d000.s6514" source="wordnet-japanese">
         <wf lemma="子供" pos="X">子供</wf>
         <wf lemma="たち" pos="X">たち</wf>
         <wf lemma="は" pos="X">は</wf>
         <wf lemma="貝殻" pos="X">貝殻</wf>
         <wf lemma="と" pos="X">と</wf>
         <wf lemma="その" pos="X">その</wf>
         <wf lemma="他" pos="X">他</wf>
         <wf lemma="の" pos="X">の</wf>
         <instance id="d000.s6514.t000" lemma="宝物" pos="NOUN">宝物</instance>
         <wf lemma="を" pos="X">を</wf>
         <wf lemma="もっ" pos="X">もっ</wf>
         <wf lemma="て" pos="X">て</wf>
         <wf lemma="海岸" pos="X">海岸</wf>
         <wf lemma="から" pos="X">から</wf>
         <wf lemma="帰っ" pos="X">帰っ</wf>
         <wf lemma="た" pos="X">た</wf>
         <wf lemma="." pos="X">.</wf>
      </sentence>
      <sentence id="d000.s6515" source="wordnet-japanese">
         <wf lemma="重要" pos="X">重要</wf>
         <wf lemma="に" pos="X">に</wf>
         <wf lemma="見え" pos="X">見え</wf>
         <wf lemma="た" pos="X">た</wf>
         <wf lemma="もの" pos="X">もの</wf>
         <wf lemma="は" pos="X">は</wf>
         <wf lemma="何も" pos="X">何も</wf>
         <instance id="d000.s6515.t000" lemma="生じる" pos="VERB">生じ</instance>
         <wf lemma="なかっ" pos="X">なかっ</wf>
         <wf lemma="た" pos="X">た</wf>
         <wf lemma="." pos="X">.</wf>
      </sentence>
      <sentence id="d000.s6516" source="wordnet-japanese">
         <instance id="d000.s6516.t000" lemma="その後" pos="ADV">その後</instance>
         <wf lemma="、" pos="X">、</wf>
         <wf lemma="彼" pos="X">彼</wf>
         <wf lemma="は" pos="X">は</wf>
         <wf lemma="、" pos="X">、</wf>
         <wf lemma="二度" pos="X">二度</wf>
         <wf lemma="と" pos="X">と</wf>
         <wf lemma="電話" pos="X">電話</wf>
         <wf lemma="を" pos="X">を</wf>
         <wf lemma="し" pos="X">し</wf>
         <wf lemma="なかっ" pos="X">なかっ</wf>
         <wf lemma="た" pos="X">た</wf>
         <wf lemma="." pos="X">.</wf>
      </sentence>
      <sentence id="d000.s6517" source="wordnet-japanese">
         <wf lemma="無差" pos="X">無差</wf>
         <wf lemma="別" pos="X">別</wf>
         <wf lemma="に" pos="X">に</wf>
         <wf lemma="親切" pos="X">親切</wf>
         <wf lemma="に" pos="X">に</wf>
         <instance id="d000.s6517.t000" lemma="する" pos="VERB">する</instance>
         <wf lemma="." pos="X">.</wf>
      </sentence>
      <sentence id="d000.s6518" source="wordnet-japanese">
         <wf lemma="芸術" pos="X">芸術</wf>
         <wf lemma="における" pos="X">における</wf>
         <wf lemma="大きな" pos="X">大きな</wf>
         <instance id="d000.s6518.t000" lemma="進歩" pos="NOUN">進歩</instance>
         <wf lemma="." pos="X">.</wf>
      </sentence>
      <sentence id="d000.s6519" source="wordnet-japanese">
         <wf lemma="彼" pos="X">彼</wf>
         <wf lemma="は" pos="X">は</wf>
         <wf lemma="人生" pos="X">人生</wf>
         <wf lemma="その" pos="X">その</wf>
         <wf lemma="ものより" pos="X">ものより</wf>
         <instance id="d000.s6519.t000" lemma="栄誉" pos="NOUN">栄誉</instance>
         <wf lemma="を" pos="X">を</wf>
         <wf lemma="重ん" pos="X">重ん</wf>
         <wf lemma="じ" pos="X">じ</wf>
         <wf lemma="た" pos="X">た</wf>
         <wf lemma="." pos="X">.</wf>
      </sentence>
      <sentence id="d000.s6520" source="wordnet-japanese">
         <wf lemma="彼女" pos="X">彼女</wf>
         <wf lemma="は" pos="X">は</wf>
         <wf lemma="大統領" pos="X">大統領</wf>
         <wf lemma="の" pos="X">の</wf>
         <wf lemma="スナップ" pos="X">スナップ</wf>
         <wf lemma="写真" pos="X">写真</wf>
         <wf lemma="を" pos="X">を</wf>
         <instance id="d000.s6520.t000" lemma="撮る" pos="VERB">撮っ</instance>
         <wf lemma="た" pos="X">た</wf>
         <wf lemma="." pos="X">.</wf>
      </sentence>
      <sentence id="d000.s6521" source="wordnet-japanese">
         <wf lemma="彼" pos="X">彼</wf>
         <wf lemma="は" pos="X">は</wf>
         <wf lemma="、" pos="X">、</wf>
         <wf lemma="私" pos="X">私</wf>
         <wf lemma="を" pos="X">を</wf>
         <wf lemma="誘惑" pos="X">誘惑</wf>
         <wf lemma="に" pos="X">に</wf>
         <instance id="d000.s6521.t000" lemma="誘い込む" pos="VERB">誘い込ん</instance>
         <wf lemma="だ" pos="X">だ</wf>
         <wf lemma="." pos="X">.</wf>
      </sentence>
      <sentence id="d000.s6522" source="wordnet-japanese">
         <wf lemma="ワゴン" pos="X">ワゴン</wf>
         <wf lemma="を" pos="X">を</wf>
         <instance id="d000.s6522.t000" lemma="引く" pos="VERB">引く</instance>
         <wf lemma="." pos="X">.</wf>
      </sentence>
      <sentence id="d000.s6523" source="wordnet-japanese">
         <wf lemma="アルコール" pos="X">アルコール</wf>
         <wf lemma="の" pos="X">の</wf>
         <wf lemma="販売" pos="X">販売</wf>
         <wf lemma="の" pos="X">の</wf>
         <instance id="d000.s6523.t000" lemma="明確" pos="ADJ">明確</instance>
         <wf lemma="な" pos="X">な</wf>
         <wf lemma="制限" pos="X">制限</wf>
         <wf lemma="." pos="X">.</wf>
      </sentence>
      <sentence id="d000.s6524" source="wordnet-japanese">
         <wf lemma="ラクダ" pos="X">ラクダ</wf>
         <wf lemma="に" pos="X">に</wf>
         <instance id="d000.s6524.t000" lemma="乗る" pos="VERB">乗っ</instance>
         <wf lemma="た" pos="X">た</wf>
         <wf lemma="こと" pos="X">こと</wf>
         <wf lemma="が" pos="X">が</wf>
         <wf lemma="あり" pos="X">あり</wf>
         <wf lemma="ます" pos="X">ます</wf>
         <wf lemma="か" pos="X">か</wf>
         <wf lemma="." pos="X">.</wf>
      </sentence>
      <sentence id="d000.s6525" source="wordnet-japanese">
         <wf lemma="…" pos="X">…</wf>
         <wf lemma="へ" pos="X">へ</wf>
         <wf lemma="行く" pos="X">行く</wf>
         <wf lemma="途中" pos="X">途中</wf>
         <wf lemma="で" pos="X">で</wf>
         <wf lemma="起き" pos="X">起き</wf>
         <wf lemma="た" pos="X">た</wf>
         <wf lemma="おかし" pos="X">おかし</wf>
         <wf lemma="な" pos="X">な</wf>
         <instance id="d000.s6525.t000" lemma="こと" pos="NOUN">こと</instance>
         <wf lemma="." pos="X">.</wf>
      </sentence>
      <sentence id="d000.s6526" source="wordnet-japanese">
         <wf lemma="それら" pos="X">それら</wf>
         <wf lemma="の" pos="X">の</wf>
         <wf lemma="箱" pos="X">箱</wf>
         <wf lemma="を" pos="X">を</wf>
         <wf lemma="角" pos="X">角</wf>
         <wf lemma="に" pos="X">に</wf>
         <instance id="d000.s6526.t000" lemma="動かす" pos="VERB">動かし</instance>
         <wf lemma="て" pos="X">て</wf>
         <wf lemma="ください" pos="X">ください</wf>
         <wf lemma="." pos="X">.</wf>
      </sentence>
      <sentence id="d000.s6527" source="wordnet-japanese">
         <wf lemma="イブ" pos="X">イブ</wf>
         <wf lemma="の" pos="X">の</wf>
         <wf lemma="罪" pos="X">罪</wf>
         <wf lemma="に対して" pos="X">に対して</wf>
         <instance id="d000.s6527.t000" lemma="誘導的" pos="ADJ">誘導的</instance>
         <wf lemma="で" pos="X">で</wf>
         <wf lemma="ある" pos="X">ある</wf>
         <wf lemma="−" pos="X">−</wf>
         <wf lemma="ジョン" pos="X">ジョン</wf>
         <wf lemma="・" pos="X">・</wf>
         <wf lemma="ミルトン" pos="X">ミルトン</wf>
         <wf lemma="." pos="X">.</wf>
      </sentence>
      <sentence id="d000.s6528" source="wordnet-japanese">
         <wf lemma="彼" pos="X">彼</wf>
         <wf lemma="は" pos="X">は</wf>
         <wf lemma="それ" pos="X">それ</wf>
         <wf lemma="を" pos="X">を</wf>
         <wf lemma="もっと" pos="X">もっと</wf>
         <wf lemma="よく" pos="X">よく</wf>
         <instance id="d000.s6528.t000" lemma="観察" pos="NOUN">観察</instance>
         <wf lemma="し" pos="X">し</wf>
         <wf lemma="よう" pos="X">よう</wf>
         <wf lemma="と" pos="X">と</wf>
         <wf lemma="し" pos="X">し</wf>
         <wf lemma="た" pos="X">た</wf>
         <wf lemma="." pos="X">.</wf>
      </sentence>
      <sentence id="d000.s6529" source="wordnet-japanese">
         <wf lemma="厚い" pos="X">厚い</wf>
         <instance id="d000.s6529.t000" lemma="肉厚" pos="ADJ">肉厚</instance>
         <wf lemma="の" pos="X">の</wf>
         <wf lemma="葉" pos="X">葉</wf>
         <wf lemma="の" pos="X">の</wf>
         <wf lemma="多肉" pos="X">多肉</wf>
         <wf lemma="の" pos="X">の</wf>
         <wf lemma="植物" pos="X">植物</wf>
         <wf lemma="." pos="X">.</wf>
      </sentence>
      <sentence id="d000.s6530" source="wordnet-japanese">
         <instance id="d000.s6530.t000" lemma="不幸" pos="ADJ">不幸</instance>
         <wf lemma="な" pos="X">な</wf>
         <wf lemma="事態" pos="X">事態</wf>
         <wf lemma="の" pos="X">の</wf>
         <wf lemma="変化" pos="X">変化</wf>
         <wf lemma="." pos="X">.</wf>
      </sentence>
      <sentence id="d000.s6531" source="wordnet-japanese">
         <instance id="d000.s6531.t000" lemma="不可避" pos="ADJ">不可避</instance>
         <wf lemma="の" pos="X">の</wf>
         <wf lemma="事故" pos="X">事故</wf>
         <wf lemma="." pos="X">.</wf>
      </sentence>
      <sentence id="d000.s6532" source="wordnet-japanese">
         <instance id="d000.s6532.t000" lemma="慎重" pos="ADJ">慎重</instance>
         <wf lemma="な" pos="X">な</wf>
         <wf lemma="芸術" pos="X">芸術</wf>
         <wf lemma="修復者" pos="X">修復者</wf>
         <wf lemma="." pos="X">.</wf>
      </sentence>
      <sentence id="d000.s6533" source="wordnet-japanese">
         <wf lemma="彼ら" pos="X">彼ら</wf>
         <wf lemma="の" pos="X">の</wf>
         <wf lemma="意見" pos="X">意見</wf>
         <instance id="d000.s6533.t000" lemma="交換" pos="NOUN">交換</instance>
         <wf lemma="は" pos="X">は</wf>
         <wf lemma="ひどかっ" pos="X">ひどかっ</wf>
         <wf lemma="た" pos="X">た</wf>
         <wf lemma="." pos="X">.</wf>
      </sentence>
      <sentence id="d000.s6534" source="wordnet-japanese">
         <wf lemma="コルク" pos="X">コルク</wf>
         <wf lemma="の" pos="X">の</wf>
         <wf lemma="におい" pos="X">におい</wf>
         <wf lemma="を" pos="X">を</wf>
         <wf lemma="かいで" pos="X">かいで</wf>
         <wf lemma="ワイン" pos="X">ワイン</wf>
         <wf lemma="を" pos="X">を</wf>
         <wf lemma="味わう" pos="X">味わう</wf>
         <instance id="d000.s6534.t000" lemma="式典" pos="NOUN">式典</instance>
         <wf lemma="." pos="X">.</wf>
      </sentence>
      <sentence id="d000.s6535" source="wordnet-japanese">
         <wf lemma="同" pos="X">同</wf>
         <wf lemma="一色" pos="X">一色</wf>
         <wf lemma="と" pos="X">と</wf>
         <wf lemma="テクスチャー" pos="X">テクスチャー</wf>
         <wf lemma="の" pos="X">の</wf>
         <wf lemma="ため" pos="X">ため</wf>
         <wf lemma="に" pos="X">に</wf>
         <wf lemma="テーラー" pos="X">テーラー</wf>
         <wf lemma="は" pos="X">は</wf>
         <wf lemma="同じ" pos="X">同じ</wf>
         <wf lemma="方向" pos="X">方向</wf>
         <wf lemma="に" pos="X">に</wf>
         <wf lemma="走る" pos="X">走る</wf>
         <instance id="d000.s6535.t000" lemma="毛羽" pos="NOUN">毛羽</instance>
         <wf lemma="に" pos="X">に</wf>
         <wf lemma="沿っ" pos="X">沿っ</wf>
         <wf lemma="て" pos="X">て</wf>
         <wf lemma="ベルベット" pos="X">ベルベット</wf>
         <wf lemma="を" pos="X">を</wf>
         <wf lemma="裁断" pos="X">裁断</wf>
         <wf lemma="する" pos="X">する</wf>
         <wf lemma="." pos="X">.</wf>
      </sentence>
      <sentence id="d000.s6536" source="wordnet-japanese">
         <instance id="d000.s6536.t000" lemma="汚い" pos="ADJ">汚い</instance>
         <wf lemma="警察官" pos="X">警察官</wf>
         <wf lemma="." pos="X">.</wf>
      </sentence>
      <sentence id="d000.s6537" source="wordnet-japanese">
         <wf lemma="その" pos="X">その</wf>
         <wf lemma="山" pos="X">山</wf>
         <wf lemma="は" pos="X">は</wf>
         <wf lemma="硬い" pos="X">硬い</wf>
         <instance id="d000.s6537.t000" lemma="岩" pos="NOUN">岩</instance>
         <wf lemma="である" pos="X">である</wf>
         <wf lemma="." pos="X">.</wf>
      </sentence>
      <sentence id="d000.s6538" source="wordnet-japanese">
         <wf lemma="地球" pos="X">地球</wf>
         <wf lemma="は" pos="X">は</wf>
         <wf lemma="、" pos="X">、</wf>
         <instance id="d000.s6538.t000" lemma="太陽" pos="NOUN">太陽</instance>
         <wf lemma="の" pos="X">の</wf>
         <wf lemma="周り" pos="X">周り</wf>
         <wf lemma="を" pos="X">を</wf>
         <wf lemma="公転" pos="X">公転</wf>
         <wf lemma="する" pos="X">する</wf>
         <wf lemma="." pos="X">.</wf>
      </sentence>
      <sentence id="d000.s6539" source="wordnet-japanese">
         <wf lemma="彼" pos="X">彼</wf>
         <wf lemma="は" pos="X">は</wf>
         <wf lemma="、" pos="X">、</wf>
         <wf lemma="パーティー" pos="X">パーティー</wf>
         <wf lemma="の" pos="X">の</wf>
         <instance id="d000.s6539.t000" lemma="招待" pos="NOUN">招待</instance>
         <wf lemma="を" pos="X">を</wf>
         <wf lemma="得" pos="X">得</wf>
         <wf lemma="た" pos="X">た</wf>
         <wf lemma="." pos="X">.</wf>
      </sentence>
      <sentence id="d000.s6540" source="wordnet-japanese">
         <wf lemma="私" pos="X">私</wf>
         <wf lemma="は" pos="X">は</wf>
         <wf lemma="彼" pos="X">彼</wf>
         <wf lemma="の" pos="X">の</wf>
         <wf lemma="リポート" pos="X">リポート</wf>
         <wf lemma="を" pos="X">を</wf>
         <instance id="d000.s6540.t000" lemma="信じる" pos="VERB">信じ</instance>
         <wf lemma="た" pos="X">た</wf>
         <wf lemma="." pos="X">.</wf>
      </sentence>
      <sentence id="d000.s6541" source="wordnet-japanese">
         <instance id="d000.s6541.t000" lemma="簡潔" pos="ADJ">簡潔</instance>
         <wf lemma="な" pos="X">な</wf>
         <wf lemma="文体" pos="X">文体</wf>
         <wf lemma="は" pos="X">は</wf>
         <wf lemma="、" pos="X">、</wf>
         <wf lemma="短く" pos="X">短く</wf>
         <wf lemma="て" pos="X">て</wf>
         <wf lemma="要" pos="X">要</wf>
         <wf lemma="を" pos="X">を</wf>
         <wf lemma="得" pos="X">得</wf>
         <wf lemma="て" pos="X">て</wf>
         <wf lemma="いる" pos="X">いる</wf>
         <wf lemma="." pos="X">.</wf>
      </sentence>
      <sentence id="d000.s6542" source="wordnet-japanese">
         <wf lemma="水晶" pos="X">水晶</wf>
         <wf lemma="の" pos="X">の</wf>
         <wf lemma="シャンデリア" pos="X">シャンデリア</wf>
         <wf lemma="と" pos="X">と</wf>
         <wf lemma="厚い" pos="X">厚い</wf>
         <wf lemma="東洋" pos="X">東洋</wf>
         <wf lemma="の" pos="X">の</wf>
         <wf lemma="絨毯" pos="X">絨毯</wf>
         <wf lemma="の" pos="X">の</wf>
         <wf lemma="ある" pos="X">ある</wf>
         <instance id="d000.s6542.t000" lemma="豪華" pos="ADJ">豪華</instance>
         <wf lemma="スイートルーム" pos="X">スイートルーム</wf>
         <wf lemma="を" pos="X">を</wf>
         <wf lemma="楽しん" pos="X">楽しん</wf>
         <wf lemma="だ" pos="X">だ</wf>
         <wf lemma="." pos="X">.</wf>
      </sentence>
      <sentence id="d000.s6543" source="wordnet-japanese">
         <instance id="d000.s6543.t000" lemma="可愛い" pos="ADJ">可愛い</instance>
         <wf lemma="子供" pos="X">子供</wf>
         <wf lemma="." pos="X">.</wf>
      </sentence>
      <sentence id="d000.s6544" source="wordnet-japanese">
         <wf lemma="非常" pos="X">非常</wf>
         <wf lemma="に" pos="X">に</wf>
         <instance id="d000.s6544.t000" lemma="派生的" pos="ADJ">派生的</instance>
         <wf lemma="な" pos="X">な</wf>
         <wf lemma="散文" pos="X">散文</wf>
         <wf lemma="の" pos="X">の</wf>
         <wf lemma="スタイル" pos="X">スタイル</wf>
         <wf lemma="." pos="X">.</wf>
      </sentence>
      <sentence id="d000.s6545" source="wordnet-japanese">
         <wf lemma="家" pos="X">家</wf>
         <wf lemma="の" pos="X">の</wf>
         <instance id="d000.s6545.t000" lemma="青写真" pos="NOUN">青写真</instance>
         <wf lemma="." pos="X">.</wf>
      </sentence>
      <sentence id="d000.s6546" source="wordnet-japanese">
         <wf lemma="彼" pos="X">彼</wf>
         <wf lemma="は" pos="X">は</wf>
         <wf lemma="彼女" pos="X">彼女</wf>
         <wf lemma="の" pos="X">の</wf>
         <instance id="d000.s6546.t000" lemma="目" pos="NOUN">目</instance>
         <wf lemma="を" pos="X">を</wf>
         <wf lemma="引こう" pos="X">引こう</wf>
         <wf lemma="と" pos="X">と</wf>
         <wf lemma="し" pos="X">し</wf>
         <wf lemma="た" pos="X">た</wf>
         <wf lemma="." pos="X">.</wf>
      </sentence>
      <sentence id="d000.s6547" source="wordnet-japanese">
         <wf lemma="彼" pos="X">彼</wf>
         <wf lemma="は" pos="X">は</wf>
         <wf lemma="絵" pos="X">絵</wf>
         <wf lemma="を" pos="X">を</wf>
         <wf lemma="描き" pos="X">描き</wf>
         <wf lemma="始める" pos="X">始める</wf>
         <wf lemma="前" pos="X">前</wf>
         <wf lemma="に" pos="X">に</wf>
         <wf lemma="数" pos="X">数</wf>
         <wf lemma="枚" pos="X">枚</wf>
         <wf lemma="の" pos="X">の</wf>
         <instance id="d000.s6547.t000" lemma="スケッチ" pos="NOUN">スケッチ</instance>
         <wf lemma="を" pos="X">を</wf>
         <wf lemma="し" pos="X">し</wf>
         <wf lemma="た" pos="X">た</wf>
         <wf lemma="." pos="X">.</wf>
      </sentence>
      <sentence id="d000.s6548" source="wordnet-japanese">
         <wf lemma="野菜" pos="X">野菜</wf>
         <wf lemma="の" pos="X">の</wf>
         <instance id="d000.s6548.t000" lemma="起源" pos="NOUN">起源</instance>
         <wf lemma="." pos="X">.</wf>
      </sentence>
      <sentence id="d000.s6549" source="wordnet-japanese">
         <wf lemma="私" pos="X">私</wf>
         <wf lemma="たち" pos="X">たち</wf>
         <wf lemma="は" pos="X">は</wf>
         <instance id="d000.s6549.t000" lemma="行進" pos="NOUN">行進</instance>
         <wf lemma="の" pos="X">の</wf>
         <wf lemma="音" pos="X">音</wf>
         <wf lemma="を" pos="X">を</wf>
         <wf lemma="聞い" pos="X">聞い</wf>
         <wf lemma="た" pos="X">た</wf>
         <wf lemma="." pos="X">.</wf>
      </sentence>
      <sentence id="d000.s6550" source="wordnet-japanese">
         <instance id="d000.s6550.t000" lemma="効率的" pos="ADJ">効率的</instance>
         <wf lemma="な" pos="X">な</wf>
         <wf lemma="生産" pos="X">生産</wf>
         <wf lemma="マネージャ" pos="X">マネージャ</wf>
         <wf lemma="." pos="X">.</wf>
      </sentence>
      <sentence id="d000.s6551" source="wordnet-japanese">
         <instance id="d000.s6551.t000" lemma="生活費" pos="NOUN">生活費</instance>
         <wf lemma="の" pos="X">の</wf>
         <wf lemma="上昇" pos="X">上昇</wf>
         <wf lemma="は" pos="X">は</wf>
         <wf lemma="インフレ" pos="X">インフレ</wf>
         <wf lemma="率" pos="X">率</wf>
         <wf lemma="を" pos="X">を</wf>
         <wf lemma="反映" pos="X">反映</wf>
         <wf lemma="し" pos="X">し</wf>
         <wf lemma="て" pos="X">て</wf>
         <wf lemma="いる" pos="X">いる</wf>
         <wf lemma="." pos="X">.</wf>
      </sentence>
      <sentence id="d000.s6552" source="wordnet-japanese">
         <wf lemma="これ" pos="X">これ</wf>
         <wf lemma="の" pos="X">の</wf>
         <wf lemma="代償" pos="X">代償</wf>
         <wf lemma="を" pos="X">を</wf>
         <instance id="d000.s6552.t000" lemma="払う" pos="VERB">払う</instance>
         <wf lemma="であろ" pos="X">であろ</wf>
         <wf lemma="う" pos="X">う</wf>
         <wf lemma="." pos="X">.</wf>
      </sentence>
      <sentence id="d000.s6553" source="wordnet-japanese">
         <wf lemma="会員" pos="X">会員</wf>
         <wf lemma="制" pos="X">制</wf>
         <wf lemma="の" pos="X">の</wf>
         <instance id="d000.s6553.t000" lemma="プライベート" pos="ADJ">プライベート</instance>
         <wf lemma="クラブ" pos="X">クラブ</wf>
         <wf lemma="." pos="X">.</wf>
      </sentence>
      <sentence id="d000.s6554" source="wordnet-japanese">
         <wf lemma="木" pos="X">木</wf>
         <wf lemma="は" pos="X">は</wf>
         <wf lemma="良い" pos="X">良い</wf>
         <wf lemma="家具" pos="X">家具</wf>
         <wf lemma="に" pos="X">に</wf>
         <instance id="d000.s6554.t000" lemma="なる" pos="VERB">なる</instance>
         <wf lemma="." pos="X">.</wf>
      </sentence>
      <sentence id="d000.s6555" source="wordnet-japanese">
         <wf lemma="彼" pos="X">彼</wf>
         <wf lemma="は" pos="X">は</wf>
         <wf lemma="小川" pos="X">小川</wf>
         <wf lemma="の" pos="X">の</wf>
         <wf lemma="そばに" pos="X">そばに</wf>
         <instance id="d000.s6555.t000" lemma="テント" pos="NOUN">テント</instance>
         <wf lemma="を" pos="X">を</wf>
         <wf lemma="張っ" pos="X">張っ</wf>
         <wf lemma="た" pos="X">た</wf>
         <wf lemma="." pos="X">.</wf>
      </sentence>
      <sentence id="d000.s6556" source="wordnet-japanese">
         <instance id="d000.s6556.t000" lemma="恐ろしい" pos="ADJ">恐ろしい</instance>
         <wf lemma="誤り" pos="X">誤り</wf>
         <wf lemma="." pos="X">.</wf>
      </sentence>
      <sentence id="d000.s6557" source="wordnet-japanese">
         <wf lemma="最近" pos="X">最近</wf>
         <wf lemma="において" pos="X">において</wf>
         <wf lemma="どれ" pos="X">どれ</wf>
         <wf lemma="だけ" pos="X">だけ</wf>
         <wf lemma="ロシア" pos="X">ロシア</wf>
         <wf lemma="の" pos="X">の</wf>
         <wf lemma="生活" pos="X">生活</wf>
         <wf lemma="が" pos="X">が</wf>
         <wf lemma="大変か" pos="X">大変か</wf>
         <wf lemma="を" pos="X">を</wf>
         <instance id="d000.s6557.t000" lemma="考える" pos="VERB">考え</instance>
         <wf lemma="よう" pos="X">よう</wf>
         <wf lemma="." pos="X">.</wf>
      </sentence>
      <sentence id="d000.s6558" source="wordnet-japanese">
         <wf lemma="列車" pos="X">列車</wf>
         <wf lemma="の" pos="X">の</wf>
         <wf lemma="動画" pos="X">動画</wf>
         <wf lemma="は" pos="X">は</wf>
         <wf lemma="同じ" pos="X">同じ</wf>
         <instance id="d000.s6558.t000" lemma="主題" pos="NOUN">主題</instance>
         <wf lemma="の" pos="X">の</wf>
         <wf lemma="静止" pos="X">静止</wf>
         <wf lemma="し" pos="X">し</wf>
         <wf lemma="た" pos="X">た</wf>
         <wf lemma="写真" pos="X">写真</wf>
         <wf lemma="より" pos="X">より</wf>
         <wf lemma="も" pos="X">も</wf>
         <wf lemma="ドラマチック" pos="X">ドラマチック</wf>
         <wf lemma="だ" pos="X">だ</wf>
         <wf lemma="." pos="X">.</wf>
      </sentence>
      <sentence id="d000.s6559" source="wordnet-japanese">
         <wf lemma="彼ら" pos="X">彼ら</wf>
         <wf lemma="は" pos="X">は</wf>
         <instance id="d000.s6559.t000" lemma="不可侵" pos="NOUN">不可侵</instance>
         <wf lemma="条約" pos="X">条約</wf>
         <wf lemma="に" pos="X">に</wf>
         <wf lemma="署名" pos="X">署名</wf>
         <wf lemma="し" pos="X">し</wf>
         <wf lemma="た" pos="X">た</wf>
         <wf lemma="." pos="X">.</wf>
      </sentence>
      <sentence id="d000.s6560" source="wordnet-japanese">
         <instance id="d000.s6560.t000" lemma="差別的" pos="ADJ">差別的</instance>
         <wf lemma="な" pos="X">な</wf>
         <wf lemma="税" pos="X">税</wf>
         <wf lemma="." pos="X">.</wf>
      </sentence>
      <sentence id="d000.s6561" source="wordnet-japanese">
         <instance id="d000.s6561.t000" lemma="外科的" pos="ADV">外科的</instance>
         <wf lemma="に" pos="X">に</wf>
         <wf lemma="取除か" pos="X">取除か</wf>
         <wf lemma="れる" pos="X">れる</wf>
         <wf lemma="." pos="X">.</wf>
      </sentence>
      <sentence id="d000.s6562" source="wordnet-japanese">
         <wf lemma="平和" pos="X">平和</wf>
         <wf lemma="条約" pos="X">条約</wf>
         <wf lemma="の" pos="X">の</wf>
         <instance id="d000.s6562.t000" lemma="締結" pos="NOUN">締結</instance>
         <wf lemma="." pos="X">.</wf>
      </sentence>
      <sentence id="d000.s6563" source="wordnet-japanese">
         <wf lemma="私" pos="X">私</wf>
         <wf lemma="に" pos="X">に</wf>
         <wf lemma="生意気" pos="X">生意気</wf>
         <wf lemma="な" pos="X">な</wf>
         <instance id="d000.s6563.t000" lemma="口答え" pos="NOUN">口答え</instance>
         <wf lemma="を" pos="X">を</wf>
         <wf lemma="する" pos="X">する</wf>
         <wf lemma="な." pos="X">な.</wf>
      </sentence>
      <sentence id="d000.s6564" source="wordnet-japanese">
         <instance id="d000.s6564.t000" lemma="改めて" pos="ADV">改めて</instance>
         <wf lemma="始める" pos="X">始める</wf>
         <wf lemma="." pos="X">.</wf>
      </sentence>
      <sentence id="d000.s6565" source="wordnet-japanese">
         <instance id="d000.s6565.t000" lemma="伝統的" pos="ADJ">伝統的</instance>
         <wf lemma="な" pos="X">な</wf>
         <wf lemma="道徳" pos="X">道徳</wf>
         <wf lemma="." pos="X">.</wf>
      </sentence>
      <sentence id="d000.s6566" source="wordnet-japanese">
         <instance id="d000.s6566.t000" lemma="軽率" pos="ADJ">軽率</instance>
         <wf lemma="な" pos="X">な</wf>
         <wf lemma="注意" pos="X">注意</wf>
         <wf lemma="." pos="X">.</wf>
      </sentence>
      <sentence id="d000.s6567" source="wordnet-japanese">
         <wf lemma="私" pos="X">私</wf>
         <wf lemma="を" pos="X">を</wf>
         <wf lemma="殺す" pos="X">殺す</wf>
         <wf lemma="という" pos="X">という</wf>
         <wf lemma="彼" pos="X">彼</wf>
         <wf lemma="の" pos="X">の</wf>
         <instance id="d000.s6567.t000" lemma="脅迫" pos="NOUN">脅迫</instance>
         <wf lemma="は" pos="X">は</wf>
         <wf lemma="全く" pos="X">全く</wf>
         <wf lemma="はっきりし" pos="X">はっきりし</wf>
         <wf lemma="て" pos="X">て</wf>
         <wf lemma="い" pos="X">い</wf>
         <wf lemma="た" pos="X">た</wf>
         <wf lemma="." pos="X">.</wf>
      </sentence>
      <sentence id="d000.s6568" source="wordnet-japanese">
         <wf lemma="彼" pos="X">彼</wf>
         <wf lemma="は" pos="X">は</wf>
         <instance id="d000.s6568.t000" lemma="潜在的" pos="ADV">潜在的</instance>
         <wf lemma="に" pos="X">に</wf>
         <wf lemma="危険" pos="X">危険</wf>
         <wf lemma="である" pos="X">である</wf>
         <wf lemma="." pos="X">.</wf>
      </sentence>
      <sentence id="d000.s6569" source="wordnet-japanese">
         <instance id="d000.s6569.t000" lemma="わずか" pos="ADV">わずか</instance>
         <wf lemma="に" pos="X">に</wf>
         <wf lemma="面白い" pos="X">面白い</wf>
         <wf lemma="." pos="X">.</wf>
      </sentence>
      <sentence id="d000.s6570" source="wordnet-japanese">
         <wf lemma="空気" pos="X">空気</wf>
         <wf lemma="は" pos="X">は</wf>
         <instance id="d000.s6570.t000" lemma="圧制的" pos="ADJ">圧制的</instance>
         <wf lemma="だっ" pos="X">だっ</wf>
         <wf lemma="た" pos="X">た</wf>
         <wf lemma="." pos="X">.</wf>
      </sentence>
      <sentence id="d000.s6571" source="wordnet-japanese">
         <wf lemma="彼" pos="X">彼</wf>
         <wf lemma="は" pos="X">は</wf>
         <instance id="d000.s6571.t000" lemma="先入観" pos="NOUN">先入観</instance>
         <wf lemma="を" pos="X">を</wf>
         <wf lemma="確認" pos="X">確認</wf>
         <wf lemma="し" pos="X">し</wf>
         <wf lemma="よう" pos="X">よう</wf>
         <wf lemma="と" pos="X">と</wf>
         <wf lemma="さえ" pos="X">さえ</wf>
         <wf lemma="し" pos="X">し</wf>
         <wf lemma="なかっ" pos="X">なかっ</wf>
         <wf lemma="た" pos="X">た</wf>
         <wf lemma="." pos="X">.</wf>
      </sentence>
      <sentence id="d000.s6572" source="wordnet-japanese">
         <wf lemma="急速" pos="X">急速</wf>
         <wf lemma="の" pos="X">の</wf>
         <wf lemma="長距離" pos="X">長距離</wf>
         <wf lemma="輸送" pos="X">輸送</wf>
         <wf lemma="にとって" pos="X">にとって</wf>
         <wf lemma="、" pos="X">、</wf>
         <wf lemma="空冷" pos="X">空冷</wf>
         <wf lemma="モーター" pos="X">モーター</wf>
         <wf lemma="は" pos="X">は</wf>
         <wf lemma="魔女" pos="X">魔女</wf>
         <wf lemma="の" pos="X">の</wf>
         <wf lemma="箒" pos="X">箒</wf>
         <wf lemma="より" pos="X">より</wf>
         <instance id="d000.s6572.t000" lemma="効果的" pos="ADJ">効果的</instance>
         <wf lemma="だっ" pos="X">だっ</wf>
         <wf lemma="た" pos="X">た</wf>
         <wf lemma="." pos="X">.</wf>
      </sentence>
      <sentence id="d000.s6573" source="wordnet-japanese">
         <wf lemma="性" pos="X">性</wf>
         <wf lemma="は" pos="X">は</wf>
         <instance id="d000.s6573.t000" lemma="観念的" pos="ADJ">観念的</instance>
         <wf lemma="な" pos="X">な</wf>
         <wf lemma="範疇" pos="X">範疇</wf>
         <wf lemma="であり" pos="X">であり</wf>
         <wf lemma="、" pos="X">、</wf>
         <wf lemma="ジェンダー" pos="X">ジェンダー</wf>
         <wf lemma="は" pos="X">は</wf>
         <wf lemma="文法的" pos="X">文法的</wf>
         <wf lemma="範疇" pos="X">範疇</wf>
         <wf lemma="である" pos="X">である</wf>
         <wf lemma="." pos="X">.</wf>
      </sentence>
      <sentence id="d000.s6574" source="wordnet-japanese">
         <instance id="d000.s6574.t000" lemma="あいまい" pos="ADJ">あいまい</instance>
         <wf lemma="な" pos="X">な</wf>
         <wf lemma="陳述" pos="X">陳述</wf>
         <wf lemma="." pos="X">.</wf>
      </sentence>
      <sentence id="d000.s6575" source="wordnet-japanese">
         <instance id="d000.s6575.t000" lemma="受動的" pos="ADJ">受動的</instance>
         <wf lemma="な" pos="X">な</wf>
         <wf lemma="教団" pos="X">教団</wf>
         <wf lemma="の" pos="X">の</wf>
         <wf lemma="多く" pos="X">多く</wf>
         <wf lemma="の" pos="X">の</wf>
         <wf lemma="慈悲" pos="X">慈悲</wf>
         <wf lemma="心" pos="X">心</wf>
         <wf lemma="が" pos="X">が</wf>
         <wf lemma="、" pos="X">、</wf>
         <wf lemma="自分" pos="X">自分</wf>
         <wf lemma="自身" pos="X">自身</wf>
         <wf lemma="に" pos="X">に</wf>
         <wf lemma="苦痛" pos="X">苦痛</wf>
         <wf lemma="を" pos="X">を</wf>
         <wf lemma="与える" pos="X">与える</wf>
         <wf lemma="嫌気" pos="X">嫌気</wf>
         <wf lemma="に" pos="X">に</wf>
         <wf lemma="由来" pos="X">由来</wf>
         <wf lemma="する" pos="X">する</wf>
         <wf lemma="かもしれ" pos="X">かもしれ</wf>
         <wf lemma="ない" pos="X">ない</wf>
         <wf lemma="−" pos="X">−</wf>
         <wf lemma="ジョージ" pos="X">ジョージ</wf>
         <wf lemma="・" pos="X">・</wf>
         <wf lemma="メレディス" pos="X">メレディス</wf>
         <wf lemma="." pos="X">.</wf>
      </sentence>
      <sentence id="d000.s6576" source="wordnet-japanese">
         <instance id="d000.s6576.t000" lemma="分厚い" pos="ADJ">分厚く</instance>
         <wf lemma="て" pos="X">て</wf>
         <wf lemma="暖かい" pos="X">暖かい</wf>
         <wf lemma="毛布" pos="X">毛布</wf>
         <wf lemma="." pos="X">.</wf>
      </sentence>
      <sentence id="d000.s6577" source="wordnet-japanese">
         <wf lemma="彼" pos="X">彼</wf>
         <wf lemma="の" pos="X">の</wf>
         <instance id="d000.s6577.t000" lemma="州" pos="NOUN">州</instance>
         <wf lemma="は" pos="X">は</wf>
         <wf lemma="、" pos="X">、</wf>
         <wf lemma="ずっと" pos="X">ずっと</wf>
         <wf lemma="南" pos="X">南</wf>
         <wf lemma="に" pos="X">に</wf>
         <wf lemma="ある" pos="X">ある</wf>
         <wf lemma="." pos="X">.</wf>
      </sentence>
      <sentence id="d000.s6578" source="wordnet-japanese">
         <wf lemma="シカゴ" pos="X">シカゴ</wf>
         <wf lemma="出身" pos="X">出身</wf>
         <wf lemma="の" pos="X">の</wf>
         <instance id="d000.s6578.t000" lemma="夫婦" pos="NOUN">夫婦</instance>
         <wf lemma="." pos="X">.</wf>
      </sentence>
      <sentence id="d000.s6579" source="wordnet-japanese">
         <instance id="d000.s6579.t000" lemma="さらに" pos="ADV">さらに</instance>
         <wf lemma="議論" pos="X">議論</wf>
         <wf lemma="する" pos="X">する</wf>
         <wf lemma="こと" pos="X">こと</wf>
         <wf lemma="を" pos="X">を</wf>
         <wf lemma="やめ" pos="X">やめ</wf>
         <wf lemma="よう" pos="X">よう</wf>
         <wf lemma="." pos="X">.</wf>
      </sentence>
      <sentence id="d000.s6580" source="wordnet-japanese">
         <wf lemma="包装紙" pos="X">包装紙</wf>
         <wf lemma="を" pos="X">を</wf>
         <instance id="d000.s6580.t000" lemma="取り除ける" pos="VERB">取り除ける</instance>
         <wf lemma="." pos="X">.</wf>
      </sentence>
      <sentence id="d000.s6581" source="wordnet-japanese">
         <wf lemma="門" pos="X">門</wf>
         <wf lemma="に" pos="X">に</wf>
         <wf lemma="向っ" pos="X">向っ</wf>
         <wf lemma="て" pos="X">て</wf>
         <instance id="d000.s6581.t000" lemma="まっしぐら" pos="ADV">まっしぐら</instance>
         <wf lemma="に" pos="X">に</wf>
         <wf lemma="突進" pos="X">突進</wf>
         <wf lemma="し" pos="X">し</wf>
         <wf lemma="た" pos="X">た</wf>
         <wf lemma="." pos="X">.</wf>
      </sentence>
      <sentence id="d000.s6582" source="wordnet-japanese">
         <wf lemma="雪" pos="X">雪</wf>
         <wf lemma="は" pos="X">は</wf>
         <wf lemma="足元" pos="X">足元</wf>
         <wf lemma="が" pos="X">が</wf>
         <instance id="d000.s6582.t000" lemma="硬い" pos="ADJ">硬かっ</instance>
         <wf lemma="た" pos="X">た</wf>
         <wf lemma="." pos="X">.</wf>
      </sentence>
      <sentence id="d000.s6583" source="wordnet-japanese">
         <wf lemma="人" pos="X">人</wf>
         <wf lemma="の" pos="X">の</wf>
         <instance id="d000.s6583.t000" lemma="無限" pos="ADJ">無限</instance>
         <wf lemma="の" pos="X">の</wf>
         <wf lemma="創造力" pos="X">創造力</wf>
         <wf lemma="." pos="X">.</wf>
      </sentence>
      <sentence id="d000.s6584" source="wordnet-japanese">
         <wf lemma="彼" pos="X">彼</wf>
         <wf lemma="は" pos="X">は</wf>
         <instance id="d000.s6584.t000" lemma="安全" pos="NOUN">安全</instance>
         <wf lemma="地帯" pos="X">地帯</wf>
         <wf lemma="へ" pos="X">へ</wf>
         <wf lemma="走っ" pos="X">走っ</wf>
         <wf lemma="た" pos="X">た</wf>
         <wf lemma="." pos="X">.</wf>
      </sentence>
      <sentence id="d000.s6585" source="wordnet-japanese">
         <wf lemma="ジャケット" pos="X">ジャケット</wf>
         <wf lemma="から" pos="X">から</wf>
         <wf lemma="ほこり" pos="X">ほこり</wf>
         <wf lemma="を" pos="X">を</wf>
         <instance id="d000.s6585.t000" lemma="払う" pos="VERB">払っ</instance>
         <wf lemma="て" pos="X">て</wf>
         <wf lemma="ください" pos="X">ください</wf>
         <wf lemma="." pos="X">.</wf>
      </sentence>
      <sentence id="d000.s6586" source="wordnet-japanese">
         <wf lemma="ハンター" pos="X">ハンター</wf>
         <wf lemma="の" pos="X">の</wf>
         <instance id="d000.s6586.t000" lemma="接近" pos="NOUN">接近</instance>
         <wf lemma="により" pos="X">により</wf>
         <wf lemma="、" pos="X">、</wf>
         <wf lemma="カモ" pos="X">カモ</wf>
         <wf lemma="は" pos="X">は</wf>
         <wf lemma="飛び去っ" pos="X">飛び去っ</wf>
         <wf lemma="た" pos="X">た</wf>
         <wf lemma="." pos="X">.</wf>
      </sentence>
      <sentence id="d000.s6587" source="wordnet-japanese">
         <instance id="d000.s6587.t000" lemma="生理的" pos="ADV">生理的</instance>
         <wf lemma="に" pos="X">に</wf>
         <wf lemma="準備" pos="X">準備</wf>
         <wf lemma="が" pos="X">が</wf>
         <wf lemma="でき" pos="X">でき</wf>
         <wf lemma="て" pos="X">て</wf>
         <wf lemma="いる" pos="X">いる</wf>
         <wf lemma="." pos="X">.</wf>
      </sentence>
      <sentence id="d000.s6588" source="wordnet-japanese">
         <wf lemma="本" pos="X">本</wf>
         <wf lemma="は" pos="X">は</wf>
         <instance id="d000.s6588.t000" lemma="まもなく" pos="ADV">まもなく</instance>
         <wf lemma="出版" pos="X">出版</wf>
         <wf lemma="さ" pos="X">さ</wf>
         <wf lemma="れる" pos="X">れる</wf>
         <wf lemma="だろ" pos="X">だろ</wf>
         <wf lemma="う" pos="X">う</wf>
         <wf lemma="." pos="X">.</wf>
      </sentence>
      <sentence id="d000.s6589" source="wordnet-japanese">
         <wf lemma="彼" pos="X">彼</wf>
         <wf lemma="は" pos="X">は</wf>
         <wf lemma="白" pos="X">白</wf>
         <wf lemma="ネズミ" pos="X">ネズミ</wf>
         <wf lemma="の" pos="X">の</wf>
         <wf lemma="特定" pos="X">特定</wf>
         <wf lemma="の" pos="X">の</wf>
         <instance id="d000.s6589.t000" lemma="品種" pos="NOUN">品種</instance>
         <wf lemma="を" pos="X">を</wf>
         <wf lemma="実験" pos="X">実験</wf>
         <wf lemma="し" pos="X">し</wf>
         <wf lemma="まし" pos="X">まし</wf>
         <wf lemma="た" pos="X">た</wf>
         <wf lemma="." pos="X">.</wf>
      </sentence>
      <sentence id="d000.s6590" source="wordnet-japanese">
         <instance id="d000.s6590.t000" lemma="快適" pos="ADJ">快適</instance>
         <wf lemma="な" pos="X">な</wf>
         <wf lemma="仕事" pos="X">仕事</wf>
         <wf lemma="に" pos="X">に</wf>
         <wf lemma="落ち着き" pos="X">落ち着き</wf>
         <wf lemma="まし" pos="X">まし</wf>
         <wf lemma="た" pos="X">た</wf>
         <wf lemma="。" pos="X">。</wf>
         <wf lemma="彼" pos="X">彼</wf>
         <wf lemma="は" pos="X">は</wf>
         <wf lemma="その" pos="X">その</wf>
         <wf lemma="仕事" pos="X">仕事</wf>
         <wf lemma="の" pos="X">の</wf>
         <wf lemma="ため" pos="X">ため</wf>
         <wf lemma="に" pos="X">に</wf>
         <wf lemma="十分" pos="X">十分</wf>
         <wf lemma="に" pos="X">に</wf>
         <wf lemma="準備" pos="X">準備</wf>
         <wf lemma="し" pos="X">し</wf>
         <wf lemma="て" pos="X">て</wf>
         <wf lemma="い" pos="X">い</wf>
         <wf lemma="まし" pos="X">まし</wf>
         <wf lemma="た" pos="X">た</wf>
         <wf lemma="." pos="X">.</wf>
      </sentence>
      <sentence id="d000.s6591" source="wordnet-japanese">
         <wf lemma="彼" pos="X">彼</wf>
         <wf lemma="は" pos="X">は</wf>
         <wf lemma="電話" pos="X">電話</wf>
         <wf lemma="帳" pos="X">帳</wf>
         <wf lemma="に" pos="X">に</wf>
         <wf lemma="載っ" pos="X">載っ</wf>
         <wf lemma="て" pos="X">て</wf>
         <wf lemma="い" pos="X">い</wf>
         <wf lemma="ない" pos="X">ない</wf>
         <instance id="d000.s6591.t000" lemma="電話番号" pos="NOUN">電話番号</instance>
         <wf lemma="を" pos="X">を</wf>
         <wf lemma="持っ" pos="X">持っ</wf>
         <wf lemma="て" pos="X">て</wf>
         <wf lemma="いる" pos="X">いる</wf>
         <wf lemma="." pos="X">.</wf>
      </sentence>
      <sentence id="d000.s6592" source="wordnet-japanese">
         <instance id="d000.s6592.t000" lemma="無秩序" pos="ADJ">無秩序</instance>
         <wf lemma="に" pos="X">に</wf>
         <wf lemma="積まれ" pos="X">積まれ</wf>
         <wf lemma="た" pos="X">た</wf>
         <wf lemma="服" pos="X">服</wf>
         <wf lemma="." pos="X">.</wf>
      </sentence>
      <sentence id="d000.s6593" source="wordnet-japanese">
         <wf lemma="ブルンジ" pos="X">ブルンジ</wf>
         <wf lemma="が" pos="X">が</wf>
         <wf lemma="1962" pos="X">1962</wf>
         <wf lemma="年" pos="X">年</wf>
         <wf lemma="に" pos="X">に</wf>
         <wf lemma="独立" pos="X">独立</wf>
         <wf lemma="し" pos="X">し</wf>
         <wf lemma="た" pos="X">た</wf>
         <wf lemma="とき" pos="X">とき</wf>
         <wf lemma="、" pos="X">、</wf>
         <instance id="d000.s6593.t000" lemma="ウスンブラ" pos="NOUN">ウスンブラ</instance>
         <wf lemma="は" pos="X">は</wf>
         <wf lemma="ブジュンブラ" pos="X">ブジュンブラ</wf>
         <wf lemma="と" pos="X">と</wf>
         <wf lemma="改名" pos="X">改名</wf>
         <wf lemma="さ" pos="X">さ</wf>
         <wf lemma="れ" pos="X">れ</wf>
         <wf lemma="た" pos="X">た</wf>
         <wf lemma="." pos="X">.</wf>
      </sentence>
      <sentence id="d000.s6594" source="wordnet-japanese">
         <wf lemma="バラ" pos="X">バラ</wf>
         <wf lemma="を" pos="X">を</wf>
         <wf lemma="嗅ぐ" pos="X">嗅ぐ</wf>
         <wf lemma="ため" pos="X">ため</wf>
         <wf lemma="に" pos="X">に</wf>
         <instance id="d000.s6594.t000" lemma="時間" pos="NOUN">時間</instance>
         <wf lemma="を" pos="X">を</wf>
         <wf lemma="取る" pos="X">取る</wf>
         <wf lemma="." pos="X">.</wf>
      </sentence>
      <sentence id="d000.s6595" source="wordnet-japanese">
         <wf lemma="コミュニティ" pos="X">コミュニティ</wf>
         <wf lemma="の" pos="X">の</wf>
         <instance id="d000.s6595.t000" lemma="裕福" pos="ADJ">裕福</instance>
         <wf lemma="な" pos="X">な</wf>
         <wf lemma="メンバー" pos="X">メンバー</wf>
         <wf lemma="." pos="X">.</wf>
      </sentence>
      <sentence id="d000.s6596" source="wordnet-japanese">
         <wf lemma="同じ子" pos="X">同じ子</wf>
         <wf lemma="午線" pos="X">午線</wf>
         <wf lemma="上" pos="X">上</wf>
         <wf lemma="の" pos="X">の</wf>
         <wf lemma="点" pos="X">点</wf>
         <wf lemma="は" pos="X">は</wf>
         <wf lemma="すべて" pos="X">すべて</wf>
         <wf lemma="同じ" pos="X">同じ</wf>
         <instance id="d000.s6596.t000" lemma="経度" pos="NOUN">経度</instance>
         <wf lemma="である" pos="X">である</wf>
         <wf lemma="." pos="X">.</wf>
      </sentence>
      <sentence id="d000.s6597" source="wordnet-japanese">
         <wf lemma="私" pos="X">私</wf>
         <wf lemma="が" pos="X">が</wf>
         <wf lemma="ティーンエージャー" pos="X">ティーンエージャー</wf>
         <wf lemma="を" pos="X">を</wf>
         <instance id="d000.s6597.t000" lemma="インタビュー" pos="NOUN">インタビュー</instance>
         <wf lemma="し" pos="X">し</wf>
         <wf lemma="た" pos="X">た</wf>
         <wf lemma="ところ" pos="X">ところ</wf>
         <wf lemma="宗教的" pos="X">宗教的</wf>
         <wf lemma="な" pos="X">な</wf>
         <wf lemma="絆" pos="X">絆</wf>
         <wf lemma="が" pos="X">が</wf>
         <wf lemma="脆弱" pos="X">脆弱</wf>
         <wf lemma="に" pos="X">に</wf>
         <wf lemma="なっ" pos="X">なっ</wf>
         <wf lemma="て" pos="X">て</wf>
         <wf lemma="いる" pos="X">いる</wf>
         <wf lemma="こと" pos="X">こと</wf>
         <wf lemma="が" pos="X">が</wf>
         <wf lemma="明らか" pos="X">明らか</wf>
         <wf lemma="に" pos="X">に</wf>
         <wf lemma="なっ" pos="X">なっ</wf>
         <wf lemma="た" pos="X">た</wf>
         <wf lemma="." pos="X">.</wf>
      </sentence>
      <sentence id="d000.s6598" source="wordnet-japanese">
         <instance id="d000.s6598.t000" lemma="遺伝子" pos="NOUN">遺伝子</instance>
         <wf lemma="は" pos="X">は</wf>
         <wf lemma="以前" pos="X">以前</wf>
         <wf lemma="、" pos="X">、</wf>
         <wf lemma="要素" pos="X">要素</wf>
         <wf lemma="と" pos="X">と</wf>
         <wf lemma="呼ば" pos="X">呼ば</wf>
         <wf lemma="れ" pos="X">れ</wf>
         <wf lemma="た" pos="X">た</wf>
         <wf lemma="." pos="X">.</wf>
      </sentence>
      <sentence id="d000.s6599" source="wordnet-japanese">
         <wf lemma="草" pos="X">草</wf>
         <wf lemma="における" pos="X">における</wf>
         <instance id="d000.s6599.t000" lemma="静か" pos="ADJ">静か</instance>
         <wf lemma="な" pos="X">な</wf>
         <wf lemma="足音" pos="X">足音</wf>
         <wf lemma="." pos="X">.</wf>
      </sentence>
      <sentence id="d000.s6600" source="wordnet-japanese">
         <wf lemma="支払い" pos="X">支払い</wf>
         <wf lemma="を" pos="X">を</wf>
         <instance id="d000.s6600.t000" lemma="受け取る" pos="VERB">受け取る</instance>
         <wf lemma="." pos="X">.</wf>
      </sentence>
      <sentence id="d000.s6601" source="wordnet-japanese">
         <wf lemma="頭" pos="X">頭</wf>
         <wf lemma="を" pos="X">を</wf>
         <wf lemma="横" pos="X">横</wf>
         <wf lemma="に" pos="X">に</wf>
         <instance id="d000.s6601.t000" lemma="振る" pos="VERB">振る</instance>
         <wf lemma="." pos="X">.</wf>
      </sentence>
      <sentence id="d000.s6602" source="wordnet-japanese">
         <wf lemma="脅威" pos="X">脅威</wf>
         <wf lemma="を" pos="X">を</wf>
         <instance id="d000.s6602.t000" lemma="取り除く" pos="VERB">取り除く</instance>
         <wf lemma="." pos="X">.</wf>
      </sentence>
      <sentence id="d000.s6603" source="wordnet-japanese">
         <instance id="d000.s6603.t000" lemma="エネルギー" pos="NOUN">エネルギー</instance>
         <wf lemma="は" pos="X">は</wf>
         <wf lemma="幅広い" pos="X">幅広い</wf>
         <wf lemma="様々" pos="X">様々</wf>
         <wf lemma="な" pos="X">な</wf>
         <wf lemma="形態" pos="X">形態</wf>
         <wf lemma="を" pos="X">を</wf>
         <wf lemma="とる" pos="X">とる</wf>
         <wf lemma="こと" pos="X">こと</wf>
         <wf lemma="が" pos="X">が</wf>
         <wf lemma="できる" pos="X">できる</wf>
         <wf lemma="." pos="X">.</wf>
      </sentence>
      <sentence id="d000.s6604" source="wordnet-japanese">
         <wf lemma="彼" pos="X">彼</wf>
         <wf lemma="は" pos="X">は</wf>
         <instance id="d000.s6604.t000" lemma="手術" pos="NOUN">手術</instance>
         <wf lemma="を" pos="X">を</wf>
         <wf lemma="受け" pos="X">受け</wf>
         <wf lemma="て" pos="X">て</wf>
         <wf lemma="いる" pos="X">いる</wf>
         <wf lemma="間" pos="X">間</wf>
         <wf lemma="に" pos="X">に</wf>
         <wf lemma="死ん" pos="X">死ん</wf>
         <wf lemma="だ" pos="X">だ</wf>
         <wf lemma="." pos="X">.</wf>
      </sentence>
      <sentence id="d000.s6605" source="wordnet-japanese">
         <instance id="d000.s6605.t000" lemma="本当に" pos="NOUN">本当に</instance>
         <wf lemma="." pos="X">.</wf>
      </sentence>
      <sentence id="d000.s6606" source="wordnet-japanese">
         <wf lemma="それ" pos="X">それ</wf>
         <wf lemma="は" pos="X">は</wf>
         <wf lemma="主要" pos="X">主要</wf>
         <wf lemma="な" pos="X">な</wf>
         <instance id="d000.s6606.t000" lemma="心配" pos="NOUN">心配</instance>
         <wf lemma="である" pos="X">である</wf>
         <wf lemma="." pos="X">.</wf>
      </sentence>
      <sentence id="d000.s6607" source="wordnet-japanese">
         <wf lemma="彼" pos="X">彼</wf>
         <wf lemma="は" pos="X">は</wf>
         <wf lemma="リンカーン" pos="X">リンカーン</wf>
         <wf lemma="大統領" pos="X">大統領</wf>
         <wf lemma="の" pos="X">の</wf>
         <instance id="d000.s6607.t000" lemma="後継者" pos="NOUN">後継者</instance>
         <wf lemma="だっ" pos="X">だっ</wf>
         <wf lemma="た" pos="X">た</wf>
         <wf lemma="." pos="X">.</wf>
      </sentence>
      <sentence id="d000.s6608" source="wordnet-japanese">
         <wf lemma="彼" pos="X">彼</wf>
         <wf lemma="は" pos="X">は</wf>
         <wf lemma="、" pos="X">、</wf>
         <wf lemma="常に" pos="X">常に</wf>
         <wf lemma="文法" pos="X">文法</wf>
         <wf lemma="上" pos="X">上</wf>
         <wf lemma="の" pos="X">の</wf>
         <instance id="d000.s6608.t000" lemma="文" pos="NOUN">文</instance>
         <wf lemma="で" pos="X">で</wf>
         <wf lemma="話し" pos="X">話し</wf>
         <wf lemma="た" pos="X">た</wf>
         <wf lemma="." pos="X">.</wf>
      </sentence>
      <sentence id="d000.s6609" source="wordnet-japanese">
         <instance id="d000.s6609.t000" lemma="衝撃" pos="NOUN">衝撃</instance>
         <wf lemma="で" pos="X">で</wf>
         <wf lemma="彼" pos="X">彼</wf>
         <wf lemma="は" pos="X">は</wf>
         <wf lemma="圧倒" pos="X">圧倒</wf>
         <wf lemma="さ" pos="X">さ</wf>
         <wf lemma="れ" pos="X">れ</wf>
         <wf lemma="た" pos="X">た</wf>
         <wf lemma="." pos="X">.</wf>
      </sentence>
      <sentence id="d000.s6610" source="wordnet-japanese">
         <wf lemma="新た" pos="X">新た</wf>
         <wf lemma="に" pos="X">に</wf>
         <wf lemma="到着" pos="X">到着</wf>
         <wf lemma="し" pos="X">し</wf>
         <wf lemma="た" pos="X">た</wf>
         <wf lemma="移民" pos="X">移民</wf>
         <wf lemma="の" pos="X">の</wf>
         <instance id="d000.s6610.t000" lemma="処理" pos="NOUN">処理</instance>
         <wf lemma="." pos="X">.</wf>
      </sentence>
      <sentence id="d000.s6611" source="wordnet-japanese">
         <wf lemma="ぼんやり" pos="X">ぼんやり</wf>
         <wf lemma="し" pos="X">し</wf>
         <wf lemma="た砕ける" pos="X">た砕ける</wf>
         <wf lemma="波" pos="X">波</wf>
         <wf lemma="の" pos="X">の</wf>
         <instance id="d000.s6611.t000" lemma="鈍い" pos="ADJ">鈍い</instance>
         <wf lemma="急成長" pos="X">急成長</wf>
         <wf lemma="." pos="X">.</wf>
      </sentence>
      <sentence id="d000.s6612" source="wordnet-japanese">
         <wf lemma="彼女" pos="X">彼女</wf>
         <wf lemma="は" pos="X">は</wf>
         <wf lemma="、" pos="X">、</wf>
         <wf lemma="彼" pos="X">彼</wf>
         <wf lemma="の" pos="X">の</wf>
         <wf lemma="目" pos="X">目</wf>
         <wf lemma="を" pos="X">を</wf>
         <instance id="d000.s6612.t000" lemma="引く" pos="VERB">引い</instance>
         <wf lemma="た" pos="X">た</wf>
         <wf lemma="." pos="X">.</wf>
      </sentence>
      <sentence id="d000.s6613" source="wordnet-japanese">
         <wf lemma="彼ら" pos="X">彼ら</wf>
         <wf lemma="が" pos="X">が</wf>
         <wf lemma="嘘" pos="X">嘘</wf>
         <wf lemma="を" pos="X">を</wf>
         <wf lemma="つい" pos="X">つい</wf>
         <wf lemma="て" pos="X">て</wf>
         <wf lemma="い" pos="X">い</wf>
         <wf lemma="ない" pos="X">ない</wf>
         <wf lemma="という" pos="X">という</wf>
         <instance id="d000.s6613.t000" lemma="保証" pos="NOUN">保証</instance>
         <wf lemma="は" pos="X">は</wf>
         <wf lemma="ない" pos="X">ない</wf>
         <wf lemma="." pos="X">.</wf>
      </sentence>
      <sentence id="d000.s6614" source="wordnet-japanese">
         <wf lemma="彼" pos="X">彼</wf>
         <wf lemma="と" pos="X">と</wf>
         <wf lemma="いっしょ" pos="X">いっしょ</wf>
         <wf lemma="に" pos="X">に</wf>
         <wf lemma="いる" pos="X">いる</wf>
         <instance id="d000.s6614.t000" lemma="喜び" pos="NOUN">喜び</instance>
         <wf lemma="." pos="X">.</wf>
      </sentence>
      <sentence id="d000.s6615" source="wordnet-japanese">
         <wf lemma="彼ら" pos="X">彼ら</wf>
         <wf lemma="は" pos="X">は</wf>
         <instance id="d000.s6615.t000" lemma="十分" pos="ADV">十分</instance>
         <wf lemma="に" pos="X">に</wf>
         <wf lemma="（" pos="X">（</wf>
         <wf lemma="または" pos="X">または</wf>
         <wf lemma="完全" pos="X">完全</wf>
         <wf lemma="に" pos="X">に</wf>
         <wf lemma="）" pos="X">）</wf>
         <wf lemma="食事" pos="X">食事</wf>
         <wf lemma="を" pos="X">を</wf>
         <wf lemma="供さ" pos="X">供さ</wf>
         <wf lemma="れ" pos="X">れ</wf>
         <wf lemma="た" pos="X">た</wf>
         <wf lemma="." pos="X">.</wf>
      </sentence>
      <sentence id="d000.s6616" source="wordnet-japanese">
         <wf lemma="彼" pos="X">彼</wf>
         <wf lemma="は" pos="X">は</wf>
         <instance id="d000.s6616.t000" lemma="磁力的" pos="ADV">磁力的</instance>
         <wf lemma="に" pos="X">に</wf>
         <wf lemma="彼女" pos="X">彼女</wf>
         <wf lemma="に" pos="X">に</wf>
         <wf lemma="引きつけ" pos="X">引きつけ</wf>
         <wf lemma="られ" pos="X">られ</wf>
         <wf lemma="た" pos="X">た</wf>
         <wf lemma="." pos="X">.</wf>
      </sentence>
      <sentence id="d000.s6617" source="wordnet-japanese">
         <wf lemma="彼" pos="X">彼</wf>
         <wf lemma="の" pos="X">の</wf>
         <wf lemma="音楽" pos="X">音楽</wf>
         <wf lemma="に" pos="X">に</wf>
         <wf lemma="は" pos="X">は</wf>
         <wf lemma="、" pos="X">、</wf>
         <wf lemma="アフリカ" pos="X">アフリカ</wf>
         <wf lemma="の" pos="X">の</wf>
         <instance id="d000.s6617.t000" lemma="ルーツ" pos="NOUN">ルーツ</instance>
         <wf lemma="が" pos="X">が</wf>
         <wf lemma="ある" pos="X">ある</wf>
         <wf lemma="." pos="X">.</wf>
      </sentence>
      <sentence id="d000.s6618" source="wordnet-japanese">
         <wf lemma="取引" pos="X">取引</wf>
         <wf lemma="の" pos="X">の</wf>
         <instance id="d000.s6618.t000" lemma="復活" pos="NOUN">復活</instance>
         <wf lemma="." pos="X">.</wf>
      </sentence>
      <sentence id="d000.s6619" source="wordnet-japanese">
         <wf lemma="感じ" pos="X">感じ</wf>
         <wf lemma="られ" pos="X">られ</wf>
         <wf lemma="た" pos="X">た</wf>
         <instance id="d000.s6619.t000" lemma="激しい" pos="ADJ">激しい</instance>
         <wf lemma="いらだち" pos="X">いらだち</wf>
         <wf lemma="." pos="X">.</wf>
      </sentence>
      <sentence id="d000.s6620" source="wordnet-japanese">
         <wf lemma="私" pos="X">私</wf>
         <wf lemma="に" pos="X">に</wf>
         <wf lemma="どんな" pos="X">どんな</wf>
         <instance id="d000.s6620.t000" lemma="選択肢" pos="NOUN">選択肢</instance>
         <wf lemma="が" pos="X">が</wf>
         <wf lemma="ある" pos="X">ある</wf>
         <wf lemma="か" pos="X">か</wf>
         <wf lemma="." pos="X">.</wf>
      </sentence>
      <sentence id="d000.s6621" source="wordnet-japanese">
         <wf lemma="彼女" pos="X">彼女</wf>
         <wf lemma="は" pos="X">は</wf>
         <wf lemma="、" pos="X">、</wf>
         <wf lemma="毎日" pos="X">毎日</wf>
         <wf lemma="、" pos="X">、</wf>
         <wf lemma="3" pos="X">3</wf>
         <wf lemma="マイル" pos="X">マイル</wf>
         <instance id="d000.s6621.t000" lemma="歩く" pos="VERB">歩く</instance>
         <wf lemma="." pos="X">.</wf>
      </sentence>
      <sentence id="d000.s6622" source="wordnet-japanese">
         <wf lemma="ダイアル" pos="X">ダイアル</wf>
         <wf lemma="を" pos="X">を</wf>
         <wf lemma="10" pos="X">10</wf>
         <wf lemma="に" pos="X">に</wf>
         <instance id="d000.s6622.t000" lemma="回す" pos="VERB">回す</instance>
         <wf lemma="." pos="X">.</wf>
      </sentence>
      <sentence id="d000.s6623" source="wordnet-japanese">
         <instance id="d000.s6623.t000" lemma="セクシー" pos="ADJ">セクシー</instance>
         <wf lemma="な" pos="X">な</wf>
         <wf lemma="ポーズ" pos="X">ポーズ</wf>
         <wf lemma="." pos="X">.</wf>
      </sentence>
      <sentence id="d000.s6624" source="wordnet-japanese">
         <instance id="d000.s6624.t000" lemma="痛烈" pos="ADJ">痛烈</instance>
         <wf lemma="な" pos="X">な</wf>
         <wf lemma="公然" pos="X">公然</wf>
         <wf lemma="たる" pos="X">たる</wf>
         <wf lemma="非難" pos="X">非難</wf>
         <wf lemma="." pos="X">.</wf>
      </sentence>
      <sentence id="d000.s6625" source="wordnet-japanese">
         <wf lemma="責任" pos="X">責任</wf>
         <wf lemma="の" pos="X">の</wf>
         <wf lemma="重さ" pos="X">重さ</wf>
         <wf lemma="に" pos="X">に</wf>
         <instance id="d000.s6625.t000" lemma="無頓着" pos="ADJ">無頓着</instance>
         <wf lemma="で" pos="X">で</wf>
         <wf lemma="は" pos="X">は</wf>
         <wf lemma="ない" pos="X">ない</wf>
         <wf lemma="." pos="X">.</wf>
      </sentence>
      <sentence id="d000.s6626" source="wordnet-japanese">
         <instance id="d000.s6626.t000" lemma="ある" pos="ADJ">ある</instance>
         <wf lemma="品種" pos="X">品種</wf>
         <wf lemma="は" pos="X">は</wf>
         <wf lemma="ペット" pos="X">ペット</wf>
         <wf lemma="に" pos="X">に</wf>
         <wf lemma="向か" pos="X">向か</wf>
         <wf lemma="ない" pos="X">ない</wf>
         <wf lemma="." pos="X">.</wf>
      </sentence>
      <sentence id="d000.s6627" source="wordnet-japanese">
         <wf lemma="彼" pos="X">彼</wf>
         <wf lemma="の" pos="X">の</wf>
         <wf lemma="話" pos="X">話</wf>
         <wf lemma="で" pos="X">で</wf>
         <wf lemma="は" pos="X">は</wf>
         <instance id="d000.s6627.t000" lemma="変装" pos="NOUN">変装</instance>
         <wf lemma="の" pos="X">の</wf>
         <wf lemma="劇場" pos="X">劇場</wf>
         <wf lemma="の" pos="X">の</wf>
         <wf lemma="概念" pos="X">概念</wf>
         <wf lemma="は" pos="X">は</wf>
         <wf lemma="、" pos="X">、</wf>
         <wf lemma="悲劇的" pos="X">悲劇的</wf>
         <wf lemma="結末" pos="X">結末</wf>
         <wf lemma="と" pos="X">と</wf>
         <wf lemma="常に" pos="X">常に</wf>
         <wf lemma="関係" pos="X">関係</wf>
         <wf lemma="し" pos="X">し</wf>
         <wf lemma="て" pos="X">て</wf>
         <wf lemma="いる" pos="X">いる</wf>
         <wf lemma="." pos="X">.</wf>
      </sentence>
      <sentence id="d000.s6628" source="wordnet-japanese">
         <wf lemma="彼" pos="X">彼</wf>
         <wf lemma="は" pos="X">は</wf>
         <instance id="d000.s6628.t000" lemma="賃上げ" pos="NOUN">賃上げ</instance>
         <wf lemma="を" pos="X">を</wf>
         <wf lemma="得" pos="X">得</wf>
         <wf lemma="た" pos="X">た</wf>
         <wf lemma="." pos="X">.</wf>
      </sentence>
      <sentence id="d000.s6629" source="wordnet-japanese">
         <wf lemma="この" pos="X">この</wf>
         <wf lemma="ナイフ" pos="X">ナイフ</wf>
         <wf lemma="は" pos="X">は</wf>
         <wf lemma="よく" pos="X">よく</wf>
         <instance id="d000.s6629.t000" lemma="切れる" pos="VERB">切れる</instance>
         <wf lemma="." pos="X">.</wf>
      </sentence>
      <sentence id="d000.s6630" source="wordnet-japanese">
         <wf lemma="警察" pos="X">警察</wf>
         <wf lemma="は" pos="X">は</wf>
         <wf lemma="何の" pos="X">何の</wf>
         <wf lemma="手がかり" pos="X">手がかり</wf>
         <wf lemma="を" pos="X">を</wf>
         <instance id="d000.s6630.t000" lemma="捜す" pos="VERB">捜し</instance>
         <wf lemma="て" pos="X">て</wf>
         <wf lemma="いる" pos="X">いる</wf>
         <wf lemma="." pos="X">.</wf>
      </sentence>
      <sentence id="d000.s6631" source="wordnet-japanese">
         <wf lemma="我々" pos="X">我々</wf>
         <wf lemma="は" pos="X">は</wf>
         <wf lemma="、" pos="X">、</wf>
         <wf lemma="新しい" pos="X">新しい</wf>
         <wf lemma="ユニフォーム" pos="X">ユニフォーム</wf>
         <wf lemma="を" pos="X">を</wf>
         <instance id="d000.s6631.t000" lemma="割り当てる" pos="VERB">割り当て</instance>
         <wf lemma="られ" pos="X">られ</wf>
         <wf lemma="た" pos="X">た</wf>
         <wf lemma="." pos="X">.</wf>
      </sentence>
      <sentence id="d000.s6632" source="wordnet-japanese">
         <wf lemma="あなた" pos="X">あなた</wf>
         <wf lemma="が" pos="X">が</wf>
         <wf lemma="ストライキ" pos="X">ストライキ</wf>
         <wf lemma="に" pos="X">に</wf>
         <wf lemma="言及" pos="X">言及</wf>
         <wf lemma="する" pos="X">する</wf>
         <wf lemma="とき" pos="X">とき</wf>
         <wf lemma="、" pos="X">、</wf>
         <wf lemma="彼" pos="X">彼</wf>
         <wf lemma="の" pos="X">の</wf>
         <wf lemma="名前" pos="X">名前</wf>
         <wf lemma="が" pos="X">が</wf>
         <wf lemma="思い" pos="X">思い</wf>
         <instance id="d000.s6632.t000" lemma="浮かぶ" pos="VERB">浮かぶ</instance>
         <wf lemma="." pos="X">.</wf>
      </sentence>
      <sentence id="d000.s6633" source="wordnet-japanese">
         <wf lemma="彼女" pos="X">彼女</wf>
         <wf lemma="は" pos="X">は</wf>
         <wf lemma="彼女" pos="X">彼女</wf>
         <wf lemma="の" pos="X">の</wf>
         <wf lemma="損失" pos="X">損失</wf>
         <wf lemma="の" pos="X">の</wf>
         <wf lemma="後" pos="X">後</wf>
         <wf lemma="、" pos="X">、</wf>
         <wf lemma="悲しい" pos="X">悲しい</wf>
         <wf lemma="と" pos="X">と</wf>
         <instance id="d000.s6633.t000" lemma="感じる" pos="VERB">感じ</instance>
         <wf lemma="た" pos="X">た</wf>
         <wf lemma="." pos="X">.</wf>
      </sentence>
      <sentence id="d000.s6634" source="wordnet-japanese">
         <instance id="d000.s6634.t000" lemma="嬉しい" pos="ADJ">嬉しい</instance>
         <wf lemma="時" pos="X">時</wf>
         <wf lemma="." pos="X">.</wf>
      </sentence>
      <sentence id="d000.s6635" source="wordnet-japanese">
         <wf lemma="プリンストン" pos="X">プリンストン</wf>
         <wf lemma="の" pos="X">の</wf>
         <wf lemma="戦い" pos="X">戦い</wf>
         <wf lemma="の" pos="X">の</wf>
         <instance id="d000.s6635.t000" lemma="再現" pos="NOUN">再現</instance>
         <wf lemma="." pos="X">.</wf>
      </sentence>
      <sentence id="d000.s6636" source="wordnet-japanese">
         <wf lemma="敵" pos="X">敵</wf>
         <wf lemma="の" pos="X">の</wf>
         <wf lemma="砲火" pos="X">砲火</wf>
         <wf lemma="は" pos="X">は</wf>
         <instance id="d000.s6636.t000" lemma="激しい" pos="ADJ">激しかっ</instance>
         <wf lemma="た" pos="X">た</wf>
         <wf lemma="." pos="X">.</wf>
      </sentence>
      <sentence id="d000.s6637" source="wordnet-japanese">
         <wf lemma="小さく" pos="X">小さく</wf>
         <wf lemma="て" pos="X">て</wf>
         <instance id="d000.s6637.t000" lemma="騒がしい" pos="ADJ">騒がしい</instance>
         <wf lemma="犬" pos="X">犬</wf>
         <wf lemma="." pos="X">.</wf>
      </sentence>
      <sentence id="d000.s6638" source="wordnet-japanese">
         <wf lemma="彼" pos="X">彼</wf>
         <wf lemma="の" pos="X">の</wf>
         <wf lemma="小説" pos="X">小説</wf>
         <wf lemma="の" pos="X">の</wf>
         <instance id="d000.s6638.t000" lemma="文書" pos="NOUN">文書</instance>
         <wf lemma="は" pos="X">は</wf>
         <wf lemma="すばらしい" pos="X">すばらしい</wf>
         <wf lemma="." pos="X">.</wf>
      </sentence>
      <sentence id="d000.s6639" source="wordnet-japanese">
         <wf lemma="彼" pos="X">彼</wf>
         <wf lemma="の" pos="X">の</wf>
         <wf lemma="絵画" pos="X">絵画</wf>
         <wf lemma="様式" pos="X">様式</wf>
         <wf lemma="は" pos="X">は</wf>
         <wf lemma="キュビスム" pos="X">キュビスム</wf>
         <wf lemma="に対する" pos="X">に対する</wf>
         <instance id="d000.s6639.t000" lemma="反動" pos="NOUN">反動</instance>
         <wf lemma="だっ" pos="X">だっ</wf>
         <wf lemma="た" pos="X">た</wf>
         <wf lemma="." pos="X">.</wf>
      </sentence>
      <sentence id="d000.s6640" source="wordnet-japanese">
         <wf lemma="私" pos="X">私</wf>
         <wf lemma="は" pos="X">は</wf>
         <wf lemma="、" pos="X">、</wf>
         <wf lemma="足首" pos="X">足首</wf>
         <wf lemma="を" pos="X">を</wf>
         <instance id="d000.s6640.t000" lemma="挫く" pos="VERB">挫い</instance>
         <wf lemma="て" pos="X">て</wf>
         <wf lemma="、" pos="X">、</wf>
         <wf lemma="数" pos="X">数</wf>
         <wf lemma="日" pos="X">日</wf>
         <wf lemma="間" pos="X">間</wf>
         <wf lemma="、" pos="X">、</wf>
         <wf lemma="歩く" pos="X">歩く</wf>
         <wf lemma="こと" pos="X">こと</wf>
         <wf lemma="が" pos="X">が</wf>
         <wf lemma="でき" pos="X">でき</wf>
         <wf lemma="なかっ" pos="X">なかっ</wf>
         <wf lemma="た" pos="X">た</wf>
         <wf lemma="." pos="X">.</wf>
      </sentence>
      <sentence id="d000.s6641" source="wordnet-japanese">
         <wf lemma="会社" pos="X">会社</wf>
         <wf lemma="の" pos="X">の</wf>
         <wf lemma="金融" pos="X">金融</wf>
         <instance id="d000.s6641.t000" lemma="部門" pos="NOUN">部門</instance>
         <wf lemma="." pos="X">.</wf>
      </sentence>
      <sentence id="d000.s6642" source="wordnet-japanese">
         <wf lemma="その" pos="X">その</wf>
         <wf lemma="基金" pos="X">基金</wf>
         <wf lemma="は" pos="X">は</wf>
         <wf lemma="、" pos="X">、</wf>
         <wf lemma="実験" pos="X">実験</wf>
         <wf lemma="を" pos="X">を</wf>
         <instance id="d000.s6642.t000" lemma="サポート" pos="NOUN">サポート</instance>
         <wf lemma="し" pos="X">し</wf>
         <wf lemma="た" pos="X">た</wf>
         <wf lemma="." pos="X">.</wf>
      </sentence>
      <sentence id="d000.s6643" source="wordnet-japanese">
         <wf lemma="彼" pos="X">彼</wf>
         <wf lemma="の" pos="X">の</wf>
         <wf lemma="目" pos="X">目</wf>
         <wf lemma="は" pos="X">は</wf>
         <wf lemma="暗い" pos="X">暗い</wf>
         <instance id="d000.s6643.t000" lemma="洞窟" pos="NOUN">洞窟</instance>
         <wf lemma="だっ" pos="X">だっ</wf>
         <wf lemma="た" pos="X">た</wf>
         <wf lemma="." pos="X">.</wf>
      </sentence>
      <sentence id="d000.s6644" source="wordnet-japanese">
         <wf lemma="カナダ" pos="X">カナダ</wf>
         <wf lemma="の" pos="X">の</wf>
         <wf lemma="原生" pos="X">原生</wf>
         <wf lemma="自然" pos="X">自然</wf>
         <wf lemma="地域" pos="X">地域</wf>
         <wf lemma="の" pos="X">の</wf>
         <instance id="d000.s6644.t000" lemma="すばらしい" pos="ADJ">すばらしい</instance>
         <wf lemma="写真" pos="X">写真</wf>
         <wf lemma="." pos="X">.</wf>
      </sentence>
      <sentence id="d000.s6645" source="wordnet-japanese">
         <wf lemma="あなた" pos="X">あなた</wf>
         <wf lemma="は" pos="X">は</wf>
         <instance id="d000.s6645.t000" lemma="ジャック" pos="NOUN">ジャック</instance>
         <wf lemma="を" pos="X">を</wf>
         <wf lemma="知ら" pos="X">知ら</wf>
         <wf lemma="ない" pos="X">ない</wf>
         <wf lemma="." pos="X">.</wf>
      </sentence>
      <sentence id="d000.s6646" source="wordnet-japanese">
         <wf lemma="危険" pos="X">危険</wf>
         <wf lemma="へ" pos="X">へ</wf>
         <wf lemma="の" pos="X">の</wf>
         <instance id="d000.s6646.t000" lemma="特に" pos="ADV">特に</instance>
         <wf lemma="（" pos="X">（</wf>
         <wf lemma="特別" pos="X">特別</wf>
         <wf lemma="に" pos="X">に</wf>
         <wf lemma="）" pos="X">）</wf>
         <wf lemma="注意" pos="X">注意</wf>
         <wf lemma="深い" pos="X">深い</wf>
         <wf lemma="取り組み" pos="X">取り組み</wf>
         <wf lemma="." pos="X">.</wf>
      </sentence>
      <sentence id="d000.s6647" source="wordnet-japanese">
         <wf lemma="彼" pos="X">彼</wf>
         <wf lemma="は" pos="X">は</wf>
         <instance id="d000.s6647.t000" lemma="精力" pos="NOUN">精力</instance>
         <wf lemma="と" pos="X">と</wf>
         <wf lemma="活力" pos="X">活力</wf>
         <wf lemma="の" pos="X">の</wf>
         <wf lemma="かたまり" pos="X">かたまり</wf>
         <wf lemma="だ" pos="X">だ</wf>
         <wf lemma="." pos="X">.</wf>
      </sentence>
      <sentence id="d000.s6648" source="wordnet-japanese">
         <wf lemma="彼" pos="X">彼</wf>
         <wf lemma="の" pos="X">の</wf>
         <wf lemma="博士号" pos="X">博士号</wf>
         <wf lemma="は" pos="X">は</wf>
         <wf lemma="どの" pos="X">どの</wf>
         <instance id="d000.s6648.t000" lemma="分野" pos="NOUN">分野</instance>
         <wf lemma="の" pos="X">の</wf>
         <wf lemma="もの" pos="X">もの</wf>
         <wf lemma="です" pos="X">です</wf>
         <wf lemma="か" pos="X">か</wf>
         <wf lemma="？" pos="X">？</wf>
         <wf lemma="." pos="X">.</wf>
      </sentence>
      <sentence id="d000.s6649" source="wordnet-japanese">
         <wf lemma="彼女" pos="X">彼女</wf>
         <wf lemma="の" pos="X">の</wf>
         <instance id="d000.s6649.t000" lemma="青白い" pos="ADJ">青白い</instance>
         <wf lemma="顔" pos="X">顔</wf>
         <wf lemma="は" pos="X">は</wf>
         <wf lemma="、" pos="X">、</wf>
         <wf lemma="突然" pos="X">突然</wf>
         <wf lemma="赤く" pos="X">赤く</wf>
         <wf lemma="なっ" pos="X">なっ</wf>
         <wf lemma="た" pos="X">た</wf>
         <wf lemma="." pos="X">.</wf>
      </sentence>
      <sentence id="d000.s6650" source="wordnet-japanese">
         <wf lemma="彼女" pos="X">彼女</wf>
         <wf lemma="は" pos="X">は</wf>
         <wf lemma="その" pos="X">その</wf>
         <wf lemma="葬儀" pos="X">葬儀</wf>
         <wf lemma="に" pos="X">に</wf>
         <instance id="d000.s6650.t000" lemma="現れる" pos="VERB">現れ</instance>
         <wf lemma="た" pos="X">た</wf>
         <wf lemma="." pos="X">.</wf>
      </sentence>
      <sentence id="d000.s6651" source="wordnet-japanese">
         <wf lemma="彼ら" pos="X">彼ら</wf>
         <wf lemma="は" pos="X">は</wf>
         <wf lemma="すべて" pos="X">すべて</wf>
         <wf lemma="の" pos="X">の</wf>
         <wf lemma="余暇" pos="X">余暇</wf>
         <instance id="d000.s6651.t000" lemma="活動" pos="NOUN">活動</instance>
         <wf lemma="を" pos="X">を</wf>
         <wf lemma="避け" pos="X">避け</wf>
         <wf lemma="た" pos="X">た</wf>
         <wf lemma="." pos="X">.</wf>
      </sentence>
      <sentence id="d000.s6652" source="wordnet-japanese">
         <instance id="d000.s6652.t000" lemma="不法" pos="ADJ">不法</instance>
         <wf lemma="な" pos="X">な</wf>
         <wf lemma="猟師" pos="X">猟師</wf>
         <wf lemma="." pos="X">.</wf>
      </sentence>
      <sentence id="d000.s6653" source="wordnet-japanese">
         <wf lemma="彼" pos="X">彼</wf>
         <wf lemma="は" pos="X">は</wf>
         <wf lemma="、" pos="X">、</wf>
         <wf lemma="部屋" pos="X">部屋</wf>
         <wf lemma="一" pos="X">一</wf>
         <wf lemma="杯" pos="X">杯</wf>
         <wf lemma="の" pos="X">の</wf>
         <wf lemma="人" pos="X">人</wf>
         <wf lemma="の" pos="X">の</wf>
         <instance id="d000.s6653.t000" lemma="顔" pos="NOUN">顔</instance>
         <wf lemma="を" pos="X">を</wf>
         <wf lemma="見" pos="X">見</wf>
         <wf lemma="た" pos="X">た</wf>
         <wf lemma="." pos="X">.</wf>
      </sentence>
      <sentence id="d000.s6654" source="wordnet-japanese">
         <wf lemma="彼" pos="X">彼</wf>
         <wf lemma="は" pos="X">は</wf>
         <wf lemma="自分" pos="X">自分</wf>
         <wf lemma="と" pos="X">と</wf>
         <wf lemma="以前" pos="X">以前</wf>
         <wf lemma="の" pos="X">の</wf>
         <wf lemma="友達" pos="X">友達</wf>
         <wf lemma="と" pos="X">と</wf>
         <wf lemma="の" pos="X">の</wf>
         <wf lemma="間" pos="X">間</wf>
         <wf lemma="に" pos="X">に</wf>
         <wf lemma="大きな" pos="X">大きな</wf>
         <instance id="d000.s6654.t000" lemma="隔たり" pos="NOUN">隔たり</instance>
         <wf lemma="が" pos="X">が</wf>
         <wf lemma="ある" pos="X">ある</wf>
         <wf lemma="の" pos="X">の</wf>
         <wf lemma="を" pos="X">を</wf>
         <wf lemma="感じ" pos="X">感じ</wf>
         <wf lemma="た" pos="X">た</wf>
         <wf lemma="." pos="X">.</wf>
      </sentence>
      <sentence id="d000.s6655" source="wordnet-japanese">
         <wf lemma="彼女" pos="X">彼女</wf>
         <wf lemma="が" pos="X">が</wf>
         <wf lemma="階段" pos="X">階段</wf>
         <wf lemma="を" pos="X">を</wf>
         <wf lemma="登る" pos="X">登る</wf>
         <wf lemma="こと" pos="X">こと</wf>
         <wf lemma="が" pos="X">が</wf>
         <wf lemma="でき" pos="X">でき</wf>
         <wf lemma="なかっ" pos="X">なかっ</wf>
         <wf lemma="た" pos="X">た</wf>
         <wf lemma="時" pos="X">時</wf>
         <wf lemma="、" pos="X">、</wf>
         <wf lemma="車" pos="X">車</wf>
         <wf lemma="椅子" pos="X">椅子</wf>
         <wf lemma="の" pos="X">の</wf>
         <wf lemma="女の" pos="X">女の</wf>
         <wf lemma="子" pos="X">子</wf>
         <wf lemma="は" pos="X">は</wf>
         <wf lemma="苛立っ" pos="X">苛立っ</wf>
         <wf lemma="て" pos="X">て</wf>
         <instance id="d000.s6655.t000" lemma="泣く" pos="VERB">泣い</instance>
         <wf lemma="た" pos="X">た</wf>
         <wf lemma="." pos="X">.</wf>
      </sentence>
      <sentence id="d000.s6656" source="wordnet-japanese">
         <wf lemma="議論" pos="X">議論</wf>
         <wf lemma="の" pos="X">の</wf>
         <wf lemma="余地" pos="X">余地</wf>
         <wf lemma="の" pos="X">の</wf>
         <wf lemma="ない" pos="X">ない</wf>
         <wf lemma="（" pos="X">（</wf>
         <wf lemma="また" pos="X">また</wf>
         <wf lemma="は" pos="X">は</wf>
         <instance id="d000.s6656.t000" lemma="確か" pos="ADJ">確か</instance>
         <wf lemma="な）" pos="X">な）</wf>
         <wf lemma="証拠" pos="X">証拠</wf>
         <wf lemma="." pos="X">.</wf>
      </sentence>
      <sentence id="d000.s6657" source="wordnet-japanese">
         <wf lemma="彼" pos="X">彼</wf>
         <wf lemma="は" pos="X">は</wf>
         <wf lemma="、" pos="X">、</wf>
         <wf lemma="不愉快" pos="X">不愉快</wf>
         <wf lemma="に" pos="X">に</wf>
         <wf lemma="自身" pos="X">自身</wf>
         <wf lemma="の" pos="X">の</wf>
         <instance id="d000.s6657.t000" lemma="冗談" pos="NOUN">冗談</instance>
         <wf lemma="に" pos="X">に</wf>
         <wf lemma="笑っ" pos="X">笑っ</wf>
         <wf lemma="た" pos="X">た</wf>
         <wf lemma="." pos="X">.</wf>
      </sentence>
      <sentence id="d000.s6658" source="wordnet-japanese">
         <wf lemma="彼女" pos="X">彼女</wf>
         <wf lemma="の" pos="X">の</wf>
         <wf lemma="顔" pos="X">顔</wf>
         <wf lemma="の" pos="X">の</wf>
         <instance id="d000.s6658.t000" lemma="穏やか" pos="ADJ">穏やか</instance>
         <wf lemma="な" pos="X">な</wf>
         <wf lemma="表情" pos="X">表情</wf>
         <wf lemma="." pos="X">.</wf>
      </sentence>
      <sentence id="d000.s6659" source="wordnet-japanese">
         <wf lemma="命令" pos="X">命令</wf>
         <wf lemma="に" pos="X">に</wf>
         <instance id="d000.s6659.t000" lemma="等しい" pos="ADJ">等しかっ</instance>
         <wf lemma="た" pos="X">た</wf>
         <wf lemma="願望" pos="X">願望</wf>
         <wf lemma="." pos="X">.</wf>
      </sentence>
      <sentence id="d000.s6660" source="wordnet-japanese">
         <wf lemma="レコーディング" pos="X">レコーディング</wf>
         <wf lemma="で" pos="X">で</wf>
         <wf lemma="は" pos="X">は</wf>
         <wf lemma="、" pos="X">、</wf>
         <wf lemma="原曲" pos="X">原曲</wf>
         <wf lemma="の" pos="X">の</wf>
         <wf lemma="持つ" pos="X">持つ</wf>
         <wf lemma="本当" pos="X">本当</wf>
         <wf lemma="の" pos="X">の</wf>
         <instance id="d000.s6660.t000" lemma="音色" pos="NOUN">音色</instance>
         <wf lemma="を" pos="X">を</wf>
         <wf lemma="再現" pos="X">再現</wf>
         <wf lemma="でき" pos="X">でき</wf>
         <wf lemma="なかっ" pos="X">なかっ</wf>
         <wf lemma="た" pos="X">た</wf>
         <wf lemma="." pos="X">.</wf>
      </sentence>
      <sentence id="d000.s6661" source="wordnet-japanese">
         <instance id="d000.s6661.t000" lemma="優しい" pos="ADJ">優しい</instance>
         <wf lemma="声" pos="X">声</wf>
         <wf lemma="." pos="X">.</wf>
      </sentence>
      <sentence id="d000.s6662" source="wordnet-japanese">
         <instance id="d000.s6662.t000" lemma="正確" pos="ADV">正確</instance>
         <wf lemma="に" pos="X">に</wf>
         <wf lemma="命令" pos="X">命令</wf>
         <wf lemma="を" pos="X">を</wf>
         <wf lemma="繰り返し" pos="X">繰り返し</wf>
         <wf lemma="た" pos="X">た</wf>
         <wf lemma="." pos="X">.</wf>
      </sentence>
      <sentence id="d000.s6663" source="wordnet-japanese">
         <wf lemma="それ" pos="X">それ</wf>
         <wf lemma="は" pos="X">は</wf>
         <instance id="d000.s6663.t000" lemma="はっきり" pos="ADV">はっきり</instance>
         <wf lemma="と" pos="X">と</wf>
         <wf lemma="可能" pos="X">可能</wf>
         <wf lemma="で" pos="X">で</wf>
         <wf lemma="ある" pos="X">ある</wf>
         <wf lemma="." pos="X">.</wf>
      </sentence>
      <sentence id="d000.s6664" source="wordnet-japanese">
         <wf lemma="ごらん" pos="X">ごらん</wf>
         <wf lemma="、" pos="X">、</wf>
         <instance id="d000.s6664.t000" lemma="小僧" pos="NOUN">小僧</instance>
         <wf lemma="、" pos="X">、</wf>
         <wf lemma="それ" pos="X">それ</wf>
         <wf lemma="は" pos="X">は</wf>
         <wf lemma="君" pos="X">君</wf>
         <wf lemma="に" pos="X">に</wf>
         <wf lemma="は" pos="X">は</wf>
         <wf lemma="関係" pos="X">関係</wf>
         <wf lemma="ない" pos="X">ない</wf>
         <wf lemma="." pos="X">.</wf>
      </sentence>
      <sentence id="d000.s6665" source="wordnet-japanese">
         <wf lemma="私" pos="X">私</wf>
         <wf lemma="は" pos="X">は</wf>
         <wf lemma="、" pos="X">、</wf>
         <wf lemma="彼" pos="X">彼</wf>
         <wf lemma="の" pos="X">の</wf>
         <instance id="d000.s6665.t000" lemma="影武者" pos="NOUN">影武者</instance>
         <wf lemma="が" pos="X">が</wf>
         <wf lemma="はったり" pos="X">はったり</wf>
         <wf lemma="である" pos="X">である</wf>
         <wf lemma="と" pos="X">と</wf>
         <wf lemma="確信" pos="X">確信</wf>
         <wf lemma="し" pos="X">し</wf>
         <wf lemma="た" pos="X">た</wf>
         <wf lemma="." pos="X">.</wf>
      </sentence>
      <sentence id="d000.s6666" source="wordnet-japanese">
         <wf lemma="突然" pos="X">突然</wf>
         <wf lemma="の" pos="X">の</wf>
         <wf lemma="酸素" pos="X">酸素</wf>
         <wf lemma="の" pos="X">の</wf>
         <instance id="d000.s6666.t000" lemma="放出" pos="NOUN">放出</instance>
         <wf lemma="が" pos="X">が</wf>
         <wf lemma="あっ" pos="X">あっ</wf>
         <wf lemma="た" pos="X">た</wf>
         <wf lemma="." pos="X">.</wf>
      </sentence>
      <sentence id="d000.s6667" source="wordnet-japanese">
         <instance id="d000.s6667.t000" lemma="固い" pos="ADJ">固い</instance>
         <wf lemma="蝶番" pos="X">蝶番</wf>
         <wf lemma="." pos="X">.</wf>
      </sentence>
      <sentence id="d000.s6668" source="wordnet-japanese">
         <wf lemma="相互" pos="X">相互</wf>
         <wf lemma="確実" pos="X">確実</wf>
         <wf lemma="破壊" pos="X">破壊</wf>
         <wf lemma="の" pos="X">の</wf>
         <wf lemma="脅威" pos="X">脅威</wf>
         <wf lemma="における" pos="X">における</wf>
         <wf lemma="西" pos="X">西</wf>
         <wf lemma="の" pos="X">の</wf>
         <wf lemma="擁護" pos="X">擁護</wf>
         <wf lemma="弁論" pos="X">弁論</wf>
         <wf lemma="に" pos="X">に</wf>
         <wf lemma="基づく" pos="X">基づく</wf>
         <instance id="d000.s6668.t000" lemma="不道徳" pos="NOUN">不道徳</instance>
         <wf lemma="." pos="X">.</wf>
      </sentence>
      <sentence id="d000.s6669" source="wordnet-japanese">
         <wf lemma="教師" pos="X">教師</wf>
         <wf lemma="は" pos="X">は</wf>
         <wf lemma="、" pos="X">、</wf>
         <wf lemma="よりやりがい" pos="X">よりやりがい</wf>
         <wf lemma="の" pos="X">の</wf>
         <wf lemma="ある" pos="X">ある</wf>
         <wf lemma="コース" pos="X">コース</wf>
         <wf lemma="へ" pos="X">へ</wf>
         <wf lemma="才能" pos="X">才能</wf>
         <wf lemma="豊か" pos="X">豊か</wf>
         <wf lemma="な" pos="X">な</wf>
         <wf lemma="学生" pos="X">学生</wf>
         <wf lemma="を" pos="X">を</wf>
         <instance id="d000.s6669.t000" lemma="導く" pos="VERB">導い</instance>
         <wf lemma="た" pos="X">た</wf>
         <wf lemma="." pos="X">.</wf>
      </sentence>
      <sentence id="d000.s6670" source="wordnet-japanese">
         <wf lemma="人" pos="X">人</wf>
         <wf lemma="の" pos="X">の</wf>
         <wf lemma="出入り" pos="X">出入り</wf>
         <wf lemma="は" pos="X">は</wf>
         <wf lemma="ある" pos="X">ある</wf>
         <wf lemma="が" pos="X">が</wf>
         <wf lemma="この" pos="X">この</wf>
         <wf lemma="町" pos="X">町</wf>
         <wf lemma="の" pos="X">の</wf>
         <instance id="d000.s6670.t000" lemma="人口" pos="NOUN">人口</instance>
         <wf lemma="は" pos="X">は</wf>
         <wf lemma="過去" pos="X">過去</wf>
         <wf lemma="10" pos="X">10</wf>
         <wf lemma="年間" pos="X">年間</wf>
         <wf lemma="ほぼ" pos="X">ほぼ</wf>
         <wf lemma="一定" pos="X">一定</wf>
         <wf lemma="の" pos="X">の</wf>
         <wf lemma="状態" pos="X">状態</wf>
         <wf lemma="である" pos="X">である</wf>
         <wf lemma="." pos="X">.</wf>
      </sentence>
      <sentence id="d000.s6671" source="wordnet-japanese">
         <wf lemma="早期" pos="X">早期</wf>
         <instance id="d000.s6671.t000" lemma="発見" pos="NOUN">発見</instance>
         <wf lemma="は" pos="X">は</wf>
         <wf lemma="、" pos="X">、</wf>
         <wf lemma="しばしば" pos="X">しばしば</wf>
         <wf lemma="治療" pos="X">治療</wf>
         <wf lemma="に" pos="X">に</wf>
         <wf lemma="つながる" pos="X">つながる</wf>
         <wf lemma="." pos="X">.</wf>
      </sentence>
      <sentence id="d000.s6672" source="wordnet-japanese">
         <instance id="d000.s6672.t000" lemma="デジタル" pos="ADJ">デジタル</instance>
         <wf lemma="計算機" pos="X">計算機</wf>
         <wf lemma="." pos="X">.</wf>
      </sentence>
      <sentence id="d000.s6673" source="wordnet-japanese">
         <wf lemma="私" pos="X">私</wf>
         <wf lemma="の" pos="X">の</wf>
         <instance id="d000.s6673.t000" lemma="正直" pos="ADJ">正直</instance>
         <wf lemma="な" pos="X">な</wf>
         <wf lemma="意見" pos="X">意見</wf>
         <wf lemma="." pos="X">.</wf>
      </sentence>
      <sentence id="d000.s6674" source="wordnet-japanese">
         <wf lemma="音量" pos="X">音量</wf>
         <wf lemma="の" pos="X">の</wf>
         <instance id="d000.s6674.t000" lemma="減衰" pos="NOUN">減衰</instance>
         <wf lemma="." pos="X">.</wf>
      </sentence>
      <sentence id="d000.s6675" source="wordnet-japanese">
         <wf lemma="恨み" pos="X">恨み</wf>
         <wf lemma="を" pos="X">を</wf>
         <instance id="d000.s6675.t000" lemma="抱く" pos="VERB">抱く</instance>
         <wf lemma="." pos="X">.</wf>
      </sentence>
      <sentence id="d000.s6676" source="wordnet-japanese">
         <instance id="d000.s6676.t000" lemma="多面的" pos="ADJ">多面的</instance>
         <wf lemma="な" pos="X">な</wf>
         <wf lemma="仕事" pos="X">仕事</wf>
         <wf lemma="." pos="X">.</wf>
      </sentence>
      <sentence id="d000.s6677" source="wordnet-japanese">
         <instance id="d000.s6677.t000" lemma="一滴" pos="NOUN">一滴</instance>
         <wf lemma="の" pos="X">の</wf>
         <wf lemma="哀れみ" pos="X">哀れみ</wf>
         <wf lemma="も" pos="X">も</wf>
         <wf lemma="あの" pos="X">あの</wf>
         <wf lemma="男性" pos="X">男性</wf>
         <wf lemma="に" pos="X">に</wf>
         <wf lemma="は" pos="X">は</wf>
         <wf lemma="なかっ" pos="X">なかっ</wf>
         <wf lemma="た" pos="X">た</wf>
         <wf lemma="." pos="X">.</wf>
      </sentence>
      <sentence id="d000.s6678" source="wordnet-japanese">
         <wf lemma="死" pos="X">死</wf>
         <wf lemma="が" pos="X">が</wf>
         <wf lemma="彼" pos="X">彼</wf>
         <wf lemma="の" pos="X">の</wf>
         <wf lemma="努力" pos="X">努力</wf>
         <wf lemma="に" pos="X">に</wf>
         <instance id="d000.s6678.t000" lemma="終止符" pos="NOUN">終止符</instance>
         <wf lemma="を" pos="X">を</wf>
         <wf lemma="打っ" pos="X">打っ</wf>
         <wf lemma="た" pos="X">た</wf>
         <wf lemma="." pos="X">.</wf>
      </sentence>
      <sentence id="d000.s6679" source="wordnet-japanese">
         <wf lemma="それ" pos="X">それ</wf>
         <wf lemma="は" pos="X">は</wf>
         <wf lemma="正しい" pos="X">正しい</wf>
         <instance id="d000.s6679.t000" lemma="発音" pos="NOUN">発音</instance>
         <wf lemma="である" pos="X">である</wf>
         <wf lemma="." pos="X">.</wf>
      </sentence>
      <sentence id="d000.s6680" source="wordnet-japanese">
         <wf lemma="ゴムまり" pos="X">ゴムまり</wf>
         <wf lemma="は" pos="X">は</wf>
         <instance id="d000.s6680.t000" lemma="跳ねる" pos="VERB">跳ね</instance>
         <wf lemma="た" pos="X">た</wf>
         <wf lemma="." pos="X">.</wf>
      </sentence>
      <sentence id="d000.s6681" source="wordnet-japanese">
         <wf lemma="彼" pos="X">彼</wf>
         <wf lemma="は" pos="X">は</wf>
         <wf lemma="氷の" pos="X">氷の</wf>
         <wf lemma="上" pos="X">上</wf>
         <wf lemma="に" pos="X">に</wf>
         <wf lemma="ひどく" pos="X">ひどく</wf>
         <instance id="d000.s6681.t000" lemma="転倒" pos="NOUN">転倒</instance>
         <wf lemma="し" pos="X">し</wf>
         <wf lemma="た" pos="X">た</wf>
         <wf lemma="." pos="X">.</wf>
      </sentence>
      <sentence id="d000.s6682" source="wordnet-japanese">
         <wf lemma="彼女" pos="X">彼女</wf>
         <wf lemma="は" pos="X">は</wf>
         <instance id="d000.s6682.t000" lemma="子供" pos="NOUN">子供</instance>
         <wf lemma="の" pos="X">の</wf>
         <wf lemma="ため" pos="X">ため</wf>
         <wf lemma="に" pos="X">に</wf>
         <wf lemma="本" pos="X">本</wf>
         <wf lemma="を" pos="X">を</wf>
         <wf lemma="書く" pos="X">書く</wf>
         <wf lemma="." pos="X">.</wf>
      </sentence>
      <sentence id="d000.s6683" source="wordnet-japanese">
         <wf lemma="厳しい" pos="X">厳しい</wf>
         <wf lemma="様子" pos="X">様子</wf>
         <wf lemma="の" pos="X">の</wf>
         <wf lemma="警官" pos="X">警官</wf>
         <wf lemma="は" pos="X">は</wf>
         <wf lemma="、" pos="X">、</wf>
         <instance id="d000.s6683.t000" lemma="立派" pos="ADJ">立派</instance>
         <wf lemma="な" pos="X">な</wf>
         <wf lemma="馬" pos="X">馬</wf>
         <wf lemma="に" pos="X">に</wf>
         <wf lemma="またがっ" pos="X">またがっ</wf>
         <wf lemma="て" pos="X">て</wf>
         <wf lemma="座っ" pos="X">座っ</wf>
         <wf lemma="た" pos="X">た</wf>
         <wf lemma="." pos="X">.</wf>
      </sentence>
      <sentence id="d000.s6684" source="wordnet-japanese">
         <wf lemma="問題" pos="X">問題</wf>
         <wf lemma="に" pos="X">に</wf>
         <wf lemma="陥っ" pos="X">陥っ</wf>
         <wf lemma="て" pos="X">て</wf>
         <wf lemma="いる" pos="X">いる</wf>
         <wf lemma="か" pos="X">か</wf>
         <wf lemma="を" pos="X">を</wf>
         <wf lemma="見つける" pos="X">見つける</wf>
         <instance id="d000.s6684.t000" lemma="衝動" pos="NOUN">衝動</instance>
         <wf lemma="." pos="X">.</wf>
      </sentence>
      <sentence id="d000.s6685" source="wordnet-japanese">
         <wf lemma="私達" pos="X">私達</wf>
         <wf lemma="は" pos="X">は</wf>
         <wf lemma="リハーサル" pos="X">リハーサル</wf>
         <wf lemma="で" pos="X">で</wf>
         <wf lemma="彼" pos="X">彼</wf>
         <wf lemma="の" pos="X">の</wf>
         <instance id="d000.s6685.t000" lemma="演技" pos="NOUN">演技</instance>
         <wf lemma="を" pos="X">を</wf>
         <wf lemma="褒め" pos="X">褒め</wf>
         <wf lemma="称え" pos="X">称え</wf>
         <wf lemma="た" pos="X">た</wf>
         <wf lemma="." pos="X">.</wf>
      </sentence>
      <sentence id="d000.s6686" source="wordnet-japanese">
         <wf lemma="彼" pos="X">彼</wf>
         <wf lemma="は" pos="X">は</wf>
         <wf lemma="父親" pos="X">父親</wf>
         <wf lemma="の" pos="X">の</wf>
         <wf lemma="土地" pos="X">土地</wf>
         <wf lemma="に対する" pos="X">に対する</wf>
         <instance id="d000.s6686.t000" lemma="所有権" pos="NOUN">所有権</instance>
         <wf lemma="を" pos="X">を</wf>
         <wf lemma="確証" pos="X">確証</wf>
         <wf lemma="する" pos="X">する</wf>
         <wf lemma="書類" pos="X">書類</wf>
         <wf lemma="を" pos="X">を</wf>
         <wf lemma="持っ" pos="X">持っ</wf>
         <wf lemma="て" pos="X">て</wf>
         <wf lemma="い" pos="X">い</wf>
         <wf lemma="なかっ" pos="X">なかっ</wf>
         <wf lemma="た" pos="X">た</wf>
         <wf lemma="." pos="X">.</wf>
      </sentence>
      <sentence id="d000.s6687" source="wordnet-japanese">
         <wf lemma="葉" pos="X">葉</wf>
         <wf lemma="の" pos="X">の</wf>
         <instance id="d000.s6687.t000" lemma="縁" pos="NOUN">縁</instance>
         <wf lemma="は" pos="X">は</wf>
         <wf lemma="波状" pos="X">波状</wf>
         <wf lemma="である" pos="X">である</wf>
         <wf lemma="." pos="X">.</wf>
      </sentence>
      <sentence id="d000.s6688" source="wordnet-japanese">
         <wf lemma="彼女" pos="X">彼女</wf>
         <wf lemma="と" pos="X">と</wf>
         <wf lemma="彼女" pos="X">彼女</wf>
         <wf lemma="の" pos="X">の</wf>
         <wf lemma="夫" pos="X">夫</wf>
         <wf lemma="に" pos="X">に</wf>
         <wf lemma="は" pos="X">は</wf>
         <wf lemma="、" pos="X">、</wf>
         <instance id="d000.s6688.t000" lemma="問題" pos="NOUN">問題</instance>
         <wf lemma="が" pos="X">が</wf>
         <wf lemma="ある" pos="X">ある</wf>
         <wf lemma="." pos="X">.</wf>
      </sentence>
      <sentence id="d000.s6689" source="wordnet-japanese">
         <wf lemma="政府" pos="X">政府</wf>
         <wf lemma="は" pos="X">は</wf>
         <wf lemma="この" pos="X">この</wf>
         <wf lemma="開発" pos="X">開発</wf>
         <wf lemma="の" pos="X">の</wf>
         <instance id="d000.s6689.t000" lemma="商業化" pos="NOUN">商業化</instance>
         <wf lemma="を" pos="X">を</wf>
         <wf lemma="加速" pos="X">加速</wf>
         <wf lemma="し" pos="X">し</wf>
         <wf lemma="よう" pos="X">よう</wf>
         <wf lemma="と" pos="X">と</wf>
         <wf lemma="し" pos="X">し</wf>
         <wf lemma="た" pos="X">た</wf>
         <wf lemma="." pos="X">.</wf>
      </sentence>
      <sentence id="d000.s6690" source="wordnet-japanese">
         <wf lemma="彼" pos="X">彼</wf>
         <wf lemma="は" pos="X">は</wf>
         <wf lemma="太っ" pos="X">太っ</wf>
         <wf lemma="て" pos="X">て</wf>
         <wf lemma="き" pos="X">き</wf>
         <wf lemma="た" pos="X">た</wf>
         <wf lemma="と" pos="X">と</wf>
         <instance id="d000.s6690.t000" lemma="感じる" pos="VERB">感じ</instance>
         <wf lemma="た" pos="X">た</wf>
         <wf lemma="." pos="X">.</wf>
      </sentence>
      <sentence id="d000.s6691" source="wordnet-japanese">
         <wf lemma="責任" pos="X">責任</wf>
         <wf lemma="の" pos="X">の</wf>
         <instance id="d000.s6691.t000" lemma="重さ" pos="NOUN">重さ</instance>
         <wf lemma="の" pos="X">の</wf>
         <wf lemma="ため" pos="X">ため</wf>
         <wf lemma="に" pos="X">に</wf>
         <wf lemma="打ちひしがれ" pos="X">打ちひしがれ</wf>
         <wf lemma="た" pos="X">た</wf>
         <wf lemma="." pos="X">.</wf>
      </sentence>
      <sentence id="d000.s6692" source="wordnet-japanese">
         <wf lemma="彼" pos="X">彼</wf>
         <wf lemma="は" pos="X">は</wf>
         <wf lemma="力" pos="X">力</wf>
         <wf lemma="と" pos="X">と</wf>
         <instance id="d000.s6692.t000" lemma="名声" pos="NOUN">名声</instance>
         <wf lemma="を" pos="X">を</wf>
         <wf lemma="求め" pos="X">求め</wf>
         <wf lemma="て" pos="X">て</wf>
         <wf lemma="い" pos="X">い</wf>
         <wf lemma="た" pos="X">た</wf>
         <wf lemma="." pos="X">.</wf>
      </sentence>
      <sentence id="d000.s6693" source="wordnet-japanese">
         <wf lemma="新しい" pos="X">新しい</wf>
         <wf lemma="発射物" pos="X">発射物</wf>
         <wf lemma="の" pos="X">の</wf>
         <instance id="d000.s6693.t000" lemma="貫通" pos="NOUN">貫通</instance>
         <wf lemma="によって" pos="X">によって</wf>
         <wf lemma="重度" pos="X">重度</wf>
         <wf lemma="の" pos="X">の</wf>
         <wf lemma="障害" pos="X">障害</wf>
         <wf lemma="が" pos="X">が</wf>
         <wf lemma="もたらさ" pos="X">もたらさ</wf>
         <wf lemma="れる" pos="X">れる</wf>
         <wf lemma="." pos="X">.</wf>
      </sentence>
      <sentence id="d000.s6694" source="wordnet-japanese">
         <wf lemma="ユダヤ教" pos="X">ユダヤ教</wf>
         <instance id="d000.s6694.t000" lemma="神学" pos="NOUN">神学</instance>
         <wf lemma="." pos="X">.</wf>
      </sentence>
      <sentence id="d000.s6695" source="wordnet-japanese">
         <instance id="d000.s6695.t000" lemma="タイ" pos="NOUN">タイ</instance>
         <wf lemma="は" pos="X">は</wf>
         <wf lemma="、" pos="X">、</wf>
         <wf lemma="旧" pos="X">旧</wf>
         <wf lemma="シャム" pos="X">シャム</wf>
         <wf lemma="の" pos="X">の</wf>
         <wf lemma="公式" pos="X">公式</wf>
         <wf lemma="名前" pos="X">名前</wf>
         <wf lemma="である" pos="X">である</wf>
         <wf lemma="." pos="X">.</wf>
      </sentence>
      <sentence id="d000.s6696" source="wordnet-japanese">
         <wf lemma="ホステス" pos="X">ホステス</wf>
         <wf lemma="は" pos="X">は</wf>
         <wf lemma="、" pos="X">、</wf>
         <wf lemma="対象者" pos="X">対象者</wf>
         <wf lemma="の" pos="X">の</wf>
         <instance id="d000.s6696.t000" lemma="外交的" pos="ADJ">外交的</instance>
         <wf lemma="な" pos="X">な</wf>
         <wf lemma="変化" pos="X">変化</wf>
         <wf lemma="と" pos="X">と</wf>
         <wf lemma="の" pos="X">の</wf>
         <wf lemma="対立" pos="X">対立</wf>
         <wf lemma="を" pos="X">を</wf>
         <wf lemma="避け" pos="X">避け</wf>
         <wf lemma="た" pos="X">た</wf>
         <wf lemma="." pos="X">.</wf>
      </sentence>
      <sentence id="d000.s6697" source="wordnet-japanese">
         <instance id="d000.s6697.t000" lemma="不幸" pos="ADJ">不幸</instance>
         <wf lemma="な" pos="X">な</wf>
         <wf lemma="言葉" pos="X">言葉</wf>
         <wf lemma="の" pos="X">の</wf>
         <wf lemma="選択" pos="X">選択</wf>
         <wf lemma="." pos="X">.</wf>
      </sentence>
      <sentence id="d000.s6698" source="wordnet-japanese">
         <wf lemma="学生" pos="X">学生</wf>
         <wf lemma="を" pos="X">を</wf>
         <wf lemma="大学院" pos="X">大学院</wf>
         <wf lemma="研究" pos="X">研究</wf>
         <wf lemma="に" pos="X">に</wf>
         <instance id="d000.s6698.t000" lemma="受け入れる" pos="VERB">受け入れる</instance>
         <wf lemma="." pos="X">.</wf>
      </sentence>
      <sentence id="d000.s6699" source="wordnet-japanese">
         <wf lemma="新聞" pos="X">新聞</wf>
         <wf lemma="の" pos="X">の</wf>
         <instance id="d000.s6699.t000" lemma="反対" pos="NOUN">反対</instance>
         <wf lemma="に" pos="X">に</wf>
         <wf lemma="も" pos="X">も</wf>
         <wf lemma="かかわら" pos="X">かかわら</wf>
         <wf lemma="ず" pos="X">ず</wf>
         <wf lemma="、" pos="X">、</wf>
         <wf lemma="彼" pos="X">彼</wf>
         <wf lemma="は" pos="X">は</wf>
         <wf lemma="決行" pos="X">決行</wf>
         <wf lemma="し" pos="X">し</wf>
         <wf lemma="た" pos="X">た</wf>
         <wf lemma="." pos="X">.</wf>
      </sentence>
      <sentence id="d000.s6700" source="wordnet-japanese">
         <instance id="d000.s6700.t000" lemma="器用" pos="ADJ">器用</instance>
         <wf lemma="な" pos="X">な</wf>
         <wf lemma="交渉者" pos="X">交渉者</wf>
         <wf lemma="." pos="X">.</wf>
      </sentence>
      <sentence id="d000.s6701" source="wordnet-japanese">
         <wf lemma="ろうの" pos="X">ろうの</wf>
         <wf lemma="ように" pos="X">ように</wf>
         <instance id="d000.s6701.t000" lemma="蒼白" pos="ADJ">蒼白</instance>
         <wf lemma="な" pos="X">な</wf>
         <wf lemma="細い" pos="X">細い</wf>
         <wf lemma="顔" pos="X">顔</wf>
         <wf lemma="." pos="X">.</wf>
      </sentence>
      <sentence id="d000.s6702" source="wordnet-japanese">
         <wf lemma="マゼラン" pos="X">マゼラン</wf>
         <wf lemma="の" pos="X">の</wf>
         <instance id="d000.s6702.t000" lemma="世界一周" pos="NOUN">世界一周</instance>
         <wf lemma="旅行" pos="X">旅行</wf>
         <wf lemma="により" pos="X">により</wf>
         <wf lemma="、" pos="X">、</wf>
         <wf lemma="地球" pos="X">地球</wf>
         <wf lemma="は" pos="X">は</wf>
         <wf lemma="丸い" pos="X">丸い</wf>
         <wf lemma="という" pos="X">という</wf>
         <wf lemma="こと" pos="X">こと</wf>
         <wf lemma="が" pos="X">が</wf>
         <wf lemma="分っ" pos="X">分っ</wf>
         <wf lemma="た" pos="X">た</wf>
         <wf lemma="." pos="X">.</wf>
      </sentence>
      <sentence id="d000.s6703" source="wordnet-japanese">
         <wf lemma="彼" pos="X">彼</wf>
         <wf lemma="の" pos="X">の</wf>
         <wf lemma="手" pos="X">手</wf>
         <wf lemma="は" pos="X">は</wf>
         <wf lemma="、" pos="X">、</wf>
         <instance id="d000.s6703.t000" lemma="ゆるく" pos="ADV">ゆるく</instance>
         <wf lemma="置か" pos="X">置か</wf>
         <wf lemma="れ" pos="X">れ</wf>
         <wf lemma="た" pos="X">た</wf>
         <wf lemma="." pos="X">.</wf>
      </sentence>
      <sentence id="d000.s6704" source="wordnet-japanese">
         <wf lemma="我々" pos="X">我々</wf>
         <wf lemma="の" pos="X">の</wf>
         <instance id="d000.s6704.t000" lemma="祖先" pos="NOUN">祖先</instance>
         <wf lemma="は" pos="X">は</wf>
         <wf lemma="、" pos="X">、</wf>
         <wf lemma="大国" pos="X">大国</wf>
         <wf lemma="を" pos="X">を</wf>
         <wf lemma="出し" pos="X">出し</wf>
         <wf lemma="た" pos="X">た</wf>
         <wf lemma="." pos="X">.</wf>
      </sentence>
      <sentence id="d000.s6705" source="wordnet-japanese">
         <instance id="d000.s6705.t000" lemma="木目" pos="NOUN">木目</instance>
         <wf lemma="と" pos="X">と</wf>
         <wf lemma="交差" pos="X">交差</wf>
         <wf lemma="し" pos="X">し</wf>
         <wf lemma="て" pos="X">て</wf>
         <wf lemma="、" pos="X">、</wf>
         <wf lemma="の" pos="X">の</wf>
         <wf lemma="こぎり" pos="X">こぎり</wf>
         <wf lemma="で" pos="X">で</wf>
         <wf lemma="板" pos="X">板</wf>
         <wf lemma="を" pos="X">を</wf>
         <wf lemma="切る" pos="X">切る</wf>
         <wf lemma="." pos="X">.</wf>
      </sentence>
      <sentence id="d000.s6706" source="wordnet-japanese">
         <wf lemma="天体" pos="X">天体</wf>
         <instance id="d000.s6706.t000" lemma="観測者" pos="NOUN">観測者</instance>
         <wf lemma="達" pos="X">達</wf>
         <wf lemma="が" pos="X">が</wf>
         <wf lemma="新しい" pos="X">新しい</wf>
         <wf lemma="星" pos="X">星</wf>
         <wf lemma="を" pos="X">を</wf>
         <wf lemma="発見" pos="X">発見</wf>
         <wf lemma="し" pos="X">し</wf>
         <wf lemma="た" pos="X">た</wf>
         <wf lemma="." pos="X">.</wf>
      </sentence>
      <sentence id="d000.s6707" source="wordnet-japanese">
         <wf lemma="異端" pos="X">異端</wf>
         <wf lemma="の" pos="X">の</wf>
         <instance id="d000.s6707.t000" lemma="抑圧" pos="NOUN">抑圧</instance>
         <wf lemma="." pos="X">.</wf>
      </sentence>
      <sentence id="d000.s6708" source="wordnet-japanese">
         <instance id="d000.s6708.t000" lemma="垂直" pos="ADJ">垂直</instance>
         <wf lemma="な" pos="X">な</wf>
         <wf lemma="カメラアングル" pos="X">カメラアングル</wf>
         <wf lemma="." pos="X">.</wf>
      </sentence>
      <sentence id="d000.s6709" source="wordnet-japanese">
         <wf lemma="彼女" pos="X">彼女</wf>
         <wf lemma="は" pos="X">は</wf>
         <wf lemma="堂々と" pos="X">堂々と</wf>
         <instance id="d000.s6709.t000" lemma="入場" pos="NOUN">入場</instance>
         <wf lemma="し" pos="X">し</wf>
         <wf lemma="た" pos="X">た</wf>
         <wf lemma="." pos="X">.</wf>
      </sentence>
      <sentence id="d000.s6710" source="wordnet-japanese">
         <wf lemma="彼ら" pos="X">彼ら</wf>
         <wf lemma="は" pos="X">は</wf>
         <wf lemma="幸せ" pos="X">幸せ</wf>
         <wf lemma="である" pos="X">である</wf>
         <wf lemma="、" pos="X">、</wf>
         <wf lemma="そして" pos="X">そして</wf>
         <wf lemma="、" pos="X">、</wf>
         <wf lemma="私" pos="X">私</wf>
         <wf lemma="は" pos="X">は</wf>
         <wf lemma="彼ら" pos="X">彼ら</wf>
         <wf lemma="が" pos="X">が</wf>
         <instance id="d000.s6710.t000" lemma="そう" pos="ADV">そう</instance>
         <wf lemma="で" pos="X">で</wf>
         <wf lemma="あり" pos="X">あり</wf>
         <wf lemma="続ける" pos="X">続ける</wf>
         <wf lemma="こと" pos="X">こと</wf>
         <wf lemma="を" pos="X">を</wf>
         <wf lemma="望む" pos="X">望む</wf>
         <wf lemma="." pos="X">.</wf>
      </sentence>
      <sentence id="d000.s6711" source="wordnet-japanese">
         <wf lemma="ティーン" pos="X">ティーン</wf>
         <wf lemma="エイジャー" pos="X">エイジャー</wf>
         <wf lemma="の" pos="X">の</wf>
         <instance id="d000.s6711.t000" lemma="騒々しい" pos="ADJ">騒々しい</instance>
         <wf lemma="グループ" pos="X">グループ</wf>
         <wf lemma="." pos="X">.</wf>
      </sentence>
      <sentence id="d000.s6712" source="wordnet-japanese">
         <wf lemma="彼女" pos="X">彼女</wf>
         <wf lemma="は" pos="X">は</wf>
         <wf lemma="彼" pos="X">彼</wf>
         <wf lemma="の" pos="X">の</wf>
         <wf lemma="男性的" pos="X">男性的</wf>
         <wf lemma="な" pos="X">な</wf>
         <instance id="d000.s6712.t000" lemma="尊敬" pos="NOUN">尊敬</instance>
         <wf lemma="を" pos="X">を</wf>
         <wf lemma="愛情" pos="X">愛情</wf>
         <wf lemma="と" pos="X">と</wf>
         <wf lemma="間違っ" pos="X">間違っ</wf>
         <wf lemma="た" pos="X">た</wf>
         <wf lemma="." pos="X">.</wf>
      </sentence>
      <sentence id="d000.s6713" source="wordnet-japanese">
         <wf lemma="我々" pos="X">我々</wf>
         <wf lemma="が" pos="X">が</wf>
         <wf lemma="海外" pos="X">海外</wf>
         <wf lemma="に" pos="X">に</wf>
         <wf lemma="いる" pos="X">いる</wf>
         <wf lemma="間" pos="X">間</wf>
         <wf lemma="、" pos="X">、</wf>
         <wf lemma="アパート" pos="X">アパート</wf>
         <wf lemma="を" pos="X">を</wf>
         <wf lemma="友人" pos="X">友人</wf>
         <wf lemma="に" pos="X">に</wf>
         <instance id="d000.s6713.t000" lemma="貸す" pos="VERB">貸し</instance>
         <wf lemma="た" pos="X">た</wf>
         <wf lemma="." pos="X">.</wf>
      </sentence>
      <sentence id="d000.s6714" source="wordnet-japanese">
         <wf lemma="愛情" pos="X">愛情</wf>
         <wf lemma="と" pos="X">と</wf>
         <wf lemma="保育" pos="X">保育</wf>
         <wf lemma="の" pos="X">の</wf>
         <instance id="d000.s6714.t000" lemma="基本的" pos="ADJ">基本的</instance>
         <wf lemma="な" pos="X">な</wf>
         <wf lemma="必要性" pos="X">必要性</wf>
         <wf lemma="." pos="X">.</wf>
      </sentence>
      <sentence id="d000.s6715" source="wordnet-japanese">
         <wf lemma="私" pos="X">私</wf>
         <wf lemma="たち" pos="X">たち</wf>
         <wf lemma="は" pos="X">は</wf>
         <wf lemma="別々" pos="X">別々</wf>
         <wf lemma="の" pos="X">の</wf>
         <instance id="d000.s6715.t000" lemma="道" pos="NOUN">道</instance>
         <wf lemma="を" pos="X">を</wf>
         <wf lemma="進ん" pos="X">進ん</wf>
         <wf lemma="だ" pos="X">だ</wf>
         <wf lemma="." pos="X">.</wf>
      </sentence>
      <sentence id="d000.s6716" source="wordnet-japanese">
         <wf lemma="彼" pos="X">彼</wf>
         <wf lemma="の" pos="X">の</wf>
         <wf lemma="公務" pos="X">公務</wf>
         <wf lemma="に対する" pos="X">に対する</wf>
         <wf lemma="長い" pos="X">長い</wf>
         <instance id="d000.s6716.t000" lemma="献身" pos="NOUN">献身</instance>
         <wf lemma="." pos="X">.</wf>
      </sentence>
      <sentence id="d000.s6717" source="wordnet-japanese">
         <wf lemma="彼女" pos="X">彼女</wf>
         <wf lemma="の" pos="X">の</wf>
         <instance id="d000.s6717.t000" lemma="習慣的" pos="ADV">習慣的</instance>
         <wf lemma="に" pos="X">に</wf>
         <wf lemma="厳しい" pos="X">厳しい</wf>
         <wf lemma="表現" pos="X">表現</wf>
         <wf lemma="." pos="X">.</wf>
      </sentence>
      <sentence id="d000.s6718" source="wordnet-japanese">
         <wf lemma="地獄" pos="X">地獄</wf>
         <wf lemma="の" pos="X">の</wf>
         <instance id="d000.s6718.t000" lemma="永久" pos="ADJ">永久</instance>
         <wf lemma="の" pos="X">の</wf>
         <wf lemma="炎" pos="X">炎</wf>
         <wf lemma="." pos="X">.</wf>
      </sentence>
      <sentence id="d000.s6719" source="wordnet-japanese">
         <wf lemma="その" pos="X">その</wf>
         <wf lemma="2" pos="X">2</wf>
         <wf lemma="人" pos="X">人</wf>
         <wf lemma="は" pos="X">は</wf>
         <wf lemma="深く" pos="X">深く</wf>
         <instance id="d000.s6719.t000" lemma="共感" pos="NOUN">共感</instance>
         <wf lemma="し" pos="X">し</wf>
         <wf lemma="て" pos="X">て</wf>
         <wf lemma="い" pos="X">い</wf>
         <wf lemma="た" pos="X">た</wf>
         <wf lemma="." pos="X">.</wf>
      </sentence>
      <sentence id="d000.s6720" source="wordnet-japanese">
         <wf lemma="敗北" pos="X">敗北</wf>
         <wf lemma="の" pos="X">の</wf>
         <instance id="d000.s6720.t000" lemma="雰囲気" pos="NOUN">雰囲気</instance>
         <wf lemma="は" pos="X">は</wf>
         <wf lemma="、" pos="X">、</wf>
         <wf lemma="候補者" pos="X">候補者</wf>
         <wf lemma="の" pos="X">の</wf>
         <wf lemma="本部" pos="X">本部</wf>
         <wf lemma="に" pos="X">に</wf>
         <wf lemma="広がっ" pos="X">広がっ</wf>
         <wf lemma="た" pos="X">た</wf>
         <wf lemma="." pos="X">.</wf>
      </sentence>
      <sentence id="d000.s6721" source="wordnet-japanese">
         <wf lemma="法" pos="X">法</wf>
         <wf lemma="の" pos="X">の</wf>
         <instance id="d000.s6721.t000" lemma="厳密" pos="ADJ">厳密</instance>
         <wf lemma="な" pos="X">な</wf>
         <wf lemma="適用" pos="X">適用</wf>
         <wf lemma="." pos="X">.</wf>
      </sentence>
      <sentence id="d000.s6722" source="wordnet-japanese">
         <wf lemma="地球" pos="X">地球</wf>
         <wf lemma="温暖化" pos="X">温暖化</wf>
         <wf lemma="の" pos="X">の</wf>
         <wf lemma="局面" pos="X">局面</wf>
         <wf lemma="において" pos="X">において</wf>
         <wf lemma="、" pos="X">、</wf>
         <wf lemma="何年" pos="X">何年</wf>
         <wf lemma="もの" pos="X">もの</wf>
         <wf lemma="間" pos="X">間</wf>
         <wf lemma="に" pos="X">に</wf>
         <instance id="d000.s6722.t000" lemma="溶かす" pos="VERB">溶かさ</instance>
         <wf lemma="れ" pos="X">れ</wf>
         <wf lemma="た" pos="X">た</wf>
         <wf lemma="巨大" pos="X">巨大</wf>
         <wf lemma="な" pos="X">な</wf>
         <wf lemma="氷山" pos="X">氷山</wf>
         <wf lemma="." pos="X">.</wf>
      </sentence>
      <sentence id="d000.s6723" source="wordnet-japanese">
         <wf lemma="彼" pos="X">彼</wf>
         <wf lemma="は" pos="X">は</wf>
         <wf lemma="多項" pos="X">多項</wf>
         <wf lemma="式" pos="X">式</wf>
         <wf lemma="に" pos="X">に</wf>
         <wf lemma="取り組む" pos="X">取り組む</wf>
         <wf lemma="とき" pos="X">とき</wf>
         <wf lemma="の" pos="X">の</wf>
         <wf lemma="一般的" pos="X">一般的</wf>
         <wf lemma="な" pos="X">な</wf>
         <instance id="d000.s6723.t000" lemma="公式" pos="NOUN">公式</instance>
         <wf lemma="を" pos="X">を</wf>
         <wf lemma="教え" pos="X">教え</wf>
         <wf lemma="て" pos="X">て</wf>
         <wf lemma="くれ" pos="X">くれ</wf>
         <wf lemma="た" pos="X">た</wf>
         <wf lemma="." pos="X">.</wf>
      </sentence>
      <sentence id="d000.s6724" source="wordnet-japanese">
         <wf lemma="彼女" pos="X">彼女</wf>
         <wf lemma="は" pos="X">は</wf>
         <wf lemma="より" pos="X">より</wf>
         <instance id="d000.s6724.t000" lemma="穏やか" pos="ADJ">穏やか</instance>
         <wf lemma="に" pos="X">に</wf>
         <wf lemma="なっ" pos="X">なっ</wf>
         <wf lemma="た" pos="X">た</wf>
         <wf lemma="." pos="X">.</wf>
      </sentence>
      <sentence id="d000.s6725" source="wordnet-japanese">
         <instance id="d000.s6725.t000" lemma="自発的" pos="ADJ">自発的</instance>
         <wf lemma="動き" pos="X">動き</wf>
         <wf lemma="." pos="X">.</wf>
      </sentence>
      <sentence id="d000.s6726" source="wordnet-japanese">
         <wf lemma="マクベス" pos="X">マクベス</wf>
         <wf lemma="夫人" pos="X">夫人</wf>
         <wf lemma="を" pos="X">を</wf>
         <instance id="d000.s6726.t000" lemma="演じる" pos="VERB">演じ</instance>
         <wf lemma="たがっ" pos="X">たがっ</wf>
         <wf lemma="て" pos="X">て</wf>
         <wf lemma="い" pos="X">い</wf>
         <wf lemma="ます" pos="X">ます</wf>
         <wf lemma="が" pos="X">が</wf>
         <wf lemma="、" pos="X">、</wf>
         <wf lemma="その" pos="X">その</wf>
         <wf lemma="役" pos="X">役</wf>
         <wf lemma="に" pos="X">に</wf>
         <wf lemma="は" pos="X">は</wf>
         <wf lemma="、" pos="X">、</wf>
         <wf lemma="彼女" pos="X">彼女</wf>
         <wf lemma="は" pos="X">は</wf>
         <wf lemma="若過ぎる" pos="X">若過ぎる</wf>
         <wf lemma="." pos="X">.</wf>
      </sentence>
      <sentence id="d000.s6727" source="wordnet-japanese">
         <wf lemma="歌手" pos="X">歌手</wf>
         <wf lemma="の" pos="X">の</wf>
         <wf lemma="声" pos="X">声</wf>
         <wf lemma="は" pos="X">は</wf>
         <wf lemma="波" pos="X">波</wf>
         <wf lemma="が" pos="X">が</wf>
         <instance id="d000.s6727.t000" lemma="うねる" pos="VERB">うねる</instance>
         <wf lemma="ように" pos="X">ように</wf>
         <wf lemma="揺れ" pos="X">揺れ</wf>
         <wf lemma="た" pos="X">た</wf>
         <wf lemma="." pos="X">.</wf>
      </sentence>
      <sentence id="d000.s6728" source="wordnet-japanese">
         <wf lemma="彼" pos="X">彼</wf>
         <wf lemma="は" pos="X">は</wf>
         <wf lemma="月" pos="X">月</wf>
         <wf lemma="の" pos="X">の</wf>
         <instance id="d000.s6728.t000" lemma="軌道" pos="NOUN">軌道</instance>
         <wf lemma="を" pos="X">を</wf>
         <wf lemma="記入" pos="X">記入</wf>
         <wf lemma="し" pos="X">し</wf>
         <wf lemma="た" pos="X">た</wf>
         <wf lemma="." pos="X">.</wf>
      </sentence>
      <sentence id="d000.s6729" source="wordnet-japanese">
         <instance id="d000.s6729.t000" lemma="物質的" pos="ADJ">物質的</instance>
         <wf lemma="な" pos="X">な</wf>
         <wf lemma="豊か" pos="X">豊か</wf>
         <wf lemma="さ" pos="X">さ</wf>
         <wf lemma="." pos="X">.</wf>
      </sentence>
      <sentence id="d000.s6730" source="wordnet-japanese">
         <wf lemma="ボール" pos="X">ボール</wf>
         <wf lemma="は" pos="X">は</wf>
         <instance id="d000.s6730.t000" lemma="グリーン" pos="NOUN">グリーン</instance>
         <wf lemma="を" pos="X">を</wf>
         <wf lemma="横切り" pos="X">横切り</wf>
         <wf lemma="、" pos="X">、</wf>
         <wf lemma="バンカー" pos="X">バンカー</wf>
         <wf lemma="に" pos="X">に</wf>
         <wf lemma="転がっ" pos="X">転がっ</wf>
         <wf lemma="た" pos="X">た</wf>
         <wf lemma="." pos="X">.</wf>
      </sentence>
      <sentence id="d000.s6731" source="wordnet-japanese">
         <wf lemma="博物館" pos="X">博物館</wf>
         <wf lemma="は" pos="X">は</wf>
         <wf lemma="客" pos="X">客</wf>
         <wf lemma="の" pos="X">の</wf>
         <instance id="d000.s6731.t000" lemma="流れ" pos="NOUN">流れ</instance>
         <wf lemma="を" pos="X">を</wf>
         <wf lemma="考慮" pos="X">考慮</wf>
         <wf lemma="し" pos="X">し</wf>
         <wf lemma="て" pos="X">て</wf>
         <wf lemma="慎重" pos="X">慎重</wf>
         <wf lemma="に" pos="X">に</wf>
         <wf lemma="設計" pos="X">設計</wf>
         <wf lemma="さ" pos="X">さ</wf>
         <wf lemma="れ" pos="X">れ</wf>
         <wf lemma="た" pos="X">た</wf>
         <wf lemma="." pos="X">.</wf>
      </sentence>
      <sentence id="d000.s6732" source="wordnet-japanese">
         <wf lemma="フランス" pos="X">フランス</wf>
         <wf lemma="の" pos="X">の</wf>
         <wf lemma="法律" pos="X">法律</wf>
         <wf lemma="の" pos="X">の</wf>
         <instance id="d000.s6732.t000" lemma="健全" pos="ADJ">健全</instance>
         <wf lemma="な" pos="X">な</wf>
         <wf lemma="態度" pos="X">態度</wf>
         <wf lemma="." pos="X">.</wf>
      </sentence>
      <sentence id="d000.s6733" source="wordnet-japanese">
         <wf lemma="練習" pos="X">練習</wf>
         <wf lemma="は" pos="X">は</wf>
         <wf lemma="勝者" pos="X">勝者</wf>
         <wf lemma="を" pos="X">を</wf>
         <instance id="d000.s6733.t000" lemma="作る" pos="VERB">作る</instance>
         <wf lemma="." pos="X">.</wf>
      </sentence>
      <sentence id="d000.s6734" source="wordnet-japanese">
         <wf lemma="彼女" pos="X">彼女</wf>
         <wf lemma="は" pos="X">は</wf>
         <wf lemma="、" pos="X">、</wf>
         <wf lemma="死ん" pos="X">死ん</wf>
         <wf lemma="だ" pos="X">だ</wf>
         <wf lemma="自分" pos="X">自分</wf>
         <wf lemma="の" pos="X">の</wf>
         <wf lemma="子供" pos="X">子供</wf>
         <wf lemma="を" pos="X">を</wf>
         <instance id="d000.s6734.t000" lemma="悼む" pos="VERB">悼ん</instance>
         <wf lemma="で" pos="X">で</wf>
         <wf lemma="いる" pos="X">いる</wf>
         <wf lemma="." pos="X">.</wf>
      </sentence>
      <sentence id="d000.s6735" source="wordnet-japanese">
         <wf lemma="彼" pos="X">彼</wf>
         <wf lemma="の" pos="X">の</wf>
         <wf lemma="ため" pos="X">ため</wf>
         <wf lemma="息" pos="X">息</wf>
         <wf lemma="の" pos="X">の</wf>
         <wf lemma="深" pos="X">深</wf>
         <wf lemma="さ" pos="X">さ</wf>
         <wf lemma="、" pos="X">、</wf>
         <wf lemma="彼" pos="X">彼</wf>
         <wf lemma="の" pos="X">の</wf>
         <wf lemma="感情" pos="X">感情</wf>
         <wf lemma="の" pos="X">の</wf>
         <instance id="d000.s6735.t000" lemma="深さ" pos="NOUN">深さ</instance>
         <wf lemma="." pos="X">.</wf>
      </sentence>
      <sentence id="d000.s6736" source="wordnet-japanese">
         <wf lemma="子供" pos="X">子供</wf>
         <wf lemma="は" pos="X">は</wf>
         <wf lemma="、" pos="X">、</wf>
         <wf lemma="最大" pos="X">最大</wf>
         <instance id="d000.s6736.t000" lemma="音量" pos="NOUN">音量</instance>
         <wf lemma="で" pos="X">で</wf>
         <wf lemma="それら" pos="X">それら</wf>
         <wf lemma="の" pos="X">の</wf>
         <wf lemma="音楽" pos="X">音楽</wf>
         <wf lemma="を" pos="X">を</wf>
         <wf lemma="かけ" pos="X">かけ</wf>
         <wf lemma="た" pos="X">た</wf>
         <wf lemma="." pos="X">.</wf>
      </sentence>
      <sentence id="d000.s6737" source="wordnet-japanese">
         <instance id="d000.s6737.t000" lemma="全体" pos="NOUN">全体</instance>
         <wf lemma="と" pos="X">と</wf>
         <wf lemma="し" pos="X">し</wf>
         <wf lemma="て" pos="X">て</wf>
         <wf lemma="考慮" pos="X">考慮</wf>
         <wf lemma="さ" pos="X">さ</wf>
         <wf lemma="れる" pos="X">れる</wf>
         <wf lemma="ヨーロッパ" pos="X">ヨーロッパ</wf>
         <wf lemma="." pos="X">.</wf>
      </sentence>
      <sentence id="d000.s6738" source="wordnet-japanese">
         <wf lemma="婚約" pos="X">婚約</wf>
         <wf lemma="し" pos="X">し</wf>
         <wf lemma="た" pos="X">た</wf>
         <instance id="d000.s6738.t000" lemma="カップル" pos="NOUN">カップル</instance>
         <wf lemma="." pos="X">.</wf>
      </sentence>
      <sentence id="d000.s6739" source="wordnet-japanese">
         <wf lemma="悲鳴" pos="X">悲鳴</wf>
         <wf lemma="は" pos="X">は</wf>
         <wf lemma="、" pos="X">、</wf>
         <wf lemma="女性" pos="X">女性</wf>
         <wf lemma="の" pos="X">の</wf>
         <wf lemma="口" pos="X">口</wf>
         <wf lemma="から" pos="X">から</wf>
         <instance id="d000.s6739.t000" lemma="出る" pos="VERB">出</instance>
         <wf lemma="た" pos="X">た</wf>
         <wf lemma="." pos="X">.</wf>
      </sentence>
      <sentence id="d000.s6740" source="wordnet-japanese">
         <instance id="d000.s6740.t000" lemma="かすか" pos="ADJ">かすか</instance>
         <wf lemma="な" pos="X">な</wf>
         <wf lemma="太陽" pos="X">太陽</wf>
         <wf lemma="が" pos="X">が</wf>
         <wf lemma="ほのか" pos="X">ほのか</wf>
         <wf lemma="な" pos="X">な</wf>
         <wf lemma="影" pos="X">影</wf>
         <wf lemma="を" pos="X">を</wf>
         <wf lemma="投げかけ" pos="X">投げかけ</wf>
         <wf lemma="た" pos="X">た</wf>
         <wf lemma="." pos="X">.</wf>
      </sentence>
      <sentence id="d000.s6741" source="wordnet-japanese">
         <wf lemma="昼食会" pos="X">昼食会</wf>
         <wf lemma="へ" pos="X">へ</wf>
         <wf lemma="の" pos="X">の</wf>
         <instance id="d000.s6741.t000" lemma="招待" pos="NOUN">招待</instance>
         <wf lemma="." pos="X">.</wf>
      </sentence>
      <sentence id="d000.s6742" source="wordnet-japanese">
         <instance id="d000.s6742.t000" lemma="政府" pos="NOUN">政府</instance>
         <wf lemma="は" pos="X">は</wf>
         <wf lemma="減税" pos="X">減税</wf>
         <wf lemma="し" pos="X">し</wf>
         <wf lemma="た" pos="X">た</wf>
         <wf lemma="." pos="X">.</wf>
      </sentence>
      <sentence id="d000.s6743" source="wordnet-japanese">
         <wf lemma="ニューヨーク" pos="X">ニューヨーク</wf>
         <wf lemma="は" pos="X">は</wf>
         <wf lemma="若い" pos="X">若い</wf>
         <wf lemma="芸術家" pos="X">芸術家</wf>
         <wf lemma="たち" pos="X">たち</wf>
         <wf lemma="の" pos="X">の</wf>
         <instance id="d000.s6743.t000" lemma="メッカ" pos="NOUN">メッカ</instance>
         <wf lemma="だ" pos="X">だ</wf>
         <wf lemma="." pos="X">.</wf>
      </sentence>
      <sentence id="d000.s6744" source="wordnet-japanese">
         <wf lemma="彼" pos="X">彼</wf>
         <wf lemma="の" pos="X">の</wf>
         <wf lemma="額" pos="X">額</wf>
         <wf lemma="の" pos="X">の</wf>
         <instance id="d000.s6744.t000" lemma="玉" pos="NOUN">玉</instance>
         <wf lemma="の" pos="X">の</wf>
         <wf lemma="汗" pos="X">汗</wf>
         <wf lemma="." pos="X">.</wf>
      </sentence>
      <sentence id="d000.s6745" source="wordnet-japanese">
         <wf lemma="彼" pos="X">彼</wf>
         <wf lemma="は" pos="X">は</wf>
         <wf lemma="弁護士" pos="X">弁護士</wf>
         <wf lemma="たち" pos="X">たち</wf>
         <wf lemma="を" pos="X">を</wf>
         <wf lemma="真の" pos="X">真の</wf>
         <instance id="d000.s6745.t000" lemma="敵" pos="NOUN">敵</instance>
         <wf lemma="と" pos="X">と</wf>
         <wf lemma="見なし" pos="X">見なし</wf>
         <wf lemma="て" pos="X">て</wf>
         <wf lemma="い" pos="X">い</wf>
         <wf lemma="た" pos="X">た</wf>
         <wf lemma="." pos="X">.</wf>
      </sentence>
      <sentence id="d000.s6746" source="wordnet-japanese">
         <wf lemma="すばらしい" pos="X">すばらしい</wf>
         <wf lemma="視界" pos="X">視界</wf>
         <wf lemma="を" pos="X">を</wf>
         <wf lemma="人" pos="X">人</wf>
         <wf lemma="の" pos="X">の</wf>
         <wf lemma="目" pos="X">目</wf>
         <wf lemma="に" pos="X">に</wf>
         <instance id="d000.s6746.t000" lemma="与える" pos="VERB">与える</instance>
         <wf lemma="." pos="X">.</wf>
      </sentence>
      <sentence id="d000.s6747" source="wordnet-japanese">
         <instance id="d000.s6747.t000" lemma="代表的" pos="ADJ">代表的</instance>
         <wf lemma="な" pos="X">な</wf>
         <wf lemma="現代劇" pos="X">現代劇</wf>
         <wf lemma="." pos="X">.</wf>
      </sentence>
      <sentence id="d000.s6748" source="wordnet-japanese">
         <wf lemma="トランプ" pos="X">トランプ</wf>
         <wf lemma="は" pos="X">は</wf>
         <wf lemma="どんな" pos="X">どんな</wf>
         <instance id="d000.s6748.t000" lemma="スーツ" pos="NOUN">スーツ</instance>
         <wf lemma="である" pos="X">である</wf>
         <wf lemma="か" pos="X">か</wf>
         <wf lemma="." pos="X">.</wf>
      </sentence>
      <sentence id="d000.s6749" source="wordnet-japanese">
         <wf lemma="皿" pos="X">皿</wf>
         <wf lemma="を" pos="X">を</wf>
         <instance id="d000.s6749.t000" lemma="落とす" pos="VERB">落とし</instance>
         <wf lemma="て" pos="X">て</wf>
         <wf lemma="は" pos="X">は</wf>
         <wf lemma="いけ" pos="X">いけ</wf>
         <wf lemma="ない" pos="X">ない</wf>
         <wf lemma="." pos="X">.</wf>
      </sentence>
      <sentence id="d000.s6750" source="wordnet-japanese">
         <wf lemma="彼女" pos="X">彼女</wf>
         <wf lemma="は" pos="X">は</wf>
         <wf lemma="、" pos="X">、</wf>
         <instance id="d000.s6750.t000" lemma="十分" pos="ADJ">十分</instance>
         <wf lemma="な" pos="X">な</wf>
         <wf lemma="トレーニング" pos="X">トレーニング</wf>
         <wf lemma="を" pos="X">を</wf>
         <wf lemma="し" pos="X">し</wf>
         <wf lemma="た" pos="X">た</wf>
         <wf lemma="." pos="X">.</wf>
      </sentence>
      <sentence id="d000.s6751" source="wordnet-japanese">
         <instance id="d000.s6751.t000" lemma="進歩的" pos="ADJ">進歩的</instance>
         <wf lemma="な" pos="X">な</wf>
         <wf lemma="策略" pos="X">策略</wf>
         <wf lemma="." pos="X">.</wf>
      </sentence>
      <sentence id="d000.s6752" source="wordnet-japanese">
         <wf lemma="最上" pos="X">最上</wf>
         <wf lemma="の" pos="X">の</wf>
         <wf lemma="もの" pos="X">もの</wf>
         <wf lemma="と" pos="X">と</wf>
         <instance id="d000.s6752.t000" lemma="同等" pos="NOUN">同等</instance>
         <wf lemma="で" pos="X">で</wf>
         <wf lemma="." pos="X">.</wf>
      </sentence>
      <sentence id="d000.s6753" source="wordnet-japanese">
         <wf lemma="彼" pos="X">彼</wf>
         <wf lemma="は" pos="X">は</wf>
         <wf lemma="ピアノ" pos="X">ピアノ</wf>
         <wf lemma="の" pos="X">の</wf>
         <instance id="d000.s6753.t000" lemma="ふた" pos="NOUN">ふた</instance>
         <wf lemma="を" pos="X">を</wf>
         <wf lemma="持ち上げ" pos="X">持ち上げ</wf>
         <wf lemma="た" pos="X">た</wf>
         <wf lemma="." pos="X">.</wf>
      </sentence>
      <sentence id="d000.s6754" source="wordnet-japanese">
         <wf lemma="小部隊" pos="X">小部隊</wf>
         <wf lemma="による" pos="X">による</wf>
         <instance id="d000.s6754.t000" lemma="攻撃" pos="NOUN">攻撃</instance>
         <wf lemma="を" pos="X">を</wf>
         <wf lemma="開始" pos="X">開始</wf>
         <wf lemma="する" pos="X">する</wf>
         <wf lemma="." pos="X">.</wf>
      </sentence>
      <sentence id="d000.s6755" source="wordnet-japanese">
         <wf lemma="誘拐" pos="X">誘拐</wf>
         <wf lemma="を" pos="X">を</wf>
         <wf lemma="禁じる" pos="X">禁じる</wf>
         <instance id="d000.s6755.t000" lemma="法律" pos="NOUN">法律</instance>
         <wf lemma="が" pos="X">が</wf>
         <wf lemma="ある" pos="X">ある</wf>
         <wf lemma="." pos="X">.</wf>
      </sentence>
      <sentence id="d000.s6756" source="wordnet-japanese">
         <wf lemma="交渉" pos="X">交渉</wf>
         <wf lemma="は" pos="X">は</wf>
         <instance id="d000.s6756.t000" lemma="停止" pos="NOUN">停止</instance>
         <wf lemma="し" pos="X">し</wf>
         <wf lemma="た" pos="X">た</wf>
         <wf lemma="." pos="X">.</wf>
      </sentence>
      <sentence id="d000.s6757" source="wordnet-japanese">
         <wf lemma="それ" pos="X">それ</wf>
         <wf lemma="は" pos="X">は</wf>
         <instance id="d000.s6757.t000" lemma="初心者" pos="NOUN">初心者</instance>
         <wf lemma="の" pos="X">の</wf>
         <wf lemma="注意" pos="X">注意</wf>
         <wf lemma="を" pos="X">を</wf>
         <wf lemma="そらす." pos="X">そらす.</wf>
      </sentence>
      <sentence id="d000.s6758" source="wordnet-japanese">
         <wf lemma="幼年期" pos="X">幼年期</wf>
         <wf lemma="に関する" pos="X">に関する</wf>
         <wf lemma="いくつか" pos="X">いくつか</wf>
         <wf lemma="の" pos="X">の</wf>
         <instance id="d000.s6758.t000" lemma="かすか" pos="ADJ">かすか</instance>
         <wf lemma="な" pos="X">な</wf>
         <wf lemma="記憶" pos="X">記憶</wf>
         <wf lemma="." pos="X">.</wf>
      </sentence>
      <sentence id="d000.s6759" source="wordnet-japanese">
         <wf lemma="あなた" pos="X">あなた</wf>
         <wf lemma="は" pos="X">は</wf>
         <wf lemma="抵当" pos="X">抵当</wf>
         <wf lemma="に" pos="X">に</wf>
         <wf lemma="どれ" pos="X">どれ</wf>
         <wf lemma="くらい" pos="X">くらい</wf>
         <wf lemma="の" pos="X">の</wf>
         <instance id="d000.s6759.t000" lemma="利息" pos="NOUN">利息</instance>
         <wf lemma="を" pos="X">を</wf>
         <wf lemma="支払い" pos="X">支払い</wf>
         <wf lemma="ます" pos="X">ます</wf>
         <wf lemma="か" pos="X">か</wf>
         <wf lemma="？" pos="X">？</wf>
         <wf lemma="." pos="X">.</wf>
      </sentence>
      <sentence id="d000.s6760" source="wordnet-japanese">
         <instance id="d000.s6760.t000" lemma="孤独" pos="ADJ">孤独</instance>
         <wf lemma="な" pos="X">な</wf>
         <wf lemma="気質" pos="X">気質</wf>
         <wf lemma="の" pos="X">の</wf>
         <wf lemma="男性" pos="X">男性</wf>
         <wf lemma="." pos="X">.</wf>
      </sentence>
      <sentence id="d000.s6761" source="wordnet-japanese">
         <wf lemma="0" pos="X">0</wf>
         <wf lemma="と" pos="X">と</wf>
         <wf lemma="1" pos="X">1</wf>
         <wf lemma="は" pos="X">は</wf>
         <wf lemma="、" pos="X">、</wf>
         <instance id="d000.s6761.t000" lemma="数字" pos="NOUN">数字</instance>
         <wf lemma="である" pos="X">である</wf>
         <wf lemma="." pos="X">.</wf>
      </sentence>
      <sentence id="d000.s6762" source="wordnet-japanese">
         <wf lemma="アメリカ" pos="X">アメリカ</wf>
         <wf lemma="の" pos="X">の</wf>
         <wf lemma="南部" pos="X">南部</wf>
         <wf lemma="の" pos="X">の</wf>
         <instance id="d000.s6762.t000" lemma="貴族的" pos="ADJ">貴族的</instance>
         <wf lemma="な" pos="X">な</wf>
         <wf lemma="地主" pos="X">地主</wf>
         <wf lemma="." pos="X">.</wf>
      </sentence>
      <sentence id="d000.s6763" source="wordnet-japanese">
         <instance id="d000.s6763.t000" lemma="フィジカル" pos="ADJ">フィジカル</instance>
         <wf lemma="エクササイズ" pos="X">エクササイズ</wf>
         <wf lemma="." pos="X">.</wf>
      </sentence>
      <sentence id="d000.s6764" source="wordnet-japanese">
         <instance id="d000.s6764.t000" lemma="柔軟" pos="ADJ">柔軟</instance>
         <wf lemma="な" pos="X">な</wf>
         <wf lemma="性質" pos="X">性質</wf>
         <wf lemma="." pos="X">.</wf>
      </sentence>
      <sentence id="d000.s6765" source="wordnet-japanese">
         <instance id="d000.s6765.t000" lemma="簡潔" pos="ADV">簡潔</instance>
         <wf lemma="に" pos="X">に</wf>
         <wf lemma="言え" pos="X">言え</wf>
         <wf lemma="ば" pos="X">ば</wf>
         <wf lemma="." pos="X">.</wf>
      </sentence>
      <sentence id="d000.s6766" source="wordnet-japanese">
         <wf lemma="我々" pos="X">我々</wf>
         <wf lemma="は" pos="X">は</wf>
         <wf lemma="、" pos="X">、</wf>
         <wf lemma="この" pos="X">この</wf>
         <wf lemma="化学" pos="X">化学</wf>
         <wf lemma="元素" pos="X">元素</wf>
         <wf lemma="を" pos="X">を</wf>
         <wf lemma="グループ" pos="X">グループ</wf>
         <wf lemma="に" pos="X">に</wf>
         <instance id="d000.s6766.t000" lemma="含める" pos="VERB">含め</instance>
         <wf lemma="なければ" pos="X">なければ</wf>
         <wf lemma="なら" pos="X">なら</wf>
         <wf lemma="ない" pos="X">ない</wf>
         <wf lemma="." pos="X">.</wf>
      </sentence>
      <sentence id="d000.s6767" source="wordnet-japanese">
         <wf lemma="成功" pos="X">成功</wf>
         <wf lemma="に" pos="X">に</wf>
         <wf lemma="いたる" pos="X">いたる</wf>
         <wf lemma="真" pos="X">真</wf>
         <wf lemma="の" pos="X">の</wf>
         <instance id="d000.s6767.t000" lemma="方法" pos="NOUN">方法</instance>
         <wf lemma="." pos="X">.</wf>
      </sentence>
      <sentence id="d000.s6768" source="wordnet-japanese">
         <wf lemma="彼ら" pos="X">彼ら</wf>
         <wf lemma="は" pos="X">は</wf>
         <instance id="d000.s6768.t000" lemma="独占的" pos="ADJ">独占的</instance>
         <wf lemma="に" pos="X">に</wf>
         <wf lemma="その" pos="X">その</wf>
         <wf lemma="機械" pos="X">機械</wf>
         <wf lemma="を" pos="X">を</wf>
         <wf lemma="使用" pos="X">使用</wf>
         <wf lemma="し" pos="X">し</wf>
         <wf lemma="て" pos="X">て</wf>
         <wf lemma="いる" pos="X">いる</wf>
         <wf lemma="." pos="X">.</wf>
      </sentence>
      <sentence id="d000.s6769" source="wordnet-japanese">
         <wf lemma="泳者" pos="X">泳者</wf>
         <wf lemma="の" pos="X">の</wf>
         <instance id="d000.s6769.t000" lemma="キック" pos="NOUN">キック</instance>
         <wf lemma="による" pos="X">による</wf>
         <wf lemma="波紋" pos="X">波紋</wf>
         <wf lemma="が" pos="X">が</wf>
         <wf lemma="彼" pos="X">彼</wf>
         <wf lemma="の" pos="X">の</wf>
         <wf lemma="後ろ" pos="X">後ろ</wf>
         <wf lemma="に" pos="X">に</wf>
         <wf lemma="残っ" pos="X">残っ</wf>
         <wf lemma="た" pos="X">た</wf>
         <wf lemma="." pos="X">.</wf>
      </sentence>
      <sentence id="d000.s6770" source="wordnet-japanese">
         <wf lemma="ここ" pos="X">ここ</wf>
         <wf lemma="で" pos="X">で</wf>
         <wf lemma="小麦" pos="X">小麦</wf>
         <wf lemma="を" pos="X">を</wf>
         <instance id="d000.s6770.t000" lemma="作る" pos="VERB">作る</instance>
         <wf lemma="." pos="X">.</wf>
      </sentence>
      <sentence id="d000.s6771" source="wordnet-japanese">
         <wf lemma="彼" pos="X">彼</wf>
         <wf lemma="の" pos="X">の</wf>
         <wf lemma="体" pos="X">体</wf>
         <wf lemma="は" pos="X">は</wf>
         <wf lemma="、" pos="X">、</wf>
         <wf lemma="疲労" pos="X">疲労</wf>
         <wf lemma="に" pos="X">に</wf>
         <instance id="d000.s6771.t000" lemma="反抗" pos="NOUN">反抗</instance>
         <wf lemma="し" pos="X">し</wf>
         <wf lemma="た" pos="X">た</wf>
         <wf lemma="." pos="X">.</wf>
      </sentence>
      <sentence id="d000.s6772" source="wordnet-japanese">
         <wf lemma="だれ" pos="X">だれ</wf>
         <wf lemma="が" pos="X">が</wf>
         <wf lemma="この" pos="X">この</wf>
         <wf lemma="プロジェクト" pos="X">プロジェクト</wf>
         <wf lemma="を" pos="X">を</wf>
         <instance id="d000.s6772.t000" lemma="率いる" pos="VERB">率い</instance>
         <wf lemma="て" pos="X">て</wf>
         <wf lemma="い" pos="X">い</wf>
         <wf lemma="ます" pos="X">ます</wf>
         <wf lemma="か" pos="X">か</wf>
         <wf lemma="?" pos="X">?</wf>
      </sentence>
      <sentence id="d000.s6773" source="wordnet-japanese">
         <wf lemma="教授" pos="X">教授</wf>
         <wf lemma="が" pos="X">が</wf>
         <instance id="d000.s6773.t000" lemma="説明" pos="NOUN">説明</instance>
         <wf lemma="し" pos="X">し</wf>
         <wf lemma="た" pos="X">た</wf>
         <wf lemma="ので" pos="X">ので</wf>
         <wf lemma="、" pos="X">、</wf>
         <wf lemma="彼女" pos="X">彼女</wf>
         <wf lemma="は" pos="X">は</wf>
         <wf lemma="教科書" pos="X">教科書</wf>
         <wf lemma="を" pos="X">を</wf>
         <wf lemma="理解" pos="X">理解</wf>
         <wf lemma="する" pos="X">する</wf>
         <wf lemma="こと" pos="X">こと</wf>
         <wf lemma="が" pos="X">が</wf>
         <wf lemma="でき" pos="X">でき</wf>
         <wf lemma="た" pos="X">た</wf>
         <wf lemma="." pos="X">.</wf>
      </sentence>
      <sentence id="d000.s6774" source="wordnet-japanese">
         <instance id="d000.s6774.t000" lemma="ベルボトム" pos="ADJ">ベルボトム</instance>
         <wf lemma="の" pos="X">の</wf>
         <wf lemma="ズボン" pos="X">ズボン</wf>
         <wf lemma="." pos="X">.</wf>
      </sentence>
      <sentence id="d000.s6775" source="wordnet-japanese">
         <wf lemma="この" pos="X">この</wf>
         <wf lemma="電車" pos="X">電車</wf>
         <wf lemma="は" pos="X">は</wf>
         <wf lemma="、" pos="X">、</wf>
         <wf lemma="核廃棄物" pos="X">核廃棄物</wf>
         <wf lemma="を" pos="X">を</wf>
         <instance id="d000.s6775.t000" lemma="運ぶ" pos="VERB">運ん</instance>
         <wf lemma="で" pos="X">で</wf>
         <wf lemma="いる" pos="X">いる</wf>
         <wf lemma="." pos="X">.</wf>
      </sentence>
      <sentence id="d000.s6776" source="wordnet-japanese">
         <wf lemma="それ" pos="X">それ</wf>
         <wf lemma="が" pos="X">が</wf>
         <wf lemma="作動" pos="X">作動</wf>
         <wf lemma="する" pos="X">する</wf>
         <instance id="d000.s6776.t000" lemma="わずか" pos="ADJ">わずか</instance>
         <wf lemma="な" pos="X">な</wf>
         <wf lemma="可能性" pos="X">可能性</wf>
         <wf lemma="が" pos="X">が</wf>
         <wf lemma="ある" pos="X">ある</wf>
         <wf lemma="." pos="X">.</wf>
      </sentence>
      <sentence id="d000.s6777" source="wordnet-japanese">
         <wf lemma="小休止" pos="X">小休止</wf>
         <wf lemma="を" pos="X">を</wf>
         <instance id="d000.s6777.t000" lemma="取る" pos="VERB">取る</instance>
         <wf lemma="." pos="X">.</wf>
      </sentence>
      <sentence id="d000.s6778" source="wordnet-japanese">
         <wf lemma="4" pos="X">4</wf>
         <wf lemma="つ" pos="X">つ</wf>
         <wf lemma="に" pos="X">に</wf>
         <wf lemma="仕切" pos="X">仕切</wf>
         <wf lemma="られ" pos="X">られ</wf>
         <wf lemma="た" pos="X">た</wf>
         <wf lemma="心臓" pos="X">心臓</wf>
         <wf lemma="の" pos="X">の</wf>
         <wf lemma="中" pos="X">中</wf>
         <wf lemma="で" pos="X">で</wf>
         <wf lemma="、" pos="X">、</wf>
         <wf lemma="2" pos="X">2</wf>
         <wf lemma="つ" pos="X">つ</wf>
         <wf lemma="の" pos="X">の</wf>
         <wf lemma="心耳" pos="X">心耳</wf>
         <wf lemma="が" pos="X">が</wf>
         <instance id="d000.s6778.t000" lemma="同時" pos="ADV">同時</instance>
         <wf lemma="に" pos="X">に</wf>
         <wf lemma="動く" pos="X">動く</wf>
         <wf lemma="." pos="X">.</wf>
      </sentence>
      <sentence id="d000.s6779" source="wordnet-japanese">
         <wf lemma="彼女" pos="X">彼女</wf>
         <wf lemma="は" pos="X">は</wf>
         <wf lemma="その" pos="X">その</wf>
         <instance id="d000.s6779.t000" lemma="男" pos="NOUN">男</instance>
         <wf lemma="を" pos="X">を</wf>
         <wf lemma="よく" pos="X">よく</wf>
         <wf lemma="世話" pos="X">世話</wf>
         <wf lemma="を" pos="X">を</wf>
         <wf lemma="する" pos="X">する</wf>
         <wf lemma="." pos="X">.</wf>
      </sentence>
      <sentence id="d000.s6780" source="wordnet-japanese">
         <wf lemma="その" pos="X">その</wf>
         <instance id="d000.s6780.t000" lemma="活発" pos="ADJ">活発</instance>
         <wf lemma="な" pos="X">な</wf>
         <wf lemma="老人" pos="X">老人</wf>
         <wf lemma="は" pos="X">は</wf>
         <wf lemma="、" pos="X">、</wf>
         <wf lemma="馬" pos="X">馬</wf>
         <wf lemma="の" pos="X">の</wf>
         <wf lemma="上" pos="X">上</wf>
         <wf lemma="で" pos="X">で</wf>
         <wf lemma="、" pos="X">、</wf>
         <wf lemma="半生" pos="X">半生</wf>
         <wf lemma="を" pos="X">を</wf>
         <wf lemma="過ごし" pos="X">過ごし</wf>
         <wf lemma="た" pos="X">た</wf>
         <wf lemma="−" pos="X">−</wf>
         <wf lemma="W.H" pos="X">W.H</wf>
         <wf lemma="." pos="X">.</wf>
         <wf lemma="ハドソン" pos="X">ハドソン</wf>
         <wf lemma="." pos="X">.</wf>
      </sentence>
      <sentence id="d000.s6781" source="wordnet-japanese">
         <wf lemma="36" pos="X">36</wf>
         <wf lemma="は" pos="X">は</wf>
         <wf lemma="18" pos="X">18</wf>
         <wf lemma="の" pos="X">の</wf>
         <instance id="d000.s6781.t000" lemma="倍" pos="NOUN">倍</instance>
         <wf lemma="である" pos="X">である</wf>
         <wf lemma="." pos="X">.</wf>
      </sentence>
      <sentence id="d000.s6782" source="wordnet-japanese">
         <wf lemma="この" pos="X">この</wf>
         <wf lemma="装置" pos="X">装置</wf>
         <wf lemma="で" pos="X">で</wf>
         <wf lemma="肺" pos="X">肺</wf>
         <wf lemma="の" pos="X">の</wf>
         <instance id="d000.s6782.t000" lemma="障害" pos="NOUN">障害</instance>
         <wf lemma="の" pos="X">の</wf>
         <wf lemma="検出" pos="X">検出</wf>
         <wf lemma="が" pos="X">が</wf>
         <wf lemma="可能" pos="X">可能</wf>
         <wf lemma="で" pos="X">で</wf>
         <wf lemma="ある" pos="X">ある</wf>
         <wf lemma="." pos="X">.</wf>
      </sentence>
      <sentence id="d000.s6783" source="wordnet-japanese">
         <wf lemma="死" pos="X">死</wf>
         <wf lemma="へ" pos="X">へ</wf>
         <wf lemma="の" pos="X">の</wf>
         <instance id="d000.s6783.t000" lemma="病的" pos="ADJ">病的</instance>
         <wf lemma="な" pos="X">な</wf>
         <wf lemma="関心" pos="X">関心</wf>
         <wf lemma="." pos="X">.</wf>
      </sentence>
      <sentence id="d000.s6784" source="wordnet-japanese">
         <instance id="d000.s6784.t000" lemma="大企業" pos="NOUN">大企業</instance>
         <wf lemma="は" pos="X">は</wf>
         <wf lemma="非常" pos="X">非常</wf>
         <wf lemma="に" pos="X">に</wf>
         <wf lemma="強力" pos="X">強力</wf>
         <wf lemma="に" pos="X">に</wf>
         <wf lemma="なっ" pos="X">なっ</wf>
         <wf lemma="て" pos="X">て</wf>
         <wf lemma="いる" pos="X">いる</wf>
         <wf lemma="ので" pos="X">ので</wf>
         <wf lemma="、" pos="X">、</wf>
         <wf lemma="それ" pos="X">それ</wf>
         <wf lemma="を" pos="X">を</wf>
         <wf lemma="有効" pos="X">有効</wf>
         <wf lemma="に" pos="X">に</wf>
         <wf lemma="規制" pos="X">規制</wf>
         <wf lemma="する" pos="X">する</wf>
         <wf lemma="こと" pos="X">こと</wf>
         <wf lemma="は" pos="X">は</wf>
         <wf lemma="困難" pos="X">困難</wf>
         <wf lemma="である" pos="X">である</wf>
         <wf lemma="." pos="X">.</wf>
      </sentence>
      <sentence id="d000.s6785" source="wordnet-japanese">
         <instance id="d000.s6785.t000" lemma="不愉快" pos="ADJ">不愉快</instance>
         <wf lemma="な" pos="X">な</wf>
         <wf lemma="老人" pos="X">老人</wf>
         <wf lemma="." pos="X">.</wf>
      </sentence>
      <sentence id="d000.s6786" source="wordnet-japanese">
         <wf lemma="彼ら" pos="X">彼ら</wf>
         <wf lemma="は" pos="X">は</wf>
         <wf lemma="彼" pos="X">彼</wf>
         <wf lemma="が" pos="X">が</wf>
         <wf lemma="値する" pos="X">値する</wf>
         <wf lemma="以上" pos="X">以上</wf>
         <wf lemma="に" pos="X">に</wf>
         <wf lemma="彼" pos="X">彼</wf>
         <wf lemma="を" pos="X">を</wf>
         <instance id="d000.s6786.t000" lemma="称賛" pos="NOUN">称賛</instance>
         <wf lemma="し" pos="X">し</wf>
         <wf lemma="た" pos="X">た</wf>
         <wf lemma="." pos="X">.</wf>
      </sentence>
      <sentence id="d000.s6787" source="wordnet-japanese">
         <instance id="d000.s6787.t000" lemma="マイクロプロセッサ" pos="NOUN">マイクロプロセッサ</instance>
         <wf lemma="は" pos="X">は</wf>
         <wf lemma="マイクロコンピュータ" pos="X">マイクロコンピュータ</wf>
         <wf lemma="の" pos="X">の</wf>
         <wf lemma="中央" pos="X">中央</wf>
         <wf lemma="処理" pos="X">処理</wf>
         <wf lemma="ユニット" pos="X">ユニット</wf>
         <wf lemma="と" pos="X">と</wf>
         <wf lemma="し" pos="X">し</wf>
         <wf lemma="て" pos="X">て</wf>
         <wf lemma="機能" pos="X">機能</wf>
         <wf lemma="する" pos="X">する</wf>
         <wf lemma="." pos="X">.</wf>
      </sentence>
      <sentence id="d000.s6788" source="wordnet-japanese">
         <wf lemma="私" pos="X">私</wf>
         <wf lemma="は" pos="X">は</wf>
         <wf lemma="、" pos="X">、</wf>
         <wf lemma="彼" pos="X">彼</wf>
         <wf lemma="の" pos="X">の</wf>
         <wf lemma="鼻" pos="X">鼻</wf>
         <wf lemma="を" pos="X">を</wf>
         <instance id="d000.s6788.t000" lemma="強打" pos="NOUN">強打</instance>
         <wf lemma="し" pos="X">し</wf>
         <wf lemma="た" pos="X">た</wf>
         <wf lemma="." pos="X">.</wf>
      </sentence>
      <sentence id="d000.s6789" source="wordnet-japanese">
         <wf lemma="彼" pos="X">彼</wf>
         <wf lemma="は" pos="X">は</wf>
         <wf lemma="材料" pos="X">材料</wf>
         <wf lemma="と" pos="X">と</wf>
         <wf lemma="物資" pos="X">物資</wf>
         <wf lemma="の" pos="X">の</wf>
         <instance id="d000.s6789.t000" lemma="調達" pos="NOUN">調達</instance>
         <wf lemma="に" pos="X">に</wf>
         <wf lemma="責任" pos="X">責任</wf>
         <wf lemma="を" pos="X">を</wf>
         <wf lemma="もっ" pos="X">もっ</wf>
         <wf lemma="て" pos="X">て</wf>
         <wf lemma="い" pos="X">い</wf>
         <wf lemma="た" pos="X">た</wf>
         <wf lemma="." pos="X">.</wf>
      </sentence>
      <sentence id="d000.s6790" source="wordnet-japanese">
         <wf lemma="彼" pos="X">彼</wf>
         <wf lemma="の" pos="X">の</wf>
         <wf lemma="仕事" pos="X">仕事</wf>
         <wf lemma="の" pos="X">の</wf>
         <wf lemma="範囲" pos="X">範囲</wf>
         <wf lemma="と" pos="X">と</wf>
         <instance id="d000.s6790.t000" lemma="多様性" pos="NOUN">多様性</instance>
         <wf lemma="は" pos="X">は</wf>
         <wf lemma="驚異" pos="X">驚異</wf>
         <wf lemma="的" pos="X">的</wf>
         <wf lemma="で" pos="X">で</wf>
         <wf lemma="ある" pos="X">ある</wf>
         <wf lemma="." pos="X">.</wf>
      </sentence>
      <sentence id="d000.s6791" source="wordnet-japanese">
         <wf lemma="干し草" pos="X">干し草</wf>
         <wf lemma="を" pos="X">を</wf>
         <wf lemma="トラック" pos="X">トラック</wf>
         <wf lemma="に" pos="X">に</wf>
         <instance id="d000.s6791.t000" lemma="積む" pos="VERB">積む</instance>
         <wf lemma="." pos="X">.</wf>
      </sentence>
      <sentence id="d000.s6792" source="wordnet-japanese">
         <instance id="d000.s6792.t000" lemma="無敵" pos="ADJ">無敵</instance>
         <wf lemma="の" pos="X">の</wf>
         <wf lemma="軍隊" pos="X">軍隊</wf>
         <wf lemma="." pos="X">.</wf>
      </sentence>
      <sentence id="d000.s6793" source="wordnet-japanese">
         <wf lemma="影響" pos="X">影響</wf>
         <wf lemma="に" pos="X">に</wf>
         <instance id="d000.s6793.t000" lemma="愚か" pos="ADJ">愚か</instance>
         <wf lemma="に" pos="X">に</wf>
         <wf lemma="打た" pos="X">打た</wf>
         <wf lemma="れる" pos="X">れる</wf>
         <wf lemma="." pos="X">.</wf>
      </sentence>
      <sentence id="d000.s6794" source="wordnet-japanese">
         <wf lemma="それら" pos="X">それら</wf>
         <wf lemma="は" pos="X">は</wf>
         <instance id="d000.s6794.t000" lemma="絶望" pos="NOUN">絶望</instance>
         <wf lemma="と" pos="X">と</wf>
         <wf lemma="狼" pos="X">狼</wf>
         <wf lemma="狽" pos="X">狽</wf>
         <wf lemma="の" pos="X">の</wf>
         <wf lemma="中" pos="X">中</wf>
         <wf lemma="で" pos="X">で</wf>
         <wf lemma="うめい" pos="X">うめい</wf>
         <wf lemma="た" pos="X">た</wf>
         <wf lemma="." pos="X">.</wf>
      </sentence>
      <sentence id="d000.s6795" source="wordnet-japanese">
         <wf lemma="彼" pos="X">彼</wf>
         <wf lemma="は" pos="X">は</wf>
         <wf lemma="博物館" pos="X">博物館</wf>
         <wf lemma="で" pos="X">で</wf>
         <instance id="d000.s6795.t000" lemma="疲れる" pos="NOUN">疲れ</instance>
         <wf lemma="た" pos="X">た</wf>
         <wf lemma="." pos="X">.</wf>
      </sentence>
      <sentence id="d000.s6796" source="wordnet-japanese">
         <wf lemma="彼" pos="X">彼</wf>
         <wf lemma="の" pos="X">の</wf>
         <instance id="d000.s6796.t000" lemma="フォロースルー" pos="NOUN">フォロースルー</instance>
         <wf lemma="は" pos="X">は</wf>
         <wf lemma="目標" pos="X">目標</wf>
         <wf lemma="に" pos="X">に</wf>
         <wf lemma="向かっ" pos="X">向かっ</wf>
         <wf lemma="て" pos="X">て</wf>
         <wf lemma="真っ" pos="X">真っ</wf>
         <wf lemma="すぐ" pos="X">すぐ</wf>
         <wf lemma="向かっ" pos="X">向かっ</wf>
         <wf lemma="た" pos="X">た</wf>
         <wf lemma="." pos="X">.</wf>
      </sentence>
      <sentence id="d000.s6797" source="wordnet-japanese">
         <wf lemma="ヤンキー" pos="X">ヤンキー</wf>
         <wf lemma="・" pos="X">・</wf>
         <wf lemma="ドゥードゥル" pos="X">ドゥードゥル</wf>
         <wf lemma="は" pos="X">は</wf>
         <wf lemma="彼" pos="X">彼</wf>
         <wf lemma="の" pos="X">の</wf>
         <wf lemma="帽子" pos="X">帽子</wf>
         <wf lemma="に" pos="X">に</wf>
         <wf lemma="羽根" pos="X">羽根</wf>
         <wf lemma="を" pos="X">を</wf>
         <wf lemma="付け" pos="X">付け</wf>
         <wf lemma="て" pos="X">て</wf>
         <wf lemma="、" pos="X">、</wf>
         <wf lemma="それ" pos="X">それ</wf>
         <wf lemma="を" pos="X">を</wf>
         <instance id="d000.s6797.t000" lemma="マカロニ" pos="NOUN">マカロニ</instance>
         <wf lemma="と" pos="X">と</wf>
         <wf lemma="呼ん" pos="X">呼ん</wf>
         <wf lemma="だ" pos="X">だ</wf>
         <wf lemma="." pos="X">.</wf>
      </sentence>
      <sentence id="d000.s6798" source="wordnet-japanese">
         <wf lemma="工場" pos="X">工場</wf>
         <wf lemma="の" pos="X">の</wf>
         <wf lemma="稼動" pos="X">稼動</wf>
         <wf lemma="を" pos="X">を</wf>
         <wf lemma="続ける" pos="X">続ける</wf>
         <wf lemma="の" pos="X">の</wf>
         <wf lemma="は" pos="X">は</wf>
         <wf lemma="もはや" pos="X">もはや</wf>
         <instance id="d000.s6798.t000" lemma="経済的" pos="ADJ">経済的</instance>
         <wf lemma="で" pos="X">で</wf>
         <wf lemma="は" pos="X">は</wf>
         <wf lemma="ない" pos="X">ない</wf>
         <wf lemma="." pos="X">.</wf>
      </sentence>
      <sentence id="d000.s6799" source="wordnet-japanese">
         <wf lemma="鞭の" pos="X">鞭の</wf>
         <instance id="d000.s6799.t000" lemma="隙間" pos="NOUN">隙間</instance>
         <wf lemma="." pos="X">.</wf>
      </sentence>
      <sentence id="d000.s6800" source="wordnet-japanese">
         <wf lemma="我々" pos="X">我々</wf>
         <wf lemma="は" pos="X">は</wf>
         <wf lemma="、" pos="X">、</wf>
         <wf lemma="公園" pos="X">公園</wf>
         <wf lemma="の" pos="X">の</wf>
         <wf lemma="速い" pos="X">速い</wf>
         <instance id="d000.s6800.t000" lemma="巡回" pos="NOUN">巡回</instance>
         <wf lemma="を" pos="X">を</wf>
         <wf lemma="とっ" pos="X">とっ</wf>
         <wf lemma="た" pos="X">た</wf>
         <wf lemma="." pos="X">.</wf>
      </sentence>
      <sentence id="d000.s6801" source="wordnet-japanese">
         <wf lemma="非常" pos="X">非常</wf>
         <wf lemma="に" pos="X">に</wf>
         <instance id="d000.s6801.t000" lemma="素人臭い" pos="ADJ">素人臭い</instance>
         <wf lemma="仕事" pos="X">仕事</wf>
         <wf lemma="." pos="X">.</wf>
      </sentence>
      <sentence id="d000.s6802" source="wordnet-japanese">
         <wf lemma="非常" pos="X">非常</wf>
         <wf lemma="に" pos="X">に</wf>
         <instance id="d000.s6802.t000" lemma="不規則" pos="ADJ">不規則</instance>
         <wf lemma="な" pos="X">な</wf>
         <wf lemma="行動" pos="X">行動</wf>
         <wf lemma="." pos="X">.</wf>
      </sentence>
      <sentence id="d000.s6803" source="wordnet-japanese">
         <instance id="d000.s6803.t000" lemma="広い" pos="ADJ">広い</instance>
         <wf lemma="芝生" pos="X">芝生</wf>
         <wf lemma="." pos="X">.</wf>
      </sentence>
      <sentence id="d000.s6804" source="wordnet-japanese">
         <wf lemma="彼女" pos="X">彼女</wf>
         <wf lemma="は" pos="X">は</wf>
         <instance id="d000.s6804.t000" lemma="実際" pos="ADV">実際</instance>
         <wf lemma="の" pos="X">の</wf>
         <wf lemma="ところ" pos="X">ところ</wf>
         <wf lemma="、" pos="X">、</wf>
         <wf lemma="満足" pos="X">満足</wf>
         <wf lemma="の" pos="X">の</wf>
         <wf lemma="いく" pos="X">いく</wf>
         <wf lemma="もの" pos="X">もの</wf>
         <wf lemma="で" pos="X">で</wf>
         <wf lemma="は" pos="X">は</wf>
         <wf lemma="ない" pos="X">ない</wf>
         <wf lemma="と" pos="X">と</wf>
         <wf lemma="わから" pos="X">わから</wf>
         <wf lemma="なかっ" pos="X">なかっ</wf>
         <wf lemma="た" pos="X">た</wf>
         <wf lemma="." pos="X">.</wf>
      </sentence>
      <sentence id="d000.s6805" source="wordnet-japanese">
         <wf lemma="彼" pos="X">彼</wf>
         <wf lemma="は" pos="X">は</wf>
         <wf lemma="、" pos="X">、</wf>
         <instance id="d000.s6805.t000" lemma="以前" pos="ADV">以前</instance>
         <wf lemma="銀行" pos="X">銀行</wf>
         <wf lemma="の" pos="X">の</wf>
         <wf lemma="頭取" pos="X">頭取</wf>
         <wf lemma="だっ" pos="X">だっ</wf>
         <wf lemma="た" pos="X">た</wf>
         <wf lemma="." pos="X">.</wf>
      </sentence>
      <sentence id="d000.s6806" source="wordnet-japanese">
         <instance id="d000.s6806.t000" lemma="悲しい" pos="ADJ">悲しい</instance>
         <wf lemma="ニュース" pos="X">ニュース</wf>
         <wf lemma="." pos="X">.</wf>
      </sentence>
      <sentence id="d000.s6807" source="wordnet-japanese">
         <instance id="d000.s6807.t000" lemma="内因子" pos="NOUN">内因子</instance>
         <wf lemma="欠乏" pos="X">欠乏</wf>
         <wf lemma="は" pos="X">は</wf>
         <wf lemma="、" pos="X">、</wf>
         <wf lemma="悪性" pos="X">悪性</wf>
         <wf lemma="貧血" pos="X">貧血</wf>
         <wf lemma="を" pos="X">を</wf>
         <wf lemma="もたらす" pos="X">もたらす</wf>
         <wf lemma="可能性" pos="X">可能性</wf>
         <wf lemma="が" pos="X">が</wf>
         <wf lemma="ある" pos="X">ある</wf>
         <wf lemma="." pos="X">.</wf>
      </sentence>
      <sentence id="d000.s6808" source="wordnet-japanese">
         <wf lemma="彼" pos="X">彼</wf>
         <wf lemma="は" pos="X">は</wf>
         <instance id="d000.s6808.t000" lemma="何とか" pos="ADV">何とか</instance>
         <wf lemma="し" pos="X">し</wf>
         <wf lemma="て" pos="X">て</wf>
         <wf lemma="、" pos="X">、</wf>
         <wf lemma="自分" pos="X">自分</wf>
         <wf lemma="を" pos="X">を</wf>
         <wf lemma="愛し" pos="X">愛し</wf>
         <wf lemma="て" pos="X">て</wf>
         <wf lemma="くれる" pos="X">くれる</wf>
         <wf lemma="女性" pos="X">女性</wf>
         <wf lemma="を" pos="X">を</wf>
         <wf lemma="見つける" pos="X">見つける</wf>
         <wf lemma="つもり" pos="X">つもり</wf>
         <wf lemma="だっ" pos="X">だっ</wf>
         <wf lemma="た" pos="X">た</wf>
         <wf lemma="." pos="X">.</wf>
      </sentence>
      <sentence id="d000.s6809" source="wordnet-japanese">
         <wf lemma="夫" pos="X">夫</wf>
         <wf lemma="が" pos="X">が</wf>
         <wf lemma="酔っぱらう" pos="X">酔っぱらう</wf>
         <wf lemma="たび" pos="X">たび</wf>
         <wf lemma="に" pos="X">に</wf>
         <wf lemma="、" pos="X">、</wf>
         <wf lemma="彼女" pos="X">彼女</wf>
         <wf lemma="は" pos="X">は</wf>
         <instance id="d000.s6809.t000" lemma="苦しむ" pos="VERB">苦しむ</instance>
         <wf lemma="." pos="X">.</wf>
      </sentence>
      <sentence id="d000.s6810" source="wordnet-japanese">
         <wf lemma="パキスタン" pos="X">パキスタン</wf>
         <wf lemma="の" pos="X">の</wf>
         <wf lemma="大統領" pos="X">大統領</wf>
         <wf lemma="は" pos="X">は</wf>
         <wf lemma="インド" pos="X">インド</wf>
         <wf lemma="へ" pos="X">へ</wf>
         <wf lemma="の" pos="X">の</wf>
         <instance id="d000.s6810.t000" lemma="先制" pos="NOUN">先制</instance>
         <wf lemma="攻撃" pos="X">攻撃</wf>
         <wf lemma="を" pos="X">を</wf>
         <wf lemma="し" pos="X">し</wf>
         <wf lemma="ない" pos="X">ない</wf>
         <wf lemma="こと" pos="X">こと</wf>
         <wf lemma="を" pos="X">を</wf>
         <wf lemma="約束" pos="X">約束</wf>
         <wf lemma="し" pos="X">し</wf>
         <wf lemma="た" pos="X">た</wf>
         <wf lemma="." pos="X">.</wf>
      </sentence>
      <sentence id="d000.s6811" source="wordnet-japanese">
         <instance id="d000.s6811.t000" lemma="不倫" pos="ADJ">不倫</instance>
         <wf lemma="の" pos="X">の</wf>
         <wf lemma="夫" pos="X">夫</wf>
         <wf lemma="と" pos="X">と</wf>
         <wf lemma="妻" pos="X">妻</wf>
         <wf lemma="." pos="X">.</wf>
      </sentence>
      <sentence id="d000.s6812" source="wordnet-japanese">
         <wf lemma="ああ" pos="X">ああ</wf>
         <wf lemma="、" pos="X">、</wf>
         <wf lemma="我々" pos="X">我々</wf>
         <wf lemma="は" pos="X">は</wf>
         <wf lemma="なんて" pos="X">なんて</wf>
         <instance id="d000.s6812.t000" lemma="複雑" pos="ADJ">複雑</instance>
         <wf lemma="に" pos="X">に</wf>
         <wf lemma="入り組ん" pos="X">入り組ん</wf>
         <wf lemma="だ" pos="X">だ</wf>
         <wf lemma="クモ" pos="X">クモ</wf>
         <wf lemma="の" pos="X">の</wf>
         <wf lemma="巣" pos="X">巣</wf>
         <wf lemma="を" pos="X">を</wf>
         <wf lemma="かけ" pos="X">かけ</wf>
         <wf lemma="て" pos="X">て</wf>
         <wf lemma="いる" pos="X">いる</wf>
         <wf lemma="の" pos="X">の</wf>
         <wf lemma="だ" pos="X">だ</wf>
         <wf lemma="−" pos="X">−</wf>
         <wf lemma="ウォルター" pos="X">ウォルター</wf>
         <wf lemma="・" pos="X">・</wf>
         <wf lemma="スコット" pos="X">スコット</wf>
         <wf lemma="卿" pos="X">卿</wf>
         <wf lemma="." pos="X">.</wf>
      </sentence>
      <sentence id="d000.s6813" source="wordnet-japanese">
         <wf lemma="車" pos="X">車</wf>
         <wf lemma="の" pos="X">の</wf>
         <instance id="d000.s6813.t000" lemma="ナット" pos="NOUN">ナット</instance>
         <wf lemma="." pos="X">.</wf>
      </sentence>
      <sentence id="d000.s6814" source="wordnet-japanese">
         <wf lemma="円" pos="X">円</wf>
         <wf lemma="は" pos="X">は</wf>
         <instance id="d000.s6814.t000" lemma="風変わり" pos="NOUN">風変わり</instance>
         <wf lemma="が" pos="X">が</wf>
         <wf lemma="ない" pos="X">ない</wf>
         <wf lemma="楕円" pos="X">楕円</wf>
         <wf lemma="である" pos="X">である</wf>
         <wf lemma="." pos="X">.</wf>
      </sentence>
      <sentence id="d000.s6815" source="wordnet-japanese">
         <wf lemma="下院" pos="X">下院</wf>
         <wf lemma="の" pos="X">の</wf>
         <wf lemma="議席" pos="X">議席</wf>
         <wf lemma="の" pos="X">の</wf>
         <instance id="d000.s6815.t000" lemma="割当て" pos="NOUN">割当て</instance>
         <wf lemma="は" pos="X">は</wf>
         <wf lemma="、" pos="X">、</wf>
         <wf lemma="各々" pos="X">各々</wf>
         <wf lemma="の" pos="X">の</wf>
         <wf lemma="州" pos="X">州</wf>
         <wf lemma="の" pos="X">の</wf>
         <wf lemma="相対的" pos="X">相対的</wf>
         <wf lemma="な" pos="X">な</wf>
         <wf lemma="人口" pos="X">人口</wf>
         <wf lemma="に" pos="X">に</wf>
         <wf lemma="基づく" pos="X">基づく</wf>
         <wf lemma="." pos="X">.</wf>
      </sentence>
      <sentence id="d000.s6816" source="wordnet-japanese">
         <wf lemma="良い" pos="X">良い</wf>
         <wf lemma="コンサルタント" pos="X">コンサルタント</wf>
         <wf lemma="に" pos="X">に</wf>
         <wf lemma="は" pos="X">は</wf>
         <wf lemma="、" pos="X">、</wf>
         <instance id="d000.s6816.t000" lemma="実社会" pos="NOUN">実社会</instance>
         <wf lemma="において" pos="X">において</wf>
         <wf lemma="、" pos="X">、</wf>
         <wf lemma="たくさん" pos="X">たくさん</wf>
         <wf lemma="の" pos="X">の</wf>
         <wf lemma="経験" pos="X">経験</wf>
         <wf lemma="が" pos="X">が</wf>
         <wf lemma="なければ" pos="X">なければ</wf>
         <wf lemma="なら" pos="X">なら</wf>
         <wf lemma="ない" pos="X">ない</wf>
         <wf lemma="." pos="X">.</wf>
      </sentence>
      <sentence id="d000.s6817" source="wordnet-japanese">
         <wf lemma="小さい" pos="X">小さい</wf>
         <wf lemma="エンドウ" pos="X">エンドウ</wf>
         <wf lemma="豆" pos="X">豆</wf>
         <wf lemma="の" pos="X">の</wf>
         <instance id="d000.s6817.t000" lemma="大きさ" pos="NOUN">大きさ</instance>
         <wf lemma="について" pos="X">について</wf>
         <wf lemma="." pos="X">.</wf>
      </sentence>
      <sentence id="d000.s6818" source="wordnet-japanese">
         <instance id="d000.s6818.t000" lemma="敏感" pos="ADJ">敏感</instance>
         <wf lemma="肌" pos="X">肌</wf>
         <wf lemma="." pos="X">.</wf>
      </sentence>
      <sentence id="d000.s6819" source="wordnet-japanese">
         <instance id="d000.s6819.t000" lemma="粗末" pos="ADJ">粗末</instance>
         <wf lemma="な" pos="X">な</wf>
         <wf lemma="待遇" pos="X">待遇</wf>
         <wf lemma="." pos="X">.</wf>
      </sentence>
      <sentence id="d000.s6820" source="wordnet-japanese">
         <wf lemma="ルーズベルト" pos="X">ルーズベルト</wf>
         <wf lemma="は" pos="X">は</wf>
         <instance id="d000.s6820.t000" lemma="魅惑的" pos="ADJ">魅惑的</instance>
         <wf lemma="な" pos="X">な</wf>
         <wf lemma="話し手" pos="X">話し手</wf>
         <wf lemma="だっ" pos="X">だっ</wf>
         <wf lemma="た" pos="X">た</wf>
         <wf lemma="." pos="X">.</wf>
      </sentence>
      <sentence id="d000.s6821" source="wordnet-japanese">
         <instance id="d000.s6821.t000" lemma="任務" pos="NOUN">任務</instance>
         <wf lemma="の" pos="X">の</wf>
         <wf lemma="中心" pos="X">中心</wf>
         <wf lemma="." pos="X">.</wf>
      </sentence>
      <sentence id="d000.s6822" source="wordnet-japanese">
         <instance id="d000.s6822.t000" lemma="激しい" pos="ADJ">激しい</instance>
         <wf lemma="戦い" pos="X">戦い</wf>
         <wf lemma="." pos="X">.</wf>
      </sentence>
      <sentence id="d000.s6823" source="wordnet-japanese">
         <wf lemma="牛乳" pos="X">牛乳</wf>
         <wf lemma="は" pos="X">は</wf>
         <wf lemma="約" pos="X">約</wf>
         <wf lemma="4.7" pos="X">4.7</wf>
         <wf lemma="パーセント" pos="X">パーセント</wf>
         <wf lemma="の" pos="X">の</wf>
         <instance id="d000.s6823.t000" lemma="ラクトース" pos="NOUN">ラクトース</instance>
         <wf lemma="を" pos="X">を</wf>
         <wf lemma="含む" pos="X">含む</wf>
         <wf lemma="." pos="X">.</wf>
      </sentence>
      <sentence id="d000.s6824" source="wordnet-japanese">
         <wf lemma="帆船" pos="X">帆船</wf>
         <wf lemma="の" pos="X">の</wf>
         <instance id="d000.s6824.t000" lemma="時代" pos="NOUN">時代</instance>
         <wf lemma="に" pos="X">に</wf>
         <wf lemma="." pos="X">.</wf>
      </sentence>
      <sentence id="d000.s6825" source="wordnet-japanese">
         <wf lemma="彼女" pos="X">彼女</wf>
         <wf lemma="は" pos="X">は</wf>
         <wf lemma="多く" pos="X">多く</wf>
         <wf lemma="の" pos="X">の</wf>
         <wf lemma="男性" pos="X">男性</wf>
         <wf lemma="と" pos="X">と</wf>
         <instance id="d000.s6825.t000" lemma="親密" pos="ADJ">親密</instance>
         <wf lemma="だっ" pos="X">だっ</wf>
         <wf lemma="た" pos="X">た</wf>
         <wf lemma="." pos="X">.</wf>
      </sentence>
      <sentence id="d000.s6826" source="wordnet-japanese">
         <wf lemma="ヘリコプター" pos="X">ヘリコプター</wf>
         <wf lemma="に" pos="X">に</wf>
         <wf lemma="は" pos="X">は</wf>
         <wf lemma="水平" pos="X">水平</wf>
         <wf lemma="の" pos="X">の</wf>
         <instance id="d000.s6826.t000" lemma="ローター" pos="NOUN">ローター</instance>
         <wf lemma="、" pos="X">、</wf>
         <wf lemma="ジェット" pos="X">ジェット</wf>
         <wf lemma="機" pos="X">機</wf>
         <wf lemma="に" pos="X">に</wf>
         <wf lemma="は" pos="X">は</wf>
         <wf lemma="コンプレッサー" pos="X">コンプレッサー</wf>
         <wf lemma="の" pos="X">の</wf>
         <wf lemma="ローター" pos="X">ローター</wf>
         <wf lemma="が" pos="X">が</wf>
         <wf lemma="ある" pos="X">ある</wf>
         <wf lemma="." pos="X">.</wf>
      </sentence>
      <sentence id="d000.s6827" source="wordnet-japanese">
         <wf lemma="子供" pos="X">子供</wf>
         <wf lemma="の" pos="X">の</wf>
         <instance id="d000.s6827.t000" lemma="小遣い" pos="NOUN">小遣い</instance>
         <wf lemma="は" pos="X">は</wf>
         <wf lemma="、" pos="X">、</wf>
         <wf lemma="あまり" pos="X">あまり</wf>
         <wf lemma="多額" pos="X">多額</wf>
         <wf lemma="である" pos="X">である</wf>
         <wf lemma="べき" pos="X">べき</wf>
         <wf lemma="で" pos="X">で</wf>
         <wf lemma="ない" pos="X">ない</wf>
         <wf lemma="." pos="X">.</wf>
      </sentence>
      <sentence id="d000.s6828" source="wordnet-japanese">
         <instance id="d000.s6828.t000" lemma="平坦" pos="ADJ">平坦</instance>
         <wf lemma="で" pos="X">で</wf>
         <wf lemma="2" pos="X">2</wf>
         <wf lemma="次元" pos="X">次元</wf>
         <wf lemma="の" pos="X">の</wf>
         <wf lemma="絵" pos="X">絵</wf>
         <wf lemma="." pos="X">.</wf>
      </sentence>
      <sentence id="d000.s6829" source="wordnet-japanese">
         <wf lemma="文" pos="X">文</wf>
         <wf lemma="の" pos="X">の</wf>
         <instance id="d000.s6829.t000" lemma="構成" pos="NOUN">構成</instance>
         <wf lemma="." pos="X">.</wf>
      </sentence>
      <sentence id="d000.s6830" source="wordnet-japanese">
         <wf lemma="人" pos="X">人</wf>
         <wf lemma="の" pos="X">の</wf>
         <wf lemma="行動" pos="X">行動</wf>
         <wf lemma="の" pos="X">の</wf>
         <instance id="d000.s6830.t000" lemma="必然的" pos="ADJ">必然的</instance>
         <wf lemma="な" pos="X">な</wf>
         <wf lemma="結果" pos="X">結果</wf>
         <wf lemma="." pos="X">.</wf>
      </sentence>
      <sentence id="d000.s6831" source="wordnet-japanese">
         <wf lemma="彼女" pos="X">彼女</wf>
         <wf lemma="は" pos="X">は</wf>
         <wf lemma="象" pos="X">象</wf>
         <wf lemma="を" pos="X">を</wf>
         <instance id="d000.s6831.t000" lemma="描く" pos="VERB">描い</instance>
         <wf lemma="た" pos="X">た</wf>
         <wf lemma="." pos="X">.</wf>
      </sentence>
      <sentence id="d000.s6832" source="wordnet-japanese">
         <wf lemma="彼" pos="X">彼</wf>
         <wf lemma="は" pos="X">は</wf>
         <wf lemma="ハーバード" pos="X">ハーバード</wf>
         <wf lemma="メディカルスクール" pos="X">メディカルスクール</wf>
         <wf lemma="の" pos="X">の</wf>
         <instance id="d000.s6832.t000" lemma="外科" pos="NOUN">外科</instance>
         <wf lemma="の" pos="X">の</wf>
         <wf lemma="教授" pos="X">教授</wf>
         <wf lemma="だ" pos="X">だ</wf>
         <wf lemma="." pos="X">.</wf>
      </sentence>
      <sentence id="d000.s6833" source="wordnet-japanese">
         <wf lemma="彼" pos="X">彼</wf>
         <wf lemma="は" pos="X">は</wf>
         <wf lemma="、" pos="X">、</wf>
         <instance id="d000.s6833.t000" lemma="マイル" pos="NOUN">マイル</instance>
         <wf lemma="における" pos="X">における</wf>
         <wf lemma="記録" pos="X">記録</wf>
         <wf lemma="を" pos="X">を</wf>
         <wf lemma="持つ" pos="X">持つ</wf>
         <wf lemma="." pos="X">.</wf>
      </sentence>
      <sentence id="d000.s6834" source="wordnet-japanese">
         <instance id="d000.s6834.t000" lemma="今後" pos="ADV">今後</instance>
         <wf lemma="あなた" pos="X">あなた</wf>
         <wf lemma="は" pos="X">は</wf>
         <wf lemma="もう" pos="X">もう</wf>
         <wf lemma="手当" pos="X">手当</wf>
         <wf lemma="を" pos="X">を</wf>
         <wf lemma="もらえ" pos="X">もらえ</wf>
         <wf lemma="ない" pos="X">ない</wf>
         <wf lemma="だろ" pos="X">だろ</wf>
         <wf lemma="う" pos="X">う</wf>
         <wf lemma="." pos="X">.</wf>
      </sentence>
      <sentence id="d000.s6835" source="wordnet-japanese">
         <wf lemma="数学者" pos="X">数学者</wf>
         <wf lemma="は" pos="X">は</wf>
         <wf lemma="推測" pos="X">推測</wf>
         <wf lemma="の" pos="X">の</wf>
         <wf lemma="正当性" pos="X">正当性</wf>
         <wf lemma="を" pos="X">を</wf>
         <instance id="d000.s6835.t000" lemma="示す" pos="VERB">示し</instance>
         <wf lemma="た" pos="X">た</wf>
         <wf lemma="." pos="X">.</wf>
      </sentence>
      <sentence id="d000.s6836" source="wordnet-japanese">
         <wf lemma="緑色" pos="X">緑色</wf>
         <wf lemma="が" pos="X">が</wf>
         <wf lemma="最初" pos="X">最初</wf>
         <wf lemma="に" pos="X">に</wf>
         <instance id="d000.s6836.t000" lemma="散乱" pos="NOUN">散乱</instance>
         <wf lemma="する" pos="X">する</wf>
         <wf lemma="こと" pos="X">こと</wf>
         <wf lemma="." pos="X">.</wf>
      </sentence>
      <sentence id="d000.s6837" source="wordnet-japanese">
         <wf lemma="くしゃみ" pos="X">くしゃみ</wf>
         <wf lemma="は" pos="X">は</wf>
         <instance id="d000.s6837.t000" lemma="反射的" pos="ADJ">反射的</instance>
         <wf lemma="で" pos="X">で</wf>
         <wf lemma="ある" pos="X">ある</wf>
         <wf lemma="." pos="X">.</wf>
      </sentence>
      <sentence id="d000.s6838" source="wordnet-japanese">
         <wf lemma="彼" pos="X">彼</wf>
         <wf lemma="の" pos="X">の</wf>
         <wf lemma="絵" pos="X">絵</wf>
         <wf lemma="の" pos="X">の</wf>
         <instance id="d000.s6838.t000" lemma="騒々しい" pos="ADJ">騒々しい</instance>
         <wf lemma="表面" pos="X">表面</wf>
         <wf lemma="の" pos="X">の</wf>
         <wf lemma="下" pos="X">下</wf>
         <wf lemma="に" pos="X">に</wf>
         <wf lemma="は" pos="X">は</wf>
         <wf lemma="、" pos="X">、</wf>
         <wf lemma="普通" pos="X">普通</wf>
         <wf lemma="の" pos="X">の</wf>
         <wf lemma="人間" pos="X">人間</wf>
         <wf lemma="の" pos="X">の</wf>
         <wf lemma="脆弱" pos="X">脆弱</wf>
         <wf lemma="さ" pos="X">さ</wf>
         <wf lemma="に対する" pos="X">に対する</wf>
         <wf lemma="同情" pos="X">同情</wf>
         <wf lemma="が" pos="X">が</wf>
         <wf lemma="ある" pos="X">ある</wf>
         <wf lemma="." pos="X">.</wf>
      </sentence>
      <sentence id="d000.s6839" source="wordnet-japanese">
         <wf lemma="本" pos="X">本</wf>
         <wf lemma="を" pos="X">を</wf>
         <instance id="d000.s6839.t000" lemma="閉じる" pos="VERB">閉じる</instance>
         <wf lemma="." pos="X">.</wf>
      </sentence>
      <sentence id="d000.s6840" source="wordnet-japanese">
         <instance id="d000.s6840.t000" lemma="転座" pos="NOUN">転座</instance>
         <wf lemma="は" pos="X">は</wf>
         <wf lemma="重大" pos="X">重大</wf>
         <wf lemma="な" pos="X">な</wf>
         <wf lemma="先天性" pos="X">先天性</wf>
         <wf lemma="疾患" pos="X">疾患</wf>
         <wf lemma="を" pos="X">を</wf>
         <wf lemma="もたらす" pos="X">もたらす</wf>
         <wf lemma="可能性" pos="X">可能性</wf>
         <wf lemma="が" pos="X">が</wf>
         <wf lemma="ある" pos="X">ある</wf>
         <wf lemma="." pos="X">.</wf>
      </sentence>
      <sentence id="d000.s6841" source="wordnet-japanese">
         <wf lemma="血清" pos="X">血清</wf>
         <wf lemma="サンプル" pos="X">サンプル</wf>
         <wf lemma="の" pos="X">の</wf>
         <wf lemma="熱" pos="X">熱</wf>
         <instance id="d000.s6841.t000" lemma="不活化" pos="NOUN">不活化</instance>
         <wf lemma="." pos="X">.</wf>
      </sentence>
      <sentence id="d000.s6842" source="wordnet-japanese">
         <wf lemma="図案" pos="X">図案</wf>
         <wf lemma="を" pos="X">を</wf>
         <instance id="d000.s6842.t000" lemma="なぞる" pos="VERB">なぞる</instance>
         <wf lemma="." pos="X">.</wf>
      </sentence>
      <sentence id="d000.s6843" source="wordnet-japanese">
         <instance id="d000.s6843.t000" lemma="行列" pos="NOUN">行列</instance>
         <wf lemma="は" pos="X">は</wf>
         <wf lemma="角" pos="X">角</wf>
         <wf lemma="の" pos="X">の</wf>
         <wf lemma="すぐ" pos="X">すぐ</wf>
         <wf lemma="近く" pos="X">近く</wf>
         <wf lemma="まで" pos="X">まで</wf>
         <wf lemma="明らか" pos="X">明らか</wf>
         <wf lemma="に" pos="X">に</wf>
         <wf lemma="伸び" pos="X">伸び</wf>
         <wf lemma="た" pos="X">た</wf>
         <wf lemma="." pos="X">.</wf>
      </sentence>
      <sentence id="d000.s6844" source="wordnet-japanese">
         <wf lemma="彼" pos="X">彼</wf>
         <wf lemma="は" pos="X">は</wf>
         <instance id="d000.s6844.t000" lemma="必ず" pos="ADV">必ず</instance>
         <wf lemma="勝つ" pos="X">勝つ</wf>
         <wf lemma="だろ" pos="X">だろ</wf>
         <wf lemma="う" pos="X">う</wf>
         <wf lemma="." pos="X">.</wf>
      </sentence>
      <sentence id="d000.s6845" source="wordnet-japanese">
         <wf lemma="彼" pos="X">彼</wf>
         <wf lemma="は" pos="X">は</wf>
         <instance id="d000.s6845.t000" lemma="不払" pos="NOUN">不払</instance>
         <wf lemma="で" pos="X">で</wf>
         <wf lemma="告発" pos="X">告発</wf>
         <wf lemma="さ" pos="X">さ</wf>
         <wf lemma="れ" pos="X">れ</wf>
         <wf lemma="た" pos="X">た</wf>
         <wf lemma="." pos="X">.</wf>
      </sentence>
      <sentence id="d000.s6846" source="wordnet-japanese">
         <wf lemma="努力" pos="X">努力</wf>
         <wf lemma="を" pos="X">を</wf>
         <instance id="d000.s6846.t000" lemma="無駄" pos="ADJ">無駄</instance>
         <wf lemma="に" pos="X">に</wf>
         <wf lemma="繰り返す" pos="X">繰り返す</wf>
         <wf lemma="こと" pos="X">こと</wf>
         <wf lemma="." pos="X">.</wf>
      </sentence>
      <sentence id="d000.s6847" source="wordnet-japanese">
         <wf lemma="彼女" pos="X">彼女</wf>
         <wf lemma="は" pos="X">は</wf>
         <wf lemma="その" pos="X">その</wf>
         <wf lemma="日" pos="X">日</wf>
         <wf lemma="、" pos="X">、</wf>
         <wf lemma="黄色" pos="X">黄色</wf>
         <wf lemma="の" pos="X">の</wf>
         <wf lemma="服" pos="X">服</wf>
         <wf lemma="を" pos="X">を</wf>
         <instance id="d000.s6847.t000" lemma="着る" pos="VERB">着</instance>
         <wf lemma="て" pos="X">て</wf>
         <wf lemma="い" pos="X">い</wf>
         <wf lemma="た" pos="X">た</wf>
         <wf lemma="." pos="X">.</wf>
      </sentence>
      <sentence id="d000.s6848" source="wordnet-japanese">
         <wf lemma="守備" pos="X">守備</wf>
         <wf lemma="の" pos="X">の</wf>
         <instance id="d000.s6848.t000" lemma="フォーメーション" pos="NOUN">フォーメーション</instance>
         <wf lemma="." pos="X">.</wf>
      </sentence>
      <sentence id="d000.s6849" source="wordnet-japanese">
         <wf lemma="くず" pos="X">くず</wf>
         <wf lemma="を" pos="X">を</wf>
         <instance id="d000.s6849.t000" lemma="払う" pos="VERB">払い</instance>
         <wf lemma="の" pos="X">の</wf>
         <wf lemma="ける" pos="X">ける</wf>
         <wf lemma="." pos="X">.</wf>
      </sentence>
      <sentence id="d000.s6850" source="wordnet-japanese">
         <wf lemma="日本" pos="X">日本</wf>
         <wf lemma="で" pos="X">で</wf>
         <wf lemma="は" pos="X">は</wf>
         <wf lemma="ほとんど" pos="X">ほとんど</wf>
         <wf lemma="の" pos="X">の</wf>
         <instance id="d000.s6850.t000" lemma="魚" pos="NOUN">魚</instance>
         <wf lemma="は" pos="X">は</wf>
         <wf lemma="、" pos="X">、</wf>
         <wf lemma="生" pos="X">生</wf>
         <wf lemma="で" pos="X">で</wf>
         <wf lemma="食べ" pos="X">食べ</wf>
         <wf lemma="られる" pos="X">られる</wf>
         <wf lemma="." pos="X">.</wf>
      </sentence>
      <sentence id="d000.s6851" source="wordnet-japanese">
         <wf lemma="この" pos="X">この</wf>
         <wf lemma="出来事" pos="X">出来事</wf>
         <wf lemma="が" pos="X">が</wf>
         <wf lemma="私" pos="X">私</wf>
         <wf lemma="の" pos="X">の</wf>
         <wf lemma="確信" pos="X">確信</wf>
         <wf lemma="を" pos="X">を</wf>
         <instance id="d000.s6851.t000" lemma="強める" pos="VERB">強め</instance>
         <wf lemma="た" pos="X">た</wf>
         <wf lemma="." pos="X">.</wf>
      </sentence>
      <sentence id="d000.s6852" source="wordnet-japanese">
         <wf lemma="標本" pos="X">標本</wf>
         <wf lemma="ジャー" pos="X">ジャー</wf>
         <wf lemma="の" pos="X">の</wf>
         <wf lemma="箱" pos="X">箱</wf>
         <wf lemma="が" pos="X">が</wf>
         <wf lemma="組立" pos="X">組立</wf>
         <wf lemma="て" pos="X">て</wf>
         <wf lemma="ライン" pos="X">ライン</wf>
         <wf lemma="の" pos="X">の</wf>
         <wf lemma="ように" pos="X">ように</wf>
         <wf lemma="処理" pos="X">処理</wf>
         <wf lemma="さ" pos="X">さ</wf>
         <wf lemma="れる" pos="X">れる</wf>
         <wf lemma="試験" pos="X">試験</wf>
         <wf lemma="の" pos="X">の</wf>
         <wf lemma="需要" pos="X">需要</wf>
         <wf lemma="は" pos="X">は</wf>
         <wf lemma="、" pos="X">、</wf>
         <wf lemma="無秩序" pos="X">無秩序</wf>
         <wf lemma="な" pos="X">な</wf>
         <wf lemma="研究所" pos="X">研究所</wf>
         <wf lemma="に" pos="X">に</wf>
         <instance id="d000.s6852.t000" lemma="ブーム" pos="NOUN">ブーム</instance>
         <wf lemma="を" pos="X">を</wf>
         <wf lemma="作り出し" pos="X">作り出し</wf>
         <wf lemma="た" pos="X">た</wf>
         <wf lemma="." pos="X">.</wf>
      </sentence>
      <sentence id="d000.s6853" source="wordnet-japanese">
         <wf lemma="特徴" pos="X">特徴</wf>
         <wf lemma="的な" pos="X">的な</wf>
         <wf lemma="ニューヨーク" pos="X">ニューヨーク</wf>
         <wf lemma="・" pos="X">・</wf>
         <instance id="d000.s6853.t000" lemma="スタイル" pos="NOUN">スタイル</instance>
         <wf lemma="で" pos="X">で</wf>
         <wf lemma="." pos="X">.</wf>
      </sentence>
      <sentence id="d000.s6854" source="wordnet-japanese">
         <wf lemma="その" pos="X">その</wf>
         <wf lemma="中" pos="X">中</wf>
         <wf lemma="を" pos="X">を</wf>
         <wf lemma="歩ける" pos="X">歩ける</wf>
         <wf lemma="くらい" pos="X">くらい</wf>
         <wf lemma="、" pos="X">、</wf>
         <instance id="d000.s6854.t000" lemma="暖炉" pos="NOUN">暖炉</instance>
         <wf lemma="は" pos="X">は</wf>
         <wf lemma="とても" pos="X">とても</wf>
         <wf lemma="大きかっ" pos="X">大きかっ</wf>
         <wf lemma="た" pos="X">た</wf>
         <wf lemma="." pos="X">.</wf>
      </sentence>
      <sentence id="d000.s6855" source="wordnet-japanese">
         <wf lemma="軍隊" pos="X">軍隊</wf>
         <wf lemma="は" pos="X">は</wf>
         <instance id="d000.s6855.t000" lemma="混迷" pos="NOUN">混迷</instance>
         <wf lemma="の" pos="X">の</wf>
         <wf lemma="中" pos="X">中</wf>
         <wf lemma="、" pos="X">、</wf>
         <wf lemma="後退" pos="X">後退</wf>
         <wf lemma="し" pos="X">し</wf>
         <wf lemma="た" pos="X">た</wf>
         <wf lemma="." pos="X">.</wf>
      </sentence>
      <sentence id="d000.s6856" source="wordnet-japanese">
         <wf lemma="彼" pos="X">彼</wf>
         <wf lemma="の" pos="X">の</wf>
         <instance id="d000.s6856.t000" lemma="専門" pos="NOUN">専門</instance>
         <wf lemma="は" pos="X">は</wf>
         <wf lemma="消化器" pos="X">消化器</wf>
         <wf lemma="病学" pos="X">病学</wf>
         <wf lemma="だ" pos="X">だ</wf>
         <wf lemma="." pos="X">.</wf>
      </sentence>
      <sentence id="d000.s6857" source="wordnet-japanese">
         <instance id="d000.s6857.t000" lemma="約" pos="ADV">約</instance>
         <wf lemma="40" pos="X">40</wf>
         <wf lemma="人" pos="X">人</wf>
         <wf lemma="の" pos="X">の</wf>
         <wf lemma="人々" pos="X">人々</wf>
         <wf lemma="が" pos="X">が</wf>
         <wf lemma="来" pos="X">来</wf>
         <wf lemma="た" pos="X">た</wf>
         <wf lemma="." pos="X">.</wf>
      </sentence>
      <sentence id="d000.s6858" source="wordnet-japanese">
         <wf lemma="彼" pos="X">彼</wf>
         <wf lemma="は" pos="X">は</wf>
         <wf lemma="組合" pos="X">組合</wf>
         <wf lemma="へ" pos="X">へ</wf>
         <instance id="d000.s6858.t000" lemma="押し入る" pos="VERB">押し入っ</instance>
         <wf lemma="た" pos="X">た</wf>
         <wf lemma="." pos="X">.</wf>
      </sentence>
      <sentence id="d000.s6859" source="wordnet-japanese">
         <instance id="d000.s6859.t000" lemma="誇大" pos="ADJ">誇大</instance>
         <wf lemma="の" pos="X">の</wf>
         <wf lemma="政治的" pos="X">政治的</wf>
         <wf lemma="な" pos="X">な</wf>
         <wf lemma="散文" pos="X">散文</wf>
         <wf lemma="." pos="X">.</wf>
      </sentence>
      <sentence id="d000.s6860" source="wordnet-japanese">
         <wf lemma="泥棒" pos="X">泥棒</wf>
         <wf lemma="は" pos="X">は</wf>
         <wf lemma="、" pos="X">、</wf>
         <wf lemma="私" pos="X">私</wf>
         <wf lemma="の" pos="X">の</wf>
         <wf lemma="金" pos="X">金</wf>
         <wf lemma="の" pos="X">の</wf>
         <wf lemma="腕" pos="X">腕</wf>
         <wf lemma="時計" pos="X">時計</wf>
         <wf lemma="を" pos="X">を</wf>
         <instance id="d000.s6860.t000" lemma="持ち去る" pos="VERB">持ち去っ</instance>
         <wf lemma="た" pos="X">た</wf>
         <wf lemma="." pos="X">.</wf>
      </sentence>
      <sentence id="d000.s6861" source="wordnet-japanese">
         <wf lemma="彼" pos="X">彼</wf>
         <wf lemma="は" pos="X">は</wf>
         <wf lemma="、" pos="X">、</wf>
         <wf lemma="自分" pos="X">自分</wf>
         <wf lemma="の" pos="X">の</wf>
         <wf lemma="立場" pos="X">立場</wf>
         <wf lemma="の" pos="X">の</wf>
         <instance id="d000.s6861.t000" lemma="現実" pos="NOUN">現実</instance>
         <wf lemma="が" pos="X">が</wf>
         <wf lemma="次第" pos="X">次第</wf>
         <wf lemma="に" pos="X">に</wf>
         <wf lemma="分かっ" pos="X">分かっ</wf>
         <wf lemma="て" pos="X">て</wf>
         <wf lemma="き" pos="X">き</wf>
         <wf lemma="た" pos="X">た</wf>
         <wf lemma="." pos="X">.</wf>
      </sentence>
      <sentence id="d000.s6862" source="wordnet-japanese">
         <wf lemma="彼" pos="X">彼</wf>
         <wf lemma="は" pos="X">は</wf>
         <wf lemma="ボール" pos="X">ボール</wf>
         <wf lemma="箱" pos="X">箱</wf>
         <wf lemma="の" pos="X">の</wf>
         <instance id="d000.s6862.t000" lemma="上部" pos="NOUN">上部</instance>
         <wf lemma="を" pos="X">を</wf>
         <wf lemma="取り除い" pos="X">取り除い</wf>
         <wf lemma="た" pos="X">た</wf>
         <wf lemma="." pos="X">.</wf>
      </sentence>
      <sentence id="d000.s6863" source="wordnet-japanese">
         <instance id="d000.s6863.t000" lemma="等しい" pos="ADJ">等しい</instance>
         <wf lemma="条件" pos="X">条件</wf>
         <wf lemma="で" pos="X">で</wf>
         <wf lemma="." pos="X">.</wf>
      </sentence>
      <sentence id="d000.s6864" source="wordnet-japanese">
         <wf lemma="後ろ" pos="X">後ろ</wf>
         <wf lemma="に" pos="X">に</wf>
         <instance id="d000.s6864.t000" lemma="揺れる" pos="VERB">揺れる</instance>
         <wf lemma="." pos="X">.</wf>
      </sentence>
      <sentence id="d000.s6865" source="wordnet-japanese">
         <instance id="d000.s6865.t000" lemma="テスト" pos="NOUN">テスト</instance>
         <wf lemma="が" pos="X">が</wf>
         <wf lemma="盗ま" pos="X">盗ま</wf>
         <wf lemma="れ" pos="X">れ</wf>
         <wf lemma="た" pos="X">た</wf>
         <wf lemma="とき" pos="X">とき</wf>
         <wf lemma="、" pos="X">、</wf>
         <wf lemma="教授" pos="X">教授</wf>
         <wf lemma="は" pos="X">は</wf>
         <wf lemma="、" pos="X">、</wf>
         <wf lemma="新しい" pos="X">新しい</wf>
         <wf lemma="質問" pos="X">質問</wf>
         <wf lemma="を" pos="X">を</wf>
         <wf lemma="作ら" pos="X">作ら</wf>
         <wf lemma="なければ" pos="X">なければ</wf>
         <wf lemma="なら" pos="X">なら</wf>
         <wf lemma="なかっ" pos="X">なかっ</wf>
         <wf lemma="た" pos="X">た</wf>
         <wf lemma="." pos="X">.</wf>
      </sentence>
      <sentence id="d000.s6866" source="wordnet-japanese">
         <wf lemma="不道徳" pos="X">不道徳</wf>
         <wf lemma="の" pos="X">の</wf>
         <wf lemma="危険性" pos="X">危険性</wf>
         <wf lemma="を" pos="X">を</wf>
         <instance id="d000.s6866.t000" lemma="忠告" pos="NOUN">忠告</instance>
         <wf lemma="する" pos="X">する</wf>
         <wf lemma="文" pos="X">文</wf>
         <wf lemma="." pos="X">.</wf>
      </sentence>
      <sentence id="d000.s6867" source="wordnet-japanese">
         <instance id="d000.s6867.t000" lemma="不吉" pos="ADJ">不吉</instance>
         <wf lemma="な" pos="X">な</wf>
         <wf lemma="嵐雲" pos="X">嵐雲</wf>
         <wf lemma="." pos="X">.</wf>
      </sentence>
      <sentence id="d000.s6868" source="wordnet-japanese">
         <wf lemma="彼女" pos="X">彼女</wf>
         <wf lemma="は" pos="X">は</wf>
         <wf lemma="彼女" pos="X">彼女</wf>
         <wf lemma="の" pos="X">の</wf>
         <wf lemma="仕事" pos="X">仕事</wf>
         <wf lemma="を" pos="X">を</wf>
         <wf lemma="辞め" pos="X">辞め</wf>
         <wf lemma="たがっ" pos="X">たがっ</wf>
         <wf lemma="た" pos="X">た</wf>
         <wf lemma="が" pos="X">が</wf>
         <wf lemma="、" pos="X">、</wf>
         <wf lemma="彼女" pos="X">彼女</wf>
         <wf lemma="の" pos="X">の</wf>
         <wf lemma="母親" pos="X">母親</wf>
         <wf lemma="は" pos="X">は</wf>
         <instance id="d000.s6868.t000" lemma="早まる" pos="VERB">早まる</instance>
         <wf lemma="な" pos="X">な</wf>
         <wf lemma="と" pos="X">と</wf>
         <wf lemma="言っ" pos="X">言っ</wf>
         <wf lemma="た" pos="X">た</wf>
         <wf lemma="." pos="X">.</wf>
      </sentence>
      <sentence id="d000.s6869" source="wordnet-japanese">
         <wf lemma="彼" pos="X">彼</wf>
         <wf lemma="は" pos="X">は</wf>
         <wf lemma="自分" pos="X">自分</wf>
         <wf lemma="の" pos="X">の</wf>
         <wf lemma="会話" pos="X">会話</wf>
         <wf lemma="を" pos="X">を</wf>
         <instance id="d000.s6869.t000" lemma="武器" pos="NOUN">武器</instance>
         <wf lemma="と" pos="X">と</wf>
         <wf lemma="し" pos="X">し</wf>
         <wf lemma="て" pos="X">て</wf>
         <wf lemma="使っ" pos="X">使っ</wf>
         <wf lemma="た" pos="X">た</wf>
         <wf lemma="." pos="X">.</wf>
      </sentence>
      <sentence id="d000.s6870" source="wordnet-japanese">
         <wf lemma="警察" pos="X">警察</wf>
         <wf lemma="の" pos="X">の</wf>
         <wf lemma="調査" pos="X">調査</wf>
         <wf lemma="の" pos="X">の</wf>
         <wf lemma="終わり" pos="X">終わり</wf>
         <wf lemma="は" pos="X">は</wf>
         <instance id="d000.s6870.t000" lemma="死体" pos="NOUN">死体</instance>
         <wf lemma="の" pos="X">の</wf>
         <wf lemma="発見" pos="X">発見</wf>
         <wf lemma="だっ" pos="X">だっ</wf>
         <wf lemma="た" pos="X">た</wf>
         <wf lemma="." pos="X">.</wf>
      </sentence>
      <sentence id="d000.s6871" source="wordnet-japanese">
         <wf lemma="ジョン" pos="X">ジョン</wf>
         <wf lemma="は" pos="X">は</wf>
         <wf lemma="、" pos="X">、</wf>
         <wf lemma="オート" pos="X">オート</wf>
         <wf lemma="・" pos="X">・</wf>
         <wf lemma="ブラン" pos="X">ブラン</wf>
         <wf lemma="を" pos="X">を</wf>
         <instance id="d000.s6871.t000" lemma="信じる" pos="VERB">信じる</instance>
         <wf lemma="." pos="X">.</wf>
      </sentence>
      <sentence id="d000.s6872" source="wordnet-japanese">
         <wf lemma="売買" pos="X">売買</wf>
         <wf lemma="契約" pos="X">契約</wf>
         <wf lemma="は" pos="X">は</wf>
         <wf lemma="、" pos="X">、</wf>
         <wf lemma="ベンダー" pos="X">ベンダー</wf>
         <wf lemma="によって" pos="X">によって</wf>
         <wf lemma="いくつか" pos="X">いくつか</wf>
         <wf lemma="の" pos="X">の</wf>
         <instance id="d000.s6872.t000" lemma="表現" pos="NOUN">表現</instance>
         <wf lemma="を" pos="X">を</wf>
         <wf lemma="含む" pos="X">含む</wf>
         <wf lemma="." pos="X">.</wf>
      </sentence>
      <sentence id="d000.s6873" source="wordnet-japanese">
         <wf lemma="彼女" pos="X">彼女</wf>
         <wf lemma="は" pos="X">は</wf>
         <wf lemma="小さな" pos="X">小さな</wf>
         <wf lemma="財産" pos="X">財産</wf>
         <wf lemma="を" pos="X">を</wf>
         <instance id="d000.s6873.t000" lemma="ため込む" pos="VERB">ため込ん</instance>
         <wf lemma="だ" pos="X">だ</wf>
         <wf lemma="." pos="X">.</wf>
      </sentence>
      <sentence id="d000.s6874" source="wordnet-japanese">
         <wf lemma="昨年" pos="X">昨年</wf>
         <wf lemma="、" pos="X">、</wf>
         <wf lemma="莫大" pos="X">莫大</wf>
         <wf lemma="な" pos="X">な</wf>
         <wf lemma="予算" pos="X">予算</wf>
         <wf lemma="上" pos="X">上</wf>
         <wf lemma="の" pos="X">の</wf>
         <instance id="d000.s6874.t000" lemma="赤字" pos="NOUN">赤字</instance>
         <wf lemma="が" pos="X">が</wf>
         <wf lemma="あっ" pos="X">あっ</wf>
         <wf lemma="た" pos="X">た</wf>
         <wf lemma="." pos="X">.</wf>
      </sentence>
      <sentence id="d000.s6875" source="wordnet-japanese">
         <instance id="d000.s6875.t000" lemma="商い" pos="NOUN">商い</instance>
         <wf lemma="が" pos="X">が</wf>
         <wf lemma="今日" pos="X">今日</wf>
         <wf lemma="どこ" pos="X">どこ</wf>
         <wf lemma="ま" pos="X">ま</wf>
         <wf lemma="で" pos="X">で</wf>
         <wf lemma="いったか" pos="X">いったか</wf>
         <wf lemma="示し" pos="X">示し</wf>
         <wf lemma="て" pos="X">て</wf>
         <wf lemma="." pos="X">.</wf>
      </sentence>
      <sentence id="d000.s6876" source="wordnet-japanese">
         <wf lemma="彼女" pos="X">彼女</wf>
         <wf lemma="は" pos="X">は</wf>
         <instance id="d000.s6876.t000" lemma="家" pos="NOUN">家</instance>
         <wf lemma="を" pos="X">を</wf>
         <wf lemma="出なければ" pos="X">出なければ</wf>
         <wf lemma="なら" pos="X">なら</wf>
         <wf lemma="ない" pos="X">ない</wf>
         <wf lemma="と" pos="X">と</wf>
         <wf lemma="感じ" pos="X">感じ</wf>
         <wf lemma="た" pos="X">た</wf>
         <wf lemma="." pos="X">.</wf>
      </sentence>
      <sentence id="d000.s6877" source="wordnet-japanese">
         <wf lemma="彼ら" pos="X">彼ら</wf>
         <wf lemma="は" pos="X">は</wf>
         <wf lemma="自分" pos="X">自分</wf>
         <wf lemma="たち" pos="X">たち</wf>
         <wf lemma="の" pos="X">の</wf>
         <wf lemma="製品" pos="X">製品</wf>
         <wf lemma="の" pos="X">の</wf>
         <instance id="d000.s6877.t000" lemma="耐久性" pos="NOUN">耐久性</instance>
         <wf lemma="を" pos="X">を</wf>
         <wf lemma="宣伝" pos="X">宣伝</wf>
         <wf lemma="し" pos="X">し</wf>
         <wf lemma="た" pos="X">た</wf>
         <wf lemma="." pos="X">.</wf>
      </sentence>
      <sentence id="d000.s6878" source="wordnet-japanese">
         <wf lemma="競争" pos="X">競争</wf>
         <wf lemma="の" pos="X">の</wf>
         <wf lemma="ない" pos="X">ない</wf>
         <instance id="d000.s6878.t000" lemma="市場" pos="NOUN">市場</instance>
         <wf lemma="は" pos="X">は</wf>
         <wf lemma="ない" pos="X">ない</wf>
         <wf lemma="." pos="X">.</wf>
      </sentence>
      <sentence id="d000.s6879" source="wordnet-japanese">
         <wf lemma="現時点" pos="X">現時点</wf>
         <wf lemma="で" pos="X">で</wf>
         <wf lemma="の" pos="X">の</wf>
         <instance id="d000.s6879.t000" lemma="コンテナ船" pos="NOUN">コンテナ船</instance>
         <wf lemma="の" pos="X">の</wf>
         <wf lemma="中" pos="X">中</wf>
         <wf lemma="の" pos="X">の</wf>
         <wf lemma="すべて" pos="X">すべて</wf>
         <wf lemma="の" pos="X">の</wf>
         <wf lemma="積送品" pos="X">積送品</wf>
         <wf lemma="の" pos="X">の</wf>
         <wf lemma="ドキュメンテーション" pos="X">ドキュメンテーション</wf>
         <wf lemma="の" pos="X">の</wf>
         <wf lemma="重" pos="X">重</wf>
         <wf lemma="さ" pos="X">さ</wf>
         <wf lemma="は" pos="X">は</wf>
         <wf lemma="、" pos="X">、</wf>
         <wf lemma="90" pos="X">90</wf>
         <wf lemma="ポンド" pos="X">ポンド</wf>
         <wf lemma="を" pos="X">を</wf>
         <wf lemma="超える" pos="X">超える</wf>
         <wf lemma="だろ" pos="X">だろ</wf>
         <wf lemma="う" pos="X">う</wf>
         <wf lemma="." pos="X">.</wf>
      </sentence>
      <sentence id="d000.s6880" source="wordnet-japanese">
         <wf lemma="私" pos="X">私</wf>
         <wf lemma="が" pos="X">が</wf>
         <wf lemma="炎" pos="X">炎</wf>
         <wf lemma="の" pos="X">の</wf>
         <wf lemma="上" pos="X">上</wf>
         <wf lemma="で" pos="X">で</wf>
         <wf lemma="、" pos="X">、</wf>
         <wf lemma="体" pos="X">体</wf>
         <wf lemma="を" pos="X">を</wf>
         <wf lemma="かがめ" pos="X">かがめ</wf>
         <wf lemma="た" pos="X">た</wf>
         <wf lemma="とき" pos="X">とき</wf>
         <wf lemma="、" pos="X">、</wf>
         <wf lemma="眉" pos="X">眉</wf>
         <wf lemma="が" pos="X">が</wf>
         <instance id="d000.s6880.t000" lemma="焦げる" pos="VERB">焦げ</instance>
         <wf lemma="た" pos="X">た</wf>
         <wf lemma="." pos="X">.</wf>
      </sentence>
      <sentence id="d000.s6881" source="wordnet-japanese">
         <wf lemma="彼女" pos="X">彼女</wf>
         <wf lemma="は" pos="X">は</wf>
         <wf lemma="、" pos="X">、</wf>
         <wf lemma="ときどき" pos="X">ときどき</wf>
         <wf lemma="、" pos="X">、</wf>
         <wf lemma="彼" pos="X">彼</wf>
         <wf lemma="の" pos="X">の</wf>
         <wf lemma="説明" pos="X">説明</wf>
         <wf lemma="に関する" pos="X">に関する</wf>
         <wf lemma="個人的" pos="X">個人的</wf>
         <wf lemma="な" pos="X">な</wf>
         <instance id="d000.s6881.t000" lemma="コメント" pos="NOUN">コメント</instance>
         <wf lemma="を" pos="X">を</wf>
         <wf lemma="付け加え" pos="X">付け加え</wf>
         <wf lemma="た" pos="X">た</wf>
         <wf lemma="." pos="X">.</wf>
      </sentence>
      <sentence id="d000.s6882" source="wordnet-japanese">
         <wf lemma="窓" pos="X">窓</wf>
         <wf lemma="が" pos="X">が</wf>
         <wf lemma="大きな" pos="X">大きな</wf>
         <wf lemma="音" pos="X">音</wf>
         <wf lemma="で" pos="X">で</wf>
         <instance id="d000.s6882.t000" lemma="閉まる" pos="VERB">閉まっ</instance>
         <wf lemma="た" pos="X">た</wf>
         <wf lemma="." pos="X">.</wf>
      </sentence>
      <sentence id="d000.s6883" source="wordnet-japanese">
         <wf lemma="その" pos="X">その</wf>
         <wf lemma="旅行費" pos="X">旅行費</wf>
         <wf lemma="は" pos="X">は</wf>
         <wf lemma="、" pos="X">、</wf>
         <wf lemma="飲食代" pos="X">飲食代</wf>
         <wf lemma="は" pos="X">は</wf>
         <instance id="d000.s6883.t000" lemma="除く" pos="VERB">除く</instance>
         <wf lemma="." pos="X">.</wf>
      </sentence>
      <sentence id="d000.s6884" source="wordnet-japanese">
         <wf lemma="近親者" pos="X">近親者</wf>
         <wf lemma="を" pos="X">を</wf>
         <instance id="d000.s6884.t000" lemma="集める" pos="VERB">集め</instance>
         <wf lemma="て" pos="X">て</wf>
         <wf lemma="ください" pos="X">ください</wf>
         <wf lemma="." pos="X">.</wf>
      </sentence>
      <sentence id="d000.s6885" source="wordnet-japanese">
         <instance id="d000.s6885.t000" lemma="繊細" pos="ADJ">繊細</instance>
         <wf lemma="な" pos="X">な</wf>
         <wf lemma="心" pos="X">心</wf>
         <wf lemma="." pos="X">.</wf>
      </sentence>
      <sentence id="d000.s6886" source="wordnet-japanese">
         <wf lemma="水" pos="X">水</wf>
         <wf lemma="は" pos="X">は</wf>
         <wf lemma="、" pos="X">、</wf>
         <wf lemma="絹" pos="X">絹</wf>
         <wf lemma="の" pos="X">の</wf>
         <wf lemma="ドレス" pos="X">ドレス</wf>
         <wf lemma="に" pos="X">に</wf>
         <wf lemma="印" pos="X">印</wf>
         <wf lemma="を" pos="X">を</wf>
         <instance id="d000.s6886.t000" lemma="残す" pos="VERB">残し</instance>
         <wf lemma="た" pos="X">た</wf>
         <wf lemma="." pos="X">.</wf>
      </sentence>
      <sentence id="d000.s6887" source="wordnet-japanese">
         <wf lemma="芝刈機" pos="X">芝刈機</wf>
         <wf lemma="は" pos="X">は</wf>
         <wf lemma="ついに" pos="X">ついに</wf>
         <instance id="d000.s6887.t000" lemma="壊れる" pos="VERB">壊れ</instance>
         <wf lemma="た" pos="X">た</wf>
         <wf lemma="." pos="X">.</wf>
      </sentence>
      <sentence id="d000.s6888" source="wordnet-japanese">
         <instance id="d000.s6888.t000" lemma="重大" pos="ADJ">重大</instance>
         <wf lemma="な" pos="X">な</wf>
         <wf lemma="国事" pos="X">国事</wf>
         <wf lemma="." pos="X">.</wf>
      </sentence>
      <sentence id="d000.s6889" source="wordnet-japanese">
         <wf lemma="新雪" pos="X">新雪</wf>
         <wf lemma="と" pos="X">と</wf>
         <wf lemma="同じ" pos="X">同じ</wf>
         <wf lemma="くらい" pos="X">くらい</wf>
         <instance id="d000.s6889.t000" lemma="白い" pos="ADJ">白い</instance>
         <wf lemma="." pos="X">.</wf>
      </sentence>
      <sentence id="d000.s6890" source="wordnet-japanese">
         <wf lemma="かみそり" pos="X">かみそり</wf>
         <wf lemma="を" pos="X">を</wf>
         <instance id="d000.s6890.t000" lemma="研ぐ" pos="VERB">研ぐ</instance>
         <wf lemma="." pos="X">.</wf>
      </sentence>
      <sentence id="d000.s6891" source="wordnet-japanese">
         <wf lemma="約束" pos="X">約束</wf>
         <wf lemma="を" pos="X">を</wf>
         <instance id="d000.s6891.t000" lemma="守る" pos="VERB">守る</instance>
         <wf lemma="." pos="X">.</wf>
      </sentence>
      <sentence id="d000.s6892" source="wordnet-japanese">
         <wf lemma="少女" pos="X">少女</wf>
         <wf lemma="たち" pos="X">たち</wf>
         <wf lemma="は" pos="X">は</wf>
         <wf lemma="皆" pos="X">皆</wf>
         <wf lemma="、" pos="X">、</wf>
         <wf lemma="パーティー" pos="X">パーティー</wf>
         <wf lemma="の" pos="X">の</wf>
         <wf lemma="ため" pos="X">ため</wf>
         <wf lemma="に" pos="X">に</wf>
         <instance id="d000.s6892.t000" lemma="着飾る" pos="VERB">着飾っ</instance>
         <wf lemma="た" pos="X">た</wf>
         <wf lemma="." pos="X">.</wf>
      </sentence>
      <sentence id="d000.s6893" source="wordnet-japanese">
         <instance id="d000.s6893.t000" lemma="非標準" pos="ADJ">非標準</instance>
         <wf lemma="テキスト" pos="X">テキスト</wf>
         <wf lemma="." pos="X">.</wf>
      </sentence>
      <sentence id="d000.s6894" source="wordnet-japanese">
         <wf lemma="この" pos="X">この</wf>
         <wf lemma="ピアノ" pos="X">ピアノ</wf>
         <wf lemma="は" pos="X">は</wf>
         <wf lemma="、" pos="X">、</wf>
         <wf lemma="有能" pos="X">有能</wf>
         <wf lemma="な" pos="X">な</wf>
         <wf lemma="調律師" pos="X">調律師</wf>
         <wf lemma="の" pos="X">の</wf>
         <wf lemma="注意" pos="X">注意</wf>
         <wf lemma="を" pos="X">を</wf>
         <instance id="d000.s6894.t000" lemma="要する" pos="VERB">要する</instance>
         <wf lemma="." pos="X">.</wf>
      </sentence>
      <sentence id="d000.s6895" source="wordnet-japanese">
         <instance id="d000.s6895.t000" lemma="滞り" pos="NOUN">滞り</instance>
         <wf lemma="における" pos="X">における</wf>
         <wf lemma="アカウント" pos="X">アカウント</wf>
         <wf lemma="." pos="X">.</wf>
      </sentence>
      <sentence id="d000.s6896" source="wordnet-japanese">
         <instance id="d000.s6896.t000" lemma="突然" pos="ADJ">突然</instance>
         <wf lemma="な" pos="X">な</wf>
         <wf lemma="ニュース" pos="X">ニュース</wf>
         <wf lemma="." pos="X">.</wf>
      </sentence>
      <sentence id="d000.s6897" source="wordnet-japanese">
         <instance id="d000.s6897.t000" lemma="世界的" pos="ADJ">世界的</instance>
         <wf lemma="な" pos="X">な</wf>
         <wf lemma="通貨政策" pos="X">通貨政策</wf>
         <wf lemma="." pos="X">.</wf>
      </sentence>
      <sentence id="d000.s6898" source="wordnet-japanese">
         <wf lemma="奥" pos="X">奥</wf>
         <wf lemma="の" pos="X">の</wf>
         <instance id="d000.s6898.t000" lemma="深い" pos="ADJ">深い</instance>
         <wf lemma="寓話" pos="X">寓話</wf>
         <wf lemma="." pos="X">.</wf>
      </sentence>
      <sentence id="d000.s6899" source="wordnet-japanese">
         <wf lemma="彼" pos="X">彼</wf>
         <wf lemma="は" pos="X">は</wf>
         <wf lemma="ウエイター" pos="X">ウエイター</wf>
         <wf lemma="に" pos="X">に</wf>
         <instance id="d000.s6899.t000" lemma="勘定" pos="NOUN">勘定</instance>
         <wf lemma="を" pos="X">を</wf>
         <wf lemma="頼ん" pos="X">頼ん</wf>
         <wf lemma="だ" pos="X">だ</wf>
         <wf lemma="." pos="X">.</wf>
      </sentence>
      <sentence id="d000.s6900" source="wordnet-japanese">
         <wf lemma="彼" pos="X">彼</wf>
         <wf lemma="に" pos="X">に</wf>
         <wf lemma="は" pos="X">は</wf>
         <wf lemma="鋭い" pos="X">鋭い</wf>
         <instance id="d000.s6900.t000" lemma="知性" pos="NOUN">知性</instance>
         <wf lemma="が" pos="X">が</wf>
         <wf lemma="ある" pos="X">ある</wf>
         <wf lemma="." pos="X">.</wf>
      </sentence>
      <sentence id="d000.s6901" source="wordnet-japanese">
         <wf lemma="戦争" pos="X">戦争</wf>
         <wf lemma="と" pos="X">と</wf>
         <wf lemma="その" pos="X">その</wf>
         <wf lemma="結果" pos="X">結果</wf>
         <wf lemma="の" pos="X">の</wf>
         <instance id="d000.s6901.t000" lemma="全体" pos="NOUN">全体</instance>
         <wf lemma="." pos="X">.</wf>
      </sentence>
      <sentence id="d000.s6902" source="wordnet-japanese">
         <instance id="d000.s6902.t000" lemma="複雑" pos="ADJ">複雑</instance>
         <wf lemma="な" pos="X">な</wf>
         <wf lemma="レース" pos="X">レース</wf>
         <wf lemma="細工" pos="X">細工</wf>
         <wf lemma="." pos="X">.</wf>
      </sentence>
      <sentence id="d000.s6903" source="wordnet-japanese">
         <wf lemma="有罪" pos="X">有罪</wf>
         <wf lemma="と" pos="X">と</wf>
         <wf lemma="なっ" pos="X">なっ</wf>
         <wf lemma="た" pos="X">た</wf>
         <wf lemma="犯人" pos="X">犯人</wf>
         <wf lemma="を" pos="X">を</wf>
         <wf lemma="、" pos="X">、</wf>
         <instance id="d000.s6903.t000" lemma="農園" pos="NOUN">農園</instance>
         <wf lemma="で" pos="X">で</wf>
         <wf lemma="働か" pos="X">働か</wf>
         <wf lemma="せる" pos="X">せる</wf>
         <wf lemma="ため" pos="X">ため</wf>
         <wf lemma="に" pos="X">に</wf>
         <wf lemma="送りこむ" pos="X">送りこむ</wf>
         <wf lemma="習慣" pos="X">習慣</wf>
         <wf lemma="は" pos="X">は</wf>
         <wf lemma="、" pos="X">、</wf>
         <wf lemma="17" pos="X">17</wf>
         <wf lemma="世紀" pos="X">世紀</wf>
         <wf lemma="に" pos="X">に</wf>
         <wf lemma="一般的" pos="X">一般的</wf>
         <wf lemma="だっ" pos="X">だっ</wf>
         <wf lemma="た" pos="X">た</wf>
         <wf lemma="." pos="X">.</wf>
      </sentence>
      <sentence id="d000.s6904" source="wordnet-japanese">
         <wf lemma="フランス語" pos="X">フランス語</wf>
         <wf lemma="から" pos="X">から</wf>
         <wf lemma="借り" pos="X">借り</wf>
         <wf lemma="て" pos="X">て</wf>
         <wf lemma="き" pos="X">き</wf>
         <wf lemma="た" pos="X">た</wf>
         <instance id="d000.s6904.t000" lemma="用法" pos="NOUN">用法</instance>
         <wf lemma="." pos="X">.</wf>
      </sentence>
      <sentence id="d000.s6905" source="wordnet-japanese">
         <wf lemma="10" pos="X">10</wf>
         <wf lemma="日間" pos="X">日間</wf>
         <wf lemma="無料" pos="X">無料</wf>
         <instance id="d000.s6905.t000" lemma="試用" pos="NOUN">試用</instance>
         <wf lemma="の" pos="X">の</wf>
         <wf lemma="サンプル" pos="X">サンプル</wf>
         <wf lemma="." pos="X">.</wf>
      </sentence>
      <sentence id="d000.s6906" source="wordnet-japanese">
         <wf lemma="彼" pos="X">彼</wf>
         <wf lemma="は" pos="X">は</wf>
         <wf lemma="育ち" pos="X">育ち</wf>
         <wf lemma="が" pos="X">が</wf>
         <wf lemma="いい" pos="X">いい</wf>
         <wf lemma="人間" pos="X">人間</wf>
         <wf lemma="の" pos="X">の</wf>
         <instance id="d000.s6906.t000" lemma="典型" pos="NOUN">典型</instance>
         <wf lemma="だ" pos="X">だ</wf>
         <wf lemma="." pos="X">.</wf>
      </sentence>
      <sentence id="d000.s6907" source="wordnet-japanese">
         <wf lemma="改善" pos="X">改善</wf>
         <wf lemma="の" pos="X">の</wf>
         <instance id="d000.s6907.t000" lemma="余地" pos="NOUN">余地</instance>
         <wf lemma="." pos="X">.</wf>
      </sentence>
      <sentence id="d000.s6908" source="wordnet-japanese">
         <wf lemma="私" pos="X">私</wf>
         <wf lemma="は" pos="X">は</wf>
         <wf lemma="事故" pos="X">事故</wf>
         <wf lemma="の" pos="X">の</wf>
         <wf lemma="現場" pos="X">現場</wf>
         <wf lemma="の" pos="X">の</wf>
         <wf lemma="写真" pos="X">写真</wf>
         <wf lemma="を" pos="X">を</wf>
         <instance id="d000.s6908.t000" lemma="撮る" pos="VERB">撮っ</instance>
         <wf lemma="た" pos="X">た</wf>
         <wf lemma="." pos="X">.</wf>
      </sentence>
      <sentence id="d000.s6909" source="wordnet-japanese">
         <wf lemma="海" pos="X">海</wf>
         <wf lemma="は" pos="X">は</wf>
         <instance id="d000.s6909.t000" lemma="生物" pos="NOUN">生物</instance>
         <wf lemma="で" pos="X">で</wf>
         <wf lemma="満ち" pos="X">満ち</wf>
         <wf lemma="て" pos="X">て</wf>
         <wf lemma="いる" pos="X">いる</wf>
         <wf lemma="." pos="X">.</wf>
      </sentence>
      <sentence id="d000.s6910" source="wordnet-japanese">
         <wf lemma="すべて" pos="X">すべて</wf>
         <wf lemma="の" pos="X">の</wf>
         <wf lemma="株資産" pos="X">株資産</wf>
         <wf lemma="は" pos="X">は</wf>
         <instance id="d000.s6910.t000" lemma="消える" pos="VERB">消え</instance>
         <wf lemma="た" pos="X">た</wf>
         <wf lemma="." pos="X">.</wf>
      </sentence>
      <sentence id="d000.s6911" source="wordnet-japanese">
         <wf lemma="どの" pos="X">どの</wf>
         <instance id="d000.s6911.t000" lemma="業界" pos="NOUN">業界</instance>
         <wf lemma="に" pos="X">に</wf>
         <wf lemma="も" pos="X">も</wf>
         <wf lemma="それぞれ" pos="X">それぞれ</wf>
         <wf lemma="の" pos="X">の</wf>
         <wf lemma="業界誌" pos="X">業界誌</wf>
         <wf lemma="が" pos="X">が</wf>
         <wf lemma="ある" pos="X">ある</wf>
         <wf lemma="." pos="X">.</wf>
      </sentence>
      <sentence id="d000.s6912" source="wordnet-japanese">
         <wf lemma="彼" pos="X">彼</wf>
         <wf lemma="は" pos="X">は</wf>
         <instance id="d000.s6912.t000" lemma="不明瞭" pos="ADJ">不明瞭</instance>
         <wf lemma="な" pos="X">な</wf>
         <wf lemma="用語" pos="X">用語</wf>
         <wf lemma="や" pos="X">や</wf>
         <wf lemma="概念" pos="X">概念</wf>
         <wf lemma="で" pos="X">で</wf>
         <wf lemma="、" pos="X">、</wf>
         <wf lemma="読者" pos="X">読者</wf>
         <wf lemma="を" pos="X">を</wf>
         <wf lemma="混乱" pos="X">混乱</wf>
         <wf lemma="さ" pos="X">さ</wf>
         <wf lemma="せ" pos="X">せ</wf>
         <wf lemma="て" pos="X">て</wf>
         <wf lemma="いる" pos="X">いる</wf>
         <wf lemma="." pos="X">.</wf>
      </sentence>
      <sentence id="d000.s6913" source="wordnet-japanese">
         <wf lemma="彼" pos="X">彼</wf>
         <wf lemma="は" pos="X">は</wf>
         <instance id="d000.s6913.t000" lemma="ふざけ" pos="NOUN">ふざけ</instance>
         <wf lemma="て" pos="X">て</wf>
         <wf lemma="それ" pos="X">それ</wf>
         <wf lemma="を" pos="X">を</wf>
         <wf lemma="言っ" pos="X">言っ</wf>
         <wf lemma="た" pos="X">た</wf>
         <wf lemma="." pos="X">.</wf>
      </sentence>
      <sentence id="d000.s6914" source="wordnet-japanese">
         <wf lemma="証拠" pos="X">証拠</wf>
         <wf lemma="は" pos="X">は</wf>
         <wf lemma="、" pos="X">、</wf>
         <wf lemma="1" pos="X">1</wf>
         <wf lemma="つ" pos="X">つ</wf>
         <wf lemma="の" pos="X">の</wf>
         <wf lemma="結論" pos="X">結論</wf>
         <wf lemma="を" pos="X">を</wf>
         <instance id="d000.s6914.t000" lemma="認める" pos="VERB">認める</instance>
         <wf lemma="." pos="X">.</wf>
      </sentence>
      <sentence id="d000.s6915" source="wordnet-japanese">
         <instance id="d000.s6915.t000" lemma="カウンター" pos="NOUN">カウンター</instance>
         <wf lemma="は" pos="X">は</wf>
         <wf lemma="かかと" pos="X">かかと</wf>
         <wf lemma="の" pos="X">の</wf>
         <wf lemma="周り" pos="X">周り</wf>
         <wf lemma="を" pos="X">を</wf>
         <wf lemma="物質" pos="X">物質</wf>
         <wf lemma="で" pos="X">で</wf>
         <wf lemma="強化" pos="X">強化</wf>
         <wf lemma="し" pos="X">し</wf>
         <wf lemma="、" pos="X">、</wf>
         <wf lemma="足" pos="X">足</wf>
         <wf lemma="を" pos="X">を</wf>
         <wf lemma="支持" pos="X">支持</wf>
         <wf lemma="する" pos="X">する</wf>
         <wf lemma="ため" pos="X">ため</wf>
         <wf lemma="に" pos="X">に</wf>
         <wf lemma="使用" pos="X">使用</wf>
         <wf lemma="さ" pos="X">さ</wf>
         <wf lemma="れる" pos="X">れる</wf>
         <wf lemma="." pos="X">.</wf>
      </sentence>
      <sentence id="d000.s6916" source="wordnet-japanese">
         <wf lemma="あなた" pos="X">あなた</wf>
         <wf lemma="は" pos="X">は</wf>
         <wf lemma="煙草" pos="X">煙草</wf>
         <wf lemma="を" pos="X">を</wf>
         <instance id="d000.s6916.t000" lemma="吸う" pos="VERB">吸い</instance>
         <wf lemma="ます" pos="X">ます</wf>
         <wf lemma="か" pos="X">か</wf>
         <wf lemma="？" pos="X">？</wf>
         <wf lemma="." pos="X">.</wf>
      </sentence>
      <sentence id="d000.s6917" source="wordnet-japanese">
         <wf lemma="我々" pos="X">我々</wf>
         <wf lemma="は" pos="X">は</wf>
         <wf lemma="、" pos="X">、</wf>
         <wf lemma="かろうじ" pos="X">かろうじ</wf>
         <wf lemma="て" pos="X">て</wf>
         <wf lemma="決勝線" pos="X">決勝線</wf>
         <wf lemma="に" pos="X">に</wf>
         <wf lemma="たどり" pos="X">たどり</wf>
         <instance id="d000.s6917.t000" lemma="着く" pos="VERB">着い</instance>
         <wf lemma="た" pos="X">た</wf>
         <wf lemma="." pos="X">.</wf>
      </sentence>
      <sentence id="d000.s6918" source="wordnet-japanese">
         <wf lemma="彼" pos="X">彼</wf>
         <wf lemma="は" pos="X">は</wf>
         <wf lemma="私" pos="X">私</wf>
         <wf lemma="を" pos="X">を</wf>
         <instance id="d000.s6918.t000" lemma="疑惑" pos="NOUN">疑惑</instance>
         <wf lemma="から" pos="X">から</wf>
         <wf lemma="守ろ" pos="X">守ろ</wf>
         <wf lemma="う" pos="X">う</wf>
         <wf lemma="と" pos="X">と</wf>
         <wf lemma="し" pos="X">し</wf>
         <wf lemma="た" pos="X">た</wf>
         <wf lemma="." pos="X">.</wf>
      </sentence>
      <sentence id="d000.s6919" source="wordnet-japanese">
         <wf lemma="適切" pos="X">適切</wf>
         <wf lemma="に" pos="X">に</wf>
         <instance id="d000.s6919.t000" lemma="公平" pos="ADJ">公平</instance>
         <wf lemma="な" pos="X">な</wf>
         <wf lemma="陪審" pos="X">陪審</wf>
         <wf lemma="." pos="X">.</wf>
      </sentence>
      <sentence id="d000.s6920" source="wordnet-japanese">
         <instance id="d000.s6920.t000" lemma="健全" pos="ADJ">健全</instance>
         <wf lemma="な" pos="X">な</wf>
         <wf lemma="議論" pos="X">議論</wf>
         <wf lemma="." pos="X">.</wf>
      </sentence>
      <sentence id="d000.s6921" source="wordnet-japanese">
         <wf lemma="今" pos="X">今</wf>
         <wf lemma="が" pos="X">が</wf>
         <wf lemma="君" pos="X">君</wf>
         <wf lemma="の" pos="X">の</wf>
         <instance id="d000.s6921.t000" lemma="好機" pos="NOUN">好機</instance>
         <wf lemma="だ" pos="X">だ</wf>
         <wf lemma="." pos="X">.</wf>
      </sentence>
      <sentence id="d000.s6922" source="wordnet-japanese">
         <instance id="d000.s6922.t000" lemma="短い" pos="ADJ">短い</instance>
         <wf lemma="煙突" pos="X">煙突</wf>
         <wf lemma="." pos="X">.</wf>
      </sentence>
      <sentence id="d000.s6923" source="wordnet-japanese">
         <wf lemma="仕事" pos="X">仕事</wf>
         <wf lemma="の" pos="X">の</wf>
         <instance id="d000.s6923.t000" lemma="義務" pos="NOUN">義務</instance>
         <wf lemma="." pos="X">.</wf>
      </sentence>
      <sentence id="d000.s6924" source="wordnet-japanese">
         <wf lemma="火災報知機" pos="X">火災報知機</wf>
         <wf lemma="が" pos="X">が</wf>
         <wf lemma="なる" pos="X">なる</wf>
         <wf lemma="前" pos="X">前</wf>
         <wf lemma="に" pos="X">に</wf>
         <wf lemma="、" pos="X">、</wf>
         <wf lemma="その" pos="X">その</wf>
         <instance id="d000.s6924.t000" lemma="夜会" pos="NOUN">夜会</instance>
         <wf lemma="は" pos="X">は</wf>
         <wf lemma="ほとんど" pos="X">ほとんど</wf>
         <wf lemma="人" pos="X">人</wf>
         <wf lemma="が" pos="X">が</wf>
         <wf lemma="い" pos="X">い</wf>
         <wf lemma="なく" pos="X">なく</wf>
         <wf lemma="なっ" pos="X">なっ</wf>
         <wf lemma="た" pos="X">た</wf>
         <wf lemma="い" pos="X">い</wf>
         <wf lemma="た" pos="X">た</wf>
         <wf lemma="." pos="X">.</wf>
      </sentence>
      <sentence id="d000.s6925" source="wordnet-japanese">
         <instance id="d000.s6925.t000" lemma="無意味" pos="ADJ">無意味</instance>
         <wf lemma="な" pos="X">な</wf>
         <wf lemma="努力" pos="X">努力</wf>
         <wf lemma="." pos="X">.</wf>
      </sentence>
      <sentence id="d000.s6926" source="wordnet-japanese">
         <wf lemma="国" pos="X">国</wf>
         <wf lemma="で" pos="X">で</wf>
         <wf lemma="の" pos="X">の</wf>
         <instance id="d000.s6926.t000" lemma="短い" pos="ADJ">短い</instance>
         <wf lemma="滞在" pos="X">滞在</wf>
         <wf lemma="." pos="X">.</wf>
      </sentence>
      <sentence id="d000.s6927" source="wordnet-japanese">
         <wf lemma="友人" pos="X">友人</wf>
         <wf lemma="を" pos="X">を</wf>
         <wf lemma="作る" pos="X">作る</wf>
         <wf lemma="の" pos="X">の</wf>
         <wf lemma="が" pos="X">が</wf>
         <instance id="d000.s6927.t000" lemma="速い" pos="ADJ">速かっ</instance>
         <wf lemma="た" pos="X">た</wf>
         <wf lemma="." pos="X">.</wf>
      </sentence>
      <sentence id="d000.s6928" source="wordnet-japanese">
         <instance id="d000.s6928.t000" lemma="つらい" pos="ADJ">つらい</instance>
         <wf lemma="悲しみ" pos="X">悲しみ</wf>
         <wf lemma="." pos="X">.</wf>
      </sentence>
      <sentence id="d000.s6929" source="wordnet-japanese">
         <wf lemma="新しい" pos="X">新しい</wf>
         <wf lemma="仕事" pos="X">仕事</wf>
         <wf lemma="を" pos="X">を</wf>
         <instance id="d000.s6929.t000" lemma="始める" pos="VERB">始める</instance>
         <wf lemma="." pos="X">.</wf>
      </sentence>
      <sentence id="d000.s6930" source="wordnet-japanese">
         <wf lemma="私" pos="X">私</wf>
         <wf lemma="は" pos="X">は</wf>
         <wf lemma="、" pos="X">、</wf>
         <wf lemma="眼鏡" pos="X">眼鏡</wf>
         <wf lemma="を" pos="X">を</wf>
         <wf lemma="置き" pos="X">置き</wf>
         <instance id="d000.s6930.t000" lemma="忘れる" pos="VERB">忘れ</instance>
         <wf lemma="た" pos="X">た</wf>
         <wf lemma="." pos="X">.</wf>
      </sentence>
      <sentence id="d000.s6931" source="wordnet-japanese">
         <wf lemma="彼ら" pos="X">彼ら</wf>
         <wf lemma="は" pos="X">は</wf>
         <wf lemma="、" pos="X">、</wf>
         <instance id="d000.s6931.t000" lemma="時々" pos="ADV">時々</instance>
         <wf lemma="互い" pos="X">互い</wf>
         <wf lemma="に" pos="X">に</wf>
         <wf lemma="電話" pos="X">電話</wf>
         <wf lemma="を" pos="X">を</wf>
         <wf lemma="かける" pos="X">かける</wf>
         <wf lemma="." pos="X">.</wf>
      </sentence>
      <sentence id="d000.s6932" source="wordnet-japanese">
         <instance id="d000.s6932.t000" lemma="不安定" pos="ADJ">不安定</instance>
         <wf lemma="な" pos="X">な</wf>
         <wf lemma="未来" pos="X">未来</wf>
         <wf lemma="." pos="X">.</wf>
      </sentence>
      <sentence id="d000.s6933" source="wordnet-japanese">
         <wf lemma="ソナタ" pos="X">ソナタ</wf>
         <wf lemma="の" pos="X">の</wf>
         <instance id="d000.s6933.t000" lemma="人並み" pos="ADJ">人並み</instance>
         <wf lemma="の" pos="X">の</wf>
         <wf lemma="演奏" pos="X">演奏</wf>
         <wf lemma="." pos="X">.</wf>
      </sentence>
      <sentence id="d000.s6934" source="wordnet-japanese">
         <wf lemma="ミュージカル" pos="X">ミュージカル</wf>
         <wf lemma="が" pos="X">が</wf>
         <wf lemma="成功" pos="X">成功</wf>
         <wf lemma="する" pos="X">する</wf>
         <wf lemma="に" pos="X">に</wf>
         <wf lemma="は" pos="X">は</wf>
         <wf lemma="少なく" pos="X">少なく</wf>
         <wf lemma="とも" pos="X">とも</wf>
         <wf lemma="3" pos="X">3</wf>
         <wf lemma="曲" pos="X">曲</wf>
         <wf lemma="の" pos="X">の</wf>
         <wf lemma="いい" pos="X">いい</wf>
         <instance id="d000.s6934.t000" lemma="歌曲" pos="NOUN">歌曲</instance>
         <wf lemma="が" pos="X">が</wf>
         <wf lemma="なけれ" pos="X">なけれ</wf>
         <wf lemma="ば" pos="X">ば</wf>
         <wf lemma="いけ" pos="X">いけ</wf>
         <wf lemma="ない" pos="X">ない</wf>
         <wf lemma="." pos="X">.</wf>
      </sentence>
      <sentence id="d000.s6935" source="wordnet-japanese">
         <wf lemma="彼" pos="X">彼</wf>
         <wf lemma="は" pos="X">は</wf>
         <instance id="d000.s6935.t000" lemma="誘惑" pos="NOUN">誘惑</instance>
         <wf lemma="に" pos="X">に</wf>
         <wf lemma="から" pos="X">から</wf>
         <wf lemma="れ" pos="X">れ</wf>
         <wf lemma="て" pos="X">て</wf>
         <wf lemma="意志力" pos="X">意志力</wf>
         <wf lemma="が" pos="X">が</wf>
         <wf lemma="弱まっ" pos="X">弱まっ</wf>
         <wf lemma="た" pos="X">た</wf>
         <wf lemma="." pos="X">.</wf>
      </sentence>
      <sentence id="d000.s6936" source="wordnet-japanese">
         <wf lemma="彼女" pos="X">彼女</wf>
         <wf lemma="の" pos="X">の</wf>
         <wf lemma="夫" pos="X">夫</wf>
         <wf lemma="が" pos="X">が</wf>
         <wf lemma="嫌っ" pos="X">嫌っ</wf>
         <wf lemma="た" pos="X">た</wf>
         <wf lemma="その" pos="X">その</wf>
         <instance id="d000.s6936.t000" lemma="わざとらしい" pos="ADJ">わざとらしい</instance>
         <wf lemma="謙遜" pos="X">謙遜</wf>
         <wf lemma="." pos="X">.</wf>
      </sentence>
      <sentence id="d000.s6937" source="wordnet-japanese">
         <wf lemma="科学者" pos="X">科学者</wf>
         <wf lemma="の" pos="X">の</wf>
         <instance id="d000.s6937.t000" lemma="公平" pos="ADJ">公平</instance>
         <wf lemma="な" pos="X">な</wf>
         <wf lemma="目" pos="X">目</wf>
         <wf lemma="." pos="X">.</wf>
      </sentence>
      <sentence id="d000.s6938" source="wordnet-japanese">
         <wf lemma="すべて" pos="X">すべて</wf>
         <wf lemma="の" pos="X">の</wf>
         <wf lemma="市民" pos="X">市民</wf>
         <wf lemma="の" pos="X">の</wf>
         <instance id="d000.s6938.t000" lemma="公平" pos="ADJ">公平</instance>
         <wf lemma="な" pos="X">な</wf>
         <wf lemma="扱い" pos="X">扱い</wf>
         <wf lemma="." pos="X">.</wf>
      </sentence>
      <sentence id="d000.s6939" source="wordnet-japanese">
         <wf lemma="その" pos="X">その</wf>
         <wf lemma="地域" pos="X">地域</wf>
         <wf lemma="で" pos="X">で</wf>
         <wf lemma="、" pos="X">、</wf>
         <wf lemma="どのよう" pos="X">どのよう</wf>
         <wf lemma="な" pos="X">な</wf>
         <instance id="d000.s6939.t000" lemma="大きさ" pos="NOUN">大きさ</instance>
         <wf lemma="で" pos="X">で</wf>
         <wf lemma="あれ" pos="X">あれ</wf>
         <wf lemma="、" pos="X">、</wf>
         <wf lemma="唯一" pos="X">唯一</wf>
         <wf lemma="の" pos="X">の</wf>
         <wf lemma="都市" pos="X">都市</wf>
         <wf lemma="." pos="X">.</wf>
      </sentence>
      <sentence id="d000.s6940" source="wordnet-japanese">
         <wf lemma="私" pos="X">私</wf>
         <wf lemma="は" pos="X">は</wf>
         <wf lemma="、" pos="X">、</wf>
         <wf lemma="彼" pos="X">彼</wf>
         <wf lemma="の" pos="X">の</wf>
         <wf lemma="絶え間" pos="X">絶え間</wf>
         <wf lemma="ない" pos="X">ない</wf>
         <wf lemma="批判" pos="X">批判</wf>
         <wf lemma="に" pos="X">に</wf>
         <instance id="d000.s6940.t000" lemma="耐える" pos="VERB">耐える</instance>
         <wf lemma="こと" pos="X">こと</wf>
         <wf lemma="が" pos="X">が</wf>
         <wf lemma="でき" pos="X">でき</wf>
         <wf lemma="ない" pos="X">ない</wf>
         <wf lemma="." pos="X">.</wf>
      </sentence>
      <sentence id="d000.s6941" source="wordnet-japanese">
         <wf lemma="編集者" pos="X">編集者</wf>
         <wf lemma="は" pos="X">は</wf>
         <wf lemma="私" pos="X">私</wf>
         <wf lemma="の" pos="X">の</wf>
         <wf lemma="記事" pos="X">記事</wf>
         <wf lemma="の" pos="X">の</wf>
         <instance id="d000.s6941.t000" lemma="長さ" pos="NOUN">長さ</instance>
         <wf lemma="を" pos="X">を</wf>
         <wf lemma="500" pos="X">500</wf>
         <wf lemma="語" pos="X">語</wf>
         <wf lemma="に" pos="X">に</wf>
         <wf lemma="限定" pos="X">限定</wf>
         <wf lemma="し" pos="X">し</wf>
         <wf lemma="た" pos="X">た</wf>
         <wf lemma="." pos="X">.</wf>
      </sentence>
      <sentence id="d000.s6942" source="wordnet-japanese">
         <instance id="d000.s6942.t000" lemma="陰鬱" pos="ADJ">陰鬱</instance>
         <wf lemma="な" pos="X">な</wf>
         <wf lemma="沈黙" pos="X">沈黙</wf>
         <wf lemma="." pos="X">.</wf>
      </sentence>
      <sentence id="d000.s6943" source="wordnet-japanese">
         <wf lemma="毎晩" pos="X">毎晩</wf>
         <wf lemma="7" pos="X">7</wf>
         <wf lemma="時" pos="X">時</wf>
         <wf lemma="に" pos="X">に</wf>
         <wf lemma="夕食" pos="X">夕食</wf>
         <wf lemma="を" pos="X">を</wf>
         <wf lemma="とる" pos="X">とる</wf>
         <wf lemma="の" pos="X">の</wf>
         <wf lemma="は" pos="X">は</wf>
         <wf lemma="彼ら" pos="X">彼ら</wf>
         <wf lemma="の" pos="X">の</wf>
         <instance id="d000.s6943.t000" lemma="習慣" pos="NOUN">習慣</instance>
         <wf lemma="だっ" pos="X">だっ</wf>
         <wf lemma="た" pos="X">た</wf>
         <wf lemma="." pos="X">.</wf>
      </sentence>
      <sentence id="d000.s6944" source="wordnet-japanese">
         <instance id="d000.s6944.t000" lemma="スパイク" pos="NOUN">スパイク</instance>
         <wf lemma="は" pos="X">は</wf>
         <wf lemma="、" pos="X">、</wf>
         <wf lemma="より" pos="X">より</wf>
         <wf lemma="大きな" pos="X">大きな</wf>
         <wf lemma="牽引力" pos="X">牽引力</wf>
         <wf lemma="を" pos="X">を</wf>
         <wf lemma="あたえる" pos="X">あたえる</wf>
         <wf lemma="." pos="X">.</wf>
      </sentence>
      <sentence id="d000.s6945" source="wordnet-japanese">
         <instance id="d000.s6945.t000" lemma="ネアンデルタール" pos="ADJ">ネアンデルタール</instance>
         <wf lemma="人" pos="X">人</wf>
         <wf lemma="の" pos="X">の</wf>
         <wf lemma="頭蓋" pos="X">頭蓋</wf>
         <wf lemma="骨" pos="X">骨</wf>
         <wf lemma="." pos="X">.</wf>
      </sentence>
      <sentence id="d000.s6946" source="wordnet-japanese">
         <wf lemma="緊張" pos="X">緊張</wf>
         <wf lemma="を" pos="X">を</wf>
         <instance id="d000.s6946.t000" lemma="高める" pos="VERB">高める</instance>
         <wf lemma="." pos="X">.</wf>
      </sentence>
      <sentence id="d000.s6947" source="wordnet-japanese">
         <wf lemma="彼" pos="X">彼</wf>
         <wf lemma="の" pos="X">の</wf>
         <wf lemma="ズボン" pos="X">ズボン</wf>
         <wf lemma="に" pos="X">に</wf>
         <wf lemma="は" pos="X">は</wf>
         <instance id="d000.s6947.t000" lemma="裂け目" pos="NOUN">裂け目</instance>
         <wf lemma="が" pos="X">が</wf>
         <wf lemma="あっ" pos="X">あっ</wf>
         <wf lemma="た" pos="X">た</wf>
         <wf lemma="." pos="X">.</wf>
      </sentence>
      <sentence id="d000.s6948" source="wordnet-japanese">
         <instance id="d000.s6948.t000" lemma="厳重" pos="ADJ">厳重</instance>
         <wf lemma="な" pos="X">な</wf>
         <wf lemma="セキュリティー" pos="X">セキュリティー</wf>
         <wf lemma="." pos="X">.</wf>
      </sentence>
      <sentence id="d000.s6949" source="wordnet-japanese">
         <instance id="d000.s6949.t000" lemma="明瞭" pos="ADJ">明瞭</instance>
         <wf lemma="な" pos="X">な</wf>
         <wf lemma="頭脳" pos="X">頭脳</wf>
         <wf lemma="を" pos="X">を</wf>
         <wf lemma="要求" pos="X">要求</wf>
         <wf lemma="する" pos="X">する</wf>
         <wf lemma="複雑" pos="X">複雑</wf>
         <wf lemma="な" pos="X">な</wf>
         <wf lemma="問題" pos="X">問題</wf>
         <wf lemma="." pos="X">.</wf>
      </sentence>
      <sentence id="d000.s6950" source="wordnet-japanese">
         <wf lemma="抗ヒ" pos="X">抗ヒ</wf>
         <wf lemma="スタミン" pos="X">スタミン</wf>
         <wf lemma="薬" pos="X">薬</wf>
         <wf lemma="は" pos="X">は</wf>
         <wf lemma="彼女" pos="X">彼女</wf>
         <wf lemma="の" pos="X">の</wf>
         <wf lemma="気分" pos="X">気分</wf>
         <wf lemma="を" pos="X">を</wf>
         <instance id="d000.s6950.t000" lemma="快適" pos="ADJ">快適</instance>
         <wf lemma="に" pos="X">に</wf>
         <wf lemma="し" pos="X">し</wf>
         <wf lemma="た" pos="X">た</wf>
         <wf lemma="." pos="X">.</wf>
      </sentence>
      <sentence id="d000.s6951" source="wordnet-japanese">
         <wf lemma="彼女" pos="X">彼女</wf>
         <wf lemma="は" pos="X">は</wf>
         <instance id="d000.s6951.t000" lemma="激怒" pos="NOUN">激怒</instance>
         <wf lemma="し" pos="X">し</wf>
         <wf lemma="、" pos="X">、</wf>
         <wf lemma="答える" pos="X">答える</wf>
         <wf lemma="こと" pos="X">こと</wf>
         <wf lemma="を" pos="X">を</wf>
         <wf lemma="拒ん" pos="X">拒ん</wf>
         <wf lemma="だ" pos="X">だ</wf>
         <wf lemma="." pos="X">.</wf>
      </sentence>
      <sentence id="d000.s6952" source="wordnet-japanese">
         <wf lemma="教育" pos="X">教育</wf>
         <wf lemma="の" pos="X">の</wf>
         <instance id="d000.s6952.t000" lemma="範囲" pos="NOUN">範囲</instance>
         <wf lemma="で" pos="X">で</wf>
         <wf lemma="." pos="X">.</wf>
      </sentence>
      <sentence id="d000.s6953" source="wordnet-japanese">
         <wf lemma="私" pos="X">私</wf>
         <wf lemma="は" pos="X">は</wf>
         <wf lemma="この" pos="X">この</wf>
         <wf lemma="物語" pos="X">物語</wf>
         <wf lemma="を" pos="X">を</wf>
         <instance id="d000.s6953.t000" lemma="直接" pos="ADV">直接</instance>
         <wf lemma="に" pos="X">に</wf>
         <wf lemma="聞い" pos="X">聞い</wf>
         <wf lemma="た" pos="X">た</wf>
         <wf lemma="." pos="X">.</wf>
      </sentence>
      <sentence id="d000.s6954" source="wordnet-japanese">
         <wf lemma="水" pos="X">水</wf>
         <wf lemma="は" pos="X">は</wf>
         <wf lemma="私" pos="X">私</wf>
         <wf lemma="の" pos="X">の</wf>
         <wf lemma="ウエスト" pos="X">ウエスト</wf>
         <wf lemma="に" pos="X">に</wf>
         <instance id="d000.s6954.t000" lemma="達する" pos="VERB">達し</instance>
         <wf lemma="た" pos="X">た</wf>
         <wf lemma="." pos="X">.</wf>
      </sentence>
      <sentence id="d000.s6955" source="wordnet-japanese">
         <wf lemma="交通" pos="X">交通</wf>
         <wf lemma="問題" pos="X">問題</wf>
         <wf lemma="の" pos="X">の</wf>
         <instance id="d000.s6955.t000" lemma="検討" pos="NOUN">検討</instance>
         <wf lemma="に" pos="X">に</wf>
         <wf lemma="1" pos="X">1</wf>
         <wf lemma="時間" pos="X">時間</wf>
         <wf lemma="以上" pos="X">以上</wf>
         <wf lemma="かかっ" pos="X">かかっ</wf>
         <wf lemma="た" pos="X">た</wf>
         <wf lemma="." pos="X">.</wf>
      </sentence>
      <sentence id="d000.s6956" source="wordnet-japanese">
         <wf lemma="ランク" pos="X">ランク</wf>
         <wf lemma="から" pos="X">から</wf>
         <wf lemma="ランク" pos="X">ランク</wf>
         <wf lemma="まで" pos="X">まで</wf>
         <wf lemma="、" pos="X">、</wf>
         <wf lemma="彼女" pos="X">彼女</wf>
         <wf lemma="は" pos="X">は</wf>
         <wf lemma="彼女" pos="X">彼女</wf>
         <wf lemma="の" pos="X">の</wf>
         <instance id="d000.s6956.t000" lemma="熱心" pos="ADJ">熱心</instance>
         <wf lemma="視線" pos="X">視線</wf>
         <wf lemma="を" pos="X">を</wf>
         <wf lemma="投げる" pos="X">投げる</wf>
         <wf lemma="−" pos="X">−</wf>
         <wf lemma="アレクザンダ" pos="X">アレクザンダ</wf>
         <wf lemma="・" pos="X">・</wf>
         <wf lemma="ポウプ" pos="X">ポウプ</wf>
         <wf lemma="." pos="X">.</wf>
      </sentence>
      <sentence id="d000.s6957" source="wordnet-japanese">
         <wf lemma="胎児" pos="X">胎児</wf>
         <wf lemma="が" pos="X">が</wf>
         <wf lemma="通れる" pos="X">通れる</wf>
         <wf lemma="ように" pos="X">ように</wf>
         <instance id="d000.s6957.t000" lemma="膣" pos="NOUN">膣</instance>
         <wf lemma="は" pos="X">は</wf>
         <wf lemma="伸縮性" pos="X">伸縮性</wf>
         <wf lemma="が" pos="X">が</wf>
         <wf lemma="ある" pos="X">ある</wf>
         <wf lemma="." pos="X">.</wf>
      </sentence>
      <sentence id="d000.s6958" source="wordnet-japanese">
         <wf lemma="クラブ" pos="X">クラブ</wf>
         <wf lemma="は" pos="X">は</wf>
         <wf lemma="、" pos="X">、</wf>
         <instance id="d000.s6958.t000" lemma="切り札" pos="NOUN">切り札</instance>
         <wf lemma="と" pos="X">と</wf>
         <wf lemma="宣言" pos="X">宣言</wf>
         <wf lemma="さ" pos="X">さ</wf>
         <wf lemma="れ" pos="X">れ</wf>
         <wf lemma="た" pos="X">た</wf>
         <wf lemma="." pos="X">.</wf>
      </sentence>
      <sentence id="d000.s6959" source="wordnet-japanese">
         <wf lemma="それ" pos="X">それ</wf>
         <wf lemma="は" pos="X">は</wf>
         <wf lemma="店" pos="X">店</wf>
         <wf lemma="の" pos="X">の</wf>
         <instance id="d000.s6959.t000" lemma="奥" pos="NOUN">奥</instance>
         <wf lemma="に" pos="X">に</wf>
         <wf lemma="隠さ" pos="X">隠さ</wf>
         <wf lemma="れ" pos="X">れ</wf>
         <wf lemma="て" pos="X">て</wf>
         <wf lemma="い" pos="X">い</wf>
         <wf lemma="た" pos="X">た</wf>
         <wf lemma="." pos="X">.</wf>
      </sentence>
      <sentence id="d000.s6960" source="wordnet-japanese">
         <wf lemma="聖職者" pos="X">聖職者</wf>
         <wf lemma="は" pos="X">は</wf>
         <instance id="d000.s6960.t000" lemma="ミサ" pos="NOUN">ミサ</instance>
         <wf lemma="を" pos="X">を</wf>
         <wf lemma="行っ" pos="X">行っ</wf>
         <wf lemma="た" pos="X">た</wf>
         <wf lemma="." pos="X">.</wf>
      </sentence>
      <sentence id="d000.s6961" source="wordnet-japanese">
         <wf lemma="給料" pos="X">給料</wf>
         <wf lemma="に" pos="X">に</wf>
         <wf lemma="は" pos="X">は</wf>
         <instance id="d000.s6961.t000" lemma="上限" pos="NOUN">上限</instance>
         <wf lemma="が" pos="X">が</wf>
         <wf lemma="あっ" pos="X">あっ</wf>
         <wf lemma="た" pos="X">た</wf>
         <wf lemma="." pos="X">.</wf>
      </sentence>
      <sentence id="d000.s6962" source="wordnet-japanese">
         <wf lemma="聖ドミニク" pos="X">聖ドミニク</wf>
         <wf lemma="の" pos="X">の</wf>
         <instance id="d000.s6962.t000" lemma="支配" pos="NOUN">支配</instance>
         <wf lemma="." pos="X">.</wf>
      </sentence>
      <sentence id="d000.s6963" source="wordnet-japanese">
         <wf lemma="正しい" pos="X">正しい</wf>
         <wf lemma="持ち主" pos="X">持ち主</wf>
         <wf lemma="へ" pos="X">へ</wf>
         <wf lemma="本" pos="X">本</wf>
         <wf lemma="を" pos="X">を</wf>
         <instance id="d000.s6963.t000" lemma="返却" pos="NOUN">返却</instance>
         <wf lemma="する" pos="X">する</wf>
         <wf lemma="際" pos="X">際</wf>
         <wf lemma="に" pos="X">に</wf>
         <wf lemma="、" pos="X">、</wf>
         <wf lemma="子供" pos="X">子供</wf>
         <wf lemma="は" pos="X">は</wf>
         <wf lemma="叱り" pos="X">叱り</wf>
         <wf lemma="つけ" pos="X">つけ</wf>
         <wf lemma="られ" pos="X">られ</wf>
         <wf lemma="た" pos="X">た</wf>
         <wf lemma="." pos="X">.</wf>
      </sentence>
      <sentence id="d000.s6964" source="wordnet-japanese">
         <wf lemma="ローマ" pos="X">ローマ</wf>
         <wf lemma="は" pos="X">は</wf>
         <wf lemma="道徳的" pos="X">道徳的</wf>
         <wf lemma="な" pos="X">な</wf>
         <instance id="d000.s6964.t000" lemma="腐敗" pos="NOUN">腐敗</instance>
         <wf lemma="に" pos="X">に</wf>
         <wf lemma="陥っ" pos="X">陥っ</wf>
         <wf lemma="た" pos="X">た</wf>
         <wf lemma="." pos="X">.</wf>
      </sentence>
      <sentence id="d000.s6965" source="wordnet-japanese">
         <wf lemma="奴隷" pos="X">奴隷</wf>
         <wf lemma="制度" pos="X">制度</wf>
         <wf lemma="を" pos="X">を</wf>
         <wf lemma="終わ" pos="X">終わ</wf>
         <wf lemma="ら" pos="X">ら</wf>
         <wf lemma="せる" pos="X">せる</wf>
         <instance id="d000.s6965.t000" lemma="運動" pos="NOUN">運動</instance>
         <wf lemma="." pos="X">.</wf>
      </sentence>
      <sentence id="d000.s6966" source="wordnet-japanese">
         <wf lemma="山脈" pos="X">山脈</wf>
         <wf lemma="に" pos="X">に</wf>
         <wf lemma="は" pos="X">は</wf>
         <instance id="d000.s6966.t000" lemma="変化" pos="NOUN">変化</instance>
         <wf lemma="は" pos="X">は</wf>
         <wf lemma="なかっ" pos="X">なかっ</wf>
         <wf lemma="た" pos="X">た</wf>
         <wf lemma="." pos="X">.</wf>
      </sentence>
      <sentence id="d000.s6967" source="wordnet-japanese">
         <wf lemma="彼" pos="X">彼</wf>
         <wf lemma="は" pos="X">は</wf>
         <wf lemma="、" pos="X">、</wf>
         <instance id="d000.s6967.t000" lemma="グリル" pos="NOUN">グリル</instance>
         <wf lemma="で" pos="X">で</wf>
         <wf lemma="ハンバーグ" pos="X">ハンバーグ</wf>
         <wf lemma="を" pos="X">を</wf>
         <wf lemma="調理" pos="X">調理</wf>
         <wf lemma="し" pos="X">し</wf>
         <wf lemma="た" pos="X">た</wf>
         <wf lemma="." pos="X">.</wf>
      </sentence>
      <sentence id="d000.s6968" source="wordnet-japanese">
         <wf lemma="知力" pos="X">知力</wf>
         <wf lemma="の" pos="X">の</wf>
         <instance id="d000.s6968.t000" lemma="破綻" pos="NOUN">破綻</instance>
         <wf lemma="." pos="X">.</wf>
      </sentence>
      <sentence id="d000.s6969" source="wordnet-japanese">
         <wf lemma="その" pos="X">その</wf>
         <instance id="d000.s6969.t000" lemma="場合" pos="NOUN">場合</instance>
         <wf lemma="に" pos="X">に</wf>
         <wf lemma="は" pos="X">は</wf>
         <wf lemma="、" pos="X">、</wf>
         <wf lemma="最初" pos="X">最初</wf>
         <wf lemma="の" pos="X">の</wf>
         <wf lemma="可能性" pos="X">可能性</wf>
         <wf lemma="は" pos="X">は</wf>
         <wf lemma="除外" pos="X">除外</wf>
         <wf lemma="さ" pos="X">さ</wf>
         <wf lemma="れる" pos="X">れる</wf>
         <wf lemma="." pos="X">.</wf>
      </sentence>
      <sentence id="d000.s6970" source="wordnet-japanese">
         <wf lemma="彼" pos="X">彼</wf>
         <wf lemma="は" pos="X">は</wf>
         <wf lemma="、" pos="X">、</wf>
         <wf lemma="彼" pos="X">彼</wf>
         <wf lemma="の" pos="X">の</wf>
         <wf lemma="人生" pos="X">人生</wf>
         <wf lemma="の" pos="X">の</wf>
         <wf lemma="重要" pos="X">重要</wf>
         <wf lemma="な" pos="X">な</wf>
         <instance id="d000.s6970.t000" lemma="領域" pos="NOUN">領域</instance>
         <wf lemma="で" pos="X">で</wf>
         <wf lemma="は" pos="X">は</wf>
         <wf lemma="無力" pos="X">無力</wf>
         <wf lemma="だっ" pos="X">だっ</wf>
         <wf lemma="た" pos="X">た</wf>
         <wf lemma="." pos="X">.</wf>
      </sentence>
      <sentence id="d000.s6971" source="wordnet-japanese">
         <wf lemma="指示" pos="X">指示</wf>
         <wf lemma="について" pos="X">について</wf>
         <wf lemma="は" pos="X">は</wf>
         <instance id="d000.s6971.t000" lemma="上記" pos="NOUN">上記</instance>
         <wf lemma="を" pos="X">を</wf>
         <wf lemma="参照" pos="X">参照</wf>
         <wf lemma="下さい" pos="X">下さい</wf>
         <wf lemma="." pos="X">.</wf>
      </sentence>
      <sentence id="d000.s6972" source="wordnet-japanese">
         <wf lemma="9" pos="X">9</wf>
         <wf lemma="は" pos="X">は</wf>
         <wf lemma="3" pos="X">3</wf>
         <wf lemma="の" pos="X">の</wf>
         <instance id="d000.s6972.t000" lemma="二乗" pos="NOUN">二乗</instance>
         <wf lemma="である" pos="X">である</wf>
         <wf lemma="." pos="X">.</wf>
      </sentence>
      <sentence id="d000.s6973" source="wordnet-japanese">
         <wf lemma="三角法" pos="X">三角法</wf>
         <wf lemma="に関して" pos="X">に関して</wf>
         <wf lemma="は" pos="X">は</wf>
         <wf lemma="教師" pos="X">教師</wf>
         <wf lemma="に" pos="X">に</wf>
         <instance id="d000.s6973.t000" lemma="尋ねる" pos="VERB">尋ね</instance>
         <wf lemma="て" pos="X">て</wf>
         <wf lemma="ください" pos="X">ください</wf>
         <wf lemma="." pos="X">.</wf>
      </sentence>
      <sentence id="d000.s6974" source="wordnet-japanese">
         <wf lemma="我々" pos="X">我々</wf>
         <wf lemma="は" pos="X">は</wf>
         <wf lemma="スー" pos="X">スー</wf>
         <wf lemma="が" pos="X">が</wf>
         <wf lemma="ビル" pos="X">ビル</wf>
         <wf lemma="より" pos="X">より</wf>
         <wf lemma="年上" pos="X">年上</wf>
         <wf lemma="だ" pos="X">だ</wf>
         <wf lemma="と" pos="X">と</wf>
         <wf lemma="思っ" pos="X">思っ</wf>
         <wf lemma="た" pos="X">た</wf>
         <wf lemma="が" pos="X">が</wf>
         <wf lemma="、" pos="X">、</wf>
         <wf lemma="真実" pos="X">真実</wf>
         <wf lemma="は" pos="X">は</wf>
         <instance id="d000.s6974.t000" lemma="逆" pos="NOUN">逆</instance>
         <wf lemma="だっ" pos="X">だっ</wf>
         <wf lemma="た" pos="X">た</wf>
         <wf lemma="." pos="X">.</wf>
      </sentence>
      <sentence id="d000.s6975" source="wordnet-japanese">
         <wf lemma="いじめっ子" pos="X">いじめっ子</wf>
         <wf lemma="の" pos="X">の</wf>
         <instance id="d000.s6975.t000" lemma="無骨" pos="ADJ">無骨</instance>
         <wf lemma="な" pos="X">な</wf>
         <wf lemma="態度" pos="X">態度</wf>
         <wf lemma="." pos="X">.</wf>
      </sentence>
      <sentence id="d000.s6976" source="wordnet-japanese">
         <wf lemma="彼" pos="X">彼</wf>
         <wf lemma="は" pos="X">は</wf>
         <wf lemma="窓" pos="X">窓</wf>
         <wf lemma="から" pos="X">から</wf>
         <instance id="d000.s6976.t000" lemma="頭" pos="NOUN">頭</instance>
         <wf lemma="を" pos="X">を</wf>
         <wf lemma="出し" pos="X">出し</wf>
         <wf lemma="た" pos="X">た</wf>
         <wf lemma="." pos="X">.</wf>
      </sentence>
      <sentence id="d000.s6977" source="wordnet-japanese">
         <instance id="d000.s6977.t000" lemma="不完全" pos="ADV">不完全</instance>
         <wf lemma="に" pos="X">に</wf>
         <wf lemma="書き込ま" pos="X">書き込ま</wf>
         <wf lemma="れ" pos="X">れ</wf>
         <wf lemma="た" pos="X">た</wf>
         <wf lemma="書類" pos="X">書類</wf>
         <wf lemma="." pos="X">.</wf>
      </sentence>
      <sentence id="d000.s6978" source="wordnet-japanese">
         <wf lemma="彼ら" pos="X">彼ら</wf>
         <wf lemma="は" pos="X">は</wf>
         <wf lemma="、" pos="X">、</wf>
         <instance id="d000.s6978.t000" lemma="収穫" pos="NOUN">収穫</instance>
         <wf lemma="見本" pos="X">見本</wf>
         <wf lemma="を" pos="X">を</wf>
         <wf lemma="集め" pos="X">集め</wf>
         <wf lemma="た" pos="X">た</wf>
         <wf lemma="." pos="X">.</wf>
      </sentence>
      <sentence id="d000.s6979" source="wordnet-japanese">
         <instance id="d000.s6979.t000" lemma="進歩的" pos="ADJ">進歩的</instance>
         <wf lemma="な" pos="X">な</wf>
         <wf lemma="学校" pos="X">学校</wf>
         <wf lemma="." pos="X">.</wf>
      </sentence>
      <sentence id="d000.s6980" source="wordnet-japanese">
         <wf lemma="彼女" pos="X">彼女</wf>
         <wf lemma="の" pos="X">の</wf>
         <wf lemma="官能的" pos="X">官能的</wf>
         <wf lemma="な" pos="X">な</wf>
         <wf lemma="魅力" pos="X">魅力</wf>
         <wf lemma="が" pos="X">が</wf>
         <wf lemma="彼" pos="X">彼</wf>
         <wf lemma="の" pos="X">の</wf>
         <instance id="d000.s6980.t000" lemma="好色" pos="ADJ">好色</instance>
         <wf lemma="な" pos="X">な</wf>
         <wf lemma="性質" pos="X">性質</wf>
         <wf lemma="を" pos="X">を</wf>
         <wf lemma="目覚め" pos="X">目覚め</wf>
         <wf lemma="さ" pos="X">さ</wf>
         <wf lemma="せ" pos="X">せ</wf>
         <wf lemma="た" pos="X">た</wf>
         <wf lemma="." pos="X">.</wf>
      </sentence>
      <sentence id="d000.s6981" source="wordnet-japanese">
         <wf lemma="学生" pos="X">学生</wf>
         <wf lemma="の" pos="X">の</wf>
         <instance id="d000.s6981.t000" lemma="出席" pos="NOUN">出席</instance>
         <wf lemma="数" pos="X">数</wf>
         <wf lemma="は" pos="X">は</wf>
         <wf lemma="彼女" pos="X">彼女</wf>
         <wf lemma="の" pos="X">の</wf>
         <wf lemma="成績" pos="X">成績</wf>
         <wf lemma="の" pos="X">の</wf>
         <wf lemma="重要" pos="X">重要</wf>
         <wf lemma="な" pos="X">な</wf>
         <wf lemma="要素" pos="X">要素</wf>
         <wf lemma="である" pos="X">である</wf>
         <wf lemma="." pos="X">.</wf>
      </sentence>
      <sentence id="d000.s6982" source="wordnet-japanese">
         <wf lemma="カーテン" pos="X">カーテン</wf>
         <wf lemma="の" pos="X">の</wf>
         <instance id="d000.s6982.t000" lemma="織物" pos="NOUN">織物</instance>
         <wf lemma="は" pos="X">は</wf>
         <wf lemma="、" pos="X">、</wf>
         <wf lemma="軽く" pos="X">軽く</wf>
         <wf lemma="て" pos="X">て</wf>
         <wf lemma="、" pos="X">、</wf>
         <wf lemma="半透明" pos="X">半透明</wf>
         <wf lemma="だっ" pos="X">だっ</wf>
         <wf lemma="た" pos="X">た</wf>
         <wf lemma="." pos="X">.</wf>
      </sentence>
      <sentence id="d000.s6983" source="wordnet-japanese">
         <wf lemma="私" pos="X">私</wf>
         <wf lemma="たち" pos="X">たち</wf>
         <wf lemma="が" pos="X">が</wf>
         <wf lemma="ずっと" pos="X">ずっと</wf>
         <wf lemma="運転" pos="X">運転</wf>
         <wf lemma="し" pos="X">し</wf>
         <wf lemma="て" pos="X">て</wf>
         <wf lemma="いる" pos="X">いる</wf>
         <wf lemma="際" pos="X">際</wf>
         <wf lemma="、" pos="X">、</wf>
         <wf lemma="美しい" pos="X">美しい</wf>
         <wf lemma="光景" pos="X">光景</wf>
         <wf lemma="が" pos="X">が</wf>
         <instance id="d000.s6983.t000" lemma="時折" pos="ADV">時折</instance>
         <wf lemma="彼" pos="X">彼</wf>
         <wf lemma="の" pos="X">の</wf>
         <wf lemma="注意" pos="X">注意</wf>
         <wf lemma="を" pos="X">を</wf>
         <wf lemma="引きつけ" pos="X">引きつけ</wf>
         <wf lemma="た" pos="X">た</wf>
         <wf lemma="." pos="X">.</wf>
      </sentence>
      <sentence id="d000.s6984" source="wordnet-japanese">
         <wf lemma="彼" pos="X">彼</wf>
         <wf lemma="は" pos="X">は</wf>
         <instance id="d000.s6984.t000" lemma="保釈" pos="NOUN">保釈</instance>
         <wf lemma="中" pos="X">中</wf>
         <wf lemma="である" pos="X">である</wf>
         <wf lemma="." pos="X">.</wf>
      </sentence>
      <sentence id="d000.s6985" source="wordnet-japanese">
         <wf lemma="彼" pos="X">彼</wf>
         <wf lemma="は" pos="X">は</wf>
         <wf lemma="、" pos="X">、</wf>
         <instance id="d000.s6985.t000" lemma="暖炉" pos="NOUN">暖炉</instance>
         <wf lemma="に" pos="X">に</wf>
         <wf lemma="火" pos="X">火</wf>
         <wf lemma="を" pos="X">を</wf>
         <wf lemma="入れ" pos="X">入れ</wf>
         <wf lemma="、" pos="X">、</wf>
         <wf lemma="火" pos="X">火</wf>
         <wf lemma="を" pos="X">を</wf>
         <wf lemma="つけ" pos="X">つけ</wf>
         <wf lemma="た" pos="X">た</wf>
         <wf lemma="." pos="X">.</wf>
      </sentence>
      <sentence id="d000.s6986" source="wordnet-japanese">
         <wf lemma="良い" pos="X">良い</wf>
         <instance id="d000.s6986.t000" lemma="説教" pos="NOUN">説教</instance>
         <wf lemma="は" pos="X">は</wf>
         <wf lemma="、" pos="X">、</wf>
         <wf lemma="規律" pos="X">規律</wf>
         <wf lemma="に関する" pos="X">に関する</wf>
         <wf lemma="私" pos="X">私</wf>
         <wf lemma="の" pos="X">の</wf>
         <wf lemma="父" pos="X">父</wf>
         <wf lemma="の" pos="X">の</wf>
         <wf lemma="考え" pos="X">考え</wf>
         <wf lemma="だっ" pos="X">だっ</wf>
         <wf lemma="た" pos="X">た</wf>
         <wf lemma="." pos="X">.</wf>
      </sentence>
      <sentence id="d000.s6987" source="wordnet-japanese">
         <instance id="d000.s6987.t000" lemma="熱い" pos="ADJ">熱い</instance>
         <wf lemma="討論" pos="X">討論</wf>
         <wf lemma="." pos="X">.</wf>
      </sentence>
      <sentence id="d000.s6988" source="wordnet-japanese">
         <wf lemma="彼ら" pos="X">彼ら</wf>
         <wf lemma="の" pos="X">の</wf>
         <wf lemma="すべて" pos="X">すべて</wf>
         <wf lemma="の" pos="X">の</wf>
         <instance id="d000.s6988.t000" lemma="サポーター" pos="NOUN">サポーター</instance>
         <wf lemma="が" pos="X">が</wf>
         <wf lemma="その" pos="X">その</wf>
         <wf lemma="試合" pos="X">試合</wf>
         <wf lemma="を" pos="X">を</wf>
         <wf lemma="応援" pos="X">応援</wf>
         <wf lemma="し" pos="X">し</wf>
         <wf lemma="た" pos="X">た</wf>
         <wf lemma="." pos="X">.</wf>
      </sentence>
      <sentence id="d000.s6989" source="wordnet-japanese">
         <wf lemma="それら" pos="X">それら</wf>
         <wf lemma="の" pos="X">の</wf>
         <wf lemma="権利" pos="X">権利</wf>
         <wf lemma="および" pos="X">および</wf>
         <wf lemma="義務" pos="X">義務</wf>
         <wf lemma="は" pos="X">は</wf>
         <wf lemma="述べ" pos="X">述べ</wf>
         <wf lemma="られ" pos="X">られ</wf>
         <wf lemma="て" pos="X">て</wf>
         <wf lemma="い" pos="X">い</wf>
         <wf lemma="ない" pos="X">ない</wf>
         <instance id="d000.s6989.t000" lemma="一致" pos="NOUN">一致</instance>
         <wf lemma="に" pos="X">に</wf>
         <wf lemma="基づく" pos="X">基づく</wf>
         <wf lemma="." pos="X">.</wf>
      </sentence>
      <sentence id="d000.s6990" source="wordnet-japanese">
         <wf lemma="愛する" pos="X">愛する</wf>
         <wf lemma="こと" pos="X">こと</wf>
         <wf lemma="と" pos="X">と</wf>
         <wf lemma="のぼせ上がる" pos="X">のぼせ上がる</wf>
         <wf lemma="こと" pos="X">こと</wf>
         <wf lemma="を" pos="X">を</wf>
         <instance id="d000.s6990.t000" lemma="区別" pos="NOUN">区別</instance>
         <wf lemma="する" pos="X">する</wf>
         <wf lemma="こと" pos="X">こと</wf>
         <wf lemma="が" pos="X">が</wf>
         <wf lemma="必要" pos="X">必要</wf>
         <wf lemma="だ" pos="X">だ</wf>
         <wf lemma="." pos="X">.</wf>
      </sentence>
      <sentence id="d000.s6991" source="wordnet-japanese">
         <wf lemma="彼ら" pos="X">彼ら</wf>
         <wf lemma="の" pos="X">の</wf>
         <wf lemma="末" pos="X">末</wf>
         <wf lemma="の" pos="X">の</wf>
         <wf lemma="息子" pos="X">息子</wf>
         <wf lemma="が" pos="X">が</wf>
         <wf lemma="お" pos="X">お</wf>
         <instance id="d000.s6991.t000" lemma="祈り" pos="NOUN">祈り</instance>
         <wf lemma="し" pos="X">し</wf>
         <wf lemma="た" pos="X">た</wf>
         <wf lemma="." pos="X">.</wf>
      </sentence>
      <sentence id="d000.s6992" source="wordnet-japanese">
         <wf lemma="あなた" pos="X">あなた</wf>
         <wf lemma="の" pos="X">の</wf>
         <instance id="d000.s6992.t000" lemma="家" pos="NOUN">家</instance>
         <wf lemma="に" pos="X">に</wf>
         <wf lemma="し" pos="X">し</wf>
         <wf lemma="ます" pos="X">ます</wf>
         <wf lemma="か" pos="X">か</wf>
         <wf lemma="、" pos="X">、</wf>
         <wf lemma="それ" pos="X">それ</wf>
         <wf lemma="と" pos="X">と</wf>
         <wf lemma="も" pos="X">も</wf>
         <wf lemma="私" pos="X">私</wf>
         <wf lemma="の" pos="X">の</wf>
         <wf lemma="家" pos="X">家</wf>
         <wf lemma="に" pos="X">に</wf>
         <wf lemma="し" pos="X">し</wf>
         <wf lemma="ます" pos="X">ます</wf>
         <wf lemma="か" pos="X">か</wf>
         <wf lemma="？" pos="X">？</wf>
         <wf lemma="." pos="X">.</wf>
      </sentence>
      <sentence id="d000.s6993" source="wordnet-japanese">
         <wf lemma="歯科医" pos="X">歯科医</wf>
         <wf lemma="は" pos="X">は</wf>
         <wf lemma="歯茎" pos="X">歯茎</wf>
         <wf lemma="に" pos="X">に</wf>
         <wf lemma="歯" pos="X">歯</wf>
         <wf lemma="を" pos="X">を</wf>
         <instance id="d000.s6993.t000" lemma="植える" pos="VERB">植え</instance>
         <wf lemma="た" pos="X">た</wf>
         <wf lemma="." pos="X">.</wf>
      </sentence>
      <sentence id="d000.s6994" source="wordnet-japanese">
         <instance id="d000.s6994.t000" lemma="痙攣性" pos="ADJ">痙攣性</instance>
         <wf lemma="麻痺" pos="X">麻痺</wf>
         <wf lemma="は" pos="X">は</wf>
         <wf lemma="脳性" pos="X">脳性</wf>
         <wf lemma="小児" pos="X">小児</wf>
         <wf lemma="麻痺" pos="X">麻痺</wf>
         <wf lemma="の" pos="X">の</wf>
         <wf lemma="痙攣" pos="X">痙攣</wf>
         <wf lemma="の" pos="X">の</wf>
         <wf lemma="種類" pos="X">種類</wf>
         <wf lemma="である" pos="X">である</wf>
         <wf lemma="." pos="X">.</wf>
      </sentence>
      <sentence id="d000.s6995" source="wordnet-japanese">
         <wf lemma="その" pos="X">その</wf>
         <wf lemma="ダンス" pos="X">ダンス</wf>
         <wf lemma="で" pos="X">で</wf>
         <wf lemma="彼" pos="X">彼</wf>
         <wf lemma="は" pos="X">は</wf>
         <wf lemma="不器" pos="X">不器</wf>
         <wf lemma="用" pos="X">用</wf>
         <wf lemma="さ" pos="X">さ</wf>
         <wf lemma="を" pos="X">を</wf>
         <wf lemma="故意" pos="X">故意</wf>
         <wf lemma="に" pos="X">に</wf>
         <instance id="d000.s6995.t000" lemma="誇張" pos="NOUN">誇張</instance>
         <wf lemma="し" pos="X">し</wf>
         <wf lemma="て" pos="X">て</wf>
         <wf lemma="表現" pos="X">表現</wf>
         <wf lemma="し" pos="X">し</wf>
         <wf lemma="て" pos="X">て</wf>
         <wf lemma="い" pos="X">い</wf>
         <wf lemma="た" pos="X">た</wf>
         <wf lemma="." pos="X">.</wf>
      </sentence>
      <sentence id="d000.s6996" source="wordnet-japanese">
         <wf lemma="彼ら" pos="X">彼ら</wf>
         <wf lemma="は" pos="X">は</wf>
         <wf lemma="犯罪" pos="X">犯罪</wf>
         <wf lemma="に" pos="X">に</wf>
         <instance id="d000.s6996.t000" lemma="甘い" pos="ADJ">甘い</instance>
         <wf lemma="." pos="X">.</wf>
      </sentence>
      <sentence id="d000.s6997" source="wordnet-japanese">
         <wf lemma="彼" pos="X">彼</wf>
         <wf lemma="は" pos="X">は</wf>
         <wf lemma="皿" pos="X">皿</wf>
         <wf lemma="を" pos="X">を</wf>
         <wf lemma="洗い" pos="X">洗い</wf>
         <instance id="d000.s6997.t000" lemma="終える" pos="VERB">終え</instance>
         <wf lemma="た" pos="X">た</wf>
         <wf lemma="." pos="X">.</wf>
      </sentence>
      <sentence id="d000.s6998" source="wordnet-japanese">
         <wf lemma="エレベーター" pos="X">エレベーター</wf>
         <wf lemma="が" pos="X">が</wf>
         <wf lemma="使用" pos="X">使用</wf>
         <wf lemma="できる" pos="X">できる</wf>
         <wf lemma="ように" pos="X">ように</wf>
         <wf lemma="なる" pos="X">なる</wf>
         <wf lemma="前" pos="X">前</wf>
         <wf lemma="に" pos="X">に</wf>
         <wf lemma="、" pos="X">、</wf>
         <wf lemma="私たち" pos="X">私たち</wf>
         <wf lemma="は" pos="X">は</wf>
         <instance id="d000.s6998.t000" lemma="点検" pos="NOUN">点検</instance>
         <wf lemma="を" pos="X">を</wf>
         <wf lemma="待た" pos="X">待た</wf>
         <wf lemma="なければ" pos="X">なければ</wf>
         <wf lemma="なら" pos="X">なら</wf>
         <wf lemma="なかっ" pos="X">なかっ</wf>
         <wf lemma="た" pos="X">た</wf>
         <wf lemma="." pos="X">.</wf>
      </sentence>
      <sentence id="d000.s6999" source="wordnet-japanese">
         <wf lemma="社長" pos="X">社長</wf>
         <wf lemma="が" pos="X">が</wf>
         <wf lemma="交渉" pos="X">交渉</wf>
         <wf lemma="し" pos="X">し</wf>
         <wf lemma="た" pos="X">た</wf>
         <wf lemma="条約" pos="X">条約</wf>
         <wf lemma="の" pos="X">の</wf>
         <wf lemma="議会" pos="X">議会</wf>
         <instance id="d000.s6999.t000" lemma="拒否" pos="NOUN">拒否</instance>
         <wf lemma="." pos="X">.</wf>
      </sentence>
      <sentence id="d000.s7000" source="wordnet-japanese">
         <wf lemma="彼女" pos="X">彼女</wf>
         <wf lemma="は" pos="X">は</wf>
         <wf lemma="競売" pos="X">競売</wf>
         <wf lemma="で" pos="X">で</wf>
         <instance id="d000.s7000.t000" lemma="掘り出し物" pos="NOUN">掘り出し物</instance>
         <wf lemma="を" pos="X">を</wf>
         <wf lemma="得" pos="X">得</wf>
         <wf lemma="た" pos="X">た</wf>
         <wf lemma="." pos="X">.</wf>
      </sentence>
      <sentence id="d000.s7001" source="wordnet-japanese">
         <wf lemma="コンピュータ" pos="X">コンピュータ</wf>
         <wf lemma="・" pos="X">・</wf>
         <wf lemma="プレゼント" pos="X">プレゼント</wf>
         <wf lemma="の" pos="X">の</wf>
         <wf lemma="活動" pos="X">活動</wf>
         <wf lemma="と" pos="X">と</wf>
         <wf lemma="脳" pos="X">脳</wf>
         <wf lemma="の" pos="X">の</wf>
         <wf lemma="作業" pos="X">作業</wf>
         <wf lemma="と" pos="X">と</wf>
         <wf lemma="の" pos="X">の</wf>
         <wf lemma="面白い" pos="X">面白い</wf>
         <instance id="d000.s7001.t000" lemma="類似" pos="NOUN">類似</instance>
         <wf lemma="." pos="X">.</wf>
      </sentence>
      <sentence id="d000.s7002" source="wordnet-japanese">
         <wf lemma="地球" pos="X">地球</wf>
         <wf lemma="の" pos="X">の</wf>
         <instance id="d000.s7002.t000" lemma="遠い" pos="ADJ">遠い</instance>
         <wf lemma="隅" pos="X">隅</wf>
         <wf lemma="." pos="X">.</wf>
      </sentence>
      <sentence id="d000.s7003" source="wordnet-japanese">
         <instance id="d000.s7003.t000" lemma="陰鬱" pos="ADJ">陰鬱</instance>
         <wf lemma="な" pos="X">な</wf>
         <wf lemma="冬" pos="X">冬</wf>
         <wf lemma="の" pos="X">の</wf>
         <wf lemma="景色" pos="X">景色</wf>
         <wf lemma="." pos="X">.</wf>
      </sentence>
      <sentence id="d000.s7004" source="wordnet-japanese">
         <wf lemma="彼" pos="X">彼</wf>
         <wf lemma="が" pos="X">が</wf>
         <wf lemma="議長" pos="X">議長</wf>
         <wf lemma="によって" pos="X">によって</wf>
         <instance id="d000.s7004.t000" lemma="認知" pos="NOUN">認知</instance>
         <wf lemma="を" pos="X">を</wf>
         <wf lemma="得る" pos="X">得る</wf>
         <wf lemma="こと" pos="X">こと</wf>
         <wf lemma="が" pos="X">が</wf>
         <wf lemma="でき" pos="X">でき</wf>
         <wf lemma="なかっ" pos="X">なかっ</wf>
         <wf lemma="た" pos="X">た</wf>
         <wf lemma="ので" pos="X">ので</wf>
         <wf lemma="、" pos="X">、</wf>
         <wf lemma="彼" pos="X">彼</wf>
         <wf lemma="は" pos="X">は</wf>
         <wf lemma="彼" pos="X">彼</wf>
         <wf lemma="の" pos="X">の</wf>
         <wf lemma="運動" pos="X">運動</wf>
         <wf lemma="を" pos="X">を</wf>
         <wf lemma="する" pos="X">する</wf>
         <wf lemma="こと" pos="X">こと</wf>
         <wf lemma="が" pos="X">が</wf>
         <wf lemma="でき" pos="X">でき</wf>
         <wf lemma="なかっ" pos="X">なかっ</wf>
         <wf lemma="た" pos="X">た</wf>
         <wf lemma="." pos="X">.</wf>
      </sentence>
      <sentence id="d000.s7005" source="wordnet-japanese">
         <instance id="d000.s7005.t000" lemma="見事" pos="ADJ">見事</instance>
         <wf lemma="な" pos="X">な</wf>
         <wf lemma="食事" pos="X">食事</wf>
         <wf lemma="." pos="X">.</wf>
      </sentence>
      <sentence id="d000.s7006" source="wordnet-japanese">
         <wf lemma="その" pos="X">その</wf>
         <instance id="d000.s7006.t000" lemma="不運" pos="ADJ">不運</instance>
         <wf lemma="な" pos="X">な</wf>
         <wf lemma="囚人" pos="X">囚人</wf>
         <wf lemma="は" pos="X">は</wf>
         <wf lemma="またもや" pos="X">またもや</wf>
         <wf lemma="足かせ" pos="X">足かせ</wf>
         <wf lemma="を" pos="X">を</wf>
         <wf lemma="はめ" pos="X">はめ</wf>
         <wf lemma="られ" pos="X">られ</wf>
         <wf lemma="た" pos="X">た</wf>
         <wf lemma="−" pos="X">−</wf>
         <wf lemma="W" pos="X">W</wf>
         <wf lemma="・" pos="X">・</wf>
         <wf lemma="H" pos="X">H</wf>
         <wf lemma="・" pos="X">・</wf>
         <wf lemma="プレスコット" pos="X">プレスコット</wf>
         <wf lemma="." pos="X">.</wf>
      </sentence>
      <sentence id="d000.s7007" source="wordnet-japanese">
         <wf lemma="人間" pos="X">人間</wf>
         <wf lemma="の" pos="X">の</wf>
         <instance id="d000.s7007.t000" lemma="条件" pos="NOUN">条件</instance>
         <wf lemma="." pos="X">.</wf>
      </sentence>
      <sentence id="d000.s7008" source="wordnet-japanese">
         <wf lemma="ヘンリー" pos="X">ヘンリー</wf>
         <wf lemma="・" pos="X">・</wf>
         <wf lemma="ジェームス" pos="X">ジェームス</wf>
         <wf lemma="の" pos="X">の</wf>
         <wf lemma="小説" pos="X">小説</wf>
         <wf lemma="の" pos="X">の</wf>
         <wf lemma="人物" pos="X">人物</wf>
         <wf lemma="は" pos="X">は</wf>
         <wf lemma="、" pos="X">、</wf>
         <wf lemma="互い" pos="X">互い</wf>
         <wf lemma="を" pos="X">を</wf>
         <wf lemma="常" pos="X">常</wf>
         <wf lemma="に" pos="X">に</wf>
         <instance id="d000.s7008.t000" lemma="訪問" pos="NOUN">訪問</instance>
         <wf lemma="し" pos="X">し</wf>
         <wf lemma="て" pos="X">て</wf>
         <wf lemma="いる" pos="X">いる</wf>
         <wf lemma="、" pos="X">、</wf>
         <wf lemma="通常" pos="X">通常</wf>
         <wf lemma="ある" pos="X">ある</wf>
         <wf lemma="住居" pos="X">住居</wf>
         <wf lemma="の" pos="X">の</wf>
         <wf lemma="応接" pos="X">応接</wf>
         <wf lemma="室" pos="X">室</wf>
         <wf lemma="で" pos="X">で</wf>
         <wf lemma="." pos="X">.</wf>
      </sentence>
      <sentence id="d000.s7009" source="wordnet-japanese">
         <wf lemma="先生" pos="X">先生</wf>
         <wf lemma="が" pos="X">が</wf>
         <wf lemma="近づい" pos="X">近づい</wf>
         <wf lemma="た" pos="X">た</wf>
         <wf lemma="とき" pos="X">とき</wf>
         <wf lemma="、" pos="X">、</wf>
         <wf lemma="子供" pos="X">子供</wf>
         <wf lemma="たち" pos="X">たち</wf>
         <wf lemma="は" pos="X">は</wf>
         <wf lemma="バラバラ" pos="X">バラバラ</wf>
         <wf lemma="に" pos="X">に</wf>
         <instance id="d000.s7009.t000" lemma="散らばる" pos="VERB">散らばっ</instance>
         <wf lemma="た" pos="X">た</wf>
         <wf lemma="." pos="X">.</wf>
      </sentence>
      <sentence id="d000.s7010" source="wordnet-japanese">
         <instance id="d000.s7010.t000" lemma="昨日" pos="NOUN">昨日</instance>
         <wf lemma="の" pos="X">の</wf>
         <wf lemma="解決" pos="X">解決</wf>
         <wf lemma="で" pos="X">で</wf>
         <wf lemma="は" pos="X">は</wf>
         <wf lemma="充分" pos="X">充分</wf>
         <wf lemma="で" pos="X">で</wf>
         <wf lemma="は" pos="X">は</wf>
         <wf lemma="ない" pos="X">ない</wf>
         <wf lemma="." pos="X">.</wf>
      </sentence>
      <sentence id="d000.s7011" source="wordnet-japanese">
         <instance id="d000.s7011.t000" lemma="繊細" pos="ADJ">繊細</instance>
         <wf lemma="な" pos="X">な</wf>
         <wf lemma="磁器" pos="X">磁器</wf>
         <wf lemma="." pos="X">.</wf>
      </sentence>
      <sentence id="d000.s7012" source="wordnet-japanese">
         <wf lemma="彼" pos="X">彼</wf>
         <wf lemma="は" pos="X">は</wf>
         <wf lemma="括約" pos="X">括約</wf>
         <wf lemma="筋" pos="X">筋</wf>
         <wf lemma="を" pos="X">を</wf>
         <instance id="d000.s7012.t000" lemma="コントロール" pos="NOUN">コントロール</instance>
         <wf lemma="でき" pos="X">でき</wf>
         <wf lemma="なく" pos="X">なく</wf>
         <wf lemma="なっ" pos="X">なっ</wf>
         <wf lemma="て" pos="X">て</wf>
         <wf lemma="い" pos="X">い</wf>
         <wf lemma="た" pos="X">た</wf>
         <wf lemma="." pos="X">.</wf>
      </sentence>
      <sentence id="d000.s7013" source="wordnet-japanese">
         <wf lemma="彼" pos="X">彼</wf>
         <wf lemma="は" pos="X">は</wf>
         <instance id="d000.s7013.t000" lemma="儀式" pos="NOUN">儀式</instance>
         <wf lemma="を" pos="X">を</wf>
         <wf lemma="行わ" pos="X">行わ</wf>
         <wf lemma="ず" pos="X">ず</wf>
         <wf lemma="に" pos="X">に</wf>
         <wf lemma="それ" pos="X">それ</wf>
         <wf lemma="を" pos="X">を</wf>
         <wf lemma="処分" pos="X">処分</wf>
         <wf lemma="し" pos="X">し</wf>
         <wf lemma="た" pos="X">た</wf>
         <wf lemma="." pos="X">.</wf>
      </sentence>
      <sentence id="d000.s7014" source="wordnet-japanese">
         <wf lemma="地図" pos="X">地図</wf>
         <wf lemma="の" pos="X">の</wf>
         <instance id="d000.s7014.t000" lemma="縮尺" pos="NOUN">縮尺</instance>
         <wf lemma="." pos="X">.</wf>
      </sentence>
      <sentence id="d000.s7015" source="wordnet-japanese">
         <instance id="d000.s7015.t000" lemma="補償" pos="NOUN">補償</instance>
         <wf lemma="が" pos="X">が</wf>
         <wf lemma="ない" pos="X">ない</wf>
         <wf lemma="行為" pos="X">行為</wf>
         <wf lemma="." pos="X">.</wf>
      </sentence>
      <sentence id="d000.s7016" source="wordnet-japanese">
         <instance id="d000.s7016.t000" lemma="質素" pos="ADJ">質素</instance>
         <wf lemma="な" pos="X">な</wf>
         <wf lemma="農民" pos="X">農民</wf>
         <wf lemma="." pos="X">.</wf>
      </sentence>
      <sentence id="d000.s7017" source="wordnet-japanese">
         <wf lemma="彼" pos="X">彼</wf>
         <wf lemma="は" pos="X">は</wf>
         <instance id="d000.s7017.t000" lemma="あちこち" pos="ADV">あちこち</instance>
         <wf lemma="で" pos="X">で</wf>
         <wf lemma="働い" pos="X">働い</wf>
         <wf lemma="た" pos="X">た</wf>
         <wf lemma="が" pos="X">が</wf>
         <wf lemma="1" pos="X">1</wf>
         <wf lemma="つ" pos="X">つ</wf>
         <wf lemma="の" pos="X">の</wf>
         <wf lemma="町" pos="X">町</wf>
         <wf lemma="に" pos="X">に</wf>
         <wf lemma="長く" pos="X">長く</wf>
         <wf lemma="い" pos="X">い</wf>
         <wf lemma="た" pos="X">た</wf>
         <wf lemma="こと" pos="X">こと</wf>
         <wf lemma="は" pos="X">は</wf>
         <wf lemma="ない" pos="X">ない</wf>
         <wf lemma="." pos="X">.</wf>
      </sentence>
      <sentence id="d000.s7018" source="wordnet-japanese">
         <instance id="d000.s7018.t000" lemma="透明" pos="ADJ">透明</instance>
         <wf lemma="な" pos="X">な</wf>
         <wf lemma="完璧" pos="X">完璧</wf>
         <wf lemma="な" pos="X">な</wf>
         <wf lemma="ダイヤモンド" pos="X">ダイヤモンド</wf>
         <wf lemma="." pos="X">.</wf>
      </sentence>
      <sentence id="d000.s7019" source="wordnet-japanese">
         <wf lemma="彼ら" pos="X">彼ら</wf>
         <wf lemma="は" pos="X">は</wf>
         <wf lemma="、" pos="X">、</wf>
         <wf lemma="毎週" pos="X">毎週</wf>
         <wf lemma="土曜日" pos="X">土曜日</wf>
         <wf lemma="の" pos="X">の</wf>
         <wf lemma="夜" pos="X">夜</wf>
         <wf lemma="、" pos="X">、</wf>
         <instance id="d000.s7019.t000" lemma="映画" pos="NOUN">映画</instance>
         <wf lemma="を" pos="X">を</wf>
         <wf lemma="見" pos="X">見</wf>
         <wf lemma="に" pos="X">に</wf>
         <wf lemma="行っ" pos="X">行っ</wf>
         <wf lemma="た" pos="X">た</wf>
         <wf lemma="." pos="X">.</wf>
      </sentence>
      <sentence id="d000.s7020" source="wordnet-japanese">
         <instance id="d000.s7020.t000" lemma="大胆" pos="ADJ">大胆</instance>
         <wf lemma="な" pos="X">な</wf>
         <wf lemma="冒険" pos="X">冒険</wf>
         <wf lemma="." pos="X">.</wf>
      </sentence>
      <sentence id="d000.s7021" source="wordnet-japanese">
         <wf lemma="高地" pos="X">高地</wf>
         <wf lemma="で" pos="X">で</wf>
         <wf lemma="は" pos="X">は</wf>
         <wf lemma="空気" pos="X">空気</wf>
         <wf lemma="は" pos="X">は</wf>
         <instance id="d000.s7021.t000" lemma="薄い" pos="ADJ">薄い</instance>
         <wf lemma="." pos="X">.</wf>
      </sentence>
      <sentence id="d000.s7022" source="wordnet-japanese">
         <instance id="d000.s7022.t000" lemma="知的" pos="ADJ">知的</instance>
         <wf lemma="な" pos="X">な</wf>
         <wf lemma="ドラマ" pos="X">ドラマ</wf>
         <wf lemma="." pos="X">.</wf>
      </sentence>
      <sentence id="d000.s7023" source="wordnet-japanese">
         <instance id="d000.s7023.t000" lemma="センセーション" pos="NOUN">センセーション</instance>
         <wf lemma="を" pos="X">を</wf>
         <wf lemma="引き起こし" pos="X">引き起こし</wf>
         <wf lemma="た" pos="X">た</wf>
         <wf lemma="ニュース" pos="X">ニュース</wf>
         <wf lemma="." pos="X">.</wf>
      </sentence>
      <sentence id="d000.s7024" source="wordnet-japanese">
         <instance id="d000.s7024.t000" lemma="赤ん坊" pos="NOUN">赤ん坊</instance>
         <wf lemma="は" pos="X">は</wf>
         <wf lemma="再び" pos="X">再び</wf>
         <wf lemma="泣き" pos="X">泣き</wf>
         <wf lemma="始め" pos="X">始め</wf>
         <wf lemma="た" pos="X">た</wf>
         <wf lemma="." pos="X">.</wf>
      </sentence>
      <sentence id="d000.s7025" source="wordnet-japanese">
         <instance id="d000.s7025.t000" lemma="新鮮" pos="ADJ">新鮮</instance>
         <wf lemma="な" pos="X">な</wf>
         <wf lemma="レタス" pos="X">レタス</wf>
         <wf lemma="." pos="X">.</wf>
      </sentence>
      <sentence id="d000.s7026" source="wordnet-japanese">
         <wf lemma="心臓" pos="X">心臓</wf>
         <instance id="d000.s7026.t000" lemma="移植" pos="NOUN">移植</instance>
         <wf lemma="の" pos="X">の</wf>
         <wf lemma="長期" pos="X">長期</wf>
         <wf lemma="結果" pos="X">結果</wf>
         <wf lemma="は" pos="X">は</wf>
         <wf lemma="今" pos="X">今</wf>
         <wf lemma="優秀" pos="X">優秀</wf>
         <wf lemma="である" pos="X">である</wf>
         <wf lemma="." pos="X">.</wf>
      </sentence>
      <sentence id="d000.s7027" source="wordnet-japanese">
         <instance id="d000.s7027.t000" lemma="酷い" pos="ADJ">酷い</instance>
         <wf lemma="死亡" pos="X">死亡</wf>
         <wf lemma="事故" pos="X">事故</wf>
         <wf lemma="." pos="X">.</wf>
      </sentence>
      <sentence id="d000.s7028" source="wordnet-japanese">
         <wf lemma="彼" pos="X">彼</wf>
         <wf lemma="は" pos="X">は</wf>
         <wf lemma="負傷" pos="X">負傷</wf>
         <wf lemma="し" pos="X">し</wf>
         <wf lemma="た" pos="X">た</wf>
         <wf lemma="という" pos="X">という</wf>
         <instance id="d000.s7028.t000" lemma="前提" pos="NOUN">前提</instance>
         <wf lemma="で" pos="X">で</wf>
         <wf lemma="私たち" pos="X">私たち</wf>
         <wf lemma="は" pos="X">は</wf>
         <wf lemma="彼" pos="X">彼</wf>
         <wf lemma="は" pos="X">は</wf>
         <wf lemma="プレー" pos="X">プレー</wf>
         <wf lemma="し" pos="X">し</wf>
         <wf lemma="ない" pos="X">ない</wf>
         <wf lemma="だろ" pos="X">だろ</wf>
         <wf lemma="う" pos="X">う</wf>
         <wf lemma="と" pos="X">と</wf>
         <wf lemma="推論" pos="X">推論</wf>
         <wf lemma="し" pos="X">し</wf>
         <wf lemma="た" pos="X">た</wf>
         <wf lemma="." pos="X">.</wf>
      </sentence>
      <sentence id="d000.s7029" source="wordnet-japanese">
         <wf lemma="彼" pos="X">彼</wf>
         <wf lemma="は" pos="X">は</wf>
         <wf lemma="彼" pos="X">彼</wf>
         <wf lemma="の" pos="X">の</wf>
         <wf lemma="コンパス" pos="X">コンパス</wf>
         <wf lemma="の" pos="X">の</wf>
         <instance id="d000.s7029.t000" lemma="精度" pos="NOUN">精度</instance>
         <wf lemma="を" pos="X">を</wf>
         <wf lemma="疑い" pos="X">疑い</wf>
         <wf lemma="始め" pos="X">始め</wf>
         <wf lemma="て" pos="X">て</wf>
         <wf lemma="い" pos="X">い</wf>
         <wf lemma="た" pos="X">た</wf>
         <wf lemma="." pos="X">.</wf>
      </sentence>
      <sentence id="d000.s7030" source="wordnet-japanese">
         <wf lemma="操作" pos="X">操作</wf>
         <instance id="d000.s7030.t000" lemma="可能" pos="ADJ">可能</instance>
         <wf lemma="な" pos="X">な</wf>
         <wf lemma="計画" pos="X">計画</wf>
         <wf lemma="." pos="X">.</wf>
      </sentence>
      <sentence id="d000.s7031" source="wordnet-japanese">
         <instance id="d000.s7031.t000" lemma="繰り返し" pos="ADV">繰り返し</instance>
         <wf lemma="それ" pos="X">それ</wf>
         <wf lemma="を" pos="X">を</wf>
         <wf lemma="洗わ" pos="X">洗わ</wf>
         <wf lemma="なけれ" pos="X">なけれ</wf>
         <wf lemma="ば" pos="X">ば</wf>
         <wf lemma="いけ" pos="X">いけ</wf>
         <wf lemma="ない" pos="X">ない</wf>
         <wf lemma="." pos="X">.</wf>
      </sentence>
      <sentence id="d000.s7032" source="wordnet-japanese">
         <instance id="d000.s7032.t000" lemma="高い" pos="ADJ">高い</instance>
         <wf lemma="天井" pos="X">天井</wf>
         <wf lemma="." pos="X">.</wf>
      </sentence>
      <sentence id="d000.s7033" source="wordnet-japanese">
         <wf lemma="トム" pos="X">トム</wf>
         <wf lemma="と" pos="X">と</wf>
         <wf lemma="デイック" pos="X">デイック</wf>
         <wf lemma="は" pos="X">は</wf>
         <wf lemma="2" pos="X">2</wf>
         <wf lemma="人" pos="X">人</wf>
         <wf lemma="と" pos="X">と</wf>
         <wf lemma="も" pos="X">も</wf>
         <wf lemma="英雄" pos="X">英雄</wf>
         <wf lemma="だっ" pos="X">だっ</wf>
         <wf lemma="た" pos="X">た</wf>
         <wf lemma="が" pos="X">が</wf>
         <wf lemma="、" pos="X">、</wf>
         <wf lemma="今" pos="X">今</wf>
         <wf lemma="でも" pos="X">でも</wf>
         <wf lemma="覚え" pos="X">覚え</wf>
         <wf lemma="られ" pos="X">られ</wf>
         <wf lemma="て" pos="X">て</wf>
         <wf lemma="いる" pos="X">いる</wf>
         <wf lemma="の" pos="X">の</wf>
         <wf lemma="は" pos="X">は</wf>
         <instance id="d000.s7033.t000" lemma="前者" pos="NOUN">前者</instance>
         <wf lemma="の" pos="X">の</wf>
         <wf lemma="ほうだ" pos="X">ほうだ</wf>
         <wf lemma="." pos="X">.</wf>
      </sentence>
      <sentence id="d000.s7034" source="wordnet-japanese">
         <wf lemma="バイオレンス" pos="X">バイオレンス</wf>
         <wf lemma="である" pos="X">である</wf>
         <wf lemma="が" pos="X">が</wf>
         <wf lemma="、" pos="X">、</wf>
         <wf lemma="彼" pos="X">彼</wf>
         <wf lemma="の" pos="X">の</wf>
         <wf lemma="美意識" pos="X">美意識</wf>
         <wf lemma="で" pos="X">で</wf>
         <wf lemma="は" pos="X">は</wf>
         <wf lemma="まったく" pos="X">まったく</wf>
         <instance id="d000.s7034.t000" lemma="家庭的" pos="ADJ">家庭的</instance>
         <wf lemma="な" pos="X">な</wf>
         <wf lemma="小説" pos="X">小説</wf>
         <wf lemma="の" pos="X">の</wf>
         <wf lemma="著者" pos="X">著者</wf>
         <wf lemma="." pos="X">.</wf>
      </sentence>
      <sentence id="d000.s7035" source="wordnet-japanese">
         <wf lemma="ひどい" pos="X">ひどい</wf>
         <wf lemma="運命" pos="X">運命</wf>
         <wf lemma="に" pos="X">に</wf>
         <instance id="d000.s7035.t000" lemma="苦しむ" pos="VERB">苦しみ</instance>
         <wf lemma="なさい" pos="X">なさい</wf>
         <wf lemma="." pos="X">.</wf>
      </sentence>
      <sentence id="d000.s7036" source="wordnet-japanese">
         <wf lemma="彼女" pos="X">彼女</wf>
         <wf lemma="は" pos="X">は</wf>
         <wf lemma="自分" pos="X">自分</wf>
         <wf lemma="の" pos="X">の</wf>
         <wf lemma="ボランティア" pos="X">ボランティア</wf>
         <wf lemma="活動" pos="X">活動</wf>
         <wf lemma="から" pos="X">から</wf>
         <instance id="d000.s7036.t000" lemma="特別" pos="ADJ">特別</instance>
         <wf lemma="な" pos="X">な</wf>
         <wf lemma="（" pos="X">（</wf>
         <wf lemma="または" pos="X">または</wf>
         <wf lemma="格別" pos="X">格別</wf>
         <wf lemma="の" pos="X">の</wf>
         <wf lemma="）" pos="X">）</wf>
         <wf lemma="満足" pos="X">満足</wf>
         <wf lemma="を" pos="X">を</wf>
         <wf lemma="得" pos="X">得</wf>
         <wf lemma="て" pos="X">て</wf>
         <wf lemma="いる" pos="X">いる</wf>
         <wf lemma="." pos="X">.</wf>
      </sentence>
      <sentence id="d000.s7037" source="wordnet-japanese">
         <instance id="d000.s7037.t000" lemma="科学的" pos="ADJ">科学的</instance>
         <wf lemma="な" pos="X">な</wf>
         <wf lemma="アプローチ" pos="X">アプローチ</wf>
         <wf lemma="." pos="X">.</wf>
      </sentence>
      <sentence id="d000.s7038" source="wordnet-japanese">
         <wf lemma="つぼみ" pos="X">つぼみ</wf>
         <wf lemma="が" pos="X">が</wf>
         <wf lemma="出" pos="X">出</wf>
         <wf lemma="て" pos="X">て</wf>
         <wf lemma="くる" pos="X">くる</wf>
         <wf lemma="の" pos="X">の</wf>
         <wf lemma="は" pos="X">は</wf>
         <instance id="d000.s7038.t000" lemma="春" pos="NOUN">春</instance>
         <wf lemma="の" pos="X">の</wf>
         <wf lemma="確か" pos="X">確か</wf>
         <wf lemma="なしる" pos="X">なしる</wf>
         <wf lemma="し" pos="X">し</wf>
         <wf lemma="だっ" pos="X">だっ</wf>
         <wf lemma="た" pos="X">た</wf>
         <wf lemma="." pos="X">.</wf>
      </sentence>
      <sentence id="d000.s7039" source="wordnet-japanese">
         <wf lemma="彼" pos="X">彼</wf>
         <wf lemma="にとって" pos="X">にとって</wf>
         <wf lemma="二" pos="X">二</wf>
         <wf lemma="番目" pos="X">番目</wf>
         <wf lemma="は" pos="X">は</wf>
         <wf lemma="なん" pos="X">なん</wf>
         <wf lemma="の" pos="X">の</wf>
         <instance id="d000.s7039.t000" lemma="慰め" pos="NOUN">慰め</instance>
         <wf lemma="に" pos="X">に</wf>
         <wf lemma="も" pos="X">も</wf>
         <wf lemma="なら" pos="X">なら</wf>
         <wf lemma="なかっ" pos="X">なかっ</wf>
         <wf lemma="た" pos="X">た</wf>
         <wf lemma="." pos="X">.</wf>
      </sentence>
      <sentence id="d000.s7040" source="wordnet-japanese">
         <wf lemma="彼女" pos="X">彼女</wf>
         <wf lemma="は" pos="X">は</wf>
         <wf lemma="現代" pos="X">現代</wf>
         <wf lemma="音楽" pos="X">音楽</wf>
         <wf lemma="で" pos="X">で</wf>
         <wf lemma="重要" pos="X">重要</wf>
         <wf lemma="な" pos="X">な</wf>
         <instance id="d000.s7040.t000" lemma="人物" pos="NOUN">人物</instance>
         <wf lemma="である" pos="X">である</wf>
         <wf lemma="." pos="X">.</wf>
      </sentence>
      <sentence id="d000.s7041" source="wordnet-japanese">
         <wf lemma="エベレスト" pos="X">エベレスト</wf>
         <wf lemma="山" pos="X">山</wf>
         <wf lemma="に" pos="X">に</wf>
         <wf lemma="登る" pos="X">登る</wf>
         <wf lemma="という" pos="X">という</wf>
         <instance id="d000.s7041.t000" lemma="無謀" pos="ADJ">無謀</instance>
         <wf lemma="な" pos="X">な</wf>
         <wf lemma="試み" pos="X">試み</wf>
         <wf lemma="." pos="X">.</wf>
      </sentence>
      <sentence id="d000.s7042" source="wordnet-japanese">
         <instance id="d000.s7042.t000" lemma="慎重" pos="ADJ">慎重</instance>
         <wf lemma="な" pos="X">な</wf>
         <wf lemma="統治者" pos="X">統治者</wf>
         <wf lemma="." pos="X">.</wf>
      </sentence>
      <sentence id="d000.s7043" source="wordnet-japanese">
         <wf lemma="彼" pos="X">彼</wf>
         <wf lemma="は" pos="X">は</wf>
         <wf lemma="、" pos="X">、</wf>
         <wf lemma="神経質" pos="X">神経質</wf>
         <wf lemma="な" pos="X">な</wf>
         <instance id="d000.s7043.t000" lemma="口調" pos="NOUN">口調</instance>
         <wf lemma="で" pos="X">で</wf>
         <wf lemma="話し" pos="X">話し</wf>
         <wf lemma="た" pos="X">た</wf>
         <wf lemma="." pos="X">.</wf>
      </sentence>
      <sentence id="d000.s7044" source="wordnet-japanese">
         <wf lemma="彼" pos="X">彼</wf>
         <wf lemma="は" pos="X">は</wf>
         <wf lemma="自分" pos="X">自分</wf>
         <wf lemma="の" pos="X">の</wf>
         <instance id="d000.s7044.t000" lemma="能力" pos="NOUN">能力</instance>
         <wf lemma="の" pos="X">の</wf>
         <wf lemma="限界" pos="X">限界</wf>
         <wf lemma="まで" pos="X">まで</wf>
         <wf lemma="働い" pos="X">働い</wf>
         <wf lemma="た" pos="X">た</wf>
         <wf lemma="." pos="X">.</wf>
      </sentence>
      <sentence id="d000.s7045" source="wordnet-japanese">
         <wf lemma="フランス" pos="X">フランス</wf>
         <wf lemma="の" pos="X">の</wf>
         <wf lemma="心" pos="X">心</wf>
         <wf lemma="と" pos="X">と</wf>
         <wf lemma="気分" pos="X">気分</wf>
         <wf lemma="へ" pos="X">へ</wf>
         <wf lemma="の" pos="X">の</wf>
         <wf lemma="本当に" pos="X">本当に</wf>
         <instance id="d000.s7045.t000" lemma="異質" pos="ADJ">異質</instance>
         <wf lemma="な" pos="X">な</wf>
         <wf lemma="神秘" pos="X">神秘</wf>
         <wf lemma="体験" pos="X">体験</wf>
         <wf lemma="." pos="X">.</wf>
      </sentence>
      <sentence id="d000.s7046" source="wordnet-japanese">
         <wf lemma="胃" pos="X">胃</wf>
         <wf lemma="の" pos="X">の</wf>
         <instance id="d000.s7046.t000" lemma="基底" pos="NOUN">基底</instance>
         <wf lemma="部" pos="X">部</wf>
         <wf lemma="." pos="X">.</wf>
      </sentence>
      <sentence id="d000.s7047" source="wordnet-japanese">
         <wf lemma="プレーヤー" pos="X">プレーヤー</wf>
         <wf lemma="は" pos="X">は</wf>
         <wf lemma="前" pos="X">前</wf>
         <wf lemma="もっ" pos="X">もっ</wf>
         <wf lemma="て" pos="X">て</wf>
         <instance id="d000.s7047.t000" lemma="コート" pos="NOUN">コート</instance>
         <wf lemma="を" pos="X">を</wf>
         <wf lemma="予約" pos="X">予約</wf>
         <wf lemma="し" pos="X">し</wf>
         <wf lemma="なく" pos="X">なく</wf>
         <wf lemma="て" pos="X">て</wf>
         <wf lemma="は" pos="X">は</wf>
         <wf lemma="なら" pos="X">なら</wf>
         <wf lemma="なかっ" pos="X">なかっ</wf>
         <wf lemma="た" pos="X">た</wf>
         <wf lemma="." pos="X">.</wf>
      </sentence>
      <sentence id="d000.s7048" source="wordnet-japanese">
         <wf lemma="エルサレム" pos="X">エルサレム</wf>
         <wf lemma="の" pos="X">の</wf>
         <wf lemma="住民" pos="X">住民</wf>
         <wf lemma="は" pos="X">は</wf>
         <wf lemma="、" pos="X">、</wf>
         <wf lemma="『" pos="X">『</wf>
         <instance id="d000.s7048.t000" lemma="シオン" pos="NOUN">シオン</instance>
         <wf lemma="の" pos="X">の</wf>
         <wf lemma="娘" pos="X">娘</wf>
         <wf lemma="』" pos="X">』</wf>
         <wf lemma="と" pos="X">と</wf>
         <wf lemma="し" pos="X">し</wf>
         <wf lemma="て" pos="X">て</wf>
         <wf lemma="象徴" pos="X">象徴</wf>
         <wf lemma="さ" pos="X">さ</wf>
         <wf lemma="れる" pos="X">れる</wf>
         <wf lemma="." pos="X">.</wf>
      </sentence>
      <sentence id="d000.s7049" source="wordnet-japanese">
         <wf lemma="文化" pos="X">文化</wf>
         <wf lemma="の" pos="X">の</wf>
         <instance id="d000.s7049.t000" lemma="発展" pos="NOUN">発展</instance>
         <wf lemma="." pos="X">.</wf>
      </sentence>
      <sentence id="d000.s7050" source="wordnet-japanese">
         <wf lemma="その" pos="X">その</wf>
         <instance id="d000.s7050.t000" lemma="変化" pos="NOUN">変化</instance>
         <wf lemma="は" pos="X">は</wf>
         <wf lemma="売り上げ" pos="X">売り上げ</wf>
         <wf lemma="を" pos="X">を</wf>
         <wf lemma="増やす" pos="X">増やす</wf>
         <wf lemma="ため" pos="X">ため</wf>
         <wf lemma="だっ" pos="X">だっ</wf>
         <wf lemma="た" pos="X">た</wf>
         <wf lemma="." pos="X">.</wf>
      </sentence>
      <sentence id="d000.s7051" source="wordnet-japanese">
         <wf lemma="起こり" pos="X">起こり</wf>
         <wf lemma="うる" pos="X">うる</wf>
         <instance id="d000.s7051.t000" lemma="最悪" pos="NOUN">最悪</instance>
         <wf lemma="の" pos="X">の</wf>
         <wf lemma="事態" pos="X">事態</wf>
         <wf lemma="." pos="X">.</wf>
      </sentence>
      <sentence id="d000.s7052" source="wordnet-japanese">
         <wf lemma="スキムミルク" pos="X">スキムミルク</wf>
         <wf lemma="は" pos="X">は</wf>
         <wf lemma="全乳" pos="X">全乳</wf>
         <wf lemma="より" pos="X">より</wf>
         <wf lemma="は" pos="X">は</wf>
         <wf lemma="るか" pos="X">るか</wf>
         <wf lemma="に" pos="X">に</wf>
         <instance id="d000.s7052.t000" lemma="薄い" pos="ADJ">薄い</instance>
         <wf lemma="." pos="X">.</wf>
      </sentence>
      <sentence id="d000.s7053" source="wordnet-japanese">
         <wf lemma="警察官" pos="X">警察官</wf>
         <wf lemma="が" pos="X">が</wf>
         <wf lemma="やっ" pos="X">やっ</wf>
         <wf lemma="て" pos="X">て</wf>
         <wf lemma="き" pos="X">き</wf>
         <wf lemma="た" pos="X">た</wf>
         <wf lemma="とき" pos="X">とき</wf>
         <wf lemma="、" pos="X">、</wf>
         <wf lemma="彼女" pos="X">彼女</wf>
         <wf lemma="は" pos="X">は</wf>
         <wf lemma="子供" pos="X">子供</wf>
         <wf lemma="を" pos="X">を</wf>
         <instance id="d000.s7053.t000" lemma="押し上げる" pos="VERB">押し上げ</instance>
         <wf lemma="た" pos="X">た</wf>
         <wf lemma="." pos="X">.</wf>
      </sentence>
      <sentence id="d000.s7054" source="wordnet-japanese">
         <wf lemma="それ" pos="X">それ</wf>
         <wf lemma="は" pos="X">は</wf>
         <wf lemma="私" pos="X">私</wf>
         <wf lemma="の" pos="X">の</wf>
         <instance id="d000.s7054.t000" lemma="時間" pos="NOUN">時間</instance>
         <wf lemma="の" pos="X">の</wf>
         <wf lemma="半分" pos="X">半分</wf>
         <wf lemma="以上" pos="X">以上</wf>
         <wf lemma="を" pos="X">を</wf>
         <wf lemma="費やし" pos="X">費やし</wf>
         <wf lemma="た" pos="X">た</wf>
         <wf lemma="." pos="X">.</wf>
      </sentence>
      <sentence id="d000.s7055" source="wordnet-japanese">
         <wf lemma="毎週" pos="X">毎週</wf>
         <wf lemma="私" pos="X">私</wf>
         <wf lemma="に" pos="X">に</wf>
         <wf lemma="手紙" pos="X">手紙</wf>
         <wf lemma="を" pos="X">を</wf>
         <instance id="d000.s7055.t000" lemma="書く" pos="VERB">書い</instance>
         <wf lemma="て" pos="X">て</wf>
         <wf lemma="ください" pos="X">ください</wf>
         <wf lemma="." pos="X">.</wf>
      </sentence>
      <sentence id="d000.s7056" source="wordnet-japanese">
         <wf lemma="食べ物" pos="X">食べ物</wf>
         <wf lemma="を" pos="X">を</wf>
         <instance id="d000.s7056.t000" lemma="噛む" pos="VERB">噛ん</instance>
         <wf lemma="で" pos="X">で</wf>
         <wf lemma="下さい" pos="X">下さい</wf>
         <wf lemma="、" pos="X">、</wf>
         <wf lemma="飲み込ま" pos="X">飲み込ま</wf>
         <wf lemma="ない" pos="X">ない</wf>
         <wf lemma="で" pos="X">で</wf>
         <wf lemma="下さい" pos="X">下さい</wf>
         <wf lemma="！" pos="X">！</wf>
         <wf lemma="." pos="X">.</wf>
      </sentence>
      <sentence id="d000.s7057" source="wordnet-japanese">
         <wf lemma="彼" pos="X">彼</wf>
         <wf lemma="は" pos="X">は</wf>
         <instance id="d000.s7057.t000" lemma="破壊的" pos="ADV">破壊的</instance>
         <wf lemma="で" pos="X">で</wf>
         <wf lemma="攻撃的" pos="X">攻撃的</wf>
         <wf lemma="で" pos="X">で</wf>
         <wf lemma="ある" pos="X">ある</wf>
         <wf lemma="." pos="X">.</wf>
      </sentence>
      <sentence id="d000.s7058" source="wordnet-japanese">
         <instance id="d000.s7058.t000" lemma="酷い" pos="ADJ">酷い</instance>
         <wf lemma="雨降り" pos="X">雨降り</wf>
         <wf lemma="." pos="X">.</wf>
      </sentence>
      <sentence id="d000.s7059" source="wordnet-japanese">
         <wf lemma="その" pos="X">その</wf>
         <wf lemma="スター" pos="X">スター</wf>
         <wf lemma="は" pos="X">は</wf>
         <wf lemma="危険" pos="X">危険</wf>
         <wf lemma="な" pos="X">な</wf>
         <wf lemma="シーン" pos="X">シーン</wf>
         <wf lemma="の" pos="X">の</wf>
         <wf lemma="ため" pos="X">ため</wf>
         <wf lemma="に" pos="X">に</wf>
         <instance id="d000.s7059.t000" lemma="代役" pos="NOUN">代役</instance>
         <wf lemma="を" pos="X">を</wf>
         <wf lemma="立て" pos="X">立て</wf>
         <wf lemma="た" pos="X">た</wf>
         <wf lemma="." pos="X">.</wf>
      </sentence>
      <sentence id="d000.s7060" source="wordnet-japanese">
         <wf lemma="最初" pos="X">最初</wf>
         <wf lemma="の" pos="X">の</wf>
         <wf lemma="成功" pos="X">成功</wf>
         <wf lemma="は" pos="X">は</wf>
         <wf lemma="、" pos="X">、</wf>
         <wf lemma="3" pos="X">3</wf>
         <wf lemma="日" pos="X">日</wf>
         <wf lemma="後" pos="X">後</wf>
         <wf lemma="に" pos="X">に</wf>
         <instance id="d000.s7060.t000" lemma="来る" pos="VERB">来</instance>
         <wf lemma="た" pos="X">た</wf>
         <wf lemma="." pos="X">.</wf>
      </sentence>
      <sentence id="d000.s7061" source="wordnet-japanese">
         <instance id="d000.s7061.t000" lemma="いつか" pos="ADV">いつか</instance>
         <wf lemma="、" pos="X">、</wf>
         <wf lemma="あなた" pos="X">あなた</wf>
         <wf lemma="は" pos="X">は</wf>
         <wf lemma="私" pos="X">私</wf>
         <wf lemma="の" pos="X">の</wf>
         <wf lemma="行動" pos="X">行動</wf>
         <wf lemma="を" pos="X">を</wf>
         <wf lemma="理解" pos="X">理解</wf>
         <wf lemma="する" pos="X">する</wf>
         <wf lemma="だろ" pos="X">だろ</wf>
         <wf lemma="う" pos="X">う</wf>
         <wf lemma="." pos="X">.</wf>
      </sentence>
      <sentence id="d000.s7062" source="wordnet-japanese">
         <instance id="d000.s7062.t000" lemma="陽気" pos="ADJ">陽気</instance>
         <wf lemma="な" pos="X">な</wf>
         <wf lemma="追跡" pos="X">追跡</wf>
         <wf lemma="." pos="X">.</wf>
      </sentence>
      <sentence id="d000.s7063" source="wordnet-japanese">
         <instance id="d000.s7063.t000" lemma="あそこの" pos="ADJ">あそこの</instance>
         <wf lemma="谷" pos="X">谷</wf>
         <wf lemma="." pos="X">.</wf>
      </sentence>
      <sentence id="d000.s7064" source="wordnet-japanese">
         <wf lemma="私" pos="X">私</wf>
         <wf lemma="の" pos="X">の</wf>
         <wf lemma="敗れ" pos="X">敗れ</wf>
         <wf lemma="た" pos="X">た</wf>
         <wf lemma="コート" pos="X">コート</wf>
         <wf lemma="が" pos="X">が</wf>
         <instance id="d000.s7064.t000" lemma="恥ずかしい" pos="ADJ">恥ずかしい</instance>
         <wf lemma="と" pos="X">と</wf>
         <wf lemma="感じ" pos="X">感じ</wf>
         <wf lemma="た" pos="X">た</wf>
         <wf lemma="." pos="X">.</wf>
      </sentence>
      <sentence id="d000.s7065" source="wordnet-japanese">
         <wf lemma="それ" pos="X">それ</wf>
         <wf lemma="は" pos="X">は</wf>
         <wf lemma="きわどい" pos="X">きわどい</wf>
         <instance id="d000.s7065.t000" lemma="敗北" pos="NOUN">敗北</instance>
         <wf lemma="だっ" pos="X">だっ</wf>
         <wf lemma="た" pos="X">た</wf>
         <wf lemma="." pos="X">.</wf>
      </sentence>
      <sentence id="d000.s7066" source="wordnet-japanese">
         <wf lemma="最大限" pos="X">最大限</wf>
         <wf lemma="の" pos="X">の</wf>
         <wf lemma="推進力" pos="X">推進力</wf>
         <wf lemma="の" pos="X">の</wf>
         <instance id="d000.s7066.t000" lemma="適用" pos="NOUN">適用</instance>
         <wf lemma="." pos="X">.</wf>
      </sentence>
      <sentence id="d000.s7067" source="wordnet-japanese">
         <wf lemma="我々" pos="X">我々</wf>
         <wf lemma="は" pos="X">は</wf>
         <wf lemma="これら" pos="X">これら</wf>
         <wf lemma="の" pos="X">の</wf>
         <wf lemma="質問" pos="X">質問</wf>
         <wf lemma="を" pos="X">を</wf>
         <wf lemma="聞か" pos="X">聞か</wf>
         <wf lemma="れ" pos="X">れ</wf>
         <wf lemma="た" pos="X">た</wf>
         <instance id="d000.s7067.t000" lemma="順序" pos="NOUN">順序</instance>
         <wf lemma="と" pos="X">と</wf>
         <wf lemma="逆" pos="X">逆</wf>
         <wf lemma="の" pos="X">の</wf>
         <wf lemma="順序" pos="X">順序</wf>
         <wf lemma="で" pos="X">で</wf>
         <wf lemma="考える" pos="X">考える</wf>
         <wf lemma="べき" pos="X">べき</wf>
         <wf lemma="だ" pos="X">だ</wf>
         <wf lemma="." pos="X">.</wf>
      </sentence>
      <sentence id="d000.s7068" source="wordnet-japanese">
         <wf lemma="その" pos="X">その</wf>
         <wf lemma="法" pos="X">法</wf>
         <wf lemma="は" pos="X">は</wf>
         <wf lemma="すでに" pos="X">すでに</wf>
         <instance id="d000.s7068.t000" lemma="有効" pos="ADJ">有効</instance>
         <wf lemma="である" pos="X">である</wf>
         <wf lemma="（" pos="X">（</wf>
         <wf lemma="また" pos="X">また</wf>
         <wf lemma="は" pos="X">は</wf>
         <wf lemma="実行" pos="X">実行</wf>
         <wf lemma="さ" pos="X">さ</wf>
         <wf lemma="れ" pos="X">れ</wf>
         <wf lemma="て" pos="X">て</wf>
         <wf lemma="いる" pos="X">いる</wf>
         <wf lemma="）" pos="X">）</wf>
         <wf lemma="." pos="X">.</wf>
      </sentence>
      <sentence id="d000.s7069" source="wordnet-japanese">
         <wf lemma="オオカミ" pos="X">オオカミ</wf>
         <wf lemma="は" pos="X">は</wf>
         <wf lemma="大型犬" pos="X">大型犬</wf>
         <wf lemma="と" pos="X">と</wf>
         <wf lemma="同じ" pos="X">同じ</wf>
         <wf lemma="くらい" pos="X">くらい</wf>
         <wf lemma="の" pos="X">の</wf>
         <wf lemma="な" pos="X">な</wf>
         <instance id="d000.s7069.t000" lemma="大きさ" pos="NOUN">大きさ</instance>
         <wf lemma="で" pos="X">で</wf>
         <wf lemma="ある" pos="X">ある</wf>
         <wf lemma="." pos="X">.</wf>
      </sentence>
      <sentence id="d000.s7070" source="wordnet-japanese">
         <instance id="d000.s7070.t000" lemma="湿気" pos="NOUN">湿気</instance>
         <wf lemma="の" pos="X">の</wf>
         <wf lemma="滴" pos="X">滴</wf>
         <wf lemma="が" pos="X">が</wf>
         <wf lemma="窓" pos="X">窓</wf>
         <wf lemma="の" pos="X">の</wf>
         <wf lemma="上" pos="X">上</wf>
         <wf lemma="で" pos="X">で</wf>
         <wf lemma="きらめい" pos="X">きらめい</wf>
         <wf lemma="て" pos="X">て</wf>
         <wf lemma="い" pos="X">い</wf>
         <wf lemma="た" pos="X">た</wf>
         <wf lemma="." pos="X">.</wf>
      </sentence>
      <sentence id="d000.s7071" source="wordnet-japanese">
         <wf lemma="私" pos="X">私</wf>
         <wf lemma="は" pos="X">は</wf>
         <wf lemma="良い" pos="X">良い</wf>
         <wf lemma="朝食" pos="X">朝食</wf>
         <wf lemma="で" pos="X">で</wf>
         <wf lemma="日" pos="X">日</wf>
         <wf lemma="を" pos="X">を</wf>
         <instance id="d000.s7071.t000" lemma="始める" pos="VERB">始める</instance>
         <wf lemma="." pos="X">.</wf>
      </sentence>
      <sentence id="d000.s7072" source="wordnet-japanese">
         <wf lemma="銅" pos="X">銅</wf>
         <wf lemma="の" pos="X">の</wf>
         <wf lemma="鉱床" pos="X">鉱床</wf>
         <wf lemma="の" pos="X">の</wf>
         <instance id="d000.s7072.t000" lemma="開発" pos="NOUN">開発</instance>
         <wf lemma="." pos="X">.</wf>
      </sentence>
      <sentence id="d000.s7073" source="wordnet-japanese">
         <wf lemma="この" pos="X">この</wf>
         <wf lemma="パイプ" pos="X">パイプ</wf>
         <wf lemma="は" pos="X">は</wf>
         <wf lemma="空気" pos="X">空気</wf>
         <wf lemma="を" pos="X">を</wf>
         <instance id="d000.s7073.t000" lemma="入れる" pos="VERB">入れる</instance>
         <wf lemma="." pos="X">.</wf>
      </sentence>
      <sentence id="d000.s7074" source="wordnet-japanese">
         <instance id="d000.s7074.t000" lemma="汚い" pos="ADJ">汚い</instance>
         <wf lemma="スラム街" pos="X">スラム街</wf>
         <wf lemma="." pos="X">.</wf>
      </sentence>
      <sentence id="d000.s7075" source="wordnet-japanese">
         <wf lemma="ヘレン" pos="X">ヘレン</wf>
         <wf lemma="の" pos="X">の</wf>
         <instance id="d000.s7075.t000" lemma="永遠" pos="ADJ">永遠</instance>
         <wf lemma="の" pos="X">の</wf>
         <wf lemma="美." pos="X">美.</wf>
      </sentence>
      <sentence id="d000.s7076" source="wordnet-japanese">
         <wf lemma="彼" pos="X">彼</wf>
         <wf lemma="は" pos="X">は</wf>
         <instance id="d000.s7076.t000" lemma="同様" pos="ADV">同様</instance>
         <wf lemma="に" pos="X">に</wf>
         <wf lemma="影響" pos="X">影響</wf>
         <wf lemma="を" pos="X">を</wf>
         <wf lemma="受け" pos="X">受け</wf>
         <wf lemma="た" pos="X">た</wf>
         <wf lemma="." pos="X">.</wf>
      </sentence>
      <sentence id="d000.s7077" source="wordnet-japanese">
         <wf lemma="子供" pos="X">子供</wf>
         <wf lemma="たち" pos="X">たち</wf>
         <wf lemma="は" pos="X">は</wf>
         <wf lemma="一日" pos="X">一日</wf>
         <wf lemma="中外" pos="X">中外</wf>
         <wf lemma="で" pos="X">で</wf>
         <instance id="d000.s7077.t000" lemma="遊ぶ" pos="VERB">遊ん</instance>
         <wf lemma="で" pos="X">で</wf>
         <wf lemma="い" pos="X">い</wf>
         <wf lemma="た" pos="X">た</wf>
         <wf lemma="." pos="X">.</wf>
      </sentence>
      <sentence id="d000.s7078" source="wordnet-japanese">
         <instance id="d000.s7078.t000" lemma="確か" pos="ADJ">確か</instance>
         <wf lemma="な" pos="X">な</wf>
         <wf lemma="（" pos="X">（</wf>
         <wf lemma="また" pos="X">また</wf>
         <wf lemma="は" pos="X">は</wf>
         <wf lemma="信頼" pos="X">信頼</wf>
         <wf lemma="さ" pos="X">さ</wf>
         <wf lemma="れる" pos="X">れる</wf>
         <wf lemma="）" pos="X">）</wf>
         <wf lemma="友人" pos="X">友人</wf>
         <wf lemma="." pos="X">.</wf>
      </sentence>
      <sentence id="d000.s7079" source="wordnet-japanese">
         <instance id="d000.s7079.t000" lemma="無味乾燥" pos="ADJ">無味乾燥</instance>
         <wf lemma="な" pos="X">な</wf>
         <wf lemma="鼓動" pos="X">鼓動</wf>
         <wf lemma="." pos="X">.</wf>
      </sentence>
      <sentence id="d000.s7080" source="wordnet-japanese">
         <wf lemma="5" pos="X">5</wf>
         <wf lemma="を" pos="X">を</wf>
         <wf lemma="置い" pos="X">置い</wf>
         <wf lemma="て" pos="X">て</wf>
         <wf lemma="、" pos="X">、</wf>
         <wf lemma="2" pos="X">2</wf>
         <wf lemma="を" pos="X">を</wf>
         <instance id="d000.s7080.t000" lemma="もたらす" pos="VERB">もたらす</instance>
         <wf lemma="." pos="X">.</wf>
      </sentence>
      <sentence id="d000.s7081" source="wordnet-japanese">
         <wf lemma="彼女" pos="X">彼女</wf>
         <wf lemma="を" pos="X">を</wf>
         <wf lemma="手伝っ" pos="X">手伝っ</wf>
         <wf lemma="た" pos="X">た</wf>
         <wf lemma="人" pos="X">人</wf>
         <wf lemma="の" pos="X">の</wf>
         <instance id="d000.s7081.t000" lemma="謝辞" pos="NOUN">謝辞</instance>
         <wf lemma="が" pos="X">が</wf>
         <wf lemma="書か" pos="X">書か</wf>
         <wf lemma="れ" pos="X">れ</wf>
         <wf lemma="た" pos="X">た</wf>
         <wf lemma="序文" pos="X">序文</wf>
         <wf lemma="." pos="X">.</wf>
      </sentence>
      <sentence id="d000.s7082" source="wordnet-japanese">
         <wf lemma="彼" pos="X">彼</wf>
         <wf lemma="にとって" pos="X">にとって</wf>
         <instance id="d000.s7082.t000" lemma="新しい" pos="ADJ">新しい</instance>
         <wf lemma="経験" pos="X">経験</wf>
         <wf lemma="." pos="X">.</wf>
      </sentence>
      <sentence id="d000.s7083" source="wordnet-japanese">
         <wf lemma="彼" pos="X">彼</wf>
         <wf lemma="は" pos="X">は</wf>
         <wf lemma="長生き" pos="X">長生き</wf>
         <wf lemma="し" pos="X">し</wf>
         <wf lemma="て" pos="X">て</wf>
         <wf lemma="自分" pos="X">自分</wf>
         <wf lemma="の" pos="X">の</wf>
         <wf lemma="政策" pos="X">政策</wf>
         <wf lemma="の" pos="X">の</wf>
         <instance id="d000.s7083.t000" lemma="成果" pos="NOUN">成果</instance>
         <wf lemma="を" pos="X">を</wf>
         <wf lemma="見届け" pos="X">見届け</wf>
         <wf lemma="た" pos="X">た</wf>
         <wf lemma="." pos="X">.</wf>
      </sentence>
      <sentence id="d000.s7084" source="wordnet-japanese">
         <wf lemma="彼女" pos="X">彼女</wf>
         <wf lemma="は" pos="X">は</wf>
         <wf lemma="、" pos="X">、</wf>
         <wf lemma="非常" pos="X">非常</wf>
         <wf lemma="に" pos="X">に</wf>
         <instance id="d000.s7084.t000" lemma="感動的" pos="ADJ">感動的</instance>
         <wf lemma="な" pos="X">な</wf>
         <wf lemma="手紙" pos="X">手紙</wf>
         <wf lemma="において" pos="X">において</wf>
         <wf lemma="、" pos="X">、</wf>
         <wf lemma="彼" pos="X">彼</wf>
         <wf lemma="の" pos="X">の</wf>
         <wf lemma="前" pos="X">前</wf>
         <wf lemma="に" pos="X">に</wf>
         <wf lemma="貧困" pos="X">貧困</wf>
         <wf lemma="状況" pos="X">状況</wf>
         <wf lemma="を" pos="X">を</wf>
         <wf lemma="置い" pos="X">置い</wf>
         <wf lemma="た" pos="X">た</wf>
         <wf lemma="−" pos="X">−</wf>
         <wf lemma="N" pos="X">N</wf>
         <wf lemma="." pos="X">.</wf>
         <wf lemma="ホーソーン" pos="X">ホーソーン</wf>
         <wf lemma="." pos="X">.</wf>
      </sentence>
      <sentence id="d000.s7085" source="wordnet-japanese">
         <wf lemma="彼" pos="X">彼</wf>
         <wf lemma="の" pos="X">の</wf>
         <wf lemma="告訴" pos="X">告訴</wf>
         <wf lemma="へ" pos="X">へ</wf>
         <wf lemma="の" pos="X">の</wf>
         <instance id="d000.s7085.t000" lemma="反論" pos="NOUN">反論</instance>
         <wf lemma="は" pos="X">は</wf>
         <wf lemma="、" pos="X">、</wf>
         <wf lemma="短く" pos="X">短く</wf>
         <wf lemma="て" pos="X">て</wf>
         <wf lemma="、" pos="X">、</wf>
         <wf lemma="説得力" pos="X">説得力</wf>
         <wf lemma="が" pos="X">が</wf>
         <wf lemma="あっ" pos="X">あっ</wf>
         <wf lemma="た" pos="X">た</wf>
         <wf lemma="." pos="X">.</wf>
      </sentence>
      <sentence id="d000.s7086" source="wordnet-japanese">
         <instance id="d000.s7086.t000" lemma="ちなみに" pos="ADV">ちなみに</instance>
         <wf lemma="、" pos="X">、</wf>
         <wf lemma="私" pos="X">私</wf>
         <wf lemma="は" pos="X">は</wf>
         <wf lemma="パーティー" pos="X">パーティー</wf>
         <wf lemma="に" pos="X">に</wf>
         <wf lemma="行か" pos="X">行か</wf>
         <wf lemma="ない" pos="X">ない</wf>
         <wf lemma="." pos="X">.</wf>
      </sentence>
      <sentence id="d000.s7087" source="wordnet-japanese">
         <wf lemma="彼" pos="X">彼</wf>
         <wf lemma="は" pos="X">は</wf>
         <wf lemma="膝" pos="X">膝</wf>
         <wf lemma="の" pos="X">の</wf>
         <wf lemma="上" pos="X">上</wf>
         <wf lemma="に" pos="X">に</wf>
         <wf lemma="顔" pos="X">顔</wf>
         <wf lemma="を" pos="X">を</wf>
         <instance id="d000.s7087.t000" lemma="沈める" pos="VERB">沈め</instance>
         <wf lemma="た" pos="X">た</wf>
         <wf lemma="." pos="X">.</wf>
      </sentence>
      <sentence id="d000.s7088" source="wordnet-japanese">
         <wf lemma="その" pos="X">その</wf>
         <wf lemma="会合" pos="X">会合</wf>
         <wf lemma="の" pos="X">の</wf>
         <wf lemma="委員長" pos="X">委員長</wf>
         <wf lemma="へ" pos="X">へ</wf>
         <wf lemma="電話" pos="X">電話</wf>
         <wf lemma="する" pos="X">する</wf>
         <wf lemma="こと" pos="X">こと</wf>
         <wf lemma="を" pos="X">を</wf>
         <instance id="d000.s7088.t000" lemma="忘れる" pos="VERB">忘れる</instance>
         <wf lemma="な." pos="X">な.</wf>
      </sentence>
      <sentence id="d000.s7089" source="wordnet-japanese">
         <wf lemma="すべて" pos="X">すべて</wf>
         <wf lemma="の" pos="X">の</wf>
         <wf lemma="読書" pos="X">読書</wf>
         <wf lemma="資材" pos="X">資材</wf>
         <wf lemma="を" pos="X">を</wf>
         <wf lemma="対象" pos="X">対象</wf>
         <wf lemma="と" pos="X">と</wf>
         <wf lemma="する" pos="X">する</wf>
         <instance id="d000.s7089.t000" lemma="努力" pos="NOUN">努力</instance>
         <wf lemma="を" pos="X">を</wf>
         <wf lemma="する" pos="X">する</wf>
         <wf lemma="." pos="X">.</wf>
      </sentence>
      <sentence id="d000.s7090" source="wordnet-japanese">
         <wf lemma="犬" pos="X">犬</wf>
         <wf lemma="に" pos="X">に</wf>
         <wf lemma="は" pos="X">は</wf>
         <wf lemma="、" pos="X">、</wf>
         <wf lemma="におい" pos="X">におい</wf>
         <wf lemma="に対し" pos="X">に対し</wf>
         <wf lemma="、" pos="X">、</wf>
         <wf lemma="卓越" pos="X">卓越</wf>
         <wf lemma="し" pos="X">し</wf>
         <wf lemma="た" pos="X">た</wf>
         <instance id="d000.s7090.t000" lemma="鋭さ" pos="NOUN">鋭さ</instance>
         <wf lemma="が" pos="X">が</wf>
         <wf lemma="ある" pos="X">ある</wf>
         <wf lemma="." pos="X">.</wf>
      </sentence>
      <sentence id="d000.s7091" source="wordnet-japanese">
         <instance id="d000.s7091.t000" lemma="音" pos="NOUN">音</instance>
         <wf lemma="で" pos="X">で</wf>
         <wf lemma="彼ら" pos="X">彼ら</wf>
         <wf lemma="は" pos="X">は</wf>
         <wf lemma="起こさ" pos="X">起こさ</wf>
         <wf lemma="れ" pos="X">れ</wf>
         <wf lemma="た" pos="X">た</wf>
         <wf lemma="." pos="X">.</wf>
      </sentence>
      <sentence id="d000.s7092" source="wordnet-japanese">
         <wf lemma="私" pos="X">私</wf>
         <wf lemma="の" pos="X">の</wf>
         <wf lemma="所有地" pos="X">所有地</wf>
         <wf lemma="は" pos="X">は</wf>
         <wf lemma="低木" pos="X">低木</wf>
         <wf lemma="の" pos="X">の</wf>
         <wf lemma="そば" pos="X">そば</wf>
         <wf lemma="で" pos="X">で</wf>
         <instance id="d000.s7092.t000" lemma="終わる" pos="VERB">終わる</instance>
         <wf lemma="." pos="X">.</wf>
      </sentence>
      <sentence id="d000.s7093" source="wordnet-japanese">
         <wf lemma="議会" pos="X">議会</wf>
         <wf lemma="の" pos="X">の</wf>
         <instance id="d000.s7093.t000" lemma="支部" pos="NOUN">支部</instance>
         <wf lemma="." pos="X">.</wf>
      </sentence>
      <sentence id="d000.s7094" source="wordnet-japanese">
         <wf lemma="それ" pos="X">それ</wf>
         <wf lemma="は" pos="X">は</wf>
         <wf lemma="報復" pos="X">報復</wf>
         <wf lemma="の" pos="X">の</wf>
         <instance id="d000.s7094.t000" lemma="方針" pos="NOUN">方針</instance>
         <wf lemma="だっ" pos="X">だっ</wf>
         <wf lemma="た" pos="X">た</wf>
         <wf lemma="." pos="X">.</wf>
      </sentence>
      <sentence id="d000.s7095" source="wordnet-japanese">
         <wf lemma="私" pos="X">私</wf>
         <wf lemma="たち" pos="X">たち</wf>
         <wf lemma="は" pos="X">は</wf>
         <instance id="d000.s7095.t000" lemma="当分" pos="ADV">当分</instance>
         <wf lemma="の" pos="X">の</wf>
         <wf lemma="間止" pos="X">間止</wf>
         <wf lemma="まる" pos="X">まる</wf>
         <wf lemma="つもり" pos="X">つもり</wf>
         <wf lemma="である" pos="X">である</wf>
         <wf lemma="." pos="X">.</wf>
      </sentence>
      <sentence id="d000.s7096" source="wordnet-japanese">
         <wf lemma="彼ら" pos="X">彼ら</wf>
         <wf lemma="は" pos="X">は</wf>
         <wf lemma="神" pos="X">神</wf>
         <wf lemma="の" pos="X">の</wf>
         <wf lemma="崇拝" pos="X">崇拝</wf>
         <wf lemma="の" pos="X">の</wf>
         <instance id="d000.s7096.t000" lemma="賛美" pos="NOUN">賛美</instance>
         <wf lemma="歌" pos="X">歌</wf>
         <wf lemma="を" pos="X">を</wf>
         <wf lemma="歌っ" pos="X">歌っ</wf>
         <wf lemma="た" pos="X">た</wf>
         <wf lemma="." pos="X">.</wf>
      </sentence>
      <sentence id="d000.s7097" source="wordnet-japanese">
         <instance id="d000.s7097.t000" lemma="本当に" pos="ADV">本当に</instance>
         <wf lemma="楽しい" pos="X">楽しい</wf>
         <wf lemma="晩" pos="X">晩</wf>
         <wf lemma="." pos="X">.</wf>
      </sentence>
      <sentence id="d000.s7098" source="wordnet-japanese">
         <wf lemma="神" pos="X">神</wf>
         <wf lemma="が" pos="X">が</wf>
         <wf lemma="あなた" pos="X">あなた</wf>
         <wf lemma="の" pos="X">の</wf>
         <wf lemma="罪" pos="X">罪</wf>
         <wf lemma="を" pos="X">を</wf>
         <instance id="d000.s7098.t000" lemma="取り去る" pos="VERB">取り去る</instance>
         <wf lemma="." pos="X">.</wf>
      </sentence>
      <sentence id="d000.s7099" source="wordnet-japanese">
         <wf lemma="その" pos="X">その</wf>
         <wf lemma="貯水池" pos="X">貯水池</wf>
         <wf lemma="は" pos="X">は</wf>
         <wf lemma="水位" pos="X">水位</wf>
         <wf lemma="が" pos="X">が</wf>
         <instance id="d000.s7099.t000" lemma="低い" pos="ADJ">低い</instance>
         <wf lemma="." pos="X">.</wf>
      </sentence>
      <sentence id="d000.s7100" source="wordnet-japanese">
         <wf lemma="本" pos="X">本</wf>
         <wf lemma="は" pos="X">は</wf>
         <instance id="d000.s7100.t000" lemma="根本的" pos="ADJ">根本的</instance>
         <wf lemma="な" pos="X">な</wf>
         <wf lemma="変化" pos="X">変化</wf>
         <wf lemma="を" pos="X">を</wf>
         <wf lemma="受け" pos="X">受け</wf>
         <wf lemma="た" pos="X">た</wf>
         <wf lemma="." pos="X">.</wf>
      </sentence>
      <sentence id="d000.s7101" source="wordnet-japanese">
         <wf lemma="木" pos="X">木</wf>
         <wf lemma="の" pos="X">の</wf>
         <wf lemma="日陰" pos="X">日陰</wf>
         <wf lemma="を" pos="X">を</wf>
         <instance id="d000.s7101.t000" lemma="有難い" pos="ADJ">有難い</instance>
         <wf lemma="と" pos="X">と</wf>
         <wf lemma="思う" pos="X">思う</wf>
         <wf lemma="." pos="X">.</wf>
      </sentence>
      <sentence id="d000.s7102" source="wordnet-japanese">
         <wf lemma="彼" pos="X">彼</wf>
         <wf lemma="の" pos="X">の</wf>
         <wf lemma="考え" pos="X">考え</wf>
         <wf lemma="が" pos="X">が</wf>
         <wf lemma="アメリカ" pos="X">アメリカ</wf>
         <wf lemma="人" pos="X">人</wf>
         <wf lemma="の" pos="X">の</wf>
         <instance id="d000.s7102.t000" lemma="主流" pos="NOUN">主流</instance>
         <wf lemma="だっ" pos="X">だっ</wf>
         <wf lemma="た" pos="X">た</wf>
         <wf lemma="." pos="X">.</wf>
      </sentence>
      <sentence id="d000.s7103" source="wordnet-japanese">
         <wf lemma="彼" pos="X">彼</wf>
         <wf lemma="は" pos="X">は</wf>
         <instance id="d000.s7103.t000" lemma="効率的" pos="ADV">効率的</instance>
         <wf lemma="に" pos="X">に</wf>
         <wf lemma="役目" pos="X">役目</wf>
         <wf lemma="を" pos="X">を</wf>
         <wf lemma="果たす" pos="X">果たす</wf>
         <wf lemma="." pos="X">.</wf>
      </sentence>
      <sentence id="d000.s7104" source="wordnet-japanese">
         <wf lemma="貧しい" pos="X">貧しい</wf>
         <wf lemma="人々" pos="X">人々</wf>
         <wf lemma="に" pos="X">に</wf>
         <instance id="d000.s7104.t000" lemma="情け深い" pos="ADJ">情け深く</instance>
         <wf lemma="する" pos="X">する</wf>
         <wf lemma="." pos="X">.</wf>
      </sentence>
      <sentence id="d000.s7105" source="wordnet-japanese">
         <wf lemma="冷淡" pos="X">冷淡</wf>
         <wf lemma="で" pos="X">で</wf>
         <instance id="d000.s7105.t000" lemma="非社交的" pos="ADJ">非社交的</instance>
         <wf lemma="な" pos="X">な</wf>
         <wf lemma="." pos="X">.</wf>
      </sentence>
      <sentence id="d000.s7106" source="wordnet-japanese">
         <wf lemma="その" pos="X">その</wf>
         <wf lemma="話し" pos="X">話し</wf>
         <wf lemma="手" pos="X">手</wf>
         <wf lemma="は" pos="X">は</wf>
         <wf lemma="、" pos="X">、</wf>
         <wf lemma="彼" pos="X">彼</wf>
         <wf lemma="の" pos="X">の</wf>
         <wf lemma="妻" pos="X">妻</wf>
         <wf lemma="に対して" pos="X">に対して</wf>
         <wf lemma="いくつか" pos="X">いくつか</wf>
         <instance id="d000.s7106.t000" lemma="言及" pos="NOUN">言及</instance>
         <wf lemma="を" pos="X">を</wf>
         <wf lemma="し" pos="X">し</wf>
         <wf lemma="た" pos="X">た</wf>
         <wf lemma="." pos="X">.</wf>
      </sentence>
      <sentence id="d000.s7107" source="wordnet-japanese">
         <instance id="d000.s7107.t000" lemma="反社会的" pos="ADJ">反社会的</instance>
         <wf lemma="な" pos="X">な</wf>
         <wf lemma="行為" pos="X">行為</wf>
         <wf lemma="." pos="X">.</wf>
      </sentence>
      <sentence id="d000.s7108" source="wordnet-japanese">
         <instance id="d000.s7108.t000" lemma="新式" pos="ADJ">新式</instance>
         <wf lemma="の" pos="X">の</wf>
         <wf lemma="考え" pos="X">考え</wf>
         <wf lemma="." pos="X">.</wf>
      </sentence>
      <sentence id="d000.s7109" source="wordnet-japanese">
         <wf lemma="彼" pos="X">彼</wf>
         <wf lemma="は" pos="X">は</wf>
         <wf lemma="彼" pos="X">彼</wf>
         <wf lemma="の" pos="X">の</wf>
         <instance id="d000.s7109.t000" lemma="権利" pos="NOUN">権利</instance>
         <wf lemma="を" pos="X">を</wf>
         <wf lemma="主張" pos="X">主張</wf>
         <wf lemma="し" pos="X">し</wf>
         <wf lemma="た" pos="X">た</wf>
         <wf lemma="." pos="X">.</wf>
      </sentence>
      <sentence id="d000.s7110" source="wordnet-japanese">
         <wf lemma="私" pos="X">私</wf>
         <wf lemma="は" pos="X">は</wf>
         <wf lemma="彼" pos="X">彼</wf>
         <wf lemma="の" pos="X">の</wf>
         <wf lemma="一" pos="X">一</wf>
         <instance id="d000.s7110.t000" lemma="生涯" pos="NOUN">生涯</instance>
         <wf lemma="を" pos="X">を</wf>
         <wf lemma="知っ" pos="X">知っ</wf>
         <wf lemma="て" pos="X">て</wf>
         <wf lemma="いる" pos="X">いる</wf>
         <wf lemma="." pos="X">.</wf>
      </sentence>
      <sentence id="d000.s7111" source="wordnet-japanese">
         <wf lemma="彼" pos="X">彼</wf>
         <wf lemma="は" pos="X">は</wf>
         <wf lemma="車" pos="X">車</wf>
         <wf lemma="の" pos="X">の</wf>
         <wf lemma="ラジエータ" pos="X">ラジエータ</wf>
         <wf lemma="により" pos="X">により</wf>
         <wf lemma="多く" pos="X">多く</wf>
         <wf lemma="の" pos="X">の</wf>
         <instance id="d000.s7111.t000" lemma="冷却剤" pos="NOUN">冷却剤</instance>
         <wf lemma="を" pos="X">を</wf>
         <wf lemma="加え" pos="X">加え</wf>
         <wf lemma="た" pos="X">た</wf>
         <wf lemma="." pos="X">.</wf>
      </sentence>
      <sentence id="d000.s7112" source="wordnet-japanese">
         <instance id="d000.s7112.t000" lemma="凶悪" pos="ADJ">凶悪</instance>
         <wf lemma="な" pos="X">な</wf>
         <wf lemma="罪" pos="X">罪</wf>
         <wf lemma="." pos="X">.</wf>
      </sentence>
      <sentence id="d000.s7113" source="wordnet-japanese">
         <wf lemma="労働者" pos="X">労働者</wf>
         <wf lemma="階級" pos="X">階級</wf>
         <wf lemma="の" pos="X">の</wf>
         <wf lemma="資本主義的" pos="X">資本主義的</wf>
         <wf lemma="な" pos="X">な</wf>
         <instance id="d000.s7113.t000" lemma="搾取" pos="NOUN">搾取</instance>
         <wf lemma="." pos="X">.</wf>
      </sentence>
      <sentence id="d000.s7114" source="wordnet-japanese">
         <wf lemma="驚き" pos="X">驚き</wf>
         <wf lemma="の" pos="X">の</wf>
         <instance id="d000.s7114.t000" lemma="滑稽" pos="ADJ">滑稽</instance>
         <wf lemma="な" pos="X">な</wf>
         <wf lemma="表情" pos="X">表情</wf>
         <wf lemma="." pos="X">.</wf>
      </sentence>
      <sentence id="d000.s7115" source="wordnet-japanese">
         <instance id="d000.s7115.t000" lemma="急性" pos="ADJ">急性</instance>
         <wf lemma="の" pos="X">の</wf>
         <wf lemma="患者" pos="X">患者</wf>
         <wf lemma="." pos="X">.</wf>
      </sentence>
      <sentence id="d000.s7116" source="wordnet-japanese">
         <wf lemma="森" pos="X">森</wf>
         <wf lemma="を" pos="X">を</wf>
         <wf lemma="突き" pos="X">突き</wf>
         <wf lemma="破っ" pos="X">破っ</wf>
         <wf lemma="て" pos="X">て</wf>
         <instance id="d000.s7116.t000" lemma="掘る" pos="VERB">掘り</instance>
         <wf lemma="進む" pos="X">進む</wf>
         <wf lemma="." pos="X">.</wf>
      </sentence>
      <sentence id="d000.s7117" source="wordnet-japanese">
         <instance id="d000.s7117.t000" lemma="大きい" pos="ADJ">大きい</instance>
         <wf lemma="眺め" pos="X">眺め</wf>
         <wf lemma="を" pos="X">を</wf>
         <wf lemma="とる" pos="X">とる</wf>
         <wf lemma="." pos="X">.</wf>
      </sentence>
      <sentence id="d000.s7118" source="wordnet-japanese">
         <wf lemma="馬" pos="X">馬</wf>
         <wf lemma="と" pos="X">と</wf>
         <wf lemma="ロバ" pos="X">ロバ</wf>
         <wf lemma="を" pos="X">を</wf>
         <instance id="d000.s7118.t000" lemma="交える" pos="VERB">交える</instance>
         <wf lemma="." pos="X">.</wf>
      </sentence>
      <sentence id="d000.s7119" source="wordnet-japanese">
         <wf lemma="裁判所" pos="X">裁判所</wf>
         <wf lemma="の" pos="X">の</wf>
         <instance id="d000.s7119.t000" lemma="改革" pos="NOUN">改革</instance>
         <wf lemma="前" pos="X">前</wf>
         <wf lemma="は" pos="X">は</wf>
         <wf lemma="、" pos="X">、</wf>
         <wf lemma="正義" pos="X">正義</wf>
         <wf lemma="が" pos="X">が</wf>
         <wf lemma="売り物" pos="X">売り物</wf>
         <wf lemma="だっ" pos="X">だっ</wf>
         <wf lemma="た" pos="X">た</wf>
         <wf lemma="." pos="X">.</wf>
      </sentence>
      <sentence id="d000.s7120" source="wordnet-japanese">
         <wf lemma="バター" pos="X">バター</wf>
         <wf lemma="を" pos="X">を</wf>
         <instance id="d000.s7120.t000" lemma="溶かす" pos="VERB">溶かす</instance>
         <wf lemma="." pos="X">.</wf>
      </sentence>
      <sentence id="d000.s7121" source="wordnet-japanese">
         <wf lemma="強盗" pos="X">強盗</wf>
         <wf lemma="は" pos="X">は</wf>
         <wf lemma="、" pos="X">、</wf>
         <wf lemma="女性" pos="X">女性</wf>
         <wf lemma="を" pos="X">を</wf>
         <instance id="d000.s7121.t000" lemma="襲う" pos="VERB">襲っ</instance>
         <wf lemma="た" pos="X">た</wf>
         <wf lemma="." pos="X">.</wf>
      </sentence>
      <sentence id="d000.s7122" source="wordnet-japanese">
         <instance id="d000.s7122.t000" lemma="無意味" pos="ADJ">無意味</instance>
         <wf lemma="な" pos="X">な</wf>
         <wf lemma="人生" pos="X">人生</wf>
         <wf lemma="." pos="X">.</wf>
      </sentence>
      <sentence id="d000.s7123" source="wordnet-japanese">
         <wf lemma="安全" pos="X">安全</wf>
         <instance id="d000.s7123.t000" lemma="プロトコル" pos="NOUN">プロトコル</instance>
         <wf lemma="." pos="X">.</wf>
      </sentence>
      <sentence id="d000.s7124" source="wordnet-japanese">
         <wf lemma="それ" pos="X">それ</wf>
         <wf lemma="は" pos="X">は</wf>
         <wf lemma="実に" pos="X">実に</wf>
         <instance id="d000.s7124.t000" lemma="難問" pos="NOUN">難問</instance>
         <wf lemma="である" pos="X">である</wf>
         <wf lemma="." pos="X">.</wf>
      </sentence>
      <sentence id="d000.s7125" source="wordnet-japanese">
         <instance id="d000.s7125.t000" lemma="レイブ" pos="NOUN">レイブ</instance>
         <wf lemma="は" pos="X">は</wf>
         <wf lemma="ベルリン" pos="X">ベルリン</wf>
         <wf lemma="で" pos="X">で</wf>
         <wf lemma="非常" pos="X">非常</wf>
         <wf lemma="に" pos="X">に</wf>
         <wf lemma="人気" pos="X">人気</wf>
         <wf lemma="が" pos="X">が</wf>
         <wf lemma="ある" pos="X">ある</wf>
         <wf lemma="." pos="X">.</wf>
      </sentence>
      <sentence id="d000.s7126" source="wordnet-japanese">
         <wf lemma="その" pos="X">その</wf>
         <wf lemma="会社" pos="X">会社</wf>
         <wf lemma="は" pos="X">は</wf>
         <wf lemma="、" pos="X">、</wf>
         <wf lemma="美容製品" pos="X">美容製品</wf>
         <wf lemma="の" pos="X">の</wf>
         <wf lemma="新しい" pos="X">新しい</wf>
         <wf lemma="路線" pos="X">路線</wf>
         <wf lemma="を" pos="X">を</wf>
         <instance id="d000.s7126.t000" lemma="売り込む" pos="VERB">売り込ん</instance>
         <wf lemma="で" pos="X">で</wf>
         <wf lemma="いる" pos="X">いる</wf>
         <wf lemma="." pos="X">.</wf>
      </sentence>
      <sentence id="d000.s7127" source="wordnet-japanese">
         <instance id="d000.s7127.t000" lemma="甘い" pos="ADJ">甘い</instance>
         <wf lemma="デザートワイン" pos="X">デザートワイン</wf>
         <wf lemma="." pos="X">.</wf>
      </sentence>
      <sentence id="d000.s7128" source="wordnet-japanese">
         <wf lemma="彼" pos="X">彼</wf>
         <wf lemma="の" pos="X">の</wf>
         <wf lemma="棚" pos="X">棚</wf>
         <wf lemma="を" pos="X">を</wf>
         <wf lemma="取り付ける" pos="X">取り付ける</wf>
         <instance id="d000.s7128.t000" lemma="不器用" pos="ADJ">不器用</instance>
         <wf lemma="な" pos="X">な</wf>
         <wf lemma="試み" pos="X">試み</wf>
         <wf lemma="." pos="X">.</wf>
      </sentence>
      <sentence id="d000.s7129" source="wordnet-japanese">
         <instance id="d000.s7129.t000" lemma="鈍臭い" pos="ADJ">鈍臭い</instance>
         <wf lemma="生徒" pos="X">生徒</wf>
         <wf lemma="と" pos="X">と</wf>
         <wf lemma="一緒" pos="X">一緒</wf>
         <wf lemma="に" pos="X">に</wf>
         <wf lemma="働い" pos="X">働い</wf>
         <wf lemma="た" pos="X">た</wf>
         <wf lemma="." pos="X">.</wf>
      </sentence>
      <sentence id="d000.s7130" source="wordnet-japanese">
         <wf lemma="彼" pos="X">彼</wf>
         <wf lemma="は" pos="X">は</wf>
         <wf lemma="スタッフ" pos="X">スタッフ</wf>
         <wf lemma="を" pos="X">を</wf>
         <instance id="d000.s7130.t000" lemma="減らす" pos="VERB">減らし</instance>
         <wf lemma="た" pos="X">た</wf>
         <wf lemma="." pos="X">.</wf>
      </sentence>
      <sentence id="d000.s7131" source="wordnet-japanese">
         <wf lemma="その" pos="X">その</wf>
         <wf lemma="本" pos="X">本</wf>
         <wf lemma="は" pos="X">は</wf>
         <wf lemma="私" pos="X">私</wf>
         <wf lemma="の" pos="X">の</wf>
         <wf lemma="考え" pos="X">考え</wf>
         <wf lemma="に" pos="X">に</wf>
         <wf lemma="重要" pos="X">重要</wf>
         <wf lemma="な" pos="X">な</wf>
         <instance id="d000.s7131.t000" lemma="影響" pos="NOUN">影響</instance>
         <wf lemma="を" pos="X">を</wf>
         <wf lemma="与え" pos="X">与え</wf>
         <wf lemma="た" pos="X">た</wf>
         <wf lemma="." pos="X">.</wf>
      </sentence>
      <sentence id="d000.s7132" source="wordnet-japanese">
         <instance id="d000.s7132.t000" lemma="雄弁" pos="ADJ">雄弁</instance>
         <wf lemma="は" pos="X">は</wf>
         <wf lemma="銀." pos="X">銀.</wf>
      </sentence>
      <sentence id="d000.s7133" source="wordnet-japanese">
         <wf lemma="パーティー" pos="X">パーティー</wf>
         <wf lemma="は" pos="X">は</wf>
         <instance id="d000.s7133.t000" lemma="かなり" pos="ADV">かなり</instance>
         <wf lemma="楽しかっ" pos="X">楽しかっ</wf>
         <wf lemma="た" pos="X">た</wf>
         <wf lemma="." pos="X">.</wf>
      </sentence>
      <sentence id="d000.s7134" source="wordnet-japanese">
         <instance id="d000.s7134.t000" lemma="不幸" pos="ADJ">不幸</instance>
         <wf lemma="な" pos="X">な</wf>
         <wf lemma="状況" pos="X">状況</wf>
         <wf lemma="." pos="X">.</wf>
      </sentence>
      <sentence id="d000.s7135" source="wordnet-japanese">
         <wf lemma="彼" pos="X">彼</wf>
         <wf lemma="は" pos="X">は</wf>
         <wf lemma="電話" pos="X">電話</wf>
         <wf lemma="し" pos="X">し</wf>
         <wf lemma="なかっ" pos="X">なかっ</wf>
         <wf lemma="た" pos="X">た</wf>
         <wf lemma="；" pos="X">；</wf>
         <instance id="d000.s7135.t000" lemma="むしろ" pos="ADV">むしろ</instance>
         <wf lemma="（" pos="X">（</wf>
         <wf lemma="または" pos="X">または</wf>
         <wf lemma="代り" pos="X">代り</wf>
         <wf lemma="に" pos="X">に</wf>
         <wf lemma="）" pos="X">）</wf>
         <wf lemma="、" pos="X">、</wf>
         <wf lemma="彼" pos="X">彼</wf>
         <wf lemma="は" pos="X">は</wf>
         <wf lemma="彼女" pos="X">彼女</wf>
         <wf lemma="に" pos="X">に</wf>
         <wf lemma="手紙" pos="X">手紙</wf>
         <wf lemma="を" pos="X">を</wf>
         <wf lemma="書い" pos="X">書い</wf>
         <wf lemma="た" pos="X">た</wf>
         <wf lemma="." pos="X">.</wf>
      </sentence>
      <sentence id="d000.s7136" source="wordnet-japanese">
         <wf lemma="親しみ" pos="X">親しみ</wf>
         <wf lemma="やすい" pos="X">やすい</wf>
         <instance id="d000.s7136.t000" lemma="変人" pos="NOUN">変人</instance>
         <wf lemma="." pos="X">.</wf>
      </sentence>
      <sentence id="d000.s7137" source="wordnet-japanese">
         <instance id="d000.s7137.t000" lemma="塀" pos="NOUN">塀</instance>
         <wf lemma="は" pos="X">は</wf>
         <wf lemma="道路" pos="X">道路</wf>
         <wf lemma="に" pos="X">に</wf>
         <wf lemma="続い" pos="X">続い</wf>
         <wf lemma="て" pos="X">て</wf>
         <wf lemma="い" pos="X">い</wf>
         <wf lemma="た" pos="X">た</wf>
         <wf lemma="." pos="X">.</wf>
      </sentence>
      <sentence id="d000.s7138" source="wordnet-japanese">
         <wf lemma="島" pos="X">島</wf>
         <wf lemma="に" pos="X">に</wf>
         <wf lemma="は" pos="X">は</wf>
         <wf lemma="多く" pos="X">多く</wf>
         <wf lemma="の" pos="X">の</wf>
         <wf lemma="興味" pos="X">興味</wf>
         <wf lemma="深い" pos="X">深い</wf>
         <instance id="d000.s7138.t000" lemma="固有" pos="ADJ">固有</instance>
         <wf lemma="種" pos="X">種</wf>
         <wf lemma="が" pos="X">が</wf>
         <wf lemma="いる" pos="X">いる</wf>
         <wf lemma="." pos="X">.</wf>
      </sentence>
      <sentence id="d000.s7139" source="wordnet-japanese">
         <wf lemma="家族" pos="X">家族</wf>
         <wf lemma="の" pos="X">の</wf>
         <wf lemma="こと" pos="X">こと</wf>
         <wf lemma="で" pos="X">で</wf>
         <wf lemma="私" pos="X">私</wf>
         <wf lemma="を" pos="X">を</wf>
         <instance id="d000.s7139.t000" lemma="巻き込む" pos="VERB">巻き込む</instance>
         <wf lemma="な." pos="X">な.</wf>
      </sentence>
      <sentence id="d000.s7140" source="wordnet-japanese">
         <instance id="d000.s7140.t000" lemma="低い" pos="ADJ">低い</instance>
         <wf lemma="会釈" pos="X">会釈</wf>
         <wf lemma="." pos="X">.</wf>
      </sentence>
      <sentence id="d000.s7141" source="wordnet-japanese">
         <wf lemma="彼ら" pos="X">彼ら</wf>
         <wf lemma="は" pos="X">は</wf>
         <wf lemma="良い" pos="X">良い</wf>
         <instance id="d000.s7141.t000" lemma="天気" pos="NOUN">天気</instance>
         <wf lemma="を" pos="X">を</wf>
         <wf lemma="望ん" pos="X">望ん</wf>
         <wf lemma="で" pos="X">で</wf>
         <wf lemma="い" pos="X">い</wf>
         <wf lemma="た" pos="X">た</wf>
         <wf lemma="." pos="X">.</wf>
      </sentence>
      <sentence id="d000.s7142" source="wordnet-japanese">
         <wf lemma="国" pos="X">国</wf>
         <wf lemma="の" pos="X">の</wf>
         <instance id="d000.s7142.t000" lemma="指導部" pos="NOUN">指導部</instance>
         <wf lemma="は" pos="X">は</wf>
         <wf lemma="彼" pos="X">彼</wf>
         <wf lemma="の" pos="X">の</wf>
         <wf lemma="プラン" pos="X">プラン</wf>
         <wf lemma="を" pos="X">を</wf>
         <wf lemma="採用" pos="X">採用</wf>
         <wf lemma="し" pos="X">し</wf>
         <wf lemma="た" pos="X">た</wf>
         <wf lemma="." pos="X">.</wf>
      </sentence>
      <sentence id="d000.s7143" source="wordnet-japanese">
         <wf lemma="秘書" pos="X">秘書</wf>
         <wf lemma="は" pos="X">は</wf>
         <wf lemma="マネージャー" pos="X">マネージャー</wf>
         <wf lemma="の" pos="X">の</wf>
         <wf lemma="ジレンマ" pos="X">ジレンマ</wf>
         <wf lemma="について" pos="X">について</wf>
         <instance id="d000.s7143.t000" lemma="空涙" pos="NOUN">空涙</instance>
         <wf lemma="を" pos="X">を</wf>
         <wf lemma="流し" pos="X">流し</wf>
         <wf lemma="た" pos="X">た</wf>
         <wf lemma="." pos="X">.</wf>
      </sentence>
      <sentence id="d000.s7144" source="wordnet-japanese">
         <instance id="d000.s7144.t000" lemma="語幹" pos="NOUN">語幹</instance>
         <wf lemma="形" pos="X">形</wf>
         <wf lemma="成" pos="X">成</wf>
         <wf lemma="母音" pos="X">母音</wf>
         <wf lemma="は" pos="X">は</wf>
         <wf lemma="語幹" pos="X">語幹</wf>
         <wf lemma="の" pos="X">の</wf>
         <wf lemma="部分" pos="X">部分</wf>
         <wf lemma="である" pos="X">である</wf>
         <wf lemma="." pos="X">.</wf>
      </sentence>
      <sentence id="d000.s7145" source="wordnet-japanese">
         <wf lemma="学生" pos="X">学生</wf>
         <wf lemma="の" pos="X">の</wf>
         <instance id="d000.s7145.t000" lemma="質" pos="NOUN">質</instance>
         <wf lemma="が" pos="X">が</wf>
         <wf lemma="向上" pos="X">向上</wf>
         <wf lemma="し" pos="X">し</wf>
         <wf lemma="た" pos="X">た</wf>
         <wf lemma="." pos="X">.</wf>
      </sentence>
      <sentence id="d000.s7146" source="wordnet-japanese">
         <instance id="d000.s7146.t000" lemma="細心" pos="ADJ">細心</instance>
         <wf lemma="の" pos="X">の</wf>
         <wf lemma="研究" pos="X">研究</wf>
         <wf lemma="." pos="X">.</wf>
      </sentence>
      <sentence id="d000.s7147" source="wordnet-japanese">
         <instance id="d000.s7147.t000" lemma="裕福" pos="ADJ">裕福</instance>
         <wf lemma="な" pos="X">な</wf>
         <wf lemma="会社" pos="X">会社</wf>
         <wf lemma="." pos="X">.</wf>
      </sentence>
      <sentence id="d000.s7148" source="wordnet-japanese">
         <wf lemma="骨" pos="X">骨</wf>
         <wf lemma="を" pos="X">を</wf>
         <instance id="d000.s7148.t000" lemma="接ぐ" pos="VERB">接ぐ</instance>
         <wf lemma="." pos="X">.</wf>
      </sentence>
      <sentence id="d000.s7149" source="wordnet-japanese">
         <instance id="d000.s7149.t000" lemma="外国" pos="NOUN">外国</instance>
         <wf lemma="で" pos="X">で</wf>
         <wf lemma="働く" pos="X">働く</wf>
         <wf lemma="こと" pos="X">こと</wf>
         <wf lemma="は" pos="X">は</wf>
         <wf lemma="少し" pos="X">少し</wf>
         <wf lemma="の" pos="X">の</wf>
         <wf lemma="慣れ" pos="X">慣れ</wf>
         <wf lemma="が" pos="X">が</wf>
         <wf lemma="必要" pos="X">必要</wf>
         <wf lemma="で" pos="X">で</wf>
         <wf lemma="ある" pos="X">ある</wf>
         <wf lemma="." pos="X">.</wf>
      </sentence>
      <sentence id="d000.s7150" source="wordnet-japanese">
         <wf lemma="この" pos="X">この</wf>
         <wf lemma="難しい" pos="X">難しい</wf>
         <wf lemma="考え" pos="X">考え</wf>
         <wf lemma="は" pos="X">は</wf>
         <wf lemma="、" pos="X">、</wf>
         <wf lemma="彼女" pos="X">彼女</wf>
         <wf lemma="を" pos="X">を</wf>
         <instance id="d000.s7150.t000" lemma="避ける" pos="VERB">避ける</instance>
         <wf lemma="ようで" pos="X">ようで</wf>
         <wf lemma="ある" pos="X">ある</wf>
         <wf lemma="." pos="X">.</wf>
      </sentence>
      <sentence id="d000.s7151" source="wordnet-japanese">
         <wf lemma="ガゼル" pos="X">ガゼル</wf>
         <wf lemma="と" pos="X">と</wf>
         <wf lemma="し" pos="X">し</wf>
         <wf lemma="て" pos="X">て</wf>
         <instance id="d000.s7151.t000" lemma="活発" pos="ADJ">活発</instance>
         <wf lemma="な" pos="X">な</wf>
         <wf lemma="." pos="X">.</wf>
      </sentence>
      <sentence id="d000.s7152" source="wordnet-japanese">
         <wf lemma="彼" pos="X">彼</wf>
         <wf lemma="は" pos="X">は</wf>
         <wf lemma="頭" pos="X">頭</wf>
         <wf lemma="を" pos="X">を</wf>
         <instance id="d000.s7152.t000" lemma="強打" pos="NOUN">強打</instance>
         <wf lemma="し" pos="X">し</wf>
         <wf lemma="た" pos="X">た</wf>
         <wf lemma="." pos="X">.</wf>
      </sentence>
      <sentence id="d000.s7153" source="wordnet-japanese">
         <wf lemma="地上性" pos="X">地上性</wf>
         <wf lemma="の" pos="X">の</wf>
         <instance id="d000.s7153.t000" lemma="肉食動物" pos="NOUN">肉食動物</instance>
         <wf lemma="は" pos="X">は</wf>
         <wf lemma="4" pos="X">4</wf>
         <wf lemma="本" pos="X">本</wf>
         <wf lemma="または" pos="X">または</wf>
         <wf lemma="5" pos="X">5</wf>
         <wf lemma="本" pos="X">本</wf>
         <wf lemma="の" pos="X">の</wf>
         <wf lemma="爪" pos="X">爪</wf>
         <wf lemma="の" pos="X">の</wf>
         <wf lemma="ある" pos="X">ある</wf>
         <wf lemma="指" pos="X">指</wf>
         <wf lemma="を" pos="X">を</wf>
         <wf lemma="各肢" pos="X">各肢</wf>
         <wf lemma="に" pos="X">に</wf>
         <wf lemma="もつ." pos="X">もつ.</wf>
      </sentence>
      <sentence id="d000.s7154" source="wordnet-japanese">
         <wf lemma="彼" pos="X">彼</wf>
         <wf lemma="は" pos="X">は</wf>
         <wf lemma="それ" pos="X">それ</wf>
         <wf lemma="を" pos="X">を</wf>
         <instance id="d000.s7154.t000" lemma="衝動" pos="NOUN">衝動</instance>
         <wf lemma="買い" pos="X">買い</wf>
         <wf lemma="し" pos="X">し</wf>
         <wf lemma="て" pos="X">て</wf>
         <wf lemma="しまっ" pos="X">しまっ</wf>
         <wf lemma="た" pos="X">た</wf>
         <wf lemma="." pos="X">.</wf>
      </sentence>
      <sentence id="d000.s7155" source="wordnet-japanese">
         <instance id="d000.s7155.t000" lemma="深い" pos="ADJ">深い</instance>
         <wf lemma="お" pos="X">お</wf>
         <wf lemma="辞儀" pos="X">辞儀</wf>
         <wf lemma="." pos="X">.</wf>
      </sentence>
      <sentence id="d000.s7156" source="wordnet-japanese">
         <wf lemma="彼女" pos="X">彼女</wf>
         <wf lemma="の" pos="X">の</wf>
         <wf lemma="到着" pos="X">到着</wf>
         <wf lemma="は" pos="X">は</wf>
         <wf lemma="熱烈" pos="X">熱烈</wf>
         <wf lemma="な" pos="X">な</wf>
         <instance id="d000.s7156.t000" lemma="ファンファーレ" pos="NOUN">ファンファーレ</instance>
         <wf lemma="で" pos="X">で</wf>
         <wf lemma="迎え" pos="X">迎え</wf>
         <wf lemma="られ" pos="X">られ</wf>
         <wf lemma="た" pos="X">た</wf>
         <wf lemma="." pos="X">.</wf>
      </sentence>
      <sentence id="d000.s7157" source="wordnet-japanese">
         <wf lemma="すべて" pos="X">すべて</wf>
         <wf lemma="は" pos="X">は</wf>
         <instance id="d000.s7157.t000" lemma="いつか" pos="ADV">いつか</instance>
         <wf lemma="終わら" pos="X">終わら</wf>
         <wf lemma="なければ" pos="X">なければ</wf>
         <wf lemma="なら" pos="X">なら</wf>
         <wf lemma="ない" pos="X">ない</wf>
         <wf lemma="." pos="X">.</wf>
      </sentence>
      <sentence id="d000.s7158" source="wordnet-japanese">
         <wf lemma="彼" pos="X">彼</wf>
         <wf lemma="は" pos="X">は</wf>
         <wf lemma="サンタ" pos="X">サンタ</wf>
         <wf lemma="・" pos="X">・</wf>
         <wf lemma="クロース" pos="X">クロース</wf>
         <wf lemma="の" pos="X">の</wf>
         <instance id="d000.s7158.t000" lemma="像" pos="NOUN">像</instance>
         <wf lemma="を" pos="X">を</wf>
         <wf lemma="作っ" pos="X">作っ</wf>
         <wf lemma="た" pos="X">た</wf>
         <wf lemma="." pos="X">.</wf>
      </sentence>
      <sentence id="d000.s7159" source="wordnet-japanese">
         <wf lemma="彼ら" pos="X">彼ら</wf>
         <wf lemma="は" pos="X">は</wf>
         <wf lemma="その" pos="X">その</wf>
         <wf lemma="車" pos="X">車</wf>
         <wf lemma="の" pos="X">の</wf>
         <instance id="d000.s7159.t000" lemma="持ち主" pos="NOUN">持ち主</instance>
         <wf lemma="を" pos="X">を</wf>
         <wf lemma="探し" pos="X">探し</wf>
         <wf lemma="て" pos="X">て</wf>
         <wf lemma="いる" pos="X">いる</wf>
         <wf lemma="." pos="X">.</wf>
      </sentence>
      <sentence id="d000.s7160" source="wordnet-japanese">
         <instance id="d000.s7160.t000" lemma="学問的" pos="ADV">学問的</instance>
         <wf lemma="に" pos="X">に</wf>
         <wf lemma="、" pos="X">、</wf>
         <wf lemma="これ" pos="X">これ</wf>
         <wf lemma="は" pos="X">は</wf>
         <wf lemma="いい" pos="X">いい</wf>
         <wf lemma="学校" pos="X">学校</wf>
         <wf lemma="である" pos="X">である</wf>
         <wf lemma="." pos="X">.</wf>
      </sentence>
      <sentence id="d000.s7161" source="wordnet-japanese">
         <instance id="d000.s7161.t000" lemma="多様" pos="ADJ">多様</instance>
         <wf lemma="な" pos="X">な</wf>
         <wf lemma="才能" pos="X">才能</wf>
         <wf lemma="の" pos="X">の</wf>
         <wf lemma="人" pos="X">人</wf>
         <wf lemma="." pos="X">.</wf>
      </sentence>
      <sentence id="d000.s7162" source="wordnet-japanese">
         <wf lemma="注意" pos="X">注意</wf>
         <wf lemma="を" pos="X">を</wf>
         <instance id="d000.s7162.t000" lemma="払う" pos="VERB">払う</instance>
         <wf lemma="." pos="X">.</wf>
      </sentence>
      <sentence id="d000.s7163" source="wordnet-japanese">
         <wf lemma="知覚" pos="X">知覚</wf>
         <wf lemma="における" pos="X">における</wf>
         <instance id="d000.s7163.t000" lemma="分子的" pos="ADJ">分子的</instance>
         <wf lemma="因子" pos="X">因子</wf>
         <wf lemma="に対する" pos="X">に対する</wf>
         <wf lemma="、" pos="X">、</wf>
         <wf lemma="ますます" pos="X">ますます</wf>
         <wf lemma="多く" pos="X">多く</wf>
         <wf lemma="の" pos="X">の</wf>
         <wf lemma="詳細" pos="X">詳細</wf>
         <wf lemma="によって" pos="X">によって</wf>
         <wf lemma="進め" pos="X">進め</wf>
         <wf lemma="−" pos="X">−</wf>
         <wf lemma="G.A" pos="X">G.A</wf>
         <wf lemma="." pos="X">.</wf>
         <wf lemma="ミラー" pos="X">ミラー</wf>
         <wf lemma="." pos="X">.</wf>
      </sentence>
      <sentence id="d000.s7164" source="wordnet-japanese">
         <wf lemma="motel" pos="X">motel</wf>
         <wf lemma="は" pos="X">は</wf>
         <wf lemma="motor" pos="X">motor</wf>
         <wf lemma="と" pos="X">と</wf>
         <wf lemma="hotel" pos="X">hotel</wf>
         <wf lemma="を" pos="X">を</wf>
         <instance id="d000.s7164.t000" lemma="混合" pos="NOUN">混合</instance>
         <wf lemma="し" pos="X">し</wf>
         <wf lemma="て" pos="X">て</wf>
         <wf lemma="作ら" pos="X">作ら</wf>
         <wf lemma="れ" pos="X">れ</wf>
         <wf lemma="た" pos="X">た</wf>
         <wf lemma="２" pos="X">２</wf>
         <wf lemma="つ" pos="X">つ</wf>
         <wf lemma="を" pos="X">を</wf>
         <wf lemma="合わせ" pos="X">合わせ</wf>
         <wf lemma="た" pos="X">た</wf>
         <wf lemma="もの" pos="X">もの</wf>
         <wf lemma="である" pos="X">である</wf>
         <wf lemma="." pos="X">.</wf>
      </sentence>
      <sentence id="d000.s7165" source="wordnet-japanese">
         <wf lemma="彼" pos="X">彼</wf>
         <wf lemma="が" pos="X">が</wf>
         <wf lemma="手" pos="X">手</wf>
         <wf lemma="を" pos="X">を</wf>
         <wf lemma="動かす" pos="X">動かす</wf>
         <wf lemma="時" pos="X">時</wf>
         <wf lemma="に" pos="X">に</wf>
         <wf lemma="彼" pos="X">彼</wf>
         <wf lemma="は" pos="X">は</wf>
         <instance id="d000.s7165.t000" lemma="呪文" pos="NOUN">呪文</instance>
         <wf lemma="を" pos="X">を</wf>
         <wf lemma="ささ" pos="X">ささ</wf>
         <wf lemma="やい" pos="X">やい</wf>
         <wf lemma="た" pos="X">た</wf>
         <wf lemma="." pos="X">.</wf>
      </sentence>
      <sentence id="d000.s7166" source="wordnet-japanese">
         <wf lemma="芸術" pos="X">芸術</wf>
         <wf lemma="は" pos="X">は</wf>
         <wf lemma="通商" pos="X">通商</wf>
         <wf lemma="に" pos="X">に</wf>
         <instance id="d000.s7166.t000" lemma="役立つ" pos="VERB">役立つ</instance>
         <wf lemma="." pos="X">.</wf>
      </sentence>
      <sentence id="d000.s7167" source="wordnet-japanese">
         <wf lemma="赤ちゃん" pos="X">赤ちゃん</wf>
         <wf lemma="と" pos="X">と</wf>
         <wf lemma="同じ" pos="X">同じ</wf>
         <wf lemma="くらい" pos="X">くらい</wf>
         <instance id="d000.s7167.t000" lemma="無力" pos="ADJ">無力</instance>
         <wf lemma="な" pos="X">な</wf>
         <wf lemma="." pos="X">.</wf>
      </sentence>
      <sentence id="d000.s7168" source="wordnet-japanese">
         <instance id="d000.s7168.t000" lemma="明確" pos="ADJ">明確</instance>
         <wf lemma="な" pos="X">な</wf>
         <wf lemma="量" pos="X">量</wf>
         <wf lemma="." pos="X">.</wf>
      </sentence>
      <sentence id="d000.s7169" source="wordnet-japanese">
         <wf lemma="知らさ" pos="X">知らさ</wf>
         <wf lemma="れ" pos="X">れ</wf>
         <wf lemma="ず" pos="X">ず</wf>
         <wf lemma="に" pos="X">に</wf>
         <wf lemma="到着" pos="X">到着</wf>
         <wf lemma="し" pos="X">し</wf>
         <wf lemma="て" pos="X">て</wf>
         <wf lemma="、" pos="X">、</wf>
         <wf lemma="私たち" pos="X">私たち</wf>
         <wf lemma="は" pos="X">は</wf>
         <instance id="d000.s7169.t000" lemma="持ち寄り" pos="NOUN">持ち寄り</instance>
         <wf lemma="の" pos="X">の</wf>
         <wf lemma="宴会" pos="X">宴会</wf>
         <wf lemma="を" pos="X">を</wf>
         <wf lemma="し" pos="X">し</wf>
         <wf lemma="なく" pos="X">なく</wf>
         <wf lemma="て" pos="X">て</wf>
         <wf lemma="は" pos="X">は</wf>
         <wf lemma="なら" pos="X">なら</wf>
         <wf lemma="なかっ" pos="X">なかっ</wf>
         <wf lemma="た" pos="X">た</wf>
         <wf lemma="." pos="X">.</wf>
      </sentence>
      <sentence id="d000.s7170" source="wordnet-japanese">
         <instance id="d000.s7170.t000" lemma="広範囲" pos="ADJ">広範囲</instance>
         <wf lemma="に" pos="X">に</wf>
         <wf lemma="渡る" pos="X">渡る</wf>
         <wf lemma="取引" pos="X">取引</wf>
         <wf lemma="操作" pos="X">操作</wf>
         <wf lemma="." pos="X">.</wf>
      </sentence>
      <sentence id="d000.s7171" source="wordnet-japanese">
         <wf lemma="気質的" pos="X">気質的</wf>
         <wf lemma="に" pos="X">に</wf>
         <instance id="d000.s7171.t000" lemma="反抗的" pos="ADJ">反抗的</instance>
         <wf lemma="な" pos="X">な</wf>
         <wf lemma="." pos="X">.</wf>
      </sentence>
      <sentence id="d000.s7172" source="wordnet-japanese">
         <instance id="d000.s7172.t000" lemma="細かい" pos="ADJ">細かい</instance>
         <wf lemma="埃" pos="X">埃</wf>
         <wf lemma="の" pos="X">の</wf>
         <wf lemma="膜" pos="X">膜</wf>
         <wf lemma="に" pos="X">に</wf>
         <wf lemma="覆わ" pos="X">覆わ</wf>
         <wf lemma="れ" pos="X">れ</wf>
         <wf lemma="た" pos="X">た</wf>
         <wf lemma="." pos="X">.</wf>
      </sentence>
      <sentence id="d000.s7173" source="wordnet-japanese">
         <wf lemma="彼" pos="X">彼</wf>
         <wf lemma="は" pos="X">は</wf>
         <wf lemma="要求" pos="X">要求</wf>
         <wf lemma="が" pos="X">が</wf>
         <instance id="d000.s7173.t000" lemma="適度" pos="ADJ">適度</instance>
         <wf lemma="である" pos="X">である</wf>
         <wf lemma="." pos="X">.</wf>
      </sentence>
      <sentence id="d000.s7174" source="wordnet-japanese">
         <wf lemma="彼ら" pos="X">彼ら</wf>
         <wf lemma="は" pos="X">は</wf>
         <instance id="d000.s7174.t000" lemma="子供" pos="NOUN">子供</instance>
         <wf lemma="たち" pos="X">たち</wf>
         <wf lemma="を" pos="X">を</wf>
         <wf lemma="大学" pos="X">大学</wf>
         <wf lemma="に" pos="X">に</wf>
         <wf lemma="入れる" pos="X">入れる</wf>
         <wf lemma="こと" pos="X">こと</wf>
         <wf lemma="が" pos="X">が</wf>
         <wf lemma="でき" pos="X">でき</wf>
         <wf lemma="た" pos="X">た</wf>
         <wf lemma="." pos="X">.</wf>
      </sentence>
      <sentence id="d000.s7175" source="wordnet-japanese">
         <wf lemma="食事" pos="X">食事</wf>
         <wf lemma="に" pos="X">に</wf>
         <instance id="d000.s7175.t000" lemma="完全" pos="ADV">完全</instance>
         <wf lemma="に" pos="X">に</wf>
         <wf lemma="満足" pos="X">満足</wf>
         <wf lemma="し" pos="X">し</wf>
         <wf lemma="た" pos="X">た</wf>
         <wf lemma="." pos="X">.</wf>
      </sentence>
      <sentence id="d000.s7176" source="wordnet-japanese">
         <wf lemma="批判" pos="X">批判</wf>
         <wf lemma="へ" pos="X">へ</wf>
         <wf lemma="の" pos="X">の</wf>
         <instance id="d000.s7176.t000" lemma="無気力" pos="ADJ">無気力</instance>
         <wf lemma="な" pos="X">な</wf>
         <wf lemma="返答" pos="X">返答</wf>
         <wf lemma="." pos="X">.</wf>
      </sentence>
      <sentence id="d000.s7177" source="wordnet-japanese">
         <wf lemma="雑役" pos="X">雑役</wf>
         <wf lemma="は" pos="X">は</wf>
         <wf lemma="、" pos="X">、</wf>
         <instance id="d000.s7177.t000" lemma="非軍事" pos="ADJ">非軍事</instance>
         <wf lemma="労働者" pos="X">労働者</wf>
         <wf lemma="を" pos="X">を</wf>
         <wf lemma="含む" pos="X">含む</wf>
         <wf lemma="." pos="X">.</wf>
      </sentence>
      <sentence id="d000.s7178" source="wordnet-japanese">
         <instance id="d000.s7178.t000" lemma="官僚的" pos="ADJ">官僚的</instance>
         <wf lemma="な" pos="X">な</wf>
         <wf lemma="悪夢" pos="X">悪夢</wf>
         <wf lemma="." pos="X">.</wf>
      </sentence>
      <sentence id="d000.s7179" source="wordnet-japanese">
         <wf lemma="彼" pos="X">彼</wf>
         <wf lemma="は" pos="X">は</wf>
         <wf lemma="、" pos="X">、</wf>
         <wf lemma="彼" pos="X">彼</wf>
         <wf lemma="の" pos="X">の</wf>
         <instance id="d000.s7179.t000" lemma="トロール" pos="NOUN">トロール</instance>
         <wf lemma="と" pos="X">と</wf>
         <wf lemma="し" pos="X">し</wf>
         <wf lemma="て" pos="X">て</wf>
         <wf lemma="スピナー" pos="X">スピナー</wf>
         <wf lemma="を" pos="X">を</wf>
         <wf lemma="使っ" pos="X">使っ</wf>
         <wf lemma="た" pos="X">た</wf>
         <wf lemma="." pos="X">.</wf>
      </sentence>
      <sentence id="d000.s7180" source="wordnet-japanese">
         <instance id="d000.s7180.t000" lemma="淡い" pos="ADJ">淡い</instance>
         <wf lemma="青." pos="X">青.</wf>
      </sentence>
      <sentence id="d000.s7181" source="wordnet-japanese">
         <wf lemma="電話" pos="X">電話</wf>
         <wf lemma="の" pos="X">の</wf>
         <instance id="d000.s7181.t000" lemma="設置" pos="NOUN">設置</instance>
         <wf lemma="に" pos="X">に</wf>
         <wf lemma="は" pos="X">は</wf>
         <wf lemma="ほんの" pos="X">ほんの</wf>
         <wf lemma="数分" pos="X">数分</wf>
         <wf lemma="し" pos="X">し</wf>
         <wf lemma="か" pos="X">か</wf>
         <wf lemma="かから" pos="X">かから</wf>
         <wf lemma="なかっ" pos="X">なかっ</wf>
         <wf lemma="た" pos="X">た</wf>
         <wf lemma="." pos="X">.</wf>
      </sentence>
      <sentence id="d000.s7182" source="wordnet-japanese">
         <wf lemma="国" pos="X">国</wf>
         <wf lemma="は" pos="X">は</wf>
         <instance id="d000.s7182.t000" lemma="経済的" pos="ADV">経済的</instance>
         <wf lemma="に" pos="X">に</wf>
         <wf lemma="、" pos="X">、</wf>
         <wf lemma="暮らし向き" pos="X">暮らし向き</wf>
         <wf lemma="が" pos="X">が</wf>
         <wf lemma="悪く" pos="X">悪く</wf>
         <wf lemma="なっ" pos="X">なっ</wf>
         <wf lemma="て" pos="X">て</wf>
         <wf lemma="いる" pos="X">いる</wf>
         <wf lemma="." pos="X">.</wf>
      </sentence>
      <sentence id="d000.s7183" source="wordnet-japanese">
         <wf lemma="子供" pos="X">子供</wf>
         <wf lemma="に" pos="X">に</wf>
         <wf lemma="は" pos="X">は</wf>
         <instance id="d000.s7183.t000" lemma="適切" pos="ADJ">適切</instance>
         <wf lemma="で" pos="X">で</wf>
         <wf lemma="ない" pos="X">ない</wf>
         <wf lemma="本" pos="X">本</wf>
         <wf lemma="." pos="X">.</wf>
      </sentence>
      <sentence id="d000.s7184" source="wordnet-japanese">
         <wf lemma="10月" pos="X">10月</wf>
         <wf lemma="の" pos="X">の</wf>
         <wf lemma="明るい" pos="X">明るい</wf>
         <instance id="d000.s7184.t000" lemma="青い" pos="ADJ">青い</instance>
         <wf lemma="天気" pos="X">天気</wf>
         <wf lemma="−" pos="X">−</wf>
         <wf lemma="ヘレン" pos="X">ヘレン</wf>
         <wf lemma="・" pos="X">・</wf>
         <wf lemma="ハント" pos="X">ハント</wf>
         <wf lemma="・" pos="X">・</wf>
         <wf lemma="ジャクソン" pos="X">ジャクソン</wf>
         <wf lemma="." pos="X">.</wf>
      </sentence>
      <sentence id="d000.s7185" source="wordnet-japanese">
         <instance id="d000.s7185.t000" lemma="強い" pos="ADJ">強い</instance>
         <wf lemma="酒" pos="X">酒</wf>
         <wf lemma="." pos="X">.</wf>
      </sentence>
      <sentence id="d000.s7186" source="wordnet-japanese">
         <instance id="d000.s7186.t000" lemma="巧み" pos="ADJ">巧み</instance>
         <wf lemma="な" pos="X">な</wf>
         <wf lemma="指" pos="X">指</wf>
         <wf lemma="が" pos="X">が</wf>
         <wf lemma="彼女" pos="X">彼女</wf>
         <wf lemma="の" pos="X">の</wf>
         <wf lemma="顔" pos="X">顔</wf>
         <wf lemma="を" pos="X">を</wf>
         <wf lemma="マッサージ" pos="X">マッサージ</wf>
         <wf lemma="し" pos="X">し</wf>
         <wf lemma="た" pos="X">た</wf>
         <wf lemma="." pos="X">.</wf>
      </sentence>
      <sentence id="d000.s7187" source="wordnet-japanese">
         <wf lemma="共産主義" pos="X">共産主義</wf>
         <wf lemma="の" pos="X">の</wf>
         <wf lemma="理論" pos="X">理論</wf>
         <wf lemma="と" pos="X">と</wf>
         <instance id="d000.s7187.t000" lemma="習慣" pos="NOUN">習慣</instance>
         <wf lemma="の" pos="X">の</wf>
         <wf lemma="違い" pos="X">違い</wf>
         <wf lemma="." pos="X">.</wf>
      </sentence>
      <sentence id="d000.s7188" source="wordnet-japanese">
         <wf lemma="彼ら" pos="X">彼ら</wf>
         <wf lemma="は" pos="X">は</wf>
         <wf lemma="遠征" pos="X">遠征</wf>
         <wf lemma="チーム" pos="X">チーム</wf>
         <wf lemma="に" pos="X">に</wf>
         <instance id="d000.s7188.t000" lemma="無礼" pos="NOUN">無礼</instance>
         <wf lemma="な" pos="X">な</wf>
         <wf lemma="言葉" pos="X">言葉</wf>
         <wf lemma="を" pos="X">を</wf>
         <wf lemma="叫ん" pos="X">叫ん</wf>
         <wf lemma="だ" pos="X">だ</wf>
         <wf lemma="." pos="X">.</wf>
      </sentence>
      <sentence id="d000.s7189" source="wordnet-japanese">
         <wf lemma="彼" pos="X">彼</wf>
         <wf lemma="は" pos="X">は</wf>
         <wf lemma="女主人" pos="X">女主人</wf>
         <wf lemma="に" pos="X">に</wf>
         <instance id="d000.s7189.t000" lemma="謝罪" pos="NOUN">謝罪</instance>
         <wf lemma="の" pos="X">の</wf>
         <wf lemma="手紙" pos="X">手紙</wf>
         <wf lemma="を" pos="X">を</wf>
         <wf lemma="書い" pos="X">書い</wf>
         <wf lemma="た" pos="X">た</wf>
         <wf lemma="." pos="X">.</wf>
      </sentence>
      <sentence id="d000.s7190" source="wordnet-japanese">
         <wf lemma="横笛" pos="X">横笛</wf>
         <wf lemma="を" pos="X">を</wf>
         <wf lemma="聞く" pos="X">聞く</wf>
         <wf lemma="前" pos="X">前</wf>
         <wf lemma="に" pos="X">に</wf>
         <wf lemma="、" pos="X">、</wf>
         <wf lemma="彼" pos="X">彼</wf>
         <wf lemma="に" pos="X">に</wf>
         <wf lemma="は" pos="X">は</wf>
         <instance id="d000.s7190.t000" lemma="ドラム" pos="NOUN">ドラム</instance>
         <wf lemma="が" pos="X">が</wf>
         <wf lemma="聞こえ" pos="X">聞こえ</wf>
         <wf lemma="た" pos="X">た</wf>
         <wf lemma="." pos="X">.</wf>
      </sentence>
      <sentence id="d000.s7191" source="wordnet-japanese">
         <wf lemma="贅沢" pos="X">贅沢</wf>
         <wf lemma="で" pos="X">で</wf>
         <instance id="d000.s7191.t000" lemma="安楽" pos="NOUN">安楽</instance>
         <wf lemma="な" pos="X">な</wf>
         <wf lemma="生活" pos="X">生活</wf>
         <wf lemma="." pos="X">.</wf>
      </sentence>
      <sentence id="d000.s7192" source="wordnet-japanese">
         <wf lemma="彼" pos="X">彼</wf>
         <wf lemma="の" pos="X">の</wf>
         <wf lemma="経済学" pos="X">経済学</wf>
         <wf lemma="の" pos="X">の</wf>
         <instance id="d000.s7192.t000" lemma="教科書" pos="NOUN">教科書</instance>
         <wf lemma="は" pos="X">は</wf>
         <wf lemma="第" pos="X">第</wf>
         <wf lemma="十版" pos="X">十版</wf>
         <wf lemma="だ" pos="X">だ</wf>
         <wf lemma="." pos="X">.</wf>
      </sentence>
      <sentence id="d000.s7193" source="wordnet-japanese">
         <instance id="d000.s7193.t000" lemma="爽快" pos="ADJ">爽快</instance>
         <wf lemma="に" pos="X">に</wf>
         <wf lemma="さ" pos="X">さ</wf>
         <wf lemma="せ" pos="X">せ</wf>
         <wf lemma="て" pos="X">て</wf>
         <wf lemma="くれる" pos="X">くれる</wf>
         <wf lemma="山" pos="X">山</wf>
         <wf lemma="の" pos="X">の</wf>
         <wf lemma="空気" pos="X">空気</wf>
         <wf lemma="の" pos="X">の</wf>
         <wf lemma="効果" pos="X">効果</wf>
         <wf lemma="." pos="X">.</wf>
      </sentence>
      <sentence id="d000.s7194" source="wordnet-japanese">
         <wf lemma="イングランド" pos="X">イングランド</wf>
         <wf lemma="の" pos="X">の</wf>
         <instance id="d000.s7194.t000" lemma="険しい" pos="ADJ">険しい</instance>
         <wf lemma="白亜" pos="X">白亜</wf>
         <wf lemma="の" pos="X">の</wf>
         <wf lemma="崖" pos="X">崖</wf>
         <wf lemma="が" pos="X">が</wf>
         <wf lemma="そびえる" pos="X">そびえる</wf>
         <wf lemma="ところ" pos="X">ところ</wf>
         <wf lemma="." pos="X">.</wf>
      </sentence>
      <sentence id="d000.s7195" source="wordnet-japanese">
         <wf lemma="座っ" pos="X">座っ</wf>
         <wf lemma="て" pos="X">て</wf>
         <wf lemma="、" pos="X">、</wf>
         <instance id="d000.s7195.t000" lemma="しばらく" pos="ADV">しばらく</instance>
         <wf lemma="留まる" pos="X">留まる</wf>
         <wf lemma="." pos="X">.</wf>
      </sentence>
      <sentence id="d000.s7196" source="wordnet-japanese">
         <wf lemma="非常" pos="X">非常</wf>
         <wf lemma="に" pos="X">に</wf>
         <wf lemma="低い" pos="X">低い</wf>
         <wf lemma="温度" pos="X">温度</wf>
         <wf lemma="で" pos="X">で</wf>
         <wf lemma="の" pos="X">の</wf>
         <wf lemma="抵抗" pos="X">抵抗</wf>
         <wf lemma="の" pos="X">の</wf>
         <instance id="d000.s7196.t000" lemma="消失" pos="NOUN">消失</instance>
         <wf lemma="." pos="X">.</wf>
      </sentence>
      <sentence id="d000.s7197" source="wordnet-japanese">
         <wf lemma="食物" pos="X">食物</wf>
         <wf lemma="は" pos="X">は</wf>
         <instance id="d000.s7197.t000" lemma="豊富" pos="ADJ">豊富</instance>
         <wf lemma="である" pos="X">である</wf>
         <wf lemma="." pos="X">.</wf>
      </sentence>
      <sentence id="d000.s7198" source="wordnet-japanese">
         <wf lemma="コード" pos="X">コード</wf>
         <wf lemma="が" pos="X">が</wf>
         <wf lemma="保つ" pos="X">保つ</wf>
         <wf lemma="か" pos="X">か</wf>
         <wf lemma="彼ら" pos="X">彼ら</wf>
         <wf lemma="は" pos="X">は</wf>
         <instance id="d000.s7198.t000" lemma="疑わしい" pos="ADJ">疑わしく</instance>
         <wf lemma="思っ" pos="X">思っ</wf>
         <wf lemma="た" pos="X">た</wf>
         <wf lemma="." pos="X">.</wf>
      </sentence>
      <sentence id="d000.s7199" source="wordnet-japanese">
         <wf lemma="寄生" pos="X">寄生</wf>
         <wf lemma="虫" pos="X">虫</wf>
         <wf lemma="の" pos="X">の</wf>
         <wf lemma="宿主" pos="X">宿主</wf>
         <wf lemma="の" pos="X">の</wf>
         <instance id="d000.s7199.t000" lemma="特殊性" pos="NOUN">特殊性</instance>
         <wf lemma="." pos="X">.</wf>
      </sentence>
      <sentence id="d000.s7200" source="wordnet-japanese">
         <wf lemma="単語" pos="X">単語</wf>
         <wf lemma="は" pos="X">は</wf>
         <wf lemma="基本的" pos="X">基本的</wf>
         <wf lemma="な" pos="X">な</wf>
         <wf lemma="言語" pos="X">言語</wf>
         <instance id="d000.s7200.t000" lemma="単位" pos="NOUN">単位</instance>
         <wf lemma="である" pos="X">である</wf>
         <wf lemma="." pos="X">.</wf>
      </sentence>
      <sentence id="d000.s7201" source="wordnet-japanese">
         <wf lemma="この" pos="X">この</wf>
         <wf lemma="発言" pos="X">発言</wf>
         <wf lemma="は" pos="X">は</wf>
         <wf lemma="私" pos="X">私</wf>
         <wf lemma="の" pos="X">の</wf>
         <wf lemma="自尊心" pos="X">自尊心</wf>
         <wf lemma="を" pos="X">を</wf>
         <wf lemma="本当に" pos="X">本当に</wf>
         <instance id="d000.s7201.t000" lemma="傷つける" pos="VERB">傷つけ</instance>
         <wf lemma="た" pos="X">た</wf>
         <wf lemma="." pos="X">.</wf>
      </sentence>
      <sentence id="d000.s7202" source="wordnet-japanese">
         <wf lemma="彼" pos="X">彼</wf>
         <wf lemma="は" pos="X">は</wf>
         <wf lemma="すばやく" pos="X">すばやく</wf>
         <wf lemma="刑務所" pos="X">刑務所</wf>
         <wf lemma="ルーチン" pos="X">ルーチン</wf>
         <wf lemma="の" pos="X">の</wf>
         <instance id="d000.s7202.t000" lemma="規律" pos="NOUN">規律</instance>
         <wf lemma="を" pos="X">を</wf>
         <wf lemma="学ん" pos="X">学ん</wf>
         <wf lemma="だ" pos="X">だ</wf>
         <wf lemma="." pos="X">.</wf>
      </sentence>
      <sentence id="d000.s7203" source="wordnet-japanese">
         <instance id="d000.s7203.t000" lemma="断固" pos="ADV">断固</instance>
         <wf lemma="たる" pos="X">たる</wf>
         <wf lemma="態度" pos="X">態度</wf>
         <wf lemma="を" pos="X">を</wf>
         <wf lemma="示さ" pos="X">示さ</wf>
         <wf lemma="なければ" pos="X">なければ</wf>
         <wf lemma="なら" pos="X">なら</wf>
         <wf lemma="ない" pos="X">ない</wf>
         <wf lemma="." pos="X">.</wf>
      </sentence>
      <sentence id="d000.s7204" source="wordnet-japanese">
         <wf lemma="あなた" pos="X">あなた</wf>
         <wf lemma="は" pos="X">は</wf>
         <wf lemma="、" pos="X">、</wf>
         <wf lemma="詳細" pos="X">詳細</wf>
         <wf lemma="の" pos="X">の</wf>
         <wf lemma="全体" pos="X">全体</wf>
         <wf lemma="を" pos="X">を</wf>
         <instance id="d000.s7204.t000" lemma="見る" pos="VERB">見る</instance>
         <wf lemma="ため" pos="X">ため</wf>
         <wf lemma="に" pos="X">に</wf>
         <wf lemma="は" pos="X">は</wf>
         <wf lemma="、" pos="X">、</wf>
         <wf lemma="観察力" pos="X">観察力</wf>
         <wf lemma="が" pos="X">が</wf>
         <wf lemma="優れ" pos="X">優れ</wf>
         <wf lemma="て" pos="X">て</wf>
         <wf lemma="い" pos="X">い</wf>
         <wf lemma="なければ" pos="X">なければ</wf>
         <wf lemma="なら" pos="X">なら</wf>
         <wf lemma="ない" pos="X">ない</wf>
         <wf lemma="." pos="X">.</wf>
      </sentence>
      <sentence id="d000.s7205" source="wordnet-japanese">
         <wf lemma="英国" pos="X">英国</wf>
         <wf lemma="で" pos="X">で</wf>
         <wf lemma="は" pos="X">は</wf>
         <instance id="d000.s7205.t000" lemma="フェンダー" pos="NOUN">フェンダー</instance>
         <wf lemma="を" pos="X">を</wf>
         <wf lemma="ウィング" pos="X">ウィング</wf>
         <wf lemma="という" pos="X">という</wf>
         <wf lemma="." pos="X">.</wf>
      </sentence>
      <sentence id="d000.s7206" source="wordnet-japanese">
         <instance id="d000.s7206.t000" lemma="伝統的" pos="ADV">伝統的</instance>
         <wf lemma="に" pos="X">に</wf>
         <wf lemma="、" pos="X">、</wf>
         <wf lemma="私たち" pos="X">私たち</wf>
         <wf lemma="は" pos="X">は</wf>
         <wf lemma="ハヌカ" pos="X">ハヌカ</wf>
         <wf lemma="の" pos="X">の</wf>
         <wf lemma="祝い" pos="X">祝い</wf>
         <wf lemma="で" pos="X">で</wf>
         <wf lemma="揚げ物" pos="X">揚げ物</wf>
         <wf lemma="料理" pos="X">料理</wf>
         <wf lemma="を" pos="X">を</wf>
         <wf lemma="食べる" pos="X">食べる</wf>
         <wf lemma="." pos="X">.</wf>
      </sentence>
      <sentence id="d000.s7207" source="wordnet-japanese">
         <wf lemma="メロン" pos="X">メロン</wf>
         <wf lemma="は" pos="X">は</wf>
         <wf lemma="いい" pos="X">いい</wf>
         <instance id="d000.s7207.t000" lemma="味" pos="NOUN">味</instance>
         <wf lemma="が" pos="X">が</wf>
         <wf lemma="する" pos="X">する</wf>
         <wf lemma="." pos="X">.</wf>
      </sentence>
      <sentence id="d000.s7208" source="wordnet-japanese">
         <wf lemma="それ" pos="X">それ</wf>
         <wf lemma="は" pos="X">は</wf>
         <wf lemma="悪い" pos="X">悪い</wf>
         <wf lemma="判断" pos="X">判断</wf>
         <wf lemma="の" pos="X">の</wf>
         <instance id="d000.s7208.t000" lemma="例" pos="NOUN">例</instance>
         <wf lemma="だっ" pos="X">だっ</wf>
         <wf lemma="た" pos="X">た</wf>
         <wf lemma="." pos="X">.</wf>
      </sentence>
      <sentence id="d000.s7209" source="wordnet-japanese">
         <wf lemma="スープ" pos="X">スープ</wf>
         <wf lemma="を" pos="X">を</wf>
         <instance id="d000.s7209.t000" lemma="味わう" pos="VERB">味わう</instance>
         <wf lemma="." pos="X">.</wf>
      </sentence>
      <sentence id="d000.s7210" source="wordnet-japanese">
         <wf lemma="病気" pos="X">病気</wf>
         <wf lemma="の" pos="X">の</wf>
         <instance id="d000.s7210.t000" lemma="抑制" pos="NOUN">抑制</instance>
         <wf lemma="処置" pos="X">処置</wf>
         <wf lemma="." pos="X">.</wf>
      </sentence>
      <sentence id="d000.s7211" source="wordnet-japanese">
         <instance id="d000.s7211.t000" lemma="濃い" pos="ADJ">濃い</instance>
         <wf lemma="一" pos="X">一</wf>
         <wf lemma="杯" pos="X">杯</wf>
         <wf lemma="の" pos="X">の</wf>
         <wf lemma="紅茶" pos="X">紅茶</wf>
         <wf lemma="." pos="X">.</wf>
      </sentence>
      <sentence id="d000.s7212" source="wordnet-japanese">
         <wf lemma="彼女" pos="X">彼女</wf>
         <wf lemma="は" pos="X">は</wf>
         <wf lemma="大きい" pos="X">大きい</wf>
         <wf lemma="デパート" pos="X">デパート</wf>
         <wf lemma="を" pos="X">を</wf>
         <instance id="d000.s7212.t000" lemma="買い取る" pos="VERB">買い取る</instance>
         <wf lemma="." pos="X">.</wf>
      </sentence>
      <sentence id="d000.s7213" source="wordnet-japanese">
         <wf lemma="勝利" pos="X">勝利</wf>
         <wf lemma="の" pos="X">の</wf>
         <instance id="d000.s7213.t000" lemma="面持ち" pos="NOUN">面持ち</instance>
         <wf lemma="." pos="X">.</wf>
      </sentence>
      <sentence id="d000.s7214" source="wordnet-japanese">
         <wf lemma="女性" pos="X">女性</wf>
         <wf lemma="の" pos="X">の</wf>
         <wf lemma="中" pos="X">中</wf>
         <wf lemma="に" pos="X">に</wf>
         <wf lemma="は" pos="X">は</wf>
         <wf lemma="出産" pos="X">出産</wf>
         <wf lemma="の" pos="X">の</wf>
         <instance id="d000.s7214.t000" lemma="間隔" pos="NOUN">間隔</instance>
         <wf lemma="を" pos="X">を</wf>
         <wf lemma="コントロール" pos="X">コントロール</wf>
         <wf lemma="でき" pos="X">でき</wf>
         <wf lemma="ない" pos="X">ない</wf>
         <wf lemma="人" pos="X">人</wf>
         <wf lemma="も" pos="X">も</wf>
         <wf lemma="いる" pos="X">いる</wf>
         <wf lemma="." pos="X">.</wf>
      </sentence>
      <sentence id="d000.s7215" source="wordnet-japanese">
         <instance id="d000.s7215.t000" lemma="組織的" pos="ADJ">組織的</instance>
         <wf lemma="な" pos="X">な</wf>
         <wf lemma="構造" pos="X">構造</wf>
         <wf lemma="." pos="X">.</wf>
      </sentence>
      <sentence id="d000.s7216" source="wordnet-japanese">
         <instance id="d000.s7216.t000" lemma="牛" pos="NOUN">牛</instance>
         <wf lemma="が" pos="X">が</wf>
         <wf lemma="家" pos="X">家</wf>
         <wf lemma="に" pos="X">に</wf>
         <wf lemma="帰る" pos="X">帰る</wf>
         <wf lemma="まで" pos="X">まで</wf>
         <wf lemma="待つ" pos="X">待つ</wf>
         <wf lemma="." pos="X">.</wf>
      </sentence>
      <sentence id="d000.s7217" source="wordnet-japanese">
         <wf lemma="攻撃" pos="X">攻撃</wf>
         <wf lemma="を" pos="X">を</wf>
         <instance id="d000.s7217.t000" lemma="阻む" pos="VERB">阻む</instance>
         <wf lemma="." pos="X">.</wf>
      </sentence>
      <sentence id="d000.s7218" source="wordnet-japanese">
         <wf lemma="荒れ" pos="X">荒れ</wf>
         <wf lemma="狂っ" pos="X">狂っ</wf>
         <wf lemma="た" pos="X">た</wf>
         <wf lemma="海" pos="X">海</wf>
         <wf lemma="と" pos="X">と</wf>
         <instance id="d000.s7218.t000" lemma="静か" pos="ADJ">静か</instance>
         <wf lemma="な湾" pos="X">な湾</wf>
         <wf lemma="の" pos="X">の</wf>
         <wf lemma="間" pos="X">間</wf>
         <wf lemma="の" pos="X">の</wf>
         <wf lemma="帯状" pos="X">帯状</wf>
         <wf lemma="の" pos="X">の</wf>
         <wf lemma="砂地" pos="X">砂地</wf>
         <wf lemma="." pos="X">.</wf>
      </sentence>
      <sentence id="d000.s7219" source="wordnet-japanese">
         <wf lemma="手紙" pos="X">手紙</wf>
         <wf lemma="は" pos="X">は</wf>
         <wf lemma="彼" pos="X">彼</wf>
         <wf lemma="の" pos="X">の</wf>
         <wf lemma="子供" pos="X">子供</wf>
         <wf lemma="たち" pos="X">たち</wf>
         <wf lemma="から" pos="X">から</wf>
         <instance id="d000.s7219.t000" lemma="定期的" pos="ADV">定期的</instance>
         <wf lemma="に" pos="X">に</wf>
         <wf lemma="届い" pos="X">届い</wf>
         <wf lemma="た" pos="X">た</wf>
         <wf lemma="." pos="X">.</wf>
      </sentence>
      <sentence id="d000.s7220" source="wordnet-japanese">
         <wf lemma="彼" pos="X">彼</wf>
         <wf lemma="の" pos="X">の</wf>
         <wf lemma="母親" pos="X">母親</wf>
         <wf lemma="を" pos="X">を</wf>
         <wf lemma="訪ねる" pos="X">訪ねる</wf>
         <wf lemma="ため" pos="X">ため</wf>
         <wf lemma="の" pos="X">の</wf>
         <wf lemma="10" pos="X">10</wf>
         <wf lemma="日" pos="X">日</wf>
         <wf lemma="間" pos="X">間</wf>
         <wf lemma="の" pos="X">の</wf>
         <instance id="d000.s7220.t000" lemma="休暇" pos="NOUN">休暇</instance>
         <wf lemma="." pos="X">.</wf>
      </sentence>
      <sentence id="d000.s7221" source="wordnet-japanese">
         <instance id="d000.s7221.t000" lemma="楽観的" pos="ADJ">楽観的</instance>
         <wf lemma="な" pos="X">な</wf>
         <wf lemma="ムード" pos="X">ムード</wf>
         <wf lemma="で" pos="X">で</wf>
         <wf lemma="." pos="X">.</wf>
      </sentence>
      <sentence id="d000.s7222" source="wordnet-japanese">
         <instance id="d000.s7222.t000" lemma="自発的" pos="ADJ">自発的</instance>
         <wf lemma="な" pos="X">な</wf>
         <wf lemma="参加者" pos="X">参加者</wf>
         <wf lemma="." pos="X">.</wf>
      </sentence>
      <sentence id="d000.s7223" source="wordnet-japanese">
         <wf lemma="風船" pos="X">風船</wf>
         <wf lemma="は" pos="X">は</wf>
         <instance id="d000.s7223.t000" lemma="縮む" pos="VERB">縮ん</instance>
         <wf lemma="だ" pos="X">だ</wf>
         <wf lemma="." pos="X">.</wf>
      </sentence>
      <sentence id="d000.s7224" source="wordnet-japanese">
         <wf lemma="子供" pos="X">子供</wf>
         <wf lemma="たち" pos="X">たち</wf>
         <wf lemma="は" pos="X">は</wf>
         <wf lemma="、" pos="X">、</wf>
         <wf lemma="新しい" pos="X">新しい</wf>
         <wf lemma="先生" pos="X">先生</wf>
         <wf lemma="を" pos="X">を</wf>
         <instance id="d000.s7224.t000" lemma="からかう" pos="VERB">からかっ</instance>
         <wf lemma="た" pos="X">た</wf>
         <wf lemma="." pos="X">.</wf>
      </sentence>
      <sentence id="d000.s7225" source="wordnet-japanese">
         <wf lemma="学校" pos="X">学校</wf>
         <wf lemma="の" pos="X">の</wf>
         <instance id="d000.s7225.t000" lemma="歴史" pos="NOUN">歴史</instance>
         <wf lemma="の" pos="X">の</wf>
         <wf lemma="一大事" pos="X">一大事</wf>
         <wf lemma="." pos="X">.</wf>
      </sentence>
      <sentence id="d000.s7226" source="wordnet-japanese">
         <wf lemma="物語" pos="X">物語</wf>
         <wf lemma="を" pos="X">を</wf>
         <wf lemma="根本的" pos="X">根本的</wf>
         <wf lemma="に" pos="X">に</wf>
         <instance id="d000.s7226.t000" lemma="考える" pos="VERB">考える</instance>
         <wf lemma="." pos="X">.</wf>
      </sentence>
      <sentence id="d000.s7227" source="wordnet-japanese">
         <wf lemma="彼ら" pos="X">彼ら</wf>
         <wf lemma="は" pos="X">は</wf>
         <wf lemma="働き者" pos="X">働き者</wf>
         <wf lemma="たち" pos="X">たち</wf>
         <wf lemma="の" pos="X">の</wf>
         <instance id="d000.s7227.t000" lemma="忙しさ" pos="NOUN">忙しさ</instance>
         <wf lemma="を" pos="X">を</wf>
         <wf lemma="すべ" pos="X">すべ</wf>
         <wf lemma="て" pos="X">て</wf>
         <wf lemma="明らか" pos="X">明らか</wf>
         <wf lemma="に" pos="X">に</wf>
         <wf lemma="し" pos="X">し</wf>
         <wf lemma="た" pos="X">た</wf>
         <wf lemma="." pos="X">.</wf>
      </sentence>
      <sentence id="d000.s7228" source="wordnet-japanese">
         <wf lemma="牙" pos="X">牙</wf>
         <wf lemma="の" pos="X">の</wf>
         <wf lemma="一撃" pos="X">一撃</wf>
         <wf lemma="と" pos="X">と</wf>
         <wf lemma="同じ" pos="X">同じ</wf>
         <wf lemma="くらい" pos="X">くらい</wf>
         <instance id="d000.s7228.t000" lemma="鋭い" pos="ADJ">鋭く</instance>
         <wf lemma="て" pos="X">て</wf>
         <wf lemma="鋭利" pos="X">鋭利</wf>
         <wf lemma="な" pos="X">な</wf>
         <wf lemma="." pos="X">.</wf>
      </sentence>
      <sentence id="d000.s7229" source="wordnet-japanese">
         <wf lemma="最も" pos="X">最も</wf>
         <wf lemma="重々しく" pos="X">重々しく</wf>
         <instance id="d000.s7229.t000" lemma="実質的" pos="ADJ">実質的</instance>
         <wf lemma="な" pos="X">な</wf>
         <wf lemma="物−" pos="X">物−</wf>
         <wf lemma="シェイクスピア" pos="X">シェイクスピア</wf>
         <wf lemma="." pos="X">.</wf>
      </sentence>
      <sentence id="d000.s7230" source="wordnet-japanese">
         <instance id="d000.s7230.t000" lemma="巨大" pos="ADJ">巨大</instance>
         <wf lemma="な" pos="X">な</wf>
         <wf lemma="アメリカスギ" pos="X">アメリカスギ</wf>
         <wf lemma="." pos="X">.</wf>
      </sentence>
      <sentence id="d000.s7231" source="wordnet-japanese">
         <wf lemma="私" pos="X">私</wf>
         <wf lemma="が" pos="X">が</wf>
         <wf lemma="同意" pos="X">同意</wf>
         <wf lemma="する" pos="X">する</wf>
         <wf lemma="という" pos="X">という</wf>
         <wf lemma="あなた" pos="X">あなた</wf>
         <wf lemma="の" pos="X">の</wf>
         <instance id="d000.s7231.t000" lemma="前提" pos="NOUN">前提</instance>
         <wf lemma="は" pos="X">は</wf>
         <wf lemma="保障" pos="X">保障</wf>
         <wf lemma="さ" pos="X">さ</wf>
         <wf lemma="れ" pos="X">れ</wf>
         <wf lemma="ない" pos="X">ない</wf>
         <wf lemma="." pos="X">.</wf>
      </sentence>
      <sentence id="d000.s7232" source="wordnet-japanese">
         <wf lemma="彼" pos="X">彼</wf>
         <wf lemma="の" pos="X">の</wf>
         <wf lemma="頭" pos="X">頭</wf>
         <wf lemma="の" pos="X">の</wf>
         <instance id="d000.s7232.t000" lemma="トス" pos="NOUN">トス</instance>
         <wf lemma="." pos="X">.</wf>
      </sentence>
      <sentence id="d000.s7233" source="wordnet-japanese">
         <instance id="d000.s7233.t000" lemma="相撲" pos="NOUN">相撲</instance>
         <wf lemma="取り" pos="X">取り</wf>
         <wf lemma="は" pos="X">は</wf>
         <wf lemma="大きく" pos="X">大きく</wf>
         <wf lemma="て" pos="X">て</wf>
         <wf lemma="体重" pos="X">体重</wf>
         <wf lemma="が" pos="X">が</wf>
         <wf lemma="ある" pos="X">ある</wf>
         <wf lemma="男性" pos="X">男性</wf>
         <wf lemma="である" pos="X">である</wf>
         <wf lemma="." pos="X">.</wf>
      </sentence>
      <sentence id="d000.s7234" source="wordnet-japanese">
         <wf lemma="それ" pos="X">それ</wf>
         <wf lemma="は" pos="X">は</wf>
         <wf lemma="私たち" pos="X">私たち</wf>
         <wf lemma="が" pos="X">が</wf>
         <wf lemma="予想" pos="X">予想</wf>
         <wf lemma="し" pos="X">し</wf>
         <wf lemma="た" pos="X">た</wf>
         <wf lemma="こと" pos="X">こと</wf>
         <wf lemma="と" pos="X">と</wf>
         <instance id="d000.s7234.t000" lemma="完全" pos="ADV">完全</instance>
         <wf lemma="に" pos="X">に</wf>
         <wf lemma="異なっ" pos="X">異なっ</wf>
         <wf lemma="て" pos="X">て</wf>
         <wf lemma="い" pos="X">い</wf>
         <wf lemma="た" pos="X">た</wf>
         <wf lemma="." pos="X">.</wf>
      </sentence>
      <sentence id="d000.s7235" source="wordnet-japanese">
         <instance id="d000.s7235.t000" lemma="精巧" pos="ADV">精巧</instance>
         <wf lemma="に" pos="X">に</wf>
         <wf lemma="形作" pos="X">形作</wf>
         <wf lemma="られ" pos="X">られ</wf>
         <wf lemma="た" pos="X">た</wf>
         <wf lemma="外観" pos="X">外観</wf>
         <wf lemma="." pos="X">.</wf>
      </sentence>
      <sentence id="d000.s7236" source="wordnet-japanese">
         <wf lemma="道" pos="X">道</wf>
         <wf lemma="徳論" pos="X">徳論</wf>
         <wf lemma="の" pos="X">の</wf>
         <instance id="d000.s7236.t000" lemma="経験的" pos="ADJ">経験的</instance>
         <wf lemma="基礎" pos="X">基礎</wf>
         <wf lemma="." pos="X">.</wf>
      </sentence>
      <sentence id="d000.s7237" source="wordnet-japanese">
         <wf lemma="彼" pos="X">彼</wf>
         <wf lemma="は" pos="X">は</wf>
         <wf lemma="、" pos="X">、</wf>
         <instance id="d000.s7237.t000" lemma="高所" pos="NOUN">高所</instance>
         <wf lemma="が" pos="X">が</wf>
         <wf lemma="好き" pos="X">好き</wf>
         <wf lemma="で" pos="X">で</wf>
         <wf lemma="ない" pos="X">ない</wf>
         <wf lemma="." pos="X">.</wf>
      </sentence>
      <sentence id="d000.s7238" source="wordnet-japanese">
         <wf lemma="一票" pos="X">一票</wf>
         <wf lemma="を" pos="X">を</wf>
         <instance id="d000.s7238.t000" lemma="投じる" pos="VERB">投じる</instance>
         <wf lemma="." pos="X">.</wf>
      </sentence>
      <sentence id="d000.s7239" source="wordnet-japanese">
         <wf lemma="富" pos="X">富</wf>
         <wf lemma="の" pos="X">の</wf>
         <instance id="d000.s7239.t000" lemma="不公平" pos="ADJ">不公平</instance>
         <wf lemma="な" pos="X">な</wf>
         <wf lemma="分配" pos="X">分配</wf>
         <wf lemma="." pos="X">.</wf>
      </sentence>
      <sentence id="d000.s7240" source="wordnet-japanese">
         <wf lemma="日本語" pos="X">日本語</wf>
         <wf lemma="の" pos="X">の</wf>
         <instance id="d000.s7240.t000" lemma="実用的" pos="ADJ">実用的</instance>
         <wf lemma="な" pos="X">な</wf>
         <wf lemma="知識" pos="X">知識</wf>
         <wf lemma="." pos="X">.</wf>
      </sentence>
      <sentence id="d000.s7241" source="wordnet-japanese">
         <instance id="d000.s7241.t000" lemma="刺激的" pos="ADJ">刺激的</instance>
         <wf lemma="な" pos="X">な</wf>
         <wf lemma="議論" pos="X">議論</wf>
         <wf lemma="." pos="X">.</wf>
      </sentence>
      <sentence id="d000.s7242" source="wordnet-japanese">
         <wf lemma="彼" pos="X">彼</wf>
         <wf lemma="は" pos="X">は</wf>
         <wf lemma="、" pos="X">、</wf>
         <instance id="d000.s7242.t000" lemma="少し" pos="ADV">少し</instance>
         <wf lemma="興味" pos="X">興味</wf>
         <wf lemma="を" pos="X">を</wf>
         <wf lemma="持っ" pos="X">持っ</wf>
         <wf lemma="て" pos="X">て</wf>
         <wf lemma="い" pos="X">い</wf>
         <wf lemma="た" pos="X">た</wf>
         <wf lemma="." pos="X">.</wf>
      </sentence>
      <sentence id="d000.s7243" source="wordnet-japanese">
         <instance id="d000.s7243.t000" lemma="ニンフ" pos="NOUN">ニンフ</instance>
         <wf lemma="が" pos="X">が</wf>
         <wf lemma="森" pos="X">森</wf>
         <wf lemma="と" pos="X">と</wf>
         <wf lemma="水中" pos="X">水中</wf>
         <wf lemma="に" pos="X">に</wf>
         <wf lemma="すん" pos="X">すん</wf>
         <wf lemma="で" pos="X">で</wf>
         <wf lemma="いる" pos="X">いる</wf>
         <wf lemma="と" pos="X">と</wf>
         <wf lemma="古代" pos="X">古代</wf>
         <wf lemma="の" pos="X">の</wf>
         <wf lemma="ギリシア" pos="X">ギリシア</wf>
         <wf lemma="人" pos="X">人</wf>
         <wf lemma="は" pos="X">は</wf>
         <wf lemma="信じ" pos="X">信じ</wf>
         <wf lemma="た" pos="X">た</wf>
         <wf lemma="." pos="X">.</wf>
      </sentence>
      <sentence id="d000.s7244" source="wordnet-japanese">
         <wf lemma="ナイジェリア" pos="X">ナイジェリア</wf>
         <wf lemma="の" pos="X">の</wf>
         <instance id="d000.s7244.t000" lemma="近代化" pos="NOUN">近代化</instance>
         <wf lemma="に" pos="X">に</wf>
         <wf lemma="は" pos="X">は</wf>
         <wf lemma="時間" pos="X">時間</wf>
         <wf lemma="が" pos="X">が</wf>
         <wf lemma="かかる" pos="X">かかる</wf>
         <wf lemma="だろ" pos="X">だろ</wf>
         <wf lemma="う" pos="X">う</wf>
         <wf lemma="." pos="X">.</wf>
      </sentence>
      <sentence id="d000.s7245" source="wordnet-japanese">
         <wf lemma="資本主義" pos="X">資本主義</wf>
         <wf lemma="と" pos="X">と</wf>
         <wf lemma="社会主義" pos="X">社会主義</wf>
         <wf lemma="の" pos="X">の</wf>
         <wf lemma="生来" pos="X">生来</wf>
         <wf lemma="の" pos="X">の</wf>
         <instance id="d000.s7245.t000" lemma="確執" pos="NOUN">確執</instance>
         <wf lemma="." pos="X">.</wf>
      </sentence>
      <sentence id="d000.s7246" source="wordnet-japanese">
         <instance id="d000.s7246.t000" lemma="困窮" pos="NOUN">困窮</instance>
         <wf lemma="で" pos="X">で</wf>
         <wf lemma="苦しむ" pos="X">苦しむ</wf>
         <wf lemma="借金" pos="X">借金</wf>
         <wf lemma="苦" pos="X">苦</wf>
         <wf lemma="の" pos="X">の</wf>
         <wf lemma="百" pos="X">百</wf>
         <wf lemma="姓" pos="X">姓</wf>
         <wf lemma="." pos="X">.</wf>
      </sentence>
      <sentence id="d000.s7247" source="wordnet-japanese">
         <instance id="d000.s7247.t000" lemma="同情的" pos="ADJ">同情的</instance>
         <wf lemma="な" pos="X">な</wf>
         <wf lemma="観察者" pos="X">観察者</wf>
         <wf lemma="." pos="X">.</wf>
      </sentence>
      <sentence id="d000.s7248" source="wordnet-japanese">
         <wf lemma="ブラシ" pos="X">ブラシ</wf>
         <wf lemma="より" pos="X">より</wf>
         <wf lemma="ローラー" pos="X">ローラー</wf>
         <wf lemma="を" pos="X">を</wf>
         <wf lemma="使っ" pos="X">使っ</wf>
         <wf lemma="た" pos="X">た</wf>
         <wf lemma="方" pos="X">方</wf>
         <wf lemma="が" pos="X">が</wf>
         <instance id="d000.s7248.t000" lemma="塗装" pos="NOUN">塗装</instance>
         <wf lemma="を" pos="X">を</wf>
         <wf lemma="早く" pos="X">早く</wf>
         <wf lemma="仕上げる" pos="X">仕上げる</wf>
         <wf lemma="こと" pos="X">こと</wf>
         <wf lemma="が" pos="X">が</wf>
         <wf lemma="できる" pos="X">できる</wf>
         <wf lemma="." pos="X">.</wf>
      </sentence>
      <sentence id="d000.s7249" source="wordnet-japanese">
         <wf lemma="あなた" pos="X">あなた</wf>
         <wf lemma="は" pos="X">は</wf>
         <wf lemma="辞書" pos="X">辞書</wf>
         <wf lemma="を" pos="X">を</wf>
         <instance id="d000.s7249.t000" lemma="調べる" pos="VERB">調べる</instance>
         <wf lemma="べき" pos="X">べき</wf>
         <wf lemma="だ" pos="X">だ</wf>
         <wf lemma="." pos="X">.</wf>
      </sentence>
      <sentence id="d000.s7250" source="wordnet-japanese">
         <instance id="d000.s7250.t000" lemma="血まみれ" pos="ADJ">血まみれ</instance>
         <wf lemma="の" pos="X">の</wf>
         <wf lemma="短剣" pos="X">短剣</wf>
         <wf lemma="." pos="X">.</wf>
      </sentence>
      <sentence id="d000.s7251" source="wordnet-japanese">
         <wf lemma="彼ら" pos="X">彼ら</wf>
         <wf lemma="は" pos="X">は</wf>
         <wf lemma="託児所" pos="X">託児所</wf>
         <wf lemma="の" pos="X">の</wf>
         <instance id="d000.s7251.t000" lemma="閉鎖" pos="NOUN">閉鎖</instance>
         <wf lemma="を" pos="X">を</wf>
         <wf lemma="後悔" pos="X">後悔</wf>
         <wf lemma="し" pos="X">し</wf>
         <wf lemma="た" pos="X">た</wf>
         <wf lemma="." pos="X">.</wf>
      </sentence>
      <sentence id="d000.s7252" source="wordnet-japanese">
         <wf lemma="彼女" pos="X">彼女</wf>
         <wf lemma="は" pos="X">は</wf>
         <wf lemma="この" pos="X">この</wf>
         <wf lemma="性的" pos="X">性的</wf>
         <instance id="d000.s7252.t000" lemma="パワープレー" pos="NOUN">パワープレー</instance>
         <wf lemma="を" pos="X">を</wf>
         <wf lemma="笑っ" pos="X">笑っ</wf>
         <wf lemma="て" pos="X">て</wf>
         <wf lemma="出" pos="X">出</wf>
         <wf lemma="て" pos="X">て</wf>
         <wf lemma="行っ" pos="X">行っ</wf>
         <wf lemma="た" pos="X">た</wf>
         <wf lemma="." pos="X">.</wf>
      </sentence>
      <sentence id="d000.s7253" source="wordnet-japanese">
         <wf lemma="ローマカトリック" pos="X">ローマカトリック</wf>
         <instance id="d000.s7253.t000" lemma="神学" pos="NOUN">神学</instance>
         <wf lemma="." pos="X">.</wf>
      </sentence>
      <sentence id="d000.s7254" source="wordnet-japanese">
         <wf lemma="インチ" pos="X">インチ</wf>
         <wf lemma="ごと" pos="X">ごと</wf>
         <wf lemma="に" pos="X">に</wf>
         <instance id="d000.s7254.t000" lemma="ピクセル" pos="NOUN">ピクセル</instance>
         <wf lemma="の" pos="X">の</wf>
         <wf lemma="数" pos="X">数</wf>
         <wf lemma="が" pos="X">が</wf>
         <wf lemma="大きけれ" pos="X">大きけれ</wf>
         <wf lemma="ば" pos="X">ば</wf>
         <wf lemma="大きい" pos="X">大きい</wf>
         <wf lemma="ほど" pos="X">ほど</wf>
         <wf lemma="解像" pos="X">解像</wf>
         <wf lemma="度" pos="X">度</wf>
         <wf lemma="は" pos="X">は</wf>
         <wf lemma="高く" pos="X">高く</wf>
         <wf lemma="なる" pos="X">なる</wf>
         <wf lemma="." pos="X">.</wf>
      </sentence>
      <sentence id="d000.s7255" source="wordnet-japanese">
         <wf lemma="栄養" pos="X">栄養</wf>
         <wf lemma="の" pos="X">の</wf>
         <instance id="d000.s7255.t000" lemma="欠如" pos="NOUN">欠如</instance>
         <wf lemma="." pos="X">.</wf>
      </sentence>
      <sentence id="d000.s7256" source="wordnet-japanese">
         <wf lemma="彼" pos="X">彼</wf>
         <wf lemma="は" pos="X">は</wf>
         <wf lemma="大きな" pos="X">大きな</wf>
         <instance id="d000.s7256.t000" lemma="成功" pos="NOUN">成功</instance>
         <wf lemma="を" pos="X">を</wf>
         <wf lemma="楽しん" pos="X">楽しん</wf>
         <wf lemma="で" pos="X">で</wf>
         <wf lemma="いる" pos="X">いる</wf>
         <wf lemma="." pos="X">.</wf>
      </sentence>
      <sentence id="d000.s7257" source="wordnet-japanese">
         <instance id="d000.s7257.t000" lemma="包括的" pos="ADJ">包括的</instance>
         <wf lemma="な" pos="X">な</wf>
         <wf lemma="カリキュラム" pos="X">カリキュラム</wf>
         <wf lemma="." pos="X">.</wf>
      </sentence>
      <sentence id="d000.s7258" source="wordnet-japanese">
         <wf lemma="鎖" pos="X">鎖</wf>
         <wf lemma="の" pos="X">の</wf>
         <instance id="d000.s7258.t000" lemma="弱い" pos="ADJ">弱い</instance>
         <wf lemma="連結" pos="X">連結</wf>
         <wf lemma="." pos="X">.</wf>
      </sentence>
      <sentence id="d000.s7259" source="wordnet-japanese">
         <wf lemma="コンピュータ" pos="X">コンピュータ</wf>
         <wf lemma="は" pos="X">は</wf>
         <wf lemma="今" pos="X">今</wf>
         <wf lemma="で" pos="X">で</wf>
         <wf lemma="は" pos="X">は</wf>
         <wf lemma="幅広く" pos="X">幅広く</wf>
         <instance id="d000.s7259.t000" lemma="仕事" pos="NOUN">仕事</instance>
         <wf lemma="で" pos="X">で</wf>
         <wf lemma="使わ" pos="X">使わ</wf>
         <wf lemma="れ" pos="X">れ</wf>
         <wf lemma="て" pos="X">て</wf>
         <wf lemma="いる" pos="X">いる</wf>
         <wf lemma="." pos="X">.</wf>
      </sentence>
      <sentence id="d000.s7260" source="wordnet-japanese">
         <instance id="d000.s7260.t000" lemma="典型的" pos="ADJ">典型的</instance>
         <wf lemma="な" pos="X">な</wf>
         <wf lemma="映画" pos="X">映画</wf>
         <wf lemma="ファン" pos="X">ファン</wf>
         <wf lemma="." pos="X">.</wf>
      </sentence>
      <sentence id="d000.s7261" source="wordnet-japanese">
         <wf lemma="教育" pos="X">教育</wf>
         <wf lemma="の" pos="X">の</wf>
         <wf lemma="歴史" pos="X">歴史</wf>
         <wf lemma="の" pos="X">の</wf>
         <instance id="d000.s7261.t000" lemma="暗黒" pos="ADJ">暗黒</instance>
         <wf lemma="時代" pos="X">時代</wf>
         <wf lemma="." pos="X">.</wf>
      </sentence>
      <sentence id="d000.s7262" source="wordnet-japanese">
         <wf lemma="彼" pos="X">彼</wf>
         <wf lemma="は" pos="X">は</wf>
         <wf lemma="一" pos="X">一</wf>
         <wf lemma="杯" pos="X">杯</wf>
         <wf lemma="の" pos="X">の</wf>
         <instance id="d000.s7262.t000" lemma="水" pos="NOUN">水</instance>
         <wf lemma="を" pos="X">を</wf>
         <wf lemma="頼ん" pos="X">頼ん</wf>
         <wf lemma="だ" pos="X">だ</wf>
         <wf lemma="." pos="X">.</wf>
      </sentence>
      <sentence id="d000.s7263" source="wordnet-japanese">
         <instance id="d000.s7263.t000" lemma="生半可" pos="ADJ">生半可</instance>
         <wf lemma="な" pos="X">な</wf>
         <wf lemma="考え" pos="X">考え</wf>
         <wf lemma="." pos="X">.</wf>
      </sentence>
      <sentence id="d000.s7264" source="wordnet-japanese">
         <wf lemma="その" pos="X">その</wf>
         <wf lemma="法律" pos="X">法律</wf>
         <wf lemma="の" pos="X">の</wf>
         <wf lemma="適応" pos="X">適応</wf>
         <wf lemma="は" pos="X">は</wf>
         <instance id="d000.s7264.t000" lemma="さらに" pos="ADV">さらに</instance>
         <wf lemma="広げ" pos="X">広げ</wf>
         <wf lemma="られ" pos="X">られ</wf>
         <wf lemma="た" pos="X">た</wf>
         <wf lemma="." pos="X">.</wf>
      </sentence>
      <sentence id="d000.s7265" source="wordnet-japanese">
         <wf lemma="パイロット" pos="X">パイロット</wf>
         <wf lemma="は" pos="X">は</wf>
         <instance id="d000.s7265.t000" lemma="検査" pos="NOUN">検査</instance>
         <wf lemma="手続き" pos="X">手続き</wf>
         <wf lemma="を" pos="X">を</wf>
         <wf lemma="一通り" pos="X">一通り</wf>
         <wf lemma="行っ" pos="X">行っ</wf>
         <wf lemma="た" pos="X">た</wf>
         <wf lemma="." pos="X">.</wf>
      </sentence>
      <sentence id="d000.s7266" source="wordnet-japanese">
         <wf lemma="この" pos="X">この</wf>
         <wf lemma="決断" pos="X">決断</wf>
         <wf lemma="は" pos="X">は</wf>
         <wf lemma="多く" pos="X">多く</wf>
         <wf lemma="の" pos="X">の</wf>
         <wf lemma="変更" pos="X">変更</wf>
         <wf lemma="を" pos="X">を</wf>
         <instance id="d000.s7266.t000" lemma="伴う" pos="VERB">伴う</instance>
         <wf lemma="." pos="X">.</wf>
      </sentence>
      <sentence id="d000.s7267" source="wordnet-japanese">
         <wf lemma="火曜日" pos="X">火曜日</wf>
         <wf lemma="は" pos="X">は</wf>
         <wf lemma="月曜日" pos="X">月曜日</wf>
         <wf lemma="に" pos="X">に</wf>
         <wf lemma="常に" pos="X">常に</wf>
         <instance id="d000.s7267.t000" lemma="続く" pos="VERB">続く</instance>
         <wf lemma="." pos="X">.</wf>
      </sentence>
      <sentence id="d000.s7268" source="wordnet-japanese">
         <instance id="d000.s7268.t000" lemma="警備" pos="NOUN">警備</instance>
         <wf lemma="部長" pos="X">部長</wf>
         <wf lemma="は" pos="X">は</wf>
         <wf lemma="元" pos="X">元</wf>
         <wf lemma="警官" pos="X">警官</wf>
         <wf lemma="だっ" pos="X">だっ</wf>
         <wf lemma="た" pos="X">た</wf>
         <wf lemma="." pos="X">.</wf>
      </sentence>
      <sentence id="d000.s7269" source="wordnet-japanese">
         <instance id="d000.s7269.t000" lemma="付随的" pos="ADJ">付随的</instance>
         <wf lemma="な" pos="X">な</wf>
         <wf lemma="証拠" pos="X">証拠</wf>
         <wf lemma="." pos="X">.</wf>
      </sentence>
      <sentence id="d000.s7270" source="wordnet-japanese">
         <instance id="d000.s7270.t000" lemma="無得点" pos="ADJ">無得点</instance>
         <wf lemma="の" pos="X">の</wf>
         <wf lemma="イニング" pos="X">イニング</wf>
         <wf lemma="." pos="X">.</wf>
      </sentence>
      <sentence id="d000.s7271" source="wordnet-japanese">
         <wf lemma="矢印" pos="X">矢印</wf>
         <wf lemma="の" pos="X">の</wf>
         <instance id="d000.s7271.t000" lemma="先端" pos="NOUN">先端</instance>
         <wf lemma="は" pos="X">は</wf>
         <wf lemma="正北" pos="X">正北</wf>
         <wf lemma="に" pos="X">に</wf>
         <wf lemma="向い" pos="X">向い</wf>
         <wf lemma="て" pos="X">て</wf>
         <wf lemma="い" pos="X">い</wf>
         <wf lemma="た" pos="X">た</wf>
         <wf lemma="." pos="X">.</wf>
      </sentence>
      <sentence id="d000.s7272" source="wordnet-japanese">
         <wf lemma="豊か" pos="X">豊か</wf>
         <wf lemma="な" pos="X">な</wf>
         <wf lemma="国" pos="X">国</wf>
         <wf lemma="と" pos="X">と</wf>
         <instance id="d000.s7272.t000" lemma="貧しい" pos="ADJ">貧しい</instance>
         <wf lemma="国" pos="X">国</wf>
         <wf lemma="の" pos="X">の</wf>
         <wf lemma="格差" pos="X">格差</wf>
         <wf lemma="を" pos="X">を</wf>
         <wf lemma="嘆く" pos="X">嘆く</wf>
         <wf lemma="." pos="X">.</wf>
      </sentence>
      <sentence id="d000.s7273" source="wordnet-japanese">
         <wf lemma="彼" pos="X">彼</wf>
         <wf lemma="は" pos="X">は</wf>
         <wf lemma="100" pos="X">100</wf>
         <wf lemma="ヤード" pos="X">ヤード</wf>
         <instance id="d000.s7273.t000" lemma="ダッシュ" pos="NOUN">ダッシュ</instance>
         <wf lemma="の" pos="X">の</wf>
         <wf lemma="準備" pos="X">準備</wf>
         <wf lemma="を" pos="X">を</wf>
         <wf lemma="し" pos="X">し</wf>
         <wf lemma="て" pos="X">て</wf>
         <wf lemma="いる" pos="X">いる</wf>
         <wf lemma="ところ" pos="X">ところ</wf>
         <wf lemma="だ" pos="X">だ</wf>
         <wf lemma="." pos="X">.</wf>
      </sentence>
      <sentence id="d000.s7274" source="wordnet-japanese">
         <wf lemma="彼ら" pos="X">彼ら</wf>
         <wf lemma="は" pos="X">は</wf>
         <wf lemma="競技者" pos="X">競技者</wf>
         <wf lemma="たち" pos="X">たち</wf>
         <wf lemma="に対する" pos="X">に対する</wf>
         <wf lemma="私" pos="X">私</wf>
         <wf lemma="の" pos="X">の</wf>
         <instance id="d000.s7274.t000" lemma="審査" pos="NOUN">審査</instance>
         <wf lemma="を" pos="X">を</wf>
         <wf lemma="批判" pos="X">批判</wf>
         <wf lemma="し" pos="X">し</wf>
         <wf lemma="た" pos="X">た</wf>
         <wf lemma="." pos="X">.</wf>
      </sentence>
      <sentence id="d000.s7275" source="wordnet-japanese">
         <wf lemma="これら" pos="X">これら</wf>
         <wf lemma="の" pos="X">の</wf>
         <wf lemma="靴" pos="X">靴</wf>
         <wf lemma="を" pos="X">を</wf>
         <instance id="d000.s7275.t000" lemma="染める" pos="VERB">染め</instance>
         <wf lemma="て" pos="X">て</wf>
         <wf lemma="ください" pos="X">ください</wf>
         <wf lemma="." pos="X">.</wf>
      </sentence>
      <sentence id="d000.s7276" source="wordnet-japanese">
         <instance id="d000.s7276.t000" lemma="機知" pos="NOUN">機知</instance>
         <wf lemma="に" pos="X">に</wf>
         <wf lemma="富ん" pos="X">富ん</wf>
         <wf lemma="だ" pos="X">だ</wf>
         <wf lemma="人" pos="X">人</wf>
         <wf lemma="." pos="X">.</wf>
      </sentence>
      <sentence id="d000.s7277" source="wordnet-japanese">
         <wf lemma="彼女" pos="X">彼女</wf>
         <wf lemma="の" pos="X">の</wf>
         <wf lemma="頬" pos="X">頬</wf>
         <wf lemma="の" pos="X">の</wf>
         <instance id="d000.s7277.t000" lemma="白さ" pos="NOUN">白さ</instance>
         <wf lemma="だけ" pos="X">だけ</wf>
         <wf lemma="が" pos="X">が</wf>
         <wf lemma="、" pos="X">、</wf>
         <wf lemma="彼女" pos="X">彼女</wf>
         <wf lemma="が" pos="X">が</wf>
         <wf lemma="苦しん" pos="X">苦しん</wf>
         <wf lemma="で" pos="X">で</wf>
         <wf lemma="い" pos="X">い</wf>
         <wf lemma="た" pos="X">た</wf>
         <wf lemma="ストレス" pos="X">ストレス</wf>
         <wf lemma="の" pos="X">の</wf>
         <wf lemma="あらゆる" pos="X">あらゆる</wf>
         <wf lemma="徴候" pos="X">徴候</wf>
         <wf lemma="を" pos="X">を</wf>
         <wf lemma="与え" pos="X">与え</wf>
         <wf lemma="た" pos="X">た</wf>
         <wf lemma="." pos="X">.</wf>
      </sentence>
      <sentence id="d000.s7278" source="wordnet-japanese">
         <wf lemma="彼" pos="X">彼</wf>
         <wf lemma="は" pos="X">は</wf>
         <wf lemma="宗教的" pos="X">宗教的</wf>
         <wf lemma="な" pos="X">な</wf>
         <instance id="d000.s7278.t000" lemma="経験" pos="NOUN">経験</instance>
         <wf lemma="を" pos="X">を</wf>
         <wf lemma="し" pos="X">し</wf>
         <wf lemma="た" pos="X">た</wf>
         <wf lemma="." pos="X">.</wf>
      </sentence>
      <sentence id="d000.s7279" source="wordnet-japanese">
         <wf lemma="連合国" pos="X">連合国</wf>
         <wf lemma="は" pos="X">は</wf>
         <wf lemma="材料" pos="X">材料</wf>
         <wf lemma="不足" pos="X">不足</wf>
         <wf lemma="の" pos="X">の</wf>
         <wf lemma="ため" pos="X">ため</wf>
         <wf lemma="に" pos="X">に</wf>
         <wf lemma="、" pos="X">、</wf>
         <wf lemma="あらゆる" pos="X">あらゆる</wf>
         <wf lemma="局面" pos="X">局面</wf>
         <wf lemma="で" pos="X">で</wf>
         <instance id="d000.s7279.t000" lemma="絶望的" pos="ADJ">絶望的</instance>
         <wf lemma="な" pos="X">な</wf>
         <wf lemma="状況" pos="X">状況</wf>
         <wf lemma="に" pos="X">に</wf>
         <wf lemma="あっ" pos="X">あっ</wf>
         <wf lemma="た" pos="X">た</wf>
         <wf lemma="−" pos="X">−</wf>
         <wf lemma="G.C" pos="X">G.C</wf>
         <wf lemma="." pos="X">.</wf>
         <wf lemma="マーシャル" pos="X">マーシャル</wf>
         <wf lemma="." pos="X">.</wf>
      </sentence>
      <sentence id="d000.s7280" source="wordnet-japanese">
         <wf lemma="海" pos="X">海</wf>
         <wf lemma="の" pos="X">の</wf>
         <instance id="d000.s7280.t000" lemma="抱擁" pos="NOUN">抱擁</instance>
         <wf lemma="の" pos="X">の</wf>
         <wf lemma="島" pos="X">島</wf>
         <wf lemma="." pos="X">.</wf>
      </sentence>
      <sentence id="d000.s7281" source="wordnet-japanese">
         <wf lemma="政府" pos="X">政府</wf>
         <wf lemma="は" pos="X">は</wf>
         <wf lemma="その" pos="X">その</wf>
         <instance id="d000.s7281.t000" lemma="役割" pos="NOUN">役割</instance>
         <wf lemma="を" pos="X">を</wf>
         <wf lemma="果たさ" pos="X">果たさ</wf>
         <wf lemma="なければ" pos="X">なければ</wf>
         <wf lemma="なら" pos="X">なら</wf>
         <wf lemma="ない" pos="X">ない</wf>
         <wf lemma="." pos="X">.</wf>
      </sentence>
      <sentence id="d000.s7282" source="wordnet-japanese">
         <wf lemma="情報" pos="X">情報</wf>
         <wf lemma="は" pos="X">は</wf>
         <wf lemma="、" pos="X">、</wf>
         <instance id="d000.s7282.t000" lemma="リアルタイム" pos="NOUN">リアルタイム</instance>
         <wf lemma="に" pos="X">に</wf>
         <wf lemma="更新" pos="X">更新</wf>
         <wf lemma="さ" pos="X">さ</wf>
         <wf lemma="れる" pos="X">れる</wf>
         <wf lemma="." pos="X">.</wf>
      </sentence>
      <sentence id="d000.s7283" source="wordnet-japanese">
         <wf lemma="その" pos="X">その</wf>
         <instance id="d000.s7283.t000" lemma="実状" pos="NOUN">実状</instance>
         <wf lemma="." pos="X">.</wf>
      </sentence>
      <sentence id="d000.s7284" source="wordnet-japanese">
         <wf lemma="彼" pos="X">彼</wf>
         <wf lemma="の" pos="X">の</wf>
         <wf lemma="すべて" pos="X">すべて</wf>
         <wf lemma="の" pos="X">の</wf>
         <instance id="d000.s7284.t000" lemma="お金" pos="NOUN">お金</instance>
         <wf lemma="は" pos="X">は</wf>
         <wf lemma="、" pos="X">、</wf>
         <wf lemma="不動産" pos="X">不動産</wf>
         <wf lemma="に" pos="X">に</wf>
         <wf lemma="ある" pos="X">ある</wf>
         <wf lemma="." pos="X">.</wf>
      </sentence>
      <sentence id="d000.s7285" source="wordnet-japanese">
         <wf lemma="成長" pos="X">成長</wf>
         <wf lemma="中" pos="X">中</wf>
         <wf lemma="の" pos="X">の</wf>
         <instance id="d000.s7285.t000" lemma="企業" pos="NOUN">企業</instance>
         <wf lemma="は" pos="X">は</wf>
         <wf lemma="大胆" pos="X">大胆</wf>
         <wf lemma="な" pos="X">な</wf>
         <wf lemma="指導者" pos="X">指導者</wf>
         <wf lemma="い" pos="X">い</wf>
         <wf lemma="なければ" pos="X">なければ</wf>
         <wf lemma="なら" pos="X">なら</wf>
         <wf lemma="ない" pos="X">ない</wf>
         <wf lemma="." pos="X">.</wf>
      </sentence>
      <sentence id="d000.s7286" source="wordnet-japanese">
         <wf lemma="陰気" pos="X">陰気</wf>
         <wf lemma="な" pos="X">な</wf>
         <wf lemma="雰囲気" pos="X">雰囲気</wf>
         <wf lemma="を" pos="X">を</wf>
         <instance id="d000.s7286.t000" lemma="追い払う" pos="VERB">追い払う</instance>
         <wf lemma="." pos="X">.</wf>
      </sentence>
      <sentence id="d000.s7287" source="wordnet-japanese">
         <wf lemma="よい" pos="X">よい</wf>
         <instance id="d000.s7287.t000" lemma="ショット" pos="NOUN">ショット</instance>
         <wf lemma="に" pos="X">に</wf>
         <wf lemma="は" pos="X">は</wf>
         <wf lemma="、" pos="X">、</wf>
         <wf lemma="よい" pos="X">よい</wf>
         <wf lemma="バランス" pos="X">バランス</wf>
         <wf lemma="と" pos="X">と</wf>
         <wf lemma="テンポ" pos="X">テンポ</wf>
         <wf lemma="が" pos="X">が</wf>
         <wf lemma="必要" pos="X">必要</wf>
         <wf lemma="だ" pos="X">だ</wf>
         <wf lemma="." pos="X">.</wf>
      </sentence>
      <sentence id="d000.s7288" source="wordnet-japanese">
         <wf lemma="ワインレッド" pos="X">ワインレッド</wf>
         <wf lemma="や" pos="X">や</wf>
         <wf lemma="ネイビーブルー" pos="X">ネイビーブルー</wf>
         <wf lemma="の" pos="X">の</wf>
         <wf lemma="ような" pos="X">ような</wf>
         <instance id="d000.s7288.t000" lemma="暗い" pos="ADJ">暗い</instance>
         <wf lemma="色" pos="X">色</wf>
         <wf lemma="." pos="X">.</wf>
      </sentence>
      <sentence id="d000.s7289" source="wordnet-japanese">
         <instance id="d000.s7289.t000" lemma="反対" pos="ADJ">反対</instance>
         <wf lemma="方向" pos="X">方向</wf>
         <wf lemma="を" pos="X">を</wf>
         <wf lemma="見る" pos="X">見る</wf>
         <wf lemma="." pos="X">.</wf>
      </sentence>
      <sentence id="d000.s7290" source="wordnet-japanese">
         <wf lemma="最も" pos="X">最も</wf>
         <instance id="d000.s7290.t000" lemma="大胆" pos="ADJ">大胆</instance>
         <wf lemma="な" pos="X">な</wf>
         <wf lemma="現代" pos="X">現代</wf>
         <wf lemma="の" pos="X">の</wf>
         <wf lemma="小説家" pos="X">小説家</wf>
         <wf lemma="." pos="X">.</wf>
      </sentence>
      <sentence id="d000.s7291" source="wordnet-japanese">
         <wf lemma="帳" pos="X">帳</wf>
         <wf lemma="簿係" pos="X">簿係</wf>
         <wf lemma="は" pos="X">は</wf>
         <wf lemma="、" pos="X">、</wf>
         <instance id="d000.s7291.t000" lemma="コラム" pos="NOUN">コラム</instance>
         <wf lemma="に" pos="X">に</wf>
         <wf lemma="分け" pos="X">分け</wf>
         <wf lemma="られ" pos="X">られ</wf>
         <wf lemma="た" pos="X">た</wf>
         <wf lemma="ページ" pos="X">ページ</wf>
         <wf lemma="を" pos="X">を</wf>
         <wf lemma="使っ" pos="X">使っ</wf>
         <wf lemma="た" pos="X">た</wf>
         <wf lemma="." pos="X">.</wf>
      </sentence>
      <sentence id="d000.s7292" source="wordnet-japanese">
         <wf lemma="ボート" pos="X">ボート</wf>
         <wf lemma="は" pos="X">は</wf>
         <wf lemma="浅い沼地" pos="X">浅い沼地</wf>
         <wf lemma="の" pos="X">の</wf>
         <wf lemma="領域" pos="X">領域</wf>
         <wf lemma="に" pos="X">に</wf>
         <instance id="d000.s7292.t000" lemma="入る" pos="VERB">入っ</instance>
         <wf lemma="た" pos="X">た</wf>
         <wf lemma="." pos="X">.</wf>
      </sentence>
      <sentence id="d000.s7293" source="wordnet-japanese">
         <wf lemma="彼" pos="X">彼</wf>
         <wf lemma="は" pos="X">は</wf>
         <wf lemma="イタリア" pos="X">イタリア</wf>
         <wf lemma="に" pos="X">に</wf>
         <instance id="d000.s7293.t000" lemma="由来" pos="NOUN">由来</instance>
         <wf lemma="する" pos="X">する</wf>
         <wf lemma="靴" pos="X">靴</wf>
         <wf lemma="を" pos="X">を</wf>
         <wf lemma="好む" pos="X">好む</wf>
         <wf lemma="." pos="X">.</wf>
      </sentence>
      <sentence id="d000.s7294" source="wordnet-japanese">
         <wf lemma="私" pos="X">私</wf>
         <wf lemma="たち" pos="X">たち</wf>
         <wf lemma="は" pos="X">は</wf>
         <wf lemma="この" pos="X">この</wf>
         <wf lemma="問題" pos="X">問題</wf>
         <wf lemma="において" pos="X">において</wf>
         <wf lemma="もっとつき" pos="X">もっとつき</wf>
         <instance id="d000.s7294.t000" lemma="進む" pos="VERB">進む</instance>
         <wf lemma="べき" pos="X">べき</wf>
         <wf lemma="である" pos="X">である</wf>
         <wf lemma="." pos="X">.</wf>
      </sentence>
      <sentence id="d000.s7295" source="wordnet-japanese">
         <wf lemma="草原" pos="X">草原</wf>
         <wf lemma="ヒバリ" pos="X">ヒバリ</wf>
         <wf lemma="の" pos="X">の</wf>
         <wf lemma="変" pos="X">変</wf>
         <wf lemma="な" pos="X">な</wf>
         <instance id="d000.s7295.t000" lemma="金属的" pos="ADJ">金属的</instance>
         <wf lemma="な" pos="X">な</wf>
         <wf lemma="鳴き声" pos="X">鳴き声</wf>
         <wf lemma="、" pos="X">、</wf>
         <wf lemma="力" pos="X">力</wf>
         <wf lemma="強い" pos="X">強い</wf>
         <wf lemma="刀" pos="X">刀</wf>
         <wf lemma="の" pos="X">の</wf>
         <wf lemma="衝突" pos="X">衝突</wf>
         <wf lemma="を" pos="X">を</wf>
         <wf lemma="思わ" pos="X">思わ</wf>
         <wf lemma="せる" pos="X">せる</wf>
         <wf lemma="−" pos="X">−</wf>
         <wf lemma="アンブローズ" pos="X">アンブローズ</wf>
         <wf lemma="・" pos="X">・</wf>
         <wf lemma="ビアス" pos="X">ビアス</wf>
         <wf lemma="." pos="X">.</wf>
      </sentence>
      <sentence id="d000.s7296" source="wordnet-japanese">
         <instance id="d000.s7296.t000" lemma="伝統的" pos="ADJ">伝統的</instance>
         <wf lemma="な" pos="X">な</wf>
         <wf lemma="歴史" pos="X">歴史</wf>
         <wf lemma="." pos="X">.</wf>
      </sentence>
      <sentence id="d000.s7297" source="wordnet-japanese">
         <wf lemma="厳しすぎる" pos="X">厳しすぎる</wf>
         <instance id="d000.s7297.t000" lemma="傾向" pos="NOUN">傾向</instance>
         <wf lemma="." pos="X">.</wf>
      </sentence>
      <sentence id="d000.s7298" source="wordnet-japanese">
         <instance id="d000.s7298.t000" lemma="すべすべ" pos="ADJ">すべすべ</instance>
         <wf lemma="と" pos="X">と</wf>
         <wf lemma="し" pos="X">し</wf>
         <wf lemma="た" pos="X">た</wf>
         <wf lemma="皮膚" pos="X">皮膚</wf>
         <wf lemma="." pos="X">.</wf>
      </sentence>
      <sentence id="d000.s7299" source="wordnet-japanese">
         <instance id="d000.s7299.t000" lemma="機械論的" pos="ADJ">機械論的</instance>
         <wf lemma="な" pos="X">な</wf>
         <wf lemma="宇宙" pos="X">宇宙</wf>
         <wf lemma="." pos="X">.</wf>
      </sentence>
      <sentence id="d000.s7300" source="wordnet-japanese">
         <wf lemma="彼女" pos="X">彼女</wf>
         <wf lemma="は" pos="X">は</wf>
         <wf lemma="教会" pos="X">教会</wf>
         <wf lemma="の" pos="X">の</wf>
         <instance id="d000.s7300.t000" lemma="鐘" pos="NOUN">鐘</instance>
         <wf lemma="の" pos="X">の</wf>
         <wf lemma="遠方" pos="X">遠方</wf>
         <wf lemma="から" pos="X">から</wf>
         <wf lemma="の" pos="X">の</wf>
         <wf lemma="音" pos="X">音</wf>
         <wf lemma="を" pos="X">を</wf>
         <wf lemma="聞い" pos="X">聞い</wf>
         <wf lemma="た" pos="X">た</wf>
         <wf lemma="." pos="X">.</wf>
      </sentence>
      <sentence id="d000.s7301" source="wordnet-japanese">
         <wf lemma="彼" pos="X">彼</wf>
         <wf lemma="は" pos="X">は</wf>
         <wf lemma="6" pos="X">6</wf>
         <wf lemma="人" pos="X">人</wf>
         <wf lemma="の" pos="X">の</wf>
         <wf lemma="子供" pos="X">子供</wf>
         <wf lemma="を" pos="X">を</wf>
         <instance id="d000.s7301.t000" lemma="残す" pos="VERB">残し</instance>
         <wf lemma="た" pos="X">た</wf>
         <wf lemma="." pos="X">.</wf>
      </sentence>
      <sentence id="d000.s7302" source="wordnet-japanese">
         <instance id="d000.s7302.t000" lemma="素朴" pos="ADJ">素朴</instance>
         <wf lemma="な" pos="X">な</wf>
         <wf lemma="方法" pos="X">方法</wf>
         <wf lemma="." pos="X">.</wf>
      </sentence>
      <sentence id="d000.s7303" source="wordnet-japanese">
         <wf lemma="その" pos="X">その</wf>
         <wf lemma="問題" pos="X">問題</wf>
         <wf lemma="へ" pos="X">へ</wf>
         <wf lemma="の" pos="X">の</wf>
         <wf lemma="深刻" pos="X">深刻</wf>
         <wf lemma="な" pos="X">な</wf>
         <wf lemma="洞察" pos="X">洞察</wf>
         <wf lemma="の" pos="X">の</wf>
         <instance id="d000.s7303.t000" lemma="欠落" pos="NOUN">欠落</instance>
         <wf lemma="が" pos="X">が</wf>
         <wf lemma="ある" pos="X">ある</wf>
         <wf lemma="." pos="X">.</wf>
      </sentence>
      <sentence id="d000.s7304" source="wordnet-japanese">
         <wf lemma="視線" pos="X">視線</wf>
         <wf lemma="を" pos="X">を</wf>
         <instance id="d000.s7304.t000" lemma="上げる" pos="VERB">上げる</instance>
         <wf lemma="." pos="X">.</wf>
      </sentence>
      <sentence id="d000.s7305" source="wordnet-japanese">
         <instance id="d000.s7305.t000" lemma="建設的" pos="ADJ">建設的</instance>
         <wf lemma="な" pos="X">な</wf>
         <wf lemma="批評" pos="X">批評</wf>
         <wf lemma="." pos="X">.</wf>
      </sentence>
      <sentence id="d000.s7306" source="wordnet-japanese">
         <wf lemma="我々" pos="X">我々</wf>
         <wf lemma="は" pos="X">は</wf>
         <wf lemma="、" pos="X">、</wf>
         <wf lemma="あなた" pos="X">あなた</wf>
         <wf lemma="の" pos="X">の</wf>
         <wf lemma="神" pos="X">神</wf>
         <wf lemma="を" pos="X">を</wf>
         <instance id="d000.s7306.t000" lemma="認める" pos="VERB">認め</instance>
         <wf lemma="ない" pos="X">ない</wf>
         <wf lemma="." pos="X">.</wf>
      </sentence>
      <sentence id="d000.s7307" source="wordnet-japanese">
         <instance id="d000.s7307.t000" lemma="機能的" pos="ADJ">機能的</instance>
         <wf lemma="な" pos="X">な</wf>
         <wf lemma="建築" pos="X">建築</wf>
         <wf lemma="." pos="X">.</wf>
      </sentence>
      <sentence id="d000.s7308" source="wordnet-japanese">
         <instance id="d000.s7308.t000" lemma="商業的" pos="ADJ">商業的</instance>
         <wf lemma="な" pos="X">な</wf>
         <wf lemma="シュウ酸" pos="X">シュウ酸</wf>
         <wf lemma="." pos="X">.</wf>
      </sentence>
      <sentence id="d000.s7309" source="wordnet-japanese">
         <instance id="d000.s7309.t000" lemma="つましい" pos="ADJ">つましい</instance>
         <wf lemma="昼食" pos="X">昼食</wf>
         <wf lemma="." pos="X">.</wf>
      </sentence>
      <sentence id="d000.s7310" source="wordnet-japanese">
         <instance id="d000.s7310.t000" lemma="気高い" pos="ADJ">気高い</instance>
         <wf lemma="行為" pos="X">行為</wf>
         <wf lemma="." pos="X">.</wf>
      </sentence>
      <sentence id="d000.s7311" source="wordnet-japanese">
         <wf lemma="話" pos="X">話</wf>
         <wf lemma="は" pos="X">は</wf>
         <wf lemma="、" pos="X">、</wf>
         <wf lemma="オフィス" pos="X">オフィス</wf>
         <wf lemma="で" pos="X">で</wf>
         <instance id="d000.s7311.t000" lemma="広まる" pos="VERB">広まっ</instance>
         <wf lemma="た" pos="X">た</wf>
         <wf lemma="." pos="X">.</wf>
      </sentence>
      <sentence id="d000.s7312" source="wordnet-japanese">
         <wf lemma="サム" pos="X">サム</wf>
         <wf lemma="へ" pos="X">へ</wf>
         <wf lemma="の" pos="X">の</wf>
         <wf lemma="ジェームズ" pos="X">ジェームズ</wf>
         <wf lemma="の" pos="X">の</wf>
         <instance id="d000.s7312.t000" lemma="親近感" pos="NOUN">親近感</instance>
         <wf lemma="." pos="X">.</wf>
      </sentence>
      <sentence id="d000.s7313" source="wordnet-japanese">
         <wf lemma="水滴" pos="X">水滴</wf>
         <wf lemma="が" pos="X">が</wf>
         <wf lemma="葉" pos="X">葉</wf>
         <wf lemma="の" pos="X">の</wf>
         <instance id="d000.s7313.t000" lemma="表面" pos="NOUN">表面</instance>
         <wf lemma="から" pos="X">から</wf>
         <wf lemma="落ち" pos="X">落ち</wf>
         <wf lemma="た" pos="X">た</wf>
         <wf lemma="." pos="X">.</wf>
      </sentence>
      <sentence id="d000.s7314" source="wordnet-japanese">
         <wf lemma="会社" pos="X">会社</wf>
         <wf lemma="の" pos="X">の</wf>
         <wf lemma="さまざま" pos="X">さまざま</wf>
         <wf lemma="な" pos="X">な</wf>
         <instance id="d000.s7314.t000" lemma="事業" pos="NOUN">事業</instance>
         <wf lemma="を" pos="X">を</wf>
         <wf lemma="統合" pos="X">統合</wf>
         <wf lemma="する" pos="X">する</wf>
         <wf lemma="." pos="X">.</wf>
      </sentence>
      <sentence id="d000.s7315" source="wordnet-japanese">
         <wf lemma="スターリン" pos="X">スターリン</wf>
         <wf lemma="による" pos="X">による</wf>
         <wf lemma="クラーク" pos="X">クラーク</wf>
         <wf lemma="の" pos="X">の</wf>
         <instance id="d000.s7315.t000" lemma="暴虐" pos="ADJ">暴虐</instance>
         <wf lemma="な" pos="X">な</wf>
         <wf lemma="処遇" pos="X">処遇</wf>
         <wf lemma="." pos="X">.</wf>
      </sentence>
      <sentence id="d000.s7316" source="wordnet-japanese">
         <instance id="d000.s7316.t000" lemma="幼い" pos="ADJ">幼い</instance>
         <wf lemma="年齢" pos="X">年齢</wf>
         <wf lemma="で" pos="X">で</wf>
         <wf lemma="." pos="X">.</wf>
      </sentence>
      <sentence id="d000.s7317" source="wordnet-japanese">
         <wf lemma="彼ら" pos="X">彼ら</wf>
         <wf lemma="は" pos="X">は</wf>
         <wf lemma="彼" pos="X">彼</wf>
         <wf lemma="を" pos="X">を</wf>
         <wf lemma="脅す" pos="X">脅す</wf>
         <wf lemma="こと" pos="X">こと</wf>
         <wf lemma="で" pos="X">で</wf>
         <wf lemma="その" pos="X">その</wf>
         <wf lemma="会社" pos="X">会社</wf>
         <wf lemma="の" pos="X">の</wf>
         <wf lemma="所有者" pos="X">所有者</wf>
         <wf lemma="から" pos="X">から</wf>
         <wf lemma="金" pos="X">金</wf>
         <wf lemma="を" pos="X">を</wf>
         <instance id="d000.s7317.t000" lemma="搾り取る" pos="VERB">搾り取る</instance>
         <wf lemma="." pos="X">.</wf>
      </sentence>
      <sentence id="d000.s7318" source="wordnet-japanese">
         <wf lemma="彼" pos="X">彼</wf>
         <wf lemma="は" pos="X">は</wf>
         <wf lemma="今日" pos="X">今日</wf>
         <wf lemma="の" pos="X">の</wf>
         <instance id="d000.s7318.t000" lemma="課業" pos="NOUN">課業</instance>
         <wf lemma="を" pos="X">を</wf>
         <wf lemma="行っ" pos="X">行っ</wf>
         <wf lemma="た" pos="X">た</wf>
         <wf lemma="." pos="X">.</wf>
      </sentence>
      <sentence id="d000.s7319" source="wordnet-japanese">
         <wf lemma="直接" pos="X">直接</wf>
         <wf lemma="的な" pos="X">的な</wf>
         <wf lemma="やり" pos="X">やり</wf>
         <wf lemma="方" pos="X">方</wf>
         <wf lemma="が" pos="X">が</wf>
         <wf lemma="失敗" pos="X">失敗</wf>
         <wf lemma="し" pos="X">し</wf>
         <wf lemma="た" pos="X">た</wf>
         <wf lemma="時" pos="X">時</wf>
         <wf lemma="、" pos="X">、</wf>
         <wf lemma="彼" pos="X">彼</wf>
         <wf lemma="は" pos="X">は</wf>
         <instance id="d000.s7319.t000" lemma="逆" pos="NOUN">逆</instance>
         <wf lemma="の" pos="X">の</wf>
         <wf lemma="方法" pos="X">方法</wf>
         <wf lemma="を" pos="X">を</wf>
         <wf lemma="試み" pos="X">試み</wf>
         <wf lemma="た" pos="X">た</wf>
         <wf lemma="." pos="X">.</wf>
      </sentence>
      <sentence id="d000.s7320" source="wordnet-japanese">
         <wf lemma="その" pos="X">その</wf>
         <instance id="d000.s7320.t000" lemma="煙" pos="NOUN">煙</instance>
         <wf lemma="から" pos="X">から</wf>
         <wf lemma="し" pos="X">し</wf>
         <wf lemma="て" pos="X">て</wf>
         <wf lemma="どこか" pos="X">どこか</wf>
         <wf lemma="で" pos="X">で</wf>
         <wf lemma="火事" pos="X">火事</wf>
         <wf lemma="が" pos="X">が</wf>
         <wf lemma="起こっ" pos="X">起こっ</wf>
         <wf lemma="て" pos="X">て</wf>
         <wf lemma="いる" pos="X">いる</wf>
         <wf lemma="にち" pos="X">にち</wf>
         <wf lemma="が" pos="X">が</wf>
         <wf lemma="い" pos="X">い</wf>
         <wf lemma="ない" pos="X">ない</wf>
         <wf lemma="." pos="X">.</wf>
      </sentence>
      <sentence id="d000.s7321" source="wordnet-japanese">
         <wf lemma="シンフォニー" pos="X">シンフォニー</wf>
         <wf lemma="は" pos="X">は</wf>
         <wf lemma="独創的" pos="X">独創的</wf>
         <wf lemma="な" pos="X">な</wf>
         <instance id="d000.s7321.t000" lemma="作品" pos="NOUN">作品</instance>
         <wf lemma="と" pos="X">と</wf>
         <wf lemma="し" pos="X">し</wf>
         <wf lemma="て" pos="X">て</wf>
         <wf lemma="認め" pos="X">認め</wf>
         <wf lemma="られ" pos="X">られ</wf>
         <wf lemma="た" pos="X">た</wf>
         <wf lemma="." pos="X">.</wf>
      </sentence>
      <sentence id="d000.s7322" source="wordnet-japanese">
         <instance id="d000.s7322.t000" lemma="怠惰" pos="ADJ">怠惰</instance>
         <wf lemma="な" pos="X">な</wf>
         <wf lemma="労働者" pos="X">労働者</wf>
         <wf lemma="." pos="X">.</wf>
      </sentence>
      <sentence id="d000.s7323" source="wordnet-japanese">
         <wf lemma="その" pos="X">その</wf>
         <wf lemma="映画" pos="X">映画</wf>
         <wf lemma="の" pos="X">の</wf>
         <instance id="d000.s7323.t000" lemma="最後" pos="NOUN">最後</instance>
         <wf lemma="を" pos="X">を</wf>
         <wf lemma="見損ね" pos="X">見損ね</wf>
         <wf lemma="た" pos="X">た</wf>
         <wf lemma="." pos="X">.</wf>
      </sentence>
      <sentence id="d000.s7324" source="wordnet-japanese">
         <wf lemma="私" pos="X">私</wf>
         <wf lemma="の" pos="X">の</wf>
         <instance id="d000.s7324.t000" lemma="意見" pos="NOUN">意見</instance>
         <wf lemma="で" pos="X">で</wf>
         <wf lemma="は" pos="X">は</wf>
         <wf lemma="、" pos="X">、</wf>
         <wf lemma="その" pos="X">その</wf>
         <wf lemma="少年" pos="X">少年</wf>
         <wf lemma="は" pos="X">は</wf>
         <wf lemma="無実" pos="X">無実</wf>
         <wf lemma="だ" pos="X">だ</wf>
         <wf lemma="." pos="X">.</wf>
      </sentence>
      <sentence id="d000.s7325" source="wordnet-japanese">
         <wf lemma="勝者" pos="X">勝者</wf>
         <wf lemma="に" pos="X">に</wf>
         <wf lemma="、" pos="X">、</wf>
         <wf lemma="敵" pos="X">敵</wf>
         <wf lemma="の" pos="X">の</wf>
         <instance id="d000.s7325.t000" lemma="略奪品" pos="NOUN">略奪品</instance>
         <wf lemma="は" pos="X">は</wf>
         <wf lemma="属す." pos="X">属す.</wf>
      </sentence>
      <sentence id="d000.s7326" source="wordnet-japanese">
         <wf lemma="彼ら" pos="X">彼ら</wf>
         <wf lemma="は" pos="X">は</wf>
         <wf lemma="、" pos="X">、</wf>
         <wf lemma="シーズン" pos="X">シーズン</wf>
         <wf lemma="の" pos="X">の</wf>
         <instance id="d000.s7326.t000" lemma="終わり" pos="NOUN">終わり</instance>
         <wf lemma="に" pos="X">に</wf>
         <wf lemma="は" pos="X">は</wf>
         <wf lemma="プレー" pos="X">プレー</wf>
         <wf lemma="の" pos="X">の</wf>
         <wf lemma="調子" pos="X">調子</wf>
         <wf lemma="が" pos="X">が</wf>
         <wf lemma="上がっ" pos="X">上がっ</wf>
         <wf lemma="て" pos="X">て</wf>
         <wf lemma="い" pos="X">い</wf>
         <wf lemma="た" pos="X">た</wf>
         <wf lemma="." pos="X">.</wf>
      </sentence>
      <sentence id="d000.s7327" source="wordnet-japanese">
         <wf lemma="戦争" pos="X">戦争</wf>
         <wf lemma="で" pos="X">で</wf>
         <wf lemma="破壊" pos="X">破壊</wf>
         <wf lemma="さ" pos="X">さ</wf>
         <wf lemma="れ" pos="X">れ</wf>
         <wf lemma="た" pos="X">た</wf>
         <wf lemma="国" pos="X">国</wf>
         <wf lemma="の" pos="X">の</wf>
         <instance id="d000.s7327.t000" lemma="長期的" pos="ADJ">長期的</instance>
         <wf lemma="再建" pos="X">再建</wf>
         <wf lemma="." pos="X">.</wf>
      </sentence>
      <sentence id="d000.s7328" source="wordnet-japanese">
         <wf lemma="新聞" pos="X">新聞</wf>
         <wf lemma="は" pos="X">は</wf>
         <wf lemma="、" pos="X">、</wf>
         <wf lemma="いくつか" pos="X">いくつか</wf>
         <wf lemma="の" pos="X">の</wf>
         <instance id="d000.s7328.t000" lemma="コラム" pos="NOUN">コラム</instance>
         <wf lemma="を" pos="X">を</wf>
         <wf lemma="主題" pos="X">主題</wf>
         <wf lemma="に" pos="X">に</wf>
         <wf lemma="取り上げ" pos="X">取り上げ</wf>
         <wf lemma="た" pos="X">た</wf>
         <wf lemma="." pos="X">.</wf>
      </sentence>
      <sentence id="d000.s7329" source="wordnet-japanese">
         <wf lemma="まだ" pos="X">まだ</wf>
         <instance id="d000.s7329.t000" lemma="新しい" pos="ADJ">新しい</instance>
         <wf lemma="足跡" pos="X">足跡</wf>
         <wf lemma="." pos="X">.</wf>
      </sentence>
      <sentence id="d000.s7330" source="wordnet-japanese">
         <wf lemma="食物" pos="X">食物</wf>
         <wf lemma="不足" pos="X">不足</wf>
         <wf lemma="と" pos="X">と</wf>
         <wf lemma="飢餓" pos="X">飢餓</wf>
         <wf lemma="は" pos="X">は</wf>
         <wf lemma="、" pos="X">、</wf>
         <wf lemma="世界" pos="X">世界</wf>
         <wf lemma="の" pos="X">の</wf>
         <wf lemma="特定" pos="X">特定</wf>
         <wf lemma="の" pos="X">の</wf>
         <wf lemma="地域" pos="X">地域</wf>
         <wf lemma="に" pos="X">に</wf>
         <instance id="d000.s7330.t000" lemma="固有" pos="ADJ">固有</instance>
         <wf lemma="である" pos="X">である</wf>
         <wf lemma="." pos="X">.</wf>
      </sentence>
      <sentence id="d000.s7331" source="wordnet-japanese">
         <wf lemma="新しい" pos="X">新しい</wf>
         <wf lemma="アイデア" pos="X">アイデア</wf>
         <wf lemma="を" pos="X">を</wf>
         <instance id="d000.s7331.t000" lemma="取り上げる" pos="VERB">取り上げ</instance>
         <wf lemma="て" pos="X">て</wf>
         <wf lemma="ください" pos="X">ください</wf>
         <wf lemma="." pos="X">.</wf>
      </sentence>
      <sentence id="d000.s7332" source="wordnet-japanese">
         <wf lemma="その" pos="X">その</wf>
         <wf lemma="上院" pos="X">上院</wf>
         <wf lemma="議員" pos="X">議員</wf>
         <wf lemma="は" pos="X">は</wf>
         <wf lemma="彼" pos="X">彼</wf>
         <wf lemma="の" pos="X">の</wf>
         <wf lemma="反対者" pos="X">反対者</wf>
         <wf lemma="から" pos="X">から</wf>
         <wf lemma="厳しい" pos="X">厳しい</wf>
         <instance id="d000.s7332.t000" lemma="批判" pos="NOUN">批判</instance>
         <wf lemma="を" pos="X">を</wf>
         <wf lemma="受け" pos="X">受け</wf>
         <wf lemma="た" pos="X">た</wf>
         <wf lemma="." pos="X">.</wf>
      </sentence>
      <sentence id="d000.s7333" source="wordnet-japanese">
         <wf lemma="ジェット" pos="X">ジェット</wf>
         <wf lemma="エンジン" pos="X">エンジン</wf>
         <wf lemma="の" pos="X">の</wf>
         <instance id="d000.s7333.t000" lemma="推力" pos="NOUN">推力</instance>
         <wf lemma="." pos="X">.</wf>
      </sentence>
      <sentence id="d000.s7334" source="wordnet-japanese">
         <wf lemma="繊細" pos="X">繊細</wf>
         <wf lemma="な" pos="X">な</wf>
         <instance id="d000.s7334.t000" lemma="平たい" pos="ADJ">平たい</instance>
         <wf lemma="縫い" pos="X">縫い</wf>
         <wf lemma="目" pos="X">目</wf>
         <wf lemma="で" pos="X">で</wf>
         <wf lemma="縫わ" pos="X">縫わ</wf>
         <wf lemma="れ" pos="X">れ</wf>
         <wf lemma="た" pos="X">た</wf>
         <wf lemma="スカート" pos="X">スカート</wf>
         <wf lemma="." pos="X">.</wf>
      </sentence>
      <sentence id="d000.s7335" source="wordnet-japanese">
         <wf lemma="英国" pos="X">英国</wf>
         <wf lemma="で" pos="X">で</wf>
         <wf lemma="は" pos="X">は</wf>
         <wf lemma="1" pos="X">1</wf>
         <instance id="d000.s7335.t000" lemma="兆" pos="NOUN">兆</instance>
         <wf lemma="の" pos="X">の</wf>
         <wf lemma="こと" pos="X">こと</wf>
         <wf lemma="を" pos="X">を</wf>
         <wf lemma="b" pos="X">b</wf>
         <wf lemma="illion" pos="X">illion</wf>
         <wf lemma="という" pos="X">という</wf>
         <wf lemma="." pos="X">.</wf>
      </sentence>
      <sentence id="d000.s7336" source="wordnet-japanese">
         <wf lemma="彼ら" pos="X">彼ら</wf>
         <wf lemma="は" pos="X">は</wf>
         <instance id="d000.s7336.t000" lemma="投下" pos="NOUN">投下</instance>
         <wf lemma="が" pos="X">が</wf>
         <wf lemma="成功" pos="X">成功</wf>
         <wf lemma="する" pos="X">する</wf>
         <wf lemma="こと" pos="X">こと</wf>
         <wf lemma="を" pos="X">を</wf>
         <wf lemma="期待" pos="X">期待</wf>
         <wf lemma="し" pos="X">し</wf>
         <wf lemma="た" pos="X">た</wf>
         <wf lemma="." pos="X">.</wf>
      </sentence>
      <sentence id="d000.s7337" source="wordnet-japanese">
         <instance id="d000.s7337.t000" lemma="巧妙" pos="ADJ">巧妙</instance>
         <wf lemma="な" pos="X">な</wf>
         <wf lemma="装置" pos="X">装置</wf>
         <wf lemma="." pos="X">.</wf>
      </sentence>
      <sentence id="d000.s7338" source="wordnet-japanese">
         <wf lemma="嵐" pos="X">嵐</wf>
         <wf lemma="は" pos="X">は</wf>
         <wf lemma="数" pos="X">数</wf>
         <wf lemma="インチ" pos="X">インチ</wf>
         <wf lemma="の" pos="X">の</wf>
         <instance id="d000.s7338.t000" lemma="降水" pos="NOUN">降水</instance>
         <wf lemma="を" pos="X">を</wf>
         <wf lemma="もたらし" pos="X">もたらし</wf>
         <wf lemma="た" pos="X">た</wf>
         <wf lemma="." pos="X">.</wf>
      </sentence>
      <sentence id="d000.s7339" source="wordnet-japanese">
         <wf lemma="伝達" pos="X">伝達</wf>
         <wf lemma="スクリーン" pos="X">スクリーン</wf>
         <wf lemma="は" pos="X">は</wf>
         <instance id="d000.s7339.t000" lemma="実際" pos="ADV">実際</instance>
         <wf lemma="に" pos="X">に</wf>
         <wf lemma="放送" pos="X">放送</wf>
         <wf lemma="さ" pos="X">さ</wf>
         <wf lemma="れ" pos="X">れ</wf>
         <wf lemma="て" pos="X">て</wf>
         <wf lemma="いる" pos="X">いる</wf>
         <wf lemma="画像" pos="X">画像</wf>
         <wf lemma="を" pos="X">を</wf>
         <wf lemma="示す" pos="X">示す</wf>
         <wf lemma="." pos="X">.</wf>
      </sentence>
      <sentence id="d000.s7340" source="wordnet-japanese">
         <instance id="d000.s7340.t000" lemma="無意識" pos="ADJ">無意識</instance>
         <wf lemma="の" pos="X">の</wf>
         <wf lemma="開始" pos="X">開始</wf>
         <wf lemma="を" pos="X">を</wf>
         <wf lemma="し" pos="X">し</wf>
         <wf lemma="た" pos="X">た</wf>
         <wf lemma="." pos="X">.</wf>
      </sentence>
      <sentence id="d000.s7341" source="wordnet-japanese">
         <wf lemma="私" pos="X">私</wf>
         <wf lemma="は" pos="X">は</wf>
         <wf lemma="窓" pos="X">窓</wf>
         <wf lemma="から" pos="X">から</wf>
         <wf lemma="彼女" pos="X">彼女</wf>
         <wf lemma="に" pos="X">に</wf>
         <instance id="d000.s7341.t000" lemma="叫ぶ" pos="VERB">叫ん</instance>
         <wf lemma="だ" pos="X">だ</wf>
         <wf lemma="、" pos="X">、</wf>
         <wf lemma="しかし" pos="X">しかし</wf>
         <wf lemma="、" pos="X">、</wf>
         <wf lemma="彼女" pos="X">彼女</wf>
         <wf lemma="は" pos="X">は</wf>
         <wf lemma="私" pos="X">私</wf>
         <wf lemma="の" pos="X">の</wf>
         <wf lemma="声" pos="X">声</wf>
         <wf lemma="が" pos="X">が</wf>
         <wf lemma="聞こえ" pos="X">聞こえ</wf>
         <wf lemma="なかっ" pos="X">なかっ</wf>
         <wf lemma="た" pos="X">た</wf>
         <wf lemma="." pos="X">.</wf>
      </sentence>
      <sentence id="d000.s7342" source="wordnet-japanese">
         <wf lemma="彼" pos="X">彼</wf>
         <wf lemma="は" pos="X">は</wf>
         <wf lemma="強い" pos="X">強い</wf>
         <wf lemma="光" pos="X">光</wf>
         <wf lemma="を" pos="X">を</wf>
         <instance id="d000.s7342.t000" lemma="視覚" pos="NOUN">視覚</instance>
         <wf lemma="に" pos="X">に</wf>
         <wf lemma="感じ" pos="X">感じ</wf>
         <wf lemma="た" pos="X">た</wf>
         <wf lemma="." pos="X">.</wf>
      </sentence>
      <sentence id="d000.s7343" source="wordnet-japanese">
         <wf lemma="教育" pos="X">教育</wf>
         <wf lemma="を" pos="X">を</wf>
         <instance id="d000.s7343.t000" lemma="求める" pos="VERB">求め</instance>
         <wf lemma="て" pos="X">て</wf>
         <wf lemma="." pos="X">.</wf>
      </sentence>
      <sentence id="d000.s7344" source="wordnet-japanese">
         <wf lemma="子供" pos="X">子供</wf>
         <wf lemma="たち" pos="X">たち</wf>
         <wf lemma="は" pos="X">は</wf>
         <wf lemma="、" pos="X">、</wf>
         <wf lemma="砂嵐" pos="X">砂嵐</wf>
         <wf lemma="から" pos="X">から</wf>
         <wf lemma="身" pos="X">身</wf>
         <wf lemma="を" pos="X">を</wf>
         <wf lemma="守る" pos="X">守る</wf>
         <wf lemma="ため" pos="X">ため</wf>
         <wf lemma="に" pos="X">に</wf>
         <instance id="d000.s7344.t000" lemma="しゃがむ" pos="VERB">しゃがん</instance>
         <wf lemma="だ" pos="X">だ</wf>
         <wf lemma="." pos="X">.</wf>
      </sentence>
      <sentence id="d000.s7345" source="wordnet-japanese">
         <instance id="d000.s7345.t000" lemma="速い" pos="ADJ">速い</instance>
         <wf lemma="車" pos="X">車</wf>
         <wf lemma="." pos="X">.</wf>
      </sentence>
      <sentence id="d000.s7346" source="wordnet-japanese">
         <wf lemma="あなた" pos="X">あなた</wf>
         <wf lemma="の" pos="X">の</wf>
         <wf lemma="母親" pos="X">母親</wf>
         <wf lemma="と" pos="X">と</wf>
         <wf lemma="彼女" pos="X">彼女</wf>
         <wf lemma="の" pos="X">の</wf>
         <wf lemma="わたし" pos="X">わたし</wf>
         <wf lemma="の" pos="X">の</wf>
         <wf lemma="食べ物" pos="X">食べ物</wf>
         <wf lemma="へ" pos="X">へ</wf>
         <wf lemma="の" pos="X">の</wf>
         <wf lemma="不満" pos="X">不満</wf>
         <wf lemma="に" pos="X">に</wf>
         <wf lemma="は" pos="X">は</wf>
         <instance id="d000.s7346.t000" lemma="飽きる" pos="VERB">飽き</instance>
         <wf lemma="飽き" pos="X">飽き</wf>
         <wf lemma="し" pos="X">し</wf>
         <wf lemma="て" pos="X">て</wf>
         <wf lemma="いる" pos="X">いる</wf>
         <wf lemma="." pos="X">.</wf>
      </sentence>
      <sentence id="d000.s7347" source="wordnet-japanese">
         <wf lemma="フードプロセッサ" pos="X">フードプロセッサ</wf>
         <wf lemma="に" pos="X">に</wf>
         <wf lemma="にんじん" pos="X">にんじん</wf>
         <wf lemma="を" pos="X">を</wf>
         <instance id="d000.s7347.t000" lemma="入れる" pos="VERB">入れ</instance>
         <wf lemma="て" pos="X">て</wf>
         <wf lemma="ください" pos="X">ください</wf>
         <wf lemma="." pos="X">.</wf>
      </sentence>
      <sentence id="d000.s7348" source="wordnet-japanese">
         <instance id="d000.s7348.t000" lemma="不可解" pos="ADJ">不可解</instance>
         <wf lemma="な" pos="X">な</wf>
         <wf lemma="誤り" pos="X">誤り</wf>
         <wf lemma="." pos="X">.</wf>
      </sentence>
      <sentence id="d000.s7349" source="wordnet-japanese">
         <wf lemma="私" pos="X">私</wf>
         <wf lemma="は" pos="X">は</wf>
         <wf lemma="これら" pos="X">これら</wf>
         <wf lemma="の" pos="X">の</wf>
         <wf lemma="出来事" pos="X">出来事</wf>
         <wf lemma="を" pos="X">を</wf>
         <wf lemma="全く" pos="X">全く</wf>
         <instance id="d000.s7349.t000" lemma="結びつける" pos="VERB">結びつけ</instance>
         <wf lemma="られ" pos="X">られ</wf>
         <wf lemma="ない" pos="X">ない</wf>
         <wf lemma="." pos="X">.</wf>
      </sentence>
      <sentence id="d000.s7350" source="wordnet-japanese">
         <wf lemma="彼女" pos="X">彼女</wf>
         <wf lemma="は" pos="X">は</wf>
         <wf lemma="結婚" pos="X">結婚</wf>
         <wf lemma="する" pos="X">する</wf>
         <wf lemma="こと" pos="X">こと</wf>
         <wf lemma="で" pos="X">で</wf>
         <wf lemma="、" pos="X">、</wf>
         <wf lemma="人生" pos="X">人生</wf>
         <wf lemma="に" pos="X">に</wf>
         <instance id="d000.s7350.t000" lemma="ブレーキ" pos="NOUN">ブレーキ</instance>
         <wf lemma="を" pos="X">を</wf>
         <wf lemma="かけ" pos="X">かけ</wf>
         <wf lemma="たく" pos="X">たく</wf>
         <wf lemma="ない" pos="X">ない</wf>
         <wf lemma="と" pos="X">と</wf>
         <wf lemma="思っ" pos="X">思っ</wf>
         <wf lemma="て" pos="X">て</wf>
         <wf lemma="いる" pos="X">いる</wf>
         <wf lemma="." pos="X">.</wf>
      </sentence>
      <sentence id="d000.s7351" source="wordnet-japanese">
         <wf lemma="その" pos="X">その</wf>
         <wf lemma="花" pos="X">花</wf>
         <wf lemma="は" pos="X">は</wf>
         <wf lemma="彼" pos="X">彼</wf>
         <wf lemma="の" pos="X">の</wf>
         <wf lemma="息子" pos="X">息子</wf>
         <wf lemma="に" pos="X">に</wf>
         <instance id="d000.s7351.t000" lemma="正確" pos="ADV">正確</instance>
         <wf lemma="に" pos="X">に</wf>
         <wf lemma="描写" pos="X">描写</wf>
         <wf lemma="さ" pos="X">さ</wf>
         <wf lemma="れ" pos="X">れ</wf>
         <wf lemma="た" pos="X">た</wf>
         <wf lemma="." pos="X">.</wf>
      </sentence>
      <sentence id="d000.s7352" source="wordnet-japanese">
         <wf lemma="手術室" pos="X">手術室</wf>
         <wf lemma="が" pos="X">が</wf>
         <wf lemma="使用" pos="X">使用</wf>
         <wf lemma="可能" pos="X">可能</wf>
         <wf lemma="に" pos="X">に</wf>
         <wf lemma="なり" pos="X">なり</wf>
         <wf lemma="次" pos="X">次</wf>
         <wf lemma="第" pos="X">第</wf>
         <wf lemma="彼ら" pos="X">彼ら</wf>
         <wf lemma="は" pos="X">は</wf>
         <instance id="d000.s7352.t000" lemma="手術" pos="NOUN">手術</instance>
         <wf lemma="を" pos="X">を</wf>
         <wf lemma="予定" pos="X">予定</wf>
         <wf lemma="する" pos="X">する</wf>
         <wf lemma="だろ" pos="X">だろ</wf>
         <wf lemma="う" pos="X">う</wf>
         <wf lemma="." pos="X">.</wf>
      </sentence>
      <sentence id="d000.s7353" source="wordnet-japanese">
         <instance id="d000.s7353.t000" lemma="豊富" pos="ADJ">豊富</instance>
         <wf lemma="な" pos="X">な</wf>
         <wf lemma="水" pos="X">水</wf>
         <wf lemma="の" pos="X">の</wf>
         <wf lemma="供給" pos="X">供給</wf>
         <wf lemma="." pos="X">.</wf>
      </sentence>
      <sentence id="d000.s7354" source="wordnet-japanese">
         <wf lemma="住宅" pos="X">住宅</wf>
         <wf lemma="事情" pos="X">事情</wf>
         <wf lemma="を" pos="X">を</wf>
         <wf lemma="改善" pos="X">改善</wf>
         <wf lemma="する" pos="X">する</wf>
         <wf lemma="という" pos="X">という</wf>
         <instance id="d000.s7354.t000" lemma="感心" pos="ADJ">感心</instance>
         <wf lemma="な" pos="X">な</wf>
         <wf lemma="動機" pos="X">動機</wf>
         <wf lemma="." pos="X">.</wf>
      </sentence>
      <sentence id="d000.s7355" source="wordnet-japanese">
         <wf lemma="彼" pos="X">彼</wf>
         <wf lemma="の" pos="X">の</wf>
         <wf lemma="祖母" pos="X">祖母</wf>
         <wf lemma="は" pos="X">は</wf>
         <wf lemma="彼" pos="X">彼</wf>
         <wf lemma="に" pos="X">に</wf>
         <instance id="d000.s7355.t000" lemma="文字" pos="NOUN">文字</instance>
         <wf lemma="を" pos="X">を</wf>
         <wf lemma="教え" pos="X">教え</wf>
         <wf lemma="た" pos="X">た</wf>
         <wf lemma="." pos="X">.</wf>
      </sentence>
      <sentence id="d000.s7356" source="wordnet-japanese">
         <wf lemma="この" pos="X">この</wf>
         <wf lemma="チェロ" pos="X">チェロ</wf>
         <wf lemma="の" pos="X">の</wf>
         <wf lemma="音" pos="X">音</wf>
         <wf lemma="を" pos="X">を</wf>
         <instance id="d000.s7356.t000" lemma="聞く" pos="VERB">聞い</instance>
         <wf lemma="て" pos="X">て</wf>
         <wf lemma="ください" pos="X">ください</wf>
         <wf lemma="." pos="X">.</wf>
      </sentence>
      <sentence id="d000.s7357" source="wordnet-japanese">
         <instance id="d000.s7357.t000" lemma="不確定" pos="ADJ">不確定</instance>
         <wf lemma="の" pos="X">の</wf>
         <wf lemma="キャンペーン" pos="X">キャンペーン</wf>
         <wf lemma="." pos="X">.</wf>
      </sentence>
      <sentence id="d000.s7358" source="wordnet-japanese">
         <wf lemma="私" pos="X">私</wf>
         <wf lemma="は" pos="X">は</wf>
         <wf lemma="簡潔" pos="X">簡潔</wf>
         <wf lemma="な" pos="X">な</wf>
         <instance id="d000.s7358.t000" lemma="説明" pos="NOUN">説明</instance>
         <wf lemma="を" pos="X">を</wf>
         <wf lemma="予想" pos="X">予想</wf>
         <wf lemma="し" pos="X">し</wf>
         <wf lemma="た" pos="X">た</wf>
         <wf lemma="." pos="X">.</wf>
      </sentence>
      <sentence id="d000.s7359" source="wordnet-japanese">
         <instance id="d000.s7359.t000" lemma="孤独" pos="ADJ">孤独</instance>
         <wf lemma="な" pos="X">な</wf>
         <wf lemma="魂" pos="X">魂</wf>
         <wf lemma="." pos="X">.</wf>
      </sentence>
      <sentence id="d000.s7360" source="wordnet-japanese">
         <wf lemma="温度" pos="X">温度</wf>
         <wf lemma="が" pos="X">が</wf>
         <wf lemma="氷点" pos="X">氷点</wf>
         <wf lemma="より" pos="X">より</wf>
         <wf lemma="高く" pos="X">高く</wf>
         <wf lemma="なっ" pos="X">なっ</wf>
         <wf lemma="たら" pos="X">たら</wf>
         <wf lemma="、" pos="X">、</wf>
         <wf lemma="みぞれ" pos="X">みぞれ</wf>
         <wf lemma="が" pos="X">が</wf>
         <instance id="d000.s7360.t000" lemma="降る" pos="VERB">降る</instance>
         <wf lemma="だろ" pos="X">だろ</wf>
         <wf lemma="う" pos="X">う</wf>
         <wf lemma="." pos="X">.</wf>
      </sentence>
      <sentence id="d000.s7361" source="wordnet-japanese">
         <instance id="d000.s7361.t000" lemma="夢中" pos="ADJ">夢中</instance>
         <wf lemma="に" pos="X">に</wf>
         <wf lemma="なっ" pos="X">なっ</wf>
         <wf lemma="て" pos="X">て</wf>
         <wf lemma="いる" pos="X">いる</wf>
         <wf lemma="表情" pos="X">表情</wf>
         <wf lemma="、" pos="X">、</wf>
         <wf lemma="心" pos="X">心</wf>
         <wf lemma="を" pos="X">を</wf>
         <wf lemma="奪わ" pos="X">奪わ</wf>
         <wf lemma="れ" pos="X">れ</wf>
         <wf lemma="て" pos="X">て</wf>
         <wf lemma="いる" pos="X">いる</wf>
         <wf lemma="喜び" pos="X">喜び</wf>
         <wf lemma="." pos="X">.</wf>
      </sentence>
      <sentence id="d000.s7362" source="wordnet-japanese">
         <wf lemma="彼" pos="X">彼</wf>
         <wf lemma="の" pos="X">の</wf>
         <wf lemma="良心" pos="X">良心</wf>
         <wf lemma="は" pos="X">は</wf>
         <wf lemma="、" pos="X">、</wf>
         <wf lemma="彼" pos="X">彼</wf>
         <wf lemma="の" pos="X">の</wf>
         <wf lemma="息子" pos="X">息子</wf>
         <wf lemma="を" pos="X">を</wf>
         <wf lemma="強制" pos="X">強制</wf>
         <wf lemma="し" pos="X">し</wf>
         <wf lemma="た" pos="X">た</wf>
         <wf lemma="連邦" pos="X">連邦</wf>
         <wf lemma="の" pos="X">の</wf>
         <instance id="d000.s7362.t000" lemma="あいまい" pos="ADJ">あいまい</instance>
         <wf lemma="な" pos="X">な</wf>
         <wf lemma="特徴" pos="X">特徴</wf>
         <wf lemma="を" pos="X">を</wf>
         <wf lemma="非難" pos="X">非難</wf>
         <wf lemma="し" pos="X">し</wf>
         <wf lemma="た" pos="X">た</wf>
         <wf lemma="−" pos="X">−</wf>
         <wf lemma="アンナ" pos="X">アンナ</wf>
         <wf lemma="・" pos="X">・</wf>
         <wf lemma="ジェームソン" pos="X">ジェームソン</wf>
         <wf lemma="." pos="X">.</wf>
      </sentence>
      <sentence id="d000.s7363" source="wordnet-japanese">
         <instance id="d000.s7363.t000" lemma="大事" pos="ADJ">大事</instance>
         <wf lemma="な" pos="X">な</wf>
         <wf lemma="思い" pos="X">思い</wf>
         <wf lemma="出" pos="X">出</wf>
         <wf lemma="." pos="X">.</wf>
      </sentence>
      <sentence id="d000.s7364" source="wordnet-japanese">
         <instance id="d000.s7364.t000" lemma="有益" pos="ADJ">有益</instance>
         <wf lemma="な" pos="X">な</wf>
         <wf lemma="仕事" pos="X">仕事</wf>
         <wf lemma="." pos="X">.</wf>
      </sentence>
      <sentence id="d000.s7365" source="wordnet-japanese">
         <wf lemma="短い" pos="X">短い</wf>
         <wf lemma="3" pos="X">3</wf>
         <instance id="d000.s7365.t000" lemma="行" pos="NOUN">行</instance>
         <wf lemma="の" pos="X">の</wf>
         <wf lemma="手紙" pos="X">手紙</wf>
         <wf lemma="." pos="X">.</wf>
      </sentence>
      <sentence id="d000.s7366" source="wordnet-japanese">
         <wf lemma="彼" pos="X">彼</wf>
         <wf lemma="は" pos="X">は</wf>
         <wf lemma="池" pos="X">池</wf>
         <wf lemma="の" pos="X">の</wf>
         <wf lemma="そばに" pos="X">そばに</wf>
         <wf lemma="質素" pos="X">質素</wf>
         <wf lemma="な" pos="X">な</wf>
         <instance id="d000.s7366.t000" lemma="住居" pos="NOUN">住居</instance>
         <wf lemma="を" pos="X">を</wf>
         <wf lemma="構え" pos="X">構え</wf>
         <wf lemma="た" pos="X">た</wf>
         <wf lemma="." pos="X">.</wf>
      </sentence>
      <sentence id="d000.s7367" source="wordnet-japanese">
         <instance id="d000.s7367.t000" lemma="浅い" pos="ADJ">浅い</instance>
         <wf lemma="上" pos="X">上</wf>
         <wf lemma="陸拠点" pos="X">陸拠点</wf>
         <wf lemma="を" pos="X">を</wf>
         <wf lemma="確立" pos="X">確立</wf>
         <wf lemma="し" pos="X">し</wf>
         <wf lemma="た" pos="X">た</wf>
         <wf lemma="." pos="X">.</wf>
      </sentence>
      <sentence id="d000.s7368" source="wordnet-japanese">
         <wf lemma="彼" pos="X">彼</wf>
         <wf lemma="は" pos="X">は</wf>
         <wf lemma="何回か" pos="X">何回か</wf>
         <wf lemma="方角" pos="X">方角</wf>
         <wf lemma="を" pos="X">を</wf>
         <instance id="d000.s7368.t000" lemma="尋ねる" pos="VERB">尋ね</instance>
         <wf lemma="なく" pos="X">なく</wf>
         <wf lemma="て" pos="X">て</wf>
         <wf lemma="は" pos="X">は</wf>
         <wf lemma="なら" pos="X">なら</wf>
         <wf lemma="なかっ" pos="X">なかっ</wf>
         <wf lemma="た" pos="X">た</wf>
         <wf lemma="." pos="X">.</wf>
      </sentence>
      <sentence id="d000.s7369" source="wordnet-japanese">
         <wf lemma="性" pos="X">性</wf>
         <wf lemma="の" pos="X">の</wf>
         <instance id="d000.s7369.t000" lemma="相補性" pos="NOUN">相補性</instance>
         <wf lemma="." pos="X">.</wf>
      </sentence>
      <sentence id="d000.s7370" source="wordnet-japanese">
         <wf lemma="この" pos="X">この</wf>
         <wf lemma="学生" pos="X">学生</wf>
         <wf lemma="は" pos="X">は</wf>
         <wf lemma="クラス" pos="X">クラス</wf>
         <wf lemma="を" pos="X">を</wf>
         <instance id="d000.s7370.t000" lemma="率いる" pos="VERB">率いる</instance>
         <wf lemma="." pos="X">.</wf>
      </sentence>
      <sentence id="d000.s7371" source="wordnet-japanese">
         <instance id="d000.s7371.t000" lemma="知人" pos="NOUN">知人</instance>
         <wf lemma="全部" pos="X">全部</wf>
         <wf lemma="の" pos="X">の</wf>
         <wf lemma="名前" pos="X">名前</wf>
         <wf lemma="を" pos="X">を</wf>
         <wf lemma="覚える" pos="X">覚える</wf>
         <wf lemma="こと" pos="X">こと</wf>
         <wf lemma="が" pos="X">が</wf>
         <wf lemma="でき" pos="X">でき</wf>
         <wf lemma="ない" pos="X">ない</wf>
         <wf lemma="." pos="X">.</wf>
      </sentence>
      <sentence id="d000.s7372" source="wordnet-japanese">
         <wf lemma="彼女" pos="X">彼女</wf>
         <wf lemma="の" pos="X">の</wf>
         <wf lemma="手" pos="X">手</wf>
         <wf lemma="は" pos="X">は</wf>
         <wf lemma="膝" pos="X">膝</wf>
         <wf lemma="の" pos="X">の</wf>
         <wf lemma="上" pos="X">上</wf>
         <wf lemma="に" pos="X">に</wf>
         <instance id="d000.s7372.t000" lemma="そっと" pos="ADV">そっと</instance>
         <wf lemma="置か" pos="X">置か</wf>
         <wf lemma="れ" pos="X">れ</wf>
         <wf lemma="て" pos="X">て</wf>
         <wf lemma="い" pos="X">い</wf>
         <wf lemma="た" pos="X">た</wf>
         <wf lemma="." pos="X">.</wf>
      </sentence>
      <sentence id="d000.s7373" source="wordnet-japanese">
         <wf lemma="ハイチ" pos="X">ハイチ</wf>
         <wf lemma="について" pos="X">について</wf>
         <wf lemma="の" pos="X">の</wf>
         <wf lemma="君" pos="X">君</wf>
         <wf lemma="の" pos="X">の</wf>
         <instance id="d000.s7373.t000" lemma="考え" pos="NOUN">考え</instance>
         <wf lemma="は" pos="X">は</wf>
         <wf lemma="？" pos="X">？</wf>
         <wf lemma="." pos="X">.</wf>
      </sentence>
      <sentence id="d000.s7374" source="wordnet-japanese">
         <wf lemma="ほとんど" pos="X">ほとんど</wf>
         <wf lemma="が" pos="X">が</wf>
         <wf lemma="知ら" pos="X">知ら</wf>
         <wf lemma="れ" pos="X">れ</wf>
         <wf lemma="ない" pos="X">ない</wf>
         <wf lemma="病気" pos="X">病気</wf>
         <wf lemma="の" pos="X">の</wf>
         <instance id="d000.s7374.t000" lemma="経験的" pos="ADJ">経験的</instance>
         <wf lemma="治療" pos="X">治療</wf>
         <wf lemma="." pos="X">.</wf>
      </sentence>
      <sentence id="d000.s7375" source="wordnet-japanese">
         <wf lemma="彼" pos="X">彼</wf>
         <wf lemma="は" pos="X">は</wf>
         <instance id="d000.s7375.t000" lemma="適切" pos="ADV">適切</instance>
         <wf lemma="に" pos="X">に</wf>
         <wf lemma="着こなし" pos="X">着こなし</wf>
         <wf lemma="て" pos="X">て</wf>
         <wf lemma="い" pos="X">い</wf>
         <wf lemma="た" pos="X">た</wf>
         <wf lemma="." pos="X">.</wf>
      </sentence>
      <sentence id="d000.s7376" source="wordnet-japanese">
         <instance id="d000.s7376.t000" lemma="辛口" pos="ADJ">辛口</instance>
         <wf lemma="の" pos="X">の</wf>
         <wf lemma="ボルドー" pos="X">ボルドー</wf>
         <wf lemma="." pos="X">.</wf>
      </sentence>
      <sentence id="d000.s7377" source="wordnet-japanese">
         <wf lemma="彼" pos="X">彼</wf>
         <wf lemma="が" pos="X">が</wf>
         <wf lemma="私" pos="X">私</wf>
         <wf lemma="を" pos="X">を</wf>
         <wf lemma="称賛" pos="X">称賛</wf>
         <wf lemma="する" pos="X">する</wf>
         <wf lemma="か" pos="X">か</wf>
         <wf lemma="、" pos="X">、</wf>
         <wf lemma="またはの" pos="X">またはの</wf>
         <wf lemma="のしる" pos="X">のしる</wf>
         <wf lemma="か" pos="X">か</wf>
         <wf lemma="は" pos="X">は</wf>
         <wf lemma="その" pos="X">その</wf>
         <wf lemma="とき" pos="X">とき</wf>
         <wf lemma="の" pos="X">の</wf>
         <wf lemma="彼" pos="X">彼</wf>
         <wf lemma="の" pos="X">の</wf>
         <instance id="d000.s7377.t000" lemma="気分" pos="NOUN">気分</instance>
         <wf lemma="によった" pos="X">によった</wf>
         <wf lemma="." pos="X">.</wf>
      </sentence>
      <sentence id="d000.s7378" source="wordnet-japanese">
         <instance id="d000.s7378.t000" lemma="具体的" pos="ADJ">具体的</instance>
         <wf lemma="な" pos="X">な</wf>
         <wf lemma="証拠" pos="X">証拠</wf>
         <wf lemma="." pos="X">.</wf>
      </sentence>
      <sentence id="d000.s7379" source="wordnet-japanese">
         <wf lemma="株" pos="X">株</wf>
         <wf lemma="は" pos="X">は</wf>
         <wf lemma="その" pos="X">その</wf>
         <wf lemma="値" pos="X">値</wf>
         <wf lemma="で" pos="X">で</wf>
         <wf lemma="は" pos="X">は</wf>
         <instance id="d000.s7379.t000" lemma="買い得" pos="NOUN">買い得</instance>
         <wf lemma="だっ" pos="X">だっ</wf>
         <wf lemma="た" pos="X">た</wf>
         <wf lemma="." pos="X">.</wf>
      </sentence>
      <sentence id="d000.s7380" source="wordnet-japanese">
         <wf lemma="彼" pos="X">彼</wf>
         <wf lemma="に" pos="X">に</wf>
         <wf lemma="は" pos="X">は</wf>
         <wf lemma="、" pos="X">、</wf>
         <wf lemma="本当に" pos="X">本当に</wf>
         <wf lemma="、" pos="X">、</wf>
         <instance id="d000.s7380.t000" lemma="疑わしい" pos="ADJ">疑わしい</instance>
         <wf lemma="記録" pos="X">記録</wf>
         <wf lemma="が" pos="X">が</wf>
         <wf lemma="ある" pos="X">ある</wf>
         <wf lemma="." pos="X">.</wf>
      </sentence>
      <sentence id="d000.s7381" source="wordnet-japanese">
         <instance id="d000.s7381.t000" lemma="スムーズ" pos="ADJ">スムーズ</instance>
         <wf lemma="な" pos="X">な</wf>
         <wf lemma="乗り心地" pos="X">乗り心地</wf>
         <wf lemma="." pos="X">.</wf>
      </sentence>
      <sentence id="d000.s7382" source="wordnet-japanese">
         <wf lemma="ほとんど" pos="X">ほとんど</wf>
         <wf lemma="の" pos="X">の</wf>
         <wf lemma="人" pos="X">人</wf>
         <wf lemma="の" pos="X">の</wf>
         <wf lemma="言語" pos="X">言語</wf>
         <instance id="d000.s7382.t000" lemma="中枢" pos="NOUN">中枢</instance>
         <wf lemma="は" pos="X">は</wf>
         <wf lemma="左脳" pos="X">左脳</wf>
         <wf lemma="に" pos="X">に</wf>
         <wf lemma="ある" pos="X">ある</wf>
         <wf lemma="." pos="X">.</wf>
      </sentence>
      <sentence id="d000.s7383" source="wordnet-japanese">
         <wf lemma="家風" pos="X">家風</wf>
         <wf lemma="を" pos="X">を</wf>
         <instance id="d000.s7383.t000" lemma="続ける" pos="VERB">続け</instance>
         <wf lemma="て" pos="X">て</wf>
         <wf lemma="ください" pos="X">ください</wf>
         <wf lemma="." pos="X">.</wf>
      </sentence>
      <sentence id="d000.s7384" source="wordnet-japanese">
         <wf lemma="あなた" pos="X">あなた</wf>
         <wf lemma="が" pos="X">が</wf>
         <wf lemma="そこ" pos="X">そこ</wf>
         <wf lemma="に" pos="X">に</wf>
         <wf lemma="いる" pos="X">いる</wf>
         <wf lemma="の" pos="X">の</wf>
         <wf lemma="は" pos="X">は</wf>
         <instance id="d000.s7384.t000" lemma="適切" pos="ADJ">適切</instance>
         <wf lemma="で" pos="X">で</wf>
         <wf lemma="妥当" pos="X">妥当</wf>
         <wf lemma="で" pos="X">で</wf>
         <wf lemma="ある" pos="X">ある</wf>
         <wf lemma="." pos="X">.</wf>
      </sentence>
      <sentence id="d000.s7385" source="wordnet-japanese">
         <wf lemma="我が" pos="X">我が</wf>
         <wf lemma="国" pos="X">国</wf>
         <wf lemma="に" pos="X">に</wf>
         <instance id="d000.s7385.t000" lemma="有利" pos="ADJ">有利</instance>
         <wf lemma="な" pos="X">な</wf>
         <wf lemma="契約" pos="X">契約</wf>
         <wf lemma="." pos="X">.</wf>
      </sentence>
      <sentence id="d000.s7386" source="wordnet-japanese">
         <instance id="d000.s7386.t000" lemma="甘い" pos="ADJ">甘い</instance>
         <wf lemma="祖父" pos="X">祖父</wf>
         <wf lemma="母" pos="X">母</wf>
         <wf lemma="." pos="X">.</wf>
      </sentence>
      <sentence id="d000.s7387" source="wordnet-japanese">
         <wf lemma="消印" pos="X">消印</wf>
         <wf lemma="は" pos="X">は</wf>
         <instance id="d000.s7387.t000" lemma="郵送" pos="NOUN">郵送</instance>
         <wf lemma="の" pos="X">の</wf>
         <wf lemma="時間" pos="X">時間</wf>
         <wf lemma="を" pos="X">を</wf>
         <wf lemma="示し" pos="X">示し</wf>
         <wf lemma="て" pos="X">て</wf>
         <wf lemma="いる" pos="X">いる</wf>
         <wf lemma="." pos="X">.</wf>
      </sentence>
      <sentence id="d000.s7388" source="wordnet-japanese">
         <instance id="d000.s7388.t000" lemma="無味乾燥" pos="ADJ">無味乾燥</instance>
         <wf lemma="な" pos="X">な</wf>
         <wf lemma="挨拶" pos="X">挨拶</wf>
         <wf lemma="." pos="X">.</wf>
      </sentence>
      <sentence id="d000.s7389" source="wordnet-japanese">
         <wf lemma="彼" pos="X">彼</wf>
         <wf lemma="は" pos="X">は</wf>
         <wf lemma="、" pos="X">、</wf>
         <wf lemma="侵入" pos="X">侵入</wf>
         <wf lemma="に対する" pos="X">に対する</wf>
         <instance id="d000.s7389.t000" lemma="防御" pos="NOUN">防御</instance>
         <wf lemma="に" pos="X">に</wf>
         <wf lemma="加わっ" pos="X">加わっ</wf>
         <wf lemma="た" pos="X">た</wf>
         <wf lemma="." pos="X">.</wf>
      </sentence>
      <sentence id="d000.s7390" source="wordnet-japanese">
         <wf lemma="彼" pos="X">彼</wf>
         <wf lemma="は" pos="X">は</wf>
         <instance id="d000.s7390.t000" lemma="船首" pos="NOUN">船首</instance>
         <wf lemma="を" pos="X">を</wf>
         <wf lemma="フィニッシュライン" pos="X">フィニッシュライン</wf>
         <wf lemma="に" pos="X">に</wf>
         <wf lemma="向け" pos="X">向け</wf>
         <wf lemma="た" pos="X">た</wf>
         <wf lemma="." pos="X">.</wf>
      </sentence>
      <sentence id="d000.s7391" source="wordnet-japanese">
         <wf lemma="彼" pos="X">彼</wf>
         <wf lemma="は" pos="X">は</wf>
         <wf lemma="、" pos="X">、</wf>
         <wf lemma="何" pos="X">何</wf>
         <wf lemma="で" pos="X">で</wf>
         <wf lemma="も" pos="X">も</wf>
         <wf lemma="ない" pos="X">ない</wf>
         <wf lemma="こと" pos="X">こと</wf>
         <wf lemma="に対して" pos="X">に対して</wf>
         <wf lemma="も" pos="X">も</wf>
         <instance id="d000.s7391.t000" lemma="感情的" pos="ADJ">感情的</instance>
         <wf lemma="に" pos="X">に</wf>
         <wf lemma="なる" pos="X">なる</wf>
         <wf lemma="だろ" pos="X">だろ</wf>
         <wf lemma="う" pos="X">う</wf>
         <wf lemma="." pos="X">.</wf>
      </sentence>
      <sentence id="d000.s7392" source="wordnet-japanese">
         <wf lemma="子供" pos="X">子供</wf>
         <wf lemma="は" pos="X">は</wf>
         <wf lemma="、" pos="X">、</wf>
         <wf lemma="ソーダ" pos="X">ソーダ</wf>
         <wf lemma="を" pos="X">を</wf>
         <instance id="d000.s7392.t000" lemma="飲む" pos="VERB">飲む</instance>
         <wf lemma="の" pos="X">の</wf>
         <wf lemma="が" pos="X">が</wf>
         <wf lemma="好き" pos="X">好き</wf>
         <wf lemma="である" pos="X">である</wf>
         <wf lemma="." pos="X">.</wf>
      </sentence>
      <sentence id="d000.s7393" source="wordnet-japanese">
         <wf lemma="肺" pos="X">肺</wf>
         <instance id="d000.s7393.t000" lemma="静脈" pos="NOUN">静脈</instance>
         <wf lemma="を" pos="X">を</wf>
         <wf lemma="除く" pos="X">除く</wf>
         <wf lemma="すべて" pos="X">すべて</wf>
         <wf lemma="の" pos="X">の</wf>
         <wf lemma="静脈" pos="X">静脈</wf>
         <wf lemma="は" pos="X">は</wf>
         <wf lemma="酸素" pos="X">酸素</wf>
         <wf lemma="供給" pos="X">供給</wf>
         <wf lemma="さ" pos="X">さ</wf>
         <wf lemma="れ" pos="X">れ</wf>
         <wf lemma="て" pos="X">て</wf>
         <wf lemma="い" pos="X">い</wf>
         <wf lemma="ない" pos="X">ない</wf>
         <wf lemma="血液" pos="X">血液</wf>
         <wf lemma="を" pos="X">を</wf>
         <wf lemma="運ぶ" pos="X">運ぶ</wf>
         <wf lemma="." pos="X">.</wf>
      </sentence>
      <sentence id="d000.s7394" source="wordnet-japanese">
         <instance id="d000.s7394.t000" lemma="無駄" pos="ADJ">無駄</instance>
         <wf lemma="な" pos="X">な</wf>
         <wf lemma="試み" pos="X">試み</wf>
         <wf lemma="." pos="X">.</wf>
      </sentence>
      <sentence id="d000.s7395" source="wordnet-japanese">
         <wf lemma="クローン" pos="X">クローン</wf>
         <wf lemma="は" pos="X">は</wf>
         <wf lemma="祖先" pos="X">祖先</wf>
         <wf lemma="の" pos="X">の</wf>
         <instance id="d000.s7395.t000" lemma="コピー" pos="NOUN">コピー</instance>
         <wf lemma="だっ" pos="X">だっ</wf>
         <wf lemma="た" pos="X">た</wf>
         <wf lemma="." pos="X">.</wf>
      </sentence>
      <sentence id="d000.s7396" source="wordnet-japanese">
         <wf lemma="その" pos="X">その</wf>
         <wf lemma="広告" pos="X">広告</wf>
         <wf lemma="は" pos="X">は</wf>
         <wf lemma="、" pos="X">、</wf>
         <wf lemma="顧客" pos="X">顧客</wf>
         <wf lemma="を" pos="X">を</wf>
         <instance id="d000.s7396.t000" lemma="からかう" pos="VERB">からかう</instance>
         <wf lemma="こと" pos="X">こと</wf>
         <wf lemma="を" pos="X">を</wf>
         <wf lemma="目的" pos="X">目的</wf>
         <wf lemma="と" pos="X">と</wf>
         <wf lemma="し" pos="X">し</wf>
         <wf lemma="て" pos="X">て</wf>
         <wf lemma="いる" pos="X">いる</wf>
         <wf lemma="." pos="X">.</wf>
      </sentence>
      <sentence id="d000.s7397" source="wordnet-japanese">
         <instance id="d000.s7397.t000" lemma="異常" pos="ADJ">異常</instance>
         <wf lemma="な" pos="X">な</wf>
         <wf lemma="権威" pos="X">権威</wf>
         <wf lemma="." pos="X">.</wf>
      </sentence>
      <sentence id="d000.s7398" source="wordnet-japanese">
         <wf lemma="彼" pos="X">彼</wf>
         <wf lemma="は" pos="X">は</wf>
         <wf lemma="100" pos="X">100</wf>
         <wf lemma="万" pos="X">万</wf>
         <wf lemma="も" pos="X">も</wf>
         <wf lemma="の" pos="X">の</wf>
         <instance id="d000.s7398.t000" lemma="ギャグ" pos="NOUN">ギャグ</instance>
         <wf lemma="を" pos="X">を</wf>
         <wf lemma="知っ" pos="X">知っ</wf>
         <wf lemma="て" pos="X">て</wf>
         <wf lemma="いる" pos="X">いる</wf>
         <wf lemma="." pos="X">.</wf>
      </sentence>
      <sentence id="d000.s7399" source="wordnet-japanese">
         <wf lemma="事実" pos="X">事実</wf>
         <wf lemma="は" pos="X">は</wf>
         <wf lemma="、" pos="X">、</wf>
         <wf lemma="彼女" pos="X">彼女</wf>
         <wf lemma="の" pos="X">の</wf>
         <wf lemma="個人" pos="X">個人</wf>
         <wf lemma="資産" pos="X">資産</wf>
         <wf lemma="の" pos="X">の</wf>
         <wf lemma="検討" pos="X">検討</wf>
         <wf lemma="に" pos="X">に</wf>
         <wf lemma="まで" pos="X">まで</wf>
         <instance id="d000.s7399.t000" lemma="及ぶ" pos="VERB">及ん</instance>
         <wf lemma="で" pos="X">で</wf>
         <wf lemma="いる" pos="X">いる</wf>
         <wf lemma="." pos="X">.</wf>
      </sentence>
      <sentence id="d000.s7400" source="wordnet-japanese">
         <wf lemma="あなた" pos="X">あなた</wf>
         <wf lemma="は" pos="X">は</wf>
         <instance id="d000.s7400.t000" lemma="そこ" pos="NOUN">そこ</instance>
         <wf lemma="から" pos="X">から</wf>
         <wf lemma="それ" pos="X">それ</wf>
         <wf lemma="を" pos="X">を</wf>
         <wf lemma="取る" pos="X">取る</wf>
         <wf lemma="こと" pos="X">こと</wf>
         <wf lemma="が" pos="X">が</wf>
         <wf lemma="できる" pos="X">できる</wf>
         <wf lemma="." pos="X">.</wf>
      </sentence>
      <sentence id="d000.s7401" source="wordnet-japanese">
         <wf lemma="ソース" pos="X">ソース</wf>
         <wf lemma="を" pos="X">を</wf>
         <wf lemma="コトコト" pos="X">コトコト</wf>
         <instance id="d000.s7401.t000" lemma="煮る" pos="VERB">煮る</instance>
         <wf lemma="." pos="X">.</wf>
      </sentence>
      <sentence id="d000.s7402" source="wordnet-japanese">
         <instance id="d000.s7402.t000" lemma="まったく" pos="ADV">まったく</instance>
         <wf lemma="終わっ" pos="X">終わっ</wf>
         <wf lemma="て" pos="X">て</wf>
         <wf lemma="い" pos="X">い</wf>
         <wf lemma="ない" pos="X">ない</wf>
         <wf lemma="." pos="X">.</wf>
      </sentence>
      <sentence id="d000.s7403" source="wordnet-japanese">
         <wf lemma="秘密" pos="X">秘密</wf>
         <wf lemma="の" pos="X">の</wf>
         <wf lemma="鍵" pos="X">鍵</wf>
         <wf lemma="または" pos="X">または</wf>
         <wf lemma="パスワード" pos="X">パスワード</wf>
         <wf lemma="が" pos="X">が</wf>
         <instance id="d000.s7403.t000" lemma="解読" pos="NOUN">解読</instance>
         <wf lemma="の" pos="X">の</wf>
         <wf lemma="ため" pos="X">ため</wf>
         <wf lemma="に" pos="X">に</wf>
         <wf lemma="必要" pos="X">必要</wf>
         <wf lemma="で" pos="X">で</wf>
         <wf lemma="ある" pos="X">ある</wf>
         <wf lemma="." pos="X">.</wf>
      </sentence>
      <sentence id="d000.s7404" source="wordnet-japanese">
         <wf lemma="私" pos="X">私</wf>
         <wf lemma="の" pos="X">の</wf>
         <wf lemma="成功" pos="X">成功</wf>
         <wf lemma="が" pos="X">が</wf>
         <wf lemma="縁故" pos="X">縁故</wf>
         <wf lemma="に" pos="X">に</wf>
         <instance id="d000.s7404.t000" lemma="転嫁" pos="NOUN">転嫁</instance>
         <wf lemma="さ" pos="X">さ</wf>
         <wf lemma="れる" pos="X">れる</wf>
         <wf lemma="の" pos="X">の</wf>
         <wf lemma="は" pos="X">は</wf>
         <wf lemma="、" pos="X">、</wf>
         <wf lemma="私" pos="X">私</wf>
         <wf lemma="は" pos="X">は</wf>
         <wf lemma="まともに" pos="X">まともに</wf>
         <wf lemma="扱わ" pos="X">扱わ</wf>
         <wf lemma="れ" pos="X">れ</wf>
         <wf lemma="て" pos="X">て</wf>
         <wf lemma="い" pos="X">い</wf>
         <wf lemma="ない" pos="X">ない</wf>
         <wf lemma="という" pos="X">という</wf>
         <wf lemma="こと" pos="X">こと</wf>
         <wf lemma="だっ" pos="X">だっ</wf>
         <wf lemma="た" pos="X">た</wf>
         <wf lemma="." pos="X">.</wf>
      </sentence>
      <sentence id="d000.s7405" source="wordnet-japanese">
         <wf lemma="洪水" pos="X">洪水</wf>
         <wf lemma="の" pos="X">の</wf>
         <wf lemma="被害者" pos="X">被害者</wf>
         <wf lemma="に" pos="X">に</wf>
         <wf lemma="衣食" pos="X">衣食</wf>
         <wf lemma="を" pos="X">を</wf>
         <wf lemma="分配" pos="X">分配</wf>
         <wf lemma="する" pos="X">する</wf>
         <wf lemma="の" pos="X">の</wf>
         <wf lemma="は" pos="X">は</wf>
         <wf lemma="、" pos="X">、</wf>
         <instance id="d000.s7405.t000" lemma="慈悲" pos="NOUN">慈悲</instance>
         <wf lemma="深い" pos="X">深い</wf>
         <wf lemma="行為" pos="X">行為</wf>
         <wf lemma="だっ" pos="X">だっ</wf>
         <wf lemma="た" pos="X">た</wf>
         <wf lemma="." pos="X">.</wf>
      </sentence>
      <sentence id="d000.s7406" source="wordnet-japanese">
         <wf lemma="彼ら" pos="X">彼ら</wf>
         <wf lemma="は" pos="X">は</wf>
         <wf lemma="川" pos="X">川</wf>
         <wf lemma="を" pos="X">を</wf>
         <wf lemma="3" pos="X">3</wf>
         <wf lemma="つ" pos="X">つ</wf>
         <wf lemma="の" pos="X">の</wf>
         <instance id="d000.s7406.t000" lemma="部分" pos="NOUN">部分</instance>
         <wf lemma="に" pos="X">に</wf>
         <wf lemma="分け" pos="X">分け</wf>
         <wf lemma="て" pos="X">て</wf>
         <wf lemma="検討" pos="X">検討</wf>
         <wf lemma="し" pos="X">し</wf>
         <wf lemma="た" pos="X">た</wf>
         <wf lemma="." pos="X">.</wf>
      </sentence>
      <sentence id="d000.s7407" source="wordnet-japanese">
         <instance id="d000.s7407.t000" lemma="焦点" pos="NOUN">焦点</instance>
         <wf lemma="が" pos="X">が</wf>
         <wf lemma="合っ" pos="X">合っ</wf>
         <wf lemma="て" pos="X">て</wf>
         <wf lemma="い" pos="X">い</wf>
         <wf lemma="ない" pos="X">ない</wf>
         <wf lemma="." pos="X">.</wf>
      </sentence>
      <sentence id="d000.s7408" source="wordnet-japanese">
         <wf lemma="コックス" pos="X">コックス</wf>
         <wf lemma="は" pos="X">は</wf>
         <instance id="d000.s7408.t000" lemma="ビート" pos="NOUN">ビート</instance>
         <wf lemma="を" pos="X">を</wf>
         <wf lemma="上げ" pos="X">上げ</wf>
         <wf lemma="た" pos="X">た</wf>
         <wf lemma="." pos="X">.</wf>
      </sentence>
      <sentence id="d000.s7409" source="wordnet-japanese">
         <instance id="d000.s7409.t000" lemma="ゆらめく" pos="ADJ">ゆらめく</instance>
         <wf lemma="炎" pos="X">炎</wf>
         <wf lemma="の" pos="X">の</wf>
         <wf lemma="舌" pos="X">舌</wf>
         <wf lemma="." pos="X">.</wf>
      </sentence>
      <sentence id="d000.s7410" source="wordnet-japanese">
         <wf lemma="とても" pos="X">とても</wf>
         <instance id="d000.s7410.t000" lemma="革新的" pos="ADJ">革新的</instance>
         <wf lemma="で" pos="X">で</wf>
         <wf lemma="、" pos="X">、</wf>
         <wf lemma="とても" pos="X">とても</wf>
         <wf lemma="独特" pos="X">独特</wf>
         <wf lemma="." pos="X">.</wf>
      </sentence>
      <sentence id="d000.s7411" source="wordnet-japanese">
         <instance id="d000.s7411.t000" lemma="妥当" pos="ADJ">妥当</instance>
         <wf lemma="な" pos="X">な</wf>
         <wf lemma="推量" pos="X">推量</wf>
         <wf lemma="." pos="X">.</wf>
      </sentence>
      <sentence id="d000.s7412" source="wordnet-japanese">
         <wf lemma="彼" pos="X">彼</wf>
         <wf lemma="は" pos="X">は</wf>
         <wf lemma="市政" pos="X">市政</wf>
         <wf lemma="の" pos="X">の</wf>
         <wf lemma="腐敗" pos="X">腐敗</wf>
         <wf lemma="を" pos="X">を</wf>
         <instance id="d000.s7412.t000" lemma="暴露" pos="NOUN">暴露</instance>
         <wf lemma="する" pos="X">する</wf>
         <wf lemma="記事" pos="X">記事</wf>
         <wf lemma="を" pos="X">を</wf>
         <wf lemma="出版" pos="X">出版</wf>
         <wf lemma="し" pos="X">し</wf>
         <wf lemma="た" pos="X">た</wf>
         <wf lemma="." pos="X">.</wf>
      </sentence>
      <sentence id="d000.s7413" source="wordnet-japanese">
         <wf lemma="私" pos="X">私</wf>
         <wf lemma="は" pos="X">は</wf>
         <wf lemma="薬剤" pos="X">薬剤</wf>
         <wf lemma="を" pos="X">を</wf>
         <instance id="d000.s7413.t000" lemma="避ける" pos="VERB">避ける</instance>
         <wf lemma="." pos="X">.</wf>
      </sentence>
      <sentence id="d000.s7414" source="wordnet-japanese">
         <wf lemma="それ" pos="X">それ</wf>
         <wf lemma="は" pos="X">は</wf>
         <wf lemma="非常" pos="X">非常</wf>
         <wf lemma="に" pos="X">に</wf>
         <instance id="d000.s7414.t000" lemma="悲しい" pos="ADJ">悲しい</instance>
         <wf lemma="話" pos="X">話</wf>
         <wf lemma="だっ" pos="X">だっ</wf>
         <wf lemma="た" pos="X">た</wf>
         <wf lemma="." pos="X">.</wf>
      </sentence>
      <sentence id="d000.s7415" source="wordnet-japanese">
         <wf lemma="心配事" pos="X">心配事</wf>
         <wf lemma="を" pos="X">を</wf>
         <instance id="d000.s7415.t000" lemma="捨てる" pos="VERB">捨て</instance>
         <wf lemma="て" pos="X">て</wf>
         <wf lemma="ください" pos="X">ください</wf>
         <wf lemma="." pos="X">.</wf>
      </sentence>
      <sentence id="d000.s7416" source="wordnet-japanese">
         <wf lemma="家" pos="X">家</wf>
         <wf lemma="の" pos="X">の</wf>
         <wf lemma="内部" pos="X">内部</wf>
         <wf lemma="は" pos="X">は</wf>
         <wf lemma="、" pos="X">、</wf>
         <wf lemma="風通" pos="X">風通</wf>
         <wf lemma="し" pos="X">し</wf>
         <wf lemma="が" pos="X">が</wf>
         <wf lemma="よく" pos="X">よく</wf>
         <wf lemma="て" pos="X">て</wf>
         <wf lemma="、" pos="X">、</wf>
         <instance id="d000.s7416.t000" lemma="明るい" pos="ADJ">明るかっ</instance>
         <wf lemma="た" pos="X">た</wf>
         <wf lemma="." pos="X">.</wf>
      </sentence>
      <sentence id="d000.s7417" source="wordnet-japanese">
         <wf lemma="電流" pos="X">電流</wf>
         <wf lemma="が" pos="X">が</wf>
         <instance id="d000.s7417.t000" lemma="こみ上げる" pos="VERB">こみ上げ</instance>
         <wf lemma="た" pos="X">た</wf>
         <wf lemma="." pos="X">.</wf>
      </sentence>
      <sentence id="d000.s7418" source="wordnet-japanese">
         <instance id="d000.s7418.t000" lemma="単純" pos="ADJ">単純</instance>
         <wf lemma="な" pos="X">な</wf>
         <wf lemma="議論" pos="X">議論</wf>
         <wf lemma="." pos="X">.</wf>
      </sentence>
      <sentence id="d000.s7419" source="wordnet-japanese">
         <instance id="d000.s7419.t000" lemma="ミーム" pos="NOUN">ミーム</instance>
         <wf lemma="は" pos="X">は</wf>
         <wf lemma="遺伝子" pos="X">遺伝子</wf>
         <wf lemma="の" pos="X">の</wf>
         <wf lemma="文化的" pos="X">文化的</wf>
         <wf lemma="な" pos="X">な</wf>
         <wf lemma="対照物" pos="X">対照物</wf>
         <wf lemma="である" pos="X">である</wf>
         <wf lemma="." pos="X">.</wf>
      </sentence>
      <sentence id="d000.s7420" source="wordnet-japanese">
         <wf lemma="彼" pos="X">彼</wf>
         <wf lemma="の" pos="X">の</wf>
         <wf lemma="胸" pos="X">胸</wf>
         <wf lemma="の" pos="X">の</wf>
         <wf lemma="中" pos="X">中</wf>
         <wf lemma="の" pos="X">の</wf>
         <instance id="d000.s7420.t000" lemma="きつい" pos="ADJ">きつい</instance>
         <wf lemma="感じ" pos="X">感じ</wf>
         <wf lemma="." pos="X">.</wf>
      </sentence>
      <sentence id="d000.s7421" source="wordnet-japanese">
         <wf lemma="迷走" pos="X">迷走</wf>
         <wf lemma="神経" pos="X">神経</wf>
         <wf lemma="による" pos="X">による</wf>
         <wf lemma="心臓" pos="X">心臓</wf>
         <wf lemma="の" pos="X">の</wf>
         <instance id="d000.s7421.t000" lemma="抑制" pos="NOUN">抑制</instance>
         <wf lemma="." pos="X">.</wf>
      </sentence>
      <sentence id="d000.s7422" source="wordnet-japanese">
         <wf lemma="彼女" pos="X">彼女</wf>
         <wf lemma="は" pos="X">は</wf>
         <wf lemma="彼女" pos="X">彼女</wf>
         <wf lemma="の" pos="X">の</wf>
         <wf lemma="要求" pos="X">要求</wf>
         <wf lemma="を" pos="X">を</wf>
         <instance id="d000.s7422.t000" lemma="繰り返す" pos="VERB">繰り返し</instance>
         <wf lemma="続け" pos="X">続け</wf>
         <wf lemma="た" pos="X">た</wf>
         <wf lemma="." pos="X">.</wf>
      </sentence>
      <sentence id="d000.s7423" source="wordnet-japanese">
         <wf lemma="彼" pos="X">彼</wf>
         <wf lemma="は" pos="X">は</wf>
         <wf lemma="飛行機" pos="X">飛行機</wf>
         <wf lemma="に" pos="X">に</wf>
         <wf lemma="小さな" pos="X">小さな</wf>
         <instance id="d000.s7423.t000" lemma="スーツケース" pos="NOUN">スーツケース</instance>
         <wf lemma="を" pos="X">を</wf>
         <wf lemma="持ち込ん" pos="X">持ち込ん</wf>
         <wf lemma="だ" pos="X">だ</wf>
         <wf lemma="." pos="X">.</wf>
      </sentence>
      <sentence id="d000.s7424" source="wordnet-japanese">
         <instance id="d000.s7424.t000" lemma="幸運" pos="ADJ">幸運</instance>
         <wf lemma="な" pos="X">な</wf>
         <wf lemma="選択" pos="X">選択</wf>
         <wf lemma="." pos="X">.</wf>
      </sentence>
      <sentence id="d000.s7425" source="wordnet-japanese">
         <wf lemma="対立" pos="X">対立</wf>
         <wf lemma="する" pos="X">する</wf>
         <wf lemma="党派" pos="X">党派</wf>
         <wf lemma="の" pos="X">の</wf>
         <instance id="d000.s7425.t000" lemma="統合" pos="NOUN">統合</instance>
         <wf lemma="." pos="X">.</wf>
      </sentence>
      <sentence id="d000.s7426" source="wordnet-japanese">
         <instance id="d000.s7426.t000" lemma="深い" pos="ADJ">深い</instance>
         <wf lemma="昏睡" pos="X">昏睡</wf>
         <wf lemma="状態" pos="X">状態</wf>
         <wf lemma="." pos="X">.</wf>
      </sentence>
      <sentence id="d000.s7427" source="wordnet-japanese">
         <wf lemma="彼" pos="X">彼</wf>
         <wf lemma="は" pos="X">は</wf>
         <wf lemma="、" pos="X">、</wf>
         <wf lemma="彼" pos="X">彼</wf>
         <wf lemma="の" pos="X">の</wf>
         <instance id="d000.s7427.t000" lemma="おせっかい" pos="ADJ">おせっかい</instance>
         <wf lemma="な" pos="X">な</wf>
         <wf lemma="方法" pos="X">方法</wf>
         <wf lemma="で" pos="X">で</wf>
         <wf lemma="、" pos="X">、</wf>
         <wf lemma="私" pos="X">私</wf>
         <wf lemma="の" pos="X">の</wf>
         <wf lemma="手紙" pos="X">手紙</wf>
         <wf lemma="を" pos="X">を</wf>
         <wf lemma="読ん" pos="X">読ん</wf>
         <wf lemma="だ" pos="X">だ</wf>
         <wf lemma="." pos="X">.</wf>
      </sentence>
      <sentence id="d000.s7428" source="wordnet-japanese">
         <wf lemma="各々" pos="X">各々</wf>
         <wf lemma="の" pos="X">の</wf>
         <wf lemma="子供" pos="X">子供</wf>
         <wf lemma="は" pos="X">は</wf>
         <wf lemma="、" pos="X">、</wf>
         <wf lemma="彼ら" pos="X">彼ら</wf>
         <wf lemma="の" pos="X">の</wf>
         <instance id="d000.s7428.t000" lemma="生活費" pos="NOUN">生活費</instance>
         <wf lemma="の" pos="X">の</wf>
         <wf lemma="料金" pos="X">料金</wf>
         <wf lemma="を" pos="X">を</wf>
         <wf lemma="払う" pos="X">払う</wf>
         <wf lemma="こと" pos="X">こと</wf>
         <wf lemma="に" pos="X">に</wf>
         <wf lemma="なっ" pos="X">なっ</wf>
         <wf lemma="て" pos="X">て</wf>
         <wf lemma="い" pos="X">い</wf>
         <wf lemma="た" pos="X">た</wf>
         <wf lemma="." pos="X">.</wf>
      </sentence>
      <sentence id="d000.s7429" source="wordnet-japanese">
         <wf lemma="彼" pos="X">彼</wf>
         <wf lemma="の" pos="X">の</wf>
         <wf lemma="ヨット" pos="X">ヨット</wf>
         <wf lemma="は" pos="X">は</wf>
         <wf lemma="６０" pos="X">６０</wf>
         <instance id="d000.s7429.t000" lemma="フッター" pos="NOUN">フッター</instance>
         <wf lemma="である" pos="X">である</wf>
         <wf lemma="." pos="X">.</wf>
      </sentence>
      <sentence id="d000.s7430" source="wordnet-japanese">
         <wf lemma="ファシズム" pos="X">ファシズム</wf>
         <wf lemma="の" pos="X">の</wf>
         <instance id="d000.s7430.t000" lemma="毒" pos="NOUN">毒</instance>
         <wf lemma="." pos="X">.</wf>
      </sentence>
      <sentence id="d000.s7431" source="wordnet-japanese">
         <wf lemma="3" pos="X">3</wf>
         <wf lemma="両" pos="X">両</wf>
         <wf lemma="の" pos="X">の</wf>
         <wf lemma="鉄道" pos="X">鉄道</wf>
         <instance id="d000.s7431.t000" lemma="車両" pos="NOUN">車両</instance>
         <wf lemma="が" pos="X">が</wf>
         <wf lemma="脱線" pos="X">脱線</wf>
         <wf lemma="し" pos="X">し</wf>
         <wf lemma="た" pos="X">た</wf>
         <wf lemma="." pos="X">.</wf>
      </sentence>
      <sentence id="d000.s7432" source="wordnet-japanese">
         <instance id="d000.s7432.t000" lemma="生化学的" pos="ADV">生化学的</instance>
         <wf lemma="に" pos="X">に</wf>
         <wf lemma="おもしろい" pos="X">おもしろい</wf>
         <wf lemma="現象" pos="X">現象</wf>
         <wf lemma="." pos="X">.</wf>
      </sentence>
      <sentence id="d000.s7433" source="wordnet-japanese">
         <instance id="d000.s7433.t000" lemma="素敵" pos="ADJ">素敵</instance>
         <wf lemma="な" pos="X">な</wf>
         <wf lemma="方法" pos="X">方法</wf>
         <wf lemma="で" pos="X">で</wf>
         <wf lemma="贈っ" pos="X">贈っ</wf>
         <wf lemma="た" pos="X">た</wf>
         <wf lemma="." pos="X">.</wf>
      </sentence>
      <sentence id="d000.s7434" source="wordnet-japanese">
         <wf lemma="その" pos="X">その</wf>
         <wf lemma="日" pos="X">日</wf>
         <wf lemma="の" pos="X">の</wf>
         <instance id="d000.s7434.t000" lemma="重要" pos="ADJ">重要</instance>
         <wf lemma="な" pos="X">な</wf>
         <wf lemma="質問" pos="X">質問</wf>
         <wf lemma="." pos="X">.</wf>
      </sentence>
      <sentence id="d000.s7435" source="wordnet-japanese">
         <wf lemma="実物" pos="X">実物</wf>
         <wf lemma="そっくり" pos="X">そっくり</wf>
         <wf lemma="の" pos="X">の</wf>
         <instance id="d000.s7435.t000" lemma="立体的" pos="ADJ">立体的</instance>
         <wf lemma="な" pos="X">な</wf>
         <wf lemma="キャラクタ" pos="X">キャラクタ</wf>
         <wf lemma="." pos="X">.</wf>
      </sentence>
      <sentence id="d000.s7436" source="wordnet-japanese">
         <wf lemma="彼ら" pos="X">彼ら</wf>
         <wf lemma="の" pos="X">の</wf>
         <wf lemma="愛情" pos="X">愛情</wf>
         <wf lemma="の" pos="X">の</wf>
         <instance id="d000.s7436.t000" lemma="相互" pos="NOUN">相互</instance>
         <wf lemma="関係" pos="X">関係</wf>
         <wf lemma="は" pos="X">は</wf>
         <wf lemma="明白" pos="X">明白</wf>
         <wf lemma="だっ" pos="X">だっ</wf>
         <wf lemma="た" pos="X">た</wf>
         <wf lemma="." pos="X">.</wf>
      </sentence>
      <sentence id="d000.s7437" source="wordnet-japanese">
         <wf lemma="歯医者" pos="X">歯医者</wf>
         <wf lemma="へ" pos="X">へ</wf>
         <wf lemma="の" pos="X">の</wf>
         <instance id="d000.s7437.t000" lemma="訪問" pos="NOUN">訪問</instance>
         <wf lemma="." pos="X">.</wf>
      </sentence>
      <sentence id="d000.s7438" source="wordnet-japanese">
         <wf lemma="彼ら" pos="X">彼ら</wf>
         <wf lemma="は" pos="X">は</wf>
         <wf lemma="銀行" pos="X">銀行</wf>
         <wf lemma="が" pos="X">が</wf>
         <wf lemma="閉まる" pos="X">閉まる</wf>
         <wf lemma="前" pos="X">前</wf>
         <wf lemma="に" pos="X">に</wf>
         <wf lemma="その" pos="X">その</wf>
         <instance id="d000.s7438.t000" lemma="取引" pos="NOUN">取引</instance>
         <wf lemma="を" pos="X">を</wf>
         <wf lemma="完了" pos="X">完了</wf>
         <wf lemma="し" pos="X">し</wf>
         <wf lemma="なく" pos="X">なく</wf>
         <wf lemma="て" pos="X">て</wf>
         <wf lemma="は" pos="X">は</wf>
         <wf lemma="なら" pos="X">なら</wf>
         <wf lemma="なかっ" pos="X">なかっ</wf>
         <wf lemma="た" pos="X">た</wf>
         <wf lemma="." pos="X">.</wf>
      </sentence>
      <sentence id="d000.s7439" source="wordnet-japanese">
         <wf lemma="告訴" pos="X">告訴</wf>
         <wf lemma="を" pos="X">を</wf>
         <instance id="d000.s7439.t000" lemma="取り下げる" pos="VERB">取り下げる</instance>
         <wf lemma="." pos="X">.</wf>
      </sentence>
      <sentence id="d000.s7440" source="wordnet-japanese">
         <wf lemma="囚人" pos="X">囚人</wf>
         <wf lemma="は" pos="X">は</wf>
         <instance id="d000.s7440.t000" lemma="話す" pos="VERB">話さ</instance>
         <wf lemma="ない" pos="X">ない</wf>
         <wf lemma="だろ" pos="X">だろ</wf>
         <wf lemma="う" pos="X">う</wf>
         <wf lemma="." pos="X">.</wf>
      </sentence>
      <sentence id="d000.s7441" source="wordnet-japanese">
         <wf lemma="努力" pos="X">努力</wf>
         <wf lemma="を" pos="X">を</wf>
         <instance id="d000.s7441.t000" lemma="する" pos="VERB">する</instance>
         <wf lemma="." pos="X">.</wf>
      </sentence>
      <sentence id="d000.s7442" source="wordnet-japanese">
         <wf lemma="PTA" pos="X">PTA</wf>
         <wf lemma="の" pos="X">の</wf>
         <instance id="d000.s7442.t000" lemma="定期的" pos="ADJ">定期的</instance>
         <wf lemma="な" pos="X">な</wf>
         <wf lemma="会議" pos="X">会議</wf>
         <wf lemma="で" pos="X">で</wf>
         <wf lemma="." pos="X">.</wf>
      </sentence>
      <sentence id="d000.s7443" source="wordnet-japanese">
         <instance id="d000.s7443.t000" lemma="明日" pos="NOUN">明日</instance>
         <wf lemma="の" pos="X">の</wf>
         <wf lemma="世界" pos="X">世界</wf>
         <wf lemma="." pos="X">.</wf>
      </sentence>
      <sentence id="d000.s7444" source="wordnet-japanese">
         <instance id="d000.s7444.t000" lemma="平ら" pos="ADJ">平ら</instance>
         <wf lemma="な" pos="X">な</wf>
         <wf lemma="机" pos="X">机</wf>
         <wf lemma="." pos="X">.</wf>
      </sentence>
      <sentence id="d000.s7445" source="wordnet-japanese">
         <instance id="d000.s7445.t000" lemma="従順" pos="ADJ">従順</instance>
         <wf lemma="な" pos="X">な</wf>
         <wf lemma="使用人" pos="X">使用人</wf>
         <wf lemma="." pos="X">.</wf>
      </sentence>
      <sentence id="d000.s7446" source="wordnet-japanese">
         <wf lemma="ナプキン" pos="X">ナプキン</wf>
         <wf lemma="の" pos="X">の</wf>
         <instance id="d000.s7446.t000" lemma="折り" pos="NOUN">折り</instance>
         <wf lemma="目" pos="X">目</wf>
         <wf lemma="." pos="X">.</wf>
      </sentence>
      <sentence id="d000.s7447" source="wordnet-japanese">
         <wf lemma="『" pos="X">『</wf>
         <wf lemma="ソクラテス" pos="X">ソクラテス</wf>
         <wf lemma="は" pos="X">は</wf>
         <wf lemma="人" pos="X">人</wf>
         <wf lemma="である" pos="X">である</wf>
         <wf lemma="』" pos="X">』</wf>
         <wf lemma="ソクラテス" pos="X">ソクラテス</wf>
         <wf lemma="が" pos="X">が</wf>
         <wf lemma="人間" pos="X">人間</wf>
         <wf lemma="である" pos="X">である</wf>
         <wf lemma="こと" pos="X">こと</wf>
         <wf lemma="を" pos="X">を</wf>
         <instance id="d000.s7447.t000" lemma="断定" pos="NOUN">断定</instance>
         <wf lemma="する" pos="X">する</wf>
         <wf lemma="." pos="X">.</wf>
      </sentence>
      <sentence id="d000.s7448" source="wordnet-japanese">
         <wf lemma="物事" pos="X">物事</wf>
         <wf lemma="は" pos="X">は</wf>
         <wf lemma="、" pos="X">、</wf>
         <wf lemma="今また" pos="X">今また</wf>
         <instance id="d000.s7448.t000" lemma="正しい" pos="ADJ">正しい</instance>
         <wf lemma="方向" pos="X">方向</wf>
         <wf lemma="に" pos="X">に</wf>
         <wf lemma="ある" pos="X">ある</wf>
         <wf lemma="." pos="X">.</wf>
      </sentence>
      <sentence id="d000.s7449" source="wordnet-japanese">
         <wf lemma="彼ら" pos="X">彼ら</wf>
         <wf lemma="は" pos="X">は</wf>
         <wf lemma="緊張" pos="X">緊張</wf>
         <wf lemma="し" pos="X">し</wf>
         <wf lemma="た" pos="X">た</wf>
         <wf lemma="中" pos="X">中</wf>
         <wf lemma="で" pos="X">で</wf>
         <wf lemma="の" pos="X">の</wf>
         <wf lemma="彼" pos="X">彼</wf>
         <wf lemma="の" pos="X">の</wf>
         <instance id="d000.s7449.t000" lemma="演技" pos="NOUN">演技</instance>
         <wf lemma="を" pos="X">を</wf>
         <wf lemma="称え" pos="X">称え</wf>
         <wf lemma="た" pos="X">た</wf>
         <wf lemma="." pos="X">.</wf>
      </sentence>
      <sentence id="d000.s7450" source="wordnet-japanese">
         <wf lemma="若い" pos="X">若い</wf>
         <wf lemma="世代" pos="X">世代</wf>
         <wf lemma="に" pos="X">に</wf>
         <wf lemma="価値観" pos="X">価値観</wf>
         <wf lemma="を" pos="X">を</wf>
         <instance id="d000.s7450.t000" lemma="教え込む" pos="VERB">教え込む</instance>
         <wf lemma="." pos="X">.</wf>
      </sentence>
      <sentence id="d000.s7451" source="wordnet-japanese">
         <instance id="d000.s7451.t000" lemma="明らか" pos="ADJ">明らか</instance>
         <wf lemma="な" pos="X">な</wf>
         <wf lemma="敵意" pos="X">敵意</wf>
         <wf lemma="." pos="X">.</wf>
      </sentence>
      <sentence id="d000.s7452" source="wordnet-japanese">
         <instance id="d000.s7452.t000" lemma="生産的" pos="ADJ">生産的</instance>
         <wf lemma="な" pos="X">な</wf>
         <wf lemma="共同" pos="X">共同</wf>
         <wf lemma="作業" pos="X">作業</wf>
         <wf lemma="." pos="X">.</wf>
      </sentence>
      <sentence id="d000.s7453" source="wordnet-japanese">
         <wf lemma="彼" pos="X">彼</wf>
         <wf lemma="は" pos="X">は</wf>
         <wf lemma="、" pos="X">、</wf>
         <wf lemma="正規" pos="X">正規</wf>
         <wf lemma="の" pos="X">の</wf>
         <instance id="d000.s7453.t000" lemma="教育" pos="NOUN">教育</instance>
         <wf lemma="を" pos="X">を</wf>
         <wf lemma="受け" pos="X">受け</wf>
         <wf lemma="なかっ" pos="X">なかっ</wf>
         <wf lemma="た" pos="X">た</wf>
         <wf lemma="." pos="X">.</wf>
      </sentence>
      <sentence id="d000.s7454" source="wordnet-japanese">
         <wf lemma="彼女" pos="X">彼女</wf>
         <wf lemma="は" pos="X">は</wf>
         <wf lemma="、" pos="X">、</wf>
         <wf lemma="老婦人" pos="X">老婦人</wf>
         <wf lemma="を" pos="X">を</wf>
         <wf lemma="家" pos="X">家</wf>
         <wf lemma="まで" pos="X">まで</wf>
         <wf lemma="送る" pos="X">送る</wf>
         <wf lemma="と" pos="X">と</wf>
         <instance id="d000.s7454.t000" lemma="申し出る" pos="VERB">申し出</instance>
         <wf lemma="た" pos="X">た</wf>
         <wf lemma="." pos="X">.</wf>
      </sentence>
      <sentence id="d000.s7455" source="wordnet-japanese">
         <wf lemma="彼" pos="X">彼</wf>
         <wf lemma="は" pos="X">は</wf>
         <wf lemma="能力" pos="X">能力</wf>
         <wf lemma="について" pos="X">について</wf>
         <instance id="d000.s7455.t000" lemma="妄想" pos="NOUN">妄想</instance>
         <wf lemma="を" pos="X">を</wf>
         <wf lemma="抱い" pos="X">抱い</wf>
         <wf lemma="て" pos="X">て</wf>
         <wf lemma="いる" pos="X">いる</wf>
         <wf lemma="." pos="X">.</wf>
      </sentence>
      <sentence id="d000.s7456" source="wordnet-japanese">
         <wf lemma="彼ら" pos="X">彼ら</wf>
         <wf lemma="の" pos="X">の</wf>
         <instance id="d000.s7456.t000" lemma="腋" pos="NOUN">腋</instance>
         <wf lemma="の" pos="X">の</wf>
         <wf lemma="下" pos="X">下</wf>
         <wf lemma="まで" pos="X">まで</wf>
         <wf lemma="水がき" pos="X">水がき</wf>
         <wf lemma="て" pos="X">て</wf>
         <wf lemma="い" pos="X">い</wf>
         <wf lemma="た" pos="X">た</wf>
         <wf lemma="." pos="X">.</wf>
      </sentence>
      <sentence id="d000.s7457" source="wordnet-japanese">
         <instance id="d000.s7457.t000" lemma="ガーナ" pos="NOUN">ガーナ</instance>
         <wf lemma="は" pos="X">は</wf>
         <wf lemma="黄金" pos="X">黄金</wf>
         <wf lemma="海岸" pos="X">海岸</wf>
         <wf lemma="と" pos="X">と</wf>
         <wf lemma="し" pos="X">し</wf>
         <wf lemma="て" pos="X">て</wf>
         <wf lemma="英国" pos="X">英国</wf>
         <wf lemma="により" pos="X">により</wf>
         <wf lemma="植民地化" pos="X">植民地化</wf>
         <wf lemma="さ" pos="X">さ</wf>
         <wf lemma="れ" pos="X">れ</wf>
         <wf lemma="た" pos="X">た</wf>
         <wf lemma="." pos="X">.</wf>
      </sentence>
      <sentence id="d000.s7458" source="wordnet-japanese">
         <wf lemma="家族" pos="X">家族</wf>
         <wf lemma="が" pos="X">が</wf>
         <wf lemma="非常" pos="X">非常</wf>
         <wf lemma="に" pos="X">に</wf>
         <instance id="d000.s7458.t000" lemma="多い" pos="ADJ">多かっ</instance>
         <wf lemma="た" pos="X">た</wf>
         <wf lemma="." pos="X">.</wf>
      </sentence>
      <sentence id="d000.s7459" source="wordnet-japanese">
         <wf lemma="敷地" pos="X">敷地</wf>
         <wf lemma="の" pos="X">の</wf>
         <wf lemma="角" pos="X">角</wf>
         <wf lemma="は" pos="X">は</wf>
         <instance id="d000.s7459.t000" lemma="杭" pos="NOUN">杭</instance>
         <wf lemma="で" pos="X">で</wf>
         <wf lemma="示さ" pos="X">示さ</wf>
         <wf lemma="れ" pos="X">れ</wf>
         <wf lemma="て" pos="X">て</wf>
         <wf lemma="い" pos="X">い</wf>
         <wf lemma="た" pos="X">た</wf>
         <wf lemma="." pos="X">.</wf>
      </sentence>
      <sentence id="d000.s7460" source="wordnet-japanese">
         <instance id="d000.s7460.t000" lemma="地味" pos="ADJ">地味</instance>
         <wf lemma="な" pos="X">な</wf>
         <wf lemma="ピューリタン" pos="X">ピューリタン</wf>
         <wf lemma="の" pos="X">の</wf>
         <wf lemma="灰色" pos="X">灰色</wf>
         <wf lemma="." pos="X">.</wf>
      </sentence>
      <sentence id="d000.s7461" source="wordnet-japanese">
         <wf lemma="私" pos="X">私</wf>
         <wf lemma="たち" pos="X">たち</wf>
         <wf lemma="は" pos="X">は</wf>
         <wf lemma="招待" pos="X">招待</wf>
         <wf lemma="に" pos="X">に</wf>
         <wf lemma="応じる" pos="X">応じる</wf>
         <wf lemma="と" pos="X">と</wf>
         <instance id="d000.s7461.t000" lemma="答える" pos="VERB">答え</instance>
         <wf lemma="た" pos="X">た</wf>
         <wf lemma="." pos="X">.</wf>
      </sentence>
      <sentence id="d000.s7462" source="wordnet-japanese">
         <instance id="d000.s7462.t000" lemma="良い" pos="ADJ">良い</instance>
         <wf lemma="マナー" pos="X">マナー</wf>
         <wf lemma="." pos="X">.</wf>
      </sentence>
      <sentence id="d000.s7463" source="wordnet-japanese">
         <wf lemma="木" pos="X">木</wf>
         <wf lemma="の" pos="X">の</wf>
         <wf lemma="表面" pos="X">表面</wf>
         <wf lemma="の" pos="X">の</wf>
         <wf lemma="使用" pos="X">使用</wf>
         <wf lemma="に" pos="X">に</wf>
         <instance id="d000.s7463.t000" lemma="不適当" pos="ADJ">不適当</instance>
         <wf lemma="な" pos="X">な</wf>
         <wf lemma="溶剤" pos="X">溶剤</wf>
         <wf lemma="." pos="X">.</wf>
      </sentence>
      <sentence id="d000.s7464" source="wordnet-japanese">
         <instance id="d000.s7464.t000" lemma="ユニーク" pos="ADJ">ユニーク</instance>
         <wf lemma="な" pos="X">な</wf>
         <wf lemma="食事" pos="X">食事</wf>
         <wf lemma="体験" pos="X">体験</wf>
         <wf lemma="." pos="X">.</wf>
      </sentence>
      <sentence id="d000.s7465" source="wordnet-japanese">
         <wf lemma="クォーターバッグ" pos="X">クォーターバッグ</wf>
         <wf lemma="は" pos="X">は</wf>
         <wf lemma="膝" pos="X">膝</wf>
         <wf lemma="のけ" pos="X">のけ</wf>
         <wf lemma="がで" pos="X">がで</wf>
         <instance id="d000.s7465.t000" lemma="治療" pos="NOUN">治療</instance>
         <wf lemma="を" pos="X">を</wf>
         <wf lemma="受け" pos="X">受け</wf>
         <wf lemma="て" pos="X">て</wf>
         <wf lemma="いる" pos="X">いる</wf>
         <wf lemma="." pos="X">.</wf>
      </sentence>
      <sentence id="d000.s7466" source="wordnet-japanese">
         <wf lemma="医者" pos="X">医者</wf>
         <wf lemma="は" pos="X">は</wf>
         <wf lemma="いくつか" pos="X">いくつか</wf>
         <wf lemma="の" pos="X">の</wf>
         <instance id="d000.s7466.t000" lemma="予防薬" pos="NOUN">予防薬</instance>
         <wf lemma="を" pos="X">を</wf>
         <wf lemma="推薦" pos="X">推薦</wf>
         <wf lemma="し" pos="X">し</wf>
         <wf lemma="た" pos="X">た</wf>
         <wf lemma="." pos="X">.</wf>
      </sentence>
      <sentence id="d000.s7467" source="wordnet-japanese">
         <wf lemma="教会" pos="X">教会</wf>
         <wf lemma="は" pos="X">は</wf>
         <wf lemma="新しい" pos="X">新しい</wf>
         <wf lemma="信徒" pos="X">信徒</wf>
         <wf lemma="が" pos="X">が</wf>
         <instance id="d000.s7467.t000" lemma="仲間" pos="NOUN">仲間</instance>
         <wf lemma="に" pos="X">に</wf>
         <wf lemma="加わる" pos="X">加わる</wf>
         <wf lemma="こと" pos="X">こと</wf>
         <wf lemma="を" pos="X">を</wf>
         <wf lemma="歓迎" pos="X">歓迎</wf>
         <wf lemma="し" pos="X">し</wf>
         <wf lemma="た" pos="X">た</wf>
         <wf lemma="." pos="X">.</wf>
      </sentence>
      <sentence id="d000.s7468" source="wordnet-japanese">
         <instance id="d000.s7468.t000" lemma="嬉しい" pos="ADJ">嬉しい</instance>
         <wf lemma="機会" pos="X">機会</wf>
         <wf lemma="." pos="X">.</wf>
      </sentence>
      <sentence id="d000.s7469" source="wordnet-japanese">
         <instance id="d000.s7469.t000" lemma="恐ろしい" pos="ADJ">恐ろしい</instance>
         <wf lemma="スラム" pos="X">スラム</wf>
         <wf lemma="状態" pos="X">状態</wf>
         <wf lemma="." pos="X">.</wf>
      </sentence>
      <sentence id="d000.s7470" source="wordnet-japanese">
         <wf lemma="彼ら" pos="X">彼ら</wf>
         <wf lemma="が" pos="X">が</wf>
         <wf lemma="私" pos="X">私</wf>
         <wf lemma="の" pos="X">の</wf>
         <wf lemma="提案" pos="X">提案</wf>
         <wf lemma="を" pos="X">を</wf>
         <wf lemma="受諾" pos="X">受諾</wf>
         <wf lemma="し" pos="X">し</wf>
         <wf lemma="ない" pos="X">ない</wf>
         <wf lemma="ので" pos="X">ので</wf>
         <wf lemma="あれ" pos="X">あれ</wf>
         <wf lemma="ば" pos="X">ば</wf>
         <wf lemma="、" pos="X">、</wf>
         <wf lemma="私" pos="X">私</wf>
         <wf lemma="は" pos="X">は</wf>
         <wf lemma="会議" pos="X">会議</wf>
         <wf lemma="を" pos="X">を</wf>
         <wf lemma="退会" pos="X">退会</wf>
         <wf lemma="する" pos="X">する</wf>
         <wf lemma="こと" pos="X">こと</wf>
         <wf lemma="を" pos="X">を</wf>
         <instance id="d000.s7470.t000" lemma="申し出る" pos="VERB">申し出る</instance>
         <wf lemma="." pos="X">.</wf>
      </sentence>
      <sentence id="d000.s7471" source="wordnet-japanese">
         <wf lemma="その" pos="X">その</wf>
         <wf lemma="後" pos="X">後</wf>
         <wf lemma="の" pos="X">の</wf>
         <wf lemma="改編" pos="X">改編</wf>
         <wf lemma="において" pos="X">において</wf>
         <wf lemma="多く" pos="X">多く</wf>
         <wf lemma="の" pos="X">の</wf>
         <instance id="d000.s7471.t000" lemma="装飾" pos="NOUN">装飾</instance>
         <wf lemma="によって" pos="X">によって</wf>
         <wf lemma="その" pos="X">その</wf>
         <wf lemma="ミステリー" pos="X">ミステリー</wf>
         <wf lemma="は" pos="X">は</wf>
         <wf lemma="深め" pos="X">深め</wf>
         <wf lemma="られ" pos="X">られ</wf>
         <wf lemma="た" pos="X">た</wf>
         <wf lemma="." pos="X">.</wf>
      </sentence>
      <sentence id="d000.s7472" source="wordnet-japanese">
         <wf lemma="平和" pos="X">平和</wf>
         <wf lemma="へ" pos="X">へ</wf>
         <wf lemma="向け" pos="X">向け</wf>
         <wf lemma="た" pos="X">た</wf>
         <instance id="d000.s7472.t000" lemma="効果的" pos="ADJ">効果的</instance>
         <wf lemma="な" pos="X">な</wf>
         <wf lemma="対策" pos="X">対策</wf>
         <wf lemma="." pos="X">.</wf>
      </sentence>
      <sentence id="d000.s7473" source="wordnet-japanese">
         <wf lemma="メリー" pos="X">メリー</wf>
         <wf lemma="は" pos="X">は</wf>
         <wf lemma="車" pos="X">車</wf>
         <wf lemma="の" pos="X">の</wf>
         <wf lemma="ドア" pos="X">ドア</wf>
         <wf lemma="を" pos="X">を</wf>
         <instance id="d000.s7473.t000" lemma="開ける" pos="VERB">開け</instance>
         <wf lemma="た" pos="X">た</wf>
         <wf lemma="." pos="X">.</wf>
      </sentence>
      <sentence id="d000.s7474" source="wordnet-japanese">
         <wf lemma="2" pos="X">2</wf>
         <wf lemma="つ" pos="X">つ</wf>
         <wf lemma="の" pos="X">の</wf>
         <wf lemma="要因" pos="X">要因</wf>
         <wf lemma="は" pos="X">は</wf>
         <wf lemma="、" pos="X">、</wf>
         <instance id="d000.s7474.t000" lemma="決定的" pos="ADJ">決定的</instance>
         <wf lemma="な" pos="X">な</wf>
         <wf lemma="影響力" pos="X">影響力</wf>
         <wf lemma="が" pos="X">が</wf>
         <wf lemma="あっ" pos="X">あっ</wf>
         <wf lemma="た" pos="X">た</wf>
         <wf lemma="." pos="X">.</wf>
      </sentence>
      <sentence id="d000.s7475" source="wordnet-japanese">
         <wf lemma="彼" pos="X">彼</wf>
         <wf lemma="は" pos="X">は</wf>
         <instance id="d000.s7475.t000" lemma="よく" pos="ADV">よく</instance>
         <wf lemma="眠っ" pos="X">眠っ</wf>
         <wf lemma="た" pos="X">た</wf>
         <wf lemma="." pos="X">.</wf>
      </sentence>
      <sentence id="d000.s7476" source="wordnet-japanese">
         <wf lemma="彼女" pos="X">彼女</wf>
         <wf lemma="は" pos="X">は</wf>
         <wf lemma="夫" pos="X">夫</wf>
         <wf lemma="に決して" pos="X">に決して</wf>
         <instance id="d000.s7476.t000" lemma="触れる" pos="VERB">触れ</instance>
         <wf lemma="なかっ" pos="X">なかっ</wf>
         <wf lemma="た" pos="X">た</wf>
         <wf lemma="." pos="X">.</wf>
      </sentence>
      <sentence id="d000.s7477" source="wordnet-japanese">
         <wf lemma="あなた" pos="X">あなた</wf>
         <wf lemma="は" pos="X">は</wf>
         <wf lemma="、" pos="X">、</wf>
         <instance id="d000.s7477.t000" lemma="全く" pos="ADV">全く</instance>
         <wf lemma="正しい" pos="X">正しい</wf>
         <wf lemma="." pos="X">.</wf>
      </sentence>
      <sentence id="d000.s7478" source="wordnet-japanese">
         <wf lemma="悪" pos="X">悪</wf>
         <wf lemma="天候" pos="X">天候</wf>
         <wf lemma="は" pos="X">は</wf>
         <wf lemma="3" pos="X">3</wf>
         <wf lemma="日間" pos="X">日間</wf>
         <instance id="d000.s7478.t000" lemma="続く" pos="VERB">続い</instance>
         <wf lemma="た" pos="X">た</wf>
         <wf lemma="." pos="X">.</wf>
      </sentence>
      <sentence id="d000.s7479" source="wordnet-japanese">
         <wf lemma="それ" pos="X">それ</wf>
         <wf lemma="は" pos="X">は</wf>
         <wf lemma="ある" pos="X">ある</wf>
         <wf lemma="種" pos="X">種</wf>
         <wf lemma="の" pos="X">の</wf>
         <instance id="d000.s7479.t000" lemma="論理" pos="NOUN">論理</instance>
         <wf lemma="を" pos="X">を</wf>
         <wf lemma="成し" pos="X">成し</wf>
         <wf lemma="た" pos="X">た</wf>
         <wf lemma="." pos="X">.</wf>
      </sentence>
      <sentence id="d000.s7480" source="wordnet-japanese">
         <wf lemma="彼" pos="X">彼</wf>
         <wf lemma="は" pos="X">は</wf>
         <wf lemma="、" pos="X">、</wf>
         <wf lemma="裁判" pos="X">裁判</wf>
         <wf lemma="の" pos="X">の</wf>
         <instance id="d000.s7480.t000" lemma="審議" pos="NOUN">審議</instance>
         <wf lemma="の" pos="X">の</wf>
         <wf lemma="男性" pos="X">男性</wf>
         <wf lemma="であっ" pos="X">であっ</wf>
         <wf lemma="た" pos="X">た</wf>
         <wf lemma="." pos="X">.</wf>
      </sentence>
      <sentence id="d000.s7481" source="wordnet-japanese">
         <instance id="d000.s7481.t000" lemma="凄まじい" pos="ADJ">凄まじい</instance>
         <wf lemma="戦い" pos="X">戦い</wf>
         <wf lemma="." pos="X">.</wf>
      </sentence>
      <sentence id="d000.s7482" source="wordnet-japanese">
         <instance id="d000.s7482.t000" lemma="過度" pos="ADJ">過度</instance>
         <wf lemma="な" pos="X">な</wf>
         <wf lemma="支出" pos="X">支出</wf>
         <wf lemma="." pos="X">.</wf>
      </sentence>
      <sentence id="d000.s7483" source="wordnet-japanese">
         <wf lemma="1" pos="X">1</wf>
         <instance id="d000.s7483.t000" lemma="日" pos="NOUN">日</instance>
         <wf lemma="3" pos="X">3</wf>
         <wf lemma="万人" pos="X">万人</wf>
         <wf lemma="の" pos="X">の</wf>
         <wf lemma="乗客" pos="X">乗客</wf>
         <wf lemma="が" pos="X">が</wf>
         <wf lemma="ある" pos="X">ある</wf>
         <wf lemma="." pos="X">.</wf>
      </sentence>
      <sentence id="d000.s7484" source="wordnet-japanese">
         <wf lemma="米国" pos="X">米国</wf>
         <wf lemma="の" pos="X">の</wf>
         <wf lemma="憲法" pos="X">憲法</wf>
         <wf lemma="の" pos="X">の</wf>
         <instance id="d000.s7484.t000" lemma="愛称" pos="NOUN">愛称</instance>
         <wf lemma="は" pos="X">は</wf>
         <wf lemma="「" pos="X">「</wf>
         <wf lemma="オールド" pos="X">オールド</wf>
         <wf lemma="アイアン" pos="X">アイアン</wf>
         <wf lemma="サイズ" pos="X">サイズ</wf>
         <wf lemma="」" pos="X">」</wf>
         <wf lemma="である" pos="X">である</wf>
         <wf lemma="." pos="X">.</wf>
      </sentence>
      <sentence id="d000.s7485" source="wordnet-japanese">
         <wf lemma="停電" pos="X">停電</wf>
         <wf lemma="は" pos="X">は</wf>
         <wf lemma="、" pos="X">、</wf>
         <wf lemma="冷蔵庫内" pos="X">冷蔵庫内</wf>
         <wf lemma="に" pos="X">に</wf>
         <wf lemma="災難" pos="X">災難</wf>
         <wf lemma="だっ" pos="X">だっ</wf>
         <wf lemma="た" pos="X">た</wf>
         <instance id="d000.s7485.t000" lemma="溶解" pos="NOUN">溶解</instance>
         <wf lemma="を" pos="X">を</wf>
         <wf lemma="引き起こし" pos="X">引き起こし</wf>
         <wf lemma="た" pos="X">た</wf>
         <wf lemma="." pos="X">.</wf>
      </sentence>
      <sentence id="d000.s7486" source="wordnet-japanese">
         <wf lemma="その" pos="X">その</wf>
         <wf lemma="伝達" pos="X">伝達</wf>
         <wf lemma="人" pos="X">人</wf>
         <wf lemma="は" pos="X">は</wf>
         <wf lemma="将軍" pos="X">将軍</wf>
         <wf lemma="の" pos="X">の</wf>
         <wf lemma="機密" pos="X">機密</wf>
         <wf lemma="情報" pos="X">情報</wf>
         <wf lemma="を" pos="X">を</wf>
         <instance id="d000.s7486.t000" lemma="任す" pos="VERB">任さ</instance>
         <wf lemma="れ" pos="X">れ</wf>
         <wf lemma="た" pos="X">た</wf>
         <wf lemma="." pos="X">.</wf>
      </sentence>
      <sentence id="d000.s7487" source="wordnet-japanese">
         <instance id="d000.s7487.t000" lemma="献身的" pos="ADJ">献身的</instance>
         <wf lemma="な" pos="X">な</wf>
         <wf lemma="友人" pos="X">友人</wf>
         <wf lemma="." pos="X">.</wf>
      </sentence>
      <sentence id="d000.s7488" source="wordnet-japanese">
         <wf lemma="太陽" pos="X">太陽</wf>
         <wf lemma="は" pos="X">は</wf>
         <instance id="d000.s7488.t000" lemma="ちょうど" pos="ADV">ちょうど</instance>
         <wf lemma="今出" pos="X">今出</wf>
         <wf lemma="て" pos="X">て</wf>
         <wf lemma="来" pos="X">来</wf>
         <wf lemma="た" pos="X">た</wf>
         <wf lemma="." pos="X">.</wf>
      </sentence>
      <sentence id="d000.s7489" source="wordnet-japanese">
         <wf lemma="じゃがい" pos="X">じゃがい</wf>
         <wf lemma="も" pos="X">も</wf>
         <wf lemma="を" pos="X">を</wf>
         <instance id="d000.s7489.t000" lemma="焼く" pos="VERB">焼く</instance>
         <wf lemma="." pos="X">.</wf>
      </sentence>
      <sentence id="d000.s7490" source="wordnet-japanese">
         <wf lemma="その" pos="X">その</wf>
         <wf lemma="休日" pos="X">休日</wf>
         <wf lemma="は" pos="X">は</wf>
         <wf lemma="我々" pos="X">我々</wf>
         <wf lemma="が" pos="X">が</wf>
         <wf lemma="ワシントン" pos="X">ワシントン</wf>
         <wf lemma="を" pos="X">を</wf>
         <wf lemma="訪れる" pos="X">訪れる</wf>
         <instance id="d000.s7490.t000" lemma="好機" pos="NOUN">好機</instance>
         <wf lemma="と" pos="X">と</wf>
         <wf lemma="なっ" pos="X">なっ</wf>
         <wf lemma="た" pos="X">た</wf>
         <wf lemma="." pos="X">.</wf>
      </sentence>
      <sentence id="d000.s7491" source="wordnet-japanese">
         <wf lemma="精神的" pos="X">精神的</wf>
         <wf lemma="な" pos="X">な</wf>
         <instance id="d000.s7491.t000" lemma="隔たり" pos="NOUN">隔たり</instance>
         <wf lemma="." pos="X">.</wf>
      </sentence>
      <sentence id="d000.s7492" source="wordnet-japanese">
         <wf lemma="ボート" pos="X">ボート</wf>
         <wf lemma="は" pos="X">は</wf>
         <wf lemma="、" pos="X">、</wf>
         <wf lemma="川" pos="X">川</wf>
         <wf lemma="の" pos="X">の</wf>
         <wf lemma="中" pos="X">中</wf>
         <wf lemma="の" pos="X">の</wf>
         <wf lemma="水面" pos="X">水面</wf>
         <wf lemma="下" pos="X">下</wf>
         <wf lemma="の" pos="X">の</wf>
         <instance id="d000.s7492.t000" lemma="棒" pos="NOUN">棒</instance>
         <wf lemma="で" pos="X">で</wf>
         <wf lemma="座礁" pos="X">座礁</wf>
         <wf lemma="し" pos="X">し</wf>
         <wf lemma="た" pos="X">た</wf>
         <wf lemma="." pos="X">.</wf>
      </sentence>
      <sentence id="d000.s7493" source="wordnet-japanese">
         <wf lemma="彼" pos="X">彼</wf>
         <wf lemma="は" pos="X">は</wf>
         <wf lemma="麻酔" pos="X">麻酔</wf>
         <wf lemma="薬" pos="X">薬</wf>
         <wf lemma="の" pos="X">の</wf>
         <instance id="d000.s7493.t000" lemma="使用" pos="NOUN">使用</instance>
         <wf lemma="に対して" pos="X">に対して</wf>
         <wf lemma="警告" pos="X">警告</wf>
         <wf lemma="し" pos="X">し</wf>
         <wf lemma="た" pos="X">た</wf>
         <wf lemma="." pos="X">.</wf>
      </sentence>
      <sentence id="d000.s7494" source="wordnet-japanese">
         <instance id="d000.s7494.t000" lemma="異常" pos="ADJ">異常</instance>
         <wf lemma="な" pos="X">な</wf>
         <wf lemma="高収益" pos="X">高収益</wf>
         <wf lemma="." pos="X">.</wf>
      </sentence>
      <sentence id="d000.s7495" source="wordnet-japanese">
         <wf lemma="空き地" pos="X">空き地</wf>
         <wf lemma="は" pos="X">は</wf>
         <wf lemma="、" pos="X">、</wf>
         <instance id="d000.s7495.t000" lemma="ときどき" pos="ADV">ときどき</instance>
         <wf lemma="、" pos="X">、</wf>
         <wf lemma="木" pos="X">木</wf>
         <wf lemma="の" pos="X">の</wf>
         <wf lemma="茂み" pos="X">茂み</wf>
         <wf lemma="によって" pos="X">によって</wf>
         <wf lemma="塞が" pos="X">塞が</wf>
         <wf lemma="れる" pos="X">れる</wf>
         <wf lemma="." pos="X">.</wf>
      </sentence>
      <sentence id="d000.s7496" source="wordnet-japanese">
         <wf lemma="彼" pos="X">彼</wf>
         <wf lemma="の" pos="X">の</wf>
         <wf lemma="足" pos="X">足</wf>
         <wf lemma="による" pos="X">による</wf>
         <instance id="d000.s7496.t000" lemma="着地" pos="NOUN">着地</instance>
         <wf lemma="は" pos="X">は</wf>
         <wf lemma="猫" pos="X">猫</wf>
         <wf lemma="の" pos="X">の</wf>
         <wf lemma="ようで" pos="X">ようで</wf>
         <wf lemma="あっ" pos="X">あっ</wf>
         <wf lemma="た" pos="X">た</wf>
         <wf lemma="." pos="X">.</wf>
      </sentence>
      <sentence id="d000.s7497" source="wordnet-japanese">
         <instance id="d000.s7497.t000" lemma="でたらめ" pos="ADJ">でたらめ</instance>
         <wf lemma="な" pos="X">な</wf>
         <wf lemma="行動" pos="X">行動</wf>
         <wf lemma="計画" pos="X">計画</wf>
         <wf lemma="." pos="X">.</wf>
      </sentence>
      <sentence id="d000.s7498" source="wordnet-japanese">
         <wf lemma="英国船" pos="X">英国船</wf>
         <wf lemma="は" pos="X">は</wf>
         <wf lemma="錨" pos="X">錨</wf>
         <wf lemma="を" pos="X">を</wf>
         <wf lemma="下ろし" pos="X">下ろし</wf>
         <wf lemma="て" pos="X">て</wf>
         <wf lemma="、" pos="X">、</wf>
         <wf lemma="ロンドン" pos="X">ロンドン</wf>
         <wf lemma="から" pos="X">から</wf>
         <wf lemma="の" pos="X">の</wf>
         <instance id="d000.s7498.t000" lemma="命令" pos="NOUN">命令</instance>
         <wf lemma="を" pos="X">を</wf>
         <wf lemma="待っ" pos="X">待っ</wf>
         <wf lemma="た" pos="X">た</wf>
         <wf lemma="." pos="X">.</wf>
      </sentence>
      <sentence id="d000.s7499" source="wordnet-japanese">
         <wf lemma="葬列" pos="X">葬列</wf>
         <wf lemma="が" pos="X">が</wf>
         <wf lemma="通り" pos="X">通り</wf>
         <wf lemma="過ぎ" pos="X">過ぎ</wf>
         <wf lemma="て" pos="X">て</wf>
         <wf lemma="交通" pos="X">交通</wf>
         <wf lemma="が" pos="X">が</wf>
         <instance id="d000.s7499.t000" lemma="止まる" pos="VERB">止まっ</instance>
         <wf lemma="た" pos="X">た</wf>
         <wf lemma="." pos="X">.</wf>
      </sentence>
      <sentence id="d000.s7500" source="wordnet-japanese">
         <wf lemma="私" pos="X">私</wf>
         <wf lemma="は" pos="X">は</wf>
         <instance id="d000.s7500.t000" lemma="すっかり" pos="ADV">すっかり</instance>
         <wf lemma="疲れ切っ" pos="X">疲れ切っ</wf>
         <wf lemma="て" pos="X">て</wf>
         <wf lemma="い" pos="X">い</wf>
         <wf lemma="た" pos="X">た</wf>
         <wf lemma="." pos="X">.</wf>
      </sentence>
      <sentence id="d000.s7501" source="wordnet-japanese">
         <wf lemma="その" pos="X">その</wf>
         <wf lemma="仕事" pos="X">仕事</wf>
         <wf lemma="が" pos="X">が</wf>
         <wf lemma="時間" pos="X">時間</wf>
         <wf lemma="内" pos="X">内</wf>
         <wf lemma="に" pos="X">に</wf>
         <wf lemma="収まら" pos="X">収まら</wf>
         <wf lemma="ない" pos="X">ない</wf>
         <wf lemma="なら" pos="X">なら</wf>
         <wf lemma="、" pos="X">、</wf>
         <wf lemma="契約" pos="X">契約</wf>
         <wf lemma="は" pos="X">は</wf>
         <instance id="d000.s7501.t000" lemma="罰金" pos="NOUN">罰金</instance>
         <wf lemma="を" pos="X">を</wf>
         <wf lemma="規定" pos="X">規定</wf>
         <wf lemma="し" pos="X">し</wf>
         <wf lemma="て" pos="X">て</wf>
         <wf lemma="いる" pos="X">いる</wf>
         <wf lemma="." pos="X">.</wf>
      </sentence>
      <sentence id="d000.s7502" source="wordnet-japanese">
         <wf lemma="彼" pos="X">彼</wf>
         <wf lemma="は" pos="X">は</wf>
         <wf lemma="仕事" pos="X">仕事</wf>
         <wf lemma="が" pos="X">が</wf>
         <wf lemma="楽しい" pos="X">楽しい</wf>
         <wf lemma="という" pos="X">という</wf>
         <instance id="d000.s7502.t000" lemma="態度" pos="NOUN">態度</instance>
         <wf lemma="だっ" pos="X">だっ</wf>
         <wf lemma="た" pos="X">た</wf>
         <wf lemma="." pos="X">.</wf>
      </sentence>
      <sentence id="d000.s7503" source="wordnet-japanese">
         <wf lemma="彼ら" pos="X">彼ら</wf>
         <wf lemma="は" pos="X">は</wf>
         <instance id="d000.s7503.t000" lemma="努力" pos="NOUN">努力</instance>
         <wf lemma="し" pos="X">し</wf>
         <wf lemma="て" pos="X">て</wf>
         <wf lemma="ようやく" pos="X">ようやく</wf>
         <wf lemma="やり" pos="X">やり</wf>
         <wf lemma="遂げ" pos="X">遂げ</wf>
         <wf lemma="た" pos="X">た</wf>
         <wf lemma="." pos="X">.</wf>
      </sentence>
      <sentence id="d000.s7504" source="wordnet-japanese">
         <wf lemma=":" pos="X">:</wf>
         <wf lemma="-" pos="X">-</wf>
         <wf lemma="（と" pos="X">（と</wf>
         <wf lemma=":" pos="X">:</wf>
         <wf lemma="-" pos="X">-</wf>
         <wf lemma="）" pos="X">）</wf>
         <wf lemma="は" pos="X">は</wf>
         <instance id="d000.s7504.t000" lemma="顔文字" pos="NOUN">顔文字</instance>
         <wf lemma="だ" pos="X">だ</wf>
         <wf lemma="." pos="X">.</wf>
      </sentence>
      <sentence id="d000.s7505" source="wordnet-japanese">
         <wf lemma="トイレ" pos="X">トイレ</wf>
         <instance id="d000.s7505.t000" lemma="設備" pos="NOUN">設備</instance>
         <wf lemma="." pos="X">.</wf>
      </sentence>
      <sentence id="d000.s7506" source="wordnet-japanese">
         <instance id="d000.s7506.t000" lemma="明確" pos="ADJ">明確</instance>
         <wf lemma="な" pos="X">な</wf>
         <wf lemma="パターン" pos="X">パターン</wf>
         <wf lemma="." pos="X">.</wf>
      </sentence>
      <sentence id="d000.s7507" source="wordnet-japanese">
         <wf lemma="彼" pos="X">彼</wf>
         <wf lemma="の" pos="X">の</wf>
         <instance id="d000.s7507.t000" lemma="気難しい" pos="ADJ">気難しい</instance>
         <wf lemma="気性" pos="X">気性</wf>
         <wf lemma="." pos="X">.</wf>
      </sentence>
      <sentence id="d000.s7508" source="wordnet-japanese">
         <instance id="d000.s7508.t000" lemma="教育" pos="NOUN">教育</instance>
         <wf lemma="は" pos="X">は</wf>
         <wf lemma="重要" pos="X">重要</wf>
         <wf lemma="な" pos="X">な</wf>
         <wf lemma="職業" pos="X">職業</wf>
         <wf lemma="と" pos="X">と</wf>
         <wf lemma="見" pos="X">見</wf>
         <wf lemma="なさ" pos="X">なさ</wf>
         <wf lemma="れ" pos="X">れ</wf>
         <wf lemma="て" pos="X">て</wf>
         <wf lemma="いる" pos="X">いる</wf>
         <wf lemma="." pos="X">.</wf>
      </sentence>
      <sentence id="d000.s7509" source="wordnet-japanese">
         <instance id="d000.s7509.t000" lemma="キャバレー" pos="NOUN">キャバレー</instance>
         <wf lemma="で" pos="X">で</wf>
         <wf lemma="おいしい" pos="X">おいしい</wf>
         <wf lemma="食事" pos="X">食事</wf>
         <wf lemma="に" pos="X">に</wf>
         <wf lemma="期待" pos="X">期待</wf>
         <wf lemma="し" pos="X">し</wf>
         <wf lemma="て" pos="X">て</wf>
         <wf lemma="は" pos="X">は</wf>
         <wf lemma="いけ" pos="X">いけ</wf>
         <wf lemma="ない" pos="X">ない</wf>
         <wf lemma="." pos="X">.</wf>
      </sentence>
      <sentence id="d000.s7510" source="wordnet-japanese">
         <wf lemma="この" pos="X">この</wf>
         <wf lemma="経験" pos="X">経験</wf>
         <wf lemma="は" pos="X">は</wf>
         <wf lemma="彼女" pos="X">彼女</wf>
         <wf lemma="を" pos="X">を</wf>
         <wf lemma="完全" pos="X">完全</wf>
         <wf lemma="に" pos="X">に</wf>
         <instance id="d000.s7510.t000" lemma="変える" pos="VERB">変え</instance>
         <wf lemma="た" pos="X">た</wf>
         <wf lemma="." pos="X">.</wf>
      </sentence>
      <sentence id="d000.s7511" source="wordnet-japanese">
         <wf lemma="彼" pos="X">彼</wf>
         <wf lemma="は" pos="X">は</wf>
         <wf lemma="プリンストン" pos="X">プリンストン</wf>
         <wf lemma="で" pos="X">で</wf>
         <wf lemma="最優" pos="X">最優</wf>
         <wf lemma="等" pos="X">等</wf>
         <wf lemma="で" pos="X">で</wf>
         <instance id="d000.s7511.t000" lemma="学位" pos="NOUN">学位</instance>
         <wf lemma="を" pos="X">を</wf>
         <wf lemma="得" pos="X">得</wf>
         <wf lemma="た" pos="X">た</wf>
         <wf lemma="." pos="X">.</wf>
      </sentence>
      <sentence id="d000.s7512" source="wordnet-japanese">
         <wf lemma="あなた" pos="X">あなた</wf>
         <wf lemma="は" pos="X">は</wf>
         <wf lemma="弁護士" pos="X">弁護士</wf>
         <wf lemma="に" pos="X">に</wf>
         <instance id="d000.s7512.t000" lemma="会う" pos="VERB">会う</instance>
         <wf lemma="べき" pos="X">べき</wf>
         <wf lemma="である" pos="X">である</wf>
         <wf lemma="." pos="X">.</wf>
      </sentence>
      <sentence id="d000.s7513" source="wordnet-japanese">
         <wf lemma="人" pos="X">人</wf>
         <wf lemma="懐こく" pos="X">懐こく</wf>
         <instance id="d000.s7513.t000" lemma="従順" pos="ADJ">従順</instance>
         <wf lemma="で" pos="X">で</wf>
         <wf lemma="やさしい" pos="X">やさしい</wf>
         <wf lemma="年老い" pos="X">年老い</wf>
         <wf lemma="た" pos="X">た</wf>
         <wf lemma="馬" pos="X">馬</wf>
         <wf lemma="." pos="X">.</wf>
      </sentence>
      <sentence id="d000.s7514" source="wordnet-japanese">
         <wf lemma="悪い" pos="X">悪い</wf>
         <wf lemma="ニュース" pos="X">ニュース</wf>
         <wf lemma="を" pos="X">を</wf>
         <wf lemma="聞い" pos="X">聞い</wf>
         <wf lemma="た" pos="X">た</wf>
         <wf lemma="とき" pos="X">とき</wf>
         <wf lemma="、" pos="X">、</wf>
         <wf lemma="彼" pos="X">彼</wf>
         <wf lemma="は" pos="X">は</wf>
         <wf lemma="、" pos="X">、</wf>
         <wf lemma="いらい" pos="X">いらい</wf>
         <wf lemma="らする" pos="X">らする</wf>
         <wf lemma="ように" pos="X">ように</wf>
         <instance id="d000.s7514.t000" lemma="なる" pos="VERB">なっ</instance>
         <wf lemma="た" pos="X">た</wf>
         <wf lemma="." pos="X">.</wf>
      </sentence>
      <sentence id="d000.s7515" source="wordnet-japanese">
         <wf lemma="その" pos="X">その</wf>
         <wf lemma="人々" pos="X">人々</wf>
         <wf lemma="は" pos="X">は</wf>
         <wf lemma="、" pos="X">、</wf>
         <wf lemma="現在" pos="X">現在</wf>
         <wf lemma="は" pos="X">は</wf>
         <wf lemma="見捨て" pos="X">見捨て</wf>
         <wf lemma="られ" pos="X">られ</wf>
         <wf lemma="た" pos="X">た</wf>
         <wf lemma="島" pos="X">島</wf>
         <wf lemma="に" pos="X">に</wf>
         <instance id="d000.s7515.t000" lemma="住む" pos="VERB">住ん</instance>
         <wf lemma="だ" pos="X">だ</wf>
         <wf lemma="." pos="X">.</wf>
      </sentence>
      <sentence id="d000.s7516" source="wordnet-japanese">
         <wf lemma="故国" pos="X">故国</wf>
         <wf lemma="に" pos="X">に</wf>
         <instance id="d000.s7516.t000" lemma="戻る" pos="VERB">戻る</instance>
         <wf lemma="." pos="X">.</wf>
      </sentence>
      <sentence id="d000.s7517" source="wordnet-japanese">
         <wf lemma="彼" pos="X">彼</wf>
         <wf lemma="は" pos="X">は</wf>
         <wf lemma="縦列" pos="X">縦列</wf>
         <wf lemma="の" pos="X">の</wf>
         <instance id="d000.s7517.t000" lemma="先頭" pos="NOUN">先頭</instance>
         <wf lemma="に" pos="X">に</wf>
         <wf lemma="い" pos="X">い</wf>
         <wf lemma="た" pos="X">た</wf>
         <wf lemma="." pos="X">.</wf>
      </sentence>
      <sentence id="d000.s7518" source="wordnet-japanese">
         <wf lemma="思考" pos="X">思考</wf>
         <wf lemma="の" pos="X">の</wf>
         <instance id="d000.s7518.t000" lemma="現実的" pos="ADJ">現実的</instance>
         <wf lemma="な" pos="X">な</wf>
         <wf lemma="システム" pos="X">システム</wf>
         <wf lemma="." pos="X">.</wf>
      </sentence>
      <sentence id="d000.s7519" source="wordnet-japanese">
         <instance id="d000.s7519.t000" lemma="決定的" pos="ADJ">決定的</instance>
         <wf lemma="な" pos="X">な</wf>
         <wf lemma="票" pos="X">票</wf>
         <wf lemma="を" pos="X">を</wf>
         <wf lemma="投じる" pos="X">投じる</wf>
         <wf lemma="." pos="X">.</wf>
      </sentence>
      <sentence id="d000.s7520" source="wordnet-japanese">
         <instance id="d000.s7520.t000" lemma="辛い" pos="ADJ">辛い</instance>
         <wf lemma="サルサ" pos="X">サルサ</wf>
         <wf lemma="." pos="X">.</wf>
      </sentence>
      <sentence id="d000.s7521" source="wordnet-japanese">
         <wf lemma="私" pos="X">私</wf>
         <wf lemma="は" pos="X">は</wf>
         <wf lemma="、" pos="X">、</wf>
         <wf lemma="今日" pos="X">今日</wf>
         <wf lemma="、" pos="X">、</wf>
         <wf lemma="何" pos="X">何</wf>
         <wf lemma="を" pos="X">を</wf>
         <instance id="d000.s7521.t000" lemma="着る" pos="VERB">着る</instance>
         <wf lemma="べき" pos="X">べき</wf>
         <wf lemma="です" pos="X">です</wf>
         <wf lemma="か" pos="X">か</wf>
         <wf lemma="？" pos="X">？</wf>
         <wf lemma="." pos="X">.</wf>
      </sentence>
      <sentence id="d000.s7522" source="wordnet-japanese">
         <wf lemma="問題" pos="X">問題</wf>
         <wf lemma="を" pos="X">を</wf>
         <instance id="d000.s7522.t000" lemma="完全" pos="ADV">完全</instance>
         <wf lemma="に" pos="X">に</wf>
         <wf lemma="解決" pos="X">解決</wf>
         <wf lemma="し" pos="X">し</wf>
         <wf lemma="た" pos="X">た</wf>
         <wf lemma="." pos="X">.</wf>
      </sentence>
      <sentence id="d000.s7523" source="wordnet-japanese">
         <wf lemma="大きな" pos="X">大きな</wf>
         <instance id="d000.s7523.t000" lemma="富" pos="NOUN">富</instance>
         <wf lemma="が" pos="X">が</wf>
         <wf lemma="素晴らしい" pos="X">素晴らしい</wf>
         <wf lemma="知能" pos="X">知能</wf>
         <wf lemma="の" pos="X">の</wf>
         <wf lemma="証" pos="X">証</wf>
         <wf lemma="という" pos="X">という</wf>
         <wf lemma="わけ" pos="X">わけ</wf>
         <wf lemma="で" pos="X">で</wf>
         <wf lemma="は" pos="X">は</wf>
         <wf lemma="ない" pos="X">ない</wf>
         <wf lemma="." pos="X">.</wf>
      </sentence>
      <sentence id="d000.s7524" source="wordnet-japanese">
         <wf lemma="外科医" pos="X">外科医</wf>
         <wf lemma="は" pos="X">は</wf>
         <wf lemma="彼" pos="X">彼</wf>
         <wf lemma="の" pos="X">の</wf>
         <instance id="d000.s7524.t000" lemma="同僚" pos="NOUN">同僚</instance>
         <wf lemma="に" pos="X">に</wf>
         <wf lemma="相談" pos="X">相談</wf>
         <wf lemma="し" pos="X">し</wf>
         <wf lemma="た" pos="X">た</wf>
         <wf lemma="." pos="X">.</wf>
      </sentence>
      <sentence id="d000.s7525" source="wordnet-japanese">
         <wf lemma="彼" pos="X">彼</wf>
         <wf lemma="が" pos="X">が</wf>
         <wf lemma="演奏" pos="X">演奏</wf>
         <wf lemma="する" pos="X">する</wf>
         <wf lemma="時" pos="X">時</wf>
         <wf lemma="、" pos="X">、</wf>
         <wf lemma="彼女" pos="X">彼女</wf>
         <wf lemma="が" pos="X">が</wf>
         <instance id="d000.s7525.t000" lemma="楽譜" pos="NOUN">楽譜</instance>
         <wf lemma="の" pos="X">の</wf>
         <wf lemma="ページ" pos="X">ページ</wf>
         <wf lemma="を" pos="X">を</wf>
         <wf lemma="めくっ" pos="X">めくっ</wf>
         <wf lemma="た" pos="X">た</wf>
         <wf lemma="." pos="X">.</wf>
      </sentence>
      <sentence id="d000.s7526" source="wordnet-japanese">
         <instance id="d000.s7526.t000" lemma="事実上" pos="ADV">事実上</instance>
         <wf lemma="、" pos="X">、</wf>
         <wf lemma="彼女" pos="X">彼女</wf>
         <wf lemma="は" pos="X">は</wf>
         <wf lemma="彼" pos="X">彼</wf>
         <wf lemma="の" pos="X">の</wf>
         <wf lemma="妻" pos="X">妻</wf>
         <wf lemma="である" pos="X">である</wf>
         <wf lemma="." pos="X">.</wf>
      </sentence>
      <sentence id="d000.s7527" source="wordnet-japanese">
         <wf lemma="アイルランド" pos="X">アイルランド</wf>
         <wf lemma="の" pos="X">の</wf>
         <instance id="d000.s7527.t000" lemma="通夜" pos="NOUN">通夜</instance>
         <wf lemma="で" pos="X">で</wf>
         <wf lemma="泣く" pos="X">泣く</wf>
         <wf lemma="こと" pos="X">こと</wf>
         <wf lemma="は" pos="X">は</wf>
         <wf lemma="でき" pos="X">でき</wf>
         <wf lemma="ない" pos="X">ない</wf>
         <wf lemma="." pos="X">.</wf>
      </sentence>
      <sentence id="d000.s7528" source="wordnet-japanese">
         <wf lemma="多く" pos="X">多く</wf>
         <wf lemma="の" pos="X">の</wf>
         <instance id="d000.s7528.t000" lemma="不安" pos="ADJ">不安</instance>
         <wf lemma="な" pos="X">な</wf>
         <wf lemma="時間" pos="X">時間</wf>
         <wf lemma="を" pos="X">を</wf>
         <wf lemma="過ごし" pos="X">過ごし</wf>
         <wf lemma="た" pos="X">た</wf>
         <wf lemma="." pos="X">.</wf>
      </sentence>
      <sentence id="d000.s7529" source="wordnet-japanese">
         <wf lemma="彼" pos="X">彼</wf>
         <wf lemma="の" pos="X">の</wf>
         <wf lemma="車" pos="X">車</wf>
         <wf lemma="は" pos="X">は</wf>
         <wf lemma="古い" pos="X">古い</wf>
         <instance id="d000.s7529.t000" lemma="モデル" pos="NOUN">モデル</instance>
         <wf lemma="だ" pos="X">だ</wf>
         <wf lemma="." pos="X">.</wf>
      </sentence>
      <sentence id="d000.s7530" source="wordnet-japanese">
         <wf lemma="評価" pos="X">評価</wf>
         <wf lemma="を" pos="X">を</wf>
         <instance id="d000.s7530.t000" lemma="下げる" pos="VERB">下げる</instance>
         <wf lemma="." pos="X">.</wf>
      </sentence>
      <sentence id="d000.s7531" source="wordnet-japanese">
         <wf lemma="彼" pos="X">彼</wf>
         <wf lemma="は" pos="X">は</wf>
         <wf lemma="まる" pos="X">まる</wf>
         <wf lemma="で" pos="X">で</wf>
         <instance id="d000.s7531.t000" lemma="夢" pos="NOUN">夢</instance>
         <wf lemma="の" pos="X">の</wf>
         <wf lemma="中" pos="X">中</wf>
         <wf lemma="に" pos="X">に</wf>
         <wf lemma="いる" pos="X">いる</wf>
         <wf lemma="ような" pos="X">ような</wf>
         <wf lemma="仕事" pos="X">仕事</wf>
         <wf lemma="ぶり" pos="X">ぶり</wf>
         <wf lemma="だっ" pos="X">だっ</wf>
         <wf lemma="た" pos="X">た</wf>
         <wf lemma="." pos="X">.</wf>
      </sentence>
      <sentence id="d000.s7532" source="wordnet-japanese">
         <instance id="d000.s7532.t000" lemma="正式" pos="ADJ">正式</instance>
         <wf lemma="な" pos="X">な</wf>
         <wf lemma="ボール" pos="X">ボール</wf>
         <wf lemma="." pos="X">.</wf>
      </sentence>
      <sentence id="d000.s7533" source="wordnet-japanese">
         <wf lemma="私" pos="X">私</wf>
         <wf lemma="が" pos="X">が</wf>
         <wf lemma="船梁" pos="X">船梁</wf>
         <wf lemma="で" pos="X">で</wf>
         <wf lemma="均衡" pos="X">均衡</wf>
         <wf lemma="を" pos="X">を</wf>
         <wf lemma="保っ" pos="X">保っ</wf>
         <wf lemma="て" pos="X">て</wf>
         <wf lemma="い" pos="X">い</wf>
         <wf lemma="た" pos="X">た</wf>
         <wf lemma="間" pos="X">間</wf>
         <wf lemma="、" pos="X">、</wf>
         <wf lemma="彼" pos="X">彼</wf>
         <wf lemma="は" pos="X">は</wf>
         <wf lemma="1" pos="X">1</wf>
         <wf lemma="本" pos="X">本</wf>
         <wf lemma="の" pos="X">の</wf>
         <wf lemma="手" pos="X">手</wf>
         <wf lemma="で" pos="X">で</wf>
         <wf lemma="私" pos="X">私</wf>
         <wf lemma="を" pos="X">を</wf>
         <instance id="d000.s7533.t000" lemma="支える" pos="VERB">支え</instance>
         <wf lemma="た" pos="X">た</wf>
         <wf lemma="." pos="X">.</wf>
      </sentence>
      <sentence id="d000.s7534" source="wordnet-japanese">
         <wf lemma="彼" pos="X">彼</wf>
         <wf lemma="は" pos="X">は</wf>
         <wf lemma="3" pos="X">3</wf>
         <wf lemma="語" pos="X">語</wf>
         <wf lemma="の" pos="X">の</wf>
         <instance id="d000.s7534.t000" lemma="メッセージ" pos="NOUN">メッセージ</instance>
         <wf lemma="を" pos="X">を</wf>
         <wf lemma="送っ" pos="X">送っ</wf>
         <wf lemma="た" pos="X">た</wf>
         <wf lemma="." pos="X">.</wf>
      </sentence>
      <sentence id="d000.s7535" source="wordnet-japanese">
         <wf lemma="彼" pos="X">彼</wf>
         <wf lemma="は" pos="X">は</wf>
         <wf lemma="その" pos="X">その</wf>
         <wf lemma="批評家" pos="X">批評家</wf>
         <wf lemma="の" pos="X">の</wf>
         <wf lemma="数人" pos="X">数人</wf>
         <wf lemma="に" pos="X">に</wf>
         <instance id="d000.s7535.t000" lemma="返事" pos="NOUN">返事</instance>
         <wf lemma="を" pos="X">を</wf>
         <wf lemma="し" pos="X">し</wf>
         <wf lemma="た" pos="X">た</wf>
         <wf lemma="." pos="X">.</wf>
      </sentence>
      <sentence id="d000.s7536" source="wordnet-japanese">
         <wf lemma="お" pos="X">お</wf>
         <wf lemma="金" pos="X">金</wf>
         <wf lemma="を" pos="X">を</wf>
         <instance id="d000.s7536.t000" lemma="隠す" pos="VERB">隠し</instance>
         <wf lemma="て" pos="X">て</wf>
         <wf lemma="ください" pos="X">ください</wf>
         <wf lemma="." pos="X">.</wf>
      </sentence>
      <sentence id="d000.s7537" source="wordnet-japanese">
         <instance id="d000.s7537.t000" lemma="幸せ" pos="ADJ">幸せ</instance>
         <wf lemma="な" pos="X">な</wf>
         <wf lemma="結果" pos="X">結果</wf>
         <wf lemma="." pos="X">.</wf>
      </sentence>
      <sentence id="d000.s7538" source="wordnet-japanese">
         <wf lemma="円蓋" pos="X">円蓋</wf>
         <wf lemma="の" pos="X">の</wf>
         <wf lemma="前" pos="X">前</wf>
         <wf lemma="弓" pos="X">弓</wf>
         <wf lemma="の" pos="X">の</wf>
         <instance id="d000.s7538.t000" lemma="末端" pos="NOUN">末端</instance>
         <wf lemma="." pos="X">.</wf>
      </sentence>
      <sentence id="d000.s7539" source="wordnet-japanese">
         <instance id="d000.s7539.t000" lemma="濃厚" pos="ADJ">濃厚</instance>
         <wf lemma="な" pos="X">な</wf>
         <wf lemma="デザート" pos="X">デザート</wf>
         <wf lemma="." pos="X">.</wf>
      </sentence>
      <sentence id="d000.s7540" source="wordnet-japanese">
         <wf lemma="氷" pos="X">氷</wf>
         <wf lemma="で" pos="X">で</wf>
         <wf lemma="花" pos="X">花</wf>
         <wf lemma="を" pos="X">を</wf>
         <instance id="d000.s7540.t000" lemma="彫る" pos="VERB">彫り</instance>
         <wf lemma="なさい" pos="X">なさい</wf>
         <wf lemma="." pos="X">.</wf>
      </sentence>
      <sentence id="d000.s7541" source="wordnet-japanese">
         <wf lemma="彼女" pos="X">彼女</wf>
         <wf lemma="は" pos="X">は</wf>
         <wf lemma="本" pos="X">本</wf>
         <wf lemma="を" pos="X">を</wf>
         <wf lemma="両親" pos="X">両親</wf>
         <wf lemma="に" pos="X">に</wf>
         <instance id="d000.s7541.t000" lemma="捧げる" pos="VERB">捧げ</instance>
         <wf lemma="た" pos="X">た</wf>
         <wf lemma="." pos="X">.</wf>
      </sentence>
      <sentence id="d000.s7542" source="wordnet-japanese">
         <wf lemma="下士" pos="X">下士</wf>
         <wf lemma="官兵" pos="X">官兵</wf>
         <wf lemma="たち" pos="X">たち</wf>
         <wf lemma="が" pos="X">が</wf>
         <wf lemma="過度" pos="X">過度</wf>
         <wf lemma="に" pos="X">に</wf>
         <instance id="d000.s7542.t000" lemma="社会化" pos="NOUN">社会化</instance>
         <wf lemma="し" pos="X">し</wf>
         <wf lemma="た" pos="X">た</wf>
         <wf lemma="." pos="X">.</wf>
      </sentence>
      <sentence id="d000.s7543" source="wordnet-japanese">
         <wf lemma="あなた" pos="X">あなた</wf>
         <wf lemma="の" pos="X">の</wf>
         <instance id="d000.s7543.t000" lemma="ため" pos="NOUN">ため</instance>
         <wf lemma="に" pos="X">に</wf>
         <wf lemma="." pos="X">.</wf>
      </sentence>
      <sentence id="d000.s7544" source="wordnet-japanese">
         <wf lemma="彼女" pos="X">彼女</wf>
         <wf lemma="は" pos="X">は</wf>
         <wf lemma="ダークホース" pos="X">ダークホース</wf>
         <wf lemma="に" pos="X">に</wf>
         <wf lemma="有り金" pos="X">有り金</wf>
         <wf lemma="を" pos="X">を</wf>
         <wf lemma="すべ" pos="X">すべ</wf>
         <wf lemma="て" pos="X">て</wf>
         <instance id="d000.s7544.t000" lemma="賭ける" pos="VERB">賭け</instance>
         <wf lemma="た" pos="X">た</wf>
         <wf lemma="." pos="X">.</wf>
      </sentence>
      <sentence id="d000.s7545" source="wordnet-japanese">
         <instance id="d000.s7545.t000" lemma="願望" pos="NOUN">願望</instance>
         <wf lemma="の" pos="X">の</wf>
         <wf lemma="多い" pos="X">多い</wf>
         <wf lemma="人" pos="X">人</wf>
         <wf lemma="." pos="X">.</wf>
      </sentence>
      <sentence id="d000.s7546" source="wordnet-japanese">
         <wf lemma="彼" pos="X">彼</wf>
         <wf lemma="は" pos="X">は</wf>
         <wf lemma="、" pos="X">、</wf>
         <wf lemma="ちょうど" pos="X">ちょうど</wf>
         <wf lemma="緑" pos="X">緑</wf>
         <wf lemma="を" pos="X">を</wf>
         <wf lemma="暗示" pos="X">暗示</wf>
         <wf lemma="する" pos="X">する</wf>
         <wf lemma="黄色" pos="X">黄色</wf>
         <wf lemma="の" pos="X">の</wf>
         <instance id="d000.s7546.t000" lemma="ベース" pos="NOUN">ベース</instance>
         <wf lemma="が" pos="X">が</wf>
         <wf lemma="ほしかっ" pos="X">ほしかっ</wf>
         <wf lemma="た" pos="X">た</wf>
         <wf lemma="と" pos="X">と</wf>
         <wf lemma="画家" pos="X">画家</wf>
         <wf lemma="に" pos="X">に</wf>
         <wf lemma="話し" pos="X">話し</wf>
         <wf lemma="た" pos="X">た</wf>
         <wf lemma="." pos="X">.</wf>
      </sentence>
      <sentence id="d000.s7547" source="wordnet-japanese">
         <wf lemma="一般" pos="X">一般</wf>
         <wf lemma="の" pos="X">の</wf>
         <instance id="d000.s7547.t000" lemma="イメージ" pos="NOUN">イメージ</instance>
         <wf lemma="は" pos="X">は</wf>
         <wf lemma="ハンプティーダンプティー" pos="X">ハンプティーダンプティー</wf>
         <wf lemma="と" pos="X">と</wf>
         <wf lemma="同じ" pos="X">同じ</wf>
         <wf lemma="くらい" pos="X">くらい</wf>
         <wf lemma="脆い." pos="X">脆い.</wf>
      </sentence>
      <sentence id="d000.s7548" source="wordnet-japanese">
         <wf lemma="本物" pos="X">本物</wf>
         <wf lemma="の" pos="X">の</wf>
         <instance id="d000.s7548.t000" lemma="ハッカー" pos="NOUN">ハッカー</instance>
         <wf lemma="は" pos="X">は</wf>
         <wf lemma="、" pos="X">、</wf>
         <wf lemma="論理" pos="X">論理</wf>
         <wf lemma="規定" pos="X">規定</wf>
         <wf lemma="を" pos="X">を</wf>
         <wf lemma="認め" pos="X">認め</wf>
         <wf lemma="、" pos="X">、</wf>
         <wf lemma="クラッカー" pos="X">クラッカー</wf>
         <wf lemma="を" pos="X">を</wf>
         <wf lemma="軽蔑" pos="X">軽蔑</wf>
         <wf lemma="する" pos="X">する</wf>
         <wf lemma="." pos="X">.</wf>
      </sentence>
      <sentence id="d000.s7549" source="wordnet-japanese">
         <wf lemma="お金" pos="X">お金</wf>
         <wf lemma="を" pos="X">を</wf>
         <instance id="d000.s7549.t000" lemma="分け与える" pos="VERB">分け与え</instance>
         <wf lemma="て" pos="X">て</wf>
         <wf lemma="ください" pos="X">ください</wf>
         <wf lemma="." pos="X">.</wf>
      </sentence>
      <sentence id="d000.s7550" source="wordnet-japanese">
         <wf lemma="彼女" pos="X">彼女</wf>
         <wf lemma="は" pos="X">は</wf>
         <instance id="d000.s7550.t000" lemma="きちんと" pos="ADV">きちんと</instance>
         <wf lemma="スリッパ" pos="X">スリッパ</wf>
         <wf lemma="を" pos="X">を</wf>
         <wf lemma="ベッド" pos="X">ベッド</wf>
         <wf lemma="の" pos="X">の</wf>
         <wf lemma="下" pos="X">下</wf>
         <wf lemma="に" pos="X">に</wf>
         <wf lemma="置い" pos="X">置い</wf>
         <wf lemma="た" pos="X">た</wf>
         <wf lemma="." pos="X">.</wf>
      </sentence>
      <sentence id="d000.s7551" source="wordnet-japanese">
         <wf lemma="彼" pos="X">彼</wf>
         <wf lemma="は" pos="X">は</wf>
         <wf lemma="私" pos="X">私</wf>
         <wf lemma="に" pos="X">に</wf>
         <instance id="d000.s7551.t000" lemma="向ける" pos="VERB">向け</instance>
         <wf lemma="て" pos="X">て</wf>
         <wf lemma="兵器" pos="X">兵器</wf>
         <wf lemma="を" pos="X">を</wf>
         <wf lemma="構え" pos="X">構え</wf>
         <wf lemma="た" pos="X">た</wf>
         <wf lemma="." pos="X">.</wf>
      </sentence>
      <sentence id="d000.s7552" source="wordnet-japanese">
         <instance id="d000.s7552.t000" lemma="公平" pos="ADJ">公平</instance>
         <wf lemma="な" pos="X">な</wf>
         <wf lemma="1" pos="X">1</wf>
         <wf lemma="セント" pos="X">セント</wf>
         <wf lemma="銅貨" pos="X">銅貨</wf>
         <wf lemma="." pos="X">.</wf>
      </sentence>
      <sentence id="d000.s7553" source="wordnet-japanese">
         <wf lemma="役" pos="X">役</wf>
         <wf lemma="に" pos="X">に</wf>
         <wf lemma="立つ" pos="X">立つ</wf>
         <wf lemma="格言" pos="X">格言</wf>
         <wf lemma="の" pos="X">の</wf>
         <instance id="d000.s7553.t000" lemma="発言者" pos="NOUN">発言者</instance>
         <wf lemma="." pos="X">.</wf>
      </sentence>
      <sentence id="d000.s7554" source="wordnet-japanese">
         <wf lemma="反" pos="X">反</wf>
         <wf lemma="逆者" pos="X">逆者</wf>
         <wf lemma="は" pos="X">は</wf>
         <wf lemma="、" pos="X">、</wf>
         <wf lemma="民間人質" pos="X">民間人質</wf>
         <wf lemma="を" pos="X">を</wf>
         <instance id="d000.s7554.t000" lemma="捕らえる" pos="VERB">捕らえる</instance>
         <wf lemma="と" pos="X">と</wf>
         <wf lemma="脅かす" pos="X">脅かす</wf>
         <wf lemma="." pos="X">.</wf>
      </sentence>
      <sentence id="d000.s7555" source="wordnet-japanese">
         <instance id="d000.s7555.t000" lemma="得点" pos="NOUN">得点</instance>
         <wf lemma="は" pos="X">は</wf>
         <wf lemma="7" pos="X">7</wf>
         <wf lemma="対" pos="X">対</wf>
         <wf lemma="0" pos="X">0</wf>
         <wf lemma="だっ" pos="X">だっ</wf>
         <wf lemma="た" pos="X">た</wf>
         <wf lemma="." pos="X">.</wf>
      </sentence>
      <sentence id="d000.s7556" source="wordnet-japanese">
         <instance id="d000.s7556.t000" lemma="均一" pos="ADV">均一</instance>
         <wf lemma="に" pos="X">に</wf>
         <wf lemma="明るい" pos="X">明るい</wf>
         <wf lemma="表面" pos="X">表面</wf>
         <wf lemma="." pos="X">.</wf>
      </sentence>
      <sentence id="d000.s7557" source="wordnet-japanese">
         <wf lemma="親交" pos="X">親交</wf>
         <wf lemma="から" pos="X">から</wf>
         <instance id="d000.s7557.t000" lemma="起きる" pos="VERB">起き</instance>
         <wf lemma="た" pos="X">た</wf>
         <wf lemma="愛." pos="X">愛.</wf>
      </sentence>
      <sentence id="d000.s7558" source="wordnet-japanese">
         <wf lemma="カンガルー" pos="X">カンガルー</wf>
         <wf lemma="の" pos="X">の</wf>
         <wf lemma="前足" pos="X">前足</wf>
         <wf lemma="は" pos="X">は</wf>
         <wf lemma="発達" pos="X">発達</wf>
         <wf lemma="し" pos="X">し</wf>
         <wf lemma="て" pos="X">て</wf>
         <wf lemma="い" pos="X">い</wf>
         <wf lemma="ない" pos="X">ない</wf>
         <wf lemma="ように" pos="X">ように</wf>
         <wf lemma="見える" pos="X">見える</wf>
         <wf lemma="が" pos="X">が</wf>
         <wf lemma="、" pos="X">、</wf>
         <wf lemma="その" pos="X">その</wf>
         <wf lemma="強力" pos="X">強力</wf>
         <wf lemma="な" pos="X">な</wf>
         <wf lemma="5" pos="X">5</wf>
         <wf lemma="本指" pos="X">本指</wf>
         <wf lemma="の" pos="X">の</wf>
         <instance id="d000.s7558.t000" lemma="手" pos="NOUN">手</instance>
         <wf lemma="は" pos="X">は</wf>
         <wf lemma="、" pos="X">、</wf>
         <wf lemma="打つ" pos="X">打つ</wf>
         <wf lemma="ふり" pos="X">ふり</wf>
         <wf lemma="を" pos="X">を</wf>
         <wf lemma="し" pos="X">し</wf>
         <wf lemma="たり" pos="X">たり</wf>
         <wf lemma="、" pos="X">、</wf>
         <wf lemma="殴っ" pos="X">殴っ</wf>
         <wf lemma="たり" pos="X">たり</wf>
         <wf lemma="する" pos="X">する</wf>
         <wf lemma="の" pos="X">の</wf>
         <wf lemma="に" pos="X">に</wf>
         <wf lemma="熟練" pos="X">熟練</wf>
         <wf lemma="し" pos="X">し</wf>
         <wf lemma="て" pos="X">て</wf>
         <wf lemma="いる" pos="X">いる</wf>
         <wf lemma="−" pos="X">−</wf>
         <wf lemma="−スプリング" pos="X">−スプリング</wf>
         <wf lemma="フィールド" pos="X">フィールド</wf>
         <wf lemma="（マス" pos="X">（マス</wf>
         <wf lemma="）" pos="X">）</wf>
         <wf lemma="ユニオン" pos="X">ユニオン</wf>
         <wf lemma="." pos="X">.</wf>
      </sentence>
      <sentence id="d000.s7559" source="wordnet-japanese">
         <wf lemma="11月" pos="X">11月</wf>
         <wf lemma="に" pos="X">に</wf>
         <wf lemma="、" pos="X">、</wf>
         <wf lemma="葉" pos="X">葉</wf>
         <wf lemma="は" pos="X">は</wf>
         <wf lemma="赤色" pos="X">赤色</wf>
         <wf lemma="に" pos="X">に</wf>
         <instance id="d000.s7559.t000" lemma="染める" pos="VERB">染め</instance>
         <wf lemma="られ" pos="X">られ</wf>
         <wf lemma="た" pos="X">た</wf>
         <wf lemma="." pos="X">.</wf>
      </sentence>
      <sentence id="d000.s7560" source="wordnet-japanese">
         <instance id="d000.s7560.t000" lemma="利口" pos="ADJ">利口</instance>
         <wf lemma="な" pos="X">な</wf>
         <wf lemma="ビジネスマン" pos="X">ビジネスマン</wf>
         <wf lemma="." pos="X">.</wf>
      </sentence>
      <sentence id="d000.s7561" source="wordnet-japanese">
         <wf lemma="馬" pos="X">馬</wf>
         <wf lemma="に" pos="X">に</wf>
         <instance id="d000.s7561.t000" lemma="乗る" pos="VERB">乗る</instance>
         <wf lemma="." pos="X">.</wf>
      </sentence>
      <sentence id="d000.s7562" source="wordnet-japanese">
         <wf lemma="彼ら" pos="X">彼ら</wf>
         <wf lemma="は" pos="X">は</wf>
         <wf lemma="風呂場" pos="X">風呂場</wf>
         <wf lemma="に" pos="X">に</wf>
         <instance id="d000.s7562.t000" lemma="シャワー" pos="NOUN">シャワー</instance>
         <wf lemma="を" pos="X">を</wf>
         <wf lemma="取り付け" pos="X">取り付け</wf>
         <wf lemma="た" pos="X">た</wf>
         <wf lemma="." pos="X">.</wf>
      </sentence>
      <sentence id="d000.s7563" source="wordnet-japanese">
         <wf lemma="主人" pos="X">主人</wf>
         <wf lemma="は" pos="X">は</wf>
         <wf lemma="使用料" pos="X">使用料</wf>
         <wf lemma="を" pos="X">を</wf>
         <instance id="d000.s7563.t000" lemma="引き上げる" pos="VERB">引き上げ</instance>
         <wf lemma="た" pos="X">た</wf>
         <wf lemma="." pos="X">.</wf>
      </sentence>
      <sentence id="d000.s7564" source="wordnet-japanese">
         <wf lemma="ロッド" pos="X">ロッド</wf>
         <wf lemma="が" pos="X">が</wf>
         <wf lemma="縦状" pos="X">縦状</wf>
         <wf lemma="に" pos="X">に</wf>
         <wf lemma="ある" pos="X">ある</wf>
         <wf lemma="とき" pos="X">とき</wf>
         <wf lemma="、" pos="X">、</wf>
         <wf lemma="磁気" pos="X">磁気</wf>
         <instance id="d000.s7564.t000" lemma="効果" pos="NOUN">効果</instance>
         <wf lemma="は" pos="X">は</wf>
         <wf lemma="非常" pos="X">非常</wf>
         <wf lemma="に" pos="X">に</wf>
         <wf lemma="大きく" pos="X">大きく</wf>
         <wf lemma="なっ" pos="X">なっ</wf>
         <wf lemma="た" pos="X">た</wf>
         <wf lemma="." pos="X">.</wf>
      </sentence>
      <sentence id="d000.s7565" source="wordnet-japanese">
         <wf lemma="私" pos="X">私</wf>
         <wf lemma="に" pos="X">に</wf>
         <wf lemma="は" pos="X">は</wf>
         <wf lemma="あなた" pos="X">あなた</wf>
         <wf lemma="が" pos="X">が</wf>
         <wf lemma="以前" pos="X">以前</wf>
         <wf lemma="の" pos="X">の</wf>
         <wf lemma="経験" pos="X">経験</wf>
         <wf lemma="が" pos="X">が</wf>
         <wf lemma="全く" pos="X">全く</wf>
         <wf lemma="ない" pos="X">ない</wf>
         <wf lemma="こと" pos="X">こと</wf>
         <wf lemma="が" pos="X">が</wf>
         <instance id="d000.s7565.t000" lemma="わかる" pos="VERB">わかる</instance>
         <wf lemma="." pos="X">.</wf>
      </sentence>
      <sentence id="d000.s7566" source="wordnet-japanese">
         <wf lemma="刑務所" pos="X">刑務所</wf>
         <wf lemma="に" pos="X">に</wf>
         <wf lemma="送ら" pos="X">送ら</wf>
         <wf lemma="れる" pos="X">れる</wf>
         <wf lemma="という" pos="X">という</wf>
         <instance id="d000.s7566.t000" lemma="恥辱" pos="NOUN">恥辱</instance>
         <wf lemma="に" pos="X">に</wf>
         <wf lemma="苦しむ" pos="X">苦しむ</wf>
         <wf lemma="." pos="X">.</wf>
      </sentence>
      <sentence id="d000.s7567" source="wordnet-japanese">
         <wf lemma="村" pos="X">村</wf>
         <wf lemma="で" pos="X">で</wf>
         <wf lemma="は" pos="X">は</wf>
         <wf lemma="、" pos="X">、</wf>
         <wf lemma="新しい" pos="X">新しい</wf>
         <wf lemma="パイプライン" pos="X">パイプライン</wf>
         <wf lemma="は" pos="X">は</wf>
         <wf lemma="水" pos="X">水</wf>
         <wf lemma="の" pos="X">の</wf>
         <wf lemma="終わり" pos="X">終わり</wf>
         <wf lemma="が" pos="X">が</wf>
         <wf lemma="貴重" pos="X">貴重</wf>
         <wf lemma="な" pos="X">な</wf>
         <wf lemma="液体" pos="X">液体</wf>
         <wf lemma="である" pos="X">である</wf>
         <wf lemma="こと" pos="X">こと</wf>
         <wf lemma="を" pos="X">を</wf>
         <wf lemma="示し" pos="X">示し</wf>
         <wf lemma="、" pos="X">、</wf>
         <instance id="d000.s7567.t000" lemma="質素" pos="ADV">質素</instance>
         <wf lemma="に" pos="X">に</wf>
         <wf lemma="分配" pos="X">分配</wf>
         <wf lemma="さ" pos="X">さ</wf>
         <wf lemma="れ" pos="X">れ</wf>
         <wf lemma="、" pos="X">、</wf>
         <wf lemma="一滴" pos="X">一滴</wf>
         <wf lemma="ずつ" pos="X">ずつ</wf>
         <wf lemma="が" pos="X">が</wf>
         <wf lemma="計量" pos="X">計量</wf>
         <wf lemma="さ" pos="X">さ</wf>
         <wf lemma="れる" pos="X">れる</wf>
         <wf lemma="." pos="X">.</wf>
      </sentence>
      <sentence id="d000.s7568" source="wordnet-japanese">
         <wf lemma="私" pos="X">私</wf>
         <wf lemma="は" pos="X">は</wf>
         <wf lemma="、" pos="X">、</wf>
         <instance id="d000.s7568.t000" lemma="たくさん" pos="ADV">たくさん</instance>
         <wf lemma="な" pos="X">な</wf>
         <wf lemma="感謝" pos="X">感謝</wf>
         <wf lemma="を" pos="X">を</wf>
         <wf lemma="抱い" pos="X">抱い</wf>
         <wf lemma="た" pos="X">た</wf>
         <wf lemma="." pos="X">.</wf>
      </sentence>
      <sentence id="d000.s7569" source="wordnet-japanese">
         <wf lemma="彼女" pos="X">彼女</wf>
         <wf lemma="は" pos="X">は</wf>
         <instance id="d000.s7569.t000" lemma="毎週" pos="ADV">毎週</instance>
         <wf lemma="おば" pos="X">おば</wf>
         <wf lemma="を" pos="X">を</wf>
         <wf lemma="訪問" pos="X">訪問</wf>
         <wf lemma="し" pos="X">し</wf>
         <wf lemma="た" pos="X">た</wf>
         <wf lemma="." pos="X">.</wf>
      </sentence>
      <sentence id="d000.s7570" source="wordnet-japanese">
         <wf lemma="医者" pos="X">医者</wf>
         <wf lemma="は" pos="X">は</wf>
         <wf lemma="いつも" pos="X">いつも</wf>
         <wf lemma="の" pos="X">の</wf>
         <instance id="d000.s7570.t000" lemma="巡回" pos="NOUN">巡回</instance>
         <wf lemma="を" pos="X">を</wf>
         <wf lemma="し" pos="X">し</wf>
         <wf lemma="た" pos="X">た</wf>
         <wf lemma="." pos="X">.</wf>
      </sentence>
      <sentence id="d000.s7571" source="wordnet-japanese">
         <wf lemma="それ" pos="X">それ</wf>
         <wf lemma="は" pos="X">は</wf>
         <wf lemma="私たち" pos="X">私たち</wf>
         <wf lemma="が" pos="X">が</wf>
         <wf lemma="拒否" pos="X">拒否</wf>
         <wf lemma="でき" pos="X">でき</wf>
         <wf lemma="ない" pos="X">ない</wf>
         <instance id="d000.s7571.t000" lemma="提案" pos="NOUN">提案</instance>
         <wf lemma="だっ" pos="X">だっ</wf>
         <wf lemma="た" pos="X">た</wf>
         <wf lemma="." pos="X">.</wf>
      </sentence>
      <sentence id="d000.s7572" source="wordnet-japanese">
         <wf lemma="それら" pos="X">それら</wf>
         <wf lemma="の" pos="X">の</wf>
         <wf lemma="スラム街" pos="X">スラム街</wf>
         <wf lemma="の" pos="X">の</wf>
         <instance id="d000.s7572.t000" lemma="窮状" pos="NOUN">窮状</instance>
         <wf lemma="や" pos="X">や</wf>
         <wf lemma="惨め" pos="X">惨め</wf>
         <wf lemma="さ" pos="X">さ</wf>
         <wf lemma="は" pos="X">は</wf>
         <wf lemma="耐え" pos="X">耐え</wf>
         <wf lemma="られ" pos="X">られ</wf>
         <wf lemma="ない" pos="X">ない</wf>
         <wf lemma="もの" pos="X">もの</wf>
         <wf lemma="である" pos="X">である</wf>
         <wf lemma="." pos="X">.</wf>
      </sentence>
      <sentence id="d000.s7573" source="wordnet-japanese">
         <wf lemma="問題" pos="X">問題</wf>
         <wf lemma="は" pos="X">は</wf>
         <instance id="d000.s7573.t000" lemma="不確か" pos="ADJ">不確か</instance>
         <wf lemma="で" pos="X">で</wf>
         <wf lemma="ある" pos="X">ある</wf>
         <wf lemma="." pos="X">.</wf>
      </sentence>
      <sentence id="d000.s7574" source="wordnet-japanese">
         <instance id="d000.s7574.t000" lemma="点" pos="NOUN">点</instance>
         <wf lemma="の" pos="X">の</wf>
         <wf lemma="列" pos="X">列</wf>
         <wf lemma="." pos="X">.</wf>
      </sentence>
      <sentence id="d000.s7575" source="wordnet-japanese">
         <wf lemma="彼女" pos="X">彼女</wf>
         <wf lemma="は" pos="X">は</wf>
         <wf lemma="母親" pos="X">母親</wf>
         <wf lemma="に" pos="X">に</wf>
         <wf lemma="非常" pos="X">非常</wf>
         <wf lemma="に" pos="X">に</wf>
         <instance id="d000.s7575.t000" lemma="似る" pos="VERB">似</instance>
         <wf lemma="て" pos="X">て</wf>
         <wf lemma="いる" pos="X">いる</wf>
         <wf lemma="." pos="X">.</wf>
      </sentence>
      <sentence id="d000.s7576" source="wordnet-japanese">
         <wf lemma="付随" pos="X">付随</wf>
         <wf lemma="する" pos="X">する</wf>
         <wf lemma="いくつか" pos="X">いくつか</wf>
         <wf lemma="の" pos="X">の</wf>
         <instance id="d000.s7576.t000" lemma="件" pos="NOUN">件</instance>
         <wf lemma="." pos="X">.</wf>
      </sentence>
      <sentence id="d000.s7577" source="wordnet-japanese">
         <wf lemma="木" pos="X">木</wf>
         <wf lemma="は" pos="X">は</wf>
         <wf lemma="、" pos="X">、</wf>
         <wf lemma="山" pos="X">山</wf>
         <wf lemma="の" pos="X">の</wf>
         <wf lemma="眺望" pos="X">眺望</wf>
         <wf lemma="を" pos="X">を</wf>
         <instance id="d000.s7577.t000" lemma="妨げる" pos="VERB">妨げる</instance>
         <wf lemma="." pos="X">.</wf>
      </sentence>
      <sentence id="d000.s7578" source="wordnet-japanese">
         <instance id="d000.s7578.t000" lemma="冷たい" pos="ADJ">冷たい</instance>
         <wf lemma="青み" pos="X">青み</wf>
         <wf lemma="が" pos="X">が</wf>
         <wf lemma="かっ" pos="X">かっ</wf>
         <wf lemma="た" pos="X">た</wf>
         <wf lemma="灰色" pos="X">灰色</wf>
         <wf lemma="." pos="X">.</wf>
      </sentence>
      <sentence id="d000.s7579" source="wordnet-japanese">
         <wf lemma="彼" pos="X">彼</wf>
         <wf lemma="は" pos="X">は</wf>
         <wf lemma="若い" pos="X">若い</wf>
         <wf lemma="王子" pos="X">王子</wf>
         <wf lemma="を" pos="X">を</wf>
         <wf lemma="囲ん" pos="X">囲ん</wf>
         <wf lemma="で" pos="X">で</wf>
         <wf lemma="いる" pos="X">いる</wf>
         <wf lemma="、" pos="X">、</wf>
         <wf lemma="彼" pos="X">彼</wf>
         <wf lemma="を" pos="X">を</wf>
         <wf lemma="導い" pos="X">導い</wf>
         <wf lemma="た" pos="X">た</wf>
         <wf lemma="過分" pos="X">過分</wf>
         <wf lemma="な" pos="X">な</wf>
         <wf lemma="ほど" pos="X">ほど</wf>
         <wf lemma="の" pos="X">の</wf>
         <wf lemma="女性" pos="X">女性</wf>
         <wf lemma="らし" pos="X">らし</wf>
         <wf lemma="さ" pos="X">さ</wf>
         <wf lemma="から" pos="X">から</wf>
         <wf lemma="くる" pos="X">くる</wf>
         <wf lemma="空気" pos="X">空気</wf>
         <wf lemma="の" pos="X">の</wf>
         <instance id="d000.s7579.t000" lemma="柔らかさ" pos="NOUN">柔らかさ</instance>
         <wf lemma="に" pos="X">に</wf>
         <wf lemma="ショック" pos="X">ショック</wf>
         <wf lemma="を" pos="X">を</wf>
         <wf lemma="受け" pos="X">受け</wf>
         <wf lemma="た" pos="X">た</wf>
         <wf lemma="." pos="X">.</wf>
      </sentence>
      <sentence id="d000.s7580" source="wordnet-japanese">
         <wf lemma="英国" pos="X">英国</wf>
         <wf lemma="で" pos="X">で</wf>
         <wf lemma="は" pos="X">は</wf>
         <wf lemma="100" pos="X">100</wf>
         <wf lemma="万" pos="X">万</wf>
         <instance id="d000.s7580.t000" lemma="兆" pos="NOUN">兆</instance>
         <wf lemma="の" pos="X">の</wf>
         <wf lemma="こと" pos="X">こと</wf>
         <wf lemma="を" pos="X">を</wf>
         <wf lemma="トリリオン" pos="X">トリリオン</wf>
         <wf lemma="という" pos="X">という</wf>
         <wf lemma="." pos="X">.</wf>
      </sentence>
      <sentence id="d000.s7581" source="wordnet-japanese">
         <instance id="d000.s7581.t000" lemma="安価" pos="ADJ">安価</instance>
         <wf lemma="な" pos="X">な</wf>
         <wf lemma="住宅" pos="X">住宅</wf>
         <wf lemma="." pos="X">.</wf>
      </sentence>
      <sentence id="d000.s7582" source="wordnet-japanese">
         <instance id="d000.s7582.t000" lemma="普遍的" pos="ADJ">普遍的</instance>
         <wf lemma="な" pos="X">な</wf>
         <wf lemma="経験" pos="X">経験</wf>
         <wf lemma="." pos="X">.</wf>
      </sentence>
      <sentence id="d000.s7583" source="wordnet-japanese">
         <wf lemma="肝臓" pos="X">肝臓</wf>
         <wf lemma="の" pos="X">の</wf>
         <instance id="d000.s7583.t000" lemma="ホモジェネート" pos="NOUN">ホモジェネート</instance>
         <wf lemma="." pos="X">.</wf>
      </sentence>
      <sentence id="d000.s7584" source="wordnet-japanese">
         <wf lemma="私" pos="X">私</wf>
         <wf lemma="は" pos="X">は</wf>
         <wf lemma="その" pos="X">その</wf>
         <wf lemma="男" pos="X">男</wf>
         <wf lemma="を" pos="X">を</wf>
         <instance id="d000.s7584.t000" lemma="憎む" pos="VERB">憎ん</instance>
         <wf lemma="で" pos="X">で</wf>
         <wf lemma="いる" pos="X">いる</wf>
         <wf lemma="." pos="X">.</wf>
      </sentence>
      <sentence id="d000.s7585" source="wordnet-japanese">
         <wf lemma="ひどい" pos="X">ひどい</wf>
         <wf lemma="殺人" pos="X">殺人</wf>
         <wf lemma="から" pos="X">から</wf>
         <wf lemma="小説" pos="X">小説</wf>
         <wf lemma="が" pos="X">が</wf>
         <instance id="d000.s7585.t000" lemma="始まる" pos="VERB">始まる</instance>
         <wf lemma="." pos="X">.</wf>
      </sentence>
      <sentence id="d000.s7586" source="wordnet-japanese">
         <wf lemma="金属" pos="X">金属</wf>
         <instance id="d000.s7586.t000" lemma="スタンパー" pos="NOUN">スタンパー</instance>
         <wf lemma="." pos="X">.</wf>
      </sentence>
      <sentence id="d000.s7587" source="wordnet-japanese">
         <wf lemma="品行" pos="X">品行</wf>
         <wf lemma="を" pos="X">を</wf>
         <instance id="d000.s7587.t000" lemma="改める" pos="VERB">改め</instance>
         <wf lemma="て" pos="X">て</wf>
         <wf lemma="ください" pos="X">ください</wf>
         <wf lemma="." pos="X">.</wf>
      </sentence>
      <sentence id="d000.s7588" source="wordnet-japanese">
         <wf lemma="この" pos="X">この</wf>
         <wf lemma="料理法" pos="X">料理法</wf>
         <wf lemma="を" pos="X">を</wf>
         <instance id="d000.s7588.t000" lemma="試す" pos="VERB">試す</instance>
         <wf lemma="." pos="X">.</wf>
      </sentence>
      <sentence id="d000.s7589" source="wordnet-japanese">
         <wf lemma="剣" pos="X">剣</wf>
         <wf lemma="を" pos="X">を</wf>
         <instance id="d000.s7589.t000" lemma="振り回す" pos="VERB">振り回す</instance>
         <wf lemma="." pos="X">.</wf>
      </sentence>
      <sentence id="d000.s7590" source="wordnet-japanese">
         <wf lemma="かえ" pos="X">かえ</wf>
         <wf lemma="で" pos="X">で</wf>
         <wf lemma="は" pos="X">は</wf>
         <wf lemma="よく" pos="X">よく</wf>
         <instance id="d000.s7590.t000" lemma="燃える" pos="VERB">燃える</instance>
         <wf lemma="." pos="X">.</wf>
      </sentence>
      <sentence id="d000.s7591" source="wordnet-japanese">
         <wf lemma="これ" pos="X">これ</wf>
         <wf lemma="を" pos="X">を</wf>
         <instance id="d000.s7591.t000" lemma="レント" pos="ADV">レント</instance>
         <wf lemma="で" pos="X">で</wf>
         <wf lemma="演奏" pos="X">演奏</wf>
         <wf lemma="する" pos="X">する</wf>
         <wf lemma="." pos="X">.</wf>
      </sentence>
      <sentence id="d000.s7592" source="wordnet-japanese">
         <wf lemma="私" pos="X">私</wf>
         <wf lemma="たち" pos="X">たち</wf>
         <wf lemma="は" pos="X">は</wf>
         <wf lemma="その" pos="X">その</wf>
         <wf lemma="寮" pos="X">寮</wf>
         <wf lemma="の" pos="X">の</wf>
         <wf lemma="部屋" pos="X">部屋</wf>
         <wf lemma="に" pos="X">に</wf>
         <wf lemma="2" pos="X">2</wf>
         <wf lemma="人" pos="X">人</wf>
         <wf lemma="の" pos="X">の</wf>
         <wf lemma="学生" pos="X">学生</wf>
         <wf lemma="を" pos="X">を</wf>
         <instance id="d000.s7592.t000" lemma="加える" pos="VERB">加え</instance>
         <wf lemma="た" pos="X">た</wf>
         <wf lemma="." pos="X">.</wf>
      </sentence>
      <sentence id="d000.s7593" source="wordnet-japanese">
         <wf lemma="彼" pos="X">彼</wf>
         <wf lemma="は" pos="X">は</wf>
         <instance id="d000.s7593.t000" lemma="口" pos="NOUN">口</instance>
         <wf lemma="に" pos="X">に</wf>
         <wf lemma="キャンディー" pos="X">キャンディー</wf>
         <wf lemma="を" pos="X">を</wf>
         <wf lemma="詰め込ん" pos="X">詰め込ん</wf>
         <wf lemma="だ" pos="X">だ</wf>
         <wf lemma="." pos="X">.</wf>
      </sentence>
      <sentence id="d000.s7594" source="wordnet-japanese">
         <instance id="d000.s7594.t000" lemma="忘れっぽい" pos="ADJ">忘れっぽい</instance>
         <wf lemma="老齢" pos="X">老齢</wf>
         <wf lemma="." pos="X">.</wf>
      </sentence>
      <sentence id="d000.s7595" source="wordnet-japanese">
         <wf lemma="症状" pos="X">症状</wf>
         <wf lemma="の" pos="X">の</wf>
         <instance id="d000.s7595.t000" lemma="再発" pos="NOUN">再発</instance>
         <wf lemma="." pos="X">.</wf>
      </sentence>
      <sentence id="d000.s7596" source="wordnet-japanese">
         <wf lemma="彼" pos="X">彼</wf>
         <wf lemma="は" pos="X">は</wf>
         <wf lemma="概数" pos="X">概数</wf>
         <wf lemma="で" pos="X">で</wf>
         <wf lemma="我々" pos="X">我々</wf>
         <wf lemma="に" pos="X">に</wf>
         <wf lemma="結果" pos="X">結果</wf>
         <wf lemma="を" pos="X">を</wf>
         <wf lemma="与え" pos="X">与え</wf>
         <wf lemma="た" pos="X">た</wf>
         <wf lemma="が" pos="X">が</wf>
         <wf lemma="、" pos="X">、</wf>
         <wf lemma="彼ら" pos="X">彼ら</wf>
         <wf lemma="の" pos="X">の</wf>
         <instance id="d000.s7596.t000" lemma="丸み" pos="NOUN">丸み</instance>
         <wf lemma="は" pos="X">は</wf>
         <wf lemma="彼" pos="X">彼</wf>
         <wf lemma="が" pos="X">が</wf>
         <wf lemma="製作" pos="X">製作</wf>
         <wf lemma="し" pos="X">し</wf>
         <wf lemma="て" pos="X">て</wf>
         <wf lemma="い" pos="X">い</wf>
         <wf lemma="た" pos="X">た</wf>
         <wf lemma="点" pos="X">点</wf>
         <wf lemma="に" pos="X">に</wf>
         <wf lemma="影響" pos="X">影響</wf>
         <wf lemma="を" pos="X">を</wf>
         <wf lemma="及ぼさ" pos="X">及ぼさ</wf>
         <wf lemma="なかっ" pos="X">なかっ</wf>
         <wf lemma="た" pos="X">た</wf>
         <wf lemma="." pos="X">.</wf>
      </sentence>
      <sentence id="d000.s7597" source="wordnet-japanese">
         <wf lemma="彼" pos="X">彼</wf>
         <wf lemma="の" pos="X">の</wf>
         <wf lemma="頭" pos="X">頭</wf>
         <wf lemma="は" pos="X">は</wf>
         <wf lemma="身体" pos="X">身体</wf>
         <wf lemma="から" pos="X">から</wf>
         <instance id="d000.s7597.t000" lemma="切り離す" pos="VERB">切り離さ</instance>
         <wf lemma="れ" pos="X">れ</wf>
         <wf lemma="た" pos="X">た</wf>
         <wf lemma="." pos="X">.</wf>
      </sentence>
      <sentence id="d000.s7598" source="wordnet-japanese">
         <wf lemma="若者" pos="X">若者</wf>
         <wf lemma="は" pos="X">は</wf>
         <wf lemma="前面" pos="X">前面</wf>
         <wf lemma="に" pos="X">に</wf>
         <instance id="d000.s7598.t000" lemma="踏み出す" pos="VERB">踏み出し</instance>
         <wf lemma="、" pos="X">、</wf>
         <wf lemma="彼ら" pos="X">彼ら</wf>
         <wf lemma="の" pos="X">の</wf>
         <wf lemma="仲間" pos="X">仲間</wf>
         <wf lemma="を" pos="X">を</wf>
         <wf lemma="助ける" pos="X">助ける</wf>
         <wf lemma="べき" pos="X">べき</wf>
         <wf lemma="だ" pos="X">だ</wf>
         <wf lemma="." pos="X">.</wf>
      </sentence>
      <sentence id="d000.s7599" source="wordnet-japanese">
         <wf lemma="人" pos="X">人</wf>
         <wf lemma="の" pos="X">の</wf>
         <wf lemma="生き方" pos="X">生き方</wf>
         <wf lemma="の" pos="X">の</wf>
         <instance id="d000.s7599.t000" lemma="評価" pos="NOUN">評価</instance>
         <wf lemma="に" pos="X">に</wf>
         <wf lemma="は" pos="X">は</wf>
         <wf lemma="様々" pos="X">様々</wf>
         <wf lemma="な" pos="X">な</wf>
         <wf lemma="要因" pos="X">要因</wf>
         <wf lemma="が" pos="X">が</wf>
         <wf lemma="関係" pos="X">関係</wf>
         <wf lemma="する" pos="X">する</wf>
         <wf lemma="." pos="X">.</wf>
      </sentence>
      <sentence id="d000.s7600" source="wordnet-japanese">
         <instance id="d000.s7600.t000" lemma="慢性的" pos="ADV">慢性的</instance>
         <wf lemma="に" pos="X">に</wf>
         <wf lemma="煙草" pos="X">煙草</wf>
         <wf lemma="を" pos="X">を</wf>
         <wf lemma="吸う" pos="X">吸う</wf>
         <wf lemma="こと" pos="X">こと</wf>
         <wf lemma="." pos="X">.</wf>
      </sentence>
      <sentence id="d000.s7601" source="wordnet-japanese">
         <wf lemma="夜" pos="X">夜</wf>
         <wf lemma="の" pos="X">の</wf>
         <instance id="d000.s7601.t000" lemma="静寂" pos="NOUN">静寂</instance>
         <wf lemma="." pos="X">.</wf>
      </sentence>
   </text>
</corpus>
