<?xml version="1.0" encoding="UTF-8"?>
<corpus lang="eu" name="test-eu" sources="wordnet-basque">
   <text id="d000">
      <sentence id="d000.s000" source="wordnet-basque">
         <wf lemma="kaleko" pos="X">kaleko</wf>
         <wf lemma="beste" pos="X">beste</wf>
         <wf lemma="edozein" pos="X">edozein</wf>
         <instance id="d000.s000.t000" lemma="seinale" pos="NOUN">seinale</instance>
         <wf lemma="bezain" pos="X">bezain</wf>
         <wf lemma="egoki" pos="X">egoki</wf>
         <wf lemma="eta" pos="X">eta</wf>
         <wf lemma="txukun" pos="X">txukun</wf>
         <wf lemma="ezarria" pos="X">ezarria</wf>
         <wf lemma="zegoen" pos="X">zegoen</wf>
         <wf lemma="," pos="X">,</wf>
         <wf lemma="ikurrina" pos="X">ikurrina</wf>
         <wf lemma="eta" pos="X">eta</wf>
         <wf lemma="guzti" pos="X">guzti</wf>
         <wf lemma="." pos="X">.</wf>
      </sentence>
      <sentence id="d000.s001" source="wordnet-basque">
         <wf lemma="astelehenean" pos="X">astelehenean</wf>
         <wf lemma="Mendavian" pos="X">Mendavian</wf>
         <wf lemma="kontzentratu" pos="X">kontzentratu</wf>
         <wf lemma="behar" pos="X">behar</wf>
         <wf lemma="zuen" pos="X">zuen</wf>
         <wf lemma="Goyo" pos="X">Goyo</wf>
         <wf lemma="Hernandok" pos="X">Hernandok</wf>
         <wf lemma="bere" pos="X">bere</wf>
         <wf lemma="botileroarekin" pos="X">botileroarekin</wf>
         <wf lemma="," pos="X">,</wf>
         <wf lemma="baina" pos="X">baina</wf>
         <instance id="d000.s001.t000" lemma="jai" pos="NOUN">jai</instance>
         <wf lemma="hartu" pos="X">hartu</wf>
         <wf lemma="zuen" pos="X">zuen</wf>
         <wf lemma="." pos="X">.</wf>
      </sentence>
      <sentence id="d000.s002" source="wordnet-basque">
         <wf lemma="zaldiak" pos="X">zaldiak</wf>
         <wf lemma="irrintzi" pos="X">irrintzi</wf>
         <wf lemma="egiten" pos="X">egiten</wf>
         <wf lemma="zuen" pos="X">zuen</wf>
         <wf lemma="eta" pos="X">eta</wf>
         <instance id="d000.s002.t000" lemma="hanka" pos="NOUN">hankak</instance>
         <wf lemma="astintzen" pos="X">astintzen</wf>
         <wf lemma="zituen" pos="X">zituen</wf>
         <wf lemma="," pos="X">,</wf>
         <wf lemma="pozik" pos="X">pozik</wf>
         <wf lemma="zegoen" pos="X">zegoen</wf>
         <wf lemma="seinale" pos="X">seinale</wf>
         <wf lemma="." pos="X">.</wf>
      </sentence>
      <sentence id="d000.s003" source="wordnet-basque">
         <wf lemma="hemen" pos="X">hemen</wf>
         <instance id="d000.s003.t000" lemma="gauza" pos="NOUN">gauzak</instance>
         <wf lemma="dezente" pos="X">dezente</wf>
         <wf lemma="edo" pos="X">edo</wf>
         <wf lemma="asko" pos="X">asko</wf>
         <wf lemma="estranbotizatzen" pos="X">estranbotizatzen</wf>
         <wf lemma="dira" pos="X">dira</wf>
         <wf lemma=";" pos="X">;</wf>
         <wf lemma="2.000" pos="X">2.000</wf>
         <wf lemma="inguru" pos="X">inguru</wf>
         <wf lemma="obra" pos="X">obra</wf>
         <wf lemma="." pos="X">.</wf>
      </sentence>
      <sentence id="d000.s004" source="wordnet-basque">
         <wf lemma="gainera" pos="X">gainera</wf>
         <wf lemma="," pos="X">,</wf>
         <instance id="d000.s004.t000" lemma="su" pos="NOUN">suaren</instance>
         <wf lemma="aurkako" pos="X">aurkako</wf>
         <wf lemma="sistema" pos="X">sistema</wf>
         <wf lemma="automatikoa" pos="X">automatikoa</wf>
         <wf lemma="eta" pos="X">eta</wf>
         <wf lemma="berau" pos="X">berau</wf>
         <wf lemma="antzemateko" pos="X">antzemateko</wf>
         <wf lemma="sistemak" pos="X">sistemak</wf>
         <wf lemma="jarri" pos="X">jarri</wf>
         <wf lemma="ditugu" pos="X">ditugu</wf>
         <wf lemma="." pos="X">.</wf>
      </sentence>
      <sentence id="d000.s005" source="wordnet-basque">
         <wf lemma="EBk" pos="X">EBk</wf>
         <instance id="d000.s005.t000" lemma="hutsune" pos="NOUN">hutsune</instance>
         <wf lemma="asko" pos="X">asko</wf>
         <wf lemma="erakusten" pos="X">erakusten</wf>
         <wf lemma="ditu" pos="X">ditu</wf>
         <wf lemma="nazioarteko" pos="X">nazioarteko</wf>
         <wf lemma="krisietan" pos="X">krisietan</wf>
         <wf lemma="." pos="X">.</wf>
      </sentence>
      <sentence id="d000.s006" source="wordnet-basque">
         <wf lemma="hamabi" pos="X">hamabi</wf>
         <wf lemma="hilabetetik" pos="X">hilabetetik</wf>
         <wf lemma="gora" pos="X">gora</wf>
         <wf lemma="behar" pos="X">behar</wf>
         <wf lemma="ditu" pos="X">ditu</wf>
         <wf lemma="zerri" pos="X">zerri</wf>
         <wf lemma="emeak" pos="X">emeak</wf>
         <instance id="d000.s006.t000" lemma="ume" pos="NOUN">umea</instance>
         <wf lemma="hazteko" pos="X">hazteko</wf>
         <wf lemma="." pos="X">.</wf>
      </sentence>
      <sentence id="d000.s007" source="wordnet-basque">
         <wf lemma="jokalari" pos="X">jokalari</wf>
         <wf lemma="gazte" pos="X">gazte</wf>
         <wf lemma="ugarik" pos="X">ugarik</wf>
         <wf lemma="parte" pos="X">parte</wf>
         <wf lemma="hartzen" pos="X">hartzen</wf>
         <wf lemma="du" pos="X">du</wf>
         <wf lemma=";" pos="X">;</wf>
         <wf lemma="Andres" pos="X">Andres</wf>
         <wf lemma="Nocioni" pos="X">Nocioni</wf>
         <wf lemma="da" pos="X">da</wf>
         <wf lemma="horren" pos="X">horren</wf>
         <instance id="d000.s007.t000" lemma="adibide" pos="NOUN">adibide</instance>
         <wf lemma="argienetakoa" pos="X">argienetakoa</wf>
         <wf lemma="," pos="X">,</wf>
         <wf lemma="hamabost" pos="X">hamabost</wf>
         <wf lemma="urte" pos="X">urte</wf>
         <wf lemma="zituenerako" pos="X">zituenerako</wf>
         <wf lemma="egin" pos="X">egin</wf>
         <wf lemma="zuen" pos="X">zuen</wf>
         <wf lemma="debuta" pos="X">debuta</wf>
         <wf lemma="Argentinako" pos="X">Argentinako</wf>
         <wf lemma="txapelketan" pos="X">txapelketan</wf>
         <wf lemma="." pos="X">.</wf>
      </sentence>
      <sentence id="d000.s008" source="wordnet-basque">
         <instance id="d000.s008.t000" lemma="sasoi" pos="NOUN">sasoi</instance>
         <wf lemma="goiztiar" pos="X">goiztiar</wf>
         <wf lemma="honetan" pos="X">honetan</wf>
         <wf lemma="Oitz" pos="X">Oitz</wf>
         <wf lemma="haurrak" pos="X">haurrak</wf>
         <wf lemma="bideograbaketetan" pos="X">bideograbaketetan</wf>
         <wf lemma="zehar" pos="X">zehar</wf>
         <wf lemma="halako" pos="X">halako</wf>
         <wf lemma="ekoizpenik" pos="X">ekoizpenik</wf>
         <wf lemma="gauzatu" pos="X">gauzatu</wf>
         <wf lemma="ez" pos="X">ez</wf>
         <wf lemma="arren" pos="X">arren</wf>
         <wf lemma="." pos="X">.</wf>
      </sentence>
      <sentence id="d000.s009" source="wordnet-basque">
         <wf lemma="lorerik" pos="X">lorerik</wf>
         <wf lemma="ez" pos="X">ez</wf>
         <wf lemma="duen" pos="X">duen</wf>
         <wf lemma="adar" pos="X">adar</wf>
         <wf lemma="mardul" pos="X">mardul</wf>
         <wf lemma="bat" pos="X">bat</wf>
         <wf lemma="aukeratu" pos="X">aukeratu</wf>
         <wf lemma="eta" pos="X">eta</wf>
         <wf lemma="15" pos="X">15</wf>
         <wf lemma="cm" pos="X">cm</wf>
         <wf lemma="inguruko" pos="X">inguruko</wf>
         <instance id="d000.s009.t000" lemma="mutur" pos="NOUN">muturra</instance>
         <wf lemma="ebaki" pos="X">ebaki</wf>
         <wf lemma="." pos="X">.</wf>
      </sentence>
      <sentence id="d000.s010" source="wordnet-basque">
         <wf lemma="Jainko" pos="X">Jainko</wf>
         <wf lemma="guztiz" pos="X">guztiz</wf>
         <wf lemma="ona" pos="X">ona</wf>
         <wf lemma="," pos="X">,</wf>
         <wf lemma="bedeinka" pos="X">bedeinka</wf>
         <wf lemma="itzazu" pos="X">itzazu</wf>
         <wf lemma="gure" pos="X">gure</wf>
         <instance id="d000.s010.t000" lemma="emaitza" pos="NOUN">emaitzak</instance>
         <wf lemma="." pos="X">.</wf>
      </sentence>
      <sentence id="d000.s011" source="wordnet-basque">
         <wf lemma="kolpea" pos="X">kolpea</wf>
         <wf lemma="hartu" pos="X">hartu</wf>
         <wf lemma="ondoren" pos="X">ondoren</wf>
         <wf lemma="," pos="X">,</wf>
         <wf lemma="pilotak" pos="X">pilotak</wf>
         <instance id="d000.s011.t000" lemma="sare" pos="NOUN">sare</instance>
         <wf lemma="gainetik" pos="X">gainetik</wf>
         <wf lemma="pasa" pos="X">pasa</wf>
         <wf lemma="eta" pos="X">eta</wf>
         <wf lemma="aurkariaren" pos="X">aurkariaren</wf>
         <wf lemma="sake" pos="X">sake</wf>
         <wf lemma="eremuan" pos="X">eremuan</wf>
         <wf lemma="," pos="X">,</wf>
         <wf lemma="diagonalki" pos="X">diagonalki</wf>
         <wf lemma="kontrakoan" pos="X">kontrakoan</wf>
         <wf lemma="," pos="X">,</wf>
         <wf lemma="jo" pos="X">jo</wf>
         <wf lemma="behar" pos="X">behar</wf>
         <wf lemma="du" pos="X">du</wf>
         <wf lemma="lurra" pos="X">lurra</wf>
         <wf lemma="." pos="X">.</wf>
      </sentence>
      <sentence id="d000.s012" source="wordnet-basque">
         <wf lemma="zilarrezko" pos="X">zilarrezko</wf>
         <instance id="d000.s012.t000" lemma="diru" pos="NOUN">diru</instance>
         <wf lemma="bat" pos="X">bat</wf>
         <wf lemma="." pos="X">.</wf>
      </sentence>
      <sentence id="d000.s013" source="wordnet-basque">
         <wf lemma="Perry" pos="X">Perry</wf>
         <wf lemma="Masonek" pos="X">Masonek</wf>
         <wf lemma="desagertutako" pos="X">desagertutako</wf>
         <wf lemma="oinordekoaren" pos="X">oinordekoaren</wf>
         <instance id="d000.s013.t000" lemma="kasu" pos="NOUN">kasua</instance>
         <wf lemma="erraz" pos="X">erraz</wf>
         <wf lemma="konpondu" pos="X">konpondu</wf>
         <wf lemma="zuen" pos="X">zuen</wf>
         <wf lemma="." pos="X">.</wf>
      </sentence>
      <sentence id="d000.s014" source="wordnet-basque">
         <wf lemma="Malagako" pos="X">Malagako</wf>
         <wf lemma="erlojupekoaren" pos="X">erlojupekoaren</wf>
         <wf lemma="ostean" pos="X">ostean</wf>
         <wf lemma="haren" pos="X">haren</wf>
         <instance id="d000.s014.t000" lemma="motibazio" pos="NOUN">motibazio</instance>
         <wf lemma="eza" pos="X">eza</wf>
         <wf lemma="izan" pos="X">izan</wf>
         <wf lemma="zen" pos="X">zen</wf>
         <wf lemma="eztabaidagai" pos="X">eztabaidagai</wf>
         <wf lemma="." pos="X">.</wf>
      </sentence>
      <sentence id="d000.s015" source="wordnet-basque">
         <wf lemma="Francisco" pos="X">Francisco</wf>
         <wf lemma="Lopez-ekin" pos="X">Lopez-ekin</wf>
         <wf lemma="ezkondua" pos="X">ezkondua</wf>
         <wf lemma="," pos="X">,</wf>
         <wf lemma="atzerrira" pos="X">atzerrira</wf>
         <wf lemma="joan" pos="X">joan</wf>
         <wf lemma="ziren" pos="X">ziren</wf>
         <wf lemma="gerra" pos="X">gerra</wf>
         <instance id="d000.s015.t000" lemma="denbora" pos="NOUN">denboran</instance>
         <wf lemma="eta" pos="X">eta</wf>
         <wf lemma="Clermont-Ferranden" pos="X">Clermont-Ferranden</wf>
         <wf lemma="alargun" pos="X">alargun</wf>
         <wf lemma="geratu" pos="X">geratu</wf>
         <wf lemma="zen" pos="X">zen</wf>
         <wf lemma="Maria" pos="X">Maria</wf>
         <wf lemma="." pos="X">.</wf>
      </sentence>
      <sentence id="d000.s016" source="wordnet-basque">
         <instance id="d000.s016.t000" lemma="boto" pos="NOUN">botoen</instance>
         <wf lemma="%99,78" pos="X">%99,78</wf>
         <wf lemma="zenbatuta" pos="X">zenbatuta</wf>
         <wf lemma="zeudela" pos="X">zeudela</wf>
         <wf lemma="adierazi" pos="X">adierazi</wf>
         <wf lemma="zuen" pos="X">zuen</wf>
         <wf lemma="atzo" pos="X">atzo</wf>
         <wf lemma="Hauteskunde" pos="X">Hauteskunde</wf>
         <wf lemma="Prozesuetako" pos="X">Prozesuetako</wf>
         <wf lemma="Bulego" pos="X">Bulego</wf>
         <wf lemma="Nazionalak" pos="X">Nazionalak</wf>
         <wf lemma="." pos="X">.</wf>
      </sentence>
      <sentence id="d000.s017" source="wordnet-basque">
         <wf lemma="Herri" pos="X">Herri</wf>
         <wf lemma="guztietan" pos="X">guztietan</wf>
         <wf lemma="etengabe" pos="X">etengabe</wf>
         <wf lemma="sortzen" pos="X">sortzen</wf>
         <wf lemma="dira" pos="X">dira</wf>
         <wf lemma="herri" pos="X">herri</wf>
         <instance id="d000.s017.t000" lemma="maila" pos="NOUN">mailako</instance>
         <wf lemma="ekimenak" pos="X">ekimenak</wf>
         <wf lemma=":" pos="X">:</wf>
         <wf lemma="sozialak" pos="X">sozialak</wf>
         <wf lemma="," pos="X">,</wf>
         <wf lemma="sindikalak" pos="X">sindikalak</wf>
         <wf lemma="," pos="X">,</wf>
         <wf lemma="politikoak" pos="X">politikoak</wf>
         <wf lemma="..." pos="X">...</wf>
      </sentence>
      <sentence id="d000.s018" source="wordnet-basque">
         <wf lemma="baina" pos="X">baina</wf>
         <instance id="d000.s018.t000" lemma="oihu" pos="NOUN">oihu</instance>
         <wf lemma="egin" pos="X">egin</wf>
         <wf lemma="eta" pos="X">eta</wf>
         <wf lemma="barrena" pos="X">barrena</wf>
         <wf lemma="asaskatu" pos="X">asaskatu</wf>
         <wf lemma="nahi" pos="X">nahi</wf>
         <wf lemma="du" pos="X">du</wf>
         <wf lemma="." pos="X">.</wf>
      </sentence>
      <sentence id="d000.s019" source="wordnet-basque">
         <wf lemma="aitortzen" pos="X">aitortzen</wf>
         <wf lemma="dute" pos="X">dute</wf>
         <wf lemma="lan" pos="X">lan</wf>
         <wf lemma="zaila" pos="X">zaila</wf>
         <wf lemma="dela" pos="X">dela</wf>
         <wf lemma="bien" pos="X">bien</wf>
         <wf lemma="elgarri" pos="X">elgarri</wf>
         <wf lemma="egokitzea" pos="X">egokitzea</wf>
         <wf lemma="," pos="X">,</wf>
         <wf lemma="zeren" pos="X">zeren</wf>
         <wf lemma="batzutan" pos="X">batzutan</wf>
         <instance id="d000.s019.t000" lemma="protesta" pos="NOUN">protestak</instance>
         <wf lemma="entzuten" pos="X">entzuten</wf>
         <wf lemma="dituzte" pos="X">dituzte</wf>
         <wf lemma="." pos="X">.</wf>
      </sentence>
      <sentence id="d000.s020" source="wordnet-basque">
         <wf lemma="borrokaldian" pos="X">borrokaldian</wf>
         <wf lemma="diren" pos="X">diren</wf>
         <wf lemma="arrantzale" pos="X">arrantzale</wf>
         <wf lemma="," pos="X">,</wf>
         <wf lemma="nekazari" pos="X">nekazari</wf>
         <wf lemma="eta" pos="X">eta</wf>
         <wf lemma="garraiolariei" pos="X">garraiolariei</wf>
         <instance id="d000.s020.t000" lemma="elkartasun" pos="NOUN">elkartasuna</instance>
         <wf lemma="adierazi" pos="X">adierazi</wf>
         <wf lemma="diete" pos="X">diete</wf>
         <wf lemma="EHko" pos="X">EHko</wf>
         <wf lemma="buruzagiek" pos="X">buruzagiek</wf>
         <wf lemma="." pos="X">.</wf>
      </sentence>
      <sentence id="d000.s021" source="wordnet-basque">
         <wf lemma="makina" pos="X">makina</wf>
         <wf lemma="bat" pos="X">bat</wf>
         <wf lemma="kazetari" pos="X">kazetari</wf>
         <wf lemma="bildu" pos="X">bildu</wf>
         <wf lemma="ziren" pos="X">ziren</wf>
         <wf lemma="Gorte" pos="X">Gorte</wf>
         <wf lemma="Gorenaren" pos="X">Gorenaren</wf>
         <instance id="d000.s021.t000" lemma="egoitza" pos="NOUN">egoitzaren</instance>
         <wf lemma="kanpoaldean" pos="X">kanpoaldean</wf>
         <wf lemma="." pos="X">.</wf>
      </sentence>
      <sentence id="d000.s022" source="wordnet-basque">
         <wf lemma="belgiar" pos="X">belgiar</wf>
         <wf lemma="guztiak" pos="X">guztiak</wf>
         <wf lemma="berdinak" pos="X">berdinak</wf>
         <wf lemma="dira" pos="X">dira</wf>
         <wf lemma="legez" pos="X">legez</wf>
         <wf lemma="eta" pos="X">eta</wf>
         <wf lemma="haiek" pos="X">haiek</wf>
         <wf lemma="baino" pos="X">baino</wf>
         <wf lemma="ez" pos="X">ez</wf>
         <wf lemma="dira" pos="X">dira</wf>
         <wf lemma="onartuko" pos="X">onartuko</wf>
         <wf lemma="kargu" pos="X">kargu</wf>
         <wf lemma="zibilak" pos="X">zibilak</wf>
         <wf lemma="eta" pos="X">eta</wf>
         <wf lemma="militarrak" pos="X">militarrak</wf>
         <wf lemma="betetzeko" pos="X">betetzeko</wf>
         <wf lemma="," pos="X">,</wf>
         <wf lemma="legez" pos="X">legez</wf>
         <wf lemma="berariazko" pos="X">berariazko</wf>
         <instance id="d000.s022.t000" lemma="kasu" pos="NOUN">kasuetarako</instance>
         <wf lemma="ezartzen" pos="X">ezartzen</wf>
         <wf lemma="diren" pos="X">diren</wf>
         <wf lemma="salbuespenak" pos="X">salbuespenak</wf>
         <wf lemma="salbuespen" pos="X">salbuespen</wf>
         <wf lemma="." pos="X">.</wf>
      </sentence>
      <sentence id="d000.s023" source="wordnet-basque">
         <wf lemma="kontsulta" pos="X">kontsulta</wf>
         <wf lemma="liburuetan" pos="X">liburuetan</wf>
         <instance id="d000.s023.t000" lemma="informazio" pos="NOUN">informazioa</instance>
         <wf lemma="jaso" pos="X">jaso</wf>
         <wf lemma="eta" pos="X">eta</wf>
         <wf lemma="eztabaida" pos="X">eztabaida</wf>
         <wf lemma="ezazue" pos="X">ezazue</wf>
         <wf lemma="." pos="X">.</wf>
      </sentence>
      <sentence id="d000.s024" source="wordnet-basque">
         <wf lemma="Jose" pos="X">Jose</wf>
         <wf lemma="Inazio" pos="X">Inazio</wf>
         <wf lemma="mutiko" pos="X">mutiko</wf>
         <wf lemma="bizkor" pos="X">bizkor</wf>
         <wf lemma="bihurri" pos="X">bihurri</wf>
         <wf lemma="eta" pos="X">eta</wf>
         <instance id="d000.s024.t000" lemma="ekimen" pos="NOUN">ekimen</instance>
         <wf lemma="handikoa" pos="X">handikoa</wf>
         <wf lemma="zetorren" pos="X">zetorren</wf>
         <wf lemma="." pos="X">.</wf>
      </sentence>
      <sentence id="d000.s025" source="wordnet-basque">
         <wf lemma="jalkitako" pos="X">jalkitako</wf>
         <wf lemma="material" pos="X">material</wf>
         <wf lemma="horiekin" pos="X">horiekin</wf>
         <wf lemma="batera" pos="X">batera</wf>
         <wf lemma="arro" pos="X">arro</wf>
         <wf lemma="edo" pos="X">edo</wf>
         <wf lemma="haran" pos="X">haran</wf>
         <wf lemma="sedimentarioetan" pos="X">sedimentarioetan</wf>
         <wf lemma="bizitako" pos="X">bizitako</wf>
         <instance id="d000.s025.t000" lemma="animalia" pos="NOUN">animalia</instance>
         <wf lemma="eta" pos="X">eta</wf>
         <wf lemma="landare" pos="X">landare</wf>
         <wf lemma="batzuen" pos="X">batzuen</wf>
         <wf lemma="hondarrak" pos="X">hondarrak</wf>
         <wf lemma="pilatzen" pos="X">pilatzen</wf>
         <wf lemma="dira" pos="X">dira</wf>
         <wf lemma="," pos="X">,</wf>
         <wf lemma="harri" pos="X">harri</wf>
         <wf lemma="bereziak" pos="X">bereziak</wf>
         <wf lemma="sortaraziz" pos="X">sortaraziz</wf>
         <wf lemma="." pos="X">.</wf>
      </sentence>
      <sentence id="d000.s026" source="wordnet-basque">
         <wf lemma="Lopez" pos="X">Lopez</wf>
         <wf lemma="de" pos="X">de</wf>
         <wf lemma="Muniain" pos="X">Muniain</wf>
         <wf lemma="," pos="X">,</wf>
         <wf lemma="Mikel" pos="X">Mikel</wf>
         <wf lemma="Artetxe" pos="X">Artetxe</wf>
         <wf lemma="eta" pos="X">eta</wf>
         <wf lemma="Mikel" pos="X">Mikel</wf>
         <wf lemma="Pradera" pos="X">Pradera</wf>
         <instance id="d000.s026.t000" lemma="sasoi" pos="NOUN">sasoi</instance>
         <wf lemma="betean" pos="X">betean</wf>
         <wf lemma="daude" pos="X">daude</wf>
         <wf lemma="." pos="X">.</wf>
      </sentence>
      <sentence id="d000.s027" source="wordnet-basque">
         <instance id="d000.s027.t000" lemma="langile" pos="NOUN">langileen</instance>
         <wf lemma="indar" pos="X">indar</wf>
         <wf lemma="abertzale" pos="X">abertzale</wf>
         <wf lemma="gisa" pos="X">gisa</wf>
         <wf lemma="dituen" pos="X">dituen</wf>
         <wf lemma="helburuak" pos="X">helburuak</wf>
         <wf lemma="indartuko" pos="X">indartuko</wf>
         <wf lemma="ditu" pos="X">ditu</wf>
         <wf lemma="sindikatuak" pos="X">sindikatuak</wf>
         <wf lemma="." pos="X">.</wf>
      </sentence>
      <sentence id="d000.s028" source="wordnet-basque">
         <wf lemma="Pirinio" pos="X">Pirinio</wf>
         <wf lemma="Atlantikoetako" pos="X">Atlantikoetako</wf>
         <wf lemma="RPR" pos="X">RPR</wf>
         <wf lemma="alderdiko" pos="X">alderdiko</wf>
         <wf lemma="buruek" pos="X">buruek</wf>
         <wf lemma="," pos="X">,</wf>
         <instance id="d000.s028.t000" lemma="ostegun" pos="NOUN">ostegunean</instance>
         <wf lemma="Uztaritzen" pos="X">Uztaritzen</wf>
         <wf lemma="egin" pos="X">egin</wf>
         <wf lemma="zuten" pos="X">zuten</wf>
         <wf lemma="bilkura" pos="X">bilkura</wf>
         <wf lemma="." pos="X">.</wf>
      </sentence>
      <sentence id="d000.s029" source="wordnet-basque">
         <wf lemma="herrietan" pos="X">herrietan</wf>
         <wf lemma="ere" pos="X">ere</wf>
         <wf lemma="izan" pos="X">izan</wf>
         <wf lemma="zuen" pos="X">zuen</wf>
         <wf lemma="bere" pos="X">bere</wf>
         <wf lemma="isla" pos="X">isla</wf>
         <wf lemma=":" pos="X">:</wf>
         <wf lemma="Sopelan" pos="X">Sopelan</wf>
         <wf lemma="errepresaliatuen" pos="X">errepresaliatuen</wf>
         <wf lemma="eguna" pos="X">eguna</wf>
         <wf lemma="ospatu" pos="X">ospatu</wf>
         <wf lemma="zuten" pos="X">zuten</wf>
         <wf lemma="," pos="X">,</wf>
         <wf lemma="eta" pos="X">eta</wf>
         <wf lemma="Zaldibin" pos="X">Zaldibin</wf>
         <wf lemma="," pos="X">,</wf>
         <wf lemma="Hernanin" pos="X">Hernanin</wf>
         <wf lemma="eta" pos="X">eta</wf>
         <wf lemma="Ordizian" pos="X">Ordizian</wf>
         <wf lemma="," pos="X">,</wf>
         <instance id="d000.s029.t000" lemma="bilkura" pos="NOUN">bilkurak</instance>
         <wf lemma="eta" pos="X">eta</wf>
         <wf lemma="giza" pos="X">giza</wf>
         <wf lemma="kateak" pos="X">kateak</wf>
         <wf lemma="egin" pos="X">egin</wf>
         <wf lemma="zituzten" pos="X">zituzten</wf>
         <wf lemma="." pos="X">.</wf>
      </sentence>
      <sentence id="d000.s030" source="wordnet-basque">
         <wf lemma="aurtengo" pos="X">aurtengo</wf>
         <wf lemma="aurrekontuetako" pos="X">aurrekontuetako</wf>
         <wf lemma="Udalbiltzarentzako" pos="X">Udalbiltzarentzako</wf>
         <instance id="d000.s030.t000" lemma="partida" pos="NOUN">partidak</instance>
         <wf lemma="izoztuta" pos="X">izoztuta</wf>
         <wf lemma="daude" pos="X">daude</wf>
         <wf lemma="." pos="X">.</wf>
      </sentence>
      <sentence id="d000.s031" source="wordnet-basque">
         <wf lemma="konpetentziarenarekin" pos="X">konpetentziarenarekin</wf>
         <wf lemma="nahastu" pos="X">nahastu</wf>
         <wf lemma="ez" pos="X">ez</wf>
         <wf lemma="dezaten" pos="X">dezaten</wf>
         <wf lemma="," pos="X">,</wf>
         <instance id="d000.s031.t000" lemma="seinale" pos="NOUN">seinale</instance>
         <wf lemma="bereizlea" pos="X">bereizlea</wf>
         <wf lemma="duen" pos="X">duen</wf>
         <wf lemma="arraina" pos="X">arraina</wf>
         <wf lemma="." pos="X">.</wf>
      </sentence>
      <sentence id="d000.s032" source="wordnet-basque">
         <wf lemma="azterketaren" pos="X">azterketaren</wf>
         <wf lemma="idatzizko" pos="X">idatzizko</wf>
         <instance id="d000.s032.t000" lemma="atal" pos="NOUN">atala</instance>
         <wf lemma="." pos="X">.</wf>
      </sentence>
      <sentence id="d000.s033" source="wordnet-basque">
         <wf lemma="Urovestir" pos="X">Urovestir</wf>
         <wf lemma="lantegiko" pos="X">lantegiko</wf>
         <wf lemma="hainbat" pos="X">hainbat</wf>
         <wf lemma="beharginek" pos="X">beharginek</wf>
         <wf lemma="Nafarroako" pos="X">Nafarroako</wf>
         <instance id="d000.s033.t000" lemma="diputazio" pos="NOUN">Diputazioko</instance>
         <wf lemma="atera" pos="X">atera</wf>
         <wf lemma="kateatu" pos="X">kateatu</wf>
         <wf lemma="zuten" pos="X">zuten</wf>
         <wf lemma="atzo" pos="X">atzo</wf>
         <wf lemma="euren" pos="X">euren</wf>
         <wf lemma="burua" pos="X">burua</wf>
         <wf lemma="." pos="X">.</wf>
      </sentence>
      <sentence id="d000.s034" source="wordnet-basque">
         <wf lemma="Gloria" pos="X">Gloria</wf>
         <wf lemma="Castresana" pos="X">Castresana</wf>
         <wf lemma="Waid" pos="X">Waid</wf>
         <wf lemma="du" pos="X">du</wf>
         <wf lemma="buru" pos="X">buru</wf>
         <wf lemma="lehenengo" pos="X">lehenengo</wf>
         <wf lemma="erakundeak" pos="X">erakundeak</wf>
         <wf lemma="eta" pos="X">eta</wf>
         <instance id="d000.s034.t000" lemma="kultura" pos="NOUN">kultura</instance>
         <wf lemma="du" pos="X">du</wf>
         <wf lemma="lan" pos="X">lan</wf>
         <wf lemma="esparru" pos="X">esparru</wf>
         <wf lemma="." pos="X">.</wf>
      </sentence>
      <sentence id="d000.s035" source="wordnet-basque">
         <wf lemma="izendapena" pos="X">izendapena</wf>
         <wf lemma="urte" pos="X">urte</wf>
         <wf lemma="honetako" pos="X">honetako</wf>
         <instance id="d000.s035.t000" lemma="abuztu" pos="NOUN">abuztuaren</instance>
         <wf lemma="zortzian" pos="X">zortzian</wf>
         <wf lemma="jaso" pos="X">jaso</wf>
         <wf lemma="zuen" pos="X">zuen</wf>
         <wf lemma="," pos="X">,</wf>
         <wf lemma="eta" pos="X">eta</wf>
         <wf lemma="urriaren" pos="X">urriaren</wf>
         <wf lemma="batean" pos="X">batean</wf>
         <wf lemma="abiatu" pos="X">abiatu</wf>
         <wf lemma="zen" pos="X">zen</wf>
         <wf lemma="Erromara" pos="X">Erromara</wf>
         <wf lemma="." pos="X">.</wf>
      </sentence>
      <sentence id="d000.s036" source="wordnet-basque">
         <wf lemma="euroaren" pos="X">euroaren</wf>
         <wf lemma="eremuko" pos="X">eremuko</wf>
         <wf lemma="inflazioa" pos="X">inflazioa</wf>
         <wf lemma="kontrolpean" pos="X">kontrolpean</wf>
         <wf lemma="dagoela" pos="X">dagoela</wf>
         <wf lemma="," pos="X">,</wf>
         <wf lemma="ez" pos="X">ez</wf>
         <wf lemma="dirudi" pos="X">dirudi</wf>
         <wf lemma="EBZk" pos="X">EBZk</wf>
         <instance id="d000.s036.t000" lemma="interes" pos="NOUN">interes</instance>
         <wf lemma="igoerarik" pos="X">igoerarik</wf>
         <wf lemma="erabakiko" pos="X">erabakiko</wf>
         <wf lemma="duenik" pos="X">duenik</wf>
         <wf lemma="." pos="X">.</wf>
      </sentence>
      <sentence id="d000.s037" source="wordnet-basque">
         <wf lemma="ni" pos="X">ni</wf>
         <wf lemma="naiz" pos="X">naiz</wf>
         <instance id="d000.s037.t000" lemma="esku" pos="NOUN">esku</instance>
         <wf lemma="." pos="X">.</wf>
      </sentence>
      <sentence id="d000.s038" source="wordnet-basque">
         <wf lemma="beste" pos="X">beste</wf>
         <wf lemma="aldean" pos="X">aldean</wf>
         <wf lemma="daudenen" pos="X">daudenen</wf>
         <wf lemma="aurkako" pos="X">aurkako</wf>
         <instance id="d000.s038.t000" lemma="indarkeria" pos="NOUN">indarkeria</instance>
         <wf lemma="legearen" pos="X">legearen</wf>
         <wf lemma="babesean" pos="X">babesean</wf>
         <wf lemma="egiten" pos="X">egiten</wf>
         <wf lemma="da" pos="X">da</wf>
         <wf lemma="," pos="X">,</wf>
         <wf lemma="demokraziaren" pos="X">demokraziaren</wf>
         <wf lemma="izenean" pos="X">izenean</wf>
         <wf lemma="." pos="X">.</wf>
      </sentence>
      <sentence id="d000.s039" source="wordnet-basque">
         <wf lemma="marinelen" pos="X">marinelen</wf>
         <wf lemma="parranda" pos="X">parranda</wf>
         <wf lemma="batetik" pos="X">batetik</wf>
         <wf lemma="etxeratu" pos="X">etxeratu</wf>
         <wf lemma="zenean" pos="X">zenean</wf>
         <wf lemma="," pos="X">,</wf>
         <instance id="d000.s039.t000" lemma="pizti" pos="NOUN">piztia</instance>
         <wf lemma="bere" pos="X">bere</wf>
         <wf lemma="logelan" pos="X">logelan</wf>
         <wf lemma="aurkitu" pos="X">aurkitu</wf>
         <wf lemma="zuen" pos="X">zuen</wf>
         <wf lemma="." pos="X">.</wf>
      </sentence>
      <sentence id="d000.s040" source="wordnet-basque">
         <wf lemma="haren" pos="X">haren</wf>
         <wf lemma="konklusioa" pos="X">konklusioa</wf>
         <wf lemma="zen" pos="X">zen</wf>
         <wf lemma="eskatutako" pos="X">eskatutako</wf>
         <wf lemma="bereizketak" pos="X">bereizketak</wf>
         <wf lemma="kalte" pos="X">kalte</wf>
         <wf lemma="nabaria" pos="X">nabaria</wf>
         <wf lemma="egingo" pos="X">egingo</wf>
         <wf lemma="liokeela" pos="X">liokeela</wf>
         <instance id="d000.s040.t000" lemma="udalerri" pos="NOUN">udalerriari</instance>
         <wf lemma="." pos="X">.</wf>
      </sentence>
      <sentence id="d000.s041" source="wordnet-basque">
         <wf lemma="atzo" pos="X">atzo</wf>
         <wf lemma="arratsaldean" pos="X">arratsaldean</wf>
         <wf lemma="Osasunak" pos="X">Osasunak</wf>
         <instance id="d000.s041.t000" lemma="ohar" pos="NOUN">ohar</instance>
         <wf lemma="bat" pos="X">bat</wf>
         <wf lemma="plazaratu" pos="X">plazaratu</wf>
         <wf lemma="zuen" pos="X">zuen</wf>
         <wf lemma="zaleei" pos="X">zaleei</wf>
         <wf lemma="lasaitasuna" pos="X">lasaitasuna</wf>
         <wf lemma="eskatuz" pos="X">eskatuz</wf>
         <wf lemma="." pos="X">.</wf>
      </sentence>
      <sentence id="d000.s042" source="wordnet-basque">
         <wf lemma="den" pos="X">den</wf>
         <wf lemma="norbait" pos="X">norbait</wf>
         <wf lemma="galtzea" pos="X">galtzea</wf>
         <instance id="d000.s042.t000" lemma="heriotza" pos="NOUN">heriotza</instance>
         <wf lemma="Felix" pos="X">Felix</wf>
         <wf lemma="Iñurrategiren" pos="X">Iñurrategiren</wf>
         <wf lemma="heriotza" pos="X">heriotza</wf>
         <wf lemma="duela" pos="X">duela</wf>
         <wf lemma="lauzpabost" pos="X">lauzpabost</wf>
         <wf lemma="egun" pos="X">egun</wf>
         <wf lemma="bakarrik" pos="X">bakarrik</wf>
         <wf lemma="gertatu" pos="X">gertatu</wf>
         <wf lemma="zen" pos="X">zen</wf>
         <wf lemma="," pos="X">,</wf>
         <wf lemma="eta" pos="X">eta</wf>
         <wf lemma="Albertok" pos="X">Albertok</wf>
         <wf lemma="oraindik" pos="X">oraindik</wf>
         <wf lemma="tarte" pos="X">tarte</wf>
         <wf lemma="luzea" pos="X">luzea</wf>
         <wf lemma="beharko" pos="X">beharko</wf>
         <wf lemma="duelako" pos="X">duelako</wf>
         <wf lemma="betidanik" pos="X">betidanik</wf>
         <wf lemma="alboan" pos="X">alboan</wf>
         <wf lemma="izan" pos="X">izan</wf>
         <wf lemma="duen" pos="X">duen</wf>
         <wf lemma="anaiaren" pos="X">anaiaren</wf>
         <wf lemma="hutsuneaz" pos="X">hutsuneaz</wf>
         <wf lemma="jabetzeko" pos="X">jabetzeko</wf>
         <wf lemma="." pos="X">.</wf>
      </sentence>
      <sentence id="d000.s043" source="wordnet-basque">
         <wf lemma="AABek" pos="X">AABek</wf>
         <wf lemma="Valdemoron" pos="X">Valdemoron</wf>
         <instance id="d000.s043.t000" lemma="espetxe" pos="NOUN">espetxe</instance>
         <wf lemma="barruko" pos="X">barruko</wf>
         <wf lemma="errepresioa" pos="X">errepresioa</wf>
         <wf lemma="areagotzen" pos="X">areagotzen</wf>
         <wf lemma="ari" pos="X">ari</wf>
         <wf lemma="dela" pos="X">dela</wf>
         <wf lemma="salatu" pos="X">salatu</wf>
         <wf lemma="dute" pos="X">dute</wf>
         <wf lemma="." pos="X">.</wf>
      </sentence>
      <sentence id="d000.s044" source="wordnet-basque">
         <wf lemma="zubiak" pos="X">zubiak</wf>
         <wf lemma="hiru" pos="X">hiru</wf>
         <instance id="d000.s044.t000" lemma="begi" pos="NOUN">begi</instance>
         <wf lemma="desberdin" pos="X">desberdin</wf>
         <wf lemma="ditu" pos="X">ditu</wf>
         <wf lemma=":" pos="X">:</wf>
         <wf lemma="ezkerraldeko" pos="X">ezkerraldeko</wf>
         <wf lemma="estriboan" pos="X">estriboan</wf>
         <wf lemma="bermatzen" pos="X">bermatzen</wf>
         <wf lemma="dena" pos="X">dena</wf>
         <wf lemma="2" pos="X">2</wf>
         <wf lemma="metro" pos="X">metro</wf>
         <wf lemma="argi" pos="X">argi</wf>
         <wf lemma="eskas" pos="X">eskas</wf>
         <wf lemma="duen" pos="X">duen</wf>
         <wf lemma="hustubide" pos="X">hustubide</wf>
         <wf lemma="bat" pos="X">bat</wf>
         <wf lemma="baizik" pos="X">baizik</wf>
         <wf lemma="ez" pos="X">ez</wf>
         <wf lemma="egiaz" pos="X">egiaz</wf>
         <wf lemma="." pos="X">.</wf>
      </sentence>
      <sentence id="d000.s045" source="wordnet-basque">
         <wf lemma="Sendoa" pos="X">Sendoa</wf>
         <wf lemma="argitaletxeak" pos="X">argitaletxeak</wf>
         <wf lemma="Hiriburuak" pos="X">Hiriburuak</wf>
         <wf lemma="." pos="X">.</wf>
         <wf lemma="Donostia" pos="X">Donostia</wf>
         <wf lemma="liburua" pos="X">liburua</wf>
         <wf lemma="kaleratu" pos="X">kaleratu</wf>
         <wf lemma="zuen" pos="X">zuen</wf>
         <wf lemma="bost" pos="X">bost</wf>
         <wf lemma="liburuk" pos="X">liburuk</wf>
         <wf lemma="osatuko" pos="X">osatuko</wf>
         <wf lemma="duten" pos="X">duten</wf>
         <instance id="d000.s045.t000" lemma="sail" pos="NOUN">sailaren</instance>
         <wf lemma="lehen" pos="X">lehen</wf>
         <wf lemma="atal" pos="X">atal</wf>
         <wf lemma="bezala" pos="X">bezala</wf>
         <wf lemma="." pos="X">.</wf>
      </sentence>
      <sentence id="d000.s046" source="wordnet-basque">
         <wf lemma="gizarteratua" pos="X">gizarteratua</wf>
         <wf lemma="orain" pos="X">orain</wf>
         <wf lemma="berriz" pos="X">berriz</wf>
         <wf lemma="," pos="X">,</wf>
         <wf lemma="azkenik" pos="X">azkenik</wf>
         <wf lemma="," pos="X">,</wf>
         <wf lemma="lortu" pos="X">lortu</wf>
         <wf lemma="dut" pos="X">dut</wf>
         <instance id="d000.s046.t000" lemma="sistema" pos="NOUN">sistemaren</instance>
         <wf lemma="artalde" pos="X">artalde</wf>
         <wf lemma="horretan" pos="X">horretan</wf>
         <wf lemma="sartzea" pos="X">sartzea</wf>
         <wf lemma="." pos="X">.</wf>
      </sentence>
      <sentence id="d000.s047" source="wordnet-basque">
         <wf lemma="aurrez" pos="X">aurrez</wf>
         <wf lemma="ezagutzen" pos="X">ezagutzen</wf>
         <wf lemma="zuten" pos="X">zuten</wf>
         <instance id="d000.s047.t000" lemma="lantegi" pos="NOUN">lantegiari</instance>
         <wf lemma="lotu" pos="X">lotu</wf>
         <wf lemma="ziren" pos="X">ziren</wf>
         <wf lemma=":" pos="X">:</wf>
         <wf lemma="ardiari" pos="X">ardiari</wf>
         <wf lemma="," pos="X">,</wf>
         <wf lemma="alegia" pos="X">alegia</wf>
         <wf lemma="." pos="X">.</wf>
      </sentence>
      <sentence id="d000.s048" source="wordnet-basque">
         <wf lemma="Atarrabiako" pos="X">Atarrabiako</wf>
         <wf lemma="UPNko" pos="X">UPNko</wf>
         <wf lemma="zinegotzien" pos="X">zinegotzien</wf>
         <wf lemma="izenak" pos="X">izenak</wf>
         <wf lemma="eta" pos="X">eta</wf>
         <instance id="d000.s048.t000" lemma="telefono" pos="NOUN">telefonoak</instance>
         <wf lemma="ageri" pos="X">ageri</wf>
         <wf lemma="ziren" pos="X">ziren</wf>
         <wf lemma="paperak" pos="X">paperak</wf>
         <wf lemma="Haikak" pos="X">Haikak</wf>
         <wf lemma="sinatuak" pos="X">sinatuak</wf>
         <wf lemma="banatzea" pos="X">banatzea</wf>
         <wf lemma="leporatu" pos="X">leporatu</wf>
         <wf lemma="zitzaien" pos="X">zitzaien</wf>
         <wf lemma="." pos="X">.</wf>
      </sentence>
      <sentence id="d000.s049" source="wordnet-basque">
         <wf lemma="Espainiako" pos="X">Espainiako</wf>
         <wf lemma="gasolindegietako" pos="X">gasolindegietako</wf>
         <instance id="d000.s049.t000" lemma="patronal" pos="NOUN">patronalak</instance>
         <wf lemma="Europako" pos="X">Europako</wf>
         <wf lemma="Batzorderaino" pos="X">Batzorderaino</wf>
         <wf lemma="eraman" pos="X">eraman</wf>
         <wf lemma="nahi" pos="X">nahi</wf>
         <wf lemma="du" pos="X">du</wf>
         <wf lemma="denuntzia" pos="X">denuntzia</wf>
         <wf lemma="." pos="X">.</wf>
      </sentence>
      <sentence id="d000.s050" source="wordnet-basque">
         <wf lemma="Mikel" pos="X">Mikel</wf>
         <wf lemma="Goñik" pos="X">Goñik</wf>
         <wf lemma="atzo" pos="X">atzo</wf>
         <wf lemma="sakean" pos="X">sakean</wf>
         <wf lemma="asmatu" pos="X">asmatu</wf>
         <wf lemma="zuen" pos="X">zuen</wf>
         <wf lemma="bost" pos="X">bost</wf>
         <wf lemma="tanto" pos="X">tanto</wf>
         <wf lemma="eginez" pos="X">eginez</wf>
         <wf lemma="," pos="X">,</wf>
         <wf lemma="baina" pos="X">baina</wf>
         <instance id="d000.s050.t000" lemma="eskuin" pos="NOUN">eskuinarekin</instance>
         <wf lemma="ez" pos="X">ez</wf>
         <wf lemma="du" pos="X">du</wf>
         <wf lemma="lehen" pos="X">lehen</wf>
         <wf lemma="adina" pos="X">adina</wf>
         <wf lemma="gozatzen" pos="X">gozatzen</wf>
         <wf lemma="." pos="X">.</wf>
      </sentence>
      <sentence id="d000.s051" source="wordnet-basque">
         <wf lemma="batez" pos="X">batez</wf>
         <wf lemma="beste" pos="X">beste</wf>
         <wf lemma="," pos="X">,</wf>
         <wf lemma="diruaren" pos="X">diruaren</wf>
         <wf lemma="%20" pos="X">%20</wf>
         <wf lemma="beti" pos="X">beti</wf>
         <wf lemma="gelditzen" pos="X">gelditzen</wf>
         <wf lemma="da" pos="X">da</wf>
         <instance id="d000.s051.t000" lemma="kasino" pos="NOUN">kasinoaren</instance>
         <wf lemma="eskuetan" pos="X">eskuetan</wf>
         <wf lemma="." pos="X">.</wf>
      </sentence>
      <sentence id="d000.s052" source="wordnet-basque">
         <wf lemma="Getaria-Zarautz" pos="X">Getaria-Zarautz</wf>
         <wf lemma="igeriketa" pos="X">igeriketa</wf>
         <instance id="d000.s052.t000" lemma="proba" pos="NOUN">proba</instance>
         <wf lemma="zen" pos="X">zen</wf>
         <wf lemma="egun" pos="X">egun</wf>
         <wf lemma="horretan" pos="X">horretan</wf>
         <wf lemma="." pos="X">.</wf>
      </sentence>
      <sentence id="d000.s053" source="wordnet-basque">
         <wf lemma="sortu" pos="X">sortu</wf>
         <wf lemma="zen" pos="X">zen</wf>
         <instance id="d000.s053.t000" lemma="herri" pos="NOUN">herrira</instance>
         <wf lemma="itzuli" pos="X">itzuli</wf>
         <wf lemma="zen" pos="X">zen</wf>
         <wf lemma="." pos="X">.</wf>
      </sentence>
      <sentence id="d000.s054" source="wordnet-basque">
         <wf lemma="atzekaldean" pos="X">atzekaldean</wf>
         <wf lemma="lauko" pos="X">lauko</wf>
         <instance id="d000.s054.t000" lemma="lerro" pos="NOUN">lerroa</instance>
         <wf lemma="osatuko" pos="X">osatuko</wf>
         <wf lemma="dute" pos="X">dute</wf>
         <wf lemma="Garai" pos="X">Garai</wf>
         <wf lemma="," pos="X">,</wf>
         <wf lemma="Galdames" pos="X">Galdames</wf>
         <wf lemma="," pos="X">,</wf>
         <wf lemma="Matxon" pos="X">Matxon</wf>
         <wf lemma="eta" pos="X">eta</wf>
         <wf lemma="Gurrutxagak" pos="X">Gurrutxagak</wf>
         <wf lemma="." pos="X">.</wf>
      </sentence>
      <sentence id="d000.s055" source="wordnet-basque">
         <wf lemma="EBren" pos="X">EBren</wf>
         <wf lemma="zabaltze" pos="X">zabaltze</wf>
         <wf lemma="honek" pos="X">honek</wf>
         <wf lemma="arazo" pos="X">arazo</wf>
         <wf lemma="asko" pos="X">asko</wf>
         <wf lemma="konpontzera" pos="X">konpontzera</wf>
         <wf lemma="behartuko" pos="X">behartuko</wf>
         <wf lemma="du" pos="X">du</wf>
         <wf lemma="," pos="X">,</wf>
         <wf lemma="hala" pos="X">hala</wf>
         <wf lemma="nola" pos="X">nola</wf>
         <instance id="d000.s055.t000" lemma="ekonomia" pos="NOUN">ekonomi</instance>
         <wf lemma="moten" pos="X">moten</wf>
         <wf lemma="arteko" pos="X">arteko</wf>
         <wf lemma="egokitzapenak" pos="X">egokitzapenak</wf>
         <wf lemma="lortzera" pos="X">lortzera</wf>
         <wf lemma="." pos="X">.</wf>
      </sentence>
      <sentence id="d000.s056" source="wordnet-basque">
         <wf lemma="Ukraina" pos="X">Ukraina</wf>
         <wf lemma="bertako" pos="X">bertako</wf>
         <wf lemma="eta" pos="X">eta</wf>
         <wf lemma="atzerriko" pos="X">atzerriko</wf>
         <instance id="d000.s056.t000" lemma="aditu" pos="NOUN">adituek</instance>
         <wf lemma="diotenez" pos="X">diotenez</wf>
         <wf lemma="," pos="X">,</wf>
         <wf lemma="2.000-5.000" pos="X">2.000-5.000</wf>
         <wf lemma="milioi" pos="X">milioi</wf>
         <wf lemma="dolar" pos="X">dolar</wf>
         <wf lemma="bitartean" pos="X">bitartean</wf>
         <wf lemma="beharko" pos="X">beharko</wf>
         <wf lemma="dira" pos="X">dira</wf>
         <wf lemma="zentrala" pos="X">zentrala</wf>
         <wf lemma="ixteko" pos="X">ixteko</wf>
         <wf lemma="." pos="X">.</wf>
      </sentence>
      <sentence id="d000.s057" source="wordnet-basque">
         <wf lemma="bit" pos="X">bit</wf>
         <wf lemma="baino" pos="X">baino</wf>
         <wf lemma="gehiagoko" pos="X">gehiagoko</wf>
         <instance id="d000.s057.t000" lemma="hitz" pos="NOUN">hitzak</instance>
         <wf lemma="darabiltzate" pos="X">darabiltzate</wf>
         <wf lemma="ordenagailu" pos="X">ordenagailu</wf>
         <wf lemma="handiek" pos="X">handiek</wf>
         <wf lemma="." pos="X">.</wf>
      </sentence>
      <sentence id="d000.s058" source="wordnet-basque">
         <wf lemma="drogazaleak" pos="X">drogazaleak</wf>
         <wf lemma="zein" pos="X">zein</wf>
         <instance id="d000.s058.t000" lemma="adin" pos="NOUN">adinekoak</instance>
         <wf lemma="dira" pos="X">dira</wf>
         <wf lemma="?" pos="X">?</wf>
         <wf lemma="25" pos="X">25</wf>
         <wf lemma="urtetik" pos="X">urtetik</wf>
         <wf lemma="40ra" pos="X">40ra</wf>
         <wf lemma="bitartekoak" pos="X">bitartekoak</wf>
         <wf lemma="." pos="X">.</wf>
      </sentence>
      <sentence id="d000.s059" source="wordnet-basque">
         <wf lemma="Pinochetek" pos="X">Pinochetek</wf>
         <wf lemma="eskualde" pos="X">eskualde</wf>
         <wf lemma="honetako" pos="X">honetako</wf>
         <wf lemma="herriei" pos="X">herriei</wf>
         <wf lemma="egin" pos="X">egin</wf>
         <wf lemma="dien" pos="X">dien</wf>
         <instance id="d000.s059.t000" lemma="kalte" pos="NOUN">kalte</instance>
         <wf lemma="handia" pos="X">handia</wf>
         <wf lemma="modu" pos="X">modu</wf>
         <wf lemma="batean" pos="X">batean</wf>
         <wf lemma="konpontzen" pos="X">konpontzen</wf>
         <wf lemma="hasi" pos="X">hasi</wf>
         <wf lemma="da" pos="X">da</wf>
         <wf lemma="." pos="X">.</wf>
      </sentence>
      <sentence id="d000.s060" source="wordnet-basque">
         <instance id="d000.s060.t000" lemma="lan" pos="NOUN">lan</instance>
         <wf lemma="bila" pos="X">bila</wf>
         <wf lemma="dabil" pos="X">dabil</wf>
         <wf lemma="." pos="X">.</wf>
      </sentence>
      <sentence id="d000.s061" source="wordnet-basque">
         <instance id="d000.s061.t000" lemma="tentsio" pos="NOUN">tentsioa</instance>
         <wf lemma="eta" pos="X">eta</wf>
         <wf lemma="nerbioak" pos="X">nerbioak</wf>
         <wf lemma="uxatzeko" pos="X">uxatzeko</wf>
         <wf lemma="," pos="X">,</wf>
         <wf lemma="Oronozera" pos="X">Oronozera</wf>
         <wf lemma="joanen" pos="X">joanen</wf>
         <wf lemma="da" pos="X">da</wf>
         <wf lemma="gaur" pos="X">gaur</wf>
         <wf lemma="plantilla" pos="X">plantilla</wf>
         <wf lemma="igandera" pos="X">igandera</wf>
         <wf lemma="arte" pos="X">arte</wf>
         <wf lemma="." pos="X">.</wf>
      </sentence>
      <sentence id="d000.s062" source="wordnet-basque">
         <wf lemma="idazki" pos="X">idazki</wf>
         <wf lemma="pertsonaletan" pos="X">pertsonaletan</wf>
         <wf lemma="," pos="X">,</wf>
         <wf lemma="Batuaren" pos="X">Batuaren</wf>
         <instance id="d000.s062.t000" lemma="grafia" pos="NOUN">grafia</instance>
         <wf lemma="erabiltzen" pos="X">erabiltzen</wf>
         <wf lemma="dut" pos="X">dut</wf>
         <wf lemma="." pos="X">.</wf>
      </sentence>
      <sentence id="d000.s063" source="wordnet-basque">
         <wf lemma="testuak" pos="X">testuak</wf>
         <instance id="d000.s063.t000" lemma="gizabanako" pos="NOUN">gizabanako</instance>
         <wf lemma="eta" pos="X">eta</wf>
         <wf lemma="talde" pos="X">talde</wf>
         <wf lemma="desberdinek" pos="X">desberdinek</wf>
         <wf lemma="irakurtzen" pos="X">irakurtzen</wf>
         <wf lemma="edo" pos="X">edo</wf>
         <wf lemma="interpretatzen" pos="X">interpretatzen</wf>
         <wf lemma="dituzte" pos="X">dituzte</wf>
         <wf lemma="." pos="X">.</wf>
      </sentence>
      <sentence id="d000.s064" source="wordnet-basque">
         <wf lemma="ba" pos="X">ba</wf>
         <wf lemma="gu" pos="X">gu</wf>
         <wf lemma="ez" pos="X">ez</wf>
         <wf lemma="gara" pos="X">gara</wf>
         <wf lemma="joango" pos="X">joango</wf>
         <instance id="d000.s064.t000" lemma="aita" pos="NOUN">aitak</instance>
         <wf lemma="oporrak" pos="X">oporrak</wf>
         <wf lemma="hartu" pos="X">hartu</wf>
         <wf lemma="arte" pos="X">arte</wf>
         <wf lemma="-azaldu" pos="X">-azaldu</wf>
         <wf lemma="zuen" pos="X">zuen</wf>
         <wf lemma="Joanak-." pos="X">Joanak-.</wf>
      </sentence>
      <sentence id="d000.s065" source="wordnet-basque">
         <wf lemma="xakean" pos="X">xakean</wf>
         <wf lemma="edo" pos="X">edo</wf>
         <wf lemma="idazterakoan" pos="X">idazterakoan</wf>
         <wf lemma="egiten" pos="X">egiten</wf>
         <wf lemma="den" pos="X">den</wf>
         <wf lemma="bezala" pos="X">bezala</wf>
         <wf lemma="," pos="X">,</wf>
         <wf lemma="hainbat" pos="X">hainbat</wf>
         <wf lemma="ahalbideren" pos="X">ahalbideren</wf>
         <wf lemma="artean" pos="X">artean</wf>
         <instance id="d000.s065.t000" lemma="aukera" pos="NOUN">aukera</instance>
         <wf lemma="bat" pos="X">bat</wf>
         <wf lemma="egitean" pos="X">egitean</wf>
         <wf lemma="datza" pos="X">datza</wf>
         <wf lemma="." pos="X">.</wf>
      </sentence>
      <sentence id="d000.s066" source="wordnet-basque">
         <wf lemma="orain" pos="X">orain</wf>
         <wf lemma="ere" pos="X">ere</wf>
         <instance id="d000.s066.t000" lemma="erritmo" pos="NOUN">erritmo</instance>
         <wf lemma="asko" pos="X">asko</wf>
         <wf lemma="sartu" pos="X">sartu</wf>
         <wf lemma="dituzte" pos="X">dituzte</wf>
         <wf lemma="diskoan" pos="X">diskoan</wf>
         <wf lemma=":" pos="X">:</wf>
         <wf lemma="fandangoak" pos="X">fandangoak</wf>
         <wf lemma="," pos="X">,</wf>
         <wf lemma="arin-arinak" pos="X">arin-arinak</wf>
         <wf lemma="," pos="X">,</wf>
         <wf lemma="porrusaldak" pos="X">porrusaldak</wf>
         <wf lemma="," pos="X">,</wf>
         <wf lemma="cumbia" pos="X">cumbia</wf>
         <wf lemma="," pos="X">,</wf>
         <wf lemma="texmex" pos="X">texmex</wf>
         <wf lemma="eta" pos="X">eta</wf>
         <wf lemma="reggae" pos="X">reggae</wf>
         <wf lemma="." pos="X">.</wf>
      </sentence>
      <sentence id="d000.s067" source="wordnet-basque">
         <wf lemma="ikasgai" pos="X">ikasgai</wf>
         <wf lemma="humanistak" pos="X">humanistak</wf>
         <wf lemma="etika" pos="X">etika</wf>
         <wf lemma="," pos="X">,</wf>
         <instance id="d000.s067.t000" lemma="historia" pos="NOUN">historia</instance>
         <wf lemma="," pos="X">,</wf>
         <wf lemma="erretorika" pos="X">erretorika</wf>
         <wf lemma="eta" pos="X">eta</wf>
         <wf lemma="poesia" pos="X">poesia</wf>
         <wf lemma="ziren" pos="X">ziren</wf>
         <wf lemma="." pos="X">.</wf>
      </sentence>
      <sentence id="d000.s068" source="wordnet-basque">
         <wf lemma="Ramon" pos="X">Ramon</wf>
         <wf lemma="Rabanera" pos="X">Rabanera</wf>
         <wf lemma="Arabako" pos="X">Arabako</wf>
         <instance id="d000.s068.t000" lemma="diputatu" pos="NOUN">diputatu</instance>
         <wf lemma="nagusiak" pos="X">nagusiak</wf>
         <wf lemma="," pos="X">,</wf>
         <wf lemma="bestalde" pos="X">bestalde</wf>
         <wf lemma="," pos="X">,</wf>
         <wf lemma="adierazi" pos="X">adierazi</wf>
         <wf lemma="du" pos="X">du</wf>
         <wf lemma="eskatu" pos="X">eskatu</wf>
         <wf lemma="duela" pos="X">duela</wf>
         <wf lemma="lantalde" pos="X">lantalde</wf>
         <wf lemma="teknikoa" pos="X">teknikoa</wf>
         <wf lemma="berriro" pos="X">berriro</wf>
         <wf lemma="biltzeko" pos="X">biltzeko</wf>
         <wf lemma="." pos="X">.</wf>
      </sentence>
      <sentence id="d000.s069" source="wordnet-basque">
         <instance id="d000.s069.t000" lemma="demokrazia" pos="NOUN">demokraziaren</instance>
         <wf lemma="kontzeptu" pos="X">kontzeptu</wf>
         <wf lemma="sakon" pos="X">sakon</wf>
         <wf lemma="horrekin" pos="X">horrekin</wf>
         <wf lemma="segituz" pos="X">segituz</wf>
         <wf lemma="1996an" pos="X">1996an</wf>
         <wf lemma="San" pos="X">San</wf>
         <wf lemma="Andresen" pos="X">Andresen</wf>
         <wf lemma="lortutako" pos="X">lortutako</wf>
         <wf lemma="akordioa" pos="X">akordioa</wf>
         <wf lemma="bete" pos="X">bete</wf>
         <wf lemma="beharko" pos="X">beharko</wf>
         <wf lemma="lukete" pos="X">lukete</wf>
         <wf lemma="." pos="X">.</wf>
      </sentence>
      <sentence id="d000.s070" source="wordnet-basque">
         <wf lemma="ondoren" pos="X">ondoren</wf>
         <wf lemma="bakoitzak" pos="X">bakoitzak</wf>
         <wf lemma="bere" pos="X">bere</wf>
         <wf lemma="etxean" pos="X">etxean</wf>
         <instance id="d000.s070.t000" lemma="kontadore" pos="NOUN">kontadorea</instance>
         <wf lemma="duelarik" pos="X">duelarik</wf>
         <wf lemma="bere" pos="X">bere</wf>
         <wf lemma="kontsumoa" pos="X">kontsumoa</wf>
         <wf lemma="zein" pos="X">zein</wf>
         <wf lemma="den" pos="X">den</wf>
         <wf lemma="jakiteko" pos="X">jakiteko</wf>
         <wf lemma="." pos="X">.</wf>
      </sentence>
      <sentence id="d000.s071" source="wordnet-basque">
         <wf lemma="Gao" pos="X">Gao</wf>
         <wf lemma="eta" pos="X">eta</wf>
         <wf lemma="bere" pos="X">bere</wf>
         <instance id="d000.s071.t000" lemma="andre" pos="NOUN">andrea</instance>
         <wf lemma="diru" pos="X">diru</wf>
         <wf lemma="publikoaz" pos="X">publikoaz</wf>
         <wf lemma="jabetu" pos="X">jabetu</wf>
         <wf lemma="direlako" pos="X">direlako</wf>
         <wf lemma="bidali" pos="X">bidali</wf>
         <wf lemma="dute" pos="X">dute</wf>
         <wf lemma="postutik" pos="X">postutik</wf>
         <wf lemma="." pos="X">.</wf>
      </sentence>
      <sentence id="d000.s072" source="wordnet-basque">
         <wf lemma="Felix" pos="X">Felix</wf>
         <wf lemma="Iñurrategiren" pos="X">Iñurrategiren</wf>
         <wf lemma="omenezko" pos="X">omenezko</wf>
         <wf lemma="hileta" pos="X">hileta</wf>
         <wf lemma="elizkizunak" pos="X">elizkizunak</wf>
         <instance id="d000.s072.t000" lemma="arratsalde" pos="NOUN">arratsaldeko</instance>
         <wf lemma="7etan" pos="X">7etan</wf>
         <wf lemma="hasiko" pos="X">hasiko</wf>
         <wf lemma="dira" pos="X">dira</wf>
         <wf lemma="Jasokundeko" pos="X">Jasokundeko</wf>
         <wf lemma="elizan" pos="X">elizan</wf>
         <wf lemma="." pos="X">.</wf>
      </sentence>
      <sentence id="d000.s073" source="wordnet-basque">
         <wf lemma="imajina" pos="X">imajina</wf>
         <wf lemma="ezazue" pos="X">ezazue</wf>
         <wf lemma="ehun" pos="X">ehun</wf>
         <instance id="d000.s073.t000" lemma="kilo" pos="NOUN">kiloko</instance>
         <wf lemma="morrosko" pos="X">morrosko</wf>
         <wf lemma="bi" pos="X">bi</wf>
         <wf lemma="elkarri" pos="X">elkarri</wf>
         <wf lemma="lepoa" pos="X">lepoa</wf>
         <wf lemma="bihurritu" pos="X">bihurritu</wf>
         <wf lemma="nahian" pos="X">nahian</wf>
         <wf lemma="." pos="X">.</wf>
      </sentence>
      <sentence id="d000.s074" source="wordnet-basque">
         <wf lemma="lehen" pos="X">lehen</wf>
         <instance id="d000.s074.t000" lemma="maila" pos="NOUN">mailako</instance>
         <wf lemma="kapitainak" pos="X">kapitainak</wf>
         <wf lemma="Cesar" pos="X">Cesar</wf>
         <wf lemma="Palacios" pos="X">Palacios</wf>
         <wf lemma="eta" pos="X">eta</wf>
         <wf lemma="Jose" pos="X">Jose</wf>
         <wf lemma="Manuel" pos="X">Manuel</wf>
         <wf lemma="Yanguas" pos="X">Yanguas</wf>
         <wf lemma="kapitainek" pos="X">kapitainek</wf>
         <wf lemma="Osasunarekin" pos="X">Osasunarekin</wf>
         <wf lemma="ezagutu" pos="X">ezagutu</wf>
         <wf lemma="zuten" pos="X">zuten</wf>
         <wf lemma="Lehen" pos="X">Lehen</wf>
         <wf lemma="Maila" pos="X">Maila</wf>
         <wf lemma="," pos="X">,</wf>
         <wf lemma="jaitsi" pos="X">jaitsi</wf>
         <wf lemma="zen" pos="X">zen</wf>
         <wf lemma="urtean" pos="X">urtean</wf>
         <wf lemma="." pos="X">.</wf>
      </sentence>
      <sentence id="d000.s075" source="wordnet-basque">
         <wf lemma="Slobodan" pos="X">Slobodan</wf>
         <wf lemma="Milosevic" pos="X">Milosevic</wf>
         <wf lemma="Jugoslaviako" pos="X">Jugoslaviako</wf>
         <instance id="d000.s075.t000" lemma="lehendakari" pos="NOUN">lehendakariaren</instance>
         <wf lemma="aurkako" pos="X">aurkako</wf>
         <wf lemma="protestaldiak" pos="X">protestaldiak</wf>
         <wf lemma="egin" pos="X">egin</wf>
         <wf lemma="ziren" pos="X">ziren</wf>
         <wf lemma="Jugoslaviako" pos="X">Jugoslaviako</wf>
         <wf lemma="hirian" pos="X">hirian</wf>
         <wf lemma="." pos="X">.</wf>
      </sentence>
      <sentence id="d000.s076" source="wordnet-basque">
         <wf lemma="Egiptologiako" pos="X">Egiptologiako</wf>
         <wf lemma="munduko" pos="X">munduko</wf>
         <instance id="d000.s076.t000" lemma="museo" pos="NOUN">museorik</instance>
         <wf lemma="handiena" pos="X">handiena</wf>
         <wf lemma="bertan" pos="X">bertan</wf>
         <wf lemma="dago" pos="X">dago</wf>
         <wf lemma=";" pos="X">;</wf>
         <wf lemma="100.000tik" pos="X">100.000tik</wf>
         <wf lemma="gora" pos="X">gora</wf>
         <wf lemma="objektu" pos="X">objektu</wf>
         <wf lemma="daude" pos="X">daude</wf>
         <wf lemma="ikusgai" pos="X">ikusgai</wf>
         <wf lemma="eta" pos="X">eta</wf>
         <wf lemma="askoz" pos="X">askoz</wf>
         <wf lemma="gehiago" pos="X">gehiago</wf>
         <wf lemma="daude" pos="X">daude</wf>
         <wf lemma="biltegietan" pos="X">biltegietan</wf>
         <wf lemma="." pos="X">.</wf>
      </sentence>
      <sentence id="d000.s077" source="wordnet-basque">
         <wf lemma="asteburu" pos="X">asteburu</wf>
         <wf lemma="oro" pos="X">oro</wf>
         <wf lemma="," pos="X">,</wf>
         <wf lemma="pastoralean" pos="X">pastoralean</wf>
         <instance id="d000.s077.t000" lemma="jokalari" pos="NOUN">jokalari</instance>
         <wf lemma="modura" pos="X">modura</wf>
         <wf lemma="jardungo" pos="X">jardungo</wf>
         <wf lemma="duten" pos="X">duten</wf>
         <wf lemma="70" pos="X">70</wf>
         <wf lemma="herritarrak" pos="X">herritarrak</wf>
         <wf lemma="biltzen" pos="X">biltzen</wf>
         <wf lemma="dira" pos="X">dira</wf>
         <wf lemma="." pos="X">.</wf>
      </sentence>
      <sentence id="d000.s078" source="wordnet-basque">
         <wf lemma="frontoian" pos="X">frontoian</wf>
         <wf lemma="," pos="X">,</wf>
         <wf lemma="inguruko" pos="X">inguruko</wf>
         <wf lemma="eserlekuetan" pos="X">eserlekuetan</wf>
         <wf lemma="daudenak" pos="X">daudenak</wf>
         <wf lemma="saltoka" pos="X">saltoka</wf>
         <wf lemma="eta" pos="X">eta</wf>
         <wf lemma="garrasika" pos="X">garrasika</wf>
         <wf lemma="ikusi" pos="X">ikusi</wf>
         <wf lemma="eta" pos="X">eta</wf>
         <wf lemma="nabaritzen" pos="X">nabaritzen</wf>
         <wf lemma="dituzunean" pos="X">dituzunean</wf>
         <wf lemma="," pos="X">,</wf>
         <wf lemma="egonezinak" pos="X">egonezinak</wf>
         <wf lemma="jota" pos="X">jota</wf>
         <wf lemma="," pos="X">,</wf>
         <wf lemma="kantxan" pos="X">kantxan</wf>
         <wf lemma="zerbait" pos="X">zerbait</wf>
         <wf lemma="handia" pos="X">handia</wf>
         <wf lemma="gertatzen" pos="X">gertatzen</wf>
         <wf lemma="ari" pos="X">ari</wf>
         <wf lemma="den" pos="X">den</wf>
         <instance id="d000.s078.t000" lemma="seinale" pos="NOUN">seinale</instance>
         <wf lemma="da" pos="X">da</wf>
         <wf lemma="." pos="X">.</wf>
      </sentence>
      <sentence id="d000.s079" source="wordnet-basque">
         <wf lemma="bere" pos="X">bere</wf>
         <wf lemma="barne" pos="X">barne</wf>
         <wf lemma="artista-gosearen" pos="X">artista-gosearen</wf>
         <wf lemma="gorabeherak" pos="X">gorabeherak</wf>
         <wf lemma="jasotzen" pos="X">jasotzen</wf>
         <wf lemma="ditu" pos="X">ditu</wf>
         <wf lemma="ia" pos="X">ia</wf>
         <wf lemma="egunero" pos="X">egunero</wf>
         <instance id="d000.s079.t000" lemma="egunkari" pos="NOUN">egunkari</instance>
         <wf lemma="ezkutu" pos="X">ezkutu</wf>
         <wf lemma="batean" pos="X">batean</wf>
         <wf lemma="." pos="X">.</wf>
      </sentence>
      <sentence id="d000.s080" source="wordnet-basque">
         <instance id="d000.s080.t000" lemma="etapa" pos="NOUN">etapa</instance>
         <wf lemma="berri" pos="X">berri</wf>
         <wf lemma="baten" pos="X">baten</wf>
         <wf lemma="aurrean" pos="X">aurrean</wf>
         <wf lemma="gaude" pos="X">gaude</wf>
         <wf lemma="eta" pos="X">eta</wf>
         <wf lemma="gogoratu" pos="X">gogoratu</wf>
         <wf lemma="behar" pos="X">behar</wf>
         <wf lemma="egin" pos="X">egin</wf>
         <wf lemma="dugu" pos="X">dugu</wf>
         <wf lemma="Luis" pos="X">Luis</wf>
         <wf lemma="Fernandezek" pos="X">Fernandezek</wf>
         <wf lemma="gurean" pos="X">gurean</wf>
         <wf lemma="egindako" pos="X">egindako</wf>
         <wf lemma="lana" pos="X">lana</wf>
         <wf lemma="." pos="X">.</wf>
      </sentence>
      <sentence id="d000.s081" source="wordnet-basque">
         <wf lemma="Gadidoen" pos="X">Gadidoen</wf>
         <instance id="d000.s081.t000" lemma="familia" pos="NOUN">familiako</instance>
         <wf lemma="itsas" pos="X">itsas</wf>
         <wf lemma="arrain" pos="X">arrain</wf>
         <wf lemma="osteiktiea" pos="X">osteiktiea</wf>
         <wf lemma="," pos="X">,</wf>
         <wf lemma="bakailaoaren" pos="X">bakailaoaren</wf>
         <wf lemma="antzekoa" pos="X">antzekoa</wf>
         <wf lemma="." pos="X">.</wf>
      </sentence>
      <sentence id="d000.s082" source="wordnet-basque">
         <wf lemma="ez" pos="X">ez</wf>
         <instance id="d000.s082.t000" lemma="maitasun" pos="NOUN">maitasuna</instance>
         <wf lemma="," pos="X">,</wf>
         <wf lemma="mundua" pos="X">mundua</wf>
         <wf lemma="dago" pos="X">dago</wf>
         <wf lemma="ukatu" pos="X">ukatu</wf>
         <wf lemma="beharra" pos="X">beharra</wf>
         <wf lemma="." pos="X">.</wf>
      </sentence>
      <sentence id="d000.s083" source="wordnet-basque">
         <wf lemma="pisukideak" pos="X">pisukideak</wf>
         <instance id="d000.s083.t000" lemma="bake" pos="NOUN">bakean</instance>
         <wf lemma="bizi" pos="X">bizi</wf>
         <wf lemma="dira" pos="X">dira</wf>
         <wf lemma="elkarrekin" pos="X">elkarrekin</wf>
         <wf lemma="." pos="X">.</wf>
      </sentence>
      <sentence id="d000.s084" source="wordnet-basque">
         <wf lemma="haren" pos="X">haren</wf>
         <instance id="d000.s084.t000" lemma="huts" pos="NOUN">hutsa</instance>
         <wf lemma="ez" pos="X">ez</wf>
         <wf lemma="zen" pos="X">zen</wf>
         <wf lemma="izan" pos="X">izan</wf>
         <wf lemma="ardurak" pos="X">ardurak</wf>
         <wf lemma="onartzea" pos="X">onartzea</wf>
         <wf lemma="," pos="X">,</wf>
         <wf lemma="ezpada" pos="X">ezpada</wf>
         <wf lemma="balio" pos="X">balio</wf>
         <wf lemma="bereko" pos="X">bereko</wf>
         <wf lemma="eskubideak" pos="X">eskubideak</wf>
         <wf lemma="ez" pos="X">ez</wf>
         <wf lemma="eskatzea" pos="X">eskatzea</wf>
         <wf lemma="." pos="X">.</wf>
      </sentence>
      <sentence id="d000.s085" source="wordnet-basque">
         <wf lemma="Montenegron" pos="X">Montenegron</wf>
         <wf lemma="bertan" pos="X">bertan</wf>
         <wf lemma="ere" pos="X">ere</wf>
         <wf lemma="tentsio" pos="X">tentsio</wf>
         <wf lemma="handiko" pos="X">handiko</wf>
         <instance id="d000.s085.t000" lemma="giro" pos="NOUN">giroa</instance>
         <wf lemma="dago" pos="X">dago</wf>
         <wf lemma="," pos="X">,</wf>
         <wf lemma="eta" pos="X">eta</wf>
         <wf lemma="asteazkeneko" pos="X">asteazkeneko</wf>
         <wf lemma="hilketak" pos="X">hilketak</wf>
         <wf lemma="egoera" pos="X">egoera</wf>
         <wf lemma="okertu" pos="X">okertu</wf>
         <wf lemma="besterik" pos="X">besterik</wf>
         <wf lemma="ezin" pos="X">ezin</wf>
         <wf lemma="du" pos="X">du</wf>
         <wf lemma="egin" pos="X">egin</wf>
         <wf lemma="." pos="X">.</wf>
      </sentence>
      <sentence id="d000.s086" source="wordnet-basque">
         <instance id="d000.s086.t000" lemma="ur" pos="NOUN">ur</instance>
         <wf lemma="basatiek" pos="X">basatiek</wf>
         <wf lemma="beldurtzen" pos="X">beldurtzen</wf>
         <wf lemma="naute" pos="X">naute</wf>
         <wf lemma="gehienetan" pos="X">gehienetan</wf>
         <wf lemma="." pos="X">.</wf>
      </sentence>
      <sentence id="d000.s087" source="wordnet-basque">
         <wf lemma="leku-izenak" pos="X">leku-izenak</wf>
         <wf lemma="adierazteko" pos="X">adierazteko</wf>
         <wf lemma="ga" pos="X">ga</wf>
         <wf lemma="hizkia" pos="X">hizkia</wf>
         <wf lemma="sartuko" pos="X">sartuko</wf>
         <wf lemma="litzateke" pos="X">litzateke</wf>
         <instance id="d000.s087.t000" lemma="kasu" pos="NOUN">kasu</instance>
         <wf lemma="markaren" pos="X">markaren</wf>
         <wf lemma="aurretik" pos="X">aurretik</wf>
         <wf lemma="." pos="X">.</wf>
      </sentence>
      <sentence id="d000.s088" source="wordnet-basque">
         <wf lemma="Barne" pos="X">Barne</wf>
         <instance id="d000.s088.t000" lemma="ministerio" pos="NOUN">Ministerioak</instance>
         <wf lemma="Ertzaintzari" pos="X">Ertzaintzari</wf>
         <wf lemma="informazioa" pos="X">informazioa</wf>
         <wf lemma="ezkutatu" pos="X">ezkutatu</wf>
         <wf lemma="dio" pos="X">dio</wf>
         <wf lemma="." pos="X">.</wf>
      </sentence>
      <sentence id="d000.s089" source="wordnet-basque">
         <wf lemma="halaxe" pos="X">halaxe</wf>
         <wf lemma="diote" pos="X">diote</wf>
         <instance id="d000.s089.t000" lemma="iturri" pos="NOUN">iturri</instance>
         <wf lemma="diplomatikoek" pos="X">diplomatikoek</wf>
         <wf lemma="." pos="X">.</wf>
      </sentence>
      <sentence id="d000.s090" source="wordnet-basque">
         <wf lemma="grebarako" pos="X">grebarako</wf>
         <instance id="d000.s090.t000" lemma="deialdi" pos="NOUN">deialdiarekin</instance>
         <wf lemma="batera" pos="X">batera</wf>
         <wf lemma="ordea" pos="X">ordea</wf>
         <wf lemma="," pos="X">,</wf>
         <wf lemma="oposizioak" pos="X">oposizioak</wf>
         <wf lemma="Errusiako" pos="X">Errusiako</wf>
         <wf lemma="presidente" pos="X">presidente</wf>
         <wf lemma="Putinek" pos="X">Putinek</wf>
         <wf lemma="eskaini" pos="X">eskaini</wf>
         <wf lemma="duen" pos="X">duen</wf>
         <wf lemma="Moskuren" pos="X">Moskuren</wf>
         <wf lemma="bitartekaritza" pos="X">bitartekaritza</wf>
         <wf lemma="lana" pos="X">lana</wf>
         <wf lemma="onartu" pos="X">onartu</wf>
         <wf lemma="du" pos="X">du</wf>
         <wf lemma="." pos="X">.</wf>
      </sentence>
      <sentence id="d000.s091" source="wordnet-basque">
         <wf lemma="Kostunicak" pos="X">Kostunicak</wf>
         <wf lemma="DOS" pos="X">DOS</wf>
         <wf lemma="alderdiko" pos="X">alderdiko</wf>
         <wf lemma="kideekin" pos="X">kideekin</wf>
         <wf lemma="aztertuko" pos="X">aztertuko</wf>
         <wf lemma="du" pos="X">du</wf>
         <wf lemma="Putinen" pos="X">Putinen</wf>
         <instance id="d000.s091.t000" lemma="eskaintza" pos="NOUN">eskaintza</instance>
         <wf lemma="." pos="X">.</wf>
      </sentence>
      <sentence id="d000.s092" source="wordnet-basque">
         <wf lemma="honela" pos="X">honela</wf>
         <wf lemma="jolasten" pos="X">jolasten</wf>
         <wf lemma="zen" pos="X">zen</wf>
         <wf lemma=":" pos="X">:</wf>
         <wf lemma="lehenengoak" pos="X">lehenengoak</wf>
         <wf lemma="," pos="X">,</wf>
         <instance id="d000.s092.t000" lemma="pilota" pos="NOUN">pelota</instance>
         <wf lemma="alde" pos="X">alde</wf>
         <wf lemma="batera" pos="X">batera</wf>
         <wf lemma="utziz" pos="X">utziz</wf>
         <wf lemma="," pos="X">,</wf>
         <wf lemma="tortolis" pos="X">tortolis</wf>
         <wf lemma="guztiak" pos="X">guztiak</wf>
         <wf lemma="esku" pos="X">esku</wf>
         <wf lemma="biekin" pos="X">biekin</wf>
         <wf lemma="hartu" pos="X">hartu</wf>
         <wf lemma="eta" pos="X">eta</wf>
         <wf lemma="bota" pos="X">bota</wf>
         <wf lemma="egiten" pos="X">egiten</wf>
         <wf lemma="zituen" pos="X">zituen</wf>
         <wf lemma="." pos="X">.</wf>
      </sentence>
      <sentence id="d000.s093" source="wordnet-basque">
         <wf lemma="lizunduak" pos="X">lizunduak</wf>
         <wf lemma="eta" pos="X">eta</wf>
         <instance id="d000.s093.t000" lemma="arratoi" pos="NOUN">arratoiek</instance>
         <wf lemma="janik" pos="X">janik</wf>
         <wf lemma="zeuden" pos="X">zeuden</wf>
         <wf lemma="koruko" pos="X">koruko</wf>
         <wf lemma="partiturak" pos="X">partiturak</wf>
         <wf lemma="kopiatzeko" pos="X">kopiatzeko</wf>
         <wf lemma="eskatu" pos="X">eskatu</wf>
         <wf lemma="zidan" pos="X">zidan</wf>
         <wf lemma="." pos="X">.</wf>
      </sentence>
      <sentence id="d000.s094" source="wordnet-basque">
         <wf lemma="ikus" pos="X">ikus</wf>
         <wf lemma="dezakezuen" pos="X">dezakezuen</wf>
         <wf lemma="bezala" pos="X">bezala</wf>
         <wf lemma="," pos="X">,</wf>
         <instance id="d000.s094.t000" lemma="matematika" pos="NOUN">matematikako</instance>
         <wf lemma="koadernoan" pos="X">koadernoan</wf>
         <wf lemma="neurrien" pos="X">neurrien</wf>
         <wf lemma="ariketak" pos="X">ariketak</wf>
         <wf lemma="daude" pos="X">daude</wf>
         <wf lemma="." pos="X">.</wf>
      </sentence>
      <sentence id="d000.s095" source="wordnet-basque">
         <wf lemma="gasaren" pos="X">gasaren</wf>
         <wf lemma="banaketari" pos="X">banaketari</wf>
         <wf lemma="ekin" pos="X">ekin</wf>
         <wf lemma="zionean" pos="X">zionean</wf>
         <wf lemma="," pos="X">,</wf>
         <wf lemma="beren" pos="X">beren</wf>
         <wf lemma="etxeetan" pos="X">etxeetan</wf>
         <instance id="d000.s095.t000" lemma="propano" pos="NOUN">propanoa</instance>
         <wf lemma="jarririk" pos="X">jarririk</wf>
         <wf lemma="zuten" pos="X">zuten</wf>
         <wf lemma="." pos="X">.</wf>
      </sentence>
      <sentence id="d000.s096" source="wordnet-basque">
         <wf lemma="azokak" pos="X">azokak</wf>
         <wf lemma="goizeko" pos="X">goizeko</wf>
         <wf lemma="10`30etatik" pos="X">10`30etatik</wf>
         <instance id="d000.s096.t000" lemma="eguerdi" pos="NOUN">eguerdiko</instance>
         <wf lemma="14`00etara" pos="X">14`00etara</wf>
         <wf lemma="eta" pos="X">eta</wf>
         <wf lemma="arratsaldeko" pos="X">arratsaldeko</wf>
         <wf lemma="16`30etatik" pos="X">16`30etatik</wf>
         <wf lemma="iluntzeko" pos="X">iluntzeko</wf>
         <wf lemma="19`00etara" pos="X">19`00etara</wf>
         <wf lemma="iraungo" pos="X">iraungo</wf>
         <wf lemma="du" pos="X">du</wf>
         <wf lemma="." pos="X">.</wf>
      </sentence>
      <sentence id="d000.s097" source="wordnet-basque">
         <wf lemma="egurrezko" pos="X">egurrezko</wf>
         <wf lemma="txabolak" pos="X">txabolak</wf>
         <wf lemma="dira" pos="X">dira</wf>
         <wf lemma="eta" pos="X">eta</wf>
         <wf lemma="36" pos="X">36</wf>
         <instance id="d000.s097.t000" lemma="lagun" pos="NOUN">lagunendako</instance>
         <wf lemma="kapazitatea" pos="X">kapazitatea</wf>
         <wf lemma="eskaintzen" pos="X">eskaintzen</wf>
         <wf lemma="dute" pos="X">dute</wf>
         <wf lemma="gutxigorabehera" pos="X">gutxigorabehera</wf>
         <wf lemma="." pos="X">.</wf>
      </sentence>
      <sentence id="d000.s098" source="wordnet-basque">
         <wf lemma="Lizarraren" pos="X">Lizarraren</wf>
         <wf lemma="sinatzaileekiko" pos="X">sinatzaileekiko</wf>
         <instance id="d000.s098.t000" lemma="autokritika" pos="NOUN">autokritika</instance>
         <wf lemma="ere" pos="X">ere</wf>
         <wf lemma="egin" pos="X">egin</wf>
         <wf lemma="du" pos="X">du</wf>
         <wf lemma="ELAko" pos="X">ELAko</wf>
         <wf lemma="idazkariak" pos="X">idazkariak</wf>
         <wf lemma="." pos="X">.</wf>
      </sentence>
      <sentence id="d000.s099" source="wordnet-basque">
         <wf lemma="ezer" pos="X">ezer</wf>
         <wf lemma="egiten" pos="X">egiten</wf>
         <wf lemma="hasi" pos="X">hasi</wf>
         <wf lemma="aurretik" pos="X">aurretik</wf>
         <instance id="d000.s099.t000" lemma="helmuga" pos="NOUN">helmuga</instance>
         <wf lemma="gogoratu" pos="X">gogoratu</wf>
         <wf lemma="behar" pos="X">behar</wf>
         <wf lemma="dugu" pos="X">dugu</wf>
         <wf lemma="." pos="X">.</wf>
      </sentence>
      <sentence id="d000.s100" source="wordnet-basque">
         <instance id="d000.s100.t000" lemma="sagardo" pos="NOUN">sagardoa</instance>
         <wf lemma="egiteko" pos="X">egiteko</wf>
         <wf lemma="lehen" pos="X">lehen</wf>
         <wf lemma="pausoa" pos="X">pausoa</wf>
         <wf lemma="sagarrak" pos="X">sagarrak</wf>
         <wf lemma="biltzea" pos="X">biltzea</wf>
         <wf lemma="da" pos="X">da</wf>
         <wf lemma="." pos="X">.</wf>
      </sentence>
      <sentence id="d000.s101" source="wordnet-basque">
         <wf lemma="hegazkintzaren" pos="X">hegazkintzaren</wf>
         <instance id="d000.s101.t000" lemma="aurrelari" pos="NOUN">aurrelariak</instance>
         <wf lemma="Wrigth" pos="X">Wrigth</wf>
         <wf lemma="anaiak" pos="X">anaiak</wf>
         <wf lemma="izan" pos="X">izan</wf>
         <wf lemma="ziren" pos="X">ziren</wf>
         <wf lemma="." pos="X">.</wf>
      </sentence>
      <sentence id="d000.s102" source="wordnet-basque">
         <wf lemma="sistema" pos="X">sistema</wf>
         <wf lemma="osoan" pos="X">osoan</wf>
         <wf lemma="betetzen" pos="X">betetzen</wf>
         <wf lemma="duen" pos="X">duen</wf>
         <wf lemma="lekuak" pos="X">lekuak</wf>
         <wf lemma="definitzen" pos="X">definitzen</wf>
         <wf lemma="du" pos="X">du</wf>
         <instance id="d000.s102.t000" lemma="zenbaki" pos="NOUN">zenbakiaren</instance>
         <wf lemma="esanahia" pos="X">esanahia</wf>
         <wf lemma="." pos="X">.</wf>
      </sentence>
      <sentence id="d000.s103" source="wordnet-basque">
         <wf lemma="gure" pos="X">gure</wf>
         <wf lemma="helburua" pos="X">helburua</wf>
         <wf lemma="haurrek" pos="X">haurrek</wf>
         <wf lemma="sortzeko" pos="X">sortzeko</wf>
         <wf lemma="duten" pos="X">duten</wf>
         <wf lemma="ahalmena" pos="X">ahalmena</wf>
         <wf lemma="deskribatzea" pos="X">deskribatzea</wf>
         <wf lemma="eta" pos="X">eta</wf>
         <wf lemma="ikertzea" pos="X">ikertzea</wf>
         <wf lemma="baita" pos="X">baita</wf>
         <wf lemma="," pos="X">,</wf>
         <wf lemma="eta" pos="X">eta</wf>
         <wf lemma="ez" pos="X">ez</wf>
         <wf lemma="errepikatzeko" pos="X">errepikatzeko</wf>
         <wf lemma="duten" pos="X">duten</wf>
         <instance id="d000.s103.t000" lemma="gaitasun" pos="NOUN">gaitasuna</instance>
         <wf lemma="." pos="X">.</wf>
      </sentence>
      <sentence id="d000.s104" source="wordnet-basque">
         <wf lemma="igoerarako" pos="X">igoerarako</wf>
         <wf lemma="kontzentrazio" pos="X">kontzentrazio</wf>
         <wf lemma="bila" pos="X">bila</wf>
         <wf lemma="Huelvaren" pos="X">Huelvaren</wf>
         <wf lemma="aurka" pos="X">aurka</wf>
         <instance id="d000.s104.t000" lemma="aldaketa" pos="NOUN">aldaketa</instance>
         <wf lemma="handirik" pos="X">handirik</wf>
         <wf lemma="ez" pos="X">ez</wf>
         <wf lemma="du" pos="X">du</wf>
         <wf lemma="eginen" pos="X">eginen</wf>
         <wf lemma="Lotinak" pos="X">Lotinak</wf>
         <wf lemma="hasierako" pos="X">hasierako</wf>
         <wf lemma="hamaikakoan" pos="X">hamaikakoan</wf>
         <wf lemma="." pos="X">.</wf>
      </sentence>
      <sentence id="d000.s105" source="wordnet-basque">
         <wf lemma="aurpegiak" pos="X">aurpegiak</wf>
         <wf lemma="," pos="X">,</wf>
         <wf lemma="kapelak" pos="X">kapelak</wf>
         <wf lemma="," pos="X">,</wf>
         <wf lemma="eskuak" pos="X">eskuak</wf>
         <wf lemma="eta" pos="X">eta</wf>
         <wf lemma="egunkariak" pos="X">egunkariak</wf>
         <wf lemma="han-hemenka" pos="X">han-hemenka</wf>
         <wf lemma="zebiltzan" pos="X">zebiltzan</wf>
         <instance id="d000.s105.t000" lemma="metro" pos="NOUN">metro</instance>
         <wf lemma="kirastu" pos="X">kirastu</wf>
         <wf lemma="zalapartatsuan" pos="X">zalapartatsuan</wf>
         <wf lemma="." pos="X">.</wf>
      </sentence>
      <sentence id="d000.s106" source="wordnet-basque">
         <wf lemma="nire" pos="X">nire</wf>
         <wf lemma="bulegoa" pos="X">bulegoa</wf>
         <wf lemma="hirugarren" pos="X">hirugarren</wf>
         <wf lemma="solairuan" pos="X">solairuan</wf>
         <wf lemma="dago" pos="X">dago</wf>
         <wf lemma="," pos="X">,</wf>
         <wf lemma="bigarren" pos="X">bigarren</wf>
         <instance id="d000.s106.t000" lemma="ate" pos="NOUN">atean</instance>
         <wf lemma="." pos="X">.</wf>
      </sentence>
      <sentence id="d000.s107" source="wordnet-basque">
         <wf lemma="Casamayoren" pos="X">Casamayoren</wf>
         <instance id="d000.s107.t000" lemma="leku" pos="NOUN">lekua</instance>
         <wf lemma="Arnaldo" pos="X">Arnaldo</wf>
         <wf lemma="Mesak" pos="X">Mesak</wf>
         <wf lemma="beteko" pos="X">beteko</wf>
         <wf lemma="du" pos="X">du</wf>
         <wf lemma="54" pos="X">54</wf>
         <wf lemma="kiloetan" pos="X">kiloetan</wf>
         <wf lemma="." pos="X">.</wf>
      </sentence>
      <sentence id="d000.s108" source="wordnet-basque">
         <wf lemma="Olinpiar" pos="X">Olinpiar</wf>
         <wf lemma="Jokoei" pos="X">Jokoei</wf>
         <wf lemma="ere" pos="X">ere</wf>
         <wf lemma="adio" pos="X">adio</wf>
         <wf lemma="esateko" pos="X">esateko</wf>
         <instance id="d000.s108.t000" lemma="garai" pos="NOUN">garaia</instance>
         <wf lemma="heldu" pos="X">heldu</wf>
         <wf lemma="da" pos="X">da</wf>
         <wf lemma="." pos="X">.</wf>
      </sentence>
      <sentence id="d000.s109" source="wordnet-basque">
         <wf lemma="Euskal" pos="X">Euskal</wf>
         <wf lemma="Herriko" pos="X">Herriko</wf>
         <instance id="d000.s109.t000" lemma="independentzia" pos="NOUN">independentzia</instance>
         <wf lemma="eta" pos="X">eta</wf>
         <wf lemma="sozialismoaren" pos="X">sozialismoaren</wf>
         <wf lemma="eraikuntzan" pos="X">eraikuntzan</wf>
         <wf lemma="beharrezkoa" pos="X">beharrezkoa</wf>
         <wf lemma="ikusten" pos="X">ikusten</wf>
         <wf lemma="dugu" pos="X">dugu</wf>
         <wf lemma="euskaldun" pos="X">euskaldun</wf>
         <wf lemma="guztien" pos="X">guztien</wf>
         <wf lemma="partaidetza" pos="X">partaidetza</wf>
         <wf lemma="." pos="X">.</wf>
      </sentence>
      <sentence id="d000.s110" source="wordnet-basque">
         <wf lemma="gauden" pos="X">gauden</wf>
         <wf lemma="batasun" pos="X">batasun</wf>
         <wf lemma="honen" pos="X">honen</wf>
         <wf lemma="barruan" pos="X">barruan</wf>
         <wf lemma="eginkizun" pos="X">eginkizun</wf>
         <wf lemma="berezia" pos="X">berezia</wf>
         <wf lemma="daukagu" pos="X">daukagu</wf>
         <wf lemma="," pos="X">,</wf>
         <wf lemma="lan" pos="X">lan</wf>
         <wf lemma="politiko" pos="X">politiko</wf>
         <wf lemma="bat" pos="X">bat</wf>
         <wf lemma="daraman" pos="X">daraman</wf>
         <instance id="d000.s110.t000" lemma="egitura" pos="NOUN">egitura</instance>
         <wf lemma="bakarra" pos="X">bakarra</wf>
         <wf lemma="baikara" pos="X">baikara</wf>
         <wf lemma="." pos="X">.</wf>
      </sentence>
      <sentence id="d000.s111" source="wordnet-basque">
         <wf lemma="Ipar" pos="X">Ipar</wf>
         <wf lemma="Irlandako" pos="X">Irlandako</wf>
         <wf lemma="gobernu" pos="X">gobernu</wf>
         <wf lemma="autonomoak" pos="X">autonomoak</wf>
         <wf lemma="lehen" pos="X">lehen</wf>
         <instance id="d000.s111.t000" lemma="bilera" pos="NOUN">bilera</instance>
         <wf lemma="egingo" pos="X">egingo</wf>
         <wf lemma="du" pos="X">du</wf>
         <wf lemma="gaur" pos="X">gaur</wf>
         <wf lemma="Stormonten" pos="X">Stormonten</wf>
         <wf lemma="." pos="X">.</wf>
      </sentence>
      <sentence id="d000.s112" source="wordnet-basque">
         <wf lemma="aitak" pos="X">aitak</wf>
         <wf lemma="ez" pos="X">ez</wf>
         <wf lemma="zion" pos="X">zion</wf>
         <instance id="d000.s112.t000" lemma="baimen" pos="NOUN">baimenik</instance>
         <wf lemma="eman" pos="X">eman</wf>
         <wf lemma="," pos="X">,</wf>
         <wf lemma="eta" pos="X">eta</wf>
         <wf lemma="gezurra" pos="X">gezurra</wf>
         <wf lemma="esan" pos="X">esan</wf>
         <wf lemma="behar" pos="X">behar</wf>
         <wf lemma="izan" pos="X">izan</wf>
         <wf lemma="zion" pos="X">zion</wf>
         <wf lemma="aitari" pos="X">aitari</wf>
         <wf lemma="erromeriara" pos="X">erromeriara</wf>
         <wf lemma="joateko" pos="X">joateko</wf>
         <wf lemma="." pos="X">.</wf>
      </sentence>
      <sentence id="d000.s113" source="wordnet-basque">
         <wf lemma="aldundiaren" pos="X">aldundiaren</wf>
         <wf lemma="zerbitzuen" pos="X">zerbitzuen</wf>
         <wf lemma="jarduera" pos="X">jarduera</wf>
         <wf lemma="materialak" pos="X">materialak</wf>
         <wf lemma="kudeatzeko" pos="X">kudeatzeko</wf>
         <instance id="d000.s113.t000" lemma="eremu" pos="NOUN">eremu</instance>
         <wf lemma="edo" pos="X">edo</wf>
         <wf lemma="toki" pos="X">toki</wf>
         <wf lemma="zehatzetan" pos="X">zehatzetan</wf>
         <wf lemma="." pos="X">.</wf>
      </sentence>
      <sentence id="d000.s114" source="wordnet-basque">
         <wf lemma="Diego" pos="X">Diego</wf>
         <wf lemma="Armando" pos="X">Armando</wf>
         <wf lemma="Maradonari" pos="X">Maradonari</wf>
         <wf lemma="ez" pos="X">ez</wf>
         <wf lemma="zaizkio" pos="X">zaizkio</wf>
         <instance id="d000.s114.t000" lemma="festa" pos="NOUN">festak</instance>
         <wf lemma="ahazten" pos="X">ahazten</wf>
         <wf lemma="." pos="X">.</wf>
      </sentence>
      <sentence id="d000.s115" source="wordnet-basque">
         <wf lemma="Salahadinek" pos="X">Salahadinek</wf>
         <wf lemma="X" pos="X">X</wf>
         <wf lemma="handi" pos="X">handi</wf>
         <wf lemma="bat" pos="X">bat</wf>
         <wf lemma="zeukan" pos="X">zeukan</wf>
         <instance id="d000.s115.t000" lemma="mapa" pos="NOUN">mapan</instance>
         <wf lemma="eginda" pos="X">eginda</wf>
         <wf lemma="," pos="X">,</wf>
         <wf lemma="Karnaketik" pos="X">Karnaketik</wf>
         <wf lemma="ipar-ekialdera" pos="X">ipar-ekialdera</wf>
         <wf lemma="." pos="X">.</wf>
      </sentence>
      <sentence id="d000.s116" source="wordnet-basque">
         <wf lemma="ahal" pos="X">ahal</wf>
         <wf lemma="baldin" pos="X">baldin</wf>
         <wf lemma="badugu" pos="X">badugu</wf>
         <wf lemma="beste" pos="X">beste</wf>
         <instance id="d000.s116.t000" lemma="ezusteko" pos="NOUN">ezusteko</instance>
         <wf lemma="bat" pos="X">bat</wf>
         <wf lemma="ematen" pos="X">ematen</wf>
         <wf lemma="saiatuko" pos="X">saiatuko</wf>
         <wf lemma="gara" pos="X">gara</wf>
         <wf lemma="zaila" pos="X">zaila</wf>
         <wf lemma="izango" pos="X">izango</wf>
         <wf lemma="dela" pos="X">dela</wf>
         <wf lemma="jakin" pos="X">jakin</wf>
         <wf lemma="arren" pos="X">arren</wf>
         <wf lemma="." pos="X">.</wf>
      </sentence>
      <sentence id="d000.s117" source="wordnet-basque">
         <wf lemma="Euskal" pos="X">Euskal</wf>
         <wf lemma="Herriko" pos="X">Herriko</wf>
         <wf lemma="Zesta-punta" pos="X">Zesta-punta</wf>
         <wf lemma="Txapelketako" pos="X">Txapelketako</wf>
         <wf lemma="lehenengo" pos="X">lehenengo</wf>
         <instance id="d000.s117.t000" lemma="jardunaldi" pos="NOUN">jardunaldian</instance>
         <wf lemma="," pos="X">,</wf>
         <wf lemma="Lander-Elizegik" pos="X">Lander-Elizegik</wf>
         <wf lemma="eta" pos="X">eta</wf>
         <wf lemma="Bereikua-Enbilek" pos="X">Bereikua-Enbilek</wf>
         <wf lemma="osatutako" pos="X">osatutako</wf>
         <wf lemma="bikoteek" pos="X">bikoteek</wf>
         <wf lemma="lortu" pos="X">lortu</wf>
         <wf lemma="zuten" pos="X">zuten</wf>
         <wf lemma="garaipenak" pos="X">garaipenak</wf>
         <wf lemma="." pos="X">.</wf>
      </sentence>
      <sentence id="d000.s118" source="wordnet-basque">
         <wf lemma="Zolak" pos="X">Zolak</wf>
         <wf lemma="," pos="X">,</wf>
         <wf lemma="esaterako" pos="X">esaterako</wf>
         <wf lemma="," pos="X">,</wf>
         <wf lemma="atzerrira" pos="X">atzerrira</wf>
         <wf lemma="joan" pos="X">joan</wf>
         <wf lemma="behar" pos="X">behar</wf>
         <wf lemma="izan" pos="X">izan</wf>
         <wf lemma="zuen" pos="X">zuen</wf>
         <instance id="d000.s118.t000" lemma="babes" pos="NOUN">babes</instance>
         <wf lemma="bila" pos="X">bila</wf>
         <wf lemma="." pos="X">.</wf>
      </sentence>
      <sentence id="d000.s119" source="wordnet-basque">
         <wf lemma="nahiago" pos="X">nahiago</wf>
         <wf lemma="dut" pos="X">dut</wf>
         <instance id="d000.s119.t000" lemma="gau" pos="NOUN">gauez</instance>
         <wf lemma="atera" pos="X">atera</wf>
         <wf lemma="egunez" pos="X">egunez</wf>
         <wf lemma="baino" pos="X">baino</wf>
         <wf lemma="." pos="X">.</wf>
      </sentence>
      <sentence id="d000.s120" source="wordnet-basque">
         <wf lemma="hori" pos="X">hori</wf>
         <wf lemma="eginda" pos="X">eginda</wf>
         <instance id="d000.s120.t000" lemma="kontrol" pos="NOUN">kontrol</instance>
         <wf lemma="tekla" pos="X">tekla</wf>
         <wf lemma="ez" pos="X">ez</wf>
         <wf lemma="da" pos="X">da</wf>
         <wf lemma="aktiboa" pos="X">aktiboa</wf>
         <wf lemma="." pos="X">.</wf>
      </sentence>
      <sentence id="d000.s121" source="wordnet-basque">
         <wf lemma="neguan" pos="X">neguan</wf>
         <wf lemma="," pos="X">,</wf>
         <wf lemma="egur" pos="X">egur</wf>
         <wf lemma="gainean" pos="X">gainean</wf>
         <wf lemma="armiarma" pos="X">armiarma</wf>
         <wf lemma="gorriaren" pos="X">gorriaren</wf>
         <wf lemma="errunaldia" pos="X">errunaldia</wf>
         <wf lemma="ikusten" pos="X">ikusten</wf>
         <wf lemma="bada" pos="X">bada</wf>
         <wf lemma="," pos="X">,</wf>
         <wf lemma="tratamendua" pos="X">tratamendua</wf>
         <wf lemma="egin" pos="X">egin</wf>
         <wf lemma="beharko" pos="X">beharko</wf>
         <wf lemma="da" pos="X">da</wf>
         <wf lemma="," pos="X">,</wf>
         <wf lemma="oleofosforatu" pos="X">oleofosforatu</wf>
         <wf lemma="batekin" pos="X">batekin</wf>
         <wf lemma="," pos="X">,</wf>
         <instance id="d000.s121.t000" lemma="begi" pos="NOUN">begiak</instance>
         <wf lemma="handitzen" pos="X">handitzen</wf>
         <wf lemma="hasten" pos="X">hasten</wf>
         <wf lemma="direnean" pos="X">direnean</wf>
         <wf lemma="," pos="X">,</wf>
         <wf lemma="landare" pos="X">landare</wf>
         <wf lemma="osoa" pos="X">osoa</wf>
         <wf lemma="eta" pos="X">eta</wf>
         <wf lemma="bereziki" pos="X">bereziki</wf>
         <wf lemma="adarren" pos="X">adarren</wf>
         <wf lemma="lotuneak" pos="X">lotuneak</wf>
         <wf lemma="ondo" pos="X">ondo</wf>
         <wf lemma="bustiz" pos="X">bustiz</wf>
         <wf lemma="." pos="X">.</wf>
      </sentence>
      <sentence id="d000.s122" source="wordnet-basque">
         <wf lemma="nire" pos="X">nire</wf>
         <instance id="d000.s122.t000" lemma="mutil" pos="NOUN">mutila</instance>
         <wf lemma="," pos="X">,</wf>
         <wf lemma="hilik" pos="X">hilik</wf>
         <wf lemma="zegoen" pos="X">zegoen</wf>
         <wf lemma="." pos="X">.</wf>
      </sentence>
      <sentence id="d000.s123" source="wordnet-basque">
         <wf lemma="txarretan" pos="X">txarretan</wf>
         <wf lemma="," pos="X">,</wf>
         <wf lemma="esaten" pos="X">esaten</wf>
         <wf lemma="dut" pos="X">dut</wf>
         <wf lemma="dena" pos="X">dena</wf>
         <wf lemma="utzi" pos="X">utzi</wf>
         <wf lemma="eta" pos="X">eta</wf>
         <wf lemma="joango" pos="X">joango</wf>
         <wf lemma="nintzatekeela" pos="X">nintzatekeela</wf>
         <wf lemma="artzain" pos="X">artzain</wf>
         <wf lemma="Urbiara" pos="X">Urbiara</wf>
         <wf lemma="," pos="X">,</wf>
         <wf lemma="hemengo" pos="X">hemengo</wf>
         <wf lemma="presak" pos="X">presak</wf>
         <wf lemma="eta" pos="X">eta</wf>
         <instance id="d000.s123.t000" lemma="estres" pos="NOUN">estresak</instance>
         <wf lemma="utzita" pos="X">utzita</wf>
         <wf lemma="." pos="X">.</wf>
      </sentence>
      <sentence id="d000.s124" source="wordnet-basque">
         <wf lemma="edari" pos="X">edari</wf>
         <wf lemma="hau" pos="X">hau</wf>
         <wf lemma="santutzat" pos="X">santutzat</wf>
         <wf lemma="eta" pos="X">eta</wf>
         <wf lemma="balio" pos="X">balio</wf>
         <wf lemma="handikotzat" pos="X">handikotzat</wf>
         <wf lemma="jotzen" pos="X">jotzen</wf>
         <wf lemma="da" pos="X">da</wf>
         <wf lemma="sexu" pos="X">sexu</wf>
         <wf lemma="indarrerako" pos="X">indarrerako</wf>
         <wf lemma="," pos="X">,</wf>
         <wf lemma="osasuntsua" pos="X">osasuntsua</wf>
         <wf lemma="eta" pos="X">eta</wf>
         <instance id="d000.s124.t000" lemma="gustu" pos="NOUN">gustu</instance>
         <wf lemma="atseginekoa" pos="X">atseginekoa</wf>
         <wf lemma="." pos="X">.</wf>
      </sentence>
      <sentence id="d000.s125" source="wordnet-basque">
         <wf lemma="Auñongo" pos="X">Auñongo</wf>
         <wf lemma="komentuko" pos="X">komentuko</wf>
         <wf lemma="profesio" pos="X">profesio</wf>
         <wf lemma="liburuan" pos="X">liburuan</wf>
         <instance id="d000.s125.t000" lemma="anaia" pos="NOUN">Anai</instance>
         <wf lemma="Martinek" pos="X">Martinek</wf>
         <wf lemma="sinatutako" pos="X">sinatutako</wf>
         <wf lemma="orria" pos="X">orria</wf>
         <wf lemma="berrogeita" pos="X">berrogeita</wf>
         <wf lemma="bat" pos="X">bat</wf>
         <wf lemma="urtez" pos="X">urtez</wf>
         <wf lemma="egon" pos="X">egon</wf>
         <wf lemma="zen" pos="X">zen</wf>
         <wf lemma="bertan" pos="X">bertan</wf>
         <wf lemma="." pos="X">.</wf>
      </sentence>
      <sentence id="d000.s126" source="wordnet-basque">
         <wf lemma="bi" pos="X">bi</wf>
         <wf lemma="informatzaile" pos="X">informatzaile</wf>
         <wf lemma="grafikok" pos="X">grafikok</wf>
         <wf lemma="hartutako" pos="X">hartutako</wf>
         <wf lemma="mitin" pos="X">mitin</wf>
         <wf lemma="politiko" pos="X">politiko</wf>
         <wf lemma="baten" pos="X">baten</wf>
         <wf lemma="irudi" pos="X">irudi</wf>
         <wf lemma="horietako" pos="X">horietako</wf>
         <wf lemma="batean" pos="X">batean</wf>
         <wf lemma="jendeak" pos="X">jendeak</wf>
         <wf lemma="okupatutako" pos="X">okupatutako</wf>
         <instance id="d000.s126.t000" lemma="maila" pos="NOUN">mailak</instance>
         <wf lemma="hutsune" pos="X">hutsune</wf>
         <wf lemma="handiekin" pos="X">handiekin</wf>
         <wf lemma="ikusten" pos="X">ikusten</wf>
         <wf lemma="da" pos="X">da</wf>
         <wf lemma="." pos="X">.</wf>
      </sentence>
      <sentence id="d000.s127" source="wordnet-basque">
         <wf lemma="espediente" pos="X">espediente</wf>
         <wf lemma="hura" pos="X">hura</wf>
         <wf lemma="jendaurreko" pos="X">jendaurreko</wf>
         <wf lemma="erakusketan" pos="X">erakusketan</wf>
         <wf lemma="jarri" pos="X">jarri</wf>
         <wf lemma="zen" pos="X">zen</wf>
         <wf lemma="," pos="X">,</wf>
         <wf lemma="urriaren" pos="X">urriaren</wf>
         <wf lemma="15era" pos="X">15era</wf>
         <wf lemma="arte" pos="X">arte</wf>
         <wf lemma="," pos="X">,</wf>
         <wf lemma="uda" pos="X">uda</wf>
         <instance id="d000.s127.t000" lemma="sasoi" pos="NOUN">sasoia</instance>
         <wf lemma="zenez" pos="X">zenez</wf>
         <wf lemma="gero" pos="X">gero</wf>
         <wf lemma="." pos="X">.</wf>
      </sentence>
      <sentence id="d000.s128" source="wordnet-basque">
         <wf lemma="honez" pos="X">honez</wf>
         <wf lemma="gain" pos="X">gain</wf>
         <wf lemma="premiazko" pos="X">premiazko</wf>
         <wf lemma="beharrendako" pos="X">beharrendako</wf>
         <wf lemma="denda" pos="X">denda</wf>
         <wf lemma="," pos="X">,</wf>
         <wf lemma="erropa" pos="X">erropa</wf>
         <wf lemma="garbitzeko" pos="X">garbitzeko</wf>
         <instance id="d000.s128.t000" lemma="zerbitzu" pos="NOUN">zerbitzua</instance>
         <wf lemma="eta" pos="X">eta</wf>
         <wf lemma="jatetxea" pos="X">jatetxea</wf>
         <wf lemma="ere" pos="X">ere</wf>
         <wf lemma="badago" pos="X">badago</wf>
         <wf lemma="." pos="X">.</wf>
      </sentence>
      <sentence id="d000.s129" source="wordnet-basque">
         <instance id="d000.s129.t000" lemma="gimnastika" pos="NOUN">gimnastikan</instance>
         <wf lemma="," pos="X">,</wf>
         <wf lemma="gizonezko" pos="X">gizonezko</wf>
         <wf lemma="batek" pos="X">batek</wf>
         <wf lemma="ariketaren" pos="X">ariketaren</wf>
         <wf lemma="batean" pos="X">batean</wf>
         <wf lemma="hankak" pos="X">hankak</wf>
         <wf lemma="zabaltzen" pos="X">zabaltzen</wf>
         <wf lemma="dituenean" pos="X">dituenean</wf>
         <wf lemma="," pos="X">,</wf>
         <wf lemma="'" pos="X">'</wf>
         <wf lemma="hello" pos="X">hello</wf>
         <wf lemma="boys" pos="X">boys</wf>
         <wf lemma="!" pos="X">!</wf>
         <wf lemma="'" pos="X">'</wf>
         <wf lemma="(" pos="X">(</wf>
         <wf lemma="'kaixo" pos="X">'kaixo</wf>
         <wf lemma="mutilak'" pos="X">mutilak'</wf>
         <wf lemma=")" pos="X">)</wf>
         <wf lemma="figura" pos="X">figura</wf>
         <wf lemma="ikusiko" pos="X">ikusiko</wf>
         <wf lemma="duzu" pos="X">duzu</wf>
         <wf lemma="." pos="X">.</wf>
      </sentence>
      <sentence id="d000.s130" source="wordnet-basque">
         <wf lemma="Euskal" pos="X">Euskal</wf>
         <wf lemma="Artisten" pos="X">Artisten</wf>
         <wf lemma="Erakusketako" pos="X">Erakusketako</wf>
         <instance id="d000.s130.t000" lemma="batzorde" pos="NOUN">Batzorde</instance>
         <wf lemma="Antolatzaileak" pos="X">Antolatzaileak</wf>
         <wf lemma="Amarica" pos="X">Amarica</wf>
         <wf lemma="proposatu" pos="X">proposatu</wf>
         <wf lemma="zuen" pos="X">zuen</wf>
         <wf lemma="Gasteizko" pos="X">Gasteizko</wf>
         <wf lemma="komisionatu" pos="X">komisionatu</wf>
         <wf lemma="izan" pos="X">izan</wf>
         <wf lemma="zedin" pos="X">zedin</wf>
         <wf lemma="." pos="X">.</wf>
      </sentence>
      <sentence id="d000.s131" source="wordnet-basque">
         <wf lemma="agiri" pos="X">agiri</wf>
         <wf lemma="batean" pos="X">batean</wf>
         <instance id="d000.s131.t000" lemma="idazkari" pos="NOUN">idazkariaren</instance>
         <wf lemma="sinadura" pos="X">sinadura</wf>
         <wf lemma="faltatzea" pos="X">faltatzea</wf>
         <wf lemma="'" pos="X">'</wf>
         <wf lemma="garrantzirik" pos="X">garrantzirik</wf>
         <wf lemma="gabekotzat" pos="X">gabekotzat</wf>
         <wf lemma="'" pos="X">'</wf>
         <wf lemma="jo" pos="X">jo</wf>
         <wf lemma="du" pos="X">du</wf>
         <wf lemma="." pos="X">.</wf>
      </sentence>
      <sentence id="d000.s132" source="wordnet-basque">
         <instance id="d000.s132.t000" lemma="aita" pos="NOUN">aita</instance>
         <wf lemma="Hiriart-Urruty" pos="X">Hiriart-Urruty</wf>
         <wf lemma="zenak" pos="X">zenak</wf>
         <wf lemma="eman" pos="X">eman</wf>
         <wf lemma="zion" pos="X">zion</wf>
         <wf lemma="Baionako" pos="X">Baionako</wf>
         <wf lemma="Elizaren" pos="X">Elizaren</wf>
         <wf lemma="on-iritzia" pos="X">on-iritzia</wf>
         <wf lemma="." pos="X">.</wf>
      </sentence>
      <sentence id="d000.s133" source="wordnet-basque">
         <wf lemma="nahiz" pos="X">nahiz</wf>
         <wf lemma="eta" pos="X">eta</wf>
         <wf lemma="historiaren" pos="X">historiaren</wf>
         <wf lemma="ikuspuntutik" pos="X">ikuspuntutik</wf>
         <wf lemma="txistua" pos="X">txistua</wf>
         <wf lemma="deituriko" pos="X">deituriko</wf>
         <instance id="d000.s133.t000" lemma="musika-tresna" pos="NOUN">musika-tresnak</instance>
         <wf lemma="aldaketa" pos="X">aldaketa</wf>
         <wf lemma="zenbait" pos="X">zenbait</wf>
         <wf lemma="jasan" pos="X">jasan</wf>
         <wf lemma="dituen" pos="X">dituen</wf>
         <wf lemma="," pos="X">,</wf>
         <wf lemma="gaur" pos="X">gaur</wf>
         <wf lemma="egun" pos="X">egun</wf>
         <wf lemma="tutu" pos="X">tutu</wf>
         <wf lemma="zuzen" pos="X">zuzen</wf>
         <wf lemma="bat" pos="X">bat</wf>
         <wf lemma="dugu" pos="X">dugu</wf>
         <wf lemma="42" pos="X">42</wf>
         <wf lemma="zm.ko" pos="X">zm.ko</wf>
         <wf lemma="aho" pos="X">aho</wf>
         <wf lemma="xorrotza" pos="X">xorrotza</wf>
         <wf lemma="duena" pos="X">duena</wf>
         <wf lemma="luzeraz" pos="X">luzeraz</wf>
         <wf lemma="." pos="X">.</wf>
      </sentence>
      <sentence id="d000.s134" source="wordnet-basque">
         <wf lemma="han" pos="X">han</wf>
         <wf lemma="gertatu" pos="X">gertatu</wf>
         <wf lemma="ziren" pos="X">ziren</wf>
         <instance id="d000.s134.t000" lemma="istilu" pos="NOUN">istiluak</instance>
         <wf lemma="benetako" pos="X">benetako</wf>
         <wf lemma="gerra" pos="X">gerra</wf>
         <wf lemma="izan" pos="X">izan</wf>
         <wf lemma="zirela" pos="X">zirela</wf>
         <wf lemma="agertu" pos="X">agertu</wf>
         <wf lemma="zuten" pos="X">zuten</wf>
         <wf lemma="atzo" pos="X">atzo</wf>
         <wf lemma="Israelgo" pos="X">Israelgo</wf>
         <wf lemma="iturri" pos="X">iturri</wf>
         <wf lemma="militarrek" pos="X">militarrek</wf>
         <wf lemma="." pos="X">.</wf>
      </sentence>
      <sentence id="d000.s135" source="wordnet-basque">
         <wf lemma="arakaturiko" pos="X">arakaturiko</wf>
         <wf lemma="materialaren" pos="X">materialaren</wf>
         <instance id="d000.s135.t000" lemma="ezaugarri" pos="NOUN">ezaugarriak</instance>
         <wf lemma="1." pos="X">1.</wf>
         <wf lemma="taulan" pos="X">taulan</wf>
         <wf lemma="adieraziko" pos="X">adieraziko</wf>
         <wf lemma="ditugu" pos="X">ditugu</wf>
         <wf lemma="." pos="X">.</wf>
      </sentence>
      <sentence id="d000.s136" source="wordnet-basque">
         <instance id="d000.s136.t000" lemma="ohar" pos="NOUN">ohar</instance>
         <wf lemma="hau" pos="X">hau</wf>
         <wf lemma="egiten" pos="X">egiten</wf>
         <wf lemma="badugu" pos="X">badugu</wf>
         <wf lemma="," pos="X">,</wf>
         <wf lemma="hona" pos="X">hona</wf>
         <wf lemma="arrazoia" pos="X">arrazoia</wf>
         <wf lemma="zein" pos="X">zein</wf>
         <wf lemma="den" pos="X">den</wf>
         <wf lemma="," pos="X">,</wf>
         <wf lemma="zenbait" pos="X">zenbait</wf>
         <wf lemma="alditan" pos="X">alditan</wf>
         <wf lemma="adierazpen" pos="X">adierazpen</wf>
         <wf lemma="desegokirik" pos="X">desegokirik</wf>
         <wf lemma="erabili" pos="X">erabili</wf>
         <wf lemma="dela" pos="X">dela</wf>
         <wf lemma="alegia" pos="X">alegia</wf>
         <wf lemma="," pos="X">,</wf>
         <wf lemma="gure" pos="X">gure</wf>
         <wf lemma="musika-tresnaren" pos="X">musika-tresnaren</wf>
         <wf lemma="panorama" pos="X">panorama</wf>
         <wf lemma="historikoa" pos="X">historikoa</wf>
         <wf lemma="goibelduz" pos="X">goibelduz</wf>
         <wf lemma="." pos="X">.</wf>
      </sentence>
      <sentence id="d000.s137" source="wordnet-basque">
         <wf lemma="ezpainak" pos="X">ezpainak</wf>
         <wf lemma="botilaren" pos="X">botilaren</wf>
         <instance id="d000.s137.t000" lemma="aho" pos="NOUN">ahoan</instance>
         <wf lemma="ipinita" pos="X">ipinita</wf>
         <wf lemma="trago" pos="X">trago</wf>
         <wf lemma="luze" pos="X">luze</wf>
         <wf lemma="bat" pos="X">bat</wf>
         <wf lemma="egiten" pos="X">egiten</wf>
         <wf lemma="du" pos="X">du</wf>
         <wf lemma="." pos="X">.</wf>
      </sentence>
      <sentence id="d000.s138" source="wordnet-basque">
         <wf lemma="Pasaia" pos="X">Pasaia</wf>
         <wf lemma="Ontziolak" pos="X">Ontziolak</wf>
         <wf lemma="enpresako" pos="X">enpresako</wf>
         <instance id="d000.s138.t000" lemma="lehendakari" pos="NOUN">lehendakariak</instance>
         <wf lemma="atzo" pos="X">atzo</wf>
         <wf lemma="egin" pos="X">egin</wf>
         <wf lemma="zituen" pos="X">zituen</wf>
         <wf lemma="adierazpenak" pos="X">adierazpenak</wf>
         <wf lemma="." pos="X">.</wf>
      </sentence>
      <sentence id="d000.s139" source="wordnet-basque">
         <wf lemma="laugarren" pos="X">laugarren</wf>
         <wf lemma="jardunaldiko" pos="X">jardunaldiko</wf>
         <instance id="d000.s139.t000" lemma="norgehiagoka" pos="NOUN">norgehiagokan</instance>
         <wf lemma="," pos="X">,</wf>
         <wf lemma="Miarritzek" pos="X">Miarritzek</wf>
         <wf lemma="ezin" pos="X">ezin</wf>
         <wf lemma="izan" pos="X">izan</wf>
         <wf lemma="zuen" pos="X">zuen</wf>
         <wf lemma="etxetik" pos="X">etxetik</wf>
         <wf lemma="kanpoko" pos="X">kanpoko</wf>
         <wf lemma="bigarren" pos="X">bigarren</wf>
         <wf lemma="partidua" pos="X">partidua</wf>
         <wf lemma="irabazi" pos="X">irabazi</wf>
         <wf lemma="." pos="X">.</wf>
      </sentence>
      <sentence id="d000.s140" source="wordnet-basque">
         <wf lemma="gure" pos="X">gure</wf>
         <wf lemma="erresumak" pos="X">erresumak</wf>
         <wf lemma="," pos="X">,</wf>
         <wf lemma="eta" pos="X">eta</wf>
         <wf lemma="bertze" pos="X">bertze</wf>
         <wf lemma="erresuma" pos="X">erresuma</wf>
         <wf lemma="sozialista" pos="X">sozialista</wf>
         <wf lemma="orok" pos="X">orok</wf>
         <wf lemma="," pos="X">,</wf>
         <wf lemma="bakea" pos="X">bakea</wf>
         <wf lemma="behar" pos="X">behar</wf>
         <wf lemma="dute" pos="X">dute</wf>
         <wf lemma="," pos="X">,</wf>
         <wf lemma="mundu" pos="X">mundu</wf>
         <wf lemma="osoko" pos="X">osoko</wf>
         <instance id="d000.s140.t000" lemma="herri" pos="NOUN">herriek</instance>
         <wf lemma="bakea" pos="X">bakea</wf>
         <wf lemma="behar" pos="X">behar</wf>
         <wf lemma="dute" pos="X">dute</wf>
         <wf lemma="." pos="X">.</wf>
      </sentence>
      <sentence id="d000.s141" source="wordnet-basque">
         <wf lemma="UCIko" pos="X">UCIko</wf>
         <wf lemma="presidenteak" pos="X">presidenteak</wf>
         <wf lemma="," pos="X">,</wf>
         <wf lemma="ordea" pos="X">ordea</wf>
         <wf lemma="," pos="X">,</wf>
         <wf lemma="dopin" pos="X">dopin</wf>
         <wf lemma="kontuetan" pos="X">kontuetan</wf>
         <instance id="d000.s141.t000" lemma="erantzukizun" pos="NOUN">erantzukizunik</instance>
         <wf lemma="duela" pos="X">duela</wf>
         <wf lemma="ukatu" pos="X">ukatu</wf>
         <wf lemma="zuen" pos="X">zuen</wf>
         <wf lemma="." pos="X">.</wf>
      </sentence>
      <sentence id="d000.s142" source="wordnet-basque">
         <wf lemma="goizaldera" pos="X">goizaldera</wf>
         <wf lemma="," pos="X">,</wf>
         <wf lemma="ordea" pos="X">ordea</wf>
         <wf lemma="," pos="X">,</wf>
         <instance id="d000.s142.t000" lemma="lo" pos="NOUN">lo</instance>
         <wf lemma="sakon" pos="X">sakon</wf>
         <wf lemma="batek" pos="X">batek</wf>
         <wf lemma="harrapatu" pos="X">harrapatu</wf>
         <wf lemma="bide" pos="X">bide</wf>
         <wf lemma="zuen" pos="X">zuen</wf>
         <wf lemma="," pos="X">,</wf>
         <wf lemma="iratzargailuak" pos="X">iratzargailuak</wf>
         <wf lemma="jo" pos="X">jo</wf>
         <wf lemma="zuenean" pos="X">zuenean</wf>
         <wf lemma="." pos="X">.</wf>
      </sentence>
      <sentence id="d000.s143" source="wordnet-basque">
         <wf lemma="Txistu-erakundea" pos="X">Txistu-erakundea</wf>
         <instance id="d000.s143.t000" lemma="dantza" pos="NOUN">dantza</instance>
         <wf lemma="eta" pos="X">eta</wf>
         <wf lemma="jaialdi" pos="X">jaialdi</wf>
         <wf lemma="eta" pos="X">eta</wf>
         <wf lemma="beste" pos="X">beste</wf>
         <wf lemma="zenbait" pos="X">zenbait</wf>
         <wf lemma="euskal" pos="X">euskal</wf>
         <wf lemma="ospakizunen" pos="X">ospakizunen</wf>
         <wf lemma="arima" pos="X">arima</wf>
         <wf lemma="da" pos="X">da</wf>
         <wf lemma="." pos="X">.</wf>
      </sentence>
      <sentence id="d000.s144" source="wordnet-basque">
         <wf lemma="Emanaldiaren" pos="X">Emanaldiaren</wf>
         <instance id="d000.s144.t000" lemma="momentu" pos="NOUN">momentu</instance>
         <wf lemma="batean" pos="X">batean</wf>
         <wf lemma="eltzagorra" pos="X">eltzagorra</wf>
         <wf lemma="jo" pos="X">jo</wf>
         <wf lemma="behar" pos="X">behar</wf>
         <wf lemma="genuen" pos="X">genuen</wf>
         <wf lemma="." pos="X">.</wf>
      </sentence>
      <sentence id="d000.s145" source="wordnet-basque">
         <instance id="d000.s145.t000" lemma="ekimen" pos="NOUN">ekimen</instance>
         <wf lemma="polizialarekin" pos="X">polizialarekin</wf>
         <wf lemma="batera" pos="X">batera</wf>
         <wf lemma="aterabide" pos="X">aterabide</wf>
         <wf lemma="politikoak" pos="X">politikoak</wf>
         <wf lemma="bilatu" pos="X">bilatu</wf>
         <wf lemma="behar" pos="X">behar</wf>
         <wf lemma="direla" pos="X">direla</wf>
         <wf lemma="dio" pos="X">dio</wf>
         <wf lemma="Espilondok" pos="X">Espilondok</wf>
         <wf lemma="." pos="X">.</wf>
      </sentence>
      <sentence id="d000.s146" source="wordnet-basque">
         <wf lemma="Karibeko" pos="X">Karibeko</wf>
         <instance id="d000.s146.t000" lemma="atleta" pos="NOUN">atletek</instance>
         <wf lemma="jauzi" pos="X">jauzi</wf>
         <wf lemma="handia" pos="X">handia</wf>
         <wf lemma="egin" pos="X">egin</wf>
         <wf lemma="dute" pos="X">dute</wf>
         <wf lemma="erreleboetan" pos="X">erreleboetan</wf>
         <wf lemma="." pos="X">.</wf>
      </sentence>
      <sentence id="d000.s147" source="wordnet-basque">
         <instance id="d000.s147.t000" lemma="errota" pos="NOUN">errota</instance>
         <wf lemma="martxan" pos="X">martxan</wf>
         <wf lemma="jarri" pos="X">jarri</wf>
         <wf lemma="zuen" pos="X">zuen</wf>
         <wf lemma="nagusiak" pos="X">nagusiak</wf>
         <wf lemma="konporta" pos="X">konporta</wf>
         <wf lemma="irekiz" pos="X">irekiz</wf>
         <wf lemma="." pos="X">.</wf>
      </sentence>
      <sentence id="d000.s148" source="wordnet-basque">
         <instance id="d000.s148.t000" lemma="hizkuntza" pos="NOUN">hizkuntza</instance>
         <wf lemma="edo" pos="X">edo</wf>
         <wf lemma="hizkuntz-trebetasunen" pos="X">hizkuntz-trebetasunen</wf>
         <wf lemma="euskarria" pos="X">euskarria</wf>
         <wf lemma="den" pos="X">den</wf>
         <wf lemma="egitura" pos="X">egitura</wf>
         <wf lemma="neurologikoa" pos="X">neurologikoa</wf>
         <wf lemma="hein" pos="X">hein</wf>
         <wf lemma="batean" pos="X">batean</wf>
         <wf lemma="edo" pos="X">edo</wf>
         <wf lemma="bestean" pos="X">bestean</wf>
         <wf lemma="kalteturik" pos="X">kalteturik</wf>
         <wf lemma="edo" pos="X">edo</wf>
         <wf lemma="ezindurik" pos="X">ezindurik</wf>
         <wf lemma="daukate" pos="X">daukate</wf>
         <wf lemma="." pos="X">.</wf>
      </sentence>
      <sentence id="d000.s149" source="wordnet-basque">
         <wf lemma="mozioaren" pos="X">mozioaren</wf>
         <wf lemma="alde" pos="X">alde</wf>
         <wf lemma="17" pos="X">17</wf>
         <instance id="d000.s149.t000" lemma="boto" pos="NOUN">boto</instance>
         <wf lemma="besterik" pos="X">besterik</wf>
         <wf lemma="ez" pos="X">ez</wf>
         <wf lemma="zegoen" pos="X">zegoen</wf>
         <wf lemma="." pos="X">.</wf>
      </sentence>
      <sentence id="d000.s150" source="wordnet-basque">
         <wf lemma="Arrosa" pos="X">Arrosa</wf>
         <instance id="d000.s150.t000" lemma="irrati" pos="NOUN">Irrati</instance>
         <wf lemma="Ekoizpen" pos="X">Ekoizpen</wf>
         <wf lemma="Zentroa" pos="X">Zentroa</wf>
         <wf lemma="irrati" pos="X">irrati</wf>
         <wf lemma="txikien" pos="X">txikien</wf>
         <wf lemma="sare" pos="X">sare</wf>
         <wf lemma="handi" pos="X">handi</wf>
         <wf lemma="bat" pos="X">bat</wf>
         <wf lemma="da" pos="X">da</wf>
         <wf lemma="." pos="X">.</wf>
      </sentence>
      <sentence id="d000.s151" source="wordnet-basque">
         <wf lemma="birritan" pos="X">birritan</wf>
         <wf lemma="besterik" pos="X">besterik</wf>
         <wf lemma="ez" pos="X">ez</wf>
         <wf lemma="ziren" pos="X">ziren</wf>
         <wf lemma="hurbildu" pos="X">hurbildu</wf>
         <wf lemma="lapurtarrak" pos="X">lapurtarrak</wf>
         <wf lemma="Briveren" pos="X">Briveren</wf>
         <wf lemma="22" pos="X">22</wf>
         <wf lemma="metroko" pos="X">metroko</wf>
         <instance id="d000.s151.t000" lemma="lerro" pos="NOUN">lerrora</instance>
         <wf lemma="." pos="X">.</wf>
      </sentence>
      <sentence id="d000.s152" source="wordnet-basque">
         <wf lemma="gizarte" pos="X">gizarte</wf>
         <wf lemma="honek" pos="X">honek</wf>
         <wf lemma="ez" pos="X">ez</wf>
         <wf lemma="du" pos="X">du</wf>
         <wf lemma="koderik" pos="X">koderik</wf>
         <wf lemma="," pos="X">,</wf>
         <wf lemma="dena" pos="X">dena</wf>
         <wf lemma="konpetentzian" pos="X">konpetentzian</wf>
         <wf lemma="oinarriturik" pos="X">oinarriturik</wf>
         <wf lemma="dago" pos="X">dago</wf>
         <wf lemma="," pos="X">,</wf>
         <wf lemma="balio" pos="X">balio</wf>
         <wf lemma="duen" pos="X">duen</wf>
         <wf lemma="giza" pos="X">giza</wf>
         <wf lemma="balore" pos="X">balore</wf>
         <wf lemma="bakarra" pos="X">bakarra</wf>
         <instance id="d000.s152.t000" lemma="irabazle" pos="NOUN">irabazlearena</instance>
         <wf lemma="baita" pos="X">baita</wf>
         <wf lemma="." pos="X">.</wf>
      </sentence>
      <sentence id="d000.s153" source="wordnet-basque">
         <wf lemma="Albaniarren" pos="X">Albaniarren</wf>
         <wf lemma="arazoei" pos="X">arazoei</wf>
         <instance id="d000.s153.t000" lemma="konponbide" pos="NOUN">konponbide</instance>
         <wf lemma="bat" pos="X">bat</wf>
         <wf lemma="ekartzeko" pos="X">ekartzeko</wf>
         <wf lemma="aukera" pos="X">aukera</wf>
         <wf lemma="politikorik" pos="X">politikorik</wf>
         <wf lemma="oraindik" pos="X">oraindik</wf>
         <wf lemma="badagoela" pos="X">badagoela</wf>
         <wf lemma="pentsatzen" pos="X">pentsatzen</wf>
         <wf lemma="dutenetakoa" pos="X">dutenetakoa</wf>
         <wf lemma="naiz" pos="X">naiz</wf>
         <wf lemma="." pos="X">.</wf>
      </sentence>
      <sentence id="d000.s154" source="wordnet-basque">
         <wf lemma="granito" pos="X">granito</wf>
         <instance id="d000.s154.t000" lemma="puska" pos="NOUN">puska</instance>
         <wf lemma="bat" pos="X">bat</wf>
         <wf lemma="behar" pos="X">behar</wf>
         <wf lemma="izan" pos="X">izan</wf>
         <wf lemma="zuen" pos="X">zuen</wf>
         <wf lemma="." pos="X">.</wf>
      </sentence>
      <sentence id="d000.s155" source="wordnet-basque">
         <wf lemma="baina" pos="X">baina</wf>
         <wf lemma="Mururoako" pos="X">Mururoako</wf>
         <wf lemma="leherketari" pos="X">leherketari</wf>
         <wf lemma="buruz" pos="X">buruz</wf>
         <instance id="d000.s155.t000" lemma="salaketa" pos="NOUN">salaketa</instance>
         <wf lemma="bat" pos="X">bat</wf>
         <wf lemma="bera" pos="X">bera</wf>
         <wf lemma="ere" pos="X">ere</wf>
         <wf lemma="ez" pos="X">ez</wf>
         <wf lemma="ikusteak" pos="X">ikusteak</wf>
         <wf lemma="asko" pos="X">asko</wf>
         <wf lemma="harritu" pos="X">harritu</wf>
         <wf lemma="ninduen" pos="X">ninduen</wf>
         <wf lemma="." pos="X">.</wf>
      </sentence>
      <sentence id="d000.s156" source="wordnet-basque">
         <wf lemma="Espainiako" pos="X">Espainiako</wf>
         <instance id="d000.s156.t000" lemma="subiranotasun" pos="NOUN">subiranotasuna</instance>
         <wf lemma="," pos="X">,</wf>
         <wf lemma="independentzia" pos="X">independentzia</wf>
         <wf lemma="eta" pos="X">eta</wf>
         <wf lemma="lurraldetasuna" pos="X">lurraldetasuna</wf>
         <wf lemma="bermatzeko" pos="X">bermatzeko</wf>
         <wf lemma="Armada" pos="X">Armada</wf>
         <wf lemma="behar" pos="X">behar</wf>
         <wf lemma="adina" pos="X">adina</wf>
         <wf lemma="elementuz" pos="X">elementuz</wf>
         <wf lemma="hornitu" pos="X">hornitu</wf>
         <wf lemma="nahi" pos="X">nahi</wf>
         <wf lemma="dutela" pos="X">dutela</wf>
         <wf lemma="esan" pos="X">esan</wf>
         <wf lemma="zuten" pos="X">zuten</wf>
         <wf lemma="." pos="X">.</wf>
      </sentence>
      <sentence id="d000.s157" source="wordnet-basque">
         <wf lemma="istiluen" pos="X">istiluen</wf>
         <wf lemma="aurretik" pos="X">aurretik</wf>
         <wf lemma="hiletak" pos="X">hiletak</wf>
         <wf lemma="egin" pos="X">egin</wf>
         <wf lemma="ziren" pos="X">ziren</wf>
         <wf lemma="Israelgo" pos="X">Israelgo</wf>
         <wf lemma="soldaduek" pos="X">soldaduek</wf>
         <wf lemma="herenegun" pos="X">herenegun</wf>
         <wf lemma="hil" pos="X">hil</wf>
         <wf lemma="zituzten" pos="X">zituzten</wf>
         <wf lemma="lau" pos="X">lau</wf>
         <instance id="d000.s157.t000" lemma="palestinar" pos="NOUN">palestinarren</instance>
         <wf lemma="omenez" pos="X">omenez</wf>
         <wf lemma="." pos="X">.</wf>
      </sentence>
      <sentence id="d000.s158" source="wordnet-basque">
         <wf lemma="botoen" pos="X">botoen</wf>
         <wf lemma="%77" pos="X">%77</wf>
         <wf lemma="zenbatuta" pos="X">zenbatuta</wf>
         <wf lemma="," pos="X">,</wf>
         <wf lemma="Hugo" pos="X">Hugo</wf>
         <wf lemma="Chavezek" pos="X">Chavezek</wf>
         <wf lemma="%59,5" pos="X">%59,5</wf>
         <wf lemma="," pos="X">,</wf>
         <wf lemma="Francisco" pos="X">Francisco</wf>
         <wf lemma="Arias" pos="X">Arias</wf>
         <instance id="d000.s158.t000" lemma="aurkari" pos="NOUN">aurkari</instance>
         <wf lemma="gogorrenak" pos="X">gogorrenak</wf>
         <wf lemma="%37,5" pos="X">%37,5</wf>
         <wf lemma="eta" pos="X">eta</wf>
         <wf lemma="Claudio" pos="X">Claudio</wf>
         <wf lemma="Fermin" pos="X">Fermin</wf>
         <wf lemma="sozialdemokratak" pos="X">sozialdemokratak</wf>
         <wf lemma="%3" pos="X">%3</wf>
         <wf lemma="eskuratu" pos="X">eskuratu</wf>
         <wf lemma="dituzte" pos="X">dituzte</wf>
         <wf lemma="." pos="X">.</wf>
      </sentence>
      <sentence id="d000.s159" source="wordnet-basque">
         <wf lemma="sei" pos="X">sei</wf>
         <wf lemma="trenen" pos="X">trenen</wf>
         <wf lemma="kostua" pos="X">kostua</wf>
         <wf lemma="7.200" pos="X">7.200</wf>
         <wf lemma="milioi" pos="X">milioi</wf>
         <wf lemma="pezeta" pos="X">pezeta</wf>
         <wf lemma="ingurukoa" pos="X">ingurukoa</wf>
         <wf lemma="da" pos="X">da</wf>
         <wf lemma="," pos="X">,</wf>
         <wf lemma="kontratuan" pos="X">kontratuan</wf>
         <wf lemma="beste" pos="X">beste</wf>
         <wf lemma="16-24" pos="X">16-24</wf>
         <instance id="d000.s159.t000" lemma="unitate" pos="NOUN">unitate</instance>
         <wf lemma="gehiago" pos="X">gehiago</wf>
         <wf lemma="erosteko" pos="X">erosteko</wf>
         <wf lemma="aukera" pos="X">aukera</wf>
         <wf lemma="jasotzen" pos="X">jasotzen</wf>
         <wf lemma="da" pos="X">da</wf>
         <wf lemma="." pos="X">.</wf>
      </sentence>
      <sentence id="d000.s160" source="wordnet-basque">
         <wf lemma="bahitzaileak" pos="X">bahitzaileak</wf>
         <wf lemma="ez" pos="X">ez</wf>
         <wf lemma="zuen" pos="X">zuen</wf>
         <wf lemma="haurtzaindegi" pos="X">haurtzaindegi</wf>
         <wf lemma="hau" pos="X">hau</wf>
         <instance id="d000.s160.t000" lemma="kasualitate" pos="NOUN">kasualitatez</instance>
         <wf lemma="hautatu" pos="X">hautatu</wf>
         <wf lemma="." pos="X">.</wf>
      </sentence>
      <sentence id="d000.s161" source="wordnet-basque">
         <wf lemma="lasterketa" pos="X">lasterketa</wf>
         <wf lemma="gelditu" pos="X">gelditu</wf>
         <wf lemma="zuten" pos="X">zuten</wf>
         <wf lemma="unean" pos="X">unean</wf>
         <wf lemma="tropela" pos="X">tropela</wf>
         <instance id="d000.s161.t000" lemma="zati" pos="NOUN">zatitan</instance>
         <wf lemma="zegoen" pos="X">zegoen</wf>
         <wf lemma="banatuta" pos="X">banatuta</wf>
         <wf lemma="." pos="X">.</wf>
      </sentence>
      <sentence id="d000.s162" source="wordnet-basque">
         <wf lemma="bulegoan" pos="X">bulegoan</wf>
         <wf lemma="argazkia" pos="X">argazkia</wf>
         <wf lemma="jartzeko" pos="X">jartzeko</wf>
         <instance id="d000.s162.t000" lemma="marko" pos="NOUN">markoa</instance>
         <wf lemma="erosi" pos="X">erosi</wf>
         <wf lemma="zuen" pos="X">zuen</wf>
         <wf lemma="." pos="X">.</wf>
      </sentence>
      <sentence id="d000.s163" source="wordnet-basque">
         <wf lemma="azterketan" pos="X">azterketan</wf>
         <wf lemma="akatstzat" pos="X">akatstzat</wf>
         <wf lemma="hartuko" pos="X">hartuko</wf>
         <wf lemma="da" pos="X">da</wf>
         <wf lemma="hitzen" pos="X">hitzen</wf>
         <wf lemma="arteko" pos="X">arteko</wf>
         <instance id="d000.s163.t000" lemma="hutsune" pos="NOUN">hutsune</instance>
         <wf lemma="ezegokiak" pos="X">ezegokiak</wf>
         <wf lemma="idaztea" pos="X">idaztea</wf>
         <wf lemma="." pos="X">.</wf>
      </sentence>
      <sentence id="d000.s164" source="wordnet-basque">
         <wf lemma="denbora" pos="X">denbora</wf>
         <wf lemma="puska" pos="X">puska</wf>
         <wf lemma="batean" pos="X">batean</wf>
         <instance id="d000.s164.t000" lemma="zenbaki" pos="NOUN">zenbaki</instance>
         <wf lemma="handiekin" pos="X">handiekin</wf>
         <wf lemma="ibili" pos="X">ibili</wf>
         <wf lemma="zen" pos="X">zen</wf>
         <wf lemma="Pilon" pos="X">Pilon</wf>
         <wf lemma="kalkuluetan" pos="X">kalkuluetan</wf>
         <wf lemma="." pos="X">.</wf>
      </sentence>
      <sentence id="d000.s165" source="wordnet-basque">
         <wf lemma="Bigarren" pos="X">Bigarren</wf>
         <wf lemma="Karlistadako" pos="X">Karlistadako</wf>
         <wf lemma="azken" pos="X">azken</wf>
         <wf lemma="guduetako" pos="X">guduetako</wf>
         <wf lemma="bat" pos="X">bat</wf>
         <wf lemma="Abadiñon" pos="X">Abadiñon</wf>
         <wf lemma="gertatu" pos="X">gertatu</wf>
         <wf lemma="zen" pos="X">zen</wf>
         <wf lemma="(" pos="X">(</wf>
         <wf lemma="1876-II-15" pos="X">1876-II-15</wf>
         <wf lemma=")" pos="X">)</wf>
         <wf lemma=";" pos="X">;</wf>
         <wf lemma="bertan" pos="X">bertan</wf>
         <wf lemma="liberalek" pos="X">liberalek</wf>
         <instance id="d000.s165.t000" lemma="garaipen" pos="NOUN">garaipena</instance>
         <wf lemma="lortu" pos="X">lortu</wf>
         <wf lemma="zuten" pos="X">zuten</wf>
         <wf lemma="karlisten" pos="X">karlisten</wf>
         <wf lemma="gain" pos="X">gain</wf>
         <wf lemma="." pos="X">.</wf>
      </sentence>
      <sentence id="d000.s166" source="wordnet-basque">
         <wf lemma="Realeko" pos="X">Realeko</wf>
         <wf lemma="sendagileak" pos="X">sendagileak</wf>
         <instance id="d000.s166.t000" lemma="azterketa" pos="NOUN">azterketa</instance>
         <wf lemma="berrien" pos="X">berrien</wf>
         <wf lemma="zain" pos="X">zain</wf>
         <wf lemma="daude" pos="X">daude</wf>
         <wf lemma="," pos="X">,</wf>
         <wf lemma="Tayfunek" pos="X">Tayfunek</wf>
         <wf lemma="zer" pos="X">zer</wf>
         <wf lemma="duen" pos="X">duen</wf>
         <wf lemma="zehazki" pos="X">zehazki</wf>
         <wf lemma="jakiteko" pos="X">jakiteko</wf>
         <wf lemma="." pos="X">.</wf>
      </sentence>
      <sentence id="d000.s167" source="wordnet-basque">
         <wf lemma="udan" pos="X">udan</wf>
         <wf lemma="," pos="X">,</wf>
         <wf lemma="militarren" pos="X">militarren</wf>
         <wf lemma="eraginpean" pos="X">eraginpean</wf>
         <wf lemma="," pos="X">,</wf>
         <wf lemma="Bulent" pos="X">Bulent</wf>
         <wf lemma="Ecevit" pos="X">Ecevit</wf>
         <wf lemma="lehen" pos="X">lehen</wf>
         <wf lemma="ministroak" pos="X">ministroak</wf>
         <wf lemma="dekretu" pos="X">dekretu</wf>
         <wf lemma="bat" pos="X">bat</wf>
         <wf lemma="aurkeztu" pos="X">aurkeztu</wf>
         <wf lemma="zuen" pos="X">zuen</wf>
         <wf lemma="islamistak" pos="X">islamistak</wf>
         <wf lemma="eta" pos="X">eta</wf>
         <wf lemma="kurdu" pos="X">kurdu</wf>
         <wf lemma="separatistak" pos="X">separatistak</wf>
         <wf lemma="funtzionario" pos="X">funtzionario</wf>
         <instance id="d000.s167.t000" lemma="postu" pos="NOUN">postuetatik</instance>
         <wf lemma="kanporatzeko" pos="X">kanporatzeko</wf>
         <wf lemma="." pos="X">.</wf>
      </sentence>
      <sentence id="d000.s168" source="wordnet-basque">
         <instance id="d000.s168.t000" lemma="auditore" pos="NOUN">Auditorearen</instance>
         <wf lemma="jarrera" pos="X">jarrera</wf>
         <wf lemma="berretsi" pos="X">berretsi</wf>
         <wf lemma="egin" pos="X">egin</wf>
         <wf lemma="izaten" pos="X">izaten</wf>
         <wf lemma="du" pos="X">du</wf>
         <wf lemma="presidenteak" pos="X">presidenteak</wf>
         <wf lemma="." pos="X">.</wf>
      </sentence>
      <sentence id="d000.s169" source="wordnet-basque">
         <wf lemma="bainan" pos="X">bainan</wf>
         <wf lemma="ahanzten" pos="X">ahanzten</wf>
         <wf lemma="duk" pos="X">duk</wf>
         <wf lemma="gauzaño" pos="X">gauzaño</wf>
         <wf lemma="bat" pos="X">bat</wf>
         <wf lemma=";" pos="X">;</wf>
         <instance id="d000.s169.t000" lemma="emazte" pos="NOUN">emazte</instance>
         <wf lemma="horiek" pos="X">horiek</wf>
         <wf lemma="ezkon" pos="X">ezkon</wf>
         <wf lemma="daitezen" pos="X">daitezen</wf>
         <wf lemma="gizonak" pos="X">gizonak</wf>
         <wf lemma="behar" pos="X">behar</wf>
         <wf lemma="direla" pos="X">direla</wf>
         <wf lemma="bereziki" pos="X">bereziki</wf>
         <wf lemma="." pos="X">.</wf>
      </sentence>
      <sentence id="d000.s170" source="wordnet-basque">
         <wf lemma="hizkuntza" pos="X">hizkuntza</wf>
         <wf lemma="lan" pos="X">lan</wf>
         <wf lemma="edo" pos="X">edo</wf>
         <wf lemma="ikerketa-tresna" pos="X">ikerketa-tresna</wf>
         <wf lemma="duten" pos="X">duten</wf>
         <instance id="d000.s170.t000" lemma="lagun" pos="NOUN">lagunek</instance>
         <wf lemma="Leioan" pos="X">Leioan</wf>
         <wf lemma="egin" pos="X">egin</wf>
         <wf lemma="zuten" pos="X">zuten</wf>
         <wf lemma="bizibidea" pos="X">bizibidea</wf>
         <wf lemma="astebetez" pos="X">astebetez</wf>
         <wf lemma="." pos="X">.</wf>
      </sentence>
      <sentence id="d000.s171" source="wordnet-basque">
         <wf lemma="Israelgo" pos="X">Israelgo</wf>
         <wf lemma="Legebiltzarreko" pos="X">Legebiltzarreko</wf>
         <instance id="d000.s171.t000" lemma="jatorri" pos="NOUN">jatorri</instance>
         <wf lemma="arabiarreko" pos="X">arabiarreko</wf>
         <wf lemma="hamabi" pos="X">hamabi</wf>
         <wf lemma="diputatuetako" pos="X">diputatuetako</wf>
         <wf lemma="bat" pos="X">bat</wf>
         <wf lemma="zara" pos="X">zara</wf>
         <wf lemma="." pos="X">.</wf>
      </sentence>
      <sentence id="d000.s172" source="wordnet-basque">
         <wf lemma="grabitatearen" pos="X">grabitatearen</wf>
         <wf lemma="eraginez" pos="X">eraginez</wf>
         <wf lemma="mugitzen" pos="X">mugitzen</wf>
         <wf lemma="diren" pos="X">diren</wf>
         <wf lemma="ur-korronteak" pos="X">ur-korronteak</wf>
         <wf lemma="dira" pos="X">dira</wf>
         <wf lemma="erliebeko" pos="X">erliebeko</wf>
         <instance id="d000.s172.t000" lemma="harri" pos="NOUN">harrien</instance>
         <wf lemma="," pos="X">,</wf>
         <wf lemma="eta" pos="X">eta</wf>
         <wf lemma="," pos="X">,</wf>
         <wf lemma="beraz" pos="X">beraz</wf>
         <wf lemma="," pos="X">,</wf>
         <wf lemma="erliebearen" pos="X">erliebearen</wf>
         <wf lemma="beraren" pos="X">beraren</wf>
         <wf lemma="," pos="X">,</wf>
         <wf lemma="higatzaile" pos="X">higatzaile</wf>
         <wf lemma="nagusiak" pos="X">nagusiak</wf>
         <wf lemma="." pos="X">.</wf>
      </sentence>
      <sentence id="d000.s173" source="wordnet-basque">
         <wf lemma="Zeruko" pos="X">Zeruko</wf>
         <wf lemma="Argiaren" pos="X">Argiaren</wf>
         <wf lemma="1." pos="X">1.</wf>
         <instance id="d000.s173.t000" lemma="zenbaki" pos="NOUN">zenbakia</instance>
         <wf lemma="erosi" pos="X">erosi</wf>
         <wf lemma="egin" pos="X">egin</wf>
         <wf lemma="zuen" pos="X">zuen</wf>
         <wf lemma="." pos="X">.</wf>
      </sentence>
      <sentence id="d000.s174" source="wordnet-basque">
         <wf lemma="aireportutik" pos="X">aireportutik</wf>
         <wf lemma="bi" pos="X">bi</wf>
         <instance id="d000.s174.t000" lemma="ordu" pos="NOUN">ordutara</instance>
         <wf lemma="bizi" pos="X">bizi</wf>
         <wf lemma="gara" pos="X">gara</wf>
         <wf lemma="gu" pos="X">gu</wf>
         <wf lemma="." pos="X">.</wf>
      </sentence>
      <sentence id="d000.s175" source="wordnet-basque">
         <wf lemma="berak" pos="X">berak</wf>
         <instance id="d000.s175.t000" lemma="errespetu" pos="NOUN">errespetu</instance>
         <wf lemma="osoa" pos="X">osoa</wf>
         <wf lemma="adierazi" pos="X">adierazi</wf>
         <wf lemma="dit" pos="X">dit</wf>
         <wf lemma="niri" pos="X">niri</wf>
         <wf lemma="eta" pos="X">eta</wf>
         <wf lemma="nire" pos="X">nire</wf>
         <wf lemma="familiari" pos="X">familiari</wf>
         <wf lemma="eta" pos="X">eta</wf>
         <wf lemma="bien" pos="X">bien</wf>
         <wf lemma="arteko" pos="X">arteko</wf>
         <wf lemma="lehia" pos="X">lehia</wf>
         <wf lemma="bizirik" pos="X">bizirik</wf>
         <wf lemma="dagoen" pos="X">dagoen</wf>
         <wf lemma="arren" pos="X">arren</wf>
         <wf lemma="txapela" pos="X">txapela</wf>
         <wf lemma="berari" pos="X">berari</wf>
         <wf lemma="eskaini" pos="X">eskaini</wf>
         <wf lemma="nahi" pos="X">nahi</wf>
         <wf lemma="diot" pos="X">diot</wf>
         <wf lemma="." pos="X">.</wf>
      </sentence>
      <sentence id="d000.s176" source="wordnet-basque">
         <wf lemma="hainbat" pos="X">hainbat</wf>
         <wf lemma="eta" pos="X">eta</wf>
         <wf lemma="hainbat" pos="X">hainbat</wf>
         <instance id="d000.s176.t000" lemma="buelta" pos="NOUN">buelta</instance>
         <wf lemma="eman" pos="X">eman</wf>
         <wf lemma="nituen" pos="X">nituen</wf>
         <wf lemma="eta" pos="X">eta</wf>
         <wf lemma="hondartza" pos="X">hondartza</wf>
         <wf lemma="eder" pos="X">eder</wf>
         <wf lemma="batera" pos="X">batera</wf>
         <wf lemma="iritsi" pos="X">iritsi</wf>
         <wf lemma="nintzen" pos="X">nintzen</wf>
         <wf lemma="." pos="X">.</wf>
      </sentence>
      <sentence id="d000.s177" source="wordnet-basque">
         <instance id="d000.s177.t000" lemma="protesta" pos="NOUN">Protesta</instance>
         <wf lemma="egin" pos="X">egin</wf>
         <wf lemma="zuen" pos="X">zuen</wf>
         <wf lemma="atzoko" pos="X">atzoko</wf>
         <wf lemma="saioa" pos="X">saioa</wf>
         <wf lemma="hasterako" pos="X">hasterako</wf>
         <wf lemma="Iñigo" pos="X">Iñigo</wf>
         <wf lemma="Iruin" pos="X">Iruin</wf>
         <wf lemma="abokatuak" pos="X">abokatuak</wf>
         <wf lemma="." pos="X">.</wf>
      </sentence>
      <sentence id="d000.s178" source="wordnet-basque">
         <wf lemma="Erromatik" pos="X">Erromatik</wf>
         <wf lemma="ateratzean" pos="X">ateratzean</wf>
         <wf lemma="zazpi" pos="X">zazpi</wf>
         <instance id="d000.s178.t000" lemma="urre" pos="NOUN">urreak</instance>
         <wf lemma="eman" pos="X">eman</wf>
         <wf lemma="zituen" pos="X">zituen</wf>
         <wf lemma="pobreentzat" pos="X">pobreentzat</wf>
         <wf lemma="." pos="X">.</wf>
      </sentence>
      <sentence id="d000.s179" source="wordnet-basque">
         <wf lemma="Juan" pos="X">Juan</wf>
         <wf lemma="Cruz" pos="X">Cruz</wf>
         <wf lemma="Allik" pos="X">Allik</wf>
         <wf lemma="keinuez" pos="X">keinuez</wf>
         <wf lemma="gain" pos="X">gain</wf>
         <wf lemma="nafar" pos="X">nafar</wf>
         <wf lemma="askorengan" pos="X">askorengan</wf>
         <wf lemma="itxaropena" pos="X">itxaropena</wf>
         <wf lemma="eta" pos="X">eta</wf>
         <instance id="d000.s179.t000" lemma="ilusio" pos="NOUN">ilusioa</instance>
         <wf lemma="sortu" pos="X">sortu</wf>
         <wf lemma="duen" pos="X">duen</wf>
         <wf lemma="politika" pos="X">politika</wf>
         <wf lemma="egin" pos="X">egin</wf>
         <wf lemma="du" pos="X">du</wf>
         <wf lemma="." pos="X">.</wf>
      </sentence>
      <sentence id="d000.s180" source="wordnet-basque">
         <wf lemma="Trebiñoko" pos="X">Trebiñoko</wf>
         <wf lemma="alkateek" pos="X">alkateek</wf>
         <wf lemma="eta" pos="X">eta</wf>
         <wf lemma="zinegotziek" pos="X">zinegotziek</wf>
         <wf lemma="pentsatzen" pos="X">pentsatzen</wf>
         <wf lemma="dute" pos="X">dute</wf>
         <wf lemma="Gaztela" pos="X">Gaztela</wf>
         <wf lemma="eta" pos="X">eta</wf>
         <wf lemma="Leongo" pos="X">Leongo</wf>
         <wf lemma="agintariek" pos="X">agintariek</wf>
         <wf lemma="trebiñotarren" pos="X">trebiñotarren</wf>
         <instance id="d000.s180.t000" lemma="borondate" pos="NOUN">borondatearen</instance>
         <wf lemma="aurka" pos="X">aurka</wf>
         <wf lemma="gobernatzen" pos="X">gobernatzen</wf>
         <wf lemma="dutela" pos="X">dutela</wf>
         <wf lemma="." pos="X">.</wf>
      </sentence>
      <sentence id="d000.s181" source="wordnet-basque">
         <wf lemma="UNITAren" pos="X">UNITAren</wf>
         <wf lemma="kontrolpean" pos="X">kontrolpean</wf>
         <wf lemma="dira" pos="X">dira</wf>
         <wf lemma="hego" pos="X">hego</wf>
         <wf lemma="eta" pos="X">eta</wf>
         <instance id="d000.s181.t000" lemma="ipar" pos="NOUN">ipar</instance>
         <wf lemma="Lundako" pos="X">Lundako</wf>
         <wf lemma="barnealdea" pos="X">barnealdea</wf>
         <wf lemma="eta" pos="X">eta</wf>
         <wf lemma="diamante" pos="X">diamante</wf>
         <wf lemma="meategiak" pos="X">meategiak</wf>
         <wf lemma="." pos="X">.</wf>
      </sentence>
      <sentence id="d000.s182" source="wordnet-basque">
         <wf lemma="Frantziak" pos="X">Frantziak</wf>
         <wf lemma="lehendakaritza" pos="X">lehendakaritza</wf>
         <wf lemma="sendoa" pos="X">sendoa</wf>
         <wf lemma="eskaini" pos="X">eskaini</wf>
         <wf lemma="nahi" pos="X">nahi</wf>
         <wf lemma="luke" pos="X">luke</wf>
         <wf lemma="euroa" pos="X">euroa</wf>
         <instance id="d000.s182.t000" lemma="merkatu" pos="NOUN">merkatuetan</instance>
         <wf lemma="indartzeko" pos="X">indartzeko</wf>
         <wf lemma="." pos="X">.</wf>
      </sentence>
      <sentence id="d000.s183" source="wordnet-basque">
         <wf lemma="alde" pos="X">alde</wf>
         <wf lemma="honetatik" pos="X">honetatik</wf>
         <wf lemma="nahasiagoak" pos="X">nahasiagoak</wf>
         <wf lemma="izan" pos="X">izan</wf>
         <wf lemma="diren" pos="X">diren</wf>
         <instance id="d000.s183.t000" lemma="sasoi" pos="NOUN">sasoietan</instance>
         <wf lemma="bizi" pos="X">bizi</wf>
         <wf lemma="izan" pos="X">izan</wf>
         <wf lemma="dugu" pos="X">dugu</wf>
         <wf lemma="." pos="X">.</wf>
      </sentence>
      <sentence id="d000.s184" source="wordnet-basque">
         <wf lemma="1878" pos="X">1878</wf>
         <wf lemma="eta" pos="X">eta</wf>
         <wf lemma="1881" pos="X">1881</wf>
         <wf lemma="bitartean" pos="X">bitartean</wf>
         <wf lemma="jaso" pos="X">jaso</wf>
         <wf lemma="zen" pos="X">zen</wf>
         <wf lemma="eraikina" pos="X">eraikina</wf>
         <wf lemma="," pos="X">,</wf>
         <instance id="d000.s184.t000" lemma="toki" pos="NOUN">toki</instance>
         <wf lemma="pribilegiatu" pos="X">pribilegiatu</wf>
         <wf lemma="batean" pos="X">batean</wf>
         <wf lemma="," pos="X">,</wf>
         <wf lemma="Erromako" pos="X">Erromako</wf>
         <wf lemma="muinoetako" pos="X">muinoetako</wf>
         <wf lemma="baten" pos="X">baten</wf>
         <wf lemma="gainean" pos="X">gainean</wf>
         <wf lemma="." pos="X">.</wf>
      </sentence>
      <sentence id="d000.s185" source="wordnet-basque">
         <instance id="d000.s185.t000" lemma="bataila" pos="NOUN">bataila</instance>
         <wf lemma="txikiak" pos="X">txikiak</wf>
         <wf lemma="irabazi" pos="X">irabazi</wf>
         <wf lemma="diren" pos="X">diren</wf>
         <wf lemma="arren" pos="X">arren</wf>
         <wf lemma="," pos="X">,</wf>
         <wf lemma="oraindik" pos="X">oraindik</wf>
         <wf lemma="ez" pos="X">ez</wf>
         <wf lemma="dugu" pos="X">dugu</wf>
         <wf lemma="irabazi" pos="X">irabazi</wf>
         <wf lemma="gerra" pos="X">gerra</wf>
         <wf lemma="." pos="X">.</wf>
      </sentence>
      <sentence id="d000.s186" source="wordnet-basque">
         <wf lemma="itsatsi" pos="X">itsatsi</wf>
         <wf lemma="bi" pos="X">bi</wf>
         <instance id="d000.s186.t000" lemma="atal" pos="NOUN">atalak</instance>
         <wf lemma="." pos="X">.</wf>
      </sentence>
      <sentence id="d000.s187" source="wordnet-basque">
         <wf lemma="ildo" pos="X">ildo</wf>
         <wf lemma="horretan" pos="X">horretan</wf>
         <wf lemma="baikor" pos="X">baikor</wf>
         <wf lemma="azaldu" pos="X">azaldu</wf>
         <wf lemma="zen" pos="X">zen</wf>
         <wf lemma="," pos="X">,</wf>
         <wf lemma="nahikoa" pos="X">nahikoa</wf>
         <instance id="d000.s187.t000" lemma="energia" pos="NOUN">energia</instance>
         <wf lemma="eta" pos="X">eta</wf>
         <wf lemma="konpromiso" pos="X">konpromiso</wf>
         <wf lemma="badagoelako" pos="X">badagoelako</wf>
         <wf lemma="," pos="X">,</wf>
         <wf lemma="behar" pos="X">behar</wf>
         <wf lemma="den" pos="X">den</wf>
         <wf lemma="presioa" pos="X">presioa</wf>
         <wf lemma="sortzeko" pos="X">sortzeko</wf>
         <wf lemma="." pos="X">.</wf>
      </sentence>
      <sentence id="d000.s188" source="wordnet-basque">
         <wf lemma="Aznar" pos="X">Aznar</wf>
         <instance id="d000.s188.t000" lemma="jaun" pos="NOUN">jaunak</instance>
         <wf lemma="sofisma" pos="X">sofisma</wf>
         <wf lemma="ero" pos="X">ero</wf>
         <wf lemma="bat" pos="X">bat</wf>
         <wf lemma="aplikatzen" pos="X">aplikatzen</wf>
         <wf lemma="du" pos="X">du</wf>
         <wf lemma=":" pos="X">:</wf>
         <wf lemma="ETAk" pos="X">ETAk</wf>
         <wf lemma="erailtzen" pos="X">erailtzen</wf>
         <wf lemma="du" pos="X">du</wf>
         <wf lemma="," pos="X">,</wf>
         <wf lemma="eta" pos="X">eta</wf>
         <wf lemma="krimen" pos="X">krimen</wf>
         <wf lemma="horren" pos="X">horren</wf>
         <wf lemma="ardura" pos="X">ardura</wf>
         <wf lemma="EAJri" pos="X">EAJri</wf>
         <wf lemma="leporatzen" pos="X">leporatzen</wf>
         <wf lemma="dio" pos="X">dio</wf>
         <wf lemma="." pos="X">.</wf>
      </sentence>
      <sentence id="d000.s189" source="wordnet-basque">
         <wf lemma="Athleticen" pos="X">Athleticen</wf>
         <wf lemma="erasoko" pos="X">erasoko</wf>
         <instance id="d000.s189.t000" lemma="joko" pos="NOUN">jokoaren</instance>
         <wf lemma="erreferentzia" pos="X">erreferentzia</wf>
         <wf lemma="izan" pos="X">izan</wf>
         <wf lemma="behar" pos="X">behar</wf>
         <wf lemma="da" pos="X">da</wf>
         <wf lemma="." pos="X">.</wf>
      </sentence>
      <sentence id="d000.s190" source="wordnet-basque">
         <wf lemma="Kursk" pos="X">Kursk</wf>
         <instance id="d000.s190.t000" lemma="urpeko" pos="NOUN">urpekoaren</instance>
         <wf lemma="aurrealdean" pos="X">aurrealdean</wf>
         <wf lemma="ari" pos="X">ari</wf>
         <wf lemma="dira" pos="X">dira</wf>
         <wf lemma="zuloa" pos="X">zuloa</wf>
         <wf lemma="egiten" pos="X">egiten</wf>
         <wf lemma="murgilariak" pos="X">murgilariak</wf>
         <wf lemma="," pos="X">,</wf>
         <wf lemma="gorpuak" pos="X">gorpuak</wf>
         <wf lemma="ateratzeko" pos="X">ateratzeko</wf>
         <wf lemma="ahaleginean" pos="X">ahaleginean</wf>
         <wf lemma="." pos="X">.</wf>
      </sentence>
      <sentence id="d000.s191" source="wordnet-basque">
         <wf lemma="aurrikusten" pos="X">aurrikusten</wf>
         <wf lemma="diren" pos="X">diren</wf>
         <wf lemma="espaloien" pos="X">espaloien</wf>
         <wf lemma="gutxienezko" pos="X">gutxienezko</wf>
         <instance id="d000.s191.t000" lemma="neurri" pos="NOUN">neurria</instance>
         <wf lemma="ez" pos="X">ez</wf>
         <wf lemma="litzateke" pos="X">litzateke</wf>
         <wf lemma="1,80" pos="X">1,80</wf>
         <wf lemma="metrokoa" pos="X">metrokoa</wf>
         <wf lemma="baino" pos="X">baino</wf>
         <wf lemma="txikiagoa" pos="X">txikiagoa</wf>
         <wf lemma="izan" pos="X">izan</wf>
         <wf lemma="beharko" pos="X">beharko</wf>
         <wf lemma="." pos="X">.</wf>
      </sentence>
      <sentence id="d000.s192" source="wordnet-basque">
         <wf lemma="finala" pos="X">finala</wf>
         <wf lemma="irabazitakoan" pos="X">irabazitakoan</wf>
         <instance id="d000.s192.t000" lemma="festa" pos="NOUN">festa</instance>
         <wf lemma="zelaian" pos="X">zelaian</wf>
         <wf lemma="," pos="X">,</wf>
         <wf lemma="eta" pos="X">eta</wf>
         <wf lemma="festa" pos="X">festa</wf>
         <wf lemma="harmailetan" pos="X">harmailetan</wf>
         <wf lemma="," pos="X">,</wf>
         <wf lemma="ikurrinak" pos="X">ikurrinak</wf>
         <wf lemma="han" pos="X">han</wf>
         <wf lemma="eta" pos="X">eta</wf>
         <wf lemma="hemen" pos="X">hemen</wf>
         <wf lemma="ikusi" pos="X">ikusi</wf>
         <wf lemma="ziren" pos="X">ziren</wf>
         <wf lemma="." pos="X">.</wf>
      </sentence>
      <sentence id="d000.s193" source="wordnet-basque">
         <wf lemma="gauerditik" pos="X">gauerditik</wf>
         <wf lemma="goizeko" pos="X">goizeko</wf>
         <wf lemma="zortziak" pos="X">zortziak</wf>
         <wf lemma="bitartean" pos="X">bitartean</wf>
         <wf lemma="ari" pos="X">ari</wf>
         <wf lemma="dira" pos="X">dira</wf>
         <instance id="d000.s193.t000" lemma="langile" pos="NOUN">langileak</instance>
         <wf lemma="." pos="X">.</wf>
      </sentence>
      <sentence id="d000.s194" source="wordnet-basque">
         <instance id="d000.s194.t000" lemma="udal" pos="NOUN">udalaren</instance>
         <wf lemma="atzealdeko" pos="X">atzealdeko</wf>
         <wf lemma="sestrapean" pos="X">sestrapean</wf>
         <wf lemma="egiteko" pos="X">egiteko</wf>
         <wf lemma="diren" pos="X">diren</wf>
         <wf lemma="aparkalekuen" pos="X">aparkalekuen</wf>
         <wf lemma="titulartasun" pos="X">titulartasun</wf>
         <wf lemma="pribatua" pos="X">pribatua</wf>
         <wf lemma="ala" pos="X">ala</wf>
         <wf lemma="publikoa" pos="X">publikoa</wf>
         <wf lemma="definituko" pos="X">definituko</wf>
         <wf lemma="da" pos="X">da</wf>
         <wf lemma="." pos="X">.</wf>
      </sentence>
      <sentence id="d000.s195" source="wordnet-basque">
         <wf lemma="kaleak" pos="X">kaleak</wf>
         <wf lemma="estuak" pos="X">estuak</wf>
         <wf lemma="ziren" pos="X">ziren</wf>
         <wf lemma="benetan" pos="X">benetan</wf>
         <wf lemma="eta" pos="X">eta</wf>
         <wf lemma="ibilgaitzak" pos="X">ibilgaitzak</wf>
         <wf lemma="hainbeste" pos="X">hainbeste</wf>
         <wf lemma="jenderekin" pos="X">jenderekin</wf>
         <wf lemma="," pos="X">,</wf>
         <wf lemma="elkar" pos="X">elkar</wf>
         <wf lemma="joka" pos="X">joka</wf>
         <wf lemma="ibili" pos="X">ibili</wf>
         <wf lemma="beharra" pos="X">beharra</wf>
         <instance id="d000.s195.t000" lemma="urrats" pos="NOUN">urrats</instance>
         <wf lemma="batzuk" pos="X">batzuk</wf>
         <wf lemma="aurreratzeko" pos="X">aurreratzeko</wf>
         <wf lemma="." pos="X">.</wf>
      </sentence>
      <sentence id="d000.s196" source="wordnet-basque">
         <wf lemma="Cetinjeri" pos="X">Cetinjeri</wf>
         <wf lemma="irabaztea" pos="X">irabaztea</wf>
         <wf lemma="baino" pos="X">baino</wf>
         <wf lemma="opari" pos="X">opari</wf>
         <wf lemma="hobeagorik" pos="X">hobeagorik</wf>
         <wf lemma="ez" pos="X">ez</wf>
         <wf lemma="dago" pos="X">dago</wf>
         <wf lemma="," pos="X">,</wf>
         <wf lemma="esan" pos="X">esan</wf>
         <wf lemma="zuen" pos="X">zuen</wf>
         <wf lemma="atzo" pos="X">atzo</wf>
         <wf lemma="Burlatako" pos="X">Burlatako</wf>
         <instance id="d000.s196.t000" lemma="hegal" pos="NOUN">hegalak</instance>
         <wf lemma="." pos="X">.</wf>
      </sentence>
      <sentence id="d000.s197" source="wordnet-basque">
         <instance id="d000.s197.t000" lemma="jaiotegun" pos="NOUN">jaioteguna</instance>
         <wf lemma=":" pos="X">:</wf>
         <wf lemma="1980ko" pos="X">1980ko</wf>
         <wf lemma="apirilaren" pos="X">apirilaren</wf>
         <wf lemma="30an" pos="X">30an</wf>
         <wf lemma="," pos="X">,</wf>
         <wf lemma="Buenos" pos="X">Buenos</wf>
         <wf lemma="Airesen" pos="X">Airesen</wf>
         <wf lemma="." pos="X">.</wf>
      </sentence>
      <sentence id="d000.s198" source="wordnet-basque">
         <wf lemma="orain" pos="X">orain</wf>
         <wf lemma="aurkitutako" pos="X">aurkitutako</wf>
         <instance id="d000.s198.t000" lemma="estatua" pos="NOUN">estatua</instance>
         <wf lemma="kopia" pos="X">kopia</wf>
         <wf lemma="bat" pos="X">bat</wf>
         <wf lemma="da" pos="X">da</wf>
         <wf lemma="," pos="X">,</wf>
         <wf lemma="artista" pos="X">artista</wf>
         <wf lemma="ezezagun" pos="X">ezezagun</wf>
         <wf lemma="batek" pos="X">batek</wf>
         <wf lemma="zizelkatua" pos="X">zizelkatua</wf>
         <wf lemma="." pos="X">.</wf>
      </sentence>
      <sentence id="d000.s199" source="wordnet-basque">
         <instance id="d000.s199.t000" lemma="hitz" pos="NOUN">hitz</instance>
         <wf lemma="ematen" pos="X">ematen</wf>
         <wf lemma="dizut" pos="X">dizut</wf>
         <wf lemma="." pos="X">.</wf>
      </sentence>
      <sentence id="d000.s200" source="wordnet-basque">
         <wf lemma="US" pos="X">US</wf>
         <wf lemma="Openean" pos="X">Openean</wf>
         <wf lemma="," pos="X">,</wf>
         <wf lemma="eta" pos="X">eta</wf>
         <wf lemma="hirugarren" pos="X">hirugarren</wf>
         <wf lemma="saiorako" pos="X">saiorako</wf>
         <wf lemma="sailkatu" pos="X">sailkatu</wf>
         <wf lemma="da" pos="X">da</wf>
         <instance id="d000.s200.t000" lemma="tenislari" pos="NOUN">tenislari</instance>
         <wf lemma="lapurtarra" pos="X">lapurtarra</wf>
         <wf lemma="." pos="X">.</wf>
      </sentence>
      <sentence id="d000.s201" source="wordnet-basque">
         <wf lemma="giza" pos="X">giza</wf>
         <wf lemma="eskubideen" pos="X">eskubideen</wf>
         <wf lemma="eta" pos="X">eta</wf>
         <instance id="d000.s201.t000" lemma="herritar" pos="NOUN">herritarren</instance>
         <wf lemma="eskubideen" pos="X">eskubideen</wf>
         <wf lemma="aldarrikapena" pos="X">aldarrikapena</wf>
         <wf lemma="." pos="X">.</wf>
      </sentence>
      <sentence id="d000.s202" source="wordnet-basque">
         <wf lemma="Mariak" pos="X">Mariak</wf>
         <wf lemma="eztula" pos="X">eztula</wf>
         <wf lemma="egin" pos="X">egin</wf>
         <wf lemma="zuen" pos="X">zuen</wf>
         <instance id="d000.s202.t000" lemma="eztarri" pos="NOUN">eztarria</instance>
         <wf lemma="goxatzeko" pos="X">goxatzeko</wf>
         <wf lemma="." pos="X">.</wf>
      </sentence>
      <sentence id="d000.s203" source="wordnet-basque">
         <instance id="d000.s203.t000" lemma="lerro" pos="NOUN">lerrook</instance>
         <wf lemma="irakurtzerako" pos="X">irakurtzerako</wf>
         <wf lemma="bukatuta" pos="X">bukatuta</wf>
         <wf lemma="izango" pos="X">izango</wf>
         <wf lemma="dira" pos="X">dira</wf>
         <wf lemma="Liga" pos="X">Liga</wf>
         <wf lemma="erregularreko" pos="X">erregularreko</wf>
         <wf lemma="lehen" pos="X">lehen</wf>
         <wf lemma="partiduak" pos="X">partiduak</wf>
         <wf lemma="." pos="X">.</wf>
      </sentence>
      <sentence id="d000.s204" source="wordnet-basque">
         <wf lemma="aktoreen" pos="X">aktoreen</wf>
         <wf lemma="hautaketa-prozesua" pos="X">hautaketa-prozesua</wf>
         <instance id="d000.s204.t000" lemma="ardura" pos="NOUN">ardura</instance>
         <wf lemma="handiz" pos="X">handiz</wf>
         <wf lemma="egin" pos="X">egin</wf>
         <wf lemma="zen" pos="X">zen</wf>
         <wf lemma="." pos="X">.</wf>
      </sentence>
      <sentence id="d000.s205" source="wordnet-basque">
         <wf lemma="gurasoek" pos="X">gurasoek</wf>
         <wf lemma="eta" pos="X">eta</wf>
         <instance id="d000.s205.t000" lemma="amona" pos="NOUN">amonak</instance>
         <wf lemma="Koreako" pos="X">Koreako</wf>
         <wf lemma="jantzi" pos="X">jantzi</wf>
         <wf lemma="tradizional" pos="X">tradizional</wf>
         <wf lemma="koloretsuak" pos="X">koloretsuak</wf>
         <wf lemma="janzten" pos="X">janzten</wf>
         <wf lemma="dituzte" pos="X">dituzte</wf>
         <wf lemma="." pos="X">.</wf>
      </sentence>
      <sentence id="d000.s206" source="wordnet-basque">
         <wf lemma="David" pos="X">David</wf>
         <wf lemma="eta" pos="X">eta</wf>
         <wf lemma="Annika" pos="X">Annika</wf>
         <wf lemma="elkarrekin" pos="X">elkarrekin</wf>
         <wf lemma="joanak" pos="X">joanak</wf>
         <wf lemma="ziren" pos="X">ziren</wf>
         <wf lemma="Jonasen" pos="X">Jonasen</wf>
         <wf lemma="adineko" pos="X">adineko</wf>
         <wf lemma="neska-mutikoak" pos="X">neska-mutikoak</wf>
         <wf lemma="sartzerik" pos="X">sartzerik</wf>
         <wf lemma="ez" pos="X">ez</wf>
         <wf lemma="zuten" pos="X">zuten</wf>
         <instance id="d000.s206.t000" lemma="jai" pos="NOUN">jai</instance>
         <wf lemma="batera" pos="X">batera</wf>
         <wf lemma="." pos="X">.</wf>
      </sentence>
      <sentence id="d000.s207" source="wordnet-basque">
         <wf lemma="iazko" pos="X">iazko</wf>
         <wf lemma="txapeldunari" pos="X">txapeldunari</wf>
         <wf lemma="lau" pos="X">lau</wf>
         <instance id="d000.s207.t000" lemma="set" pos="NOUN">setetan</instance>
         <wf lemma="irabazi" pos="X">irabazi</wf>
         <wf lemma="zion" pos="X">zion</wf>
         <wf lemma="Kucerak" pos="X">Kucerak</wf>
         <wf lemma="(" pos="X">(</wf>
         <wf lemma="2-6" pos="X">2-6</wf>
         <wf lemma="," pos="X">,</wf>
         <wf lemma="7-5" pos="X">7-5</wf>
         <wf lemma="," pos="X">,</wf>
         <wf lemma="6-1" pos="X">6-1</wf>
         <wf lemma="eta" pos="X">eta</wf>
         <wf lemma="6-0" pos="X">6-0</wf>
         <wf lemma=")" pos="X">)</wf>
         <wf lemma="." pos="X">.</wf>
      </sentence>
      <sentence id="d000.s208" source="wordnet-basque">
         <wf lemma="finantzen" pos="X">finantzen</wf>
         <wf lemma="sektorean" pos="X">sektorean</wf>
         <wf lemma="lan" pos="X">lan</wf>
         <wf lemma="egin" pos="X">egin</wf>
         <wf lemma="du" pos="X">du</wf>
         <wf lemma="," pos="X">,</wf>
         <wf lemma="banku" pos="X">banku</wf>
         <wf lemma="sistemaren" pos="X">sistemaren</wf>
         <instance id="d000.s208.t000" lemma="modernizazio" pos="NOUN">modernizazioaren</instance>
         <wf lemma="protagonista" pos="X">protagonista</wf>
         <wf lemma="nagusia" pos="X">nagusia</wf>
         <wf lemma="izanik" pos="X">izanik</wf>
         <wf lemma="." pos="X">.</wf>
      </sentence>
      <sentence id="d000.s209" source="wordnet-basque">
         <wf lemma="bankuak" pos="X">bankuak</wf>
         <wf lemma="finantza" pos="X">finantza</wf>
         <wf lemma="merkatuetan" pos="X">merkatuetan</wf>
         <wf lemma="esku-hartzea" pos="X">esku-hartzea</wf>
         <wf lemma="," pos="X">,</wf>
         <wf lemma="euroaren" pos="X">euroaren</wf>
         <instance id="d000.s209.t000" lemma="joera" pos="NOUN">joera</instance>
         <wf lemma="aldaketa" pos="X">aldaketa</wf>
         <wf lemma="horri" pos="X">horri</wf>
         <wf lemma="laguntzeko" pos="X">laguntzeko</wf>
         <wf lemma="." pos="X">.</wf>
      </sentence>
      <sentence id="d000.s210" source="wordnet-basque">
         <wf lemma="ez" pos="X">ez</wf>
         <wf lemma="da" pos="X">da</wf>
         <wf lemma="erraza" pos="X">erraza</wf>
         <wf lemma="hamabost" pos="X">hamabost</wf>
         <wf lemma="urterekin" pos="X">urterekin</wf>
         <wf lemma="eta" pos="X">eta</wf>
         <wf lemma="idazlan" pos="X">idazlan</wf>
         <wf lemma="bat" pos="X">bat</wf>
         <wf lemma="eskuartean" pos="X">eskuartean</wf>
         <instance id="d000.s210.t000" lemma="gauza" pos="NOUN">gauzak</instance>
         <wf lemma="nondik" pos="X">nondik</wf>
         <wf lemma="zuzentzen" pos="X">zuzentzen</wf>
         <wf lemma="hasi" pos="X">hasi</wf>
         <wf lemma="jakitea" pos="X">jakitea</wf>
         <wf lemma="." pos="X">.</wf>
      </sentence>
      <sentence id="d000.s211" source="wordnet-basque">
         <wf lemma="gaztetxoei" pos="X">gaztetxoei</wf>
         <wf lemma="familiaren" pos="X">familiaren</wf>
         <instance id="d000.s211.t000" lemma="zuhaitz" pos="NOUN">zuhaitz</instance>
         <wf lemma="genealogikoa" pos="X">genealogikoa</wf>
         <wf lemma="egiteko" pos="X">egiteko</wf>
         <wf lemma="eskatu" pos="X">eskatu</wf>
         <wf lemma="zien" pos="X">zien</wf>
         <wf lemma="irakasleak" pos="X">irakasleak</wf>
         <wf lemma="." pos="X">.</wf>
      </sentence>
      <sentence id="d000.s212" source="wordnet-basque">
         <wf lemma="jendea" pos="X">jendea</wf>
         <wf lemma="erabat" pos="X">erabat</wf>
         <wf lemma="asperturik" pos="X">asperturik</wf>
         <wf lemma="dago" pos="X">dago</wf>
         <instance id="d000.s212.t000" lemma="norgehiagoka" pos="NOUN">norgehiagokaz</instance>
         <wf lemma="eta" pos="X">eta</wf>
         <wf lemma="telebistek" pos="X">telebistek</wf>
         <wf lemma="horren" pos="X">horren</wf>
         <wf lemma="inguruan" pos="X">inguruan</wf>
         <wf lemma="eginiko" pos="X">eginiko</wf>
         <wf lemma="jarraipen" pos="X">jarraipen</wf>
         <wf lemma="ikaragarriaz" pos="X">ikaragarriaz</wf>
         <wf lemma="," pos="X">,</wf>
         <wf lemma="inkesten" pos="X">inkesten</wf>
         <wf lemma="arabera" pos="X">arabera</wf>
         <wf lemma="." pos="X">.</wf>
      </sentence>
      <sentence id="d000.s213" source="wordnet-basque">
         <instance id="d000.s213.t000" lemma="lan" pos="NOUN">lana</instance>
         <wf lemma="berdin" pos="X">berdin</wf>
         <wf lemma="indarraren" pos="X">indarraren</wf>
         <wf lemma="denboraren" pos="X">denboraren</wf>
         <wf lemma="distantzia" pos="X">distantzia</wf>
         <wf lemma="." pos="X">.</wf>
      </sentence>
      <sentence id="d000.s214" source="wordnet-basque">
         <wf lemma="sagarrak" pos="X">sagarrak</wf>
         <wf lemma="tomatea" pos="X">tomatea</wf>
         <wf lemma="bezala" pos="X">bezala</wf>
         <wf lemma="zatitu" pos="X">zatitu</wf>
         <wf lemma="ondoren" pos="X">ondoren</wf>
         <wf lemma="," pos="X">,</wf>
         <wf lemma="75" pos="X">75</wf>
         <instance id="d000.s214.t000" lemma="gramo" pos="NOUN">gramo</instance>
         <wf lemma="azukre" pos="X">azukre</wf>
         <wf lemma="eta" pos="X">eta</wf>
         <wf lemma="gurinarekin" pos="X">gurinarekin</wf>
         <wf lemma="nahastu" pos="X">nahastu</wf>
         <wf lemma="eta" pos="X">eta</wf>
         <wf lemma="labean" pos="X">labean</wf>
         <wf lemma="sartu" pos="X">sartu</wf>
         <wf lemma="," pos="X">,</wf>
         <wf lemma="desegin" pos="X">desegin</wf>
         <wf lemma="arte" pos="X">arte</wf>
         <wf lemma="." pos="X">.</wf>
      </sentence>
      <sentence id="d000.s215" source="wordnet-basque">
         <wf lemma="hainbat" pos="X">hainbat</wf>
         <instance id="d000.s215.t000" lemma="sail" pos="NOUN">sailetako</instance>
         <wf lemma="Estatu" pos="X">Estatu</wf>
         <wf lemma="idazkariek" pos="X">idazkariek</wf>
         <wf lemma="bilera" pos="X">bilera</wf>
         <wf lemma="berezia" pos="X">berezia</wf>
         <wf lemma="egin" pos="X">egin</wf>
         <wf lemma="zuten" pos="X">zuten</wf>
         <wf lemma="atzo" pos="X">atzo</wf>
         <wf lemma="Berlinen" pos="X">Berlinen</wf>
         <wf lemma="eskuin" pos="X">eskuin</wf>
         <wf lemma="muturraren" pos="X">muturraren</wf>
         <wf lemma="erasoei" pos="X">erasoei</wf>
         <wf lemma="nola" pos="X">nola</wf>
         <wf lemma="aurre" pos="X">aurre</wf>
         <wf lemma="egin" pos="X">egin</wf>
         <wf lemma="erabakitzeko" pos="X">erabakitzeko</wf>
         <wf lemma="." pos="X">.</wf>
      </sentence>
      <sentence id="d000.s216" source="wordnet-basque">
         <wf lemma="euria" pos="X">euria</wf>
         <wf lemma="eta" pos="X">eta</wf>
         <wf lemma="txingorra" pos="X">txingorra</wf>
         <wf lemma="zela" pos="X">zela</wf>
         <wf lemma="eta" pos="X">eta</wf>
         <wf lemma="," pos="X">,</wf>
         <instance id="d000.s216.t000" lemma="epaile" pos="NOUN">epaileek</instance>
         <wf lemma="lasterketa" pos="X">lasterketa</wf>
         <wf lemma="neutralizatzea" pos="X">neutralizatzea</wf>
         <wf lemma="erabaki" pos="X">erabaki</wf>
         <wf lemma="zuten" pos="X">zuten</wf>
         <wf lemma="." pos="X">.</wf>
      </sentence>
      <sentence id="d000.s217" source="wordnet-basque">
         <wf lemma="abeslari" pos="X">abeslari</wf>
         <wf lemma="batek" pos="X">batek</wf>
         <wf lemma="bere" pos="X">bere</wf>
         <instance id="d000.s217.t000" lemma="boz" pos="NOUN">boza</instance>
         <wf lemma="zaintzen" pos="X">zaintzen</wf>
         <wf lemma="du" pos="X">du</wf>
         <wf lemma="." pos="X">.</wf>
      </sentence>
      <sentence id="d000.s218" source="wordnet-basque">
         <instance id="d000.s218.t000" lemma="estatu" pos="NOUN">estatuak</instance>
         <wf lemma="bere" pos="X">bere</wf>
         <wf lemma="errenta" pos="X">errenta</wf>
         <wf lemma="zergak" pos="X">zergak</wf>
         <wf lemma="jaitsi" pos="X">jaitsi</wf>
         <wf lemma="ditu" pos="X">ditu</wf>
         <wf lemma="." pos="X">.</wf>
      </sentence>
      <sentence id="d000.s219" source="wordnet-basque">
         <instance id="d000.s219.t000" lemma="prozesu" pos="NOUN">prozesuak</instance>
         <wf lemma="gelditu" pos="X">gelditu</wf>
         <wf lemma="eta" pos="X">eta</wf>
         <wf lemma="berrabiatu" pos="X">berrabiatu</wf>
         <wf lemma="." pos="X">.</wf>
      </sentence>
      <sentence id="d000.s220" source="wordnet-basque">
         <wf lemma="datorren" pos="X">datorren</wf>
         <wf lemma="urterako" pos="X">urterako</wf>
         <wf lemma="," pos="X">,</wf>
         <wf lemma="aztertzaileek" pos="X">aztertzaileek</wf>
         <wf lemma="%3,2ko" pos="X">%3,2ko</wf>
         <instance id="d000.s220.t000" lemma="hazkunde" pos="NOUN">hazkundea</instance>
         <wf lemma="aurreikusi" pos="X">aurreikusi</wf>
         <wf lemma="dute" pos="X">dute</wf>
         <wf lemma="AEBetarako" pos="X">AEBetarako</wf>
         <wf lemma="," pos="X">,</wf>
         <wf lemma="eta" pos="X">eta</wf>
         <wf lemma="%3,5" pos="X">%3,5</wf>
         <wf lemma="euroaren" pos="X">euroaren</wf>
         <wf lemma="eremurako" pos="X">eremurako</wf>
         <wf lemma="." pos="X">.</wf>
      </sentence>
      <sentence id="d000.s221" source="wordnet-basque">
         <wf lemma="berriz" pos="X">berriz</wf>
         <wf lemma="ere" pos="X">ere</wf>
         <wf lemma="garbi" pos="X">garbi</wf>
         <wf lemma="geratzen" pos="X">geratzen</wf>
         <wf lemma="da" pos="X">da</wf>
         <wf lemma="gol" pos="X">gol</wf>
         <wf lemma="gutxi" pos="X">gutxi</wf>
         <wf lemma="jasotzean" pos="X">jasotzean</wf>
         <wf lemma="dagoela" pos="X">dagoela</wf>
         <wf lemma="talde" pos="X">talde</wf>
         <wf lemma="baten" pos="X">baten</wf>
         <wf lemma="sendotasuna" pos="X">sendotasuna</wf>
         <wf lemma=":" pos="X">:</wf>
         <wf lemma="Iruretaren" pos="X">Iruretaren</wf>
         <wf lemma="Deportivo" pos="X">Deportivo</wf>
         <wf lemma="da" pos="X">da</wf>
         <instance id="d000.s221.t000" lemma="adibide" pos="NOUN">adibiderik</instance>
         <wf lemma="onena" pos="X">onena</wf>
         <wf lemma="." pos="X">.</wf>
      </sentence>
      <sentence id="d000.s222" source="wordnet-basque">
         <instance id="d000.s222.t000" lemma="herri" pos="NOUN">herriak</instance>
         <wf lemma="markatzen" pos="X">markatzen</wf>
         <wf lemma="du" pos="X">du</wf>
         <wf lemma="talde-izaera" pos="X">talde-izaera</wf>
         <wf lemma="," pos="X">,</wf>
         <wf lemma="eta" pos="X">eta</wf>
         <wf lemma="hark" pos="X">hark</wf>
         <wf lemma="gordetzen" pos="X">gordetzen</wf>
         <wf lemma="ditu" pos="X">ditu</wf>
         <wf lemma="ohiturak" pos="X">ohiturak</wf>
         <wf lemma="belaunaldiz" pos="X">belaunaldiz</wf>
         <wf lemma="belaunaldi" pos="X">belaunaldi</wf>
         <wf lemma="." pos="X">.</wf>
      </sentence>
      <sentence id="d000.s223" source="wordnet-basque">
         <wf lemma="Hemen" pos="X">Hemen</wf>
         <wf lemma="eta" pos="X">eta</wf>
         <wf lemma="Munduan" pos="X">Munduan</wf>
         <wf lemma="herri" pos="X">herri</wf>
         <wf lemma="ekimeneko" pos="X">ekimeneko</wf>
         <wf lemma="kideak" pos="X">kideak</wf>
         <wf lemma="atzo" pos="X">atzo</wf>
         <wf lemma="iritsi" pos="X">iritsi</wf>
         <wf lemma="ziren" pos="X">ziren</wf>
         <wf lemma="Bilbora" pos="X">Bilbora</wf>
         <wf lemma="Pragatik" pos="X">Pragatik</wf>
         <instance id="d000.s223.t000" lemma="buelta" pos="NOUN">bueltan</instance>
         <wf lemma="." pos="X">.</wf>
      </sentence>
      <sentence id="d000.s224" source="wordnet-basque">
         <wf lemma="Rojoren" pos="X">Rojoren</wf>
         <wf lemma="gizonek" pos="X">gizonek</wf>
         <wf lemma="ez" pos="X">ez</wf>
         <wf lemma="zuten" pos="X">zuten</wf>
         <wf lemma="arriskurik" pos="X">arriskurik</wf>
         <wf lemma="sortzen" pos="X">sortzen</wf>
         <wf lemma="Feyenoorden" pos="X">Feyenoorden</wf>
         <instance id="d000.s224.t000" lemma="ate" pos="NOUN">ate</instance>
         <wf lemma="aurrean" pos="X">aurrean</wf>
         <wf lemma="." pos="X">.</wf>
      </sentence>
      <sentence id="d000.s225" source="wordnet-basque">
         <wf lemma="zirkuitu" pos="X">zirkuitu</wf>
         <wf lemma="konbinazionala" pos="X">konbinazionala</wf>
         <wf lemma="diseinatzeko" pos="X">diseinatzeko</wf>
         <instance id="d000.s225.t000" lemma="prozesu" pos="NOUN">prozesua</instance>
         <wf lemma="taula" pos="X">taula</wf>
         <wf lemma="definituz" pos="X">definituz</wf>
         <wf lemma="hasi" pos="X">hasi</wf>
         <wf lemma="behar" pos="X">behar</wf>
         <wf lemma="dugu" pos="X">dugu</wf>
         <wf lemma="." pos="X">.</wf>
      </sentence>
      <sentence id="d000.s226" source="wordnet-basque">
         <wf lemma="Estatuak" pos="X">Estatuak</wf>
         <wf lemma="ETAk" pos="X">ETAk</wf>
         <instance id="d000.s226.t000" lemma="su-eten" pos="NOUN">su-etena</instance>
         <wf lemma="apurtu" pos="X">apurtu</wf>
         <wf lemma="ondoren" pos="X">ondoren</wf>
         <wf lemma="sortutako" pos="X">sortutako</wf>
         <wf lemma="eszenatokiari" pos="X">eszenatokiari</wf>
         <wf lemma="beldurrik" pos="X">beldurrik</wf>
         <wf lemma="ez" pos="X">ez</wf>
         <wf lemma="diola" pos="X">diola</wf>
         <wf lemma="esan" pos="X">esan</wf>
         <wf lemma="zuen" pos="X">zuen</wf>
         <wf lemma="." pos="X">.</wf>
      </sentence>
      <sentence id="d000.s227" source="wordnet-basque">
         <wf lemma="utero" pos="X">utero</wf>
         <wf lemma="bezala" pos="X">bezala</wf>
         <wf lemma="," pos="X">,</wf>
         <wf lemma="euskal" pos="X">euskal</wf>
         <wf lemma="liburuen" pos="X">liburuen</wf>
         <instance id="d000.s227.t000" lemma="argitaletxe" pos="NOUN">argitaletxe</instance>
         <wf lemma="eta" pos="X">eta</wf>
         <wf lemma="disketxe" pos="X">disketxe</wf>
         <wf lemma="guztiek" pos="X">guztiek</wf>
         <wf lemma="euren" pos="X">euren</wf>
         <wf lemma="standak" pos="X">standak</wf>
         <wf lemma="izango" pos="X">izango</wf>
         <wf lemma="dituzte" pos="X">dituzte</wf>
         <wf lemma="." pos="X">.</wf>
      </sentence>
      <sentence id="d000.s228" source="wordnet-basque">
         <wf lemma="zaldien" pos="X">zaldien</wf>
         <instance id="d000.s228.t000" lemma="hanka" pos="NOUN">hanketako</instance>
         <wf lemma="muskuluak" pos="X">muskuluak</wf>
         <wf lemma="mahai" pos="X">mahai</wf>
         <wf lemma="baten" pos="X">baten</wf>
         <wf lemma="hankak" pos="X">hankak</wf>
         <wf lemma="bezain" pos="X">bezain</wf>
         <wf lemma="gogorrak" pos="X">gogorrak</wf>
         <wf lemma="jartzen" pos="X">jartzen</wf>
         <wf lemma="dira" pos="X">dira</wf>
         <wf lemma="geldirik" pos="X">geldirik</wf>
         <wf lemma="daudenean" pos="X">daudenean</wf>
         <wf lemma="." pos="X">.</wf>
      </sentence>
      <sentence id="d000.s229" source="wordnet-basque">
         <wf lemma="hauteskunde" pos="X">hauteskunde</wf>
         <wf lemma="kanpaina" pos="X">kanpaina</wf>
         <instance id="d000.s229.t000" lemma="martxa" pos="NOUN">martxa</instance>
         <wf lemma="onean" pos="X">onean</wf>
         <wf lemma="doa" pos="X">doa</wf>
         <wf lemma="." pos="X">.</wf>
      </sentence>
      <sentence id="d000.s230" source="wordnet-basque">
         <wf lemma="horrez" pos="X">horrez</wf>
         <wf lemma="gain" pos="X">gain</wf>
         <wf lemma="," pos="X">,</wf>
         <instance id="d000.s230.t000" lemma="birika" pos="NOUN">birikak</instance>
         <wf lemma="ere" pos="X">ere</wf>
         <wf lemma="zaurituak" pos="X">zaurituak</wf>
         <wf lemma="dituela" pos="X">dituela</wf>
         <wf lemma="ohartu" pos="X">ohartu</wf>
         <wf lemma="dira" pos="X">dira</wf>
         <wf lemma="medikuak" pos="X">medikuak</wf>
         <wf lemma="." pos="X">.</wf>
      </sentence>
      <sentence id="d000.s231" source="wordnet-basque">
         <instance id="d000.s231.t000" lemma="militar" pos="NOUN">militarren</instance>
         <wf lemma="entrenamenduen" pos="X">entrenamenduen</wf>
         <wf lemma="beste" pos="X">beste</wf>
         <wf lemma="helburu" pos="X">helburu</wf>
         <wf lemma="bat" pos="X">bat</wf>
         <wf lemma="propagandistikoa" pos="X">propagandistikoa</wf>
         <wf lemma="da" pos="X">da</wf>
         <wf lemma="." pos="X">.</wf>
      </sentence>
      <sentence id="d000.s232" source="wordnet-basque">
         <wf lemma="lantegiko" pos="X">lantegiko</wf>
         <wf lemma="bi" pos="X">bi</wf>
         <wf lemma="solairuetako" pos="X">solairuetako</wf>
         <instance id="d000.s232.t000" lemma="leiho" pos="NOUN">leihoak</instance>
         <wf lemma="eta" pos="X">eta</wf>
         <wf lemma="eskaiolako" pos="X">eskaiolako</wf>
         <wf lemma="sabaiak" pos="X">sabaiak</wf>
         <wf lemma="bertan" pos="X">bertan</wf>
         <wf lemma="behera" pos="X">behera</wf>
         <wf lemma="erori" pos="X">erori</wf>
         <wf lemma="ziren" pos="X">ziren</wf>
         <wf lemma="." pos="X">.</wf>
      </sentence>
      <sentence id="d000.s233" source="wordnet-basque">
         <instance id="d000.s233.t000" lemma="egunkari" pos="NOUN">egunkari</instance>
         <wf lemma="batean" pos="X">batean</wf>
         <wf lemma="lana" pos="X">lana</wf>
         <wf lemma="aurkitu" pos="X">aurkitu</wf>
         <wf lemma="behar" pos="X">behar</wf>
         <wf lemma="duk" pos="X">duk</wf>
         <wf lemma="." pos="X">.</wf>
      </sentence>
      <sentence id="d000.s234" source="wordnet-basque">
         <wf lemma="era" pos="X">era</wf>
         <wf lemma="berean" pos="X">berean</wf>
         <wf lemma="," pos="X">,</wf>
         <wf lemma="ezin" pos="X">ezin</wf>
         <wf lemma="izango" pos="X">izango</wf>
         <wf lemma="du" pos="X">du</wf>
         <wf lemma="inork" pos="X">inork</wf>
         <instance id="d000.s234.t000" lemma="gizarte" pos="NOUN">gizartearekiko</instance>
         <wf lemma="ohiko" pos="X">ohiko</wf>
         <wf lemma="eginbeharrak" pos="X">eginbeharrak</wf>
         <wf lemma="bete" pos="X">bete</wf>
         <wf lemma="gabe" pos="X">gabe</wf>
         <wf lemma="utzi" pos="X">utzi</wf>
         <wf lemma="." pos="X">.</wf>
      </sentence>
      <sentence id="d000.s235" source="wordnet-basque">
         <wf lemma="ez" pos="X">ez</wf>
         <wf lemma="da" pos="X">da</wf>
         <wf lemma="sumatzen" pos="X">sumatzen</wf>
         <wf lemma="behintzat" pos="X">behintzat</wf>
         <wf lemma="beste" pos="X">beste</wf>
         <wf lemma="lurralde" pos="X">lurralde</wf>
         <wf lemma="batzuetan" pos="X">batzuetan</wf>
         <wf lemma="agertu" pos="X">agertu</wf>
         <wf lemma="den" pos="X">den</wf>
         <instance id="d000.s235.t000" lemma="ardura" pos="NOUN">ardura</instance>
         <wf lemma="eta" pos="X">eta</wf>
         <wf lemma="Zuzenbide" pos="X">Zuzenbide</wf>
         <wf lemma="Pribatuko" pos="X">Pribatuko</wf>
         <wf lemma="erakunde" pos="X">erakunde</wf>
         <wf lemma="zibil" pos="X">zibil</wf>
         <wf lemma="propioak" pos="X">propioak</wf>
         <wf lemma="bultzatzeko" pos="X">bultzatzeko</wf>
         <wf lemma="gogo" pos="X">gogo</wf>
         <wf lemma="bizia" pos="X">bizia</wf>
         <wf lemma="." pos="X">.</wf>
      </sentence>
      <sentence id="d000.s236" source="wordnet-basque">
         <wf lemma="Euskal" pos="X">Euskal</wf>
         <wf lemma="Herria" pos="X">Herria</wf>
         <wf lemma="izaera" pos="X">izaera</wf>
         <wf lemma="eta" pos="X">eta</wf>
         <instance id="d000.s236.t000" lemma="nortasun" pos="NOUN">nortasun</instance>
         <wf lemma="propioa" pos="X">propioa</wf>
         <wf lemma="duen" pos="X">duen</wf>
         <wf lemma="subjektu" pos="X">subjektu</wf>
         <wf lemma="politikotzat" pos="X">politikotzat</wf>
         <wf lemma="onartzen" pos="X">onartzen</wf>
         <wf lemma="duen" pos="X">duen</wf>
         <wf lemma="elkargune" pos="X">elkargune</wf>
         <wf lemma="bat" pos="X">bat</wf>
         <wf lemma="proposatu" pos="X">proposatu</wf>
         <wf lemma="zuen" pos="X">zuen</wf>
         <wf lemma="Ibarretxek" pos="X">Ibarretxek</wf>
         <wf lemma="." pos="X">.</wf>
      </sentence>
      <sentence id="d000.s237" source="wordnet-basque">
         <wf lemma="Tomas" pos="X">Tomas</wf>
         <wf lemma="Garbizuk" pos="X">Garbizuk</wf>
         <wf lemma="herri" pos="X">herri</wf>
         <wf lemma="musikaren" pos="X">musikaren</wf>
         <instance id="d000.s237.t000" lemma="egitura" pos="NOUN">egitura</instance>
         <wf lemma="eta" pos="X">eta</wf>
         <wf lemma="erreferentziak" pos="X">erreferentziak</wf>
         <wf lemma="izugarri" pos="X">izugarri</wf>
         <wf lemma="mamitu" pos="X">mamitu</wf>
         <wf lemma="zituen" pos="X">zituen</wf>
         <wf lemma="." pos="X">.</wf>
      </sentence>
      <sentence id="d000.s238" source="wordnet-basque">
         <wf lemma="txoferrak" pos="X">txoferrak</wf>
         <wf lemma="gelditu" pos="X">gelditu</wf>
         <wf lemma="egin" pos="X">egin</wf>
         <wf lemma="zuen" pos="X">zuen</wf>
         <instance id="d000.s238.t000" lemma="auto" pos="NOUN">autoa</instance>
         <wf lemma="." pos="X">.</wf>
      </sentence>
      <sentence id="d000.s239" source="wordnet-basque">
         <wf lemma="bileraren" pos="X">bileraren</wf>
         <instance id="d000.s239.t000" lemma="puntu" pos="NOUN">puntu</instance>
         <wf lemma="hartan" pos="X">hartan</wf>
         <wf lemma="ginela" pos="X">ginela</wf>
         <wf lemma="alde" pos="X">alde</wf>
         <wf lemma="egin" pos="X">egin</wf>
         <wf lemma="zuen" pos="X">zuen</wf>
         <wf lemma="." pos="X">.</wf>
      </sentence>
      <sentence id="d000.s240" source="wordnet-basque">
         <wf lemma="egoera" pos="X">egoera</wf>
         <wf lemma="konpontzeko" pos="X">konpontzeko</wf>
         <instance id="d000.s240.t000" lemma="irtenbide" pos="NOUN">irtenbide</instance>
         <wf lemma="bakarra" pos="X">bakarra</wf>
         <wf lemma="hauteskundeak" pos="X">hauteskundeak</wf>
         <wf lemma="aurreratzea" pos="X">aurreratzea</wf>
         <wf lemma="dela" pos="X">dela</wf>
         <wf lemma="berretsi" pos="X">berretsi</wf>
         <wf lemma="zuen" pos="X">zuen</wf>
         <wf lemma="PSE-EEko" pos="X">PSE-EEko</wf>
         <wf lemma="bozeramaileak" pos="X">bozeramaileak</wf>
         <wf lemma="." pos="X">.</wf>
      </sentence>
      <sentence id="d000.s241" source="wordnet-basque">
         <wf lemma="Eusko" pos="X">Eusko</wf>
         <wf lemma="Jaurlaritzako" pos="X">Jaurlaritzako</wf>
         <wf lemma="Hezkuntza" pos="X">Hezkuntza</wf>
         <wf lemma="Sailak" pos="X">Sailak</wf>
         <wf lemma="eta" pos="X">eta</wf>
         <wf lemma="udaletako" pos="X">udaletako</wf>
         <wf lemma="Gizarte-Ekintzako" pos="X">Gizarte-Ekintzako</wf>
         <wf lemma="Sailek" pos="X">Sailek</wf>
         <wf lemma="ikasteko" pos="X">ikasteko</wf>
         <wf lemma="bekak" pos="X">bekak</wf>
         <wf lemma="eta" pos="X">eta</wf>
         <instance id="d000.s241.t000" lemma="laguntza" pos="NOUN">laguntzak</instance>
         <wf lemma="banatzeko" pos="X">banatzeko</wf>
         <wf lemma="programak" pos="X">programak</wf>
         <wf lemma="dituzte" pos="X">dituzte</wf>
         <wf lemma="." pos="X">.</wf>
      </sentence>
      <sentence id="d000.s242" source="wordnet-basque">
         <wf lemma="bere" pos="X">bere</wf>
         <wf lemma="buruarekin" pos="X">buruarekin</wf>
         <wf lemma="lehian" pos="X">lehian</wf>
         <wf lemma="ziharduela" pos="X">ziharduela</wf>
         <wf lemma="," pos="X">,</wf>
         <wf lemma="bat-batean" pos="X">bat-batean</wf>
         <wf lemma="," pos="X">,</wf>
         <wf lemma="zinema-areto" pos="X">zinema-areto</wf>
         <wf lemma="baten" pos="X">baten</wf>
         <wf lemma="aurretik" pos="X">aurretik</wf>
         <wf lemma="igarotzean" pos="X">igarotzean</wf>
         <wf lemma="," pos="X">,</wf>
         <instance id="d000.s242.t000" lemma="argi" pos="NOUN">argia</instance>
         <wf lemma="egiten" pos="X">egiten</wf>
         <wf lemma="zitzaiola" pos="X">zitzaiola</wf>
         <wf lemma="juzkatu" pos="X">juzkatu</wf>
         <wf lemma="zuen" pos="X">zuen</wf>
         <wf lemma="." pos="X">.</wf>
      </sentence>
      <sentence id="d000.s243" source="wordnet-basque">
         <wf lemma="goi" pos="X">goi</wf>
         <wf lemma="bilera" pos="X">bilera</wf>
         <wf lemma="horrek" pos="X">horrek</wf>
         <wf lemma="ez" pos="X">ez</wf>
         <wf lemma="du" pos="X">du</wf>
         <wf lemma="data" pos="X">data</wf>
         <wf lemma="zehatzik" pos="X">zehatzik</wf>
         <wf lemma="," pos="X">,</wf>
         <wf lemma="bai" pos="X">bai</wf>
         <wf lemma="," pos="X">,</wf>
         <wf lemma="ordea" pos="X">ordea</wf>
         <wf lemma="," pos="X">,</wf>
         <instance id="d000.s243.t000" lemma="muga" pos="NOUN">muga</instance>
         <wf lemma=":" pos="X">:</wf>
         <wf lemma="2000." pos="X">2000.</wf>
         <wf lemma="urteko" pos="X">urteko</wf>
         <wf lemma="otsailaren" pos="X">otsailaren</wf>
         <wf lemma="15a" pos="X">15a</wf>
         <wf lemma="." pos="X">.</wf>
      </sentence>
      <sentence id="d000.s244" source="wordnet-basque">
         <wf lemma="espetxeetan" pos="X">espetxeetan</wf>
         <wf lemma="," pos="X">,</wf>
         <wf lemma="adibidez" pos="X">adibidez</wf>
         <wf lemma="," pos="X">,</wf>
         <wf lemma="polikiroldegia" pos="X">polikiroldegia</wf>
         <wf lemma="bezalako" pos="X">bezalako</wf>
         <wf lemma="gauzak" pos="X">gauzak</wf>
         <wf lemma="," pos="X">,</wf>
         <wf lemma="betatuta" pos="X">betatuta</wf>
         <wf lemma="egoten" pos="X">egoten</wf>
         <wf lemma="dira" pos="X">dira</wf>
         <wf lemma="emakumeentzat" pos="X">emakumeentzat</wf>
         <wf lemma=";" pos="X">;</wf>
         <instance id="d000.s244.t000" lemma="kirol" pos="NOUN">kirola</instance>
         <wf lemma="egitea" pos="X">egitea</wf>
         <wf lemma="ezinezkoa" pos="X">ezinezkoa</wf>
         <wf lemma="da" pos="X">da</wf>
         <wf lemma="emakumeentzat" pos="X">emakumeentzat</wf>
         <wf lemma="." pos="X">.</wf>
      </sentence>
      <sentence id="d000.s245" source="wordnet-basque">
         <wf lemma="bi" pos="X">bi</wf>
         <wf lemma="solairuak" pos="X">solairuak</wf>
         <wf lemma="mantsoki" pos="X">mantsoki</wf>
         <wf lemma="igo" pos="X">igo</wf>
         <wf lemma="ondoren" pos="X">ondoren</wf>
         <wf lemma="zerrailan" pos="X">zerrailan</wf>
         <wf lemma="giltza" pos="X">giltza</wf>
         <wf lemma="sartu" pos="X">sartu</wf>
         <wf lemma="," pos="X">,</wf>
         <instance id="d000.s245.t000" lemma="buelta" pos="NOUN">buelta</instance>
         <wf lemma="bakarraz" pos="X">bakarraz</wf>
         <wf lemma="atea" pos="X">atea</wf>
         <wf lemma="ireki" pos="X">ireki</wf>
         <wf lemma="." pos="X">.</wf>
      </sentence>
      <sentence id="d000.s246" source="wordnet-basque">
         <wf lemma="gero" pos="X">gero</wf>
         <wf lemma="eta" pos="X">eta</wf>
         <instance id="d000.s246.t000" lemma="basurde" pos="NOUN">basurde</instance>
         <wf lemma="gehiago" pos="X">gehiago</wf>
         <wf lemma="daude" pos="X">daude</wf>
         <wf lemma="Gipuzkoan" pos="X">Gipuzkoan</wf>
         <wf lemma="eta" pos="X">eta</wf>
         <wf lemma="gero" pos="X">gero</wf>
         <wf lemma="eta" pos="X">eta</wf>
         <wf lemma="gehiago" pos="X">gehiago</wf>
         <wf lemma="ehizatu" pos="X">ehizatu</wf>
         <wf lemma="dituzte" pos="X">dituzte</wf>
         <wf lemma="ehiztariek" pos="X">ehiztariek</wf>
         <wf lemma="." pos="X">.</wf>
      </sentence>
      <sentence id="d000.s247" source="wordnet-basque">
         <wf lemma="duela" pos="X">duela</wf>
         <wf lemma="lau" pos="X">lau</wf>
         <wf lemma="urte" pos="X">urte</wf>
         <wf lemma="epaitu" pos="X">epaitu</wf>
         <wf lemma="eta" pos="X">eta</wf>
         <wf lemma="kalean" pos="X">kalean</wf>
         <wf lemma="utzi" pos="X">utzi</wf>
         <wf lemma="zituzten" pos="X">zituzten</wf>
         <instance id="d000.s247.t000" lemma="errekurtso" pos="NOUN">errekurtsoa</instance>
         <wf lemma="aztertu" pos="X">aztertu</wf>
         <wf lemma="bitartean" pos="X">bitartean</wf>
         <wf lemma="." pos="X">.</wf>
      </sentence>
      <sentence id="d000.s248" source="wordnet-basque">
         <wf lemma="Euskal" pos="X">Euskal</wf>
         <wf lemma="Herriko" pos="X">Herriko</wf>
         <wf lemma="hegoalde" pos="X">hegoalde</wf>
         <wf lemma="eta" pos="X">eta</wf>
         <instance id="d000.s248.t000" lemma="ekialde" pos="NOUN">ekialdetik</instance>
         <wf lemma="etorritako" pos="X">etorritako</wf>
         <wf lemma="oreinen" pos="X">oreinen</wf>
         <wf lemma="sarrera" pos="X">sarrera</wf>
         <wf lemma="somatu" pos="X">somatu</wf>
         <wf lemma="da" pos="X">da</wf>
         <wf lemma="." pos="X">.</wf>
      </sentence>
      <sentence id="d000.s249" source="wordnet-basque">
         <wf lemma="Uztaritzeko" pos="X">Uztaritzeko</wf>
         <wf lemma="eta" pos="X">eta</wf>
         <wf lemma="Baionako" pos="X">Baionako</wf>
         <instance id="d000.s249.t000" lemma="apaizgaitegi" pos="NOUN">apaizgaitegietan</instance>
         <wf lemma="ikasi" pos="X">ikasi</wf>
         <wf lemma="zuen" pos="X">zuen</wf>
         <wf lemma="eta" pos="X">eta</wf>
         <wf lemma="1951ean" pos="X">1951ean</wf>
         <wf lemma="apaiztu" pos="X">apaiztu</wf>
         <wf lemma="zen" pos="X">zen</wf>
         <wf lemma="beste" pos="X">beste</wf>
         <wf lemma="28" pos="X">28</wf>
         <wf lemma="lagunekin" pos="X">lagunekin</wf>
         <wf lemma="." pos="X">.</wf>
      </sentence>
      <sentence id="d000.s250" source="wordnet-basque">
         <wf lemma="elkartea" pos="X">elkartea</wf>
         <wf lemma="erabat" pos="X">erabat</wf>
         <wf lemma="sendoturik" pos="X">sendoturik</wf>
         <wf lemma="eta" pos="X">eta</wf>
         <wf lemma="Gipuzkoako" pos="X">Gipuzkoako</wf>
         <wf lemma="Odol" pos="X">Odol</wf>
         <instance id="d000.s250.t000" lemma="banku" pos="NOUN">Bankua</instance>
         <wf lemma="sortu" pos="X">sortu</wf>
         <wf lemma="berria" pos="X">berria</wf>
         <wf lemma="zen" pos="X">zen</wf>
         <wf lemma="." pos="X">.</wf>
      </sentence>
      <sentence id="d000.s251" source="wordnet-basque">
         <wf lemma="zure" pos="X">zure</wf>
         <wf lemma="gorputzeko" pos="X">gorputzeko</wf>
         <wf lemma="eta" pos="X">eta</wf>
         <wf lemma="zure" pos="X">zure</wf>
         <wf lemma="arimako" pos="X">arimako</wf>
         <wf lemma="puxantza" pos="X">puxantza</wf>
         <wf lemma="guziez" pos="X">guziez</wf>
         <instance id="d000.s251.t000" lemma="enplegu" pos="NOUN">enplegu</instance>
         <wf lemma="ona" pos="X">ona</wf>
         <wf lemma="egitea" pos="X">egitea</wf>
         <wf lemma="." pos="X">.</wf>
      </sentence>
      <sentence id="d000.s252" source="wordnet-basque">
         <wf lemma="eraikinak" pos="X">eraikinak</wf>
         <wf lemma="oinalde" pos="X">oinalde</wf>
         <wf lemma="angeluzuzena" pos="X">angeluzuzena</wf>
         <wf lemma="du" pos="X">du</wf>
         <wf lemma="eta" pos="X">eta</wf>
         <wf lemma="bi" pos="X">bi</wf>
         <instance id="d000.s252.t000" lemma="zati" pos="NOUN">zatiz</instance>
         <wf lemma="osatuta" pos="X">osatuta</wf>
         <wf lemma="dago" pos="X">dago</wf>
         <wf lemma="." pos="X">.</wf>
      </sentence>
      <sentence id="d000.s253" source="wordnet-basque">
         <wf lemma="Bidasoa" pos="X">Bidasoa</wf>
         <wf lemma="ibaian" pos="X">ibaian</wf>
         <wf lemma="mehatxaturiko" pos="X">mehatxaturiko</wf>
         <wf lemma="espezie" pos="X">espezie</wf>
         <wf lemma="eta" pos="X">eta</wf>
         <wf lemma="azpiespezieen" pos="X">azpiespezieen</wf>
         <instance id="d000.s253.t000" lemma="kontzentrazio" pos="NOUN">kontzentrazio</instance>
         <wf lemma="handiena" pos="X">handiena</wf>
         <wf lemma="ematen" pos="X">ematen</wf>
         <wf lemma="da" pos="X">da</wf>
         <wf lemma="." pos="X">.</wf>
      </sentence>
      <sentence id="d000.s254" source="wordnet-basque">
         <wf lemma="buruz" pos="X">buruz</wf>
         <wf lemma="dakit" pos="X">dakit</wf>
         <wf lemma="Emiliek" pos="X">Emiliek</wf>
         <wf lemma="azken" pos="X">azken</wf>
         <instance id="d000.s254.t000" lemma="gutun" pos="NOUN">gutunean</instance>
         <wf lemma="esandakoa" pos="X">esandakoa</wf>
         <wf lemma="." pos="X">.</wf>
      </sentence>
      <sentence id="d000.s255" source="wordnet-basque">
         <wf lemma="bortizkeriaz" pos="X">bortizkeriaz</wf>
         <wf lemma="jokatzen" pos="X">jokatzen</wf>
         <wf lemma="duten" pos="X">duten</wf>
         <wf lemma="gaixo" pos="X">gaixo</wf>
         <wf lemma="mentalei" pos="X">mentalei</wf>
         <instance id="d000.s255.t000" lemma="mugimendu" pos="NOUN">mugimendua</instance>
         <wf lemma="galarazteko" pos="X">galarazteko</wf>
         <wf lemma="janzten" pos="X">janzten</wf>
         <wf lemma="zaien" pos="X">zaien</wf>
         <wf lemma="alkandora-moduko" pos="X">alkandora-moduko</wf>
         <wf lemma="jantzi" pos="X">jantzi</wf>
         <wf lemma="sendoa" pos="X">sendoa</wf>
         <wf lemma="." pos="X">.</wf>
      </sentence>
      <sentence id="d000.s256" source="wordnet-basque">
         <wf lemma="Alemaniako" pos="X">Alemaniako</wf>
         <wf lemma="neonazi" pos="X">neonazi</wf>
         <wf lemma="bati" pos="X">bati</wf>
         <wf lemma="ezarritako" pos="X">ezarritako</wf>
         <instance id="d000.s256.t000" lemma="bizi" pos="NOUN">bizi</instance>
         <wf lemma="guztirako" pos="X">guztirako</wf>
         <wf lemma="kartzela" pos="X">kartzela</wf>
         <wf lemma="zigorra" pos="X">zigorra</wf>
         <wf lemma="ekarri" pos="X">ekarri</wf>
         <wf lemma="zuen" pos="X">zuen</wf>
         <wf lemma="gogora" pos="X">gogora</wf>
         <wf lemma="." pos="X">.</wf>
      </sentence>
      <sentence id="d000.s257" source="wordnet-basque">
         <wf lemma="familiako" pos="X">familiako</wf>
         <instance id="d000.s257.t000" lemma="harreman" pos="NOUN">harremanek</instance>
         <wf lemma="estu" pos="X">estu</wf>
         <wf lemma="lotzen" pos="X">lotzen</wf>
         <wf lemma="baitzuten" pos="X">baitzuten</wf>
         <wf lemma="senitartera" pos="X">senitartera</wf>
         <wf lemma="." pos="X">.</wf>
      </sentence>
      <sentence id="d000.s258" source="wordnet-basque">
         <wf lemma="Roberto" pos="X">Roberto</wf>
         <wf lemma="Robainak" pos="X">Robainak</wf>
         <wf lemma="21" pos="X">21</wf>
         <wf lemma="urte" pos="X">urte</wf>
         <wf lemma="besterik" pos="X">besterik</wf>
         <wf lemma="ez" pos="X">ez</wf>
         <wf lemma="zituela" pos="X">zituela</wf>
         <wf lemma="," pos="X">,</wf>
         <wf lemma="Kubako" pos="X">Kubako</wf>
         <instance id="d000.s258.t000" lemma="parlamentu" pos="NOUN">Parlamentuko</instance>
         <wf lemma="diputatu" pos="X">diputatu</wf>
         <wf lemma="aukeratu" pos="X">aukeratu</wf>
         <wf lemma="zuten" pos="X">zuten</wf>
         <wf lemma="1986an" pos="X">1986an</wf>
         <wf lemma="." pos="X">.</wf>
      </sentence>
      <sentence id="d000.s259" source="wordnet-basque">
         <wf lemma="zentral" pos="X">zentral</wf>
         <wf lemma="nuklearraren" pos="X">nuklearraren</wf>
         <wf lemma="itxieraren" pos="X">itxieraren</wf>
         <wf lemma="atarian" pos="X">atarian</wf>
         <wf lemma="," pos="X">,</wf>
         <wf lemma="1986ko" pos="X">1986ko</wf>
         <wf lemma="hondamendiaren" pos="X">hondamendiaren</wf>
         <instance id="d000.s259.t000" lemma="biktima" pos="NOUN">biktimek</instance>
         <wf lemma="protestak" pos="X">protestak</wf>
         <wf lemma="antolatu" pos="X">antolatu</wf>
         <wf lemma="dituzte" pos="X">dituzte</wf>
         <wf lemma="." pos="X">.</wf>
      </sentence>
      <sentence id="d000.s260" source="wordnet-basque">
         <wf lemma="ETAko" pos="X">ETAko</wf>
         <wf lemma="kideei" pos="X">kideei</wf>
         <instance id="d000.s260.t000" lemma="babes" pos="NOUN">babesa</instance>
         <wf lemma="emateaz" pos="X">emateaz</wf>
         <wf lemma="akusatutako" pos="X">akusatutako</wf>
         <wf lemma="bi" pos="X">bi</wf>
         <wf lemma="gazteen" pos="X">gazteen</wf>
         <wf lemma="kasuak" pos="X">kasuak</wf>
         <wf lemma="antzerki" pos="X">antzerki</wf>
         <wf lemma="itxura" pos="X">itxura</wf>
         <wf lemma="ere" pos="X">ere</wf>
         <wf lemma="hartzen" pos="X">hartzen</wf>
         <wf lemma="ari" pos="X">ari</wf>
         <wf lemma="dela" pos="X">dela</wf>
         <wf lemma="iritzi" pos="X">iritzi</wf>
         <wf lemma="zion" pos="X">zion</wf>
         <wf lemma="." pos="X">.</wf>
      </sentence>
      <sentence id="d000.s261" source="wordnet-basque">
         <instance id="d000.s261.t000" lemma="lasterketa" pos="NOUN">lasterketatik</instance>
         <wf lemma="landa" pos="X">landa</wf>
         <wf lemma="," pos="X">,</wf>
         <wf lemma="rallyeko" pos="X">rallyeko</wf>
         <wf lemma="autoak" pos="X">autoak</wf>
         <wf lemma="Mauleko" pos="X">Mauleko</wf>
         <wf lemma="pilota" pos="X">pilota</wf>
         <wf lemma="plazara" pos="X">plazara</wf>
         <wf lemma="joan" pos="X">joan</wf>
         <wf lemma="ziren" pos="X">ziren</wf>
         <wf lemma="," pos="X">,</wf>
         <wf lemma="han" pos="X">han</wf>
         <wf lemma="kokatua" pos="X">kokatua</wf>
         <wf lemma="baitzen" pos="X">baitzen</wf>
         <wf lemma="parke" pos="X">parke</wf>
         <wf lemma="itxitua" pos="X">itxitua</wf>
         <wf lemma="." pos="X">.</wf>
      </sentence>
      <sentence id="d000.s262" source="wordnet-basque">
         <wf lemma="presoen" pos="X">presoen</wf>
         <wf lemma="aldeko" pos="X">aldeko</wf>
         <wf lemma="martxak" pos="X">martxak</wf>
         <wf lemma="azken" pos="X">azken</wf>
         <instance id="d000.s262.t000" lemma="urrats" pos="NOUN">urratsak</instance>
         <wf lemma="egin" pos="X">egin</wf>
         <wf lemma="zituen" pos="X">zituen</wf>
         <wf lemma="atzo" pos="X">atzo</wf>
         <wf lemma="Nafarroan" pos="X">Nafarroan</wf>
         <wf lemma="," pos="X">,</wf>
         <wf lemma="Sakana" pos="X">Sakana</wf>
         <wf lemma="aldeko" pos="X">aldeko</wf>
         <wf lemma="herrietan" pos="X">herrietan</wf>
         <wf lemma="." pos="X">.</wf>
      </sentence>
      <sentence id="d000.s263" source="wordnet-basque">
         <wf lemma="egun" pos="X">egun</wf>
         <wf lemma="horretan" pos="X">horretan</wf>
         <wf lemma="Ertzaintzak" pos="X">Ertzaintzak</wf>
         <wf lemma="," pos="X">,</wf>
         <wf lemma="EAEko" pos="X">EAEko</wf>
         <wf lemma="Auzitegi" pos="X">Auzitegi</wf>
         <wf lemma="Nagusiaren" pos="X">Nagusiaren</wf>
         <instance id="d000.s263.t000" lemma="ebazpen" pos="NOUN">ebazpen</instance>
         <wf lemma="baten" pos="X">baten</wf>
         <wf lemma="ondorioz" pos="X">ondorioz</wf>
         <wf lemma="," pos="X">,</wf>
         <wf lemma="indarrez" pos="X">indarrez</wf>
         <wf lemma="eragotzi" pos="X">eragotzi</wf>
         <wf lemma="zuen" pos="X">zuen</wf>
         <wf lemma="Ruizen" pos="X">Ruizen</wf>
         <wf lemma="gorpua" pos="X">gorpua</wf>
         <wf lemma="udaletxean" pos="X">udaletxean</wf>
         <wf lemma="sartzea" pos="X">sartzea</wf>
         <wf lemma="." pos="X">.</wf>
      </sentence>
      <sentence id="d000.s264" source="wordnet-basque">
         <instance id="d000.s264.t000" lemma="hotel" pos="NOUN">hotelak</instance>
         <wf lemma="350-400" pos="X">350-400</wf>
         <wf lemma="dolar" pos="X">dolar</wf>
         <wf lemma="kobratzen" pos="X">kobratzen</wf>
         <wf lemma="zizkien" pos="X">zizkien</wf>
         <wf lemma="bezero" pos="X">bezero</wf>
         <wf lemma="arruntei" pos="X">arruntei</wf>
         <wf lemma="." pos="X">.</wf>
      </sentence>
      <sentence id="d000.s265" source="wordnet-basque">
         <wf lemma="hasiera" pos="X">hasiera</wf>
         <wf lemma="batean" pos="X">batean</wf>
         <wf lemma="bi" pos="X">bi</wf>
         <wf lemma="edo" pos="X">edo</wf>
         <wf lemma="hiru" pos="X">hiru</wf>
         <wf lemma="soldadu" pos="X">soldadu</wf>
         <instance id="d000.s265.t000" lemma="hil" pos="NOUN">hil</instance>
         <wf lemma="zirela" pos="X">zirela</wf>
         <wf lemma="zabaldu" pos="X">zabaldu</wf>
         <wf lemma="zuten" pos="X">zuten</wf>
         <wf lemma="iturri" pos="X">iturri</wf>
         <wf lemma="militarrek" pos="X">militarrek</wf>
         <wf lemma="," pos="X">,</wf>
         <wf lemma="baina" pos="X">baina</wf>
         <wf lemma="Defentsa" pos="X">Defentsa</wf>
         <wf lemma="Zibilak" pos="X">Zibilak</wf>
         <wf lemma="esan" pos="X">esan</wf>
         <wf lemma="dio" pos="X">dio</wf>
         <wf lemma="Efe" pos="X">Efe</wf>
         <wf lemma="agentziari" pos="X">agentziari</wf>
         <wf lemma="zazpi" pos="X">zazpi</wf>
         <wf lemma="izan" pos="X">izan</wf>
         <wf lemma="direla" pos="X">direla</wf>
         <wf lemma="hilak" pos="X">hilak</wf>
         <wf lemma="." pos="X">.</wf>
      </sentence>
      <sentence id="d000.s266" source="wordnet-basque">
         <wf lemma="familia" pos="X">familia</wf>
         <wf lemma="estruktura" pos="X">estruktura</wf>
         <wf lemma="paranoikoa" pos="X">paranoikoa</wf>
         <wf lemma="da" pos="X">da</wf>
         <wf lemma=";" pos="X">;</wf>
         <wf lemma="familia" pos="X">familia</wf>
         <wf lemma="eta" pos="X">eta</wf>
         <wf lemma="maitasuna" pos="X">maitasuna</wf>
         <wf lemma="," pos="X">,</wf>
         <wf lemma="biak" pos="X">biak</wf>
         <wf lemma="," pos="X">,</wf>
         <wf lemma="bestearen" pos="X">bestearen</wf>
         <wf lemma="jabetza" pos="X">jabetza</wf>
         <wf lemma="baita" pos="X">baita</wf>
         <instance id="d000.s266.t000" lemma="instituzio" pos="NOUN">instituzio</instance>
         <wf lemma="hauen" pos="X">hauen</wf>
         <wf lemma="oinarria" pos="X">oinarria</wf>
         <wf lemma="." pos="X">.</wf>
      </sentence>
      <sentence id="d000.s267" source="wordnet-basque">
         <instance id="d000.s267.t000" lemma="kontzentrazio" pos="NOUN">kontzentrazio</instance>
         <wf lemma="eta" pos="X">eta</wf>
         <wf lemma="pazientzia" pos="X">pazientzia</wf>
         <wf lemma="handiz" pos="X">handiz</wf>
         <wf lemma="jokatu" pos="X">jokatu</wf>
         <wf lemma="behar" pos="X">behar</wf>
         <wf lemma="dugu" pos="X">dugu</wf>
         <wf lemma="," pos="X">,</wf>
         <wf lemma="atzealdean" pos="X">atzealdean</wf>
         <wf lemma="akatsik" pos="X">akatsik</wf>
         <wf lemma="egin" pos="X">egin</wf>
         <wf lemma="gabe" pos="X">gabe</wf>
         <wf lemma="." pos="X">.</wf>
      </sentence>
      <sentence id="d000.s268" source="wordnet-basque">
         <wf lemma="Rock" pos="X">Rock</wf>
         <wf lemma="Topaketa" pos="X">Topaketa</wf>
         <wf lemma="burutuko" pos="X">burutuko</wf>
         <wf lemma="da" pos="X">da</wf>
         <wf lemma="Lekunberrin" pos="X">Lekunberrin</wf>
         <wf lemma="heldu" pos="X">heldu</wf>
         <wf lemma="den" pos="X">den</wf>
         <instance id="d000.s268.t000" lemma="apiril" pos="NOUN">apirilaren</instance>
         <wf lemma="20an" pos="X">20an</wf>
         <wf lemma="." pos="X">.</wf>
      </sentence>
      <sentence id="d000.s269" source="wordnet-basque">
         <wf lemma="lau" pos="X">lau</wf>
         <wf lemma="lagun" pos="X">lagun</wf>
         <wf lemma="atxilotu" pos="X">atxilotu</wf>
         <wf lemma="eta" pos="X">eta</wf>
         <wf lemma="desordena" pos="X">desordena</wf>
         <wf lemma="publikoaz" pos="X">publikoaz</wf>
         <wf lemma="gain" pos="X">gain</wf>
         <instance id="d000.s269.t000" lemma="kalte" pos="NOUN">kalteak</instance>
         <wf lemma="eragitea" pos="X">eragitea</wf>
         <wf lemma="egozten" pos="X">egozten</wf>
         <wf lemma="diete" pos="X">diete</wf>
         <wf lemma="." pos="X">.</wf>
      </sentence>
      <sentence id="d000.s270" source="wordnet-basque">
         <wf lemma="erlijiozko" pos="X">erlijiozko</wf>
         <instance id="d000.s270.t000" lemma="esperientzia" pos="NOUN">esperientzia</instance>
         <wf lemma="izan" pos="X">izan</wf>
         <wf lemma="zuen" pos="X">zuen</wf>
         <wf lemma="." pos="X">.</wf>
      </sentence>
      <sentence id="d000.s271" source="wordnet-basque">
         <wf lemma="Amaricak" pos="X">Amaricak</wf>
         <wf lemma="ezetsi" pos="X">ezetsi</wf>
         <wf lemma="egin" pos="X">egin</wf>
         <wf lemma="zuen" pos="X">zuen</wf>
         <wf lemma="kargu" pos="X">kargu</wf>
         <wf lemma="hori" pos="X">hori</wf>
         <wf lemma="," pos="X">,</wf>
         <wf lemma="bere" pos="X">bere</wf>
         <instance id="d000.s271.t000" lemma="bizitza" pos="NOUN">bizitzan</instance>
         <wf lemma="beste" pos="X">beste</wf>
         <wf lemma="hainbat" pos="X">hainbat</wf>
         <wf lemma="aldiz" pos="X">aldiz</wf>
         <wf lemma="egin" pos="X">egin</wf>
         <wf lemma="izan" pos="X">izan</wf>
         <wf lemma="zuen" pos="X">zuen</wf>
         <wf lemma="bezalaxe" pos="X">bezalaxe</wf>
         <wf lemma="," pos="X">,</wf>
         <wf lemma="bere" pos="X">bere</wf>
         <wf lemma="askatasun" pos="X">askatasun</wf>
         <wf lemma="pertsonalari" pos="X">pertsonalari</wf>
         <wf lemma="eutsi" pos="X">eutsi</wf>
         <wf lemma="nahirik" pos="X">nahirik</wf>
         <wf lemma="." pos="X">.</wf>
      </sentence>
      <sentence id="d000.s272" source="wordnet-basque">
         <instance id="d000.s272.t000" lemma="herri" pos="NOUN">herriak</instance>
         <wf lemma="agintaria" pos="X">agintaria</wf>
         <wf lemma="hautatu" pos="X">hautatu</wf>
         <wf lemma="du" pos="X">du</wf>
         <wf lemma="." pos="X">.</wf>
      </sentence>
      <sentence id="d000.s273" source="wordnet-basque">
         <wf lemma="hortik" pos="X">hortik</wf>
         <instance id="d000.s273.t000" lemma="bukaera" pos="NOUN">bukaerara</instance>
         <wf lemma="," pos="X">,</wf>
         <wf lemma="Dusko" pos="X">Dusko</wf>
         <wf lemma="Ivanovic" pos="X">Ivanovic</wf>
         <wf lemma="entrenatzailearen" pos="X">entrenatzailearen</wf>
         <wf lemma="jokalariek" pos="X">jokalariek</wf>
         <wf lemma="buruarekin" pos="X">buruarekin</wf>
         <wf lemma="baino" pos="X">baino</wf>
         <wf lemma="gehiago" pos="X">gehiago</wf>
         <wf lemma="bihotzarekin" pos="X">bihotzarekin</wf>
         <wf lemma="jokatu" pos="X">jokatu</wf>
         <wf lemma="zuten" pos="X">zuten</wf>
         <wf lemma="." pos="X">.</wf>
      </sentence>
      <sentence id="d000.s274" source="wordnet-basque">
         <wf lemma="ondorioz" pos="X">ondorioz</wf>
         <wf lemma="," pos="X">,</wf>
         <wf lemma="edozein" pos="X">edozein</wf>
         <wf lemma="unetan" pos="X">unetan</wf>
         <wf lemma="deklaratzera" pos="X">deklaratzera</wf>
         <wf lemma="joateko" pos="X">joateko</wf>
         <instance id="d000.s274.t000" lemma="dei" pos="NOUN">deia</instance>
         <wf lemma="espero" pos="X">espero</wf>
         <wf lemma="bazuen" pos="X">bazuen</wf>
         <wf lemma="ere" pos="X">ere</wf>
         <wf lemma="," pos="X">,</wf>
         <wf lemma="ez" pos="X">ez</wf>
         <wf lemma="genuen" pos="X">genuen</wf>
         <wf lemma="uste" pos="X">uste</wf>
         <wf lemma="gauzak" pos="X">gauzak</wf>
         <wf lemma="horrela" pos="X">horrela</wf>
         <wf lemma="gertatuko" pos="X">gertatuko</wf>
         <wf lemma="zirenik" pos="X">zirenik</wf>
         <wf lemma="." pos="X">.</wf>
      </sentence>
      <sentence id="d000.s275" source="wordnet-basque">
         <wf lemma="Aita" pos="X">Aita</wf>
         <wf lemma="Santuak" pos="X">Santuak</wf>
         <wf lemma="arazo" pos="X">arazo</wf>
         <wf lemma="askotarako" pos="X">askotarako</wf>
         <wf lemma="balio" pos="X">balio</wf>
         <wf lemma="dion" pos="X">dion</wf>
         <instance id="d000.s275.t000" lemma="kontseilu" pos="NOUN">kontseilua</instance>
         <wf lemma="eman" pos="X">eman</wf>
         <wf lemma="du" pos="X">du</wf>
         <wf lemma=":" pos="X">:</wf>
         <wf lemma="abstinentzia" pos="X">abstinentzia</wf>
         <wf lemma="," pos="X">,</wf>
         <wf lemma="telebista" pos="X">telebista</wf>
         <wf lemma="familiaren" pos="X">familiaren</wf>
         <wf lemma="etsaia" pos="X">etsaia</wf>
         <wf lemma="da" pos="X">da</wf>
         <wf lemma="," pos="X">,</wf>
         <wf lemma="onena" pos="X">onena</wf>
         <wf lemma="itzaltzea" pos="X">itzaltzea</wf>
         <wf lemma="." pos="X">.</wf>
      </sentence>
      <sentence id="d000.s276" source="wordnet-basque">
         <instance id="d000.s276.t000" lemma="martxa" pos="NOUN">martxa</instance>
         <wf lemma="onean" pos="X">onean</wf>
         <wf lemma="egiten" pos="X">egiten</wf>
         <wf lemma="du" pos="X">du</wf>
         <wf lemma="lan" pos="X">lan</wf>
         <wf lemma="." pos="X">.</wf>
      </sentence>
      <sentence id="d000.s277" source="wordnet-basque">
         <wf lemma="une" pos="X">une</wf>
         <wf lemma="honetako" pos="X">honetako</wf>
         <instance id="d000.s277.t000" lemma="lehentasun" pos="NOUN">lehentasun</instance>
         <wf lemma="nagusia" pos="X">nagusia</wf>
         <wf lemma="otsaila" pos="X">otsaila</wf>
         <wf lemma="baino" pos="X">baino</wf>
         <wf lemma="lehen" pos="X">lehen</wf>
         <wf lemma="azken" pos="X">azken</wf>
         <wf lemma="fase" pos="X">fase</wf>
         <wf lemma="horretarako" pos="X">horretarako</wf>
         <wf lemma="akordio-markoa" pos="X">akordio-markoa</wf>
         <wf lemma="hitzartzea" pos="X">hitzartzea</wf>
         <wf lemma="da" pos="X">da</wf>
         <wf lemma="," pos="X">,</wf>
         <wf lemma="orduan" pos="X">orduan</wf>
         <wf lemma="hasiko" pos="X">hasiko</wf>
         <wf lemma="baitira" pos="X">baitira</wf>
         <wf lemma="ofizialki" pos="X">ofizialki</wf>
         <wf lemma="negoziazioak" pos="X">negoziazioak</wf>
         <wf lemma="." pos="X">.</wf>
      </sentence>
      <sentence id="d000.s278" source="wordnet-basque">
         <wf lemma="Kremlinen" pos="X">Kremlinen</wf>
         <wf lemma="arabera" pos="X">arabera</wf>
         <wf lemma="13" pos="X">13</wf>
         <wf lemma="soldaduk" pos="X">soldaduk</wf>
         <wf lemma="galdu" pos="X">galdu</wf>
         <wf lemma="dute" pos="X">dute</wf>
         <instance id="d000.s278.t000" lemma="bizi" pos="NOUN">bizia</instance>
         <wf lemma="." pos="X">.</wf>
      </sentence>
      <sentence id="d000.s279" source="wordnet-basque">
         <wf lemma="gauzak" pos="X">gauzak</wf>
         <wf lemma="ondo" pos="X">ondo</wf>
         <wf lemma="badoaz" pos="X">badoaz</wf>
         <wf lemma="," pos="X">,</wf>
         <wf lemma="Orbaiz" pos="X">Orbaiz</wf>
         <wf lemma="Basurtuko" pos="X">Basurtuko</wf>
         <instance id="d000.s279.t000" lemma="ospitale" pos="NOUN">ospitalean</instance>
         <wf lemma="egongo" pos="X">egongo</wf>
         <wf lemma="da" pos="X">da</wf>
         <wf lemma="aste" pos="X">aste</wf>
         <wf lemma="bukaera" pos="X">bukaera</wf>
         <wf lemma="arte" pos="X">arte</wf>
         <wf lemma="." pos="X">.</wf>
      </sentence>
      <sentence id="d000.s280" source="wordnet-basque">
         <wf lemma="eskolak" pos="X">eskolak</wf>
         <instance id="d000.s280.t000" lemma="kopa" pos="NOUN">kopa</instance>
         <wf lemma="gorde" pos="X">gorde</wf>
         <wf lemma="zuen" pos="X">zuen</wf>
         <wf lemma="," pos="X">,</wf>
         <wf lemma="kasu" pos="X">kasu</wf>
         <wf lemma="berezia" pos="X">berezia</wf>
         <wf lemma="zelako" pos="X">zelako</wf>
         <wf lemma="." pos="X">.</wf>
      </sentence>
      <sentence id="d000.s281" source="wordnet-basque">
         <wf lemma="argudioaren" pos="X">argudioaren</wf>
         <instance id="d000.s281.t000" lemma="gune" pos="NOUN">gunea</instance>
         <wf lemma="aldatu" pos="X">aldatu</wf>
         <wf lemma="egin" pos="X">egin</wf>
         <wf lemma="zen" pos="X">zen</wf>
         <wf lemma="gerra" pos="X">gerra</wf>
         <wf lemma="aipatu" pos="X">aipatu</wf>
         <wf lemma="bezain" pos="X">bezain</wf>
         <wf lemma="laster" pos="X">laster</wf>
         <wf lemma="." pos="X">.</wf>
      </sentence>
      <sentence id="d000.s282" source="wordnet-basque">
         <wf lemma="esan" pos="X">esan</wf>
         <wf lemma="daiteke" pos="X">daiteke</wf>
         <wf lemma="Zuzenbide" pos="X">Zuzenbide</wf>
         <wf lemma="Publiko" pos="X">Publiko</wf>
         <wf lemma="osoa" pos="X">osoa</wf>
         <wf lemma="ezabatua" pos="X">ezabatua</wf>
         <wf lemma="geratu" pos="X">geratu</wf>
         <wf lemma="zela" pos="X">zela</wf>
         <wf lemma="," pos="X">,</wf>
         <wf lemma="eta" pos="X">eta</wf>
         <wf lemma="haren" pos="X">haren</wf>
         <wf lemma="ondoren" pos="X">ondoren</wf>
         <wf lemma="sortu" pos="X">sortu</wf>
         <wf lemma="ziren" pos="X">ziren</wf>
         <wf lemma="beste" pos="X">beste</wf>
         <instance id="d000.s282.t000" lemma="erakunde" pos="NOUN">erakundeak</instance>
         <wf lemma="jatorrizko" pos="X">jatorrizko</wf>
         <wf lemma="Foru-sistematik" pos="X">Foru-sistematik</wf>
         <wf lemma="kanpo" pos="X">kanpo</wf>
         <wf lemma="sortutakoak" pos="X">sortutakoak</wf>
         <wf lemma="direla" pos="X">direla</wf>
         <wf lemma="." pos="X">.</wf>
      </sentence>
      <sentence id="d000.s283" source="wordnet-basque">
         <wf lemma="Jauna" pos="X">Jauna</wf>
         <wf lemma="," pos="X">,</wf>
         <wf lemma="ogiaren" pos="X">ogiaren</wf>
         <wf lemma="eta" pos="X">eta</wf>
         <wf lemma="ardoaren" pos="X">ardoaren</wf>
         <instance id="d000.s283.t000" lemma="eskaintza" pos="NOUN">eskaintza</instance>
         <wf lemma="egiten" pos="X">egiten</wf>
         <wf lemma="dizugu" pos="X">dizugu</wf>
         <wf lemma="." pos="X">.</wf>
      </sentence>
      <sentence id="d000.s284" source="wordnet-basque">
         <wf lemma="abokatuek" pos="X">abokatuek</wf>
         <wf lemma="eta" pos="X">eta</wf>
         <wf lemma="senideek" pos="X">senideek</wf>
         <wf lemma="," pos="X">,</wf>
         <wf lemma="ordea" pos="X">ordea</wf>
         <wf lemma="," pos="X">,</wf>
         <wf lemma="oso" pos="X">oso</wf>
         <wf lemma="garbi" pos="X">garbi</wf>
         <wf lemma="daukate" pos="X">daukate</wf>
         <wf lemma="presio" pos="X">presio</wf>
         <wf lemma="eta" pos="X">eta</wf>
         <instance id="d000.s284.t000" lemma="mehatxu" pos="NOUN">mehatxuen</instance>
         <wf lemma="bidez" pos="X">bidez</wf>
         <wf lemma="egin" pos="X">egin</wf>
         <wf lemma="dituztela" pos="X">dituztela</wf>
         <wf lemma="aitorpen" pos="X">aitorpen</wf>
         <wf lemma="horiek" pos="X">horiek</wf>
         <wf lemma="." pos="X">.</wf>
      </sentence>
      <sentence id="d000.s285" source="wordnet-basque">
         <wf lemma="hipotesi" pos="X">hipotesi</wf>
         <wf lemma="hau" pos="X">hau</wf>
         <wf lemma="asko" pos="X">asko</wf>
         <wf lemma="hurbiltzen" pos="X">hurbiltzen</wf>
         <wf lemma="zaio" pos="X">zaio</wf>
         <wf lemma="gaur" pos="X">gaur</wf>
         <wf lemma="egun" pos="X">egun</wf>
         <wf lemma="zientziak" pos="X">zientziak</wf>
         <wf lemma="materiaren" pos="X">materiaren</wf>
         <instance id="d000.s285.t000" lemma="osaketa" pos="NOUN">osaketari</instance>
         <wf lemma="buruz" pos="X">buruz</wf>
         <wf lemma="dioenari" pos="X">dioenari</wf>
         <wf lemma="." pos="X">.</wf>
      </sentence>
      <sentence id="d000.s286" source="wordnet-basque">
         <wf lemma="bitxikeriatzat" pos="X">bitxikeriatzat</wf>
         <wf lemma="dugun" pos="X">dugun</wf>
         <wf lemma="zenbait" pos="X">zenbait</wf>
         <instance id="d000.s286.t000" lemma="gauza" pos="NOUN">gauzaren</instance>
         <wf lemma="arruntasuna" pos="X">arruntasuna</wf>
         <wf lemma="ikusteko" pos="X">ikusteko</wf>
         <wf lemma="da" pos="X">da</wf>
         <wf lemma=":" pos="X">:</wf>
         <wf lemma="pobrea" pos="X">pobrea</wf>
         <wf lemma="ikusten" pos="X">ikusten</wf>
         <wf lemma="zuten" pos="X">zuten</wf>
         <wf lemma="beren" pos="X">beren</wf>
         <wf lemma="latinaren" pos="X">latinaren</wf>
         <wf lemma="ondoan" pos="X">ondoan</wf>
         <wf lemma="," pos="X">,</wf>
         <wf lemma="eta" pos="X">eta</wf>
         <wf lemma="batzuetan" pos="X">batzuetan</wf>
         <wf lemma="hizkuntzari" pos="X">hizkuntzari</wf>
         <wf lemma="berari" pos="X">berari</wf>
         <wf lemma="leporatzen" pos="X">leporatzen</wf>
         <wf lemma="zioten" pos="X">zioten</wf>
         <wf lemma="errua" pos="X">errua</wf>
         <wf lemma="," pos="X">,</wf>
         <wf lemma="beste" pos="X">beste</wf>
         <wf lemma="batzuetan" pos="X">batzuetan</wf>
         <wf lemma="ez" pos="X">ez</wf>
         <wf lemma="hizkuntzari" pos="X">hizkuntzari</wf>
         <wf lemma="baizik" pos="X">baizik</wf>
         <wf lemma="hiztunen" pos="X">hiztunen</wf>
         <wf lemma="axolagabekeriari" pos="X">axolagabekeriari</wf>
         <wf lemma="." pos="X">.</wf>
      </sentence>
      <sentence id="d000.s287" source="wordnet-basque">
         <instance id="d000.s287.t000" lemma="zerbitzu" pos="NOUN">zerbitzu</instance>
         <wf lemma="propioak" pos="X">propioak</wf>
         <wf lemma="dituzten" pos="X">dituzten</wf>
         <wf lemma="udalekin" pos="X">udalekin</wf>
         <wf lemma="hitzarmenak" pos="X">hitzarmenak</wf>
         <wf lemma="egin" pos="X">egin</wf>
         <wf lemma="ere" pos="X">ere</wf>
         <wf lemma="." pos="X">.</wf>
      </sentence>
      <sentence id="d000.s288" source="wordnet-basque">
         <wf lemma="ezezkoaren" pos="X">ezezkoaren</wf>
         <wf lemma="garaipenak" pos="X">garaipenak</wf>
         <instance id="d000.s288.t000" lemma="kolpe" pos="NOUN">kolpe</instance>
         <wf lemma="handia" pos="X">handia</wf>
         <wf lemma="emango" pos="X">emango</wf>
         <wf lemma="lioke" pos="X">lioke</wf>
         <wf lemma="jadanik" pos="X">jadanik</wf>
         <wf lemma="ahul" pos="X">ahul</wf>
         <wf lemma="dagoen" pos="X">dagoen</wf>
         <wf lemma="euroari" pos="X">euroari</wf>
         <wf lemma="." pos="X">.</wf>
      </sentence>
      <sentence id="d000.s289" source="wordnet-basque">
         <wf lemma="Eli" pos="X">Eli</wf>
         <wf lemma="bakarrik" pos="X">bakarrik</wf>
         <wf lemma="dago" pos="X">dago</wf>
         <instance id="d000.s289.t000" lemma="mendi" pos="NOUN">mendi</instance>
         <wf lemma="mortu" pos="X">mortu</wf>
         <wf lemma="baten" pos="X">baten</wf>
         <wf lemma="gailurrean" pos="X">gailurrean</wf>
         <wf lemma="." pos="X">.</wf>
      </sentence>
      <sentence id="d000.s290" source="wordnet-basque">
         <wf lemma="arazoa" pos="X">arazoa</wf>
         <wf lemma="da" pos="X">da</wf>
         <wf lemma="ez" pos="X">ez</wf>
         <wf lemma="daudela" pos="X">daudela</wf>
         <wf lemma="instituzioak" pos="X">instituzioak</wf>
         <wf lemma="arau" pos="X">arau</wf>
         <wf lemma="horiek" pos="X">horiek</wf>
         <wf lemma="betetzen" pos="X">betetzen</wf>
         <wf lemma="diren" pos="X">diren</wf>
         <wf lemma="bermatzeko" pos="X">bermatzeko</wf>
         <wf lemma=":" pos="X">:</wf>
         <wf lemma="NATOk" pos="X">NATOk</wf>
         <wf lemma="ez" pos="X">ez</wf>
         <wf lemma="du" pos="X">du</wf>
         <wf lemma="legitimitaterik" pos="X">legitimitaterik</wf>
         <wf lemma="Kosovoko" pos="X">Kosovoko</wf>
         <wf lemma="auzian" pos="X">auzian</wf>
         <wf lemma="esku" pos="X">esku</wf>
         <wf lemma="hartzeko" pos="X">hartzeko</wf>
         <wf lemma="," pos="X">,</wf>
         <instance id="d000.s290.t000" lemma="adibide" pos="NOUN">adibide</instance>
         <wf lemma="bat" pos="X">bat</wf>
         <wf lemma="jartzearren" pos="X">jartzearren</wf>
         <wf lemma="." pos="X">.</wf>
      </sentence>
      <sentence id="d000.s291" source="wordnet-basque">
         <wf lemma="ez" pos="X">ez</wf>
         <wf lemma="zuen" pos="X">zuen</wf>
         <wf lemma="etsaiari" pos="X">etsaiari</wf>
         <wf lemma="aurre" pos="X">aurre</wf>
         <wf lemma="egiteko" pos="X">egiteko</wf>
         <instance id="d000.s291.t000" lemma="bihotz" pos="NOUN">bihotzik</instance>
         <wf lemma="izan" pos="X">izan</wf>
         <wf lemma="." pos="X">.</wf>
      </sentence>
      <sentence id="d000.s292" source="wordnet-basque">
         <wf lemma="Punch" pos="X">Punch</wf>
         <wf lemma="aldizkariko" pos="X">aldizkariko</wf>
         <instance id="d000.s292.t000" lemma="karikatura" pos="NOUN">karikatura</instance>
         <wf lemma="batek" pos="X">batek</wf>
         <wf lemma="," pos="X">,</wf>
         <wf lemma="Jap" pos="X">Jap</wf>
         <wf lemma="Hiltzaile" pos="X">Hiltzaile</wf>
         <wf lemma="Erraldoia" pos="X">Erraldoia</wf>
         <wf lemma="izenburuarekin" pos="X">izenburuarekin</wf>
         <wf lemma="," pos="X">,</wf>
         <wf lemma="garai" pos="X">garai</wf>
         <wf lemma="hartako" pos="X">hartako</wf>
         <wf lemma="britainiar" pos="X">britainiar</wf>
         <wf lemma="jendearen" pos="X">jendearen</wf>
         <wf lemma="jarrera" pos="X">jarrera</wf>
         <wf lemma="atsegin" pos="X">atsegin</wf>
         <wf lemma="eta" pos="X">eta</wf>
         <wf lemma="arina" pos="X">arina</wf>
         <wf lemma="erakusten" pos="X">erakusten</wf>
         <wf lemma="du" pos="X">du</wf>
         <wf lemma="." pos="X">.</wf>
      </sentence>
      <sentence id="d000.s293" source="wordnet-basque">
         <wf lemma="sagardo" pos="X">sagardo</wf>
         <wf lemma="botilaren" pos="X">botilaren</wf>
         <wf lemma="azpiko" pos="X">azpiko</wf>
         <wf lemma="aldean" pos="X">aldean</wf>
         <wf lemma="ikus" pos="X">ikus</wf>
         <wf lemma="daitekeen" pos="X">daitekeen</wf>
         <instance id="d000.s293.t000" lemma="liga" pos="NOUN">liga</instance>
         <wf lemma="naturaltasunaren" pos="X">naturaltasunaren</wf>
         <wf lemma="bermea" pos="X">bermea</wf>
         <wf lemma="da" pos="X">da</wf>
         <wf lemma="." pos="X">.</wf>
      </sentence>
      <sentence id="d000.s294" source="wordnet-basque">
         <wf lemma="Europako" pos="X">Europako</wf>
         <wf lemma="herrialde" pos="X">herrialde</wf>
         <wf lemma="aurreratu" pos="X">aurreratu</wf>
         <wf lemma="batzuetan" pos="X">batzuetan</wf>
         <wf lemma="mutikoak" pos="X">mutikoak</wf>
         <wf lemma="eta" pos="X">eta</wf>
         <wf lemma="neskatoak" pos="X">neskatoak</wf>
         <wf lemma="eskolan" pos="X">eskolan</wf>
         <wf lemma="bananduta" pos="X">bananduta</wf>
         <wf lemma="hezitzeko" pos="X">hezitzeko</wf>
         <instance id="d000.s294.t000" lemma="saio" pos="NOUN">saioak</instance>
         <wf lemma="berreskuratu" pos="X">berreskuratu</wf>
         <wf lemma="egin" pos="X">egin</wf>
         <wf lemma="behar" pos="X">behar</wf>
         <wf lemma="direlakoan" pos="X">direlakoan</wf>
         <wf lemma="daude" pos="X">daude</wf>
         <wf lemma="pedagogo" pos="X">pedagogo</wf>
         <wf lemma="edo" pos="X">edo</wf>
         <wf lemma="hezitzaile" pos="X">hezitzaile</wf>
         <wf lemma="batzuk" pos="X">batzuk</wf>
         <wf lemma="." pos="X">.</wf>
      </sentence>
      <sentence id="d000.s295" source="wordnet-basque">
         <wf lemma="Espainian" pos="X">Espainian</wf>
         <wf lemma="martxan" pos="X">martxan</wf>
         <wf lemma="dagoen" pos="X">dagoen</wf>
         <wf lemma="zentral" pos="X">zentral</wf>
         <wf lemma="zaharrena" pos="X">zaharrena</wf>
         <wf lemma="da" pos="X">da</wf>
         <wf lemma="eta" pos="X">eta</wf>
         <wf lemma="eraiki" pos="X">eraiki</wf>
         <wf lemma="zenean" pos="X">zenean</wf>
         <wf lemma="40" pos="X">40</wf>
         <wf lemma="urteko" pos="X">urteko</wf>
         <instance id="d000.s295.t000" lemma="bizi" pos="NOUN">bizia</instance>
         <wf lemma="aurreikusi" pos="X">aurreikusi</wf>
         <wf lemma="zitzaion" pos="X">zitzaion</wf>
         <wf lemma="." pos="X">.</wf>
      </sentence>
      <sentence id="d000.s296" source="wordnet-basque">
         <wf lemma="Dabid" pos="X">Dabid</wf>
         <wf lemma="sasi" pos="X">sasi</wf>
         <wf lemma="gerlari" pos="X">gerlari</wf>
         <wf lemma="bat" pos="X">bat</wf>
         <wf lemma="zen" pos="X">zen</wf>
         <wf lemma="eta" pos="X">eta</wf>
         <wf lemma="emeki" pos="X">emeki</wf>
         <wf lemma="emeki" pos="X">emeki</wf>
         <wf lemma="eginen" pos="X">eginen</wf>
         <wf lemma="du" pos="X">du</wf>
         <wf lemma="leinu" pos="X">leinu</wf>
         <wf lemma="guzien" pos="X">guzien</wf>
         <wf lemma="batasuna" pos="X">batasuna</wf>
         <wf lemma="," pos="X">,</wf>
         <wf lemma="ordutik" pos="X">ordutik</wf>
         <instance id="d000.s296.t000" lemma="aita" pos="NOUN">aita</instance>
         <wf lemma="gisa" pos="X">gisa</wf>
         <wf lemma="hartua" pos="X">hartua</wf>
         <wf lemma="izan" pos="X">izan</wf>
         <wf lemma="da" pos="X">da</wf>
         <wf lemma="." pos="X">.</wf>
      </sentence>
      <sentence id="d000.s297" source="wordnet-basque">
         <wf lemma="baserriko" pos="X">baserriko</wf>
         <wf lemma="ogia" pos="X">ogia</wf>
         <wf lemma="hiru" pos="X">hiru</wf>
         <wf lemma="tamaina" pos="X">tamaina</wf>
         <wf lemma="ezberdinetan" pos="X">ezberdinetan</wf>
         <wf lemma="ekoizten" pos="X">ekoizten</wf>
         <wf lemma="dugu" pos="X">dugu</wf>
         <wf lemma="gurean" pos="X">gurean</wf>
         <wf lemma=":" pos="X">:</wf>
         <wf lemma="ogi" pos="X">ogi</wf>
         <wf lemma="handia" pos="X">handia</wf>
         <wf lemma="(" pos="X">(</wf>
         <wf lemma="kilo" pos="X">kilo</wf>
         <wf lemma="batekoa" pos="X">batekoa</wf>
         <wf lemma=")" pos="X">)</wf>
         <wf lemma="," pos="X">,</wf>
         <wf lemma="ogi" pos="X">ogi</wf>
         <wf lemma="ertaina" pos="X">ertaina</wf>
         <wf lemma="(" pos="X">(</wf>
         <instance id="d000.s297.t000" lemma="libera" pos="NOUN">libera</instance>
         <wf lemma="batekoa" pos="X">batekoa</wf>
         <wf lemma=")" pos="X">)</wf>
         <wf lemma="," pos="X">,</wf>
         <wf lemma="eta" pos="X">eta</wf>
         <wf lemma="txikia" pos="X">txikia</wf>
         <wf lemma="(" pos="X">(</wf>
         <wf lemma="libera" pos="X">libera</wf>
         <wf lemma="erdikoa" pos="X">erdikoa</wf>
         <wf lemma=")" pos="X">)</wf>
         <wf lemma="." pos="X">.</wf>
      </sentence>
      <sentence id="d000.s298" source="wordnet-basque">
         <wf lemma="akziodunen" pos="X">akziodunen</wf>
         <wf lemma="txaloekin" pos="X">txaloekin</wf>
         <wf lemma="batzarra" pos="X">batzarra</wf>
         <wf lemma="bukatutzat" pos="X">bukatutzat</wf>
         <wf lemma="eman" pos="X">eman</wf>
         <wf lemma="zuen" pos="X">zuen</wf>
         <instance id="d000.s298.t000" lemma="presidente" pos="NOUN">presidenteak</instance>
         <wf lemma="." pos="X">.</wf>
      </sentence>
      <sentence id="d000.s299" source="wordnet-basque">
         <wf lemma="Lubaki" pos="X">Lubaki</wf>
         <wf lemma="Bandak" pos="X">Bandak</wf>
         <wf lemma="egina" pos="X">egina</wf>
         <wf lemma="," pos="X">,</wf>
         <wf lemma="Susa" pos="X">Susa</wf>
         <wf lemma="aldizkariaren" pos="X">aldizkariaren</wf>
         <wf lemma="33." pos="X">33.</wf>
         <instance id="d000.s299.t000" lemma="ale" pos="NOUN">alea</instance>
         <wf lemma="kaleratu" pos="X">kaleratu</wf>
         <wf lemma="zen" pos="X">zen</wf>
         <wf lemma="," pos="X">,</wf>
         <wf lemma="Afrika" pos="X">Afrika</wf>
         <wf lemma="gai" pos="X">gai</wf>
         <wf lemma="zuena" pos="X">zuena</wf>
         <wf lemma="." pos="X">.</wf>
      </sentence>
      <sentence id="d000.s300" source="wordnet-basque">
         <wf lemma="errepresioaren" pos="X">errepresioaren</wf>
         <instance id="d000.s300.t000" lemma="aurpegi" pos="NOUN">aurpegiak</instance>
         <wf lemma="ugariak" pos="X">ugariak</wf>
         <wf lemma="direla" pos="X">direla</wf>
         <wf lemma="esan" pos="X">esan</wf>
         <wf lemma="zuen" pos="X">zuen</wf>
         <wf lemma="." pos="X">.</wf>
      </sentence>
      <sentence id="d000.s301" source="wordnet-basque">
         <wf lemma="oinak" pos="X">oinak</wf>
         <wf lemma="eta" pos="X">eta</wf>
         <wf lemma="eskuak" pos="X">eskuak</wf>
         <wf lemma="ehun" pos="X">ehun</wf>
         <instance id="d000.s301.t000" lemma="zerrenda" pos="NOUN">zerrendaz</instance>
         <wf lemma="lotuak" pos="X">lotuak</wf>
         <wf lemma="." pos="X">.</wf>
      </sentence>
      <sentence id="d000.s302" source="wordnet-basque">
         <wf lemma="alderdiko" pos="X">alderdiko</wf>
         <wf lemma="kideei" pos="X">kideei</wf>
         <wf lemma="ez" pos="X">ez</wf>
         <wf lemma="diegu" pos="X">diegu</wf>
         <instance id="d000.s302.t000" lemma="agindu" pos="NOUN">agindu</instance>
         <wf lemma="bat" pos="X">bat</wf>
         <wf lemma="eman" pos="X">eman</wf>
         <wf lemma="," pos="X">,</wf>
         <wf lemma="dei" pos="X">dei</wf>
         <wf lemma="bat" pos="X">bat</wf>
         <wf lemma="besterik" pos="X">besterik</wf>
         <wf lemma="ez" pos="X">ez</wf>
         <wf lemma="da" pos="X">da</wf>
         <wf lemma="izan" pos="X">izan</wf>
         <wf lemma="." pos="X">.</wf>
      </sentence>
      <sentence id="d000.s303" source="wordnet-basque">
         <wf lemma="Gorenak" pos="X">Gorenak</wf>
         <wf lemma="ez" pos="X">ez</wf>
         <wf lemma="du" pos="X">du</wf>
         <wf lemma="horri" pos="X">horri</wf>
         <wf lemma="buruzko" pos="X">buruzko</wf>
         <instance id="d000.s303.t000" lemma="iritzi" pos="NOUN">iritzirik</instance>
         <wf lemma="eman" pos="X">eman</wf>
         <wf lemma="," pos="X">,</wf>
         <wf lemma="eta" pos="X">eta</wf>
         <wf lemma="jarraitu" pos="X">jarraitu</wf>
         <wf lemma="beharreko" pos="X">beharreko</wf>
         <wf lemma="prozedura" pos="X">prozedura</wf>
         <wf lemma="beste" pos="X">beste</wf>
         <wf lemma="bat" pos="X">bat</wf>
         <wf lemma="dela" pos="X">dela</wf>
         <wf lemma="argudiatu" pos="X">argudiatu</wf>
         <wf lemma="." pos="X">.</wf>
      </sentence>
      <sentence id="d000.s304" source="wordnet-basque">
         <wf lemma="nolako" pos="X">nolako</wf>
         <instance id="d000.s304.t000" lemma="demokrazia" pos="NOUN">demokrazia</instance>
         <wf lemma="bananeroa" pos="X">bananeroa</wf>
         <wf lemma="da" pos="X">da</wf>
         <wf lemma="hau" pos="X">hau</wf>
         <wf lemma="Gobernua" pos="X">Gobernua</wf>
         <wf lemma="ezin" pos="X">ezin</wf>
         <wf lemma="bada" pos="X">bada</wf>
         <wf lemma="kontrolatu" pos="X">kontrolatu</wf>
         <wf lemma="?" pos="X">?</wf>
      </sentence>
      <sentence id="d000.s305" source="wordnet-basque">
         <wf lemma="egun" pos="X">egun</wf>
         <wf lemma="haiek" pos="X">haiek</wf>
         <wf lemma="askatasun" pos="X">askatasun</wf>
         <wf lemma="osoz" pos="X">osoz</wf>
         <wf lemma="gozatu" pos="X">gozatu</wf>
         <wf lemma="genituen" pos="X">genituen</wf>
         <wf lemma="biok" pos="X">biok</wf>
         <wf lemma=":" pos="X">:</wf>
         <wf lemma="nik" pos="X">nik</wf>
         <wf lemma="zure" pos="X">zure</wf>
         <wf lemma="edertasun" pos="X">edertasun</wf>
         <wf lemma="eta" pos="X">eta</wf>
         <instance id="d000.s305.t000" lemma="konpainia" pos="NOUN">konpainiaz</instance>
         <wf lemma="," pos="X">,</wf>
         <wf lemma="zuk" pos="X">zuk</wf>
         <wf lemma="nire" pos="X">nire</wf>
         <wf lemma="afektuaz" pos="X">afektuaz</wf>
         <wf lemma="," pos="X">,</wf>
         <wf lemma="eta" pos="X">eta</wf>
         <wf lemma="biok" pos="X">biok</wf>
         <wf lemma="bizitzaz" pos="X">bizitzaz</wf>
         <wf lemma="." pos="X">.</wf>
      </sentence>
      <sentence id="d000.s306" source="wordnet-basque">
         <wf lemma="Mujikaren" pos="X">Mujikaren</wf>
         <wf lemma="agerraldi" pos="X">agerraldi</wf>
         <wf lemma="baten" pos="X">baten</wf>
         <wf lemma="sartu" pos="X">sartu</wf>
         <wf lemma="dira" pos="X">dira</wf>
         <wf lemma="bi" pos="X">bi</wf>
         <wf lemma="lagun" pos="X">lagun</wf>
         <wf lemma="presoen" pos="X">presoen</wf>
         <instance id="d000.s306.t000" lemma="defentsa" pos="NOUN">defentsan</instance>
         <wf lemma="." pos="X">.</wf>
      </sentence>
      <sentence id="d000.s307" source="wordnet-basque">
         <wf lemma="ustekabeko" pos="X">ustekabeko</wf>
         <instance id="d000.s307.t000" lemma="bisita" pos="NOUN">bisita</instance>
         <wf lemma="." pos="X">.</wf>
      </sentence>
      <sentence id="d000.s308" source="wordnet-basque">
         <wf lemma="Hezkuntza" pos="X">Hezkuntza</wf>
         <wf lemma="Sistemaren" pos="X">Sistemaren</wf>
         <wf lemma="Antolamendu" pos="X">Antolamendu</wf>
         <wf lemma="Orokorrerako" pos="X">Orokorrerako</wf>
         <wf lemma="Legearen" pos="X">Legearen</wf>
         <wf lemma="bertutetariko" pos="X">bertutetariko</wf>
         <wf lemma="bat" pos="X">bat</wf>
         <wf lemma="," pos="X">,</wf>
         <wf lemma="eskema" pos="X">eskema</wf>
         <wf lemma="hoiek" pos="X">hoiek</wf>
         <wf lemma="gainditzea" pos="X">gainditzea</wf>
         <wf lemma="izan" pos="X">izan</wf>
         <wf lemma="zen" pos="X">zen</wf>
         <wf lemma="eta" pos="X">eta</wf>
         <instance id="d000.s308.t000" lemma="teknologia" pos="NOUN">teknologia</instance>
         <wf lemma="gaia" pos="X">gaia</wf>
         <wf lemma="hezkuntza" pos="X">hezkuntza</wf>
         <wf lemma="maila" pos="X">maila</wf>
         <wf lemma="desberdinetan" pos="X">desberdinetan</wf>
         <wf lemma="sartzea" pos="X">sartzea</wf>
         <wf lemma="." pos="X">.</wf>
      </sentence>
      <sentence id="d000.s309" source="wordnet-basque">
         <wf lemma="Eusko" pos="X">Eusko</wf>
         <wf lemma="Jaurlaritzaren" pos="X">Jaurlaritzaren</wf>
         <wf lemma="arrantza" pos="X">arrantza</wf>
         <wf lemma="politika" pos="X">politika</wf>
         <wf lemma="helburu" pos="X">helburu</wf>
         <wf lemma="horretara" pos="X">horretara</wf>
         <wf lemma="bideratuta" pos="X">bideratuta</wf>
         <wf lemma="dago" pos="X">dago</wf>
         <wf lemma="," pos="X">,</wf>
         <wf lemma="flotaren" pos="X">flotaren</wf>
         <instance id="d000.s309.t000" lemma="teknologia" pos="NOUN">teknologiaren</instance>
         <wf lemma="hobekuntza" pos="X">hobekuntza</wf>
         <wf lemma="," pos="X">,</wf>
         <wf lemma="kala" pos="X">kala</wf>
         <wf lemma="hobeak" pos="X">hobeak</wf>
         <wf lemma="," pos="X">,</wf>
         <wf lemma="arrantza" pos="X">arrantza</wf>
         <wf lemma="eremuen" pos="X">eremuen</wf>
         <wf lemma="gestioa" pos="X">gestioa</wf>
         <wf lemma="eta" pos="X">eta</wf>
         <wf lemma="merkaturatzea" pos="X">merkaturatzea</wf>
         <wf lemma="." pos="X">.</wf>
      </sentence>
      <sentence id="d000.s310" source="wordnet-basque">
         <wf lemma="Dow" pos="X">Dow</wf>
         <wf lemma="Jonesen" pos="X">Jonesen</wf>
         <wf lemma="beherakada" pos="X">beherakada</wf>
         <wf lemma="eta" pos="X">eta</wf>
         <wf lemma="Danimarkako" pos="X">Danimarkako</wf>
         <instance id="d000.s310.t000" lemma="erreferendum" pos="NOUN">erreferendumeko</instance>
         <wf lemma="ezezkoa" pos="X">ezezkoa</wf>
         <wf lemma="izan" pos="X">izan</wf>
         <wf lemma="ziren" pos="X">ziren</wf>
         <wf lemma="atzo" pos="X">atzo</wf>
         <wf lemma="." pos="X">.</wf>
      </sentence>
      <sentence id="d000.s311" source="wordnet-basque">
         <wf lemma="edozein" pos="X">edozein</wf>
         <wf lemma="neurketa" pos="X">neurketa</wf>
         <wf lemma="tresna" pos="X">tresna</wf>
         <wf lemma="baliagarritasunaren" pos="X">baliagarritasunaren</wf>
         <wf lemma="ikuspegitik" pos="X">ikuspegitik</wf>
         <wf lemma="aztertu" pos="X">aztertu</wf>
         <wf lemma="beharra" pos="X">beharra</wf>
         <wf lemma="dago" pos="X">dago</wf>
         <wf lemma="neurketa" pos="X">neurketa</wf>
         <wf lemma="errepikatuak" pos="X">errepikatuak</wf>
         <wf lemma="egin" pos="X">egin</wf>
         <wf lemma="ondoren" pos="X">ondoren</wf>
         <wf lemma="antzeko" pos="X">antzeko</wf>
         <instance id="d000.s311.t000" lemma="emaitza" pos="NOUN">emaitzak</instance>
         <wf lemma="lortzen" pos="X">lortzen</wf>
         <wf lemma="badira" pos="X">badira</wf>
         <wf lemma="." pos="X">.</wf>
      </sentence>
      <sentence id="d000.s312" source="wordnet-basque">
         <wf lemma="noiznahi" pos="X">noiznahi</wf>
         <wf lemma="ikusiko" pos="X">ikusiko</wf>
         <wf lemma="zenuen" pos="X">zenuen</wf>
         <wf lemma="egun" pos="X">egun</wf>
         <wf lemma="txinta" pos="X">txinta</wf>
         <wf lemma="aldera" pos="X">aldera</wf>
         <wf lemma="arte" pos="X">arte</wf>
         <instance id="d000.s312.t000" lemma="joko" pos="NOUN">jokoan</instance>
         <wf lemma="," pos="X">,</wf>
         <wf lemma="eta" pos="X">eta</wf>
         <wf lemma="apika" pos="X">apika</wf>
         <wf lemma="hamazazpi" pos="X">hamazazpi</wf>
         <wf lemma="egunetan" pos="X">egunetan</wf>
         <wf lemma="ez" pos="X">ez</wf>
         <wf lemma="zen" pos="X">zen</wf>
         <wf lemma="," pos="X">,</wf>
         <wf lemma="kalera" pos="X">kalera</wf>
         <wf lemma="aterako" pos="X">aterako</wf>
         <wf lemma="." pos="X">.</wf>
      </sentence>
      <sentence id="d000.s313" source="wordnet-basque">
         <wf lemma="landarea" pos="X">landarea</wf>
         <wf lemma="hazi" pos="X">hazi</wf>
         <wf lemma="ahala" pos="X">ahala</wf>
         <wf lemma="," pos="X">,</wf>
         <instance id="d000.s313.t000" lemma="lorontzi" pos="NOUN">lorontzi</instance>
         <wf lemma="handiagora" pos="X">handiagora</wf>
         <wf lemma="birlandatu" pos="X">birlandatu</wf>
         <wf lemma="behar" pos="X">behar</wf>
         <wf lemma="da" pos="X">da</wf>
         <wf lemma="." pos="X">.</wf>
      </sentence>
      <sentence id="d000.s314" source="wordnet-basque">
         <wf lemma="programak" pos="X">programak</wf>
         <wf lemma="angeluaren" pos="X">angeluaren</wf>
         <wf lemma="graduak" pos="X">graduak</wf>
         <wf lemma="," pos="X">,</wf>
         <wf lemma="minutuak" pos="X">minutuak</wf>
         <wf lemma="eta" pos="X">eta</wf>
         <instance id="d000.s314.t000" lemma="segundo" pos="NOUN">segundoak</instance>
         <wf lemma="lortu" pos="X">lortu</wf>
         <wf lemma="behar" pos="X">behar</wf>
         <wf lemma="." pos="X">.</wf>
      </sentence>
      <sentence id="d000.s315" source="wordnet-basque">
         <wf lemma="moldatze" pos="X">moldatze</wf>
         <wf lemma="lanen" pos="X">lanen</wf>
         <wf lemma="kontra" pos="X">kontra</wf>
         <wf lemma="agertu" pos="X">agertu</wf>
         <wf lemma="da" pos="X">da</wf>
         <wf lemma="Berako" pos="X">Berako</wf>
         <instance id="d000.s315.t000" lemma="herritar" pos="NOUN">herritar</instance>
         <wf lemma="talde" pos="X">talde</wf>
         <wf lemma="bat" pos="X">bat</wf>
         <wf lemma="." pos="X">.</wf>
      </sentence>
      <sentence id="d000.s316" source="wordnet-basque">
         <wf lemma="unibertsitateko" pos="X">unibertsitateko</wf>
         <wf lemma="eraikuntza" pos="X">eraikuntza</wf>
         <wf lemma="eta" pos="X">eta</wf>
         <instance id="d000.s316.t000" lemma="material" pos="NOUN">materialak</instance>
         <wf lemma="ederki" pos="X">ederki</wf>
         <wf lemma="zaindu" pos="X">zaindu</wf>
         <wf lemma="ditu" pos="X">ditu</wf>
         <wf lemma="enpresa" pos="X">enpresa</wf>
         <wf lemma="kontratatuak" pos="X">kontratatuak</wf>
         <wf lemma="." pos="X">.</wf>
      </sentence>
      <sentence id="d000.s317" source="wordnet-basque">
         <wf lemma="ahoskera" pos="X">ahoskera</wf>
         <wf lemma="ikasteko" pos="X">ikasteko</wf>
         <wf lemma="izeneko" pos="X">izeneko</wf>
         <wf lemma="ikaste-programa" pos="X">ikaste-programa</wf>
         <wf lemma="eta" pos="X">eta</wf>
         <wf lemma="atzerriko" pos="X">atzerriko</wf>
         <wf lemma="herrialde" pos="X">herrialde</wf>
         <wf lemma="batean" pos="X">batean</wf>
         <wf lemma="moldatzeko" pos="X">moldatzeko</wf>
         <instance id="d000.s317.t000" lemma="programa" pos="NOUN">programa</instance>
         <wf lemma="aipatutako" pos="X">aipatutako</wf>
         <wf lemma="autore-paketeen" pos="X">autore-paketeen</wf>
         <wf lemma="bidez" pos="X">bidez</wf>
         <wf lemma="sortutako" pos="X">sortutako</wf>
         <wf lemma="aplikazioak" pos="X">aplikazioak</wf>
         <wf lemma="ditugu" pos="X">ditugu</wf>
         <wf lemma="." pos="X">.</wf>
      </sentence>
      <sentence id="d000.s318" source="wordnet-basque">
         <wf lemma="Madrilen" pos="X">Madrilen</wf>
         <wf lemma="PPren" pos="X">PPren</wf>
         <wf lemma="egoitza" pos="X">egoitza</wf>
         <wf lemma="eta" pos="X">eta</wf>
         <wf lemma="Entzutegi" pos="X">Entzutegi</wf>
         <wf lemma="Nazionalaren" pos="X">Nazionalaren</wf>
         <wf lemma="ondoan" pos="X">ondoan</wf>
         <wf lemma="kotxe" pos="X">kotxe</wf>
         <wf lemma="bati" pos="X">bati</wf>
         <instance id="d000.s318.t000" lemma="errepide" pos="NOUN">errepide</instance>
         <wf lemma="erdian" pos="X">erdian</wf>
         <wf lemma="buelta" pos="X">buelta</wf>
         <wf lemma="eman" pos="X">eman</wf>
         <wf lemma="eta" pos="X">eta</wf>
         <wf lemma="istripu" pos="X">istripu</wf>
         <wf lemma="bat" pos="X">bat</wf>
         <wf lemma="irudikatu" pos="X">irudikatu</wf>
         <wf lemma="zuten" pos="X">zuten</wf>
         <wf lemma="." pos="X">.</wf>
      </sentence>
      <sentence id="d000.s319" source="wordnet-basque">
         <wf lemma="baliteke" pos="X">baliteke</wf>
         <wf lemma="EAJk" pos="X">EAJk</wf>
         <wf lemma="osoko" pos="X">osoko</wf>
         <instance id="d000.s319.t000" lemma="zuzenketa" pos="NOUN">zuzenketa</instance>
         <wf lemma="aurkeztea" pos="X">aurkeztea</wf>
         <wf lemma="lege" pos="X">lege</wf>
         <wf lemma="proiektuari" pos="X">proiektuari</wf>
         <wf lemma="." pos="X">.</wf>
      </sentence>
      <sentence id="d000.s320" source="wordnet-basque">
         <wf lemma="ongi" pos="X">ongi</wf>
         <wf lemma="desinfektatu" pos="X">desinfektatu</wf>
         <wf lemma="behar" pos="X">behar</wf>
         <wf lemma="ditugu" pos="X">ditugu</wf>
         <wf lemma="zauriak" pos="X">zauriak</wf>
         <instance id="d000.s320.t000" lemma="infekzio" pos="NOUN">infekziorik</instance>
         <wf lemma="ez" pos="X">ez</wf>
         <wf lemma="izateko" pos="X">izateko</wf>
         <wf lemma="." pos="X">.</wf>
      </sentence>
      <sentence id="d000.s321" source="wordnet-basque">
         <wf lemma="baina" pos="X">baina</wf>
         <instance id="d000.s321.t000" lemma="aurpegi" pos="NOUN">aurpegia</instance>
         <wf lemma="ez" pos="X">ez</wf>
         <wf lemma="zeukan" pos="X">zeukan</wf>
         <wf lemma="hura" pos="X">hura</wf>
         <wf lemma="esatekoa" pos="X">esatekoa</wf>
         <wf lemma="." pos="X">.</wf>
      </sentence>
      <sentence id="d000.s322" source="wordnet-basque">
         <wf lemma="Goñik" pos="X">Goñik</wf>
         <wf lemma="eta" pos="X">eta</wf>
         <wf lemma="Olaizolak" pos="X">Olaizolak</wf>
         <instance id="d000.s322.t000" lemma="tanto" pos="NOUN">tanto</instance>
         <wf lemma="ederrak" pos="X">ederrak</wf>
         <wf lemma="egin" pos="X">egin</wf>
         <wf lemma="zituzten" pos="X">zituzten</wf>
         <wf lemma="aurreko" pos="X">aurreko</wf>
         <wf lemma="koadroetan" pos="X">koadroetan</wf>
         <wf lemma="." pos="X">.</wf>
      </sentence>
      <sentence id="d000.s323" source="wordnet-basque">
         <wf lemma="hainbat" pos="X">hainbat</wf>
         <wf lemma="eleberriren" pos="X">eleberriren</wf>
         <instance id="d000.s323.t000" lemma="egile" pos="NOUN">egilea</instance>
         <wf lemma="da" pos="X">da</wf>
         <wf lemma="." pos="X">.</wf>
      </sentence>
      <sentence id="d000.s324" source="wordnet-basque">
         <wf lemma="sakean" pos="X">sakean</wf>
         <wf lemma="oinarritzen" pos="X">oinarritzen</wf>
         <wf lemma="du" pos="X">du</wf>
         <wf lemma="bere" pos="X">bere</wf>
         <wf lemma="jokoaren" pos="X">jokoaren</wf>
         <wf lemma="zati" pos="X">zati</wf>
         <wf lemma="handi" pos="X">handi</wf>
         <wf lemma="bat" pos="X">bat</wf>
         <wf lemma="," pos="X">,</wf>
         <wf lemma="eta" pos="X">eta</wf>
         <wf lemma="Zeberiok" pos="X">Zeberiok</wf>
         <wf lemma="sakearekin" pos="X">sakearekin</wf>
         <wf lemma="du" pos="X">du</wf>
         <instance id="d000.s324.t000" lemma="arazo" pos="NOUN">arazo</instance>
         <wf lemma="gehien" pos="X">gehien</wf>
         <wf lemma="," pos="X">,</wf>
         <wf lemma="baina" pos="X">baina</wf>
         <wf lemma="piloteo" pos="X">piloteo</wf>
         <wf lemma="bikaina" pos="X">bikaina</wf>
         <wf lemma="erakutsi" pos="X">erakutsi</wf>
         <wf lemma="du" pos="X">du</wf>
         <wf lemma="txapelketan" pos="X">txapelketan</wf>
         <wf lemma="." pos="X">.</wf>
      </sentence>
      <sentence id="d000.s325" source="wordnet-basque">
         <instance id="d000.s325.t000" lemma="bahitzaile" pos="NOUN">bahitzaileak</instance>
         <wf lemma="lau" pos="X">lau</wf>
         <wf lemma="haur" pos="X">haur</wf>
         <wf lemma="aske" pos="X">aske</wf>
         <wf lemma="jarri" pos="X">jarri</wf>
         <wf lemma="zituen" pos="X">zituen</wf>
         <wf lemma="egunean" pos="X">egunean</wf>
         <wf lemma="zehar" pos="X">zehar</wf>
         <wf lemma="." pos="X">.</wf>
      </sentence>
      <sentence id="d000.s326" source="wordnet-basque">
         <wf lemma="aktoreari" pos="X">aktoreari</wf>
         <wf lemma="bere" pos="X">bere</wf>
         <instance id="d000.s326.t000" lemma="hitz" pos="NOUN">hitzak</instance>
         <wf lemma="ahaztu" pos="X">ahaztu</wf>
         <wf lemma="zitzaizkion" pos="X">zitzaizkion</wf>
         <wf lemma="." pos="X">.</wf>
      </sentence>
      <sentence id="d000.s327" source="wordnet-basque">
         <wf lemma="Askatasun" pos="X">Askatasun</wf>
         <wf lemma="Nazionalaren" pos="X">Nazionalaren</wf>
         <wf lemma="egunean" pos="X">egunean</wf>
         <wf lemma="zabalduko" pos="X">zabalduko</wf>
         <wf lemma="dira" pos="X">dira</wf>
         <instance id="d000.s327.t000" lemma="lotura" pos="NOUN">lotura</instance>
         <wf lemma="bulegoak" pos="X">bulegoak</wf>
         <wf lemma="Panmunjom" pos="X">Panmunjom</wf>
         <wf lemma="herrian" pos="X">herrian</wf>
         <wf lemma="," pos="X">,</wf>
         <wf lemma="bi" pos="X">bi</wf>
         <wf lemma="Koreen" pos="X">Koreen</wf>
         <wf lemma="arteko" pos="X">arteko</wf>
         <wf lemma="mugan" pos="X">mugan</wf>
         <wf lemma="." pos="X">.</wf>
      </sentence>
      <sentence id="d000.s328" source="wordnet-basque">
         <wf lemma="armaren" pos="X">armaren</wf>
         <instance id="d000.s328.t000" lemma="aho" pos="NOUN">ahoa</instance>
         <wf lemma="ketsu" pos="X">ketsu</wf>
         <wf lemma="zegoen" pos="X">zegoen</wf>
         <wf lemma="oraindik" pos="X">oraindik</wf>
         <wf lemma="." pos="X">.</wf>
      </sentence>
      <sentence id="d000.s329" source="wordnet-basque">
         <wf lemma="Sydneyko" pos="X">Sydneyko</wf>
         <wf lemma="Joko" pos="X">Joko</wf>
         <wf lemma="Olinpikoetan" pos="X">Olinpikoetan</wf>
         <wf lemma="urrezko" pos="X">urrezko</wf>
         <instance id="d000.s329.t000" lemma="domina" pos="NOUN">domina</instance>
         <wf lemma="eskuratu" pos="X">eskuratu</wf>
         <wf lemma="nahi" pos="X">nahi</wf>
         <wf lemma="du" pos="X">du</wf>
         <wf lemma="proba" pos="X">proba</wf>
         <wf lemma="horretan" pos="X">horretan</wf>
         <wf lemma="." pos="X">.</wf>
      </sentence>
      <sentence id="d000.s330" source="wordnet-basque">
         <wf lemma="merkurioaren" pos="X">merkurioaren</wf>
         <wf lemma="zati" pos="X">zati</wf>
         <wf lemma="bat" pos="X">bat</wf>
         <wf lemma="ontzira" pos="X">ontzira</wf>
         <wf lemma="etorri" pos="X">etorri</wf>
         <wf lemma="zen" pos="X">zen</wf>
         <wf lemma="," pos="X">,</wf>
         <wf lemma="baina" pos="X">baina</wf>
         <wf lemma="tutu" pos="X">tutu</wf>
         <wf lemma="bertikalaren" pos="X">bertikalaren</wf>
         <wf lemma="goian" pos="X">goian</wf>
         <wf lemma="geratu" pos="X">geratu</wf>
         <wf lemma="zen" pos="X">zen</wf>
         <wf lemma="espazioan" pos="X">espazioan</wf>
         <instance id="d000.s330.t000" lemma="huts" pos="NOUN">hutsa</instance>
         <wf lemma="zegoen" pos="X">zegoen</wf>
         <wf lemma="." pos="X">.</wf>
      </sentence>
      <sentence id="d000.s331" source="wordnet-basque">
         <wf lemma="intentsitateak" pos="X">intentsitateak</wf>
         <wf lemma="ezin" pos="X">ezin</wf>
         <wf lemma="izango" pos="X">izango</wf>
         <wf lemma="du" pos="X">du</wf>
         <wf lemma="diodoa" pos="X">diodoa</wf>
         <wf lemma="zeharkatu" pos="X">zeharkatu</wf>
         <wf lemma="eta" pos="X">eta</wf>
         <instance id="d000.s331.t000" lemma="irteera" pos="NOUN">irteeran</instance>
         <wf lemma="ez" pos="X">ez</wf>
         <wf lemma="da" pos="X">da</wf>
         <wf lemma="tentsiorik" pos="X">tentsiorik</wf>
         <wf lemma="egongo" pos="X">egongo</wf>
         <wf lemma="." pos="X">.</wf>
      </sentence>
      <sentence id="d000.s332" source="wordnet-basque">
         <wf lemma="etapa" pos="X">etapa</wf>
         <wf lemma="egokia" pos="X">egokia</wf>
         <wf lemma="zen" pos="X">zen</wf>
         <wf lemma="Alvaro" pos="X">Alvaro</wf>
         <wf lemma="bezalako" pos="X">bezalako</wf>
         <wf lemma="errodadore" pos="X">errodadore</wf>
         <wf lemma="batek" pos="X">batek</wf>
         <wf lemma="ihesaldi" pos="X">ihesaldi</wf>
         <wf lemma="saioa" pos="X">saioa</wf>
         <wf lemma="egiteko" pos="X">egiteko</wf>
         <wf lemma="," pos="X">,</wf>
         <wf lemma="baina" pos="X">baina</wf>
         <wf lemma="," pos="X">,</wf>
         <wf lemma="horretaz" pos="X">horretaz</wf>
         <wf lemma="gain" pos="X">gain</wf>
         <wf lemma="," pos="X">,</wf>
         <wf lemma="gogoa" pos="X">gogoa</wf>
         <wf lemma="eta" pos="X">eta</wf>
         <instance id="d000.s332.t000" lemma="indar" pos="NOUN">indarra</instance>
         <wf lemma="behar" pos="X">behar</wf>
         <wf lemma="dira" pos="X">dira</wf>
         <wf lemma="." pos="X">.</wf>
      </sentence>
      <sentence id="d000.s333" source="wordnet-basque">
         <wf lemma="artilleria" pos="X">artilleria</wf>
         <instance id="d000.s333.t000" lemma="arma" pos="NOUN">armak</instance>
         <wf lemma="hasi" pos="X">hasi</wf>
         <wf lemma="zuen" pos="X">zuen</wf>
         <wf lemma="borroka" pos="X">borroka</wf>
         <wf lemma="." pos="X">.</wf>
      </sentence>
      <sentence id="d000.s334" source="wordnet-basque">
         <wf lemma="baso" pos="X">baso</wf>
         <wf lemma="bat" pos="X">bat</wf>
         <wf lemma="ur" pos="X">ur</wf>
         <wf lemma="ekarri" pos="X">ekarri</wf>
         <wf lemma="eraziko" pos="X">eraziko</wf>
         <wf lemma="die" pos="X">die</wf>
         <wf lemma="bere" pos="X">bere</wf>
         <wf lemma="lagunei" pos="X">lagunei</wf>
         <wf lemma="eta" pos="X">eta</wf>
         <wf lemma="hildako" pos="X">hildako</wf>
         <wf lemma="lagunei" pos="X">lagunei</wf>
         <wf lemma="egindako" pos="X">egindako</wf>
         <wf lemma="ofrendak" pos="X">ofrendak</wf>
         <wf lemma="jango" pos="X">jango</wf>
         <wf lemma="dituen" pos="X">dituen</wf>
         <instance id="d000.s334.t000" lemma="bele" pos="NOUN">beleari</instance>
         <wf lemma="egingo" pos="X">egingo</wf>
         <wf lemma="dio" pos="X">dio</wf>
         <wf lemma="ohore" pos="X">ohore</wf>
         <wf lemma="." pos="X">.</wf>
      </sentence>
      <sentence id="d000.s335" source="wordnet-basque">
         <wf lemma="landare" pos="X">landare</wf>
         <wf lemma="berdeek" pos="X">berdeek</wf>
         <wf lemma="eguzki-argiaren" pos="X">eguzki-argiaren</wf>
         <instance id="d000.s335.t000" lemma="energia" pos="NOUN">energia</instance>
         <wf lemma="aprobetxatuz" pos="X">aprobetxatuz</wf>
         <wf lemma="beharrezko" pos="X">beharrezko</wf>
         <wf lemma="substantziak" pos="X">substantziak</wf>
         <wf lemma="sortzen" pos="X">sortzen</wf>
         <wf lemma="dituzte" pos="X">dituzte</wf>
         <wf lemma="." pos="X">.</wf>
      </sentence>
      <sentence id="d000.s336" source="wordnet-basque">
         <wf lemma="lurra" pos="X">lurra</wf>
         <wf lemma="kendu" pos="X">kendu</wf>
         <wf lemma="zutenean" pos="X">zutenean</wf>
         <wf lemma="34" pos="X">34</wf>
         <wf lemma="hilotzen" pos="X">hilotzen</wf>
         <instance id="d000.s336.t000" lemma="pila" pos="NOUN">pila</instance>
         <wf lemma="aurkitu" pos="X">aurkitu</wf>
         <wf lemma="dute" pos="X">dute</wf>
         <wf lemma="Bagdaden" pos="X">Bagdaden</wf>
         <wf lemma="." pos="X">.</wf>
      </sentence>
      <sentence id="d000.s337" source="wordnet-basque">
         <wf lemma="askoren" pos="X">askoren</wf>
         <wf lemma="ustez" pos="X">ustez</wf>
         <wf lemma="," pos="X">,</wf>
         <wf lemma="Barak" pos="X">Barak</wf>
         <wf lemma="eta" pos="X">eta</wf>
         <wf lemma="Sharon" pos="X">Sharon</wf>
         <instance id="d000.s337.t000" lemma="borroka" pos="NOUN">borrokan</instance>
         <wf lemma="hasi" pos="X">hasi</wf>
         <wf lemma="dira" pos="X">dira</wf>
         <wf lemma="," pos="X">,</wf>
         <wf lemma="biak" pos="X">biak</wf>
         <wf lemma="indartsu" pos="X">indartsu</wf>
         <wf lemma="agertzeko" pos="X">agertzeko</wf>
         <wf lemma="boto" pos="X">boto</wf>
         <wf lemma="emaileen" pos="X">emaileen</wf>
         <wf lemma="aurrean" pos="X">aurrean</wf>
         <wf lemma="." pos="X">.</wf>
      </sentence>
      <sentence id="d000.s338" source="wordnet-basque">
         <wf lemma="Maratoi-korrikalari" pos="X">Maratoi-korrikalari</wf>
         <wf lemma="iaio" pos="X">iaio</wf>
         <wf lemma="eta" pos="X">eta</wf>
         <wf lemma="gerrari" pos="X">gerrari</wf>
         <wf lemma="bulardetsu" pos="X">bulardetsu</wf>
         <wf lemma="baten" pos="X">baten</wf>
         <instance id="d000.s338.t000" lemma="irudi" pos="NOUN">irudia</instance>
         <wf lemma="adierazten" pos="X">adierazten</wf>
         <wf lemma="du" pos="X">du</wf>
         <wf lemma="." pos="X">.</wf>
      </sentence>
      <sentence id="d000.s339" source="wordnet-basque">
         <wf lemma="taldearen" pos="X">taldearen</wf>
         <instance id="d000.s339.t000" lemma="aurkezpen" pos="NOUN">aurkezpenaz</instance>
         <wf lemma="gain" pos="X">gain</wf>
         <wf lemma="," pos="X">,</wf>
         <wf lemma="zaleek" pos="X">zaleek</wf>
         <wf lemma="Esteller" pos="X">Esteller</wf>
         <wf lemma="agurtzeko" pos="X">agurtzeko</wf>
         <wf lemma="aukera" pos="X">aukera</wf>
         <wf lemma="izango" pos="X">izango</wf>
         <wf lemma="dute" pos="X">dute</wf>
         <wf lemma="," pos="X">,</wf>
         <wf lemma="Tauko" pos="X">Tauko</wf>
         <wf lemma="jokalari" pos="X">jokalari</wf>
         <wf lemma="ohia" pos="X">ohia</wf>
         <wf lemma="." pos="X">.</wf>
      </sentence>
      <sentence id="d000.s340" source="wordnet-basque">
         <wf lemma="ondoren" pos="X">ondoren</wf>
         <wf lemma="hiru" pos="X">hiru</wf>
         <wf lemma="dolarreko" pos="X">dolarreko</wf>
         <wf lemma="txartel" pos="X">txartel</wf>
         <wf lemma="zimur" pos="X">zimur</wf>
         <wf lemma="eta" pos="X">eta</wf>
         <wf lemma="hamar" pos="X">hamar</wf>
         <instance id="d000.s340.t000" lemma="xentimo" pos="NOUN">xentimoko</instance>
         <wf lemma="txanpon" pos="X">txanpon</wf>
         <wf lemma="bat" pos="X">bat</wf>
         <wf lemma="atera" pos="X">atera</wf>
         <wf lemma="zituen" pos="X">zituen</wf>
         <wf lemma="." pos="X">.</wf>
      </sentence>
      <sentence id="d000.s341" source="wordnet-basque">
         <wf lemma="erasoei" pos="X">erasoei</wf>
         <wf lemma="zein" pos="X">zein</wf>
         <instance id="d000.s341.t000" lemma="erantzun" pos="NOUN">erantzun</instance>
         <wf lemma="eman" pos="X">eman</wf>
         <wf lemma="zehazteko" pos="X">zehazteko</wf>
         <wf lemma="bilduko" pos="X">bilduko</wf>
         <wf lemma="dira" pos="X">dira</wf>
         <wf lemma="laster" pos="X">laster</wf>
         <wf lemma="Kairon" pos="X">Kairon</wf>
         <wf lemma="." pos="X">.</wf>
      </sentence>
      <sentence id="d000.s342" source="wordnet-basque">
         <wf lemma="lege" pos="X">lege</wf>
         <wf lemma="arrazista" pos="X">arrazista</wf>
         <wf lemma="da" pos="X">da</wf>
         <wf lemma="," pos="X">,</wf>
         <wf lemma="poliziari" pos="X">poliziari</wf>
         <instance id="d000.s342.t000" lemma="neurri" pos="NOUN">neurriz</instance>
         <wf lemma="gaineko" pos="X">gaineko</wf>
         <wf lemma="ahalmenak" pos="X">ahalmenak</wf>
         <wf lemma="ematen" pos="X">ematen</wf>
         <wf lemma="dizkio" pos="X">dizkio</wf>
         <wf lemma="," pos="X">,</wf>
         <wf lemma="nahi" pos="X">nahi</wf>
         <wf lemma="duen" pos="X">duen</wf>
         <wf lemma="eran" pos="X">eran</wf>
         <wf lemma="iharduteko" pos="X">iharduteko</wf>
         <wf lemma="." pos="X">.</wf>
      </sentence>
      <sentence id="d000.s343" source="wordnet-basque">
         <wf lemma="argiak" pos="X">argiak</wf>
         <wf lemma="piztu" pos="X">piztu</wf>
         <wf lemma="eta" pos="X">eta</wf>
         <wf lemma="laister" pos="X">laister</wf>
         <wf lemma="ziren" pos="X">ziren</wf>
         <wf lemma="etxekoak" pos="X">etxekoak</wf>
         <wf lemma="ikuluan" pos="X">ikuluan</wf>
         <wf lemma="eta" pos="X">eta</wf>
         <wf lemma="baserriko" pos="X">baserriko</wf>
         <wf lemma="gizona" pos="X">gizona</wf>
         <wf lemma="atarian" pos="X">atarian</wf>
         <wf lemma="eskuan" pos="X">eskuan</wf>
         <instance id="d000.s343.t000" lemma="eskopeta" pos="NOUN">eskopeta</instance>
         <wf lemma="harturik" pos="X">harturik</wf>
         <wf lemma="." pos="X">.</wf>
      </sentence>
      <sentence id="d000.s344" source="wordnet-basque">
         <wf lemma="konforme" pos="X">konforme</wf>
         <wf lemma="," pos="X">,</wf>
         <wf lemma="ordubatean" pos="X">ordubatean</wf>
         <wf lemma="Alkairoko" pos="X">Alkairoko</wf>
         <wf lemma="aireportuan" pos="X">aireportuan</wf>
         <wf lemma="-esan" pos="X">-esan</wf>
         <wf lemma="zuen" pos="X">zuen</wf>
         <wf lemma="Salahadinek" pos="X">Salahadinek</wf>
         <instance id="d000.s344.t000" lemma="telefono" pos="NOUN">telefonoz</instance>
         <wf lemma="." pos="X">.</wf>
      </sentence>
      <sentence id="d000.s345" source="wordnet-basque">
         <wf lemma="eskaileraren" pos="X">eskaileraren</wf>
         <wf lemma="beheko" pos="X">beheko</wf>
         <instance id="d000.s345.t000" lemma="maila" pos="NOUN">mailatik</instance>
         <wf lemma="goikoraino" pos="X">goikoraino</wf>
         <wf lemma="iritsi" pos="X">iritsi</wf>
         <wf lemma="zen" pos="X">zen</wf>
         <wf lemma="nerbioak" pos="X">nerbioak</wf>
         <wf lemma="menderatuz" pos="X">menderatuz</wf>
         <wf lemma="." pos="X">.</wf>
      </sentence>
      <sentence id="d000.s346" source="wordnet-basque">
         <wf lemma="1992an" pos="X">1992an</wf>
         <wf lemma="," pos="X">,</wf>
         <wf lemma="nazio-mailan" pos="X">nazio-mailan</wf>
         <wf lemma="hirugarren" pos="X">hirugarren</wf>
         <instance id="d000.s346.t000" lemma="partidu" pos="NOUN">partidu</instance>
         <wf lemma="bat" pos="X">bat</wf>
         <wf lemma="antolatzen" pos="X">antolatzen</wf>
         <wf lemma="saiatu" pos="X">saiatu</wf>
         <wf lemma="zen" pos="X">zen</wf>
         <wf lemma="Perot" pos="X">Perot</wf>
         <wf lemma="." pos="X">.</wf>
      </sentence>
      <sentence id="d000.s347" source="wordnet-basque">
         <wf lemma="Augusto" pos="X">Augusto</wf>
         <wf lemma="Pinochet" pos="X">Pinochet</wf>
         <wf lemma="jeneralak" pos="X">jeneralak</wf>
         <instance id="d000.s347.t000" lemma="botere" pos="NOUN">boterea</instance>
         <wf lemma="eskuratu" pos="X">eskuratu</wf>
         <wf lemma="eta" pos="X">eta</wf>
         <wf lemma="lehenengo" pos="X">lehenengo</wf>
         <wf lemma="urteetan" pos="X">urteetan</wf>
         <wf lemma="erregimen" pos="X">erregimen</wf>
         <wf lemma="berriaren" pos="X">berriaren</wf>
         <wf lemma="kontrako" pos="X">kontrako</wf>
         <wf lemma="119" pos="X">119</wf>
         <wf lemma="lagun" pos="X">lagun</wf>
         <wf lemma="hil" pos="X">hil</wf>
         <wf lemma="ziren" pos="X">ziren</wf>
         <wf lemma="." pos="X">.</wf>
      </sentence>
      <sentence id="d000.s348" source="wordnet-basque">
         <wf lemma="Prieto" pos="X">Prieto</wf>
         <wf lemma="1997." pos="X">1997.</wf>
         <wf lemma="urteko" pos="X">urteko</wf>
         <wf lemma="otsailean" pos="X">otsailean</wf>
         <wf lemma="atxilotu" pos="X">atxilotu</wf>
         <wf lemma="zuten" pos="X">zuten</wf>
         <wf lemma="," pos="X">,</wf>
         <wf lemma="Poliziak" pos="X">Poliziak</wf>
         <wf lemma="haren" pos="X">haren</wf>
         <wf lemma="kontrako" pos="X">kontrako</wf>
         <instance id="d000.s348.t000" lemma="froga" pos="NOUN">frogarik</instance>
         <wf lemma="ez" pos="X">ez</wf>
         <wf lemma="bazuen" pos="X">bazuen</wf>
         <wf lemma="ere" pos="X">ere</wf>
         <wf lemma="." pos="X">.</wf>
      </sentence>
      <sentence id="d000.s349" source="wordnet-basque">
         <wf lemma="zer" pos="X">zer</wf>
         <wf lemma="gertatzen" pos="X">gertatzen</wf>
         <wf lemma="zaio" pos="X">zaio</wf>
         <wf lemma="solido" pos="X">solido</wf>
         <wf lemma="bati" pos="X">bati</wf>
         <wf lemma="berotzen" pos="X">berotzen</wf>
         <wf lemma="dugunean" pos="X">dugunean</wf>
         <wf lemma="?" pos="X">?</wf>
         <wf lemma="Eta" pos="X">Eta</wf>
         <wf lemma="gas" pos="X">gas</wf>
         <wf lemma="bati" pos="X">bati</wf>
         <wf lemma="?" pos="X">?</wf>
         <wf lemma="Materia" pos="X">Materia</wf>
         <wf lemma="zenbat" pos="X">zenbat</wf>
         <instance id="d000.s349.t000" lemma="egoera" pos="NOUN">egoeratan</instance>
         <wf lemma="aurki" pos="X">aurki</wf>
         <wf lemma="daiteke" pos="X">daiteke</wf>
         <wf lemma="?" pos="X">?</wf>
      </sentence>
      <sentence id="d000.s350" source="wordnet-basque">
         <wf lemma="arazoa" pos="X">arazoa</wf>
         <wf lemma="nahiko" pos="X">nahiko</wf>
         <wf lemma="konpongaitza" pos="X">konpongaitza</wf>
         <wf lemma="da" pos="X">da</wf>
         <wf lemma="eta" pos="X">eta</wf>
         <wf lemma="hiru" pos="X">hiru</wf>
         <instance id="d000.s350.t000" lemma="aukera" pos="NOUN">aukera</instance>
         <wf lemma="besterik" pos="X">besterik</wf>
         <wf lemma="ez" pos="X">ez</wf>
         <wf lemma="zaizkio" pos="X">zaizkio</wf>
         <wf lemma="hautematen" pos="X">hautematen</wf>
         <wf lemma="." pos="X">.</wf>
      </sentence>
      <sentence id="d000.s351" source="wordnet-basque">
         <wf lemma="Aznarri" pos="X">Aznarri</wf>
         <wf lemma="Jospin" pos="X">Jospin</wf>
         <wf lemma="eta" pos="X">eta</wf>
         <wf lemma="Blair" pos="X">Blair</wf>
         <instance id="d000.s351.t000" lemma="eredu" pos="NOUN">eredutzat</instance>
         <wf lemma="hartzeko" pos="X">hartzeko</wf>
         <wf lemma="eta" pos="X">eta</wf>
         <wf lemma="elkarrizketa" pos="X">elkarrizketa</wf>
         <wf lemma="bultzatzeko" pos="X">bultzatzeko</wf>
         <wf lemma="eskatu" pos="X">eskatu</wf>
         <wf lemma="zion" pos="X">zion</wf>
         <wf lemma="." pos="X">.</wf>
      </sentence>
      <sentence id="d000.s352" source="wordnet-basque">
         <wf lemma="sagarrak" pos="X">sagarrak</wf>
         <wf lemma="tomatea" pos="X">tomatea</wf>
         <wf lemma="bezala" pos="X">bezala</wf>
         <wf lemma="zatitu" pos="X">zatitu</wf>
         <wf lemma="ondoren" pos="X">ondoren</wf>
         <wf lemma="," pos="X">,</wf>
         <wf lemma="75" pos="X">75</wf>
         <wf lemma="gramo" pos="X">gramo</wf>
         <instance id="d000.s352.t000" lemma="azukre" pos="NOUN">azukre</instance>
         <wf lemma="eta" pos="X">eta</wf>
         <wf lemma="gurinarekin" pos="X">gurinarekin</wf>
         <wf lemma="nahastu" pos="X">nahastu</wf>
         <wf lemma="eta" pos="X">eta</wf>
         <wf lemma="labean" pos="X">labean</wf>
         <wf lemma="sartu" pos="X">sartu</wf>
         <wf lemma="." pos="X">.</wf>
      </sentence>
      <sentence id="d000.s353" source="wordnet-basque">
         <wf lemma="hegazkin" pos="X">hegazkin</wf>
         <instance id="d000.s353.t000" lemma="hego" pos="NOUN">hegoetan</instance>
         <wf lemma="eta" pos="X">eta</wf>
         <wf lemma="haize" pos="X">haize</wf>
         <wf lemma="errotetan" pos="X">errotetan</wf>
         <wf lemma="maisu" pos="X">maisu</wf>
         <wf lemma="da" pos="X">da</wf>
         <wf lemma="." pos="X">.</wf>
      </sentence>
      <sentence id="d000.s354" source="wordnet-basque">
         <wf lemma="aurreko" pos="X">aurreko</wf>
         <wf lemma="biek" pos="X">biek</wf>
         <wf lemma="ordu" pos="X">ordu</wf>
         <wf lemma="bana" pos="X">bana</wf>
         <wf lemma="egin" pos="X">egin</wf>
         <wf lemma="zuten" pos="X">zuten</wf>
         <wf lemma="," pos="X">,</wf>
         <wf lemma="eta" pos="X">eta</wf>
         <wf lemma="Perezek" pos="X">Perezek</wf>
         <wf lemma="40" pos="X">40</wf>
         <wf lemma="minututan" pos="X">minututan</wf>
         <wf lemma="amaitu" pos="X">amaitu</wf>
         <wf lemma="zuen" pos="X">zuen</wf>
         <wf lemma="bere" pos="X">bere</wf>
         <instance id="d000.s354.t000" lemma="azalpen" pos="NOUN">azalpena</instance>
         <wf lemma="." pos="X">.</wf>
      </sentence>
      <sentence id="d000.s355" source="wordnet-basque">
         <wf lemma="gai" pos="X">gai</wf>
         <wf lemma="horri" pos="X">horri</wf>
         <wf lemma="buruzko" pos="X">buruzko</wf>
         <instance id="d000.s355.t000" lemma="literatura" pos="NOUN">literatura</instance>
         <wf lemma="irakurri" pos="X">irakurri</wf>
         <wf lemma="behar" pos="X">behar</wf>
         <wf lemma="duzu" pos="X">duzu</wf>
         <wf lemma="." pos="X">.</wf>
      </sentence>
      <sentence id="d000.s356" source="wordnet-basque">
         <wf lemma="orain" pos="X">orain</wf>
         <wf lemma="amatxo" pos="X">amatxo</wf>
         <wf lemma="zegoen" pos="X">zegoen</wf>
         <wf lemma="oso" pos="X">oso</wf>
         <wf lemma="haserre" pos="X">haserre</wf>
         <wf lemma="eta" pos="X">eta</wf>
         <wf lemma="kopetilun" pos="X">kopetilun</wf>
         <wf lemma="eta" pos="X">eta</wf>
         <instance id="d000.s356.t000" lemma="aitatxo" pos="NOUN">aitatxoren</instance>
         <wf lemma="kontra" pos="X">kontra</wf>
         <wf lemma="hasi" pos="X">hasi</wf>
         <wf lemma="zen" pos="X">zen</wf>
         <wf lemma="oso" pos="X">oso</wf>
         <wf lemma="altu" pos="X">altu</wf>
         <wf lemma="buila" pos="X">buila</wf>
         <wf lemma="egiten" pos="X">egiten</wf>
         <wf lemma="." pos="X">.</wf>
      </sentence>
      <sentence id="d000.s357" source="wordnet-basque">
         <wf lemma="honekin" pos="X">honekin</wf>
         <wf lemma="batera" pos="X">batera</wf>
         <wf lemma="," pos="X">,</wf>
         <wf lemma="hamar" pos="X">hamar</wf>
         <wf lemma="bezerok" pos="X">bezerok</wf>
         <wf lemma="motorra" pos="X">motorra</wf>
         <wf lemma="eskuratzeko" pos="X">eskuratzeko</wf>
         <instance id="d000.s357.t000" lemma="eskaera" pos="NOUN">eskaera</instance>
         <wf lemma="egin" pos="X">egin</wf>
         <wf lemma="dute" pos="X">dute</wf>
         <wf lemma="jada" pos="X">jada</wf>
         <wf lemma="," pos="X">,</wf>
         <wf lemma="129" pos="X">129</wf>
         <wf lemma="hegazkinetan" pos="X">hegazkinetan</wf>
         <wf lemma="jartzeko" pos="X">jartzeko</wf>
         <wf lemma="." pos="X">.</wf>
      </sentence>
      <sentence id="d000.s358" source="wordnet-basque">
         <wf lemma="makina" pos="X">makina</wf>
         <wf lemma="berri" pos="X">berri</wf>
         <wf lemma="hartan" pos="X">hartan</wf>
         <instance id="d000.s358.t000" lemma="ilusio" pos="NOUN">ilusio</instance>
         <wf lemma="handiak" pos="X">handiak</wf>
         <wf lemma="ipiniak" pos="X">ipiniak</wf>
         <wf lemma="zituen" pos="X">zituen</wf>
         <wf lemma="," pos="X">,</wf>
         <wf lemma="eta" pos="X">eta</wf>
         <wf lemma="ez" pos="X">ez</wf>
         <wf lemma="zion" pos="X">zion</wf>
         <wf lemma="ardura" pos="X">ardura</wf>
         <wf lemma="asti" pos="X">asti</wf>
         <wf lemma="guztia" pos="X">guztia</wf>
         <wf lemma="berari" pos="X">berari</wf>
         <wf lemma="eskaintzeak" pos="X">eskaintzeak</wf>
         <wf lemma="." pos="X">.</wf>
      </sentence>
      <sentence id="d000.s359" source="wordnet-basque">
         <wf lemma="kotxea" pos="X">kotxea</wf>
         <wf lemma="konpontzeko" pos="X">konpontzeko</wf>
         <wf lemma="ehun" pos="X">ehun</wf>
         <wf lemma="mila" pos="X">mila</wf>
         <wf lemma="pezetako" pos="X">pezetako</wf>
         <instance id="d000.s359.t000" lemma="aurrekontu" pos="NOUN">aurrekontua</instance>
         <wf lemma="egin" pos="X">egin</wf>
         <wf lemma="diote" pos="X">diote</wf>
         <wf lemma="." pos="X">.</wf>
      </sentence>
      <sentence id="d000.s360" source="wordnet-basque">
         <wf lemma="behaketa" pos="X">behaketa</wf>
         <wf lemma="hauek" pos="X">hauek</wf>
         <wf lemma="egin" pos="X">egin</wf>
         <wf lemma="ondoren" pos="X">ondoren</wf>
         <wf lemma="atera" pos="X">atera</wf>
         <wf lemma="dituzun" pos="X">dituzun</wf>
         <instance id="d000.s360.t000" lemma="ondorio" pos="NOUN">ondorioak</instance>
         <wf lemma="idatz" pos="X">idatz</wf>
         <wf lemma="itzazu" pos="X">itzazu</wf>
         <wf lemma="." pos="X">.</wf>
      </sentence>
      <sentence id="d000.s361" source="wordnet-basque">
         <wf lemma="haltera" pos="X">haltera</wf>
         <wf lemma="turkiarra" pos="X">turkiarra</wf>
         <wf lemma="ez" pos="X">ez</wf>
         <wf lemma="zen" pos="X">zen</wf>
         <wf lemma="lehen" pos="X">lehen</wf>
         <instance id="d000.s361.t000" lemma="pisu" pos="NOUN">pisua</instance>
         <wf lemma="jasotzeko" pos="X">jasotzeko</wf>
         <wf lemma="gauza" pos="X">gauza</wf>
         <wf lemma="izan" pos="X">izan</wf>
         <wf lemma="." pos="X">.</wf>
      </sentence>
      <sentence id="d000.s362" source="wordnet-basque">
         <instance id="d000.s362.t000" lemma="maistra" pos="NOUN">maistrak</instance>
         <wf lemma="agindutakoa" pos="X">agindutakoa</wf>
         <wf lemma="egin" pos="X">egin</wf>
         <wf lemma="ostean" pos="X">ostean</wf>
         <wf lemma="arratsalde" pos="X">arratsalde</wf>
         <wf lemma="osoa" pos="X">osoa</wf>
         <wf lemma="zeukaten" pos="X">zeukaten</wf>
         <wf lemma="jolasteko" pos="X">jolasteko</wf>
         <wf lemma="." pos="X">.</wf>
      </sentence>
      <sentence id="d000.s363" source="wordnet-basque">
         <wf lemma="urtearen" pos="X">urtearen</wf>
         <wf lemma="hasieran" pos="X">hasieran</wf>
         <wf lemma="," pos="X">,</wf>
         <wf lemma="Timorko" pos="X">Timorko</wf>
         <instance id="d000.s363.t000" lemma="gertaera" pos="NOUN">gertaerak</instance>
         <wf lemma="argitzeko" pos="X">argitzeko</wf>
         <wf lemma="batzordeak" pos="X">batzordeak</wf>
         <wf lemma="Wiranto" pos="X">Wiranto</wf>
         <wf lemma="errudun" pos="X">errudun</wf>
         <wf lemma="zela" pos="X">zela</wf>
         <wf lemma="ebatzi" pos="X">ebatzi</wf>
         <wf lemma="zuen" pos="X">zuen</wf>
         <wf lemma="." pos="X">.</wf>
      </sentence>
      <sentence id="d000.s364" source="wordnet-basque">
         <wf lemma="geldiketa" pos="X">geldiketa</wf>
         <wf lemma="bikainak" pos="X">bikainak</wf>
         <wf lemma="egin" pos="X">egin</wf>
         <wf lemma="zituen" pos="X">zituen</wf>
         <wf lemma="Athleticeko" pos="X">Athleticeko</wf>
         <wf lemma="atezainak" pos="X">atezainak</wf>
         <wf lemma="," pos="X">,</wf>
         <instance id="d000.s364.t000" lemma="aho" pos="NOUN">ahoko</instance>
         <wf lemma="zuloan" pos="X">zuloan</wf>
         <wf lemma="eginiko" pos="X">eginiko</wf>
         <wf lemma="jaurtiketak" pos="X">jaurtiketak</wf>
         <wf lemma="desbideratuz" pos="X">desbideratuz</wf>
         <wf lemma="." pos="X">.</wf>
      </sentence>
      <sentence id="d000.s365" source="wordnet-basque">
         <wf lemma="sei" pos="X">sei</wf>
         <wf lemma="aldiz" pos="X">aldiz</wf>
         <wf lemma="igo" pos="X">igo</wf>
         <wf lemma="da" pos="X">da</wf>
         <wf lemma="podiumera" pos="X">podiumera</wf>
         <instance id="d000.s365.t000" lemma="gimnasta" pos="NOUN">gimnasta</instance>
         <wf lemma="errusiarra" pos="X">errusiarra</wf>
         <wf lemma="." pos="X">.</wf>
      </sentence>
      <sentence id="d000.s366" source="wordnet-basque">
         <wf lemma="zarata" pos="X">zarata</wf>
         <wf lemma="itsusiak" pos="X">itsusiak</wf>
         <wf lemma="eta" pos="X">eta</wf>
         <wf lemma="mugimendu" pos="X">mugimendu</wf>
         <wf lemma="arraroak" pos="X">arraroak</wf>
         <wf lemma="egiten" pos="X">egiten</wf>
         <wf lemma="badituzte" pos="X">badituzte</wf>
         <instance id="d000.s366.t000" lemma="inpresio" pos="NOUN">inpresio</instance>
         <wf lemma="galanta" pos="X">galanta</wf>
         <wf lemma="eman" pos="X">eman</wf>
         <wf lemma="diezaiokete" pos="X">diezaiokete</wf>
         <wf lemma="." pos="X">.</wf>
      </sentence>
      <sentence id="d000.s367" source="wordnet-basque">
         <instance id="d000.s367.t000" lemma="gaztelania" pos="NOUN">gaztelaniaz</instance>
         <wf lemma="mintzatzen" pos="X">mintzatzen</wf>
         <wf lemma="den" pos="X">den</wf>
         <wf lemma="jokalari" pos="X">jokalari</wf>
         <wf lemma="batek" pos="X">batek</wf>
         <wf lemma="azaltzen" pos="X">azaltzen</wf>
         <wf lemma="dit" pos="X">dit</wf>
         <wf lemma="entrenatzaileek" pos="X">entrenatzaileek</wf>
         <wf lemma="esandakoa" pos="X">esandakoa</wf>
         <wf lemma="." pos="X">.</wf>
      </sentence>
      <sentence id="d000.s368" source="wordnet-basque">
         <wf lemma="herriko" pos="X">herriko</wf>
         <instance id="d000.s368.t000" lemma="plaza" pos="NOUN">plaza</instance>
         <wf lemma="neska-mutilez" pos="X">neska-mutilez</wf>
         <wf lemma="bete" pos="X">bete</wf>
         <wf lemma="eta" pos="X">eta</wf>
         <wf lemma="txirrikila" pos="X">txirrikila</wf>
         <wf lemma="txapelketa" pos="X">txapelketa</wf>
         <wf lemma="antolatzen" pos="X">antolatzen</wf>
         <wf lemma="da" pos="X">da</wf>
         <wf lemma="." pos="X">.</wf>
      </sentence>
      <sentence id="d000.s369" source="wordnet-basque">
         <wf lemma="Barne" pos="X">Barne</wf>
         <wf lemma="ministeritzak" pos="X">ministeritzak</wf>
         <instance id="d000.s369.t000" lemma="segurtasun" pos="NOUN">segurtasun</instance>
         <wf lemma="arazo" pos="X">arazo</wf>
         <wf lemma="guztiak" pos="X">guztiak</wf>
         <wf lemma="kontrolpean" pos="X">kontrolpean</wf>
         <wf lemma="dituela" pos="X">dituela</wf>
         <wf lemma="erakutsi" pos="X">erakutsi</wf>
         <wf lemma="nahi" pos="X">nahi</wf>
         <wf lemma="du" pos="X">du</wf>
         <wf lemma="." pos="X">.</wf>
      </sentence>
      <sentence id="d000.s370" source="wordnet-basque">
         <wf lemma="bertsolaria" pos="X">bertsolaria</wf>
         <wf lemma="aulkian" pos="X">aulkian</wf>
         <wf lemma="eseri" pos="X">eseri</wf>
         <wf lemma="zenerako" pos="X">zenerako</wf>
         <wf lemma="bere" pos="X">bere</wf>
         <wf lemma="izena" pos="X">izena</wf>
         <wf lemma="aldarrikatu" pos="X">aldarrikatu</wf>
         <wf lemma="zuten" pos="X">zuten</wf>
         <instance id="d000.s370.t000" lemma="txapeldun" pos="NOUN">txapeldun</instance>
         <wf lemma="gisa" pos="X">gisa</wf>
         <wf lemma="." pos="X">.</wf>
      </sentence>
      <sentence id="d000.s371" source="wordnet-basque">
         <wf lemma="Eusko" pos="X">Eusko</wf>
         <wf lemma="Labelaren" pos="X">Labelaren</wf>
         <instance id="d000.s371.t000" lemma="marka" pos="NOUN">markak</instance>
         <wf lemma="produktuaren" pos="X">produktuaren</wf>
         <wf lemma="kalitatea" pos="X">kalitatea</wf>
         <wf lemma="bermatzen" pos="X">bermatzen</wf>
         <wf lemma="du" pos="X">du</wf>
         <wf lemma="." pos="X">.</wf>
      </sentence>
      <sentence id="d000.s372" source="wordnet-basque">
         <wf lemma="AEKanpadaren" pos="X">AEKanpadaren</wf>
         <instance id="d000.s372.t000" lemma="sarrera" pos="NOUN">sarrera</instance>
         <wf lemma="3.000" pos="X">3.000</wf>
         <wf lemma="pezeta" pos="X">pezeta</wf>
         <wf lemma="kostatzen" pos="X">kostatzen</wf>
         <wf lemma="da" pos="X">da</wf>
         <wf lemma="." pos="X">.</wf>
      </sentence>
      <sentence id="d000.s373" source="wordnet-basque">
         <wf lemma="kurtso" pos="X">kurtso</wf>
         <wf lemma="hasiera" pos="X">hasiera</wf>
         <wf lemma="honetan" pos="X">honetan</wf>
         <wf lemma="," pos="X">,</wf>
         <instance id="d000.s373.t000" lemma="unibertsitate" pos="NOUN">Unibertsitate</instance>
         <wf lemma="hau" pos="X">hau</wf>
         <wf lemma="gobernatzen" pos="X">gobernatzen</wf>
         <wf lemma="dutenen" pos="X">dutenen</wf>
         <wf lemma="benetako" pos="X">benetako</wf>
         <wf lemma="aurpegia" pos="X">aurpegia</wf>
         <wf lemma="agerian" pos="X">agerian</wf>
         <wf lemma="geratu" pos="X">geratu</wf>
         <wf lemma="da" pos="X">da</wf>
         <wf lemma="." pos="X">.</wf>
      </sentence>
      <sentence id="d000.s374" source="wordnet-basque">
         <wf lemma="Izoarden" pos="X">Izoarden</wf>
         <wf lemma="gora" pos="X">gora</wf>
         <wf lemma="erakutsi" pos="X">erakutsi</wf>
         <wf lemma="zuen" pos="X">zuen</wf>
         <wf lemma="menderagaitza" pos="X">menderagaitza</wf>
         <wf lemma="dela" pos="X">dela</wf>
         <instance id="d000.s374.t000" lemma="igoera" pos="NOUN">igoeretan</instance>
         <wf lemma="." pos="X">.</wf>
      </sentence>
      <sentence id="d000.s375" source="wordnet-basque">
         <wf lemma="Parisko" pos="X">Parisko</wf>
         <wf lemma="etxe" pos="X">etxe</wf>
         <wf lemma="arrunt" pos="X">arrunt</wf>
         <wf lemma="bat" pos="X">bat</wf>
         <wf lemma="zen" pos="X">zen</wf>
         <wf lemma=":" pos="X">:</wf>
         <instance id="d000.s375.t000" lemma="atari" pos="NOUN">ataria</instance>
         <wf lemma="," pos="X">,</wf>
         <wf lemma="eta" pos="X">eta</wf>
         <wf lemma="alde" pos="X">alde</wf>
         <wf lemma="batean" pos="X">batean</wf>
         <wf lemma="beirazko" pos="X">beirazko</wf>
         <wf lemma="zaintza-gela" pos="X">zaintza-gela</wf>
         <wf lemma="," pos="X">,</wf>
         <wf lemma="leihoan" pos="X">leihoan</wf>
         <wf lemma="panel" pos="X">panel</wf>
         <wf lemma="irristagarri" pos="X">irristagarri</wf>
         <wf lemma="batekin" pos="X">batekin</wf>
         <wf lemma="," pos="X">,</wf>
         <wf lemma="hura" pos="X">hura</wf>
         <wf lemma="zela" pos="X">zela</wf>
         <wf lemma="adierazten" pos="X">adierazten</wf>
         <wf lemma="zuena" pos="X">zuena</wf>
         <wf lemma="." pos="X">.</wf>
      </sentence>
      <sentence id="d000.s376" source="wordnet-basque">
         <wf lemma="euri" pos="X">euri</wf>
         <wf lemma="urriaren" pos="X">urriaren</wf>
         <wf lemma="ondorioz" pos="X">ondorioz</wf>
         <wf lemma="," pos="X">,</wf>
         <instance id="d000.s376.t000" lemma="argindar" pos="NOUN">argindarraren</instance>
         <wf lemma="ekoizpen" pos="X">ekoizpen</wf>
         <wf lemma="hidraulikoa" pos="X">hidraulikoa</wf>
         <wf lemma="mugatu" pos="X">mugatu</wf>
         <wf lemma="behar" pos="X">behar</wf>
         <wf lemma="izan" pos="X">izan</wf>
         <wf lemma="zuen" pos="X">zuen</wf>
         <wf lemma="enpresak" pos="X">enpresak</wf>
         <wf lemma="." pos="X">.</wf>
      </sentence>
      <sentence id="d000.s377" source="wordnet-basque">
         <wf lemma="hizkuntza" pos="X">hizkuntza</wf>
         <wf lemma="menderatzeko" pos="X">menderatzeko</wf>
         <wf lemma="lexikoa" pos="X">lexikoa</wf>
         <instance id="d000.s377.t000" lemma="modu" pos="NOUN">modu</instance>
         <wf lemma="sistematiko" pos="X">sistematiko</wf>
         <wf lemma="batez" pos="X">batez</wf>
         <wf lemma="lantzea" pos="X">lantzea</wf>
         <wf lemma="komenigarri" pos="X">komenigarri</wf>
         <wf lemma="da" pos="X">da</wf>
         <wf lemma="." pos="X">.</wf>
      </sentence>
      <sentence id="d000.s378" source="wordnet-basque">
         <wf lemma="gaur" pos="X">gaur</wf>
         <instance id="d000.s378.t000" lemma="aukera" pos="NOUN">aukera</instance>
         <wf lemma="bat" pos="X">bat</wf>
         <wf lemma="zuten" pos="X">zuten</wf>
         <wf lemma="PPri" pos="X">PPri</wf>
         <wf lemma="segidismoa" pos="X">segidismoa</wf>
         <wf lemma="egiteari" pos="X">egiteari</wf>
         <wf lemma="uzteko" pos="X">uzteko</wf>
         <wf lemma="," pos="X">,</wf>
         <wf lemma="baina" pos="X">baina</wf>
         <wf lemma="argi" pos="X">argi</wf>
         <wf lemma="dago" pos="X">dago</wf>
         <wf lemma="norabiderik" pos="X">norabiderik</wf>
         <wf lemma="gabe" pos="X">gabe</wf>
         <wf lemma="dabiltzala" pos="X">dabiltzala</wf>
         <wf lemma="." pos="X">.</wf>
      </sentence>
      <sentence id="d000.s379" source="wordnet-basque">
         <wf lemma="horretarako" pos="X">horretarako</wf>
         <wf lemma="lesioak" pos="X">lesioak</wf>
         <wf lemma="ez" pos="X">ez</wf>
         <wf lemma="ezik" pos="X">ezik</wf>
         <wf lemma="," pos="X">,</wf>
         <wf lemma="auto" pos="X">auto</wf>
         <wf lemma="baten" pos="X">baten</wf>
         <instance id="d000.s379.t000" lemma="erabilera" pos="NOUN">erabilera</instance>
         <wf lemma="ez" pos="X">ez</wf>
         <wf lemma="legezkoa" pos="X">legezkoa</wf>
         <wf lemma="eta" pos="X">eta</wf>
         <wf lemma="matrikulen" pos="X">matrikulen</wf>
         <wf lemma="faltsutzea" pos="X">faltsutzea</wf>
         <wf lemma="egotzi" pos="X">egotzi</wf>
         <wf lemma="zion" pos="X">zion</wf>
         <wf lemma="." pos="X">.</wf>
      </sentence>
      <sentence id="d000.s380" source="wordnet-basque">
         <instance id="d000.s380.t000" lemma="lehergailu" pos="NOUN">lehergailu</instance>
         <wf lemma="batek" pos="X">batek</wf>
         <wf lemma="kalte" pos="X">kalte</wf>
         <wf lemma="handiak" pos="X">handiak</wf>
         <wf lemma="eragin" pos="X">eragin</wf>
         <wf lemma="ditu" pos="X">ditu</wf>
         <wf lemma="Legutioko" pos="X">Legutioko</wf>
         <wf lemma="Mecanizados" pos="X">Mecanizados</wf>
         <wf lemma="Alberdi" pos="X">Alberdi</wf>
         <wf lemma="enpresan" pos="X">enpresan</wf>
         <wf lemma="." pos="X">.</wf>
      </sentence>
      <sentence id="d000.s381" source="wordnet-basque">
         <wf lemma="itxaron" pos="X">itxaron</wf>
         <wf lemma="," pos="X">,</wf>
         <instance id="d000.s381.t000" lemma="ur" pos="NOUN">ura</instance>
         <wf lemma="edaten" pos="X">edaten</wf>
         <wf lemma="ari" pos="X">ari</wf>
         <wf lemma="naiz" pos="X">naiz</wf>
         <wf lemma="." pos="X">.</wf>
      </sentence>
      <sentence id="d000.s382" source="wordnet-basque">
         <wf lemma="PPk" pos="X">PPk</wf>
         <wf lemma="EHrekin" pos="X">EHrekin</wf>
         <wf lemma="itunak" pos="X">itunak</wf>
         <wf lemma="izatea" pos="X">izatea</wf>
         <wf lemma="egotzi" pos="X">egotzi</wf>
         <wf lemma="zion" pos="X">zion</wf>
         <wf lemma="eta" pos="X">eta</wf>
         <wf lemma="Udalbiltza" pos="X">Udalbiltza</wf>
         <wf lemma="egungo" pos="X">egungo</wf>
         <instance id="d000.s382.t000" lemma="instituzio" pos="NOUN">instituzioen</instance>
         <wf lemma="pareko" pos="X">pareko</wf>
         <wf lemma="dela" pos="X">dela</wf>
         <wf lemma="EAJrentzat" pos="X">EAJrentzat</wf>
         <wf lemma="." pos="X">.</wf>
      </sentence>
      <sentence id="d000.s383" source="wordnet-basque">
         <wf lemma="zurezko" pos="X">zurezko</wf>
         <instance id="d000.s383.t000" lemma="kontraleiho" pos="NOUN">kontraleihoak</instance>
         <wf lemma="itxita" pos="X">itxita</wf>
         <wf lemma="egoten" pos="X">egoten</wf>
         <wf lemma="dira" pos="X">dira</wf>
         <wf lemma="etxekoak" pos="X">etxekoak</wf>
         <wf lemma="lutoz" pos="X">lutoz</wf>
         <wf lemma="daudela" pos="X">daudela</wf>
         <wf lemma="adierazteko" pos="X">adierazteko</wf>
         <wf lemma="." pos="X">.</wf>
      </sentence>
      <sentence id="d000.s384" source="wordnet-basque">
         <wf lemma="tajinearen" pos="X">tajinearen</wf>
         <wf lemma="osagaiak" pos="X">osagaiak</wf>
         <wf lemma="haragia" pos="X">haragia</wf>
         <wf lemma="edo" pos="X">edo</wf>
         <instance id="d000.s384.t000" lemma="arrain" pos="NOUN">arraina</instance>
         <wf lemma="eta" pos="X">eta</wf>
         <wf lemma="barazkiak" pos="X">barazkiak</wf>
         <wf lemma="dira" pos="X">dira</wf>
         <wf lemma="eta" pos="X">eta</wf>
         <wf lemma="izena" pos="X">izena</wf>
         <wf lemma="," pos="X">,</wf>
         <wf lemma="prestatzeko" pos="X">prestatzeko</wf>
         <wf lemma="erabiltzen" pos="X">erabiltzen</wf>
         <wf lemma="den" pos="X">den</wf>
         <wf lemma="ontzitik" pos="X">ontzitik</wf>
         <wf lemma="datorkio" pos="X">datorkio</wf>
         <wf lemma="." pos="X">.</wf>
      </sentence>
      <sentence id="d000.s385" source="wordnet-basque">
         <wf lemma="delitu" pos="X">delitu</wf>
         <wf lemma="txikiak" pos="X">txikiak</wf>
         <wf lemma="egin" pos="X">egin</wf>
         <wf lemma="dituztenek" pos="X">dituztenek</wf>
         <instance id="d000.s385.t000" lemma="askatasun" pos="NOUN">askatasuna</instance>
         <wf lemma="lortuko" pos="X">lortuko</wf>
         <wf lemma="lukete" pos="X">lukete</wf>
         <wf lemma="," pos="X">,</wf>
         <wf lemma="baita" pos="X">baita</wf>
         <wf lemma="legez" pos="X">legez</wf>
         <wf lemma="kanpoko" pos="X">kanpoko</wf>
         <wf lemma="emigranteek" pos="X">emigranteek</wf>
         <wf lemma="ere" pos="X">ere</wf>
         <wf lemma="." pos="X">.</wf>
      </sentence>
      <sentence id="d000.s386" source="wordnet-basque">
         <wf lemma="salatu" pos="X">salatu</wf>
         <wf lemma="zituzten" pos="X">zituzten</wf>
         <wf lemma="puntuak" pos="X">puntuak</wf>
         <wf lemma="hauexek" pos="X">hauexek</wf>
         <wf lemma="dira" pos="X">dira</wf>
         <wf lemma=":" pos="X">:</wf>
         <wf lemma="biltzeko" pos="X">biltzeko</wf>
         <wf lemma="eskubideari" pos="X">eskubideari</wf>
         <wf lemma="jarritako" pos="X">jarritako</wf>
         <instance id="d000.s386.t000" lemma="muga" pos="NOUN">mugak</instance>
         <wf lemma="eta" pos="X">eta</wf>
         <wf lemma="badaezpadako" pos="X">badaezpadako</wf>
         <wf lemma="atxiloketa" pos="X">atxiloketa</wf>
         <wf lemma="40" pos="X">40</wf>
         <wf lemma="egunetakoa" pos="X">egunetakoa</wf>
         <wf lemma="izatea" pos="X">izatea</wf>
         <wf lemma="." pos="X">.</wf>
      </sentence>
      <sentence id="d000.s387" source="wordnet-basque">
         <wf lemma="Udalbiltzako" pos="X">Udalbiltzako</wf>
         <instance id="d000.s387.t000" lemma="zuzendaritza" pos="NOUN">zuzendaritza</instance>
         <wf lemma="EAJk" pos="X">EAJk</wf>
         <wf lemma="eta" pos="X">eta</wf>
         <wf lemma="EAk" pos="X">EAk</wf>
         <wf lemma="eramatea" pos="X">eramatea</wf>
         <wf lemma="," pos="X">,</wf>
         <wf lemma="eta" pos="X">eta</wf>
         <wf lemma="EH" pos="X">EH</wf>
         <wf lemma="oposiziora" pos="X">oposiziora</wf>
         <wf lemma="pasatzea" pos="X">pasatzea</wf>
         <wf lemma="planteatu" pos="X">planteatu</wf>
         <wf lemma="dugu" pos="X">dugu</wf>
         <wf lemma="." pos="X">.</wf>
      </sentence>
      <sentence id="d000.s388" source="wordnet-basque">
         <wf lemma="Ociori" pos="X">Ociori</wf>
         <wf lemma="ostiralean" pos="X">ostiralean</wf>
         <wf lemma="kenduko" pos="X">kenduko</wf>
         <wf lemma="dizkiote" pos="X">dizkiote</wf>
         <instance id="d000.s388.t000" lemma="puntu" pos="NOUN">puntuak</instance>
         <wf lemma="." pos="X">.</wf>
      </sentence>
      <sentence id="d000.s389" source="wordnet-basque">
         <wf lemma="hurrengo" pos="X">hurrengo</wf>
         <instance id="d000.s389.t000" lemma="egoera-aldaketa" pos="NOUN">egoera-aldaketak</instance>
         <wf lemma="zein" pos="X">zein</wf>
         <wf lemma="egoeratan" pos="X">egoeratan</wf>
         <wf lemma="edo" pos="X">edo</wf>
         <wf lemma="momentutan" pos="X">momentutan</wf>
         <wf lemma="gerta" pos="X">gerta</wf>
         <wf lemma="daitezkeen" pos="X">daitezkeen</wf>
         <wf lemma="edo" pos="X">edo</wf>
         <wf lemma="gertatzen" pos="X">gertatzen</wf>
         <wf lemma="diren" pos="X">diren</wf>
         <wf lemma="idatz" pos="X">idatz</wf>
         <wf lemma="ezazu" pos="X">ezazu</wf>
         <wf lemma="taula" pos="X">taula</wf>
         <wf lemma="batean" pos="X">batean</wf>
         <wf lemma="." pos="X">.</wf>
      </sentence>
      <sentence id="d000.s390" source="wordnet-basque">
         <wf lemma="butano-banatzaileak" pos="X">butano-banatzaileak</wf>
         <wf lemma="bonbona" pos="X">bonbona</wf>
         <wf lemma="bat" pos="X">bat</wf>
         <wf lemma="jaso" pos="X">jaso</wf>
         <wf lemma="du" pos="X">du</wf>
         <wf lemma="lehenengo" pos="X">lehenengo</wf>
         <instance id="d000.s390.t000" lemma="pisu" pos="NOUN">pisuraino</instance>
         <wf lemma="." pos="X">.</wf>
      </sentence>
      <sentence id="d000.s391" source="wordnet-basque">
         <wf lemma="arrakastaren" pos="X">arrakastaren</wf>
         <instance id="d000.s391.t000" lemma="adibide" pos="NOUN">adibidea</instance>
         <wf lemma="da" pos="X">da</wf>
         <wf lemma="horkoa" pos="X">horkoa</wf>
         <wf lemma="." pos="X">.</wf>
      </sentence>
      <sentence id="d000.s392" source="wordnet-basque">
         <wf lemma="Picassoren" pos="X">Picassoren</wf>
         <instance id="d000.s392.t000" lemma="lan" pos="NOUN">lana</instance>
         <wf lemma="zenbait" pos="X">zenbait</wf>
         <wf lemma="garaitan" pos="X">garaitan</wf>
         <wf lemma="bana" pos="X">bana</wf>
         <wf lemma="liteke" pos="X">liteke</wf>
         <wf lemma="." pos="X">.</wf>
      </sentence>
      <sentence id="d000.s393" source="wordnet-basque">
         <wf lemma="petrolio" pos="X">petrolio</wf>
         <wf lemma="konpainiak" pos="X">konpainiak</wf>
         <wf lemma="pezeta" pos="X">pezeta</wf>
         <wf lemma="bat" pos="X">bat</wf>
         <wf lemma="igo" pos="X">igo</wf>
         <wf lemma="zuen" pos="X">zuen</wf>
         <wf lemma="atzo" pos="X">atzo</wf>
         <wf lemma="gauerdian" pos="X">gauerdian</wf>
         <wf lemma="berunik" pos="X">berunik</wf>
         <wf lemma="gabeko" pos="X">gabeko</wf>
         <wf lemma="95" pos="X">95</wf>
         <instance id="d000.s393.t000" lemma="oktano" pos="NOUN">oktanoko</instance>
         <wf lemma="gasolinaren" pos="X">gasolinaren</wf>
         <wf lemma="prezioa" pos="X">prezioa</wf>
         <wf lemma="." pos="X">.</wf>
      </sentence>
      <sentence id="d000.s394" source="wordnet-basque">
         <instance id="d000.s394.t000" lemma="esku" pos="NOUN">esku</instance>
         <wf lemma="eta" pos="X">eta</wf>
         <wf lemma="besoak" pos="X">besoak</wf>
         <wf lemma="higituz" pos="X">higituz</wf>
         <wf lemma="mina" pos="X">mina</wf>
         <wf lemma="lasatzen" pos="X">lasatzen</wf>
         <wf lemma="saiatu" pos="X">saiatu</wf>
         <wf lemma="zen" pos="X">zen</wf>
         <wf lemma="baina" pos="X">baina</wf>
         <wf lemma="," pos="X">,</wf>
         <wf lemma="azala" pos="X">azala</wf>
         <wf lemma="urratzea" pos="X">urratzea</wf>
         <wf lemma="besterik" pos="X">besterik</wf>
         <wf lemma="ez" pos="X">ez</wf>
         <wf lemma="zuen" pos="X">zuen</wf>
         <wf lemma="lortu" pos="X">lortu</wf>
         <wf lemma="." pos="X">.</wf>
      </sentence>
      <sentence id="d000.s395" source="wordnet-basque">
         <instance id="d000.s395.t000" lemma="ekonomia" pos="NOUN">ekonomia</instance>
         <wf lemma="du" pos="X">du</wf>
         <wf lemma="xede" pos="X">xede</wf>
         <wf lemma="," pos="X">,</wf>
         <wf lemma="gehienbat" pos="X">gehienbat</wf>
         <wf lemma="," pos="X">,</wf>
         <wf lemma="Roy" pos="X">Roy</wf>
         <wf lemma="Eiguren-en" pos="X">Eiguren-en</wf>
         <wf lemma="zuzendaritzapeko" pos="X">zuzendaritzapeko</wf>
         <wf lemma="bigarrenak" pos="X">bigarrenak</wf>
         <wf lemma="." pos="X">.</wf>
      </sentence>
      <sentence id="d000.s396" source="wordnet-basque">
         <wf lemma="mugaz" pos="X">mugaz</wf>
         <wf lemma="bi" pos="X">bi</wf>
         <wf lemma="aldeetako" pos="X">aldeetako</wf>
         <wf lemma="gasbideen" pos="X">gasbideen</wf>
         <instance id="d000.s396.t000" lemma="lotura" pos="NOUN">lotura</instance>
         <wf lemma="aztertzeko" pos="X">aztertzeko</wf>
         <wf lemma="ikerketa" pos="X">ikerketa</wf>
         <wf lemma="bat" pos="X">bat</wf>
         <wf lemma="jarri" pos="X">jarri</wf>
         <wf lemma="da" pos="X">da</wf>
         <wf lemma="abian" pos="X">abian</wf>
         <wf lemma="." pos="X">.</wf>
      </sentence>
      <sentence id="d000.s397" source="wordnet-basque">
         <wf lemma="ez" pos="X">ez</wf>
         <wf lemma="da" pos="X">da</wf>
         <wf lemma="estrategia" pos="X">estrategia</wf>
         <wf lemma="amankomunik" pos="X">amankomunik</wf>
         <wf lemma="erabiltzen" pos="X">erabiltzen</wf>
         <instance id="d000.s397.t000" lemma="afasia" pos="NOUN">afasiaren</instance>
         <wf lemma="diagnostikoan" pos="X">diagnostikoan</wf>
         <wf lemma="." pos="X">.</wf>
      </sentence>
      <sentence id="d000.s398" source="wordnet-basque">
         <wf lemma="Joseba" pos="X">Joseba</wf>
         <wf lemma="Beloki" pos="X">Beloki</wf>
         <wf lemma="(" pos="X">(</wf>
         <wf lemma="29" pos="X">29</wf>
         <wf lemma=")" pos="X">)</wf>
         <wf lemma="eta" pos="X">eta</wf>
         <wf lemma="Haimar" pos="X">Haimar</wf>
         <wf lemma="Zubeldia" pos="X">Zubeldia</wf>
         <wf lemma="(" pos="X">(</wf>
         <wf lemma="39" pos="X">39</wf>
         <wf lemma=")" pos="X">)</wf>
         <wf lemma="dira" pos="X">dira</wf>
         <instance id="d000.s398.t000" lemma="zerrenda" pos="NOUN">zerrenda</instance>
         <wf lemma="horretan" pos="X">horretan</wf>
         <wf lemma="lehen" pos="X">lehen</wf>
         <wf lemma="ehunen" pos="X">ehunen</wf>
         <wf lemma="artean" pos="X">artean</wf>
         <wf lemma="dauden" pos="X">dauden</wf>
         <wf lemma="euskal" pos="X">euskal</wf>
         <wf lemma="ordezkariak" pos="X">ordezkariak</wf>
         <wf lemma="." pos="X">.</wf>
      </sentence>
      <sentence id="d000.s399" source="wordnet-basque">
         <wf lemma="neurri" pos="X">neurri</wf>
         <wf lemma="horien" pos="X">horien</wf>
         <wf lemma="bitartez" pos="X">bitartez</wf>
         <wf lemma="," pos="X">,</wf>
         <wf lemma="erregaien" pos="X">erregaien</wf>
         <instance id="d000.s399.t000" lemma="prezio" pos="NOUN">prezioa</instance>
         <wf lemma="litroko" pos="X">litroko</wf>
         <wf lemma="1,30" pos="X">1,30</wf>
         <wf lemma="liberatan" pos="X">liberatan</wf>
         <wf lemma="(" pos="X">(</wf>
         <wf lemma="32,5" pos="X">32,5</wf>
         <wf lemma="pezeta" pos="X">pezeta</wf>
         <wf lemma=")" pos="X">)</wf>
         <wf lemma="geldituko" pos="X">geldituko</wf>
         <wf lemma="da" pos="X">da</wf>
         <wf lemma="." pos="X">.</wf>
      </sentence>
      <sentence id="d000.s400" source="wordnet-basque">
         <wf lemma="boterearen" pos="X">boterearen</wf>
         <instance id="d000.s400.t000" lemma="su" pos="NOUN">sua</instance>
         <wf lemma="itzali" pos="X">itzali</wf>
         <wf lemma="zaio" pos="X">zaio</wf>
         <wf lemma="Samaranchen" pos="X">Samaranchen</wf>
         <wf lemma="azken" pos="X">azken</wf>
         <wf lemma="Jokoak" pos="X">Jokoak</wf>
         <wf lemma="izan" pos="X">izan</wf>
         <wf lemma="dira" pos="X">dira</wf>
         <wf lemma="." pos="X">.</wf>
      </sentence>
      <sentence id="d000.s401" source="wordnet-basque">
         <wf lemma="ez" pos="X">ez</wf>
         <wf lemma="dut" pos="X">dut</wf>
         <wf lemma="nahi" pos="X">nahi</wf>
         <wf lemma="hainbat" pos="X">hainbat</wf>
         <wf lemma="orduz" pos="X">orduz</wf>
         <instance id="d000.s401.t000" lemma="telebista" pos="NOUN">telebista</instance>
         <wf lemma="ikusteko" pos="X">ikusteko</wf>
         <wf lemma="aukerarik" pos="X">aukerarik</wf>
         <wf lemma="izan" pos="X">izan</wf>
         <wf lemma="." pos="X">.</wf>
      </sentence>
      <sentence id="d000.s402" source="wordnet-basque">
         <wf lemma="bera" pos="X">bera</wf>
         <wf lemma="inbasoreen" pos="X">inbasoreen</wf>
         <wf lemma="kontra" pos="X">kontra</wf>
         <wf lemma="egiteko" pos="X">egiteko</wf>
         <instance id="d000.s402.t000" lemma="defentsa" pos="NOUN">defentsara</instance>
         <wf lemma="lotu" pos="X">lotu</wf>
         <wf lemma="zen" pos="X">zen</wf>
         <wf lemma="." pos="X">.</wf>
      </sentence>
      <sentence id="d000.s403" source="wordnet-basque">
         <wf lemma="Mephisto" pos="X">Mephisto</wf>
         <wf lemma="lana" pos="X">lana</wf>
         <wf lemma="giza" pos="X">giza</wf>
         <wf lemma="konpromisozko" pos="X">konpromisozko</wf>
         <wf lemma="antzerki" pos="X">antzerki</wf>
         <instance id="d000.s403.t000" lemma="esparru" pos="NOUN">esparruan</instance>
         <wf lemma="kokatzen" pos="X">kokatzen</wf>
         <wf lemma="da" pos="X">da</wf>
         <wf lemma="." pos="X">.</wf>
      </sentence>
      <sentence id="d000.s404" source="wordnet-basque">
         <wf lemma="Napoliko" pos="X">Napoliko</wf>
         <wf lemma="erregeordea" pos="X">erregeordea</wf>
         <wf lemma="zen" pos="X">zen</wf>
         <wf lemma="Lemosko" pos="X">Lemosko</wf>
         <wf lemma="kondearen" pos="X">kondearen</wf>
         <instance id="d000.s404.t000" lemma="idazkari" pos="NOUN">idazkari</instance>
         <wf lemma="izan" pos="X">izan</wf>
         <wf lemma="zen" pos="X">zen</wf>
         <wf lemma="." pos="X">.</wf>
      </sentence>
      <sentence id="d000.s405" source="wordnet-basque">
         <wf lemma="pertsona(k" pos="X">pertsona(k</wf>
         <wf lemma=")" pos="X">)</wf>
         <wf lemma="," pos="X">,</wf>
         <instance id="d000.s405.t000" lemma="denbora" pos="NOUN">denbora</instance>
         <wf lemma="eta" pos="X">eta</wf>
         <wf lemma="modua" pos="X">modua</wf>
         <wf lemma="adierazten" pos="X">adierazten</wf>
         <wf lemma="dituzten" pos="X">dituzten</wf>
         <wf lemma="adizki" pos="X">adizki</wf>
         <wf lemma="laguntzaile" pos="X">laguntzaile</wf>
         <wf lemma="eta" pos="X">eta</wf>
         <wf lemma="trinkoen" pos="X">trinkoen</wf>
         <wf lemma="agerrera" pos="X">agerrera</wf>
         <wf lemma="urratsez" pos="X">urratsez</wf>
         <wf lemma="urrats" pos="X">urrats</wf>
         <wf lemma="aurkeztuko" pos="X">aurkeztuko</wf>
         <wf lemma="dugu" pos="X">dugu</wf>
         <wf lemma="." pos="X">.</wf>
      </sentence>
      <sentence id="d000.s406" source="wordnet-basque">
         <wf lemma="HIESa" pos="X">HIESa</wf>
         <wf lemma="sendatu" pos="X">sendatu</wf>
         <wf lemma="ez" pos="X">ez</wf>
         <wf lemma="," pos="X">,</wf>
         <wf lemma="baina" pos="X">baina</wf>
         <instance id="d000.s406.t000" lemma="gaitz" pos="NOUN">gaitz</instance>
         <wf lemma="kroniko" pos="X">kroniko</wf>
         <wf lemma="bihur" pos="X">bihur</wf>
         <wf lemma="daitekeela" pos="X">daitekeela</wf>
         <wf lemma="esan" pos="X">esan</wf>
         <wf lemma="dute" pos="X">dute</wf>
         <wf lemma="." pos="X">.</wf>
      </sentence>
      <sentence id="d000.s407" source="wordnet-basque">
         <wf lemma="gaztelua" pos="X">gaztelua</wf>
         <wf lemma="da" pos="X">da</wf>
         <wf lemma="ingeles" pos="X">ingeles</wf>
         <wf lemma="baten" pos="X">baten</wf>
         <instance id="d000.s407.t000" lemma="etxe" pos="NOUN">etxea</instance>
         <wf lemma="." pos="X">.</wf>
      </sentence>
      <sentence id="d000.s408" source="wordnet-basque">
         <instance id="d000.s408.t000" lemma="komisaria" pos="NOUN">komisarian</instance>
         <wf lemma="diligentziak" pos="X">diligentziak</wf>
         <wf lemma="egin" pos="X">egin</wf>
         <wf lemma="ondoren" pos="X">ondoren</wf>
         <wf lemma="aske" pos="X">aske</wf>
         <wf lemma="utzi" pos="X">utzi</wf>
         <wf lemma="zuten" pos="X">zuten</wf>
         <wf lemma="." pos="X">.</wf>
      </sentence>
      <sentence id="d000.s409" source="wordnet-basque">
         <wf lemma="hura" pos="X">hura</wf>
         <wf lemma="guztia" pos="X">guztia</wf>
         <instance id="d000.s409.t000" lemma="asmo" pos="NOUN">asmo</instance>
         <wf lemma="itsusi" pos="X">itsusi</wf>
         <wf lemma="bat" pos="X">bat</wf>
         <wf lemma="zela" pos="X">zela</wf>
         <wf lemma="adierazi" pos="X">adierazi</wf>
         <wf lemma="zuen" pos="X">zuen</wf>
         <wf lemma="," pos="X">,</wf>
         <wf lemma="eta" pos="X">eta</wf>
         <wf lemma="ez" pos="X">ez</wf>
         <wf lemma="zuela" pos="X">zuela</wf>
         <wf lemma="hartan" pos="X">hartan</wf>
         <wf lemma="zerikusirik" pos="X">zerikusirik</wf>
         <wf lemma="gehiago" pos="X">gehiago</wf>
         <wf lemma="izango" pos="X">izango</wf>
         <wf lemma="." pos="X">.</wf>
      </sentence>
      <sentence id="d000.s410" source="wordnet-basque">
         <wf lemma="eliza" pos="X">eliza</wf>
         <wf lemma="ezin" pos="X">ezin</wf>
         <wf lemma="dela" pos="X">dela</wf>
         <wf lemma="apatikoa" pos="X">apatikoa</wf>
         <wf lemma="izan" pos="X">izan</wf>
         <wf lemma="esan" pos="X">esan</wf>
         <wf lemma="du" pos="X">du</wf>
         <wf lemma="," pos="X">,</wf>
         <wf lemma="eta" pos="X">eta</wf>
         <instance id="d000.s410.t000" lemma="ildo" pos="NOUN">ildo</instance>
         <wf lemma="horretan" pos="X">horretan</wf>
         <wf lemma="lan" pos="X">lan</wf>
         <wf lemma="egiteko" pos="X">egiteko</wf>
         <wf lemma="deia" pos="X">deia</wf>
         <wf lemma="egin" pos="X">egin</wf>
         <wf lemma="du" pos="X">du</wf>
         <wf lemma="." pos="X">.</wf>
      </sentence>
      <sentence id="d000.s411" source="wordnet-basque">
         <wf lemma="beste" pos="X">beste</wf>
         <wf lemma="zeinu-sistema" pos="X">zeinu-sistema</wf>
         <wf lemma="batzuk" pos="X">batzuk</wf>
         <wf lemma="erabil" pos="X">erabil</wf>
         <wf lemma="daitezke" pos="X">daitezke</wf>
         <wf lemma="gauzak" pos="X">gauzak</wf>
         <wf lemma="aditzera" pos="X">aditzera</wf>
         <wf lemma="emateko" pos="X">emateko</wf>
         <wf lemma=":" pos="X">:</wf>
         <wf lemma="itsasontzien" pos="X">itsasontzien</wf>
         <instance id="d000.s411.t000" lemma="bandera" pos="NOUN">bandera</instance>
         <wf lemma="bidezko" pos="X">bidezko</wf>
         <wf lemma="mintzaira" pos="X">mintzaira</wf>
         <wf lemma="," pos="X">,</wf>
         <wf lemma="keinuzko" pos="X">keinuzko</wf>
         <wf lemma="mintzaira" pos="X">mintzaira</wf>
         <wf lemma="," pos="X">,</wf>
         <wf lemma="gorputz" pos="X">gorputz</wf>
         <wf lemma="mintzaira" pos="X">mintzaira</wf>
         <wf lemma="," pos="X">,</wf>
         <wf lemma="eta" pos="X">eta</wf>
         <wf lemma="b." pos="X">b.</wf>
      </sentence>
      <sentence id="d000.s412" source="wordnet-basque">
         <wf lemma="plataformen" pos="X">plataformen</wf>
         <wf lemma="biltzarrak" pos="X">biltzarrak</wf>
         <wf lemma="manifestaziorako" pos="X">manifestaziorako</wf>
         <instance id="d000.s412.t000" lemma="dei" pos="NOUN">deia</instance>
         <wf lemma="egin" pos="X">egin</wf>
         <wf lemma="zuen" pos="X">zuen</wf>
         <wf lemma="heldu" pos="X">heldu</wf>
         <wf lemma="den" pos="X">den</wf>
         <wf lemma="abenduaren" pos="X">abenduaren</wf>
         <wf lemma="16an" pos="X">16an</wf>
         <wf lemma="," pos="X">,</wf>
         <wf lemma="Baionan" pos="X">Baionan</wf>
         <wf lemma="." pos="X">.</wf>
      </sentence>
      <sentence id="d000.s413" source="wordnet-basque">
         <instance id="d000.s413.t000" lemma="kale" pos="NOUN">kale</instance>
         <wf lemma="osoa" pos="X">osoa</wf>
         <wf lemma="kexatu" pos="X">kexatu</wf>
         <wf lemma="zen" pos="X">zen</wf>
         <wf lemma="argirik" pos="X">argirik</wf>
         <wf lemma="ez" pos="X">ez</wf>
         <wf lemma="zegoela" pos="X">zegoela</wf>
         <wf lemma="eta" pos="X">eta</wf>
         <wf lemma="." pos="X">.</wf>
      </sentence>
      <sentence id="d000.s414" source="wordnet-basque">
         <wf lemma="Basoko" pos="X">Basoko</wf>
         <wf lemma="abere" pos="X">abere</wf>
         <wf lemma="guziak" pos="X">guziak</wf>
         <wf lemma="izutu" pos="X">izutu</wf>
         <wf lemma="omen" pos="X">omen</wf>
         <wf lemma="ziran" pos="X">ziran</wf>
         <wf lemma="legoi" pos="X">legoi</wf>
         <wf lemma="gaztearen" pos="X">gaztearen</wf>
         <wf lemma="orrukin" pos="X">orrukin</wf>
         <wf lemma="eta" pos="X">eta</wf>
         <wf lemma="ezin" pos="X">ezin</wf>
         <wf lemma="jabetu" pos="X">jabetu</wf>
         <wf lemma="iñor" pos="X">iñor</wf>
         <wf lemma="zergatik" pos="X">zergatik</wf>
         <wf lemma="ziran" pos="X">ziran</wf>
         <wf lemma="marru" pos="X">marru</wf>
         <wf lemma="ta" pos="X">ta</wf>
         <wf lemma="ayuma" pos="X">ayuma</wf>
         <wf lemma="oyek" pos="X">oyek</wf>
         <wf lemma=";" pos="X">;</wf>
         <wf lemma="larri" pos="X">larri</wf>
         <wf lemma="asko" pos="X">asko</wf>
         <wf lemma="inguratu" pos="X">inguratu</wf>
         <wf lemma="omen" pos="X">omen</wf>
         <wf lemma="zitzayon" pos="X">zitzayon</wf>
         <instance id="d000.s414.t000" lemma="ama" pos="NOUN">ama</instance>
         <wf lemma="." pos="X">.</wf>
      </sentence>
      <sentence id="d000.s415" source="wordnet-basque">
         <wf lemma="Soldadu" pos="X">Soldadu</wf>
         <wf lemma="britainiarrak" pos="X">britainiarrak</wf>
         <wf lemma="askatzeko" pos="X">askatzeko</wf>
         <instance id="d000.s415.t000" lemma="negoziazio" pos="NOUN">negoziazioek</instance>
         <wf lemma="aurrera" pos="X">aurrera</wf>
         <wf lemma="jarraitu" pos="X">jarraitu</wf>
         <wf lemma="dute" pos="X">dute</wf>
         <wf lemma="." pos="X">.</wf>
      </sentence>
      <sentence id="d000.s416" source="wordnet-basque">
         <instance id="d000.s416.t000" lemma="gau" pos="NOUN">gauean</instance>
         <wf lemma="zurekin" pos="X">zurekin</wf>
         <wf lemma="egin" pos="X">egin</wf>
         <wf lemma="dut" pos="X">dut</wf>
         <wf lemma="amets" pos="X">amets</wf>
         <wf lemma="." pos="X">.</wf>
      </sentence>
      <sentence id="d000.s417" source="wordnet-basque">
         <instance id="d000.s417.t000" lemma="abertzale" pos="NOUN">abertzaleen</instance>
         <wf lemma="arteko" pos="X">arteko</wf>
         <wf lemma="elkarlanaren" pos="X">elkarlanaren</wf>
         <wf lemma="garrantzia" pos="X">garrantzia</wf>
         <wf lemma="nabarmendu" pos="X">nabarmendu</wf>
         <wf lemma="zuen" pos="X">zuen</wf>
         <wf lemma="Joseba" pos="X">Joseba</wf>
         <wf lemma="Egibar" pos="X">Egibar</wf>
         <wf lemma="EAJko" pos="X">EAJko</wf>
         <wf lemma="bozeramaileak" pos="X">bozeramaileak</wf>
         <wf lemma="." pos="X">.</wf>
      </sentence>
      <sentence id="d000.s418" source="wordnet-basque">
         <wf lemma="abertzaleen" pos="X">abertzaleen</wf>
         <wf lemma="arteko" pos="X">arteko</wf>
         <wf lemma="oinarrizko" pos="X">oinarrizko</wf>
         <wf lemma="akordio" pos="X">akordio</wf>
         <wf lemma="baten" pos="X">baten</wf>
         <wf lemma="bidez" pos="X">bidez</wf>
         <instance id="d000.s418.t000" lemma="distentsio" pos="NOUN">distentsioa</instance>
         <wf lemma="lortzea" pos="X">lortzea</wf>
         <wf lemma="da" pos="X">da</wf>
         <wf lemma="helburua" pos="X">helburua</wf>
         <wf lemma="." pos="X">.</wf>
      </sentence>
      <sentence id="d000.s419" source="wordnet-basque">
         <wf lemma="Indonesiako" pos="X">Indonesiako</wf>
         <wf lemma="Armadako" pos="X">Armadako</wf>
         <instance id="d000.s419.t000" lemma="soldadu" pos="NOUN">soldaduek</instance>
         <wf lemma="ez" pos="X">ez</wf>
         <wf lemma="dute" pos="X">dute</wf>
         <wf lemma="sinesgarritasunik" pos="X">sinesgarritasunik</wf>
         <wf lemma="Molukak" pos="X">Molukak</wf>
         <wf lemma="uhartedian" pos="X">uhartedian</wf>
         <wf lemma="." pos="X">.</wf>
      </sentence>
      <sentence id="d000.s420" source="wordnet-basque">
         <wf lemma="giza" pos="X">giza</wf>
         <wf lemma="eskubideak" pos="X">eskubideak</wf>
         <wf lemma="urratzen" pos="X">urratzen</wf>
         <wf lemma="dituen" pos="X">dituen</wf>
         <wf lemma="ekintzarik" pos="X">ekintzarik</wf>
         <wf lemma="ez" pos="X">ez</wf>
         <wf lemma="babesteko" pos="X">babesteko</wf>
         <wf lemma="konpromisoa" pos="X">konpromisoa</wf>
         <wf lemma="hartu" pos="X">hartu</wf>
         <wf lemma="zuten" pos="X">zuten</wf>
         <instance id="d000.s420.t000" lemma="sinatzaile" pos="NOUN">sinatzaileek</instance>
         <wf lemma="." pos="X">.</wf>
      </sentence>
      <sentence id="d000.s421" source="wordnet-basque">
         <instance id="d000.s421.t000" lemma="hilabete" pos="NOUN">hilabeteen</instance>
         <wf lemma="izenak" pos="X">izenak</wf>
         <wf lemma="eta" pos="X">eta</wf>
         <wf lemma="hitz" pos="X">hitz</wf>
         <wf lemma="berri" pos="X">berri</wf>
         <wf lemma="batzuk" pos="X">batzuk</wf>
         <wf lemma="nola" pos="X">nola</wf>
         <wf lemma="idatzi" pos="X">idatzi</wf>
         <wf lemma="." pos="X">.</wf>
      </sentence>
      <sentence id="d000.s422" source="wordnet-basque">
         <wf lemma="belarra" pos="X">belarra</wf>
         <wf lemma="ondo" pos="X">ondo</wf>
         <wf lemma="hazi" pos="X">hazi</wf>
         <wf lemma="da" pos="X">da</wf>
         <wf lemma="eta" pos="X">eta</wf>
         <instance id="d000.s422.t000" lemma="ate" pos="NOUN">ateen</instance>
         <wf lemma="inguruan" pos="X">inguruan</wf>
         <wf lemma="zeuden" pos="X">zeuden</wf>
         <wf lemma="zuloak" pos="X">zuloak</wf>
         <wf lemma="erabat" pos="X">erabat</wf>
         <wf lemma="estalita" pos="X">estalita</wf>
         <wf lemma="daude" pos="X">daude</wf>
         <wf lemma="." pos="X">.</wf>
      </sentence>
      <sentence id="d000.s423" source="wordnet-basque">
         <wf lemma="hamabost" pos="X">hamabost</wf>
         <wf lemma="artista" pos="X">artista</wf>
         <wf lemma="aurkeztu" pos="X">aurkeztu</wf>
         <wf lemma="ziren" pos="X">ziren</wf>
         <instance id="d000.s423.t000" lemma="proba" pos="NOUN">probara</instance>
         <wf lemma="Madrilen" pos="X">Madrilen</wf>
         <wf lemma="," pos="X">,</wf>
         <wf lemma="eskultura-plaza" pos="X">eskultura-plaza</wf>
         <wf lemma="bakarra" pos="X">bakarra</wf>
         <wf lemma="eskuratzeko" pos="X">eskuratzeko</wf>
         <wf lemma="asmotan" pos="X">asmotan</wf>
         <wf lemma="." pos="X">.</wf>
      </sentence>
      <sentence id="d000.s424" source="wordnet-basque">
         <wf lemma="gure" pos="X">gure</wf>
         <wf lemma="herriko" pos="X">herriko</wf>
         <wf lemma="burrukariek" pos="X">burrukariek</wf>
         <wf lemma="," pos="X">,</wf>
         <wf lemma="aizkora" pos="X">aizkora</wf>
         <wf lemma="harekin" pos="X">harekin</wf>
         <wf lemma="," pos="X">,</wf>
         <instance id="d000.s424.t000" lemma="gerla" pos="NOUN">gerla</instance>
         <wf lemma="krudel" pos="X">krudel</wf>
         <wf lemma="eta" pos="X">eta</wf>
         <wf lemma="luzeari" pos="X">luzeari</wf>
         <wf lemma="hasiera" pos="X">hasiera</wf>
         <wf lemma="emanaz" pos="X">emanaz</wf>
         <wf lemma="," pos="X">,</wf>
         <wf lemma="Enperadorearen" pos="X">Enperadorearen</wf>
         <wf lemma="soldadoei" pos="X">soldadoei</wf>
         <wf lemma="kontra" pos="X">kontra</wf>
         <wf lemma="egiten" pos="X">egiten</wf>
         <wf lemma="zieten" pos="X">zieten</wf>
         <wf lemma="." pos="X">.</wf>
      </sentence>
      <sentence id="d000.s425" source="wordnet-basque">
         <instance id="d000.s425.t000" lemma="amaiera" pos="NOUN">amaiera</instance>
         <wf lemma="gisa" pos="X">gisa</wf>
         <wf lemma="," pos="X">,</wf>
         <wf lemma="galdera" pos="X">galdera</wf>
         <wf lemma="bat" pos="X">bat</wf>
         <wf lemma="bururatzen" pos="X">bururatzen</wf>
         <wf lemma="zait" pos="X">zait</wf>
         <wf lemma="." pos="X">.</wf>
      </sentence>
      <sentence id="d000.s426" source="wordnet-basque">
         <wf lemma="hormari" pos="X">hormari</wf>
         <wf lemma="itsatsita" pos="X">itsatsita</wf>
         <instance id="d000.s426.t000" lemma="marko" pos="NOUN">markorik</instance>
         <wf lemma="ez" pos="X">ez</wf>
         <wf lemma="balego" pos="X">balego</wf>
         <wf lemma="leiho" pos="X">leiho</wf>
         <wf lemma="osoa" pos="X">osoa</wf>
         <wf lemma="eroriko" pos="X">eroriko</wf>
         <wf lemma="litzateke" pos="X">litzateke</wf>
         <wf lemma="." pos="X">.</wf>
      </sentence>
      <sentence id="d000.s427" source="wordnet-basque">
         <wf lemma="Barne" pos="X">Barne</wf>
         <instance id="d000.s427.t000" lemma="ministerio" pos="NOUN">Ministerioan</instance>
         <wf lemma="bildu" pos="X">bildu</wf>
         <wf lemma="ziren" pos="X">ziren</wf>
         <wf lemma="terrorismoaren" pos="X">terrorismoaren</wf>
         <wf lemma="aurkako" pos="X">aurkako</wf>
         <wf lemma="politikako" pos="X">politikako</wf>
         <wf lemma="ordezkariak" pos="X">ordezkariak</wf>
         <wf lemma="." pos="X">.</wf>
      </sentence>
      <sentence id="d000.s428" source="wordnet-basque">
         <wf lemma="batel" pos="X">batel</wf>
         <wf lemma="," pos="X">,</wf>
         <wf lemma="trainerilla" pos="X">trainerilla</wf>
         <wf lemma="eta" pos="X">eta</wf>
         <instance id="d000.s428.t000" lemma="traineru" pos="NOUN">traineru</instance>
         <wf lemma="txapelketetan" pos="X">txapelketetan</wf>
         <wf lemma="arituko" pos="X">arituko</wf>
         <wf lemma="dira" pos="X">dira</wf>
         <wf lemma="." pos="X">.</wf>
      </sentence>
      <sentence id="d000.s429" source="wordnet-basque">
         <wf lemma="eskuinkada" pos="X">eskuinkada</wf>
         <wf lemma="jada" pos="X">jada</wf>
         <wf lemma="ez" pos="X">ez</wf>
         <wf lemma="du" pos="X">du</wf>
         <wf lemma="lehen" pos="X">lehen</wf>
         <wf lemma="bezain" pos="X">bezain</wf>
         <wf lemma="beldurgarria" pos="X">beldurgarria</wf>
         <wf lemma="," pos="X">,</wf>
         <wf lemma="baina" pos="X">baina</wf>
         <wf lemma="urteekin" pos="X">urteekin</wf>
         <wf lemma="asko" pos="X">asko</wf>
         <wf lemma="ikasi" pos="X">ikasi</wf>
         <wf lemma="du" pos="X">du</wf>
         <wf lemma="," pos="X">,</wf>
         <wf lemma="eta" pos="X">eta</wf>
         <wf lemma="orain" pos="X">orain</wf>
         <instance id="d000.s429.t000" lemma="ezker" pos="NOUN">ezkerra</instance>
         <wf lemma="ere" pos="X">ere</wf>
         <wf lemma="bikain" pos="X">bikain</wf>
         <wf lemma="erabiltzen" pos="X">erabiltzen</wf>
         <wf lemma="du" pos="X">du</wf>
         <wf lemma="." pos="X">.</wf>
      </sentence>
      <sentence id="d000.s430" source="wordnet-basque">
         <wf lemma="hala" pos="X">hala</wf>
         <wf lemma="," pos="X">,</wf>
         <wf lemma="aurkeztu" pos="X">aurkeztu</wf>
         <wf lemma="emendakinak" pos="X">emendakinak</wf>
         <wf lemma="aldeko" pos="X">aldeko</wf>
         <wf lemma="9" pos="X">9</wf>
         <instance id="d000.s430.t000" lemma="boz" pos="NOUN">boz</instance>
         <wf lemma="izan" pos="X">izan</wf>
         <wf lemma="zituzten" pos="X">zituzten</wf>
         <wf lemma="eta" pos="X">eta</wf>
         <wf lemma="35" pos="X">35</wf>
         <wf lemma="boz" pos="X">boz</wf>
         <wf lemma="aurkako" pos="X">aurkako</wf>
         <wf lemma="." pos="X">.</wf>
      </sentence>
      <sentence id="d000.s431" source="wordnet-basque">
         <wf lemma="egun" pos="X">egun</wf>
         <wf lemma="hartan" pos="X">hartan</wf>
         <wf lemma="ez" pos="X">ez</wf>
         <wf lemma="zegoen" pos="X">zegoen</wf>
         <wf lemma="horretarako" pos="X">horretarako</wf>
         <instance id="d000.s431.t000" lemma="indar" pos="NOUN">indarrik</instance>
         <wf lemma="ere" pos="X">ere</wf>
         <wf lemma="nire" pos="X">nire</wf>
         <wf lemma="gorputz" pos="X">gorputz</wf>
         <wf lemma="ahulean" pos="X">ahulean</wf>
         <wf lemma="." pos="X">.</wf>
      </sentence>
      <sentence id="d000.s432" source="wordnet-basque">
         <wf lemma="umearengan" pos="X">umearengan</wf>
         <wf lemma="kreatibitatea" pos="X">kreatibitatea</wf>
         <wf lemma="eta" pos="X">eta</wf>
         <wf lemma="imaginazioa" pos="X">imaginazioa</wf>
         <wf lemma="lantzen" pos="X">lantzen</wf>
         <wf lemma="dituzten" pos="X">dituzten</wf>
         <instance id="d000.s432.t000" lemma="joko" pos="NOUN">jokoak</instance>
         <wf lemma="ere" pos="X">ere</wf>
         <wf lemma="egiten" pos="X">egiten</wf>
         <wf lemma="ditugu" pos="X">ditugu</wf>
         <wf lemma="." pos="X">.</wf>
      </sentence>
      <sentence id="d000.s433" source="wordnet-basque">
         <wf lemma="viura" pos="X">viura</wf>
         <wf lemma="eta" pos="X">eta</wf>
         <wf lemma="mazuelo" pos="X">mazuelo</wf>
         <wf lemma="mahats" pos="X">mahats</wf>
         <wf lemma="motak" pos="X">motak</wf>
         <wf lemma="kendu" pos="X">kendu</wf>
         <wf lemma="eta" pos="X">eta</wf>
         <instance id="d000.s433.t000" lemma="ardo" pos="NOUN">ardo</instance>
         <wf lemma="hobea" pos="X">hobea</wf>
         <wf lemma="produzitzen" pos="X">produzitzen</wf>
         <wf lemma="dutenak" pos="X">dutenak</wf>
         <wf lemma="landatuko" pos="X">landatuko</wf>
         <wf lemma="dituzte" pos="X">dituzte</wf>
         <wf lemma="." pos="X">.</wf>
      </sentence>
      <sentence id="d000.s434" source="wordnet-basque">
         <instance id="d000.s434.t000" lemma="proiektu" pos="NOUN">proiektua</instance>
         <wf lemma="Mikel" pos="X">Mikel</wf>
         <wf lemma="Garai" pos="X">Garai</wf>
         <wf lemma="arkitektoak" pos="X">arkitektoak</wf>
         <wf lemma="egin" pos="X">egin</wf>
         <wf lemma="du" pos="X">du</wf>
         <wf lemma="," pos="X">,</wf>
         <wf lemma="eta" pos="X">eta</wf>
         <wf lemma="obrak" pos="X">obrak</wf>
         <wf lemma="Donostiako" pos="X">Donostiako</wf>
         <wf lemma="Construcciones" pos="X">Construcciones</wf>
         <wf lemma="Guires" pos="X">Guires</wf>
         <wf lemma="S.A.-ren" pos="X">S.A.-ren</wf>
         <wf lemma="esku" pos="X">esku</wf>
         <wf lemma="daude" pos="X">daude</wf>
         <wf lemma="." pos="X">.</wf>
      </sentence>
      <sentence id="d000.s435" source="wordnet-basque">
         <wf lemma="epaiak" pos="X">epaiak</wf>
         <wf lemma="," pos="X">,</wf>
         <wf lemma="baina" pos="X">baina</wf>
         <wf lemma="azken" pos="X">azken</wf>
         <wf lemma="bi" pos="X">bi</wf>
         <instance id="d000.s435.t000" lemma="delitu" pos="NOUN">delituotatik</instance>
         <wf lemma="absolbitu" pos="X">absolbitu</wf>
         <wf lemma="egin" pos="X">egin</wf>
         <wf lemma="du" pos="X">du</wf>
         <wf lemma="." pos="X">.</wf>
      </sentence>
      <sentence id="d000.s436" source="wordnet-basque">
         <wf lemma="euskal" pos="X">euskal</wf>
         <wf lemma="presoak" pos="X">presoak</wf>
         <wf lemma="Euskal" pos="X">Euskal</wf>
         <wf lemma="Herrira" pos="X">Herrira</wf>
         <wf lemma="erreibindikazioa" pos="X">erreibindikazioa</wf>
         <wf lemma="gero" pos="X">gero</wf>
         <wf lemma="eta" pos="X">eta</wf>
         <wf lemma="zabalago" pos="X">zabalago</wf>
         <wf lemma="izan" pos="X">izan</wf>
         <wf lemma="dadin" pos="X">dadin</wf>
         <wf lemma="ELAk" pos="X">ELAk</wf>
         <wf lemma="4" pos="X">4</wf>
         <instance id="d000.s436.t000" lemma="konpromiso" pos="NOUN">konpromisoak</instance>
         <wf lemma="hartzen" pos="X">hartzen</wf>
         <wf lemma="ditu" pos="X">ditu</wf>
         <wf lemma="." pos="X">.</wf>
      </sentence>
      <sentence id="d000.s437" source="wordnet-basque">
         <wf lemma="Masa" pos="X">Masa</wf>
         <wf lemma="Desarra" pos="X">Desarra</wf>
         <wf lemma="Irteera" pos="X">Irteera</wf>
         <wf lemma="Kontrola" pos="X">Kontrola</wf>
         <wf lemma="Ataria" pos="X">Ataria</wf>
         <wf lemma="Deskarga" pos="X">Deskarga</wf>
         <wf lemma="+" pos="X">+</wf>
         <wf lemma="V." pos="X">V.</wf>
         <wf lemma="," pos="X">,</wf>
         <wf lemma="ikus" pos="X">ikus</wf>
         <wf lemma="8.7." pos="X">8.7.</wf>
         <instance id="d000.s437.t000" lemma="irudi" pos="NOUN">irudia</instance>
         <wf lemma="." pos="X">.</wf>
      </sentence>
      <sentence id="d000.s438" source="wordnet-basque">
         <wf lemma="geologoek" pos="X">geologoek</wf>
         <wf lemma="aspaldian" pos="X">aspaldian</wf>
         <wf lemma="sinetsi" pos="X">sinetsi</wf>
         <wf lemma="dute" pos="X">dute</wf>
         <wf lemma="Lurraren" pos="X">Lurraren</wf>
         <instance id="d000.s438.t000" lemma="bihotz" pos="NOUN">bihotza</instance>
         <wf lemma="osatzen" pos="X">osatzen</wf>
         <wf lemma="duen" pos="X">duen</wf>
         <wf lemma="bola" pos="X">bola</wf>
         <wf lemma="solidoa" pos="X">solidoa</wf>
         <wf lemma="eta" pos="X">eta</wf>
         <wf lemma="esferikoa" pos="X">esferikoa</wf>
         <wf lemma="dela" pos="X">dela</wf>
         <wf lemma="." pos="X">.</wf>
      </sentence>
      <sentence id="d000.s439" source="wordnet-basque">
         <wf lemma="Goardia" pos="X">Goardia</wf>
         <wf lemma="Zibileko" pos="X">Zibileko</wf>
         <wf lemma="zuzendari" pos="X">zuzendari</wf>
         <instance id="d000.s439.t000" lemma="kargu" pos="NOUN">kargua</instance>
         <wf lemma="utzi" pos="X">utzi</wf>
         <wf lemma="aurretik" pos="X">aurretik</wf>
         <wf lemma="Polizia" pos="X">Polizia</wf>
         <wf lemma="honen" pos="X">honen</wf>
         <wf lemma="egoitzatik" pos="X">egoitzatik</wf>
         <wf lemma="atera" pos="X">atera</wf>
         <wf lemma="zituen" pos="X">zituen</wf>
         <wf lemma="txostenak" pos="X">txostenak</wf>
         <wf lemma="." pos="X">.</wf>
      </sentence>
      <sentence id="d000.s440" source="wordnet-basque">
         <wf lemma="nori" pos="X">nori</wf>
         <wf lemma="bururatu" pos="X">bururatu</wf>
         <wf lemma="zitzaion" pos="X">zitzaion</wf>
         <wf lemma="klabelinekin" pos="X">klabelinekin</wf>
         <wf lemma="joatea" pos="X">joatea</wf>
         <instance id="d000.s440.t000" lemma="tanke" pos="NOUN">tankeen</instance>
         <wf lemma="aurrera" pos="X">aurrera</wf>
         <wf lemma="?" pos="X">?</wf>
      </sentence>
      <sentence id="d000.s441" source="wordnet-basque">
         <wf lemma="Mendizorrotzako" pos="X">Mendizorrotzako</wf>
         <instance id="d000.s441.t000" lemma="kiroldegi" pos="NOUN">kiroldegian</instance>
         <wf lemma="errekuperazio" pos="X">errekuperazio</wf>
         <wf lemma="lanak" pos="X">lanak</wf>
         <wf lemma="egiten" pos="X">egiten</wf>
         <wf lemma="aritu" pos="X">aritu</wf>
         <wf lemma="ziren" pos="X">ziren</wf>
         <wf lemma="jokalariak" pos="X">jokalariak</wf>
         <wf lemma="." pos="X">.</wf>
      </sentence>
      <sentence id="d000.s442" source="wordnet-basque">
         <instance id="d000.s442.t000" lemma="epai" pos="NOUN">epaiak</instance>
         <wf lemma="lesio" pos="X">lesio</wf>
         <wf lemma="delitua" pos="X">delitua</wf>
         <wf lemma="leporatu" pos="X">leporatu</wf>
         <wf lemma="dio" pos="X">dio</wf>
         <wf lemma="," pos="X">,</wf>
         <wf lemma="soldadu" pos="X">soldadu</wf>
         <wf lemma="batek" pos="X">batek</wf>
         <wf lemma="zauriak" pos="X">zauriak</wf>
         <wf lemma="jasan" pos="X">jasan</wf>
         <wf lemma="zituelako" pos="X">zituelako</wf>
         <wf lemma="." pos="X">.</wf>
      </sentence>
      <sentence id="d000.s443" source="wordnet-basque">
         <wf lemma="oraingoan" pos="X">oraingoan</wf>
         <wf lemma="bai" pos="X">bai</wf>
         <wf lemma="somatzen" pos="X">somatzen</wf>
         <wf lemma="du" pos="X">du</wf>
         <wf lemma="aitak" pos="X">aitak</wf>
         <wf lemma="zerbait" pos="X">zerbait</wf>
         <wf lemma="berezi" pos="X">berezi</wf>
         <wf lemma="gertatzen" pos="X">gertatzen</wf>
         <wf lemma="dela" pos="X">dela</wf>
         <wf lemma="." pos="X">.</wf>
         <instance id="d000.s443.t000" lemma="boz" pos="NOUN">Boza</instance>
         <wf lemma="aldatuz" pos="X">aldatuz</wf>
         <wf lemma="," pos="X">,</wf>
         <wf lemma="galdegiten" pos="X">galdegiten</wf>
         <wf lemma="dit" pos="X">dit</wf>
         <wf lemma=":" pos="X">:</wf>
         <wf lemma="-" pos="X">-</wf>
         <wf lemma="Esaidazu" pos="X">Esaidazu</wf>
         <wf lemma="zer" pos="X">zer</wf>
         <wf lemma="gertatzen" pos="X">gertatzen</wf>
         <wf lemma="den" pos="X">den</wf>
         <wf lemma="." pos="X">.</wf>
      </sentence>
      <sentence id="d000.s444" source="wordnet-basque">
         <wf lemma="ez" pos="X">ez</wf>
         <wf lemma="dute" pos="X">dute</wf>
         <instance id="d000.s444.t000" lemma="egia" pos="NOUN">egia</instance>
         <wf lemma="jakin" pos="X">jakin</wf>
         <wf lemma="nahi" pos="X">nahi</wf>
         <wf lemma="," pos="X">,</wf>
         <wf lemma="guk" pos="X">guk</wf>
         <wf lemma="nahi" pos="X">nahi</wf>
         <wf lemma="dugun" pos="X">dugun</wf>
         <wf lemma="bezala" pos="X">bezala</wf>
         <wf lemma="," pos="X">,</wf>
         <wf lemma="gaiari" pos="X">gaiari</wf>
         <wf lemma="errentagarritasun" pos="X">errentagarritasun</wf>
         <wf lemma="politikoa" pos="X">politikoa</wf>
         <wf lemma="atera" pos="X">atera</wf>
         <wf lemma="nahi" pos="X">nahi</wf>
         <wf lemma="diote" pos="X">diote</wf>
         <wf lemma="." pos="X">.</wf>
      </sentence>
      <sentence id="d000.s445" source="wordnet-basque">
         <instance id="d000.s445.t000" lemma="aldizkari" pos="NOUN">aldizkari</instance>
         <wf lemma="bat" pos="X">bat</wf>
         <wf lemma="ateratzen" pos="X">ateratzen</wf>
         <wf lemma="dute" pos="X">dute</wf>
         <wf lemma="egunero" pos="X">egunero</wf>
         <wf lemma="gazteentzat" pos="X">gazteentzat</wf>
         <wf lemma="," pos="X">,</wf>
         <wf lemma="'" pos="X">'</wf>
         <wf lemma="Jeronimoren" pos="X">Jeronimoren</wf>
         <wf lemma="oihua" pos="X">oihua</wf>
         <wf lemma="'" pos="X">'</wf>
         <wf lemma="deitua" pos="X">deitua</wf>
         <wf lemma="." pos="X">.</wf>
      </sentence>
      <sentence id="d000.s446" source="wordnet-basque">
         <wf lemma="haren" pos="X">haren</wf>
         <wf lemma="agerraldia" pos="X">agerraldia</wf>
         <wf lemma="da" pos="X">da</wf>
         <wf lemma="filmaren" pos="X">filmaren</wf>
         <instance id="d000.s446.t000" lemma="puntu" pos="NOUN">punturik</instance>
         <wf lemma="nagusiena" pos="X">nagusiena</wf>
         <wf lemma="." pos="X">.</wf>
      </sentence>
      <sentence id="d000.s447" source="wordnet-basque">
         <wf lemma="Iñurrategiren" pos="X">Iñurrategiren</wf>
         <wf lemma="heriotza" pos="X">heriotza</wf>
         <wf lemma="agiria" pos="X">agiria</wf>
         <wf lemma="osatu" pos="X">osatu</wf>
         <wf lemma="eta" pos="X">eta</wf>
         <wf lemma="Albertoren" pos="X">Albertoren</wf>
         <instance id="d000.s447.t000" lemma="bisa" pos="NOUN">bisa</instance>
         <wf lemma="lortu" pos="X">lortu</wf>
         <wf lemma="Pakistandik" pos="X">Pakistandik</wf>
         <wf lemma="irteteko" pos="X">irteteko</wf>
         <wf lemma="." pos="X">.</wf>
      </sentence>
      <sentence id="d000.s448" source="wordnet-basque">
         <wf lemma="Jean" pos="X">Jean</wf>
         <wf lemma="Mesquita" pos="X">Mesquita</wf>
         <wf lemma="jui-jitsuko" pos="X">jui-jitsuko</wf>
         <wf lemma="borrokalaria" pos="X">borrokalaria</wf>
         <wf lemma="hil" pos="X">hil</wf>
         <wf lemma="egin" pos="X">egin</wf>
         <wf lemma="da" pos="X">da</wf>
         <wf lemma="," pos="X">,</wf>
         <instance id="d000.s448.t000" lemma="lehia" pos="NOUN">lehia</instance>
         <wf lemma="batean" pos="X">batean</wf>
         <wf lemma="," pos="X">,</wf>
         <wf lemma="Rio" pos="X">Rio</wf>
         <wf lemma="de" pos="X">de</wf>
         <wf lemma="Janeiron" pos="X">Janeiron</wf>
         <wf lemma="(" pos="X">(</wf>
         <wf lemma="Brasil" pos="X">Brasil</wf>
         <wf lemma=")" pos="X">)</wf>
         <wf lemma="." pos="X">.</wf>
      </sentence>
      <sentence id="d000.s449" source="wordnet-basque">
         <wf lemma="iritzi" pos="X">iritzi</wf>
         <wf lemma="publikoaren" pos="X">publikoaren</wf>
         <wf lemma="alderat" pos="X">alderat</wf>
         <instance id="d000.s449.t000" lemma="irudi" pos="NOUN">irudi</instance>
         <wf lemma="garrantzitsuko" pos="X">garrantzitsuko</wf>
         <wf lemma="politikaria" pos="X">politikaria</wf>
         <wf lemma="da" pos="X">da</wf>
         <wf lemma="." pos="X">.</wf>
      </sentence>
      <sentence id="d000.s450" source="wordnet-basque">
         <wf lemma="Magno" pos="X">Magno</wf>
         <wf lemma="Mocelinek" pos="X">Mocelinek</wf>
         <wf lemma="," pos="X">,</wf>
         <wf lemma="berriz" pos="X">berriz</wf>
         <wf lemma="," pos="X">,</wf>
         <wf lemma="uzkurdura" pos="X">uzkurdura</wf>
         <wf lemma="izan" pos="X">izan</wf>
         <wf lemma="zuen" pos="X">zuen</wf>
         <wf lemma="," pos="X">,</wf>
         <wf lemma="eta" pos="X">eta</wf>
         <wf lemma="," pos="X">,</wf>
         <wf lemma="ondorioz" pos="X">ondorioz</wf>
         <wf lemma="," pos="X">,</wf>
         <wf lemma="egun" pos="X">egun</wf>
         <wf lemma="pare" pos="X">pare</wf>
         <wf lemma="batean" pos="X">batean</wf>
         <wf lemma="ez" pos="X">ez</wf>
         <wf lemma="da" pos="X">da</wf>
         <instance id="d000.s450.t000" lemma="taldekide" pos="NOUN">taldekideekin</instance>
         <wf lemma="entrenatuko" pos="X">entrenatuko</wf>
         <wf lemma="." pos="X">.</wf>
      </sentence>
      <sentence id="d000.s451" source="wordnet-basque">
         <wf lemma="belgiarrei" pos="X">belgiarrei</wf>
         <wf lemma="aitorturiko" pos="X">aitorturiko</wf>
         <wf lemma="eskubide-askatasunak" pos="X">eskubide-askatasunak</wf>
         <wf lemma="erabiltzea" pos="X">erabiltzea</wf>
         <wf lemma="bermatzen" pos="X">bermatzen</wf>
         <wf lemma="da" pos="X">da</wf>
         <wf lemma="," pos="X">,</wf>
         <instance id="d000.s451.t000" lemma="bereizkeria" pos="NOUN">bereizkeriarik</instance>
         <wf lemma="egin" pos="X">egin</wf>
         <wf lemma="gabe" pos="X">gabe</wf>
         <wf lemma="." pos="X">.</wf>
      </sentence>
      <sentence id="d000.s452" source="wordnet-basque">
         <wf lemma="Mephisto" pos="X">Mephisto</wf>
         <wf lemma="antzezlana" pos="X">antzezlana</wf>
         <wf lemma="aurkeztuko" pos="X">aurkeztuko</wf>
         <wf lemma="du" pos="X">du</wf>
         <wf lemma="bihar" pos="X">bihar</wf>
         <wf lemma="Gaiarre" pos="X">Gaiarre</wf>
         <instance id="d000.s452.t000" lemma="antzoki" pos="NOUN">Antzokian</instance>
         <wf lemma="." pos="X">.</wf>
      </sentence>
      <sentence id="d000.s453" source="wordnet-basque">
         <wf lemma="gure" pos="X">gure</wf>
         <wf lemma="seme-alaben" pos="X">seme-alaben</wf>
         <wf lemma="eskubideen" pos="X">eskubideen</wf>
         <wf lemma="alde" pos="X">alde</wf>
         <wf lemma="leloarekin" pos="X">leloarekin</wf>
         <wf lemma="egin" pos="X">egin</wf>
         <wf lemma="zuten" pos="X">zuten</wf>
         <instance id="d000.s453.t000" lemma="protesta" pos="NOUN">protesta</instance>
         <wf lemma="." pos="X">.</wf>
      </sentence>
      <sentence id="d000.s454" source="wordnet-basque">
         <wf lemma="edozein" pos="X">edozein</wf>
         <instance id="d000.s454.t000" lemma="gauza" pos="NOUN">gauza</instance>
         <wf lemma="egiteko" pos="X">egiteko</wf>
         <wf lemma="prest" pos="X">prest</wf>
         <wf lemma="haiz" pos="X">haiz</wf>
         <wf lemma="!" pos="X">!</wf>
      </sentence>
      <sentence id="d000.s455" source="wordnet-basque">
         <instance id="d000.s455.t000" lemma="aire" pos="NOUN">airetik</instance>
         <wf lemma="ateratako" pos="X">ateratako</wf>
         <wf lemma="Ringaryden" pos="X">Ringaryden</wf>
         <wf lemma="ikuspegia" pos="X">ikuspegia</wf>
         <wf lemma="," pos="X">,</wf>
         <wf lemma="Selanderschen" pos="X">Selanderschen</wf>
         <wf lemma="landetxea" pos="X">landetxea</wf>
         <wf lemma="ere" pos="X">ere</wf>
         <wf lemma="agertzen" pos="X">agertzen</wf>
         <wf lemma="zenekoa" pos="X">zenekoa</wf>
         <wf lemma="," pos="X">,</wf>
         <wf lemma="lehena" pos="X">lehena</wf>
         <wf lemma="izan" pos="X">izan</wf>
         <wf lemma="zen" pos="X">zen</wf>
         <wf lemma="agortzen" pos="X">agortzen</wf>
         <wf lemma="." pos="X">.</wf>
      </sentence>
      <sentence id="d000.s456" source="wordnet-basque">
         <wf lemma="beste" pos="X">beste</wf>
         <wf lemma="hiru" pos="X">hiru</wf>
         <wf lemma="," pos="X">,</wf>
         <wf lemma="agintarien" pos="X">agintarien</wf>
         <instance id="d000.s456.t000" lemma="palko" pos="NOUN">palkoaren</instance>
         <wf lemma="ondoan" pos="X">ondoan</wf>
         <wf lemma="zintzilikatu" pos="X">zintzilikatu</wf>
         <wf lemma="ziren" pos="X">ziren</wf>
         <wf lemma=";" pos="X">;</wf>
         <wf lemma="beste" pos="X">beste</wf>
         <wf lemma="batzuk" pos="X">batzuk</wf>
         <wf lemma="eskuorriak" pos="X">eskuorriak</wf>
         <wf lemma="banatu" pos="X">banatu</wf>
         <wf lemma="eta" pos="X">eta</wf>
         <wf lemma="kateatu" pos="X">kateatu</wf>
         <wf lemma="egin" pos="X">egin</wf>
         <wf lemma="ziren" pos="X">ziren</wf>
         <wf lemma="." pos="X">.</wf>
      </sentence>
      <sentence id="d000.s457" source="wordnet-basque">
         <wf lemma="ez" pos="X">ez</wf>
         <wf lemma="ezazue" pos="X">ezazue</wf>
         <wf lemma="erail" pos="X">erail</wf>
         <wf lemma="," pos="X">,</wf>
         <wf lemma="ez" pos="X">ez</wf>
         <wf lemma="ezazue" pos="X">ezazue</wf>
         <wf lemma="atzerriratu" pos="X">atzerriratu</wf>
         <wf lemma=";" pos="X">;</wf>
         <instance id="d000.s457.t000" lemma="astakeria" pos="NOUN">astakeria</instance>
         <wf lemma="horiek" pos="X">horiek</wf>
         <wf lemma="erregeei" pos="X">erregeei</wf>
         <wf lemma="eta" pos="X">eta</wf>
         <wf lemma="haiek" pos="X">haiek</wf>
         <wf lemma="imitatzen" pos="X">imitatzen</wf>
         <wf lemma="saiatzen" pos="X">saiatzen</wf>
         <wf lemma="diren" pos="X">diren</wf>
         <wf lemma="doilorkumeei" pos="X">doilorkumeei</wf>
         <wf lemma="dagozkie" pos="X">dagozkie</wf>
         <wf lemma="bakarrik" pos="X">bakarrik</wf>
         <wf lemma="." pos="X">.</wf>
      </sentence>
      <sentence id="d000.s458" source="wordnet-basque">
         <wf lemma="Abadinotik" pos="X">Abadinotik</wf>
         <wf lemma="Urolaldeko" pos="X">Urolaldeko</wf>
         <wf lemma="erromerietara" pos="X">erromerietara</wf>
         <wf lemma="," pos="X">,</wf>
         <wf lemma="dultzainero" pos="X">dultzainero</wf>
         <wf lemma="oso" pos="X">oso</wf>
         <wf lemma="on" pos="X">on</wf>
         <wf lemma="eta" pos="X">eta</wf>
         <wf lemma="ospetsu" pos="X">ospetsu</wf>
         <wf lemma="bat" pos="X">bat</wf>
         <wf lemma="," pos="X">,</wf>
         <wf lemma="Julian" pos="X">Julian</wf>
         <wf lemma="Azurmendi" pos="X">Azurmendi</wf>
         <wf lemma="," pos="X">,</wf>
         <wf lemma="etortzen" pos="X">etortzen</wf>
         <wf lemma="omen" pos="X">omen</wf>
         <wf lemma="zen" pos="X">zen</wf>
         <wf lemma="," pos="X">,</wf>
         <wf lemma="bere" pos="X">bere</wf>
         <instance id="d000.s458.t000" lemma="emazte" pos="NOUN">emazte</instance>
         <wf lemma="," pos="X">,</wf>
         <wf lemma="seme" pos="X">seme</wf>
         <wf lemma="eta" pos="X">eta</wf>
         <wf lemma="alabarekin" pos="X">alabarekin</wf>
         <wf lemma="." pos="X">.</wf>
      </sentence>
      <sentence id="d000.s459" source="wordnet-basque">
         <wf lemma="estatuei" pos="X">estatuei</wf>
         <wf lemma="abendurako" pos="X">abendurako</wf>
         <wf lemma="esan" pos="X">esan</wf>
         <wf lemma="beharko" pos="X">beharko</wf>
         <wf lemma="zaie" pos="X">zaie</wf>
         <wf lemma="EBn" pos="X">EBn</wf>
         <wf lemma="sartzeko" pos="X">sartzeko</wf>
         <wf lemma="epea" pos="X">epea</wf>
         <wf lemma="zein" pos="X">zein</wf>
         <wf lemma="duten" pos="X">duten</wf>
         <wf lemma="," pos="X">,</wf>
         <wf lemma="baita" pos="X">baita</wf>
         <instance id="d000.s459.t000" lemma="sarrera" pos="NOUN">sarrera</instance>
         <wf lemma="ahalbidetzeko" pos="X">ahalbidetzeko</wf>
         <wf lemma="konpondu" pos="X">konpondu</wf>
         <wf lemma="beharreko" pos="X">beharreko</wf>
         <wf lemma="puntuak" pos="X">puntuak</wf>
         <wf lemma="agertu" pos="X">agertu</wf>
         <wf lemma="ere" pos="X">ere</wf>
         <wf lemma="." pos="X">.</wf>
      </sentence>
      <sentence id="d000.s460" source="wordnet-basque">
         <wf lemma="yadnikek" pos="X">yadnikek</wf>
         <wf lemma="eta" pos="X">eta</wf>
         <wf lemma="eskaintzaileek" pos="X">eskaintzaileek</wf>
         <wf lemma="," pos="X">,</wf>
         <instance id="d000.s460.t000" lemma="gramatika" pos="NOUN">gramatikarik</instance>
         <wf lemma="ez" pos="X">ez</wf>
         <wf lemma="badakite" pos="X">badakite</wf>
         <wf lemma="ere" pos="X">ere</wf>
         <wf lemma="," pos="X">,</wf>
         <wf lemma="hitzik" pos="X">hitzik</wf>
         <wf lemma="egokienak" pos="X">egokienak</wf>
         <wf lemma="erabiltzen" pos="X">erabiltzen</wf>
         <wf lemma="dituzte" pos="X">dituzte</wf>
         <wf lemma="." pos="X">.</wf>
      </sentence>
      <sentence id="d000.s461" source="wordnet-basque">
         <wf lemma="Iturgaitzekin" pos="X">Iturgaitzekin</wf>
         <instance id="d000.s461.t000" lemma="harreman" pos="NOUN">harremanetan</instance>
         <wf lemma="izan" pos="X">izan</wf>
         <wf lemma="da" pos="X">da</wf>
         <wf lemma="lehendakaria" pos="X">lehendakaria</wf>
         <wf lemma="," pos="X">,</wf>
         <wf lemma="eta" pos="X">eta</wf>
         <wf lemma="bilerara" pos="X">bilerara</wf>
         <wf lemma="joateko" pos="X">joateko</wf>
         <wf lemma="eskatu" pos="X">eskatu</wf>
         <wf lemma="dio" pos="X">dio</wf>
         <wf lemma="berriro" pos="X">berriro</wf>
         <wf lemma="." pos="X">.</wf>
      </sentence>
      <sentence id="d000.s462" source="wordnet-basque">
         <wf lemma="ondoren" pos="X">ondoren</wf>
         <wf lemma="," pos="X">,</wf>
         <instance id="d000.s462.t000" lemma="geltoki" pos="NOUN">geltokian</instance>
         <wf lemma="lo" pos="X">lo</wf>
         <wf lemma=";" pos="X">;</wf>
         <wf lemma="inoiz" pos="X">inoiz</wf>
         <wf lemma="hartuko" pos="X">hartuko</wf>
         <wf lemma="ez" pos="X">ez</wf>
         <wf lemma="dudan" pos="X">dudan</wf>
         <wf lemma="trenaren" pos="X">trenaren</wf>
         <wf lemma="zai" pos="X">zai</wf>
         <wf lemma="." pos="X">.</wf>
      </sentence>
      <sentence id="d000.s463" source="wordnet-basque">
         <wf lemma="Ruiz" pos="X">Ruiz</wf>
         <wf lemma="Mateos" pos="X">Mateos</wf>
         <wf lemma="enpresariak" pos="X">enpresariak</wf>
         <wf lemma="jarritako" pos="X">jarritako</wf>
         <instance id="d000.s463.t000" lemma="salaketa" pos="NOUN">salaketa</instance>
         <wf lemma="ikertzen" pos="X">ikertzen</wf>
         <wf lemma="ari" pos="X">ari</wf>
         <wf lemma="den" pos="X">den</wf>
         <wf lemma="Garzonek" pos="X">Garzonek</wf>
         <wf lemma="ez" pos="X">ez</wf>
         <wf lemma="du" pos="X">du</wf>
         <wf lemma="oraindik" pos="X">oraindik</wf>
         <wf lemma="erabaki" pos="X">erabaki</wf>
         <wf lemma="afera" pos="X">afera</wf>
         <wf lemma="utziko" pos="X">utziko</wf>
         <wf lemma="duenentz" pos="X">duenentz</wf>
         <wf lemma="." pos="X">.</wf>
      </sentence>
      <sentence id="d000.s464" source="wordnet-basque">
         <wf lemma="ikerketa" pos="X">ikerketa</wf>
         <wf lemma="egileek" pos="X">egileek</wf>
         <wf lemma="ez" pos="X">ez</wf>
         <wf lemma="dute" pos="X">dute</wf>
         <wf lemma="ulertzen" pos="X">ulertzen</wf>
         <wf lemma="pneumatiko" pos="X">pneumatiko</wf>
         <wf lemma="baten" pos="X">baten</wf>
         <wf lemma="lehertzeak" pos="X">lehertzeak</wf>
         <wf lemma="nolaz" pos="X">nolaz</wf>
         <wf lemma="zulatu" pos="X">zulatu</wf>
         <wf lemma="ahal" pos="X">ahal</wf>
         <wf lemma="izan" pos="X">izan</wf>
         <wf lemma="zuen" pos="X">zuen</wf>
         <wf lemma="Concordearen" pos="X">Concordearen</wf>
         <instance id="d000.s464.t000" lemma="hegal" pos="NOUN">hegal</instance>
         <wf lemma="azpian" pos="X">azpian</wf>
         <wf lemma="kokatuta" pos="X">kokatuta</wf>
         <wf lemma="dauden" pos="X">dauden</wf>
         <wf lemma="kerosen" pos="X">kerosen</wf>
         <wf lemma="ontzietatik" pos="X">ontzietatik</wf>
         <wf lemma="bat" pos="X">bat</wf>
         <wf lemma="." pos="X">.</wf>
      </sentence>
      <sentence id="d000.s465" source="wordnet-basque">
         <wf lemma="batzordea" pos="X">batzordea</wf>
         <wf lemma="diru" pos="X">diru</wf>
         <wf lemma="egiteko" pos="X">egiteko</wf>
         <wf lemma="multinazional" pos="X">multinazional</wf>
         <wf lemma="bilakatu" pos="X">bilakatu</wf>
         <wf lemma="du" pos="X">du</wf>
         <wf lemma="," pos="X">,</wf>
         <wf lemma="eta" pos="X">eta</wf>
         <wf lemma="Jokoak" pos="X">Jokoak</wf>
         <wf lemma="," pos="X">,</wf>
         <wf lemma="mundu" pos="X">mundu</wf>
         <wf lemma="guztiak" pos="X">guztiak</wf>
         <wf lemma="erosi" pos="X">erosi</wf>
         <wf lemma="nahi" pos="X">nahi</wf>
         <wf lemma="dituen" pos="X">dituen</wf>
         <instance id="d000.s465.t000" lemma="produktu" pos="NOUN">produktua</instance>
         <wf lemma="." pos="X">.</wf>
      </sentence>
      <sentence id="d000.s466" source="wordnet-basque">
         <wf lemma="duela" pos="X">duela</wf>
         <wf lemma="zazpi" pos="X">zazpi</wf>
         <wf lemma="urteko" pos="X">urteko</wf>
         <wf lemma="Frantziako" pos="X">Frantziako</wf>
         <instance id="d000.s466.t000" lemma="sari" pos="NOUN">Sari</instance>
         <wf lemma="Nagusian" pos="X">Nagusian</wf>
         <wf lemma="hartu" pos="X">hartu</wf>
         <wf lemma="zuen" pos="X">zuen</wf>
         <wf lemma="Jean" pos="X">Jean</wf>
         <wf lemma="Todtek" pos="X">Todtek</wf>
         <wf lemma="taldearen" pos="X">taldearen</wf>
         <wf lemma="gidaritza" pos="X">gidaritza</wf>
         <wf lemma="." pos="X">.</wf>
      </sentence>
      <sentence id="d000.s467" source="wordnet-basque">
         <wf lemma="berandu" pos="X">berandu</wf>
         <wf lemma="," pos="X">,</wf>
         <wf lemma="baina" pos="X">baina</wf>
         <wf lemma="egin" pos="X">egin</wf>
         <wf lemma="dute" pos="X">dute</wf>
         <wf lemma="Miranderen" pos="X">Miranderen</wf>
         <wf lemma="Haur" pos="X">Haur</wf>
         <wf lemma="besoetako" pos="X">besoetako</wf>
         <wf lemma="lanaren" pos="X">lanaren</wf>
         <instance id="d000.s467.t000" lemma="azterketa" pos="NOUN">azterketa</instance>
         <wf lemma="." pos="X">.</wf>
      </sentence>
      <sentence id="d000.s468" source="wordnet-basque">
         <instance id="d000.s468.t000" lemma="lerro" pos="NOUN">lerro</instance>
         <wf lemma="kosmetiko" pos="X">kosmetiko</wf>
         <wf lemma="berriak" pos="X">berriak</wf>
         <wf lemma="daude" pos="X">daude</wf>
         <wf lemma="etengabe" pos="X">etengabe</wf>
         <wf lemma="merkatuan" pos="X">merkatuan</wf>
         <wf lemma="." pos="X">.</wf>
      </sentence>
      <sentence id="d000.s469" source="wordnet-basque">
         <wf lemma="joan" pos="X">joan</wf>
         <wf lemma="zen" pos="X">zen</wf>
         <wf lemma="irailaren" pos="X">irailaren</wf>
         <wf lemma="8tik" pos="X">8tik</wf>
         <wf lemma="indarrean" pos="X">indarrean</wf>
         <wf lemma="dago" pos="X">dago</wf>
         <wf lemma="Euskal" pos="X">Euskal</wf>
         <wf lemma="Autonomi" pos="X">Autonomi</wf>
         <wf lemma="Elkartean" pos="X">Elkartean</wf>
         <wf lemma="ostalaritza" pos="X">ostalaritza</wf>
         <wf lemma="eta" pos="X">eta</wf>
         <wf lemma="ikuskizun" pos="X">ikuskizun</wf>
         <wf lemma="publikoen" pos="X">publikoen</wf>
         <wf lemma="gaineko" pos="X">gaineko</wf>
         <instance id="d000.s469.t000" lemma="araudi" pos="NOUN">araudi</instance>
         <wf lemma="berria" pos="X">berria</wf>
         <wf lemma="." pos="X">.</wf>
      </sentence>
      <sentence id="d000.s470" source="wordnet-basque">
         <wf lemma="ebazpenaren" pos="X">ebazpenaren</wf>
         <wf lemma="berri" pos="X">berri</wf>
         <wf lemma="ematea" pos="X">ematea</wf>
         <wf lemma="ogasun" pos="X">ogasun</wf>
         <wf lemma="zinegotziari" pos="X">zinegotziari</wf>
         <wf lemma="dagokio" pos="X">dagokio</wf>
         <wf lemma="," pos="X">,</wf>
         <wf lemma="alkatearen" pos="X">alkatearen</wf>
         <instance id="d000.s470.t000" lemma="ordezkari" pos="NOUN">ordezkari</instance>
         <wf lemma="gisa" pos="X">gisa</wf>
         <wf lemma="." pos="X">.</wf>
      </sentence>
      <sentence id="d000.s471" source="wordnet-basque">
         <wf lemma="hartutako" pos="X">hartutako</wf>
         <wf lemma="neurriek" pos="X">neurriek</wf>
         <wf lemma="justizia" pos="X">justizia</wf>
         <wf lemma="soziala" pos="X">soziala</wf>
         <wf lemma="," pos="X">,</wf>
         <wf lemma="enpleguaren" pos="X">enpleguaren</wf>
         <instance id="d000.s471.t000" lemma="garapen" pos="NOUN">garapena</instance>
         <wf lemma="," pos="X">,</wf>
         <wf lemma="ingurugiroaren" pos="X">ingurugiroaren</wf>
         <wf lemma="babesa" pos="X">babesa</wf>
         <wf lemma="eta" pos="X">eta</wf>
         <wf lemma="sistema" pos="X">sistema</wf>
         <wf lemma="sinplifikatzea" pos="X">sinplifikatzea</wf>
         <wf lemma="helburu" pos="X">helburu</wf>
         <wf lemma="dituzte" pos="X">dituzte</wf>
         <wf lemma="." pos="X">.</wf>
      </sentence>
      <sentence id="d000.s472" source="wordnet-basque">
         <wf lemma="bigarren" pos="X">bigarren</wf>
         <wf lemma="mailan" pos="X">mailan</wf>
         <wf lemma="," pos="X">,</wf>
         <wf lemma="gipuzkoarren" pos="X">gipuzkoarren</wf>
         <wf lemma="arteko" pos="X">arteko</wf>
         <instance id="d000.s472.t000" lemma="dema" pos="NOUN">dema</instance>
         <wf lemma=":" pos="X">:</wf>
         <wf lemma="Julen" pos="X">Julen</wf>
         <wf lemma="Beldarrain" pos="X">Beldarrain</wf>
         <wf lemma="andoaindarra" pos="X">andoaindarra</wf>
         <wf lemma="eta" pos="X">eta</wf>
         <wf lemma="Luis" pos="X">Luis</wf>
         <wf lemma="Ziskar" pos="X">Ziskar</wf>
         <wf lemma="elduaindarra" pos="X">elduaindarra</wf>
         <wf lemma="." pos="X">.</wf>
      </sentence>
      <sentence id="d000.s473" source="wordnet-basque">
         <wf lemma="umeari" pos="X">umeari</wf>
         <wf lemma="musikarekin" pos="X">musikarekin</wf>
         <wf lemma="lehen" pos="X">lehen</wf>
         <instance id="d000.s473.t000" lemma="harreman" pos="NOUN">harremana</instance>
         <wf lemma="izateko" pos="X">izateko</wf>
         <wf lemma="aukera" pos="X">aukera</wf>
         <wf lemma="ematen" pos="X">ematen</wf>
         <wf lemma="zaio" pos="X">zaio</wf>
         <wf lemma="." pos="X">.</wf>
      </sentence>
      <sentence id="d000.s474" source="wordnet-basque">
         <wf lemma="familia" pos="X">familia</wf>
         <wf lemma="horrek" pos="X">horrek</wf>
         <instance id="d000.s474.t000" lemma="diru" pos="NOUN">dirua</instance>
         <wf lemma="du" pos="X">du</wf>
         <wf lemma="." pos="X">.</wf>
      </sentence>
      <sentence id="d000.s475" source="wordnet-basque">
         <wf lemma="batzuen" pos="X">batzuen</wf>
         <wf lemma="ustez" pos="X">ustez</wf>
         <wf lemma="," pos="X">,</wf>
         <wf lemma="gasa" pos="X">gasa</wf>
         <wf lemma="erosi" pos="X">erosi</wf>
         <wf lemma="ondoren" pos="X">ondoren</wf>
         <wf lemma="," pos="X">,</wf>
         <wf lemma="etxeetara" pos="X">etxeetara</wf>
         <wf lemma="banatzean" pos="X">banatzean</wf>
         <wf lemma="," pos="X">,</wf>
         <instance id="d000.s475.t000" lemma="komunitate" pos="NOUN">komunitateak</instance>
         <wf lemma="gasa" pos="X">gasa</wf>
         <wf lemma="berriz" pos="X">berriz</wf>
         <wf lemma="saldu" pos="X">saldu</wf>
         <wf lemma="egiten" pos="X">egiten</wf>
         <wf lemma="du" pos="X">du</wf>
         <wf lemma="," pos="X">,</wf>
         <wf lemma="hau" pos="X">hau</wf>
         <wf lemma="ezlegala" pos="X">ezlegala</wf>
         <wf lemma="izanik" pos="X">izanik</wf>
         <wf lemma="." pos="X">.</wf>
      </sentence>
      <sentence id="d000.s476" source="wordnet-basque">
         <wf lemma="autobusak" pos="X">autobusak</wf>
         <instance id="d000.s476.t000" lemma="kolpe" pos="NOUN">kolpe</instance>
         <wf lemma="handia" pos="X">handia</wf>
         <wf lemma="jaso" pos="X">jaso</wf>
         <wf lemma="ostean" pos="X">ostean</wf>
         <wf lemma="su" pos="X">su</wf>
         <wf lemma="hartu" pos="X">hartu</wf>
         <wf lemma="zuen" pos="X">zuen</wf>
         <wf lemma="." pos="X">.</wf>
      </sentence>
      <sentence id="d000.s477" source="wordnet-basque">
         <wf lemma="poliziak" pos="X">poliziak</wf>
         <wf lemma="ere" pos="X">ere</wf>
         <wf lemma="ez" pos="X">ez</wf>
         <wf lemma="du" pos="X">du</wf>
         <wf lemma="garbi" pos="X">garbi</wf>
         <wf lemma="atentatuak" pos="X">atentatuak</wf>
         <instance id="d000.s477.t000" lemma="zio" pos="NOUN">zio</instance>
         <wf lemma="xenofoboa" pos="X">xenofoboa</wf>
         <wf lemma="zuenik" pos="X">zuenik</wf>
         <wf lemma="." pos="X">.</wf>
      </sentence>
      <sentence id="d000.s478" source="wordnet-basque">
         <wf lemma="zentro-ezkerreko" pos="X">zentro-ezkerreko</wf>
         <wf lemma="gehiengo" pos="X">gehiengo</wf>
         <wf lemma="parlamentarioaren" pos="X">parlamentarioaren</wf>
         <wf lemma="ekimenak" pos="X">ekimenak</wf>
         <instance id="d000.s478.t000" lemma="polemika" pos="NOUN">polemika</instance>
         <wf lemma="piztu" pos="X">piztu</wf>
         <wf lemma="du" pos="X">du</wf>
         <wf lemma="herrialde" pos="X">herrialde</wf>
         <wf lemma="horretan" pos="X">horretan</wf>
         <wf lemma="." pos="X">.</wf>
      </sentence>
      <sentence id="d000.s479" source="wordnet-basque">
         <wf lemma="York-eko" pos="X">York-eko</wf>
         <instance id="d000.s479.t000" lemma="etxe" pos="NOUN">etxea</instance>
         <wf lemma="." pos="X">.</wf>
      </sentence>
      <sentence id="d000.s480" source="wordnet-basque">
         <wf lemma="gogoan" pos="X">gogoan</wf>
         <wf lemma="izan" pos="X">izan</wf>
         <wf lemma="behar" pos="X">behar</wf>
         <wf lemma="dugu" pos="X">dugu</wf>
         <wf lemma="haurren" pos="X">haurren</wf>
         <wf lemma="ekoizpenak" pos="X">ekoizpenak</wf>
         <wf lemma="aginduetan" pos="X">aginduetan</wf>
         <wf lemma="," pos="X">,</wf>
         <instance id="d000.s480.t000" lemma="galdera" pos="NOUN">galderetan</instance>
         <wf lemma="eta" pos="X">eta</wf>
         <wf lemma="esaldi" pos="X">esaldi</wf>
         <wf lemma="deklaratzaileetan" pos="X">deklaratzaileetan</wf>
         <wf lemma="ikus" pos="X">ikus</wf>
         <wf lemma="ditzakegula" pos="X">ditzakegula</wf>
         <wf lemma="sailkaturik" pos="X">sailkaturik</wf>
         <wf lemma="." pos="X">.</wf>
      </sentence>
      <sentence id="d000.s481" source="wordnet-basque">
         <wf lemma="horretaz" pos="X">horretaz</wf>
         <wf lemma="hitz" pos="X">hitz</wf>
         <wf lemma="egiten" pos="X">egiten</wf>
         <wf lemma="jarraitzen" pos="X">jarraitzen</wf>
         <wf lemma="baduzue" pos="X">baduzue</wf>
         <wf lemma="," pos="X">,</wf>
         <wf lemma="moztu" pos="X">moztu</wf>
         <wf lemma="egin" pos="X">egin</wf>
         <wf lemma="beharko" pos="X">beharko</wf>
         <wf lemma="dut" pos="X">dut</wf>
         <instance id="d000.s481.t000" lemma="elkarrizketa" pos="NOUN">elkarrizketa</instance>
         <wf lemma="." pos="X">.</wf>
      </sentence>
      <sentence id="d000.s482" source="wordnet-basque">
         <wf lemma="zaparradaren" pos="X">zaparradaren</wf>
         <instance id="d000.s482.t000" lemma="biolentzia" pos="NOUN">biolentzia</instance>
         <wf lemma="izugarri" pos="X">izugarri</wf>
         <wf lemma="hark" pos="X">hark</wf>
         <wf lemma="salbatu" pos="X">salbatu</wf>
         <wf lemma="zuen" pos="X">zuen</wf>
         <wf lemma="," pos="X">,</wf>
         <wf lemma="hein" pos="X">hein</wf>
         <wf lemma="handi" pos="X">handi</wf>
         <wf lemma="batean" pos="X">batean</wf>
         <wf lemma="," pos="X">,</wf>
         <wf lemma="itsasuntzia" pos="X">itsasuntzia</wf>
         <wf lemma="." pos="X">.</wf>
      </sentence>
      <sentence id="d000.s483" source="wordnet-basque">
         <wf lemma="1785ean" pos="X">1785ean</wf>
         <wf lemma="funtzionario" pos="X">funtzionario</wf>
         <wf lemma="publiko" pos="X">publiko</wf>
         <wf lemma="bezala" pos="X">bezala</wf>
         <wf lemma="aurkitzen" pos="X">aurkitzen</wf>
         <wf lemma="du" pos="X">du</wf>
         <instance id="d000.s483.t000" lemma="enplegu" pos="NOUN">enplegua</instance>
         <wf lemma="Nizan" pos="X">Nizan</wf>
         <wf lemma="." pos="X">.</wf>
      </sentence>
      <sentence id="d000.s484" source="wordnet-basque">
         <wf lemma="gehikuntza-bideak" pos="X">gehikuntza-bideak</wf>
         <wf lemma="kenduko" pos="X">kenduko</wf>
         <wf lemma="dira" pos="X">dira</wf>
         <wf lemma="," pos="X">,</wf>
         <wf lemma="eraikuntza" pos="X">eraikuntza</wf>
         <wf lemma="unitateren" pos="X">unitateren</wf>
         <wf lemma="batetan" pos="X">batetan</wf>
         <wf lemma="," pos="X">,</wf>
         <wf lemma="1.10." pos="X">1.10.</wf>
         <wf lemma="puntuan" pos="X">puntuan</wf>
         <wf lemma="seinalatutako" pos="X">seinalatutako</wf>
         <instance id="d000.s484.t000" lemma="muga" pos="NOUN">mugen</instance>
         <wf lemma="barruan" pos="X">barruan</wf>
         <wf lemma="." pos="X">.</wf>
      </sentence>
      <sentence id="d000.s485" source="wordnet-basque">
         <wf lemma="xagu" pos="X">xagu</wf>
         <wf lemma="zaharrek" pos="X">zaharrek</wf>
         <instance id="d000.s485.t000" lemma="leiho" pos="NOUN">leihoetatik</instance>
         <wf lemma="kanpo" pos="X">kanpo</wf>
         <wf lemma="ateratzen" pos="X">ateratzen</wf>
         <wf lemma="dute" pos="X">dute</wf>
         <wf lemma="," pos="X">,</wf>
         <wf lemma="inoiz" pos="X">inoiz</wf>
         <wf lemma="zeinetatik" pos="X">zeinetatik</wf>
         <wf lemma="hasi" pos="X">hasi</wf>
         <wf lemma="behar" pos="X">behar</wf>
         <wf lemma="dutenaz" pos="X">dutenaz</wf>
         <wf lemma="erabaki" pos="X">erabaki</wf>
         <wf lemma="gabe" pos="X">gabe</wf>
         <wf lemma="." pos="X">.</wf>
      </sentence>
      <sentence id="d000.s486" source="wordnet-basque">
         <wf lemma="legebiltzarreko" pos="X">legebiltzarreko</wf>
         <instance id="d000.s486.t000" lemma="atezain" pos="NOUN">atezain</instance>
         <wf lemma="lanposturako" pos="X">lanposturako</wf>
         <wf lemma="kontuan" pos="X">kontuan</wf>
         <wf lemma="hartzen" pos="X">hartzen</wf>
         <wf lemma="diren" pos="X">diren</wf>
         <wf lemma="merezimenduak" pos="X">merezimenduak</wf>
         <wf lemma="ez" pos="X">ez</wf>
         <wf lemma="dira" pos="X">dira</wf>
         <wf lemma="gutxi" pos="X">gutxi</wf>
         <wf lemma="." pos="X">.</wf>
      </sentence>
      <sentence id="d000.s487" source="wordnet-basque">
         <wf lemma="lanean" pos="X">lanean</wf>
         <wf lemma="ari" pos="X">ari</wf>
         <wf lemma="den" pos="X">den</wf>
         <wf lemma="populazioaren" pos="X">populazioaren</wf>
         <wf lemma="erdiak" pos="X">erdiak</wf>
         <wf lemma="baino" pos="X">baino</wf>
         <wf lemma="gehiagok" pos="X">gehiagok</wf>
         <wf lemma="lehen" pos="X">lehen</wf>
         <wf lemma="sektorean" pos="X">sektorean</wf>
         <wf lemma="dihardu" pos="X">dihardu</wf>
         <wf lemma="eta" pos="X">eta</wf>
         <instance id="d000.s487.t000" lemma="laurden" pos="NOUN">laurdenak</instance>
         <wf lemma="industrian" pos="X">industrian</wf>
         <wf lemma="." pos="X">.</wf>
      </sentence>
      <sentence id="d000.s488" source="wordnet-basque">
         <instance id="d000.s488.t000" lemma="taberna" pos="NOUN">taberna</instance>
         <wf lemma="eta" pos="X">eta</wf>
         <wf lemma="jatetxeen" pos="X">jatetxeen</wf>
         <wf lemma="ordutegia" pos="X">ordutegia</wf>
         <wf lemma="murriztu" pos="X">murriztu</wf>
         <wf lemma="egiten" pos="X">egiten</wf>
         <wf lemma="da" pos="X">da</wf>
         <wf lemma="araudian" pos="X">araudian</wf>
         <wf lemma="." pos="X">.</wf>
      </sentence>
      <sentence id="d000.s489" source="wordnet-basque">
         <wf lemma="gobernuko" pos="X">gobernuko</wf>
         <wf lemma="oinarri" pos="X">oinarri</wf>
         <wf lemma="nagusietarik" pos="X">nagusietarik</wf>
         <wf lemma="izan" pos="X">izan</wf>
         <wf lemma="den" pos="X">den</wf>
         <wf lemma="Martine" pos="X">Martine</wf>
         <wf lemma="Aubry" pos="X">Aubry</wf>
         <wf lemma="ministro" pos="X">ministro</wf>
         <wf lemma="ohiaren" pos="X">ohiaren</wf>
         <wf lemma="aita" pos="X">aita</wf>
         <wf lemma="zuberotar" pos="X">zuberotar</wf>
         <instance id="d000.s489.t000" lemma="emakume" pos="NOUN">emakumezko</instance>
         <wf lemma="batekin" pos="X">batekin</wf>
         <wf lemma="ezkondua" pos="X">ezkondua</wf>
         <wf lemma="dago" pos="X">dago</wf>
         <wf lemma="." pos="X">.</wf>
      </sentence>
      <sentence id="d000.s490" source="wordnet-basque">
         <instance id="d000.s490.t000" lemma="indar" pos="NOUN">indarrarekin</instance>
         <wf lemma="banago" pos="X">banago</wf>
         <wf lemma="han" pos="X">han</wf>
         <wf lemma="izango" pos="X">izango</wf>
         <wf lemma="naiz" pos="X">naiz</wf>
         <wf lemma="." pos="X">.</wf>
      </sentence>
      <sentence id="d000.s491" source="wordnet-basque">
         <wf lemma="bi" pos="X">bi</wf>
         <instance id="d000.s491.t000" lemma="aho" pos="NOUN">ahoko</instance>
         <wf lemma="atea" pos="X">atea</wf>
         <wf lemma="erosi" pos="X">erosi</wf>
         <wf lemma="zuen" pos="X">zuen</wf>
         <wf lemma="." pos="X">.</wf>
      </sentence>
      <sentence id="d000.s492" source="wordnet-basque">
         <wf lemma="asmoak" pos="X">asmoak</wf>
         <wf lemma="eta" pos="X">eta</wf>
         <instance id="d000.s492.t000" lemma="ideia" pos="NOUN">ideiak</instance>
         <wf lemma="asko" pos="X">asko</wf>
         <wf lemma="dira" pos="X">dira</wf>
         <wf lemma="," pos="X">,</wf>
         <wf lemma="baina" pos="X">baina</wf>
         <wf lemma="baliabide" pos="X">baliabide</wf>
         <wf lemma="gutxi" pos="X">gutxi</wf>
         <wf lemma="." pos="X">.</wf>
      </sentence>
      <sentence id="d000.s493" source="wordnet-basque">
         <wf lemma="beldurtuta" pos="X">beldurtuta</wf>
         <wf lemma="geunden" pos="X">geunden</wf>
         <wf lemma="gelaren" pos="X">gelaren</wf>
         <wf lemma="bestaldean" pos="X">bestaldean</wf>
         <instance id="d000.s493.t000" lemma="pauso" pos="NOUN">pausoak</instance>
         <wf lemma="entzuten" pos="X">entzuten</wf>
         <wf lemma="zirelako" pos="X">zirelako</wf>
         <wf lemma="harantz" pos="X">harantz</wf>
         <wf lemma="eta" pos="X">eta</wf>
         <wf lemma="honantz" pos="X">honantz</wf>
         <wf lemma="." pos="X">.</wf>
      </sentence>
      <sentence id="d000.s494" source="wordnet-basque">
         <instance id="d000.s494.t000" lemma="negu" pos="NOUN">neguan</instance>
         <wf lemma="," pos="X">,</wf>
         <wf lemma="elurra" pos="X">elurra</wf>
         <wf lemma="dagoenean" pos="X">dagoenean</wf>
         <wf lemma="," pos="X">,</wf>
         <wf lemma="eski" pos="X">eski</wf>
         <wf lemma="ibilaldiak" pos="X">ibilaldiak</wf>
         <wf lemma="egin" pos="X">egin</wf>
         <wf lemma="daitezke" pos="X">daitezke</wf>
         <wf lemma="." pos="X">.</wf>
      </sentence>
      <sentence id="d000.s495" source="wordnet-basque">
         <wf lemma="Arrigorriagako" pos="X">Arrigorriagako</wf>
         <instance id="d000.s495.t000" lemma="zinegotzi" pos="NOUN">zinegotziak</instance>
         <wf lemma="esan" pos="X">esan</wf>
         <wf lemma="zuen" pos="X">zuen</wf>
         <wf lemma="udalean" pos="X">udalean</wf>
         <wf lemma="lortutako" pos="X">lortutako</wf>
         <wf lemma="akordioa" pos="X">akordioa</wf>
         <wf lemma="ilusio" pos="X">ilusio</wf>
         <wf lemma="eta" pos="X">eta</wf>
         <wf lemma="itxaropen" pos="X">itxaropen</wf>
         <wf lemma="sortzaile" pos="X">sortzaile</wf>
         <wf lemma="izan" pos="X">izan</wf>
         <wf lemma="zela" pos="X">zela</wf>
         <wf lemma="." pos="X">.</wf>
      </sentence>
      <sentence id="d000.s496" source="wordnet-basque">
         <wf lemma="distantziara" pos="X">distantziara</wf>
         <wf lemma="boxeatu" pos="X">boxeatu</wf>
         <wf lemma="," pos="X">,</wf>
         <wf lemma="gorputzez" pos="X">gorputzez</wf>
         <wf lemma="gorputz" pos="X">gorputz</wf>
         <wf lemma="sartu" pos="X">sartu</wf>
         <wf lemma="gabe" pos="X">gabe</wf>
         <wf lemma="," pos="X">,</wf>
         <wf lemma="bere" pos="X">bere</wf>
         <wf lemma="jokoa" pos="X">jokoa</wf>
         <wf lemma="horixe" pos="X">horixe</wf>
         <wf lemma="delako" pos="X">delako</wf>
         <wf lemma=":" pos="X">:</wf>
         <instance id="d000.s496.t000" lemma="guardia" pos="NOUN">guardia</instance>
         <wf lemma="oso" pos="X">oso</wf>
         <wf lemma="altu" pos="X">altu</wf>
         <wf lemma="mantendu" pos="X">mantendu</wf>
         <wf lemma="," pos="X">,</wf>
         <wf lemma="eta" pos="X">eta</wf>
         <wf lemma="gorputzez" pos="X">gorputzez</wf>
         <wf lemma="gorputz" pos="X">gorputz</wf>
         <wf lemma="sartzen" pos="X">sartzen</wf>
         <wf lemma="da" pos="X">da</wf>
         <wf lemma="ahal" pos="X">ahal</wf>
         <wf lemma="duen" pos="X">duen</wf>
         <wf lemma="bakoitzean" pos="X">bakoitzean</wf>
         <wf lemma="." pos="X">.</wf>
      </sentence>
      <sentence id="d000.s497" source="wordnet-basque">
         <wf lemma="euskal" pos="X">euskal</wf>
         <instance id="d000.s497.t000" lemma="gazteria" pos="NOUN">gazteriaren</instance>
         <wf lemma="parte" pos="X">parte</wf>
         <wf lemma="bat" pos="X">bat</wf>
         <wf lemma="intolerantzian" pos="X">intolerantzian</wf>
         <wf lemma="sozializatzen" pos="X">sozializatzen</wf>
         <wf lemma="ari" pos="X">ari</wf>
         <wf lemma="dela" pos="X">dela</wf>
         <wf lemma="ohartarazi" pos="X">ohartarazi</wf>
         <wf lemma="zuten" pos="X">zuten</wf>
         <wf lemma="." pos="X">.</wf>
      </sentence>
      <sentence id="d000.s498" source="wordnet-basque">
         <wf lemma="ikerketatik" pos="X">ikerketatik</wf>
         <wf lemma="ateratako" pos="X">ateratako</wf>
         <instance id="d000.s498.t000" lemma="datu" pos="NOUN">datuak</instance>
         <wf lemma="honelako" pos="X">honelako</wf>
         <wf lemma="taula" pos="X">taula</wf>
         <wf lemma="batean" pos="X">batean</wf>
         <wf lemma="jar" pos="X">jar</wf>
         <wf lemma="ditzakegu" pos="X">ditzakegu</wf>
         <wf lemma="." pos="X">.</wf>
      </sentence>
      <sentence id="d000.s499" source="wordnet-basque">
         <wf lemma="ez" pos="X">ez</wf>
         <wf lemma="da" pos="X">da</wf>
         <wf lemma="askoz" pos="X">askoz</wf>
         <wf lemma="hobea" pos="X">hobea</wf>
         <instance id="d000.s499.t000" lemma="karobi" pos="NOUN">karobiko</instance>
         <wf lemma="lana" pos="X">lana</wf>
         <wf lemma="," pos="X">,</wf>
         <wf lemma="gau" pos="X">gau</wf>
         <wf lemma="eta" pos="X">eta</wf>
         <wf lemma="egun" pos="X">egun</wf>
         <wf lemma="karobi" pos="X">karobi</wf>
         <wf lemma="aurrean" pos="X">aurrean</wf>
         <wf lemma="," pos="X">,</wf>
         <wf lemma="su" pos="X">su</wf>
         <wf lemma="garretan" pos="X">garretan</wf>
         <wf lemma="," pos="X">,</wf>
         <wf lemma="ke" pos="X">ke</wf>
         <wf lemma="minetan" pos="X">minetan</wf>
         <wf lemma="," pos="X">,</wf>
         <wf lemma="gorri" pos="X">gorri</wf>
         <wf lemma="gorri" pos="X">gorri</wf>
         <wf lemma="..." pos="X">...</wf>
      </sentence>
      <sentence id="d000.s500" source="wordnet-basque">
         <wf lemma="220" pos="X">220</wf>
         <instance id="d000.s500.t000" lemma="litro" pos="NOUN">litrotako</instance>
         <wf lemma="ontzietan" pos="X">ontzietan</wf>
         <wf lemma="gordetzen" pos="X">gordetzen</wf>
         <wf lemma="dira" pos="X">dira</wf>
         <wf lemma="zentralaren" pos="X">zentralaren</wf>
         <wf lemma="barruko" pos="X">barruko</wf>
         <wf lemma="urak" pos="X">urak</wf>
         <wf lemma="." pos="X">.</wf>
      </sentence>
      <sentence id="d000.s501" source="wordnet-basque">
         <instance id="d000.s501.t000" lemma="azterketa" pos="NOUN">azterketa</instance>
         <wf lemma="lapurtu" pos="X">lapurtu</wf>
         <wf lemma="izanaren" pos="X">izanaren</wf>
         <wf lemma="ondorioz" pos="X">ondorioz</wf>
         <wf lemma="," pos="X">,</wf>
         <wf lemma="irakasleak" pos="X">irakasleak</wf>
         <wf lemma="beste" pos="X">beste</wf>
         <wf lemma="galdera-sorta" pos="X">galdera-sorta</wf>
         <wf lemma="bat" pos="X">bat</wf>
         <wf lemma="prestatu" pos="X">prestatu</wf>
         <wf lemma="behar" pos="X">behar</wf>
         <wf lemma="izan" pos="X">izan</wf>
         <wf lemma="zuen" pos="X">zuen</wf>
         <wf lemma="." pos="X">.</wf>
      </sentence>
      <sentence id="d000.s502" source="wordnet-basque">
         <instance id="d000.s502.t000" lemma="eskola" pos="NOUN">eskolak</instance>
         <wf lemma="amaitu" pos="X">amaitu</wf>
         <wf lemma="bezain" pos="X">bezain</wf>
         <wf lemma="laster" pos="X">laster</wf>
         <wf lemma="," pos="X">,</wf>
         <wf lemma="herrira" pos="X">herrira</wf>
         <wf lemma="goaz" pos="X">goaz</wf>
         <wf lemma="." pos="X">.</wf>
      </sentence>
      <sentence id="d000.s503" source="wordnet-basque">
         <wf lemma="nahi" pos="X">nahi</wf>
         <wf lemma="baduzu" pos="X">baduzu</wf>
         <wf lemma="," pos="X">,</wf>
         <wf lemma="esnegaina" pos="X">esnegaina</wf>
         <wf lemma="marrubizko" pos="X">marrubizko</wf>
         <wf lemma="mermeladarekin" pos="X">mermeladarekin</wf>
         <wf lemma="nahas" pos="X">nahas</wf>
         <wf lemma="dezakezu" pos="X">dezakezu</wf>
         <wf lemma="," pos="X">,</wf>
         <wf lemma="eta" pos="X">eta</wf>
         <wf lemma="oraindik" pos="X">oraindik</wf>
         <wf lemma="bero" pos="X">bero</wf>
         <wf lemma="dagoenean" pos="X">dagoenean</wf>
         <instance id="d000.s503.t000" lemma="gain" pos="NOUN">gainetik</instance>
         <wf lemma="bota" pos="X">bota</wf>
         <wf lemma="." pos="X">.</wf>
      </sentence>
      <sentence id="d000.s504" source="wordnet-basque">
         <wf lemma="Luis" pos="X">Luis</wf>
         <wf lemma="Uranga" pos="X">Uranga</wf>
         <instance id="d000.s504.t000" lemma="presidente" pos="NOUN">presidenteak</instance>
         <wf lemma="gogoratu" pos="X">gogoratu</wf>
         <wf lemma="du" pos="X">du</wf>
         <wf lemma="Sa" pos="X">Sa</wf>
         <wf lemma="Pintok" pos="X">Pintok</wf>
         <wf lemma="kontratua" pos="X">kontratua</wf>
         <wf lemma="duela" pos="X">duela</wf>
         <wf lemma="Realarekin" pos="X">Realarekin</wf>
         <wf lemma="eta" pos="X">eta</wf>
         <wf lemma="beste" pos="X">beste</wf>
         <wf lemma="talde" pos="X">talde</wf>
         <wf lemma="batekin" pos="X">batekin</wf>
         <wf lemma="akordiorik" pos="X">akordiorik</wf>
         <wf lemma="ez" pos="X">ez</wf>
         <wf lemma="badago" pos="X">badago</wf>
         <wf lemma="Realean" pos="X">Realean</wf>
         <wf lemma="jarraitu" pos="X">jarraitu</wf>
         <wf lemma="beharko" pos="X">beharko</wf>
         <wf lemma="duela" pos="X">duela</wf>
         <wf lemma="." pos="X">.</wf>
      </sentence>
      <sentence id="d000.s505" source="wordnet-basque">
         <wf lemma="berriro" pos="X">berriro</wf>
         <wf lemma="irakurri" pos="X">irakurri</wf>
         <wf lemma="eta" pos="X">eta</wf>
         <wf lemma="iruzkindu" pos="X">iruzkindu</wf>
         <wf lemma="zituzten" pos="X">zituzten</wf>
         <instance id="d000.s505.t000" lemma="egunkari" pos="NOUN">egunkari</instance>
         <wf lemma="milandarreko" pos="X">milandarreko</wf>
         <wf lemma="artikuluak" pos="X">artikuluak</wf>
         <wf lemma="." pos="X">.</wf>
      </sentence>
      <sentence id="d000.s506" source="wordnet-basque">
         <wf lemma="EAEko" pos="X">EAEko</wf>
         <instance id="d000.s506.t000" lemma="administrazio" pos="NOUN">Administrazioan</instance>
         <wf lemma="funtzionario" pos="X">funtzionario</wf>
         <wf lemma="lanpostua" pos="X">lanpostua</wf>
         <wf lemma="lortzeko" pos="X">lortzeko</wf>
         <wf lemma="asmoz" pos="X">asmoz</wf>
         <wf lemma="52.520" pos="X">52.520</wf>
         <wf lemma="pertsonak" pos="X">pertsonak</wf>
         <wf lemma="eman" pos="X">eman</wf>
         <wf lemma="dute" pos="X">dute</wf>
         <wf lemma="izena" pos="X">izena</wf>
         <wf lemma="." pos="X">.</wf>
      </sentence>
      <sentence id="d000.s507" source="wordnet-basque">
         <wf lemma="orduan" pos="X">orduan</wf>
         <wf lemma="," pos="X">,</wf>
         <wf lemma="Atarrabiako" pos="X">Atarrabiako</wf>
         <wf lemma="UPNko" pos="X">UPNko</wf>
         <wf lemma="zinegotzien" pos="X">zinegotzien</wf>
         <instance id="d000.s507.t000" lemma="izen" pos="NOUN">izenak</instance>
         <wf lemma="eta" pos="X">eta</wf>
         <wf lemma="telefonoak" pos="X">telefonoak</wf>
         <wf lemma="ageri" pos="X">ageri</wf>
         <wf lemma="ziren" pos="X">ziren</wf>
         <wf lemma="paperak" pos="X">paperak</wf>
         <wf lemma="Haikak" pos="X">Haikak</wf>
         <wf lemma="sinatuak" pos="X">sinatuak</wf>
         <wf lemma="banatzea" pos="X">banatzea</wf>
         <wf lemma="leporatu" pos="X">leporatu</wf>
         <wf lemma="zitzaien" pos="X">zitzaien</wf>
         <wf lemma="." pos="X">.</wf>
      </sentence>
      <sentence id="d000.s508" source="wordnet-basque">
         <wf lemma="margotzeko" pos="X">margotzeko</wf>
         <instance id="d000.s508.t000" lemma="esku" pos="NOUN">esku</instance>
         <wf lemma="ona" pos="X">ona</wf>
         <wf lemma="du" pos="X">du</wf>
         <wf lemma="Kepak" pos="X">Kepak</wf>
         <wf lemma="." pos="X">.</wf>
      </sentence>
      <sentence id="d000.s509" source="wordnet-basque">
         <wf lemma="Bilboko" pos="X">Bilboko</wf>
         <wf lemma="portuko" pos="X">portuko</wf>
         <wf lemma="gordetegi" pos="X">gordetegi</wf>
         <wf lemma="horiek" pos="X">horiek</wf>
         <wf lemma="1.000" pos="X">1.000</wf>
         <wf lemma="metro" pos="X">metro</wf>
         <wf lemma="kubiko" pos="X">kubiko</wf>
         <instance id="d000.s509.t000" lemma="erregai" pos="NOUN">erregai</instance>
         <wf lemma="gordetzeko" pos="X">gordetzeko</wf>
         <wf lemma="ahalmena" pos="X">ahalmena</wf>
         <wf lemma="dute" pos="X">dute</wf>
         <wf lemma="." pos="X">.</wf>
      </sentence>
      <sentence id="d000.s510" source="wordnet-basque">
         <wf lemma="Batasunaren" pos="X">Batasunaren</wf>
         <wf lemma="politikak" pos="X">politikak</wf>
         <wf lemma="ingurugiroaren" pos="X">ingurugiroaren</wf>
         <instance id="d000.s510.t000" lemma="babes" pos="NOUN">babesa</instance>
         <wf lemma="eta" pos="X">eta</wf>
         <wf lemma="ingurune-baldintzen" pos="X">ingurune-baldintzen</wf>
         <wf lemma="hobekuntza" pos="X">hobekuntza</wf>
         <wf lemma="bilduko" pos="X">bilduko</wf>
         <wf lemma="ditu" pos="X">ditu</wf>
         <wf lemma="." pos="X">.</wf>
      </sentence>
      <sentence id="d000.s511" source="wordnet-basque">
         <wf lemma="Bilbon" pos="X">Bilbon</wf>
         <wf lemma="," pos="X">,</wf>
         <wf lemma="ostera" pos="X">ostera</wf>
         <wf lemma="," pos="X">,</wf>
         <wf lemma="denak" pos="X">denak</wf>
         <wf lemma="gripeak" pos="X">gripeak</wf>
         <wf lemma="jota" pos="X">jota</wf>
         <wf lemma="hil" pos="X">hil</wf>
         <wf lemma="dira" pos="X">dira</wf>
         <wf lemma="," pos="X">,</wf>
         <instance id="d000.s511.t000" lemma="hies" pos="NOUN">HIESak</instance>
         <wf lemma="ez" pos="X">ez</wf>
         <wf lemma="du" pos="X">du</wf>
         <wf lemma="inor" pos="X">inor</wf>
         <wf lemma="hiltzen" pos="X">hiltzen</wf>
         <wf lemma="Bilbon" pos="X">Bilbon</wf>
         <wf lemma="." pos="X">.</wf>
      </sentence>
      <sentence id="d000.s512" source="wordnet-basque">
         <wf lemma="erregatera" pos="X">erregatera</wf>
         <wf lemma="erosten" pos="X">erosten</wf>
         <wf lemma="eta" pos="X">eta</wf>
         <wf lemma="saltzen" pos="X">saltzen</wf>
         <wf lemma="da" pos="X">da</wf>
         <instance id="d000.s512.t000" lemma="plaza" pos="NOUN">plazan</instance>
         <wf lemma="edo" pos="X">edo</wf>
         <wf lemma="azokan" pos="X">azokan</wf>
         <wf lemma="." pos="X">.</wf>
      </sentence>
      <sentence id="d000.s513" source="wordnet-basque">
         <wf lemma="5.10." pos="X">5.10.</wf>
         <instance id="d000.s513.t000" lemma="irudi" pos="NOUN">irudian</instance>
         <wf lemma="ikusten" pos="X">ikusten</wf>
         <wf lemma="da" pos="X">da</wf>
         <wf lemma="zer-nolako" pos="X">zer-nolako</wf>
         <wf lemma="itxura" pos="X">itxura</wf>
         <wf lemma="duen" pos="X">duen</wf>
         <wf lemma="irteerako" pos="X">irteerako</wf>
         <wf lemma="seinaleak" pos="X">seinaleak</wf>
         <wf lemma="." pos="X">.</wf>
      </sentence>
      <sentence id="d000.s514" source="wordnet-basque">
         <wf lemma="eragiketa" pos="X">eragiketa</wf>
         <wf lemma="algebraiko" pos="X">algebraiko</wf>
         <wf lemma="baten" pos="X">baten</wf>
         <wf lemma="n" pos="X">n</wf>
         <wf lemma="graduko" pos="X">graduko</wf>
         <instance id="d000.s514.t000" lemma="gai" pos="NOUN">gaia</instance>
         <wf lemma="." pos="X">.</wf>
      </sentence>
      <sentence id="d000.s515" source="wordnet-basque">
         <wf lemma="Otegik" pos="X">Otegik</wf>
         <wf lemma="esan" pos="X">esan</wf>
         <wf lemma="zuen" pos="X">zuen</wf>
         <wf lemma="Ibarretxek" pos="X">Ibarretxek</wf>
         <wf lemma="ere" pos="X">ere</wf>
         <wf lemma="beste" pos="X">beste</wf>
         <instance id="d000.s515.t000" lemma="biolentzia" pos="NOUN">biolentzia</instance>
         <wf lemma="mota" pos="X">mota</wf>
         <wf lemma="horiek" pos="X">horiek</wf>
         <wf lemma="kontuan" pos="X">kontuan</wf>
         <wf lemma="hartzea" pos="X">hartzea</wf>
         <wf lemma="nahi" pos="X">nahi</wf>
         <wf lemma="dutela" pos="X">dutela</wf>
         <wf lemma="." pos="X">.</wf>
      </sentence>
      <sentence id="d000.s516" source="wordnet-basque">
         <wf lemma="Galarza" pos="X">Galarza</wf>
         <wf lemma="Mexikoko" pos="X">Mexikoko</wf>
         <wf lemma="hiriburuko" pos="X">hiriburuko</wf>
         <wf lemma="Reclusorio" pos="X">Reclusorio</wf>
         <wf lemma="Norte" pos="X">Norte</wf>
         <wf lemma="espetxean" pos="X">espetxean</wf>
         <wf lemma="sartu" pos="X">sartu</wf>
         <wf lemma="dute" pos="X">dute</wf>
         <wf lemma="behin-behinekoz" pos="X">behin-behinekoz</wf>
         <wf lemma="," pos="X">,</wf>
         <instance id="d000.s516.t000" lemma="estradizio" pos="NOUN">estradizio</instance>
         <wf lemma="tramitea" pos="X">tramitea</wf>
         <wf lemma="egin" pos="X">egin</wf>
         <wf lemma="arte" pos="X">arte</wf>
         <wf lemma="." pos="X">.</wf>
      </sentence>
      <sentence id="d000.s517" source="wordnet-basque">
         <wf lemma="munduari" pos="X">munduari</wf>
         <wf lemma="lau" pos="X">lau</wf>
         <wf lemma="edo" pos="X">edo</wf>
         <wf lemma="bost" pos="X">bost</wf>
         <instance id="d000.s517.t000" lemma="itzuli" pos="NOUN">itzuli</instance>
         <wf lemma="ematea" pos="X">ematea</wf>
         <wf lemma="bezainbat" pos="X">bezainbat</wf>
         <wf lemma="kilometro" pos="X">kilometro</wf>
         <wf lemma="egin" pos="X">egin</wf>
         <wf lemma="dituela" pos="X">dituela</wf>
         <wf lemma="adierazi" pos="X">adierazi</wf>
         <wf lemma="zuen" pos="X">zuen</wf>
         <wf lemma="." pos="X">.</wf>
      </sentence>
      <sentence id="d000.s518" source="wordnet-basque">
         <wf lemma="hurrengo" pos="X">hurrengo</wf>
         <wf lemma="egunean" pos="X">egunean</wf>
         <wf lemma="ikatza" pos="X">ikatza</wf>
         <wf lemma="kendu" pos="X">kendu</wf>
         <wf lemma="eta" pos="X">eta</wf>
         <wf lemma="garbitu" pos="X">garbitu</wf>
         <wf lemma="zuen" pos="X">zuen</wf>
         <instance id="d000.s518.t000" lemma="su" pos="NOUN">sua</instance>
         <wf lemma="." pos="X">.</wf>
      </sentence>
      <sentence id="d000.s519" source="wordnet-basque">
         <wf lemma="egunkariek" pos="X">egunkariek</wf>
         <wf lemma="," pos="X">,</wf>
         <wf lemma="orain" pos="X">orain</wf>
         <wf lemma="arte" pos="X">arte</wf>
         <wf lemma="ez" pos="X">ez</wf>
         <wf lemma="bezala" pos="X">bezala</wf>
         <wf lemma="," pos="X">,</wf>
         <instance id="d000.s519.t000" lemma="leku" pos="NOUN">leku</instance>
         <wf lemma="nabarmena" pos="X">nabarmena</wf>
         <wf lemma="eman" pos="X">eman</wf>
         <wf lemma="zioten" pos="X">zioten</wf>
         <wf lemma="atzo" pos="X">atzo</wf>
         <wf lemma="estradizioen" pos="X">estradizioen</wf>
         <wf lemma="gaiari" pos="X">gaiari</wf>
         <wf lemma="." pos="X">.</wf>
      </sentence>
      <sentence id="d000.s520" source="wordnet-basque">
         <wf lemma="joanak" pos="X">joanak</wf>
         <wf lemma="dira" pos="X">dira</wf>
         <wf lemma="bi" pos="X">bi</wf>
         <instance id="d000.s520.t000" lemma="mende" pos="NOUN">mende</instance>
         <wf lemma="," pos="X">,</wf>
         <wf lemma="Napoleonen" pos="X">Napoleonen</wf>
         <wf lemma="Kode" pos="X">Kode</wf>
         <wf lemma="Zibila" pos="X">Zibila</wf>
         <wf lemma="frantsesez" pos="X">frantsesez</wf>
         <wf lemma="argitaratu" pos="X">argitaratu</wf>
         <wf lemma="zenetik" pos="X">zenetik</wf>
         <wf lemma="." pos="X">.</wf>
      </sentence>
      <sentence id="d000.s521" source="wordnet-basque">
         <instance id="d000.s521.t000" lemma="bizikleta" pos="NOUN">bizikleta</instance>
         <wf lemma="matxuratu" pos="X">matxuratu</wf>
         <wf lemma="eta" pos="X">eta</wf>
         <wf lemma="tropeleko" pos="X">tropeleko</wf>
         <wf lemma="azken" pos="X">azken</wf>
         <wf lemma="postuetan" pos="X">postuetan</wf>
         <wf lemma="sartu" pos="X">sartu</wf>
         <wf lemma="zen" pos="X">zen</wf>
         <wf lemma="." pos="X">.</wf>
      </sentence>
      <sentence id="d000.s522" source="wordnet-basque">
         <wf lemma="bertsolari" pos="X">bertsolari</wf>
         <wf lemma="munduan" pos="X">munduan</wf>
         <instance id="d000.s522.t000" lemma="egoera" pos="NOUN">egoera</instance>
         <wf lemma="nahasia" pos="X">nahasia</wf>
         <wf lemma="ikusten" pos="X">ikusten</wf>
         <wf lemma="dut" pos="X">dut</wf>
         <wf lemma="euskararen" pos="X">euskararen</wf>
         <wf lemma="aldetik" pos="X">aldetik</wf>
         <wf lemma="," pos="X">,</wf>
         <wf lemma="bereziki" pos="X">bereziki</wf>
         <wf lemma="Euskara" pos="X">Euskara</wf>
         <wf lemma="Batuari" pos="X">Batuari</wf>
         <wf lemma="begira" pos="X">begira</wf>
         <wf lemma="." pos="X">.</wf>
      </sentence>
      <sentence id="d000.s523" source="wordnet-basque">
         <wf lemma="negarrez" pos="X">negarrez</wf>
         <wf lemma="aurkitu" pos="X">aurkitu</wf>
         <wf lemma="nintzen" pos="X">nintzen</wf>
         <wf lemma="bat-batean" pos="X">bat-batean</wf>
         <instance id="d000.s523.t000" lemma="merkatu" pos="NOUN">merkatu</instance>
         <wf lemma="baten" pos="X">baten</wf>
         <wf lemma="erdian" pos="X">erdian</wf>
         <wf lemma="." pos="X">.</wf>
      </sentence>
      <sentence id="d000.s524" source="wordnet-basque">
         <wf lemma="poliziaren" pos="X">poliziaren</wf>
         <wf lemma="arabera" pos="X">arabera</wf>
         <wf lemma="," pos="X">,</wf>
         <wf lemma="etxe" pos="X">etxe</wf>
         <wf lemma="hori" pos="X">hori</wf>
         <wf lemma="ETArena" pos="X">ETArena</wf>
         <wf lemma="zen" pos="X">zen</wf>
         <wf lemma="," pos="X">,</wf>
         <wf lemma="bertan" pos="X">bertan</wf>
         <instance id="d000.s524.t000" lemma="arma" pos="NOUN">armak</instance>
         <wf lemma="topatu" pos="X">topatu</wf>
         <wf lemma="baitzituzten" pos="X">baitzituzten</wf>
         <wf lemma="." pos="X">.</wf>
      </sentence>
      <sentence id="d000.s525" source="wordnet-basque">
         <wf lemma="latinez" pos="X">latinez</wf>
         <instance id="d000.s525.t000" lemma="boz" pos="NOUN">boz</instance>
         <wf lemma="aktiboaren" pos="X">aktiboaren</wf>
         <wf lemma="aditz-denborak" pos="X">aditz-denborak</wf>
         <wf lemma="sintetikoak" pos="X">sintetikoak</wf>
         <wf lemma="ziren" pos="X">ziren</wf>
         <wf lemma="." pos="X">.</wf>
      </sentence>
      <sentence id="d000.s526" source="wordnet-basque">
         <wf lemma="Duranden" pos="X">Duranden</wf>
         <wf lemma="ustez" pos="X">ustez</wf>
         <wf lemma="," pos="X">,</wf>
         <wf lemma="auziperatuen" pos="X">auziperatuen</wf>
         <wf lemma="artean" pos="X">artean</wf>
         <wf lemma="Bove" pos="X">Bove</wf>
         <wf lemma="izan" pos="X">izan</wf>
         <wf lemma="zen" pos="X">zen</wf>
         <wf lemma="ekintza" pos="X">ekintza</wf>
         <wf lemma="haren" pos="X">haren</wf>
         <instance id="d000.s526.t000" lemma="eragile" pos="NOUN">eragile</instance>
         <wf lemma="nagusia" pos="X">nagusia</wf>
         <wf lemma="." pos="X">.</wf>
      </sentence>
      <sentence id="d000.s527" source="wordnet-basque">
         <wf lemma="fiskalak" pos="X">fiskalak</wf>
         <wf lemma="zigor" pos="X">zigor</wf>
         <wf lemma="eskaerak" pos="X">eskaerak</wf>
         <wf lemma="oso" pos="X">oso</wf>
         <instance id="d000.s527.t000" lemma="mutur" pos="NOUN">muturrera</instance>
         <wf lemma="eraman" pos="X">eraman</wf>
         <wf lemma="dituela" pos="X">dituela</wf>
         <wf lemma="iritzi" pos="X">iritzi</wf>
         <wf lemma="dio" pos="X">dio</wf>
         <wf lemma="Carriquek" pos="X">Carriquek</wf>
         <wf lemma="." pos="X">.</wf>
      </sentence>
      <sentence id="d000.s528" source="wordnet-basque">
         <wf lemma="iruten" pos="X">iruten</wf>
         <wf lemma="ari" pos="X">ari</wf>
         <wf lemma="nauzu" pos="X">nauzu</wf>
         <instance id="d000.s528.t000" lemma="kilo" pos="NOUN">kiloa</instance>
         <wf lemma="gerrian" pos="X">gerrian</wf>
         <wf lemma="." pos="X">.</wf>
      </sentence>
      <sentence id="d000.s529" source="wordnet-basque">
         <wf lemma="Hitza" pos="X">Hitza</wf>
         <wf lemma="," pos="X">,</wf>
         <wf lemma="AEK" pos="X">AEK</wf>
         <wf lemma="eta" pos="X">eta</wf>
         <wf lemma="Ikastolarekin" pos="X">Ikastolarekin</wf>
         <wf lemma="adostutako" pos="X">adostutako</wf>
         <instance id="d000.s529.t000" lemma="konpromiso" pos="NOUN">konpromiso</instance>
         <wf lemma="ekonomikoak" pos="X">ekonomikoak</wf>
         <wf lemma="ez" pos="X">ez</wf>
         <wf lemma="ditu" pos="X">ditu</wf>
         <wf lemma="bete" pos="X">bete</wf>
         <wf lemma="." pos="X">.</wf>
      </sentence>
      <sentence id="d000.s530" source="wordnet-basque">
         <wf lemma="Hegoaldeko" pos="X">Hegoaldeko</wf>
         <wf lemma="aldundiek" pos="X">aldundiek</wf>
         <wf lemma="ez" pos="X">ez</wf>
         <wf lemma="daukate" pos="X">daukate</wf>
         <wf lemma="BEZ" pos="X">BEZ</wf>
         <wf lemma="edo" pos="X">edo</wf>
         <instance id="d000.s530.t000" lemma="hidrokarburo" pos="NOUN">hidrokarburoen</instance>
         <wf lemma="gaineko" pos="X">gaineko</wf>
         <wf lemma="zergak" pos="X">zergak</wf>
         <wf lemma="arautzeko" pos="X">arautzeko</wf>
         <wf lemma="ahalmenik" pos="X">ahalmenik</wf>
         <wf lemma="." pos="X">.</wf>
      </sentence>
      <sentence id="d000.s531" source="wordnet-basque">
         <wf lemma="oliozpinaren" pos="X">oliozpinaren</wf>
         <instance id="d000.s531.t000" lemma="oinarri" pos="NOUN">oinarria</instance>
         <wf lemma="olioa" pos="X">olioa</wf>
         <wf lemma="eta" pos="X">eta</wf>
         <wf lemma="ozpina" pos="X">ozpina</wf>
         <wf lemma="dira" pos="X">dira</wf>
         <wf lemma="," pos="X">,</wf>
         <wf lemma="gatza" pos="X">gatza</wf>
         <wf lemma="(" pos="X">(</wf>
         <wf lemma="eta" pos="X">eta</wf>
         <wf lemma="piperbeltza" pos="X">piperbeltza</wf>
         <wf lemma="Nafarroa" pos="X">Nafarroa</wf>
         <wf lemma="Beherean" pos="X">Beherean</wf>
         <wf lemma=")" pos="X">)</wf>
         <wf lemma="." pos="X">.</wf>
      </sentence>
      <sentence id="d000.s532" source="wordnet-basque">
         <instance id="d000.s532.t000" lemma="geldiketa" pos="NOUN">geldiketa</instance>
         <wf lemma="bikainak" pos="X">bikainak</wf>
         <wf lemma="egin" pos="X">egin</wf>
         <wf lemma="zituen" pos="X">zituen</wf>
         <wf lemma="Athleticeko" pos="X">Athleticeko</wf>
         <wf lemma="atezainak" pos="X">atezainak</wf>
         <wf lemma="." pos="X">.</wf>
      </sentence>
      <sentence id="d000.s533" source="wordnet-basque">
         <wf lemma="elkarrizketaren" pos="X">elkarrizketaren</wf>
         <wf lemma="batean" pos="X">batean</wf>
         <wf lemma="esana" pos="X">esana</wf>
         <wf lemma="duzu" pos="X">duzu</wf>
         <wf lemma="bidai" pos="X">bidai</wf>
         <wf lemma="baten" pos="X">baten</wf>
         <instance id="d000.s533.t000" lemma="kronika" pos="NOUN">kronika</instance>
         <wf lemma="literarioa-" pos="X">literarioa-</wf>
         <wf lemma="edo" pos="X">edo</wf>
         <wf lemma="dela" pos="X">dela</wf>
         <wf lemma="kontakizuna" pos="X">kontakizuna</wf>
         <wf lemma="." pos="X">.</wf>
      </sentence>
      <sentence id="d000.s534" source="wordnet-basque">
         <wf lemma="hormadik" pos="X">hormadik</wf>
         <wf lemma="gaur" pos="X">gaur</wf>
         <wf lemma="zuen" pos="X">zuen</wf>
         <wf lemma="zazpigarren" pos="X">zazpigarren</wf>
         <wf lemma="jardunaldiko" pos="X">jardunaldiko</wf>
         <instance id="d000.s534.t000" lemma="partida" pos="NOUN">partida</instance>
         <wf lemma="," pos="X">,</wf>
         <wf lemma="Lyonen" pos="X">Lyonen</wf>
         <wf lemma="kontra" pos="X">kontra</wf>
         <wf lemma="," pos="X">,</wf>
         <wf lemma="baina" pos="X">baina</wf>
         <wf lemma="ez" pos="X">ez</wf>
         <wf lemma="da" pos="X">da</wf>
         <wf lemma="jokatuko" pos="X">jokatuko</wf>
         <wf lemma="." pos="X">.</wf>
      </sentence>
      <sentence id="d000.s535" source="wordnet-basque">
         <wf lemma="atzealdean" pos="X">atzealdean</wf>
         <wf lemma="zeuden" pos="X">zeuden</wf>
         <wf lemma="ikusleek" pos="X">ikusleek</wf>
         <wf lemma="etengabeko" pos="X">etengabeko</wf>
         <instance id="d000.s535.t000" lemma="presio" pos="NOUN">presioa</instance>
         <wf lemma="egiten" pos="X">egiten</wf>
         <wf lemma="zieten" pos="X">zieten</wf>
         <wf lemma="euren" pos="X">euren</wf>
         <wf lemma="aitzinean" pos="X">aitzinean</wf>
         <wf lemma="zirenei" pos="X">zirenei</wf>
         <wf lemma="." pos="X">.</wf>
      </sentence>
      <sentence id="d000.s536" source="wordnet-basque">
         <wf lemma="norbait" pos="X">norbait</wf>
         <wf lemma="bizirik" pos="X">bizirik</wf>
         <wf lemma="topatzeko" pos="X">topatzeko</wf>
         <instance id="d000.s536.t000" lemma="itxaropen" pos="NOUN">itxaropenak</instance>
         <wf lemma="oso" pos="X">oso</wf>
         <wf lemma="urriak" pos="X">urriak</wf>
         <wf lemma="zirela" pos="X">zirela</wf>
         <wf lemma="azaldu" pos="X">azaldu</wf>
         <wf lemma="zuten" pos="X">zuten</wf>
         <wf lemma="Indonesiako" pos="X">Indonesiako</wf>
         <wf lemma="ofizialek" pos="X">ofizialek</wf>
         <wf lemma="." pos="X">.</wf>
      </sentence>
      <sentence id="d000.s537" source="wordnet-basque">
         <instance id="d000.s537.t000" lemma="ondorio" pos="NOUN">ondorio</instance>
         <wf lemma="positibo" pos="X">positibo</wf>
         <wf lemma="gutxi" pos="X">gutxi</wf>
         <wf lemma="atera" pos="X">atera</wf>
         <wf lemma="daitezke" pos="X">daitezke</wf>
         <wf lemma="atzoko" pos="X">atzoko</wf>
         <wf lemma="partidutik" pos="X">partidutik</wf>
         <wf lemma="." pos="X">.</wf>
      </sentence>
      <sentence id="d000.s538" source="wordnet-basque">
         <instance id="d000.s538.t000" lemma="herri" pos="NOUN">herri</instance>
         <wf lemma="osoak" pos="X">osoak</wf>
         <wf lemma="bera" pos="X">bera</wf>
         <wf lemma="gurtu" pos="X">gurtu</wf>
         <wf lemma="zuen" pos="X">zuen</wf>
         <wf lemma="." pos="X">.</wf>
      </sentence>
      <sentence id="d000.s539" source="wordnet-basque">
         <wf lemma="Deslai" pos="X">Deslai</wf>
         <wf lemma="," pos="X">,</wf>
         <wf lemma="azkenik" pos="X">azkenik</wf>
         <wf lemma="," pos="X">,</wf>
         <wf lemma="abandonaturik" pos="X">abandonaturik</wf>
         <wf lemma="," pos="X">,</wf>
         <instance id="d000.s539.t000" lemma="ipar" pos="NOUN">iparra</instance>
         <wf lemma="erakutsitako" pos="X">erakutsitako</wf>
         <wf lemma="izar" pos="X">izar</wf>
         <wf lemma="bat" pos="X">bat</wf>
         <wf lemma="itzali" pos="X">itzali</wf>
         <wf lemma="delako" pos="X">delako</wf>
         <wf lemma="." pos="X">.</wf>
      </sentence>
      <sentence id="d000.s540" source="wordnet-basque">
         <wf lemma="hitz" pos="X">hitz</wf>
         <wf lemma="hauek" pos="X">hauek</wf>
         <instance id="d000.s540.t000" lemma="bihotz" pos="NOUN">bihotza</instance>
         <wf lemma="erdiratzen" pos="X">erdiratzen</wf>
         <wf lemma="didate" pos="X">didate</wf>
         <wf lemma="eta" pos="X">eta</wf>
         <wf lemma="nigarrez" pos="X">nigarrez</wf>
         <wf lemma="hipaka" pos="X">hipaka</wf>
         <wf lemma="hasten" pos="X">hasten</wf>
         <wf lemma="naiz" pos="X">naiz</wf>
         <wf lemma="," pos="X">,</wf>
         <wf lemma="hipaka" pos="X">hipaka</wf>
         <wf lemma="!" pos="X">!</wf>
      </sentence>
      <sentence id="d000.s541" source="wordnet-basque">
         <wf lemma="Itsas" pos="X">Itsas</wf>
         <wf lemma="Prefeturak" pos="X">Prefeturak</wf>
         <wf lemma="zonaldean" pos="X">zonaldean</wf>
         <wf lemma="6" pos="X">6</wf>
         <wf lemma="kilometro" pos="X">kilometro</wf>
         <wf lemma="inguruko" pos="X">inguruko</wf>
         <wf lemma="itsas" pos="X">itsas</wf>
         <instance id="d000.s541.t000" lemma="esparru" pos="NOUN">esparru</instance>
         <wf lemma="bat" pos="X">bat</wf>
         <wf lemma="itxi" pos="X">itxi</wf>
         <wf lemma="egin" pos="X">egin</wf>
         <wf lemma="zuen" pos="X">zuen</wf>
         <wf lemma="." pos="X">.</wf>
      </sentence>
      <sentence id="d000.s542" source="wordnet-basque">
         <instance id="d000.s542.t000" lemma="arrazoi" pos="NOUN">arrazoi</instance>
         <wf lemma="politikoengatik" pos="X">politikoengatik</wf>
         <wf lemma="exekutatutako" pos="X">exekutatutako</wf>
         <wf lemma="134" pos="X">134</wf>
         <wf lemma="lagunen" pos="X">lagunen</wf>
         <wf lemma="senideek" pos="X">senideek</wf>
         <wf lemma="Pinocheten" pos="X">Pinocheten</wf>
         <wf lemma="aurkako" pos="X">aurkako</wf>
         <wf lemma="185" pos="X">185</wf>
         <wf lemma="salaketa" pos="X">salaketa</wf>
         <wf lemma="aurkeztu" pos="X">aurkeztu</wf>
         <wf lemma="zuten" pos="X">zuten</wf>
         <wf lemma="." pos="X">.</wf>
      </sentence>
      <sentence id="d000.s543" source="wordnet-basque">
         <wf lemma="kaleko" pos="X">kaleko</wf>
         <wf lemma="apainketa" pos="X">apainketa</wf>
         <wf lemma="laranjak" pos="X">laranjak</wf>
         <wf lemma="ken" pos="X">ken</wf>
         <wf lemma="ditzakegu" pos="X">ditzakegu</wf>
         <wf lemma="," pos="X">,</wf>
         <instance id="d000.s543.t000" lemma="bandera" pos="NOUN">bandera</instance>
         <wf lemma="laranjak" pos="X">laranjak</wf>
         <wf lemma="gorde" pos="X">gorde</wf>
         <wf lemma=";" pos="X">;</wf>
         <wf lemma="nire" pos="X">nire</wf>
         <wf lemma="txapela" pos="X">txapela</wf>
         <wf lemma="laranja" pos="X">laranja</wf>
         <wf lemma="zakarrontzira" pos="X">zakarrontzira</wf>
         <wf lemma="doa" pos="X">doa</wf>
         <wf lemma="," pos="X">,</wf>
         <wf lemma="eta" pos="X">eta</wf>
         <wf lemma="utzi" pos="X">utzi</wf>
         <wf lemma="bakean" pos="X">bakean</wf>
         <wf lemma="." pos="X">.</wf>
      </sentence>
      <sentence id="d000.s544" source="wordnet-basque">
         <wf lemma="dena" pos="X">dena</wf>
         <wf lemma="dela" pos="X">dela</wf>
         <wf lemma="," pos="X">,</wf>
         <instance id="d000.s544.t000" lemma="atomo" pos="NOUN">atomoak</instance>
         <wf lemma="ez" pos="X">ez</wf>
         <wf lemma="dira" pos="X">dira</wf>
         <wf lemma="zatiezinak" pos="X">zatiezinak</wf>
         <wf lemma="." pos="X">.</wf>
      </sentence>
      <sentence id="d000.s545" source="wordnet-basque">
         <wf lemma="sutean" pos="X">sutean</wf>
         <wf lemma="unibertsitateak" pos="X">unibertsitateak</wf>
         <wf lemma="gordetzen" pos="X">gordetzen</wf>
         <wf lemma="zituen" pos="X">zituen</wf>
         <wf lemma="hamaika" pos="X">hamaika</wf>
         <instance id="d000.s545.t000" lemma="ikerketa" pos="NOUN">ikerketa</instance>
         <wf lemma="erre" pos="X">erre</wf>
         <wf lemma="dira" pos="X">dira</wf>
         <wf lemma="." pos="X">.</wf>
      </sentence>
      <sentence id="d000.s546" source="wordnet-basque">
         <wf lemma="hanka" pos="X">hanka</wf>
         <wf lemma="hutsik" pos="X">hutsik</wf>
         <wf lemma="nenbilen" pos="X">nenbilen</wf>
         <wf lemma="eta" pos="X">eta</wf>
         <wf lemma="," pos="X">,</wf>
         <wf lemma="haien" pos="X">haien</wf>
         <wf lemma="artean" pos="X">artean</wf>
         <instance id="d000.s546.t000" lemma="istilu" pos="NOUN">istilu</instance>
         <wf lemma="handiegia" pos="X">handiegia</wf>
         <wf lemma="zuten" pos="X">zuten</wf>
         <wf lemma="ni" pos="X">ni</wf>
         <wf lemma="entzuteko" pos="X">entzuteko</wf>
         <wf lemma="." pos="X">.</wf>
      </sentence>
      <sentence id="d000.s547" source="wordnet-basque">
         <wf lemma="Urruna" pos="X">Urruna</wf>
         <instance id="d000.s547.t000" lemma="ekialde" pos="NOUN">Ekialde</instance>
         <wf lemma="Urruneko" pos="X">Urruneko</wf>
         <wf lemma="eta" pos="X">eta</wf>
         <wf lemma="klima" pos="X">klima</wf>
         <wf lemma="beroko" pos="X">beroko</wf>
         <wf lemma="leku" pos="X">leku</wf>
         <wf lemma="askotan" pos="X">askotan</wf>
         <wf lemma="lantzen" pos="X">lantzen</wf>
         <wf lemma="da" pos="X">da</wf>
         <wf lemma="." pos="X">.</wf>
      </sentence>
      <sentence id="d000.s548" source="wordnet-basque">
         <wf lemma="asteburuko" pos="X">asteburuko</wf>
         <instance id="d000.s548.t000" lemma="irteera" pos="NOUN">irteerak</instance>
         <wf lemma="izan" pos="X">izan</wf>
         <wf lemma="ziren" pos="X">ziren</wf>
         <wf lemma="," pos="X">,</wf>
         <wf lemma="Parisera" pos="X">Parisera</wf>
         <wf lemma="," pos="X">,</wf>
         <wf lemma="Zaragoza" pos="X">Zaragoza</wf>
         <wf lemma="," pos="X">,</wf>
         <wf lemma="Valentzia" pos="X">Valentzia</wf>
         <wf lemma="eta" pos="X">eta</wf>
         <wf lemma="Bartzelonara" pos="X">Bartzelonara</wf>
         <wf lemma="." pos="X">.</wf>
      </sentence>
      <sentence id="d000.s549" source="wordnet-basque">
         <wf lemma="EAEko" pos="X">EAEko</wf>
         <wf lemma="gobernuko" pos="X">gobernuko</wf>
         <instance id="d000.s549.t000" lemma="lehendakaritza" pos="NOUN">lehendakaritza</instance>
         <wf lemma="lortzea" pos="X">lortzea</wf>
         <wf lemma="jarri" pos="X">jarri</wf>
         <wf lemma="du" pos="X">du</wf>
         <wf lemma="helburutzat" pos="X">helburutzat</wf>
         <wf lemma="." pos="X">.</wf>
      </sentence>
      <sentence id="d000.s550" source="wordnet-basque">
         <wf lemma="Kenyan" pos="X">Kenyan</wf>
         <wf lemma="," pos="X">,</wf>
         <wf lemma="Ugandan" pos="X">Ugandan</wf>
         <wf lemma="," pos="X">,</wf>
         <wf lemma="Nikaraguan" pos="X">Nikaraguan</wf>
         <wf lemma="edo" pos="X">edo</wf>
         <wf lemma="Korean" pos="X">Korean</wf>
         <wf lemma="," pos="X">,</wf>
         <wf lemma="berriz" pos="X">berriz</wf>
         <wf lemma="," pos="X">,</wf>
         <wf lemma="emakumeen" pos="X">emakumeen</wf>
         <wf lemma="%50" pos="X">%50</wf>
         <wf lemma="inguruk" pos="X">inguruk</wf>
         <wf lemma="familiako" pos="X">familiako</wf>
         <wf lemma="kideren" pos="X">kideren</wf>
         <wf lemma="baten" pos="X">baten</wf>
         <instance id="d000.s550.t000" lemma="eraso" pos="NOUN">erasoak</instance>
         <wf lemma="jasan" pos="X">jasan</wf>
         <wf lemma="dituela" pos="X">dituela</wf>
         <wf lemma="diote" pos="X">diote</wf>
         <wf lemma="." pos="X">.</wf>
      </sentence>
      <sentence id="d000.s551" source="wordnet-basque">
         <wf lemma="atzo" pos="X">atzo</wf>
         <wf lemma="kaleratu" pos="X">kaleratu</wf>
         <wf lemma="baziren" pos="X">baziren</wf>
         <wf lemma="ere" pos="X">ere</wf>
         <wf lemma="," pos="X">,</wf>
         <wf lemma="azaroaren" pos="X">azaroaren</wf>
         <wf lemma="20an" pos="X">20an</wf>
         <wf lemma="EBk" pos="X">EBk</wf>
         <wf lemma="onartu" pos="X">onartu</wf>
         <wf lemma="zuen" pos="X">zuen</wf>
         <instance id="d000.s551.t000" lemma="adierazpen" pos="NOUN">adierazpen</instance>
         <wf lemma="batean" pos="X">batean</wf>
         <wf lemma="bilduta" pos="X">bilduta</wf>
         <wf lemma="daude" pos="X">daude</wf>
         <wf lemma="." pos="X">.</wf>
      </sentence>
      <sentence id="d000.s552" source="wordnet-basque">
         <wf lemma="arrailadurak" pos="X">arrailadurak</wf>
         <wf lemma="oso" pos="X">oso</wf>
         <wf lemma="maiz" pos="X">maiz</wf>
         <wf lemma="gertatu" pos="X">gertatu</wf>
         <wf lemma="dira" pos="X">dira</wf>
         <wf lemma="zentral" pos="X">zentral</wf>
         <wf lemma="honetan" pos="X">honetan</wf>
         <wf lemma="," pos="X">,</wf>
         <wf lemma="gehienetan" pos="X">gehienetan</wf>
         <wf lemma="hozketa" pos="X">hozketa</wf>
         <wf lemma="uretan" pos="X">uretan</wf>
         <instance id="d000.s552.t000" lemma="oxigeno" pos="NOUN">oxigenoa</instance>
         <wf lemma="egoteagatik" pos="X">egoteagatik</wf>
         <wf lemma="gertatu" pos="X">gertatu</wf>
         <wf lemma="dira" pos="X">dira</wf>
         <wf lemma="." pos="X">.</wf>
      </sentence>
      <sentence id="d000.s553" source="wordnet-basque">
         <wf lemma="gobernuak" pos="X">gobernuak</wf>
         <instance id="d000.s553.t000" lemma="bide" pos="NOUN">bide</instance>
         <wf lemma="tinkoari" pos="X">tinkoari</wf>
         <wf lemma="eutsi" pos="X">eutsi</wf>
         <wf lemma="zion" pos="X">zion</wf>
         <wf lemma="." pos="X">.</wf>
      </sentence>
      <sentence id="d000.s554" source="wordnet-basque">
         <instance id="d000.s554.t000" lemma="maitasun" pos="NOUN">maitasun</instance>
         <wf lemma="debekatu" pos="X">debekatu</wf>
         <wf lemma="baten" pos="X">baten</wf>
         <wf lemma="biktima" pos="X">biktima</wf>
         <wf lemma="izan" pos="X">izan</wf>
         <wf lemma="zen" pos="X">zen</wf>
         <wf lemma="Maren" pos="X">Maren</wf>
         <wf lemma="." pos="X">.</wf>
      </sentence>
      <sentence id="d000.s555" source="wordnet-basque">
         <wf lemma="lan" pos="X">lan</wf>
         <wf lemma="ildoak" pos="X">ildoak</wf>
         <wf lemma="finkatu" pos="X">finkatu</wf>
         <wf lemma="zituzten" pos="X">zituzten</wf>
         <wf lemma="," pos="X">,</wf>
         <wf lemma="plataformen" pos="X">plataformen</wf>
         <instance id="d000.s555.t000" lemma="biltzar" pos="NOUN">biltzarraren</instance>
         <wf lemma="antolaketa" pos="X">antolaketa</wf>
         <wf lemma="lanetan" pos="X">lanetan</wf>
         <wf lemma="aritu" pos="X">aritu</wf>
         <wf lemma="den" pos="X">den</wf>
         <wf lemma="Jean" pos="X">Jean</wf>
         <wf lemma="Claude" pos="X">Claude</wf>
         <wf lemma="Agerrek" pos="X">Agerrek</wf>
         <wf lemma="azaldu" pos="X">azaldu</wf>
         <wf lemma="zuenez" pos="X">zuenez</wf>
         <wf lemma="." pos="X">.</wf>
      </sentence>
      <sentence id="d000.s556" source="wordnet-basque">
         <wf lemma="jokalari" pos="X">jokalari</wf>
         <wf lemma="nafarrei" pos="X">nafarrei</wf>
         <instance id="d000.s556.t000" lemma="asteburu" pos="NOUN">asteburuko</instance>
         <wf lemma="ospakizunetako" pos="X">ospakizunetako</wf>
         <wf lemma="nekeak" pos="X">nekeak</wf>
         <wf lemma="ez" pos="X">ez</wf>
         <wf lemma="zien" pos="X">zien</wf>
         <wf lemma="mesederik" pos="X">mesederik</wf>
         <wf lemma="egin" pos="X">egin</wf>
         <wf lemma="." pos="X">.</wf>
      </sentence>
      <sentence id="d000.s557" source="wordnet-basque">
         <instance id="d000.s557.t000" lemma="ospitale" pos="NOUN">ospitaleak</instance>
         <wf lemma="dirutza" pos="X">dirutza</wf>
         <wf lemma="edarra" pos="X">edarra</wf>
         <wf lemma="atera" pos="X">atera</wf>
         <wf lemma="zuen" pos="X">zuen</wf>
         <wf lemma="liburuaren" pos="X">liburuaren</wf>
         <wf lemma="kontura" pos="X">kontura</wf>
         <wf lemma="." pos="X">.</wf>
      </sentence>
      <sentence id="d000.s558" source="wordnet-basque">
         <wf lemma="Yazdaniren" pos="X">Yazdaniren</wf>
         <wf lemma="sistemak" pos="X">sistemak</wf>
         <instance id="d000.s558.t000" lemma="huts" pos="NOUN">huts</instance>
         <wf lemma="gramatikalak" pos="X">gramatikalak</wf>
         <wf lemma="tratatzen" pos="X">tratatzen</wf>
         <wf lemma="ditu" pos="X">ditu</wf>
         <wf lemma="." pos="X">.</wf>
      </sentence>
      <sentence id="d000.s559" source="wordnet-basque">
         <wf lemma="Madrilgo" pos="X">Madrilgo</wf>
         <wf lemma="Gobernuko" pos="X">Gobernuko</wf>
         <instance id="d000.s559.t000" lemma="bozeramaile" pos="NOUN">bozeramaileak</instance>
         <wf lemma="ez" pos="X">ez</wf>
         <wf lemma="zion" pos="X">zion</wf>
         <wf lemma="garrantzirik" pos="X">garrantzirik</wf>
         <wf lemma="eman" pos="X">eman</wf>
         <wf lemma="bilera" pos="X">bilera</wf>
         <wf lemma="ez" pos="X">ez</wf>
         <wf lemma="gauzatzeari" pos="X">gauzatzeari</wf>
         <wf lemma="." pos="X">.</wf>
      </sentence>
      <sentence id="d000.s560" source="wordnet-basque">
         <wf lemma="hartu" pos="X">hartu</wf>
         <wf lemma="orratza" pos="X">orratza</wf>
         <wf lemma="eta" pos="X">eta</wf>
         <wf lemma="eman" pos="X">eman</wf>
         <instance id="d000.s560.t000" lemma="puntu" pos="NOUN">puntu</instance>
         <wf lemma="batzuk" pos="X">batzuk</wf>
         <wf lemma="barrenari" pos="X">barrenari</wf>
         <wf lemma="." pos="X">.</wf>
      </sentence>
      <sentence id="d000.s561" source="wordnet-basque">
         <wf lemma="gauerditik" pos="X">gauerditik</wf>
         <wf lemma="geldituta" pos="X">geldituta</wf>
         <wf lemma="zeuden" pos="X">zeuden</wf>
         <wf lemma="kamioiak" pos="X">kamioiak</wf>
         <wf lemma="," pos="X">,</wf>
         <instance id="d000.s561.t000" lemma="grebalari" pos="NOUN">grebalariek</instance>
         <wf lemma="bidea" pos="X">bidea</wf>
         <wf lemma="oztopatu" pos="X">oztopatu</wf>
         <wf lemma="zieten" pos="X">zieten</wf>
         <wf lemma="eta" pos="X">eta</wf>
         <wf lemma="." pos="X">.</wf>
      </sentence>
      <sentence id="d000.s562" source="wordnet-basque">
         <wf lemma="asko" pos="X">asko</wf>
         <wf lemma="hazi" pos="X">hazi</wf>
         <wf lemma="da" pos="X">da</wf>
         <wf lemma="elebidunen" pos="X">elebidunen</wf>
         <instance id="d000.s562.t000" lemma="portzentaje" pos="NOUN">portzentaia</instance>
         <wf lemma="Euskal" pos="X">Euskal</wf>
         <wf lemma="Autonomi" pos="X">Autonomi</wf>
         <wf lemma="Elkartean" pos="X">Elkartean</wf>
         <wf lemma="." pos="X">.</wf>
      </sentence>
      <sentence id="d000.s563" source="wordnet-basque">
         <wf lemma="gomaz" pos="X">gomaz</wf>
         <wf lemma="estalitako" pos="X">estalitako</wf>
         <wf lemma="altzairuzko" pos="X">altzairuzko</wf>
         <wf lemma="balak" pos="X">balak</wf>
         <wf lemma="ez" pos="X">ez</wf>
         <wf lemma="ezik" pos="X">ezik</wf>
         <wf lemma="," pos="X">,</wf>
         <instance id="d000.s563.t000" lemma="misil" pos="NOUN">misilak</instance>
         <wf lemma="ere" pos="X">ere</wf>
         <wf lemma="jaurti" pos="X">jaurti</wf>
         <wf lemma="zituzten" pos="X">zituzten</wf>
         <wf lemma="helikotpero" pos="X">helikotpero</wf>
         <wf lemma="israeldarrek" pos="X">israeldarrek</wf>
         <wf lemma="Netzarimgo" pos="X">Netzarimgo</wf>
         <wf lemma="bidegurutzeko" pos="X">bidegurutzeko</wf>
         <wf lemma="zibilen" pos="X">zibilen</wf>
         <wf lemma="etxe" pos="X">etxe</wf>
         <wf lemma="batzuen" pos="X">batzuen</wf>
         <wf lemma="aurka" pos="X">aurka</wf>
         <wf lemma="." pos="X">.</wf>
      </sentence>
      <sentence id="d000.s564" source="wordnet-basque">
         <wf lemma="Diezek" pos="X">Diezek</wf>
         <wf lemma="kritikatu" pos="X">kritikatu</wf>
         <wf lemma="egin" pos="X">egin</wf>
         <wf lemma="zuen" pos="X">zuen</wf>
         <wf lemma="EAJk" pos="X">EAJk</wf>
         <wf lemma="zenbait" pos="X">zenbait</wf>
         <instance id="d000.s564.t000" lemma="udal" pos="NOUN">udaletan</instance>
         <wf lemma="EH" pos="X">EH</wf>
         <wf lemma="gobernu" pos="X">gobernu</wf>
         <wf lemma="taldeetatik" pos="X">taldeetatik</wf>
         <wf lemma="at" pos="X">at</wf>
         <wf lemma="utzi" pos="X">utzi</wf>
         <wf lemma="izana" pos="X">izana</wf>
         <wf lemma="." pos="X">.</wf>
      </sentence>
      <sentence id="d000.s565" source="wordnet-basque">
         <wf lemma="mapa" pos="X">mapa</wf>
         <wf lemma="handi" pos="X">handi</wf>
         <wf lemma="bat" pos="X">bat</wf>
         <wf lemma="zeukan" pos="X">zeukan</wf>
         <wf lemma="bere" pos="X">bere</wf>
         <wf lemma="aurreko" pos="X">aurreko</wf>
         <instance id="d000.s565.t000" lemma="mahai" pos="NOUN">mahaian</instance>
         <wf lemma="." pos="X">.</wf>
      </sentence>
      <sentence id="d000.s566" source="wordnet-basque">
         <wf lemma="beherantz" pos="X">beherantz</wf>
         <wf lemma="sakatu" pos="X">sakatu</wf>
         <wf lemma="behar" pos="X">behar</wf>
         <wf lemma="da" pos="X">da</wf>
         <wf lemma="kafearen" pos="X">kafearen</wf>
         <instance id="d000.s566.t000" lemma="liga" pos="NOUN">liga</instance>
         <wf lemma="hondoan" pos="X">hondoan</wf>
         <wf lemma="gera" pos="X">gera</wf>
         <wf lemma="dadin" pos="X">dadin</wf>
         <wf lemma="." pos="X">.</wf>
      </sentence>
      <sentence id="d000.s567" source="wordnet-basque">
         <wf lemma="ez" pos="X">ez</wf>
         <wf lemma="didate" pos="X">didate</wf>
         <wf lemma="5.000" pos="X">5.000</wf>
         <wf lemma="kilometroko" pos="X">kilometroko</wf>
         <instance id="d000.s567.t000" lemma="bidaia" pos="NOUN">bidaia</instance>
         <wf lemma="ordaindu" pos="X">ordaindu</wf>
         <wf lemma="karrera" pos="X">karrera</wf>
         <wf lemma="hasteko" pos="X">hasteko</wf>
         <wf lemma="," pos="X">,</wf>
         <wf lemma="amaitzeko" pos="X">amaitzeko</wf>
         <wf lemma="baizik" pos="X">baizik</wf>
         <wf lemma="." pos="X">.</wf>
      </sentence>
      <sentence id="d000.s568" source="wordnet-basque">
         <wf lemma="laborategiak" pos="X">laborategiak</wf>
         <wf lemma="aurten" pos="X">aurten</wf>
         <wf lemma="," pos="X">,</wf>
         <wf lemma="milioi" pos="X">milioi</wf>
         <wf lemma="bateko" pos="X">bateko</wf>
         <instance id="d000.s568.t000" lemma="aurrekontu" pos="NOUN">aurrekontua</instance>
         <wf lemma="du" pos="X">du</wf>
         <wf lemma="." pos="X">.</wf>
      </sentence>
      <sentence id="d000.s569" source="wordnet-basque">
         <wf lemma="Euskal" pos="X">Euskal</wf>
         <wf lemma="Herriko" pos="X">Herriko</wf>
         <wf lemma="hegoalde" pos="X">hegoalde</wf>
         <wf lemma="eta" pos="X">eta</wf>
         <wf lemma="ekialdetik" pos="X">ekialdetik</wf>
         <wf lemma="etorritako" pos="X">etorritako</wf>
         <wf lemma="oreinen" pos="X">oreinen</wf>
         <wf lemma="ustegabeko" pos="X">ustegabeko</wf>
         <instance id="d000.s569.t000" lemma="sarrera" pos="NOUN">sarrera</instance>
         <wf lemma="somatu" pos="X">somatu</wf>
         <wf lemma="da" pos="X">da</wf>
         <wf lemma="euren" pos="X">euren</wf>
         <wf lemma="marrua" pos="X">marrua</wf>
         <wf lemma="entzundakoan" pos="X">entzundakoan</wf>
         <wf lemma="." pos="X">.</wf>
      </sentence>
      <sentence id="d000.s570" source="wordnet-basque">
         <wf lemma="txerri" pos="X">txerri</wf>
         <wf lemma="iberiarraren" pos="X">iberiarraren</wf>
         <instance id="d000.s570.t000" lemma="beso" pos="NOUN">besoa</instance>
         <wf lemma="." pos="X">.</wf>
      </sentence>
      <sentence id="d000.s571" source="wordnet-basque">
         <wf lemma="AI" pos="X">AI</wf>
         <wf lemma=":" pos="X">:</wf>
         <wf lemma="'" pos="X">'</wf>
         <wf lemma="gerra" pos="X">gerra</wf>
         <wf lemma="krimena" pos="X">krimena</wf>
         <wf lemma="dira" pos="X">dira</wf>
         <wf lemma="Israelen" pos="X">Israelen</wf>
         <instance id="d000.s571.t000" lemma="ekintza" pos="NOUN">ekintzak</instance>
         <wf lemma="'" pos="X">'</wf>
         <wf lemma="." pos="X">.</wf>
      </sentence>
      <sentence id="d000.s572" source="wordnet-basque">
         <wf lemma="debekaturik" pos="X">debekaturik</wf>
         <wf lemma="egotearekin" pos="X">egotearekin</wf>
         <wf lemma="bera" pos="X">bera</wf>
         <wf lemma="konforme" pos="X">konforme</wf>
         <wf lemma="zegoen" pos="X">zegoen</wf>
         <wf lemma="," pos="X">,</wf>
         <wf lemma="jendeak" pos="X">jendeak</wf>
         <wf lemma="osasuna" pos="X">osasuna</wf>
         <wf lemma="galtzeko" pos="X">galtzeko</wf>
         <wf lemma="moduko" pos="X">moduko</wf>
         <instance id="d000.s572.t000" lemma="susto" pos="NOUN">sustoak</instance>
         <wf lemma="hartzen" pos="X">hartzen</wf>
         <wf lemma="baitzituen" pos="X">baitzituen</wf>
         <wf lemma="." pos="X">.</wf>
      </sentence>
      <sentence id="d000.s573" source="wordnet-basque">
         <wf lemma="presbiteriar" pos="X">presbiteriar</wf>
         <instance id="d000.s573.t000" lemma="ministerio" pos="NOUN">ministerioan</instance>
         <wf lemma="aritu" pos="X">aritu</wf>
         <wf lemma="zen" pos="X">zen</wf>
         <wf lemma="." pos="X">.</wf>
      </sentence>
      <sentence id="d000.s574" source="wordnet-basque">
         <wf lemma="abokatu" pos="X">abokatu</wf>
         <wf lemma="horrek" pos="X">horrek</wf>
         <instance id="d000.s574.t000" lemma="marka" pos="NOUN">marka</instance>
         <wf lemma="ona" pos="X">ona</wf>
         <wf lemma="du" pos="X">du</wf>
         <wf lemma="." pos="X">.</wf>
      </sentence>
      <sentence id="d000.s575" source="wordnet-basque">
         <instance id="d000.s575.t000" lemma="antropologia" pos="NOUN">antropologia</instance>
         <wf lemma="," pos="X">,</wf>
         <wf lemma="gizona" pos="X">gizona</wf>
         <wf lemma="estudiatzeko" pos="X">estudiatzeko</wf>
         <wf lemma="zientzia" pos="X">zientzia</wf>
         <wf lemma="denez" pos="X">denez</wf>
         <wf lemma="," pos="X">,</wf>
         <wf lemma="lotsagarria" pos="X">lotsagarria</wf>
         <wf lemma="izan" pos="X">izan</wf>
         <wf lemma="da" pos="X">da</wf>
         <wf lemma="politikaz" pos="X">politikaz</wf>
         <wf lemma="nahasturik" pos="X">nahasturik</wf>
         <wf lemma="eman" pos="X">eman</wf>
         <wf lemma="zaion" pos="X">zaion</wf>
         <wf lemma="tratamentua" pos="X">tratamentua</wf>
         <wf lemma="." pos="X">.</wf>
      </sentence>
      <sentence id="d000.s576" source="wordnet-basque">
         <wf lemma="memoriako" pos="X">memoriako</wf>
         <wf lemma="irizpide" pos="X">irizpide</wf>
         <wf lemma="eta" pos="X">eta</wf>
         <wf lemma="helburuetako" pos="X">helburuetako</wf>
         <wf lemma="lau" pos="X">lau</wf>
         <instance id="d000.s576.t000" lemma="puntu" pos="NOUN">puntuak</instance>
         <wf lemma="behar" pos="X">behar</wf>
         <wf lemma="bezala" pos="X">bezala</wf>
         <wf lemma="betetzen" pos="X">betetzen</wf>
         <wf lemma="direla" pos="X">direla</wf>
         <wf lemma="ziurtatuko" pos="X">ziurtatuko</wf>
         <wf lemma="da" pos="X">da</wf>
         <wf lemma="." pos="X">.</wf>
      </sentence>
      <sentence id="d000.s577" source="wordnet-basque">
         <wf lemma="zein" pos="X">zein</wf>
         <instance id="d000.s577.t000" lemma="gai" pos="NOUN">gairen</instance>
         <wf lemma="ingurukoa" pos="X">ingurukoa</wf>
         <wf lemma="da" pos="X">da</wf>
         <wf lemma="haren" pos="X">haren</wf>
         <wf lemma="doktoregotza" pos="X">doktoregotza</wf>
         <wf lemma="?" pos="X">?</wf>
      </sentence>
      <sentence id="d000.s578" source="wordnet-basque">
         <wf lemma="Guatemalako" pos="X">Guatemalako</wf>
         <wf lemma="bideo" pos="X">bideo</wf>
         <wf lemma="pare" pos="X">pare</wf>
         <wf lemma="bat" pos="X">bat</wf>
         <wf lemma="eta" pos="X">eta</wf>
         <wf lemma="Gernika" pos="X">Gernika</wf>
         <wf lemma="Gogoratuz-en" pos="X">Gogoratuz-en</wf>
         <instance id="d000.s578.t000" lemma="txosten" pos="NOUN">txosten</instance>
         <wf lemma="bat" pos="X">bat</wf>
         <wf lemma="eraman" pos="X">eraman</wf>
         <wf lemma="zituzten" pos="X">zituzten</wf>
         <wf lemma="." pos="X">.</wf>
      </sentence>
      <sentence id="d000.s579" source="wordnet-basque">
         <instance id="d000.s579.t000" lemma="finantza" pos="NOUN">finantza</instance>
         <wf lemma="eta" pos="X">eta</wf>
         <wf lemma="ekonomia" pos="X">ekonomia</wf>
         <wf lemma="guneak" pos="X">guneak</wf>
         <wf lemma="botere" pos="X">botere</wf>
         <wf lemma="politikoen" pos="X">politikoen</wf>
         <wf lemma="gainetik" pos="X">gainetik</wf>
         <wf lemma="daude" pos="X">daude</wf>
         <wf lemma="." pos="X">.</wf>
      </sentence>
      <sentence id="d000.s580" source="wordnet-basque">
         <wf lemma="Herriaren" pos="X">Herriaren</wf>
         <wf lemma="Armada" pos="X">Armada</wf>
         <wf lemma="Berria" pos="X">Berria</wf>
         <wf lemma="izeneko" pos="X">izeneko</wf>
         <wf lemma="talde" pos="X">talde</wf>
         <wf lemma="komunista" pos="X">komunista</wf>
         <wf lemma="izan" pos="X">izan</wf>
         <wf lemma="liteke" pos="X">liteke</wf>
         <wf lemma="atentatuaren" pos="X">atentatuaren</wf>
         <instance id="d000.s580.t000" lemma="egile" pos="NOUN">egilea</instance>
         <wf lemma="," pos="X">,</wf>
         <wf lemma="Poliziaren" pos="X">Poliziaren</wf>
         <wf lemma="arabera" pos="X">arabera</wf>
         <wf lemma="." pos="X">.</wf>
      </sentence>
      <sentence id="d000.s581" source="wordnet-basque">
         <wf lemma="mundu" pos="X">mundu</wf>
         <wf lemma="osoan" pos="X">osoan</wf>
         <wf lemma="zehar" pos="X">zehar</wf>
         <wf lemma="2" pos="X">2</wf>
         <wf lemma="milioi" pos="X">milioi</wf>
         <wf lemma="emakumeri" pos="X">emakumeri</wf>
         <wf lemma="genitalak" pos="X">genitalak</wf>
         <wf lemma="mozten" pos="X">mozten</wf>
         <wf lemma="dizkiotela" pos="X">dizkiotela</wf>
         <wf lemma="dio" pos="X">dio</wf>
         <wf lemma="Unicefek" pos="X">Unicefek</wf>
         <wf lemma="eginiko" pos="X">eginiko</wf>
         <instance id="d000.s581.t000" lemma="azterketa" pos="NOUN">azterketak</instance>
         <wf lemma="." pos="X">.</wf>
      </sentence>
      <sentence id="d000.s582" source="wordnet-basque">
         <wf lemma="itsasontzia" pos="X">itsasontzia</wf>
         <wf lemma="topatu" pos="X">topatu</wf>
         <wf lemma="zutela" pos="X">zutela</wf>
         <wf lemma="eta" pos="X">eta</wf>
         <wf lemma="500" pos="X">500</wf>
         <wf lemma="bidaiariak" pos="X">bidaiariak</wf>
         <wf lemma="ongi" pos="X">ongi</wf>
         <wf lemma="zeudela" pos="X">zeudela</wf>
         <wf lemma="zabaldu" pos="X">zabaldu</wf>
         <wf lemma="zuen" pos="X">zuen</wf>
         <wf lemma="Indonesiako" pos="X">Indonesiako</wf>
         <wf lemma="Itsas" pos="X">Itsas</wf>
         <instance id="d000.s582.t000" lemma="armada" pos="NOUN">Armadak</instance>
         <wf lemma="." pos="X">.</wf>
      </sentence>
      <sentence id="d000.s583" source="wordnet-basque">
         <wf lemma="errekurtsoa" pos="X">errekurtsoa</wf>
         <wf lemma="arau" pos="X">arau</wf>
         <wf lemma="arrunten" pos="X">arrunten</wf>
         <wf lemma="arabera" pos="X">arabera</wf>
         <wf lemma="bidera" pos="X">bidera</wf>
         <wf lemma="daiteke" pos="X">daiteke</wf>
         <wf lemma="edo" pos="X">edo</wf>
         <wf lemma="dagokion" pos="X">dagokion</wf>
         <wf lemma="ordezkaritza" pos="X">ordezkaritza</wf>
         <wf lemma="diplomatiko" pos="X">diplomatiko</wf>
         <wf lemma="edo" pos="X">edo</wf>
         <wf lemma="kontsularra" pos="X">kontsularra</wf>
         <wf lemma="erabiliz" pos="X">erabiliz</wf>
         <wf lemma=";" pos="X">;</wf>
         <wf lemma="azken" pos="X">azken</wf>
         <wf lemma="horiek" pos="X">horiek</wf>
         <wf lemma="eskudun" pos="X">eskudun</wf>
         <instance id="d000.s583.t000" lemma="erakunde" pos="NOUN">erakundera</instance>
         <wf lemma="bidaliko" pos="X">bidaliko</wf>
         <wf lemma="dute" pos="X">dute</wf>
         <wf lemma="." pos="X">.</wf>
      </sentence>
      <sentence id="d000.s584" source="wordnet-basque">
         <wf lemma="alderdi" pos="X">alderdi</wf>
         <wf lemma="nazionalistek" pos="X">nazionalistek</wf>
         <wf lemma="ohartarazi" pos="X">ohartarazi</wf>
         <wf lemma="dute" pos="X">dute</wf>
         <wf lemma="ez" pos="X">ez</wf>
         <wf lemma="dutela" pos="X">dutela</wf>
         <wf lemma="aldaketarik" pos="X">aldaketarik</wf>
         <wf lemma="onartuko" pos="X">onartuko</wf>
         <wf lemma="RUC" pos="X">RUC</wf>
         <wf lemma="Poliziaren" pos="X">Poliziaren</wf>
         <instance id="d000.s584.t000" lemma="erreforma" pos="NOUN">erreforman</instance>
         <wf lemma="." pos="X">.</wf>
      </sentence>
      <sentence id="d000.s585" source="wordnet-basque">
         <wf lemma="5/8" pos="X">5/8</wf>
         <wf lemma="edo" pos="X">edo</wf>
         <wf lemma="zortziko" pos="X">zortziko</wf>
         <instance id="d000.s585.t000" lemma="neurri" pos="NOUN">neurria</instance>
         <wf lemma="euskal" pos="X">euskal</wf>
         <wf lemma="herri-musikaren" pos="X">herri-musikaren</wf>
         <wf lemma="adierazgarri" pos="X">adierazgarri</wf>
         <wf lemma="nagusia" pos="X">nagusia</wf>
         <wf lemma="da" pos="X">da</wf>
         <wf lemma="." pos="X">.</wf>
      </sentence>
      <sentence id="d000.s586" source="wordnet-basque">
         <wf lemma="Lekeitioko" pos="X">Lekeitioko</wf>
         <wf lemma="udalak" pos="X">udalak</wf>
         <wf lemma="," pos="X">,</wf>
         <wf lemma="agiria" pos="X">agiria</wf>
         <wf lemma="hilabeteko" pos="X">hilabeteko</wf>
         <instance id="d000.s586.t000" lemma="epe" pos="NOUN">epearen</instance>
         <wf lemma="barruan" pos="X">barruan</wf>
         <wf lemma="zuzendu" pos="X">zuzendu</wf>
         <wf lemma="ondoren" pos="X">ondoren</wf>
         <wf lemma="," pos="X">,</wf>
         <wf lemma="Plan" pos="X">Plan</wf>
         <wf lemma="Bereziaren" pos="X">Bereziaren</wf>
         <wf lemma="hiru" pos="X">hiru</wf>
         <wf lemma="ale" pos="X">ale</wf>
         <wf lemma="bidaliko" pos="X">bidaliko</wf>
         <wf lemma="dizkio" pos="X">dizkio</wf>
         <wf lemma="Foru" pos="X">Foru</wf>
         <wf lemma="Sail" pos="X">Sail</wf>
         <wf lemma="honi" pos="X">honi</wf>
         <wf lemma="." pos="X">.</wf>
      </sentence>
      <sentence id="d000.s587" source="wordnet-basque">
         <wf lemma="Buenos" pos="X">Buenos</wf>
         <wf lemma="Aires" pos="X">Aires</wf>
         <wf lemma="utzi" pos="X">utzi</wf>
         <wf lemma="eta" pos="X">eta</wf>
         <wf lemma="," pos="X">,</wf>
         <wf lemma="gutxienez" pos="X">gutxienez</wf>
         <wf lemma="," pos="X">,</wf>
         <instance id="d000.s587.t000" lemma="martxo" pos="NOUN">martxoa</instance>
         <wf lemma="arte" pos="X">arte</wf>
         <wf lemma="jardungo" pos="X">jardungo</wf>
         <wf lemma="du" pos="X">du</wf>
         <wf lemma="." pos="X">.</wf>
      </sentence>
      <sentence id="d000.s588" source="wordnet-basque">
         <wf lemma="gerraren" pos="X">gerraren</wf>
         <wf lemma="kontrako" pos="X">kontrako</wf>
         <instance id="d000.s588.t000" lemma="manifestazio" pos="NOUN">manifestazioak</instance>
         <wf lemma="bortitzak" pos="X">bortitzak</wf>
         <wf lemma="izan" pos="X">izan</wf>
         <wf lemma="ziren" pos="X">ziren</wf>
         <wf lemma="." pos="X">.</wf>
      </sentence>
      <sentence id="d000.s589" source="wordnet-basque">
         <wf lemma="Nortasun" pos="X">Nortasun</wf>
         <wf lemma="Agiri" pos="X">Agiri</wf>
         <wf lemma="Nazionalaren" pos="X">Nazionalaren</wf>
         <wf lemma="eta" pos="X">eta</wf>
         <wf lemma="euskal" pos="X">euskal</wf>
         <wf lemma="herritarren" pos="X">herritarren</wf>
         <instance id="d000.s589.t000" lemma="errolda" pos="NOUN">errolda</instance>
         <wf lemma="bat" pos="X">bat</wf>
         <wf lemma="egiteko" pos="X">egiteko</wf>
         <wf lemma="sinadurak" pos="X">sinadurak</wf>
         <wf lemma="biltzeko" pos="X">biltzeko</wf>
         <wf lemma="ekitaldia" pos="X">ekitaldia</wf>
         <wf lemma="prestatu" pos="X">prestatu</wf>
         <wf lemma="dute" pos="X">dute</wf>
         <wf lemma="." pos="X">.</wf>
      </sentence>
      <sentence id="d000.s590" source="wordnet-basque">
         <wf lemma="BBVAren" pos="X">BBVAren</wf>
         <wf lemma="bi" pos="X">bi</wf>
         <wf lemma="presidenteen" pos="X">presidenteen</wf>
         <wf lemma="aburuz" pos="X">aburuz</wf>
         <wf lemma="," pos="X">,</wf>
         <wf lemma="bategitea" pos="X">bategitea</wf>
         <wf lemma="eraginkortasunez" pos="X">eraginkortasunez</wf>
         <wf lemma="ari" pos="X">ari</wf>
         <wf lemma="da" pos="X">da</wf>
         <wf lemma="gauzatzen" pos="X">gauzatzen</wf>
         <wf lemma="," pos="X">,</wf>
         <instance id="d000.s590.t000" lemma="gatazka" pos="NOUN">gatazkarik</instance>
         <wf lemma="gabe" pos="X">gabe</wf>
         <wf lemma="," pos="X">,</wf>
         <wf lemma="eta" pos="X">eta</wf>
         <wf lemma="fusioaren" pos="X">fusioaren</wf>
         <wf lemma="akordioan" pos="X">akordioan</wf>
         <wf lemma="ezarri" pos="X">ezarri</wf>
         <wf lemma="zen" pos="X">zen</wf>
         <wf lemma="erritmo" pos="X">erritmo</wf>
         <wf lemma="jada" pos="X">jada</wf>
         <wf lemma="zorrotza" pos="X">zorrotza</wf>
         <wf lemma="baino" pos="X">baino</wf>
         <wf lemma="arinago" pos="X">arinago</wf>
         <wf lemma="." pos="X">.</wf>
      </sentence>
      <sentence id="d000.s591" source="wordnet-basque">
         <wf lemma="Osasun-sailburu" pos="X">Osasun-sailburu</wf>
         <wf lemma="jaun" pos="X">jaun</wf>
         <wf lemma="txit" pos="X">txit</wf>
         <wf lemma="gorenari" pos="X">gorenari</wf>
         <wf lemma="egindako" pos="X">egindako</wf>
         <wf lemma="galdera" pos="X">galdera</wf>
         <wf lemma="," pos="X">,</wf>
         <wf lemma="idatziz" pos="X">idatziz</wf>
         <instance id="d000.s591.t000" lemma="erantzun" pos="NOUN">erantzuna</instance>
         <wf lemma="izango" pos="X">izango</wf>
         <wf lemma="da" pos="X">da</wf>
         <wf lemma="." pos="X">.</wf>
      </sentence>
      <sentence id="d000.s592" source="wordnet-basque">
         <wf lemma="horri" pos="X">horri</wf>
         <wf lemma="gehitu" pos="X">gehitu</wf>
         <wf lemma="behar" pos="X">behar</wf>
         <wf lemma="zaizkio" pos="X">zaizkio</wf>
         <instance id="d000.s592.t000" lemma="arrantzale" pos="NOUN">arrantzaleen</instance>
         <wf lemma="bizitzak" pos="X">bizitzak</wf>
         <wf lemma="dituen" pos="X">dituen</wf>
         <wf lemma="zailtasunak" pos="X">zailtasunak</wf>
         <wf lemma="." pos="X">.</wf>
      </sentence>
      <sentence id="d000.s593" source="wordnet-basque">
         <wf lemma="taberna" pos="X">taberna</wf>
         <wf lemma="eta" pos="X">eta</wf>
         <wf lemma="jatetxeen" pos="X">jatetxeen</wf>
         <wf lemma="ordutegia" pos="X">ordutegia</wf>
         <wf lemma="murriztu" pos="X">murriztu</wf>
         <wf lemma="egiten" pos="X">egiten</wf>
         <wf lemma="da" pos="X">da</wf>
         <wf lemma="aipatutako" pos="X">aipatutako</wf>
         <wf lemma="araudian" pos="X">araudian</wf>
         <wf lemma="eta" pos="X">eta</wf>
         <wf lemma="horrek" pos="X">horrek</wf>
         <wf lemma="kezka" pos="X">kezka</wf>
         <wf lemma="piztu" pos="X">piztu</wf>
         <wf lemma="du" pos="X">du</wf>
         <instance id="d000.s593.t000" lemma="ostalaritza" pos="NOUN">ostalaritza</instance>
         <wf lemma="arloan" pos="X">arloan</wf>
         <wf lemma="lanean" pos="X">lanean</wf>
         <wf lemma="ari" pos="X">ari</wf>
         <wf lemma="direnen" pos="X">direnen</wf>
         <wf lemma="artean" pos="X">artean</wf>
         <wf lemma="." pos="X">.</wf>
      </sentence>
      <sentence id="d000.s594" source="wordnet-basque">
         <wf lemma="lapitz" pos="X">lapitz</wf>
         <wf lemma="berdea" pos="X">berdea</wf>
         <wf lemma="harturik" pos="X">harturik</wf>
         <wf lemma="," pos="X">,</wf>
         <instance id="d000.s594.t000" lemma="puntu" pos="NOUN">puntuak</instance>
         <wf lemma="egin" pos="X">egin</wf>
         <wf lemma="ditu" pos="X">ditu</wf>
         <wf lemma="han" pos="X">han</wf>
         <wf lemma="hemenka" pos="X">hemenka</wf>
         <wf lemma="." pos="X">.</wf>
      </sentence>
      <sentence id="d000.s595" source="wordnet-basque">
         <wf lemma="txirrindulariak" pos="X">txirrindulariak</wf>
         <wf lemma="beti" pos="X">beti</wf>
         <wf lemma="ahalegintzen" pos="X">ahalegintzen</wf>
         <wf lemma="dira" pos="X">dira</wf>
         <wf lemma="tropelari" pos="X">tropelari</wf>
         <wf lemma="ihes" pos="X">ihes</wf>
         <wf lemma="egiten" pos="X">egiten</wf>
         <wf lemma="," pos="X">,</wf>
         <wf lemma="baina" pos="X">baina</wf>
         <wf lemma="ezin" pos="X">ezin</wf>
         <wf lemma="dute" pos="X">dute</wf>
         <wf lemma="inoiz" pos="X">inoiz</wf>
         <wf lemma="giza" pos="X">giza</wf>
         <instance id="d000.s595.t000" lemma="lege" pos="NOUN">legea</instance>
         <wf lemma="atzean" pos="X">atzean</wf>
         <wf lemma="utzi" pos="X">utzi</wf>
         <wf lemma="." pos="X">.</wf>
      </sentence>
      <sentence id="d000.s596" source="wordnet-basque">
         <wf lemma="mitin" pos="X">mitin</wf>
         <wf lemma="politiko" pos="X">politiko</wf>
         <wf lemma="baten" pos="X">baten</wf>
         <wf lemma="irudi" pos="X">irudi</wf>
         <wf lemma="batean" pos="X">batean</wf>
         <wf lemma="jendeak" pos="X">jendeak</wf>
         <wf lemma="okupatutako" pos="X">okupatutako</wf>
         <wf lemma="maila" pos="X">maila</wf>
         <instance id="d000.s596.t000" lemma="hutsune" pos="NOUN">hutsune</instance>
         <wf lemma="handiekin" pos="X">handiekin</wf>
         <wf lemma="ikusten" pos="X">ikusten</wf>
         <wf lemma="da" pos="X">da</wf>
         <wf lemma="." pos="X">.</wf>
      </sentence>
      <sentence id="d000.s597" source="wordnet-basque">
         <wf lemma="Molotov" pos="X">Molotov</wf>
         <wf lemma="koktelez" pos="X">koktelez</wf>
         <wf lemma="egin" pos="X">egin</wf>
         <wf lemma="diote" pos="X">diote</wf>
         <instance id="d000.s597.t000" lemma="eraso" pos="NOUN">eraso</instance>
         <wf lemma="Oñatiko" pos="X">Oñatiko</wf>
         <wf lemma="Guardia" pos="X">Guardia</wf>
         <wf lemma="Zibilaren" pos="X">Zibilaren</wf>
         <wf lemma="kuartelari" pos="X">kuartelari</wf>
         <wf lemma="." pos="X">.</wf>
      </sentence>
      <sentence id="d000.s598" source="wordnet-basque">
         <wf lemma="aspaldian" pos="X">aspaldian</wf>
         <wf lemma="," pos="X">,</wf>
         <wf lemma="Donostia" pos="X">Donostia</wf>
         <wf lemma="aldean" pos="X">aldean</wf>
         <wf lemma="etxe" pos="X">etxe</wf>
         <wf lemma="askok" pos="X">askok</wf>
         <wf lemma="zuten" pos="X">zuten</wf>
         <instance id="d000.s598.t000" lemma="atezain" pos="NOUN">atezaina</instance>
         <wf lemma="." pos="X">.</wf>
      </sentence>
      <sentence id="d000.s599" source="wordnet-basque">
         <wf lemma="Moluketako" pos="X">Moluketako</wf>
         <wf lemma="kristauek" pos="X">kristauek</wf>
         <wf lemma="Indonesiako" pos="X">Indonesiako</wf>
         <wf lemma="Armadari" pos="X">Armadari</wf>
         <wf lemma="leporatu" pos="X">leporatu</wf>
         <wf lemma="diote" pos="X">diote</wf>
         <wf lemma="musulmanen" pos="X">musulmanen</wf>
         <wf lemma="alde" pos="X">alde</wf>
         <wf lemma="egitea" pos="X">egitea</wf>
         <wf lemma="bi" pos="X">bi</wf>
         <instance id="d000.s599.t000" lemma="komunitate" pos="NOUN">komunitateen</instance>
         <wf lemma="arteko" pos="X">arteko</wf>
         <wf lemma="liskarretan" pos="X">liskarretan</wf>
         <wf lemma="." pos="X">.</wf>
      </sentence>
      <sentence id="d000.s600" source="wordnet-basque">
         <instance id="d000.s600.t000" lemma="epai" pos="NOUN">epaiaren</instance>
         <wf lemma="ahozko" pos="X">ahozko</wf>
         <wf lemma="bista" pos="X">bista</wf>
         <wf lemma="gaur" pos="X">gaur</wf>
         <wf lemma="amaituko" pos="X">amaituko</wf>
         <wf lemma="da" pos="X">da</wf>
         <wf lemma="." pos="X">.</wf>
      </sentence>
      <sentence id="d000.s601" source="wordnet-basque">
         <wf lemma="tarifa" pos="X">tarifa</wf>
         <wf lemma="hau" pos="X">hau</wf>
         <wf lemma="ordaintzean" pos="X">ordaintzean</wf>
         <wf lemma="," pos="X">,</wf>
         <wf lemma="etxeko" pos="X">etxeko</wf>
         <instance id="d000.s601.t000" lemma="tresna" pos="NOUN">tresnek</instance>
         <wf lemma="gasa" pos="X">gasa</wf>
         <wf lemma="kontsumitu" pos="X">kontsumitu</wf>
         <wf lemma="ahal" pos="X">ahal</wf>
         <wf lemma="izateko" pos="X">izateko</wf>
         <wf lemma="moldatzea" pos="X">moldatzea</wf>
         <wf lemma="ere" pos="X">ere</wf>
         <wf lemma="ordaintzen" pos="X">ordaintzen</wf>
         <wf lemma="da" pos="X">da</wf>
         <wf lemma="." pos="X">.</wf>
      </sentence>
      <sentence id="d000.s602" source="wordnet-basque">
         <wf lemma="Idoia" pos="X">Idoia</wf>
         <wf lemma="Eskitxabelek" pos="X">Eskitxabelek</wf>
         <wf lemma="gizarteko" pos="X">gizarteko</wf>
         <wf lemma="hainbat" pos="X">hainbat</wf>
         <instance id="d000.s602.t000" lemma="sektore" pos="NOUN">sektore</instance>
         <wf lemma="presoak" pos="X">presoak</wf>
         <wf lemma="Euskal" pos="X">Euskal</wf>
         <wf lemma="Herriratzearen" pos="X">Herriratzearen</wf>
         <wf lemma="alde" pos="X">alde</wf>
         <wf lemma="agertzen" pos="X">agertzen</wf>
         <wf lemma="ari" pos="X">ari</wf>
         <wf lemma="diren" pos="X">diren</wf>
         <wf lemma="inplikazioa" pos="X">inplikazioa</wf>
         <wf lemma="nabarmendu" pos="X">nabarmendu</wf>
         <wf lemma="zuen" pos="X">zuen</wf>
         <wf lemma="." pos="X">.</wf>
      </sentence>
      <sentence id="d000.s603" source="wordnet-basque">
         <wf lemma="zibilizatua" pos="X">zibilizatua</wf>
         <wf lemma="da" pos="X">da</wf>
         <wf lemma="unibertsitateko" pos="X">unibertsitateko</wf>
         <instance id="d000.s603.t000" lemma="estatutu" pos="NOUN">estatutuen</instance>
         <wf lemma="aurkako" pos="X">aurkako</wf>
         <wf lemma="jokabideaz" pos="X">jokabideaz</wf>
         <wf lemma="guk" pos="X">guk</wf>
         <wf lemma="betetzen" pos="X">betetzen</wf>
         <wf lemma="ditugun" pos="X">ditugun</wf>
         <wf lemma="plazak" pos="X">plazak</wf>
         <wf lemma="konkurtso" pos="X">konkurtso</wf>
         <wf lemma="publikora" pos="X">publikora</wf>
         <wf lemma="ateratzea" pos="X">ateratzea</wf>
         <wf lemma="?" pos="X">?</wf>
      </sentence>
      <sentence id="d000.s604" source="wordnet-basque">
         <wf lemma="presaka-presaka" pos="X">presaka-presaka</wf>
         <instance id="d000.s604.t000" lemma="taxi" pos="NOUN">taxia</instance>
         <wf lemma="hartu" pos="X">hartu</wf>
         <wf lemma="zuen" pos="X">zuen</wf>
         <wf lemma="Britainiar" pos="X">Britainiar</wf>
         <wf lemma="Museora" pos="X">Museora</wf>
         <wf lemma="joateko" pos="X">joateko</wf>
         <wf lemma="." pos="X">.</wf>
      </sentence>
      <sentence id="d000.s605" source="wordnet-basque">
         <wf lemma="Larrun" pos="X">Larrun</wf>
         <instance id="d000.s605.t000" lemma="aldizkari" pos="NOUN">aldizkaria</instance>
         <wf lemma="," pos="X">,</wf>
         <wf lemma="Argia" pos="X">Argia</wf>
         <wf lemma="aldizkariaren" pos="X">aldizkariaren</wf>
         <wf lemma="barne-gehigarri" pos="X">barne-gehigarri</wf>
         <wf lemma="gisa" pos="X">gisa</wf>
         <wf lemma="," pos="X">,</wf>
         <wf lemma="hilabetean" pos="X">hilabetean</wf>
         <wf lemma="behin" pos="X">behin</wf>
         <wf lemma="argitaratzen" pos="X">argitaratzen</wf>
         <wf lemma="da" pos="X">da</wf>
         <wf lemma="." pos="X">.</wf>
      </sentence>
      <sentence id="d000.s606" source="wordnet-basque">
         <wf lemma="zigortuetako" pos="X">zigortuetako</wf>
         <wf lemma="batzuek" pos="X">batzuek</wf>
         <wf lemma="egiten" pos="X">egiten</wf>
         <wf lemma="zituzten" pos="X">zituzten</wf>
         <wf lemma="bilera" pos="X">bilera</wf>
         <wf lemma="erlijiosoetan" pos="X">erlijiosoetan</wf>
         <wf lemma="ere" pos="X">ere</wf>
         <wf lemma="ez" pos="X">ez</wf>
         <wf lemma="zutela" pos="X">zutela</wf>
         <wf lemma="parte" pos="X">parte</wf>
         <wf lemma="hartzen" pos="X">hartzen</wf>
         <wf lemma="," pos="X">,</wf>
         <wf lemma="azaldu" pos="X">azaldu</wf>
         <wf lemma="zien" pos="X">zien</wf>
         <wf lemma="Shirazek" pos="X">Shirazek</wf>
         <instance id="d000.s606.t000" lemma="epaitegi" pos="NOUN">epaitegiko</instance>
         <wf lemma="atarian" pos="X">atarian</wf>
         <wf lemma="bildutako" pos="X">bildutako</wf>
         <wf lemma="kazetariei" pos="X">kazetariei</wf>
         <wf lemma="." pos="X">.</wf>
      </sentence>
      <sentence id="d000.s607" source="wordnet-basque">
         <wf lemma="1849an" pos="X">1849an</wf>
         <wf lemma="aurkitu" pos="X">aurkitu</wf>
         <wf lemma="zen" pos="X">zen</wf>
         <instance id="d000.s607.t000" lemma="urre" pos="NOUN">urrea</instance>
         <wf lemma="Kalifornian" pos="X">Kalifornian</wf>
         <wf lemma="eta" pos="X">eta</wf>
         <wf lemma="bertara" pos="X">bertara</wf>
         <wf lemma="ziren" pos="X">ziren</wf>
         <wf lemma="askoren" pos="X">askoren</wf>
         <wf lemma="artean" pos="X">artean</wf>
         <wf lemma="ditugu" pos="X">ditugu</wf>
         <wf lemma="euskaldunak" pos="X">euskaldunak</wf>
         <wf lemma="." pos="X">.</wf>
      </sentence>
      <sentence id="d000.s608" source="wordnet-basque">
         <wf lemma="errefuxiatuen" pos="X">errefuxiatuen</wf>
         <wf lemma="estatutua" pos="X">estatutua</wf>
         <wf lemma="gaurko" pos="X">gaurko</wf>
         <wf lemma="nazioarteko" pos="X">nazioarteko</wf>
         <instance id="d000.s608.t000" lemma="zuzenbide" pos="NOUN">zuzenbidean</instance>
         <wf lemma="izeneko" pos="X">izeneko</wf>
         <wf lemma="hitzaldia" pos="X">hitzaldia</wf>
         <wf lemma="eman" pos="X">eman</wf>
         <wf lemma="zuen" pos="X">zuen</wf>
         <wf lemma="fakultateko" pos="X">fakultateko</wf>
         <wf lemma="ikasleen" pos="X">ikasleen</wf>
         <wf lemma="aurrean" pos="X">aurrean</wf>
         <wf lemma="." pos="X">.</wf>
      </sentence>
      <sentence id="d000.s609" source="wordnet-basque">
         <wf lemma="errezetak" pos="X">errezetak</wf>
         <wf lemma="ematea" pos="X">ematea</wf>
         <wf lemma="ez" pos="X">ez</wf>
         <wf lemma="da" pos="X">da</wf>
         <instance id="d000.s609.t000" lemma="artikulu" pos="NOUN">artikulu</instance>
         <wf lemma="honen" pos="X">honen</wf>
         <wf lemma="helburua" pos="X">helburua</wf>
         <wf lemma="," pos="X">,</wf>
         <wf lemma="aldiz" pos="X">aldiz</wf>
         <wf lemma="," pos="X">,</wf>
         <wf lemma="informatikak" pos="X">informatikak</wf>
         <wf lemma="hizkuntzen" pos="X">hizkuntzen</wf>
         <wf lemma="ikaskuntza" pos="X">ikaskuntza</wf>
         <wf lemma="arloari" pos="X">arloari</wf>
         <wf lemma="eskaintzen" pos="X">eskaintzen</wf>
         <wf lemma="dizkion" pos="X">dizkion</wf>
         <wf lemma="posibilitateen" pos="X">posibilitateen</wf>
         <wf lemma="ikuspegi" pos="X">ikuspegi</wf>
         <wf lemma="orokorra" pos="X">orokorra</wf>
         <wf lemma="izatea" pos="X">izatea</wf>
         <wf lemma="da" pos="X">da</wf>
         <wf lemma="." pos="X">.</wf>
      </sentence>
      <sentence id="d000.s610" source="wordnet-basque">
         <wf lemma="medikuak" pos="X">medikuak</wf>
         <wf lemma="kontsultako" pos="X">kontsultako</wf>
         <instance id="d000.s610.t000" lemma="txartel" pos="NOUN">txartela</instance>
         <wf lemma="jarri" pos="X">jarri</wf>
         <wf lemma="zion" pos="X">zion</wf>
         <wf lemma="eskuetan" pos="X">eskuetan</wf>
         <wf lemma="." pos="X">.</wf>
      </sentence>
      <sentence id="d000.s611" source="wordnet-basque">
         <wf lemma="Jon" pos="X">Jon</wf>
         <instance id="d000.s611.t000" lemma="eragin" pos="NOUN">eragin</instance>
         <wf lemma="txarra" pos="X">txarra</wf>
         <wf lemma="da" pos="X">da</wf>
         <wf lemma="gure" pos="X">gure</wf>
         <wf lemma="neba-arrebentzat" pos="X">neba-arrebentzat</wf>
         <wf lemma="." pos="X">.</wf>
      </sentence>
      <sentence id="d000.s612" source="wordnet-basque">
         <wf lemma="gure" pos="X">gure</wf>
         <instance id="d000.s612.t000" lemma="helburu" pos="NOUN">helburua</instance>
         <wf lemma="haurrek" pos="X">haurrek</wf>
         <wf lemma="sortzeko" pos="X">sortzeko</wf>
         <wf lemma="duten" pos="X">duten</wf>
         <wf lemma="ahalmena" pos="X">ahalmena</wf>
         <wf lemma="deskribatzea" pos="X">deskribatzea</wf>
         <wf lemma="eta" pos="X">eta</wf>
         <wf lemma="ikertzea" pos="X">ikertzea</wf>
         <wf lemma="da" pos="X">da</wf>
         <wf lemma="." pos="X">.</wf>
      </sentence>
      <sentence id="d000.s613" source="wordnet-basque">
         <wf lemma="antzezleak" pos="X">antzezleak</wf>
         <wf lemma="antzerkia" pos="X">antzerkia</wf>
         <wf lemma="hasteko" pos="X">hasteko</wf>
         <instance id="d000.s613.t000" lemma="jarrera" pos="NOUN">jarrera</instance>
         <wf lemma="egokia" pos="X">egokia</wf>
         <wf lemma="hartu" pos="X">hartu</wf>
         <wf lemma="zuen" pos="X">zuen</wf>
         <wf lemma="." pos="X">.</wf>
      </sentence>
      <sentence id="d000.s614" source="wordnet-basque">
         <wf lemma="jantzi" pos="X">jantzi</wf>
         <wf lemma="arruntak" pos="X">arruntak</wf>
         <wf lemma="zituzten" pos="X">zituzten</wf>
         <wf lemma="," pos="X">,</wf>
         <wf lemma="praka" pos="X">praka</wf>
         <wf lemma="eta" pos="X">eta</wf>
         <instance id="d000.s614.t000" lemma="alkandora" pos="NOUN">alkondara</instance>
         <wf lemma="urdin" pos="X">urdin</wf>
         <wf lemma="ilunak" pos="X">ilunak</wf>
         <wf lemma="zeramatzaten" pos="X">zeramatzaten</wf>
         <wf lemma="." pos="X">.</wf>
      </sentence>
      <sentence id="d000.s615" source="wordnet-basque">
         <wf lemma="orduan" pos="X">orduan</wf>
         <wf lemma="trumilka" pos="X">trumilka</wf>
         <wf lemma="etorri" pos="X">etorri</wf>
         <wf lemma="zitzaizkion" pos="X">zitzaizkion</wf>
         <wf lemma="gogora" pos="X">gogora</wf>
         <wf lemma="auziaren" pos="X">auziaren</wf>
         <instance id="d000.s615.t000" lemma="irudi" pos="NOUN">irudiak</instance>
         <wf lemma="." pos="X">.</wf>
      </sentence>
      <sentence id="d000.s616" source="wordnet-basque">
         <wf lemma="lazoak" pos="X">lazoak</wf>
         <wf lemma="diruditen" pos="X">diruditen</wf>
         <instance id="d000.s616.t000" lemma="irudi" pos="NOUN">irudiz</instance>
         <wf lemma="egindako" pos="X">egindako</wf>
         <wf lemma="dekorazio" pos="X">dekorazio</wf>
         <wf lemma="fin" pos="X">fin</wf>
         <wf lemma="hau" pos="X">hau</wf>
         <wf lemma="," pos="X">,</wf>
         <wf lemma="oso" pos="X">oso</wf>
         <wf lemma="tipikoa" pos="X">tipikoa</wf>
         <wf lemma="da" pos="X">da</wf>
         <wf lemma="arabiar" pos="X">arabiar</wf>
         <wf lemma="arkitekturan" pos="X">arkitekturan</wf>
         <wf lemma="." pos="X">.</wf>
      </sentence>
      <sentence id="d000.s617" source="wordnet-basque">
         <wf lemma="Sydneyra" pos="X">Sydneyra</wf>
         <wf lemma="iritsi" pos="X">iritsi</wf>
         <wf lemma="zenean" pos="X">zenean</wf>
         <wf lemma="ez" pos="X">ez</wf>
         <wf lemma="zuen" pos="X">zuen</wf>
         <instance id="d000.s617.t000" lemma="konfiantza" pos="NOUN">konfiantza</instance>
         <wf lemma="askorik" pos="X">askorik</wf>
         <wf lemma="bere" pos="X">bere</wf>
         <wf lemma="indarretan" pos="X">indarretan</wf>
         <wf lemma="Joane" pos="X">Joane</wf>
         <wf lemma="Somarribak" pos="X">Somarribak</wf>
         <wf lemma="." pos="X">.</wf>
      </sentence>
      <sentence id="d000.s618" source="wordnet-basque">
         <wf lemma="manifestaldi" pos="X">manifestaldi</wf>
         <wf lemma="bat" pos="X">bat</wf>
         <wf lemma="burutu" pos="X">burutu</wf>
         <wf lemma="zuten" pos="X">zuten</wf>
         <wf lemma="500" pos="X">500</wf>
         <wf lemma="nekazariek" pos="X">nekazariek</wf>
         <wf lemma="iragan" pos="X">iragan</wf>
         <instance id="d000.s618.t000" lemma="astelehen" pos="NOUN">astelehenean</instance>
         <wf lemma="." pos="X">.</wf>
      </sentence>
      <sentence id="d000.s619" source="wordnet-basque">
         <instance id="d000.s619.t000" lemma="puntu" pos="NOUN">puntu</instance>
         <wf lemma="eta" pos="X">eta</wf>
         <wf lemma="bereiz" pos="X">bereiz</wf>
         <wf lemma="idatziko" pos="X">idatziko</wf>
         <wf lemma="nuke" pos="X">nuke</wf>
         <wf lemma="lerro" pos="X">lerro</wf>
         <wf lemma="honen" pos="X">honen</wf>
         <wf lemma="amaieran" pos="X">amaieran</wf>
         <wf lemma="." pos="X">.</wf>
      </sentence>
      <sentence id="d000.s620" source="wordnet-basque">
         <wf lemma="jendaurreko" pos="X">jendaurreko</wf>
         <wf lemma="erakusketa" pos="X">erakusketa</wf>
         <wf lemma="amaitu" pos="X">amaitu</wf>
         <wf lemma="eta" pos="X">eta</wf>
         <wf lemma="gero" pos="X">gero</wf>
         <wf lemma="," pos="X">,</wf>
         <wf lemma="udal" pos="X">udal</wf>
         <wf lemma="aholkulariak" pos="X">aholkulariak</wf>
         <instance id="d000.s620.t000" lemma="irizpen" pos="NOUN">irizpen</instance>
         <wf lemma="juridikoa" pos="X">juridikoa</wf>
         <wf lemma="eman" pos="X">eman</wf>
         <wf lemma="zuen" pos="X">zuen</wf>
         <wf lemma="." pos="X">.</wf>
      </sentence>
      <sentence id="d000.s621" source="wordnet-basque">
         <wf lemma="200.000" pos="X">200.000</wf>
         <wf lemma="bat" pos="X">bat</wf>
         <wf lemma="errefuxiatu" pos="X">errefuxiatu</wf>
         <wf lemma="ruandar" pos="X">ruandar</wf>
         <wf lemma="Zaire" pos="X">Zaire</wf>
         <wf lemma="ekialdera" pos="X">ekialdera</wf>
         <wf lemma="doaz" pos="X">doaz</wf>
         <wf lemma="Frantziako" pos="X">Frantziako</wf>
         <instance id="d000.s621.t000" lemma="defentsa" pos="NOUN">Defentsa</instance>
         <wf lemma="Ministerioak" pos="X">Ministerioak</wf>
         <wf lemma="atzo" pos="X">atzo</wf>
         <wf lemma="adierazi" pos="X">adierazi</wf>
         <wf lemma="zuen" pos="X">zuen</wf>
         <wf lemma="bezala" pos="X">bezala</wf>
         <wf lemma="." pos="X">.</wf>
      </sentence>
      <sentence id="d000.s622" source="wordnet-basque">
         <wf lemma="Algortaren" pos="X">Algortaren</wf>
         <wf lemma="bihotz" pos="X">bihotz</wf>
         <wf lemma="historikoa" pos="X">historikoa</wf>
         <wf lemma="," pos="X">,</wf>
         <wf lemma="auzokideen" pos="X">auzokideen</wf>
         <wf lemma="bizilekua" pos="X">bizilekua</wf>
         <wf lemma="," pos="X">,</wf>
         <wf lemma="sozializazio" pos="X">sozializazio</wf>
         <wf lemma="eta" pos="X">eta</wf>
         <wf lemma="aisialdi" pos="X">aisialdi</wf>
         <instance id="d000.s622.t000" lemma="gune" pos="NOUN">gunea</instance>
         <wf lemma="." pos="X">.</wf>
      </sentence>
      <sentence id="d000.s623" source="wordnet-basque">
         <wf lemma="gazteak" pos="X">gazteak</wf>
         <wf lemma="," pos="X">,</wf>
         <wf lemma="halaber" pos="X">halaber</wf>
         <wf lemma="," pos="X">,</wf>
         <wf lemma="azaldu" pos="X">azaldu</wf>
         <wf lemma="zuen" pos="X">zuen</wf>
         <wf lemma="Espainiako" pos="X">Espainiako</wf>
         <wf lemma="Poliziek" pos="X">Poliziek</wf>
         <wf lemma="euren" pos="X">euren</wf>
         <wf lemma="kide" pos="X">kide</wf>
         <wf lemma="baten" pos="X">baten</wf>
         <wf lemma="aurkako" pos="X">aurkako</wf>
         <instance id="d000.s623.t000" lemma="eraso" pos="NOUN">erasoa</instance>
         <wf lemma="egiteagatik" pos="X">egiteagatik</wf>
         <wf lemma="atxilotu" pos="X">atxilotu</wf>
         <wf lemma="zutela" pos="X">zutela</wf>
         <wf lemma="esaten" pos="X">esaten</wf>
         <wf lemma="ziotela" pos="X">ziotela</wf>
         <wf lemma="." pos="X">.</wf>
      </sentence>
      <sentence id="d000.s624" source="wordnet-basque">
         <wf lemma="haurrek" pos="X">haurrek</wf>
         <wf lemma="binan-binan" pos="X">binan-binan</wf>
         <wf lemma="distantzia" pos="X">distantzia</wf>
         <wf lemma="hori" pos="X">hori</wf>
         <wf lemma="bete" pos="X">bete</wf>
         <wf lemma="beharko" pos="X">beharko</wf>
         <wf lemma="dute" pos="X">dute</wf>
         <wf lemma="," pos="X">,</wf>
         <wf lemma="dozena" pos="X">dozena</wf>
         <wf lemma="bat" pos="X">bat</wf>
         <instance id="d000.s624.t000" lemma="pauso" pos="NOUN">pauso</instance>
         <wf lemma="baino" pos="X">baino</wf>
         <wf lemma="ez" pos="X">ez</wf>
         <wf lemma="dira" pos="X">dira</wf>
         <wf lemma="eta" pos="X">eta</wf>
         <wf lemma="." pos="X">.</wf>
      </sentence>
      <sentence id="d000.s625" source="wordnet-basque">
         <wf lemma="batean" pos="X">batean</wf>
         <wf lemma="lesioa" pos="X">lesioa</wf>
         <wf lemma="zela" pos="X">zela</wf>
         <wf lemma="tarteko" pos="X">tarteko</wf>
         <wf lemma="," pos="X">,</wf>
         <wf lemma="eta" pos="X">eta</wf>
         <wf lemma="bestean" pos="X">bestean</wf>
         <wf lemma="gogoratzeak" pos="X">gogoratzeak</wf>
         <wf lemma="ere" pos="X">ere</wf>
         <wf lemma="nazka" pos="X">nazka</wf>
         <wf lemma="eragiten" pos="X">eragiten</wf>
         <wf lemma="duen" pos="X">duen</wf>
         <wf lemma="dopin" pos="X">dopin</wf>
         <instance id="d000.s625.t000" lemma="istilu" pos="NOUN">istiluarengatik</instance>
         <wf lemma="." pos="X">.</wf>
      </sentence>
      <sentence id="d000.s626" source="wordnet-basque">
         <wf lemma="faborito" pos="X">faborito</wf>
         <wf lemma="handiez" pos="X">handiez</wf>
         <wf lemma="gain" pos="X">gain</wf>
         <wf lemma="," pos="X">,</wf>
         <wf lemma="bada" pos="X">bada</wf>
         <instance id="d000.s626.t000" lemma="lasterketa" pos="NOUN">lasterketari</instance>
         <wf lemma="emozioa" pos="X">emozioa</wf>
         <wf lemma="emango" pos="X">emango</wf>
         <wf lemma="dion" pos="X">dion</wf>
         <wf lemma="hamaika" pos="X">hamaika</wf>
         <wf lemma="ziklista" pos="X">ziklista</wf>
         <wf lemma="." pos="X">.</wf>
      </sentence>
      <sentence id="d000.s627" source="wordnet-basque">
         <wf lemma="Alberto" pos="X">Alberto</wf>
         <wf lemma="Fujimori" pos="X">Fujimori</wf>
         <wf lemma="lehendakaria" pos="X">lehendakaria</wf>
         <wf lemma="zen" pos="X">zen</wf>
         <instance id="d000.s627.t000" lemma="hautagai" pos="NOUN">hautagai</instance>
         <wf lemma="bakarra" pos="X">bakarra</wf>
         <wf lemma="," pos="X">,</wf>
         <wf lemma="oposizioko" pos="X">oposizioko</wf>
         <wf lemma="Alejandro" pos="X">Alejandro</wf>
         <wf lemma="Toledo" pos="X">Toledo</wf>
         <wf lemma="erretiratu" pos="X">erretiratu</wf>
         <wf lemma="baitzen" pos="X">baitzen</wf>
         <wf lemma="." pos="X">.</wf>
      </sentence>
      <sentence id="d000.s628" source="wordnet-basque">
         <wf lemma="Landareak" pos="X">Landareak</wf>
         <instance id="d000.s628.t000" lemma="multzo" pos="NOUN">multzo</instance>
         <wf lemma="batean" pos="X">batean</wf>
         <wf lemma="elkartu" pos="X">elkartu</wf>
         <wf lemma=";" pos="X">;</wf>
         <wf lemma="horrela" pos="X">horrela</wf>
         <wf lemma="mikroklima" pos="X">mikroklima</wf>
         <wf lemma="hezeagoa" pos="X">hezeagoa</wf>
         <wf lemma="lortzen" pos="X">lortzen</wf>
         <wf lemma="da" pos="X">da</wf>
         <wf lemma="." pos="X">.</wf>
      </sentence>
      <sentence id="d000.s629" source="wordnet-basque">
         <wf lemma="beste" pos="X">beste</wf>
         <wf lemma="herrialde" pos="X">herrialde</wf>
         <wf lemma="batzuetan" pos="X">batzuetan</wf>
         <wf lemma="," pos="X">,</wf>
         <wf lemma="aldiz" pos="X">aldiz</wf>
         <wf lemma="," pos="X">,</wf>
         <instance id="d000.s629.t000" lemma="ezkontide" pos="NOUN">ezkontideen</instance>
         <wf lemma="arteko" pos="X">arteko</wf>
         <wf lemma="bortxaketen" pos="X">bortxaketen</wf>
         <wf lemma="inguruko" pos="X">inguruko</wf>
         <wf lemma="zigorrak" pos="X">zigorrak</wf>
         <wf lemma="arautzen" pos="X">arautzen</wf>
         <wf lemma="hasi" pos="X">hasi</wf>
         <wf lemma="dira" pos="X">dira</wf>
         <wf lemma="." pos="X">.</wf>
      </sentence>
      <sentence id="d000.s630" source="wordnet-basque">
         <wf lemma="baliteke" pos="X">baliteke</wf>
         <wf lemma="Trimblek" pos="X">Trimblek</wf>
         <wf lemma="mozio" pos="X">mozio</wf>
         <wf lemma="bat" pos="X">bat</wf>
         <wf lemma="aurkeztea" pos="X">aurkeztea</wf>
         <wf lemma="erakundeetan" pos="X">erakundeetan</wf>
         <instance id="d000.s630.t000" lemma="bandera" pos="NOUN">bandera</instance>
         <wf lemma="britainiarra" pos="X">britainiarra</wf>
         <wf lemma="eskegitzeko" pos="X">eskegitzeko</wf>
         <wf lemma="." pos="X">.</wf>
      </sentence>
      <sentence id="d000.s631" source="wordnet-basque">
         <wf lemma="Arantza" pos="X">Arantza</wf>
         <wf lemma="Urkaregik" pos="X">Urkaregik</wf>
         <wf lemma="kazetarien" pos="X">kazetarien</wf>
         <wf lemma="aurreko" pos="X">aurreko</wf>
         <wf lemma="agerraldian" pos="X">agerraldian</wf>
         <wf lemma="azaldu" pos="X">azaldu</wf>
         <wf lemma="zuenez" pos="X">zuenez</wf>
         <wf lemma="," pos="X">,</wf>
         <wf lemma="atzora" pos="X">atzora</wf>
         <wf lemma="arte" pos="X">arte</wf>
         <wf lemma="Batasuna" pos="X">Batasuna</wf>
         <wf lemma="prozesuaren" pos="X">prozesuaren</wf>
         <wf lemma="264" pos="X">264</wf>
         <instance id="d000.s631.t000" lemma="aurkezpen" pos="NOUN">aurkezpen</instance>
         <wf lemma="egin" pos="X">egin</wf>
         <wf lemma="dira" pos="X">dira</wf>
         <wf lemma="." pos="X">.</wf>
      </sentence>
      <sentence id="d000.s632" source="wordnet-basque">
         <wf lemma="Nekazaritza" pos="X">Nekazaritza</wf>
         <wf lemma="eta" pos="X">eta</wf>
         <wf lemma="Arrantza" pos="X">Arrantza</wf>
         <wf lemma="Sailaren" pos="X">Sailaren</wf>
         <wf lemma="Gipuzkoako" pos="X">Gipuzkoako</wf>
         <wf lemma="Lurralde" pos="X">Lurralde</wf>
         <wf lemma="Ordezkaritza" pos="X">Ordezkaritza</wf>
         <wf lemma="honetan" pos="X">honetan</wf>
         <wf lemma="hasiera" pos="X">hasiera</wf>
         <wf lemma="eman" pos="X">eman</wf>
         <wf lemma="zaion" pos="X">zaion</wf>
         <instance id="d000.s632.t000" lemma="espediente" pos="NOUN">espedientea</instance>
         <wf lemma="aztertu" pos="X">aztertu</wf>
         <wf lemma="dugu" pos="X">dugu</wf>
         <wf lemma="." pos="X">.</wf>
      </sentence>
      <sentence id="d000.s633" source="wordnet-basque">
         <wf lemma="ERGO-IA" pos="X">ERGO-IA</wf>
         <wf lemma="eta" pos="X">eta</wf>
         <wf lemma="IHM" pos="X">IHM</wf>
         <wf lemma="erakundeek" pos="X">erakundeek</wf>
         <wf lemma="antolatu" pos="X">antolatu</wf>
         <wf lemma="dute" pos="X">dute</wf>
         <wf lemma="ikertzaileak" pos="X">ikertzaileak</wf>
         <wf lemma="eta" pos="X">eta</wf>
         <wf lemma="teknologia" pos="X">teknologia</wf>
         <wf lemma="horrekin" pos="X">horrekin</wf>
         <wf lemma="lanean" pos="X">lanean</wf>
         <wf lemma="ari" pos="X">ari</wf>
         <wf lemma="direnen" pos="X">direnen</wf>
         <instance id="d000.s633.t000" lemma="batzar" pos="NOUN">batzarra</instance>
         <wf lemma="ideia" pos="X">ideia</wf>
         <wf lemma="berriak" pos="X">berriak</wf>
         <wf lemma="eta" pos="X">eta</wf>
         <wf lemma="harremanak" pos="X">harremanak</wf>
         <wf lemma="sortzeko" pos="X">sortzeko</wf>
         <wf lemma="." pos="X">.</wf>
      </sentence>
      <sentence id="d000.s634" source="wordnet-basque">
         <wf lemma="eta" pos="X">eta</wf>
         <wf lemma="gero" pos="X">gero</wf>
         <wf lemma="etxera" pos="X">etxera</wf>
         <wf lemma="itzultzen" pos="X">itzultzen</wf>
         <wf lemma="da" pos="X">da</wf>
         <wf lemma="denek" pos="X">denek</wf>
         <wf lemma="arriskutsutzat" pos="X">arriskutsutzat</wf>
         <wf lemma="jotzen" pos="X">jotzen</wf>
         <wf lemma="duten" pos="X">duten</wf>
         <wf lemma="eta" pos="X">eta</wf>
         <wf lemma="inork" pos="X">inork</wf>
         <instance id="d000.s634.t000" lemma="kargu" pos="NOUN">kargu</instance>
         <wf lemma="hartu" pos="X">hartu</wf>
         <wf lemma="nahi" pos="X">nahi</wf>
         <wf lemma="ez" pos="X">ez</wf>
         <wf lemma="duen" pos="X">duen</wf>
         <wf lemma="estatua" pos="X">estatua</wf>
         <wf lemma="batekin" pos="X">batekin</wf>
         <wf lemma="." pos="X">.</wf>
      </sentence>
      <sentence id="d000.s635" source="wordnet-basque">
         <wf lemma="zer" pos="X">zer</wf>
         <wf lemma="ez" pos="X">ez</wf>
         <wf lemma="ote" pos="X">ote</wf>
         <wf lemma="nukeen" pos="X">nukeen</wf>
         <wf lemma="nik" pos="X">nik</wf>
         <wf lemma="egingo" pos="X">egingo</wf>
         <wf lemma="," pos="X">,</wf>
         <wf lemma="amodioaren" pos="X">amodioaren</wf>
         <instance id="d000.s635.t000" lemma="sare" pos="NOUN">sareetan</instance>
         <wf lemma="harrapaturik" pos="X">harrapaturik</wf>
         <wf lemma="zu" pos="X">zu</wf>
         <wf lemma="neureganatzearren" pos="X">neureganatzearren</wf>
         <wf lemma="!" pos="X">!</wf>
      </sentence>
      <sentence id="d000.s636" source="wordnet-basque">
         <wf lemma="Ybarra" pos="X">Ybarra</wf>
         <wf lemma="eta" pos="X">eta</wf>
         <wf lemma="Gonzalezen" pos="X">Gonzalezen</wf>
         <wf lemma="arabera" pos="X">arabera</wf>
         <wf lemma="," pos="X">,</wf>
         <wf lemma="BBVAk" pos="X">BBVAk</wf>
         <instance id="d000.s636.t000" lemma="banku" pos="NOUN">banku</instance>
         <wf lemma="bakar" pos="X">bakar</wf>
         <wf lemma="bezala" pos="X">bezala</wf>
         <wf lemma="egingo" pos="X">egingo</wf>
         <wf lemma="du" pos="X">du</wf>
         <wf lemma="lan" pos="X">lan</wf>
         <wf lemma="bere" pos="X">bere</wf>
         <wf lemma="unitate" pos="X">unitate</wf>
         <wf lemma="eta" pos="X">eta</wf>
         <wf lemma="negozio" pos="X">negozio</wf>
         <wf lemma="guztietan" pos="X">guztietan</wf>
         <wf lemma="." pos="X">.</wf>
      </sentence>
      <sentence id="d000.s637" source="wordnet-basque">
         <wf lemma="bigarren" pos="X">bigarren</wf>
         <wf lemma="Karlistadaren" pos="X">Karlistadaren</wf>
         <wf lemma="hasieran" pos="X">hasieran</wf>
         <wf lemma="," pos="X">,</wf>
         <wf lemma="foru" pos="X">foru</wf>
         <instance id="d000.s637.t000" lemma="gorputz" pos="NOUN">gorputz</instance>
         <wf lemma="armatuak" pos="X">armatuak</wf>
         <wf lemma="liberalen" pos="X">liberalen</wf>
         <wf lemma="gudarosteko" pos="X">gudarosteko</wf>
         <wf lemma="talde" pos="X">talde</wf>
         <wf lemma="militar" pos="X">militar</wf>
         <wf lemma="bihurtu" pos="X">bihurtu</wf>
         <wf lemma="ziren" pos="X">ziren</wf>
         <wf lemma="." pos="X">.</wf>
      </sentence>
      <sentence id="d000.s638" source="wordnet-basque">
         <wf lemma="gezurra" pos="X">gezurra</wf>
         <wf lemma="esan" pos="X">esan</wf>
         <wf lemma="behar" pos="X">behar</wf>
         <wf lemma="izan" pos="X">izan</wf>
         <wf lemma="zion" pos="X">zion</wf>
         <wf lemma="aitari" pos="X">aitari</wf>
         <wf lemma=";" pos="X">;</wf>
         <wf lemma="arraunketan" pos="X">arraunketan</wf>
         <wf lemma="hasi" pos="X">hasi</wf>
         <wf lemma="zela" pos="X">zela</wf>
         <wf lemma="esan" pos="X">esan</wf>
         <wf lemma="zion" pos="X">zion</wf>
         <wf lemma="," pos="X">,</wf>
         <wf lemma="baina" pos="X">baina</wf>
         <wf lemma="boxeoko" pos="X">boxeoko</wf>
         <instance id="d000.s638.t000" lemma="gimnasio" pos="NOUN">gimnasio</instance>
         <wf lemma="batera" pos="X">batera</wf>
         <wf lemma="joaten" pos="X">joaten</wf>
         <wf lemma="zen" pos="X">zen</wf>
         <wf lemma="entrenatzera" pos="X">entrenatzera</wf>
         <wf lemma="," pos="X">,</wf>
         <wf lemma="13" pos="X">13</wf>
         <wf lemma="urterekin" pos="X">urterekin</wf>
         <wf lemma="." pos="X">.</wf>
      </sentence>
      <sentence id="d000.s639" source="wordnet-basque">
         <wf lemma="arrano" pos="X">arrano</wf>
         <wf lemma="beltz" pos="X">beltz</wf>
         <wf lemma="emea" pos="X">emea</wf>
         <wf lemma="bere" pos="X">bere</wf>
         <instance id="d000.s639.t000" lemma="bikote" pos="NOUN">bikotea</instance>
         <wf lemma="baino" pos="X">baino</wf>
         <wf lemma="handiagoa" pos="X">handiagoa</wf>
         <wf lemma="da" pos="X">da</wf>
         <wf lemma="," pos="X">,</wf>
         <wf lemma="eta" pos="X">eta</wf>
         <wf lemma="kumaldiaren" pos="X">kumaldiaren</wf>
         <wf lemma="lehenengo" pos="X">lehenengo</wf>
         <wf lemma="egunetan" pos="X">egunetan</wf>
         <wf lemma="txiten" pos="X">txiten</wf>
         <wf lemma="ardura" pos="X">ardura</wf>
         <wf lemma="hartu" pos="X">hartu</wf>
         <wf lemma="ohi" pos="X">ohi</wf>
         <wf lemma="du" pos="X">du</wf>
         <wf lemma="." pos="X">.</wf>
      </sentence>
      <sentence id="d000.s640" source="wordnet-basque">
         <wf lemma="berak" pos="X">berak</wf>
         <wf lemma="izterrak" pos="X">izterrak</wf>
         <wf lemma="baino" pos="X">baino</wf>
         <instance id="d000.s640.t000" lemma="hego" pos="NOUN">hegoak</instance>
         <wf lemma="nahiago" pos="X">nahiago</wf>
         <wf lemma="zituen" pos="X">zituen</wf>
         <wf lemma="." pos="X">.</wf>
      </sentence>
      <sentence id="d000.s641" source="wordnet-basque">
         <wf lemma="gipuzkoarrek" pos="X">gipuzkoarrek</wf>
         <wf lemma="minutu" pos="X">minutu</wf>
         <wf lemma="eta" pos="X">eta</wf>
         <wf lemma="4" pos="X">4</wf>
         <instance id="d000.s641.t000" lemma="segundo" pos="NOUN">segundo</instance>
         <wf lemma="gehiago" pos="X">gehiago</wf>
         <wf lemma="behar" pos="X">behar</wf>
         <wf lemma="izan" pos="X">izan</wf>
         <wf lemma="zituzten" pos="X">zituzten</wf>
         <wf lemma="." pos="X">.</wf>
      </sentence>
      <sentence id="d000.s642" source="wordnet-basque">
         <wf lemma="EEBBek" pos="X">EEBBek</wf>
         <wf lemma="beren" pos="X">beren</wf>
         <instance id="d000.s642.t000" lemma="interes" pos="NOUN">interes</instance>
         <wf lemma="eta" pos="X">eta</wf>
         <wf lemma="helburu" pos="X">helburu</wf>
         <wf lemma="estrategikoen" pos="X">estrategikoen</wf>
         <wf lemma="araberako" pos="X">araberako</wf>
         <wf lemma="politika" pos="X">politika</wf>
         <wf lemma="egiten" pos="X">egiten</wf>
         <wf lemma="du" pos="X">du</wf>
         <wf lemma="." pos="X">.</wf>
      </sentence>
      <sentence id="d000.s643" source="wordnet-basque">
         <wf lemma="toki" pos="X">toki</wf>
         <wf lemma="osoa" pos="X">osoa</wf>
         <wf lemma="zegoen" pos="X">zegoen</wf>
         <wf lemma="apainduta" pos="X">apainduta</wf>
         <wf lemma="anagramekin" pos="X">anagramekin</wf>
         <wf lemma="eta" pos="X">eta</wf>
         <wf lemma="gure" pos="X">gure</wf>
         <wf lemma="argazkien" pos="X">argazkien</wf>
         <instance id="d000.s643.t000" lemma="fotokopia" pos="NOUN">fotokopia</instance>
         <wf lemma="handi-handituekin" pos="X">handi-handituekin</wf>
         <wf lemma="." pos="X">.</wf>
      </sentence>
      <sentence id="d000.s644" source="wordnet-basque">
         <wf lemma="mundializazioaren" pos="X">mundializazioaren</wf>
         <wf lemma="kontrako" pos="X">kontrako</wf>
         <wf lemma="mezua" pos="X">mezua</wf>
         <wf lemma="mundu" pos="X">mundu</wf>
         <wf lemma="osora" pos="X">osora</wf>
         <wf lemma="zabaltzeko" pos="X">zabaltzeko</wf>
         <wf lemma="," pos="X">,</wf>
         <wf lemma="komunikabideen" pos="X">komunikabideen</wf>
         <instance id="d000.s644.t000" lemma="interes" pos="NOUN">interesa</instance>
         <wf lemma="pizten" pos="X">pizten</wf>
         <wf lemma="jakin" pos="X">jakin</wf>
         <wf lemma="du" pos="X">du</wf>
         <wf lemma="Bovek" pos="X">Bovek</wf>
         <wf lemma="." pos="X">.</wf>
      </sentence>
      <sentence id="d000.s645" source="wordnet-basque">
         <wf lemma="1996." pos="X">1996.</wf>
         <wf lemma="urtean" pos="X">urtean</wf>
         <wf lemma="Bosman" pos="X">Bosman</wf>
         <wf lemma="legea" pos="X">legea</wf>
         <wf lemma="ezarri" pos="X">ezarri</wf>
         <wf lemma="zen" pos="X">zen</wf>
         <wf lemma="Europako" pos="X">Europako</wf>
         <instance id="d000.s645.t000" lemma="kirol" pos="NOUN">kirolean</instance>
         <wf lemma="," pos="X">,</wf>
         <wf lemma="eta" pos="X">eta</wf>
         <wf lemma="horrek" pos="X">horrek</wf>
         <wf lemma="Europako" pos="X">Europako</wf>
         <wf lemma="Batasuneko" pos="X">Batasuneko</wf>
         <wf lemma="jokalariak" pos="X">jokalariak</wf>
         <wf lemma="atzerritar" pos="X">atzerritar</wf>
         <wf lemma="fitxa" pos="X">fitxa</wf>
         <wf lemma="bete" pos="X">bete</wf>
         <wf lemma="gabe" pos="X">gabe</wf>
         <wf lemma="etortzea" pos="X">etortzea</wf>
         <wf lemma="ahalbideratu" pos="X">ahalbideratu</wf>
         <wf lemma="zuen" pos="X">zuen</wf>
         <wf lemma="." pos="X">.</wf>
      </sentence>
      <sentence id="d000.s646" source="wordnet-basque">
         <wf lemma="arrailadurek" pos="X">arrailadurek</wf>
         <wf lemma="zedarritu" pos="X">zedarritu</wf>
         <wf lemma="dute" pos="X">dute</wf>
         <wf lemma="zentralaren" pos="X">zentralaren</wf>
         <instance id="d000.s646.t000" lemma="historia" pos="NOUN">historia</instance>
         <wf lemma="luzea" pos="X">luzea</wf>
         <wf lemma="." pos="X">.</wf>
      </sentence>
      <sentence id="d000.s647" source="wordnet-basque">
         <wf lemma="erdi-erdian" pos="X">erdi-erdian</wf>
         <wf lemma="," pos="X">,</wf>
         <wf lemma="lurraren" pos="X">lurraren</wf>
         <wf lemma="sakonetik" pos="X">sakonetik</wf>
         <wf lemma="irtenda" pos="X">irtenda</wf>
         <wf lemma="bezala" pos="X">bezala</wf>
         <wf lemma="," pos="X">,</wf>
         <instance id="d000.s647.t000" lemma="adreilu" pos="NOUN">adreilu</instance>
         <wf lemma="eta" pos="X">eta</wf>
         <wf lemma="zementuzko" pos="X">zementuzko</wf>
         <wf lemma="mamutzar" pos="X">mamutzar</wf>
         <wf lemma="gorri" pos="X">gorri</wf>
         <wf lemma="bat" pos="X">bat</wf>
         <wf lemma="altxatzen" pos="X">altxatzen</wf>
         <wf lemma="zen" pos="X">zen</wf>
         <wf lemma="." pos="X">.</wf>
      </sentence>
      <sentence id="d000.s648" source="wordnet-basque">
         <wf lemma="polinomio" pos="X">polinomio</wf>
         <wf lemma="baten" pos="X">baten</wf>
         <instance id="d000.s648.t000" lemma="maila" pos="NOUN">maila</instance>
         <wf lemma="." pos="X">.</wf>
      </sentence>
      <sentence id="d000.s649" source="wordnet-basque">
         <wf lemma="nahiz" pos="X">nahiz</wf>
         <instance id="d000.s649.t000" lemma="bikote" pos="NOUN">bikoteak</instance>
         <wf lemma="tarte-marteka" pos="X">tarte-marteka</wf>
         <wf lemma="amodioan" pos="X">amodioan</wf>
         <wf lemma="gailendu" pos="X">gailendu</wf>
         <wf lemma="maitemintzeak" pos="X">maitemintzeak</wf>
         <wf lemma="gure" pos="X">gure</wf>
         <wf lemma="kasuan" pos="X">kasuan</wf>
         <wf lemma="ez" pos="X">ez</wf>
         <wf lemma="du" pos="X">du</wf>
         <wf lemma="argirik" pos="X">argirik</wf>
         <wf lemma="mantendu" pos="X">mantendu</wf>
         <wf lemma="." pos="X">.</wf>
      </sentence>
      <sentence id="d000.s650" source="wordnet-basque">
         <wf lemma="tornadoen" pos="X">tornadoen</wf>
         <instance id="d000.s650.t000" lemma="indar" pos="NOUN">indar</instance>
         <wf lemma="suntsitzailea" pos="X">suntsitzailea</wf>
         <wf lemma="." pos="X">.</wf>
      </sentence>
      <sentence id="d000.s651" source="wordnet-basque">
         <instance id="d000.s651.t000" lemma="indarkeria" pos="NOUN">indarkeriarik</instance>
         <wf lemma="gabeko" pos="X">gabeko</wf>
         <wf lemma="egoera" pos="X">egoera</wf>
         <wf lemma="bat" pos="X">bat</wf>
         <wf lemma="eratzeko" pos="X">eratzeko</wf>
         <wf lemma="eta" pos="X">eta</wf>
         <wf lemma="euskal" pos="X">euskal</wf>
         <wf lemma="alderdi" pos="X">alderdi</wf>
         <wf lemma="politiko" pos="X">politiko</wf>
         <wf lemma="guztien" pos="X">guztien</wf>
         <wf lemma="foro" pos="X">foro</wf>
         <wf lemma="bat" pos="X">bat</wf>
         <wf lemma="osatzeko" pos="X">osatzeko</wf>
         <wf lemma="eskatu" pos="X">eskatu</wf>
         <wf lemma="zuen" pos="X">zuen</wf>
         <wf lemma="." pos="X">.</wf>
      </sentence>
      <sentence id="d000.s652" source="wordnet-basque">
         <wf lemma="herritik" pos="X">herritik</wf>
         <wf lemma="hau" pos="X">hau</wf>
         <wf lemma="aldentzearekin" pos="X">aldentzearekin</wf>
         <wf lemma="desagertu" pos="X">desagertu</wf>
         <wf lemma="egiten" pos="X">egiten</wf>
         <wf lemma="da" pos="X">da</wf>
         <wf lemma="Udal" pos="X">Udal</wf>
         <wf lemma="Bandatik" pos="X">Bandatik</wf>
         <wf lemma="Antsorena" pos="X">Antsorena</wf>
         <wf lemma="deitura" pos="X">deitura</wf>
         <wf lemma="," pos="X">,</wf>
         <wf lemma="hamarkada" pos="X">hamarkada</wf>
         <wf lemma="batean" pos="X">batean</wf>
         <wf lemma="zehar" pos="X">zehar</wf>
         <wf lemma="bere" pos="X">bere</wf>
         <instance id="d000.s652.t000" lemma="ibilbide" pos="NOUN">ibilbidea</instance>
         <wf lemma="egin" pos="X">egin</wf>
         <wf lemma="ondoan" pos="X">ondoan</wf>
         <wf lemma="." pos="X">.</wf>
      </sentence>
      <sentence id="d000.s653" source="wordnet-basque">
         <wf lemma="ezin" pos="X">ezin</wf>
         <wf lemma="da" pos="X">da</wf>
         <wf lemma="pentsa" pos="X">pentsa</wf>
         <wf lemma="ordea" pos="X">ordea</wf>
         <wf lemma="," pos="X">,</wf>
         <wf lemma="Savonek" pos="X">Savonek</wf>
         <wf lemma="hasiera" pos="X">hasiera</wf>
         <wf lemma="erraza" pos="X">erraza</wf>
         <wf lemma="izan" pos="X">izan</wf>
         <wf lemma="zuenik" pos="X">zuenik</wf>
         <instance id="d000.s653.t000" lemma="boxeo" pos="NOUN">boxeoan</instance>
         <wf lemma="." pos="X">.</wf>
      </sentence>
      <sentence id="d000.s654" source="wordnet-basque">
         <wf lemma="Trebiño" pos="X">Trebiño</wf>
         <wf lemma="bezala" pos="X">bezala</wf>
         <wf lemma="Nafarroako" pos="X">Nafarroako</wf>
         <wf lemma="erresumako" pos="X">erresumako</wf>
         <wf lemma="parte" pos="X">parte</wf>
         <wf lemma="izan" pos="X">izan</wf>
         <wf lemma="zen" pos="X">zen</wf>
         <wf lemma="eta" pos="X">eta</wf>
         <wf lemma="1194an" pos="X">1194an</wf>
         <wf lemma="Antso" pos="X">Antso</wf>
         <wf lemma="VI.a" pos="X">VI.a</wf>
         <wf lemma="Jakitunak" pos="X">Jakitunak</wf>
         <instance id="d000.s654.t000" lemma="foru" pos="NOUN">forua</instance>
         <wf lemma="eman" pos="X">eman</wf>
         <wf lemma="zion" pos="X">zion</wf>
         <wf lemma="." pos="X">.</wf>
      </sentence>
      <sentence id="d000.s655" source="wordnet-basque">
         <wf lemma="beste" pos="X">beste</wf>
         <wf lemma="indar" pos="X">indar</wf>
         <wf lemma="handiago" pos="X">handiago</wf>
         <wf lemma="batek" pos="X">batek</wf>
         <instance id="d000.s655.t000" lemma="bukaera" pos="NOUN">bukaerarik</instance>
         <wf lemma="gabeko" pos="X">gabeko</wf>
         <wf lemma="zirudien" pos="X">zirudien</wf>
         <wf lemma="tunel" pos="X">tunel</wf>
         <wf lemma="barrura" pos="X">barrura</wf>
         <wf lemma="bultzatzen" pos="X">bultzatzen</wf>
         <wf lemma="zuen" pos="X">zuen</wf>
         <wf lemma="." pos="X">.</wf>
      </sentence>
      <sentence id="d000.s656" source="wordnet-basque">
         <wf lemma="100.000" pos="X">100.000</wf>
         <wf lemma="Gomatik" pos="X">Gomatik</wf>
         <instance id="d000.s656.t000" lemma="mendebalde" pos="NOUN">mendebaldera</instance>
         <wf lemma="dagoen" pos="X">dagoen</wf>
         <wf lemma="Kindura" pos="X">Kindura</wf>
         <wf lemma="." pos="X">.</wf>
      </sentence>
      <sentence id="d000.s657" source="wordnet-basque">
         <wf lemma="Europako" pos="X">Europako</wf>
         <instance id="d000.s657.t000" lemma="dibisa" pos="NOUN">dibisak</instance>
         <wf lemma="dagoeneko" pos="X">dagoeneko</wf>
         <wf lemma="joera" pos="X">joera</wf>
         <wf lemma="aldatu" pos="X">aldatu</wf>
         <wf lemma="eta" pos="X">eta</wf>
         <wf lemma="aurrerantzean" pos="X">aurrerantzean</wf>
         <wf lemma="gorako" pos="X">gorako</wf>
         <wf lemma="bidea" pos="X">bidea</wf>
         <wf lemma="hartuko" pos="X">hartuko</wf>
         <wf lemma="du" pos="X">du</wf>
         <wf lemma="dolarraren" pos="X">dolarraren</wf>
         <wf lemma="aldean" pos="X">aldean</wf>
         <wf lemma="." pos="X">.</wf>
      </sentence>
      <sentence id="d000.s658" source="wordnet-basque">
         <wf lemma="baina" pos="X">baina</wf>
         <wf lemma="inportanteena" pos="X">inportanteena</wf>
         <wf lemma="da" pos="X">da</wf>
         <instance id="d000.s658.t000" lemma="borroka" pos="NOUN">borrokan</instance>
         <wf lemma="izan" pos="X">izan</wf>
         <wf lemma="naizela" pos="X">naizela</wf>
         <wf lemma="azkenengo" pos="X">azkenengo</wf>
         <wf lemma="kilometroa" pos="X">kilometroa</wf>
         <wf lemma="arte" pos="X">arte</wf>
         <wf lemma="," pos="X">,</wf>
         <wf lemma="nahiz" pos="X">nahiz</wf>
         <wf lemma="eta" pos="X">eta</wf>
         <wf lemma="aurten" pos="X">aurten</wf>
         <wf lemma="domina" pos="X">domina</wf>
         <wf lemma="ez" pos="X">ez</wf>
         <wf lemma="den" pos="X">den</wf>
         <wf lemma="posible" pos="X">posible</wf>
         <wf lemma="izan" pos="X">izan</wf>
         <wf lemma="." pos="X">.</wf>
      </sentence>
      <sentence id="d000.s659" source="wordnet-basque">
         <wf lemma="bi" pos="X">bi</wf>
         <wf lemma="informatzaile" pos="X">informatzaile</wf>
         <wf lemma="grafikok" pos="X">grafikok</wf>
         <wf lemma="hartutako" pos="X">hartutako</wf>
         <wf lemma="mitin" pos="X">mitin</wf>
         <wf lemma="politiko" pos="X">politiko</wf>
         <wf lemma="baten" pos="X">baten</wf>
         <wf lemma="irudiak" pos="X">irudiak</wf>
         <instance id="d000.s659.t000" lemma="marko" pos="NOUN">marko</instance>
         <wf lemma="berean" pos="X">berean</wf>
         <wf lemma="lortutako" pos="X">lortutako</wf>
         <wf lemma="argazkiak" pos="X">argazkiak</wf>
         <wf lemma="dira" pos="X">dira</wf>
         <wf lemma="," pos="X">,</wf>
         <wf lemma="eta" pos="X">eta</wf>
         <wf lemma="hala" pos="X">hala</wf>
         <wf lemma="ere" pos="X">ere</wf>
         <wf lemma="ez" pos="X">ez</wf>
         <wf lemma="dute" pos="X">dute</wf>
         <wf lemma="informazio" pos="X">informazio</wf>
         <wf lemma="bera" pos="X">bera</wf>
         <wf lemma="jasotzen" pos="X">jasotzen</wf>
         <wf lemma="." pos="X">.</wf>
      </sentence>
      <sentence id="d000.s660" source="wordnet-basque">
         <wf lemma="amore" pos="X">amore</wf>
         <wf lemma="eman" pos="X">eman</wf>
         <wf lemma="nahi" pos="X">nahi</wf>
         <wf lemma="zuenaren" pos="X">zuenaren</wf>
         <instance id="d000.s660.t000" lemma="jarrera" pos="NOUN">jarrera</instance>
         <wf lemma="gorputzarekin" pos="X">gorputzarekin</wf>
         <wf lemma="adierazi" pos="X">adierazi</wf>
         <wf lemma="zuen" pos="X">zuen</wf>
         <wf lemma="." pos="X">.</wf>
      </sentence>
      <sentence id="d000.s661" source="wordnet-basque">
         <wf lemma="Monteroren" pos="X">Monteroren</wf>
         <wf lemma="alde" pos="X">alde</wf>
         <wf lemma="egin" pos="X">egin</wf>
         <wf lemma="," pos="X">,</wf>
         <wf lemma="bai" pos="X">bai</wf>
         <wf lemma="," pos="X">,</wf>
         <wf lemma="ordea" pos="X">ordea</wf>
         <wf lemma="," pos="X">,</wf>
         <wf lemma="ikasleen" pos="X">ikasleen</wf>
         <wf lemma="hautagaitzaren" pos="X">hautagaitzaren</wf>
         <wf lemma="alde" pos="X">alde</wf>
         <instance id="d000.s661.t000" lemma="unibertsitate" pos="NOUN">unibertsitatearen</instance>
         <wf lemma="benetako" pos="X">benetako</wf>
         <wf lemma="arazoei" pos="X">arazoei</wf>
         <wf lemma="heltzeko" pos="X">heltzeko</wf>
         <wf lemma="gai" pos="X">gai</wf>
         <wf lemma="direla" pos="X">direla</wf>
         <wf lemma="azpimarratuz" pos="X">azpimarratuz</wf>
         <wf lemma="." pos="X">.</wf>
      </sentence>
      <sentence id="d000.s662" source="wordnet-basque">
         <wf lemma="eta" pos="X">eta</wf>
         <wf lemma="hala" pos="X">hala</wf>
         <wf lemma="bide" pos="X">bide</wf>
         <wf lemma="zen" pos="X">zen</wf>
         <wf lemma="," pos="X">,</wf>
         <wf lemma="bada" pos="X">bada</wf>
         <wf lemma="Jean" pos="X">Jean</wf>
         <wf lemma="Luc-i" pos="X">Luc-i</wf>
         <wf lemma="ezer" pos="X">ezer</wf>
         <wf lemma="esateko" pos="X">esateko</wf>
         <instance id="d000.s662.t000" lemma="denbora" pos="NOUN">denborarik</instance>
         <wf lemma="eman" pos="X">eman</wf>
         <wf lemma="gabe" pos="X">gabe</wf>
         <wf lemma="." pos="X">.</wf>
      </sentence>
      <sentence id="d000.s663" source="wordnet-basque">
         <wf lemma="AEBetako" pos="X">AEBetako</wf>
         <wf lemma="hauteskundeen" pos="X">hauteskundeen</wf>
         <wf lemma="emaitzek" pos="X">emaitzek</wf>
         <wf lemma="ere" pos="X">ere</wf>
         <wf lemma="euroaren" pos="X">euroaren</wf>
         <wf lemma="eta" pos="X">eta</wf>
         <wf lemma="dolarraren" pos="X">dolarraren</wf>
         <wf lemma="trukearen" pos="X">trukearen</wf>
         <instance id="d000.s663.t000" lemma="bilakaera" pos="NOUN">bilakaera</instance>
         <wf lemma="baldintza" pos="X">baldintza</wf>
         <wf lemma="lezakete" pos="X">lezakete</wf>
         <wf lemma="." pos="X">.</wf>
      </sentence>
      <sentence id="d000.s664" source="wordnet-basque">
         <wf lemma="horrez" pos="X">horrez</wf>
         <wf lemma="gain" pos="X">gain</wf>
         <wf lemma="gogor" pos="X">gogor</wf>
         <wf lemma="kritikatu" pos="X">kritikatu</wf>
         <wf lemma="zuen" pos="X">zuen</wf>
         <wf lemma="botere" pos="X">botere</wf>
         <wf lemma="politiko" pos="X">politiko</wf>
         <wf lemma="teknokratikoek" pos="X">teknokratikoek</wf>
         <wf lemma="hartu" pos="X">hartu</wf>
         <wf lemma="duten" pos="X">duten</wf>
         <instance id="d000.s664.t000" lemma="indar" pos="NOUN">indarra</instance>
         <wf lemma="." pos="X">.</wf>
      </sentence>
      <sentence id="d000.s665" source="wordnet-basque">
         <wf lemma="zuhur" pos="X">zuhur</wf>
         <wf lemma="jokatu" pos="X">jokatu</wf>
         <wf lemma="behar" pos="X">behar</wf>
         <wf lemma="dela" pos="X">dela</wf>
         <wf lemma="," pos="X">,</wf>
         <wf lemma="eta" pos="X">eta</wf>
         <wf lemma="futbolean" pos="X">futbolean</wf>
         <wf lemma="azken" pos="X">azken</wf>
         <instance id="d000.s665.t000" lemma="minutu" pos="NOUN">minutura</instance>
         <wf lemma="arte" pos="X">arte</wf>
         <wf lemma="edozer" pos="X">edozer</wf>
         <wf lemma="gauza" pos="X">gauza</wf>
         <wf lemma="gerta" pos="X">gerta</wf>
         <wf lemma="daitekeela" pos="X">daitekeela</wf>
         <wf lemma="nabarmendu" pos="X">nabarmendu</wf>
         <wf lemma="nahi" pos="X">nahi</wf>
         <wf lemma="izan" pos="X">izan</wf>
         <wf lemma="dute" pos="X">dute</wf>
         <wf lemma="." pos="X">.</wf>
      </sentence>
      <sentence id="d000.s666" source="wordnet-basque">
         <wf lemma="nekazaritza" pos="X">nekazaritza</wf>
         <wf lemma="eta" pos="X">eta</wf>
         <instance id="d000.s666.t000" lemma="abeltzaintza" pos="NOUN">abeltzaintza</instance>
         <wf lemma="dira" pos="X">dira</wf>
         <wf lemma="udalerriko" pos="X">udalerriko</wf>
         <wf lemma="ekonomi" pos="X">ekonomi</wf>
         <wf lemma="iharduera" pos="X">iharduera</wf>
         <wf lemma="nagusiak" pos="X">nagusiak</wf>
         <wf lemma="." pos="X">.</wf>
      </sentence>
      <sentence id="d000.s667" source="wordnet-basque">
         <wf lemma="euskal" pos="X">euskal</wf>
         <wf lemma="Herriko" pos="X">Herriko</wf>
         <wf lemma="ia" pos="X">ia</wf>
         <wf lemma="bi" pos="X">bi</wf>
         <wf lemma="hiritarretik" pos="X">hiritarretik</wf>
         <wf lemma="bat" pos="X">bat</wf>
         <wf lemma="euskara" pos="X">euskara</wf>
         <wf lemma="ikasteko" pos="X">ikasteko</wf>
         <wf lemma="eta" pos="X">eta</wf>
         <wf lemma="euskararen" pos="X">euskararen</wf>
         <wf lemma="erabilera" pos="X">erabilera</wf>
         <wf lemma="sustatzeko" pos="X">sustatzeko</wf>
         <instance id="d000.s667.t000" lemma="neurri" pos="NOUN">neurriak</instance>
         <wf lemma="hartzearen" pos="X">hartzearen</wf>
         <wf lemma="alde" pos="X">alde</wf>
         <wf lemma="dago" pos="X">dago</wf>
         <wf lemma="." pos="X">.</wf>
      </sentence>
      <sentence id="d000.s668" source="wordnet-basque">
         <wf lemma="ezkerrak" pos="X">ezkerrak</wf>
         <wf lemma="6" pos="X">6</wf>
         <instance id="d000.s668.t000" lemma="udalerri" pos="NOUN">udalerri</instance>
         <wf lemma="bereganatu" pos="X">bereganatu</wf>
         <wf lemma="zituen" pos="X">zituen</wf>
         <wf lemma="," pos="X">,</wf>
         <wf lemma="eskuinak" pos="X">eskuinak</wf>
         <wf lemma="5" pos="X">5</wf>
         <wf lemma="eta" pos="X">eta</wf>
         <wf lemma="zentroko" pos="X">zentroko</wf>
         <wf lemma="alderdiek" pos="X">alderdiek</wf>
         <wf lemma="7." pos="X">7.</wf>
      </sentence>
      <sentence id="d000.s669" source="wordnet-basque">
         <wf lemma="Baltasar" pos="X">Baltasar</wf>
         <wf lemma="Garzonek" pos="X">Garzonek</wf>
         <wf lemma="AEKren" pos="X">AEKren</wf>
         <wf lemma="kontrako" pos="X">kontrako</wf>
         <instance id="d000.s669.t000" lemma="auto" pos="NOUN">autoan</instance>
         <wf lemma="inputatutako" pos="X">inputatutako</wf>
         <wf lemma="19" pos="X">19</wf>
         <wf lemma="lagunetatik" pos="X">lagunetatik</wf>
         <wf lemma="lauri" pos="X">lauri</wf>
         <wf lemma="hartu" pos="X">hartu</wf>
         <wf lemma="zien" pos="X">zien</wf>
         <wf lemma="deklarazioa" pos="X">deklarazioa</wf>
         <wf lemma="." pos="X">.</wf>
      </sentence>
      <sentence id="d000.s670" source="wordnet-basque">
         <wf lemma="elefanteak" pos="X">elefanteak</wf>
         <wf lemma="ez" pos="X">ez</wf>
         <wf lemma="du" pos="X">du</wf>
         <instance id="d000.s670.t000" lemma="lehoi" pos="NOUN">lehoiaren</instance>
         <wf lemma="antzik" pos="X">antzik</wf>
         <wf lemma="," pos="X">,</wf>
         <wf lemma="ez" pos="X">ez</wf>
         <wf lemma="itxuran" pos="X">itxuran</wf>
         <wf lemma="ez" pos="X">ez</wf>
         <wf lemma="ohituretan" pos="X">ohituretan</wf>
         <wf lemma="." pos="X">.</wf>
      </sentence>
      <sentence id="d000.s671" source="wordnet-basque">
         <wf lemma="A.E.K.an" pos="X">A.E.K.an</wf>
         <wf lemma="gomendatzen" pos="X">gomendatzen</wf>
         <wf lemma="dute" pos="X">dute</wf>
         <wf lemma="lehenik" pos="X">lehenik</wf>
         <wf lemma="tokiko" pos="X">tokiko</wf>
         <wf lemma="euskaratik" pos="X">euskaratik</wf>
         <wf lemma="ahal" pos="X">ahal</wf>
         <wf lemma="bezain" pos="X">bezain</wf>
         <wf lemma="hurbil" pos="X">hurbil</wf>
         <wf lemma="hartzea" pos="X">hartzea</wf>
         <wf lemma="," pos="X">,</wf>
         <instance id="d000.s671.t000" lemma="familia" pos="NOUN">familian</instance>
         <wf lemma="eta" pos="X">eta</wf>
         <wf lemma="inguruko" pos="X">inguruko</wf>
         <wf lemma="jendearekin" pos="X">jendearekin</wf>
         <wf lemma="laster" pos="X">laster</wf>
         <wf lemma="euskaraz" pos="X">euskaraz</wf>
         <wf lemma="egiteko" pos="X">egiteko</wf>
         <wf lemma="." pos="X">.</wf>
      </sentence>
      <sentence id="d000.s672" source="wordnet-basque">
         <wf lemma="ekoizpen-baliabideak" pos="X">ekoizpen-baliabideak</wf>
         <wf lemma="anitzak" pos="X">anitzak</wf>
         <wf lemma="dira" pos="X">dira</wf>
         <wf lemma="industrian" pos="X">industrian</wf>
         <wf lemma=":" pos="X">:</wf>
         <instance id="d000.s672.t000" lemma="prentsa" pos="NOUN">prentsa</instance>
         <wf lemma="," pos="X">,</wf>
         <wf lemma="soldatzeko" pos="X">soldatzeko</wf>
         <wf lemma="makina" pos="X">makina</wf>
         <wf lemma="," pos="X">,</wf>
         <wf lemma="zulatzeko" pos="X">zulatzeko</wf>
         <wf lemma="makina" pos="X">makina</wf>
         <wf lemma="," pos="X">,</wf>
         <wf lemma="zinta-zerra" pos="X">zinta-zerra</wf>
         <wf lemma="..." pos="X">...</wf>
      </sentence>
      <sentence id="d000.s673" source="wordnet-basque">
         <wf lemma="1,06ko" pos="X">1,06ko</wf>
         <wf lemma="adina" pos="X">adina</wf>
         <wf lemma="izan" pos="X">izan</wf>
         <wf lemma="dutenetik" pos="X">dutenetik</wf>
         <wf lemma="5,00ko" pos="X">5,00ko</wf>
         <wf lemma="adina" pos="X">adina</wf>
         <wf lemma="izan" pos="X">izan</wf>
         <wf lemma="duten" pos="X">duten</wf>
         <wf lemma="arte" pos="X">arte</wf>
         <wf lemma="hamabostero" pos="X">hamabostero</wf>
         <wf lemma="ordu-erdiko" pos="X">ordu-erdiko</wf>
         <wf lemma="iraupeneko" pos="X">iraupeneko</wf>
         <instance id="d000.s673.t000" lemma="saio" pos="NOUN">saioak</instance>
         <wf lemma="bideograbatu" pos="X">bideograbatu</wf>
         <wf lemma="ditu" pos="X">ditu</wf>
         <wf lemma="." pos="X">.</wf>
      </sentence>
      <sentence id="d000.s674" source="wordnet-basque">
         <wf lemma="biharko" pos="X">biharko</wf>
         <instance id="d000.s674.t000" lemma="estropada" pos="NOUN">estropadak</instance>
         <wf lemma="garrantzi" pos="X">garrantzi</wf>
         <wf lemma="handia" pos="X">handia</wf>
         <wf lemma="dauka" pos="X">dauka</wf>
         <wf lemma="bi" pos="X">bi</wf>
         <wf lemma="ontzientzat" pos="X">ontzientzat</wf>
         <wf lemma="." pos="X">.</wf>
      </sentence>
      <sentence id="d000.s675" source="wordnet-basque">
         <wf lemma="ostalaritzari" pos="X">ostalaritzari</wf>
         <wf lemma="dagokionez" pos="X">dagokionez</wf>
         <wf lemma="," pos="X">,</wf>
         <wf lemma="dekretu" pos="X">dekretu</wf>
         <wf lemma="honek" pos="X">honek</wf>
         <wf lemma="ixteko" pos="X">ixteko</wf>
         <instance id="d000.s675.t000" lemma="ordutegi" pos="NOUN">ordutegia</instance>
         <wf lemma="aurreratzea" pos="X">aurreratzea</wf>
         <wf lemma="suposatu" pos="X">suposatu</wf>
         <wf lemma="du" pos="X">du</wf>
         <wf lemma="." pos="X">.</wf>
      </sentence>
      <sentence id="d000.s676" source="wordnet-basque">
         <wf lemma="Israelek" pos="X">Israelek</wf>
         <wf lemma="jarraituko" pos="X">jarraituko</wf>
         <wf lemma="duen" pos="X">duen</wf>
         <instance id="d000.s676.t000" lemma="politika" pos="NOUN">politika</instance>
         <wf lemma="kritikatu" pos="X">kritikatu</wf>
         <wf lemma="duenik" pos="X">duenik</wf>
         <wf lemma="ere" pos="X">ere</wf>
         <wf lemma="badago" pos="X">badago</wf>
         <wf lemma="." pos="X">.</wf>
      </sentence>
      <sentence id="d000.s677" source="wordnet-basque">
         <wf lemma="gaueko" pos="X">gaueko</wf>
         <wf lemma="10:00etatik" pos="X">10:00etatik</wf>
         <wf lemma="aurrera" pos="X">aurrera</wf>
         <wf lemma="eta" pos="X">eta</wf>
         <wf lemma="tabernariek" pos="X">tabernariek</wf>
         <wf lemma="galerazi" pos="X">galerazi</wf>
         <wf lemma="egin" pos="X">egin</wf>
         <wf lemma="beharko" pos="X">beharko</wf>
         <wf lemma="dute" pos="X">dute</wf>
         <wf lemma="bezeroek" pos="X">bezeroek</wf>
         <wf lemma="lokaletik" pos="X">lokaletik</wf>
         <wf lemma="kontsumizioak" pos="X">kontsumizioak</wf>
         <wf lemma="ateratzea" pos="X">ateratzea</wf>
         <wf lemma="," pos="X">,</wf>
         <wf lemma="kontrako" pos="X">kontrako</wf>
         <wf lemma="kasuan" pos="X">kasuan</wf>
         <instance id="d000.s677.t000" lemma="zigor" pos="NOUN">zigorren</instance>
         <wf lemma="bat" pos="X">bat</wf>
         <wf lemma="jasotzeko" pos="X">jasotzeko</wf>
         <wf lemma="arriskuarekin" pos="X">arriskuarekin</wf>
         <wf lemma="." pos="X">.</wf>
      </sentence>
      <sentence id="d000.s678" source="wordnet-basque">
         <wf lemma="burtsa-artekari" pos="X">burtsa-artekari</wf>
         <instance id="d000.s678.t000" lemma="etxe" pos="NOUN">etxe</instance>
         <wf lemma="batean" pos="X">batean</wf>
         <wf lemma="egin" pos="X">egin</wf>
         <wf lemma="zuen" pos="X">zuen</wf>
         <wf lemma="lan" pos="X">lan</wf>
         <wf lemma="." pos="X">.</wf>
      </sentence>
      <sentence id="d000.s679" source="wordnet-basque">
         <wf lemma="testuan" pos="X">testuan</wf>
         <wf lemma="zehar" pos="X">zehar</wf>
         <wf lemma="nabigatu" pos="X">nabigatu</wf>
         <wf lemma=";" pos="X">;</wf>
         <instance id="d000.s679.t000" lemma="esaldi" pos="NOUN">esaldi</instance>
         <wf lemma="erdian" pos="X">erdian</wf>
         <wf lemma="zaudela" pos="X">zaudela</wf>
         <wf lemma="hitz" pos="X">hitz</wf>
         <wf lemma="bati" pos="X">bati</wf>
         <wf lemma="buruzko" pos="X">buruzko</wf>
         <wf lemma="informazioa" pos="X">informazioa</wf>
         <wf lemma="bilatu" pos="X">bilatu</wf>
         <wf lemma="edo" pos="X">edo</wf>
         <wf lemma="gramatikari" pos="X">gramatikari</wf>
         <wf lemma="buruzko" pos="X">buruzko</wf>
         <wf lemma="informazioa" pos="X">informazioa</wf>
         <wf lemma="eskatu" pos="X">eskatu</wf>
         <wf lemma="." pos="X">.</wf>
      </sentence>
      <sentence id="d000.s680" source="wordnet-basque">
         <wf lemma="Belgradeko" pos="X">Belgradeko</wf>
         <wf lemma="Auzitegi" pos="X">Auzitegi</wf>
         <wf lemma="militarrak" pos="X">militarrak</wf>
         <wf lemma="beste" pos="X">beste</wf>
         <wf lemma="hilabete" pos="X">hilabete</wf>
         <wf lemma="bat" pos="X">bat</wf>
         <wf lemma="luzatu" pos="X">luzatu</wf>
         <wf lemma="du" pos="X">du</wf>
         <instance id="d000.s680.t000" lemma="terrorismo" pos="NOUN">terrorismoaz</instance>
         <wf lemma="akusatutako" pos="X">akusatutako</wf>
         <wf lemma="lau" pos="X">lau</wf>
         <wf lemma="atzerritarren" pos="X">atzerritarren</wf>
         <wf lemma="espetxeratzea" pos="X">espetxeratzea</wf>
         <wf lemma="." pos="X">.</wf>
      </sentence>
      <sentence id="d000.s681" source="wordnet-basque">
         <wf lemma="uztailean" pos="X">uztailean</wf>
         <wf lemma="," pos="X">,</wf>
         <wf lemma="Putinek" pos="X">Putinek</wf>
         <instance id="d000.s681.t000" lemma="botere" pos="NOUN">botere</instance>
         <wf lemma="handia" pos="X">handia</wf>
         <wf lemma="kendu" pos="X">kendu</wf>
         <wf lemma="zien" pos="X">zien</wf>
         <wf lemma="gobernadoreei" pos="X">gobernadoreei</wf>
         <wf lemma="," pos="X">,</wf>
         <wf lemma="Senatutik" pos="X">Senatutik</wf>
         <wf lemma="kanporatu" pos="X">kanporatu</wf>
         <wf lemma="zituelako" pos="X">zituelako</wf>
         <wf lemma="." pos="X">.</wf>
      </sentence>
      <sentence id="d000.s682" source="wordnet-basque">
         <instance id="d000.s682.t000" lemma="zigor" pos="NOUN">zigorraren</instance>
         <wf lemma="hiru" pos="X">hiru</wf>
         <wf lemma="laurdenak" pos="X">laurdenak</wf>
         <wf lemma="bete" pos="X">bete</wf>
         <wf lemma="dituztenak" pos="X">dituztenak</wf>
         <wf lemma="eta" pos="X">eta</wf>
         <wf lemma="gaixotasun" pos="X">gaixotasun</wf>
         <wf lemma="sendaezinak" pos="X">sendaezinak</wf>
         <wf lemma="dituztenak" pos="X">dituztenak</wf>
         <wf lemma="askatzea" pos="X">askatzea</wf>
         <wf lemma="legediak" pos="X">legediak</wf>
         <wf lemma="zehazten" pos="X">zehazten</wf>
         <wf lemma="dituen" pos="X">dituen</wf>
         <wf lemma="eskubideak" pos="X">eskubideak</wf>
         <wf lemma="dira" pos="X">dira</wf>
         <wf lemma="." pos="X">.</wf>
      </sentence>
      <sentence id="d000.s683" source="wordnet-basque">
         <wf lemma="goiz" pos="X">goiz</wf>
         <wf lemma="heldu" pos="X">heldu</wf>
         <wf lemma="da" pos="X">da</wf>
         <wf lemma="gaur" pos="X">gaur</wf>
         <instance id="d000.s683.t000" lemma="lan" pos="NOUN">lanera</instance>
         <wf lemma="." pos="X">.</wf>
      </sentence>
      <sentence id="d000.s684" source="wordnet-basque">
         <wf lemma="jan" pos="X">jan</wf>
         <wf lemma="baino" pos="X">baino</wf>
         <wf lemma="lehenago" pos="X">lehenago</wf>
         <instance id="d000.s684.t000" lemma="kopa" pos="NOUN">kopa</instance>
         <wf lemma="bat" pos="X">bat</wf>
         <wf lemma="hartzea" pos="X">hartzea</wf>
         <wf lemma="gustatzen" pos="X">gustatzen</wf>
         <wf lemma="zaio" pos="X">zaio</wf>
         <wf lemma="." pos="X">.</wf>
      </sentence>
      <sentence id="d000.s685" source="wordnet-basque">
         <wf lemma="nere" pos="X">nere</wf>
         <wf lemma="aitaren" pos="X">aitaren</wf>
         <wf lemma="sudur" pos="X">sudur</wf>
         <wf lemma="hau" pos="X">hau</wf>
         <wf lemma="ispiluan" pos="X">ispiluan</wf>
         <wf lemma="islatuta" pos="X">islatuta</wf>
         <wf lemma="ikusten" pos="X">ikusten</wf>
         <wf lemma="dudanean" pos="X">dudanean</wf>
         <wf lemma="..." pos="X">...</wf>
         <wf lemma="aurrean" pos="X">aurrean</wf>
         <wf lemma="amaren" pos="X">amaren</wf>
         <instance id="d000.s685.t000" lemma="aho" pos="NOUN">aho</instance>
         <wf lemma="hori" pos="X">hori</wf>
         <wf lemma="ikusten" pos="X">ikusten</wf>
         <wf lemma="dut" pos="X">dut</wf>
         <wf lemma="." pos="X">.</wf>
      </sentence>
      <sentence id="d000.s686" source="wordnet-basque">
         <wf lemma="erakusketa" pos="X">erakusketa</wf>
         <wf lemma="zabalik" pos="X">zabalik</wf>
         <wf lemma="da" pos="X">da</wf>
         <instance id="d000.s686.t000" lemma="asteazken" pos="NOUN">asteazken</instance>
         <wf lemma="eta" pos="X">eta</wf>
         <wf lemma="ostiral" pos="X">ostiral</wf>
         <wf lemma="arratsaldez" pos="X">arratsaldez</wf>
         <wf lemma="." pos="X">.</wf>
      </sentence>
      <sentence id="d000.s687" source="wordnet-basque">
         <wf lemma="berak" pos="X">berak</wf>
         <wf lemma="zalantzak" pos="X">zalantzak</wf>
         <wf lemma="ditu" pos="X">ditu</wf>
         <wf lemma="beregain" pos="X">beregain</wf>
         <wf lemma="hartutako" pos="X">hartutako</wf>
         <instance id="d000.s687.t000" lemma="enpresa" pos="NOUN">enpresaren</instance>
         <wf lemma="osotasunaz" pos="X">osotasunaz</wf>
         <wf lemma="." pos="X">.</wf>
      </sentence>
      <sentence id="d000.s688" source="wordnet-basque">
         <wf lemma="urrutiko" pos="X">urrutiko</wf>
         <wf lemma="hondartzaren" pos="X">hondartzaren</wf>
         <wf lemma="batean" pos="X">batean</wf>
         <wf lemma="ehunka" pos="X">ehunka</wf>
         <wf lemma="balea" pos="X">balea</wf>
         <instance id="d000.s688.t000" lemma="itsaso" pos="NOUN">itsasoaren</instance>
         <wf lemma="altzotik" pos="X">altzotik</wf>
         <wf lemma="ihesian" pos="X">ihesian</wf>
         <wf lemma="lehorrera" pos="X">lehorrera</wf>
         <wf lemma="beren" pos="X">beren</wf>
         <wf lemma="egunak" pos="X">egunak</wf>
         <wf lemma="bukatzera" pos="X">bukatzera</wf>
         <wf lemma="etortzen" pos="X">etortzen</wf>
         <wf lemma="dira" pos="X">dira</wf>
         <wf lemma="." pos="X">.</wf>
      </sentence>
      <sentence id="d000.s689" source="wordnet-basque">
         <instance id="d000.s689.t000" lemma="armada" pos="NOUN">Armada</instance>
         <wf lemma="Federaleko" pos="X">Federaleko</wf>
         <wf lemma="bederatzi" pos="X">bederatzi</wf>
         <wf lemma="soldadu" pos="X">soldadu</wf>
         <wf lemma="hil" pos="X">hil</wf>
         <wf lemma="dira" pos="X">dira</wf>
         <wf lemma="hiru" pos="X">hiru</wf>
         <wf lemma="egunen" pos="X">egunen</wf>
         <wf lemma="buruan" pos="X">buruan</wf>
         <wf lemma="." pos="X">.</wf>
      </sentence>
      <sentence id="d000.s690" source="wordnet-basque">
         <wf lemma="gogoan" pos="X">gogoan</wf>
         <wf lemma="izan" pos="X">izan</wf>
         <wf lemma="gure" pos="X">gure</wf>
         <wf lemma="inguruko" pos="X">inguruko</wf>
         <wf lemma="objektu" pos="X">objektu</wf>
         <wf lemma="," pos="X">,</wf>
         <wf lemma="objektu-multzo" pos="X">objektu-multzo</wf>
         <wf lemma="edo" pos="X">edo</wf>
         <instance id="d000.s690.t000" lemma="gauza" pos="NOUN">gauza</instance>
         <wf lemma="guztiak" pos="X">guztiak</wf>
         <wf lemma="materia-sistemak" pos="X">materia-sistemak</wf>
         <wf lemma="ditugula" pos="X">ditugula</wf>
         <wf lemma="," pos="X">,</wf>
         <wf lemma="materia" pos="X">materia</wf>
         <wf lemma="mota" pos="X">mota</wf>
         <wf lemma="desberdinez" pos="X">desberdinez</wf>
         <wf lemma="osatutako" pos="X">osatutako</wf>
         <wf lemma="sistemak" pos="X">sistemak</wf>
         <wf lemma="." pos="X">.</wf>
      </sentence>
      <sentence id="d000.s691" source="wordnet-basque">
         <instance id="d000.s691.t000" lemma="amaiera" pos="NOUN">amaieran</instance>
         <wf lemma="markagailuak" pos="X">markagailuak</wf>
         <wf lemma="22" pos="X">22</wf>
         <wf lemma="eta" pos="X">eta</wf>
         <wf lemma="18koa" pos="X">18koa</wf>
         <wf lemma="erakusten" pos="X">erakusten</wf>
         <wf lemma="zuen" pos="X">zuen</wf>
         <wf lemma="." pos="X">.</wf>
      </sentence>
      <sentence id="d000.s692" source="wordnet-basque">
         <wf lemma="Lycoseko" pos="X">Lycoseko</wf>
         <instance id="d000.s692.t000" lemma="zuzendaritza" pos="NOUN">zuzendaritzako</instance>
         <wf lemma="zenbait" pos="X">zenbait</wf>
         <wf lemma="kidek" pos="X">kidek</wf>
         <wf lemma="enpresako" pos="X">enpresako</wf>
         <wf lemma="20" pos="X">20</wf>
         <wf lemma="milioi" pos="X">milioi</wf>
         <wf lemma="akzio" pos="X">akzio</wf>
         <wf lemma="saldu" pos="X">saldu</wf>
         <wf lemma="zituzten" pos="X">zituzten</wf>
         <wf lemma="Terrarekin" pos="X">Terrarekin</wf>
         <wf lemma="fusioa" pos="X">fusioa</wf>
         <wf lemma="egin" pos="X">egin</wf>
         <wf lemma="zen" pos="X">zen</wf>
         <wf lemma="garaian" pos="X">garaian</wf>
         <wf lemma="." pos="X">.</wf>
      </sentence>
      <sentence id="d000.s693" source="wordnet-basque">
         <wf lemma="bere" pos="X">bere</wf>
         <wf lemma="litografiako" pos="X">litografiako</wf>
         <wf lemma="ezagupenen" pos="X">ezagupenen</wf>
         <wf lemma="bidezko" pos="X">bidezko</wf>
         <wf lemma="prozesu" pos="X">prozesu</wf>
         <wf lemma="kimikoekin" pos="X">kimikoekin</wf>
         <wf lemma="familiarizatuta" pos="X">familiarizatuta</wf>
         <wf lemma="," pos="X">,</wf>
         <wf lemma="bere" pos="X">bere</wf>
         <wf lemma="lehen" pos="X">lehen</wf>
         <instance id="d000.s693.t000" lemma="saio" pos="NOUN">saioak</instance>
         <wf lemma="egiten" pos="X">egiten</wf>
         <wf lemma="ditu" pos="X">ditu</wf>
         <wf lemma="Judeako" pos="X">Judeako</wf>
         <wf lemma="betunez" pos="X">betunez</wf>
         <wf lemma="estalitako" pos="X">estalitako</wf>
         <wf lemma="eztainu-lamina" pos="X">eztainu-lamina</wf>
         <wf lemma="leunduetan" pos="X">leunduetan</wf>
         <wf lemma="." pos="X">.</wf>
      </sentence>
      <sentence id="d000.s694" source="wordnet-basque">
         <wf lemma="amuak" pos="X">amuak</wf>
         <wf lemma="dira" pos="X">dira</wf>
         <wf lemma="," pos="X">,</wf>
         <wf lemma="kasinoko" pos="X">kasinoko</wf>
         <instance id="d000.s694.t000" lemma="jokalari" pos="NOUN">jokalariak</instance>
         <wf lemma="," pos="X">,</wf>
         <wf lemma="hain" pos="X">hain</wf>
         <wf lemma="zuzen" pos="X">zuzen</wf>
         <wf lemma="ere" pos="X">ere</wf>
         <wf lemma="," pos="X">,</wf>
         <wf lemma="eta" pos="X">eta</wf>
         <wf lemma="bezeroen" pos="X">bezeroen</wf>
         <wf lemma="ondoan" pos="X">ondoan</wf>
         <wf lemma="esertzen" pos="X">esertzen</wf>
         <wf lemma="dira" pos="X">dira</wf>
         <wf lemma="bakarrik" pos="X">bakarrik</wf>
         <wf lemma="egon" pos="X">egon</wf>
         <wf lemma="ez" pos="X">ez</wf>
         <wf lemma="daitezen" pos="X">daitezen</wf>
         <wf lemma="." pos="X">.</wf>
      </sentence>
      <sentence id="d000.s695" source="wordnet-basque">
         <wf lemma="haren" pos="X">haren</wf>
         <instance id="d000.s695.t000" lemma="aurpegi" pos="NOUN">aurpegiak</instance>
         <wf lemma="asmoa" pos="X">asmoa</wf>
         <wf lemma="igarri" pos="X">igarri</wf>
         <wf lemma="ziola" pos="X">ziola</wf>
         <wf lemma="adierazten" pos="X">adierazten</wf>
         <wf lemma="zuen" pos="X">zuen</wf>
         <wf lemma="." pos="X">.</wf>
      </sentence>
      <sentence id="d000.s696" source="wordnet-basque">
         <instance id="d000.s696.t000" lemma="lege" pos="NOUN">legean</instance>
         <wf lemma="zein" pos="X">zein</wf>
         <wf lemma="praktikan" pos="X">praktikan</wf>
         <wf lemma="," pos="X">,</wf>
         <wf lemma="etorkinak" pos="X">etorkinak</wf>
         <wf lemma="iraizteko" pos="X">iraizteko</wf>
         <wf lemma="aukerak" pos="X">aukerak</wf>
         <wf lemma="ezin" pos="X">ezin</wf>
         <wf lemma="konta" pos="X">konta</wf>
         <wf lemma="ahalak" pos="X">ahalak</wf>
         <wf lemma="dira" pos="X">dira</wf>
         <wf lemma="." pos="X">.</wf>
      </sentence>
      <sentence id="d000.s697" source="wordnet-basque">
         <wf lemma="nazioarteko" pos="X">nazioarteko</wf>
         <wf lemma="zenbait" pos="X">zenbait</wf>
         <wf lemma="erakundek" pos="X">erakundek</wf>
         <wf lemma="baikortasuna" pos="X">baikortasuna</wf>
         <wf lemma="baikorkeria" pos="X">baikorkeria</wf>
         <wf lemma="ote" pos="X">ote</wf>
         <wf lemma="den" pos="X">den</wf>
         <instance id="d000.s697.t000" lemma="iritzi" pos="NOUN">iritzia</instance>
         <wf lemma="plazaratu" pos="X">plazaratu</wf>
         <wf lemma="duten" pos="X">duten</wf>
         <wf lemma="bezala" pos="X">bezala</wf>
         <wf lemma="," pos="X">,</wf>
         <wf lemma="pott" pos="X">pott</wf>
         <wf lemma="egin" pos="X">egin</wf>
         <wf lemma="zuen" pos="X">zuen</wf>
         <wf lemma="burtsak" pos="X">burtsak</wf>
         <wf lemma="." pos="X">.</wf>
      </sentence>
      <sentence id="d000.s698" source="wordnet-basque">
         <wf lemma="ez" pos="X">ez</wf>
         <wf lemma="da" pos="X">da</wf>
         <instance id="d000.s698.t000" lemma="gauza" pos="NOUN">gauza</instance>
         <wf lemma="haundirik" pos="X">haundirik</wf>
         <wf lemma="erantsi" pos="X">erantsi</wf>
         <wf lemma="behar" pos="X">behar</wf>
         <wf lemma="esandakoari" pos="X">esandakoari</wf>
         <wf lemma="-esan" pos="X">-esan</wf>
         <wf lemma="zuen" pos="X">zuen</wf>
         <wf lemma="Brujoak" pos="X">Brujoak</wf>
         <wf lemma="azken" pos="X">azken</wf>
         <wf lemma="zurrutada" pos="X">zurrutada</wf>
         <wf lemma="edandakoa-" pos="X">edandakoa-</wf>
         <wf lemma="." pos="X">.</wf>
      </sentence>
      <sentence id="d000.s699" source="wordnet-basque">
         <wf lemma="birgaikuntzari" pos="X">birgaikuntzari</wf>
         <wf lemma="buruzko" pos="X">buruzko</wf>
         <wf lemma="Arautegiko" pos="X">Arautegiko</wf>
         <instance id="d000.s699.t000" lemma="betearazpen" pos="NOUN">Betearazpen</instance>
         <wf lemma="aginduak" pos="X">aginduak</wf>
         <wf lemma="deritzan" pos="X">deritzan</wf>
         <wf lemma="2.2" pos="X">2.2</wf>
         <wf lemma="atalean" pos="X">atalean</wf>
         <wf lemma="," pos="X">,</wf>
         <wf lemma="ordenamendutik" pos="X">ordenamendutik</wf>
         <wf lemma="kanpoko" pos="X">kanpoko</wf>
         <wf lemma="izaera" pos="X">izaera</wf>
         <wf lemma="bakarrik" pos="X">bakarrik</wf>
         <wf lemma="dokumentazio" pos="X">dokumentazio</wf>
         <wf lemma="grafikoan" pos="X">grafikoan</wf>
         <wf lemma="eraispena" pos="X">eraispena</wf>
         <wf lemma="espreski" pos="X">espreski</wf>
         <wf lemma="bilduta" pos="X">bilduta</wf>
         <wf lemma="duten" pos="X">duten</wf>
         <wf lemma="eraikinek" pos="X">eraikinek</wf>
         <wf lemma="izango" pos="X">izango</wf>
         <wf lemma="dutela" pos="X">dutela</wf>
         <wf lemma="jasoko" pos="X">jasoko</wf>
         <wf lemma="da" pos="X">da</wf>
         <wf lemma="." pos="X">.</wf>
      </sentence>
      <sentence id="d000.s700" source="wordnet-basque">
         <wf lemma="autoak" pos="X">autoak</wf>
         <wf lemma="aparkatzeko" pos="X">aparkatzeko</wf>
         <instance id="d000.s700.t000" lemma="gune" pos="NOUN">gune</instance>
         <wf lemma="gehiago" pos="X">gehiago</wf>
         <wf lemma="egiteak" pos="X">egiteak</wf>
         <wf lemma="ez" pos="X">ez</wf>
         <wf lemma="du" pos="X">du</wf>
         <wf lemma="arazoa" pos="X">arazoa</wf>
         <wf lemma="konpontzen" pos="X">konpontzen</wf>
         <wf lemma="." pos="X">.</wf>
      </sentence>
      <sentence id="d000.s701" source="wordnet-basque">
         <wf lemma="argazkilarien" pos="X">argazkilarien</wf>
         <wf lemma="deklarazio" pos="X">deklarazio</wf>
         <wf lemma="kontraesate" pos="X">kontraesate</wf>
         <wf lemma="gehienak" pos="X">gehienak</wf>
         <wf lemma="bat" pos="X">bat</wf>
         <wf lemma="datoz" pos="X">datoz</wf>
         <wf lemma="gauzak" pos="X">gauzak</wf>
         <wf lemma="diren" pos="X">diren</wf>
         <wf lemma="bezalakoari" pos="X">bezalakoari</wf>
         <wf lemma="buruz" pos="X">buruz</wf>
         <wf lemma="egiten" pos="X">egiten</wf>
         <wf lemma="dituzten" pos="X">dituzten</wf>
         <instance id="d000.s701.t000" lemma="errespetu" pos="NOUN">errespetuzko</instance>
         <wf lemma="deklarazio" pos="X">deklarazio</wf>
         <wf lemma="piadosoak" pos="X">piadosoak</wf>
         <wf lemma="egiterakoan" pos="X">egiterakoan</wf>
         <wf lemma="." pos="X">.</wf>
      </sentence>
      <sentence id="d000.s702" source="wordnet-basque">
         <wf lemma="atseginezko" pos="X">atseginezko</wf>
         <instance id="d000.s702.t000" lemma="itsaso" pos="NOUN">itsaso</instance>
         <wf lemma="batean" pos="X">batean</wf>
         <wf lemma="." pos="X">.</wf>
      </sentence>
      <sentence id="d000.s703" source="wordnet-basque">
         <instance id="d000.s703.t000" lemma="sobiet" pos="NOUN">Sobiet</instance>
         <wf lemma="Batasunaren" pos="X">Batasunaren</wf>
         <wf lemma="eta" pos="X">eta</wf>
         <wf lemma="Laterri" pos="X">Laterri</wf>
         <wf lemma="Alkartuen" pos="X">Alkartuen</wf>
         <wf lemma="artean" pos="X">artean</wf>
         <wf lemma="izkilluen" pos="X">izkilluen</wf>
         <wf lemma="mugatzeaz" pos="X">mugatzeaz</wf>
         <wf lemma="egingo" pos="X">egingo</wf>
         <wf lemma="dan" pos="X">dan</wf>
         <wf lemma="bigarren" pos="X">bigarren</wf>
         <wf lemma="akordu" pos="X">akordu</wf>
         <wf lemma="batek" pos="X">batek</wf>
         <wf lemma="edo" pos="X">edo</wf>
         <wf lemma="beste" pos="X">beste</wf>
         <wf lemma="edozein" pos="X">edozein</wf>
         <wf lemma="akorduk" pos="X">akorduk</wf>
         <wf lemma="," pos="X">,</wf>
         <wf lemma="ez" pos="X">ez</wf>
         <wf lemma="du" pos="X">du</wf>
         <wf lemma="iñola" pos="X">iñola</wf>
         <wf lemma="ere" pos="X">ere</wf>
         <wf lemma="sobieten" pos="X">sobieten</wf>
         <wf lemma="portaera" pos="X">portaera</wf>
         <wf lemma="on" pos="X">on</wf>
         <wf lemma="baten" pos="X">baten</wf>
         <wf lemma="sari" pos="X">sari</wf>
         <wf lemma="izan" pos="X">izan</wf>
         <wf lemma="bear" pos="X">bear</wf>
         <wf lemma="." pos="X">.</wf>
      </sentence>
      <sentence id="d000.s704" source="wordnet-basque">
         <wf lemma="tentsio" pos="X">tentsio</wf>
         <wf lemma="handia" pos="X">handia</wf>
         <wf lemma="espero" pos="X">espero</wf>
         <wf lemma="da" pos="X">da</wf>
         <wf lemma="gaur" pos="X">gaur</wf>
         <wf lemma="Belfasteko" pos="X">Belfasteko</wf>
         <wf lemma="Shankill" pos="X">Shankill</wf>
         <instance id="d000.s704.t000" lemma="auzo" pos="NOUN">auzo</instance>
         <wf lemma="protestantean" pos="X">protestantean</wf>
         <wf lemma="," pos="X">,</wf>
         <wf lemma="UVFk" pos="X">UVFk</wf>
         <wf lemma="bere" pos="X">bere</wf>
         <wf lemma="kide" pos="X">kide</wf>
         <wf lemma="izandako" pos="X">izandako</wf>
         <wf lemma="bati" pos="X">bati</wf>
         <wf lemma="omenaldia" pos="X">omenaldia</wf>
         <wf lemma="egin" pos="X">egin</wf>
         <wf lemma="nahi" pos="X">nahi</wf>
         <wf lemma="baitio" pos="X">baitio</wf>
         <wf lemma="." pos="X">.</wf>
      </sentence>
      <sentence id="d000.s705" source="wordnet-basque">
         <wf lemma="-PEN" pos="X">-PEN</wf>
         <instance id="d000.s705.t000" lemma="atzizki" pos="NOUN">atzizkiak</instance>
         <wf lemma="ekintza" pos="X">ekintza</wf>
         <wf lemma="eta" pos="X">eta</wf>
         <wf lemma="horren" pos="X">horren</wf>
         <wf lemma="ondorioa" pos="X">ondorioa</wf>
         <wf lemma="adierazten" pos="X">adierazten</wf>
         <wf lemma="ditu" pos="X">ditu</wf>
         <wf lemma="." pos="X">.</wf>
      </sentence>
      <sentence id="d000.s706" source="wordnet-basque">
         <wf lemma="izan" pos="X">izan</wf>
         <wf lemma="ere" pos="X">ere</wf>
         <wf lemma="," pos="X">,</wf>
         <wf lemma="UNITAren" pos="X">UNITAren</wf>
         <wf lemma="kontrolpean" pos="X">kontrolpean</wf>
         <wf lemma="dira" pos="X">dira</wf>
         <instance id="d000.s706.t000" lemma="hego" pos="NOUN">hego</instance>
         <wf lemma="eta" pos="X">eta</wf>
         <wf lemma="ipar" pos="X">ipar</wf>
         <wf lemma="Lundako" pos="X">Lundako</wf>
         <wf lemma="barnealdea" pos="X">barnealdea</wf>
         <wf lemma="eta" pos="X">eta</wf>
         <wf lemma="diamante" pos="X">diamante</wf>
         <wf lemma="meategiak" pos="X">meategiak</wf>
         <wf lemma="." pos="X">.</wf>
      </sentence>
      <sentence id="d000.s707" source="wordnet-basque">
         <wf lemma="bi" pos="X">bi</wf>
         <instance id="d000.s707.t000" lemma="gau" pos="NOUN">gau</instance>
         <wf lemma="emango" pos="X">emango</wf>
         <wf lemma="ditugu" pos="X">ditugu</wf>
         <wf lemma="kanpoan" pos="X">kanpoan</wf>
         <wf lemma="." pos="X">.</wf>
      </sentence>
      <sentence id="d000.s708" source="wordnet-basque">
         <wf lemma="ez" pos="X">ez</wf>
         <wf lemma="zizkigun" pos="X">zizkigun</wf>
         <wf lemma="kontratuaren" pos="X">kontratuaren</wf>
         <instance id="d000.s708.t000" lemma="baldintza" pos="NOUN">baldintzak</instance>
         <wf lemma="zehatz-mehatz" pos="X">zehatz-mehatz</wf>
         <wf lemma="agertu" pos="X">agertu</wf>
         <wf lemma="," pos="X">,</wf>
         <wf lemma="baina" pos="X">baina</wf>
         <wf lemma="ongi" pos="X">ongi</wf>
         <wf lemma="bizitzeko" pos="X">bizitzeko</wf>
         <wf lemma="moduan" pos="X">moduan</wf>
         <wf lemma="direla" pos="X">direla</wf>
         <wf lemma="esan" pos="X">esan</wf>
         <wf lemma="zigun" pos="X">zigun</wf>
         <wf lemma="." pos="X">.</wf>
      </sentence>
      <sentence id="d000.s709" source="wordnet-basque">
         <wf lemma="langileak" pos="X">langileak</wf>
         <wf lemma="dirua" pos="X">dirua</wf>
         <wf lemma="nahi" pos="X">nahi</wf>
         <wf lemma="duen" pos="X">duen</wf>
         <wf lemma="moduan" pos="X">moduan</wf>
         <wf lemma="erabil" pos="X">erabil</wf>
         <wf lemma="dezake" pos="X">dezake</wf>
         <wf lemma=":" pos="X">:</wf>
         <instance id="d000.s709.t000" lemma="pisu" pos="NOUN">pisu</instance>
         <wf lemma="baten" pos="X">baten</wf>
         <wf lemma="erosteko" pos="X">erosteko</wf>
         <wf lemma="edo" pos="X">edo</wf>
         <wf lemma="beren" pos="X">beren</wf>
         <wf lemma="seme-alaben" pos="X">seme-alaben</wf>
         <wf lemma="ikasketen" pos="X">ikasketen</wf>
         <wf lemma="pagatzeko" pos="X">pagatzeko</wf>
         <wf lemma="." pos="X">.</wf>
      </sentence>
      <sentence id="d000.s710" source="wordnet-basque">
         <wf lemma="EHren" pos="X">EHren</wf>
         <wf lemma="ekimenen" pos="X">ekimenen</wf>
         <wf lemma="ardatzak" pos="X">ardatzak</wf>
         <wf lemma="lurraldetasuna" pos="X">lurraldetasuna</wf>
         <wf lemma="eta" pos="X">eta</wf>
         <instance id="d000.s710.t000" lemma="burujabetza" pos="NOUN">burujabetza</instance>
         <wf lemma="direla" pos="X">direla</wf>
         <wf lemma="nabarmendu" pos="X">nabarmendu</wf>
         <wf lemma="zuten" pos="X">zuten</wf>
         <wf lemma="." pos="X">.</wf>
      </sentence>
      <sentence id="d000.s711" source="wordnet-basque">
         <instance id="d000.s711.t000" lemma="gauza" pos="NOUN">gauza</instance>
         <wf lemma="mugen" pos="X">mugen</wf>
         <wf lemma="barnean" pos="X">barnean</wf>
         <wf lemma="egotea" pos="X">egotea</wf>
         <wf lemma="da" pos="X">da</wf>
         <wf lemma="." pos="X">.</wf>
      </sentence>
      <sentence id="d000.s712" source="wordnet-basque">
         <wf lemma="sindikatoak" pos="X">sindikatoak</wf>
         <wf lemma="galde" pos="X">galde</wf>
         <wf lemma="egin" pos="X">egin</wf>
         <wf lemma="dio" pos="X">dio</wf>
         <instance id="d000.s712.t000" lemma="dosier" pos="NOUN">dosier</instance>
         <wf lemma="bat" pos="X">bat</wf>
         <wf lemma="presta" pos="X">presta</wf>
         <wf lemma="dezan" pos="X">dezan</wf>
         <wf lemma="gai" pos="X">gai</wf>
         <wf lemma="horretaz" pos="X">horretaz</wf>
         <wf lemma="," pos="X">,</wf>
         <wf lemma="Bruselasera" pos="X">Bruselasera</wf>
         <wf lemma="helarazteko" pos="X">helarazteko</wf>
         <wf lemma="gero" pos="X">gero</wf>
         <wf lemma="." pos="X">.</wf>
      </sentence>
      <sentence id="d000.s713" source="wordnet-basque">
         <wf lemma="gobernuak" pos="X">gobernuak</wf>
         <instance id="d000.s713.t000" lemma="genozidio" pos="NOUN">genozidiotzat</instance>
         <wf lemma="jo" pos="X">jo</wf>
         <wf lemma="zuen" pos="X">zuen</wf>
         <wf lemma="Jugoslaviako" pos="X">Jugoslaviako</wf>
         <wf lemma="gerra" pos="X">gerra</wf>
         <wf lemma="." pos="X">.</wf>
      </sentence>
      <sentence id="d000.s714" source="wordnet-basque">
         <instance id="d000.s714.t000" lemma="bainujantzi" pos="NOUN">bainujantziak</instance>
         <wf lemma="hartuko" pos="X">hartuko</wf>
         <wf lemma="ditugu" pos="X">ditugu</wf>
         <wf lemma="eta" pos="X">eta</wf>
         <wf lemma="hondartzara" pos="X">hondartzara</wf>
         <wf lemma="joango" pos="X">joango</wf>
         <wf lemma="gara" pos="X">gara</wf>
         <wf lemma="." pos="X">.</wf>
      </sentence>
      <sentence id="d000.s715" source="wordnet-basque">
         <wf lemma="urriaren" pos="X">urriaren</wf>
         <instance id="d000.s715.t000" lemma="bat" pos="NOUN">batean</instance>
         <wf lemma="abiatu" pos="X">abiatu</wf>
         <wf lemma="zen" pos="X">zen</wf>
         <wf lemma="Erromara" pos="X">Erromara</wf>
         <wf lemma="," pos="X">,</wf>
         <wf lemma="urteko" pos="X">urteko</wf>
         <wf lemma="4.000" pos="X">4.000</wf>
         <wf lemma="lirako" pos="X">lirako</wf>
         <wf lemma="esleipen" pos="X">esleipen</wf>
         <wf lemma="batekin" pos="X">batekin</wf>
         <wf lemma="," pos="X">,</wf>
         <wf lemma="lau" pos="X">lau</wf>
         <wf lemma="urterako" pos="X">urterako</wf>
         <wf lemma="." pos="X">.</wf>
      </sentence>
      <sentence id="d000.s716" source="wordnet-basque">
         <wf lemma="etxebizitzen" pos="X">etxebizitzen</wf>
         <wf lemma="eta" pos="X">eta</wf>
         <wf lemma="aparkaleku-etxebizitzen" pos="X">aparkaleku-etxebizitzen</wf>
         <instance id="d000.s716.t000" lemma="kopuru" pos="NOUN">kopurua</instance>
         <wf lemma="berdina" pos="X">berdina</wf>
         <wf lemma="izango" pos="X">izango</wf>
         <wf lemma="da" pos="X">da</wf>
         <wf lemma="aurton" pos="X">aurton</wf>
         <wf lemma="." pos="X">.</wf>
      </sentence>
      <sentence id="d000.s717" source="wordnet-basque">
         <wf lemma="legean" pos="X">legean</wf>
         <wf lemma="oinarrituriko" pos="X">oinarrituriko</wf>
         <wf lemma="administrazio-izaerako" pos="X">administrazio-izaerako</wf>
         <wf lemma="erabakiak" pos="X">erabakiak</wf>
         <instance id="d000.s717.t000" lemma="epaile" pos="NOUN">epaileek</instance>
         <wf lemma="ez" pos="X">ez</wf>
         <wf lemma="dute" pos="X">dute</wf>
         <wf lemma="bertan" pos="X">bertan</wf>
         <wf lemma="behera" pos="X">behera</wf>
         <wf lemma="uzterik" pos="X">uzterik</wf>
         <wf lemma="." pos="X">.</wf>
      </sentence>
      <sentence id="d000.s718" source="wordnet-basque">
         <wf lemma="eta" pos="X">eta</wf>
         <wf lemma="," pos="X">,</wf>
         <wf lemma="leiala" pos="X">leiala</wf>
         <wf lemma="zanez" pos="X">zanez</wf>
         <wf lemma="," pos="X">,</wf>
         <wf lemma="baita" pos="X">baita</wf>
         <instance id="d000.s718.t000" lemma="neska" pos="NOUN">neskak</instance>
         <wf lemma="sukaldetik" pos="X">sukaldetik</wf>
         <wf lemma="sua" pos="X">sua</wf>
         <wf lemma="azkar" pos="X">azkar</wf>
         <wf lemma="ekarri" pos="X">ekarri</wf>
         <wf lemma="ere" pos="X">ere</wf>
         <wf lemma="." pos="X">.</wf>
      </sentence>
      <sentence id="d000.s719" source="wordnet-basque">
         <wf lemma="Gamesak" pos="X">Gamesak</wf>
         <wf lemma="2.945" pos="X">2.945</wf>
         <wf lemma="milioi" pos="X">milioi</wf>
         <wf lemma="pezetako" pos="X">pezetako</wf>
         <wf lemma="kontratua" pos="X">kontratua</wf>
         <wf lemma="sinatu" pos="X">sinatu</wf>
         <wf lemma="du" pos="X">du</wf>
         <wf lemma="2001eko" pos="X">2001eko</wf>
         <wf lemma="otsaila" pos="X">otsaila</wf>
         <wf lemma="bitartean" pos="X">bitartean</wf>
         <wf lemma="haize" pos="X">haize</wf>
         <wf lemma="erroten" pos="X">erroten</wf>
         <wf lemma="600" pos="X">600</wf>
         <instance id="d000.s719.t000" lemma="hegal" pos="NOUN">hegal</instance>
         <wf lemma="emateko" pos="X">emateko</wf>
         <wf lemma="." pos="X">.</wf>
      </sentence>
      <sentence id="d000.s720" source="wordnet-basque">
         <instance id="d000.s720.t000" lemma="baliabide" pos="NOUN">baliabideen</instance>
         <wf lemma="ustiapena" pos="X">ustiapena</wf>
         <wf lemma="mugatuko" pos="X">mugatuko</wf>
         <wf lemma="da" pos="X">da</wf>
         <wf lemma="biotopoetan" pos="X">biotopoetan</wf>
         <wf lemma="." pos="X">.</wf>
      </sentence>
      <sentence id="d000.s721" source="wordnet-basque">
         <wf lemma="iazko" pos="X">iazko</wf>
         <instance id="d000.s721.t000" lemma="ekitaldi" pos="NOUN">ekitaldia</instance>
         <wf lemma="zaila" pos="X">zaila</wf>
         <wf lemma="izan" pos="X">izan</wf>
         <wf lemma="zela" pos="X">zela</wf>
         <wf lemma="ohartarazi" pos="X">ohartarazi</wf>
         <wf lemma="du" pos="X">du</wf>
         <wf lemma="Iberdrolako" pos="X">Iberdrolako</wf>
         <wf lemma="presidenteak" pos="X">presidenteak</wf>
         <wf lemma=":" pos="X">:</wf>
         <wf lemma="tarifa" pos="X">tarifa</wf>
         <wf lemma="elektrikoak" pos="X">elektrikoak</wf>
         <wf lemma="jaisteaz" pos="X">jaisteaz</wf>
         <wf lemma="gain" pos="X">gain</wf>
         <wf lemma="," pos="X">,</wf>
         <wf lemma="euri" pos="X">euri</wf>
         <wf lemma="urriaren" pos="X">urriaren</wf>
         <wf lemma="ondorioz" pos="X">ondorioz</wf>
         <wf lemma="," pos="X">,</wf>
         <wf lemma="argindarraren" pos="X">argindarraren</wf>
         <wf lemma="ekoizpen" pos="X">ekoizpen</wf>
         <wf lemma="hidraulikoa" pos="X">hidraulikoa</wf>
         <wf lemma="mugatu" pos="X">mugatu</wf>
         <wf lemma="behar" pos="X">behar</wf>
         <wf lemma="izan" pos="X">izan</wf>
         <wf lemma="zuen" pos="X">zuen</wf>
         <wf lemma="." pos="X">.</wf>
      </sentence>
      <sentence id="d000.s722" source="wordnet-basque">
         <wf lemma="Carl" pos="X">Carl</wf>
         <wf lemma="Lewisek" pos="X">Lewisek</wf>
         <wf lemma="hirugarren" pos="X">hirugarren</wf>
         <instance id="d000.s722.t000" lemma="kale" pos="NOUN">kaletik</instance>
         <wf lemma="egingo" pos="X">egingo</wf>
         <wf lemma="du" pos="X">du</wf>
         <wf lemma="lasterka" pos="X">lasterka</wf>
         <wf lemma="." pos="X">.</wf>
      </sentence>
      <sentence id="d000.s723" source="wordnet-basque">
         <wf lemma="Prieto" pos="X">Prieto</wf>
         <wf lemma="1997." pos="X">1997.</wf>
         <wf lemma="urteko" pos="X">urteko</wf>
         <instance id="d000.s723.t000" lemma="otsail" pos="NOUN">otsailean</instance>
         <wf lemma="atxilotu" pos="X">atxilotu</wf>
         <wf lemma="zuten" pos="X">zuten</wf>
         <wf lemma="." pos="X">.</wf>
      </sentence>
      <sentence id="d000.s724" source="wordnet-basque">
         <wf lemma="eta" pos="X">eta</wf>
         <wf lemma="arrantzaleen" pos="X">arrantzaleen</wf>
         <instance id="d000.s724.t000" lemma="izaera" pos="NOUN">izaera</instance>
         <wf lemma="hori" pos="X">hori</wf>
         <wf lemma="Bermeon" pos="X">Bermeon</wf>
         <wf lemma="garbi" pos="X">garbi</wf>
         <wf lemma="ikusten" pos="X">ikusten</wf>
         <wf lemma="da" pos="X">da</wf>
         <wf lemma="." pos="X">.</wf>
      </sentence>
      <sentence id="d000.s725" source="wordnet-basque">
         <wf lemma="guztiz" pos="X">guztiz</wf>
         <wf lemma="gaitzesgarria" pos="X">gaitzesgarria</wf>
         <wf lemma="da" pos="X">da</wf>
         <wf lemma="gaur" pos="X">gaur</wf>
         <wf lemma="eguneko" pos="X">eguneko</wf>
         <wf lemma="politikoen" pos="X">politikoen</wf>
         <instance id="d000.s725.t000" lemma="prezio" pos="NOUN">prezioa</instance>
         <wf lemma=";" pos="X">;</wf>
         <wf lemma="izan" pos="X">izan</wf>
         <wf lemma="ere" pos="X">ere</wf>
         <wf lemma="," pos="X">,</wf>
         <wf lemma="eraikuntza-enpresa" pos="X">eraikuntza-enpresa</wf>
         <wf lemma="bateko" pos="X">bateko</wf>
         <wf lemma="sos" pos="X">sos</wf>
         <wf lemma="gutxi" pos="X">gutxi</wf>
         <wf lemma="batzuk" pos="X">batzuk</wf>
         <wf lemma="nahikoak" pos="X">nahikoak</wf>
         <wf lemma="dira" pos="X">dira</wf>
         <wf lemma="." pos="X">.</wf>
      </sentence>
      <sentence id="d000.s726" source="wordnet-basque">
         <wf lemma="Sanchezek" pos="X">Sanchezek</wf>
         <instance id="d000.s726.t000" lemma="gehiengo" pos="NOUN">gehiengoa</instance>
         <wf lemma="lortu" pos="X">lortu</wf>
         <wf lemma="zuen" pos="X">zuen</wf>
         <wf lemma="botoen" pos="X">botoen</wf>
         <wf lemma="%56arekin" pos="X">%56arekin</wf>
         <wf lemma="." pos="X">.</wf>
      </sentence>
      <sentence id="d000.s727" source="wordnet-basque">
         <wf lemma="Alemaniako" pos="X">Alemaniako</wf>
         <wf lemma="Gobernuak" pos="X">Gobernuak</wf>
         <wf lemma="eta" pos="X">eta</wf>
         <wf lemma="alderdi" pos="X">alderdi</wf>
         <wf lemma="politikoetako" pos="X">politikoetako</wf>
         <wf lemma="buruzagiek" pos="X">buruzagiek</wf>
         <instance id="d000.s727.t000" lemma="xenofobia" pos="NOUN">xenofobiaren</instance>
         <wf lemma="aurkako" pos="X">aurkako</wf>
         <wf lemma="mobilizazioari" pos="X">mobilizazioari</wf>
         <wf lemma="ekin" pos="X">ekin</wf>
         <wf lemma="diote" pos="X">diote</wf>
         <wf lemma="azken" pos="X">azken</wf>
         <wf lemma="egunotan" pos="X">egunotan</wf>
         <wf lemma="." pos="X">.</wf>
      </sentence>
      <sentence id="d000.s728" source="wordnet-basque">
         <wf lemma="Txileko" pos="X">Txileko</wf>
         <instance id="d000.s728.t000" lemma="estatuburu" pos="NOUN">estatuburu</instance>
         <wf lemma="ohiari" pos="X">ohiari</wf>
         <wf lemma="bahiketa" pos="X">bahiketa</wf>
         <wf lemma="delituaren" pos="X">delituaren</wf>
         <wf lemma="koegilea" pos="X">koegilea</wf>
         <wf lemma="izatea" pos="X">izatea</wf>
         <wf lemma="leporatu" pos="X">leporatu</wf>
         <wf lemma="diote" pos="X">diote</wf>
         <wf lemma="." pos="X">.</wf>
      </sentence>
      <sentence id="d000.s729" source="wordnet-basque">
         <wf lemma="auditorearen" pos="X">auditorearen</wf>
         <wf lemma="jarrera" pos="X">jarrera</wf>
         <wf lemma="berretsi" pos="X">berretsi</wf>
         <wf lemma="egin" pos="X">egin</wf>
         <wf lemma="izaten" pos="X">izaten</wf>
         <wf lemma="du" pos="X">du</wf>
         <wf lemma="presidenteak" pos="X">presidenteak</wf>
         <wf lemma="," pos="X">,</wf>
         <wf lemma="hala" pos="X">hala</wf>
         <wf lemma="zioten" pos="X">zioten</wf>
         <wf lemma="atzo" pos="X">atzo</wf>
         <wf lemma="prentsak" pos="X">prentsak</wf>
         <wf lemma="eta" pos="X">eta</wf>
         <wf lemma="bi" pos="X">bi</wf>
         <wf lemma="errefuxiatuaren" pos="X">errefuxiatuaren</wf>
         <instance id="d000.s729.t000" lemma="defentsa" pos="NOUN">defentsak</instance>
         <wf lemma="." pos="X">.</wf>
      </sentence>
      <sentence id="d000.s730" source="wordnet-basque">
         <wf lemma="planteamendu" pos="X">planteamendu</wf>
         <wf lemma="hau" pos="X">hau</wf>
         <wf lemma="Miranderen" pos="X">Miranderen</wf>
         <wf lemma="obran" pos="X">obran</wf>
         <wf lemma="xeheki" pos="X">xeheki</wf>
         <wf lemma="nola" pos="X">nola</wf>
         <wf lemma="desarroilatzen" pos="X">desarroilatzen</wf>
         <wf lemma="den" pos="X">den</wf>
         <wf lemma="Mirande" pos="X">Mirande</wf>
         <wf lemma="eta" pos="X">eta</wf>
         <wf lemma="Kristautasuna" pos="X">Kristautasuna</wf>
         <instance id="d000.s730.t000" lemma="saio" pos="NOUN">saioan</instance>
         <wf lemma="egina" pos="X">egina</wf>
         <wf lemma="dago" pos="X">dago</wf>
         <wf lemma="eta" pos="X">eta</wf>
         <wf lemma="gehienbat" pos="X">gehienbat</wf>
         <wf lemma="." pos="X">.</wf>
      </sentence>
      <sentence id="d000.s731" source="wordnet-basque">
         <wf lemma="gizonezkoen" pos="X">gizonezkoen</wf>
         <wf lemma="eta" pos="X">eta</wf>
         <instance id="d000.s731.t000" lemma="emakumezko" pos="NOUN">emakumezkoen</instance>
         <wf lemma="arteko" pos="X">arteko</wf>
         <wf lemma="berdintasuna" pos="X">berdintasuna</wf>
         <wf lemma="arlo" pos="X">arlo</wf>
         <wf lemma="guztietan" pos="X">guztietan</wf>
         <wf lemma="bermatuko" pos="X">bermatuko</wf>
         <wf lemma="da" pos="X">da</wf>
         <wf lemma="," pos="X">,</wf>
         <wf lemma="baita" pos="X">baita</wf>
         <wf lemma="lan" pos="X">lan</wf>
         <wf lemma="arloan" pos="X">arloan</wf>
         <wf lemma="ere" pos="X">ere</wf>
         <wf lemma="." pos="X">.</wf>
      </sentence>
      <sentence id="d000.s732" source="wordnet-basque">
         <instance id="d000.s732.t000" lemma="denboraldi" pos="NOUN">denboraldi</instance>
         <wf lemma="luze" pos="X">luze</wf>
         <wf lemma="bat" pos="X">bat</wf>
         <wf lemma="pasako" pos="X">pasako</wf>
         <wf lemma="da" pos="X">da</wf>
         <wf lemma="fenomeno" pos="X">fenomeno</wf>
         <wf lemma="horiek" pos="X">horiek</wf>
         <wf lemma="kuriositatez" pos="X">kuriositatez</wf>
         <wf lemma="behatuko" pos="X">behatuko</wf>
         <wf lemma="dituztela" pos="X">dituztela</wf>
         <wf lemma="." pos="X">.</wf>
      </sentence>
      <sentence id="d000.s733" source="wordnet-basque">
         <wf lemma="gero" pos="X">gero</wf>
         <instance id="d000.s733.t000" lemma="kazetari" pos="NOUN">kazetariekin</instance>
         <wf lemma="hitz" pos="X">hitz</wf>
         <wf lemma="egin" pos="X">egin</wf>
         <wf lemma="zuen" pos="X">zuen</wf>
         <wf lemma="," pos="X">,</wf>
         <wf lemma="eta" pos="X">eta</wf>
         <wf lemma="Jose" pos="X">Jose</wf>
         <wf lemma="Maria" pos="X">Maria</wf>
         <wf lemma="Aznarren" pos="X">Aznarren</wf>
         <wf lemma="adierazpenei" pos="X">adierazpenei</wf>
         <wf lemma="erantzun" pos="X">erantzun</wf>
         <wf lemma="zien" pos="X">zien</wf>
         <wf lemma="." pos="X">.</wf>
      </sentence>
      <sentence id="d000.s734" source="wordnet-basque">
         <wf lemma="hala" pos="X">hala</wf>
         <wf lemma="ere" pos="X">ere</wf>
         <wf lemma="," pos="X">,</wf>
         <wf lemma="enpresa" pos="X">enpresa</wf>
         <wf lemma="bakoitza" pos="X">bakoitza</wf>
         <instance id="d000.s734.t000" lemma="lanaldi" pos="NOUN">lanaldiaren</instance>
         <wf lemma="berrantolaketa" pos="X">berrantolaketa</wf>
         <wf lemma="negoziatzea" pos="X">negoziatzea</wf>
         <wf lemma="ez" pos="X">ez</wf>
         <wf lemma="duela" pos="X">duela</wf>
         <wf lemma="oztopatuko" pos="X">oztopatuko</wf>
         <wf lemma="dio" pos="X">dio</wf>
         <wf lemma="patronalak" pos="X">patronalak</wf>
         <wf lemma="." pos="X">.</wf>
      </sentence>
      <sentence id="d000.s735" source="wordnet-basque">
         <wf lemma="zein" pos="X">zein</wf>
         <wf lemma="materia-sistema" pos="X">materia-sistema</wf>
         <wf lemma="aldatu" pos="X">aldatu</wf>
         <wf lemma="dira" pos="X">dira</wf>
         <wf lemma="kasu" pos="X">kasu</wf>
         <wf lemma="bakoitzean" pos="X">bakoitzean</wf>
         <wf lemma="?" pos="X">?</wf>
         <wf lemma="Nolako" pos="X">Nolako</wf>
         <instance id="d000.s735.t000" lemma="aldaketa" pos="NOUN">aldaketak</instance>
         <wf lemma="izan" pos="X">izan</wf>
         <wf lemma="dituzte" pos="X">dituzte</wf>
         <wf lemma="?" pos="X">?</wf>
      </sentence>
      <sentence id="d000.s736" source="wordnet-basque">
         <wf lemma="Silvi" pos="X">Silvi</wf>
         <wf lemma="aitzurrarekin" pos="X">aitzurrarekin</wf>
         <wf lemma="ari" pos="X">ari</wf>
         <wf lemma="zen" pos="X">zen</wf>
         <instance id="d000.s736.t000" lemma="mutur" pos="NOUN">muturreko</instance>
         <wf lemma="lau" pos="X">lau</wf>
         <wf lemma="ileak" pos="X">ileak</wf>
         <wf lemma="ebakitzen" pos="X">ebakitzen</wf>
         <wf lemma="eta" pos="X">eta</wf>
         <wf lemma="Laura" pos="X">Laura</wf>
         <wf lemma="," pos="X">,</wf>
         <wf lemma="berriz" pos="X">berriz</wf>
         <wf lemma="," pos="X">,</wf>
         <wf lemma="loxintze-lanetan" pos="X">loxintze-lanetan</wf>
         <wf lemma="." pos="X">.</wf>
      </sentence>
      <sentence id="d000.s737" source="wordnet-basque">
         <wf lemma="CDUko" pos="X">CDUko</wf>
         <wf lemma="lehendakari" pos="X">lehendakari</wf>
         <wf lemma="Angela" pos="X">Angela</wf>
         <wf lemma="Merkelek" pos="X">Merkelek</wf>
         <wf lemma="joan" pos="X">joan</wf>
         <wf lemma="den" pos="X">den</wf>
         <wf lemma="ostiralean" pos="X">ostiralean</wf>
         <wf lemma="Bundestagen" pos="X">Bundestagen</wf>
         <wf lemma="," pos="X">,</wf>
         <instance id="d000.s737.t000" lemma="legebiltzar" pos="NOUN">Legebiltzarrean</instance>
         <wf lemma="," pos="X">,</wf>
         <wf lemma="azaldu" pos="X">azaldu</wf>
         <wf lemma="zuen" pos="X">zuen</wf>
         <wf lemma="eztabaidaren" pos="X">eztabaidaren</wf>
         <wf lemma="mamia" pos="X">mamia</wf>
         <wf lemma="." pos="X">.</wf>
      </sentence>
      <sentence id="d000.s738" source="wordnet-basque">
         <wf lemma="Sydneyko" pos="X">Sydneyko</wf>
         <wf lemma="Olinpiar" pos="X">Olinpiar</wf>
         <wf lemma="Jokoetan" pos="X">Jokoetan</wf>
         <instance id="d000.s738.t000" lemma="diploma" pos="NOUN">diploma</instance>
         <wf lemma="lortzea" pos="X">lortzea</wf>
         <wf lemma="zen" pos="X">zen</wf>
         <wf lemma="lehen" pos="X">lehen</wf>
         <wf lemma="helburua" pos="X">helburua</wf>
         <wf lemma="." pos="X">.</wf>
      </sentence>
      <sentence id="d000.s739" source="wordnet-basque">
         <wf lemma="Kelme" pos="X">Kelme</wf>
         <wf lemma="eta" pos="X">eta</wf>
         <wf lemma="Telekom" pos="X">Telekom</wf>
         <wf lemma="taldeak" pos="X">taldeak</wf>
         <wf lemma="sarritan" pos="X">sarritan</wf>
         <wf lemma="agertu" pos="X">agertu</wf>
         <wf lemma="ziren" pos="X">ziren</wf>
         <wf lemma="tropelburuan" pos="X">tropelburuan</wf>
         <wf lemma="," pos="X">,</wf>
         <instance id="d000.s739.t000" lemma="kontrol" pos="NOUN">kontrol</instance>
         <wf lemma="lanetan" pos="X">lanetan</wf>
         <wf lemma="batzuetan" pos="X">batzuetan</wf>
         <wf lemma="," pos="X">,</wf>
         <wf lemma="edo" pos="X">edo</wf>
         <wf lemma="erritmoa" pos="X">erritmoa</wf>
         <wf lemma="igotzen" pos="X">igotzen</wf>
         <wf lemma="besteetan" pos="X">besteetan</wf>
         <wf lemma="." pos="X">.</wf>
      </sentence>
      <sentence id="d000.s740" source="wordnet-basque">
         <wf lemma="egunsentiak" pos="X">egunsentiak</wf>
         <wf lemma="gaua" pos="X">gaua</wf>
         <instance id="d000.s740.t000" lemma="egun" pos="NOUN">egun</instance>
         <wf lemma="bihurtu" pos="X">bihurtu</wf>
         <wf lemma="zuen" pos="X">zuen</wf>
         <wf lemma="." pos="X">.</wf>
      </sentence>
      <sentence id="d000.s741" source="wordnet-basque">
         <wf lemma="Argentinara" pos="X">Argentinara</wf>
         <wf lemma="ez" pos="X">ez</wf>
         <wf lemma="da" pos="X">da</wf>
         <wf lemma="oraindik" pos="X">oraindik</wf>
         <wf lemma="profesionaltasuna" pos="X">profesionaltasuna</wf>
         <wf lemma="heldu" pos="X">heldu</wf>
         <wf lemma="," pos="X">,</wf>
         <wf lemma="eta" pos="X">eta</wf>
         <wf lemma="," pos="X">,</wf>
         <wf lemma="ondorioz" pos="X">ondorioz</wf>
         <wf lemma="," pos="X">,</wf>
         <wf lemma="selekzioko" pos="X">selekzioko</wf>
         <wf lemma="hainbat" pos="X">hainbat</wf>
         <wf lemma="jokalarik" pos="X">jokalarik</wf>
         <wf lemma="alde" pos="X">alde</wf>
         <wf lemma="egin" pos="X">egin</wf>
         <wf lemma="dute" pos="X">dute</wf>
         <wf lemma="beste" pos="X">beste</wf>
         <instance id="d000.s741.t000" lemma="nazio" pos="NOUN">nazioetara</instance>
         <wf lemma="." pos="X">.</wf>
      </sentence>
      <sentence id="d000.s742" source="wordnet-basque">
         <wf lemma="oheratzeko" pos="X">oheratzeko</wf>
         <instance id="d000.s742.t000" lemma="ordu" pos="NOUN">ordua</instance>
         <wf lemma="iritsi" pos="X">iritsi</wf>
         <wf lemma="da" pos="X">da</wf>
         <wf lemma="." pos="X">.</wf>
      </sentence>
      <sentence id="d000.s743" source="wordnet-basque">
         <wf lemma="Jorge" pos="X">Jorge</wf>
         <wf lemma="Balerdik" pos="X">Balerdik</wf>
         <wf lemma="Papera" pos="X">Papera</wf>
         <wf lemma="birziklatzeko" pos="X">birziklatzeko</wf>
         <instance id="d000.s743.t000" lemma="kanpaina" pos="NOUN">kanpainaren</instance>
         <wf lemma="emaitzak" pos="X">emaitzak</wf>
         <wf lemma="eman" pos="X">eman</wf>
         <wf lemma="zituen" pos="X">zituen</wf>
         <wf lemma="ezagutzera" pos="X">ezagutzera</wf>
         <wf lemma="atzo" pos="X">atzo</wf>
         <wf lemma="." pos="X">.</wf>
      </sentence>
      <sentence id="d000.s744" source="wordnet-basque">
         <wf lemma="lehen" pos="X">lehen</wf>
         <instance id="d000.s744.t000" lemma="pospolo" pos="NOUN">pospoloa</instance>
         <wf lemma="zena" pos="X">zena</wf>
         <wf lemma="erretako" pos="X">erretako</wf>
         <wf lemma="zotz" pos="X">zotz</wf>
         <wf lemma="bihurtu" pos="X">bihurtu</wf>
         <wf lemma="da" pos="X">da</wf>
         <wf lemma="." pos="X">.</wf>
      </sentence>
      <sentence id="d000.s745" source="wordnet-basque">
         <wf lemma="kartzeletan" pos="X">kartzeletan</wf>
         <wf lemma="30.000" pos="X">30.000</wf>
         <wf lemma="lagunentzako" pos="X">lagunentzako</wf>
         <instance id="d000.s745.t000" lemma="leku" pos="NOUN">lekua</instance>
         <wf lemma="dago" pos="X">dago</wf>
         <wf lemma="." pos="X">.</wf>
      </sentence>
      <sentence id="d000.s746" source="wordnet-basque">
         <wf lemma="Piezaren" pos="X">Piezaren</wf>
         <wf lemma="gainerako" pos="X">gainerako</wf>
         <instance id="d000.s746.t000" lemma="aurpegi" pos="NOUN">aurpegiak</instance>
         <wf lemma="proiektatzeko" pos="X">proiektatzeko</wf>
         <wf lemma="," pos="X">,</wf>
         <wf lemma="horizontalarekin" pos="X">horizontalarekin</wf>
         <wf lemma="&lt;formula&gt;&amp;&lt;/formula&gt;" pos="X">&lt;formula&gt;&amp;&lt;/formula&gt;</wf>
         <wf lemma="angelua" pos="X">angelua</wf>
         <wf lemma="osatzen" pos="X">osatzen</wf>
         <wf lemma="duten" pos="X">duten</wf>
         <wf lemma="iheslerroak" pos="X">iheslerroak</wf>
         <wf lemma="marrazten" pos="X">marrazten</wf>
         <wf lemma="dira" pos="X">dira</wf>
         <wf lemma="." pos="X">.</wf>
      </sentence>
      <sentence id="d000.s747" source="wordnet-basque">
         <wf lemma="Gernikako" pos="X">Gernikako</wf>
         <instance id="d000.s747.t000" lemma="arbola" pos="NOUN">arbola</instance>
         <wf lemma="da" pos="X">da</wf>
         <wf lemma="bedeinkatua" pos="X">bedeinkatua</wf>
         <wf lemma="Euskaldunen" pos="X">Euskaldunen</wf>
         <wf lemma="artean" pos="X">artean</wf>
         <wf lemma="guztiz" pos="X">guztiz</wf>
         <wf lemma="maitatua" pos="X">maitatua</wf>
         <wf lemma="emanda" pos="X">emanda</wf>
         <wf lemma="zabal" pos="X">zabal</wf>
         <wf lemma="zazu" pos="X">zazu</wf>
         <wf lemma="mundura" pos="X">mundura</wf>
         <wf lemma="frutua" pos="X">frutua</wf>
         <wf lemma="." pos="X">.</wf>
      </sentence>
      <sentence id="d000.s748" source="wordnet-basque">
         <wf lemma="indar" pos="X">indar</wf>
         <wf lemma="haundi" pos="X">haundi</wf>
         <wf lemma="batek" pos="X">batek</wf>
         <wf lemma="bukaerarik" pos="X">bukaerarik</wf>
         <wf lemma="gabeko" pos="X">gabeko</wf>
         <wf lemma="zirudien" pos="X">zirudien</wf>
         <instance id="d000.s748.t000" lemma="tunel" pos="NOUN">tunel</instance>
         <wf lemma="barrura" pos="X">barrura</wf>
         <wf lemma="bultzatzen" pos="X">bultzatzen</wf>
         <wf lemma="zuen" pos="X">zuen</wf>
         <wf lemma="." pos="X">.</wf>
      </sentence>
      <sentence id="d000.s749" source="wordnet-basque">
         <wf lemma="behin" pos="X">behin</wf>
         <wf lemma="Somorrostroko" pos="X">Somorrostroko</wf>
         <instance id="d000.s749.t000" lemma="lerro" pos="NOUN">lerroa</instance>
         <wf lemma="jausi" pos="X">jausi</wf>
         <wf lemma="ondoren" pos="X">ondoren</wf>
         <wf lemma="," pos="X">,</wf>
         <wf lemma="Armada" pos="X">Armada</wf>
         <wf lemma="Portugaleten" pos="X">Portugaleten</wf>
         <wf lemma="sartu" pos="X">sartu</wf>
         <wf lemma="zen" pos="X">zen</wf>
         <wf lemma="maiatzaren" pos="X">maiatzaren</wf>
         <wf lemma="1ean" pos="X">1ean</wf>
         <wf lemma="eta" pos="X">eta</wf>
         <wf lemma="Bilbon" pos="X">Bilbon</wf>
         <wf lemma="maiatzaren" pos="X">maiatzaren</wf>
         <wf lemma="2an" pos="X">2an</wf>
         <wf lemma="." pos="X">.</wf>
      </sentence>
      <sentence id="d000.s750" source="wordnet-basque">
         <instance id="d000.s750.t000" lemma="gai" pos="NOUN">gaia</instance>
         <wf lemma="lehenengo" pos="X">lehenengo</wf>
         <wf lemma="konpasean" pos="X">konpasean</wf>
         <wf lemma="iragartzen" pos="X">iragartzen</wf>
         <wf lemma="da" pos="X">da</wf>
         <wf lemma="." pos="X">.</wf>
      </sentence>
      <sentence id="d000.s751" source="wordnet-basque">
         <wf lemma="hauetan" pos="X">hauetan</wf>
         <wf lemma="indukzio" pos="X">indukzio</wf>
         <wf lemma="elektromagnetikoaren" pos="X">elektromagnetikoaren</wf>
         <wf lemma="bidez" pos="X">bidez</wf>
         <wf lemma="higiduraren" pos="X">higiduraren</wf>
         <wf lemma="energia" pos="X">energia</wf>
         <wf lemma="mekanikoa" pos="X">mekanikoa</wf>
         <instance id="d000.s751.t000" lemma="tentsio" pos="NOUN">tentsio</instance>
         <wf lemma="elektriko" pos="X">elektriko</wf>
         <wf lemma="bihurtzen" pos="X">bihurtzen</wf>
         <wf lemma="da" pos="X">da</wf>
         <wf lemma="." pos="X">.</wf>
      </sentence>
      <sentence id="d000.s752" source="wordnet-basque">
         <wf lemma="EAJk" pos="X">EAJk</wf>
         <wf lemma="bere" pos="X">bere</wf>
         <instance id="d000.s752.t000" lemma="programa" pos="NOUN">programaz</instance>
         <wf lemma="gain" pos="X">gain</wf>
         <wf lemma="," pos="X">,</wf>
         <wf lemma="baketzeari" pos="X">baketzeari</wf>
         <wf lemma="buruz" pos="X">buruz</wf>
         <wf lemma="eta" pos="X">eta</wf>
         <wf lemma="Estatu" pos="X">Estatu</wf>
         <wf lemma="ereduari" pos="X">ereduari</wf>
         <wf lemma="buruz" pos="X">buruz</wf>
         <wf lemma="duen" pos="X">duen</wf>
         <wf lemma="egitasmoa" pos="X">egitasmoa</wf>
         <wf lemma="aipatu" pos="X">aipatu</wf>
         <wf lemma="zuen" pos="X">zuen</wf>
         <wf lemma="." pos="X">.</wf>
      </sentence>
      <sentence id="d000.s753" source="wordnet-basque">
         <wf lemma="jasotzen" pos="X">jasotzen</wf>
         <wf lemma="duen" pos="X">duen</wf>
         <wf lemma="briska" pos="X">briska</wf>
         <wf lemma="bakoitza" pos="X">bakoitza</wf>
         <wf lemma="bolada" pos="X">bolada</wf>
         <wf lemma="onaren" pos="X">onaren</wf>
         <wf lemma="seinaletzat" pos="X">seinaletzat</wf>
         <wf lemma="hartzen" pos="X">hartzen</wf>
         <wf lemma="du" pos="X">du</wf>
         <wf lemma="," pos="X">,</wf>
         <wf lemma="baina" pos="X">baina</wf>
         <wf lemma="hurrengo" pos="X">hurrengo</wf>
         <instance id="d000.s753.t000" lemma="partida" pos="NOUN">partidan</instance>
         <wf lemma="atzera" pos="X">atzera</wf>
         <wf lemma="ere" pos="X">ere</wf>
         <wf lemma="galdu" pos="X">galdu</wf>
         <wf lemma="egiten" pos="X">egiten</wf>
         <wf lemma="du" pos="X">du</wf>
         <wf lemma="." pos="X">.</wf>
      </sentence>
      <sentence id="d000.s754" source="wordnet-basque">
         <wf lemma="ulermenerako" pos="X">ulermenerako</wf>
         <wf lemma="hizkuntzaren" pos="X">hizkuntzaren</wf>
         <instance id="d000.s754.t000" lemma="jabekuntza" pos="NOUN">jabekuntza</instance>
         <wf lemma="bezain" pos="X">bezain</wf>
         <wf lemma="garrantzizkoa" pos="X">garrantzizkoa</wf>
         <wf lemma="da" pos="X">da</wf>
         <wf lemma="irakurleak" pos="X">irakurleak</wf>
         <wf lemma="gaiari" pos="X">gaiari</wf>
         <wf lemma="buruz" pos="X">buruz</wf>
         <wf lemma="duen" pos="X">duen</wf>
         <wf lemma="informazioa" pos="X">informazioa</wf>
         <wf lemma="." pos="X">.</wf>
      </sentence>
      <sentence id="d000.s755" source="wordnet-basque">
         <instance id="d000.s755.t000" lemma="liga" pos="NOUN">Liga</instance>
         <wf lemma="Islamikoko" pos="X">Islamikoko</wf>
         <wf lemma="buruzagi" pos="X">buruzagi</wf>
         <wf lemma="ohiak" pos="X">ohiak</wf>
         <wf lemma="amnistia" pos="X">amnistia</wf>
         <wf lemma="orokorra" pos="X">orokorra</wf>
         <wf lemma="eskatu" pos="X">eskatu</wf>
         <wf lemma="du" pos="X">du</wf>
         <wf lemma="." pos="X">.</wf>
      </sentence>
      <sentence id="d000.s756" source="wordnet-basque">
         <wf lemma="sari" pos="X">sari</wf>
         <wf lemma="garrantzitsuak" pos="X">garrantzitsuak</wf>
         <wf lemma="irabazi" pos="X">irabazi</wf>
         <wf lemma="eta" pos="X">eta</wf>
         <wf lemma="filme" pos="X">filme</wf>
         <wf lemma="ospetsuen" pos="X">ospetsuen</wf>
         <instance id="d000.s756.t000" lemma="oinarri" pos="NOUN">oinarrian</instance>
         <wf lemma="dauden" pos="X">dauden</wf>
         <wf lemma="eleberriak" pos="X">eleberriak</wf>
         <wf lemma="idazten" pos="X">idazten</wf>
         <wf lemma="dituzte" pos="X">dituzte</wf>
         <wf lemma="." pos="X">.</wf>
      </sentence>
      <sentence id="d000.s757" source="wordnet-basque">
         <wf lemma="baina" pos="X">baina</wf>
         <wf lemma="gobernu" pos="X">gobernu</wf>
         <wf lemma="gorri-berdeak" pos="X">gorri-berdeak</wf>
         <wf lemma="aurreko" pos="X">aurreko</wf>
         <wf lemma="gobernuen" pos="X">gobernuen</wf>
         <instance id="d000.s757.t000" lemma="aldaketa" pos="NOUN">aldaketa</instance>
         <wf lemma="neoliberala" pos="X">neoliberala</wf>
         <wf lemma="azkartu" pos="X">azkartu</wf>
         <wf lemma="zuen" pos="X">zuen</wf>
         <wf lemma="." pos="X">.</wf>
      </sentence>
      <sentence id="d000.s758" source="wordnet-basque">
         <wf lemma="proiektuak" pos="X">proiektuak</wf>
         <wf lemma="bi" pos="X">bi</wf>
         <wf lemma="ardatz" pos="X">ardatz</wf>
         <wf lemma="ditu" pos="X">ditu</wf>
         <wf lemma=":" pos="X">:</wf>
         <wf lemma="etiketa" pos="X">etiketa</wf>
         <wf lemma="bat" pos="X">bat</wf>
         <wf lemma="sortzea" pos="X">sortzea</wf>
         <wf lemma="eta" pos="X">eta</wf>
         <instance id="d000.s758.t000" lemma="kontrol" pos="NOUN">kontrol</instance>
         <wf lemma="informatikoaren" pos="X">informatikoaren</wf>
         <wf lemma="sistema" pos="X">sistema</wf>
         <wf lemma="ezartzea" pos="X">ezartzea</wf>
         <wf lemma="." pos="X">.</wf>
      </sentence>
      <sentence id="d000.s759" source="wordnet-basque">
         <instance id="d000.s759.t000" lemma="eliza" pos="NOUN">eliza</instance>
         <wf lemma="hutsik" pos="X">hutsik</wf>
         <wf lemma="zegoen" pos="X">zegoen</wf>
         <wf lemma="." pos="X">.</wf>
      </sentence>
      <sentence id="d000.s760" source="wordnet-basque">
         <wf lemma="errealitatea" pos="X">errealitatea</wf>
         <wf lemma="," pos="X">,</wf>
         <wf lemma="fotografikoki" pos="X">fotografikoki</wf>
         <wf lemma="," pos="X">,</wf>
         <wf lemma="jadanik" pos="X">jadanik</wf>
         <wf lemma="agortu" pos="X">agortu</wf>
         <wf lemma="eta" pos="X">eta</wf>
         <instance id="d000.s760.t000" lemma="erreportaje" pos="NOUN">erreportajea</instance>
         <wf lemma="hil" pos="X">hil</wf>
         <wf lemma="delako" pos="X">delako</wf>
         <wf lemma="sentimenduak" pos="X">sentimenduak</wf>
         <wf lemma="flotatzen" pos="X">flotatzen</wf>
         <wf lemma="du" pos="X">du</wf>
         <wf lemma="." pos="X">.</wf>
      </sentence>
      <sentence id="d000.s761" source="wordnet-basque">
         <wf lemma="arau" pos="X">arau</wf>
         <wf lemma="bakoitzaren" pos="X">bakoitzaren</wf>
         <wf lemma="ondoan" pos="X">ondoan</wf>
         <wf lemma="katuaren" pos="X">katuaren</wf>
         <instance id="d000.s761.t000" lemma="aurpegi" pos="NOUN">aurpegia</instance>
         <wf lemma="marraztu" pos="X">marraztu</wf>
         <wf lemma="," pos="X">,</wf>
         <wf lemma="gure" pos="X">gure</wf>
         <wf lemma="katua" pos="X">katua</wf>
         <wf lemma="nola" pos="X">nola</wf>
         <wf lemma="dagoen" pos="X">dagoen</wf>
         <wf lemma="adieraziz" pos="X">adieraziz</wf>
         <wf lemma="." pos="X">.</wf>
      </sentence>
      <sentence id="d000.s762" source="wordnet-basque">
         <wf lemma="ezinbestekoa" pos="X">ezinbestekoa</wf>
         <wf lemma="da" pos="X">da</wf>
         <wf lemma="haur" pos="X">haur</wf>
         <wf lemma="guztiek" pos="X">guztiek</wf>
         <instance id="d000.s762.t000" lemma="euskara" pos="NOUN">euskara</instance>
         <wf lemma="ikastea" pos="X">ikastea</wf>
         <wf lemma="." pos="X">.</wf>
      </sentence>
      <sentence id="d000.s763" source="wordnet-basque">
         <wf lemma="telefono" pos="X">telefono</wf>
         <wf lemma="guneko" pos="X">guneko</wf>
         <instance id="d000.s763.t000" lemma="langile" pos="NOUN">langilea</instance>
         <wf lemma="da" pos="X">da</wf>
         <wf lemma="." pos="X">.</wf>
      </sentence>
      <sentence id="d000.s764" source="wordnet-basque">
         <wf lemma="operazioaren" pos="X">operazioaren</wf>
         <instance id="d000.s764.t000" lemma="porrot" pos="NOUN">porrotagatik</instance>
         <wf lemma="," pos="X">,</wf>
         <wf lemma="Zisjordaniako" pos="X">Zisjordaniako</wf>
         <wf lemma="tropa" pos="X">tropa</wf>
         <wf lemma="israeldarren" pos="X">israeldarren</wf>
         <wf lemma="buruak" pos="X">buruak</wf>
         <wf lemma="eta" pos="X">eta</wf>
         <wf lemma="beste" pos="X">beste</wf>
         <wf lemma="ofizial" pos="X">ofizial</wf>
         <wf lemma="batek" pos="X">batek</wf>
         <wf lemma="dimisioa" pos="X">dimisioa</wf>
         <wf lemma="aurkeztu" pos="X">aurkeztu</wf>
         <wf lemma="dute" pos="X">dute</wf>
         <wf lemma="." pos="X">.</wf>
      </sentence>
      <sentence id="d000.s765" source="wordnet-basque">
         <wf lemma="presidentearen" pos="X">presidentearen</wf>
         <wf lemma="aurkako" pos="X">aurkako</wf>
         <wf lemma="konspirazioaren" pos="X">konspirazioaren</wf>
         <instance id="d000.s765.t000" lemma="historia" pos="NOUN">historia</instance>
         <wf lemma="hau" pos="X">hau</wf>
         <wf lemma="ez" pos="X">ez</wf>
         <wf lemma="dago" pos="X">dago</wf>
         <wf lemma="zehaztasunez" pos="X">zehaztasunez</wf>
         <wf lemma="kontaturik" pos="X">kontaturik</wf>
         <wf lemma="." pos="X">.</wf>
      </sentence>
      <sentence id="d000.s766" source="wordnet-basque">
         <wf lemma="azken" pos="X">azken</wf>
         <instance id="d000.s766.t000" lemma="laurden" pos="NOUN">laurdenean</instance>
         <wf lemma="," pos="X">,</wf>
         <wf lemma="Baskoniak" pos="X">Baskoniak</wf>
         <wf lemma="," pos="X">,</wf>
         <wf lemma="erreboteei" pos="X">erreboteei</wf>
         <wf lemma="esker" pos="X">esker</wf>
         <wf lemma="," pos="X">,</wf>
         <wf lemma="gertutik" pos="X">gertutik</wf>
         <wf lemma="jarraitu" pos="X">jarraitu</wf>
         <wf lemma="zion" pos="X">zion</wf>
         <wf lemma="Kinderren" pos="X">Kinderren</wf>
         <wf lemma="arrastoari" pos="X">arrastoari</wf>
         <wf lemma="." pos="X">.</wf>
      </sentence>
      <sentence id="d000.s767" source="wordnet-basque">
         <wf lemma="hala" pos="X">hala</wf>
         <wf lemma="ere" pos="X">ere</wf>
         <wf lemma="," pos="X">,</wf>
         <wf lemma="Liga" pos="X">Liga</wf>
         <wf lemma="hasi" pos="X">hasi</wf>
         <wf lemma="aurretik" pos="X">aurretik</wf>
         <wf lemma="beti" pos="X">beti</wf>
         <wf lemma="gelditzen" pos="X">gelditzen</wf>
         <wf lemma="da" pos="X">da</wf>
         <instance id="d000.s767.t000" lemma="gauza" pos="NOUN">gauzak</instance>
         <wf lemma="nola" pos="X">nola</wf>
         <wf lemma="joango" pos="X">joango</wf>
         <wf lemma="diren" pos="X">diren</wf>
         <wf lemma="inguruko" pos="X">inguruko</wf>
         <wf lemma="zalantza" pos="X">zalantza</wf>
         <wf lemma="eta" pos="X">eta</wf>
         <wf lemma="urduritasun" pos="X">urduritasun</wf>
         <wf lemma="pixka" pos="X">pixka</wf>
         <wf lemma="bat" pos="X">bat</wf>
         <wf lemma="." pos="X">.</wf>
      </sentence>
      <sentence id="d000.s768" source="wordnet-basque">
         <wf lemma="Kelmekoak" pos="X">Kelmekoak</wf>
         <wf lemma="haizearekin" pos="X">haizearekin</wf>
         <wf lemma="ondo" pos="X">ondo</wf>
         <wf lemma="moldatzea" pos="X">moldatzea</wf>
         <wf lemma="," pos="X">,</wf>
         <wf lemma="hein" pos="X">hein</wf>
         <wf lemma="handi" pos="X">handi</wf>
         <wf lemma="batean" pos="X">batean</wf>
         <instance id="d000.s768.t000" lemma="jarrera" pos="NOUN">jarrera</instance>
         <wf lemma="baita" pos="X">baita</wf>
         <wf lemma="abanikoetan" pos="X">abanikoetan</wf>
         <wf lemma="hondoratuko" pos="X">hondoratuko</wf>
         <wf lemma="zaituen" pos="X">zaituen</wf>
         <wf lemma="zurrunbiloak" pos="X">zurrunbiloak</wf>
         <wf lemma="ez" pos="X">ez</wf>
         <wf lemma="harrapatzeko" pos="X">harrapatzeko</wf>
         <wf lemma="irtenbidea" pos="X">irtenbidea</wf>
         <wf lemma="." pos="X">.</wf>
      </sentence>
      <sentence id="d000.s769" source="wordnet-basque">
         <instance id="d000.s769.t000" lemma="aldizkari" pos="NOUN">aldizkari</instance>
         <wf lemma="batean" pos="X">batean</wf>
         <wf lemma="lan" pos="X">lan</wf>
         <wf lemma="egin" pos="X">egin</wf>
         <wf lemma="nahi" pos="X">nahi</wf>
         <wf lemma="nuen" pos="X">nuen</wf>
         <wf lemma="." pos="X">.</wf>
      </sentence>
      <sentence id="d000.s770" source="wordnet-basque">
         <wf lemma="Euskal" pos="X">Euskal</wf>
         <wf lemma="Herrian" pos="X">Herrian</wf>
         <wf lemma="bazen" pos="X">bazen</wf>
         <wf lemma="Olanoren" pos="X">Olanoren</wf>
         <instance id="d000.s770.t000" lemma="itxaropen" pos="NOUN">itxaropena</instance>
         <wf lemma="." pos="X">.</wf>
      </sentence>
      <sentence id="d000.s771" source="wordnet-basque">
         <wf lemma="telebistan" pos="X">telebistan</wf>
         <instance id="d000.s771.t000" lemma="boleibol" pos="NOUN">boleibol</instance>
         <wf lemma="partidak" pos="X">partidak</wf>
         <wf lemma="ikustean" pos="X">ikustean</wf>
         <wf lemma="beti" pos="X">beti</wf>
         <wf lemma="pentsatzen" pos="X">pentsatzen</wf>
         <wf lemma="nuen" pos="X">nuen</wf>
         <wf lemma="hor" pos="X">hor</wf>
         <wf lemma="egotea" pos="X">egotea</wf>
         <wf lemma="itzela" pos="X">itzela</wf>
         <wf lemma="izango" pos="X">izango</wf>
         <wf lemma="litzatekeela" pos="X">litzatekeela</wf>
         <wf lemma="." pos="X">.</wf>
      </sentence>
      <sentence id="d000.s772" source="wordnet-basque">
         <wf lemma="aurreko" pos="X">aurreko</wf>
         <wf lemma="aro" pos="X">aro</wf>
         <wf lemma="geologikoetan" pos="X">geologikoetan</wf>
         <wf lemma="bizi" pos="X">bizi</wf>
         <wf lemma="izan" pos="X">izan</wf>
         <wf lemma="ziren" pos="X">ziren</wf>
         <wf lemma="animalia" pos="X">animalia</wf>
         <wf lemma="eta" pos="X">eta</wf>
         <wf lemma="landareen" pos="X">landareen</wf>
         <wf lemma="hondar" pos="X">hondar</wf>
         <wf lemma="ugari" pos="X">ugari</wf>
         <wf lemma="geruza" pos="X">geruza</wf>
         <wf lemma="sedimentarioetan" pos="X">sedimentarioetan</wf>
         <wf lemma="lurperatuta" pos="X">lurperatuta</wf>
         <wf lemma="kontserbatu" pos="X">kontserbatu</wf>
         <wf lemma="dira" pos="X">dira</wf>
         <wf lemma="," pos="X">,</wf>
         <wf lemma="eta" pos="X">eta</wf>
         <wf lemma="beste" pos="X">beste</wf>
         <wf lemma="garai" pos="X">garai</wf>
         <wf lemma="batzuetako" pos="X">batzuetako</wf>
         <instance id="d000.s772.t000" lemma="bizitza" pos="NOUN">bizitzaren</instance>
         <wf lemma="lekuko" pos="X">lekuko</wf>
         <wf lemma="baliotsu" pos="X">baliotsu</wf>
         <wf lemma="gisa" pos="X">gisa</wf>
         <wf lemma="iritsi" pos="X">iritsi</wf>
         <wf lemma="zaizkigu" pos="X">zaizkigu</wf>
         <wf lemma="gure" pos="X">gure</wf>
         <wf lemma="egunetaraino" pos="X">egunetaraino</wf>
         <wf lemma="." pos="X">.</wf>
      </sentence>
      <sentence id="d000.s773" source="wordnet-basque">
         <wf lemma="gehienetan" pos="X">gehienetan</wf>
         <wf lemma="pregoilaria" pos="X">pregoilaria</wf>
         <instance id="d000.s773.t000" lemma="udal" pos="NOUN">udaleko</instance>
         <wf lemma="alguazila" pos="X">alguazila</wf>
         <wf lemma="izaten" pos="X">izaten</wf>
         <wf lemma="zen" pos="X">zen</wf>
         <wf lemma="." pos="X">.</wf>
      </sentence>
      <sentence id="d000.s774" source="wordnet-basque">
         <wf lemma="hiztegiak" pos="X">hiztegiak</wf>
         <wf lemma="," pos="X">,</wf>
         <instance id="d000.s774.t000" lemma="entziklopedia" pos="NOUN">entziklopediak</instance>
         <wf lemma="," pos="X">,</wf>
         <wf lemma="egunkariak" pos="X">egunkariak</wf>
         <wf lemma="eta" pos="X">eta</wf>
         <wf lemma="multimedia" pos="X">multimedia</wf>
         <wf lemma="paketeak" pos="X">paketeak</wf>
         <wf lemma="topatzen" pos="X">topatzen</wf>
         <wf lemma="ditugu" pos="X">ditugu</wf>
         <wf lemma="CD-ROM" pos="X">CD-ROM</wf>
         <wf lemma="hauetan" pos="X">hauetan</wf>
         <wf lemma="." pos="X">.</wf>
      </sentence>
      <sentence id="d000.s775" source="wordnet-basque">
         <instance id="d000.s775.t000" lemma="disoluzio" pos="NOUN">disoluzioak</instance>
         <wf lemma="sistema" pos="X">sistema</wf>
         <wf lemma="homogeneo" pos="X">homogeneo</wf>
         <wf lemma="mota" pos="X">mota</wf>
         <wf lemma="bat" pos="X">bat</wf>
         <wf lemma="dira" pos="X">dira</wf>
         <wf lemma="." pos="X">.</wf>
      </sentence>
      <sentence id="d000.s776" source="wordnet-basque">
         <wf lemma="haren" pos="X">haren</wf>
         <wf lemma="aurkako" pos="X">aurkako</wf>
         <wf lemma="protestaldi" pos="X">protestaldi</wf>
         <wf lemma="," pos="X">,</wf>
         <wf lemma="salaketa" pos="X">salaketa</wf>
         <wf lemma="kriminal" pos="X">kriminal</wf>
         <wf lemma="," pos="X">,</wf>
         <wf lemma="eta" pos="X">eta</wf>
         <wf lemma="epaiketa" pos="X">epaiketa</wf>
         <wf lemma="politiko" pos="X">politiko</wf>
         <wf lemma="baten" pos="X">baten</wf>
         <instance id="d000.s776.t000" lemma="mehatxu" pos="NOUN">mehatxua</instance>
         <wf lemma="izan" pos="X">izan</wf>
         <wf lemma="ondoren" pos="X">ondoren</wf>
         <wf lemma="," pos="X">,</wf>
         <wf lemma="Pinochet" pos="X">Pinochet</wf>
         <wf lemma="erretiratu" pos="X">erretiratu</wf>
         <wf lemma="egin" pos="X">egin</wf>
         <wf lemma="zen" pos="X">zen</wf>
         <wf lemma="." pos="X">.</wf>
      </sentence>
      <sentence id="d000.s777" source="wordnet-basque">
         <instance id="d000.s777.t000" lemma="martxa" pos="NOUN">martxaren</instance>
         <wf lemma="hotsa" pos="X">hotsa</wf>
         <wf lemma="entzun" pos="X">entzun</wf>
         <wf lemma="genuen" pos="X">genuen</wf>
         <wf lemma="." pos="X">.</wf>
      </sentence>
      <sentence id="d000.s778" source="wordnet-basque">
         <wf lemma="bere" pos="X">bere</wf>
         <wf lemma="hurrengo" pos="X">hurrengo</wf>
         <wf lemma="western" pos="X">western</wf>
         <wf lemma="filmean" pos="X">filmean</wf>
         <wf lemma="errepartoko" pos="X">errepartoko</wf>
         <instance id="d000.s778.t000" lemma="paper" pos="NOUN">paper</instance>
         <wf lemma="bana" pos="X">bana</wf>
         <wf lemma="besterik" pos="X">besterik</wf>
         <wf lemma="ez" pos="X">ez</wf>
         <wf lemma="die" pos="X">die</wf>
         <wf lemma="eskaini" pos="X">eskaini</wf>
         <wf lemma="." pos="X">.</wf>
      </sentence>
      <sentence id="d000.s779" source="wordnet-basque">
         <wf lemma="atzoko" pos="X">atzoko</wf>
         <instance id="d000.s779.t000" lemma="saio" pos="NOUN">saioan</instance>
         <wf lemma="," pos="X">,</wf>
         <wf lemma="batik" pos="X">batik</wf>
         <wf lemma="bat" pos="X">bat</wf>
         <wf lemma="enpleguaren" pos="X">enpleguaren</wf>
         <wf lemma="banaketaren" pos="X">banaketaren</wf>
         <wf lemma="inguruko" pos="X">inguruko</wf>
         <wf lemma="politika" pos="X">politika</wf>
         <wf lemma="jarri" pos="X">jarri</wf>
         <wf lemma="zen" pos="X">zen</wf>
         <wf lemma="mahai" pos="X">mahai</wf>
         <wf lemma="gainean" pos="X">gainean</wf>
         <wf lemma="." pos="X">.</wf>
      </sentence>
      <sentence id="d000.s780" source="wordnet-basque">
         <wf lemma="Petlovo" pos="X">Petlovo</wf>
         <wf lemma="Bojiste" pos="X">Bojiste</wf>
         <wf lemma="Jugoslaviako" pos="X">Jugoslaviako</wf>
         <wf lemma="Armadako" pos="X">Armadako</wf>
         <instance id="d000.s780.t000" lemma="elite" pos="NOUN">elitezko</instance>
         <wf lemma="unitate" pos="X">unitate</wf>
         <wf lemma="batek" pos="X">batek</wf>
         <wf lemma="maniobrak" pos="X">maniobrak</wf>
         <wf lemma="hasi" pos="X">hasi</wf>
         <wf lemma="ditu" pos="X">ditu</wf>
         <wf lemma="Serbiako" pos="X">Serbiako</wf>
         <wf lemma="hego" pos="X">hego</wf>
         <wf lemma="ekialdean" pos="X">ekialdean</wf>
         <wf lemma="." pos="X">.</wf>
      </sentence>
      <sentence id="d000.s781" source="wordnet-basque">
         <wf lemma="Ikasbi" pos="X">Ikasbi</wf>
         <wf lemma="sare" pos="X">sare</wf>
         <wf lemma="publikoak" pos="X">publikoak</wf>
         <wf lemma="bi" pos="X">bi</wf>
         <instance id="d000.s781.t000" lemma="eskola" pos="NOUN">eskola</instance>
         <wf lemma="ditu" pos="X">ditu</wf>
         <wf lemma=":" pos="X">:</wf>
         <wf lemma="bat" pos="X">bat</wf>
         <wf lemma="Barkoxen" pos="X">Barkoxen</wf>
         <wf lemma="," pos="X">,</wf>
         <wf lemma="bestea" pos="X">bestea</wf>
         <wf lemma="," pos="X">,</wf>
         <wf lemma="Maulen" pos="X">Maulen</wf>
         <wf lemma="." pos="X">.</wf>
      </sentence>
      <sentence id="d000.s782" source="wordnet-basque">
         <wf lemma="norbait" pos="X">norbait</wf>
         <instance id="d000.s782.t000" lemma="eskuin" pos="NOUN">eskuin</instance>
         <wf lemma="ala" pos="X">ala</wf>
         <wf lemma="ezker" pos="X">ezker</wf>
         <wf lemma="zergatik" pos="X">zergatik</wf>
         <wf lemma="den" pos="X">den</wf>
         <wf lemma="zehaztean" pos="X">zehaztean</wf>
         <wf lemma="ikertzaileak" pos="X">ikertzaileak</wf>
         <wf lemma="ez" pos="X">ez</wf>
         <wf lemma="dira" pos="X">dira</wf>
         <wf lemma="ados" pos="X">ados</wf>
         <wf lemma="jartzen" pos="X">jartzen</wf>
         <wf lemma="." pos="X">.</wf>
      </sentence>
      <sentence id="d000.s783" source="wordnet-basque">
         <wf lemma="finala" pos="X">finala</wf>
         <wf lemma="jokatu" pos="X">jokatu</wf>
         <wf lemma="zenetik" pos="X">zenetik</wf>
         <wf lemma="ez" pos="X">ez</wf>
         <wf lemma="da" pos="X">da</wf>
         <wf lemma="bi" pos="X">bi</wf>
         <wf lemma="pelotarien" pos="X">pelotarien</wf>
         <wf lemma="arteko" pos="X">arteko</wf>
         <instance id="d000.s783.t000" lemma="lehia" pos="NOUN">lehiarik</instance>
         <wf lemma="jokatu" pos="X">jokatu</wf>
         <wf lemma="." pos="X">.</wf>
      </sentence>
      <sentence id="d000.s784" source="wordnet-basque">
         <wf lemma="baina" pos="X">baina</wf>
         <wf lemma="oraindik" pos="X">oraindik</wf>
         <wf lemma="hogei" pos="X">hogei</wf>
         <wf lemma="urte" pos="X">urte</wf>
         <wf lemma="itxoin" pos="X">itxoin</wf>
         <wf lemma="beharko" pos="X">beharko</wf>
         <wf lemma="zen" pos="X">zen</wf>
         <wf lemma="Historiako" pos="X">Historiako</wf>
         <wf lemma="lehen" pos="X">lehen</wf>
         <instance id="d000.s784.t000" lemma="argazki" pos="NOUN">argazkia</instance>
         <wf lemma="egingo" pos="X">egingo</wf>
         <wf lemma="zuen" pos="X">zuen</wf>
         <wf lemma="gizonak" pos="X">gizonak</wf>
         <wf lemma="argazki" pos="X">argazki</wf>
         <wf lemma="garaikidearen" pos="X">garaikidearen</wf>
         <wf lemma="oinarriak" pos="X">oinarriak</wf>
         <wf lemma="ezarriko" pos="X">ezarriko</wf>
         <wf lemma="zituen" pos="X">zituen</wf>
         <wf lemma="behin-betiko" pos="X">behin-betiko</wf>
         <wf lemma="urratsa" pos="X">urratsa</wf>
         <wf lemma="emango" pos="X">emango</wf>
         <wf lemma="zuenerako" pos="X">zuenerako</wf>
         <wf lemma="." pos="X">.</wf>
      </sentence>
      <sentence id="d000.s785" source="wordnet-basque">
         <wf lemma="landaretzaren" pos="X">landaretzaren</wf>
         <instance id="d000.s785.t000" lemma="espezie" pos="NOUN">espezierik</instance>
         <wf lemma="ugarienak" pos="X">ugarienak</wf>
         <wf lemma="," pos="X">,</wf>
         <wf lemma="berriz" pos="X">berriz</wf>
         <wf lemma="," pos="X">,</wf>
         <wf lemma="hauek" pos="X">hauek</wf>
         <wf lemma="dira" pos="X">dira</wf>
         <wf lemma=":" pos="X">:</wf>
         <wf lemma="artea" pos="X">artea</wf>
         <wf lemma="," pos="X">,</wf>
         <wf lemma="haritza" pos="X">haritza</wf>
         <wf lemma="," pos="X">,</wf>
         <wf lemma="gaztainondoa" pos="X">gaztainondoa</wf>
         <wf lemma="," pos="X">,</wf>
         <wf lemma="pagoa" pos="X">pagoa</wf>
         <wf lemma="," pos="X">,</wf>
         <wf lemma="urkia" pos="X">urkia</wf>
         <wf lemma="," pos="X">,</wf>
         <wf lemma="zumarra" pos="X">zumarra</wf>
         <wf lemma="." pos="X">.</wf>
      </sentence>
      <sentence id="d000.s786" source="wordnet-basque">
         <wf lemma="boxeoan" pos="X">boxeoan</wf>
         <wf lemma="," pos="X">,</wf>
         <instance id="d000.s786.t000" lemma="borroka" pos="NOUN">borrokan</instance>
         <wf lemma="," pos="X">,</wf>
         <wf lemma="esgriman" pos="X">esgriman</wf>
         <wf lemma="," pos="X">,</wf>
         <wf lemma="judoan" pos="X">judoan</wf>
         <wf lemma="," pos="X">,</wf>
         <wf lemma="boleibolean" pos="X">boleibolean</wf>
         <wf lemma="eta" pos="X">eta</wf>
         <wf lemma="atletismoan" pos="X">atletismoan</wf>
         <wf lemma="puntako" pos="X">puntako</wf>
         <wf lemma="entrenatzaileen" pos="X">entrenatzaileen</wf>
         <wf lemma="artean" pos="X">artean</wf>
         <wf lemma="daude" pos="X">daude</wf>
         <wf lemma="kubatarrak" pos="X">kubatarrak</wf>
         <wf lemma="." pos="X">.</wf>
      </sentence>
      <sentence id="d000.s787" source="wordnet-basque">
         <instance id="d000.s787.t000" lemma="maiatz" pos="NOUN">maiatzean</instance>
         <wf lemma="eta" pos="X">eta</wf>
         <wf lemma="ekainean" pos="X">ekainean</wf>
         <wf lemma="10.000" pos="X">10.000</wf>
         <wf lemma="bazkidek" pos="X">bazkidek</wf>
         <wf lemma="hartu" pos="X">hartu</wf>
         <wf lemma="dute" pos="X">dute</wf>
         <wf lemma="parte" pos="X">parte</wf>
         <wf lemma="asanbladetan" pos="X">asanbladetan</wf>
         <wf lemma="." pos="X">.</wf>
      </sentence>
      <sentence id="d000.s788" source="wordnet-basque">
         <instance id="d000.s788.t000" lemma="amona" pos="NOUN">amona</instance>
         <wf lemma="zurrungaria" pos="X">zurrungaria</wf>
         <wf lemma="!" pos="X">!</wf>
         <wf lemma="," pos="X">,</wf>
         <wf lemma="pentsatzen" pos="X">pentsatzen</wf>
         <wf lemma="du" pos="X">du</wf>
         <wf lemma="Juttak" pos="X">Juttak</wf>
         <wf lemma="." pos="X">.</wf>
      </sentence>
      <sentence id="d000.s789" source="wordnet-basque">
         <instance id="d000.s789.t000" lemma="tresna" pos="NOUN">tresna</instance>
         <wf lemma="honek" pos="X">honek</wf>
         <wf lemma="zarata" pos="X">zarata</wf>
         <wf lemma="handia" pos="X">handia</wf>
         <wf lemma="emateko" pos="X">emateko</wf>
         <wf lemma="baditu" pos="X">baditu</wf>
         <wf lemma="matraka" pos="X">matraka</wf>
         <wf lemma="moduan" pos="X">moduan</wf>
         <wf lemma="bueltak" pos="X">bueltak</wf>
         <wf lemma="ematen" pos="X">ematen</wf>
         <wf lemma="dituen" pos="X">dituen</wf>
         <wf lemma="ardatzari" pos="X">ardatzari</wf>
         <wf lemma="lotuak" pos="X">lotuak</wf>
         <wf lemma="bi" pos="X">bi</wf>
         <wf lemma="tablatxo" pos="X">tablatxo</wf>
         <wf lemma="segaren" pos="X">segaren</wf>
         <wf lemma="kontra" pos="X">kontra</wf>
         <wf lemma="kolpatzen" pos="X">kolpatzen</wf>
         <wf lemma="dutenak" pos="X">dutenak</wf>
         <wf lemma="." pos="X">.</wf>
      </sentence>
      <sentence id="d000.s790" source="wordnet-basque">
         <wf lemma="Larrainzarrek" pos="X">Larrainzarrek</wf>
         <wf lemma="aurrea" pos="X">aurrea</wf>
         <wf lemma="hartu" pos="X">hartu</wf>
         <wf lemma="dio" pos="X">dio</wf>
         <wf lemma="titulartasunerako" pos="X">titulartasunerako</wf>
         <instance id="d000.s790.t000" lemma="lasterketa" pos="NOUN">lasterketan</instance>
         <wf lemma="." pos="X">.</wf>
      </sentence>
      <sentence id="d000.s791" source="wordnet-basque">
         <wf lemma="bere" pos="X">bere</wf>
         <instance id="d000.s791.t000" lemma="aurpegi" pos="NOUN">aurpegia</instance>
         <wf lemma="oso" pos="X">oso</wf>
         <wf lemma="erregularra" pos="X">erregularra</wf>
         <wf lemma="zen" pos="X">zen</wf>
         <wf lemma="." pos="X">.</wf>
      </sentence>
      <sentence id="d000.s792" source="wordnet-basque">
         <wf lemma="laiak" pos="X">laiak</wf>
         <wf lemma="ez" pos="X">ez</wf>
         <wf lemma="du" pos="X">du</wf>
         <wf lemma="beharrezko" pos="X">beharrezko</wf>
         <wf lemma="dugun" pos="X">dugun</wf>
         <instance id="d000.s792.t000" lemma="ildo" pos="NOUN">ildoa</instance>
         <wf lemma="egiteko" pos="X">egiteko</wf>
         <wf lemma="adina" pos="X">adina</wf>
         <wf lemma="indar" pos="X">indar</wf>
         <wf lemma="eta" pos="X">eta</wf>
         <wf lemma="neurririk" pos="X">neurririk</wf>
         <wf lemma="." pos="X">.</wf>
      </sentence>
      <sentence id="d000.s793" source="wordnet-basque">
         <wf lemma="interes" pos="X">interes</wf>
         <wf lemma="tasen" pos="X">tasen</wf>
         <instance id="d000.s793.t000" lemma="igoera" pos="NOUN">igoera</instance>
         <wf lemma="txiki" pos="X">txiki</wf>
         <wf lemma="batek" pos="X">batek</wf>
         <wf lemma="ezer" pos="X">ezer</wf>
         <wf lemma="gutxi" pos="X">gutxi</wf>
         <wf lemma="egin" pos="X">egin</wf>
         <wf lemma="dezake" pos="X">dezake</wf>
         <wf lemma="epe" pos="X">epe</wf>
         <wf lemma="labur" pos="X">labur</wf>
         <wf lemma="batean" pos="X">batean</wf>
         <wf lemma="dibisa" pos="X">dibisa</wf>
         <wf lemma="europarraren" pos="X">europarraren</wf>
         <wf lemma="defentsan" pos="X">defentsan</wf>
         <wf lemma="." pos="X">.</wf>
      </sentence>
      <sentence id="d000.s794" source="wordnet-basque">
         <wf lemma="Salamancako" pos="X">Salamancako</wf>
         <wf lemma="Instrukzio" pos="X">Instrukzio</wf>
         <wf lemma="epaitegiak" pos="X">epaitegiak</wf>
         <wf lemma="artxibatu" pos="X">artxibatu</wf>
         <wf lemma="du" pos="X">du</wf>
         <instance id="d000.s794.t000" lemma="kasu" pos="NOUN">kasua</instance>
         <wf lemma="." pos="X">.</wf>
      </sentence>
      <sentence id="d000.s795" source="wordnet-basque">
         <wf lemma="bideko" pos="X">bideko</wf>
         <wf lemma="hartxintxarrak" pos="X">hartxintxarrak</wf>
         <wf lemma="txukuntzen" pos="X">txukuntzen</wf>
         <wf lemma="zituen" pos="X">zituen</wf>
         <wf lemma="," pos="X">,</wf>
         <wf lemma="eta" pos="X">eta</wf>
         <instance id="d000.s795.t000" lemma="lore" pos="NOUN">loreak</instance>
         <wf lemma="ureztatzen" pos="X">ureztatzen</wf>
         <wf lemma="zituen" pos="X">zituen</wf>
         <wf lemma="." pos="X">.</wf>
      </sentence>
      <sentence id="d000.s796" source="wordnet-basque">
         <wf lemma="hunkigarriagoa" pos="X">hunkigarriagoa</wf>
         <wf lemma="gertatzen" pos="X">gertatzen</wf>
         <wf lemma="da" pos="X">da</wf>
         <wf lemma="trenaren" pos="X">trenaren</wf>
         <wf lemma="mugimendua" pos="X">mugimendua</wf>
         <wf lemma="adierazten" pos="X">adierazten</wf>
         <wf lemma="duen" pos="X">duen</wf>
         <wf lemma="irudikapena" pos="X">irudikapena</wf>
         <wf lemma="," pos="X">,</wf>
         <instance id="d000.s796.t000" lemma="gai" pos="NOUN">gai</instance>
         <wf lemma="beraren" pos="X">beraren</wf>
         <wf lemma="gelditasuna" pos="X">gelditasuna</wf>
         <wf lemma="adierazten" pos="X">adierazten</wf>
         <wf lemma="duena" pos="X">duena</wf>
         <wf lemma="baino" pos="X">baino</wf>
         <wf lemma="." pos="X">.</wf>
      </sentence>
      <sentence id="d000.s797" source="wordnet-basque">
         <wf lemma="beste" pos="X">beste</wf>
         <wf lemma="ezer" pos="X">ezer</wf>
         <wf lemma="baino" pos="X">baino</wf>
         <wf lemma="lehen" pos="X">lehen</wf>
         <wf lemma="," pos="X">,</wf>
         <wf lemma="Oteiza" pos="X">Oteiza</wf>
         <wf lemma="artista" pos="X">artista</wf>
         <wf lemma="da" pos="X">da</wf>
         <wf lemma="," pos="X">,</wf>
         <instance id="d000.s797.t000" lemma="eskultore" pos="NOUN">eskultorea</instance>
         <wf lemma="," pos="X">,</wf>
         <wf lemma="eta" pos="X">eta</wf>
         <wf lemma="bere" pos="X">bere</wf>
         <wf lemma="erro" pos="X">erro</wf>
         <wf lemma="horietatik" pos="X">horietatik</wf>
         <wf lemma="abiatzen" pos="X">abiatzen</wf>
         <wf lemma="da" pos="X">da</wf>
         <wf lemma="poeta" pos="X">poeta</wf>
         <wf lemma="," pos="X">,</wf>
         <wf lemma="hizkuntzalari" pos="X">hizkuntzalari</wf>
         <wf lemma="edo" pos="X">edo</wf>
         <wf lemma="matxino" pos="X">matxino</wf>
         <wf lemma="bihurtzeko" pos="X">bihurtzeko</wf>
         <wf lemma="." pos="X">.</wf>
      </sentence>
      <sentence id="d000.s798" source="wordnet-basque">
         <wf lemma="hartarako" pos="X">hartarako</wf>
         <wf lemma="eraikitako" pos="X">eraikitako</wf>
         <wf lemma="estadioa" pos="X">estadioa</wf>
         <wf lemma="izango" pos="X">izango</wf>
         <wf lemma="da" pos="X">da</wf>
         <wf lemma="estadio" pos="X">estadio</wf>
         <wf lemma="olinpiarraren" pos="X">olinpiarraren</wf>
         <instance id="d000.s798.t000" lemma="oinarri" pos="NOUN">oinarria</instance>
         <wf lemma="." pos="X">.</wf>
      </sentence>
      <sentence id="d000.s799" source="wordnet-basque">
         <wf lemma="hasiera" pos="X">hasiera</wf>
         <wf lemma="batean" pos="X">batean</wf>
         <wf lemma="%" pos="X">%</wf>
         <wf lemma="3,7ko" pos="X">3,7ko</wf>
         <instance id="d000.s799.t000" lemma="igoera" pos="NOUN">igoera</instance>
         <wf lemma="iragarri" pos="X">iragarri</wf>
         <wf lemma="zuen" pos="X">zuen</wf>
         <wf lemma="arren" pos="X">arren</wf>
         <wf lemma="," pos="X">,</wf>
         <wf lemma="atzo" pos="X">atzo</wf>
         <wf lemma="adierazi" pos="X">adierazi</wf>
         <wf lemma="zuen" pos="X">zuen</wf>
         <wf lemma="%" pos="X">%</wf>
         <wf lemma="4tik" pos="X">4tik</wf>
         <wf lemma="gora" pos="X">gora</wf>
         <wf lemma="haziko" pos="X">haziko</wf>
         <wf lemma="dela" pos="X">dela</wf>
         <wf lemma="ekonomia" pos="X">ekonomia</wf>
         <wf lemma="EAEn" pos="X">EAEn</wf>
         <wf lemma="." pos="X">.</wf>
      </sentence>
      <sentence id="d000.s800" source="wordnet-basque">
         <instance id="d000.s800.t000" lemma="sistema" pos="NOUN">sistema</instance>
         <wf lemma="bizia" pos="X">bizia</wf>
         <wf lemma="bere" pos="X">bere</wf>
         <wf lemma="osotasunean" pos="X">osotasunean</wf>
         <wf lemma="autokontserbatzeko" pos="X">autokontserbatzeko</wf>
         <wf lemma="joera" pos="X">joera</wf>
         <wf lemma="du" pos="X">du</wf>
         <wf lemma="." pos="X">.</wf>
      </sentence>
      <sentence id="d000.s801" source="wordnet-basque">
         <instance id="d000.s801.t000" lemma="hontz" pos="NOUN">hontzak</instance>
         <wf lemma="eta" pos="X">eta</wf>
         <wf lemma="mozoloak" pos="X">mozoloak</wf>
         <wf lemma="dabiltzan" pos="X">dabiltzan</wf>
         <wf lemma="lekuetan" pos="X">lekuetan</wf>
         <wf lemma="," pos="X">,</wf>
         <wf lemma="ez" pos="X">ez</wf>
         <wf lemma="da" pos="X">da</wf>
         <wf lemma="labazomorro" pos="X">labazomorro</wf>
         <wf lemma="eta" pos="X">eta</wf>
         <wf lemma="sagu" pos="X">sagu</wf>
         <wf lemma="askorik" pos="X">askorik</wf>
         <wf lemma="ikusiko" pos="X">ikusiko</wf>
         <wf lemma="." pos="X">.</wf>
      </sentence>
      <sentence id="d000.s802" source="wordnet-basque">
         <instance id="d000.s802.t000" lemma="andre" pos="NOUN">andre</instance>
         <wf lemma="gazte" pos="X">gazte</wf>
         <wf lemma="xarmantak" pos="X">xarmantak</wf>
         <wf lemma="hor" pos="X">hor</wf>
         <wf lemma="hartzen" pos="X">hartzen</wf>
         <wf lemma="du" pos="X">du</wf>
         <wf lemma="ezpata" pos="X">ezpata</wf>
         <wf lemma=";bihotzetik" pos="X">;bihotzetik</wf>
         <wf lemma="sartzen" pos="X">sartzen</wf>
         <wf lemma="eta" pos="X">eta</wf>
         <wf lemma="," pos="X">,</wf>
         <wf lemma="hila" pos="X">hila</wf>
         <wf lemma="doa" pos="X">doa</wf>
         <wf lemma="lurrera" pos="X">lurrera</wf>
         <wf lemma="." pos="X">.</wf>
      </sentence>
      <sentence id="d000.s803" source="wordnet-basque">
         <wf lemma="Nikaraguako" pos="X">Nikaraguako</wf>
         <instance id="d000.s803.t000" lemma="kontsul" pos="NOUN">kontsula</instance>
         <wf lemma="Espainian" pos="X">Espainian</wf>
         <wf lemma="izana" pos="X">izana</wf>
         <wf lemma="da" pos="X">da</wf>
         <wf lemma="." pos="X">.</wf>
      </sentence>
      <sentence id="d000.s804" source="wordnet-basque">
         <wf lemma="Giroa" pos="X">Giroa</wf>
         <wf lemma="irabazteko" pos="X">irabazteko</wf>
         <instance id="d000.s804.t000" lemma="hautagai" pos="NOUN">hautagaien</instance>
         <wf lemma="artean" pos="X">artean</wf>
         <wf lemma="Gilberto" pos="X">Gilberto</wf>
         <wf lemma="Simoni" pos="X">Simoni</wf>
         <wf lemma="eta" pos="X">eta</wf>
         <wf lemma="Stefano" pos="X">Stefano</wf>
         <wf lemma="Garzelli" pos="X">Garzelli</wf>
         <wf lemma="kokatu" pos="X">kokatu</wf>
         <wf lemma="dira" pos="X">dira</wf>
         <wf lemma="lehen" pos="X">lehen</wf>
         <wf lemma="lerroan" pos="X">lerroan</wf>
         <wf lemma="." pos="X">.</wf>
      </sentence>
      <sentence id="d000.s805" source="wordnet-basque">
         <wf lemma="ereile" pos="X">ereile</wf>
         <wf lemma="gaiztoetan" pos="X">gaiztoetan</wf>
         <wf lemma="dago" pos="X">dago</wf>
         <instance id="d000.s805.t000" lemma="azaro" pos="NOUN">azaro</instance>
         <wf lemma="txarra" pos="X">txarra</wf>
         <wf lemma="," pos="X">,</wf>
         <wf lemma="eta" pos="X">eta</wf>
         <wf lemma="gero" pos="X">gero</wf>
         <wf lemma="uzta" pos="X">uzta</wf>
         <wf lemma="soila" pos="X">soila</wf>
         <wf lemma="eta" pos="X">eta</wf>
         <wf lemma="hutsa" pos="X">hutsa</wf>
         <wf lemma="." pos="X">.</wf>
      </sentence>
      <sentence id="d000.s806" source="wordnet-basque">
         <wf lemma="langileek" pos="X">langileek</wf>
         <wf lemma="eta" pos="X">eta</wf>
         <wf lemma="enpresariek" pos="X">enpresariek</wf>
         <wf lemma="negoziatzeko" pos="X">negoziatzeko</wf>
         <wf lemma="eta" pos="X">eta</wf>
         <instance id="d000.s806.t000" lemma="akordio" pos="NOUN">akordio</instance>
         <wf lemma="kolektiboak" pos="X">kolektiboak</wf>
         <wf lemma="lortzeko" pos="X">lortzeko</wf>
         <wf lemma="eskubidea" pos="X">eskubidea</wf>
         <wf lemma="dute" pos="X">dute</wf>
         <wf lemma="." pos="X">.</wf>
      </sentence>
      <sentence id="d000.s807" source="wordnet-basque">
         <wf lemma="Udalbiltzak" pos="X">Udalbiltzak</wf>
         <wf lemma="hasi" pos="X">hasi</wf>
         <wf lemma="bideari" pos="X">bideari</wf>
         <wf lemma="ekiteko" pos="X">ekiteko</wf>
         <instance id="d000.s807.t000" lemma="konpromiso" pos="NOUN">konpromisoa</instance>
         <wf lemma="hartu" pos="X">hartu</wf>
         <wf lemma="dute" pos="X">dute</wf>
         <wf lemma="Euskal" pos="X">Euskal</wf>
         <wf lemma="Herri" pos="X">Herri</wf>
         <wf lemma="osoko" pos="X">osoko</wf>
         <wf lemma="550" pos="X">550</wf>
         <wf lemma="hautetsik" pos="X">hautetsik</wf>
         <wf lemma="." pos="X">.</wf>
      </sentence>
      <sentence id="d000.s808" source="wordnet-basque">
         <wf lemma="euretariko" pos="X">euretariko</wf>
         <wf lemma="lehena" pos="X">lehena</wf>
         <wf lemma="hilaren" pos="X">hilaren</wf>
         <wf lemma="9an" pos="X">9an</wf>
         <wf lemma="egingo" pos="X">egingo</wf>
         <wf lemma="diren" pos="X">diren</wf>
         <wf lemma="manifestazio" pos="X">manifestazio</wf>
         <wf lemma="eta" pos="X">eta</wf>
         <instance id="d000.s808.t000" lemma="batzar" pos="NOUN">batzar</instance>
         <wf lemma="nazionalak" pos="X">nazionalak</wf>
         <wf lemma="izango" pos="X">izango</wf>
         <wf lemma="dira" pos="X">dira</wf>
         <wf lemma="." pos="X">.</wf>
      </sentence>
      <sentence id="d000.s809" source="wordnet-basque">
         <instance id="d000.s809.t000" lemma="irteera" pos="NOUN">irteeratik</instance>
         <wf lemma="etapa" pos="X">etapa</wf>
         <wf lemma="urduria" pos="X">urduria</wf>
         <wf lemma="izan" pos="X">izan</wf>
         <wf lemma="da" pos="X">da</wf>
         <wf lemma="." pos="X">.</wf>
      </sentence>
      <sentence id="d000.s810" source="wordnet-basque">
         <wf lemma="etxe" pos="X">etxe</wf>
         <wf lemma="txiki" pos="X">txiki</wf>
         <wf lemma="eta" pos="X">eta</wf>
         <wf lemma="zuriz" pos="X">zuriz</wf>
         <wf lemma="pintatuak" pos="X">pintatuak</wf>
         <wf lemma="," pos="X">,</wf>
         <wf lemma="txukun-txukun" pos="X">txukun-txukun</wf>
         <wf lemma="antolaturik" pos="X">antolaturik</wf>
         <wf lemma="," pos="X">,</wf>
         <instance id="d000.s810.t000" lemma="gustu" pos="NOUN">gustu</instance>
         <wf lemma="oneko" pos="X">oneko</wf>
         <wf lemma="dekoratzaileak" pos="X">dekoratzaileak</wf>
         <wf lemma="bertan" pos="X">bertan</wf>
         <wf lemma="kokatu" pos="X">kokatu</wf>
         <wf lemma="izan" pos="X">izan</wf>
         <wf lemma="balitu" pos="X">balitu</wf>
         <wf lemma="bezala" pos="X">bezala</wf>
         <wf lemma=":" pos="X">:</wf>
         <wf lemma="halakoxea" pos="X">halakoxea</wf>
         <wf lemma="zen" pos="X">zen</wf>
         <wf lemma="San" pos="X">San</wf>
         <wf lemma="Francisco" pos="X">Francisco</wf>
         <wf lemma="mendi" pos="X">mendi</wf>
         <wf lemma="aldetik" pos="X">aldetik</wf>
         <wf lemma="begiratua" pos="X">begiratua</wf>
         <wf lemma="." pos="X">.</wf>
      </sentence>
      <sentence id="d000.s811" source="wordnet-basque">
         <wf lemma="telebistan" pos="X">telebistan</wf>
         <wf lemma="Mihiluze" pos="X">Mihiluze</wf>
         <instance id="d000.s811.t000" lemma="lehiaketa" pos="NOUN">lehiaketa</instance>
         <wf lemma="ere" pos="X">ere</wf>
         <wf lemma="izango" pos="X">izango</wf>
         <wf lemma="dugu" pos="X">dugu</wf>
         <wf lemma="bolada" pos="X">bolada</wf>
         <wf lemma="honetan" pos="X">honetan</wf>
         <wf lemma="." pos="X">.</wf>
      </sentence>
      <sentence id="d000.s812" source="wordnet-basque">
         <wf lemma="Hurrengo" pos="X">Hurrengo</wf>
         <wf lemma="orrialdean" pos="X">orrialdean</wf>
         <wf lemma="agertzen" pos="X">agertzen</wf>
         <wf lemma="den" pos="X">den</wf>
         <wf lemma="taularen" pos="X">taularen</wf>
         <wf lemma="antzekoa" pos="X">antzekoa</wf>
         <wf lemma="erabil" pos="X">erabil</wf>
         <wf lemma="dezakezu" pos="X">dezakezu</wf>
         <instance id="d000.s812.t000" lemma="jarduera" pos="NOUN">jarduera</instance>
         <wf lemma="hau" pos="X">hau</wf>
         <wf lemma="burutzeko" pos="X">burutzeko</wf>
         <wf lemma="." pos="X">.</wf>
      </sentence>
      <sentence id="d000.s813" source="wordnet-basque">
         <wf lemma="frogari" pos="X">frogari</wf>
         <wf lemma="dagokionean" pos="X">dagokionean</wf>
         <wf lemma="," pos="X">,</wf>
         <wf lemma="euskaraz" pos="X">euskaraz</wf>
         <wf lemma="sinonimoak" pos="X">sinonimoak</wf>
         <wf lemma="," pos="X">,</wf>
         <wf lemma="antonimoak" pos="X">antonimoak</wf>
         <wf lemma="," pos="X">,</wf>
         <wf lemma="gramatikalitate" pos="X">gramatikalitate</wf>
         <instance id="d000.s813.t000" lemma="epai" pos="NOUN">epaia</instance>
         <wf lemma="," pos="X">,</wf>
         <wf lemma="esaldien" pos="X">esaldien</wf>
         <wf lemma="errepikaketa" pos="X">errepikaketa</wf>
         <wf lemma="eta" pos="X">eta</wf>
         <wf lemma="esaldien" pos="X">esaldien</wf>
         <wf lemma="diktaketa" pos="X">diktaketa</wf>
         <wf lemma="dira" pos="X">dira</wf>
         <wf lemma="kaltetuen" pos="X">kaltetuen</wf>
         <wf lemma="agertzen" pos="X">agertzen</wf>
         <wf lemma="direnak" pos="X">direnak</wf>
         <wf lemma="." pos="X">.</wf>
      </sentence>
      <sentence id="d000.s814" source="wordnet-basque">
         <wf lemma="Israelgo" pos="X">Israelgo</wf>
         <wf lemma="lehendakari" pos="X">lehendakari</wf>
         <wf lemma="berriak" pos="X">berriak</wf>
         <wf lemma="gaur" pos="X">gaur</wf>
         <wf lemma="egingo" pos="X">egingo</wf>
         <wf lemma="du" pos="X">du</wf>
         <wf lemma="karguaren" pos="X">karguaren</wf>
         <instance id="d000.s814.t000" lemma="zin" pos="NOUN">zina</instance>
         <wf lemma="." pos="X">.</wf>
      </sentence>
      <sentence id="d000.s815" source="wordnet-basque">
         <wf lemma="afasiaren" pos="X">afasiaren</wf>
         <wf lemma="diagnostikoa" pos="X">diagnostikoa</wf>
         <wf lemma="egin" pos="X">egin</wf>
         <wf lemma="zioten" pos="X">zioten</wf>
         <wf lemma="," pos="X">,</wf>
         <instance id="d000.s815.t000" lemma="lesio" pos="NOUN">lesioa</instance>
         <wf lemma="jasan" pos="X">jasan</wf>
         <wf lemma="aurretik" pos="X">aurretik</wf>
         <wf lemma="askoz" pos="X">askoz</wf>
         <wf lemma="ere" pos="X">ere</wf>
         <wf lemma="maila" pos="X">maila</wf>
         <wf lemma="hobea" pos="X">hobea</wf>
         <wf lemma="zuen" pos="X">zuen</wf>
         <wf lemma="euskaraz" pos="X">euskaraz</wf>
         <wf lemma="gazteleraz" pos="X">gazteleraz</wf>
         <wf lemma="baino" pos="X">baino</wf>
         <wf lemma="." pos="X">.</wf>
      </sentence>
      <sentence id="d000.s816" source="wordnet-basque">
         <wf lemma="Winstone" pos="X">Winstone</wf>
         <wf lemma="ezagun" pos="X">ezagun</wf>
         <wf lemma="egin" pos="X">egin</wf>
         <wf lemma="zen" pos="X">zen</wf>
         <wf lemma="batez" pos="X">batez</wf>
         <wf lemma="ere" pos="X">ere</wf>
         <wf lemma="Vicente" pos="X">Vicente</wf>
         <wf lemma="Saldivar" pos="X">Saldivar</wf>
         <instance id="d000.s816.t000" lemma="boxeolari" pos="NOUN">boxeolari</instance>
         <wf lemma="mexikarraren" pos="X">mexikarraren</wf>
         <wf lemma="aurka" pos="X">aurka</wf>
         <wf lemma="egindako" pos="X">egindako</wf>
         <wf lemma="hiru" pos="X">hiru</wf>
         <wf lemma="borroka" pos="X">borroka</wf>
         <wf lemma="handiengatik" pos="X">handiengatik</wf>
         <wf lemma="." pos="X">.</wf>
      </sentence>
      <sentence id="d000.s817" source="wordnet-basque">
         <wf lemma="kasu" pos="X">kasu</wf>
         <wf lemma="batean" pos="X">batean</wf>
         <wf lemma="bakarrik" pos="X">bakarrik</wf>
         <wf lemma="ematen" pos="X">ematen</wf>
         <wf lemma="du" pos="X">du</wf>
         <wf lemma="%49ko" pos="X">%49ko</wf>
         <instance id="d000.s817.t000" lemma="erantzun" pos="NOUN">erantzun</instance>
         <wf lemma="zuzen" pos="X">zuzen</wf>
         <wf lemma="kopurua" pos="X">kopurua</wf>
         <wf lemma="." pos="X">.</wf>
      </sentence>
      <sentence id="d000.s818" source="wordnet-basque">
         <wf lemma="gehiegizko" pos="X">gehiegizko</wf>
         <wf lemma="hezetasunaren" pos="X">hezetasunaren</wf>
         <instance id="d000.s818.t000" lemma="ondorio" pos="NOUN">ondorio</instance>
         <wf lemma="izan" pos="X">izan</wf>
         <wf lemma="ohi" pos="X">ohi</wf>
         <wf lemma="da" pos="X">da</wf>
         <wf lemma="." pos="X">.</wf>
      </sentence>
      <sentence id="d000.s819" source="wordnet-basque">
         <wf lemma="auzoko" pos="X">auzoko</wf>
         <wf lemma="mutxurdin" pos="X">mutxurdin</wf>
         <wf lemma="batek" pos="X">batek</wf>
         <wf lemma="esan" pos="X">esan</wf>
         <wf lemma="zuen" pos="X">zuen</wf>
         <wf lemma="behin" pos="X">behin</wf>
         <wf lemma="ea" pos="X">ea</wf>
         <wf lemma="ez" pos="X">ez</wf>
         <wf lemma="ote" pos="X">ote</wf>
         <wf lemma="zen" pos="X">zen</wf>
         <wf lemma="zoroetxetik" pos="X">zoroetxetik</wf>
         <wf lemma="aldegin" pos="X">aldegin</wf>
         <wf lemma="eta" pos="X">eta</wf>
         <wf lemma="apaizez" pos="X">apaizez</wf>
         <wf lemma="jantzirik" pos="X">jantzirik</wf>
         <wf lemma="etorritako" pos="X">etorritako</wf>
         <wf lemma="norbait" pos="X">norbait</wf>
         <wf lemma="," pos="X">,</wf>
         <wf lemma="baina" pos="X">baina</wf>
         <wf lemma="jende" pos="X">jende</wf>
         <wf lemma="gehienak" pos="X">gehienak</wf>
         <wf lemma="txolintzat" pos="X">txolintzat</wf>
         <wf lemma="jo" pos="X">jo</wf>
         <wf lemma="zuen" pos="X">zuen</wf>
         <instance id="d000.s819.t000" lemma="andre" pos="NOUN">andrea</instance>
         <wf lemma="." pos="X">.</wf>
      </sentence>
      <sentence id="d000.s820" source="wordnet-basque">
         <wf lemma="putxera" pos="X">putxera</wf>
         <wf lemma="ohiko" pos="X">ohiko</wf>
         <wf lemma="ongailuekin" pos="X">ongailuekin</wf>
         <wf lemma="prestatu" pos="X">prestatu</wf>
         <wf lemma="ahal" pos="X">ahal</wf>
         <wf lemma="izango" pos="X">izango</wf>
         <wf lemma="da" pos="X">da</wf>
         <wf lemma=":" pos="X">:</wf>
         <wf lemma="txorizoa" pos="X">txorizoa</wf>
         <wf lemma="odolosteak" pos="X">odolosteak</wf>
         <wf lemma="," pos="X">,</wf>
         <wf lemma="urdaia" pos="X">urdaia</wf>
         <wf lemma="," pos="X">,</wf>
         <wf lemma="txerrikia" pos="X">txerrikia</wf>
         <wf lemma="," pos="X">,</wf>
         <wf lemma="saiheskia" pos="X">saiheskia</wf>
         <wf lemma="eta" pos="X">eta</wf>
         <wf lemma="behiaren" pos="X">behiaren</wf>
         <instance id="d000.s820.t000" lemma="hegal" pos="NOUN">hegala</instance>
         <wf lemma="." pos="X">.</wf>
      </sentence>
      <sentence id="d000.s821" source="wordnet-basque">
         <instance id="d000.s821.t000" lemma="fisika" pos="NOUN">fisika</instance>
         <wf lemma="modernoaren" pos="X">modernoaren</wf>
         <wf lemma="teoria" pos="X">teoria</wf>
         <wf lemma="mikroskopikoak" pos="X">mikroskopikoak</wf>
         <wf lemma="eta" pos="X">eta</wf>
         <wf lemma="uhin-teoriak" pos="X">uhin-teoriak</wf>
         <wf lemma="garatzen" pos="X">garatzen</wf>
         <wf lemma="ari" pos="X">ari</wf>
         <wf lemma="dira" pos="X">dira</wf>
         <wf lemma="," pos="X">,</wf>
         <wf lemma="elektromagnetismoaren" pos="X">elektromagnetismoaren</wf>
         <wf lemma="teoria" pos="X">teoria</wf>
         <wf lemma="eta" pos="X">eta</wf>
         <wf lemma="teknika" pos="X">teknika</wf>
         <wf lemma="makroskopikoak" pos="X">makroskopikoak</wf>
         <wf lemma="atzean" pos="X">atzean</wf>
         <wf lemma="utziz" pos="X">utziz</wf>
         <wf lemma="." pos="X">.</wf>
      </sentence>
      <sentence id="d000.s822" source="wordnet-basque">
         <wf lemma="hostopean" pos="X">hostopean</wf>
         <wf lemma="eta" pos="X">eta</wf>
         <wf lemma="txortenetan" pos="X">txortenetan</wf>
         <wf lemma="amaraun" pos="X">amaraun</wf>
         <wf lemma="edo" pos="X">edo</wf>
         <wf lemma="armiarma-saretxoak" pos="X">armiarma-saretxoak</wf>
         <wf lemma="ikus" pos="X">ikus</wf>
         <wf lemma="daitezke" pos="X">daitezke</wf>
         <wf lemma="," pos="X">,</wf>
         <instance id="d000.s822.t000" lemma="hazkunde" pos="NOUN">hazkundea</instance>
         <wf lemma="zapuztu" pos="X">zapuztu</wf>
         <wf lemma="egiten" pos="X">egiten</wf>
         <wf lemma="da" pos="X">da</wf>
         <wf lemma="," pos="X">,</wf>
         <wf lemma="hostoek" pos="X">hostoek</wf>
         <wf lemma="bere" pos="X">bere</wf>
         <wf lemma="ohizko" pos="X">ohizko</wf>
         <wf lemma="forma" pos="X">forma</wf>
         <wf lemma="galtzen" pos="X">galtzen</wf>
         <wf lemma="dute" pos="X">dute</wf>
         <wf lemma="eta" pos="X">eta</wf>
         <wf lemma="hostaila" pos="X">hostaila</wf>
         <wf lemma="horiztatzen" pos="X">horiztatzen</wf>
         <wf lemma="da" pos="X">da</wf>
         <wf lemma="." pos="X">.</wf>
      </sentence>
      <sentence id="d000.s823" source="wordnet-basque">
         <wf lemma="haren" pos="X">haren</wf>
         <wf lemma="izena" pos="X">izena</wf>
         <wf lemma="ondo" pos="X">ondo</wf>
         <wf lemma="gogoan" pos="X">gogoan</wf>
         <wf lemma="baitzeukan" pos="X">baitzeukan</wf>
         <wf lemma="," pos="X">,</wf>
         <instance id="d000.s823.t000" lemma="igande" pos="NOUN">igandean</instance>
         <wf lemma="bere" pos="X">bere</wf>
         <wf lemma="maiteñoaren" pos="X">maiteñoaren</wf>
         <wf lemma="bila" pos="X">bila</wf>
         <wf lemma="joan" pos="X">joan</wf>
         <wf lemma="zenez" pos="X">zenez</wf>
         <wf lemma="gero" pos="X">gero</wf>
         <wf lemma="." pos="X">.</wf>
      </sentence>
      <sentence id="d000.s824" source="wordnet-basque">
         <wf lemma="futbolean" pos="X">futbolean</wf>
         <wf lemma="jolasten" pos="X">jolasten</wf>
         <wf lemma="ari" pos="X">ari</wf>
         <wf lemma="zela" pos="X">zela</wf>
         <wf lemma="belaunarekin" pos="X">belaunarekin</wf>
         <instance id="d000.s824.t000" lemma="kolpe" pos="NOUN">kolpea</instance>
         <wf lemma="eman" pos="X">eman</wf>
         <wf lemma="zion" pos="X">zion</wf>
         <wf lemma="ahoan" pos="X">ahoan</wf>
         <wf lemma="." pos="X">.</wf>
      </sentence>
      <sentence id="d000.s825" source="wordnet-basque">
         <wf lemma="armadak" pos="X">armadak</wf>
         <wf lemma="azkeneko" pos="X">azkeneko</wf>
         <instance id="d000.s825.t000" lemma="borroka" pos="NOUN">borroka</instance>
         <wf lemma="egin" pos="X">egin</wf>
         <wf lemma="zuen" pos="X">zuen</wf>
         <wf lemma="Rhonen" pos="X">Rhonen</wf>
         <wf lemma="." pos="X">.</wf>
      </sentence>
      <sentence id="d000.s826" source="wordnet-basque">
         <wf lemma="ohiko" pos="X">ohiko</wf>
         <wf lemma="taktika" pos="X">taktika</wf>
         <wf lemma="defentsiboa" pos="X">defentsiboa</wf>
         <wf lemma="zelairatuko" pos="X">zelairatuko</wf>
         <wf lemma="du" pos="X">du</wf>
         <wf lemma=":" pos="X">:</wf>
         <wf lemma="bost" pos="X">bost</wf>
         <instance id="d000.s826.t000" lemma="defentsa" pos="NOUN">defentsa</instance>
         <wf lemma="," pos="X">,</wf>
         <wf lemma="hiru" pos="X">hiru</wf>
         <wf lemma="erdilari" pos="X">erdilari</wf>
         <wf lemma="," pos="X">,</wf>
         <wf lemma="erdi-punta" pos="X">erdi-punta</wf>
         <wf lemma="bat" pos="X">bat</wf>
         <wf lemma="eta" pos="X">eta</wf>
         <wf lemma="aurrelari" pos="X">aurrelari</wf>
         <wf lemma="bat" pos="X">bat</wf>
         <wf lemma="." pos="X">.</wf>
      </sentence>
      <sentence id="d000.s827" source="wordnet-basque">
         <wf lemma="zaharren" pos="X">zaharren</wf>
         <instance id="d000.s827.t000" lemma="egoitza" pos="NOUN">egoitzaren</instance>
         <wf lemma="mugakide" pos="X">mugakide</wf>
         <wf lemma="den" pos="X">den</wf>
         <wf lemma="lursailaren" pos="X">lursailaren</wf>
         <wf lemma="erabilera" pos="X">erabilera</wf>
         <wf lemma="definituko" pos="X">definituko</wf>
         <wf lemma="da" pos="X">da</wf>
         <wf lemma="." pos="X">.</wf>
      </sentence>
      <sentence id="d000.s828" source="wordnet-basque">
         <wf lemma="Hego" pos="X">Hego</wf>
         <wf lemma="Euskal" pos="X">Euskal</wf>
         <wf lemma="Herrian" pos="X">Herrian</wf>
         <wf lemma="dagoen" pos="X">dagoen</wf>
         <instance id="d000.s828.t000" lemma="bortizkeria" pos="NOUN">bortizkeria</instance>
         <wf lemma="egoera" pos="X">egoera</wf>
         <wf lemma="azpimarratu" pos="X">azpimarratu</wf>
         <wf lemma="zuen" pos="X">zuen</wf>
         <wf lemma="." pos="X">.</wf>
      </sentence>
      <sentence id="d000.s829" source="wordnet-basque">
         <wf lemma="sarreraz" pos="X">sarreraz</wf>
         <wf lemma="," pos="X">,</wf>
         <wf lemma="kokapenaz" pos="X">kokapenaz</wf>
         <wf lemma="eta" pos="X">eta</wf>
         <wf lemma="garaiko" pos="X">garaiko</wf>
         <wf lemma="artearen" pos="X">artearen</wf>
         <wf lemma="ezaugarriez" pos="X">ezaugarriez</wf>
         <wf lemma="gain" pos="X">gain</wf>
         <wf lemma="," pos="X">,</wf>
         <wf lemma="gaiaren" pos="X">gaiaren</wf>
         <wf lemma="laburpena" pos="X">laburpena</wf>
         <wf lemma="eta" pos="X">eta</wf>
         <instance id="d000.s829.t000" lemma="bibliografia" pos="NOUN">bibliografia</instance>
         <wf lemma="osoa" pos="X">osoa</wf>
         <wf lemma="eskaini" pos="X">eskaini</wf>
         <wf lemma="du" pos="X">du</wf>
         <wf lemma="irakasleak" pos="X">irakasleak</wf>
         <wf lemma="." pos="X">.</wf>
      </sentence>
      <sentence id="d000.s830" source="wordnet-basque">
         <instance id="d000.s830.t000" lemma="katodo" pos="NOUN">katodoak</instance>
         <wf lemma="igorritako" pos="X">igorritako</wf>
         <wf lemma="elektroiek" pos="X">elektroiek</wf>
         <wf lemma="anodoko" pos="X">anodoko</wf>
         <wf lemma="metalaren" pos="X">metalaren</wf>
         <wf lemma="atomoekin" pos="X">atomoekin</wf>
         <wf lemma="talka" pos="X">talka</wf>
         <wf lemma="egitean" pos="X">egitean</wf>
         <wf lemma="," pos="X">,</wf>
         <wf lemma="hauetako" pos="X">hauetako</wf>
         <wf lemma="asko" pos="X">asko</wf>
         <wf lemma="ionizatu" pos="X">ionizatu</wf>
         <wf lemma="egiten" pos="X">egiten</wf>
         <wf lemma="ditu" pos="X">ditu</wf>
         <wf lemma="." pos="X">.</wf>
      </sentence>
      <sentence id="d000.s831" source="wordnet-basque">
         <wf lemma="proposamen" pos="X">proposamen</wf>
         <wf lemma="bakoitzari" pos="X">bakoitzari</wf>
         <wf lemma="buruz" pos="X">buruz</wf>
         <wf lemma="hitz" pos="X">hitz</wf>
         <wf lemma="egiterakoan" pos="X">egiterakoan</wf>
         <wf lemma="," pos="X">,</wf>
         <wf lemma="Elorzak" pos="X">Elorzak</wf>
         <wf lemma="esan" pos="X">esan</wf>
         <wf lemma="zuen" pos="X">zuen</wf>
         <wf lemma="PSE-EEk" pos="X">PSE-EEk</wf>
         <wf lemma="egindakoa" pos="X">egindakoa</wf>
         <wf lemma="'" pos="X">'</wf>
         <instance id="d000.s831.t000" lemma="egoera" pos="NOUN">egoeraren</instance>
         <wf lemma="araberakoa" pos="X">araberakoa</wf>
         <wf lemma="'" pos="X">'</wf>
         <wf lemma="dela" pos="X">dela</wf>
         <wf lemma="," pos="X">,</wf>
         <wf lemma="eta" pos="X">eta</wf>
         <wf lemma="'" pos="X">'</wf>
         <wf lemma="nolabaiteko" pos="X">nolabaiteko</wf>
         <wf lemma="elkarrizketa" pos="X">elkarrizketa</wf>
         <wf lemma="hasteko" pos="X">hasteko</wf>
         <wf lemma="batasuna" pos="X">batasuna</wf>
         <wf lemma="'" pos="X">'</wf>
         <wf lemma="bilatzen" pos="X">bilatzen</wf>
         <wf lemma="duela" pos="X">duela</wf>
         <wf lemma="." pos="X">.</wf>
      </sentence>
      <sentence id="d000.s832" source="wordnet-basque">
         <wf lemma="behin" pos="X">behin</wf>
         <wf lemma="Las" pos="X">Las</wf>
         <wf lemma="Vegasen" pos="X">Vegasen</wf>
         <instance id="d000.s832.t000" lemma="neska" pos="NOUN">neska</instance>
         <wf lemma="gaztea" pos="X">gaztea</wf>
         <wf lemma="agertu" pos="X">agertu</wf>
         <wf lemma="zen" pos="X">zen</wf>
         <wf lemma="amuarena" pos="X">amuarena</wf>
         <wf lemma="eginez" pos="X">eginez</wf>
         <wf lemma="mahaian" pos="X">mahaian</wf>
         <wf lemma="." pos="X">.</wf>
      </sentence>
      <sentence id="d000.s833" source="wordnet-basque">
         <instance id="d000.s833.t000" lemma="dozena" pos="NOUN">dozena</instance>
         <wf lemma="erdi" pos="X">erdi</wf>
         <wf lemma="bat" pos="X">bat</wf>
         <wf lemma="salaketa" pos="X">salaketa</wf>
         <wf lemma="aurkeztu" pos="X">aurkeztu</wf>
         <wf lemma="da" pos="X">da</wf>
         <wf lemma="." pos="X">.</wf>
      </sentence>
      <sentence id="d000.s834" source="wordnet-basque">
         <wf lemma="Freuden" pos="X">Freuden</wf>
         <instance id="d000.s834.t000" lemma="ikasle" pos="NOUN">ikasle</instance>
         <wf lemma="bazen" pos="X">bazen</wf>
         <wf lemma="ere" pos="X">ere</wf>
         <wf lemma="," pos="X">,</wf>
         <wf lemma="irauli" pos="X">irauli</wf>
         <wf lemma="egiten" pos="X">egiten</wf>
         <wf lemma="du" pos="X">du</wf>
         <wf lemma="maisuaren" pos="X">maisuaren</wf>
         <wf lemma="zientzia" pos="X">zientzia</wf>
         <wf lemma="." pos="X">.</wf>
      </sentence>
      <sentence id="d000.s835" source="wordnet-basque">
         <wf lemma="traktore" pos="X">traktore</wf>
         <wf lemma="batek" pos="X">batek</wf>
         <wf lemma="gidatutako" pos="X">gidatutako</wf>
         <wf lemma="gurdi" pos="X">gurdi</wf>
         <wf lemma="baten" pos="X">baten</wf>
         <wf lemma="gainean" pos="X">gainean</wf>
         <wf lemma="azaldu" pos="X">azaldu</wf>
         <wf lemma="ziren" pos="X">ziren</wf>
         <instance id="d000.s835.t000" lemma="auzitegi" pos="NOUN">auzitegi</instance>
         <wf lemma="aurrera" pos="X">aurrera</wf>
         <wf lemma="Bove" pos="X">Bove</wf>
         <wf lemma="eta" pos="X">eta</wf>
         <wf lemma="bere" pos="X">bere</wf>
         <wf lemma="kideak" pos="X">kideak</wf>
         <wf lemma="." pos="X">.</wf>
      </sentence>
      <sentence id="d000.s836" source="wordnet-basque">
         <wf lemma="petrolio" pos="X">petrolio</wf>
         <wf lemma="upelaren" pos="X">upelaren</wf>
         <wf lemma="prezio" pos="X">prezio</wf>
         <instance id="d000.s836.t000" lemma="muga" pos="NOUN">muga</instance>
         <wf lemma="atzo" pos="X">atzo</wf>
         <wf lemma="ezarri" pos="X">ezarri</wf>
         <wf lemma="zuten" pos="X">zuten</wf>
         <wf lemma="." pos="X">.</wf>
      </sentence>
      <sentence id="d000.s837" source="wordnet-basque">
         <wf lemma="haren" pos="X">haren</wf>
         <wf lemma="ustez" pos="X">ustez</wf>
         <wf lemma="," pos="X">,</wf>
         <wf lemma="ardo" pos="X">ardo</wf>
         <wf lemma="gaztearen" pos="X">gaztearen</wf>
         <instance id="d000.s837.t000" lemma="eskaera" pos="NOUN">eskaerak</instance>
         <wf lemma="behera" pos="X">behera</wf>
         <wf lemma="egin" pos="X">egin</wf>
         <wf lemma="du" pos="X">du</wf>
         <wf lemma="eskaera" pos="X">eskaera</wf>
         <wf lemma="kontuan" pos="X">kontuan</wf>
         <wf lemma="hartu" pos="X">hartu</wf>
         <wf lemma="gabe" pos="X">gabe</wf>
         <wf lemma="mahatsaren" pos="X">mahatsaren</wf>
         <wf lemma="salneurria" pos="X">salneurria</wf>
         <wf lemma="jarri" pos="X">jarri</wf>
         <wf lemma="delako" pos="X">delako</wf>
         <wf lemma="." pos="X">.</wf>
      </sentence>
      <sentence id="d000.s838" source="wordnet-basque">
         <wf lemma="astelehen" pos="X">astelehen</wf>
         <wf lemma="honetako" pos="X">honetako</wf>
         <wf lemma="manifestaldia" pos="X">manifestaldia</wf>
         <instance id="d000.s838.t000" lemma="sindikatu" pos="NOUN">sindikatuaren</instance>
         <wf lemma="presio" pos="X">presio</wf>
         <wf lemma="egite" pos="X">egite</wf>
         <wf lemma="bat" pos="X">bat</wf>
         <wf lemma="bezala" pos="X">bezala</wf>
         <wf lemma="kontsideratu" pos="X">kontsideratu</wf>
         <wf lemma="behar" pos="X">behar</wf>
         <wf lemma="da" pos="X">da</wf>
         <wf lemma="." pos="X">.</wf>
      </sentence>
      <sentence id="d000.s839" source="wordnet-basque">
         <wf lemma="kotxera" pos="X">kotxera</wf>
         <wf lemma="joan" pos="X">joan</wf>
         <wf lemma="naiz" pos="X">naiz</wf>
         <instance id="d000.s839.t000" lemma="ibilgailu" pos="NOUN">ibilgailuarekin</instance>
         <wf lemma="inguruak" pos="X">inguruak</wf>
         <wf lemma="azkarrago" pos="X">azkarrago</wf>
         <wf lemma="aztertzeko" pos="X">aztertzeko</wf>
         <wf lemma="." pos="X">.</wf>
      </sentence>
      <sentence id="d000.s840" source="wordnet-basque">
         <wf lemma="Miguel" pos="X">Miguel</wf>
         <wf lemma="Sanz" pos="X">Sanz</wf>
         <wf lemma="UPNko" pos="X">UPNko</wf>
         <wf lemma="zerrendaburuak" pos="X">zerrendaburuak</wf>
         <wf lemma="Juan" pos="X">Juan</wf>
         <wf lemma="Cruz" pos="X">Cruz</wf>
         <wf lemma="Alliren" pos="X">Alliren</wf>
         <instance id="d000.s840.t000" lemma="eraso" pos="NOUN">erasoei</instance>
         <wf lemma="erantzunez" pos="X">erantzunez</wf>
         <wf lemma="ekin" pos="X">ekin</wf>
         <wf lemma="zion" pos="X">zion</wf>
         <wf lemma="hauteskunde" pos="X">hauteskunde</wf>
         <wf lemma="kanpainaurrean" pos="X">kanpainaurrean</wf>
         <wf lemma="." pos="X">.</wf>
      </sentence>
      <sentence id="d000.s841" source="wordnet-basque">
         <wf lemma="Espainiako" pos="X">Espainiako</wf>
         <wf lemma="Gerra" pos="X">Gerra</wf>
         <wf lemma="Zibilean" pos="X">Zibilean</wf>
         <wf lemma="asaldatuekin" pos="X">asaldatuekin</wf>
         <wf lemma="batera" pos="X">batera</wf>
         <wf lemma="borrokatu" pos="X">borrokatu</wf>
         <wf lemma="ziren" pos="X">ziren</wf>
         <wf lemma="," pos="X">,</wf>
         <wf lemma="beren" pos="X">beren</wf>
         <instance id="d000.s841.t000" lemma="konpainia" pos="NOUN">konpainia</instance>
         <wf lemma="edo" pos="X">edo</wf>
         <wf lemma="tertzio" pos="X">tertzio</wf>
         <wf lemma="berezietan" pos="X">berezietan</wf>
         <wf lemma="antolatuta" pos="X">antolatuta</wf>
         <wf lemma="unitate" pos="X">unitate</wf>
         <wf lemma="militar" pos="X">militar</wf>
         <wf lemma="erregular" pos="X">erregular</wf>
         <wf lemma="handiagoetan" pos="X">handiagoetan</wf>
         <wf lemma="." pos="X">.</wf>
      </sentence>
      <sentence id="d000.s842" source="wordnet-basque">
         <wf lemma="denetarik" pos="X">denetarik</wf>
         <wf lemma="izango" pos="X">izango</wf>
         <wf lemma="du" pos="X">du</wf>
         <instance id="d000.s842.t000" lemma="jai" pos="NOUN">jaiak</instance>
         <wf lemma="," pos="X">,</wf>
         <wf lemma="hala" pos="X">hala</wf>
         <wf lemma="nola" pos="X">nola</wf>
         <wf lemma="," pos="X">,</wf>
         <wf lemma="kirol" pos="X">kirol</wf>
         <wf lemma="erakustaldiak" pos="X">erakustaldiak</wf>
         <wf lemma="," pos="X">,</wf>
         <wf lemma="bertsolariak" pos="X">bertsolariak</wf>
         <wf lemma="," pos="X">,</wf>
         <wf lemma="haurrentzako" pos="X">haurrentzako</wf>
         <wf lemma="jolasak" pos="X">jolasak</wf>
         <wf lemma="," pos="X">,</wf>
         <wf lemma="musika" pos="X">musika</wf>
         <wf lemma="," pos="X">,</wf>
         <wf lemma="eta" pos="X">eta</wf>
         <wf lemma="erakustaldiak" pos="X">erakustaldiak</wf>
         <wf lemma="." pos="X">.</wf>
      </sentence>
      <sentence id="d000.s843" source="wordnet-basque">
         <wf lemma="gure" pos="X">gure</wf>
         <wf lemma="amak" pos="X">amak</wf>
         <wf lemma="esaten" pos="X">esaten</wf>
         <wf lemma="zuen" pos="X">zuen</wf>
         <instance id="d000.s843.t000" lemma="errespetu" pos="NOUN">errespetua</instance>
         <wf lemma="irabazi" pos="X">irabazi</wf>
         <wf lemma="egin" pos="X">egin</wf>
         <wf lemma="behar" pos="X">behar</wf>
         <wf lemma="dela" pos="X">dela</wf>
         <wf lemma="." pos="X">.</wf>
      </sentence>
      <sentence id="d000.s844" source="wordnet-basque">
         <wf lemma="iparraldetik" pos="X">iparraldetik</wf>
         <wf lemma="datozen" pos="X">datozen</wf>
         <wf lemma="uso" pos="X">uso</wf>
         <wf lemma="eta" pos="X">eta</wf>
         <instance id="d000.s844.t000" lemma="kurrilo" pos="NOUN">kurriloekin</instance>
         <wf lemma="batera" pos="X">batera</wf>
         <wf lemma="," pos="X">,</wf>
         <wf lemma="beste" pos="X">beste</wf>
         <wf lemma="hegazti" pos="X">hegazti</wf>
         <wf lemma="migratzaile" pos="X">migratzaile</wf>
         <wf lemma="asko" pos="X">asko</wf>
         <wf lemma="iristen" pos="X">iristen</wf>
         <wf lemma="da" pos="X">da</wf>
         <wf lemma="bertara" pos="X">bertara</wf>
         <wf lemma="." pos="X">.</wf>
      </sentence>
      <sentence id="d000.s845" source="wordnet-basque">
         <wf lemma="minik" pos="X">minik</wf>
         <wf lemma="ez" pos="X">ez</wf>
         <wf lemma="baina" pos="X">baina</wf>
         <wf lemma="izututa" pos="X">izututa</wf>
         <wf lemma="," pos="X">,</wf>
         <instance id="d000.s845.t000" lemma="hego" pos="NOUN">hegoak</instance>
         <wf lemma="mila" pos="X">mila</wf>
         <wf lemma="lekutan" pos="X">lekutan</wf>
         <wf lemma="urratuta" pos="X">urratuta</wf>
         <wf lemma="," pos="X">,</wf>
         <wf lemma="garrasika" pos="X">garrasika</wf>
         <wf lemma="hasi" pos="X">hasi</wf>
         <wf lemma="zitzaion" pos="X">zitzaion</wf>
         <wf lemma="." pos="X">.</wf>
      </sentence>
      <sentence id="d000.s846" source="wordnet-basque">
         <wf lemma="batasuna" pos="X">batasuna</wf>
         <wf lemma="autonomian" pos="X">autonomian</wf>
         <wf lemma="oinarriturik" pos="X">oinarriturik</wf>
         <wf lemma="indartzeko" pos="X">indartzeko</wf>
         <wf lemma="proposamena" pos="X">proposamena</wf>
         <wf lemma="luzatu" pos="X">luzatu</wf>
         <wf lemma="du" pos="X">du</wf>
         <wf lemma="Elorrietak" pos="X">Elorrietak</wf>
         <wf lemma="bere" pos="X">bere</wf>
         <wf lemma="hitzaldiaren" pos="X">hitzaldiaren</wf>
         <instance id="d000.s846.t000" lemma="bukaera" pos="NOUN">bukaeran</instance>
         <wf lemma="." pos="X">.</wf>
      </sentence>
      <sentence id="d000.s847" source="wordnet-basque">
         <wf lemma="horrela" pos="X">horrela</wf>
         <wf lemma="," pos="X">,</wf>
         <wf lemma="eraikin" pos="X">eraikin</wf>
         <wf lemma="zibilen" pos="X">zibilen</wf>
         <wf lemma="artean" pos="X">artean</wf>
         <wf lemma="," pos="X">,</wf>
         <instance id="d000.s847.t000" lemma="hegal" pos="NOUN">hegal</instance>
         <wf lemma="zabala" pos="X">zabala</wf>
         <wf lemma="eta" pos="X">eta</wf>
         <wf lemma="arkupeak" pos="X">arkupeak</wf>
         <wf lemma="dituen" pos="X">dituen</wf>
         <wf lemma="XVI.eko" pos="X">XVI.eko</wf>
         <wf lemma="Udaletxea" pos="X">Udaletxea</wf>
         <wf lemma="azpimarra" pos="X">azpimarra</wf>
         <wf lemma="dezakegu" pos="X">dezakegu</wf>
         <wf lemma="." pos="X">.</wf>
      </sentence>
      <sentence id="d000.s848" source="wordnet-basque">
         <wf lemma="Eusko" pos="X">Eusko</wf>
         <wf lemma="Jaurlaritzak" pos="X">Jaurlaritzak</wf>
         <wf lemma="eta" pos="X">eta</wf>
         <wf lemma="20" pos="X">20</wf>
         <wf lemma="entitate" pos="X">entitate</wf>
         <wf lemma="finantzierok" pos="X">finantzierok</wf>
         <instance id="d000.s848.t000" lemma="hitzarmen" pos="NOUN">hitzarmen</instance>
         <wf lemma="bat" pos="X">bat</wf>
         <wf lemma="sinatu" pos="X">sinatu</wf>
         <wf lemma="zuten" pos="X">zuten</wf>
         <wf lemma="nekazaritza" pos="X">nekazaritza</wf>
         <wf lemma="sustatzeko" pos="X">sustatzeko</wf>
         <wf lemma="." pos="X">.</wf>
      </sentence>
      <sentence id="d000.s849" source="wordnet-basque">
         <wf lemma="lotsagarria" pos="X">lotsagarria</wf>
         <wf lemma="da" pos="X">da</wf>
         <instance id="d000.s849.t000" lemma="historia" pos="NOUN">historiaren</instance>
         <wf lemma="artxiboak" pos="X">artxiboak</wf>
         <wf lemma="nola" pos="X">nola</wf>
         <wf lemma="gordetzen" pos="X">gordetzen</wf>
         <wf lemma="diren" pos="X">diren</wf>
         <wf lemma="." pos="X">.</wf>
      </sentence>
      <sentence id="d000.s850" source="wordnet-basque">
         <wf lemma="Mecanizados" pos="X">Mecanizados</wf>
         <wf lemma="Alberdi" pos="X">Alberdi</wf>
         <wf lemma="enpresaren" pos="X">enpresaren</wf>
         <instance id="d000.s850.t000" lemma="jabe" pos="NOUN">jabea</instance>
         <wf lemma="Miguel" pos="X">Miguel</wf>
         <wf lemma="Alberdi" pos="X">Alberdi</wf>
         <wf lemma="da" pos="X">da</wf>
         <wf lemma="." pos="X">.</wf>
      </sentence>
      <sentence id="d000.s851" source="wordnet-basque">
         <wf lemma="baina" pos="X">baina</wf>
         <wf lemma="aski" pos="X">aski</wf>
         <wf lemma="eta" pos="X">eta</wf>
         <wf lemma="sobera" pos="X">sobera</wf>
         <wf lemma="frogatu" pos="X">frogatu</wf>
         <wf lemma="da" pos="X">da</wf>
         <wf lemma="ohituraz" pos="X">ohituraz</wf>
         <wf lemma="maskulinotzat" pos="X">maskulinotzat</wf>
         <wf lemma="jo" pos="X">jo</wf>
         <wf lemma="diren" pos="X">diren</wf>
         <instance id="d000.s851.t000" lemma="curriculum" pos="NOUN">curriculum</instance>
         <wf lemma="ikasketetan" pos="X">ikasketetan</wf>
         <wf lemma="irakasleak" pos="X">irakasleak</wf>
         <wf lemma="gogotsuago" pos="X">gogotsuago</wf>
         <wf lemma="aritzen" pos="X">aritzen</wf>
         <wf lemma="direla" pos="X">direla</wf>
         <wf lemma="mutilekin" pos="X">mutilekin</wf>
         <wf lemma="neskekin" pos="X">neskekin</wf>
         <wf lemma="baino" pos="X">baino</wf>
         <wf lemma="." pos="X">.</wf>
      </sentence>
      <sentence id="d000.s852" source="wordnet-basque">
         <wf lemma="Robinsonek" pos="X">Robinsonek</wf>
         <wf lemma="argi" pos="X">argi</wf>
         <wf lemma="erakutsi" pos="X">erakutsi</wf>
         <wf lemma="baitu" pos="X">baitu</wf>
         <wf lemma="bera" pos="X">bera</wf>
         <wf lemma="eta" pos="X">eta</wf>
         <wf lemma="bere" pos="X">bere</wf>
         <wf lemma="alderdia" pos="X">alderdia</wf>
         <wf lemma="ez" pos="X">ez</wf>
         <wf lemma="direla" pos="X">direla</wf>
         <wf lemma="gai" pos="X">gai</wf>
         <wf lemma="izango" pos="X">izango</wf>
         <wf lemma="IRAren" pos="X">IRAren</wf>
         <wf lemma="etorkizuneko" pos="X">etorkizuneko</wf>
         <instance id="d000.s852.t000" lemma="eskaera" pos="NOUN">eskaerei</instance>
         <wf lemma="aurre" pos="X">aurre</wf>
         <wf lemma="egiteko" pos="X">egiteko</wf>
         <wf lemma="." pos="X">.</wf>
      </sentence>
      <sentence id="d000.s853" source="wordnet-basque">
         <instance id="d000.s853.t000" lemma="banku" pos="NOUN">banku</instance>
         <wf lemma="hareatsu" pos="X">hareatsu</wf>
         <wf lemma="lodien" pos="X">lodien</wf>
         <wf lemma="artean" pos="X">artean</wf>
         <wf lemma="," pos="X">,</wf>
         <wf lemma="lutita-maila" pos="X">lutita-maila</wf>
         <wf lemma="meheak" pos="X">meheak</wf>
         <wf lemma="tartekatzen" pos="X">tartekatzen</wf>
         <wf lemma="dira" pos="X">dira</wf>
         <wf lemma="." pos="X">.</wf>
      </sentence>
      <sentence id="d000.s854" source="wordnet-basque">
         <wf lemma="erasoaren" pos="X">erasoaren</wf>
         <wf lemma="ondorioz" pos="X">ondorioz</wf>
         <wf lemma="," pos="X">,</wf>
         <wf lemma="etxearen" pos="X">etxearen</wf>
         <instance id="d000.s854.t000" lemma="fatxada" pos="NOUN">fatxada</instance>
         <wf lemma="belztuta" pos="X">belztuta</wf>
         <wf lemma="gelditu" pos="X">gelditu</wf>
         <wf lemma="zen" pos="X">zen</wf>
         <wf lemma="," pos="X">,</wf>
         <wf lemma="eta" pos="X">eta</wf>
         <wf lemma="bi" pos="X">bi</wf>
         <wf lemma="leihok" pos="X">leihok</wf>
         <wf lemma="pairatu" pos="X">pairatu</wf>
         <wf lemma="zituzten" pos="X">zituzten</wf>
         <wf lemma="kalteak" pos="X">kalteak</wf>
         <wf lemma="." pos="X">.</wf>
      </sentence>
      <sentence id="d000.s855" source="wordnet-basque">
         <wf lemma="nik" pos="X">nik</wf>
         <wf lemma="argi" pos="X">argi</wf>
         <wf lemma="ditut" pos="X">ditut</wf>
         <wf lemma="gauzak" pos="X">gauzak</wf>
         <wf lemma="," pos="X">,</wf>
         <wf lemma="oso" pos="X">oso</wf>
         <wf lemma="argi" pos="X">argi</wf>
         <wf lemma="eta" pos="X">eta</wf>
         <wf lemma="ez" pos="X">ez</wf>
         <wf lemma="dut" pos="X">dut</wf>
         <wf lemma="iritzia" pos="X">iritzia</wf>
         <wf lemma="aldatzen" pos="X">aldatzen</wf>
         <wf lemma="Athletic" pos="X">Athletic</wf>
         <wf lemma="saikapenean" pos="X">saikapenean</wf>
         <wf lemma="dagoen" pos="X">dagoen</wf>
         <instance id="d000.s855.t000" lemma="toki" pos="NOUN">tokiaren</instance>
         <wf lemma="arabera" pos="X">arabera</wf>
         <wf lemma="." pos="X">.</wf>
      </sentence>
      <sentence id="d000.s856" source="wordnet-basque">
         <wf lemma="atzerriko" pos="X">atzerriko</wf>
         <wf lemma="agintari" pos="X">agintari</wf>
         <wf lemma="ugarik" pos="X">ugarik</wf>
         <instance id="d000.s856.t000" lemma="telefono" pos="NOUN">telefono</instance>
         <wf lemma="bidezko" pos="X">bidezko</wf>
         <wf lemma="elkarrizketak" pos="X">elkarrizketak</wf>
         <wf lemma="izan" pos="X">izan</wf>
         <wf lemma="dituzte" pos="X">dituzte</wf>
         <wf lemma="Ehud" pos="X">Ehud</wf>
         <wf lemma="Barak" pos="X">Barak</wf>
         <wf lemma="Israelgo" pos="X">Israelgo</wf>
         <wf lemma="lehen" pos="X">lehen</wf>
         <wf lemma="ministro" pos="X">ministro</wf>
         <wf lemma="laboristarekin" pos="X">laboristarekin</wf>
         <wf lemma="." pos="X">.</wf>
      </sentence>
      <sentence id="d000.s857" source="wordnet-basque">
         <wf lemma="Alain" pos="X">Alain</wf>
         <wf lemma="Prostek" pos="X">Prostek</wf>
         <wf lemma="ezin" pos="X">ezin</wf>
         <wf lemma="izan" pos="X">izan</wf>
         <wf lemma="zuen" pos="X">zuen</wf>
         <wf lemma="1" pos="X">1</wf>
         <wf lemma="formulako" pos="X">formulako</wf>
         <wf lemma="txapela" pos="X">txapela</wf>
         <wf lemma="irabazi" pos="X">irabazi</wf>
         <wf lemma="azken" pos="X">azken</wf>
         <instance id="d000.s857.t000" lemma="buelta" pos="NOUN">bueltan</instance>
         <wf lemma="eduki" pos="X">eduki</wf>
         <wf lemma="zituen" pos="X">zituen</wf>
         <wf lemma="gorabeherengatik" pos="X">gorabeherengatik</wf>
         <wf lemma="." pos="X">.</wf>
      </sentence>
      <sentence id="d000.s858" source="wordnet-basque">
         <wf lemma="baina" pos="X">baina</wf>
         <wf lemma="Landesetako" pos="X">Landesetako</wf>
         <instance id="d000.s858.t000" lemma="departamendu" pos="NOUN">departamendua</instance>
         <wf lemma="da" pos="X">da</wf>
         <wf lemma="horren" pos="X">horren</wf>
         <wf lemma="leaderra" pos="X">leaderra</wf>
         <wf lemma="," pos="X">,</wf>
         <wf lemma="Frantziako" pos="X">Frantziako</wf>
         <wf lemma="%53" pos="X">%53</wf>
         <wf lemma="hortik" pos="X">hortik</wf>
         <wf lemma="bait" pos="X">bait</wf>
         <wf lemma="dator" pos="X">dator</wf>
         <wf lemma="." pos="X">.</wf>
      </sentence>
      <sentence id="d000.s859" source="wordnet-basque">
         <wf lemma="Nafarroako" pos="X">Nafarroako</wf>
         <instance id="d000.s859.t000" lemma="hegoalde" pos="NOUN">hegoaldean</instance>
         <wf lemma="oraindik" pos="X">oraindik</wf>
         <wf lemma="erabiltzen" pos="X">erabiltzen</wf>
         <wf lemma="da" pos="X">da</wf>
         <wf lemma="zanbonba" pos="X">zanbonba</wf>
         <wf lemma="arrunta" pos="X">arrunta</wf>
         <wf lemma="zarata" pos="X">zarata</wf>
         <wf lemma="ateratzeko" pos="X">ateratzeko</wf>
         <wf lemma="eta" pos="X">eta</wf>
         <wf lemma="kantuaren" pos="X">kantuaren</wf>
         <wf lemma="erritmo" pos="X">erritmo</wf>
         <wf lemma="lagungarritzat" pos="X">lagungarritzat</wf>
         <wf lemma="." pos="X">.</wf>
      </sentence>
      <sentence id="d000.s860" source="wordnet-basque">
         <wf lemma="Atlanta" pos="X">Atlanta</wf>
         <wf lemma="aukeratu" pos="X">aukeratu</wf>
         <wf lemma="dute" pos="X">dute</wf>
         <wf lemma="Joko" pos="X">Joko</wf>
         <wf lemma="Olinpikoen" pos="X">Olinpikoen</wf>
         <instance id="d000.s860.t000" lemma="egoitza" pos="NOUN">egoitza</instance>
         <wf lemma="izateko" pos="X">izateko</wf>
         <wf lemma="." pos="X">.</wf>
      </sentence>
      <sentence id="d000.s861" source="wordnet-basque">
         <wf lemma="birlandatzeko" pos="X">birlandatzeko</wf>
         <instance id="d000.s861.t000" lemma="garai" pos="NOUN">garairik</instance>
         <wf lemma="egokiena" pos="X">egokiena</wf>
         <wf lemma="," pos="X">,</wf>
         <wf lemma="landarearen" pos="X">landarearen</wf>
         <wf lemma="sasoi" pos="X">sasoi</wf>
         <wf lemma="aktiboa" pos="X">aktiboa</wf>
         <wf lemma="hastera" pos="X">hastera</wf>
         <wf lemma="doanekoa" pos="X">doanekoa</wf>
         <wf lemma="da" pos="X">da</wf>
         <wf lemma="." pos="X">.</wf>
      </sentence>
      <sentence id="d000.s862" source="wordnet-basque">
         <wf lemma="autoak" pos="X">autoak</wf>
         <wf lemma="ez" pos="X">ez</wf>
         <wf lemma="zuen" pos="X">zuen</wf>
         <wf lemma="blindajerik" pos="X">blindajerik</wf>
         <wf lemma="," pos="X">,</wf>
         <wf lemma="ezta" pos="X">ezta</wf>
         <wf lemma="lehergailuen" pos="X">lehergailuen</wf>
         <wf lemma="aktibatzea" pos="X">aktibatzea</wf>
         <wf lemma="inhibitzeko" pos="X">inhibitzeko</wf>
         <instance id="d000.s862.t000" lemma="tresna" pos="NOUN">tresnarik</instance>
         <wf lemma="ere" pos="X">ere</wf>
         <wf lemma="." pos="X">.</wf>
      </sentence>
      <sentence id="d000.s863" source="wordnet-basque">
         <wf lemma="Ituren-Zubietako" pos="X">Ituren-Zubietako</wf>
         <wf lemma="Zanpantzar" pos="X">Zanpantzar</wf>
         <wf lemma="konpartsaren" pos="X">konpartsaren</wf>
         <instance id="d000.s863.t000" lemma="zuzendari" pos="NOUN">zuzendariak</instance>
         <wf lemma="," pos="X">,</wf>
         <wf lemma="sistima" pos="X">sistima</wf>
         <wf lemma="honetako" pos="X">honetako</wf>
         <wf lemma="pita" pos="X">pita</wf>
         <wf lemma="duen" pos="X">duen</wf>
         <wf lemma="adar" pos="X">adar</wf>
         <wf lemma="bat" pos="X">bat</wf>
         <wf lemma="jotzen" pos="X">jotzen</wf>
         <wf lemma="du" pos="X">du</wf>
         <wf lemma="," pos="X">,</wf>
         <wf lemma="taldearen" pos="X">taldearen</wf>
         <wf lemma="koreografia" pos="X">koreografia</wf>
         <wf lemma="aldaketak" pos="X">aldaketak</wf>
         <wf lemma="zuzentzeko" pos="X">zuzentzeko</wf>
         <wf lemma="." pos="X">.</wf>
      </sentence>
      <sentence id="d000.s864" source="wordnet-basque">
         <wf lemma="Sarako" pos="X">Sarako</wf>
         <instance id="d000.s864.t000" lemma="eskola" pos="NOUN">Eskola</instance>
         <wf lemma="," pos="X">,</wf>
         <wf lemma="berez" pos="X">berez</wf>
         <wf lemma="," pos="X">,</wf>
         <wf lemma="lagunarte" pos="X">lagunarte</wf>
         <wf lemma="batean" pos="X">batean</wf>
         <wf lemma="(" pos="X">(</wf>
         <wf lemma="eliz" pos="X">eliz</wf>
         <wf lemma="gizonak" pos="X">gizonak</wf>
         <wf lemma="," pos="X">,</wf>
         <wf lemma="gehienak" pos="X">gehienak</wf>
         <wf lemma=")" pos="X">)</wf>
         <wf lemma="sorturiko" pos="X">sorturiko</wf>
         <wf lemma="asmo" pos="X">asmo</wf>
         <wf lemma="baten" pos="X">baten</wf>
         <wf lemma="gauzapena" pos="X">gauzapena</wf>
         <wf lemma="dugu" pos="X">dugu</wf>
         <wf lemma="." pos="X">.</wf>
      </sentence>
      <sentence id="d000.s865" source="wordnet-basque">
         <wf lemma="buztingintzaren" pos="X">buztingintzaren</wf>
         <wf lemma="inguruko" pos="X">inguruko</wf>
         <instance id="d000.s865.t000" lemma="azterketa" pos="NOUN">azterketa</instance>
         <wf lemma="ez" pos="X">ez</wf>
         <wf lemma="dute" pos="X">dute</wf>
         <wf lemma="behar" pos="X">behar</wf>
         <wf lemma="bezain" pos="X">bezain</wf>
         <wf lemma="sakonki" pos="X">sakonki</wf>
         <wf lemma="egin" pos="X">egin</wf>
         <wf lemma="." pos="X">.</wf>
      </sentence>
      <sentence id="d000.s866" source="wordnet-basque">
         <wf lemma="Montenegrok" pos="X">Montenegrok</wf>
         <wf lemma="ia" pos="X">ia</wf>
         <wf lemma="herrialde" pos="X">herrialde</wf>
         <wf lemma="independente" pos="X">independente</wf>
         <wf lemma="gisa" pos="X">gisa</wf>
         <wf lemma="jokatu" pos="X">jokatu</wf>
         <wf lemma="du" pos="X">du</wf>
         <wf lemma="," pos="X">,</wf>
         <wf lemma="Alemaniako" pos="X">Alemaniako</wf>
         <wf lemma="markoa" pos="X">markoa</wf>
         <wf lemma="onartu" pos="X">onartu</wf>
         <wf lemma="du" pos="X">du</wf>
         <instance id="d000.s866.t000" lemma="diru" pos="NOUN">diru</instance>
         <wf lemma="gisa" pos="X">gisa</wf>
         <wf lemma="?" pos="X">?</wf>
      </sentence>
      <sentence id="d000.s867" source="wordnet-basque">
         <wf lemma="eta" pos="X">eta</wf>
         <wf lemma="," pos="X">,</wf>
         <wf lemma="kasu" pos="X">kasu</wf>
         <wf lemma="horretan" pos="X">horretan</wf>
         <wf lemma="," pos="X">,</wf>
         <wf lemma="kutsatuta" pos="X">kutsatuta</wf>
         <wf lemma="ez" pos="X">ez</wf>
         <wf lemma="dagoenak" pos="X">dagoenak</wf>
         <wf lemma="ez" pos="X">ez</wf>
         <wf lemma="dauka" pos="X">dauka</wf>
         <wf lemma="besteak" pos="X">besteak</wf>
         <wf lemma="baino" pos="X">baino</wf>
         <instance id="d000.s867.t000" lemma="arrisku" pos="NOUN">arrisku</instance>
         <wf lemma="handiagoa" pos="X">handiagoa</wf>
         <wf lemma="." pos="X">.</wf>
      </sentence>
      <sentence id="d000.s868" source="wordnet-basque">
         <wf lemma="Joxe" pos="X">Joxe</wf>
         <wf lemma="," pos="X">,</wf>
         <wf lemma="herrian" pos="X">herrian</wf>
         <wf lemma="edonork" pos="X">edonork</wf>
         <wf lemma="zekienez" pos="X">zekienez</wf>
         <wf lemma="," pos="X">,</wf>
         <instance id="d000.s868.t000" lemma="nortasun" pos="NOUN">nortasun</instance>
         <wf lemma="handiko" pos="X">handiko</wf>
         <wf lemma="gizona" pos="X">gizona</wf>
         <wf lemma="genuen" pos="X">genuen</wf>
         <wf lemma="." pos="X">.</wf>
      </sentence>
      <sentence id="d000.s869" source="wordnet-basque">
         <wf lemma="munduari" pos="X">munduari</wf>
         <wf lemma="demokraziaren" pos="X">demokraziaren</wf>
         <wf lemma="edertasuna" pos="X">edertasuna</wf>
         <wf lemma="eta" pos="X">eta</wf>
         <instance id="d000.s869.t000" lemma="indar" pos="NOUN">indarra</instance>
         <wf lemma="erakutsi" pos="X">erakutsi</wf>
         <wf lemma="behar" pos="X">behar</wf>
         <wf lemma="zaiola" pos="X">zaiola</wf>
         <wf lemma="adierazi" pos="X">adierazi</wf>
         <wf lemma="zuen" pos="X">zuen</wf>
         <wf lemma="Powellek" pos="X">Powellek</wf>
         <wf lemma="." pos="X">.</wf>
      </sentence>
      <sentence id="d000.s870" source="wordnet-basque">
         <instance id="d000.s870.t000" lemma="kalitate" pos="NOUN">kalitateko</instance>
         <wf lemma="jokalari" pos="X">jokalari</wf>
         <wf lemma="bezala" pos="X">bezala</wf>
         <wf lemma="etorri" pos="X">etorri</wf>
         <wf lemma="arren" pos="X">arren</wf>
         <wf lemma="," pos="X">,</wf>
         <wf lemma="ez" pos="X">ez</wf>
         <wf lemma="zuen" pos="X">zuen</wf>
         <wf lemma="erakutsi" pos="X">erakutsi</wf>
         <wf lemma="." pos="X">.</wf>
      </sentence>
      <sentence id="d000.s871" source="wordnet-basque">
         <wf lemma="betiko" pos="X">betiko</wf>
         <wf lemma="'mutilak" pos="X">'mutilak</wf>
         <wf lemma="neska" pos="X">neska</wf>
         <wf lemma="aurkitu" pos="X">aurkitu</wf>
         <wf lemma="du" pos="X">du</wf>
         <wf lemma="'" pos="X">'</wf>
         <wf lemma="bezalako" pos="X">bezalako</wf>
         <instance id="d000.s871.t000" lemma="gai" pos="NOUN">gaia</instance>
         <wf lemma="zen" pos="X">zen</wf>
         <wf lemma="." pos="X">.</wf>
      </sentence>
      <sentence id="d000.s872" source="wordnet-basque">
         <wf lemma="guztiek" pos="X">guztiek</wf>
         <wf lemma="zeukaten" pos="X">zeukaten</wf>
         <instance id="d000.s872.t000" lemma="aurpegi" pos="NOUN">aurpegia</instance>
         <wf lemma="irinez" pos="X">irinez</wf>
         <wf lemma="zurituta" pos="X">zurituta</wf>
         <wf lemma="," pos="X">,</wf>
         <wf lemma="eta" pos="X">eta</wf>
         <wf lemma="toailen" pos="X">toailen</wf>
         <wf lemma="bila" pos="X">bila</wf>
         <wf lemma="zebiltzan" pos="X">zebiltzan</wf>
         <wf lemma="bainugelara" pos="X">bainugelara</wf>
         <wf lemma="joateko" pos="X">joateko</wf>
         <wf lemma="." pos="X">.</wf>
      </sentence>
      <sentence id="d000.s873" source="wordnet-basque">
         <wf lemma="Euskal" pos="X">Euskal</wf>
         <wf lemma="Herriko" pos="X">Herriko</wf>
         <wf lemma="erle" pos="X">erle</wf>
         <wf lemma="guztiak" pos="X">guztiak</wf>
         <wf lemma="bildu" pos="X">bildu</wf>
         <wf lemma="nahi" pos="X">nahi</wf>
         <wf lemma="izan" pos="X">izan</wf>
         <wf lemma="zituen" pos="X">zituen</wf>
         <wf lemma="Euskaltzaindiak" pos="X">Euskaltzaindiak</wf>
         <wf lemma="urriaren" pos="X">urriaren</wf>
         <wf lemma="hasieran" pos="X">hasieran</wf>
         <wf lemma="Leioan" pos="X">Leioan</wf>
         <wf lemma="egindako" pos="X">egindako</wf>
         <instance id="d000.s873.t000" lemma="biltzar" pos="NOUN">biltzarrean</instance>
         <wf lemma="." pos="X">.</wf>
      </sentence>
      <sentence id="d000.s874" source="wordnet-basque">
         <wf lemma="minutu" pos="X">minutu</wf>
         <wf lemma="erdi" pos="X">erdi</wf>
         <wf lemma="baino" pos="X">baino</wf>
         <wf lemma="gehiago" pos="X">gehiago</wf>
         <wf lemma="galdu" pos="X">galdu</wf>
         <wf lemma="zuten" pos="X">zuten</wf>
         <wf lemma="Astillerorekiko" pos="X">Astillerorekiko</wf>
         <wf lemma="," pos="X">,</wf>
         <wf lemma="eta" pos="X">eta</wf>
         <wf lemma="inoiz" pos="X">inoiz</wf>
         <wf lemma="ez" pos="X">ez</wf>
         <wf lemma="ziren" pos="X">ziren</wf>
         <wf lemma="sartu" pos="X">sartu</wf>
         <wf lemma="bandera" pos="X">bandera</wf>
         <wf lemma="irabazteko" pos="X">irabazteko</wf>
         <instance id="d000.s874.t000" lemma="borroka" pos="NOUN">borrokan</instance>
         <wf lemma="." pos="X">.</wf>
      </sentence>
      <sentence id="d000.s875" source="wordnet-basque">
         <wf lemma="Assira" pos="X">Assira</wf>
         <wf lemma="Axamalyeh" pos="X">Axamalyeh</wf>
         <wf lemma="herri" pos="X">herri</wf>
         <wf lemma="palestinarrean" pos="X">palestinarrean</wf>
         <wf lemma="hildako" pos="X">hildako</wf>
         <wf lemma="3" pos="X">3</wf>
         <wf lemma="soldadu" pos="X">soldadu</wf>
         <wf lemma="israeldarrak" pos="X">israeldarrak</wf>
         <wf lemma="beraiekin" pos="X">beraiekin</wf>
         <wf lemma="zeuden" pos="X">zeuden</wf>
         <wf lemma="soldaduen" pos="X">soldaduen</wf>
         <instance id="d000.s875.t000" lemma="tiro" pos="NOUN">tiroen</instance>
         <wf lemma="ondorioz" pos="X">ondorioz</wf>
         <wf lemma="hil" pos="X">hil</wf>
         <wf lemma="ziren" pos="X">ziren</wf>
         <wf lemma="." pos="X">.</wf>
      </sentence>
      <sentence id="d000.s876" source="wordnet-basque">
         <wf lemma="gero" pos="X">gero</wf>
         <wf lemma="ikusiko" pos="X">ikusiko</wf>
         <wf lemma="da" pos="X">da</wf>
         <wf lemma="zer" pos="X">zer</wf>
         <wf lemma="gertatzen" pos="X">gertatzen</wf>
         <wf lemma="den" pos="X">den</wf>
         <wf lemma="," pos="X">,</wf>
         <wf lemma="baina" pos="X">baina</wf>
         <wf lemma="nik" pos="X">nik</wf>
         <wf lemma="ez" pos="X">ez</wf>
         <wf lemma="daramat" pos="X">daramat</wf>
         <wf lemma="aldez" pos="X">aldez</wf>
         <wf lemma="aurretik" pos="X">aurretik</wf>
         <instance id="d000.s876.t000" lemma="ideia" pos="NOUN">ideia</instance>
         <wf lemma="jakinik" pos="X">jakinik</wf>
         <wf lemma="." pos="X">.</wf>
      </sentence>
      <sentence id="d000.s877" source="wordnet-basque">
         <wf lemma="gobernuak" pos="X">gobernuak</wf>
         <wf lemma="eta" pos="X">eta</wf>
         <wf lemma="PSOEk" pos="X">PSOEk</wf>
         <wf lemma="jarritako" pos="X">jarritako</wf>
         <instance id="d000.s877.t000" lemma="oinarri" pos="NOUN">oinarriei</instance>
         <wf lemma="buruz" pos="X">buruz</wf>
         <wf lemma="," pos="X">,</wf>
         <wf lemma="IUko" pos="X">IUko</wf>
         <wf lemma="buruzagiaren" pos="X">buruzagiaren</wf>
         <wf lemma="ustez" pos="X">ustez</wf>
         <wf lemma="indarkeriaren" pos="X">indarkeriaren</wf>
         <wf lemma="arazoa" pos="X">arazoa</wf>
         <wf lemma="Konstituzioaren" pos="X">Konstituzioaren</wf>
         <wf lemma="esparrutik" pos="X">esparrutik</wf>
         <wf lemma="heltzea" pos="X">heltzea</wf>
         <wf lemma="egokia" pos="X">egokia</wf>
         <wf lemma="da" pos="X">da</wf>
         <wf lemma="." pos="X">.</wf>
      </sentence>
      <sentence id="d000.s878" source="wordnet-basque">
         <instance id="d000.s878.t000" lemma="irakasle" pos="NOUN">irakasleek</instance>
         <wf lemma="materiala" pos="X">materiala</wf>
         <wf lemma="prestatzeko" pos="X">prestatzeko</wf>
         <wf lemma="dituzten" pos="X">dituzten</wf>
         <wf lemma="aukera" pos="X">aukera</wf>
         <wf lemma="informatikoak" pos="X">informatikoak</wf>
         <wf lemma="gero" pos="X">gero</wf>
         <wf lemma="eta" pos="X">eta</wf>
         <wf lemma="ugariagoak" pos="X">ugariagoak</wf>
         <wf lemma="dira" pos="X">dira</wf>
         <wf lemma="." pos="X">.</wf>
      </sentence>
      <sentence id="d000.s879" source="wordnet-basque">
         <instance id="d000.s879.t000" lemma="gorputz" pos="NOUN">gorputza</instance>
         <wf lemma="eta" pos="X">eta</wf>
         <wf lemma="besoak" pos="X">besoak</wf>
         <wf lemma="zauriz" pos="X">zauriz</wf>
         <wf lemma="beterik" pos="X">beterik</wf>
         <wf lemma="zituen" pos="X">zituen</wf>
         <wf lemma="." pos="X">.</wf>
      </sentence>
      <sentence id="d000.s880" source="wordnet-basque">
         <wf lemma="hezkuntza" pos="X">hezkuntza</wf>
         <wf lemma="baita" pos="X">baita</wf>
         <instance id="d000.s880.t000" lemma="gerra" pos="NOUN">gerra</instance>
         <wf lemma="honen" pos="X">honen</wf>
         <wf lemma="beste" pos="X">beste</wf>
         <wf lemma="fronteetako" pos="X">fronteetako</wf>
         <wf lemma="bat" pos="X">bat</wf>
         <wf lemma="." pos="X">.</wf>
      </sentence>
      <sentence id="d000.s881" source="wordnet-basque">
         <wf lemma="aldundiaren" pos="X">aldundiaren</wf>
         <wf lemma="zerbitzuen" pos="X">zerbitzuen</wf>
         <wf lemma="iharduera" pos="X">iharduera</wf>
         <wf lemma="materialak" pos="X">materialak</wf>
         <wf lemma="kudeatzeko" pos="X">kudeatzeko</wf>
         <instance id="d000.s881.t000" lemma="eremu" pos="NOUN">eremu</instance>
         <wf lemma="edo" pos="X">edo</wf>
         <wf lemma="toki" pos="X">toki</wf>
         <wf lemma="zehatzetan" pos="X">zehatzetan</wf>
         <wf lemma="." pos="X">.</wf>
      </sentence>
      <sentence id="d000.s882" source="wordnet-basque">
         <instance id="d000.s882.t000" lemma="puntu" pos="NOUN">puntuzko</instance>
         <wf lemma="jertsea" pos="X">jertsea</wf>
         <wf lemma="." pos="X">.</wf>
      </sentence>
      <sentence id="d000.s883" source="wordnet-basque">
         <wf lemma="eremu" pos="X">eremu</wf>
         <wf lemma="honetan" pos="X">honetan</wf>
         <wf lemma="jazotako" pos="X">jazotako</wf>
         <wf lemma="kalteak" pos="X">kalteak</wf>
         <wf lemma="," pos="X">,</wf>
         <wf lemma="norberaren" pos="X">norberaren</wf>
         <wf lemma="hizkuntzaren" pos="X">hizkuntzaren</wf>
         <wf lemma="entzundakoaren" pos="X">entzundakoaren</wf>
         <instance id="d000.s883.t000" lemma="kontrol" pos="NOUN">kontrola</instance>
         <wf lemma="galtzerakoan" pos="X">galtzerakoan</wf>
         <wf lemma="," pos="X">,</wf>
         <wf lemma="adierazpenaren" pos="X">adierazpenaren</wf>
         <wf lemma="koherentzia" pos="X">koherentzia</wf>
         <wf lemma="eza" pos="X">eza</wf>
         <wf lemma="dakarrela" pos="X">dakarrela</wf>
         <wf lemma="zioen" pos="X">zioen</wf>
         <wf lemma="." pos="X">.</wf>
      </sentence>
      <sentence id="d000.s884" source="wordnet-basque">
         <wf lemma="narrastiek" pos="X">narrastiek</wf>
         <wf lemma="ez" pos="X">ez</wf>
         <wf lemma="zuten" pos="X">zuten</wf>
         <wf lemma="jadanik" pos="X">jadanik</wf>
         <wf lemma="uretan" pos="X">uretan</wf>
         <wf lemma="erruten" pos="X">erruten</wf>
         <wf lemma=";" pos="X">;</wf>
         <instance id="d000.s884.t000" lemma="lehor" pos="NOUN">lehorrean</instance>
         <wf lemma="baizik" pos="X">baizik</wf>
         <wf lemma="." pos="X">.</wf>
      </sentence>
      <sentence id="d000.s885" source="wordnet-basque">
         <wf lemma="EAk" pos="X">EAk</wf>
         <wf lemma="bat" pos="X">bat</wf>
         <wf lemma="egin" pos="X">egin</wf>
         <wf lemma="zuen" pos="X">zuen</wf>
         <wf lemma="desobedientzia" pos="X">desobedientzia</wf>
         <wf lemma="zibilaren" pos="X">zibilaren</wf>
         <wf lemma="aldeko" pos="X">aldeko</wf>
         <wf lemma="ekitaldiarekin" pos="X">ekitaldiarekin</wf>
         <wf lemma="," pos="X">,</wf>
         <wf lemma="eta" pos="X">eta</wf>
         <instance id="d000.s885.t000" lemma="ordezkaritza" pos="NOUN">ordezkaritza</instance>
         <wf lemma="bat" pos="X">bat</wf>
         <wf lemma="bidali" pos="X">bidali</wf>
         <wf lemma="zuen" pos="X">zuen</wf>
         <wf lemma="." pos="X">.</wf>
      </sentence>
      <sentence id="d000.s886" source="wordnet-basque">
         <wf lemma="hasiera" pos="X">hasiera</wf>
         <wf lemma="batean" pos="X">batean</wf>
         <wf lemma="," pos="X">,</wf>
         <wf lemma="Sistema" pos="X">Sistema</wf>
         <wf lemma="Tutore" pos="X">Tutore</wf>
         <wf lemma="Adimendunen" pos="X">Adimendunen</wf>
         <wf lemma="helburua" pos="X">helburua</wf>
         <wf lemma="irakaslearen" pos="X">irakaslearen</wf>
         <instance id="d000.s886.t000" lemma="paper" pos="NOUN">papera</instance>
         <wf lemma="betetzea" pos="X">betetzea</wf>
         <wf lemma="zen" pos="X">zen</wf>
         <wf lemma="." pos="X">.</wf>
      </sentence>
      <sentence id="d000.s887" source="wordnet-basque">
         <instance id="d000.s887.t000" lemma="protoplasma" pos="NOUN">protoplasmaren</instance>
         <wf lemma="egitura" pos="X">egitura</wf>
         <wf lemma="," pos="X">,</wf>
         <wf lemma="noski" pos="X">noski</wf>
         <wf lemma="," pos="X">,</wf>
         <wf lemma="koazerbatu" pos="X">koazerbatu</wf>
         <wf lemma="artifizialena" pos="X">artifizialena</wf>
         <wf lemma="baino" pos="X">baino</wf>
         <wf lemma="paregabeki" pos="X">paregabeki</wf>
         <wf lemma="konplexuagoa" pos="X">konplexuagoa</wf>
         <wf lemma="da" pos="X">da</wf>
         <wf lemma="." pos="X">.</wf>
      </sentence>
      <sentence id="d000.s888" source="wordnet-basque">
         <wf lemma="antzinako" pos="X">antzinako</wf>
         <wf lemma="Egiptoko" pos="X">Egiptoko</wf>
         <wf lemma="zibilizazioa" pos="X">zibilizazioa</wf>
         <wf lemma="aztertzen" pos="X">aztertzen</wf>
         <wf lemma="duten" pos="X">duten</wf>
         <instance id="d000.s888.t000" lemma="arkeologo" pos="NOUN">arkeologoek</instance>
         <wf lemma="hilobi" pos="X">hilobi</wf>
         <wf lemma="horiek" pos="X">horiek</wf>
         <wf lemma="ikertzen" pos="X">ikertzen</wf>
         <wf lemma="dituzte" pos="X">dituzte</wf>
         <wf lemma="." pos="X">.</wf>
      </sentence>
      <sentence id="d000.s889" source="wordnet-basque">
         <instance id="d000.s889.t000" lemma="esperientzia" pos="NOUN">esperientzia</instance>
         <wf lemma="desatsegin" pos="X">desatsegin</wf>
         <wf lemma="hura" pos="X">hura</wf>
         <wf lemma="deigarri" pos="X">deigarri</wf>
         <wf lemma="gertatu" pos="X">gertatu</wf>
         <wf lemma="zitzaigun" pos="X">zitzaigun</wf>
         <wf lemma="." pos="X">.</wf>
      </sentence>
      <sentence id="d000.s890" source="wordnet-basque">
         <wf lemma="ikerketatik" pos="X">ikerketatik</wf>
         <wf lemma="ateratzen" pos="X">ateratzen</wf>
         <wf lemma="dituen" pos="X">dituen</wf>
         <wf lemma="datuetatik" pos="X">datuetatik</wf>
         <wf lemma="prozesu" pos="X">prozesu</wf>
         <wf lemma="bat" pos="X">bat</wf>
         <wf lemma="irekiko" pos="X">irekiko</wf>
         <wf lemma="duela" pos="X">duela</wf>
         <wf lemma="espero" pos="X">espero</wf>
         <wf lemma="da" pos="X">da</wf>
         <wf lemma="," pos="X">,</wf>
         <wf lemma="hilketa" pos="X">hilketa</wf>
         <wf lemma="hauen" pos="X">hauen</wf>
         <instance id="d000.s890.t000" lemma="arduradun" pos="NOUN">arduradunak</instance>
         <wf lemma="auzipetzeko" pos="X">auzipetzeko</wf>
         <wf lemma="." pos="X">.</wf>
      </sentence>
      <sentence id="d000.s891" source="wordnet-basque">
         <wf lemma="umeak" pos="X">umeak</wf>
         <wf lemma="panpinen" pos="X">panpinen</wf>
         <instance id="d000.s891.t000" lemma="pila" pos="NOUN">pila</instance>
         <wf lemma="lurrera" pos="X">lurrera</wf>
         <wf lemma="bota" pos="X">bota</wf>
         <wf lemma="zuen" pos="X">zuen</wf>
         <wf lemma="." pos="X">.</wf>
      </sentence>
      <sentence id="d000.s892" source="wordnet-basque">
         <wf lemma="berauek" pos="X">berauek</wf>
         <wf lemma="egiteko" pos="X">egiteko</wf>
         <wf lemma="unean" pos="X">unean</wf>
         <wf lemma="delitu" pos="X">delitu</wf>
         <wf lemma="," pos="X">,</wf>
         <instance id="d000.s892.t000" lemma="huts" pos="NOUN">huts</instance>
         <wf lemma="edo" pos="X">edo</wf>
         <wf lemma="administrazioko" pos="X">administrazioko</wf>
         <wf lemma="arau" pos="X">arau</wf>
         <wf lemma="hauste" pos="X">hauste</wf>
         <wf lemma="izan" pos="X">izan</wf>
         <wf lemma="badira" pos="X">badira</wf>
         <wf lemma="." pos="X">.</wf>
      </sentence>
      <sentence id="d000.s893" source="wordnet-basque">
         <wf lemma="perretxiko" pos="X">perretxiko</wf>
         <wf lemma="txikia" pos="X">txikia</wf>
         <wf lemma="da" pos="X">da</wf>
         <wf lemma="," pos="X">,</wf>
         <instance id="d000.s893.t000" lemma="txapel" pos="NOUN">txapelak</instance>
         <wf lemma="4-5" pos="X">4-5</wf>
         <wf lemma="cm-ko" pos="X">cm-ko</wf>
         <wf lemma="diametroa" pos="X">diametroa</wf>
         <wf lemma="izan" pos="X">izan</wf>
         <wf lemma="dezake" pos="X">dezake</wf>
         <wf lemma="." pos="X">.</wf>
      </sentence>
      <sentence id="d000.s894" source="wordnet-basque">
         <wf lemma="urriaren" pos="X">urriaren</wf>
         <wf lemma="20ko" pos="X">20ko</wf>
         <wf lemma="2617/1966" pos="X">2617/1966</wf>
         <instance id="d000.s894.t000" lemma="dekretu" pos="NOUN">Dekretua</instance>
         <wf lemma="," pos="X">,</wf>
         <wf lemma="elektrizitate-instalazioei" pos="X">elektrizitate-instalazioei</wf>
         <wf lemma="baimena" pos="X">baimena</wf>
         <wf lemma="emateari" pos="X">emateari</wf>
         <wf lemma="buruzkoa" pos="X">buruzkoa</wf>
         <wf lemma="." pos="X">.</wf>
      </sentence>
      <sentence id="d000.s895" source="wordnet-basque">
         <wf lemma="Taiwanen" pos="X">Taiwanen</wf>
         <wf lemma="egun" pos="X">egun</wf>
         <wf lemma="berean" pos="X">berean</wf>
         <wf lemma="jazo" pos="X">jazo</wf>
         <wf lemma="bezala" pos="X">bezala</wf>
         <wf lemma="," pos="X">,</wf>
         <instance id="d000.s895.t000" lemma="hegazkin" pos="NOUN">hegazkina</instance>
         <wf lemma="aireratu" pos="X">aireratu</wf>
         <wf lemma="," pos="X">,</wf>
         <wf lemma="berehala" pos="X">berehala</wf>
         <wf lemma="lehertu" pos="X">lehertu</wf>
         <wf lemma="eta" pos="X">eta</wf>
         <wf lemma="lurra" pos="X">lurra</wf>
         <wf lemma="jo" pos="X">jo</wf>
         <wf lemma="zuen" pos="X">zuen</wf>
         <wf lemma="." pos="X">.</wf>
      </sentence>
      <sentence id="d000.s896" source="wordnet-basque">
         <wf lemma="mila" pos="X">mila</wf>
         <wf lemma="milioi" pos="X">milioi</wf>
         <wf lemma="pezetako" pos="X">pezetako</wf>
         <wf lemma="diru" pos="X">diru</wf>
         <wf lemma="laguntza" pos="X">laguntza</wf>
         <wf lemma="jaso" pos="X">jaso</wf>
         <wf lemma="du" pos="X">du</wf>
         <wf lemma="Nafarroako" pos="X">Nafarroako</wf>
         <wf lemma="Gobernuak" pos="X">Gobernuak</wf>
         <instance id="d000.s896.t000" lemma="mahasti" pos="NOUN">mahastiak</instance>
         <wf lemma="berregituratzeko" pos="X">berregituratzeko</wf>
         <wf lemma="." pos="X">.</wf>
      </sentence>
      <sentence id="d000.s897" source="wordnet-basque">
         <wf lemma="orain" pos="X">orain</wf>
         <wf lemma="arte" pos="X">arte</wf>
         <wf lemma="," pos="X">,</wf>
         <wf lemma="ukoa" pos="X">ukoa</wf>
         <wf lemma="jasotzen" pos="X">jasotzen</wf>
         <wf lemma="zuenak" pos="X">zuenak</wf>
         <wf lemma="," pos="X">,</wf>
         <wf lemma="inolako" pos="X">inolako</wf>
         <wf lemma="arrazoirik" pos="X">arrazoirik</wf>
         <wf lemma="gabeko" pos="X">gabeko</wf>
         <instance id="d000.s897.t000" lemma="eskaera" pos="NOUN">eskaera</instance>
         <wf lemma="egin" pos="X">egin</wf>
         <wf lemma="arren" pos="X">arren</wf>
         <wf lemma="," pos="X">,</wf>
         <wf lemma="bisatua" pos="X">bisatua</wf>
         <wf lemma="eskatzen" pos="X">eskatzen</wf>
         <wf lemma="zuenak" pos="X">zuenak</wf>
         <wf lemma="baino" pos="X">baino</wf>
         <wf lemma="," pos="X">,</wf>
         <wf lemma="hots" pos="X">hots</wf>
         <wf lemma="," pos="X">,</wf>
         <wf lemma="migrazioko" pos="X">migrazioko</wf>
         <wf lemma="prozedura" pos="X">prozedura</wf>
         <wf lemma="arruntaz" pos="X">arruntaz</wf>
         <wf lemma="baliatzen" pos="X">baliatzen</wf>
         <wf lemma="zenak" pos="X">zenak</wf>
         <wf lemma="baino" pos="X">baino</wf>
         <wf lemma="askoz" pos="X">askoz</wf>
         <wf lemma="abantaila" pos="X">abantaila</wf>
         <wf lemma="handiagoa" pos="X">handiagoa</wf>
         <wf lemma="zuen" pos="X">zuen</wf>
         <wf lemma="." pos="X">.</wf>
      </sentence>
      <sentence id="d000.s898" source="wordnet-basque">
         <wf lemma="desfileak" pos="X">desfileak</wf>
         <wf lemma="bost" pos="X">bost</wf>
         <instance id="d000.s898.t000" lemma="ordu" pos="NOUN">ordu</instance>
         <wf lemma="inguru" pos="X">inguru</wf>
         <wf lemma="iraungo" pos="X">iraungo</wf>
         <wf lemma="ditu" pos="X">ditu</wf>
         <wf lemma="orotara" pos="X">orotara</wf>
         <wf lemma="." pos="X">.</wf>
      </sentence>
      <sentence id="d000.s899" source="wordnet-basque">
         <wf lemma="idatzi" pos="X">idatzi</wf>
         <wf lemma="horren" pos="X">horren</wf>
         <wf lemma="berri" pos="X">berri</wf>
         <wf lemma="Gipuzkoako" pos="X">Gipuzkoako</wf>
         <instance id="d000.s899.t000" lemma="komunikabide" pos="NOUN">komunikabide</instance>
         <wf lemma="batek" pos="X">batek</wf>
         <wf lemma="zabaldu" pos="X">zabaldu</wf>
         <wf lemma="zuen" pos="X">zuen</wf>
         <wf lemma="atzo" pos="X">atzo</wf>
         <wf lemma="." pos="X">.</wf>
      </sentence>
      <sentence id="d000.s900" source="wordnet-basque">
         <wf lemma="esperientzia" pos="X">esperientzia</wf>
         <wf lemma="egiteko" pos="X">egiteko</wf>
         <instance id="d000.s900.t000" lemma="leku" pos="NOUN">leku</instance>
         <wf lemma="iluna" pos="X">iluna</wf>
         <wf lemma="beharko" pos="X">beharko</wf>
         <wf lemma="duzu" pos="X">duzu</wf>
         <wf lemma="." pos="X">.</wf>
      </sentence>
      <sentence id="d000.s901" source="wordnet-basque">
         <wf lemma="beren" pos="X">beren</wf>
         <wf lemma="etxeetan" pos="X">etxeetan</wf>
         <wf lemma="propanoa" pos="X">propanoa</wf>
         <wf lemma="jarririk" pos="X">jarririk</wf>
         <wf lemma="zuten" pos="X">zuten</wf>
         <wf lemma="etxeetako" pos="X">etxeetako</wf>
         <wf lemma="biztanleei" pos="X">biztanleei</wf>
         <wf lemma="D3" pos="X">D3</wf>
         <wf lemma="tarifaren" pos="X">tarifaren</wf>
         <instance id="d000.s901.t000" lemma="eskaintza" pos="NOUN">eskaintza</instance>
         <wf lemma="egin" pos="X">egin</wf>
         <wf lemma="baitzien" pos="X">baitzien</wf>
         <wf lemma="." pos="X">.</wf>
      </sentence>
      <sentence id="d000.s902" source="wordnet-basque">
         <wf lemma="gobernuko" pos="X">gobernuko</wf>
         <instance id="d000.s902.t000" lemma="oinarri" pos="NOUN">oinarri</instance>
         <wf lemma="nagusietarik" pos="X">nagusietarik</wf>
         <wf lemma="izan" pos="X">izan</wf>
         <wf lemma="den" pos="X">den</wf>
         <wf lemma="Martine" pos="X">Martine</wf>
         <wf lemma="Aubry" pos="X">Aubry</wf>
         <wf lemma="ministro" pos="X">ministro</wf>
         <wf lemma="ohiaren" pos="X">ohiaren</wf>
         <wf lemma="aita" pos="X">aita</wf>
         <wf lemma="zuberotar" pos="X">zuberotar</wf>
         <wf lemma="emakumezko" pos="X">emakumezko</wf>
         <wf lemma="batekin" pos="X">batekin</wf>
         <wf lemma="ezkondua" pos="X">ezkondua</wf>
         <wf lemma="." pos="X">.</wf>
      </sentence>
      <sentence id="d000.s903" source="wordnet-basque">
         <instance id="d000.s903.t000" lemma="hauteskunde" pos="NOUN">hauteskundeak</instance>
         <wf lemma="egiteko" pos="X">egiteko</wf>
         <wf lemma="Federazioak" pos="X">Federazioak</wf>
         <wf lemma="onartu" pos="X">onartu</wf>
         <wf lemma="zituen" pos="X">zituen</wf>
         <wf lemma="datak" pos="X">datak</wf>
         <wf lemma="estuegiak" pos="X">estuegiak</wf>
         <wf lemma="zirela" pos="X">zirela</wf>
         <wf lemma="argudiatu" pos="X">argudiatu</wf>
         <wf lemma="zuten" pos="X">zuten</wf>
         <wf lemma="lau" pos="X">lau</wf>
         <wf lemma="pilotazaleek" pos="X">pilotazaleek</wf>
         <wf lemma="." pos="X">.</wf>
      </sentence>
      <sentence id="d000.s904" source="wordnet-basque">
         <wf lemma="Pedroren" pos="X">Pedroren</wf>
         <instance id="d000.s904.t000" lemma="liburu" pos="NOUN">liburua</instance>
         <wf lemma="." pos="X">.</wf>
      </sentence>
      <sentence id="d000.s905" source="wordnet-basque">
         <wf lemma="50" pos="X">50</wf>
         <wf lemma="bat" pos="X">bat</wf>
         <wf lemma="lagunek" pos="X">lagunek</wf>
         <wf lemma="Pragako" pos="X">Pragako</wf>
         <wf lemma="poliziaren" pos="X">poliziaren</wf>
         <instance id="d000.s905.t000" lemma="indarkeria" pos="NOUN">indarkeria</instance>
         <wf lemma="jasan" pos="X">jasan</wf>
         <wf lemma="zuten" pos="X">zuten</wf>
         <wf lemma="." pos="X">.</wf>
      </sentence>
      <sentence id="d000.s906" source="wordnet-basque">
         <wf lemma="Abertzaleen" pos="X">Abertzaleen</wf>
         <instance id="d000.s906.t000" lemma="batasun" pos="NOUN">Batasuna</instance>
         <wf lemma="sentsibilitate" pos="X">sentsibilitate</wf>
         <wf lemma="ezberdineko" pos="X">ezberdineko</wf>
         <wf lemma="jendeek" pos="X">jendeek</wf>
         <wf lemma="osatzen" pos="X">osatzen</wf>
         <wf lemma="dute" pos="X">dute</wf>
         <wf lemma="," pos="X">,</wf>
         <wf lemma="hainbat" pos="X">hainbat</wf>
         <wf lemma="gairi" pos="X">gairi</wf>
         <wf lemma="buruz" pos="X">buruz</wf>
         <wf lemma="ikuspuntu" pos="X">ikuspuntu</wf>
         <wf lemma="ezberdina" pos="X">ezberdina</wf>
         <wf lemma="dutenek" pos="X">dutenek</wf>
         <wf lemma="," pos="X">,</wf>
         <wf lemma="baita" pos="X">baita</wf>
         <wf lemma="bortizkeriari" pos="X">bortizkeriari</wf>
         <wf lemma="buruz" pos="X">buruz</wf>
         <wf lemma="ere" pos="X">ere</wf>
         <wf lemma="." pos="X">.</wf>
      </sentence>
      <sentence id="d000.s907" source="wordnet-basque">
         <wf lemma="soldatei" pos="X">soldatei</wf>
         <wf lemma="dagokienez" pos="X">dagokienez</wf>
         <wf lemma="," pos="X">,</wf>
         <wf lemma="EAEko" pos="X">EAEko</wf>
         <instance id="d000.s907.t000" lemma="funtzionario" pos="NOUN">funtzionarioek</instance>
         <wf lemma="azken" pos="X">azken</wf>
         <wf lemma="12" pos="X">12</wf>
         <wf lemma="urteetan" pos="X">urteetan</wf>
         <wf lemma="eros-ahalmenaren" pos="X">eros-ahalmenaren</wf>
         <wf lemma="%11" pos="X">%11</wf>
         <wf lemma="galdu" pos="X">galdu</wf>
         <wf lemma="dute" pos="X">dute</wf>
         <wf lemma="." pos="X">.</wf>
      </sentence>
      <sentence id="d000.s908" source="wordnet-basque">
         <wf lemma="inurri-arrautza" pos="X">inurri-arrautza</wf>
         <wf lemma="horietatik" pos="X">horietatik</wf>
         <wf lemma="35000" pos="X">35000</wf>
         <instance id="d000.s908.t000" lemma="langile" pos="NOUN">langile</instance>
         <wf lemma="eta" pos="X">eta</wf>
         <wf lemma="500" pos="X">500</wf>
         <wf lemma="inurri" pos="X">inurri</wf>
         <wf lemma="ar" pos="X">ar</wf>
         <wf lemma="hegodun" pos="X">hegodun</wf>
         <wf lemma="sortu" pos="X">sortu</wf>
         <wf lemma="dira" pos="X">dira</wf>
         <wf lemma="." pos="X">.</wf>
      </sentence>
      <sentence id="d000.s909" source="wordnet-basque">
         <wf lemma="hirugarren" pos="X">hirugarren</wf>
         <instance id="d000.s909.t000" lemma="bizitza" pos="NOUN">bizitzan</instance>
         <wf lemma="bizi" pos="X">bizi</wf>
         <wf lemma="da" pos="X">da</wf>
         <wf lemma="." pos="X">.</wf>
      </sentence>
      <sentence id="d000.s910" source="wordnet-basque">
         <wf lemma="hark" pos="X">hark</wf>
         <wf lemma="bere" pos="X">bere</wf>
         <instance id="d000.s910.t000" lemma="kasu" pos="NOUN">kasua</instance>
         <wf lemma="argi" pos="X">argi</wf>
         <wf lemma="eta" pos="X">eta</wf>
         <wf lemma="garbi" pos="X">garbi</wf>
         <wf lemma="adierazi" pos="X">adierazi</wf>
         <wf lemma="zuen" pos="X">zuen</wf>
         <wf lemma="." pos="X">.</wf>
      </sentence>
      <sentence id="d000.s911" source="wordnet-basque">
         <wf lemma="kolore" pos="X">kolore</wf>
         <wf lemma="hau" pos="X">hau</wf>
         <wf lemma="lortzeko" pos="X">lortzeko</wf>
         <wf lemma="," pos="X">,</wf>
         <wf lemma="hainbat" pos="X">hainbat</wf>
         <instance id="d000.s911.t000" lemma="oxido" pos="NOUN">oxido</instance>
         <wf lemma="nahastu" pos="X">nahastu</wf>
         <wf lemma="behar" pos="X">behar</wf>
         <wf lemma="ziren" pos="X">ziren</wf>
         <wf lemma="." pos="X">.</wf>
      </sentence>
      <sentence id="d000.s912" source="wordnet-basque">
         <wf lemma="organismoan" pos="X">organismoan</wf>
         <wf lemma="eragiten" pos="X">eragiten</wf>
         <wf lemma="dituzten" pos="X">dituzten</wf>
         <instance id="d000.s912.t000" lemma="indar" pos="NOUN">indar</instance>
         <wf lemma="kimikoak" pos="X">kimikoak</wf>
         <wf lemma="elkar" pos="X">elkar</wf>
         <wf lemma="erlazionaturik" pos="X">erlazionaturik</wf>
         <wf lemma="daudela" pos="X">daudela</wf>
         <wf lemma="pentsatzen" pos="X">pentsatzen</wf>
         <wf lemma="da" pos="X">da</wf>
         <wf lemma="ekialdeko" pos="X">ekialdeko</wf>
         <wf lemma="kulturetan" pos="X">kulturetan</wf>
         <wf lemma="." pos="X">.</wf>
      </sentence>
      <sentence id="d000.s913" source="wordnet-basque">
         <wf lemma="Tila-Tandulaka" pos="X">Tila-Tandulaka</wf>
         <wf lemma="edo" pos="X">edo</wf>
         <wf lemma="samo" pos="X">samo</wf>
         <wf lemma="eta" pos="X">eta</wf>
         <wf lemma="arroz" pos="X">arroz</wf>
         <instance id="d000.s913.t000" lemma="ale" pos="NOUN">ale</instance>
         <wf lemma="nahasketa" pos="X">nahasketa</wf>
         <wf lemma="." pos="X">.</wf>
      </sentence>
      <sentence id="d000.s914" source="wordnet-basque">
         <wf lemma="goizean" pos="X">goizean</wf>
         <wf lemma="goizetik" pos="X">goizetik</wf>
         <wf lemma="sargori" pos="X">sargori</wf>
         <wf lemma="eta" pos="X">eta</wf>
         <wf lemma="hezetasun" pos="X">hezetasun</wf>
         <wf lemma="handiko" pos="X">handiko</wf>
         <wf lemma="eguna" pos="X">eguna</wf>
         <wf lemma="," pos="X">,</wf>
         <wf lemma="gero" pos="X">gero</wf>
         <wf lemma="tenperatura-aldaketa" pos="X">tenperatura-aldaketa</wf>
         <wf lemma="dela" pos="X">dela</wf>
         <wf lemma="eta" pos="X">eta</wf>
         <wf lemma="izugarrizko" pos="X">izugarrizko</wf>
         <instance id="d000.s914.t000" lemma="harri" pos="NOUN">harria</instance>
         <wf lemma="bota" pos="X">bota</wf>
         <wf lemma="zuen" pos="X">zuen</wf>
         <wf lemma="." pos="X">.</wf>
      </sentence>
      <sentence id="d000.s915" source="wordnet-basque">
         <wf lemma="bere" pos="X">bere</wf>
         <instance id="d000.s915.t000" lemma="boto" pos="NOUN">botoa</instance>
         <wf lemma="mantendu" pos="X">mantendu</wf>
         <wf lemma="zuen" pos="X">zuen</wf>
         <wf lemma="." pos="X">.</wf>
      </sentence>
      <sentence id="d000.s916" source="wordnet-basque">
         <wf lemma="espezieei" pos="X">espezieei</wf>
         <wf lemma="ur" pos="X">ur</wf>
         <wf lemma="gezatako" pos="X">gezatako</wf>
         <instance id="d000.s916.t000" lemma="izaera" pos="NOUN">izaera</instance>
         <wf lemma="eman" pos="X">eman</wf>
         <wf lemma="ala" pos="X">ala</wf>
         <wf lemma="ez" pos="X">ez</wf>
         <wf lemma="erabakitzerakoan" pos="X">erabakitzerakoan</wf>
         <wf lemma="ez" pos="X">ez</wf>
         <wf lemma="da" pos="X">da</wf>
         <wf lemma="zalantzarik" pos="X">zalantzarik</wf>
         <wf lemma="falta" pos="X">falta</wf>
         <wf lemma="izan" pos="X">izan</wf>
         <wf lemma="." pos="X">.</wf>
      </sentence>
      <sentence id="d000.s917" source="wordnet-basque">
         <wf lemma="politikaren" pos="X">politikaren</wf>
         <wf lemma="aldetik" pos="X">aldetik</wf>
         <wf lemma="ere" pos="X">ere</wf>
         <wf lemma="ez" pos="X">ez</wf>
         <wf lemma="zuten" pos="X">zuten</wf>
         <wf lemma="sekula" pos="X">sekula</wf>
         <wf lemma="haserrerik" pos="X">haserrerik</wf>
         <wf lemma="izan" pos="X">izan</wf>
         <wf lemma="," pos="X">,</wf>
         <wf lemma="nahiz" pos="X">nahiz</wf>
         <wf lemma="eta" pos="X">eta</wf>
         <wf lemma="laurak" pos="X">laurak</wf>
         <wf lemma="aski" pos="X">aski</wf>
         <instance id="d000.s917.t000" lemma="iritzi" pos="NOUN">iritzi</instance>
         <wf lemma="desberdineko" pos="X">desberdineko</wf>
         <wf lemma="izan" pos="X">izan</wf>
         <wf lemma="." pos="X">.</wf>
      </sentence>
      <sentence id="d000.s918" source="wordnet-basque">
         <wf lemma="kantuetako" pos="X">kantuetako</wf>
         <wf lemma="batean" pos="X">batean</wf>
         <wf lemma="Maiderrek" pos="X">Maiderrek</wf>
         <wf lemma="maitasunezko" pos="X">maitasunezko</wf>
         <wf lemma="bere" pos="X">bere</wf>
         <instance id="d000.s918.t000" lemma="amets" pos="NOUN">amets</instance>
         <wf lemma="bat" pos="X">bat</wf>
         <wf lemma="kontatzen" pos="X">kontatzen</wf>
         <wf lemma="du" pos="X">du</wf>
         <wf lemma="." pos="X">.</wf>
      </sentence>
      <sentence id="d000.s919" source="wordnet-basque">
         <wf lemma="familia" pos="X">familia</wf>
         <wf lemma="bizitza" pos="X">bizitza</wf>
         <wf lemma="normala" pos="X">normala</wf>
         <wf lemma="nahi" pos="X">nahi</wf>
         <wf lemma="dugu" pos="X">dugu</wf>
         <wf lemma="," pos="X">,</wf>
         <wf lemma="hobeki" pos="X">hobeki</wf>
         <wf lemma="bizi" pos="X">bizi</wf>
         <wf lemma="nahi" pos="X">nahi</wf>
         <wf lemma="dugu" pos="X">dugu</wf>
         <wf lemma="," pos="X">,</wf>
         <wf lemma="eta" pos="X">eta</wf>
         <wf lemma="gure" pos="X">gure</wf>
         <instance id="d000.s919.t000" lemma="haur" pos="NOUN">haurrak</instance>
         <wf lemma="handitzen" pos="X">handitzen</wf>
         <wf lemma="ikusi" pos="X">ikusi</wf>
         <wf lemma="nahi" pos="X">nahi</wf>
         <wf lemma="ditugu" pos="X">ditugu</wf>
         <wf lemma="." pos="X">.</wf>
      </sentence>
      <sentence id="d000.s920" source="wordnet-basque">
         <wf lemma="Garoñako" pos="X">Garoñako</wf>
         <wf lemma="zentral" pos="X">zentral</wf>
         <wf lemma="nuklearraren" pos="X">nuklearraren</wf>
         <wf lemma="kontrako" pos="X">kontrako</wf>
         <instance id="d000.s920.t000" lemma="martxa" pos="NOUN">martxa</instance>
         <wf lemma="." pos="X">.</wf>
      </sentence>
      <sentence id="d000.s921" source="wordnet-basque">
         <wf lemma="demokraten" pos="X">demokraten</wf>
         <wf lemma="artean" pos="X">artean</wf>
         <wf lemma="Vietnamgo" pos="X">Vietnamgo</wf>
         <wf lemma="gerrako" pos="X">gerrako</wf>
         <wf lemma="azken" pos="X">azken</wf>
         <wf lemma="urteotan" pos="X">urteotan</wf>
         <wf lemma="izan" pos="X">izan</wf>
         <wf lemma="zen" pos="X">zen</wf>
         <wf lemma="ezker" pos="X">ezker</wf>
         <wf lemma="liberalaren" pos="X">liberalaren</wf>
         <instance id="d000.s921.t000" lemma="joera" pos="NOUN">joera</instance>
         <wf lemma="," pos="X">,</wf>
         <wf lemma="zein" pos="X">zein</wf>
         <wf lemma="gerraren" pos="X">gerraren</wf>
         <wf lemma="kontrakoa" pos="X">kontrakoa</wf>
         <wf lemma="baitzen" pos="X">baitzen</wf>
         <wf lemma="," pos="X">,</wf>
         <wf lemma="desagertu" pos="X">desagertu</wf>
         <wf lemma="egin" pos="X">egin</wf>
         <wf lemma="da" pos="X">da</wf>
         <wf lemma="." pos="X">.</wf>
      </sentence>
      <sentence id="d000.s922" source="wordnet-basque">
         <wf lemma="gorri-berdeekin" pos="X">gorri-berdeekin</wf>
         <wf lemma="," pos="X">,</wf>
         <wf lemma="azken" pos="X">azken</wf>
         <wf lemma="20" pos="X">20</wf>
         <wf lemma="urteetako" pos="X">urteetako</wf>
         <wf lemma="murrizketa" pos="X">murrizketa</wf>
         <instance id="d000.s922.t000" lemma="programa" pos="NOUN">programa</instance>
         <wf lemma="antisozialena" pos="X">antisozialena</wf>
         <wf lemma="erabaki" pos="X">erabaki</wf>
         <wf lemma="da" pos="X">da</wf>
         <wf lemma="." pos="X">.</wf>
      </sentence>
      <sentence id="d000.s923" source="wordnet-basque">
         <wf lemma="taldeetako" pos="X">taldeetako</wf>
         <wf lemma="zuzendariak" pos="X">zuzendariak</wf>
         <wf lemma="eta" pos="X">eta</wf>
         <wf lemma="txirrindulariek" pos="X">txirrindulariek</wf>
         <wf lemma="erabaki" pos="X">erabaki</wf>
         <wf lemma="horren" pos="X">horren</wf>
         <wf lemma="aurka" pos="X">aurka</wf>
         <wf lemma="agertu" pos="X">agertu</wf>
         <wf lemma="ziren" pos="X">ziren</wf>
         <wf lemma="," pos="X">,</wf>
         <wf lemma="batik" pos="X">batik</wf>
         <wf lemma="bat" pos="X">bat</wf>
         <wf lemma="erabaki" pos="X">erabaki</wf>
         <wf lemma="hori" pos="X">hori</wf>
         <instance id="d000.s923.t000" lemma="babes" pos="NOUN">babesik</instance>
         <wf lemma="gabeko" pos="X">gabeko</wf>
         <wf lemma="gune" pos="X">gune</wf>
         <wf lemma="batean" pos="X">batean</wf>
         <wf lemma="hartu" pos="X">hartu</wf>
         <wf lemma="zelako" pos="X">zelako</wf>
         <wf lemma="," pos="X">,</wf>
         <wf lemma="eta" pos="X">eta</wf>
         <wf lemma="txirrindulariek" pos="X">txirrindulariek</wf>
         <wf lemma="hotz" pos="X">hotz</wf>
         <wf lemma="handia" pos="X">handia</wf>
         <wf lemma="pasatu" pos="X">pasatu</wf>
         <wf lemma="behar" pos="X">behar</wf>
         <wf lemma="izan" pos="X">izan</wf>
         <wf lemma="zutelako" pos="X">zutelako</wf>
         <wf lemma="." pos="X">.</wf>
      </sentence>
      <sentence id="d000.s924" source="wordnet-basque">
         <wf lemma="Euskal" pos="X">Euskal</wf>
         <wf lemma="Herriaren" pos="X">Herriaren</wf>
         <instance id="d000.s924.t000" lemma="subiranotasun" pos="NOUN">subiranotasuna</instance>
         <wf lemma="lortu" pos="X">lortu</wf>
         <wf lemma="beharra" pos="X">beharra</wf>
         <wf lemma="eta" pos="X">eta</wf>
         <wf lemma="egungo" pos="X">egungo</wf>
         <wf lemma="markoaren" pos="X">markoaren</wf>
         <wf lemma="balio" pos="X">balio</wf>
         <wf lemma="eza" pos="X">eza</wf>
         <wf lemma="aldarrikatzen" pos="X">aldarrikatzen</wf>
         <wf lemma="dituelako" pos="X">dituelako</wf>
         <wf lemma="." pos="X">.</wf>
      </sentence>
      <sentence id="d000.s925" source="wordnet-basque">
         <wf lemma="keroseno" pos="X">keroseno</wf>
         <wf lemma="ontzietan" pos="X">ontzietan</wf>
         <wf lemma="sei" pos="X">sei</wf>
         <wf lemma="aldiz" pos="X">aldiz</wf>
         <wf lemma="gertatu" pos="X">gertatu</wf>
         <wf lemma="dira" pos="X">dira</wf>
         <wf lemma="kaltetzeak" pos="X">kaltetzeak</wf>
         <wf lemma="," pos="X">,</wf>
         <wf lemma="baina" pos="X">baina</wf>
         <wf lemma="sekula" pos="X">sekula</wf>
         <wf lemma="ez" pos="X">ez</wf>
         <wf lemma="zen" pos="X">zen</wf>
         <wf lemma="erregaiak" pos="X">erregaiak</wf>
         <instance id="d000.s925.t000" lemma="su" pos="NOUN">su</instance>
         <wf lemma="hartzerik" pos="X">hartzerik</wf>
         <wf lemma="gertatu" pos="X">gertatu</wf>
         <wf lemma="." pos="X">.</wf>
      </sentence>
      <sentence id="d000.s926" source="wordnet-basque">
         <wf lemma="ezerk" pos="X">ezerk</wf>
         <wf lemma="ez" pos="X">ez</wf>
         <wf lemma="ditu" pos="X">ditu</wf>
         <wf lemma="gehiago" pos="X">gehiago</wf>
         <wf lemma="lotzen" pos="X">lotzen</wf>
         <wf lemma="etxeko" pos="X">etxeko</wf>
         <instance id="d000.s926.t000" lemma="nagusi" pos="NOUN">nagusiaren</instance>
         <wf lemma="bihotza" pos="X">bihotza</wf>
         <wf lemma="eta" pos="X">eta</wf>
         <wf lemma="bere" pos="X">bere</wf>
         <wf lemma="emaztearena" pos="X">emaztearena</wf>
         <wf lemma="aurrez" pos="X">aurrez</wf>
         <wf lemma="aipatutako" pos="X">aipatutako</wf>
         <wf lemma="arauak" pos="X">arauak</wf>
         <wf lemma="gordetzeak" pos="X">gordetzeak</wf>
         <wf lemma="baino" pos="X">baino</wf>
         <wf lemma="." pos="X">.</wf>
      </sentence>
      <sentence id="d000.s927" source="wordnet-basque">
         <wf lemma="FPOE" pos="X">FPOE</wf>
         <instance id="d000.s927.t000" lemma="eskuin" pos="NOUN">eskuin</instance>
         <wf lemma="muturreko" pos="X">muturreko</wf>
         <wf lemma="alderdiko" pos="X">alderdiko</wf>
         <wf lemma="buruzagiak" pos="X">buruzagiak</wf>
         <wf lemma="goraipatu" pos="X">goraipatu</wf>
         <wf lemma="zituen" pos="X">zituen</wf>
         <wf lemma="atzo" pos="X">atzo</wf>
         <wf lemma="II." pos="X">II.</wf>
         <wf lemma="Mundu" pos="X">Mundu</wf>
         <wf lemma="Gerran" pos="X">Gerran</wf>
         <wf lemma="Alemaniako" pos="X">Alemaniako</wf>
         <wf lemma="Wehrmacht" pos="X">Wehrmacht</wf>
         <wf lemma="Armadako" pos="X">Armadako</wf>
         <wf lemma="soldadu" pos="X">soldadu</wf>
         <wf lemma="izan" pos="X">izan</wf>
         <wf lemma="ziren" pos="X">ziren</wf>
         <wf lemma="austriarrak" pos="X">austriarrak</wf>
         <wf lemma="." pos="X">.</wf>
      </sentence>
      <sentence id="d000.s928" source="wordnet-basque">
         <wf lemma="49" pos="X">49</wf>
         <wf lemma="soldadu" pos="X">soldadu</wf>
         <wf lemma="hil" pos="X">hil</wf>
         <wf lemma="direla" pos="X">direla</wf>
         <wf lemma="ziurtatu" pos="X">ziurtatu</wf>
         <wf lemma="zuen" pos="X">zuen</wf>
         <wf lemma="atzo" pos="X">atzo</wf>
         <instance id="d000.s928.t000" lemma="errusiar" pos="NOUN">errusiar</instance>
         <wf lemma="ofizial" pos="X">ofizial</wf>
         <wf lemma="batek" pos="X">batek</wf>
         <wf lemma="." pos="X">.</wf>
      </sentence>
      <sentence id="d000.s929" source="wordnet-basque">
         <wf lemma="laguntzak" pos="X">laguntzak</wf>
         <wf lemma="jasotzeko" pos="X">jasotzeko</wf>
         <wf lemma="aukera" pos="X">aukera</wf>
         <wf lemma="izango" pos="X">izango</wf>
         <wf lemma="dute" pos="X">dute</wf>
         <wf lemma="homologatutako" pos="X">homologatutako</wf>
         <wf lemma="sistema" pos="X">sistema</wf>
         <instance id="d000.s929.t000" lemma="multimedia" pos="NOUN">multimedia</instance>
         <wf lemma="bitartez" pos="X">bitartez</wf>
         <wf lemma="euskara" pos="X">euskara</wf>
         <wf lemma="ikasten" pos="X">ikasten</wf>
         <wf lemma="ari" pos="X">ari</wf>
         <wf lemma="direnek" pos="X">direnek</wf>
         <wf lemma="." pos="X">.</wf>
      </sentence>
      <sentence id="d000.s930" source="wordnet-basque">
         <wf lemma="hotza" pos="X">hotza</wf>
         <wf lemma="egiten" pos="X">egiten</wf>
         <wf lemma="hasi" pos="X">hasi</wf>
         <wf lemma="zen" pos="X">zen</wf>
         <wf lemma="eta" pos="X">eta</wf>
         <instance id="d000.s930.t000" lemma="gripe" pos="NOUN">gripea</instance>
         <wf lemma="harrapatu" pos="X">harrapatu</wf>
         <wf lemma="nuen" pos="X">nuen</wf>
         <wf lemma="." pos="X">.</wf>
      </sentence>
      <sentence id="d000.s931" source="wordnet-basque">
         <wf lemma="hori" pos="X">hori</wf>
         <wf lemma="lortzea" pos="X">lortzea</wf>
         <wf lemma="zaila" pos="X">zaila</wf>
         <wf lemma="dela" pos="X">dela</wf>
         <wf lemma="azaldu" pos="X">azaldu</wf>
         <wf lemma="zuen" pos="X">zuen</wf>
         <wf lemma="petrolio" pos="X">petrolio</wf>
         <wf lemma="operadoreen" pos="X">operadoreen</wf>
         <instance id="d000.s931.t000" lemma="elkarte" pos="NOUN">elkarteak</instance>
         <wf lemma="." pos="X">.</wf>
      </sentence>
      <sentence id="d000.s932" source="wordnet-basque">
         <wf lemma="Cetinje" pos="X">Cetinje</wf>
         <instance id="d000.s932.t000" lemma="eskubaloi" pos="NOUN">eskubaloiari</instance>
         <wf lemma="begira" pos="X">begira</wf>
         <wf lemma="bizi" pos="X">bizi</wf>
         <wf lemma="den" pos="X">den</wf>
         <wf lemma="hiria" pos="X">hiria</wf>
         <wf lemma="da" pos="X">da</wf>
         <wf lemma="." pos="X">.</wf>
      </sentence>
      <sentence id="d000.s933" source="wordnet-basque">
         <wf lemma="Euscal" pos="X">Euscal</wf>
         <wf lemma="errico" pos="X">errico</wf>
         <wf lemma="gasteriari" pos="X">gasteriari</wf>
         <wf lemma="zortzikoaren" pos="X">zortzikoaren</wf>
         <instance id="d000.s933.t000" lemma="hasiera" pos="NOUN">hasierako</instance>
         <wf lemma="lerro" pos="X">lerro</wf>
         <wf lemma="hauek" pos="X">hauek</wf>
         <wf lemma="ezezkoaren" pos="X">ezezkoaren</wf>
         <wf lemma="alde" pos="X">alde</wf>
         <wf lemma="hitz" pos="X">hitz</wf>
         <wf lemma="egiten" pos="X">egiten</wf>
         <wf lemma="dutela" pos="X">dutela</wf>
         <wf lemma="dirudi" pos="X">dirudi</wf>
         <wf lemma="." pos="X">.</wf>
      </sentence>
      <sentence id="d000.s934" source="wordnet-basque">
         <wf lemma="Ertzaintzaren" pos="X">Ertzaintzaren</wf>
         <wf lemma="arabera" pos="X">arabera</wf>
         <wf lemma="," pos="X">,</wf>
         <wf lemma="indar" pos="X">indar</wf>
         <wf lemma="handiko" pos="X">handiko</wf>
         <wf lemma="suziri" pos="X">suziri</wf>
         <wf lemma="bat" pos="X">bat</wf>
         <wf lemma="bota" pos="X">bota</wf>
         <wf lemma="zioten" pos="X">zioten</wf>
         <wf lemma="," pos="X">,</wf>
         <wf lemma="banketxearen" pos="X">banketxearen</wf>
         <wf lemma="eta" pos="X">eta</wf>
         <instance id="d000.s934.t000" lemma="goi" pos="NOUN">goiko</instance>
         <wf lemma="etxebizitza" pos="X">etxebizitza</wf>
         <wf lemma="baten" pos="X">baten</wf>
         <wf lemma="leihoak" pos="X">leihoak</wf>
         <wf lemma="hautsiz" pos="X">hautsiz</wf>
         <wf lemma="." pos="X">.</wf>
      </sentence>
      <sentence id="d000.s935" source="wordnet-basque">
         <wf lemma="poliziak" pos="X">poliziak</wf>
         <wf lemma="kontrolak" pos="X">kontrolak</wf>
         <wf lemma="jarri" pos="X">jarri</wf>
         <wf lemma="zituen" pos="X">zituen</wf>
         <wf lemma="hiriburuko" pos="X">hiriburuko</wf>
         <instance id="d000.s935.t000" lemma="irteera" pos="NOUN">irteeretan</instance>
         <wf lemma="," pos="X">,</wf>
         <wf lemma="baina" pos="X">baina</wf>
         <wf lemma="ez" pos="X">ez</wf>
         <wf lemma="zuen" pos="X">zuen</wf>
         <wf lemma="inor" pos="X">inor</wf>
         <wf lemma="atxilotu" pos="X">atxilotu</wf>
         <wf lemma="." pos="X">.</wf>
      </sentence>
      <sentence id="d000.s936" source="wordnet-basque">
         <wf lemma="Baionako" pos="X">Baionako</wf>
         <wf lemma="portua" pos="X">portua</wf>
         <wf lemma="blokeatu" pos="X">blokeatu</wf>
         <wf lemma="zuten" pos="X">zuten</wf>
         <wf lemma="atzo" pos="X">atzo</wf>
         <wf lemma="Donibane-Lohizunetik" pos="X">Donibane-Lohizunetik</wf>
         <wf lemma="etorritako" pos="X">etorritako</wf>
         <wf lemma="hamar" pos="X">hamar</wf>
         <instance id="d000.s936.t000" lemma="itsasontzi" pos="NOUN">itsasontzik</instance>
         <wf lemma="." pos="X">.</wf>
      </sentence>
      <sentence id="d000.s937" source="wordnet-basque">
         <wf lemma="sarean" pos="X">sarean</wf>
         <wf lemma="dagoen" pos="X">dagoen</wf>
         <wf lemma="informazio" pos="X">informazio</wf>
         <wf lemma="gehiena" pos="X">gehiena</wf>
         <wf lemma="," pos="X">,</wf>
         <wf lemma="pantaila" pos="X">pantaila</wf>
         <wf lemma="batean" pos="X">batean</wf>
         <instance id="d000.s937.t000" lemma="paper" pos="NOUN">paperean</instance>
         <wf lemma="baino" pos="X">baino</wf>
         <wf lemma="askoz" pos="X">askoz</wf>
         <wf lemma="okerrago" pos="X">okerrago</wf>
         <wf lemma="irakurtzen" pos="X">irakurtzen</wf>
         <wf lemma="da" pos="X">da</wf>
         <wf lemma="." pos="X">.</wf>
      </sentence>
      <sentence id="d000.s938" source="wordnet-basque">
         <wf lemma="haurrentzat" pos="X">haurrentzat</wf>
         <wf lemma="izkiriatu" pos="X">izkiriatu</wf>
         <wf lemma="ez" pos="X">ez</wf>
         <wf lemma="ziren" pos="X">ziren</wf>
         <wf lemma="liburuak" pos="X">liburuak</wf>
         <wf lemma="gaur" pos="X">gaur</wf>
         <wf lemma="haur" pos="X">haur</wf>
         <wf lemma="literaturako" pos="X">literaturako</wf>
         <instance id="d000.s938.t000" lemma="obra" pos="NOUN">obra</instance>
         <wf lemma="nagusi" pos="X">nagusi</wf>
         <wf lemma="bihurtu" pos="X">bihurtu</wf>
         <wf lemma="dira" pos="X">dira</wf>
         <wf lemma="." pos="X">.</wf>
      </sentence>
      <sentence id="d000.s939" source="wordnet-basque">
         <instance id="d000.s939.t000" lemma="memento" pos="NOUN">mementoan</instance>
         <wf lemma="guk" pos="X">guk</wf>
         <wf lemma="ez" pos="X">ez</wf>
         <wf lemma="dugu" pos="X">dugu</wf>
         <wf lemma="deus" pos="X">deus</wf>
         <wf lemma="ikusi" pos="X">ikusi</wf>
         <wf lemma="," pos="X">,</wf>
         <wf lemma="zehaztu" pos="X">zehaztu</wf>
         <wf lemma="zuen" pos="X">zuen</wf>
         <wf lemma="Etxelekuk" pos="X">Etxelekuk</wf>
         <wf lemma="." pos="X">.</wf>
      </sentence>
      <sentence id="d000.s940" source="wordnet-basque">
         <wf lemma="garbi" pos="X">garbi</wf>
         <wf lemma="dago" pos="X">dago</wf>
         <wf lemma="horrelako" pos="X">horrelako</wf>
         <wf lemma="kasuan" pos="X">kasuan</wf>
         <wf lemma="garaipena" pos="X">garaipena</wf>
         <instance id="d000.s940.t000" lemma="mugimendu" pos="NOUN">mugimendu</instance>
         <wf lemma="bihurriren" pos="X">bihurriren</wf>
         <wf lemma="baten" pos="X">baten</wf>
         <wf lemma="bidez" pos="X">bidez</wf>
         <wf lemma="bakarrik" pos="X">bakarrik</wf>
         <wf lemma="erabaki" pos="X">erabaki</wf>
         <wf lemma="daitekeela" pos="X">daitekeela</wf>
         <wf lemma="." pos="X">.</wf>
      </sentence>
      <sentence id="d000.s941" source="wordnet-basque">
         <wf lemma="lantegira" pos="X">lantegira</wf>
         <wf lemma="iristeko" pos="X">iristeko</wf>
         <instance id="d000.s941.t000" lemma="herri" pos="NOUN">herria</instance>
         <wf lemma="zeharkatu" pos="X">zeharkatu</wf>
         <wf lemma="behar" pos="X">behar</wf>
         <wf lemma="izaten" pos="X">izaten</wf>
         <wf lemma="dute" pos="X">dute</wf>
         <wf lemma="." pos="X">.</wf>
      </sentence>
      <sentence id="d000.s942" source="wordnet-basque">
         <wf lemma="Pierre" pos="X">Pierre</wf>
         <wf lemma="Moscovici" pos="X">Moscovici</wf>
         <wf lemma="baikor" pos="X">baikor</wf>
         <wf lemma="mintzatu" pos="X">mintzatu</wf>
         <wf lemma="zen" pos="X">zen</wf>
         <wf lemma="atzo" pos="X">atzo</wf>
         <wf lemma="Frantziaren" pos="X">Frantziaren</wf>
         <wf lemma="agintaldiaren" pos="X">agintaldiaren</wf>
         <instance id="d000.s942.t000" lemma="hasiera" pos="NOUN">hasiera</instance>
         <wf lemma="agurtzeko" pos="X">agurtzeko</wf>
         <wf lemma="prentsaurrekoan" pos="X">prentsaurrekoan</wf>
         <wf lemma="." pos="X">.</wf>
      </sentence>
      <sentence id="d000.s943" source="wordnet-basque">
         <wf lemma="oihuak" pos="X">oihuak</wf>
         <wf lemma="," pos="X">,</wf>
         <wf lemma="kantak" pos="X">kantak</wf>
         <wf lemma="," pos="X">,</wf>
         <wf lemma="entzuten" pos="X">entzuten</wf>
         <wf lemma="ziren" pos="X">ziren</wf>
         <wf lemma="," pos="X">,</wf>
         <wf lemma="emakumeen" pos="X">emakumeen</wf>
         <wf lemma="txilioak" pos="X">txilioak</wf>
         <wf lemma="," pos="X">,</wf>
         <wf lemma="ume" pos="X">ume</wf>
         <wf lemma="harrotuen" pos="X">harrotuen</wf>
         <instance id="d000.s943.t000" lemma="zarata" pos="NOUN">zarata</instance>
         <wf lemma="." pos="X">.</wf>
      </sentence>
      <sentence id="d000.s944" source="wordnet-basque">
         <wf lemma="Espainiako" pos="X">Espainiako</wf>
         <instance id="d000.s944.t000" lemma="auzitegi" pos="NOUN">Auzitegi</instance>
         <wf lemma="Gorenak" pos="X">Gorenak</wf>
         <wf lemma="legaltzat" pos="X">legaltzat</wf>
         <wf lemma="jo" pos="X">jo</wf>
         <wf lemma="du" pos="X">du</wf>
         <wf lemma="urtegia" pos="X">urtegia</wf>
         <wf lemma="." pos="X">.</wf>
      </sentence>
      <sentence id="d000.s945" source="wordnet-basque">
         <wf lemma="fakultatea" pos="X">fakultatea</wf>
         <wf lemma="eta" pos="X">eta</wf>
         <wf lemma="Ilazki" pos="X">Ilazki</wf>
         <wf lemma="euskaltegiaren" pos="X">euskaltegiaren</wf>
         <wf lemma="artean" pos="X">artean</wf>
         <wf lemma="hasi" pos="X">hasi</wf>
         <wf lemma="berria" pos="X">berria</wf>
         <wf lemma="den" pos="X">den</wf>
         <instance id="d000.s945.t000" lemma="proiektu" pos="NOUN">proiektuaren</instance>
         <wf lemma="berri" pos="X">berri</wf>
         <wf lemma="emango" pos="X">emango</wf>
         <wf lemma="dugu" pos="X">dugu</wf>
         <wf lemma="." pos="X">.</wf>
      </sentence>
      <sentence id="d000.s946" source="wordnet-basque">
         <wf lemma="frantses" pos="X">frantses</wf>
         <wf lemma="presidenteak" pos="X">presidenteak</wf>
         <wf lemma="aditzerat" pos="X">aditzerat</wf>
         <wf lemma="eman" pos="X">eman</wf>
         <wf lemma="zuen" pos="X">zuen</wf>
         <wf lemma="," pos="X">,</wf>
         <wf lemma="halaber" pos="X">halaber</wf>
         <wf lemma="," pos="X">,</wf>
         <wf lemma="Korsikaren" pos="X">Korsikaren</wf>
         <instance id="d000.s946.t000" lemma="estatutu" pos="NOUN">estatutuaren</instance>
         <wf lemma="bilakaerak" pos="X">bilakaerak</wf>
         <wf lemma="bakean" pos="X">bakean</wf>
         <wf lemma="eta" pos="X">eta</wf>
         <wf lemma="duintasunean" pos="X">duintasunean</wf>
         <wf lemma="jarraitu" pos="X">jarraitu</wf>
         <wf lemma="behar" pos="X">behar</wf>
         <wf lemma="duela" pos="X">duela</wf>
         <wf lemma="." pos="X">.</wf>
      </sentence>
      <sentence id="d000.s947" source="wordnet-basque">
         <wf lemma="joateko" pos="X">joateko</wf>
         <instance id="d000.s947.t000" lemma="ordu" pos="NOUN">ordua</instance>
         <wf lemma="da" pos="X">da</wf>
         <wf lemma="." pos="X">.</wf>
      </sentence>
      <sentence id="d000.s948" source="wordnet-basque">
         <wf lemma="Nafarroako" pos="X">Nafarroako</wf>
         <wf lemma="Gobernuak" pos="X">Gobernuak</wf>
         <wf lemma="1.115" pos="X">1.115</wf>
         <wf lemma="milioi" pos="X">milioi</wf>
         <instance id="d000.s948.t000" lemma="pezeta" pos="NOUN">pezeta</instance>
         <wf lemma="jaso" pos="X">jaso</wf>
         <wf lemma="ditu" pos="X">ditu</wf>
         <wf lemma="Espainiako" pos="X">Espainiako</wf>
         <wf lemma="Nekazaritza" pos="X">Nekazaritza</wf>
         <wf lemma="Ministeriotik" pos="X">Ministeriotik</wf>
         <wf lemma="." pos="X">.</wf>
      </sentence>
      <sentence id="d000.s949" source="wordnet-basque">
         <wf lemma="bestalde" pos="X">bestalde</wf>
         <wf lemma="," pos="X">,</wf>
         <wf lemma="Rojoren" pos="X">Rojoren</wf>
         <wf lemma="taldea" pos="X">taldea</wf>
         <wf lemma="ondo" pos="X">ondo</wf>
         <wf lemma="kokatuta" pos="X">kokatuta</wf>
         <wf lemma="egon" pos="X">egon</wf>
         <wf lemma="zen" pos="X">zen</wf>
         <instance id="d000.s949.t000" lemma="zelai" pos="NOUN">zelaian</instance>
         <wf lemma="," pos="X">,</wf>
         <wf lemma="eta" pos="X">eta</wf>
         <wf lemma="ederto" pos="X">ederto</wf>
         <wf lemma="egin" pos="X">egin</wf>
         <wf lemma="zuen" pos="X">zuen</wf>
         <wf lemma="presioa" pos="X">presioa</wf>
         <wf lemma="." pos="X">.</wf>
      </sentence>
      <sentence id="d000.s950" source="wordnet-basque">
         <wf lemma="aiztoaren" pos="X">aiztoaren</wf>
         <instance id="d000.s950.t000" lemma="aho" pos="NOUN">aho</instance>
         <wf lemma="bakoitzean" pos="X">bakoitzean</wf>
         <wf lemma="zerbait" pos="X">zerbait</wf>
         <wf lemma="idatzirik" pos="X">idatzirik</wf>
         <wf lemma="zegoela" pos="X">zegoela</wf>
         <wf lemma="iruditu" pos="X">iruditu</wf>
         <wf lemma="zitzaidan" pos="X">zitzaidan</wf>
         <wf lemma="." pos="X">.</wf>
      </sentence>
      <sentence id="d000.s951" source="wordnet-basque">
         <wf lemma="Europako" pos="X">Europako</wf>
         <wf lemma="Legebiltzarrean" pos="X">Legebiltzarrean</wf>
         <wf lemma="estaturik" pos="X">estaturik</wf>
         <wf lemma="gabeko" pos="X">gabeko</wf>
         <instance id="d000.s951.t000" lemma="nazio" pos="NOUN">nazioen</instance>
         <wf lemma="batzorde" pos="X">batzorde</wf>
         <wf lemma="bat" pos="X">bat</wf>
         <wf lemma="badagoela" pos="X">badagoela</wf>
         <wf lemma="gogorarazi" pos="X">gogorarazi</wf>
         <wf lemma="zuen" pos="X">zuen</wf>
         <wf lemma="Estevek" pos="X">Estevek</wf>
         <wf lemma="." pos="X">.</wf>
      </sentence>
      <sentence id="d000.s952" source="wordnet-basque">
         <instance id="d000.s952.t000" lemma="juje" pos="NOUN">jujeek</instance>
         <wf lemma="erabaki" pos="X">erabaki</wf>
         <wf lemma="zuten" pos="X">zuten</wf>
         <wf lemma="epaiketa" pos="X">epaiketa</wf>
         <wf lemma="datorren" pos="X">datorren</wf>
         <wf lemma="irailaren" pos="X">irailaren</wf>
         <wf lemma="14era" pos="X">14era</wf>
         <wf lemma="atzeratzea" pos="X">atzeratzea</wf>
         <wf lemma="." pos="X">.</wf>
      </sentence>
      <sentence id="d000.s953" source="wordnet-basque">
         <wf lemma="pasa" pos="X">pasa</wf>
         <wf lemma="den" pos="X">den</wf>
         <wf lemma="astean" pos="X">astean</wf>
         <wf lemma="aske" pos="X">aske</wf>
         <wf lemma="geratu" pos="X">geratu</wf>
         <wf lemma="zen" pos="X">zen</wf>
         <wf lemma="anaia" pos="X">anaia</wf>
         <wf lemma="nagusiari" pos="X">nagusiari</wf>
         <wf lemma="egindako" pos="X">egindako</wf>
         <instance id="d000.s953.t000" lemma="elkarrizketa" pos="NOUN">elkarrizketa</instance>
         <wf lemma="argitaratu" pos="X">argitaratu</wf>
         <wf lemma="zuen" pos="X">zuen</wf>
         <wf lemma="atzo" pos="X">atzo</wf>
         <wf lemma="Gara" pos="X">Gara</wf>
         <wf lemma="egunkariak" pos="X">egunkariak</wf>
         <wf lemma="." pos="X">.</wf>
      </sentence>
      <sentence id="d000.s954" source="wordnet-basque">
         <instance id="d000.s954.t000" lemma="musika" pos="NOUN">musikaren</instance>
         <wf lemma="eraginez" pos="X">eraginez</wf>
         <wf lemma="loak" pos="X">loak</wf>
         <wf lemma="hartu" pos="X">hartu</wf>
         <wf lemma="zuen" pos="X">zuen</wf>
         <wf lemma="." pos="X">.</wf>
      </sentence>
      <sentence id="d000.s955" source="wordnet-basque">
         <wf lemma="haize" pos="X">haize</wf>
         <wf lemma="bolada" pos="X">bolada</wf>
         <wf lemma="indartsu" pos="X">indartsu</wf>
         <wf lemma="batek" pos="X">batek</wf>
         <wf lemma="jo" pos="X">jo</wf>
         <wf lemma="eta" pos="X">eta</wf>
         <wf lemma="hegazkina" pos="X">hegazkina</wf>
         <wf lemma="bere" pos="X">bere</wf>
         <instance id="d000.s955.t000" lemma="bide" pos="NOUN">bidetik</instance>
         <wf lemma="atera" pos="X">atera</wf>
         <wf lemma="zen" pos="X">zen</wf>
         <wf lemma="aireratzen" pos="X">aireratzen</wf>
         <wf lemma="ari" pos="X">ari</wf>
         <wf lemma="zen" pos="X">zen</wf>
         <wf lemma="unean" pos="X">unean</wf>
         <wf lemma="." pos="X">.</wf>
      </sentence>
      <sentence id="d000.s956" source="wordnet-basque">
         <wf lemma="ganbelu" pos="X">ganbelu</wf>
         <wf lemma="baten" pos="X">baten</wf>
         <wf lemma="hezurretik" pos="X">hezurretik</wf>
         <wf lemma="ateratzen" pos="X">ateratzen</wf>
         <wf lemma="den" pos="X">den</wf>
         <wf lemma="margogaia" pos="X">margogaia</wf>
         <wf lemma="ganbelu" pos="X">ganbelu</wf>
         <wf lemma="hezurrez" pos="X">hezurrez</wf>
         <wf lemma="egindako" pos="X">egindako</wf>
         <instance id="d000.s956.t000" lemma="kutxa" pos="NOUN">kutxa</instance>
         <wf lemma="batean" pos="X">batean</wf>
         <wf lemma="gordetzen" pos="X">gordetzen</wf>
         <wf lemma="da" pos="X">da</wf>
         <wf lemma="." pos="X">.</wf>
      </sentence>
      <sentence id="d000.s957" source="wordnet-basque">
         <wf lemma="Italiarrek" pos="X">Italiarrek</wf>
         <wf lemma="saskipean" pos="X">saskipean</wf>
         <wf lemma="duten" pos="X">duten</wf>
         <instance id="d000.s957.t000" lemma="indar" pos="NOUN">indarra</instance>
         <wf lemma="aipatu" pos="X">aipatu</wf>
         <wf lemma="zuen" pos="X">zuen</wf>
         <wf lemma="Ivanovicek" pos="X">Ivanovicek</wf>
         <wf lemma="," pos="X">,</wf>
         <wf lemma="bertan" pos="X">bertan</wf>
         <wf lemma="dituen" pos="X">dituen</wf>
         <wf lemma="jokalariak" pos="X">jokalariak</wf>
         <wf lemma="oso" pos="X">oso</wf>
         <wf lemma="garaiak" pos="X">garaiak</wf>
         <wf lemma="baitira" pos="X">baitira</wf>
         <wf lemma="." pos="X">.</wf>
      </sentence>
      <sentence id="d000.s958" source="wordnet-basque">
         <wf lemma="taldean" pos="X">taldean</wf>
         <wf lemma="sartu" pos="X">sartu</wf>
         <wf lemma="aurretik" pos="X">aurretik</wf>
         <wf lemma="proba" pos="X">proba</wf>
         <wf lemma="batzuk" pos="X">batzuk</wf>
         <wf lemma="pasatu" pos="X">pasatu</wf>
         <wf lemma="behar" pos="X">behar</wf>
         <wf lemma="izan" pos="X">izan</wf>
         <wf lemma="zituen" pos="X">zituen</wf>
         <wf lemma="," pos="X">,</wf>
         <wf lemma="korrikan" pos="X">korrikan</wf>
         <wf lemma="," pos="X">,</wf>
         <instance id="d000.s958.t000" lemma="eskalada" pos="NOUN">eskalada</instance>
         <wf lemma="librean" pos="X">librean</wf>
         <wf lemma="," pos="X">,</wf>
         <wf lemma="erreken" pos="X">erreken</wf>
         <wf lemma="jeitsieran" pos="X">jeitsieran</wf>
         <wf lemma="..." pos="X">...</wf>
      </sentence>
      <sentence id="d000.s959" source="wordnet-basque">
         <wf lemma="psikolinguistika" pos="X">psikolinguistika</wf>
         <wf lemma="arloan" pos="X">arloan</wf>
         <wf lemma="ikerketak" pos="X">ikerketak</wf>
         <wf lemma="egiteko" pos="X">egiteko</wf>
         <instance id="d000.s959.t000" lemma="tresna" pos="NOUN">tresna</instance>
         <wf lemma="lagungarriak" pos="X">lagungarriak</wf>
         <wf lemma="pixkanaka" pos="X">pixkanaka</wf>
         <wf lemma="sortzen" pos="X">sortzen</wf>
         <wf lemma="hasiak" pos="X">hasiak</wf>
         <wf lemma="dira" pos="X">dira</wf>
         <wf lemma="." pos="X">.</wf>
      </sentence>
      <sentence id="d000.s960" source="wordnet-basque">
         <instance id="d000.s960.t000" lemma="garraiolari" pos="NOUN">garraiolarien</instance>
         <wf lemma="greba" pos="X">greba</wf>
         <wf lemma="ia" pos="X">ia</wf>
         <wf lemma="erabatekoa" pos="X">erabatekoa</wf>
         <wf lemma="izan" pos="X">izan</wf>
         <wf lemma="da" pos="X">da</wf>
         <wf lemma="Hego" pos="X">Hego</wf>
         <wf lemma="Euskal" pos="X">Euskal</wf>
         <wf lemma="Herrian" pos="X">Herrian</wf>
         <wf lemma="." pos="X">.</wf>
      </sentence>
      <sentence id="d000.s961" source="wordnet-basque">
         <wf lemma="behin" pos="X">behin</wf>
         <wf lemma="akzioak" pos="X">akzioak</wf>
         <wf lemma="eskuratuta" pos="X">eskuratuta</wf>
         <wf lemma="," pos="X">,</wf>
         <wf lemma="Tecneten" pos="X">Tecneten</wf>
         <instance id="d000.s961.t000" lemma="eskaintza" pos="NOUN">eskaintza</instance>
         <wf lemma="Argentinako" pos="X">Argentinako</wf>
         <wf lemma="Ibermaticari" pos="X">Ibermaticari</wf>
         <wf lemma="batuko" pos="X">batuko</wf>
         <wf lemma="zaio" pos="X">zaio</wf>
         <wf lemma="." pos="X">.</wf>
      </sentence>
      <sentence id="d000.s962" source="wordnet-basque">
         <wf lemma="horiez" pos="X">horiez</wf>
         <wf lemma="gain" pos="X">gain</wf>
         <wf lemma="," pos="X">,</wf>
         <wf lemma="ordea" pos="X">ordea</wf>
         <wf lemma="," pos="X">,</wf>
         <wf lemma="Joxe" pos="X">Joxe</wf>
         <wf lemma="Azurmendi" pos="X">Azurmendi</wf>
         <instance id="d000.s962.t000" lemma="filosofo" pos="NOUN">filosofoak</instance>
         <wf lemma="egin" pos="X">egin</wf>
         <wf lemma="du" pos="X">du</wf>
         <wf lemma="hitzaurrea" pos="X">hitzaurrea</wf>
         <wf lemma="," pos="X">,</wf>
         <wf lemma="besteak" pos="X">besteak</wf>
         <wf lemma="beste" pos="X">beste</wf>
         <wf lemma="," pos="X">,</wf>
         <wf lemma="El" pos="X">El</wf>
         <wf lemma="Hombre" pos="X">Hombre</wf>
         <wf lemma="Cooperativo" pos="X">Cooperativo</wf>
         <wf lemma="." pos="X">.</wf>
      </sentence>
      <sentence id="d000.s963" source="wordnet-basque">
         <wf lemma="zibilizatua" pos="X">zibilizatua</wf>
         <wf lemma="da" pos="X">da</wf>
         <wf lemma="unibertsitateko" pos="X">unibertsitateko</wf>
         <wf lemma="estatutuen" pos="X">estatutuen</wf>
         <wf lemma="aurkako" pos="X">aurkako</wf>
         <wf lemma="jokabideaz" pos="X">jokabideaz</wf>
         <wf lemma="guk" pos="X">guk</wf>
         <wf lemma="betetzen" pos="X">betetzen</wf>
         <wf lemma="ditugun" pos="X">ditugun</wf>
         <instance id="d000.s963.t000" lemma="plaza" pos="NOUN">plazak</instance>
         <wf lemma="konkurtso" pos="X">konkurtso</wf>
         <wf lemma="publikora" pos="X">publikora</wf>
         <wf lemma="ateratzea" pos="X">ateratzea</wf>
         <wf lemma="." pos="X">.</wf>
      </sentence>
      <sentence id="d000.s964" source="wordnet-basque">
         <wf lemma="erregaien" pos="X">erregaien</wf>
         <wf lemma="prezioaren" pos="X">prezioaren</wf>
         <wf lemma="igoeraren" pos="X">igoeraren</wf>
         <wf lemma="kostuek" pos="X">kostuek</wf>
         <wf lemma="garraioen" pos="X">garraioen</wf>
         <instance id="d000.s964.t000" lemma="sari" pos="NOUN">sarietan</instance>
         <wf lemma="eragina" pos="X">eragina</wf>
         <wf lemma="izan" pos="X">izan</wf>
         <wf lemma="ditzaten" pos="X">ditzaten</wf>
         <wf lemma="." pos="X">.</wf>
      </sentence>
      <sentence id="d000.s965" source="wordnet-basque">
         <wf lemma="merezita" pos="X">merezita</wf>
         <wf lemma="eman" pos="X">eman</wf>
         <wf lemma="diote" pos="X">diote</wf>
         <wf lemma="jokalari" pos="X">jokalari</wf>
         <wf lemma="onenaren" pos="X">onenaren</wf>
         <instance id="d000.s965.t000" lemma="sari" pos="NOUN">saria</instance>
         <wf lemma="." pos="X">.</wf>
      </sentence>
      <sentence id="d000.s966" source="wordnet-basque">
         <instance id="d000.s966.t000" lemma="ekonomilari" pos="NOUN">ekonomilari</instance>
         <wf lemma="batzuentzat" pos="X">batzuentzat</wf>
         <wf lemma="," pos="X">,</wf>
         <wf lemma="berreskurapena" pos="X">berreskurapena</wf>
         <wf lemma="txikiegia" pos="X">txikiegia</wf>
         <wf lemma="izan" pos="X">izan</wf>
         <wf lemma="da" pos="X">da</wf>
         <wf lemma="eta" pos="X">eta</wf>
         <wf lemma="beherakada" pos="X">beherakada</wf>
         <wf lemma="handiagoak" pos="X">handiagoak</wf>
         <wf lemma="izan" pos="X">izan</wf>
         <wf lemma="daitezke" pos="X">daitezke</wf>
         <wf lemma="." pos="X">.</wf>
      </sentence>
      <sentence id="d000.s967" source="wordnet-basque">
         <wf lemma="Eurokopa" pos="X">Eurokopa</wf>
         <wf lemma="hasi" pos="X">hasi</wf>
         <wf lemma="zenean" pos="X">zenean</wf>
         <instance id="d000.s967.t000" lemma="segurtasun" pos="NOUN">segurtasun</instance>
         <wf lemma="handirik" pos="X">handirik</wf>
         <wf lemma="ez" pos="X">ez</wf>
         <wf lemma="zuten" pos="X">zuten</wf>
         <wf lemma="italiarrek" pos="X">italiarrek</wf>
         <wf lemma="hasiberriarekin" pos="X">hasiberriarekin</wf>
         <wf lemma="." pos="X">.</wf>
      </sentence>
      <sentence id="d000.s968" source="wordnet-basque">
         <wf lemma="honek" pos="X">honek</wf>
         <wf lemma="2." pos="X">2.</wf>
         <wf lemma="periodoan" pos="X">periodoan</wf>
         <wf lemma="fabrikatu" pos="X">fabrikatu</wf>
         <wf lemma="nahi" pos="X">nahi</wf>
         <wf lemma="den" pos="X">den</wf>
         <wf lemma="unitate-kopuruaren" pos="X">unitate-kopuruaren</wf>
         <instance id="d000.s968.t000" lemma="aurreikuspen" pos="NOUN">aurreikuspena</instance>
         <wf lemma="egitera" pos="X">egitera</wf>
         <wf lemma="behartzen" pos="X">behartzen</wf>
         <wf lemma="gaitu" pos="X">gaitu</wf>
         <wf lemma="." pos="X">.</wf>
      </sentence>
      <sentence id="d000.s969" source="wordnet-basque">
         <wf lemma="komunikabideek" pos="X">komunikabideek</wf>
         <wf lemma="ez" pos="X">ez</wf>
         <wf lemma="dutela" pos="X">dutela</wf>
         <wf lemma="beren" pos="X">beren</wf>
         <wf lemma="lana" pos="X">lana</wf>
         <wf lemma="bete" pos="X">bete</wf>
         <wf lemma="salatu" pos="X">salatu</wf>
         <wf lemma="du" pos="X">du</wf>
         <wf lemma="," pos="X">,</wf>
         <wf lemma="hau" pos="X">hau</wf>
         <wf lemma="da" pos="X">da</wf>
         <wf lemma="," pos="X">,</wf>
         <wf lemma="debate" pos="X">debate</wf>
         <wf lemma="eta" pos="X">eta</wf>
         <wf lemma="ikuspuntuak" pos="X">ikuspuntuak</wf>
         <wf lemma="plazaratzea" pos="X">plazaratzea</wf>
         <wf lemma=";" pos="X">;</wf>
         <wf lemma="horren" pos="X">horren</wf>
         <wf lemma="ordez" pos="X">ordez</wf>
         <wf lemma="," pos="X">,</wf>
         <wf lemma="iritzi" pos="X">iritzi</wf>
         <wf lemma="jakin" pos="X">jakin</wf>
         <wf lemma="eta" pos="X">eta</wf>
         <wf lemma="bideratuak" pos="X">bideratuak</wf>
         <wf lemma="eman" pos="X">eman</wf>
         <wf lemma="dituzte" pos="X">dituzte</wf>
         <wf lemma="," pos="X">,</wf>
         <instance id="d000.s969.t000" lemma="egia" pos="NOUN">egiak</instance>
         <wf lemma="bailiran" pos="X">bailiran</wf>
         <wf lemma="." pos="X">.</wf>
      </sentence>
      <sentence id="d000.s970" source="wordnet-basque">
         <wf lemma="aitaren" pos="X">aitaren</wf>
         <wf lemma="baritono" pos="X">baritono</wf>
         <instance id="d000.s970.t000" lemma="boz" pos="NOUN">boz</instance>
         <wf lemma="polit" pos="X">polit</wf>
         <wf lemma="apur" pos="X">apur</wf>
         <wf lemma="bat" pos="X">bat</wf>
         <wf lemma="kinkuna" pos="X">kinkuna</wf>
         <wf lemma="melodiaren" pos="X">melodiaren</wf>
         <wf lemma="gorakoa" pos="X">gorakoa</wf>
         <wf lemma="kantatu" pos="X">kantatu</wf>
         <wf lemma="zuen" pos="X">zuen</wf>
         <wf lemma="eta" pos="X">eta</wf>
         <wf lemma="bigarren" pos="X">bigarren</wf>
         <wf lemma="boza" pos="X">boza</wf>
         <wf lemma="ongi" pos="X">ongi</wf>
         <wf lemma="moldatu" pos="X">moldatu</wf>
         <wf lemma="ezinik" pos="X">ezinik</wf>
         <wf lemma="ama" pos="X">ama</wf>
         <wf lemma="." pos="X">.</wf>
      </sentence>
      <sentence id="d000.s971" source="wordnet-basque">
         <wf lemma="Paul" pos="X">Paul</wf>
         <wf lemma="Laxaltek" pos="X">Laxaltek</wf>
         <wf lemma="," pos="X">,</wf>
         <wf lemma="esaterako" pos="X">esaterako</wf>
         <wf lemma="," pos="X">,</wf>
         <instance id="d000.s971.t000" lemma="sarrera" pos="NOUN">sarrera</instance>
         <wf lemma="du" pos="X">du</wf>
         <wf lemma="Elhuyarren" pos="X">Elhuyarren</wf>
         <wf lemma="Hiztegi" pos="X">Hiztegi</wf>
         <wf lemma="Enziklopedikoan" pos="X">Enziklopedikoan</wf>
         <wf lemma="." pos="X">.</wf>
      </sentence>
      <sentence id="d000.s972" source="wordnet-basque">
         <wf lemma="bazterketa" pos="X">bazterketa</wf>
         <wf lemma="horren" pos="X">horren</wf>
         <wf lemma="aurka" pos="X">aurka</wf>
         <wf lemma="protestaldia" pos="X">protestaldia</wf>
         <wf lemma="egin" pos="X">egin</wf>
         <wf lemma="zuten" pos="X">zuten</wf>
         <wf lemma="atzo" pos="X">atzo</wf>
         <instance id="d000.s972.t000" lemma="enpresa" pos="NOUN">enpresaren</instance>
         <wf lemma="aurrean" pos="X">aurrean</wf>
         <wf lemma="." pos="X">.</wf>
      </sentence>
      <sentence id="d000.s973" source="wordnet-basque">
         <instance id="d000.s973.t000" lemma="eliza" pos="NOUN">eliza</instance>
         <wf lemma="Baptistaren" pos="X">Baptistaren</wf>
         <wf lemma="baitan" pos="X">baitan</wf>
         <wf lemma="hezi" pos="X">hezi</wf>
         <wf lemma="zuten" pos="X">zuten</wf>
         <wf lemma="." pos="X">.</wf>
      </sentence>
      <sentence id="d000.s974" source="wordnet-basque">
         <wf lemma="hiri" pos="X">hiri</wf>
         <wf lemma="osoa" pos="X">osoa</wf>
         <wf lemma="ikus" pos="X">ikus</wf>
         <wf lemma="zitekeen" pos="X">zitekeen</wf>
         <instance id="d000.s974.t000" lemma="puntu" pos="NOUN">punturaino</instance>
         <wf lemma="urrundu" pos="X">urrundu</wf>
         <wf lemma="zen" pos="X">zen</wf>
         <wf lemma="." pos="X">.</wf>
      </sentence>
      <sentence id="d000.s975" source="wordnet-basque">
         <instance id="d000.s975.t000" lemma="dote" pos="NOUN">dotea</instance>
         <wf lemma="," pos="X">,</wf>
         <wf lemma="beraz" pos="X">beraz</wf>
         <wf lemma="," pos="X">,</wf>
         <wf lemma="seniparteak" pos="X">seniparteak</wf>
         <wf lemma="ordaintzeko" pos="X">ordaintzeko</wf>
         <wf lemma="erabiltzen" pos="X">erabiltzen</wf>
         <wf lemma="da" pos="X">da</wf>
         <wf lemma="." pos="X">.</wf>
      </sentence>
      <sentence id="d000.s976" source="wordnet-basque">
         <wf lemma="lau" pos="X">lau</wf>
         <wf lemma="gudariok" pos="X">gudariok</wf>
         <wf lemma="Euskal" pos="X">Euskal</wf>
         <wf lemma="Herriaren" pos="X">Herriaren</wf>
         <wf lemma="independentzia" pos="X">independentzia</wf>
         <wf lemma="eta" pos="X">eta</wf>
         <wf lemma="sozialismoaren" pos="X">sozialismoaren</wf>
         <wf lemma="aldeko" pos="X">aldeko</wf>
         <wf lemma="borrokan" pos="X">borrokan</wf>
         <wf lemma="erakutsitako" pos="X">erakutsitako</wf>
         <wf lemma="grina" pos="X">grina</wf>
         <wf lemma="eta" pos="X">eta</wf>
         <instance id="d000.s976.t000" lemma="maitasun" pos="NOUN">maitasuna</instance>
         <wf lemma="ETAko" pos="X">ETAko</wf>
         <wf lemma="kideontzat" pos="X">kideontzat</wf>
         <wf lemma="eredu" pos="X">eredu</wf>
         <wf lemma="eta" pos="X">eta</wf>
         <wf lemma="etsenplu" pos="X">etsenplu</wf>
         <wf lemma="izanen" pos="X">izanen</wf>
         <wf lemma="dira" pos="X">dira</wf>
         <wf lemma="." pos="X">.</wf>
      </sentence>
      <sentence id="d000.s977" source="wordnet-basque">
         <wf lemma="horrenbesteko" pos="X">horrenbesteko</wf>
         <instance id="d000.s977.t000" lemma="beldur" pos="NOUN">beldurra</instance>
         <wf lemma="ematen" pos="X">ematen</wf>
         <wf lemma="dizu" pos="X">dizu</wf>
         <wf lemma="urak" pos="X">urak</wf>
         <wf lemma="," pos="X">,</wf>
         <wf lemma="Lorea" pos="X">Lorea</wf>
         <wf lemma="?" pos="X">?</wf>
      </sentence>
      <sentence id="d000.s978" source="wordnet-basque">
         <wf lemma="nola" pos="X">nola</wf>
         <wf lemma="justifikatzen" pos="X">justifikatzen</wf>
         <wf lemma="du" pos="X">du</wf>
         <wf lemma="sailak" pos="X">sailak</wf>
         <wf lemma="," pos="X">,</wf>
         <wf lemma="lehiaketak" pos="X">lehiaketak</wf>
         <wf lemma="direla-eta" pos="X">direla-eta</wf>
         <wf lemma="," pos="X">,</wf>
         <wf lemma="agintarietako" pos="X">agintarietako</wf>
         <wf lemma="asko" pos="X">asko</wf>
         <instance id="d000.s978.t000" lemma="lanordu" pos="NOUN">lanorduetan</instance>
         <wf lemma="ikasten" pos="X">ikasten</wf>
         <wf lemma="aritzea" pos="X">aritzea</wf>
         <wf lemma="," pos="X">,</wf>
         <wf lemma="edo" pos="X">edo</wf>
         <wf lemma="beren" pos="X">beren</wf>
         <wf lemma="lantokietan" pos="X">lantokietan</wf>
         <wf lemma="ez" pos="X">ez</wf>
         <wf lemma="egotea" pos="X">egotea</wf>
         <wf lemma="?" pos="X">?</wf>
      </sentence>
      <sentence id="d000.s979" source="wordnet-basque">
         <wf lemma="zenbat" pos="X">zenbat</wf>
         <instance id="d000.s979.t000" lemma="su" pos="NOUN">su</instance>
         <wf lemma="dira" pos="X">dira</wf>
         <wf lemma="herri" pos="X">herri</wf>
         <wf lemma="honetan" pos="X">honetan</wf>
         <wf lemma="?" pos="X">?</wf>
      </sentence>
      <sentence id="d000.s980" source="wordnet-basque">
         <wf lemma="Senideak" pos="X">Senideak</wf>
         <wf lemma="elkarteak" pos="X">elkarteak</wf>
         <wf lemma="gogor" pos="X">gogor</wf>
         <wf lemma="salatu" pos="X">salatu</wf>
         <wf lemma="ditu" pos="X">ditu</wf>
         <wf lemma="gertaera" pos="X">gertaera</wf>
         <wf lemma="horiek" pos="X">horiek</wf>
         <wf lemma="," pos="X">,</wf>
         <wf lemma="ez" pos="X">ez</wf>
         <wf lemma="al" pos="X">al</wf>
         <wf lemma="da" pos="X">da</wf>
         <wf lemma="nahikoa" pos="X">nahikoa</wf>
         <wf lemma="ehunka" pos="X">ehunka</wf>
         <wf lemma="kilometro" pos="X">kilometro</wf>
         <wf lemma="egitea" pos="X">egitea</wf>
         <wf lemma="?" pos="X">?</wf>
         <wf lemma="ez" pos="X">ez</wf>
         <wf lemma="al" pos="X">al</wf>
         <wf lemma="da" pos="X">da</wf>
         <wf lemma="nahikoa" pos="X">nahikoa</wf>
         <wf lemma="injustizia" pos="X">injustizia</wf>
         <wf lemma="eta" pos="X">eta</wf>
         <instance id="d000.s980.t000" lemma="bortizkeria" pos="NOUN">bortizkeria</instance>
         <wf lemma="hau" pos="X">hau</wf>
         <wf lemma="guztia" pos="X">guztia</wf>
         <wf lemma="?" pos="X">?</wf>
      </sentence>
      <sentence id="d000.s981" source="wordnet-basque">
         <wf lemma="maiteñoaren" pos="X">maiteñoaren</wf>
         <wf lemma="irudia" pos="X">irudia</wf>
         <wf lemma="urruntzen" pos="X">urruntzen</wf>
         <wf lemma="ikustean" pos="X">ikustean</wf>
         <wf lemma="," pos="X">,</wf>
         <wf lemma="urradura" pos="X">urradura</wf>
         <wf lemma="latz" pos="X">latz</wf>
         <wf lemma="bat" pos="X">bat</wf>
         <wf lemma="sentitu" pos="X">sentitu</wf>
         <wf lemma="zuen" pos="X">zuen</wf>
         <wf lemma="," pos="X">,</wf>
         <wf lemma="horregatik" pos="X">horregatik</wf>
         <instance id="d000.s981.t000" lemma="buelta" pos="NOUN">buelta</instance>
         <wf lemma="erdia" pos="X">erdia</wf>
         <wf lemma="eman" pos="X">eman</wf>
         <wf lemma="eta" pos="X">eta</wf>
         <wf lemma="itzulbidean" pos="X">itzulbidean</wf>
         <wf lemma="jarri" pos="X">jarri</wf>
         <wf lemma="zen" pos="X">zen</wf>
         <wf lemma="." pos="X">.</wf>
      </sentence>
      <sentence id="d000.s982" source="wordnet-basque">
         <wf lemma="taulan" pos="X">taulan</wf>
         <wf lemma="jasotako" pos="X">jasotako</wf>
         <wf lemma="datuak" pos="X">datuak</wf>
         <wf lemma="dituzula" pos="X">dituzula</wf>
         <instance id="d000.s982.t000" lemma="oinarri" pos="NOUN">oinarri</instance>
         <wf lemma="eta" pos="X">eta</wf>
         <wf lemma="koordenatu" pos="X">koordenatu</wf>
         <wf lemma="kartestiarrak" pos="X">kartestiarrak</wf>
         <wf lemma="erabiliz" pos="X">erabiliz</wf>
         <wf lemma="," pos="X">,</wf>
         <wf lemma="egizu" pos="X">egizu</wf>
         <wf lemma="prozeduraren" pos="X">prozeduraren</wf>
         <wf lemma="grafikoa" pos="X">grafikoa</wf>
         <wf lemma="." pos="X">.</wf>
      </sentence>
      <sentence id="d000.s983" source="wordnet-basque">
         <wf lemma="urtean" pos="X">urtean</wf>
         <wf lemma="zehar" pos="X">zehar</wf>
         <wf lemma="eztabaidatutakoei" pos="X">eztabaidatutakoei</wf>
         <wf lemma="ofizialtasun-agiria" pos="X">ofizialtasun-agiria</wf>
         <wf lemma="eman" pos="X">eman</wf>
         <wf lemma="zitzaien" pos="X">zitzaien</wf>
         <wf lemma="hitzaldi" pos="X">hitzaldi</wf>
         <wf lemma="eta" pos="X">eta</wf>
         <instance id="d000.s983.t000" lemma="eztabaida" pos="NOUN">eztabaiden</instance>
         <wf lemma="bitartez" pos="X">bitartez</wf>
         <wf lemma="." pos="X">.</wf>
      </sentence>
      <sentence id="d000.s984" source="wordnet-basque">
         <wf lemma="proiektua" pos="X">proiektua</wf>
         <wf lemma="garaiz" pos="X">garaiz</wf>
         <wf lemma="amaitzeko" pos="X">amaitzeko</wf>
         <instance id="d000.s984.t000" lemma="presio" pos="NOUN">presioa</instance>
         <wf lemma="pairatzen" pos="X">pairatzen</wf>
         <wf lemma="da" pos="X">da</wf>
         <wf lemma="langileengan" pos="X">langileengan</wf>
         <wf lemma="." pos="X">.</wf>
      </sentence>
      <sentence id="d000.s985" source="wordnet-basque">
         <wf lemma="entrenamenduan" pos="X">entrenamenduan</wf>
         <wf lemma="bere" pos="X">bere</wf>
         <wf lemma="asmoak" pos="X">asmoak</wf>
         <wf lemma="argi" pos="X">argi</wf>
         <wf lemma="eta" pos="X">eta</wf>
         <wf lemma="garbi" pos="X">garbi</wf>
         <wf lemma="utzi" pos="X">utzi</wf>
         <wf lemma="zituen" pos="X">zituen</wf>
         <wf lemma=":" pos="X">:</wf>
         <wf lemma="jokalariei" pos="X">jokalariei</wf>
         <wf lemma="garrasi" pos="X">garrasi</wf>
         <wf lemma="egitea" pos="X">egitea</wf>
         <wf lemma="ez" pos="X">ez</wf>
         <wf lemma="zaio" pos="X">zaio</wf>
         <wf lemma="gustatzen" pos="X">gustatzen</wf>
         <wf lemma="," pos="X">,</wf>
         <wf lemma="baina" pos="X">baina</wf>
         <wf lemma="taldean" pos="X">taldean</wf>
         <instance id="d000.s985.t000" lemma="postu" pos="NOUN">postu</instance>
         <wf lemma="bat" pos="X">bat</wf>
         <wf lemma="nahi" pos="X">nahi</wf>
         <wf lemma="badute" pos="X">badute</wf>
         <wf lemma="," pos="X">,</wf>
         <wf lemma="gogotik" pos="X">gogotik</wf>
         <wf lemma="lan" pos="X">lan</wf>
         <wf lemma="egin" pos="X">egin</wf>
         <wf lemma="beharko" pos="X">beharko</wf>
         <wf lemma="dute" pos="X">dute</wf>
         <wf lemma="." pos="X">.</wf>
      </sentence>
      <sentence id="d000.s986" source="wordnet-basque">
         <wf lemma="mehatxu" pos="X">mehatxu</wf>
         <wf lemma="edo" pos="X">edo</wf>
         <wf lemma="eginez" pos="X">eginez</wf>
         <wf lemma="ezpatarekin" pos="X">ezpatarekin</wf>
         <instance id="d000.s986.t000" lemma="lerro" pos="NOUN">lerro</instance>
         <wf lemma="bat" pos="X">bat</wf>
         <wf lemma="irudikatu" pos="X">irudikatu</wf>
         <wf lemma="zuen" pos="X">zuen</wf>
         <wf lemma="airean" pos="X">airean</wf>
         <wf lemma="." pos="X">.</wf>
      </sentence>
      <sentence id="d000.s987" source="wordnet-basque">
         <wf lemma="bere" pos="X">bere</wf>
         <wf lemma="ezkerrean" pos="X">ezkerrean</wf>
         <wf lemma="eseri" pos="X">eseri</wf>
         <wf lemma="eraziko" pos="X">eraziko</wf>
         <wf lemma="du" pos="X">du</wf>
         <wf lemma="eta" pos="X">eta</wf>
         <wf lemma="," pos="X">,</wf>
         <wf lemma="ondoren" pos="X">ondoren</wf>
         <wf lemma="," pos="X">,</wf>
         <wf lemma="iletatik" pos="X">iletatik</wf>
         <wf lemma="hartuz" pos="X">hartuz</wf>
         <wf lemma="eta" pos="X">eta</wf>
         <wf lemma="bere" pos="X">bere</wf>
         <wf lemma="soinekoaren" pos="X">soinekoaren</wf>
         <instance id="d000.s987.t000" lemma="mutur" pos="NOUN">muturra</instance>
         <wf lemma="ukituz" pos="X">ukituz</wf>
         <wf lemma="," pos="X">,</wf>
         <wf lemma="leunki" pos="X">leunki</wf>
         <wf lemma="besarkatuko" pos="X">besarkatuko</wf>
         <wf lemma="du" pos="X">du</wf>
         <wf lemma="eskuineko" pos="X">eskuineko</wf>
         <wf lemma="besoarekin" pos="X">besoarekin</wf>
         <wf lemma="." pos="X">.</wf>
      </sentence>
      <sentence id="d000.s988" source="wordnet-basque">
         <wf lemma="Elgoibarren" pos="X">Elgoibarren</wf>
         <wf lemma="Aldai" pos="X">Aldai</wf>
         <wf lemma="izeneko" pos="X">izeneko</wf>
         <wf lemma="transformazio-zentroari" pos="X">transformazio-zentroari</wf>
         <wf lemma="," pos="X">,</wf>
         <instance id="d000.s988.t000" lemma="egitura" pos="NOUN">egitura</instance>
         <wf lemma="trinkodun" pos="X">trinkodun</wf>
         <wf lemma="prefabrikatuari" pos="X">prefabrikatuari</wf>
         <wf lemma="Administrazioaren" pos="X">Administrazioaren</wf>
         <wf lemma="baimena" pos="X">baimena</wf>
         <wf lemma="ematea" pos="X">ematea</wf>
         <wf lemma="erabaki" pos="X">erabaki</wf>
         <wf lemma="da" pos="X">da</wf>
         <wf lemma="." pos="X">.</wf>
      </sentence>
      <sentence id="d000.s989" source="wordnet-basque">
         <wf lemma="eta" pos="X">eta</wf>
         <wf lemma="Dirk" pos="X">Dirk</wf>
         <wf lemma="ez" pos="X">ez</wf>
         <wf lemma="da" pos="X">da</wf>
         <wf lemma="hitzik" pos="X">hitzik</wf>
         <wf lemma="gabe" pos="X">gabe</wf>
         <wf lemma="eta" pos="X">eta</wf>
         <instance id="d000.s989.t000" lemma="pauso" pos="NOUN">pauso</instance>
         <wf lemma="nagiak" pos="X">nagiak</wf>
         <wf lemma="emanez" pos="X">emanez</wf>
         <wf lemma="ibiliko" pos="X">ibiliko</wf>
         <wf lemma="ere" pos="X">ere</wf>
         <wf lemma="." pos="X">.</wf>
      </sentence>
      <sentence id="d000.s990" source="wordnet-basque">
         <wf lemma="hartutako" pos="X">hartutako</wf>
         <wf lemma="neurriek" pos="X">neurriek</wf>
         <wf lemma="justizia" pos="X">justizia</wf>
         <wf lemma="soziala" pos="X">soziala</wf>
         <wf lemma="," pos="X">,</wf>
         <instance id="d000.s990.t000" lemma="enplegu" pos="NOUN">enpleguaren</instance>
         <wf lemma="garapena" pos="X">garapena</wf>
         <wf lemma="," pos="X">,</wf>
         <wf lemma="ingurugiroaren" pos="X">ingurugiroaren</wf>
         <wf lemma="babesa" pos="X">babesa</wf>
         <wf lemma="eta" pos="X">eta</wf>
         <wf lemma="sistema" pos="X">sistema</wf>
         <wf lemma="sinplifikatzea" pos="X">sinplifikatzea</wf>
         <wf lemma="helburu" pos="X">helburu</wf>
         <wf lemma="dituztela" pos="X">dituztela</wf>
         <wf lemma="adierazi" pos="X">adierazi</wf>
         <wf lemma="zuen" pos="X">zuen</wf>
         <wf lemma="Fabiusek" pos="X">Fabiusek</wf>
         <wf lemma="." pos="X">.</wf>
      </sentence>
      <sentence id="d000.s991" source="wordnet-basque">
         <wf lemma="Mexikoko" pos="X">Mexikoko</wf>
         <wf lemma="Giza" pos="X">Giza</wf>
         <wf lemma="Eskubideen" pos="X">Eskubideen</wf>
         <wf lemma="Akademiak" pos="X">Akademiak</wf>
         <wf lemma="Galarzaren" pos="X">Galarzaren</wf>
         <wf lemma="aurkako" pos="X">aurkako</wf>
         <instance id="d000.s991.t000" lemma="prozesu" pos="NOUN">prozesua</instance>
         <wf lemma="berme" pos="X">berme</wf>
         <wf lemma="guztiekin" pos="X">guztiekin</wf>
         <wf lemma="egiteko" pos="X">egiteko</wf>
         <wf lemma="eskatu" pos="X">eskatu</wf>
         <wf lemma="du" pos="X">du</wf>
         <wf lemma="." pos="X">.</wf>
      </sentence>
      <sentence id="d000.s992" source="wordnet-basque">
         <wf lemma="Tourrean" pos="X">Tourrean</wf>
         <wf lemma="horiz" pos="X">horiz</wf>
         <wf lemma="jantzita" pos="X">jantzita</wf>
         <wf lemma="joatea" pos="X">joatea</wf>
         <instance id="d000.s992.t000" lemma="amets" pos="NOUN">ametsa</instance>
         <wf lemma="da" pos="X">da</wf>
         <wf lemma="niretzat" pos="X">niretzat</wf>
         <wf lemma="." pos="X">.</wf>
      </sentence>
      <sentence id="d000.s993" source="wordnet-basque">
         <wf lemma="ez" pos="X">ez</wf>
         <wf lemma="zuen" pos="X">zuen</wf>
         <wf lemma="etsi" pos="X">etsi</wf>
         <wf lemma="," pos="X">,</wf>
         <wf lemma="eta" pos="X">eta</wf>
         <wf lemma="beste" pos="X">beste</wf>
         <wf lemma="mila" pos="X">mila</wf>
         <instance id="d000.s993.t000" lemma="proba" pos="NOUN">proba</instance>
         <wf lemma="egin" pos="X">egin</wf>
         <wf lemma="zituen" pos="X">zituen</wf>
         <wf lemma="," pos="X">,</wf>
         <wf lemma="harik" pos="X">harik</wf>
         <wf lemma="eta" pos="X">eta</wf>
         <wf lemma=",egun" pos="X">,egun</wf>
         <wf lemma="batean" pos="X">batean</wf>
         <wf lemma="," pos="X">,</wf>
         <wf lemma="edabe" pos="X">edabe</wf>
         <wf lemma="haietako" pos="X">haietako</wf>
         <wf lemma="bat" pos="X">bat</wf>
         <wf lemma="sagu" pos="X">sagu</wf>
         <wf lemma="bati" pos="X">bati</wf>
         <wf lemma="eman" pos="X">eman</wf>
         <wf lemma="," pos="X">,</wf>
         <wf lemma="eta" pos="X">eta</wf>
         <wf lemma="sagua" pos="X">sagua</wf>
         <wf lemma="hazten" pos="X">hazten</wf>
         <wf lemma="eta" pos="X">eta</wf>
         <wf lemma="hazten" pos="X">hazten</wf>
         <wf lemma="hasi" pos="X">hasi</wf>
         <wf lemma="zitzaion" pos="X">zitzaion</wf>
         <wf lemma="arte" pos="X">arte</wf>
         <wf lemma="." pos="X">.</wf>
      </sentence>
      <sentence id="d000.s994" source="wordnet-basque">
         <wf lemma="Biarno" pos="X">Biarno</wf>
         <wf lemma="aldera" pos="X">aldera</wf>
         <wf lemma="abiatu" pos="X">abiatu</wf>
         <wf lemma="nintzen" pos="X">nintzen</wf>
         <wf lemma="eguraldiaz" pos="X">eguraldiaz</wf>
         <wf lemma="," pos="X">,</wf>
         <wf lemma="lurraldeaz" pos="X">lurraldeaz</wf>
         <wf lemma="," pos="X">,</wf>
         <wf lemma="koloreaz" pos="X">koloreaz</wf>
         <wf lemma="," pos="X">,</wf>
         <wf lemma="Pabe" pos="X">Pabe</wf>
         <wf lemma="hiriaz" pos="X">hiriaz</wf>
         <wf lemma="eta" pos="X">eta</wf>
         <instance id="d000.s994.t000" lemma="bazter" pos="NOUN">bazter</instance>
         <wf lemma="ederrez" pos="X">ederrez</wf>
         <wf lemma="gozatzeko" pos="X">gozatzeko</wf>
         <wf lemma="." pos="X">.</wf>
      </sentence>
      <sentence id="d000.s995" source="wordnet-basque">
         <wf lemma="baina" pos="X">baina</wf>
         <wf lemma="lehenago" pos="X">lehenago</wf>
         <wf lemma="," pos="X">,</wf>
         <instance id="d000.s995.t000" lemma="muga" pos="NOUN">muga</instance>
         <wf lemma="pasatu" pos="X">pasatu</wf>
         <wf lemma="bezain" pos="X">bezain</wf>
         <wf lemma="laster" pos="X">laster</wf>
         <wf lemma="," pos="X">,</wf>
         <wf lemma="Pirinioen" pos="X">Pirinioen</wf>
         <wf lemma="bestaldean" pos="X">bestaldean</wf>
         <wf lemma="," pos="X">,</wf>
         <wf lemma="Donibane" pos="X">Donibane</wf>
         <wf lemma="Garazin" pos="X">Garazin</wf>
         <wf lemma="," pos="X">,</wf>
         <wf lemma="bere" pos="X">bere</wf>
         <wf lemma="adiskide" pos="X">adiskide</wf>
         <wf lemma="Alejandro" pos="X">Alejandro</wf>
         <wf lemma="Zaballaren" pos="X">Zaballaren</wf>
         <wf lemma="etxea" pos="X">etxea</wf>
         <wf lemma="bisitatzen" pos="X">bisitatzen</wf>
         <wf lemma="du" pos="X">du</wf>
         <wf lemma="." pos="X">.</wf>
      </sentence>
      <sentence id="d000.s996" source="wordnet-basque">
         <instance id="d000.s996.t000" lemma="bungalow" pos="NOUN">bungalow</instance>
         <wf lemma="bakoitzak" pos="X">bakoitzak</wf>
         <wf lemma="sukaldea" pos="X">sukaldea</wf>
         <wf lemma="," pos="X">,</wf>
         <wf lemma="egongela" pos="X">egongela</wf>
         <wf lemma="," pos="X">,</wf>
         <wf lemma="logela" pos="X">logela</wf>
         <wf lemma="(" pos="X">(</wf>
         <wf lemma="1" pos="X">1</wf>
         <wf lemma="edo" pos="X">edo</wf>
         <wf lemma="2" pos="X">2</wf>
         <wf lemma=")" pos="X">)</wf>
         <wf lemma="," pos="X">,</wf>
         <wf lemma="bainugela" pos="X">bainugela</wf>
         <wf lemma="eta" pos="X">eta</wf>
         <wf lemma="berogailua" pos="X">berogailua</wf>
         <wf lemma="du" pos="X">du</wf>
         <wf lemma="." pos="X">.</wf>
      </sentence>
      <sentence id="d000.s997" source="wordnet-basque">
         <wf lemma="jangelaren" pos="X">jangelaren</wf>
         <wf lemma="erdian" pos="X">erdian</wf>
         <instance id="d000.s997.t000" lemma="mahai" pos="NOUN">mahaia</instance>
         <wf lemma="aukeratzen" pos="X">aukeratzen</wf>
         <wf lemma="ari" pos="X">ari</wf>
         <wf lemma="dira" pos="X">dira</wf>
         <wf lemma="." pos="X">.</wf>
      </sentence>
      <sentence id="d000.s998" source="wordnet-basque">
         <wf lemma="krimenik" pos="X">krimenik</wf>
         <wf lemma="ez" pos="X">ez</wf>
         <wf lemma="egotea" pos="X">egotea</wf>
         <wf lemma="gustatuko" pos="X">gustatuko</wf>
         <wf lemma="litzaidake" pos="X">litzaidake</wf>
         <wf lemma="eta" pos="X">eta</wf>
         <wf lemma="horregatik" pos="X">horregatik</wf>
         <wf lemma="," pos="X">,</wf>
         <wf lemma="handitan" pos="X">handitan</wf>
         <wf lemma="," pos="X">,</wf>
         <wf lemma="abokatu" pos="X">abokatu</wf>
         <wf lemma="edo" pos="X">edo</wf>
         <wf lemma="epaile" pos="X">epaile</wf>
         <wf lemma="izango" pos="X">izango</wf>
         <wf lemma="naiz" pos="X">naiz</wf>
         <instance id="d000.s998.t000" lemma="justizia" pos="NOUN">justizia</instance>
         <wf lemma="egin" pos="X">egin</wf>
         <wf lemma="dadin" pos="X">dadin</wf>
         <wf lemma="." pos="X">.</wf>
      </sentence>
      <sentence id="d000.s999" source="wordnet-basque">
         <wf lemma="Euskal" pos="X">Euskal</wf>
         <wf lemma="Autonomi" pos="X">Autonomi</wf>
         <wf lemma="Elkarteko" pos="X">Elkarteko</wf>
         <wf lemma="herri-aginteek" pos="X">herri-aginteek</wf>
         <wf lemma="gertaera" pos="X">gertaera</wf>
         <wf lemma="horiei" pos="X">horiei</wf>
         <wf lemma="antolatuta" pos="X">antolatuta</wf>
         <wf lemma="aurre" pos="X">aurre</wf>
         <wf lemma="egiteko" pos="X">egiteko</wf>
         <instance id="d000.s999.t000" lemma="bide" pos="NOUN">bideak</instance>
         <wf lemma="ezartzen" pos="X">ezartzen</wf>
         <wf lemma="dira" pos="X">dira</wf>
         <wf lemma="lege" pos="X">lege</wf>
         <wf lemma="honetan" pos="X">honetan</wf>
         <wf lemma="." pos="X">.</wf>
      </sentence>
      <sentence id="d000.s1000" source="wordnet-basque">
         <wf lemma="iparrorratzari" pos="X">iparrorratzari</wf>
         <wf lemma="begiratu" pos="X">begiratu</wf>
         <wf lemma="zion" pos="X">zion</wf>
         <wf lemma="bila" pos="X">bila</wf>
         <wf lemma="genbiltzan" pos="X">genbiltzan</wf>
         <instance id="d000.s1000.t000" lemma="puntu" pos="NOUN">puntua</instance>
         <wf lemma="egiaztatzeko" pos="X">egiaztatzeko</wf>
         <wf lemma="." pos="X">.</wf>
      </sentence>
      <sentence id="d000.s1001" source="wordnet-basque">
         <wf lemma="gaur" pos="X">gaur</wf>
         <wf lemma="egingo" pos="X">egingo</wf>
         <wf lemma="da" pos="X">da</wf>
         <wf lemma="udako" pos="X">udako</wf>
         <wf lemma="opor" pos="X">opor</wf>
         <wf lemma="etenaldiaren" pos="X">etenaldiaren</wf>
         <wf lemma="aurretikako" pos="X">aurretikako</wf>
         <wf lemma="azkenengo" pos="X">azkenengo</wf>
         <wf lemma="ministroen" pos="X">ministroen</wf>
         <instance id="d000.s1001.t000" lemma="kontseilu" pos="NOUN">kontseilua</instance>
         <wf lemma="." pos="X">.</wf>
      </sentence>
      <sentence id="d000.s1002" source="wordnet-basque">
         <instance id="d000.s1002.t000" lemma="jai" pos="NOUN">jai</instance>
         <wf lemma="edo" pos="X">edo</wf>
         <wf lemma="astegun" pos="X">astegun</wf>
         <wf lemma="izan" pos="X">izan</wf>
         <wf lemma="," pos="X">,</wf>
         <wf lemma="ordu" pos="X">ordu</wf>
         <wf lemma="berean" pos="X">berean</wf>
         <wf lemma="jaikitzeko" pos="X">jaikitzeko</wf>
         <wf lemma="ohitura" pos="X">ohitura</wf>
         <wf lemma="zuen" pos="X">zuen</wf>
         <wf lemma="Jean" pos="X">Jean</wf>
         <wf lemma="Luc-ek" pos="X">Luc-ek</wf>
         <wf lemma="." pos="X">.</wf>
      </sentence>
      <sentence id="d000.s1003" source="wordnet-basque">
         <wf lemma="nire" pos="X">nire</wf>
         <instance id="d000.s1003.t000" lemma="lagun" pos="NOUN">lagunak</instance>
         <wf lemma="ezin" pos="X">ezin</wf>
         <wf lemma="izan" pos="X">izan</wf>
         <wf lemma="zuen" pos="X">zuen</wf>
         <wf lemma="bion" pos="X">bion</wf>
         <wf lemma="semearen" pos="X">semearen</wf>
         <wf lemma="heriotza" pos="X">heriotza</wf>
         <wf lemma="jasan" pos="X">jasan</wf>
         <wf lemma="." pos="X">.</wf>
      </sentence>
      <sentence id="d000.s1004" source="wordnet-basque">
         <wf lemma="Miamiko" pos="X">Miamiko</wf>
         <wf lemma="senideei" pos="X">senideei</wf>
         <wf lemma="epe" pos="X">epe</wf>
         <wf lemma="hori" pos="X">hori</wf>
         <wf lemma="eman" pos="X">eman</wf>
         <wf lemma="baitzien" pos="X">baitzien</wf>
         <wf lemma="atzo" pos="X">atzo</wf>
         <instance id="d000.s1004.t000" lemma="apelazio" pos="NOUN">apelazioa</instance>
         <wf lemma="aurkezteko" pos="X">aurkezteko</wf>
         <wf lemma="." pos="X">.</wf>
      </sentence>
      <sentence id="d000.s1005" source="wordnet-basque">
         <wf lemma="hiri" pos="X">hiri</wf>
         <wf lemma="osoa" pos="X">osoa</wf>
         <wf lemma="erabat" pos="X">erabat</wf>
         <wf lemma="modernoa" pos="X">modernoa</wf>
         <wf lemma="da" pos="X">da</wf>
         <wf lemma=":" pos="X">:</wf>
         <wf lemma="etxebizitza" pos="X">etxebizitza</wf>
         <wf lemma="eta" pos="X">eta</wf>
         <instance id="d000.s1005.t000" lemma="bulego" pos="NOUN">bulegoz</instance>
         <wf lemma="jositako" pos="X">jositako</wf>
         <wf lemma="eraikuntza" pos="X">eraikuntza</wf>
         <wf lemma="garaiak" pos="X">garaiak</wf>
         <wf lemma="eta" pos="X">eta</wf>
         <wf lemma="trafikoz" pos="X">trafikoz</wf>
         <wf lemma="gainezka" pos="X">gainezka</wf>
         <wf lemma="dauden" pos="X">dauden</wf>
         <wf lemma="kale" pos="X">kale</wf>
         <wf lemma="zabalak" pos="X">zabalak</wf>
         <wf lemma="ditu" pos="X">ditu</wf>
         <wf lemma="." pos="X">.</wf>
      </sentence>
      <sentence id="d000.s1006" source="wordnet-basque">
         <instance id="d000.s1006.t000" lemma="pila" pos="NOUN">pilarik</instance>
         <wf lemma="ez" pos="X">ez</wf>
         <wf lemma="du" pos="X">du</wf>
         <wf lemma="sakelean" pos="X">sakelean</wf>
         <wf lemma="." pos="X">.</wf>
      </sentence>
      <sentence id="d000.s1007" source="wordnet-basque">
         <wf lemma="Europako" pos="X">Europako</wf>
         <instance id="d000.s1007.t000" lemma="liga" pos="NOUN">liga</instance>
         <wf lemma="garrantzitsuenen" pos="X">garrantzitsuenen</wf>
         <wf lemma="artean" pos="X">artean</wf>
         <wf lemma="dago" pos="X">dago</wf>
         <wf lemma="ACB." pos="X">ACB.</wf>
      </sentence>
      <sentence id="d000.s1008" source="wordnet-basque">
         <wf lemma="hark" pos="X">hark</wf>
         <wf lemma="zor" pos="X">zor</wf>
         <wf lemma="zigun" pos="X">zigun</wf>
         <instance id="d000.s1008.t000" lemma="diru" pos="NOUN">dirua</instance>
         <wf lemma="kobratzen" pos="X">kobratzen</wf>
         <wf lemma="saiatu" pos="X">saiatu</wf>
         <wf lemma="ginen" pos="X">ginen</wf>
         <wf lemma="." pos="X">.</wf>
      </sentence>
      <sentence id="d000.s1009" source="wordnet-basque">
         <wf lemma="Bogota" pos="X">Bogota</wf>
         <wf lemma="hiriburutik" pos="X">hiriburutik</wf>
         <wf lemma="400" pos="X">400</wf>
         <wf lemma="kilometrora" pos="X">kilometrora</wf>
         <instance id="d000.s1009.t000" lemma="ekialde" pos="NOUN">ekialdera</instance>
         <wf lemma="." pos="X">.</wf>
      </sentence>
      <sentence id="d000.s1010" source="wordnet-basque">
         <wf lemma="Hemen" pos="X">Hemen</wf>
         <wf lemma="," pos="X">,</wf>
         <wf lemma="eguraldi" pos="X">eguraldi</wf>
         <wf lemma="ona" pos="X">ona</wf>
         <wf lemma="egiten" pos="X">egiten</wf>
         <wf lemma="du" pos="X">du</wf>
         <wf lemma="beti" pos="X">beti</wf>
         <wf lemma="eta" pos="X">eta</wf>
         <wf lemma="lau" pos="X">lau</wf>
         <instance id="d000.s1010.t000" lemma="urtaro" pos="NOUN">urtaro</instance>
         <wf lemma="dauden" pos="X">dauden</wf>
         <wf lemma="arren" pos="X">arren</wf>
         <wf lemma="," pos="X">,</wf>
         <wf lemma="negua" pos="X">negua</wf>
         <wf lemma="ez" pos="X">ez</wf>
         <wf lemma="da" pos="X">da</wf>
         <wf lemma="beste" pos="X">beste</wf>
         <wf lemma="leku" pos="X">leku</wf>
         <wf lemma="batzuetan" pos="X">batzuetan</wf>
         <wf lemma="bezain" pos="X">bezain</wf>
         <wf lemma="hotza" pos="X">hotza</wf>
         <wf lemma="izaten" pos="X">izaten</wf>
         <wf lemma="." pos="X">.</wf>
      </sentence>
      <sentence id="d000.s1011" source="wordnet-basque">
         <wf lemma="norbaiti" pos="X">norbaiti</wf>
         <instance id="d000.s1011.t000" lemma="abal" pos="NOUN">abala</instance>
         <wf lemma="eman" pos="X">eman</wf>
         <wf lemma="." pos="X">.</wf>
      </sentence>
      <sentence id="d000.s1012" source="wordnet-basque">
         <instance id="d000.s1012.t000" lemma="gatazka" pos="NOUN">gatazka</instance>
         <wf lemma="piztu" pos="X">piztu</wf>
         <wf lemma="ondoren" pos="X">ondoren</wf>
         <wf lemma="UNHCR" pos="X">UNHCR</wf>
         <wf lemma="joaten" pos="X">joaten</wf>
         <wf lemma="da" pos="X">da</wf>
         <wf lemma="," pos="X">,</wf>
         <wf lemma="Gurutze" pos="X">Gurutze</wf>
         <wf lemma="Gorria" pos="X">Gorria</wf>
         <wf lemma="eta" pos="X">eta</wf>
         <wf lemma="Mugarik" pos="X">Mugarik</wf>
         <wf lemma="Gabeko" pos="X">Gabeko</wf>
         <wf lemma="Medikuak" pos="X">Medikuak</wf>
         <wf lemma="joaten" pos="X">joaten</wf>
         <wf lemma="dira" pos="X">dira</wf>
         <wf lemma=";" pos="X">;</wf>
         <wf lemma="eta" pos="X">eta</wf>
         <wf lemma="berdin" pos="X">berdin</wf>
         <wf lemma="goseteak" pos="X">goseteak</wf>
         <wf lemma="eta" pos="X">eta</wf>
         <wf lemma="ezbehar" pos="X">ezbehar</wf>
         <wf lemma="naturalak" pos="X">naturalak</wf>
         <wf lemma="gertatutakoan" pos="X">gertatutakoan</wf>
         <wf lemma="." pos="X">.</wf>
      </sentence>
      <sentence id="d000.s1013" source="wordnet-basque">
         <instance id="d000.s1013.t000" lemma="froga" pos="NOUN">froga</instance>
         <wf lemma="guztiak" pos="X">guztiak</wf>
         <wf lemma="silogismoak" pos="X">silogismoak</wf>
         <wf lemma="dira" pos="X">dira</wf>
         <wf lemma="," pos="X">,</wf>
         <wf lemma="eta" pos="X">eta</wf>
         <wf lemma="gogoratu" pos="X">gogoratu</wf>
         <wf lemma="behar" pos="X">behar</wf>
         <wf lemma="da" pos="X">da</wf>
         <wf lemma="'silogismo" pos="X">'silogismo</wf>
         <wf lemma="'" pos="X">'</wf>
         <wf lemma="hitza" pos="X">hitza</wf>
         <wf lemma="," pos="X">,</wf>
         <wf lemma="egungo" pos="X">egungo</wf>
         <wf lemma="terminologian" pos="X">terminologian</wf>
         <wf lemma="adierazita" pos="X">adierazita</wf>
         <wf lemma="," pos="X">,</wf>
         <wf lemma="'" pos="X">'</wf>
         <wf lemma="dedukziozko" pos="X">dedukziozko</wf>
         <wf lemma="argudio" pos="X">argudio</wf>
         <wf lemma="baliozko" pos="X">baliozko</wf>
         <wf lemma="'" pos="X">'</wf>
         <wf lemma="hitzaren" pos="X">hitzaren</wf>
         <wf lemma="sinonimotzat" pos="X">sinonimotzat</wf>
         <wf lemma="har" pos="X">har</wf>
         <wf lemma="dezakegula" pos="X">dezakegula</wf>
         <wf lemma="." pos="X">.</wf>
      </sentence>
      <sentence id="d000.s1014" source="wordnet-basque">
         <wf lemma="Iberdrolak" pos="X">Iberdrolak</wf>
         <wf lemma="akziodunen" pos="X">akziodunen</wf>
         <instance id="d000.s1014.t000" lemma="biltzar" pos="NOUN">biltzarra</instance>
         <wf lemma="egingo" pos="X">egingo</wf>
         <wf lemma="du" pos="X">du</wf>
         <wf lemma="gaur" pos="X">gaur</wf>
         <wf lemma="Bilbon" pos="X">Bilbon</wf>
         <wf lemma="." pos="X">.</wf>
      </sentence>
      <sentence id="d000.s1015" source="wordnet-basque">
         <wf lemma="une" pos="X">une</wf>
         <wf lemma="hartan" pos="X">hartan</wf>
         <wf lemma="egoitzaren" pos="X">egoitzaren</wf>
         <wf lemma="aurrean" pos="X">aurrean</wf>
         <wf lemma="zegoen" pos="X">zegoen</wf>
         <instance id="d000.s1015.t000" lemma="guardia" pos="NOUN">guardia</instance>
         <wf lemma="batek" pos="X">batek</wf>
         <wf lemma="telefonoz" pos="X">telefonoz</wf>
         <wf lemma="hots" pos="X">hots</wf>
         <wf lemma="egin" pos="X">egin</wf>
         <wf lemma="zien" pos="X">zien</wf>
         <wf lemma="kideei" pos="X">kideei</wf>
         <wf lemma="," pos="X">,</wf>
         <wf lemma="esanez" pos="X">esanez</wf>
         <wf lemma="tiroka" pos="X">tiroka</wf>
         <wf lemma="ari" pos="X">ari</wf>
         <wf lemma="zitzaizkiela" pos="X">zitzaizkiela</wf>
         <wf lemma="." pos="X">.</wf>
      </sentence>
      <sentence id="d000.s1016" source="wordnet-basque">
         <wf lemma="berak" pos="X">berak</wf>
         <wf lemma="zigiluen" pos="X">zigiluen</wf>
         <instance id="d000.s1016.t000" lemma="liburu" pos="NOUN">liburu</instance>
         <wf lemma="bat" pos="X">bat</wf>
         <wf lemma="erosi" pos="X">erosi</wf>
         <wf lemma="zuen" pos="X">zuen</wf>
         <wf lemma="." pos="X">.</wf>
      </sentence>
      <sentence id="d000.s1017" source="wordnet-basque">
         <wf lemma="Fernando" pos="X">Fernando</wf>
         <wf lemma="Henrique" pos="X">Henrique</wf>
         <wf lemma="Cardoso" pos="X">Cardoso</wf>
         <wf lemma="presidentearen" pos="X">presidentearen</wf>
         <instance id="d000.s1017.t000" lemma="aginte" pos="NOUN">aginteko</instance>
         <wf lemma="oposizioaren" pos="X">oposizioaren</wf>
         <wf lemma="osagai" pos="X">osagai</wf>
         <wf lemma="nagusia" pos="X">nagusia</wf>
         <wf lemma="den" pos="X">den</wf>
         <wf lemma="PT" pos="X">PT</wf>
         <wf lemma="Langileen" pos="X">Langileen</wf>
         <wf lemma="Arderdiak" pos="X">Arderdiak</wf>
         <wf lemma="zen" pos="X">zen</wf>
         <wf lemma="gora" pos="X">gora</wf>
         <wf lemma="egite" pos="X">egite</wf>
         <wf lemma="honen" pos="X">honen</wf>
         <wf lemma="probetxu" pos="X">probetxu</wf>
         <wf lemma="ateratzaile" pos="X">ateratzaile</wf>
         <wf lemma="handiena" pos="X">handiena</wf>
         <wf lemma="izan" pos="X">izan</wf>
         <wf lemma="." pos="X">.</wf>
      </sentence>
      <sentence id="d000.s1018" source="wordnet-basque">
         <wf lemma="denboraldi" pos="X">denboraldi</wf>
         <wf lemma="hasieratik" pos="X">hasieratik</wf>
         <wf lemma="desiraturiko" pos="X">desiraturiko</wf>
         <instance id="d000.s1018.t000" lemma="leku" pos="NOUN">lekuan</instance>
         <wf lemma="daudela" pos="X">daudela</wf>
         <wf lemma="baieztatu" pos="X">baieztatu</wf>
         <wf lemma="zuen" pos="X">zuen</wf>
         <wf lemma="entrenatzaileak" pos="X">entrenatzaileak</wf>
         <wf lemma="." pos="X">.</wf>
      </sentence>
      <sentence id="d000.s1019" source="wordnet-basque">
         <wf lemma="medikuen" pos="X">medikuen</wf>
         <wf lemma="txostenaren" pos="X">txostenaren</wf>
         <wf lemma="arabera" pos="X">arabera</wf>
         <instance id="d000.s1019.t000" lemma="astearte" pos="NOUN">astearte</instance>
         <wf lemma="gauean" pos="X">gauean</wf>
         <wf lemma="haren" pos="X">haren</wf>
         <wf lemma="egoerak" pos="X">egoerak</wf>
         <wf lemma="okerrera" pos="X">okerrera</wf>
         <wf lemma="egin" pos="X">egin</wf>
         <wf lemma="zuen" pos="X">zuen</wf>
         <wf lemma="." pos="X">.</wf>
      </sentence>
      <sentence id="d000.s1020" source="wordnet-basque">
         <wf lemma="presoen" pos="X">presoen</wf>
         <wf lemma="gauzak" pos="X">gauzak</wf>
         <instance id="d000.s1020.t000" lemma="lur" pos="NOUN">lurrera</instance>
         <wf lemma="bota" pos="X">bota</wf>
         <wf lemma="ondoren" pos="X">ondoren</wf>
         <wf lemma="," pos="X">,</wf>
         <wf lemma="lurrean" pos="X">lurrean</wf>
         <wf lemma="edukitzeagatik" pos="X">edukitzeagatik</wf>
         <wf lemma="zigortzen" pos="X">zigortzen</wf>
         <wf lemma="dituztela" pos="X">dituztela</wf>
         <wf lemma="salatu" pos="X">salatu</wf>
         <wf lemma="dute" pos="X">dute</wf>
         <wf lemma="." pos="X">.</wf>
      </sentence>
      <sentence id="d000.s1021" source="wordnet-basque">
         <wf lemma="ekoizpenen" pos="X">ekoizpenen</wf>
         <instance id="d000.s1021.t000" lemma="sailkapen" pos="NOUN">sailkapen</instance>
         <wf lemma="hau" pos="X">hau</wf>
         <wf lemma="HEGEHJ" pos="X">HEGEHJ</wf>
         <wf lemma="taldeak" pos="X">taldeak</wf>
         <wf lemma="gauzatu" pos="X">gauzatu</wf>
         <wf lemma="du" pos="X">du</wf>
         <wf lemma="transkribaketak" pos="X">transkribaketak</wf>
         <wf lemma="egitean" pos="X">egitean</wf>
         <wf lemma="." pos="X">.</wf>
      </sentence>
      <sentence id="d000.s1022" source="wordnet-basque">
         <wf lemma="Axular" pos="X">Axular</wf>
         <wf lemma="Lizeoa" pos="X">Lizeoa</wf>
         <wf lemma="Aiete" pos="X">Aiete</wf>
         <instance id="d000.s1022.t000" lemma="ibilbide" pos="NOUN">Ibilbidean</instance>
         <wf lemma="aurkituko" pos="X">aurkituko</wf>
         <wf lemma="duzu" pos="X">duzu</wf>
         <wf lemma="." pos="X">.</wf>
      </sentence>
      <sentence id="d000.s1023" source="wordnet-basque">
         <wf lemma="landaretxoak" pos="X">landaretxoak</wf>
         <wf lemma="lur-nahaste" pos="X">lur-nahaste</wf>
         <wf lemma="egokian" pos="X">egokian</wf>
         <wf lemma="landatu" pos="X">landatu</wf>
         <wf lemma="," pos="X">,</wf>
         <wf lemma="toki" pos="X">toki</wf>
         <wf lemma="epelean" pos="X">epelean</wf>
         <wf lemma="eduki" pos="X">eduki</wf>
         <wf lemma="eta" pos="X">eta</wf>
         <instance id="d000.s1023.t000" lemma="puja" pos="NOUN">puja</instance>
         <wf lemma="berria" pos="X">berria</wf>
         <wf lemma="sortu" pos="X">sortu</wf>
         <wf lemma="arte" pos="X">arte</wf>
         <wf lemma="arin" pos="X">arin</wf>
         <wf lemma="ureztatu" pos="X">ureztatu</wf>
         <wf lemma="." pos="X">.</wf>
      </sentence>
      <sentence id="d000.s1024" source="wordnet-basque">
         <wf lemma="Euskal" pos="X">Euskal</wf>
         <wf lemma="Herrian" pos="X">Herrian</wf>
         <wf lemma="jendeak" pos="X">jendeak</wf>
         <wf lemma="ezagutzen" pos="X">ezagutzen</wf>
         <wf lemma="du" pos="X">du</wf>
         <instance id="d000.s1024.t000" lemma="arazo" pos="NOUN">arazoa</instance>
         <wf lemma="," pos="X">,</wf>
         <wf lemma="baina" pos="X">baina</wf>
         <wf lemma="Estatu" pos="X">Estatu</wf>
         <wf lemma="frantsesean" pos="X">frantsesean</wf>
         <wf lemma="edo" pos="X">edo</wf>
         <wf lemma="espainiarrean" pos="X">espainiarrean</wf>
         <wf lemma="gertatzen" pos="X">gertatzen</wf>
         <wf lemma="denean" pos="X">denean</wf>
         <wf lemma="ez" pos="X">ez</wf>
         <wf lemma="dute" pos="X">dute</wf>
         <wf lemma="batere" pos="X">batere</wf>
         <wf lemma="gustuko" pos="X">gustuko</wf>
         <wf lemma="." pos="X">.</wf>
      </sentence>
      <sentence id="d000.s1025" source="wordnet-basque">
         <wf lemma="Aireportu" pos="X">Aireportu</wf>
         <wf lemma="Bidearen" pos="X">Bidearen</wf>
         <wf lemma="trazaduran" pos="X">trazaduran</wf>
         <wf lemma="proposatzen" pos="X">proposatzen</wf>
         <wf lemma="den" pos="X">den</wf>
         <wf lemma="aldaketa" pos="X">aldaketa</wf>
         <wf lemma="honakoa" pos="X">honakoa</wf>
         <wf lemma="da" pos="X">da</wf>
         <wf lemma=":" pos="X">:</wf>
         <wf lemma="gurutzagunea" pos="X">gurutzagunea</wf>
         <wf lemma="eraberritzea" pos="X">eraberritzea</wf>
         <wf lemma="glorieta" pos="X">glorieta</wf>
         <wf lemma="itxiko" pos="X">itxiko</wf>
         <instance id="d000.s1025.t000" lemma="irtenbide" pos="NOUN">irtenbide</instance>
         <wf lemma="bat" pos="X">bat</wf>
         <wf lemma="ezarriz" pos="X">ezarriz</wf>
         <wf lemma="." pos="X">.</wf>
      </sentence>
      <sentence id="d000.s1026" source="wordnet-basque">
         <wf lemma="industrian" pos="X">industrian</wf>
         <wf lemma="etorkizunerako" pos="X">etorkizunerako</wf>
         <instance id="d000.s1026.t000" lemma="pauso" pos="NOUN">pauso</instance>
         <wf lemma="sendoak" pos="X">sendoak</wf>
         <wf lemma="ematen" pos="X">ematen</wf>
         <wf lemma="ari" pos="X">ari</wf>
         <wf lemma="gara" pos="X">gara</wf>
         <wf lemma="." pos="X">.</wf>
      </sentence>
      <sentence id="d000.s1027" source="wordnet-basque">
         <wf lemma="Pakita" pos="X">Pakita</wf>
         <wf lemma="Lopez" pos="X">Lopez</wf>
         <wf lemma="Aldazabal" pos="X">Aldazabal</wf>
         <wf lemma="alabak" pos="X">alabak</wf>
         <wf lemma="hartu" pos="X">hartu</wf>
         <wf lemma="zuen" pos="X">zuen</wf>
         <wf lemma="orduan" pos="X">orduan</wf>
         <instance id="d000.s1027.t000" lemma="ama" pos="NOUN">amaren</instance>
         <wf lemma="ardura" pos="X">ardura</wf>
         <wf lemma="." pos="X">.</wf>
      </sentence>
      <sentence id="d000.s1028" source="wordnet-basque">
         <instance id="d000.s1028.t000" lemma="lan" pos="NOUN">lanak</instance>
         <wf lemma="gora" pos="X">gora</wf>
         <wf lemma="egin" pos="X">egin</wf>
         <wf lemma="du" pos="X">du</wf>
         <wf lemma="azken" pos="X">azken</wf>
         <wf lemma="hilabetean" pos="X">hilabetean</wf>
         <wf lemma="." pos="X">.</wf>
      </sentence>
      <sentence id="d000.s1029" source="wordnet-basque">
         <wf lemma="pezeta" pos="X">pezeta</wf>
         <wf lemma="bat" pos="X">bat</wf>
         <wf lemma="igo" pos="X">igo</wf>
         <wf lemma="du" pos="X">du</wf>
         <wf lemma="berunik" pos="X">berunik</wf>
         <wf lemma="gabeko" pos="X">gabeko</wf>
         <wf lemma="95" pos="X">95</wf>
         <wf lemma="oktanoko" pos="X">oktanoko</wf>
         <instance id="d000.s1029.t000" lemma="gasolina" pos="NOUN">gasolinaren</instance>
         <wf lemma="prezioa" pos="X">prezioa</wf>
         <wf lemma="." pos="X">.</wf>
      </sentence>
      <sentence id="d000.s1030" source="wordnet-basque">
         <wf lemma="goialdean" pos="X">goialdean</wf>
         <wf lemma="bira" pos="X">bira</wf>
         <wf lemma="emanda" pos="X">emanda</wf>
         <wf lemma="jartzen" pos="X">jartzen</wf>
         <wf lemma="diren" pos="X">diren</wf>
         <instance id="d000.s1030.t000" lemma="gauza" pos="NOUN">gauza</instance>
         <wf lemma="txiki" pos="X">txiki</wf>
         <wf lemma="horietako" pos="X">horietako</wf>
         <wf lemma="bat" pos="X">bat</wf>
         <wf lemma="erosiko" pos="X">erosiko</wf>
         <wf lemma="diot" pos="X">diot</wf>
         <wf lemma="arratsaldean" pos="X">arratsaldean</wf>
         <wf lemma="Arabella" pos="X">Arabella</wf>
         <wf lemma="Grossi" pos="X">Grossi</wf>
         <wf lemma="." pos="X">.</wf>
      </sentence>
      <sentence id="d000.s1031" source="wordnet-basque">
         <wf lemma="esan" pos="X">esan</wf>
         <wf lemma="beharrik" pos="X">beharrik</wf>
         <wf lemma="ez" pos="X">ez</wf>
         <wf lemma="dago" pos="X">dago</wf>
         <instance id="d000.s1031.t000" lemma="aldaketa" pos="NOUN">aldaketa</instance>
         <wf lemma="momentu" pos="X">momentu</wf>
         <wf lemma="kritikoa" pos="X">kritikoa</wf>
         <wf lemma="izaten" pos="X">izaten</wf>
         <wf lemma="dela" pos="X">dela</wf>
         <wf lemma="animalia" pos="X">animalia</wf>
         <wf lemma="hauen" pos="X">hauen</wf>
         <wf lemma="bizitzan" pos="X">bizitzan</wf>
         <wf lemma="." pos="X">.</wf>
      </sentence>
      <sentence id="d000.s1032" source="wordnet-basque">
         <wf lemma="beste" pos="X">beste</wf>
         <wf lemma="bost" pos="X">bost</wf>
         <instance id="d000.s1032.t000" lemma="postu" pos="NOUN">postu</instance>
         <wf lemma="kendu" pos="X">kendu</wf>
         <wf lemma="dituzte" pos="X">dituzte</wf>
         <wf lemma="n" pos="X">n</wf>
         <wf lemma="Crossmaglengo" pos="X">Crossmaglengo</wf>
         <wf lemma="dorrea" pos="X">dorrea</wf>
         <wf lemma="okupazio" pos="X">okupazio</wf>
         <wf lemma="militarraren" pos="X">militarraren</wf>
         <wf lemma="ikurra" pos="X">ikurra</wf>
         <wf lemma="zen" pos="X">zen</wf>
         <wf lemma="irlandar" pos="X">irlandar</wf>
         <wf lemma="nazionalistentzat" pos="X">nazionalistentzat</wf>
         <wf lemma="n" pos="X">n</wf>
         <wf lemma="Eraistea" pos="X">Eraistea</wf>
         <wf lemma="txalotu" pos="X">txalotu</wf>
         <wf lemma="dute" pos="X">dute</wf>
         <wf lemma="SDLPk" pos="X">SDLPk</wf>
         <wf lemma="eta" pos="X">eta</wf>
         <wf lemma="Sinn" pos="X">Sinn</wf>
         <wf lemma="Feinek" pos="X">Feinek</wf>
         <wf lemma="," pos="X">,</wf>
         <wf lemma="baina" pos="X">baina</wf>
         <wf lemma="desmilitarizazio" pos="X">desmilitarizazio</wf>
         <wf lemma="azkarragoa" pos="X">azkarragoa</wf>
         <wf lemma="nahi" pos="X">nahi</wf>
         <wf lemma="dute" pos="X">dute</wf>
         <wf lemma="." pos="X">.</wf>
      </sentence>
      <sentence id="d000.s1033" source="wordnet-basque">
         <wf lemma="337" pos="X">337</wf>
         <wf lemma="pertsona" pos="X">pertsona</wf>
         <wf lemma="zaurituta" pos="X">zaurituta</wf>
         <wf lemma="daude" pos="X">daude</wf>
         <wf lemma="eta" pos="X">eta</wf>
         <wf lemma="60" pos="X">60</wf>
         <instance id="d000.s1033.t000" lemma="gorputz" pos="NOUN">gorputz</instance>
         <wf lemma="ez" pos="X">ez</wf>
         <wf lemma="dituzte" pos="X">dituzte</wf>
         <wf lemma="oraindik" pos="X">oraindik</wf>
         <wf lemma="identifikatu" pos="X">identifikatu</wf>
         <wf lemma="." pos="X">.</wf>
      </sentence>
      <sentence id="d000.s1034" source="wordnet-basque">
         <wf lemma="Jose" pos="X">Jose</wf>
         <wf lemma="Maria" pos="X">Maria</wf>
         <wf lemma="Benegasek" pos="X">Benegasek</wf>
         <wf lemma="baketzeari" pos="X">baketzeari</wf>
         <wf lemma="buruz" pos="X">buruz</wf>
         <wf lemma="liburu" pos="X">liburu</wf>
         <wf lemma="batean" pos="X">batean</wf>
         <wf lemma="egin" pos="X">egin</wf>
         <wf lemma="duen" pos="X">duen</wf>
         <instance id="d000.s1034.t000" lemma="proposamen" pos="NOUN">proposamenak</instance>
         <wf lemma="hainbat" pos="X">hainbat</wf>
         <wf lemma="kritika" pos="X">kritika</wf>
         <wf lemma="eragin" pos="X">eragin</wf>
         <wf lemma="ditu" pos="X">ditu</wf>
         <wf lemma="PSOEren" pos="X">PSOEren</wf>
         <wf lemma="baitan" pos="X">baitan</wf>
         <wf lemma="." pos="X">.</wf>
      </sentence>
      <sentence id="d000.s1035" source="wordnet-basque">
         <wf lemma="Kant" pos="X">Kant</wf>
         <wf lemma="ospetsu" pos="X">ospetsu</wf>
         <wf lemma="bihurtu" pos="X">bihurtu</wf>
         <wf lemma="zen" pos="X">zen</wf>
         <wf lemma="arrazoimen" pos="X">arrazoimen</wf>
         <wf lemma="hutsaren" pos="X">hutsaren</wf>
         <instance id="d000.s1035.t000" lemma="kritika" pos="NOUN">kritika</instance>
         <wf lemma="egin" pos="X">egin</wf>
         <wf lemma="ostean" pos="X">ostean</wf>
         <wf lemma="." pos="X">.</wf>
      </sentence>
      <sentence id="d000.s1036" source="wordnet-basque">
         <wf lemma="azkenaldian" pos="X">azkenaldian</wf>
         <instance id="d000.s1036.t000" lemma="funtzionario" pos="NOUN">funtzionarioak</instance>
         <wf lemma="preso" pos="X">preso</wf>
         <wf lemma="hauen" pos="X">hauen</wf>
         <wf lemma="ziegetara" pos="X">ziegetara</wf>
         <wf lemma="sartu" pos="X">sartu</wf>
         <wf lemma="eta" pos="X">eta</wf>
         <wf lemma="indarrez" pos="X">indarrez</wf>
         <wf lemma="zutik" pos="X">zutik</wf>
         <wf lemma="jartzen" pos="X">jartzen</wf>
         <wf lemma="dituzte" pos="X">dituzte</wf>
         <wf lemma="." pos="X">.</wf>
      </sentence>
      <sentence id="d000.s1037" source="wordnet-basque">
         <wf lemma="kontsumitzaile" pos="X">kontsumitzaile</wf>
         <wf lemma="elkarteek" pos="X">elkarteek</wf>
         <wf lemma="gogor" pos="X">gogor</wf>
         <wf lemma="salatu" pos="X">salatu</wf>
         <wf lemma="zuten" pos="X">zuten</wf>
         <wf lemma="atzo" pos="X">atzo</wf>
         <wf lemma="igoera" pos="X">igoera</wf>
         <wf lemma="," pos="X">,</wf>
         <wf lemma="hainbat" pos="X">hainbat</wf>
         <wf lemma="familiari" pos="X">familiari</wf>
         <wf lemma="eragingo" pos="X">eragingo</wf>
         <wf lemma="dion" pos="X">dion</wf>
         <instance id="d000.s1037.t000" lemma="kalte" pos="NOUN">kaltea</instance>
         <wf lemma="dela" pos="X">dela</wf>
         <wf lemma="eta" pos="X">eta</wf>
         <wf lemma="." pos="X">.</wf>
      </sentence>
      <sentence id="d000.s1038" source="wordnet-basque">
         <wf lemma="martiniaren" pos="X">martiniaren</wf>
         <wf lemma="oinarrian" pos="X">oinarrian</wf>
         <wf lemma="dagoen" pos="X">dagoen</wf>
         <instance id="d000.s1038.t000" lemma="gai" pos="NOUN">gaia</instance>
         <wf lemma="gina" pos="X">gina</wf>
         <wf lemma="da" pos="X">da</wf>
         <wf lemma="." pos="X">.</wf>
      </sentence>
      <sentence id="d000.s1039" source="wordnet-basque">
         <wf lemma="berak" pos="X">berak</wf>
         <instance id="d000.s1039.t000" lemma="marka" pos="NOUN">marka</instance>
         <wf lemma="Olinpikoa" pos="X">Olinpikoa</wf>
         <wf lemma="gainditu" pos="X">gainditu</wf>
         <wf lemma="zuen" pos="X">zuen</wf>
         <wf lemma="." pos="X">.</wf>
      </sentence>
      <sentence id="d000.s1040" source="wordnet-basque">
         <wf lemma="Aierbek" pos="X">Aierbek</wf>
         <wf lemma="," pos="X">,</wf>
         <wf lemma="ordea" pos="X">ordea</wf>
         <wf lemma="," pos="X">,</wf>
         <wf lemma="60" pos="X">60</wf>
         <wf lemma="ontzako" pos="X">ontzako</wf>
         <wf lemma="bi" pos="X">bi</wf>
         <wf lemma="enborretako" pos="X">enborretako</wf>
         <instance id="d000.s1040.t000" lemma="epai" pos="NOUN">epaiak</instance>
         <wf lemma="itxi" pos="X">itxi</wf>
         <wf lemma="egin" pos="X">egin</wf>
         <wf lemma="zituen" pos="X">zituen</wf>
         <wf lemma="," pos="X">,</wf>
         <wf lemma="segundo" pos="X">segundo</wf>
         <wf lemma="asko" pos="X">asko</wf>
         <wf lemma="galdu" pos="X">galdu</wf>
         <wf lemma="zuen" pos="X">zuen</wf>
         <wf lemma="." pos="X">.</wf>
      </sentence>
      <sentence id="d000.s1041" source="wordnet-basque">
         <wf lemma="izadian" pos="X">izadian</wf>
         <wf lemma="integratuta" pos="X">integratuta</wf>
         <wf lemma="," pos="X">,</wf>
         <wf lemma="atlanteek" pos="X">atlanteek</wf>
         <wf lemma="izadiaren" pos="X">izadiaren</wf>
         <instance id="d000.s1041.t000" lemma="erritmo" pos="NOUN">erritmo</instance>
         <wf lemma="guztiak" pos="X">guztiak</wf>
         <wf lemma="beren" pos="X">beren</wf>
         <wf lemma="barne-taupadetako" pos="X">barne-taupadetako</wf>
         <wf lemma="bariazioetan" pos="X">bariazioetan</wf>
         <wf lemma="irakur" pos="X">irakur</wf>
         <wf lemma="zitzaketen" pos="X">zitzaketen</wf>
         <wf lemma="." pos="X">.</wf>
      </sentence>
      <sentence id="d000.s1042" source="wordnet-basque">
         <instance id="d000.s1042.t000" lemma="konponketa" pos="NOUN">konponketa</instance>
         <wf lemma="politikorako" pos="X">politikorako</wf>
         <wf lemma="abiapuntua" pos="X">abiapuntua</wf>
         <wf lemma="ontzat" pos="X">ontzat</wf>
         <wf lemma="ematen" pos="X">ematen</wf>
         <wf lemma="dugu" pos="X">dugu</wf>
         <wf lemma="." pos="X">.</wf>
      </sentence>
      <sentence id="d000.s1043" source="wordnet-basque">
         <wf lemma="aurrezki" pos="X">aurrezki</wf>
         <wf lemma="luzeetara" pos="X">luzeetara</wf>
         <wf lemma="bultzatu" pos="X">bultzatu</wf>
         <wf lemma="nahi" pos="X">nahi</wf>
         <wf lemma="dugu" pos="X">dugu</wf>
         <wf lemma="," pos="X">,</wf>
         <wf lemma="frantses" pos="X">frantses</wf>
         <wf lemma="familien" pos="X">familien</wf>
         <wf lemma="aurrezkiaren" pos="X">aurrezkiaren</wf>
         <instance id="d000.s1043.t000" lemma="zati" pos="NOUN">zati</instance>
         <wf lemma="handi" pos="X">handi</wf>
         <wf lemma="bat" pos="X">bat</wf>
         <wf lemma="enpresetara" pos="X">enpresetara</wf>
         <wf lemma="zuzentzeko" pos="X">zuzentzeko</wf>
         <wf lemma="eta" pos="X">eta</wf>
         <wf lemma="langileei" pos="X">langileei</wf>
         <wf lemma="enpresaren" pos="X">enpresaren</wf>
         <wf lemma="emaitzetan" pos="X">emaitzetan</wf>
         <wf lemma="gehiago" pos="X">gehiago</wf>
         <wf lemma="parte" pos="X">parte</wf>
         <wf lemma="hartzeko" pos="X">hartzeko</wf>
         <wf lemma="aukera" pos="X">aukera</wf>
         <wf lemma="emateko" pos="X">emateko</wf>
         <wf lemma="." pos="X">.</wf>
      </sentence>
      <sentence id="d000.s1044" source="wordnet-basque">
         <wf lemma="'Leucade-ren" pos="X">'Leucade-ren</wf>
         <wf lemma="saltoa" pos="X">saltoa</wf>
         <wf lemma="'" pos="X">'</wf>
         <wf lemma="izeneko" pos="X">izeneko</wf>
         <wf lemma="bilusik" pos="X">bilusik</wf>
         <wf lemma="fenemino" pos="X">fenemino</wf>
         <wf lemma="bat" pos="X">bat</wf>
         <wf lemma="," pos="X">,</wf>
         <wf lemma="Seravezzia-ko" pos="X">Seravezzia-ko</wf>
         <instance id="d000.s1044.t000" lemma="marmol" pos="NOUN">marmolean</instance>
         <wf lemma="dago" pos="X">dago</wf>
         <wf lemma="zizelatua" pos="X">zizelatua</wf>
         <wf lemma="." pos="X">.</wf>
      </sentence>
      <sentence id="d000.s1045" source="wordnet-basque">
         <instance id="d000.s1045.t000" lemma="huts" pos="NOUN">huts</instance>
         <wf lemma="absolutua" pos="X">absolutua</wf>
         <wf lemma="ezinezkoa" pos="X">ezinezkoa</wf>
         <wf lemma="dela" pos="X">dela</wf>
         <wf lemma="aldarrikatu" pos="X">aldarrikatu</wf>
         <wf lemma="zuen" pos="X">zuen</wf>
         <wf lemma="adituak" pos="X">adituak</wf>
         <wf lemma="." pos="X">.</wf>
      </sentence>
      <sentence id="d000.s1046" source="wordnet-basque">
         <wf lemma="negoziazio" pos="X">negoziazio</wf>
         <wf lemma="horiek" pos="X">horiek</wf>
         <wf lemma="irailean" pos="X">irailean</wf>
         <wf lemma="bukatu" pos="X">bukatu</wf>
         <wf lemma="beharra" pos="X">beharra</wf>
         <wf lemma="daukate" pos="X">daukate</wf>
         <wf lemma="Estatu" pos="X">Estatu</wf>
         <wf lemma="palestinarraren" pos="X">palestinarraren</wf>
         <instance id="d000.s1046.t000" lemma="aldarrikapen" pos="NOUN">aldarrikapenarekin</instance>
         <wf lemma="." pos="X">.</wf>
      </sentence>
      <sentence id="d000.s1047" source="wordnet-basque">
         <wf lemma="Simon" pos="X">Simon</wf>
         <wf lemma="," pos="X">,</wf>
         <wf lemma="ea" pos="X">ea</wf>
         <wf lemma="utzi" pos="X">utzi</wf>
         <instance id="d000.s1047.t000" lemma="bake" pos="NOUN">bakean</instance>
         <wf lemma="jendea" pos="X">jendea</wf>
         <wf lemma="." pos="X">.</wf>
      </sentence>
      <sentence id="d000.s1048" source="wordnet-basque">
         <wf lemma="Ian" pos="X">Ian</wf>
         <wf lemma="Paisleyk" pos="X">Paisleyk</wf>
         <wf lemma="ziurtatu" pos="X">ziurtatu</wf>
         <wf lemma="zuen" pos="X">zuen</wf>
         <wf lemma="IRAren" pos="X">IRAren</wf>
         <instance id="d000.s1048.t000" lemma="mehatxu" pos="NOUN">mehatxua</instance>
         <wf lemma="oraindik" pos="X">oraindik</wf>
         <wf lemma="ez" pos="X">ez</wf>
         <wf lemma="dela" pos="X">dela</wf>
         <wf lemma="desagertu" pos="X">desagertu</wf>
         <wf lemma="." pos="X">.</wf>
      </sentence>
      <sentence id="d000.s1049" source="wordnet-basque">
         <wf lemma="Mirandek" pos="X">Mirandek</wf>
         <wf lemma="gizabanako" pos="X">gizabanako</wf>
         <wf lemma="/" pos="X">/</wf>
         <wf lemma="gizarte" pos="X">gizarte</wf>
         <instance id="d000.s1049.t000" lemma="oposizio" pos="NOUN">oposizioaren</instance>
         <wf lemma="moduan" pos="X">moduan</wf>
         <wf lemma="planteatuko" pos="X">planteatuko</wf>
         <wf lemma="baitu" pos="X">baitu</wf>
         <wf lemma="moralaren" pos="X">moralaren</wf>
         <wf lemma="auzia" pos="X">auzia</wf>
         <wf lemma="." pos="X">.</wf>
      </sentence>
      <sentence id="d000.s1050" source="wordnet-basque">
         <wf lemma="grafien" pos="X">grafien</wf>
         <instance id="d000.s1050.t000" lemma="arazo" pos="NOUN">arazo</instance>
         <wf lemma="bat" pos="X">bat</wf>
         <wf lemma="badugu" pos="X">badugu</wf>
         <wf lemma="zubereraz" pos="X">zubereraz</wf>
         <wf lemma="," pos="X">,</wf>
         <wf lemma="noizbait" pos="X">noizbait</wf>
         <wf lemma="Euskaltzaindian" pos="X">Euskaltzaindian</wf>
         <wf lemma="aztertu" pos="X">aztertu</wf>
         <wf lemma="beharko" pos="X">beharko</wf>
         <wf lemma="duguna" pos="X">duguna</wf>
         <wf lemma="." pos="X">.</wf>
      </sentence>
      <sentence id="d000.s1051" source="wordnet-basque">
         <instance id="d000.s1051.t000" lemma="neska" pos="NOUN">neska</instance>
         <wf lemma="," pos="X">,</wf>
         <wf lemma="ez" pos="X">ez</wf>
         <wf lemma="zekinat" pos="X">zekinat</wf>
         <wf lemma="zein" pos="X">zein</wf>
         <wf lemma="deabruk" pos="X">deabruk</wf>
         <wf lemma="hartuta" pos="X">hartuta</wf>
         <wf lemma="hagon" pos="X">hagon</wf>
         <wf lemma="." pos="X">.</wf>
      </sentence>
      <sentence id="d000.s1052" source="wordnet-basque">
         <wf lemma="eredu" pos="X">eredu</wf>
         <wf lemma="horren" pos="X">horren</wf>
         <wf lemma="arabera" pos="X">arabera</wf>
         <wf lemma="," pos="X">,</wf>
         <instance id="d000.s1052.t000" lemma="petrolio" pos="NOUN">petrolioa</instance>
         <wf lemma="ez" pos="X">ez</wf>
         <wf lemma="da" pos="X">da</wf>
         <wf lemma="aberastasun" pos="X">aberastasun</wf>
         <wf lemma="iturri" pos="X">iturri</wf>
         <wf lemma="bakarra" pos="X">bakarra</wf>
         <wf lemma="izango" pos="X">izango</wf>
         <wf lemma="." pos="X">.</wf>
      </sentence>
      <sentence id="d000.s1053" source="wordnet-basque">
         <wf lemma="Fernando" pos="X">Fernando</wf>
         <wf lemma="Antsorenak" pos="X">Antsorenak</wf>
         <wf lemma="herriko" pos="X">herriko</wf>
         <wf lemma="banda" pos="X">banda</wf>
         <wf lemma="utzi" pos="X">utzi</wf>
         <wf lemma="zuen" pos="X">zuen</wf>
         <wf lemma="urte" pos="X">urte</wf>
         <wf lemma="berean" pos="X">berean</wf>
         <wf lemma="jaioko" pos="X">jaioko</wf>
         <wf lemma="zen" pos="X">zen</wf>
         <wf lemma="Patxi" pos="X">Patxi</wf>
         <wf lemma="Antsorenaren" pos="X">Antsorenaren</wf>
         <wf lemma="lehen" pos="X">lehen</wf>
         <instance id="d000.s1053.t000" lemma="seme" pos="NOUN">semea</instance>
         <wf lemma="Joxe" pos="X">Joxe</wf>
         <wf lemma="." pos="X">.</wf>
      </sentence>
      <sentence id="d000.s1054" source="wordnet-basque">
         <wf lemma="RTR" pos="X">RTR</wf>
         <wf lemma="telebista" pos="X">telebista</wf>
         <wf lemma="kateak" pos="X">kateak</wf>
         <wf lemma="zabaldutako" pos="X">zabaldutako</wf>
         <instance id="d000.s1054.t000" lemma="irudi" pos="NOUN">irudietan</instance>
         <wf lemma="," pos="X">,</wf>
         <wf lemma="Serjent-Iurtez" pos="X">Serjent-Iurtez</wf>
         <wf lemma="jabetu" pos="X">jabetu</wf>
         <wf lemma="diren" pos="X">diren</wf>
         <wf lemma="soldadu" pos="X">soldadu</wf>
         <wf lemma="errusiarrek" pos="X">errusiarrek</wf>
         <wf lemma="gerrilla" pos="X">gerrilla</wf>
         <wf lemma="txetxeniarraren" pos="X">txetxeniarraren</wf>
         <wf lemma="kanpaleku" pos="X">kanpaleku</wf>
         <wf lemma="bat" pos="X">bat</wf>
         <wf lemma="atzeman" pos="X">atzeman</wf>
         <wf lemma="zuten" pos="X">zuten</wf>
         <wf lemma="herri" pos="X">herri</wf>
         <wf lemma="hau" pos="X">hau</wf>
         <wf lemma="inguratzen" pos="X">inguratzen</wf>
         <wf lemma="duen" pos="X">duen</wf>
         <wf lemma="oihanean" pos="X">oihanean</wf>
         <wf lemma="ezkutaturik" pos="X">ezkutaturik</wf>
         <wf lemma="." pos="X">.</wf>
      </sentence>
      <sentence id="d000.s1055" source="wordnet-basque">
         <wf lemma="medikuen" pos="X">medikuen</wf>
         <instance id="d000.s1055.t000" lemma="txosten" pos="NOUN">txostenaren</instance>
         <wf lemma="arabera" pos="X">arabera</wf>
         <wf lemma="," pos="X">,</wf>
         <wf lemma="gauean" pos="X">gauean</wf>
         <wf lemma="haren" pos="X">haren</wf>
         <wf lemma="egoerak" pos="X">egoerak</wf>
         <wf lemma="okerrera" pos="X">okerrera</wf>
         <wf lemma="egin" pos="X">egin</wf>
         <wf lemma="zuen" pos="X">zuen</wf>
         <wf lemma="." pos="X">.</wf>
      </sentence>
      <sentence id="d000.s1056" source="wordnet-basque">
         <wf lemma="orain" pos="X">orain</wf>
         <wf lemma="," pos="X">,</wf>
         <wf lemma="foroa" pos="X">foroa</wf>
         <wf lemma="bildu" pos="X">bildu</wf>
         <wf lemma="eta" pos="X">eta</wf>
         <wf lemma="'denek" pos="X">'denek</wf>
         <wf lemma="'" pos="X">'</wf>
         <instance id="d000.s1056.t000" lemma="jarrera" pos="NOUN">jarrera</instance>
         <wf lemma="agertzea" pos="X">agertzea</wf>
         <wf lemma="'" pos="X">'</wf>
         <wf lemma="oso" pos="X">oso</wf>
         <wf lemma="beharrezkoa" pos="X">beharrezkoa</wf>
         <wf lemma="'" pos="X">'</wf>
         <wf lemma="dela" pos="X">dela</wf>
         <wf lemma="gaineratu" pos="X">gaineratu</wf>
         <wf lemma="zuen" pos="X">zuen</wf>
         <wf lemma="." pos="X">.</wf>
      </sentence>
      <sentence id="d000.s1057" source="wordnet-basque">
         <instance id="d000.s1057.t000" lemma="irribarre" pos="NOUN">irribarre</instance>
         <wf lemma="mazala" pos="X">mazala</wf>
         <wf lemma="erakusten" pos="X">erakusten</wf>
         <wf lemma="zuen" pos="X">zuen</wf>
         <wf lemma="," pos="X">,</wf>
         <wf lemma="oso" pos="X">oso</wf>
         <wf lemma="atsegina" pos="X">atsegina</wf>
         <wf lemma="zen" pos="X">zen</wf>
         <wf lemma="." pos="X">.</wf>
      </sentence>
      <sentence id="d000.s1058" source="wordnet-basque">
         <wf lemma="argiaren" pos="X">argiaren</wf>
         <wf lemma="eraginez" pos="X">eraginez</wf>
         <wf lemma="zenbait" pos="X">zenbait</wf>
         <wf lemma="materialek" pos="X">materialek</wf>
         <instance id="d000.s1058.t000" lemma="elektroi" pos="NOUN">elektroiak</instance>
         <wf lemma="aska" pos="X">aska</wf>
         <wf lemma="ditzake" pos="X">ditzake</wf>
         <wf lemma="." pos="X">.</wf>
      </sentence>
      <sentence id="d000.s1059" source="wordnet-basque">
         <wf lemma="berak" pos="X">berak</wf>
         <wf lemma="egiten" pos="X">egiten</wf>
         <wf lemma="zuen" pos="X">zuen</wf>
         <instance id="d000.s1059.t000" lemma="musika" pos="NOUN">musika</instance>
         <wf lemma="zen" pos="X">zen</wf>
         <wf lemma="bere" pos="X">bere</wf>
         <wf lemma="interesgunea" pos="X">interesgunea</wf>
         <wf lemma="." pos="X">.</wf>
      </sentence>
      <sentence id="d000.s1060" source="wordnet-basque">
         <instance id="d000.s1060.t000" lemma="oliobide" pos="NOUN">oliobide</instance>
         <wf lemma="baten" pos="X">baten</wf>
         <wf lemma="leherketak" pos="X">leherketak</wf>
         <wf lemma="30" pos="X">30</wf>
         <wf lemma="hildako" pos="X">hildako</wf>
         <wf lemma="eragin" pos="X">eragin</wf>
         <wf lemma="ditu" pos="X">ditu</wf>
         <wf lemma="gutxienez" pos="X">gutxienez</wf>
         <wf lemma="." pos="X">.</wf>
      </sentence>
      <sentence id="d000.s1061" source="wordnet-basque">
         <wf lemma="berehalaxe" pos="X">berehalaxe</wf>
         <wf lemma="etorri" pos="X">etorri</wf>
         <wf lemma="zen" pos="X">zen</wf>
         <instance id="d000.s1061.t000" lemma="aita" pos="NOUN">aita</instance>
         <wf lemma="mokoan" pos="X">mokoan</wf>
         <wf lemma="janaria" pos="X">janaria</wf>
         <wf lemma="zekarrela" pos="X">zekarrela</wf>
         <wf lemma="." pos="X">.</wf>
      </sentence>
      <sentence id="d000.s1062" source="wordnet-basque">
         <wf lemma="lehen" pos="X">lehen</wf>
         <wf lemma="zatian" pos="X">zatian</wf>
         <instance id="d000.s1062.t000" lemma="baloi" pos="NOUN">baloi</instance>
         <wf lemma="asko" pos="X">asko</wf>
         <wf lemma="galdu" pos="X">galdu</wf>
         <wf lemma="ditugu" pos="X">ditugu</wf>
         <wf lemma="." pos="X">.</wf>
      </sentence>
      <sentence id="d000.s1063" source="wordnet-basque">
         <wf lemma="Aralar" pos="X">Aralar</wf>
         <wf lemma="inguruko" pos="X">inguruko</wf>
         <wf lemma="Nafarroako" pos="X">Nafarroako</wf>
         <wf lemma="Larrungo" pos="X">Larrungo</wf>
         <wf lemma="bailarako" pos="X">bailarako</wf>
         <wf lemma="herrietakoek" pos="X">herrietakoek</wf>
         <wf lemma="," pos="X">,</wf>
         <instance id="d000.s1063.t000" lemma="mendi" pos="NOUN">mendian</instance>
         <wf lemma="," pos="X">,</wf>
         <wf lemma="komunalak" pos="X">komunalak</wf>
         <wf lemma="ziren" pos="X">ziren</wf>
         <wf lemma="belar" pos="X">belar</wf>
         <wf lemma="lurretan" pos="X">lurretan</wf>
         <wf lemma="eduki" pos="X">eduki</wf>
         <wf lemma="izan" pos="X">izan</wf>
         <wf lemma="dituzte" pos="X">dituzte</wf>
         <wf lemma="libre" pos="X">libre</wf>
         <wf lemma="artaldeak" pos="X">artaldeak</wf>
         <wf lemma="." pos="X">.</wf>
      </sentence>
      <sentence id="d000.s1064" source="wordnet-basque">
         <wf lemma="izurritea" pos="X">izurritea</wf>
         <wf lemma="oso" pos="X">oso</wf>
         <wf lemma="zabaldua" pos="X">zabaldua</wf>
         <wf lemma="badago" pos="X">badago</wf>
         <wf lemma="," pos="X">,</wf>
         <instance id="d000.s1064.t000" lemma="intsektizida" pos="NOUN">intsektizida</instance>
         <wf lemma="sistemiko" pos="X">sistemiko</wf>
         <wf lemma="batez" pos="X">batez</wf>
         <wf lemma="tratatu" pos="X">tratatu</wf>
         <wf lemma="." pos="X">.</wf>
      </sentence>
      <sentence id="d000.s1065" source="wordnet-basque">
         <wf lemma="odola" pos="X">odola</wf>
         <wf lemma="atera" pos="X">atera</wf>
         <wf lemma="baino" pos="X">baino</wf>
         <wf lemma="lehen" pos="X">lehen</wf>
         <wf lemma="," pos="X">,</wf>
         <wf lemma="emaileari" pos="X">emaileari</wf>
         <instance id="d000.s1065.t000" lemma="tentsio" pos="NOUN">tentsioa</instance>
         <wf lemma="hartzen" pos="X">hartzen</wf>
         <wf lemma="zaio" pos="X">zaio</wf>
         <wf lemma="eta" pos="X">eta</wf>
         <wf lemma="sendagileak" pos="X">sendagileak</wf>
         <wf lemma="zenbait" pos="X">zenbait</wf>
         <wf lemma="galdera" pos="X">galdera</wf>
         <wf lemma="egiten" pos="X">egiten</wf>
         <wf lemma="dizkio" pos="X">dizkio</wf>
         <wf lemma="." pos="X">.</wf>
      </sentence>
      <sentence id="d000.s1066" source="wordnet-basque">
         <wf lemma="benetako" pos="X">benetako</wf>
         <wf lemma="data" pos="X">data</wf>
         <wf lemma="ezagutzen" pos="X">ezagutzen</wf>
         <wf lemma="saiatuko" pos="X">saiatuko</wf>
         <wf lemma="da" pos="X">da</wf>
         <wf lemma="," pos="X">,</wf>
         <wf lemma="zenbait" pos="X">zenbait</wf>
         <wf lemma="zantzu" pos="X">zantzu</wf>
         <wf lemma="," pos="X">,</wf>
         <wf lemma="auzokoen" pos="X">auzokoen</wf>
         <wf lemma="adierazpenetan" pos="X">adierazpenetan</wf>
         <wf lemma="eta" pos="X">eta</wf>
         <instance id="d000.s1066.t000" lemma="planeta" pos="NOUN">planeten</instance>
         <wf lemma="," pos="X">,</wf>
         <wf lemma="ilargiaren" pos="X">ilargiaren</wf>
         <wf lemma="eta" pos="X">eta</wf>
         <wf lemma="izarren" pos="X">izarren</wf>
         <wf lemma="egoeretan" pos="X">egoeretan</wf>
         <wf lemma="oinarrituz" pos="X">oinarrituz</wf>
         <wf lemma="egingo" pos="X">egingo</wf>
         <wf lemma="du" pos="X">du</wf>
         <wf lemma="." pos="X">.</wf>
      </sentence>
      <sentence id="d000.s1067" source="wordnet-basque">
         <wf lemma="sakelean" pos="X">sakelean</wf>
         <wf lemma="bila" pos="X">bila</wf>
         <wf lemma="ibili" pos="X">ibili</wf>
         <wf lemma="eta" pos="X">eta</wf>
         <wf lemma="gero" pos="X">gero</wf>
         <wf lemma="hiru" pos="X">hiru</wf>
         <instance id="d000.s1067.t000" lemma="dolar" pos="NOUN">dolarreko</instance>
         <wf lemma="txartel" pos="X">txartel</wf>
         <wf lemma="zimur" pos="X">zimur</wf>
         <wf lemma="bat" pos="X">bat</wf>
         <wf lemma="eta" pos="X">eta</wf>
         <wf lemma="hamar" pos="X">hamar</wf>
         <wf lemma="xentimoko" pos="X">xentimoko</wf>
         <wf lemma="txanpon" pos="X">txanpon</wf>
         <wf lemma="bat" pos="X">bat</wf>
         <wf lemma="atera" pos="X">atera</wf>
         <wf lemma="zuen" pos="X">zuen</wf>
         <wf lemma="." pos="X">.</wf>
      </sentence>
      <sentence id="d000.s1068" source="wordnet-basque">
         <wf lemma="azken" pos="X">azken</wf>
         <instance id="d000.s1068.t000" lemma="denboraldi" pos="NOUN">denboraldi</instance>
         <wf lemma="honen" pos="X">honen</wf>
         <wf lemma="hasieran" pos="X">hasieran</wf>
         <wf lemma="jokalari" pos="X">jokalari</wf>
         <wf lemma="berri" pos="X">berri</wf>
         <wf lemma="asko" pos="X">asko</wf>
         <wf lemma="fitxatu" pos="X">fitxatu</wf>
         <wf lemma="ziren" pos="X">ziren</wf>
         <wf lemma="," pos="X">,</wf>
         <wf lemma="eta" pos="X">eta</wf>
         <wf lemma="taldearen" pos="X">taldearen</wf>
         <wf lemma="muina" pos="X">muina</wf>
         <wf lemma="mantentzeko" pos="X">mantentzeko</wf>
         <wf lemma="erabakia" pos="X">erabakia</wf>
         <wf lemma="." pos="X">.</wf>
      </sentence>
      <sentence id="d000.s1069" source="wordnet-basque">
         <wf lemma="sei" pos="X">sei</wf>
         <wf lemma="aldiz" pos="X">aldiz</wf>
         <wf lemma="igo" pos="X">igo</wf>
         <wf lemma="da" pos="X">da</wf>
         <instance id="d000.s1069.t000" lemma="podium" pos="NOUN">podiumera</instance>
         <wf lemma="gimnasta" pos="X">gimnasta</wf>
         <wf lemma="errusiarra" pos="X">errusiarra</wf>
         <wf lemma="," pos="X">,</wf>
         <wf lemma="bitan" pos="X">bitan</wf>
         <wf lemma="maila" pos="X">maila</wf>
         <wf lemma="altuenera" pos="X">altuenera</wf>
         <wf lemma="." pos="X">.</wf>
      </sentence>
      <sentence id="d000.s1070" source="wordnet-basque">
         <wf lemma="bateko" pos="X">bateko</wf>
         <instance id="d000.s1070.t000" lemma="bihotz" pos="NOUN">bihotz</instance>
         <wf lemma="." pos="X">.</wf>
      </sentence>
      <sentence id="d000.s1071" source="wordnet-basque">
         <instance id="d000.s1071.t000" lemma="aginte" pos="NOUN">aginte</instance>
         <wf lemma="militar" pos="X">militar</wf>
         <wf lemma="britainiarra" pos="X">britainiarra</wf>
         <wf lemma="eta" pos="X">eta</wf>
         <wf lemma="Nazio" pos="X">Nazio</wf>
         <wf lemma="Batuen" pos="X">Batuen</wf>
         <wf lemma="Sierra" pos="X">Sierra</wf>
         <wf lemma="Leonarako" pos="X">Leonarako</wf>
         <wf lemma="Misioa" pos="X">Misioa</wf>
         <wf lemma="sei" pos="X">sei</wf>
         <wf lemma="soldadu" pos="X">soldadu</wf>
         <wf lemma="britainiarrak" pos="X">britainiarrak</wf>
         <wf lemma="askatzeko" pos="X">askatzeko</wf>
         <wf lemma="ahaleginak" pos="X">ahaleginak</wf>
         <wf lemma="egiten" pos="X">egiten</wf>
         <wf lemma="jarraitzen" pos="X">jarraitzen</wf>
         <wf lemma="dute" pos="X">dute</wf>
         <wf lemma="." pos="X">.</wf>
      </sentence>
      <sentence id="d000.s1072" source="wordnet-basque">
         <wf lemma="mezuarekin" pos="X">mezuarekin</wf>
         <wf lemma="Aitor" pos="X">Aitor</wf>
         <wf lemma="bidali" pos="X">bidali</wf>
         <wf lemma="eta" pos="X">eta</wf>
         <wf lemma="Loidisaletxeren" pos="X">Loidisaletxeren</wf>
         <instance id="d000.s1072.t000" lemma="neska" pos="NOUN">neska</instance>
         <wf lemma="konkistatzera" pos="X">konkistatzera</wf>
         <wf lemma="doa" pos="X">doa</wf>
         <wf lemma="." pos="X">.</wf>
      </sentence>
      <sentence id="d000.s1073" source="wordnet-basque">
         <wf lemma="Supersonikoaren" pos="X">Supersonikoaren</wf>
         <instance id="d000.s1073.t000" lemma="ezkerralde" pos="NOUN">ezkerraldeko</instance>
         <wf lemma="lurreraratze" pos="X">lurreraratze</wf>
         <wf lemma="tresneriaren" pos="X">tresneriaren</wf>
         <wf lemma="pneumatiko" pos="X">pneumatiko</wf>
         <wf lemma="baten" pos="X">baten</wf>
         <wf lemma="lehertu" pos="X">lehertu</wf>
         <wf lemma="zen" pos="X">zen</wf>
         <wf lemma="." pos="X">.</wf>
      </sentence>
      <sentence id="d000.s1074" source="wordnet-basque">
         <instance id="d000.s1074.t000" lemma="preso" pos="NOUN">presoen</instance>
         <wf lemma="egoera" pos="X">egoera</wf>
         <wf lemma="gogorarazteko" pos="X">gogorarazteko</wf>
         <wf lemma="manifestazioa" pos="X">manifestazioa</wf>
         <wf lemma="egin" pos="X">egin</wf>
         <wf lemma="zuten" pos="X">zuten</wf>
         <wf lemma="." pos="X">.</wf>
      </sentence>
      <sentence id="d000.s1075" source="wordnet-basque">
         <wf lemma="Espainiako" pos="X">Espainiako</wf>
         <instance id="d000.s1075.t000" lemma="bizitza" pos="NOUN">bizitza</instance>
         <wf lemma="politikoa" pos="X">politikoa</wf>
         <wf lemma="nahasten" pos="X">nahasten</wf>
         <wf lemma="ari" pos="X">ari</wf>
         <wf lemma="zen" pos="X">zen</wf>
         <wf lemma="unetik" pos="X">unetik</wf>
         <wf lemma="unera" pos="X">unera</wf>
         <wf lemma="." pos="X">.</wf>
      </sentence>
      <sentence id="d000.s1076" source="wordnet-basque">
         <wf lemma="intsektuen" pos="X">intsektuen</wf>
         <instance id="d000.s1076.t000" lemma="mundu" pos="NOUN">mundua</instance>
         <wf lemma="." pos="X">.</wf>
      </sentence>
      <sentence id="d000.s1077" source="wordnet-basque">
         <wf lemma="Euskadi" pos="X">Euskadi</wf>
         <wf lemma="taldeko" pos="X">taldeko</wf>
         <wf lemma="zuzendaritzak" pos="X">zuzendaritzak</wf>
         <instance id="d000.s1077.t000" lemma="dimisio" pos="NOUN">dimisioa</instance>
         <wf lemma="aurkeztu" pos="X">aurkeztu</wf>
         <wf lemma="du" pos="X">du</wf>
         <wf lemma="." pos="X">.</wf>
      </sentence>
      <sentence id="d000.s1078" source="wordnet-basque">
         <wf lemma="kaleko" pos="X">kaleko</wf>
         <wf lemma="apainketa" pos="X">apainketa</wf>
         <wf lemma="laranjak" pos="X">laranjak</wf>
         <wf lemma="ken" pos="X">ken</wf>
         <wf lemma="ditzakegu" pos="X">ditzakegu</wf>
         <wf lemma="," pos="X">,</wf>
         <wf lemma="bandera" pos="X">bandera</wf>
         <wf lemma="laranjak" pos="X">laranjak</wf>
         <wf lemma="gorde" pos="X">gorde</wf>
         <wf lemma="eta" pos="X">eta</wf>
         <wf lemma="nire" pos="X">nire</wf>
         <instance id="d000.s1078.t000" lemma="txapel" pos="NOUN">txapela</instance>
         <wf lemma="laranja" pos="X">laranja</wf>
         <wf lemma="zakarrontzira" pos="X">zakarrontzira</wf>
         <wf lemma="bota" pos="X">bota</wf>
         <wf lemma="." pos="X">.</wf>
      </sentence>
      <sentence id="d000.s1079" source="wordnet-basque">
         <wf lemma="zineman" pos="X">zineman</wf>
         <instance id="d000.s1079.t000" lemma="fikzio" pos="NOUN">fikziozko</instance>
         <wf lemma="errealitateak" pos="X">errealitateak</wf>
         <wf lemma="erakusten" pos="X">erakusten</wf>
         <wf lemma="zaizkigu" pos="X">zaizkigu</wf>
         <wf lemma="," pos="X">,</wf>
         <wf lemma="baina" pos="X">baina</wf>
         <wf lemma="zoritxarrez" pos="X">zoritxarrez</wf>
         <wf lemma="errealitateak" pos="X">errealitateak</wf>
         <wf lemma="fikzioa" pos="X">fikzioa</wf>
         <wf lemma="gainditzen" pos="X">gainditzen</wf>
         <wf lemma="du" pos="X">du</wf>
         <wf lemma="beti" pos="X">beti</wf>
         <wf lemma="." pos="X">.</wf>
      </sentence>
      <sentence id="d000.s1080" source="wordnet-basque">
         <wf lemma="juratu" pos="X">juratu</wf>
         <wf lemma="batek" pos="X">batek</wf>
         <wf lemma="ez" pos="X">ez</wf>
         <wf lemma="badu" pos="X">badu</wf>
         <wf lemma="onartzen" pos="X">onartzen</wf>
         <wf lemma="," pos="X">,</wf>
         <wf lemma="ordezkoari" pos="X">ordezkoari</wf>
         <wf lemma="deituko" pos="X">deituko</wf>
         <wf lemma="dio" pos="X">dio</wf>
         <instance id="d000.s1080.t000" lemma="magistratu" pos="NOUN">magistratuak</instance>
         <wf lemma="." pos="X">.</wf>
      </sentence>
      <sentence id="d000.s1081" source="wordnet-basque">
         <wf lemma="produktuaren" pos="X">produktuaren</wf>
         <instance id="d000.s1081.t000" lemma="tanto" pos="NOUN">tanto</instance>
         <wf lemma="bat" pos="X">bat</wf>
         <wf lemma="belarriaren" pos="X">belarriaren</wf>
         <wf lemma="atzealdean" pos="X">atzealdean</wf>
         <wf lemma="bi" pos="X">bi</wf>
         <wf lemma="egunez" pos="X">egunez</wf>
         <wf lemma="ipini" pos="X">ipini</wf>
         <wf lemma="behar" pos="X">behar</wf>
         <wf lemma="da" pos="X">da</wf>
         <wf lemma="," pos="X">,</wf>
         <wf lemma="arazorik" pos="X">arazorik</wf>
         <wf lemma="ondorioztatuko" pos="X">ondorioztatuko</wf>
         <wf lemma="ez" pos="X">ez</wf>
         <wf lemma="digula" pos="X">digula</wf>
         <wf lemma="segurtatzeko" pos="X">segurtatzeko</wf>
         <wf lemma="." pos="X">.</wf>
      </sentence>
      <sentence id="d000.s1082" source="wordnet-basque">
         <instance id="d000.s1082.t000" lemma="ahizpa" pos="NOUN">Ahizpa</instance>
         <wf lemma="Margarita" pos="X">Margarita</wf>
         <wf lemma="." pos="X">.</wf>
      </sentence>
      <sentence id="d000.s1083" source="wordnet-basque">
         <wf lemma="Itzali" pos="X">Itzali</wf>
         <wf lemma="izeneko" pos="X">izeneko</wf>
         <wf lemma="operazio" pos="X">operazio</wf>
         <wf lemma="horren" pos="X">horren</wf>
         <instance id="d000.s1083.t000" lemma="oinarri" pos="NOUN">oinarri</instance>
         <wf lemma="Piztu" pos="X">Piztu</wf>
         <wf lemma="izeneko" pos="X">izeneko</wf>
         <wf lemma="txosten" pos="X">txosten</wf>
         <wf lemma="bat" pos="X">bat</wf>
         <wf lemma="izan" pos="X">izan</wf>
         <wf lemma="zen" pos="X">zen</wf>
         <wf lemma="," pos="X">,</wf>
         <wf lemma="eta" pos="X">eta</wf>
         <wf lemma="Garzonek" pos="X">Garzonek</wf>
         <wf lemma="ETArena" pos="X">ETArena</wf>
         <wf lemma="zela" pos="X">zela</wf>
         <wf lemma="esan" pos="X">esan</wf>
         <wf lemma="zuen" pos="X">zuen</wf>
         <wf lemma="." pos="X">.</wf>
      </sentence>
      <sentence id="d000.s1084" source="wordnet-basque">
         <wf lemma="eskaera" pos="X">eskaera</wf>
         <wf lemma="talde" pos="X">talde</wf>
         <wf lemma="armatuko" pos="X">armatuko</wf>
         <wf lemma="kidea" pos="X">kidea</wf>
         <wf lemma="izateagatik" pos="X">izateagatik</wf>
         <wf lemma="," pos="X">,</wf>
         <instance id="d000.s1084.t000" lemma="hilketa" pos="NOUN">hilketa</instance>
         <wf lemma="saioa" pos="X">saioa</wf>
         <wf lemma="egiteagatik" pos="X">egiteagatik</wf>
         <wf lemma="eta" pos="X">eta</wf>
         <wf lemma="armak" pos="X">armak</wf>
         <wf lemma="izateagatik" pos="X">izateagatik</wf>
         <wf lemma="onartu" pos="X">onartu</wf>
         <wf lemma="dute" pos="X">dute</wf>
         <wf lemma="." pos="X">.</wf>
      </sentence>
      <sentence id="d000.s1085" source="wordnet-basque">
         <wf lemma="baina" pos="X">baina</wf>
         <instance id="d000.s1085.t000" lemma="erreformista" pos="NOUN">erreformistatzat</instance>
         <wf lemma="jo" pos="X">jo</wf>
         <wf lemma="zuen" pos="X">zuen</wf>
         <wf lemma="bere" pos="X">bere</wf>
         <wf lemma="burua" pos="X">burua</wf>
         <wf lemma="," pos="X">,</wf>
         <wf lemma="jadanik" pos="X">jadanik</wf>
         <wf lemma="ezagunak" pos="X">ezagunak</wf>
         <wf lemma="diren" pos="X">diren</wf>
         <wf lemma="argudioak" pos="X">argudioak</wf>
         <wf lemma="erabiliz" pos="X">erabiliz</wf>
         <wf lemma="." pos="X">.</wf>
      </sentence>
      <sentence id="d000.s1086" source="wordnet-basque">
         <wf lemma="aipatutako" pos="X">aipatutako</wf>
         <wf lemma="Carey" pos="X">Carey</wf>
         <wf lemma="," pos="X">,</wf>
         <wf lemma="Keneally" pos="X">Keneally</wf>
         <wf lemma="," pos="X">,</wf>
         <wf lemma="Malouf" pos="X">Malouf</wf>
         <wf lemma="eta" pos="X">eta</wf>
         <wf lemma="Witton" pos="X">Witton</wf>
         <wf lemma="gaur" pos="X">gaur</wf>
         <wf lemma="egungo" pos="X">egungo</wf>
         <wf lemma="idazle" pos="X">idazle</wf>
         <wf lemma="ezagunak" pos="X">ezagunak</wf>
         <wf lemma="dira" pos="X">dira</wf>
         <wf lemma="," pos="X">,</wf>
         <wf lemma="baina" pos="X">baina</wf>
         <wf lemma="hauen" pos="X">hauen</wf>
         <wf lemma="aurretik" pos="X">aurretik</wf>
         <wf lemma="," pos="X">,</wf>
         <wf lemma="duela" pos="X">duela</wf>
         <wf lemma="zenbait" pos="X">zenbait</wf>
         <wf lemma="urte" pos="X">urte</wf>
         <wf lemma="arte" pos="X">arte</wf>
         <wf lemma="zenbait" pos="X">zenbait</wf>
         <wf lemma="idazlek" pos="X">idazlek</wf>
         <instance id="d000.s1086.t000" lemma="eredu" pos="NOUN">eredua</instance>
         <wf lemma="ezarri" pos="X">ezarri</wf>
         <wf lemma="dute" pos="X">dute</wf>
         <wf lemma="." pos="X">.</wf>
      </sentence>
      <sentence id="d000.s1087" source="wordnet-basque">
         <wf lemma="Antoine" pos="X">Antoine</wf>
         <wf lemma="Lavoisier" pos="X">Lavoisier</wf>
         <wf lemma="'" pos="X">'</wf>
         <wf lemma="Kimikaren" pos="X">Kimikaren</wf>
         <instance id="d000.s1087.t000" lemma="aita" pos="NOUN">aita</instance>
         <wf lemma="'" pos="X">'</wf>
         <wf lemma="izan" pos="X">izan</wf>
         <wf lemma="zen" pos="X">zen</wf>
         <wf lemma="flogistoaren" pos="X">flogistoaren</wf>
         <wf lemma="teoria" pos="X">teoria</wf>
         <wf lemma="behera" pos="X">behera</wf>
         <wf lemma="bota" pos="X">bota</wf>
         <wf lemma="zuena" pos="X">zuena</wf>
         <wf lemma="." pos="X">.</wf>
      </sentence>
      <sentence id="d000.s1088" source="wordnet-basque">
         <wf lemma="beso" pos="X">beso</wf>
         <wf lemma="ezkerrez" pos="X">ezkerrez</wf>
         <wf lemma="besarkatuko" pos="X">besarkatuko</wf>
         <wf lemma="du" pos="X">du</wf>
         <wf lemma="," pos="X">,</wf>
         <wf lemma="gizonak" pos="X">gizonak</wf>
         <wf lemma="berak" pos="X">berak</wf>
         <wf lemma="eutsiko" pos="X">eutsiko</wf>
         <wf lemma="dion" pos="X">dion</wf>
         <instance id="d000.s1088.t000" lemma="kopa" pos="NOUN">kopa</instance>
         <wf lemma="batean" pos="X">batean</wf>
         <wf lemma="emango" pos="X">emango</wf>
         <wf lemma="dio" pos="X">dio</wf>
         <wf lemma="edaria" pos="X">edaria</wf>
         <wf lemma="hitz" pos="X">hitz</wf>
         <wf lemma="goxoak" pos="X">goxoak</wf>
         <wf lemma="murmuriatzen" pos="X">murmuriatzen</wf>
         <wf lemma="dizkion" pos="X">dizkion</wf>
         <wf lemma="bitartean" pos="X">bitartean</wf>
         <wf lemma="." pos="X">.</wf>
      </sentence>
      <sentence id="d000.s1089" source="wordnet-basque">
         <wf lemma="Forsythek" pos="X">Forsythek</wf>
         <wf lemma="arriskarazten" pos="X">arriskarazten</wf>
         <wf lemma="die" pos="X">die</wf>
         <wf lemma="bere" pos="X">bere</wf>
         <wf lemma="dantzariei" pos="X">dantzariei</wf>
         <wf lemma="," pos="X">,</wf>
         <wf lemma="ia" pos="X">ia</wf>
         <instance id="d000.s1089.t000" lemma="pauso" pos="NOUN">pauso</instance>
         <wf lemma="klasikoak" pos="X">klasikoak</wf>
         <wf lemma="desitxuratzeraino" pos="X">desitxuratzeraino</wf>
         <wf lemma="." pos="X">.</wf>
      </sentence>
      <sentence id="d000.s1090" source="wordnet-basque">
         <wf lemma="bi" pos="X">bi</wf>
         <instance id="d000.s1090.t000" lemma="ibai" pos="NOUN">ibai</instance>
         <wf lemma="hauek" pos="X">hauek</wf>
         <wf lemma="aproposak" pos="X">aproposak</wf>
         <wf lemma="dira" pos="X">dira</wf>
         <wf lemma="amuarrainak" pos="X">amuarrainak</wf>
         <wf lemma="arrantzarako" pos="X">arrantzarako</wf>
         <wf lemma="ere" pos="X">ere</wf>
         <wf lemma="." pos="X">.</wf>
      </sentence>
      <sentence id="d000.s1091" source="wordnet-basque">
         <wf lemma="atomoa" pos="X">atomoa</wf>
         <wf lemma="edozein" pos="X">edozein</wf>
         <instance id="d000.s1091.t000" lemma="gai" pos="NOUN">gairen</instance>
         <wf lemma="unitaterik" pos="X">unitaterik</wf>
         <wf lemma="txikiena" pos="X">txikiena</wf>
         <wf lemma="da" pos="X">da</wf>
         <wf lemma="." pos="X">.</wf>
      </sentence>
      <sentence id="d000.s1092" source="wordnet-basque">
         <wf lemma="Roissy" pos="X">Roissy</wf>
         <wf lemma="aireportuko" pos="X">aireportuko</wf>
         <wf lemma="pistan" pos="X">pistan</wf>
         <wf lemma="ez" pos="X">ez</wf>
         <wf lemma="zen" pos="X">zen</wf>
         <wf lemma="egin" pos="X">egin</wf>
         <wf lemma="eguneko" pos="X">eguneko</wf>
         <wf lemma="hirugarren" pos="X">hirugarren</wf>
         <wf lemma="miaketa" pos="X">miaketa</wf>
         <wf lemma="," pos="X">,</wf>
         <wf lemma="sute" pos="X">sute</wf>
         <wf lemma="bati" pos="X">bati</wf>
         <wf lemma="aurre" pos="X">aurre</wf>
         <wf lemma="egiteko" pos="X">egiteko</wf>
         <instance id="d000.s1092.t000" lemma="proba" pos="NOUN">proba</instance>
         <wf lemma="batez" pos="X">batez</wf>
         <wf lemma="ordezkatua" pos="X">ordezkatua</wf>
         <wf lemma="izan" pos="X">izan</wf>
         <wf lemma="baitzen" pos="X">baitzen</wf>
         <wf lemma="." pos="X">.</wf>
      </sentence>
      <sentence id="d000.s1093" source="wordnet-basque">
         <wf lemma="bai" pos="X">bai</wf>
         <wf lemma="Bovek" pos="X">Bovek</wf>
         <wf lemma="," pos="X">,</wf>
         <wf lemma="bai" pos="X">bai</wf>
         <wf lemma="akusatutako" pos="X">akusatutako</wf>
         <wf lemma="beste" pos="X">beste</wf>
         <wf lemma="kideek" pos="X">kideek</wf>
         <wf lemma="ekintzaren" pos="X">ekintzaren</wf>
         <instance id="d000.s1093.t000" lemma="ardura" pos="NOUN">ardura</instance>
         <wf lemma="bere" pos="X">bere</wf>
         <wf lemma="gain" pos="X">gain</wf>
         <wf lemma="hartu" pos="X">hartu</wf>
         <wf lemma="zuten" pos="X">zuten</wf>
         <wf lemma="." pos="X">.</wf>
      </sentence>
      <sentence id="d000.s1094" source="wordnet-basque">
         <wf lemma="horrela" pos="X">horrela</wf>
         <wf lemma="gertatzen" pos="X">gertatzen</wf>
         <wf lemma="da" pos="X">da</wf>
         <wf lemma="," pos="X">,</wf>
         <wf lemma="esate" pos="X">esate</wf>
         <wf lemma="baterako" pos="X">baterako</wf>
         <wf lemma="," pos="X">,</wf>
         <wf lemma="atmosferako" pos="X">atmosferako</wf>
         <wf lemma="hezetasunarekin" pos="X">hezetasunarekin</wf>
         <wf lemma="," pos="X">,</wf>
         <wf lemma="edo" pos="X">edo</wf>
         <wf lemma="eguzkiak" pos="X">eguzkiak</wf>
         <wf lemma="lurrazala" pos="X">lurrazala</wf>
         <wf lemma="lehortzen" pos="X">lehortzen</wf>
         <wf lemma="duen" pos="X">duen</wf>
         <instance id="d000.s1094.t000" lemma="kasu" pos="NOUN">kasuetan</instance>
         <wf lemma="." pos="X">.</wf>
      </sentence>
      <sentence id="d000.s1095" source="wordnet-basque">
         <wf lemma="aditzaren" pos="X">aditzaren</wf>
         <wf lemma="denbora" pos="X">denbora</wf>
         <wf lemma="," pos="X">,</wf>
         <wf lemma="aldia" pos="X">aldia</wf>
         <wf lemma="edo" pos="X">edo</wf>
         <instance id="d000.s1095.t000" lemma="modu" pos="NOUN">modua</instance>
         <wf lemma="bereizten" pos="X">bereizten</wf>
         <wf lemma="daki" pos="X">daki</wf>
         <wf lemma="." pos="X">.</wf>
      </sentence>
      <sentence id="d000.s1096" source="wordnet-basque">
         <wf lemma="Kostunicak" pos="X">Kostunicak</wf>
         <wf lemma="maiz" pos="X">maiz</wf>
         <wf lemma="esan" pos="X">esan</wf>
         <wf lemma="du" pos="X">du</wf>
         <wf lemma="ez" pos="X">ez</wf>
         <wf lemma="duela" pos="X">duela</wf>
         <wf lemma="halakorik" pos="X">halakorik</wf>
         <wf lemma="egingo" pos="X">egingo</wf>
         <wf lemma="," pos="X">,</wf>
         <instance id="d000.s1096.t000" lemma="aginte" pos="NOUN">agintea</instance>
         <wf lemma="berak" pos="X">berak</wf>
         <wf lemma="hartzen" pos="X">hartzen</wf>
         <wf lemma="badu" pos="X">badu</wf>
         <wf lemma="." pos="X">.</wf>
      </sentence>
      <sentence id="d000.s1097" source="wordnet-basque">
         <wf lemma="ez" pos="X">ez</wf>
         <wf lemma="egin" pos="X">egin</wf>
         <instance id="d000.s1097.t000" lemma="ilusio" pos="NOUN">ilusio</instance>
         <wf lemma="handirik" pos="X">handirik</wf>
         <wf lemma="zuek" pos="X">zuek</wf>
         <wf lemma="," pos="X">,</wf>
         <wf lemma="faltsuak" pos="X">faltsuak</wf>
         <wf lemma="izango" pos="X">izango</wf>
         <wf lemma="direlako" pos="X">direlako</wf>
         <wf lemma="." pos="X">.</wf>
      </sentence>
      <sentence id="d000.s1098" source="wordnet-basque">
         <wf lemma="Alvarok" pos="X">Alvarok</wf>
         <wf lemma="lortu" pos="X">lortu</wf>
         <wf lemma="du" pos="X">du</wf>
         <wf lemma="azkenean" pos="X">azkenean</wf>
         <instance id="d000.s1098.t000" lemma="etapa" pos="NOUN">etapa</instance>
         <wf lemma="handi" pos="X">handi</wf>
         <wf lemma="bat" pos="X">bat</wf>
         <wf lemma="irabaztea" pos="X">irabaztea</wf>
         <wf lemma="," pos="X">,</wf>
         <wf lemma="ihesaldi" pos="X">ihesaldi</wf>
         <wf lemma="luze" pos="X">luze</wf>
         <wf lemma="bat" pos="X">bat</wf>
         <wf lemma="burutu" pos="X">burutu</wf>
         <wf lemma="ondoren" pos="X">ondoren</wf>
         <wf lemma="." pos="X">.</wf>
      </sentence>
      <sentence id="d000.s1099" source="wordnet-basque">
         <wf lemma="hegazti" pos="X">hegazti</wf>
         <wf lemma="gortesaugoak" pos="X">gortesaugoak</wf>
         <wf lemma="zeruaren" pos="X">zeruaren</wf>
         <wf lemma="eta" pos="X">eta</wf>
         <instance id="d000.s1099.t000" lemma="lur" pos="NOUN">lurraren</instance>
         <wf lemma="arteko" pos="X">arteko</wf>
         <wf lemma="mandatariak" pos="X">mandatariak</wf>
         <wf lemma="," pos="X">,</wf>
         <wf lemma="berpiztearen" pos="X">berpiztearen</wf>
         <wf lemma="errepresentazioak" pos="X">errepresentazioak</wf>
         <wf lemma="dira" pos="X">dira</wf>
         <wf lemma="." pos="X">.</wf>
      </sentence>
      <sentence id="d000.s1100" source="wordnet-basque">
         <wf lemma="errioxarraren" pos="X">errioxarraren</wf>
         <wf lemma="tokian" pos="X">tokian</wf>
         <wf lemma="Asier" pos="X">Asier</wf>
         <wf lemma="Olaizola" pos="X">Olaizola</wf>
         <wf lemma="ariko" pos="X">ariko</wf>
         <wf lemma="da" pos="X">da</wf>
         <wf lemma="," pos="X">,</wf>
         <wf lemma="eta" pos="X">eta</wf>
         <wf lemma="Oscar" pos="X">Oscar</wf>
         <wf lemma="Lasa" pos="X">Lasa</wf>
         <wf lemma="hartu" pos="X">hartu</wf>
         <wf lemma="du" pos="X">du</wf>
         <instance id="d000.s1100.t000" lemma="bikote" pos="NOUN">bikote</instance>
         <wf lemma="." pos="X">.</wf>
      </sentence>
      <sentence id="d000.s1101" source="wordnet-basque">
         <wf lemma="PPk" pos="X">PPk</wf>
         <instance id="d000.s1101.t000" lemma="azalpen" pos="NOUN">azalpenak</instance>
         <wf lemma="eskatu" pos="X">eskatu</wf>
         <wf lemma="dizkio" pos="X">dizkio</wf>
         <wf lemma="Ibarretxeri" pos="X">Ibarretxeri</wf>
         <wf lemma="," pos="X">,</wf>
         <wf lemma="EAk" pos="X">EAk</wf>
         <wf lemma="larunbateko" pos="X">larunbateko</wf>
         <wf lemma="manifestazioan" pos="X">manifestazioan</wf>
         <wf lemma="parte" pos="X">parte</wf>
         <wf lemma="hartu" pos="X">hartu</wf>
         <wf lemma="zuelako" pos="X">zuelako</wf>
         <wf lemma="." pos="X">.</wf>
      </sentence>
      <sentence id="d000.s1102" source="wordnet-basque">
         <wf lemma="oraingoan" pos="X">oraingoan</wf>
         <wf lemma="ez" pos="X">ez</wf>
         <wf lemma="naiz" pos="X">naiz</wf>
         <wf lemma="ni" pos="X">ni</wf>
         <wf lemma="galtzailea" pos="X">galtzailea</wf>
         <wf lemma="izanen" pos="X">izanen</wf>
         <wf lemma="," pos="X">,</wf>
         <wf lemma="ez" pos="X">ez</wf>
         <wf lemma="behintzat" pos="X">behintzat</wf>
         <wf lemma="Magnum" pos="X">Magnum</wf>
         <wf lemma="45" pos="X">45</wf>
         <wf lemma="honen" pos="X">honen</wf>
         <instance id="d000.s1102.t000" lemma="jabe" pos="NOUN">jabe</instance>
         <wf lemma="izan" pos="X">izan</wf>
         <wf lemma="bitartean" pos="X">bitartean</wf>
         <wf lemma="." pos="X">.</wf>
      </sentence>
      <sentence id="d000.s1103" source="wordnet-basque">
         <wf lemma="gobernuak" pos="X">gobernuak</wf>
         <wf lemma="esan" pos="X">esan</wf>
         <wf lemma="duenez" pos="X">duenez</wf>
         <wf lemma="," pos="X">,</wf>
         <wf lemma="herrialdeko" pos="X">herrialdeko</wf>
         <instance id="d000.s1103.t000" lemma="eremu" pos="NOUN">eremu</instance>
         <wf lemma="ugari" pos="X">ugari</wf>
         <wf lemma="daude" pos="X">daude</wf>
         <wf lemma="uraren" pos="X">uraren</wf>
         <wf lemma="azpian" pos="X">azpian</wf>
         <wf lemma="eta" pos="X">eta</wf>
         <wf lemma="datorren" pos="X">datorren</wf>
         <wf lemma="asteetan" pos="X">asteetan</wf>
         <wf lemma="ere" pos="X">ere</wf>
         <wf lemma="hala" pos="X">hala</wf>
         <wf lemma="egongo" pos="X">egongo</wf>
         <wf lemma="dira" pos="X">dira</wf>
         <wf lemma="." pos="X">.</wf>
      </sentence>
      <sentence id="d000.s1104" source="wordnet-basque">
         <wf lemma="azken" pos="X">azken</wf>
         <wf lemma="garaiotan" pos="X">garaiotan</wf>
         <wf lemma="," pos="X">,</wf>
         <wf lemma="gerrillari" pos="X">gerrillari</wf>
         <wf lemma="txetxeniarren" pos="X">txetxeniarren</wf>
         <instance id="d000.s1104.t000" lemma="eraso" pos="NOUN">erasoak</instance>
         <wf lemma="ugaldu" pos="X">ugaldu</wf>
         <wf lemma="egin" pos="X">egin</wf>
         <wf lemma="dira" pos="X">dira</wf>
         <wf lemma="." pos="X">.</wf>
      </sentence>
      <sentence id="d000.s1105" source="wordnet-basque">
         <wf lemma="labetik" pos="X">labetik</wf>
         <wf lemma="atera" pos="X">atera</wf>
         <wf lemma="baino" pos="X">baino</wf>
         <wf lemma="hamar" pos="X">hamar</wf>
         <instance id="d000.s1105.t000" lemma="minutu" pos="NOUN">minutu</instance>
         <wf lemma="lehenago" pos="X">lehenago</wf>
         <wf lemma="jarri" pos="X">jarri</wf>
         <wf lemma="mahaspasak" pos="X">mahaspasak</wf>
         <wf lemma="." pos="X">.</wf>
      </sentence>
      <sentence id="d000.s1106" source="wordnet-basque">
         <wf lemma="EAJko" pos="X">EAJko</wf>
         <wf lemma="kideak" pos="X">kideak</wf>
         <wf lemma="abertzaleen" pos="X">abertzaleen</wf>
         <wf lemma="arteko" pos="X">arteko</wf>
         <instance id="d000.s1106.t000" lemma="adostasun" pos="NOUN">adostasuna</instance>
         <wf lemma="aldarrikatu" pos="X">aldarrikatu</wf>
         <wf lemma="zuen" pos="X">zuen</wf>
         <wf lemma="," pos="X">,</wf>
         <wf lemma="distentsioa" pos="X">distentsioa</wf>
         <wf lemma="ahalbidetzeko" pos="X">ahalbidetzeko</wf>
         <wf lemma="." pos="X">.</wf>
      </sentence>
      <sentence id="d000.s1107" source="wordnet-basque">
         <wf lemma="hitz" pos="X">hitz</wf>
         <wf lemma="hauek" pos="X">hauek</wf>
         <instance id="d000.s1107.t000" lemma="mehatxu" pos="NOUN">mehatxua</instance>
         <wf lemma="direla" pos="X">direla</wf>
         <wf lemma="argudiatu" pos="X">argudiatu</wf>
         <wf lemma="zuen" pos="X">zuen</wf>
         <wf lemma="kasuko" pos="X">kasuko</wf>
         <wf lemma="fiskalak" pos="X">fiskalak</wf>
         <wf lemma="." pos="X">.</wf>
      </sentence>
      <sentence id="d000.s1108" source="wordnet-basque">
         <wf lemma="partxiza" pos="X">partxiza</wf>
         <wf lemma=":" pos="X">:</wf>
         <instance id="d000.s1108.t000" lemma="arau" pos="NOUN">arau</instance>
         <wf lemma="eztabaidagarriak" pos="X">eztabaidagarriak</wf>
         <wf lemma="dituen" pos="X">dituen</wf>
         <wf lemma="jokoa" pos="X">jokoa</wf>
         <wf lemma="." pos="X">.</wf>
      </sentence>
      <sentence id="d000.s1109" source="wordnet-basque">
         <wf lemma="euria" pos="X">euria</wf>
         <wf lemma="eta" pos="X">eta</wf>
         <wf lemma="txingorra" pos="X">txingorra</wf>
         <wf lemma="jasan" pos="X">jasan</wf>
         <wf lemma="behar" pos="X">behar</wf>
         <wf lemma="izan" pos="X">izan</wf>
         <wf lemma="zituzten" pos="X">zituzten</wf>
         <instance id="d000.s1109.t000" lemma="txirrindulari" pos="NOUN">txirrindulariek</instance>
         <wf lemma="," pos="X">,</wf>
         <wf lemma="eta" pos="X">eta</wf>
         <wf lemma="epaileek" pos="X">epaileek</wf>
         <wf lemma="lasterketa" pos="X">lasterketa</wf>
         <wf lemma="neutralizatzea" pos="X">neutralizatzea</wf>
         <wf lemma="erabaki" pos="X">erabaki</wf>
         <wf lemma="zuten" pos="X">zuten</wf>
         <wf lemma="." pos="X">.</wf>
      </sentence>
      <sentence id="d000.s1110" source="wordnet-basque">
         <wf lemma="beraien" pos="X">beraien</wf>
         <wf lemma="helburua" pos="X">helburua</wf>
         <instance id="d000.s1110.t000" lemma="epaiketa" pos="NOUN">epaiketari</instance>
         <wf lemma="buelta" pos="X">buelta</wf>
         <wf lemma="eman" pos="X">eman</wf>
         <wf lemma="eta" pos="X">eta</wf>
         <wf lemma="Espainiako" pos="X">Espainiako</wf>
         <wf lemma="espetxe" pos="X">espetxe</wf>
         <wf lemma="politika" pos="X">politika</wf>
         <wf lemma="auzitan" pos="X">auzitan</wf>
         <wf lemma="jartzea" pos="X">jartzea</wf>
         <wf lemma="dela" pos="X">dela</wf>
         <wf lemma="azaldu" pos="X">azaldu</wf>
         <wf lemma="dute" pos="X">dute</wf>
         <wf lemma="." pos="X">.</wf>
      </sentence>
      <sentence id="d000.s1111" source="wordnet-basque">
         <wf lemma="entrenatzaileak" pos="X">entrenatzaileak</wf>
         <instance id="d000.s1111.t000" lemma="atseden" pos="NOUN">atsedena</instance>
         <wf lemma="eman" pos="X">eman</wf>
         <wf lemma="die" pos="X">die</wf>
         <wf lemma="jokalariei" pos="X">jokalariei</wf>
         <wf lemma="gaurko" pos="X">gaurko</wf>
         <wf lemma="eta" pos="X">eta</wf>
         <wf lemma="biharko" pos="X">biharko</wf>
         <wf lemma="." pos="X">.</wf>
      </sentence>
      <sentence id="d000.s1112" source="wordnet-basque">
         <wf lemma="lasaitasunezko" pos="X">lasaitasunezko</wf>
         <wf lemma="irribarrea" pos="X">irribarrea</wf>
         <wf lemma="agertu" pos="X">agertu</wf>
         <wf lemma="zen" pos="X">zen</wf>
         <instance id="d000.s1112.t000" lemma="kabo" pos="NOUN">kaboaren</instance>
         <wf lemma="aurpegian" pos="X">aurpegian</wf>
         <wf lemma="." pos="X">.</wf>
      </sentence>
      <sentence id="d000.s1113" source="wordnet-basque">
         <wf lemma="eskuizkribuaren" pos="X">eskuizkribuaren</wf>
         <instance id="d000.s1113.t000" lemma="zati" pos="NOUN">zati</instance>
         <wf lemma="bat" pos="X">bat</wf>
         <wf lemma="irakurri" pos="X">irakurri</wf>
         <wf lemma="dut" pos="X">dut</wf>
         <wf lemma="." pos="X">.</wf>
      </sentence>
      <sentence id="d000.s1114" source="wordnet-basque">
         <wf lemma="ez" pos="X">ez</wf>
         <wf lemma="dauka" pos="X">dauka</wf>
         <wf lemma="zertan" pos="X">zertan</wf>
         <wf lemma="eztabaidatu" pos="X">eztabaidatu</wf>
         <wf lemma="Parlamentuan" pos="X">Parlamentuan</wf>
         <instance id="d000.s1114.t000" lemma="ordezkari" pos="NOUN">ordezkaririk</instance>
         <wf lemma="ez" pos="X">ez</wf>
         <wf lemma="duen" pos="X">duen</wf>
         <wf lemma="alderdi" pos="X">alderdi</wf>
         <wf lemma="bateko" pos="X">bateko</wf>
         <wf lemma="hautagaiarekin" pos="X">hautagaiarekin</wf>
         <wf lemma="." pos="X">.</wf>
      </sentence>
      <sentence id="d000.s1115" source="wordnet-basque">
         <wf lemma="Mikel" pos="X">Mikel</wf>
         <wf lemma="Zuluaga" pos="X">Zuluaga</wf>
         <wf lemma="Piztu" pos="X">Piztu</wf>
         <wf lemma="txostenaren" pos="X">txostenaren</wf>
         <wf lemma="egilea" pos="X">egilea</wf>
         <wf lemma="atxilotu" pos="X">atxilotu</wf>
         <wf lemma="dute" pos="X">dute</wf>
         <wf lemma="Garzon" pos="X">Garzon</wf>
         <wf lemma="epailearen" pos="X">epailearen</wf>
         <instance id="d000.s1115.t000" lemma="agindu" pos="NOUN">aginduz</instance>
         <wf lemma="." pos="X">.</wf>
      </sentence>
      <sentence id="d000.s1116" source="wordnet-basque">
         <wf lemma="Erromatar" pos="X">Erromatar</wf>
         <wf lemma="Inperioaren" pos="X">Inperioaren</wf>
         <instance id="d000.s1116.t000" lemma="egun" pos="NOUN">egunetan</instance>
         <wf lemma="." pos="X">.</wf>
      </sentence>
      <sentence id="d000.s1117" source="wordnet-basque">
         <wf lemma="urrutiko" pos="X">urrutiko</wf>
         <instance id="d000.s1117.t000" lemma="hondartza" pos="NOUN">hondartzaren</instance>
         <wf lemma="batean" pos="X">batean</wf>
         <wf lemma="ehundaka" pos="X">ehundaka</wf>
         <wf lemma="balea" pos="X">balea</wf>
         <wf lemma="itsasoaren" pos="X">itsasoaren</wf>
         <wf lemma="altzotik" pos="X">altzotik</wf>
         <wf lemma="ihesian" pos="X">ihesian</wf>
         <wf lemma="lehorrera" pos="X">lehorrera</wf>
         <wf lemma="beren" pos="X">beren</wf>
         <wf lemma="egunak" pos="X">egunak</wf>
         <wf lemma="bukatzera" pos="X">bukatzera</wf>
         <wf lemma="etortzen" pos="X">etortzen</wf>
         <wf lemma="dira" pos="X">dira</wf>
         <wf lemma="." pos="X">.</wf>
      </sentence>
      <sentence id="d000.s1118" source="wordnet-basque">
         <wf lemma="Aralar" pos="X">Aralar</wf>
         <instance id="d000.s1118.t000" lemma="mendi" pos="NOUN">mendia</instance>
         <wf lemma="da" pos="X">da</wf>
         <wf lemma="mendi" pos="X">mendi</wf>
         <wf lemma="guztien" pos="X">guztien</wf>
         <wf lemma="artean" pos="X">artean</wf>
         <wf lemma="trikuarrietan" pos="X">trikuarrietan</wf>
         <wf lemma="txapeldun" pos="X">txapeldun</wf>
         <wf lemma="." pos="X">.</wf>
      </sentence>
      <sentence id="d000.s1119" source="wordnet-basque">
         <wf lemma="Bakearen" pos="X">Bakearen</wf>
         <wf lemma="Aldeko" pos="X">Aldeko</wf>
         <instance id="d000.s1119.t000" lemma="koordinakunde" pos="NOUN">Koordinakundeak</instance>
         <wf lemma="Iruñean" pos="X">Iruñean</wf>
         <wf lemma="herenegun" pos="X">herenegun</wf>
         <wf lemma="elkarretaratuen" pos="X">elkarretaratuen</wf>
         <wf lemma="intolerantzia" pos="X">intolerantzia</wf>
         <wf lemma="salatu" pos="X">salatu</wf>
         <wf lemma="du" pos="X">du</wf>
         <wf lemma="." pos="X">.</wf>
      </sentence>
      <sentence id="d000.s1120" source="wordnet-basque">
         <wf lemma="abertzaleak" pos="X">abertzaleak</wf>
         <wf lemma="bake" pos="X">bake</wf>
         <wf lemma="eszenatoki" pos="X">eszenatoki</wf>
         <wf lemma="bat" pos="X">bat</wf>
         <wf lemma="lortuz" pos="X">lortuz</wf>
         <wf lemma="gero" pos="X">gero</wf>
         <instance id="d000.s1120.t000" lemma="eragile" pos="NOUN">eragile</instance>
         <wf lemma="bihurtuko" pos="X">bihurtuko</wf>
         <wf lemma="liratekeela" pos="X">liratekeela</wf>
         <wf lemma="azaldu" pos="X">azaldu</wf>
         <wf lemma="zuen" pos="X">zuen</wf>
         <wf lemma="Egibarrek" pos="X">Egibarrek</wf>
         <wf lemma="." pos="X">.</wf>
      </sentence>
      <sentence id="d000.s1121" source="wordnet-basque">
         <instance id="d000.s1121.t000" lemma="herri" pos="NOUN">herri</instance>
         <wf lemma="osoak" pos="X">osoak</wf>
         <wf lemma="txalotu" pos="X">txalotu</wf>
         <wf lemma="zuen" pos="X">zuen</wf>
         <wf lemma="taldea" pos="X">taldea</wf>
         <wf lemma="." pos="X">.</wf>
      </sentence>
      <sentence id="d000.s1122" source="wordnet-basque">
         <wf lemma="Ondorengo" pos="X">Ondorengo</wf>
         <wf lemma="hamar" pos="X">hamar</wf>
         <wf lemma="segundutan" pos="X">segundutan</wf>
         <wf lemma="dena" pos="X">dena</wf>
         <wf lemma="oso" pos="X">oso</wf>
         <wf lemma="azkar" pos="X">azkar</wf>
         <wf lemma="gertatu" pos="X">gertatu</wf>
         <wf lemma="zen" pos="X">zen</wf>
         <wf lemma="eta" pos="X">eta</wf>
         <wf lemma="ez" pos="X">ez</wf>
         <wf lemma="zen" pos="X">zen</wf>
         <instance id="d000.s1122.t000" lemma="bizitza" pos="NOUN">bizitza</instance>
         <wf lemma="hura" pos="X">hura</wf>
         <wf lemma="salbatzerik" pos="X">salbatzerik</wf>
         <wf lemma="izan" pos="X">izan</wf>
         <wf lemma="." pos="X">.</wf>
      </sentence>
      <sentence id="d000.s1123" source="wordnet-basque">
         <wf lemma="Juan" pos="X">Juan</wf>
         <wf lemma="Miguel" pos="X">Miguel</wf>
         <wf lemma="Gonzalez" pos="X">Gonzalez</wf>
         <wf lemma="haurraren" pos="X">haurraren</wf>
         <wf lemma="aitaren" pos="X">aitaren</wf>
         <wf lemma="nahiaren" pos="X">nahiaren</wf>
         <wf lemma="aurka" pos="X">aurka</wf>
         <wf lemma="asilo" pos="X">asilo</wf>
         <wf lemma="politikoa" pos="X">politikoa</wf>
         <wf lemma="justifikatzeko" pos="X">justifikatzeko</wf>
         <wf lemma="inolako" pos="X">inolako</wf>
         <instance id="d000.s1123.t000" lemma="arrazoi" pos="NOUN">arrazoi</instance>
         <wf lemma="berezirik" pos="X">berezirik</wf>
         <wf lemma="ez" pos="X">ez</wf>
         <wf lemma="dago" pos="X">dago</wf>
         <wf lemma="," pos="X">,</wf>
         <wf lemma="nahiz" pos="X">nahiz</wf>
         <wf lemma="eta" pos="X">eta</wf>
         <wf lemma="Kuba" pos="X">Kuba</wf>
         <wf lemma="herrialde" pos="X">herrialde</wf>
         <wf lemma="komunista" pos="X">komunista</wf>
         <wf lemma="izan" pos="X">izan</wf>
         <wf lemma="." pos="X">.</wf>
      </sentence>
      <sentence id="d000.s1124" source="wordnet-basque">
         <wf lemma="berak" pos="X">berak</wf>
         <wf lemma="ezin" pos="X">ezin</wf>
         <wf lemma="zuen" pos="X">zuen</wf>
         <wf lemma="sinistu" pos="X">sinistu</wf>
         <wf lemma="kontadorearen" pos="X">kontadorearen</wf>
         <instance id="d000.s1124.t000" lemma="neurri" pos="NOUN">neurria</instance>
         <wf lemma="." pos="X">.</wf>
      </sentence>
      <sentence id="d000.s1125" source="wordnet-basque">
         <wf lemma="Esergui" pos="X">Esergui</wf>
         <wf lemma="petrolio" pos="X">petrolio</wf>
         <wf lemma="konpainia" pos="X">konpainia</wf>
         <wf lemma="handiekin" pos="X">handiekin</wf>
         <wf lemma="lehian" pos="X">lehian</wf>
         <wf lemma="dago" pos="X">dago</wf>
         <wf lemma="Hegoaldean" pos="X">Hegoaldean</wf>
         <wf lemma="," pos="X">,</wf>
         <wf lemma="%12ko" pos="X">%12ko</wf>
         <instance id="d000.s1125.t000" lemma="merkatu" pos="NOUN">merkatua</instance>
         <wf lemma="duela" pos="X">duela</wf>
         <wf lemma="." pos="X">.</wf>
      </sentence>
      <sentence id="d000.s1126" source="wordnet-basque">
         <wf lemma="Floridako" pos="X">Floridako</wf>
         <wf lemma="konderri" pos="X">konderri</wf>
         <wf lemma="batean" pos="X">batean</wf>
         <wf lemma="boto" pos="X">boto</wf>
         <instance id="d000.s1126.t000" lemma="txartel" pos="NOUN">txartelak</instance>
         <wf lemma="eskuz" pos="X">eskuz</wf>
         <wf lemma="zenbatzen" pos="X">zenbatzen</wf>
         <wf lemma="hasi" pos="X">hasi</wf>
         <wf lemma="ziren" pos="X">ziren</wf>
         <wf lemma="." pos="X">.</wf>
      </sentence>
      <sentence id="d000.s1127" source="wordnet-basque">
         <instance id="d000.s1127.t000" lemma="urte" pos="NOUN">urteak</instance>
         <wf lemma="Marten" pos="X">Marten</wf>
         <wf lemma="gure" pos="X">gure</wf>
         <wf lemma="687" pos="X">687</wf>
         <wf lemma="egun" pos="X">egun</wf>
         <wf lemma="ditu" pos="X">ditu</wf>
         <wf lemma="." pos="X">.</wf>
      </sentence>
      <sentence id="d000.s1128" source="wordnet-basque">
         <wf lemma="beti" pos="X">beti</wf>
         <wf lemma="ere" pos="X">ere</wf>
         <wf lemma="zure" pos="X">zure</wf>
         <instance id="d000.s1128.t000" lemma="gustu" pos="NOUN">gusturako</instance>
         <wf lemma="," pos="X">,</wf>
         <wf lemma="zibilizatua" pos="X">zibilizatua</wf>
         <wf lemma="da" pos="X">da</wf>
         <wf lemma="inolako" pos="X">inolako</wf>
         <wf lemma="negoziaziorik" pos="X">negoziaziorik</wf>
         <wf lemma="nahi" pos="X">nahi</wf>
         <wf lemma="ez" pos="X">ez</wf>
         <wf lemma="izatea" pos="X">izatea</wf>
         <wf lemma="." pos="X">.</wf>
      </sentence>
      <sentence id="d000.s1129" source="wordnet-basque">
         <wf lemma="aurkaria" pos="X">aurkaria</wf>
         <wf lemma="itotzea" pos="X">itotzea</wf>
         <wf lemma="da" pos="X">da</wf>
         <wf lemma="helburua" pos="X">helburua</wf>
         <wf lemma="," pos="X">,</wf>
         <wf lemma="baloia" pos="X">baloia</wf>
         <wf lemma="lapurtu" pos="X">lapurtu</wf>
         <wf lemma="eta" pos="X">eta</wf>
         <instance id="d000.s1129.t000" lemma="kontraeraso" pos="NOUN">kontraerasoan</instance>
         <wf lemma="ateratzeko" pos="X">ateratzeko</wf>
         <wf lemma="." pos="X">.</wf>
      </sentence>
      <sentence id="d000.s1130" source="wordnet-basque">
         <wf lemma="Shaquille" pos="X">Shaquille</wf>
         <wf lemma="O'Neal" pos="X">O'Neal</wf>
         <wf lemma=":" pos="X">:</wf>
         <wf lemma="2.17ko" pos="X">2.17ko</wf>
         <wf lemma="garaiera" pos="X">garaiera</wf>
         <wf lemma="eta" pos="X">eta</wf>
         <wf lemma="150" pos="X">150</wf>
         <wf lemma="kiloko" pos="X">kiloko</wf>
         <instance id="d000.s1130.t000" lemma="pisu" pos="NOUN">pisua</instance>
         <wf lemma="." pos="X">.</wf>
      </sentence>
      <sentence id="d000.s1131" source="wordnet-basque">
         <wf lemma="kostuen" pos="X">kostuen</wf>
         <instance id="d000.s1131.t000" lemma="prezio" pos="NOUN">prezioak</instance>
         <wf lemma="ez" pos="X">ez</wf>
         <wf lemma="igotzeko" pos="X">igotzeko</wf>
         <wf lemma="eta" pos="X">eta</wf>
         <wf lemma="gatazka" pos="X">gatazka</wf>
         <wf lemma="soziala" pos="X">soziala</wf>
         <wf lemma="saihesteko" pos="X">saihesteko</wf>
         <wf lemma="Gobernua" pos="X">Gobernua</wf>
         <wf lemma="eta" pos="X">eta</wf>
         <wf lemma="petrolio" pos="X">petrolio</wf>
         <wf lemma="konpainen" pos="X">konpainen</wf>
         <wf lemma="arteko" pos="X">arteko</wf>
         <wf lemma="ustezko" pos="X">ustezko</wf>
         <wf lemma="akordio" pos="X">akordio</wf>
         <wf lemma="baten" pos="X">baten</wf>
         <wf lemma="biktima" pos="X">biktima</wf>
         <wf lemma="gara" pos="X">gara</wf>
         <wf lemma="." pos="X">.</wf>
      </sentence>
      <sentence id="d000.s1132" source="wordnet-basque">
         <wf lemma="XUXENek" pos="X">XUXENek</wf>
         <wf lemma="hitz" pos="X">hitz</wf>
         <wf lemma="bat" pos="X">bat</wf>
         <wf lemma="gaizki" pos="X">gaizki</wf>
         <wf lemma="idatzita" pos="X">idatzita</wf>
         <wf lemma="dagoenean" pos="X">dagoenean</wf>
         <wf lemma="abisua" pos="X">abisua</wf>
         <wf lemma="eman" pos="X">eman</wf>
         <wf lemma="eta" pos="X">eta</wf>
         <wf lemma="," pos="X">,</wf>
         <wf lemma="nahi" pos="X">nahi</wf>
         <wf lemma="izanez" pos="X">izanez</wf>
         <wf lemma="gero" pos="X">gero</wf>
         <wf lemma="," pos="X">,</wf>
         <wf lemma="hitza" pos="X">hitza</wf>
         <wf lemma="zuzentzeko" pos="X">zuzentzeko</wf>
         <instance id="d000.s1132.t000" lemma="proposamen" pos="NOUN">proposamenak</instance>
         <wf lemma="eskaintzen" pos="X">eskaintzen</wf>
         <wf lemma="dizkigu" pos="X">dizkigu</wf>
         <wf lemma="." pos="X">.</wf>
      </sentence>
      <sentence id="d000.s1133" source="wordnet-basque">
         <wf lemma="obretan" pos="X">obretan</wf>
         <wf lemma="ari" pos="X">ari</wf>
         <wf lemma="dira" pos="X">dira</wf>
         <wf lemma="eta" pos="X">eta</wf>
         <wf lemma="oholez" pos="X">oholez</wf>
         <wf lemma="beterik" pos="X">beterik</wf>
         <wf lemma="dago" pos="X">dago</wf>
         <instance id="d000.s1133.t000" lemma="espaloi" pos="NOUN">espaloia</instance>
         <wf lemma="." pos="X">.</wf>
      </sentence>
      <sentence id="d000.s1134" source="wordnet-basque">
         <wf lemma="inkomunikatuta" pos="X">inkomunikatuta</wf>
         <wf lemma="egin" pos="X">egin</wf>
         <wf lemma="diote" pos="X">diote</wf>
         <instance id="d000.s1134.t000" lemma="apendizitis" pos="NOUN">apendizitis</instance>
         <wf lemma="ebakuntza" pos="X">ebakuntza</wf>
         <wf lemma="Atarrabian" pos="X">Atarrabian</wf>
         <wf lemma="atxilotutako" pos="X">atxilotutako</wf>
         <wf lemma="gazte" pos="X">gazte</wf>
         <wf lemma="bati" pos="X">bati</wf>
         <wf lemma="." pos="X">.</wf>
      </sentence>
      <sentence id="d000.s1135" source="wordnet-basque">
         <wf lemma="utzi" pos="X">utzi</wf>
         <instance id="d000.s1135.t000" lemma="ume" pos="NOUN">umearen</instance>
         <wf lemma="jarrera" pos="X">jarrera</wf>
         <wf lemma="izateari" pos="X">izateari</wf>
         <wf lemma="." pos="X">.</wf>
      </sentence>
      <sentence id="d000.s1136" source="wordnet-basque">
         <wf lemma="dorsalen" pos="X">dorsalen</wf>
         <instance id="d000.s1136.t000" lemma="zerrenda" pos="NOUN">zerrenda</instance>
         <wf lemma="berriaren" pos="X">berriaren</wf>
         <wf lemma="arabera" pos="X">arabera</wf>
         <wf lemma="," pos="X">,</wf>
         <wf lemma="Guerrerok" pos="X">Guerrerok</wf>
         <wf lemma="eta" pos="X">eta</wf>
         <wf lemma="Antiak" pos="X">Antiak</wf>
         <wf lemma="8" pos="X">8</wf>
         <wf lemma="eta" pos="X">eta</wf>
         <wf lemma="12" pos="X">12</wf>
         <wf lemma="zenbakiekin" pos="X">zenbakiekin</wf>
         <wf lemma="segituko" pos="X">segituko</wf>
         <wf lemma="dute" pos="X">dute</wf>
         <wf lemma="." pos="X">.</wf>
      </sentence>
      <sentence id="d000.s1137" source="wordnet-basque">
         <wf lemma="Protecsako" pos="X">Protecsako</wf>
         <instance id="d000.s1137.t000" lemma="guardia" pos="NOUN">guardiek</instance>
         <wf lemma="kurtsoko" pos="X">kurtsoko</wf>
         <wf lemma="lehen" pos="X">lehen</wf>
         <wf lemma="ikastaroa" pos="X">ikastaroa</wf>
         <wf lemma="eskaini" pos="X">eskaini</wf>
         <wf lemma="dute" pos="X">dute</wf>
         <wf lemma="dagoeneko" pos="X">dagoeneko</wf>
         <wf lemma="." pos="X">.</wf>
      </sentence>
      <sentence id="d000.s1138" source="wordnet-basque">
         <wf lemma="70eko" pos="X">70eko</wf>
         <wf lemma="urteetan" pos="X">urteetan</wf>
         <wf lemma="sortu" pos="X">sortu</wf>
         <wf lemma="zen" pos="X">zen</wf>
         <wf lemma="krisialdi" pos="X">krisialdi</wf>
         <wf lemma="moral" pos="X">moral</wf>
         <wf lemma="," pos="X">,</wf>
         <wf lemma="politiko" pos="X">politiko</wf>
         <wf lemma="," pos="X">,</wf>
         <wf lemma="zientifiko" pos="X">zientifiko</wf>
         <wf lemma="eta" pos="X">eta</wf>
         <wf lemma="estetiko" pos="X">estetiko</wf>
         <wf lemma="baten" pos="X">baten</wf>
         <instance id="d000.s1138.t000" lemma="produktu" pos="NOUN">produktua</instance>
         <wf lemma="da" pos="X">da</wf>
         <wf lemma="." pos="X">.</wf>
      </sentence>
      <sentence id="d000.s1139" source="wordnet-basque">
         <wf lemma="Los" pos="X">Los</wf>
         <wf lemma="Angelesen" pos="X">Angelesen</wf>
         <wf lemma="irabazi" pos="X">irabazi</wf>
         <wf lemma="zuen" pos="X">zuen</wf>
         <wf lemma="bere" pos="X">bere</wf>
         <wf lemma="lehen" pos="X">lehen</wf>
         <wf lemma="urrea" pos="X">urrea</wf>
         <wf lemma="," pos="X">,</wf>
         <wf lemma="eta" pos="X">eta</wf>
         <wf lemma="ordutik" pos="X">ordutik</wf>
         <wf lemma="etenik" pos="X">etenik</wf>
         <wf lemma="gabe" pos="X">gabe</wf>
         <wf lemma="izan" pos="X">izan</wf>
         <wf lemma="da" pos="X">da</wf>
         <wf lemma="podiumeko" pos="X">podiumeko</wf>
         <instance id="d000.s1139.t000" lemma="maila" pos="NOUN">mailarik</instance>
         <wf lemma="altuenean" pos="X">altuenean</wf>
         <wf lemma="." pos="X">.</wf>
      </sentence>
      <sentence id="d000.s1140" source="wordnet-basque">
         <wf lemma="argitalpen" pos="X">argitalpen</wf>
         <wf lemma="honetan" pos="X">honetan</wf>
         <wf lemma="," pos="X">,</wf>
         <wf lemma="gaztelaniazko" pos="X">gaztelaniazko</wf>
         <wf lemma="itzulpenaz" pos="X">itzulpenaz</wf>
         <wf lemma="gain" pos="X">gain</wf>
         <wf lemma="," pos="X">,</wf>
         <instance id="d000.s1140.t000" lemma="ohar" pos="NOUN">ohar</instance>
         <wf lemma="eta" pos="X">eta</wf>
         <wf lemma="zuzenketa" pos="X">zuzenketa</wf>
         <wf lemma="batzuk" pos="X">batzuk</wf>
         <wf lemma="ere" pos="X">ere</wf>
         <wf lemma="erantsi" pos="X">erantsi</wf>
         <wf lemma="zituen" pos="X">zituen</wf>
         <wf lemma="." pos="X">.</wf>
      </sentence>
      <sentence id="d000.s1141" source="wordnet-basque">
         <instance id="d000.s1141.t000" lemma="esperientzia" pos="NOUN">esperientzia</instance>
         <wf lemma="dugu" pos="X">dugu</wf>
         <wf lemma="irakaslerik" pos="X">irakaslerik</wf>
         <wf lemma="onena" pos="X">onena</wf>
         <wf lemma="." pos="X">.</wf>
      </sentence>
      <sentence id="d000.s1142" source="wordnet-basque">
         <wf lemma="lurra" pos="X">lurra</wf>
         <wf lemma="iragazkorra" pos="X">iragazkorra</wf>
         <wf lemma="bada" pos="X">bada</wf>
         <wf lemma="," pos="X">,</wf>
         <wf lemma="oso" pos="X">oso</wf>
         <wf lemma="maila" pos="X">maila</wf>
         <wf lemma="sakonetara" pos="X">sakonetara</wf>
         <wf lemma="heldu" pos="X">heldu</wf>
         <wf lemma="liteke" pos="X">liteke</wf>
         <wf lemma="ura" pos="X">ura</wf>
         <wf lemma="," pos="X">,</wf>
         <wf lemma="lur" pos="X">lur</wf>
         <wf lemma="azpiko" pos="X">azpiko</wf>
         <wf lemma="korronteak" pos="X">korronteak</wf>
         <wf lemma="osatuz" pos="X">osatuz</wf>
         <wf lemma=":" pos="X">:</wf>
         <wf lemma="korronte" pos="X">korronte</wf>
         <wf lemma="horiek" pos="X">horiek</wf>
         <wf lemma="kanporatu" pos="X">kanporatu</wf>
         <wf lemma="egingo" pos="X">egingo</wf>
         <wf lemma="dira" pos="X">dira</wf>
         <wf lemma="gero" pos="X">gero</wf>
         <wf lemma="," pos="X">,</wf>
         <instance id="d000.s1142.t000" lemma="iturri" pos="NOUN">iturri</instance>
         <wf lemma="," pos="X">,</wf>
         <wf lemma="ibai" pos="X">ibai</wf>
         <wf lemma="," pos="X">,</wf>
         <wf lemma="geiser" pos="X">geiser</wf>
         <wf lemma="eta" pos="X">eta</wf>
         <wf lemma="abar" pos="X">abar</wf>
         <wf lemma="bihurturik" pos="X">bihurturik</wf>
         <wf lemma="." pos="X">.</wf>
      </sentence>
      <sentence id="d000.s1143" source="wordnet-basque">
         <wf lemma="antzerkirako" pos="X">antzerkirako</wf>
         <instance id="d000.s1143.t000" lemma="txartel" pos="NOUN">txartelak</instance>
         <wf lemma="lortu" pos="X">lortu</wf>
         <wf lemma="nahi" pos="X">nahi</wf>
         <wf lemma="baditugu" pos="X">baditugu</wf>
         <wf lemma="," pos="X">,</wf>
         <wf lemma="zenbaki" pos="X">zenbaki</wf>
         <wf lemma="honetara" pos="X">honetara</wf>
         <wf lemma="deitu" pos="X">deitu</wf>
         <wf lemma="besterik" pos="X">besterik</wf>
         <wf lemma="ez" pos="X">ez</wf>
         <wf lemma="dugu" pos="X">dugu</wf>
         <wf lemma="egin" pos="X">egin</wf>
         <wf lemma="behar" pos="X">behar</wf>
         <wf lemma="." pos="X">.</wf>
      </sentence>
      <sentence id="d000.s1144" source="wordnet-basque">
         <wf lemma="bere" pos="X">bere</wf>
         <wf lemma="osasuna" pos="X">osasuna</wf>
         <wf lemma="ez" pos="X">ez</wf>
         <wf lemma="zaintzearen" pos="X">zaintzearen</wf>
         <instance id="d000.s1144.t000" lemma="zigor" pos="NOUN">zigorra</instance>
         <wf lemma="jaso" pos="X">jaso</wf>
         <wf lemma="zuen" pos="X">zuen</wf>
         <wf lemma="." pos="X">.</wf>
      </sentence>
      <sentence id="d000.s1145" source="wordnet-basque">
         <wf lemma="gai" pos="X">gai</wf>
         <wf lemma="jakin" pos="X">jakin</wf>
         <wf lemma="bati" pos="X">bati</wf>
         <wf lemma="buruz" pos="X">buruz</wf>
         <wf lemma="egiten" pos="X">egiten</wf>
         <wf lemma="den" pos="X">den</wf>
         <wf lemma="jarduna" pos="X">jarduna</wf>
         <wf lemma=":" pos="X">:</wf>
         <instance id="d000.s1145.t000" lemma="saio" pos="NOUN">saio</instance>
         <wf lemma="Ibarretxeren" pos="X">Ibarretxeren</wf>
         <wf lemma="saioa" pos="X">saioa</wf>
         <wf lemma="arbuiatu" pos="X">arbuiatu</wf>
         <wf lemma="eta" pos="X">eta</wf>
         <wf lemma="burujabetza" pos="X">burujabetza</wf>
         <wf lemma="esparruez" pos="X">esparruez</wf>
         <wf lemma="ez" pos="X">ez</wf>
         <wf lemma="duela" pos="X">duela</wf>
         <wf lemma="hitz" pos="X">hitz</wf>
         <wf lemma="egingo" pos="X">egingo</wf>
         <wf lemma="dio" pos="X">dio</wf>
         <wf lemma="Aznarrek" pos="X">Aznarrek</wf>
         <wf lemma="." pos="X">.</wf>
      </sentence>
      <sentence id="d000.s1146" source="wordnet-basque">
         <wf lemma="poliziak" pos="X">poliziak</wf>
         <instance id="d000.s1146.t000" lemma="ikerketa" pos="NOUN">ikerketa</instance>
         <wf lemma="bat" pos="X">bat</wf>
         <wf lemma="hasi" pos="X">hasi</wf>
         <wf lemma="zuen" pos="X">zuen</wf>
         <wf lemma="leherketa" pos="X">leherketa</wf>
         <wf lemma="zerk" pos="X">zerk</wf>
         <wf lemma="eragin" pos="X">eragin</wf>
         <wf lemma="zuen" pos="X">zuen</wf>
         <wf lemma="argitzeko" pos="X">argitzeko</wf>
         <wf lemma="." pos="X">.</wf>
      </sentence>
      <sentence id="d000.s1147" source="wordnet-basque">
         <wf lemma="musika" pos="X">musika</wf>
         <wf lemma="isildu" pos="X">isildu</wf>
         <wf lemma="den" pos="X">den</wf>
         <wf lemma="une" pos="X">une</wf>
         <wf lemma="batean" pos="X">batean</wf>
         <wf lemma="," pos="X">,</wf>
         <wf lemma="ezezagun" pos="X">ezezagun</wf>
         <wf lemma="egiten" pos="X">egiten</wf>
         <wf lemma="zaion" pos="X">zaion</wf>
         <wf lemma="sinfoniaren" pos="X">sinfoniaren</wf>
         <wf lemma="baten" pos="X">baten</wf>
         <instance id="d000.s1147.t000" lemma="mugimendu" pos="NOUN">mugimenduen</instance>
         <wf lemma="artekoa" pos="X">artekoa</wf>
         <wf lemma="," pos="X">,</wf>
         <wf lemma="Jonen" pos="X">Jonen</wf>
         <wf lemma="zurrunga" pos="X">zurrunga</wf>
         <wf lemma="hotsak" pos="X">hotsak</wf>
         <wf lemma="ailegatu" pos="X">ailegatu</wf>
         <wf lemma="zaizkie" pos="X">zaizkie</wf>
         <wf lemma="ozen" pos="X">ozen</wf>
         <wf lemma="." pos="X">.</wf>
      </sentence>
      <sentence id="d000.s1148" source="wordnet-basque">
         <wf lemma="Giraldillen" pos="X">Giraldillen</wf>
         <wf lemma="epaiketa" pos="X">epaiketa</wf>
         <wf lemma="beste" pos="X">beste</wf>
         <instance id="d000.s1148.t000" lemma="ekintza" pos="NOUN">ekintza</instance>
         <wf lemma="bat" pos="X">bat</wf>
         <wf lemma="izango" pos="X">izango</wf>
         <wf lemma="da" pos="X">da</wf>
         <wf lemma="guretzat" pos="X">guretzat</wf>
         <wf lemma="." pos="X">.</wf>
      </sentence>
      <sentence id="d000.s1149" source="wordnet-basque">
         <wf lemma="jabearen" pos="X">jabearen</wf>
         <instance id="d000.s1149.t000" lemma="marka" pos="NOUN">marka</instance>
         <wf lemma="ardi" pos="X">ardi</wf>
         <wf lemma="guztietan" pos="X">guztietan</wf>
         <wf lemma="zegoen" pos="X">zegoen</wf>
         <wf lemma="." pos="X">.</wf>
      </sentence>
      <sentence id="d000.s1150" source="wordnet-basque">
         <wf lemma="Aeronautika" pos="X">Aeronautika</wf>
         <wf lemma="Administrazio" pos="X">Administrazio</wf>
         <wf lemma="Zibileko" pos="X">Zibileko</wf>
         <wf lemma="iturriek" pos="X">iturriek</wf>
         <wf lemma="adierazi" pos="X">adierazi</wf>
         <wf lemma="zuten" pos="X">zuten</wf>
         <wf lemma="aireratu" pos="X">aireratu</wf>
         <wf lemma="eta" pos="X">eta</wf>
         <wf lemma="lur" pos="X">lur</wf>
         <wf lemma="hartzeko" pos="X">hartzeko</wf>
         <instance id="d000.s1150.t000" lemma="baldintza" pos="NOUN">baldintzak</instance>
         <wf lemma="egokiak" pos="X">egokiak</wf>
         <wf lemma="zirela" pos="X">zirela</wf>
         <wf lemma="." pos="X">.</wf>
      </sentence>
      <sentence id="d000.s1151" source="wordnet-basque">
         <wf lemma="herritartasuna" pos="X">herritartasuna</wf>
         <instance id="d000.s1151.t000" lemma="adierazpen" pos="NOUN">adierazpen</instance>
         <wf lemma="bidez" pos="X">bidez</wf>
         <wf lemma="edo" pos="X">edo</wf>
         <wf lemma="lege-ordezkariaren" pos="X">lege-ordezkariaren</wf>
         <wf lemma="eskariz" pos="X">eskariz</wf>
         <wf lemma="eskuratzen" pos="X">eskuratzen</wf>
         <wf lemma="denean" pos="X">denean</wf>
         <wf lemma="," pos="X">,</wf>
         <wf lemma="baimen-erabakian" pos="X">baimen-erabakian</wf>
         <wf lemma="dagokion" pos="X">dagokion</wf>
         <wf lemma="auzotasun" pos="X">auzotasun</wf>
         <wf lemma="zibila" pos="X">zibila</wf>
         <wf lemma="zehaztuko" pos="X">zehaztuko</wf>
         <wf lemma="da" pos="X">da</wf>
         <wf lemma="." pos="X">.</wf>
      </sentence>
      <sentence id="d000.s1152" source="wordnet-basque">
         <wf lemma="galduz" pos="X">galduz</wf>
         <wf lemma="doan" pos="X">doan</wf>
         <wf lemma="bizimoduari" pos="X">bizimoduari</wf>
         <wf lemma="(" pos="X">(</wf>
         <instance id="d000.s1152.t000" lemma="nekazaritza" pos="NOUN">nekazaritza</instance>
         <wf lemma="," pos="X">,</wf>
         <wf lemma="artzantza" pos="X">artzantza</wf>
         <wf lemma="..." pos="X">...</wf>
         <wf lemma=")" pos="X">)</wf>
         <wf lemma="lotutako" pos="X">lotutako</wf>
         <wf lemma="hizkeraren" pos="X">hizkeraren</wf>
         <wf lemma="azken" pos="X">azken</wf>
         <wf lemma="aztarnak" pos="X">aztarnak</wf>
         <wf lemma="jaso" pos="X">jaso</wf>
         <wf lemma="nahian" pos="X">nahian</wf>
         <wf lemma="dihardute" pos="X">dihardute</wf>
         <wf lemma="euskaltzaleek" pos="X">euskaltzaleek</wf>
         <wf lemma="." pos="X">.</wf>
      </sentence>
      <sentence id="d000.s1153" source="wordnet-basque">
         <wf lemma="Alberto" pos="X">Alberto</wf>
         <wf lemma="," pos="X">,</wf>
         <wf lemma="neska" pos="X">neska</wf>
         <wf lemma="kotxera" pos="X">kotxera</wf>
         <wf lemma="hurbildu" pos="X">hurbildu</wf>
         <wf lemma="bitartean" pos="X">bitartean</wf>
         <wf lemma="leihoa" pos="X">leihoa</wf>
         <wf lemma="ireki" pos="X">ireki</wf>
         <wf lemma="gabe" pos="X">gabe</wf>
         <wf lemma="mantendu" pos="X">mantendu</wf>
         <wf lemma="da" pos="X">da</wf>
         <instance id="d000.s1153.t000" lemma="segundo" pos="NOUN">segundo</instance>
         <wf lemma="batzuetan" pos="X">batzuetan</wf>
         <wf lemma="," pos="X">,</wf>
         <wf lemma="ustekabea" pos="X">ustekabea</wf>
         <wf lemma="dela" pos="X">dela</wf>
         <wf lemma="eta" pos="X">eta</wf>
         <wf lemma="nahiko" pos="X">nahiko</wf>
         <wf lemma="aztoratua" pos="X">aztoratua</wf>
         <wf lemma="." pos="X">.</wf>
      </sentence>
      <sentence id="d000.s1154" source="wordnet-basque">
         <wf lemma="parte" pos="X">parte</wf>
         <wf lemma="hartu" pos="X">hartu</wf>
         <wf lemma="ahal" pos="X">ahal</wf>
         <wf lemma="izatea" pos="X">izatea</wf>
         <wf lemma="eskatu" pos="X">eskatu</wf>
         <wf lemma="zuten" pos="X">zuten</wf>
         <wf lemma="," pos="X">,</wf>
         <wf lemma="baina" pos="X">baina</wf>
         <instance id="d000.s1154.t000" lemma="mahai" pos="NOUN">mahaiak</instance>
         <wf lemma="ez" pos="X">ez</wf>
         <wf lemma="zuen" pos="X">zuen</wf>
         <wf lemma="eskakizuna" pos="X">eskakizuna</wf>
         <wf lemma="onartu" pos="X">onartu</wf>
         <wf lemma="." pos="X">.</wf>
      </sentence>
      <sentence id="d000.s1155" source="wordnet-basque">
         <instance id="d000.s1155.t000" lemma="txapel" pos="NOUN">txapelak</instance>
         <wf lemma="hainbat" pos="X">hainbat</wf>
         <wf lemma="sexu-gaixotasun" pos="X">sexu-gaixotasun</wf>
         <wf lemma="saihesten" pos="X">saihesten</wf>
         <wf lemma="ditu" pos="X">ditu</wf>
         <wf lemma="." pos="X">.</wf>
      </sentence>
      <sentence id="d000.s1156" source="wordnet-basque">
         <wf lemma="kaixo" pos="X">kaixo</wf>
         <wf lemma="," pos="X">,</wf>
         <wf lemma="ni" pos="X">ni</wf>
         <wf lemma="Ganix" pos="X">Ganix</wf>
         <wf lemma="naiz" pos="X">naiz</wf>
         <wf lemma="eta" pos="X">eta</wf>
         <wf lemma="nire" pos="X">nire</wf>
         <wf lemma="dordokaren" pos="X">dordokaren</wf>
         <instance id="d000.s1156.t000" lemma="abentura" pos="NOUN">abenturak</instance>
         <wf lemma="kontatuko" pos="X">kontatuko</wf>
         <wf lemma="dizkizuet" pos="X">dizkizuet</wf>
         <wf lemma="." pos="X">.</wf>
      </sentence>
      <sentence id="d000.s1157" source="wordnet-basque">
         <instance id="d000.s1157.t000" lemma="bide" pos="NOUN">bide</instance>
         <wf lemma="horretatik" pos="X">horretatik</wf>
         <wf lemma="jarraituz" pos="X">jarraituz</wf>
         <wf lemma="gero" pos="X">gero</wf>
         <wf lemma="," pos="X">,</wf>
         <wf lemma="huts" pos="X">huts</wf>
         <wf lemma="egingo" pos="X">egingo</wf>
         <wf lemma="duzu" pos="X">duzu</wf>
         <wf lemma="." pos="X">.</wf>
      </sentence>
      <sentence id="d000.s1158" source="wordnet-basque">
         <wf lemma="poliziarentzako" pos="X">poliziarentzako</wf>
         <instance id="d000.s1158.t000" lemma="gai" pos="NOUN">gaia</instance>
         <wf lemma="da" pos="X">da</wf>
         <wf lemma="." pos="X">.</wf>
      </sentence>
      <sentence id="d000.s1159" source="wordnet-basque">
         <wf lemma="poesia" pos="X">poesia</wf>
         <wf lemma="," pos="X">,</wf>
         <instance id="d000.s1159.t000" lemma="kritika" pos="NOUN">kritika</instance>
         <wf lemma="," pos="X">,</wf>
         <wf lemma="saiakera" pos="X">saiakera</wf>
         <wf lemma="," pos="X">,</wf>
         <wf lemma="eleberri" pos="X">eleberri</wf>
         <wf lemma="luzea" pos="X">luzea</wf>
         <wf lemma="," pos="X">,</wf>
         <wf lemma="kontaketa" pos="X">kontaketa</wf>
         <wf lemma="laburra" pos="X">laburra</wf>
         <wf lemma="eta" pos="X">eta</wf>
         <wf lemma="kazetaritza" pos="X">kazetaritza</wf>
         <wf lemma="dira" pos="X">dira</wf>
         <wf lemma="landu" pos="X">landu</wf>
         <wf lemma="zituen" pos="X">zituen</wf>
         <wf lemma="generoak" pos="X">generoak</wf>
         <wf lemma="." pos="X">.</wf>
      </sentence>
      <sentence id="d000.s1160" source="wordnet-basque">
         <instance id="d000.s1160.t000" lemma="federazio" pos="NOUN">federazioko</instance>
         <wf lemma="herritar" pos="X">herritar</wf>
         <wf lemma="guztiak" pos="X">guztiak</wf>
         <wf lemma="berdinak" pos="X">berdinak</wf>
         <wf lemma="dira" pos="X">dira</wf>
         <wf lemma="legez" pos="X">legez</wf>
         <wf lemma="." pos="X">.</wf>
      </sentence>
      <sentence id="d000.s1161" source="wordnet-basque">
         <wf lemma="haien" pos="X">haien</wf>
         <wf lemma="iduriko" pos="X">iduriko</wf>
         <wf lemma="," pos="X">,</wf>
         <wf lemma="ideia" pos="X">ideia</wf>
         <wf lemma="berrien" pos="X">berrien</wf>
         <wf lemma="bila" pos="X">bila</wf>
         <wf lemma="hasteak" pos="X">hasteak</wf>
         <wf lemma="bake" pos="X">bake</wf>
         <wf lemma="planaren" pos="X">planaren</wf>
         <wf lemma="eta" pos="X">eta</wf>
         <wf lemma="konponbidearen" pos="X">konponbidearen</wf>
         <instance id="d000.s1161.t000" lemma="heriotza" pos="NOUN">heriotza</instance>
         <wf lemma="lekarke" pos="X">lekarke</wf>
         <wf lemma="." pos="X">.</wf>
      </sentence>
      <sentence id="d000.s1162" source="wordnet-basque">
         <wf lemma="Elkarri-ren" pos="X">Elkarri-ren</wf>
         <instance id="d000.s1162.t000" lemma="xede" pos="NOUN">xedea</instance>
         <wf lemma="bake" pos="X">bake</wf>
         <wf lemma="prozesuaren" pos="X">prozesuaren</wf>
         <wf lemma="," pos="X">,</wf>
         <wf lemma="konponbideen" pos="X">konponbideen</wf>
         <wf lemma="eta" pos="X">eta</wf>
         <wf lemma="normalizazio" pos="X">normalizazio</wf>
         <wf lemma="politikoaren" pos="X">politikoaren</wf>
         <wf lemma="oinarriak" pos="X">oinarriak</wf>
         <wf lemma="ezartzea" pos="X">ezartzea</wf>
         <wf lemma="da" pos="X">da</wf>
         <wf lemma="." pos="X">.</wf>
      </sentence>
      <sentence id="d000.s1163" source="wordnet-basque">
         <wf lemma="espetxeko" pos="X">espetxeko</wf>
         <wf lemma="zuzendaritzak" pos="X">zuzendaritzak</wf>
         <wf lemma="," pos="X">,</wf>
         <wf lemma="ordea" pos="X">ordea</wf>
         <wf lemma="," pos="X">,</wf>
         <wf lemma="funtzionarioek" pos="X">funtzionarioek</wf>
         <instance id="d000.s1163.t000" lemma="indar" pos="NOUN">indarra</instance>
         <wf lemma="erabili" pos="X">erabili</wf>
         <wf lemma="zutela" pos="X">zutela</wf>
         <wf lemma="onartu" pos="X">onartu</wf>
         <wf lemma="zuen" pos="X">zuen</wf>
         <wf lemma="bere" pos="X">bere</wf>
         <wf lemma="garaian" pos="X">garaian</wf>
         <wf lemma="." pos="X">.</wf>
      </sentence>
      <sentence id="d000.s1164" source="wordnet-basque">
         <wf lemma="156" pos="X">156</wf>
         <wf lemma="kilometro" pos="X">kilometro</wf>
         <wf lemma="bete" pos="X">bete</wf>
         <wf lemma="beharko" pos="X">beharko</wf>
         <wf lemma="dituzte" pos="X">dituzte</wf>
         <wf lemma="txirrindulariek" pos="X">txirrindulariek</wf>
         <wf lemma="eta" pos="X">eta</wf>
         <instance id="d000.s1164.t000" lemma="helmuga" pos="NOUN">helmugarako</instance>
         <wf lemma="21" pos="X">21</wf>
         <wf lemma="kilometro" pos="X">kilometro</wf>
         <wf lemma="faltan" pos="X">faltan</wf>
         <wf lemma="," pos="X">,</wf>
         <wf lemma="bigarren" pos="X">bigarren</wf>
         <wf lemma="mailako" pos="X">mailako</wf>
         <wf lemma="Cruz" pos="X">Cruz</wf>
         <wf lemma="de" pos="X">de</wf>
         <wf lemma="Hierro" pos="X">Hierro</wf>
         <wf lemma="mendatea" pos="X">mendatea</wf>
         <wf lemma="igo" pos="X">igo</wf>
         <wf lemma="beharko" pos="X">beharko</wf>
         <wf lemma="dute" pos="X">dute</wf>
         <wf lemma="." pos="X">.</wf>
      </sentence>
      <sentence id="d000.s1165" source="wordnet-basque">
         <wf lemma="sistema" pos="X">sistema</wf>
         <wf lemma="hori" pos="X">hori</wf>
         <wf lemma="egokia" pos="X">egokia</wf>
         <wf lemma="izango" pos="X">izango</wf>
         <wf lemma="da" pos="X">da</wf>
         <wf lemma="babes" pos="X">babes</wf>
         <wf lemma="zibileko" pos="X">zibileko</wf>
         <wf lemma="larrialdietarako" pos="X">larrialdietarako</wf>
         <wf lemma="pertsonen" pos="X">pertsonen</wf>
         <instance id="d000.s1165.t000" lemma="bizitza" pos="NOUN">bizitza</instance>
         <wf lemma="edo" pos="X">edo</wf>
         <wf lemma="osotasuna" pos="X">osotasuna</wf>
         <wf lemma="arriskuan" pos="X">arriskuan</wf>
         <wf lemma="dagoenean" pos="X">dagoenean</wf>
         <wf lemma="arreta" pos="X">arreta</wf>
         <wf lemma="koordinatua" pos="X">koordinatua</wf>
         <wf lemma="eta" pos="X">eta</wf>
         <wf lemma="eraginkorra" pos="X">eraginkorra</wf>
         <wf lemma="eskaintzen" pos="X">eskaintzen</wf>
         <wf lemma="bada" pos="X">bada</wf>
         <wf lemma="." pos="X">.</wf>
      </sentence>
      <sentence id="d000.s1166" source="wordnet-basque">
         <wf lemma="presoaren" pos="X">presoaren</wf>
         <wf lemma="protestek" pos="X">protestek</wf>
         <wf lemma="erantzun" pos="X">erantzun</wf>
         <wf lemma="bakarra" pos="X">bakarra</wf>
         <instance id="d000.s1166.t000" lemma="zigor" pos="NOUN">zigorra</instance>
         <wf lemma="dutela" pos="X">dutela</wf>
         <wf lemma="azaldu" pos="X">azaldu</wf>
         <wf lemma="dute" pos="X">dute</wf>
         <wf lemma="Senideek" pos="X">Senideek</wf>
         <wf lemma="." pos="X">.</wf>
      </sentence>
      <sentence id="d000.s1167" source="wordnet-basque">
         <wf lemma="era" pos="X">era</wf>
         <wf lemma="teknologikoari" pos="X">teknologikoari</wf>
         <wf lemma="lotutako" pos="X">lotutako</wf>
         <wf lemma="bizimodu" pos="X">bizimodu</wf>
         <wf lemma="berriak" pos="X">berriak</wf>
         <wf lemma="gauza" pos="X">gauza</wf>
         <wf lemma="asko" pos="X">asko</wf>
         <instance id="d000.s1167.t000" lemma="galbide" pos="NOUN">galbidean</instance>
         <wf lemma="jarriko" pos="X">jarriko</wf>
         <wf lemma="ditu" pos="X">ditu</wf>
         <wf lemma="." pos="X">.</wf>
      </sentence>
      <sentence id="d000.s1168" source="wordnet-basque">
         <wf lemma="lehen" pos="X">lehen</wf>
         <wf lemma="ministroak" pos="X">ministroak</wf>
         <wf lemma="bere" pos="X">bere</wf>
         <wf lemma="jarrera" pos="X">jarrera</wf>
         <wf lemma="argitu" pos="X">argitu</wf>
         <wf lemma="beharko" pos="X">beharko</wf>
         <wf lemma="duela" pos="X">duela</wf>
         <wf lemma="adierazi" pos="X">adierazi</wf>
         <wf lemma="digu" pos="X">digu</wf>
         <instance id="d000.s1168.t000" lemma="politika" pos="NOUN">politikari</instance>
         <wf lemma="arabiarrak" pos="X">arabiarrak</wf>
         <wf lemma="." pos="X">.</wf>
      </sentence>
      <sentence id="d000.s1169" source="wordnet-basque">
         <wf lemma="bere" pos="X">bere</wf>
         <wf lemma="maitea" pos="X">maitea</wf>
         <wf lemma="gazte" pos="X">gazte</wf>
         <wf lemma="hil" pos="X">hil</wf>
         <wf lemma="zitzaiola" pos="X">zitzaiola</wf>
         <wf lemma="eta" pos="X">eta</wf>
         <wf lemma="harenganako" pos="X">harenganako</wf>
         <instance id="d000.s1169.t000" lemma="su" pos="NOUN">sua</instance>
         <wf lemma="ez" pos="X">ez</wf>
         <wf lemma="zaio" pos="X">zaio</wf>
         <wf lemma="inoiz" pos="X">inoiz</wf>
         <wf lemma="itzaliko" pos="X">itzaliko</wf>
         <wf lemma="." pos="X">.</wf>
      </sentence>
      <sentence id="d000.s1170" source="wordnet-basque">
         <wf lemma="greba" pos="X">greba</wf>
         <wf lemma="deialdiarekin" pos="X">deialdiarekin</wf>
         <wf lemma="bat" pos="X">bat</wf>
         <wf lemma="egin" pos="X">egin</wf>
         <wf lemma="eta" pos="X">eta</wf>
         <instance id="d000.s1170.t000" lemma="industria" pos="NOUN">industria</instance>
         <wf lemma="guztia" pos="X">guztia</wf>
         <wf lemma="kalera" pos="X">kalera</wf>
         <wf lemma="atera" pos="X">atera</wf>
         <wf lemma="zen" pos="X">zen</wf>
         <wf lemma="." pos="X">.</wf>
      </sentence>
      <sentence id="d000.s1171" source="wordnet-basque">
         <wf lemma="Askapen" pos="X">Askapen</wf>
         <wf lemma="Islamikorako" pos="X">Islamikorako</wf>
         <wf lemma="Fronte" pos="X">Fronte</wf>
         <wf lemma="Moroak" pos="X">Moroak</wf>
         <instance id="d000.s1171.t000" lemma="ekintza" pos="NOUN">ekintza</instance>
         <wf lemma="jazo" pos="X">jazo</wf>
         <wf lemma="eta" pos="X">eta</wf>
         <wf lemma="berehala" pos="X">berehala</wf>
         <wf lemma="zerikusirik" pos="X">zerikusirik</wf>
         <wf lemma="ez" pos="X">ez</wf>
         <wf lemma="zuela" pos="X">zuela</wf>
         <wf lemma="izan" pos="X">izan</wf>
         <wf lemma="adierazi" pos="X">adierazi</wf>
         <wf lemma="zuen" pos="X">zuen</wf>
         <wf lemma="." pos="X">.</wf>
      </sentence>
      <sentence id="d000.s1172" source="wordnet-basque">
         <wf lemma="ateratzen" pos="X">ateratzen</wf>
         <wf lemma="den" pos="X">den</wf>
         <wf lemma="zukua" pos="X">zukua</wf>
         <wf lemma="upeletan" pos="X">upeletan</wf>
         <wf lemma="sartu" pos="X">sartu</wf>
         <wf lemma="eta" pos="X">eta</wf>
         <instance id="d000.s1172.t000" lemma="hilabete" pos="NOUN">hilabete</instance>
         <wf lemma="pare" pos="X">pare</wf>
         <wf lemma="bat" pos="X">bat</wf>
         <wf lemma="uzten" pos="X">uzten</wf>
         <wf lemma="da" pos="X">da</wf>
         <wf lemma="." pos="X">.</wf>
      </sentence>
      <sentence id="d000.s1173" source="wordnet-basque">
         <wf lemma="noizean" pos="X">noizean</wf>
         <wf lemma="behin" pos="X">behin</wf>
         <wf lemma="berak" pos="X">berak</wf>
         <wf lemma="sortutako" pos="X">sortutako</wf>
         <instance id="d000.s1173.t000" lemma="produktu" pos="NOUN">produktuak</instance>
         <wf lemma="ematen" pos="X">ematen</wf>
         <wf lemma="zizkien" pos="X">zizkien</wf>
         <wf lemma="," pos="X">,</wf>
         <wf lemma="bere" pos="X">bere</wf>
         <wf lemma="esperimentuak" pos="X">esperimentuak</wf>
         <wf lemma="zertan" pos="X">zertan</wf>
         <wf lemma="ziren" pos="X">ziren</wf>
         <wf lemma="jakiteko" pos="X">jakiteko</wf>
         <wf lemma="." pos="X">.</wf>
      </sentence>
      <sentence id="d000.s1174" source="wordnet-basque">
         <wf lemma="bi" pos="X">bi</wf>
         <wf lemma="agintariek" pos="X">agintariek</wf>
         <wf lemma="ekainaren" pos="X">ekainaren</wf>
         <wf lemma="14an" pos="X">14an</wf>
         <wf lemma="egin" pos="X">egin</wf>
         <wf lemma="zuten" pos="X">zuten</wf>
         <wf lemma="goi" pos="X">goi</wf>
         <wf lemma="bilera" pos="X">bilera</wf>
         <wf lemma="Piongiangen" pos="X">Piongiangen</wf>
         <wf lemma="," pos="X">,</wf>
         <wf lemma="Ipar" pos="X">Ipar</wf>
         <wf lemma="Koreako" pos="X">Koreako</wf>
         <instance id="d000.s1174.t000" lemma="hiriburu" pos="NOUN">hiriburuan</instance>
         <wf lemma="," pos="X">,</wf>
         <wf lemma="eta" pos="X">eta</wf>
         <wf lemma="ituna" pos="X">ituna</wf>
         <wf lemma="izenpetu" pos="X">izenpetu</wf>
         <wf lemma="zuten" pos="X">zuten</wf>
         <wf lemma="." pos="X">.</wf>
      </sentence>
      <sentence id="d000.s1175" source="wordnet-basque">
         <wf lemma="ITPk" pos="X">ITPk</wf>
         <wf lemma="bultzada" pos="X">bultzada</wf>
         <wf lemma="handiko" pos="X">handiko</wf>
         <wf lemma="eta" pos="X">eta</wf>
         <instance id="d000.s1175.t000" lemma="presio" pos="NOUN">presio</instance>
         <wf lemma="txikiko" pos="X">txikiko</wf>
         <wf lemma="Rolls" pos="X">Rolls</wf>
         <wf lemma="motorraren" pos="X">motorraren</wf>
         <wf lemma="turbinak" pos="X">turbinak</wf>
         <wf lemma="egingo" pos="X">egingo</wf>
         <wf lemma="ditu" pos="X">ditu</wf>
         <wf lemma="Airbus" pos="X">Airbus</wf>
         <wf lemma="Trent500-rentzako" pos="X">Trent500-rentzako</wf>
         <wf lemma="." pos="X">.</wf>
      </sentence>
      <sentence id="d000.s1176" source="wordnet-basque">
         <wf lemma="portuko" pos="X">portuko</wf>
         <wf lemma="kostuen" pos="X">kostuen</wf>
         <wf lemma="eta" pos="X">eta</wf>
         <wf lemma="enpresen" pos="X">enpresen</wf>
         <wf lemma="karga" pos="X">karga</wf>
         <wf lemma="sozialen" pos="X">sozialen</wf>
         <wf lemma="murrizketan" pos="X">murrizketan</wf>
         <wf lemma="datza" pos="X">datza</wf>
         <wf lemma="," pos="X">,</wf>
         <wf lemma="batik" pos="X">batik</wf>
         <wf lemma="bat" pos="X">bat</wf>
         <instance id="d000.s1176.t000" lemma="plan" pos="NOUN">plana</instance>
         <wf lemma="." pos="X">.</wf>
      </sentence>
      <sentence id="d000.s1177" source="wordnet-basque">
         <wf lemma="A" pos="X">A</wf>
         <wf lemma="puntuan" pos="X">puntuan</wf>
         <wf lemma="energia" pos="X">energia</wf>
         <wf lemma="6" pos="X">6</wf>
         <wf lemma="Joule" pos="X">Joule</wf>
         <wf lemma="bada" pos="X">bada</wf>
         <wf lemma="eta" pos="X">eta</wf>
         <wf lemma="B" pos="X">B</wf>
         <wf lemma="puntuan" pos="X">puntuan</wf>
         <wf lemma="8" pos="X">8</wf>
         <wf lemma="bada" pos="X">bada</wf>
         <wf lemma="," pos="X">,</wf>
         <wf lemma="zenbateko" pos="X">zenbateko</wf>
         <wf lemma="lana" pos="X">lana</wf>
         <wf lemma="egin" pos="X">egin</wf>
         <wf lemma="du" pos="X">du</wf>
         <wf lemma="kanpo" pos="X">kanpo</wf>
         <instance id="d000.s1177.t000" lemma="indar" pos="NOUN">indar</instance>
         <wf lemma="horrek" pos="X">horrek</wf>
         <wf lemma="?" pos="X">?</wf>
      </sentence>
      <sentence id="d000.s1178" source="wordnet-basque">
         <instance id="d000.s1178.t000" lemma="batzar" pos="NOUN">batzar</instance>
         <wf lemma="batek" pos="X">batek</wf>
         <wf lemma="berretsi" pos="X">berretsi</wf>
         <wf lemma="zuen" pos="X">zuen</wf>
         <wf lemma="izendapena" pos="X">izendapena</wf>
         <wf lemma="aho" pos="X">aho</wf>
         <wf lemma="batez" pos="X">batez</wf>
         <wf lemma="." pos="X">.</wf>
      </sentence>
      <sentence id="d000.s1179" source="wordnet-basque">
         <wf lemma="hamasei" pos="X">hamasei</wf>
         <wf lemma="egunez" pos="X">egunez</wf>
         <wf lemma="," pos="X">,</wf>
         <wf lemma="mundu" pos="X">mundu</wf>
         <wf lemma="osoko" pos="X">osoko</wf>
         <wf lemma="10.200" pos="X">10.200</wf>
         <instance id="d000.s1179.t000" lemma="kirolari" pos="NOUN">kirolari</instance>
         <wf lemma="aritu" pos="X">aritu</wf>
         <wf lemma="dira" pos="X">dira</wf>
         <wf lemma="nor" pos="X">nor</wf>
         <wf lemma="baino" pos="X">baino</wf>
         <wf lemma="nor" pos="X">nor</wf>
         <wf lemma="," pos="X">,</wf>
         <wf lemma="28" pos="X">28</wf>
         <wf lemma="kirol" pos="X">kirol</wf>
         <wf lemma="ezberdinetan" pos="X">ezberdinetan</wf>
         <wf lemma="Sydneyn" pos="X">Sydneyn</wf>
         <wf lemma="." pos="X">.</wf>
      </sentence>
      <sentence id="d000.s1180" source="wordnet-basque">
         <wf lemma="gradu" pos="X">gradu</wf>
         <wf lemma="asko" pos="X">asko</wf>
         <wf lemma="dira" pos="X">dira</wf>
         <wf lemma="arrakasta" pos="X">arrakasta</wf>
         <wf lemma="auzi" pos="X">auzi</wf>
         <wf lemma="denean" pos="X">denean</wf>
         <wf lemma="eta" pos="X">eta</wf>
         <wf lemma="neke" pos="X">neke</wf>
         <wf lemma="da" pos="X">da</wf>
         <instance id="d000.s1180.t000" lemma="neurri" pos="NOUN">neurria</instance>
         <wf lemma="." pos="X">.</wf>
      </sentence>
      <sentence id="d000.s1181" source="wordnet-basque">
         <wf lemma="EHk" pos="X">EHk</wf>
         <wf lemma="aurreko" pos="X">aurreko</wf>
         <wf lemma="asteko" pos="X">asteko</wf>
         <wf lemma="atxiloketak" pos="X">atxiloketak</wf>
         <wf lemma="," pos="X">,</wf>
         <wf lemma="eta" pos="X">eta</wf>
         <wf lemma="Bilboko" pos="X">Bilboko</wf>
         <wf lemma="jaietan" pos="X">jaietan</wf>
         <wf lemma="jarrera" pos="X">jarrera</wf>
         <instance id="d000.s1181.t000" lemma="probokatzaile" pos="NOUN">probokatzailea</instance>
         <wf lemma="izan" pos="X">izan</wf>
         <wf lemma="zutela" pos="X">zutela</wf>
         <wf lemma="esan" pos="X">esan</wf>
         <wf lemma="zuen" pos="X">zuen</wf>
         <wf lemma="." pos="X">.</wf>
      </sentence>
      <sentence id="d000.s1182" source="wordnet-basque">
         <wf lemma="bere" pos="X">bere</wf>
         <instance id="d000.s1182.t000" lemma="boz" pos="NOUN">boza</instance>
         <wf lemma="galdu" pos="X">galdu</wf>
         <wf lemma="zuen" pos="X">zuen</wf>
         <wf lemma="." pos="X">.</wf>
      </sentence>
      <sentence id="d000.s1183" source="wordnet-basque">
         <wf lemma="lan" pos="X">lan</wf>
         <wf lemma="honen" pos="X">honen</wf>
         <wf lemma="helburu" pos="X">helburu</wf>
         <wf lemma="apala" pos="X">apala</wf>
         <wf lemma="," pos="X">,</wf>
         <wf lemma="gaiaren" pos="X">gaiaren</wf>
         <instance id="d000.s1183.t000" lemma="aurkezpen" pos="NOUN">aurkezpen</instance>
         <wf lemma="soil" pos="X">soil</wf>
         <wf lemma="bat" pos="X">bat</wf>
         <wf lemma="egitea" pos="X">egitea</wf>
         <wf lemma="da" pos="X">da</wf>
         <wf lemma="." pos="X">.</wf>
      </sentence>
      <sentence id="d000.s1184" source="wordnet-basque">
         <wf lemma="Alemania" pos="X">Alemania</wf>
         <wf lemma="Egoera" pos="X">Egoera</wf>
         <wf lemma="kezkagarriagoa" pos="X">kezkagarriagoa</wf>
         <wf lemma="da" pos="X">da</wf>
         <instance id="d000.s1184.t000" lemma="ekialde" pos="NOUN">Ekialdeko</instance>
         <wf lemma="Alemanian" pos="X">Alemanian</wf>
         <wf lemma="." pos="X">.</wf>
      </sentence>
      <sentence id="d000.s1185" source="wordnet-basque">
         <wf lemma="hilabetean" pos="X">hilabetean</wf>
         <wf lemma="200" pos="X">200</wf>
         <instance id="d000.s1185.t000" lemma="libera" pos="NOUN">libera</instance>
         <wf lemma="(" pos="X">(</wf>
         <wf lemma="50.000" pos="X">50.000</wf>
         <wf lemma="pezeta" pos="X">pezeta</wf>
         <wf lemma=")" pos="X">)</wf>
         <wf lemma="aurreztuko" pos="X">aurreztuko</wf>
         <wf lemma="lukeen" pos="X">lukeen</wf>
         <wf lemma="langileak" pos="X">langileak</wf>
         <wf lemma="diru" pos="X">diru</wf>
         <wf lemma="hori" pos="X">hori</wf>
         <wf lemma="bikoizturik" pos="X">bikoizturik</wf>
         <wf lemma="ikusiko" pos="X">ikusiko</wf>
         <wf lemma="luke" pos="X">luke</wf>
         <wf lemma="." pos="X">.</wf>
      </sentence>
      <sentence id="d000.s1186" source="wordnet-basque">
         <wf lemma="kirola" pos="X">kirola</wf>
         <wf lemma="egiteko" pos="X">egiteko</wf>
         <instance id="d000.s1186.t000" lemma="eraikin" pos="NOUN">eraikinen</instance>
         <wf lemma="maila" pos="X">maila</wf>
         <wf lemma="izan" pos="X">izan</wf>
         <wf lemma="da" pos="X">da</wf>
         <wf lemma="hain" pos="X">hain</wf>
         <wf lemma="zuzen" pos="X">zuzen</wf>
         <wf lemma="Atenasen" pos="X">Atenasen</wf>
         <wf lemma="puntu" pos="X">puntu</wf>
         <wf lemma="indartsuena" pos="X">indartsuena</wf>
         <wf lemma="." pos="X">.</wf>
      </sentence>
      <sentence id="d000.s1187" source="wordnet-basque">
         <wf lemma="EAEko" pos="X">EAEko</wf>
         <instance id="d000.s1187.t000" lemma="ekonomia" pos="NOUN">ekonomia</instance>
         <wf lemma="aurten" pos="X">aurten</wf>
         <wf lemma="%4tik" pos="X">%4tik</wf>
         <wf lemma="gora" pos="X">gora</wf>
         <wf lemma="igoko" pos="X">igoko</wf>
         <wf lemma="dela" pos="X">dela</wf>
         <wf lemma="dio" pos="X">dio</wf>
         <wf lemma="Jaurlaritzak" pos="X">Jaurlaritzak</wf>
         <wf lemma="." pos="X">.</wf>
      </sentence>
      <sentence id="d000.s1188" source="wordnet-basque">
         <wf lemma="Gernikan" pos="X">Gernikan</wf>
         <wf lemma="atzo" pos="X">atzo</wf>
         <wf lemma="goizaldera" pos="X">goizaldera</wf>
         <wf lemma="bukatu" pos="X">bukatu</wf>
         <wf lemma="zen" pos="X">zen</wf>
         <wf lemma="Gernikako" pos="X">Gernikako</wf>
         <instance id="d000.s1188.t000" lemma="urri" pos="NOUN">urriko</instance>
         <wf lemma="azken" pos="X">azken</wf>
         <wf lemma="astelehena" pos="X">astelehena</wf>
         <wf lemma="." pos="X">.</wf>
      </sentence>
      <sentence id="d000.s1189" source="wordnet-basque">
         <wf lemma="bat-batean" pos="X">bat-batean</wf>
         <wf lemma="eta" pos="X">eta</wf>
         <wf lemma="mutilaren" pos="X">mutilaren</wf>
         <wf lemma="kontrako" pos="X">kontrako</wf>
         <wf lemma="oihuak" pos="X">oihuak</wf>
         <instance id="d000.s1189.t000" lemma="mahai" pos="NOUN">mahai</instance>
         <wf lemma="gehienetatik" pos="X">gehienetatik</wf>
         <wf lemma="iritsi" pos="X">iritsi</wf>
         <wf lemma="dira" pos="X">dira</wf>
         <wf lemma="." pos="X">.</wf>
      </sentence>
      <sentence id="d000.s1190" source="wordnet-basque">
         <instance id="d000.s1190.t000" lemma="hanka" pos="NOUN">hanka</instance>
         <wf lemma="baten" pos="X">baten</wf>
         <wf lemma="gainean" pos="X">gainean</wf>
         <wf lemma="salto" pos="X">salto</wf>
         <wf lemma="egiteko" pos="X">egiteko</wf>
         <wf lemma="marrak" pos="X">marrak</wf>
         <wf lemma="egiten" pos="X">egiten</wf>
         <wf lemma="aritu" pos="X">aritu</wf>
         <wf lemma="ziren" pos="X">ziren</wf>
         <wf lemma="bi" pos="X">bi</wf>
         <wf lemma="neskak" pos="X">neskak</wf>
         <wf lemma="." pos="X">.</wf>
      </sentence>
      <sentence id="d000.s1191" source="wordnet-basque">
         <instance id="d000.s1191.t000" lemma="aste" pos="NOUN">aste</instance>
         <wf lemma="betez" pos="X">betez</wf>
         <wf lemma="euria" pos="X">euria</wf>
         <wf lemma="egin" pos="X">egin</wf>
         <wf lemma="zuen" pos="X">zuen</wf>
         <wf lemma="." pos="X">.</wf>
      </sentence>
      <sentence id="d000.s1192" source="wordnet-basque">
         <wf lemma="zalantzarik" pos="X">zalantzarik</wf>
         <wf lemma="gabe" pos="X">gabe</wf>
         <wf lemma="," pos="X">,</wf>
         <instance id="d000.s1192.t000" lemma="adin" pos="NOUN">adineko</instance>
         <wf lemma="pertsona" pos="X">pertsona</wf>
         <wf lemma="bere" pos="X">bere</wf>
         <wf lemma="famili" pos="X">famili</wf>
         <wf lemma="ingurunean" pos="X">ingurunean</wf>
         <wf lemma="edukitzea" pos="X">edukitzea</wf>
         <wf lemma="bultzatu" pos="X">bultzatu</wf>
         <wf lemma="nahi" pos="X">nahi</wf>
         <wf lemma="bada" pos="X">bada</wf>
         <wf lemma="." pos="X">.</wf>
      </sentence>
      <sentence id="d000.s1193" source="wordnet-basque">
         <wf lemma="beheko" pos="X">beheko</wf>
         <instance id="d000.s1193.t000" lemma="irudi" pos="NOUN">irudi</instance>
         <wf lemma="horrek" pos="X">horrek</wf>
         <wf lemma="lagundiko" pos="X">lagundiko</wf>
         <wf lemma="dizu" pos="X">dizu</wf>
         <wf lemma="ibai" pos="X">ibai</wf>
         <wf lemma="baten" pos="X">baten</wf>
         <wf lemma="hiru" pos="X">hiru</wf>
         <wf lemma="zona" pos="X">zona</wf>
         <wf lemma="edo" pos="X">edo</wf>
         <wf lemma="ibilguak" pos="X">ibilguak</wf>
         <wf lemma="bereizten" pos="X">bereizten</wf>
         <wf lemma="." pos="X">.</wf>
      </sentence>
      <sentence id="d000.s1194" source="wordnet-basque">
         <wf lemma="Bigarren" pos="X">Bigarren</wf>
         <wf lemma="Mailan" pos="X">Mailan</wf>
         <wf lemma="Sadarren" pos="X">Sadarren</wf>
         <wf lemma="eginiko" pos="X">eginiko</wf>
         <wf lemma="azken" pos="X">azken</wf>
         <wf lemma="entrenamendua" pos="X">entrenamendua</wf>
         <wf lemma="eta" pos="X">eta</wf>
         <wf lemma="partidutxoa" pos="X">partidutxoa</wf>
         <wf lemma="izan" pos="X">izan</wf>
         <wf lemma="daiteke" pos="X">daiteke</wf>
         <wf lemma="atzo" pos="X">atzo</wf>
         <wf lemma="Lotinaren" pos="X">Lotinaren</wf>
         <instance id="d000.s1194.t000" lemma="mutil" pos="NOUN">mutilek</instance>
         <wf lemma="egin" pos="X">egin</wf>
         <wf lemma="zutena" pos="X">zutena</wf>
         <wf lemma="." pos="X">.</wf>
      </sentence>
      <sentence id="d000.s1195" source="wordnet-basque">
         <instance id="d000.s1195.t000" lemma="pila" pos="NOUN">pila</instance>
         <wf lemma="bat" pos="X">bat</wf>
         <wf lemma="LIFO" pos="X">LIFO</wf>
         <wf lemma="motako" pos="X">motako</wf>
         <wf lemma="datuen" pos="X">datuen</wf>
         <wf lemma="egituraketa" pos="X">egituraketa</wf>
         <wf lemma="bat" pos="X">bat</wf>
         <wf lemma="da" pos="X">da</wf>
         <wf lemma="." pos="X">.</wf>
      </sentence>
      <sentence id="d000.s1196" source="wordnet-basque">
         <instance id="d000.s1196.t000" lemma="paper" pos="NOUN">paperezko</instance>
         <wf lemma="loreak" pos="X">loreak</wf>
         <wf lemma="erosi" pos="X">erosi</wf>
         <wf lemma="ditut" pos="X">ditut</wf>
         <wf lemma="." pos="X">.</wf>
      </sentence>
      <sentence id="d000.s1197" source="wordnet-basque">
         <wf lemma="2001" pos="X">2001</wf>
         <wf lemma="urtean" pos="X">urtean</wf>
         <wf lemma="negoziazio" pos="X">negoziazio</wf>
         <wf lemma="kolektiboak" pos="X">kolektiboak</wf>
         <wf lemma="enpresen" pos="X">enpresen</wf>
         <instance id="d000.s1197.t000" lemma="kudeaketa" pos="NOUN">kudeaketa</instance>
         <wf lemma="eta" pos="X">eta</wf>
         <wf lemma="kostuen" pos="X">kostuen</wf>
         <wf lemma="murrizketarako" pos="X">murrizketarako</wf>
         <wf lemma="'" pos="X">'</wf>
         <wf lemma="ezhoiko" pos="X">ezhoiko</wf>
         <wf lemma="tresna" pos="X">tresna</wf>
         <wf lemma="'" pos="X">'</wf>
         <wf lemma="izan" pos="X">izan</wf>
         <wf lemma="behar" pos="X">behar</wf>
         <wf lemma="du" pos="X">du</wf>
         <wf lemma="." pos="X">.</wf>
      </sentence>
      <sentence id="d000.s1198" source="wordnet-basque">
         <wf lemma="miarriztarrek" pos="X">miarriztarrek</wf>
         <instance id="d000.s1198.t000" lemma="defentsa" pos="NOUN">defentsan</instance>
         <wf lemma="presio" pos="X">presio</wf>
         <wf lemma="handia" pos="X">handia</wf>
         <wf lemma="egin" pos="X">egin</wf>
         <wf lemma="beharko" pos="X">beharko</wf>
         <wf lemma="dute" pos="X">dute</wf>
         <wf lemma="." pos="X">.</wf>
      </sentence>
      <sentence id="d000.s1199" source="wordnet-basque">
         <wf lemma="berrikuntza" pos="X">berrikuntza</wf>
         <wf lemma="metodologikoa" pos="X">metodologikoa</wf>
         <wf lemma="nabari" pos="X">nabari</wf>
         <wf lemma="da" pos="X">da</wf>
         <instance id="d000.s1199.t000" lemma="lan" pos="NOUN">lan</instance>
         <wf lemma="honetan" pos="X">honetan</wf>
         <wf lemma="." pos="X">.</wf>
      </sentence>
      <sentence id="d000.s1200" source="wordnet-basque">
         <instance id="d000.s1200.t000" lemma="txartel" pos="NOUN">txartelaren</instance>
         <wf lemma="bidez" pos="X">bidez</wf>
         <wf lemma="herritarrek" pos="X">herritarrek</wf>
         <wf lemma="komertzio" pos="X">komertzio</wf>
         <wf lemma="txikietan" pos="X">txikietan</wf>
         <wf lemma="erosteko" pos="X">erosteko</wf>
         <wf lemma="ohitura" pos="X">ohitura</wf>
         <wf lemma="berreskuratu" pos="X">berreskuratu</wf>
         <wf lemma="nahi" pos="X">nahi</wf>
         <wf lemma="da" pos="X">da</wf>
         <wf lemma="." pos="X">.</wf>
      </sentence>
      <sentence id="d000.s1201" source="wordnet-basque">
         <wf lemma="Mirenek" pos="X">Mirenek</wf>
         <wf lemma="bi" pos="X">bi</wf>
         <instance id="d000.s1201.t000" lemma="anaia" pos="NOUN">anaia</instance>
         <wf lemma="ditu" pos="X">ditu</wf>
         <wf lemma="." pos="X">.</wf>
      </sentence>
      <sentence id="d000.s1202" source="wordnet-basque">
         <wf lemma="Jose" pos="X">Jose</wf>
         <wf lemma="Mari" pos="X">Mari</wf>
         <wf lemma="Olazabalek" pos="X">Olazabalek</wf>
         <wf lemma="izugarri" pos="X">izugarri</wf>
         <wf lemma="itzuli" pos="X">itzuli</wf>
         <wf lemma="ona" pos="X">ona</wf>
         <wf lemma="egin" pos="X">egin</wf>
         <wf lemma="zuen" pos="X">zuen</wf>
         <wf lemma="Irlandako" pos="X">Irlandako</wf>
         <wf lemma="Irekiko" pos="X">Irekiko</wf>
         <wf lemma="hirugarren" pos="X">hirugarren</wf>
         <wf lemma="saioan" pos="X">saioan</wf>
         <wf lemma="," pos="X">,</wf>
         <wf lemma="7" pos="X">7</wf>
         <instance id="d000.s1202.t000" lemma="kolpe" pos="NOUN">kolpe</instance>
         <wf lemma="parraren" pos="X">parraren</wf>
         <wf lemma="azpitik" pos="X">azpitik</wf>
         <wf lemma="." pos="X">.</wf>
      </sentence>
      <sentence id="d000.s1203" source="wordnet-basque">
         <wf lemma="jokalari" pos="X">jokalari</wf>
         <wf lemma="guztiak" pos="X">guztiak</wf>
         <wf lemma="taldera" pos="X">taldera</wf>
         <wf lemma="egokitzeko" pos="X">egokitzeko</wf>
         <instance id="d000.s1203.t000" lemma="denbora" pos="NOUN">denbora</instance>
         <wf lemma="behar" pos="X">behar</wf>
         <wf lemma="izaten" pos="X">izaten</wf>
         <wf lemma="da" pos="X">da</wf>
         <wf lemma="." pos="X">.</wf>
      </sentence>
      <sentence id="d000.s1204" source="wordnet-basque">
         <wf lemma="enintzela" pos="X">enintzela</wf>
         <wf lemma="etorriko" pos="X">etorriko</wf>
         <wf lemma="?" pos="X">?</wf>
         <wf lemma="," pos="X">,</wf>
         <wf lemma="hona" pos="X">hona</wf>
         <instance id="d000.s1204.t000" lemma="froga" pos="NOUN">froga</instance>
         <wf lemma="," pos="X">,</wf>
         <wf lemma="neu" pos="X">neu</wf>
         <wf lemma="nauzu" pos="X">nauzu</wf>
         <wf lemma="hemen" pos="X">hemen</wf>
         <wf lemma="!" pos="X">!</wf>
      </sentence>
      <sentence id="d000.s1205" source="wordnet-basque">
         <wf lemma="ikerketa" pos="X">ikerketa</wf>
         <wf lemma="martxan" pos="X">martxan</wf>
         <wf lemma="da" pos="X">da</wf>
         <wf lemma="eta" pos="X">eta</wf>
         <instance id="d000.s1205.t000" lemma="epaitegi" pos="NOUN">epaitegiek</instance>
         <wf lemma="erabakitzen" pos="X">erabakitzen</wf>
         <wf lemma="dutena" pos="X">dutena</wf>
         <wf lemma="errespetatu" pos="X">errespetatu</wf>
         <wf lemma="," pos="X">,</wf>
         <wf lemma="eta" pos="X">eta</wf>
         <wf lemma="ebazpena" pos="X">ebazpena</wf>
         <wf lemma="baloratuko" pos="X">baloratuko</wf>
         <wf lemma="dugu" pos="X">dugu</wf>
         <wf lemma="." pos="X">.</wf>
      </sentence>
      <sentence id="d000.s1206" source="wordnet-basque">
         <wf lemma="Nafarroa" pos="X">Nafarroa</wf>
         <wf lemma="," pos="X">,</wf>
         <wf lemma="baskoiek" pos="X">baskoiek</wf>
         <wf lemma="sortua" pos="X">sortua</wf>
         <wf lemma="," pos="X">,</wf>
         <wf lemma="euskaldunek" pos="X">euskaldunek</wf>
         <wf lemma="historian" pos="X">historian</wf>
         <wf lemma="izan" pos="X">izan</wf>
         <wf lemma="duten" pos="X">duten</wf>
         <instance id="d000.s1206.t000" lemma="erresuma" pos="NOUN">erresuma</instance>
         <wf lemma="handia" pos="X">handia</wf>
         <wf lemma="da" pos="X">da</wf>
         <wf lemma="." pos="X">.</wf>
      </sentence>
      <sentence id="d000.s1207" source="wordnet-basque">
         <wf lemma="ETAren" pos="X">ETAren</wf>
         <wf lemma="helburu" pos="X">helburu</wf>
         <wf lemma="dela" pos="X">dela</wf>
         <wf lemma="esan" pos="X">esan</wf>
         <wf lemma="dio" pos="X">dio</wf>
         <wf lemma="Iragik" pos="X">Iragik</wf>
         <wf lemma="Ruiz" pos="X">Ruiz</wf>
         <wf lemma="Polancori" pos="X">Polancori</wf>
         <wf lemma="," pos="X">,</wf>
         <wf lemma="eta" pos="X">eta</wf>
         <wf lemma="honek" pos="X">honek</wf>
         <wf lemma="erantzun" pos="X">erantzun</wf>
         <wf lemma="dio" pos="X">dio</wf>
         <wf lemma="epaile" pos="X">epaile</wf>
         <wf lemma="ez" pos="X">ez</wf>
         <wf lemma="balitz" pos="X">balitz</wf>
         <instance id="d000.s1207.t000" lemma="mutur" pos="NOUN">muturra</instance>
         <wf lemma="hautsiko" pos="X">hautsiko</wf>
         <wf lemma="liokeela" pos="X">liokeela</wf>
         <wf lemma="." pos="X">.</wf>
      </sentence>
      <sentence id="d000.s1208" source="wordnet-basque">
         <wf lemma="Itoizko" pos="X">Itoizko</wf>
         <wf lemma="urtegia" pos="X">urtegia</wf>
         <wf lemma="egiten" pos="X">egiten</wf>
         <wf lemma="segituko" pos="X">segituko</wf>
         <wf lemma="du" pos="X">du</wf>
         <wf lemma="," pos="X">,</wf>
         <wf lemma="eta" pos="X">eta</wf>
         <wf lemma="gainera" pos="X">gainera</wf>
         <wf lemma="pozik" pos="X">pozik</wf>
         <wf lemma="agertu" pos="X">agertu</wf>
         <wf lemma="da" pos="X">da</wf>
         <wf lemma="ez" pos="X">ez</wf>
         <wf lemma="dutelako" pos="X">dutelako</wf>
         <wf lemma="behartu" pos="X">behartu</wf>
         <instance id="d000.s1208.t000" lemma="obra" pos="NOUN">obrak</instance>
         <wf lemma="bertan" pos="X">bertan</wf>
         <wf lemma="behera" pos="X">behera</wf>
         <wf lemma="uztera" pos="X">uztera</wf>
         <wf lemma="." pos="X">.</wf>
      </sentence>
      <sentence id="d000.s1209" source="wordnet-basque">
         <wf lemma="zortzi" pos="X">zortzi</wf>
         <wf lemma="hilabeteren" pos="X">hilabeteren</wf>
         <wf lemma="ondoren" pos="X">ondoren</wf>
         <wf lemma="dimititu" pos="X">dimititu</wf>
         <wf lemma="egin" pos="X">egin</wf>
         <wf lemma="zuen" pos="X">zuen</wf>
         <wf lemma="," pos="X">,</wf>
         <instance id="d000.s1209.t000" lemma="oposizio" pos="NOUN">oposizioak</instance>
         <wf lemma="leporatu" pos="X">leporatu</wf>
         <wf lemma="baitzion" pos="X">baitzion</wf>
         <wf lemma="tankeak" pos="X">tankeak</wf>
         <wf lemma="erabiltzea" pos="X">erabiltzea</wf>
         <wf lemma="manifestatzaileen" pos="X">manifestatzaileen</wf>
         <wf lemma="aurka" pos="X">aurka</wf>
         <wf lemma="." pos="X">.</wf>
      </sentence>
      <sentence id="d000.s1210" source="wordnet-basque">
         <wf lemma="osaba" pos="X">osaba</wf>
         <wf lemma="bere" pos="X">bere</wf>
         <instance id="d000.s1210.t000" lemma="lantegi" pos="NOUN">lantegian</instance>
         <wf lemma="espartigintzan" pos="X">espartigintzan</wf>
         <wf lemma="ari" pos="X">ari</wf>
         <wf lemma="da" pos="X">da</wf>
         <wf lemma="." pos="X">.</wf>
      </sentence>
      <sentence id="d000.s1211" source="wordnet-basque">
         <wf lemma="Tanjerko" pos="X">Tanjerko</wf>
         <wf lemma="españitar" pos="X">españitar</wf>
         <wf lemma="konsulak" pos="X">konsulak</wf>
         <wf lemma="eskutitz" pos="X">eskutitz</wf>
         <wf lemma="bat" pos="X">bat</wf>
         <wf lemma="bialtzen" pos="X">bialtzen</wf>
         <wf lemma="dio" pos="X">dio</wf>
         <wf lemma="Marruekotako" pos="X">Marruekotako</wf>
         <wf lemma="atzerrirako" pos="X">atzerrirako</wf>
         <wf lemma="ministroari" pos="X">ministroari</wf>
         <wf lemma="," pos="X">,</wf>
         <instance id="d000.s1211.t000" lemma="moro" pos="NOUN">moroak</instance>
         <wf lemma="Españia`ri" pos="X">Españia`ri</wf>
         <wf lemma="egindako" pos="X">egindako</wf>
         <wf lemma="iraiñagatik" pos="X">iraiñagatik</wf>
         <wf lemma="protesta" pos="X">protesta</wf>
         <wf lemma="egiñez" pos="X">egiñez</wf>
         <wf lemma="." pos="X">.</wf>
      </sentence>
      <sentence id="d000.s1212" source="wordnet-basque">
         <wf lemma="igandean" pos="X">igandean</wf>
         <wf lemma="," pos="X">,</wf>
         <wf lemma="Sadarreko" pos="X">Sadarreko</wf>
         <instance id="d000.s1212.t000" lemma="ate" pos="NOUN">ateak</instance>
         <wf lemma="zabalduko" pos="X">zabalduko</wf>
         <wf lemma="dituzte" pos="X">dituzte</wf>
         <wf lemma="partida" pos="X">partida</wf>
         <wf lemma="amaituta" pos="X">amaituta</wf>
         <wf lemma="." pos="X">.</wf>
      </sentence>
      <sentence id="d000.s1213" source="wordnet-basque">
         <wf lemma="Strange" pos="X">Strange</wf>
         <wf lemma="Days" pos="X">Days</wf>
         <wf lemma="ilun" pos="X">ilun</wf>
         <wf lemma="eta" pos="X">eta</wf>
         <wf lemma="iradokitzailearen" pos="X">iradokitzailearen</wf>
         <instance id="d000.s1213.t000" lemma="zuzendari" pos="NOUN">zuzendariak</instance>
         <wf lemma="Jeane" pos="X">Jeane</wf>
         <wf lemma="eta" pos="X">eta</wf>
         <wf lemma="Marenen" pos="X">Marenen</wf>
         <wf lemma="maitasun" pos="X">maitasun</wf>
         <wf lemma="istorio" pos="X">istorio</wf>
         <wf lemma="zaurituak" pos="X">zaurituak</wf>
         <wf lemma="paraleloki" pos="X">paraleloki</wf>
         <wf lemma="kontatzen" pos="X">kontatzen</wf>
         <wf lemma="ditu" pos="X">ditu</wf>
         <wf lemma="," pos="X">,</wf>
         <wf lemma="etengabe" pos="X">etengabe</wf>
         <wf lemma="iraganarera" pos="X">iraganarera</wf>
         <wf lemma="garamatzaten" pos="X">garamatzaten</wf>
         <wf lemma="flash-back" pos="X">flash-back</wf>
         <wf lemma="gordinez" pos="X">gordinez</wf>
         <wf lemma="oraina" pos="X">oraina</wf>
         <wf lemma="zarramazkatuz" pos="X">zarramazkatuz</wf>
         <wf lemma="." pos="X">.</wf>
      </sentence>
      <sentence id="d000.s1214" source="wordnet-basque">
         <wf lemma="trikitixako" pos="X">trikitixako</wf>
         <instance id="d000.s1214.t000" lemma="aire" pos="NOUN">aire</instance>
         <wf lemma="tradizionalei" pos="X">tradizionalei</wf>
         <wf lemma="azkenaldi" pos="X">azkenaldi</wf>
         <wf lemma="honetakoak" pos="X">honetakoak</wf>
         <wf lemma="gehitu" pos="X">gehitu</wf>
         <wf lemma="dizkie" pos="X">dizkie</wf>
         <wf lemma="," pos="X">,</wf>
         <wf lemma="hala" pos="X">hala</wf>
         <wf lemma="nola" pos="X">nola</wf>
         <wf lemma="kunbia" pos="X">kunbia</wf>
         <wf lemma="eta" pos="X">eta</wf>
         <wf lemma="ska" pos="X">ska</wf>
         <wf lemma="." pos="X">.</wf>
      </sentence>
      <sentence id="d000.s1215" source="wordnet-basque">
         <wf lemma="ez" pos="X">ez</wf>
         <wf lemma="da" pos="X">da</wf>
         <wf lemma="ahaztu" pos="X">ahaztu</wf>
         <wf lemma="behar" pos="X">behar</wf>
         <wf lemma="euroaren" pos="X">euroaren</wf>
         <wf lemma="ahuleziak" pos="X">ahuleziak</wf>
         <instance id="d000.s1215.t000" lemma="inflazio" pos="NOUN">inflazioa</instance>
         <wf lemma="igotzea" pos="X">igotzea</wf>
         <wf lemma="eragin" pos="X">eragin</wf>
         <wf lemma="duela" pos="X">duela</wf>
         <wf lemma="." pos="X">.</wf>
      </sentence>
      <sentence id="d000.s1216" source="wordnet-basque">
         <wf lemma="bertan" pos="X">bertan</wf>
         <wf lemma="gelditu" pos="X">gelditu</wf>
         <wf lemma="ziren" pos="X">ziren</wf>
         <instance id="d000.s1216.t000" lemma="dispertsio" pos="NOUN">dispertsioaren</instance>
         <wf lemma="aurkako" pos="X">aurkako</wf>
         <wf lemma="aldarrikapenak" pos="X">aldarrikapenak</wf>
         <wf lemma="oihukatuz" pos="X">oihukatuz</wf>
         <wf lemma="." pos="X">.</wf>
      </sentence>
      <sentence id="d000.s1217" source="wordnet-basque">
         <wf lemma="bururik" pos="X">bururik</wf>
         <wf lemma="gabeko" pos="X">gabeko</wf>
         <wf lemma="probokazioa" pos="X">probokazioa</wf>
         <wf lemma="izan" pos="X">izan</wf>
         <wf lemma="da" pos="X">da</wf>
         <wf lemma="haren" pos="X">haren</wf>
         <wf lemma="bisita" pos="X">bisita</wf>
         <wf lemma="," pos="X">,</wf>
         <instance id="d000.s1217.t000" lemma="arrazoi" pos="NOUN">arrazoietara</instance>
         <wf lemma="itzultzeko" pos="X">itzultzeko</wf>
         <wf lemma="eskatu" pos="X">eskatu</wf>
         <wf lemma="die" pos="X">die</wf>
         <wf lemma="israeldar" pos="X">israeldar</wf>
         <wf lemma="eta" pos="X">eta</wf>
         <wf lemma="palestinarrei" pos="X">palestinarrei</wf>
         <wf lemma="." pos="X">.</wf>
      </sentence>
      <sentence id="d000.s1218" source="wordnet-basque">
         <wf lemma="zalantza" pos="X">zalantza</wf>
         <wf lemma="horiek" pos="X">horiek</wf>
         <wf lemma="ezusteko" pos="X">ezusteko</wf>
         <wf lemma="bidetik" pos="X">bidetik</wf>
         <wf lemma="lortu" pos="X">lortu</wf>
         <wf lemma="zuten" pos="X">zuten</wf>
         <instance id="d000.s1218.t000" lemma="argi" pos="NOUN">argia</instance>
         <wf lemma="." pos="X">.</wf>
      </sentence>
      <sentence id="d000.s1219" source="wordnet-basque">
         <wf lemma="politikariek" pos="X">politikariek</wf>
         <wf lemma="diotenez" pos="X">diotenez</wf>
         <wf lemma="herriaren" pos="X">herriaren</wf>
         <instance id="d000.s1219.t000" lemma="hitz" pos="NOUN">hitza</instance>
         <wf lemma="errespetatu" pos="X">errespetatu</wf>
         <wf lemma="behar" pos="X">behar</wf>
         <wf lemma="da" pos="X">da</wf>
         <wf lemma="." pos="X">.</wf>
      </sentence>
      <sentence id="d000.s1220" source="wordnet-basque">
         <wf lemma="hau" pos="X">hau</wf>
         <wf lemma="ez" pos="X">ez</wf>
         <wf lemma="da" pos="X">da</wf>
         <instance id="d000.s1220.t000" lemma="kasu" pos="NOUN">kasua</instance>
         <wf lemma="." pos="X">.</wf>
      </sentence>
      <sentence id="d000.s1221" source="wordnet-basque">
         <wf lemma="aurtengo" pos="X">aurtengo</wf>
         <instance id="d000.s1221.t000" lemma="hegaluze" pos="NOUN">hegaluzearen</instance>
         <wf lemma="kanpaina" pos="X">kanpaina</wf>
         <wf lemma="ondo" pos="X">ondo</wf>
         <wf lemma="doala" pos="X">doala</wf>
         <wf lemma="ziurtatu" pos="X">ziurtatu</wf>
         <wf lemma="du" pos="X">du</wf>
         <wf lemma="." pos="X">.</wf>
      </sentence>
      <sentence id="d000.s1222" source="wordnet-basque">
         <wf lemma="uztailarekin" pos="X">uztailarekin</wf>
         <wf lemma="batera" pos="X">batera</wf>
         <wf lemma="bukatu" pos="X">bukatu</wf>
         <wf lemma="zuten" pos="X">zuten</wf>
         <wf lemma="ikasleek" pos="X">ikasleek</wf>
         <instance id="d000.s1222.t000" lemma="urte" pos="NOUN">urtea</instance>
         <wf lemma="." pos="X">.</wf>
      </sentence>
      <sentence id="d000.s1223" source="wordnet-basque">
         <wf lemma="legearen" pos="X">legearen</wf>
         <wf lemma="betetzea" pos="X">betetzea</wf>
         <wf lemma="," pos="X">,</wf>
         <wf lemma="eta" pos="X">eta</wf>
         <wf lemma="hedabideek" pos="X">hedabideek</wf>
         <wf lemma="gai" pos="X">gai</wf>
         <wf lemma="horri" pos="X">horri</wf>
         <wf lemma="buruz" pos="X">buruz</wf>
         <wf lemma="egiten" pos="X">egiten</wf>
         <wf lemma="duten" pos="X">duten</wf>
         <instance id="d000.s1223.t000" lemma="manipulazio" pos="NOUN">manipulazioa</instance>
         <wf lemma="ere" pos="X">ere</wf>
         <wf lemma="," pos="X">,</wf>
         <wf lemma="ordezkari" pos="X">ordezkari</wf>
         <wf lemma="ezberdinen" pos="X">ezberdinen</wf>
         <wf lemma="ahotan" pos="X">ahotan</wf>
         <wf lemma="egon" pos="X">egon</wf>
         <wf lemma="zen" pos="X">zen</wf>
         <wf lemma="." pos="X">.</wf>
      </sentence>
      <sentence id="d000.s1224" source="wordnet-basque">
         <wf lemma="Bilboko" pos="X">Bilboko</wf>
         <instance id="d000.s1224.t000" lemma="metro" pos="NOUN">metroa</instance>
         <wf lemma="1995ean" pos="X">1995ean</wf>
         <wf lemma="jarri" pos="X">jarri</wf>
         <wf lemma="zen" pos="X">zen</wf>
         <wf lemma="martxan" pos="X">martxan</wf>
         <wf lemma="." pos="X">.</wf>
      </sentence>
      <sentence id="d000.s1225" source="wordnet-basque">
         <instance id="d000.s1225.t000" lemma="ama-hizkuntza" pos="NOUN">ama-hizkuntza</instance>
         <wf lemma="erdara" pos="X">erdara</wf>
         <wf lemma="izan" pos="X">izan</wf>
         <wf lemma="dutenak" pos="X">dutenak</wf>
         <wf lemma="Euskal" pos="X">Euskal</wf>
         <wf lemma="Herriko" pos="X">Herriko</wf>
         <wf lemma="biztanleen" pos="X">biztanleen</wf>
         <wf lemma="%78" pos="X">%78</wf>
         <wf lemma="dira" pos="X">dira</wf>
         <wf lemma="." pos="X">.</wf>
      </sentence>
      <sentence id="d000.s1226" source="wordnet-basque">
         <wf lemma="amaika" pos="X">amaika</wf>
         <instance id="d000.s1226.t000" lemma="negar" pos="NOUN">negar</instance>
         <wf lemma="eta" pos="X">eta</wf>
         <wf lemma="arrantza" pos="X">arrantza</wf>
         <wf lemma="irakurri" pos="X">irakurri</wf>
         <wf lemma="genituen" pos="X">genituen</wf>
         <wf lemma="espainiar" pos="X">espainiar</wf>
         <wf lemma="izparringietan" pos="X">izparringietan</wf>
         <wf lemma="," pos="X">,</wf>
         <wf lemma="diotela" pos="X">diotela</wf>
         <wf lemma="elearekin" pos="X">elearekin</wf>
         <wf lemma="batera" pos="X">batera</wf>
         <wf lemma="galduko" pos="X">galduko</wf>
         <wf lemma="zela" pos="X">zela</wf>
         <wf lemma="puertorricoarren" pos="X">puertorricoarren</wf>
         <wf lemma="artean" pos="X">artean</wf>
         <wf lemma="orain" pos="X">orain</wf>
         <wf lemma="daukaten" pos="X">daukaten</wf>
         <wf lemma="espainiartasuna" pos="X">espainiartasuna</wf>
         <wf lemma="." pos="X">.</wf>
      </sentence>
      <sentence id="d000.s1227" source="wordnet-basque">
         <wf lemma="Jugoslaviako" pos="X">Jugoslaviako</wf>
         <wf lemma="presidentea" pos="X">presidentea</wf>
         <wf lemma="eta" pos="X">eta</wf>
         <wf lemma="Legebiltzarra" pos="X">Legebiltzarra</wf>
         <wf lemma="hautatzeko" pos="X">hautatzeko</wf>
         <wf lemma="hauteskundeetan" pos="X">hauteskundeetan</wf>
         <wf lemma="," pos="X">,</wf>
         <wf lemma="Milosevicek" pos="X">Milosevicek</wf>
         <wf lemma="iragarri" pos="X">iragarri</wf>
         <wf lemma="du" pos="X">du</wf>
         <wf lemma="Federazioaren" pos="X">Federazioaren</wf>
         <wf lemma="lurralde" pos="X">lurralde</wf>
         <wf lemma="guztietan" pos="X">guztietan</wf>
         <instance id="d000.s1227.t000" lemma="kanpaina" pos="NOUN">kanpaina</instance>
         <wf lemma="egingo" pos="X">egingo</wf>
         <wf lemma="duela" pos="X">duela</wf>
         <wf lemma="." pos="X">.</wf>
      </sentence>
      <sentence id="d000.s1228" source="wordnet-basque">
         <wf lemma="botoen" pos="X">botoen</wf>
         <wf lemma="%99,78%" pos="X">%99,78%</wf>
         <wf lemma="99,78" pos="X">99,78</wf>
         <wf lemma="zenbatuta" pos="X">zenbatuta</wf>
         <wf lemma="zeudela" pos="X">zeudela</wf>
         <wf lemma="adierazi" pos="X">adierazi</wf>
         <wf lemma="zuen" pos="X">zuen</wf>
         <wf lemma="atzo" pos="X">atzo</wf>
         <wf lemma="Hauteskunde" pos="X">Hauteskunde</wf>
         <wf lemma="Prozesuetako" pos="X">Prozesuetako</wf>
         <instance id="d000.s1228.t000" lemma="bulego" pos="NOUN">Bulego</instance>
         <wf lemma="Nazionalak" pos="X">Nazionalak</wf>
         <wf lemma="." pos="X">.</wf>
      </sentence>
      <sentence id="d000.s1229" source="wordnet-basque">
         <instance id="d000.s1229.t000" lemma="jende" pos="NOUN">jende</instance>
         <wf lemma="asko" pos="X">asko</wf>
         <wf lemma="ibiltzen" pos="X">ibiltzen</wf>
         <wf lemma="da" pos="X">da</wf>
         <wf lemma="sagardotegietan" pos="X">sagardotegietan</wf>
         <wf lemma="." pos="X">.</wf>
      </sentence>
      <sentence id="d000.s1230" source="wordnet-basque">
         <wf lemma="enbaxada" pos="X">enbaxada</wf>
         <wf lemma="itxita" pos="X">itxita</wf>
         <wf lemma="aurkitu" pos="X">aurkitu</wf>
         <wf lemma="zuen" pos="X">zuen</wf>
         <wf lemma="," pos="X">,</wf>
         <wf lemma="Estatu" pos="X">Estatu</wf>
         <wf lemma="Batuetan" pos="X">Batuetan</wf>
         <instance id="d000.s1230.t000" lemma="jai" pos="NOUN">jai</instance>
         <wf lemma="delako" pos="X">delako</wf>
         <wf lemma="buruzagi" pos="X">buruzagi</wf>
         <wf lemma="beltzaren" pos="X">beltzaren</wf>
         <wf lemma="hilketaren" pos="X">hilketaren</wf>
         <wf lemma="urteurrena" pos="X">urteurrena</wf>
         <wf lemma="." pos="X">.</wf>
      </sentence>
      <sentence id="d000.s1231" source="wordnet-basque">
         <wf lemma="akaro" pos="X">akaro</wf>
         <wf lemma="edo" pos="X">edo</wf>
         <instance id="d000.s1231.t000" lemma="armiarma" pos="NOUN">armiarma</instance>
         <wf lemma="txiki" pos="X">txiki</wf>
         <wf lemma="hauek" pos="X">hauek</wf>
         <wf lemma="(" pos="X">(</wf>
         <wf lemma="0,25" pos="X">0,25</wf>
         <wf lemma="mm" pos="X">mm</wf>
         <wf lemma=")" pos="X">)</wf>
         <wf lemma="heldutasunean" pos="X">heldutasunean</wf>
         <wf lemma="gorri-gorriak" pos="X">gorri-gorriak</wf>
         <wf lemma="dira" pos="X">dira</wf>
         <wf lemma="." pos="X">.</wf>
      </sentence>
      <sentence id="d000.s1232" source="wordnet-basque">
         <wf lemma="baina" pos="X">baina</wf>
         <wf lemma="Pello" pos="X">Pello</wf>
         <wf lemma="Salaburuk" pos="X">Salaburuk</wf>
         <wf lemma="haren" pos="X">haren</wf>
         <instance id="d000.s1232.t000" lemma="hitzaldi" pos="NOUN">hitzaldia</instance>
         <wf lemma="moztu" pos="X">moztu</wf>
         <wf lemma="zuen" pos="X">zuen</wf>
         <wf lemma="eta" pos="X">eta</wf>
         <wf lemma="ingelesez" pos="X">ingelesez</wf>
         <wf lemma="bere" pos="X">bere</wf>
         <wf lemma="lekura" pos="X">lekura</wf>
         <wf lemma="bueltatzeko" pos="X">bueltatzeko</wf>
         <wf lemma="eskatu" pos="X">eskatu</wf>
         <wf lemma="zion" pos="X">zion</wf>
         <wf lemma="." pos="X">.</wf>
      </sentence>
      <sentence id="d000.s1233" source="wordnet-basque">
         <instance id="d000.s1233.t000" lemma="lur" pos="NOUN">lurraren</instance>
         <wf lemma="azala" pos="X">azala</wf>
         <wf lemma="estaltzen" pos="X">estaltzen</wf>
         <wf lemma="duena" pos="X">duena</wf>
         <wf lemma="eta" pos="X">eta</wf>
         <wf lemma="landare-hazkundearen" pos="X">landare-hazkundearen</wf>
         <wf lemma="euskarria" pos="X">euskarria</wf>
         <wf lemma="da" pos="X">da</wf>
         <wf lemma="lurzorua" pos="X">lurzorua</wf>
         <wf lemma="." pos="X">.</wf>
      </sentence>
      <sentence id="d000.s1234" source="wordnet-basque">
         <wf lemma="dena" pos="X">dena</wf>
         <wf lemma="den" pos="X">den</wf>
         <wf lemma="," pos="X">,</wf>
         <instance id="d000.s1234.t000" lemma="jarduera" pos="NOUN">jarduerak</instance>
         <wf lemma="ezin" pos="X">ezin</wf>
         <wf lemma="izango" pos="X">izango</wf>
         <wf lemma="dira" pos="X">dira</wf>
         <wf lemma="amaitu" pos="X">amaitu</wf>
         <wf lemma="02:00ak" pos="X">02:00ak</wf>
         <wf lemma="baino" pos="X">baino</wf>
         <wf lemma="beranduago" pos="X">beranduago</wf>
         <wf lemma="." pos="X">.</wf>
      </sentence>
      <sentence id="d000.s1235" source="wordnet-basque">
         <wf lemma="kezkatzeko" pos="X">kezkatzeko</wf>
         <instance id="d000.s1235.t000" lemma="zio" pos="NOUN">zio</instance>
         <wf lemma="nagusia" pos="X">nagusia</wf>
         <wf lemma="zen" pos="X">zen</wf>
         <wf lemma="bahiketa" pos="X">bahiketa</wf>
         <wf lemma="egileak" pos="X">egileak</wf>
         <wf lemma="atzo" pos="X">atzo</wf>
         <wf lemma="goizeko" pos="X">goizeko</wf>
         <wf lemma="08:30erako" pos="X">08:30erako</wf>
         <wf lemma="finkatu" pos="X">finkatu</wf>
         <wf lemma="zuela" pos="X">zuela</wf>
         <wf lemma="bere" pos="X">bere</wf>
         <wf lemma="exijentziei" pos="X">exijentziei</wf>
         <wf lemma="erantzuteko" pos="X">erantzuteko</wf>
         <wf lemma="azkenengo" pos="X">azkenengo</wf>
         <wf lemma="epea" pos="X">epea</wf>
         <wf lemma="." pos="X">.</wf>
      </sentence>
      <sentence id="d000.s1236" source="wordnet-basque">
         <wf lemma="Mubarak" pos="X">Mubarak</wf>
         <wf lemma="Frantzian" pos="X">Frantzian</wf>
         <wf lemma="da" pos="X">da</wf>
         <wf lemma="bi" pos="X">bi</wf>
         <wf lemma="eguneko" pos="X">eguneko</wf>
         <instance id="d000.s1236.t000" lemma="bisita" pos="NOUN">bisita</instance>
         <wf lemma="ofizialean" pos="X">ofizialean</wf>
         <wf lemma="," pos="X">,</wf>
         <wf lemma="eta" pos="X">eta</wf>
         <wf lemma="bertan" pos="X">bertan</wf>
         <wf lemma="egin" pos="X">egin</wf>
         <wf lemma="ditu" pos="X">ditu</wf>
         <wf lemma="adierazpenak" pos="X">adierazpenak</wf>
         <wf lemma="." pos="X">.</wf>
      </sentence>
      <sentence id="d000.s1237" source="wordnet-basque">
         <wf lemma="Annanen" pos="X">Annanen</wf>
         <wf lemma="ekimenarekin" pos="X">ekimenarekin</wf>
         <wf lemma="bat" pos="X">bat</wf>
         <wf lemma="egiteko" pos="X">egiteko</wf>
         <wf lemma="proposamena" pos="X">proposamena</wf>
         <wf lemma="jarri" pos="X">jarri</wf>
         <wf lemma="zuten" pos="X">zuten</wf>
         <wf lemma="mahai" pos="X">mahai</wf>
         <wf lemma="gainean" pos="X">gainean</wf>
         <wf lemma="EEBBek" pos="X">EEBBek</wf>
         <wf lemma="eta" pos="X">eta</wf>
         <wf lemma="Parisek" pos="X">Parisek</wf>
         <wf lemma="," pos="X">,</wf>
         <wf lemma="hau" pos="X">hau</wf>
         <wf lemma="da" pos="X">da</wf>
         <wf lemma="," pos="X">,</wf>
         <wf lemma="orain" pos="X">orain</wf>
         <wf lemma="arteko" pos="X">arteko</wf>
         <instance id="d000.s1237.t000" lemma="lerro" pos="NOUN">lerroa</instance>
         <wf lemma="utzi" pos="X">utzi</wf>
         <wf lemma="eta" pos="X">eta</wf>
         <wf lemma="irtenbide" pos="X">irtenbide</wf>
         <wf lemma="berrien" pos="X">berrien</wf>
         <wf lemma="bila" pos="X">bila</wf>
         <wf lemma="hastekoa" pos="X">hastekoa</wf>
         <wf lemma="." pos="X">.</wf>
      </sentence>
      <sentence id="d000.s1238" source="wordnet-basque">
         <wf lemma="ez" pos="X">ez</wf>
         <wf lemma="da" pos="X">da</wf>
         <wf lemma="alferrik" pos="X">alferrik</wf>
         <wf lemma="esaten" pos="X">esaten</wf>
         <wf lemma="," pos="X">,</wf>
         <wf lemma="bestela" pos="X">bestela</wf>
         <wf lemma="," pos="X">,</wf>
         <wf lemma="herri" pos="X">herri</wf>
         <wf lemma="baten" pos="X">baten</wf>
         <wf lemma="berezitasuna" pos="X">berezitasuna</wf>
         <wf lemma="frogatzen" pos="X">frogatzen</wf>
         <wf lemma="duten" pos="X">duten</wf>
         <wf lemma="ezaugarriak" pos="X">ezaugarriak</wf>
         <wf lemma="bere" pos="X">bere</wf>
         <instance id="d000.s1238.t000" lemma="hizkuntza" pos="NOUN">hizkuntza</instance>
         <wf lemma="eta" pos="X">eta</wf>
         <wf lemma="bere" pos="X">bere</wf>
         <wf lemma="erakunde" pos="X">erakunde</wf>
         <wf lemma="juridikoak" pos="X">juridikoak</wf>
         <wf lemma="direla" pos="X">direla</wf>
         <wf lemma="." pos="X">.</wf>
      </sentence>
      <sentence id="d000.s1239" source="wordnet-basque">
         <wf lemma="ura" pos="X">ura</wf>
         <wf lemma="jartzen" pos="X">jartzen</wf>
         <wf lemma="zuen" pos="X">zuen</wf>
         <wf lemma="berogailuetan" pos="X">berogailuetan</wf>
         <wf lemma="," pos="X">,</wf>
         <wf lemma="eta" pos="X">eta</wf>
         <wf lemma="automobilen" pos="X">automobilen</wf>
         <instance id="d000.s1239.t000" lemma="leiho" pos="NOUN">leihoak</instance>
         <wf lemma="garbitzen" pos="X">garbitzen</wf>
         <wf lemma="zituen" pos="X">zituen</wf>
         <wf lemma="." pos="X">.</wf>
      </sentence>
      <sentence id="d000.s1240" source="wordnet-basque">
         <wf lemma="barrutik" pos="X">barrutik</wf>
         <wf lemma="zikin" pos="X">zikin</wf>
         <wf lemma="sentitzeak" pos="X">sentitzeak</wf>
         <wf lemma="areagotu" pos="X">areagotu</wf>
         <wf lemma="egin" pos="X">egin</wf>
         <wf lemma="zion" pos="X">zion</wf>
         <instance id="d000.s1240.t000" lemma="ohe" pos="NOUN">ohetik</instance>
         <wf lemma="jaikitzeko" pos="X">jaikitzeko</wf>
         <wf lemma="premia" pos="X">premia</wf>
         <wf lemma="." pos="X">.</wf>
      </sentence>
      <sentence id="d000.s1241" source="wordnet-basque">
         <wf lemma="bera" pos="X">bera</wf>
         <wf lemma="dugu" pos="X">dugu</wf>
         <wf lemma="," pos="X">,</wf>
         <wf lemma="gainera" pos="X">gainera</wf>
         <wf lemma="," pos="X">,</wf>
         <wf lemma="Bonaparteren" pos="X">Bonaparteren</wf>
         <instance id="d000.s1241.t000" lemma="sailkapen" pos="NOUN">sailkapenari</instance>
         <wf lemma="," pos="X">,</wf>
         <wf lemma="bere" pos="X">bere</wf>
         <wf lemma="orokortasunean" pos="X">orokortasunean</wf>
         <wf lemma="hartuta" pos="X">hartuta</wf>
         <wf lemma="," pos="X">,</wf>
         <wf lemma="zuzenketak" pos="X">zuzenketak</wf>
         <wf lemma="egin" pos="X">egin</wf>
         <wf lemma="dizkion" pos="X">dizkion</wf>
         <wf lemma="lehena" pos="X">lehena</wf>
         <wf lemma="eta" pos="X">eta</wf>
         <wf lemma="," pos="X">,</wf>
         <wf lemma="oraingoz" pos="X">oraingoz</wf>
         <wf lemma="," pos="X">,</wf>
         <wf lemma="bakarra" pos="X">bakarra</wf>
         <wf lemma="." pos="X">.</wf>
      </sentence>
      <sentence id="d000.s1242" source="wordnet-basque">
         <wf lemma="horrek" pos="X">horrek</wf>
         <wf lemma="tiroa" pos="X">tiroa</wf>
         <wf lemma="," pos="X">,</wf>
         <wf lemma="esgrima" pos="X">esgrima</wf>
         <wf lemma="," pos="X">,</wf>
         <instance id="d000.s1242.t000" lemma="igeriketa" pos="NOUN">igeriketa</instance>
         <wf lemma="(" pos="X">(</wf>
         <wf lemma="200" pos="X">200</wf>
         <wf lemma="metro" pos="X">metro</wf>
         <wf lemma=")" pos="X">)</wf>
         <wf lemma="," pos="X">,</wf>
         <wf lemma="zaldiketa" pos="X">zaldiketa</wf>
         <wf lemma="eta" pos="X">eta</wf>
         <wf lemma="krossa" pos="X">krossa</wf>
         <wf lemma="hartzen" pos="X">hartzen</wf>
         <wf lemma="ditu" pos="X">ditu</wf>
         <wf lemma="." pos="X">.</wf>
      </sentence>
      <sentence id="d000.s1243" source="wordnet-basque">
         <wf lemma="denera" pos="X">denera</wf>
         <wf lemma="38" pos="X">38</wf>
         <wf lemma="txirrindularik" pos="X">txirrindularik</wf>
         <wf lemma="hartu" pos="X">hartu</wf>
         <wf lemma="zuten" pos="X">zuten</wf>
         <wf lemma="parte" pos="X">parte</wf>
         <wf lemma="," pos="X">,</wf>
         <wf lemma="hiru" pos="X">hiru</wf>
         <instance id="d000.s1243.t000" lemma="multzo" pos="NOUN">multzotan</instance>
         <wf lemma="banaturik" pos="X">banaturik</wf>
         <wf lemma="." pos="X">.</wf>
      </sentence>
      <sentence id="d000.s1244" source="wordnet-basque">
         <wf lemma="azken" pos="X">azken</wf>
         <wf lemma="hilabeteotan" pos="X">hilabeteotan</wf>
         <wf lemma="diru" pos="X">diru</wf>
         <wf lemma="bakarrak" pos="X">bakarrak</wf>
         <wf lemma="eman" pos="X">eman</wf>
         <wf lemma="duen" pos="X">duen</wf>
         <wf lemma="itxura" pos="X">itxura</wf>
         <wf lemma="tristearen" pos="X">tristearen</wf>
         <wf lemma="ondoren" pos="X">ondoren</wf>
         <wf lemma="," pos="X">,</wf>
         <wf lemma="Frantziak" pos="X">Frantziak</wf>
         <instance id="d000.s1244.t000" lemma="lehendakaritza" pos="NOUN">lehendakaritza</instance>
         <wf lemma="sendoa" pos="X">sendoa</wf>
         <wf lemma="eskaini" pos="X">eskaini</wf>
         <wf lemma="nahi" pos="X">nahi</wf>
         <wf lemma="luke" pos="X">luke</wf>
         <wf lemma="euroa" pos="X">euroa</wf>
         <wf lemma="merkatuetan" pos="X">merkatuetan</wf>
         <wf lemma="indartzeko" pos="X">indartzeko</wf>
         <wf lemma="." pos="X">.</wf>
      </sentence>
      <sentence id="d000.s1245" source="wordnet-basque">
         <wf lemma="zerbitzu" pos="X">zerbitzu</wf>
         <wf lemma="hornitzaile" pos="X">hornitzaile</wf>
         <wf lemma="orokorra" pos="X">orokorra</wf>
         <wf lemma="argindarraz" pos="X">argindarraz</wf>
         <wf lemma="gain" pos="X">gain</wf>
         <wf lemma="," pos="X">,</wf>
         <wf lemma="gas" pos="X">gas</wf>
         <wf lemma="naturala" pos="X">naturala</wf>
         <wf lemma="," pos="X">,</wf>
         <instance id="d000.s1245.t000" lemma="ur" pos="NOUN">ura</instance>
         <wf lemma="eta" pos="X">eta</wf>
         <wf lemma="telekomunikazio" pos="X">telekomunikazio</wf>
         <wf lemma="alorretara" pos="X">alorretara</wf>
         <wf lemma="zabaldu" pos="X">zabaldu</wf>
         <wf lemma="behar" pos="X">behar</wf>
         <wf lemma="da" pos="X">da</wf>
         <wf lemma="." pos="X">.</wf>
      </sentence>
      <sentence id="d000.s1246" source="wordnet-basque">
         <instance id="d000.s1246.t000" lemma="gorputz" pos="NOUN">gorputz</instance>
         <wf lemma="trukakorra" pos="X">trukakorra</wf>
         <wf lemma="." pos="X">.</wf>
      </sentence>
      <sentence id="d000.s1247" source="wordnet-basque">
         <wf lemma="defentsan" pos="X">defentsan</wf>
         <wf lemma="," pos="X">,</wf>
         <wf lemma="3-2-1" pos="X">3-2-1</wf>
         <instance id="d000.s1247.t000" lemma="sistema" pos="NOUN">sistema</instance>
         <wf lemma="erabiltzen" pos="X">erabiltzen</wf>
         <wf lemma="dute" pos="X">dute</wf>
         <wf lemma="," pos="X">,</wf>
         <wf lemma="aurkariei" pos="X">aurkariei</wf>
         <wf lemma="baloia" pos="X">baloia</wf>
         <wf lemma="alde" pos="X">alde</wf>
         <wf lemma="batetik" pos="X">batetik</wf>
         <wf lemma="bestera" pos="X">bestera</wf>
         <wf lemma="mugitzeko" pos="X">mugitzeko</wf>
         <wf lemma="arazoak" pos="X">arazoak</wf>
         <wf lemma="sortuz" pos="X">sortuz</wf>
         <wf lemma="." pos="X">.</wf>
      </sentence>
      <sentence id="d000.s1248" source="wordnet-basque">
         <wf lemma="Martin" pos="X">Martin</wf>
         <wf lemma="Ugalderen" pos="X">Ugalderen</wf>
         <wf lemma="hitzaldia" pos="X">hitzaldia</wf>
         <wf lemma="2001eko" pos="X">2001eko</wf>
         <instance id="d000.s1248.t000" lemma="azaro" pos="NOUN">azaroan</instance>
         <wf lemma="Donostian" pos="X">Donostian</wf>
         <wf lemma="burutu" pos="X">burutu</wf>
         <wf lemma="zen" pos="X">zen</wf>
         <wf lemma="." pos="X">.</wf>
      </sentence>
      <sentence id="d000.s1249" source="wordnet-basque">
         <wf lemma="laser" pos="X">laser</wf>
         <wf lemma="aplikazioekin" pos="X">aplikazioekin</wf>
         <wf lemma="dimentsio-kontrolen" pos="X">dimentsio-kontrolen</wf>
         <instance id="d000.s1249.t000" lemma="sistema" pos="NOUN">sistemak</instance>
         <wf lemma="ekoizten" pos="X">ekoizten</wf>
         <wf lemma="ditu" pos="X">ditu</wf>
         <wf lemma="enpresak" pos="X">enpresak</wf>
         <wf lemma="." pos="X">.</wf>
      </sentence>
      <sentence id="d000.s1250" source="wordnet-basque">
         <wf lemma="esaten" pos="X">esaten</wf>
         <wf lemma="dute" pos="X">dute</wf>
         <wf lemma="100" pos="X">100</wf>
         <wf lemma="bat" pos="X">bat</wf>
         <wf lemma="urte" pos="X">urte</wf>
         <wf lemma="barru" pos="X">barru</wf>
         <instance id="d000.s1250.t000" lemma="mundu" pos="NOUN">mundu</instance>
         <wf lemma="guztiak" pos="X">guztiak</wf>
         <wf lemma="jasango" pos="X">jasango</wf>
         <wf lemma="duela" pos="X">duela</wf>
         <wf lemma="planetaren" pos="X">planetaren</wf>
         <wf lemma="berotegi" pos="X">berotegi</wf>
         <wf lemma="efektua" pos="X">efektua</wf>
         <wf lemma="." pos="X">.</wf>
      </sentence>
      <sentence id="d000.s1251" source="wordnet-basque">
         <wf lemma="Iruñean" pos="X">Iruñean</wf>
         <instance id="d000.s1251.t000" lemma="igoera" pos="NOUN">igoera</instance>
         <wf lemma="lortutzat" pos="X">lortutzat</wf>
         <wf lemma="ematen" pos="X">ematen</wf>
         <wf lemma="dute" pos="X">dute</wf>
         <wf lemma="zale" pos="X">zale</wf>
         <wf lemma="guztiek" pos="X">guztiek</wf>
         <wf lemma="." pos="X">.</wf>
      </sentence>
      <sentence id="d000.s1252" source="wordnet-basque">
         <wf lemma="utziozu" pos="X">utziozu</wf>
         <wf lemma="eserlekua" pos="X">eserlekua</wf>
         <instance id="d000.s1252.t000" lemma="emakume" pos="NOUN">emakume</instance>
         <wf lemma="horri" pos="X">horri</wf>
         <wf lemma="!" pos="X">!</wf>
      </sentence>
      <sentence id="d000.s1253" source="wordnet-basque">
         <wf lemma="oinarrizko" pos="X">oinarrizko</wf>
         <wf lemma="partikulak" pos="X">partikulak</wf>
         <wf lemma="," pos="X">,</wf>
         <wf lemma="atomoak" pos="X">atomoak</wf>
         <wf lemma="eta" pos="X">eta</wf>
         <instance id="d000.s1253.t000" lemma="molekula" pos="NOUN">molekulak</instance>
         <wf lemma="elkarren" pos="X">elkarren</wf>
         <wf lemma="artean" pos="X">artean</wf>
         <wf lemma="batuta" pos="X">batuta</wf>
         <wf lemma="mantentzen" pos="X">mantentzen</wf>
         <wf lemma="badira" pos="X">badira</wf>
         <wf lemma="," pos="X">,</wf>
         <wf lemma="beraien" pos="X">beraien</wf>
         <wf lemma="arteko" pos="X">arteko</wf>
         <wf lemma="indar" pos="X">indar</wf>
         <wf lemma="ezberdinei" pos="X">ezberdinei</wf>
         <wf lemma="esker" pos="X">esker</wf>
         <wf lemma="izaten" pos="X">izaten</wf>
         <wf lemma="da" pos="X">da</wf>
         <wf lemma="." pos="X">.</wf>
      </sentence>
      <sentence id="d000.s1254" source="wordnet-basque">
         <wf lemma="Mexiko" pos="X">Mexiko</wf>
         <wf lemma="aspalditik" pos="X">aspalditik</wf>
         <wf lemma="dago" pos="X">dago</wf>
         <instance id="d000.s1254.t000" lemma="gaitz" pos="NOUN">gaitz</instance>
         <wf lemma="askok" pos="X">askok</wf>
         <wf lemma="jota" pos="X">jota</wf>
         <wf lemma="," pos="X">,</wf>
         <wf lemma="pobreziak" pos="X">pobreziak</wf>
         <wf lemma="batik" pos="X">batik</wf>
         <wf lemma="bat" pos="X">bat</wf>
         <wf lemma="." pos="X">.</wf>
      </sentence>
      <sentence id="d000.s1255" source="wordnet-basque">
         <instance id="d000.s1255.t000" lemma="arabiera" pos="NOUN">Arabiera</instance>
         <wf lemma="da" pos="X">da</wf>
         <wf lemma="Jordaniako" pos="X">Jordaniako</wf>
         <wf lemma="hizkuntza" pos="X">hizkuntza</wf>
         <wf lemma="nagusia" pos="X">nagusia</wf>
         <wf lemma="." pos="X">.</wf>
      </sentence>
      <sentence id="d000.s1256" source="wordnet-basque">
         <instance id="d000.s1256.t000" lemma="izen" pos="NOUN">izen</instance>
         <wf lemma="eta" pos="X">eta</wf>
         <wf lemma="adjektibo" pos="X">adjektibo</wf>
         <wf lemma="ugari" pos="X">ugari</wf>
         <wf lemma="irakatsi" pos="X">irakatsi</wf>
         <wf lemma="dizkigu" pos="X">dizkigu</wf>
         <wf lemma="gaur" pos="X">gaur</wf>
         <wf lemma="frantses-irakasleak" pos="X">frantses-irakasleak</wf>
         <wf lemma="." pos="X">.</wf>
      </sentence>
      <sentence id="d000.s1257" source="wordnet-basque">
         <wf lemma="arrantzaleek" pos="X">arrantzaleek</wf>
         <instance id="d000.s1257.t000" lemma="bilera" pos="NOUN">bilera</instance>
         <wf lemma="egin" pos="X">egin</wf>
         <wf lemma="dute" pos="X">dute</wf>
         <wf lemma="protesta-ekintzak" pos="X">protesta-ekintzak</wf>
         <wf lemma="zehazteko" pos="X">zehazteko</wf>
         <wf lemma="." pos="X">.</wf>
      </sentence>
      <sentence id="d000.s1258" source="wordnet-basque">
         <instance id="d000.s1258.t000" lemma="maratoi" pos="NOUN">maratoiak</instance>
         <wf lemma="beste" pos="X">beste</wf>
         <wf lemma="heroi" pos="X">heroi</wf>
         <wf lemma="batzuk" pos="X">batzuk</wf>
         <wf lemma="ere" pos="X">ere</wf>
         <wf lemma="utzi" pos="X">utzi</wf>
         <wf lemma="ditu" pos="X">ditu</wf>
         <wf lemma="," pos="X">,</wf>
         <wf lemma="42,195" pos="X">42,195</wf>
         <wf lemma="kilometroak" pos="X">kilometroak</wf>
         <wf lemma="osatzeko" pos="X">osatzeko</wf>
         <wf lemma="bizitza" pos="X">bizitza</wf>
         <wf lemma="arriskuan" pos="X">arriskuan</wf>
         <wf lemma="jartzeko" pos="X">jartzeko</wf>
         <wf lemma="gauza" pos="X">gauza</wf>
         <wf lemma="izan" pos="X">izan</wf>
         <wf lemma="diren" pos="X">diren</wf>
         <wf lemma="eroak" pos="X">eroak</wf>
         <wf lemma="." pos="X">.</wf>
      </sentence>
      <sentence id="d000.s1259" source="wordnet-basque">
         <wf lemma="Errusiako" pos="X">Errusiako</wf>
         <wf lemma="Energia" pos="X">Energia</wf>
         <wf lemma="Ministerioko" pos="X">Ministerioko</wf>
         <wf lemma="iturriek" pos="X">iturriek</wf>
         <instance id="d000.s1259.t000" lemma="ihes" pos="NOUN">ihes</instance>
         <wf lemma="erradioaktibo" pos="X">erradioaktibo</wf>
         <wf lemma="bat" pos="X">bat</wf>
         <wf lemma="gertatu" pos="X">gertatu</wf>
         <wf lemma="da" pos="X">da</wf>
         <wf lemma="." pos="X">.</wf>
      </sentence>
      <sentence id="d000.s1260" source="wordnet-basque">
         <wf lemma="ejerzitoaren" pos="X">ejerzitoaren</wf>
         <wf lemma="Sardinia" pos="X">Sardinia</wf>
         <wf lemma="eta" pos="X">eta</wf>
         <wf lemma="Italiako" pos="X">Italiako</wf>
         <instance id="d000.s1260.t000" lemma="kanpaina" pos="NOUN">kanpainetan</instance>
         <wf lemma="parte" pos="X">parte</wf>
         <wf lemma="hartu" pos="X">hartu</wf>
         <wf lemma="zuen" pos="X">zuen</wf>
         <wf lemma="." pos="X">.</wf>
      </sentence>
      <sentence id="d000.s1261" source="wordnet-basque">
         <wf lemma="berari" pos="X">berari</wf>
         <wf lemma="dagokio" pos="X">dagokio</wf>
         <wf lemma="udalaren" pos="X">udalaren</wf>
         <wf lemma="ordezkaritza" pos="X">ordezkaritza</wf>
         <wf lemma="eta" pos="X">eta</wf>
         <instance id="d000.s1261.t000" lemma="administrazio" pos="NOUN">administrazioa</instance>
         <wf lemma="," pos="X">,</wf>
         <wf lemma="udalaren" pos="X">udalaren</wf>
         <wf lemma="osoko" pos="X">osoko</wf>
         <wf lemma="batzarraren" pos="X">batzarraren</wf>
         <wf lemma="deia" pos="X">deia</wf>
         <wf lemma="eta" pos="X">eta</wf>
         <wf lemma="buruzagitza" pos="X">buruzagitza</wf>
         <wf lemma="..." pos="X">...</wf>
      </sentence>
      <sentence id="d000.s1262" source="wordnet-basque">
         <wf lemma="opariak" pos="X">opariak</wf>
         <wf lemma="ere" pos="X">ere</wf>
         <wf lemma="eliz" pos="X">eliz</wf>
         <wf lemma="atarian" pos="X">atarian</wf>
         <wf lemma="utzi" pos="X">utzi</wf>
         <wf lemma="ohi" pos="X">ohi</wf>
         <wf lemma="zituzten" pos="X">zituzten</wf>
         <wf lemma="," pos="X">,</wf>
         <wf lemma="eta" pos="X">eta</wf>
         <wf lemma="mezatan" pos="X">mezatan</wf>
         <instance id="d000.s1262.t000" lemma="eskaintza" pos="NOUN">eskaintza</instance>
         <wf lemma="iristen" pos="X">iristen</wf>
         <wf lemma="zenean" pos="X">zenean</wf>
         <wf lemma="," pos="X">,</wf>
         <wf lemma="orduantxe" pos="X">orduantxe</wf>
         <wf lemma="sartzen" pos="X">sartzen</wf>
         <wf lemma="zituzten" pos="X">zituzten</wf>
         <wf lemma="elizara" pos="X">elizara</wf>
         <wf lemma="." pos="X">.</wf>
      </sentence>
      <sentence id="d000.s1263" source="wordnet-basque">
         <wf lemma="emakumeen" pos="X">emakumeen</wf>
         <wf lemma="historian" pos="X">historian</wf>
         <wf lemma="izandako" pos="X">izandako</wf>
         <wf lemma="negatibo" pos="X">negatibo</wf>
         <wf lemma="guztia" pos="X">guztia</wf>
         <instance id="d000.s1263.t000" lemma="patriarkatu" pos="NOUN">patriarkatuari</instance>
         <wf lemma="egotzi" pos="X">egotzi</wf>
         <wf lemma="behar" pos="X">behar</wf>
         <wf lemma="zaio" pos="X">zaio</wf>
         <wf lemma="." pos="X">.</wf>
      </sentence>
      <sentence id="d000.s1264" source="wordnet-basque">
         <wf lemma="batez" pos="X">batez</wf>
         <wf lemma="ere" pos="X">ere</wf>
         <wf lemma="hiru" pos="X">hiru</wf>
         <wf lemma="jokalari" pos="X">jokalari</wf>
         <wf lemma="fitxatu" pos="X">fitxatu</wf>
         <wf lemma="nahi" pos="X">nahi</wf>
         <wf lemma="ditugu" pos="X">ditugu</wf>
         <wf lemma=":" pos="X">:</wf>
         <wf lemma="base" pos="X">base</wf>
         <wf lemma="bat" pos="X">bat</wf>
         <wf lemma="Javi" pos="X">Javi</wf>
         <wf lemma="Rodriguez" pos="X">Rodriguez</wf>
         <wf lemma="utzita" pos="X">utzita</wf>
         <wf lemma="doa" pos="X">doa</wf>
         <wf lemma="," pos="X">,</wf>
         <instance id="d000.s1264.t000" lemma="hegal" pos="NOUN">hegal</instance>
         <wf lemma="bat" pos="X">bat</wf>
         <wf lemma="eta" pos="X">eta</wf>
         <wf lemma="pibot" pos="X">pibot</wf>
         <wf lemma="bat" pos="X">bat</wf>
         <wf lemma="." pos="X">.</wf>
      </sentence>
      <sentence id="d000.s1265" source="wordnet-basque">
         <wf lemma="etxearen" pos="X">etxearen</wf>
         <wf lemma="hirugarren" pos="X">hirugarren</wf>
         <instance id="d000.s1265.t000" lemma="epe" pos="NOUN">epea</instance>
         <wf lemma="ordaindu" pos="X">ordaindu</wf>
         <wf lemma="dut" pos="X">dut</wf>
         <wf lemma="." pos="X">.</wf>
      </sentence>
      <sentence id="d000.s1266" source="wordnet-basque">
         <instance id="d000.s1266.t000" lemma="garizuma" pos="NOUN">garizumako</instance>
         <wf lemma="haratuztearen" pos="X">haratuztearen</wf>
         <wf lemma="gainean" pos="X">gainean</wf>
         <wf lemma="beren" pos="X">beren</wf>
         <wf lemma="gorputzetako" pos="X">gorputzetako</wf>
         <wf lemma="haragia" pos="X">haragia</wf>
         <wf lemma="hiltzea" pos="X">hiltzea</wf>
         <wf lemma="erabaki" pos="X">erabaki</wf>
         <wf lemma="zuten" pos="X">zuten</wf>
         <wf lemma="." pos="X">.</wf>
      </sentence>
      <sentence id="d000.s1267" source="wordnet-basque">
         <wf lemma="Alfonso" pos="X">Alfonso</wf>
         <wf lemma="Alonso" pos="X">Alonso</wf>
         <wf lemma="alkateak" pos="X">alkateak</wf>
         <wf lemma="ere" pos="X">ere</wf>
         <wf lemma="alderdien" pos="X">alderdien</wf>
         <wf lemma="arteko" pos="X">arteko</wf>
         <instance id="d000.s1267.t000" lemma="batasun" pos="NOUN">batasuna</instance>
         <wf lemma="aldarrikatu" pos="X">aldarrikatu</wf>
         <wf lemma="zuen" pos="X">zuen</wf>
         <wf lemma="ETAri" pos="X">ETAri</wf>
         <wf lemma="aurre" pos="X">aurre</wf>
         <wf lemma="egiteko" pos="X">egiteko</wf>
         <wf lemma="." pos="X">.</wf>
      </sentence>
      <sentence id="d000.s1268" source="wordnet-basque">
         <wf lemma="izan" pos="X">izan</wf>
         <wf lemma="duen" pos="X">duen</wf>
         <wf lemma="eragina" pos="X">eragina</wf>
         <wf lemma="," pos="X">,</wf>
         <wf lemma="auzoan" pos="X">auzoan</wf>
         <wf lemma="ditugun" pos="X">ditugun</wf>
         <instance id="d000.s1268.t000" lemma="literatura" pos="NOUN">literaturetan</instance>
         <wf lemma="izan" pos="X">izan</wf>
         <wf lemma="duenaren" pos="X">duenaren</wf>
         <wf lemma="ondoan" pos="X">ondoan</wf>
         <wf lemma="jartzen" pos="X">jartzen</wf>
         <wf lemma="badugu" pos="X">badugu</wf>
         <wf lemma="," pos="X">,</wf>
         <wf lemma="azalekoa" pos="X">azalekoa</wf>
         <wf lemma="izan" pos="X">izan</wf>
         <wf lemma="da" pos="X">da</wf>
         <wf lemma="." pos="X">.</wf>
      </sentence>
      <sentence id="d000.s1269" source="wordnet-basque">
         <wf lemma="Ibarrak" pos="X">Ibarrak</wf>
         <wf lemma="ere" pos="X">ere</wf>
         <wf lemma="," pos="X">,</wf>
         <wf lemma="1981ean" pos="X">1981ean</wf>
         <wf lemma="aurkeztu" pos="X">aurkeztu</wf>
         <wf lemma="zuen" pos="X">zuen</wf>
         <wf lemma="Bizkaiko" pos="X">Bizkaiko</wf>
         <wf lemma="Foru" pos="X">Foru</wf>
         <instance id="d000.s1269.t000" lemma="zuzenbide" pos="NOUN">Zuzenbidea</instance>
         <wf lemma="eguneratzeko" pos="X">eguneratzeko</wf>
         <wf lemma="aurreproiektuan" pos="X">aurreproiektuan</wf>
         <wf lemma="," pos="X">,</wf>
         <wf lemma="Bizkaiko" pos="X">Bizkaiko</wf>
         <wf lemma="zuzenbidea" pos="X">zuzenbidea</wf>
         <wf lemma="hartzeko" pos="X">hartzeko</wf>
         <wf lemma="aukera" pos="X">aukera</wf>
         <wf lemma="proposatzen" pos="X">proposatzen</wf>
         <wf lemma="du" pos="X">du</wf>
         <wf lemma="." pos="X">.</wf>
      </sentence>
      <sentence id="d000.s1270" source="wordnet-basque">
         <wf lemma="Europa" pos="X">Europa</wf>
         <wf lemma="Press" pos="X">Press</wf>
         <instance id="d000.s1270.t000" lemma="agentzia" pos="NOUN">agentziak</instance>
         <wf lemma="eman" pos="X">eman</wf>
         <wf lemma="zuen" pos="X">zuen</wf>
         <wf lemma="isilean" pos="X">isilean</wf>
         <wf lemma="egin" pos="X">egin</wf>
         <wf lemma="zen" pos="X">zen</wf>
         <wf lemma="bileraren" pos="X">bileraren</wf>
         <wf lemma="berri" pos="X">berri</wf>
         <wf lemma="." pos="X">.</wf>
      </sentence>
      <sentence id="d000.s1271" source="wordnet-basque">
         <wf lemma="bila" pos="X">bila</wf>
         <wf lemma="ibili" pos="X">ibili</wf>
         <wf lemma="ziren" pos="X">ziren</wf>
         <instance id="d000.s1271.t000" lemma="lur" pos="NOUN">lurreko</instance>
         <wf lemma="sakonunea" pos="X">sakonunea</wf>
         <wf lemma="aurkitu" pos="X">aurkitu</wf>
         <wf lemma="zuten" pos="X">zuten</wf>
         <wf lemma="arte" pos="X">arte</wf>
         <wf lemma="." pos="X">.</wf>
      </sentence>
      <sentence id="d000.s1272" source="wordnet-basque">
         <wf lemma="espetxeetan" pos="X">espetxeetan</wf>
         <wf lemma="oso" pos="X">oso</wf>
         <wf lemma="jende" pos="X">jende</wf>
         <wf lemma="pobrea" pos="X">pobrea</wf>
         <wf lemma="dago" pos="X">dago</wf>
         <wf lemma="," pos="X">,</wf>
         <wf lemma="arazo" pos="X">arazo</wf>
         <wf lemma="sozialekin" pos="X">sozialekin</wf>
         <wf lemma="," pos="X">,</wf>
         <instance id="d000.s1272.t000" lemma="drogazale" pos="NOUN">drogazaleak</instance>
         <wf lemma="," pos="X">,</wf>
         <wf lemma="eta" pos="X">eta</wf>
         <wf lemma="legez" pos="X">legez</wf>
         <wf lemma="kanpoko" pos="X">kanpoko</wf>
         <wf lemma="emigrante" pos="X">emigrante</wf>
         <wf lemma="asko" pos="X">asko</wf>
         <wf lemma="." pos="X">.</wf>
      </sentence>
      <sentence id="d000.s1273" source="wordnet-basque">
         <wf lemma="baina" pos="X">baina</wf>
         <wf lemma="zein" pos="X">zein</wf>
         <wf lemma="da" pos="X">da</wf>
         <wf lemma="materiaren" pos="X">materiaren</wf>
         <wf lemma="aldaketa" pos="X">aldaketa</wf>
         <wf lemma="hauen" pos="X">hauen</wf>
         <wf lemma="guztien" pos="X">guztien</wf>
         <wf lemma="motore" pos="X">motore</wf>
         <wf lemma="edo" pos="X">edo</wf>
         <instance id="d000.s1273.t000" lemma="eragile" pos="NOUN">eragilea</instance>
         <wf lemma="?" pos="X">?</wf>
      </sentence>
      <sentence id="d000.s1274" source="wordnet-basque">
         <wf lemma="emaitzei" pos="X">emaitzei</wf>
         <wf lemma="begiratuz" pos="X">begiratuz</wf>
         <wf lemma="gero" pos="X">gero</wf>
         <wf lemma="," pos="X">,</wf>
         <wf lemma="hautatuak" pos="X">hautatuak</wf>
         <wf lemma="izan" pos="X">izan</wf>
         <wf lemma="diren" pos="X">diren</wf>
         <wf lemma="hiru" pos="X">hiru</wf>
         <wf lemma="talderen" pos="X">talderen</wf>
         <wf lemma="aurretik" pos="X">aurretik</wf>
         <wf lemma="gaude" pos="X">gaude</wf>
         <instance id="d000.s1274.t000" lemma="sailkapen" pos="NOUN">sailkapenean</instance>
         <wf lemma="." pos="X">.</wf>
      </sentence>
      <sentence id="d000.s1275" source="wordnet-basque">
         <wf lemma="elkarlanerako" pos="X">elkarlanerako</wf>
         <wf lemma="baldintzak" pos="X">baldintzak</wf>
         <wf lemma="berreskuratzeko" pos="X">berreskuratzeko</wf>
         <instance id="d000.s1275.t000" lemma="azterketa" pos="NOUN">azterketa</instance>
         <wf lemma="hau" pos="X">hau</wf>
         <wf lemma="kide" pos="X">kide</wf>
         <wf lemma="guztiei" pos="X">guztiei</wf>
         <wf lemma="bidaliko" pos="X">bidaliko</wf>
         <wf lemma="die" pos="X">die</wf>
         <wf lemma="." pos="X">.</wf>
      </sentence>
      <sentence id="d000.s1276" source="wordnet-basque">
         <instance id="d000.s1276.t000" lemma="mundu" pos="NOUN">mundua</instance>
         <wf lemma="eguzkiaren" pos="X">eguzkiaren</wf>
         <wf lemma="inguruan" pos="X">inguruan</wf>
         <wf lemma="mugitzen" pos="X">mugitzen</wf>
         <wf lemma="da" pos="X">da</wf>
         <wf lemma="." pos="X">.</wf>
      </sentence>
      <sentence id="d000.s1277" source="wordnet-basque">
         <wf lemma="gertakari" pos="X">gertakari</wf>
         <wf lemma="honen" pos="X">honen</wf>
         <wf lemma="berri" pos="X">berri</wf>
         <wf lemma="Errusiako" pos="X">Errusiako</wf>
         <wf lemma="Larrialdi" pos="X">Larrialdi</wf>
         <wf lemma="Egoeretako" pos="X">Egoeretako</wf>
         <wf lemma="Ministerioak" pos="X">Ministerioak</wf>
         <wf lemma="zuen" pos="X">zuen</wf>
         <wf lemma="eman" pos="X">eman</wf>
         <wf lemma="," pos="X">,</wf>
         <wf lemma="baina" pos="X">baina</wf>
         <instance id="d000.s1277.t000" lemma="hil" pos="NOUN">hil</instance>
         <wf lemma="bat" pos="X">bat</wf>
         <wf lemma="eta" pos="X">eta</wf>
         <wf lemma="zenbait" pos="X">zenbait</wf>
         <wf lemma="zauritu" pos="X">zauritu</wf>
         <wf lemma="izan" pos="X">izan</wf>
         <wf lemma="zirela" pos="X">zirela</wf>
         <wf lemma="zehaztu" pos="X">zehaztu</wf>
         <wf lemma="aurretik" pos="X">aurretik</wf>
         <wf lemma="." pos="X">.</wf>
      </sentence>
      <sentence id="d000.s1278" source="wordnet-basque">
         <wf lemma="Julian" pos="X">Julian</wf>
         <wf lemma="Retegi" pos="X">Retegi</wf>
         <wf lemma="min" pos="X">min</wf>
         <wf lemma="hartuta" pos="X">hartuta</wf>
         <wf lemma="egoteak" pos="X">egoteak</wf>
         <wf lemma="hankamotz" pos="X">hankamotz</wf>
         <wf lemma="utzi" pos="X">utzi</wf>
         <wf lemma="du" pos="X">du</wf>
         <wf lemma="abuztuaren" pos="X">abuztuaren</wf>
         <wf lemma="7ko" pos="X">7ko</wf>
         <instance id="d000.s1278.t000" lemma="programa" pos="NOUN">programa</instance>
         <wf lemma="." pos="X">.</wf>
      </sentence>
      <sentence id="d000.s1279" source="wordnet-basque">
         <wf lemma="jokalari" pos="X">jokalari</wf>
         <wf lemma="hondarribiarrak" pos="X">hondarribiarrak</wf>
         <wf lemma="bi" pos="X">bi</wf>
         <wf lemma="urtez" pos="X">urtez</wf>
         <wf lemma="luzatu" pos="X">luzatu</wf>
         <wf lemma="du" pos="X">du</wf>
         <instance id="d000.s1279.t000" lemma="kontratu" pos="NOUN">kontratua</instance>
         <wf lemma="Realarekin" pos="X">Realarekin</wf>
         <wf lemma="." pos="X">.</wf>
      </sentence>
      <sentence id="d000.s1280" source="wordnet-basque">
         <wf lemma="gaurko" pos="X">gaurko</wf>
         <wf lemma="etapan" pos="X">etapan</wf>
         <wf lemma="ez" pos="X">ez</wf>
         <wf lemma="da" pos="X">da</wf>
         <wf lemma="bakerik" pos="X">bakerik</wf>
         <wf lemma="izan" pos="X">izan</wf>
         <wf lemma="," pos="X">,</wf>
         <wf lemma="hasieratik" pos="X">hasieratik</wf>
         <wf lemma="Espainiako" pos="X">Espainiako</wf>
         <wf lemma="taldeek" pos="X">taldeek</wf>
         <wf lemma="erritmo" pos="X">erritmo</wf>
         <wf lemma="bizia" pos="X">bizia</wf>
         <wf lemma="ezarri" pos="X">ezarri</wf>
         <wf lemma="baitute" pos="X">baitute</wf>
         <wf lemma="," pos="X">,</wf>
         <wf lemma="baina" pos="X">baina</wf>
         <wf lemma="azken" pos="X">azken</wf>
         <instance id="d000.s1280.t000" lemma="igoera" pos="NOUN">igoeran</instance>
         <wf lemma="onenak" pos="X">onenak</wf>
         <wf lemma="izan" pos="X">izan</wf>
         <wf lemma="gara" pos="X">gara</wf>
         <wf lemma="aurrean" pos="X">aurrean</wf>
         <wf lemma="." pos="X">.</wf>
      </sentence>
      <sentence id="d000.s1281" source="wordnet-basque">
         <wf lemma="Anand" pos="X">Anand</wf>
         <wf lemma="indiarra" pos="X">indiarra</wf>
         <wf lemma="zen" pos="X">zen</wf>
         <instance id="d000.s1281.t000" lemma="xakelari" pos="NOUN">xakelaririk</instance>
         <wf lemma="onena" pos="X">onena</wf>
         <wf lemma="," pos="X">,</wf>
         <wf lemma="eta" pos="X">eta</wf>
         <wf lemma="jendeak" pos="X">jendeak</wf>
         <wf lemma="pentsatzen" pos="X">pentsatzen</wf>
         <wf lemma="zuen" pos="X">zuen</wf>
         <wf lemma="hau" pos="X">hau</wf>
         <wf lemma="izango" pos="X">izango</wf>
         <wf lemma="zela" pos="X">zela</wf>
         <wf lemma="Kasparoven" pos="X">Kasparoven</wf>
         <wf lemma="oinordekoa" pos="X">oinordekoa</wf>
         <wf lemma="." pos="X">.</wf>
      </sentence>
      <sentence id="d000.s1282" source="wordnet-basque">
         <instance id="d000.s1282.t000" lemma="akusatu" pos="NOUN">akusatu</instance>
         <wf lemma="guztiei" pos="X">guztiei</wf>
         <wf lemma="desordena" pos="X">desordena</wf>
         <wf lemma="publikoak" pos="X">publikoak</wf>
         <wf lemma="eragitearen" pos="X">eragitearen</wf>
         <wf lemma="delitua" pos="X">delitua</wf>
         <wf lemma="leporatzen" pos="X">leporatzen</wf>
         <wf lemma="diete" pos="X">diete</wf>
         <wf lemma="." pos="X">.</wf>
      </sentence>
      <sentence id="d000.s1283" source="wordnet-basque">
         <wf lemma="Likudek" pos="X">Likudek</wf>
         <wf lemma="zentsura" pos="X">zentsura</wf>
         <instance id="d000.s1283.t000" lemma="mozio" pos="NOUN">mozioa</instance>
         <wf lemma="aurkeztu" pos="X">aurkeztu</wf>
         <wf lemma="du" pos="X">du</wf>
         <wf lemma="Gobernuaren" pos="X">Gobernuaren</wf>
         <wf lemma="aurka" pos="X">aurka</wf>
         <wf lemma="." pos="X">.</wf>
      </sentence>
      <sentence id="d000.s1284" source="wordnet-basque">
         <wf lemma="aurreko" pos="X">aurreko</wf>
         <wf lemma="irakurleak" pos="X">irakurleak</wf>
         <wf lemma="orriak" pos="X">orriak</wf>
         <wf lemma="hamaikatxo" pos="X">hamaikatxo</wf>
         <instance id="d000.s1284.t000" lemma="marka" pos="NOUN">markaz</instance>
         <wf lemma="bete" pos="X">bete</wf>
         <wf lemma="ditu" pos="X">ditu</wf>
         <wf lemma="." pos="X">.</wf>
      </sentence>
      <sentence id="d000.s1285" source="wordnet-basque">
         <wf lemma="garai" pos="X">garai</wf>
         <wf lemma="hartan" pos="X">hartan</wf>
         <wf lemma="azaldu" pos="X">azaldu</wf>
         <wf lemma="ziren" pos="X">ziren</wf>
         <wf lemma="lehen" pos="X">lehen</wf>
         <wf lemma="aldiz" pos="X">aldiz</wf>
         <wf lemma="gaurkoen" pos="X">gaurkoen</wf>
         <wf lemma="hurbilekoak" pos="X">hurbilekoak</wf>
         <wf lemma="diren" pos="X">diren</wf>
         <instance id="d000.s1285.t000" lemma="zuhaitz" pos="NOUN">zuhaitz</instance>
         <wf lemma="," pos="X">,</wf>
         <wf lemma="lore" pos="X">lore</wf>
         <wf lemma="eta" pos="X">eta</wf>
         <wf lemma="belarrak" pos="X">belarrak</wf>
         <wf lemma="." pos="X">.</wf>
      </sentence>
      <sentence id="d000.s1286" source="wordnet-basque">
         <wf lemma="proiektu" pos="X">proiektu</wf>
         <wf lemma="horrek" pos="X">horrek</wf>
         <instance id="d000.s1286.t000" lemma="eztabaida" pos="NOUN">eztabaida</instance>
         <wf lemma="bizia" pos="X">bizia</wf>
         <wf lemma="piztu" pos="X">piztu</wf>
         <wf lemma="du" pos="X">du</wf>
         <wf lemma="nazioartean" pos="X">nazioartean</wf>
         <wf lemma="," pos="X">,</wf>
         <wf lemma="eta" pos="X">eta</wf>
         <wf lemma="Europako" pos="X">Europako</wf>
         <wf lemma="Batasuneko" pos="X">Batasuneko</wf>
         <wf lemma="zenbait" pos="X">zenbait</wf>
         <wf lemma="estaturen" pos="X">estaturen</wf>
         <wf lemma="kezka" pos="X">kezka</wf>
         <wf lemma="eragin" pos="X">eragin</wf>
         <wf lemma="." pos="X">.</wf>
      </sentence>
      <sentence id="d000.s1287" source="wordnet-basque">
         <wf lemma="itsasoak" pos="X">itsasoak</wf>
         <instance id="d000.s1287.t000" lemma="bizitza" pos="NOUN">bizitzaz</instance>
         <wf lemma="gainezka" pos="X">gainezka</wf>
         <wf lemma="daude" pos="X">daude</wf>
         <wf lemma="." pos="X">.</wf>
      </sentence>
      <sentence id="d000.s1288" source="wordnet-basque">
         <wf lemma="energia" pos="X">energia</wf>
         <wf lemma="aldaketa" pos="X">aldaketa</wf>
         <wf lemma="baten" pos="X">baten</wf>
         <wf lemma="ondorioz" pos="X">ondorioz</wf>
         <wf lemma="gertatu" pos="X">gertatu</wf>
         <wf lemma="zen" pos="X">zen</wf>
         <wf lemma="partikulen" pos="X">partikulen</wf>
         <wf lemma="arteko" pos="X">arteko</wf>
         <instance id="d000.s1288.t000" lemma="kolpe" pos="NOUN">kolpea</instance>
         <wf lemma="." pos="X">.</wf>
      </sentence>
      <sentence id="d000.s1289" source="wordnet-basque">
         <wf lemma="behin" pos="X">behin</wf>
         <wf lemma="betiko" pos="X">betiko</wf>
         <wf lemma="biografia" pos="X">biografia</wf>
         <wf lemma="baterako" pos="X">baterako</wf>
         <instance id="d000.s1289.t000" lemma="gai" pos="NOUN">gai</instance>
         <wf lemma="interesgarriak" pos="X">interesgarriak</wf>
         <wf lemma="eman" pos="X">eman</wf>
         <wf lemma="ditu" pos="X">ditu</wf>
         <wf lemma="artxiboak" pos="X">artxiboak</wf>
         <wf lemma="." pos="X">.</wf>
      </sentence>
      <sentence id="d000.s1290" source="wordnet-basque">
         <wf lemma="urrundu" pos="X">urrundu</wf>
         <wf lemma="," pos="X">,</wf>
         <wf lemma="ez" pos="X">ez</wf>
         <wf lemma="duzu" pos="X">duzu</wf>
         <wf lemma="ezagutuko" pos="X">ezagutuko</wf>
         <wf lemma="sekula" pos="X">sekula</wf>
         <instance id="d000.s1290.t000" lemma="arazo" pos="NOUN">arazoa</instance>
         <wf lemma="eta" pos="X">eta</wf>
         <wf lemma="bera" pos="X">bera</wf>
         <wf lemma="nolakoa" pos="X">nolakoa</wf>
         <wf lemma="den" pos="X">den</wf>
         <wf lemma="." pos="X">.</wf>
      </sentence>
      <sentence id="d000.s1291" source="wordnet-basque">
         <wf lemma="baina" pos="X">baina</wf>
         <wf lemma="egia" pos="X">egia</wf>
         <wf lemma="zehatz-mehatz" pos="X">zehatz-mehatz</wf>
         <wf lemma="kontatuz" pos="X">kontatuz</wf>
         <wf lemma="," pos="X">,</wf>
         <wf lemma="ni" pos="X">ni</wf>
         <wf lemma="ez" pos="X">ez</wf>
         <wf lemma="bainaiz" pos="X">bainaiz</wf>
         <wf lemma="arazoei" pos="X">arazoei</wf>
         <instance id="d000.s1291.t000" lemma="buelta" pos="NOUN">buelta</instance>
         <wf lemma="asko" pos="X">asko</wf>
         <wf lemma="ematen" pos="X">ematen</wf>
         <wf lemma="dien" pos="X">dien</wf>
         <wf lemma="gizona" pos="X">gizona</wf>
         <wf lemma="." pos="X">.</wf>
      </sentence>
      <sentence id="d000.s1292" source="wordnet-basque">
         <wf lemma="Franco" pos="X">Franco</wf>
         <wf lemma="hil" pos="X">hil</wf>
         <wf lemma="ondoko" pos="X">ondoko</wf>
         <wf lemma="lehen" pos="X">lehen</wf>
         <wf lemma="urteetan" pos="X">urteetan</wf>
         <wf lemma="Hego" pos="X">Hego</wf>
         <wf lemma="Euskal" pos="X">Euskal</wf>
         <wf lemma="Herriko" pos="X">Herriko</wf>
         <wf lemma="hainbat" pos="X">hainbat</wf>
         <wf lemma="alkatek" pos="X">alkatek</wf>
         <wf lemma="'" pos="X">'</wf>
         <wf lemma="alkateen" pos="X">alkateen</wf>
         <instance id="d000.s1292.t000" lemma="mugimendu" pos="NOUN">mugimendua</instance>
         <wf lemma="'" pos="X">'</wf>
         <wf lemma="eratu" pos="X">eratu</wf>
         <wf lemma="zuten" pos="X">zuten</wf>
         <wf lemma="." pos="X">.</wf>
      </sentence>
      <sentence id="d000.s1293" source="wordnet-basque">
         <wf lemma="bere" pos="X">bere</wf>
         <instance id="d000.s1293.t000" lemma="mundu" pos="NOUN">mundua</instance>
         <wf lemma="apurtu" pos="X">apurtu</wf>
         <wf lemma="zitzaion" pos="X">zitzaion</wf>
         <wf lemma="." pos="X">.</wf>
      </sentence>
      <sentence id="d000.s1294" source="wordnet-basque">
         <wf lemma="pista" pos="X">pista</wf>
         <wf lemma="gainean" pos="X">gainean</wf>
         <wf lemma="atzemandako" pos="X">atzemandako</wf>
         <wf lemma="burdin" pos="X">burdin</wf>
         <wf lemma="zatia" pos="X">zatia</wf>
         <wf lemma="," pos="X">,</wf>
         <instance id="d000.s1294.t000" lemma="aeronautika" pos="NOUN">aeronautikako</instance>
         <wf lemma="pieza" pos="X">pieza</wf>
         <wf lemma="bat" pos="X">bat</wf>
         <wf lemma="dela" pos="X">dela</wf>
         <wf lemma="baietsi" pos="X">baietsi</wf>
         <wf lemma="ahal" pos="X">ahal</wf>
         <wf lemma="dugu" pos="X">dugu</wf>
         <wf lemma="." pos="X">.</wf>
      </sentence>
      <sentence id="d000.s1295" source="wordnet-basque">
         <wf lemma="goizean" pos="X">goizean</wf>
         <wf lemma="Baionako" pos="X">Baionako</wf>
         <wf lemma="portuaren" pos="X">portuaren</wf>
         <instance id="d000.s1295.t000" lemma="sarrera" pos="NOUN">sarrera</instance>
         <wf lemma="blokeatu" pos="X">blokeatu</wf>
         <wf lemma="zuten" pos="X">zuten</wf>
         <wf lemma="Donibane-Lohizune" pos="X">Donibane-Lohizune</wf>
         <wf lemma="eta" pos="X">eta</wf>
         <wf lemma="Ziburuko" pos="X">Ziburuko</wf>
         <wf lemma="arrantzaleek" pos="X">arrantzaleek</wf>
         <wf lemma="." pos="X">.</wf>
      </sentence>
      <sentence id="d000.s1296" source="wordnet-basque">
         <wf lemma="zergatik" pos="X">zergatik</wf>
         <wf lemma="dute" pos="X">dute</wf>
         <wf lemma="espainiarrek" pos="X">espainiarrek</wf>
         <wf lemma="hori" pos="X">hori</wf>
         <wf lemma="guztia" pos="X">guztia</wf>
         <wf lemma="izateko" pos="X">izateko</wf>
         <instance id="d000.s1296.t000" lemma="eskubide" pos="NOUN">eskubidea</instance>
         <wf lemma="," pos="X">,</wf>
         <wf lemma="eta" pos="X">eta</wf>
         <wf lemma="guk" pos="X">guk</wf>
         <wf lemma="ezin" pos="X">ezin</wf>
         <wf lemma="dugu" pos="X">dugu</wf>
         <wf lemma="aldarrikatu" pos="X">aldarrikatu</wf>
         <wf lemma="?" pos="X">?</wf>
      </sentence>
      <sentence id="d000.s1297" source="wordnet-basque">
         <wf lemma="taldea" pos="X">taldea</wf>
         <instance id="d000.s1297.t000" lemma="emaitza" pos="NOUN">emaitza</instance>
         <wf lemma="bikainak" pos="X">bikainak</wf>
         <wf lemma="lortzen" pos="X">lortzen</wf>
         <wf lemma="ari" pos="X">ari</wf>
         <wf lemma="da" pos="X">da</wf>
         <wf lemma="aurten" pos="X">aurten</wf>
         <wf lemma="Giroan" pos="X">Giroan</wf>
         <wf lemma="," pos="X">,</wf>
         <wf lemma="eta" pos="X">eta</wf>
         <wf lemma="ea" pos="X">ea</wf>
         <wf lemma="horrek" pos="X">horrek</wf>
         <wf lemma="etorkizunean" pos="X">etorkizunean</wf>
         <wf lemma="laguntzen" pos="X">laguntzen</wf>
         <wf lemma="digun" pos="X">digun</wf>
         <wf lemma="." pos="X">.</wf>
      </sentence>
      <sentence id="d000.s1298" source="wordnet-basque">
         <wf lemma="Elvisen" pos="X">Elvisen</wf>
         <wf lemma="parera" pos="X">parera</wf>
         <wf lemma="heldu" pos="X">heldu</wf>
         <wf lemma="zenean" pos="X">zenean</wf>
         <wf lemma="," pos="X">,</wf>
         <wf lemma="ordea" pos="X">ordea</wf>
         <wf lemma="," pos="X">,</wf>
         <wf lemma="gitarra" pos="X">gitarra</wf>
         <wf lemma="eskura" pos="X">eskura</wf>
         <wf lemma="zakarki" pos="X">zakarki</wf>
         <wf lemma="eman" pos="X">eman</wf>
         <wf lemma="," pos="X">,</wf>
         <wf lemma="eta" pos="X">eta</wf>
         <wf lemma="are" pos="X">are</wf>
         <wf lemma="zakarrago" pos="X">zakarrago</wf>
         <wf lemma="egin" pos="X">egin</wf>
         <wf lemma="zion" pos="X">zion</wf>
         <instance id="d000.s1298.t000" lemma="oihu" pos="NOUN">oihu</instance>
         <wf lemma=":" pos="X">:</wf>
         <wf lemma="Hoa" pos="X">Hoa</wf>
         <wf lemma="hemendik" pos="X">hemendik</wf>
         <wf lemma="!" pos="X">!</wf>
      </sentence>
      <sentence id="d000.s1299" source="wordnet-basque">
         <wf lemma="Txinako" pos="X">Txinako</wf>
         <wf lemma="Poliziak" pos="X">Poliziak</wf>
         <wf lemma="Falun" pos="X">Falun</wf>
         <wf lemma="Gong" pos="X">Gong</wf>
         <wf lemma="sektaren" pos="X">sektaren</wf>
         <instance id="d000.s1299.t000" lemma="mila" pos="NOUN">milatik</instance>
         <wf lemma="gora" pos="X">gora</wf>
         <wf lemma="jarraitzaile" pos="X">jarraitzaile</wf>
         <wf lemma="atxilotu" pos="X">atxilotu</wf>
         <wf lemma="ditu" pos="X">ditu</wf>
         <wf lemma="azken" pos="X">azken</wf>
         <wf lemma="egunotan" pos="X">egunotan</wf>
         <wf lemma="." pos="X">.</wf>
      </sentence>
      <sentence id="d000.s1300" source="wordnet-basque">
         <wf lemma="dirua" pos="X">dirua</wf>
         <wf lemma="nabarmen" pos="X">nabarmen</wf>
         <wf lemma="irten" pos="X">irten</wf>
         <wf lemma="zen" pos="X">zen</wf>
         <wf lemma="Doneztebeko" pos="X">Doneztebeko</wf>
         <instance id="d000.s1300.t000" lemma="txapeldun" pos="NOUN">txapeldunaren</instance>
         <wf lemma="alde" pos="X">alde</wf>
         <wf lemma="," pos="X">,</wf>
         <wf lemma="baina" pos="X">baina</wf>
         <wf lemma="ez" pos="X">ez</wf>
         <wf lemma="zuten" pos="X">zuten</wf>
         <wf lemma="inondik" pos="X">inondik</wf>
         <wf lemma="ere" pos="X">ere</wf>
         <wf lemma="asmatu" pos="X">asmatu</wf>
         <wf lemma="." pos="X">.</wf>
      </sentence>
      <sentence id="d000.s1301" source="wordnet-basque">
         <wf lemma="ikasle-talde" pos="X">ikasle-talde</wf>
         <wf lemma="batek" pos="X">batek</wf>
         <wf lemma="arazo" pos="X">arazo</wf>
         <wf lemma="hori" pos="X">hori</wf>
         <wf lemma="alderdi" pos="X">alderdi</wf>
         <wf lemma="guztietatik" pos="X">guztietatik</wf>
         <wf lemma="arakatu" pos="X">arakatu</wf>
         <wf lemma="beharko" pos="X">beharko</wf>
         <wf lemma="du" pos="X">du</wf>
         <wf lemma="," pos="X">,</wf>
         <wf lemma="sozial" pos="X">sozial</wf>
         <wf lemma="," pos="X">,</wf>
         <instance id="d000.s1301.t000" lemma="ekonomia" pos="NOUN">ekonomia</instance>
         <wf lemma="," pos="X">,</wf>
         <wf lemma="politika" pos="X">politika</wf>
         <wf lemma="," pos="X">,</wf>
         <wf lemma="ius" pos="X">ius</wf>
         <wf lemma="," pos="X">,</wf>
         <wf lemma="e" pos="X">e</wf>
         <wf lemma=".a" pos="X">.a</wf>
         <wf lemma="." pos="X">.</wf>
      </sentence>
      <sentence id="d000.s1302" source="wordnet-basque">
         <wf lemma="nahiago" pos="X">nahiago</wf>
         <wf lemma="nuke" pos="X">nuke</wf>
         <wf lemma="parkean" pos="X">parkean</wf>
         <instance id="d000.s1302.t000" lemma="eraikuntza" pos="NOUN">eraikuntza</instance>
         <wf lemma="handiegirik" pos="X">handiegirik</wf>
         <wf lemma="ez" pos="X">ez</wf>
         <wf lemma="balego" pos="X">balego</wf>
         <wf lemma="," pos="X">,</wf>
         <wf lemma="ume" pos="X">ume</wf>
         <wf lemma="txikiak" pos="X">txikiak</wf>
         <wf lemma="erortzeko" pos="X">erortzeko</wf>
         <wf lemma="arriskuan" pos="X">arriskuan</wf>
         <wf lemma="daudelako" pos="X">daudelako</wf>
         <wf lemma="." pos="X">.</wf>
      </sentence>
      <sentence id="d000.s1303" source="wordnet-basque">
         <wf lemma="filmaren" pos="X">filmaren</wf>
         <wf lemma="gidoian" pos="X">gidoian</wf>
         <wf lemma="aurki" pos="X">aurki</wf>
         <wf lemma="daitezkeen" pos="X">daitezkeen</wf>
         <instance id="d000.s1303.t000" lemma="elkarrizketa" pos="NOUN">elkarrizketak</instance>
         <wf lemma="aberastasun" pos="X">aberastasun</wf>
         <wf lemma="handikoak" pos="X">handikoak</wf>
         <wf lemma="direla" pos="X">direla</wf>
         <wf lemma="nabarmendu" pos="X">nabarmendu</wf>
         <wf lemma="zuen" pos="X">zuen</wf>
         <wf lemma="aktoreak" pos="X">aktoreak</wf>
         <wf lemma="." pos="X">.</wf>
      </sentence>
      <sentence id="d000.s1304" source="wordnet-basque">
         <wf lemma="landareak" pos="X">landareak</wf>
         <wf lemma="hondatu" pos="X">hondatu</wf>
         <wf lemma="," pos="X">,</wf>
         <wf lemma="mutildu" pos="X">mutildu</wf>
         <wf lemma="," pos="X">,</wf>
         <wf lemma="moztu" pos="X">moztu</wf>
         <wf lemma="edo" pos="X">edo</wf>
         <wf lemma="lurretik" pos="X">lurretik</wf>
         <wf lemma="ateratzea" pos="X">ateratzea</wf>
         <wf lemma="eta" pos="X">eta</wf>
         <wf lemma="horien" pos="X">horien</wf>
         <wf lemma="habitata" pos="X">habitata</wf>
         <wf lemma="suntsitzea" pos="X">suntsitzea</wf>
         <wf lemma="dakarren" pos="X">dakarren</wf>
         <instance id="d000.s1304.t000" lemma="baimen" pos="NOUN">baimenik</instance>
         <wf lemma="gabeko" pos="X">gabeko</wf>
         <wf lemma="edozein" pos="X">edozein</wf>
         <wf lemma="jarduera" pos="X">jarduera</wf>
         <wf lemma="." pos="X">.</wf>
      </sentence>
      <sentence id="d000.s1305" source="wordnet-basque">
         <wf lemma="produktoreak" pos="X">produktoreak</wf>
         <instance id="d000.s1305.t000" lemma="boz" pos="NOUN">boz</instance>
         <wf lemma="entrenatuak" pos="X">entrenatuak</wf>
         <wf lemma="entzun" pos="X">entzun</wf>
         <wf lemma="nahi" pos="X">nahi</wf>
         <wf lemma="zituen" pos="X">zituen</wf>
         <wf lemma="." pos="X">.</wf>
      </sentence>
      <sentence id="d000.s1306" source="wordnet-basque">
         <wf lemma="Foru" pos="X">Foru</wf>
         <wf lemma="Dekretu" pos="X">Dekretu</wf>
         <wf lemma="honen" pos="X">honen</wf>
         <wf lemma="arabera" pos="X">arabera</wf>
         <wf lemma="osagarriaren" pos="X">osagarriaren</wf>
         <wf lemma="esleipena" pos="X">esleipena</wf>
         <wf lemma="hartzen" pos="X">hartzen</wf>
         <wf lemma="dute" pos="X">dute</wf>
         <wf lemma="lanpostuen" pos="X">lanpostuen</wf>
         <instance id="d000.s1306.t000" lemma="titular" pos="NOUN">titularrek</instance>
         <wf lemma="." pos="X">.</wf>
      </sentence>
      <sentence id="d000.s1307" source="wordnet-basque">
         <wf lemma="kargen" pos="X">kargen</wf>
         <instance id="d000.s1307.t000" lemma="mugimendu" pos="NOUN">mugimendu</instance>
         <wf lemma="hau" pos="X">hau</wf>
         <wf lemma="kargen" pos="X">kargen</wf>
         <wf lemma="arteko" pos="X">arteko</wf>
         <wf lemma="elkarreraginak" pos="X">elkarreraginak</wf>
         <wf lemma="sortutakoa" pos="X">sortutakoa</wf>
         <wf lemma="besterik" pos="X">besterik</wf>
         <wf lemma="ez" pos="X">ez</wf>
         <wf lemma="da" pos="X">da</wf>
         <wf lemma="." pos="X">.</wf>
      </sentence>
      <sentence id="d000.s1308" source="wordnet-basque">
         <wf lemma="zein" pos="X">zein</wf>
         <instance id="d000.s1308.t000" lemma="maila" pos="NOUN">mailatan</instance>
         <wf lemma="daude" pos="X">daude</wf>
         <wf lemma="egun" pos="X">egun</wf>
         <wf lemma="gizarte-zientziak" pos="X">gizarte-zientziak</wf>
         <wf lemma="?" pos="X">?</wf>
      </sentence>
      <sentence id="d000.s1309" source="wordnet-basque">
         <wf lemma="akordeoi" pos="X">akordeoi</wf>
         <wf lemma="diatoniko" pos="X">diatoniko</wf>
         <wf lemma="hau" pos="X">hau</wf>
         <wf lemma="XIX." pos="X">XIX.</wf>
         <wf lemma="mendearen" pos="X">mendearen</wf>
         <instance id="d000.s1309.t000" lemma="bukaera" pos="NOUN">bukaeran</instance>
         <wf lemma="indarrez" pos="X">indarrez</wf>
         <wf lemma="sartzen" pos="X">sartzen</wf>
         <wf lemma="da" pos="X">da</wf>
         <wf lemma="." pos="X">.</wf>
      </sentence>
      <sentence id="d000.s1310" source="wordnet-basque">
         <wf lemma="gasa" pos="X">gasa</wf>
         <wf lemma="eta" pos="X">eta</wf>
         <wf lemma="beronen" pos="X">beronen</wf>
         <instance id="d000.s1310.t000" lemma="tarifa" pos="NOUN">tarifak</instance>
         <wf lemma="Gas" pos="X">Gas</wf>
         <wf lemma="naturalaren" pos="X">naturalaren</wf>
         <wf lemma="tarifa" pos="X">tarifa</wf>
         <wf lemma="Estatuko" pos="X">Estatuko</wf>
         <wf lemma="Ministrari" pos="X">Ministrari</wf>
         <wf lemma="Kontseiluak" pos="X">Kontseiluak</wf>
         <wf lemma="jartzen" pos="X">jartzen</wf>
         <wf lemma="ditu" pos="X">ditu</wf>
         <wf lemma="." pos="X">.</wf>
      </sentence>
      <sentence id="d000.s1311" source="wordnet-basque">
         <wf lemma="klubak" pos="X">klubak</wf>
         <wf lemma="konfirmatu" pos="X">konfirmatu</wf>
         <wf lemma="ez" pos="X">ez</wf>
         <wf lemma="duen" pos="X">duen</wf>
         <wf lemma="arren" pos="X">arren</wf>
         <wf lemma="," pos="X">,</wf>
         <wf lemma="badirudi" pos="X">badirudi</wf>
         <wf lemma="Edorta" pos="X">Edorta</wf>
         <wf lemma="Murua" pos="X">Murua</wf>
         <wf lemma="izango" pos="X">izango</wf>
         <wf lemma="dela" pos="X">dela</wf>
         <wf lemma="bigarren" pos="X">bigarren</wf>
         <wf lemma="taldeko" pos="X">taldeko</wf>
         <instance id="d000.s1311.t000" lemma="entrenatzaile" pos="NOUN">entrenatzaile</instance>
         <wf lemma="berria" pos="X">berria</wf>
         <wf lemma="." pos="X">.</wf>
      </sentence>
      <sentence id="d000.s1312" source="wordnet-basque">
         <wf lemma="EITBk" pos="X">EITBk</wf>
         <wf lemma="eta" pos="X">eta</wf>
         <wf lemma="Ibaiak" pos="X">Ibaiak</wf>
         <wf lemma="hitzarmena" pos="X">hitzarmena</wf>
         <wf lemma="sinatu" pos="X">sinatu</wf>
         <wf lemma="dute" pos="X">dute</wf>
         <wf lemma="Elkarlanaren" pos="X">Elkarlanaren</wf>
         <wf lemma="bidez" pos="X">bidez</wf>
         <wf lemma="," pos="X">,</wf>
         <wf lemma="ikus-entzunezkoak" pos="X">ikus-entzunezkoak</wf>
         <instance id="d000.s1312.t000" lemma="industria" pos="NOUN">industria</instance>
         <wf lemma="garrantzitsu" pos="X">garrantzitsu</wf>
         <wf lemma="bihurtzea" pos="X">bihurtzea</wf>
         <wf lemma="nahi" pos="X">nahi</wf>
         <wf lemma="dute" pos="X">dute</wf>
         <wf lemma="." pos="X">.</wf>
      </sentence>
      <sentence id="d000.s1313" source="wordnet-basque">
         <wf lemma="hala" pos="X">hala</wf>
         <wf lemma="," pos="X">,</wf>
         <wf lemma="belarriak" pos="X">belarriak</wf>
         <wf lemma="gorritzerainoko" pos="X">gorritzerainoko</wf>
         <instance id="d000.s1313.t000" lemma="kritika" pos="NOUN">kritika</instance>
         <wf lemma="eta" pos="X">eta</wf>
         <wf lemma="gaitz" pos="X">gaitz</wf>
         <wf lemma="esanak" pos="X">esanak</wf>
         <wf lemma="entzun" pos="X">entzun</wf>
         <wf lemma="behar" pos="X">behar</wf>
         <wf lemma="izan" pos="X">izan</wf>
         <wf lemma="dituzte" pos="X">dituzte</wf>
         <wf lemma="euren" pos="X">euren</wf>
         <wf lemma="baldarkeria" pos="X">baldarkeria</wf>
         <wf lemma="dela" pos="X">dela</wf>
         <wf lemma="eta" pos="X">eta</wf>
         <wf lemma="." pos="X">.</wf>
      </sentence>
      <sentence id="d000.s1314" source="wordnet-basque">
         <wf lemma="arrazoiak" pos="X">arrazoiak</wf>
         <wf lemma="asko" pos="X">asko</wf>
         <wf lemma="dira" pos="X">dira</wf>
         <wf lemma=":" pos="X">:</wf>
         <wf lemma="desberdina" pos="X">desberdina</wf>
         <wf lemma="izatea" pos="X">izatea</wf>
         <wf lemma="," pos="X">,</wf>
         <wf lemma="beste" pos="X">beste</wf>
         <instance id="d000.s1314.t000" lemma="etni" pos="NOUN">etnia</instance>
         <wf lemma="batekoa" pos="X">batekoa</wf>
         <wf lemma="," pos="X">,</wf>
         <wf lemma="atzerritarra" pos="X">atzerritarra</wf>
         <wf lemma="edo" pos="X">edo</wf>
         <wf lemma="larruazal-kolorea" pos="X">larruazal-kolorea</wf>
         <wf lemma="desberdina" pos="X">desberdina</wf>
         <wf lemma="edukitzea" pos="X">edukitzea</wf>
         <wf lemma="." pos="X">.</wf>
      </sentence>
      <sentence id="d000.s1315" source="wordnet-basque">
         <wf lemma="Txabarrik" pos="X">Txabarrik</wf>
         <wf lemma="protesta" pos="X">protesta</wf>
         <wf lemma="egin" pos="X">egin</wf>
         <wf lemma="zion" pos="X">zion</wf>
         <wf lemma="Kongresuko" pos="X">Kongresuko</wf>
         <instance id="d000.s1315.t000" lemma="lehendakari" pos="NOUN">lehendakariari</instance>
         <wf lemma="galderari" pos="X">galderari</wf>
         <wf lemma="erantzun" pos="X">erantzun</wf>
         <wf lemma="beharrean" pos="X">beharrean</wf>
         <wf lemma="EAJ" pos="X">EAJ</wf>
         <wf lemma="erasotzen" pos="X">erasotzen</wf>
         <wf lemma="ari" pos="X">ari</wf>
         <wf lemma="zelako" pos="X">zelako</wf>
         <wf lemma="." pos="X">.</wf>
      </sentence>
      <sentence id="d000.s1316" source="wordnet-basque">
         <wf lemma="gure" pos="X">gure</wf>
         <wf lemma="nondik-norakoak" pos="X">nondik-norakoak</wf>
         <wf lemma="aztertuz" pos="X">aztertuz</wf>
         <wf lemma="eta" pos="X">eta</wf>
         <wf lemma="beroriek" pos="X">beroriek</wf>
         <wf lemma="oinarritzat" pos="X">oinarritzat</wf>
         <wf lemma="hartuz" pos="X">hartuz</wf>
         <wf lemma="," pos="X">,</wf>
         <instance id="d000.s1316.t000" lemma="estrategia" pos="NOUN">estrategia</instance>
         <wf lemma="bat" pos="X">bat</wf>
         <wf lemma="eraiki" pos="X">eraiki</wf>
         <wf lemma="beharko" pos="X">beharko</wf>
         <wf lemma="genuke" pos="X">genuke</wf>
         <wf lemma="." pos="X">.</wf>
      </sentence>
      <sentence id="d000.s1317" source="wordnet-basque">
         <wf lemma="bizkarrean" pos="X">bizkarrean</wf>
         <wf lemma="ere" pos="X">ere</wf>
         <wf lemma="nerbio" pos="X">nerbio</wf>
         <wf lemma="asko" pos="X">asko</wf>
         <wf lemma="biltzen" pos="X">biltzen</wf>
         <wf lemma="da" pos="X">da</wf>
         <wf lemma="," pos="X">,</wf>
         <instance id="d000.s1317.t000" lemma="orno" pos="NOUN">orno</instance>
         <wf lemma="arteko" pos="X">arteko</wf>
         <wf lemma="hodian" pos="X">hodian</wf>
         <wf lemma="barrena" pos="X">barrena</wf>
         <wf lemma="doan" pos="X">doan</wf>
         <wf lemma="muinean" pos="X">muinean</wf>
         <wf lemma="hain" pos="X">hain</wf>
         <wf lemma="zuzen" pos="X">zuzen</wf>
         <wf lemma="." pos="X">.</wf>
      </sentence>
      <sentence id="d000.s1318" source="wordnet-basque">
         <wf lemma="munduari" pos="X">munduari</wf>
         <wf lemma="pare" pos="X">pare</wf>
         <wf lemma="bat" pos="X">bat</wf>
         <instance id="d000.s1318.t000" lemma="buelta" pos="NOUN">buelta</instance>
         <wf lemma="ematen" pos="X">ematen</wf>
         <wf lemma="dizkion" pos="X">dizkion</wf>
         <wf lemma="satelitea" pos="X">satelitea</wf>
         <wf lemma="." pos="X">.</wf>
      </sentence>
      <sentence id="d000.s1319" source="wordnet-basque">
         <wf lemma="1990eko" pos="X">1990eko</wf>
         <wf lemma="lehen" pos="X">lehen</wf>
         <wf lemma="erdialdean" pos="X">erdialdean</wf>
         <instance id="d000.s1319.t000" lemma="jardunaldi" pos="NOUN">jardunaldi</instance>
         <wf lemma="ugari" pos="X">ugari</wf>
         <wf lemma="egin" pos="X">egin</wf>
         <wf lemma="ziren" pos="X">ziren</wf>
         <wf lemma="bi" pos="X">bi</wf>
         <wf lemma="Alemanien" pos="X">Alemanien</wf>
         <wf lemma="bateratzeak" pos="X">bateratzeak</wf>
         <wf lemma="sortzen" pos="X">sortzen</wf>
         <wf lemma="zituen" pos="X">zituen</wf>
         <wf lemma="kezkak" pos="X">kezkak</wf>
         <wf lemma="uxatzeko" pos="X">uxatzeko</wf>
         <wf lemma="." pos="X">.</wf>
      </sentence>
      <sentence id="d000.s1320" source="wordnet-basque">
         <wf lemma="Australian" pos="X">Australian</wf>
         <wf lemma="narratiba" pos="X">narratiba</wf>
         <wf lemma="berriaren" pos="X">berriaren</wf>
         <wf lemma="ordezkari" pos="X">ordezkari</wf>
         <wf lemma="ezagunena" pos="X">ezagunena</wf>
         <wf lemma="da" pos="X">da</wf>
         <wf lemma="egun" pos="X">egun</wf>
         <wf lemma="," pos="X">,</wf>
         <wf lemma="eta" pos="X">eta</wf>
         <wf lemma="bere" pos="X">bere</wf>
         <wf lemma="lan" pos="X">lan</wf>
         <wf lemma="batzuek" pos="X">batzuek</wf>
         <instance id="d000.s1320.t000" lemma="arrakasta" pos="NOUN">arrakasta</instance>
         <wf lemma="handia" pos="X">handia</wf>
         <wf lemma="lortu" pos="X">lortu</wf>
         <wf lemma="dute" pos="X">dute</wf>
         <wf lemma="." pos="X">.</wf>
      </sentence>
      <sentence id="d000.s1321" source="wordnet-basque">
         <wf lemma="Jonasek" pos="X">Jonasek</wf>
         <instance id="d000.s1321.t000" lemma="kasu" pos="NOUN">kasu</instance>
         <wf lemma="egin" pos="X">egin</wf>
         <wf lemma="behar" pos="X">behar</wf>
         <wf lemma="zien" pos="X">zien</wf>
         <wf lemma="turistei" pos="X">turistei</wf>
         <wf lemma="." pos="X">.</wf>
      </sentence>
      <sentence id="d000.s1322" source="wordnet-basque">
         <wf lemma="Txinan" pos="X">Txinan</wf>
         <wf lemma="mahaian" pos="X">mahaian</wf>
         <instance id="d000.s1322.t000" lemma="haize" pos="NOUN">haizea</instance>
         <wf lemma="botatzea" pos="X">botatzea</wf>
         <wf lemma="heziketa" pos="X">heziketa</wf>
         <wf lemma="onekoa" pos="X">onekoa</wf>
         <wf lemma="da" pos="X">da</wf>
         <wf lemma="." pos="X">.</wf>
      </sentence>
      <sentence id="d000.s1323" source="wordnet-basque">
         <wf lemma="xake-jokalari" pos="X">xake-jokalari</wf>
         <wf lemma="trebea" pos="X">trebea</wf>
         <wf lemma="izaki" pos="X">izaki</wf>
         <wf lemma="," pos="X">,</wf>
         <wf lemma="nire" pos="X">nire</wf>
         <instance id="d000.s1323.t000" lemma="mugimendu" pos="NOUN">mugimendu</instance>
         <wf lemma="hura" pos="X">hura</wf>
         <wf lemma="ere" pos="X">ere</wf>
         <wf lemma="aurreikusia" pos="X">aurreikusia</wf>
         <wf lemma="zuen" pos="X">zuen</wf>
         <wf lemma="nonbait" pos="X">nonbait</wf>
         <wf lemma="." pos="X">.</wf>
      </sentence>
      <sentence id="d000.s1324" source="wordnet-basque">
         <wf lemma="ba" pos="X">ba</wf>
         <wf lemma="al" pos="X">al</wf>
         <wf lemma="dakizu" pos="X">dakizu</wf>
         <wf lemma="zer" pos="X">zer</wf>
         <instance id="d000.s1324.t000" lemma="ordu" pos="NOUN">ordu</instance>
         <wf lemma="den" pos="X">den</wf>
         <wf lemma="?" pos="X">?</wf>
      </sentence>
      <sentence id="d000.s1325" source="wordnet-basque">
         <wf lemma="aitonak" pos="X">aitonak</wf>
         <wf lemma="Faria" pos="X">Faria</wf>
         <wf lemma="kaxa" pos="X">kaxa</wf>
         <wf lemma="bat" pos="X">bat</wf>
         <wf lemma="egiten" pos="X">egiten</wf>
         <wf lemma="zion" pos="X">zion</wf>
         <wf lemma="bezuza" pos="X">bezuza</wf>
         <wf lemma="eta" pos="X">eta</wf>
         <instance id="d000.s1325.t000" lemma="irail" pos="NOUN">iraila</instance>
         <wf lemma="bazen" pos="X">bazen</wf>
         <wf lemma="Bernabek" pos="X">Bernabek</wf>
         <wf lemma="gogo" pos="X">gogo</wf>
         <wf lemma="adina" pos="X">adina</wf>
         <wf lemma="ur" pos="X">ur</wf>
         <wf lemma="biltzen" pos="X">biltzen</wf>
         <wf lemma="uzten" pos="X">uzten</wf>
         <wf lemma="zigun" pos="X">zigun</wf>
         <wf lemma="." pos="X">.</wf>
      </sentence>
      <sentence id="d000.s1326" source="wordnet-basque">
         <wf lemma="Bengoetxeak" pos="X">Bengoetxeak</wf>
         <wf lemma="ez" pos="X">ez</wf>
         <wf lemma="du" pos="X">du</wf>
         <wf lemma="diru" pos="X">diru</wf>
         <instance id="d000.s1326.t000" lemma="kopuru" pos="NOUN">kopururik</instance>
         <wf lemma="zehaztu" pos="X">zehaztu</wf>
         <wf lemma="nahi" pos="X">nahi</wf>
         <wf lemma="izan" pos="X">izan</wf>
         <wf lemma="negoziazioen" pos="X">negoziazioen</wf>
         <wf lemma="aurrean" pos="X">aurrean</wf>
         <wf lemma="." pos="X">.</wf>
      </sentence>
      <sentence id="d000.s1327" source="wordnet-basque">
         <wf lemma="antza" pos="X">antza</wf>
         <wf lemma="," pos="X">,</wf>
         <wf lemma="Carlos" pos="X">Carlos</wf>
         <wf lemma="Merino" pos="X">Merino</wf>
         <wf lemma="sutsuegi" pos="X">sutsuegi</wf>
         <wf lemma="aritzen" pos="X">aritzen</wf>
         <wf lemma="da" pos="X">da</wf>
         <instance id="d000.s1327.t000" lemma="entrenamendu" pos="NOUN">entrenamenduetan</instance>
         <wf lemma="." pos="X">.</wf>
      </sentence>
      <sentence id="d000.s1328" source="wordnet-basque">
         <wf lemma="Israelek" pos="X">Israelek</wf>
         <wf lemma="helburu" pos="X">helburu</wf>
         <wf lemma="politikoak" pos="X">politikoak</wf>
         <wf lemma="direla-eta" pos="X">direla-eta</wf>
         <wf lemma="egun" pos="X">egun</wf>
         <wf lemma="hauetako" pos="X">hauetako</wf>
         <instance id="d000.s1328.t000" lemma="biolentzia" pos="NOUN">biolentzia</instance>
         <wf lemma="bultzatzea" pos="X">bultzatzea</wf>
         <wf lemma="leporatu" pos="X">leporatu</wf>
         <wf lemma="dio" pos="X">dio</wf>
         <wf lemma="PANi" pos="X">PANi</wf>
         <wf lemma="." pos="X">.</wf>
      </sentence>
      <sentence id="d000.s1329" source="wordnet-basque">
         <instance id="d000.s1329.t000" lemma="hiri" pos="NOUN">hiria</instance>
         <wf lemma="kale" pos="X">kale</wf>
         <wf lemma="estu" pos="X">estu</wf>
         <wf lemma="eta" pos="X">eta</wf>
         <wf lemma="karrika" pos="X">karrika</wf>
         <wf lemma="meharrez" pos="X">meharrez</wf>
         <wf lemma="beteta" pos="X">beteta</wf>
         <wf lemma="dago" pos="X">dago</wf>
         <wf lemma="eta" pos="X">eta</wf>
         <wf lemma="erromatarren" pos="X">erromatarren</wf>
         <wf lemma="garaian" pos="X">garaian</wf>
         <wf lemma="ere" pos="X">ere</wf>
         <wf lemma="existitzen" pos="X">existitzen</wf>
         <wf lemma="zen" pos="X">zen</wf>
         <wf lemma="." pos="X">.</wf>
      </sentence>
      <sentence id="d000.s1330" source="wordnet-basque">
         <wf lemma="erromatarren" pos="X">erromatarren</wf>
         <wf lemma="etxeetan" pos="X">etxeetan</wf>
         <instance id="d000.s1330.t000" lemma="atari" pos="NOUN">atarian</instance>
         <wf lemma="urmaela" pos="X">urmaela</wf>
         <wf lemma="egoten" pos="X">egoten</wf>
         <wf lemma="zen" pos="X">zen</wf>
         <wf lemma="." pos="X">.</wf>
      </sentence>
      <sentence id="d000.s1331" source="wordnet-basque">
         <wf lemma="beldurra" pos="X">beldurra</wf>
         <wf lemma="ematen" pos="X">ematen</wf>
         <wf lemma="dioten" pos="X">dioten</wf>
         <wf lemma="bakarrak" pos="X">bakarrak</wf>
         <wf lemma="itsasertzetik" pos="X">itsasertzetik</wf>
         <wf lemma="hurbil" pos="X">hurbil</wf>
         <wf lemma="dabiltzan" pos="X">dabiltzan</wf>
         <instance id="d000.s1331.t000" lemma="marrazo" pos="NOUN">marrazoak</instance>
         <wf lemma="dira" pos="X">dira</wf>
         <wf lemma="." pos="X">.</wf>
      </sentence>
      <sentence id="d000.s1332" source="wordnet-basque">
         <wf lemma="protesta" pos="X">protesta</wf>
         <wf lemma="egiteko" pos="X">egiteko</wf>
         <wf lemma="manifestazio" pos="X">manifestazio</wf>
         <wf lemma="edo" pos="X">edo</wf>
         <instance id="d000.s1332.t000" lemma="kontzentrazio" pos="NOUN">kontzentrazioez</instance>
         <wf lemma="gain" pos="X">gain</wf>
         <wf lemma="arrakasta" pos="X">arrakasta</wf>
         <wf lemma="izan" pos="X">izan</wf>
         <wf lemma="duen" pos="X">duen</wf>
         <wf lemma="eredua" pos="X">eredua</wf>
         <wf lemma="erabiltzea" pos="X">erabiltzea</wf>
         <wf lemma="erabaki" pos="X">erabaki</wf>
         <wf lemma="dute" pos="X">dute</wf>
         <wf lemma="." pos="X">.</wf>
      </sentence>
      <sentence id="d000.s1333" source="wordnet-basque">
         <wf lemma="saskian" pos="X">saskian</wf>
         <wf lemma="sartu" pos="X">sartu</wf>
         <wf lemma="eta" pos="X">eta</wf>
         <instance id="d000.s1333.t000" lemma="baloi" pos="NOUN">baloi</instance>
         <wf lemma="erraldoi" pos="X">erraldoi</wf>
         <wf lemma="hartan" pos="X">hartan</wf>
         <wf lemma="gorantz" pos="X">gorantz</wf>
         <wf lemma="abiatu" pos="X">abiatu</wf>
         <wf lemma="ziren" pos="X">ziren</wf>
         <wf lemma="." pos="X">.</wf>
      </sentence>
      <sentence id="d000.s1334" source="wordnet-basque">
         <wf lemma="era" pos="X">era</wf>
         <wf lemma="askotako" pos="X">askotako</wf>
         <instance id="d000.s1334.t000" lemma="presio" pos="NOUN">presioen</instance>
         <wf lemma="ondorio" pos="X">ondorio</wf>
         <wf lemma="dira" pos="X">dira</wf>
         <wf lemma="hizkuntzen" pos="X">hizkuntzen</wf>
         <wf lemma="desagerpenak" pos="X">desagerpenak</wf>
         <wf lemma="." pos="X">.</wf>
      </sentence>
      <sentence id="d000.s1335" source="wordnet-basque">
         <wf lemma="PO" pos="X">PO</wf>
         <wf lemma="fitxategi" pos="X">fitxategi</wf>
         <wf lemma="bat" pos="X">bat</wf>
         <wf lemma="eguneratzeko" pos="X">eguneratzeko</wf>
         <instance id="d000.s1335.t000" lemma="agindu" pos="NOUN">agindua</instance>
         <wf lemma="idazteko" pos="X">idazteko</wf>
         <wf lemma="modu" pos="X">modu</wf>
         <wf lemma="bi" pos="X">bi</wf>
         <wf lemma="behintzat" pos="X">behintzat</wf>
         <wf lemma="badaude" pos="X">badaude</wf>
         <wf lemma="." pos="X">.</wf>
      </sentence>
      <sentence id="d000.s1336" source="wordnet-basque">
         <wf lemma="zientzia" pos="X">zientzia</wf>
         <wf lemma="modernoaren" pos="X">modernoaren</wf>
         <wf lemma="arabera" pos="X">arabera</wf>
         <wf lemma="," pos="X">,</wf>
         <wf lemma="materia" pos="X">materia</wf>
         <wf lemma="mota" pos="X">mota</wf>
         <wf lemma="guztia" pos="X">guztia</wf>
         <wf lemma="osagai" pos="X">osagai</wf>
         <wf lemma="edo" pos="X">edo</wf>
         <instance id="d000.s1336.t000" lemma="zati" pos="NOUN">zati</instance>
         <wf lemma="txikiagoz" pos="X">txikiagoz</wf>
         <wf lemma="osaturik" pos="X">osaturik</wf>
         <wf lemma="dago" pos="X">dago</wf>
         <wf lemma="." pos="X">.</wf>
      </sentence>
      <sentence id="d000.s1337" source="wordnet-basque">
         <wf lemma="erdilari" pos="X">erdilari</wf>
         <wf lemma="nafarrak" pos="X">nafarrak</wf>
         <instance id="d000.s1337.t000" lemma="min" pos="NOUN">min</instance>
         <wf lemma="apur" pos="X">apur</wf>
         <wf lemma="bat" pos="X">bat</wf>
         <wf lemma="nabaritu" pos="X">nabaritu</wf>
         <wf lemma="zuen" pos="X">zuen</wf>
         <wf lemma="herenegun" pos="X">herenegun</wf>
         <wf lemma="arratsaldean" pos="X">arratsaldean</wf>
         <wf lemma="," pos="X">,</wf>
         <wf lemma="baina" pos="X">baina</wf>
         <wf lemma="ez" pos="X">ez</wf>
         <wf lemma="zion" pos="X">zion</wf>
         <wf lemma="garrantzirik" pos="X">garrantzirik</wf>
         <wf lemma="eman" pos="X">eman</wf>
         <wf lemma="." pos="X">.</wf>
      </sentence>
      <sentence id="d000.s1338" source="wordnet-basque">
         <wf lemma="eta" pos="X">eta</wf>
         <wf lemma="zergatik" pos="X">zergatik</wf>
         <wf lemma="ez" pos="X">ez</wf>
         <wf lemma="zen" pos="X">zen</wf>
         <wf lemma="saiatu" pos="X">saiatu</wf>
         <wf lemma="bere" pos="X">bere</wf>
         <wf lemma="garaiko" pos="X">garaiko</wf>
         <wf lemma="pertsonengan" pos="X">pertsonengan</wf>
         <instance id="d000.s1338.t000" lemma="eragin" pos="NOUN">eragina</instance>
         <wf lemma="izaten" pos="X">izaten</wf>
         <wf lemma="?" pos="X">?</wf>
      </sentence>
      <sentence id="d000.s1339" source="wordnet-basque">
         <wf lemma="soldatan" pos="X">soldatan</wf>
         <wf lemma="KPI" pos="X">KPI</wf>
         <instance id="d000.s1339.t000" lemma="gehi" pos="NOUN">gehi</instance>
         <wf lemma="%4ko" pos="X">%4ko</wf>
         <wf lemma="igoera" pos="X">igoera</wf>
         <wf lemma="adostu" pos="X">adostu</wf>
         <wf lemma="zuten" pos="X">zuten</wf>
         <wf lemma="langile" pos="X">langile</wf>
         <wf lemma="guztientzat" pos="X">guztientzat</wf>
         <wf lemma="hiru" pos="X">hiru</wf>
         <wf lemma="urtetarako" pos="X">urtetarako</wf>
         <wf lemma="." pos="X">.</wf>
      </sentence>
      <sentence id="d000.s1340" source="wordnet-basque">
         <wf lemma="nahiz" pos="X">nahiz</wf>
         <wf lemma="eztabaida" pos="X">eztabaida</wf>
         <wf lemma="bateko" pos="X">bateko</wf>
         <instance id="d000.s1340.t000" lemma="hizpide" pos="NOUN">hizpidea</instance>
         <wf lemma=":" pos="X">:</wf>
         <wf lemma="gai" pos="X">gai</wf>
         <wf lemma="hark" pos="X">hark</wf>
         <wf lemma="ez" pos="X">ez</wf>
         <wf lemma="zuen" pos="X">zuen</wf>
         <wf lemma="gaiaz" pos="X">gaiaz</wf>
         <wf lemma="mintzatu" pos="X">mintzatu</wf>
         <wf lemma="nahi" pos="X">nahi</wf>
         <wf lemma="." pos="X">.</wf>
      </sentence>
      <sentence id="d000.s1341" source="wordnet-basque">
         <wf lemma="ehiztariek" pos="X">ehiztariek</wf>
         <wf lemma="oihu" pos="X">oihu</wf>
         <wf lemma="egin" pos="X">egin</wf>
         <wf lemma="ziguten" pos="X">ziguten</wf>
         <wf lemma="," pos="X">,</wf>
         <instance id="d000.s1341.t000" lemma="otso" pos="NOUN">otsoarengandik</instance>
         <wf lemma="apartatzeko" pos="X">apartatzeko</wf>
         <wf lemma="esanaz" pos="X">esanaz</wf>
         <wf lemma="." pos="X">.</wf>
      </sentence>
      <sentence id="d000.s1342" source="wordnet-basque">
         <wf lemma="erasoen" pos="X">erasoen</wf>
         <wf lemma="kontra" pos="X">kontra</wf>
         <wf lemma="egindako" pos="X">egindako</wf>
         <instance id="d000.s1342.t000" lemma="defentsa" pos="NOUN">defentsa</instance>
         <wf lemma="laburra" pos="X">laburra</wf>
         <wf lemma="eta" pos="X">eta</wf>
         <wf lemma="konbentzigarria" pos="X">konbentzigarria</wf>
         <wf lemma="izan" pos="X">izan</wf>
         <wf lemma="zen" pos="X">zen</wf>
         <wf lemma="." pos="X">.</wf>
      </sentence>
      <sentence id="d000.s1343" source="wordnet-basque">
         <wf lemma="inork" pos="X">inork</wf>
         <wf lemma="ez" pos="X">ez</wf>
         <wf lemma="daki" pos="X">daki</wf>
         <wf lemma="nork" pos="X">nork</wf>
         <wf lemma="beteko" pos="X">beteko</wf>
         <wf lemma="duen" pos="X">duen</wf>
         <wf lemma="Urzaizen" pos="X">Urzaizen</wf>
         <instance id="d000.s1343.t000" lemma="hutsune" pos="NOUN">hutsunea</instance>
         <wf lemma="." pos="X">.</wf>
      </sentence>
      <sentence id="d000.s1344" source="wordnet-basque">
         <wf lemma="Labaienek" pos="X">Labaienek</wf>
         <instance id="d000.s1344.t000" lemma="ekitaldi" pos="NOUN">ekitaldi</instance>
         <wf lemma="bateko" pos="X">bateko</wf>
         <wf lemma="obra" pos="X">obra</wf>
         <wf lemma="argitaratu" pos="X">argitaratu</wf>
         <wf lemma="zuen" pos="X">zuen</wf>
         <wf lemma="." pos="X">.</wf>
      </sentence>
      <sentence id="d000.s1345" source="wordnet-basque">
         <wf lemma="antzoki" pos="X">antzoki</wf>
         <wf lemma="zerrenda" pos="X">zerrenda</wf>
         <wf lemma="eta" pos="X">eta</wf>
         <instance id="d000.s1345.t000" lemma="sare" pos="NOUN">sarean</instance>
         <wf lemma="ziren" pos="X">ziren</wf>
         <wf lemma="talde" pos="X">talde</wf>
         <wf lemma="mordoska" pos="X">mordoska</wf>
         <wf lemma="," pos="X">,</wf>
         <wf lemma="oholtzatik" pos="X">oholtzatik</wf>
         <wf lemma="kanpo" pos="X">kanpo</wf>
         <wf lemma="utzi" pos="X">utzi</wf>
         <wf lemma="zituen" pos="X">zituen</wf>
         <wf lemma="planak" pos="X">planak</wf>
         <wf lemma="." pos="X">.</wf>
      </sentence>
      <sentence id="d000.s1346" source="wordnet-basque">
         <wf lemma="handik" pos="X">handik</wf>
         <wf lemma="gerora" pos="X">gerora</wf>
         <wf lemma="Larrañeko" pos="X">Larrañeko</wf>
         <wf lemma="hizkeraren" pos="X">hizkeraren</wf>
         <instance id="d000.s1346.t000" lemma="ezaugarri" pos="NOUN">ezaugarriak</instance>
         <wf lemma="argitaratu" pos="X">argitaratu</wf>
         <wf lemma="zituen" pos="X">zituen</wf>
         <wf lemma="txosten" pos="X">txosten</wf>
         <wf lemma="bitan" pos="X">bitan</wf>
         <wf lemma="." pos="X">.</wf>
      </sentence>
      <sentence id="d000.s1347" source="wordnet-basque">
         <wf lemma="gerran" pos="X">gerran</wf>
         <wf lemma="garaian" pos="X">garaian</wf>
         <wf lemma="granadak" pos="X">granadak</wf>
         <wf lemma="eta" pos="X">eta</wf>
         <wf lemma="bonbak" pos="X">bonbak</wf>
         <wf lemma="bota" pos="X">bota</wf>
         <wf lemma="baitzituzten" pos="X">baitzituzten</wf>
         <wf lemma="hondarrera" pos="X">hondarrera</wf>
         <wf lemma="edo" pos="X">edo</wf>
         <wf lemma="itsasora" pos="X">itsasora</wf>
         <wf lemma="," pos="X">,</wf>
         <instance id="d000.s1347.t000" lemma="entrenamendu" pos="NOUN">entrenamendu</instance>
         <wf lemma="gisa" pos="X">gisa</wf>
         <wf lemma="." pos="X">.</wf>
      </sentence>
      <sentence id="d000.s1348" source="wordnet-basque">
         <wf lemma="lan" pos="X">lan</wf>
         <wf lemma="horren" pos="X">horren</wf>
         <wf lemma="emaitza" pos="X">emaitza</wf>
         <wf lemma="da" pos="X">da</wf>
         <wf lemma="liburuari" pos="X">liburuari</wf>
         <instance id="d000.s1348.t000" lemma="amaiera" pos="NOUN">amaieran</instance>
         <wf lemma="erantsi" pos="X">erantsi</wf>
         <wf lemma="dioten" pos="X">dioten</wf>
         <wf lemma="terminologia" pos="X">terminologia</wf>
         <wf lemma="hiztegia" pos="X">hiztegia</wf>
         <wf lemma="." pos="X">.</wf>
      </sentence>
      <sentence id="d000.s1349" source="wordnet-basque">
         <wf lemma="beraz" pos="X">beraz</wf>
         <wf lemma="," pos="X">,</wf>
         <wf lemma="ezin" pos="X">ezin</wf>
         <instance id="d000.s1349.t000" lemma="sare" pos="NOUN">sarean</instance>
         <wf lemma="lasai-lasai" pos="X">lasai-lasai</wf>
         <wf lemma="nabigatu" pos="X">nabigatu</wf>
         <wf lemma="," pos="X">,</wf>
         <wf lemma="han" pos="X">han</wf>
         <wf lemma="ez" pos="X">ez</wf>
         <wf lemma="baitago" pos="X">baitago</wf>
         <wf lemma="pribatutasuna" pos="X">pribatutasuna</wf>
         <wf lemma="gordetzerik" pos="X">gordetzerik</wf>
         <wf lemma="." pos="X">.</wf>
      </sentence>
      <sentence id="d000.s1350" source="wordnet-basque">
         <wf lemma="San" pos="X">San</wf>
         <wf lemma="Torkuato" pos="X">Torkuato</wf>
         <wf lemma="eliza" pos="X">eliza</wf>
         <instance id="d000.s1350.t000" lemma="nabe" pos="NOUN">nabe</instance>
         <wf lemma="bakarrekoa" pos="X">bakarrekoa</wf>
         <wf lemma="da" pos="X">da</wf>
         <wf lemma="eta" pos="X">eta</wf>
         <wf lemma="1763-80" pos="X">1763-80</wf>
         <wf lemma="bitartean" pos="X">bitartean</wf>
         <wf lemma="berreraiki" pos="X">berreraiki</wf>
         <wf lemma="zen" pos="X">zen</wf>
         <wf lemma="." pos="X">.</wf>
      </sentence>
      <sentence id="d000.s1351" source="wordnet-basque">
         <wf lemma="1.100" pos="X">1.100</wf>
         <wf lemma="biztanleko" pos="X">biztanleko</wf>
         <instance id="d000.s1351.t000" lemma="herri" pos="NOUN">herri</instance>
         <wf lemma="bateko" pos="X">bateko</wf>
         <wf lemma="bi" pos="X">bi</wf>
         <wf lemma="mutil" pos="X">mutil</wf>
         <wf lemma="erremonteko" pos="X">erremonteko</wf>
         <wf lemma="buruz" pos="X">buruz</wf>
         <wf lemma="buruko" pos="X">buruko</wf>
         <wf lemma="finalera" pos="X">finalera</wf>
         <wf lemma="iristea" pos="X">iristea</wf>
         <wf lemma="ez" pos="X">ez</wf>
         <wf lemma="da" pos="X">da</wf>
         <wf lemma="askotan" pos="X">askotan</wf>
         <wf lemma="gertatzen" pos="X">gertatzen</wf>
         <wf lemma="." pos="X">.</wf>
      </sentence>
      <sentence id="d000.s1352" source="wordnet-basque">
         <wf lemma="eremua" pos="X">eremua</wf>
         <wf lemma="berriz" pos="X">berriz</wf>
         <wf lemma="ere" pos="X">ere</wf>
         <wf lemma="lautada" pos="X">lautada</wf>
         <wf lemma="monotono" pos="X">monotono</wf>
         <wf lemma="bat" pos="X">bat</wf>
         <wf lemma="zen" pos="X">zen</wf>
         <wf lemma="," pos="X">,</wf>
         <wf lemma="esparruaren" pos="X">esparruaren</wf>
         <instance id="d000.s1352.t000" lemma="amaiera" pos="NOUN">amaieran</instance>
         <wf lemma="bakarrik" pos="X">bakarrik</wf>
         <wf lemma="ikus" pos="X">ikus</wf>
         <wf lemma="zitekeen" pos="X">zitekeen</wf>
         <wf lemma="lerro" pos="X">lerro</wf>
         <wf lemma="urdin" pos="X">urdin</wf>
         <wf lemma="urrun" pos="X">urrun</wf>
         <wf lemma="bat" pos="X">bat</wf>
         <wf lemma="." pos="X">.</wf>
      </sentence>
      <sentence id="d000.s1353" source="wordnet-basque">
         <instance id="d000.s1353.t000" lemma="guardia" pos="NOUN">guardian</instance>
         <wf lemma="dagoen" pos="X">dagoen</wf>
         <wf lemma="bitartean" pos="X">bitartean</wf>
         <wf lemma="Luis" pos="X">Luis</wf>
         <wf lemma="Marik" pos="X">Marik</wf>
         <wf lemma="hostogabetzen" pos="X">hostogabetzen</wf>
         <wf lemma="duen" pos="X">duen</wf>
         <wf lemma="lorea" pos="X">lorea</wf>
         <wf lemma="," pos="X">,</wf>
         <wf lemma="Mari" pos="X">Mari</wf>
         <wf lemma="Pilik" pos="X">Pilik</wf>
         <wf lemma="maite" pos="X">maite</wf>
         <wf lemma="duenentz" pos="X">duenentz</wf>
         <wf lemma="jakiteko" pos="X">jakiteko</wf>
         <wf lemma="." pos="X">.</wf>
      </sentence>
      <sentence id="d000.s1354" source="wordnet-basque">
         <wf lemma="egunkarietan" pos="X">egunkarietan</wf>
         <wf lemma="maiz" pos="X">maiz</wf>
         <wf lemma="agertzen" pos="X">agertzen</wf>
         <wf lemma="dira" pos="X">dira</wf>
         <instance id="d000.s1354.t000" lemma="zerrenda" pos="NOUN">zerrenda</instance>
         <wf lemma="bat" pos="X">bat</wf>
         <wf lemma="edo" pos="X">edo</wf>
         <wf lemma="bi" pos="X">bi</wf>
         <wf lemma="galesez" pos="X">galesez</wf>
         <wf lemma="." pos="X">.</wf>
      </sentence>
      <sentence id="d000.s1355" source="wordnet-basque">
         <instance id="d000.s1355.t000" lemma="estropada" pos="NOUN">estropadan</instance>
         <wf lemma="izan" pos="X">izan</wf>
         <wf lemma="den" pos="X">den</wf>
         <wf lemma="giroa" pos="X">giroa</wf>
         <wf lemma="aparta" pos="X">aparta</wf>
         <wf lemma="izan" pos="X">izan</wf>
         <wf lemma="da" pos="X">da</wf>
         <wf lemma="La" pos="X">La</wf>
         <wf lemma="Marinera" pos="X">Marinera</wf>
         <wf lemma="babesten" pos="X">babesten</wf>
         <wf lemma="izan" pos="X">izan</wf>
         <wf lemma="diren" pos="X">diren</wf>
         <wf lemma="zaleak" pos="X">zaleak</wf>
         <wf lemma="ez" pos="X">ez</wf>
         <wf lemma="baitira" pos="X">baitira</wf>
         <wf lemma="isildu" pos="X">isildu</wf>
         <wf lemma="ere" pos="X">ere</wf>
         <wf lemma="egin" pos="X">egin</wf>
         <wf lemma="." pos="X">.</wf>
      </sentence>
      <sentence id="d000.s1356" source="wordnet-basque">
         <wf lemma="ekimen" pos="X">ekimen</wf>
         <wf lemma="honen" pos="X">honen</wf>
         <wf lemma="bultzatzaileak" pos="X">bultzatzaileak</wf>
         <wf lemma="bi" pos="X">bi</wf>
         <wf lemma="enpresari" pos="X">enpresari</wf>
         <wf lemma="izan" pos="X">izan</wf>
         <wf lemma="dira" pos="X">dira</wf>
         <wf lemma="," pos="X">,</wf>
         <wf lemma="hauetako" pos="X">hauetako</wf>
         <wf lemma="batek" pos="X">batek</wf>
         <wf lemma="Abendañoko" pos="X">Abendañoko</wf>
         <instance id="d000.s1356.t000" lemma="industrialde" pos="NOUN">industrialdean</instance>
         <wf lemma="dauden" pos="X">dauden</wf>
         <wf lemma="enpresetariko" pos="X">enpresetariko</wf>
         <wf lemma="batekin" pos="X">batekin</wf>
         <wf lemma="lotura" pos="X">lotura</wf>
         <wf lemma="du" pos="X">du</wf>
         <wf lemma="." pos="X">.</wf>
      </sentence>
      <sentence id="d000.s1357" source="wordnet-basque">
         <wf lemma="honako" pos="X">honako</wf>
         <wf lemma="hau" pos="X">hau</wf>
         <wf lemma="," pos="X">,</wf>
         <wf lemma="Saleko" pos="X">Saleko</wf>
         <wf lemma="etxe" pos="X">etxe</wf>
         <wf lemma="gaineko" pos="X">gaineko</wf>
         <wf lemma="terraza" pos="X">terraza</wf>
         <wf lemma="tipikoen" pos="X">tipikoen</wf>
         <instance id="d000.s1357.t000" lemma="ikuspegi" pos="NOUN">ikuspegi</instance>
         <wf lemma="bat" pos="X">bat</wf>
         <wf lemma="da" pos="X">da</wf>
         <wf lemma="." pos="X">.</wf>
      </sentence>
      <sentence id="d000.s1358" source="wordnet-basque">
         <instance id="d000.s1358.t000" lemma="gustu" pos="NOUN">gustuaren</instance>
         <wf lemma="bidez" pos="X">bidez</wf>
         <wf lemma="sumatu" pos="X">sumatu</wf>
         <wf lemma="du" pos="X">du</wf>
         <wf lemma="janaria" pos="X">janaria</wf>
         <wf lemma="iraungita" pos="X">iraungita</wf>
         <wf lemma="zegoela" pos="X">zegoela</wf>
         <wf lemma="." pos="X">.</wf>
      </sentence>
      <sentence id="d000.s1359" source="wordnet-basque">
         <wf lemma="Euskal" pos="X">Euskal</wf>
         <wf lemma="Tonbolan" pos="X">Tonbolan</wf>
         <wf lemma="behin" pos="X">behin</wf>
         <wf lemma="parte" pos="X">parte</wf>
         <wf lemma="hartu" pos="X">hartu</wf>
         <wf lemma="eta" pos="X">eta</wf>
         <instance id="d000.s1359.t000" lemma="irabazle" pos="NOUN">irabazle</instance>
         <wf lemma="gertatu" pos="X">gertatu</wf>
         <wf lemma="zen" pos="X">zen</wf>
         <wf lemma="." pos="X">.</wf>
      </sentence>
      <sentence id="d000.s1360" source="wordnet-basque">
         <wf lemma="atzeman" pos="X">atzeman</wf>
         <wf lemma="zuen" pos="X">zuen</wf>
         <instance id="d000.s1360.t000" lemma="zimitz" pos="NOUN">zimitz</instance>
         <wf lemma="bat" pos="X">bat</wf>
         <wf lemma="," pos="X">,</wf>
         <wf lemma="zanpa-zanpa" pos="X">zanpa-zanpa</wf>
         <wf lemma="egin" pos="X">egin</wf>
         <wf lemma="zuen" pos="X">zuen</wf>
         <wf lemma="paretaren" pos="X">paretaren</wf>
         <wf lemma="kontra" pos="X">kontra</wf>
         <wf lemma="." pos="X">.</wf>
      </sentence>
      <sentence id="d000.s1361" source="wordnet-basque">
         <wf lemma="On" pos="X">On</wf>
         <wf lemma="Luis" pos="X">Luis</wf>
         <wf lemma="Iñarra" pos="X">Iñarra</wf>
         <wf lemma="Arrasateko" pos="X">Arrasateko</wf>
         <wf lemma="parrokoaren" pos="X">parrokoaren</wf>
         <instance id="d000.s1361.t000" lemma="heriotza" pos="NOUN">heriotzak</instance>
         <wf lemma="gero" pos="X">gero</wf>
         <wf lemma="porrotera" pos="X">porrotera</wf>
         <wf lemma="bidali" pos="X">bidali</wf>
         <wf lemma="zituen" pos="X">zituen</wf>
         <wf lemma="ahalegin" pos="X">ahalegin</wf>
         <wf lemma="horiek" pos="X">horiek</wf>
         <wf lemma="." pos="X">.</wf>
      </sentence>
      <sentence id="d000.s1362" source="wordnet-basque">
         <wf lemma="Berlingo" pos="X">Berlingo</wf>
         <instance id="d000.s1362.t000" lemma="bilkura" pos="NOUN">bilkurako</instance>
         <wf lemma="ustekabea" pos="X">ustekabea</wf>
         <wf lemma="Gabriela" pos="X">Gabriela</wf>
         <wf lemma="Szaboren" pos="X">Szaboren</wf>
         <wf lemma="porrota" pos="X">porrota</wf>
         <wf lemma="izan" pos="X">izan</wf>
         <wf lemma="zen" pos="X">zen</wf>
         <wf lemma="3.000" pos="X">3.000</wf>
         <wf lemma="metroko" pos="X">metroko</wf>
         <wf lemma="proban" pos="X">proban</wf>
         <wf lemma="." pos="X">.</wf>
      </sentence>
      <sentence id="d000.s1363" source="wordnet-basque">
         <wf lemma="horren" pos="X">horren</wf>
         <wf lemma="neurria" pos="X">neurria</wf>
         <instance id="d000.s1363.t000" lemma="beso" pos="NOUN">beso</instance>
         <wf lemma="batekoa" pos="X">batekoa</wf>
         <wf lemma="da" pos="X">da</wf>
         <wf lemma="." pos="X">.</wf>
      </sentence>
      <sentence id="d000.s1364" source="wordnet-basque">
         <wf lemma="orangutana" pos="X">orangutana</wf>
         <wf lemma="gelako" pos="X">gelako</wf>
         <instance id="d000.s1364.t000" lemma="ate" pos="NOUN">atetik</instance>
         <wf lemma="saltoan" pos="X">saltoan</wf>
         <wf lemma="irten" pos="X">irten</wf>
         <wf lemma="," pos="X">,</wf>
         <wf lemma="eskaileretan" pos="X">eskaileretan</wf>
         <wf lemma="behera" pos="X">behera</wf>
         <wf lemma="jaitsi" pos="X">jaitsi</wf>
         <wf lemma="eta" pos="X">eta</wf>
         <wf lemma="handik" pos="X">handik</wf>
         <wf lemma="," pos="X">,</wf>
         <wf lemma="zoritxarrez" pos="X">zoritxarrez</wf>
         <wf lemma="zabalik" pos="X">zabalik</wf>
         <wf lemma="zegoen" pos="X">zegoen</wf>
         <wf lemma="leiho" pos="X">leiho</wf>
         <wf lemma="batetik" pos="X">batetik</wf>
         <wf lemma="," pos="X">,</wf>
         <wf lemma="kalera" pos="X">kalera</wf>
         <wf lemma="salto" pos="X">salto</wf>
         <wf lemma="egin" pos="X">egin</wf>
         <wf lemma="zuen" pos="X">zuen</wf>
         <wf lemma="." pos="X">.</wf>
      </sentence>
      <sentence id="d000.s1365" source="wordnet-basque">
         <wf lemma="Alaves" pos="X">Alaves</wf>
         <wf lemma="Salcedok" pos="X">Salcedok</wf>
         <wf lemma="Holandako" pos="X">Holandako</wf>
         <wf lemma="egonaldia" pos="X">egonaldia</wf>
         <wf lemma="gal" pos="X">gal</wf>
         <wf lemma="dezake" pos="X">dezake</wf>
         <instance id="d000.s1365.t000" lemma="ezker" pos="NOUN">ezker</instance>
         <wf lemma="hankan" pos="X">hankan</wf>
         <wf lemma="duen" pos="X">duen</wf>
         <wf lemma="tendinitisa" pos="X">tendinitisa</wf>
         <wf lemma="dela" pos="X">dela</wf>
         <wf lemma="eta" pos="X">eta</wf>
         <wf lemma="." pos="X">.</wf>
      </sentence>
      <sentence id="d000.s1366" source="wordnet-basque">
         <wf lemma="Josefa" pos="X">Josefa</wf>
         <wf lemma="Iloilo" pos="X">Iloilo</wf>
         <wf lemma="presidente" pos="X">presidente</wf>
         <wf lemma="berriak" pos="X">berriak</wf>
         <wf lemma="Laisenia" pos="X">Laisenia</wf>
         <wf lemma="Qarase" pos="X">Qarase</wf>
         <wf lemma="lehen" pos="X">lehen</wf>
         <wf lemma="ministro" pos="X">ministro</wf>
         <wf lemma="izendatu" pos="X">izendatu</wf>
         <wf lemma="zuenean" pos="X">zuenean</wf>
         <wf lemma="errebeldeek" pos="X">errebeldeek</wf>
         <wf lemma="egindako" pos="X">egindako</wf>
         <instance id="d000.s1366.t000" lemma="heriotza" pos="NOUN">heriotza</instance>
         <wf lemma="mehatxuengatik" pos="X">mehatxuengatik</wf>
         <wf lemma="ere" pos="X">ere</wf>
         <wf lemma="epaituak" pos="X">epaituak</wf>
         <wf lemma="izango" pos="X">izango</wf>
         <wf lemma="dira" pos="X">dira</wf>
         <wf lemma="." pos="X">.</wf>
      </sentence>
      <sentence id="d000.s1367" source="wordnet-basque">
         <wf lemma="eskuin" pos="X">eskuin</wf>
         <wf lemma="zein" pos="X">zein</wf>
         <instance id="d000.s1367.t000" lemma="ezker" pos="NOUN">ezkerreko</instance>
         <wf lemma="oposizioaren" pos="X">oposizioaren</wf>
         <wf lemma="arabera" pos="X">arabera</wf>
         <wf lemma="," pos="X">,</wf>
         <wf lemma="jauntxokeriaren" pos="X">jauntxokeriaren</wf>
         <wf lemma="eta" pos="X">eta</wf>
         <wf lemma="eroskeriaren" pos="X">eroskeriaren</wf>
         <wf lemma="bidez" pos="X">bidez</wf>
         <wf lemma="bermatu" pos="X">bermatu</wf>
         <wf lemma="ditu" pos="X">ditu</wf>
         <wf lemma="PRIk" pos="X">PRIk</wf>
         <wf lemma="batasuna" pos="X">batasuna</wf>
         <wf lemma="eta" pos="X">eta</wf>
         <wf lemma="hainbeste" pos="X">hainbeste</wf>
         <wf lemma="urtetako" pos="X">urtetako</wf>
         <wf lemma="agintea" pos="X">agintea</wf>
         <wf lemma="." pos="X">.</wf>
      </sentence>
      <sentence id="d000.s1368" source="wordnet-basque">
         <wf lemma="Donosti-Arraun" pos="X">Donosti-Arraun</wf>
         <wf lemma="ere" pos="X">ere</wf>
         <wf lemma="sailkatuta" pos="X">sailkatuta</wf>
         <wf lemma="dago" pos="X">dago</wf>
         <wf lemma="Kontxako" pos="X">Kontxako</wf>
         <instance id="d000.s1368.t000" lemma="bandera" pos="NOUN">banderarako</instance>
         <wf lemma="." pos="X">.</wf>
      </sentence>
      <sentence id="d000.s1369" source="wordnet-basque">
         <wf lemma="Susie" pos="X">Susie</wf>
         <wf lemma="erietxera" pos="X">erietxera</wf>
         <wf lemma="eramateko" pos="X">eramateko</wf>
         <wf lemma="kotxe" pos="X">kotxe</wf>
         <wf lemma="baten" pos="X">baten</wf>
         <wf lemma="bila" pos="X">bila</wf>
         <wf lemma="abiatu" pos="X">abiatu</wf>
         <wf lemma="zenean" pos="X">zenean</wf>
         <wf lemma="," pos="X">,</wf>
         <instance id="d000.s1369.t000" lemma="egunkari" pos="NOUN">egunkari</instance>
         <wf lemma="hura" pos="X">hura</wf>
         <wf lemma="lurrera" pos="X">lurrera</wf>
         <wf lemma="bota" pos="X">bota</wf>
         <wf lemma="zuen" pos="X">zuen</wf>
         <wf lemma="," pos="X">,</wf>
         <wf lemma="ikatz-ontziaren" pos="X">ikatz-ontziaren</wf>
         <wf lemma="ondora" pos="X">ondora</wf>
         <wf lemma="." pos="X">.</wf>
      </sentence>
      <sentence id="d000.s1370" source="wordnet-basque">
         <wf lemma="sagarraren" pos="X">sagarraren</wf>
         <instance id="d000.s1370.t000" lemma="bihotz" pos="NOUN">bihotza</instance>
         <wf lemma="." pos="X">.</wf>
      </sentence>
      <sentence id="d000.s1371" source="wordnet-basque">
         <wf lemma="euren" pos="X">euren</wf>
         <wf lemma="senitarteko" pos="X">senitarteko</wf>
         <wf lemma="eta" pos="X">eta</wf>
         <wf lemma="lagunek" pos="X">lagunek</wf>
         <instance id="d000.s1371.t000" lemma="ongietorri" pos="NOUN">ongietorria</instance>
         <wf lemma="egin" pos="X">egin</wf>
         <wf lemma="zieten" pos="X">zieten</wf>
         <wf lemma="Plaza" pos="X">Plaza</wf>
         <wf lemma="Biribilean" pos="X">Biribilean</wf>
         <wf lemma="." pos="X">.</wf>
      </sentence>
      <sentence id="d000.s1372" source="wordnet-basque">
         <wf lemma="Nafarroako" pos="X">Nafarroako</wf>
         <instance id="d000.s1372.t000" lemma="erresuma" pos="NOUN">Erresuma</instance>
         <wf lemma="Erdi" pos="X">Erdi</wf>
         <wf lemma="Aroko" pos="X">Aroko</wf>
         <wf lemma="erresuma" pos="X">erresuma</wf>
         <wf lemma="bat" pos="X">bat</wf>
         <wf lemma="izan" pos="X">izan</wf>
         <wf lemma="zen" pos="X">zen</wf>
         <wf lemma="(" pos="X">(</wf>
         <wf lemma="IX" pos="X">IX</wf>
         <wf lemma="eta" pos="X">eta</wf>
         <wf lemma="XVI." pos="X">XVI.</wf>
         <wf lemma="Mendeen" pos="X">Mendeen</wf>
         <wf lemma="artekoa" pos="X">artekoa</wf>
         <wf lemma=")" pos="X">)</wf>
         <wf lemma="," pos="X">,</wf>
         <wf lemma="Iruñea" pos="X">Iruñea</wf>
         <wf lemma="hiriburu" pos="X">hiriburu</wf>
         <wf lemma="zuena" pos="X">zuena</wf>
         <wf lemma="." pos="X">.</wf>
      </sentence>
      <sentence id="d000.s1373" source="wordnet-basque">
         <wf lemma="arrakastak" pos="X">arrakastak</wf>
         <wf lemma="badauka" pos="X">badauka</wf>
         <instance id="d000.s1373.t000" lemma="prezio" pos="NOUN">prezioa</instance>
         <wf lemma="." pos="X">.</wf>
      </sentence>
      <sentence id="d000.s1374" source="wordnet-basque">
         <wf lemma="honetan" pos="X">honetan</wf>
         <wf lemma="oinarritzen" pos="X">oinarritzen</wf>
         <wf lemma="da" pos="X">da</wf>
         <wf lemma="," pos="X">,</wf>
         <wf lemma="adibidez" pos="X">adibidez</wf>
         <wf lemma="," pos="X">,</wf>
         <wf lemma="bizikletaren" pos="X">bizikletaren</wf>
         <instance id="d000.s1374.t000" lemma="dinamo" pos="NOUN">dinamoa</instance>
         <wf lemma="." pos="X">.</wf>
      </sentence>
      <sentence id="d000.s1375" source="wordnet-basque">
         <wf lemma="emanaldiak" pos="X">emanaldiak</wf>
         <wf lemma="," pos="X">,</wf>
         <instance id="d000.s1375.t000" lemma="telebista" pos="NOUN">telebistaz</instance>
         <wf lemma="," pos="X">,</wf>
         <wf lemma="igande" pos="X">igande</wf>
         <wf lemma="honetan" pos="X">honetan</wf>
         <wf lemma="izango" pos="X">izango</wf>
         <wf lemma="dira" pos="X">dira</wf>
         <wf lemma="." pos="X">.</wf>
      </sentence>
      <sentence id="d000.s1376" source="wordnet-basque">
         <wf lemma="Colletek" pos="X">Colletek</wf>
         <wf lemma="bihurritua" pos="X">bihurritua</wf>
         <wf lemma="du" pos="X">du</wf>
         <wf lemma="ezker" pos="X">ezker</wf>
         <instance id="d000.s1376.t000" lemma="orkatila" pos="NOUN">orkatila</instance>
         <wf lemma="." pos="X">.</wf>
      </sentence>
      <sentence id="d000.s1377" source="wordnet-basque">
         <wf lemma="mezu" pos="X">mezu</wf>
         <wf lemma="horiekin" pos="X">horiekin</wf>
         <wf lemma="zentro" pos="X">zentro</wf>
         <wf lemma="eskuineko" pos="X">eskuineko</wf>
         <wf lemma="boto-emaile" pos="X">boto-emaile</wf>
         <wf lemma="bat" pos="X">bat</wf>
         <wf lemma="hartzen" pos="X">hartzen</wf>
         <wf lemma="duen" pos="X">duen</wf>
         <wf lemma="aldiro" pos="X">aldiro</wf>
         <wf lemma="," pos="X">,</wf>
         <wf lemma="ezkerretik" pos="X">ezkerretik</wf>
         <wf lemma="hiruk" pos="X">hiruk</wf>
         <instance id="d000.s1377.t000" lemma="ihes" pos="NOUN">ihes</instance>
         <wf lemma="egiten" pos="X">egiten</wf>
         <wf lemma="diote" pos="X">diote</wf>
         <wf lemma="Naderren" pos="X">Naderren</wf>
         <wf lemma="zerrendara" pos="X">zerrendara</wf>
         <wf lemma="." pos="X">.</wf>
      </sentence>
      <sentence id="d000.s1378" source="wordnet-basque">
         <wf lemma="orain" pos="X">orain</wf>
         <wf lemma="bi" pos="X">bi</wf>
         <wf lemma="urte" pos="X">urte</wf>
         <wf lemma="Munduko" pos="X">Munduko</wf>
         <wf lemma="Txapelketa" pos="X">Txapelketa</wf>
         <wf lemma="irabazi" pos="X">irabazi</wf>
         <wf lemma="zuen" pos="X">zuen</wf>
         <wf lemma="taldearen" pos="X">taldearen</wf>
         <instance id="d000.s1378.t000" lemma="ezaugarri" pos="NOUN">ezaugarri</instance>
         <wf lemma="nagusietakoa" pos="X">nagusietakoa</wf>
         <wf lemma="talde" pos="X">talde</wf>
         <wf lemma="bezala" pos="X">bezala</wf>
         <wf lemma="erakutsitako" pos="X">erakutsitako</wf>
         <wf lemma="sendotasuna" pos="X">sendotasuna</wf>
         <wf lemma="da" pos="X">da</wf>
         <wf lemma="." pos="X">.</wf>
      </sentence>
      <sentence id="d000.s1379" source="wordnet-basque">
         <wf lemma="atzo" pos="X">atzo</wf>
         <wf lemma="egin" pos="X">egin</wf>
         <wf lemma="zuen" pos="X">zuen</wf>
         <wf lemma="azken" pos="X">azken</wf>
         <instance id="d000.s1379.t000" lemma="saio" pos="NOUN">saioa</instance>
         <wf lemma="," pos="X">,</wf>
         <wf lemma="Labriten" pos="X">Labriten</wf>
         <wf lemma="," pos="X">,</wf>
         <wf lemma="jokatuko" pos="X">jokatuko</wf>
         <wf lemma="zuen" pos="X">zuen</wf>
         <wf lemma="edo" pos="X">edo</wf>
         <wf lemma="ez" pos="X">ez</wf>
         <wf lemma="erabakitzeko" pos="X">erabakitzeko</wf>
         <wf lemma="," pos="X">,</wf>
         <wf lemma="eta" pos="X">eta</wf>
         <wf lemma="erantzuna" pos="X">erantzuna</wf>
         <wf lemma="baiezkoa" pos="X">baiezkoa</wf>
         <wf lemma="izan" pos="X">izan</wf>
         <wf lemma="zen" pos="X">zen</wf>
         <wf lemma="." pos="X">.</wf>
      </sentence>
      <sentence id="d000.s1380" source="wordnet-basque">
         <wf lemma="hipertentsioa" pos="X">hipertentsioa</wf>
         <wf lemma="eta" pos="X">eta</wf>
         <wf lemma="diabetoa" pos="X">diabetoa</wf>
         <wf lemma="pairatzen" pos="X">pairatzen</wf>
         <wf lemma="ditu" pos="X">ditu</wf>
         <wf lemma="eta" pos="X">eta</wf>
         <wf lemma="giltzurrinekin" pos="X">giltzurrinekin</wf>
         <wf lemma="ere" pos="X">ere</wf>
         <instance id="d000.s1380.t000" lemma="arazo" pos="NOUN">arazo</instance>
         <wf lemma="larriak" pos="X">larriak</wf>
         <wf lemma="dauzka" pos="X">dauzka</wf>
         <wf lemma="." pos="X">.</wf>
      </sentence>
      <sentence id="d000.s1381" source="wordnet-basque">
         <wf lemma="soldaduak" pos="X">soldaduak</wf>
         <instance id="d000.s1381.t000" lemma="masa" pos="NOUN">masarengandik</instance>
         <wf lemma="urrutira" pos="X">urrutira</wf>
         <wf lemma="itzazue" pos="X">itzazue</wf>
         <wf lemma="." pos="X">.</wf>
      </sentence>
      <sentence id="d000.s1382" source="wordnet-basque">
         <wf lemma="Petur" pos="X">Petur</wf>
         <wf lemma="Mladenov" pos="X">Mladenov</wf>
         <wf lemma="hil" pos="X">hil</wf>
         <wf lemma="da" pos="X">da</wf>
         <wf lemma="," pos="X">,</wf>
         <wf lemma="Bulgariako" pos="X">Bulgariako</wf>
         <wf lemma="azken" pos="X">azken</wf>
         <instance id="d000.s1382.t000" lemma="presidente" pos="NOUN">presidente</instance>
         <wf lemma="komunista" pos="X">komunista</wf>
         <wf lemma="." pos="X">.</wf>
      </sentence>
      <sentence id="d000.s1383" source="wordnet-basque">
         <wf lemma="metodo" pos="X">metodo</wf>
         <wf lemma="sinple" pos="X">sinple</wf>
         <wf lemma="horrek" pos="X">horrek</wf>
         <wf lemma="erakartzen" pos="X">erakartzen</wf>
         <wf lemma="nau" pos="X">nau</wf>
         <wf lemma="ni" pos="X">ni</wf>
         <wf lemma=":" pos="X">:</wf>
         <wf lemma="etengabeko" pos="X">etengabeko</wf>
         <wf lemma="arreta" pos="X">arreta</wf>
         <wf lemma="behar" pos="X">behar</wf>
         <wf lemma="da" pos="X">da</wf>
         <wf lemma="," pos="X">,</wf>
         <wf lemma="eta" pos="X">eta</wf>
         <instance id="d000.s1383.t000" lemma="bizkortasun" pos="NOUN">bizkortasuna</instance>
         <wf lemma="," pos="X">,</wf>
         <wf lemma="eta" pos="X">eta</wf>
         <wf lemma="hori" pos="X">hori</wf>
         <wf lemma="da" pos="X">da</wf>
         <wf lemma="guztia" pos="X">guztia</wf>
         <wf lemma="." pos="X">.</wf>
      </sentence>
      <sentence id="d000.s1384" source="wordnet-basque">
         <wf lemma="inprobisatzaileak" pos="X">inprobisatzaileak</wf>
         <wf lemma="buruan" pos="X">buruan</wf>
         <wf lemma="aurrena" pos="X">aurrena</wf>
         <wf lemma="sortu" pos="X">sortu</wf>
         <wf lemma="behar" pos="X">behar</wf>
         <wf lemma="duena" pos="X">duena</wf>
         <wf lemma="bertsoaren" pos="X">bertsoaren</wf>
         <wf lemma="azken" pos="X">azken</wf>
         <instance id="d000.s1384.t000" lemma="puntu" pos="NOUN">puntua</instance>
         <wf lemma="da" pos="X">da</wf>
         <wf lemma="." pos="X">.</wf>
      </sentence>
      <sentence id="d000.s1385" source="wordnet-basque">
         <instance id="d000.s1385.t000" lemma="lege" pos="NOUN">legearen</instance>
         <wf lemma="lehen" pos="X">lehen</wf>
         <wf lemma="irakurketan" pos="X">irakurketan</wf>
         <wf lemma="daude" pos="X">daude</wf>
         <wf lemma="legebiltzarkideak" pos="X">legebiltzarkideak</wf>
         <wf lemma="eta" pos="X">eta</wf>
         <wf lemma="ekainaren" pos="X">ekainaren</wf>
         <wf lemma="19tik" pos="X">19tik</wf>
         <wf lemma="aurrera" pos="X">aurrera</wf>
         <wf lemma="bigarrena" pos="X">bigarrena</wf>
         <wf lemma="izango" pos="X">izango</wf>
         <wf lemma="da" pos="X">da</wf>
         <wf lemma="." pos="X">.</wf>
      </sentence>
      <sentence id="d000.s1386" source="wordnet-basque">
         <wf lemma="Jauregiren" pos="X">Jauregiren</wf>
         <wf lemma="irudiko" pos="X">irudiko</wf>
         <wf lemma="," pos="X">,</wf>
         <instance id="d000.s1386.t000" lemma="legegintzaldi" pos="NOUN">legegintzaldi</instance>
         <wf lemma="honetan" pos="X">honetan</wf>
         <wf lemma="ez" pos="X">ez</wf>
         <wf lemma="dago" pos="X">dago</wf>
         <wf lemma="EAJrekin" pos="X">EAJrekin</wf>
         <wf lemma="elkar" pos="X">elkar</wf>
         <wf lemma="ulertzeko" pos="X">ulertzeko</wf>
         <wf lemma="aukerarik" pos="X">aukerarik</wf>
         <wf lemma="." pos="X">.</wf>
      </sentence>
      <sentence id="d000.s1387" source="wordnet-basque">
         <wf lemma="2002." pos="X">2002.</wf>
         <wf lemma="urteko" pos="X">urteko</wf>
         <wf lemma="lehen" pos="X">lehen</wf>
         <wf lemma="egunetik" pos="X">egunetik</wf>
         <wf lemma="debekatua" pos="X">debekatua</wf>
         <wf lemma="izango" pos="X">izango</wf>
         <wf lemma="dela" pos="X">dela</wf>
         <instance id="d000.s1387.t000" lemma="sare" pos="NOUN">sare</instance>
         <wf lemma="horiekin" pos="X">horiekin</wf>
         <wf lemma="arrantzan" pos="X">arrantzan</wf>
         <wf lemma="egitea" pos="X">egitea</wf>
         <wf lemma="." pos="X">.</wf>
      </sentence>
      <sentence id="d000.s1388" source="wordnet-basque">
         <instance id="d000.s1388.t000" lemma="helikoptero" pos="NOUN">helikopteroa</instance>
         <wf lemma="garaiz" pos="X">garaiz</wf>
         <wf lemma="aireratu" pos="X">aireratu</wf>
         <wf lemma="zen" pos="X">zen</wf>
         <wf lemma="berriro" pos="X">berriro</wf>
         <wf lemma="Islamabaderainoko" pos="X">Islamabaderainoko</wf>
         <wf lemma="tartea" pos="X">tartea</wf>
         <wf lemma="osatzeko" pos="X">osatzeko</wf>
         <wf lemma="." pos="X">.</wf>
      </sentence>
      <sentence id="d000.s1389" source="wordnet-basque">
         <wf lemma="familiako" pos="X">familiako</wf>
         <instance id="d000.s1389.t000" lemma="haur" pos="NOUN">haurra</instance>
         <wf lemma="." pos="X">.</wf>
      </sentence>
      <sentence id="d000.s1390" source="wordnet-basque">
         <wf lemma="gizarte" pos="X">gizarte</wf>
         <wf lemma="arazoak" pos="X">arazoak</wf>
         <wf lemma="konpontzeko" pos="X">konpontzeko</wf>
         <instance id="d000.s1390.t000" lemma="batzar" pos="NOUN">batzar</instance>
         <wf lemma="asko" pos="X">asko</wf>
         <wf lemma="egiteko" pos="X">egiteko</wf>
         <wf lemma="ohitura" pos="X">ohitura</wf>
         <wf lemma="dago" pos="X">dago</wf>
         <wf lemma="euskaldunongan" pos="X">euskaldunongan</wf>
         <wf lemma="." pos="X">.</wf>
      </sentence>
      <sentence id="d000.s1391" source="wordnet-basque">
         <wf lemma="Athleticeko" pos="X">Athleticeko</wf>
         <wf lemma="bazkideen" pos="X">bazkideen</wf>
         <wf lemma="omenez" pos="X">omenez</wf>
         <wf lemma="jokatu" pos="X">jokatu</wf>
         <wf lemma="ohi" pos="X">ohi</wf>
         <wf lemma="den" pos="X">den</wf>
         <wf lemma="partiduan" pos="X">partiduan</wf>
         <wf lemma="," pos="X">,</wf>
         <wf lemma="baina" pos="X">baina</wf>
         <wf lemma="," pos="X">,</wf>
         <instance id="d000.s1391.t000" lemma="proba" pos="NOUN">proba</instance>
         <wf lemma="gutxi" pos="X">gutxi</wf>
         <wf lemma="egin" pos="X">egin</wf>
         <wf lemma="ahal" pos="X">ahal</wf>
         <wf lemma="izango" pos="X">izango</wf>
         <wf lemma="ditu" pos="X">ditu</wf>
         <wf lemma="zurigorrien" pos="X">zurigorrien</wf>
         <wf lemma="entrenatzaileak" pos="X">entrenatzaileak</wf>
         <wf lemma="." pos="X">.</wf>
      </sentence>
      <sentence id="d000.s1392" source="wordnet-basque">
         <wf lemma="aitzin-multzo" pos="X">aitzin-multzo</wf>
         <wf lemma="ona" pos="X">ona</wf>
         <wf lemma="du" pos="X">du</wf>
         <wf lemma="," pos="X">,</wf>
         <wf lemma="eta" pos="X">eta</wf>
         <wf lemma="gibelean" pos="X">gibelean</wf>
         <wf lemma="ere" pos="X">ere</wf>
         <wf lemma="ondo" pos="X">ondo</wf>
         <wf lemma="dakite" pos="X">dakite</wf>
         <instance id="d000.s1392.t000" lemma="errugbi" pos="NOUN">errugbian</instance>
         <wf lemma="egiten" pos="X">egiten</wf>
         <wf lemma="." pos="X">.</wf>
      </sentence>
      <sentence id="d000.s1393" source="wordnet-basque">
         <wf lemma="Bizkaiko" pos="X">Bizkaiko</wf>
         <wf lemma="herri" pos="X">herri</wf>
         <wf lemma="horretako" pos="X">horretako</wf>
         <wf lemma="Udalak" pos="X">Udalak</wf>
         <wf lemma="Patxi" pos="X">Patxi</wf>
         <wf lemma="Rementeriaren" pos="X">Rementeriaren</wf>
         <instance id="d000.s1393.t000" lemma="hil-kapera" pos="NOUN">hil-kapera</instance>
         <wf lemma="batzar" pos="X">batzar</wf>
         <wf lemma="aretoan" pos="X">aretoan</wf>
         <wf lemma="jartzeko" pos="X">jartzeko</wf>
         <wf lemma="erabakia" pos="X">erabakia</wf>
         <wf lemma="aho" pos="X">aho</wf>
         <wf lemma="batez" pos="X">batez</wf>
         <wf lemma="hartu" pos="X">hartu</wf>
         <wf lemma="zuen" pos="X">zuen</wf>
         <wf lemma="." pos="X">.</wf>
      </sentence>
      <sentence id="d000.s1394" source="wordnet-basque">
         <wf lemma="horren" pos="X">horren</wf>
         <wf lemma="guztiaren" pos="X">guztiaren</wf>
         <wf lemma="atzean" pos="X">atzean</wf>
         <instance id="d000.s1394.t000" lemma="mezu" pos="NOUN">mezu</instance>
         <wf lemma="argi" pos="X">argi</wf>
         <wf lemma="bat" pos="X">bat</wf>
         <wf lemma="dago" pos="X">dago</wf>
         <wf lemma="." pos="X">.</wf>
      </sentence>
      <sentence id="d000.s1395" source="wordnet-basque">
         <wf lemma="orain" pos="X">orain</wf>
         <instance id="d000.s1395.t000" lemma="joera" pos="NOUN">joera</instance>
         <wf lemma="den" pos="X">den</wf>
         <wf lemma="bezala" pos="X">bezala</wf>
         <wf lemma="," pos="X">,</wf>
         <wf lemma="bikote" pos="X">bikote</wf>
         <wf lemma="honek" pos="X">honek</wf>
         <wf lemma="ere" pos="X">ere</wf>
         <wf lemma="estilo" pos="X">estilo</wf>
         <wf lemma="asko" pos="X">asko</wf>
         <wf lemma="nahastu" pos="X">nahastu</wf>
         <wf lemma="ditu" pos="X">ditu</wf>
         <wf lemma="Alaitz" pos="X">Alaitz</wf>
         <wf lemma="eta" pos="X">eta</wf>
         <wf lemma="Maider" pos="X">Maider</wf>
         <wf lemma="izeneko" pos="X">izeneko</wf>
         <wf lemma="disko" pos="X">disko</wf>
         <wf lemma="honetan" pos="X">honetan</wf>
         <wf lemma="." pos="X">.</wf>
      </sentence>
      <sentence id="d000.s1396" source="wordnet-basque">
         <wf lemma="ondoren" pos="X">ondoren</wf>
         <wf lemma="aske" pos="X">aske</wf>
         <wf lemma="geratu" pos="X">geratu</wf>
         <wf lemma="ziren" pos="X">ziren</wf>
         <instance id="d000.s1396.t000" lemma="kargu" pos="NOUN">kargu</instance>
         <wf lemma="barik" pos="X">barik</wf>
         <wf lemma="." pos="X">.</wf>
      </sentence>
      <sentence id="d000.s1397" source="wordnet-basque">
         <instance id="d000.s1397.t000" lemma="bide" pos="NOUN">bideko</instance>
         <wf lemma="hartxintxarrak" pos="X">hartxintxarrak</wf>
         <wf lemma="txukuntzen" pos="X">txukuntzen</wf>
         <wf lemma="zituen" pos="X">zituen</wf>
         <wf lemma="." pos="X">.</wf>
      </sentence>
      <sentence id="d000.s1398" source="wordnet-basque">
         <instance id="d000.s1398.t000" lemma="kongresu" pos="NOUN">kongresua</instance>
         <wf lemma="goizeko" pos="X">goizeko</wf>
         <wf lemma="10etan" pos="X">10etan</wf>
         <wf lemma="hasiko" pos="X">hasiko</wf>
         <wf lemma="da" pos="X">da</wf>
         <wf lemma="Jose" pos="X">Jose</wf>
         <wf lemma="Mari" pos="X">Mari</wf>
         <wf lemma="Larrañaga" pos="X">Larrañaga</wf>
         <wf lemma="ELAko" pos="X">ELAko</wf>
         <wf lemma="Metalaren" pos="X">Metalaren</wf>
         <wf lemma="Federazioko" pos="X">Federazioko</wf>
         <wf lemma="idazkari" pos="X">idazkari</wf>
         <wf lemma="nagusiaren" pos="X">nagusiaren</wf>
         <wf lemma="hitzaldiarekin" pos="X">hitzaldiarekin</wf>
         <wf lemma="." pos="X">.</wf>
      </sentence>
      <sentence id="d000.s1399" source="wordnet-basque">
         <wf lemma="zirkuitu" pos="X">zirkuitu</wf>
         <wf lemma="digital" pos="X">digital</wf>
         <wf lemma="guztien" pos="X">guztien</wf>
         <wf lemma="funtzionamendua" pos="X">funtzionamendua</wf>
         <wf lemma="beren" pos="X">beren</wf>
         <instance id="d000.s1399.t000" lemma="sarrera" pos="NOUN">sarreretan</instance>
         <wf lemma="seinale" pos="X">seinale</wf>
         <wf lemma="digitalak" pos="X">digitalak</wf>
         <wf lemma="ezartzea" pos="X">ezartzea</wf>
         <wf lemma="eta" pos="X">eta</wf>
         <wf lemma="irteeran" pos="X">irteeran</wf>
         <wf lemma="seinale" pos="X">seinale</wf>
         <wf lemma="digitalak" pos="X">digitalak</wf>
         <wf lemma="ateratzea" pos="X">ateratzea</wf>
         <wf lemma="izaten" pos="X">izaten</wf>
         <wf lemma="da" pos="X">da</wf>
         <wf lemma="." pos="X">.</wf>
      </sentence>
      <sentence id="d000.s1400" source="wordnet-basque">
         <wf lemma="bestalde" pos="X">bestalde</wf>
         <wf lemma="," pos="X">,</wf>
         <wf lemma="kontuan" pos="X">kontuan</wf>
         <wf lemma="izan" pos="X">izan</wf>
         <wf lemma="behar" pos="X">behar</wf>
         <wf lemma="dugu" pos="X">dugu</wf>
         <instance id="d000.s1400.t000" lemma="eraso" pos="NOUN">erasoan</instance>
         <wf lemma="Athleticek" pos="X">Athleticek</wf>
         <wf lemma="bere" pos="X">bere</wf>
         <wf lemma="jokoa" pos="X">jokoa</wf>
         <wf lemma="aldatuko" pos="X">aldatuko</wf>
         <wf lemma="duela" pos="X">duela</wf>
         <wf lemma="." pos="X">.</wf>
      </sentence>
      <sentence id="d000.s1401" source="wordnet-basque">
         <wf lemma="nire" pos="X">nire</wf>
         <instance id="d000.s1401.t000" lemma="leku" pos="NOUN">lekuan</instance>
         <wf lemma="egongo" pos="X">egongo</wf>
         <wf lemma="bazina" pos="X">bazina</wf>
         <wf lemma="," pos="X">,</wf>
         <wf lemma="zer" pos="X">zer</wf>
         <wf lemma="egingo" pos="X">egingo</wf>
         <wf lemma="zenuke" pos="X">zenuke</wf>
         <wf lemma="?" pos="X">?</wf>
      </sentence>
      <sentence id="d000.s1402" source="wordnet-basque">
         <wf lemma="Ibarrako" pos="X">Ibarrako</wf>
         <instance id="d000.s1402.t000" lemma="jai" pos="NOUN">jaietan</instance>
         <wf lemma="gertatutako" pos="X">gertatutako</wf>
         <wf lemma="istiluekin" pos="X">istiluekin</wf>
         <wf lemma="lotura" pos="X">lotura</wf>
         <wf lemma="zutelakoan" pos="X">zutelakoan</wf>
         <wf lemma="atxilotutako" pos="X">atxilotutako</wf>
         <wf lemma="gazteak" pos="X">gazteak</wf>
         <wf lemma="epaituko" pos="X">epaituko</wf>
         <wf lemma="ditu" pos="X">ditu</wf>
         <wf lemma="bihar" pos="X">bihar</wf>
         <wf lemma="Espainiako" pos="X">Espainiako</wf>
         <wf lemma="Entzutegi" pos="X">Entzutegi</wf>
         <wf lemma="Nazionalak" pos="X">Nazionalak</wf>
         <wf lemma="festa" pos="X">festa</wf>
         <wf lemma="." pos="X">.</wf>
      </sentence>
      <sentence id="d000.s1403" source="wordnet-basque">
         <wf lemma="errutina" pos="X">errutina</wf>
         <instance id="d000.s1403.t000" lemma="aldaketa" pos="NOUN">aldaketa</instance>
         <wf lemma="oro" pos="X">oro</wf>
         <wf lemma="gertatzearekin" pos="X">gertatzearekin</wf>
         <wf lemma="batera" pos="X">batera</wf>
         <wf lemma="sistemari" pos="X">sistemari</wf>
         <wf lemma="berri" pos="X">berri</wf>
         <wf lemma="ematen" pos="X">ematen</wf>
         <wf lemma="zaio" pos="X">zaio</wf>
         <wf lemma="." pos="X">.</wf>
      </sentence>
      <sentence id="d000.s1404" source="wordnet-basque">
         <wf lemma="lehiaketak" pos="X">lehiaketak</wf>
         <wf lemma="lau" pos="X">lau</wf>
         <instance id="d000.s1404.t000" lemma="sail" pos="NOUN">sail</instance>
         <wf lemma="izan" pos="X">izan</wf>
         <wf lemma="zituen" pos="X">zituen</wf>
         <wf lemma=":" pos="X">:</wf>
         <wf lemma="pintura" pos="X">pintura</wf>
         <wf lemma="," pos="X">,</wf>
         <wf lemma="eskultura" pos="X">eskultura</wf>
         <wf lemma="," pos="X">,</wf>
         <wf lemma="arkitektura" pos="X">arkitektura</wf>
         <wf lemma="eta" pos="X">eta</wf>
         <wf lemma="argazkigintza" pos="X">argazkigintza</wf>
         <wf lemma="." pos="X">.</wf>
      </sentence>
      <sentence id="d000.s1405" source="wordnet-basque">
         <wf lemma="ba" pos="X">ba</wf>
         <wf lemma="al" pos="X">al</wf>
         <wf lemma="zekien" pos="X">zekien</wf>
         <wf lemma="Mexikon" pos="X">Mexikon</wf>
         <wf lemma="bankuko" pos="X">bankuko</wf>
         <instance id="d000.s1405.t000" lemma="lehendakaritza" pos="NOUN">lehendakaritza</instance>
         <wf lemma="eskaini" pos="X">eskaini</wf>
         <wf lemma="ziotela" pos="X">ziotela</wf>
         <wf lemma="?" pos="X">?</wf>
      </sentence>
      <sentence id="d000.s1406" source="wordnet-basque">
         <wf lemma="huna" pos="X">huna</wf>
         <wf lemma="zoin" pos="X">zoin</wf>
         <wf lemma="diren" pos="X">diren</wf>
         <wf lemma="margolan" pos="X">margolan</wf>
         <wf lemma="," pos="X">,</wf>
         <wf lemma="zeramika" pos="X">zeramika</wf>
         <wf lemma="," pos="X">,</wf>
         <instance id="d000.s1406.t000" lemma="liburu" pos="NOUN">liburu</instance>
         <wf lemma="apaintza" pos="X">apaintza</wf>
         <wf lemma="eragileak" pos="X">eragileak</wf>
         <wf lemma=":" pos="X">:</wf>
         <wf lemma="Killy" pos="X">Killy</wf>
         <wf lemma="Beall" pos="X">Beall</wf>
         <wf lemma="," pos="X">,</wf>
         <wf lemma="Marie" pos="X">Marie</wf>
         <wf lemma="France" pos="X">France</wf>
         <wf lemma="Casaubon" pos="X">Casaubon</wf>
         <wf lemma="." pos="X">.</wf>
      </sentence>
      <sentence id="d000.s1407" source="wordnet-basque">
         <wf lemma="Batzorde" pos="X">Batzorde</wf>
         <wf lemma="Olinpiarrak" pos="X">Olinpiarrak</wf>
         <wf lemma="erantzun" pos="X">erantzun</wf>
         <wf lemma="zain" pos="X">zain</wf>
         <wf lemma="daude" pos="X">daude</wf>
         <wf lemma="bolo" pos="X">bolo</wf>
         <wf lemma="," pos="X">,</wf>
         <wf lemma="bilar" pos="X">bilar</wf>
         <wf lemma="," pos="X">,</wf>
         <wf lemma="karate" pos="X">karate</wf>
         <wf lemma="," pos="X">,</wf>
         <wf lemma="igeriketa" pos="X">igeriketa</wf>
         <wf lemma="tekniko" pos="X">tekniko</wf>
         <wf lemma="eta" pos="X">eta</wf>
         <wf lemma="squash" pos="X">squash</wf>
         <instance id="d000.s1407.t000" lemma="federazio" pos="NOUN">federazioak</instance>
         <wf lemma="." pos="X">.</wf>
      </sentence>
      <sentence id="d000.s1408" source="wordnet-basque">
         <wf lemma="mutikoak" pos="X">mutikoak</wf>
         <wf lemma="7" pos="X">7</wf>
         <instance id="d000.s1408.t000" lemma="urte" pos="NOUN">urte</instance>
         <wf lemma="ditu" pos="X">ditu</wf>
         <wf lemma="." pos="X">.</wf>
      </sentence>
      <sentence id="d000.s1409" source="wordnet-basque">
         <wf lemma="segurtasun" pos="X">segurtasun</wf>
         <wf lemma="indar" pos="X">indar</wf>
         <wf lemma="horien" pos="X">horien</wf>
         <wf lemma="begien" pos="X">begien</wf>
         <wf lemma="aurrean" pos="X">aurrean</wf>
         <wf lemma="izugarrikeria" pos="X">izugarrikeria</wf>
         <wf lemma="handiak" pos="X">handiak</wf>
         <wf lemma="egin" pos="X">egin</wf>
         <wf lemma="zituzten" pos="X">zituzten</wf>
         <instance id="d000.s1409.t000" lemma="milizia" pos="NOUN">milizietako</instance>
         <wf lemma="kideek" pos="X">kideek</wf>
         <wf lemma="." pos="X">.</wf>
      </sentence>
      <sentence id="d000.s1410" source="wordnet-basque">
         <wf lemma="emakumeak" pos="X">emakumeak</wf>
         <wf lemma="Pekinen" pos="X">Pekinen</wf>
         <wf lemma="egiten" pos="X">egiten</wf>
         <wf lemma="ari" pos="X">ari</wf>
         <wf lemma="diren" pos="X">diren</wf>
         <instance id="d000.s1410.t000" lemma="biltzar" pos="NOUN">biltzarraz</instance>
         <wf lemma="ezer" pos="X">ezer</wf>
         <wf lemma="ez" pos="X">ez</wf>
         <wf lemma="ikusteak" pos="X">ikusteak</wf>
         <wf lemma="ez" pos="X">ez</wf>
         <wf lemma="nau" pos="X">nau</wf>
         <wf lemma="gehiegi" pos="X">gehiegi</wf>
         <wf lemma="harritzen" pos="X">harritzen</wf>
         <wf lemma="." pos="X">.</wf>
      </sentence>
      <sentence id="d000.s1411" source="wordnet-basque">
         <wf lemma="Guardia" pos="X">Guardia</wf>
         <wf lemma="Zibilak" pos="X">Zibilak</wf>
         <wf lemma="grebalari" pos="X">grebalari</wf>
         <wf lemma="bat" pos="X">bat</wf>
         <wf lemma="atxilotu" pos="X">atxilotu</wf>
         <wf lemma="zuen" pos="X">zuen</wf>
         <instance id="d000.s1411.t000" lemma="kamioi" pos="NOUN">kamioi</instance>
         <wf lemma="bat" pos="X">bat</wf>
         <wf lemma="gelditzen" pos="X">gelditzen</wf>
         <wf lemma="saiatu" pos="X">saiatu</wf>
         <wf lemma="zenean" pos="X">zenean</wf>
         <wf lemma="." pos="X">.</wf>
      </sentence>
      <sentence id="d000.s1412" source="wordnet-basque">
         <wf lemma="Tarragonako" pos="X">Tarragonako</wf>
         <wf lemma="erlojupekoak" pos="X">erlojupekoak</wf>
         <wf lemma="argituko" pos="X">argituko</wf>
         <wf lemma="ditu" pos="X">ditu</wf>
         <wf lemma="Ulrrichen" pos="X">Ulrrichen</wf>
         <wf lemma="asmoen" pos="X">asmoen</wf>
         <wf lemma="inguruko" pos="X">inguruko</wf>
         <instance id="d000.s1412.t000" lemma="zalantza" pos="NOUN">zalantza</instance>
         <wf lemma="guztiak" pos="X">guztiak</wf>
         <wf lemma="." pos="X">.</wf>
      </sentence>
      <sentence id="d000.s1413" source="wordnet-basque">
         <wf lemma="umeek" pos="X">umeek</wf>
         <wf lemma="bata" pos="X">bata</wf>
         <wf lemma="bestearen" pos="X">bestearen</wf>
         <wf lemma="gorputza" pos="X">gorputza</wf>
         <wf lemma="arakatu" pos="X">arakatu</wf>
         <wf lemma="zuten" pos="X">zuten</wf>
         <instance id="d000.s1413.t000" lemma="mediku" pos="NOUN">medikuetara</instance>
         <wf lemma="jolastuz" pos="X">jolastuz</wf>
         <wf lemma="." pos="X">.</wf>
      </sentence>
      <sentence id="d000.s1414" source="wordnet-basque">
         <wf lemma="kilometro" pos="X">kilometro</wf>
         <wf lemma="batera" pos="X">batera</wf>
         <wf lemma="iristen" pos="X">iristen</wf>
         <wf lemma="ez" pos="X">ez</wf>
         <wf lemma="den" pos="X">den</wf>
         <wf lemma="ibilbidea" pos="X">ibilbidea</wf>
         <wf lemma="40" pos="X">40</wf>
         <instance id="d000.s1414.t000" lemma="minutu" pos="NOUN">minututan</instance>
         <wf lemma="egin" pos="X">egin</wf>
         <wf lemma="zuten" pos="X">zuten</wf>
         <wf lemma="manifestariek" pos="X">manifestariek</wf>
         <wf lemma="." pos="X">.</wf>
      </sentence>
      <sentence id="d000.s1415" source="wordnet-basque">
         <wf lemma="Euskal" pos="X">Euskal</wf>
         <wf lemma="Idazleen" pos="X">Idazleen</wf>
         <wf lemma="Elkarteak" pos="X">Elkarteak</wf>
         <wf lemma="biltzarra" pos="X">biltzarra</wf>
         <wf lemma="egin" pos="X">egin</wf>
         <wf lemma="zuen" pos="X">zuen</wf>
         <wf lemma="Zestoan" pos="X">Zestoan</wf>
         <wf lemma="," pos="X">,</wf>
         <wf lemma="eta" pos="X">eta</wf>
         <instance id="d000.s1415.t000" lemma="ekitaldi" pos="NOUN">ekitaldian</instance>
         <wf lemma="hirurogeitik" pos="X">hirurogeitik</wf>
         <wf lemma="gora" pos="X">gora</wf>
         <wf lemma="idazle" pos="X">idazle</wf>
         <wf lemma="omendu" pos="X">omendu</wf>
         <wf lemma="." pos="X">.</wf>
      </sentence>
      <sentence id="d000.s1416" source="wordnet-basque">
         <wf lemma="elurra" pos="X">elurra</wf>
         <wf lemma="bota" pos="X">bota</wf>
         <wf lemma="eta" pos="X">eta</wf>
         <wf lemma="bota" pos="X">bota</wf>
         <wf lemma=";" pos="X">;</wf>
         <wf lemma="autora" pos="X">autora</wf>
         <wf lemma="iritsi" pos="X">iritsi</wf>
         <wf lemma="nintzenean" pos="X">nintzenean</wf>
         <wf lemma="," pos="X">,</wf>
         <instance id="d000.s1416.t000" lemma="portu" pos="NOUN">portua</instance>
         <wf lemma="itxita" pos="X">itxita</wf>
         <wf lemma="zegoen" pos="X">zegoen</wf>
         <wf lemma="," pos="X">,</wf>
         <wf lemma="eta" pos="X">eta</wf>
         <wf lemma="lanera" pos="X">lanera</wf>
         <wf lemma="bueltatu" pos="X">bueltatu</wf>
         <wf lemma="behar" pos="X">behar</wf>
         <wf lemma="nuen" pos="X">nuen</wf>
         <wf lemma="." pos="X">.</wf>
      </sentence>
      <sentence id="d000.s1417" source="wordnet-basque">
         <wf lemma="esaterako" pos="X">esaterako</wf>
         <wf lemma="," pos="X">,</wf>
         <wf lemma="McDonaldseko" pos="X">McDonaldseko</wf>
         <wf lemma="langileek" pos="X">langileek</wf>
         <wf lemma="ere" pos="X">ere</wf>
         <wf lemma="beste" pos="X">beste</wf>
         <wf lemma="herri" pos="X">herri</wf>
         <wf lemma="batzuetan" pos="X">batzuetan</wf>
         <wf lemma="baino" pos="X">baino</wf>
         <wf lemma="diru" pos="X">diru</wf>
         <wf lemma="gehiago" pos="X">gehiago</wf>
         <wf lemma="kobratzen" pos="X">kobratzen</wf>
         <wf lemma="dute" pos="X">dute</wf>
         <wf lemma="San" pos="X">San</wf>
         <wf lemma="Franciscon" pos="X">Franciscon</wf>
         <wf lemma="," pos="X">,</wf>
         <instance id="d000.s1417.t000" lemma="bizitza" pos="NOUN">bizitza</instance>
         <wf lemma="oso" pos="X">oso</wf>
         <wf lemma="garestia" pos="X">garestia</wf>
         <wf lemma="delako" pos="X">delako</wf>
         <wf lemma="." pos="X">.</wf>
      </sentence>
      <sentence id="d000.s1418" source="wordnet-basque">
         <wf lemma="Egiptoko" pos="X">Egiptoko</wf>
         <wf lemma="atzerri" pos="X">atzerri</wf>
         <wf lemma="ministro" pos="X">ministro</wf>
         <wf lemma="Amro" pos="X">Amro</wf>
         <wf lemma="Musak" pos="X">Musak</wf>
         <wf lemma="Sharonek" pos="X">Sharonek</wf>
         <wf lemma="Jerusalemera" pos="X">Jerusalemera</wf>
         <wf lemma="egindako" pos="X">egindako</wf>
         <instance id="d000.s1418.t000" lemma="bisita" pos="NOUN">bisita</instance>
         <wf lemma="terrorismo" pos="X">terrorismo</wf>
         <wf lemma="politikotzat" pos="X">politikotzat</wf>
         <wf lemma="definitu" pos="X">definitu</wf>
         <wf lemma="zuen" pos="X">zuen</wf>
         <wf lemma="." pos="X">.</wf>
      </sentence>
      <sentence id="d000.s1419" source="wordnet-basque">
         <wf lemma="Arnaldo" pos="X">Arnaldo</wf>
         <wf lemma="Otegik" pos="X">Otegik</wf>
         <wf lemma="salatu" pos="X">salatu</wf>
         <wf lemma="zuen" pos="X">zuen</wf>
         <wf lemma="ez" pos="X">ez</wf>
         <wf lemma="zutela" pos="X">zutela</wf>
         <wf lemma="Xabier" pos="X">Xabier</wf>
         <wf lemma="Alegria" pos="X">Alegria</wf>
         <wf lemma="ikusteko" pos="X">ikusteko</wf>
         <wf lemma="aukera" pos="X">aukera</wf>
         <wf lemma="izan" pos="X">izan</wf>
         <wf lemma="eta" pos="X">eta</wf>
         <instance id="d000.s1419.t000" lemma="prentsa" pos="NOUN">prentsa</instance>
         <wf lemma="ere" pos="X">ere</wf>
         <wf lemma="ez" pos="X">ez</wf>
         <wf lemma="zutela" pos="X">zutela</wf>
         <wf lemma="sartzen" pos="X">sartzen</wf>
         <wf lemma="utzi" pos="X">utzi</wf>
         <wf lemma="." pos="X">.</wf>
      </sentence>
      <sentence id="d000.s1420" source="wordnet-basque">
         <wf lemma="ez" pos="X">ez</wf>
         <wf lemma="dut" pos="X">dut</wf>
         <wf lemma="zuri" pos="X">zuri</wf>
         <wf lemma="begiratzeko" pos="X">begiratzeko</wf>
         <instance id="d000.s1420.t000" lemma="aurpegi" pos="NOUN">aurpegirik</instance>
         <wf lemma="." pos="X">.</wf>
      </sentence>
      <sentence id="d000.s1421" source="wordnet-basque">
         <wf lemma="isunaz" pos="X">isunaz</wf>
         <wf lemma="gain" pos="X">gain</wf>
         <wf lemma="," pos="X">,</wf>
         <instance id="d000.s1421.t000" lemma="fiskal" pos="NOUN">fiskalak</instance>
         <wf lemma="bederatzi" pos="X">bederatzi</wf>
         <wf lemma="hilabeteko" pos="X">hilabeteko</wf>
         <wf lemma="espetxe" pos="X">espetxe</wf>
         <wf lemma="zigorra" pos="X">zigorra</wf>
         <wf lemma="eskatzen" pos="X">eskatzen</wf>
         <wf lemma="du" pos="X">du</wf>
         <wf lemma="erresistentzia" pos="X">erresistentzia</wf>
         <wf lemma="delituagatik" pos="X">delituagatik</wf>
         <wf lemma="." pos="X">.</wf>
      </sentence>
      <sentence id="d000.s1422" source="wordnet-basque">
         <wf lemma="honek" pos="X">honek</wf>
         <wf lemma="baditu" pos="X">baditu</wf>
         <wf lemma="hasieran" pos="X">hasieran</wf>
         <wf lemma="esan" pos="X">esan</wf>
         <wf lemma="bezala" pos="X">bezala</wf>
         <wf lemma="gutxienik" pos="X">gutxienik</wf>
         <wf lemma="bi" pos="X">bi</wf>
         <instance id="d000.s1422.t000" lemma="erantzun" pos="NOUN">erantzun</instance>
         <wf lemma="neuropsikologiko" pos="X">neuropsikologiko</wf>
         <wf lemma="." pos="X">.</wf>
      </sentence>
      <sentence id="d000.s1423" source="wordnet-basque">
         <wf lemma="datu" pos="X">datu</wf>
         <wf lemma="ofizialek" pos="X">ofizialek</wf>
         <wf lemma="diote" pos="X">diote</wf>
         <instance id="d000.s1423.t000" lemma="urtarril" pos="NOUN">urtarriletik</instance>
         <wf lemma="ekainera" pos="X">ekainera</wf>
         <wf lemma="232" pos="X">232</wf>
         <wf lemma="salaketa" pos="X">salaketa</wf>
         <wf lemma="izan" pos="X">izan</wf>
         <wf lemma="zirela" pos="X">zirela</wf>
         <wf lemma="kontu" pos="X">kontu</wf>
         <wf lemma="horiengatik" pos="X">horiengatik</wf>
         <wf lemma="." pos="X">.</wf>
      </sentence>
      <sentence id="d000.s1424" source="wordnet-basque">
         <wf lemma="Beran" pos="X">Beran</wf>
         <wf lemma="jokatuko" pos="X">jokatuko</wf>
         <wf lemma="da" pos="X">da</wf>
         <wf lemma="Euskal" pos="X">Euskal</wf>
         <wf lemma="Herriko" pos="X">Herriko</wf>
         <wf lemma="Sega" pos="X">Sega</wf>
         <wf lemma="Txapelketaren" pos="X">Txapelketaren</wf>
         <wf lemma="finala" pos="X">finala</wf>
         <wf lemma="," pos="X">,</wf>
         <wf lemma="eta" pos="X">eta</wf>
         <wf lemma="lau" pos="X">lau</wf>
         <instance id="d000.s1424.t000" lemma="segalari" pos="NOUN">segalari</instance>
         <wf lemma="ariko" pos="X">ariko</wf>
         <wf lemma="dira" pos="X">dira</wf>
         <wf lemma="txapelaren" pos="X">txapelaren</wf>
         <wf lemma="bila" pos="X">bila</wf>
         <wf lemma="." pos="X">.</wf>
      </sentence>
      <sentence id="d000.s1425" source="wordnet-basque">
         <instance id="d000.s1425.t000" lemma="gizon" pos="NOUN">gizonak</instance>
         <wf lemma="ikutu" pos="X">ikutu</wf>
         <wf lemma="gabeko" pos="X">gabeko</wf>
         <wf lemma="leku" pos="X">leku</wf>
         <wf lemma="asko" pos="X">asko</wf>
         <wf lemma="omen" pos="X">omen</wf>
         <wf lemma="dago" pos="X">dago</wf>
         <wf lemma="han" pos="X">han</wf>
         <wf lemma="oraindik" pos="X">oraindik</wf>
         <wf lemma="." pos="X">.</wf>
      </sentence>
      <sentence id="d000.s1426" source="wordnet-basque">
         <wf lemma="bakea" pos="X">bakea</wf>
         <wf lemma="sinatu" pos="X">sinatu</wf>
         <wf lemma="arren" pos="X">arren</wf>
         <wf lemma="," pos="X">,</wf>
         <wf lemma="Etiopiak" pos="X">Etiopiak</wf>
         <wf lemma="kontrolpean" pos="X">kontrolpean</wf>
         <wf lemma="izango" pos="X">izango</wf>
         <wf lemma="ditu" pos="X">ditu</wf>
         <instance id="d000.s1426.t000" lemma="iparralde" pos="NOUN">iparraldeko</instance>
         <wf lemma="frontean" pos="X">frontean</wf>
         <wf lemma="berreskuratu" pos="X">berreskuratu</wf>
         <wf lemma="dituen" pos="X">dituen</wf>
         <wf lemma="lurraldeak" pos="X">lurraldeak</wf>
         <wf lemma="eta" pos="X">eta</wf>
         <wf lemma="Zalambessa" pos="X">Zalambessa</wf>
         <wf lemma="." pos="X">.</wf>
      </sentence>
      <sentence id="d000.s1427" source="wordnet-basque">
         <wf lemma="programak" pos="X">programak</wf>
         <instance id="d000.s1427.t000" lemma="lerro" pos="NOUN">lerro</instance>
         <wf lemma="eta" pos="X">eta</wf>
         <wf lemma="zutabe" pos="X">zutabe</wf>
         <wf lemma="kopurua" pos="X">kopurua</wf>
         <wf lemma="ezagutuz" pos="X">ezagutuz</wf>
         <wf lemma="," pos="X">,</wf>
         <wf lemma="matrizea" pos="X">matrizea</wf>
         <wf lemma="betetzeko" pos="X">betetzeko</wf>
         <wf lemma="zenbakiak" pos="X">zenbakiak</wf>
         <wf lemma="eskatzen" pos="X">eskatzen</wf>
         <wf lemma="ditu" pos="X">ditu</wf>
         <wf lemma="." pos="X">.</wf>
      </sentence>
      <sentence id="d000.s1428" source="wordnet-basque">
         <wf lemma="azken" pos="X">azken</wf>
         <wf lemma="batean" pos="X">batean</wf>
         <wf lemma="," pos="X">,</wf>
         <wf lemma="garrantzi" pos="X">garrantzi</wf>
         <wf lemma="handiko" pos="X">handiko</wf>
         <wf lemma="musika" pos="X">musika</wf>
         <wf lemma="funtsa" pos="X">funtsa</wf>
         <wf lemma="da" pos="X">da</wf>
         <wf lemma="," pos="X">,</wf>
         <wf lemma="konpositore" pos="X">konpositore</wf>
         <wf lemma="honen" pos="X">honen</wf>
         <instance id="d000.s1428.t000" lemma="obra" pos="NOUN">obra</instance>
         <wf lemma="guztia" pos="X">guztia</wf>
         <wf lemma="bezala" pos="X">bezala</wf>
         <wf lemma="." pos="X">.</wf>
      </sentence>
      <sentence id="d000.s1429" source="wordnet-basque">
         <wf lemma="NBAko" pos="X">NBAko</wf>
         <instance id="d000.s1429.t000" lemma="jokalari" pos="NOUN">jokalari</instance>
         <wf lemma="bat" pos="X">bat</wf>
         <wf lemma="zigortu" pos="X">zigortu</wf>
         <wf lemma="dute" pos="X">dute</wf>
         <wf lemma="," pos="X">,</wf>
         <wf lemma="dopin" pos="X">dopin</wf>
         <wf lemma="kontrolean" pos="X">kontrolean</wf>
         <wf lemma="esteroide" pos="X">esteroide</wf>
         <wf lemma="gehiegi" pos="X">gehiegi</wf>
         <wf lemma="aurkitu" pos="X">aurkitu</wf>
         <wf lemma="ostean" pos="X">ostean</wf>
         <wf lemma="." pos="X">.</wf>
      </sentence>
      <sentence id="d000.s1430" source="wordnet-basque">
         <wf lemma="Wiranto" pos="X">Wiranto</wf>
         <wf lemma="jenerala" pos="X">jenerala</wf>
         <wf lemma="Indonesiako" pos="X">Indonesiako</wf>
         <wf lemma="armadaburua" pos="X">armadaburua</wf>
         <wf lemma="zen" pos="X">zen</wf>
         <wf lemma="," pos="X">,</wf>
         <wf lemma="eta" pos="X">eta</wf>
         <wf lemma="," pos="X">,</wf>
         <wf lemma="beraz" pos="X">beraz</wf>
         <wf lemma="," pos="X">,</wf>
         <wf lemma="Ekialdeko" pos="X">Ekialdeko</wf>
         <wf lemma="Timorko" pos="X">Timorko</wf>
         <wf lemma="segurtasunaren" pos="X">segurtasunaren</wf>
         <instance id="d000.s1430.t000" lemma="arduradun" pos="NOUN">arduraduna</instance>
         <wf lemma="." pos="X">.</wf>
      </sentence>
      <sentence id="d000.s1431" source="wordnet-basque">
         <wf lemma="proposamen" pos="X">proposamen</wf>
         <wf lemma="gisa" pos="X">gisa</wf>
         <wf lemma="," pos="X">,</wf>
         <wf lemma="kantu" pos="X">kantu</wf>
         <wf lemma="guztietan" pos="X">guztietan</wf>
         <wf lemma="oinarrizko" pos="X">oinarrizko</wf>
         <instance id="d000.s1431.t000" lemma="akorde" pos="NOUN">akorde</instance>
         <wf lemma="batzuk" pos="X">batzuk</wf>
         <wf lemma="jarri" pos="X">jarri</wf>
         <wf lemma="ditugu" pos="X">ditugu</wf>
         <wf lemma="musika" pos="X">musika</wf>
         <wf lemma="tresnekin" pos="X">tresnekin</wf>
         <wf lemma="laguntzeko" pos="X">laguntzeko</wf>
         <wf lemma="." pos="X">.</wf>
      </sentence>
      <sentence id="d000.s1432" source="wordnet-basque">
         <wf lemma="Amaren" pos="X">Amaren</wf>
         <instance id="d000.s1432.t000" lemma="egun" pos="NOUN">eguna</instance>
         <wf lemma="." pos="X">.</wf>
      </sentence>
      <sentence id="d000.s1433" source="wordnet-basque">
         <instance id="d000.s1433.t000" lemma="etxe" pos="NOUN">etxekoak</instance>
         <wf lemma="lo" pos="X">lo</wf>
         <wf lemma="geratu" pos="X">geratu</wf>
         <wf lemma="arte" pos="X">arte</wf>
         <wf lemma="itxaron" pos="X">itxaron</wf>
         <wf lemma="nuen" pos="X">nuen</wf>
         <wf lemma="." pos="X">.</wf>
      </sentence>
      <sentence id="d000.s1434" source="wordnet-basque">
         <wf lemma="baina" pos="X">baina</wf>
         <wf lemma="nik" pos="X">nik</wf>
         <wf lemma="ez" pos="X">ez</wf>
         <wf lemma="nuen" pos="X">nuen</wf>
         <wf lemma="hodei" pos="X">hodei</wf>
         <wf lemma="beltzik" pos="X">beltzik</wf>
         <wf lemma="zure" pos="X">zure</wf>
         <wf lemma="begietan" pos="X">begietan</wf>
         <wf lemma="edo" pos="X">edo</wf>
         <wf lemma="haize" pos="X">haize</wf>
         <wf lemma="hotzik" pos="X">hotzik</wf>
         <wf lemma="gure" pos="X">gure</wf>
         <instance id="d000.s1434.t000" lemma="harreman" pos="NOUN">harremanetan</instance>
         <wf lemma="sumatu" pos="X">sumatu</wf>
         <wf lemma="." pos="X">.</wf>
      </sentence>
      <sentence id="d000.s1435" source="wordnet-basque">
         <wf lemma="Fiji" pos="X">Fiji</wf>
         <wf lemma="Kolpistek" pos="X">Kolpistek</wf>
         <wf lemma="atzera" pos="X">atzera</wf>
         <wf lemma="egitera" pos="X">egitera</wf>
         <wf lemma="behartu" pos="X">behartu</wf>
         <wf lemma="dute" pos="X">dute</wf>
         <instance id="d000.s1435.t000" lemma="gobernu" pos="NOUN">Gobernu</instance>
         <wf lemma="mlilitarra" pos="X">mlilitarra</wf>
         <wf lemma="." pos="X">.</wf>
      </sentence>
      <sentence id="d000.s1436" source="wordnet-basque">
         <wf lemma="Raimundo" pos="X">Raimundo</wf>
         <wf lemma="Sarriegik" pos="X">Sarriegik</wf>
         <wf lemma="idatzi" pos="X">idatzi</wf>
         <wf lemma="zuen" pos="X">zuen</wf>
         <wf lemma="San" pos="X">San</wf>
         <wf lemma="Sebastian" pos="X">Sebastian</wf>
         <instance id="d000.s1436.t000" lemma="martxa" pos="NOUN">martxa</instance>
         <wf lemma="." pos="X">.</wf>
      </sentence>
      <sentence id="d000.s1437" source="wordnet-basque">
         <wf lemma="Blair" pos="X">Blair</wf>
         <wf lemma="Alemaniako" pos="X">Alemaniako</wf>
         <instance id="d000.s1437.t000" lemma="kantziler" pos="NOUN">kantzilerrarekin</instance>
         <wf lemma="," pos="X">,</wf>
         <wf lemma="Gerhard" pos="X">Gerhard</wf>
         <wf lemma="Schroederrekin" pos="X">Schroederrekin</wf>
         <wf lemma="," pos="X">,</wf>
         <wf lemma="elkartu" pos="X">elkartu</wf>
         <wf lemma="zen" pos="X">zen</wf>
         <wf lemma="ostegun" pos="X">ostegun</wf>
         <wf lemma="gauean" pos="X">gauean</wf>
         <wf lemma="." pos="X">.</wf>
      </sentence>
      <sentence id="d000.s1438" source="wordnet-basque">
         <wf lemma="Foru" pos="X">Foru</wf>
         <wf lemma="Dekretu" pos="X">Dekretu</wf>
         <wf lemma="honek" pos="X">honek</wf>
         <wf lemma="Nafarroako" pos="X">Nafarroako</wf>
         <wf lemma="Aldizkari" pos="X">Aldizkari</wf>
         <wf lemma="Ofizialean" pos="X">Ofizialean</wf>
         <wf lemma="argitaratu" pos="X">argitaratu</wf>
         <wf lemma="eta" pos="X">eta</wf>
         <wf lemma="biharamunean" pos="X">biharamunean</wf>
         <wf lemma="hartuko" pos="X">hartuko</wf>
         <wf lemma="du" pos="X">du</wf>
         <instance id="d000.s1438.t000" lemma="indar" pos="NOUN">indarra</instance>
         <wf lemma="." pos="X">.</wf>
      </sentence>
      <sentence id="d000.s1439" source="wordnet-basque">
         <instance id="d000.s1439.t000" lemma="ekitaldi" pos="NOUN">ekitaldia</instance>
         <wf lemma="dohainik" pos="X">dohainik</wf>
         <wf lemma="izanen" pos="X">izanen</wf>
         <wf lemma="da" pos="X">da</wf>
         <wf lemma="eta" pos="X">eta</wf>
         <wf lemma="bildutakoek" pos="X">bildutakoek</wf>
         <wf lemma="parte" pos="X">parte</wf>
         <wf lemma="hartzeko" pos="X">hartzeko</wf>
         <wf lemma="parada" pos="X">parada</wf>
         <wf lemma="izanen" pos="X">izanen</wf>
         <wf lemma="dute" pos="X">dute</wf>
         <wf lemma="." pos="X">.</wf>
      </sentence>
      <sentence id="d000.s1440" source="wordnet-basque">
         <wf lemma="Arnaiz" pos="X">Arnaiz</wf>
         <wf lemma="presoen" pos="X">presoen</wf>
         <wf lemma="senide" pos="X">senide</wf>
         <wf lemma="eta" pos="X">eta</wf>
         <wf lemma="lagunek" pos="X">lagunek</wf>
         <wf lemma="oztopoak" pos="X">oztopoak</wf>
         <wf lemma="izan" pos="X">izan</wf>
         <wf lemma="dituzte" pos="X">dituzte</wf>
         <instance id="d000.s1440.t000" lemma="bisita" pos="NOUN">bisitak</instance>
         <wf lemma="egin" pos="X">egin</wf>
         <wf lemma="ahal" pos="X">ahal</wf>
         <wf lemma="izateko" pos="X">izateko</wf>
         <wf lemma="." pos="X">.</wf>
      </sentence>
      <sentence id="d000.s1441" source="wordnet-basque">
         <wf lemma="teilatua" pos="X">teilatua</wf>
         <wf lemma="behera" pos="X">behera</wf>
         <wf lemma="erori" pos="X">erori</wf>
         <wf lemma="zitzaion" pos="X">zitzaion</wf>
         <wf lemma="nire" pos="X">nire</wf>
         <instance id="d000.s1441.t000" lemma="herritar" pos="NOUN">herritar</instance>
         <wf lemma="bati" pos="X">bati</wf>
         <wf lemma="." pos="X">.</wf>
      </sentence>
      <sentence id="d000.s1442" source="wordnet-basque">
         <instance id="d000.s1442.t000" lemma="hil" pos="NOUN">hil</instance>
         <wf lemma="honen" pos="X">honen</wf>
         <wf lemma="24ean" pos="X">24ean</wf>
         <wf lemma="hauteskundeak" pos="X">hauteskundeak</wf>
         <wf lemma="dira" pos="X">dira</wf>
         <wf lemma="Jugoslavian" pos="X">Jugoslavian</wf>
         <wf lemma="." pos="X">.</wf>
      </sentence>
      <sentence id="d000.s1443" source="wordnet-basque">
         <wf lemma="gazteek" pos="X">gazteek</wf>
         <wf lemma="berriz" pos="X">berriz</wf>
         <wf lemma="," pos="X">,</wf>
         <wf lemma="ez" pos="X">ez</wf>
         <wf lemma="dute" pos="X">dute</wf>
         <wf lemma="lehen" pos="X">lehen</wf>
         <wf lemma="bezala" pos="X">bezala</wf>
         <wf lemma="," pos="X">,</wf>
         <wf lemma="beren" pos="X">beren</wf>
         <instance id="d000.s1443.t000" lemma="festa" pos="NOUN">festa</instance>
         <wf lemma="eta" pos="X">eta</wf>
         <wf lemma="bileratxotan" pos="X">bileratxotan</wf>
         <wf lemma="abesten" pos="X">abesten</wf>
         <wf lemma=";" pos="X">;</wf>
         <wf lemma="orain" pos="X">orain</wf>
         <wf lemma="," pos="X">,</wf>
         <wf lemma="gehienetan" pos="X">gehienetan</wf>
         <wf lemma="," pos="X">,</wf>
         <wf lemma="grabaturik" pos="X">grabaturik</wf>
         <wf lemma="dagoen" pos="X">dagoen</wf>
         <wf lemma="musika" pos="X">musika</wf>
         <wf lemma="entzutera" pos="X">entzutera</wf>
         <wf lemma="mugatzen" pos="X">mugatzen</wf>
         <wf lemma="dira" pos="X">dira</wf>
         <wf lemma="." pos="X">.</wf>
      </sentence>
      <sentence id="d000.s1444" source="wordnet-basque">
         <wf lemma="II." pos="X">II.</wf>
         <wf lemma="Mundu" pos="X">Mundu</wf>
         <wf lemma="Gerrako" pos="X">Gerrako</wf>
         <instance id="d000.s1444.t000" lemma="irabazle" pos="NOUN">irabazleen</instance>
         <wf lemma="eta" pos="X">eta</wf>
         <wf lemma="bi" pos="X">bi</wf>
         <wf lemma="Alemanien" pos="X">Alemanien</wf>
         <wf lemma="arteko" pos="X">arteko</wf>
         <wf lemma="negoziaketak" pos="X">negoziaketak</wf>
         <wf lemma="irailaren" pos="X">irailaren</wf>
         <wf lemma="12an" pos="X">12an</wf>
         <wf lemma="amaitu" pos="X">amaitu</wf>
         <wf lemma="ziren" pos="X">ziren</wf>
         <wf lemma="Bi" pos="X">Bi</wf>
         <wf lemma="Gehi" pos="X">Gehi</wf>
         <wf lemma="Lau" pos="X">Lau</wf>
         <wf lemma="Itunarekin" pos="X">Itunarekin</wf>
         <wf lemma="." pos="X">.</wf>
      </sentence>
      <sentence id="d000.s1445" source="wordnet-basque">
         <instance id="d000.s1445.t000" lemma="aire" pos="NOUN">aire</instance>
         <wf lemma="hotzeko" pos="X">hotzeko</wf>
         <wf lemma="bolumen" pos="X">bolumen</wf>
         <wf lemma="handia" pos="X">handia</wf>
         <wf lemma="," pos="X">,</wf>
         <wf lemma="aire" pos="X">aire</wf>
         <wf lemma="beroagoz" pos="X">beroagoz</wf>
         <wf lemma="inguratua" pos="X">inguratua</wf>
         <wf lemma="," pos="X">,</wf>
         <wf lemma="goragoko" pos="X">goragoko</wf>
         <wf lemma="altitudeetan" pos="X">altitudeetan</wf>
         <wf lemma="dagoen" pos="X">dagoen</wf>
         <wf lemma="aire" pos="X">aire</wf>
         <wf lemma="hotzaren" pos="X">hotzaren</wf>
         <wf lemma="masatik" pos="X">masatik</wf>
         <wf lemma="depresio" pos="X">depresio</wf>
         <wf lemma="moztu" pos="X">moztu</wf>
         <wf lemma="bat" pos="X">bat</wf>
         <wf lemma="eratzean" pos="X">eratzean</wf>
         <wf lemma="banatzen" pos="X">banatzen</wf>
         <wf lemma="da" pos="X">da</wf>
         <wf lemma="." pos="X">.</wf>
      </sentence>
      <sentence id="d000.s1446" source="wordnet-basque">
         <wf lemma="Europako" pos="X">Europako</wf>
         <wf lemma="Batasuneko" pos="X">Batasuneko</wf>
         <wf lemma="bost" pos="X">bost</wf>
         <wf lemma="herrialde" pos="X">herrialde</wf>
         <wf lemma="garrantzitsuenetakoen" pos="X">garrantzitsuenetakoen</wf>
         <wf lemma="artean" pos="X">artean</wf>
         <wf lemma="dago" pos="X">dago</wf>
         <wf lemma="EAE" pos="X">EAE</wf>
         <instance id="d000.s1446.t000" lemma="arrantza" pos="NOUN">arrantzaren</instance>
         <wf lemma="jarduerari" pos="X">jarduerari</wf>
         <wf lemma="dagokionez" pos="X">dagokionez</wf>
         <wf lemma="." pos="X">.</wf>
      </sentence>
      <sentence id="d000.s1447" source="wordnet-basque">
         <wf lemma="haren" pos="X">haren</wf>
         <wf lemma="aburuz" pos="X">aburuz</wf>
         <wf lemma="," pos="X">,</wf>
         <wf lemma="irtenbidea" pos="X">irtenbidea</wf>
         <wf lemma="arrantzaren" pos="X">arrantzaren</wf>
         <instance id="d000.s1447.t000" lemma="errentagarritasun" pos="NOUN">errentagarritasuna</instance>
         <wf lemma="handitzean" pos="X">handitzean</wf>
         <wf lemma="datza" pos="X">datza</wf>
         <wf lemma="." pos="X">.</wf>
      </sentence>
      <sentence id="d000.s1448" source="wordnet-basque">
         <wf lemma="fitxaketak" pos="X">fitxaketak</wf>
         <wf lemma="egiteko" pos="X">egiteko</wf>
         <wf lemma="orduan" pos="X">orduan</wf>
         <instance id="d000.s1448.t000" lemma="begi" pos="NOUN">begi</instance>
         <wf lemma="bikaina" pos="X">bikaina</wf>
         <wf lemma="dute" pos="X">dute</wf>
         <wf lemma="Coruñan" pos="X">Coruñan</wf>
         <wf lemma="." pos="X">.</wf>
      </sentence>
      <sentence id="d000.s1449" source="wordnet-basque">
         <wf lemma="karboniferoaren" pos="X">karboniferoaren</wf>
         <wf lemma="amaieran" pos="X">amaieran</wf>
         <wf lemma="jadanik" pos="X">jadanik</wf>
         <wf lemma="lehen" pos="X">lehen</wf>
         <instance id="d000.s1449.t000" lemma="narrasti" pos="NOUN">narrastiak</instance>
         <wf lemma="agertu" pos="X">agertu</wf>
         <wf lemma="ziren" pos="X">ziren</wf>
         <wf lemma="." pos="X">.</wf>
      </sentence>
      <sentence id="d000.s1450" source="wordnet-basque">
         <wf lemma="Leopoldo" pos="X">Leopoldo</wf>
         <wf lemma="Maria" pos="X">Maria</wf>
         <wf lemma="Panero" pos="X">Panero</wf>
         <wf lemma=":" pos="X">:</wf>
         <instance id="d000.s1450.t000" lemma="psikiatria" pos="NOUN">Psikiatria</instance>
         <wf lemma="medikamenduak" pos="X">medikamenduak</wf>
         <wf lemma="baino" pos="X">baino</wf>
         <wf lemma="ez" pos="X">ez</wf>
         <wf lemma="dira" pos="X">dira</wf>
         <wf lemma="." pos="X">.</wf>
      </sentence>
      <sentence id="d000.s1451" source="wordnet-basque">
         <wf lemma="ligako" pos="X">ligako</wf>
         <wf lemma="txapelketa" pos="X">txapelketa</wf>
         <wf lemma="irailaren" pos="X">irailaren</wf>
         <wf lemma="10ean" pos="X">10ean</wf>
         <wf lemma="hastea" pos="X">hastea</wf>
         <wf lemma="nahi" pos="X">nahi</wf>
         <wf lemma="dute" pos="X">dute</wf>
         <instance id="d000.s1451.t000" lemma="klub" pos="NOUN">klubek</instance>
         <wf lemma="." pos="X">.</wf>
      </sentence>
      <sentence id="d000.s1452" source="wordnet-basque">
         <wf lemma="Santa" pos="X">Santa</wf>
         <wf lemma="Cruz" pos="X">Cruz</wf>
         <wf lemma="apaiz" pos="X">apaiz</wf>
         <wf lemma="borrokalariaren" pos="X">borrokalariaren</wf>
         <instance id="d000.s1452.t000" lemma="bizi" pos="NOUN">bizia</instance>
         <wf lemma="kontatzen" pos="X">kontatzen</wf>
         <wf lemma="duen" pos="X">duen</wf>
         <wf lemma="lana" pos="X">lana</wf>
         <wf lemma="argitaratu" pos="X">argitaratu</wf>
         <wf lemma="du" pos="X">du</wf>
         <wf lemma="." pos="X">.</wf>
      </sentence>
      <sentence id="d000.s1453" source="wordnet-basque">
         <wf lemma="Europak" pos="X">Europak</wf>
         <wf lemma="goizetik" pos="X">goizetik</wf>
         <instance id="d000.s1453.t000" lemma="aurpegi" pos="NOUN">aurpegi</instance>
         <wf lemma="ona" pos="X">ona</wf>
         <wf lemma="erakutsi" pos="X">erakutsi</wf>
         <wf lemma="zuen" pos="X">zuen</wf>
         <wf lemma="," pos="X">,</wf>
         <wf lemma="eta" pos="X">eta</wf>
         <wf lemma="Dow" pos="X">Dow</wf>
         <wf lemma="Jonesek" pos="X">Jonesek</wf>
         <wf lemma="galera" pos="X">galera</wf>
         <wf lemma="apalak" pos="X">apalak</wf>
         <wf lemma="izan" pos="X">izan</wf>
         <wf lemma="zituen" pos="X">zituen</wf>
         <wf lemma="?" pos="X">?</wf>
      </sentence>
      <sentence id="d000.s1454" source="wordnet-basque">
         <wf lemma="gainera" pos="X">gainera</wf>
         <wf lemma="," pos="X">,</wf>
         <wf lemma="indar" pos="X">indar</wf>
         <wf lemma="polizialek" pos="X">polizialek</wf>
         <wf lemma="eta" pos="X">eta</wf>
         <wf lemma="komunikabideek" pos="X">komunikabideek</wf>
         <instance id="d000.s1454.t000" lemma="sabotaje" pos="NOUN">sabotaje</instance>
         <wf lemma="hau" pos="X">hau</wf>
         <wf lemma="estali" pos="X">estali</wf>
         <wf lemma="nahi" pos="X">nahi</wf>
         <wf lemma="izan" pos="X">izan</wf>
         <wf lemma="dutela" pos="X">dutela</wf>
         <wf lemma="salatu" pos="X">salatu</wf>
         <wf lemma="zuen" pos="X">zuen</wf>
         <wf lemma="deitu" pos="X">deitu</wf>
         <wf lemma="zuenak" pos="X">zuenak</wf>
         <wf lemma="." pos="X">.</wf>
      </sentence>
      <sentence id="d000.s1455" source="wordnet-basque">
         <wf lemma="hirugarren" pos="X">hirugarren</wf>
         <wf lemma="taldean" pos="X">taldean</wf>
         <wf lemma="," pos="X">,</wf>
         <wf lemma="berriz" pos="X">berriz</wf>
         <wf lemma="," pos="X">,</wf>
         <instance id="d000.s1455.t000" lemma="dantza" pos="NOUN">dantzarako</instance>
         <wf lemma="pista" pos="X">pista</wf>
         <wf lemma="izan" pos="X">izan</wf>
         <wf lemma="barik" pos="X">barik</wf>
         <wf lemma="musika" pos="X">musika</wf>
         <wf lemma="izateko" pos="X">izateko</wf>
         <wf lemma="baimena" pos="X">baimena</wf>
         <wf lemma="duten" pos="X">duten</wf>
         <wf lemma="lokalak" pos="X">lokalak</wf>
         <wf lemma="eta" pos="X">eta</wf>
         <wf lemma="instalazioak" pos="X">instalazioak</wf>
         <wf lemma="sartzen" pos="X">sartzen</wf>
         <wf lemma="dira" pos="X">dira</wf>
         <wf lemma="." pos="X">.</wf>
      </sentence>
      <sentence id="d000.s1456" source="wordnet-basque">
         <wf lemma="izena" pos="X">izena</wf>
         <wf lemma="," pos="X">,</wf>
         <wf lemma="Ainhoa" pos="X">Ainhoa</wf>
         <wf lemma="," pos="X">,</wf>
         <wf lemma="Ainhoa" pos="X">Ainhoa</wf>
         <wf lemma="Gozategi" pos="X">Gozategi</wf>
         <instance id="d000.s1456.t000" lemma="taldekide" pos="NOUN">taldekidearen</instance>
         <wf lemma="omenez" pos="X">omenez</wf>
         <wf lemma="jarri" pos="X">jarri</wf>
         <wf lemma="diote" pos="X">diote</wf>
         <wf lemma="diskoari" pos="X">diskoari</wf>
         <wf lemma="." pos="X">.</wf>
      </sentence>
      <sentence id="d000.s1457" source="wordnet-basque">
         <wf lemma="atzo" pos="X">atzo</wf>
         <wf lemma="," pos="X">,</wf>
         <wf lemma="San" pos="X">San</wf>
         <wf lemma="Andres" pos="X">Andres</wf>
         <wf lemma="egun" pos="X">egun</wf>
         <wf lemma="handian" pos="X">handian</wf>
         <wf lemma="," pos="X">,</wf>
         <instance id="d000.s1457.t000" lemma="sarrera" pos="NOUN">sarrera</instance>
         <wf lemma="bikaina" pos="X">bikaina</wf>
         <wf lemma="izan" pos="X">izan</wf>
         <wf lemma="zuen" pos="X">zuen</wf>
         <wf lemma="Astelenak" pos="X">Astelenak</wf>
         <wf lemma="." pos="X">.</wf>
      </sentence>
      <sentence id="d000.s1458" source="wordnet-basque">
         <wf lemma="haurrak" pos="X">haurrak</wf>
         <instance id="d000.s1458.t000" lemma="baloi" pos="NOUN">baloiarekin</instance>
         <wf lemma="irten" pos="X">irten</wf>
         <wf lemma="dira" pos="X">dira</wf>
         <wf lemma="plazara" pos="X">plazara</wf>
         <wf lemma="." pos="X">.</wf>
      </sentence>
      <sentence id="d000.s1459" source="wordnet-basque">
         <wf lemma="boterea" pos="X">boterea</wf>
         <instance id="d000.s1459.t000" lemma="herri" pos="NOUN">herriarentzat</instance>
         <wf lemma="." pos="X">.</wf>
      </sentence>
      <sentence id="d000.s1460" source="wordnet-basque">
         <wf lemma="1977ko" pos="X">1977ko</wf>
         <wf lemma="urtarriletik" pos="X">urtarriletik</wf>
         <wf lemma="aurrera" pos="X">aurrera</wf>
         <wf lemma="," pos="X">,</wf>
         <instance id="d000.s1460.t000" lemma="estatu" pos="NOUN">estatu</instance>
         <wf lemma="mailan" pos="X">mailan</wf>
         <wf lemma="egin" pos="X">egin</wf>
         <wf lemma="zituen" pos="X">zituen</wf>
         <wf lemma="negoziazioetan" pos="X">negoziazioetan</wf>
         <wf lemma="lortu" pos="X">lortu</wf>
         <wf lemma="zuen" pos="X">zuen</wf>
         <wf lemma="berak" pos="X">berak</wf>
         <wf lemma="ezarritako" pos="X">ezarritako</wf>
         <wf lemma="baldintzak" pos="X">baldintzak</wf>
         <wf lemma="nahiz" pos="X">nahiz</wf>
         <wf lemma="epeak" pos="X">epeak</wf>
         <wf lemma="oposizioak" pos="X">oposizioak</wf>
         <wf lemma="onartzea" pos="X">onartzea</wf>
         <wf lemma="." pos="X">.</wf>
      </sentence>
      <sentence id="d000.s1461" source="wordnet-basque">
         <wf lemma="gauza" pos="X">gauza</wf>
         <wf lemma="bakar" pos="X">bakar</wf>
         <wf lemma="bat" pos="X">bat</wf>
         <wf lemma="zeukan" pos="X">zeukan</wf>
         <wf lemma="garbi" pos="X">garbi</wf>
         <wf lemma="bere" pos="X">bere</wf>
         <wf lemma="baitan" pos="X">baitan</wf>
         <wf lemma=":" pos="X">:</wf>
         <wf lemma="pauso" pos="X">pauso</wf>
         <wf lemma="hori" pos="X">hori</wf>
         <wf lemma="oso" pos="X">oso</wf>
         <wf lemma="garrantzitsua" pos="X">garrantzitsua</wf>
         <wf lemma="izango" pos="X">izango</wf>
         <wf lemma="zela" pos="X">zela</wf>
         <wf lemma="bere" pos="X">bere</wf>
         <instance id="d000.s1461.t000" lemma="bizitza" pos="NOUN">bizitzan</instance>
         <wf lemma="." pos="X">.</wf>
      </sentence>
      <sentence id="d000.s1462" source="wordnet-basque">
         <wf lemma="martxan" pos="X">martxan</wf>
         <wf lemma="27" pos="X">27</wf>
         <wf lemma="urte" pos="X">urte</wf>
         <wf lemma="daramatza" pos="X">daramatza</wf>
         <wf lemma="Euskal" pos="X">Euskal</wf>
         <wf lemma="Herritik" pos="X">Herritik</wf>
         <wf lemma="bost" pos="X">bost</wf>
         <instance id="d000.s1462.t000" lemma="kilometro" pos="NOUN">kilometrotara</instance>
         <wf lemma="dagoen" pos="X">dagoen</wf>
         <wf lemma="Garoñako" pos="X">Garoñako</wf>
         <wf lemma="zentral" pos="X">zentral</wf>
         <wf lemma="nuklearrak" pos="X">nuklearrak</wf>
         <wf lemma="." pos="X">.</wf>
      </sentence>
      <sentence id="d000.s1463" source="wordnet-basque">
         <wf lemma="Gertakari" pos="X">Gertakari</wf>
         <wf lemma="horrek" pos="X">horrek</wf>
         <wf lemma="hilabeteotan" pos="X">hilabeteotan</wf>
         <wf lemma="ontziolako" pos="X">ontziolako</wf>
         <wf lemma="langileek" pos="X">langileek</wf>
         <wf lemma="lan" pos="X">lan</wf>
         <wf lemma="karga" pos="X">karga</wf>
         <wf lemma="ezagatik" pos="X">ezagatik</wf>
         <wf lemma="egin" pos="X">egin</wf>
         <wf lemma="duten" pos="X">duten</wf>
         <wf lemma="mobilizazioen" pos="X">mobilizazioen</wf>
         <instance id="d000.s1463.t000" lemma="amaiera" pos="NOUN">amaiera</instance>
         <wf lemma="ekarriko" pos="X">ekarriko</wf>
         <wf lemma="du" pos="X">du</wf>
         <wf lemma="." pos="X">.</wf>
      </sentence>
      <sentence id="d000.s1464" source="wordnet-basque">
         <wf lemma="Eguesibarko" pos="X">Eguesibarko</wf>
         <wf lemma="udal" pos="X">udal</wf>
         <wf lemma="kiroldegiko" pos="X">kiroldegiko</wf>
         <wf lemma="abonua" pos="X">abonua</wf>
         <wf lemma="nahi" pos="X">nahi</wf>
         <wf lemma="duten" pos="X">duten</wf>
         <wf lemma="pertsonek" pos="X">pertsonek</wf>
         <wf lemma="hasierako" pos="X">hasierako</wf>
         <instance id="d000.s1464.t000" lemma="sarrera" pos="NOUN">sarrera</instance>
         <wf lemma="ordaindu" pos="X">ordaindu</wf>
         <wf lemma="beharko" pos="X">beharko</wf>
         <wf lemma="dute" pos="X">dute</wf>
         <wf lemma="abonatu" pos="X">abonatu</wf>
         <wf lemma="bilakatu" pos="X">bilakatu</wf>
         <wf lemma="ahal" pos="X">ahal</wf>
         <wf lemma="izateko" pos="X">izateko</wf>
         <wf lemma="." pos="X">.</wf>
      </sentence>
      <sentence id="d000.s1465" source="wordnet-basque">
         <wf lemma="AEFko" pos="X">AEFko</wf>
         <wf lemma="ordezkariak" pos="X">ordezkariak</wf>
         <wf lemma="inoiz" pos="X">inoiz</wf>
         <wf lemma="ez" pos="X">ez</wf>
         <wf lemma="ziren" pos="X">ziren</wf>
         <wf lemma="errudun" pos="X">errudun</wf>
         <wf lemma="sentitu" pos="X">sentitu</wf>
         <wf lemma="Alemaniako" pos="X">Alemaniako</wf>
         <instance id="d000.s1465.t000" lemma="faxismo" pos="NOUN">faxismoagatik</instance>
         <wf lemma="," pos="X">,</wf>
         <wf lemma="eta" pos="X">eta</wf>
         <wf lemma="," pos="X">,</wf>
         <wf lemma="beraz" pos="X">beraz</wf>
         <wf lemma="," pos="X">,</wf>
         <wf lemma="beti" pos="X">beti</wf>
         <wf lemma="ikusi" pos="X">ikusi</wf>
         <wf lemma="zuten" pos="X">zuten</wf>
         <wf lemma="injustizia" pos="X">injustizia</wf>
         <wf lemma="gisa" pos="X">gisa</wf>
         <wf lemma="Alemaniaren" pos="X">Alemaniaren</wf>
         <wf lemma="zatiketa" pos="X">zatiketa</wf>
         <wf lemma="." pos="X">.</wf>
      </sentence>
      <sentence id="d000.s1466" source="wordnet-basque">
         <wf lemma="bi" pos="X">bi</wf>
         <wf lemma="lerrok" pos="X">lerrok</wf>
         <wf lemma="elkar" pos="X">elkar</wf>
         <wf lemma="ukitzen" pos="X">ukitzen</wf>
         <wf lemma="duten" pos="X">duten</wf>
         <instance id="d000.s1466.t000" lemma="puntu" pos="NOUN">puntua</instance>
         <wf lemma="." pos="X">.</wf>
      </sentence>
      <sentence id="d000.s1467" source="wordnet-basque">
         <wf lemma="San" pos="X">San</wf>
         <wf lemma="Antonioren" pos="X">Antonioren</wf>
         <wf lemma="zurezko" pos="X">zurezko</wf>
         <wf lemma="bi" pos="X">bi</wf>
         <instance id="d000.s1467.t000" lemma="irudi" pos="NOUN">irudi</instance>
         <wf lemma="polikromatu" pos="X">polikromatu</wf>
         <wf lemma="daude" pos="X">daude</wf>
         <wf lemma="," pos="X">,</wf>
         <wf lemma="ustez" pos="X">ustez</wf>
         <wf lemma="XVIII" pos="X">XVIII</wf>
         <wf lemma="mendekoak" pos="X">mendekoak</wf>
         <wf lemma="." pos="X">.</wf>
      </sentence>
      <sentence id="d000.s1468" source="wordnet-basque">
         <wf lemma="txarangak" pos="X">txarangak</wf>
         <wf lemma="edota" pos="X">edota</wf>
         <wf lemma="Arrosadiako" pos="X">Arrosadiako</wf>
         <wf lemma="Erraldoiak" pos="X">Erraldoiak</wf>
         <wf lemma="egonen" pos="X">egonen</wf>
         <wf lemma="dira" pos="X">dira</wf>
         <instance id="d000.s1468.t000" lemma="larunbat" pos="NOUN">larunbat</instance>
         <wf lemma="arratsaldea" pos="X">arratsaldea</wf>
         <wf lemma="girotzen" pos="X">girotzen</wf>
         <wf lemma="." pos="X">.</wf>
      </sentence>
      <sentence id="d000.s1469" source="wordnet-basque">
         <wf lemma="Sydneyn" pos="X">Sydneyn</wf>
         <wf lemma="ere" pos="X">ere</wf>
         <wf lemma="bere" pos="X">bere</wf>
         <instance id="d000.s1469.t000" lemma="esaldi" pos="NOUN">esaldi</instance>
         <wf lemma="gustukoena" pos="X">gustukoena</wf>
         <wf lemma="esan" pos="X">esan</wf>
         <wf lemma="ahal" pos="X">ahal</wf>
         <wf lemma="izan" pos="X">izan</wf>
         <wf lemma="zuen" pos="X">zuen</wf>
         <wf lemma="Jokoetako" pos="X">Jokoetako</wf>
         <wf lemma="itxiera" pos="X">itxiera</wf>
         <wf lemma="ekitaldian" pos="X">ekitaldian</wf>
         <wf lemma=":" pos="X">:</wf>
         <wf lemma="inoizko" pos="X">inoizko</wf>
         <wf lemma="Joko" pos="X">Joko</wf>
         <wf lemma="onenak" pos="X">onenak</wf>
         <wf lemma="izan" pos="X">izan</wf>
         <wf lemma="dira" pos="X">dira</wf>
         <wf lemma="." pos="X">.</wf>
      </sentence>
      <sentence id="d000.s1470" source="wordnet-basque">
         <wf lemma="Ekonomia" pos="X">Ekonomia</wf>
         <wf lemma="ministroak" pos="X">ministroak</wf>
         <wf lemma="atzo" pos="X">atzo</wf>
         <wf lemma="iragarri" pos="X">iragarri</wf>
         <wf lemma="zituen" pos="X">zituen</wf>
         <instance id="d000.s1470.t000" lemma="zerga" pos="NOUN">zergen</instance>
         <wf lemma="beherapenek" pos="X">beherapenek</wf>
         <wf lemma="eragina" pos="X">eragina</wf>
         <wf lemma="izango" pos="X">izango</wf>
         <wf lemma="dute" pos="X">dute</wf>
         <wf lemma="sektorean" pos="X">sektorean</wf>
         <wf lemma="." pos="X">.</wf>
      </sentence>
      <sentence id="d000.s1471" source="wordnet-basque">
         <wf lemma="ez" pos="X">ez</wf>
         <wf lemma="duzu" pos="X">duzu</wf>
         <wf lemma="eskua" pos="X">eskua</wf>
         <wf lemma="atorraren" pos="X">atorraren</wf>
         <instance id="d000.s1471.t000" lemma="beso" pos="NOUN">besotik</instance>
         <wf lemma="sartu" pos="X">sartu</wf>
         <wf lemma="." pos="X">.</wf>
      </sentence>
      <sentence id="d000.s1472" source="wordnet-basque">
         <wf lemma="Txileko" pos="X">Txileko</wf>
         <wf lemma="Gorte" pos="X">Gorte</wf>
         <wf lemma="Gorenak" pos="X">Gorenak</wf>
         <wf lemma="baimena" pos="X">baimena</wf>
         <wf lemma="eman" pos="X">eman</wf>
         <wf lemma="dio" pos="X">dio</wf>
         <wf lemma="Juan" pos="X">Juan</wf>
         <wf lemma="Guzman" pos="X">Guzman</wf>
         <wf lemma="epaileari" pos="X">epaileari</wf>
         <wf lemma="Pinocheten" pos="X">Pinocheten</wf>
         <wf lemma="erregimenak" pos="X">erregimenak</wf>
         <wf lemma="ustez" pos="X">ustez</wf>
         <wf lemma="Argentinan" pos="X">Argentinan</wf>
         <wf lemma="egindako" pos="X">egindako</wf>
         <instance id="d000.s1472.t000" lemma="hilketa" pos="NOUN">hilketak</instance>
         <wf lemma="ikertzeko" pos="X">ikertzeko</wf>
         <wf lemma="." pos="X">.</wf>
      </sentence>
      <sentence id="d000.s1473" source="wordnet-basque">
         <wf lemma="horregatik" pos="X">horregatik</wf>
         <wf lemma="ikastaroaren" pos="X">ikastaroaren</wf>
         <wf lemma="hasieratik" pos="X">hasieratik</wf>
         <wf lemma="bertatik" pos="X">bertatik</wf>
         <wf lemma="ikasle" pos="X">ikasle</wf>
         <wf lemma="bakoitzari" pos="X">bakoitzari</wf>
         <wf lemma="lan" pos="X">lan</wf>
         <wf lemma="bat" pos="X">bat</wf>
         <wf lemma="izendatzen" pos="X">izendatzen</wf>
         <wf lemma="zaio" pos="X">zaio</wf>
         <wf lemma="ikastaroak" pos="X">ikastaroak</wf>
         <wf lemma="irauten" pos="X">irauten</wf>
         <wf lemma="duen" pos="X">duen</wf>
         <wf lemma="denboran" pos="X">denboran</wf>
         <wf lemma="egiteko" pos="X">egiteko</wf>
         <wf lemma=":" pos="X">:</wf>
         <instance id="d000.s1473.t000" lemma="proiektu" pos="NOUN">proiektu</instance>
         <wf lemma="bat" pos="X">bat</wf>
         <wf lemma="," pos="X">,</wf>
         <wf lemma="programazio" pos="X">programazio</wf>
         <wf lemma="bat" pos="X">bat</wf>
         <wf lemma="..." pos="X">...</wf>
      </sentence>
      <sentence id="d000.s1474" source="wordnet-basque">
         <instance id="d000.s1474.t000" lemma="leiho" pos="NOUN">leihoa</instance>
         <wf lemma="ez" pos="X">ez</wf>
         <wf lemma="da" pos="X">da</wf>
         <wf lemma="berez" pos="X">berez</wf>
         <wf lemma="zabaltzen" pos="X">zabaltzen</wf>
         <wf lemma="," pos="X">,</wf>
         <wf lemma="zabaltzeko" pos="X">zabaltzeko</wf>
         <wf lemma="fitxategia" pos="X">fitxategia</wf>
         <wf lemma="exekutatu" pos="X">exekutatu</wf>
         <wf lemma="behar" pos="X">behar</wf>
         <wf lemma="da" pos="X">da</wf>
         <wf lemma="." pos="X">.</wf>
      </sentence>
      <sentence id="d000.s1475" source="wordnet-basque">
         <instance id="d000.s1475.t000" lemma="zientzia" pos="NOUN">zientzian</instance>
         <wf lemma="eta" pos="X">eta</wf>
         <wf lemma="garapenean" pos="X">garapenean</wf>
         <wf lemma="sinesten" pos="X">sinesten</wf>
         <wf lemma="duenak" pos="X">duenak</wf>
         <wf lemma="," pos="X">,</wf>
         <wf lemma="problema" pos="X">problema</wf>
         <wf lemma="guztien" pos="X">guztien</wf>
         <wf lemma="soluzioan" pos="X">soluzioan</wf>
         <wf lemma="sinesten" pos="X">sinesten</wf>
         <wf lemma="du" pos="X">du</wf>
         <wf lemma="." pos="X">.</wf>
      </sentence>
      <sentence id="d000.s1476" source="wordnet-basque">
         <wf lemma="Ormaetxeak" pos="X">Ormaetxeak</wf>
         <wf lemma="Aburuzari" pos="X">Aburuzari</wf>
         <wf lemma="eta" pos="X">eta</wf>
         <wf lemma="Albizuari" pos="X">Albizuari</wf>
         <wf lemma="aurrea" pos="X">aurrea</wf>
         <wf lemma="hartu" pos="X">hartu</wf>
         <wf lemma="izana" pos="X">izana</wf>
         <instance id="d000.s1476.t000" lemma="ezusteko" pos="NOUN">ezustekotzat</instance>
         <wf lemma="jo" pos="X">jo</wf>
         <wf lemma="daiteke" pos="X">daiteke</wf>
         <wf lemma="," pos="X">,</wf>
         <wf lemma="baina" pos="X">baina</wf>
         <wf lemma="merezimendu" pos="X">merezimendu</wf>
         <wf lemma="osoz" pos="X">osoz</wf>
         <wf lemma="lortu" pos="X">lortu</wf>
         <wf lemma="zuen" pos="X">zuen</wf>
         <wf lemma="finalerako" pos="X">finalerako</wf>
         <wf lemma="txartela" pos="X">txartela</wf>
         <wf lemma="." pos="X">.</wf>
      </sentence>
      <sentence id="d000.s1477" source="wordnet-basque">
         <wf lemma="beiran" pos="X">beiran</wf>
         <wf lemma="pintaturiko" pos="X">pintaturiko</wf>
         <instance id="d000.s1477.t000" lemma="irudi" pos="NOUN">irudiak</instance>
         <wf lemma="lenteen" pos="X">lenteen</wf>
         <wf lemma="bidez" pos="X">bidez</wf>
         <wf lemma="paper" pos="X">paper</wf>
         <wf lemma="edo" pos="X">edo</wf>
         <wf lemma="mihisean" pos="X">mihisean</wf>
         <wf lemma="handiagotuta" pos="X">handiagotuta</wf>
         <wf lemma="agerrarazten" pos="X">agerrarazten</wf>
         <wf lemma="zituen" pos="X">zituen</wf>
         <wf lemma="." pos="X">.</wf>
      </sentence>
      <sentence id="d000.s1478" source="wordnet-basque">
         <wf lemma="Joanesek" pos="X">Joanesek</wf>
         <wf lemma="berak" pos="X">berak</wf>
         <wf lemma="eten" pos="X">eten</wf>
         <wf lemma="zituen" pos="X">zituen</wf>
         <wf lemma="bere" pos="X">bere</wf>
         <wf lemma="oroitzapenak" pos="X">oroitzapenak</wf>
         <wf lemma="segundu" pos="X">segundu</wf>
         <wf lemma="batzuk" pos="X">batzuk</wf>
         <wf lemma="barru" pos="X">barru</wf>
         <wf lemma="-" pos="X">-</wf>
         <wf lemma="Bazkaldu" pos="X">Bazkaldu</wf>
         <wf lemma="ere" pos="X">ere</wf>
         <wf lemma="," pos="X">,</wf>
         <wf lemma="bazkaldu" pos="X">bazkaldu</wf>
         <wf lemma="beharko" pos="X">beharko</wf>
         <wf lemma="dugu" pos="X">dugu</wf>
         <wf lemma="," pos="X">,</wf>
         <wf lemma="ba" pos="X">ba</wf>
         <wf lemma="," pos="X">,</wf>
         <wf lemma="noizbait" pos="X">noizbait</wf>
         <wf lemma="," pos="X">,</wf>
         <wf lemma="e" pos="X">e</wf>
         <wf lemma="Felipe?" pos="X">Felipe?</wf>
         <wf lemma="-" pos="X">-</wf>
         <wf lemma="alai" pos="X">alai</wf>
         <wf lemma="bat" pos="X">bat</wf>
         <instance id="d000.s1478.t000" lemma="aire" pos="NOUN">airera</instance>
         <wf lemma="igorriz" pos="X">igorriz</wf>
         <wf lemma="." pos="X">.</wf>
      </sentence>
      <sentence id="d000.s1479" source="wordnet-basque">
         <wf lemma="abenduaren" pos="X">abenduaren</wf>
         <wf lemma="hasieran" pos="X">hasieran</wf>
         <wf lemma="hori" pos="X">hori</wf>
         <wf lemma="egin" pos="X">egin</wf>
         <wf lemma="ondoan" pos="X">ondoan</wf>
         <instance id="d000.s1479.t000" lemma="ez" pos="NOUN">eza</instance>
         <wf lemma="borobil" pos="X">borobil</wf>
         <wf lemma="bat" pos="X">bat</wf>
         <wf lemma="emana" pos="X">emana</wf>
         <wf lemma="izan" pos="X">izan</wf>
         <wf lemma="da" pos="X">da</wf>
         <wf lemma="." pos="X">.</wf>
      </sentence>
      <sentence id="d000.s1480" source="wordnet-basque">
         <wf lemma="Ji-Koori" pos="X">Ji-Koori</wf>
         <wf lemma="bestalde" pos="X">bestalde</wf>
         <wf lemma="," pos="X">,</wf>
         <instance id="d000.s1480.t000" lemma="azterketa" pos="NOUN">azterketa</instance>
         <wf lemma="egunak" pos="X">egunak</wf>
         <wf lemma="gustatzen" pos="X">gustatzen</wf>
         <wf lemma="zaizkio" pos="X">zaizkio</wf>
         <wf lemma="," pos="X">,</wf>
         <wf lemma="lehenago" pos="X">lehenago</wf>
         <wf lemma="ateratzen" pos="X">ateratzen</wf>
         <wf lemma="direlako" pos="X">direlako</wf>
         <wf lemma="eskolatik" pos="X">eskolatik</wf>
         <wf lemma="." pos="X">.</wf>
      </sentence>
      <sentence id="d000.s1481" source="wordnet-basque">
         <wf lemma="Noe" pos="X">Noe</wf>
         <wf lemma="," pos="X">,</wf>
         <wf lemma="Abrahan" pos="X">Abrahan</wf>
         <wf lemma="," pos="X">,</wf>
         <wf lemma="Jakob" pos="X">Jakob</wf>
         <wf lemma="," pos="X">,</wf>
         <wf lemma="Jesukristoren" pos="X">Jesukristoren</wf>
         <instance id="d000.s1481.t000" lemma="aurrelari" pos="NOUN">aurrelariak</instance>
         <wf lemma="izan" pos="X">izan</wf>
         <wf lemma="zirenak" pos="X">zirenak</wf>
         <wf lemma="." pos="X">.</wf>
      </sentence>
      <sentence id="d000.s1482" source="wordnet-basque">
         <wf lemma="Fizen" pos="X">Fizen</wf>
         <wf lemma="izenak" pos="X">izenak</wf>
         <wf lemma="agian" pos="X">agian</wf>
         <instance id="d000.s1482.t000" lemma="pisu" pos="NOUN">pisu</instance>
         <wf lemma="handiegia" pos="X">handiegia</wf>
         <wf lemma="du" pos="X">du</wf>
         <wf lemma="." pos="X">.</wf>
      </sentence>
      <sentence id="d000.s1483" source="wordnet-basque">
         <wf lemma="gaitz" pos="X">gaitz</wf>
         <wf lemma="horren" pos="X">horren</wf>
         <wf lemma="sendatzeko" pos="X">sendatzeko</wf>
         <wf lemma="batzuek" pos="X">batzuek</wf>
         <wf lemma="emaiten" pos="X">emaiten</wf>
         <wf lemma="diote" pos="X">diote</wf>
         <wf lemma="baratxuriak" pos="X">baratxuriak</wf>
         <wf lemma="eta" pos="X">eta</wf>
         <wf lemma="phorruak" pos="X">phorruak</wf>
         <wf lemma="xehaturik" pos="X">xehaturik</wf>
         <wf lemma="eta" pos="X">eta</wf>
         <wf lemma="arnoan" pos="X">arnoan</wf>
         <wf lemma="irakiturik" pos="X">irakiturik</wf>
         <wf lemma="," pos="X">,</wf>
         <wf lemma="arno" pos="X">arno</wf>
         <wf lemma="hartarik" pos="X">hartarik</wf>
         <wf lemma="edatera" pos="X">edatera</wf>
         <instance id="d000.s1483.t000" lemma="laurden" pos="NOUN">laurden</instance>
         <wf lemma="erdi" pos="X">erdi</wf>
         <wf lemma="baten" pos="X">baten</wf>
         <wf lemma="inguria" pos="X">inguria</wf>
         <wf lemma="aldi" pos="X">aldi</wf>
         <wf lemma="bakotxian" pos="X">bakotxian</wf>
         <wf lemma="." pos="X">.</wf>
      </sentence>
      <sentence id="d000.s1484" source="wordnet-basque">
         <instance id="d000.s1484.t000" lemma="zuzendaritza" pos="NOUN">zuzendaritza</instance>
         <wf lemma="txit" pos="X">txit</wf>
         <wf lemma="gorenarekin" pos="X">gorenarekin</wf>
         <wf lemma="aurrez" pos="X">aurrez</wf>
         <wf lemma="aurre" pos="X">aurre</wf>
         <wf lemma="hitz" pos="X">hitz</wf>
         <wf lemma="egin" pos="X">egin</wf>
         <wf lemma="dut" pos="X">dut</wf>
         <wf lemma="." pos="X">.</wf>
      </sentence>
      <sentence id="d000.s1485" source="wordnet-basque">
         <instance id="d000.s1485.t000" lemma="atseden" pos="NOUN">atseden</instance>
         <wf lemma="gutxi" pos="X">gutxi</wf>
         <wf lemma="eta" pos="X">eta</wf>
         <wf lemma="erritmo" pos="X">erritmo</wf>
         <wf lemma="handiko" pos="X">handiko</wf>
         <wf lemma="norgehiagoka" pos="X">norgehiagoka</wf>
         <wf lemma="jokatu" pos="X">jokatu</wf>
         <wf lemma="zuten" pos="X">zuten</wf>
         <wf lemma="." pos="X">.</wf>
      </sentence>
      <sentence id="d000.s1486" source="wordnet-basque">
         <wf lemma="udako" pos="X">udako</wf>
         <instance id="d000.s1486.t000" lemma="opor" pos="NOUN">oporrak</instance>
         <wf lemma="." pos="X">.</wf>
      </sentence>
      <sentence id="d000.s1487" source="wordnet-basque">
         <wf lemma="Saharako" pos="X">Saharako</wf>
         <instance id="d000.s1487.t000" lemma="eremu" pos="NOUN">eremuetan</instance>
         <wf lemma="ere" pos="X">ere</wf>
         <wf lemma="kazkabarra" pos="X">kazkabarra</wf>
         <wf lemma="hastera" pos="X">hastera</wf>
         <wf lemma="zihoala" pos="X">zihoala</wf>
         <wf lemma="zirudielarik" pos="X">zirudielarik</wf>
         <wf lemma="." pos="X">.</wf>
      </sentence>
      <sentence id="d000.s1488" source="wordnet-basque">
         <instance id="d000.s1488.t000" lemma="epaiketa" pos="NOUN">epaiketa</instance>
         <wf lemma="hasieran" pos="X">hasieran</wf>
         <wf lemma="Alegriak" pos="X">Alegriak</wf>
         <wf lemma="itzulpen" pos="X">itzulpen</wf>
         <wf lemma="sistema" pos="X">sistema</wf>
         <wf lemma="ez" pos="X">ez</wf>
         <wf lemma="zuela" pos="X">zuela</wf>
         <wf lemma="onartzen" pos="X">onartzen</wf>
         <wf lemma="esan" pos="X">esan</wf>
         <wf lemma="zuen" pos="X">zuen</wf>
         <wf lemma="." pos="X">.</wf>
      </sentence>
      <sentence id="d000.s1489" source="wordnet-basque">
         <wf lemma="mehatxaturiko" pos="X">mehatxaturiko</wf>
         <wf lemma="Espezieen" pos="X">Espezieen</wf>
         <wf lemma="Katalogo" pos="X">Katalogo</wf>
         <wf lemma="Nazionalak" pos="X">Nazionalak</wf>
         <wf lemma="," pos="X">,</wf>
         <wf lemma="galtzeko" pos="X">galtzeko</wf>
         <wf lemma="arriskuan" pos="X">arriskuan</wf>
         <wf lemma="eta" pos="X">eta</wf>
         <instance id="d000.s1489.t000" lemma="interes" pos="NOUN">interes</instance>
         <wf lemma="berezikoen" pos="X">berezikoen</wf>
         <wf lemma="taldean" pos="X">taldean</wf>
         <wf lemma="hainbat" pos="X">hainbat</wf>
         <wf lemma="arrain" pos="X">arrain</wf>
         <wf lemma="tipifikatzen" pos="X">tipifikatzen</wf>
         <wf lemma="ditu" pos="X">ditu</wf>
         <wf lemma="." pos="X">.</wf>
      </sentence>
      <sentence id="d000.s1490" source="wordnet-basque">
         <wf lemma="hamar" pos="X">hamar</wf>
         <wf lemma="egunetako" pos="X">egunetako</wf>
         <instance id="d000.s1490.t000" lemma="baimen" pos="NOUN">baimena</instance>
         <wf lemma="eman" pos="X">eman</wf>
         <wf lemma="diote" pos="X">diote</wf>
         <wf lemma="bere" pos="X">bere</wf>
         <wf lemma="ama" pos="X">ama</wf>
         <wf lemma="bisita" pos="X">bisita</wf>
         <wf lemma="dezan" pos="X">dezan</wf>
         <wf lemma="." pos="X">.</wf>
      </sentence>
      <sentence id="d000.s1491" source="wordnet-basque">
         <wf lemma="izan" pos="X">izan</wf>
         <wf lemma="ere" pos="X">ere</wf>
         <wf lemma="," pos="X">,</wf>
         <wf lemma="disoluzioak" pos="X">disoluzioak</wf>
         <instance id="d000.s1491.t000" lemma="sistema" pos="NOUN">sistema</instance>
         <wf lemma="homogeneo" pos="X">homogeneo</wf>
         <wf lemma="mota" pos="X">mota</wf>
         <wf lemma="bat" pos="X">bat</wf>
         <wf lemma="dira" pos="X">dira</wf>
         <wf lemma="." pos="X">.</wf>
      </sentence>
      <sentence id="d000.s1492" source="wordnet-basque">
         <wf lemma="klaserik" pos="X">klaserik</wf>
         <wf lemma="ez" pos="X">ez</wf>
         <wf lemma="nuen" pos="X">nuen</wf>
         <wf lemma="arratsaldeetan" pos="X">arratsaldeetan</wf>
         <wf lemma="," pos="X">,</wf>
         <instance id="d000.s1492.t000" lemma="tenis" pos="NOUN">tenisean</instance>
         <wf lemma="ibiltzen" pos="X">ibiltzen</wf>
         <wf lemma="nintzen" pos="X">nintzen</wf>
         <wf lemma="aitarekin" pos="X">aitarekin</wf>
         <wf lemma="." pos="X">.</wf>
      </sentence>
      <sentence id="d000.s1493" source="wordnet-basque">
         <wf lemma="baloia" pos="X">baloia</wf>
         <wf lemma="igotzeko" pos="X">igotzeko</wf>
         <wf lemma="aukera" pos="X">aukera</wf>
         <wf lemma="du" pos="X">du</wf>
         <wf lemma="," pos="X">,</wf>
         <instance id="d000.s1493.t000" lemma="defentsa" pos="NOUN">defentsa</instance>
         <wf lemma="lanetan" pos="X">lanetan</wf>
         <wf lemma="sendo" pos="X">sendo</wf>
         <wf lemma="aritzen" pos="X">aritzen</wf>
         <wf lemma="da" pos="X">da</wf>
         <wf lemma="eta" pos="X">eta</wf>
         <wf lemma="erreboteak" pos="X">erreboteak</wf>
         <wf lemma="lortzeko" pos="X">lortzeko</wf>
         <wf lemma="erraztasuna" pos="X">erraztasuna</wf>
         <wf lemma="du" pos="X">du</wf>
         <wf lemma="." pos="X">.</wf>
      </sentence>
      <sentence id="d000.s1494" source="wordnet-basque">
         <wf lemma="azken" pos="X">azken</wf>
         <wf lemma="momentuko" pos="X">momentuko</wf>
         <instance id="d000.s1494.t000" lemma="informazio" pos="NOUN">informazioa</instance>
         <wf lemma="da" pos="X">da</wf>
         <wf lemma="hau" pos="X">hau</wf>
         <wf lemma="." pos="X">.</wf>
      </sentence>
      <sentence id="d000.s1495" source="wordnet-basque">
         <wf lemma="dagokion" pos="X">dagokion</wf>
         <instance id="d000.s1495.t000" lemma="agintari" pos="NOUN">agintariaren</instance>
         <wf lemma="menpe" pos="X">menpe</wf>
         <wf lemma="garatuko" pos="X">garatuko</wf>
         <wf lemma="da" pos="X">da</wf>
         <wf lemma="babes" pos="X">babes</wf>
         <wf lemma="zibileko" pos="X">zibileko</wf>
         <wf lemma="boluntarioen" pos="X">boluntarioen</wf>
         <wf lemma="lana" pos="X">lana</wf>
         <wf lemma="." pos="X">.</wf>
      </sentence>
      <sentence id="d000.s1496" source="wordnet-basque">
         <wf lemma="hortik" pos="X">hortik</wf>
         <wf lemma="aurrera" pos="X">aurrera</wf>
         <instance id="d000.s1496.t000" lemma="kolore" pos="NOUN">kolore</instance>
         <wf lemma="bakarra" pos="X">bakarra</wf>
         <wf lemma="izan" pos="X">izan</wf>
         <wf lemma="zuen" pos="X">zuen</wf>
         <wf lemma="partidak" pos="X">partidak</wf>
         <wf lemma="." pos="X">.</wf>
      </sentence>
      <sentence id="d000.s1497" source="wordnet-basque">
         <wf lemma="kontuz" pos="X">kontuz</wf>
         <instance id="d000.s1497.t000" lemma="kale" pos="NOUN">kalea</instance>
         <wf lemma="zeharkatzean" pos="X">zeharkatzean</wf>
         <wf lemma="!" pos="X">!</wf>
      </sentence>
      <sentence id="d000.s1498" source="wordnet-basque">
         <wf lemma="bestalde" pos="X">bestalde</wf>
         <wf lemma="," pos="X">,</wf>
         <wf lemma="EHko" pos="X">EHko</wf>
         <instance id="d000.s1498.t000" lemma="parlamentari" pos="NOUN">parlamentariek</instance>
         <wf lemma="bukatzear" pos="X">bukatzear</wf>
         <wf lemma="dagoen" pos="X">dagoen</wf>
         <wf lemma="ekitaldi" pos="X">ekitaldi</wf>
         <wf lemma="politikoaren" pos="X">politikoaren</wf>
         <wf lemma="azterketa" pos="X">azterketa</wf>
         <wf lemma="egin" pos="X">egin</wf>
         <wf lemma="zuten" pos="X">zuten</wf>
         <wf lemma="atzo" pos="X">atzo</wf>
         <wf lemma="." pos="X">.</wf>
      </sentence>
      <sentence id="d000.s1499" source="wordnet-basque">
         <wf lemma="Zarautz" pos="X">Zarautz</wf>
         <wf lemma="edo" pos="X">edo</wf>
         <wf lemma="Amurrioko" pos="X">Amurrioko</wf>
         <wf lemma="Udaletan" pos="X">Udaletan</wf>
         <wf lemma="PP" pos="X">PP</wf>
         <wf lemma="eta" pos="X">eta</wf>
         <wf lemma="PSOE" pos="X">PSOE</wf>
         <wf lemma="gobernu" pos="X">gobernu</wf>
         <instance id="d000.s1499.t000" lemma="batzorde" pos="NOUN">batzordean</instance>
         <wf lemma="daude" pos="X">daude</wf>
         <wf lemma="EHrekin" pos="X">EHrekin</wf>
         <wf lemma="batera" pos="X">batera</wf>
         <wf lemma="." pos="X">.</wf>
      </sentence>
      <sentence id="d000.s1500" source="wordnet-basque">
         <instance id="d000.s1500.t000" lemma="etxe" pos="NOUN">etxetik</instance>
         <wf lemma="atera" pos="X">atera</wf>
         <wf lemma="behar" pos="X">behar</wf>
         <wf lemma="zuela" pos="X">zuela</wf>
         <wf lemma="sentitu" pos="X">sentitu</wf>
         <wf lemma="zuen" pos="X">zuen</wf>
         <wf lemma="." pos="X">.</wf>
      </sentence>
      <sentence id="d000.s1501" source="wordnet-basque">
         <instance id="d000.s1501.t000" lemma="alkate" pos="NOUN">alkateak</instance>
         <wf lemma="baimena" pos="X">baimena</wf>
         <wf lemma="eman" pos="X">eman</wf>
         <wf lemma="zuen" pos="X">zuen</wf>
         <wf lemma="saltoki" pos="X">saltoki</wf>
         <wf lemma="guztiak" pos="X">guztiak</wf>
         <wf lemma="17:30ean" pos="X">17:30ean</wf>
         <wf lemma="ixteko" pos="X">ixteko</wf>
         <wf lemma="." pos="X">.</wf>
      </sentence>
      <sentence id="d000.s1502" source="wordnet-basque">
         <wf lemma="fruitu" pos="X">fruitu</wf>
         <wf lemma="hura" pos="X">hura</wf>
         <wf lemma="jasotzera" pos="X">jasotzera</wf>
         <wf lemma="zihoanean" pos="X">zihoanean</wf>
         <wf lemma="," pos="X">,</wf>
         <wf lemma="itzarri" pos="X">itzarri</wf>
         <wf lemma="eta" pos="X">eta</wf>
         <wf lemma="eten" pos="X">eten</wf>
         <wf lemma="egin" pos="X">egin</wf>
         <wf lemma="zitzaion" pos="X">zitzaion</wf>
         <instance id="d000.s1502.t000" lemma="amets" pos="NOUN">ametsa</instance>
         <wf lemma="." pos="X">.</wf>
      </sentence>
      <sentence id="d000.s1503" source="wordnet-basque">
         <wf lemma="existitzen" pos="X">existitzen</wf>
         <wf lemma="den" pos="X">den</wf>
         <wf lemma="guztia" pos="X">guztia</wf>
         <instance id="d000.s1503.t000" lemma="mundu" pos="NOUN">mundukoa</instance>
         <wf lemma="besterik" pos="X">besterik</wf>
         <wf lemma="ezin" pos="X">ezin</wf>
         <wf lemma="da" pos="X">da</wf>
         <wf lemma="izan" pos="X">izan</wf>
         <wf lemma="." pos="X">.</wf>
      </sentence>
      <sentence id="d000.s1504" source="wordnet-basque">
         <instance id="d000.s1504.t000" lemma="lur" pos="NOUN">lurrak</instance>
         <wf lemma="emankortasuna" pos="X">emankortasuna</wf>
         <wf lemma="galdu" pos="X">galdu</wf>
         <wf lemma="zuen" pos="X">zuen</wf>
         <wf lemma="." pos="X">.</wf>
      </sentence>
      <sentence id="d000.s1505" source="wordnet-basque">
         <wf lemma="Estatu" pos="X">Estatu</wf>
         <wf lemma="Batuetako" pos="X">Batuetako</wf>
         <wf lemma="presidente" pos="X">presidente</wf>
         <wf lemma="Bill" pos="X">Bill</wf>
         <wf lemma="Clintonek" pos="X">Clintonek</wf>
         <wf lemma="antimisilen" pos="X">antimisilen</wf>
         <wf lemma="inguruan" pos="X">inguruan</wf>
         <wf lemma="Pentagonoa" pos="X">Pentagonoa</wf>
         <wf lemma="atontzen" pos="X">atontzen</wf>
         <wf lemma="ari" pos="X">ari</wf>
         <wf lemma="den" pos="X">den</wf>
         <wf lemma="sistema" pos="X">sistema</wf>
         <wf lemma="babesteko" pos="X">babesteko</wf>
         <wf lemma="eskatu" pos="X">eskatu</wf>
         <wf lemma="zion" pos="X">zion</wf>
         <wf lemma="atzo" pos="X">atzo</wf>
         <wf lemma="Europar" pos="X">Europar</wf>
         <instance id="d000.s1505.t000" lemma="batasun" pos="NOUN">Batasunari</instance>
         <wf lemma="Lisboan" pos="X">Lisboan</wf>
         <wf lemma="." pos="X">.</wf>
      </sentence>
      <sentence id="d000.s1506" source="wordnet-basque">
         <wf lemma="jolas" pos="X">jolas</wf>
         <wf lemma="aretoak" pos="X">aretoak</wf>
         <wf lemma="22:30etan" pos="X">22:30etan</wf>
         <wf lemma="," pos="X">,</wf>
         <wf lemma="joko" pos="X">joko</wf>
         <wf lemma="aretoak" pos="X">aretoak</wf>
         <wf lemma="00:30etan" pos="X">00:30etan</wf>
         <wf lemma="," pos="X">,</wf>
         <instance id="d000.s1506.t000" lemma="bingo" pos="NOUN">bingo</instance>
         <wf lemma="aretoak" pos="X">aretoak</wf>
         <wf lemma="03:00etan" pos="X">03:00etan</wf>
         <wf lemma="eta" pos="X">eta</wf>
         <wf lemma="jokorako" pos="X">jokorako</wf>
         <wf lemma="kasinoak" pos="X">kasinoak</wf>
         <wf lemma="04:00etan" pos="X">04:00etan</wf>
         <wf lemma="." pos="X">.</wf>
      </sentence>
      <sentence id="d000.s1507" source="wordnet-basque">
         <wf lemma="Nirvana" pos="X">Nirvana</wf>
         <wf lemma="budistarik" pos="X">budistarik</wf>
         <wf lemma="ez" pos="X">ez</wf>
         <wf lemma="du" pos="X">du</wf>
         <wf lemma="inork" pos="X">inork</wf>
         <wf lemma="eraiki" pos="X">eraiki</wf>
         <wf lemma="munduan" pos="X">munduan</wf>
         <wf lemma="," pos="X">,</wf>
         <wf lemma="ezta" pos="X">ezta</wf>
         <instance id="d000.s1507.t000" lemma="utopia" pos="NOUN">utopia</instance>
         <wf lemma="komunistarik" pos="X">komunistarik</wf>
         <wf lemma="." pos="X">.</wf>
      </sentence>
      <sentence id="d000.s1508" source="wordnet-basque">
         <wf lemma="udaberrian" pos="X">udaberrian</wf>
         <instance id="d000.s1508.t000" lemma="hegoalde" pos="NOUN">hegoaldetik</instance>
         <wf lemma="ifarralderantz" pos="X">ifarralderantz</wf>
         <wf lemma="eta" pos="X">eta</wf>
         <wf lemma="udazkenean" pos="X">udazkenean</wf>
         <wf lemma="ifarraldetik" pos="X">ifarraldetik</wf>
         <wf lemma="hegoalderantz" pos="X">hegoalderantz</wf>
         <wf lemma="hegazti" pos="X">hegazti</wf>
         <wf lemma="ugari" pos="X">ugari</wf>
         <wf lemma="pasatzen" pos="X">pasatzen</wf>
         <wf lemma="da" pos="X">da</wf>
         <wf lemma="gure" pos="X">gure</wf>
         <wf lemma="mendien" pos="X">mendien</wf>
         <wf lemma="eta" pos="X">eta</wf>
         <wf lemma="herrien" pos="X">herrien</wf>
         <wf lemma="gainetik" pos="X">gainetik</wf>
         <wf lemma="." pos="X">.</wf>
      </sentence>
      <sentence id="d000.s1509" source="wordnet-basque">
         <instance id="d000.s1509.t000" lemma="nagusi" pos="NOUN">nagusiek</instance>
         <wf lemma="asmatu" pos="X">asmatu</wf>
         <wf lemma="ditugu" pos="X">ditugu</wf>
         <wf lemma="umekeriak" pos="X">umekeriak</wf>
         <wf lemma="," pos="X">,</wf>
         <wf lemma="ez" pos="X">ez</wf>
         <wf lemma="haurrek" pos="X">haurrek</wf>
         <wf lemma="." pos="X">.</wf>
      </sentence>
      <sentence id="d000.s1510" source="wordnet-basque">
         <wf lemma="gune" pos="X">gune</wf>
         <wf lemma="askeen" pos="X">askeen</wf>
         <wf lemma="eraikigarritasunak" pos="X">eraikigarritasunak</wf>
         <wf lemma="ezingo" pos="X">ezingo</wf>
         <wf lemma="du" pos="X">du</wf>
         <wf lemma="0,02" pos="X">0,02</wf>
         <wf lemma="m2/m2" pos="X">m2/m2</wf>
         <instance id="d000.s1510.t000" lemma="koefiziente" pos="NOUN">koefizientea</instance>
         <wf lemma="baino" pos="X">baino</wf>
         <wf lemma="handiago" pos="X">handiago</wf>
         <wf lemma="izan" pos="X">izan</wf>
         <wf lemma="." pos="X">.</wf>
      </sentence>
      <sentence id="d000.s1511" source="wordnet-basque">
         <wf lemma="lo" pos="X">lo</wf>
         <wf lemma="sakon" pos="X">sakon</wf>
         <wf lemma="batek" pos="X">batek</wf>
         <wf lemma="harrapatu" pos="X">harrapatu</wf>
         <wf lemma="bide" pos="X">bide</wf>
         <wf lemma="zuen" pos="X">zuen</wf>
         <wf lemma="," pos="X">,</wf>
         <wf lemma="iratzargailuak" pos="X">iratzargailuak</wf>
         <wf lemma="jo" pos="X">jo</wf>
         <wf lemma="zuenean" pos="X">zuenean</wf>
         <wf lemma="," pos="X">,</wf>
         <wf lemma="ametsetan" pos="X">ametsetan</wf>
         <wf lemma="-eta" pos="X">-eta</wf>
         <wf lemma="ez" pos="X">ez</wf>
         <instance id="d000.s1511.t000" lemma="errealitate" pos="NOUN">errealitatean</instance>
         <wf lemma="-" pos="X">-</wf>
         <wf lemma="entzun" pos="X">entzun</wf>
         <wf lemma="uste" pos="X">uste</wf>
         <wf lemma="izan" pos="X">izan</wf>
         <wf lemma="baitzuen" pos="X">baitzuen</wf>
         <wf lemma="haren" pos="X">haren</wf>
         <wf lemma="txirrina" pos="X">txirrina</wf>
         <wf lemma="." pos="X">.</wf>
      </sentence>
      <sentence id="d000.s1512" source="wordnet-basque">
         <wf lemma="poztasun" pos="X">poztasun</wf>
         <instance id="d000.s1512.t000" lemma="puntu" pos="NOUN">puntu</instance>
         <wf lemma="bat" pos="X">bat</wf>
         <wf lemma="nabari" pos="X">nabari</wf>
         <wf lemma="zitzaion" pos="X">zitzaion</wf>
         <wf lemma="." pos="X">.</wf>
      </sentence>
      <sentence id="d000.s1513" source="wordnet-basque">
         <wf lemma="horizontea" pos="X">horizontea</wf>
         <instance id="d000.s1513.t000" lemma="lerro" pos="NOUN">lerro</instance>
         <wf lemma="gorria" pos="X">gorria</wf>
         <wf lemma="besterik" pos="X">besterik</wf>
         <wf lemma="ez" pos="X">ez</wf>
         <wf lemma="zenean" pos="X">zenean</wf>
         <wf lemma="begiratu" pos="X">begiratu</wf>
         <wf lemma="zuen" pos="X">zuen</wf>
         <wf lemma="atzera" pos="X">atzera</wf>
         <wf lemma="," pos="X">,</wf>
         <wf lemma="inoiz" pos="X">inoiz</wf>
         <wf lemma="itzuliko" pos="X">itzuliko</wf>
         <wf lemma="ez" pos="X">ez</wf>
         <wf lemma="zelako" pos="X">zelako</wf>
         <wf lemma="begiratu" pos="X">begiratu</wf>
         <wf lemma="lehor" pos="X">lehor</wf>
         <wf lemma="eta" pos="X">eta</wf>
         <wf lemma="saminik" pos="X">saminik</wf>
         <wf lemma="gabekoaz" pos="X">gabekoaz</wf>
         <wf lemma="." pos="X">.</wf>
      </sentence>
      <sentence id="d000.s1514" source="wordnet-basque">
         <wf lemma="euskararen" pos="X">euskararen</wf>
         <wf lemma="ikaskuntza" pos="X">ikaskuntza</wf>
         <wf lemma="eta" pos="X">eta</wf>
         <wf lemma="erabilera" pos="X">erabilera</wf>
         <wf lemma="sustatzeari" pos="X">sustatzeari</wf>
         <wf lemma="buruz" pos="X">buruz</wf>
         <wf lemma="biztanleriak" pos="X">biztanleriak</wf>
         <wf lemma="dituen" pos="X">dituen</wf>
         <instance id="d000.s1514.t000" lemma="jarrera" pos="NOUN">jarrerak</instance>
         <wf lemma="aztertu" pos="X">aztertu</wf>
         <wf lemma="dira" pos="X">dira</wf>
         <wf lemma="." pos="X">.</wf>
      </sentence>
      <sentence id="d000.s1515" source="wordnet-basque">
         <wf lemma="Lehenbizi" pos="X">Lehenbizi</wf>
         <wf lemma="Juliak" pos="X">Juliak</wf>
         <wf lemma="," pos="X">,</wf>
         <wf lemma="burua" pos="X">burua</wf>
         <wf lemma="atzera" pos="X">atzera</wf>
         <wf lemma="botaz" pos="X">botaz</wf>
         <wf lemma="," pos="X">,</wf>
         <wf lemma="oso" pos="X">oso</wf>
         <wf lemma="ondo" pos="X">ondo</wf>
         <wf lemma="daramazu" pos="X">daramazu</wf>
         <wf lemma="edo" pos="X">edo</wf>
         <wf lemma="oso" pos="X">oso</wf>
         <instance id="d000.s1515.t000" lemma="itxura" pos="NOUN">itxura</instance>
         <wf lemma="ona" pos="X">ona</wf>
         <wf lemma="daukazu" pos="X">daukazu</wf>
         <wf lemma="," pos="X">,</wf>
         <wf lemma="eta" pos="X">eta</wf>
         <wf lemma="pozten" pos="X">pozten</wf>
         <wf lemma="naiz" pos="X">naiz</wf>
         <wf lemma="esan" pos="X">esan</wf>
         <wf lemma="zuen" pos="X">zuen</wf>
         <wf lemma="." pos="X">.</wf>
      </sentence>
      <sentence id="d000.s1516" source="wordnet-basque">
         <wf lemma="lehen" pos="X">lehen</wf>
         <instance id="d000.s1516.t000" lemma="zati" pos="NOUN">zatia</instance>
         <wf lemma="20-23" pos="X">20-23</wf>
         <wf lemma="amaitu" pos="X">amaitu</wf>
         <wf lemma="ondoren" pos="X">ondoren</wf>
         <wf lemma="," pos="X">,</wf>
         <wf lemma="arauzko" pos="X">arauzko</wf>
         <wf lemma="denboran" pos="X">denboran</wf>
         <wf lemma="39-39" pos="X">39-39</wf>
         <wf lemma="berdindu" pos="X">berdindu</wf>
         <wf lemma="zuten" pos="X">zuten</wf>
         <wf lemma="." pos="X">.</wf>
      </sentence>
      <sentence id="d000.s1517" source="wordnet-basque">
         <wf lemma="egun" pos="X">egun</wf>
         <wf lemma="osoa" pos="X">osoa</wf>
         <wf lemma="ezkutaketan" pos="X">ezkutaketan</wf>
         <wf lemma="eta" pos="X">eta</wf>
         <instance id="d000.s1517.t000" lemma="saskibaloi" pos="NOUN">saskibaloian</instance>
         <wf lemma="jolasten" pos="X">jolasten</wf>
         <wf lemma="pasatuko" pos="X">pasatuko</wf>
         <wf lemma="lukete" pos="X">lukete</wf>
         <wf lemma="." pos="X">.</wf>
      </sentence>
      <sentence id="d000.s1518" source="wordnet-basque">
         <wf lemma="pintoreak" pos="X">pintoreak</wf>
         <wf lemma="," pos="X">,</wf>
         <instance id="d000.s1518.t000" lemma="argi" pos="NOUN">argia</instance>
         <wf lemma="atzemateko" pos="X">atzemateko</wf>
         <wf lemma="borrokan" pos="X">borrokan</wf>
         <wf lemma="lehiatuko" pos="X">lehiatuko</wf>
         <wf lemma="dira" pos="X">dira</wf>
         <wf lemma="," pos="X">,</wf>
         <wf lemma="ulertuz" pos="X">ulertuz</wf>
         <wf lemma="ororen" pos="X">ororen</wf>
         <wf lemma="azpian" pos="X">azpian</wf>
         <wf lemma="dagoela" pos="X">dagoela</wf>
         <wf lemma="." pos="X">.</wf>
      </sentence>
      <sentence id="d000.s1519" source="wordnet-basque">
         <wf lemma="baina" pos="X">baina</wf>
         <instance id="d000.s1519.t000" lemma="amets" pos="NOUN">amets</instance>
         <wf lemma="edo" pos="X">edo</wf>
         <wf lemma="zorabio" pos="X">zorabio</wf>
         <wf lemma="dionisiakoan" pos="X">dionisiakoan</wf>
         <wf lemma="guzi" pos="X">guzi</wf>
         <wf lemma="honen" pos="X">honen</wf>
         <wf lemma="barnea" pos="X">barnea</wf>
         <wf lemma="eta" pos="X">eta</wf>
         <wf lemma="hondoa" pos="X">hondoa</wf>
         <wf lemma="sumatzen" pos="X">sumatzen</wf>
         <wf lemma="du" pos="X">du</wf>
         <wf lemma="." pos="X">.</wf>
      </sentence>
      <sentence id="d000.s1520" source="wordnet-basque">
         <wf lemma="uhartea" pos="X">uhartea</wf>
         <wf lemma="ingeles-normandiar" pos="X">ingeles-normandiar</wf>
         <wf lemma="uharteetatik" pos="X">uharteetatik</wf>
         <wf lemma="20" pos="X">20</wf>
         <wf lemma="kilometro" pos="X">kilometro</wf>
         <wf lemma="mendebaldean" pos="X">mendebaldean</wf>
         <wf lemma="eta" pos="X">eta</wf>
         <wf lemma="La" pos="X">La</wf>
         <wf lemma="Hagueko" pos="X">Hagueko</wf>
         <wf lemma="kosta" pos="X">kosta</wf>
         <instance id="d000.s1520.t000" lemma="mutur" pos="NOUN">muturretik</instance>
         <wf lemma="35" pos="X">35</wf>
         <wf lemma="kilometro" pos="X">kilometro</wf>
         <wf lemma="itsasaldera" pos="X">itsasaldera</wf>
         <wf lemma="aurkitzen" pos="X">aurkitzen</wf>
         <wf lemma="da" pos="X">da</wf>
         <wf lemma="." pos="X">.</wf>
      </sentence>
      <sentence id="d000.s1521" source="wordnet-basque">
         <wf lemma="maisu" pos="X">maisu</wf>
         <instance id="d000.s1521.t000" lemma="zigor" pos="NOUN">zigorra</instance>
         <wf lemma=":" pos="X">:</wf>
         <wf lemma="maisu" pos="X">maisu</wf>
         <wf lemma="makila" pos="X">makila</wf>
         <wf lemma="." pos="X">.</wf>
      </sentence>
      <sentence id="d000.s1522" source="wordnet-basque">
         <wf lemma="adjektibo" pos="X">adjektibo</wf>
         <wf lemma="bat" pos="X">bat</wf>
         <instance id="d000.s1522.t000" lemma="izen" pos="NOUN">izen</instance>
         <wf lemma="bati" pos="X">bati</wf>
         <wf lemma="baino" pos="X">baino</wf>
         <wf lemma="gehiagori" pos="X">gehiagori</wf>
         <wf lemma="dagokionean" pos="X">dagokionean</wf>
         <wf lemma="," pos="X">,</wf>
         <wf lemma="pluralean" pos="X">pluralean</wf>
         <wf lemma="jarriko" pos="X">jarriko</wf>
         <wf lemma="da" pos="X">da</wf>
         <wf lemma="." pos="X">.</wf>
      </sentence>
      <sentence id="d000.s1523" source="wordnet-basque">
         <wf lemma="militar" pos="X">militar</wf>
         <wf lemma="errusiarrek" pos="X">errusiarrek</wf>
         <wf lemma="atzo" pos="X">atzo</wf>
         <wf lemma="jakinarazi" pos="X">jakinarazi</wf>
         <wf lemma="zutenez" pos="X">zutenez</wf>
         <wf lemma="," pos="X">,</wf>
         <wf lemma="Serzhen-Yurt" pos="X">Serzhen-Yurt</wf>
         <wf lemma="aldean" pos="X">aldean</wf>
         <wf lemma="zeuden" pos="X">zeuden</wf>
         <wf lemma="gerrillarien" pos="X">gerrillarien</wf>
         <wf lemma="kontrako" pos="X">kontrako</wf>
         <instance id="d000.s1523.t000" lemma="borroka" pos="NOUN">borrokak</instance>
         <wf lemma="bukatu" pos="X">bukatu</wf>
         <wf lemma="egin" pos="X">egin</wf>
         <wf lemma="dira" pos="X">dira</wf>
         <wf lemma="." pos="X">.</wf>
      </sentence>
      <sentence id="d000.s1524" source="wordnet-basque">
         <wf lemma="jatorrizko" pos="X">jatorrizko</wf>
         <wf lemma="bekatua" pos="X">bekatua</wf>
         <wf lemma="," pos="X">,</wf>
         <wf lemma="fedezko" pos="X">fedezko</wf>
         <wf lemma="sakramentuen" pos="X">sakramentuen</wf>
         <wf lemma="eta" pos="X">eta</wf>
         <instance id="d000.s1524.t000" lemma="obra" pos="NOUN">obra</instance>
         <wf lemma="onen" pos="X">onen</wf>
         <wf lemma="bidezko" pos="X">bidezko</wf>
         <wf lemma="salbamena" pos="X">salbamena</wf>
         <wf lemma="dira" pos="X">dira</wf>
         <wf lemma="katolizismoaren" pos="X">katolizismoaren</wf>
         <wf lemma="dogma" pos="X">dogma</wf>
         <wf lemma="nagusi" pos="X">nagusi</wf>
         <wf lemma="bi" pos="X">bi</wf>
         <wf lemma="." pos="X">.</wf>
      </sentence>
      <sentence id="d000.s1525" source="wordnet-basque">
         <wf lemma="izotz" pos="X">izotz</wf>
         <instance id="d000.s1525.t000" lemma="masa" pos="NOUN">masa</instance>
         <wf lemma="izugarria" pos="X">izugarria</wf>
         <wf lemma="." pos="X">.</wf>
      </sentence>
      <sentence id="d000.s1526" source="wordnet-basque">
         <wf lemma="fiskal" pos="X">fiskal</wf>
         <wf lemma="batek" pos="X">batek</wf>
         <wf lemma="hamar" pos="X">hamar</wf>
         <wf lemma="urteko" pos="X">urteko</wf>
         <wf lemma="espetxe" pos="X">espetxe</wf>
         <wf lemma="zigorra" pos="X">zigorra</wf>
         <wf lemma="eskatu" pos="X">eskatu</wf>
         <wf lemma="berri" pos="X">berri</wf>
         <wf lemma="du" pos="X">du</wf>
         <wf lemma="Fethullah" pos="X">Fethullah</wf>
         <wf lemma="Gulen" pos="X">Gulen</wf>
         <instance id="d000.s1526.t000" lemma="sekta" pos="NOUN">sekta</instance>
         <wf lemma="musulman" pos="X">musulman</wf>
         <wf lemma="bateko" pos="X">bateko</wf>
         <wf lemma="buruzagiarentzat" pos="X">buruzagiarentzat</wf>
         <wf lemma="." pos="X">.</wf>
      </sentence>
      <sentence id="d000.s1527" source="wordnet-basque">
         <wf lemma="Israelgo" pos="X">Israelgo</wf>
         <instance id="d000.s1527.t000" lemma="ume" pos="NOUN">umeak</instance>
         <wf lemma="." pos="X">.</wf>
      </sentence>
      <sentence id="d000.s1528" source="wordnet-basque">
         <wf lemma="Barlasaien" pos="X">Barlasaien</wf>
         <wf lemma="molduran" pos="X">molduran</wf>
         <instance id="d000.s1528.t000" lemma="gol" pos="NOUN">gola</instance>
         <wf lemma="eta" pos="X">eta</wf>
         <wf lemma="listela" pos="X">listela</wf>
         <wf lemma="daude" pos="X">daude</wf>
         <wf lemma="." pos="X">.</wf>
      </sentence>
      <sentence id="d000.s1529" source="wordnet-basque">
         <wf lemma="eskolan" pos="X">eskolan</wf>
         <wf lemma="hamasei" pos="X">hamasei</wf>
         <wf lemma="urte" pos="X">urte</wf>
         <wf lemma="eman" pos="X">eman</wf>
         <wf lemma="dituena" pos="X">dituena</wf>
         <wf lemma="," pos="X">,</wf>
         <wf lemma="lanbidez" pos="X">lanbidez</wf>
         <wf lemma="apaiza" pos="X">apaiza</wf>
         <wf lemma="eta" pos="X">eta</wf>
         <instance id="d000.s1529.t000" lemma="seminario" pos="NOUN">seminarioko</instance>
         <wf lemma="irakasle" pos="X">irakasle</wf>
         <wf lemma="da" pos="X">da</wf>
         <wf lemma="." pos="X">.</wf>
      </sentence>
      <sentence id="d000.s1530" source="wordnet-basque">
         <wf lemma="bost" pos="X">bost</wf>
         <wf lemma="partida" pos="X">partida</wf>
         <wf lemma="daramatzate" pos="X">daramatzate</wf>
         <wf lemma="irabazi" pos="X">irabazi</wf>
         <wf lemma="gabe" pos="X">gabe</wf>
         <wf lemma="," pos="X">,</wf>
         <wf lemma="eta" pos="X">eta</wf>
         <wf lemma="sailkapeneko" pos="X">sailkapeneko</wf>
         <wf lemma="11." pos="X">11.</wf>
         <wf lemma="postua" pos="X">postua</wf>
         <wf lemma="betetzen" pos="X">betetzen</wf>
         <wf lemma="dute" pos="X">dute</wf>
         <wf lemma="," pos="X">,</wf>
         <wf lemma="39" pos="X">39</wf>
         <instance id="d000.s1530.t000" lemma="puntu" pos="NOUN">punturekin</instance>
         <wf lemma="." pos="X">.</wf>
      </sentence>
      <sentence id="d000.s1531" source="wordnet-basque">
         <wf lemma="etxebizitza" pos="X">etxebizitza</wf>
         <wf lemma="eta" pos="X">eta</wf>
         <wf lemma="bulegoz" pos="X">bulegoz</wf>
         <wf lemma="jositako" pos="X">jositako</wf>
         <instance id="d000.s1531.t000" lemma="eraikuntza" pos="NOUN">eraikuntza</instance>
         <wf lemma="garaiak" pos="X">garaiak</wf>
         <wf lemma="ditu" pos="X">ditu</wf>
         <wf lemma="." pos="X">.</wf>
      </sentence>
      <sentence id="d000.s1532" source="wordnet-basque">
         <wf lemma="agiri" pos="X">agiri</wf>
         <wf lemma="honen" pos="X">honen</wf>
         <wf lemma="bidez" pos="X">bidez</wf>
         <wf lemma="ere" pos="X">ere</wf>
         <wf lemma="lagun" pos="X">lagun</wf>
         <wf lemma="eta" pos="X">eta</wf>
         <wf lemma="senitartekoei" pos="X">senitartekoei</wf>
         <wf lemma="gure" pos="X">gure</wf>
         <instance id="d000.s1532.t000" lemma="dolumin" pos="NOUN">doluminik</instance>
         <wf lemma="sentituenak" pos="X">sentituenak</wf>
         <wf lemma="helarazi" pos="X">helarazi</wf>
         <wf lemma="nahi" pos="X">nahi</wf>
         <wf lemma="dizkiegu" pos="X">dizkiegu</wf>
         <wf lemma="." pos="X">.</wf>
      </sentence>
      <sentence id="d000.s1533" source="wordnet-basque">
         <wf lemma="haien" pos="X">haien</wf>
         <instance id="d000.s1533.t000" lemma="abokatu" pos="NOUN">abokatuak</instance>
         <wf lemma="salatu" pos="X">salatu</wf>
         <wf lemma="du" pos="X">du</wf>
         <wf lemma="ez" pos="X">ez</wf>
         <wf lemma="dela" pos="X">dela</wf>
         <wf lemma="kontuan" pos="X">kontuan</wf>
         <wf lemma="izan" pos="X">izan</wf>
         <wf lemma="adin" pos="X">adin</wf>
         <wf lemma="txikikoak" pos="X">txikikoak</wf>
         <wf lemma="izatea" pos="X">izatea</wf>
         <wf lemma="," pos="X">,</wf>
         <wf lemma="eta" pos="X">eta</wf>
         <wf lemma="," pos="X">,</wf>
         <wf lemma="haien" pos="X">haien</wf>
         <wf lemma="eskubideak" pos="X">eskubideak</wf>
         <wf lemma="urratu" pos="X">urratu</wf>
         <wf lemma="direla" pos="X">direla</wf>
         <wf lemma="hasieratik" pos="X">hasieratik</wf>
         <wf lemma="." pos="X">.</wf>
      </sentence>
      <sentence id="d000.s1534" source="wordnet-basque">
         <wf lemma="Mendiluzek" pos="X">Mendiluzek</wf>
         <wf lemma="neurri" pos="X">neurri</wf>
         <wf lemma="txikiko" pos="X">txikiko</wf>
         <wf lemma="bertsorik" pos="X">bertsorik</wf>
         <wf lemma="onenaren" pos="X">onenaren</wf>
         <wf lemma="saria" pos="X">saria</wf>
         <wf lemma="jaso" pos="X">jaso</wf>
         <wf lemma="eta" pos="X">eta</wf>
         <wf lemma="plakaren" pos="X">plakaren</wf>
         <instance id="d000.s1534.t000" lemma="testu" pos="NOUN">testua</instance>
         <wf lemma="irakurtzeko" pos="X">irakurtzeko</wf>
         <wf lemma="betarik" pos="X">betarik</wf>
         <wf lemma="ere" pos="X">ere</wf>
         <wf lemma="ez" pos="X">ez</wf>
         <wf lemma="zuen" pos="X">zuen</wf>
         <wf lemma="izan" pos="X">izan</wf>
         <wf lemma="." pos="X">.</wf>
      </sentence>
      <sentence id="d000.s1535" source="wordnet-basque">
         <wf lemma="agiriaren" pos="X">agiriaren</wf>
         <instance id="d000.s1535.t000" lemma="huts" pos="NOUN">hutsak</instance>
         <wf lemma="ageri-agerikoak" pos="X">ageri-agerikoak</wf>
         <wf lemma="dira" pos="X">dira</wf>
         <wf lemma="," pos="X">,</wf>
         <wf lemma="batez" pos="X">batez</wf>
         <wf lemma="ere" pos="X">ere</wf>
         <wf lemma="eskubide" pos="X">eskubide</wf>
         <wf lemma="sozialei" pos="X">sozialei</wf>
         <wf lemma="dagokien" pos="X">dagokien</wf>
         <wf lemma="arloan" pos="X">arloan</wf>
         <wf lemma="." pos="X">.</wf>
      </sentence>
      <sentence id="d000.s1536" source="wordnet-basque">
         <wf lemma="herrira" pos="X">herrira</wf>
         <wf lemma="itzuli" pos="X">itzuli</wf>
         <wf lemma="eta" pos="X">eta</wf>
         <wf lemma="neure" pos="X">neure</wf>
         <instance id="d000.s1536.t000" lemma="bizi" pos="NOUN">bizia</instance>
         <wf lemma="goitik" pos="X">goitik</wf>
         <wf lemma="behera" pos="X">behera</wf>
         <wf lemma="aldatu" pos="X">aldatu</wf>
         <wf lemma="nuen" pos="X">nuen</wf>
         <wf lemma="." pos="X">.</wf>
      </sentence>
      <sentence id="d000.s1537" source="wordnet-basque">
         <wf lemma="poligrafo" pos="X">poligrafo</wf>
         <wf lemma="alemaniar" pos="X">alemaniar</wf>
         <wf lemma="hau" pos="X">hau</wf>
         <instance id="d000.s1537.t000" lemma="eskola" pos="NOUN">eskola</instance>
         <wf lemma="handiko" pos="X">handiko</wf>
         <wf lemma="gizona" pos="X">gizona</wf>
         <wf lemma="zen" pos="X">zen</wf>
         <wf lemma="." pos="X">.</wf>
      </sentence>
      <sentence id="d000.s1538" source="wordnet-basque">
         <wf lemma="psikoanalisia" pos="X">psikoanalisia</wf>
         <wf lemma="ondo" pos="X">ondo</wf>
         <wf lemma="ikusten" pos="X">ikusten</wf>
         <wf lemma="dut" pos="X">dut</wf>
         <wf lemma="," pos="X">,</wf>
         <wf lemma="zentzurik" pos="X">zentzurik</wf>
         <wf lemma="ez" pos="X">ez</wf>
         <wf lemma="dagoen" pos="X">dagoen</wf>
         <instance id="d000.s1538.t000" lemma="toki" pos="NOUN">tokian</instance>
         <wf lemma="zentzua" pos="X">zentzua</wf>
         <wf lemma="aurkitzen" pos="X">aurkitzen</wf>
         <wf lemma="saiatzen" pos="X">saiatzen</wf>
         <wf lemma="bait" pos="X">bait</wf>
         <wf lemma="da" pos="X">da</wf>
         <wf lemma="." pos="X">.</wf>
      </sentence>
      <sentence id="d000.s1539" source="wordnet-basque">
         <wf lemma="ustez" pos="X">ustez</wf>
         <wf lemma="Octaviano" pos="X">Octaviano</wf>
         <wf lemma="denaren" pos="X">denaren</wf>
         <instance id="d000.s1539.t000" lemma="aho" pos="NOUN">ahoan</instance>
         <wf lemma="jartzen" pos="X">jartzen</wf>
         <wf lemma="den" pos="X">den</wf>
         <wf lemma="lerroak" pos="X">lerroak</wf>
         <wf lemma="honako" pos="X">honako</wf>
         <wf lemma="gehiketa" pos="X">gehiketa</wf>
         <wf lemma="hau" pos="X">hau</wf>
         <wf lemma="erakusten" pos="X">erakusten</wf>
         <wf lemma="du" pos="X">du</wf>
         <wf lemma=":" pos="X">:</wf>
         <wf lemma="ia" pos="X">ia</wf>
         <wf lemma="," pos="X">,</wf>
         <wf lemma="gaztiak" pos="X">gaztiak</wf>
         <wf lemma="!" pos="X">!</wf>
         <wf lemma="basoratu" pos="X">basoratu</wf>
         <wf lemma="zeuen" pos="X">zeuen</wf>
         <wf lemma="beyak" pos="X">beyak</wf>
         <wf lemma="," pos="X">,</wf>
         <wf lemma="buztartu" pos="X">buztartu</wf>
         <wf lemma="idijak" pos="X">idijak</wf>
         <wf lemma="," pos="X">,</wf>
         <wf lemma="eta" pos="X">eta</wf>
         <wf lemma="bixi" pos="X">bixi</wf>
         <wf lemma="zaiteze" pos="X">zaiteze</wf>
         <wf lemma="," pos="X">,</wf>
         <wf lemma="nai" pos="X">nai</wf>
         <wf lemma="legez" pos="X">legez</wf>
         <wf lemma="," pos="X">,</wf>
         <wf lemma="zeuen" pos="X">zeuen</wf>
         <wf lemma="lurretan" pos="X">lurretan</wf>
         <wf lemma="." pos="X">.</wf>
      </sentence>
      <sentence id="d000.s1540" source="wordnet-basque">
         <wf lemma="Manuel" pos="X">Manuel</wf>
         <wf lemma="Lekuonaren" pos="X">Lekuonaren</wf>
         <wf lemma="omenez" pos="X">omenez</wf>
         <wf lemma="," pos="X">,</wf>
         <wf lemma="idazle" pos="X">idazle</wf>
         <wf lemma="eta" pos="X">eta</wf>
         <wf lemma="jakintsu" pos="X">jakintsu</wf>
         <wf lemma="oiartzuarraren" pos="X">oiartzuarraren</wf>
         <wf lemma="jaiotzaren" pos="X">jaiotzaren</wf>
         <instance id="d000.s1540.t000" lemma="mendeurren" pos="NOUN">mendeurrenean</instance>
         <wf lemma="," pos="X">,</wf>
         <wf lemma="ahozkotasuna" pos="X">ahozkotasuna</wf>
         <wf lemma="aztergai" pos="X">aztergai</wf>
         <wf lemma="." pos="X">.</wf>
      </sentence>
      <sentence id="d000.s1541" source="wordnet-basque">
         <wf lemma="Aita" pos="X">Aita</wf>
         <wf lemma="Santuak" pos="X">Santuak</wf>
         <instance id="d000.s1541.t000" lemma="min" pos="NOUN">minez</instance>
         <wf lemma="jaso" pos="X">jaso</wf>
         <wf lemma="du" pos="X">du</wf>
         <wf lemma="Madrilen" pos="X">Madrilen</wf>
         <wf lemma="egin" pos="X">egin</wf>
         <wf lemma="den" pos="X">den</wf>
         <wf lemma="eta" pos="X">eta</wf>
         <wf lemma="hiru" pos="X">hiru</wf>
         <wf lemma="pertsona" pos="X">pertsona</wf>
         <wf lemma="hil" pos="X">hil</wf>
         <wf lemma="eta" pos="X">eta</wf>
         <wf lemma="hainbat" pos="X">hainbat</wf>
         <wf lemma="zauritu" pos="X">zauritu</wf>
         <wf lemma="dituen" pos="X">dituen</wf>
         <wf lemma="atentatu" pos="X">atentatu</wf>
         <wf lemma="berri" pos="X">berri</wf>
         <wf lemma="hori" pos="X">hori</wf>
         <wf lemma="." pos="X">.</wf>
      </sentence>
      <sentence id="d000.s1542" source="wordnet-basque">
         <instance id="d000.s1542.t000" lemma="pila" pos="NOUN">pilaz</instance>
         <wf lemma="dabilen" pos="X">dabilen</wf>
         <wf lemma="jostailu" pos="X">jostailu</wf>
         <wf lemma="bat" pos="X">bat</wf>
         <wf lemma="gelan" pos="X">gelan</wf>
         <wf lemma="zehar" pos="X">zehar</wf>
         <wf lemma="mugitzen" pos="X">mugitzen</wf>
         <wf lemma="ari" pos="X">ari</wf>
         <wf lemma="da" pos="X">da</wf>
         <wf lemma="." pos="X">.</wf>
      </sentence>
      <sentence id="d000.s1543" source="wordnet-basque">
         <wf lemma="bi" pos="X">bi</wf>
         <wf lemma="mila" pos="X">mila</wf>
         <wf lemma="orduko" pos="X">orduko</wf>
         <wf lemma="'" pos="X">'</wf>
         <wf lemma="elkarrizketa" pos="X">elkarrizketa</wf>
         <instance id="d000.s1543.t000" lemma="maratoi" pos="NOUN">maratoia</instance>
         <wf lemma="'" pos="X">'</wf>
         <wf lemma="abiatu" pos="X">abiatu</wf>
         <wf lemma="du" pos="X">du</wf>
         <wf lemma="Elkarri-k" pos="X">Elkarri-k</wf>
         <wf lemma="." pos="X">.</wf>
      </sentence>
      <sentence id="d000.s1544" source="wordnet-basque">
         <wf lemma="beste" pos="X">beste</wf>
         <wf lemma="20.000" pos="X">20.000</wf>
         <wf lemma="inguru" pos="X">inguru</wf>
         <wf lemma="manifestarik" pos="X">manifestarik</wf>
         <wf lemma="mendekua" pos="X">mendekua</wf>
         <wf lemma="eskatu" pos="X">eskatu</wf>
         <wf lemma="zuten" pos="X">zuten</wf>
         <instance id="d000.s1544.t000" lemma="oihu" pos="NOUN">oihu</instance>
         <wf lemma="eginez" pos="X">eginez</wf>
         <wf lemma="." pos="X">.</wf>
      </sentence>
      <sentence id="d000.s1545" source="wordnet-basque">
         <wf lemma="alabaina" pos="X">alabaina</wf>
         <wf lemma="," pos="X">,</wf>
         <wf lemma="gure" pos="X">gure</wf>
         <wf lemma="behaketek" pos="X">behaketek</wf>
         <wf lemma="geure" pos="X">geure</wf>
         <wf lemma="planetaren" pos="X">planetaren</wf>
         <instance id="d000.s1545.t000" lemma="muga" pos="NOUN">mugak</instance>
         <wf lemma="gainditzen" pos="X">gainditzen</wf>
         <wf lemma="ez" pos="X">ez</wf>
         <wf lemma="badituzte" pos="X">badituzte</wf>
         <wf lemma="bakarrik" pos="X">bakarrik</wf>
         <wf lemma="iristen" pos="X">iristen</wf>
         <wf lemma="gara" pos="X">gara</wf>
         <wf lemma="ondorio" pos="X">ondorio</wf>
         <wf lemma="honetara" pos="X">honetara</wf>
         <wf lemma="." pos="X">.</wf>
      </sentence>
      <sentence id="d000.s1546" source="wordnet-basque">
         <wf lemma="pertsona" pos="X">pertsona</wf>
         <wf lemma="baten" pos="X">baten</wf>
         <instance id="d000.s1546.t000" lemma="neurri" pos="NOUN">neurria</instance>
         <wf lemma="du" pos="X">du</wf>
         <wf lemma="eta" pos="X">eta</wf>
         <wf lemma="elastikoaren" pos="X">elastikoaren</wf>
         <wf lemma="koloreak" pos="X">koloreak</wf>
         <wf lemma="zurigorriak" pos="X">zurigorriak</wf>
         <wf lemma="ditu" pos="X">ditu</wf>
         <wf lemma="." pos="X">.</wf>
      </sentence>
      <sentence id="d000.s1547" source="wordnet-basque">
         <wf lemma="gaian" pos="X">gaian</wf>
         <instance id="d000.s1547.t000" lemma="zerikusi" pos="NOUN">zerikusia</instance>
         <wf lemma="duten" pos="X">duten</wf>
         <wf lemma="lekukoek" pos="X">lekukoek</wf>
         <wf lemma="," pos="X">,</wf>
         <wf lemma="eta" pos="X">eta</wf>
         <wf lemma="Castejon" pos="X">Castejon</wf>
         <wf lemma="ez" pos="X">ez</wf>
         <wf lemma="beste" pos="X">beste</wf>
         <wf lemma="inkulpatuek" pos="X">inkulpatuek</wf>
         <wf lemma="deklaratu" pos="X">deklaratu</wf>
         <wf lemma="dute" pos="X">dute</wf>
         <wf lemma="." pos="X">.</wf>
      </sentence>
      <sentence id="d000.s1548" source="wordnet-basque">
         <wf lemma="angelu" pos="X">angelu</wf>
         <wf lemma="horrek" pos="X">horrek</wf>
         <wf lemma="30" pos="X">30</wf>
         <instance id="d000.s1548.t000" lemma="minutu" pos="NOUN">minutu</instance>
         <wf lemma="ditu" pos="X">ditu</wf>
         <wf lemma="." pos="X">.</wf>
      </sentence>
      <sentence id="d000.s1549" source="wordnet-basque">
         <wf lemma="emakumezkoek" pos="X">emakumezkoek</wf>
         <wf lemma="bi" pos="X">bi</wf>
         <instance id="d000.s1549.t000" lemma="itzuli" pos="NOUN">itzuli</instance>
         <wf lemma="eman" pos="X">eman</wf>
         <wf lemma="behar" pos="X">behar</wf>
         <wf lemma="izan" pos="X">izan</wf>
         <wf lemma="zizkioten" pos="X">zizkioten</wf>
         <wf lemma="15,6" pos="X">15,6</wf>
         <wf lemma="kilometroko" pos="X">kilometroko</wf>
         <wf lemma="barrutiari" pos="X">barrutiari</wf>
         <wf lemma="." pos="X">.</wf>
      </sentence>
      <sentence id="d000.s1550" source="wordnet-basque">
         <wf lemma="lehen" pos="X">lehen</wf>
         <wf lemma="," pos="X">,</wf>
         <wf lemma="ez" pos="X">ez</wf>
         <wf lemma="zen" pos="X">zen</wf>
         <wf lemma="ikuilutan" pos="X">ikuilutan</wf>
         <instance id="d000.s1550.t000" lemma="ahari" pos="NOUN">ahari</instance>
         <wf lemma="nahiz" pos="X">nahiz</wf>
         <wf lemma="akerrik" pos="X">akerrik</wf>
         <wf lemma="faltatu" pos="X">faltatu</wf>
         <wf lemma="behar" pos="X">behar</wf>
         <wf lemma=";" pos="X">;</wf>
         <wf lemma="beltza" pos="X">beltza</wf>
         <wf lemma="balitz" pos="X">balitz</wf>
         <wf lemma="akerra" pos="X">akerra</wf>
         <wf lemma="," pos="X">,</wf>
         <wf lemma="are" pos="X">are</wf>
         <wf lemma="eta" pos="X">eta</wf>
         <wf lemma="hobeto" pos="X">hobeto</wf>
         <wf lemma="." pos="X">.</wf>
      </sentence>
      <sentence id="d000.s1551" source="wordnet-basque">
         <wf lemma="lehen" pos="X">lehen</wf>
         <wf lemma="egin" pos="X">egin</wf>
         <wf lemma="beharra" pos="X">beharra</wf>
         <instance id="d000.s1551.t000" lemma="demokrata" pos="NOUN">demokratak</instance>
         <wf lemma="berriz" pos="X">berriz</wf>
         <wf lemma="elkarrekin" pos="X">elkarrekin</wf>
         <wf lemma="mintzatzen" pos="X">mintzatzen</wf>
         <wf lemma="hastea" pos="X">hastea</wf>
         <wf lemma="da" pos="X">da</wf>
         <wf lemma="," pos="X">,</wf>
         <wf lemma="elkarrekin" pos="X">elkarrekin</wf>
         <wf lemma="irtenbideak" pos="X">irtenbideak</wf>
         <wf lemma="atzemateko" pos="X">atzemateko</wf>
         <wf lemma="." pos="X">.</wf>
      </sentence>
      <sentence id="d000.s1552" source="wordnet-basque">
         <wf lemma="gutunak" pos="X">gutunak</wf>
         <wf lemma="idazteko" pos="X">idazteko</wf>
         <wf lemma="bere" pos="X">bere</wf>
         <instance id="d000.s1552.t000" lemma="zuzenbide" pos="NOUN">zuzenbidea</instance>
         <wf lemma="eskatu" pos="X">eskatu</wf>
         <wf lemma="nion" pos="X">nion</wf>
         <wf lemma="." pos="X">.</wf>
      </sentence>
      <sentence id="d000.s1553" source="wordnet-basque">
         <wf lemma="ondoren" pos="X">ondoren</wf>
         <wf lemma="," pos="X">,</wf>
         <wf lemma="den-dena" pos="X">den-dena</wf>
         <wf lemma="nahastu" pos="X">nahastu</wf>
         <wf lemma="eta" pos="X">eta</wf>
         <wf lemma="ontzi" pos="X">ontzi</wf>
         <wf lemma="batean" pos="X">batean</wf>
         <wf lemma="hiru" pos="X">hiru</wf>
         <wf lemma="ordu" pos="X">ordu</wf>
         <instance id="d000.s1553.t000" lemma="laurden" pos="NOUN">laurdenean</instance>
         <wf lemma="eduki" pos="X">eduki</wf>
         <wf lemma="labean" pos="X">labean</wf>
         <wf lemma="maribainuan" pos="X">maribainuan</wf>
         <wf lemma="." pos="X">.</wf>
      </sentence>
      <sentence id="d000.s1554" source="wordnet-basque">
         <wf lemma="gora" pos="X">gora</wf>
         <instance id="d000.s1554.t000" lemma="bihotz" pos="NOUN">bihotzak</instance>
         <wf lemma="!" pos="X">!</wf>
      </sentence>
      <sentence id="d000.s1555" source="wordnet-basque">
         <wf lemma="gasolindegietako" pos="X">gasolindegietako</wf>
         <instance id="d000.s1555.t000" lemma="nagusi" pos="NOUN">nagusien</instance>
         <wf lemma="aburuz" pos="X">aburuz</wf>
         <wf lemma="," pos="X">,</wf>
         <wf lemma="orain" pos="X">orain</wf>
         <wf lemma="arte" pos="X">arte</wf>
         <wf lemma="Espainiako" pos="X">Espainiako</wf>
         <wf lemma="Gobernuak" pos="X">Gobernuak</wf>
         <wf lemma="hartutako" pos="X">hartutako</wf>
         <wf lemma="neurriak" pos="X">neurriak</wf>
         <wf lemma="ezerezak" pos="X">ezerezak</wf>
         <wf lemma="izan" pos="X">izan</wf>
         <wf lemma="dira" pos="X">dira</wf>
         <wf lemma="." pos="X">.</wf>
      </sentence>
      <sentence id="d000.s1556" source="wordnet-basque">
         <instance id="d000.s1556.t000" lemma="musulman" pos="NOUN">musulmanek</instance>
         <wf lemma="egunean" pos="X">egunean</wf>
         <wf lemma="bost" pos="X">bost</wf>
         <wf lemma="aldiz" pos="X">aldiz</wf>
         <wf lemma="errezatzen" pos="X">errezatzen</wf>
         <wf lemma="dute" pos="X">dute</wf>
         <wf lemma="," pos="X">,</wf>
         <wf lemma="etxean" pos="X">etxean</wf>
         <wf lemma="edo" pos="X">edo</wf>
         <wf lemma="meskitan" pos="X">meskitan</wf>
         <wf lemma="." pos="X">.</wf>
      </sentence>
      <sentence id="d000.s1557" source="wordnet-basque">
         <wf lemma="lagun" pos="X">lagun</wf>
         <wf lemma="artean" pos="X">artean</wf>
         <wf lemma="egiten" pos="X">egiten</wf>
         <wf lemma="ditugun" pos="X">ditugun</wf>
         <instance id="d000.s1557.t000" lemma="bilera" pos="NOUN">bileretan</instance>
         <wf lemma="Joxe" pos="X">Joxe</wf>
         <wf lemma="izaten" pos="X">izaten</wf>
         <wf lemma="da" pos="X">da</wf>
         <wf lemma="txiste-kontalaria" pos="X">txiste-kontalaria</wf>
         <wf lemma="." pos="X">.</wf>
      </sentence>
      <sentence id="d000.s1558" source="wordnet-basque">
         <wf lemma="Nikitin" pos="X">Nikitin</wf>
         <wf lemma="bere" pos="X">bere</wf>
         <wf lemma="entrenatzaile" pos="X">entrenatzaile</wf>
         <wf lemma="ohiak" pos="X">ohiak</wf>
         <wf lemma="idatzitako" pos="X">idatzitako</wf>
         <instance id="d000.s1558.t000" lemma="biografia" pos="NOUN">biografian</instance>
         <wf lemma="azaltzen" pos="X">azaltzen</wf>
         <wf lemma="denez" pos="X">denez</wf>
         <wf lemma="," pos="X">,</wf>
         <wf lemma="Kasparovek" pos="X">Kasparovek</wf>
         <wf lemma="txikitatik" pos="X">txikitatik</wf>
         <wf lemma="Karpovekiko" pos="X">Karpovekiko</wf>
         <wf lemma="amorru" pos="X">amorru</wf>
         <wf lemma="ikaragarria" pos="X">ikaragarria</wf>
         <wf lemma="izan" pos="X">izan</wf>
         <wf lemma="du" pos="X">du</wf>
         <wf lemma="." pos="X">.</wf>
      </sentence>
      <sentence id="d000.s1559" source="wordnet-basque">
         <wf lemma="ez" pos="X">ez</wf>
         <wf lemma="dute" pos="X">dute</wf>
         <wf lemma="lortuko" pos="X">lortuko</wf>
         <wf lemma="euskal" pos="X">euskal</wf>
         <wf lemma="sozialistak" pos="X">sozialistak</wf>
         <wf lemma="makurtzea" pos="X">makurtzea</wf>
         <wf lemma="," pos="X">,</wf>
         <wf lemma="indar" pos="X">indar</wf>
         <wf lemma="berberarekin" pos="X">berberarekin</wf>
         <wf lemma="jarraituko" pos="X">jarraituko</wf>
         <wf lemma="dugulako" pos="X">dugulako</wf>
         <wf lemma="gure" pos="X">gure</wf>
         <instance id="d000.s1559.t000" lemma="ideia" pos="NOUN">ideiak</instance>
         <wf lemma="defenditzen" pos="X">defenditzen</wf>
         <wf lemma="." pos="X">.</wf>
      </sentence>
      <sentence id="d000.s1560" source="wordnet-basque">
         <instance id="d000.s1560.t000" lemma="batasun" pos="NOUN">batasun</instance>
         <wf lemma="prozesuan" pos="X">prozesuan</wf>
         <wf lemma="beste" pos="X">beste</wf>
         <wf lemma="partaideak" pos="X">partaideak</wf>
         <wf lemma="baino" pos="X">baino</wf>
         <wf lemma="azkarrago" pos="X">azkarrago</wf>
         <wf lemma="ibiliko" pos="X">ibiliko</wf>
         <wf lemma="liratekeen" pos="X">liratekeen</wf>
         <wf lemma="herri" pos="X">herri</wf>
         <wf lemma="zenbaiten" pos="X">zenbaiten</wf>
         <wf lemma="arteko" pos="X">arteko</wf>
         <wf lemma="talde" pos="X">talde</wf>
         <wf lemma="bat" pos="X">bat</wf>
         <wf lemma="osatzea" pos="X">osatzea</wf>
         <wf lemma="nahi" pos="X">nahi</wf>
         <wf lemma="du" pos="X">du</wf>
         <wf lemma="Frantziak" pos="X">Frantziak</wf>
         <wf lemma="." pos="X">.</wf>
      </sentence>
      <sentence id="d000.s1561" source="wordnet-basque">
         <wf lemma="EHEk" pos="X">EHEk</wf>
         <wf lemma="planteatutako" pos="X">planteatutako</wf>
         <wf lemma="kanpainaren" pos="X">kanpainaren</wf>
         <wf lemma="lemak" pos="X">lemak</wf>
         <wf lemma="salatzen" pos="X">salatzen</wf>
         <wf lemma="du" pos="X">du</wf>
         <wf lemma=":" pos="X">:</wf>
         <wf lemma="euskaldunontzat" pos="X">euskaldunontzat</wf>
         <wf lemma="ez" pos="X">ez</wf>
         <wf lemma="dago" pos="X">dago</wf>
         <instance id="d000.s1561.t000" lemma="justizia" pos="NOUN">justiziarik</instance>
         <wf lemma="." pos="X">.</wf>
      </sentence>
      <sentence id="d000.s1562" source="wordnet-basque">
         <wf lemma="emanaldiaren" pos="X">emanaldiaren</wf>
         <wf lemma="momentu" pos="X">momentu</wf>
         <wf lemma="batean" pos="X">batean</wf>
         <wf lemma="eltzagorra" pos="X">eltzagorra</wf>
         <wf lemma="jo" pos="X">jo</wf>
         <wf lemma="behar" pos="X">behar</wf>
         <wf lemma="genuela" pos="X">genuela</wf>
         <wf lemma="eta" pos="X">eta</wf>
         <wf lemma="zakurrak" pos="X">zakurrak</wf>
         <wf lemma="honen" pos="X">honen</wf>
         <wf lemma="hotsa" pos="X">hotsa</wf>
         <wf lemma="entzun" pos="X">entzun</wf>
         <wf lemma="zuenean" pos="X">zuenean</wf>
         <wf lemma="hanka" pos="X">hanka</wf>
         <wf lemma="egin" pos="X">egin</wf>
         <wf lemma="zuen" pos="X">zuen</wf>
         <wf lemma="zaunka" pos="X">zaunka</wf>
         <wf lemma="baino" pos="X">baino</wf>
         <instance id="d000.s1562.t000" lemma="oihu" pos="NOUN">oihu</instance>
         <wf lemma="edo" pos="X">edo</wf>
         <wf lemma="negar" pos="X">negar</wf>
         <wf lemma="gehiago" pos="X">gehiago</wf>
         <wf lemma="eginez" pos="X">eginez</wf>
         <wf lemma="." pos="X">.</wf>
      </sentence>
      <sentence id="d000.s1563" source="wordnet-basque">
         <wf lemma="Montenegron" pos="X">Montenegron</wf>
         <instance id="d000.s1563.t000" lemma="tentsio" pos="NOUN">tentsio</instance>
         <wf lemma="handia" pos="X">handia</wf>
         <wf lemma="eragin" pos="X">eragin</wf>
         <wf lemma="dezake" pos="X">dezake</wf>
         <wf lemma="Milosevicen" pos="X">Milosevicen</wf>
         <wf lemma="bisitak" pos="X">bisitak</wf>
         <wf lemma="." pos="X">.</wf>
      </sentence>
      <sentence id="d000.s1564" source="wordnet-basque">
         <wf lemma="Zapataren" pos="X">Zapataren</wf>
         <instance id="d000.s1564.t000" lemma="estrategia" pos="NOUN">estrategia</instance>
         <wf lemma="militar" pos="X">militar</wf>
         <wf lemma="batena" pos="X">batena</wf>
         <wf lemma="baino" pos="X">baino</wf>
         <wf lemma="nekazari" pos="X">nekazari</wf>
         <wf lemma="batena" pos="X">batena</wf>
         <wf lemma="zen" pos="X">zen</wf>
         <wf lemma="." pos="X">.</wf>
      </sentence>
      <sentence id="d000.s1565" source="wordnet-basque">
         <wf lemma="haiek" pos="X">haiek</wf>
         <wf lemma="joan" pos="X">joan</wf>
         <wf lemma="eta" pos="X">eta</wf>
         <wf lemma="bi" pos="X">bi</wf>
         <instance id="d000.s1565.t000" lemma="egun" pos="NOUN">egunetara</instance>
         <wf lemma="." pos="X">.</wf>
      </sentence>
      <sentence id="d000.s1566" source="wordnet-basque">
         <wf lemma="ezin" pos="X">ezin</wf>
         <wf lemma="zien" pos="X">zien</wf>
         <instance id="d000.s1566.t000" lemma="bizitza" pos="NOUN">bizitzaren</instance>
         <wf lemma="zailtasunei" pos="X">zailtasunei</wf>
         <wf lemma="aurre" pos="X">aurre</wf>
         <wf lemma="egin" pos="X">egin</wf>
         <wf lemma="." pos="X">.</wf>
      </sentence>
      <sentence id="d000.s1567" source="wordnet-basque">
         <wf lemma="haustura" pos="X">haustura</wf>
         <wf lemma="hori" pos="X">hori</wf>
         <wf lemma="egiteko" pos="X">egiteko</wf>
         <wf lemma="Lizarrako" pos="X">Lizarrako</wf>
         <wf lemma="Ituna" pos="X">Ituna</wf>
         <wf lemma="apurtzea" pos="X">apurtzea</wf>
         <wf lemma="ezinbesteko" pos="X">ezinbesteko</wf>
         <instance id="d000.s1567.t000" lemma="baldintza" pos="NOUN">baldintza</instance>
         <wf lemma="da" pos="X">da</wf>
         <wf lemma="Espainiako" pos="X">Espainiako</wf>
         <wf lemma="gobernuburuarentzat" pos="X">gobernuburuarentzat</wf>
         <wf lemma="." pos="X">.</wf>
      </sentence>
      <sentence id="d000.s1568" source="wordnet-basque">
         <wf lemma="gaur" pos="X">gaur</wf>
         <wf lemma="egungo" pos="X">egungo</wf>
         <instance id="d000.s1568.t000" lemma="ume" pos="NOUN">umeak</instance>
         <wf lemma="beste" pos="X">beste</wf>
         <wf lemma="joku" pos="X">joku</wf>
         <wf lemma="batzuekin" pos="X">batzuekin</wf>
         <wf lemma="dibertituko" pos="X">dibertituko</wf>
         <wf lemma="dira" pos="X">dira</wf>
         <wf lemma="," pos="X">,</wf>
         <wf lemma="baina" pos="X">baina</wf>
         <wf lemma="garai" pos="X">garai</wf>
         <wf lemma="hartakoak" pos="X">hartakoak</wf>
         <wf lemma="ere" pos="X">ere</wf>
         <wf lemma="ez" pos="X">ez</wf>
         <wf lemma="zuten" pos="X">zuten</wf>
         <wf lemma="aspertzeko" pos="X">aspertzeko</wf>
         <wf lemma="astirik" pos="X">astirik</wf>
         <wf lemma="." pos="X">.</wf>
      </sentence>
      <sentence id="d000.s1569" source="wordnet-basque">
         <wf lemma="agertze" pos="X">agertze</wf>
         <wf lemma="eta" pos="X">eta</wf>
         <wf lemma="desagertzeak" pos="X">desagertzeak</wf>
         <wf lemma="mantso-mantso" pos="X">mantso-mantso</wf>
         <wf lemma="gertatzen" pos="X">gertatzen</wf>
         <wf lemma="ziren" pos="X">ziren</wf>
         <wf lemma="bere" pos="X">bere</wf>
         <wf lemma="baitan" pos="X">baitan</wf>
         <wf lemma="," pos="X">,</wf>
         <wf lemma="eta" pos="X">eta</wf>
         <wf lemma="haien" pos="X">haien</wf>
         <instance id="d000.s1569.t000" lemma="irudi" pos="NOUN">irudiak</instance>
         <wf lemma="xehetasun" pos="X">xehetasun</wf>
         <wf lemma="berriez" pos="X">berriez</wf>
         <wf lemma="horniturik" pos="X">horniturik</wf>
         <wf lemma="azaltzen" pos="X">azaltzen</wf>
         <wf lemma="zitzaizkion" pos="X">zitzaizkion</wf>
         <wf lemma="." pos="X">.</wf>
      </sentence>
      <sentence id="d000.s1570" source="wordnet-basque">
         <wf lemma="itsaso" pos="X">itsaso</wf>
         <wf lemma="zakarrak" pos="X">zakarrak</wf>
         <wf lemma="eragin" pos="X">eragin</wf>
         <wf lemma="zuen" pos="X">zuen</wf>
         <wf lemma="ezbeharra" pos="X">ezbeharra</wf>
         <wf lemma="," pos="X">,</wf>
         <wf lemma="baina" pos="X">baina</wf>
         <wf lemma="baliteke" pos="X">baliteke</wf>
         <wf lemma="ontziaren" pos="X">ontziaren</wf>
         <wf lemma="gehiegizko" pos="X">gehiegizko</wf>
         <instance id="d000.s1570.t000" lemma="pisu" pos="NOUN">pisuak</instance>
         <wf lemma="ere" pos="X">ere</wf>
         <wf lemma="eragitea" pos="X">eragitea</wf>
         <wf lemma="." pos="X">.</wf>
      </sentence>
      <sentence id="d000.s1571" source="wordnet-basque">
         <wf lemma="Boca" pos="X">Boca</wf>
         <wf lemma="Juniorsen" pos="X">Juniorsen</wf>
         <wf lemma="aurkako" pos="X">aurkako</wf>
         <instance id="d000.s1571.t000" lemma="porrot" pos="NOUN">porrotak</instance>
         <wf lemma="ez" pos="X">ez</wf>
         <wf lemma="du" pos="X">du</wf>
         <wf lemma="eraginik" pos="X">eraginik</wf>
         <wf lemma="izango" pos="X">izango</wf>
         <wf lemma="jokalari" pos="X">jokalari</wf>
         <wf lemma="madrildarrengan" pos="X">madrildarrengan</wf>
         <wf lemma="." pos="X">.</wf>
      </sentence>
      <sentence id="d000.s1572" source="wordnet-basque">
         <wf lemma="auto" pos="X">auto</wf>
         <wf lemma="oso" pos="X">oso</wf>
         <wf lemma="lehiatsuen" pos="X">lehiatsuen</wf>
         <instance id="d000.s1572.t000" lemma="gidari" pos="NOUN">gidari</instance>
         <wf lemma="izateaz" pos="X">izateaz</wf>
         <wf lemma="gain" pos="X">gain</wf>
         <wf lemma="," pos="X">,</wf>
         <wf lemma="lasterketaren" pos="X">lasterketaren</wf>
         <wf lemma="tokia" pos="X">tokia</wf>
         <wf lemma="erabat" pos="X">erabat</wf>
         <wf lemma="ongi" pos="X">ongi</wf>
         <wf lemma="ezagutzen" pos="X">ezagutzen</wf>
         <wf lemma="dute" pos="X">dute</wf>
         <wf lemma="." pos="X">.</wf>
      </sentence>
      <sentence id="d000.s1573" source="wordnet-basque">
         <wf lemma="Alvarado" pos="X">Alvarado</wf>
         <wf lemma="kalean" pos="X">kalean</wf>
         <wf lemma="gora" pos="X">gora</wf>
         <wf lemma="joan" pos="X">joan</wf>
         <wf lemma="zen" pos="X">zen</wf>
         <wf lemma="atzera" pos="X">atzera</wf>
         <wf lemma="," pos="X">,</wf>
         <wf lemma="kalea" pos="X">kalea</wf>
         <wf lemma="zeharkatu" pos="X">zeharkatu</wf>
         <wf lemma="ahala" pos="X">ahala</wf>
         <instance id="d000.s1573.t000" lemma="leiho" pos="NOUN">leihoak</instance>
         <wf lemma="apurtuz" pos="X">apurtuz</wf>
         <wf lemma="." pos="X">.</wf>
      </sentence>
      <sentence id="d000.s1574" source="wordnet-basque">
         <wf lemma="haren" pos="X">haren</wf>
         <wf lemma="semea" pos="X">semea</wf>
         <instance id="d000.s1574.t000" lemma="kale" pos="NOUN">kaletik</instance>
         <wf lemma="urrun" pos="X">urrun</wf>
         <wf lemma="hezten" pos="X">hezten</wf>
         <wf lemma="saiatu" pos="X">saiatu</wf>
         <wf lemma="zen" pos="X">zen</wf>
         <wf lemma="." pos="X">.</wf>
      </sentence>
      <sentence id="d000.s1575" source="wordnet-basque">
         <wf lemma="milaka" pos="X">milaka</wf>
         <wf lemma="manifestarik" pos="X">manifestarik</wf>
         <wf lemma="salatu" pos="X">salatu</wf>
         <wf lemma="zuten" pos="X">zuten</wf>
         <wf lemma="agiriak" pos="X">agiriak</wf>
         <wf lemma="ez" pos="X">ez</wf>
         <wf lemma="dituela" pos="X">dituela</wf>
         <instance id="d000.s1575.t000" lemma="bizi" pos="NOUN">bizi</instance>
         <wf lemma="baldintza" pos="X">baldintza</wf>
         <wf lemma="hobeak" pos="X">hobeak</wf>
         <wf lemma="ekarriko" pos="X">ekarriko</wf>
         <wf lemma="." pos="X">.</wf>
      </sentence>
      <sentence id="d000.s1576" source="wordnet-basque">
         <instance id="d000.s1576.t000" lemma="eremu" pos="NOUN">eremu</instance>
         <wf lemma="publikotzat" pos="X">publikotzat</wf>
         <wf lemma="jotzen" pos="X">jotzen</wf>
         <wf lemma="dira" pos="X">dira</wf>
         <wf lemma="politikaren" pos="X">politikaren</wf>
         <wf lemma="mundua" pos="X">mundua</wf>
         <wf lemma="," pos="X">,</wf>
         <wf lemma="lan" pos="X">lan</wf>
         <wf lemma="ordaindua" pos="X">ordaindua</wf>
         <wf lemma="," pos="X">,</wf>
         <wf lemma="etab" pos="X">etab</wf>
         <wf lemma="." pos="X">.</wf>
         <wf lemma="Pribatua" pos="X">Pribatua</wf>
         <wf lemma="etxe" pos="X">etxe</wf>
         <wf lemma="barrenari" pos="X">barrenari</wf>
         <wf lemma="dagokio" pos="X">dagokio</wf>
         <wf lemma="." pos="X">.</wf>
      </sentence>
      <sentence id="d000.s1577" source="wordnet-basque">
         <instance id="d000.s1577.t000" lemma="ahizpa" pos="NOUN">Ahizpa</instance>
         <wf lemma="Klaratarren" pos="X">Klaratarren</wf>
         <wf lemma="Komentua" pos="X">Komentua</wf>
         <wf lemma="." pos="X">.</wf>
      </sentence>
      <sentence id="d000.s1578" source="wordnet-basque">
         <wf lemma="ETAko" pos="X">ETAko</wf>
         <wf lemma="kide" pos="X">kide</wf>
         <wf lemma="izateaz" pos="X">izateaz</wf>
         <wf lemma="inputatuta" pos="X">inputatuta</wf>
         <wf lemma="deklaratu" pos="X">deklaratu</wf>
         <wf lemma="zuten" pos="X">zuten</wf>
         <wf lemma="lau" pos="X">lau</wf>
         <wf lemma="kideen" pos="X">kideen</wf>
         <wf lemma="kontra" pos="X">kontra</wf>
         <wf lemma="neurririk" pos="X">neurririk</wf>
         <wf lemma="ez" pos="X">ez</wf>
         <wf lemma="hartzeak" pos="X">hartzeak</wf>
         <wf lemma="erakusten" pos="X">erakusten</wf>
         <wf lemma="du" pos="X">du</wf>
         <wf lemma="AEK-ETA" pos="X">AEK-ETA</wf>
         <instance id="d000.s1578.t000" lemma="lotura" pos="NOUN">lotura</instance>
         <wf lemma="inolako" pos="X">inolako</wf>
         <wf lemma="sinesgarritasunik" pos="X">sinesgarritasunik</wf>
         <wf lemma="ez" pos="X">ez</wf>
         <wf lemma="duen" pos="X">duen</wf>
         <wf lemma="aitzakia" pos="X">aitzakia</wf>
         <wf lemma="merkea" pos="X">merkea</wf>
         <wf lemma="dela" pos="X">dela</wf>
         <wf lemma="." pos="X">.</wf>
      </sentence>
      <sentence id="d000.s1579" source="wordnet-basque">
         <wf lemma="haiek" pos="X">haiek</wf>
         <wf lemma="Miamitik" pos="X">Miamitik</wf>
         <wf lemma="bidali" pos="X">bidali</wf>
         <wf lemma="ziguten" pos="X">ziguten</wf>
         <instance id="d000.s1579.t000" lemma="txartel" pos="NOUN">txartela</instance>
         <wf lemma="." pos="X">.</wf>
      </sentence>
   </text>
</corpus>
